<?xml version="1.0" encoding="UTF-8"?>
<testsuite xmlns:xsi="http://www.w3.org/2001/XMLSchema-instance" xsi:noNamespaceSchemaLocation="https://maven.apache.org/surefire/maven-surefire-plugin/xsd/surefire-test-report-3.0.xsd" version="3.0" name="org.apache.hadoop.ozone.container.TestECContainerRecovery" time="448.612" tests="1" errors="1" skipped="0" failures="0">
  <properties>
    <property name="awt.toolkit" value="sun.awt.X11.XToolkit"/>
    <property name="file.encoding.pkg" value="sun.io"/>
    <property name="java.specification.version" value="1.8"/>
    <property name="sun.cpu.isalist" value=""/>
    <property name="sun.jnu.encoding" value="UTF-8"/>
    <property name="java.class.path" value="/home/runner/work/ozone/ozone/hadoop-ozone/integration-test/target/test-classes:/home/runner/work/ozone/ozone/hadoop-ozone/integration-test/target/classes:/home/runner/.m2/repository/org/apache/ozone/ozone-common/1.3.0-SNAPSHOT/ozone-common-1.3.0-SNAPSHOT.jar:/home/runner/.m2/repository/io/grpc/grpc-netty/1.48.1/grpc-netty-1.48.1.jar:/home/runner/.m2/repository/io/grpc/grpc-core/1.48.1/grpc-core-1.48.1.jar:/home/runner/.m2/repository/com/google/android/annotations/4.1.1.4/annotations-4.1.1.4.jar:/home/runner/.m2/repository/org/codehaus/mojo/animal-sniffer-annotations/1.21/animal-sniffer-annotations-1.21.jar:/home/runner/.m2/repository/com/google/errorprone/error_prone_annotations/2.2.0/error_prone_annotations-2.2.0.jar:/home/runner/.m2/repository/io/perfmark/perfmark-api/0.25.0/perfmark-api-0.25.0.jar:/home/runner/.m2/repository/io/netty/netty-codec-http2/4.1.79.Final/netty-codec-http2-4.1.79.Final.jar:/home/runner/.m2/repository/io/netty/netty-common/4.1.79.Final/netty-common-4.1.79.Final.jar:/home/runner/.m2/repository/io/netty/netty-buffer/4.1.79.Final/netty-buffer-4.1.79.Final.jar:/home/runner/.m2/repository/io/netty/netty-codec-http/4.1.79.Final/netty-codec-http-4.1.79.Final.jar:/home/runner/.m2/repository/io/netty/netty-handler-proxy/4.1.79.Final/netty-handler-proxy-4.1.79.Final.jar:/home/runner/.m2/repository/io/netty/netty-codec-socks/4.1.79.Final/netty-codec-socks-4.1.79.Final.jar:/home/runner/.m2/repository/io/netty/netty-tcnative-boringssl-static/2.0.53.Final/netty-tcnative-boringssl-static-2.0.53.Final.jar:/home/runner/.m2/repository/io/netty/netty-tcnative-classes/2.0.53.Final/netty-tcnative-classes-2.0.53.Final.jar:/home/runner/.m2/repository/io/netty/netty-tcnative-boringssl-static/2.0.53.Final/netty-tcnative-boringssl-static-2.0.53.Final-linux-x86_64.jar:/home/runner/.m2/repository/io/netty/netty-tcnative-boringssl-static/2.0.53.Final/netty-tcnative-boringssl-static-2.0.53.Final-linux-aarch_64.jar:/home/runner/.m2/repository/io/netty/netty-tcnative-boringssl-static/2.0.53.Final/netty-tcnative-boringssl-static-2.0.53.Final-osx-x86_64.jar:/home/runner/.m2/repository/io/netty/netty-tcnative-boringssl-static/2.0.53.Final/netty-tcnative-boringssl-static-2.0.53.Final-osx-aarch_64.jar:/home/runner/.m2/repository/io/netty/netty-tcnative-boringssl-static/2.0.53.Final/netty-tcnative-boringssl-static-2.0.53.Final-windows-x86_64.jar:/home/runner/.m2/repository/org/apache/commons/commons-compress/1.21/commons-compress-1.21.jar:/home/runner/.m2/repository/org/apache/ozone/hdds-common/1.3.0-SNAPSHOT/hdds-common-1.3.0-SNAPSHOT.jar:/home/runner/.m2/repository/org/apache/ozone/hdds-client/1.3.0-SNAPSHOT/hdds-client-1.3.0-SNAPSHOT.jar:/home/runner/.m2/repository/org/apache/ozone/ozone-interface-client/1.3.0-SNAPSHOT/ozone-interface-client-1.3.0-SNAPSHOT.jar:/home/runner/.m2/repository/org/apache/ozone/hdds-test-utils/1.3.0-SNAPSHOT/hdds-test-utils-1.3.0-SNAPSHOT.jar:/home/runner/.m2/repository/com/google/guava/guava/31.1-jre/guava-31.1-jre.jar:/home/runner/.m2/repository/com/google/guava/failureaccess/1.0.1/failureaccess-1.0.1.jar:/home/runner/.m2/repository/com/google/guava/listenablefuture/9999.0-empty-to-avoid-conflict-with-guava/listenablefuture-9999.0-empty-to-avoid-conflict-with-guava.jar:/home/runner/.m2/repository/com/google/code/findbugs/jsr305/3.0.0/jsr305-3.0.0.jar:/home/runner/.m2/repository/org/checkerframework/checker-qual/3.12.0/checker-qual-3.12.0.jar:/home/runner/.m2/repository/com/google/j2objc/j2objc-annotations/1.3/j2objc-annotations-1.3.jar:/home/runner/.m2/repository/commons-io/commons-io/2.11.0/commons-io-2.11.0.jar:/home/runner/.m2/repository/commons-logging/commons-logging/1.2/commons-logging-1.2.jar:/home/runner/.m2/repository/ch/qos/reload4j/reload4j/1.2.22/reload4j-1.2.22.jar:/home/runner/.m2/repository/org/slf4j/slf4j-api/1.7.36/slf4j-api-1.7.36.jar:/home/runner/.m2/repository/org/apache/ozone/hdds-server-scm/1.3.0-SNAPSHOT/hdds-server-scm-1.3.0-SNAPSHOT.jar:/home/runner/.m2/repository/org/apache/ozone/hdds-container-service/1.3.0-SNAPSHOT/hdds-container-service-1.3.0-SNAPSHOT.jar:/home/runner/.m2/repository/org/apache/ozone/hdds-hadoop-dependency-server/1.3.0-SNAPSHOT/hdds-hadoop-dependency-server-1.3.0-SNAPSHOT.jar:/home/runner/.m2/repository/org/apache/hadoop/hadoop-hdfs/3.3.4/hadoop-hdfs-3.3.4.jar:/home/runner/.m2/repository/org/eclipse/jetty/jetty-util-ajax/9.4.43.v20210629/jetty-util-ajax-9.4.43.v20210629.jar:/home/runner/.m2/repository/commons-daemon/commons-daemon/1.0.13/commons-daemon-1.0.13.jar:/home/runner/.m2/repository/org/apache/ozone/hdds-server-framework/1.3.0-SNAPSHOT/hdds-server-framework-1.3.0-SNAPSHOT.jar:/home/runner/.m2/repository/org/apache/ozone/hdds-interface-server/1.3.0-SNAPSHOT/hdds-interface-server-1.3.0-SNAPSHOT.jar:/home/runner/.m2/repository/org/apache/logging/log4j/log4j-core/2.17.1/log4j-core-2.17.1.jar:/home/runner/.m2/repository/com/lmax/disruptor/3.4.2/disruptor-3.4.2.jar:/home/runner/.m2/repository/org/eclipse/jetty/jetty-servlet/9.4.43.v20210629/jetty-servlet-9.4.43.v20210629.jar:/home/runner/.m2/repository/org/eclipse/jetty/jetty-security/9.4.43.v20210629/jetty-security-9.4.43.v20210629.jar:/home/runner/.m2/repository/org/rocksdb/rocksdbjni/7.4.5/rocksdbjni-7.4.5.jar:/home/runner/.m2/repository/io/prometheus/simpleclient_dropwizard/0.7.0/simpleclient_dropwizard-0.7.0.jar:/home/runner/.m2/repository/io/prometheus/simpleclient/0.7.0/simpleclient-0.7.0.jar:/home/runner/.m2/repository/io/prometheus/simpleclient_common/0.7.0/simpleclient_common-0.7.0.jar:/home/runner/.m2/repository/io/dropwizard/metrics/metrics-core/3.2.4/metrics-core-3.2.4.jar:/home/runner/.m2/repository/org/apache/hadoop/hadoop-hdfs-client/3.3.4/hadoop-hdfs-client-3.3.4.jar:/home/runner/.m2/repository/com/squareup/okhttp3/okhttp/4.9.3/okhttp-4.9.3.jar:/home/runner/.m2/repository/com/squareup/okio/okio/2.8.0/okio-2.8.0.jar:/home/runner/.m2/repository/org/jetbrains/kotlin/kotlin-stdlib-common/1.4.10/kotlin-stdlib-common-1.4.10.jar:/home/runner/.m2/repository/org/bouncycastle/bcprov-jdk15on/1.67/bcprov-jdk15on-1.67.jar:/home/runner/.m2/repository/com/google/protobuf/protobuf-java/2.5.0/protobuf-java-2.5.0.jar:/home/runner/.m2/repository/org/apache/ozone/ozone-manager/1.3.0-SNAPSHOT/ozone-manager-1.3.0-SNAPSHOT.jar:/home/runner/.m2/repository/org/aspectj/aspectjrt/1.9.7/aspectjrt-1.9.7.jar:/home/runner/.m2/repository/org/aspectj/aspectjweaver/1.9.7/aspectjweaver-1.9.7.jar:/home/runner/.m2/repository/org/apache/ozone/hdds-interface-client/1.3.0-SNAPSHOT/hdds-interface-client-1.3.0-SNAPSHOT.jar:/home/runner/.m2/repository/org/apache/hadoop/thirdparty/hadoop-shaded-protobuf_3_7/1.1.1/hadoop-shaded-protobuf_3_7-1.1.1.jar:/home/runner/.m2/repository/org/apache/ozone/ozone-interface-storage/1.3.0-SNAPSHOT/ozone-interface-storage-1.3.0-SNAPSHOT.jar:/home/runner/.m2/repository/org/reflections/reflections/0.9.11/reflections-0.9.11.jar:/home/runner/.m2/repository/com/sun/jersey/jersey-client/1.19/jersey-client-1.19.jar:/home/runner/.m2/repository/org/apache/ranger/ranger-intg/2.3.0/ranger-intg-2.3.0.jar:/home/runner/.m2/repository/org/apache/ranger/ranger-plugins-common/2.3.0/ranger-plugins-common-2.3.0.jar:/home/runner/.m2/repository/commons-lang/commons-lang/2.6/commons-lang-2.6.jar:/home/runner/.m2/repository/org/codehaus/jackson/jackson-jaxrs/1.9.13/jackson-jaxrs-1.9.13.jar:/home/runner/.m2/repository/org/apache/ranger/ranger-plugins-cred/2.3.0/ranger-plugins-cred-2.3.0.jar:/home/runner/.m2/repository/org/apache/ranger/ranger-plugins-audit/2.3.0/ranger-plugins-audit-2.3.0.jar:/home/runner/.m2/repository/org/eclipse/jetty/jetty-client/9.4.31.v20200723/jetty-client-9.4.31.v20200723.jar:/home/runner/.m2/repository/org/apache/httpcomponents/httpmime/4.5.6/httpmime-4.5.6.jar:/home/runner/.m2/repository/org/apache/httpcomponents/httpcore-nio/4.4.6/httpcore-nio-4.4.6.jar:/home/runner/.m2/repository/org/apache/httpcomponents/httpasyncclient/4.1.3/httpasyncclient-4.1.3.jar:/home/runner/.m2/repository/com/carrotsearch/hppc/0.8.0/hppc-0.8.0.jar:/home/runner/.m2/repository/org/apache/orc/orc-core/1.5.8/orc-core-1.5.8.jar:/home/runner/.m2/repository/net/java/dev/jna/jna/5.2.0/jna-5.2.0.jar:/home/runner/.m2/repository/net/java/dev/jna/jna-platform/5.2.0/jna-platform-5.2.0.jar:/home/runner/.m2/repository/com/kstruct/gethostname4j/0.0.2/gethostname4j-0.0.2.jar:/home/runner/.m2/repository/org/apache/ranger/ranger-plugin-classloader/2.3.0/ranger-plugin-classloader-2.3.0.jar:/home/runner/.m2/repository/org/apache/hadoop/hadoop-minikdc/3.3.4/hadoop-minikdc-3.3.4.jar:/home/runner/.m2/repository/org/apache/kerby/kerb-simplekdc/1.0.1/kerb-simplekdc-1.0.1.jar:/home/runner/.m2/repository/org/apache/kerby/kerb-client/1.0.1/kerb-client-1.0.1.jar:/home/runner/.m2/repository/org/apache/kerby/kerby-config/1.0.1/kerby-config-1.0.1.jar:/home/runner/.m2/repository/org/apache/kerby/kerb-common/1.0.1/kerb-common-1.0.1.jar:/home/runner/.m2/repository/org/apache/kerby/kerb-crypto/1.0.1/kerb-crypto-1.0.1.jar:/home/runner/.m2/repository/org/apache/kerby/kerb-util/1.0.1/kerb-util-1.0.1.jar:/home/runner/.m2/repository/org/apache/kerby/token-provider/1.0.1/token-provider-1.0.1.jar:/home/runner/.m2/repository/org/apache/kerby/kerb-admin/1.0.1/kerb-admin-1.0.1.jar:/home/runner/.m2/repository/org/apache/kerby/kerb-server/1.0.1/kerb-server-1.0.1.jar:/home/runner/.m2/repository/org/apache/kerby/kerb-identity/1.0.1/kerb-identity-1.0.1.jar:/home/runner/.m2/repository/org/apache/kerby/kerby-xdr/1.0.1/kerby-xdr-1.0.1.jar:/home/runner/.m2/repository/org/apache/ozone/ozone-s3gateway/1.3.0-SNAPSHOT/ozone-s3gateway-1.3.0-SNAPSHOT.jar:/home/runner/.m2/repository/org/javassist/javassist/3.21.0-GA/javassist-3.21.0-GA.jar:/home/runner/.m2/repository/org/jboss/weld/servlet/weld-servlet/2.4.7.Final/weld-servlet-2.4.7.Final.jar:/home/runner/.m2/repository/org/glassfish/jersey/containers/jersey-container-servlet-core/2.34/jersey-container-servlet-core-2.34.jar:/home/runner/.m2/repository/org/glassfish/hk2/external/jakarta.inject/2.6.1/jakarta.inject-2.6.1.jar:/home/runner/.m2/repository/org/glassfish/jersey/core/jersey-common/2.34/jersey-common-2.34.jar:/home/runner/.m2/repository/jakarta/ws/rs/jakarta.ws.rs-api/2.1.6/jakarta.ws.rs-api-2.1.6.jar:/home/runner/.m2/repository/org/glassfish/jersey/ext/cdi/jersey-cdi1x/2.34/jersey-cdi1x-2.34.jar:/home/runner/.m2/repository/org/glassfish/jersey/inject/jersey-hk2/2.34/jersey-hk2-2.34.jar:/home/runner/.m2/repository/org/glassfish/hk2/hk2-locator/2.6.1/hk2-locator-2.6.1.jar:/home/runner/.m2/repository/org/glassfish/jersey/media/jersey-media-jaxb/2.34/jersey-media-jaxb-2.34.jar:/home/runner/.m2/repository/org/glassfish/hk2/osgi-resource-locator/1.0.3/osgi-resource-locator-1.0.3.jar:/home/runner/.m2/repository/org/glassfish/hk2/hk2-api/2.5.0/hk2-api-2.5.0.jar:/home/runner/.m2/repository/org/glassfish/hk2/hk2-utils/2.5.0/hk2-utils-2.5.0.jar:/home/runner/.m2/repository/org/glassfish/hk2/external/aopalliance-repackaged/2.5.0/aopalliance-repackaged-2.5.0.jar:/home/runner/.m2/repository/com/fasterxml/jackson/dataformat/jackson-dataformat-xml/2.13.4/jackson-dataformat-xml-2.13.4.jar:/home/runner/.m2/repository/com/fasterxml/jackson/core/jackson-core/2.13.4/jackson-core-2.13.4.jar:/home/runner/.m2/repository/org/codehaus/woodstox/stax2-api/3.1.4/stax2-api-3.1.4.jar:/home/runner/.m2/repository/com/fasterxml/woodstox/woodstox-core/5.0.3/woodstox-core-5.0.3.jar:/home/runner/.m2/repository/com/fasterxml/jackson/module/jackson-module-jaxb-annotations/2.13.4/jackson-module-jaxb-annotations-2.13.4.jar:/home/runner/.m2/repository/jakarta/xml/bind/jakarta.xml.bind-api/2.3.3/jakarta.xml.bind-api-2.3.3.jar:/home/runner/.m2/repository/jakarta/activation/jakarta.activation-api/1.2.1/jakarta.activation-api-1.2.1.jar:/home/runner/.m2/repository/javax/enterprise/cdi-api/1.2/cdi-api-1.2.jar:/home/runner/.m2/repository/javax/el/javax.el-api/3.0.0/javax.el-api-3.0.0.jar:/home/runner/.m2/repository/javax/interceptor/javax.interceptor-api/1.2/javax.interceptor-api-1.2.jar:/home/runner/.m2/repository/javax/inject/javax.inject/1/javax.inject-1.jar:/home/runner/.m2/repository/javax/xml/bind/jaxb-api/2.3.0/jaxb-api-2.3.0.jar:/home/runner/.m2/repository/org/glassfish/jaxb/jaxb-runtime/2.3.0.1/jaxb-runtime-2.3.0.1.jar:/home/runner/.m2/repository/org/glassfish/jaxb/jaxb-core/2.3.0.1/jaxb-core-2.3.0.1.jar:/home/runner/.m2/repository/org/glassfish/jaxb/txw2/2.3.0.1/txw2-2.3.0.1.jar:/home/runner/.m2/repository/com/sun/istack/istack-commons-runtime/3.0.5/istack-commons-runtime-3.0.5.jar:/home/runner/.m2/repository/org/jvnet/staxex/stax-ex/1.7.8/stax-ex-1.7.8.jar:/home/runner/.m2/repository/com/sun/xml/fastinfoset/FastInfoset/1.2.13/FastInfoset-1.2.13.jar:/home/runner/.m2/repository/javax/activation/activation/1.1.1/activation-1.1.1.jar:/home/runner/.m2/repository/io/grpc/grpc-protobuf/1.48.1/grpc-protobuf-1.48.1.jar:/home/runner/.m2/repository/io/grpc/grpc-api/1.48.1/grpc-api-1.48.1.jar:/home/runner/.m2/repository/io/grpc/grpc-context/1.48.1/grpc-context-1.48.1.jar:/home/runner/.m2/repository/com/google/api/grpc/proto-google-common-protos/2.9.0/proto-google-common-protos-2.9.0.jar:/home/runner/.m2/repository/io/grpc/grpc-protobuf-lite/1.48.1/grpc-protobuf-lite-1.48.1.jar:/home/runner/.m2/repository/io/grpc/grpc-stub/1.48.1/grpc-stub-1.48.1.jar:/home/runner/.m2/repository/io/netty/netty-transport/4.1.79.Final/netty-transport-4.1.79.Final.jar:/home/runner/.m2/repository/io/netty/netty-resolver/4.1.79.Final/netty-resolver-4.1.79.Final.jar:/home/runner/.m2/repository/org/apache/ozone/ozone-csi/1.3.0-SNAPSHOT/ozone-csi-1.3.0-SNAPSHOT.jar:/home/runner/.m2/repository/com/google/protobuf/protobuf-java-util/3.19.2/protobuf-java-util-3.19.2.jar:/home/runner/.m2/repository/com/google/code/gson/gson/2.9.0/gson-2.9.0.jar:/home/runner/.m2/repository/org/apache/ozone/hdds-config/1.3.0-SNAPSHOT/hdds-config-1.3.0-SNAPSHOT.jar:/home/runner/.m2/repository/io/netty/netty-transport-native-epoll/4.1.79.Final/netty-transport-native-epoll-4.1.79.Final-linux-x86_64.jar:/home/runner/.m2/repository/io/netty/netty-transport-classes-epoll/4.1.79.Final/netty-transport-classes-epoll-4.1.79.Final.jar:/home/runner/.m2/repository/io/netty/netty-transport-native-unix-common/4.1.79.Final/netty-transport-native-unix-common-4.1.79.Final.jar:/home/runner/.m2/repository/org/slf4j/slf4j-reload4j/1.7.36/slf4j-reload4j-1.7.36.jar:/home/runner/.m2/repository/org/apache/ozone/ozone-recon/1.3.0-SNAPSHOT/ozone-recon-1.3.0-SNAPSHOT.jar:/home/runner/.m2/repository/org/apache/ozone/ozone-reconcodegen/1.3.0-SNAPSHOT/ozone-reconcodegen-1.3.0-SNAPSHOT.jar:/home/runner/.m2/repository/com/google/inject/extensions/guice-multibindings/4.0/guice-multibindings-4.0.jar:/home/runner/.m2/repository/com/google/inject/guice/4.0/guice-4.0.jar:/home/runner/.m2/repository/aopalliance/aopalliance/1.0/aopalliance-1.0.jar:/home/runner/.m2/repository/com/google/inject/extensions/guice-assistedinject/4.0/guice-assistedinject-4.0.jar:/home/runner/.m2/repository/com/google/inject/extensions/guice-servlet/4.0/guice-servlet-4.0.jar:/home/runner/.m2/repository/org/glassfish/jersey/containers/jersey-container-servlet/2.34/jersey-container-servlet-2.34.jar:/home/runner/.m2/repository/org/glassfish/hk2/guice-bridge/2.5.0/guice-bridge-2.5.0.jar:/home/runner/.m2/repository/org/glassfish/jersey/core/jersey-server/2.34/jersey-server-2.34.jar:/home/runner/.m2/repository/org/glassfish/jersey/core/jersey-client/2.34/jersey-client-2.34.jar:/home/runner/.m2/repository/jakarta/annotation/jakarta.annotation-api/1.3.5/jakarta.annotation-api-1.3.5.jar:/home/runner/.m2/repository/jakarta/validation/jakarta.validation-api/2.0.2/jakarta.validation-api-2.0.2.jar:/home/runner/.m2/repository/org/glassfish/jersey/media/jersey-media-json-jackson/2.34/jersey-media-json-jackson-2.34.jar:/home/runner/.m2/repository/org/glassfish/jersey/ext/jersey-entity-filtering/2.34/jersey-entity-filtering-2.34.jar:/home/runner/.m2/repository/org/jooq/jooq/3.11.10/jooq-3.11.10.jar:/home/runner/.m2/repository/org/jooq/jooq-meta/3.11.10/jooq-meta-3.11.10.jar:/home/runner/.m2/repository/org/jooq/jooq-codegen/3.11.10/jooq-codegen-3.11.10.jar:/home/runner/.m2/repository/com/jolbox/bonecp/0.8.0.RELEASE/bonecp-0.8.0.RELEASE.jar:/home/runner/.m2/repository/org/apache/derby/derby/10.14.2.0/derby-10.14.2.0.jar:/home/runner/.m2/repository/org/xerial/sqlite-jdbc/3.25.2/sqlite-jdbc-3.25.2.jar:/home/runner/.m2/repository/org/springframework/spring-jdbc/5.2.20.RELEASE/spring-jdbc-5.2.20.RELEASE.jar:/home/runner/.m2/repository/org/springframework/spring-beans/5.2.20.RELEASE/spring-beans-5.2.20.RELEASE.jar:/home/runner/.m2/repository/org/springframework/spring-core/5.2.20.RELEASE/spring-core-5.2.20.RELEASE.jar:/home/runner/.m2/repository/org/springframework/spring-jcl/5.2.20.RELEASE/spring-jcl-5.2.20.RELEASE.jar:/home/runner/.m2/repository/org/springframework/spring-tx/5.2.20.RELEASE/spring-tx-5.2.20.RELEASE.jar:/home/runner/.m2/repository/org/apache/ozone/ozone-client/1.3.0-SNAPSHOT/ozone-client-1.3.0-SNAPSHOT.jar:/home/runner/.m2/repository/org/apache/ozone/hdds-erasurecode/1.3.0-SNAPSHOT/hdds-erasurecode-1.3.0-SNAPSHOT.jar:/home/runner/.m2/repository/com/github/spotbugs/spotbugs-annotations/3.1.12/spotbugs-annotations-3.1.12.jar:/home/runner/.m2/repository/org/apache/ozone/ozone-filesystem/1.3.0-SNAPSHOT/ozone-filesystem-1.3.0-SNAPSHOT.jar:/home/runner/.m2/repository/org/apache/ozone/ozone-filesystem-common/1.3.0-SNAPSHOT/ozone-filesystem-common-1.3.0-SNAPSHOT.jar:/home/runner/.m2/repository/org/apache/ozone/ozone-tools/1.3.0-SNAPSHOT/ozone-tools-1.3.0-SNAPSHOT.jar:/home/runner/.m2/repository/org/apache/ratis/ratis-tools/2.3.0/ratis-tools-2.3.0.jar:/home/runner/.m2/repository/com/amazonaws/aws-java-sdk-core/1.12.261/aws-java-sdk-core-1.12.261.jar:/home/runner/.m2/repository/org/apache/httpcomponents/httpclient/4.5.13/httpclient-4.5.13.jar:/home/runner/.m2/repository/org/apache/httpcomponents/httpcore/4.4.13/httpcore-4.4.13.jar:/home/runner/.m2/repository/software/amazon/ion/ion-java/1.0.2/ion-java-1.0.2.jar:/home/runner/.m2/repository/com/fasterxml/jackson/dataformat/jackson-dataformat-cbor/2.13.4/jackson-dataformat-cbor-2.13.4.jar:/home/runner/.m2/repository/joda-time/joda-time/2.8.1/joda-time-2.8.1.jar:/home/runner/.m2/repository/com/amazonaws/aws-java-sdk-s3/1.12.261/aws-java-sdk-s3-1.12.261.jar:/home/runner/.m2/repository/com/amazonaws/aws-java-sdk-kms/1.12.261/aws-java-sdk-kms-1.12.261.jar:/home/runner/.m2/repository/com/amazonaws/jmespath-java/1.12.261/jmespath-java-1.12.261.jar:/home/runner/.m2/repository/org/kohsuke/metainf-services/metainf-services/1.8/metainf-services-1.8.jar:/home/runner/.m2/repository/org/apache/ozone/hdds-tools/1.3.0-SNAPSHOT/hdds-tools-1.3.0-SNAPSHOT.jar:/home/runner/.m2/repository/commons-cli/commons-cli/1.2/commons-cli-1.2.jar:/home/runner/.m2/repository/org/apache/commons/commons-lang3/3.7/commons-lang3-3.7.jar:/home/runner/.m2/repository/org/apache/ozone/ozone-manager/1.3.0-SNAPSHOT/ozone-manager-1.3.0-SNAPSHOT-tests.jar:/home/runner/.m2/repository/org/apache/ozone/hdds-common/1.3.0-SNAPSHOT/hdds-common-1.3.0-SNAPSHOT-tests.jar:/home/runner/.m2/repository/org/apache/ozone/hdds-hadoop-dependency-client/1.3.0-SNAPSHOT/hdds-hadoop-dependency-client-1.3.0-SNAPSHOT.jar:/home/runner/.m2/repository/info/picocli/picocli/4.6.1/picocli-4.6.1.jar:/home/runner/.m2/repository/com/fasterxml/jackson/core/jackson-annotations/2.13.4/jackson-annotations-2.13.4.jar:/home/runner/.m2/repository/com/fasterxml/jackson/datatype/jackson-datatype-jsr310/2.13.4/jackson-datatype-jsr310-2.13.4.jar:/home/runner/.m2/repository/org/apache/ozone/hdds-annotation-processing/1.3.0-SNAPSHOT/hdds-annotation-processing-1.3.0-SNAPSHOT.jar:/home/runner/.m2/repository/javax/annotation/javax.annotation-api/1.2/javax.annotation-api-1.2.jar:/home/runner/.m2/repository/org/apache/ratis/ratis-server/2.3.0/ratis-server-2.3.0.jar:/home/runner/.m2/repository/org/apache/ratis/ratis-client/2.3.0/ratis-client-2.3.0.jar:/home/runner/.m2/repository/org/apache/ratis/ratis-server-api/2.3.0/ratis-server-api-2.3.0.jar:/home/runner/.m2/repository/org/apache/ratis/ratis-metrics/2.3.0/ratis-metrics-2.3.0.jar:/home/runner/.m2/repository/org/apache/ratis/ratis-netty/2.3.0/ratis-netty-2.3.0.jar:/home/runner/.m2/repository/org/apache/ratis/ratis-grpc/2.3.0/ratis-grpc-2.3.0.jar:/home/runner/.m2/repository/org/apache/logging/log4j/log4j-api/2.17.1/log4j-api-2.17.1.jar:/home/runner/.m2/repository/org/apache/commons/commons-pool2/2.6.0/commons-pool2-2.6.0.jar:/home/runner/.m2/repository/org/bouncycastle/bcpkix-jdk15on/1.67/bcpkix-jdk15on-1.67.jar:/home/runner/.m2/repository/commons-validator/commons-validator/1.6/commons-validator-1.6.jar:/home/runner/.m2/repository/commons-beanutils/commons-beanutils/1.9.4/commons-beanutils-1.9.4.jar:/home/runner/.m2/repository/commons-digester/commons-digester/1.8.1/commons-digester-1.8.1.jar:/home/runner/.m2/repository/commons-collections/commons-collections/3.2.2/commons-collections-3.2.2.jar:/home/runner/.m2/repository/io/jaegertracing/jaeger-client/1.6.0/jaeger-client-1.6.0.jar:/home/runner/.m2/repository/io/jaegertracing/jaeger-thrift/1.6.0/jaeger-thrift-1.6.0.jar:/home/runner/.m2/repository/org/apache/thrift/libthrift/0.14.1/libthrift-0.14.1.jar:/home/runner/.m2/repository/io/jaegertracing/jaeger-core/1.6.0/jaeger-core-1.6.0.jar:/home/runner/.m2/repository/io/jaegertracing/jaeger-tracerresolver/1.6.0/jaeger-tracerresolver-1.6.0.jar:/home/runner/.m2/repository/io/opentracing/contrib/opentracing-tracerresolver/0.1.8/opentracing-tracerresolver-0.1.8.jar:/home/runner/.m2/repository/org/jetbrains/kotlin/kotlin-stdlib/1.6.21/kotlin-stdlib-1.6.21.jar:/home/runner/.m2/repository/org/jetbrains/annotations/13.0/annotations-13.0.jar:/home/runner/.m2/repository/io/opentracing/opentracing-util/0.33.0/opentracing-util-0.33.0.jar:/home/runner/.m2/repository/io/opentracing/opentracing-api/0.33.0/opentracing-api-0.33.0.jar:/home/runner/.m2/repository/io/opentracing/opentracing-noop/0.33.0/opentracing-noop-0.33.0.jar:/home/runner/.m2/repository/org/yaml/snakeyaml/1.32/snakeyaml-1.32.jar:/home/runner/.m2/repository/org/apache/ozone/hdds-interface-admin/1.3.0-SNAPSHOT/hdds-interface-admin-1.3.0-SNAPSHOT.jar:/home/runner/.m2/repository/junit/junit/4.13.1/junit-4.13.1.jar:/home/runner/.m2/repository/org/hamcrest/hamcrest-core/1.3/hamcrest-core-1.3.jar:/home/runner/.m2/repository/org/junit/jupiter/junit-jupiter-api/5.8.2/junit-jupiter-api-5.8.2.jar:/home/runner/.m2/repository/org/opentest4j/opentest4j/1.2.0/opentest4j-1.2.0.jar:/home/runner/.m2/repository/org/junit/platform/junit-platform-commons/1.8.2/junit-platform-commons-1.8.2.jar:/home/runner/.m2/repository/org/apiguardian/apiguardian-api/1.1.2/apiguardian-api-1.1.2.jar:/home/runner/.m2/repository/org/junit/jupiter/junit-jupiter-params/5.8.2/junit-jupiter-params-5.8.2.jar:/home/runner/.m2/repository/org/junit/jupiter/junit-jupiter-migrationsupport/5.8.2/junit-jupiter-migrationsupport-5.8.2.jar:/home/runner/.m2/repository/org/junit/jupiter/junit-jupiter-engine/5.8.2/junit-jupiter-engine-5.8.2.jar:/home/runner/.m2/repository/org/junit/platform/junit-platform-engine/1.8.2/junit-platform-engine-1.8.2.jar:/home/runner/.m2/repository/org/junit/vintage/junit-vintage-engine/5.8.2/junit-vintage-engine-5.8.2.jar:/home/runner/.m2/repository/org/junit/platform/junit-platform-launcher/1.8.2/junit-platform-launcher-1.8.2.jar:/home/runner/.m2/repository/org/mockito/mockito-core/2.28.2/mockito-core-2.28.2.jar:/home/runner/.m2/repository/net/bytebuddy/byte-buddy/1.9.10/byte-buddy-1.9.10.jar:/home/runner/.m2/repository/net/bytebuddy/byte-buddy-agent/1.9.10/byte-buddy-agent-1.9.10.jar:/home/runner/.m2/repository/org/objenesis/objenesis/1.0/objenesis-1.0.jar:/home/runner/.m2/repository/org/apache/hadoop/hadoop-kms/3.3.4/hadoop-kms-3.3.4.jar:/home/runner/.m2/repository/org/apache/hadoop/hadoop-auth/3.3.4/hadoop-auth-3.3.4.jar:/home/runner/.m2/repository/com/nimbusds/nimbus-jose-jwt/7.9/nimbus-jose-jwt-7.9.jar:/home/runner/.m2/repository/com/github/stephenc/jcip/jcip-annotations/1.0-1/jcip-annotations-1.0-1.jar:/home/runner/.m2/repository/net/minidev/json-smart/2.4.7/json-smart-2.4.7.jar:/home/runner/.m2/repository/net/minidev/accessors-smart/2.4.7/accessors-smart-2.4.7.jar:/home/runner/.m2/repository/org/ow2/asm/asm/5.0.4/asm-5.0.4.jar:/home/runner/.m2/repository/org/apache/zookeeper/zookeeper/3.5.6/zookeeper-3.5.6.jar:/home/runner/.m2/repository/org/apache/zookeeper/zookeeper-jute/3.5.6/zookeeper-jute-3.5.6.jar:/home/runner/.m2/repository/org/apache/yetus/audience-annotations/0.5.0/audience-annotations-0.5.0.jar:/home/runner/.m2/repository/org/apache/curator/curator-framework/4.2.0/curator-framework-4.2.0.jar:/home/runner/.m2/repository/org/apache/hadoop/thirdparty/hadoop-shaded-guava/1.1.1/hadoop-shaded-guava-1.1.1.jar:/home/runner/.m2/repository/com/sun/jersey/jersey-core/1.19/jersey-core-1.19.jar:/home/runner/.m2/repository/javax/ws/rs/jsr311-api/1.1.1/jsr311-api-1.1.1.jar:/home/runner/.m2/repository/com/sun/jersey/jersey-server/1.19/jersey-server-1.19.jar:/home/runner/.m2/repository/javax/servlet/javax.servlet-api/3.1.0/javax.servlet-api-3.1.0.jar:/home/runner/.m2/repository/org/eclipse/jetty/jetty-server/9.4.43.v20210629/jetty-server-9.4.43.v20210629.jar:/home/runner/.m2/repository/org/eclipse/jetty/jetty-http/9.4.43.v20210629/jetty-http-9.4.43.v20210629.jar:/home/runner/.m2/repository/org/eclipse/jetty/jetty-io/9.4.43.v20210629/jetty-io-9.4.43.v20210629.jar:/home/runner/.m2/repository/org/eclipse/jetty/jetty-webapp/9.4.43.v20210629/jetty-webapp-9.4.43.v20210629.jar:/home/runner/.m2/repository/org/eclipse/jetty/jetty-xml/9.4.43.v20210629/jetty-xml-9.4.43.v20210629.jar:/home/runner/.m2/repository/org/apache/hadoop/hadoop-common/3.3.4/hadoop-common-3.3.4.jar:/home/runner/.m2/repository/org/apache/commons/commons-math3/3.1.1/commons-math3-3.1.1.jar:/home/runner/.m2/repository/commons-net/commons-net/3.6/commons-net-3.6.jar:/home/runner/.m2/repository/com/sun/jersey/jersey-servlet/1.19/jersey-servlet-1.19.jar:/home/runner/.m2/repository/com/sun/jersey/jersey-json/1.19/jersey-json-1.19.jar:/home/runner/.m2/repository/org/codehaus/jettison/jettison/1.1/jettison-1.1.jar:/home/runner/.m2/repository/com/sun/xml/bind/jaxb-impl/2.2.3-1/jaxb-impl-2.2.3-1.jar:/home/runner/.m2/repository/org/codehaus/jackson/jackson-xc/1.9.2/jackson-xc-1.9.2.jar:/home/runner/.m2/repository/org/apache/commons/commons-configuration2/2.1.1/commons-configuration2-2.1.1.jar:/home/runner/.m2/repository/org/apache/commons/commons-text/1.4/commons-text-1.4.jar:/home/runner/.m2/repository/com/google/re2j/re2j/1.1/re2j-1.1.jar:/home/runner/.m2/repository/com/jcraft/jsch/0.1.54/jsch-0.1.54.jar:/home/runner/.m2/repository/org/apache/curator/curator-client/4.2.0/curator-client-4.2.0.jar:/home/runner/.m2/repository/org/apache/curator/curator-recipes/4.2.0/curator-recipes-4.2.0.jar:/home/runner/.m2/repository/org/apache/kerby/kerb-core/1.0.1/kerb-core-1.0.1.jar:/home/runner/.m2/repository/org/apache/kerby/kerby-pkix/1.0.1/kerby-pkix-1.0.1.jar:/home/runner/.m2/repository/org/apache/kerby/kerby-asn1/1.0.1/kerby-asn1-1.0.1.jar:/home/runner/.m2/repository/org/apache/kerby/kerby-util/1.0.1/kerby-util-1.0.1.jar:/home/runner/.m2/repository/dnsjava/dnsjava/2.1.7/dnsjava-2.1.7.jar:/home/runner/.m2/repository/org/xerial/snappy/snappy-java/1.1.8.2/snappy-java-1.1.8.2.jar:/home/runner/.m2/repository/org/eclipse/jetty/jetty-util/9.4.43.v20210629/jetty-util-9.4.43.v20210629.jar:/home/runner/.m2/repository/com/fasterxml/jackson/core/jackson-databind/2.13.4/jackson-databind-2.13.4.jar:/home/runner/.m2/repository/org/apache/hadoop/hadoop-kms/3.3.4/hadoop-kms-3.3.4-tests.jar:/home/runner/.m2/repository/org/apache/ozone/hdds-server-scm/1.3.0-SNAPSHOT/hdds-server-scm-1.3.0-SNAPSHOT-tests.jar:/home/runner/.m2/repository/org/apache/ozone/hdds-container-service/1.3.0-SNAPSHOT/hdds-container-service-1.3.0-SNAPSHOT-tests.jar:/home/runner/.m2/repository/commons-codec/commons-codec/1.11/commons-codec-1.11.jar:/home/runner/.m2/repository/io/netty/netty-codec/4.1.79.Final/netty-codec-4.1.79.Final.jar:/home/runner/.m2/repository/io/netty/netty-handler/4.1.79.Final/netty-handler-4.1.79.Final.jar:/home/runner/.m2/repository/org/apache/ozone/hdds-hadoop-dependency-test/1.3.0-SNAPSHOT/hdds-hadoop-dependency-test-1.3.0-SNAPSHOT.jar:/home/runner/.m2/repository/org/apache/hadoop/hadoop-common/3.3.4/hadoop-common-3.3.4-tests.jar:/home/runner/.m2/repository/org/apache/hadoop/hadoop-hdfs/3.3.4/hadoop-hdfs-3.3.4-tests.jar:/home/runner/.m2/repository/org/assertj/assertj-core/3.12.2/assertj-core-3.12.2.jar:/home/runner/.m2/repository/org/apache/hadoop/hadoop-distcp/3.3.4/hadoop-distcp-3.3.4.jar:/home/runner/.m2/repository/org/apache/hadoop/hadoop-mapreduce-client-jobclient/3.3.4/hadoop-mapreduce-client-jobclient-3.3.4.jar:/home/runner/.m2/repository/org/apache/hadoop/hadoop-mapreduce-client-common/3.3.4/hadoop-mapreduce-client-common-3.3.4.jar:/home/runner/.m2/repository/org/apache/hadoop/hadoop-yarn-common/3.3.4/hadoop-yarn-common-3.3.4.jar:/home/runner/.m2/repository/org/apache/hadoop/hadoop-yarn-api/3.3.4/hadoop-yarn-api-3.3.4.jar:/home/runner/.m2/repository/com/sun/jersey/contribs/jersey-guice/1.19/jersey-guice-1.19.jar:/home/runner/.m2/repository/com/fasterxml/jackson/jaxrs/jackson-jaxrs-json-provider/2.13.4/jackson-jaxrs-json-provider-2.13.4.jar:/home/runner/.m2/repository/com/fasterxml/jackson/jaxrs/jackson-jaxrs-base/2.13.4/jackson-jaxrs-base-2.13.4.jar:/home/runner/.m2/repository/org/apache/hadoop/hadoop-yarn-client/3.3.4/hadoop-yarn-client-3.3.4.jar:/home/runner/.m2/repository/org/eclipse/jetty/websocket/websocket-client/9.4.43.v20210629/websocket-client-9.4.43.v20210629.jar:/home/runner/.m2/repository/org/eclipse/jetty/websocket/websocket-common/9.4.43.v20210629/websocket-common-9.4.43.v20210629.jar:/home/runner/.m2/repository/org/eclipse/jetty/websocket/websocket-api/9.4.43.v20210629/websocket-api-9.4.43.v20210629.jar:/home/runner/.m2/repository/org/jline/jline/3.9.0/jline-3.9.0.jar:/home/runner/.m2/repository/org/apache/hadoop/hadoop-mapreduce-client-core/3.3.4/hadoop-mapreduce-client-core-3.3.4.jar:/home/runner/.m2/repository/org/apache/avro/avro/1.7.7/avro-1.7.7.jar:/home/runner/.m2/repository/org/codehaus/jackson/jackson-core-asl/1.9.13/jackson-core-asl-1.9.13.jar:/home/runner/.m2/repository/org/codehaus/jackson/jackson-mapper-asl/1.9.13/jackson-mapper-asl-1.9.13.jar:/home/runner/.m2/repository/com/thoughtworks/paranamer/paranamer/2.3/paranamer-2.3.jar:/home/runner/.m2/repository/org/apache/hadoop/hadoop-annotations/3.3.4/hadoop-annotations-3.3.4.jar:/usr/lib/jvm/temurin-8-jdk-amd64/jre/../lib/tools.jar:/home/runner/.m2/repository/io/netty/netty/3.10.6.Final/netty-3.10.6.Final.jar:/home/runner/.m2/repository/org/apache/hadoop/hadoop-distcp/3.3.4/hadoop-distcp-3.3.4-tests.jar:/home/runner/.m2/repository/org/slf4j/jul-to-slf4j/1.7.36/jul-to-slf4j-1.7.36.jar:/home/runner/.m2/repository/org/apache/ratis/ratis-common/2.3.0/ratis-common-2.3.0.jar:/home/runner/.m2/repository/org/apache/ratis/ratis-thirdparty-misc/1.0.0/ratis-thirdparty-misc-1.0.0.jar:/home/runner/.m2/repository/org/apache/ratis/ratis-proto/2.3.0/ratis-proto-2.3.0.jar:"/>
    <property name="java.vm.vendor" value="Temurin"/>
    <property name="sun.arch.data.model" value="64"/>
    <property name="test.build.dir" value="/home/runner/work/ozone/ozone/hadoop-ozone/integration-test/target/test-dir"/>
    <property name="test.cache.data" value=""/>
    <property name="java.vendor.url" value="https://adoptium.net/"/>
    <property name="user.timezone" value="Etc/UTC"/>
    <property name="java.vm.specification.version" value="1.8"/>
    <property name="os.name" value="Linux"/>
    <property name="test.build.data" value="/home/runner/work/ozone/ozone/hadoop-ozone/integration-test/target/test-dir"/>
    <property name="sun.java.launcher" value="SUN_STANDARD"/>
    <property name="sun.boot.library.path" value="/usr/lib/jvm/temurin-8-jdk-amd64/jre/lib/amd64"/>
    <property name="sun.java.command" value="/home/runner/work/ozone/ozone/hadoop-ozone/integration-test/target/surefire/surefirebooter8755980694371082492.jar /home/runner/work/ozone/ozone/hadoop-ozone/integration-test/target/surefire 2022-10-13T11-30-30_359-jvmRun1 surefire199686741177629131tmp surefire_23744591808707076497tmp"/>
    <property name="surefire.test.class.path" value="/home/runner/work/ozone/ozone/hadoop-ozone/integration-test/target/test-classes:/home/runner/work/ozone/ozone/hadoop-ozone/integration-test/target/classes:/home/runner/.m2/repository/org/apache/ozone/ozone-common/1.3.0-SNAPSHOT/ozone-common-1.3.0-SNAPSHOT.jar:/home/runner/.m2/repository/io/grpc/grpc-netty/1.48.1/grpc-netty-1.48.1.jar:/home/runner/.m2/repository/io/grpc/grpc-core/1.48.1/grpc-core-1.48.1.jar:/home/runner/.m2/repository/com/google/android/annotations/4.1.1.4/annotations-4.1.1.4.jar:/home/runner/.m2/repository/org/codehaus/mojo/animal-sniffer-annotations/1.21/animal-sniffer-annotations-1.21.jar:/home/runner/.m2/repository/com/google/errorprone/error_prone_annotations/2.2.0/error_prone_annotations-2.2.0.jar:/home/runner/.m2/repository/io/perfmark/perfmark-api/0.25.0/perfmark-api-0.25.0.jar:/home/runner/.m2/repository/io/netty/netty-codec-http2/4.1.79.Final/netty-codec-http2-4.1.79.Final.jar:/home/runner/.m2/repository/io/netty/netty-common/4.1.79.Final/netty-common-4.1.79.Final.jar:/home/runner/.m2/repository/io/netty/netty-buffer/4.1.79.Final/netty-buffer-4.1.79.Final.jar:/home/runner/.m2/repository/io/netty/netty-codec-http/4.1.79.Final/netty-codec-http-4.1.79.Final.jar:/home/runner/.m2/repository/io/netty/netty-handler-proxy/4.1.79.Final/netty-handler-proxy-4.1.79.Final.jar:/home/runner/.m2/repository/io/netty/netty-codec-socks/4.1.79.Final/netty-codec-socks-4.1.79.Final.jar:/home/runner/.m2/repository/io/netty/netty-tcnative-boringssl-static/2.0.53.Final/netty-tcnative-boringssl-static-2.0.53.Final.jar:/home/runner/.m2/repository/io/netty/netty-tcnative-classes/2.0.53.Final/netty-tcnative-classes-2.0.53.Final.jar:/home/runner/.m2/repository/io/netty/netty-tcnative-boringssl-static/2.0.53.Final/netty-tcnative-boringssl-static-2.0.53.Final-linux-x86_64.jar:/home/runner/.m2/repository/io/netty/netty-tcnative-boringssl-static/2.0.53.Final/netty-tcnative-boringssl-static-2.0.53.Final-linux-aarch_64.jar:/home/runner/.m2/repository/io/netty/netty-tcnative-boringssl-static/2.0.53.Final/netty-tcnative-boringssl-static-2.0.53.Final-osx-x86_64.jar:/home/runner/.m2/repository/io/netty/netty-tcnative-boringssl-static/2.0.53.Final/netty-tcnative-boringssl-static-2.0.53.Final-osx-aarch_64.jar:/home/runner/.m2/repository/io/netty/netty-tcnative-boringssl-static/2.0.53.Final/netty-tcnative-boringssl-static-2.0.53.Final-windows-x86_64.jar:/home/runner/.m2/repository/org/apache/commons/commons-compress/1.21/commons-compress-1.21.jar:/home/runner/.m2/repository/org/apache/ozone/hdds-common/1.3.0-SNAPSHOT/hdds-common-1.3.0-SNAPSHOT.jar:/home/runner/.m2/repository/org/apache/ozone/hdds-client/1.3.0-SNAPSHOT/hdds-client-1.3.0-SNAPSHOT.jar:/home/runner/.m2/repository/org/apache/ozone/ozone-interface-client/1.3.0-SNAPSHOT/ozone-interface-client-1.3.0-SNAPSHOT.jar:/home/runner/.m2/repository/org/apache/ozone/hdds-test-utils/1.3.0-SNAPSHOT/hdds-test-utils-1.3.0-SNAPSHOT.jar:/home/runner/.m2/repository/com/google/guava/guava/31.1-jre/guava-31.1-jre.jar:/home/runner/.m2/repository/com/google/guava/failureaccess/1.0.1/failureaccess-1.0.1.jar:/home/runner/.m2/repository/com/google/guava/listenablefuture/9999.0-empty-to-avoid-conflict-with-guava/listenablefuture-9999.0-empty-to-avoid-conflict-with-guava.jar:/home/runner/.m2/repository/com/google/code/findbugs/jsr305/3.0.0/jsr305-3.0.0.jar:/home/runner/.m2/repository/org/checkerframework/checker-qual/3.12.0/checker-qual-3.12.0.jar:/home/runner/.m2/repository/com/google/j2objc/j2objc-annotations/1.3/j2objc-annotations-1.3.jar:/home/runner/.m2/repository/commons-io/commons-io/2.11.0/commons-io-2.11.0.jar:/home/runner/.m2/repository/commons-logging/commons-logging/1.2/commons-logging-1.2.jar:/home/runner/.m2/repository/ch/qos/reload4j/reload4j/1.2.22/reload4j-1.2.22.jar:/home/runner/.m2/repository/org/slf4j/slf4j-api/1.7.36/slf4j-api-1.7.36.jar:/home/runner/.m2/repository/org/apache/ozone/hdds-server-scm/1.3.0-SNAPSHOT/hdds-server-scm-1.3.0-SNAPSHOT.jar:/home/runner/.m2/repository/org/apache/ozone/hdds-container-service/1.3.0-SNAPSHOT/hdds-container-service-1.3.0-SNAPSHOT.jar:/home/runner/.m2/repository/org/apache/ozone/hdds-hadoop-dependency-server/1.3.0-SNAPSHOT/hdds-hadoop-dependency-server-1.3.0-SNAPSHOT.jar:/home/runner/.m2/repository/org/apache/hadoop/hadoop-hdfs/3.3.4/hadoop-hdfs-3.3.4.jar:/home/runner/.m2/repository/org/eclipse/jetty/jetty-util-ajax/9.4.43.v20210629/jetty-util-ajax-9.4.43.v20210629.jar:/home/runner/.m2/repository/commons-daemon/commons-daemon/1.0.13/commons-daemon-1.0.13.jar:/home/runner/.m2/repository/org/apache/ozone/hdds-server-framework/1.3.0-SNAPSHOT/hdds-server-framework-1.3.0-SNAPSHOT.jar:/home/runner/.m2/repository/org/apache/ozone/hdds-interface-server/1.3.0-SNAPSHOT/hdds-interface-server-1.3.0-SNAPSHOT.jar:/home/runner/.m2/repository/org/apache/logging/log4j/log4j-core/2.17.1/log4j-core-2.17.1.jar:/home/runner/.m2/repository/com/lmax/disruptor/3.4.2/disruptor-3.4.2.jar:/home/runner/.m2/repository/org/eclipse/jetty/jetty-servlet/9.4.43.v20210629/jetty-servlet-9.4.43.v20210629.jar:/home/runner/.m2/repository/org/eclipse/jetty/jetty-security/9.4.43.v20210629/jetty-security-9.4.43.v20210629.jar:/home/runner/.m2/repository/org/rocksdb/rocksdbjni/7.4.5/rocksdbjni-7.4.5.jar:/home/runner/.m2/repository/io/prometheus/simpleclient_dropwizard/0.7.0/simpleclient_dropwizard-0.7.0.jar:/home/runner/.m2/repository/io/prometheus/simpleclient/0.7.0/simpleclient-0.7.0.jar:/home/runner/.m2/repository/io/prometheus/simpleclient_common/0.7.0/simpleclient_common-0.7.0.jar:/home/runner/.m2/repository/io/dropwizard/metrics/metrics-core/3.2.4/metrics-core-3.2.4.jar:/home/runner/.m2/repository/org/apache/hadoop/hadoop-hdfs-client/3.3.4/hadoop-hdfs-client-3.3.4.jar:/home/runner/.m2/repository/com/squareup/okhttp3/okhttp/4.9.3/okhttp-4.9.3.jar:/home/runner/.m2/repository/com/squareup/okio/okio/2.8.0/okio-2.8.0.jar:/home/runner/.m2/repository/org/jetbrains/kotlin/kotlin-stdlib-common/1.4.10/kotlin-stdlib-common-1.4.10.jar:/home/runner/.m2/repository/org/bouncycastle/bcprov-jdk15on/1.67/bcprov-jdk15on-1.67.jar:/home/runner/.m2/repository/com/google/protobuf/protobuf-java/2.5.0/protobuf-java-2.5.0.jar:/home/runner/.m2/repository/org/apache/ozone/ozone-manager/1.3.0-SNAPSHOT/ozone-manager-1.3.0-SNAPSHOT.jar:/home/runner/.m2/repository/org/aspectj/aspectjrt/1.9.7/aspectjrt-1.9.7.jar:/home/runner/.m2/repository/org/aspectj/aspectjweaver/1.9.7/aspectjweaver-1.9.7.jar:/home/runner/.m2/repository/org/apache/ozone/hdds-interface-client/1.3.0-SNAPSHOT/hdds-interface-client-1.3.0-SNAPSHOT.jar:/home/runner/.m2/repository/org/apache/hadoop/thirdparty/hadoop-shaded-protobuf_3_7/1.1.1/hadoop-shaded-protobuf_3_7-1.1.1.jar:/home/runner/.m2/repository/org/apache/ozone/ozone-interface-storage/1.3.0-SNAPSHOT/ozone-interface-storage-1.3.0-SNAPSHOT.jar:/home/runner/.m2/repository/org/reflections/reflections/0.9.11/reflections-0.9.11.jar:/home/runner/.m2/repository/com/sun/jersey/jersey-client/1.19/jersey-client-1.19.jar:/home/runner/.m2/repository/org/apache/ranger/ranger-intg/2.3.0/ranger-intg-2.3.0.jar:/home/runner/.m2/repository/org/apache/ranger/ranger-plugins-common/2.3.0/ranger-plugins-common-2.3.0.jar:/home/runner/.m2/repository/commons-lang/commons-lang/2.6/commons-lang-2.6.jar:/home/runner/.m2/repository/org/codehaus/jackson/jackson-jaxrs/1.9.13/jackson-jaxrs-1.9.13.jar:/home/runner/.m2/repository/org/apache/ranger/ranger-plugins-cred/2.3.0/ranger-plugins-cred-2.3.0.jar:/home/runner/.m2/repository/org/apache/ranger/ranger-plugins-audit/2.3.0/ranger-plugins-audit-2.3.0.jar:/home/runner/.m2/repository/org/eclipse/jetty/jetty-client/9.4.31.v20200723/jetty-client-9.4.31.v20200723.jar:/home/runner/.m2/repository/org/apache/httpcomponents/httpmime/4.5.6/httpmime-4.5.6.jar:/home/runner/.m2/repository/org/apache/httpcomponents/httpcore-nio/4.4.6/httpcore-nio-4.4.6.jar:/home/runner/.m2/repository/org/apache/httpcomponents/httpasyncclient/4.1.3/httpasyncclient-4.1.3.jar:/home/runner/.m2/repository/com/carrotsearch/hppc/0.8.0/hppc-0.8.0.jar:/home/runner/.m2/repository/org/apache/orc/orc-core/1.5.8/orc-core-1.5.8.jar:/home/runner/.m2/repository/net/java/dev/jna/jna/5.2.0/jna-5.2.0.jar:/home/runner/.m2/repository/net/java/dev/jna/jna-platform/5.2.0/jna-platform-5.2.0.jar:/home/runner/.m2/repository/com/kstruct/gethostname4j/0.0.2/gethostname4j-0.0.2.jar:/home/runner/.m2/repository/org/apache/ranger/ranger-plugin-classloader/2.3.0/ranger-plugin-classloader-2.3.0.jar:/home/runner/.m2/repository/org/apache/hadoop/hadoop-minikdc/3.3.4/hadoop-minikdc-3.3.4.jar:/home/runner/.m2/repository/org/apache/kerby/kerb-simplekdc/1.0.1/kerb-simplekdc-1.0.1.jar:/home/runner/.m2/repository/org/apache/kerby/kerb-client/1.0.1/kerb-client-1.0.1.jar:/home/runner/.m2/repository/org/apache/kerby/kerby-config/1.0.1/kerby-config-1.0.1.jar:/home/runner/.m2/repository/org/apache/kerby/kerb-common/1.0.1/kerb-common-1.0.1.jar:/home/runner/.m2/repository/org/apache/kerby/kerb-crypto/1.0.1/kerb-crypto-1.0.1.jar:/home/runner/.m2/repository/org/apache/kerby/kerb-util/1.0.1/kerb-util-1.0.1.jar:/home/runner/.m2/repository/org/apache/kerby/token-provider/1.0.1/token-provider-1.0.1.jar:/home/runner/.m2/repository/org/apache/kerby/kerb-admin/1.0.1/kerb-admin-1.0.1.jar:/home/runner/.m2/repository/org/apache/kerby/kerb-server/1.0.1/kerb-server-1.0.1.jar:/home/runner/.m2/repository/org/apache/kerby/kerb-identity/1.0.1/kerb-identity-1.0.1.jar:/home/runner/.m2/repository/org/apache/kerby/kerby-xdr/1.0.1/kerby-xdr-1.0.1.jar:/home/runner/.m2/repository/org/apache/ozone/ozone-s3gateway/1.3.0-SNAPSHOT/ozone-s3gateway-1.3.0-SNAPSHOT.jar:/home/runner/.m2/repository/org/javassist/javassist/3.21.0-GA/javassist-3.21.0-GA.jar:/home/runner/.m2/repository/org/jboss/weld/servlet/weld-servlet/2.4.7.Final/weld-servlet-2.4.7.Final.jar:/home/runner/.m2/repository/org/glassfish/jersey/containers/jersey-container-servlet-core/2.34/jersey-container-servlet-core-2.34.jar:/home/runner/.m2/repository/org/glassfish/hk2/external/jakarta.inject/2.6.1/jakarta.inject-2.6.1.jar:/home/runner/.m2/repository/org/glassfish/jersey/core/jersey-common/2.34/jersey-common-2.34.jar:/home/runner/.m2/repository/jakarta/ws/rs/jakarta.ws.rs-api/2.1.6/jakarta.ws.rs-api-2.1.6.jar:/home/runner/.m2/repository/org/glassfish/jersey/ext/cdi/jersey-cdi1x/2.34/jersey-cdi1x-2.34.jar:/home/runner/.m2/repository/org/glassfish/jersey/inject/jersey-hk2/2.34/jersey-hk2-2.34.jar:/home/runner/.m2/repository/org/glassfish/hk2/hk2-locator/2.6.1/hk2-locator-2.6.1.jar:/home/runner/.m2/repository/org/glassfish/jersey/media/jersey-media-jaxb/2.34/jersey-media-jaxb-2.34.jar:/home/runner/.m2/repository/org/glassfish/hk2/osgi-resource-locator/1.0.3/osgi-resource-locator-1.0.3.jar:/home/runner/.m2/repository/org/glassfish/hk2/hk2-api/2.5.0/hk2-api-2.5.0.jar:/home/runner/.m2/repository/org/glassfish/hk2/hk2-utils/2.5.0/hk2-utils-2.5.0.jar:/home/runner/.m2/repository/org/glassfish/hk2/external/aopalliance-repackaged/2.5.0/aopalliance-repackaged-2.5.0.jar:/home/runner/.m2/repository/com/fasterxml/jackson/dataformat/jackson-dataformat-xml/2.13.4/jackson-dataformat-xml-2.13.4.jar:/home/runner/.m2/repository/com/fasterxml/jackson/core/jackson-core/2.13.4/jackson-core-2.13.4.jar:/home/runner/.m2/repository/org/codehaus/woodstox/stax2-api/3.1.4/stax2-api-3.1.4.jar:/home/runner/.m2/repository/com/fasterxml/woodstox/woodstox-core/5.0.3/woodstox-core-5.0.3.jar:/home/runner/.m2/repository/com/fasterxml/jackson/module/jackson-module-jaxb-annotations/2.13.4/jackson-module-jaxb-annotations-2.13.4.jar:/home/runner/.m2/repository/jakarta/xml/bind/jakarta.xml.bind-api/2.3.3/jakarta.xml.bind-api-2.3.3.jar:/home/runner/.m2/repository/jakarta/activation/jakarta.activation-api/1.2.1/jakarta.activation-api-1.2.1.jar:/home/runner/.m2/repository/javax/enterprise/cdi-api/1.2/cdi-api-1.2.jar:/home/runner/.m2/repository/javax/el/javax.el-api/3.0.0/javax.el-api-3.0.0.jar:/home/runner/.m2/repository/javax/interceptor/javax.interceptor-api/1.2/javax.interceptor-api-1.2.jar:/home/runner/.m2/repository/javax/inject/javax.inject/1/javax.inject-1.jar:/home/runner/.m2/repository/javax/xml/bind/jaxb-api/2.3.0/jaxb-api-2.3.0.jar:/home/runner/.m2/repository/org/glassfish/jaxb/jaxb-runtime/2.3.0.1/jaxb-runtime-2.3.0.1.jar:/home/runner/.m2/repository/org/glassfish/jaxb/jaxb-core/2.3.0.1/jaxb-core-2.3.0.1.jar:/home/runner/.m2/repository/org/glassfish/jaxb/txw2/2.3.0.1/txw2-2.3.0.1.jar:/home/runner/.m2/repository/com/sun/istack/istack-commons-runtime/3.0.5/istack-commons-runtime-3.0.5.jar:/home/runner/.m2/repository/org/jvnet/staxex/stax-ex/1.7.8/stax-ex-1.7.8.jar:/home/runner/.m2/repository/com/sun/xml/fastinfoset/FastInfoset/1.2.13/FastInfoset-1.2.13.jar:/home/runner/.m2/repository/javax/activation/activation/1.1.1/activation-1.1.1.jar:/home/runner/.m2/repository/io/grpc/grpc-protobuf/1.48.1/grpc-protobuf-1.48.1.jar:/home/runner/.m2/repository/io/grpc/grpc-api/1.48.1/grpc-api-1.48.1.jar:/home/runner/.m2/repository/io/grpc/grpc-context/1.48.1/grpc-context-1.48.1.jar:/home/runner/.m2/repository/com/google/api/grpc/proto-google-common-protos/2.9.0/proto-google-common-protos-2.9.0.jar:/home/runner/.m2/repository/io/grpc/grpc-protobuf-lite/1.48.1/grpc-protobuf-lite-1.48.1.jar:/home/runner/.m2/repository/io/grpc/grpc-stub/1.48.1/grpc-stub-1.48.1.jar:/home/runner/.m2/repository/io/netty/netty-transport/4.1.79.Final/netty-transport-4.1.79.Final.jar:/home/runner/.m2/repository/io/netty/netty-resolver/4.1.79.Final/netty-resolver-4.1.79.Final.jar:/home/runner/.m2/repository/org/apache/ozone/ozone-csi/1.3.0-SNAPSHOT/ozone-csi-1.3.0-SNAPSHOT.jar:/home/runner/.m2/repository/com/google/protobuf/protobuf-java-util/3.19.2/protobuf-java-util-3.19.2.jar:/home/runner/.m2/repository/com/google/code/gson/gson/2.9.0/gson-2.9.0.jar:/home/runner/.m2/repository/org/apache/ozone/hdds-config/1.3.0-SNAPSHOT/hdds-config-1.3.0-SNAPSHOT.jar:/home/runner/.m2/repository/io/netty/netty-transport-native-epoll/4.1.79.Final/netty-transport-native-epoll-4.1.79.Final-linux-x86_64.jar:/home/runner/.m2/repository/io/netty/netty-transport-classes-epoll/4.1.79.Final/netty-transport-classes-epoll-4.1.79.Final.jar:/home/runner/.m2/repository/io/netty/netty-transport-native-unix-common/4.1.79.Final/netty-transport-native-unix-common-4.1.79.Final.jar:/home/runner/.m2/repository/org/slf4j/slf4j-reload4j/1.7.36/slf4j-reload4j-1.7.36.jar:/home/runner/.m2/repository/org/apache/ozone/ozone-recon/1.3.0-SNAPSHOT/ozone-recon-1.3.0-SNAPSHOT.jar:/home/runner/.m2/repository/org/apache/ozone/ozone-reconcodegen/1.3.0-SNAPSHOT/ozone-reconcodegen-1.3.0-SNAPSHOT.jar:/home/runner/.m2/repository/com/google/inject/extensions/guice-multibindings/4.0/guice-multibindings-4.0.jar:/home/runner/.m2/repository/com/google/inject/guice/4.0/guice-4.0.jar:/home/runner/.m2/repository/aopalliance/aopalliance/1.0/aopalliance-1.0.jar:/home/runner/.m2/repository/com/google/inject/extensions/guice-assistedinject/4.0/guice-assistedinject-4.0.jar:/home/runner/.m2/repository/com/google/inject/extensions/guice-servlet/4.0/guice-servlet-4.0.jar:/home/runner/.m2/repository/org/glassfish/jersey/containers/jersey-container-servlet/2.34/jersey-container-servlet-2.34.jar:/home/runner/.m2/repository/org/glassfish/hk2/guice-bridge/2.5.0/guice-bridge-2.5.0.jar:/home/runner/.m2/repository/org/glassfish/jersey/core/jersey-server/2.34/jersey-server-2.34.jar:/home/runner/.m2/repository/org/glassfish/jersey/core/jersey-client/2.34/jersey-client-2.34.jar:/home/runner/.m2/repository/jakarta/annotation/jakarta.annotation-api/1.3.5/jakarta.annotation-api-1.3.5.jar:/home/runner/.m2/repository/jakarta/validation/jakarta.validation-api/2.0.2/jakarta.validation-api-2.0.2.jar:/home/runner/.m2/repository/org/glassfish/jersey/media/jersey-media-json-jackson/2.34/jersey-media-json-jackson-2.34.jar:/home/runner/.m2/repository/org/glassfish/jersey/ext/jersey-entity-filtering/2.34/jersey-entity-filtering-2.34.jar:/home/runner/.m2/repository/org/jooq/jooq/3.11.10/jooq-3.11.10.jar:/home/runner/.m2/repository/org/jooq/jooq-meta/3.11.10/jooq-meta-3.11.10.jar:/home/runner/.m2/repository/org/jooq/jooq-codegen/3.11.10/jooq-codegen-3.11.10.jar:/home/runner/.m2/repository/com/jolbox/bonecp/0.8.0.RELEASE/bonecp-0.8.0.RELEASE.jar:/home/runner/.m2/repository/org/apache/derby/derby/10.14.2.0/derby-10.14.2.0.jar:/home/runner/.m2/repository/org/xerial/sqlite-jdbc/3.25.2/sqlite-jdbc-3.25.2.jar:/home/runner/.m2/repository/org/springframework/spring-jdbc/5.2.20.RELEASE/spring-jdbc-5.2.20.RELEASE.jar:/home/runner/.m2/repository/org/springframework/spring-beans/5.2.20.RELEASE/spring-beans-5.2.20.RELEASE.jar:/home/runner/.m2/repository/org/springframework/spring-core/5.2.20.RELEASE/spring-core-5.2.20.RELEASE.jar:/home/runner/.m2/repository/org/springframework/spring-jcl/5.2.20.RELEASE/spring-jcl-5.2.20.RELEASE.jar:/home/runner/.m2/repository/org/springframework/spring-tx/5.2.20.RELEASE/spring-tx-5.2.20.RELEASE.jar:/home/runner/.m2/repository/org/apache/ozone/ozone-client/1.3.0-SNAPSHOT/ozone-client-1.3.0-SNAPSHOT.jar:/home/runner/.m2/repository/org/apache/ozone/hdds-erasurecode/1.3.0-SNAPSHOT/hdds-erasurecode-1.3.0-SNAPSHOT.jar:/home/runner/.m2/repository/com/github/spotbugs/spotbugs-annotations/3.1.12/spotbugs-annotations-3.1.12.jar:/home/runner/.m2/repository/org/apache/ozone/ozone-filesystem/1.3.0-SNAPSHOT/ozone-filesystem-1.3.0-SNAPSHOT.jar:/home/runner/.m2/repository/org/apache/ozone/ozone-filesystem-common/1.3.0-SNAPSHOT/ozone-filesystem-common-1.3.0-SNAPSHOT.jar:/home/runner/.m2/repository/org/apache/ozone/ozone-tools/1.3.0-SNAPSHOT/ozone-tools-1.3.0-SNAPSHOT.jar:/home/runner/.m2/repository/org/apache/ratis/ratis-tools/2.3.0/ratis-tools-2.3.0.jar:/home/runner/.m2/repository/com/amazonaws/aws-java-sdk-core/1.12.261/aws-java-sdk-core-1.12.261.jar:/home/runner/.m2/repository/org/apache/httpcomponents/httpclient/4.5.13/httpclient-4.5.13.jar:/home/runner/.m2/repository/org/apache/httpcomponents/httpcore/4.4.13/httpcore-4.4.13.jar:/home/runner/.m2/repository/software/amazon/ion/ion-java/1.0.2/ion-java-1.0.2.jar:/home/runner/.m2/repository/com/fasterxml/jackson/dataformat/jackson-dataformat-cbor/2.13.4/jackson-dataformat-cbor-2.13.4.jar:/home/runner/.m2/repository/joda-time/joda-time/2.8.1/joda-time-2.8.1.jar:/home/runner/.m2/repository/com/amazonaws/aws-java-sdk-s3/1.12.261/aws-java-sdk-s3-1.12.261.jar:/home/runner/.m2/repository/com/amazonaws/aws-java-sdk-kms/1.12.261/aws-java-sdk-kms-1.12.261.jar:/home/runner/.m2/repository/com/amazonaws/jmespath-java/1.12.261/jmespath-java-1.12.261.jar:/home/runner/.m2/repository/org/kohsuke/metainf-services/metainf-services/1.8/metainf-services-1.8.jar:/home/runner/.m2/repository/org/apache/ozone/hdds-tools/1.3.0-SNAPSHOT/hdds-tools-1.3.0-SNAPSHOT.jar:/home/runner/.m2/repository/commons-cli/commons-cli/1.2/commons-cli-1.2.jar:/home/runner/.m2/repository/org/apache/commons/commons-lang3/3.7/commons-lang3-3.7.jar:/home/runner/.m2/repository/org/apache/ozone/ozone-manager/1.3.0-SNAPSHOT/ozone-manager-1.3.0-SNAPSHOT-tests.jar:/home/runner/.m2/repository/org/apache/ozone/hdds-common/1.3.0-SNAPSHOT/hdds-common-1.3.0-SNAPSHOT-tests.jar:/home/runner/.m2/repository/org/apache/ozone/hdds-hadoop-dependency-client/1.3.0-SNAPSHOT/hdds-hadoop-dependency-client-1.3.0-SNAPSHOT.jar:/home/runner/.m2/repository/info/picocli/picocli/4.6.1/picocli-4.6.1.jar:/home/runner/.m2/repository/com/fasterxml/jackson/core/jackson-annotations/2.13.4/jackson-annotations-2.13.4.jar:/home/runner/.m2/repository/com/fasterxml/jackson/datatype/jackson-datatype-jsr310/2.13.4/jackson-datatype-jsr310-2.13.4.jar:/home/runner/.m2/repository/org/apache/ozone/hdds-annotation-processing/1.3.0-SNAPSHOT/hdds-annotation-processing-1.3.0-SNAPSHOT.jar:/home/runner/.m2/repository/javax/annotation/javax.annotation-api/1.2/javax.annotation-api-1.2.jar:/home/runner/.m2/repository/org/apache/ratis/ratis-server/2.3.0/ratis-server-2.3.0.jar:/home/runner/.m2/repository/org/apache/ratis/ratis-client/2.3.0/ratis-client-2.3.0.jar:/home/runner/.m2/repository/org/apache/ratis/ratis-server-api/2.3.0/ratis-server-api-2.3.0.jar:/home/runner/.m2/repository/org/apache/ratis/ratis-metrics/2.3.0/ratis-metrics-2.3.0.jar:/home/runner/.m2/repository/org/apache/ratis/ratis-netty/2.3.0/ratis-netty-2.3.0.jar:/home/runner/.m2/repository/org/apache/ratis/ratis-grpc/2.3.0/ratis-grpc-2.3.0.jar:/home/runner/.m2/repository/org/apache/logging/log4j/log4j-api/2.17.1/log4j-api-2.17.1.jar:/home/runner/.m2/repository/org/apache/commons/commons-pool2/2.6.0/commons-pool2-2.6.0.jar:/home/runner/.m2/repository/org/bouncycastle/bcpkix-jdk15on/1.67/bcpkix-jdk15on-1.67.jar:/home/runner/.m2/repository/commons-validator/commons-validator/1.6/commons-validator-1.6.jar:/home/runner/.m2/repository/commons-beanutils/commons-beanutils/1.9.4/commons-beanutils-1.9.4.jar:/home/runner/.m2/repository/commons-digester/commons-digester/1.8.1/commons-digester-1.8.1.jar:/home/runner/.m2/repository/commons-collections/commons-collections/3.2.2/commons-collections-3.2.2.jar:/home/runner/.m2/repository/io/jaegertracing/jaeger-client/1.6.0/jaeger-client-1.6.0.jar:/home/runner/.m2/repository/io/jaegertracing/jaeger-thrift/1.6.0/jaeger-thrift-1.6.0.jar:/home/runner/.m2/repository/org/apache/thrift/libthrift/0.14.1/libthrift-0.14.1.jar:/home/runner/.m2/repository/io/jaegertracing/jaeger-core/1.6.0/jaeger-core-1.6.0.jar:/home/runner/.m2/repository/io/jaegertracing/jaeger-tracerresolver/1.6.0/jaeger-tracerresolver-1.6.0.jar:/home/runner/.m2/repository/io/opentracing/contrib/opentracing-tracerresolver/0.1.8/opentracing-tracerresolver-0.1.8.jar:/home/runner/.m2/repository/org/jetbrains/kotlin/kotlin-stdlib/1.6.21/kotlin-stdlib-1.6.21.jar:/home/runner/.m2/repository/org/jetbrains/annotations/13.0/annotations-13.0.jar:/home/runner/.m2/repository/io/opentracing/opentracing-util/0.33.0/opentracing-util-0.33.0.jar:/home/runner/.m2/repository/io/opentracing/opentracing-api/0.33.0/opentracing-api-0.33.0.jar:/home/runner/.m2/repository/io/opentracing/opentracing-noop/0.33.0/opentracing-noop-0.33.0.jar:/home/runner/.m2/repository/org/yaml/snakeyaml/1.32/snakeyaml-1.32.jar:/home/runner/.m2/repository/org/apache/ozone/hdds-interface-admin/1.3.0-SNAPSHOT/hdds-interface-admin-1.3.0-SNAPSHOT.jar:/home/runner/.m2/repository/junit/junit/4.13.1/junit-4.13.1.jar:/home/runner/.m2/repository/org/hamcrest/hamcrest-core/1.3/hamcrest-core-1.3.jar:/home/runner/.m2/repository/org/junit/jupiter/junit-jupiter-api/5.8.2/junit-jupiter-api-5.8.2.jar:/home/runner/.m2/repository/org/opentest4j/opentest4j/1.2.0/opentest4j-1.2.0.jar:/home/runner/.m2/repository/org/junit/platform/junit-platform-commons/1.8.2/junit-platform-commons-1.8.2.jar:/home/runner/.m2/repository/org/apiguardian/apiguardian-api/1.1.2/apiguardian-api-1.1.2.jar:/home/runner/.m2/repository/org/junit/jupiter/junit-jupiter-params/5.8.2/junit-jupiter-params-5.8.2.jar:/home/runner/.m2/repository/org/junit/jupiter/junit-jupiter-migrationsupport/5.8.2/junit-jupiter-migrationsupport-5.8.2.jar:/home/runner/.m2/repository/org/junit/jupiter/junit-jupiter-engine/5.8.2/junit-jupiter-engine-5.8.2.jar:/home/runner/.m2/repository/org/junit/platform/junit-platform-engine/1.8.2/junit-platform-engine-1.8.2.jar:/home/runner/.m2/repository/org/junit/vintage/junit-vintage-engine/5.8.2/junit-vintage-engine-5.8.2.jar:/home/runner/.m2/repository/org/junit/platform/junit-platform-launcher/1.8.2/junit-platform-launcher-1.8.2.jar:/home/runner/.m2/repository/org/mockito/mockito-core/2.28.2/mockito-core-2.28.2.jar:/home/runner/.m2/repository/net/bytebuddy/byte-buddy/1.9.10/byte-buddy-1.9.10.jar:/home/runner/.m2/repository/net/bytebuddy/byte-buddy-agent/1.9.10/byte-buddy-agent-1.9.10.jar:/home/runner/.m2/repository/org/objenesis/objenesis/1.0/objenesis-1.0.jar:/home/runner/.m2/repository/org/apache/hadoop/hadoop-kms/3.3.4/hadoop-kms-3.3.4.jar:/home/runner/.m2/repository/org/apache/hadoop/hadoop-auth/3.3.4/hadoop-auth-3.3.4.jar:/home/runner/.m2/repository/com/nimbusds/nimbus-jose-jwt/7.9/nimbus-jose-jwt-7.9.jar:/home/runner/.m2/repository/com/github/stephenc/jcip/jcip-annotations/1.0-1/jcip-annotations-1.0-1.jar:/home/runner/.m2/repository/net/minidev/json-smart/2.4.7/json-smart-2.4.7.jar:/home/runner/.m2/repository/net/minidev/accessors-smart/2.4.7/accessors-smart-2.4.7.jar:/home/runner/.m2/repository/org/ow2/asm/asm/5.0.4/asm-5.0.4.jar:/home/runner/.m2/repository/org/apache/zookeeper/zookeeper/3.5.6/zookeeper-3.5.6.jar:/home/runner/.m2/repository/org/apache/zookeeper/zookeeper-jute/3.5.6/zookeeper-jute-3.5.6.jar:/home/runner/.m2/repository/org/apache/yetus/audience-annotations/0.5.0/audience-annotations-0.5.0.jar:/home/runner/.m2/repository/org/apache/curator/curator-framework/4.2.0/curator-framework-4.2.0.jar:/home/runner/.m2/repository/org/apache/hadoop/thirdparty/hadoop-shaded-guava/1.1.1/hadoop-shaded-guava-1.1.1.jar:/home/runner/.m2/repository/com/sun/jersey/jersey-core/1.19/jersey-core-1.19.jar:/home/runner/.m2/repository/javax/ws/rs/jsr311-api/1.1.1/jsr311-api-1.1.1.jar:/home/runner/.m2/repository/com/sun/jersey/jersey-server/1.19/jersey-server-1.19.jar:/home/runner/.m2/repository/javax/servlet/javax.servlet-api/3.1.0/javax.servlet-api-3.1.0.jar:/home/runner/.m2/repository/org/eclipse/jetty/jetty-server/9.4.43.v20210629/jetty-server-9.4.43.v20210629.jar:/home/runner/.m2/repository/org/eclipse/jetty/jetty-http/9.4.43.v20210629/jetty-http-9.4.43.v20210629.jar:/home/runner/.m2/repository/org/eclipse/jetty/jetty-io/9.4.43.v20210629/jetty-io-9.4.43.v20210629.jar:/home/runner/.m2/repository/org/eclipse/jetty/jetty-webapp/9.4.43.v20210629/jetty-webapp-9.4.43.v20210629.jar:/home/runner/.m2/repository/org/eclipse/jetty/jetty-xml/9.4.43.v20210629/jetty-xml-9.4.43.v20210629.jar:/home/runner/.m2/repository/org/apache/hadoop/hadoop-common/3.3.4/hadoop-common-3.3.4.jar:/home/runner/.m2/repository/org/apache/commons/commons-math3/3.1.1/commons-math3-3.1.1.jar:/home/runner/.m2/repository/commons-net/commons-net/3.6/commons-net-3.6.jar:/home/runner/.m2/repository/com/sun/jersey/jersey-servlet/1.19/jersey-servlet-1.19.jar:/home/runner/.m2/repository/com/sun/jersey/jersey-json/1.19/jersey-json-1.19.jar:/home/runner/.m2/repository/org/codehaus/jettison/jettison/1.1/jettison-1.1.jar:/home/runner/.m2/repository/com/sun/xml/bind/jaxb-impl/2.2.3-1/jaxb-impl-2.2.3-1.jar:/home/runner/.m2/repository/org/codehaus/jackson/jackson-xc/1.9.2/jackson-xc-1.9.2.jar:/home/runner/.m2/repository/org/apache/commons/commons-configuration2/2.1.1/commons-configuration2-2.1.1.jar:/home/runner/.m2/repository/org/apache/commons/commons-text/1.4/commons-text-1.4.jar:/home/runner/.m2/repository/com/google/re2j/re2j/1.1/re2j-1.1.jar:/home/runner/.m2/repository/com/jcraft/jsch/0.1.54/jsch-0.1.54.jar:/home/runner/.m2/repository/org/apache/curator/curator-client/4.2.0/curator-client-4.2.0.jar:/home/runner/.m2/repository/org/apache/curator/curator-recipes/4.2.0/curator-recipes-4.2.0.jar:/home/runner/.m2/repository/org/apache/kerby/kerb-core/1.0.1/kerb-core-1.0.1.jar:/home/runner/.m2/repository/org/apache/kerby/kerby-pkix/1.0.1/kerby-pkix-1.0.1.jar:/home/runner/.m2/repository/org/apache/kerby/kerby-asn1/1.0.1/kerby-asn1-1.0.1.jar:/home/runner/.m2/repository/org/apache/kerby/kerby-util/1.0.1/kerby-util-1.0.1.jar:/home/runner/.m2/repository/dnsjava/dnsjava/2.1.7/dnsjava-2.1.7.jar:/home/runner/.m2/repository/org/xerial/snappy/snappy-java/1.1.8.2/snappy-java-1.1.8.2.jar:/home/runner/.m2/repository/org/eclipse/jetty/jetty-util/9.4.43.v20210629/jetty-util-9.4.43.v20210629.jar:/home/runner/.m2/repository/com/fasterxml/jackson/core/jackson-databind/2.13.4/jackson-databind-2.13.4.jar:/home/runner/.m2/repository/org/apache/hadoop/hadoop-kms/3.3.4/hadoop-kms-3.3.4-tests.jar:/home/runner/.m2/repository/org/apache/ozone/hdds-server-scm/1.3.0-SNAPSHOT/hdds-server-scm-1.3.0-SNAPSHOT-tests.jar:/home/runner/.m2/repository/org/apache/ozone/hdds-container-service/1.3.0-SNAPSHOT/hdds-container-service-1.3.0-SNAPSHOT-tests.jar:/home/runner/.m2/repository/commons-codec/commons-codec/1.11/commons-codec-1.11.jar:/home/runner/.m2/repository/io/netty/netty-codec/4.1.79.Final/netty-codec-4.1.79.Final.jar:/home/runner/.m2/repository/io/netty/netty-handler/4.1.79.Final/netty-handler-4.1.79.Final.jar:/home/runner/.m2/repository/org/apache/ozone/hdds-hadoop-dependency-test/1.3.0-SNAPSHOT/hdds-hadoop-dependency-test-1.3.0-SNAPSHOT.jar:/home/runner/.m2/repository/org/apache/hadoop/hadoop-common/3.3.4/hadoop-common-3.3.4-tests.jar:/home/runner/.m2/repository/org/apache/hadoop/hadoop-hdfs/3.3.4/hadoop-hdfs-3.3.4-tests.jar:/home/runner/.m2/repository/org/assertj/assertj-core/3.12.2/assertj-core-3.12.2.jar:/home/runner/.m2/repository/org/apache/hadoop/hadoop-distcp/3.3.4/hadoop-distcp-3.3.4.jar:/home/runner/.m2/repository/org/apache/hadoop/hadoop-mapreduce-client-jobclient/3.3.4/hadoop-mapreduce-client-jobclient-3.3.4.jar:/home/runner/.m2/repository/org/apache/hadoop/hadoop-mapreduce-client-common/3.3.4/hadoop-mapreduce-client-common-3.3.4.jar:/home/runner/.m2/repository/org/apache/hadoop/hadoop-yarn-common/3.3.4/hadoop-yarn-common-3.3.4.jar:/home/runner/.m2/repository/org/apache/hadoop/hadoop-yarn-api/3.3.4/hadoop-yarn-api-3.3.4.jar:/home/runner/.m2/repository/com/sun/jersey/contribs/jersey-guice/1.19/jersey-guice-1.19.jar:/home/runner/.m2/repository/com/fasterxml/jackson/jaxrs/jackson-jaxrs-json-provider/2.13.4/jackson-jaxrs-json-provider-2.13.4.jar:/home/runner/.m2/repository/com/fasterxml/jackson/jaxrs/jackson-jaxrs-base/2.13.4/jackson-jaxrs-base-2.13.4.jar:/home/runner/.m2/repository/org/apache/hadoop/hadoop-yarn-client/3.3.4/hadoop-yarn-client-3.3.4.jar:/home/runner/.m2/repository/org/eclipse/jetty/websocket/websocket-client/9.4.43.v20210629/websocket-client-9.4.43.v20210629.jar:/home/runner/.m2/repository/org/eclipse/jetty/websocket/websocket-common/9.4.43.v20210629/websocket-common-9.4.43.v20210629.jar:/home/runner/.m2/repository/org/eclipse/jetty/websocket/websocket-api/9.4.43.v20210629/websocket-api-9.4.43.v20210629.jar:/home/runner/.m2/repository/org/jline/jline/3.9.0/jline-3.9.0.jar:/home/runner/.m2/repository/org/apache/hadoop/hadoop-mapreduce-client-core/3.3.4/hadoop-mapreduce-client-core-3.3.4.jar:/home/runner/.m2/repository/org/apache/avro/avro/1.7.7/avro-1.7.7.jar:/home/runner/.m2/repository/org/codehaus/jackson/jackson-core-asl/1.9.13/jackson-core-asl-1.9.13.jar:/home/runner/.m2/repository/org/codehaus/jackson/jackson-mapper-asl/1.9.13/jackson-mapper-asl-1.9.13.jar:/home/runner/.m2/repository/com/thoughtworks/paranamer/paranamer/2.3/paranamer-2.3.jar:/home/runner/.m2/repository/org/apache/hadoop/hadoop-annotations/3.3.4/hadoop-annotations-3.3.4.jar:/usr/lib/jvm/temurin-8-jdk-amd64/jre/../lib/tools.jar:/home/runner/.m2/repository/io/netty/netty/3.10.6.Final/netty-3.10.6.Final.jar:/home/runner/.m2/repository/org/apache/hadoop/hadoop-distcp/3.3.4/hadoop-distcp-3.3.4-tests.jar:/home/runner/.m2/repository/org/slf4j/jul-to-slf4j/1.7.36/jul-to-slf4j-1.7.36.jar:/home/runner/.m2/repository/org/apache/ratis/ratis-common/2.3.0/ratis-common-2.3.0.jar:/home/runner/.m2/repository/org/apache/ratis/ratis-thirdparty-misc/1.0.0/ratis-thirdparty-misc-1.0.0.jar:/home/runner/.m2/repository/org/apache/ratis/ratis-proto/2.3.0/ratis-proto-2.3.0.jar:"/>
    <property name="sun.cpu.endian" value="little"/>
    <property name="user.home" value="/home/runner"/>
    <property name="user.language" value="en"/>
    <property name="java.specification.vendor" value="Oracle Corporation"/>
    <property name="java.home" value="/usr/lib/jvm/temurin-8-jdk-amd64/jre"/>
    <property name="java.security.krb5.conf" value="/home/runner/work/ozone/ozone/hadoop-ozone/integration-test/target/test-classes/krb5.conf"/>
    <property name="basedir" value="/home/runner/work/ozone/ozone/hadoop-ozone/integration-test"/>
    <property name="file.separator" value="/"/>
    <property name="line.separator" value="&#10;"/>
    <property name="java.vm.specification.vendor" value="Oracle Corporation"/>
    <property name="java.specification.name" value="Java Platform API Specification"/>
    <property name="java.awt.graphicsenv" value="sun.awt.X11GraphicsEnvironment"/>
    <property name="skip.installnpx" value="true"/>
    <property name="surefire.real.class.path" value="/home/runner/work/ozone/ozone/hadoop-ozone/integration-test/target/surefire/surefirebooter8755980694371082492.jar:/home/runner/.m2/repository/org/jacoco/org.jacoco.agent/0.8.5/org.jacoco.agent-0.8.5-runtime.jar"/>
    <property name="hadoop.log.dir" value="/home/runner/work/ozone/ozone/hadoop-ozone/integration-test/target/log"/>
    <property name="sun.boot.class.path" value="/usr/lib/jvm/temurin-8-jdk-amd64/jre/lib/resources.jar:/usr/lib/jvm/temurin-8-jdk-amd64/jre/lib/rt.jar:/usr/lib/jvm/temurin-8-jdk-amd64/jre/lib/sunrsasign.jar:/usr/lib/jvm/temurin-8-jdk-amd64/jre/lib/jsse.jar:/usr/lib/jvm/temurin-8-jdk-amd64/jre/lib/jce.jar:/usr/lib/jvm/temurin-8-jdk-amd64/jre/lib/charsets.jar:/usr/lib/jvm/temurin-8-jdk-amd64/jre/lib/jfr.jar:/usr/lib/jvm/temurin-8-jdk-amd64/jre/classes"/>
    <property name="sun.management.compiler" value="HotSpot 64-Bit Tiered Compilers"/>
    <property name="skip.npx" value="true"/>
    <property name="java.runtime.version" value="1.8.0_345-b01"/>
    <property name="java.net.preferIPv4Stack" value="true"/>
    <property name="user.name" value="runner"/>
    <property name="path.separator" value=":"/>
    <property name="java.security.egd" value="file:///dev/urandom"/>
    <property name="os.version" value="5.15.0-1020-azure"/>
    <property name="java.endorsed.dirs" value="/usr/lib/jvm/temurin-8-jdk-amd64/jre/lib/endorsed"/>
    <property name="java.runtime.name" value="OpenJDK Runtime Environment"/>
    <property name="file.encoding" value="UTF-8"/>
    <property name="java.vm.name" value="OpenJDK 64-Bit Server VM"/>
    <property name="test.build.webapps" value=""/>
    <property name="localRepository" value="/home/runner/.m2/repository"/>
    <property name="jetty.git.hash" value="526006ecfa3af7f1a27ef3a288e2bef7ea9dd7e8"/>
    <property name="java.vendor.url.bug" value="https://github.com/adoptium/adoptium-support/issues"/>
    <property name="java.io.tmpdir" value="/tmp"/>
    <property name="require.test.libhadoop" value=""/>
    <property name="java.version" value="1.8.0_345"/>
    <property name="user.dir" value="/home/runner/work/ozone/ozone/hadoop-ozone/integration-test"/>
    <property name="os.arch" value="amd64"/>
    <property name="java.vm.specification.name" value="Java Virtual Machine Specification"/>
    <property name="test.build.classes" value="/home/runner/work/ozone/ozone/hadoop-ozone/integration-test/target/test-classes"/>
    <property name="java.awt.printerjob" value="sun.print.PSPrinterJob"/>
    <property name="sun.os.patch.level" value="unknown"/>
    <property name="hadoop.tmp.dir" value="/home/runner/work/ozone/ozone/hadoop-ozone/integration-test/target/tmp"/>
    <property name="java.library.path" value="/usr/java/packages/lib/amd64:/usr/lib64:/lib64:/lib:/usr/lib"/>
    <property name="java.vm.info" value="mixed mode"/>
    <property name="java.vendor" value="Temurin"/>
    <property name="java.vm.version" value="25.345-b01"/>
    <property name="java.ext.dirs" value="/usr/lib/jvm/temurin-8-jdk-amd64/jre/lib/ext:/usr/java/packages/lib/ext"/>
    <property name="sun.io.unicode.encoding" value="UnicodeLittle"/>
    <property name="java.class.version" value="52.0"/>
  </properties>
  <testcase name="testContainerRecoveryOverReplicationProcessing" classname="org.apache.hadoop.ozone.container.TestECContainerRecovery" time="106.711">
    <error type="java.util.concurrent.TimeoutException"><![CDATA[java.util.concurrent.TimeoutException: 
Timed out waiting for condition. Thread diagnostics:
Timestamp: 2022-10-13 11:46:10,039

"7bf9862a-bc69-4cc0-99fb-78386598ce26@group-62D058F4AA4E-LeaderStateImpl" daemon prio=5 tid=683 timed_waiting
java.lang.Thread.State: TIMED_WAITING
        at sun.misc.Unsafe.park(Native Method)
        at java.util.concurrent.locks.LockSupport.parkNanos(LockSupport.java:215)
        at java.util.concurrent.locks.AbstractQueuedSynchronizer$ConditionObject.awaitNanos(AbstractQueuedSynchronizer.java:2078)
        at java.util.concurrent.ArrayBlockingQueue.poll(ArrayBlockingQueue.java:418)
        at org.apache.ratis.server.impl.LeaderStateImpl$EventQueue.poll(LeaderStateImpl.java:159)
        at org.apache.ratis.server.impl.LeaderStateImpl$EventProcessor.run(LeaderStateImpl.java:630)
"EventQueue-PipelineReportForPipelineReportHandler" daemon prio=5 tid=506 in Object.wait()
java.lang.Thread.State: WAITING (on object monitor)
        at sun.misc.Unsafe.park(Native Method)
        at java.util.concurrent.locks.LockSupport.park(LockSupport.java:175)
        at java.util.concurrent.locks.AbstractQueuedSynchronizer$ConditionObject.await(AbstractQueuedSynchronizer.java:2039)
        at java.util.concurrent.LinkedBlockingQueue.take(LinkedBlockingQueue.java:442)
        at java.util.concurrent.ThreadPoolExecutor.getTask(ThreadPoolExecutor.java:1074)
        at java.util.concurrent.ThreadPoolExecutor.runWorker(ThreadPoolExecutor.java:1134)
        at java.util.concurrent.ThreadPoolExecutor$Worker.run(ThreadPoolExecutor.java:624)
        at java.lang.Thread.run(Thread.java:750)
"ChunkWriter-2-0" daemon prio=5 tid=512 in Object.wait()
java.lang.Thread.State: WAITING (on object monitor)
        at sun.misc.Unsafe.park(Native Method)
        at java.util.concurrent.locks.LockSupport.park(LockSupport.java:175)
        at java.util.concurrent.locks.AbstractQueuedSynchronizer$ConditionObject.await(AbstractQueuedSynchronizer.java:2039)
        at java.util.concurrent.LinkedBlockingDeque.takeFirst(LinkedBlockingDeque.java:492)
        at java.util.concurrent.LinkedBlockingDeque.take(LinkedBlockingDeque.java:680)
        at java.util.concurrent.ThreadPoolExecutor.getTask(ThreadPoolExecutor.java:1074)
        at java.util.concurrent.ThreadPoolExecutor.runWorker(ThreadPoolExecutor.java:1134)
        at java.util.concurrent.ThreadPoolExecutor$Worker.run(ThreadPoolExecutor.java:624)
        at java.lang.Thread.run(Thread.java:750)
"EventQueue-NodeRegistrationContainerReportForContainerSafeModeRule" daemon prio=5 tid=504 in Object.wait()
java.lang.Thread.State: WAITING (on object monitor)
        at sun.misc.Unsafe.park(Native Method)
        at java.util.concurrent.locks.LockSupport.park(LockSupport.java:175)
        at java.util.concurrent.locks.AbstractQueuedSynchronizer$ConditionObject.await(AbstractQueuedSynchronizer.java:2039)
        at java.util.concurrent.LinkedBlockingQueue.take(LinkedBlockingQueue.java:442)
        at java.util.concurrent.ThreadPoolExecutor.getTask(ThreadPoolExecutor.java:1074)
        at java.util.concurrent.ThreadPoolExecutor.runWorker(ThreadPoolExecutor.java:1134)
        at java.util.concurrent.ThreadPoolExecutor$Worker.run(ThreadPoolExecutor.java:624)
        at java.lang.Thread.run(Thread.java:750)
"StaleRecoveringContainerScrubbingService#0" daemon prio=5 tid=543 in Object.wait()
java.lang.Thread.State: WAITING (on object monitor)
        at sun.misc.Unsafe.park(Native Method)
        at java.util.concurrent.locks.LockSupport.park(LockSupport.java:175)
        at java.util.concurrent.locks.AbstractQueuedSynchronizer$ConditionObject.await(AbstractQueuedSynchronizer.java:2039)
        at java.util.concurrent.ScheduledThreadPoolExecutor$DelayedWorkQueue.take(ScheduledThreadPoolExecutor.java:1088)
        at java.util.concurrent.ScheduledThreadPoolExecutor$DelayedWorkQueue.take(ScheduledThreadPoolExecutor.java:809)
        at java.util.concurrent.ThreadPoolExecutor.getTask(ThreadPoolExecutor.java:1074)
        at java.util.concurrent.ThreadPoolExecutor.runWorker(ThreadPoolExecutor.java:1134)
        at java.util.concurrent.ThreadPoolExecutor$Worker.run(ThreadPoolExecutor.java:624)
        at java.lang.Thread.run(Thread.java:750)
"OpenKeyCleanupService#0" daemon prio=5 tid=133 timed_waiting
java.lang.Thread.State: TIMED_WAITING
        at sun.misc.Unsafe.park(Native Method)
        at java.util.concurrent.locks.LockSupport.parkNanos(LockSupport.java:215)
        at java.util.concurrent.locks.AbstractQueuedSynchronizer$ConditionObject.awaitNanos(AbstractQueuedSynchronizer.java:2078)
        at java.util.concurrent.ScheduledThreadPoolExecutor$DelayedWorkQueue.take(ScheduledThreadPoolExecutor.java:1093)
        at java.util.concurrent.ScheduledThreadPoolExecutor$DelayedWorkQueue.take(ScheduledThreadPoolExecutor.java:809)
        at java.util.concurrent.ThreadPoolExecutor.getTask(ThreadPoolExecutor.java:1074)
        at java.util.concurrent.ThreadPoolExecutor.runWorker(ThreadPoolExecutor.java:1134)
        at java.util.concurrent.ThreadPoolExecutor$Worker.run(ThreadPoolExecutor.java:624)
        at java.lang.Thread.run(Thread.java:750)
"EndpointStateMachine task thread for /0.0.0.0:44657 - 0 "  prio=5 tid=523 in Object.wait()
java.lang.Thread.State: WAITING (on object monitor)
        at sun.misc.Unsafe.park(Native Method)
        at java.util.concurrent.locks.LockSupport.park(LockSupport.java:175)
        at java.util.concurrent.locks.AbstractQueuedSynchronizer$ConditionObject.await(AbstractQueuedSynchronizer.java:2039)
        at java.util.concurrent.LinkedBlockingQueue.take(LinkedBlockingQueue.java:442)
        at java.util.concurrent.ThreadPoolExecutor.getTask(ThreadPoolExecutor.java:1074)
        at java.util.concurrent.ThreadPoolExecutor.runWorker(ThreadPoolExecutor.java:1134)
        at java.util.concurrent.ThreadPoolExecutor$Worker.run(ThreadPoolExecutor.java:624)
        at java.lang.Thread.run(Thread.java:750)
"pool-257-thread-1" daemon prio=5 tid=404 timed_waiting
java.lang.Thread.State: TIMED_WAITING
        at sun.misc.Unsafe.park(Native Method)
        at java.util.concurrent.locks.LockSupport.parkNanos(LockSupport.java:215)
        at java.util.concurrent.locks.AbstractQueuedSynchronizer$ConditionObject.awaitNanos(AbstractQueuedSynchronizer.java:2078)
        at java.util.concurrent.ScheduledThreadPoolExecutor$DelayedWorkQueue.take(ScheduledThreadPoolExecutor.java:1093)
        at java.util.concurrent.ScheduledThreadPoolExecutor$DelayedWorkQueue.take(ScheduledThreadPoolExecutor.java:809)
        at java.util.concurrent.ThreadPoolExecutor.getTask(ThreadPoolExecutor.java:1074)
        at java.util.concurrent.ThreadPoolExecutor.runWorker(ThreadPoolExecutor.java:1134)
        at java.util.concurrent.ThreadPoolExecutor$Worker.run(ThreadPoolExecutor.java:624)
        at java.lang.Thread.run(Thread.java:750)
"java.util.concurrent.ThreadPoolExecutor$Worker@34e7c944[State = -1, empty queue]" daemon prio=5 tid=702 timed_waiting
java.lang.Thread.State: TIMED_WAITING
        at sun.misc.Unsafe.park(Native Method)
        at java.util.concurrent.locks.LockSupport.parkNanos(LockSupport.java:215)
        at java.util.concurrent.locks.AbstractQueuedSynchronizer$ConditionObject.awaitNanos(AbstractQueuedSynchronizer.java:2078)
        at java.util.concurrent.ScheduledThreadPoolExecutor$DelayedWorkQueue.take(ScheduledThreadPoolExecutor.java:1093)
        at java.util.concurrent.ScheduledThreadPoolExecutor$DelayedWorkQueue.take(ScheduledThreadPoolExecutor.java:809)
        at java.util.concurrent.ThreadPoolExecutor.getTask(ThreadPoolExecutor.java:1074)
        at java.util.concurrent.ThreadPoolExecutor.runWorker(ThreadPoolExecutor.java:1134)
        at java.util.concurrent.ThreadPoolExecutor$Worker.run(ThreadPoolExecutor.java:624)
        at java.lang.Thread.run(Thread.java:750)
"458f4e14-7f73-425f-a1e6-d20318ddd1ae@group-DE162C72CFA8-SegmentedRaftLogWorker"  prio=5 tid=600 timed_waiting
java.lang.Thread.State: TIMED_WAITING
        at sun.misc.Unsafe.park(Native Method)
        at java.util.concurrent.locks.LockSupport.parkNanos(LockSupport.java:215)
        at java.util.concurrent.locks.AbstractQueuedSynchronizer$ConditionObject.awaitNanos(AbstractQueuedSynchronizer.java:2078)
        at org.apache.ratis.util.DataBlockingQueue.poll(DataBlockingQueue.java:148)
        at org.apache.ratis.server.raftlog.segmented.SegmentedRaftLogWorker.run(SegmentedRaftLogWorker.java:301)
        at org.apache.ratis.server.raftlog.segmented.SegmentedRaftLogWorker$$Lambda$612/1848693335.run(Unknown Source)
        at java.lang.Thread.run(Thread.java:750)
"44dad4d2-9f73-4874-a36a-585ee387199d@group-84E26D0679BC-SegmentedRaftLogWorker"  prio=5 tid=655 timed_waiting
java.lang.Thread.State: TIMED_WAITING
        at sun.misc.Unsafe.park(Native Method)
        at java.util.concurrent.locks.LockSupport.parkNanos(LockSupport.java:215)
        at java.util.concurrent.locks.AbstractQueuedSynchronizer$ConditionObject.awaitNanos(AbstractQueuedSynchronizer.java:2078)
        at org.apache.ratis.util.DataBlockingQueue.poll(DataBlockingQueue.java:148)
        at org.apache.ratis.server.raftlog.segmented.SegmentedRaftLogWorker.run(SegmentedRaftLogWorker.java:301)
        at org.apache.ratis.server.raftlog.segmented.SegmentedRaftLogWorker$$Lambda$612/1848693335.run(Unknown Source)
        at java.lang.Thread.run(Thread.java:750)
"qtp1227391664-284" daemon prio=5 tid=284 timed_waiting
java.lang.Thread.State: TIMED_WAITING
        at sun.misc.Unsafe.park(Native Method)
        at java.util.concurrent.locks.LockSupport.parkNanos(LockSupport.java:215)
        at java.util.concurrent.locks.AbstractQueuedSynchronizer$ConditionObject.awaitNanos(AbstractQueuedSynchronizer.java:2078)
        at org.eclipse.jetty.util.BlockingArrayQueue.poll(BlockingArrayQueue.java:382)
        at org.eclipse.jetty.util.thread.QueuedThreadPool$Runner.idleJobPoll(QueuedThreadPool.java:974)
        at org.eclipse.jetty.util.thread.QueuedThreadPool$Runner.run(QueuedThreadPool.java:1018)
        at java.lang.Thread.run(Thread.java:750)
"SCMBlockDeletingService#0" daemon prio=5 tid=97 timed_waiting
java.lang.Thread.State: TIMED_WAITING
        at sun.misc.Unsafe.park(Native Method)
        at java.util.concurrent.locks.LockSupport.parkNanos(LockSupport.java:215)
        at java.util.concurrent.locks.AbstractQueuedSynchronizer$ConditionObject.awaitNanos(AbstractQueuedSynchronizer.java:2078)
        at java.util.concurrent.ScheduledThreadPoolExecutor$DelayedWorkQueue.take(ScheduledThreadPoolExecutor.java:1093)
        at java.util.concurrent.ScheduledThreadPoolExecutor$DelayedWorkQueue.take(ScheduledThreadPoolExecutor.java:809)
        at java.util.concurrent.ThreadPoolExecutor.getTask(ThreadPoolExecutor.java:1074)
        at java.util.concurrent.ThreadPoolExecutor.runWorker(ThreadPoolExecutor.java:1134)
        at java.util.concurrent.ThreadPoolExecutor$Worker.run(ThreadPoolExecutor.java:624)
        at java.lang.Thread.run(Thread.java:750)
"1c12248a-391b-407f-adc5-34f451ebab0a@group-D73006B0921B-StateMachineUpdater" daemon prio=5 tid=622 timed_waiting
java.lang.Thread.State: TIMED_WAITING
        at sun.misc.Unsafe.park(Native Method)
        at java.util.concurrent.locks.LockSupport.parkNanos(LockSupport.java:215)
        at java.util.concurrent.CompletableFuture$Signaller.block(CompletableFuture.java:1709)
        at java.util.concurrent.ForkJoinPool.managedBlock(ForkJoinPool.java:3323)
        at java.util.concurrent.CompletableFuture.timedGet(CompletableFuture.java:1788)
        at java.util.concurrent.CompletableFuture.get(CompletableFuture.java:1928)
        at org.apache.ratis.util.AwaitForSignal.await(AwaitForSignal.java:56)
        at org.apache.ratis.server.impl.StateMachineUpdater.waitForCommit(StateMachineUpdater.java:207)
        at org.apache.ratis.server.impl.StateMachineUpdater.run(StateMachineUpdater.java:176)
        at java.lang.Thread.run(Thread.java:750)
"org.apache.hadoop.util.JvmPauseMonitor$Monitor@93f00e0" daemon prio=5 tid=389 timed_waiting
java.lang.Thread.State: TIMED_WAITING
        at java.lang.Thread.sleep(Native Method)
        at org.apache.hadoop.util.JvmPauseMonitor$Monitor.run(JvmPauseMonitor.java:192)
        at java.lang.Thread.run(Thread.java:750)
"org.apache.ratis.util.JvmPauseMonitor$$Lambda$684/38778801@6e97e4a7" daemon prio=5 tid=514 timed_waiting
java.lang.Thread.State: TIMED_WAITING
        at java.lang.Thread.sleep(Native Method)
        at java.lang.Thread.sleep(Thread.java:342)
        at java.util.concurrent.TimeUnit.sleep(TimeUnit.java:386)
        at org.apache.ratis.util.TimeDuration.sleep(TimeDuration.java:325)
        at org.apache.ratis.util.TimeDuration.sleep(TimeDuration.java:310)
        at org.apache.ratis.util.JvmPauseMonitor.detectPause(JvmPauseMonitor.java:117)
        at org.apache.ratis.util.JvmPauseMonitor.run(JvmPauseMonitor.java:106)
        at org.apache.ratis.util.JvmPauseMonitor$$Lambda$684/38778801.run(Unknown Source)
        at java.lang.Thread.run(Thread.java:750)
"Datanode ReportManager Thread - 0" daemon prio=5 tid=238 in Object.wait()
java.lang.Thread.State: WAITING (on object monitor)
        at sun.misc.Unsafe.park(Native Method)
        at java.util.concurrent.locks.LockSupport.park(LockSupport.java:175)
        at java.util.concurrent.locks.AbstractQueuedSynchronizer$ConditionObject.await(AbstractQueuedSynchronizer.java:2039)
        at java.util.concurrent.ScheduledThreadPoolExecutor$DelayedWorkQueue.take(ScheduledThreadPoolExecutor.java:1088)
        at java.util.concurrent.ScheduledThreadPoolExecutor$DelayedWorkQueue.take(ScheduledThreadPoolExecutor.java:809)
        at java.util.concurrent.ThreadPoolExecutor.getTask(ThreadPoolExecutor.java:1074)
        at java.util.concurrent.ThreadPoolExecutor.runWorker(ThreadPoolExecutor.java:1134)
        at java.util.concurrent.ThreadPoolExecutor$Worker.run(ThreadPoolExecutor.java:624)
        at java.lang.Thread.run(Thread.java:750)
"qtp2039575147-175-acceptor-0@48489766-ServerConnector@444dac3f{HTTP/1.1, (http/1.1)}{0.0.0.0:43745}" daemon prio=3 tid=175 runnable
java.lang.Thread.State: RUNNABLE
        at sun.nio.ch.ServerSocketChannelImpl.accept0(Native Method)
        at sun.nio.ch.ServerSocketChannelImpl.accept(ServerSocketChannelImpl.java:421)
        at sun.nio.ch.ServerSocketChannelImpl.accept(ServerSocketChannelImpl.java:249)
        at org.eclipse.jetty.server.ServerConnector.accept(ServerConnector.java:388)
        at org.eclipse.jetty.server.AbstractConnector$Acceptor.run(AbstractConnector.java:702)
        at org.eclipse.jetty.util.thread.QueuedThreadPool.runJob(QueuedThreadPool.java:883)
        at org.eclipse.jetty.util.thread.QueuedThreadPool$Runner.run(QueuedThreadPool.java:1034)
        at java.lang.Thread.run(Thread.java:750)
"IPC Server handler 5 on default port 33933" daemon prio=5 tid=149 timed_waiting
java.lang.Thread.State: TIMED_WAITING
        at sun.misc.Unsafe.park(Native Method)
        at java.util.concurrent.locks.LockSupport.parkNanos(LockSupport.java:215)
        at java.util.concurrent.locks.AbstractQueuedSynchronizer$ConditionObject.awaitNanos(AbstractQueuedSynchronizer.java:2078)
        at java.util.concurrent.LinkedBlockingQueue.poll(LinkedBlockingQueue.java:467)
        at org.apache.hadoop.ipc.CallQueueManager.take(CallQueueManager.java:317)
        at org.apache.hadoop.ipc.Server$Handler.run(Server.java:2942)
"qtp760288966-376" daemon prio=5 tid=376 timed_waiting
java.lang.Thread.State: TIMED_WAITING
        at sun.misc.Unsafe.park(Native Method)
        at java.util.concurrent.locks.LockSupport.parkNanos(LockSupport.java:215)
        at java.util.concurrent.locks.AbstractQueuedSynchronizer$ConditionObject.awaitNanos(AbstractQueuedSynchronizer.java:2078)
        at org.eclipse.jetty.util.BlockingArrayQueue.poll(BlockingArrayQueue.java:382)
        at org.eclipse.jetty.util.thread.QueuedThreadPool$Runner.idleJobPoll(QueuedThreadPool.java:974)
        at org.eclipse.jetty.util.thread.QueuedThreadPool$Runner.run(QueuedThreadPool.java:1018)
        at java.lang.Thread.run(Thread.java:750)
"IPC Server handler 15 on default port 43155" daemon prio=5 tid=52 timed_waiting
java.lang.Thread.State: TIMED_WAITING
        at sun.misc.Unsafe.park(Native Method)
        at java.util.concurrent.locks.LockSupport.parkNanos(LockSupport.java:215)
        at java.util.concurrent.locks.AbstractQueuedSynchronizer$ConditionObject.awaitNanos(AbstractQueuedSynchronizer.java:2078)
        at java.util.concurrent.LinkedBlockingQueue.poll(LinkedBlockingQueue.java:467)
        at org.apache.hadoop.ipc.CallQueueManager.take(CallQueueManager.java:317)
        at org.apache.hadoop.ipc.Server$Handler.run(Server.java:2942)
"RatisPipelineUtilsThread - 0"  prio=5 tid=15 timed_waiting
java.lang.Thread.State: TIMED_WAITING
        at java.lang.Object.wait(Native Method)
        at org.apache.hadoop.hdds.scm.pipeline.BackgroundPipelineCreator.run(BackgroundPipelineCreator.java:176)
        at org.apache.hadoop.hdds.scm.pipeline.BackgroundPipelineCreator$$Lambda$371/387137936.run(Unknown Source)
        at java.lang.Thread.run(Thread.java:750)
"StaleRecoveringContainerScrubbingService#0" daemon prio=5 tid=351 in Object.wait()
java.lang.Thread.State: WAITING (on object monitor)
        at sun.misc.Unsafe.park(Native Method)
        at java.util.concurrent.locks.LockSupport.park(LockSupport.java:175)
        at java.util.concurrent.locks.AbstractQueuedSynchronizer$ConditionObject.await(AbstractQueuedSynchronizer.java:2039)
        at java.util.concurrent.ScheduledThreadPoolExecutor$DelayedWorkQueue.take(ScheduledThreadPoolExecutor.java:1088)
        at java.util.concurrent.ScheduledThreadPoolExecutor$DelayedWorkQueue.take(ScheduledThreadPoolExecutor.java:809)
        at java.util.concurrent.ThreadPoolExecutor.getTask(ThreadPoolExecutor.java:1074)
        at java.util.concurrent.ThreadPoolExecutor.runWorker(ThreadPoolExecutor.java:1134)
        at java.util.concurrent.ThreadPoolExecutor$Worker.run(ThreadPoolExecutor.java:624)
        at java.lang.Thread.run(Thread.java:750)
"qtp957421054-260" daemon prio=5 tid=260 timed_waiting
java.lang.Thread.State: TIMED_WAITING
        at sun.misc.Unsafe.park(Native Method)
        at java.util.concurrent.locks.LockSupport.parkNanos(LockSupport.java:215)
        at java.util.concurrent.locks.AbstractQueuedSynchronizer$ConditionObject.awaitNanos(AbstractQueuedSynchronizer.java:2078)
        at org.eclipse.jetty.util.BlockingArrayQueue.poll(BlockingArrayQueue.java:382)
        at org.eclipse.jetty.util.thread.QueuedThreadPool$Runner.idleJobPoll(QueuedThreadPool.java:974)
        at org.eclipse.jetty.util.thread.QueuedThreadPool$Runner.run(QueuedThreadPool.java:1018)
        at java.lang.Thread.run(Thread.java:750)
"EventQueue-StaleNodeForStaleNodeHandler" daemon prio=5 tid=806 in Object.wait()
java.lang.Thread.State: WAITING (on object monitor)
        at sun.misc.Unsafe.park(Native Method)
        at java.util.concurrent.locks.LockSupport.park(LockSupport.java:175)
        at java.util.concurrent.locks.AbstractQueuedSynchronizer$ConditionObject.await(AbstractQueuedSynchronizer.java:2039)
        at java.util.concurrent.LinkedBlockingQueue.take(LinkedBlockingQueue.java:442)
        at java.util.concurrent.ThreadPoolExecutor.getTask(ThreadPoolExecutor.java:1074)
        at java.util.concurrent.ThreadPoolExecutor.runWorker(ThreadPoolExecutor.java:1134)
        at java.util.concurrent.ThreadPoolExecutor$Worker.run(ThreadPoolExecutor.java:624)
        at java.lang.Thread.run(Thread.java:750)
"Datanode ReportManager Thread - 0" daemon prio=5 tid=419 in Object.wait()
java.lang.Thread.State: WAITING (on object monitor)
        at sun.misc.Unsafe.park(Native Method)
        at java.util.concurrent.locks.LockSupport.park(LockSupport.java:175)
        at java.util.concurrent.locks.AbstractQueuedSynchronizer$ConditionObject.await(AbstractQueuedSynchronizer.java:2039)
        at java.util.concurrent.ScheduledThreadPoolExecutor$DelayedWorkQueue.take(ScheduledThreadPoolExecutor.java:1088)
        at java.util.concurrent.ScheduledThreadPoolExecutor$DelayedWorkQueue.take(ScheduledThreadPoolExecutor.java:809)
        at java.util.concurrent.ThreadPoolExecutor.getTask(ThreadPoolExecutor.java:1074)
        at java.util.concurrent.ThreadPoolExecutor.runWorker(ThreadPoolExecutor.java:1134)
        at java.util.concurrent.ThreadPoolExecutor$Worker.run(ThreadPoolExecutor.java:624)
        at java.lang.Thread.run(Thread.java:750)
"IPC Server handler 10 on default port 44657" daemon prio=5 tid=87 timed_waiting
java.lang.Thread.State: TIMED_WAITING
        at sun.misc.Unsafe.park(Native Method)
        at java.util.concurrent.locks.LockSupport.parkNanos(LockSupport.java:215)
        at java.util.concurrent.locks.AbstractQueuedSynchronizer$ConditionObject.awaitNanos(AbstractQueuedSynchronizer.java:2078)
        at java.util.concurrent.LinkedBlockingQueue.poll(LinkedBlockingQueue.java:467)
        at org.apache.hadoop.ipc.CallQueueManager.take(CallQueueManager.java:317)
        at org.apache.hadoop.ipc.Server$Handler.run(Server.java:2942)
"cc783127-5661-4bf3-9a81-5237862e92f6-server-thread2" daemon prio=5 tid=894 timed_waiting
java.lang.Thread.State: TIMED_WAITING
        at sun.misc.Unsafe.park(Native Method)
        at java.util.concurrent.locks.LockSupport.parkNanos(LockSupport.java:215)
        at java.util.concurrent.SynchronousQueue$TransferStack.awaitFulfill(SynchronousQueue.java:460)
        at java.util.concurrent.SynchronousQueue$TransferStack.transfer(SynchronousQueue.java:362)
        at java.util.concurrent.SynchronousQueue.poll(SynchronousQueue.java:941)
        at java.util.concurrent.ThreadPoolExecutor.getTask(ThreadPoolExecutor.java:1073)
        at java.util.concurrent.ThreadPoolExecutor.runWorker(ThreadPoolExecutor.java:1134)
        at java.util.concurrent.ThreadPoolExecutor$Worker.run(ThreadPoolExecutor.java:624)
        at java.lang.Thread.run(Thread.java:750)
"StaleRecoveringContainerScrubbingService#2" daemon prio=5 tid=1048 in Object.wait()
java.lang.Thread.State: WAITING (on object monitor)
        at sun.misc.Unsafe.park(Native Method)
        at java.util.concurrent.locks.LockSupport.park(LockSupport.java:175)
        at java.util.concurrent.locks.AbstractQueuedSynchronizer$ConditionObject.await(AbstractQueuedSynchronizer.java:2039)
        at java.util.concurrent.ScheduledThreadPoolExecutor$DelayedWorkQueue.take(ScheduledThreadPoolExecutor.java:1088)
        at java.util.concurrent.ScheduledThreadPoolExecutor$DelayedWorkQueue.take(ScheduledThreadPoolExecutor.java:809)
        at java.util.concurrent.ThreadPoolExecutor.getTask(ThreadPoolExecutor.java:1074)
        at java.util.concurrent.ThreadPoolExecutor.runWorker(ThreadPoolExecutor.java:1134)
        at java.util.concurrent.ThreadPoolExecutor$Worker.run(ThreadPoolExecutor.java:624)
        at java.lang.Thread.run(Thread.java:750)
"1c12248a-391b-407f-adc5-34f451ebab0a@group-3825EEDB64AD-StateMachineUpdater" daemon prio=5 tid=609 timed_waiting
java.lang.Thread.State: TIMED_WAITING
        at sun.misc.Unsafe.park(Native Method)
        at java.util.concurrent.locks.LockSupport.parkNanos(LockSupport.java:215)
        at java.util.concurrent.CompletableFuture$Signaller.block(CompletableFuture.java:1709)
        at java.util.concurrent.ForkJoinPool.managedBlock(ForkJoinPool.java:3323)
        at java.util.concurrent.CompletableFuture.timedGet(CompletableFuture.java:1788)
        at java.util.concurrent.CompletableFuture.get(CompletableFuture.java:1928)
        at org.apache.ratis.util.AwaitForSignal.await(AwaitForSignal.java:56)
        at org.apache.ratis.server.impl.StateMachineUpdater.waitForCommit(StateMachineUpdater.java:207)
        at org.apache.ratis.server.impl.StateMachineUpdater.run(StateMachineUpdater.java:176)
        at java.lang.Thread.run(Thread.java:750)
"Datanode State Machine Task Thread - 0"  prio=5 tid=464 in Object.wait()
java.lang.Thread.State: WAITING (on object monitor)
        at sun.misc.Unsafe.park(Native Method)
        at java.util.concurrent.locks.LockSupport.park(LockSupport.java:175)
        at java.util.concurrent.locks.AbstractQueuedSynchronizer$ConditionObject.await(AbstractQueuedSynchronizer.java:2039)
        at java.util.concurrent.LinkedBlockingQueue.take(LinkedBlockingQueue.java:442)
        at java.util.concurrent.ThreadPoolExecutor.getTask(ThreadPoolExecutor.java:1074)
        at java.util.concurrent.ThreadPoolExecutor.runWorker(ThreadPoolExecutor.java:1134)
        at java.util.concurrent.ThreadPoolExecutor$Worker.run(ThreadPoolExecutor.java:624)
        at java.lang.Thread.run(Thread.java:750)
"Datanode ReportManager Thread - 3" daemon prio=5 tid=267 in Object.wait()
java.lang.Thread.State: WAITING (on object monitor)
        at sun.misc.Unsafe.park(Native Method)
        at java.util.concurrent.locks.LockSupport.park(LockSupport.java:175)
        at java.util.concurrent.locks.AbstractQueuedSynchronizer$ConditionObject.await(AbstractQueuedSynchronizer.java:2039)
        at java.util.concurrent.ScheduledThreadPoolExecutor$DelayedWorkQueue.take(ScheduledThreadPoolExecutor.java:1088)
        at java.util.concurrent.ScheduledThreadPoolExecutor$DelayedWorkQueue.take(ScheduledThreadPoolExecutor.java:809)
        at java.util.concurrent.ThreadPoolExecutor.getTask(ThreadPoolExecutor.java:1074)
        at java.util.concurrent.ThreadPoolExecutor.runWorker(ThreadPoolExecutor.java:1134)
        at java.util.concurrent.ThreadPoolExecutor$Worker.run(ThreadPoolExecutor.java:624)
        at java.lang.Thread.run(Thread.java:750)
"org.apache.hadoop.util.JvmPauseMonitor$Monitor@6b56ef70" daemon prio=5 tid=463 timed_waiting
java.lang.Thread.State: TIMED_WAITING
        at java.lang.Thread.sleep(Native Method)
        at org.apache.hadoop.util.JvmPauseMonitor$Monitor.run(JvmPauseMonitor.java:192)
        at java.lang.Thread.run(Thread.java:750)
"BlockDeletingService#0" daemon prio=5 tid=350 in Object.wait()
java.lang.Thread.State: WAITING (on object monitor)
        at sun.misc.Unsafe.park(Native Method)
        at java.util.concurrent.locks.LockSupport.park(LockSupport.java:175)
        at java.util.concurrent.locks.AbstractQueuedSynchronizer$ConditionObject.await(AbstractQueuedSynchronizer.java:2039)
        at java.util.concurrent.ScheduledThreadPoolExecutor$DelayedWorkQueue.take(ScheduledThreadPoolExecutor.java:1088)
        at java.util.concurrent.ScheduledThreadPoolExecutor$DelayedWorkQueue.take(ScheduledThreadPoolExecutor.java:809)
        at java.util.concurrent.ThreadPoolExecutor.getTask(ThreadPoolExecutor.java:1074)
        at java.util.concurrent.ThreadPoolExecutor.runWorker(ThreadPoolExecutor.java:1134)
        at java.util.concurrent.ThreadPoolExecutor$Worker.run(ThreadPoolExecutor.java:624)
        at java.lang.Thread.run(Thread.java:750)
"qtp1680882295-313" daemon prio=5 tid=313 timed_waiting
java.lang.Thread.State: TIMED_WAITING
        at sun.misc.Unsafe.park(Native Method)
        at java.util.concurrent.locks.LockSupport.parkNanos(LockSupport.java:215)
        at java.util.concurrent.locks.AbstractQueuedSynchronizer$ConditionObject.awaitNanos(AbstractQueuedSynchronizer.java:2078)
        at org.eclipse.jetty.util.BlockingArrayQueue.poll(BlockingArrayQueue.java:382)
        at org.eclipse.jetty.util.thread.QueuedThreadPool$Runner.idleJobPoll(QueuedThreadPool.java:974)
        at org.eclipse.jetty.util.thread.QueuedThreadPool$Runner.run(QueuedThreadPool.java:1018)
        at java.lang.Thread.run(Thread.java:750)
"Periodic HDDS volume checker" daemon prio=5 tid=166 timed_waiting
java.lang.Thread.State: TIMED_WAITING
        at sun.misc.Unsafe.park(Native Method)
        at java.util.concurrent.locks.LockSupport.parkNanos(LockSupport.java:215)
        at java.util.concurrent.locks.AbstractQueuedSynchronizer$ConditionObject.awaitNanos(AbstractQueuedSynchronizer.java:2078)
        at java.util.concurrent.ScheduledThreadPoolExecutor$DelayedWorkQueue.take(ScheduledThreadPoolExecutor.java:1093)
        at java.util.concurrent.ScheduledThreadPoolExecutor$DelayedWorkQueue.take(ScheduledThreadPoolExecutor.java:809)
        at java.util.concurrent.ThreadPoolExecutor.getTask(ThreadPoolExecutor.java:1074)
        at java.util.concurrent.ThreadPoolExecutor.runWorker(ThreadPoolExecutor.java:1134)
        at java.util.concurrent.ThreadPoolExecutor$Worker.run(ThreadPoolExecutor.java:624)
        at java.lang.Thread.run(Thread.java:750)
"febd5d2c-72de-44b7-b010-e5e9acc30848@group-8519467A4E06-LeaderStateImpl" daemon prio=5 tid=756 timed_waiting
java.lang.Thread.State: TIMED_WAITING
        at sun.misc.Unsafe.park(Native Method)
        at java.util.concurrent.locks.LockSupport.parkNanos(LockSupport.java:215)
        at java.util.concurrent.locks.AbstractQueuedSynchronizer$ConditionObject.awaitNanos(AbstractQueuedSynchronizer.java:2078)
        at java.util.concurrent.ArrayBlockingQueue.poll(ArrayBlockingQueue.java:418)
        at org.apache.ratis.server.impl.LeaderStateImpl$EventQueue.poll(LeaderStateImpl.java:159)
        at org.apache.ratis.server.impl.LeaderStateImpl$EventProcessor.run(LeaderStateImpl.java:630)
"IPC Server handler 3 on default port 33933" daemon prio=5 tid=147 timed_waiting
java.lang.Thread.State: TIMED_WAITING
        at sun.misc.Unsafe.park(Native Method)
        at java.util.concurrent.locks.LockSupport.parkNanos(LockSupport.java:215)
        at java.util.concurrent.locks.AbstractQueuedSynchronizer$ConditionObject.awaitNanos(AbstractQueuedSynchronizer.java:2078)
        at java.util.concurrent.LinkedBlockingQueue.poll(LinkedBlockingQueue.java:467)
        at org.apache.hadoop.ipc.CallQueueManager.take(CallQueueManager.java:317)
        at org.apache.hadoop.ipc.Server$Handler.run(Server.java:2942)
"ChunkWriter-2-0" daemon prio=5 tid=493 in Object.wait()
java.lang.Thread.State: WAITING (on object monitor)
        at sun.misc.Unsafe.park(Native Method)
        at java.util.concurrent.locks.LockSupport.park(LockSupport.java:175)
        at java.util.concurrent.locks.AbstractQueuedSynchronizer$ConditionObject.await(AbstractQueuedSynchronizer.java:2039)
        at java.util.concurrent.LinkedBlockingDeque.takeFirst(LinkedBlockingDeque.java:492)
        at java.util.concurrent.LinkedBlockingDeque.take(LinkedBlockingDeque.java:680)
        at java.util.concurrent.ThreadPoolExecutor.getTask(ThreadPoolExecutor.java:1074)
        at java.util.concurrent.ThreadPoolExecutor.runWorker(ThreadPoolExecutor.java:1134)
        at java.util.concurrent.ThreadPoolExecutor$Worker.run(ThreadPoolExecutor.java:624)
        at java.lang.Thread.run(Thread.java:750)
"ChunkReader-ELG-0" daemon prio=5 tid=484 runnable
java.lang.Thread.State: RUNNABLE
        at org.apache.ratis.thirdparty.io.netty.channel.epoll.Native.epollWait(Native Method)
        at org.apache.ratis.thirdparty.io.netty.channel.epoll.Native.epollWait(Native.java:193)
        at org.apache.ratis.thirdparty.io.netty.channel.epoll.Native.epollWait(Native.java:186)
        at org.apache.ratis.thirdparty.io.netty.channel.epoll.EpollEventLoop.epollWaitNoTimerChange(EpollEventLoop.java:290)
        at org.apache.ratis.thirdparty.io.netty.channel.epoll.EpollEventLoop.run(EpollEventLoop.java:347)
        at org.apache.ratis.thirdparty.io.netty.util.concurrent.SingleThreadEventExecutor$4.run(SingleThreadEventExecutor.java:986)
        at org.apache.ratis.thirdparty.io.netty.util.internal.ThreadExecutorMap$2.run(ThreadExecutorMap.java:74)
        at java.lang.Thread.run(Thread.java:750)
"ChunkReader-0" daemon prio=5 tid=759 in Object.wait()
java.lang.Thread.State: WAITING (on object monitor)
        at sun.misc.Unsafe.park(Native Method)
        at java.util.concurrent.locks.LockSupport.park(LockSupport.java:175)
        at java.util.concurrent.locks.AbstractQueuedSynchronizer$ConditionObject.await(AbstractQueuedSynchronizer.java:2039)
        at java.util.concurrent.LinkedBlockingQueue.take(LinkedBlockingQueue.java:442)
        at java.util.concurrent.ThreadPoolExecutor.getTask(ThreadPoolExecutor.java:1074)
        at java.util.concurrent.ThreadPoolExecutor.runWorker(ThreadPoolExecutor.java:1134)
        at java.util.concurrent.ThreadPoolExecutor$Worker.run(ThreadPoolExecutor.java:624)
        at java.lang.Thread.run(Thread.java:750)
"org.apache.ratis.util.JvmPauseMonitor$$Lambda$684/38778801@3d616298" daemon prio=5 tid=471 timed_waiting
java.lang.Thread.State: TIMED_WAITING
        at java.lang.Thread.sleep(Native Method)
        at java.lang.Thread.sleep(Thread.java:342)
        at java.util.concurrent.TimeUnit.sleep(TimeUnit.java:386)
        at org.apache.ratis.util.TimeDuration.sleep(TimeDuration.java:325)
        at org.apache.ratis.util.TimeDuration.sleep(TimeDuration.java:310)
        at org.apache.ratis.util.JvmPauseMonitor.detectPause(JvmPauseMonitor.java:117)
        at org.apache.ratis.util.JvmPauseMonitor.run(JvmPauseMonitor.java:106)
        at org.apache.ratis.util.JvmPauseMonitor$$Lambda$684/38778801.run(Unknown Source)
        at java.lang.Thread.run(Thread.java:750)
"1c12248a-391b-407f-adc5-34f451ebab0a@group-B894F0B42BE3-StateMachineUpdater" daemon prio=5 tid=606 timed_waiting
java.lang.Thread.State: TIMED_WAITING
        at sun.misc.Unsafe.park(Native Method)
        at java.util.concurrent.locks.LockSupport.parkNanos(LockSupport.java:215)
        at java.util.concurrent.CompletableFuture$Signaller.block(CompletableFuture.java:1709)
        at java.util.concurrent.ForkJoinPool.managedBlock(ForkJoinPool.java:3323)
        at java.util.concurrent.CompletableFuture.timedGet(CompletableFuture.java:1788)
        at java.util.concurrent.CompletableFuture.get(CompletableFuture.java:1928)
        at org.apache.ratis.util.AwaitForSignal.await(AwaitForSignal.java:56)
        at org.apache.ratis.server.impl.StateMachineUpdater.waitForCommit(StateMachineUpdater.java:207)
        at org.apache.ratis.server.impl.StateMachineUpdater.run(StateMachineUpdater.java:176)
        at java.lang.Thread.run(Thread.java:750)
"BlockDeletingService#1" daemon prio=5 tid=475 timed_waiting
java.lang.Thread.State: TIMED_WAITING
        at sun.misc.Unsafe.park(Native Method)
        at java.util.concurrent.locks.LockSupport.parkNanos(LockSupport.java:215)
        at java.util.concurrent.locks.AbstractQueuedSynchronizer$ConditionObject.awaitNanos(AbstractQueuedSynchronizer.java:2078)
        at java.util.concurrent.ScheduledThreadPoolExecutor$DelayedWorkQueue.take(ScheduledThreadPoolExecutor.java:1093)
        at java.util.concurrent.ScheduledThreadPoolExecutor$DelayedWorkQueue.take(ScheduledThreadPoolExecutor.java:809)
        at java.util.concurrent.ThreadPoolExecutor.getTask(ThreadPoolExecutor.java:1074)
        at java.util.concurrent.ThreadPoolExecutor.runWorker(ThreadPoolExecutor.java:1134)
        at java.util.concurrent.ThreadPoolExecutor$Worker.run(ThreadPoolExecutor.java:624)
        at java.lang.Thread.run(Thread.java:750)
"Socket Reader #1 for port 0"  prio=5 tid=32 runnable
java.lang.Thread.State: RUNNABLE
        at sun.nio.ch.EPollArrayWrapper.epollWait(Native Method)
        at sun.nio.ch.EPollArrayWrapper.poll(EPollArrayWrapper.java:269)
        at sun.nio.ch.EPollSelectorImpl.doSelect(EPollSelectorImpl.java:93)
        at sun.nio.ch.SelectorImpl.lockAndDoSelect(SelectorImpl.java:86)
        at sun.nio.ch.SelectorImpl.select(SelectorImpl.java:97)
        at sun.nio.ch.SelectorImpl.select(SelectorImpl.java:101)
        at org.apache.hadoop.ipc.Server$Listener$Reader.doRunLoop(Server.java:1296)
        at org.apache.hadoop.ipc.Server$Listener$Reader.run(Server.java:1275)
"pool-237-thread-1"  prio=5 tid=650 in Object.wait()
java.lang.Thread.State: WAITING (on object monitor)
        at sun.misc.Unsafe.park(Native Method)
        at java.util.concurrent.locks.LockSupport.park(LockSupport.java:175)
        at java.util.concurrent.locks.AbstractQueuedSynchronizer$ConditionObject.await(AbstractQueuedSynchronizer.java:2039)
        at java.util.concurrent.LinkedBlockingQueue.take(LinkedBlockingQueue.java:442)
        at java.util.concurrent.ThreadPoolExecutor.getTask(ThreadPoolExecutor.java:1074)
        at java.util.concurrent.ThreadPoolExecutor.runWorker(ThreadPoolExecutor.java:1134)
        at java.util.concurrent.ThreadPoolExecutor$Worker.run(ThreadPoolExecutor.java:624)
        at java.lang.Thread.run(Thread.java:750)
"qtp1200218812-415" daemon prio=5 tid=415 timed_waiting
java.lang.Thread.State: TIMED_WAITING
        at sun.misc.Unsafe.park(Native Method)
        at java.util.concurrent.locks.LockSupport.parkNanos(LockSupport.java:215)
        at java.util.concurrent.locks.AbstractQueuedSynchronizer$ConditionObject.awaitNanos(AbstractQueuedSynchronizer.java:2078)
        at org.eclipse.jetty.util.BlockingArrayQueue.poll(BlockingArrayQueue.java:382)
        at org.eclipse.jetty.util.thread.QueuedThreadPool$Runner.idleJobPoll(QueuedThreadPool.java:974)
        at org.eclipse.jetty.util.thread.QueuedThreadPool$Runner.run(QueuedThreadPool.java:1018)
        at java.lang.Thread.run(Thread.java:750)
"44dad4d2-9f73-4874-a36a-585ee387199d-server-thread1" daemon prio=5 tid=869 timed_waiting
java.lang.Thread.State: TIMED_WAITING
        at sun.misc.Unsafe.park(Native Method)
        at java.util.concurrent.locks.LockSupport.parkNanos(LockSupport.java:215)
        at java.util.concurrent.SynchronousQueue$TransferStack.awaitFulfill(SynchronousQueue.java:460)
        at java.util.concurrent.SynchronousQueue$TransferStack.transfer(SynchronousQueue.java:362)
        at java.util.concurrent.SynchronousQueue.poll(SynchronousQueue.java:941)
        at java.util.concurrent.ThreadPoolExecutor.getTask(ThreadPoolExecutor.java:1073)
        at java.util.concurrent.ThreadPoolExecutor.runWorker(ThreadPoolExecutor.java:1134)
        at java.util.concurrent.ThreadPoolExecutor$Worker.run(ThreadPoolExecutor.java:624)
        at java.lang.Thread.run(Thread.java:750)
"Datanode State Machine Task Thread - 1"  prio=5 tid=546 in Object.wait()
java.lang.Thread.State: WAITING (on object monitor)
        at sun.misc.Unsafe.park(Native Method)
        at java.util.concurrent.locks.LockSupport.park(LockSupport.java:175)
        at java.util.concurrent.locks.AbstractQueuedSynchronizer$ConditionObject.await(AbstractQueuedSynchronizer.java:2039)
        at java.util.concurrent.LinkedBlockingQueue.take(LinkedBlockingQueue.java:442)
        at java.util.concurrent.ThreadPoolExecutor.getTask(ThreadPoolExecutor.java:1074)
        at java.util.concurrent.ThreadPoolExecutor.runWorker(ThreadPoolExecutor.java:1134)
        at java.util.concurrent.ThreadPoolExecutor$Worker.run(ThreadPoolExecutor.java:624)
        at java.lang.Thread.run(Thread.java:750)
"Under Replicated Processor" daemon prio=5 tid=833 timed_waiting
java.lang.Thread.State: TIMED_WAITING
        at java.lang.Object.wait(Native Method)
        at org.apache.hadoop.hdds.scm.container.replication.UnderReplicatedProcessor.run(UnderReplicatedProcessor.java:142)
        at java.lang.Thread.run(Thread.java:750)
"IPC Server handler 13 on default port 35271" daemon prio=5 tid=70 timed_waiting
java.lang.Thread.State: TIMED_WAITING
        at sun.misc.Unsafe.park(Native Method)
        at java.util.concurrent.locks.LockSupport.parkNanos(LockSupport.java:215)
        at java.util.concurrent.locks.AbstractQueuedSynchronizer$ConditionObject.awaitNanos(AbstractQueuedSynchronizer.java:2078)
        at java.util.concurrent.LinkedBlockingQueue.poll(LinkedBlockingQueue.java:467)
        at org.apache.hadoop.ipc.CallQueueManager.take(CallQueueManager.java:317)
        at org.apache.hadoop.ipc.Server$Handler.run(Server.java:2942)
"qtp1200218812-413" daemon prio=5 tid=413 timed_waiting
java.lang.Thread.State: TIMED_WAITING
        at sun.misc.Unsafe.park(Native Method)
        at java.util.concurrent.locks.LockSupport.parkNanos(LockSupport.java:215)
        at java.util.concurrent.locks.AbstractQueuedSynchronizer$ConditionObject.awaitNanos(AbstractQueuedSynchronizer.java:2078)
        at org.eclipse.jetty.util.BlockingArrayQueue.poll(BlockingArrayQueue.java:382)
        at org.eclipse.jetty.util.thread.QueuedThreadPool$Runner.idleJobPoll(QueuedThreadPool.java:974)
        at org.eclipse.jetty.util.thread.QueuedThreadPool$Runner.run(QueuedThreadPool.java:1018)
        at java.lang.Thread.run(Thread.java:750)
"qtp1227391664-285" daemon prio=5 tid=285 timed_waiting
java.lang.Thread.State: TIMED_WAITING
        at sun.misc.Unsafe.park(Native Method)
        at java.util.concurrent.locks.LockSupport.parkNanos(LockSupport.java:215)
        at java.util.concurrent.locks.AbstractQueuedSynchronizer$ConditionObject.awaitNanos(AbstractQueuedSynchronizer.java:2078)
        at org.eclipse.jetty.util.BlockingArrayQueue.poll(BlockingArrayQueue.java:382)
        at org.eclipse.jetty.util.thread.QueuedThreadPool$Runner.idleJobPoll(QueuedThreadPool.java:974)
        at org.eclipse.jetty.util.thread.QueuedThreadPool$Runner.run(QueuedThreadPool.java:1018)
        at java.lang.Thread.run(Thread.java:750)
"Listener at 127.0.0.1/33933"  prio=5 tid=1 runnable
java.lang.Thread.State: RUNNABLE
        at java.lang.Thread.dumpThreads(Native Method)
        at java.lang.Thread.getAllStackTraces(Thread.java:1615)
        at org.apache.ozone.test.TimedOutTestsListener.buildThreadDump(TimedOutTestsListener.java:93)
        at org.apache.ozone.test.TimedOutTestsListener.buildThreadDiagnosticString(TimedOutTestsListener.java:79)
        at org.apache.ozone.test.GenericTestUtils.waitFor(GenericTestUtils.java:224)
        at org.apache.hadoop.ozone.container.TestECContainerRecovery.waitForContainerCount(TestECContainerRecovery.java:265)
        at org.apache.hadoop.ozone.container.TestECContainerRecovery.testContainerRecoveryOverReplicationProcessing(TestECContainerRecovery.java:209)
        at sun.reflect.NativeMethodAccessorImpl.invoke0(Native Method)
        at sun.reflect.NativeMethodAccessorImpl.invoke(NativeMethodAccessorImpl.java:62)
        at sun.reflect.DelegatingMethodAccessorImpl.invoke(DelegatingMethodAccessorImpl.java:43)
        at java.lang.reflect.Method.invoke(Method.java:498)
        at org.junit.platform.commons.util.ReflectionUtils.invokeMethod(ReflectionUtils.java:725)
        at org.junit.jupiter.engine.execution.MethodInvocation.proceed(MethodInvocation.java:60)
        at org.junit.jupiter.engine.execution.InvocationInterceptorChain$ValidatingInvocation.proceed(InvocationInterceptorChain.java:131)
        at org.junit.jupiter.engine.extension.TimeoutExtension.intercept(TimeoutExtension.java:149)
        at org.junit.jupiter.engine.extension.TimeoutExtension.interceptTestableMethod(TimeoutExtension.java:140)
        at org.junit.jupiter.engine.extension.TimeoutExtension.interceptTestMethod(TimeoutExtension.java:84)
        at org.junit.jupiter.engine.descriptor.TestMethodTestDescriptor$$Lambda$158/977552154.apply(Unknown Source)
        at org.junit.jupiter.engine.execution.ExecutableInvoker$ReflectiveInterceptorCall.lambda$ofVoidMethod$0(ExecutableInvoker.java:115)
        at org.junit.jupiter.engine.execution.ExecutableInvoker$ReflectiveInterceptorCall$$Lambda$159/1208203046.apply(Unknown Source)
        at org.junit.jupiter.engine.execution.ExecutableInvoker.lambda$invoke$0(ExecutableInvoker.java:105)
        at org.junit.jupiter.engine.execution.ExecutableInvoker$$Lambda$314/41489123.apply(Unknown Source)
        at org.junit.jupiter.engine.execution.InvocationInterceptorChain$InterceptedInvocation.proceed(InvocationInterceptorChain.java:106)
        at org.junit.jupiter.engine.execution.InvocationInterceptorChain.proceed(InvocationInterceptorChain.java:64)
        at org.junit.jupiter.engine.execution.InvocationInterceptorChain.chainAndInvoke(InvocationInterceptorChain.java:45)
        at org.junit.jupiter.engine.execution.InvocationInterceptorChain.invoke(InvocationInterceptorChain.java:37)
        at org.junit.jupiter.engine.execution.ExecutableInvoker.invoke(ExecutableInvoker.java:104)
        at org.junit.jupiter.engine.execution.ExecutableInvoker.invoke(ExecutableInvoker.java:98)
        at org.junit.jupiter.engine.descriptor.TestMethodTestDescriptor.lambda$invokeTestMethod$7(TestMethodTestDescriptor.java:214)
        at org.junit.jupiter.engine.descriptor.TestMethodTestDescriptor$$Lambda$1146/1165539531.execute(Unknown Source)
        at org.junit.platform.engine.support.hierarchical.ThrowableCollector.execute(ThrowableCollector.java:73)
        at org.junit.jupiter.engine.descriptor.TestMethodTestDescriptor.invokeTestMethod(TestMethodTestDescriptor.java:210)
        at org.junit.jupiter.engine.descriptor.TestMethodTestDescriptor.execute(TestMethodTestDescriptor.java:135)
        at org.junit.jupiter.engine.descriptor.TestMethodTestDescriptor.execute(TestMethodTestDescriptor.java:66)
        at org.junit.platform.engine.support.hierarchical.NodeTestTask.lambda$executeRecursively$6(NodeTestTask.java:151)
        at org.junit.platform.engine.support.hierarchical.NodeTestTask$$Lambda$258/352367347.execute(Unknown Source)
        at org.junit.platform.engine.support.hierarchical.ThrowableCollector.execute(ThrowableCollector.java:73)
        at org.junit.platform.engine.support.hierarchical.NodeTestTask.lambda$executeRecursively$8(NodeTestTask.java:141)
        at org.junit.platform.engine.support.hierarchical.NodeTestTask$$Lambda$257/684566052.invoke(Unknown Source)
        at org.junit.platform.engine.support.hierarchical.Node.around(Node.java:137)
        at org.junit.platform.engine.support.hierarchical.NodeTestTask.lambda$executeRecursively$9(NodeTestTask.java:139)
        at org.junit.platform.engine.support.hierarchical.NodeTestTask$$Lambda$256/1396721535.execute(Unknown Source)
        at org.junit.platform.engine.support.hierarchical.ThrowableCollector.execute(ThrowableCollector.java:73)
        at org.junit.platform.engine.support.hierarchical.NodeTestTask.executeRecursively(NodeTestTask.java:138)
        at org.junit.platform.engine.support.hierarchical.NodeTestTask.execute(NodeTestTask.java:95)
        at org.junit.platform.engine.support.hierarchical.SameThreadHierarchicalTestExecutorService$$Lambda$262/1383519982.accept(Unknown Source)
        at java.util.ArrayList.forEach(ArrayList.java:1259)
        at org.junit.platform.engine.support.hierarchical.SameThreadHierarchicalTestExecutorService.invokeAll(SameThreadHierarchicalTestExecutorService.java:41)
        at org.junit.platform.engine.support.hierarchical.NodeTestTask.lambda$executeRecursively$6(NodeTestTask.java:155)
        at org.junit.platform.engine.support.hierarchical.NodeTestTask$$Lambda$258/352367347.execute(Unknown Source)
        at org.junit.platform.engine.support.hierarchical.ThrowableCollector.execute(ThrowableCollector.java:73)
        at org.junit.platform.engine.support.hierarchical.NodeTestTask.lambda$executeRecursively$8(NodeTestTask.java:141)
        at org.junit.platform.engine.support.hierarchical.NodeTestTask$$Lambda$257/684566052.invoke(Unknown Source)
        at org.junit.platform.engine.support.hierarchical.Node.around(Node.java:137)
        at org.junit.platform.engine.support.hierarchical.NodeTestTask.lambda$executeRecursively$9(NodeTestTask.java:139)
        at org.junit.platform.engine.support.hierarchical.NodeTestTask$$Lambda$256/1396721535.execute(Unknown Source)
        at org.junit.platform.engine.support.hierarchical.ThrowableCollector.execute(ThrowableCollector.java:73)
        at org.junit.platform.engine.support.hierarchical.NodeTestTask.executeRecursively(NodeTestTask.java:138)
        at org.junit.platform.engine.support.hierarchical.NodeTestTask.execute(NodeTestTask.java:95)
        at org.junit.platform.engine.support.hierarchical.SameThreadHierarchicalTestExecutorService$$Lambda$262/1383519982.accept(Unknown Source)
        at java.util.ArrayList.forEach(ArrayList.java:1259)
        at org.junit.platform.engine.support.hierarchical.SameThreadHierarchicalTestExecutorService.invokeAll(SameThreadHierarchicalTestExecutorService.java:41)
        at org.junit.platform.engine.support.hierarchical.NodeTestTask.lambda$executeRecursively$6(NodeTestTask.java:155)
        at org.junit.platform.engine.support.hierarchical.NodeTestTask$$Lambda$258/352367347.execute(Unknown Source)
        at org.junit.platform.engine.support.hierarchical.ThrowableCollector.execute(ThrowableCollector.java:73)
        at org.junit.platform.engine.support.hierarchical.NodeTestTask.lambda$executeRecursively$8(NodeTestTask.java:141)
        at org.junit.platform.engine.support.hierarchical.NodeTestTask$$Lambda$257/684566052.invoke(Unknown Source)
        at org.junit.platform.engine.support.hierarchical.Node.around(Node.java:137)
        at org.junit.platform.engine.support.hierarchical.NodeTestTask.lambda$executeRecursively$9(NodeTestTask.java:139)
        at org.junit.platform.engine.support.hierarchical.NodeTestTask$$Lambda$256/1396721535.execute(Unknown Source)
        at org.junit.platform.engine.support.hierarchical.ThrowableCollector.execute(ThrowableCollector.java:73)
        at org.junit.platform.engine.support.hierarchical.NodeTestTask.executeRecursively(NodeTestTask.java:138)
        at org.junit.platform.engine.support.hierarchical.NodeTestTask.execute(NodeTestTask.java:95)
        at org.junit.platform.engine.support.hierarchical.SameThreadHierarchicalTestExecutorService.submit(SameThreadHierarchicalTestExecutorService.java:35)
        at org.junit.platform.engine.support.hierarchical.HierarchicalTestExecutor.execute(HierarchicalTestExecutor.java:57)
        at org.junit.platform.engine.support.hierarchical.HierarchicalTestEngine.execute(HierarchicalTestEngine.java:54)
        at org.junit.platform.launcher.core.EngineExecutionOrchestrator.execute(EngineExecutionOrchestrator.java:107)
        at org.junit.platform.launcher.core.EngineExecutionOrchestrator.execute(EngineExecutionOrchestrator.java:88)
        at org.junit.platform.launcher.core.EngineExecutionOrchestrator.lambda$execute$0(EngineExecutionOrchestrator.java:54)
        at org.junit.platform.launcher.core.EngineExecutionOrchestrator$$Lambda$214/1208442275.accept(Unknown Source)
        at org.junit.platform.launcher.core.EngineExecutionOrchestrator.withInterceptedStreams(EngineExecutionOrchestrator.java:67)
        at org.junit.platform.launcher.core.EngineExecutionOrchestrator.execute(EngineExecutionOrchestrator.java:52)
        at org.junit.platform.launcher.core.DefaultLauncher.execute(DefaultLauncher.java:114)
        at org.junit.platform.launcher.core.DefaultLauncher.execute(DefaultLauncher.java:86)
        at org.junit.platform.launcher.core.DefaultLauncherSession$DelegatingLauncher.execute(DefaultLauncherSession.java:86)
        at org.junit.platform.launcher.core.SessionPerRequestLauncher.execute(SessionPerRequestLauncher.java:53)
        at org.apache.maven.surefire.junitplatform.JUnitPlatformProvider.execute(JUnitPlatformProvider.java:188)
        at org.apache.maven.surefire.junitplatform.JUnitPlatformProvider.invokeAllTests(JUnitPlatformProvider.java:154)
        at org.apache.maven.surefire.junitplatform.JUnitPlatformProvider.invoke(JUnitPlatformProvider.java:124)
        at org.apache.maven.surefire.booter.ForkedBooter.runSuitesInProcess(ForkedBooter.java:428)
        at org.apache.maven.surefire.booter.ForkedBooter.execute(ForkedBooter.java:162)
        at org.apache.maven.surefire.booter.ForkedBooter.run(ForkedBooter.java:562)
        at org.apache.maven.surefire.booter.ForkedBooter.main(ForkedBooter.java:548)
"qtp943804946-337" daemon prio=5 tid=337 timed_waiting
java.lang.Thread.State: TIMED_WAITING
        at sun.misc.Unsafe.park(Native Method)
        at java.util.concurrent.locks.LockSupport.parkNanos(LockSupport.java:215)
        at java.util.concurrent.locks.AbstractQueuedSynchronizer$ConditionObject.awaitNanos(AbstractQueuedSynchronizer.java:2078)
        at org.eclipse.jetty.util.BlockingArrayQueue.poll(BlockingArrayQueue.java:382)
        at org.eclipse.jetty.util.thread.QueuedThreadPool$Runner.idleJobPoll(QueuedThreadPool.java:974)
        at org.eclipse.jetty.util.thread.QueuedThreadPool$Runner.run(QueuedThreadPool.java:1018)
        at java.lang.Thread.run(Thread.java:750)
"ChunkWriter-0-0" daemon prio=5 tid=536 in Object.wait()
java.lang.Thread.State: WAITING (on object monitor)
        at sun.misc.Unsafe.park(Native Method)
        at java.util.concurrent.locks.LockSupport.park(LockSupport.java:175)
        at java.util.concurrent.locks.AbstractQueuedSynchronizer$ConditionObject.await(AbstractQueuedSynchronizer.java:2039)
        at java.util.concurrent.LinkedBlockingDeque.takeFirst(LinkedBlockingDeque.java:492)
        at java.util.concurrent.LinkedBlockingDeque.take(LinkedBlockingDeque.java:680)
        at java.util.concurrent.ThreadPoolExecutor.getTask(ThreadPoolExecutor.java:1074)
        at java.util.concurrent.ThreadPoolExecutor.runWorker(ThreadPoolExecutor.java:1134)
        at java.util.concurrent.ThreadPoolExecutor$Worker.run(ThreadPoolExecutor.java:624)
        at java.lang.Thread.run(Thread.java:750)
"ChunkWriter-2-0" daemon prio=5 tid=346 in Object.wait()
java.lang.Thread.State: WAITING (on object monitor)
        at sun.misc.Unsafe.park(Native Method)
        at java.util.concurrent.locks.LockSupport.park(LockSupport.java:175)
        at java.util.concurrent.locks.AbstractQueuedSynchronizer$ConditionObject.await(AbstractQueuedSynchronizer.java:2039)
        at java.util.concurrent.LinkedBlockingDeque.takeFirst(LinkedBlockingDeque.java:492)
        at java.util.concurrent.LinkedBlockingDeque.take(LinkedBlockingDeque.java:680)
        at java.util.concurrent.ThreadPoolExecutor.getTask(ThreadPoolExecutor.java:1074)
        at java.util.concurrent.ThreadPoolExecutor.runWorker(ThreadPoolExecutor.java:1134)
        at java.util.concurrent.ThreadPoolExecutor$Worker.run(ThreadPoolExecutor.java:624)
        at java.lang.Thread.run(Thread.java:750)
"Periodic HDDS volume checker" daemon prio=5 tid=402 timed_waiting
java.lang.Thread.State: TIMED_WAITING
        at sun.misc.Unsafe.park(Native Method)
        at java.util.concurrent.locks.LockSupport.parkNanos(LockSupport.java:215)
        at java.util.concurrent.locks.AbstractQueuedSynchronizer$ConditionObject.awaitNanos(AbstractQueuedSynchronizer.java:2078)
        at java.util.concurrent.ScheduledThreadPoolExecutor$DelayedWorkQueue.take(ScheduledThreadPoolExecutor.java:1093)
        at java.util.concurrent.ScheduledThreadPoolExecutor$DelayedWorkQueue.take(ScheduledThreadPoolExecutor.java:809)
        at java.util.concurrent.ThreadPoolExecutor.getTask(ThreadPoolExecutor.java:1074)
        at java.util.concurrent.ThreadPoolExecutor.runWorker(ThreadPoolExecutor.java:1134)
        at java.util.concurrent.ThreadPoolExecutor$Worker.run(ThreadPoolExecutor.java:624)
        at java.lang.Thread.run(Thread.java:750)
"IPC Server handler 1 on default port 35271" daemon prio=5 tid=58 timed_waiting
java.lang.Thread.State: TIMED_WAITING
        at sun.misc.Unsafe.park(Native Method)
        at java.util.concurrent.locks.LockSupport.parkNanos(LockSupport.java:215)
        at java.util.concurrent.locks.AbstractQueuedSynchronizer$ConditionObject.awaitNanos(AbstractQueuedSynchronizer.java:2078)
        at java.util.concurrent.LinkedBlockingQueue.poll(LinkedBlockingQueue.java:467)
        at org.apache.hadoop.ipc.CallQueueManager.take(CallQueueManager.java:317)
        at org.apache.hadoop.ipc.Server$Handler.run(Server.java:2942)
"Socket Reader #1 for port 0"  prio=5 tid=24 runnable
java.lang.Thread.State: RUNNABLE
        at sun.nio.ch.EPollArrayWrapper.epollWait(Native Method)
        at sun.nio.ch.EPollArrayWrapper.poll(EPollArrayWrapper.java:269)
        at sun.nio.ch.EPollSelectorImpl.doSelect(EPollSelectorImpl.java:93)
        at sun.nio.ch.SelectorImpl.lockAndDoSelect(SelectorImpl.java:86)
        at sun.nio.ch.SelectorImpl.select(SelectorImpl.java:97)
        at sun.nio.ch.SelectorImpl.select(SelectorImpl.java:101)
        at org.apache.hadoop.ipc.Server$Listener$Reader.doRunLoop(Server.java:1296)
        at org.apache.hadoop.ipc.Server$Listener$Reader.run(Server.java:1275)
"pool-210-thread-1"  prio=5 tid=638 in Object.wait()
java.lang.Thread.State: WAITING (on object monitor)
        at sun.misc.Unsafe.park(Native Method)
        at java.util.concurrent.locks.LockSupport.park(LockSupport.java:175)
        at java.util.concurrent.locks.AbstractQueuedSynchronizer$ConditionObject.await(AbstractQueuedSynchronizer.java:2039)
        at java.util.concurrent.LinkedBlockingQueue.take(LinkedBlockingQueue.java:442)
        at java.util.concurrent.ThreadPoolExecutor.getTask(ThreadPoolExecutor.java:1074)
        at java.util.concurrent.ThreadPoolExecutor.runWorker(ThreadPoolExecutor.java:1134)
        at java.util.concurrent.ThreadPoolExecutor$Worker.run(ThreadPoolExecutor.java:624)
        at java.lang.Thread.run(Thread.java:750)
"IPC Server handler 3 on default port 35271" daemon prio=5 tid=60 timed_waiting
java.lang.Thread.State: TIMED_WAITING
        at sun.misc.Unsafe.park(Native Method)
        at java.util.concurrent.locks.LockSupport.parkNanos(LockSupport.java:215)
        at java.util.concurrent.locks.AbstractQueuedSynchronizer$ConditionObject.awaitNanos(AbstractQueuedSynchronizer.java:2078)
        at java.util.concurrent.LinkedBlockingQueue.poll(LinkedBlockingQueue.java:467)
        at org.apache.hadoop.ipc.CallQueueManager.take(CallQueueManager.java:317)
        at org.apache.hadoop.ipc.Server$Handler.run(Server.java:2942)
"5a2944c9-75d7-4a8d-9ead-f995138127cc@group-D73006B0921B-FollowerState" daemon prio=5 tid=885 timed_waiting
java.lang.Thread.State: TIMED_WAITING
        at java.lang.Thread.sleep(Native Method)
        at java.lang.Thread.sleep(Thread.java:342)
        at java.util.concurrent.TimeUnit.sleep(TimeUnit.java:386)
        at org.apache.ratis.util.TimeDuration.sleep(TimeDuration.java:325)
        at org.apache.ratis.util.TimeDuration.sleep(TimeDuration.java:310)
        at org.apache.ratis.server.impl.FollowerState.run(FollowerState.java:128)
"ChunkReader-3" daemon prio=5 tid=781 in Object.wait()
java.lang.Thread.State: WAITING (on object monitor)
        at sun.misc.Unsafe.park(Native Method)
        at java.util.concurrent.locks.LockSupport.park(LockSupport.java:175)
        at java.util.concurrent.locks.AbstractQueuedSynchronizer$ConditionObject.await(AbstractQueuedSynchronizer.java:2039)
        at java.util.concurrent.LinkedBlockingQueue.take(LinkedBlockingQueue.java:442)
        at java.util.concurrent.ThreadPoolExecutor.getTask(ThreadPoolExecutor.java:1074)
        at java.util.concurrent.ThreadPoolExecutor.runWorker(ThreadPoolExecutor.java:1134)
        at java.util.concurrent.ThreadPoolExecutor$Worker.run(ThreadPoolExecutor.java:624)
        at java.lang.Thread.run(Thread.java:750)
"StaleRecoveringContainerScrubbingService#0" daemon prio=5 tid=498 in Object.wait()
java.lang.Thread.State: WAITING (on object monitor)
        at sun.misc.Unsafe.park(Native Method)
        at java.util.concurrent.locks.LockSupport.park(LockSupport.java:175)
        at java.util.concurrent.locks.AbstractQueuedSynchronizer$ConditionObject.await(AbstractQueuedSynchronizer.java:2039)
        at java.util.concurrent.ScheduledThreadPoolExecutor$DelayedWorkQueue.take(ScheduledThreadPoolExecutor.java:1088)
        at java.util.concurrent.ScheduledThreadPoolExecutor$DelayedWorkQueue.take(ScheduledThreadPoolExecutor.java:809)
        at java.util.concurrent.ThreadPoolExecutor.getTask(ThreadPoolExecutor.java:1074)
        at java.util.concurrent.ThreadPoolExecutor.runWorker(ThreadPoolExecutor.java:1134)
        at java.util.concurrent.ThreadPoolExecutor$Worker.run(ThreadPoolExecutor.java:624)
        at java.lang.Thread.run(Thread.java:750)
"qtp760288966-378" daemon prio=5 tid=378 timed_waiting
java.lang.Thread.State: TIMED_WAITING
        at sun.misc.Unsafe.park(Native Method)
        at java.util.concurrent.locks.LockSupport.parkNanos(LockSupport.java:215)
        at java.util.concurrent.locks.AbstractQueuedSynchronizer$ConditionObject.awaitNanos(AbstractQueuedSynchronizer.java:2078)
        at org.eclipse.jetty.util.BlockingArrayQueue.poll(BlockingArrayQueue.java:382)
        at org.eclipse.jetty.util.thread.QueuedThreadPool$Runner.idleJobPoll(QueuedThreadPool.java:974)
        at org.eclipse.jetty.util.thread.QueuedThreadPool$Runner.run(QueuedThreadPool.java:1018)
        at java.lang.Thread.run(Thread.java:750)
"BackgroundPipelineScrubberThread" daemon prio=5 tid=16 timed_waiting
java.lang.Thread.State: TIMED_WAITING
        at java.lang.Object.wait(Native Method)
        at org.apache.hadoop.hdds.scm.ha.BackgroundSCMService.run(BackgroundSCMService.java:110)
        at org.apache.hadoop.hdds.scm.ha.BackgroundSCMService$$Lambda$374/722929970.run(Unknown Source)
        at java.lang.Thread.run(Thread.java:750)
"pool-164-thread-1"  prio=5 tid=611 in Object.wait()
java.lang.Thread.State: WAITING (on object monitor)
        at sun.misc.Unsafe.park(Native Method)
        at java.util.concurrent.locks.LockSupport.park(LockSupport.java:175)
        at java.util.concurrent.locks.AbstractQueuedSynchronizer$ConditionObject.await(AbstractQueuedSynchronizer.java:2039)
        at java.util.concurrent.LinkedBlockingQueue.take(LinkedBlockingQueue.java:442)
        at java.util.concurrent.ThreadPoolExecutor.getTask(ThreadPoolExecutor.java:1074)
        at java.util.concurrent.ThreadPoolExecutor.runWorker(ThreadPoolExecutor.java:1134)
        at java.util.concurrent.ThreadPoolExecutor$Worker.run(ThreadPoolExecutor.java:624)
        at java.lang.Thread.run(Thread.java:750)
"ChunkWriter-1-0" daemon prio=5 tid=525 in Object.wait()
java.lang.Thread.State: WAITING (on object monitor)
        at sun.misc.Unsafe.park(Native Method)
        at java.util.concurrent.locks.LockSupport.park(LockSupport.java:175)
        at java.util.concurrent.locks.AbstractQueuedSynchronizer$ConditionObject.await(AbstractQueuedSynchronizer.java:2039)
        at java.util.concurrent.LinkedBlockingDeque.takeFirst(LinkedBlockingDeque.java:492)
        at java.util.concurrent.LinkedBlockingDeque.take(LinkedBlockingDeque.java:680)
        at java.util.concurrent.ThreadPoolExecutor.getTask(ThreadPoolExecutor.java:1074)
        at java.util.concurrent.ThreadPoolExecutor.runWorker(ThreadPoolExecutor.java:1134)
        at java.util.concurrent.ThreadPoolExecutor$Worker.run(ThreadPoolExecutor.java:624)
        at java.lang.Thread.run(Thread.java:750)
"IPC Server handler 0 on default port 33933" daemon prio=5 tid=144 timed_waiting
java.lang.Thread.State: TIMED_WAITING
        at sun.misc.Unsafe.park(Native Method)
        at java.util.concurrent.locks.LockSupport.parkNanos(LockSupport.java:215)
        at java.util.concurrent.locks.AbstractQueuedSynchronizer$ConditionObject.awaitNanos(AbstractQueuedSynchronizer.java:2078)
        at java.util.concurrent.LinkedBlockingQueue.poll(LinkedBlockingQueue.java:467)
        at org.apache.hadoop.ipc.CallQueueManager.take(CallQueueManager.java:317)
        at org.apache.hadoop.ipc.Server$Handler.run(Server.java:2942)
"ChunkReader-ELG-0" daemon prio=5 tid=529 runnable
java.lang.Thread.State: RUNNABLE
        at org.apache.ratis.thirdparty.io.netty.channel.epoll.Native.epollWait(Native Method)
        at org.apache.ratis.thirdparty.io.netty.channel.epoll.Native.epollWait(Native.java:193)
        at org.apache.ratis.thirdparty.io.netty.channel.epoll.Native.epollWait(Native.java:186)
        at org.apache.ratis.thirdparty.io.netty.channel.epoll.EpollEventLoop.epollWaitNoTimerChange(EpollEventLoop.java:290)
        at org.apache.ratis.thirdparty.io.netty.channel.epoll.EpollEventLoop.run(EpollEventLoop.java:347)
        at org.apache.ratis.thirdparty.io.netty.util.concurrent.SingleThreadEventExecutor$4.run(SingleThreadEventExecutor.java:986)
        at org.apache.ratis.thirdparty.io.netty.util.internal.ThreadExecutorMap$2.run(ThreadExecutorMap.java:74)
        at java.lang.Thread.run(Thread.java:750)
"org.apache.hadoop.util.JvmPauseMonitor$Monitor@41eccf4a" daemon prio=5 tid=361 timed_waiting
java.lang.Thread.State: TIMED_WAITING
        at java.lang.Thread.sleep(Native Method)
        at org.apache.hadoop.util.JvmPauseMonitor$Monitor.run(JvmPauseMonitor.java:192)
        at java.lang.Thread.run(Thread.java:750)
"FixedThreadPoolWithAffinityExecutor-9-0" daemon prio=5 tid=558 in Object.wait()
java.lang.Thread.State: WAITING (on object monitor)
        at sun.misc.Unsafe.park(Native Method)
        at java.util.concurrent.locks.LockSupport.park(LockSupport.java:175)
        at java.util.concurrent.locks.AbstractQueuedSynchronizer$ConditionObject.await(AbstractQueuedSynchronizer.java:2039)
        at java.util.concurrent.LinkedBlockingDeque.takeFirst(LinkedBlockingDeque.java:492)
        at java.util.concurrent.LinkedBlockingDeque.take(LinkedBlockingDeque.java:680)
        at java.util.concurrent.ThreadPoolExecutor.getTask(ThreadPoolExecutor.java:1074)
        at java.util.concurrent.ThreadPoolExecutor.runWorker(ThreadPoolExecutor.java:1134)
        at java.util.concurrent.ThreadPoolExecutor$Worker.run(ThreadPoolExecutor.java:624)
        at java.lang.Thread.run(Thread.java:750)
"IPC Server handler 17 on default port 35271" daemon prio=5 tid=74 timed_waiting
java.lang.Thread.State: TIMED_WAITING
        at sun.misc.Unsafe.park(Native Method)
        at java.util.concurrent.locks.LockSupport.parkNanos(LockSupport.java:215)
        at java.util.concurrent.locks.AbstractQueuedSynchronizer$ConditionObject.awaitNanos(AbstractQueuedSynchronizer.java:2078)
        at java.util.concurrent.LinkedBlockingQueue.poll(LinkedBlockingQueue.java:467)
        at org.apache.hadoop.ipc.CallQueueManager.take(CallQueueManager.java:317)
        at org.apache.hadoop.ipc.Server$Handler.run(Server.java:2942)
"EndpointStateMachine task thread for /0.0.0.0:44657 - 0 "  prio=5 tid=547 in Object.wait()
java.lang.Thread.State: WAITING (on object monitor)
        at sun.misc.Unsafe.park(Native Method)
        at java.util.concurrent.locks.LockSupport.park(LockSupport.java:175)
        at java.util.concurrent.locks.AbstractQueuedSynchronizer$ConditionObject.await(AbstractQueuedSynchronizer.java:2039)
        at java.util.concurrent.LinkedBlockingQueue.take(LinkedBlockingQueue.java:442)
        at java.util.concurrent.ThreadPoolExecutor.getTask(ThreadPoolExecutor.java:1074)
        at java.util.concurrent.ThreadPoolExecutor.runWorker(ThreadPoolExecutor.java:1134)
        at java.util.concurrent.ThreadPoolExecutor$Worker.run(ThreadPoolExecutor.java:624)
        at java.lang.Thread.run(Thread.java:750)
"qtp943804946-339" daemon prio=5 tid=339 timed_waiting
java.lang.Thread.State: TIMED_WAITING
        at sun.misc.Unsafe.park(Native Method)
        at java.util.concurrent.locks.LockSupport.parkNanos(LockSupport.java:215)
        at java.util.concurrent.locks.AbstractQueuedSynchronizer$ConditionObject.awaitNanos(AbstractQueuedSynchronizer.java:2078)
        at org.eclipse.jetty.util.BlockingArrayQueue.poll(BlockingArrayQueue.java:382)
        at org.eclipse.jetty.util.thread.QueuedThreadPool$Runner.idleJobPoll(QueuedThreadPool.java:974)
        at org.eclipse.jetty.util.thread.QueuedThreadPool$Runner.run(QueuedThreadPool.java:1018)
        at java.lang.Thread.run(Thread.java:750)
"qtp2129898017-101-acceptor-0@92fd687-ServerConnector@229fe7ab{HTTP/1.1, (http/1.1)}{0.0.0.0:37569}" daemon prio=3 tid=101 runnable
java.lang.Thread.State: RUNNABLE
        at sun.nio.ch.ServerSocketChannelImpl.accept0(Native Method)
        at sun.nio.ch.ServerSocketChannelImpl.accept(ServerSocketChannelImpl.java:421)
        at sun.nio.ch.ServerSocketChannelImpl.accept(ServerSocketChannelImpl.java:249)
        at org.eclipse.jetty.server.ServerConnector.accept(ServerConnector.java:388)
        at org.eclipse.jetty.server.AbstractConnector$Acceptor.run(AbstractConnector.java:702)
        at org.eclipse.jetty.util.thread.QueuedThreadPool.runJob(QueuedThreadPool.java:883)
        at org.eclipse.jetty.util.thread.QueuedThreadPool$Runner.run(QueuedThreadPool.java:1034)
        at java.lang.Thread.run(Thread.java:750)
"ChunkWriter-2-0" daemon prio=5 tid=526 in Object.wait()
java.lang.Thread.State: WAITING (on object monitor)
        at sun.misc.Unsafe.park(Native Method)
        at java.util.concurrent.locks.LockSupport.park(LockSupport.java:175)
        at java.util.concurrent.locks.AbstractQueuedSynchronizer$ConditionObject.await(AbstractQueuedSynchronizer.java:2039)
        at java.util.concurrent.LinkedBlockingDeque.takeFirst(LinkedBlockingDeque.java:492)
        at java.util.concurrent.LinkedBlockingDeque.take(LinkedBlockingDeque.java:680)
        at java.util.concurrent.ThreadPoolExecutor.getTask(ThreadPoolExecutor.java:1074)
        at java.util.concurrent.ThreadPoolExecutor.runWorker(ThreadPoolExecutor.java:1134)
        at java.util.concurrent.ThreadPoolExecutor$Worker.run(ThreadPoolExecutor.java:624)
        at java.lang.Thread.run(Thread.java:750)
"Session-HouseKeeper-60caf876-1"  prio=5 tid=417 timed_waiting
java.lang.Thread.State: TIMED_WAITING
        at sun.misc.Unsafe.park(Native Method)
        at java.util.concurrent.locks.LockSupport.parkNanos(LockSupport.java:215)
        at java.util.concurrent.locks.AbstractQueuedSynchronizer$ConditionObject.awaitNanos(AbstractQueuedSynchronizer.java:2078)
        at java.util.concurrent.ScheduledThreadPoolExecutor$DelayedWorkQueue.take(ScheduledThreadPoolExecutor.java:1093)
        at java.util.concurrent.ScheduledThreadPoolExecutor$DelayedWorkQueue.take(ScheduledThreadPoolExecutor.java:809)
        at java.util.concurrent.ThreadPoolExecutor.getTask(ThreadPoolExecutor.java:1074)
        at java.util.concurrent.ThreadPoolExecutor.runWorker(ThreadPoolExecutor.java:1134)
        at java.util.concurrent.ThreadPoolExecutor$Worker.run(ThreadPoolExecutor.java:624)
        at java.lang.Thread.run(Thread.java:750)
"Datanode State Machine Task Thread - 0"  prio=5 tid=390 in Object.wait()
java.lang.Thread.State: WAITING (on object monitor)
        at sun.misc.Unsafe.park(Native Method)
        at java.util.concurrent.locks.LockSupport.park(LockSupport.java:175)
        at java.util.concurrent.locks.AbstractQueuedSynchronizer$ConditionObject.await(AbstractQueuedSynchronizer.java:2039)
        at java.util.concurrent.LinkedBlockingQueue.take(LinkedBlockingQueue.java:442)
        at java.util.concurrent.ThreadPoolExecutor.getTask(ThreadPoolExecutor.java:1074)
        at java.util.concurrent.ThreadPoolExecutor.runWorker(ThreadPoolExecutor.java:1134)
        at java.util.concurrent.ThreadPoolExecutor$Worker.run(ThreadPoolExecutor.java:624)
        at java.lang.Thread.run(Thread.java:750)
"Datanode State Machine Task Thread - 1"  prio=5 tid=534 in Object.wait()
java.lang.Thread.State: WAITING (on object monitor)
        at sun.misc.Unsafe.park(Native Method)
        at java.util.concurrent.locks.LockSupport.park(LockSupport.java:175)
        at java.util.concurrent.locks.AbstractQueuedSynchronizer$ConditionObject.await(AbstractQueuedSynchronizer.java:2039)
        at java.util.concurrent.LinkedBlockingQueue.take(LinkedBlockingQueue.java:442)
        at java.util.concurrent.ThreadPoolExecutor.getTask(ThreadPoolExecutor.java:1074)
        at java.util.concurrent.ThreadPoolExecutor.runWorker(ThreadPoolExecutor.java:1134)
        at java.util.concurrent.ThreadPoolExecutor$Worker.run(ThreadPoolExecutor.java:624)
        at java.lang.Thread.run(Thread.java:750)
"Session-HouseKeeper-7232a767-1"  prio=5 tid=314 timed_waiting
java.lang.Thread.State: TIMED_WAITING
        at sun.misc.Unsafe.park(Native Method)
        at java.util.concurrent.locks.LockSupport.parkNanos(LockSupport.java:215)
        at java.util.concurrent.locks.AbstractQueuedSynchronizer$ConditionObject.awaitNanos(AbstractQueuedSynchronizer.java:2078)
        at java.util.concurrent.ScheduledThreadPoolExecutor$DelayedWorkQueue.take(ScheduledThreadPoolExecutor.java:1093)
        at java.util.concurrent.ScheduledThreadPoolExecutor$DelayedWorkQueue.take(ScheduledThreadPoolExecutor.java:809)
        at java.util.concurrent.ThreadPoolExecutor.getTask(ThreadPoolExecutor.java:1074)
        at java.util.concurrent.ThreadPoolExecutor.runWorker(ThreadPoolExecutor.java:1134)
        at java.util.concurrent.ThreadPoolExecutor$Worker.run(ThreadPoolExecutor.java:624)
        at java.lang.Thread.run(Thread.java:750)
"ChunkWriter-0-0" daemon prio=5 tid=510 in Object.wait()
java.lang.Thread.State: WAITING (on object monitor)
        at sun.misc.Unsafe.park(Native Method)
        at java.util.concurrent.locks.LockSupport.park(LockSupport.java:175)
        at java.util.concurrent.locks.AbstractQueuedSynchronizer$ConditionObject.await(AbstractQueuedSynchronizer.java:2039)
        at java.util.concurrent.LinkedBlockingDeque.takeFirst(LinkedBlockingDeque.java:492)
        at java.util.concurrent.LinkedBlockingDeque.take(LinkedBlockingDeque.java:680)
        at java.util.concurrent.ThreadPoolExecutor.getTask(ThreadPoolExecutor.java:1074)
        at java.util.concurrent.ThreadPoolExecutor.runWorker(ThreadPoolExecutor.java:1134)
        at java.util.concurrent.ThreadPoolExecutor$Worker.run(ThreadPoolExecutor.java:624)
        at java.lang.Thread.run(Thread.java:750)
"Datanode ReportManager Thread - 2" daemon prio=5 tid=266 in Object.wait()
java.lang.Thread.State: WAITING (on object monitor)
        at sun.misc.Unsafe.park(Native Method)
        at java.util.concurrent.locks.LockSupport.park(LockSupport.java:175)
        at java.util.concurrent.locks.AbstractQueuedSynchronizer$ConditionObject.await(AbstractQueuedSynchronizer.java:2039)
        at java.util.concurrent.ScheduledThreadPoolExecutor$DelayedWorkQueue.take(ScheduledThreadPoolExecutor.java:1088)
        at java.util.concurrent.ScheduledThreadPoolExecutor$DelayedWorkQueue.take(ScheduledThreadPoolExecutor.java:809)
        at java.util.concurrent.ThreadPoolExecutor.getTask(ThreadPoolExecutor.java:1074)
        at java.util.concurrent.ThreadPoolExecutor.runWorker(ThreadPoolExecutor.java:1134)
        at java.util.concurrent.ThreadPoolExecutor$Worker.run(ThreadPoolExecutor.java:624)
        at java.lang.Thread.run(Thread.java:750)
"Datanode ReportManager Thread - 3" daemon prio=5 tid=187 timed_waiting
java.lang.Thread.State: TIMED_WAITING
        at sun.misc.Unsafe.park(Native Method)
        at java.util.concurrent.locks.LockSupport.parkNanos(LockSupport.java:215)
        at java.util.concurrent.locks.AbstractQueuedSynchronizer$ConditionObject.awaitNanos(AbstractQueuedSynchronizer.java:2078)
        at java.util.concurrent.ScheduledThreadPoolExecutor$DelayedWorkQueue.take(ScheduledThreadPoolExecutor.java:1093)
        at java.util.concurrent.ScheduledThreadPoolExecutor$DelayedWorkQueue.take(ScheduledThreadPoolExecutor.java:809)
        at java.util.concurrent.ThreadPoolExecutor.getTask(ThreadPoolExecutor.java:1074)
        at java.util.concurrent.ThreadPoolExecutor.runWorker(ThreadPoolExecutor.java:1134)
        at java.util.concurrent.ThreadPoolExecutor$Worker.run(ThreadPoolExecutor.java:624)
        at java.lang.Thread.run(Thread.java:750)
"qtp2039575147-180" daemon prio=5 tid=180 timed_waiting
java.lang.Thread.State: TIMED_WAITING
        at sun.misc.Unsafe.park(Native Method)
        at java.util.concurrent.locks.LockSupport.parkNanos(LockSupport.java:215)
        at java.util.concurrent.locks.AbstractQueuedSynchronizer$ConditionObject.awaitNanos(AbstractQueuedSynchronizer.java:2078)
        at org.eclipse.jetty.util.BlockingArrayQueue.poll(BlockingArrayQueue.java:382)
        at org.eclipse.jetty.util.thread.QueuedThreadPool$Runner.idleJobPoll(QueuedThreadPool.java:974)
        at org.eclipse.jetty.util.thread.QueuedThreadPool$Runner.run(QueuedThreadPool.java:1018)
        at java.lang.Thread.run(Thread.java:750)
"Timer for 'StorageContainerManager' metrics system" daemon prio=5 tid=35 timed_waiting
java.lang.Thread.State: TIMED_WAITING
        at java.lang.Object.wait(Native Method)
        at java.util.TimerThread.mainLoop(Timer.java:552)
        at java.util.TimerThread.run(Timer.java:505)
"qtp2129898017-104" daemon prio=5 tid=104 timed_waiting
java.lang.Thread.State: TIMED_WAITING
        at sun.misc.Unsafe.park(Native Method)
        at java.util.concurrent.locks.LockSupport.parkNanos(LockSupport.java:215)
        at java.util.concurrent.locks.AbstractQueuedSynchronizer$ConditionObject.awaitNanos(AbstractQueuedSynchronizer.java:2078)
        at org.eclipse.jetty.util.BlockingArrayQueue.poll(BlockingArrayQueue.java:382)
        at org.eclipse.jetty.util.thread.QueuedThreadPool$Runner.idleJobPoll(QueuedThreadPool.java:974)
        at org.eclipse.jetty.util.thread.QueuedThreadPool$Runner.run(QueuedThreadPool.java:1018)
        at java.lang.Thread.run(Thread.java:750)
"IPC Server idle connection scanner for port 44657" daemon prio=5 tid=25 timed_waiting
java.lang.Thread.State: TIMED_WAITING
        at java.lang.Object.wait(Native Method)
        at java.util.TimerThread.mainLoop(Timer.java:552)
        at java.util.TimerThread.run(Timer.java:505)
"qtp1227391664-287" daemon prio=5 tid=287 timed_waiting
java.lang.Thread.State: TIMED_WAITING
        at sun.misc.Unsafe.park(Native Method)
        at java.util.concurrent.locks.LockSupport.parkNanos(LockSupport.java:215)
        at java.util.concurrent.locks.AbstractQueuedSynchronizer$ConditionObject.awaitNanos(AbstractQueuedSynchronizer.java:2078)
        at org.eclipse.jetty.util.BlockingArrayQueue.poll(BlockingArrayQueue.java:382)
        at org.eclipse.jetty.util.thread.QueuedThreadPool$Runner.idleJobPoll(QueuedThreadPool.java:974)
        at org.eclipse.jetty.util.thread.QueuedThreadPool$Runner.run(QueuedThreadPool.java:1018)
        at java.lang.Thread.run(Thread.java:750)
"qtp957421054-259" daemon prio=5 tid=259 timed_waiting
java.lang.Thread.State: TIMED_WAITING
        at sun.misc.Unsafe.park(Native Method)
        at java.util.concurrent.locks.LockSupport.parkNanos(LockSupport.java:215)
        at java.util.concurrent.locks.AbstractQueuedSynchronizer$ConditionObject.awaitNanos(AbstractQueuedSynchronizer.java:2078)
        at org.eclipse.jetty.util.BlockingArrayQueue.poll(BlockingArrayQueue.java:382)
        at org.eclipse.jetty.util.thread.QueuedThreadPool$Runner.idleJobPoll(QueuedThreadPool.java:974)
        at org.eclipse.jetty.util.thread.QueuedThreadPool$Runner.run(QueuedThreadPool.java:1018)
        at java.lang.Thread.run(Thread.java:750)
"ChunkWriter-1-0" daemon prio=5 tid=345 in Object.wait()
java.lang.Thread.State: WAITING (on object monitor)
        at sun.misc.Unsafe.park(Native Method)
        at java.util.concurrent.locks.LockSupport.park(LockSupport.java:175)
        at java.util.concurrent.locks.AbstractQueuedSynchronizer$ConditionObject.await(AbstractQueuedSynchronizer.java:2039)
        at java.util.concurrent.LinkedBlockingDeque.takeFirst(LinkedBlockingDeque.java:492)
        at java.util.concurrent.LinkedBlockingDeque.take(LinkedBlockingDeque.java:680)
        at java.util.concurrent.ThreadPoolExecutor.getTask(ThreadPoolExecutor.java:1074)
        at java.util.concurrent.ThreadPoolExecutor.runWorker(ThreadPoolExecutor.java:1134)
        at java.util.concurrent.ThreadPoolExecutor$Worker.run(ThreadPoolExecutor.java:624)
        at java.lang.Thread.run(Thread.java:750)
"Datanode State Machine Task Thread - 0"  prio=5 tid=297 in Object.wait()
java.lang.Thread.State: WAITING (on object monitor)
        at sun.misc.Unsafe.park(Native Method)
        at java.util.concurrent.locks.LockSupport.park(LockSupport.java:175)
        at java.util.concurrent.locks.AbstractQueuedSynchronizer$ConditionObject.await(AbstractQueuedSynchronizer.java:2039)
        at java.util.concurrent.LinkedBlockingQueue.take(LinkedBlockingQueue.java:442)
        at java.util.concurrent.ThreadPoolExecutor.getTask(ThreadPoolExecutor.java:1074)
        at java.util.concurrent.ThreadPoolExecutor.runWorker(ThreadPoolExecutor.java:1134)
        at java.util.concurrent.ThreadPoolExecutor$Worker.run(ThreadPoolExecutor.java:624)
        at java.lang.Thread.run(Thread.java:750)
"IPC Server handler 19 on default port 43155" daemon prio=5 tid=56 timed_waiting
java.lang.Thread.State: TIMED_WAITING
        at sun.misc.Unsafe.park(Native Method)
        at java.util.concurrent.locks.LockSupport.parkNanos(LockSupport.java:215)
        at java.util.concurrent.locks.AbstractQueuedSynchronizer$ConditionObject.awaitNanos(AbstractQueuedSynchronizer.java:2078)
        at java.util.concurrent.LinkedBlockingQueue.poll(LinkedBlockingQueue.java:467)
        at org.apache.hadoop.ipc.CallQueueManager.take(CallQueueManager.java:317)
        at org.apache.hadoop.ipc.Server$Handler.run(Server.java:2942)
"EventQueue-OpenPipelineForHealthyPipelineSafeModeRule" daemon prio=5 tid=564 in Object.wait()
java.lang.Thread.State: WAITING (on object monitor)
        at sun.misc.Unsafe.park(Native Method)
        at java.util.concurrent.locks.LockSupport.park(LockSupport.java:175)
        at java.util.concurrent.locks.AbstractQueuedSynchronizer$ConditionObject.await(AbstractQueuedSynchronizer.java:2039)
        at java.util.concurrent.LinkedBlockingQueue.take(LinkedBlockingQueue.java:442)
        at java.util.concurrent.ThreadPoolExecutor.getTask(ThreadPoolExecutor.java:1074)
        at java.util.concurrent.ThreadPoolExecutor.runWorker(ThreadPoolExecutor.java:1134)
        at java.util.concurrent.ThreadPoolExecutor$Worker.run(ThreadPoolExecutor.java:624)
        at java.lang.Thread.run(Thread.java:750)
"458f4e14-7f73-425f-a1e6-d20318ddd1ae@group-DE162C72CFA8-StateMachineUpdater" daemon prio=5 tid=601 timed_waiting
java.lang.Thread.State: TIMED_WAITING
        at sun.misc.Unsafe.park(Native Method)
        at java.util.concurrent.locks.LockSupport.parkNanos(LockSupport.java:215)
        at java.util.concurrent.CompletableFuture$Signaller.block(CompletableFuture.java:1709)
        at java.util.concurrent.ForkJoinPool.managedBlock(ForkJoinPool.java:3323)
        at java.util.concurrent.CompletableFuture.timedGet(CompletableFuture.java:1788)
        at java.util.concurrent.CompletableFuture.get(CompletableFuture.java:1928)
        at org.apache.ratis.util.AwaitForSignal.await(AwaitForSignal.java:56)
        at org.apache.ratis.server.impl.StateMachineUpdater.waitForCommit(StateMachineUpdater.java:207)
        at org.apache.ratis.server.impl.StateMachineUpdater.run(StateMachineUpdater.java:176)
        at java.lang.Thread.run(Thread.java:750)
"Periodic HDDS volume checker" daemon prio=5 tid=364 timed_waiting
java.lang.Thread.State: TIMED_WAITING
        at sun.misc.Unsafe.park(Native Method)
        at java.util.concurrent.locks.LockSupport.parkNanos(LockSupport.java:215)
        at java.util.concurrent.locks.AbstractQueuedSynchronizer$ConditionObject.awaitNanos(AbstractQueuedSynchronizer.java:2078)
        at java.util.concurrent.ScheduledThreadPoolExecutor$DelayedWorkQueue.take(ScheduledThreadPoolExecutor.java:1093)
        at java.util.concurrent.ScheduledThreadPoolExecutor$DelayedWorkQueue.take(ScheduledThreadPoolExecutor.java:809)
        at java.util.concurrent.ThreadPoolExecutor.getTask(ThreadPoolExecutor.java:1074)
        at java.util.concurrent.ThreadPoolExecutor.runWorker(ThreadPoolExecutor.java:1134)
        at java.util.concurrent.ThreadPoolExecutor$Worker.run(ThreadPoolExecutor.java:624)
        at java.lang.Thread.run(Thread.java:750)
"qtp1680882295-307" daemon prio=5 tid=307 timed_waiting
java.lang.Thread.State: TIMED_WAITING
        at sun.misc.Unsafe.park(Native Method)
        at java.util.concurrent.locks.LockSupport.parkNanos(LockSupport.java:215)
        at java.util.concurrent.locks.AbstractQueuedSynchronizer$ConditionObject.awaitNanos(AbstractQueuedSynchronizer.java:2078)
        at org.eclipse.jetty.util.BlockingArrayQueue.poll(BlockingArrayQueue.java:382)
        at org.eclipse.jetty.util.thread.QueuedThreadPool$Runner.idleJobPoll(QueuedThreadPool.java:974)
        at org.eclipse.jetty.util.thread.QueuedThreadPool$Runner.run(QueuedThreadPool.java:1018)
        at java.lang.Thread.run(Thread.java:750)
"Datanode ReportManager Thread - 1" daemon prio=5 tid=356 in Object.wait()
java.lang.Thread.State: WAITING (on object monitor)
        at sun.misc.Unsafe.park(Native Method)
        at java.util.concurrent.locks.LockSupport.park(LockSupport.java:175)
        at java.util.concurrent.locks.AbstractQueuedSynchronizer$ConditionObject.await(AbstractQueuedSynchronizer.java:2039)
        at java.util.concurrent.ScheduledThreadPoolExecutor$DelayedWorkQueue.take(ScheduledThreadPoolExecutor.java:1088)
        at java.util.concurrent.ScheduledThreadPoolExecutor$DelayedWorkQueue.take(ScheduledThreadPoolExecutor.java:809)
        at java.util.concurrent.ThreadPoolExecutor.getTask(ThreadPoolExecutor.java:1074)
        at java.util.concurrent.ThreadPoolExecutor.runWorker(ThreadPoolExecutor.java:1134)
        at java.util.concurrent.ThreadPoolExecutor$Worker.run(ThreadPoolExecutor.java:624)
        at java.lang.Thread.run(Thread.java:750)
"qtp957421054-257" daemon prio=5 tid=257 timed_waiting
java.lang.Thread.State: TIMED_WAITING
        at sun.misc.Unsafe.park(Native Method)
        at java.util.concurrent.locks.LockSupport.parkNanos(LockSupport.java:215)
        at java.util.concurrent.locks.AbstractQueuedSynchronizer$ConditionObject.awaitNanos(AbstractQueuedSynchronizer.java:2078)
        at org.eclipse.jetty.util.BlockingArrayQueue.poll(BlockingArrayQueue.java:382)
        at org.eclipse.jetty.util.thread.QueuedThreadPool$Runner.idleJobPoll(QueuedThreadPool.java:974)
        at org.eclipse.jetty.util.thread.QueuedThreadPool$Runner.run(QueuedThreadPool.java:1018)
        at java.lang.Thread.run(Thread.java:750)
"Command processor thread" daemon prio=5 tid=388 timed_waiting
java.lang.Thread.State: TIMED_WAITING
        at java.lang.Thread.sleep(Native Method)
        at org.apache.hadoop.ozone.container.common.statemachine.DatanodeStateMachine.lambda$initCommandHandlerThread$3(DatanodeStateMachine.java:628)
        at org.apache.hadoop.ozone.container.common.statemachine.DatanodeStateMachine$$Lambda$729/728676909.run(Unknown Source)
        at java.lang.Thread.run(Thread.java:750)
"Datanode ReportManager Thread - 1" daemon prio=5 tid=185 in Object.wait()
java.lang.Thread.State: WAITING (on object monitor)
        at sun.misc.Unsafe.park(Native Method)
        at java.util.concurrent.locks.LockSupport.park(LockSupport.java:175)
        at java.util.concurrent.locks.AbstractQueuedSynchronizer$ConditionObject.await(AbstractQueuedSynchronizer.java:2039)
        at java.util.concurrent.ScheduledThreadPoolExecutor$DelayedWorkQueue.take(ScheduledThreadPoolExecutor.java:1088)
        at java.util.concurrent.ScheduledThreadPoolExecutor$DelayedWorkQueue.take(ScheduledThreadPoolExecutor.java:809)
        at java.util.concurrent.ThreadPoolExecutor.getTask(ThreadPoolExecutor.java:1074)
        at java.util.concurrent.ThreadPoolExecutor.runWorker(ThreadPoolExecutor.java:1134)
        at java.util.concurrent.ThreadPoolExecutor$Worker.run(ThreadPoolExecutor.java:624)
        at java.lang.Thread.run(Thread.java:750)
"IPC Server handler 2 on default port 35271" daemon prio=5 tid=59 timed_waiting
java.lang.Thread.State: TIMED_WAITING
        at sun.misc.Unsafe.park(Native Method)
        at java.util.concurrent.locks.LockSupport.parkNanos(LockSupport.java:215)
        at java.util.concurrent.locks.AbstractQueuedSynchronizer$ConditionObject.awaitNanos(AbstractQueuedSynchronizer.java:2078)
        at java.util.concurrent.LinkedBlockingQueue.poll(LinkedBlockingQueue.java:467)
        at org.apache.hadoop.ipc.CallQueueManager.take(CallQueueManager.java:317)
        at org.apache.hadoop.ipc.Server$Handler.run(Server.java:2942)
"ChunkWriter-0-0" daemon prio=5 tid=467 in Object.wait()
java.lang.Thread.State: WAITING (on object monitor)
        at sun.misc.Unsafe.park(Native Method)
        at java.util.concurrent.locks.LockSupport.park(LockSupport.java:175)
        at java.util.concurrent.locks.AbstractQueuedSynchronizer$ConditionObject.await(AbstractQueuedSynchronizer.java:2039)
        at java.util.concurrent.LinkedBlockingDeque.takeFirst(LinkedBlockingDeque.java:492)
        at java.util.concurrent.LinkedBlockingDeque.take(LinkedBlockingDeque.java:680)
        at java.util.concurrent.ThreadPoolExecutor.getTask(ThreadPoolExecutor.java:1074)
        at java.util.concurrent.ThreadPoolExecutor.runWorker(ThreadPoolExecutor.java:1134)
        at java.util.concurrent.ThreadPoolExecutor$Worker.run(ThreadPoolExecutor.java:624)
        at java.lang.Thread.run(Thread.java:750)
"ChunkWriter-0-0" daemon prio=5 tid=491 in Object.wait()
java.lang.Thread.State: WAITING (on object monitor)
        at sun.misc.Unsafe.park(Native Method)
        at java.util.concurrent.locks.LockSupport.park(LockSupport.java:175)
        at java.util.concurrent.locks.AbstractQueuedSynchronizer$ConditionObject.await(AbstractQueuedSynchronizer.java:2039)
        at java.util.concurrent.LinkedBlockingDeque.takeFirst(LinkedBlockingDeque.java:492)
        at java.util.concurrent.LinkedBlockingDeque.take(LinkedBlockingDeque.java:680)
        at java.util.concurrent.ThreadPoolExecutor.getTask(ThreadPoolExecutor.java:1074)
        at java.util.concurrent.ThreadPoolExecutor.runWorker(ThreadPoolExecutor.java:1134)
        at java.util.concurrent.ThreadPoolExecutor$Worker.run(ThreadPoolExecutor.java:624)
        at java.lang.Thread.run(Thread.java:750)
"Datanode ReportManager Thread - 1" daemon prio=5 tid=291 in Object.wait()
java.lang.Thread.State: WAITING (on object monitor)
        at sun.misc.Unsafe.park(Native Method)
        at java.util.concurrent.locks.LockSupport.parkNanos(LockSupport.java:215)
        at java.util.concurrent.locks.AbstractQueuedSynchronizer$ConditionObject.awaitNanos(AbstractQueuedSynchronizer.java:2078)
        at java.util.concurrent.ScheduledThreadPoolExecutor$DelayedWorkQueue.take(ScheduledThreadPoolExecutor.java:1093)
        at java.util.concurrent.ScheduledThreadPoolExecutor$DelayedWorkQueue.take(ScheduledThreadPoolExecutor.java:809)
        at java.util.concurrent.ThreadPoolExecutor.getTask(ThreadPoolExecutor.java:1074)
        at java.util.concurrent.ThreadPoolExecutor.runWorker(ThreadPoolExecutor.java:1134)
        at java.util.concurrent.ThreadPoolExecutor$Worker.run(ThreadPoolExecutor.java:624)
        at java.lang.Thread.run(Thread.java:750)
"febd5d2c-72de-44b7-b010-e5e9acc30848@group-CA13F6D37BB1-StateMachineUpdater" daemon prio=5 tid=647 timed_waiting
java.lang.Thread.State: TIMED_WAITING
        at sun.misc.Unsafe.park(Native Method)
        at java.util.concurrent.locks.LockSupport.parkNanos(LockSupport.java:215)
        at java.util.concurrent.CompletableFuture$Signaller.block(CompletableFuture.java:1709)
        at java.util.concurrent.ForkJoinPool.managedBlock(ForkJoinPool.java:3323)
        at java.util.concurrent.CompletableFuture.timedGet(CompletableFuture.java:1788)
        at java.util.concurrent.CompletableFuture.get(CompletableFuture.java:1928)
        at org.apache.ratis.util.AwaitForSignal.await(AwaitForSignal.java:56)
        at org.apache.ratis.server.impl.StateMachineUpdater.waitForCommit(StateMachineUpdater.java:207)
        at org.apache.ratis.server.impl.StateMachineUpdater.run(StateMachineUpdater.java:176)
        at java.lang.Thread.run(Thread.java:750)
"ChunkWriter-3-0" daemon prio=5 tid=436 in Object.wait()
java.lang.Thread.State: WAITING (on object monitor)
        at sun.misc.Unsafe.park(Native Method)
        at java.util.concurrent.locks.LockSupport.park(LockSupport.java:175)
        at java.util.concurrent.locks.AbstractQueuedSynchronizer$ConditionObject.await(AbstractQueuedSynchronizer.java:2039)
        at java.util.concurrent.LinkedBlockingDeque.takeFirst(LinkedBlockingDeque.java:492)
        at java.util.concurrent.LinkedBlockingDeque.take(LinkedBlockingDeque.java:680)
        at java.util.concurrent.ThreadPoolExecutor.getTask(ThreadPoolExecutor.java:1074)
        at java.util.concurrent.ThreadPoolExecutor.runWorker(ThreadPoolExecutor.java:1134)
        at java.util.concurrent.ThreadPoolExecutor$Worker.run(ThreadPoolExecutor.java:624)
        at java.lang.Thread.run(Thread.java:750)
"IPC Server handler 18 on default port 44657" daemon prio=5 tid=95 timed_waiting
java.lang.Thread.State: TIMED_WAITING
        at sun.misc.Unsafe.park(Native Method)
        at java.util.concurrent.locks.LockSupport.parkNanos(LockSupport.java:215)
        at java.util.concurrent.locks.AbstractQueuedSynchronizer$ConditionObject.awaitNanos(AbstractQueuedSynchronizer.java:2078)
        at java.util.concurrent.LinkedBlockingQueue.poll(LinkedBlockingQueue.java:467)
        at org.apache.hadoop.ipc.CallQueueManager.take(CallQueueManager.java:317)
        at org.apache.hadoop.ipc.Server$Handler.run(Server.java:2942)
"qtp1327233716-140" daemon prio=5 tid=140 timed_waiting
java.lang.Thread.State: TIMED_WAITING
        at sun.misc.Unsafe.park(Native Method)
        at java.util.concurrent.locks.LockSupport.parkNanos(LockSupport.java:215)
        at java.util.concurrent.locks.AbstractQueuedSynchronizer$ConditionObject.awaitNanos(AbstractQueuedSynchronizer.java:2078)
        at org.eclipse.jetty.util.BlockingArrayQueue.poll(BlockingArrayQueue.java:382)
        at org.eclipse.jetty.util.thread.QueuedThreadPool$Runner.idleJobPoll(QueuedThreadPool.java:974)
        at org.eclipse.jetty.util.thread.QueuedThreadPool$Runner.run(QueuedThreadPool.java:1018)
        at java.lang.Thread.run(Thread.java:750)
"ChunkWriter-1-0" daemon prio=5 tid=492 in Object.wait()
java.lang.Thread.State: WAITING (on object monitor)
        at sun.misc.Unsafe.park(Native Method)
        at java.util.concurrent.locks.LockSupport.park(LockSupport.java:175)
        at java.util.concurrent.locks.AbstractQueuedSynchronizer$ConditionObject.await(AbstractQueuedSynchronizer.java:2039)
        at java.util.concurrent.LinkedBlockingDeque.takeFirst(LinkedBlockingDeque.java:492)
        at java.util.concurrent.LinkedBlockingDeque.take(LinkedBlockingDeque.java:680)
        at java.util.concurrent.ThreadPoolExecutor.getTask(ThreadPoolExecutor.java:1074)
        at java.util.concurrent.ThreadPoolExecutor.runWorker(ThreadPoolExecutor.java:1134)
        at java.util.concurrent.ThreadPoolExecutor$Worker.run(ThreadPoolExecutor.java:624)
        at java.lang.Thread.run(Thread.java:750)
"qtp760288966-372-acceptor-0@388e42dd-ServerConnector@5b8d0c7f{HTTP/1.1, (http/1.1)}{0.0.0.0:37133}" daemon prio=3 tid=372 runnable
java.lang.Thread.State: RUNNABLE
        at sun.nio.ch.ServerSocketChannelImpl.accept0(Native Method)
        at sun.nio.ch.ServerSocketChannelImpl.accept(ServerSocketChannelImpl.java:421)
        at sun.nio.ch.ServerSocketChannelImpl.accept(ServerSocketChannelImpl.java:249)
        at org.eclipse.jetty.server.ServerConnector.accept(ServerConnector.java:388)
        at org.eclipse.jetty.server.AbstractConnector$Acceptor.run(AbstractConnector.java:702)
        at org.eclipse.jetty.util.thread.QueuedThreadPool.runJob(QueuedThreadPool.java:883)
        at org.eclipse.jetty.util.thread.QueuedThreadPool$Runner.run(QueuedThreadPool.java:1034)
        at java.lang.Thread.run(Thread.java:750)
"IPC Server handler 16 on default port 43155" daemon prio=5 tid=53 timed_waiting
java.lang.Thread.State: TIMED_WAITING
        at sun.misc.Unsafe.park(Native Method)
        at java.util.concurrent.locks.LockSupport.parkNanos(LockSupport.java:215)
        at java.util.concurrent.locks.AbstractQueuedSynchronizer$ConditionObject.awaitNanos(AbstractQueuedSynchronizer.java:2078)
        at java.util.concurrent.LinkedBlockingQueue.poll(LinkedBlockingQueue.java:467)
        at org.apache.hadoop.ipc.CallQueueManager.take(CallQueueManager.java:317)
        at org.apache.hadoop.ipc.Server$Handler.run(Server.java:2942)
"StaleRecoveringContainerScrubbingService#0" daemon prio=5 tid=474 in Object.wait()
java.lang.Thread.State: WAITING (on object monitor)
        at sun.misc.Unsafe.park(Native Method)
        at java.util.concurrent.locks.LockSupport.park(LockSupport.java:175)
        at java.util.concurrent.locks.AbstractQueuedSynchronizer$ConditionObject.await(AbstractQueuedSynchronizer.java:2039)
        at java.util.concurrent.ScheduledThreadPoolExecutor$DelayedWorkQueue.take(ScheduledThreadPoolExecutor.java:1088)
        at java.util.concurrent.ScheduledThreadPoolExecutor$DelayedWorkQueue.take(ScheduledThreadPoolExecutor.java:809)
        at java.util.concurrent.ThreadPoolExecutor.getTask(ThreadPoolExecutor.java:1074)
        at java.util.concurrent.ThreadPoolExecutor.runWorker(ThreadPoolExecutor.java:1134)
        at java.util.concurrent.ThreadPoolExecutor$Worker.run(ThreadPoolExecutor.java:624)
        at java.lang.Thread.run(Thread.java:750)
"pool-31-thread-1"  prio=5 tid=99 timed_waiting
java.lang.Thread.State: TIMED_WAITING
        at sun.misc.Unsafe.park(Native Method)
        at java.util.concurrent.locks.LockSupport.parkNanos(LockSupport.java:215)
        at java.util.concurrent.locks.AbstractQueuedSynchronizer$ConditionObject.awaitNanos(AbstractQueuedSynchronizer.java:2078)
        at java.util.concurrent.ScheduledThreadPoolExecutor$DelayedWorkQueue.take(ScheduledThreadPoolExecutor.java:1093)
        at java.util.concurrent.ScheduledThreadPoolExecutor$DelayedWorkQueue.take(ScheduledThreadPoolExecutor.java:809)
        at java.util.concurrent.ThreadPoolExecutor.getTask(ThreadPoolExecutor.java:1074)
        at java.util.concurrent.ThreadPoolExecutor.runWorker(ThreadPoolExecutor.java:1134)
        at java.util.concurrent.ThreadPoolExecutor$Worker.run(ThreadPoolExecutor.java:624)
        at java.lang.Thread.run(Thread.java:750)
"IPC Server handler 19 on default port 33933" daemon prio=5 tid=163 timed_waiting
java.lang.Thread.State: TIMED_WAITING
        at sun.misc.Unsafe.park(Native Method)
        at java.util.concurrent.locks.LockSupport.parkNanos(LockSupport.java:215)
        at java.util.concurrent.locks.AbstractQueuedSynchronizer$ConditionObject.awaitNanos(AbstractQueuedSynchronizer.java:2078)
        at java.util.concurrent.LinkedBlockingQueue.poll(LinkedBlockingQueue.java:467)
        at org.apache.hadoop.ipc.CallQueueManager.take(CallQueueManager.java:317)
        at org.apache.hadoop.ipc.Server$Handler.run(Server.java:2942)
"qtp760288966-373" daemon prio=5 tid=373 timed_waiting
java.lang.Thread.State: TIMED_WAITING
        at sun.misc.Unsafe.park(Native Method)
        at java.util.concurrent.locks.LockSupport.parkNanos(LockSupport.java:215)
        at java.util.concurrent.locks.AbstractQueuedSynchronizer$ConditionObject.awaitNanos(AbstractQueuedSynchronizer.java:2078)
        at org.eclipse.jetty.util.BlockingArrayQueue.poll(BlockingArrayQueue.java:382)
        at org.eclipse.jetty.util.thread.QueuedThreadPool$Runner.idleJobPoll(QueuedThreadPool.java:974)
        at org.eclipse.jetty.util.thread.QueuedThreadPool$Runner.run(QueuedThreadPool.java:1018)
        at java.lang.Thread.run(Thread.java:750)
"org.apache.hadoop.util.JvmPauseMonitor$Monitor@337348de" daemon prio=5 tid=164 timed_waiting
java.lang.Thread.State: TIMED_WAITING
        at java.lang.Thread.sleep(Native Method)
        at org.apache.hadoop.util.JvmPauseMonitor$Monitor.run(JvmPauseMonitor.java:192)
        at java.lang.Thread.run(Thread.java:750)
"BlockDeletingService#2" daemon prio=5 tid=1047 in Object.wait()
java.lang.Thread.State: WAITING (on object monitor)
        at sun.misc.Unsafe.park(Native Method)
        at java.util.concurrent.locks.LockSupport.park(LockSupport.java:175)
        at java.util.concurrent.locks.AbstractQueuedSynchronizer$ConditionObject.await(AbstractQueuedSynchronizer.java:2039)
        at java.util.concurrent.ScheduledThreadPoolExecutor$DelayedWorkQueue.take(ScheduledThreadPoolExecutor.java:1088)
        at java.util.concurrent.ScheduledThreadPoolExecutor$DelayedWorkQueue.take(ScheduledThreadPoolExecutor.java:809)
        at java.util.concurrent.ThreadPoolExecutor.getTask(ThreadPoolExecutor.java:1074)
        at java.util.concurrent.ThreadPoolExecutor.runWorker(ThreadPoolExecutor.java:1134)
        at java.util.concurrent.ThreadPoolExecutor$Worker.run(ThreadPoolExecutor.java:624)
        at java.lang.Thread.run(Thread.java:750)
"25446469-ee3e-40e0-a5a9-d9a79eb44528@group-A0788789F9C8-SegmentedRaftLogWorker"  prio=5 tid=673 timed_waiting
java.lang.Thread.State: TIMED_WAITING
        at sun.misc.Unsafe.park(Native Method)
        at java.util.concurrent.locks.LockSupport.parkNanos(LockSupport.java:215)
        at java.util.concurrent.locks.AbstractQueuedSynchronizer$ConditionObject.awaitNanos(AbstractQueuedSynchronizer.java:2078)
        at org.apache.ratis.util.DataBlockingQueue.poll(DataBlockingQueue.java:148)
        at org.apache.ratis.server.raftlog.segmented.SegmentedRaftLogWorker.run(SegmentedRaftLogWorker.java:301)
        at org.apache.ratis.server.raftlog.segmented.SegmentedRaftLogWorker$$Lambda$612/1848693335.run(Unknown Source)
        at java.lang.Thread.run(Thread.java:750)
"BlockDeletingService#1" daemon prio=5 tid=518 timed_waiting
java.lang.Thread.State: TIMED_WAITING
        at sun.misc.Unsafe.park(Native Method)
        at java.util.concurrent.locks.LockSupport.parkNanos(LockSupport.java:215)
        at java.util.concurrent.locks.AbstractQueuedSynchronizer$ConditionObject.awaitNanos(AbstractQueuedSynchronizer.java:2078)
        at java.util.concurrent.ScheduledThreadPoolExecutor$DelayedWorkQueue.take(ScheduledThreadPoolExecutor.java:1093)
        at java.util.concurrent.ScheduledThreadPoolExecutor$DelayedWorkQueue.take(ScheduledThreadPoolExecutor.java:809)
        at java.util.concurrent.ThreadPoolExecutor.getTask(ThreadPoolExecutor.java:1074)
        at java.util.concurrent.ThreadPoolExecutor.runWorker(ThreadPoolExecutor.java:1134)
        at java.util.concurrent.ThreadPoolExecutor$Worker.run(ThreadPoolExecutor.java:624)
        at java.lang.Thread.run(Thread.java:750)
"IPC Server handler 11 on default port 33933" daemon prio=5 tid=155 timed_waiting
java.lang.Thread.State: TIMED_WAITING
        at sun.misc.Unsafe.park(Native Method)
        at java.util.concurrent.locks.LockSupport.parkNanos(LockSupport.java:215)
        at java.util.concurrent.locks.AbstractQueuedSynchronizer$ConditionObject.awaitNanos(AbstractQueuedSynchronizer.java:2078)
        at java.util.concurrent.LinkedBlockingQueue.poll(LinkedBlockingQueue.java:467)
        at org.apache.hadoop.ipc.CallQueueManager.take(CallQueueManager.java:317)
        at org.apache.hadoop.ipc.Server$Handler.run(Server.java:2942)
"Session-HouseKeeper-50d4b0eb-1"  prio=5 tid=262 timed_waiting
java.lang.Thread.State: TIMED_WAITING
        at sun.misc.Unsafe.park(Native Method)
        at java.util.concurrent.locks.LockSupport.parkNanos(LockSupport.java:215)
        at java.util.concurrent.locks.AbstractQueuedSynchronizer$ConditionObject.awaitNanos(AbstractQueuedSynchronizer.java:2078)
        at java.util.concurrent.ScheduledThreadPoolExecutor$DelayedWorkQueue.take(ScheduledThreadPoolExecutor.java:1093)
        at java.util.concurrent.ScheduledThreadPoolExecutor$DelayedWorkQueue.take(ScheduledThreadPoolExecutor.java:809)
        at java.util.concurrent.ThreadPoolExecutor.getTask(ThreadPoolExecutor.java:1074)
        at java.util.concurrent.ThreadPoolExecutor.runWorker(ThreadPoolExecutor.java:1134)
        at java.util.concurrent.ThreadPoolExecutor$Worker.run(ThreadPoolExecutor.java:624)
        at java.lang.Thread.run(Thread.java:750)
"qtp1680882295-310" daemon prio=5 tid=310 timed_waiting
java.lang.Thread.State: TIMED_WAITING
        at sun.misc.Unsafe.park(Native Method)
        at java.util.concurrent.locks.LockSupport.parkNanos(LockSupport.java:215)
        at java.util.concurrent.locks.AbstractQueuedSynchronizer$ConditionObject.awaitNanos(AbstractQueuedSynchronizer.java:2078)
        at org.eclipse.jetty.util.BlockingArrayQueue.poll(BlockingArrayQueue.java:382)
        at org.eclipse.jetty.util.thread.QueuedThreadPool$Runner.idleJobPoll(QueuedThreadPool.java:974)
        at org.eclipse.jetty.util.thread.QueuedThreadPool$Runner.run(QueuedThreadPool.java:1018)
        at java.lang.Thread.run(Thread.java:750)
"cc783127-5661-4bf3-9a81-5237862e92f6@group-D73006B0921B-SegmentedRaftLogWorker"  prio=5 tid=624 timed_waiting
java.lang.Thread.State: TIMED_WAITING
        at sun.misc.Unsafe.park(Native Method)
        at java.util.concurrent.locks.LockSupport.parkNanos(LockSupport.java:215)
        at java.util.concurrent.locks.AbstractQueuedSynchronizer$ConditionObject.awaitNanos(AbstractQueuedSynchronizer.java:2078)
        at org.apache.ratis.util.DataBlockingQueue.poll(DataBlockingQueue.java:148)
        at org.apache.ratis.server.raftlog.segmented.SegmentedRaftLogWorker.run(SegmentedRaftLogWorker.java:301)
        at org.apache.ratis.server.raftlog.segmented.SegmentedRaftLogWorker$$Lambda$612/1848693335.run(Unknown Source)
        at java.lang.Thread.run(Thread.java:750)
"EndpointStateMachine task thread for /0.0.0.0:44657 - 0 "  prio=5 tid=478 in Object.wait()
java.lang.Thread.State: WAITING (on object monitor)
        at sun.misc.Unsafe.park(Native Method)
        at java.util.concurrent.locks.LockSupport.park(LockSupport.java:175)
        at java.util.concurrent.locks.AbstractQueuedSynchronizer$ConditionObject.await(AbstractQueuedSynchronizer.java:2039)
        at java.util.concurrent.LinkedBlockingQueue.take(LinkedBlockingQueue.java:442)
        at java.util.concurrent.ThreadPoolExecutor.getTask(ThreadPoolExecutor.java:1074)
        at java.util.concurrent.ThreadPoolExecutor.runWorker(ThreadPoolExecutor.java:1134)
        at java.util.concurrent.ThreadPoolExecutor$Worker.run(ThreadPoolExecutor.java:624)
        at java.lang.Thread.run(Thread.java:750)
"pool-203-thread-1" daemon prio=5 tid=327 timed_waiting
java.lang.Thread.State: TIMED_WAITING
        at sun.misc.Unsafe.park(Native Method)
        at java.util.concurrent.locks.LockSupport.parkNanos(LockSupport.java:215)
        at java.util.concurrent.locks.AbstractQueuedSynchronizer$ConditionObject.awaitNanos(AbstractQueuedSynchronizer.java:2078)
        at java.util.concurrent.ScheduledThreadPoolExecutor$DelayedWorkQueue.take(ScheduledThreadPoolExecutor.java:1093)
        at java.util.concurrent.ScheduledThreadPoolExecutor$DelayedWorkQueue.take(ScheduledThreadPoolExecutor.java:809)
        at java.util.concurrent.ThreadPoolExecutor.getTask(ThreadPoolExecutor.java:1074)
        at java.util.concurrent.ThreadPoolExecutor.runWorker(ThreadPoolExecutor.java:1134)
        at java.util.concurrent.ThreadPoolExecutor$Worker.run(ThreadPoolExecutor.java:624)
        at java.lang.Thread.run(Thread.java:750)
"org.apache.hadoop.util.JvmPauseMonitor$Monitor@319233c8" daemon prio=5 tid=244 timed_waiting
java.lang.Thread.State: TIMED_WAITING
        at java.lang.Thread.sleep(Native Method)
        at org.apache.hadoop.util.JvmPauseMonitor$Monitor.run(JvmPauseMonitor.java:192)
        at java.lang.Thread.run(Thread.java:750)
"IPC Server handler 9 on default port 35271" daemon prio=5 tid=66 timed_waiting
java.lang.Thread.State: TIMED_WAITING
        at sun.misc.Unsafe.park(Native Method)
        at java.util.concurrent.locks.LockSupport.parkNanos(LockSupport.java:215)
        at java.util.concurrent.locks.AbstractQueuedSynchronizer$ConditionObject.awaitNanos(AbstractQueuedSynchronizer.java:2078)
        at java.util.concurrent.LinkedBlockingQueue.poll(LinkedBlockingQueue.java:467)
        at org.apache.hadoop.ipc.CallQueueManager.take(CallQueueManager.java:317)
        at org.apache.hadoop.ipc.Server$Handler.run(Server.java:2942)
"8f71354a-19e6-4be6-b89a-dd2f0292058a@group-84E26D0679BC->febd5d2c-72de-44b7-b010-e5e9acc30848-GrpcLogAppender-LogAppenderDaemon" daemon prio=5 tid=856 timed_waiting
java.lang.Thread.State: TIMED_WAITING
        at sun.misc.Unsafe.park(Native Method)
        at java.util.concurrent.locks.LockSupport.parkNanos(LockSupport.java:215)
        at java.util.concurrent.CompletableFuture$Signaller.block(CompletableFuture.java:1709)
        at java.util.concurrent.ForkJoinPool.managedBlock(ForkJoinPool.java:3323)
        at java.util.concurrent.CompletableFuture.timedGet(CompletableFuture.java:1788)
        at java.util.concurrent.CompletableFuture.get(CompletableFuture.java:1928)
        at org.apache.ratis.util.AwaitForSignal.await(AwaitForSignal.java:56)
        at org.apache.ratis.grpc.server.GrpcLogAppender.mayWait(GrpcLogAppender.java:169)
        at org.apache.ratis.grpc.server.GrpcLogAppender.run(GrpcLogAppender.java:128)
        at org.apache.ratis.server.leader.LogAppenderDaemon.run(LogAppenderDaemon.java:77)
        at org.apache.ratis.server.leader.LogAppenderDaemon$$Lambda$1014/1700417656.run(Unknown Source)
        at java.lang.Thread.run(Thread.java:750)
"qtp1681627794-452" daemon prio=5 tid=452 timed_waiting
java.lang.Thread.State: TIMED_WAITING
        at sun.misc.Unsafe.park(Native Method)
        at java.util.concurrent.locks.LockSupport.parkNanos(LockSupport.java:215)
        at java.util.concurrent.locks.AbstractQueuedSynchronizer$ConditionObject.awaitNanos(AbstractQueuedSynchronizer.java:2078)
        at org.eclipse.jetty.util.BlockingArrayQueue.poll(BlockingArrayQueue.java:382)
        at org.eclipse.jetty.util.thread.QueuedThreadPool$Runner.idleJobPoll(QueuedThreadPool.java:974)
        at org.eclipse.jetty.util.thread.QueuedThreadPool$Runner.run(QueuedThreadPool.java:1018)
        at java.lang.Thread.run(Thread.java:750)
"qtp1244255608-231" daemon prio=5 tid=231 timed_waiting
java.lang.Thread.State: TIMED_WAITING
        at sun.misc.Unsafe.park(Native Method)
        at java.util.concurrent.locks.LockSupport.parkNanos(LockSupport.java:215)
        at java.util.concurrent.locks.AbstractQueuedSynchronizer$ConditionObject.awaitNanos(AbstractQueuedSynchronizer.java:2078)
        at org.eclipse.jetty.util.BlockingArrayQueue.poll(BlockingArrayQueue.java:382)
        at org.eclipse.jetty.util.thread.QueuedThreadPool$Runner.idleJobPoll(QueuedThreadPool.java:974)
        at org.eclipse.jetty.util.thread.QueuedThreadPool$Runner.run(QueuedThreadPool.java:1018)
        at java.lang.Thread.run(Thread.java:750)
"Datanode ReportManager Thread - 2" daemon prio=5 tid=292 in Object.wait()
java.lang.Thread.State: WAITING (on object monitor)
        at sun.misc.Unsafe.park(Native Method)
        at java.util.concurrent.locks.LockSupport.park(LockSupport.java:175)
        at java.util.concurrent.locks.AbstractQueuedSynchronizer$ConditionObject.await(AbstractQueuedSynchronizer.java:2039)
        at java.util.concurrent.ScheduledThreadPoolExecutor$DelayedWorkQueue.take(ScheduledThreadPoolExecutor.java:1088)
        at java.util.concurrent.ScheduledThreadPoolExecutor$DelayedWorkQueue.take(ScheduledThreadPoolExecutor.java:809)
        at java.util.concurrent.ThreadPoolExecutor.getTask(ThreadPoolExecutor.java:1074)
        at java.util.concurrent.ThreadPoolExecutor.runWorker(ThreadPoolExecutor.java:1134)
        at java.util.concurrent.ThreadPoolExecutor$Worker.run(ThreadPoolExecutor.java:624)
        at java.lang.Thread.run(Thread.java:750)
"qtp1227391664-280" daemon prio=5 tid=280 runnable
java.lang.Thread.State: RUNNABLE
        at sun.nio.ch.EPollArrayWrapper.epollWait(Native Method)
        at sun.nio.ch.EPollArrayWrapper.poll(EPollArrayWrapper.java:269)
        at sun.nio.ch.EPollSelectorImpl.doSelect(EPollSelectorImpl.java:93)
        at sun.nio.ch.SelectorImpl.lockAndDoSelect(SelectorImpl.java:86)
        at sun.nio.ch.SelectorImpl.select(SelectorImpl.java:97)
        at sun.nio.ch.SelectorImpl.select(SelectorImpl.java:101)
        at org.eclipse.jetty.io.ManagedSelector.nioSelect(ManagedSelector.java:183)
        at org.eclipse.jetty.io.ManagedSelector.select(ManagedSelector.java:190)
        at org.eclipse.jetty.io.ManagedSelector$SelectorProducer.select(ManagedSelector.java:606)
        at org.eclipse.jetty.io.ManagedSelector$SelectorProducer.produce(ManagedSelector.java:543)
        at org.eclipse.jetty.util.thread.strategy.EatWhatYouKill.produceTask(EatWhatYouKill.java:362)
        at org.eclipse.jetty.util.thread.strategy.EatWhatYouKill.doProduce(EatWhatYouKill.java:186)
        at org.eclipse.jetty.util.thread.strategy.EatWhatYouKill.tryProduce(EatWhatYouKill.java:173)
        at org.eclipse.jetty.util.thread.strategy.EatWhatYouKill.produce(EatWhatYouKill.java:137)
        at org.eclipse.jetty.io.ManagedSelector$$Lambda$444/1480051614.run(Unknown Source)
        at org.eclipse.jetty.util.thread.QueuedThreadPool.runJob(QueuedThreadPool.java:883)
        at org.eclipse.jetty.util.thread.QueuedThreadPool$Runner.run(QueuedThreadPool.java:1034)
        at java.lang.Thread.run(Thread.java:750)
"1c12248a-391b-407f-adc5-34f451ebab0a@group-D73006B0921B-LeaderStateImpl" daemon prio=5 tid=887 timed_waiting
java.lang.Thread.State: TIMED_WAITING
        at sun.misc.Unsafe.park(Native Method)
        at java.util.concurrent.locks.LockSupport.parkNanos(LockSupport.java:215)
        at java.util.concurrent.locks.AbstractQueuedSynchronizer$ConditionObject.awaitNanos(AbstractQueuedSynchronizer.java:2078)
        at java.util.concurrent.ArrayBlockingQueue.poll(ArrayBlockingQueue.java:418)
        at org.apache.ratis.server.impl.LeaderStateImpl$EventQueue.poll(LeaderStateImpl.java:159)
        at org.apache.ratis.server.impl.LeaderStateImpl$EventProcessor.run(LeaderStateImpl.java:630)
"ChunkWriter-0-0" daemon prio=5 tid=548 in Object.wait()
java.lang.Thread.State: WAITING (on object monitor)
        at sun.misc.Unsafe.park(Native Method)
        at java.util.concurrent.locks.LockSupport.park(LockSupport.java:175)
        at java.util.concurrent.locks.AbstractQueuedSynchronizer$ConditionObject.await(AbstractQueuedSynchronizer.java:2039)
        at java.util.concurrent.LinkedBlockingDeque.takeFirst(LinkedBlockingDeque.java:492)
        at java.util.concurrent.LinkedBlockingDeque.take(LinkedBlockingDeque.java:680)
        at java.util.concurrent.ThreadPoolExecutor.getTask(ThreadPoolExecutor.java:1074)
        at java.util.concurrent.ThreadPoolExecutor.runWorker(ThreadPoolExecutor.java:1134)
        at java.util.concurrent.ThreadPoolExecutor$Worker.run(ThreadPoolExecutor.java:624)
        at java.lang.Thread.run(Thread.java:750)
"StaleRecoveringContainerScrubbingService#1" daemon prio=5 tid=443 timed_waiting
java.lang.Thread.State: TIMED_WAITING
        at sun.misc.Unsafe.park(Native Method)
        at java.util.concurrent.locks.LockSupport.parkNanos(LockSupport.java:215)
        at java.util.concurrent.locks.AbstractQueuedSynchronizer$ConditionObject.awaitNanos(AbstractQueuedSynchronizer.java:2078)
        at java.util.concurrent.ScheduledThreadPoolExecutor$DelayedWorkQueue.take(ScheduledThreadPoolExecutor.java:1093)
        at java.util.concurrent.ScheduledThreadPoolExecutor$DelayedWorkQueue.take(ScheduledThreadPoolExecutor.java:809)
        at java.util.concurrent.ThreadPoolExecutor.getTask(ThreadPoolExecutor.java:1074)
        at java.util.concurrent.ThreadPoolExecutor.runWorker(ThreadPoolExecutor.java:1134)
        at java.util.concurrent.ThreadPoolExecutor$Worker.run(ThreadPoolExecutor.java:624)
        at java.lang.Thread.run(Thread.java:750)
"8f71354a-19e6-4be6-b89a-dd2f0292058a@group-CA13F6D37BB1-StateMachineUpdater" daemon prio=5 tid=652 timed_waiting
java.lang.Thread.State: TIMED_WAITING
        at sun.misc.Unsafe.park(Native Method)
        at java.util.concurrent.locks.LockSupport.parkNanos(LockSupport.java:215)
        at java.util.concurrent.CompletableFuture$Signaller.block(CompletableFuture.java:1709)
        at java.util.concurrent.ForkJoinPool.managedBlock(ForkJoinPool.java:3323)
        at java.util.concurrent.CompletableFuture.timedGet(CompletableFuture.java:1788)
        at java.util.concurrent.CompletableFuture.get(CompletableFuture.java:1928)
        at org.apache.ratis.util.AwaitForSignal.await(AwaitForSignal.java:56)
        at org.apache.ratis.server.impl.StateMachineUpdater.waitForCommit(StateMachineUpdater.java:207)
        at org.apache.ratis.server.impl.StateMachineUpdater.run(StateMachineUpdater.java:176)
        at java.lang.Thread.run(Thread.java:750)
"Datanode State Machine Daemon Thread" daemon prio=5 tid=315 timed_waiting
java.lang.Thread.State: TIMED_WAITING
        at java.lang.Thread.sleep(Native Method)
        at org.apache.hadoop.ozone.container.common.statemachine.DatanodeStateMachine.startStateMachineThread(DatanodeStateMachine.java:313)
        at org.apache.hadoop.ozone.container.common.statemachine.DatanodeStateMachine.lambda$startDaemon$0(DatanodeStateMachine.java:493)
        at org.apache.hadoop.ozone.container.common.statemachine.DatanodeStateMachine$$Lambda$727/1943859930.run(Unknown Source)
        at java.lang.Thread.run(Thread.java:750)
"qtp1200218812-412" daemon prio=5 tid=412 timed_waiting
java.lang.Thread.State: TIMED_WAITING
        at sun.misc.Unsafe.park(Native Method)
        at java.util.concurrent.locks.LockSupport.parkNanos(LockSupport.java:215)
        at java.util.concurrent.locks.AbstractQueuedSynchronizer$ConditionObject.awaitNanos(AbstractQueuedSynchronizer.java:2078)
        at org.eclipse.jetty.util.BlockingArrayQueue.poll(BlockingArrayQueue.java:382)
        at org.eclipse.jetty.util.thread.QueuedThreadPool$Runner.idleJobPoll(QueuedThreadPool.java:974)
        at org.eclipse.jetty.util.thread.QueuedThreadPool$Runner.run(QueuedThreadPool.java:1018)
        at java.lang.Thread.run(Thread.java:750)
"qtp1244255608-229-acceptor-0@3fab42f3-ServerConnector@397c39bc{HTTP/1.1, (http/1.1)}{0.0.0.0:33121}" daemon prio=3 tid=229 runnable
java.lang.Thread.State: RUNNABLE
        at sun.nio.ch.ServerSocketChannelImpl.accept0(Native Method)
        at sun.nio.ch.ServerSocketChannelImpl.accept(ServerSocketChannelImpl.java:421)
        at sun.nio.ch.ServerSocketChannelImpl.accept(ServerSocketChannelImpl.java:249)
        at org.eclipse.jetty.server.ServerConnector.accept(ServerConnector.java:388)
        at org.eclipse.jetty.server.AbstractConnector$Acceptor.run(AbstractConnector.java:702)
        at org.eclipse.jetty.util.thread.QueuedThreadPool.runJob(QueuedThreadPool.java:883)
        at org.eclipse.jetty.util.thread.QueuedThreadPool$Runner.run(QueuedThreadPool.java:1034)
        at java.lang.Thread.run(Thread.java:750)
"44dad4d2-9f73-4874-a36a-585ee387199d@group-A5C3D62238FA-LeaderStateImpl" daemon prio=5 tid=737 timed_waiting
java.lang.Thread.State: TIMED_WAITING
        at sun.misc.Unsafe.park(Native Method)
        at java.util.concurrent.locks.LockSupport.parkNanos(LockSupport.java:215)
        at java.util.concurrent.locks.AbstractQueuedSynchronizer$ConditionObject.awaitNanos(AbstractQueuedSynchronizer.java:2078)
        at java.util.concurrent.ArrayBlockingQueue.poll(ArrayBlockingQueue.java:418)
        at org.apache.ratis.server.impl.LeaderStateImpl$EventQueue.poll(LeaderStateImpl.java:159)
        at org.apache.ratis.server.impl.LeaderStateImpl$EventProcessor.run(LeaderStateImpl.java:630)
"pool-273-thread-1"  prio=5 tid=408 timed_waiting
java.lang.Thread.State: TIMED_WAITING
        at sun.misc.Unsafe.park(Native Method)
        at java.util.concurrent.locks.LockSupport.parkNanos(LockSupport.java:215)
        at java.util.concurrent.locks.AbstractQueuedSynchronizer$ConditionObject.awaitNanos(AbstractQueuedSynchronizer.java:2078)
        at java.util.concurrent.ScheduledThreadPoolExecutor$DelayedWorkQueue.take(ScheduledThreadPoolExecutor.java:1093)
        at java.util.concurrent.ScheduledThreadPoolExecutor$DelayedWorkQueue.take(ScheduledThreadPoolExecutor.java:809)
        at java.util.concurrent.ThreadPoolExecutor.getTask(ThreadPoolExecutor.java:1074)
        at java.util.concurrent.ThreadPoolExecutor.runWorker(ThreadPoolExecutor.java:1134)
        at java.util.concurrent.ThreadPoolExecutor$Worker.run(ThreadPoolExecutor.java:624)
        at java.lang.Thread.run(Thread.java:750)
"Over Replicated Processor" daemon prio=5 tid=834 timed_waiting
java.lang.Thread.State: TIMED_WAITING
        at java.lang.Object.wait(Native Method)
        at org.apache.hadoop.hdds.scm.container.replication.OverReplicatedProcessor.run(OverReplicatedProcessor.java:131)
        at java.lang.Thread.run(Thread.java:750)
"ChunkReader-0" daemon prio=5 tid=761 in Object.wait()
java.lang.Thread.State: WAITING (on object monitor)
        at sun.misc.Unsafe.park(Native Method)
        at java.util.concurrent.locks.LockSupport.park(LockSupport.java:175)
        at java.util.concurrent.locks.AbstractQueuedSynchronizer$ConditionObject.await(AbstractQueuedSynchronizer.java:2039)
        at java.util.concurrent.LinkedBlockingQueue.take(LinkedBlockingQueue.java:442)
        at java.util.concurrent.ThreadPoolExecutor.getTask(ThreadPoolExecutor.java:1074)
        at java.util.concurrent.ThreadPoolExecutor.runWorker(ThreadPoolExecutor.java:1134)
        at java.util.concurrent.ThreadPoolExecutor$Worker.run(ThreadPoolExecutor.java:624)
        at java.lang.Thread.run(Thread.java:750)
"Datanode ReportManager Thread - 3" daemon prio=5 tid=460 in Object.wait()
java.lang.Thread.State: WAITING (on object monitor)
        at sun.misc.Unsafe.park(Native Method)
        at java.util.concurrent.locks.LockSupport.park(LockSupport.java:175)
        at java.util.concurrent.locks.AbstractQueuedSynchronizer$ConditionObject.await(AbstractQueuedSynchronizer.java:2039)
        at java.util.concurrent.ScheduledThreadPoolExecutor$DelayedWorkQueue.take(ScheduledThreadPoolExecutor.java:1088)
        at java.util.concurrent.ScheduledThreadPoolExecutor$DelayedWorkQueue.take(ScheduledThreadPoolExecutor.java:809)
        at java.util.concurrent.ThreadPoolExecutor.getTask(ThreadPoolExecutor.java:1074)
        at java.util.concurrent.ThreadPoolExecutor.runWorker(ThreadPoolExecutor.java:1134)
        at java.util.concurrent.ThreadPoolExecutor$Worker.run(ThreadPoolExecutor.java:624)
        at java.lang.Thread.run(Thread.java:750)
"qtp1244255608-228" daemon prio=5 tid=228 runnable
java.lang.Thread.State: RUNNABLE
        at sun.nio.ch.EPollArrayWrapper.epollWait(Native Method)
        at sun.nio.ch.EPollArrayWrapper.poll(EPollArrayWrapper.java:269)
        at sun.nio.ch.EPollSelectorImpl.doSelect(EPollSelectorImpl.java:93)
        at sun.nio.ch.SelectorImpl.lockAndDoSelect(SelectorImpl.java:86)
        at sun.nio.ch.SelectorImpl.select(SelectorImpl.java:97)
        at sun.nio.ch.SelectorImpl.select(SelectorImpl.java:101)
        at org.eclipse.jetty.io.ManagedSelector.nioSelect(ManagedSelector.java:183)
        at org.eclipse.jetty.io.ManagedSelector.select(ManagedSelector.java:190)
        at org.eclipse.jetty.io.ManagedSelector$SelectorProducer.select(ManagedSelector.java:606)
        at org.eclipse.jetty.io.ManagedSelector$SelectorProducer.produce(ManagedSelector.java:543)
        at org.eclipse.jetty.util.thread.strategy.EatWhatYouKill.produceTask(EatWhatYouKill.java:362)
        at org.eclipse.jetty.util.thread.strategy.EatWhatYouKill.doProduce(EatWhatYouKill.java:186)
        at org.eclipse.jetty.util.thread.strategy.EatWhatYouKill.tryProduce(EatWhatYouKill.java:173)
        at org.eclipse.jetty.util.thread.strategy.EatWhatYouKill.produce(EatWhatYouKill.java:137)
        at org.eclipse.jetty.io.ManagedSelector$$Lambda$444/1480051614.run(Unknown Source)
        at org.eclipse.jetty.util.thread.QueuedThreadPool.runJob(QueuedThreadPool.java:883)
        at org.eclipse.jetty.util.thread.QueuedThreadPool$Runner.run(QueuedThreadPool.java:1034)
        at java.lang.Thread.run(Thread.java:750)
"qtp2039575147-179" daemon prio=5 tid=179 timed_waiting
java.lang.Thread.State: TIMED_WAITING
        at sun.misc.Unsafe.park(Native Method)
        at java.util.concurrent.locks.LockSupport.parkNanos(LockSupport.java:215)
        at java.util.concurrent.locks.AbstractQueuedSynchronizer$ConditionObject.awaitNanos(AbstractQueuedSynchronizer.java:2078)
        at org.eclipse.jetty.util.BlockingArrayQueue.poll(BlockingArrayQueue.java:382)
        at org.eclipse.jetty.util.thread.QueuedThreadPool$Runner.idleJobPoll(QueuedThreadPool.java:974)
        at org.eclipse.jetty.util.thread.QueuedThreadPool$Runner.run(QueuedThreadPool.java:1018)
        at java.lang.Thread.run(Thread.java:750)
"pool-291-thread-1"  prio=5 tid=672 in Object.wait()
java.lang.Thread.State: WAITING (on object monitor)
        at sun.misc.Unsafe.park(Native Method)
        at java.util.concurrent.locks.LockSupport.park(LockSupport.java:175)
        at java.util.concurrent.locks.AbstractQueuedSynchronizer$ConditionObject.await(AbstractQueuedSynchronizer.java:2039)
        at java.util.concurrent.LinkedBlockingQueue.take(LinkedBlockingQueue.java:442)
        at java.util.concurrent.ThreadPoolExecutor.getTask(ThreadPoolExecutor.java:1074)
        at java.util.concurrent.ThreadPoolExecutor.runWorker(ThreadPoolExecutor.java:1134)
        at java.util.concurrent.ThreadPoolExecutor$Worker.run(ThreadPoolExecutor.java:624)
        at java.lang.Thread.run(Thread.java:750)
"qtp1244255608-233" daemon prio=5 tid=233 timed_waiting
java.lang.Thread.State: TIMED_WAITING
        at sun.misc.Unsafe.park(Native Method)
        at java.util.concurrent.locks.LockSupport.parkNanos(LockSupport.java:215)
        at java.util.concurrent.locks.AbstractQueuedSynchronizer$ConditionObject.awaitNanos(AbstractQueuedSynchronizer.java:2078)
        at org.eclipse.jetty.util.BlockingArrayQueue.poll(BlockingArrayQueue.java:382)
        at org.eclipse.jetty.util.thread.QueuedThreadPool$Runner.idleJobPoll(QueuedThreadPool.java:974)
        at org.eclipse.jetty.util.thread.QueuedThreadPool$Runner.run(QueuedThreadPool.java:1018)
        at java.lang.Thread.run(Thread.java:750)
"Datanode ReportManager Thread - 2" daemon prio=5 tid=240 timed_waiting
java.lang.Thread.State: TIMED_WAITING
        at sun.misc.Unsafe.park(Native Method)
        at java.util.concurrent.locks.LockSupport.parkNanos(LockSupport.java:215)
        at java.util.concurrent.locks.AbstractQueuedSynchronizer$ConditionObject.awaitNanos(AbstractQueuedSynchronizer.java:2078)
        at java.util.concurrent.ScheduledThreadPoolExecutor$DelayedWorkQueue.take(ScheduledThreadPoolExecutor.java:1093)
        at java.util.concurrent.ScheduledThreadPoolExecutor$DelayedWorkQueue.take(ScheduledThreadPoolExecutor.java:809)
        at java.util.concurrent.ThreadPoolExecutor.getTask(ThreadPoolExecutor.java:1074)
        at java.util.concurrent.ThreadPoolExecutor.runWorker(ThreadPoolExecutor.java:1134)
        at java.util.concurrent.ThreadPoolExecutor$Worker.run(ThreadPoolExecutor.java:624)
        at java.lang.Thread.run(Thread.java:750)
"qtp1681627794-453" daemon prio=5 tid=453 timed_waiting
java.lang.Thread.State: TIMED_WAITING
        at sun.misc.Unsafe.park(Native Method)
        at java.util.concurrent.locks.LockSupport.parkNanos(LockSupport.java:215)
        at java.util.concurrent.locks.AbstractQueuedSynchronizer$ConditionObject.awaitNanos(AbstractQueuedSynchronizer.java:2078)
        at org.eclipse.jetty.util.BlockingArrayQueue.poll(BlockingArrayQueue.java:382)
        at org.eclipse.jetty.util.thread.QueuedThreadPool$Runner.idleJobPoll(QueuedThreadPool.java:974)
        at org.eclipse.jetty.util.thread.QueuedThreadPool$Runner.run(QueuedThreadPool.java:1018)
        at java.lang.Thread.run(Thread.java:750)
"febd5d2c-72de-44b7-b010-e5e9acc30848-server-thread1" daemon prio=5 tid=859 timed_waiting
java.lang.Thread.State: TIMED_WAITING
        at sun.misc.Unsafe.park(Native Method)
        at java.util.concurrent.locks.LockSupport.parkNanos(LockSupport.java:215)
        at java.util.concurrent.SynchronousQueue$TransferStack.awaitFulfill(SynchronousQueue.java:460)
        at java.util.concurrent.SynchronousQueue$TransferStack.transfer(SynchronousQueue.java:362)
        at java.util.concurrent.SynchronousQueue.poll(SynchronousQueue.java:941)
        at java.util.concurrent.ThreadPoolExecutor.getTask(ThreadPoolExecutor.java:1073)
        at java.util.concurrent.ThreadPoolExecutor.runWorker(ThreadPoolExecutor.java:1134)
        at java.util.concurrent.ThreadPoolExecutor$Worker.run(ThreadPoolExecutor.java:624)
        at java.lang.Thread.run(Thread.java:750)
"1c12248a-391b-407f-adc5-34f451ebab0a-server-thread1" daemon prio=5 tid=704 timed_waiting
java.lang.Thread.State: TIMED_WAITING
        at sun.misc.Unsafe.park(Native Method)
        at java.util.concurrent.locks.LockSupport.parkNanos(LockSupport.java:215)
        at java.util.concurrent.SynchronousQueue$TransferStack.awaitFulfill(SynchronousQueue.java:460)
        at java.util.concurrent.SynchronousQueue$TransferStack.transfer(SynchronousQueue.java:362)
        at java.util.concurrent.SynchronousQueue.poll(SynchronousQueue.java:941)
        at java.util.concurrent.ThreadPoolExecutor.getTask(ThreadPoolExecutor.java:1073)
        at java.util.concurrent.ThreadPoolExecutor.runWorker(ThreadPoolExecutor.java:1134)
        at java.util.concurrent.ThreadPoolExecutor$Worker.run(ThreadPoolExecutor.java:624)
        at java.lang.Thread.run(Thread.java:750)
"qtp1680882295-306" daemon prio=5 tid=306 runnable
java.lang.Thread.State: RUNNABLE
        at sun.nio.ch.EPollArrayWrapper.epollWait(Native Method)
        at sun.nio.ch.EPollArrayWrapper.poll(EPollArrayWrapper.java:269)
        at sun.nio.ch.EPollSelectorImpl.doSelect(EPollSelectorImpl.java:93)
        at sun.nio.ch.SelectorImpl.lockAndDoSelect(SelectorImpl.java:86)
        at sun.nio.ch.SelectorImpl.select(SelectorImpl.java:97)
        at sun.nio.ch.SelectorImpl.select(SelectorImpl.java:101)
        at org.eclipse.jetty.io.ManagedSelector.nioSelect(ManagedSelector.java:183)
        at org.eclipse.jetty.io.ManagedSelector.select(ManagedSelector.java:190)
        at org.eclipse.jetty.io.ManagedSelector$SelectorProducer.select(ManagedSelector.java:606)
        at org.eclipse.jetty.io.ManagedSelector$SelectorProducer.produce(ManagedSelector.java:543)
        at org.eclipse.jetty.util.thread.strategy.EatWhatYouKill.produceTask(EatWhatYouKill.java:362)
        at org.eclipse.jetty.util.thread.strategy.EatWhatYouKill.doProduce(EatWhatYouKill.java:186)
        at org.eclipse.jetty.util.thread.strategy.EatWhatYouKill.tryProduce(EatWhatYouKill.java:173)
        at org.eclipse.jetty.util.thread.strategy.EatWhatYouKill.produce(EatWhatYouKill.java:137)
        at org.eclipse.jetty.io.ManagedSelector$$Lambda$444/1480051614.run(Unknown Source)
        at org.eclipse.jetty.util.thread.QueuedThreadPool.runJob(QueuedThreadPool.java:883)
        at org.eclipse.jetty.util.thread.QueuedThreadPool$Runner.run(QueuedThreadPool.java:1034)
        at java.lang.Thread.run(Thread.java:750)
"qtp1244255608-232" daemon prio=5 tid=232 timed_waiting
java.lang.Thread.State: TIMED_WAITING
        at sun.misc.Unsafe.park(Native Method)
        at java.util.concurrent.locks.LockSupport.parkNanos(LockSupport.java:215)
        at java.util.concurrent.locks.AbstractQueuedSynchronizer$ConditionObject.awaitNanos(AbstractQueuedSynchronizer.java:2078)
        at org.eclipse.jetty.util.BlockingArrayQueue.poll(BlockingArrayQueue.java:382)
        at org.eclipse.jetty.util.thread.QueuedThreadPool$Runner.idleJobPoll(QueuedThreadPool.java:974)
        at org.eclipse.jetty.util.thread.QueuedThreadPool$Runner.run(QueuedThreadPool.java:1018)
        at java.lang.Thread.run(Thread.java:750)
"44dad4d2-9f73-4874-a36a-585ee387199d@group-84E26D0679BC-StateMachineUpdater" daemon prio=5 tid=656 timed_waiting
java.lang.Thread.State: TIMED_WAITING
        at sun.misc.Unsafe.park(Native Method)
        at java.util.concurrent.locks.LockSupport.parkNanos(LockSupport.java:215)
        at java.util.concurrent.CompletableFuture$Signaller.block(CompletableFuture.java:1709)
        at java.util.concurrent.ForkJoinPool.managedBlock(ForkJoinPool.java:3323)
        at java.util.concurrent.CompletableFuture.timedGet(CompletableFuture.java:1788)
        at java.util.concurrent.CompletableFuture.get(CompletableFuture.java:1928)
        at org.apache.ratis.util.AwaitForSignal.await(AwaitForSignal.java:56)
        at org.apache.ratis.server.impl.StateMachineUpdater.waitForCommit(StateMachineUpdater.java:207)
        at org.apache.ratis.server.impl.StateMachineUpdater.run(StateMachineUpdater.java:176)
        at java.lang.Thread.run(Thread.java:750)
"pool-219-thread-1"  prio=5 tid=331 timed_waiting
java.lang.Thread.State: TIMED_WAITING
        at sun.misc.Unsafe.park(Native Method)
        at java.util.concurrent.locks.LockSupport.parkNanos(LockSupport.java:215)
        at java.util.concurrent.locks.AbstractQueuedSynchronizer$ConditionObject.awaitNanos(AbstractQueuedSynchronizer.java:2078)
        at java.util.concurrent.ScheduledThreadPoolExecutor$DelayedWorkQueue.take(ScheduledThreadPoolExecutor.java:1093)
        at java.util.concurrent.ScheduledThreadPoolExecutor$DelayedWorkQueue.take(ScheduledThreadPoolExecutor.java:809)
        at java.util.concurrent.ThreadPoolExecutor.getTask(ThreadPoolExecutor.java:1074)
        at java.util.concurrent.ThreadPoolExecutor.runWorker(ThreadPoolExecutor.java:1134)
        at java.util.concurrent.ThreadPoolExecutor$Worker.run(ThreadPoolExecutor.java:624)
        at java.lang.Thread.run(Thread.java:750)
"pool-127-thread-1"  prio=5 tid=227 timed_waiting
java.lang.Thread.State: TIMED_WAITING
        at sun.misc.Unsafe.park(Native Method)
        at java.util.concurrent.locks.LockSupport.parkNanos(LockSupport.java:215)
        at java.util.concurrent.locks.AbstractQueuedSynchronizer$ConditionObject.awaitNanos(AbstractQueuedSynchronizer.java:2078)
        at java.util.concurrent.ScheduledThreadPoolExecutor$DelayedWorkQueue.take(ScheduledThreadPoolExecutor.java:1093)
        at java.util.concurrent.ScheduledThreadPoolExecutor$DelayedWorkQueue.take(ScheduledThreadPoolExecutor.java:809)
        at java.util.concurrent.ThreadPoolExecutor.getTask(ThreadPoolExecutor.java:1074)
        at java.util.concurrent.ThreadPoolExecutor.runWorker(ThreadPoolExecutor.java:1134)
        at java.util.concurrent.ThreadPoolExecutor$Worker.run(ThreadPoolExecutor.java:624)
        at java.lang.Thread.run(Thread.java:750)
"44dad4d2-9f73-4874-a36a-585ee387199d@group-84E26D0679BC-FollowerState" daemon prio=5 tid=853 timed_waiting
java.lang.Thread.State: TIMED_WAITING
        at java.lang.Thread.sleep(Native Method)
        at java.lang.Thread.sleep(Thread.java:342)
        at java.util.concurrent.TimeUnit.sleep(TimeUnit.java:386)
        at org.apache.ratis.util.TimeDuration.sleep(TimeDuration.java:325)
        at org.apache.ratis.util.TimeDuration.sleep(TimeDuration.java:310)
        at org.apache.ratis.server.impl.FollowerState.run(FollowerState.java:128)
"EndpointStateMachine task thread for /0.0.0.0:44657 - 0 "  prio=5 tid=466 in Object.wait()
java.lang.Thread.State: WAITING (on object monitor)
        at sun.misc.Unsafe.park(Native Method)
        at java.util.concurrent.locks.LockSupport.park(LockSupport.java:175)
        at java.util.concurrent.locks.AbstractQueuedSynchronizer$ConditionObject.await(AbstractQueuedSynchronizer.java:2039)
        at java.util.concurrent.LinkedBlockingQueue.take(LinkedBlockingQueue.java:442)
        at java.util.concurrent.ThreadPoolExecutor.getTask(ThreadPoolExecutor.java:1074)
        at java.util.concurrent.ThreadPoolExecutor.runWorker(ThreadPoolExecutor.java:1134)
        at java.util.concurrent.ThreadPoolExecutor$Worker.run(ThreadPoolExecutor.java:624)
        at java.lang.Thread.run(Thread.java:750)
"1c12248a-391b-407f-adc5-34f451ebab0a@group-D73006B0921B->cc783127-5661-4bf3-9a81-5237862e92f6-GrpcLogAppender-LogAppenderDaemon" daemon prio=5 tid=888 timed_waiting
java.lang.Thread.State: TIMED_WAITING
        at sun.misc.Unsafe.park(Native Method)
        at java.util.concurrent.locks.LockSupport.parkNanos(LockSupport.java:215)
        at java.util.concurrent.CompletableFuture$Signaller.block(CompletableFuture.java:1709)
        at java.util.concurrent.ForkJoinPool.managedBlock(ForkJoinPool.java:3323)
        at java.util.concurrent.CompletableFuture.timedGet(CompletableFuture.java:1788)
        at java.util.concurrent.CompletableFuture.get(CompletableFuture.java:1928)
        at org.apache.ratis.util.AwaitForSignal.await(AwaitForSignal.java:56)
        at org.apache.ratis.grpc.server.GrpcLogAppender.mayWait(GrpcLogAppender.java:169)
        at org.apache.ratis.grpc.server.GrpcLogAppender.run(GrpcLogAppender.java:128)
        at org.apache.ratis.server.leader.LogAppenderDaemon.run(LogAppenderDaemon.java:77)
        at org.apache.ratis.server.leader.LogAppenderDaemon$$Lambda$1014/1700417656.run(Unknown Source)
        at java.lang.Thread.run(Thread.java:750)
"grpc-default-executor-3" daemon prio=5 tid=771 timed_waiting
java.lang.Thread.State: TIMED_WAITING
        at sun.misc.Unsafe.park(Native Method)
        at java.util.concurrent.locks.LockSupport.parkNanos(LockSupport.java:215)
        at java.util.concurrent.SynchronousQueue$TransferStack.awaitFulfill(SynchronousQueue.java:460)
        at java.util.concurrent.SynchronousQueue$TransferStack.transfer(SynchronousQueue.java:362)
        at java.util.concurrent.SynchronousQueue.poll(SynchronousQueue.java:941)
        at java.util.concurrent.ThreadPoolExecutor.getTask(ThreadPoolExecutor.java:1073)
        at java.util.concurrent.ThreadPoolExecutor.runWorker(ThreadPoolExecutor.java:1134)
        at java.util.concurrent.ThreadPoolExecutor$Worker.run(ThreadPoolExecutor.java:624)
        at java.lang.Thread.run(Thread.java:750)
"StaleRecoveringContainerScrubbingService#1" daemon prio=5 tid=500 timed_waiting
java.lang.Thread.State: TIMED_WAITING
        at sun.misc.Unsafe.park(Native Method)
        at java.util.concurrent.locks.LockSupport.parkNanos(LockSupport.java:215)
        at java.util.concurrent.locks.AbstractQueuedSynchronizer$ConditionObject.awaitNanos(AbstractQueuedSynchronizer.java:2078)
        at java.util.concurrent.ScheduledThreadPoolExecutor$DelayedWorkQueue.take(ScheduledThreadPoolExecutor.java:1093)
        at java.util.concurrent.ScheduledThreadPoolExecutor$DelayedWorkQueue.take(ScheduledThreadPoolExecutor.java:809)
        at java.util.concurrent.ThreadPoolExecutor.getTask(ThreadPoolExecutor.java:1074)
        at java.util.concurrent.ThreadPoolExecutor.runWorker(ThreadPoolExecutor.java:1134)
        at java.util.concurrent.ThreadPoolExecutor$Worker.run(ThreadPoolExecutor.java:624)
        at java.lang.Thread.run(Thread.java:750)
"pool-196-thread-1"  prio=5 tid=305 timed_waiting
java.lang.Thread.State: TIMED_WAITING
        at sun.misc.Unsafe.park(Native Method)
        at java.util.concurrent.locks.LockSupport.parkNanos(LockSupport.java:215)
        at java.util.concurrent.locks.AbstractQueuedSynchronizer$ConditionObject.awaitNanos(AbstractQueuedSynchronizer.java:2078)
        at java.util.concurrent.ScheduledThreadPoolExecutor$DelayedWorkQueue.take(ScheduledThreadPoolExecutor.java:1093)
        at java.util.concurrent.ScheduledThreadPoolExecutor$DelayedWorkQueue.take(ScheduledThreadPoolExecutor.java:809)
        at java.util.concurrent.ThreadPoolExecutor.getTask(ThreadPoolExecutor.java:1074)
        at java.util.concurrent.ThreadPoolExecutor.runWorker(ThreadPoolExecutor.java:1134)
        at java.util.concurrent.ThreadPoolExecutor$Worker.run(ThreadPoolExecutor.java:624)
        at java.lang.Thread.run(Thread.java:750)
"Datanode State Machine Daemon Thread" daemon prio=5 tid=456 timed_waiting
java.lang.Thread.State: TIMED_WAITING
        at java.lang.Thread.sleep(Native Method)
        at org.apache.hadoop.ozone.container.common.statemachine.DatanodeStateMachine.startStateMachineThread(DatanodeStateMachine.java:313)
        at org.apache.hadoop.ozone.container.common.statemachine.DatanodeStateMachine.lambda$startDaemon$0(DatanodeStateMachine.java:493)
        at org.apache.hadoop.ozone.container.common.statemachine.DatanodeStateMachine$$Lambda$727/1943859930.run(Unknown Source)
        at java.lang.Thread.run(Thread.java:750)
"ChunkReader-ELG-0" daemon prio=5 tid=541 runnable
java.lang.Thread.State: RUNNABLE
        at org.apache.ratis.thirdparty.io.netty.channel.epoll.Native.epollWait0(Native Method)
        at org.apache.ratis.thirdparty.io.netty.channel.epoll.Native.epollWait(Native.java:177)
        at org.apache.ratis.thirdparty.io.netty.channel.epoll.EpollEventLoop.epollWait(EpollEventLoop.java:286)
        at org.apache.ratis.thirdparty.io.netty.channel.epoll.EpollEventLoop.run(EpollEventLoop.java:351)
        at org.apache.ratis.thirdparty.io.netty.util.concurrent.SingleThreadEventExecutor$4.run(SingleThreadEventExecutor.java:986)
        at org.apache.ratis.thirdparty.io.netty.util.internal.ThreadExecutorMap$2.run(ThreadExecutorMap.java:74)
        at java.lang.Thread.run(Thread.java:750)
"Datanode ReportManager Thread - 0" daemon prio=5 tid=457 timed_waiting
java.lang.Thread.State: TIMED_WAITING
        at sun.misc.Unsafe.park(Native Method)
        at java.util.concurrent.locks.LockSupport.parkNanos(LockSupport.java:215)
        at java.util.concurrent.locks.AbstractQueuedSynchronizer$ConditionObject.awaitNanos(AbstractQueuedSynchronizer.java:2078)
        at java.util.concurrent.ScheduledThreadPoolExecutor$DelayedWorkQueue.take(ScheduledThreadPoolExecutor.java:1093)
        at java.util.concurrent.ScheduledThreadPoolExecutor$DelayedWorkQueue.take(ScheduledThreadPoolExecutor.java:809)
        at java.util.concurrent.ThreadPoolExecutor.getTask(ThreadPoolExecutor.java:1074)
        at java.util.concurrent.ThreadPoolExecutor.runWorker(ThreadPoolExecutor.java:1134)
        at java.util.concurrent.ThreadPoolExecutor$Worker.run(ThreadPoolExecutor.java:624)
        at java.lang.Thread.run(Thread.java:750)
"IPC Server handler 4 on default port 44657" daemon prio=5 tid=81 timed_waiting
java.lang.Thread.State: TIMED_WAITING
        at sun.misc.Unsafe.park(Native Method)
        at java.util.concurrent.locks.LockSupport.parkNanos(LockSupport.java:215)
        at java.util.concurrent.locks.AbstractQueuedSynchronizer$ConditionObject.awaitNanos(AbstractQueuedSynchronizer.java:2078)
        at java.util.concurrent.LinkedBlockingQueue.poll(LinkedBlockingQueue.java:467)
        at org.apache.hadoop.ipc.CallQueueManager.take(CallQueueManager.java:317)
        at org.apache.hadoop.ipc.Server$Handler.run(Server.java:2942)
"BlockDeletingService#1" daemon prio=5 tid=442 timed_waiting
java.lang.Thread.State: TIMED_WAITING
        at sun.misc.Unsafe.park(Native Method)
        at java.util.concurrent.locks.LockSupport.parkNanos(LockSupport.java:215)
        at java.util.concurrent.locks.AbstractQueuedSynchronizer$ConditionObject.awaitNanos(AbstractQueuedSynchronizer.java:2078)
        at java.util.concurrent.ScheduledThreadPoolExecutor$DelayedWorkQueue.take(ScheduledThreadPoolExecutor.java:1093)
        at java.util.concurrent.ScheduledThreadPoolExecutor$DelayedWorkQueue.take(ScheduledThreadPoolExecutor.java:809)
        at java.util.concurrent.ThreadPoolExecutor.getTask(ThreadPoolExecutor.java:1074)
        at java.util.concurrent.ThreadPoolExecutor.runWorker(ThreadPoolExecutor.java:1134)
        at java.util.concurrent.ThreadPoolExecutor$Worker.run(ThreadPoolExecutor.java:624)
        at java.lang.Thread.run(Thread.java:750)
"Session-HouseKeeper-e9c9cd4-1"  prio=5 tid=288 timed_waiting
java.lang.Thread.State: TIMED_WAITING
        at sun.misc.Unsafe.park(Native Method)
        at java.util.concurrent.locks.LockSupport.parkNanos(LockSupport.java:215)
        at java.util.concurrent.locks.AbstractQueuedSynchronizer$ConditionObject.awaitNanos(AbstractQueuedSynchronizer.java:2078)
        at java.util.concurrent.ScheduledThreadPoolExecutor$DelayedWorkQueue.take(ScheduledThreadPoolExecutor.java:1093)
        at java.util.concurrent.ScheduledThreadPoolExecutor$DelayedWorkQueue.take(ScheduledThreadPoolExecutor.java:809)
        at java.util.concurrent.ThreadPoolExecutor.getTask(ThreadPoolExecutor.java:1074)
        at java.util.concurrent.ThreadPoolExecutor.runWorker(ThreadPoolExecutor.java:1134)
        at java.util.concurrent.ThreadPoolExecutor$Worker.run(ThreadPoolExecutor.java:624)
        at java.lang.Thread.run(Thread.java:750)
"StaleRecoveringContainerScrubbingService#2" daemon prio=5 tid=1028 in Object.wait()
java.lang.Thread.State: WAITING (on object monitor)
        at sun.misc.Unsafe.park(Native Method)
        at java.util.concurrent.locks.LockSupport.park(LockSupport.java:175)
        at java.util.concurrent.locks.AbstractQueuedSynchronizer$ConditionObject.await(AbstractQueuedSynchronizer.java:2039)
        at java.util.concurrent.ScheduledThreadPoolExecutor$DelayedWorkQueue.take(ScheduledThreadPoolExecutor.java:1088)
        at java.util.concurrent.ScheduledThreadPoolExecutor$DelayedWorkQueue.take(ScheduledThreadPoolExecutor.java:809)
        at java.util.concurrent.ThreadPoolExecutor.getTask(ThreadPoolExecutor.java:1074)
        at java.util.concurrent.ThreadPoolExecutor.runWorker(ThreadPoolExecutor.java:1134)
        at java.util.concurrent.ThreadPoolExecutor$Worker.run(ThreadPoolExecutor.java:624)
        at java.lang.Thread.run(Thread.java:750)
"qtp760288966-377" daemon prio=5 tid=377 timed_waiting
java.lang.Thread.State: TIMED_WAITING
        at sun.misc.Unsafe.park(Native Method)
        at java.util.concurrent.locks.LockSupport.parkNanos(LockSupport.java:215)
        at java.util.concurrent.locks.AbstractQueuedSynchronizer$ConditionObject.awaitNanos(AbstractQueuedSynchronizer.java:2078)
        at org.eclipse.jetty.util.BlockingArrayQueue.poll(BlockingArrayQueue.java:382)
        at org.eclipse.jetty.util.thread.QueuedThreadPool$Runner.idleJobPoll(QueuedThreadPool.java:974)
        at org.eclipse.jetty.util.thread.QueuedThreadPool$Runner.run(QueuedThreadPool.java:1018)
        at java.lang.Thread.run(Thread.java:750)
"IPC Server handler 9 on default port 44657" daemon prio=5 tid=86 timed_waiting
java.lang.Thread.State: TIMED_WAITING
        at sun.misc.Unsafe.park(Native Method)
        at java.util.concurrent.locks.LockSupport.parkNanos(LockSupport.java:215)
        at java.util.concurrent.locks.AbstractQueuedSynchronizer$ConditionObject.awaitNanos(AbstractQueuedSynchronizer.java:2078)
        at java.util.concurrent.LinkedBlockingQueue.poll(LinkedBlockingQueue.java:467)
        at org.apache.hadoop.ipc.CallQueueManager.take(CallQueueManager.java:317)
        at org.apache.hadoop.ipc.Server$Handler.run(Server.java:2942)
"EventQueue-PipelineReportForOneReplicaPipelineSafeModeRule" daemon prio=5 tid=505 in Object.wait()
java.lang.Thread.State: WAITING (on object monitor)
        at sun.misc.Unsafe.park(Native Method)
        at java.util.concurrent.locks.LockSupport.park(LockSupport.java:175)
        at java.util.concurrent.locks.AbstractQueuedSynchronizer$ConditionObject.await(AbstractQueuedSynchronizer.java:2039)
        at java.util.concurrent.LinkedBlockingQueue.take(LinkedBlockingQueue.java:442)
        at java.util.concurrent.ThreadPoolExecutor.getTask(ThreadPoolExecutor.java:1074)
        at java.util.concurrent.ThreadPoolExecutor.runWorker(ThreadPoolExecutor.java:1134)
        at java.util.concurrent.ThreadPoolExecutor$Worker.run(ThreadPoolExecutor.java:624)
        at java.lang.Thread.run(Thread.java:750)
"febd5d2c-72de-44b7-b010-e5e9acc30848@group-8519467A4E06-StateMachineUpdater" daemon prio=5 tid=670 timed_waiting
java.lang.Thread.State: TIMED_WAITING
        at sun.misc.Unsafe.park(Native Method)
        at java.util.concurrent.locks.LockSupport.parkNanos(LockSupport.java:215)
        at java.util.concurrent.CompletableFuture$Signaller.block(CompletableFuture.java:1709)
        at java.util.concurrent.ForkJoinPool.managedBlock(ForkJoinPool.java:3323)
        at java.util.concurrent.CompletableFuture.timedGet(CompletableFuture.java:1788)
        at java.util.concurrent.CompletableFuture.get(CompletableFuture.java:1928)
        at org.apache.ratis.util.AwaitForSignal.await(AwaitForSignal.java:56)
        at org.apache.ratis.server.impl.StateMachineUpdater.waitForCommit(StateMachineUpdater.java:207)
        at org.apache.ratis.server.impl.StateMachineUpdater.run(StateMachineUpdater.java:176)
        at java.lang.Thread.run(Thread.java:750)
"KeyDeletingService#0" daemon prio=5 tid=131 timed_waiting
java.lang.Thread.State: TIMED_WAITING
        at sun.misc.Unsafe.park(Native Method)
        at java.util.concurrent.locks.LockSupport.parkNanos(LockSupport.java:215)
        at java.util.concurrent.locks.AbstractQueuedSynchronizer$ConditionObject.awaitNanos(AbstractQueuedSynchronizer.java:2078)
        at java.util.concurrent.ScheduledThreadPoolExecutor$DelayedWorkQueue.take(ScheduledThreadPoolExecutor.java:1093)
        at java.util.concurrent.ScheduledThreadPoolExecutor$DelayedWorkQueue.take(ScheduledThreadPoolExecutor.java:809)
        at java.util.concurrent.ThreadPoolExecutor.getTask(ThreadPoolExecutor.java:1074)
        at java.util.concurrent.ThreadPoolExecutor.runWorker(ThreadPoolExecutor.java:1134)
        at java.util.concurrent.ThreadPoolExecutor$Worker.run(ThreadPoolExecutor.java:624)
        at java.lang.Thread.run(Thread.java:750)
"FullTableCache Cleanup Thread - 0" daemon prio=5 tid=750 in Object.wait()
java.lang.Thread.State: WAITING (on object monitor)
        at sun.misc.Unsafe.park(Native Method)
        at java.util.concurrent.locks.LockSupport.park(LockSupport.java:175)
        at java.util.concurrent.locks.AbstractQueuedSynchronizer$ConditionObject.await(AbstractQueuedSynchronizer.java:2039)
        at java.util.concurrent.LinkedBlockingQueue.take(LinkedBlockingQueue.java:442)
        at java.util.concurrent.ThreadPoolExecutor.getTask(ThreadPoolExecutor.java:1074)
        at java.util.concurrent.ThreadPoolExecutor.runWorker(ThreadPoolExecutor.java:1134)
        at java.util.concurrent.ThreadPoolExecutor$Worker.run(ThreadPoolExecutor.java:624)
        at java.lang.Thread.run(Thread.java:750)
"Periodic HDDS volume checker" daemon prio=5 tid=299 timed_waiting
java.lang.Thread.State: TIMED_WAITING
        at sun.misc.Unsafe.park(Native Method)
        at java.util.concurrent.locks.LockSupport.parkNanos(LockSupport.java:215)
        at java.util.concurrent.locks.AbstractQueuedSynchronizer$ConditionObject.awaitNanos(AbstractQueuedSynchronizer.java:2078)
        at java.util.concurrent.ScheduledThreadPoolExecutor$DelayedWorkQueue.take(ScheduledThreadPoolExecutor.java:1093)
        at java.util.concurrent.ScheduledThreadPoolExecutor$DelayedWorkQueue.take(ScheduledThreadPoolExecutor.java:809)
        at java.util.concurrent.ThreadPoolExecutor.getTask(ThreadPoolExecutor.java:1074)
        at java.util.concurrent.ThreadPoolExecutor.runWorker(ThreadPoolExecutor.java:1134)
        at java.util.concurrent.ThreadPoolExecutor$Worker.run(ThreadPoolExecutor.java:624)
        at java.lang.Thread.run(Thread.java:750)
"cc783127-5661-4bf3-9a81-5237862e92f6@group-D73006B0921B-FollowerState" daemon prio=5 tid=886 timed_waiting
java.lang.Thread.State: TIMED_WAITING
        at java.lang.Thread.sleep(Native Method)
        at java.lang.Thread.sleep(Thread.java:342)
        at java.util.concurrent.TimeUnit.sleep(TimeUnit.java:386)
        at org.apache.ratis.util.TimeDuration.sleep(TimeDuration.java:325)
        at org.apache.ratis.util.TimeDuration.sleep(TimeDuration.java:310)
        at org.apache.ratis.server.impl.FollowerState.run(FollowerState.java:128)
"qtp1227391664-283" daemon prio=5 tid=283 timed_waiting
java.lang.Thread.State: TIMED_WAITING
        at sun.misc.Unsafe.park(Native Method)
        at java.util.concurrent.locks.LockSupport.parkNanos(LockSupport.java:215)
        at java.util.concurrent.locks.AbstractQueuedSynchronizer$ConditionObject.awaitNanos(AbstractQueuedSynchronizer.java:2078)
        at org.eclipse.jetty.util.BlockingArrayQueue.poll(BlockingArrayQueue.java:382)
        at org.eclipse.jetty.util.thread.QueuedThreadPool$Runner.idleJobPoll(QueuedThreadPool.java:974)
        at org.eclipse.jetty.util.thread.QueuedThreadPool$Runner.run(QueuedThreadPool.java:1018)
        at java.lang.Thread.run(Thread.java:750)
"44dad4d2-9f73-4874-a36a-585ee387199d@group-A5C3D62238FA-SegmentedRaftLogWorker"  prio=5 tid=639 timed_waiting
java.lang.Thread.State: TIMED_WAITING
        at sun.misc.Unsafe.park(Native Method)
        at java.util.concurrent.locks.LockSupport.parkNanos(LockSupport.java:215)
        at java.util.concurrent.locks.AbstractQueuedSynchronizer$ConditionObject.awaitNanos(AbstractQueuedSynchronizer.java:2078)
        at org.apache.ratis.util.DataBlockingQueue.poll(DataBlockingQueue.java:148)
        at org.apache.ratis.server.raftlog.segmented.SegmentedRaftLogWorker.run(SegmentedRaftLogWorker.java:301)
        at org.apache.ratis.server.raftlog.segmented.SegmentedRaftLogWorker$$Lambda$612/1848693335.run(Unknown Source)
        at java.lang.Thread.run(Thread.java:750)
"8f71354a-19e6-4be6-b89a-dd2f0292058a@group-84E26D0679BC->44dad4d2-9f73-4874-a36a-585ee387199d-GrpcLogAppender-LogAppenderDaemon" daemon prio=5 tid=857 timed_waiting
java.lang.Thread.State: TIMED_WAITING
        at sun.misc.Unsafe.park(Native Method)
        at java.util.concurrent.locks.LockSupport.parkNanos(LockSupport.java:215)
        at java.util.concurrent.CompletableFuture$Signaller.block(CompletableFuture.java:1709)
        at java.util.concurrent.ForkJoinPool.managedBlock(ForkJoinPool.java:3323)
        at java.util.concurrent.CompletableFuture.timedGet(CompletableFuture.java:1788)
        at java.util.concurrent.CompletableFuture.get(CompletableFuture.java:1928)
        at org.apache.ratis.util.AwaitForSignal.await(AwaitForSignal.java:56)
        at org.apache.ratis.grpc.server.GrpcLogAppender.mayWait(GrpcLogAppender.java:169)
        at org.apache.ratis.grpc.server.GrpcLogAppender.run(GrpcLogAppender.java:128)
        at org.apache.ratis.server.leader.LogAppenderDaemon.run(LogAppenderDaemon.java:77)
        at org.apache.ratis.server.leader.LogAppenderDaemon$$Lambda$1014/1700417656.run(Unknown Source)
        at java.lang.Thread.run(Thread.java:750)
"Datanode State Machine Task Thread - 0"  prio=5 tid=245 in Object.wait()
java.lang.Thread.State: WAITING (on object monitor)
        at sun.misc.Unsafe.park(Native Method)
        at java.util.concurrent.locks.LockSupport.park(LockSupport.java:175)
        at java.util.concurrent.locks.AbstractQueuedSynchronizer$ConditionObject.await(AbstractQueuedSynchronizer.java:2039)
        at java.util.concurrent.LinkedBlockingQueue.take(LinkedBlockingQueue.java:442)
        at java.util.concurrent.ThreadPoolExecutor.getTask(ThreadPoolExecutor.java:1074)
        at java.util.concurrent.ThreadPoolExecutor.runWorker(ThreadPoolExecutor.java:1134)
        at java.util.concurrent.ThreadPoolExecutor$Worker.run(ThreadPoolExecutor.java:624)
        at java.lang.Thread.run(Thread.java:750)
"Datanode ReportManager Thread - 1" daemon prio=5 tid=265 in Object.wait()
java.lang.Thread.State: WAITING (on object monitor)
        at sun.misc.Unsafe.park(Native Method)
        at java.util.concurrent.locks.LockSupport.park(LockSupport.java:175)
        at java.util.concurrent.locks.AbstractQueuedSynchronizer$ConditionObject.await(AbstractQueuedSynchronizer.java:2039)
        at java.util.concurrent.ScheduledThreadPoolExecutor$DelayedWorkQueue.take(ScheduledThreadPoolExecutor.java:1088)
        at java.util.concurrent.ScheduledThreadPoolExecutor$DelayedWorkQueue.take(ScheduledThreadPoolExecutor.java:809)
        at java.util.concurrent.ThreadPoolExecutor.getTask(ThreadPoolExecutor.java:1074)
        at java.util.concurrent.ThreadPoolExecutor.runWorker(ThreadPoolExecutor.java:1134)
        at java.util.concurrent.ThreadPoolExecutor$Worker.run(ThreadPoolExecutor.java:624)
        at java.lang.Thread.run(Thread.java:750)
"8f71354a-19e6-4be6-b89a-dd2f0292058a@group-4D85677B5274-LeaderStateImpl" daemon prio=5 tid=747 timed_waiting
java.lang.Thread.State: TIMED_WAITING
        at sun.misc.Unsafe.park(Native Method)
        at java.util.concurrent.locks.LockSupport.parkNanos(LockSupport.java:215)
        at java.util.concurrent.locks.AbstractQueuedSynchronizer$ConditionObject.awaitNanos(AbstractQueuedSynchronizer.java:2078)
        at java.util.concurrent.ArrayBlockingQueue.poll(ArrayBlockingQueue.java:418)
        at org.apache.ratis.server.impl.LeaderStateImpl$EventQueue.poll(LeaderStateImpl.java:159)
        at org.apache.ratis.server.impl.LeaderStateImpl$EventProcessor.run(LeaderStateImpl.java:630)
"pool-187-thread-1"  prio=5 tid=616 in Object.wait()
java.lang.Thread.State: WAITING (on object monitor)
        at sun.misc.Unsafe.park(Native Method)
        at java.util.concurrent.locks.LockSupport.park(LockSupport.java:175)
        at java.util.concurrent.locks.AbstractQueuedSynchronizer$ConditionObject.await(AbstractQueuedSynchronizer.java:2039)
        at java.util.concurrent.LinkedBlockingQueue.take(LinkedBlockingQueue.java:442)
        at java.util.concurrent.ThreadPoolExecutor.getTask(ThreadPoolExecutor.java:1074)
        at java.util.concurrent.ThreadPoolExecutor.runWorker(ThreadPoolExecutor.java:1134)
        at java.util.concurrent.ThreadPoolExecutor$Worker.run(ThreadPoolExecutor.java:624)
        at java.lang.Thread.run(Thread.java:750)
"qtp2039575147-178" daemon prio=5 tid=178 timed_waiting
java.lang.Thread.State: TIMED_WAITING
        at sun.misc.Unsafe.park(Native Method)
        at java.util.concurrent.locks.LockSupport.parkNanos(LockSupport.java:215)
        at java.util.concurrent.locks.AbstractQueuedSynchronizer$ConditionObject.awaitNanos(AbstractQueuedSynchronizer.java:2078)
        at org.eclipse.jetty.util.BlockingArrayQueue.poll(BlockingArrayQueue.java:382)
        at org.eclipse.jetty.util.thread.QueuedThreadPool$Runner.idleJobPoll(QueuedThreadPool.java:974)
        at org.eclipse.jetty.util.thread.QueuedThreadPool$Runner.run(QueuedThreadPool.java:1018)
        at java.lang.Thread.run(Thread.java:750)
"IPC Server handler 6 on default port 43155" daemon prio=5 tid=43 timed_waiting
java.lang.Thread.State: TIMED_WAITING
        at sun.misc.Unsafe.park(Native Method)
        at java.util.concurrent.locks.LockSupport.parkNanos(LockSupport.java:215)
        at java.util.concurrent.locks.AbstractQueuedSynchronizer$ConditionObject.awaitNanos(AbstractQueuedSynchronizer.java:2078)
        at java.util.concurrent.LinkedBlockingQueue.poll(LinkedBlockingQueue.java:467)
        at org.apache.hadoop.ipc.CallQueueManager.take(CallQueueManager.java:317)
        at org.apache.hadoop.ipc.Server$Handler.run(Server.java:2942)
"ChunkWriter-0-0" daemon prio=5 tid=344 in Object.wait()
java.lang.Thread.State: WAITING (on object monitor)
        at sun.misc.Unsafe.park(Native Method)
        at java.util.concurrent.locks.LockSupport.park(LockSupport.java:175)
        at java.util.concurrent.locks.AbstractQueuedSynchronizer$ConditionObject.await(AbstractQueuedSynchronizer.java:2039)
        at java.util.concurrent.LinkedBlockingDeque.takeFirst(LinkedBlockingDeque.java:492)
        at java.util.concurrent.LinkedBlockingDeque.take(LinkedBlockingDeque.java:680)
        at java.util.concurrent.ThreadPoolExecutor.getTask(ThreadPoolExecutor.java:1074)
        at java.util.concurrent.ThreadPoolExecutor.runWorker(ThreadPoolExecutor.java:1134)
        at java.util.concurrent.ThreadPoolExecutor$Worker.run(ThreadPoolExecutor.java:624)
        at java.lang.Thread.run(Thread.java:750)
"BlockDeletingService#0" daemon prio=5 tid=516 in Object.wait()
java.lang.Thread.State: WAITING (on object monitor)
        at sun.misc.Unsafe.park(Native Method)
        at java.util.concurrent.locks.LockSupport.park(LockSupport.java:175)
        at java.util.concurrent.locks.AbstractQueuedSynchronizer$ConditionObject.await(AbstractQueuedSynchronizer.java:2039)
        at java.util.concurrent.ScheduledThreadPoolExecutor$DelayedWorkQueue.take(ScheduledThreadPoolExecutor.java:1088)
        at java.util.concurrent.ScheduledThreadPoolExecutor$DelayedWorkQueue.take(ScheduledThreadPoolExecutor.java:809)
        at java.util.concurrent.ThreadPoolExecutor.getTask(ThreadPoolExecutor.java:1074)
        at java.util.concurrent.ThreadPoolExecutor.runWorker(ThreadPoolExecutor.java:1134)
        at java.util.concurrent.ThreadPoolExecutor$Worker.run(ThreadPoolExecutor.java:624)
        at java.lang.Thread.run(Thread.java:750)
"ChunkWriter-3-0" daemon prio=5 tid=513 in Object.wait()
java.lang.Thread.State: WAITING (on object monitor)
        at sun.misc.Unsafe.park(Native Method)
        at java.util.concurrent.locks.LockSupport.park(LockSupport.java:175)
        at java.util.concurrent.locks.AbstractQueuedSynchronizer$ConditionObject.await(AbstractQueuedSynchronizer.java:2039)
        at java.util.concurrent.LinkedBlockingDeque.takeFirst(LinkedBlockingDeque.java:492)
        at java.util.concurrent.LinkedBlockingDeque.take(LinkedBlockingDeque.java:680)
        at java.util.concurrent.ThreadPoolExecutor.getTask(ThreadPoolExecutor.java:1074)
        at java.util.concurrent.ThreadPoolExecutor.runWorker(ThreadPoolExecutor.java:1134)
        at java.util.concurrent.ThreadPoolExecutor$Worker.run(ThreadPoolExecutor.java:624)
        at java.lang.Thread.run(Thread.java:750)
"qtp2039575147-174" daemon prio=5 tid=174 runnable
java.lang.Thread.State: RUNNABLE
        at sun.nio.ch.EPollArrayWrapper.epollWait(Native Method)
        at sun.nio.ch.EPollArrayWrapper.poll(EPollArrayWrapper.java:269)
        at sun.nio.ch.EPollSelectorImpl.doSelect(EPollSelectorImpl.java:93)
        at sun.nio.ch.SelectorImpl.lockAndDoSelect(SelectorImpl.java:86)
        at sun.nio.ch.SelectorImpl.select(SelectorImpl.java:97)
        at sun.nio.ch.SelectorImpl.select(SelectorImpl.java:101)
        at org.eclipse.jetty.io.ManagedSelector.nioSelect(ManagedSelector.java:183)
        at org.eclipse.jetty.io.ManagedSelector.select(ManagedSelector.java:190)
        at org.eclipse.jetty.io.ManagedSelector$SelectorProducer.select(ManagedSelector.java:606)
        at org.eclipse.jetty.io.ManagedSelector$SelectorProducer.produce(ManagedSelector.java:543)
        at org.eclipse.jetty.util.thread.strategy.EatWhatYouKill.produceTask(EatWhatYouKill.java:362)
        at org.eclipse.jetty.util.thread.strategy.EatWhatYouKill.doProduce(EatWhatYouKill.java:186)
        at org.eclipse.jetty.util.thread.strategy.EatWhatYouKill.tryProduce(EatWhatYouKill.java:173)
        at org.eclipse.jetty.util.thread.strategy.EatWhatYouKill.produce(EatWhatYouKill.java:137)
        at org.eclipse.jetty.io.ManagedSelector$$Lambda$444/1480051614.run(Unknown Source)
        at org.eclipse.jetty.util.thread.QueuedThreadPool.runJob(QueuedThreadPool.java:883)
        at org.eclipse.jetty.util.thread.QueuedThreadPool$Runner.run(QueuedThreadPool.java:1034)
        at java.lang.Thread.run(Thread.java:750)
"IPC Server handler 13 on default port 33933" daemon prio=5 tid=157 timed_waiting
java.lang.Thread.State: TIMED_WAITING
        at sun.misc.Unsafe.park(Native Method)
        at java.util.concurrent.locks.LockSupport.parkNanos(LockSupport.java:215)
        at java.util.concurrent.locks.AbstractQueuedSynchronizer$ConditionObject.awaitNanos(AbstractQueuedSynchronizer.java:2078)
        at java.util.concurrent.LinkedBlockingQueue.poll(LinkedBlockingQueue.java:467)
        at org.apache.hadoop.ipc.CallQueueManager.take(CallQueueManager.java:317)
        at org.apache.hadoop.ipc.Server$Handler.run(Server.java:2942)
"StaleRecoveringContainerScrubbingService#2" daemon prio=5 tid=1038 in Object.wait()
java.lang.Thread.State: WAITING (on object monitor)
        at sun.misc.Unsafe.park(Native Method)
        at java.util.concurrent.locks.LockSupport.park(LockSupport.java:175)
        at java.util.concurrent.locks.AbstractQueuedSynchronizer$ConditionObject.await(AbstractQueuedSynchronizer.java:2039)
        at java.util.concurrent.ScheduledThreadPoolExecutor$DelayedWorkQueue.take(ScheduledThreadPoolExecutor.java:1088)
        at java.util.concurrent.ScheduledThreadPoolExecutor$DelayedWorkQueue.take(ScheduledThreadPoolExecutor.java:809)
        at java.util.concurrent.ThreadPoolExecutor.getTask(ThreadPoolExecutor.java:1074)
        at java.util.concurrent.ThreadPoolExecutor.runWorker(ThreadPoolExecutor.java:1134)
        at java.util.concurrent.ThreadPoolExecutor$Worker.run(ThreadPoolExecutor.java:624)
        at java.lang.Thread.run(Thread.java:750)
"qtp1327233716-142" daemon prio=5 tid=142 timed_waiting
java.lang.Thread.State: TIMED_WAITING
        at sun.misc.Unsafe.park(Native Method)
        at java.util.concurrent.locks.LockSupport.parkNanos(LockSupport.java:215)
        at java.util.concurrent.locks.AbstractQueuedSynchronizer$ConditionObject.awaitNanos(AbstractQueuedSynchronizer.java:2078)
        at org.eclipse.jetty.util.BlockingArrayQueue.poll(BlockingArrayQueue.java:382)
        at org.eclipse.jetty.util.thread.QueuedThreadPool$Runner.idleJobPoll(QueuedThreadPool.java:974)
        at org.eclipse.jetty.util.thread.QueuedThreadPool$Runner.run(QueuedThreadPool.java:1018)
        at java.lang.Thread.run(Thread.java:750)
"qtp1327233716-141" daemon prio=5 tid=141 timed_waiting
java.lang.Thread.State: TIMED_WAITING
        at sun.misc.Unsafe.park(Native Method)
        at java.util.concurrent.locks.LockSupport.parkNanos(LockSupport.java:215)
        at java.util.concurrent.locks.AbstractQueuedSynchronizer$ConditionObject.awaitNanos(AbstractQueuedSynchronizer.java:2078)
        at org.eclipse.jetty.util.BlockingArrayQueue.poll(BlockingArrayQueue.java:382)
        at org.eclipse.jetty.util.thread.QueuedThreadPool$Runner.idleJobPoll(QueuedThreadPool.java:974)
        at org.eclipse.jetty.util.thread.QueuedThreadPool$Runner.run(QueuedThreadPool.java:1018)
        at java.lang.Thread.run(Thread.java:750)
"Command processor thread" daemon prio=5 tid=269 timed_waiting
java.lang.Thread.State: TIMED_WAITING
        at java.lang.Thread.sleep(Native Method)
        at org.apache.hadoop.ozone.container.common.statemachine.DatanodeStateMachine.lambda$initCommandHandlerThread$3(DatanodeStateMachine.java:628)
        at org.apache.hadoop.ozone.container.common.statemachine.DatanodeStateMachine$$Lambda$729/728676909.run(Unknown Source)
        at java.lang.Thread.run(Thread.java:750)
"EndpointStateMachine task thread for /0.0.0.0:44657 - 0 "  prio=5 tid=342 in Object.wait()
java.lang.Thread.State: WAITING (on object monitor)
        at sun.misc.Unsafe.park(Native Method)
        at java.util.concurrent.locks.LockSupport.park(LockSupport.java:175)
        at java.util.concurrent.locks.AbstractQueuedSynchronizer$ConditionObject.await(AbstractQueuedSynchronizer.java:2039)
        at java.util.concurrent.LinkedBlockingQueue.take(LinkedBlockingQueue.java:442)
        at java.util.concurrent.ThreadPoolExecutor.getTask(ThreadPoolExecutor.java:1074)
        at java.util.concurrent.ThreadPoolExecutor.runWorker(ThreadPoolExecutor.java:1134)
        at java.util.concurrent.ThreadPoolExecutor$Worker.run(ThreadPoolExecutor.java:624)
        at java.lang.Thread.run(Thread.java:750)
"ChunkReader-3" daemon prio=5 tid=782 in Object.wait()
java.lang.Thread.State: WAITING (on object monitor)
        at sun.misc.Unsafe.park(Native Method)
        at java.util.concurrent.locks.LockSupport.park(LockSupport.java:175)
        at java.util.concurrent.locks.AbstractQueuedSynchronizer$ConditionObject.await(AbstractQueuedSynchronizer.java:2039)
        at java.util.concurrent.LinkedBlockingQueue.take(LinkedBlockingQueue.java:442)
        at java.util.concurrent.ThreadPoolExecutor.getTask(ThreadPoolExecutor.java:1074)
        at java.util.concurrent.ThreadPoolExecutor.runWorker(ThreadPoolExecutor.java:1134)
        at java.util.concurrent.ThreadPoolExecutor$Worker.run(ThreadPoolExecutor.java:624)
        at java.lang.Thread.run(Thread.java:750)
"ChunkReader-2" daemon prio=5 tid=777 in Object.wait()
java.lang.Thread.State: WAITING (on object monitor)
        at sun.misc.Unsafe.park(Native Method)
        at java.util.concurrent.locks.LockSupport.park(LockSupport.java:175)
        at java.util.concurrent.locks.AbstractQueuedSynchronizer$ConditionObject.await(AbstractQueuedSynchronizer.java:2039)
        at java.util.concurrent.LinkedBlockingQueue.take(LinkedBlockingQueue.java:442)
        at java.util.concurrent.ThreadPoolExecutor.getTask(ThreadPoolExecutor.java:1074)
        at java.util.concurrent.ThreadPoolExecutor.runWorker(ThreadPoolExecutor.java:1134)
        at java.util.concurrent.ThreadPoolExecutor$Worker.run(ThreadPoolExecutor.java:624)
        at java.lang.Thread.run(Thread.java:750)
"qtp1227391664-286" daemon prio=5 tid=286 timed_waiting
java.lang.Thread.State: TIMED_WAITING
        at sun.misc.Unsafe.park(Native Method)
        at java.util.concurrent.locks.LockSupport.parkNanos(LockSupport.java:215)
        at java.util.concurrent.locks.AbstractQueuedSynchronizer$ConditionObject.awaitNanos(AbstractQueuedSynchronizer.java:2078)
        at org.eclipse.jetty.util.BlockingArrayQueue.poll(BlockingArrayQueue.java:382)
        at org.eclipse.jetty.util.thread.QueuedThreadPool$Runner.idleJobPoll(QueuedThreadPool.java:974)
        at org.eclipse.jetty.util.thread.QueuedThreadPool$Runner.run(QueuedThreadPool.java:1018)
        at java.lang.Thread.run(Thread.java:750)
"BlockDeletingService#0" daemon prio=5 tid=439 in Object.wait()
java.lang.Thread.State: WAITING (on object monitor)
        at sun.misc.Unsafe.park(Native Method)
        at java.util.concurrent.locks.LockSupport.park(LockSupport.java:175)
        at java.util.concurrent.locks.AbstractQueuedSynchronizer$ConditionObject.await(AbstractQueuedSynchronizer.java:2039)
        at java.util.concurrent.ScheduledThreadPoolExecutor$DelayedWorkQueue.take(ScheduledThreadPoolExecutor.java:1088)
        at java.util.concurrent.ScheduledThreadPoolExecutor$DelayedWorkQueue.take(ScheduledThreadPoolExecutor.java:809)
        at java.util.concurrent.ThreadPoolExecutor.getTask(ThreadPoolExecutor.java:1074)
        at java.util.concurrent.ThreadPoolExecutor.runWorker(ThreadPoolExecutor.java:1134)
        at java.util.concurrent.ThreadPoolExecutor$Worker.run(ThreadPoolExecutor.java:624)
        at java.lang.Thread.run(Thread.java:750)
"IPC Server handler 7 on default port 44657" daemon prio=5 tid=84 timed_waiting
java.lang.Thread.State: TIMED_WAITING
        at sun.misc.Unsafe.park(Native Method)
        at java.util.concurrent.locks.LockSupport.parkNanos(LockSupport.java:215)
        at java.util.concurrent.locks.AbstractQueuedSynchronizer$ConditionObject.awaitNanos(AbstractQueuedSynchronizer.java:2078)
        at java.util.concurrent.LinkedBlockingQueue.poll(LinkedBlockingQueue.java:467)
        at org.apache.hadoop.ipc.CallQueueManager.take(CallQueueManager.java:317)
        at org.apache.hadoop.ipc.Server$Handler.run(Server.java:2942)
"ChunkWriter-1-0" daemon prio=5 tid=480 in Object.wait()
java.lang.Thread.State: WAITING (on object monitor)
        at sun.misc.Unsafe.park(Native Method)
        at java.util.concurrent.locks.LockSupport.park(LockSupport.java:175)
        at java.util.concurrent.locks.AbstractQueuedSynchronizer$ConditionObject.await(AbstractQueuedSynchronizer.java:2039)
        at java.util.concurrent.LinkedBlockingDeque.takeFirst(LinkedBlockingDeque.java:492)
        at java.util.concurrent.LinkedBlockingDeque.take(LinkedBlockingDeque.java:680)
        at java.util.concurrent.ThreadPoolExecutor.getTask(ThreadPoolExecutor.java:1074)
        at java.util.concurrent.ThreadPoolExecutor.runWorker(ThreadPoolExecutor.java:1134)
        at java.util.concurrent.ThreadPoolExecutor$Worker.run(ThreadPoolExecutor.java:624)
        at java.lang.Thread.run(Thread.java:750)
"qtp1227391664-282" daemon prio=5 tid=282 timed_waiting
java.lang.Thread.State: TIMED_WAITING
        at sun.misc.Unsafe.park(Native Method)
        at java.util.concurrent.locks.LockSupport.parkNanos(LockSupport.java:215)
        at java.util.concurrent.locks.AbstractQueuedSynchronizer$ConditionObject.awaitNanos(AbstractQueuedSynchronizer.java:2078)
        at org.eclipse.jetty.util.BlockingArrayQueue.poll(BlockingArrayQueue.java:382)
        at org.eclipse.jetty.util.thread.QueuedThreadPool$Runner.idleJobPoll(QueuedThreadPool.java:974)
        at org.eclipse.jetty.util.thread.QueuedThreadPool$Runner.run(QueuedThreadPool.java:1018)
        at java.lang.Thread.run(Thread.java:750)
"IPC Server handler 14 on default port 35271" daemon prio=5 tid=71 timed_waiting
java.lang.Thread.State: TIMED_WAITING
        at sun.misc.Unsafe.park(Native Method)
        at java.util.concurrent.locks.LockSupport.parkNanos(LockSupport.java:215)
        at java.util.concurrent.locks.AbstractQueuedSynchronizer$ConditionObject.awaitNanos(AbstractQueuedSynchronizer.java:2078)
        at java.util.concurrent.LinkedBlockingQueue.poll(LinkedBlockingQueue.java:467)
        at org.apache.hadoop.ipc.CallQueueManager.take(CallQueueManager.java:317)
        at org.apache.hadoop.ipc.Server$Handler.run(Server.java:2942)
"febd5d2c-72de-44b7-b010-e5e9acc30848@group-84E26D0679BC-FollowerState" daemon prio=5 tid=852 timed_waiting
java.lang.Thread.State: TIMED_WAITING
        at java.lang.Thread.sleep(Native Method)
        at java.lang.Thread.sleep(Thread.java:342)
        at java.util.concurrent.TimeUnit.sleep(TimeUnit.java:386)
        at org.apache.ratis.util.TimeDuration.sleep(TimeDuration.java:325)
        at org.apache.ratis.util.TimeDuration.sleep(TimeDuration.java:310)
        at org.apache.ratis.server.impl.FollowerState.run(FollowerState.java:128)
"StaleRecoveringContainerScrubbingService#1" daemon prio=5 tid=476 timed_waiting
java.lang.Thread.State: TIMED_WAITING
        at sun.misc.Unsafe.park(Native Method)
        at java.util.concurrent.locks.LockSupport.parkNanos(LockSupport.java:215)
        at java.util.concurrent.locks.AbstractQueuedSynchronizer$ConditionObject.awaitNanos(AbstractQueuedSynchronizer.java:2078)
        at java.util.concurrent.ScheduledThreadPoolExecutor$DelayedWorkQueue.take(ScheduledThreadPoolExecutor.java:1093)
        at java.util.concurrent.ScheduledThreadPoolExecutor$DelayedWorkQueue.take(ScheduledThreadPoolExecutor.java:809)
        at java.util.concurrent.ThreadPoolExecutor.getTask(ThreadPoolExecutor.java:1074)
        at java.util.concurrent.ThreadPoolExecutor.runWorker(ThreadPoolExecutor.java:1134)
        at java.util.concurrent.ThreadPoolExecutor$Worker.run(ThreadPoolExecutor.java:624)
        at java.lang.Thread.run(Thread.java:750)
"Datanode State Machine Task Thread - 0"  prio=5 tid=426 in Object.wait()
java.lang.Thread.State: WAITING (on object monitor)
        at sun.misc.Unsafe.park(Native Method)
        at java.util.concurrent.locks.LockSupport.park(LockSupport.java:175)
        at java.util.concurrent.locks.AbstractQueuedSynchronizer$ConditionObject.await(AbstractQueuedSynchronizer.java:2039)
        at java.util.concurrent.LinkedBlockingQueue.take(LinkedBlockingQueue.java:442)
        at java.util.concurrent.ThreadPoolExecutor.getTask(ThreadPoolExecutor.java:1074)
        at java.util.concurrent.ThreadPoolExecutor.runWorker(ThreadPoolExecutor.java:1134)
        at java.util.concurrent.ThreadPoolExecutor$Worker.run(ThreadPoolExecutor.java:624)
        at java.lang.Thread.run(Thread.java:750)
"org.apache.ratis.util.JvmPauseMonitor$$Lambda$684/38778801@49692c4f" daemon prio=5 tid=129 timed_waiting
java.lang.Thread.State: TIMED_WAITING
        at java.lang.Thread.sleep(Native Method)
        at java.lang.Thread.sleep(Thread.java:342)
        at java.util.concurrent.TimeUnit.sleep(TimeUnit.java:386)
        at org.apache.ratis.util.TimeDuration.sleep(TimeDuration.java:325)
        at org.apache.ratis.util.TimeDuration.sleep(TimeDuration.java:310)
        at org.apache.ratis.util.JvmPauseMonitor.detectPause(JvmPauseMonitor.java:117)
        at org.apache.ratis.util.JvmPauseMonitor.run(JvmPauseMonitor.java:106)
        at org.apache.ratis.util.JvmPauseMonitor$$Lambda$684/38778801.run(Unknown Source)
        at java.lang.Thread.run(Thread.java:750)
"5a2944c9-75d7-4a8d-9ead-f995138127cc@group-3825EEDB64AD-SegmentedRaftLogWorker"  prio=5 tid=617 timed_waiting
java.lang.Thread.State: TIMED_WAITING
        at sun.misc.Unsafe.park(Native Method)
        at java.util.concurrent.locks.LockSupport.parkNanos(LockSupport.java:215)
        at java.util.concurrent.locks.AbstractQueuedSynchronizer$ConditionObject.awaitNanos(AbstractQueuedSynchronizer.java:2078)
        at org.apache.ratis.util.DataBlockingQueue.poll(DataBlockingQueue.java:148)
        at org.apache.ratis.server.raftlog.segmented.SegmentedRaftLogWorker.run(SegmentedRaftLogWorker.java:301)
        at org.apache.ratis.server.raftlog.segmented.SegmentedRaftLogWorker$$Lambda$612/1848693335.run(Unknown Source)
        at java.lang.Thread.run(Thread.java:750)
"8f71354a-19e6-4be6-b89a-dd2f0292058a@group-4D85677B5274-SegmentedRaftLogWorker"  prio=5 tid=666 timed_waiting
java.lang.Thread.State: TIMED_WAITING
        at sun.misc.Unsafe.park(Native Method)
        at java.util.concurrent.locks.LockSupport.parkNanos(LockSupport.java:215)
        at java.util.concurrent.locks.AbstractQueuedSynchronizer$ConditionObject.awaitNanos(AbstractQueuedSynchronizer.java:2078)
        at org.apache.ratis.util.DataBlockingQueue.poll(DataBlockingQueue.java:148)
        at org.apache.ratis.server.raftlog.segmented.SegmentedRaftLogWorker.run(SegmentedRaftLogWorker.java:301)
        at org.apache.ratis.server.raftlog.segmented.SegmentedRaftLogWorker$$Lambda$612/1848693335.run(Unknown Source)
        at java.lang.Thread.run(Thread.java:750)
"IPC Server handler 16 on default port 33933" daemon prio=5 tid=160 timed_waiting
java.lang.Thread.State: TIMED_WAITING
        at sun.misc.Unsafe.park(Native Method)
        at java.util.concurrent.locks.LockSupport.parkNanos(LockSupport.java:215)
        at java.util.concurrent.locks.AbstractQueuedSynchronizer$ConditionObject.awaitNanos(AbstractQueuedSynchronizer.java:2078)
        at java.util.concurrent.LinkedBlockingQueue.poll(LinkedBlockingQueue.java:467)
        at org.apache.hadoop.ipc.CallQueueManager.take(CallQueueManager.java:317)
        at org.apache.hadoop.ipc.Server$Handler.run(Server.java:2942)
"pool-180-thread-1" daemon prio=5 tid=301 timed_waiting
java.lang.Thread.State: TIMED_WAITING
        at sun.misc.Unsafe.park(Native Method)
        at java.util.concurrent.locks.LockSupport.parkNanos(LockSupport.java:215)
        at java.util.concurrent.locks.AbstractQueuedSynchronizer$ConditionObject.awaitNanos(AbstractQueuedSynchronizer.java:2078)
        at java.util.concurrent.ScheduledThreadPoolExecutor$DelayedWorkQueue.take(ScheduledThreadPoolExecutor.java:1093)
        at java.util.concurrent.ScheduledThreadPoolExecutor$DelayedWorkQueue.take(ScheduledThreadPoolExecutor.java:809)
        at java.util.concurrent.ThreadPoolExecutor.getTask(ThreadPoolExecutor.java:1074)
        at java.util.concurrent.ThreadPoolExecutor.runWorker(ThreadPoolExecutor.java:1134)
        at java.util.concurrent.ThreadPoolExecutor$Worker.run(ThreadPoolExecutor.java:624)
        at java.lang.Thread.run(Thread.java:750)
"Datanode State Machine Task Thread - 1"  prio=5 tid=522 in Object.wait()
java.lang.Thread.State: WAITING (on object monitor)
        at sun.misc.Unsafe.park(Native Method)
        at java.util.concurrent.locks.LockSupport.park(LockSupport.java:175)
        at java.util.concurrent.locks.AbstractQueuedSynchronizer$ConditionObject.await(AbstractQueuedSynchronizer.java:2039)
        at java.util.concurrent.LinkedBlockingQueue.take(LinkedBlockingQueue.java:442)
        at java.util.concurrent.ThreadPoolExecutor.getTask(ThreadPoolExecutor.java:1074)
        at java.util.concurrent.ThreadPoolExecutor.runWorker(ThreadPoolExecutor.java:1134)
        at java.util.concurrent.ThreadPoolExecutor$Worker.run(ThreadPoolExecutor.java:624)
        at java.lang.Thread.run(Thread.java:750)
"ChunkReader-0" daemon prio=5 tid=757 in Object.wait()
java.lang.Thread.State: WAITING (on object monitor)
        at sun.misc.Unsafe.park(Native Method)
        at java.util.concurrent.locks.LockSupport.park(LockSupport.java:175)
        at java.util.concurrent.locks.AbstractQueuedSynchronizer$ConditionObject.await(AbstractQueuedSynchronizer.java:2039)
        at java.util.concurrent.LinkedBlockingQueue.take(LinkedBlockingQueue.java:442)
        at java.util.concurrent.ThreadPoolExecutor.getTask(ThreadPoolExecutor.java:1074)
        at java.util.concurrent.ThreadPoolExecutor.runWorker(ThreadPoolExecutor.java:1134)
        at java.util.concurrent.ThreadPoolExecutor$Worker.run(ThreadPoolExecutor.java:624)
        at java.lang.Thread.run(Thread.java:750)
"org.apache.hadoop.ozone.container.common.statemachine.commandhandler.DeleteBlocksCommandHandler$DeleteCmdWorker@74f8a334" daemon prio=5 tid=330 timed_waiting
java.lang.Thread.State: TIMED_WAITING
        at java.lang.Thread.sleep(Native Method)
        at org.apache.hadoop.ozone.container.common.statemachine.commandhandler.DeleteBlocksCommandHandler$DeleteCmdWorker.run(DeleteBlocksCommandHandler.java:183)
        at java.lang.Thread.run(Thread.java:750)
"IPC Server handler 13 on default port 43155" daemon prio=5 tid=50 timed_waiting
java.lang.Thread.State: TIMED_WAITING
        at sun.misc.Unsafe.park(Native Method)
        at java.util.concurrent.locks.LockSupport.parkNanos(LockSupport.java:215)
        at java.util.concurrent.locks.AbstractQueuedSynchronizer$ConditionObject.awaitNanos(AbstractQueuedSynchronizer.java:2078)
        at java.util.concurrent.LinkedBlockingQueue.poll(LinkedBlockingQueue.java:467)
        at org.apache.hadoop.ipc.CallQueueManager.take(CallQueueManager.java:317)
        at org.apache.hadoop.ipc.Server$Handler.run(Server.java:2942)
"ChunkWriter-3-0" daemon prio=5 tid=527 in Object.wait()
java.lang.Thread.State: WAITING (on object monitor)
        at sun.misc.Unsafe.park(Native Method)
        at java.util.concurrent.locks.LockSupport.park(LockSupport.java:175)
        at java.util.concurrent.locks.AbstractQueuedSynchronizer$ConditionObject.await(AbstractQueuedSynchronizer.java:2039)
        at java.util.concurrent.LinkedBlockingDeque.takeFirst(LinkedBlockingDeque.java:492)
        at java.util.concurrent.LinkedBlockingDeque.take(LinkedBlockingDeque.java:680)
        at java.util.concurrent.ThreadPoolExecutor.getTask(ThreadPoolExecutor.java:1074)
        at java.util.concurrent.ThreadPoolExecutor.runWorker(ThreadPoolExecutor.java:1134)
        at java.util.concurrent.ThreadPoolExecutor$Worker.run(ThreadPoolExecutor.java:624)
        at java.lang.Thread.run(Thread.java:750)
"ChunkReader-ELG-0" daemon prio=5 tid=515 runnable
java.lang.Thread.State: RUNNABLE
        at org.apache.ratis.thirdparty.io.netty.channel.epoll.Native.epollWait(Native Method)
        at org.apache.ratis.thirdparty.io.netty.channel.epoll.Native.epollWait(Native.java:193)
        at org.apache.ratis.thirdparty.io.netty.channel.epoll.Native.epollWait(Native.java:186)
        at org.apache.ratis.thirdparty.io.netty.channel.epoll.EpollEventLoop.epollWaitNoTimerChange(EpollEventLoop.java:290)
        at org.apache.ratis.thirdparty.io.netty.channel.epoll.EpollEventLoop.run(EpollEventLoop.java:347)
        at org.apache.ratis.thirdparty.io.netty.util.concurrent.SingleThreadEventExecutor$4.run(SingleThreadEventExecutor.java:986)
        at org.apache.ratis.thirdparty.io.netty.util.internal.ThreadExecutorMap$2.run(ThreadExecutorMap.java:74)
        at java.lang.Thread.run(Thread.java:750)
"StaleRecoveringContainerScrubbingService#0" daemon prio=5 tid=531 in Object.wait()
java.lang.Thread.State: WAITING (on object monitor)
        at sun.misc.Unsafe.park(Native Method)
        at java.util.concurrent.locks.LockSupport.park(LockSupport.java:175)
        at java.util.concurrent.locks.AbstractQueuedSynchronizer$ConditionObject.await(AbstractQueuedSynchronizer.java:2039)
        at java.util.concurrent.ScheduledThreadPoolExecutor$DelayedWorkQueue.take(ScheduledThreadPoolExecutor.java:1088)
        at java.util.concurrent.ScheduledThreadPoolExecutor$DelayedWorkQueue.take(ScheduledThreadPoolExecutor.java:809)
        at java.util.concurrent.ThreadPoolExecutor.getTask(ThreadPoolExecutor.java:1074)
        at java.util.concurrent.ThreadPoolExecutor.runWorker(ThreadPoolExecutor.java:1134)
        at java.util.concurrent.ThreadPoolExecutor$Worker.run(ThreadPoolExecutor.java:624)
        at java.lang.Thread.run(Thread.java:750)
"ChunkWriter-0-0" daemon prio=5 tid=433 in Object.wait()
java.lang.Thread.State: WAITING (on object monitor)
        at sun.misc.Unsafe.park(Native Method)
        at java.util.concurrent.locks.LockSupport.park(LockSupport.java:175)
        at java.util.concurrent.locks.AbstractQueuedSynchronizer$ConditionObject.await(AbstractQueuedSynchronizer.java:2039)
        at java.util.concurrent.LinkedBlockingDeque.takeFirst(LinkedBlockingDeque.java:492)
        at java.util.concurrent.LinkedBlockingDeque.take(LinkedBlockingDeque.java:680)
        at java.util.concurrent.ThreadPoolExecutor.getTask(ThreadPoolExecutor.java:1074)
        at java.util.concurrent.ThreadPoolExecutor.runWorker(ThreadPoolExecutor.java:1134)
        at java.util.concurrent.ThreadPoolExecutor$Worker.run(ThreadPoolExecutor.java:624)
        at java.lang.Thread.run(Thread.java:750)
"IPC Server handler 12 on default port 33933" daemon prio=5 tid=156 timed_waiting
java.lang.Thread.State: TIMED_WAITING
        at sun.misc.Unsafe.park(Native Method)
        at java.util.concurrent.locks.LockSupport.parkNanos(LockSupport.java:215)
        at java.util.concurrent.locks.AbstractQueuedSynchronizer$ConditionObject.awaitNanos(AbstractQueuedSynchronizer.java:2078)
        at java.util.concurrent.LinkedBlockingQueue.poll(LinkedBlockingQueue.java:467)
        at org.apache.hadoop.ipc.CallQueueManager.take(CallQueueManager.java:317)
        at org.apache.hadoop.ipc.Server$Handler.run(Server.java:2942)
"qtp1327233716-139" daemon prio=5 tid=139 timed_waiting
java.lang.Thread.State: TIMED_WAITING
        at sun.misc.Unsafe.park(Native Method)
        at java.util.concurrent.locks.LockSupport.parkNanos(LockSupport.java:215)
        at java.util.concurrent.locks.AbstractQueuedSynchronizer$ConditionObject.awaitNanos(AbstractQueuedSynchronizer.java:2078)
        at org.eclipse.jetty.util.BlockingArrayQueue.poll(BlockingArrayQueue.java:382)
        at org.eclipse.jetty.util.thread.QueuedThreadPool$Runner.idleJobPoll(QueuedThreadPool.java:974)
        at org.eclipse.jetty.util.thread.QueuedThreadPool$Runner.run(QueuedThreadPool.java:1018)
        at java.lang.Thread.run(Thread.java:750)
"5a2944c9-75d7-4a8d-9ead-f995138127cc@group-D73006B0921B-SegmentedRaftLogWorker"  prio=5 tid=628 timed_waiting
java.lang.Thread.State: TIMED_WAITING
        at sun.misc.Unsafe.park(Native Method)
        at java.util.concurrent.locks.LockSupport.parkNanos(LockSupport.java:215)
        at java.util.concurrent.locks.AbstractQueuedSynchronizer$ConditionObject.awaitNanos(AbstractQueuedSynchronizer.java:2078)
        at org.apache.ratis.util.DataBlockingQueue.poll(DataBlockingQueue.java:148)
        at org.apache.ratis.server.raftlog.segmented.SegmentedRaftLogWorker.run(SegmentedRaftLogWorker.java:301)
        at org.apache.ratis.server.raftlog.segmented.SegmentedRaftLogWorker$$Lambda$612/1848693335.run(Unknown Source)
        at java.lang.Thread.run(Thread.java:750)
"Datanode State Machine Daemon Thread" daemon prio=5 tid=382 timed_waiting
java.lang.Thread.State: TIMED_WAITING
        at java.lang.Thread.sleep(Native Method)
        at org.apache.hadoop.ozone.container.common.statemachine.DatanodeStateMachine.startStateMachineThread(DatanodeStateMachine.java:313)
        at org.apache.hadoop.ozone.container.common.statemachine.DatanodeStateMachine.lambda$startDaemon$0(DatanodeStateMachine.java:493)
        at org.apache.hadoop.ozone.container.common.statemachine.DatanodeStateMachine$$Lambda$727/1943859930.run(Unknown Source)
        at java.lang.Thread.run(Thread.java:750)
"IPC Server listener on 0" daemon prio=5 tid=122 runnable
java.lang.Thread.State: RUNNABLE
        at sun.nio.ch.EPollArrayWrapper.epollWait(Native Method)
        at sun.nio.ch.EPollArrayWrapper.poll(EPollArrayWrapper.java:269)
        at sun.nio.ch.EPollSelectorImpl.doSelect(EPollSelectorImpl.java:93)
        at sun.nio.ch.SelectorImpl.lockAndDoSelect(SelectorImpl.java:86)
        at sun.nio.ch.SelectorImpl.select(SelectorImpl.java:97)
        at sun.nio.ch.SelectorImpl.select(SelectorImpl.java:101)
        at org.apache.hadoop.ipc.Server$Listener.run(Server.java:1358)
"Reference Handler" daemon prio=10 tid=2 in Object.wait()
java.lang.Thread.State: WAITING (on object monitor)
        at java.lang.Object.wait(Native Method)
        at java.lang.Object.wait(Object.java:502)
        at java.lang.ref.Reference.tryHandlePending(Reference.java:191)
        at java.lang.ref.Reference$ReferenceHandler.run(Reference.java:153)
"Timer-0"  prio=5 tid=130 timed_waiting
java.lang.Thread.State: TIMED_WAITING
        at java.lang.Object.wait(Native Method)
        at java.util.TimerThread.mainLoop(Timer.java:552)
        at java.util.TimerThread.run(Timer.java:505)
"qtp1244255608-230" daemon prio=5 tid=230 timed_waiting
java.lang.Thread.State: TIMED_WAITING
        at sun.misc.Unsafe.park(Native Method)
        at java.util.concurrent.locks.LockSupport.parkNanos(LockSupport.java:215)
        at java.util.concurrent.locks.AbstractQueuedSynchronizer$ConditionObject.awaitNanos(AbstractQueuedSynchronizer.java:2078)
        at org.eclipse.jetty.util.BlockingArrayQueue.poll(BlockingArrayQueue.java:382)
        at org.eclipse.jetty.util.thread.QueuedThreadPool$Runner.idleJobPoll(QueuedThreadPool.java:974)
        at org.eclipse.jetty.util.thread.QueuedThreadPool$Runner.run(QueuedThreadPool.java:1018)
        at java.lang.Thread.run(Thread.java:750)
"EndpointStateMachine task thread for /0.0.0.0:44657 - 0 "  prio=5 tid=428 in Object.wait()
java.lang.Thread.State: WAITING (on object monitor)
        at sun.misc.Unsafe.park(Native Method)
        at java.util.concurrent.locks.LockSupport.park(LockSupport.java:175)
        at java.util.concurrent.locks.AbstractQueuedSynchronizer$ConditionObject.await(AbstractQueuedSynchronizer.java:2039)
        at java.util.concurrent.LinkedBlockingQueue.take(LinkedBlockingQueue.java:442)
        at java.util.concurrent.ThreadPoolExecutor.getTask(ThreadPoolExecutor.java:1074)
        at java.util.concurrent.ThreadPoolExecutor.runWorker(ThreadPoolExecutor.java:1134)
        at java.util.concurrent.ThreadPoolExecutor$Worker.run(ThreadPoolExecutor.java:624)
        at java.lang.Thread.run(Thread.java:750)
"OMDoubleBufferFlushThread" daemon prio=5 tid=115 timed_waiting
java.lang.Thread.State: TIMED_WAITING
        at java.lang.Object.wait(Native Method)
        at org.apache.hadoop.ozone.om.ratis.OzoneManagerDoubleBuffer.canFlush(OzoneManagerDoubleBuffer.java:538)
        at org.apache.hadoop.ozone.om.ratis.OzoneManagerDoubleBuffer.flushTransactions(OzoneManagerDoubleBuffer.java:268)
        at org.apache.hadoop.ozone.om.ratis.OzoneManagerDoubleBuffer$$Lambda$500/1287353279.run(Unknown Source)
        at java.lang.Thread.run(Thread.java:750)
"BlockDeletingService#2" daemon prio=5 tid=1027 in Object.wait()
java.lang.Thread.State: WAITING (on object monitor)
        at sun.misc.Unsafe.park(Native Method)
        at java.util.concurrent.locks.LockSupport.park(LockSupport.java:175)
        at java.util.concurrent.locks.AbstractQueuedSynchronizer$ConditionObject.await(AbstractQueuedSynchronizer.java:2039)
        at java.util.concurrent.ScheduledThreadPoolExecutor$DelayedWorkQueue.take(ScheduledThreadPoolExecutor.java:1088)
        at java.util.concurrent.ScheduledThreadPoolExecutor$DelayedWorkQueue.take(ScheduledThreadPoolExecutor.java:809)
        at java.util.concurrent.ThreadPoolExecutor.getTask(ThreadPoolExecutor.java:1074)
        at java.util.concurrent.ThreadPoolExecutor.runWorker(ThreadPoolExecutor.java:1134)
        at java.util.concurrent.ThreadPoolExecutor$Worker.run(ThreadPoolExecutor.java:624)
        at java.lang.Thread.run(Thread.java:750)
"1c12248a-391b-407f-adc5-34f451ebab0a@group-3825EEDB64AD-FollowerState" daemon prio=5 tid=697 timed_waiting
java.lang.Thread.State: TIMED_WAITING
        at java.lang.Thread.sleep(Native Method)
        at java.lang.Thread.sleep(Thread.java:342)
        at java.util.concurrent.TimeUnit.sleep(TimeUnit.java:386)
        at org.apache.ratis.util.TimeDuration.sleep(TimeDuration.java:325)
        at org.apache.ratis.util.TimeDuration.sleep(TimeDuration.java:310)
        at org.apache.ratis.server.impl.FollowerState.run(FollowerState.java:128)
"qtp1200218812-410-acceptor-0@c9c3752-ServerConnector@62fd809b{HTTP/1.1, (http/1.1)}{0.0.0.0:38183}" daemon prio=3 tid=410 runnable
java.lang.Thread.State: RUNNABLE
        at sun.nio.ch.ServerSocketChannelImpl.accept0(Native Method)
        at sun.nio.ch.ServerSocketChannelImpl.accept(ServerSocketChannelImpl.java:421)
        at sun.nio.ch.ServerSocketChannelImpl.accept(ServerSocketChannelImpl.java:249)
        at org.eclipse.jetty.server.ServerConnector.accept(ServerConnector.java:388)
        at org.eclipse.jetty.server.AbstractConnector$Acceptor.run(AbstractConnector.java:702)
        at org.eclipse.jetty.util.thread.QueuedThreadPool.runJob(QueuedThreadPool.java:883)
        at org.eclipse.jetty.util.thread.QueuedThreadPool$Runner.run(QueuedThreadPool.java:1034)
        at java.lang.Thread.run(Thread.java:750)
"ChunkWriter-2-0" daemon prio=5 tid=469 in Object.wait()
java.lang.Thread.State: WAITING (on object monitor)
        at sun.misc.Unsafe.park(Native Method)
        at java.util.concurrent.locks.LockSupport.park(LockSupport.java:175)
        at java.util.concurrent.locks.AbstractQueuedSynchronizer$ConditionObject.await(AbstractQueuedSynchronizer.java:2039)
        at java.util.concurrent.LinkedBlockingDeque.takeFirst(LinkedBlockingDeque.java:492)
        at java.util.concurrent.LinkedBlockingDeque.take(LinkedBlockingDeque.java:680)
        at java.util.concurrent.ThreadPoolExecutor.getTask(ThreadPoolExecutor.java:1074)
        at java.util.concurrent.ThreadPoolExecutor.runWorker(ThreadPoolExecutor.java:1134)
        at java.util.concurrent.ThreadPoolExecutor$Worker.run(ThreadPoolExecutor.java:624)
        at java.lang.Thread.run(Thread.java:750)
"IPC Server handler 8 on default port 33933" daemon prio=5 tid=152 timed_waiting
java.lang.Thread.State: TIMED_WAITING
        at sun.misc.Unsafe.park(Native Method)
        at java.util.concurrent.locks.LockSupport.parkNanos(LockSupport.java:215)
        at java.util.concurrent.locks.AbstractQueuedSynchronizer$ConditionObject.awaitNanos(AbstractQueuedSynchronizer.java:2078)
        at java.util.concurrent.LinkedBlockingQueue.poll(LinkedBlockingQueue.java:467)
        at org.apache.hadoop.ipc.CallQueueManager.take(CallQueueManager.java:317)
        at org.apache.hadoop.ipc.Server$Handler.run(Server.java:2942)
"Datanode ReportManager Thread - 0" daemon prio=5 tid=355 in Object.wait()
java.lang.Thread.State: WAITING (on object monitor)
        at sun.misc.Unsafe.park(Native Method)
        at java.util.concurrent.locks.LockSupport.park(LockSupport.java:175)
        at java.util.concurrent.locks.AbstractQueuedSynchronizer$ConditionObject.await(AbstractQueuedSynchronizer.java:2039)
        at java.util.concurrent.ScheduledThreadPoolExecutor$DelayedWorkQueue.take(ScheduledThreadPoolExecutor.java:1088)
        at java.util.concurrent.ScheduledThreadPoolExecutor$DelayedWorkQueue.take(ScheduledThreadPoolExecutor.java:809)
        at java.util.concurrent.ThreadPoolExecutor.getTask(ThreadPoolExecutor.java:1074)
        at java.util.concurrent.ThreadPoolExecutor.runWorker(ThreadPoolExecutor.java:1134)
        at java.util.concurrent.ThreadPoolExecutor$Worker.run(ThreadPoolExecutor.java:624)
        at java.lang.Thread.run(Thread.java:750)
"org.apache.hadoop.util.JvmPauseMonitor$Monitor@2f2065e2" daemon prio=5 tid=190 timed_waiting
java.lang.Thread.State: TIMED_WAITING
        at java.lang.Thread.sleep(Native Method)
        at org.apache.hadoop.util.JvmPauseMonitor$Monitor.run(JvmPauseMonitor.java:192)
        at java.lang.Thread.run(Thread.java:750)
"ExpiredContainerReplicaOpScrubberThread" daemon prio=5 tid=17 timed_waiting
java.lang.Thread.State: TIMED_WAITING
        at java.lang.Object.wait(Native Method)
        at org.apache.hadoop.hdds.scm.ha.BackgroundSCMService.run(BackgroundSCMService.java:110)
        at org.apache.hadoop.hdds.scm.ha.BackgroundSCMService$$Lambda$374/722929970.run(Unknown Source)
        at java.lang.Thread.run(Thread.java:750)
"ChunkReader-2" daemon prio=5 tid=780 in Object.wait()
java.lang.Thread.State: WAITING (on object monitor)
        at sun.misc.Unsafe.park(Native Method)
        at java.util.concurrent.locks.LockSupport.park(LockSupport.java:175)
        at java.util.concurrent.locks.AbstractQueuedSynchronizer$ConditionObject.await(AbstractQueuedSynchronizer.java:2039)
        at java.util.concurrent.LinkedBlockingQueue.take(LinkedBlockingQueue.java:442)
        at java.util.concurrent.ThreadPoolExecutor.getTask(ThreadPoolExecutor.java:1074)
        at java.util.concurrent.ThreadPoolExecutor.runWorker(ThreadPoolExecutor.java:1134)
        at java.util.concurrent.ThreadPoolExecutor$Worker.run(ThreadPoolExecutor.java:624)
        at java.lang.Thread.run(Thread.java:750)
"IPC Server handler 18 on default port 43155" daemon prio=5 tid=55 timed_waiting
java.lang.Thread.State: TIMED_WAITING
        at sun.misc.Unsafe.park(Native Method)
        at java.util.concurrent.locks.LockSupport.parkNanos(LockSupport.java:215)
        at java.util.concurrent.locks.AbstractQueuedSynchronizer$ConditionObject.awaitNanos(AbstractQueuedSynchronizer.java:2078)
        at java.util.concurrent.LinkedBlockingQueue.poll(LinkedBlockingQueue.java:467)
        at org.apache.hadoop.ipc.CallQueueManager.take(CallQueueManager.java:317)
        at org.apache.hadoop.ipc.Server$Handler.run(Server.java:2942)
"7bf9862a-bc69-4cc0-99fb-78386598ce26@group-62D058F4AA4E-SegmentedRaftLogWorker"  prio=5 tid=562 timed_waiting
java.lang.Thread.State: TIMED_WAITING
        at sun.misc.Unsafe.park(Native Method)
        at java.util.concurrent.locks.LockSupport.parkNanos(LockSupport.java:215)
        at java.util.concurrent.locks.AbstractQueuedSynchronizer$ConditionObject.awaitNanos(AbstractQueuedSynchronizer.java:2078)
        at org.apache.ratis.util.DataBlockingQueue.poll(DataBlockingQueue.java:148)
        at org.apache.ratis.server.raftlog.segmented.SegmentedRaftLogWorker.run(SegmentedRaftLogWorker.java:301)
        at org.apache.ratis.server.raftlog.segmented.SegmentedRaftLogWorker$$Lambda$612/1848693335.run(Unknown Source)
        at java.lang.Thread.run(Thread.java:750)
"Periodic HDDS volume checker" daemon prio=5 tid=247 timed_waiting
java.lang.Thread.State: TIMED_WAITING
        at sun.misc.Unsafe.park(Native Method)
        at java.util.concurrent.locks.LockSupport.parkNanos(LockSupport.java:215)
        at java.util.concurrent.locks.AbstractQueuedSynchronizer$ConditionObject.awaitNanos(AbstractQueuedSynchronizer.java:2078)
        at java.util.concurrent.ScheduledThreadPoolExecutor$DelayedWorkQueue.take(ScheduledThreadPoolExecutor.java:1093)
        at java.util.concurrent.ScheduledThreadPoolExecutor$DelayedWorkQueue.take(ScheduledThreadPoolExecutor.java:809)
        at java.util.concurrent.ThreadPoolExecutor.getTask(ThreadPoolExecutor.java:1074)
        at java.util.concurrent.ThreadPoolExecutor.runWorker(ThreadPoolExecutor.java:1134)
        at java.util.concurrent.ThreadPoolExecutor$Worker.run(ThreadPoolExecutor.java:624)
        at java.lang.Thread.run(Thread.java:750)
"44dad4d2-9f73-4874-a36a-585ee387199d@group-CA13F6D37BB1->8f71354a-19e6-4be6-b89a-dd2f0292058a-GrpcLogAppender-LogAppenderDaemon" daemon prio=5 tid=909 timed_waiting
java.lang.Thread.State: TIMED_WAITING
        at sun.misc.Unsafe.park(Native Method)
        at java.util.concurrent.locks.LockSupport.parkNanos(LockSupport.java:215)
        at java.util.concurrent.CompletableFuture$Signaller.block(CompletableFuture.java:1709)
        at java.util.concurrent.ForkJoinPool.managedBlock(ForkJoinPool.java:3323)
        at java.util.concurrent.CompletableFuture.timedGet(CompletableFuture.java:1788)
        at java.util.concurrent.CompletableFuture.get(CompletableFuture.java:1928)
        at org.apache.ratis.util.AwaitForSignal.await(AwaitForSignal.java:56)
        at org.apache.ratis.grpc.server.GrpcLogAppender.mayWait(GrpcLogAppender.java:169)
        at org.apache.ratis.grpc.server.GrpcLogAppender.run(GrpcLogAppender.java:128)
        at org.apache.ratis.server.leader.LogAppenderDaemon.run(LogAppenderDaemon.java:77)
        at org.apache.ratis.server.leader.LogAppenderDaemon$$Lambda$1014/1700417656.run(Unknown Source)
        at java.lang.Thread.run(Thread.java:750)
"pool-157-thread-1" daemon prio=5 tid=275 timed_waiting
java.lang.Thread.State: TIMED_WAITING
        at sun.misc.Unsafe.park(Native Method)
        at java.util.concurrent.locks.LockSupport.parkNanos(LockSupport.java:215)
        at java.util.concurrent.locks.AbstractQueuedSynchronizer$ConditionObject.awaitNanos(AbstractQueuedSynchronizer.java:2078)
        at java.util.concurrent.ScheduledThreadPoolExecutor$DelayedWorkQueue.take(ScheduledThreadPoolExecutor.java:1093)
        at java.util.concurrent.ScheduledThreadPoolExecutor$DelayedWorkQueue.take(ScheduledThreadPoolExecutor.java:809)
        at java.util.concurrent.ThreadPoolExecutor.getTask(ThreadPoolExecutor.java:1074)
        at java.util.concurrent.ThreadPoolExecutor.runWorker(ThreadPoolExecutor.java:1134)
        at java.util.concurrent.ThreadPoolExecutor$Worker.run(ThreadPoolExecutor.java:624)
        at java.lang.Thread.run(Thread.java:750)
"5a2944c9-75d7-4a8d-9ead-f995138127cc@group-9BF3DD30FDD3-LeaderStateImpl" daemon prio=5 tid=725 timed_waiting
java.lang.Thread.State: TIMED_WAITING
        at sun.misc.Unsafe.park(Native Method)
        at java.util.concurrent.locks.LockSupport.parkNanos(LockSupport.java:215)
        at java.util.concurrent.locks.AbstractQueuedSynchronizer$ConditionObject.awaitNanos(AbstractQueuedSynchronizer.java:2078)
        at java.util.concurrent.ArrayBlockingQueue.poll(ArrayBlockingQueue.java:418)
        at org.apache.ratis.server.impl.LeaderStateImpl$EventQueue.poll(LeaderStateImpl.java:159)
        at org.apache.ratis.server.impl.LeaderStateImpl$EventProcessor.run(LeaderStateImpl.java:630)
"pool-150-thread-1"  prio=5 tid=253 timed_waiting
java.lang.Thread.State: TIMED_WAITING
        at sun.misc.Unsafe.park(Native Method)
        at java.util.concurrent.locks.LockSupport.parkNanos(LockSupport.java:215)
        at java.util.concurrent.locks.AbstractQueuedSynchronizer$ConditionObject.awaitNanos(AbstractQueuedSynchronizer.java:2078)
        at java.util.concurrent.ScheduledThreadPoolExecutor$DelayedWorkQueue.take(ScheduledThreadPoolExecutor.java:1093)
        at java.util.concurrent.ScheduledThreadPoolExecutor$DelayedWorkQueue.take(ScheduledThreadPoolExecutor.java:809)
        at java.util.concurrent.ThreadPoolExecutor.getTask(ThreadPoolExecutor.java:1074)
        at java.util.concurrent.ThreadPoolExecutor.runWorker(ThreadPoolExecutor.java:1134)
        at java.util.concurrent.ThreadPoolExecutor$Worker.run(ThreadPoolExecutor.java:624)
        at java.lang.Thread.run(Thread.java:750)
"StaleRecoveringContainerScrubbingService#1" daemon prio=5 tid=533 timed_waiting
java.lang.Thread.State: TIMED_WAITING
        at sun.misc.Unsafe.park(Native Method)
        at java.util.concurrent.locks.LockSupport.parkNanos(LockSupport.java:215)
        at java.util.concurrent.locks.AbstractQueuedSynchronizer$ConditionObject.awaitNanos(AbstractQueuedSynchronizer.java:2078)
        at java.util.concurrent.ScheduledThreadPoolExecutor$DelayedWorkQueue.take(ScheduledThreadPoolExecutor.java:1093)
        at java.util.concurrent.ScheduledThreadPoolExecutor$DelayedWorkQueue.take(ScheduledThreadPoolExecutor.java:809)
        at java.util.concurrent.ThreadPoolExecutor.getTask(ThreadPoolExecutor.java:1074)
        at java.util.concurrent.ThreadPoolExecutor.runWorker(ThreadPoolExecutor.java:1134)
        at java.util.concurrent.ThreadPoolExecutor$Worker.run(ThreadPoolExecutor.java:624)
        at java.lang.Thread.run(Thread.java:750)
"qtp1680882295-312" daemon prio=5 tid=312 timed_waiting
java.lang.Thread.State: TIMED_WAITING
        at sun.misc.Unsafe.park(Native Method)
        at java.util.concurrent.locks.LockSupport.parkNanos(LockSupport.java:215)
        at java.util.concurrent.locks.AbstractQueuedSynchronizer$ConditionObject.awaitNanos(AbstractQueuedSynchronizer.java:2078)
        at org.eclipse.jetty.util.BlockingArrayQueue.poll(BlockingArrayQueue.java:382)
        at org.eclipse.jetty.util.thread.QueuedThreadPool$Runner.idleJobPoll(QueuedThreadPool.java:974)
        at org.eclipse.jetty.util.thread.QueuedThreadPool$Runner.run(QueuedThreadPool.java:1018)
        at java.lang.Thread.run(Thread.java:750)
"qtp2039575147-181" daemon prio=5 tid=181 timed_waiting
java.lang.Thread.State: TIMED_WAITING
        at sun.misc.Unsafe.park(Native Method)
        at java.util.concurrent.locks.LockSupport.parkNanos(LockSupport.java:215)
        at java.util.concurrent.locks.AbstractQueuedSynchronizer$ConditionObject.awaitNanos(AbstractQueuedSynchronizer.java:2078)
        at org.eclipse.jetty.util.BlockingArrayQueue.poll(BlockingArrayQueue.java:382)
        at org.eclipse.jetty.util.thread.QueuedThreadPool$Runner.idleJobPoll(QueuedThreadPool.java:974)
        at org.eclipse.jetty.util.thread.QueuedThreadPool$Runner.run(QueuedThreadPool.java:1018)
        at java.lang.Thread.run(Thread.java:750)
"org.apache.hadoop.util.JvmPauseMonitor$Monitor@4edd8a0a" daemon prio=5 tid=98 timed_waiting
java.lang.Thread.State: TIMED_WAITING
        at java.lang.Thread.sleep(Native Method)
        at org.apache.hadoop.util.JvmPauseMonitor$Monitor.run(JvmPauseMonitor.java:192)
        at java.lang.Thread.run(Thread.java:750)
"DatanodeAdminManager-0" daemon prio=5 tid=21 timed_waiting
java.lang.Thread.State: TIMED_WAITING
        at sun.misc.Unsafe.park(Native Method)
        at java.util.concurrent.locks.LockSupport.parkNanos(LockSupport.java:215)
        at java.util.concurrent.locks.AbstractQueuedSynchronizer$ConditionObject.awaitNanos(AbstractQueuedSynchronizer.java:2078)
        at java.util.concurrent.ScheduledThreadPoolExecutor$DelayedWorkQueue.take(ScheduledThreadPoolExecutor.java:1093)
        at java.util.concurrent.ScheduledThreadPoolExecutor$DelayedWorkQueue.take(ScheduledThreadPoolExecutor.java:809)
        at java.util.concurrent.ThreadPoolExecutor.getTask(ThreadPoolExecutor.java:1074)
        at java.util.concurrent.ThreadPoolExecutor.runWorker(ThreadPoolExecutor.java:1134)
        at java.util.concurrent.ThreadPoolExecutor$Worker.run(ThreadPoolExecutor.java:624)
        at java.lang.Thread.run(Thread.java:750)
"ChunkReader-1" daemon prio=5 tid=767 in Object.wait()
java.lang.Thread.State: WAITING (on object monitor)
        at sun.misc.Unsafe.park(Native Method)
        at java.util.concurrent.locks.LockSupport.park(LockSupport.java:175)
        at java.util.concurrent.locks.AbstractQueuedSynchronizer$ConditionObject.await(AbstractQueuedSynchronizer.java:2039)
        at java.util.concurrent.LinkedBlockingQueue.take(LinkedBlockingQueue.java:442)
        at java.util.concurrent.ThreadPoolExecutor.getTask(ThreadPoolExecutor.java:1074)
        at java.util.concurrent.ThreadPoolExecutor.runWorker(ThreadPoolExecutor.java:1134)
        at java.util.concurrent.ThreadPoolExecutor$Worker.run(ThreadPoolExecutor.java:624)
        at java.lang.Thread.run(Thread.java:750)
"BlockDeletingService#1" daemon prio=5 tid=545 timed_waiting
java.lang.Thread.State: TIMED_WAITING
        at sun.misc.Unsafe.park(Native Method)
        at java.util.concurrent.locks.LockSupport.parkNanos(LockSupport.java:215)
        at java.util.concurrent.locks.AbstractQueuedSynchronizer$ConditionObject.awaitNanos(AbstractQueuedSynchronizer.java:2078)
        at java.util.concurrent.ScheduledThreadPoolExecutor$DelayedWorkQueue.take(ScheduledThreadPoolExecutor.java:1093)
        at java.util.concurrent.ScheduledThreadPoolExecutor$DelayedWorkQueue.take(ScheduledThreadPoolExecutor.java:809)
        at java.util.concurrent.ThreadPoolExecutor.getTask(ThreadPoolExecutor.java:1074)
        at java.util.concurrent.ThreadPoolExecutor.runWorker(ThreadPoolExecutor.java:1134)
        at java.util.concurrent.ThreadPoolExecutor$Worker.run(ThreadPoolExecutor.java:624)
        at java.lang.Thread.run(Thread.java:750)
"qtp1200218812-411" daemon prio=5 tid=411 timed_waiting
java.lang.Thread.State: TIMED_WAITING
        at sun.misc.Unsafe.park(Native Method)
        at java.util.concurrent.locks.LockSupport.parkNanos(LockSupport.java:215)
        at java.util.concurrent.locks.AbstractQueuedSynchronizer$ConditionObject.awaitNanos(AbstractQueuedSynchronizer.java:2078)
        at org.eclipse.jetty.util.BlockingArrayQueue.poll(BlockingArrayQueue.java:382)
        at org.eclipse.jetty.util.thread.QueuedThreadPool$Runner.idleJobPoll(QueuedThreadPool.java:974)
        at org.eclipse.jetty.util.thread.QueuedThreadPool$Runner.run(QueuedThreadPool.java:1018)
        at java.lang.Thread.run(Thread.java:750)
"44dad4d2-9f73-4874-a36a-585ee387199d@group-CA13F6D37BB1-SegmentedRaftLogWorker"  prio=5 tid=642 timed_waiting
java.lang.Thread.State: TIMED_WAITING
        at sun.misc.Unsafe.park(Native Method)
        at java.util.concurrent.locks.LockSupport.parkNanos(LockSupport.java:215)
        at java.util.concurrent.locks.AbstractQueuedSynchronizer$ConditionObject.awaitNanos(AbstractQueuedSynchronizer.java:2078)
        at org.apache.ratis.util.DataBlockingQueue.poll(DataBlockingQueue.java:148)
        at org.apache.ratis.server.raftlog.segmented.SegmentedRaftLogWorker.run(SegmentedRaftLogWorker.java:301)
        at org.apache.ratis.server.raftlog.segmented.SegmentedRaftLogWorker$$Lambda$612/1848693335.run(Unknown Source)
        at java.lang.Thread.run(Thread.java:750)
"Datanode ReportManager Thread - 4" daemon prio=5 tid=268 timed_waiting
java.lang.Thread.State: TIMED_WAITING
        at sun.misc.Unsafe.park(Native Method)
        at java.util.concurrent.locks.LockSupport.parkNanos(LockSupport.java:215)
        at java.util.concurrent.locks.AbstractQueuedSynchronizer$ConditionObject.awaitNanos(AbstractQueuedSynchronizer.java:2078)
        at java.util.concurrent.ScheduledThreadPoolExecutor$DelayedWorkQueue.take(ScheduledThreadPoolExecutor.java:1093)
        at java.util.concurrent.ScheduledThreadPoolExecutor$DelayedWorkQueue.take(ScheduledThreadPoolExecutor.java:809)
        at java.util.concurrent.ThreadPoolExecutor.getTask(ThreadPoolExecutor.java:1074)
        at java.util.concurrent.ThreadPoolExecutor.runWorker(ThreadPoolExecutor.java:1134)
        at java.util.concurrent.ThreadPoolExecutor$Worker.run(ThreadPoolExecutor.java:624)
        at java.lang.Thread.run(Thread.java:750)
"Datanode ReportManager Thread - 4" daemon prio=5 tid=188 timed_waiting
java.lang.Thread.State: TIMED_WAITING
        at sun.misc.Unsafe.park(Native Method)
        at java.util.concurrent.locks.LockSupport.parkNanos(LockSupport.java:215)
        at java.util.concurrent.locks.AbstractQueuedSynchronizer$ConditionObject.awaitNanos(AbstractQueuedSynchronizer.java:2078)
        at java.util.concurrent.ScheduledThreadPoolExecutor$DelayedWorkQueue.take(ScheduledThreadPoolExecutor.java:1093)
        at java.util.concurrent.ScheduledThreadPoolExecutor$DelayedWorkQueue.take(ScheduledThreadPoolExecutor.java:809)
        at java.util.concurrent.ThreadPoolExecutor.getTask(ThreadPoolExecutor.java:1074)
        at java.util.concurrent.ThreadPoolExecutor.runWorker(ThreadPoolExecutor.java:1134)
        at java.util.concurrent.ThreadPoolExecutor$Worker.run(ThreadPoolExecutor.java:624)
        at java.lang.Thread.run(Thread.java:750)
"cc783127-5661-4bf3-9a81-5237862e92f6@group-3825EEDB64AD-StateMachineUpdater" daemon prio=5 tid=613 timed_waiting
java.lang.Thread.State: TIMED_WAITING
        at sun.misc.Unsafe.park(Native Method)
        at java.util.concurrent.locks.LockSupport.parkNanos(LockSupport.java:215)
        at java.util.concurrent.CompletableFuture$Signaller.block(CompletableFuture.java:1709)
        at java.util.concurrent.ForkJoinPool.managedBlock(ForkJoinPool.java:3323)
        at java.util.concurrent.CompletableFuture.timedGet(CompletableFuture.java:1788)
        at java.util.concurrent.CompletableFuture.get(CompletableFuture.java:1928)
        at org.apache.ratis.util.AwaitForSignal.await(AwaitForSignal.java:56)
        at org.apache.ratis.server.impl.StateMachineUpdater.waitForCommit(StateMachineUpdater.java:207)
        at org.apache.ratis.server.impl.StateMachineUpdater.run(StateMachineUpdater.java:176)
        at java.lang.Thread.run(Thread.java:750)
"Command processor thread" daemon prio=5 tid=189 timed_waiting
java.lang.Thread.State: TIMED_WAITING
        at java.lang.Thread.sleep(Native Method)
        at org.apache.hadoop.ozone.container.common.statemachine.DatanodeStateMachine.lambda$initCommandHandlerThread$3(DatanodeStateMachine.java:628)
        at org.apache.hadoop.ozone.container.common.statemachine.DatanodeStateMachine$$Lambda$729/728676909.run(Unknown Source)
        at java.lang.Thread.run(Thread.java:750)
"ChunkReader-ELG-0" daemon prio=5 tid=349 runnable
java.lang.Thread.State: RUNNABLE
        at org.apache.ratis.thirdparty.io.netty.channel.epoll.Native.epollWait0(Native Method)
        at org.apache.ratis.thirdparty.io.netty.channel.epoll.Native.epollWait(Native.java:177)
        at org.apache.ratis.thirdparty.io.netty.channel.epoll.EpollEventLoop.epollWait(EpollEventLoop.java:286)
        at org.apache.ratis.thirdparty.io.netty.channel.epoll.EpollEventLoop.run(EpollEventLoop.java:351)
        at org.apache.ratis.thirdparty.io.netty.util.concurrent.SingleThreadEventExecutor$4.run(SingleThreadEventExecutor.java:986)
        at org.apache.ratis.thirdparty.io.netty.util.internal.ThreadExecutorMap$2.run(ThreadExecutorMap.java:74)
        at java.lang.Thread.run(Thread.java:750)
"IPC Server handler 9 on default port 43155" daemon prio=5 tid=46 timed_waiting
java.lang.Thread.State: TIMED_WAITING
        at sun.misc.Unsafe.park(Native Method)
        at java.util.concurrent.locks.LockSupport.parkNanos(LockSupport.java:215)
        at java.util.concurrent.locks.AbstractQueuedSynchronizer$ConditionObject.awaitNanos(AbstractQueuedSynchronizer.java:2078)
        at java.util.concurrent.LinkedBlockingQueue.poll(LinkedBlockingQueue.java:467)
        at org.apache.hadoop.ipc.CallQueueManager.take(CallQueueManager.java:317)
        at org.apache.hadoop.ipc.Server$Handler.run(Server.java:2942)
"StaleRecoveringContainerScrubbingService#2" daemon prio=5 tid=1026 in Object.wait()
java.lang.Thread.State: WAITING (on object monitor)
        at sun.misc.Unsafe.park(Native Method)
        at java.util.concurrent.locks.LockSupport.park(LockSupport.java:175)
        at java.util.concurrent.locks.AbstractQueuedSynchronizer$ConditionObject.await(AbstractQueuedSynchronizer.java:2039)
        at java.util.concurrent.ScheduledThreadPoolExecutor$DelayedWorkQueue.take(ScheduledThreadPoolExecutor.java:1088)
        at java.util.concurrent.ScheduledThreadPoolExecutor$DelayedWorkQueue.take(ScheduledThreadPoolExecutor.java:809)
        at java.util.concurrent.ThreadPoolExecutor.getTask(ThreadPoolExecutor.java:1074)
        at java.util.concurrent.ThreadPoolExecutor.runWorker(ThreadPoolExecutor.java:1134)
        at java.util.concurrent.ThreadPoolExecutor$Worker.run(ThreadPoolExecutor.java:624)
        at java.lang.Thread.run(Thread.java:750)
"ChunkReader-ELG-0" daemon prio=5 tid=496 runnable
java.lang.Thread.State: RUNNABLE
        at org.apache.ratis.thirdparty.io.netty.channel.epoll.Native.epollWait0(Native Method)
        at org.apache.ratis.thirdparty.io.netty.channel.epoll.Native.epollWait(Native.java:177)
        at org.apache.ratis.thirdparty.io.netty.channel.epoll.EpollEventLoop.epollWait(EpollEventLoop.java:286)
        at org.apache.ratis.thirdparty.io.netty.channel.epoll.EpollEventLoop.run(EpollEventLoop.java:351)
        at org.apache.ratis.thirdparty.io.netty.util.concurrent.SingleThreadEventExecutor$4.run(SingleThreadEventExecutor.java:986)
        at org.apache.ratis.thirdparty.io.netty.util.internal.ThreadExecutorMap$2.run(ThreadExecutorMap.java:74)
        at java.lang.Thread.run(Thread.java:750)
"org.apache.hadoop.util.JvmPauseMonitor$Monitor@5707044b" daemon prio=5 tid=425 timed_waiting
java.lang.Thread.State: TIMED_WAITING
        at java.lang.Thread.sleep(Native Method)
        at org.apache.hadoop.util.JvmPauseMonitor$Monitor.run(JvmPauseMonitor.java:192)
        at java.lang.Thread.run(Thread.java:750)
"febd5d2c-72de-44b7-b010-e5e9acc30848@group-84E26D0679BC-SegmentedRaftLogWorker"  prio=5 tid=662 timed_waiting
java.lang.Thread.State: TIMED_WAITING
        at sun.misc.Unsafe.park(Native Method)
        at java.util.concurrent.locks.LockSupport.parkNanos(LockSupport.java:215)
        at java.util.concurrent.locks.AbstractQueuedSynchronizer$ConditionObject.awaitNanos(AbstractQueuedSynchronizer.java:2078)
        at org.apache.ratis.util.DataBlockingQueue.poll(DataBlockingQueue.java:148)
        at org.apache.ratis.server.raftlog.segmented.SegmentedRaftLogWorker.run(SegmentedRaftLogWorker.java:301)
        at org.apache.ratis.server.raftlog.segmented.SegmentedRaftLogWorker$$Lambda$612/1848693335.run(Unknown Source)
        at java.lang.Thread.run(Thread.java:750)
"EventQueue-NewNodeForNewNodeHandler" daemon prio=5 tid=501 in Object.wait()
java.lang.Thread.State: WAITING (on object monitor)
        at sun.misc.Unsafe.park(Native Method)
        at java.util.concurrent.locks.LockSupport.park(LockSupport.java:175)
        at java.util.concurrent.locks.AbstractQueuedSynchronizer$ConditionObject.await(AbstractQueuedSynchronizer.java:2039)
        at java.util.concurrent.LinkedBlockingQueue.take(LinkedBlockingQueue.java:442)
        at java.util.concurrent.ThreadPoolExecutor.getTask(ThreadPoolExecutor.java:1074)
        at java.util.concurrent.ThreadPoolExecutor.runWorker(ThreadPoolExecutor.java:1134)
        at java.util.concurrent.ThreadPoolExecutor$Worker.run(ThreadPoolExecutor.java:624)
        at java.lang.Thread.run(Thread.java:750)
"Periodic HDDS volume checker" daemon prio=5 tid=325 timed_waiting
java.lang.Thread.State: TIMED_WAITING
        at sun.misc.Unsafe.park(Native Method)
        at java.util.concurrent.locks.LockSupport.parkNanos(LockSupport.java:215)
        at java.util.concurrent.locks.AbstractQueuedSynchronizer$ConditionObject.awaitNanos(AbstractQueuedSynchronizer.java:2078)
        at java.util.concurrent.ScheduledThreadPoolExecutor$DelayedWorkQueue.take(ScheduledThreadPoolExecutor.java:1093)
        at java.util.concurrent.ScheduledThreadPoolExecutor$DelayedWorkQueue.take(ScheduledThreadPoolExecutor.java:809)
        at java.util.concurrent.ThreadPoolExecutor.getTask(ThreadPoolExecutor.java:1074)
        at java.util.concurrent.ThreadPoolExecutor.runWorker(ThreadPoolExecutor.java:1134)
        at java.util.concurrent.ThreadPoolExecutor$Worker.run(ThreadPoolExecutor.java:624)
        at java.lang.Thread.run(Thread.java:750)
"qtp957421054-261" daemon prio=5 tid=261 timed_waiting
java.lang.Thread.State: TIMED_WAITING
        at sun.misc.Unsafe.park(Native Method)
        at java.util.concurrent.locks.LockSupport.parkNanos(LockSupport.java:215)
        at java.util.concurrent.locks.AbstractQueuedSynchronizer$ConditionObject.awaitNanos(AbstractQueuedSynchronizer.java:2078)
        at org.eclipse.jetty.util.BlockingArrayQueue.poll(BlockingArrayQueue.java:382)
        at org.eclipse.jetty.util.thread.QueuedThreadPool$Runner.idleJobPoll(QueuedThreadPool.java:974)
        at org.eclipse.jetty.util.thread.QueuedThreadPool$Runner.run(QueuedThreadPool.java:1018)
        at java.lang.Thread.run(Thread.java:750)
"org.apache.hadoop.ozone.container.common.statemachine.commandhandler.DeleteBlocksCommandHandler$DeleteCmdWorker@347ee622" daemon prio=5 tid=278 timed_waiting
java.lang.Thread.State: TIMED_WAITING
        at java.lang.Thread.sleep(Native Method)
        at org.apache.hadoop.ozone.container.common.statemachine.commandhandler.DeleteBlocksCommandHandler$DeleteCmdWorker.run(DeleteBlocksCommandHandler.java:183)
        at java.lang.Thread.run(Thread.java:750)
"IPC Server handler 1 on default port 43155" daemon prio=5 tid=38 timed_waiting
java.lang.Thread.State: TIMED_WAITING
        at sun.misc.Unsafe.park(Native Method)
        at java.util.concurrent.locks.LockSupport.parkNanos(LockSupport.java:215)
        at java.util.concurrent.locks.AbstractQueuedSynchronizer$ConditionObject.awaitNanos(AbstractQueuedSynchronizer.java:2078)
        at java.util.concurrent.LinkedBlockingQueue.poll(LinkedBlockingQueue.java:467)
        at org.apache.hadoop.ipc.CallQueueManager.take(CallQueueManager.java:317)
        at org.apache.hadoop.ipc.Server$Handler.run(Server.java:2942)
"SCM Heartbeat Processing Thread - 0" daemon prio=5 tid=14 timed_waiting
java.lang.Thread.State: TIMED_WAITING
        at sun.misc.Unsafe.park(Native Method)
        at java.util.concurrent.locks.LockSupport.parkNanos(LockSupport.java:215)
        at java.util.concurrent.locks.AbstractQueuedSynchronizer$ConditionObject.awaitNanos(AbstractQueuedSynchronizer.java:2078)
        at java.util.concurrent.ScheduledThreadPoolExecutor$DelayedWorkQueue.take(ScheduledThreadPoolExecutor.java:1093)
        at java.util.concurrent.ScheduledThreadPoolExecutor$DelayedWorkQueue.take(ScheduledThreadPoolExecutor.java:809)
        at java.util.concurrent.ThreadPoolExecutor.getTask(ThreadPoolExecutor.java:1074)
        at java.util.concurrent.ThreadPoolExecutor.runWorker(ThreadPoolExecutor.java:1134)
        at java.util.concurrent.ThreadPoolExecutor$Worker.run(ThreadPoolExecutor.java:624)
        at java.lang.Thread.run(Thread.java:750)
"IPC Server handler 15 on default port 35271" daemon prio=5 tid=72 timed_waiting
java.lang.Thread.State: TIMED_WAITING
        at sun.misc.Unsafe.park(Native Method)
        at java.util.concurrent.locks.LockSupport.parkNanos(LockSupport.java:215)
        at java.util.concurrent.locks.AbstractQueuedSynchronizer$ConditionObject.awaitNanos(AbstractQueuedSynchronizer.java:2078)
        at java.util.concurrent.LinkedBlockingQueue.poll(LinkedBlockingQueue.java:467)
        at org.apache.hadoop.ipc.CallQueueManager.take(CallQueueManager.java:317)
        at org.apache.hadoop.ipc.Server$Handler.run(Server.java:2942)
"Periodic HDDS volume checker" daemon prio=5 tid=273 timed_waiting
java.lang.Thread.State: TIMED_WAITING
        at sun.misc.Unsafe.park(Native Method)
        at java.util.concurrent.locks.LockSupport.parkNanos(LockSupport.java:215)
        at java.util.concurrent.locks.AbstractQueuedSynchronizer$ConditionObject.awaitNanos(AbstractQueuedSynchronizer.java:2078)
        at java.util.concurrent.ScheduledThreadPoolExecutor$DelayedWorkQueue.take(ScheduledThreadPoolExecutor.java:1093)
        at java.util.concurrent.ScheduledThreadPoolExecutor$DelayedWorkQueue.take(ScheduledThreadPoolExecutor.java:809)
        at java.util.concurrent.ThreadPoolExecutor.getTask(ThreadPoolExecutor.java:1074)
        at java.util.concurrent.ThreadPoolExecutor.runWorker(ThreadPoolExecutor.java:1134)
        at java.util.concurrent.ThreadPoolExecutor$Worker.run(ThreadPoolExecutor.java:624)
        at java.lang.Thread.run(Thread.java:750)
"qtp2129898017-106" daemon prio=5 tid=106 timed_waiting
java.lang.Thread.State: TIMED_WAITING
        at sun.misc.Unsafe.park(Native Method)
        at java.util.concurrent.locks.LockSupport.parkNanos(LockSupport.java:215)
        at java.util.concurrent.locks.AbstractQueuedSynchronizer$ConditionObject.awaitNanos(AbstractQueuedSynchronizer.java:2078)
        at org.eclipse.jetty.util.BlockingArrayQueue.poll(BlockingArrayQueue.java:382)
        at org.eclipse.jetty.util.thread.QueuedThreadPool$Runner.idleJobPoll(QueuedThreadPool.java:974)
        at org.eclipse.jetty.util.thread.QueuedThreadPool$Runner.run(QueuedThreadPool.java:1018)
        at java.lang.Thread.run(Thread.java:750)
"IPC Server handler 5 on default port 44657" daemon prio=5 tid=82 timed_waiting
java.lang.Thread.State: TIMED_WAITING
        at sun.misc.Unsafe.park(Native Method)
        at java.util.concurrent.locks.LockSupport.parkNanos(LockSupport.java:215)
        at java.util.concurrent.locks.AbstractQueuedSynchronizer$ConditionObject.awaitNanos(AbstractQueuedSynchronizer.java:2078)
        at java.util.concurrent.LinkedBlockingQueue.poll(LinkedBlockingQueue.java:467)
        at org.apache.hadoop.ipc.CallQueueManager.take(CallQueueManager.java:317)
        at org.apache.hadoop.ipc.Server$Handler.run(Server.java:2942)
"ChunkWriter-3-0" daemon prio=5 tid=539 in Object.wait()
java.lang.Thread.State: WAITING (on object monitor)
        at sun.misc.Unsafe.park(Native Method)
        at java.util.concurrent.locks.LockSupport.park(LockSupport.java:175)
        at java.util.concurrent.locks.AbstractQueuedSynchronizer$ConditionObject.await(AbstractQueuedSynchronizer.java:2039)
        at java.util.concurrent.LinkedBlockingDeque.takeFirst(LinkedBlockingDeque.java:492)
        at java.util.concurrent.LinkedBlockingDeque.take(LinkedBlockingDeque.java:680)
        at java.util.concurrent.ThreadPoolExecutor.getTask(ThreadPoolExecutor.java:1074)
        at java.util.concurrent.ThreadPoolExecutor.runWorker(ThreadPoolExecutor.java:1134)
        at java.util.concurrent.ThreadPoolExecutor$Worker.run(ThreadPoolExecutor.java:624)
        at java.lang.Thread.run(Thread.java:750)
"IPC Server handler 8 on default port 35271" daemon prio=5 tid=65 timed_waiting
java.lang.Thread.State: TIMED_WAITING
        at sun.misc.Unsafe.park(Native Method)
        at java.util.concurrent.locks.LockSupport.parkNanos(LockSupport.java:215)
        at java.util.concurrent.locks.AbstractQueuedSynchronizer$ConditionObject.awaitNanos(AbstractQueuedSynchronizer.java:2078)
        at java.util.concurrent.LinkedBlockingQueue.poll(LinkedBlockingQueue.java:467)
        at org.apache.hadoop.ipc.CallQueueManager.take(CallQueueManager.java:317)
        at org.apache.hadoop.ipc.Server$Handler.run(Server.java:2942)
"BlockDeletingService#1" daemon prio=5 tid=353 timed_waiting
java.lang.Thread.State: TIMED_WAITING
        at sun.misc.Unsafe.park(Native Method)
        at java.util.concurrent.locks.LockSupport.parkNanos(LockSupport.java:215)
        at java.util.concurrent.locks.AbstractQueuedSynchronizer$ConditionObject.awaitNanos(AbstractQueuedSynchronizer.java:2078)
        at java.util.concurrent.ScheduledThreadPoolExecutor$DelayedWorkQueue.take(ScheduledThreadPoolExecutor.java:1093)
        at java.util.concurrent.ScheduledThreadPoolExecutor$DelayedWorkQueue.take(ScheduledThreadPoolExecutor.java:809)
        at java.util.concurrent.ThreadPoolExecutor.getTask(ThreadPoolExecutor.java:1074)
        at java.util.concurrent.ThreadPoolExecutor.runWorker(ThreadPoolExecutor.java:1134)
        at java.util.concurrent.ThreadPoolExecutor$Worker.run(ThreadPoolExecutor.java:624)
        at java.lang.Thread.run(Thread.java:750)
"pool-64-thread-1" daemon prio=5 tid=168 timed_waiting
java.lang.Thread.State: TIMED_WAITING
        at sun.misc.Unsafe.park(Native Method)
        at java.util.concurrent.locks.LockSupport.parkNanos(LockSupport.java:215)
        at java.util.concurrent.locks.AbstractQueuedSynchronizer$ConditionObject.awaitNanos(AbstractQueuedSynchronizer.java:2078)
        at java.util.concurrent.ScheduledThreadPoolExecutor$DelayedWorkQueue.take(ScheduledThreadPoolExecutor.java:1093)
        at java.util.concurrent.ScheduledThreadPoolExecutor$DelayedWorkQueue.take(ScheduledThreadPoolExecutor.java:809)
        at java.util.concurrent.ThreadPoolExecutor.getTask(ThreadPoolExecutor.java:1074)
        at java.util.concurrent.ThreadPoolExecutor.runWorker(ThreadPoolExecutor.java:1134)
        at java.util.concurrent.ThreadPoolExecutor$Worker.run(ThreadPoolExecutor.java:624)
        at java.lang.Thread.run(Thread.java:750)
"Datanode State Machine Task Thread - 0"  prio=5 tid=323 in Object.wait()
java.lang.Thread.State: WAITING (on object monitor)
        at sun.misc.Unsafe.park(Native Method)
        at java.util.concurrent.locks.LockSupport.park(LockSupport.java:175)
        at java.util.concurrent.locks.AbstractQueuedSynchronizer$ConditionObject.await(AbstractQueuedSynchronizer.java:2039)
        at java.util.concurrent.LinkedBlockingQueue.take(LinkedBlockingQueue.java:442)
        at java.util.concurrent.ThreadPoolExecutor.getTask(ThreadPoolExecutor.java:1074)
        at java.util.concurrent.ThreadPoolExecutor.runWorker(ThreadPoolExecutor.java:1134)
        at java.util.concurrent.ThreadPoolExecutor$Worker.run(ThreadPoolExecutor.java:624)
        at java.lang.Thread.run(Thread.java:750)
"Datanode ReportManager Thread - 1" daemon prio=5 tid=317 timed_waiting
java.lang.Thread.State: TIMED_WAITING
        at sun.misc.Unsafe.park(Native Method)
        at java.util.concurrent.locks.LockSupport.parkNanos(LockSupport.java:215)
        at java.util.concurrent.locks.AbstractQueuedSynchronizer$ConditionObject.awaitNanos(AbstractQueuedSynchronizer.java:2078)
        at java.util.concurrent.ScheduledThreadPoolExecutor$DelayedWorkQueue.take(ScheduledThreadPoolExecutor.java:1093)
        at java.util.concurrent.ScheduledThreadPoolExecutor$DelayedWorkQueue.take(ScheduledThreadPoolExecutor.java:809)
        at java.util.concurrent.ThreadPoolExecutor.getTask(ThreadPoolExecutor.java:1074)
        at java.util.concurrent.ThreadPoolExecutor.runWorker(ThreadPoolExecutor.java:1134)
        at java.util.concurrent.ThreadPoolExecutor$Worker.run(ThreadPoolExecutor.java:624)
        at java.lang.Thread.run(Thread.java:750)
"5a2944c9-75d7-4a8d-9ead-f995138127cc-server-thread1" daemon prio=5 tid=705 timed_waiting
java.lang.Thread.State: TIMED_WAITING
        at sun.misc.Unsafe.park(Native Method)
        at java.util.concurrent.locks.LockSupport.parkNanos(LockSupport.java:215)
        at java.util.concurrent.SynchronousQueue$TransferStack.awaitFulfill(SynchronousQueue.java:460)
        at java.util.concurrent.SynchronousQueue$TransferStack.transfer(SynchronousQueue.java:362)
        at java.util.concurrent.SynchronousQueue.poll(SynchronousQueue.java:941)
        at java.util.concurrent.ThreadPoolExecutor.getTask(ThreadPoolExecutor.java:1073)
        at java.util.concurrent.ThreadPoolExecutor.runWorker(ThreadPoolExecutor.java:1134)
        at java.util.concurrent.ThreadPoolExecutor$Worker.run(ThreadPoolExecutor.java:624)
        at java.lang.Thread.run(Thread.java:750)
"BlockDeletingService#1" daemon prio=5 tid=556 timed_waiting
java.lang.Thread.State: TIMED_WAITING
        at sun.misc.Unsafe.park(Native Method)
        at java.util.concurrent.locks.LockSupport.parkNanos(LockSupport.java:215)
        at java.util.concurrent.locks.AbstractQueuedSynchronizer$ConditionObject.awaitNanos(AbstractQueuedSynchronizer.java:2078)
        at java.util.concurrent.ScheduledThreadPoolExecutor$DelayedWorkQueue.take(ScheduledThreadPoolExecutor.java:1093)
        at java.util.concurrent.ScheduledThreadPoolExecutor$DelayedWorkQueue.take(ScheduledThreadPoolExecutor.java:809)
        at java.util.concurrent.ThreadPoolExecutor.getTask(ThreadPoolExecutor.java:1074)
        at java.util.concurrent.ThreadPoolExecutor.runWorker(ThreadPoolExecutor.java:1134)
        at java.util.concurrent.ThreadPoolExecutor$Worker.run(ThreadPoolExecutor.java:624)
        at java.lang.Thread.run(Thread.java:750)
"DirectoryDeletingService#0" daemon prio=5 tid=132 timed_waiting
java.lang.Thread.State: TIMED_WAITING
        at sun.misc.Unsafe.park(Native Method)
        at java.util.concurrent.locks.LockSupport.parkNanos(LockSupport.java:215)
        at java.util.concurrent.locks.AbstractQueuedSynchronizer$ConditionObject.awaitNanos(AbstractQueuedSynchronizer.java:2078)
        at java.util.concurrent.ScheduledThreadPoolExecutor$DelayedWorkQueue.take(ScheduledThreadPoolExecutor.java:1093)
        at java.util.concurrent.ScheduledThreadPoolExecutor$DelayedWorkQueue.take(ScheduledThreadPoolExecutor.java:809)
        at java.util.concurrent.ThreadPoolExecutor.getTask(ThreadPoolExecutor.java:1074)
        at java.util.concurrent.ThreadPoolExecutor.runWorker(ThreadPoolExecutor.java:1134)
        at java.util.concurrent.ThreadPoolExecutor$Worker.run(ThreadPoolExecutor.java:624)
        at java.lang.Thread.run(Thread.java:750)
"IPC Server Responder" daemon prio=5 tid=125 runnable
java.lang.Thread.State: RUNNABLE
        at sun.nio.ch.EPollArrayWrapper.epollWait(Native Method)
        at sun.nio.ch.EPollArrayWrapper.poll(EPollArrayWrapper.java:269)
        at sun.nio.ch.EPollSelectorImpl.doSelect(EPollSelectorImpl.java:93)
        at sun.nio.ch.SelectorImpl.lockAndDoSelect(SelectorImpl.java:86)
        at sun.nio.ch.SelectorImpl.select(SelectorImpl.java:97)
        at org.apache.hadoop.ipc.Server$Responder.doRunLoop(Server.java:1532)
        at org.apache.hadoop.ipc.Server$Responder.run(Server.java:1515)
"IPC Server handler 5 on default port 35271" daemon prio=5 tid=62 timed_waiting
java.lang.Thread.State: TIMED_WAITING
        at sun.misc.Unsafe.park(Native Method)
        at java.util.concurrent.locks.LockSupport.parkNanos(LockSupport.java:215)
        at java.util.concurrent.locks.AbstractQueuedSynchronizer$ConditionObject.awaitNanos(AbstractQueuedSynchronizer.java:2078)
        at java.util.concurrent.LinkedBlockingQueue.poll(LinkedBlockingQueue.java:467)
        at org.apache.hadoop.ipc.CallQueueManager.take(CallQueueManager.java:317)
        at org.apache.hadoop.ipc.Server$Handler.run(Server.java:2942)
"org.apache.ratis.util.JvmPauseMonitor$$Lambda$684/38778801@c53108f" daemon prio=5 tid=348 timed_waiting
java.lang.Thread.State: TIMED_WAITING
        at java.lang.Thread.sleep(Native Method)
        at java.lang.Thread.sleep(Thread.java:342)
        at java.util.concurrent.TimeUnit.sleep(TimeUnit.java:386)
        at org.apache.ratis.util.TimeDuration.sleep(TimeDuration.java:325)
        at org.apache.ratis.util.TimeDuration.sleep(TimeDuration.java:310)
        at org.apache.ratis.util.JvmPauseMonitor.detectPause(JvmPauseMonitor.java:117)
        at org.apache.ratis.util.JvmPauseMonitor.run(JvmPauseMonitor.java:106)
        at org.apache.ratis.util.JvmPauseMonitor$$Lambda$684/38778801.run(Unknown Source)
        at java.lang.Thread.run(Thread.java:750)
"IPC Server handler 15 on default port 44657" daemon prio=5 tid=92 timed_waiting
java.lang.Thread.State: TIMED_WAITING
        at sun.misc.Unsafe.park(Native Method)
        at java.util.concurrent.locks.LockSupport.parkNanos(LockSupport.java:215)
        at java.util.concurrent.locks.AbstractQueuedSynchronizer$ConditionObject.awaitNanos(AbstractQueuedSynchronizer.java:2078)
        at java.util.concurrent.LinkedBlockingQueue.poll(LinkedBlockingQueue.java:467)
        at org.apache.hadoop.ipc.CallQueueManager.take(CallQueueManager.java:317)
        at org.apache.hadoop.ipc.Server$Handler.run(Server.java:2942)
"qtp1200218812-414" daemon prio=5 tid=414 timed_waiting
java.lang.Thread.State: TIMED_WAITING
        at sun.misc.Unsafe.park(Native Method)
        at java.util.concurrent.locks.LockSupport.parkNanos(LockSupport.java:215)
        at java.util.concurrent.locks.AbstractQueuedSynchronizer$ConditionObject.awaitNanos(AbstractQueuedSynchronizer.java:2078)
        at org.eclipse.jetty.util.BlockingArrayQueue.poll(BlockingArrayQueue.java:382)
        at org.eclipse.jetty.util.thread.QueuedThreadPool$Runner.idleJobPoll(QueuedThreadPool.java:974)
        at org.eclipse.jetty.util.thread.QueuedThreadPool$Runner.run(QueuedThreadPool.java:1018)
        at java.lang.Thread.run(Thread.java:750)
"org.apache.hadoop.util.JvmPauseMonitor$Monitor@46e18f9b" daemon prio=5 tid=270 timed_waiting
java.lang.Thread.State: TIMED_WAITING
        at java.lang.Thread.sleep(Native Method)
        at org.apache.hadoop.util.JvmPauseMonitor$Monitor.run(JvmPauseMonitor.java:192)
        at java.lang.Thread.run(Thread.java:750)
"StaleRecoveringContainerScrubbingService#1" daemon prio=5 tid=352 timed_waiting
java.lang.Thread.State: TIMED_WAITING
        at sun.misc.Unsafe.park(Native Method)
        at java.util.concurrent.locks.LockSupport.parkNanos(LockSupport.java:215)
        at java.util.concurrent.locks.AbstractQueuedSynchronizer$ConditionObject.awaitNanos(AbstractQueuedSynchronizer.java:2078)
        at java.util.concurrent.ScheduledThreadPoolExecutor$DelayedWorkQueue.take(ScheduledThreadPoolExecutor.java:1093)
        at java.util.concurrent.ScheduledThreadPoolExecutor$DelayedWorkQueue.take(ScheduledThreadPoolExecutor.java:809)
        at java.util.concurrent.ThreadPoolExecutor.getTask(ThreadPoolExecutor.java:1074)
        at java.util.concurrent.ThreadPoolExecutor.runWorker(ThreadPoolExecutor.java:1134)
        at java.util.concurrent.ThreadPoolExecutor$Worker.run(ThreadPoolExecutor.java:624)
        at java.lang.Thread.run(Thread.java:750)
"pool-134-thread-1" daemon prio=5 tid=249 timed_waiting
java.lang.Thread.State: TIMED_WAITING
        at sun.misc.Unsafe.park(Native Method)
        at java.util.concurrent.locks.LockSupport.parkNanos(LockSupport.java:215)
        at java.util.concurrent.locks.AbstractQueuedSynchronizer$ConditionObject.awaitNanos(AbstractQueuedSynchronizer.java:2078)
        at java.util.concurrent.ScheduledThreadPoolExecutor$DelayedWorkQueue.take(ScheduledThreadPoolExecutor.java:1093)
        at java.util.concurrent.ScheduledThreadPoolExecutor$DelayedWorkQueue.take(ScheduledThreadPoolExecutor.java:809)
        at java.util.concurrent.ThreadPoolExecutor.getTask(ThreadPoolExecutor.java:1074)
        at java.util.concurrent.ThreadPoolExecutor.runWorker(ThreadPoolExecutor.java:1134)
        at java.util.concurrent.ThreadPoolExecutor$Worker.run(ThreadPoolExecutor.java:624)
        at java.lang.Thread.run(Thread.java:750)
"5a2944c9-75d7-4a8d-9ead-f995138127cc@group-9BF3DD30FDD3-StateMachineUpdater" daemon prio=5 tid=636 timed_waiting
java.lang.Thread.State: TIMED_WAITING
        at sun.misc.Unsafe.park(Native Method)
        at java.util.concurrent.locks.LockSupport.parkNanos(LockSupport.java:215)
        at java.util.concurrent.CompletableFuture$Signaller.block(CompletableFuture.java:1709)
        at java.util.concurrent.ForkJoinPool.managedBlock(ForkJoinPool.java:3323)
        at java.util.concurrent.CompletableFuture.timedGet(CompletableFuture.java:1788)
        at java.util.concurrent.CompletableFuture.get(CompletableFuture.java:1928)
        at org.apache.ratis.util.AwaitForSignal.await(AwaitForSignal.java:56)
        at org.apache.ratis.server.impl.StateMachineUpdater.waitForCommit(StateMachineUpdater.java:207)
        at org.apache.ratis.server.impl.StateMachineUpdater.run(StateMachineUpdater.java:176)
        at java.lang.Thread.run(Thread.java:750)
"5a2944c9-75d7-4a8d-9ead-f995138127cc-server-thread2" daemon prio=5 tid=895 timed_waiting
java.lang.Thread.State: TIMED_WAITING
        at sun.misc.Unsafe.park(Native Method)
        at java.util.concurrent.locks.LockSupport.parkNanos(LockSupport.java:215)
        at java.util.concurrent.SynchronousQueue$TransferStack.awaitFulfill(SynchronousQueue.java:460)
        at java.util.concurrent.SynchronousQueue$TransferStack.transfer(SynchronousQueue.java:362)
        at java.util.concurrent.SynchronousQueue.poll(SynchronousQueue.java:941)
        at java.util.concurrent.ThreadPoolExecutor.getTask(ThreadPoolExecutor.java:1073)
        at java.util.concurrent.ThreadPoolExecutor.runWorker(ThreadPoolExecutor.java:1134)
        at java.util.concurrent.ThreadPoolExecutor$Worker.run(ThreadPoolExecutor.java:624)
        at java.lang.Thread.run(Thread.java:750)
"PartialTableCache Cleanup Thread - 0" daemon prio=5 tid=753 in Object.wait()
java.lang.Thread.State: WAITING (on object monitor)
        at sun.misc.Unsafe.park(Native Method)
        at java.util.concurrent.locks.LockSupport.park(LockSupport.java:175)
        at java.util.concurrent.locks.AbstractQueuedSynchronizer$ConditionObject.await(AbstractQueuedSynchronizer.java:2039)
        at java.util.concurrent.LinkedBlockingQueue.take(LinkedBlockingQueue.java:442)
        at java.util.concurrent.ThreadPoolExecutor.getTask(ThreadPoolExecutor.java:1074)
        at java.util.concurrent.ThreadPoolExecutor.runWorker(ThreadPoolExecutor.java:1134)
        at java.util.concurrent.ThreadPoolExecutor$Worker.run(ThreadPoolExecutor.java:624)
        at java.lang.Thread.run(Thread.java:750)
"IPC Server handler 7 on default port 33933" daemon prio=5 tid=151 timed_waiting
java.lang.Thread.State: TIMED_WAITING
        at sun.misc.Unsafe.park(Native Method)
        at java.util.concurrent.locks.LockSupport.parkNanos(LockSupport.java:215)
        at java.util.concurrent.locks.AbstractQueuedSynchronizer$ConditionObject.awaitNanos(AbstractQueuedSynchronizer.java:2078)
        at java.util.concurrent.LinkedBlockingQueue.poll(LinkedBlockingQueue.java:467)
        at org.apache.hadoop.ipc.CallQueueManager.take(CallQueueManager.java:317)
        at org.apache.hadoop.ipc.Server$Handler.run(Server.java:2942)
"8f71354a-19e6-4be6-b89a-dd2f0292058a@group-84E26D0679BC-SegmentedRaftLogWorker"  prio=5 tid=658 timed_waiting
java.lang.Thread.State: TIMED_WAITING
        at sun.misc.Unsafe.park(Native Method)
        at java.util.concurrent.locks.LockSupport.parkNanos(LockSupport.java:215)
        at java.util.concurrent.locks.AbstractQueuedSynchronizer$ConditionObject.awaitNanos(AbstractQueuedSynchronizer.java:2078)
        at org.apache.ratis.util.DataBlockingQueue.poll(DataBlockingQueue.java:148)
        at org.apache.ratis.server.raftlog.segmented.SegmentedRaftLogWorker.run(SegmentedRaftLogWorker.java:301)
        at org.apache.ratis.server.raftlog.segmented.SegmentedRaftLogWorker$$Lambda$612/1848693335.run(Unknown Source)
        at java.lang.Thread.run(Thread.java:750)
"ChunkWriter-1-0" daemon prio=5 tid=434 in Object.wait()
java.lang.Thread.State: WAITING (on object monitor)
        at sun.misc.Unsafe.park(Native Method)
        at java.util.concurrent.locks.LockSupport.park(LockSupport.java:175)
        at java.util.concurrent.locks.AbstractQueuedSynchronizer$ConditionObject.await(AbstractQueuedSynchronizer.java:2039)
        at java.util.concurrent.LinkedBlockingDeque.takeFirst(LinkedBlockingDeque.java:492)
        at java.util.concurrent.LinkedBlockingDeque.take(LinkedBlockingDeque.java:680)
        at java.util.concurrent.ThreadPoolExecutor.getTask(ThreadPoolExecutor.java:1074)
        at java.util.concurrent.ThreadPoolExecutor.runWorker(ThreadPoolExecutor.java:1134)
        at java.util.concurrent.ThreadPoolExecutor$Worker.run(ThreadPoolExecutor.java:624)
        at java.lang.Thread.run(Thread.java:750)
"Datanode ReportManager Thread - 0" daemon prio=5 tid=184 in Object.wait()
java.lang.Thread.State: WAITING (on object monitor)
        at sun.misc.Unsafe.park(Native Method)
        at java.util.concurrent.locks.LockSupport.park(LockSupport.java:175)
        at java.util.concurrent.locks.AbstractQueuedSynchronizer$ConditionObject.await(AbstractQueuedSynchronizer.java:2039)
        at java.util.concurrent.ScheduledThreadPoolExecutor$DelayedWorkQueue.take(ScheduledThreadPoolExecutor.java:1088)
        at java.util.concurrent.ScheduledThreadPoolExecutor$DelayedWorkQueue.take(ScheduledThreadPoolExecutor.java:809)
        at java.util.concurrent.ThreadPoolExecutor.getTask(ThreadPoolExecutor.java:1074)
        at java.util.concurrent.ThreadPoolExecutor.runWorker(ThreadPoolExecutor.java:1134)
        at java.util.concurrent.ThreadPoolExecutor$Worker.run(ThreadPoolExecutor.java:624)
        at java.lang.Thread.run(Thread.java:750)
"qtp1227391664-281-acceptor-0@5dd248b8-ServerConnector@63c8550f{HTTP/1.1, (http/1.1)}{0.0.0.0:42359}" daemon prio=3 tid=281 runnable
java.lang.Thread.State: RUNNABLE
        at sun.nio.ch.ServerSocketChannelImpl.accept0(Native Method)
        at sun.nio.ch.ServerSocketChannelImpl.accept(ServerSocketChannelImpl.java:421)
        at sun.nio.ch.ServerSocketChannelImpl.accept(ServerSocketChannelImpl.java:249)
        at org.eclipse.jetty.server.ServerConnector.accept(ServerConnector.java:388)
        at org.eclipse.jetty.server.AbstractConnector$Acceptor.run(AbstractConnector.java:702)
        at org.eclipse.jetty.util.thread.QueuedThreadPool.runJob(QueuedThreadPool.java:883)
        at org.eclipse.jetty.util.thread.QueuedThreadPool$Runner.run(QueuedThreadPool.java:1034)
        at java.lang.Thread.run(Thread.java:750)
"ChunkReader-3" daemon prio=5 tid=784 in Object.wait()
java.lang.Thread.State: WAITING (on object monitor)
        at sun.misc.Unsafe.park(Native Method)
        at java.util.concurrent.locks.LockSupport.park(LockSupport.java:175)
        at java.util.concurrent.locks.AbstractQueuedSynchronizer$ConditionObject.await(AbstractQueuedSynchronizer.java:2039)
        at java.util.concurrent.LinkedBlockingQueue.take(LinkedBlockingQueue.java:442)
        at java.util.concurrent.ThreadPoolExecutor.getTask(ThreadPoolExecutor.java:1074)
        at java.util.concurrent.ThreadPoolExecutor.runWorker(ThreadPoolExecutor.java:1134)
        at java.util.concurrent.ThreadPoolExecutor$Worker.run(ThreadPoolExecutor.java:624)
        at java.lang.Thread.run(Thread.java:750)
"StaleRecoveringContainerScrubbingService#1" daemon prio=5 tid=544 timed_waiting
java.lang.Thread.State: TIMED_WAITING
        at sun.misc.Unsafe.park(Native Method)
        at java.util.concurrent.locks.LockSupport.parkNanos(LockSupport.java:215)
        at java.util.concurrent.locks.AbstractQueuedSynchronizer$ConditionObject.awaitNanos(AbstractQueuedSynchronizer.java:2078)
        at java.util.concurrent.ScheduledThreadPoolExecutor$DelayedWorkQueue.take(ScheduledThreadPoolExecutor.java:1093)
        at java.util.concurrent.ScheduledThreadPoolExecutor$DelayedWorkQueue.take(ScheduledThreadPoolExecutor.java:809)
        at java.util.concurrent.ThreadPoolExecutor.getTask(ThreadPoolExecutor.java:1074)
        at java.util.concurrent.ThreadPoolExecutor.runWorker(ThreadPoolExecutor.java:1134)
        at java.util.concurrent.ThreadPoolExecutor$Worker.run(ThreadPoolExecutor.java:624)
        at java.lang.Thread.run(Thread.java:750)
"EventQueue-DatanodeCommandForSCMNodeManager"  prio=5 tid=507 in Object.wait()
java.lang.Thread.State: WAITING (on object monitor)
        at sun.misc.Unsafe.park(Native Method)
        at java.util.concurrent.locks.LockSupport.park(LockSupport.java:175)
        at java.util.concurrent.locks.AbstractQueuedSynchronizer$ConditionObject.await(AbstractQueuedSynchronizer.java:2039)
        at java.util.concurrent.LinkedBlockingQueue.take(LinkedBlockingQueue.java:442)
        at java.util.concurrent.ThreadPoolExecutor.getTask(ThreadPoolExecutor.java:1074)
        at java.util.concurrent.ThreadPoolExecutor.runWorker(ThreadPoolExecutor.java:1134)
        at java.util.concurrent.ThreadPoolExecutor$Worker.run(ThreadPoolExecutor.java:624)
        at java.lang.Thread.run(Thread.java:750)
"Datanode ReportManager Thread - 3" daemon prio=5 tid=293 timed_waiting
java.lang.Thread.State: TIMED_WAITING
        at sun.misc.Unsafe.park(Native Method)
        at java.util.concurrent.locks.LockSupport.parkNanos(LockSupport.java:215)
        at java.util.concurrent.locks.AbstractQueuedSynchronizer$ConditionObject.awaitNanos(AbstractQueuedSynchronizer.java:2078)
        at java.util.concurrent.ScheduledThreadPoolExecutor$DelayedWorkQueue.take(ScheduledThreadPoolExecutor.java:1093)
        at java.util.concurrent.ScheduledThreadPoolExecutor$DelayedWorkQueue.take(ScheduledThreadPoolExecutor.java:809)
        at java.util.concurrent.ThreadPoolExecutor.getTask(ThreadPoolExecutor.java:1074)
        at java.util.concurrent.ThreadPoolExecutor.runWorker(ThreadPoolExecutor.java:1134)
        at java.util.concurrent.ThreadPoolExecutor$Worker.run(ThreadPoolExecutor.java:624)
        at java.lang.Thread.run(Thread.java:750)
"IPC Server handler 7 on default port 35271" daemon prio=5 tid=64 timed_waiting
java.lang.Thread.State: TIMED_WAITING
        at sun.misc.Unsafe.park(Native Method)
        at java.util.concurrent.locks.LockSupport.parkNanos(LockSupport.java:215)
        at java.util.concurrent.locks.AbstractQueuedSynchronizer$ConditionObject.awaitNanos(AbstractQueuedSynchronizer.java:2078)
        at java.util.concurrent.LinkedBlockingQueue.poll(LinkedBlockingQueue.java:467)
        at org.apache.hadoop.ipc.CallQueueManager.take(CallQueueManager.java:317)
        at org.apache.hadoop.ipc.Server$Handler.run(Server.java:2942)
"Command processor thread" daemon prio=5 tid=360 timed_waiting
java.lang.Thread.State: TIMED_WAITING
        at java.lang.Thread.sleep(Native Method)
        at org.apache.hadoop.ozone.container.common.statemachine.DatanodeStateMachine.lambda$initCommandHandlerThread$3(DatanodeStateMachine.java:628)
        at org.apache.hadoop.ozone.container.common.statemachine.DatanodeStateMachine$$Lambda$729/728676909.run(Unknown Source)
        at java.lang.Thread.run(Thread.java:750)
"Datanode State Machine Task Thread - 1"  prio=5 tid=465 in Object.wait()
java.lang.Thread.State: WAITING (on object monitor)
        at sun.misc.Unsafe.park(Native Method)
        at java.util.concurrent.locks.LockSupport.park(LockSupport.java:175)
        at java.util.concurrent.locks.AbstractQueuedSynchronizer$ConditionObject.await(AbstractQueuedSynchronizer.java:2039)
        at java.util.concurrent.LinkedBlockingQueue.take(LinkedBlockingQueue.java:442)
        at java.util.concurrent.ThreadPoolExecutor.getTask(ThreadPoolExecutor.java:1074)
        at java.util.concurrent.ThreadPoolExecutor.runWorker(ThreadPoolExecutor.java:1134)
        at java.util.concurrent.ThreadPoolExecutor$Worker.run(ThreadPoolExecutor.java:624)
        at java.lang.Thread.run(Thread.java:750)
"IPC Server handler 2 on default port 33933" daemon prio=5 tid=146 timed_waiting
java.lang.Thread.State: TIMED_WAITING
        at sun.misc.Unsafe.park(Native Method)
        at java.util.concurrent.locks.LockSupport.parkNanos(LockSupport.java:215)
        at java.util.concurrent.locks.AbstractQueuedSynchronizer$ConditionObject.awaitNanos(AbstractQueuedSynchronizer.java:2078)
        at java.util.concurrent.LinkedBlockingQueue.poll(LinkedBlockingQueue.java:467)
        at org.apache.hadoop.ipc.CallQueueManager.take(CallQueueManager.java:317)
        at org.apache.hadoop.ipc.Server$Handler.run(Server.java:2942)
"Datanode State Machine Task Thread - 1"  prio=5 tid=341 in Object.wait()
java.lang.Thread.State: WAITING (on object monitor)
        at sun.misc.Unsafe.park(Native Method)
        at java.util.concurrent.locks.LockSupport.park(LockSupport.java:175)
        at java.util.concurrent.locks.AbstractQueuedSynchronizer$ConditionObject.await(AbstractQueuedSynchronizer.java:2039)
        at java.util.concurrent.LinkedBlockingQueue.take(LinkedBlockingQueue.java:442)
        at java.util.concurrent.ThreadPoolExecutor.getTask(ThreadPoolExecutor.java:1074)
        at java.util.concurrent.ThreadPoolExecutor.runWorker(ThreadPoolExecutor.java:1134)
        at java.util.concurrent.ThreadPoolExecutor$Worker.run(ThreadPoolExecutor.java:624)
        at java.lang.Thread.run(Thread.java:750)
"Datanode State Machine Task Thread - 1"  prio=5 tid=508 in Object.wait()
java.lang.Thread.State: WAITING (on object monitor)
        at sun.misc.Unsafe.park(Native Method)
        at java.util.concurrent.locks.LockSupport.park(LockSupport.java:175)
        at java.util.concurrent.locks.AbstractQueuedSynchronizer$ConditionObject.await(AbstractQueuedSynchronizer.java:2039)
        at java.util.concurrent.LinkedBlockingQueue.take(LinkedBlockingQueue.java:442)
        at java.util.concurrent.ThreadPoolExecutor.getTask(ThreadPoolExecutor.java:1074)
        at java.util.concurrent.ThreadPoolExecutor.runWorker(ThreadPoolExecutor.java:1134)
        at java.util.concurrent.ThreadPoolExecutor$Worker.run(ThreadPoolExecutor.java:624)
        at java.lang.Thread.run(Thread.java:750)
"Datanode ReportManager Thread - 1" daemon prio=5 tid=384 in Object.wait()
java.lang.Thread.State: WAITING (on object monitor)
        at sun.misc.Unsafe.park(Native Method)
        at java.util.concurrent.locks.LockSupport.park(LockSupport.java:175)
        at java.util.concurrent.locks.AbstractQueuedSynchronizer$ConditionObject.await(AbstractQueuedSynchronizer.java:2039)
        at java.util.concurrent.ScheduledThreadPoolExecutor$DelayedWorkQueue.take(ScheduledThreadPoolExecutor.java:1088)
        at java.util.concurrent.ScheduledThreadPoolExecutor$DelayedWorkQueue.take(ScheduledThreadPoolExecutor.java:809)
        at java.util.concurrent.ThreadPoolExecutor.getTask(ThreadPoolExecutor.java:1074)
        at java.util.concurrent.ThreadPoolExecutor.runWorker(ThreadPoolExecutor.java:1134)
        at java.util.concurrent.ThreadPoolExecutor$Worker.run(ThreadPoolExecutor.java:624)
        at java.lang.Thread.run(Thread.java:750)
"ChunkReader-0" daemon prio=5 tid=760 in Object.wait()
java.lang.Thread.State: WAITING (on object monitor)
        at sun.misc.Unsafe.park(Native Method)
        at java.util.concurrent.locks.LockSupport.park(LockSupport.java:175)
        at java.util.concurrent.locks.AbstractQueuedSynchronizer$ConditionObject.await(AbstractQueuedSynchronizer.java:2039)
        at java.util.concurrent.LinkedBlockingQueue.take(LinkedBlockingQueue.java:442)
        at java.util.concurrent.ThreadPoolExecutor.getTask(ThreadPoolExecutor.java:1074)
        at java.util.concurrent.ThreadPoolExecutor.runWorker(ThreadPoolExecutor.java:1134)
        at java.util.concurrent.ThreadPoolExecutor$Worker.run(ThreadPoolExecutor.java:624)
        at java.lang.Thread.run(Thread.java:750)
"Command processor thread" daemon prio=5 tid=424 timed_waiting
java.lang.Thread.State: TIMED_WAITING
        at java.lang.Thread.sleep(Native Method)
        at org.apache.hadoop.ozone.container.common.statemachine.DatanodeStateMachine.lambda$initCommandHandlerThread$3(DatanodeStateMachine.java:628)
        at org.apache.hadoop.ozone.container.common.statemachine.DatanodeStateMachine$$Lambda$729/728676909.run(Unknown Source)
        at java.lang.Thread.run(Thread.java:750)
"FixedThreadPoolWithAffinityExecutor-8-0" daemon prio=5 tid=520 in Object.wait()
java.lang.Thread.State: WAITING (on object monitor)
        at sun.misc.Unsafe.park(Native Method)
        at java.util.concurrent.locks.LockSupport.park(LockSupport.java:175)
        at java.util.concurrent.locks.AbstractQueuedSynchronizer$ConditionObject.await(AbstractQueuedSynchronizer.java:2039)
        at java.util.concurrent.LinkedBlockingDeque.takeFirst(LinkedBlockingDeque.java:492)
        at java.util.concurrent.LinkedBlockingDeque.take(LinkedBlockingDeque.java:680)
        at java.util.concurrent.ThreadPoolExecutor.getTask(ThreadPoolExecutor.java:1074)
        at java.util.concurrent.ThreadPoolExecutor.runWorker(ThreadPoolExecutor.java:1134)
        at java.util.concurrent.ThreadPoolExecutor$Worker.run(ThreadPoolExecutor.java:624)
        at java.lang.Thread.run(Thread.java:750)
"StaleRecoveringContainerScrubbingService#1" daemon prio=5 tid=488 timed_waiting
java.lang.Thread.State: TIMED_WAITING
        at sun.misc.Unsafe.park(Native Method)
        at java.util.concurrent.locks.LockSupport.parkNanos(LockSupport.java:215)
        at java.util.concurrent.locks.AbstractQueuedSynchronizer$ConditionObject.awaitNanos(AbstractQueuedSynchronizer.java:2078)
        at java.util.concurrent.ScheduledThreadPoolExecutor$DelayedWorkQueue.take(ScheduledThreadPoolExecutor.java:1093)
        at java.util.concurrent.ScheduledThreadPoolExecutor$DelayedWorkQueue.take(ScheduledThreadPoolExecutor.java:809)
        at java.util.concurrent.ThreadPoolExecutor.getTask(ThreadPoolExecutor.java:1074)
        at java.util.concurrent.ThreadPoolExecutor.runWorker(ThreadPoolExecutor.java:1134)
        at java.util.concurrent.ThreadPoolExecutor$Worker.run(ThreadPoolExecutor.java:624)
        at java.lang.Thread.run(Thread.java:750)
"Datanode ReportManager Thread - 4" daemon prio=5 tid=387 in Object.wait()
java.lang.Thread.State: WAITING (on object monitor)
        at sun.misc.Unsafe.park(Native Method)
        at java.util.concurrent.locks.LockSupport.park(LockSupport.java:175)
        at java.util.concurrent.locks.AbstractQueuedSynchronizer$ConditionObject.await(AbstractQueuedSynchronizer.java:2039)
        at java.util.concurrent.ScheduledThreadPoolExecutor$DelayedWorkQueue.take(ScheduledThreadPoolExecutor.java:1088)
        at java.util.concurrent.ScheduledThreadPoolExecutor$DelayedWorkQueue.take(ScheduledThreadPoolExecutor.java:809)
        at java.util.concurrent.ThreadPoolExecutor.getTask(ThreadPoolExecutor.java:1074)
        at java.util.concurrent.ThreadPoolExecutor.runWorker(ThreadPoolExecutor.java:1134)
        at java.util.concurrent.ThreadPoolExecutor$Worker.run(ThreadPoolExecutor.java:624)
        at java.lang.Thread.run(Thread.java:750)
"qtp1681627794-450" daemon prio=5 tid=450 timed_waiting
java.lang.Thread.State: TIMED_WAITING
        at sun.misc.Unsafe.park(Native Method)
        at java.util.concurrent.locks.LockSupport.parkNanos(LockSupport.java:215)
        at java.util.concurrent.locks.AbstractQueuedSynchronizer$ConditionObject.awaitNanos(AbstractQueuedSynchronizer.java:2078)
        at org.eclipse.jetty.util.BlockingArrayQueue.poll(BlockingArrayQueue.java:382)
        at org.eclipse.jetty.util.thread.QueuedThreadPool$Runner.idleJobPoll(QueuedThreadPool.java:974)
        at org.eclipse.jetty.util.thread.QueuedThreadPool$Runner.run(QueuedThreadPool.java:1018)
        at java.lang.Thread.run(Thread.java:750)
"qtp1244255608-234" daemon prio=5 tid=234 timed_waiting
java.lang.Thread.State: TIMED_WAITING
        at sun.misc.Unsafe.park(Native Method)
        at java.util.concurrent.locks.LockSupport.parkNanos(LockSupport.java:215)
        at java.util.concurrent.locks.AbstractQueuedSynchronizer$ConditionObject.awaitNanos(AbstractQueuedSynchronizer.java:2078)
        at org.eclipse.jetty.util.BlockingArrayQueue.poll(BlockingArrayQueue.java:382)
        at org.eclipse.jetty.util.thread.QueuedThreadPool$Runner.idleJobPoll(QueuedThreadPool.java:974)
        at org.eclipse.jetty.util.thread.QueuedThreadPool$Runner.run(QueuedThreadPool.java:1018)
        at java.lang.Thread.run(Thread.java:750)
"StaleRecoveringContainerScrubbingService#1" daemon prio=5 tid=557 timed_waiting
java.lang.Thread.State: TIMED_WAITING
        at sun.misc.Unsafe.park(Native Method)
        at java.util.concurrent.locks.LockSupport.parkNanos(LockSupport.java:215)
        at java.util.concurrent.locks.AbstractQueuedSynchronizer$ConditionObject.awaitNanos(AbstractQueuedSynchronizer.java:2078)
        at java.util.concurrent.ScheduledThreadPoolExecutor$DelayedWorkQueue.take(ScheduledThreadPoolExecutor.java:1093)
        at java.util.concurrent.ScheduledThreadPoolExecutor$DelayedWorkQueue.take(ScheduledThreadPoolExecutor.java:809)
        at java.util.concurrent.ThreadPoolExecutor.getTask(ThreadPoolExecutor.java:1074)
        at java.util.concurrent.ThreadPoolExecutor.runWorker(ThreadPoolExecutor.java:1134)
        at java.util.concurrent.ThreadPoolExecutor$Worker.run(ThreadPoolExecutor.java:624)
        at java.lang.Thread.run(Thread.java:750)
"IPC Server handler 0 on default port 43155" daemon prio=5 tid=37 timed_waiting
java.lang.Thread.State: TIMED_WAITING
        at sun.misc.Unsafe.park(Native Method)
        at java.util.concurrent.locks.LockSupport.parkNanos(LockSupport.java:215)
        at java.util.concurrent.locks.AbstractQueuedSynchronizer$ConditionObject.awaitNanos(AbstractQueuedSynchronizer.java:2078)
        at java.util.concurrent.LinkedBlockingQueue.poll(LinkedBlockingQueue.java:467)
        at org.apache.hadoop.ipc.CallQueueManager.take(CallQueueManager.java:317)
        at org.apache.hadoop.ipc.Server$Handler.run(Server.java:2942)
"org.apache.hadoop.ozone.container.common.statemachine.commandhandler.DeleteBlocksCommandHandler$DeleteCmdWorker@74d8a788" daemon prio=5 tid=407 timed_waiting
java.lang.Thread.State: TIMED_WAITING
        at java.lang.Thread.sleep(Native Method)
        at org.apache.hadoop.ozone.container.common.statemachine.commandhandler.DeleteBlocksCommandHandler$DeleteCmdWorker.run(DeleteBlocksCommandHandler.java:183)
        at java.lang.Thread.run(Thread.java:750)
"ChunkReader-1" daemon prio=5 tid=765 in Object.wait()
java.lang.Thread.State: WAITING (on object monitor)
        at sun.misc.Unsafe.park(Native Method)
        at java.util.concurrent.locks.LockSupport.park(LockSupport.java:175)
        at java.util.concurrent.locks.AbstractQueuedSynchronizer$ConditionObject.await(AbstractQueuedSynchronizer.java:2039)
        at java.util.concurrent.LinkedBlockingQueue.take(LinkedBlockingQueue.java:442)
        at java.util.concurrent.ThreadPoolExecutor.getTask(ThreadPoolExecutor.java:1074)
        at java.util.concurrent.ThreadPoolExecutor.runWorker(ThreadPoolExecutor.java:1134)
        at java.util.concurrent.ThreadPoolExecutor$Worker.run(ThreadPoolExecutor.java:624)
        at java.lang.Thread.run(Thread.java:750)
"BlockDeletingService#0" daemon prio=5 tid=485 in Object.wait()
java.lang.Thread.State: WAITING (on object monitor)
        at sun.misc.Unsafe.park(Native Method)
        at java.util.concurrent.locks.LockSupport.park(LockSupport.java:175)
        at java.util.concurrent.locks.AbstractQueuedSynchronizer$ConditionObject.await(AbstractQueuedSynchronizer.java:2039)
        at java.util.concurrent.ScheduledThreadPoolExecutor$DelayedWorkQueue.take(ScheduledThreadPoolExecutor.java:1088)
        at java.util.concurrent.ScheduledThreadPoolExecutor$DelayedWorkQueue.take(ScheduledThreadPoolExecutor.java:809)
        at java.util.concurrent.ThreadPoolExecutor.getTask(ThreadPoolExecutor.java:1074)
        at java.util.concurrent.ThreadPoolExecutor.runWorker(ThreadPoolExecutor.java:1134)
        at java.util.concurrent.ThreadPoolExecutor$Worker.run(ThreadPoolExecutor.java:624)
        at java.lang.Thread.run(Thread.java:750)
"pool-300-thread-1"  prio=5 tid=446 timed_waiting
java.lang.Thread.State: TIMED_WAITING
        at sun.misc.Unsafe.park(Native Method)
        at java.util.concurrent.locks.LockSupport.parkNanos(LockSupport.java:215)
        at java.util.concurrent.locks.AbstractQueuedSynchronizer$ConditionObject.awaitNanos(AbstractQueuedSynchronizer.java:2078)
        at java.util.concurrent.ScheduledThreadPoolExecutor$DelayedWorkQueue.take(ScheduledThreadPoolExecutor.java:1093)
        at java.util.concurrent.ScheduledThreadPoolExecutor$DelayedWorkQueue.take(ScheduledThreadPoolExecutor.java:809)
        at java.util.concurrent.ThreadPoolExecutor.getTask(ThreadPoolExecutor.java:1074)
        at java.util.concurrent.ThreadPoolExecutor.runWorker(ThreadPoolExecutor.java:1134)
        at java.util.concurrent.ThreadPoolExecutor$Worker.run(ThreadPoolExecutor.java:624)
        at java.lang.Thread.run(Thread.java:750)
"Datanode ReportManager Thread - 4" daemon prio=5 tid=461 timed_waiting
java.lang.Thread.State: TIMED_WAITING
        at sun.misc.Unsafe.park(Native Method)
        at java.util.concurrent.locks.LockSupport.parkNanos(LockSupport.java:215)
        at java.util.concurrent.locks.AbstractQueuedSynchronizer$ConditionObject.awaitNanos(AbstractQueuedSynchronizer.java:2078)
        at java.util.concurrent.ScheduledThreadPoolExecutor$DelayedWorkQueue.take(ScheduledThreadPoolExecutor.java:1093)
        at java.util.concurrent.ScheduledThreadPoolExecutor$DelayedWorkQueue.take(ScheduledThreadPoolExecutor.java:809)
        at java.util.concurrent.ThreadPoolExecutor.getTask(ThreadPoolExecutor.java:1074)
        at java.util.concurrent.ThreadPoolExecutor.runWorker(ThreadPoolExecutor.java:1134)
        at java.util.concurrent.ThreadPoolExecutor$Worker.run(ThreadPoolExecutor.java:624)
        at java.lang.Thread.run(Thread.java:750)
"Datanode ReportManager Thread - 1" daemon prio=5 tid=458 timed_waiting
java.lang.Thread.State: TIMED_WAITING
        at sun.misc.Unsafe.park(Native Method)
        at java.util.concurrent.locks.LockSupport.parkNanos(LockSupport.java:215)
        at java.util.concurrent.locks.AbstractQueuedSynchronizer$ConditionObject.awaitNanos(AbstractQueuedSynchronizer.java:2078)
        at java.util.concurrent.ScheduledThreadPoolExecutor$DelayedWorkQueue.take(ScheduledThreadPoolExecutor.java:1093)
        at java.util.concurrent.ScheduledThreadPoolExecutor$DelayedWorkQueue.take(ScheduledThreadPoolExecutor.java:809)
        at java.util.concurrent.ThreadPoolExecutor.getTask(ThreadPoolExecutor.java:1074)
        at java.util.concurrent.ThreadPoolExecutor.runWorker(ThreadPoolExecutor.java:1134)
        at java.util.concurrent.ThreadPoolExecutor$Worker.run(ThreadPoolExecutor.java:624)
        at java.lang.Thread.run(Thread.java:750)
"qtp943804946-336" daemon prio=5 tid=336 timed_waiting
java.lang.Thread.State: TIMED_WAITING
        at sun.misc.Unsafe.park(Native Method)
        at java.util.concurrent.locks.LockSupport.parkNanos(LockSupport.java:215)
        at java.util.concurrent.locks.AbstractQueuedSynchronizer$ConditionObject.awaitNanos(AbstractQueuedSynchronizer.java:2078)
        at org.eclipse.jetty.util.BlockingArrayQueue.poll(BlockingArrayQueue.java:382)
        at org.eclipse.jetty.util.thread.QueuedThreadPool$Runner.idleJobPoll(QueuedThreadPool.java:974)
        at org.eclipse.jetty.util.thread.QueuedThreadPool$Runner.run(QueuedThreadPool.java:1018)
        at java.lang.Thread.run(Thread.java:750)
"Session-HouseKeeper-6b35b0f4-1"  prio=5 tid=108 timed_waiting
java.lang.Thread.State: TIMED_WAITING
        at sun.misc.Unsafe.park(Native Method)
        at java.util.concurrent.locks.LockSupport.parkNanos(LockSupport.java:215)
        at java.util.concurrent.locks.AbstractQueuedSynchronizer$ConditionObject.awaitNanos(AbstractQueuedSynchronizer.java:2078)
        at java.util.concurrent.ScheduledThreadPoolExecutor$DelayedWorkQueue.take(ScheduledThreadPoolExecutor.java:1093)
        at java.util.concurrent.ScheduledThreadPoolExecutor$DelayedWorkQueue.take(ScheduledThreadPoolExecutor.java:809)
        at java.util.concurrent.ThreadPoolExecutor.getTask(ThreadPoolExecutor.java:1074)
        at java.util.concurrent.ThreadPoolExecutor.runWorker(ThreadPoolExecutor.java:1134)
        at java.util.concurrent.ThreadPoolExecutor$Worker.run(ThreadPoolExecutor.java:624)
        at java.lang.Thread.run(Thread.java:750)
"ChunkReader-ELG-0" daemon prio=5 tid=553 runnable
java.lang.Thread.State: RUNNABLE
        at org.apache.ratis.thirdparty.io.netty.channel.epoll.Native.epollWait(Native Method)
        at org.apache.ratis.thirdparty.io.netty.channel.epoll.Native.epollWait(Native.java:193)
        at org.apache.ratis.thirdparty.io.netty.channel.epoll.Native.epollWait(Native.java:186)
        at org.apache.ratis.thirdparty.io.netty.channel.epoll.EpollEventLoop.epollWaitNoTimerChange(EpollEventLoop.java:290)
        at org.apache.ratis.thirdparty.io.netty.channel.epoll.EpollEventLoop.run(EpollEventLoop.java:347)
        at org.apache.ratis.thirdparty.io.netty.util.concurrent.SingleThreadEventExecutor$4.run(SingleThreadEventExecutor.java:986)
        at org.apache.ratis.thirdparty.io.netty.util.internal.ThreadExecutorMap$2.run(ThreadExecutorMap.java:74)
        at java.lang.Thread.run(Thread.java:750)
"cc783127-5661-4bf3-9a81-5237862e92f6@group-669F9DCBA326-LeaderStateImpl" daemon prio=5 tid=723 timed_waiting
java.lang.Thread.State: TIMED_WAITING
        at sun.misc.Unsafe.park(Native Method)
        at java.util.concurrent.locks.LockSupport.parkNanos(LockSupport.java:215)
        at java.util.concurrent.locks.AbstractQueuedSynchronizer$ConditionObject.awaitNanos(AbstractQueuedSynchronizer.java:2078)
        at java.util.concurrent.ArrayBlockingQueue.poll(ArrayBlockingQueue.java:418)
        at org.apache.ratis.server.impl.LeaderStateImpl$EventQueue.poll(LeaderStateImpl.java:159)
        at org.apache.ratis.server.impl.LeaderStateImpl$EventProcessor.run(LeaderStateImpl.java:630)
"Datanode State Machine Daemon Thread" daemon prio=5 tid=354 timed_waiting
java.lang.Thread.State: TIMED_WAITING
        at java.lang.Thread.sleep(Native Method)
        at org.apache.hadoop.ozone.container.common.statemachine.DatanodeStateMachine.startStateMachineThread(DatanodeStateMachine.java:313)
        at org.apache.hadoop.ozone.container.common.statemachine.DatanodeStateMachine.lambda$startDaemon$0(DatanodeStateMachine.java:493)
        at org.apache.hadoop.ozone.container.common.statemachine.DatanodeStateMachine$$Lambda$727/1943859930.run(Unknown Source)
        at java.lang.Thread.run(Thread.java:750)
"Session-HouseKeeper-65209097-1"  prio=5 tid=455 timed_waiting
java.lang.Thread.State: TIMED_WAITING
        at sun.misc.Unsafe.park(Native Method)
        at java.util.concurrent.locks.LockSupport.parkNanos(LockSupport.java:215)
        at java.util.concurrent.locks.AbstractQueuedSynchronizer$ConditionObject.awaitNanos(AbstractQueuedSynchronizer.java:2078)
        at java.util.concurrent.ScheduledThreadPoolExecutor$DelayedWorkQueue.take(ScheduledThreadPoolExecutor.java:1093)
        at java.util.concurrent.ScheduledThreadPoolExecutor$DelayedWorkQueue.take(ScheduledThreadPoolExecutor.java:809)
        at java.util.concurrent.ThreadPoolExecutor.getTask(ThreadPoolExecutor.java:1074)
        at java.util.concurrent.ThreadPoolExecutor.runWorker(ThreadPoolExecutor.java:1134)
        at java.util.concurrent.ThreadPoolExecutor$Worker.run(ThreadPoolExecutor.java:624)
        at java.lang.Thread.run(Thread.java:750)
"Finalizer" daemon prio=8 tid=3 in Object.wait()
java.lang.Thread.State: WAITING (on object monitor)
        at java.lang.Object.wait(Native Method)
        at java.lang.ref.ReferenceQueue.remove(ReferenceQueue.java:144)
        at java.lang.ref.ReferenceQueue.remove(ReferenceQueue.java:165)
        at java.lang.ref.Finalizer$FinalizerThread.run(Finalizer.java:216)
"org.apache.hadoop.ozone.container.common.statemachine.commandhandler.DeleteBlocksCommandHandler$DeleteCmdWorker@71913b3d" daemon prio=5 tid=304 timed_waiting
java.lang.Thread.State: TIMED_WAITING
        at java.lang.Thread.sleep(Native Method)
        at org.apache.hadoop.ozone.container.common.statemachine.commandhandler.DeleteBlocksCommandHandler$DeleteCmdWorker.run(DeleteBlocksCommandHandler.java:183)
        at java.lang.Thread.run(Thread.java:750)
"ChunkReader-2" daemon prio=5 tid=776 in Object.wait()
java.lang.Thread.State: WAITING (on object monitor)
        at sun.misc.Unsafe.park(Native Method)
        at java.util.concurrent.locks.LockSupport.park(LockSupport.java:175)
        at java.util.concurrent.locks.AbstractQueuedSynchronizer$ConditionObject.await(AbstractQueuedSynchronizer.java:2039)
        at java.util.concurrent.LinkedBlockingQueue.take(LinkedBlockingQueue.java:442)
        at java.util.concurrent.ThreadPoolExecutor.getTask(ThreadPoolExecutor.java:1074)
        at java.util.concurrent.ThreadPoolExecutor.runWorker(ThreadPoolExecutor.java:1134)
        at java.util.concurrent.ThreadPoolExecutor$Worker.run(ThreadPoolExecutor.java:624)
        at java.lang.Thread.run(Thread.java:750)
"org.apache.hadoop.ozone.container.common.statemachine.commandhandler.DeleteBlocksCommandHandler$DeleteCmdWorker@25e308f9" daemon prio=5 tid=445 timed_waiting
java.lang.Thread.State: TIMED_WAITING
        at java.lang.Thread.sleep(Native Method)
        at org.apache.hadoop.ozone.container.common.statemachine.commandhandler.DeleteBlocksCommandHandler$DeleteCmdWorker.run(DeleteBlocksCommandHandler.java:183)
        at java.lang.Thread.run(Thread.java:750)
"StaleRecoveringContainerScrubbingService#2" daemon prio=5 tid=1040 in Object.wait()
java.lang.Thread.State: WAITING (on object monitor)
        at sun.misc.Unsafe.park(Native Method)
        at java.util.concurrent.locks.LockSupport.park(LockSupport.java:175)
        at java.util.concurrent.locks.AbstractQueuedSynchronizer$ConditionObject.await(AbstractQueuedSynchronizer.java:2039)
        at java.util.concurrent.ScheduledThreadPoolExecutor$DelayedWorkQueue.take(ScheduledThreadPoolExecutor.java:1088)
        at java.util.concurrent.ScheduledThreadPoolExecutor$DelayedWorkQueue.take(ScheduledThreadPoolExecutor.java:809)
        at java.util.concurrent.ThreadPoolExecutor.getTask(ThreadPoolExecutor.java:1074)
        at java.util.concurrent.ThreadPoolExecutor.runWorker(ThreadPoolExecutor.java:1134)
        at java.util.concurrent.ThreadPoolExecutor$Worker.run(ThreadPoolExecutor.java:624)
        at java.lang.Thread.run(Thread.java:750)
"ChunkWriter-3-0" daemon prio=5 tid=347 in Object.wait()
java.lang.Thread.State: WAITING (on object monitor)
        at sun.misc.Unsafe.park(Native Method)
        at java.util.concurrent.locks.LockSupport.park(LockSupport.java:175)
        at java.util.concurrent.locks.AbstractQueuedSynchronizer$ConditionObject.await(AbstractQueuedSynchronizer.java:2039)
        at java.util.concurrent.LinkedBlockingDeque.takeFirst(LinkedBlockingDeque.java:492)
        at java.util.concurrent.LinkedBlockingDeque.take(LinkedBlockingDeque.java:680)
        at java.util.concurrent.ThreadPoolExecutor.getTask(ThreadPoolExecutor.java:1074)
        at java.util.concurrent.ThreadPoolExecutor.runWorker(ThreadPoolExecutor.java:1134)
        at java.util.concurrent.ThreadPoolExecutor$Worker.run(ThreadPoolExecutor.java:624)
        at java.lang.Thread.run(Thread.java:750)
"IPC Server handler 1 on default port 33933" daemon prio=5 tid=145 timed_waiting
java.lang.Thread.State: TIMED_WAITING
        at sun.misc.Unsafe.park(Native Method)
        at java.util.concurrent.locks.LockSupport.parkNanos(LockSupport.java:215)
        at java.util.concurrent.locks.AbstractQueuedSynchronizer$ConditionObject.awaitNanos(AbstractQueuedSynchronizer.java:2078)
        at java.util.concurrent.LinkedBlockingQueue.poll(LinkedBlockingQueue.java:467)
        at org.apache.hadoop.ipc.CallQueueManager.take(CallQueueManager.java:317)
        at org.apache.hadoop.ipc.Server$Handler.run(Server.java:2942)
"prometheus" daemon prio=5 tid=109 in Object.wait()
java.lang.Thread.State: WAITING (on object monitor)
        at java.lang.Object.wait(Native Method)
        at java.lang.Object.wait(Object.java:502)
        at org.apache.hadoop.metrics2.impl.SinkQueue.waitForData(SinkQueue.java:114)
        at org.apache.hadoop.metrics2.impl.SinkQueue.consumeAll(SinkQueue.java:83)
        at org.apache.hadoop.metrics2.impl.MetricsSinkAdapter.publishMetricsFromQueue(MetricsSinkAdapter.java:135)
        at org.apache.hadoop.metrics2.impl.MetricsSinkAdapter$1.run(MetricsSinkAdapter.java:89)
"cc783127-5661-4bf3-9a81-5237862e92f6@group-3825EEDB64AD-SegmentedRaftLogWorker"  prio=5 tid=612 timed_waiting
java.lang.Thread.State: TIMED_WAITING
        at sun.misc.Unsafe.park(Native Method)
        at java.util.concurrent.locks.LockSupport.parkNanos(LockSupport.java:215)
        at java.util.concurrent.locks.AbstractQueuedSynchronizer$ConditionObject.awaitNanos(AbstractQueuedSynchronizer.java:2078)
        at org.apache.ratis.util.DataBlockingQueue.poll(DataBlockingQueue.java:148)
        at org.apache.ratis.server.raftlog.segmented.SegmentedRaftLogWorker.run(SegmentedRaftLogWorker.java:301)
        at org.apache.ratis.server.raftlog.segmented.SegmentedRaftLogWorker$$Lambda$612/1848693335.run(Unknown Source)
        at java.lang.Thread.run(Thread.java:750)
"pool-280-thread-1" daemon prio=5 tid=432 timed_waiting
java.lang.Thread.State: TIMED_WAITING
        at sun.misc.Unsafe.park(Native Method)
        at java.util.concurrent.locks.LockSupport.parkNanos(LockSupport.java:215)
        at java.util.concurrent.locks.AbstractQueuedSynchronizer$ConditionObject.awaitNanos(AbstractQueuedSynchronizer.java:2078)
        at java.util.concurrent.ScheduledThreadPoolExecutor$DelayedWorkQueue.take(ScheduledThreadPoolExecutor.java:1093)
        at java.util.concurrent.ScheduledThreadPoolExecutor$DelayedWorkQueue.take(ScheduledThreadPoolExecutor.java:809)
        at java.util.concurrent.ThreadPoolExecutor.getTask(ThreadPoolExecutor.java:1074)
        at java.util.concurrent.ThreadPoolExecutor.runWorker(ThreadPoolExecutor.java:1134)
        at java.util.concurrent.ThreadPoolExecutor$Worker.run(ThreadPoolExecutor.java:624)
        at java.lang.Thread.run(Thread.java:750)
"BlockDeletingService#2" daemon prio=5 tid=1046 in Object.wait()
java.lang.Thread.State: WAITING (on object monitor)
        at sun.misc.Unsafe.park(Native Method)
        at java.util.concurrent.locks.LockSupport.park(LockSupport.java:175)
        at java.util.concurrent.locks.AbstractQueuedSynchronizer$ConditionObject.await(AbstractQueuedSynchronizer.java:2039)
        at java.util.concurrent.ScheduledThreadPoolExecutor$DelayedWorkQueue.take(ScheduledThreadPoolExecutor.java:1088)
        at java.util.concurrent.ScheduledThreadPoolExecutor$DelayedWorkQueue.take(ScheduledThreadPoolExecutor.java:809)
        at java.util.concurrent.ThreadPoolExecutor.getTask(ThreadPoolExecutor.java:1074)
        at java.util.concurrent.ThreadPoolExecutor.runWorker(ThreadPoolExecutor.java:1134)
        at java.util.concurrent.ThreadPoolExecutor$Worker.run(ThreadPoolExecutor.java:624)
        at java.lang.Thread.run(Thread.java:750)
"5a2944c9-75d7-4a8d-9ead-f995138127cc@group-3825EEDB64AD-FollowerState" daemon prio=5 tid=698 timed_waiting
java.lang.Thread.State: TIMED_WAITING
        at java.lang.Thread.sleep(Native Method)
        at java.lang.Thread.sleep(Thread.java:342)
        at java.util.concurrent.TimeUnit.sleep(TimeUnit.java:386)
        at org.apache.ratis.util.TimeDuration.sleep(TimeDuration.java:325)
        at org.apache.ratis.util.TimeDuration.sleep(TimeDuration.java:310)
        at org.apache.ratis.server.impl.FollowerState.run(FollowerState.java:128)
"org.apache.ratis.util.JvmPauseMonitor$$Lambda$684/38778801@4c3feea0" daemon prio=5 tid=540 timed_waiting
java.lang.Thread.State: TIMED_WAITING
        at java.lang.Thread.sleep(Native Method)
        at java.lang.Thread.sleep(Thread.java:342)
        at java.util.concurrent.TimeUnit.sleep(TimeUnit.java:386)
        at org.apache.ratis.util.TimeDuration.sleep(TimeDuration.java:325)
        at org.apache.ratis.util.TimeDuration.sleep(TimeDuration.java:310)
        at org.apache.ratis.util.JvmPauseMonitor.detectPause(JvmPauseMonitor.java:117)
        at org.apache.ratis.util.JvmPauseMonitor.run(JvmPauseMonitor.java:106)
        at org.apache.ratis.util.JvmPauseMonitor$$Lambda$684/38778801.run(Unknown Source)
        at java.lang.Thread.run(Thread.java:750)
"pool-111-thread-1" daemon prio=5 tid=223 timed_waiting
java.lang.Thread.State: TIMED_WAITING
        at sun.misc.Unsafe.park(Native Method)
        at java.util.concurrent.locks.LockSupport.parkNanos(LockSupport.java:215)
        at java.util.concurrent.locks.AbstractQueuedSynchronizer$ConditionObject.awaitNanos(AbstractQueuedSynchronizer.java:2078)
        at java.util.concurrent.ScheduledThreadPoolExecutor$DelayedWorkQueue.take(ScheduledThreadPoolExecutor.java:1093)
        at java.util.concurrent.ScheduledThreadPoolExecutor$DelayedWorkQueue.take(ScheduledThreadPoolExecutor.java:809)
        at java.util.concurrent.ThreadPoolExecutor.getTask(ThreadPoolExecutor.java:1074)
        at java.util.concurrent.ThreadPoolExecutor.runWorker(ThreadPoolExecutor.java:1134)
        at java.util.concurrent.ThreadPoolExecutor$Worker.run(ThreadPoolExecutor.java:624)
        at java.lang.Thread.run(Thread.java:750)
"ChunkWriter-1-0" daemon prio=5 tid=468 in Object.wait()
java.lang.Thread.State: WAITING (on object monitor)
        at sun.misc.Unsafe.park(Native Method)
        at java.util.concurrent.locks.LockSupport.park(LockSupport.java:175)
        at java.util.concurrent.locks.AbstractQueuedSynchronizer$ConditionObject.await(AbstractQueuedSynchronizer.java:2039)
        at java.util.concurrent.LinkedBlockingDeque.takeFirst(LinkedBlockingDeque.java:492)
        at java.util.concurrent.LinkedBlockingDeque.take(LinkedBlockingDeque.java:680)
        at java.util.concurrent.ThreadPoolExecutor.getTask(ThreadPoolExecutor.java:1074)
        at java.util.concurrent.ThreadPoolExecutor.runWorker(ThreadPoolExecutor.java:1134)
        at java.util.concurrent.ThreadPoolExecutor$Worker.run(ThreadPoolExecutor.java:624)
        at java.lang.Thread.run(Thread.java:750)
"Session-HouseKeeper-ae04ba5-1"  prio=5 tid=379 timed_waiting
java.lang.Thread.State: TIMED_WAITING
        at sun.misc.Unsafe.park(Native Method)
        at java.util.concurrent.locks.LockSupport.parkNanos(LockSupport.java:215)
        at java.util.concurrent.locks.AbstractQueuedSynchronizer$ConditionObject.awaitNanos(AbstractQueuedSynchronizer.java:2078)
        at java.util.concurrent.ScheduledThreadPoolExecutor$DelayedWorkQueue.take(ScheduledThreadPoolExecutor.java:1093)
        at java.util.concurrent.ScheduledThreadPoolExecutor$DelayedWorkQueue.take(ScheduledThreadPoolExecutor.java:809)
        at java.util.concurrent.ThreadPoolExecutor.getTask(ThreadPoolExecutor.java:1074)
        at java.util.concurrent.ThreadPoolExecutor.runWorker(ThreadPoolExecutor.java:1134)
        at java.util.concurrent.ThreadPoolExecutor$Worker.run(ThreadPoolExecutor.java:624)
        at java.lang.Thread.run(Thread.java:750)
"qtp2039575147-176" daemon prio=5 tid=176 timed_waiting
java.lang.Thread.State: TIMED_WAITING
        at sun.misc.Unsafe.park(Native Method)
        at java.util.concurrent.locks.LockSupport.parkNanos(LockSupport.java:215)
        at java.util.concurrent.locks.AbstractQueuedSynchronizer$ConditionObject.awaitNanos(AbstractQueuedSynchronizer.java:2078)
        at org.eclipse.jetty.util.BlockingArrayQueue.poll(BlockingArrayQueue.java:382)
        at org.eclipse.jetty.util.thread.QueuedThreadPool$Runner.idleJobPoll(QueuedThreadPool.java:974)
        at org.eclipse.jetty.util.thread.QueuedThreadPool$Runner.run(QueuedThreadPool.java:1018)
        at java.lang.Thread.run(Thread.java:750)
"IPC Server handler 11 on default port 43155" daemon prio=5 tid=48 timed_waiting
java.lang.Thread.State: TIMED_WAITING
        at sun.misc.Unsafe.park(Native Method)
        at java.util.concurrent.locks.LockSupport.parkNanos(LockSupport.java:215)
        at java.util.concurrent.locks.AbstractQueuedSynchronizer$ConditionObject.awaitNanos(AbstractQueuedSynchronizer.java:2078)
        at java.util.concurrent.LinkedBlockingQueue.poll(LinkedBlockingQueue.java:467)
        at org.apache.hadoop.ipc.CallQueueManager.take(CallQueueManager.java:317)
        at org.apache.hadoop.ipc.Server$Handler.run(Server.java:2942)
"febd5d2c-72de-44b7-b010-e5e9acc30848@group-CA13F6D37BB1-FollowerState" daemon prio=5 tid=906 timed_waiting
java.lang.Thread.State: TIMED_WAITING
        at java.lang.Thread.sleep(Native Method)
        at java.lang.Thread.sleep(Thread.java:342)
        at java.util.concurrent.TimeUnit.sleep(TimeUnit.java:386)
        at org.apache.ratis.util.TimeDuration.sleep(TimeDuration.java:325)
        at org.apache.ratis.util.TimeDuration.sleep(TimeDuration.java:310)
        at org.apache.ratis.server.impl.FollowerState.run(FollowerState.java:128)
"IPC Server listener on 0" daemon prio=5 tid=23 runnable
java.lang.Thread.State: RUNNABLE
        at sun.nio.ch.EPollArrayWrapper.epollWait(Native Method)
        at sun.nio.ch.EPollArrayWrapper.poll(EPollArrayWrapper.java:269)
        at sun.nio.ch.EPollSelectorImpl.doSelect(EPollSelectorImpl.java:93)
        at sun.nio.ch.SelectorImpl.lockAndDoSelect(SelectorImpl.java:86)
        at sun.nio.ch.SelectorImpl.select(SelectorImpl.java:97)
        at sun.nio.ch.SelectorImpl.select(SelectorImpl.java:101)
        at org.apache.hadoop.ipc.Server$Listener.run(Server.java:1358)
"qtp2129898017-103" daemon prio=5 tid=103 timed_waiting
java.lang.Thread.State: TIMED_WAITING
        at sun.misc.Unsafe.park(Native Method)
        at java.util.concurrent.locks.LockSupport.parkNanos(LockSupport.java:215)
        at java.util.concurrent.locks.AbstractQueuedSynchronizer$ConditionObject.awaitNanos(AbstractQueuedSynchronizer.java:2078)
        at org.eclipse.jetty.util.BlockingArrayQueue.poll(BlockingArrayQueue.java:382)
        at org.eclipse.jetty.util.thread.QueuedThreadPool$Runner.idleJobPoll(QueuedThreadPool.java:974)
        at org.eclipse.jetty.util.thread.QueuedThreadPool$Runner.run(QueuedThreadPool.java:1018)
        at java.lang.Thread.run(Thread.java:750)
"IPC Server handler 3 on default port 44657" daemon prio=5 tid=80 timed_waiting
java.lang.Thread.State: TIMED_WAITING
        at sun.misc.Unsafe.park(Native Method)
        at java.util.concurrent.locks.LockSupport.parkNanos(LockSupport.java:215)
        at java.util.concurrent.locks.AbstractQueuedSynchronizer$ConditionObject.awaitNanos(AbstractQueuedSynchronizer.java:2078)
        at java.util.concurrent.LinkedBlockingQueue.poll(LinkedBlockingQueue.java:467)
        at org.apache.hadoop.ipc.CallQueueManager.take(CallQueueManager.java:317)
        at org.apache.hadoop.ipc.Server$Handler.run(Server.java:2942)
"Command processor thread" daemon prio=5 tid=243 timed_waiting
java.lang.Thread.State: TIMED_WAITING
        at java.lang.Thread.sleep(Native Method)
        at org.apache.hadoop.ozone.container.common.statemachine.DatanodeStateMachine.lambda$initCommandHandlerThread$3(DatanodeStateMachine.java:628)
        at org.apache.hadoop.ozone.container.common.statemachine.DatanodeStateMachine$$Lambda$729/728676909.run(Unknown Source)
        at java.lang.Thread.run(Thread.java:750)
"IPC Server handler 14 on default port 33933" daemon prio=5 tid=158 timed_waiting
java.lang.Thread.State: TIMED_WAITING
        at sun.misc.Unsafe.park(Native Method)
        at java.util.concurrent.locks.LockSupport.parkNanos(LockSupport.java:215)
        at java.util.concurrent.locks.AbstractQueuedSynchronizer$ConditionObject.awaitNanos(AbstractQueuedSynchronizer.java:2078)
        at java.util.concurrent.LinkedBlockingQueue.poll(LinkedBlockingQueue.java:467)
        at org.apache.hadoop.ipc.CallQueueManager.take(CallQueueManager.java:317)
        at org.apache.hadoop.ipc.Server$Handler.run(Server.java:2942)
"FullTableCache Cleanup Thread - 0" daemon prio=5 tid=751 in Object.wait()
java.lang.Thread.State: WAITING (on object monitor)
        at sun.misc.Unsafe.park(Native Method)
        at java.util.concurrent.locks.LockSupport.park(LockSupport.java:175)
        at java.util.concurrent.locks.AbstractQueuedSynchronizer$ConditionObject.await(AbstractQueuedSynchronizer.java:2039)
        at java.util.concurrent.LinkedBlockingQueue.take(LinkedBlockingQueue.java:442)
        at java.util.concurrent.ThreadPoolExecutor.getTask(ThreadPoolExecutor.java:1074)
        at java.util.concurrent.ThreadPoolExecutor.runWorker(ThreadPoolExecutor.java:1134)
        at java.util.concurrent.ThreadPoolExecutor$Worker.run(ThreadPoolExecutor.java:624)
        at java.lang.Thread.run(Thread.java:750)
"44dad4d2-9f73-4874-a36a-585ee387199d@group-CA13F6D37BB1->febd5d2c-72de-44b7-b010-e5e9acc30848-GrpcLogAppender-LogAppenderDaemon" daemon prio=5 tid=908 timed_waiting
java.lang.Thread.State: TIMED_WAITING
        at sun.misc.Unsafe.park(Native Method)
        at java.util.concurrent.locks.LockSupport.parkNanos(LockSupport.java:215)
        at java.util.concurrent.CompletableFuture$Signaller.block(CompletableFuture.java:1709)
        at java.util.concurrent.ForkJoinPool.managedBlock(ForkJoinPool.java:3323)
        at java.util.concurrent.CompletableFuture.timedGet(CompletableFuture.java:1788)
        at java.util.concurrent.CompletableFuture.get(CompletableFuture.java:1928)
        at org.apache.ratis.util.AwaitForSignal.await(AwaitForSignal.java:56)
        at org.apache.ratis.grpc.server.GrpcLogAppender.mayWait(GrpcLogAppender.java:169)
        at org.apache.ratis.grpc.server.GrpcLogAppender.run(GrpcLogAppender.java:128)
        at org.apache.ratis.server.leader.LogAppenderDaemon.run(LogAppenderDaemon.java:77)
        at org.apache.ratis.server.leader.LogAppenderDaemon$$Lambda$1014/1700417656.run(Unknown Source)
        at java.lang.Thread.run(Thread.java:750)
"qtp943804946-333" daemon prio=5 tid=333 timed_waiting
java.lang.Thread.State: TIMED_WAITING
        at sun.misc.Unsafe.park(Native Method)
        at java.util.concurrent.locks.LockSupport.parkNanos(LockSupport.java:215)
        at java.util.concurrent.locks.AbstractQueuedSynchronizer$ConditionObject.awaitNanos(AbstractQueuedSynchronizer.java:2078)
        at org.eclipse.jetty.util.BlockingArrayQueue.poll(BlockingArrayQueue.java:382)
        at org.eclipse.jetty.util.thread.QueuedThreadPool$Runner.idleJobPoll(QueuedThreadPool.java:974)
        at org.eclipse.jetty.util.thread.QueuedThreadPool$Runner.run(QueuedThreadPool.java:1018)
        at java.lang.Thread.run(Thread.java:750)
"qtp957421054-256-acceptor-0@63f1605-ServerConnector@53a75180{HTTP/1.1, (http/1.1)}{0.0.0.0:38965}" daemon prio=3 tid=256 runnable
java.lang.Thread.State: RUNNABLE
        at sun.nio.ch.ServerSocketChannelImpl.accept0(Native Method)
        at sun.nio.ch.ServerSocketChannelImpl.accept(ServerSocketChannelImpl.java:421)
        at sun.nio.ch.ServerSocketChannelImpl.accept(ServerSocketChannelImpl.java:249)
        at org.eclipse.jetty.server.ServerConnector.accept(ServerConnector.java:388)
        at org.eclipse.jetty.server.AbstractConnector$Acceptor.run(AbstractConnector.java:702)
        at org.eclipse.jetty.util.thread.QueuedThreadPool.runJob(QueuedThreadPool.java:883)
        at org.eclipse.jetty.util.thread.QueuedThreadPool$Runner.run(QueuedThreadPool.java:1034)
        at java.lang.Thread.run(Thread.java:750)
"grpc-default-worker-ELG-3-1" daemon prio=5 tid=569 runnable
java.lang.Thread.State: RUNNABLE
        at org.apache.ratis.thirdparty.io.netty.channel.epoll.Native.epollWait(Native Method)
        at org.apache.ratis.thirdparty.io.netty.channel.epoll.Native.epollWait(Native.java:193)
        at org.apache.ratis.thirdparty.io.netty.channel.epoll.Native.epollWait(Native.java:186)
        at org.apache.ratis.thirdparty.io.netty.channel.epoll.EpollEventLoop.epollWaitNoTimerChange(EpollEventLoop.java:290)
        at org.apache.ratis.thirdparty.io.netty.channel.epoll.EpollEventLoop.run(EpollEventLoop.java:347)
        at org.apache.ratis.thirdparty.io.netty.util.concurrent.SingleThreadEventExecutor$4.run(SingleThreadEventExecutor.java:986)
        at org.apache.ratis.thirdparty.io.netty.util.internal.ThreadExecutorMap$2.run(ThreadExecutorMap.java:74)
        at org.apache.ratis.thirdparty.io.netty.util.concurrent.FastThreadLocalRunnable.run(FastThreadLocalRunnable.java:30)
        at java.lang.Thread.run(Thread.java:750)
"Datanode ReportManager Thread - 4" daemon prio=5 tid=359 timed_waiting
java.lang.Thread.State: TIMED_WAITING
        at sun.misc.Unsafe.park(Native Method)
        at java.util.concurrent.locks.LockSupport.parkNanos(LockSupport.java:215)
        at java.util.concurrent.locks.AbstractQueuedSynchronizer$ConditionObject.awaitNanos(AbstractQueuedSynchronizer.java:2078)
        at java.util.concurrent.ScheduledThreadPoolExecutor$DelayedWorkQueue.take(ScheduledThreadPoolExecutor.java:1093)
        at java.util.concurrent.ScheduledThreadPoolExecutor$DelayedWorkQueue.take(ScheduledThreadPoolExecutor.java:809)
        at java.util.concurrent.ThreadPoolExecutor.getTask(ThreadPoolExecutor.java:1074)
        at java.util.concurrent.ThreadPoolExecutor.runWorker(ThreadPoolExecutor.java:1134)
        at java.util.concurrent.ThreadPoolExecutor$Worker.run(ThreadPoolExecutor.java:624)
        at java.lang.Thread.run(Thread.java:750)
"IPC Server handler 8 on default port 44657" daemon prio=5 tid=85 timed_waiting
java.lang.Thread.State: TIMED_WAITING
        at sun.misc.Unsafe.park(Native Method)
        at java.util.concurrent.locks.LockSupport.parkNanos(LockSupport.java:215)
        at java.util.concurrent.locks.AbstractQueuedSynchronizer$ConditionObject.awaitNanos(AbstractQueuedSynchronizer.java:2078)
        at java.util.concurrent.LinkedBlockingQueue.poll(LinkedBlockingQueue.java:467)
        at org.apache.hadoop.ipc.CallQueueManager.take(CallQueueManager.java:317)
        at org.apache.hadoop.ipc.Server$Handler.run(Server.java:2942)
"25446469-ee3e-40e0-a5a9-d9a79eb44528@group-A0788789F9C8-LeaderStateImpl" daemon prio=5 tid=763 timed_waiting
java.lang.Thread.State: TIMED_WAITING
        at sun.misc.Unsafe.park(Native Method)
        at java.util.concurrent.locks.LockSupport.parkNanos(LockSupport.java:215)
        at java.util.concurrent.locks.AbstractQueuedSynchronizer$ConditionObject.awaitNanos(AbstractQueuedSynchronizer.java:2078)
        at java.util.concurrent.ArrayBlockingQueue.poll(ArrayBlockingQueue.java:418)
        at org.apache.ratis.server.impl.LeaderStateImpl$EventQueue.poll(LeaderStateImpl.java:159)
        at org.apache.ratis.server.impl.LeaderStateImpl$EventProcessor.run(LeaderStateImpl.java:630)
"StaleRecoveringContainerScrubbingService#0" daemon prio=5 tid=441 in Object.wait()
java.lang.Thread.State: WAITING (on object monitor)
        at sun.misc.Unsafe.park(Native Method)
        at java.util.concurrent.locks.LockSupport.park(LockSupport.java:175)
        at java.util.concurrent.locks.AbstractQueuedSynchronizer$ConditionObject.await(AbstractQueuedSynchronizer.java:2039)
        at java.util.concurrent.ScheduledThreadPoolExecutor$DelayedWorkQueue.take(ScheduledThreadPoolExecutor.java:1088)
        at java.util.concurrent.ScheduledThreadPoolExecutor$DelayedWorkQueue.take(ScheduledThreadPoolExecutor.java:809)
        at java.util.concurrent.ThreadPoolExecutor.getTask(ThreadPoolExecutor.java:1074)
        at java.util.concurrent.ThreadPoolExecutor.runWorker(ThreadPoolExecutor.java:1134)
        at java.util.concurrent.ThreadPoolExecutor$Worker.run(ThreadPoolExecutor.java:624)
        at java.lang.Thread.run(Thread.java:750)
"Datanode ReportManager Thread - 4" daemon prio=5 tid=320 timed_waiting
java.lang.Thread.State: TIMED_WAITING
        at sun.misc.Unsafe.park(Native Method)
        at java.util.concurrent.locks.LockSupport.parkNanos(LockSupport.java:215)
        at java.util.concurrent.locks.AbstractQueuedSynchronizer$ConditionObject.awaitNanos(AbstractQueuedSynchronizer.java:2078)
        at java.util.concurrent.ScheduledThreadPoolExecutor$DelayedWorkQueue.take(ScheduledThreadPoolExecutor.java:1093)
        at java.util.concurrent.ScheduledThreadPoolExecutor$DelayedWorkQueue.take(ScheduledThreadPoolExecutor.java:809)
        at java.util.concurrent.ThreadPoolExecutor.getTask(ThreadPoolExecutor.java:1074)
        at java.util.concurrent.ThreadPoolExecutor.runWorker(ThreadPoolExecutor.java:1134)
        at java.util.concurrent.ThreadPoolExecutor$Worker.run(ThreadPoolExecutor.java:624)
        at java.lang.Thread.run(Thread.java:750)
"8f71354a-19e6-4be6-b89a-dd2f0292058a@group-84E26D0679BC-LeaderStateImpl" daemon prio=5 tid=855 timed_waiting
java.lang.Thread.State: TIMED_WAITING
        at sun.misc.Unsafe.park(Native Method)
        at java.util.concurrent.locks.LockSupport.parkNanos(LockSupport.java:215)
        at java.util.concurrent.locks.AbstractQueuedSynchronizer$ConditionObject.awaitNanos(AbstractQueuedSynchronizer.java:2078)
        at java.util.concurrent.ArrayBlockingQueue.poll(ArrayBlockingQueue.java:418)
        at org.apache.ratis.server.impl.LeaderStateImpl$EventQueue.poll(LeaderStateImpl.java:159)
        at org.apache.ratis.server.impl.LeaderStateImpl$EventProcessor.run(LeaderStateImpl.java:630)
"Datanode ReportManager Thread - 3" daemon prio=5 tid=358 timed_waiting
java.lang.Thread.State: TIMED_WAITING
        at sun.misc.Unsafe.park(Native Method)
        at java.util.concurrent.locks.LockSupport.parkNanos(LockSupport.java:215)
        at java.util.concurrent.locks.AbstractQueuedSynchronizer$ConditionObject.awaitNanos(AbstractQueuedSynchronizer.java:2078)
        at java.util.concurrent.ScheduledThreadPoolExecutor$DelayedWorkQueue.take(ScheduledThreadPoolExecutor.java:1093)
        at java.util.concurrent.ScheduledThreadPoolExecutor$DelayedWorkQueue.take(ScheduledThreadPoolExecutor.java:809)
        at java.util.concurrent.ThreadPoolExecutor.getTask(ThreadPoolExecutor.java:1074)
        at java.util.concurrent.ThreadPoolExecutor.runWorker(ThreadPoolExecutor.java:1134)
        at java.util.concurrent.ThreadPoolExecutor$Worker.run(ThreadPoolExecutor.java:624)
        at java.lang.Thread.run(Thread.java:750)
"Datanode ReportManager Thread - 3" daemon prio=5 tid=386 in Object.wait()
java.lang.Thread.State: WAITING (on object monitor)
        at sun.misc.Unsafe.park(Native Method)
        at java.util.concurrent.locks.LockSupport.park(LockSupport.java:175)
        at java.util.concurrent.locks.AbstractQueuedSynchronizer$ConditionObject.await(AbstractQueuedSynchronizer.java:2039)
        at java.util.concurrent.ScheduledThreadPoolExecutor$DelayedWorkQueue.take(ScheduledThreadPoolExecutor.java:1088)
        at java.util.concurrent.ScheduledThreadPoolExecutor$DelayedWorkQueue.take(ScheduledThreadPoolExecutor.java:809)
        at java.util.concurrent.ThreadPoolExecutor.getTask(ThreadPoolExecutor.java:1074)
        at java.util.concurrent.ThreadPoolExecutor.runWorker(ThreadPoolExecutor.java:1134)
        at java.util.concurrent.ThreadPoolExecutor$Worker.run(ThreadPoolExecutor.java:624)
        at java.lang.Thread.run(Thread.java:750)
"ChunkWriter-3-0" daemon prio=5 tid=494 in Object.wait()
java.lang.Thread.State: WAITING (on object monitor)
        at sun.misc.Unsafe.park(Native Method)
        at java.util.concurrent.locks.LockSupport.park(LockSupport.java:175)
        at java.util.concurrent.locks.AbstractQueuedSynchronizer$ConditionObject.await(AbstractQueuedSynchronizer.java:2039)
        at java.util.concurrent.LinkedBlockingDeque.takeFirst(LinkedBlockingDeque.java:492)
        at java.util.concurrent.LinkedBlockingDeque.take(LinkedBlockingDeque.java:680)
        at java.util.concurrent.ThreadPoolExecutor.getTask(ThreadPoolExecutor.java:1074)
        at java.util.concurrent.ThreadPoolExecutor.runWorker(ThreadPoolExecutor.java:1134)
        at java.util.concurrent.ThreadPoolExecutor$Worker.run(ThreadPoolExecutor.java:624)
        at java.lang.Thread.run(Thread.java:750)
"ChunkReader-2" daemon prio=5 tid=779 in Object.wait()
java.lang.Thread.State: WAITING (on object monitor)
        at sun.misc.Unsafe.park(Native Method)
        at java.util.concurrent.locks.LockSupport.park(LockSupport.java:175)
        at java.util.concurrent.locks.AbstractQueuedSynchronizer$ConditionObject.await(AbstractQueuedSynchronizer.java:2039)
        at java.util.concurrent.LinkedBlockingQueue.take(LinkedBlockingQueue.java:442)
        at java.util.concurrent.ThreadPoolExecutor.getTask(ThreadPoolExecutor.java:1074)
        at java.util.concurrent.ThreadPoolExecutor.runWorker(ThreadPoolExecutor.java:1134)
        at java.util.concurrent.ThreadPoolExecutor$Worker.run(ThreadPoolExecutor.java:624)
        at java.lang.Thread.run(Thread.java:750)
"IPC Server handler 12 on default port 35271" daemon prio=5 tid=69 timed_waiting
java.lang.Thread.State: TIMED_WAITING
        at sun.misc.Unsafe.park(Native Method)
        at java.util.concurrent.locks.LockSupport.parkNanos(LockSupport.java:215)
        at java.util.concurrent.locks.AbstractQueuedSynchronizer$ConditionObject.awaitNanos(AbstractQueuedSynchronizer.java:2078)
        at java.util.concurrent.LinkedBlockingQueue.poll(LinkedBlockingQueue.java:467)
        at org.apache.hadoop.ipc.CallQueueManager.take(CallQueueManager.java:317)
        at org.apache.hadoop.ipc.Server$Handler.run(Server.java:2942)
"25446469-ee3e-40e0-a5a9-d9a79eb44528@group-A0788789F9C8-StateMachineUpdater" daemon prio=5 tid=674 timed_waiting
java.lang.Thread.State: TIMED_WAITING
        at sun.misc.Unsafe.park(Native Method)
        at java.util.concurrent.locks.LockSupport.parkNanos(LockSupport.java:215)
        at java.util.concurrent.CompletableFuture$Signaller.block(CompletableFuture.java:1709)
        at java.util.concurrent.ForkJoinPool.managedBlock(ForkJoinPool.java:3323)
        at java.util.concurrent.CompletableFuture.timedGet(CompletableFuture.java:1788)
        at java.util.concurrent.CompletableFuture.get(CompletableFuture.java:1928)
        at org.apache.ratis.util.AwaitForSignal.await(AwaitForSignal.java:56)
        at org.apache.ratis.server.impl.StateMachineUpdater.waitForCommit(StateMachineUpdater.java:207)
        at org.apache.ratis.server.impl.StateMachineUpdater.run(StateMachineUpdater.java:176)
        at java.lang.Thread.run(Thread.java:750)
"ChunkWriter-1-0" daemon prio=5 tid=537 in Object.wait()
java.lang.Thread.State: WAITING (on object monitor)
        at sun.misc.Unsafe.park(Native Method)
        at java.util.concurrent.locks.LockSupport.park(LockSupport.java:175)
        at java.util.concurrent.locks.AbstractQueuedSynchronizer$ConditionObject.await(AbstractQueuedSynchronizer.java:2039)
        at java.util.concurrent.LinkedBlockingDeque.takeFirst(LinkedBlockingDeque.java:492)
        at java.util.concurrent.LinkedBlockingDeque.take(LinkedBlockingDeque.java:680)
        at java.util.concurrent.ThreadPoolExecutor.getTask(ThreadPoolExecutor.java:1074)
        at java.util.concurrent.ThreadPoolExecutor.runWorker(ThreadPoolExecutor.java:1134)
        at java.util.concurrent.ThreadPoolExecutor$Worker.run(ThreadPoolExecutor.java:624)
        at java.lang.Thread.run(Thread.java:750)
"qtp1680882295-308-acceptor-0@6542b906-ServerConnector@3f1e218c{HTTP/1.1, (http/1.1)}{0.0.0.0:40695}" daemon prio=3 tid=308 runnable
java.lang.Thread.State: RUNNABLE
        at sun.nio.ch.ServerSocketChannelImpl.accept0(Native Method)
        at sun.nio.ch.ServerSocketChannelImpl.accept(ServerSocketChannelImpl.java:421)
        at sun.nio.ch.ServerSocketChannelImpl.accept(ServerSocketChannelImpl.java:249)
        at org.eclipse.jetty.server.ServerConnector.accept(ServerConnector.java:388)
        at org.eclipse.jetty.server.AbstractConnector$Acceptor.run(AbstractConnector.java:702)
        at org.eclipse.jetty.util.thread.QueuedThreadPool.runJob(QueuedThreadPool.java:883)
        at org.eclipse.jetty.util.thread.QueuedThreadPool$Runner.run(QueuedThreadPool.java:1034)
        at java.lang.Thread.run(Thread.java:750)
"qtp2039575147-177" daemon prio=5 tid=177 timed_waiting
java.lang.Thread.State: TIMED_WAITING
        at sun.misc.Unsafe.park(Native Method)
        at java.util.concurrent.locks.LockSupport.parkNanos(LockSupport.java:215)
        at java.util.concurrent.locks.AbstractQueuedSynchronizer$ConditionObject.awaitNanos(AbstractQueuedSynchronizer.java:2078)
        at org.eclipse.jetty.util.BlockingArrayQueue.poll(BlockingArrayQueue.java:382)
        at org.eclipse.jetty.util.thread.QueuedThreadPool$Runner.idleJobPoll(QueuedThreadPool.java:974)
        at org.eclipse.jetty.util.thread.QueuedThreadPool$Runner.run(QueuedThreadPool.java:1018)
        at java.lang.Thread.run(Thread.java:750)
"BlockDeletingService#0" daemon prio=5 tid=497 in Object.wait()
java.lang.Thread.State: WAITING (on object monitor)
        at sun.misc.Unsafe.park(Native Method)
        at java.util.concurrent.locks.LockSupport.park(LockSupport.java:175)
        at java.util.concurrent.locks.AbstractQueuedSynchronizer$ConditionObject.await(AbstractQueuedSynchronizer.java:2039)
        at java.util.concurrent.ScheduledThreadPoolExecutor$DelayedWorkQueue.take(ScheduledThreadPoolExecutor.java:1088)
        at java.util.concurrent.ScheduledThreadPoolExecutor$DelayedWorkQueue.take(ScheduledThreadPoolExecutor.java:809)
        at java.util.concurrent.ThreadPoolExecutor.getTask(ThreadPoolExecutor.java:1074)
        at java.util.concurrent.ThreadPoolExecutor.runWorker(ThreadPoolExecutor.java:1134)
        at java.util.concurrent.ThreadPoolExecutor$Worker.run(ThreadPoolExecutor.java:624)
        at java.lang.Thread.run(Thread.java:750)
"Datanode State Machine Daemon Thread" daemon prio=5 tid=183 timed_waiting
java.lang.Thread.State: TIMED_WAITING
        at java.lang.Thread.sleep(Native Method)
        at org.apache.hadoop.ozone.container.common.statemachine.DatanodeStateMachine.startStateMachineThread(DatanodeStateMachine.java:313)
        at org.apache.hadoop.ozone.container.common.statemachine.DatanodeStateMachine.lambda$startDaemon$0(DatanodeStateMachine.java:493)
        at org.apache.hadoop.ozone.container.common.statemachine.DatanodeStateMachine$$Lambda$727/1943859930.run(Unknown Source)
        at java.lang.Thread.run(Thread.java:750)
"Datanode State Machine Daemon Thread" daemon prio=5 tid=289 timed_waiting
java.lang.Thread.State: TIMED_WAITING
        at java.lang.Thread.sleep(Native Method)
        at org.apache.hadoop.ozone.container.common.statemachine.DatanodeStateMachine.startStateMachineThread(DatanodeStateMachine.java:313)
        at org.apache.hadoop.ozone.container.common.statemachine.DatanodeStateMachine.lambda$startDaemon$0(DatanodeStateMachine.java:493)
        at org.apache.hadoop.ozone.container.common.statemachine.DatanodeStateMachine$$Lambda$727/1943859930.run(Unknown Source)
        at java.lang.Thread.run(Thread.java:750)
"qtp1200218812-409" daemon prio=5 tid=409 runnable
java.lang.Thread.State: RUNNABLE
        at sun.nio.ch.EPollArrayWrapper.epollWait(Native Method)
        at sun.nio.ch.EPollArrayWrapper.poll(EPollArrayWrapper.java:269)
        at sun.nio.ch.EPollSelectorImpl.doSelect(EPollSelectorImpl.java:93)
        at sun.nio.ch.SelectorImpl.lockAndDoSelect(SelectorImpl.java:86)
        at sun.nio.ch.SelectorImpl.select(SelectorImpl.java:97)
        at sun.nio.ch.SelectorImpl.select(SelectorImpl.java:101)
        at org.eclipse.jetty.io.ManagedSelector.nioSelect(ManagedSelector.java:183)
        at org.eclipse.jetty.io.ManagedSelector.select(ManagedSelector.java:190)
        at org.eclipse.jetty.io.ManagedSelector$SelectorProducer.select(ManagedSelector.java:606)
        at org.eclipse.jetty.io.ManagedSelector$SelectorProducer.produce(ManagedSelector.java:543)
        at org.eclipse.jetty.util.thread.strategy.EatWhatYouKill.produceTask(EatWhatYouKill.java:362)
        at org.eclipse.jetty.util.thread.strategy.EatWhatYouKill.doProduce(EatWhatYouKill.java:186)
        at org.eclipse.jetty.util.thread.strategy.EatWhatYouKill.tryProduce(EatWhatYouKill.java:173)
        at org.eclipse.jetty.util.thread.strategy.EatWhatYouKill.produce(EatWhatYouKill.java:137)
        at org.eclipse.jetty.io.ManagedSelector$$Lambda$444/1480051614.run(Unknown Source)
        at org.eclipse.jetty.util.thread.QueuedThreadPool.runJob(QueuedThreadPool.java:883)
        at org.eclipse.jetty.util.thread.QueuedThreadPool$Runner.run(QueuedThreadPool.java:1034)
        at java.lang.Thread.run(Thread.java:750)
"org.apache.hadoop.ozone.container.common.statemachine.commandhandler.DeleteBlocksCommandHandler$DeleteCmdWorker@7a9bc6c1" daemon prio=5 tid=226 timed_waiting
java.lang.Thread.State: TIMED_WAITING
        at java.lang.Thread.sleep(Native Method)
        at org.apache.hadoop.ozone.container.common.statemachine.commandhandler.DeleteBlocksCommandHandler$DeleteCmdWorker.run(DeleteBlocksCommandHandler.java:183)
        at java.lang.Thread.run(Thread.java:750)
"IPC Server handler 17 on default port 44657" daemon prio=5 tid=94 timed_waiting
java.lang.Thread.State: TIMED_WAITING
        at sun.misc.Unsafe.park(Native Method)
        at java.util.concurrent.locks.LockSupport.parkNanos(LockSupport.java:215)
        at java.util.concurrent.locks.AbstractQueuedSynchronizer$ConditionObject.awaitNanos(AbstractQueuedSynchronizer.java:2078)
        at java.util.concurrent.LinkedBlockingQueue.poll(LinkedBlockingQueue.java:467)
        at org.apache.hadoop.ipc.CallQueueManager.take(CallQueueManager.java:317)
        at org.apache.hadoop.ipc.Server$Handler.run(Server.java:2942)
"grpc-default-executor-4" daemon prio=5 tid=865 timed_waiting
java.lang.Thread.State: TIMED_WAITING
        at sun.misc.Unsafe.park(Native Method)
        at java.util.concurrent.locks.LockSupport.parkNanos(LockSupport.java:215)
        at java.util.concurrent.SynchronousQueue$TransferStack.awaitFulfill(SynchronousQueue.java:460)
        at java.util.concurrent.SynchronousQueue$TransferStack.transfer(SynchronousQueue.java:362)
        at java.util.concurrent.SynchronousQueue.poll(SynchronousQueue.java:941)
        at java.util.concurrent.ThreadPoolExecutor.getTask(ThreadPoolExecutor.java:1073)
        at java.util.concurrent.ThreadPoolExecutor.runWorker(ThreadPoolExecutor.java:1134)
        at java.util.concurrent.ThreadPoolExecutor$Worker.run(ThreadPoolExecutor.java:624)
        at java.lang.Thread.run(Thread.java:750)
"StaleRecoveringContainerScrubbingService#2" daemon prio=5 tid=1019 in Object.wait()
java.lang.Thread.State: WAITING (on object monitor)
        at sun.misc.Unsafe.park(Native Method)
        at java.util.concurrent.locks.LockSupport.park(LockSupport.java:175)
        at java.util.concurrent.locks.AbstractQueuedSynchronizer$ConditionObject.await(AbstractQueuedSynchronizer.java:2039)
        at java.util.concurrent.ScheduledThreadPoolExecutor$DelayedWorkQueue.take(ScheduledThreadPoolExecutor.java:1088)
        at java.util.concurrent.ScheduledThreadPoolExecutor$DelayedWorkQueue.take(ScheduledThreadPoolExecutor.java:809)
        at java.util.concurrent.ThreadPoolExecutor.getTask(ThreadPoolExecutor.java:1074)
        at java.util.concurrent.ThreadPoolExecutor.runWorker(ThreadPoolExecutor.java:1134)
        at java.util.concurrent.ThreadPoolExecutor$Worker.run(ThreadPoolExecutor.java:624)
        at java.lang.Thread.run(Thread.java:750)
"BlockDeletingService#0" daemon prio=5 tid=530 in Object.wait()
java.lang.Thread.State: WAITING (on object monitor)
        at sun.misc.Unsafe.park(Native Method)
        at java.util.concurrent.locks.LockSupport.park(LockSupport.java:175)
        at java.util.concurrent.locks.AbstractQueuedSynchronizer$ConditionObject.await(AbstractQueuedSynchronizer.java:2039)
        at java.util.concurrent.ScheduledThreadPoolExecutor$DelayedWorkQueue.take(ScheduledThreadPoolExecutor.java:1088)
        at java.util.concurrent.ScheduledThreadPoolExecutor$DelayedWorkQueue.take(ScheduledThreadPoolExecutor.java:809)
        at java.util.concurrent.ThreadPoolExecutor.getTask(ThreadPoolExecutor.java:1074)
        at java.util.concurrent.ThreadPoolExecutor.runWorker(ThreadPoolExecutor.java:1134)
        at java.util.concurrent.ThreadPoolExecutor$Worker.run(ThreadPoolExecutor.java:624)
        at java.lang.Thread.run(Thread.java:750)
"Session-HouseKeeper-3faec175-1"  prio=5 tid=143 timed_waiting
java.lang.Thread.State: TIMED_WAITING
        at sun.misc.Unsafe.park(Native Method)
        at java.util.concurrent.locks.LockSupport.parkNanos(LockSupport.java:215)
        at java.util.concurrent.locks.AbstractQueuedSynchronizer$ConditionObject.awaitNanos(AbstractQueuedSynchronizer.java:2078)
        at java.util.concurrent.ScheduledThreadPoolExecutor$DelayedWorkQueue.take(ScheduledThreadPoolExecutor.java:1093)
        at java.util.concurrent.ScheduledThreadPoolExecutor$DelayedWorkQueue.take(ScheduledThreadPoolExecutor.java:809)
        at java.util.concurrent.ThreadPoolExecutor.getTask(ThreadPoolExecutor.java:1074)
        at java.util.concurrent.ThreadPoolExecutor.runWorker(ThreadPoolExecutor.java:1134)
        at java.util.concurrent.ThreadPoolExecutor$Worker.run(ThreadPoolExecutor.java:624)
        at java.lang.Thread.run(Thread.java:750)
"EventQueue-CloseContainerForCloseContainerEventHandler" daemon prio=5 tid=807 in Object.wait()
java.lang.Thread.State: WAITING (on object monitor)
        at sun.misc.Unsafe.park(Native Method)
        at java.util.concurrent.locks.LockSupport.park(LockSupport.java:175)
        at java.util.concurrent.locks.AbstractQueuedSynchronizer$ConditionObject.await(AbstractQueuedSynchronizer.java:2039)
        at java.util.concurrent.LinkedBlockingQueue.take(LinkedBlockingQueue.java:442)
        at java.util.concurrent.ThreadPoolExecutor.getTask(ThreadPoolExecutor.java:1074)
        at java.util.concurrent.ThreadPoolExecutor.runWorker(ThreadPoolExecutor.java:1134)
        at java.util.concurrent.ThreadPoolExecutor$Worker.run(ThreadPoolExecutor.java:624)
        at java.lang.Thread.run(Thread.java:750)
"5a2944c9-75d7-4a8d-9ead-f995138127cc@group-D73006B0921B-StateMachineUpdater" daemon prio=5 tid=629 timed_waiting
java.lang.Thread.State: TIMED_WAITING
        at sun.misc.Unsafe.park(Native Method)
        at java.util.concurrent.locks.LockSupport.parkNanos(LockSupport.java:215)
        at java.util.concurrent.CompletableFuture$Signaller.block(CompletableFuture.java:1709)
        at java.util.concurrent.ForkJoinPool.managedBlock(ForkJoinPool.java:3323)
        at java.util.concurrent.CompletableFuture.timedGet(CompletableFuture.java:1788)
        at java.util.concurrent.CompletableFuture.get(CompletableFuture.java:1928)
        at org.apache.ratis.util.AwaitForSignal.await(AwaitForSignal.java:56)
        at org.apache.ratis.server.impl.StateMachineUpdater.waitForCommit(StateMachineUpdater.java:207)
        at org.apache.ratis.server.impl.StateMachineUpdater.run(StateMachineUpdater.java:176)
        at java.lang.Thread.run(Thread.java:750)
"IPC Server handler 17 on default port 43155" daemon prio=5 tid=54 timed_waiting
java.lang.Thread.State: TIMED_WAITING
        at sun.misc.Unsafe.park(Native Method)
        at java.util.concurrent.locks.LockSupport.parkNanos(LockSupport.java:215)
        at java.util.concurrent.locks.AbstractQueuedSynchronizer$ConditionObject.awaitNanos(AbstractQueuedSynchronizer.java:2078)
        at java.util.concurrent.LinkedBlockingQueue.poll(LinkedBlockingQueue.java:467)
        at org.apache.hadoop.ipc.CallQueueManager.take(CallQueueManager.java:317)
        at org.apache.hadoop.ipc.Server$Handler.run(Server.java:2942)
"IPC Server listener on 0" daemon prio=5 tid=27 runnable
java.lang.Thread.State: RUNNABLE
        at sun.nio.ch.EPollArrayWrapper.epollWait(Native Method)
        at sun.nio.ch.EPollArrayWrapper.poll(EPollArrayWrapper.java:269)
        at sun.nio.ch.EPollSelectorImpl.doSelect(EPollSelectorImpl.java:93)
        at sun.nio.ch.SelectorImpl.lockAndDoSelect(SelectorImpl.java:86)
        at sun.nio.ch.SelectorImpl.select(SelectorImpl.java:97)
        at sun.nio.ch.SelectorImpl.select(SelectorImpl.java:101)
        at org.apache.hadoop.ipc.Server$Listener.run(Server.java:1358)
"Session-HouseKeeper-62ae5e9-1"  prio=5 tid=182 timed_waiting
java.lang.Thread.State: TIMED_WAITING
        at sun.misc.Unsafe.park(Native Method)
        at java.util.concurrent.locks.LockSupport.parkNanos(LockSupport.java:215)
        at java.util.concurrent.locks.AbstractQueuedSynchronizer$ConditionObject.awaitNanos(AbstractQueuedSynchronizer.java:2078)
        at java.util.concurrent.ScheduledThreadPoolExecutor$DelayedWorkQueue.take(ScheduledThreadPoolExecutor.java:1093)
        at java.util.concurrent.ScheduledThreadPoolExecutor$DelayedWorkQueue.take(ScheduledThreadPoolExecutor.java:809)
        at java.util.concurrent.ThreadPoolExecutor.getTask(ThreadPoolExecutor.java:1074)
        at java.util.concurrent.ThreadPoolExecutor.runWorker(ThreadPoolExecutor.java:1134)
        at java.util.concurrent.ThreadPoolExecutor$Worker.run(ThreadPoolExecutor.java:624)
        at java.lang.Thread.run(Thread.java:750)
"pool-230-thread-1" daemon prio=5 tid=366 timed_waiting
java.lang.Thread.State: TIMED_WAITING
        at sun.misc.Unsafe.park(Native Method)
        at java.util.concurrent.locks.LockSupport.parkNanos(LockSupport.java:215)
        at java.util.concurrent.locks.AbstractQueuedSynchronizer$ConditionObject.awaitNanos(AbstractQueuedSynchronizer.java:2078)
        at java.util.concurrent.ScheduledThreadPoolExecutor$DelayedWorkQueue.take(ScheduledThreadPoolExecutor.java:1093)
        at java.util.concurrent.ScheduledThreadPoolExecutor$DelayedWorkQueue.take(ScheduledThreadPoolExecutor.java:809)
        at java.util.concurrent.ThreadPoolExecutor.getTask(ThreadPoolExecutor.java:1074)
        at java.util.concurrent.ThreadPoolExecutor.runWorker(ThreadPoolExecutor.java:1134)
        at java.util.concurrent.ThreadPoolExecutor$Worker.run(ThreadPoolExecutor.java:624)
        at java.lang.Thread.run(Thread.java:750)
"IPC Server handler 9 on default port 33933" daemon prio=5 tid=153 timed_waiting
java.lang.Thread.State: TIMED_WAITING
        at sun.misc.Unsafe.park(Native Method)
        at java.util.concurrent.locks.LockSupport.parkNanos(LockSupport.java:215)
        at java.util.concurrent.locks.AbstractQueuedSynchronizer$ConditionObject.awaitNanos(AbstractQueuedSynchronizer.java:2078)
        at java.util.concurrent.LinkedBlockingQueue.poll(LinkedBlockingQueue.java:467)
        at org.apache.hadoop.ipc.CallQueueManager.take(CallQueueManager.java:317)
        at org.apache.hadoop.ipc.Server$Handler.run(Server.java:2942)
"Command processor thread" daemon prio=5 tid=462 timed_waiting
java.lang.Thread.State: TIMED_WAITING
        at java.lang.Thread.sleep(Native Method)
        at org.apache.hadoop.ozone.container.common.statemachine.DatanodeStateMachine.lambda$initCommandHandlerThread$3(DatanodeStateMachine.java:628)
        at org.apache.hadoop.ozone.container.common.statemachine.DatanodeStateMachine$$Lambda$729/728676909.run(Unknown Source)
        at java.lang.Thread.run(Thread.java:750)
"1c12248a-391b-407f-adc5-34f451ebab0a@group-D73006B0921B-SegmentedRaftLogWorker"  prio=5 tid=621 timed_waiting
java.lang.Thread.State: TIMED_WAITING
        at sun.misc.Unsafe.park(Native Method)
        at java.util.concurrent.locks.LockSupport.parkNanos(LockSupport.java:215)
        at java.util.concurrent.locks.AbstractQueuedSynchronizer$ConditionObject.awaitNanos(AbstractQueuedSynchronizer.java:2078)
        at org.apache.ratis.util.DataBlockingQueue.poll(DataBlockingQueue.java:148)
        at org.apache.ratis.server.raftlog.segmented.SegmentedRaftLogWorker.run(SegmentedRaftLogWorker.java:301)
        at org.apache.ratis.server.raftlog.segmented.SegmentedRaftLogWorker$$Lambda$612/1848693335.run(Unknown Source)
        at java.lang.Thread.run(Thread.java:750)
"Session-HouseKeeper-24bfa69f-1"  prio=5 tid=340 timed_waiting
java.lang.Thread.State: TIMED_WAITING
        at sun.misc.Unsafe.park(Native Method)
        at java.util.concurrent.locks.LockSupport.parkNanos(LockSupport.java:215)
        at java.util.concurrent.locks.AbstractQueuedSynchronizer$ConditionObject.awaitNanos(AbstractQueuedSynchronizer.java:2078)
        at java.util.concurrent.ScheduledThreadPoolExecutor$DelayedWorkQueue.take(ScheduledThreadPoolExecutor.java:1093)
        at java.util.concurrent.ScheduledThreadPoolExecutor$DelayedWorkQueue.take(ScheduledThreadPoolExecutor.java:809)
        at java.util.concurrent.ThreadPoolExecutor.getTask(ThreadPoolExecutor.java:1074)
        at java.util.concurrent.ThreadPoolExecutor.runWorker(ThreadPoolExecutor.java:1134)
        at java.util.concurrent.ThreadPoolExecutor$Worker.run(ThreadPoolExecutor.java:624)
        at java.lang.Thread.run(Thread.java:750)
"cc783127-5661-4bf3-9a81-5237862e92f6@group-D73006B0921B-StateMachineUpdater" daemon prio=5 tid=625 timed_waiting
java.lang.Thread.State: TIMED_WAITING
        at sun.misc.Unsafe.park(Native Method)
        at java.util.concurrent.locks.LockSupport.parkNanos(LockSupport.java:215)
        at java.util.concurrent.CompletableFuture$Signaller.block(CompletableFuture.java:1709)
        at java.util.concurrent.ForkJoinPool.managedBlock(ForkJoinPool.java:3323)
        at java.util.concurrent.CompletableFuture.timedGet(CompletableFuture.java:1788)
        at java.util.concurrent.CompletableFuture.get(CompletableFuture.java:1928)
        at org.apache.ratis.util.AwaitForSignal.await(AwaitForSignal.java:56)
        at org.apache.ratis.server.impl.StateMachineUpdater.waitForCommit(StateMachineUpdater.java:207)
        at org.apache.ratis.server.impl.StateMachineUpdater.run(StateMachineUpdater.java:176)
        at java.lang.Thread.run(Thread.java:750)
"IPC Server idle connection scanner for port 33933" daemon prio=5 tid=124 timed_waiting
java.lang.Thread.State: TIMED_WAITING
        at java.lang.Object.wait(Native Method)
        at java.util.TimerThread.mainLoop(Timer.java:552)
        at java.util.TimerThread.run(Timer.java:505)
"Datanode ReportManager Thread - 3" daemon prio=5 tid=319 timed_waiting
java.lang.Thread.State: TIMED_WAITING
        at sun.misc.Unsafe.park(Native Method)
        at java.util.concurrent.locks.LockSupport.parkNanos(LockSupport.java:215)
        at java.util.concurrent.locks.AbstractQueuedSynchronizer$ConditionObject.awaitNanos(AbstractQueuedSynchronizer.java:2078)
        at java.util.concurrent.ScheduledThreadPoolExecutor$DelayedWorkQueue.take(ScheduledThreadPoolExecutor.java:1093)
        at java.util.concurrent.ScheduledThreadPoolExecutor$DelayedWorkQueue.take(ScheduledThreadPoolExecutor.java:809)
        at java.util.concurrent.ThreadPoolExecutor.getTask(ThreadPoolExecutor.java:1074)
        at java.util.concurrent.ThreadPoolExecutor.runWorker(ThreadPoolExecutor.java:1134)
        at java.util.concurrent.ThreadPoolExecutor$Worker.run(ThreadPoolExecutor.java:624)
        at java.lang.Thread.run(Thread.java:750)
"cc783127-5661-4bf3-9a81-5237862e92f6@group-3825EEDB64AD-LeaderStateImpl" daemon prio=5 tid=699 timed_waiting
java.lang.Thread.State: TIMED_WAITING
        at sun.misc.Unsafe.park(Native Method)
        at java.util.concurrent.locks.LockSupport.parkNanos(LockSupport.java:215)
        at java.util.concurrent.locks.AbstractQueuedSynchronizer$ConditionObject.awaitNanos(AbstractQueuedSynchronizer.java:2078)
        at java.util.concurrent.ArrayBlockingQueue.poll(ArrayBlockingQueue.java:418)
        at org.apache.ratis.server.impl.LeaderStateImpl$EventQueue.poll(LeaderStateImpl.java:159)
        at org.apache.ratis.server.impl.LeaderStateImpl$EventProcessor.run(LeaderStateImpl.java:630)
"org.apache.ratis.util.JvmPauseMonitor$$Lambda$684/38778801@744c55db" daemon prio=5 tid=483 timed_waiting
java.lang.Thread.State: TIMED_WAITING
        at java.lang.Thread.sleep(Native Method)
        at java.lang.Thread.sleep(Thread.java:342)
        at java.util.concurrent.TimeUnit.sleep(TimeUnit.java:386)
        at org.apache.ratis.util.TimeDuration.sleep(TimeDuration.java:325)
        at org.apache.ratis.util.TimeDuration.sleep(TimeDuration.java:310)
        at org.apache.ratis.util.JvmPauseMonitor.detectPause(JvmPauseMonitor.java:117)
        at org.apache.ratis.util.JvmPauseMonitor.run(JvmPauseMonitor.java:106)
        at org.apache.ratis.util.JvmPauseMonitor$$Lambda$684/38778801.run(Unknown Source)
        at java.lang.Thread.run(Thread.java:750)
"IPC Client (1511067261) connection to /0.0.0.0:44657 from runner" daemon prio=5 tid=343 timed_waiting
java.lang.Thread.State: TIMED_WAITING
        at java.lang.Object.wait(Native Method)
        at org.apache.hadoop.ipc.Client$Connection.waitForWork(Client.java:1086)
        at org.apache.hadoop.ipc.Client$Connection.run(Client.java:1133)
"IPC Server handler 10 on default port 33933" daemon prio=5 tid=154 timed_waiting
java.lang.Thread.State: TIMED_WAITING
        at sun.misc.Unsafe.park(Native Method)
        at java.util.concurrent.locks.LockSupport.parkNanos(LockSupport.java:215)
        at java.util.concurrent.locks.AbstractQueuedSynchronizer$ConditionObject.awaitNanos(AbstractQueuedSynchronizer.java:2078)
        at java.util.concurrent.LinkedBlockingQueue.poll(LinkedBlockingQueue.java:467)
        at org.apache.hadoop.ipc.CallQueueManager.take(CallQueueManager.java:317)
        at org.apache.hadoop.ipc.Server$Handler.run(Server.java:2942)
"IPC Server handler 6 on default port 35271" daemon prio=5 tid=63 timed_waiting
java.lang.Thread.State: TIMED_WAITING
        at sun.misc.Unsafe.park(Native Method)
        at java.util.concurrent.locks.LockSupport.parkNanos(LockSupport.java:215)
        at java.util.concurrent.locks.AbstractQueuedSynchronizer$ConditionObject.awaitNanos(AbstractQueuedSynchronizer.java:2078)
        at java.util.concurrent.LinkedBlockingQueue.poll(LinkedBlockingQueue.java:467)
        at org.apache.hadoop.ipc.CallQueueManager.take(CallQueueManager.java:317)
        at org.apache.hadoop.ipc.Server$Handler.run(Server.java:2942)
"Datanode ReportManager Thread - 0" daemon prio=5 tid=383 timed_waiting
java.lang.Thread.State: TIMED_WAITING
        at sun.misc.Unsafe.park(Native Method)
        at java.util.concurrent.locks.LockSupport.parkNanos(LockSupport.java:215)
        at java.util.concurrent.locks.AbstractQueuedSynchronizer$ConditionObject.awaitNanos(AbstractQueuedSynchronizer.java:2078)
        at java.util.concurrent.ScheduledThreadPoolExecutor$DelayedWorkQueue.take(ScheduledThreadPoolExecutor.java:1093)
        at java.util.concurrent.ScheduledThreadPoolExecutor$DelayedWorkQueue.take(ScheduledThreadPoolExecutor.java:809)
        at java.util.concurrent.ThreadPoolExecutor.getTask(ThreadPoolExecutor.java:1074)
        at java.util.concurrent.ThreadPoolExecutor.runWorker(ThreadPoolExecutor.java:1134)
        at java.util.concurrent.ThreadPoolExecutor$Worker.run(ThreadPoolExecutor.java:624)
        at java.lang.Thread.run(Thread.java:750)
"CommandWatcher-LeaseManager#LeaseMonitor" daemon prio=5 tid=36 timed_waiting
java.lang.Thread.State: TIMED_WAITING
        at java.lang.Object.wait(Native Method)
        at org.apache.hadoop.ozone.lease.LeaseManager$LeaseMonitor.run(LeaseManager.java:238)
        at java.lang.Thread.run(Thread.java:750)
"IPC Server idle connection scanner for port 35271" daemon prio=5 tid=29 timed_waiting
java.lang.Thread.State: TIMED_WAITING
        at java.lang.Object.wait(Native Method)
        at java.util.TimerThread.mainLoop(Timer.java:552)
        at java.util.TimerThread.run(Timer.java:505)
"Datanode ReportManager Thread - 0" daemon prio=5 tid=264 timed_waiting
java.lang.Thread.State: TIMED_WAITING
        at sun.misc.Unsafe.park(Native Method)
        at java.util.concurrent.locks.LockSupport.parkNanos(LockSupport.java:215)
        at java.util.concurrent.locks.AbstractQueuedSynchronizer$ConditionObject.awaitNanos(AbstractQueuedSynchronizer.java:2078)
        at java.util.concurrent.ScheduledThreadPoolExecutor$DelayedWorkQueue.take(ScheduledThreadPoolExecutor.java:1093)
        at java.util.concurrent.ScheduledThreadPoolExecutor$DelayedWorkQueue.take(ScheduledThreadPoolExecutor.java:809)
        at java.util.concurrent.ThreadPoolExecutor.getTask(ThreadPoolExecutor.java:1074)
        at java.util.concurrent.ThreadPoolExecutor.runWorker(ThreadPoolExecutor.java:1134)
        at java.util.concurrent.ThreadPoolExecutor$Worker.run(ThreadPoolExecutor.java:624)
        at java.lang.Thread.run(Thread.java:750)
"cc783127-5661-4bf3-9a81-5237862e92f6@group-3825EEDB64AD->1c12248a-391b-407f-adc5-34f451ebab0a-GrpcLogAppender-LogAppenderDaemon" daemon prio=5 tid=700 timed_waiting
java.lang.Thread.State: TIMED_WAITING
        at sun.misc.Unsafe.park(Native Method)
        at java.util.concurrent.locks.LockSupport.parkNanos(LockSupport.java:215)
        at java.util.concurrent.CompletableFuture$Signaller.block(CompletableFuture.java:1709)
        at java.util.concurrent.ForkJoinPool.managedBlock(ForkJoinPool.java:3323)
        at java.util.concurrent.CompletableFuture.timedGet(CompletableFuture.java:1788)
        at java.util.concurrent.CompletableFuture.get(CompletableFuture.java:1928)
        at org.apache.ratis.util.AwaitForSignal.await(AwaitForSignal.java:56)
        at org.apache.ratis.grpc.server.GrpcLogAppender.mayWait(GrpcLogAppender.java:169)
        at org.apache.ratis.grpc.server.GrpcLogAppender.run(GrpcLogAppender.java:128)
        at org.apache.ratis.server.leader.LogAppenderDaemon.run(LogAppenderDaemon.java:77)
        at org.apache.ratis.server.leader.LogAppenderDaemon$$Lambda$1014/1700417656.run(Unknown Source)
        at java.lang.Thread.run(Thread.java:750)
"ChunkWriter-2-0" daemon prio=5 tid=538 in Object.wait()
java.lang.Thread.State: WAITING (on object monitor)
        at sun.misc.Unsafe.park(Native Method)
        at java.util.concurrent.locks.LockSupport.park(LockSupport.java:175)
        at java.util.concurrent.locks.AbstractQueuedSynchronizer$ConditionObject.await(AbstractQueuedSynchronizer.java:2039)
        at java.util.concurrent.LinkedBlockingDeque.takeFirst(LinkedBlockingDeque.java:492)
        at java.util.concurrent.LinkedBlockingDeque.take(LinkedBlockingDeque.java:680)
        at java.util.concurrent.ThreadPoolExecutor.getTask(ThreadPoolExecutor.java:1074)
        at java.util.concurrent.ThreadPoolExecutor.runWorker(ThreadPoolExecutor.java:1134)
        at java.util.concurrent.ThreadPoolExecutor$Worker.run(ThreadPoolExecutor.java:624)
        at java.lang.Thread.run(Thread.java:750)
"IPC Server handler 15 on default port 33933" daemon prio=5 tid=159 timed_waiting
java.lang.Thread.State: TIMED_WAITING
        at sun.misc.Unsafe.park(Native Method)
        at java.util.concurrent.locks.LockSupport.parkNanos(LockSupport.java:215)
        at java.util.concurrent.locks.AbstractQueuedSynchronizer$ConditionObject.awaitNanos(AbstractQueuedSynchronizer.java:2078)
        at java.util.concurrent.LinkedBlockingQueue.poll(LinkedBlockingQueue.java:467)
        at org.apache.hadoop.ipc.CallQueueManager.take(CallQueueManager.java:317)
        at org.apache.hadoop.ipc.Server$Handler.run(Server.java:2942)
"ReplicationMonitor" daemon prio=5 tid=832 timed_waiting
java.lang.Thread.State: TIMED_WAITING
        at java.lang.Object.wait(Native Method)
        at org.apache.hadoop.hdds.scm.container.replication.ReplicationManager.run(ReplicationManager.java:505)
        at org.apache.hadoop.hdds.scm.container.replication.ReplicationManager$$Lambda$381/1547811032.run(Unknown Source)
        at java.lang.Thread.run(Thread.java:750)
"IPC Server handler 4 on default port 43155" daemon prio=5 tid=41 timed_waiting
java.lang.Thread.State: TIMED_WAITING
        at sun.misc.Unsafe.park(Native Method)
        at java.util.concurrent.locks.LockSupport.parkNanos(LockSupport.java:215)
        at java.util.concurrent.locks.AbstractQueuedSynchronizer$ConditionObject.awaitNanos(AbstractQueuedSynchronizer.java:2078)
        at java.util.concurrent.LinkedBlockingQueue.poll(LinkedBlockingQueue.java:467)
        at org.apache.hadoop.ipc.CallQueueManager.take(CallQueueManager.java:317)
        at org.apache.hadoop.ipc.Server$Handler.run(Server.java:2942)
"Datanode ReportManager Thread - 4" daemon prio=5 tid=294 in Object.wait()
java.lang.Thread.State: WAITING (on object monitor)
        at sun.misc.Unsafe.park(Native Method)
        at java.util.concurrent.locks.LockSupport.park(LockSupport.java:175)
        at java.util.concurrent.locks.AbstractQueuedSynchronizer$ConditionObject.await(AbstractQueuedSynchronizer.java:2039)
        at java.util.concurrent.ScheduledThreadPoolExecutor$DelayedWorkQueue.take(ScheduledThreadPoolExecutor.java:1088)
        at java.util.concurrent.ScheduledThreadPoolExecutor$DelayedWorkQueue.take(ScheduledThreadPoolExecutor.java:809)
        at java.util.concurrent.ThreadPoolExecutor.getTask(ThreadPoolExecutor.java:1074)
        at java.util.concurrent.ThreadPoolExecutor.runWorker(ThreadPoolExecutor.java:1134)
        at java.util.concurrent.ThreadPoolExecutor$Worker.run(ThreadPoolExecutor.java:624)
        at java.lang.Thread.run(Thread.java:750)
"Periodic HDDS volume checker" daemon prio=5 tid=430 timed_waiting
java.lang.Thread.State: TIMED_WAITING
        at sun.misc.Unsafe.park(Native Method)
        at java.util.concurrent.locks.LockSupport.parkNanos(LockSupport.java:215)
        at java.util.concurrent.locks.AbstractQueuedSynchronizer$ConditionObject.awaitNanos(AbstractQueuedSynchronizer.java:2078)
        at java.util.concurrent.ScheduledThreadPoolExecutor$DelayedWorkQueue.take(ScheduledThreadPoolExecutor.java:1093)
        at java.util.concurrent.ScheduledThreadPoolExecutor$DelayedWorkQueue.take(ScheduledThreadPoolExecutor.java:809)
        at java.util.concurrent.ThreadPoolExecutor.getTask(ThreadPoolExecutor.java:1074)
        at java.util.concurrent.ThreadPoolExecutor.runWorker(ThreadPoolExecutor.java:1134)
        at java.util.concurrent.ThreadPoolExecutor$Worker.run(ThreadPoolExecutor.java:624)
        at java.lang.Thread.run(Thread.java:750)
"BlockDeletingService#0" daemon prio=5 tid=473 in Object.wait()
java.lang.Thread.State: WAITING (on object monitor)
        at sun.misc.Unsafe.park(Native Method)
        at java.util.concurrent.locks.LockSupport.park(LockSupport.java:175)
        at java.util.concurrent.locks.AbstractQueuedSynchronizer$ConditionObject.await(AbstractQueuedSynchronizer.java:2039)
        at java.util.concurrent.ScheduledThreadPoolExecutor$DelayedWorkQueue.take(ScheduledThreadPoolExecutor.java:1088)
        at java.util.concurrent.ScheduledThreadPoolExecutor$DelayedWorkQueue.take(ScheduledThreadPoolExecutor.java:809)
        at java.util.concurrent.ThreadPoolExecutor.getTask(ThreadPoolExecutor.java:1074)
        at java.util.concurrent.ThreadPoolExecutor.runWorker(ThreadPoolExecutor.java:1134)
        at java.util.concurrent.ThreadPoolExecutor$Worker.run(ThreadPoolExecutor.java:624)
        at java.lang.Thread.run(Thread.java:750)
"IPC Server handler 3 on default port 43155" daemon prio=5 tid=40 timed_waiting
java.lang.Thread.State: TIMED_WAITING
        at sun.misc.Unsafe.park(Native Method)
        at java.util.concurrent.locks.LockSupport.parkNanos(LockSupport.java:215)
        at java.util.concurrent.locks.AbstractQueuedSynchronizer$ConditionObject.awaitNanos(AbstractQueuedSynchronizer.java:2078)
        at java.util.concurrent.LinkedBlockingQueue.poll(LinkedBlockingQueue.java:467)
        at org.apache.hadoop.ipc.CallQueueManager.take(CallQueueManager.java:317)
        at org.apache.hadoop.ipc.Server$Handler.run(Server.java:2942)
"IPC Server handler 0 on default port 44657" daemon prio=5 tid=77 timed_waiting
java.lang.Thread.State: TIMED_WAITING
        at sun.misc.Unsafe.park(Native Method)
        at java.util.concurrent.locks.LockSupport.parkNanos(LockSupport.java:215)
        at java.util.concurrent.locks.AbstractQueuedSynchronizer$ConditionObject.awaitNanos(AbstractQueuedSynchronizer.java:2078)
        at java.util.concurrent.LinkedBlockingQueue.poll(LinkedBlockingQueue.java:467)
        at org.apache.hadoop.ipc.CallQueueManager.take(CallQueueManager.java:317)
        at org.apache.hadoop.ipc.Server$Handler.run(Server.java:2942)
"FixedThreadPoolWithAffinityExecutor-1-0" daemon prio=5 tid=559 in Object.wait()
java.lang.Thread.State: WAITING (on object monitor)
        at sun.misc.Unsafe.park(Native Method)
        at java.util.concurrent.locks.LockSupport.park(LockSupport.java:175)
        at java.util.concurrent.locks.AbstractQueuedSynchronizer$ConditionObject.await(AbstractQueuedSynchronizer.java:2039)
        at java.util.concurrent.LinkedBlockingDeque.takeFirst(LinkedBlockingDeque.java:492)
        at java.util.concurrent.LinkedBlockingDeque.take(LinkedBlockingDeque.java:680)
        at java.util.concurrent.ThreadPoolExecutor.getTask(ThreadPoolExecutor.java:1074)
        at java.util.concurrent.ThreadPoolExecutor.runWorker(ThreadPoolExecutor.java:1134)
        at java.util.concurrent.ThreadPoolExecutor$Worker.run(ThreadPoolExecutor.java:624)
        at java.lang.Thread.run(Thread.java:750)
"Datanode State Machine Daemon Thread" daemon prio=5 tid=263 timed_waiting
java.lang.Thread.State: TIMED_WAITING
        at java.lang.Thread.sleep(Native Method)
        at org.apache.hadoop.ozone.container.common.statemachine.DatanodeStateMachine.startStateMachineThread(DatanodeStateMachine.java:313)
        at org.apache.hadoop.ozone.container.common.statemachine.DatanodeStateMachine.lambda$startDaemon$0(DatanodeStateMachine.java:493)
        at org.apache.hadoop.ozone.container.common.statemachine.DatanodeStateMachine$$Lambda$727/1943859930.run(Unknown Source)
        at java.lang.Thread.run(Thread.java:750)
"qtp2129898017-100" daemon prio=5 tid=100 runnable
java.lang.Thread.State: RUNNABLE
        at sun.nio.ch.EPollArrayWrapper.epollWait(Native Method)
        at sun.nio.ch.EPollArrayWrapper.poll(EPollArrayWrapper.java:269)
        at sun.nio.ch.EPollSelectorImpl.doSelect(EPollSelectorImpl.java:93)
        at sun.nio.ch.SelectorImpl.lockAndDoSelect(SelectorImpl.java:86)
        at sun.nio.ch.SelectorImpl.select(SelectorImpl.java:97)
        at sun.nio.ch.SelectorImpl.select(SelectorImpl.java:101)
        at org.eclipse.jetty.io.ManagedSelector.nioSelect(ManagedSelector.java:183)
        at org.eclipse.jetty.io.ManagedSelector.select(ManagedSelector.java:190)
        at org.eclipse.jetty.io.ManagedSelector$SelectorProducer.select(ManagedSelector.java:606)
        at org.eclipse.jetty.io.ManagedSelector$SelectorProducer.produce(ManagedSelector.java:543)
        at org.eclipse.jetty.util.thread.strategy.EatWhatYouKill.produceTask(EatWhatYouKill.java:362)
        at org.eclipse.jetty.util.thread.strategy.EatWhatYouKill.doProduce(EatWhatYouKill.java:186)
        at org.eclipse.jetty.util.thread.strategy.EatWhatYouKill.tryProduce(EatWhatYouKill.java:173)
        at org.eclipse.jetty.util.thread.strategy.EatWhatYouKill.produce(EatWhatYouKill.java:137)
        at org.eclipse.jetty.io.ManagedSelector$$Lambda$444/1480051614.run(Unknown Source)
        at org.eclipse.jetty.util.thread.QueuedThreadPool.runJob(QueuedThreadPool.java:883)
        at org.eclipse.jetty.util.thread.QueuedThreadPool$Runner.run(QueuedThreadPool.java:1034)
        at java.lang.Thread.run(Thread.java:750)
"febd5d2c-72de-44b7-b010-e5e9acc30848@group-CA13F6D37BB1-SegmentedRaftLogWorker"  prio=5 tid=646 timed_waiting
java.lang.Thread.State: TIMED_WAITING
        at sun.misc.Unsafe.park(Native Method)
        at java.util.concurrent.locks.LockSupport.parkNanos(LockSupport.java:215)
        at java.util.concurrent.locks.AbstractQueuedSynchronizer$ConditionObject.awaitNanos(AbstractQueuedSynchronizer.java:2078)
        at org.apache.ratis.util.DataBlockingQueue.poll(DataBlockingQueue.java:148)
        at org.apache.ratis.server.raftlog.segmented.SegmentedRaftLogWorker.run(SegmentedRaftLogWorker.java:301)
        at org.apache.ratis.server.raftlog.segmented.SegmentedRaftLogWorker$$Lambda$612/1848693335.run(Unknown Source)
        at java.lang.Thread.run(Thread.java:750)
"EventQueue-NodeReportForNodeReportHandler" daemon prio=5 tid=1014 in Object.wait()
java.lang.Thread.State: WAITING (on object monitor)
        at sun.misc.Unsafe.park(Native Method)
        at java.util.concurrent.locks.LockSupport.park(LockSupport.java:175)
        at java.util.concurrent.locks.AbstractQueuedSynchronizer$ConditionObject.await(AbstractQueuedSynchronizer.java:2039)
        at java.util.concurrent.LinkedBlockingQueue.take(LinkedBlockingQueue.java:442)
        at java.util.concurrent.ThreadPoolExecutor.getTask(ThreadPoolExecutor.java:1074)
        at java.util.concurrent.ThreadPoolExecutor.runWorker(ThreadPoolExecutor.java:1134)
        at java.util.concurrent.ThreadPoolExecutor$Worker.run(ThreadPoolExecutor.java:624)
        at java.lang.Thread.run(Thread.java:750)
"StaleRecoveringContainerScrubbingService#2" daemon prio=5 tid=1036 in Object.wait()
java.lang.Thread.State: WAITING (on object monitor)
        at sun.misc.Unsafe.park(Native Method)
        at java.util.concurrent.locks.LockSupport.park(LockSupport.java:175)
        at java.util.concurrent.locks.AbstractQueuedSynchronizer$ConditionObject.await(AbstractQueuedSynchronizer.java:2039)
        at java.util.concurrent.ScheduledThreadPoolExecutor$DelayedWorkQueue.take(ScheduledThreadPoolExecutor.java:1088)
        at java.util.concurrent.ScheduledThreadPoolExecutor$DelayedWorkQueue.take(ScheduledThreadPoolExecutor.java:809)
        at java.util.concurrent.ThreadPoolExecutor.getTask(ThreadPoolExecutor.java:1074)
        at java.util.concurrent.ThreadPoolExecutor.runWorker(ThreadPoolExecutor.java:1134)
        at java.util.concurrent.ThreadPoolExecutor$Worker.run(ThreadPoolExecutor.java:624)
        at java.lang.Thread.run(Thread.java:750)
"Datanode State Machine Task Thread - 0"  prio=5 tid=271 in Object.wait()
java.lang.Thread.State: WAITING (on object monitor)
        at sun.misc.Unsafe.park(Native Method)
        at java.util.concurrent.locks.LockSupport.park(LockSupport.java:175)
        at java.util.concurrent.locks.AbstractQueuedSynchronizer$ConditionObject.await(AbstractQueuedSynchronizer.java:2039)
        at java.util.concurrent.LinkedBlockingQueue.take(LinkedBlockingQueue.java:442)
        at java.util.concurrent.ThreadPoolExecutor.getTask(ThreadPoolExecutor.java:1074)
        at java.util.concurrent.ThreadPoolExecutor.runWorker(ThreadPoolExecutor.java:1134)
        at java.util.concurrent.ThreadPoolExecutor$Worker.run(ThreadPoolExecutor.java:624)
        at java.lang.Thread.run(Thread.java:750)
"org.apache.ratis.util.JvmPauseMonitor$$Lambda$684/38778801@49287999" daemon prio=5 tid=495 timed_waiting
java.lang.Thread.State: TIMED_WAITING
        at java.lang.Thread.sleep(Native Method)
        at java.lang.Thread.sleep(Thread.java:342)
        at java.util.concurrent.TimeUnit.sleep(TimeUnit.java:386)
        at org.apache.ratis.util.TimeDuration.sleep(TimeDuration.java:325)
        at org.apache.ratis.util.TimeDuration.sleep(TimeDuration.java:310)
        at org.apache.ratis.util.JvmPauseMonitor.detectPause(JvmPauseMonitor.java:117)
        at org.apache.ratis.util.JvmPauseMonitor.run(JvmPauseMonitor.java:106)
        at org.apache.ratis.util.JvmPauseMonitor$$Lambda$684/38778801.run(Unknown Source)
        at java.lang.Thread.run(Thread.java:750)
"IPC Server handler 14 on default port 43155" daemon prio=5 tid=51 timed_waiting
java.lang.Thread.State: TIMED_WAITING
        at sun.misc.Unsafe.park(Native Method)
        at java.util.concurrent.locks.LockSupport.parkNanos(LockSupport.java:215)
        at java.util.concurrent.locks.AbstractQueuedSynchronizer$ConditionObject.awaitNanos(AbstractQueuedSynchronizer.java:2078)
        at java.util.concurrent.LinkedBlockingQueue.poll(LinkedBlockingQueue.java:467)
        at org.apache.hadoop.ipc.CallQueueManager.take(CallQueueManager.java:317)
        at org.apache.hadoop.ipc.Server$Handler.run(Server.java:2942)
"EndpointStateMachine task thread for /0.0.0.0:44657 - 0 "  prio=5 tid=490 in Object.wait()
java.lang.Thread.State: WAITING (on object monitor)
        at sun.misc.Unsafe.park(Native Method)
        at java.util.concurrent.locks.LockSupport.park(LockSupport.java:175)
        at java.util.concurrent.locks.AbstractQueuedSynchronizer$ConditionObject.await(AbstractQueuedSynchronizer.java:2039)
        at java.util.concurrent.LinkedBlockingQueue.take(LinkedBlockingQueue.java:442)
        at java.util.concurrent.ThreadPoolExecutor.getTask(ThreadPoolExecutor.java:1074)
        at java.util.concurrent.ThreadPoolExecutor.runWorker(ThreadPoolExecutor.java:1134)
        at java.util.concurrent.ThreadPoolExecutor$Worker.run(ThreadPoolExecutor.java:624)
        at java.lang.Thread.run(Thread.java:750)
"BlockDeletingService#2" daemon prio=5 tid=1020 in Object.wait()
java.lang.Thread.State: WAITING (on object monitor)
        at sun.misc.Unsafe.park(Native Method)
        at java.util.concurrent.locks.LockSupport.park(LockSupport.java:175)
        at java.util.concurrent.locks.AbstractQueuedSynchronizer$ConditionObject.await(AbstractQueuedSynchronizer.java:2039)
        at java.util.concurrent.ScheduledThreadPoolExecutor$DelayedWorkQueue.take(ScheduledThreadPoolExecutor.java:1088)
        at java.util.concurrent.ScheduledThreadPoolExecutor$DelayedWorkQueue.take(ScheduledThreadPoolExecutor.java:809)
        at java.util.concurrent.ThreadPoolExecutor.getTask(ThreadPoolExecutor.java:1074)
        at java.util.concurrent.ThreadPoolExecutor.runWorker(ThreadPoolExecutor.java:1134)
        at java.util.concurrent.ThreadPoolExecutor$Worker.run(ThreadPoolExecutor.java:624)
        at java.lang.Thread.run(Thread.java:750)
"org.apache.ratis.util.JvmPauseMonitor$$Lambda$684/38778801@7533cd1b" daemon prio=5 tid=528 timed_waiting
java.lang.Thread.State: TIMED_WAITING
        at java.lang.Thread.sleep(Native Method)
        at java.lang.Thread.sleep(Thread.java:342)
        at java.util.concurrent.TimeUnit.sleep(TimeUnit.java:386)
        at org.apache.ratis.util.TimeDuration.sleep(TimeDuration.java:325)
        at org.apache.ratis.util.TimeDuration.sleep(TimeDuration.java:310)
        at org.apache.ratis.util.JvmPauseMonitor.detectPause(JvmPauseMonitor.java:117)
        at org.apache.ratis.util.JvmPauseMonitor.run(JvmPauseMonitor.java:106)
        at org.apache.ratis.util.JvmPauseMonitor$$Lambda$684/38778801.run(Unknown Source)
        at java.lang.Thread.run(Thread.java:750)
"44dad4d2-9f73-4874-a36a-585ee387199d@group-CA13F6D37BB1-LeaderStateImpl" daemon prio=5 tid=907 timed_waiting
java.lang.Thread.State: TIMED_WAITING
        at sun.misc.Unsafe.park(Native Method)
        at java.util.concurrent.locks.LockSupport.parkNanos(LockSupport.java:215)
        at java.util.concurrent.locks.AbstractQueuedSynchronizer$ConditionObject.awaitNanos(AbstractQueuedSynchronizer.java:2078)
        at java.util.concurrent.ArrayBlockingQueue.poll(ArrayBlockingQueue.java:418)
        at org.apache.ratis.server.impl.LeaderStateImpl$EventQueue.poll(LeaderStateImpl.java:159)
        at org.apache.ratis.server.impl.LeaderStateImpl$EventProcessor.run(LeaderStateImpl.java:630)
"IPC Server handler 11 on default port 44657" daemon prio=5 tid=88 timed_waiting
java.lang.Thread.State: TIMED_WAITING
        at sun.misc.Unsafe.park(Native Method)
        at java.util.concurrent.locks.LockSupport.parkNanos(LockSupport.java:215)
        at java.util.concurrent.locks.AbstractQueuedSynchronizer$ConditionObject.awaitNanos(AbstractQueuedSynchronizer.java:2078)
        at java.util.concurrent.LinkedBlockingQueue.poll(LinkedBlockingQueue.java:467)
        at org.apache.hadoop.ipc.CallQueueManager.take(CallQueueManager.java:317)
        at org.apache.hadoop.ipc.Server$Handler.run(Server.java:2942)
"pool-118-thread-1"  prio=5 tid=580 in Object.wait()
java.lang.Thread.State: WAITING (on object monitor)
        at sun.misc.Unsafe.park(Native Method)
        at java.util.concurrent.locks.LockSupport.park(LockSupport.java:175)
        at java.util.concurrent.locks.AbstractQueuedSynchronizer$ConditionObject.await(AbstractQueuedSynchronizer.java:2039)
        at java.util.concurrent.LinkedBlockingQueue.take(LinkedBlockingQueue.java:442)
        at java.util.concurrent.ThreadPoolExecutor.getTask(ThreadPoolExecutor.java:1074)
        at java.util.concurrent.ThreadPoolExecutor.runWorker(ThreadPoolExecutor.java:1134)
        at java.util.concurrent.ThreadPoolExecutor$Worker.run(ThreadPoolExecutor.java:624)
        at java.lang.Thread.run(Thread.java:750)
"ChunkReader-ELG-0" daemon prio=5 tid=472 runnable
java.lang.Thread.State: RUNNABLE
        at org.apache.ratis.thirdparty.io.netty.channel.epoll.Native.epollWait0(Native Method)
        at org.apache.ratis.thirdparty.io.netty.channel.epoll.Native.epollWait(Native.java:177)
        at org.apache.ratis.thirdparty.io.netty.channel.epoll.EpollEventLoop.epollWait(EpollEventLoop.java:286)
        at org.apache.ratis.thirdparty.io.netty.channel.epoll.EpollEventLoop.run(EpollEventLoop.java:351)
        at org.apache.ratis.thirdparty.io.netty.util.concurrent.SingleThreadEventExecutor$4.run(SingleThreadEventExecutor.java:986)
        at org.apache.ratis.thirdparty.io.netty.util.internal.ThreadExecutorMap$2.run(ThreadExecutorMap.java:74)
        at java.lang.Thread.run(Thread.java:750)
"Datanode ReportManager Thread - 1" daemon prio=5 tid=239 in Object.wait()
java.lang.Thread.State: WAITING (on object monitor)
        at sun.misc.Unsafe.park(Native Method)
        at java.util.concurrent.locks.LockSupport.park(LockSupport.java:175)
        at java.util.concurrent.locks.AbstractQueuedSynchronizer$ConditionObject.await(AbstractQueuedSynchronizer.java:2039)
        at java.util.concurrent.ScheduledThreadPoolExecutor$DelayedWorkQueue.take(ScheduledThreadPoolExecutor.java:1088)
        at java.util.concurrent.ScheduledThreadPoolExecutor$DelayedWorkQueue.take(ScheduledThreadPoolExecutor.java:809)
        at java.util.concurrent.ThreadPoolExecutor.getTask(ThreadPoolExecutor.java:1074)
        at java.util.concurrent.ThreadPoolExecutor.runWorker(ThreadPoolExecutor.java:1134)
        at java.util.concurrent.ThreadPoolExecutor$Worker.run(ThreadPoolExecutor.java:624)
        at java.lang.Thread.run(Thread.java:750)
"EventQueue-DeadNodeForDeadNodeHandler" daemon prio=5 tid=831 in Object.wait()
java.lang.Thread.State: WAITING (on object monitor)
        at sun.misc.Unsafe.park(Native Method)
        at java.util.concurrent.locks.LockSupport.park(LockSupport.java:175)
        at java.util.concurrent.locks.AbstractQueuedSynchronizer$ConditionObject.await(AbstractQueuedSynchronizer.java:2039)
        at java.util.concurrent.LinkedBlockingQueue.take(LinkedBlockingQueue.java:442)
        at java.util.concurrent.ThreadPoolExecutor.getTask(ThreadPoolExecutor.java:1074)
        at java.util.concurrent.ThreadPoolExecutor.runWorker(ThreadPoolExecutor.java:1134)
        at java.util.concurrent.ThreadPoolExecutor$Worker.run(ThreadPoolExecutor.java:624)
        at java.lang.Thread.run(Thread.java:750)
"Datanode ReportManager Thread - 4" daemon prio=5 tid=423 in Object.wait()
java.lang.Thread.State: WAITING (on object monitor)
        at sun.misc.Unsafe.park(Native Method)
        at java.util.concurrent.locks.LockSupport.park(LockSupport.java:175)
        at java.util.concurrent.locks.AbstractQueuedSynchronizer$ConditionObject.await(AbstractQueuedSynchronizer.java:2039)
        at java.util.concurrent.ScheduledThreadPoolExecutor$DelayedWorkQueue.take(ScheduledThreadPoolExecutor.java:1088)
        at java.util.concurrent.ScheduledThreadPoolExecutor$DelayedWorkQueue.take(ScheduledThreadPoolExecutor.java:809)
        at java.util.concurrent.ThreadPoolExecutor.getTask(ThreadPoolExecutor.java:1074)
        at java.util.concurrent.ThreadPoolExecutor.runWorker(ThreadPoolExecutor.java:1134)
        at java.util.concurrent.ThreadPoolExecutor$Worker.run(ThreadPoolExecutor.java:624)
        at java.lang.Thread.run(Thread.java:750)
"BlockDeletingService#2" daemon prio=5 tid=1035 in Object.wait()
java.lang.Thread.State: WAITING (on object monitor)
        at sun.misc.Unsafe.park(Native Method)
        at java.util.concurrent.locks.LockSupport.park(LockSupport.java:175)
        at java.util.concurrent.locks.AbstractQueuedSynchronizer$ConditionObject.await(AbstractQueuedSynchronizer.java:2039)
        at java.util.concurrent.ScheduledThreadPoolExecutor$DelayedWorkQueue.take(ScheduledThreadPoolExecutor.java:1088)
        at java.util.concurrent.ScheduledThreadPoolExecutor$DelayedWorkQueue.take(ScheduledThreadPoolExecutor.java:809)
        at java.util.concurrent.ThreadPoolExecutor.getTask(ThreadPoolExecutor.java:1074)
        at java.util.concurrent.ThreadPoolExecutor.runWorker(ThreadPoolExecutor.java:1134)
        at java.util.concurrent.ThreadPoolExecutor$Worker.run(ThreadPoolExecutor.java:624)
        at java.lang.Thread.run(Thread.java:750)
"IPC Parameter Sending Thread #0" daemon prio=5 tid=113 timed_waiting
java.lang.Thread.State: TIMED_WAITING
        at sun.misc.Unsafe.park(Native Method)
        at java.util.concurrent.locks.LockSupport.parkNanos(LockSupport.java:215)
        at java.util.concurrent.SynchronousQueue$TransferStack.awaitFulfill(SynchronousQueue.java:460)
        at java.util.concurrent.SynchronousQueue$TransferStack.transfer(SynchronousQueue.java:362)
        at java.util.concurrent.SynchronousQueue.poll(SynchronousQueue.java:941)
        at java.util.concurrent.ThreadPoolExecutor.getTask(ThreadPoolExecutor.java:1073)
        at java.util.concurrent.ThreadPoolExecutor.runWorker(ThreadPoolExecutor.java:1134)
        at java.util.concurrent.ThreadPoolExecutor$Worker.run(ThreadPoolExecutor.java:624)
        at java.lang.Thread.run(Thread.java:750)
"Datanode ReportManager Thread - 3" daemon prio=5 tid=241 in Object.wait()
java.lang.Thread.State: WAITING (on object monitor)
        at sun.misc.Unsafe.park(Native Method)
        at java.util.concurrent.locks.LockSupport.park(LockSupport.java:175)
        at java.util.concurrent.locks.AbstractQueuedSynchronizer$ConditionObject.await(AbstractQueuedSynchronizer.java:2039)
        at java.util.concurrent.ScheduledThreadPoolExecutor$DelayedWorkQueue.take(ScheduledThreadPoolExecutor.java:1088)
        at java.util.concurrent.ScheduledThreadPoolExecutor$DelayedWorkQueue.take(ScheduledThreadPoolExecutor.java:809)
        at java.util.concurrent.ThreadPoolExecutor.getTask(ThreadPoolExecutor.java:1074)
        at java.util.concurrent.ThreadPoolExecutor.runWorker(ThreadPoolExecutor.java:1134)
        at java.util.concurrent.ThreadPoolExecutor$Worker.run(ThreadPoolExecutor.java:624)
        at java.lang.Thread.run(Thread.java:750)
"IPC Server Responder" daemon prio=5 tid=26 runnable
java.lang.Thread.State: RUNNABLE
        at sun.nio.ch.EPollArrayWrapper.epollWait(Native Method)
        at sun.nio.ch.EPollArrayWrapper.poll(EPollArrayWrapper.java:269)
        at sun.nio.ch.EPollSelectorImpl.doSelect(EPollSelectorImpl.java:93)
        at sun.nio.ch.SelectorImpl.lockAndDoSelect(SelectorImpl.java:86)
        at sun.nio.ch.SelectorImpl.select(SelectorImpl.java:97)
        at org.apache.hadoop.ipc.Server$Responder.doRunLoop(Server.java:1532)
        at org.apache.hadoop.ipc.Server$Responder.run(Server.java:1515)
"IPC Server Responder" daemon prio=5 tid=30 runnable
java.lang.Thread.State: RUNNABLE
        at sun.nio.ch.EPollArrayWrapper.epollWait(Native Method)
        at sun.nio.ch.EPollArrayWrapper.poll(EPollArrayWrapper.java:269)
        at sun.nio.ch.EPollSelectorImpl.doSelect(EPollSelectorImpl.java:93)
        at sun.nio.ch.SelectorImpl.lockAndDoSelect(SelectorImpl.java:86)
        at sun.nio.ch.SelectorImpl.select(SelectorImpl.java:97)
        at org.apache.hadoop.ipc.Server$Responder.doRunLoop(Server.java:1532)
        at org.apache.hadoop.ipc.Server$Responder.run(Server.java:1515)
"org.apache.hadoop.ozone.container.common.statemachine.commandhandler.DeleteBlocksCommandHandler$DeleteCmdWorker@4daf7de0" daemon prio=5 tid=369 timed_waiting
java.lang.Thread.State: TIMED_WAITING
        at java.lang.Thread.sleep(Native Method)
        at org.apache.hadoop.ozone.container.common.statemachine.commandhandler.DeleteBlocksCommandHandler$DeleteCmdWorker.run(DeleteBlocksCommandHandler.java:183)
        at java.lang.Thread.run(Thread.java:750)
"IPC Server handler 19 on default port 44657" daemon prio=5 tid=96 timed_waiting
java.lang.Thread.State: TIMED_WAITING
        at sun.misc.Unsafe.park(Native Method)
        at java.util.concurrent.locks.LockSupport.parkNanos(LockSupport.java:215)
        at java.util.concurrent.locks.AbstractQueuedSynchronizer$ConditionObject.awaitNanos(AbstractQueuedSynchronizer.java:2078)
        at java.util.concurrent.LinkedBlockingQueue.poll(LinkedBlockingQueue.java:467)
        at org.apache.hadoop.ipc.CallQueueManager.take(CallQueueManager.java:317)
        at org.apache.hadoop.ipc.Server$Handler.run(Server.java:2942)
"qtp957421054-258" daemon prio=5 tid=258 timed_waiting
java.lang.Thread.State: TIMED_WAITING
        at sun.misc.Unsafe.park(Native Method)
        at java.util.concurrent.locks.LockSupport.parkNanos(LockSupport.java:215)
        at java.util.concurrent.locks.AbstractQueuedSynchronizer$ConditionObject.awaitNanos(AbstractQueuedSynchronizer.java:2078)
        at org.eclipse.jetty.util.BlockingArrayQueue.poll(BlockingArrayQueue.java:382)
        at org.eclipse.jetty.util.thread.QueuedThreadPool$Runner.idleJobPoll(QueuedThreadPool.java:974)
        at org.eclipse.jetty.util.thread.QueuedThreadPool$Runner.run(QueuedThreadPool.java:1018)
        at java.lang.Thread.run(Thread.java:750)
"EndpointStateMachine task thread for /0.0.0.0:44657 - 0 "  prio=5 tid=535 in Object.wait()
java.lang.Thread.State: WAITING (on object monitor)
        at sun.misc.Unsafe.park(Native Method)
        at java.util.concurrent.locks.LockSupport.park(LockSupport.java:175)
        at java.util.concurrent.locks.AbstractQueuedSynchronizer$ConditionObject.await(AbstractQueuedSynchronizer.java:2039)
        at java.util.concurrent.LinkedBlockingQueue.take(LinkedBlockingQueue.java:442)
        at java.util.concurrent.ThreadPoolExecutor.getTask(ThreadPoolExecutor.java:1074)
        at java.util.concurrent.ThreadPoolExecutor.runWorker(ThreadPoolExecutor.java:1134)
        at java.util.concurrent.ThreadPoolExecutor$Worker.run(ThreadPoolExecutor.java:624)
        at java.lang.Thread.run(Thread.java:750)
"Datanode ReportManager Thread - 2" daemon prio=5 tid=357 in Object.wait()
java.lang.Thread.State: WAITING (on object monitor)
        at sun.misc.Unsafe.park(Native Method)
        at java.util.concurrent.locks.LockSupport.park(LockSupport.java:175)
        at java.util.concurrent.locks.AbstractQueuedSynchronizer$ConditionObject.await(AbstractQueuedSynchronizer.java:2039)
        at java.util.concurrent.ScheduledThreadPoolExecutor$DelayedWorkQueue.take(ScheduledThreadPoolExecutor.java:1088)
        at java.util.concurrent.ScheduledThreadPoolExecutor$DelayedWorkQueue.take(ScheduledThreadPoolExecutor.java:809)
        at java.util.concurrent.ThreadPoolExecutor.getTask(ThreadPoolExecutor.java:1074)
        at java.util.concurrent.ThreadPoolExecutor.runWorker(ThreadPoolExecutor.java:1134)
        at java.util.concurrent.ThreadPoolExecutor$Worker.run(ThreadPoolExecutor.java:624)
        at java.lang.Thread.run(Thread.java:750)
"IPC Server handler 13 on default port 44657" daemon prio=5 tid=90 timed_waiting
java.lang.Thread.State: TIMED_WAITING
        at sun.misc.Unsafe.park(Native Method)
        at java.util.concurrent.locks.LockSupport.parkNanos(LockSupport.java:215)
        at java.util.concurrent.locks.AbstractQueuedSynchronizer$ConditionObject.awaitNanos(AbstractQueuedSynchronizer.java:2078)
        at java.util.concurrent.LinkedBlockingQueue.poll(LinkedBlockingQueue.java:467)
        at org.apache.hadoop.ipc.CallQueueManager.take(CallQueueManager.java:317)
        at org.apache.hadoop.ipc.Server$Handler.run(Server.java:2942)
"IPC Server handler 2 on default port 43155" daemon prio=5 tid=39 timed_waiting
java.lang.Thread.State: TIMED_WAITING
        at sun.misc.Unsafe.park(Native Method)
        at java.util.concurrent.locks.LockSupport.parkNanos(LockSupport.java:215)
        at java.util.concurrent.locks.AbstractQueuedSynchronizer$ConditionObject.awaitNanos(AbstractQueuedSynchronizer.java:2078)
        at java.util.concurrent.LinkedBlockingQueue.poll(LinkedBlockingQueue.java:467)
        at org.apache.hadoop.ipc.CallQueueManager.take(CallQueueManager.java:317)
        at org.apache.hadoop.ipc.Server$Handler.run(Server.java:2942)
"qtp1327233716-136-acceptor-0@29e528e9-ServerConnector@6818550d{HTTP/1.1, (http/1.1)}{0.0.0.0:34719}" daemon prio=3 tid=136 runnable
java.lang.Thread.State: RUNNABLE
        at sun.nio.ch.ServerSocketChannelImpl.accept0(Native Method)
        at sun.nio.ch.ServerSocketChannelImpl.accept(ServerSocketChannelImpl.java:421)
        at sun.nio.ch.ServerSocketChannelImpl.accept(ServerSocketChannelImpl.java:249)
        at org.eclipse.jetty.server.ServerConnector.accept(ServerConnector.java:388)
        at org.eclipse.jetty.server.AbstractConnector$Acceptor.run(AbstractConnector.java:702)
        at org.eclipse.jetty.util.thread.QueuedThreadPool.runJob(QueuedThreadPool.java:883)
        at org.eclipse.jetty.util.thread.QueuedThreadPool$Runner.run(QueuedThreadPool.java:1034)
        at java.lang.Thread.run(Thread.java:750)
"PartialTableCache Cleanup Thread - 0" daemon prio=5 tid=754 in Object.wait()
java.lang.Thread.State: WAITING (on object monitor)
        at sun.misc.Unsafe.park(Native Method)
        at java.util.concurrent.locks.LockSupport.park(LockSupport.java:175)
        at java.util.concurrent.locks.AbstractQueuedSynchronizer$ConditionObject.await(AbstractQueuedSynchronizer.java:2039)
        at java.util.concurrent.LinkedBlockingQueue.take(LinkedBlockingQueue.java:442)
        at java.util.concurrent.ThreadPoolExecutor.getTask(ThreadPoolExecutor.java:1074)
        at java.util.concurrent.ThreadPoolExecutor.runWorker(ThreadPoolExecutor.java:1134)
        at java.util.concurrent.ThreadPoolExecutor$Worker.run(ThreadPoolExecutor.java:624)
        at java.lang.Thread.run(Thread.java:750)
"FixedThreadPoolWithAffinityExecutor-0-0" daemon prio=5 tid=502 in Object.wait()
java.lang.Thread.State: WAITING (on object monitor)
        at sun.misc.Unsafe.park(Native Method)
        at java.util.concurrent.locks.LockSupport.park(LockSupport.java:175)
        at java.util.concurrent.locks.AbstractQueuedSynchronizer$ConditionObject.await(AbstractQueuedSynchronizer.java:2039)
        at java.util.concurrent.LinkedBlockingDeque.takeFirst(LinkedBlockingDeque.java:492)
        at java.util.concurrent.LinkedBlockingDeque.take(LinkedBlockingDeque.java:680)
        at java.util.concurrent.ThreadPoolExecutor.getTask(ThreadPoolExecutor.java:1074)
        at java.util.concurrent.ThreadPoolExecutor.runWorker(ThreadPoolExecutor.java:1134)
        at java.util.concurrent.ThreadPoolExecutor$Worker.run(ThreadPoolExecutor.java:624)
        at java.lang.Thread.run(Thread.java:750)
"qtp1681627794-451" daemon prio=5 tid=451 timed_waiting
java.lang.Thread.State: TIMED_WAITING
        at sun.misc.Unsafe.park(Native Method)
        at java.util.concurrent.locks.LockSupport.parkNanos(LockSupport.java:215)
        at java.util.concurrent.locks.AbstractQueuedSynchronizer$ConditionObject.awaitNanos(AbstractQueuedSynchronizer.java:2078)
        at org.eclipse.jetty.util.BlockingArrayQueue.poll(BlockingArrayQueue.java:382)
        at org.eclipse.jetty.util.thread.QueuedThreadPool$Runner.idleJobPoll(QueuedThreadPool.java:974)
        at org.eclipse.jetty.util.thread.QueuedThreadPool$Runner.run(QueuedThreadPool.java:1018)
        at java.lang.Thread.run(Thread.java:750)
"qtp943804946-338" daemon prio=5 tid=338 timed_waiting
java.lang.Thread.State: TIMED_WAITING
        at sun.misc.Unsafe.park(Native Method)
        at java.util.concurrent.locks.LockSupport.parkNanos(LockSupport.java:215)
        at java.util.concurrent.locks.AbstractQueuedSynchronizer$ConditionObject.awaitNanos(AbstractQueuedSynchronizer.java:2078)
        at org.eclipse.jetty.util.BlockingArrayQueue.poll(BlockingArrayQueue.java:382)
        at org.eclipse.jetty.util.thread.QueuedThreadPool$Runner.idleJobPoll(QueuedThreadPool.java:974)
        at org.eclipse.jetty.util.thread.QueuedThreadPool$Runner.run(QueuedThreadPool.java:1018)
        at java.lang.Thread.run(Thread.java:750)
"pool-141-thread-1"  prio=5 tid=604 in Object.wait()
java.lang.Thread.State: WAITING (on object monitor)
        at sun.misc.Unsafe.park(Native Method)
        at java.util.concurrent.locks.LockSupport.park(LockSupport.java:175)
        at java.util.concurrent.locks.AbstractQueuedSynchronizer$ConditionObject.await(AbstractQueuedSynchronizer.java:2039)
        at java.util.concurrent.LinkedBlockingQueue.take(LinkedBlockingQueue.java:442)
        at java.util.concurrent.ThreadPoolExecutor.getTask(ThreadPoolExecutor.java:1074)
        at java.util.concurrent.ThreadPoolExecutor.runWorker(ThreadPoolExecutor.java:1134)
        at java.util.concurrent.ThreadPoolExecutor$Worker.run(ThreadPoolExecutor.java:624)
        at java.lang.Thread.run(Thread.java:750)
"Datanode ReportManager Thread - 4" daemon prio=5 tid=242 in Object.wait()
java.lang.Thread.State: WAITING (on object monitor)
        at sun.misc.Unsafe.park(Native Method)
        at java.util.concurrent.locks.LockSupport.park(LockSupport.java:175)
        at java.util.concurrent.locks.AbstractQueuedSynchronizer$ConditionObject.await(AbstractQueuedSynchronizer.java:2039)
        at java.util.concurrent.ScheduledThreadPoolExecutor$DelayedWorkQueue.take(ScheduledThreadPoolExecutor.java:1088)
        at java.util.concurrent.ScheduledThreadPoolExecutor$DelayedWorkQueue.take(ScheduledThreadPoolExecutor.java:809)
        at java.util.concurrent.ThreadPoolExecutor.getTask(ThreadPoolExecutor.java:1074)
        at java.util.concurrent.ThreadPoolExecutor.runWorker(ThreadPoolExecutor.java:1134)
        at java.util.concurrent.ThreadPoolExecutor$Worker.run(ThreadPoolExecutor.java:624)
        at java.lang.Thread.run(Thread.java:750)
"IPC Server handler 10 on default port 43155" daemon prio=5 tid=47 timed_waiting
java.lang.Thread.State: TIMED_WAITING
        at sun.misc.Unsafe.park(Native Method)
        at java.util.concurrent.locks.LockSupport.parkNanos(LockSupport.java:215)
        at java.util.concurrent.locks.AbstractQueuedSynchronizer$ConditionObject.awaitNanos(AbstractQueuedSynchronizer.java:2078)
        at java.util.concurrent.LinkedBlockingQueue.poll(LinkedBlockingQueue.java:467)
        at org.apache.hadoop.ipc.CallQueueManager.take(CallQueueManager.java:317)
        at org.apache.hadoop.ipc.Server$Handler.run(Server.java:2942)
"8f71354a-19e6-4be6-b89a-dd2f0292058a-server-thread1" daemon prio=5 tid=911 timed_waiting
java.lang.Thread.State: TIMED_WAITING
        at sun.misc.Unsafe.park(Native Method)
        at java.util.concurrent.locks.LockSupport.parkNanos(LockSupport.java:215)
        at java.util.concurrent.SynchronousQueue$TransferStack.awaitFulfill(SynchronousQueue.java:460)
        at java.util.concurrent.SynchronousQueue$TransferStack.transfer(SynchronousQueue.java:362)
        at java.util.concurrent.SynchronousQueue.poll(SynchronousQueue.java:941)
        at java.util.concurrent.ThreadPoolExecutor.getTask(ThreadPoolExecutor.java:1073)
        at java.util.concurrent.ThreadPoolExecutor.runWorker(ThreadPoolExecutor.java:1134)
        at java.util.concurrent.ThreadPoolExecutor$Worker.run(ThreadPoolExecutor.java:624)
        at java.lang.Thread.run(Thread.java:750)
"grpc-default-worker-ELG-3-2" daemon prio=5 tid=571 runnable
java.lang.Thread.State: RUNNABLE
        at org.apache.ratis.thirdparty.io.netty.channel.epoll.Native.epollWait(Native Method)
        at org.apache.ratis.thirdparty.io.netty.channel.epoll.Native.epollWait(Native.java:193)
        at org.apache.ratis.thirdparty.io.netty.channel.epoll.Native.epollWait(Native.java:186)
        at org.apache.ratis.thirdparty.io.netty.channel.epoll.EpollEventLoop.epollWaitNoTimerChange(EpollEventLoop.java:290)
        at org.apache.ratis.thirdparty.io.netty.channel.epoll.EpollEventLoop.run(EpollEventLoop.java:347)
        at org.apache.ratis.thirdparty.io.netty.util.concurrent.SingleThreadEventExecutor$4.run(SingleThreadEventExecutor.java:986)
        at org.apache.ratis.thirdparty.io.netty.util.internal.ThreadExecutorMap$2.run(ThreadExecutorMap.java:74)
        at org.apache.ratis.thirdparty.io.netty.util.concurrent.FastThreadLocalRunnable.run(FastThreadLocalRunnable.java:30)
        at java.lang.Thread.run(Thread.java:750)
"om1@group-C5BA1605619E-LeaderStateImpl" daemon prio=5 tid=210 timed_waiting
java.lang.Thread.State: TIMED_WAITING
        at sun.misc.Unsafe.park(Native Method)
        at java.util.concurrent.locks.LockSupport.parkNanos(LockSupport.java:215)
        at java.util.concurrent.locks.AbstractQueuedSynchronizer$ConditionObject.awaitNanos(AbstractQueuedSynchronizer.java:2078)
        at java.util.concurrent.ArrayBlockingQueue.poll(ArrayBlockingQueue.java:418)
        at org.apache.ratis.server.impl.LeaderStateImpl$EventQueue.poll(LeaderStateImpl.java:159)
        at org.apache.ratis.server.impl.LeaderStateImpl$EventProcessor.run(LeaderStateImpl.java:630)
"qtp2129898017-107" daemon prio=5 tid=107 timed_waiting
java.lang.Thread.State: TIMED_WAITING
        at sun.misc.Unsafe.park(Native Method)
        at java.util.concurrent.locks.LockSupport.parkNanos(LockSupport.java:215)
        at java.util.concurrent.locks.AbstractQueuedSynchronizer$ConditionObject.awaitNanos(AbstractQueuedSynchronizer.java:2078)
        at org.eclipse.jetty.util.BlockingArrayQueue.poll(BlockingArrayQueue.java:382)
        at org.eclipse.jetty.util.thread.QueuedThreadPool$Runner.idleJobPoll(QueuedThreadPool.java:974)
        at org.eclipse.jetty.util.thread.QueuedThreadPool$Runner.run(QueuedThreadPool.java:1018)
        at java.lang.Thread.run(Thread.java:750)
"Datanode State Machine Task Thread - 1"  prio=5 tid=427 in Object.wait()
java.lang.Thread.State: WAITING (on object monitor)
        at sun.misc.Unsafe.park(Native Method)
        at java.util.concurrent.locks.LockSupport.park(LockSupport.java:175)
        at java.util.concurrent.locks.AbstractQueuedSynchronizer$ConditionObject.await(AbstractQueuedSynchronizer.java:2039)
        at java.util.concurrent.LinkedBlockingQueue.take(LinkedBlockingQueue.java:442)
        at java.util.concurrent.ThreadPoolExecutor.getTask(ThreadPoolExecutor.java:1074)
        at java.util.concurrent.ThreadPoolExecutor.runWorker(ThreadPoolExecutor.java:1134)
        at java.util.concurrent.ThreadPoolExecutor$Worker.run(ThreadPoolExecutor.java:624)
        at java.lang.Thread.run(Thread.java:750)
"IPC Server handler 1 on default port 44657" daemon prio=5 tid=78 timed_waiting
java.lang.Thread.State: TIMED_WAITING
        at sun.misc.Unsafe.park(Native Method)
        at java.util.concurrent.locks.LockSupport.parkNanos(LockSupport.java:215)
        at java.util.concurrent.locks.AbstractQueuedSynchronizer$ConditionObject.awaitNanos(AbstractQueuedSynchronizer.java:2078)
        at java.util.concurrent.LinkedBlockingQueue.poll(LinkedBlockingQueue.java:467)
        at org.apache.hadoop.ipc.CallQueueManager.take(CallQueueManager.java:317)
        at org.apache.hadoop.ipc.Server$Handler.run(Server.java:2942)
"IPC Server handler 7 on default port 43155" daemon prio=5 tid=44 timed_waiting
java.lang.Thread.State: TIMED_WAITING
        at sun.misc.Unsafe.park(Native Method)
        at java.util.concurrent.locks.LockSupport.parkNanos(LockSupport.java:215)
        at java.util.concurrent.locks.AbstractQueuedSynchronizer$ConditionObject.awaitNanos(AbstractQueuedSynchronizer.java:2078)
        at java.util.concurrent.LinkedBlockingQueue.poll(LinkedBlockingQueue.java:467)
        at org.apache.hadoop.ipc.CallQueueManager.take(CallQueueManager.java:317)
        at org.apache.hadoop.ipc.Server$Handler.run(Server.java:2942)
"febd5d2c-72de-44b7-b010-e5e9acc30848@group-8519467A4E06-SegmentedRaftLogWorker"  prio=5 tid=669 timed_waiting
java.lang.Thread.State: TIMED_WAITING
        at sun.misc.Unsafe.park(Native Method)
        at java.util.concurrent.locks.LockSupport.parkNanos(LockSupport.java:215)
        at java.util.concurrent.locks.AbstractQueuedSynchronizer$ConditionObject.awaitNanos(AbstractQueuedSynchronizer.java:2078)
        at org.apache.ratis.util.DataBlockingQueue.poll(DataBlockingQueue.java:148)
        at org.apache.ratis.server.raftlog.segmented.SegmentedRaftLogWorker.run(SegmentedRaftLogWorker.java:301)
        at org.apache.ratis.server.raftlog.segmented.SegmentedRaftLogWorker$$Lambda$612/1848693335.run(Unknown Source)
        at java.lang.Thread.run(Thread.java:750)
"Datanode ReportManager Thread - 2" daemon prio=5 tid=186 in Object.wait()
java.lang.Thread.State: WAITING (on object monitor)
        at sun.misc.Unsafe.park(Native Method)
        at java.util.concurrent.locks.LockSupport.park(LockSupport.java:175)
        at java.util.concurrent.locks.AbstractQueuedSynchronizer$ConditionObject.await(AbstractQueuedSynchronizer.java:2039)
        at java.util.concurrent.ScheduledThreadPoolExecutor$DelayedWorkQueue.take(ScheduledThreadPoolExecutor.java:1088)
        at java.util.concurrent.ScheduledThreadPoolExecutor$DelayedWorkQueue.take(ScheduledThreadPoolExecutor.java:809)
        at java.util.concurrent.ThreadPoolExecutor.getTask(ThreadPoolExecutor.java:1074)
        at java.util.concurrent.ThreadPoolExecutor.runWorker(ThreadPoolExecutor.java:1134)
        at java.util.concurrent.ThreadPoolExecutor$Worker.run(ThreadPoolExecutor.java:624)
        at java.lang.Thread.run(Thread.java:750)
"cc783127-5661-4bf3-9a81-5237862e92f6@group-669F9DCBA326-SegmentedRaftLogWorker"  prio=5 tid=632 timed_waiting
java.lang.Thread.State: TIMED_WAITING
        at sun.misc.Unsafe.park(Native Method)
        at java.util.concurrent.locks.LockSupport.parkNanos(LockSupport.java:215)
        at java.util.concurrent.locks.AbstractQueuedSynchronizer$ConditionObject.awaitNanos(AbstractQueuedSynchronizer.java:2078)
        at org.apache.ratis.util.DataBlockingQueue.poll(DataBlockingQueue.java:148)
        at org.apache.ratis.server.raftlog.segmented.SegmentedRaftLogWorker.run(SegmentedRaftLogWorker.java:301)
        at org.apache.ratis.server.raftlog.segmented.SegmentedRaftLogWorker$$Lambda$612/1848693335.run(Unknown Source)
        at java.lang.Thread.run(Thread.java:750)
"IPC Server handler 17 on default port 33933" daemon prio=5 tid=161 timed_waiting
java.lang.Thread.State: TIMED_WAITING
        at sun.misc.Unsafe.park(Native Method)
        at java.util.concurrent.locks.LockSupport.parkNanos(LockSupport.java:215)
        at java.util.concurrent.locks.AbstractQueuedSynchronizer$ConditionObject.awaitNanos(AbstractQueuedSynchronizer.java:2078)
        at java.util.concurrent.LinkedBlockingQueue.poll(LinkedBlockingQueue.java:467)
        at org.apache.hadoop.ipc.CallQueueManager.take(CallQueueManager.java:317)
        at org.apache.hadoop.ipc.Server$Handler.run(Server.java:2942)
"qtp2129898017-105" daemon prio=5 tid=105 timed_waiting
java.lang.Thread.State: TIMED_WAITING
        at sun.misc.Unsafe.park(Native Method)
        at java.util.concurrent.locks.LockSupport.parkNanos(LockSupport.java:215)
        at java.util.concurrent.locks.AbstractQueuedSynchronizer$ConditionObject.awaitNanos(AbstractQueuedSynchronizer.java:2078)
        at org.eclipse.jetty.util.BlockingArrayQueue.poll(BlockingArrayQueue.java:382)
        at org.eclipse.jetty.util.thread.QueuedThreadPool$Runner.idleJobPoll(QueuedThreadPool.java:974)
        at org.eclipse.jetty.util.thread.QueuedThreadPool$Runner.run(QueuedThreadPool.java:1018)
        at java.lang.Thread.run(Thread.java:750)
"ChunkWriter-0-0" daemon prio=5 tid=524 in Object.wait()
java.lang.Thread.State: WAITING (on object monitor)
        at sun.misc.Unsafe.park(Native Method)
        at java.util.concurrent.locks.LockSupport.park(LockSupport.java:175)
        at java.util.concurrent.locks.AbstractQueuedSynchronizer$ConditionObject.await(AbstractQueuedSynchronizer.java:2039)
        at java.util.concurrent.LinkedBlockingDeque.takeFirst(LinkedBlockingDeque.java:492)
        at java.util.concurrent.LinkedBlockingDeque.take(LinkedBlockingDeque.java:680)
        at java.util.concurrent.ThreadPoolExecutor.getTask(ThreadPoolExecutor.java:1074)
        at java.util.concurrent.ThreadPoolExecutor.runWorker(ThreadPoolExecutor.java:1134)
        at java.util.concurrent.ThreadPoolExecutor$Worker.run(ThreadPoolExecutor.java:624)
        at java.lang.Thread.run(Thread.java:750)
"qtp1681627794-447" daemon prio=5 tid=447 runnable
java.lang.Thread.State: RUNNABLE
        at sun.nio.ch.EPollArrayWrapper.epollWait(Native Method)
        at sun.nio.ch.EPollArrayWrapper.poll(EPollArrayWrapper.java:269)
        at sun.nio.ch.EPollSelectorImpl.doSelect(EPollSelectorImpl.java:93)
        at sun.nio.ch.SelectorImpl.lockAndDoSelect(SelectorImpl.java:86)
        at sun.nio.ch.SelectorImpl.select(SelectorImpl.java:97)
        at sun.nio.ch.SelectorImpl.select(SelectorImpl.java:101)
        at org.eclipse.jetty.io.ManagedSelector.nioSelect(ManagedSelector.java:183)
        at org.eclipse.jetty.io.ManagedSelector.select(ManagedSelector.java:190)
        at org.eclipse.jetty.io.ManagedSelector$SelectorProducer.select(ManagedSelector.java:606)
        at org.eclipse.jetty.io.ManagedSelector$SelectorProducer.produce(ManagedSelector.java:543)
        at org.eclipse.jetty.util.thread.strategy.EatWhatYouKill.produceTask(EatWhatYouKill.java:362)
        at org.eclipse.jetty.util.thread.strategy.EatWhatYouKill.doProduce(EatWhatYouKill.java:186)
        at org.eclipse.jetty.util.thread.strategy.EatWhatYouKill.tryProduce(EatWhatYouKill.java:173)
        at org.eclipse.jetty.util.thread.strategy.EatWhatYouKill.produce(EatWhatYouKill.java:137)
        at org.eclipse.jetty.io.ManagedSelector$$Lambda$444/1480051614.run(Unknown Source)
        at org.eclipse.jetty.util.thread.QueuedThreadPool.runJob(QueuedThreadPool.java:883)
        at org.eclipse.jetty.util.thread.QueuedThreadPool$Runner.run(QueuedThreadPool.java:1034)
        at java.lang.Thread.run(Thread.java:750)
"ChunkWriter-2-0" daemon prio=5 tid=550 in Object.wait()
java.lang.Thread.State: WAITING (on object monitor)
        at sun.misc.Unsafe.park(Native Method)
        at java.util.concurrent.locks.LockSupport.park(LockSupport.java:175)
        at java.util.concurrent.locks.AbstractQueuedSynchronizer$ConditionObject.await(AbstractQueuedSynchronizer.java:2039)
        at java.util.concurrent.LinkedBlockingDeque.takeFirst(LinkedBlockingDeque.java:492)
        at java.util.concurrent.LinkedBlockingDeque.take(LinkedBlockingDeque.java:680)
        at java.util.concurrent.ThreadPoolExecutor.getTask(ThreadPoolExecutor.java:1074)
        at java.util.concurrent.ThreadPoolExecutor.runWorker(ThreadPoolExecutor.java:1134)
        at java.util.concurrent.ThreadPoolExecutor$Worker.run(ThreadPoolExecutor.java:624)
        at java.lang.Thread.run(Thread.java:750)
"BlockDeletingService#1" daemon prio=5 tid=499 timed_waiting
java.lang.Thread.State: TIMED_WAITING
        at sun.misc.Unsafe.park(Native Method)
        at java.util.concurrent.locks.LockSupport.parkNanos(LockSupport.java:215)
        at java.util.concurrent.locks.AbstractQueuedSynchronizer$ConditionObject.awaitNanos(AbstractQueuedSynchronizer.java:2078)
        at java.util.concurrent.ScheduledThreadPoolExecutor$DelayedWorkQueue.take(ScheduledThreadPoolExecutor.java:1093)
        at java.util.concurrent.ScheduledThreadPoolExecutor$DelayedWorkQueue.take(ScheduledThreadPoolExecutor.java:809)
        at java.util.concurrent.ThreadPoolExecutor.getTask(ThreadPoolExecutor.java:1074)
        at java.util.concurrent.ThreadPoolExecutor.runWorker(ThreadPoolExecutor.java:1134)
        at java.util.concurrent.ThreadPoolExecutor$Worker.run(ThreadPoolExecutor.java:624)
        at java.lang.Thread.run(Thread.java:750)
"Datanode State Machine Daemon Thread" daemon prio=5 tid=237 timed_waiting
java.lang.Thread.State: TIMED_WAITING
        at java.lang.Thread.sleep(Native Method)
        at org.apache.hadoop.ozone.container.common.statemachine.DatanodeStateMachine.startStateMachineThread(DatanodeStateMachine.java:313)
        at org.apache.hadoop.ozone.container.common.statemachine.DatanodeStateMachine.lambda$startDaemon$0(DatanodeStateMachine.java:493)
        at org.apache.hadoop.ozone.container.common.statemachine.DatanodeStateMachine$$Lambda$727/1943859930.run(Unknown Source)
        at java.lang.Thread.run(Thread.java:750)
"44dad4d2-9f73-4874-a36a-585ee387199d@group-CA13F6D37BB1-StateMachineUpdater" daemon prio=5 tid=643 timed_waiting
java.lang.Thread.State: TIMED_WAITING
        at sun.misc.Unsafe.park(Native Method)
        at java.util.concurrent.locks.LockSupport.parkNanos(LockSupport.java:215)
        at java.util.concurrent.CompletableFuture$Signaller.block(CompletableFuture.java:1709)
        at java.util.concurrent.ForkJoinPool.managedBlock(ForkJoinPool.java:3323)
        at java.util.concurrent.CompletableFuture.timedGet(CompletableFuture.java:1788)
        at java.util.concurrent.CompletableFuture.get(CompletableFuture.java:1928)
        at org.apache.ratis.util.AwaitForSignal.await(AwaitForSignal.java:56)
        at org.apache.ratis.server.impl.StateMachineUpdater.waitForCommit(StateMachineUpdater.java:207)
        at org.apache.ratis.server.impl.StateMachineUpdater.run(StateMachineUpdater.java:176)
        at java.lang.Thread.run(Thread.java:750)
"StaleRecoveringContainerScrubbingService#0" daemon prio=5 tid=517 in Object.wait()
java.lang.Thread.State: WAITING (on object monitor)
        at sun.misc.Unsafe.park(Native Method)
        at java.util.concurrent.locks.LockSupport.park(LockSupport.java:175)
        at java.util.concurrent.locks.AbstractQueuedSynchronizer$ConditionObject.await(AbstractQueuedSynchronizer.java:2039)
        at java.util.concurrent.ScheduledThreadPoolExecutor$DelayedWorkQueue.take(ScheduledThreadPoolExecutor.java:1088)
        at java.util.concurrent.ScheduledThreadPoolExecutor$DelayedWorkQueue.take(ScheduledThreadPoolExecutor.java:809)
        at java.util.concurrent.ThreadPoolExecutor.getTask(ThreadPoolExecutor.java:1074)
        at java.util.concurrent.ThreadPoolExecutor.runWorker(ThreadPoolExecutor.java:1134)
        at java.util.concurrent.ThreadPoolExecutor$Worker.run(ThreadPoolExecutor.java:624)
        at java.lang.Thread.run(Thread.java:750)
"Socket Reader #1 for port 0"  prio=5 tid=123 runnable
java.lang.Thread.State: RUNNABLE
        at sun.nio.ch.EPollArrayWrapper.epollWait(Native Method)
        at sun.nio.ch.EPollArrayWrapper.poll(EPollArrayWrapper.java:269)
        at sun.nio.ch.EPollSelectorImpl.doSelect(EPollSelectorImpl.java:93)
        at sun.nio.ch.SelectorImpl.lockAndDoSelect(SelectorImpl.java:86)
        at sun.nio.ch.SelectorImpl.select(SelectorImpl.java:97)
        at sun.nio.ch.SelectorImpl.select(SelectorImpl.java:101)
        at org.apache.hadoop.ipc.Server$Listener$Reader.doRunLoop(Server.java:1296)
        at org.apache.hadoop.ipc.Server$Listener$Reader.run(Server.java:1275)
"8f71354a-19e6-4be6-b89a-dd2f0292058a@group-84E26D0679BC-StateMachineUpdater" daemon prio=5 tid=659 timed_waiting
java.lang.Thread.State: TIMED_WAITING
        at sun.misc.Unsafe.park(Native Method)
        at java.util.concurrent.locks.LockSupport.parkNanos(LockSupport.java:215)
        at java.util.concurrent.CompletableFuture$Signaller.block(CompletableFuture.java:1709)
        at java.util.concurrent.ForkJoinPool.managedBlock(ForkJoinPool.java:3323)
        at java.util.concurrent.CompletableFuture.timedGet(CompletableFuture.java:1788)
        at java.util.concurrent.CompletableFuture.get(CompletableFuture.java:1928)
        at org.apache.ratis.util.AwaitForSignal.await(AwaitForSignal.java:56)
        at org.apache.ratis.server.impl.StateMachineUpdater.waitForCommit(StateMachineUpdater.java:207)
        at org.apache.ratis.server.impl.StateMachineUpdater.run(StateMachineUpdater.java:176)
        at java.lang.Thread.run(Thread.java:750)
"1c12248a-391b-407f-adc5-34f451ebab0a@group-B894F0B42BE3-SegmentedRaftLogWorker"  prio=5 tid=605 timed_waiting
java.lang.Thread.State: TIMED_WAITING
        at sun.misc.Unsafe.park(Native Method)
        at java.util.concurrent.locks.LockSupport.parkNanos(LockSupport.java:215)
        at java.util.concurrent.locks.AbstractQueuedSynchronizer$ConditionObject.awaitNanos(AbstractQueuedSynchronizer.java:2078)
        at org.apache.ratis.util.DataBlockingQueue.poll(DataBlockingQueue.java:148)
        at org.apache.ratis.server.raftlog.segmented.SegmentedRaftLogWorker.run(SegmentedRaftLogWorker.java:301)
        at org.apache.ratis.server.raftlog.segmented.SegmentedRaftLogWorker$$Lambda$612/1848693335.run(Unknown Source)
        at java.lang.Thread.run(Thread.java:750)
"Datanode ReportManager Thread - 2" daemon prio=5 tid=318 in Object.wait()
java.lang.Thread.State: WAITING (on object monitor)
        at sun.misc.Unsafe.park(Native Method)
        at java.util.concurrent.locks.LockSupport.park(LockSupport.java:175)
        at java.util.concurrent.locks.AbstractQueuedSynchronizer$ConditionObject.await(AbstractQueuedSynchronizer.java:2039)
        at java.util.concurrent.ScheduledThreadPoolExecutor$DelayedWorkQueue.take(ScheduledThreadPoolExecutor.java:1088)
        at java.util.concurrent.ScheduledThreadPoolExecutor$DelayedWorkQueue.take(ScheduledThreadPoolExecutor.java:809)
        at java.util.concurrent.ThreadPoolExecutor.getTask(ThreadPoolExecutor.java:1074)
        at java.util.concurrent.ThreadPoolExecutor.runWorker(ThreadPoolExecutor.java:1134)
        at java.util.concurrent.ThreadPoolExecutor$Worker.run(ThreadPoolExecutor.java:624)
        at java.lang.Thread.run(Thread.java:750)
"PartialTableCache Cleanup Thread - 0" daemon prio=5 tid=786 in Object.wait()
java.lang.Thread.State: WAITING (on object monitor)
        at sun.misc.Unsafe.park(Native Method)
        at java.util.concurrent.locks.LockSupport.park(LockSupport.java:175)
        at java.util.concurrent.locks.AbstractQueuedSynchronizer$ConditionObject.await(AbstractQueuedSynchronizer.java:2039)
        at java.util.concurrent.LinkedBlockingQueue.take(LinkedBlockingQueue.java:442)
        at java.util.concurrent.ThreadPoolExecutor.getTask(ThreadPoolExecutor.java:1074)
        at java.util.concurrent.ThreadPoolExecutor.runWorker(ThreadPoolExecutor.java:1134)
        at java.util.concurrent.ThreadPoolExecutor$Worker.run(ThreadPoolExecutor.java:624)
        at java.lang.Thread.run(Thread.java:750)
"1c12248a-391b-407f-adc5-34f451ebab0a@group-B894F0B42BE3-LeaderStateImpl" daemon prio=5 tid=715 timed_waiting
java.lang.Thread.State: TIMED_WAITING
        at sun.misc.Unsafe.park(Native Method)
        at java.util.concurrent.locks.LockSupport.parkNanos(LockSupport.java:215)
        at java.util.concurrent.locks.AbstractQueuedSynchronizer$ConditionObject.awaitNanos(AbstractQueuedSynchronizer.java:2078)
        at java.util.concurrent.ArrayBlockingQueue.poll(ArrayBlockingQueue.java:418)
        at org.apache.ratis.server.impl.LeaderStateImpl$EventQueue.poll(LeaderStateImpl.java:159)
        at org.apache.ratis.server.impl.LeaderStateImpl$EventProcessor.run(LeaderStateImpl.java:630)
"febd5d2c-72de-44b7-b010-e5e9acc30848@group-84E26D0679BC-StateMachineUpdater" daemon prio=5 tid=663 timed_waiting
java.lang.Thread.State: TIMED_WAITING
        at sun.misc.Unsafe.park(Native Method)
        at java.util.concurrent.locks.LockSupport.parkNanos(LockSupport.java:215)
        at java.util.concurrent.CompletableFuture$Signaller.block(CompletableFuture.java:1709)
        at java.util.concurrent.ForkJoinPool.managedBlock(ForkJoinPool.java:3323)
        at java.util.concurrent.CompletableFuture.timedGet(CompletableFuture.java:1788)
        at java.util.concurrent.CompletableFuture.get(CompletableFuture.java:1928)
        at org.apache.ratis.util.AwaitForSignal.await(AwaitForSignal.java:56)
        at org.apache.ratis.server.impl.StateMachineUpdater.waitForCommit(StateMachineUpdater.java:207)
        at org.apache.ratis.server.impl.StateMachineUpdater.run(StateMachineUpdater.java:176)
        at java.lang.Thread.run(Thread.java:750)
"qtp760288966-374" daemon prio=5 tid=374 timed_waiting
java.lang.Thread.State: TIMED_WAITING
        at sun.misc.Unsafe.park(Native Method)
        at java.util.concurrent.locks.LockSupport.parkNanos(LockSupport.java:215)
        at java.util.concurrent.locks.AbstractQueuedSynchronizer$ConditionObject.awaitNanos(AbstractQueuedSynchronizer.java:2078)
        at org.eclipse.jetty.util.BlockingArrayQueue.poll(BlockingArrayQueue.java:382)
        at org.eclipse.jetty.util.thread.QueuedThreadPool$Runner.idleJobPoll(QueuedThreadPool.java:974)
        at org.eclipse.jetty.util.thread.QueuedThreadPool$Runner.run(QueuedThreadPool.java:1018)
        at java.lang.Thread.run(Thread.java:750)
"qtp943804946-335" daemon prio=5 tid=335 timed_waiting
java.lang.Thread.State: TIMED_WAITING
        at sun.misc.Unsafe.park(Native Method)
        at java.util.concurrent.locks.LockSupport.parkNanos(LockSupport.java:215)
        at java.util.concurrent.locks.AbstractQueuedSynchronizer$ConditionObject.awaitNanos(AbstractQueuedSynchronizer.java:2078)
        at org.eclipse.jetty.util.BlockingArrayQueue.poll(BlockingArrayQueue.java:382)
        at org.eclipse.jetty.util.thread.QueuedThreadPool$Runner.idleJobPoll(QueuedThreadPool.java:974)
        at org.eclipse.jetty.util.thread.QueuedThreadPool$Runner.run(QueuedThreadPool.java:1018)
        at java.lang.Thread.run(Thread.java:750)
"BlockDeletingService#2" daemon prio=5 tid=1025 in Object.wait()
java.lang.Thread.State: WAITING (on object monitor)
        at sun.misc.Unsafe.park(Native Method)
        at java.util.concurrent.locks.LockSupport.park(LockSupport.java:175)
        at java.util.concurrent.locks.AbstractQueuedSynchronizer$ConditionObject.await(AbstractQueuedSynchronizer.java:2039)
        at java.util.concurrent.ScheduledThreadPoolExecutor$DelayedWorkQueue.take(ScheduledThreadPoolExecutor.java:1088)
        at java.util.concurrent.ScheduledThreadPoolExecutor$DelayedWorkQueue.take(ScheduledThreadPoolExecutor.java:809)
        at java.util.concurrent.ThreadPoolExecutor.getTask(ThreadPoolExecutor.java:1074)
        at java.util.concurrent.ThreadPoolExecutor.runWorker(ThreadPoolExecutor.java:1134)
        at java.util.concurrent.ThreadPoolExecutor$Worker.run(ThreadPoolExecutor.java:624)
        at java.lang.Thread.run(Thread.java:750)
"StaleRecoveringContainerScrubbingService#1" daemon prio=5 tid=519 timed_waiting
java.lang.Thread.State: TIMED_WAITING
        at sun.misc.Unsafe.park(Native Method)
        at java.util.concurrent.locks.LockSupport.parkNanos(LockSupport.java:215)
        at java.util.concurrent.locks.AbstractQueuedSynchronizer$ConditionObject.awaitNanos(AbstractQueuedSynchronizer.java:2078)
        at java.util.concurrent.ScheduledThreadPoolExecutor$DelayedWorkQueue.take(ScheduledThreadPoolExecutor.java:1093)
        at java.util.concurrent.ScheduledThreadPoolExecutor$DelayedWorkQueue.take(ScheduledThreadPoolExecutor.java:809)
        at java.util.concurrent.ThreadPoolExecutor.getTask(ThreadPoolExecutor.java:1074)
        at java.util.concurrent.ThreadPoolExecutor.runWorker(ThreadPoolExecutor.java:1134)
        at java.util.concurrent.ThreadPoolExecutor$Worker.run(ThreadPoolExecutor.java:624)
        at java.lang.Thread.run(Thread.java:750)
"StaleRecoveringContainerScrubbingService#0" daemon prio=5 tid=555 in Object.wait()
java.lang.Thread.State: WAITING (on object monitor)
        at sun.misc.Unsafe.park(Native Method)
        at java.util.concurrent.locks.LockSupport.park(LockSupport.java:175)
        at java.util.concurrent.locks.AbstractQueuedSynchronizer$ConditionObject.await(AbstractQueuedSynchronizer.java:2039)
        at java.util.concurrent.ScheduledThreadPoolExecutor$DelayedWorkQueue.take(ScheduledThreadPoolExecutor.java:1088)
        at java.util.concurrent.ScheduledThreadPoolExecutor$DelayedWorkQueue.take(ScheduledThreadPoolExecutor.java:809)
        at java.util.concurrent.ThreadPoolExecutor.getTask(ThreadPoolExecutor.java:1074)
        at java.util.concurrent.ThreadPoolExecutor.runWorker(ThreadPoolExecutor.java:1134)
        at java.util.concurrent.ThreadPoolExecutor$Worker.run(ThreadPoolExecutor.java:624)
        at java.lang.Thread.run(Thread.java:750)
"EventQueue-CommandQueueReportForCommandQueueReportHandler" daemon prio=5 tid=560 in Object.wait()
java.lang.Thread.State: WAITING (on object monitor)
        at sun.misc.Unsafe.park(Native Method)
        at java.util.concurrent.locks.LockSupport.park(LockSupport.java:175)
        at java.util.concurrent.locks.AbstractQueuedSynchronizer$ConditionObject.await(AbstractQueuedSynchronizer.java:2039)
        at java.util.concurrent.LinkedBlockingQueue.take(LinkedBlockingQueue.java:442)
        at java.util.concurrent.ThreadPoolExecutor.getTask(ThreadPoolExecutor.java:1074)
        at java.util.concurrent.ThreadPoolExecutor.runWorker(ThreadPoolExecutor.java:1134)
        at java.util.concurrent.ThreadPoolExecutor$Worker.run(ThreadPoolExecutor.java:624)
        at java.lang.Thread.run(Thread.java:750)
"Datanode State Machine Task Thread - 1"  prio=5 tid=489 in Object.wait()
java.lang.Thread.State: WAITING (on object monitor)
        at sun.misc.Unsafe.park(Native Method)
        at java.util.concurrent.locks.LockSupport.park(LockSupport.java:175)
        at java.util.concurrent.locks.AbstractQueuedSynchronizer$ConditionObject.await(AbstractQueuedSynchronizer.java:2039)
        at java.util.concurrent.LinkedBlockingQueue.take(LinkedBlockingQueue.java:442)
        at java.util.concurrent.ThreadPoolExecutor.getTask(ThreadPoolExecutor.java:1074)
        at java.util.concurrent.ThreadPoolExecutor.runWorker(ThreadPoolExecutor.java:1134)
        at java.util.concurrent.ThreadPoolExecutor$Worker.run(ThreadPoolExecutor.java:624)
        at java.lang.Thread.run(Thread.java:750)
"Command processor thread" daemon prio=5 tid=295 timed_waiting
java.lang.Thread.State: TIMED_WAITING
        at java.lang.Thread.sleep(Native Method)
        at org.apache.hadoop.ozone.container.common.statemachine.DatanodeStateMachine.lambda$initCommandHandlerThread$3(DatanodeStateMachine.java:628)
        at org.apache.hadoop.ozone.container.common.statemachine.DatanodeStateMachine$$Lambda$729/728676909.run(Unknown Source)
        at java.lang.Thread.run(Thread.java:750)
"IPC Server handler 18 on default port 35271" daemon prio=5 tid=75 timed_waiting
java.lang.Thread.State: TIMED_WAITING
        at sun.misc.Unsafe.park(Native Method)
        at java.util.concurrent.locks.LockSupport.parkNanos(LockSupport.java:215)
        at java.util.concurrent.locks.AbstractQueuedSynchronizer$ConditionObject.awaitNanos(AbstractQueuedSynchronizer.java:2078)
        at java.util.concurrent.LinkedBlockingQueue.poll(LinkedBlockingQueue.java:467)
        at org.apache.hadoop.ipc.CallQueueManager.take(CallQueueManager.java:317)
        at org.apache.hadoop.ipc.Server$Handler.run(Server.java:2942)
"qtp957421054-254" daemon prio=5 tid=254 runnable
java.lang.Thread.State: RUNNABLE
        at sun.nio.ch.EPollArrayWrapper.epollWait(Native Method)
        at sun.nio.ch.EPollArrayWrapper.poll(EPollArrayWrapper.java:269)
        at sun.nio.ch.EPollSelectorImpl.doSelect(EPollSelectorImpl.java:93)
        at sun.nio.ch.SelectorImpl.lockAndDoSelect(SelectorImpl.java:86)
        at sun.nio.ch.SelectorImpl.select(SelectorImpl.java:97)
        at sun.nio.ch.SelectorImpl.select(SelectorImpl.java:101)
        at org.eclipse.jetty.io.ManagedSelector.nioSelect(ManagedSelector.java:183)
        at org.eclipse.jetty.io.ManagedSelector.select(ManagedSelector.java:190)
        at org.eclipse.jetty.io.ManagedSelector$SelectorProducer.select(ManagedSelector.java:606)
        at org.eclipse.jetty.io.ManagedSelector$SelectorProducer.produce(ManagedSelector.java:543)
        at org.eclipse.jetty.util.thread.strategy.EatWhatYouKill.produceTask(EatWhatYouKill.java:362)
        at org.eclipse.jetty.util.thread.strategy.EatWhatYouKill.doProduce(EatWhatYouKill.java:186)
        at org.eclipse.jetty.util.thread.strategy.EatWhatYouKill.tryProduce(EatWhatYouKill.java:173)
        at org.eclipse.jetty.util.thread.strategy.EatWhatYouKill.produce(EatWhatYouKill.java:137)
        at org.eclipse.jetty.io.ManagedSelector$$Lambda$444/1480051614.run(Unknown Source)
        at org.eclipse.jetty.util.thread.QueuedThreadPool.runJob(QueuedThreadPool.java:883)
        at org.eclipse.jetty.util.thread.QueuedThreadPool$Runner.run(QueuedThreadPool.java:1034)
        at java.lang.Thread.run(Thread.java:750)
"febd5d2c-72de-44b7-b010-e5e9acc30848-server-thread1" daemon prio=5 tid=910 timed_waiting
java.lang.Thread.State: TIMED_WAITING
        at sun.misc.Unsafe.park(Native Method)
        at java.util.concurrent.locks.LockSupport.parkNanos(LockSupport.java:215)
        at java.util.concurrent.SynchronousQueue$TransferStack.awaitFulfill(SynchronousQueue.java:460)
        at java.util.concurrent.SynchronousQueue$TransferStack.transfer(SynchronousQueue.java:362)
        at java.util.concurrent.SynchronousQueue.poll(SynchronousQueue.java:941)
        at java.util.concurrent.ThreadPoolExecutor.getTask(ThreadPoolExecutor.java:1073)
        at java.util.concurrent.ThreadPoolExecutor.runWorker(ThreadPoolExecutor.java:1134)
        at java.util.concurrent.ThreadPoolExecutor$Worker.run(ThreadPoolExecutor.java:624)
        at java.lang.Thread.run(Thread.java:750)
"ChunkReader-3" daemon prio=5 tid=785 in Object.wait()
java.lang.Thread.State: WAITING (on object monitor)
        at sun.misc.Unsafe.park(Native Method)
        at java.util.concurrent.locks.LockSupport.park(LockSupport.java:175)
        at java.util.concurrent.locks.AbstractQueuedSynchronizer$ConditionObject.await(AbstractQueuedSynchronizer.java:2039)
        at java.util.concurrent.LinkedBlockingQueue.take(LinkedBlockingQueue.java:442)
        at java.util.concurrent.ThreadPoolExecutor.getTask(ThreadPoolExecutor.java:1074)
        at java.util.concurrent.ThreadPoolExecutor.runWorker(ThreadPoolExecutor.java:1134)
        at java.util.concurrent.ThreadPoolExecutor$Worker.run(ThreadPoolExecutor.java:624)
        at java.lang.Thread.run(Thread.java:750)
"qtp1681627794-454" daemon prio=5 tid=454 timed_waiting
java.lang.Thread.State: TIMED_WAITING
        at sun.misc.Unsafe.park(Native Method)
        at java.util.concurrent.locks.LockSupport.parkNanos(LockSupport.java:215)
        at java.util.concurrent.locks.AbstractQueuedSynchronizer$ConditionObject.awaitNanos(AbstractQueuedSynchronizer.java:2078)
        at org.eclipse.jetty.util.BlockingArrayQueue.poll(BlockingArrayQueue.java:382)
        at org.eclipse.jetty.util.thread.QueuedThreadPool$Runner.idleJobPoll(QueuedThreadPool.java:974)
        at org.eclipse.jetty.util.thread.QueuedThreadPool$Runner.run(QueuedThreadPool.java:1018)
        at java.lang.Thread.run(Thread.java:750)
"StaleRecoveringContainerScrubbingService#2" daemon prio=5 tid=1032 in Object.wait()
java.lang.Thread.State: WAITING (on object monitor)
        at sun.misc.Unsafe.park(Native Method)
        at java.util.concurrent.locks.LockSupport.park(LockSupport.java:175)
        at java.util.concurrent.locks.AbstractQueuedSynchronizer$ConditionObject.await(AbstractQueuedSynchronizer.java:2039)
        at java.util.concurrent.ScheduledThreadPoolExecutor$DelayedWorkQueue.take(ScheduledThreadPoolExecutor.java:1088)
        at java.util.concurrent.ScheduledThreadPoolExecutor$DelayedWorkQueue.take(ScheduledThreadPoolExecutor.java:809)
        at java.util.concurrent.ThreadPoolExecutor.getTask(ThreadPoolExecutor.java:1074)
        at java.util.concurrent.ThreadPoolExecutor.runWorker(ThreadPoolExecutor.java:1134)
        at java.util.concurrent.ThreadPoolExecutor$Worker.run(ThreadPoolExecutor.java:624)
        at java.lang.Thread.run(Thread.java:750)
"IPC Server handler 4 on default port 35271" daemon prio=5 tid=61 timed_waiting
java.lang.Thread.State: TIMED_WAITING
        at sun.misc.Unsafe.park(Native Method)
        at java.util.concurrent.locks.LockSupport.parkNanos(LockSupport.java:215)
        at java.util.concurrent.locks.AbstractQueuedSynchronizer$ConditionObject.awaitNanos(AbstractQueuedSynchronizer.java:2078)
        at java.util.concurrent.LinkedBlockingQueue.poll(LinkedBlockingQueue.java:467)
        at org.apache.hadoop.ipc.CallQueueManager.take(CallQueueManager.java:317)
        at org.apache.hadoop.ipc.Server$Handler.run(Server.java:2942)
"pool-264-thread-1"  prio=5 tid=645 in Object.wait()
java.lang.Thread.State: WAITING (on object monitor)
        at sun.misc.Unsafe.park(Native Method)
        at java.util.concurrent.locks.LockSupport.park(LockSupport.java:175)
        at java.util.concurrent.locks.AbstractQueuedSynchronizer$ConditionObject.await(AbstractQueuedSynchronizer.java:2039)
        at java.util.concurrent.LinkedBlockingQueue.take(LinkedBlockingQueue.java:442)
        at java.util.concurrent.ThreadPoolExecutor.getTask(ThreadPoolExecutor.java:1074)
        at java.util.concurrent.ThreadPoolExecutor.runWorker(ThreadPoolExecutor.java:1134)
        at java.util.concurrent.ThreadPoolExecutor$Worker.run(ThreadPoolExecutor.java:624)
        at java.lang.Thread.run(Thread.java:750)
"qtp760288966-371" daemon prio=5 tid=371 runnable
java.lang.Thread.State: RUNNABLE
        at sun.nio.ch.EPollArrayWrapper.epollWait(Native Method)
        at sun.nio.ch.EPollArrayWrapper.poll(EPollArrayWrapper.java:269)
        at sun.nio.ch.EPollSelectorImpl.doSelect(EPollSelectorImpl.java:93)
        at sun.nio.ch.SelectorImpl.lockAndDoSelect(SelectorImpl.java:86)
        at sun.nio.ch.SelectorImpl.select(SelectorImpl.java:97)
        at sun.nio.ch.SelectorImpl.select(SelectorImpl.java:101)
        at org.eclipse.jetty.io.ManagedSelector.nioSelect(ManagedSelector.java:183)
        at org.eclipse.jetty.io.ManagedSelector.select(ManagedSelector.java:190)
        at org.eclipse.jetty.io.ManagedSelector$SelectorProducer.select(ManagedSelector.java:606)
        at org.eclipse.jetty.io.ManagedSelector$SelectorProducer.produce(ManagedSelector.java:543)
        at org.eclipse.jetty.util.thread.strategy.EatWhatYouKill.produceTask(EatWhatYouKill.java:362)
        at org.eclipse.jetty.util.thread.strategy.EatWhatYouKill.doProduce(EatWhatYouKill.java:186)
        at org.eclipse.jetty.util.thread.strategy.EatWhatYouKill.tryProduce(EatWhatYouKill.java:173)
        at org.eclipse.jetty.util.thread.strategy.EatWhatYouKill.produce(EatWhatYouKill.java:137)
        at org.eclipse.jetty.io.ManagedSelector$$Lambda$444/1480051614.run(Unknown Source)
        at org.eclipse.jetty.util.thread.QueuedThreadPool.runJob(QueuedThreadPool.java:883)
        at org.eclipse.jetty.util.thread.QueuedThreadPool$Runner.run(QueuedThreadPool.java:1034)
        at java.lang.Thread.run(Thread.java:750)
"BlockDeletingService#2" daemon prio=5 tid=1039 in Object.wait()
java.lang.Thread.State: WAITING (on object monitor)
        at sun.misc.Unsafe.park(Native Method)
        at java.util.concurrent.locks.LockSupport.park(LockSupport.java:175)
        at java.util.concurrent.locks.AbstractQueuedSynchronizer$ConditionObject.await(AbstractQueuedSynchronizer.java:2039)
        at java.util.concurrent.ScheduledThreadPoolExecutor$DelayedWorkQueue.take(ScheduledThreadPoolExecutor.java:1088)
        at java.util.concurrent.ScheduledThreadPoolExecutor$DelayedWorkQueue.take(ScheduledThreadPoolExecutor.java:809)
        at java.util.concurrent.ThreadPoolExecutor.getTask(ThreadPoolExecutor.java:1074)
        at java.util.concurrent.ThreadPoolExecutor.runWorker(ThreadPoolExecutor.java:1134)
        at java.util.concurrent.ThreadPoolExecutor$Worker.run(ThreadPoolExecutor.java:624)
        at java.lang.Thread.run(Thread.java:750)
"org.apache.ratis.util.JvmPauseMonitor$$Lambda$684/38778801@4379c999" daemon prio=5 tid=552 timed_waiting
java.lang.Thread.State: TIMED_WAITING
        at java.lang.Thread.sleep(Native Method)
        at java.lang.Thread.sleep(Thread.java:342)
        at java.util.concurrent.TimeUnit.sleep(TimeUnit.java:386)
        at org.apache.ratis.util.TimeDuration.sleep(TimeDuration.java:325)
        at org.apache.ratis.util.TimeDuration.sleep(TimeDuration.java:310)
        at org.apache.ratis.util.JvmPauseMonitor.detectPause(JvmPauseMonitor.java:117)
        at org.apache.ratis.util.JvmPauseMonitor.run(JvmPauseMonitor.java:106)
        at org.apache.ratis.util.JvmPauseMonitor$$Lambda$684/38778801.run(Unknown Source)
        at java.lang.Thread.run(Thread.java:750)
"surefire-forkedjvm-command-thread" daemon prio=5 tid=10 runnable
java.lang.Thread.State: RUNNABLE
        at java.io.FileInputStream.readBytes(Native Method)
        at java.io.FileInputStream.read(FileInputStream.java:255)
        at java.io.BufferedInputStream.read1(BufferedInputStream.java:284)
        at java.io.BufferedInputStream.read(BufferedInputStream.java:345)
        at java.io.BufferedInputStream.fill(BufferedInputStream.java:246)
        at java.io.BufferedInputStream.read1(BufferedInputStream.java:286)
        at java.io.BufferedInputStream.read(BufferedInputStream.java:345)
        at org.apache.maven.surefire.api.util.internal.Channels$3.readImpl(Channels.java:214)
        at org.apache.maven.surefire.api.util.internal.AbstractNoninterruptibleReadableChannel.read(AbstractNoninterruptibleReadableChannel.java:54)
        at org.apache.maven.surefire.booter.spi.LegacyMasterProcessChannelDecoder.decode(LegacyMasterProcessChannelDecoder.java:80)
        at org.apache.maven.surefire.booter.CommandReader$CommandRunnable.run(CommandReader.java:343)
        at java.lang.Thread.run(Thread.java:750)
"qtp957421054-255" daemon prio=5 tid=255 timed_waiting
java.lang.Thread.State: TIMED_WAITING
        at sun.misc.Unsafe.park(Native Method)
        at java.util.concurrent.locks.LockSupport.parkNanos(LockSupport.java:215)
        at java.util.concurrent.locks.AbstractQueuedSynchronizer$ConditionObject.awaitNanos(AbstractQueuedSynchronizer.java:2078)
        at org.eclipse.jetty.util.BlockingArrayQueue.poll(BlockingArrayQueue.java:382)
        at org.eclipse.jetty.util.thread.QueuedThreadPool$Runner.idleJobPoll(QueuedThreadPool.java:974)
        at org.eclipse.jetty.util.thread.QueuedThreadPool$Runner.run(QueuedThreadPool.java:1018)
        at java.lang.Thread.run(Thread.java:750)
"7bf9862a-bc69-4cc0-99fb-78386598ce26@group-62D058F4AA4E-StateMachineUpdater" daemon prio=5 tid=563 timed_waiting
java.lang.Thread.State: TIMED_WAITING
        at sun.misc.Unsafe.park(Native Method)
        at java.util.concurrent.locks.LockSupport.parkNanos(LockSupport.java:215)
        at java.util.concurrent.CompletableFuture$Signaller.block(CompletableFuture.java:1709)
        at java.util.concurrent.ForkJoinPool.managedBlock(ForkJoinPool.java:3323)
        at java.util.concurrent.CompletableFuture.timedGet(CompletableFuture.java:1788)
        at java.util.concurrent.CompletableFuture.get(CompletableFuture.java:1928)
        at org.apache.ratis.util.AwaitForSignal.await(AwaitForSignal.java:56)
        at org.apache.ratis.server.impl.StateMachineUpdater.waitForCommit(StateMachineUpdater.java:207)
        at org.apache.ratis.server.impl.StateMachineUpdater.run(StateMachineUpdater.java:176)
        at java.lang.Thread.run(Thread.java:750)
"IPC Server handler 11 on default port 35271" daemon prio=5 tid=68 timed_waiting
java.lang.Thread.State: TIMED_WAITING
        at sun.misc.Unsafe.park(Native Method)
        at java.util.concurrent.locks.LockSupport.parkNanos(LockSupport.java:215)
        at java.util.concurrent.locks.AbstractQueuedSynchronizer$ConditionObject.awaitNanos(AbstractQueuedSynchronizer.java:2078)
        at java.util.concurrent.LinkedBlockingQueue.poll(LinkedBlockingQueue.java:467)
        at org.apache.hadoop.ipc.CallQueueManager.take(CallQueueManager.java:317)
        at org.apache.hadoop.ipc.Server$Handler.run(Server.java:2942)
"BlockDeletingService#0" daemon prio=5 tid=542 in Object.wait()
java.lang.Thread.State: WAITING (on object monitor)
        at sun.misc.Unsafe.park(Native Method)
        at java.util.concurrent.locks.LockSupport.park(LockSupport.java:175)
        at java.util.concurrent.locks.AbstractQueuedSynchronizer$ConditionObject.await(AbstractQueuedSynchronizer.java:2039)
        at java.util.concurrent.ScheduledThreadPoolExecutor$DelayedWorkQueue.take(ScheduledThreadPoolExecutor.java:1088)
        at java.util.concurrent.ScheduledThreadPoolExecutor$DelayedWorkQueue.take(ScheduledThreadPoolExecutor.java:809)
        at java.util.concurrent.ThreadPoolExecutor.getTask(ThreadPoolExecutor.java:1074)
        at java.util.concurrent.ThreadPoolExecutor.runWorker(ThreadPoolExecutor.java:1134)
        at java.util.concurrent.ThreadPoolExecutor$Worker.run(ThreadPoolExecutor.java:624)
        at java.lang.Thread.run(Thread.java:750)
"ChunkWriter-0-0" daemon prio=5 tid=479 in Object.wait()
java.lang.Thread.State: WAITING (on object monitor)
        at sun.misc.Unsafe.park(Native Method)
        at java.util.concurrent.locks.LockSupport.park(LockSupport.java:175)
        at java.util.concurrent.locks.AbstractQueuedSynchronizer$ConditionObject.await(AbstractQueuedSynchronizer.java:2039)
        at java.util.concurrent.LinkedBlockingDeque.takeFirst(LinkedBlockingDeque.java:492)
        at java.util.concurrent.LinkedBlockingDeque.take(LinkedBlockingDeque.java:680)
        at java.util.concurrent.ThreadPoolExecutor.getTask(ThreadPoolExecutor.java:1074)
        at java.util.concurrent.ThreadPoolExecutor.runWorker(ThreadPoolExecutor.java:1134)
        at java.util.concurrent.ThreadPoolExecutor$Worker.run(ThreadPoolExecutor.java:624)
        at java.lang.Thread.run(Thread.java:750)
"qtp760288966-375" daemon prio=5 tid=375 timed_waiting
java.lang.Thread.State: TIMED_WAITING
        at sun.misc.Unsafe.park(Native Method)
        at java.util.concurrent.locks.LockSupport.parkNanos(LockSupport.java:215)
        at java.util.concurrent.locks.AbstractQueuedSynchronizer$ConditionObject.awaitNanos(AbstractQueuedSynchronizer.java:2078)
        at org.eclipse.jetty.util.BlockingArrayQueue.poll(BlockingArrayQueue.java:382)
        at org.eclipse.jetty.util.thread.QueuedThreadPool$Runner.idleJobPoll(QueuedThreadPool.java:974)
        at org.eclipse.jetty.util.thread.QueuedThreadPool$Runner.run(QueuedThreadPool.java:1018)
        at java.lang.Thread.run(Thread.java:750)
"5a2944c9-75d7-4a8d-9ead-f995138127cc@group-9BF3DD30FDD3-SegmentedRaftLogWorker"  prio=5 tid=635 timed_waiting
java.lang.Thread.State: TIMED_WAITING
        at sun.misc.Unsafe.park(Native Method)
        at java.util.concurrent.locks.LockSupport.parkNanos(LockSupport.java:215)
        at java.util.concurrent.locks.AbstractQueuedSynchronizer$ConditionObject.awaitNanos(AbstractQueuedSynchronizer.java:2078)
        at org.apache.ratis.util.DataBlockingQueue.poll(DataBlockingQueue.java:148)
        at org.apache.ratis.server.raftlog.segmented.SegmentedRaftLogWorker.run(SegmentedRaftLogWorker.java:301)
        at org.apache.ratis.server.raftlog.segmented.SegmentedRaftLogWorker$$Lambda$612/1848693335.run(Unknown Source)
        at java.lang.Thread.run(Thread.java:750)
"Datanode ReportManager Thread - 2" daemon prio=5 tid=421 timed_waiting
java.lang.Thread.State: TIMED_WAITING
        at sun.misc.Unsafe.park(Native Method)
        at java.util.concurrent.locks.LockSupport.parkNanos(LockSupport.java:215)
        at java.util.concurrent.locks.AbstractQueuedSynchronizer$ConditionObject.awaitNanos(AbstractQueuedSynchronizer.java:2078)
        at java.util.concurrent.ScheduledThreadPoolExecutor$DelayedWorkQueue.take(ScheduledThreadPoolExecutor.java:1093)
        at java.util.concurrent.ScheduledThreadPoolExecutor$DelayedWorkQueue.take(ScheduledThreadPoolExecutor.java:809)
        at java.util.concurrent.ThreadPoolExecutor.getTask(ThreadPoolExecutor.java:1074)
        at java.util.concurrent.ThreadPoolExecutor.runWorker(ThreadPoolExecutor.java:1134)
        at java.util.concurrent.ThreadPoolExecutor$Worker.run(ThreadPoolExecutor.java:624)
        at java.lang.Thread.run(Thread.java:750)
"IPC Server handler 14 on default port 44657" daemon prio=5 tid=91 timed_waiting
java.lang.Thread.State: TIMED_WAITING
        at sun.misc.Unsafe.park(Native Method)
        at java.util.concurrent.locks.LockSupport.parkNanos(LockSupport.java:215)
        at java.util.concurrent.locks.AbstractQueuedSynchronizer$ConditionObject.awaitNanos(AbstractQueuedSynchronizer.java:2078)
        at java.util.concurrent.LinkedBlockingQueue.poll(LinkedBlockingQueue.java:467)
        at org.apache.hadoop.ipc.CallQueueManager.take(CallQueueManager.java:317)
        at org.apache.hadoop.ipc.Server$Handler.run(Server.java:2942)
"BlockDeletingService#2" daemon prio=5 tid=1037 in Object.wait()
java.lang.Thread.State: WAITING (on object monitor)
        at sun.misc.Unsafe.park(Native Method)
        at java.util.concurrent.locks.LockSupport.park(LockSupport.java:175)
        at java.util.concurrent.locks.AbstractQueuedSynchronizer$ConditionObject.await(AbstractQueuedSynchronizer.java:2039)
        at java.util.concurrent.ScheduledThreadPoolExecutor$DelayedWorkQueue.take(ScheduledThreadPoolExecutor.java:1088)
        at java.util.concurrent.ScheduledThreadPoolExecutor$DelayedWorkQueue.take(ScheduledThreadPoolExecutor.java:809)
        at java.util.concurrent.ThreadPoolExecutor.getTask(ThreadPoolExecutor.java:1074)
        at java.util.concurrent.ThreadPoolExecutor.runWorker(ThreadPoolExecutor.java:1134)
        at java.util.concurrent.ThreadPoolExecutor$Worker.run(ThreadPoolExecutor.java:624)
        at java.lang.Thread.run(Thread.java:750)
"Datanode State Machine Daemon Thread" daemon prio=5 tid=418 timed_waiting
java.lang.Thread.State: TIMED_WAITING
        at java.lang.Thread.sleep(Native Method)
        at org.apache.hadoop.ozone.container.common.statemachine.DatanodeStateMachine.startStateMachineThread(DatanodeStateMachine.java:313)
        at org.apache.hadoop.ozone.container.common.statemachine.DatanodeStateMachine.lambda$startDaemon$0(DatanodeStateMachine.java:493)
        at org.apache.hadoop.ozone.container.common.statemachine.DatanodeStateMachine$$Lambda$727/1943859930.run(Unknown Source)
        at java.lang.Thread.run(Thread.java:750)
"org.apache.hadoop.ozone.container.common.statemachine.commandhandler.DeleteBlocksCommandHandler$DeleteCmdWorker@5eb8dfd0" daemon prio=5 tid=252 timed_waiting
java.lang.Thread.State: TIMED_WAITING
        at java.lang.Thread.sleep(Native Method)
        at org.apache.hadoop.ozone.container.common.statemachine.commandhandler.DeleteBlocksCommandHandler$DeleteCmdWorker.run(DeleteBlocksCommandHandler.java:183)
        at java.lang.Thread.run(Thread.java:750)
"Datanode ReportManager Thread - 1" daemon prio=5 tid=420 timed_waiting
java.lang.Thread.State: TIMED_WAITING
        at sun.misc.Unsafe.park(Native Method)
        at java.util.concurrent.locks.LockSupport.parkNanos(LockSupport.java:215)
        at java.util.concurrent.locks.AbstractQueuedSynchronizer$ConditionObject.awaitNanos(AbstractQueuedSynchronizer.java:2078)
        at java.util.concurrent.ScheduledThreadPoolExecutor$DelayedWorkQueue.take(ScheduledThreadPoolExecutor.java:1093)
        at java.util.concurrent.ScheduledThreadPoolExecutor$DelayedWorkQueue.take(ScheduledThreadPoolExecutor.java:809)
        at java.util.concurrent.ThreadPoolExecutor.getTask(ThreadPoolExecutor.java:1074)
        at java.util.concurrent.ThreadPoolExecutor.runWorker(ThreadPoolExecutor.java:1134)
        at java.util.concurrent.ThreadPoolExecutor$Worker.run(ThreadPoolExecutor.java:624)
        at java.lang.Thread.run(Thread.java:750)
"ChunkWriter-2-0" daemon prio=5 tid=481 in Object.wait()
java.lang.Thread.State: WAITING (on object monitor)
        at sun.misc.Unsafe.park(Native Method)
        at java.util.concurrent.locks.LockSupport.park(LockSupport.java:175)
        at java.util.concurrent.locks.AbstractQueuedSynchronizer$ConditionObject.await(AbstractQueuedSynchronizer.java:2039)
        at java.util.concurrent.LinkedBlockingDeque.takeFirst(LinkedBlockingDeque.java:492)
        at java.util.concurrent.LinkedBlockingDeque.take(LinkedBlockingDeque.java:680)
        at java.util.concurrent.ThreadPoolExecutor.getTask(ThreadPoolExecutor.java:1074)
        at java.util.concurrent.ThreadPoolExecutor.runWorker(ThreadPoolExecutor.java:1134)
        at java.util.concurrent.ThreadPoolExecutor$Worker.run(ThreadPoolExecutor.java:624)
        at java.lang.Thread.run(Thread.java:750)
"BlockDeletingService#2" daemon prio=5 tid=1031 in Object.wait()
java.lang.Thread.State: WAITING (on object monitor)
        at sun.misc.Unsafe.park(Native Method)
        at java.util.concurrent.locks.LockSupport.park(LockSupport.java:175)
        at java.util.concurrent.locks.AbstractQueuedSynchronizer$ConditionObject.await(AbstractQueuedSynchronizer.java:2039)
        at java.util.concurrent.ScheduledThreadPoolExecutor$DelayedWorkQueue.take(ScheduledThreadPoolExecutor.java:1088)
        at java.util.concurrent.ScheduledThreadPoolExecutor$DelayedWorkQueue.take(ScheduledThreadPoolExecutor.java:809)
        at java.util.concurrent.ThreadPoolExecutor.getTask(ThreadPoolExecutor.java:1074)
        at java.util.concurrent.ThreadPoolExecutor.runWorker(ThreadPoolExecutor.java:1134)
        at java.util.concurrent.ThreadPoolExecutor$Worker.run(ThreadPoolExecutor.java:624)
        at java.lang.Thread.run(Thread.java:750)
"pool-246-thread-1"  prio=5 tid=370 timed_waiting
java.lang.Thread.State: TIMED_WAITING
        at sun.misc.Unsafe.park(Native Method)
        at java.util.concurrent.locks.LockSupport.parkNanos(LockSupport.java:215)
        at java.util.concurrent.locks.AbstractQueuedSynchronizer$ConditionObject.awaitNanos(AbstractQueuedSynchronizer.java:2078)
        at java.util.concurrent.ScheduledThreadPoolExecutor$DelayedWorkQueue.take(ScheduledThreadPoolExecutor.java:1093)
        at java.util.concurrent.ScheduledThreadPoolExecutor$DelayedWorkQueue.take(ScheduledThreadPoolExecutor.java:809)
        at java.util.concurrent.ThreadPoolExecutor.getTask(ThreadPoolExecutor.java:1074)
        at java.util.concurrent.ThreadPoolExecutor.runWorker(ThreadPoolExecutor.java:1134)
        at java.util.concurrent.ThreadPoolExecutor$Worker.run(ThreadPoolExecutor.java:624)
        at java.lang.Thread.run(Thread.java:750)
"BlockDeletingService#0" daemon prio=5 tid=554 in Object.wait()
java.lang.Thread.State: WAITING (on object monitor)
        at sun.misc.Unsafe.park(Native Method)
        at java.util.concurrent.locks.LockSupport.park(LockSupport.java:175)
        at java.util.concurrent.locks.AbstractQueuedSynchronizer$ConditionObject.await(AbstractQueuedSynchronizer.java:2039)
        at java.util.concurrent.ScheduledThreadPoolExecutor$DelayedWorkQueue.take(ScheduledThreadPoolExecutor.java:1088)
        at java.util.concurrent.ScheduledThreadPoolExecutor$DelayedWorkQueue.take(ScheduledThreadPoolExecutor.java:809)
        at java.util.concurrent.ThreadPoolExecutor.getTask(ThreadPoolExecutor.java:1074)
        at java.util.concurrent.ThreadPoolExecutor.runWorker(ThreadPoolExecutor.java:1134)
        at java.util.concurrent.ThreadPoolExecutor$Worker.run(ThreadPoolExecutor.java:624)
        at java.lang.Thread.run(Thread.java:750)
"qtp1327233716-137" daemon prio=5 tid=137 timed_waiting
java.lang.Thread.State: TIMED_WAITING
        at sun.misc.Unsafe.park(Native Method)
        at java.util.concurrent.locks.LockSupport.parkNanos(LockSupport.java:215)
        at java.util.concurrent.locks.AbstractQueuedSynchronizer$ConditionObject.awaitNanos(AbstractQueuedSynchronizer.java:2078)
        at org.eclipse.jetty.util.BlockingArrayQueue.poll(BlockingArrayQueue.java:382)
        at org.eclipse.jetty.util.thread.QueuedThreadPool$Runner.idleJobPoll(QueuedThreadPool.java:974)
        at org.eclipse.jetty.util.thread.QueuedThreadPool$Runner.run(QueuedThreadPool.java:1018)
        at java.lang.Thread.run(Thread.java:750)
"qtp943804946-332" daemon prio=5 tid=332 runnable
java.lang.Thread.State: RUNNABLE
        at sun.nio.ch.EPollArrayWrapper.epollWait(Native Method)
        at sun.nio.ch.EPollArrayWrapper.poll(EPollArrayWrapper.java:269)
        at sun.nio.ch.EPollSelectorImpl.doSelect(EPollSelectorImpl.java:93)
        at sun.nio.ch.SelectorImpl.lockAndDoSelect(SelectorImpl.java:86)
        at sun.nio.ch.SelectorImpl.select(SelectorImpl.java:97)
        at sun.nio.ch.SelectorImpl.select(SelectorImpl.java:101)
        at org.eclipse.jetty.io.ManagedSelector.nioSelect(ManagedSelector.java:183)
        at org.eclipse.jetty.io.ManagedSelector.select(ManagedSelector.java:190)
        at org.eclipse.jetty.io.ManagedSelector$SelectorProducer.select(ManagedSelector.java:606)
        at org.eclipse.jetty.io.ManagedSelector$SelectorProducer.produce(ManagedSelector.java:543)
        at org.eclipse.jetty.util.thread.strategy.EatWhatYouKill.produceTask(EatWhatYouKill.java:362)
        at org.eclipse.jetty.util.thread.strategy.EatWhatYouKill.doProduce(EatWhatYouKill.java:186)
        at org.eclipse.jetty.util.thread.strategy.EatWhatYouKill.tryProduce(EatWhatYouKill.java:173)
        at org.eclipse.jetty.util.thread.strategy.EatWhatYouKill.produce(EatWhatYouKill.java:137)
        at org.eclipse.jetty.io.ManagedSelector$$Lambda$444/1480051614.run(Unknown Source)
        at org.eclipse.jetty.util.thread.QueuedThreadPool.runJob(QueuedThreadPool.java:883)
        at org.eclipse.jetty.util.thread.QueuedThreadPool$Runner.run(QueuedThreadPool.java:1034)
        at java.lang.Thread.run(Thread.java:750)
"Datanode ReportManager Thread - 0" daemon prio=5 tid=316 in Object.wait()
java.lang.Thread.State: WAITING (on object monitor)
        at sun.misc.Unsafe.park(Native Method)
        at java.util.concurrent.locks.LockSupport.park(LockSupport.java:175)
        at java.util.concurrent.locks.AbstractQueuedSynchronizer$ConditionObject.await(AbstractQueuedSynchronizer.java:2039)
        at java.util.concurrent.ScheduledThreadPoolExecutor$DelayedWorkQueue.take(ScheduledThreadPoolExecutor.java:1088)
        at java.util.concurrent.ScheduledThreadPoolExecutor$DelayedWorkQueue.take(ScheduledThreadPoolExecutor.java:809)
        at java.util.concurrent.ThreadPoolExecutor.getTask(ThreadPoolExecutor.java:1074)
        at java.util.concurrent.ThreadPoolExecutor.runWorker(ThreadPoolExecutor.java:1134)
        at java.util.concurrent.ThreadPoolExecutor$Worker.run(ThreadPoolExecutor.java:624)
        at java.lang.Thread.run(Thread.java:750)
"ChunkReader-1" daemon prio=5 tid=774 in Object.wait()
java.lang.Thread.State: WAITING (on object monitor)
        at sun.misc.Unsafe.park(Native Method)
        at java.util.concurrent.locks.LockSupport.park(LockSupport.java:175)
        at java.util.concurrent.locks.AbstractQueuedSynchronizer$ConditionObject.await(AbstractQueuedSynchronizer.java:2039)
        at java.util.concurrent.LinkedBlockingQueue.take(LinkedBlockingQueue.java:442)
        at java.util.concurrent.ThreadPoolExecutor.getTask(ThreadPoolExecutor.java:1074)
        at java.util.concurrent.ThreadPoolExecutor.runWorker(ThreadPoolExecutor.java:1134)
        at java.util.concurrent.ThreadPoolExecutor$Worker.run(ThreadPoolExecutor.java:624)
        at java.lang.Thread.run(Thread.java:750)
"pool-59-thread-1"  prio=5 tid=134 timed_waiting
java.lang.Thread.State: TIMED_WAITING
        at sun.misc.Unsafe.park(Native Method)
        at java.util.concurrent.locks.LockSupport.parkNanos(LockSupport.java:215)
        at java.util.concurrent.locks.AbstractQueuedSynchronizer$ConditionObject.awaitNanos(AbstractQueuedSynchronizer.java:2078)
        at java.util.concurrent.ScheduledThreadPoolExecutor$DelayedWorkQueue.take(ScheduledThreadPoolExecutor.java:1093)
        at java.util.concurrent.ScheduledThreadPoolExecutor$DelayedWorkQueue.take(ScheduledThreadPoolExecutor.java:809)
        at java.util.concurrent.ThreadPoolExecutor.getTask(ThreadPoolExecutor.java:1074)
        at java.util.concurrent.ThreadPoolExecutor.runWorker(ThreadPoolExecutor.java:1134)
        at java.util.concurrent.ThreadPoolExecutor$Worker.run(ThreadPoolExecutor.java:624)
        at java.lang.Thread.run(Thread.java:750)
"5a2944c9-75d7-4a8d-9ead-f995138127cc@group-3825EEDB64AD-StateMachineUpdater" daemon prio=5 tid=618 timed_waiting
java.lang.Thread.State: TIMED_WAITING
        at sun.misc.Unsafe.park(Native Method)
        at java.util.concurrent.locks.LockSupport.parkNanos(LockSupport.java:215)
        at java.util.concurrent.CompletableFuture$Signaller.block(CompletableFuture.java:1709)
        at java.util.concurrent.ForkJoinPool.managedBlock(ForkJoinPool.java:3323)
        at java.util.concurrent.CompletableFuture.timedGet(CompletableFuture.java:1788)
        at java.util.concurrent.CompletableFuture.get(CompletableFuture.java:1928)
        at org.apache.ratis.util.AwaitForSignal.await(AwaitForSignal.java:56)
        at org.apache.ratis.server.impl.StateMachineUpdater.waitForCommit(StateMachineUpdater.java:207)
        at org.apache.ratis.server.impl.StateMachineUpdater.run(StateMachineUpdater.java:176)
        at java.lang.Thread.run(Thread.java:750)
"Datanode ReportManager Thread - 2" daemon prio=5 tid=459 in Object.wait()
java.lang.Thread.State: WAITING (on object monitor)
        at sun.misc.Unsafe.park(Native Method)
        at java.util.concurrent.locks.LockSupport.park(LockSupport.java:175)
        at java.util.concurrent.locks.AbstractQueuedSynchronizer$ConditionObject.await(AbstractQueuedSynchronizer.java:2039)
        at java.util.concurrent.ScheduledThreadPoolExecutor$DelayedWorkQueue.take(ScheduledThreadPoolExecutor.java:1088)
        at java.util.concurrent.ScheduledThreadPoolExecutor$DelayedWorkQueue.take(ScheduledThreadPoolExecutor.java:809)
        at java.util.concurrent.ThreadPoolExecutor.getTask(ThreadPoolExecutor.java:1074)
        at java.util.concurrent.ThreadPoolExecutor.runWorker(ThreadPoolExecutor.java:1134)
        at java.util.concurrent.ThreadPoolExecutor$Worker.run(ThreadPoolExecutor.java:624)
        at java.lang.Thread.run(Thread.java:750)
"om1@group-C5BA1605619E-SegmentedRaftLogWorker"  prio=5 tid=120 timed_waiting
java.lang.Thread.State: TIMED_WAITING
        at sun.misc.Unsafe.park(Native Method)
        at java.util.concurrent.locks.LockSupport.parkNanos(LockSupport.java:215)
        at java.util.concurrent.locks.AbstractQueuedSynchronizer$ConditionObject.awaitNanos(AbstractQueuedSynchronizer.java:2078)
        at org.apache.ratis.util.DataBlockingQueue.poll(DataBlockingQueue.java:148)
        at org.apache.ratis.server.raftlog.segmented.SegmentedRaftLogWorker.run(SegmentedRaftLogWorker.java:301)
        at org.apache.ratis.server.raftlog.segmented.SegmentedRaftLogWorker$$Lambda$612/1848693335.run(Unknown Source)
        at java.lang.Thread.run(Thread.java:750)
"StaleRecoveringContainerScrubbingService#0" daemon prio=5 tid=486 in Object.wait()
java.lang.Thread.State: WAITING (on object monitor)
        at sun.misc.Unsafe.park(Native Method)
        at java.util.concurrent.locks.LockSupport.park(LockSupport.java:175)
        at java.util.concurrent.locks.AbstractQueuedSynchronizer$ConditionObject.await(AbstractQueuedSynchronizer.java:2039)
        at java.util.concurrent.ScheduledThreadPoolExecutor$DelayedWorkQueue.take(ScheduledThreadPoolExecutor.java:1088)
        at java.util.concurrent.ScheduledThreadPoolExecutor$DelayedWorkQueue.take(ScheduledThreadPoolExecutor.java:809)
        at java.util.concurrent.ThreadPoolExecutor.getTask(ThreadPoolExecutor.java:1074)
        at java.util.concurrent.ThreadPoolExecutor.runWorker(ThreadPoolExecutor.java:1134)
        at java.util.concurrent.ThreadPoolExecutor$Worker.run(ThreadPoolExecutor.java:624)
        at java.lang.Thread.run(Thread.java:750)
"qtp1680882295-309" daemon prio=5 tid=309 timed_waiting
java.lang.Thread.State: TIMED_WAITING
        at sun.misc.Unsafe.park(Native Method)
        at java.util.concurrent.locks.LockSupport.parkNanos(LockSupport.java:215)
        at java.util.concurrent.locks.AbstractQueuedSynchronizer$ConditionObject.awaitNanos(AbstractQueuedSynchronizer.java:2078)
        at org.eclipse.jetty.util.BlockingArrayQueue.poll(BlockingArrayQueue.java:382)
        at org.eclipse.jetty.util.thread.QueuedThreadPool$Runner.idleJobPoll(QueuedThreadPool.java:974)
        at org.eclipse.jetty.util.thread.QueuedThreadPool$Runner.run(QueuedThreadPool.java:1018)
        at java.lang.Thread.run(Thread.java:750)
"IPC Server listener on 0" daemon prio=5 tid=31 runnable
java.lang.Thread.State: RUNNABLE
        at sun.nio.ch.EPollArrayWrapper.epollWait(Native Method)
        at sun.nio.ch.EPollArrayWrapper.poll(EPollArrayWrapper.java:269)
        at sun.nio.ch.EPollSelectorImpl.doSelect(EPollSelectorImpl.java:93)
        at sun.nio.ch.SelectorImpl.lockAndDoSelect(SelectorImpl.java:86)
        at sun.nio.ch.SelectorImpl.select(SelectorImpl.java:97)
        at sun.nio.ch.SelectorImpl.select(SelectorImpl.java:101)
        at org.apache.hadoop.ipc.Server$Listener.run(Server.java:1358)
"IPC Server Responder" daemon prio=5 tid=34 runnable
java.lang.Thread.State: RUNNABLE
        at sun.nio.ch.EPollArrayWrapper.epollWait(Native Method)
        at sun.nio.ch.EPollArrayWrapper.poll(EPollArrayWrapper.java:269)
        at sun.nio.ch.EPollSelectorImpl.doSelect(EPollSelectorImpl.java:93)
        at sun.nio.ch.SelectorImpl.lockAndDoSelect(SelectorImpl.java:86)
        at sun.nio.ch.SelectorImpl.select(SelectorImpl.java:97)
        at org.apache.hadoop.ipc.Server$Responder.doRunLoop(Server.java:1532)
        at org.apache.hadoop.ipc.Server$Responder.run(Server.java:1515)
"OM StateMachine ApplyTransaction Thread - 0" daemon prio=5 tid=749 in Object.wait()
java.lang.Thread.State: WAITING (on object monitor)
        at sun.misc.Unsafe.park(Native Method)
        at java.util.concurrent.locks.LockSupport.park(LockSupport.java:175)
        at java.util.concurrent.locks.AbstractQueuedSynchronizer$ConditionObject.await(AbstractQueuedSynchronizer.java:2039)
        at java.util.concurrent.LinkedBlockingQueue.take(LinkedBlockingQueue.java:442)
        at java.util.concurrent.ThreadPoolExecutor.getTask(ThreadPoolExecutor.java:1074)
        at java.util.concurrent.ThreadPoolExecutor.runWorker(ThreadPoolExecutor.java:1134)
        at java.util.concurrent.ThreadPoolExecutor$Worker.run(ThreadPoolExecutor.java:624)
        at java.lang.Thread.run(Thread.java:750)
"IPC Server handler 18 on default port 33933" daemon prio=5 tid=162 timed_waiting
java.lang.Thread.State: TIMED_WAITING
        at sun.misc.Unsafe.park(Native Method)
        at java.util.concurrent.locks.LockSupport.parkNanos(LockSupport.java:215)
        at java.util.concurrent.locks.AbstractQueuedSynchronizer$ConditionObject.awaitNanos(AbstractQueuedSynchronizer.java:2078)
        at java.util.concurrent.LinkedBlockingQueue.poll(LinkedBlockingQueue.java:467)
        at org.apache.hadoop.ipc.CallQueueManager.take(CallQueueManager.java:317)
        at org.apache.hadoop.ipc.Server$Handler.run(Server.java:2942)
"ChunkWriter-2-0" daemon prio=5 tid=435 in Object.wait()
java.lang.Thread.State: WAITING (on object monitor)
        at sun.misc.Unsafe.park(Native Method)
        at java.util.concurrent.locks.LockSupport.park(LockSupport.java:175)
        at java.util.concurrent.locks.AbstractQueuedSynchronizer$ConditionObject.await(AbstractQueuedSynchronizer.java:2039)
        at java.util.concurrent.LinkedBlockingDeque.takeFirst(LinkedBlockingDeque.java:492)
        at java.util.concurrent.LinkedBlockingDeque.take(LinkedBlockingDeque.java:680)
        at java.util.concurrent.ThreadPoolExecutor.getTask(ThreadPoolExecutor.java:1074)
        at java.util.concurrent.ThreadPoolExecutor.runWorker(ThreadPoolExecutor.java:1134)
        at java.util.concurrent.ThreadPoolExecutor$Worker.run(ThreadPoolExecutor.java:624)
        at java.lang.Thread.run(Thread.java:750)
"ChunkWriter-1-0" daemon prio=5 tid=511 in Object.wait()
java.lang.Thread.State: WAITING (on object monitor)
        at sun.misc.Unsafe.park(Native Method)
        at java.util.concurrent.locks.LockSupport.park(LockSupport.java:175)
        at java.util.concurrent.locks.AbstractQueuedSynchronizer$ConditionObject.await(AbstractQueuedSynchronizer.java:2039)
        at java.util.concurrent.LinkedBlockingDeque.takeFirst(LinkedBlockingDeque.java:492)
        at java.util.concurrent.LinkedBlockingDeque.take(LinkedBlockingDeque.java:680)
        at java.util.concurrent.ThreadPoolExecutor.getTask(ThreadPoolExecutor.java:1074)
        at java.util.concurrent.ThreadPoolExecutor.runWorker(ThreadPoolExecutor.java:1134)
        at java.util.concurrent.ThreadPoolExecutor$Worker.run(ThreadPoolExecutor.java:624)
        at java.lang.Thread.run(Thread.java:750)
"IPC Server handler 6 on default port 44657" daemon prio=5 tid=83 timed_waiting
java.lang.Thread.State: TIMED_WAITING
        at sun.misc.Unsafe.park(Native Method)
        at java.util.concurrent.locks.LockSupport.parkNanos(LockSupport.java:215)
        at java.util.concurrent.locks.AbstractQueuedSynchronizer$ConditionObject.awaitNanos(AbstractQueuedSynchronizer.java:2078)
        at java.util.concurrent.LinkedBlockingQueue.poll(LinkedBlockingQueue.java:467)
        at org.apache.hadoop.ipc.CallQueueManager.take(CallQueueManager.java:317)
        at org.apache.hadoop.ipc.Server$Handler.run(Server.java:2942)
"8f71354a-19e6-4be6-b89a-dd2f0292058a@group-CA13F6D37BB1-FollowerState" daemon prio=5 tid=905 timed_waiting
java.lang.Thread.State: TIMED_WAITING
        at java.lang.Thread.sleep(Native Method)
        at java.lang.Thread.sleep(Thread.java:342)
        at java.util.concurrent.TimeUnit.sleep(TimeUnit.java:386)
        at org.apache.ratis.util.TimeDuration.sleep(TimeDuration.java:325)
        at org.apache.ratis.util.TimeDuration.sleep(TimeDuration.java:310)
        at org.apache.ratis.server.impl.FollowerState.run(FollowerState.java:128)
"IPC Server handler 19 on default port 35271" daemon prio=5 tid=76 timed_waiting
java.lang.Thread.State: TIMED_WAITING
        at sun.misc.Unsafe.park(Native Method)
        at java.util.concurrent.locks.LockSupport.parkNanos(LockSupport.java:215)
        at java.util.concurrent.locks.AbstractQueuedSynchronizer$ConditionObject.awaitNanos(AbstractQueuedSynchronizer.java:2078)
        at java.util.concurrent.LinkedBlockingQueue.poll(LinkedBlockingQueue.java:467)
        at org.apache.hadoop.ipc.CallQueueManager.take(CallQueueManager.java:317)
        at org.apache.hadoop.ipc.Server$Handler.run(Server.java:2942)
"Command processor thread" daemon prio=5 tid=321 timed_waiting
java.lang.Thread.State: TIMED_WAITING
        at java.lang.Thread.sleep(Native Method)
        at org.apache.hadoop.ozone.container.common.statemachine.DatanodeStateMachine.lambda$initCommandHandlerThread$3(DatanodeStateMachine.java:628)
        at org.apache.hadoop.ozone.container.common.statemachine.DatanodeStateMachine$$Lambda$729/728676909.run(Unknown Source)
        at java.lang.Thread.run(Thread.java:750)
"8f71354a-19e6-4be6-b89a-dd2f0292058a@group-4D85677B5274-StateMachineUpdater" daemon prio=5 tid=667 timed_waiting
java.lang.Thread.State: TIMED_WAITING
        at sun.misc.Unsafe.park(Native Method)
        at java.util.concurrent.locks.LockSupport.parkNanos(LockSupport.java:215)
        at java.util.concurrent.CompletableFuture$Signaller.block(CompletableFuture.java:1709)
        at java.util.concurrent.ForkJoinPool.managedBlock(ForkJoinPool.java:3323)
        at java.util.concurrent.CompletableFuture.timedGet(CompletableFuture.java:1788)
        at java.util.concurrent.CompletableFuture.get(CompletableFuture.java:1928)
        at org.apache.ratis.util.AwaitForSignal.await(AwaitForSignal.java:56)
        at org.apache.ratis.server.impl.StateMachineUpdater.waitForCommit(StateMachineUpdater.java:207)
        at org.apache.ratis.server.impl.StateMachineUpdater.run(StateMachineUpdater.java:176)
        at java.lang.Thread.run(Thread.java:750)
"ChunkWriter-3-0" daemon prio=5 tid=551 in Object.wait()
java.lang.Thread.State: WAITING (on object monitor)
        at sun.misc.Unsafe.park(Native Method)
        at java.util.concurrent.locks.LockSupport.park(LockSupport.java:175)
        at java.util.concurrent.locks.AbstractQueuedSynchronizer$ConditionObject.await(AbstractQueuedSynchronizer.java:2039)
        at java.util.concurrent.LinkedBlockingDeque.takeFirst(LinkedBlockingDeque.java:492)
        at java.util.concurrent.LinkedBlockingDeque.take(LinkedBlockingDeque.java:680)
        at java.util.concurrent.ThreadPoolExecutor.getTask(ThreadPoolExecutor.java:1074)
        at java.util.concurrent.ThreadPoolExecutor.runWorker(ThreadPoolExecutor.java:1134)
        at java.util.concurrent.ThreadPoolExecutor$Worker.run(ThreadPoolExecutor.java:624)
        at java.lang.Thread.run(Thread.java:750)
"EventQueue-NodeRegistrationContainerReportForDataNodeSafeModeRule" daemon prio=5 tid=503 in Object.wait()
java.lang.Thread.State: WAITING (on object monitor)
        at sun.misc.Unsafe.park(Native Method)
        at java.util.concurrent.locks.LockSupport.park(LockSupport.java:175)
        at java.util.concurrent.locks.AbstractQueuedSynchronizer$ConditionObject.await(AbstractQueuedSynchronizer.java:2039)
        at java.util.concurrent.LinkedBlockingQueue.take(LinkedBlockingQueue.java:442)
        at java.util.concurrent.ThreadPoolExecutor.getTask(ThreadPoolExecutor.java:1074)
        at java.util.concurrent.ThreadPoolExecutor.runWorker(ThreadPoolExecutor.java:1134)
        at java.util.concurrent.ThreadPoolExecutor$Worker.run(ThreadPoolExecutor.java:624)
        at java.lang.Thread.run(Thread.java:750)
"qtp2129898017-102" daemon prio=5 tid=102 timed_waiting
java.lang.Thread.State: TIMED_WAITING
        at sun.misc.Unsafe.park(Native Method)
        at java.util.concurrent.locks.LockSupport.parkNanos(LockSupport.java:215)
        at java.util.concurrent.locks.AbstractQueuedSynchronizer$ConditionObject.awaitNanos(AbstractQueuedSynchronizer.java:2078)
        at org.eclipse.jetty.util.BlockingArrayQueue.poll(BlockingArrayQueue.java:382)
        at org.eclipse.jetty.util.thread.QueuedThreadPool$Runner.idleJobPoll(QueuedThreadPool.java:974)
        at org.eclipse.jetty.util.thread.QueuedThreadPool$Runner.run(QueuedThreadPool.java:1018)
        at java.lang.Thread.run(Thread.java:750)
"pool-81-thread-1"  prio=5 tid=173 timed_waiting
java.lang.Thread.State: TIMED_WAITING
        at sun.misc.Unsafe.park(Native Method)
        at java.util.concurrent.locks.LockSupport.parkNanos(LockSupport.java:215)
        at java.util.concurrent.locks.AbstractQueuedSynchronizer$ConditionObject.awaitNanos(AbstractQueuedSynchronizer.java:2078)
        at java.util.concurrent.ScheduledThreadPoolExecutor$DelayedWorkQueue.take(ScheduledThreadPoolExecutor.java:1093)
        at java.util.concurrent.ScheduledThreadPoolExecutor$DelayedWorkQueue.take(ScheduledThreadPoolExecutor.java:809)
        at java.util.concurrent.ThreadPoolExecutor.getTask(ThreadPoolExecutor.java:1074)
        at java.util.concurrent.ThreadPoolExecutor.runWorker(ThreadPoolExecutor.java:1134)
        at java.util.concurrent.ThreadPoolExecutor$Worker.run(ThreadPoolExecutor.java:624)
        at java.lang.Thread.run(Thread.java:750)
"cc783127-5661-4bf3-9a81-5237862e92f6@group-3825EEDB64AD->5a2944c9-75d7-4a8d-9ead-f995138127cc-GrpcLogAppender-LogAppenderDaemon" daemon prio=5 tid=701 timed_waiting
java.lang.Thread.State: TIMED_WAITING
        at sun.misc.Unsafe.park(Native Method)
        at java.util.concurrent.locks.LockSupport.parkNanos(LockSupport.java:215)
        at java.util.concurrent.CompletableFuture$Signaller.block(CompletableFuture.java:1709)
        at java.util.concurrent.ForkJoinPool.managedBlock(ForkJoinPool.java:3323)
        at java.util.concurrent.CompletableFuture.timedGet(CompletableFuture.java:1788)
        at java.util.concurrent.CompletableFuture.get(CompletableFuture.java:1928)
        at org.apache.ratis.util.AwaitForSignal.await(AwaitForSignal.java:56)
        at org.apache.ratis.grpc.server.GrpcLogAppender.mayWait(GrpcLogAppender.java:169)
        at org.apache.ratis.grpc.server.GrpcLogAppender.run(GrpcLogAppender.java:128)
        at org.apache.ratis.server.leader.LogAppenderDaemon.run(LogAppenderDaemon.java:77)
        at org.apache.ratis.server.leader.LogAppenderDaemon$$Lambda$1014/1700417656.run(Unknown Source)
        at java.lang.Thread.run(Thread.java:750)
"pool-72-thread-1"  prio=5 tid=561 in Object.wait()
java.lang.Thread.State: WAITING (on object monitor)
        at sun.misc.Unsafe.park(Native Method)
        at java.util.concurrent.locks.LockSupport.park(LockSupport.java:175)
        at java.util.concurrent.locks.AbstractQueuedSynchronizer$ConditionObject.await(AbstractQueuedSynchronizer.java:2039)
        at java.util.concurrent.LinkedBlockingQueue.take(LinkedBlockingQueue.java:442)
        at java.util.concurrent.ThreadPoolExecutor.getTask(ThreadPoolExecutor.java:1074)
        at java.util.concurrent.ThreadPoolExecutor.runWorker(ThreadPoolExecutor.java:1134)
        at java.util.concurrent.ThreadPoolExecutor$Worker.run(ThreadPoolExecutor.java:624)
        at java.lang.Thread.run(Thread.java:750)
"IPC Server handler 16 on default port 35271" daemon prio=5 tid=73 timed_waiting
java.lang.Thread.State: TIMED_WAITING
        at sun.misc.Unsafe.park(Native Method)
        at java.util.concurrent.locks.LockSupport.parkNanos(LockSupport.java:215)
        at java.util.concurrent.locks.AbstractQueuedSynchronizer$ConditionObject.awaitNanos(AbstractQueuedSynchronizer.java:2078)
        at java.util.concurrent.LinkedBlockingQueue.poll(LinkedBlockingQueue.java:467)
        at org.apache.hadoop.ipc.CallQueueManager.take(CallQueueManager.java:317)
        at org.apache.hadoop.ipc.Server$Handler.run(Server.java:2942)
"org.apache.hadoop.util.JvmPauseMonitor$Monitor@2d0adf4c" daemon prio=5 tid=322 timed_waiting
java.lang.Thread.State: TIMED_WAITING
        at java.lang.Thread.sleep(Native Method)
        at org.apache.hadoop.util.JvmPauseMonitor$Monitor.run(JvmPauseMonitor.java:192)
        at java.lang.Thread.run(Thread.java:750)
"BlockDeletingService#1" daemon prio=5 tid=532 timed_waiting
java.lang.Thread.State: TIMED_WAITING
        at sun.misc.Unsafe.park(Native Method)
        at java.util.concurrent.locks.LockSupport.parkNanos(LockSupport.java:215)
        at java.util.concurrent.locks.AbstractQueuedSynchronizer$ConditionObject.awaitNanos(AbstractQueuedSynchronizer.java:2078)
        at java.util.concurrent.ScheduledThreadPoolExecutor$DelayedWorkQueue.take(ScheduledThreadPoolExecutor.java:1093)
        at java.util.concurrent.ScheduledThreadPoolExecutor$DelayedWorkQueue.take(ScheduledThreadPoolExecutor.java:809)
        at java.util.concurrent.ThreadPoolExecutor.getTask(ThreadPoolExecutor.java:1074)
        at java.util.concurrent.ThreadPoolExecutor.runWorker(ThreadPoolExecutor.java:1134)
        at java.util.concurrent.ThreadPoolExecutor$Worker.run(ThreadPoolExecutor.java:624)
        at java.lang.Thread.run(Thread.java:750)
"IPC Server handler 5 on default port 43155" daemon prio=5 tid=42 timed_waiting
java.lang.Thread.State: TIMED_WAITING
        at sun.misc.Unsafe.park(Native Method)
        at java.util.concurrent.locks.LockSupport.parkNanos(LockSupport.java:215)
        at java.util.concurrent.locks.AbstractQueuedSynchronizer$ConditionObject.awaitNanos(AbstractQueuedSynchronizer.java:2078)
        at java.util.concurrent.LinkedBlockingQueue.poll(LinkedBlockingQueue.java:467)
        at org.apache.hadoop.ipc.CallQueueManager.take(CallQueueManager.java:317)
        at org.apache.hadoop.ipc.Server$Handler.run(Server.java:2942)
"org.apache.ratis.util.JvmPauseMonitor$$Lambda$684/38778801@5e642f7d" daemon prio=5 tid=437 timed_waiting
java.lang.Thread.State: TIMED_WAITING
        at java.lang.Thread.sleep(Native Method)
        at java.lang.Thread.sleep(Thread.java:342)
        at java.util.concurrent.TimeUnit.sleep(TimeUnit.java:386)
        at org.apache.ratis.util.TimeDuration.sleep(TimeDuration.java:325)
        at org.apache.ratis.util.TimeDuration.sleep(TimeDuration.java:310)
        at org.apache.ratis.util.JvmPauseMonitor.detectPause(JvmPauseMonitor.java:117)
        at org.apache.ratis.util.JvmPauseMonitor.run(JvmPauseMonitor.java:106)
        at org.apache.ratis.util.JvmPauseMonitor$$Lambda$684/38778801.run(Unknown Source)
        at java.lang.Thread.run(Thread.java:750)
"ChunkReader-1" daemon prio=5 tid=764 in Object.wait()
java.lang.Thread.State: WAITING (on object monitor)
        at sun.misc.Unsafe.park(Native Method)
        at java.util.concurrent.locks.LockSupport.park(LockSupport.java:175)
        at java.util.concurrent.locks.AbstractQueuedSynchronizer$ConditionObject.await(AbstractQueuedSynchronizer.java:2039)
        at java.util.concurrent.LinkedBlockingQueue.take(LinkedBlockingQueue.java:442)
        at java.util.concurrent.ThreadPoolExecutor.getTask(ThreadPoolExecutor.java:1074)
        at java.util.concurrent.ThreadPoolExecutor.runWorker(ThreadPoolExecutor.java:1134)
        at java.util.concurrent.ThreadPoolExecutor$Worker.run(ThreadPoolExecutor.java:624)
        at java.lang.Thread.run(Thread.java:750)
"Datanode ReportManager Thread - 3" daemon prio=5 tid=422 in Object.wait()
java.lang.Thread.State: WAITING (on object monitor)
        at sun.misc.Unsafe.park(Native Method)
        at java.util.concurrent.locks.LockSupport.park(LockSupport.java:175)
        at java.util.concurrent.locks.AbstractQueuedSynchronizer$ConditionObject.await(AbstractQueuedSynchronizer.java:2039)
        at java.util.concurrent.ScheduledThreadPoolExecutor$DelayedWorkQueue.take(ScheduledThreadPoolExecutor.java:1088)
        at java.util.concurrent.ScheduledThreadPoolExecutor$DelayedWorkQueue.take(ScheduledThreadPoolExecutor.java:809)
        at java.util.concurrent.ThreadPoolExecutor.getTask(ThreadPoolExecutor.java:1074)
        at java.util.concurrent.ThreadPoolExecutor.runWorker(ThreadPoolExecutor.java:1134)
        at java.util.concurrent.ThreadPoolExecutor$Worker.run(ThreadPoolExecutor.java:624)
        at java.lang.Thread.run(Thread.java:750)
"Session-HouseKeeper-36358417-1"  prio=5 tid=236 timed_waiting
java.lang.Thread.State: TIMED_WAITING
        at sun.misc.Unsafe.park(Native Method)
        at java.util.concurrent.locks.LockSupport.parkNanos(LockSupport.java:215)
        at java.util.concurrent.locks.AbstractQueuedSynchronizer$ConditionObject.awaitNanos(AbstractQueuedSynchronizer.java:2078)
        at java.util.concurrent.ScheduledThreadPoolExecutor$DelayedWorkQueue.take(ScheduledThreadPoolExecutor.java:1093)
        at java.util.concurrent.ScheduledThreadPoolExecutor$DelayedWorkQueue.take(ScheduledThreadPoolExecutor.java:809)
        at java.util.concurrent.ThreadPoolExecutor.getTask(ThreadPoolExecutor.java:1074)
        at java.util.concurrent.ThreadPoolExecutor.runWorker(ThreadPoolExecutor.java:1134)
        at java.util.concurrent.ThreadPoolExecutor$Worker.run(ThreadPoolExecutor.java:624)
        at java.lang.Thread.run(Thread.java:750)
"BlockDeletingService#1" daemon prio=5 tid=487 timed_waiting
java.lang.Thread.State: TIMED_WAITING
        at sun.misc.Unsafe.park(Native Method)
        at java.util.concurrent.locks.LockSupport.parkNanos(LockSupport.java:215)
        at java.util.concurrent.locks.AbstractQueuedSynchronizer$ConditionObject.awaitNanos(AbstractQueuedSynchronizer.java:2078)
        at java.util.concurrent.ScheduledThreadPoolExecutor$DelayedWorkQueue.take(ScheduledThreadPoolExecutor.java:1093)
        at java.util.concurrent.ScheduledThreadPoolExecutor$DelayedWorkQueue.take(ScheduledThreadPoolExecutor.java:809)
        at java.util.concurrent.ThreadPoolExecutor.getTask(ThreadPoolExecutor.java:1074)
        at java.util.concurrent.ThreadPoolExecutor.runWorker(ThreadPoolExecutor.java:1134)
        at java.util.concurrent.ThreadPoolExecutor$Worker.run(ThreadPoolExecutor.java:624)
        at java.lang.Thread.run(Thread.java:750)
"8f71354a-19e6-4be6-b89a-dd2f0292058a@group-CA13F6D37BB1-SegmentedRaftLogWorker"  prio=5 tid=651 timed_waiting
java.lang.Thread.State: TIMED_WAITING
        at sun.misc.Unsafe.park(Native Method)
        at java.util.concurrent.locks.LockSupport.parkNanos(LockSupport.java:215)
        at java.util.concurrent.locks.AbstractQueuedSynchronizer$ConditionObject.awaitNanos(AbstractQueuedSynchronizer.java:2078)
        at org.apache.ratis.util.DataBlockingQueue.poll(DataBlockingQueue.java:148)
        at org.apache.ratis.server.raftlog.segmented.SegmentedRaftLogWorker.run(SegmentedRaftLogWorker.java:301)
        at org.apache.ratis.server.raftlog.segmented.SegmentedRaftLogWorker$$Lambda$612/1848693335.run(Unknown Source)
        at java.lang.Thread.run(Thread.java:750)
"pool-55-thread-1"  prio=5 tid=117 in Object.wait()
java.lang.Thread.State: WAITING (on object monitor)
        at sun.misc.Unsafe.park(Native Method)
        at java.util.concurrent.locks.LockSupport.park(LockSupport.java:175)
        at java.util.concurrent.locks.AbstractQueuedSynchronizer$ConditionObject.await(AbstractQueuedSynchronizer.java:2039)
        at java.util.concurrent.LinkedBlockingQueue.take(LinkedBlockingQueue.java:442)
        at java.util.concurrent.ThreadPoolExecutor.getTask(ThreadPoolExecutor.java:1074)
        at java.util.concurrent.ThreadPoolExecutor.runWorker(ThreadPoolExecutor.java:1134)
        at java.util.concurrent.ThreadPoolExecutor$Worker.run(ThreadPoolExecutor.java:624)
        at java.lang.Thread.run(Thread.java:750)
"qtp1244255608-235" daemon prio=5 tid=235 timed_waiting
java.lang.Thread.State: TIMED_WAITING
        at sun.misc.Unsafe.park(Native Method)
        at java.util.concurrent.locks.LockSupport.parkNanos(LockSupport.java:215)
        at java.util.concurrent.locks.AbstractQueuedSynchronizer$ConditionObject.awaitNanos(AbstractQueuedSynchronizer.java:2078)
        at org.eclipse.jetty.util.BlockingArrayQueue.poll(BlockingArrayQueue.java:382)
        at org.eclipse.jetty.util.thread.QueuedThreadPool$Runner.idleJobPoll(QueuedThreadPool.java:974)
        at org.eclipse.jetty.util.thread.QueuedThreadPool$Runner.run(QueuedThreadPool.java:1018)
        at java.lang.Thread.run(Thread.java:750)
"qtp1327233716-138" daemon prio=5 tid=138 timed_waiting
java.lang.Thread.State: TIMED_WAITING
        at sun.misc.Unsafe.park(Native Method)
        at java.util.concurrent.locks.LockSupport.parkNanos(LockSupport.java:215)
        at java.util.concurrent.locks.AbstractQueuedSynchronizer$ConditionObject.awaitNanos(AbstractQueuedSynchronizer.java:2078)
        at org.eclipse.jetty.util.BlockingArrayQueue.poll(BlockingArrayQueue.java:382)
        at org.eclipse.jetty.util.thread.QueuedThreadPool$Runner.idleJobPoll(QueuedThreadPool.java:974)
        at org.eclipse.jetty.util.thread.QueuedThreadPool$Runner.run(QueuedThreadPool.java:1018)
        at java.lang.Thread.run(Thread.java:750)
"IPC Server handler 4 on default port 33933" daemon prio=5 tid=148 timed_waiting
java.lang.Thread.State: TIMED_WAITING
        at sun.misc.Unsafe.park(Native Method)
        at java.util.concurrent.locks.LockSupport.parkNanos(LockSupport.java:215)
        at java.util.concurrent.locks.AbstractQueuedSynchronizer$ConditionObject.awaitNanos(AbstractQueuedSynchronizer.java:2078)
        at java.util.concurrent.LinkedBlockingQueue.poll(LinkedBlockingQueue.java:467)
        at org.apache.hadoop.ipc.CallQueueManager.take(CallQueueManager.java:317)
        at org.apache.hadoop.ipc.Server$Handler.run(Server.java:2942)
"org.apache.hadoop.ozone.container.common.statemachine.commandhandler.DeleteBlocksCommandHandler$DeleteCmdWorker@3a9fe0d4" daemon prio=5 tid=172 timed_waiting
java.lang.Thread.State: TIMED_WAITING
        at java.lang.Thread.sleep(Native Method)
        at org.apache.hadoop.ozone.container.common.statemachine.commandhandler.DeleteBlocksCommandHandler$DeleteCmdWorker.run(DeleteBlocksCommandHandler.java:183)
        at java.lang.Thread.run(Thread.java:750)
"Socket Reader #1 for port 0"  prio=5 tid=28 runnable
java.lang.Thread.State: RUNNABLE
        at sun.nio.ch.EPollArrayWrapper.epollWait(Native Method)
        at sun.nio.ch.EPollArrayWrapper.poll(EPollArrayWrapper.java:269)
        at sun.nio.ch.EPollSelectorImpl.doSelect(EPollSelectorImpl.java:93)
        at sun.nio.ch.SelectorImpl.lockAndDoSelect(SelectorImpl.java:86)
        at sun.nio.ch.SelectorImpl.select(SelectorImpl.java:97)
        at sun.nio.ch.SelectorImpl.select(SelectorImpl.java:101)
        at org.apache.hadoop.ipc.Server$Listener$Reader.doRunLoop(Server.java:1296)
        at org.apache.hadoop.ipc.Server$Listener$Reader.run(Server.java:1275)
"IPC Server handler 12 on default port 44657" daemon prio=5 tid=89 timed_waiting
java.lang.Thread.State: TIMED_WAITING
        at sun.misc.Unsafe.park(Native Method)
        at java.util.concurrent.locks.LockSupport.parkNanos(LockSupport.java:215)
        at java.util.concurrent.locks.AbstractQueuedSynchronizer$ConditionObject.awaitNanos(AbstractQueuedSynchronizer.java:2078)
        at java.util.concurrent.LinkedBlockingQueue.poll(LinkedBlockingQueue.java:467)
        at org.apache.hadoop.ipc.CallQueueManager.take(CallQueueManager.java:317)
        at org.apache.hadoop.ipc.Server$Handler.run(Server.java:2942)
"IPC Server handler 6 on default port 33933" daemon prio=5 tid=150 timed_waiting
java.lang.Thread.State: TIMED_WAITING
        at sun.misc.Unsafe.park(Native Method)
        at java.util.concurrent.locks.LockSupport.parkNanos(LockSupport.java:215)
        at java.util.concurrent.locks.AbstractQueuedSynchronizer$ConditionObject.awaitNanos(AbstractQueuedSynchronizer.java:2078)
        at java.util.concurrent.LinkedBlockingQueue.poll(LinkedBlockingQueue.java:467)
        at org.apache.hadoop.ipc.CallQueueManager.take(CallQueueManager.java:317)
        at org.apache.hadoop.ipc.Server$Handler.run(Server.java:2942)
"qtp1681627794-448-acceptor-0@6b031ff-ServerConnector@36b569f6{HTTP/1.1, (http/1.1)}{0.0.0.0:41343}" daemon prio=3 tid=448 runnable
java.lang.Thread.State: RUNNABLE
        at sun.nio.ch.ServerSocketChannelImpl.accept0(Native Method)
        at sun.nio.ch.ServerSocketChannelImpl.accept(ServerSocketChannelImpl.java:421)
        at sun.nio.ch.ServerSocketChannelImpl.accept(ServerSocketChannelImpl.java:249)
        at org.eclipse.jetty.server.ServerConnector.accept(ServerConnector.java:388)
        at org.eclipse.jetty.server.AbstractConnector$Acceptor.run(AbstractConnector.java:702)
        at org.eclipse.jetty.util.thread.QueuedThreadPool.runJob(QueuedThreadPool.java:883)
        at org.eclipse.jetty.util.thread.QueuedThreadPool$Runner.run(QueuedThreadPool.java:1034)
        at java.lang.Thread.run(Thread.java:750)
"Datanode State Machine Task Thread - 0"  prio=5 tid=362 in Object.wait()
java.lang.Thread.State: WAITING (on object monitor)
        at sun.misc.Unsafe.park(Native Method)
        at java.util.concurrent.locks.LockSupport.park(LockSupport.java:175)
        at java.util.concurrent.locks.AbstractQueuedSynchronizer$ConditionObject.await(AbstractQueuedSynchronizer.java:2039)
        at java.util.concurrent.LinkedBlockingQueue.take(LinkedBlockingQueue.java:442)
        at java.util.concurrent.ThreadPoolExecutor.getTask(ThreadPoolExecutor.java:1074)
        at java.util.concurrent.ThreadPoolExecutor.runWorker(ThreadPoolExecutor.java:1134)
        at java.util.concurrent.ThreadPoolExecutor$Worker.run(ThreadPoolExecutor.java:624)
        at java.lang.Thread.run(Thread.java:750)
"qtp1680882295-311" daemon prio=5 tid=311 timed_waiting
java.lang.Thread.State: TIMED_WAITING
        at sun.misc.Unsafe.park(Native Method)
        at java.util.concurrent.locks.LockSupport.parkNanos(LockSupport.java:215)
        at java.util.concurrent.locks.AbstractQueuedSynchronizer$ConditionObject.awaitNanos(AbstractQueuedSynchronizer.java:2078)
        at org.eclipse.jetty.util.BlockingArrayQueue.poll(BlockingArrayQueue.java:382)
        at org.eclipse.jetty.util.thread.QueuedThreadPool$Runner.idleJobPoll(QueuedThreadPool.java:974)
        at org.eclipse.jetty.util.thread.QueuedThreadPool$Runner.run(QueuedThreadPool.java:1018)
        at java.lang.Thread.run(Thread.java:750)
"ChunkWriter-3-0" daemon prio=5 tid=482 in Object.wait()
java.lang.Thread.State: WAITING (on object monitor)
        at sun.misc.Unsafe.park(Native Method)
        at java.util.concurrent.locks.LockSupport.park(LockSupport.java:175)
        at java.util.concurrent.locks.AbstractQueuedSynchronizer$ConditionObject.await(AbstractQueuedSynchronizer.java:2039)
        at java.util.concurrent.LinkedBlockingDeque.takeFirst(LinkedBlockingDeque.java:492)
        at java.util.concurrent.LinkedBlockingDeque.take(LinkedBlockingDeque.java:680)
        at java.util.concurrent.ThreadPoolExecutor.getTask(ThreadPoolExecutor.java:1074)
        at java.util.concurrent.ThreadPoolExecutor.runWorker(ThreadPoolExecutor.java:1134)
        at java.util.concurrent.ThreadPoolExecutor$Worker.run(ThreadPoolExecutor.java:624)
        at java.lang.Thread.run(Thread.java:750)
"Datanode ReportManager Thread - 0" daemon prio=5 tid=290 in Object.wait()
java.lang.Thread.State: WAITING (on object monitor)
        at sun.misc.Unsafe.park(Native Method)
        at java.util.concurrent.locks.LockSupport.park(LockSupport.java:175)
        at java.util.concurrent.locks.AbstractQueuedSynchronizer$ConditionObject.await(AbstractQueuedSynchronizer.java:2039)
        at java.util.concurrent.ScheduledThreadPoolExecutor$DelayedWorkQueue.take(ScheduledThreadPoolExecutor.java:1088)
        at java.util.concurrent.ScheduledThreadPoolExecutor$DelayedWorkQueue.take(ScheduledThreadPoolExecutor.java:809)
        at java.util.concurrent.ThreadPoolExecutor.getTask(ThreadPoolExecutor.java:1074)
        at java.util.concurrent.ThreadPoolExecutor.runWorker(ThreadPoolExecutor.java:1134)
        at java.util.concurrent.ThreadPoolExecutor$Worker.run(ThreadPoolExecutor.java:624)
        at java.lang.Thread.run(Thread.java:750)
"qtp1200218812-416" daemon prio=5 tid=416 timed_waiting
java.lang.Thread.State: TIMED_WAITING
        at sun.misc.Unsafe.park(Native Method)
        at java.util.concurrent.locks.LockSupport.parkNanos(LockSupport.java:215)
        at java.util.concurrent.locks.AbstractQueuedSynchronizer$ConditionObject.awaitNanos(AbstractQueuedSynchronizer.java:2078)
        at org.eclipse.jetty.util.BlockingArrayQueue.poll(BlockingArrayQueue.java:382)
        at org.eclipse.jetty.util.thread.QueuedThreadPool$Runner.idleJobPoll(QueuedThreadPool.java:974)
        at org.eclipse.jetty.util.thread.QueuedThreadPool$Runner.run(QueuedThreadPool.java:1018)
        at java.lang.Thread.run(Thread.java:750)
"ChunkWriter-1-0" daemon prio=5 tid=549 in Object.wait()
java.lang.Thread.State: WAITING (on object monitor)
        at sun.misc.Unsafe.park(Native Method)
        at java.util.concurrent.locks.LockSupport.park(LockSupport.java:175)
        at java.util.concurrent.locks.AbstractQueuedSynchronizer$ConditionObject.await(AbstractQueuedSynchronizer.java:2039)
        at java.util.concurrent.LinkedBlockingDeque.takeFirst(LinkedBlockingDeque.java:492)
        at java.util.concurrent.LinkedBlockingDeque.take(LinkedBlockingDeque.java:680)
        at java.util.concurrent.ThreadPoolExecutor.getTask(ThreadPoolExecutor.java:1074)
        at java.util.concurrent.ThreadPoolExecutor.runWorker(ThreadPoolExecutor.java:1134)
        at java.util.concurrent.ThreadPoolExecutor$Worker.run(ThreadPoolExecutor.java:624)
        at java.lang.Thread.run(Thread.java:750)
"pool-173-thread-1"  prio=5 tid=279 timed_waiting
java.lang.Thread.State: TIMED_WAITING
        at sun.misc.Unsafe.park(Native Method)
        at java.util.concurrent.locks.LockSupport.parkNanos(LockSupport.java:215)
        at java.util.concurrent.locks.AbstractQueuedSynchronizer$ConditionObject.awaitNanos(AbstractQueuedSynchronizer.java:2078)
        at java.util.concurrent.ScheduledThreadPoolExecutor$DelayedWorkQueue.take(ScheduledThreadPoolExecutor.java:1093)
        at java.util.concurrent.ScheduledThreadPoolExecutor$DelayedWorkQueue.take(ScheduledThreadPoolExecutor.java:809)
        at java.util.concurrent.ThreadPoolExecutor.getTask(ThreadPoolExecutor.java:1074)
        at java.util.concurrent.ThreadPoolExecutor.runWorker(ThreadPoolExecutor.java:1134)
        at java.util.concurrent.ThreadPoolExecutor$Worker.run(ThreadPoolExecutor.java:624)
        at java.lang.Thread.run(Thread.java:750)
"Signal Dispatcher" daemon prio=9 tid=4 runnable
java.lang.Thread.State: RUNNABLE
"qtp1681627794-449" daemon prio=5 tid=449 timed_waiting
java.lang.Thread.State: TIMED_WAITING
        at sun.misc.Unsafe.park(Native Method)
        at java.util.concurrent.locks.LockSupport.parkNanos(LockSupport.java:215)
        at java.util.concurrent.locks.AbstractQueuedSynchronizer$ConditionObject.awaitNanos(AbstractQueuedSynchronizer.java:2078)
        at org.eclipse.jetty.util.BlockingArrayQueue.poll(BlockingArrayQueue.java:382)
        at org.eclipse.jetty.util.thread.QueuedThreadPool$Runner.idleJobPoll(QueuedThreadPool.java:974)
        at org.eclipse.jetty.util.thread.QueuedThreadPool$Runner.run(QueuedThreadPool.java:1018)
        at java.lang.Thread.run(Thread.java:750)
"IPC Server handler 2 on default port 44657" daemon prio=5 tid=79 timed_waiting
java.lang.Thread.State: TIMED_WAITING
        at sun.misc.Unsafe.park(Native Method)
        at java.util.concurrent.locks.LockSupport.parkNanos(LockSupport.java:215)
        at java.util.concurrent.locks.AbstractQueuedSynchronizer$ConditionObject.awaitNanos(AbstractQueuedSynchronizer.java:2078)
        at java.util.concurrent.LinkedBlockingQueue.poll(LinkedBlockingQueue.java:467)
        at org.apache.hadoop.ipc.CallQueueManager.take(CallQueueManager.java:317)
        at org.apache.hadoop.ipc.Server$Handler.run(Server.java:2942)
"IPC Server handler 16 on default port 44657" daemon prio=5 tid=93 timed_waiting
java.lang.Thread.State: TIMED_WAITING
        at sun.misc.Unsafe.park(Native Method)
        at java.util.concurrent.locks.LockSupport.parkNanos(LockSupport.java:215)
        at java.util.concurrent.locks.AbstractQueuedSynchronizer$ConditionObject.awaitNanos(AbstractQueuedSynchronizer.java:2078)
        at java.util.concurrent.LinkedBlockingQueue.poll(LinkedBlockingQueue.java:467)
        at org.apache.hadoop.ipc.CallQueueManager.take(CallQueueManager.java:317)
        at org.apache.hadoop.ipc.Server$Handler.run(Server.java:2942)
"44dad4d2-9f73-4874-a36a-585ee387199d@group-A5C3D62238FA-StateMachineUpdater" daemon prio=5 tid=640 timed_waiting
java.lang.Thread.State: TIMED_WAITING
        at sun.misc.Unsafe.park(Native Method)
        at java.util.concurrent.locks.LockSupport.parkNanos(LockSupport.java:215)
        at java.util.concurrent.CompletableFuture$Signaller.block(CompletableFuture.java:1709)
        at java.util.concurrent.ForkJoinPool.managedBlock(ForkJoinPool.java:3323)
        at java.util.concurrent.CompletableFuture.timedGet(CompletableFuture.java:1788)
        at java.util.concurrent.CompletableFuture.get(CompletableFuture.java:1928)
        at org.apache.ratis.util.AwaitForSignal.await(AwaitForSignal.java:56)
        at org.apache.ratis.server.impl.StateMachineUpdater.waitForCommit(StateMachineUpdater.java:207)
        at org.apache.ratis.server.impl.StateMachineUpdater.run(StateMachineUpdater.java:176)
        at java.lang.Thread.run(Thread.java:750)
"Periodic HDDS volume checker" daemon prio=5 tid=221 timed_waiting
java.lang.Thread.State: TIMED_WAITING
        at sun.misc.Unsafe.park(Native Method)
        at java.util.concurrent.locks.LockSupport.parkNanos(LockSupport.java:215)
        at java.util.concurrent.locks.AbstractQueuedSynchronizer$ConditionObject.awaitNanos(AbstractQueuedSynchronizer.java:2078)
        at java.util.concurrent.ScheduledThreadPoolExecutor$DelayedWorkQueue.take(ScheduledThreadPoolExecutor.java:1093)
        at java.util.concurrent.ScheduledThreadPoolExecutor$DelayedWorkQueue.take(ScheduledThreadPoolExecutor.java:809)
        at java.util.concurrent.ThreadPoolExecutor.getTask(ThreadPoolExecutor.java:1074)
        at java.util.concurrent.ThreadPoolExecutor.runWorker(ThreadPoolExecutor.java:1134)
        at java.util.concurrent.ThreadPoolExecutor$Worker.run(ThreadPoolExecutor.java:624)
        at java.lang.Thread.run(Thread.java:750)
"grpc-default-boss-ELG-1-1" daemon prio=5 tid=128 runnable
java.lang.Thread.State: RUNNABLE
        at org.apache.ratis.thirdparty.io.netty.channel.epoll.Native.epollWait(Native Method)
        at org.apache.ratis.thirdparty.io.netty.channel.epoll.Native.epollWait(Native.java:193)
        at org.apache.ratis.thirdparty.io.netty.channel.epoll.Native.epollWait(Native.java:186)
        at org.apache.ratis.thirdparty.io.netty.channel.epoll.EpollEventLoop.epollWaitNoTimerChange(EpollEventLoop.java:290)
        at org.apache.ratis.thirdparty.io.netty.channel.epoll.EpollEventLoop.run(EpollEventLoop.java:347)
        at org.apache.ratis.thirdparty.io.netty.util.concurrent.SingleThreadEventExecutor$4.run(SingleThreadEventExecutor.java:986)
        at org.apache.ratis.thirdparty.io.netty.util.internal.ThreadExecutorMap$2.run(ThreadExecutorMap.java:74)
        at org.apache.ratis.thirdparty.io.netty.util.concurrent.FastThreadLocalRunnable.run(FastThreadLocalRunnable.java:30)
        at java.lang.Thread.run(Thread.java:750)
"qtp943804946-334-acceptor-0@70db727e-ServerConnector@cdf857d{HTTP/1.1, (http/1.1)}{0.0.0.0:36193}" daemon prio=3 tid=334 runnable
java.lang.Thread.State: RUNNABLE
        at sun.nio.ch.ServerSocketChannelImpl.accept0(Native Method)
        at sun.nio.ch.ServerSocketChannelImpl.accept(ServerSocketChannelImpl.java:421)
        at sun.nio.ch.ServerSocketChannelImpl.accept(ServerSocketChannelImpl.java:249)
        at org.eclipse.jetty.server.ServerConnector.accept(ServerConnector.java:388)
        at org.eclipse.jetty.server.AbstractConnector$Acceptor.run(AbstractConnector.java:702)
        at org.eclipse.jetty.util.thread.QueuedThreadPool.runJob(QueuedThreadPool.java:883)
        at org.eclipse.jetty.util.thread.QueuedThreadPool$Runner.run(QueuedThreadPool.java:1034)
        at java.lang.Thread.run(Thread.java:750)
"qtp1327233716-135" daemon prio=5 tid=135 runnable
java.lang.Thread.State: RUNNABLE
        at sun.nio.ch.EPollArrayWrapper.epollWait(Native Method)
        at sun.nio.ch.EPollArrayWrapper.poll(EPollArrayWrapper.java:269)
        at sun.nio.ch.EPollSelectorImpl.doSelect(EPollSelectorImpl.java:93)
        at sun.nio.ch.SelectorImpl.lockAndDoSelect(SelectorImpl.java:86)
        at sun.nio.ch.SelectorImpl.select(SelectorImpl.java:97)
        at sun.nio.ch.SelectorImpl.select(SelectorImpl.java:101)
        at org.eclipse.jetty.io.ManagedSelector.nioSelect(ManagedSelector.java:183)
        at org.eclipse.jetty.io.ManagedSelector.select(ManagedSelector.java:190)
        at org.eclipse.jetty.io.ManagedSelector$SelectorProducer.select(ManagedSelector.java:606)
        at org.eclipse.jetty.io.ManagedSelector$SelectorProducer.produce(ManagedSelector.java:543)
        at org.eclipse.jetty.util.thread.strategy.EatWhatYouKill.produceTask(EatWhatYouKill.java:362)
        at org.eclipse.jetty.util.thread.strategy.EatWhatYouKill.doProduce(EatWhatYouKill.java:186)
        at org.eclipse.jetty.util.thread.strategy.EatWhatYouKill.tryProduce(EatWhatYouKill.java:173)
        at org.eclipse.jetty.util.thread.strategy.EatWhatYouKill.produce(EatWhatYouKill.java:137)
        at org.eclipse.jetty.io.ManagedSelector$$Lambda$444/1480051614.run(Unknown Source)
        at org.eclipse.jetty.util.thread.QueuedThreadPool.runJob(QueuedThreadPool.java:883)
        at org.eclipse.jetty.util.thread.QueuedThreadPool$Runner.run(QueuedThreadPool.java:1034)
        at java.lang.Thread.run(Thread.java:750)
"StaleRecoveringContainerScrubbingService#2" daemon prio=5 tid=1045 in Object.wait()
java.lang.Thread.State: WAITING (on object monitor)
        at sun.misc.Unsafe.park(Native Method)
        at java.util.concurrent.locks.LockSupport.park(LockSupport.java:175)
        at java.util.concurrent.locks.AbstractQueuedSynchronizer$ConditionObject.await(AbstractQueuedSynchronizer.java:2039)
        at java.util.concurrent.ScheduledThreadPoolExecutor$DelayedWorkQueue.take(ScheduledThreadPoolExecutor.java:1088)
        at java.util.concurrent.ScheduledThreadPoolExecutor$DelayedWorkQueue.take(ScheduledThreadPoolExecutor.java:809)
        at java.util.concurrent.ThreadPoolExecutor.getTask(ThreadPoolExecutor.java:1074)
        at java.util.concurrent.ThreadPoolExecutor.runWorker(ThreadPoolExecutor.java:1134)
        at java.util.concurrent.ThreadPoolExecutor$Worker.run(ThreadPoolExecutor.java:624)
        at java.lang.Thread.run(Thread.java:750)
"ChunkWriter-3-0" daemon prio=5 tid=470 in Object.wait()
java.lang.Thread.State: WAITING (on object monitor)
        at sun.misc.Unsafe.park(Native Method)
        at java.util.concurrent.locks.LockSupport.park(LockSupport.java:175)
        at java.util.concurrent.locks.AbstractQueuedSynchronizer$ConditionObject.await(AbstractQueuedSynchronizer.java:2039)
        at java.util.concurrent.LinkedBlockingDeque.takeFirst(LinkedBlockingDeque.java:492)
        at java.util.concurrent.LinkedBlockingDeque.take(LinkedBlockingDeque.java:680)
        at java.util.concurrent.ThreadPoolExecutor.getTask(ThreadPoolExecutor.java:1074)
        at java.util.concurrent.ThreadPoolExecutor.runWorker(ThreadPoolExecutor.java:1134)
        at java.util.concurrent.ThreadPoolExecutor$Worker.run(ThreadPoolExecutor.java:624)
        at java.lang.Thread.run(Thread.java:750)
"ChunkReader-ELG-0" daemon prio=5 tid=438 runnable
java.lang.Thread.State: RUNNABLE
        at org.apache.ratis.thirdparty.io.netty.channel.epoll.Native.epollWait(Native Method)
        at org.apache.ratis.thirdparty.io.netty.channel.epoll.Native.epollWait(Native.java:193)
        at org.apache.ratis.thirdparty.io.netty.channel.epoll.Native.epollWait(Native.java:186)
        at org.apache.ratis.thirdparty.io.netty.channel.epoll.EpollEventLoop.epollWaitNoTimerChange(EpollEventLoop.java:290)
        at org.apache.ratis.thirdparty.io.netty.channel.epoll.EpollEventLoop.run(EpollEventLoop.java:347)
        at org.apache.ratis.thirdparty.io.netty.util.concurrent.SingleThreadEventExecutor$4.run(SingleThreadEventExecutor.java:986)
        at org.apache.ratis.thirdparty.io.netty.util.internal.ThreadExecutorMap$2.run(ThreadExecutorMap.java:74)
        at java.lang.Thread.run(Thread.java:750)
"Datanode ReportManager Thread - 2" daemon prio=5 tid=385 in Object.wait()
java.lang.Thread.State: WAITING (on object monitor)
        at sun.misc.Unsafe.park(Native Method)
        at java.util.concurrent.locks.LockSupport.park(LockSupport.java:175)
        at java.util.concurrent.locks.AbstractQueuedSynchronizer$ConditionObject.await(AbstractQueuedSynchronizer.java:2039)
        at java.util.concurrent.ScheduledThreadPoolExecutor$DelayedWorkQueue.take(ScheduledThreadPoolExecutor.java:1088)
        at java.util.concurrent.ScheduledThreadPoolExecutor$DelayedWorkQueue.take(ScheduledThreadPoolExecutor.java:809)
        at java.util.concurrent.ThreadPoolExecutor.getTask(ThreadPoolExecutor.java:1074)
        at java.util.concurrent.ThreadPoolExecutor.runWorker(ThreadPoolExecutor.java:1134)
        at java.util.concurrent.ThreadPoolExecutor$Worker.run(ThreadPoolExecutor.java:624)
        at java.lang.Thread.run(Thread.java:750)
"Datanode State Machine Task Thread - 1"  prio=5 tid=477 in Object.wait()
java.lang.Thread.State: WAITING (on object monitor)
        at sun.misc.Unsafe.park(Native Method)
        at java.util.concurrent.locks.LockSupport.park(LockSupport.java:175)
        at java.util.concurrent.locks.AbstractQueuedSynchronizer$ConditionObject.await(AbstractQueuedSynchronizer.java:2039)
        at java.util.concurrent.LinkedBlockingQueue.take(LinkedBlockingQueue.java:442)
        at java.util.concurrent.ThreadPoolExecutor.getTask(ThreadPoolExecutor.java:1074)
        at java.util.concurrent.ThreadPoolExecutor.runWorker(ThreadPoolExecutor.java:1134)
        at java.util.concurrent.ThreadPoolExecutor$Worker.run(ThreadPoolExecutor.java:624)
        at java.lang.Thread.run(Thread.java:750)
"Datanode State Machine Task Thread - 0"  prio=5 tid=191 in Object.wait()
java.lang.Thread.State: WAITING (on object monitor)
        at sun.misc.Unsafe.park(Native Method)
        at java.util.concurrent.locks.LockSupport.park(LockSupport.java:175)
        at java.util.concurrent.locks.AbstractQueuedSynchronizer$ConditionObject.await(AbstractQueuedSynchronizer.java:2039)
        at java.util.concurrent.LinkedBlockingQueue.take(LinkedBlockingQueue.java:442)
        at java.util.concurrent.ThreadPoolExecutor.getTask(ThreadPoolExecutor.java:1074)
        at java.util.concurrent.ThreadPoolExecutor.runWorker(ThreadPoolExecutor.java:1134)
        at java.util.concurrent.ThreadPoolExecutor$Worker.run(ThreadPoolExecutor.java:624)
        at java.lang.Thread.run(Thread.java:750)
"IPC Server handler 0 on default port 35271" daemon prio=5 tid=57 timed_waiting
java.lang.Thread.State: TIMED_WAITING
        at sun.misc.Unsafe.park(Native Method)
        at java.util.concurrent.locks.LockSupport.parkNanos(LockSupport.java:215)
        at java.util.concurrent.locks.AbstractQueuedSynchronizer$ConditionObject.awaitNanos(AbstractQueuedSynchronizer.java:2078)
        at java.util.concurrent.LinkedBlockingQueue.poll(LinkedBlockingQueue.java:467)
        at org.apache.hadoop.ipc.CallQueueManager.take(CallQueueManager.java:317)
        at org.apache.hadoop.ipc.Server$Handler.run(Server.java:2942)
"IPC Server idle connection scanner for port 43155" daemon prio=5 tid=33 timed_waiting
java.lang.Thread.State: TIMED_WAITING
        at java.lang.Object.wait(Native Method)
        at java.util.TimerThread.mainLoop(Timer.java:552)
        at java.util.TimerThread.run(Timer.java:505)
"EndpointStateMachine task thread for /0.0.0.0:44657 - 0 "  prio=5 tid=509 in Object.wait()
java.lang.Thread.State: WAITING (on object monitor)
        at sun.misc.Unsafe.park(Native Method)
        at java.util.concurrent.locks.LockSupport.park(LockSupport.java:175)
        at java.util.concurrent.locks.AbstractQueuedSynchronizer$ConditionObject.await(AbstractQueuedSynchronizer.java:2039)
        at java.util.concurrent.LinkedBlockingQueue.take(LinkedBlockingQueue.java:442)
        at java.util.concurrent.ThreadPoolExecutor.getTask(ThreadPoolExecutor.java:1074)
        at java.util.concurrent.ThreadPoolExecutor.runWorker(ThreadPoolExecutor.java:1134)
        at java.util.concurrent.ThreadPoolExecutor$Worker.run(ThreadPoolExecutor.java:624)
        at java.lang.Thread.run(Thread.java:750)
"om1@group-C5BA1605619E-StateMachineUpdater" daemon prio=5 tid=121 timed_waiting
java.lang.Thread.State: TIMED_WAITING
        at sun.misc.Unsafe.park(Native Method)
        at java.util.concurrent.locks.LockSupport.parkNanos(LockSupport.java:215)
        at java.util.concurrent.CompletableFuture$Signaller.block(CompletableFuture.java:1709)
        at java.util.concurrent.ForkJoinPool.managedBlock(ForkJoinPool.java:3323)
        at java.util.concurrent.CompletableFuture.timedGet(CompletableFuture.java:1788)
        at java.util.concurrent.CompletableFuture.get(CompletableFuture.java:1928)
        at org.apache.ratis.util.AwaitForSignal.await(AwaitForSignal.java:56)
        at org.apache.ratis.server.impl.StateMachineUpdater.waitForCommit(StateMachineUpdater.java:207)
        at org.apache.ratis.server.impl.StateMachineUpdater.run(StateMachineUpdater.java:176)
        at java.lang.Thread.run(Thread.java:750)
"IPC Server handler 12 on default port 43155" daemon prio=5 tid=49 timed_waiting
java.lang.Thread.State: TIMED_WAITING
        at sun.misc.Unsafe.park(Native Method)
        at java.util.concurrent.locks.LockSupport.parkNanos(LockSupport.java:215)
        at java.util.concurrent.locks.AbstractQueuedSynchronizer$ConditionObject.awaitNanos(AbstractQueuedSynchronizer.java:2078)
        at java.util.concurrent.LinkedBlockingQueue.poll(LinkedBlockingQueue.java:467)
        at org.apache.hadoop.ipc.CallQueueManager.take(CallQueueManager.java:317)
        at org.apache.hadoop.ipc.Server$Handler.run(Server.java:2942)
"org.apache.hadoop.util.JvmPauseMonitor$Monitor@659bcbd6" daemon prio=5 tid=296 timed_waiting
java.lang.Thread.State: TIMED_WAITING
        at java.lang.Thread.sleep(Native Method)
        at org.apache.hadoop.util.JvmPauseMonitor$Monitor.run(JvmPauseMonitor.java:192)
        at java.lang.Thread.run(Thread.java:750)
"458f4e14-7f73-425f-a1e6-d20318ddd1ae@group-DE162C72CFA8-LeaderStateImpl" daemon prio=5 tid=693 timed_waiting
java.lang.Thread.State: TIMED_WAITING
        at sun.misc.Unsafe.park(Native Method)
        at java.util.concurrent.locks.LockSupport.parkNanos(LockSupport.java:215)
        at java.util.concurrent.locks.AbstractQueuedSynchronizer$ConditionObject.awaitNanos(AbstractQueuedSynchronizer.java:2078)
        at java.util.concurrent.ArrayBlockingQueue.poll(ArrayBlockingQueue.java:418)
        at org.apache.ratis.server.impl.LeaderStateImpl$EventQueue.poll(LeaderStateImpl.java:159)
        at org.apache.ratis.server.impl.LeaderStateImpl$EventProcessor.run(LeaderStateImpl.java:630)
"cc783127-5661-4bf3-9a81-5237862e92f6@group-669F9DCBA326-StateMachineUpdater" daemon prio=5 tid=633 timed_waiting
java.lang.Thread.State: TIMED_WAITING
        at sun.misc.Unsafe.park(Native Method)
        at java.util.concurrent.locks.LockSupport.parkNanos(LockSupport.java:215)
        at java.util.concurrent.CompletableFuture$Signaller.block(CompletableFuture.java:1709)
        at java.util.concurrent.ForkJoinPool.managedBlock(ForkJoinPool.java:3323)
        at java.util.concurrent.CompletableFuture.timedGet(CompletableFuture.java:1788)
        at java.util.concurrent.CompletableFuture.get(CompletableFuture.java:1928)
        at org.apache.ratis.util.AwaitForSignal.await(AwaitForSignal.java:56)
        at org.apache.ratis.server.impl.StateMachineUpdater.waitForCommit(StateMachineUpdater.java:207)
        at org.apache.ratis.server.impl.StateMachineUpdater.run(StateMachineUpdater.java:176)
        at java.lang.Thread.run(Thread.java:750)
"1c12248a-391b-407f-adc5-34f451ebab0a@group-D73006B0921B->5a2944c9-75d7-4a8d-9ead-f995138127cc-GrpcLogAppender-LogAppenderDaemon" daemon prio=5 tid=889 timed_waiting
java.lang.Thread.State: TIMED_WAITING
        at sun.misc.Unsafe.park(Native Method)
        at java.util.concurrent.locks.LockSupport.parkNanos(LockSupport.java:215)
        at java.util.concurrent.CompletableFuture$Signaller.block(CompletableFuture.java:1709)
        at java.util.concurrent.ForkJoinPool.managedBlock(ForkJoinPool.java:3323)
        at java.util.concurrent.CompletableFuture.timedGet(CompletableFuture.java:1788)
        at java.util.concurrent.CompletableFuture.get(CompletableFuture.java:1928)
        at org.apache.ratis.util.AwaitForSignal.await(AwaitForSignal.java:56)
        at org.apache.ratis.grpc.server.GrpcLogAppender.mayWait(GrpcLogAppender.java:169)
        at org.apache.ratis.grpc.server.GrpcLogAppender.run(GrpcLogAppender.java:128)
        at org.apache.ratis.server.leader.LogAppenderDaemon.run(LogAppenderDaemon.java:77)
        at org.apache.ratis.server.leader.LogAppenderDaemon$$Lambda$1014/1700417656.run(Unknown Source)
        at java.lang.Thread.run(Thread.java:750)
"1c12248a-391b-407f-adc5-34f451ebab0a@group-3825EEDB64AD-SegmentedRaftLogWorker"  prio=5 tid=608 timed_waiting
java.lang.Thread.State: TIMED_WAITING
        at sun.misc.Unsafe.park(Native Method)
        at java.util.concurrent.locks.LockSupport.parkNanos(LockSupport.java:215)
        at java.util.concurrent.locks.AbstractQueuedSynchronizer$ConditionObject.awaitNanos(AbstractQueuedSynchronizer.java:2078)
        at org.apache.ratis.util.DataBlockingQueue.poll(DataBlockingQueue.java:148)
        at org.apache.ratis.server.raftlog.segmented.SegmentedRaftLogWorker.run(SegmentedRaftLogWorker.java:301)
        at org.apache.ratis.server.raftlog.segmented.SegmentedRaftLogWorker$$Lambda$612/1848693335.run(Unknown Source)
        at java.lang.Thread.run(Thread.java:750)
"IPC Server handler 8 on default port 43155" daemon prio=5 tid=45 timed_waiting
java.lang.Thread.State: TIMED_WAITING
        at sun.misc.Unsafe.park(Native Method)
        at java.util.concurrent.locks.LockSupport.parkNanos(LockSupport.java:215)
        at java.util.concurrent.locks.AbstractQueuedSynchronizer$ConditionObject.awaitNanos(AbstractQueuedSynchronizer.java:2078)
        at java.util.concurrent.LinkedBlockingQueue.poll(LinkedBlockingQueue.java:467)
        at org.apache.hadoop.ipc.CallQueueManager.take(CallQueueManager.java:317)
        at org.apache.hadoop.ipc.Server$Handler.run(Server.java:2942)
"IPC Server handler 10 on default port 35271" daemon prio=5 tid=67 timed_waiting
java.lang.Thread.State: TIMED_WAITING
        at sun.misc.Unsafe.park(Native Method)
        at java.util.concurrent.locks.LockSupport.parkNanos(LockSupport.java:215)
        at java.util.concurrent.locks.AbstractQueuedSynchronizer$ConditionObject.awaitNanos(AbstractQueuedSynchronizer.java:2078)
        at java.util.concurrent.LinkedBlockingQueue.poll(LinkedBlockingQueue.java:467)
        at org.apache.hadoop.ipc.CallQueueManager.take(CallQueueManager.java:317)
        at org.apache.hadoop.ipc.Server$Handler.run(Server.java:2942)


	at org.apache.ozone.test.GenericTestUtils.waitFor(GenericTestUtils.java:224)
	at org.apache.hadoop.ozone.container.TestECContainerRecovery.waitForContainerCount(TestECContainerRecovery.java:265)
	at org.apache.hadoop.ozone.container.TestECContainerRecovery.testContainerRecoveryOverReplicationProcessing(TestECContainerRecovery.java:209)
	at sun.reflect.NativeMethodAccessorImpl.invoke0(Native Method)
	at sun.reflect.NativeMethodAccessorImpl.invoke(NativeMethodAccessorImpl.java:62)
	at sun.reflect.DelegatingMethodAccessorImpl.invoke(DelegatingMethodAccessorImpl.java:43)
	at java.lang.reflect.Method.invoke(Method.java:498)
	at org.junit.platform.commons.util.ReflectionUtils.invokeMethod(ReflectionUtils.java:725)
	at org.junit.jupiter.engine.execution.MethodInvocation.proceed(MethodInvocation.java:60)
	at org.junit.jupiter.engine.execution.InvocationInterceptorChain$ValidatingInvocation.proceed(InvocationInterceptorChain.java:131)
	at org.junit.jupiter.engine.extension.TimeoutExtension.intercept(TimeoutExtension.java:149)
	at org.junit.jupiter.engine.extension.TimeoutExtension.interceptTestableMethod(TimeoutExtension.java:140)
	at org.junit.jupiter.engine.extension.TimeoutExtension.interceptTestMethod(TimeoutExtension.java:84)
	at org.junit.jupiter.engine.execution.ExecutableInvoker$ReflectiveInterceptorCall.lambda$ofVoidMethod$0(ExecutableInvoker.java:115)
	at org.junit.jupiter.engine.execution.ExecutableInvoker.lambda$invoke$0(ExecutableInvoker.java:105)
	at org.junit.jupiter.engine.execution.InvocationInterceptorChain$InterceptedInvocation.proceed(InvocationInterceptorChain.java:106)
	at org.junit.jupiter.engine.execution.InvocationInterceptorChain.proceed(InvocationInterceptorChain.java:64)
	at org.junit.jupiter.engine.execution.InvocationInterceptorChain.chainAndInvoke(InvocationInterceptorChain.java:45)
	at org.junit.jupiter.engine.execution.InvocationInterceptorChain.invoke(InvocationInterceptorChain.java:37)
	at org.junit.jupiter.engine.execution.ExecutableInvoker.invoke(ExecutableInvoker.java:104)
	at org.junit.jupiter.engine.execution.ExecutableInvoker.invoke(ExecutableInvoker.java:98)
	at org.junit.jupiter.engine.descriptor.TestMethodTestDescriptor.lambda$invokeTestMethod$7(TestMethodTestDescriptor.java:214)
	at org.junit.platform.engine.support.hierarchical.ThrowableCollector.execute(ThrowableCollector.java:73)
	at org.junit.jupiter.engine.descriptor.TestMethodTestDescriptor.invokeTestMethod(TestMethodTestDescriptor.java:210)
	at org.junit.jupiter.engine.descriptor.TestMethodTestDescriptor.execute(TestMethodTestDescriptor.java:135)
	at org.junit.jupiter.engine.descriptor.TestMethodTestDescriptor.execute(TestMethodTestDescriptor.java:66)
	at org.junit.platform.engine.support.hierarchical.NodeTestTask.lambda$executeRecursively$6(NodeTestTask.java:151)
	at org.junit.platform.engine.support.hierarchical.ThrowableCollector.execute(ThrowableCollector.java:73)
	at org.junit.platform.engine.support.hierarchical.NodeTestTask.lambda$executeRecursively$8(NodeTestTask.java:141)
	at org.junit.platform.engine.support.hierarchical.Node.around(Node.java:137)
	at org.junit.platform.engine.support.hierarchical.NodeTestTask.lambda$executeRecursively$9(NodeTestTask.java:139)
	at org.junit.platform.engine.support.hierarchical.ThrowableCollector.execute(ThrowableCollector.java:73)
	at org.junit.platform.engine.support.hierarchical.NodeTestTask.executeRecursively(NodeTestTask.java:138)
	at org.junit.platform.engine.support.hierarchical.NodeTestTask.execute(NodeTestTask.java:95)
	at java.util.ArrayList.forEach(ArrayList.java:1259)
	at org.junit.platform.engine.support.hierarchical.SameThreadHierarchicalTestExecutorService.invokeAll(SameThreadHierarchicalTestExecutorService.java:41)
	at org.junit.platform.engine.support.hierarchical.NodeTestTask.lambda$executeRecursively$6(NodeTestTask.java:155)
	at org.junit.platform.engine.support.hierarchical.ThrowableCollector.execute(ThrowableCollector.java:73)
	at org.junit.platform.engine.support.hierarchical.NodeTestTask.lambda$executeRecursively$8(NodeTestTask.java:141)
	at org.junit.platform.engine.support.hierarchical.Node.around(Node.java:137)
	at org.junit.platform.engine.support.hierarchical.NodeTestTask.lambda$executeRecursively$9(NodeTestTask.java:139)
	at org.junit.platform.engine.support.hierarchical.ThrowableCollector.execute(ThrowableCollector.java:73)
	at org.junit.platform.engine.support.hierarchical.NodeTestTask.executeRecursively(NodeTestTask.java:138)
	at org.junit.platform.engine.support.hierarchical.NodeTestTask.execute(NodeTestTask.java:95)
	at java.util.ArrayList.forEach(ArrayList.java:1259)
	at org.junit.platform.engine.support.hierarchical.SameThreadHierarchicalTestExecutorService.invokeAll(SameThreadHierarchicalTestExecutorService.java:41)
	at org.junit.platform.engine.support.hierarchical.NodeTestTask.lambda$executeRecursively$6(NodeTestTask.java:155)
	at org.junit.platform.engine.support.hierarchical.ThrowableCollector.execute(ThrowableCollector.java:73)
	at org.junit.platform.engine.support.hierarchical.NodeTestTask.lambda$executeRecursively$8(NodeTestTask.java:141)
	at org.junit.platform.engine.support.hierarchical.Node.around(Node.java:137)
	at org.junit.platform.engine.support.hierarchical.NodeTestTask.lambda$executeRecursively$9(NodeTestTask.java:139)
	at org.junit.platform.engine.support.hierarchical.ThrowableCollector.execute(ThrowableCollector.java:73)
	at org.junit.platform.engine.support.hierarchical.NodeTestTask.executeRecursively(NodeTestTask.java:138)
	at org.junit.platform.engine.support.hierarchical.NodeTestTask.execute(NodeTestTask.java:95)
	at org.junit.platform.engine.support.hierarchical.SameThreadHierarchicalTestExecutorService.submit(SameThreadHierarchicalTestExecutorService.java:35)
	at org.junit.platform.engine.support.hierarchical.HierarchicalTestExecutor.execute(HierarchicalTestExecutor.java:57)
	at org.junit.platform.engine.support.hierarchical.HierarchicalTestEngine.execute(HierarchicalTestEngine.java:54)
	at org.junit.platform.launcher.core.EngineExecutionOrchestrator.execute(EngineExecutionOrchestrator.java:107)
	at org.junit.platform.launcher.core.EngineExecutionOrchestrator.execute(EngineExecutionOrchestrator.java:88)
	at org.junit.platform.launcher.core.EngineExecutionOrchestrator.lambda$execute$0(EngineExecutionOrchestrator.java:54)
	at org.junit.platform.launcher.core.EngineExecutionOrchestrator.withInterceptedStreams(EngineExecutionOrchestrator.java:67)
	at org.junit.platform.launcher.core.EngineExecutionOrchestrator.execute(EngineExecutionOrchestrator.java:52)
	at org.junit.platform.launcher.core.DefaultLauncher.execute(DefaultLauncher.java:114)
	at org.junit.platform.launcher.core.DefaultLauncher.execute(DefaultLauncher.java:86)
	at org.junit.platform.launcher.core.DefaultLauncherSession$DelegatingLauncher.execute(DefaultLauncherSession.java:86)
	at org.junit.platform.launcher.core.SessionPerRequestLauncher.execute(SessionPerRequestLauncher.java:53)
	at org.apache.maven.surefire.junitplatform.JUnitPlatformProvider.execute(JUnitPlatformProvider.java:188)
	at org.apache.maven.surefire.junitplatform.JUnitPlatformProvider.invokeAllTests(JUnitPlatformProvider.java:154)
	at org.apache.maven.surefire.junitplatform.JUnitPlatformProvider.invoke(JUnitPlatformProvider.java:124)
	at org.apache.maven.surefire.booter.ForkedBooter.runSuitesInProcess(ForkedBooter.java:428)
	at org.apache.maven.surefire.booter.ForkedBooter.execute(ForkedBooter.java:162)
	at org.apache.maven.surefire.booter.ForkedBooter.run(ForkedBooter.java:562)
	at org.apache.maven.surefire.booter.ForkedBooter.main(ForkedBooter.java:548)
]]></error>
    <system-out><![CDATA[2022-10-13 11:44:02,181 [main] WARN  server.ServerUtils (ServerUtils.java:getScmDbDir(148)) - ozone.scm.db.dirs is not configured. We recommend adding this setting. Falling back to ozone.metadata.dirs instead.
2022-10-13 11:44:02,276 [main] WARN  server.ServerUtils (ServerUtils.java:getScmDbDir(148)) - ozone.scm.db.dirs is not configured. We recommend adding this setting. Falling back to ozone.metadata.dirs instead.
2022-10-13 11:44:02,279 [main] INFO  ha.SCMHANodeDetails (SCMHANodeDetails.java:loadSCMHAConfig(209)) - ServiceID for StorageContainerManager is null
2022-10-13 11:44:02,288 [main] WARN  ha.SCMHANodeDetails (SCMHANodeDetails.java:validateSCMHAConfig(182)) - Invalid config ozone.scm.ratis.enable. The config was not specified, but the default value true conflicts with the expected config value false. Falling back to the expected value. Current State of SCM: SCM is running in Non-HA without Ratis Ratis SCM -> Non Ratis SCM or Non HA SCM -> HA SCM is not supported
2022-10-13 11:44:02,288 [main] INFO  ha.SCMHANodeDetails (SCMHANodeDetails.java:loadSCMHAConfig(214)) - ozone.scm.default.service.id is not defined, falling back to ozone.scm.service.ids to find serviceID for StorageContainerManager if it is HA enabled cluster
2022-10-13 11:44:02,736 [main] WARN  utils.HAUtils (HAUtils.java:getMetaDir(342)) - ozone.scm.db.dirs is not configured. We recommend adding this setting. Falling back to ozone.metadata.dirs instead.
2022-10-13 11:44:02,870 [main] WARN  db.DBStoreBuilder (DBStoreBuilder.java:applyDBDefinition(144)) - ozone.scm.db.dirs is not configured. We recommend adding this setting. Falling back to ozone.metadata.dirs instead.
2022-10-13 11:44:03,136 [main] INFO  net.NodeSchemaLoader (NodeSchemaLoader.java:loadSchemaFromFile(129)) - Loading schema from [jar:file:/home/runner/.m2/repository/org/apache/ozone/hdds-common/1.3.0-SNAPSHOT/hdds-common-1.3.0-SNAPSHOT.jar!/network-topology-default.xml]
2022-10-13 11:44:03,138 [main] INFO  net.NodeSchemaLoader (NodeSchemaLoader.java:loadSchema(176)) - Loading network topology layer schema file
2022-10-13 11:44:03,177 [main] INFO  metrics.MetricRegistries (MetricRegistriesLoader.java:load(64)) - Loaded MetricRegistries class org.apache.ratis.metrics.impl.MetricRegistriesImpl
2022-10-13 11:44:03,183 [main] INFO  upgrade.AbstractLayoutVersionManager (AbstractLayoutVersionManager.java:init(83)) - Initializing Layout version manager with metadata layout = DATANODE_SCHEMA_V3 (version = 4), software layout = DATANODE_SCHEMA_V3 (version = 4)
2022-10-13 11:44:03,415 [main] INFO  reflections.Reflections (Reflections.java:scan(232)) - Reflections took 150 ms to scan 7 urls, producing 137 keys and 328 values 
2022-10-13 11:44:03,548 [main] INFO  ha.SequenceIdGenerator (SequenceIdGenerator.java:upgradeToSequenceId(349)) - upgrade localId to 109611004723200000
2022-10-13 11:44:03,549 [main] INFO  ha.SequenceIdGenerator (SequenceIdGenerator.java:upgradeToSequenceId(359)) - upgrade delTxnId to 0
2022-10-13 11:44:03,559 [main] INFO  ha.SequenceIdGenerator (SequenceIdGenerator.java:upgradeToSequenceId(376)) - upgrade containerId to 0
2022-10-13 11:44:03,562 [main] INFO  ha.SequenceIdGenerator (SequenceIdGenerator.java:<init>(220)) - Init the HA SequenceIdGenerator.
2022-10-13 11:44:03,617 [main] WARN  server.ServerUtils (ServerUtils.java:sanitizeUserArgs(67)) - ozone.scm.stale.node.interval value = 1000 is smaller than min = 3000 based on the key value of hdds.heartbeat.interval, reset to the min value 3000.
2022-10-13 11:44:03,618 [main] WARN  server.ServerUtils (ServerUtils.java:sanitizeUserArgs(67)) - ozone.scm.stale.node.interval value = 1000 is smaller than min = 3000 based on the key value of hdds.heartbeat.interval, reset to the min value 3000.
2022-10-13 11:44:03,618 [main] WARN  server.ServerUtils (ServerUtils.java:sanitizeUserArgs(67)) - ozone.scm.dead.node.interval value = 1000 is smaller than min = 6000 based on the key value of ozone.scm.stale.node.interval, reset to the min value 6000.
2022-10-13 11:44:03,626 [main] INFO  node.SCMNodeManager (SCMNodeManager.java:<init>(149)) - Entering startup safe mode.
2022-10-13 11:44:03,683 [main] INFO  algorithms.ContainerPlacementPolicyFactory (ContainerPlacementPolicyFactory.java:getPolicyInternal(86)) - Create container placement policy of type org.apache.hadoop.hdds.scm.container.placement.algorithms.SCMContainerPlacementRandom
2022-10-13 11:44:03,685 [main] INFO  algorithms.ContainerPlacementPolicyFactory (ContainerPlacementPolicyFactory.java:getPolicyInternal(86)) - Create container placement policy of type org.apache.hadoop.hdds.scm.container.placement.algorithms.SCMContainerPlacementRackScatter
2022-10-13 11:44:03,703 [main] INFO  pipeline.PipelineStateManagerImpl (PipelineStateManagerImpl.java:initialize(78)) - No pipeline exists in current db
2022-10-13 11:44:03,744 [main] INFO  algorithms.LeaderChoosePolicyFactory (LeaderChoosePolicyFactory.java:getPolicy(57)) - Create leader choose policy of type org.apache.hadoop.hdds.scm.pipeline.leader.choose.algorithms.MinLeaderCountChoosePolicy
2022-10-13 11:44:03,744 [main] INFO  algorithms.ContainerPlacementPolicyFactory (ContainerPlacementPolicyFactory.java:getPolicyInternal(86)) - Create container placement policy of type org.apache.hadoop.hdds.scm.container.placement.algorithms.SCMContainerPlacementRackScatter
2022-10-13 11:44:03,749 [main] INFO  ha.SCMServiceManager (SCMServiceManager.java:register(42)) - Registering service BackgroundPipelineCreator.
2022-10-13 11:44:03,750 [main] INFO  pipeline.BackgroundPipelineCreator (BackgroundPipelineCreator.java:start(124)) - Starting RatisPipelineUtilsThread.
2022-10-13 11:44:03,753 [main] INFO  BackgroundPipelineScrubber (BackgroundSCMService.java:start(68)) - Starting BackgroundPipelineScrubber Service.
2022-10-13 11:44:03,754 [main] INFO  ha.SCMServiceManager (SCMServiceManager.java:register(42)) - Registering service BackgroundPipelineScrubber.
2022-10-13 11:44:03,760 [main] INFO  ExpiredContainerReplicaOpScrubber (BackgroundSCMService.java:start(68)) - Starting ExpiredContainerReplicaOpScrubber Service.
2022-10-13 11:44:03,760 [main] INFO  ha.SCMServiceManager (SCMServiceManager.java:register(42)) - Registering service ExpiredContainerReplicaOpScrubber.
2022-10-13 11:44:03,805 [main] INFO  algorithms.PipelineChoosePolicyFactory (PipelineChoosePolicyFactory.java:createPipelineChoosePolicyFromClass(73)) - Create pipeline choose policy of type org.apache.hadoop.hdds.scm.pipeline.choose.algorithms.RandomPipelineChoosePolicy
2022-10-13 11:44:03,824 [main] INFO  ha.SCMServiceManager (SCMServiceManager.java:register(42)) - Registering service SCMBlockDeletingService.
2022-10-13 11:44:03,878 [main] INFO  replication.ReplicationManager (ReplicationManager.java:start(223)) - Starting Replication Monitor Thread.
2022-10-13 11:44:03,886 [main] INFO  ha.SCMServiceManager (SCMServiceManager.java:register(42)) - Registering service ReplicationManager.
2022-10-13 11:44:03,889 [ReplicationMonitor] INFO  replication.ReplicationManager (ReplicationManager.java:processAll(291)) - Replication Manager is not ready to run until 3000ms after safemode exit
2022-10-13 11:44:03,900 [main] INFO  safemode.ContainerSafeModeRule (ContainerSafeModeRule.java:<init>(89)) - containers with one replica threshold count 0
2022-10-13 11:44:03,903 [main] INFO  safemode.HealthyPipelineSafeModeRule (HealthyPipelineSafeModeRule.java:initializeRule(169)) - Total pipeline count is 0, healthy pipeline threshold count is 1
2022-10-13 11:44:03,905 [main] INFO  safemode.OneReplicaPipelineSafeModeRule (OneReplicaPipelineSafeModeRule.java:initializeRule(180)) - Total pipeline count is 0, pipeline's with at least one datanode reported threshold count is 0
2022-10-13 11:44:04,208 [main] INFO  audit.AuditLogger (AuditLogger.java:refreshDebugCmdSet(126)) - Refresh DebugCmdSet for SCMAudit to [].
2022-10-13 11:44:04,237 [main] INFO  ipc.CallQueueManager (CallQueueManager.java:<init>(90)) - Using callQueue: class java.util.concurrent.LinkedBlockingQueue, queueCapacity: 2000, scheduler: class org.apache.hadoop.ipc.DefaultRpcScheduler, ipcBackoff: false.
2022-10-13 11:44:04,272 [Socket Reader #1 for port 0] INFO  ipc.Server (Server.java:run(1273)) - Starting Socket Reader #1 for port 0
2022-10-13 11:44:04,329 [Listener at 0.0.0.0/44657] INFO  audit.AuditLogger (AuditLogger.java:refreshDebugCmdSet(126)) - Refresh DebugCmdSet for SCMAudit to [].
2022-10-13 11:44:04,337 [Listener at 0.0.0.0/44657] INFO  ipc.CallQueueManager (CallQueueManager.java:<init>(90)) - Using callQueue: class java.util.concurrent.LinkedBlockingQueue, queueCapacity: 2000, scheduler: class org.apache.hadoop.ipc.DefaultRpcScheduler, ipcBackoff: false.
2022-10-13 11:44:04,342 [Socket Reader #1 for port 0] INFO  ipc.Server (Server.java:run(1273)) - Starting Socket Reader #1 for port 0
2022-10-13 11:44:04,372 [Listener at 0.0.0.0/35271] INFO  audit.AuditLogger (AuditLogger.java:refreshDebugCmdSet(126)) - Refresh DebugCmdSet for SCMAudit to [].
2022-10-13 11:44:04,386 [Listener at 0.0.0.0/35271] INFO  ipc.CallQueueManager (CallQueueManager.java:<init>(90)) - Using callQueue: class java.util.concurrent.LinkedBlockingQueue, queueCapacity: 2000, scheduler: class org.apache.hadoop.ipc.DefaultRpcScheduler, ipcBackoff: false.
2022-10-13 11:44:04,388 [Socket Reader #1 for port 0] INFO  ipc.Server (Server.java:run(1273)) - Starting Socket Reader #1 for port 0
2022-10-13 11:44:04,454 [Listener at 0.0.0.0/43155] INFO  ha.SCMServiceManager (SCMServiceManager.java:register(42)) - Registering service ContainerBalancer.
2022-10-13 11:44:04,455 [Listener at 0.0.0.0/43155] INFO  server.StorageContainerManager (StorageContainerManager.java:<init>(410)) - 
Container Balancer status:
Key                            Value
Running                        false
Container Balancer Configuration values:
Key                                                Value
Threshold                                          10
Max Datanodes to Involve per Iteration(percent)    20
Max Size to Move per Iteration                     500GB
Max Size Entering Target per Iteration             26GB
Max Size Leaving Source per Iteration              26GB

2022-10-13 11:44:04,456 [Listener at 0.0.0.0/43155] WARN  events.EventQueue (EventQueue.java:fireEvent(216)) - No event handler registered for event TypedEvent{payloadType=SafeModeStatus, name='Safe mode status'}
2022-10-13 11:44:04,457 [Listener at 0.0.0.0/43155] INFO  ha.SCMContext (SCMContext.java:updateSafeModeStatus(228)) - Update SafeModeStatus from SafeModeStatus{safeModeStatus=true, preCheckPassed=false} to SafeModeStatus{safeModeStatus=true, preCheckPassed=false}.
2022-10-13 11:44:04,459 [Listener at 0.0.0.0/43155] INFO  server.StorageContainerManager (StorageContainerManager.java:start(1436)) - StorageContainerLocationProtocol RPC server is listening at /0.0.0.0:43155
2022-10-13 11:44:04,541 [Listener at 0.0.0.0/43155] WARN  impl.MetricsConfig (MetricsConfig.java:loadFirst(136)) - Cannot locate configuration: tried hadoop-metrics2-storagecontainermanager.properties,hadoop-metrics2.properties
2022-10-13 11:44:04,552 [Listener at 0.0.0.0/43155] INFO  impl.MetricsSystemImpl (MetricsSystemImpl.java:startTimer(378)) - Scheduled Metric snapshot period at 10 second(s).
2022-10-13 11:44:04,552 [Listener at 0.0.0.0/43155] INFO  impl.MetricsSystemImpl (MetricsSystemImpl.java:start(191)) - StorageContainerManager metrics system started
2022-10-13 11:44:04,847 [Listener at 0.0.0.0/43155] INFO  server.SCMClientProtocolServer (SCMClientProtocolServer.java:start(170)) - RPC server for Client  is listening at /0.0.0.0:43155
2022-10-13 11:44:04,849 [IPC Server Responder] INFO  ipc.Server (Server.java:run(1512)) - IPC Server Responder: starting
2022-10-13 11:44:04,851 [IPC Server listener on 0] INFO  ipc.Server (Server.java:run(1352)) - IPC Server listener on 0: starting
2022-10-13 11:44:04,853 [Listener at 0.0.0.0/43155] INFO  server.StorageContainerManager (StorageContainerManager.java:start(1451)) - ScmBlockLocationProtocol RPC server is listening at /0.0.0.0:35271
2022-10-13 11:44:04,854 [Listener at 0.0.0.0/43155] INFO  server.SCMBlockProtocolServer (SCMBlockProtocolServer.java:start(152)) - RPC server for Block Protocol is listening at /0.0.0.0:35271
2022-10-13 11:44:04,854 [IPC Server Responder] INFO  ipc.Server (Server.java:run(1512)) - IPC Server Responder: starting
2022-10-13 11:44:04,855 [IPC Server listener on 0] INFO  ipc.Server (Server.java:run(1352)) - IPC Server listener on 0: starting
2022-10-13 11:44:04,857 [Listener at 0.0.0.0/43155] INFO  server.SCMDatanodeProtocolServer (SCMDatanodeProtocolServer.java:start(186)) - ScmDatanodeProtocol RPC server for DataNodes is listening at /0.0.0.0:44657
2022-10-13 11:44:04,858 [IPC Server Responder] INFO  ipc.Server (Server.java:run(1512)) - IPC Server Responder: starting
2022-10-13 11:44:04,858 [IPC Server listener on 0] INFO  ipc.Server (Server.java:run(1352)) - IPC Server listener on 0: starting
2022-10-13 11:44:04,879 [org.apache.hadoop.util.JvmPauseMonitor$Monitor@4edd8a0a] INFO  util.JvmPauseMonitor (JvmPauseMonitor.java:run(188)) - Starting JVM pause monitor
2022-10-13 11:44:04,888 [Listener at 0.0.0.0/43155] INFO  http.BaseHttpServer (BaseHttpServer.java:newHttpServer2BuilderForOzone(213)) - Starting Web-server for scm at: http://0.0.0.0:0
2022-10-13 11:44:04,888 [Listener at 0.0.0.0/43155] INFO  http.BaseHttpServer (BaseHttpServer.java:<init>(108)) - Hadoop Security Enabled: false Ozone Security Enabled: false Ozone HTTP Security Enabled: false 
2022-10-13 11:44:04,912 [Listener at 0.0.0.0/43155] INFO  util.log (Log.java:initialized(170)) - Logging initialized @4085ms to org.eclipse.jetty.util.log.Slf4jLog
2022-10-13 11:44:05,010 [Listener at 0.0.0.0/43155] WARN  server.AuthenticationFilter (AuthenticationFilter.java:constructSecretProvider(240)) - Unable to initialize FileSignerSecretProvider, falling back to use random secrets. Reason: Could not read signature secret file: /home/runner/hadoop-http-auth-signature-secret
2022-10-13 11:44:05,017 [Listener at 0.0.0.0/43155] WARN  http.HttpRequestLog (HttpRequestLog.java:getRequestLog(103)) - Jetty request log can only be enabled using Log4j
2022-10-13 11:44:05,023 [Listener at 0.0.0.0/43155] INFO  http.HttpServer2 (HttpServer2.java:addGlobalFilter(1031)) - Added global filter 'safety' (class=org.apache.hadoop.hdds.server.http.HttpServer2$QuotingInputFilter)
2022-10-13 11:44:05,025 [Listener at 0.0.0.0/43155] INFO  http.HttpServer2 (HttpServer2.java:addFilter(1007)) - Added filter static_user_filter (class=org.apache.hadoop.http.lib.StaticUserWebFilter$StaticUserFilter) to context scm
2022-10-13 11:44:05,025 [Listener at 0.0.0.0/43155] INFO  http.HttpServer2 (HttpServer2.java:addFilter(1015)) - Added filter static_user_filter (class=org.apache.hadoop.http.lib.StaticUserWebFilter$StaticUserFilter) to context static
2022-10-13 11:44:05,026 [Listener at 0.0.0.0/43155] INFO  http.HttpServer2 (HttpServer2.java:addFilter(1015)) - Added filter static_user_filter (class=org.apache.hadoop.http.lib.StaticUserWebFilter$StaticUserFilter) to context logs
2022-10-13 11:44:05,065 [Listener at 0.0.0.0/43155] INFO  http.HttpServer2 (HttpServer2.java:bindListener(1250)) - Jetty bound to port 37569
2022-10-13 11:44:05,066 [Listener at 0.0.0.0/43155] INFO  server.Server (Server.java:doStart(375)) - jetty-9.4.43.v20210629; built: 2021-06-30T11:07:22.254Z; git: 526006ecfa3af7f1a27ef3a288e2bef7ea9dd7e8; jvm 1.8.0_345-b01
2022-10-13 11:44:05,101 [Listener at 0.0.0.0/43155] INFO  server.session (DefaultSessionIdManager.java:doStart(334)) - DefaultSessionIdManager workerName=node0
2022-10-13 11:44:05,101 [Listener at 0.0.0.0/43155] INFO  server.session (DefaultSessionIdManager.java:doStart(339)) - No SessionScavenger set, using defaults
2022-10-13 11:44:05,103 [Listener at 0.0.0.0/43155] INFO  server.session (HouseKeeper.java:startScavenging(132)) - node0 Scavenging every 660000ms
2022-10-13 11:44:05,116 [Listener at 0.0.0.0/43155] INFO  handler.ContextHandler (ContextHandler.java:doStart(915)) - Started o.e.j.s.ServletContextHandler@15afebcc{logs,/logs,file:///home/runner/work/ozone/ozone/hadoop-ozone/integration-test/target/log,AVAILABLE}
2022-10-13 11:44:05,117 [Listener at 0.0.0.0/43155] INFO  handler.ContextHandler (ContextHandler.java:doStart(915)) - Started o.e.j.s.ServletContextHandler@1fb61db4{static,/static,file:///home/runner/work/ozone/ozone/hadoop-ozone/integration-test/target/test-classes/webapps/static,AVAILABLE}
2022-10-13 11:44:05,162 [Listener at 0.0.0.0/43155] INFO  handler.ContextHandler (ContextHandler.java:doStart(915)) - Started o.e.j.w.WebAppContext@62d21afd{scm,/,file:///home/runner/work/ozone/ozone/hadoop-ozone/integration-test/target/test-classes/webapps/scm/,AVAILABLE}{file:/home/runner/work/ozone/ozone/hadoop-ozone/integration-test/target/test-classes/webapps/scm}
2022-10-13 11:44:05,174 [Listener at 0.0.0.0/43155] INFO  server.AbstractConnector (AbstractConnector.java:doStart(331)) - Started ServerConnector@229fe7ab{HTTP/1.1, (http/1.1)}{0.0.0.0:37569}
2022-10-13 11:44:05,175 [Listener at 0.0.0.0/43155] INFO  server.Server (Server.java:doStart(415)) - Started @4347ms
2022-10-13 11:44:05,178 [Listener at 0.0.0.0/43155] INFO  impl.MetricsSinkAdapter (MetricsSinkAdapter.java:start(204)) - Sink prometheus started
2022-10-13 11:44:05,178 [Listener at 0.0.0.0/43155] INFO  impl.MetricsSystemImpl (MetricsSystemImpl.java:registerSink(305)) - Registered sink prometheus
2022-10-13 11:44:05,179 [Listener at 0.0.0.0/43155] INFO  http.BaseHttpServer (BaseHttpServer.java:updateConnectorAddress(333)) - HTTP server of scm listening at http://0.0.0.0:37569
2022-10-13 11:44:05,181 [Listener at 0.0.0.0/43155] WARN  server.ServerUtils (ServerUtils.java:getDBPath(225)) - ozone.om.db.dirs is not configured. We recommend adding this setting. Falling back to ozone.metadata.dirs instead.
2022-10-13 11:44:05,254 [Listener at 0.0.0.0/43155] INFO  audit.AuditLogger (AuditLogger.java:refreshDebugCmdSet(126)) - Refresh DebugCmdSet for OMAudit to [].
2022-10-13 11:44:05,358 [Listener at 0.0.0.0/43155] INFO  ha.OMHANodeDetails (OMHANodeDetails.java:loadOMHAConfig(115)) - ozone.om.internal.service.id is not defined, falling back to ozone.om.service.ids to find serviceID for OzoneManager if it is HA enabled cluster
2022-10-13 11:44:05,361 [Listener at 0.0.0.0/43155] INFO  ha.OMHANodeDetails (OMHANodeDetails.java:loadOMHAConfig(226)) - Configuration does not have ozone.om.address set. Falling back to the default OM address /127.0.0.1:0
2022-10-13 11:44:05,361 [Listener at 0.0.0.0/43155] INFO  ha.OMHANodeDetails (OMHANodeDetails.java:getOMNodeDetailsForNonHA(254)) - OM Service ID is not set. Setting it to the default ID: omServiceIdDefault
2022-10-13 11:44:05,361 [Listener at 0.0.0.0/43155] INFO  ha.OMHANodeDetails (OMHANodeDetails.java:getOMNodeDetailsForNonHA(261)) - OM Node ID is not set. Setting it to the default ID: om1
2022-10-13 11:44:05,365 [Listener at 0.0.0.0/43155] WARN  server.ServerUtils (ServerUtils.java:getDBPath(225)) - ozone.om.db.dirs is not configured. We recommend adding this setting. Falling back to ozone.metadata.dirs instead.
2022-10-13 11:44:05,367 [Listener at 0.0.0.0/43155] INFO  upgrade.AbstractLayoutVersionManager (AbstractLayoutVersionManager.java:init(83)) - Initializing Layout version manager with metadata layout = MULTITENANCY_SCHEMA (version = 3), software layout = MULTITENANCY_SCHEMA (version = 3)
2022-10-13 11:44:05,451 [Listener at 0.0.0.0/43155] INFO  reflections.Reflections (Reflections.java:scan(232)) - Reflections took 80 ms to scan 2 urls, producing 154 keys and 428 values [using 2 cores]
2022-10-13 11:44:05,456 [Listener at 0.0.0.0/43155] INFO  upgrade.OMLayoutVersionManager (OMLayoutVersionManager.java:lambda$0(115)) - Skipping Upgrade Action MockOmUpgradeAction since it has been finalized.
2022-10-13 11:44:05,459 [Listener at 0.0.0.0/43155] WARN  server.ServerUtils (ServerUtils.java:getDBPath(225)) - ozone.om.db.dirs is not configured. We recommend adding this setting. Falling back to ozone.metadata.dirs instead.
2022-10-13 11:44:05,612 [Listener at 0.0.0.0/43155] INFO  proxy.SCMBlockLocationFailoverProxyProvider (SCMBlockLocationFailoverProxyProvider.java:<init>(114)) - Created block location fail-over proxy with 1 nodes: [nodeId=scmNodeId,nodeAddress=/0.0.0.0:35271]
2022-10-13 11:44:05,643 [Listener at 0.0.0.0/43155] INFO  proxy.SCMBlockLocationFailoverProxyProvider (SCMBlockLocationFailoverProxyProvider.java:<init>(114)) - Created block location fail-over proxy with 1 nodes: [nodeId=scmNodeId,nodeAddress=/0.0.0.0:35271]
2022-10-13 11:44:05,824 [Listener at 0.0.0.0/43155] WARN  server.ServerUtils (ServerUtils.java:getDBPath(225)) - ozone.om.db.dirs is not configured. We recommend adding this setting. Falling back to ozone.metadata.dirs instead.
2022-10-13 11:44:05,829 [Listener at 0.0.0.0/43155] INFO  codec.OmKeyInfoCodec (OmKeyInfoCodec.java:<init>(49)) - OmKeyInfoCodec ignorePipeline = true
2022-10-13 11:44:05,830 [Listener at 0.0.0.0/43155] INFO  codec.RepeatedOmKeyInfoCodec (RepeatedOmKeyInfoCodec.java:<init>(41)) - RepeatedOmKeyInfoCodec ignorePipeline = true
2022-10-13 11:44:05,988 [Listener at 0.0.0.0/43155] INFO  om.OzoneManager (OzoneManager.java:instantiateServices(712)) - S3 Multi-Tenancy is disabled
2022-10-13 11:44:06,065 [Listener at 0.0.0.0/43155] INFO  om.OzoneManager (OzoneManager.java:addS3GVolumeToDB(4386)) - Created Volume s3v With Owner runner required for S3Gateway operations.
2022-10-13 11:44:06,137 [Listener at 0.0.0.0/43155] WARN  server.ServerUtils (ServerUtils.java:getDefaultRatisDirectory(237)) - Storage directory for Ratis is not configured. It is a good idea to map this to an SSD disk. Falling back to ozone.metadata.dirs
2022-10-13 11:44:06,138 [Listener at 0.0.0.0/43155] WARN  utils.OzoneManagerRatisUtils (OzoneManagerRatisUtils.java:getOMRatisSnapshotDirectory(434)) - ozone.om.ratis.snapshot.dir is not configured. Falling back to ozone.metadata.dirs config
2022-10-13 11:44:06,157 [Listener at 0.0.0.0/43155] WARN  server.ServerUtils (ServerUtils.java:getDefaultRatisDirectory(237)) - Storage directory for Ratis is not configured. It is a good idea to map this to an SSD disk. Falling back to ozone.metadata.dirs
2022-10-13 11:44:06,182 [Listener at 0.0.0.0/43155] INFO  ratis.OzoneManagerRatisServer (OzoneManagerRatisServer.java:<init>(160)) - Instantiating OM Ratis server with groupID: omServiceIdDefault and peers: localhost:9872
2022-10-13 11:44:06,190 [Listener at 0.0.0.0/43155] INFO  ratis.OzoneManagerStateMachine (OzoneManagerStateMachine.java:loadSnapshotInfoFromDB(632)) - LastAppliedIndex is set from TransactionInfo from OM DB as (t:0, i:~)
2022-10-13 11:44:06,236 [Listener at 0.0.0.0/43155] INFO  server.RaftServer (ConfUtils.java:logGet(46)) - raft.rpc.type = GRPC (default)
2022-10-13 11:44:06,312 [Listener at 0.0.0.0/43155] INFO  grpc.GrpcFactory (GrpcFactory.java:checkPooledByteBufAllocatorUseCacheForAllThreads(48)) - PERFORMANCE WARNING: useCacheForAllThreads is true that may cause Netty to create a lot garbage objects and, as a result, trigger GC.
	It is recommended to disable useCacheForAllThreads by setting -Dorg.apache.ratis.thirdparty.io.netty.allocator.useCacheForAllThreads=false in command line.
2022-10-13 11:44:06,316 [Listener at 0.0.0.0/43155] INFO  grpc.GrpcConfigKeys (ConfUtils.java:logGet(46)) - raft.grpc.admin.port = -1 (default)
2022-10-13 11:44:06,317 [Listener at 0.0.0.0/43155] INFO  grpc.GrpcConfigKeys (ConfUtils.java:logGet(46)) - raft.grpc.server.port = 9872 (custom)
2022-10-13 11:44:06,317 [Listener at 0.0.0.0/43155] INFO  grpc.GrpcConfigKeys (ConfUtils.java:logGet(46)) - raft.grpc.client.port = -1 (default)
2022-10-13 11:44:06,318 [Listener at 0.0.0.0/43155] INFO  grpc.GrpcConfigKeys (ConfUtils.java:logGet(46)) - raft.grpc.server.port = 9872 (custom)
2022-10-13 11:44:06,318 [Listener at 0.0.0.0/43155] INFO  grpc.GrpcConfigKeys (ConfUtils.java:logGet(46)) - raft.grpc.server.port = 9872 (custom)
2022-10-13 11:44:06,319 [Listener at 0.0.0.0/43155] INFO  server.GrpcService (ConfUtils.java:logGet(46)) - raft.grpc.message.size.max = 33554432 (custom)
2022-10-13 11:44:06,320 [Listener at 0.0.0.0/43155] INFO  server.RaftServerConfigKeys (ConfUtils.java:logGet(46)) - raft.server.log.appender.buffer.byte-limit = 33554432 (custom)
2022-10-13 11:44:06,320 [Listener at 0.0.0.0/43155] INFO  server.GrpcService (ConfUtils.java:logGet(46)) - raft.grpc.flow.control.window = 1MB (=1048576) (default)
2022-10-13 11:44:06,321 [Listener at 0.0.0.0/43155] INFO  server.RaftServerConfigKeys (ConfUtils.java:logGet(46)) - raft.server.rpc.request.timeout = 3000ms (default)
2022-10-13 11:44:06,337 [Listener at 0.0.0.0/43155] INFO  grpc.GrpcConfigKeys (ConfUtils.java:logGet(46)) - raft.grpc.server.async.request.thread.pool.cached = true (default)
2022-10-13 11:44:06,337 [Listener at 0.0.0.0/43155] INFO  grpc.GrpcConfigKeys (ConfUtils.java:logGet(46)) - raft.grpc.server.async.request.thread.pool.size = 32 (default)
2022-10-13 11:44:06,612 [Listener at 0.0.0.0/43155] INFO  impl.DataStreamServerImpl (ConfUtils.java:logGet(46)) - raft.datastream.type = DISABLED (default)
2022-10-13 11:44:06,615 [Listener at 0.0.0.0/43155] INFO  server.RaftServerConfigKeys (ConfUtils.java:logGet(46)) - raft.server.threadpool.proxy.cached = true (default)
2022-10-13 11:44:06,615 [Listener at 0.0.0.0/43155] INFO  server.RaftServerConfigKeys (ConfUtils.java:logGet(46)) - raft.server.threadpool.proxy.size = 0 (default)
2022-10-13 11:44:06,616 [Listener at 0.0.0.0/43155] INFO  server.RaftServerConfigKeys (ConfUtils.java:logGet(46)) - raft.server.rpc.slowness.timeout = 120s (custom)
2022-10-13 11:44:06,616 [Listener at 0.0.0.0/43155] INFO  server.RaftServerConfigKeys (ConfUtils.java:logGet(46)) - raft.server.leaderelection.leader.step-down.wait-time = 10s (default)
2022-10-13 11:44:06,619 [Listener at 0.0.0.0/43155] INFO  server.RaftServerConfigKeys (ConfUtils.java:logGet(46)) - raft.server.storage.dir = [/home/runner/work/ozone/ozone/hadoop-ozone/integration-test/target/test-dir/MiniOzoneClusterImpl-da935fb3-9ce5-49ab-a67c-f4b3beb884ab/ozone-meta/ratis] (custom)
2022-10-13 11:44:06,627 [Listener at 0.0.0.0/43155] INFO  server.RaftServer (RaftServerProxy.java:addNew(96)) - om1: addNew group-C5BA1605619E:[om1|rpc:localhost:9872|priority:0] returns group-C5BA1605619E:java.util.concurrent.CompletableFuture@3796df17[Not completed]
2022-10-13 11:44:06,628 [Listener at 0.0.0.0/43155] INFO  om.OzoneManager (OzoneManager.java:initializeRatisServer(1976)) - OzoneManager Ratis server initialized at port 9872
2022-10-13 11:44:06,639 [Listener at 0.0.0.0/43155] INFO  om.OzoneManager (OzoneManager.java:getRpcServer(1102)) - Creating RPC Server
2022-10-13 11:44:06,654 [pool-55-thread-1] INFO  server.RaftServer$Division (RaftServerImpl.java:<init>(190)) - om1: new RaftServerImpl for group-C5BA1605619E:[om1|rpc:localhost:9872|priority:0] with OzoneManagerStateMachine:uninitialized
2022-10-13 11:44:06,658 [pool-55-thread-1] INFO  server.RaftServerConfigKeys (ConfUtils.java:logGet(46)) - raft.server.rpc.timeout.min = 1s (custom)
2022-10-13 11:44:06,661 [pool-55-thread-1] INFO  server.RaftServerConfigKeys (ConfUtils.java:logGet(46)) - raft.server.rpc.timeout.max = 1200ms (custom)
2022-10-13 11:44:06,662 [pool-55-thread-1] INFO  server.RaftServerConfigKeys (ConfUtils.java:logGet(46)) - raft.server.rpc.sleep.time = 25ms (default)
2022-10-13 11:44:06,662 [pool-55-thread-1] INFO  server.RaftServerConfigKeys (ConfUtils.java:logGet(46)) - raft.server.rpc.slowness.timeout = 120s (custom)
2022-10-13 11:44:06,663 [pool-55-thread-1] INFO  server.RaftServerConfigKeys (ConfUtils.java:logGet(46)) - raft.server.leaderelection.leader.step-down.wait-time = 10s (default)
2022-10-13 11:44:06,663 [pool-55-thread-1] INFO  server.RaftServerConfigKeys (ConfUtils.java:logGet(46)) - raft.server.sleep.deviation.threshold = 300ms (default)
2022-10-13 11:44:06,669 [pool-55-thread-1] INFO  server.RaftServer$Division (ServerState.java:<init>(107)) - om1@group-C5BA1605619E: ConfigurationManager, init=-1: [om1|rpc:localhost:9872|priority:0], old=null, confs=<EMPTY_MAP>
2022-10-13 11:44:06,669 [pool-55-thread-1] INFO  server.RaftServerConfigKeys (ConfUtils.java:logGet(46)) - raft.server.storage.dir = [/home/runner/work/ozone/ozone/hadoop-ozone/integration-test/target/test-dir/MiniOzoneClusterImpl-da935fb3-9ce5-49ab-a67c-f4b3beb884ab/ozone-meta/ratis] (custom)
2022-10-13 11:44:06,686 [pool-55-thread-1] INFO  server.RaftServerConfigKeys (ConfUtils.java:logGet(46)) - raft.server.log.corruption.policy = EXCEPTION (default)
2022-10-13 11:44:06,686 [pool-55-thread-1] INFO  server.RaftServerConfigKeys (ConfUtils.java:logGet(46)) - raft.server.storage.free-space.min = 0MB (=0) (default)
2022-10-13 11:44:06,687 [pool-55-thread-1] INFO  storage.RaftStorageDirectory (RaftStorageDirectoryImpl.java:analyzeStorage(135)) - The storage directory /home/runner/work/ozone/ozone/hadoop-ozone/integration-test/target/test-dir/MiniOzoneClusterImpl-da935fb3-9ce5-49ab-a67c-f4b3beb884ab/ozone-meta/ratis/bf265839-605b-3f16-9796-c5ba1605619e does not exist. Creating ...
2022-10-13 11:44:06,701 [pool-55-thread-1] INFO  storage.RaftStorageDirectory (RaftStorageDirectoryImpl.java:tryLock(230)) - Lock on /home/runner/work/ozone/ozone/hadoop-ozone/integration-test/target/test-dir/MiniOzoneClusterImpl-da935fb3-9ce5-49ab-a67c-f4b3beb884ab/ozone-meta/ratis/bf265839-605b-3f16-9796-c5ba1605619e/in_use.lock acquired by nodename 27914@fv-az91-750
2022-10-13 11:44:06,709 [pool-55-thread-1] INFO  storage.RaftStorage (RaftStorageImpl.java:format(89)) - Storage directory /home/runner/work/ozone/ozone/hadoop-ozone/integration-test/target/test-dir/MiniOzoneClusterImpl-da935fb3-9ce5-49ab-a67c-f4b3beb884ab/ozone-meta/ratis/bf265839-605b-3f16-9796-c5ba1605619e has been successfully formatted.
2022-10-13 11:44:06,712 [pool-55-thread-1] INFO  server.RaftServerConfigKeys (ConfUtils.java:logGet(46)) - raft.server.notification.no-leader.timeout = 120s (custom)
2022-10-13 11:44:06,714 [pool-55-thread-1] INFO  server.RaftServerConfigKeys (ConfUtils.java:logGet(46)) - raft.server.log.use.memory = false (default)
2022-10-13 11:44:06,721 [pool-55-thread-1] INFO  server.RaftServerConfigKeys (ConfUtils.java:logGet(46)) - raft.server.log.purge.gap = 1000000 (custom)
2022-10-13 11:44:06,721 [pool-55-thread-1] INFO  server.RaftServerConfigKeys (ConfUtils.java:logGet(46)) - raft.server.log.appender.buffer.byte-limit = 33554432 (custom)
2022-10-13 11:44:06,724 [pool-55-thread-1] INFO  server.RaftServerConfigKeys (ConfUtils.java:logGet(46)) - raft.server.log.statemachine.data.read.timeout = 1000ms (default)
2022-10-13 11:44:06,735 [pool-55-thread-1] INFO  server.RaftServerConfigKeys (ConfUtils.java:logGet(46)) - raft.server.log.segment.size.max = 4194304 (custom)
2022-10-13 11:44:06,745 [pool-55-thread-1] INFO  server.RaftServerConfigKeys (ConfUtils.java:logGet(46)) - raft.server.log.segment.cache.num.max = 2 (custom)
2022-10-13 11:44:06,746 [pool-55-thread-1] INFO  server.RaftServerConfigKeys (ConfUtils.java:logGet(46)) - raft.server.log.segment.cache.size.max = 200MB (=209715200) (default)
2022-10-13 11:44:06,761 [pool-55-thread-1] INFO  segmented.SegmentedRaftLogWorker (SegmentedRaftLogWorker.java:<init>(187)) - new om1@group-C5BA1605619E-SegmentedRaftLogWorker for RaftStorageImpl:Storage Directory /home/runner/work/ozone/ozone/hadoop-ozone/integration-test/target/test-dir/MiniOzoneClusterImpl-da935fb3-9ce5-49ab-a67c-f4b3beb884ab/ozone-meta/ratis/bf265839-605b-3f16-9796-c5ba1605619e
2022-10-13 11:44:06,761 [pool-55-thread-1] INFO  server.RaftServerConfigKeys (ConfUtils.java:logGet(46)) - raft.server.log.queue.byte-limit = 64MB (=67108864) (default)
2022-10-13 11:44:06,767 [pool-55-thread-1] INFO  server.RaftServerConfigKeys (ConfUtils.java:logGet(46)) - raft.server.log.queue.element-limit = 4096 (default)
2022-10-13 11:44:06,768 [pool-55-thread-1] INFO  server.RaftServerConfigKeys (ConfUtils.java:logGet(46)) - raft.server.log.segment.size.max = 4194304 (custom)
2022-10-13 11:44:06,769 [pool-55-thread-1] INFO  server.RaftServerConfigKeys (ConfUtils.java:logGet(46)) - raft.server.log.preallocated.size = 4194304 (custom)
2022-10-13 11:44:06,769 [pool-55-thread-1] INFO  server.RaftServerConfigKeys (ConfUtils.java:logGet(46)) - raft.server.log.force.sync.num = 128 (default)
2022-10-13 11:44:06,770 [pool-55-thread-1] INFO  server.RaftServerConfigKeys (ConfUtils.java:logGet(46)) - raft.server.log.statemachine.data.sync = true (default)
2022-10-13 11:44:06,770 [pool-55-thread-1] INFO  server.RaftServerConfigKeys (ConfUtils.java:logGet(46)) - raft.server.log.statemachine.data.sync.timeout = 10s (default)
2022-10-13 11:44:06,773 [pool-55-thread-1] INFO  server.RaftServerConfigKeys (ConfUtils.java:logGet(46)) - raft.server.log.statemachine.data.sync.timeout.retry = -1 (default)
2022-10-13 11:44:06,796 [pool-55-thread-1] INFO  server.RaftServerConfigKeys (ConfUtils.java:logGet(46)) - raft.server.log.write.buffer.size = 64KB (=65536) (default)
2022-10-13 11:44:06,797 [pool-55-thread-1] INFO  server.RaftServerConfigKeys (ConfUtils.java:logGet(46)) - raft.server.log.unsafe-flush.enabled = false (default)
2022-10-13 11:44:06,797 [pool-55-thread-1] INFO  server.RaftServerConfigKeys (ConfUtils.java:logGet(46)) - raft.server.log.statemachine.data.caching.enabled = false (default)
2022-10-13 11:44:06,815 [pool-55-thread-1] INFO  segmented.SegmentedRaftLogWorker (SegmentedRaftLogWorker.java:lambda$new$0(135)) - om1@group-C5BA1605619E-SegmentedRaftLogWorker: flushIndex: setUnconditionally 0 -> -1
2022-10-13 11:44:06,816 [pool-55-thread-1] INFO  segmented.SegmentedRaftLogWorker (SegmentedRaftLogWorker.java:lambda$new$0(135)) - om1@group-C5BA1605619E-SegmentedRaftLogWorker: safeCacheEvictIndex: setUnconditionally 0 -> -1
2022-10-13 11:44:06,829 [pool-55-thread-1] INFO  server.RaftServerConfigKeys (ConfUtils.java:logGet(46)) - raft.server.snapshot.auto.trigger.enabled = true (custom)
2022-10-13 11:44:06,830 [pool-55-thread-1] INFO  server.RaftServerConfigKeys (ConfUtils.java:logGet(46)) - raft.server.snapshot.auto.trigger.threshold = 400000 (default)
2022-10-13 11:44:06,830 [pool-55-thread-1] INFO  server.RaftServerConfigKeys (ConfUtils.java:logGet(46)) - raft.server.snapshot.retention.file.num = -1 (default)
2022-10-13 11:44:06,831 [pool-55-thread-1] INFO  server.RaftServerConfigKeys (ConfUtils.java:logGet(46)) - raft.server.log.purge.upto.snapshot.index = true (custom)
2022-10-13 11:44:06,833 [pool-55-thread-1] INFO  server.RaftServerConfigKeys (ConfUtils.java:logGet(46)) - raft.server.retrycache.expirytime = 300s (custom)
2022-10-13 11:44:06,833 [pool-55-thread-1] INFO  server.RaftServerConfigKeys (ConfUtils.java:logGet(46)) - raft.server.retrycache.statistics.expirytime = 100μs (default)
2022-10-13 11:44:06,976 [pool-55-thread-1] INFO  server.RaftServerConfigKeys (ConfUtils.java:logGet(46)) - raft.server.log.appender.install.snapshot.enabled = false (custom)
2022-10-13 11:44:06,977 [pool-55-thread-1] INFO  server.RaftServerConfigKeys (ConfUtils.java:logGet(46)) - raft.server.threadpool.server.cached = true (default)
2022-10-13 11:44:06,977 [pool-55-thread-1] INFO  server.RaftServerConfigKeys (ConfUtils.java:logGet(46)) - raft.server.threadpool.server.size = 0 (default)
2022-10-13 11:44:06,985 [pool-55-thread-1] INFO  server.RaftServerConfigKeys (ConfUtils.java:logGet(46)) - raft.server.threadpool.client.cached = true (default)
2022-10-13 11:44:06,986 [pool-55-thread-1] INFO  server.RaftServerConfigKeys (ConfUtils.java:logGet(46)) - raft.server.threadpool.client.size = 0 (default)
2022-10-13 11:44:07,289 [Listener at 0.0.0.0/43155] INFO  reflections.Reflections (Reflections.java:scan(232)) - Reflections took 576 ms to scan 19 urls, producing 67 keys and 4232 values [using 2 cores]
2022-10-13 11:44:07,593 [Listener at 0.0.0.0/43155] INFO  ipc.CallQueueManager (CallQueueManager.java:<init>(90)) - Using callQueue: class java.util.concurrent.LinkedBlockingQueue, queueCapacity: 2000, scheduler: class org.apache.hadoop.ipc.DefaultRpcScheduler, ipcBackoff: false.
2022-10-13 11:44:07,594 [Socket Reader #1 for port 0] INFO  ipc.Server (Server.java:run(1273)) - Starting Socket Reader #1 for port 0
2022-10-13 11:44:07,628 [Listener at 127.0.0.1/33933] INFO  impl.MetricsSystemImpl (MetricsSystemImpl.java:init(158)) - OzoneManager metrics system started (again)
2022-10-13 11:44:07,639 [Listener at 127.0.0.1/33933] INFO  om.OzoneManager (OzoneManager.java:start(1483)) - OzoneManager RPC server is listening at localhost/127.0.0.1:33933
2022-10-13 11:44:07,639 [Listener at 127.0.0.1/33933] INFO  ratis.OzoneManagerRatisServer (OzoneManagerRatisServer.java:start(555)) - Starting OzoneManagerRatisServer om1 at port 9872
2022-10-13 11:44:07,641 [om1-impl-thread1] INFO  server.RaftServer$Division (RaftServerImpl.java:start(310)) - om1@group-C5BA1605619E: start as a follower, conf=-1: [om1|rpc:localhost:9872|priority:0], old=null
2022-10-13 11:44:07,642 [om1-impl-thread1] INFO  server.RaftServer$Division (RaftServerImpl.java:setRole(299)) - om1@group-C5BA1605619E: changes role from      null to FOLLOWER at term 0 for startAsFollower
2022-10-13 11:44:07,643 [om1-impl-thread1] INFO  impl.RoleInfo (RoleInfo.java:updateAndGet(139)) - om1: start om1@group-C5BA1605619E-FollowerState
2022-10-13 11:44:07,644 [om1-impl-thread1] INFO  util.JmxRegister (JmxRegister.java:tryRegister(44)) - Successfully registered JMX Bean with object name Ratis:service=RaftServer,group=group-C5BA1605619E,id=om1
2022-10-13 11:44:07,654 [Listener at 127.0.0.1/33933] INFO  server.RaftServer (RaftServerProxy.java:lambda$start$6(382)) - om1: start RPC server
2022-10-13 11:44:07,710 [Listener at 127.0.0.1/33933] INFO  server.GrpcService (GrpcService.java:startImpl(260)) - om1: GrpcService started, listening on 9872
2022-10-13 11:44:07,714 [Listener at 127.0.0.1/33933] INFO  om.OzoneManager (OzoneManager.java:start(1499)) - Version File has different layout version (3) than OM DB (null). That is expected if this OM has never been finalized to a newer layout version.
2022-10-13 11:44:07,715 [org.apache.ratis.util.JvmPauseMonitor$$Lambda$684/38778801@49692c4f] INFO  util.JvmPauseMonitor (JvmPauseMonitor.java:run(103)) - JvmPauseMonitor-om1: Started
2022-10-13 11:44:07,731 [Listener at 127.0.0.1/33933] INFO  http.BaseHttpServer (BaseHttpServer.java:newHttpServer2BuilderForOzone(213)) - Starting Web-server for ozoneManager at: http://0.0.0.0:0
2022-10-13 11:44:07,731 [Listener at 127.0.0.1/33933] INFO  http.BaseHttpServer (BaseHttpServer.java:<init>(108)) - Hadoop Security Enabled: false Ozone Security Enabled: false Ozone HTTP Security Enabled: false 
2022-10-13 11:44:07,733 [Listener at 127.0.0.1/33933] WARN  server.AuthenticationFilter (AuthenticationFilter.java:constructSecretProvider(240)) - Unable to initialize FileSignerSecretProvider, falling back to use random secrets. Reason: Could not read signature secret file: /home/runner/hadoop-http-auth-signature-secret
2022-10-13 11:44:07,735 [Listener at 127.0.0.1/33933] WARN  http.HttpRequestLog (HttpRequestLog.java:getRequestLog(103)) - Jetty request log can only be enabled using Log4j
2022-10-13 11:44:07,737 [Listener at 127.0.0.1/33933] INFO  http.HttpServer2 (HttpServer2.java:addGlobalFilter(1031)) - Added global filter 'safety' (class=org.apache.hadoop.hdds.server.http.HttpServer2$QuotingInputFilter)
2022-10-13 11:44:07,739 [Listener at 127.0.0.1/33933] INFO  http.HttpServer2 (HttpServer2.java:addFilter(1007)) - Added filter static_user_filter (class=org.apache.hadoop.http.lib.StaticUserWebFilter$StaticUserFilter) to context ozoneManager
2022-10-13 11:44:07,739 [Listener at 127.0.0.1/33933] INFO  http.HttpServer2 (HttpServer2.java:addFilter(1015)) - Added filter static_user_filter (class=org.apache.hadoop.http.lib.StaticUserWebFilter$StaticUserFilter) to context static
2022-10-13 11:44:07,739 [Listener at 127.0.0.1/33933] INFO  http.HttpServer2 (HttpServer2.java:addFilter(1015)) - Added filter static_user_filter (class=org.apache.hadoop.http.lib.StaticUserWebFilter$StaticUserFilter) to context logs
2022-10-13 11:44:07,741 [Listener at 127.0.0.1/33933] INFO  http.HttpServer2 (HttpServer2.java:bindListener(1250)) - Jetty bound to port 34719
2022-10-13 11:44:07,743 [Listener at 127.0.0.1/33933] INFO  server.Server (Server.java:doStart(375)) - jetty-9.4.43.v20210629; built: 2021-06-30T11:07:22.254Z; git: 526006ecfa3af7f1a27ef3a288e2bef7ea9dd7e8; jvm 1.8.0_345-b01
2022-10-13 11:44:07,746 [Listener at 127.0.0.1/33933] INFO  server.session (DefaultSessionIdManager.java:doStart(334)) - DefaultSessionIdManager workerName=node0
2022-10-13 11:44:07,746 [Listener at 127.0.0.1/33933] INFO  server.session (DefaultSessionIdManager.java:doStart(339)) - No SessionScavenger set, using defaults
2022-10-13 11:44:07,746 [Listener at 127.0.0.1/33933] INFO  server.session (HouseKeeper.java:startScavenging(132)) - node0 Scavenging every 660000ms
2022-10-13 11:44:07,747 [Listener at 127.0.0.1/33933] INFO  handler.ContextHandler (ContextHandler.java:doStart(915)) - Started o.e.j.s.ServletContextHandler@4bfdd751{logs,/logs,file:///home/runner/work/ozone/ozone/hadoop-ozone/integration-test/target/log,AVAILABLE}
2022-10-13 11:44:07,747 [Listener at 127.0.0.1/33933] INFO  handler.ContextHandler (ContextHandler.java:doStart(915)) - Started o.e.j.s.ServletContextHandler@56748a6f{static,/static,file:///home/runner/work/ozone/ozone/hadoop-ozone/integration-test/target/test-classes/webapps/static,AVAILABLE}
2022-10-13 11:44:07,751 [Listener at 127.0.0.1/33933] INFO  handler.ContextHandler (ContextHandler.java:doStart(915)) - Started o.e.j.w.WebAppContext@2affcf6b{ozoneManager,/,file:///home/runner/work/ozone/ozone/hadoop-ozone/integration-test/target/test-classes/webapps/ozoneManager/,AVAILABLE}{file:/home/runner/work/ozone/ozone/hadoop-ozone/integration-test/target/test-classes/webapps/ozoneManager}
2022-10-13 11:44:07,752 [Listener at 127.0.0.1/33933] INFO  server.AbstractConnector (AbstractConnector.java:doStart(331)) - Started ServerConnector@6818550d{HTTP/1.1, (http/1.1)}{0.0.0.0:34719}
2022-10-13 11:44:07,752 [Listener at 127.0.0.1/33933] INFO  server.Server (Server.java:doStart(415)) - Started @6925ms
2022-10-13 11:44:07,752 [Listener at 127.0.0.1/33933] WARN  impl.MetricsSystemImpl (MetricsSystemImpl.java:register(279)) - Sink prometheus already exists!
2022-10-13 11:44:07,753 [Listener at 127.0.0.1/33933] INFO  http.BaseHttpServer (BaseHttpServer.java:updateConnectorAddress(333)) - HTTP server of ozoneManager listening at http://0.0.0.0:34719
2022-10-13 11:44:07,753 [IPC Server Responder] INFO  ipc.Server (Server.java:run(1512)) - IPC Server Responder: starting
2022-10-13 11:44:07,753 [IPC Server listener on 0] INFO  ipc.Server (Server.java:run(1352)) - IPC Server listener on 0: starting
2022-10-13 11:44:07,758 [Listener at 127.0.0.1/33933] INFO  om.OzoneManager (OzoneManager.java:startTrashEmptier(1920)) - Trash Interval set to 0. Files deleted won't move to trash
2022-10-13 11:44:07,759 [org.apache.hadoop.util.JvmPauseMonitor$Monitor@337348de] INFO  util.JvmPauseMonitor (JvmPauseMonitor.java:run(188)) - Starting JVM pause monitor
2022-10-13 11:44:07,935 [Listener at 127.0.0.1/33933] WARN  impl.MetricRegistriesImpl (MetricRegistriesImpl.java:addReporterRegistration(111)) - New reporters are added after registries were created. Some metrics will be missing from the reporter. Please add reporter before adding any new registry.
2022-10-13 11:44:07,935 [Listener at 127.0.0.1/33933] WARN  impl.MetricRegistriesImpl (MetricRegistriesImpl.java:addReporterRegistration(111)) - New reporters are added after registries were created. Some metrics will be missing from the reporter. Please add reporter before adding any new registry.
2022-10-13 11:44:07,936 [Listener at 127.0.0.1/33933] INFO  impl.MetricsSystemImpl (MetricsSystemImpl.java:init(158)) - HddsDatanode metrics system started (again)
2022-10-13 11:44:07,953 [Listener at 127.0.0.1/33933] INFO  ozone.HddsDatanodeService (HddsDatanodeService.java:start(236)) - HddsDatanodeService host:fv-az91-750.1u4dveb1r3ruphbftqvtwhitpc.gx.internal.cloudapp.net ip:10.1.0.200
2022-10-13 11:44:07,978 [Listener at 127.0.0.1/33933] INFO  upgrade.AbstractLayoutVersionManager (AbstractLayoutVersionManager.java:init(83)) - Initializing Layout version manager with metadata layout = DATANODE_SCHEMA_V3 (version = 4), software layout = DATANODE_SCHEMA_V3 (version = 4)
2022-10-13 11:44:08,031 [Listener at 127.0.0.1/33933] INFO  reflections.Reflections (Reflections.java:scan(232)) - Reflections took 51 ms to scan 7 urls, producing 137 keys and 328 values 
2022-10-13 11:44:08,037 [Listener at 127.0.0.1/33933] INFO  statemachine.DatanodeStateMachine (DatanodeStateMachine.java:getEndPointTaskThreadPoolSize(237)) - Datanode State Machine Task Thread Pool size 2
2022-10-13 11:44:08,097 [Listener at 127.0.0.1/33933] INFO  volume.HddsVolume (HddsVolume.java:<init>(117)) - Creating HddsVolume: /home/runner/work/ozone/ozone/hadoop-ozone/integration-test/target/test-dir/MiniOzoneClusterImpl-da935fb3-9ce5-49ab-a67c-f4b3beb884ab/datanode-0/data-0/containers/hdds of storage type : DISK capacity : 9223372036854775807
2022-10-13 11:44:08,099 [Listener at 127.0.0.1/33933] INFO  volume.MutableVolumeSet (MutableVolumeSet.java:initializeVolumeSet(174)) - Added Volume : /home/runner/work/ozone/ozone/hadoop-ozone/integration-test/target/test-dir/MiniOzoneClusterImpl-da935fb3-9ce5-49ab-a67c-f4b3beb884ab/datanode-0/data-0/containers/hdds to VolumeSet
2022-10-13 11:44:08,100 [Listener at 127.0.0.1/33933] INFO  volume.ThrottledAsyncChecker (ThrottledAsyncChecker.java:schedule(141)) - Scheduling a check for /home/runner/work/ozone/ozone/hadoop-ozone/integration-test/target/test-dir/MiniOzoneClusterImpl-da935fb3-9ce5-49ab-a67c-f4b3beb884ab/datanode-0/data-0/containers/hdds
2022-10-13 11:44:08,118 [Listener at 127.0.0.1/33933] INFO  volume.StorageVolumeChecker (StorageVolumeChecker.java:checkAllVolumes(202)) - Scheduled health check for volume /home/runner/work/ozone/ozone/hadoop-ozone/integration-test/target/test-dir/MiniOzoneClusterImpl-da935fb3-9ce5-49ab-a67c-f4b3beb884ab/datanode-0/data-0/containers/hdds
2022-10-13 11:44:08,133 [Listener at 127.0.0.1/33933] INFO  volume.MutableVolumeSet (MutableVolumeSet.java:initializeVolumeSet(174)) - Added Volume : /home/runner/work/ozone/ozone/hadoop-ozone/integration-test/target/test-dir/MiniOzoneClusterImpl-da935fb3-9ce5-49ab-a67c-f4b3beb884ab/datanode-0/data/ratis to VolumeSet
2022-10-13 11:44:08,134 [Listener at 127.0.0.1/33933] INFO  volume.ThrottledAsyncChecker (ThrottledAsyncChecker.java:schedule(141)) - Scheduling a check for /home/runner/work/ozone/ozone/hadoop-ozone/integration-test/target/test-dir/MiniOzoneClusterImpl-da935fb3-9ce5-49ab-a67c-f4b3beb884ab/datanode-0/data/ratis
2022-10-13 11:44:08,134 [Listener at 127.0.0.1/33933] INFO  volume.StorageVolumeChecker (StorageVolumeChecker.java:checkAllVolumes(202)) - Scheduled health check for volume /home/runner/work/ozone/ozone/hadoop-ozone/integration-test/target/test-dir/MiniOzoneClusterImpl-da935fb3-9ce5-49ab-a67c-f4b3beb884ab/datanode-0/data/ratis
2022-10-13 11:44:08,154 [Thread-136] INFO  ozoneimpl.ContainerReader (ContainerReader.java:readVolume(175)) - Finish verifying containers on volume /home/runner/work/ozone/ozone/hadoop-ozone/integration-test/target/test-dir/MiniOzoneClusterImpl-da935fb3-9ce5-49ab-a67c-f4b3beb884ab/datanode-0/data-0/containers/hdds
2022-10-13 11:44:08,154 [Listener at 127.0.0.1/33933] INFO  ozoneimpl.OzoneContainer (OzoneContainer.java:buildContainerSet(300)) - Build ContainerSet costs 0s
2022-10-13 11:44:08,195 [Listener at 127.0.0.1/33933] INFO  audit.AuditLogger (AuditLogger.java:refreshDebugCmdSet(126)) - Refresh DebugCmdSet for DNAudit to [].
2022-10-13 11:44:08,221 [Listener at 127.0.0.1/33933] INFO  server.RaftServer (ConfUtils.java:logGet(46)) - raft.rpc.type = GRPC (default)
2022-10-13 11:44:08,222 [Listener at 127.0.0.1/33933] INFO  grpc.GrpcFactory (GrpcFactory.java:checkPooledByteBufAllocatorUseCacheForAllThreads(48)) - PERFORMANCE WARNING: useCacheForAllThreads is true that may cause Netty to create a lot garbage objects and, as a result, trigger GC.
	It is recommended to disable useCacheForAllThreads by setting -Dorg.apache.ratis.thirdparty.io.netty.allocator.useCacheForAllThreads=false in command line.
2022-10-13 11:44:08,222 [Listener at 127.0.0.1/33933] INFO  grpc.GrpcConfigKeys (ConfUtils.java:logGet(46)) - raft.grpc.admin.port = 0 (custom)
2022-10-13 11:44:08,222 [Listener at 127.0.0.1/33933] INFO  grpc.GrpcConfigKeys (ConfUtils.java:logGet(46)) - raft.grpc.client.port = 0 (custom)
2022-10-13 11:44:08,222 [Listener at 127.0.0.1/33933] INFO  grpc.GrpcConfigKeys (ConfUtils.java:logGet(46)) - raft.grpc.server.port = 0 (default)
2022-10-13 11:44:08,222 [Listener at 127.0.0.1/33933] INFO  server.GrpcService (ConfUtils.java:logGet(46)) - raft.grpc.message.size.max = 32MB (=33554432) (custom)
2022-10-13 11:44:08,223 [Listener at 127.0.0.1/33933] INFO  server.RaftServerConfigKeys (ConfUtils.java:logGet(46)) - raft.server.log.appender.buffer.byte-limit = 33554432 (custom)
2022-10-13 11:44:08,223 [Listener at 127.0.0.1/33933] INFO  server.GrpcService (ConfUtils.java:logGet(46)) - raft.grpc.flow.control.window = 5MB (=5242880) (custom)
2022-10-13 11:44:08,223 [Listener at 127.0.0.1/33933] INFO  server.RaftServerConfigKeys (ConfUtils.java:logGet(46)) - raft.server.rpc.request.timeout = 60s (custom)
2022-10-13 11:44:08,223 [Listener at 127.0.0.1/33933] INFO  grpc.GrpcConfigKeys (ConfUtils.java:logGet(46)) - raft.grpc.server.async.request.thread.pool.cached = true (default)
2022-10-13 11:44:08,223 [Listener at 127.0.0.1/33933] INFO  grpc.GrpcConfigKeys (ConfUtils.java:logGet(46)) - raft.grpc.server.async.request.thread.pool.size = 32 (default)
2022-10-13 11:44:08,224 [Listener at 127.0.0.1/33933] INFO  impl.DataStreamServerImpl (ConfUtils.java:logGet(46)) - raft.datastream.type = DISABLED (default)
2022-10-13 11:44:08,225 [Listener at 127.0.0.1/33933] INFO  server.RaftServerConfigKeys (ConfUtils.java:logGet(46)) - raft.server.threadpool.proxy.cached = true (default)
2022-10-13 11:44:08,225 [Listener at 127.0.0.1/33933] INFO  server.RaftServerConfigKeys (ConfUtils.java:logGet(46)) - raft.server.threadpool.proxy.size = 0 (default)
2022-10-13 11:44:08,225 [Listener at 127.0.0.1/33933] INFO  server.RaftServerConfigKeys (ConfUtils.java:logGet(46)) - raft.server.rpc.slowness.timeout = 300s (custom)
2022-10-13 11:44:08,225 [Listener at 127.0.0.1/33933] INFO  server.RaftServerConfigKeys (ConfUtils.java:logGet(46)) - raft.server.leaderelection.leader.step-down.wait-time = 10s (default)
2022-10-13 11:44:08,225 [Listener at 127.0.0.1/33933] INFO  server.RaftServerConfigKeys (ConfUtils.java:logGet(46)) - raft.server.storage.dir = [/home/runner/work/ozone/ozone/hadoop-ozone/integration-test/target/test-dir/MiniOzoneClusterImpl-da935fb3-9ce5-49ab-a67c-f4b3beb884ab/datanode-0/data/ratis] (custom)
2022-10-13 11:44:08,241 [Listener at 127.0.0.1/33933] INFO  server.XceiverServerGrpc (XceiverServerGrpc.java:<init>(132)) - GrpcServer channel type EpollServerSocketChannel
2022-10-13 11:44:08,299 [Listener at 127.0.0.1/33933] INFO  http.BaseHttpServer (BaseHttpServer.java:newHttpServer2BuilderForOzone(213)) - Starting Web-server for hddsDatanode at: http://0.0.0.0:0
2022-10-13 11:44:08,299 [Listener at 127.0.0.1/33933] INFO  http.BaseHttpServer (BaseHttpServer.java:<init>(108)) - Hadoop Security Enabled: false Ozone Security Enabled: false Ozone HTTP Security Enabled: false 
2022-10-13 11:44:08,301 [Listener at 127.0.0.1/33933] WARN  server.AuthenticationFilter (AuthenticationFilter.java:constructSecretProvider(240)) - Unable to initialize FileSignerSecretProvider, falling back to use random secrets. Reason: Could not read signature secret file: /home/runner/hadoop-http-auth-signature-secret
2022-10-13 11:44:08,303 [Listener at 127.0.0.1/33933] WARN  http.HttpRequestLog (HttpRequestLog.java:getRequestLog(103)) - Jetty request log can only be enabled using Log4j
2022-10-13 11:44:08,305 [Listener at 127.0.0.1/33933] INFO  http.HttpServer2 (HttpServer2.java:addGlobalFilter(1031)) - Added global filter 'safety' (class=org.apache.hadoop.hdds.server.http.HttpServer2$QuotingInputFilter)
2022-10-13 11:44:08,306 [Listener at 127.0.0.1/33933] INFO  http.HttpServer2 (HttpServer2.java:addFilter(1007)) - Added filter static_user_filter (class=org.apache.hadoop.http.lib.StaticUserWebFilter$StaticUserFilter) to context hddsDatanode
2022-10-13 11:44:08,306 [Listener at 127.0.0.1/33933] INFO  http.HttpServer2 (HttpServer2.java:addFilter(1015)) - Added filter static_user_filter (class=org.apache.hadoop.http.lib.StaticUserWebFilter$StaticUserFilter) to context static
2022-10-13 11:44:08,306 [Listener at 127.0.0.1/33933] INFO  http.HttpServer2 (HttpServer2.java:addFilter(1015)) - Added filter static_user_filter (class=org.apache.hadoop.http.lib.StaticUserWebFilter$StaticUserFilter) to context logs
2022-10-13 11:44:08,307 [Listener at 127.0.0.1/33933] INFO  http.HttpServer2 (HttpServer2.java:bindListener(1250)) - Jetty bound to port 43745
2022-10-13 11:44:08,307 [Listener at 127.0.0.1/33933] INFO  server.Server (Server.java:doStart(375)) - jetty-9.4.43.v20210629; built: 2021-06-30T11:07:22.254Z; git: 526006ecfa3af7f1a27ef3a288e2bef7ea9dd7e8; jvm 1.8.0_345-b01
2022-10-13 11:44:08,310 [Listener at 127.0.0.1/33933] INFO  server.session (DefaultSessionIdManager.java:doStart(334)) - DefaultSessionIdManager workerName=node0
2022-10-13 11:44:08,311 [Listener at 127.0.0.1/33933] INFO  server.session (DefaultSessionIdManager.java:doStart(339)) - No SessionScavenger set, using defaults
2022-10-13 11:44:08,311 [Listener at 127.0.0.1/33933] INFO  server.session (HouseKeeper.java:startScavenging(132)) - node0 Scavenging every 600000ms
2022-10-13 11:44:08,312 [Listener at 127.0.0.1/33933] INFO  handler.ContextHandler (ContextHandler.java:doStart(915)) - Started o.e.j.s.ServletContextHandler@70bba4d1{logs,/logs,file:///home/runner/work/ozone/ozone/hadoop-ozone/integration-test/target/log,AVAILABLE}
2022-10-13 11:44:08,312 [Listener at 127.0.0.1/33933] INFO  handler.ContextHandler (ContextHandler.java:doStart(915)) - Started o.e.j.s.ServletContextHandler@798828e9{static,/static,jar:file:/home/runner/.m2/repository/org/apache/ozone/hdds-container-service/1.3.0-SNAPSHOT/hdds-container-service-1.3.0-SNAPSHOT.jar!/webapps/static,AVAILABLE}
2022-10-13 11:44:08,492 [Listener at 127.0.0.1/33933] INFO  handler.ContextHandler (ContextHandler.java:doStart(915)) - Started o.e.j.w.WebAppContext@1349a7f2{hddsDatanode,/,file:///tmp/jetty-0_0_0_0-43745-hdds-container-service-1_3_0-SNAPSHOT_jar-_-any-1404434650102238459/webapp/,AVAILABLE}{jar:file:/home/runner/.m2/repository/org/apache/ozone/hdds-container-service/1.3.0-SNAPSHOT/hdds-container-service-1.3.0-SNAPSHOT.jar!/webapps/hddsDatanode}
2022-10-13 11:44:08,493 [Listener at 127.0.0.1/33933] INFO  server.AbstractConnector (AbstractConnector.java:doStart(331)) - Started ServerConnector@444dac3f{HTTP/1.1, (http/1.1)}{0.0.0.0:43745}
2022-10-13 11:44:08,494 [Listener at 127.0.0.1/33933] INFO  server.Server (Server.java:doStart(415)) - Started @7666ms
2022-10-13 11:44:08,494 [Listener at 127.0.0.1/33933] WARN  impl.MetricsSystemImpl (MetricsSystemImpl.java:register(279)) - Sink prometheus already exists!
2022-10-13 11:44:08,494 [Listener at 127.0.0.1/33933] INFO  http.BaseHttpServer (BaseHttpServer.java:updateConnectorAddress(333)) - HTTP server of hddsDatanode listening at http://0.0.0.0:43745
2022-10-13 11:44:08,496 [Datanode State Machine Daemon Thread] INFO  statemachine.DatanodeStateMachine (DatanodeStateMachine.java:lambda$startDaemon$0(492)) - Ozone container server started.
2022-10-13 11:44:08,498 [Listener at 127.0.0.1/33933] WARN  impl.MetricRegistriesImpl (MetricRegistriesImpl.java:addReporterRegistration(111)) - New reporters are added after registries were created. Some metrics will be missing from the reporter. Please add reporter before adding any new registry.
2022-10-13 11:44:08,504 [Listener at 127.0.0.1/33933] WARN  impl.MetricRegistriesImpl (MetricRegistriesImpl.java:addReporterRegistration(111)) - New reporters are added after registries were created. Some metrics will be missing from the reporter. Please add reporter before adding any new registry.
2022-10-13 11:44:08,504 [Listener at 127.0.0.1/33933] INFO  impl.MetricsSystemImpl (MetricsSystemImpl.java:init(158)) - HddsDatanode metrics system started (again)
2022-10-13 11:44:08,517 [Listener at 127.0.0.1/33933] INFO  ozone.HddsDatanodeService (HddsDatanodeService.java:start(236)) - HddsDatanodeService host:fv-az91-750.1u4dveb1r3ruphbftqvtwhitpc.gx.internal.cloudapp.net ip:10.1.0.200
2022-10-13 11:44:08,531 [org.apache.hadoop.util.JvmPauseMonitor$Monitor@2f2065e2] INFO  util.JvmPauseMonitor (JvmPauseMonitor.java:run(188)) - Starting JVM pause monitor
2022-10-13 11:44:08,542 [Listener at 127.0.0.1/33933] INFO  upgrade.AbstractLayoutVersionManager (AbstractLayoutVersionManager.java:init(83)) - Initializing Layout version manager with metadata layout = DATANODE_SCHEMA_V3 (version = 4), software layout = DATANODE_SCHEMA_V3 (version = 4)
2022-10-13 11:44:08,624 [Listener at 127.0.0.1/33933] INFO  reflections.Reflections (Reflections.java:scan(232)) - Reflections took 81 ms to scan 7 urls, producing 137 keys and 328 values 
2022-10-13 11:44:08,629 [Listener at 127.0.0.1/33933] INFO  statemachine.DatanodeStateMachine (DatanodeStateMachine.java:getEndPointTaskThreadPoolSize(237)) - Datanode State Machine Task Thread Pool size 2
2022-10-13 11:44:08,634 [Listener at 127.0.0.1/33933] INFO  volume.HddsVolume (HddsVolume.java:<init>(117)) - Creating HddsVolume: /home/runner/work/ozone/ozone/hadoop-ozone/integration-test/target/test-dir/MiniOzoneClusterImpl-da935fb3-9ce5-49ab-a67c-f4b3beb884ab/datanode-1/data-0/containers/hdds of storage type : DISK capacity : 9223372036854775807
2022-10-13 11:44:08,634 [Listener at 127.0.0.1/33933] INFO  volume.MutableVolumeSet (MutableVolumeSet.java:initializeVolumeSet(174)) - Added Volume : /home/runner/work/ozone/ozone/hadoop-ozone/integration-test/target/test-dir/MiniOzoneClusterImpl-da935fb3-9ce5-49ab-a67c-f4b3beb884ab/datanode-1/data-0/containers/hdds to VolumeSet
2022-10-13 11:44:08,634 [Listener at 127.0.0.1/33933] INFO  volume.ThrottledAsyncChecker (ThrottledAsyncChecker.java:schedule(141)) - Scheduling a check for /home/runner/work/ozone/ozone/hadoop-ozone/integration-test/target/test-dir/MiniOzoneClusterImpl-da935fb3-9ce5-49ab-a67c-f4b3beb884ab/datanode-1/data-0/containers/hdds
2022-10-13 11:44:08,649 [Listener at 127.0.0.1/33933] INFO  volume.StorageVolumeChecker (StorageVolumeChecker.java:checkAllVolumes(202)) - Scheduled health check for volume /home/runner/work/ozone/ozone/hadoop-ozone/integration-test/target/test-dir/MiniOzoneClusterImpl-da935fb3-9ce5-49ab-a67c-f4b3beb884ab/datanode-1/data-0/containers/hdds
2022-10-13 11:44:08,673 [Listener at 127.0.0.1/33933] INFO  volume.MutableVolumeSet (MutableVolumeSet.java:initializeVolumeSet(174)) - Added Volume : /home/runner/work/ozone/ozone/hadoop-ozone/integration-test/target/test-dir/MiniOzoneClusterImpl-da935fb3-9ce5-49ab-a67c-f4b3beb884ab/datanode-1/data/ratis to VolumeSet
2022-10-13 11:44:08,674 [Listener at 127.0.0.1/33933] INFO  volume.ThrottledAsyncChecker (ThrottledAsyncChecker.java:schedule(141)) - Scheduling a check for /home/runner/work/ozone/ozone/hadoop-ozone/integration-test/target/test-dir/MiniOzoneClusterImpl-da935fb3-9ce5-49ab-a67c-f4b3beb884ab/datanode-1/data/ratis
2022-10-13 11:44:08,674 [Listener at 127.0.0.1/33933] INFO  volume.StorageVolumeChecker (StorageVolumeChecker.java:checkAllVolumes(202)) - Scheduled health check for volume /home/runner/work/ozone/ozone/hadoop-ozone/integration-test/target/test-dir/MiniOzoneClusterImpl-da935fb3-9ce5-49ab-a67c-f4b3beb884ab/datanode-1/data/ratis
2022-10-13 11:44:08,691 [Thread-149] INFO  ozoneimpl.ContainerReader (ContainerReader.java:readVolume(175)) - Finish verifying containers on volume /home/runner/work/ozone/ozone/hadoop-ozone/integration-test/target/test-dir/MiniOzoneClusterImpl-da935fb3-9ce5-49ab-a67c-f4b3beb884ab/datanode-1/data-0/containers/hdds
2022-10-13 11:44:08,693 [Listener at 127.0.0.1/33933] INFO  ozoneimpl.OzoneContainer (OzoneContainer.java:buildContainerSet(300)) - Build ContainerSet costs 0s
2022-10-13 11:44:08,697 [Listener at 127.0.0.1/33933] INFO  server.RaftServer (ConfUtils.java:logGet(46)) - raft.rpc.type = GRPC (default)
2022-10-13 11:44:08,697 [Listener at 127.0.0.1/33933] INFO  grpc.GrpcFactory (GrpcFactory.java:checkPooledByteBufAllocatorUseCacheForAllThreads(48)) - PERFORMANCE WARNING: useCacheForAllThreads is true that may cause Netty to create a lot garbage objects and, as a result, trigger GC.
	It is recommended to disable useCacheForAllThreads by setting -Dorg.apache.ratis.thirdparty.io.netty.allocator.useCacheForAllThreads=false in command line.
2022-10-13 11:44:08,697 [Listener at 127.0.0.1/33933] INFO  grpc.GrpcConfigKeys (ConfUtils.java:logGet(46)) - raft.grpc.admin.port = 0 (custom)
2022-10-13 11:44:08,697 [Listener at 127.0.0.1/33933] INFO  grpc.GrpcConfigKeys (ConfUtils.java:logGet(46)) - raft.grpc.client.port = 0 (custom)
2022-10-13 11:44:08,697 [Listener at 127.0.0.1/33933] INFO  grpc.GrpcConfigKeys (ConfUtils.java:logGet(46)) - raft.grpc.server.port = 0 (default)
2022-10-13 11:44:08,697 [Listener at 127.0.0.1/33933] INFO  server.GrpcService (ConfUtils.java:logGet(46)) - raft.grpc.message.size.max = 32MB (=33554432) (custom)
2022-10-13 11:44:08,698 [Listener at 127.0.0.1/33933] INFO  server.RaftServerConfigKeys (ConfUtils.java:logGet(46)) - raft.server.log.appender.buffer.byte-limit = 33554432 (custom)
2022-10-13 11:44:08,698 [Listener at 127.0.0.1/33933] INFO  server.GrpcService (ConfUtils.java:logGet(46)) - raft.grpc.flow.control.window = 5MB (=5242880) (custom)
2022-10-13 11:44:08,698 [Listener at 127.0.0.1/33933] INFO  server.RaftServerConfigKeys (ConfUtils.java:logGet(46)) - raft.server.rpc.request.timeout = 60s (custom)
2022-10-13 11:44:08,698 [Listener at 127.0.0.1/33933] INFO  grpc.GrpcConfigKeys (ConfUtils.java:logGet(46)) - raft.grpc.server.async.request.thread.pool.cached = true (default)
2022-10-13 11:44:08,698 [Listener at 127.0.0.1/33933] INFO  grpc.GrpcConfigKeys (ConfUtils.java:logGet(46)) - raft.grpc.server.async.request.thread.pool.size = 32 (default)
2022-10-13 11:44:08,699 [Listener at 127.0.0.1/33933] INFO  impl.DataStreamServerImpl (ConfUtils.java:logGet(46)) - raft.datastream.type = DISABLED (default)
2022-10-13 11:44:08,705 [Listener at 127.0.0.1/33933] INFO  server.RaftServerConfigKeys (ConfUtils.java:logGet(46)) - raft.server.threadpool.proxy.cached = true (default)
2022-10-13 11:44:08,705 [Listener at 127.0.0.1/33933] INFO  server.RaftServerConfigKeys (ConfUtils.java:logGet(46)) - raft.server.threadpool.proxy.size = 0 (default)
2022-10-13 11:44:08,706 [Listener at 127.0.0.1/33933] INFO  server.RaftServerConfigKeys (ConfUtils.java:logGet(46)) - raft.server.rpc.slowness.timeout = 300s (custom)
2022-10-13 11:44:08,706 [Listener at 127.0.0.1/33933] INFO  server.RaftServerConfigKeys (ConfUtils.java:logGet(46)) - raft.server.leaderelection.leader.step-down.wait-time = 10s (default)
2022-10-13 11:44:08,706 [Listener at 127.0.0.1/33933] INFO  server.RaftServerConfigKeys (ConfUtils.java:logGet(46)) - raft.server.storage.dir = [/home/runner/work/ozone/ozone/hadoop-ozone/integration-test/target/test-dir/MiniOzoneClusterImpl-da935fb3-9ce5-49ab-a67c-f4b3beb884ab/datanode-1/data/ratis] (custom)
2022-10-13 11:44:08,709 [Listener at 127.0.0.1/33933] INFO  server.XceiverServerGrpc (XceiverServerGrpc.java:<init>(132)) - GrpcServer channel type EpollServerSocketChannel
2022-10-13 11:44:08,719 [Listener at 127.0.0.1/33933] INFO  http.BaseHttpServer (BaseHttpServer.java:newHttpServer2BuilderForOzone(213)) - Starting Web-server for hddsDatanode at: http://0.0.0.0:0
2022-10-13 11:44:08,719 [Listener at 127.0.0.1/33933] INFO  http.BaseHttpServer (BaseHttpServer.java:<init>(108)) - Hadoop Security Enabled: false Ozone Security Enabled: false Ozone HTTP Security Enabled: false 
2022-10-13 11:44:08,720 [Listener at 127.0.0.1/33933] WARN  server.AuthenticationFilter (AuthenticationFilter.java:constructSecretProvider(240)) - Unable to initialize FileSignerSecretProvider, falling back to use random secrets. Reason: Could not read signature secret file: /home/runner/hadoop-http-auth-signature-secret
2022-10-13 11:44:08,722 [Listener at 127.0.0.1/33933] WARN  http.HttpRequestLog (HttpRequestLog.java:getRequestLog(103)) - Jetty request log can only be enabled using Log4j
2022-10-13 11:44:08,723 [Listener at 127.0.0.1/33933] INFO  http.HttpServer2 (HttpServer2.java:addGlobalFilter(1031)) - Added global filter 'safety' (class=org.apache.hadoop.hdds.server.http.HttpServer2$QuotingInputFilter)
2022-10-13 11:44:08,726 [Listener at 127.0.0.1/33933] INFO  http.HttpServer2 (HttpServer2.java:addFilter(1007)) - Added filter static_user_filter (class=org.apache.hadoop.http.lib.StaticUserWebFilter$StaticUserFilter) to context hddsDatanode
2022-10-13 11:44:08,726 [Listener at 127.0.0.1/33933] INFO  http.HttpServer2 (HttpServer2.java:addFilter(1015)) - Added filter static_user_filter (class=org.apache.hadoop.http.lib.StaticUserWebFilter$StaticUserFilter) to context logs
2022-10-13 11:44:08,726 [Datanode State Machine Task Thread - 0] INFO  datanode.InitDatanodeState (InitDatanodeState.java:persistContainerDatanodeDetails(138)) - DatanodeDetails is persisted to /home/runner/work/ozone/ozone/hadoop-ozone/integration-test/target/test-dir/MiniOzoneClusterImpl-da935fb3-9ce5-49ab-a67c-f4b3beb884ab/datanode-0/meta/datanode.id
2022-10-13 11:44:08,726 [Listener at 127.0.0.1/33933] INFO  http.HttpServer2 (HttpServer2.java:addFilter(1015)) - Added filter static_user_filter (class=org.apache.hadoop.http.lib.StaticUserWebFilter$StaticUserFilter) to context static
2022-10-13 11:44:08,728 [Listener at 127.0.0.1/33933] INFO  http.HttpServer2 (HttpServer2.java:bindListener(1250)) - Jetty bound to port 45459
2022-10-13 11:44:08,728 [Listener at 127.0.0.1/33933] INFO  server.Server (Server.java:doStart(375)) - jetty-9.4.43.v20210629; built: 2021-06-30T11:07:22.254Z; git: 526006ecfa3af7f1a27ef3a288e2bef7ea9dd7e8; jvm 1.8.0_345-b01
2022-10-13 11:44:08,730 [Listener at 127.0.0.1/33933] INFO  server.session (DefaultSessionIdManager.java:doStart(334)) - DefaultSessionIdManager workerName=node0
2022-10-13 11:44:08,730 [Listener at 127.0.0.1/33933] INFO  server.session (DefaultSessionIdManager.java:doStart(339)) - No SessionScavenger set, using defaults
2022-10-13 11:44:08,730 [Listener at 127.0.0.1/33933] INFO  server.session (HouseKeeper.java:startScavenging(132)) - node0 Scavenging every 660000ms
2022-10-13 11:44:08,732 [Listener at 127.0.0.1/33933] INFO  handler.ContextHandler (ContextHandler.java:doStart(915)) - Started o.e.j.s.ServletContextHandler@3609424e{logs,/logs,file:///home/runner/work/ozone/ozone/hadoop-ozone/integration-test/target/log,AVAILABLE}
2022-10-13 11:44:08,732 [Listener at 127.0.0.1/33933] INFO  handler.ContextHandler (ContextHandler.java:doStart(915)) - Started o.e.j.s.ServletContextHandler@6b92b8c9{static,/static,jar:file:/home/runner/.m2/repository/org/apache/ozone/hdds-container-service/1.3.0-SNAPSHOT/hdds-container-service-1.3.0-SNAPSHOT.jar!/webapps/static,AVAILABLE}
2022-10-13 11:44:08,822 [om1@group-C5BA1605619E-FollowerState] INFO  impl.FollowerState (FollowerState.java:run(143)) - om1@group-C5BA1605619E-FollowerState: change to CANDIDATE, lastRpcElapsedTime:1179332888ns, electionTimeout:1159ms
2022-10-13 11:44:08,823 [om1@group-C5BA1605619E-FollowerState] INFO  impl.RoleInfo (RoleInfo.java:shutdownFollowerState(110)) - om1: shutdown om1@group-C5BA1605619E-FollowerState
2022-10-13 11:44:08,824 [om1@group-C5BA1605619E-FollowerState] INFO  server.RaftServer$Division (RaftServerImpl.java:setRole(299)) - om1@group-C5BA1605619E: changes role from  FOLLOWER to CANDIDATE at term 0 for changeToCandidate
2022-10-13 11:44:08,828 [om1@group-C5BA1605619E-FollowerState] INFO  server.RaftServerConfigKeys (ConfUtils.java:logGet(46)) - raft.server.leaderelection.pre-vote = false (custom)
2022-10-13 11:44:08,828 [om1@group-C5BA1605619E-FollowerState] INFO  impl.RoleInfo (RoleInfo.java:updateAndGet(139)) - om1: start om1@group-C5BA1605619E-LeaderElection1
2022-10-13 11:44:08,833 [om1@group-C5BA1605619E-LeaderElection1] INFO  impl.LeaderElection (LeaderElection.java:askForVotes(310)) - om1@group-C5BA1605619E-LeaderElection1 ELECTION round 0: submit vote requests at term 1 for -1: [om1|rpc:localhost:9872|priority:0], old=null
2022-10-13 11:44:08,834 [om1@group-C5BA1605619E-LeaderElection1] INFO  impl.LeaderElection (LeaderElection.java:askForVotes(312)) - om1@group-C5BA1605619E-LeaderElection1 ELECTION round 0: result PASSED (term=1)
2022-10-13 11:44:08,835 [om1@group-C5BA1605619E-LeaderElection1] INFO  impl.RoleInfo (RoleInfo.java:shutdownLeaderElection(130)) - om1: shutdown om1@group-C5BA1605619E-LeaderElection1
2022-10-13 11:44:08,835 [om1@group-C5BA1605619E-LeaderElection1] INFO  server.RaftServer$Division (RaftServerImpl.java:setRole(299)) - om1@group-C5BA1605619E: changes role from CANDIDATE to LEADER at term 1 for changeToLeader
2022-10-13 11:44:08,835 [om1@group-C5BA1605619E-LeaderElection1] INFO  server.RaftServer$Division (ServerState.java:setLeader(287)) - om1@group-C5BA1605619E: change Leader from null to om1 at term 1 for becomeLeader, leader elected after 2123ms
2022-10-13 11:44:08,841 [om1@group-C5BA1605619E-LeaderElection1] INFO  server.RaftServerConfigKeys (ConfUtils.java:logGet(46)) - raft.server.staging.catchup.gap = 1000 (default)
2022-10-13 11:44:08,845 [om1@group-C5BA1605619E-LeaderElection1] INFO  server.RaftServerConfigKeys (ConfUtils.java:logGet(46)) - raft.server.write.element-limit = 4096 (default)
2022-10-13 11:44:08,846 [om1@group-C5BA1605619E-LeaderElection1] INFO  server.RaftServerConfigKeys (ConfUtils.java:logGet(46)) - raft.server.write.byte-limit = 64MB (=67108864) (default)
2022-10-13 11:44:08,855 [om1@group-C5BA1605619E-LeaderElection1] INFO  server.RaftServerConfigKeys (ConfUtils.java:logGet(46)) - raft.server.watch.timeout = 10s (default)
2022-10-13 11:44:08,855 [om1@group-C5BA1605619E-LeaderElection1] INFO  server.RaftServerConfigKeys (ConfUtils.java:logGet(46)) - raft.server.watch.timeout.denomination = 1s (default)
2022-10-13 11:44:08,858 [om1@group-C5BA1605619E-LeaderElection1] INFO  server.RaftServerConfigKeys (ConfUtils.java:logGet(46)) - raft.server.watch.element-limit = 65536 (default)
2022-10-13 11:44:08,863 [om1@group-C5BA1605619E-LeaderElection1] INFO  server.RaftServerConfigKeys (ConfUtils.java:logGet(46)) - raft.server.write.element-limit = 4096 (default)
2022-10-13 11:44:08,866 [om1@group-C5BA1605619E-LeaderElection1] INFO  server.RaftServerConfigKeys (ConfUtils.java:logGet(46)) - raft.server.write.follower.gap.ratio.max = -1.0 (default)
2022-10-13 11:44:08,871 [om1@group-C5BA1605619E-LeaderElection1] INFO  impl.RoleInfo (RoleInfo.java:updateAndGet(139)) - om1: start om1@group-C5BA1605619E-LeaderStateImpl
2022-10-13 11:44:08,896 [om1@group-C5BA1605619E-LeaderElection1] INFO  segmented.SegmentedRaftLogWorker (SegmentedRaftLogWorker.java:startLogSegment(425)) - om1@group-C5BA1605619E-SegmentedRaftLogWorker: Starting segment from index:0
2022-10-13 11:44:08,960 [om1@group-C5BA1605619E-LeaderElection1] INFO  server.RaftServer$Division (ServerState.java:setRaftConf(393)) - om1@group-C5BA1605619E: set configuration 0: [om1|rpc:localhost:9872|admin:|client:|dataStream:|priority:0], old=null
2022-10-13 11:44:08,984 [Listener at 127.0.0.1/33933] INFO  handler.ContextHandler (ContextHandler.java:doStart(915)) - Started o.e.j.w.WebAppContext@2cc42eef{hddsDatanode,/,file:///tmp/jetty-0_0_0_0-45459-hdds-container-service-1_3_0-SNAPSHOT_jar-_-any-8645924124125589773/webapp/,AVAILABLE}{jar:file:/home/runner/.m2/repository/org/apache/ozone/hdds-container-service/1.3.0-SNAPSHOT/hdds-container-service-1.3.0-SNAPSHOT.jar!/webapps/hddsDatanode}
2022-10-13 11:44:08,986 [Listener at 127.0.0.1/33933] INFO  server.AbstractConnector (AbstractConnector.java:doStart(331)) - Started ServerConnector@5741b80a{HTTP/1.1, (http/1.1)}{0.0.0.0:45459}
2022-10-13 11:44:08,987 [Listener at 127.0.0.1/33933] INFO  server.Server (Server.java:doStart(415)) - Started @8159ms
2022-10-13 11:44:08,987 [Listener at 127.0.0.1/33933] WARN  impl.MetricsSystemImpl (MetricsSystemImpl.java:register(279)) - Sink prometheus already exists!
2022-10-13 11:44:08,993 [Listener at 127.0.0.1/33933] INFO  http.BaseHttpServer (BaseHttpServer.java:updateConnectorAddress(333)) - HTTP server of hddsDatanode listening at http://0.0.0.0:45459
2022-10-13 11:44:08,999 [Listener at 127.0.0.1/33933] WARN  impl.MetricRegistriesImpl (MetricRegistriesImpl.java:addReporterRegistration(111)) - New reporters are added after registries were created. Some metrics will be missing from the reporter. Please add reporter before adding any new registry.
2022-10-13 11:44:08,999 [Listener at 127.0.0.1/33933] WARN  impl.MetricRegistriesImpl (MetricRegistriesImpl.java:addReporterRegistration(111)) - New reporters are added after registries were created. Some metrics will be missing from the reporter. Please add reporter before adding any new registry.
2022-10-13 11:44:08,999 [Listener at 127.0.0.1/33933] INFO  impl.MetricsSystemImpl (MetricsSystemImpl.java:init(158)) - HddsDatanode metrics system started (again)
2022-10-13 11:44:09,000 [Datanode State Machine Daemon Thread] INFO  statemachine.DatanodeStateMachine (DatanodeStateMachine.java:lambda$startDaemon$0(492)) - Ozone container server started.
2022-10-13 11:44:09,016 [Listener at 127.0.0.1/33933] INFO  ozone.HddsDatanodeService (HddsDatanodeService.java:start(236)) - HddsDatanodeService host:fv-az91-750.1u4dveb1r3ruphbftqvtwhitpc.gx.internal.cloudapp.net ip:10.1.0.200
2022-10-13 11:44:09,042 [org.apache.hadoop.util.JvmPauseMonitor$Monitor@37af0db1] INFO  util.JvmPauseMonitor (JvmPauseMonitor.java:run(188)) - Starting JVM pause monitor
2022-10-13 11:44:09,057 [Listener at 127.0.0.1/33933] INFO  upgrade.AbstractLayoutVersionManager (AbstractLayoutVersionManager.java:init(83)) - Initializing Layout version manager with metadata layout = DATANODE_SCHEMA_V3 (version = 4), software layout = DATANODE_SCHEMA_V3 (version = 4)
2022-10-13 11:44:09,068 [om1@group-C5BA1605619E-SegmentedRaftLogWorker] INFO  segmented.SegmentedRaftLogWorker (SegmentedRaftLogWorker.java:execute(629)) - om1@group-C5BA1605619E-SegmentedRaftLogWorker: created new log segment /home/runner/work/ozone/ozone/hadoop-ozone/integration-test/target/test-dir/MiniOzoneClusterImpl-da935fb3-9ce5-49ab-a67c-f4b3beb884ab/ozone-meta/ratis/bf265839-605b-3f16-9796-c5ba1605619e/current/log_inprogress_0
2022-10-13 11:44:09,106 [Datanode State Machine Task Thread - 0] INFO  datanode.InitDatanodeState (InitDatanodeState.java:persistContainerDatanodeDetails(138)) - DatanodeDetails is persisted to /home/runner/work/ozone/ozone/hadoop-ozone/integration-test/target/test-dir/MiniOzoneClusterImpl-da935fb3-9ce5-49ab-a67c-f4b3beb884ab/datanode-1/meta/datanode.id
2022-10-13 11:44:09,158 [Listener at 127.0.0.1/33933] INFO  reflections.Reflections (Reflections.java:scan(232)) - Reflections took 100 ms to scan 7 urls, producing 137 keys and 328 values 
2022-10-13 11:44:09,160 [Listener at 127.0.0.1/33933] INFO  statemachine.DatanodeStateMachine (DatanodeStateMachine.java:getEndPointTaskThreadPoolSize(237)) - Datanode State Machine Task Thread Pool size 2
2022-10-13 11:44:09,163 [Listener at 127.0.0.1/33933] INFO  volume.HddsVolume (HddsVolume.java:<init>(117)) - Creating HddsVolume: /home/runner/work/ozone/ozone/hadoop-ozone/integration-test/target/test-dir/MiniOzoneClusterImpl-da935fb3-9ce5-49ab-a67c-f4b3beb884ab/datanode-2/data-0/containers/hdds of storage type : DISK capacity : 9223372036854775807
2022-10-13 11:44:09,163 [Listener at 127.0.0.1/33933] INFO  volume.MutableVolumeSet (MutableVolumeSet.java:initializeVolumeSet(174)) - Added Volume : /home/runner/work/ozone/ozone/hadoop-ozone/integration-test/target/test-dir/MiniOzoneClusterImpl-da935fb3-9ce5-49ab-a67c-f4b3beb884ab/datanode-2/data-0/containers/hdds to VolumeSet
2022-10-13 11:44:09,163 [Listener at 127.0.0.1/33933] INFO  volume.ThrottledAsyncChecker (ThrottledAsyncChecker.java:schedule(141)) - Scheduling a check for /home/runner/work/ozone/ozone/hadoop-ozone/integration-test/target/test-dir/MiniOzoneClusterImpl-da935fb3-9ce5-49ab-a67c-f4b3beb884ab/datanode-2/data-0/containers/hdds
2022-10-13 11:44:09,164 [Listener at 127.0.0.1/33933] INFO  volume.StorageVolumeChecker (StorageVolumeChecker.java:checkAllVolumes(202)) - Scheduled health check for volume /home/runner/work/ozone/ozone/hadoop-ozone/integration-test/target/test-dir/MiniOzoneClusterImpl-da935fb3-9ce5-49ab-a67c-f4b3beb884ab/datanode-2/data-0/containers/hdds
2022-10-13 11:44:09,177 [Listener at 127.0.0.1/33933] INFO  volume.MutableVolumeSet (MutableVolumeSet.java:initializeVolumeSet(174)) - Added Volume : /home/runner/work/ozone/ozone/hadoop-ozone/integration-test/target/test-dir/MiniOzoneClusterImpl-da935fb3-9ce5-49ab-a67c-f4b3beb884ab/datanode-2/data/ratis to VolumeSet
2022-10-13 11:44:09,177 [Listener at 127.0.0.1/33933] INFO  volume.ThrottledAsyncChecker (ThrottledAsyncChecker.java:schedule(141)) - Scheduling a check for /home/runner/work/ozone/ozone/hadoop-ozone/integration-test/target/test-dir/MiniOzoneClusterImpl-da935fb3-9ce5-49ab-a67c-f4b3beb884ab/datanode-2/data/ratis
2022-10-13 11:44:09,177 [Listener at 127.0.0.1/33933] INFO  volume.StorageVolumeChecker (StorageVolumeChecker.java:checkAllVolumes(202)) - Scheduled health check for volume /home/runner/work/ozone/ozone/hadoop-ozone/integration-test/target/test-dir/MiniOzoneClusterImpl-da935fb3-9ce5-49ab-a67c-f4b3beb884ab/datanode-2/data/ratis
2022-10-13 11:44:09,188 [Thread-164] INFO  ozoneimpl.ContainerReader (ContainerReader.java:readVolume(175)) - Finish verifying containers on volume /home/runner/work/ozone/ozone/hadoop-ozone/integration-test/target/test-dir/MiniOzoneClusterImpl-da935fb3-9ce5-49ab-a67c-f4b3beb884ab/datanode-2/data-0/containers/hdds
2022-10-13 11:44:09,189 [Listener at 127.0.0.1/33933] INFO  ozoneimpl.OzoneContainer (OzoneContainer.java:buildContainerSet(300)) - Build ContainerSet costs 0s
2022-10-13 11:44:09,193 [Listener at 127.0.0.1/33933] INFO  server.RaftServer (ConfUtils.java:logGet(46)) - raft.rpc.type = GRPC (default)
2022-10-13 11:44:09,193 [Listener at 127.0.0.1/33933] INFO  grpc.GrpcFactory (GrpcFactory.java:checkPooledByteBufAllocatorUseCacheForAllThreads(48)) - PERFORMANCE WARNING: useCacheForAllThreads is true that may cause Netty to create a lot garbage objects and, as a result, trigger GC.
	It is recommended to disable useCacheForAllThreads by setting -Dorg.apache.ratis.thirdparty.io.netty.allocator.useCacheForAllThreads=false in command line.
2022-10-13 11:44:09,194 [Listener at 127.0.0.1/33933] INFO  grpc.GrpcConfigKeys (ConfUtils.java:logGet(46)) - raft.grpc.admin.port = 0 (custom)
2022-10-13 11:44:09,194 [Listener at 127.0.0.1/33933] INFO  grpc.GrpcConfigKeys (ConfUtils.java:logGet(46)) - raft.grpc.client.port = 0 (custom)
2022-10-13 11:44:09,194 [Listener at 127.0.0.1/33933] INFO  grpc.GrpcConfigKeys (ConfUtils.java:logGet(46)) - raft.grpc.server.port = 0 (default)
2022-10-13 11:44:09,194 [Listener at 127.0.0.1/33933] INFO  server.GrpcService (ConfUtils.java:logGet(46)) - raft.grpc.message.size.max = 32MB (=33554432) (custom)
2022-10-13 11:44:09,194 [Listener at 127.0.0.1/33933] INFO  server.RaftServerConfigKeys (ConfUtils.java:logGet(46)) - raft.server.log.appender.buffer.byte-limit = 33554432 (custom)
2022-10-13 11:44:09,194 [Listener at 127.0.0.1/33933] INFO  server.GrpcService (ConfUtils.java:logGet(46)) - raft.grpc.flow.control.window = 5MB (=5242880) (custom)
2022-10-13 11:44:09,194 [Listener at 127.0.0.1/33933] INFO  server.RaftServerConfigKeys (ConfUtils.java:logGet(46)) - raft.server.rpc.request.timeout = 60s (custom)
2022-10-13 11:44:09,195 [Listener at 127.0.0.1/33933] INFO  grpc.GrpcConfigKeys (ConfUtils.java:logGet(46)) - raft.grpc.server.async.request.thread.pool.cached = true (default)
2022-10-13 11:44:09,195 [Listener at 127.0.0.1/33933] INFO  grpc.GrpcConfigKeys (ConfUtils.java:logGet(46)) - raft.grpc.server.async.request.thread.pool.size = 32 (default)
2022-10-13 11:44:09,196 [Listener at 127.0.0.1/33933] INFO  impl.DataStreamServerImpl (ConfUtils.java:logGet(46)) - raft.datastream.type = DISABLED (default)
2022-10-13 11:44:09,196 [Listener at 127.0.0.1/33933] INFO  server.RaftServerConfigKeys (ConfUtils.java:logGet(46)) - raft.server.threadpool.proxy.cached = true (default)
2022-10-13 11:44:09,196 [Listener at 127.0.0.1/33933] INFO  server.RaftServerConfigKeys (ConfUtils.java:logGet(46)) - raft.server.threadpool.proxy.size = 0 (default)
2022-10-13 11:44:09,196 [Listener at 127.0.0.1/33933] INFO  server.RaftServerConfigKeys (ConfUtils.java:logGet(46)) - raft.server.rpc.slowness.timeout = 300s (custom)
2022-10-13 11:44:09,196 [Listener at 127.0.0.1/33933] INFO  server.RaftServerConfigKeys (ConfUtils.java:logGet(46)) - raft.server.leaderelection.leader.step-down.wait-time = 10s (default)
2022-10-13 11:44:09,197 [Listener at 127.0.0.1/33933] INFO  server.RaftServerConfigKeys (ConfUtils.java:logGet(46)) - raft.server.storage.dir = [/home/runner/work/ozone/ozone/hadoop-ozone/integration-test/target/test-dir/MiniOzoneClusterImpl-da935fb3-9ce5-49ab-a67c-f4b3beb884ab/datanode-2/data/ratis] (custom)
2022-10-13 11:44:09,200 [Listener at 127.0.0.1/33933] INFO  server.XceiverServerGrpc (XceiverServerGrpc.java:<init>(132)) - GrpcServer channel type EpollServerSocketChannel
2022-10-13 11:44:09,203 [Listener at 127.0.0.1/33933] INFO  http.BaseHttpServer (BaseHttpServer.java:newHttpServer2BuilderForOzone(213)) - Starting Web-server for hddsDatanode at: http://0.0.0.0:0
2022-10-13 11:44:09,203 [Listener at 127.0.0.1/33933] INFO  http.BaseHttpServer (BaseHttpServer.java:<init>(108)) - Hadoop Security Enabled: false Ozone Security Enabled: false Ozone HTTP Security Enabled: false 
2022-10-13 11:44:09,204 [Listener at 127.0.0.1/33933] WARN  server.AuthenticationFilter (AuthenticationFilter.java:constructSecretProvider(240)) - Unable to initialize FileSignerSecretProvider, falling back to use random secrets. Reason: Could not read signature secret file: /home/runner/hadoop-http-auth-signature-secret
2022-10-13 11:44:09,205 [Listener at 127.0.0.1/33933] WARN  http.HttpRequestLog (HttpRequestLog.java:getRequestLog(103)) - Jetty request log can only be enabled using Log4j
2022-10-13 11:44:09,206 [Listener at 127.0.0.1/33933] INFO  http.HttpServer2 (HttpServer2.java:addGlobalFilter(1031)) - Added global filter 'safety' (class=org.apache.hadoop.hdds.server.http.HttpServer2$QuotingInputFilter)
2022-10-13 11:44:09,207 [Listener at 127.0.0.1/33933] INFO  http.HttpServer2 (HttpServer2.java:addFilter(1007)) - Added filter static_user_filter (class=org.apache.hadoop.http.lib.StaticUserWebFilter$StaticUserFilter) to context hddsDatanode
2022-10-13 11:44:09,207 [Listener at 127.0.0.1/33933] INFO  http.HttpServer2 (HttpServer2.java:addFilter(1015)) - Added filter static_user_filter (class=org.apache.hadoop.http.lib.StaticUserWebFilter$StaticUserFilter) to context logs
2022-10-13 11:44:09,207 [Listener at 127.0.0.1/33933] INFO  http.HttpServer2 (HttpServer2.java:addFilter(1015)) - Added filter static_user_filter (class=org.apache.hadoop.http.lib.StaticUserWebFilter$StaticUserFilter) to context static
2022-10-13 11:44:09,208 [Listener at 127.0.0.1/33933] INFO  http.HttpServer2 (HttpServer2.java:bindListener(1250)) - Jetty bound to port 33121
2022-10-13 11:44:09,208 [Listener at 127.0.0.1/33933] INFO  server.Server (Server.java:doStart(375)) - jetty-9.4.43.v20210629; built: 2021-06-30T11:07:22.254Z; git: 526006ecfa3af7f1a27ef3a288e2bef7ea9dd7e8; jvm 1.8.0_345-b01
2022-10-13 11:44:09,225 [om1@group-C5BA1605619E-StateMachineUpdater] INFO  ratis.OzoneManagerStateMachine (OzoneManagerStateMachine.java:notifyConfigurationChanged(192)) - Received Configuration change notification from Ratis. New Peer list:
[id: "om1"
address: "localhost:9872"
]
2022-10-13 11:44:09,235 [Listener at 127.0.0.1/33933] INFO  server.session (DefaultSessionIdManager.java:doStart(334)) - DefaultSessionIdManager workerName=node0
2022-10-13 11:44:09,235 [Listener at 127.0.0.1/33933] INFO  server.session (DefaultSessionIdManager.java:doStart(339)) - No SessionScavenger set, using defaults
2022-10-13 11:44:09,235 [Listener at 127.0.0.1/33933] INFO  server.session (HouseKeeper.java:startScavenging(132)) - node0 Scavenging every 600000ms
2022-10-13 11:44:09,237 [Listener at 127.0.0.1/33933] INFO  handler.ContextHandler (ContextHandler.java:doStart(915)) - Started o.e.j.s.ServletContextHandler@3160fef3{logs,/logs,file:///home/runner/work/ozone/ozone/hadoop-ozone/integration-test/target/log,AVAILABLE}
2022-10-13 11:44:09,238 [Listener at 127.0.0.1/33933] INFO  handler.ContextHandler (ContextHandler.java:doStart(915)) - Started o.e.j.s.ServletContextHandler@5a761dc9{static,/static,jar:file:/home/runner/.m2/repository/org/apache/ozone/hdds-container-service/1.3.0-SNAPSHOT/hdds-container-service-1.3.0-SNAPSHOT.jar!/webapps/static,AVAILABLE}
2022-10-13 11:44:09,405 [Listener at 127.0.0.1/33933] INFO  handler.ContextHandler (ContextHandler.java:doStart(915)) - Started o.e.j.w.WebAppContext@6ffa30e3{hddsDatanode,/,file:///tmp/jetty-0_0_0_0-33121-hdds-container-service-1_3_0-SNAPSHOT_jar-_-any-1927600815931570707/webapp/,AVAILABLE}{jar:file:/home/runner/.m2/repository/org/apache/ozone/hdds-container-service/1.3.0-SNAPSHOT/hdds-container-service-1.3.0-SNAPSHOT.jar!/webapps/hddsDatanode}
2022-10-13 11:44:09,406 [Listener at 127.0.0.1/33933] INFO  server.AbstractConnector (AbstractConnector.java:doStart(331)) - Started ServerConnector@397c39bc{HTTP/1.1, (http/1.1)}{0.0.0.0:33121}
2022-10-13 11:44:09,407 [Listener at 127.0.0.1/33933] INFO  server.Server (Server.java:doStart(415)) - Started @8579ms
2022-10-13 11:44:09,407 [Listener at 127.0.0.1/33933] WARN  impl.MetricsSystemImpl (MetricsSystemImpl.java:register(279)) - Sink prometheus already exists!
2022-10-13 11:44:09,407 [Listener at 127.0.0.1/33933] INFO  http.BaseHttpServer (BaseHttpServer.java:updateConnectorAddress(333)) - HTTP server of hddsDatanode listening at http://0.0.0.0:33121
2022-10-13 11:44:09,408 [Datanode State Machine Daemon Thread] INFO  statemachine.DatanodeStateMachine (DatanodeStateMachine.java:lambda$startDaemon$0(492)) - Ozone container server started.
2022-10-13 11:44:09,408 [Listener at 127.0.0.1/33933] WARN  impl.MetricRegistriesImpl (MetricRegistriesImpl.java:addReporterRegistration(111)) - New reporters are added after registries were created. Some metrics will be missing from the reporter. Please add reporter before adding any new registry.
2022-10-13 11:44:09,410 [Listener at 127.0.0.1/33933] WARN  impl.MetricRegistriesImpl (MetricRegistriesImpl.java:addReporterRegistration(111)) - New reporters are added after registries were created. Some metrics will be missing from the reporter. Please add reporter before adding any new registry.
2022-10-13 11:44:09,410 [Listener at 127.0.0.1/33933] INFO  impl.MetricsSystemImpl (MetricsSystemImpl.java:init(158)) - HddsDatanode metrics system started (again)
2022-10-13 11:44:09,431 [org.apache.hadoop.util.JvmPauseMonitor$Monitor@319233c8] INFO  util.JvmPauseMonitor (JvmPauseMonitor.java:run(188)) - Starting JVM pause monitor
2022-10-13 11:44:09,434 [Listener at 127.0.0.1/33933] INFO  ozone.HddsDatanodeService (HddsDatanodeService.java:start(236)) - HddsDatanodeService host:fv-az91-750.1u4dveb1r3ruphbftqvtwhitpc.gx.internal.cloudapp.net ip:10.1.0.200
2022-10-13 11:44:09,439 [Datanode State Machine Task Thread - 0] INFO  datanode.InitDatanodeState (InitDatanodeState.java:persistContainerDatanodeDetails(138)) - DatanodeDetails is persisted to /home/runner/work/ozone/ozone/hadoop-ozone/integration-test/target/test-dir/MiniOzoneClusterImpl-da935fb3-9ce5-49ab-a67c-f4b3beb884ab/datanode-2/meta/datanode.id
2022-10-13 11:44:09,474 [Listener at 127.0.0.1/33933] INFO  upgrade.AbstractLayoutVersionManager (AbstractLayoutVersionManager.java:init(83)) - Initializing Layout version manager with metadata layout = DATANODE_SCHEMA_V3 (version = 4), software layout = DATANODE_SCHEMA_V3 (version = 4)
2022-10-13 11:44:09,519 [Listener at 127.0.0.1/33933] INFO  reflections.Reflections (Reflections.java:scan(232)) - Reflections took 44 ms to scan 7 urls, producing 137 keys and 328 values 
2022-10-13 11:44:09,520 [Listener at 127.0.0.1/33933] INFO  statemachine.DatanodeStateMachine (DatanodeStateMachine.java:getEndPointTaskThreadPoolSize(237)) - Datanode State Machine Task Thread Pool size 2
2022-10-13 11:44:09,523 [Listener at 127.0.0.1/33933] INFO  volume.HddsVolume (HddsVolume.java:<init>(117)) - Creating HddsVolume: /home/runner/work/ozone/ozone/hadoop-ozone/integration-test/target/test-dir/MiniOzoneClusterImpl-da935fb3-9ce5-49ab-a67c-f4b3beb884ab/datanode-3/data-0/containers/hdds of storage type : DISK capacity : 9223372036854775807
2022-10-13 11:44:09,523 [Listener at 127.0.0.1/33933] INFO  volume.MutableVolumeSet (MutableVolumeSet.java:initializeVolumeSet(174)) - Added Volume : /home/runner/work/ozone/ozone/hadoop-ozone/integration-test/target/test-dir/MiniOzoneClusterImpl-da935fb3-9ce5-49ab-a67c-f4b3beb884ab/datanode-3/data-0/containers/hdds to VolumeSet
2022-10-13 11:44:09,523 [Listener at 127.0.0.1/33933] INFO  volume.ThrottledAsyncChecker (ThrottledAsyncChecker.java:schedule(141)) - Scheduling a check for /home/runner/work/ozone/ozone/hadoop-ozone/integration-test/target/test-dir/MiniOzoneClusterImpl-da935fb3-9ce5-49ab-a67c-f4b3beb884ab/datanode-3/data-0/containers/hdds
2022-10-13 11:44:09,527 [Listener at 127.0.0.1/33933] INFO  volume.StorageVolumeChecker (StorageVolumeChecker.java:checkAllVolumes(202)) - Scheduled health check for volume /home/runner/work/ozone/ozone/hadoop-ozone/integration-test/target/test-dir/MiniOzoneClusterImpl-da935fb3-9ce5-49ab-a67c-f4b3beb884ab/datanode-3/data-0/containers/hdds
2022-10-13 11:44:09,539 [Listener at 127.0.0.1/33933] INFO  volume.MutableVolumeSet (MutableVolumeSet.java:initializeVolumeSet(174)) - Added Volume : /home/runner/work/ozone/ozone/hadoop-ozone/integration-test/target/test-dir/MiniOzoneClusterImpl-da935fb3-9ce5-49ab-a67c-f4b3beb884ab/datanode-3/data/ratis to VolumeSet
2022-10-13 11:44:09,539 [Listener at 127.0.0.1/33933] INFO  volume.ThrottledAsyncChecker (ThrottledAsyncChecker.java:schedule(141)) - Scheduling a check for /home/runner/work/ozone/ozone/hadoop-ozone/integration-test/target/test-dir/MiniOzoneClusterImpl-da935fb3-9ce5-49ab-a67c-f4b3beb884ab/datanode-3/data/ratis
2022-10-13 11:44:09,539 [Listener at 127.0.0.1/33933] INFO  volume.StorageVolumeChecker (StorageVolumeChecker.java:checkAllVolumes(202)) - Scheduled health check for volume /home/runner/work/ozone/ozone/hadoop-ozone/integration-test/target/test-dir/MiniOzoneClusterImpl-da935fb3-9ce5-49ab-a67c-f4b3beb884ab/datanode-3/data/ratis
2022-10-13 11:44:09,549 [Thread-177] INFO  ozoneimpl.ContainerReader (ContainerReader.java:readVolume(175)) - Finish verifying containers on volume /home/runner/work/ozone/ozone/hadoop-ozone/integration-test/target/test-dir/MiniOzoneClusterImpl-da935fb3-9ce5-49ab-a67c-f4b3beb884ab/datanode-3/data-0/containers/hdds
2022-10-13 11:44:09,553 [Listener at 127.0.0.1/33933] INFO  ozoneimpl.OzoneContainer (OzoneContainer.java:buildContainerSet(300)) - Build ContainerSet costs 0s
2022-10-13 11:44:09,556 [Listener at 127.0.0.1/33933] INFO  server.RaftServer (ConfUtils.java:logGet(46)) - raft.rpc.type = GRPC (default)
2022-10-13 11:44:09,556 [Listener at 127.0.0.1/33933] INFO  grpc.GrpcFactory (GrpcFactory.java:checkPooledByteBufAllocatorUseCacheForAllThreads(48)) - PERFORMANCE WARNING: useCacheForAllThreads is true that may cause Netty to create a lot garbage objects and, as a result, trigger GC.
	It is recommended to disable useCacheForAllThreads by setting -Dorg.apache.ratis.thirdparty.io.netty.allocator.useCacheForAllThreads=false in command line.
2022-10-13 11:44:09,556 [Listener at 127.0.0.1/33933] INFO  grpc.GrpcConfigKeys (ConfUtils.java:logGet(46)) - raft.grpc.admin.port = 0 (custom)
2022-10-13 11:44:09,557 [Listener at 127.0.0.1/33933] INFO  grpc.GrpcConfigKeys (ConfUtils.java:logGet(46)) - raft.grpc.client.port = 0 (custom)
2022-10-13 11:44:09,557 [Listener at 127.0.0.1/33933] INFO  grpc.GrpcConfigKeys (ConfUtils.java:logGet(46)) - raft.grpc.server.port = 0 (default)
2022-10-13 11:44:09,557 [Listener at 127.0.0.1/33933] INFO  server.GrpcService (ConfUtils.java:logGet(46)) - raft.grpc.message.size.max = 32MB (=33554432) (custom)
2022-10-13 11:44:09,557 [Listener at 127.0.0.1/33933] INFO  server.RaftServerConfigKeys (ConfUtils.java:logGet(46)) - raft.server.log.appender.buffer.byte-limit = 33554432 (custom)
2022-10-13 11:44:09,557 [Listener at 127.0.0.1/33933] INFO  server.GrpcService (ConfUtils.java:logGet(46)) - raft.grpc.flow.control.window = 5MB (=5242880) (custom)
2022-10-13 11:44:09,558 [Listener at 127.0.0.1/33933] INFO  server.RaftServerConfigKeys (ConfUtils.java:logGet(46)) - raft.server.rpc.request.timeout = 60s (custom)
2022-10-13 11:44:09,559 [Listener at 127.0.0.1/33933] INFO  grpc.GrpcConfigKeys (ConfUtils.java:logGet(46)) - raft.grpc.server.async.request.thread.pool.cached = true (default)
2022-10-13 11:44:09,559 [Listener at 127.0.0.1/33933] INFO  grpc.GrpcConfigKeys (ConfUtils.java:logGet(46)) - raft.grpc.server.async.request.thread.pool.size = 32 (default)
2022-10-13 11:44:09,561 [Listener at 127.0.0.1/33933] INFO  impl.DataStreamServerImpl (ConfUtils.java:logGet(46)) - raft.datastream.type = DISABLED (default)
2022-10-13 11:44:09,561 [Listener at 127.0.0.1/33933] INFO  server.RaftServerConfigKeys (ConfUtils.java:logGet(46)) - raft.server.threadpool.proxy.cached = true (default)
2022-10-13 11:44:09,561 [Listener at 127.0.0.1/33933] INFO  server.RaftServerConfigKeys (ConfUtils.java:logGet(46)) - raft.server.threadpool.proxy.size = 0 (default)
2022-10-13 11:44:09,562 [Listener at 127.0.0.1/33933] INFO  server.RaftServerConfigKeys (ConfUtils.java:logGet(46)) - raft.server.rpc.slowness.timeout = 300s (custom)
2022-10-13 11:44:09,562 [Listener at 127.0.0.1/33933] INFO  server.RaftServerConfigKeys (ConfUtils.java:logGet(46)) - raft.server.leaderelection.leader.step-down.wait-time = 10s (default)
2022-10-13 11:44:09,562 [Listener at 127.0.0.1/33933] INFO  server.RaftServerConfigKeys (ConfUtils.java:logGet(46)) - raft.server.storage.dir = [/home/runner/work/ozone/ozone/hadoop-ozone/integration-test/target/test-dir/MiniOzoneClusterImpl-da935fb3-9ce5-49ab-a67c-f4b3beb884ab/datanode-3/data/ratis] (custom)
2022-10-13 11:44:09,563 [Listener at 127.0.0.1/33933] INFO  server.XceiverServerGrpc (XceiverServerGrpc.java:<init>(132)) - GrpcServer channel type EpollServerSocketChannel
2022-10-13 11:44:09,569 [Listener at 127.0.0.1/33933] INFO  http.BaseHttpServer (BaseHttpServer.java:newHttpServer2BuilderForOzone(213)) - Starting Web-server for hddsDatanode at: http://0.0.0.0:0
2022-10-13 11:44:09,569 [Listener at 127.0.0.1/33933] INFO  http.BaseHttpServer (BaseHttpServer.java:<init>(108)) - Hadoop Security Enabled: false Ozone Security Enabled: false Ozone HTTP Security Enabled: false 
2022-10-13 11:44:09,571 [Listener at 127.0.0.1/33933] WARN  server.AuthenticationFilter (AuthenticationFilter.java:constructSecretProvider(240)) - Unable to initialize FileSignerSecretProvider, falling back to use random secrets. Reason: Could not read signature secret file: /home/runner/hadoop-http-auth-signature-secret
2022-10-13 11:44:09,571 [Listener at 127.0.0.1/33933] WARN  http.HttpRequestLog (HttpRequestLog.java:getRequestLog(103)) - Jetty request log can only be enabled using Log4j
2022-10-13 11:44:09,573 [Listener at 127.0.0.1/33933] INFO  http.HttpServer2 (HttpServer2.java:addGlobalFilter(1031)) - Added global filter 'safety' (class=org.apache.hadoop.hdds.server.http.HttpServer2$QuotingInputFilter)
2022-10-13 11:44:09,573 [Listener at 127.0.0.1/33933] INFO  http.HttpServer2 (HttpServer2.java:addFilter(1007)) - Added filter static_user_filter (class=org.apache.hadoop.http.lib.StaticUserWebFilter$StaticUserFilter) to context hddsDatanode
2022-10-13 11:44:09,574 [Listener at 127.0.0.1/33933] INFO  http.HttpServer2 (HttpServer2.java:addFilter(1015)) - Added filter static_user_filter (class=org.apache.hadoop.http.lib.StaticUserWebFilter$StaticUserFilter) to context static
2022-10-13 11:44:09,574 [Listener at 127.0.0.1/33933] INFO  http.HttpServer2 (HttpServer2.java:addFilter(1015)) - Added filter static_user_filter (class=org.apache.hadoop.http.lib.StaticUserWebFilter$StaticUserFilter) to context logs
2022-10-13 11:44:09,574 [Listener at 127.0.0.1/33933] INFO  http.HttpServer2 (HttpServer2.java:bindListener(1250)) - Jetty bound to port 38965
2022-10-13 11:44:09,575 [Listener at 127.0.0.1/33933] INFO  server.Server (Server.java:doStart(375)) - jetty-9.4.43.v20210629; built: 2021-06-30T11:07:22.254Z; git: 526006ecfa3af7f1a27ef3a288e2bef7ea9dd7e8; jvm 1.8.0_345-b01
2022-10-13 11:44:09,578 [Listener at 127.0.0.1/33933] INFO  server.session (DefaultSessionIdManager.java:doStart(334)) - DefaultSessionIdManager workerName=node0
2022-10-13 11:44:09,578 [Listener at 127.0.0.1/33933] INFO  server.session (DefaultSessionIdManager.java:doStart(339)) - No SessionScavenger set, using defaults
2022-10-13 11:44:09,578 [Listener at 127.0.0.1/33933] INFO  server.session (HouseKeeper.java:startScavenging(132)) - node0 Scavenging every 660000ms
2022-10-13 11:44:09,579 [Listener at 127.0.0.1/33933] INFO  handler.ContextHandler (ContextHandler.java:doStart(915)) - Started o.e.j.s.ServletContextHandler@685e8e30{logs,/logs,file:///home/runner/work/ozone/ozone/hadoop-ozone/integration-test/target/log,AVAILABLE}
2022-10-13 11:44:09,580 [Listener at 127.0.0.1/33933] INFO  handler.ContextHandler (ContextHandler.java:doStart(915)) - Started o.e.j.s.ServletContextHandler@549f0e14{static,/static,jar:file:/home/runner/.m2/repository/org/apache/ozone/hdds-container-service/1.3.0-SNAPSHOT/hdds-container-service-1.3.0-SNAPSHOT.jar!/webapps/static,AVAILABLE}
2022-10-13 11:44:09,743 [Listener at 127.0.0.1/33933] INFO  handler.ContextHandler (ContextHandler.java:doStart(915)) - Started o.e.j.w.WebAppContext@a74d87b{hddsDatanode,/,file:///tmp/jetty-0_0_0_0-38965-hdds-container-service-1_3_0-SNAPSHOT_jar-_-any-2996031170206132613/webapp/,AVAILABLE}{jar:file:/home/runner/.m2/repository/org/apache/ozone/hdds-container-service/1.3.0-SNAPSHOT/hdds-container-service-1.3.0-SNAPSHOT.jar!/webapps/hddsDatanode}
2022-10-13 11:44:09,744 [Listener at 127.0.0.1/33933] INFO  server.AbstractConnector (AbstractConnector.java:doStart(331)) - Started ServerConnector@53a75180{HTTP/1.1, (http/1.1)}{0.0.0.0:38965}
2022-10-13 11:44:09,745 [Listener at 127.0.0.1/33933] INFO  server.Server (Server.java:doStart(415)) - Started @8917ms
2022-10-13 11:44:09,745 [Listener at 127.0.0.1/33933] WARN  impl.MetricsSystemImpl (MetricsSystemImpl.java:register(279)) - Sink prometheus already exists!
2022-10-13 11:44:09,745 [Listener at 127.0.0.1/33933] INFO  http.BaseHttpServer (BaseHttpServer.java:updateConnectorAddress(333)) - HTTP server of hddsDatanode listening at http://0.0.0.0:38965
2022-10-13 11:44:09,749 [Listener at 127.0.0.1/33933] WARN  impl.MetricRegistriesImpl (MetricRegistriesImpl.java:addReporterRegistration(111)) - New reporters are added after registries were created. Some metrics will be missing from the reporter. Please add reporter before adding any new registry.
2022-10-13 11:44:09,750 [Listener at 127.0.0.1/33933] WARN  impl.MetricRegistriesImpl (MetricRegistriesImpl.java:addReporterRegistration(111)) - New reporters are added after registries were created. Some metrics will be missing from the reporter. Please add reporter before adding any new registry.
2022-10-13 11:44:09,750 [Listener at 127.0.0.1/33933] INFO  impl.MetricsSystemImpl (MetricsSystemImpl.java:init(158)) - HddsDatanode metrics system started (again)
2022-10-13 11:44:09,753 [Datanode State Machine Daemon Thread] INFO  statemachine.DatanodeStateMachine (DatanodeStateMachine.java:lambda$startDaemon$0(492)) - Ozone container server started.
2022-10-13 11:44:09,764 [Listener at 127.0.0.1/33933] INFO  ozone.HddsDatanodeService (HddsDatanodeService.java:start(236)) - HddsDatanodeService host:fv-az91-750.1u4dveb1r3ruphbftqvtwhitpc.gx.internal.cloudapp.net ip:10.1.0.200
2022-10-13 11:44:09,772 [org.apache.hadoop.util.JvmPauseMonitor$Monitor@46e18f9b] INFO  util.JvmPauseMonitor (JvmPauseMonitor.java:run(188)) - Starting JVM pause monitor
2022-10-13 11:44:09,783 [Datanode State Machine Task Thread - 0] INFO  datanode.InitDatanodeState (InitDatanodeState.java:persistContainerDatanodeDetails(138)) - DatanodeDetails is persisted to /home/runner/work/ozone/ozone/hadoop-ozone/integration-test/target/test-dir/MiniOzoneClusterImpl-da935fb3-9ce5-49ab-a67c-f4b3beb884ab/datanode-3/meta/datanode.id
2022-10-13 11:44:09,784 [Listener at 127.0.0.1/33933] INFO  upgrade.AbstractLayoutVersionManager (AbstractLayoutVersionManager.java:init(83)) - Initializing Layout version manager with metadata layout = DATANODE_SCHEMA_V3 (version = 4), software layout = DATANODE_SCHEMA_V3 (version = 4)
2022-10-13 11:44:09,826 [Listener at 127.0.0.1/33933] INFO  reflections.Reflections (Reflections.java:scan(232)) - Reflections took 41 ms to scan 7 urls, producing 137 keys and 328 values 
2022-10-13 11:44:09,827 [Listener at 127.0.0.1/33933] INFO  statemachine.DatanodeStateMachine (DatanodeStateMachine.java:getEndPointTaskThreadPoolSize(237)) - Datanode State Machine Task Thread Pool size 2
2022-10-13 11:44:09,832 [Listener at 127.0.0.1/33933] INFO  volume.HddsVolume (HddsVolume.java:<init>(117)) - Creating HddsVolume: /home/runner/work/ozone/ozone/hadoop-ozone/integration-test/target/test-dir/MiniOzoneClusterImpl-da935fb3-9ce5-49ab-a67c-f4b3beb884ab/datanode-4/data-0/containers/hdds of storage type : DISK capacity : 9223372036854775807
2022-10-13 11:44:09,832 [Listener at 127.0.0.1/33933] INFO  volume.MutableVolumeSet (MutableVolumeSet.java:initializeVolumeSet(174)) - Added Volume : /home/runner/work/ozone/ozone/hadoop-ozone/integration-test/target/test-dir/MiniOzoneClusterImpl-da935fb3-9ce5-49ab-a67c-f4b3beb884ab/datanode-4/data-0/containers/hdds to VolumeSet
2022-10-13 11:44:09,832 [Listener at 127.0.0.1/33933] INFO  volume.ThrottledAsyncChecker (ThrottledAsyncChecker.java:schedule(141)) - Scheduling a check for /home/runner/work/ozone/ozone/hadoop-ozone/integration-test/target/test-dir/MiniOzoneClusterImpl-da935fb3-9ce5-49ab-a67c-f4b3beb884ab/datanode-4/data-0/containers/hdds
2022-10-13 11:44:09,833 [Listener at 127.0.0.1/33933] INFO  volume.StorageVolumeChecker (StorageVolumeChecker.java:checkAllVolumes(202)) - Scheduled health check for volume /home/runner/work/ozone/ozone/hadoop-ozone/integration-test/target/test-dir/MiniOzoneClusterImpl-da935fb3-9ce5-49ab-a67c-f4b3beb884ab/datanode-4/data-0/containers/hdds
2022-10-13 11:44:09,843 [Listener at 127.0.0.1/33933] INFO  volume.MutableVolumeSet (MutableVolumeSet.java:initializeVolumeSet(174)) - Added Volume : /home/runner/work/ozone/ozone/hadoop-ozone/integration-test/target/test-dir/MiniOzoneClusterImpl-da935fb3-9ce5-49ab-a67c-f4b3beb884ab/datanode-4/data/ratis to VolumeSet
2022-10-13 11:44:09,843 [Listener at 127.0.0.1/33933] INFO  volume.ThrottledAsyncChecker (ThrottledAsyncChecker.java:schedule(141)) - Scheduling a check for /home/runner/work/ozone/ozone/hadoop-ozone/integration-test/target/test-dir/MiniOzoneClusterImpl-da935fb3-9ce5-49ab-a67c-f4b3beb884ab/datanode-4/data/ratis
2022-10-13 11:44:09,843 [Listener at 127.0.0.1/33933] INFO  volume.StorageVolumeChecker (StorageVolumeChecker.java:checkAllVolumes(202)) - Scheduled health check for volume /home/runner/work/ozone/ozone/hadoop-ozone/integration-test/target/test-dir/MiniOzoneClusterImpl-da935fb3-9ce5-49ab-a67c-f4b3beb884ab/datanode-4/data/ratis
2022-10-13 11:44:09,855 [Thread-190] INFO  ozoneimpl.ContainerReader (ContainerReader.java:readVolume(175)) - Finish verifying containers on volume /home/runner/work/ozone/ozone/hadoop-ozone/integration-test/target/test-dir/MiniOzoneClusterImpl-da935fb3-9ce5-49ab-a67c-f4b3beb884ab/datanode-4/data-0/containers/hdds
2022-10-13 11:44:09,855 [Listener at 127.0.0.1/33933] INFO  ozoneimpl.OzoneContainer (OzoneContainer.java:buildContainerSet(300)) - Build ContainerSet costs 0s
2022-10-13 11:44:09,861 [Listener at 127.0.0.1/33933] INFO  server.RaftServer (ConfUtils.java:logGet(46)) - raft.rpc.type = GRPC (default)
2022-10-13 11:44:09,861 [Listener at 127.0.0.1/33933] INFO  grpc.GrpcFactory (GrpcFactory.java:checkPooledByteBufAllocatorUseCacheForAllThreads(48)) - PERFORMANCE WARNING: useCacheForAllThreads is true that may cause Netty to create a lot garbage objects and, as a result, trigger GC.
	It is recommended to disable useCacheForAllThreads by setting -Dorg.apache.ratis.thirdparty.io.netty.allocator.useCacheForAllThreads=false in command line.
2022-10-13 11:44:09,862 [Listener at 127.0.0.1/33933] INFO  grpc.GrpcConfigKeys (ConfUtils.java:logGet(46)) - raft.grpc.admin.port = 0 (custom)
2022-10-13 11:44:09,862 [Listener at 127.0.0.1/33933] INFO  grpc.GrpcConfigKeys (ConfUtils.java:logGet(46)) - raft.grpc.client.port = 0 (custom)
2022-10-13 11:44:09,862 [Listener at 127.0.0.1/33933] INFO  grpc.GrpcConfigKeys (ConfUtils.java:logGet(46)) - raft.grpc.server.port = 0 (default)
2022-10-13 11:44:09,862 [Listener at 127.0.0.1/33933] INFO  server.GrpcService (ConfUtils.java:logGet(46)) - raft.grpc.message.size.max = 32MB (=33554432) (custom)
2022-10-13 11:44:09,862 [Listener at 127.0.0.1/33933] INFO  server.RaftServerConfigKeys (ConfUtils.java:logGet(46)) - raft.server.log.appender.buffer.byte-limit = 33554432 (custom)
2022-10-13 11:44:09,862 [Listener at 127.0.0.1/33933] INFO  server.GrpcService (ConfUtils.java:logGet(46)) - raft.grpc.flow.control.window = 5MB (=5242880) (custom)
2022-10-13 11:44:09,862 [Listener at 127.0.0.1/33933] INFO  server.RaftServerConfigKeys (ConfUtils.java:logGet(46)) - raft.server.rpc.request.timeout = 60s (custom)
2022-10-13 11:44:09,863 [Listener at 127.0.0.1/33933] INFO  grpc.GrpcConfigKeys (ConfUtils.java:logGet(46)) - raft.grpc.server.async.request.thread.pool.cached = true (default)
2022-10-13 11:44:09,863 [Listener at 127.0.0.1/33933] INFO  grpc.GrpcConfigKeys (ConfUtils.java:logGet(46)) - raft.grpc.server.async.request.thread.pool.size = 32 (default)
2022-10-13 11:44:09,864 [Listener at 127.0.0.1/33933] INFO  impl.DataStreamServerImpl (ConfUtils.java:logGet(46)) - raft.datastream.type = DISABLED (default)
2022-10-13 11:44:09,864 [Listener at 127.0.0.1/33933] INFO  server.RaftServerConfigKeys (ConfUtils.java:logGet(46)) - raft.server.threadpool.proxy.cached = true (default)
2022-10-13 11:44:09,864 [Listener at 127.0.0.1/33933] INFO  server.RaftServerConfigKeys (ConfUtils.java:logGet(46)) - raft.server.threadpool.proxy.size = 0 (default)
2022-10-13 11:44:09,864 [Listener at 127.0.0.1/33933] INFO  server.RaftServerConfigKeys (ConfUtils.java:logGet(46)) - raft.server.rpc.slowness.timeout = 300s (custom)
2022-10-13 11:44:09,864 [Listener at 127.0.0.1/33933] INFO  server.RaftServerConfigKeys (ConfUtils.java:logGet(46)) - raft.server.leaderelection.leader.step-down.wait-time = 10s (default)
2022-10-13 11:44:09,864 [Listener at 127.0.0.1/33933] INFO  server.RaftServerConfigKeys (ConfUtils.java:logGet(46)) - raft.server.storage.dir = [/home/runner/work/ozone/ozone/hadoop-ozone/integration-test/target/test-dir/MiniOzoneClusterImpl-da935fb3-9ce5-49ab-a67c-f4b3beb884ab/datanode-4/data/ratis] (custom)
2022-10-13 11:44:09,866 [Listener at 127.0.0.1/33933] INFO  server.XceiverServerGrpc (XceiverServerGrpc.java:<init>(132)) - GrpcServer channel type EpollServerSocketChannel
2022-10-13 11:44:09,873 [Listener at 127.0.0.1/33933] INFO  http.BaseHttpServer (BaseHttpServer.java:newHttpServer2BuilderForOzone(213)) - Starting Web-server for hddsDatanode at: http://0.0.0.0:0
2022-10-13 11:44:09,873 [Listener at 127.0.0.1/33933] INFO  http.BaseHttpServer (BaseHttpServer.java:<init>(108)) - Hadoop Security Enabled: false Ozone Security Enabled: false Ozone HTTP Security Enabled: false 
2022-10-13 11:44:09,874 [Listener at 127.0.0.1/33933] WARN  server.AuthenticationFilter (AuthenticationFilter.java:constructSecretProvider(240)) - Unable to initialize FileSignerSecretProvider, falling back to use random secrets. Reason: Could not read signature secret file: /home/runner/hadoop-http-auth-signature-secret
2022-10-13 11:44:09,875 [Listener at 127.0.0.1/33933] WARN  http.HttpRequestLog (HttpRequestLog.java:getRequestLog(103)) - Jetty request log can only be enabled using Log4j
2022-10-13 11:44:09,877 [Listener at 127.0.0.1/33933] INFO  http.HttpServer2 (HttpServer2.java:addGlobalFilter(1031)) - Added global filter 'safety' (class=org.apache.hadoop.hdds.server.http.HttpServer2$QuotingInputFilter)
2022-10-13 11:44:09,877 [Listener at 127.0.0.1/33933] INFO  http.HttpServer2 (HttpServer2.java:addFilter(1007)) - Added filter static_user_filter (class=org.apache.hadoop.http.lib.StaticUserWebFilter$StaticUserFilter) to context hddsDatanode
2022-10-13 11:44:09,878 [Listener at 127.0.0.1/33933] INFO  http.HttpServer2 (HttpServer2.java:addFilter(1015)) - Added filter static_user_filter (class=org.apache.hadoop.http.lib.StaticUserWebFilter$StaticUserFilter) to context logs
2022-10-13 11:44:09,878 [Listener at 127.0.0.1/33933] INFO  http.HttpServer2 (HttpServer2.java:addFilter(1015)) - Added filter static_user_filter (class=org.apache.hadoop.http.lib.StaticUserWebFilter$StaticUserFilter) to context static
2022-10-13 11:44:09,878 [Listener at 127.0.0.1/33933] INFO  http.HttpServer2 (HttpServer2.java:bindListener(1250)) - Jetty bound to port 42359
2022-10-13 11:44:09,878 [Listener at 127.0.0.1/33933] INFO  server.Server (Server.java:doStart(375)) - jetty-9.4.43.v20210629; built: 2021-06-30T11:07:22.254Z; git: 526006ecfa3af7f1a27ef3a288e2bef7ea9dd7e8; jvm 1.8.0_345-b01
2022-10-13 11:44:09,880 [Listener at 127.0.0.1/33933] INFO  server.session (DefaultSessionIdManager.java:doStart(334)) - DefaultSessionIdManager workerName=node0
2022-10-13 11:44:09,880 [Listener at 127.0.0.1/33933] INFO  server.session (DefaultSessionIdManager.java:doStart(339)) - No SessionScavenger set, using defaults
2022-10-13 11:44:09,880 [Listener at 127.0.0.1/33933] INFO  server.session (HouseKeeper.java:startScavenging(132)) - node0 Scavenging every 660000ms
2022-10-13 11:44:09,881 [Listener at 127.0.0.1/33933] INFO  handler.ContextHandler (ContextHandler.java:doStart(915)) - Started o.e.j.s.ServletContextHandler@47f5ddf4{logs,/logs,file:///home/runner/work/ozone/ozone/hadoop-ozone/integration-test/target/log,AVAILABLE}
2022-10-13 11:44:09,881 [Listener at 127.0.0.1/33933] INFO  handler.ContextHandler (ContextHandler.java:doStart(915)) - Started o.e.j.s.ServletContextHandler@151c870d{static,/static,jar:file:/home/runner/.m2/repository/org/apache/ozone/hdds-container-service/1.3.0-SNAPSHOT/hdds-container-service-1.3.0-SNAPSHOT.jar!/webapps/static,AVAILABLE}
2022-10-13 11:44:10,044 [Listener at 127.0.0.1/33933] INFO  handler.ContextHandler (ContextHandler.java:doStart(915)) - Started o.e.j.w.WebAppContext@3909995c{hddsDatanode,/,file:///tmp/jetty-0_0_0_0-42359-hdds-container-service-1_3_0-SNAPSHOT_jar-_-any-7301898695376958300/webapp/,AVAILABLE}{jar:file:/home/runner/.m2/repository/org/apache/ozone/hdds-container-service/1.3.0-SNAPSHOT/hdds-container-service-1.3.0-SNAPSHOT.jar!/webapps/hddsDatanode}
2022-10-13 11:44:10,045 [Listener at 127.0.0.1/33933] INFO  server.AbstractConnector (AbstractConnector.java:doStart(331)) - Started ServerConnector@63c8550f{HTTP/1.1, (http/1.1)}{0.0.0.0:42359}
2022-10-13 11:44:10,045 [Listener at 127.0.0.1/33933] INFO  server.Server (Server.java:doStart(415)) - Started @9218ms
2022-10-13 11:44:10,046 [Listener at 127.0.0.1/33933] WARN  impl.MetricsSystemImpl (MetricsSystemImpl.java:register(279)) - Sink prometheus already exists!
2022-10-13 11:44:10,046 [Listener at 127.0.0.1/33933] INFO  http.BaseHttpServer (BaseHttpServer.java:updateConnectorAddress(333)) - HTTP server of hddsDatanode listening at http://0.0.0.0:42359
2022-10-13 11:44:10,047 [Datanode State Machine Daemon Thread] INFO  statemachine.DatanodeStateMachine (DatanodeStateMachine.java:lambda$startDaemon$0(492)) - Ozone container server started.
2022-10-13 11:44:10,050 [Listener at 127.0.0.1/33933] WARN  impl.MetricRegistriesImpl (MetricRegistriesImpl.java:addReporterRegistration(111)) - New reporters are added after registries were created. Some metrics will be missing from the reporter. Please add reporter before adding any new registry.
2022-10-13 11:44:10,050 [Listener at 127.0.0.1/33933] WARN  impl.MetricRegistriesImpl (MetricRegistriesImpl.java:addReporterRegistration(111)) - New reporters are added after registries were created. Some metrics will be missing from the reporter. Please add reporter before adding any new registry.
2022-10-13 11:44:10,050 [Listener at 127.0.0.1/33933] INFO  impl.MetricsSystemImpl (MetricsSystemImpl.java:init(158)) - HddsDatanode metrics system started (again)
2022-10-13 11:44:10,057 [org.apache.hadoop.util.JvmPauseMonitor$Monitor@659bcbd6] INFO  util.JvmPauseMonitor (JvmPauseMonitor.java:run(188)) - Starting JVM pause monitor
2022-10-13 11:44:10,061 [Listener at 127.0.0.1/33933] INFO  ozone.HddsDatanodeService (HddsDatanodeService.java:start(236)) - HddsDatanodeService host:fv-az91-750.1u4dveb1r3ruphbftqvtwhitpc.gx.internal.cloudapp.net ip:10.1.0.200
2022-10-13 11:44:10,067 [Datanode State Machine Task Thread - 0] INFO  datanode.InitDatanodeState (InitDatanodeState.java:persistContainerDatanodeDetails(138)) - DatanodeDetails is persisted to /home/runner/work/ozone/ozone/hadoop-ozone/integration-test/target/test-dir/MiniOzoneClusterImpl-da935fb3-9ce5-49ab-a67c-f4b3beb884ab/datanode-4/meta/datanode.id
2022-10-13 11:44:10,087 [Listener at 127.0.0.1/33933] INFO  upgrade.AbstractLayoutVersionManager (AbstractLayoutVersionManager.java:init(83)) - Initializing Layout version manager with metadata layout = DATANODE_SCHEMA_V3 (version = 4), software layout = DATANODE_SCHEMA_V3 (version = 4)
2022-10-13 11:44:10,157 [Listener at 127.0.0.1/33933] INFO  reflections.Reflections (Reflections.java:scan(232)) - Reflections took 69 ms to scan 7 urls, producing 137 keys and 328 values 
2022-10-13 11:44:10,158 [Listener at 127.0.0.1/33933] INFO  statemachine.DatanodeStateMachine (DatanodeStateMachine.java:getEndPointTaskThreadPoolSize(237)) - Datanode State Machine Task Thread Pool size 2
2022-10-13 11:44:10,162 [Listener at 127.0.0.1/33933] INFO  volume.HddsVolume (HddsVolume.java:<init>(117)) - Creating HddsVolume: /home/runner/work/ozone/ozone/hadoop-ozone/integration-test/target/test-dir/MiniOzoneClusterImpl-da935fb3-9ce5-49ab-a67c-f4b3beb884ab/datanode-5/data-0/containers/hdds of storage type : DISK capacity : 9223372036854775807
2022-10-13 11:44:10,162 [Listener at 127.0.0.1/33933] INFO  volume.MutableVolumeSet (MutableVolumeSet.java:initializeVolumeSet(174)) - Added Volume : /home/runner/work/ozone/ozone/hadoop-ozone/integration-test/target/test-dir/MiniOzoneClusterImpl-da935fb3-9ce5-49ab-a67c-f4b3beb884ab/datanode-5/data-0/containers/hdds to VolumeSet
2022-10-13 11:44:10,162 [Listener at 127.0.0.1/33933] INFO  volume.ThrottledAsyncChecker (ThrottledAsyncChecker.java:schedule(141)) - Scheduling a check for /home/runner/work/ozone/ozone/hadoop-ozone/integration-test/target/test-dir/MiniOzoneClusterImpl-da935fb3-9ce5-49ab-a67c-f4b3beb884ab/datanode-5/data-0/containers/hdds
2022-10-13 11:44:10,163 [Listener at 127.0.0.1/33933] INFO  volume.StorageVolumeChecker (StorageVolumeChecker.java:checkAllVolumes(202)) - Scheduled health check for volume /home/runner/work/ozone/ozone/hadoop-ozone/integration-test/target/test-dir/MiniOzoneClusterImpl-da935fb3-9ce5-49ab-a67c-f4b3beb884ab/datanode-5/data-0/containers/hdds
2022-10-13 11:44:10,174 [Listener at 127.0.0.1/33933] INFO  volume.MutableVolumeSet (MutableVolumeSet.java:initializeVolumeSet(174)) - Added Volume : /home/runner/work/ozone/ozone/hadoop-ozone/integration-test/target/test-dir/MiniOzoneClusterImpl-da935fb3-9ce5-49ab-a67c-f4b3beb884ab/datanode-5/data/ratis to VolumeSet
2022-10-13 11:44:10,174 [Listener at 127.0.0.1/33933] INFO  volume.ThrottledAsyncChecker (ThrottledAsyncChecker.java:schedule(141)) - Scheduling a check for /home/runner/work/ozone/ozone/hadoop-ozone/integration-test/target/test-dir/MiniOzoneClusterImpl-da935fb3-9ce5-49ab-a67c-f4b3beb884ab/datanode-5/data/ratis
2022-10-13 11:44:10,174 [Listener at 127.0.0.1/33933] INFO  volume.StorageVolumeChecker (StorageVolumeChecker.java:checkAllVolumes(202)) - Scheduled health check for volume /home/runner/work/ozone/ozone/hadoop-ozone/integration-test/target/test-dir/MiniOzoneClusterImpl-da935fb3-9ce5-49ab-a67c-f4b3beb884ab/datanode-5/data/ratis
2022-10-13 11:44:10,189 [Thread-203] INFO  ozoneimpl.ContainerReader (ContainerReader.java:readVolume(175)) - Finish verifying containers on volume /home/runner/work/ozone/ozone/hadoop-ozone/integration-test/target/test-dir/MiniOzoneClusterImpl-da935fb3-9ce5-49ab-a67c-f4b3beb884ab/datanode-5/data-0/containers/hdds
2022-10-13 11:44:10,189 [Listener at 127.0.0.1/33933] INFO  ozoneimpl.OzoneContainer (OzoneContainer.java:buildContainerSet(300)) - Build ContainerSet costs 0s
2022-10-13 11:44:10,192 [Listener at 127.0.0.1/33933] INFO  server.RaftServer (ConfUtils.java:logGet(46)) - raft.rpc.type = GRPC (default)
2022-10-13 11:44:10,192 [Listener at 127.0.0.1/33933] INFO  grpc.GrpcFactory (GrpcFactory.java:checkPooledByteBufAllocatorUseCacheForAllThreads(48)) - PERFORMANCE WARNING: useCacheForAllThreads is true that may cause Netty to create a lot garbage objects and, as a result, trigger GC.
	It is recommended to disable useCacheForAllThreads by setting -Dorg.apache.ratis.thirdparty.io.netty.allocator.useCacheForAllThreads=false in command line.
2022-10-13 11:44:10,193 [Listener at 127.0.0.1/33933] INFO  grpc.GrpcConfigKeys (ConfUtils.java:logGet(46)) - raft.grpc.admin.port = 0 (custom)
2022-10-13 11:44:10,193 [Listener at 127.0.0.1/33933] INFO  grpc.GrpcConfigKeys (ConfUtils.java:logGet(46)) - raft.grpc.client.port = 0 (custom)
2022-10-13 11:44:10,193 [Listener at 127.0.0.1/33933] INFO  grpc.GrpcConfigKeys (ConfUtils.java:logGet(46)) - raft.grpc.server.port = 0 (default)
2022-10-13 11:44:10,193 [Listener at 127.0.0.1/33933] INFO  server.GrpcService (ConfUtils.java:logGet(46)) - raft.grpc.message.size.max = 32MB (=33554432) (custom)
2022-10-13 11:44:10,193 [Listener at 127.0.0.1/33933] INFO  server.RaftServerConfigKeys (ConfUtils.java:logGet(46)) - raft.server.log.appender.buffer.byte-limit = 33554432 (custom)
2022-10-13 11:44:10,193 [Listener at 127.0.0.1/33933] INFO  server.GrpcService (ConfUtils.java:logGet(46)) - raft.grpc.flow.control.window = 5MB (=5242880) (custom)
2022-10-13 11:44:10,193 [Listener at 127.0.0.1/33933] INFO  server.RaftServerConfigKeys (ConfUtils.java:logGet(46)) - raft.server.rpc.request.timeout = 60s (custom)
2022-10-13 11:44:10,193 [Listener at 127.0.0.1/33933] INFO  grpc.GrpcConfigKeys (ConfUtils.java:logGet(46)) - raft.grpc.server.async.request.thread.pool.cached = true (default)
2022-10-13 11:44:10,194 [Listener at 127.0.0.1/33933] INFO  grpc.GrpcConfigKeys (ConfUtils.java:logGet(46)) - raft.grpc.server.async.request.thread.pool.size = 32 (default)
2022-10-13 11:44:10,195 [Listener at 127.0.0.1/33933] INFO  impl.DataStreamServerImpl (ConfUtils.java:logGet(46)) - raft.datastream.type = DISABLED (default)
2022-10-13 11:44:10,195 [Listener at 127.0.0.1/33933] INFO  server.RaftServerConfigKeys (ConfUtils.java:logGet(46)) - raft.server.threadpool.proxy.cached = true (default)
2022-10-13 11:44:10,195 [Listener at 127.0.0.1/33933] INFO  server.RaftServerConfigKeys (ConfUtils.java:logGet(46)) - raft.server.threadpool.proxy.size = 0 (default)
2022-10-13 11:44:10,195 [Listener at 127.0.0.1/33933] INFO  server.RaftServerConfigKeys (ConfUtils.java:logGet(46)) - raft.server.rpc.slowness.timeout = 300s (custom)
2022-10-13 11:44:10,195 [Listener at 127.0.0.1/33933] INFO  server.RaftServerConfigKeys (ConfUtils.java:logGet(46)) - raft.server.leaderelection.leader.step-down.wait-time = 10s (default)
2022-10-13 11:44:10,195 [Listener at 127.0.0.1/33933] INFO  server.RaftServerConfigKeys (ConfUtils.java:logGet(46)) - raft.server.storage.dir = [/home/runner/work/ozone/ozone/hadoop-ozone/integration-test/target/test-dir/MiniOzoneClusterImpl-da935fb3-9ce5-49ab-a67c-f4b3beb884ab/datanode-5/data/ratis] (custom)
2022-10-13 11:44:10,199 [Listener at 127.0.0.1/33933] INFO  server.XceiverServerGrpc (XceiverServerGrpc.java:<init>(132)) - GrpcServer channel type EpollServerSocketChannel
2022-10-13 11:44:10,202 [Listener at 127.0.0.1/33933] INFO  http.BaseHttpServer (BaseHttpServer.java:newHttpServer2BuilderForOzone(213)) - Starting Web-server for hddsDatanode at: http://0.0.0.0:0
2022-10-13 11:44:10,202 [Listener at 127.0.0.1/33933] INFO  http.BaseHttpServer (BaseHttpServer.java:<init>(108)) - Hadoop Security Enabled: false Ozone Security Enabled: false Ozone HTTP Security Enabled: false 
2022-10-13 11:44:10,204 [Listener at 127.0.0.1/33933] WARN  server.AuthenticationFilter (AuthenticationFilter.java:constructSecretProvider(240)) - Unable to initialize FileSignerSecretProvider, falling back to use random secrets. Reason: Could not read signature secret file: /home/runner/hadoop-http-auth-signature-secret
2022-10-13 11:44:10,204 [Listener at 127.0.0.1/33933] WARN  http.HttpRequestLog (HttpRequestLog.java:getRequestLog(103)) - Jetty request log can only be enabled using Log4j
2022-10-13 11:44:10,206 [Listener at 127.0.0.1/33933] INFO  http.HttpServer2 (HttpServer2.java:addGlobalFilter(1031)) - Added global filter 'safety' (class=org.apache.hadoop.hdds.server.http.HttpServer2$QuotingInputFilter)
2022-10-13 11:44:10,207 [Listener at 127.0.0.1/33933] INFO  http.HttpServer2 (HttpServer2.java:addFilter(1007)) - Added filter static_user_filter (class=org.apache.hadoop.http.lib.StaticUserWebFilter$StaticUserFilter) to context hddsDatanode
2022-10-13 11:44:10,207 [Listener at 127.0.0.1/33933] INFO  http.HttpServer2 (HttpServer2.java:addFilter(1015)) - Added filter static_user_filter (class=org.apache.hadoop.http.lib.StaticUserWebFilter$StaticUserFilter) to context static
2022-10-13 11:44:10,207 [Listener at 127.0.0.1/33933] INFO  http.HttpServer2 (HttpServer2.java:addFilter(1015)) - Added filter static_user_filter (class=org.apache.hadoop.http.lib.StaticUserWebFilter$StaticUserFilter) to context logs
2022-10-13 11:44:10,209 [Listener at 127.0.0.1/33933] INFO  http.HttpServer2 (HttpServer2.java:bindListener(1250)) - Jetty bound to port 40695
2022-10-13 11:44:10,209 [Listener at 127.0.0.1/33933] INFO  server.Server (Server.java:doStart(375)) - jetty-9.4.43.v20210629; built: 2021-06-30T11:07:22.254Z; git: 526006ecfa3af7f1a27ef3a288e2bef7ea9dd7e8; jvm 1.8.0_345-b01
2022-10-13 11:44:10,210 [Listener at 127.0.0.1/33933] INFO  server.session (DefaultSessionIdManager.java:doStart(334)) - DefaultSessionIdManager workerName=node0
2022-10-13 11:44:10,211 [Listener at 127.0.0.1/33933] INFO  server.session (DefaultSessionIdManager.java:doStart(339)) - No SessionScavenger set, using defaults
2022-10-13 11:44:10,211 [Listener at 127.0.0.1/33933] INFO  server.session (HouseKeeper.java:startScavenging(132)) - node0 Scavenging every 600000ms
2022-10-13 11:44:10,211 [Listener at 127.0.0.1/33933] INFO  handler.ContextHandler (ContextHandler.java:doStart(915)) - Started o.e.j.s.ServletContextHandler@43ee5d81{logs,/logs,file:///home/runner/work/ozone/ozone/hadoop-ozone/integration-test/target/log,AVAILABLE}
2022-10-13 11:44:10,212 [Listener at 127.0.0.1/33933] INFO  handler.ContextHandler (ContextHandler.java:doStart(915)) - Started o.e.j.s.ServletContextHandler@4f1ae33b{static,/static,jar:file:/home/runner/.m2/repository/org/apache/ozone/hdds-container-service/1.3.0-SNAPSHOT/hdds-container-service-1.3.0-SNAPSHOT.jar!/webapps/static,AVAILABLE}
2022-10-13 11:44:10,385 [Listener at 127.0.0.1/33933] INFO  handler.ContextHandler (ContextHandler.java:doStart(915)) - Started o.e.j.w.WebAppContext@60febb62{hddsDatanode,/,file:///tmp/jetty-0_0_0_0-40695-hdds-container-service-1_3_0-SNAPSHOT_jar-_-any-8119213451323759450/webapp/,AVAILABLE}{jar:file:/home/runner/.m2/repository/org/apache/ozone/hdds-container-service/1.3.0-SNAPSHOT/hdds-container-service-1.3.0-SNAPSHOT.jar!/webapps/hddsDatanode}
2022-10-13 11:44:10,387 [Listener at 127.0.0.1/33933] INFO  server.AbstractConnector (AbstractConnector.java:doStart(331)) - Started ServerConnector@3f1e218c{HTTP/1.1, (http/1.1)}{0.0.0.0:40695}
2022-10-13 11:44:10,387 [Listener at 127.0.0.1/33933] INFO  server.Server (Server.java:doStart(415)) - Started @9559ms
2022-10-13 11:44:10,387 [Listener at 127.0.0.1/33933] WARN  impl.MetricsSystemImpl (MetricsSystemImpl.java:register(279)) - Sink prometheus already exists!
2022-10-13 11:44:10,388 [Listener at 127.0.0.1/33933] INFO  http.BaseHttpServer (BaseHttpServer.java:updateConnectorAddress(333)) - HTTP server of hddsDatanode listening at http://0.0.0.0:40695
2022-10-13 11:44:10,388 [Datanode State Machine Daemon Thread] INFO  statemachine.DatanodeStateMachine (DatanodeStateMachine.java:lambda$startDaemon$0(492)) - Ozone container server started.
2022-10-13 11:44:10,390 [Listener at 127.0.0.1/33933] WARN  impl.MetricRegistriesImpl (MetricRegistriesImpl.java:addReporterRegistration(111)) - New reporters are added after registries were created. Some metrics will be missing from the reporter. Please add reporter before adding any new registry.
2022-10-13 11:44:10,390 [Listener at 127.0.0.1/33933] WARN  impl.MetricRegistriesImpl (MetricRegistriesImpl.java:addReporterRegistration(111)) - New reporters are added after registries were created. Some metrics will be missing from the reporter. Please add reporter before adding any new registry.
2022-10-13 11:44:10,390 [Listener at 127.0.0.1/33933] INFO  impl.MetricsSystemImpl (MetricsSystemImpl.java:init(158)) - HddsDatanode metrics system started (again)
2022-10-13 11:44:10,401 [Listener at 127.0.0.1/33933] INFO  ozone.HddsDatanodeService (HddsDatanodeService.java:start(236)) - HddsDatanodeService host:fv-az91-750.1u4dveb1r3ruphbftqvtwhitpc.gx.internal.cloudapp.net ip:10.1.0.200
2022-10-13 11:44:10,402 [org.apache.hadoop.util.JvmPauseMonitor$Monitor@2d0adf4c] INFO  util.JvmPauseMonitor (JvmPauseMonitor.java:run(188)) - Starting JVM pause monitor
2022-10-13 11:44:10,404 [Datanode State Machine Task Thread - 0] INFO  datanode.InitDatanodeState (InitDatanodeState.java:persistContainerDatanodeDetails(138)) - DatanodeDetails is persisted to /home/runner/work/ozone/ozone/hadoop-ozone/integration-test/target/test-dir/MiniOzoneClusterImpl-da935fb3-9ce5-49ab-a67c-f4b3beb884ab/datanode-5/meta/datanode.id
2022-10-13 11:44:10,419 [Listener at 127.0.0.1/33933] INFO  upgrade.AbstractLayoutVersionManager (AbstractLayoutVersionManager.java:init(83)) - Initializing Layout version manager with metadata layout = DATANODE_SCHEMA_V3 (version = 4), software layout = DATANODE_SCHEMA_V3 (version = 4)
2022-10-13 11:44:10,461 [Listener at 127.0.0.1/33933] INFO  reflections.Reflections (Reflections.java:scan(232)) - Reflections took 40 ms to scan 7 urls, producing 137 keys and 328 values 
2022-10-13 11:44:10,462 [Listener at 127.0.0.1/33933] INFO  statemachine.DatanodeStateMachine (DatanodeStateMachine.java:getEndPointTaskThreadPoolSize(237)) - Datanode State Machine Task Thread Pool size 2
2022-10-13 11:44:10,465 [Listener at 127.0.0.1/33933] INFO  volume.HddsVolume (HddsVolume.java:<init>(117)) - Creating HddsVolume: /home/runner/work/ozone/ozone/hadoop-ozone/integration-test/target/test-dir/MiniOzoneClusterImpl-da935fb3-9ce5-49ab-a67c-f4b3beb884ab/datanode-6/data-0/containers/hdds of storage type : DISK capacity : 9223372036854775807
2022-10-13 11:44:10,465 [Listener at 127.0.0.1/33933] INFO  volume.MutableVolumeSet (MutableVolumeSet.java:initializeVolumeSet(174)) - Added Volume : /home/runner/work/ozone/ozone/hadoop-ozone/integration-test/target/test-dir/MiniOzoneClusterImpl-da935fb3-9ce5-49ab-a67c-f4b3beb884ab/datanode-6/data-0/containers/hdds to VolumeSet
2022-10-13 11:44:10,465 [Listener at 127.0.0.1/33933] INFO  volume.ThrottledAsyncChecker (ThrottledAsyncChecker.java:schedule(141)) - Scheduling a check for /home/runner/work/ozone/ozone/hadoop-ozone/integration-test/target/test-dir/MiniOzoneClusterImpl-da935fb3-9ce5-49ab-a67c-f4b3beb884ab/datanode-6/data-0/containers/hdds
2022-10-13 11:44:10,466 [Listener at 127.0.0.1/33933] INFO  volume.StorageVolumeChecker (StorageVolumeChecker.java:checkAllVolumes(202)) - Scheduled health check for volume /home/runner/work/ozone/ozone/hadoop-ozone/integration-test/target/test-dir/MiniOzoneClusterImpl-da935fb3-9ce5-49ab-a67c-f4b3beb884ab/datanode-6/data-0/containers/hdds
2022-10-13 11:44:10,477 [Listener at 127.0.0.1/33933] INFO  volume.MutableVolumeSet (MutableVolumeSet.java:initializeVolumeSet(174)) - Added Volume : /home/runner/work/ozone/ozone/hadoop-ozone/integration-test/target/test-dir/MiniOzoneClusterImpl-da935fb3-9ce5-49ab-a67c-f4b3beb884ab/datanode-6/data/ratis to VolumeSet
2022-10-13 11:44:10,477 [Listener at 127.0.0.1/33933] INFO  volume.ThrottledAsyncChecker (ThrottledAsyncChecker.java:schedule(141)) - Scheduling a check for /home/runner/work/ozone/ozone/hadoop-ozone/integration-test/target/test-dir/MiniOzoneClusterImpl-da935fb3-9ce5-49ab-a67c-f4b3beb884ab/datanode-6/data/ratis
2022-10-13 11:44:10,477 [Listener at 127.0.0.1/33933] INFO  volume.StorageVolumeChecker (StorageVolumeChecker.java:checkAllVolumes(202)) - Scheduled health check for volume /home/runner/work/ozone/ozone/hadoop-ozone/integration-test/target/test-dir/MiniOzoneClusterImpl-da935fb3-9ce5-49ab-a67c-f4b3beb884ab/datanode-6/data/ratis
2022-10-13 11:44:10,488 [Thread-216] INFO  ozoneimpl.ContainerReader (ContainerReader.java:readVolume(175)) - Finish verifying containers on volume /home/runner/work/ozone/ozone/hadoop-ozone/integration-test/target/test-dir/MiniOzoneClusterImpl-da935fb3-9ce5-49ab-a67c-f4b3beb884ab/datanode-6/data-0/containers/hdds
2022-10-13 11:44:10,488 [Listener at 127.0.0.1/33933] INFO  ozoneimpl.OzoneContainer (OzoneContainer.java:buildContainerSet(300)) - Build ContainerSet costs 0s
2022-10-13 11:44:10,490 [Listener at 127.0.0.1/33933] INFO  server.RaftServer (ConfUtils.java:logGet(46)) - raft.rpc.type = GRPC (default)
2022-10-13 11:44:10,490 [Listener at 127.0.0.1/33933] INFO  grpc.GrpcFactory (GrpcFactory.java:checkPooledByteBufAllocatorUseCacheForAllThreads(48)) - PERFORMANCE WARNING: useCacheForAllThreads is true that may cause Netty to create a lot garbage objects and, as a result, trigger GC.
	It is recommended to disable useCacheForAllThreads by setting -Dorg.apache.ratis.thirdparty.io.netty.allocator.useCacheForAllThreads=false in command line.
2022-10-13 11:44:10,490 [Listener at 127.0.0.1/33933] INFO  grpc.GrpcConfigKeys (ConfUtils.java:logGet(46)) - raft.grpc.admin.port = 0 (custom)
2022-10-13 11:44:10,491 [Listener at 127.0.0.1/33933] INFO  grpc.GrpcConfigKeys (ConfUtils.java:logGet(46)) - raft.grpc.client.port = 0 (custom)
2022-10-13 11:44:10,491 [Listener at 127.0.0.1/33933] INFO  grpc.GrpcConfigKeys (ConfUtils.java:logGet(46)) - raft.grpc.server.port = 0 (default)
2022-10-13 11:44:10,491 [Listener at 127.0.0.1/33933] INFO  server.GrpcService (ConfUtils.java:logGet(46)) - raft.grpc.message.size.max = 32MB (=33554432) (custom)
2022-10-13 11:44:10,491 [Listener at 127.0.0.1/33933] INFO  server.RaftServerConfigKeys (ConfUtils.java:logGet(46)) - raft.server.log.appender.buffer.byte-limit = 33554432 (custom)
2022-10-13 11:44:10,491 [Listener at 127.0.0.1/33933] INFO  server.GrpcService (ConfUtils.java:logGet(46)) - raft.grpc.flow.control.window = 5MB (=5242880) (custom)
2022-10-13 11:44:10,491 [Listener at 127.0.0.1/33933] INFO  server.RaftServerConfigKeys (ConfUtils.java:logGet(46)) - raft.server.rpc.request.timeout = 60s (custom)
2022-10-13 11:44:10,491 [Listener at 127.0.0.1/33933] INFO  grpc.GrpcConfigKeys (ConfUtils.java:logGet(46)) - raft.grpc.server.async.request.thread.pool.cached = true (default)
2022-10-13 11:44:10,491 [Listener at 127.0.0.1/33933] INFO  grpc.GrpcConfigKeys (ConfUtils.java:logGet(46)) - raft.grpc.server.async.request.thread.pool.size = 32 (default)
2022-10-13 11:44:10,492 [Listener at 127.0.0.1/33933] INFO  impl.DataStreamServerImpl (ConfUtils.java:logGet(46)) - raft.datastream.type = DISABLED (default)
2022-10-13 11:44:10,493 [Listener at 127.0.0.1/33933] INFO  server.RaftServerConfigKeys (ConfUtils.java:logGet(46)) - raft.server.threadpool.proxy.cached = true (default)
2022-10-13 11:44:10,493 [Listener at 127.0.0.1/33933] INFO  server.RaftServerConfigKeys (ConfUtils.java:logGet(46)) - raft.server.threadpool.proxy.size = 0 (default)
2022-10-13 11:44:10,493 [Listener at 127.0.0.1/33933] INFO  server.RaftServerConfigKeys (ConfUtils.java:logGet(46)) - raft.server.rpc.slowness.timeout = 300s (custom)
2022-10-13 11:44:10,493 [Listener at 127.0.0.1/33933] INFO  server.RaftServerConfigKeys (ConfUtils.java:logGet(46)) - raft.server.leaderelection.leader.step-down.wait-time = 10s (default)
2022-10-13 11:44:10,493 [Listener at 127.0.0.1/33933] INFO  server.RaftServerConfigKeys (ConfUtils.java:logGet(46)) - raft.server.storage.dir = [/home/runner/work/ozone/ozone/hadoop-ozone/integration-test/target/test-dir/MiniOzoneClusterImpl-da935fb3-9ce5-49ab-a67c-f4b3beb884ab/datanode-6/data/ratis] (custom)
2022-10-13 11:44:10,503 [Listener at 127.0.0.1/33933] INFO  server.XceiverServerGrpc (XceiverServerGrpc.java:<init>(132)) - GrpcServer channel type EpollServerSocketChannel
2022-10-13 11:44:10,508 [Listener at 127.0.0.1/33933] INFO  http.BaseHttpServer (BaseHttpServer.java:newHttpServer2BuilderForOzone(213)) - Starting Web-server for hddsDatanode at: http://0.0.0.0:0
2022-10-13 11:44:10,508 [Listener at 127.0.0.1/33933] INFO  http.BaseHttpServer (BaseHttpServer.java:<init>(108)) - Hadoop Security Enabled: false Ozone Security Enabled: false Ozone HTTP Security Enabled: false 
2022-10-13 11:44:10,509 [Listener at 127.0.0.1/33933] WARN  server.AuthenticationFilter (AuthenticationFilter.java:constructSecretProvider(240)) - Unable to initialize FileSignerSecretProvider, falling back to use random secrets. Reason: Could not read signature secret file: /home/runner/hadoop-http-auth-signature-secret
2022-10-13 11:44:10,510 [Listener at 127.0.0.1/33933] WARN  http.HttpRequestLog (HttpRequestLog.java:getRequestLog(103)) - Jetty request log can only be enabled using Log4j
2022-10-13 11:44:10,511 [Listener at 127.0.0.1/33933] INFO  http.HttpServer2 (HttpServer2.java:addGlobalFilter(1031)) - Added global filter 'safety' (class=org.apache.hadoop.hdds.server.http.HttpServer2$QuotingInputFilter)
2022-10-13 11:44:10,512 [Listener at 127.0.0.1/33933] INFO  http.HttpServer2 (HttpServer2.java:addFilter(1007)) - Added filter static_user_filter (class=org.apache.hadoop.http.lib.StaticUserWebFilter$StaticUserFilter) to context hddsDatanode
2022-10-13 11:44:10,512 [Listener at 127.0.0.1/33933] INFO  http.HttpServer2 (HttpServer2.java:addFilter(1015)) - Added filter static_user_filter (class=org.apache.hadoop.http.lib.StaticUserWebFilter$StaticUserFilter) to context static
2022-10-13 11:44:10,512 [Listener at 127.0.0.1/33933] INFO  http.HttpServer2 (HttpServer2.java:addFilter(1015)) - Added filter static_user_filter (class=org.apache.hadoop.http.lib.StaticUserWebFilter$StaticUserFilter) to context logs
2022-10-13 11:44:10,513 [Listener at 127.0.0.1/33933] INFO  http.HttpServer2 (HttpServer2.java:bindListener(1250)) - Jetty bound to port 36193
2022-10-13 11:44:10,513 [Listener at 127.0.0.1/33933] INFO  server.Server (Server.java:doStart(375)) - jetty-9.4.43.v20210629; built: 2021-06-30T11:07:22.254Z; git: 526006ecfa3af7f1a27ef3a288e2bef7ea9dd7e8; jvm 1.8.0_345-b01
2022-10-13 11:44:10,514 [Listener at 127.0.0.1/33933] INFO  server.session (DefaultSessionIdManager.java:doStart(334)) - DefaultSessionIdManager workerName=node0
2022-10-13 11:44:10,514 [Listener at 127.0.0.1/33933] INFO  server.session (DefaultSessionIdManager.java:doStart(339)) - No SessionScavenger set, using defaults
2022-10-13 11:44:10,514 [Listener at 127.0.0.1/33933] INFO  server.session (HouseKeeper.java:startScavenging(132)) - node0 Scavenging every 660000ms
2022-10-13 11:44:10,515 [Listener at 127.0.0.1/33933] INFO  handler.ContextHandler (ContextHandler.java:doStart(915)) - Started o.e.j.s.ServletContextHandler@7eae35a2{logs,/logs,file:///home/runner/work/ozone/ozone/hadoop-ozone/integration-test/target/log,AVAILABLE}
2022-10-13 11:44:10,515 [Listener at 127.0.0.1/33933] INFO  handler.ContextHandler (ContextHandler.java:doStart(915)) - Started o.e.j.s.ServletContextHandler@54ecdfbd{static,/static,jar:file:/home/runner/.m2/repository/org/apache/ozone/hdds-container-service/1.3.0-SNAPSHOT/hdds-container-service-1.3.0-SNAPSHOT.jar!/webapps/static,AVAILABLE}
2022-10-13 11:44:10,644 [EndpointStateMachine task thread for /0.0.0.0:44657 - 0 ] INFO  volume.HddsVolume (HddsVolume.java:createDbStore(307)) - SchemaV3 db is created and loaded at /home/runner/work/ozone/ozone/hadoop-ozone/integration-test/target/test-dir/MiniOzoneClusterImpl-da935fb3-9ce5-49ab-a67c-f4b3beb884ab/datanode-0/data-0/containers/hdds/da935fb3-9ce5-49ab-a67c-f4b3beb884ab/DS-4128f6c3-31c6-4b71-98fb-62789ceacfe6/container.db for volume DS-4128f6c3-31c6-4b71-98fb-62789ceacfe6
2022-10-13 11:44:10,651 [EndpointStateMachine task thread for /0.0.0.0:44657 - 0 ] INFO  volume.HddsVolume (HddsVolume.java:closeDbStore(338)) - SchemaV3 db is stopped at /home/runner/work/ozone/ozone/hadoop-ozone/integration-test/target/test-dir/MiniOzoneClusterImpl-da935fb3-9ce5-49ab-a67c-f4b3beb884ab/datanode-0/data-0/containers/hdds/da935fb3-9ce5-49ab-a67c-f4b3beb884ab/DS-4128f6c3-31c6-4b71-98fb-62789ceacfe6/container.db for volume DS-4128f6c3-31c6-4b71-98fb-62789ceacfe6
2022-10-13 11:44:10,652 [EndpointStateMachine task thread for /0.0.0.0:44657 - 0 ] INFO  ozoneimpl.OzoneContainer (OzoneContainer.java:start(378)) - Attempting to start container services.
2022-10-13 11:44:10,660 [EndpointStateMachine task thread for /0.0.0.0:44657 - 0 ] INFO  ozoneimpl.OzoneContainer (OzoneContainer.java:startContainerScrub(313)) - Background container scanner has been disabled.
2022-10-13 11:44:10,668 [EndpointStateMachine task thread for /0.0.0.0:44657 - 0 ] INFO  replication.ReplicationServer (ReplicationServer.java:start(111)) - ReplicationServer is started using port 40183
2022-10-13 11:44:10,670 [EndpointStateMachine task thread for /0.0.0.0:44657 - 0 ] INFO  ratis.XceiverServerRatis (XceiverServerRatis.java:start(481)) - Starting XceiverServerRatis 7bf9862a-bc69-4cc0-99fb-78386598ce26
2022-10-13 11:44:10,701 [EndpointStateMachine task thread for /0.0.0.0:44657 - 0 ] INFO  server.RaftServer (RaftServerProxy.java:lambda$start$6(382)) - 7bf9862a-bc69-4cc0-99fb-78386598ce26: start RPC server
2022-10-13 11:44:10,703 [EndpointStateMachine task thread for /0.0.0.0:44657 - 0 ] INFO  server.GrpcService (GrpcService.java:startImpl(260)) - 7bf9862a-bc69-4cc0-99fb-78386598ce26: GrpcService started, listening on 43955
2022-10-13 11:44:10,704 [EndpointStateMachine task thread for /0.0.0.0:44657 - 0 ] INFO  ratis.XceiverServerRatis (XceiverServerRatis.java:getRealPort(502)) - XceiverServerRatis 7bf9862a-bc69-4cc0-99fb-78386598ce26 is started using port 43955 for RATIS
2022-10-13 11:44:10,704 [EndpointStateMachine task thread for /0.0.0.0:44657 - 0 ] INFO  ratis.XceiverServerRatis (XceiverServerRatis.java:getRealPort(502)) - XceiverServerRatis 7bf9862a-bc69-4cc0-99fb-78386598ce26 is started using port 43955 for RATIS_ADMIN
2022-10-13 11:44:10,704 [EndpointStateMachine task thread for /0.0.0.0:44657 - 0 ] INFO  ratis.XceiverServerRatis (XceiverServerRatis.java:getRealPort(502)) - XceiverServerRatis 7bf9862a-bc69-4cc0-99fb-78386598ce26 is started using port 43955 for RATIS_SERVER
2022-10-13 11:44:10,705 [org.apache.ratis.util.JvmPauseMonitor$$Lambda$684/38778801@c53108f] INFO  util.JvmPauseMonitor (JvmPauseMonitor.java:run(103)) - JvmPauseMonitor-7bf9862a-bc69-4cc0-99fb-78386598ce26: Started
2022-10-13 11:44:10,714 [EndpointStateMachine task thread for /0.0.0.0:44657 - 0 ] INFO  server.XceiverServerGrpc (XceiverServerGrpc.java:start(180)) - XceiverServerGrpc 7bf9862a-bc69-4cc0-99fb-78386598ce26 is started using port 41635
2022-10-13 11:44:10,763 [Listener at 127.0.0.1/33933] INFO  handler.ContextHandler (ContextHandler.java:doStart(915)) - Started o.e.j.w.WebAppContext@456ac723{hddsDatanode,/,file:///tmp/jetty-0_0_0_0-36193-hdds-container-service-1_3_0-SNAPSHOT_jar-_-any-7123930476548932966/webapp/,AVAILABLE}{jar:file:/home/runner/.m2/repository/org/apache/ozone/hdds-container-service/1.3.0-SNAPSHOT/hdds-container-service-1.3.0-SNAPSHOT.jar!/webapps/hddsDatanode}
2022-10-13 11:44:10,765 [Listener at 127.0.0.1/33933] INFO  server.AbstractConnector (AbstractConnector.java:doStart(331)) - Started ServerConnector@cdf857d{HTTP/1.1, (http/1.1)}{0.0.0.0:36193}
2022-10-13 11:44:10,765 [Listener at 127.0.0.1/33933] INFO  server.Server (Server.java:doStart(415)) - Started @9937ms
2022-10-13 11:44:10,765 [Listener at 127.0.0.1/33933] WARN  impl.MetricsSystemImpl (MetricsSystemImpl.java:register(279)) - Sink prometheus already exists!
2022-10-13 11:44:10,766 [Listener at 127.0.0.1/33933] INFO  http.BaseHttpServer (BaseHttpServer.java:updateConnectorAddress(333)) - HTTP server of hddsDatanode listening at http://0.0.0.0:36193
2022-10-13 11:44:10,767 [Listener at 127.0.0.1/33933] WARN  impl.MetricRegistriesImpl (MetricRegistriesImpl.java:addReporterRegistration(111)) - New reporters are added after registries were created. Some metrics will be missing from the reporter. Please add reporter before adding any new registry.
2022-10-13 11:44:10,767 [Listener at 127.0.0.1/33933] WARN  impl.MetricRegistriesImpl (MetricRegistriesImpl.java:addReporterRegistration(111)) - New reporters are added after registries were created. Some metrics will be missing from the reporter. Please add reporter before adding any new registry.
2022-10-13 11:44:10,767 [Listener at 127.0.0.1/33933] INFO  impl.MetricsSystemImpl (MetricsSystemImpl.java:init(158)) - HddsDatanode metrics system started (again)
2022-10-13 11:44:10,768 [Datanode State Machine Daemon Thread] INFO  statemachine.DatanodeStateMachine (DatanodeStateMachine.java:lambda$startDaemon$0(492)) - Ozone container server started.
2022-10-13 11:44:10,779 [Listener at 127.0.0.1/33933] INFO  ozone.HddsDatanodeService (HddsDatanodeService.java:start(236)) - HddsDatanodeService host:fv-az91-750.1u4dveb1r3ruphbftqvtwhitpc.gx.internal.cloudapp.net ip:10.1.0.200
2022-10-13 11:44:10,785 [org.apache.hadoop.util.JvmPauseMonitor$Monitor@41eccf4a] INFO  util.JvmPauseMonitor (JvmPauseMonitor.java:run(188)) - Starting JVM pause monitor
2022-10-13 11:44:10,788 [Datanode State Machine Task Thread - 0] INFO  datanode.InitDatanodeState (InitDatanodeState.java:persistContainerDatanodeDetails(138)) - DatanodeDetails is persisted to /home/runner/work/ozone/ozone/hadoop-ozone/integration-test/target/test-dir/MiniOzoneClusterImpl-da935fb3-9ce5-49ab-a67c-f4b3beb884ab/datanode-6/meta/datanode.id
2022-10-13 11:44:10,800 [Listener at 127.0.0.1/33933] INFO  upgrade.AbstractLayoutVersionManager (AbstractLayoutVersionManager.java:init(83)) - Initializing Layout version manager with metadata layout = DATANODE_SCHEMA_V3 (version = 4), software layout = DATANODE_SCHEMA_V3 (version = 4)
2022-10-13 11:44:10,841 [Listener at 127.0.0.1/33933] INFO  reflections.Reflections (Reflections.java:scan(232)) - Reflections took 40 ms to scan 7 urls, producing 137 keys and 328 values 
2022-10-13 11:44:10,843 [Listener at 127.0.0.1/33933] INFO  statemachine.DatanodeStateMachine (DatanodeStateMachine.java:getEndPointTaskThreadPoolSize(237)) - Datanode State Machine Task Thread Pool size 2
2022-10-13 11:44:10,846 [Listener at 127.0.0.1/33933] INFO  volume.HddsVolume (HddsVolume.java:<init>(117)) - Creating HddsVolume: /home/runner/work/ozone/ozone/hadoop-ozone/integration-test/target/test-dir/MiniOzoneClusterImpl-da935fb3-9ce5-49ab-a67c-f4b3beb884ab/datanode-7/data-0/containers/hdds of storage type : DISK capacity : 9223372036854775807
2022-10-13 11:44:10,847 [Listener at 127.0.0.1/33933] INFO  volume.MutableVolumeSet (MutableVolumeSet.java:initializeVolumeSet(174)) - Added Volume : /home/runner/work/ozone/ozone/hadoop-ozone/integration-test/target/test-dir/MiniOzoneClusterImpl-da935fb3-9ce5-49ab-a67c-f4b3beb884ab/datanode-7/data-0/containers/hdds to VolumeSet
2022-10-13 11:44:10,847 [Listener at 127.0.0.1/33933] INFO  volume.ThrottledAsyncChecker (ThrottledAsyncChecker.java:schedule(141)) - Scheduling a check for /home/runner/work/ozone/ozone/hadoop-ozone/integration-test/target/test-dir/MiniOzoneClusterImpl-da935fb3-9ce5-49ab-a67c-f4b3beb884ab/datanode-7/data-0/containers/hdds
2022-10-13 11:44:10,849 [Listener at 127.0.0.1/33933] INFO  volume.StorageVolumeChecker (StorageVolumeChecker.java:checkAllVolumes(202)) - Scheduled health check for volume /home/runner/work/ozone/ozone/hadoop-ozone/integration-test/target/test-dir/MiniOzoneClusterImpl-da935fb3-9ce5-49ab-a67c-f4b3beb884ab/datanode-7/data-0/containers/hdds
2022-10-13 11:44:10,860 [Listener at 127.0.0.1/33933] INFO  volume.MutableVolumeSet (MutableVolumeSet.java:initializeVolumeSet(174)) - Added Volume : /home/runner/work/ozone/ozone/hadoop-ozone/integration-test/target/test-dir/MiniOzoneClusterImpl-da935fb3-9ce5-49ab-a67c-f4b3beb884ab/datanode-7/data/ratis to VolumeSet
2022-10-13 11:44:10,860 [Listener at 127.0.0.1/33933] INFO  volume.ThrottledAsyncChecker (ThrottledAsyncChecker.java:schedule(141)) - Scheduling a check for /home/runner/work/ozone/ozone/hadoop-ozone/integration-test/target/test-dir/MiniOzoneClusterImpl-da935fb3-9ce5-49ab-a67c-f4b3beb884ab/datanode-7/data/ratis
2022-10-13 11:44:10,861 [Listener at 127.0.0.1/33933] INFO  volume.StorageVolumeChecker (StorageVolumeChecker.java:checkAllVolumes(202)) - Scheduled health check for volume /home/runner/work/ozone/ozone/hadoop-ozone/integration-test/target/test-dir/MiniOzoneClusterImpl-da935fb3-9ce5-49ab-a67c-f4b3beb884ab/datanode-7/data/ratis
2022-10-13 11:44:10,872 [Thread-235] INFO  ozoneimpl.ContainerReader (ContainerReader.java:readVolume(175)) - Finish verifying containers on volume /home/runner/work/ozone/ozone/hadoop-ozone/integration-test/target/test-dir/MiniOzoneClusterImpl-da935fb3-9ce5-49ab-a67c-f4b3beb884ab/datanode-7/data-0/containers/hdds
2022-10-13 11:44:10,872 [Listener at 127.0.0.1/33933] INFO  ozoneimpl.OzoneContainer (OzoneContainer.java:buildContainerSet(300)) - Build ContainerSet costs 0s
2022-10-13 11:44:10,875 [Listener at 127.0.0.1/33933] INFO  server.RaftServer (ConfUtils.java:logGet(46)) - raft.rpc.type = GRPC (default)
2022-10-13 11:44:10,875 [Listener at 127.0.0.1/33933] INFO  grpc.GrpcFactory (GrpcFactory.java:checkPooledByteBufAllocatorUseCacheForAllThreads(48)) - PERFORMANCE WARNING: useCacheForAllThreads is true that may cause Netty to create a lot garbage objects and, as a result, trigger GC.
	It is recommended to disable useCacheForAllThreads by setting -Dorg.apache.ratis.thirdparty.io.netty.allocator.useCacheForAllThreads=false in command line.
2022-10-13 11:44:10,875 [Listener at 127.0.0.1/33933] INFO  grpc.GrpcConfigKeys (ConfUtils.java:logGet(46)) - raft.grpc.admin.port = 0 (custom)
2022-10-13 11:44:10,875 [Listener at 127.0.0.1/33933] INFO  grpc.GrpcConfigKeys (ConfUtils.java:logGet(46)) - raft.grpc.client.port = 0 (custom)
2022-10-13 11:44:10,875 [Listener at 127.0.0.1/33933] INFO  grpc.GrpcConfigKeys (ConfUtils.java:logGet(46)) - raft.grpc.server.port = 0 (default)
2022-10-13 11:44:10,875 [Listener at 127.0.0.1/33933] INFO  server.GrpcService (ConfUtils.java:logGet(46)) - raft.grpc.message.size.max = 32MB (=33554432) (custom)
2022-10-13 11:44:10,876 [Listener at 127.0.0.1/33933] INFO  server.RaftServerConfigKeys (ConfUtils.java:logGet(46)) - raft.server.log.appender.buffer.byte-limit = 33554432 (custom)
2022-10-13 11:44:10,876 [Listener at 127.0.0.1/33933] INFO  server.GrpcService (ConfUtils.java:logGet(46)) - raft.grpc.flow.control.window = 5MB (=5242880) (custom)
2022-10-13 11:44:10,876 [Listener at 127.0.0.1/33933] INFO  server.RaftServerConfigKeys (ConfUtils.java:logGet(46)) - raft.server.rpc.request.timeout = 60s (custom)
2022-10-13 11:44:10,876 [Listener at 127.0.0.1/33933] INFO  grpc.GrpcConfigKeys (ConfUtils.java:logGet(46)) - raft.grpc.server.async.request.thread.pool.cached = true (default)
2022-10-13 11:44:10,876 [Listener at 127.0.0.1/33933] INFO  grpc.GrpcConfigKeys (ConfUtils.java:logGet(46)) - raft.grpc.server.async.request.thread.pool.size = 32 (default)
2022-10-13 11:44:10,877 [Listener at 127.0.0.1/33933] INFO  impl.DataStreamServerImpl (ConfUtils.java:logGet(46)) - raft.datastream.type = DISABLED (default)
2022-10-13 11:44:10,877 [Listener at 127.0.0.1/33933] INFO  server.RaftServerConfigKeys (ConfUtils.java:logGet(46)) - raft.server.threadpool.proxy.cached = true (default)
2022-10-13 11:44:10,877 [Listener at 127.0.0.1/33933] INFO  server.RaftServerConfigKeys (ConfUtils.java:logGet(46)) - raft.server.threadpool.proxy.size = 0 (default)
2022-10-13 11:44:10,878 [Listener at 127.0.0.1/33933] INFO  server.RaftServerConfigKeys (ConfUtils.java:logGet(46)) - raft.server.rpc.slowness.timeout = 300s (custom)
2022-10-13 11:44:10,878 [Listener at 127.0.0.1/33933] INFO  server.RaftServerConfigKeys (ConfUtils.java:logGet(46)) - raft.server.leaderelection.leader.step-down.wait-time = 10s (default)
2022-10-13 11:44:10,878 [Listener at 127.0.0.1/33933] INFO  server.RaftServerConfigKeys (ConfUtils.java:logGet(46)) - raft.server.storage.dir = [/home/runner/work/ozone/ozone/hadoop-ozone/integration-test/target/test-dir/MiniOzoneClusterImpl-da935fb3-9ce5-49ab-a67c-f4b3beb884ab/datanode-7/data/ratis] (custom)
2022-10-13 11:44:10,880 [Listener at 127.0.0.1/33933] INFO  server.XceiverServerGrpc (XceiverServerGrpc.java:<init>(132)) - GrpcServer channel type EpollServerSocketChannel
2022-10-13 11:44:10,883 [Listener at 127.0.0.1/33933] INFO  http.BaseHttpServer (BaseHttpServer.java:newHttpServer2BuilderForOzone(213)) - Starting Web-server for hddsDatanode at: http://0.0.0.0:0
2022-10-13 11:44:10,884 [Listener at 127.0.0.1/33933] INFO  http.BaseHttpServer (BaseHttpServer.java:<init>(108)) - Hadoop Security Enabled: false Ozone Security Enabled: false Ozone HTTP Security Enabled: false 
2022-10-13 11:44:10,885 [Listener at 127.0.0.1/33933] WARN  server.AuthenticationFilter (AuthenticationFilter.java:constructSecretProvider(240)) - Unable to initialize FileSignerSecretProvider, falling back to use random secrets. Reason: Could not read signature secret file: /home/runner/hadoop-http-auth-signature-secret
2022-10-13 11:44:10,885 [Listener at 127.0.0.1/33933] WARN  http.HttpRequestLog (HttpRequestLog.java:getRequestLog(103)) - Jetty request log can only be enabled using Log4j
2022-10-13 11:44:10,887 [Listener at 127.0.0.1/33933] INFO  http.HttpServer2 (HttpServer2.java:addGlobalFilter(1031)) - Added global filter 'safety' (class=org.apache.hadoop.hdds.server.http.HttpServer2$QuotingInputFilter)
2022-10-13 11:44:10,887 [Listener at 127.0.0.1/33933] INFO  http.HttpServer2 (HttpServer2.java:addFilter(1007)) - Added filter static_user_filter (class=org.apache.hadoop.http.lib.StaticUserWebFilter$StaticUserFilter) to context hddsDatanode
2022-10-13 11:44:10,887 [Listener at 127.0.0.1/33933] INFO  http.HttpServer2 (HttpServer2.java:addFilter(1015)) - Added filter static_user_filter (class=org.apache.hadoop.http.lib.StaticUserWebFilter$StaticUserFilter) to context static
2022-10-13 11:44:10,888 [Listener at 127.0.0.1/33933] INFO  http.HttpServer2 (HttpServer2.java:addFilter(1015)) - Added filter static_user_filter (class=org.apache.hadoop.http.lib.StaticUserWebFilter$StaticUserFilter) to context logs
2022-10-13 11:44:10,888 [Listener at 127.0.0.1/33933] INFO  http.HttpServer2 (HttpServer2.java:bindListener(1250)) - Jetty bound to port 37133
2022-10-13 11:44:10,888 [Listener at 127.0.0.1/33933] INFO  server.Server (Server.java:doStart(375)) - jetty-9.4.43.v20210629; built: 2021-06-30T11:07:22.254Z; git: 526006ecfa3af7f1a27ef3a288e2bef7ea9dd7e8; jvm 1.8.0_345-b01
2022-10-13 11:44:10,889 [Listener at 127.0.0.1/33933] INFO  server.session (DefaultSessionIdManager.java:doStart(334)) - DefaultSessionIdManager workerName=node0
2022-10-13 11:44:10,890 [Listener at 127.0.0.1/33933] INFO  server.session (DefaultSessionIdManager.java:doStart(339)) - No SessionScavenger set, using defaults
2022-10-13 11:44:10,890 [Listener at 127.0.0.1/33933] INFO  server.session (HouseKeeper.java:startScavenging(132)) - node0 Scavenging every 660000ms
2022-10-13 11:44:10,890 [Listener at 127.0.0.1/33933] INFO  handler.ContextHandler (ContextHandler.java:doStart(915)) - Started o.e.j.s.ServletContextHandler@9856e3a{logs,/logs,file:///home/runner/work/ozone/ozone/hadoop-ozone/integration-test/target/log,AVAILABLE}
2022-10-13 11:44:10,891 [Listener at 127.0.0.1/33933] INFO  handler.ContextHandler (ContextHandler.java:doStart(915)) - Started o.e.j.s.ServletContextHandler@6576def5{static,/static,jar:file:/home/runner/.m2/repository/org/apache/ozone/hdds-container-service/1.3.0-SNAPSHOT/hdds-container-service-1.3.0-SNAPSHOT.jar!/webapps/static,AVAILABLE}
2022-10-13 11:44:11,056 [Listener at 127.0.0.1/33933] INFO  handler.ContextHandler (ContextHandler.java:doStart(915)) - Started o.e.j.w.WebAppContext@7db415c7{hddsDatanode,/,file:///tmp/jetty-0_0_0_0-37133-hdds-container-service-1_3_0-SNAPSHOT_jar-_-any-6566707482810472556/webapp/,AVAILABLE}{jar:file:/home/runner/.m2/repository/org/apache/ozone/hdds-container-service/1.3.0-SNAPSHOT/hdds-container-service-1.3.0-SNAPSHOT.jar!/webapps/hddsDatanode}
2022-10-13 11:44:11,057 [Listener at 127.0.0.1/33933] INFO  server.AbstractConnector (AbstractConnector.java:doStart(331)) - Started ServerConnector@5b8d0c7f{HTTP/1.1, (http/1.1)}{0.0.0.0:37133}
2022-10-13 11:44:11,057 [Listener at 127.0.0.1/33933] INFO  server.Server (Server.java:doStart(415)) - Started @10230ms
2022-10-13 11:44:11,058 [Listener at 127.0.0.1/33933] WARN  impl.MetricsSystemImpl (MetricsSystemImpl.java:register(279)) - Sink prometheus already exists!
2022-10-13 11:44:11,058 [Listener at 127.0.0.1/33933] INFO  http.BaseHttpServer (BaseHttpServer.java:updateConnectorAddress(333)) - HTTP server of hddsDatanode listening at http://0.0.0.0:37133
2022-10-13 11:44:11,059 [Datanode State Machine Daemon Thread] INFO  statemachine.DatanodeStateMachine (DatanodeStateMachine.java:lambda$startDaemon$0(492)) - Ozone container server started.
2022-10-13 11:44:11,060 [Listener at 127.0.0.1/33933] WARN  impl.MetricRegistriesImpl (MetricRegistriesImpl.java:addReporterRegistration(111)) - New reporters are added after registries were created. Some metrics will be missing from the reporter. Please add reporter before adding any new registry.
2022-10-13 11:44:11,060 [Listener at 127.0.0.1/33933] WARN  impl.MetricRegistriesImpl (MetricRegistriesImpl.java:addReporterRegistration(111)) - New reporters are added after registries were created. Some metrics will be missing from the reporter. Please add reporter before adding any new registry.
2022-10-13 11:44:11,060 [Listener at 127.0.0.1/33933] INFO  impl.MetricsSystemImpl (MetricsSystemImpl.java:init(158)) - HddsDatanode metrics system started (again)
2022-10-13 11:44:11,071 [org.apache.hadoop.util.JvmPauseMonitor$Monitor@93f00e0] INFO  util.JvmPauseMonitor (JvmPauseMonitor.java:run(188)) - Starting JVM pause monitor
2022-10-13 11:44:11,083 [Datanode State Machine Task Thread - 0] INFO  datanode.InitDatanodeState (InitDatanodeState.java:persistContainerDatanodeDetails(138)) - DatanodeDetails is persisted to /home/runner/work/ozone/ozone/hadoop-ozone/integration-test/target/test-dir/MiniOzoneClusterImpl-da935fb3-9ce5-49ab-a67c-f4b3beb884ab/datanode-7/meta/datanode.id
2022-10-13 11:44:11,085 [EndpointStateMachine task thread for /0.0.0.0:44657 - 0 ] INFO  volume.HddsVolume (HddsVolume.java:createDbStore(307)) - SchemaV3 db is created and loaded at /home/runner/work/ozone/ozone/hadoop-ozone/integration-test/target/test-dir/MiniOzoneClusterImpl-da935fb3-9ce5-49ab-a67c-f4b3beb884ab/datanode-1/data-0/containers/hdds/da935fb3-9ce5-49ab-a67c-f4b3beb884ab/DS-e1c56f7a-023f-49e9-89e3-24c504c2a861/container.db for volume DS-e1c56f7a-023f-49e9-89e3-24c504c2a861
2022-10-13 11:44:11,086 [EndpointStateMachine task thread for /0.0.0.0:44657 - 0 ] INFO  volume.HddsVolume (HddsVolume.java:closeDbStore(338)) - SchemaV3 db is stopped at /home/runner/work/ozone/ozone/hadoop-ozone/integration-test/target/test-dir/MiniOzoneClusterImpl-da935fb3-9ce5-49ab-a67c-f4b3beb884ab/datanode-1/data-0/containers/hdds/da935fb3-9ce5-49ab-a67c-f4b3beb884ab/DS-e1c56f7a-023f-49e9-89e3-24c504c2a861/container.db for volume DS-e1c56f7a-023f-49e9-89e3-24c504c2a861
2022-10-13 11:44:11,086 [EndpointStateMachine task thread for /0.0.0.0:44657 - 0 ] INFO  ozoneimpl.OzoneContainer (OzoneContainer.java:start(378)) - Attempting to start container services.
2022-10-13 11:44:11,086 [EndpointStateMachine task thread for /0.0.0.0:44657 - 0 ] INFO  ozoneimpl.OzoneContainer (OzoneContainer.java:startContainerScrub(313)) - Background container scanner has been disabled.
2022-10-13 11:44:11,095 [Listener at 127.0.0.1/33933] INFO  ozone.HddsDatanodeService (HddsDatanodeService.java:start(236)) - HddsDatanodeService host:fv-az91-750.1u4dveb1r3ruphbftqvtwhitpc.gx.internal.cloudapp.net ip:10.1.0.200
2022-10-13 11:44:11,096 [EndpointStateMachine task thread for /0.0.0.0:44657 - 0 ] INFO  replication.ReplicationServer (ReplicationServer.java:start(111)) - ReplicationServer is started using port 44935
2022-10-13 11:44:11,097 [EndpointStateMachine task thread for /0.0.0.0:44657 - 0 ] INFO  ratis.XceiverServerRatis (XceiverServerRatis.java:start(481)) - Starting XceiverServerRatis 5a62ffe2-9c96-4fd5-b7f5-bdbfc1f4ab24
2022-10-13 11:44:11,099 [EndpointStateMachine task thread for /0.0.0.0:44657 - 0 ] INFO  server.RaftServer (RaftServerProxy.java:lambda$start$6(382)) - 5a62ffe2-9c96-4fd5-b7f5-bdbfc1f4ab24: start RPC server
2022-10-13 11:44:11,101 [EndpointStateMachine task thread for /0.0.0.0:44657 - 0 ] INFO  server.GrpcService (GrpcService.java:startImpl(260)) - 5a62ffe2-9c96-4fd5-b7f5-bdbfc1f4ab24: GrpcService started, listening on 37863
2022-10-13 11:44:11,101 [EndpointStateMachine task thread for /0.0.0.0:44657 - 0 ] INFO  ratis.XceiverServerRatis (XceiverServerRatis.java:getRealPort(502)) - XceiverServerRatis 5a62ffe2-9c96-4fd5-b7f5-bdbfc1f4ab24 is started using port 37863 for RATIS
2022-10-13 11:44:11,101 [EndpointStateMachine task thread for /0.0.0.0:44657 - 0 ] INFO  ratis.XceiverServerRatis (XceiverServerRatis.java:getRealPort(502)) - XceiverServerRatis 5a62ffe2-9c96-4fd5-b7f5-bdbfc1f4ab24 is started using port 37863 for RATIS_ADMIN
2022-10-13 11:44:11,101 [EndpointStateMachine task thread for /0.0.0.0:44657 - 0 ] INFO  ratis.XceiverServerRatis (XceiverServerRatis.java:getRealPort(502)) - XceiverServerRatis 5a62ffe2-9c96-4fd5-b7f5-bdbfc1f4ab24 is started using port 37863 for RATIS_SERVER
2022-10-13 11:44:11,102 [org.apache.ratis.util.JvmPauseMonitor$$Lambda$684/38778801@7f2088e3] INFO  util.JvmPauseMonitor (JvmPauseMonitor.java:run(103)) - JvmPauseMonitor-5a62ffe2-9c96-4fd5-b7f5-bdbfc1f4ab24: Started
2022-10-13 11:44:11,107 [EndpointStateMachine task thread for /0.0.0.0:44657 - 0 ] INFO  server.XceiverServerGrpc (XceiverServerGrpc.java:start(180)) - XceiverServerGrpc 5a62ffe2-9c96-4fd5-b7f5-bdbfc1f4ab24 is started using port 43611
2022-10-13 11:44:11,124 [Listener at 127.0.0.1/33933] INFO  upgrade.AbstractLayoutVersionManager (AbstractLayoutVersionManager.java:init(83)) - Initializing Layout version manager with metadata layout = DATANODE_SCHEMA_V3 (version = 4), software layout = DATANODE_SCHEMA_V3 (version = 4)
2022-10-13 11:44:11,165 [Listener at 127.0.0.1/33933] INFO  reflections.Reflections (Reflections.java:scan(232)) - Reflections took 40 ms to scan 7 urls, producing 137 keys and 328 values 
2022-10-13 11:44:11,167 [Listener at 127.0.0.1/33933] INFO  statemachine.DatanodeStateMachine (DatanodeStateMachine.java:getEndPointTaskThreadPoolSize(237)) - Datanode State Machine Task Thread Pool size 2
2022-10-13 11:44:11,170 [Listener at 127.0.0.1/33933] INFO  volume.HddsVolume (HddsVolume.java:<init>(117)) - Creating HddsVolume: /home/runner/work/ozone/ozone/hadoop-ozone/integration-test/target/test-dir/MiniOzoneClusterImpl-da935fb3-9ce5-49ab-a67c-f4b3beb884ab/datanode-8/data-0/containers/hdds of storage type : DISK capacity : 9223372036854775807
2022-10-13 11:44:11,171 [Listener at 127.0.0.1/33933] INFO  volume.MutableVolumeSet (MutableVolumeSet.java:initializeVolumeSet(174)) - Added Volume : /home/runner/work/ozone/ozone/hadoop-ozone/integration-test/target/test-dir/MiniOzoneClusterImpl-da935fb3-9ce5-49ab-a67c-f4b3beb884ab/datanode-8/data-0/containers/hdds to VolumeSet
2022-10-13 11:44:11,171 [Listener at 127.0.0.1/33933] INFO  volume.ThrottledAsyncChecker (ThrottledAsyncChecker.java:schedule(141)) - Scheduling a check for /home/runner/work/ozone/ozone/hadoop-ozone/integration-test/target/test-dir/MiniOzoneClusterImpl-da935fb3-9ce5-49ab-a67c-f4b3beb884ab/datanode-8/data-0/containers/hdds
2022-10-13 11:44:11,173 [Listener at 127.0.0.1/33933] INFO  volume.StorageVolumeChecker (StorageVolumeChecker.java:checkAllVolumes(202)) - Scheduled health check for volume /home/runner/work/ozone/ozone/hadoop-ozone/integration-test/target/test-dir/MiniOzoneClusterImpl-da935fb3-9ce5-49ab-a67c-f4b3beb884ab/datanode-8/data-0/containers/hdds
2022-10-13 11:44:11,184 [Listener at 127.0.0.1/33933] INFO  volume.MutableVolumeSet (MutableVolumeSet.java:initializeVolumeSet(174)) - Added Volume : /home/runner/work/ozone/ozone/hadoop-ozone/integration-test/target/test-dir/MiniOzoneClusterImpl-da935fb3-9ce5-49ab-a67c-f4b3beb884ab/datanode-8/data/ratis to VolumeSet
2022-10-13 11:44:11,184 [Listener at 127.0.0.1/33933] INFO  volume.ThrottledAsyncChecker (ThrottledAsyncChecker.java:schedule(141)) - Scheduling a check for /home/runner/work/ozone/ozone/hadoop-ozone/integration-test/target/test-dir/MiniOzoneClusterImpl-da935fb3-9ce5-49ab-a67c-f4b3beb884ab/datanode-8/data/ratis
2022-10-13 11:44:11,184 [Listener at 127.0.0.1/33933] INFO  volume.StorageVolumeChecker (StorageVolumeChecker.java:checkAllVolumes(202)) - Scheduled health check for volume /home/runner/work/ozone/ozone/hadoop-ozone/integration-test/target/test-dir/MiniOzoneClusterImpl-da935fb3-9ce5-49ab-a67c-f4b3beb884ab/datanode-8/data/ratis
2022-10-13 11:44:11,195 [Thread-253] INFO  ozoneimpl.ContainerReader (ContainerReader.java:readVolume(175)) - Finish verifying containers on volume /home/runner/work/ozone/ozone/hadoop-ozone/integration-test/target/test-dir/MiniOzoneClusterImpl-da935fb3-9ce5-49ab-a67c-f4b3beb884ab/datanode-8/data-0/containers/hdds
2022-10-13 11:44:11,195 [Listener at 127.0.0.1/33933] INFO  ozoneimpl.OzoneContainer (OzoneContainer.java:buildContainerSet(300)) - Build ContainerSet costs 0s
2022-10-13 11:44:11,197 [Listener at 127.0.0.1/33933] INFO  server.RaftServer (ConfUtils.java:logGet(46)) - raft.rpc.type = GRPC (default)
2022-10-13 11:44:11,197 [Listener at 127.0.0.1/33933] INFO  grpc.GrpcFactory (GrpcFactory.java:checkPooledByteBufAllocatorUseCacheForAllThreads(48)) - PERFORMANCE WARNING: useCacheForAllThreads is true that may cause Netty to create a lot garbage objects and, as a result, trigger GC.
	It is recommended to disable useCacheForAllThreads by setting -Dorg.apache.ratis.thirdparty.io.netty.allocator.useCacheForAllThreads=false in command line.
2022-10-13 11:44:11,197 [Listener at 127.0.0.1/33933] INFO  grpc.GrpcConfigKeys (ConfUtils.java:logGet(46)) - raft.grpc.admin.port = 0 (custom)
2022-10-13 11:44:11,197 [Listener at 127.0.0.1/33933] INFO  grpc.GrpcConfigKeys (ConfUtils.java:logGet(46)) - raft.grpc.client.port = 0 (custom)
2022-10-13 11:44:11,199 [Listener at 127.0.0.1/33933] INFO  grpc.GrpcConfigKeys (ConfUtils.java:logGet(46)) - raft.grpc.server.port = 0 (default)
2022-10-13 11:44:11,199 [Listener at 127.0.0.1/33933] INFO  server.GrpcService (ConfUtils.java:logGet(46)) - raft.grpc.message.size.max = 32MB (=33554432) (custom)
2022-10-13 11:44:11,200 [Listener at 127.0.0.1/33933] INFO  server.RaftServerConfigKeys (ConfUtils.java:logGet(46)) - raft.server.log.appender.buffer.byte-limit = 33554432 (custom)
2022-10-13 11:44:11,200 [Listener at 127.0.0.1/33933] INFO  server.GrpcService (ConfUtils.java:logGet(46)) - raft.grpc.flow.control.window = 5MB (=5242880) (custom)
2022-10-13 11:44:11,200 [Listener at 127.0.0.1/33933] INFO  server.RaftServerConfigKeys (ConfUtils.java:logGet(46)) - raft.server.rpc.request.timeout = 60s (custom)
2022-10-13 11:44:11,200 [Listener at 127.0.0.1/33933] INFO  grpc.GrpcConfigKeys (ConfUtils.java:logGet(46)) - raft.grpc.server.async.request.thread.pool.cached = true (default)
2022-10-13 11:44:11,200 [Listener at 127.0.0.1/33933] INFO  grpc.GrpcConfigKeys (ConfUtils.java:logGet(46)) - raft.grpc.server.async.request.thread.pool.size = 32 (default)
2022-10-13 11:44:11,201 [Listener at 127.0.0.1/33933] INFO  impl.DataStreamServerImpl (ConfUtils.java:logGet(46)) - raft.datastream.type = DISABLED (default)
2022-10-13 11:44:11,201 [Listener at 127.0.0.1/33933] INFO  server.RaftServerConfigKeys (ConfUtils.java:logGet(46)) - raft.server.threadpool.proxy.cached = true (default)
2022-10-13 11:44:11,201 [Listener at 127.0.0.1/33933] INFO  server.RaftServerConfigKeys (ConfUtils.java:logGet(46)) - raft.server.threadpool.proxy.size = 0 (default)
2022-10-13 11:44:11,201 [Listener at 127.0.0.1/33933] INFO  server.RaftServerConfigKeys (ConfUtils.java:logGet(46)) - raft.server.rpc.slowness.timeout = 300s (custom)
2022-10-13 11:44:11,202 [Listener at 127.0.0.1/33933] INFO  server.RaftServerConfigKeys (ConfUtils.java:logGet(46)) - raft.server.leaderelection.leader.step-down.wait-time = 10s (default)
2022-10-13 11:44:11,202 [Listener at 127.0.0.1/33933] INFO  server.RaftServerConfigKeys (ConfUtils.java:logGet(46)) - raft.server.storage.dir = [/home/runner/work/ozone/ozone/hadoop-ozone/integration-test/target/test-dir/MiniOzoneClusterImpl-da935fb3-9ce5-49ab-a67c-f4b3beb884ab/datanode-8/data/ratis] (custom)
2022-10-13 11:44:11,203 [Listener at 127.0.0.1/33933] INFO  server.XceiverServerGrpc (XceiverServerGrpc.java:<init>(132)) - GrpcServer channel type EpollServerSocketChannel
2022-10-13 11:44:11,206 [Listener at 127.0.0.1/33933] INFO  http.BaseHttpServer (BaseHttpServer.java:newHttpServer2BuilderForOzone(213)) - Starting Web-server for hddsDatanode at: http://0.0.0.0:0
2022-10-13 11:44:11,206 [Listener at 127.0.0.1/33933] INFO  http.BaseHttpServer (BaseHttpServer.java:<init>(108)) - Hadoop Security Enabled: false Ozone Security Enabled: false Ozone HTTP Security Enabled: false 
2022-10-13 11:44:11,207 [Listener at 127.0.0.1/33933] WARN  server.AuthenticationFilter (AuthenticationFilter.java:constructSecretProvider(240)) - Unable to initialize FileSignerSecretProvider, falling back to use random secrets. Reason: Could not read signature secret file: /home/runner/hadoop-http-auth-signature-secret
2022-10-13 11:44:11,208 [Listener at 127.0.0.1/33933] WARN  http.HttpRequestLog (HttpRequestLog.java:getRequestLog(103)) - Jetty request log can only be enabled using Log4j
2022-10-13 11:44:11,209 [Listener at 127.0.0.1/33933] INFO  http.HttpServer2 (HttpServer2.java:addGlobalFilter(1031)) - Added global filter 'safety' (class=org.apache.hadoop.hdds.server.http.HttpServer2$QuotingInputFilter)
2022-10-13 11:44:11,210 [Listener at 127.0.0.1/33933] INFO  http.HttpServer2 (HttpServer2.java:addFilter(1007)) - Added filter static_user_filter (class=org.apache.hadoop.http.lib.StaticUserWebFilter$StaticUserFilter) to context hddsDatanode
2022-10-13 11:44:11,210 [Listener at 127.0.0.1/33933] INFO  http.HttpServer2 (HttpServer2.java:addFilter(1015)) - Added filter static_user_filter (class=org.apache.hadoop.http.lib.StaticUserWebFilter$StaticUserFilter) to context logs
2022-10-13 11:44:11,210 [Listener at 127.0.0.1/33933] INFO  http.HttpServer2 (HttpServer2.java:addFilter(1015)) - Added filter static_user_filter (class=org.apache.hadoop.http.lib.StaticUserWebFilter$StaticUserFilter) to context static
2022-10-13 11:44:11,211 [Listener at 127.0.0.1/33933] INFO  http.HttpServer2 (HttpServer2.java:bindListener(1250)) - Jetty bound to port 38183
2022-10-13 11:44:11,211 [Listener at 127.0.0.1/33933] INFO  server.Server (Server.java:doStart(375)) - jetty-9.4.43.v20210629; built: 2021-06-30T11:07:22.254Z; git: 526006ecfa3af7f1a27ef3a288e2bef7ea9dd7e8; jvm 1.8.0_345-b01
2022-10-13 11:44:11,216 [Listener at 127.0.0.1/33933] INFO  server.session (DefaultSessionIdManager.java:doStart(334)) - DefaultSessionIdManager workerName=node0
2022-10-13 11:44:11,216 [Listener at 127.0.0.1/33933] INFO  server.session (DefaultSessionIdManager.java:doStart(339)) - No SessionScavenger set, using defaults
2022-10-13 11:44:11,216 [Listener at 127.0.0.1/33933] INFO  server.session (HouseKeeper.java:startScavenging(132)) - node0 Scavenging every 660000ms
2022-10-13 11:44:11,217 [Listener at 127.0.0.1/33933] INFO  handler.ContextHandler (ContextHandler.java:doStart(915)) - Started o.e.j.s.ServletContextHandler@8762054{logs,/logs,file:///home/runner/work/ozone/ozone/hadoop-ozone/integration-test/target/log,AVAILABLE}
2022-10-13 11:44:11,217 [Listener at 127.0.0.1/33933] INFO  handler.ContextHandler (ContextHandler.java:doStart(915)) - Started o.e.j.s.ServletContextHandler@770ecf53{static,/static,jar:file:/home/runner/.m2/repository/org/apache/ozone/hdds-container-service/1.3.0-SNAPSHOT/hdds-container-service-1.3.0-SNAPSHOT.jar!/webapps/static,AVAILABLE}
2022-10-13 11:44:11,383 [Listener at 127.0.0.1/33933] INFO  handler.ContextHandler (ContextHandler.java:doStart(915)) - Started o.e.j.w.WebAppContext@53db4ff8{hddsDatanode,/,file:///tmp/jetty-0_0_0_0-38183-hdds-container-service-1_3_0-SNAPSHOT_jar-_-any-5965333458452489628/webapp/,AVAILABLE}{jar:file:/home/runner/.m2/repository/org/apache/ozone/hdds-container-service/1.3.0-SNAPSHOT/hdds-container-service-1.3.0-SNAPSHOT.jar!/webapps/hddsDatanode}
2022-10-13 11:44:11,385 [Listener at 127.0.0.1/33933] INFO  server.AbstractConnector (AbstractConnector.java:doStart(331)) - Started ServerConnector@62fd809b{HTTP/1.1, (http/1.1)}{0.0.0.0:38183}
2022-10-13 11:44:11,385 [Listener at 127.0.0.1/33933] INFO  server.Server (Server.java:doStart(415)) - Started @10558ms
2022-10-13 11:44:11,385 [Listener at 127.0.0.1/33933] WARN  impl.MetricsSystemImpl (MetricsSystemImpl.java:register(279)) - Sink prometheus already exists!
2022-10-13 11:44:11,386 [Listener at 127.0.0.1/33933] INFO  http.BaseHttpServer (BaseHttpServer.java:updateConnectorAddress(333)) - HTTP server of hddsDatanode listening at http://0.0.0.0:38183
2022-10-13 11:44:11,387 [Listener at 127.0.0.1/33933] WARN  impl.MetricRegistriesImpl (MetricRegistriesImpl.java:addReporterRegistration(111)) - New reporters are added after registries were created. Some metrics will be missing from the reporter. Please add reporter before adding any new registry.
2022-10-13 11:44:11,387 [Listener at 127.0.0.1/33933] WARN  impl.MetricRegistriesImpl (MetricRegistriesImpl.java:addReporterRegistration(111)) - New reporters are added after registries were created. Some metrics will be missing from the reporter. Please add reporter before adding any new registry.
2022-10-13 11:44:11,387 [Listener at 127.0.0.1/33933] INFO  impl.MetricsSystemImpl (MetricsSystemImpl.java:init(158)) - HddsDatanode metrics system started (again)
2022-10-13 11:44:11,393 [Datanode State Machine Daemon Thread] INFO  statemachine.DatanodeStateMachine (DatanodeStateMachine.java:lambda$startDaemon$0(492)) - Ozone container server started.
2022-10-13 11:44:11,403 [Listener at 127.0.0.1/33933] INFO  ozone.HddsDatanodeService (HddsDatanodeService.java:start(236)) - HddsDatanodeService host:fv-az91-750.1u4dveb1r3ruphbftqvtwhitpc.gx.internal.cloudapp.net ip:10.1.0.200
2022-10-13 11:44:11,407 [org.apache.hadoop.util.JvmPauseMonitor$Monitor@5707044b] INFO  util.JvmPauseMonitor (JvmPauseMonitor.java:run(188)) - Starting JVM pause monitor
2022-10-13 11:44:11,410 [Datanode State Machine Task Thread - 0] INFO  datanode.InitDatanodeState (InitDatanodeState.java:persistContainerDatanodeDetails(138)) - DatanodeDetails is persisted to /home/runner/work/ozone/ozone/hadoop-ozone/integration-test/target/test-dir/MiniOzoneClusterImpl-da935fb3-9ce5-49ab-a67c-f4b3beb884ab/datanode-8/meta/datanode.id
2022-10-13 11:44:11,424 [Listener at 127.0.0.1/33933] INFO  upgrade.AbstractLayoutVersionManager (AbstractLayoutVersionManager.java:init(83)) - Initializing Layout version manager with metadata layout = DATANODE_SCHEMA_V3 (version = 4), software layout = DATANODE_SCHEMA_V3 (version = 4)
2022-10-13 11:44:11,468 [Listener at 127.0.0.1/33933] INFO  reflections.Reflections (Reflections.java:scan(232)) - Reflections took 43 ms to scan 7 urls, producing 137 keys and 328 values 
2022-10-13 11:44:11,469 [Listener at 127.0.0.1/33933] INFO  statemachine.DatanodeStateMachine (DatanodeStateMachine.java:getEndPointTaskThreadPoolSize(237)) - Datanode State Machine Task Thread Pool size 2
2022-10-13 11:44:11,471 [Listener at 127.0.0.1/33933] INFO  volume.HddsVolume (HddsVolume.java:<init>(117)) - Creating HddsVolume: /home/runner/work/ozone/ozone/hadoop-ozone/integration-test/target/test-dir/MiniOzoneClusterImpl-da935fb3-9ce5-49ab-a67c-f4b3beb884ab/datanode-9/data-0/containers/hdds of storage type : DISK capacity : 9223372036854775807
2022-10-13 11:44:11,471 [Listener at 127.0.0.1/33933] INFO  volume.MutableVolumeSet (MutableVolumeSet.java:initializeVolumeSet(174)) - Added Volume : /home/runner/work/ozone/ozone/hadoop-ozone/integration-test/target/test-dir/MiniOzoneClusterImpl-da935fb3-9ce5-49ab-a67c-f4b3beb884ab/datanode-9/data-0/containers/hdds to VolumeSet
2022-10-13 11:44:11,471 [Listener at 127.0.0.1/33933] INFO  volume.ThrottledAsyncChecker (ThrottledAsyncChecker.java:schedule(141)) - Scheduling a check for /home/runner/work/ozone/ozone/hadoop-ozone/integration-test/target/test-dir/MiniOzoneClusterImpl-da935fb3-9ce5-49ab-a67c-f4b3beb884ab/datanode-9/data-0/containers/hdds
2022-10-13 11:44:11,472 [Listener at 127.0.0.1/33933] INFO  volume.StorageVolumeChecker (StorageVolumeChecker.java:checkAllVolumes(202)) - Scheduled health check for volume /home/runner/work/ozone/ozone/hadoop-ozone/integration-test/target/test-dir/MiniOzoneClusterImpl-da935fb3-9ce5-49ab-a67c-f4b3beb884ab/datanode-9/data-0/containers/hdds
2022-10-13 11:44:11,482 [Listener at 127.0.0.1/33933] INFO  volume.MutableVolumeSet (MutableVolumeSet.java:initializeVolumeSet(174)) - Added Volume : /home/runner/work/ozone/ozone/hadoop-ozone/integration-test/target/test-dir/MiniOzoneClusterImpl-da935fb3-9ce5-49ab-a67c-f4b3beb884ab/datanode-9/data/ratis to VolumeSet
2022-10-13 11:44:11,483 [Listener at 127.0.0.1/33933] INFO  volume.ThrottledAsyncChecker (ThrottledAsyncChecker.java:schedule(141)) - Scheduling a check for /home/runner/work/ozone/ozone/hadoop-ozone/integration-test/target/test-dir/MiniOzoneClusterImpl-da935fb3-9ce5-49ab-a67c-f4b3beb884ab/datanode-9/data/ratis
2022-10-13 11:44:11,483 [Listener at 127.0.0.1/33933] INFO  volume.StorageVolumeChecker (StorageVolumeChecker.java:checkAllVolumes(202)) - Scheduled health check for volume /home/runner/work/ozone/ozone/hadoop-ozone/integration-test/target/test-dir/MiniOzoneClusterImpl-da935fb3-9ce5-49ab-a67c-f4b3beb884ab/datanode-9/data/ratis
2022-10-13 11:44:11,484 [EndpointStateMachine task thread for /0.0.0.0:44657 - 0 ] INFO  volume.HddsVolume (HddsVolume.java:createDbStore(307)) - SchemaV3 db is created and loaded at /home/runner/work/ozone/ozone/hadoop-ozone/integration-test/target/test-dir/MiniOzoneClusterImpl-da935fb3-9ce5-49ab-a67c-f4b3beb884ab/datanode-2/data-0/containers/hdds/da935fb3-9ce5-49ab-a67c-f4b3beb884ab/DS-d288529e-8d1d-4401-a0cf-c6e776f4e857/container.db for volume DS-d288529e-8d1d-4401-a0cf-c6e776f4e857
2022-10-13 11:44:11,486 [EndpointStateMachine task thread for /0.0.0.0:44657 - 0 ] INFO  volume.HddsVolume (HddsVolume.java:closeDbStore(338)) - SchemaV3 db is stopped at /home/runner/work/ozone/ozone/hadoop-ozone/integration-test/target/test-dir/MiniOzoneClusterImpl-da935fb3-9ce5-49ab-a67c-f4b3beb884ab/datanode-2/data-0/containers/hdds/da935fb3-9ce5-49ab-a67c-f4b3beb884ab/DS-d288529e-8d1d-4401-a0cf-c6e776f4e857/container.db for volume DS-d288529e-8d1d-4401-a0cf-c6e776f4e857
2022-10-13 11:44:11,487 [EndpointStateMachine task thread for /0.0.0.0:44657 - 0 ] INFO  ozoneimpl.OzoneContainer (OzoneContainer.java:start(378)) - Attempting to start container services.
2022-10-13 11:44:11,487 [EndpointStateMachine task thread for /0.0.0.0:44657 - 0 ] INFO  ozoneimpl.OzoneContainer (OzoneContainer.java:startContainerScrub(313)) - Background container scanner has been disabled.
2022-10-13 11:44:11,489 [EndpointStateMachine task thread for /0.0.0.0:44657 - 0 ] INFO  replication.ReplicationServer (ReplicationServer.java:start(111)) - ReplicationServer is started using port 39531
2022-10-13 11:44:11,489 [EndpointStateMachine task thread for /0.0.0.0:44657 - 0 ] INFO  ratis.XceiverServerRatis (XceiverServerRatis.java:start(481)) - Starting XceiverServerRatis 458f4e14-7f73-425f-a1e6-d20318ddd1ae
2022-10-13 11:44:11,490 [EndpointStateMachine task thread for /0.0.0.0:44657 - 0 ] INFO  server.RaftServer (RaftServerProxy.java:lambda$start$6(382)) - 458f4e14-7f73-425f-a1e6-d20318ddd1ae: start RPC server
2022-10-13 11:44:11,499 [EndpointStateMachine task thread for /0.0.0.0:44657 - 0 ] INFO  server.GrpcService (GrpcService.java:startImpl(260)) - 458f4e14-7f73-425f-a1e6-d20318ddd1ae: GrpcService started, listening on 33873
2022-10-13 11:44:11,499 [EndpointStateMachine task thread for /0.0.0.0:44657 - 0 ] INFO  ratis.XceiverServerRatis (XceiverServerRatis.java:getRealPort(502)) - XceiverServerRatis 458f4e14-7f73-425f-a1e6-d20318ddd1ae is started using port 33873 for RATIS
2022-10-13 11:44:11,499 [EndpointStateMachine task thread for /0.0.0.0:44657 - 0 ] INFO  ratis.XceiverServerRatis (XceiverServerRatis.java:getRealPort(502)) - XceiverServerRatis 458f4e14-7f73-425f-a1e6-d20318ddd1ae is started using port 33873 for RATIS_ADMIN
2022-10-13 11:44:11,499 [EndpointStateMachine task thread for /0.0.0.0:44657 - 0 ] INFO  ratis.XceiverServerRatis (XceiverServerRatis.java:getRealPort(502)) - XceiverServerRatis 458f4e14-7f73-425f-a1e6-d20318ddd1ae is started using port 33873 for RATIS_SERVER
2022-10-13 11:44:11,499 [org.apache.ratis.util.JvmPauseMonitor$$Lambda$684/38778801@5e642f7d] INFO  util.JvmPauseMonitor (JvmPauseMonitor.java:run(103)) - JvmPauseMonitor-458f4e14-7f73-425f-a1e6-d20318ddd1ae: Started
2022-10-13 11:44:11,503 [EndpointStateMachine task thread for /0.0.0.0:44657 - 0 ] INFO  server.XceiverServerGrpc (XceiverServerGrpc.java:start(180)) - XceiverServerGrpc 458f4e14-7f73-425f-a1e6-d20318ddd1ae is started using port 36513
2022-10-13 11:44:11,522 [Thread-268] INFO  ozoneimpl.ContainerReader (ContainerReader.java:readVolume(175)) - Finish verifying containers on volume /home/runner/work/ozone/ozone/hadoop-ozone/integration-test/target/test-dir/MiniOzoneClusterImpl-da935fb3-9ce5-49ab-a67c-f4b3beb884ab/datanode-9/data-0/containers/hdds
2022-10-13 11:44:11,522 [Listener at 127.0.0.1/33933] INFO  ozoneimpl.OzoneContainer (OzoneContainer.java:buildContainerSet(300)) - Build ContainerSet costs 0s
2022-10-13 11:44:11,524 [Listener at 127.0.0.1/33933] INFO  server.RaftServer (ConfUtils.java:logGet(46)) - raft.rpc.type = GRPC (default)
2022-10-13 11:44:11,524 [Listener at 127.0.0.1/33933] INFO  grpc.GrpcFactory (GrpcFactory.java:checkPooledByteBufAllocatorUseCacheForAllThreads(48)) - PERFORMANCE WARNING: useCacheForAllThreads is true that may cause Netty to create a lot garbage objects and, as a result, trigger GC.
	It is recommended to disable useCacheForAllThreads by setting -Dorg.apache.ratis.thirdparty.io.netty.allocator.useCacheForAllThreads=false in command line.
2022-10-13 11:44:11,524 [Listener at 127.0.0.1/33933] INFO  grpc.GrpcConfigKeys (ConfUtils.java:logGet(46)) - raft.grpc.admin.port = 0 (custom)
2022-10-13 11:44:11,525 [Listener at 127.0.0.1/33933] INFO  grpc.GrpcConfigKeys (ConfUtils.java:logGet(46)) - raft.grpc.client.port = 0 (custom)
2022-10-13 11:44:11,525 [Listener at 127.0.0.1/33933] INFO  grpc.GrpcConfigKeys (ConfUtils.java:logGet(46)) - raft.grpc.server.port = 0 (default)
2022-10-13 11:44:11,525 [Listener at 127.0.0.1/33933] INFO  server.GrpcService (ConfUtils.java:logGet(46)) - raft.grpc.message.size.max = 32MB (=33554432) (custom)
2022-10-13 11:44:11,525 [Listener at 127.0.0.1/33933] INFO  server.RaftServerConfigKeys (ConfUtils.java:logGet(46)) - raft.server.log.appender.buffer.byte-limit = 33554432 (custom)
2022-10-13 11:44:11,525 [Listener at 127.0.0.1/33933] INFO  server.GrpcService (ConfUtils.java:logGet(46)) - raft.grpc.flow.control.window = 5MB (=5242880) (custom)
2022-10-13 11:44:11,525 [Listener at 127.0.0.1/33933] INFO  server.RaftServerConfigKeys (ConfUtils.java:logGet(46)) - raft.server.rpc.request.timeout = 60s (custom)
2022-10-13 11:44:11,525 [Listener at 127.0.0.1/33933] INFO  grpc.GrpcConfigKeys (ConfUtils.java:logGet(46)) - raft.grpc.server.async.request.thread.pool.cached = true (default)
2022-10-13 11:44:11,525 [Listener at 127.0.0.1/33933] INFO  grpc.GrpcConfigKeys (ConfUtils.java:logGet(46)) - raft.grpc.server.async.request.thread.pool.size = 32 (default)
2022-10-13 11:44:11,526 [Listener at 127.0.0.1/33933] INFO  impl.DataStreamServerImpl (ConfUtils.java:logGet(46)) - raft.datastream.type = DISABLED (default)
2022-10-13 11:44:11,527 [Listener at 127.0.0.1/33933] INFO  server.RaftServerConfigKeys (ConfUtils.java:logGet(46)) - raft.server.threadpool.proxy.cached = true (default)
2022-10-13 11:44:11,527 [Listener at 127.0.0.1/33933] INFO  server.RaftServerConfigKeys (ConfUtils.java:logGet(46)) - raft.server.threadpool.proxy.size = 0 (default)
2022-10-13 11:44:11,527 [Listener at 127.0.0.1/33933] INFO  server.RaftServerConfigKeys (ConfUtils.java:logGet(46)) - raft.server.rpc.slowness.timeout = 300s (custom)
2022-10-13 11:44:11,527 [Listener at 127.0.0.1/33933] INFO  server.RaftServerConfigKeys (ConfUtils.java:logGet(46)) - raft.server.leaderelection.leader.step-down.wait-time = 10s (default)
2022-10-13 11:44:11,527 [Listener at 127.0.0.1/33933] INFO  server.RaftServerConfigKeys (ConfUtils.java:logGet(46)) - raft.server.storage.dir = [/home/runner/work/ozone/ozone/hadoop-ozone/integration-test/target/test-dir/MiniOzoneClusterImpl-da935fb3-9ce5-49ab-a67c-f4b3beb884ab/datanode-9/data/ratis] (custom)
2022-10-13 11:44:11,529 [Listener at 127.0.0.1/33933] INFO  server.XceiverServerGrpc (XceiverServerGrpc.java:<init>(132)) - GrpcServer channel type EpollServerSocketChannel
2022-10-13 11:44:11,531 [Listener at 127.0.0.1/33933] INFO  http.BaseHttpServer (BaseHttpServer.java:newHttpServer2BuilderForOzone(213)) - Starting Web-server for hddsDatanode at: http://0.0.0.0:0
2022-10-13 11:44:11,531 [Listener at 127.0.0.1/33933] INFO  http.BaseHttpServer (BaseHttpServer.java:<init>(108)) - Hadoop Security Enabled: false Ozone Security Enabled: false Ozone HTTP Security Enabled: false 
2022-10-13 11:44:11,533 [Listener at 127.0.0.1/33933] WARN  server.AuthenticationFilter (AuthenticationFilter.java:constructSecretProvider(240)) - Unable to initialize FileSignerSecretProvider, falling back to use random secrets. Reason: Could not read signature secret file: /home/runner/hadoop-http-auth-signature-secret
2022-10-13 11:44:11,533 [Listener at 127.0.0.1/33933] WARN  http.HttpRequestLog (HttpRequestLog.java:getRequestLog(103)) - Jetty request log can only be enabled using Log4j
2022-10-13 11:44:11,535 [Listener at 127.0.0.1/33933] INFO  http.HttpServer2 (HttpServer2.java:addGlobalFilter(1031)) - Added global filter 'safety' (class=org.apache.hadoop.hdds.server.http.HttpServer2$QuotingInputFilter)
2022-10-13 11:44:11,536 [Listener at 127.0.0.1/33933] INFO  http.HttpServer2 (HttpServer2.java:addFilter(1007)) - Added filter static_user_filter (class=org.apache.hadoop.http.lib.StaticUserWebFilter$StaticUserFilter) to context hddsDatanode
2022-10-13 11:44:11,536 [Listener at 127.0.0.1/33933] INFO  http.HttpServer2 (HttpServer2.java:addFilter(1015)) - Added filter static_user_filter (class=org.apache.hadoop.http.lib.StaticUserWebFilter$StaticUserFilter) to context logs
2022-10-13 11:44:11,536 [Listener at 127.0.0.1/33933] INFO  http.HttpServer2 (HttpServer2.java:addFilter(1015)) - Added filter static_user_filter (class=org.apache.hadoop.http.lib.StaticUserWebFilter$StaticUserFilter) to context static
2022-10-13 11:44:11,537 [Listener at 127.0.0.1/33933] INFO  http.HttpServer2 (HttpServer2.java:bindListener(1250)) - Jetty bound to port 41343
2022-10-13 11:44:11,537 [Listener at 127.0.0.1/33933] INFO  server.Server (Server.java:doStart(375)) - jetty-9.4.43.v20210629; built: 2021-06-30T11:07:22.254Z; git: 526006ecfa3af7f1a27ef3a288e2bef7ea9dd7e8; jvm 1.8.0_345-b01
2022-10-13 11:44:11,540 [Listener at 127.0.0.1/33933] INFO  server.session (DefaultSessionIdManager.java:doStart(334)) - DefaultSessionIdManager workerName=node0
2022-10-13 11:44:11,540 [Listener at 127.0.0.1/33933] INFO  server.session (DefaultSessionIdManager.java:doStart(339)) - No SessionScavenger set, using defaults
2022-10-13 11:44:11,541 [Listener at 127.0.0.1/33933] INFO  server.session (HouseKeeper.java:startScavenging(132)) - node0 Scavenging every 660000ms
2022-10-13 11:44:11,541 [Listener at 127.0.0.1/33933] INFO  handler.ContextHandler (ContextHandler.java:doStart(915)) - Started o.e.j.s.ServletContextHandler@54480bcc{logs,/logs,file:///home/runner/work/ozone/ozone/hadoop-ozone/integration-test/target/log,AVAILABLE}
2022-10-13 11:44:11,542 [Listener at 127.0.0.1/33933] INFO  handler.ContextHandler (ContextHandler.java:doStart(915)) - Started o.e.j.s.ServletContextHandler@3aa2c4f4{static,/static,jar:file:/home/runner/.m2/repository/org/apache/ozone/hdds-container-service/1.3.0-SNAPSHOT/hdds-container-service-1.3.0-SNAPSHOT.jar!/webapps/static,AVAILABLE}
2022-10-13 11:44:11,702 [Listener at 127.0.0.1/33933] INFO  handler.ContextHandler (ContextHandler.java:doStart(915)) - Started o.e.j.w.WebAppContext@12ec2e89{hddsDatanode,/,file:///tmp/jetty-0_0_0_0-41343-hdds-container-service-1_3_0-SNAPSHOT_jar-_-any-7384300380590738830/webapp/,AVAILABLE}{jar:file:/home/runner/.m2/repository/org/apache/ozone/hdds-container-service/1.3.0-SNAPSHOT/hdds-container-service-1.3.0-SNAPSHOT.jar!/webapps/hddsDatanode}
2022-10-13 11:44:11,704 [Listener at 127.0.0.1/33933] INFO  server.AbstractConnector (AbstractConnector.java:doStart(331)) - Started ServerConnector@36b569f6{HTTP/1.1, (http/1.1)}{0.0.0.0:41343}
2022-10-13 11:44:11,704 [Listener at 127.0.0.1/33933] INFO  server.Server (Server.java:doStart(415)) - Started @10876ms
2022-10-13 11:44:11,704 [Listener at 127.0.0.1/33933] WARN  impl.MetricsSystemImpl (MetricsSystemImpl.java:register(279)) - Sink prometheus already exists!
2022-10-13 11:44:11,705 [Listener at 127.0.0.1/33933] INFO  http.BaseHttpServer (BaseHttpServer.java:updateConnectorAddress(333)) - HTTP server of hddsDatanode listening at http://0.0.0.0:41343
2022-10-13 11:44:11,705 [Datanode State Machine Daemon Thread] INFO  statemachine.DatanodeStateMachine (DatanodeStateMachine.java:lambda$startDaemon$0(492)) - Ozone container server started.
2022-10-13 11:44:11,712 [Listener at 127.0.0.1/33933] INFO  ozone.MiniOzoneClusterImpl (MiniOzoneClusterImpl.java:lambda$waitForClusterToBeReady$0(216)) - Waiting for nodes to be ready. Got 0 of 10 DN Heartbeats.
2022-10-13 11:44:11,713 [Listener at 127.0.0.1/33933] INFO  ozone.MiniOzoneClusterImpl (MiniOzoneClusterImpl.java:lambda$waitForClusterToBeReady$0(219)) - Waiting for cluster to exit safe mode
2022-10-13 11:44:11,713 [Listener at 127.0.0.1/33933] INFO  ozone.MiniOzoneClusterImpl (MiniOzoneClusterImpl.java:lambda$waitForClusterToBeReady$0(221)) - SCM became leader
2022-10-13 11:44:11,713 [org.apache.hadoop.util.JvmPauseMonitor$Monitor@6b56ef70] INFO  util.JvmPauseMonitor (JvmPauseMonitor.java:run(188)) - Starting JVM pause monitor
2022-10-13 11:44:11,719 [Datanode State Machine Task Thread - 0] INFO  datanode.InitDatanodeState (InitDatanodeState.java:persistContainerDatanodeDetails(138)) - DatanodeDetails is persisted to /home/runner/work/ozone/ozone/hadoop-ozone/integration-test/target/test-dir/MiniOzoneClusterImpl-da935fb3-9ce5-49ab-a67c-f4b3beb884ab/datanode-9/meta/datanode.id
2022-10-13 11:44:11,802 [EndpointStateMachine task thread for /0.0.0.0:44657 - 0 ] INFO  volume.HddsVolume (HddsVolume.java:createDbStore(307)) - SchemaV3 db is created and loaded at /home/runner/work/ozone/ozone/hadoop-ozone/integration-test/target/test-dir/MiniOzoneClusterImpl-da935fb3-9ce5-49ab-a67c-f4b3beb884ab/datanode-3/data-0/containers/hdds/da935fb3-9ce5-49ab-a67c-f4b3beb884ab/DS-e9aae5db-169a-4361-85e8-b86dd3edfbcb/container.db for volume DS-e9aae5db-169a-4361-85e8-b86dd3edfbcb
2022-10-13 11:44:11,802 [EndpointStateMachine task thread for /0.0.0.0:44657 - 0 ] INFO  volume.HddsVolume (HddsVolume.java:closeDbStore(338)) - SchemaV3 db is stopped at /home/runner/work/ozone/ozone/hadoop-ozone/integration-test/target/test-dir/MiniOzoneClusterImpl-da935fb3-9ce5-49ab-a67c-f4b3beb884ab/datanode-3/data-0/containers/hdds/da935fb3-9ce5-49ab-a67c-f4b3beb884ab/DS-e9aae5db-169a-4361-85e8-b86dd3edfbcb/container.db for volume DS-e9aae5db-169a-4361-85e8-b86dd3edfbcb
2022-10-13 11:44:11,802 [EndpointStateMachine task thread for /0.0.0.0:44657 - 0 ] INFO  ozoneimpl.OzoneContainer (OzoneContainer.java:start(378)) - Attempting to start container services.
2022-10-13 11:44:11,802 [EndpointStateMachine task thread for /0.0.0.0:44657 - 0 ] INFO  ozoneimpl.OzoneContainer (OzoneContainer.java:startContainerScrub(313)) - Background container scanner has been disabled.
2022-10-13 11:44:11,804 [EndpointStateMachine task thread for /0.0.0.0:44657 - 0 ] INFO  replication.ReplicationServer (ReplicationServer.java:start(111)) - ReplicationServer is started using port 34569
2022-10-13 11:44:11,805 [EndpointStateMachine task thread for /0.0.0.0:44657 - 0 ] INFO  ratis.XceiverServerRatis (XceiverServerRatis.java:start(481)) - Starting XceiverServerRatis 1c12248a-391b-407f-adc5-34f451ebab0a
2022-10-13 11:44:11,806 [EndpointStateMachine task thread for /0.0.0.0:44657 - 0 ] INFO  server.RaftServer (RaftServerProxy.java:lambda$start$6(382)) - 1c12248a-391b-407f-adc5-34f451ebab0a: start RPC server
2022-10-13 11:44:11,808 [EndpointStateMachine task thread for /0.0.0.0:44657 - 0 ] INFO  server.GrpcService (GrpcService.java:startImpl(260)) - 1c12248a-391b-407f-adc5-34f451ebab0a: GrpcService started, listening on 39277
2022-10-13 11:44:11,808 [EndpointStateMachine task thread for /0.0.0.0:44657 - 0 ] INFO  ratis.XceiverServerRatis (XceiverServerRatis.java:getRealPort(502)) - XceiverServerRatis 1c12248a-391b-407f-adc5-34f451ebab0a is started using port 39277 for RATIS
2022-10-13 11:44:11,808 [org.apache.ratis.util.JvmPauseMonitor$$Lambda$684/38778801@3d616298] INFO  util.JvmPauseMonitor (JvmPauseMonitor.java:run(103)) - JvmPauseMonitor-1c12248a-391b-407f-adc5-34f451ebab0a: Started
2022-10-13 11:44:11,808 [EndpointStateMachine task thread for /0.0.0.0:44657 - 0 ] INFO  ratis.XceiverServerRatis (XceiverServerRatis.java:getRealPort(502)) - XceiverServerRatis 1c12248a-391b-407f-adc5-34f451ebab0a is started using port 39277 for RATIS_ADMIN
2022-10-13 11:44:11,809 [EndpointStateMachine task thread for /0.0.0.0:44657 - 0 ] INFO  ratis.XceiverServerRatis (XceiverServerRatis.java:getRealPort(502)) - XceiverServerRatis 1c12248a-391b-407f-adc5-34f451ebab0a is started using port 39277 for RATIS_SERVER
2022-10-13 11:44:11,812 [EndpointStateMachine task thread for /0.0.0.0:44657 - 0 ] INFO  server.XceiverServerGrpc (XceiverServerGrpc.java:start(180)) - XceiverServerGrpc 1c12248a-391b-407f-adc5-34f451ebab0a is started using port 37067
2022-10-13 11:44:12,093 [EndpointStateMachine task thread for /0.0.0.0:44657 - 0 ] INFO  volume.HddsVolume (HddsVolume.java:createDbStore(307)) - SchemaV3 db is created and loaded at /home/runner/work/ozone/ozone/hadoop-ozone/integration-test/target/test-dir/MiniOzoneClusterImpl-da935fb3-9ce5-49ab-a67c-f4b3beb884ab/datanode-4/data-0/containers/hdds/da935fb3-9ce5-49ab-a67c-f4b3beb884ab/DS-115165aa-9ec2-43e9-8e2a-e01542a089e1/container.db for volume DS-115165aa-9ec2-43e9-8e2a-e01542a089e1
2022-10-13 11:44:12,093 [EndpointStateMachine task thread for /0.0.0.0:44657 - 0 ] INFO  volume.HddsVolume (HddsVolume.java:closeDbStore(338)) - SchemaV3 db is stopped at /home/runner/work/ozone/ozone/hadoop-ozone/integration-test/target/test-dir/MiniOzoneClusterImpl-da935fb3-9ce5-49ab-a67c-f4b3beb884ab/datanode-4/data-0/containers/hdds/da935fb3-9ce5-49ab-a67c-f4b3beb884ab/DS-115165aa-9ec2-43e9-8e2a-e01542a089e1/container.db for volume DS-115165aa-9ec2-43e9-8e2a-e01542a089e1
2022-10-13 11:44:12,094 [EndpointStateMachine task thread for /0.0.0.0:44657 - 0 ] INFO  ozoneimpl.OzoneContainer (OzoneContainer.java:start(378)) - Attempting to start container services.
2022-10-13 11:44:12,094 [EndpointStateMachine task thread for /0.0.0.0:44657 - 0 ] INFO  ozoneimpl.OzoneContainer (OzoneContainer.java:startContainerScrub(313)) - Background container scanner has been disabled.
2022-10-13 11:44:12,096 [EndpointStateMachine task thread for /0.0.0.0:44657 - 0 ] INFO  replication.ReplicationServer (ReplicationServer.java:start(111)) - ReplicationServer is started using port 36473
2022-10-13 11:44:12,097 [EndpointStateMachine task thread for /0.0.0.0:44657 - 0 ] INFO  ratis.XceiverServerRatis (XceiverServerRatis.java:start(481)) - Starting XceiverServerRatis cc783127-5661-4bf3-9a81-5237862e92f6
2022-10-13 11:44:12,100 [EndpointStateMachine task thread for /0.0.0.0:44657 - 0 ] INFO  server.RaftServer (RaftServerProxy.java:lambda$start$6(382)) - cc783127-5661-4bf3-9a81-5237862e92f6: start RPC server
2022-10-13 11:44:12,103 [EndpointStateMachine task thread for /0.0.0.0:44657 - 0 ] INFO  server.GrpcService (GrpcService.java:startImpl(260)) - cc783127-5661-4bf3-9a81-5237862e92f6: GrpcService started, listening on 38555
2022-10-13 11:44:12,103 [EndpointStateMachine task thread for /0.0.0.0:44657 - 0 ] INFO  ratis.XceiverServerRatis (XceiverServerRatis.java:getRealPort(502)) - XceiverServerRatis cc783127-5661-4bf3-9a81-5237862e92f6 is started using port 38555 for RATIS
2022-10-13 11:44:12,103 [org.apache.ratis.util.JvmPauseMonitor$$Lambda$684/38778801@744c55db] INFO  util.JvmPauseMonitor (JvmPauseMonitor.java:run(103)) - JvmPauseMonitor-cc783127-5661-4bf3-9a81-5237862e92f6: Started
2022-10-13 11:44:12,103 [EndpointStateMachine task thread for /0.0.0.0:44657 - 0 ] INFO  ratis.XceiverServerRatis (XceiverServerRatis.java:getRealPort(502)) - XceiverServerRatis cc783127-5661-4bf3-9a81-5237862e92f6 is started using port 38555 for RATIS_ADMIN
2022-10-13 11:44:12,103 [EndpointStateMachine task thread for /0.0.0.0:44657 - 0 ] INFO  ratis.XceiverServerRatis (XceiverServerRatis.java:getRealPort(502)) - XceiverServerRatis cc783127-5661-4bf3-9a81-5237862e92f6 is started using port 38555 for RATIS_SERVER
2022-10-13 11:44:12,106 [EndpointStateMachine task thread for /0.0.0.0:44657 - 0 ] INFO  server.XceiverServerGrpc (XceiverServerGrpc.java:start(180)) - XceiverServerGrpc cc783127-5661-4bf3-9a81-5237862e92f6 is started using port 34631
2022-10-13 11:44:12,438 [EndpointStateMachine task thread for /0.0.0.0:44657 - 0 ] INFO  volume.HddsVolume (HddsVolume.java:createDbStore(307)) - SchemaV3 db is created and loaded at /home/runner/work/ozone/ozone/hadoop-ozone/integration-test/target/test-dir/MiniOzoneClusterImpl-da935fb3-9ce5-49ab-a67c-f4b3beb884ab/datanode-5/data-0/containers/hdds/da935fb3-9ce5-49ab-a67c-f4b3beb884ab/DS-dbd0f3ca-bb7e-4b70-ac04-0339fe2ff177/container.db for volume DS-dbd0f3ca-bb7e-4b70-ac04-0339fe2ff177
2022-10-13 11:44:12,438 [EndpointStateMachine task thread for /0.0.0.0:44657 - 0 ] INFO  volume.HddsVolume (HddsVolume.java:closeDbStore(338)) - SchemaV3 db is stopped at /home/runner/work/ozone/ozone/hadoop-ozone/integration-test/target/test-dir/MiniOzoneClusterImpl-da935fb3-9ce5-49ab-a67c-f4b3beb884ab/datanode-5/data-0/containers/hdds/da935fb3-9ce5-49ab-a67c-f4b3beb884ab/DS-dbd0f3ca-bb7e-4b70-ac04-0339fe2ff177/container.db for volume DS-dbd0f3ca-bb7e-4b70-ac04-0339fe2ff177
2022-10-13 11:44:12,439 [EndpointStateMachine task thread for /0.0.0.0:44657 - 0 ] INFO  ozoneimpl.OzoneContainer (OzoneContainer.java:start(378)) - Attempting to start container services.
2022-10-13 11:44:12,439 [EndpointStateMachine task thread for /0.0.0.0:44657 - 0 ] INFO  ozoneimpl.OzoneContainer (OzoneContainer.java:startContainerScrub(313)) - Background container scanner has been disabled.
2022-10-13 11:44:12,441 [EndpointStateMachine task thread for /0.0.0.0:44657 - 0 ] INFO  replication.ReplicationServer (ReplicationServer.java:start(111)) - ReplicationServer is started using port 42491
2022-10-13 11:44:12,441 [EndpointStateMachine task thread for /0.0.0.0:44657 - 0 ] INFO  ratis.XceiverServerRatis (XceiverServerRatis.java:start(481)) - Starting XceiverServerRatis 5a2944c9-75d7-4a8d-9ead-f995138127cc
2022-10-13 11:44:12,442 [EndpointStateMachine task thread for /0.0.0.0:44657 - 0 ] INFO  server.RaftServer (RaftServerProxy.java:lambda$start$6(382)) - 5a2944c9-75d7-4a8d-9ead-f995138127cc: start RPC server
2022-10-13 11:44:12,443 [EndpointStateMachine task thread for /0.0.0.0:44657 - 0 ] INFO  server.GrpcService (GrpcService.java:startImpl(260)) - 5a2944c9-75d7-4a8d-9ead-f995138127cc: GrpcService started, listening on 42797
2022-10-13 11:44:12,444 [EndpointStateMachine task thread for /0.0.0.0:44657 - 0 ] INFO  ratis.XceiverServerRatis (XceiverServerRatis.java:getRealPort(502)) - XceiverServerRatis 5a2944c9-75d7-4a8d-9ead-f995138127cc is started using port 42797 for RATIS
2022-10-13 11:44:12,444 [org.apache.ratis.util.JvmPauseMonitor$$Lambda$684/38778801@49287999] INFO  util.JvmPauseMonitor (JvmPauseMonitor.java:run(103)) - JvmPauseMonitor-5a2944c9-75d7-4a8d-9ead-f995138127cc: Started
2022-10-13 11:44:12,444 [EndpointStateMachine task thread for /0.0.0.0:44657 - 0 ] INFO  ratis.XceiverServerRatis (XceiverServerRatis.java:getRealPort(502)) - XceiverServerRatis 5a2944c9-75d7-4a8d-9ead-f995138127cc is started using port 42797 for RATIS_ADMIN
2022-10-13 11:44:12,444 [EndpointStateMachine task thread for /0.0.0.0:44657 - 0 ] INFO  ratis.XceiverServerRatis (XceiverServerRatis.java:getRealPort(502)) - XceiverServerRatis 5a2944c9-75d7-4a8d-9ead-f995138127cc is started using port 42797 for RATIS_SERVER
2022-10-13 11:44:12,445 [EndpointStateMachine task thread for /0.0.0.0:44657 - 0 ] INFO  server.XceiverServerGrpc (XceiverServerGrpc.java:start(180)) - XceiverServerGrpc 5a2944c9-75d7-4a8d-9ead-f995138127cc is started using port 35485
2022-10-13 11:44:12,559 [IPC Server handler 4 on default port 44657] INFO  net.NetworkTopologyImpl (NetworkTopologyImpl.java:add(112)) - Added a new node: /default-rack/7bf9862a-bc69-4cc0-99fb-78386598ce26
2022-10-13 11:44:12,561 [IPC Server handler 4 on default port 44657] INFO  node.SCMNodeManager (SCMNodeManager.java:register(397)) - Registered Data node : 7bf9862a-bc69-4cc0-99fb-78386598ce26{ip: 10.1.0.200, host: fv-az91-750.1u4dveb1r3ruphbftqvtwhitpc.gx.internal.cloudapp.net, ports: [REPLICATION=40183, RATIS=43955, RATIS_ADMIN=43955, RATIS_SERVER=43955, STANDALONE=41635], networkLocation: /default-rack, certSerialId: null, persistedOpState: null, persistedOpStateExpiryEpochSec: 0}
2022-10-13 11:44:12,565 [EventQueue-NewNodeForNewNodeHandler] INFO  pipeline.BackgroundPipelineCreator (BackgroundPipelineCreator.java:notifyEventTriggered(276)) - trigger a one-shot run on RatisPipelineUtilsThread.
2022-10-13 11:44:12,572 [RatisPipelineUtilsThread - 0] INFO  pipeline.RatisPipelineProvider (RatisPipelineProvider.java:lambda$create$0(195)) - Sending CreatePipelineCommand for pipeline:PipelineID=9b21bdae-a81f-4811-8164-62d058f4aa4e to datanode:7bf9862a-bc69-4cc0-99fb-78386598ce26
2022-10-13 11:44:12,573 [EventQueue-NodeRegistrationContainerReportForDataNodeSafeModeRule] INFO  safemode.SCMSafeModeManager (DataNodeSafeModeRule.java:process(71)) - SCM in safe mode. 1 DataNodes registered, 3 required.
2022-10-13 11:44:12,574 [EventQueue-NodeRegistrationContainerReportForContainerSafeModeRule] INFO  safemode.SCMSafeModeManager (SCMSafeModeManager.java:validateSafeModeExitRules(204)) - ContainerSafeModeRule rule is successfully validated
2022-10-13 11:44:12,574 [EventQueue-PipelineReportForOneReplicaPipelineSafeModeRule] INFO  safemode.SCMSafeModeManager (SCMSafeModeManager.java:validateSafeModeExitRules(204)) - AtleastOneDatanodeReportedRule rule is successfully validated
2022-10-13 11:44:12,588 [RatisPipelineUtilsThread - 0] INFO  pipeline.PipelineStateManagerImpl (PipelineStateManagerImpl.java:addPipeline(103)) - Created pipeline Pipeline[ Id: 9b21bdae-a81f-4811-8164-62d058f4aa4e, Nodes: 7bf9862a-bc69-4cc0-99fb-78386598ce26{ip: 10.1.0.200, host: fv-az91-750.1u4dveb1r3ruphbftqvtwhitpc.gx.internal.cloudapp.net, ports: [REPLICATION=40183, RATIS=43955, RATIS_ADMIN=43955, RATIS_SERVER=43955, STANDALONE=41635], networkLocation: /default-rack, certSerialId: null, persistedOpState: IN_SERVICE, persistedOpStateExpiryEpochSec: 0}, ReplicationConfig: RATIS/ONE, State:ALLOCATED, leaderId:, CreationTimestamp2022-10-13T11:44:12.571Z[Etc/UTC]].
2022-10-13 11:44:12,713 [Listener at 127.0.0.1/33933] INFO  ozone.MiniOzoneClusterImpl (MiniOzoneClusterImpl.java:lambda$waitForClusterToBeReady$0(216)) - Waiting for nodes to be ready. Got 1 of 10 DN Heartbeats.
2022-10-13 11:44:12,713 [Listener at 127.0.0.1/33933] INFO  ozone.MiniOzoneClusterImpl (MiniOzoneClusterImpl.java:lambda$waitForClusterToBeReady$0(219)) - Waiting for cluster to exit safe mode
2022-10-13 11:44:12,713 [Listener at 127.0.0.1/33933] INFO  ozone.MiniOzoneClusterImpl (MiniOzoneClusterImpl.java:lambda$waitForClusterToBeReady$0(221)) - SCM became leader
2022-10-13 11:44:12,818 [EndpointStateMachine task thread for /0.0.0.0:44657 - 0 ] INFO  volume.HddsVolume (HddsVolume.java:createDbStore(307)) - SchemaV3 db is created and loaded at /home/runner/work/ozone/ozone/hadoop-ozone/integration-test/target/test-dir/MiniOzoneClusterImpl-da935fb3-9ce5-49ab-a67c-f4b3beb884ab/datanode-6/data-0/containers/hdds/da935fb3-9ce5-49ab-a67c-f4b3beb884ab/DS-151c53ef-9b50-4237-9c4f-469ca03aa2c2/container.db for volume DS-151c53ef-9b50-4237-9c4f-469ca03aa2c2
2022-10-13 11:44:12,819 [EndpointStateMachine task thread for /0.0.0.0:44657 - 0 ] INFO  volume.HddsVolume (HddsVolume.java:closeDbStore(338)) - SchemaV3 db is stopped at /home/runner/work/ozone/ozone/hadoop-ozone/integration-test/target/test-dir/MiniOzoneClusterImpl-da935fb3-9ce5-49ab-a67c-f4b3beb884ab/datanode-6/data-0/containers/hdds/da935fb3-9ce5-49ab-a67c-f4b3beb884ab/DS-151c53ef-9b50-4237-9c4f-469ca03aa2c2/container.db for volume DS-151c53ef-9b50-4237-9c4f-469ca03aa2c2
2022-10-13 11:44:12,820 [EndpointStateMachine task thread for /0.0.0.0:44657 - 0 ] INFO  ozoneimpl.OzoneContainer (OzoneContainer.java:start(378)) - Attempting to start container services.
2022-10-13 11:44:12,820 [EndpointStateMachine task thread for /0.0.0.0:44657 - 0 ] INFO  ozoneimpl.OzoneContainer (OzoneContainer.java:startContainerScrub(313)) - Background container scanner has been disabled.
2022-10-13 11:44:12,825 [EndpointStateMachine task thread for /0.0.0.0:44657 - 0 ] INFO  replication.ReplicationServer (ReplicationServer.java:start(111)) - ReplicationServer is started using port 33901
2022-10-13 11:44:12,825 [EndpointStateMachine task thread for /0.0.0.0:44657 - 0 ] INFO  ratis.XceiverServerRatis (XceiverServerRatis.java:start(481)) - Starting XceiverServerRatis 44dad4d2-9f73-4874-a36a-585ee387199d
2022-10-13 11:44:12,826 [EndpointStateMachine task thread for /0.0.0.0:44657 - 0 ] INFO  server.RaftServer (RaftServerProxy.java:lambda$start$6(382)) - 44dad4d2-9f73-4874-a36a-585ee387199d: start RPC server
2022-10-13 11:44:12,829 [EndpointStateMachine task thread for /0.0.0.0:44657 - 0 ] INFO  server.GrpcService (GrpcService.java:startImpl(260)) - 44dad4d2-9f73-4874-a36a-585ee387199d: GrpcService started, listening on 32897
2022-10-13 11:44:12,829 [EndpointStateMachine task thread for /0.0.0.0:44657 - 0 ] INFO  ratis.XceiverServerRatis (XceiverServerRatis.java:getRealPort(502)) - XceiverServerRatis 44dad4d2-9f73-4874-a36a-585ee387199d is started using port 32897 for RATIS
2022-10-13 11:44:12,829 [org.apache.ratis.util.JvmPauseMonitor$$Lambda$684/38778801@6e97e4a7] INFO  util.JvmPauseMonitor (JvmPauseMonitor.java:run(103)) - JvmPauseMonitor-44dad4d2-9f73-4874-a36a-585ee387199d: Started
2022-10-13 11:44:12,829 [EndpointStateMachine task thread for /0.0.0.0:44657 - 0 ] INFO  ratis.XceiverServerRatis (XceiverServerRatis.java:getRealPort(502)) - XceiverServerRatis 44dad4d2-9f73-4874-a36a-585ee387199d is started using port 32897 for RATIS_ADMIN
2022-10-13 11:44:12,829 [EndpointStateMachine task thread for /0.0.0.0:44657 - 0 ] INFO  ratis.XceiverServerRatis (XceiverServerRatis.java:getRealPort(502)) - XceiverServerRatis 44dad4d2-9f73-4874-a36a-585ee387199d is started using port 32897 for RATIS_SERVER
2022-10-13 11:44:12,830 [EndpointStateMachine task thread for /0.0.0.0:44657 - 0 ] INFO  server.XceiverServerGrpc (XceiverServerGrpc.java:start(180)) - XceiverServerGrpc 44dad4d2-9f73-4874-a36a-585ee387199d is started using port 44105
2022-10-13 11:44:13,045 [IPC Server handler 0 on default port 44657] INFO  net.NetworkTopologyImpl (NetworkTopologyImpl.java:add(112)) - Added a new node: /default-rack/5a62ffe2-9c96-4fd5-b7f5-bdbfc1f4ab24
2022-10-13 11:44:13,045 [IPC Server handler 0 on default port 44657] INFO  node.SCMNodeManager (SCMNodeManager.java:register(397)) - Registered Data node : 5a62ffe2-9c96-4fd5-b7f5-bdbfc1f4ab24{ip: 10.1.0.200, host: fv-az91-750.1u4dveb1r3ruphbftqvtwhitpc.gx.internal.cloudapp.net, ports: [REPLICATION=44935, RATIS=37863, RATIS_ADMIN=37863, RATIS_SERVER=37863, STANDALONE=43611], networkLocation: /default-rack, certSerialId: null, persistedOpState: null, persistedOpStateExpiryEpochSec: 0}
2022-10-13 11:44:13,046 [EventQueue-NewNodeForNewNodeHandler] INFO  pipeline.BackgroundPipelineCreator (BackgroundPipelineCreator.java:notifyEventTriggered(276)) - trigger a one-shot run on RatisPipelineUtilsThread.
2022-10-13 11:44:13,046 [EventQueue-NodeRegistrationContainerReportForDataNodeSafeModeRule] INFO  safemode.SCMSafeModeManager (DataNodeSafeModeRule.java:process(71)) - SCM in safe mode. 2 DataNodes registered, 3 required.
2022-10-13 11:44:13,047 [RatisPipelineUtilsThread - 0] INFO  pipeline.RatisPipelineProvider (RatisPipelineProvider.java:lambda$create$0(195)) - Sending CreatePipelineCommand for pipeline:PipelineID=59eb9f05-6f25-4e47-9243-eb990d781ef8 to datanode:5a62ffe2-9c96-4fd5-b7f5-bdbfc1f4ab24
2022-10-13 11:44:13,048 [RatisPipelineUtilsThread - 0] INFO  pipeline.PipelineStateManagerImpl (PipelineStateManagerImpl.java:addPipeline(103)) - Created pipeline Pipeline[ Id: 59eb9f05-6f25-4e47-9243-eb990d781ef8, Nodes: 5a62ffe2-9c96-4fd5-b7f5-bdbfc1f4ab24{ip: 10.1.0.200, host: fv-az91-750.1u4dveb1r3ruphbftqvtwhitpc.gx.internal.cloudapp.net, ports: [REPLICATION=44935, RATIS=37863, RATIS_ADMIN=37863, RATIS_SERVER=37863, STANDALONE=43611], networkLocation: /default-rack, certSerialId: null, persistedOpState: IN_SERVICE, persistedOpStateExpiryEpochSec: 0}, ReplicationConfig: RATIS/ONE, State:ALLOCATED, leaderId:, CreationTimestamp2022-10-13T11:44:13.047Z[Etc/UTC]].
2022-10-13 11:44:13,109 [EndpointStateMachine task thread for /0.0.0.0:44657 - 0 ] INFO  volume.HddsVolume (HddsVolume.java:createDbStore(307)) - SchemaV3 db is created and loaded at /home/runner/work/ozone/ozone/hadoop-ozone/integration-test/target/test-dir/MiniOzoneClusterImpl-da935fb3-9ce5-49ab-a67c-f4b3beb884ab/datanode-7/data-0/containers/hdds/da935fb3-9ce5-49ab-a67c-f4b3beb884ab/DS-b1293241-55af-4eac-bbb4-bd7e0b2d46fa/container.db for volume DS-b1293241-55af-4eac-bbb4-bd7e0b2d46fa
2022-10-13 11:44:13,110 [EndpointStateMachine task thread for /0.0.0.0:44657 - 0 ] INFO  volume.HddsVolume (HddsVolume.java:closeDbStore(338)) - SchemaV3 db is stopped at /home/runner/work/ozone/ozone/hadoop-ozone/integration-test/target/test-dir/MiniOzoneClusterImpl-da935fb3-9ce5-49ab-a67c-f4b3beb884ab/datanode-7/data-0/containers/hdds/da935fb3-9ce5-49ab-a67c-f4b3beb884ab/DS-b1293241-55af-4eac-bbb4-bd7e0b2d46fa/container.db for volume DS-b1293241-55af-4eac-bbb4-bd7e0b2d46fa
2022-10-13 11:44:13,110 [EndpointStateMachine task thread for /0.0.0.0:44657 - 0 ] INFO  ozoneimpl.OzoneContainer (OzoneContainer.java:start(378)) - Attempting to start container services.
2022-10-13 11:44:13,110 [EndpointStateMachine task thread for /0.0.0.0:44657 - 0 ] INFO  ozoneimpl.OzoneContainer (OzoneContainer.java:startContainerScrub(313)) - Background container scanner has been disabled.
2022-10-13 11:44:13,114 [EndpointStateMachine task thread for /0.0.0.0:44657 - 0 ] INFO  replication.ReplicationServer (ReplicationServer.java:start(111)) - ReplicationServer is started using port 32909
2022-10-13 11:44:13,115 [EndpointStateMachine task thread for /0.0.0.0:44657 - 0 ] INFO  ratis.XceiverServerRatis (XceiverServerRatis.java:start(481)) - Starting XceiverServerRatis 8f71354a-19e6-4be6-b89a-dd2f0292058a
2022-10-13 11:44:13,117 [EndpointStateMachine task thread for /0.0.0.0:44657 - 0 ] INFO  server.RaftServer (RaftServerProxy.java:lambda$start$6(382)) - 8f71354a-19e6-4be6-b89a-dd2f0292058a: start RPC server
2022-10-13 11:44:13,122 [EndpointStateMachine task thread for /0.0.0.0:44657 - 0 ] INFO  server.GrpcService (GrpcService.java:startImpl(260)) - 8f71354a-19e6-4be6-b89a-dd2f0292058a: GrpcService started, listening on 41203
2022-10-13 11:44:13,122 [EndpointStateMachine task thread for /0.0.0.0:44657 - 0 ] INFO  ratis.XceiverServerRatis (XceiverServerRatis.java:getRealPort(502)) - XceiverServerRatis 8f71354a-19e6-4be6-b89a-dd2f0292058a is started using port 41203 for RATIS
2022-10-13 11:44:13,122 [EndpointStateMachine task thread for /0.0.0.0:44657 - 0 ] INFO  ratis.XceiverServerRatis (XceiverServerRatis.java:getRealPort(502)) - XceiverServerRatis 8f71354a-19e6-4be6-b89a-dd2f0292058a is started using port 41203 for RATIS_ADMIN
2022-10-13 11:44:13,122 [org.apache.ratis.util.JvmPauseMonitor$$Lambda$684/38778801@7533cd1b] INFO  util.JvmPauseMonitor (JvmPauseMonitor.java:run(103)) - JvmPauseMonitor-8f71354a-19e6-4be6-b89a-dd2f0292058a: Started
2022-10-13 11:44:13,122 [EndpointStateMachine task thread for /0.0.0.0:44657 - 0 ] INFO  ratis.XceiverServerRatis (XceiverServerRatis.java:getRealPort(502)) - XceiverServerRatis 8f71354a-19e6-4be6-b89a-dd2f0292058a is started using port 41203 for RATIS_SERVER
2022-10-13 11:44:13,126 [EndpointStateMachine task thread for /0.0.0.0:44657 - 0 ] INFO  server.XceiverServerGrpc (XceiverServerGrpc.java:start(180)) - XceiverServerGrpc 8f71354a-19e6-4be6-b89a-dd2f0292058a is started using port 43317
2022-10-13 11:44:13,433 [IPC Server handler 3 on default port 44657] INFO  net.NetworkTopologyImpl (NetworkTopologyImpl.java:add(112)) - Added a new node: /default-rack/458f4e14-7f73-425f-a1e6-d20318ddd1ae
2022-10-13 11:44:13,433 [IPC Server handler 3 on default port 44657] INFO  node.SCMNodeManager (SCMNodeManager.java:register(397)) - Registered Data node : 458f4e14-7f73-425f-a1e6-d20318ddd1ae{ip: 10.1.0.200, host: fv-az91-750.1u4dveb1r3ruphbftqvtwhitpc.gx.internal.cloudapp.net, ports: [REPLICATION=39531, RATIS=33873, RATIS_ADMIN=33873, RATIS_SERVER=33873, STANDALONE=36513], networkLocation: /default-rack, certSerialId: null, persistedOpState: null, persistedOpStateExpiryEpochSec: 0}
2022-10-13 11:44:13,433 [EventQueue-NewNodeForNewNodeHandler] INFO  pipeline.BackgroundPipelineCreator (BackgroundPipelineCreator.java:notifyEventTriggered(276)) - trigger a one-shot run on RatisPipelineUtilsThread.
2022-10-13 11:44:13,434 [EventQueue-NodeRegistrationContainerReportForDataNodeSafeModeRule] INFO  safemode.SCMSafeModeManager (DataNodeSafeModeRule.java:process(71)) - SCM in safe mode. 3 DataNodes registered, 3 required.
2022-10-13 11:44:13,434 [EventQueue-NodeRegistrationContainerReportForDataNodeSafeModeRule] INFO  safemode.SCMSafeModeManager (SCMSafeModeManager.java:validateSafeModeExitRules(204)) - DataNodeSafeModeRule rule is successfully validated
2022-10-13 11:44:13,434 [EventQueue-NodeRegistrationContainerReportForDataNodeSafeModeRule] INFO  safemode.SCMSafeModeManager (SCMSafeModeManager.java:completePreCheck(233)) - All SCM safe mode pre check rules have passed
2022-10-13 11:44:13,434 [EventQueue-NodeRegistrationContainerReportForDataNodeSafeModeRule] WARN  events.EventQueue (EventQueue.java:fireEvent(216)) - No event handler registered for event TypedEvent{payloadType=SafeModeStatus, name='Safe mode status'}
2022-10-13 11:44:13,434 [EventQueue-NodeRegistrationContainerReportForDataNodeSafeModeRule] INFO  ha.SCMContext (SCMContext.java:updateSafeModeStatus(228)) - Update SafeModeStatus from SafeModeStatus{safeModeStatus=true, preCheckPassed=false} to SafeModeStatus{safeModeStatus=true, preCheckPassed=true}.
2022-10-13 11:44:13,434 [EventQueue-NodeRegistrationContainerReportForDataNodeSafeModeRule] INFO  pipeline.BackgroundPipelineCreator (BackgroundPipelineCreator.java:notifyEventTriggered(276)) - trigger a one-shot run on RatisPipelineUtilsThread.
2022-10-13 11:44:13,434 [RatisPipelineUtilsThread - 0] INFO  pipeline.RatisPipelineProvider (RatisPipelineProvider.java:lambda$create$0(195)) - Sending CreatePipelineCommand for pipeline:PipelineID=7f43bc83-6d50-4e18-aa44-de162c72cfa8 to datanode:458f4e14-7f73-425f-a1e6-d20318ddd1ae
2022-10-13 11:44:13,435 [RatisPipelineUtilsThread - 0] INFO  pipeline.PipelineStateManagerImpl (PipelineStateManagerImpl.java:addPipeline(103)) - Created pipeline Pipeline[ Id: 7f43bc83-6d50-4e18-aa44-de162c72cfa8, Nodes: 458f4e14-7f73-425f-a1e6-d20318ddd1ae{ip: 10.1.0.200, host: fv-az91-750.1u4dveb1r3ruphbftqvtwhitpc.gx.internal.cloudapp.net, ports: [REPLICATION=39531, RATIS=33873, RATIS_ADMIN=33873, RATIS_SERVER=33873, STANDALONE=36513], networkLocation: /default-rack, certSerialId: null, persistedOpState: IN_SERVICE, persistedOpStateExpiryEpochSec: 0}, ReplicationConfig: RATIS/ONE, State:ALLOCATED, leaderId:, CreationTimestamp2022-10-13T11:44:13.434Z[Etc/UTC]].
2022-10-13 11:44:13,440 [RatisPipelineUtilsThread - 0] INFO  pipeline.RatisPipelineProvider (RatisPipelineProvider.java:lambda$create$0(195)) - Sending CreatePipelineCommand for pipeline:PipelineID=39f242bf-157f-4c7d-8f01-4cfc337056ee to datanode:5a62ffe2-9c96-4fd5-b7f5-bdbfc1f4ab24
2022-10-13 11:44:13,440 [RatisPipelineUtilsThread - 0] INFO  pipeline.RatisPipelineProvider (RatisPipelineProvider.java:lambda$create$0(195)) - Sending CreatePipelineCommand for pipeline:PipelineID=39f242bf-157f-4c7d-8f01-4cfc337056ee to datanode:458f4e14-7f73-425f-a1e6-d20318ddd1ae
2022-10-13 11:44:13,440 [RatisPipelineUtilsThread - 0] INFO  pipeline.RatisPipelineProvider (RatisPipelineProvider.java:lambda$create$0(195)) - Sending CreatePipelineCommand for pipeline:PipelineID=39f242bf-157f-4c7d-8f01-4cfc337056ee to datanode:7bf9862a-bc69-4cc0-99fb-78386598ce26
2022-10-13 11:44:13,441 [RatisPipelineUtilsThread - 0] INFO  pipeline.PipelineStateManagerImpl (PipelineStateManagerImpl.java:addPipeline(103)) - Created pipeline Pipeline[ Id: 39f242bf-157f-4c7d-8f01-4cfc337056ee, Nodes: 5a62ffe2-9c96-4fd5-b7f5-bdbfc1f4ab24{ip: 10.1.0.200, host: fv-az91-750.1u4dveb1r3ruphbftqvtwhitpc.gx.internal.cloudapp.net, ports: [REPLICATION=44935, RATIS=37863, RATIS_ADMIN=37863, RATIS_SERVER=37863, STANDALONE=43611], networkLocation: /default-rack, certSerialId: null, persistedOpState: IN_SERVICE, persistedOpStateExpiryEpochSec: 0}458f4e14-7f73-425f-a1e6-d20318ddd1ae{ip: 10.1.0.200, host: fv-az91-750.1u4dveb1r3ruphbftqvtwhitpc.gx.internal.cloudapp.net, ports: [REPLICATION=39531, RATIS=33873, RATIS_ADMIN=33873, RATIS_SERVER=33873, STANDALONE=36513], networkLocation: /default-rack, certSerialId: null, persistedOpState: IN_SERVICE, persistedOpStateExpiryEpochSec: 0}7bf9862a-bc69-4cc0-99fb-78386598ce26{ip: 10.1.0.200, host: fv-az91-750.1u4dveb1r3ruphbftqvtwhitpc.gx.internal.cloudapp.net, ports: [REPLICATION=40183, RATIS=43955, RATIS_ADMIN=43955, RATIS_SERVER=43955, STANDALONE=41635], networkLocation: /default-rack, certSerialId: null, persistedOpState: IN_SERVICE, persistedOpStateExpiryEpochSec: 0}, ReplicationConfig: RATIS/THREE, State:ALLOCATED, leaderId:, CreationTimestamp2022-10-13T11:44:13.440Z[Etc/UTC]].
2022-10-13 11:44:13,442 [RatisPipelineUtilsThread - 0] INFO  pipeline.RatisPipelineProvider (RatisPipelineProvider.java:lambda$create$0(195)) - Sending CreatePipelineCommand for pipeline:PipelineID=cb0b0140-87f3-4bee-899a-328af021be98 to datanode:5a62ffe2-9c96-4fd5-b7f5-bdbfc1f4ab24
2022-10-13 11:44:13,442 [RatisPipelineUtilsThread - 0] INFO  pipeline.RatisPipelineProvider (RatisPipelineProvider.java:lambda$create$0(195)) - Sending CreatePipelineCommand for pipeline:PipelineID=cb0b0140-87f3-4bee-899a-328af021be98 to datanode:7bf9862a-bc69-4cc0-99fb-78386598ce26
2022-10-13 11:44:13,442 [RatisPipelineUtilsThread - 0] INFO  pipeline.RatisPipelineProvider (RatisPipelineProvider.java:lambda$create$0(195)) - Sending CreatePipelineCommand for pipeline:PipelineID=cb0b0140-87f3-4bee-899a-328af021be98 to datanode:458f4e14-7f73-425f-a1e6-d20318ddd1ae
2022-10-13 11:44:13,443 [RatisPipelineUtilsThread - 0] INFO  pipeline.PipelineStateManagerImpl (PipelineStateManagerImpl.java:addPipeline(103)) - Created pipeline Pipeline[ Id: cb0b0140-87f3-4bee-899a-328af021be98, Nodes: 5a62ffe2-9c96-4fd5-b7f5-bdbfc1f4ab24{ip: 10.1.0.200, host: fv-az91-750.1u4dveb1r3ruphbftqvtwhitpc.gx.internal.cloudapp.net, ports: [REPLICATION=44935, RATIS=37863, RATIS_ADMIN=37863, RATIS_SERVER=37863, STANDALONE=43611], networkLocation: /default-rack, certSerialId: null, persistedOpState: IN_SERVICE, persistedOpStateExpiryEpochSec: 0}7bf9862a-bc69-4cc0-99fb-78386598ce26{ip: 10.1.0.200, host: fv-az91-750.1u4dveb1r3ruphbftqvtwhitpc.gx.internal.cloudapp.net, ports: [REPLICATION=40183, RATIS=43955, RATIS_ADMIN=43955, RATIS_SERVER=43955, STANDALONE=41635], networkLocation: /default-rack, certSerialId: null, persistedOpState: IN_SERVICE, persistedOpStateExpiryEpochSec: 0}458f4e14-7f73-425f-a1e6-d20318ddd1ae{ip: 10.1.0.200, host: fv-az91-750.1u4dveb1r3ruphbftqvtwhitpc.gx.internal.cloudapp.net, ports: [REPLICATION=39531, RATIS=33873, RATIS_ADMIN=33873, RATIS_SERVER=33873, STANDALONE=36513], networkLocation: /default-rack, certSerialId: null, persistedOpState: IN_SERVICE, persistedOpStateExpiryEpochSec: 0}, ReplicationConfig: RATIS/THREE, State:ALLOCATED, leaderId:, CreationTimestamp2022-10-13T11:44:13.442Z[Etc/UTC]].
2022-10-13 11:44:13,443 [RatisPipelineUtilsThread - 0] INFO  pipeline.PipelineManagerImpl (PipelineManagerImpl.java:recordMetricsForPipeline(796)) - Pipeline: PipelineID=cb0b0140-87f3-4bee-899a-328af021be98 contains same datanodes as previous pipelines: PipelineID=39f242bf-157f-4c7d-8f01-4cfc337056ee nodeIds: 5a62ffe2-9c96-4fd5-b7f5-bdbfc1f4ab24, 7bf9862a-bc69-4cc0-99fb-78386598ce26, 458f4e14-7f73-425f-a1e6-d20318ddd1ae
2022-10-13 11:44:13,448 [EndpointStateMachine task thread for /0.0.0.0:44657 - 0 ] INFO  volume.HddsVolume (HddsVolume.java:createDbStore(307)) - SchemaV3 db is created and loaded at /home/runner/work/ozone/ozone/hadoop-ozone/integration-test/target/test-dir/MiniOzoneClusterImpl-da935fb3-9ce5-49ab-a67c-f4b3beb884ab/datanode-8/data-0/containers/hdds/da935fb3-9ce5-49ab-a67c-f4b3beb884ab/DS-d972d320-7d67-4eb1-adce-875ef57985ce/container.db for volume DS-d972d320-7d67-4eb1-adce-875ef57985ce
2022-10-13 11:44:13,450 [EndpointStateMachine task thread for /0.0.0.0:44657 - 0 ] INFO  volume.HddsVolume (HddsVolume.java:closeDbStore(338)) - SchemaV3 db is stopped at /home/runner/work/ozone/ozone/hadoop-ozone/integration-test/target/test-dir/MiniOzoneClusterImpl-da935fb3-9ce5-49ab-a67c-f4b3beb884ab/datanode-8/data-0/containers/hdds/da935fb3-9ce5-49ab-a67c-f4b3beb884ab/DS-d972d320-7d67-4eb1-adce-875ef57985ce/container.db for volume DS-d972d320-7d67-4eb1-adce-875ef57985ce
2022-10-13 11:44:13,450 [EndpointStateMachine task thread for /0.0.0.0:44657 - 0 ] INFO  ozoneimpl.OzoneContainer (OzoneContainer.java:start(378)) - Attempting to start container services.
2022-10-13 11:44:13,450 [EndpointStateMachine task thread for /0.0.0.0:44657 - 0 ] INFO  ozoneimpl.OzoneContainer (OzoneContainer.java:startContainerScrub(313)) - Background container scanner has been disabled.
2022-10-13 11:44:13,451 [EndpointStateMachine task thread for /0.0.0.0:44657 - 0 ] INFO  replication.ReplicationServer (ReplicationServer.java:start(111)) - ReplicationServer is started using port 35257
2022-10-13 11:44:13,452 [EndpointStateMachine task thread for /0.0.0.0:44657 - 0 ] INFO  ratis.XceiverServerRatis (XceiverServerRatis.java:start(481)) - Starting XceiverServerRatis febd5d2c-72de-44b7-b010-e5e9acc30848
2022-10-13 11:44:13,458 [EndpointStateMachine task thread for /0.0.0.0:44657 - 0 ] INFO  server.RaftServer (RaftServerProxy.java:lambda$start$6(382)) - febd5d2c-72de-44b7-b010-e5e9acc30848: start RPC server
2022-10-13 11:44:13,459 [EndpointStateMachine task thread for /0.0.0.0:44657 - 0 ] INFO  server.GrpcService (GrpcService.java:startImpl(260)) - febd5d2c-72de-44b7-b010-e5e9acc30848: GrpcService started, listening on 36903
2022-10-13 11:44:13,459 [EndpointStateMachine task thread for /0.0.0.0:44657 - 0 ] INFO  ratis.XceiverServerRatis (XceiverServerRatis.java:getRealPort(502)) - XceiverServerRatis febd5d2c-72de-44b7-b010-e5e9acc30848 is started using port 36903 for RATIS
2022-10-13 11:44:13,459 [EndpointStateMachine task thread for /0.0.0.0:44657 - 0 ] INFO  ratis.XceiverServerRatis (XceiverServerRatis.java:getRealPort(502)) - XceiverServerRatis febd5d2c-72de-44b7-b010-e5e9acc30848 is started using port 36903 for RATIS_ADMIN
2022-10-13 11:44:13,459 [EndpointStateMachine task thread for /0.0.0.0:44657 - 0 ] INFO  ratis.XceiverServerRatis (XceiverServerRatis.java:getRealPort(502)) - XceiverServerRatis febd5d2c-72de-44b7-b010-e5e9acc30848 is started using port 36903 for RATIS_SERVER
2022-10-13 11:44:13,460 [org.apache.ratis.util.JvmPauseMonitor$$Lambda$684/38778801@4c3feea0] INFO  util.JvmPauseMonitor (JvmPauseMonitor.java:run(103)) - JvmPauseMonitor-febd5d2c-72de-44b7-b010-e5e9acc30848: Started
2022-10-13 11:44:13,461 [EndpointStateMachine task thread for /0.0.0.0:44657 - 0 ] INFO  server.XceiverServerGrpc (XceiverServerGrpc.java:start(180)) - XceiverServerGrpc febd5d2c-72de-44b7-b010-e5e9acc30848 is started using port 39839
2022-10-13 11:44:13,714 [Listener at 127.0.0.1/33933] INFO  ozone.MiniOzoneClusterImpl (MiniOzoneClusterImpl.java:lambda$waitForClusterToBeReady$0(216)) - Waiting for nodes to be ready. Got 3 of 10 DN Heartbeats.
2022-10-13 11:44:13,714 [Listener at 127.0.0.1/33933] INFO  ozone.MiniOzoneClusterImpl (MiniOzoneClusterImpl.java:lambda$waitForClusterToBeReady$0(219)) - Waiting for cluster to exit safe mode
2022-10-13 11:44:13,714 [Listener at 127.0.0.1/33933] INFO  ozone.MiniOzoneClusterImpl (MiniOzoneClusterImpl.java:lambda$waitForClusterToBeReady$0(221)) - SCM became leader
2022-10-13 11:44:13,742 [EndpointStateMachine task thread for /0.0.0.0:44657 - 0 ] INFO  volume.HddsVolume (HddsVolume.java:createDbStore(307)) - SchemaV3 db is created and loaded at /home/runner/work/ozone/ozone/hadoop-ozone/integration-test/target/test-dir/MiniOzoneClusterImpl-da935fb3-9ce5-49ab-a67c-f4b3beb884ab/datanode-9/data-0/containers/hdds/da935fb3-9ce5-49ab-a67c-f4b3beb884ab/DS-fe31dca5-efcb-49b6-9aeb-3b17e3c9a637/container.db for volume DS-fe31dca5-efcb-49b6-9aeb-3b17e3c9a637
2022-10-13 11:44:13,743 [EndpointStateMachine task thread for /0.0.0.0:44657 - 0 ] INFO  volume.HddsVolume (HddsVolume.java:closeDbStore(338)) - SchemaV3 db is stopped at /home/runner/work/ozone/ozone/hadoop-ozone/integration-test/target/test-dir/MiniOzoneClusterImpl-da935fb3-9ce5-49ab-a67c-f4b3beb884ab/datanode-9/data-0/containers/hdds/da935fb3-9ce5-49ab-a67c-f4b3beb884ab/DS-fe31dca5-efcb-49b6-9aeb-3b17e3c9a637/container.db for volume DS-fe31dca5-efcb-49b6-9aeb-3b17e3c9a637
2022-10-13 11:44:13,743 [EndpointStateMachine task thread for /0.0.0.0:44657 - 0 ] INFO  ozoneimpl.OzoneContainer (OzoneContainer.java:start(378)) - Attempting to start container services.
2022-10-13 11:44:13,743 [EndpointStateMachine task thread for /0.0.0.0:44657 - 0 ] INFO  ozoneimpl.OzoneContainer (OzoneContainer.java:startContainerScrub(313)) - Background container scanner has been disabled.
2022-10-13 11:44:13,744 [EndpointStateMachine task thread for /0.0.0.0:44657 - 0 ] INFO  replication.ReplicationServer (ReplicationServer.java:start(111)) - ReplicationServer is started using port 43711
2022-10-13 11:44:13,745 [EndpointStateMachine task thread for /0.0.0.0:44657 - 0 ] INFO  ratis.XceiverServerRatis (XceiverServerRatis.java:start(481)) - Starting XceiverServerRatis 25446469-ee3e-40e0-a5a9-d9a79eb44528
2022-10-13 11:44:13,745 [EndpointStateMachine task thread for /0.0.0.0:44657 - 0 ] INFO  server.RaftServer (RaftServerProxy.java:lambda$start$6(382)) - 25446469-ee3e-40e0-a5a9-d9a79eb44528: start RPC server
2022-10-13 11:44:13,746 [EndpointStateMachine task thread for /0.0.0.0:44657 - 0 ] INFO  server.GrpcService (GrpcService.java:startImpl(260)) - 25446469-ee3e-40e0-a5a9-d9a79eb44528: GrpcService started, listening on 44607
2022-10-13 11:44:13,746 [EndpointStateMachine task thread for /0.0.0.0:44657 - 0 ] INFO  ratis.XceiverServerRatis (XceiverServerRatis.java:getRealPort(502)) - XceiverServerRatis 25446469-ee3e-40e0-a5a9-d9a79eb44528 is started using port 44607 for RATIS
2022-10-13 11:44:13,746 [EndpointStateMachine task thread for /0.0.0.0:44657 - 0 ] INFO  ratis.XceiverServerRatis (XceiverServerRatis.java:getRealPort(502)) - XceiverServerRatis 25446469-ee3e-40e0-a5a9-d9a79eb44528 is started using port 44607 for RATIS_ADMIN
2022-10-13 11:44:13,746 [EndpointStateMachine task thread for /0.0.0.0:44657 - 0 ] INFO  ratis.XceiverServerRatis (XceiverServerRatis.java:getRealPort(502)) - XceiverServerRatis 25446469-ee3e-40e0-a5a9-d9a79eb44528 is started using port 44607 for RATIS_SERVER
2022-10-13 11:44:13,747 [org.apache.ratis.util.JvmPauseMonitor$$Lambda$684/38778801@4379c999] INFO  util.JvmPauseMonitor (JvmPauseMonitor.java:run(103)) - JvmPauseMonitor-25446469-ee3e-40e0-a5a9-d9a79eb44528: Started
2022-10-13 11:44:13,751 [EndpointStateMachine task thread for /0.0.0.0:44657 - 0 ] INFO  server.XceiverServerGrpc (XceiverServerGrpc.java:start(180)) - XceiverServerGrpc 25446469-ee3e-40e0-a5a9-d9a79eb44528 is started using port 35295
2022-10-13 11:44:13,775 [IPC Server handler 6 on default port 44657] INFO  net.NetworkTopologyImpl (NetworkTopologyImpl.java:add(112)) - Added a new node: /default-rack/1c12248a-391b-407f-adc5-34f451ebab0a
2022-10-13 11:44:13,775 [IPC Server handler 6 on default port 44657] INFO  node.SCMNodeManager (SCMNodeManager.java:register(397)) - Registered Data node : 1c12248a-391b-407f-adc5-34f451ebab0a{ip: 10.1.0.200, host: fv-az91-750.1u4dveb1r3ruphbftqvtwhitpc.gx.internal.cloudapp.net, ports: [REPLICATION=34569, RATIS=39277, RATIS_ADMIN=39277, RATIS_SERVER=39277, STANDALONE=37067], networkLocation: /default-rack, certSerialId: null, persistedOpState: null, persistedOpStateExpiryEpochSec: 0}
2022-10-13 11:44:13,775 [EventQueue-NewNodeForNewNodeHandler] INFO  pipeline.BackgroundPipelineCreator (BackgroundPipelineCreator.java:notifyEventTriggered(276)) - trigger a one-shot run on RatisPipelineUtilsThread.
2022-10-13 11:44:13,776 [RatisPipelineUtilsThread - 0] INFO  pipeline.RatisPipelineProvider (RatisPipelineProvider.java:lambda$create$0(195)) - Sending CreatePipelineCommand for pipeline:PipelineID=6721d611-dddc-424e-813a-b894f0b42be3 to datanode:1c12248a-391b-407f-adc5-34f451ebab0a
2022-10-13 11:44:13,776 [RatisPipelineUtilsThread - 0] INFO  pipeline.PipelineStateManagerImpl (PipelineStateManagerImpl.java:addPipeline(103)) - Created pipeline Pipeline[ Id: 6721d611-dddc-424e-813a-b894f0b42be3, Nodes: 1c12248a-391b-407f-adc5-34f451ebab0a{ip: 10.1.0.200, host: fv-az91-750.1u4dveb1r3ruphbftqvtwhitpc.gx.internal.cloudapp.net, ports: [REPLICATION=34569, RATIS=39277, RATIS_ADMIN=39277, RATIS_SERVER=39277, STANDALONE=37067], networkLocation: /default-rack, certSerialId: null, persistedOpState: IN_SERVICE, persistedOpStateExpiryEpochSec: 0}, ReplicationConfig: RATIS/ONE, State:ALLOCATED, leaderId:, CreationTimestamp2022-10-13T11:44:13.776Z[Etc/UTC]].
2022-10-13 11:44:14,061 [IPC Server handler 2 on default port 44657] INFO  net.NetworkTopologyImpl (NetworkTopologyImpl.java:add(112)) - Added a new node: /default-rack/cc783127-5661-4bf3-9a81-5237862e92f6
2022-10-13 11:44:14,061 [IPC Server handler 2 on default port 44657] INFO  node.SCMNodeManager (SCMNodeManager.java:register(397)) - Registered Data node : cc783127-5661-4bf3-9a81-5237862e92f6{ip: 10.1.0.200, host: fv-az91-750.1u4dveb1r3ruphbftqvtwhitpc.gx.internal.cloudapp.net, ports: [REPLICATION=36473, RATIS=38555, RATIS_ADMIN=38555, RATIS_SERVER=38555, STANDALONE=34631], networkLocation: /default-rack, certSerialId: null, persistedOpState: null, persistedOpStateExpiryEpochSec: 0}
2022-10-13 11:44:14,062 [EventQueue-NewNodeForNewNodeHandler] INFO  pipeline.BackgroundPipelineCreator (BackgroundPipelineCreator.java:notifyEventTriggered(276)) - trigger a one-shot run on RatisPipelineUtilsThread.
2022-10-13 11:44:14,063 [RatisPipelineUtilsThread - 0] INFO  pipeline.RatisPipelineProvider (RatisPipelineProvider.java:lambda$create$0(195)) - Sending CreatePipelineCommand for pipeline:PipelineID=d1d8237e-d715-45a6-a945-669f9dcba326 to datanode:cc783127-5661-4bf3-9a81-5237862e92f6
2022-10-13 11:44:14,063 [RatisPipelineUtilsThread - 0] INFO  pipeline.PipelineStateManagerImpl (PipelineStateManagerImpl.java:addPipeline(103)) - Created pipeline Pipeline[ Id: d1d8237e-d715-45a6-a945-669f9dcba326, Nodes: cc783127-5661-4bf3-9a81-5237862e92f6{ip: 10.1.0.200, host: fv-az91-750.1u4dveb1r3ruphbftqvtwhitpc.gx.internal.cloudapp.net, ports: [REPLICATION=36473, RATIS=38555, RATIS_ADMIN=38555, RATIS_SERVER=38555, STANDALONE=34631], networkLocation: /default-rack, certSerialId: null, persistedOpState: IN_SERVICE, persistedOpStateExpiryEpochSec: 0}, ReplicationConfig: RATIS/ONE, State:ALLOCATED, leaderId:, CreationTimestamp2022-10-13T11:44:14.063Z[Etc/UTC]].
2022-10-13 11:44:14,405 [IPC Server handler 4 on default port 44657] INFO  net.NetworkTopologyImpl (NetworkTopologyImpl.java:add(112)) - Added a new node: /default-rack/5a2944c9-75d7-4a8d-9ead-f995138127cc
2022-10-13 11:44:14,405 [IPC Server handler 4 on default port 44657] INFO  node.SCMNodeManager (SCMNodeManager.java:register(397)) - Registered Data node : 5a2944c9-75d7-4a8d-9ead-f995138127cc{ip: 10.1.0.200, host: fv-az91-750.1u4dveb1r3ruphbftqvtwhitpc.gx.internal.cloudapp.net, ports: [REPLICATION=42491, RATIS=42797, RATIS_ADMIN=42797, RATIS_SERVER=42797, STANDALONE=35485], networkLocation: /default-rack, certSerialId: null, persistedOpState: null, persistedOpStateExpiryEpochSec: 0}
2022-10-13 11:44:14,406 [EventQueue-NewNodeForNewNodeHandler] INFO  pipeline.BackgroundPipelineCreator (BackgroundPipelineCreator.java:notifyEventTriggered(276)) - trigger a one-shot run on RatisPipelineUtilsThread.
2022-10-13 11:44:14,407 [RatisPipelineUtilsThread - 0] INFO  pipeline.RatisPipelineProvider (RatisPipelineProvider.java:lambda$create$0(195)) - Sending CreatePipelineCommand for pipeline:PipelineID=895d3a3a-1c1e-40e7-9964-9bf3dd30fdd3 to datanode:5a2944c9-75d7-4a8d-9ead-f995138127cc
2022-10-13 11:44:14,408 [RatisPipelineUtilsThread - 0] INFO  pipeline.PipelineStateManagerImpl (PipelineStateManagerImpl.java:addPipeline(103)) - Created pipeline Pipeline[ Id: 895d3a3a-1c1e-40e7-9964-9bf3dd30fdd3, Nodes: 5a2944c9-75d7-4a8d-9ead-f995138127cc{ip: 10.1.0.200, host: fv-az91-750.1u4dveb1r3ruphbftqvtwhitpc.gx.internal.cloudapp.net, ports: [REPLICATION=42491, RATIS=42797, RATIS_ADMIN=42797, RATIS_SERVER=42797, STANDALONE=35485], networkLocation: /default-rack, certSerialId: null, persistedOpState: IN_SERVICE, persistedOpStateExpiryEpochSec: 0}, ReplicationConfig: RATIS/ONE, State:ALLOCATED, leaderId:, CreationTimestamp2022-10-13T11:44:14.407Z[Etc/UTC]].
2022-10-13 11:44:14,408 [RatisPipelineUtilsThread - 0] INFO  pipeline.RatisPipelineProvider (RatisPipelineProvider.java:lambda$create$0(195)) - Sending CreatePipelineCommand for pipeline:PipelineID=3f90a376-4dd2-4384-a1b5-3825eedb64ad to datanode:1c12248a-391b-407f-adc5-34f451ebab0a
2022-10-13 11:44:14,409 [RatisPipelineUtilsThread - 0] INFO  pipeline.RatisPipelineProvider (RatisPipelineProvider.java:lambda$create$0(195)) - Sending CreatePipelineCommand for pipeline:PipelineID=3f90a376-4dd2-4384-a1b5-3825eedb64ad to datanode:cc783127-5661-4bf3-9a81-5237862e92f6
2022-10-13 11:44:14,409 [RatisPipelineUtilsThread - 0] INFO  pipeline.RatisPipelineProvider (RatisPipelineProvider.java:lambda$create$0(195)) - Sending CreatePipelineCommand for pipeline:PipelineID=3f90a376-4dd2-4384-a1b5-3825eedb64ad to datanode:5a2944c9-75d7-4a8d-9ead-f995138127cc
2022-10-13 11:44:14,409 [RatisPipelineUtilsThread - 0] INFO  pipeline.PipelineStateManagerImpl (PipelineStateManagerImpl.java:addPipeline(103)) - Created pipeline Pipeline[ Id: 3f90a376-4dd2-4384-a1b5-3825eedb64ad, Nodes: 1c12248a-391b-407f-adc5-34f451ebab0a{ip: 10.1.0.200, host: fv-az91-750.1u4dveb1r3ruphbftqvtwhitpc.gx.internal.cloudapp.net, ports: [REPLICATION=34569, RATIS=39277, RATIS_ADMIN=39277, RATIS_SERVER=39277, STANDALONE=37067], networkLocation: /default-rack, certSerialId: null, persistedOpState: IN_SERVICE, persistedOpStateExpiryEpochSec: 0}cc783127-5661-4bf3-9a81-5237862e92f6{ip: 10.1.0.200, host: fv-az91-750.1u4dveb1r3ruphbftqvtwhitpc.gx.internal.cloudapp.net, ports: [REPLICATION=36473, RATIS=38555, RATIS_ADMIN=38555, RATIS_SERVER=38555, STANDALONE=34631], networkLocation: /default-rack, certSerialId: null, persistedOpState: IN_SERVICE, persistedOpStateExpiryEpochSec: 0}5a2944c9-75d7-4a8d-9ead-f995138127cc{ip: 10.1.0.200, host: fv-az91-750.1u4dveb1r3ruphbftqvtwhitpc.gx.internal.cloudapp.net, ports: [REPLICATION=42491, RATIS=42797, RATIS_ADMIN=42797, RATIS_SERVER=42797, STANDALONE=35485], networkLocation: /default-rack, certSerialId: null, persistedOpState: IN_SERVICE, persistedOpStateExpiryEpochSec: 0}, ReplicationConfig: RATIS/THREE, State:ALLOCATED, leaderId:, CreationTimestamp2022-10-13T11:44:14.408Z[Etc/UTC]].
2022-10-13 11:44:14,410 [RatisPipelineUtilsThread - 0] INFO  pipeline.RatisPipelineProvider (RatisPipelineProvider.java:lambda$create$0(195)) - Sending CreatePipelineCommand for pipeline:PipelineID=2b8544c2-36d0-408c-8d41-d73006b0921b to datanode:cc783127-5661-4bf3-9a81-5237862e92f6
2022-10-13 11:44:14,410 [RatisPipelineUtilsThread - 0] INFO  pipeline.RatisPipelineProvider (RatisPipelineProvider.java:lambda$create$0(195)) - Sending CreatePipelineCommand for pipeline:PipelineID=2b8544c2-36d0-408c-8d41-d73006b0921b to datanode:1c12248a-391b-407f-adc5-34f451ebab0a
2022-10-13 11:44:14,411 [RatisPipelineUtilsThread - 0] INFO  pipeline.RatisPipelineProvider (RatisPipelineProvider.java:lambda$create$0(195)) - Sending CreatePipelineCommand for pipeline:PipelineID=2b8544c2-36d0-408c-8d41-d73006b0921b to datanode:5a2944c9-75d7-4a8d-9ead-f995138127cc
2022-10-13 11:44:14,411 [RatisPipelineUtilsThread - 0] INFO  pipeline.PipelineStateManagerImpl (PipelineStateManagerImpl.java:addPipeline(103)) - Created pipeline Pipeline[ Id: 2b8544c2-36d0-408c-8d41-d73006b0921b, Nodes: cc783127-5661-4bf3-9a81-5237862e92f6{ip: 10.1.0.200, host: fv-az91-750.1u4dveb1r3ruphbftqvtwhitpc.gx.internal.cloudapp.net, ports: [REPLICATION=36473, RATIS=38555, RATIS_ADMIN=38555, RATIS_SERVER=38555, STANDALONE=34631], networkLocation: /default-rack, certSerialId: null, persistedOpState: IN_SERVICE, persistedOpStateExpiryEpochSec: 0}1c12248a-391b-407f-adc5-34f451ebab0a{ip: 10.1.0.200, host: fv-az91-750.1u4dveb1r3ruphbftqvtwhitpc.gx.internal.cloudapp.net, ports: [REPLICATION=34569, RATIS=39277, RATIS_ADMIN=39277, RATIS_SERVER=39277, STANDALONE=37067], networkLocation: /default-rack, certSerialId: null, persistedOpState: IN_SERVICE, persistedOpStateExpiryEpochSec: 0}5a2944c9-75d7-4a8d-9ead-f995138127cc{ip: 10.1.0.200, host: fv-az91-750.1u4dveb1r3ruphbftqvtwhitpc.gx.internal.cloudapp.net, ports: [REPLICATION=42491, RATIS=42797, RATIS_ADMIN=42797, RATIS_SERVER=42797, STANDALONE=35485], networkLocation: /default-rack, certSerialId: null, persistedOpState: IN_SERVICE, persistedOpStateExpiryEpochSec: 0}, ReplicationConfig: RATIS/THREE, State:ALLOCATED, leaderId:, CreationTimestamp2022-10-13T11:44:14.410Z[Etc/UTC]].
2022-10-13 11:44:14,411 [RatisPipelineUtilsThread - 0] INFO  pipeline.PipelineManagerImpl (PipelineManagerImpl.java:recordMetricsForPipeline(796)) - Pipeline: PipelineID=2b8544c2-36d0-408c-8d41-d73006b0921b contains same datanodes as previous pipelines: PipelineID=3f90a376-4dd2-4384-a1b5-3825eedb64ad nodeIds: cc783127-5661-4bf3-9a81-5237862e92f6, 1c12248a-391b-407f-adc5-34f451ebab0a, 5a2944c9-75d7-4a8d-9ead-f995138127cc
2022-10-13 11:44:14,715 [Listener at 127.0.0.1/33933] INFO  ozone.MiniOzoneClusterImpl (MiniOzoneClusterImpl.java:lambda$waitForClusterToBeReady$0(216)) - Waiting for nodes to be ready. Got 6 of 10 DN Heartbeats.
2022-10-13 11:44:14,716 [Listener at 127.0.0.1/33933] INFO  ozone.MiniOzoneClusterImpl (MiniOzoneClusterImpl.java:lambda$waitForClusterToBeReady$0(219)) - Waiting for cluster to exit safe mode
2022-10-13 11:44:14,717 [Listener at 127.0.0.1/33933] INFO  ozone.MiniOzoneClusterImpl (MiniOzoneClusterImpl.java:lambda$waitForClusterToBeReady$0(221)) - SCM became leader
2022-10-13 11:44:14,790 [IPC Server handler 7 on default port 44657] INFO  net.NetworkTopologyImpl (NetworkTopologyImpl.java:add(112)) - Added a new node: /default-rack/44dad4d2-9f73-4874-a36a-585ee387199d
2022-10-13 11:44:14,790 [IPC Server handler 7 on default port 44657] INFO  node.SCMNodeManager (SCMNodeManager.java:register(397)) - Registered Data node : 44dad4d2-9f73-4874-a36a-585ee387199d{ip: 10.1.0.200, host: fv-az91-750.1u4dveb1r3ruphbftqvtwhitpc.gx.internal.cloudapp.net, ports: [REPLICATION=33901, RATIS=32897, RATIS_ADMIN=32897, RATIS_SERVER=32897, STANDALONE=44105], networkLocation: /default-rack, certSerialId: null, persistedOpState: null, persistedOpStateExpiryEpochSec: 0}
2022-10-13 11:44:14,791 [EventQueue-NewNodeForNewNodeHandler] INFO  pipeline.BackgroundPipelineCreator (BackgroundPipelineCreator.java:notifyEventTriggered(276)) - trigger a one-shot run on RatisPipelineUtilsThread.
2022-10-13 11:44:14,793 [RatisPipelineUtilsThread - 0] INFO  pipeline.RatisPipelineProvider (RatisPipelineProvider.java:lambda$create$0(195)) - Sending CreatePipelineCommand for pipeline:PipelineID=292ff869-6974-464a-816e-a5c3d62238fa to datanode:44dad4d2-9f73-4874-a36a-585ee387199d
2022-10-13 11:44:14,793 [RatisPipelineUtilsThread - 0] INFO  pipeline.PipelineStateManagerImpl (PipelineStateManagerImpl.java:addPipeline(103)) - Created pipeline Pipeline[ Id: 292ff869-6974-464a-816e-a5c3d62238fa, Nodes: 44dad4d2-9f73-4874-a36a-585ee387199d{ip: 10.1.0.200, host: fv-az91-750.1u4dveb1r3ruphbftqvtwhitpc.gx.internal.cloudapp.net, ports: [REPLICATION=33901, RATIS=32897, RATIS_ADMIN=32897, RATIS_SERVER=32897, STANDALONE=44105], networkLocation: /default-rack, certSerialId: null, persistedOpState: IN_SERVICE, persistedOpStateExpiryEpochSec: 0}, ReplicationConfig: RATIS/ONE, State:ALLOCATED, leaderId:, CreationTimestamp2022-10-13T11:44:14.792Z[Etc/UTC]].
2022-10-13 11:44:15,073 [IPC Server handler 4 on default port 44657] INFO  net.NetworkTopologyImpl (NetworkTopologyImpl.java:add(112)) - Added a new node: /default-rack/8f71354a-19e6-4be6-b89a-dd2f0292058a
2022-10-13 11:44:15,073 [IPC Server handler 4 on default port 44657] INFO  node.SCMNodeManager (SCMNodeManager.java:register(397)) - Registered Data node : 8f71354a-19e6-4be6-b89a-dd2f0292058a{ip: 10.1.0.200, host: fv-az91-750.1u4dveb1r3ruphbftqvtwhitpc.gx.internal.cloudapp.net, ports: [REPLICATION=32909, RATIS=41203, RATIS_ADMIN=41203, RATIS_SERVER=41203, STANDALONE=43317], networkLocation: /default-rack, certSerialId: null, persistedOpState: null, persistedOpStateExpiryEpochSec: 0}
2022-10-13 11:44:15,073 [EventQueue-NewNodeForNewNodeHandler] INFO  pipeline.BackgroundPipelineCreator (BackgroundPipelineCreator.java:notifyEventTriggered(276)) - trigger a one-shot run on RatisPipelineUtilsThread.
2022-10-13 11:44:15,074 [RatisPipelineUtilsThread - 0] INFO  pipeline.RatisPipelineProvider (RatisPipelineProvider.java:lambda$create$0(195)) - Sending CreatePipelineCommand for pipeline:PipelineID=643c8de4-3ef2-4a3e-857a-4d85677b5274 to datanode:8f71354a-19e6-4be6-b89a-dd2f0292058a
2022-10-13 11:44:15,075 [RatisPipelineUtilsThread - 0] INFO  pipeline.PipelineStateManagerImpl (PipelineStateManagerImpl.java:addPipeline(103)) - Created pipeline Pipeline[ Id: 643c8de4-3ef2-4a3e-857a-4d85677b5274, Nodes: 8f71354a-19e6-4be6-b89a-dd2f0292058a{ip: 10.1.0.200, host: fv-az91-750.1u4dveb1r3ruphbftqvtwhitpc.gx.internal.cloudapp.net, ports: [REPLICATION=32909, RATIS=41203, RATIS_ADMIN=41203, RATIS_SERVER=41203, STANDALONE=43317], networkLocation: /default-rack, certSerialId: null, persistedOpState: IN_SERVICE, persistedOpStateExpiryEpochSec: 0}, ReplicationConfig: RATIS/ONE, State:ALLOCATED, leaderId:, CreationTimestamp2022-10-13T11:44:15.074Z[Etc/UTC]].
2022-10-13 11:44:15,410 [IPC Server handler 3 on default port 44657] INFO  net.NetworkTopologyImpl (NetworkTopologyImpl.java:add(112)) - Added a new node: /default-rack/febd5d2c-72de-44b7-b010-e5e9acc30848
2022-10-13 11:44:15,411 [IPC Server handler 3 on default port 44657] INFO  node.SCMNodeManager (SCMNodeManager.java:register(397)) - Registered Data node : febd5d2c-72de-44b7-b010-e5e9acc30848{ip: 10.1.0.200, host: fv-az91-750.1u4dveb1r3ruphbftqvtwhitpc.gx.internal.cloudapp.net, ports: [REPLICATION=35257, RATIS=36903, RATIS_ADMIN=36903, RATIS_SERVER=36903, STANDALONE=39839], networkLocation: /default-rack, certSerialId: null, persistedOpState: null, persistedOpStateExpiryEpochSec: 0}
2022-10-13 11:44:15,411 [EventQueue-NewNodeForNewNodeHandler] INFO  pipeline.BackgroundPipelineCreator (BackgroundPipelineCreator.java:notifyEventTriggered(276)) - trigger a one-shot run on RatisPipelineUtilsThread.
2022-10-13 11:44:15,412 [RatisPipelineUtilsThread - 0] INFO  pipeline.RatisPipelineProvider (RatisPipelineProvider.java:lambda$create$0(195)) - Sending CreatePipelineCommand for pipeline:PipelineID=6f290e13-8475-455e-8771-8519467a4e06 to datanode:febd5d2c-72de-44b7-b010-e5e9acc30848
2022-10-13 11:44:15,413 [RatisPipelineUtilsThread - 0] INFO  pipeline.PipelineStateManagerImpl (PipelineStateManagerImpl.java:addPipeline(103)) - Created pipeline Pipeline[ Id: 6f290e13-8475-455e-8771-8519467a4e06, Nodes: febd5d2c-72de-44b7-b010-e5e9acc30848{ip: 10.1.0.200, host: fv-az91-750.1u4dveb1r3ruphbftqvtwhitpc.gx.internal.cloudapp.net, ports: [REPLICATION=35257, RATIS=36903, RATIS_ADMIN=36903, RATIS_SERVER=36903, STANDALONE=39839], networkLocation: /default-rack, certSerialId: null, persistedOpState: IN_SERVICE, persistedOpStateExpiryEpochSec: 0}, ReplicationConfig: RATIS/ONE, State:ALLOCATED, leaderId:, CreationTimestamp2022-10-13T11:44:15.412Z[Etc/UTC]].
2022-10-13 11:44:15,414 [RatisPipelineUtilsThread - 0] INFO  pipeline.RatisPipelineProvider (RatisPipelineProvider.java:lambda$create$0(195)) - Sending CreatePipelineCommand for pipeline:PipelineID=1aca8241-d5fd-4b22-9dcd-ca13f6d37bb1 to datanode:febd5d2c-72de-44b7-b010-e5e9acc30848
2022-10-13 11:44:15,414 [RatisPipelineUtilsThread - 0] INFO  pipeline.RatisPipelineProvider (RatisPipelineProvider.java:lambda$create$0(195)) - Sending CreatePipelineCommand for pipeline:PipelineID=1aca8241-d5fd-4b22-9dcd-ca13f6d37bb1 to datanode:8f71354a-19e6-4be6-b89a-dd2f0292058a
2022-10-13 11:44:15,414 [RatisPipelineUtilsThread - 0] INFO  pipeline.RatisPipelineProvider (RatisPipelineProvider.java:lambda$create$0(195)) - Sending CreatePipelineCommand for pipeline:PipelineID=1aca8241-d5fd-4b22-9dcd-ca13f6d37bb1 to datanode:44dad4d2-9f73-4874-a36a-585ee387199d
2022-10-13 11:44:15,414 [RatisPipelineUtilsThread - 0] INFO  pipeline.PipelineStateManagerImpl (PipelineStateManagerImpl.java:addPipeline(103)) - Created pipeline Pipeline[ Id: 1aca8241-d5fd-4b22-9dcd-ca13f6d37bb1, Nodes: febd5d2c-72de-44b7-b010-e5e9acc30848{ip: 10.1.0.200, host: fv-az91-750.1u4dveb1r3ruphbftqvtwhitpc.gx.internal.cloudapp.net, ports: [REPLICATION=35257, RATIS=36903, RATIS_ADMIN=36903, RATIS_SERVER=36903, STANDALONE=39839], networkLocation: /default-rack, certSerialId: null, persistedOpState: IN_SERVICE, persistedOpStateExpiryEpochSec: 0}8f71354a-19e6-4be6-b89a-dd2f0292058a{ip: 10.1.0.200, host: fv-az91-750.1u4dveb1r3ruphbftqvtwhitpc.gx.internal.cloudapp.net, ports: [REPLICATION=32909, RATIS=41203, RATIS_ADMIN=41203, RATIS_SERVER=41203, STANDALONE=43317], networkLocation: /default-rack, certSerialId: null, persistedOpState: IN_SERVICE, persistedOpStateExpiryEpochSec: 0}44dad4d2-9f73-4874-a36a-585ee387199d{ip: 10.1.0.200, host: fv-az91-750.1u4dveb1r3ruphbftqvtwhitpc.gx.internal.cloudapp.net, ports: [REPLICATION=33901, RATIS=32897, RATIS_ADMIN=32897, RATIS_SERVER=32897, STANDALONE=44105], networkLocation: /default-rack, certSerialId: null, persistedOpState: IN_SERVICE, persistedOpStateExpiryEpochSec: 0}, ReplicationConfig: RATIS/THREE, State:ALLOCATED, leaderId:, CreationTimestamp2022-10-13T11:44:15.414Z[Etc/UTC]].
2022-10-13 11:44:15,415 [RatisPipelineUtilsThread - 0] INFO  pipeline.RatisPipelineProvider (RatisPipelineProvider.java:lambda$create$0(195)) - Sending CreatePipelineCommand for pipeline:PipelineID=bee47cf9-45fa-4274-95f6-84e26d0679bc to datanode:8f71354a-19e6-4be6-b89a-dd2f0292058a
2022-10-13 11:44:15,415 [RatisPipelineUtilsThread - 0] INFO  pipeline.RatisPipelineProvider (RatisPipelineProvider.java:lambda$create$0(195)) - Sending CreatePipelineCommand for pipeline:PipelineID=bee47cf9-45fa-4274-95f6-84e26d0679bc to datanode:44dad4d2-9f73-4874-a36a-585ee387199d
2022-10-13 11:44:15,415 [RatisPipelineUtilsThread - 0] INFO  pipeline.RatisPipelineProvider (RatisPipelineProvider.java:lambda$create$0(195)) - Sending CreatePipelineCommand for pipeline:PipelineID=bee47cf9-45fa-4274-95f6-84e26d0679bc to datanode:febd5d2c-72de-44b7-b010-e5e9acc30848
2022-10-13 11:44:15,416 [RatisPipelineUtilsThread - 0] INFO  pipeline.PipelineStateManagerImpl (PipelineStateManagerImpl.java:addPipeline(103)) - Created pipeline Pipeline[ Id: bee47cf9-45fa-4274-95f6-84e26d0679bc, Nodes: 8f71354a-19e6-4be6-b89a-dd2f0292058a{ip: 10.1.0.200, host: fv-az91-750.1u4dveb1r3ruphbftqvtwhitpc.gx.internal.cloudapp.net, ports: [REPLICATION=32909, RATIS=41203, RATIS_ADMIN=41203, RATIS_SERVER=41203, STANDALONE=43317], networkLocation: /default-rack, certSerialId: null, persistedOpState: IN_SERVICE, persistedOpStateExpiryEpochSec: 0}44dad4d2-9f73-4874-a36a-585ee387199d{ip: 10.1.0.200, host: fv-az91-750.1u4dveb1r3ruphbftqvtwhitpc.gx.internal.cloudapp.net, ports: [REPLICATION=33901, RATIS=32897, RATIS_ADMIN=32897, RATIS_SERVER=32897, STANDALONE=44105], networkLocation: /default-rack, certSerialId: null, persistedOpState: IN_SERVICE, persistedOpStateExpiryEpochSec: 0}febd5d2c-72de-44b7-b010-e5e9acc30848{ip: 10.1.0.200, host: fv-az91-750.1u4dveb1r3ruphbftqvtwhitpc.gx.internal.cloudapp.net, ports: [REPLICATION=35257, RATIS=36903, RATIS_ADMIN=36903, RATIS_SERVER=36903, STANDALONE=39839], networkLocation: /default-rack, certSerialId: null, persistedOpState: IN_SERVICE, persistedOpStateExpiryEpochSec: 0}, ReplicationConfig: RATIS/THREE, State:ALLOCATED, leaderId:, CreationTimestamp2022-10-13T11:44:15.415Z[Etc/UTC]].
2022-10-13 11:44:15,416 [RatisPipelineUtilsThread - 0] INFO  pipeline.PipelineManagerImpl (PipelineManagerImpl.java:recordMetricsForPipeline(796)) - Pipeline: PipelineID=bee47cf9-45fa-4274-95f6-84e26d0679bc contains same datanodes as previous pipelines: PipelineID=1aca8241-d5fd-4b22-9dcd-ca13f6d37bb1 nodeIds: 8f71354a-19e6-4be6-b89a-dd2f0292058a, 44dad4d2-9f73-4874-a36a-585ee387199d, febd5d2c-72de-44b7-b010-e5e9acc30848
2022-10-13 11:44:15,590 [Command processor thread] INFO  server.RaftServer (RaftServerProxy.java:addNew(96)) - 7bf9862a-bc69-4cc0-99fb-78386598ce26: addNew group-62D058F4AA4E:[7bf9862a-bc69-4cc0-99fb-78386598ce26|rpc:10.1.0.200:43955|priority:1] returns group-62D058F4AA4E:java.util.concurrent.CompletableFuture@6fa51d62[Not completed]
2022-10-13 11:44:15,599 [pool-72-thread-1] INFO  server.RaftServer$Division (RaftServerImpl.java:<init>(190)) - 7bf9862a-bc69-4cc0-99fb-78386598ce26: new RaftServerImpl for group-62D058F4AA4E:[7bf9862a-bc69-4cc0-99fb-78386598ce26|rpc:10.1.0.200:43955|priority:1] with ContainerStateMachine:uninitialized
2022-10-13 11:44:15,599 [pool-72-thread-1] INFO  server.RaftServerConfigKeys (ConfUtils.java:logGet(46)) - raft.server.rpc.timeout.min = 5s (custom)
2022-10-13 11:44:15,599 [pool-72-thread-1] INFO  server.RaftServerConfigKeys (ConfUtils.java:logGet(46)) - raft.server.rpc.timeout.max = 5200ms (custom)
2022-10-13 11:44:15,599 [pool-72-thread-1] INFO  server.RaftServerConfigKeys (ConfUtils.java:logGet(46)) - raft.server.rpc.sleep.time = 25ms (default)
2022-10-13 11:44:15,601 [pool-72-thread-1] INFO  server.RaftServerConfigKeys (ConfUtils.java:logGet(46)) - raft.server.rpc.slowness.timeout = 300s (custom)
2022-10-13 11:44:15,601 [pool-72-thread-1] INFO  server.RaftServerConfigKeys (ConfUtils.java:logGet(46)) - raft.server.leaderelection.leader.step-down.wait-time = 10s (default)
2022-10-13 11:44:15,601 [pool-72-thread-1] INFO  server.RaftServerConfigKeys (ConfUtils.java:logGet(46)) - raft.server.sleep.deviation.threshold = 300ms (default)
2022-10-13 11:44:15,601 [pool-72-thread-1] INFO  server.RaftServer$Division (ServerState.java:<init>(107)) - 7bf9862a-bc69-4cc0-99fb-78386598ce26@group-62D058F4AA4E: ConfigurationManager, init=-1: [7bf9862a-bc69-4cc0-99fb-78386598ce26|rpc:10.1.0.200:43955|priority:1], old=null, confs=<EMPTY_MAP>
2022-10-13 11:44:15,601 [pool-72-thread-1] INFO  server.RaftServerConfigKeys (ConfUtils.java:logGet(46)) - raft.server.storage.dir = [/home/runner/work/ozone/ozone/hadoop-ozone/integration-test/target/test-dir/MiniOzoneClusterImpl-da935fb3-9ce5-49ab-a67c-f4b3beb884ab/datanode-0/data/ratis] (custom)
2022-10-13 11:44:15,602 [pool-72-thread-1] INFO  server.RaftServerConfigKeys (ConfUtils.java:logGet(46)) - raft.server.log.corruption.policy = EXCEPTION (default)
2022-10-13 11:44:15,602 [pool-72-thread-1] INFO  server.RaftServerConfigKeys (ConfUtils.java:logGet(46)) - raft.server.storage.free-space.min = 0MB (=0) (default)
2022-10-13 11:44:15,602 [pool-72-thread-1] INFO  storage.RaftStorageDirectory (RaftStorageDirectoryImpl.java:analyzeStorage(135)) - The storage directory /home/runner/work/ozone/ozone/hadoop-ozone/integration-test/target/test-dir/MiniOzoneClusterImpl-da935fb3-9ce5-49ab-a67c-f4b3beb884ab/datanode-0/data/ratis/9b21bdae-a81f-4811-8164-62d058f4aa4e does not exist. Creating ...
2022-10-13 11:44:15,604 [pool-72-thread-1] INFO  storage.RaftStorageDirectory (RaftStorageDirectoryImpl.java:tryLock(230)) - Lock on /home/runner/work/ozone/ozone/hadoop-ozone/integration-test/target/test-dir/MiniOzoneClusterImpl-da935fb3-9ce5-49ab-a67c-f4b3beb884ab/datanode-0/data/ratis/9b21bdae-a81f-4811-8164-62d058f4aa4e/in_use.lock acquired by nodename 27914@fv-az91-750
2022-10-13 11:44:15,605 [pool-72-thread-1] INFO  storage.RaftStorage (RaftStorageImpl.java:format(89)) - Storage directory /home/runner/work/ozone/ozone/hadoop-ozone/integration-test/target/test-dir/MiniOzoneClusterImpl-da935fb3-9ce5-49ab-a67c-f4b3beb884ab/datanode-0/data/ratis/9b21bdae-a81f-4811-8164-62d058f4aa4e has been successfully formatted.
2022-10-13 11:44:15,609 [pool-72-thread-1] INFO  ratis.ContainerStateMachine (ContainerStateMachine.java:loadSnapshot(236)) - group-62D058F4AA4E: The snapshot info is null. Setting the last applied indexto:(t:0, i:~)
2022-10-13 11:44:15,610 [pool-72-thread-1] INFO  server.RaftServerConfigKeys (ConfUtils.java:logGet(46)) - raft.server.notification.no-leader.timeout = 300s (custom)
2022-10-13 11:44:15,610 [pool-72-thread-1] INFO  server.RaftServerConfigKeys (ConfUtils.java:logGet(46)) - raft.server.log.use.memory = false (default)
2022-10-13 11:44:15,611 [EventQueue-PipelineReportForPipelineReportHandler] INFO  pipeline.PipelineManagerImpl (PipelineManagerImpl.java:openPipeline(367)) - Pipeline Pipeline[ Id: 9b21bdae-a81f-4811-8164-62d058f4aa4e, Nodes: 7bf9862a-bc69-4cc0-99fb-78386598ce26{ip: 10.1.0.200, host: fv-az91-750.1u4dveb1r3ruphbftqvtwhitpc.gx.internal.cloudapp.net, ports: [REPLICATION=40183, RATIS=43955, RATIS_ADMIN=43955, RATIS_SERVER=43955, STANDALONE=41635], networkLocation: /default-rack, certSerialId: null, persistedOpState: IN_SERVICE, persistedOpStateExpiryEpochSec: 0}, ReplicationConfig: RATIS/ONE, State:ALLOCATED, leaderId:7bf9862a-bc69-4cc0-99fb-78386598ce26, CreationTimestamp2022-10-13T11:44:12.571Z[Etc/UTC]] moved to OPEN state
2022-10-13 11:44:15,611 [pool-72-thread-1] INFO  server.RaftServerConfigKeys (ConfUtils.java:logGet(46)) - raft.server.log.purge.gap = 1000000 (custom)
2022-10-13 11:44:15,612 [pool-72-thread-1] INFO  server.RaftServerConfigKeys (ConfUtils.java:logGet(46)) - raft.server.log.appender.buffer.byte-limit = 33554432 (custom)
2022-10-13 11:44:15,612 [pool-72-thread-1] INFO  server.RaftServerConfigKeys (ConfUtils.java:logGet(46)) - raft.server.log.statemachine.data.read.timeout = 1000ms (default)
2022-10-13 11:44:15,612 [pool-72-thread-1] INFO  server.RaftServerConfigKeys (ConfUtils.java:logGet(46)) - raft.server.log.segment.size.max = 1048576 (custom)
2022-10-13 11:44:15,613 [pool-72-thread-1] INFO  server.RaftServerConfigKeys (ConfUtils.java:logGet(46)) - raft.server.log.segment.cache.num.max = 2 (custom)
2022-10-13 11:44:15,613 [pool-72-thread-1] INFO  server.RaftServerConfigKeys (ConfUtils.java:logGet(46)) - raft.server.log.segment.cache.size.max = 200MB (=209715200) (default)
2022-10-13 11:44:15,613 [pool-72-thread-1] INFO  segmented.SegmentedRaftLogWorker (SegmentedRaftLogWorker.java:<init>(187)) - new 7bf9862a-bc69-4cc0-99fb-78386598ce26@group-62D058F4AA4E-SegmentedRaftLogWorker for RaftStorageImpl:Storage Directory /home/runner/work/ozone/ozone/hadoop-ozone/integration-test/target/test-dir/MiniOzoneClusterImpl-da935fb3-9ce5-49ab-a67c-f4b3beb884ab/datanode-0/data/ratis/9b21bdae-a81f-4811-8164-62d058f4aa4e
2022-10-13 11:44:15,613 [pool-72-thread-1] INFO  server.RaftServerConfigKeys (ConfUtils.java:logGet(46)) - raft.server.log.queue.byte-limit = 4294967296 (custom)
2022-10-13 11:44:15,613 [pool-72-thread-1] INFO  server.RaftServerConfigKeys (ConfUtils.java:logGet(46)) - raft.server.log.queue.element-limit = 1024 (custom)
2022-10-13 11:44:15,613 [pool-72-thread-1] INFO  server.RaftServerConfigKeys (ConfUtils.java:logGet(46)) - raft.server.log.segment.size.max = 1048576 (custom)
2022-10-13 11:44:15,613 [pool-72-thread-1] INFO  server.RaftServerConfigKeys (ConfUtils.java:logGet(46)) - raft.server.log.preallocated.size = 16384 (custom)
2022-10-13 11:44:15,613 [pool-72-thread-1] INFO  server.RaftServerConfigKeys (ConfUtils.java:logGet(46)) - raft.server.log.force.sync.num = 128 (default)
2022-10-13 11:44:15,613 [pool-72-thread-1] INFO  server.RaftServerConfigKeys (ConfUtils.java:logGet(46)) - raft.server.log.statemachine.data.sync = true (default)
2022-10-13 11:44:15,614 [pool-72-thread-1] INFO  server.RaftServerConfigKeys (ConfUtils.java:logGet(46)) - raft.server.log.statemachine.data.sync.timeout = 10s (default)
2022-10-13 11:44:15,614 [pool-72-thread-1] INFO  server.RaftServerConfigKeys (ConfUtils.java:logGet(46)) - raft.server.log.statemachine.data.sync.timeout.retry = -1 (default)
2022-10-13 11:44:15,616 [pool-72-thread-1] INFO  server.RaftServerConfigKeys (ConfUtils.java:logGet(46)) - raft.server.log.write.buffer.size = 1048576 (custom)
2022-10-13 11:44:15,617 [pool-72-thread-1] INFO  server.RaftServerConfigKeys (ConfUtils.java:logGet(46)) - raft.server.log.unsafe-flush.enabled = false (default)
2022-10-13 11:44:15,617 [pool-72-thread-1] INFO  server.RaftServerConfigKeys (ConfUtils.java:logGet(46)) - raft.server.log.statemachine.data.caching.enabled = true (custom)
2022-10-13 11:44:15,617 [pool-72-thread-1] INFO  segmented.SegmentedRaftLogWorker (SegmentedRaftLogWorker.java:lambda$new$0(135)) - 7bf9862a-bc69-4cc0-99fb-78386598ce26@group-62D058F4AA4E-SegmentedRaftLogWorker: flushIndex: setUnconditionally 0 -> -1
2022-10-13 11:44:15,617 [pool-72-thread-1] INFO  segmented.SegmentedRaftLogWorker (SegmentedRaftLogWorker.java:lambda$new$0(135)) - 7bf9862a-bc69-4cc0-99fb-78386598ce26@group-62D058F4AA4E-SegmentedRaftLogWorker: safeCacheEvictIndex: setUnconditionally 0 -> -1
2022-10-13 11:44:15,617 [pool-72-thread-1] INFO  server.RaftServerConfigKeys (ConfUtils.java:logGet(46)) - raft.server.snapshot.auto.trigger.enabled = true (custom)
2022-10-13 11:44:15,617 [pool-72-thread-1] INFO  server.RaftServerConfigKeys (ConfUtils.java:logGet(46)) - raft.server.snapshot.auto.trigger.threshold = 10000 (custom)
2022-10-13 11:44:15,617 [pool-72-thread-1] INFO  server.RaftServerConfigKeys (ConfUtils.java:logGet(46)) - raft.server.snapshot.retention.file.num = 5 (custom)
2022-10-13 11:44:15,617 [pool-72-thread-1] INFO  server.RaftServerConfigKeys (ConfUtils.java:logGet(46)) - raft.server.log.purge.upto.snapshot.index = false (default)
2022-10-13 11:44:15,617 [pool-72-thread-1] INFO  server.RaftServerConfigKeys (ConfUtils.java:logGet(46)) - raft.server.retrycache.expirytime = 600000ms (custom)
2022-10-13 11:44:15,617 [pool-72-thread-1] INFO  server.RaftServerConfigKeys (ConfUtils.java:logGet(46)) - raft.server.retrycache.statistics.expirytime = 100μs (default)
2022-10-13 11:44:15,621 [pool-72-thread-1] INFO  server.RaftServerConfigKeys (ConfUtils.java:logGet(46)) - raft.server.log.appender.install.snapshot.enabled = false (custom)
2022-10-13 11:44:15,621 [pool-72-thread-1] INFO  server.RaftServerConfigKeys (ConfUtils.java:logGet(46)) - raft.server.threadpool.server.cached = true (default)
2022-10-13 11:44:15,621 [pool-72-thread-1] INFO  server.RaftServerConfigKeys (ConfUtils.java:logGet(46)) - raft.server.threadpool.server.size = 0 (default)
2022-10-13 11:44:15,621 [pool-72-thread-1] INFO  server.RaftServerConfigKeys (ConfUtils.java:logGet(46)) - raft.server.threadpool.client.cached = true (default)
2022-10-13 11:44:15,621 [pool-72-thread-1] INFO  server.RaftServerConfigKeys (ConfUtils.java:logGet(46)) - raft.server.threadpool.client.size = 0 (default)
2022-10-13 11:44:15,621 [pool-72-thread-1] INFO  server.RaftServer$Division (RaftServerImpl.java:start(310)) - 7bf9862a-bc69-4cc0-99fb-78386598ce26@group-62D058F4AA4E: start as a follower, conf=-1: [7bf9862a-bc69-4cc0-99fb-78386598ce26|rpc:10.1.0.200:43955|priority:1], old=null
2022-10-13 11:44:15,621 [pool-72-thread-1] INFO  server.RaftServer$Division (RaftServerImpl.java:setRole(299)) - 7bf9862a-bc69-4cc0-99fb-78386598ce26@group-62D058F4AA4E: changes role from      null to FOLLOWER at term 0 for startAsFollower
2022-10-13 11:44:15,621 [pool-72-thread-1] INFO  impl.RoleInfo (RoleInfo.java:updateAndGet(139)) - 7bf9862a-bc69-4cc0-99fb-78386598ce26: start 7bf9862a-bc69-4cc0-99fb-78386598ce26@group-62D058F4AA4E-FollowerState
2022-10-13 11:44:15,623 [EventQueue-OpenPipelineForHealthyPipelineSafeModeRule] INFO  safemode.SCMSafeModeManager (HealthyPipelineSafeModeRule.java:process(137)) - SCM in safe mode. Healthy pipelines reported count is 0, required healthy pipeline reported count is 1
2022-10-13 11:44:15,626 [pool-72-thread-1] INFO  util.JmxRegister (JmxRegister.java:tryRegister(44)) - Successfully registered JMX Bean with object name Ratis:service=RaftServer,group=group-62D058F4AA4E,id=7bf9862a-bc69-4cc0-99fb-78386598ce26
2022-10-13 11:44:15,637 [Command processor thread] INFO  ratis.XceiverServerRatis (XceiverServerRatis.java:addGroup(765)) - Created group PipelineID=9b21bdae-a81f-4811-8164-62d058f4aa4e
2022-10-13 11:44:15,638 [Command processor thread] INFO  commandhandler.CreatePipelineCommandHandler (CreatePipelineCommandHandler.java:handle(113)) - Created Pipeline RATIS ONE PipelineID=9b21bdae-a81f-4811-8164-62d058f4aa4e.
2022-10-13 11:44:15,638 [Command processor thread] INFO  server.RaftServer (RaftServerProxy.java:addNew(96)) - 7bf9862a-bc69-4cc0-99fb-78386598ce26: addNew group-4CFC337056EE:[5a62ffe2-9c96-4fd5-b7f5-bdbfc1f4ab24|rpc:10.1.0.200:37863|priority:0, 7bf9862a-bc69-4cc0-99fb-78386598ce26|rpc:10.1.0.200:43955|priority:0, 458f4e14-7f73-425f-a1e6-d20318ddd1ae|rpc:10.1.0.200:33873|priority:1] returns group-4CFC337056EE:java.util.concurrent.CompletableFuture@616bf4d5[Not completed]
2022-10-13 11:44:15,639 [pool-72-thread-1] INFO  server.RaftServer$Division (RaftServerImpl.java:<init>(190)) - 7bf9862a-bc69-4cc0-99fb-78386598ce26: new RaftServerImpl for group-4CFC337056EE:[5a62ffe2-9c96-4fd5-b7f5-bdbfc1f4ab24|rpc:10.1.0.200:37863|priority:0, 7bf9862a-bc69-4cc0-99fb-78386598ce26|rpc:10.1.0.200:43955|priority:0, 458f4e14-7f73-425f-a1e6-d20318ddd1ae|rpc:10.1.0.200:33873|priority:1] with ContainerStateMachine:uninitialized
2022-10-13 11:44:15,639 [pool-72-thread-1] INFO  server.RaftServerConfigKeys (ConfUtils.java:logGet(46)) - raft.server.rpc.timeout.min = 5s (custom)
2022-10-13 11:44:15,639 [pool-72-thread-1] INFO  server.RaftServerConfigKeys (ConfUtils.java:logGet(46)) - raft.server.rpc.timeout.max = 5200ms (custom)
2022-10-13 11:44:15,639 [pool-72-thread-1] INFO  server.RaftServerConfigKeys (ConfUtils.java:logGet(46)) - raft.server.rpc.sleep.time = 25ms (default)
2022-10-13 11:44:15,639 [pool-72-thread-1] INFO  server.RaftServerConfigKeys (ConfUtils.java:logGet(46)) - raft.server.rpc.slowness.timeout = 300s (custom)
2022-10-13 11:44:15,639 [pool-72-thread-1] INFO  server.RaftServerConfigKeys (ConfUtils.java:logGet(46)) - raft.server.leaderelection.leader.step-down.wait-time = 10s (default)
2022-10-13 11:44:15,640 [pool-72-thread-1] INFO  server.RaftServerConfigKeys (ConfUtils.java:logGet(46)) - raft.server.sleep.deviation.threshold = 300ms (default)
2022-10-13 11:44:15,640 [pool-72-thread-1] INFO  server.RaftServer$Division (ServerState.java:<init>(107)) - 7bf9862a-bc69-4cc0-99fb-78386598ce26@group-4CFC337056EE: ConfigurationManager, init=-1: [5a62ffe2-9c96-4fd5-b7f5-bdbfc1f4ab24|rpc:10.1.0.200:37863|priority:0, 7bf9862a-bc69-4cc0-99fb-78386598ce26|rpc:10.1.0.200:43955|priority:0, 458f4e14-7f73-425f-a1e6-d20318ddd1ae|rpc:10.1.0.200:33873|priority:1], old=null, confs=<EMPTY_MAP>
2022-10-13 11:44:15,640 [pool-72-thread-1] INFO  server.RaftServerConfigKeys (ConfUtils.java:logGet(46)) - raft.server.storage.dir = [/home/runner/work/ozone/ozone/hadoop-ozone/integration-test/target/test-dir/MiniOzoneClusterImpl-da935fb3-9ce5-49ab-a67c-f4b3beb884ab/datanode-0/data/ratis] (custom)
2022-10-13 11:44:15,640 [pool-72-thread-1] INFO  server.RaftServerConfigKeys (ConfUtils.java:logGet(46)) - raft.server.log.corruption.policy = EXCEPTION (default)
2022-10-13 11:44:15,640 [pool-72-thread-1] INFO  server.RaftServerConfigKeys (ConfUtils.java:logGet(46)) - raft.server.storage.free-space.min = 0MB (=0) (default)
2022-10-13 11:44:15,640 [pool-72-thread-1] INFO  storage.RaftStorageDirectory (RaftStorageDirectoryImpl.java:analyzeStorage(135)) - The storage directory /home/runner/work/ozone/ozone/hadoop-ozone/integration-test/target/test-dir/MiniOzoneClusterImpl-da935fb3-9ce5-49ab-a67c-f4b3beb884ab/datanode-0/data/ratis/39f242bf-157f-4c7d-8f01-4cfc337056ee does not exist. Creating ...
2022-10-13 11:44:15,641 [pool-72-thread-1] INFO  storage.RaftStorageDirectory (RaftStorageDirectoryImpl.java:tryLock(230)) - Lock on /home/runner/work/ozone/ozone/hadoop-ozone/integration-test/target/test-dir/MiniOzoneClusterImpl-da935fb3-9ce5-49ab-a67c-f4b3beb884ab/datanode-0/data/ratis/39f242bf-157f-4c7d-8f01-4cfc337056ee/in_use.lock acquired by nodename 27914@fv-az91-750
2022-10-13 11:44:15,642 [pool-72-thread-1] INFO  storage.RaftStorage (RaftStorageImpl.java:format(89)) - Storage directory /home/runner/work/ozone/ozone/hadoop-ozone/integration-test/target/test-dir/MiniOzoneClusterImpl-da935fb3-9ce5-49ab-a67c-f4b3beb884ab/datanode-0/data/ratis/39f242bf-157f-4c7d-8f01-4cfc337056ee has been successfully formatted.
2022-10-13 11:44:15,642 [pool-72-thread-1] INFO  ratis.ContainerStateMachine (ContainerStateMachine.java:loadSnapshot(236)) - group-4CFC337056EE: The snapshot info is null. Setting the last applied indexto:(t:0, i:~)
2022-10-13 11:44:15,642 [pool-72-thread-1] INFO  server.RaftServerConfigKeys (ConfUtils.java:logGet(46)) - raft.server.notification.no-leader.timeout = 300s (custom)
2022-10-13 11:44:15,643 [pool-72-thread-1] INFO  server.RaftServerConfigKeys (ConfUtils.java:logGet(46)) - raft.server.log.use.memory = false (default)
2022-10-13 11:44:15,643 [pool-72-thread-1] INFO  server.RaftServerConfigKeys (ConfUtils.java:logGet(46)) - raft.server.log.purge.gap = 1000000 (custom)
2022-10-13 11:44:15,643 [pool-72-thread-1] INFO  server.RaftServerConfigKeys (ConfUtils.java:logGet(46)) - raft.server.log.appender.buffer.byte-limit = 33554432 (custom)
2022-10-13 11:44:15,643 [pool-72-thread-1] INFO  server.RaftServerConfigKeys (ConfUtils.java:logGet(46)) - raft.server.log.statemachine.data.read.timeout = 1000ms (default)
2022-10-13 11:44:15,643 [pool-72-thread-1] INFO  server.RaftServerConfigKeys (ConfUtils.java:logGet(46)) - raft.server.log.segment.size.max = 1048576 (custom)
2022-10-13 11:44:15,644 [EventQueue-OpenPipelineForHealthyPipelineSafeModeRule] INFO  safemode.SCMSafeModeManager (HealthyPipelineSafeModeRule.java:process(137)) - SCM in safe mode. Healthy pipelines reported count is 0, required healthy pipeline reported count is 1
2022-10-13 11:44:15,645 [pool-72-thread-1] INFO  server.RaftServerConfigKeys (ConfUtils.java:logGet(46)) - raft.server.log.segment.cache.num.max = 2 (custom)
2022-10-13 11:44:15,645 [pool-72-thread-1] INFO  server.RaftServerConfigKeys (ConfUtils.java:logGet(46)) - raft.server.log.segment.cache.size.max = 200MB (=209715200) (default)
2022-10-13 11:44:15,646 [pool-72-thread-1] INFO  segmented.SegmentedRaftLogWorker (SegmentedRaftLogWorker.java:<init>(187)) - new 7bf9862a-bc69-4cc0-99fb-78386598ce26@group-4CFC337056EE-SegmentedRaftLogWorker for RaftStorageImpl:Storage Directory /home/runner/work/ozone/ozone/hadoop-ozone/integration-test/target/test-dir/MiniOzoneClusterImpl-da935fb3-9ce5-49ab-a67c-f4b3beb884ab/datanode-0/data/ratis/39f242bf-157f-4c7d-8f01-4cfc337056ee
2022-10-13 11:44:15,646 [pool-72-thread-1] INFO  server.RaftServerConfigKeys (ConfUtils.java:logGet(46)) - raft.server.log.queue.byte-limit = 4294967296 (custom)
2022-10-13 11:44:15,646 [pool-72-thread-1] INFO  server.RaftServerConfigKeys (ConfUtils.java:logGet(46)) - raft.server.log.queue.element-limit = 1024 (custom)
2022-10-13 11:44:15,646 [pool-72-thread-1] INFO  server.RaftServerConfigKeys (ConfUtils.java:logGet(46)) - raft.server.log.segment.size.max = 1048576 (custom)
2022-10-13 11:44:15,646 [pool-72-thread-1] INFO  server.RaftServerConfigKeys (ConfUtils.java:logGet(46)) - raft.server.log.preallocated.size = 16384 (custom)
2022-10-13 11:44:15,646 [pool-72-thread-1] INFO  server.RaftServerConfigKeys (ConfUtils.java:logGet(46)) - raft.server.log.force.sync.num = 128 (default)
2022-10-13 11:44:15,646 [pool-72-thread-1] INFO  server.RaftServerConfigKeys (ConfUtils.java:logGet(46)) - raft.server.log.statemachine.data.sync = true (default)
2022-10-13 11:44:15,646 [pool-72-thread-1] INFO  server.RaftServerConfigKeys (ConfUtils.java:logGet(46)) - raft.server.log.statemachine.data.sync.timeout = 10s (default)
2022-10-13 11:44:15,646 [pool-72-thread-1] INFO  server.RaftServerConfigKeys (ConfUtils.java:logGet(46)) - raft.server.log.statemachine.data.sync.timeout.retry = -1 (default)
2022-10-13 11:44:15,648 [pool-72-thread-1] INFO  server.RaftServerConfigKeys (ConfUtils.java:logGet(46)) - raft.server.log.write.buffer.size = 1048576 (custom)
2022-10-13 11:44:15,648 [pool-72-thread-1] INFO  server.RaftServerConfigKeys (ConfUtils.java:logGet(46)) - raft.server.log.unsafe-flush.enabled = false (default)
2022-10-13 11:44:15,649 [pool-72-thread-1] INFO  server.RaftServerConfigKeys (ConfUtils.java:logGet(46)) - raft.server.log.statemachine.data.caching.enabled = true (custom)
2022-10-13 11:44:15,649 [pool-72-thread-1] INFO  segmented.SegmentedRaftLogWorker (SegmentedRaftLogWorker.java:lambda$new$0(135)) - 7bf9862a-bc69-4cc0-99fb-78386598ce26@group-4CFC337056EE-SegmentedRaftLogWorker: flushIndex: setUnconditionally 0 -> -1
2022-10-13 11:44:15,649 [pool-72-thread-1] INFO  segmented.SegmentedRaftLogWorker (SegmentedRaftLogWorker.java:lambda$new$0(135)) - 7bf9862a-bc69-4cc0-99fb-78386598ce26@group-4CFC337056EE-SegmentedRaftLogWorker: safeCacheEvictIndex: setUnconditionally 0 -> -1
2022-10-13 11:44:15,649 [pool-72-thread-1] INFO  server.RaftServerConfigKeys (ConfUtils.java:logGet(46)) - raft.server.snapshot.auto.trigger.enabled = true (custom)
2022-10-13 11:44:15,649 [pool-72-thread-1] INFO  server.RaftServerConfigKeys (ConfUtils.java:logGet(46)) - raft.server.snapshot.auto.trigger.threshold = 10000 (custom)
2022-10-13 11:44:15,649 [pool-72-thread-1] INFO  server.RaftServerConfigKeys (ConfUtils.java:logGet(46)) - raft.server.snapshot.retention.file.num = 5 (custom)
2022-10-13 11:44:15,649 [pool-72-thread-1] INFO  server.RaftServerConfigKeys (ConfUtils.java:logGet(46)) - raft.server.log.purge.upto.snapshot.index = false (default)
2022-10-13 11:44:15,649 [pool-72-thread-1] INFO  server.RaftServerConfigKeys (ConfUtils.java:logGet(46)) - raft.server.retrycache.expirytime = 600000ms (custom)
2022-10-13 11:44:15,649 [pool-72-thread-1] INFO  server.RaftServerConfigKeys (ConfUtils.java:logGet(46)) - raft.server.retrycache.statistics.expirytime = 100μs (default)
2022-10-13 11:44:15,652 [pool-72-thread-1] INFO  server.RaftServerConfigKeys (ConfUtils.java:logGet(46)) - raft.server.log.appender.install.snapshot.enabled = false (custom)
2022-10-13 11:44:15,652 [pool-72-thread-1] INFO  server.RaftServerConfigKeys (ConfUtils.java:logGet(46)) - raft.server.threadpool.server.cached = true (default)
2022-10-13 11:44:15,652 [pool-72-thread-1] INFO  server.RaftServerConfigKeys (ConfUtils.java:logGet(46)) - raft.server.threadpool.server.size = 0 (default)
2022-10-13 11:44:15,652 [pool-72-thread-1] INFO  server.RaftServerConfigKeys (ConfUtils.java:logGet(46)) - raft.server.threadpool.client.cached = true (default)
2022-10-13 11:44:15,652 [pool-72-thread-1] INFO  server.RaftServerConfigKeys (ConfUtils.java:logGet(46)) - raft.server.threadpool.client.size = 0 (default)
2022-10-13 11:44:15,652 [pool-72-thread-1] INFO  server.RaftServer$Division (RaftServerImpl.java:start(310)) - 7bf9862a-bc69-4cc0-99fb-78386598ce26@group-4CFC337056EE: start as a follower, conf=-1: [5a62ffe2-9c96-4fd5-b7f5-bdbfc1f4ab24|rpc:10.1.0.200:37863|priority:0, 7bf9862a-bc69-4cc0-99fb-78386598ce26|rpc:10.1.0.200:43955|priority:0, 458f4e14-7f73-425f-a1e6-d20318ddd1ae|rpc:10.1.0.200:33873|priority:1], old=null
2022-10-13 11:44:15,652 [pool-72-thread-1] INFO  server.RaftServer$Division (RaftServerImpl.java:setRole(299)) - 7bf9862a-bc69-4cc0-99fb-78386598ce26@group-4CFC337056EE: changes role from      null to FOLLOWER at term 0 for startAsFollower
2022-10-13 11:44:15,652 [pool-72-thread-1] INFO  impl.RoleInfo (RoleInfo.java:updateAndGet(139)) - 7bf9862a-bc69-4cc0-99fb-78386598ce26: start 7bf9862a-bc69-4cc0-99fb-78386598ce26@group-4CFC337056EE-FollowerState
2022-10-13 11:44:15,652 [pool-72-thread-1] INFO  util.JmxRegister (JmxRegister.java:tryRegister(44)) - Successfully registered JMX Bean with object name Ratis:service=RaftServer,group=group-4CFC337056EE,id=7bf9862a-bc69-4cc0-99fb-78386598ce26
2022-10-13 11:44:15,654 [Command processor thread] INFO  ratis.XceiverServerRatis (XceiverServerRatis.java:addGroup(765)) - Created group PipelineID=39f242bf-157f-4c7d-8f01-4cfc337056ee
2022-10-13 11:44:15,716 [IPC Server handler 13 on default port 44657] INFO  net.NetworkTopologyImpl (NetworkTopologyImpl.java:add(112)) - Added a new node: /default-rack/25446469-ee3e-40e0-a5a9-d9a79eb44528
2022-10-13 11:44:15,717 [IPC Server handler 13 on default port 44657] INFO  node.SCMNodeManager (SCMNodeManager.java:register(397)) - Registered Data node : 25446469-ee3e-40e0-a5a9-d9a79eb44528{ip: 10.1.0.200, host: fv-az91-750.1u4dveb1r3ruphbftqvtwhitpc.gx.internal.cloudapp.net, ports: [REPLICATION=43711, RATIS=44607, RATIS_ADMIN=44607, RATIS_SERVER=44607, STANDALONE=35295], networkLocation: /default-rack, certSerialId: null, persistedOpState: null, persistedOpStateExpiryEpochSec: 0}
2022-10-13 11:44:15,717 [EventQueue-NewNodeForNewNodeHandler] INFO  pipeline.BackgroundPipelineCreator (BackgroundPipelineCreator.java:notifyEventTriggered(276)) - trigger a one-shot run on RatisPipelineUtilsThread.
2022-10-13 11:44:15,717 [Listener at 127.0.0.1/33933] INFO  ozone.MiniOzoneClusterImpl (MiniOzoneClusterImpl.java:lambda$waitForClusterToBeReady$0(216)) - Nodes are ready. Got 10 of 10 DN Heartbeats.
2022-10-13 11:44:15,720 [Listener at 127.0.0.1/33933] INFO  ozone.MiniOzoneClusterImpl (MiniOzoneClusterImpl.java:lambda$waitForClusterToBeReady$0(219)) - Waiting for cluster to exit safe mode
2022-10-13 11:44:15,720 [Listener at 127.0.0.1/33933] INFO  ozone.MiniOzoneClusterImpl (MiniOzoneClusterImpl.java:lambda$waitForClusterToBeReady$0(221)) - SCM became leader
2022-10-13 11:44:15,718 [RatisPipelineUtilsThread - 0] INFO  pipeline.RatisPipelineProvider (RatisPipelineProvider.java:lambda$create$0(195)) - Sending CreatePipelineCommand for pipeline:PipelineID=ee83d239-2bad-4e7c-a64f-a0788789f9c8 to datanode:25446469-ee3e-40e0-a5a9-d9a79eb44528
2022-10-13 11:44:15,721 [RatisPipelineUtilsThread - 0] INFO  pipeline.PipelineStateManagerImpl (PipelineStateManagerImpl.java:addPipeline(103)) - Created pipeline Pipeline[ Id: ee83d239-2bad-4e7c-a64f-a0788789f9c8, Nodes: 25446469-ee3e-40e0-a5a9-d9a79eb44528{ip: 10.1.0.200, host: fv-az91-750.1u4dveb1r3ruphbftqvtwhitpc.gx.internal.cloudapp.net, ports: [REPLICATION=43711, RATIS=44607, RATIS_ADMIN=44607, RATIS_SERVER=44607, STANDALONE=35295], networkLocation: /default-rack, certSerialId: null, persistedOpState: IN_SERVICE, persistedOpStateExpiryEpochSec: 0}, ReplicationConfig: RATIS/ONE, State:ALLOCATED, leaderId:, CreationTimestamp2022-10-13T11:44:15.718Z[Etc/UTC]].
2022-10-13 11:44:16,046 [Command processor thread] INFO  server.RaftServer (RaftServerProxy.java:addNew(96)) - 5a62ffe2-9c96-4fd5-b7f5-bdbfc1f4ab24: addNew group-EB990D781EF8:[5a62ffe2-9c96-4fd5-b7f5-bdbfc1f4ab24|rpc:10.1.0.200:37863|priority:1] returns group-EB990D781EF8:java.util.concurrent.CompletableFuture@47fb54f7[Not completed]
2022-10-13 11:44:16,047 [pool-95-thread-1] INFO  server.RaftServer$Division (RaftServerImpl.java:<init>(190)) - 5a62ffe2-9c96-4fd5-b7f5-bdbfc1f4ab24: new RaftServerImpl for group-EB990D781EF8:[5a62ffe2-9c96-4fd5-b7f5-bdbfc1f4ab24|rpc:10.1.0.200:37863|priority:1] with ContainerStateMachine:uninitialized
2022-10-13 11:44:16,049 [pool-95-thread-1] INFO  server.RaftServerConfigKeys (ConfUtils.java:logGet(46)) - raft.server.rpc.timeout.min = 5s (custom)
2022-10-13 11:44:16,049 [pool-95-thread-1] INFO  server.RaftServerConfigKeys (ConfUtils.java:logGet(46)) - raft.server.rpc.timeout.max = 5200ms (custom)
2022-10-13 11:44:16,049 [pool-95-thread-1] INFO  server.RaftServerConfigKeys (ConfUtils.java:logGet(46)) - raft.server.rpc.sleep.time = 25ms (default)
2022-10-13 11:44:16,049 [pool-95-thread-1] INFO  server.RaftServerConfigKeys (ConfUtils.java:logGet(46)) - raft.server.rpc.slowness.timeout = 300s (custom)
2022-10-13 11:44:16,049 [pool-95-thread-1] INFO  server.RaftServerConfigKeys (ConfUtils.java:logGet(46)) - raft.server.leaderelection.leader.step-down.wait-time = 10s (default)
2022-10-13 11:44:16,049 [pool-95-thread-1] INFO  server.RaftServerConfigKeys (ConfUtils.java:logGet(46)) - raft.server.sleep.deviation.threshold = 300ms (default)
2022-10-13 11:44:16,049 [pool-95-thread-1] INFO  server.RaftServer$Division (ServerState.java:<init>(107)) - 5a62ffe2-9c96-4fd5-b7f5-bdbfc1f4ab24@group-EB990D781EF8: ConfigurationManager, init=-1: [5a62ffe2-9c96-4fd5-b7f5-bdbfc1f4ab24|rpc:10.1.0.200:37863|priority:1], old=null, confs=<EMPTY_MAP>
2022-10-13 11:44:16,049 [pool-95-thread-1] INFO  server.RaftServerConfigKeys (ConfUtils.java:logGet(46)) - raft.server.storage.dir = [/home/runner/work/ozone/ozone/hadoop-ozone/integration-test/target/test-dir/MiniOzoneClusterImpl-da935fb3-9ce5-49ab-a67c-f4b3beb884ab/datanode-1/data/ratis] (custom)
2022-10-13 11:44:16,050 [pool-95-thread-1] INFO  server.RaftServerConfigKeys (ConfUtils.java:logGet(46)) - raft.server.log.corruption.policy = EXCEPTION (default)
2022-10-13 11:44:16,050 [pool-95-thread-1] INFO  server.RaftServerConfigKeys (ConfUtils.java:logGet(46)) - raft.server.storage.free-space.min = 0MB (=0) (default)
2022-10-13 11:44:16,050 [pool-95-thread-1] INFO  storage.RaftStorageDirectory (RaftStorageDirectoryImpl.java:analyzeStorage(135)) - The storage directory /home/runner/work/ozone/ozone/hadoop-ozone/integration-test/target/test-dir/MiniOzoneClusterImpl-da935fb3-9ce5-49ab-a67c-f4b3beb884ab/datanode-1/data/ratis/59eb9f05-6f25-4e47-9243-eb990d781ef8 does not exist. Creating ...
2022-10-13 11:44:16,051 [pool-95-thread-1] INFO  storage.RaftStorageDirectory (RaftStorageDirectoryImpl.java:tryLock(230)) - Lock on /home/runner/work/ozone/ozone/hadoop-ozone/integration-test/target/test-dir/MiniOzoneClusterImpl-da935fb3-9ce5-49ab-a67c-f4b3beb884ab/datanode-1/data/ratis/59eb9f05-6f25-4e47-9243-eb990d781ef8/in_use.lock acquired by nodename 27914@fv-az91-750
2022-10-13 11:44:16,052 [pool-95-thread-1] INFO  storage.RaftStorage (RaftStorageImpl.java:format(89)) - Storage directory /home/runner/work/ozone/ozone/hadoop-ozone/integration-test/target/test-dir/MiniOzoneClusterImpl-da935fb3-9ce5-49ab-a67c-f4b3beb884ab/datanode-1/data/ratis/59eb9f05-6f25-4e47-9243-eb990d781ef8 has been successfully formatted.
2022-10-13 11:44:16,058 [EventQueue-PipelineReportForPipelineReportHandler] INFO  pipeline.PipelineManagerImpl (PipelineManagerImpl.java:openPipeline(367)) - Pipeline Pipeline[ Id: 59eb9f05-6f25-4e47-9243-eb990d781ef8, Nodes: 5a62ffe2-9c96-4fd5-b7f5-bdbfc1f4ab24{ip: 10.1.0.200, host: fv-az91-750.1u4dveb1r3ruphbftqvtwhitpc.gx.internal.cloudapp.net, ports: [REPLICATION=44935, RATIS=37863, RATIS_ADMIN=37863, RATIS_SERVER=37863, STANDALONE=43611], networkLocation: /default-rack, certSerialId: null, persistedOpState: IN_SERVICE, persistedOpStateExpiryEpochSec: 0}, ReplicationConfig: RATIS/ONE, State:ALLOCATED, leaderId:5a62ffe2-9c96-4fd5-b7f5-bdbfc1f4ab24, CreationTimestamp2022-10-13T11:44:13.047Z[Etc/UTC]] moved to OPEN state
2022-10-13 11:44:16,058 [EventQueue-OpenPipelineForHealthyPipelineSafeModeRule] INFO  safemode.SCMSafeModeManager (HealthyPipelineSafeModeRule.java:process(137)) - SCM in safe mode. Healthy pipelines reported count is 0, required healthy pipeline reported count is 1
2022-10-13 11:44:16,055 [pool-95-thread-1] INFO  ratis.ContainerStateMachine (ContainerStateMachine.java:loadSnapshot(236)) - group-EB990D781EF8: The snapshot info is null. Setting the last applied indexto:(t:0, i:~)
2022-10-13 11:44:16,059 [pool-95-thread-1] INFO  server.RaftServerConfigKeys (ConfUtils.java:logGet(46)) - raft.server.notification.no-leader.timeout = 300s (custom)
2022-10-13 11:44:16,059 [pool-95-thread-1] INFO  server.RaftServerConfigKeys (ConfUtils.java:logGet(46)) - raft.server.log.use.memory = false (default)
2022-10-13 11:44:16,066 [pool-95-thread-1] INFO  server.RaftServerConfigKeys (ConfUtils.java:logGet(46)) - raft.server.log.purge.gap = 1000000 (custom)
2022-10-13 11:44:16,066 [pool-95-thread-1] INFO  server.RaftServerConfigKeys (ConfUtils.java:logGet(46)) - raft.server.log.appender.buffer.byte-limit = 33554432 (custom)
2022-10-13 11:44:16,066 [pool-95-thread-1] INFO  server.RaftServerConfigKeys (ConfUtils.java:logGet(46)) - raft.server.log.statemachine.data.read.timeout = 1000ms (default)
2022-10-13 11:44:16,066 [pool-95-thread-1] INFO  server.RaftServerConfigKeys (ConfUtils.java:logGet(46)) - raft.server.log.segment.size.max = 1048576 (custom)
2022-10-13 11:44:16,067 [pool-95-thread-1] INFO  server.RaftServerConfigKeys (ConfUtils.java:logGet(46)) - raft.server.log.segment.cache.num.max = 2 (custom)
2022-10-13 11:44:16,067 [pool-95-thread-1] INFO  server.RaftServerConfigKeys (ConfUtils.java:logGet(46)) - raft.server.log.segment.cache.size.max = 200MB (=209715200) (default)
2022-10-13 11:44:16,067 [pool-95-thread-1] INFO  segmented.SegmentedRaftLogWorker (SegmentedRaftLogWorker.java:<init>(187)) - new 5a62ffe2-9c96-4fd5-b7f5-bdbfc1f4ab24@group-EB990D781EF8-SegmentedRaftLogWorker for RaftStorageImpl:Storage Directory /home/runner/work/ozone/ozone/hadoop-ozone/integration-test/target/test-dir/MiniOzoneClusterImpl-da935fb3-9ce5-49ab-a67c-f4b3beb884ab/datanode-1/data/ratis/59eb9f05-6f25-4e47-9243-eb990d781ef8
2022-10-13 11:44:16,067 [pool-95-thread-1] INFO  server.RaftServerConfigKeys (ConfUtils.java:logGet(46)) - raft.server.log.queue.byte-limit = 4294967296 (custom)
2022-10-13 11:44:16,067 [pool-95-thread-1] INFO  server.RaftServerConfigKeys (ConfUtils.java:logGet(46)) - raft.server.log.queue.element-limit = 1024 (custom)
2022-10-13 11:44:16,067 [pool-95-thread-1] INFO  server.RaftServerConfigKeys (ConfUtils.java:logGet(46)) - raft.server.log.segment.size.max = 1048576 (custom)
2022-10-13 11:44:16,067 [pool-95-thread-1] INFO  server.RaftServerConfigKeys (ConfUtils.java:logGet(46)) - raft.server.log.preallocated.size = 16384 (custom)
2022-10-13 11:44:16,068 [pool-95-thread-1] INFO  server.RaftServerConfigKeys (ConfUtils.java:logGet(46)) - raft.server.log.force.sync.num = 128 (default)
2022-10-13 11:44:16,068 [pool-95-thread-1] INFO  server.RaftServerConfigKeys (ConfUtils.java:logGet(46)) - raft.server.log.statemachine.data.sync = true (default)
2022-10-13 11:44:16,068 [pool-95-thread-1] INFO  server.RaftServerConfigKeys (ConfUtils.java:logGet(46)) - raft.server.log.statemachine.data.sync.timeout = 10s (default)
2022-10-13 11:44:16,068 [pool-95-thread-1] INFO  server.RaftServerConfigKeys (ConfUtils.java:logGet(46)) - raft.server.log.statemachine.data.sync.timeout.retry = -1 (default)
2022-10-13 11:44:16,069 [pool-95-thread-1] INFO  server.RaftServerConfigKeys (ConfUtils.java:logGet(46)) - raft.server.log.write.buffer.size = 1048576 (custom)
2022-10-13 11:44:16,069 [pool-95-thread-1] INFO  server.RaftServerConfigKeys (ConfUtils.java:logGet(46)) - raft.server.log.unsafe-flush.enabled = false (default)
2022-10-13 11:44:16,069 [pool-95-thread-1] INFO  server.RaftServerConfigKeys (ConfUtils.java:logGet(46)) - raft.server.log.statemachine.data.caching.enabled = true (custom)
2022-10-13 11:44:16,069 [pool-95-thread-1] INFO  segmented.SegmentedRaftLogWorker (SegmentedRaftLogWorker.java:lambda$new$0(135)) - 5a62ffe2-9c96-4fd5-b7f5-bdbfc1f4ab24@group-EB990D781EF8-SegmentedRaftLogWorker: flushIndex: setUnconditionally 0 -> -1
2022-10-13 11:44:16,070 [pool-95-thread-1] INFO  segmented.SegmentedRaftLogWorker (SegmentedRaftLogWorker.java:lambda$new$0(135)) - 5a62ffe2-9c96-4fd5-b7f5-bdbfc1f4ab24@group-EB990D781EF8-SegmentedRaftLogWorker: safeCacheEvictIndex: setUnconditionally 0 -> -1
2022-10-13 11:44:16,080 [pool-95-thread-1] INFO  server.RaftServerConfigKeys (ConfUtils.java:logGet(46)) - raft.server.snapshot.auto.trigger.enabled = true (custom)
2022-10-13 11:44:16,080 [pool-95-thread-1] INFO  server.RaftServerConfigKeys (ConfUtils.java:logGet(46)) - raft.server.snapshot.auto.trigger.threshold = 10000 (custom)
2022-10-13 11:44:16,080 [pool-95-thread-1] INFO  server.RaftServerConfigKeys (ConfUtils.java:logGet(46)) - raft.server.snapshot.retention.file.num = 5 (custom)
2022-10-13 11:44:16,080 [pool-95-thread-1] INFO  server.RaftServerConfigKeys (ConfUtils.java:logGet(46)) - raft.server.log.purge.upto.snapshot.index = false (default)
2022-10-13 11:44:16,080 [pool-95-thread-1] INFO  server.RaftServerConfigKeys (ConfUtils.java:logGet(46)) - raft.server.retrycache.expirytime = 600000ms (custom)
2022-10-13 11:44:16,080 [pool-95-thread-1] INFO  server.RaftServerConfigKeys (ConfUtils.java:logGet(46)) - raft.server.retrycache.statistics.expirytime = 100μs (default)
2022-10-13 11:44:16,082 [pool-95-thread-1] INFO  server.RaftServerConfigKeys (ConfUtils.java:logGet(46)) - raft.server.log.appender.install.snapshot.enabled = false (custom)
2022-10-13 11:44:16,082 [pool-95-thread-1] INFO  server.RaftServerConfigKeys (ConfUtils.java:logGet(46)) - raft.server.threadpool.server.cached = true (default)
2022-10-13 11:44:16,082 [pool-95-thread-1] INFO  server.RaftServerConfigKeys (ConfUtils.java:logGet(46)) - raft.server.threadpool.server.size = 0 (default)
2022-10-13 11:44:16,082 [pool-95-thread-1] INFO  server.RaftServerConfigKeys (ConfUtils.java:logGet(46)) - raft.server.threadpool.client.cached = true (default)
2022-10-13 11:44:16,082 [pool-95-thread-1] INFO  server.RaftServerConfigKeys (ConfUtils.java:logGet(46)) - raft.server.threadpool.client.size = 0 (default)
2022-10-13 11:44:16,083 [pool-95-thread-1] INFO  server.RaftServer$Division (RaftServerImpl.java:start(310)) - 5a62ffe2-9c96-4fd5-b7f5-bdbfc1f4ab24@group-EB990D781EF8: start as a follower, conf=-1: [5a62ffe2-9c96-4fd5-b7f5-bdbfc1f4ab24|rpc:10.1.0.200:37863|priority:1], old=null
2022-10-13 11:44:16,083 [pool-95-thread-1] INFO  server.RaftServer$Division (RaftServerImpl.java:setRole(299)) - 5a62ffe2-9c96-4fd5-b7f5-bdbfc1f4ab24@group-EB990D781EF8: changes role from      null to FOLLOWER at term 0 for startAsFollower
2022-10-13 11:44:16,083 [pool-95-thread-1] INFO  impl.RoleInfo (RoleInfo.java:updateAndGet(139)) - 5a62ffe2-9c96-4fd5-b7f5-bdbfc1f4ab24: start 5a62ffe2-9c96-4fd5-b7f5-bdbfc1f4ab24@group-EB990D781EF8-FollowerState
2022-10-13 11:44:16,087 [pool-95-thread-1] INFO  util.JmxRegister (JmxRegister.java:tryRegister(44)) - Successfully registered JMX Bean with object name Ratis:service=RaftServer,group=group-EB990D781EF8,id=5a62ffe2-9c96-4fd5-b7f5-bdbfc1f4ab24
2022-10-13 11:44:16,097 [Command processor thread] INFO  ratis.XceiverServerRatis (XceiverServerRatis.java:addGroup(765)) - Created group PipelineID=59eb9f05-6f25-4e47-9243-eb990d781ef8
2022-10-13 11:44:16,097 [Command processor thread] INFO  commandhandler.CreatePipelineCommandHandler (CreatePipelineCommandHandler.java:handle(113)) - Created Pipeline RATIS ONE PipelineID=59eb9f05-6f25-4e47-9243-eb990d781ef8.
2022-10-13 11:44:16,097 [Command processor thread] INFO  server.RaftServer (RaftServerProxy.java:addNew(96)) - 5a62ffe2-9c96-4fd5-b7f5-bdbfc1f4ab24: addNew group-4CFC337056EE:[5a62ffe2-9c96-4fd5-b7f5-bdbfc1f4ab24|rpc:10.1.0.200:37863|priority:0, 7bf9862a-bc69-4cc0-99fb-78386598ce26|rpc:10.1.0.200:43955|priority:0, 458f4e14-7f73-425f-a1e6-d20318ddd1ae|rpc:10.1.0.200:33873|priority:1] returns group-4CFC337056EE:java.util.concurrent.CompletableFuture@43c4d8d0[Not completed]
2022-10-13 11:44:16,098 [pool-95-thread-1] INFO  server.RaftServer$Division (RaftServerImpl.java:<init>(190)) - 5a62ffe2-9c96-4fd5-b7f5-bdbfc1f4ab24: new RaftServerImpl for group-4CFC337056EE:[5a62ffe2-9c96-4fd5-b7f5-bdbfc1f4ab24|rpc:10.1.0.200:37863|priority:0, 7bf9862a-bc69-4cc0-99fb-78386598ce26|rpc:10.1.0.200:43955|priority:0, 458f4e14-7f73-425f-a1e6-d20318ddd1ae|rpc:10.1.0.200:33873|priority:1] with ContainerStateMachine:uninitialized
2022-10-13 11:44:16,098 [pool-95-thread-1] INFO  server.RaftServerConfigKeys (ConfUtils.java:logGet(46)) - raft.server.rpc.timeout.min = 5s (custom)
2022-10-13 11:44:16,098 [pool-95-thread-1] INFO  server.RaftServerConfigKeys (ConfUtils.java:logGet(46)) - raft.server.rpc.timeout.max = 5200ms (custom)
2022-10-13 11:44:16,098 [pool-95-thread-1] INFO  server.RaftServerConfigKeys (ConfUtils.java:logGet(46)) - raft.server.rpc.sleep.time = 25ms (default)
2022-10-13 11:44:16,099 [pool-95-thread-1] INFO  server.RaftServerConfigKeys (ConfUtils.java:logGet(46)) - raft.server.rpc.slowness.timeout = 300s (custom)
2022-10-13 11:44:16,099 [pool-95-thread-1] INFO  server.RaftServerConfigKeys (ConfUtils.java:logGet(46)) - raft.server.leaderelection.leader.step-down.wait-time = 10s (default)
2022-10-13 11:44:16,099 [pool-95-thread-1] INFO  server.RaftServerConfigKeys (ConfUtils.java:logGet(46)) - raft.server.sleep.deviation.threshold = 300ms (default)
2022-10-13 11:44:16,099 [pool-95-thread-1] INFO  server.RaftServer$Division (ServerState.java:<init>(107)) - 5a62ffe2-9c96-4fd5-b7f5-bdbfc1f4ab24@group-4CFC337056EE: ConfigurationManager, init=-1: [5a62ffe2-9c96-4fd5-b7f5-bdbfc1f4ab24|rpc:10.1.0.200:37863|priority:0, 7bf9862a-bc69-4cc0-99fb-78386598ce26|rpc:10.1.0.200:43955|priority:0, 458f4e14-7f73-425f-a1e6-d20318ddd1ae|rpc:10.1.0.200:33873|priority:1], old=null, confs=<EMPTY_MAP>
2022-10-13 11:44:16,099 [pool-95-thread-1] INFO  server.RaftServerConfigKeys (ConfUtils.java:logGet(46)) - raft.server.storage.dir = [/home/runner/work/ozone/ozone/hadoop-ozone/integration-test/target/test-dir/MiniOzoneClusterImpl-da935fb3-9ce5-49ab-a67c-f4b3beb884ab/datanode-1/data/ratis] (custom)
2022-10-13 11:44:16,099 [pool-95-thread-1] INFO  server.RaftServerConfigKeys (ConfUtils.java:logGet(46)) - raft.server.log.corruption.policy = EXCEPTION (default)
2022-10-13 11:44:16,099 [pool-95-thread-1] INFO  server.RaftServerConfigKeys (ConfUtils.java:logGet(46)) - raft.server.storage.free-space.min = 0MB (=0) (default)
2022-10-13 11:44:16,099 [pool-95-thread-1] INFO  storage.RaftStorageDirectory (RaftStorageDirectoryImpl.java:analyzeStorage(135)) - The storage directory /home/runner/work/ozone/ozone/hadoop-ozone/integration-test/target/test-dir/MiniOzoneClusterImpl-da935fb3-9ce5-49ab-a67c-f4b3beb884ab/datanode-1/data/ratis/39f242bf-157f-4c7d-8f01-4cfc337056ee does not exist. Creating ...
2022-10-13 11:44:16,102 [pool-95-thread-1] INFO  storage.RaftStorageDirectory (RaftStorageDirectoryImpl.java:tryLock(230)) - Lock on /home/runner/work/ozone/ozone/hadoop-ozone/integration-test/target/test-dir/MiniOzoneClusterImpl-da935fb3-9ce5-49ab-a67c-f4b3beb884ab/datanode-1/data/ratis/39f242bf-157f-4c7d-8f01-4cfc337056ee/in_use.lock acquired by nodename 27914@fv-az91-750
2022-10-13 11:44:16,106 [pool-95-thread-1] INFO  storage.RaftStorage (RaftStorageImpl.java:format(89)) - Storage directory /home/runner/work/ozone/ozone/hadoop-ozone/integration-test/target/test-dir/MiniOzoneClusterImpl-da935fb3-9ce5-49ab-a67c-f4b3beb884ab/datanode-1/data/ratis/39f242bf-157f-4c7d-8f01-4cfc337056ee has been successfully formatted.
2022-10-13 11:44:16,106 [pool-95-thread-1] INFO  ratis.ContainerStateMachine (ContainerStateMachine.java:loadSnapshot(236)) - group-4CFC337056EE: The snapshot info is null. Setting the last applied indexto:(t:0, i:~)
2022-10-13 11:44:16,106 [pool-95-thread-1] INFO  server.RaftServerConfigKeys (ConfUtils.java:logGet(46)) - raft.server.notification.no-leader.timeout = 300s (custom)
2022-10-13 11:44:16,106 [pool-95-thread-1] INFO  server.RaftServerConfigKeys (ConfUtils.java:logGet(46)) - raft.server.log.use.memory = false (default)
2022-10-13 11:44:16,106 [pool-95-thread-1] INFO  server.RaftServerConfigKeys (ConfUtils.java:logGet(46)) - raft.server.log.purge.gap = 1000000 (custom)
2022-10-13 11:44:16,107 [pool-95-thread-1] INFO  server.RaftServerConfigKeys (ConfUtils.java:logGet(46)) - raft.server.log.appender.buffer.byte-limit = 33554432 (custom)
2022-10-13 11:44:16,107 [pool-95-thread-1] INFO  server.RaftServerConfigKeys (ConfUtils.java:logGet(46)) - raft.server.log.statemachine.data.read.timeout = 1000ms (default)
2022-10-13 11:44:16,109 [pool-95-thread-1] INFO  server.RaftServerConfigKeys (ConfUtils.java:logGet(46)) - raft.server.log.segment.size.max = 1048576 (custom)
2022-10-13 11:44:16,110 [EventQueue-OpenPipelineForHealthyPipelineSafeModeRule] INFO  safemode.SCMSafeModeManager (HealthyPipelineSafeModeRule.java:process(137)) - SCM in safe mode. Healthy pipelines reported count is 0, required healthy pipeline reported count is 1
2022-10-13 11:44:16,111 [pool-95-thread-1] INFO  server.RaftServerConfigKeys (ConfUtils.java:logGet(46)) - raft.server.log.segment.cache.num.max = 2 (custom)
2022-10-13 11:44:16,114 [pool-95-thread-1] INFO  server.RaftServerConfigKeys (ConfUtils.java:logGet(46)) - raft.server.log.segment.cache.size.max = 200MB (=209715200) (default)
2022-10-13 11:44:16,114 [pool-95-thread-1] INFO  segmented.SegmentedRaftLogWorker (SegmentedRaftLogWorker.java:<init>(187)) - new 5a62ffe2-9c96-4fd5-b7f5-bdbfc1f4ab24@group-4CFC337056EE-SegmentedRaftLogWorker for RaftStorageImpl:Storage Directory /home/runner/work/ozone/ozone/hadoop-ozone/integration-test/target/test-dir/MiniOzoneClusterImpl-da935fb3-9ce5-49ab-a67c-f4b3beb884ab/datanode-1/data/ratis/39f242bf-157f-4c7d-8f01-4cfc337056ee
2022-10-13 11:44:16,114 [pool-95-thread-1] INFO  server.RaftServerConfigKeys (ConfUtils.java:logGet(46)) - raft.server.log.queue.byte-limit = 4294967296 (custom)
2022-10-13 11:44:16,114 [pool-95-thread-1] INFO  server.RaftServerConfigKeys (ConfUtils.java:logGet(46)) - raft.server.log.queue.element-limit = 1024 (custom)
2022-10-13 11:44:16,114 [pool-95-thread-1] INFO  server.RaftServerConfigKeys (ConfUtils.java:logGet(46)) - raft.server.log.segment.size.max = 1048576 (custom)
2022-10-13 11:44:16,115 [pool-95-thread-1] INFO  server.RaftServerConfigKeys (ConfUtils.java:logGet(46)) - raft.server.log.preallocated.size = 16384 (custom)
2022-10-13 11:44:16,115 [pool-95-thread-1] INFO  server.RaftServerConfigKeys (ConfUtils.java:logGet(46)) - raft.server.log.force.sync.num = 128 (default)
2022-10-13 11:44:16,115 [pool-95-thread-1] INFO  server.RaftServerConfigKeys (ConfUtils.java:logGet(46)) - raft.server.log.statemachine.data.sync = true (default)
2022-10-13 11:44:16,115 [pool-95-thread-1] INFO  server.RaftServerConfigKeys (ConfUtils.java:logGet(46)) - raft.server.log.statemachine.data.sync.timeout = 10s (default)
2022-10-13 11:44:16,115 [pool-95-thread-1] INFO  server.RaftServerConfigKeys (ConfUtils.java:logGet(46)) - raft.server.log.statemachine.data.sync.timeout.retry = -1 (default)
2022-10-13 11:44:16,116 [pool-95-thread-1] INFO  server.RaftServerConfigKeys (ConfUtils.java:logGet(46)) - raft.server.log.write.buffer.size = 1048576 (custom)
2022-10-13 11:44:16,116 [pool-95-thread-1] INFO  server.RaftServerConfigKeys (ConfUtils.java:logGet(46)) - raft.server.log.unsafe-flush.enabled = false (default)
2022-10-13 11:44:16,117 [pool-95-thread-1] INFO  server.RaftServerConfigKeys (ConfUtils.java:logGet(46)) - raft.server.log.statemachine.data.caching.enabled = true (custom)
2022-10-13 11:44:16,117 [pool-95-thread-1] INFO  segmented.SegmentedRaftLogWorker (SegmentedRaftLogWorker.java:lambda$new$0(135)) - 5a62ffe2-9c96-4fd5-b7f5-bdbfc1f4ab24@group-4CFC337056EE-SegmentedRaftLogWorker: flushIndex: setUnconditionally 0 -> -1
2022-10-13 11:44:16,117 [pool-95-thread-1] INFO  segmented.SegmentedRaftLogWorker (SegmentedRaftLogWorker.java:lambda$new$0(135)) - 5a62ffe2-9c96-4fd5-b7f5-bdbfc1f4ab24@group-4CFC337056EE-SegmentedRaftLogWorker: safeCacheEvictIndex: setUnconditionally 0 -> -1
2022-10-13 11:44:16,118 [pool-95-thread-1] INFO  server.RaftServerConfigKeys (ConfUtils.java:logGet(46)) - raft.server.snapshot.auto.trigger.enabled = true (custom)
2022-10-13 11:44:16,118 [pool-95-thread-1] INFO  server.RaftServerConfigKeys (ConfUtils.java:logGet(46)) - raft.server.snapshot.auto.trigger.threshold = 10000 (custom)
2022-10-13 11:44:16,118 [pool-95-thread-1] INFO  server.RaftServerConfigKeys (ConfUtils.java:logGet(46)) - raft.server.snapshot.retention.file.num = 5 (custom)
2022-10-13 11:44:16,118 [pool-95-thread-1] INFO  server.RaftServerConfigKeys (ConfUtils.java:logGet(46)) - raft.server.log.purge.upto.snapshot.index = false (default)
2022-10-13 11:44:16,118 [pool-95-thread-1] INFO  server.RaftServerConfigKeys (ConfUtils.java:logGet(46)) - raft.server.retrycache.expirytime = 600000ms (custom)
2022-10-13 11:44:16,118 [pool-95-thread-1] INFO  server.RaftServerConfigKeys (ConfUtils.java:logGet(46)) - raft.server.retrycache.statistics.expirytime = 100μs (default)
2022-10-13 11:44:16,126 [pool-95-thread-1] INFO  server.RaftServerConfigKeys (ConfUtils.java:logGet(46)) - raft.server.log.appender.install.snapshot.enabled = false (custom)
2022-10-13 11:44:16,126 [pool-95-thread-1] INFO  server.RaftServerConfigKeys (ConfUtils.java:logGet(46)) - raft.server.threadpool.server.cached = true (default)
2022-10-13 11:44:16,126 [pool-95-thread-1] INFO  server.RaftServerConfigKeys (ConfUtils.java:logGet(46)) - raft.server.threadpool.server.size = 0 (default)
2022-10-13 11:44:16,126 [pool-95-thread-1] INFO  server.RaftServerConfigKeys (ConfUtils.java:logGet(46)) - raft.server.threadpool.client.cached = true (default)
2022-10-13 11:44:16,126 [pool-95-thread-1] INFO  server.RaftServerConfigKeys (ConfUtils.java:logGet(46)) - raft.server.threadpool.client.size = 0 (default)
2022-10-13 11:44:16,126 [pool-95-thread-1] INFO  server.RaftServer$Division (RaftServerImpl.java:start(310)) - 5a62ffe2-9c96-4fd5-b7f5-bdbfc1f4ab24@group-4CFC337056EE: start as a follower, conf=-1: [5a62ffe2-9c96-4fd5-b7f5-bdbfc1f4ab24|rpc:10.1.0.200:37863|priority:0, 7bf9862a-bc69-4cc0-99fb-78386598ce26|rpc:10.1.0.200:43955|priority:0, 458f4e14-7f73-425f-a1e6-d20318ddd1ae|rpc:10.1.0.200:33873|priority:1], old=null
2022-10-13 11:44:16,126 [pool-95-thread-1] INFO  server.RaftServer$Division (RaftServerImpl.java:setRole(299)) - 5a62ffe2-9c96-4fd5-b7f5-bdbfc1f4ab24@group-4CFC337056EE: changes role from      null to FOLLOWER at term 0 for startAsFollower
2022-10-13 11:44:16,126 [pool-95-thread-1] INFO  impl.RoleInfo (RoleInfo.java:updateAndGet(139)) - 5a62ffe2-9c96-4fd5-b7f5-bdbfc1f4ab24: start 5a62ffe2-9c96-4fd5-b7f5-bdbfc1f4ab24@group-4CFC337056EE-FollowerState
2022-10-13 11:44:16,129 [pool-95-thread-1] INFO  util.JmxRegister (JmxRegister.java:tryRegister(44)) - Successfully registered JMX Bean with object name Ratis:service=RaftServer,group=group-4CFC337056EE,id=5a62ffe2-9c96-4fd5-b7f5-bdbfc1f4ab24
2022-10-13 11:44:16,133 [Command processor thread] INFO  ratis.XceiverServerRatis (XceiverServerRatis.java:addGroup(765)) - Created group PipelineID=39f242bf-157f-4c7d-8f01-4cfc337056ee
2022-10-13 11:44:16,166 [grpc-default-executor-1] INFO  server.RaftServer (RaftServerProxy.java:addNew(96)) - 458f4e14-7f73-425f-a1e6-d20318ddd1ae: addNew group-4CFC337056EE:[5a62ffe2-9c96-4fd5-b7f5-bdbfc1f4ab24|rpc:10.1.0.200:37863|dataStream:|priority:0, 7bf9862a-bc69-4cc0-99fb-78386598ce26|rpc:10.1.0.200:43955|dataStream:|priority:0, 458f4e14-7f73-425f-a1e6-d20318ddd1ae|rpc:10.1.0.200:33873|dataStream:|priority:1] returns group-4CFC337056EE:java.util.concurrent.CompletableFuture@6c5b61da[Not completed]
2022-10-13 11:44:16,167 [pool-118-thread-1] INFO  server.RaftServer$Division (RaftServerImpl.java:<init>(190)) - 458f4e14-7f73-425f-a1e6-d20318ddd1ae: new RaftServerImpl for group-4CFC337056EE:[5a62ffe2-9c96-4fd5-b7f5-bdbfc1f4ab24|rpc:10.1.0.200:37863|dataStream:|priority:0, 7bf9862a-bc69-4cc0-99fb-78386598ce26|rpc:10.1.0.200:43955|dataStream:|priority:0, 458f4e14-7f73-425f-a1e6-d20318ddd1ae|rpc:10.1.0.200:33873|dataStream:|priority:1] with ContainerStateMachine:uninitialized
2022-10-13 11:44:16,167 [pool-118-thread-1] INFO  server.RaftServerConfigKeys (ConfUtils.java:logGet(46)) - raft.server.rpc.timeout.min = 5s (custom)
2022-10-13 11:44:16,167 [pool-118-thread-1] INFO  server.RaftServerConfigKeys (ConfUtils.java:logGet(46)) - raft.server.rpc.timeout.max = 5200ms (custom)
2022-10-13 11:44:16,167 [pool-118-thread-1] INFO  server.RaftServerConfigKeys (ConfUtils.java:logGet(46)) - raft.server.rpc.sleep.time = 25ms (default)
2022-10-13 11:44:16,167 [pool-118-thread-1] INFO  server.RaftServerConfigKeys (ConfUtils.java:logGet(46)) - raft.server.rpc.slowness.timeout = 300s (custom)
2022-10-13 11:44:16,167 [pool-118-thread-1] INFO  server.RaftServerConfigKeys (ConfUtils.java:logGet(46)) - raft.server.leaderelection.leader.step-down.wait-time = 10s (default)
2022-10-13 11:44:16,167 [pool-118-thread-1] INFO  server.RaftServerConfigKeys (ConfUtils.java:logGet(46)) - raft.server.sleep.deviation.threshold = 300ms (default)
2022-10-13 11:44:16,167 [pool-118-thread-1] INFO  server.RaftServer$Division (ServerState.java:<init>(107)) - 458f4e14-7f73-425f-a1e6-d20318ddd1ae@group-4CFC337056EE: ConfigurationManager, init=-1: [5a62ffe2-9c96-4fd5-b7f5-bdbfc1f4ab24|rpc:10.1.0.200:37863|dataStream:|priority:0, 7bf9862a-bc69-4cc0-99fb-78386598ce26|rpc:10.1.0.200:43955|dataStream:|priority:0, 458f4e14-7f73-425f-a1e6-d20318ddd1ae|rpc:10.1.0.200:33873|dataStream:|priority:1], old=null, confs=<EMPTY_MAP>
2022-10-13 11:44:16,167 [pool-118-thread-1] INFO  server.RaftServerConfigKeys (ConfUtils.java:logGet(46)) - raft.server.storage.dir = [/home/runner/work/ozone/ozone/hadoop-ozone/integration-test/target/test-dir/MiniOzoneClusterImpl-da935fb3-9ce5-49ab-a67c-f4b3beb884ab/datanode-2/data/ratis] (custom)
2022-10-13 11:44:16,167 [pool-118-thread-1] INFO  server.RaftServerConfigKeys (ConfUtils.java:logGet(46)) - raft.server.log.corruption.policy = EXCEPTION (default)
2022-10-13 11:44:16,167 [pool-118-thread-1] INFO  server.RaftServerConfigKeys (ConfUtils.java:logGet(46)) - raft.server.storage.free-space.min = 0MB (=0) (default)
2022-10-13 11:44:16,167 [pool-118-thread-1] INFO  storage.RaftStorageDirectory (RaftStorageDirectoryImpl.java:analyzeStorage(135)) - The storage directory /home/runner/work/ozone/ozone/hadoop-ozone/integration-test/target/test-dir/MiniOzoneClusterImpl-da935fb3-9ce5-49ab-a67c-f4b3beb884ab/datanode-2/data/ratis/39f242bf-157f-4c7d-8f01-4cfc337056ee does not exist. Creating ...
2022-10-13 11:44:16,169 [pool-118-thread-1] INFO  storage.RaftStorageDirectory (RaftStorageDirectoryImpl.java:tryLock(230)) - Lock on /home/runner/work/ozone/ozone/hadoop-ozone/integration-test/target/test-dir/MiniOzoneClusterImpl-da935fb3-9ce5-49ab-a67c-f4b3beb884ab/datanode-2/data/ratis/39f242bf-157f-4c7d-8f01-4cfc337056ee/in_use.lock acquired by nodename 27914@fv-az91-750
2022-10-13 11:44:16,170 [pool-118-thread-1] INFO  storage.RaftStorage (RaftStorageImpl.java:format(89)) - Storage directory /home/runner/work/ozone/ozone/hadoop-ozone/integration-test/target/test-dir/MiniOzoneClusterImpl-da935fb3-9ce5-49ab-a67c-f4b3beb884ab/datanode-2/data/ratis/39f242bf-157f-4c7d-8f01-4cfc337056ee has been successfully formatted.
2022-10-13 11:44:16,170 [pool-118-thread-1] INFO  ratis.ContainerStateMachine (ContainerStateMachine.java:loadSnapshot(236)) - group-4CFC337056EE: The snapshot info is null. Setting the last applied indexto:(t:0, i:~)
2022-10-13 11:44:16,172 [pool-118-thread-1] INFO  server.RaftServerConfigKeys (ConfUtils.java:logGet(46)) - raft.server.notification.no-leader.timeout = 300s (custom)
2022-10-13 11:44:16,172 [pool-118-thread-1] INFO  server.RaftServerConfigKeys (ConfUtils.java:logGet(46)) - raft.server.log.use.memory = false (default)
2022-10-13 11:44:16,172 [pool-118-thread-1] INFO  server.RaftServerConfigKeys (ConfUtils.java:logGet(46)) - raft.server.log.purge.gap = 1000000 (custom)
2022-10-13 11:44:16,172 [pool-118-thread-1] INFO  server.RaftServerConfigKeys (ConfUtils.java:logGet(46)) - raft.server.log.appender.buffer.byte-limit = 33554432 (custom)
2022-10-13 11:44:16,173 [pool-118-thread-1] INFO  server.RaftServerConfigKeys (ConfUtils.java:logGet(46)) - raft.server.log.statemachine.data.read.timeout = 1000ms (default)
2022-10-13 11:44:16,177 [pool-118-thread-1] INFO  server.RaftServerConfigKeys (ConfUtils.java:logGet(46)) - raft.server.log.segment.size.max = 1048576 (custom)
2022-10-13 11:44:16,178 [pool-118-thread-1] INFO  server.RaftServerConfigKeys (ConfUtils.java:logGet(46)) - raft.server.log.segment.cache.num.max = 2 (custom)
2022-10-13 11:44:16,178 [pool-118-thread-1] INFO  server.RaftServerConfigKeys (ConfUtils.java:logGet(46)) - raft.server.log.segment.cache.size.max = 200MB (=209715200) (default)
2022-10-13 11:44:16,178 [pool-118-thread-1] INFO  segmented.SegmentedRaftLogWorker (SegmentedRaftLogWorker.java:<init>(187)) - new 458f4e14-7f73-425f-a1e6-d20318ddd1ae@group-4CFC337056EE-SegmentedRaftLogWorker for RaftStorageImpl:Storage Directory /home/runner/work/ozone/ozone/hadoop-ozone/integration-test/target/test-dir/MiniOzoneClusterImpl-da935fb3-9ce5-49ab-a67c-f4b3beb884ab/datanode-2/data/ratis/39f242bf-157f-4c7d-8f01-4cfc337056ee
2022-10-13 11:44:16,178 [pool-118-thread-1] INFO  server.RaftServerConfigKeys (ConfUtils.java:logGet(46)) - raft.server.log.queue.byte-limit = 4294967296 (custom)
2022-10-13 11:44:16,178 [pool-118-thread-1] INFO  server.RaftServerConfigKeys (ConfUtils.java:logGet(46)) - raft.server.log.queue.element-limit = 1024 (custom)
2022-10-13 11:44:16,178 [pool-118-thread-1] INFO  server.RaftServerConfigKeys (ConfUtils.java:logGet(46)) - raft.server.log.segment.size.max = 1048576 (custom)
2022-10-13 11:44:16,178 [pool-118-thread-1] INFO  server.RaftServerConfigKeys (ConfUtils.java:logGet(46)) - raft.server.log.preallocated.size = 16384 (custom)
2022-10-13 11:44:16,178 [pool-118-thread-1] INFO  server.RaftServerConfigKeys (ConfUtils.java:logGet(46)) - raft.server.log.force.sync.num = 128 (default)
2022-10-13 11:44:16,178 [pool-118-thread-1] INFO  server.RaftServerConfigKeys (ConfUtils.java:logGet(46)) - raft.server.log.statemachine.data.sync = true (default)
2022-10-13 11:44:16,178 [pool-118-thread-1] INFO  server.RaftServerConfigKeys (ConfUtils.java:logGet(46)) - raft.server.log.statemachine.data.sync.timeout = 10s (default)
2022-10-13 11:44:16,178 [pool-118-thread-1] INFO  server.RaftServerConfigKeys (ConfUtils.java:logGet(46)) - raft.server.log.statemachine.data.sync.timeout.retry = -1 (default)
2022-10-13 11:44:16,179 [pool-118-thread-1] INFO  server.RaftServerConfigKeys (ConfUtils.java:logGet(46)) - raft.server.log.write.buffer.size = 1048576 (custom)
2022-10-13 11:44:16,180 [pool-118-thread-1] INFO  server.RaftServerConfigKeys (ConfUtils.java:logGet(46)) - raft.server.log.unsafe-flush.enabled = false (default)
2022-10-13 11:44:16,180 [pool-118-thread-1] INFO  server.RaftServerConfigKeys (ConfUtils.java:logGet(46)) - raft.server.log.statemachine.data.caching.enabled = true (custom)
2022-10-13 11:44:16,180 [pool-118-thread-1] INFO  segmented.SegmentedRaftLogWorker (SegmentedRaftLogWorker.java:lambda$new$0(135)) - 458f4e14-7f73-425f-a1e6-d20318ddd1ae@group-4CFC337056EE-SegmentedRaftLogWorker: flushIndex: setUnconditionally 0 -> -1
2022-10-13 11:44:16,180 [pool-118-thread-1] INFO  segmented.SegmentedRaftLogWorker (SegmentedRaftLogWorker.java:lambda$new$0(135)) - 458f4e14-7f73-425f-a1e6-d20318ddd1ae@group-4CFC337056EE-SegmentedRaftLogWorker: safeCacheEvictIndex: setUnconditionally 0 -> -1
2022-10-13 11:44:16,186 [pool-118-thread-1] INFO  server.RaftServerConfigKeys (ConfUtils.java:logGet(46)) - raft.server.snapshot.auto.trigger.enabled = true (custom)
2022-10-13 11:44:16,186 [pool-118-thread-1] INFO  server.RaftServerConfigKeys (ConfUtils.java:logGet(46)) - raft.server.snapshot.auto.trigger.threshold = 10000 (custom)
2022-10-13 11:44:16,186 [pool-118-thread-1] INFO  server.RaftServerConfigKeys (ConfUtils.java:logGet(46)) - raft.server.snapshot.retention.file.num = 5 (custom)
2022-10-13 11:44:16,186 [pool-118-thread-1] INFO  server.RaftServerConfigKeys (ConfUtils.java:logGet(46)) - raft.server.log.purge.upto.snapshot.index = false (default)
2022-10-13 11:44:16,186 [pool-118-thread-1] INFO  server.RaftServerConfigKeys (ConfUtils.java:logGet(46)) - raft.server.retrycache.expirytime = 600000ms (custom)
2022-10-13 11:44:16,186 [pool-118-thread-1] INFO  server.RaftServerConfigKeys (ConfUtils.java:logGet(46)) - raft.server.retrycache.statistics.expirytime = 100μs (default)
2022-10-13 11:44:16,188 [pool-118-thread-1] INFO  server.RaftServerConfigKeys (ConfUtils.java:logGet(46)) - raft.server.log.appender.install.snapshot.enabled = false (custom)
2022-10-13 11:44:16,188 [pool-118-thread-1] INFO  server.RaftServerConfigKeys (ConfUtils.java:logGet(46)) - raft.server.threadpool.server.cached = true (default)
2022-10-13 11:44:16,188 [pool-118-thread-1] INFO  server.RaftServerConfigKeys (ConfUtils.java:logGet(46)) - raft.server.threadpool.server.size = 0 (default)
2022-10-13 11:44:16,188 [pool-118-thread-1] INFO  server.RaftServerConfigKeys (ConfUtils.java:logGet(46)) - raft.server.threadpool.client.cached = true (default)
2022-10-13 11:44:16,188 [pool-118-thread-1] INFO  server.RaftServerConfigKeys (ConfUtils.java:logGet(46)) - raft.server.threadpool.client.size = 0 (default)
2022-10-13 11:44:16,188 [pool-118-thread-1] INFO  server.RaftServer$Division (RaftServerImpl.java:start(310)) - 458f4e14-7f73-425f-a1e6-d20318ddd1ae@group-4CFC337056EE: start as a follower, conf=-1: [5a62ffe2-9c96-4fd5-b7f5-bdbfc1f4ab24|rpc:10.1.0.200:37863|dataStream:|priority:0, 7bf9862a-bc69-4cc0-99fb-78386598ce26|rpc:10.1.0.200:43955|dataStream:|priority:0, 458f4e14-7f73-425f-a1e6-d20318ddd1ae|rpc:10.1.0.200:33873|dataStream:|priority:1], old=null
2022-10-13 11:44:16,188 [pool-118-thread-1] INFO  server.RaftServer$Division (RaftServerImpl.java:setRole(299)) - 458f4e14-7f73-425f-a1e6-d20318ddd1ae@group-4CFC337056EE: changes role from      null to FOLLOWER at term 0 for startAsFollower
2022-10-13 11:44:16,188 [pool-118-thread-1] INFO  impl.RoleInfo (RoleInfo.java:updateAndGet(139)) - 458f4e14-7f73-425f-a1e6-d20318ddd1ae: start 458f4e14-7f73-425f-a1e6-d20318ddd1ae@group-4CFC337056EE-FollowerState
2022-10-13 11:44:16,195 [pool-118-thread-1] INFO  util.JmxRegister (JmxRegister.java:tryRegister(44)) - Successfully registered JMX Bean with object name Ratis:service=RaftServer,group=group-4CFC337056EE,id=458f4e14-7f73-425f-a1e6-d20318ddd1ae
2022-10-13 11:44:16,295 [Command processor thread] INFO  commandhandler.CreatePipelineCommandHandler (CreatePipelineCommandHandler.java:handle(113)) - Created Pipeline RATIS THREE PipelineID=39f242bf-157f-4c7d-8f01-4cfc337056ee.
2022-10-13 11:44:16,297 [Command processor thread] INFO  server.RaftServer (RaftServerProxy.java:addNew(96)) - 7bf9862a-bc69-4cc0-99fb-78386598ce26: addNew group-328AF021BE98:[5a62ffe2-9c96-4fd5-b7f5-bdbfc1f4ab24|rpc:10.1.0.200:37863|priority:0, 7bf9862a-bc69-4cc0-99fb-78386598ce26|rpc:10.1.0.200:43955|priority:1, 458f4e14-7f73-425f-a1e6-d20318ddd1ae|rpc:10.1.0.200:33873|priority:0] returns group-328AF021BE98:java.util.concurrent.CompletableFuture@3afcaf9f[Not completed]
2022-10-13 11:44:16,298 [pool-72-thread-1] INFO  server.RaftServer$Division (RaftServerImpl.java:<init>(190)) - 7bf9862a-bc69-4cc0-99fb-78386598ce26: new RaftServerImpl for group-328AF021BE98:[5a62ffe2-9c96-4fd5-b7f5-bdbfc1f4ab24|rpc:10.1.0.200:37863|priority:0, 7bf9862a-bc69-4cc0-99fb-78386598ce26|rpc:10.1.0.200:43955|priority:1, 458f4e14-7f73-425f-a1e6-d20318ddd1ae|rpc:10.1.0.200:33873|priority:0] with ContainerStateMachine:uninitialized
2022-10-13 11:44:16,298 [pool-72-thread-1] INFO  server.RaftServerConfigKeys (ConfUtils.java:logGet(46)) - raft.server.rpc.timeout.min = 5s (custom)
2022-10-13 11:44:16,298 [pool-72-thread-1] INFO  server.RaftServerConfigKeys (ConfUtils.java:logGet(46)) - raft.server.rpc.timeout.max = 5200ms (custom)
2022-10-13 11:44:16,298 [pool-72-thread-1] INFO  server.RaftServerConfigKeys (ConfUtils.java:logGet(46)) - raft.server.rpc.sleep.time = 25ms (default)
2022-10-13 11:44:16,298 [pool-72-thread-1] INFO  server.RaftServerConfigKeys (ConfUtils.java:logGet(46)) - raft.server.rpc.slowness.timeout = 300s (custom)
2022-10-13 11:44:16,298 [pool-72-thread-1] INFO  server.RaftServerConfigKeys (ConfUtils.java:logGet(46)) - raft.server.leaderelection.leader.step-down.wait-time = 10s (default)
2022-10-13 11:44:16,298 [pool-72-thread-1] INFO  server.RaftServerConfigKeys (ConfUtils.java:logGet(46)) - raft.server.sleep.deviation.threshold = 300ms (default)
2022-10-13 11:44:16,299 [pool-72-thread-1] INFO  server.RaftServer$Division (ServerState.java:<init>(107)) - 7bf9862a-bc69-4cc0-99fb-78386598ce26@group-328AF021BE98: ConfigurationManager, init=-1: [5a62ffe2-9c96-4fd5-b7f5-bdbfc1f4ab24|rpc:10.1.0.200:37863|priority:0, 7bf9862a-bc69-4cc0-99fb-78386598ce26|rpc:10.1.0.200:43955|priority:1, 458f4e14-7f73-425f-a1e6-d20318ddd1ae|rpc:10.1.0.200:33873|priority:0], old=null, confs=<EMPTY_MAP>
2022-10-13 11:44:16,299 [pool-72-thread-1] INFO  server.RaftServerConfigKeys (ConfUtils.java:logGet(46)) - raft.server.storage.dir = [/home/runner/work/ozone/ozone/hadoop-ozone/integration-test/target/test-dir/MiniOzoneClusterImpl-da935fb3-9ce5-49ab-a67c-f4b3beb884ab/datanode-0/data/ratis] (custom)
2022-10-13 11:44:16,299 [pool-72-thread-1] INFO  server.RaftServerConfigKeys (ConfUtils.java:logGet(46)) - raft.server.log.corruption.policy = EXCEPTION (default)
2022-10-13 11:44:16,299 [pool-72-thread-1] INFO  server.RaftServerConfigKeys (ConfUtils.java:logGet(46)) - raft.server.storage.free-space.min = 0MB (=0) (default)
2022-10-13 11:44:16,299 [pool-72-thread-1] INFO  storage.RaftStorageDirectory (RaftStorageDirectoryImpl.java:analyzeStorage(135)) - The storage directory /home/runner/work/ozone/ozone/hadoop-ozone/integration-test/target/test-dir/MiniOzoneClusterImpl-da935fb3-9ce5-49ab-a67c-f4b3beb884ab/datanode-0/data/ratis/cb0b0140-87f3-4bee-899a-328af021be98 does not exist. Creating ...
2022-10-13 11:44:16,301 [pool-72-thread-1] INFO  storage.RaftStorageDirectory (RaftStorageDirectoryImpl.java:tryLock(230)) - Lock on /home/runner/work/ozone/ozone/hadoop-ozone/integration-test/target/test-dir/MiniOzoneClusterImpl-da935fb3-9ce5-49ab-a67c-f4b3beb884ab/datanode-0/data/ratis/cb0b0140-87f3-4bee-899a-328af021be98/in_use.lock acquired by nodename 27914@fv-az91-750
2022-10-13 11:44:16,305 [Command processor thread] INFO  commandhandler.CreatePipelineCommandHandler (CreatePipelineCommandHandler.java:handle(113)) - Created Pipeline RATIS THREE PipelineID=39f242bf-157f-4c7d-8f01-4cfc337056ee.
2022-10-13 11:44:16,305 [Command processor thread] INFO  server.RaftServer (RaftServerProxy.java:addNew(96)) - 5a62ffe2-9c96-4fd5-b7f5-bdbfc1f4ab24: addNew group-328AF021BE98:[5a62ffe2-9c96-4fd5-b7f5-bdbfc1f4ab24|rpc:10.1.0.200:37863|priority:0, 7bf9862a-bc69-4cc0-99fb-78386598ce26|rpc:10.1.0.200:43955|priority:1, 458f4e14-7f73-425f-a1e6-d20318ddd1ae|rpc:10.1.0.200:33873|priority:0] returns group-328AF021BE98:java.util.concurrent.CompletableFuture@33b4eb0e[Not completed]
2022-10-13 11:44:16,306 [pool-95-thread-1] INFO  server.RaftServer$Division (RaftServerImpl.java:<init>(190)) - 5a62ffe2-9c96-4fd5-b7f5-bdbfc1f4ab24: new RaftServerImpl for group-328AF021BE98:[5a62ffe2-9c96-4fd5-b7f5-bdbfc1f4ab24|rpc:10.1.0.200:37863|priority:0, 7bf9862a-bc69-4cc0-99fb-78386598ce26|rpc:10.1.0.200:43955|priority:1, 458f4e14-7f73-425f-a1e6-d20318ddd1ae|rpc:10.1.0.200:33873|priority:0] with ContainerStateMachine:uninitialized
2022-10-13 11:44:16,306 [pool-95-thread-1] INFO  server.RaftServerConfigKeys (ConfUtils.java:logGet(46)) - raft.server.rpc.timeout.min = 5s (custom)
2022-10-13 11:44:16,306 [pool-95-thread-1] INFO  server.RaftServerConfigKeys (ConfUtils.java:logGet(46)) - raft.server.rpc.timeout.max = 5200ms (custom)
2022-10-13 11:44:16,306 [pool-95-thread-1] INFO  server.RaftServerConfigKeys (ConfUtils.java:logGet(46)) - raft.server.rpc.sleep.time = 25ms (default)
2022-10-13 11:44:16,306 [pool-95-thread-1] INFO  server.RaftServerConfigKeys (ConfUtils.java:logGet(46)) - raft.server.rpc.slowness.timeout = 300s (custom)
2022-10-13 11:44:16,306 [pool-95-thread-1] INFO  server.RaftServerConfigKeys (ConfUtils.java:logGet(46)) - raft.server.leaderelection.leader.step-down.wait-time = 10s (default)
2022-10-13 11:44:16,307 [pool-95-thread-1] INFO  server.RaftServerConfigKeys (ConfUtils.java:logGet(46)) - raft.server.sleep.deviation.threshold = 300ms (default)
2022-10-13 11:44:16,307 [pool-95-thread-1] INFO  server.RaftServer$Division (ServerState.java:<init>(107)) - 5a62ffe2-9c96-4fd5-b7f5-bdbfc1f4ab24@group-328AF021BE98: ConfigurationManager, init=-1: [5a62ffe2-9c96-4fd5-b7f5-bdbfc1f4ab24|rpc:10.1.0.200:37863|priority:0, 7bf9862a-bc69-4cc0-99fb-78386598ce26|rpc:10.1.0.200:43955|priority:1, 458f4e14-7f73-425f-a1e6-d20318ddd1ae|rpc:10.1.0.200:33873|priority:0], old=null, confs=<EMPTY_MAP>
2022-10-13 11:44:16,307 [pool-95-thread-1] INFO  server.RaftServerConfigKeys (ConfUtils.java:logGet(46)) - raft.server.storage.dir = [/home/runner/work/ozone/ozone/hadoop-ozone/integration-test/target/test-dir/MiniOzoneClusterImpl-da935fb3-9ce5-49ab-a67c-f4b3beb884ab/datanode-1/data/ratis] (custom)
2022-10-13 11:44:16,307 [pool-95-thread-1] INFO  server.RaftServerConfigKeys (ConfUtils.java:logGet(46)) - raft.server.log.corruption.policy = EXCEPTION (default)
2022-10-13 11:44:16,307 [pool-95-thread-1] INFO  server.RaftServerConfigKeys (ConfUtils.java:logGet(46)) - raft.server.storage.free-space.min = 0MB (=0) (default)
2022-10-13 11:44:16,307 [pool-95-thread-1] INFO  storage.RaftStorageDirectory (RaftStorageDirectoryImpl.java:analyzeStorage(135)) - The storage directory /home/runner/work/ozone/ozone/hadoop-ozone/integration-test/target/test-dir/MiniOzoneClusterImpl-da935fb3-9ce5-49ab-a67c-f4b3beb884ab/datanode-1/data/ratis/cb0b0140-87f3-4bee-899a-328af021be98 does not exist. Creating ...
2022-10-13 11:44:16,307 [pool-72-thread-1] INFO  storage.RaftStorage (RaftStorageImpl.java:format(89)) - Storage directory /home/runner/work/ozone/ozone/hadoop-ozone/integration-test/target/test-dir/MiniOzoneClusterImpl-da935fb3-9ce5-49ab-a67c-f4b3beb884ab/datanode-0/data/ratis/cb0b0140-87f3-4bee-899a-328af021be98 has been successfully formatted.
2022-10-13 11:44:16,308 [pool-72-thread-1] INFO  ratis.ContainerStateMachine (ContainerStateMachine.java:loadSnapshot(236)) - group-328AF021BE98: The snapshot info is null. Setting the last applied indexto:(t:0, i:~)
2022-10-13 11:44:16,308 [pool-72-thread-1] INFO  server.RaftServerConfigKeys (ConfUtils.java:logGet(46)) - raft.server.notification.no-leader.timeout = 300s (custom)
2022-10-13 11:44:16,308 [pool-72-thread-1] INFO  server.RaftServerConfigKeys (ConfUtils.java:logGet(46)) - raft.server.log.use.memory = false (default)
2022-10-13 11:44:16,308 [pool-72-thread-1] INFO  server.RaftServerConfigKeys (ConfUtils.java:logGet(46)) - raft.server.log.purge.gap = 1000000 (custom)
2022-10-13 11:44:16,308 [pool-72-thread-1] INFO  server.RaftServerConfigKeys (ConfUtils.java:logGet(46)) - raft.server.log.appender.buffer.byte-limit = 33554432 (custom)
2022-10-13 11:44:16,308 [pool-72-thread-1] INFO  server.RaftServerConfigKeys (ConfUtils.java:logGet(46)) - raft.server.log.statemachine.data.read.timeout = 1000ms (default)
2022-10-13 11:44:16,309 [pool-95-thread-1] INFO  storage.RaftStorageDirectory (RaftStorageDirectoryImpl.java:tryLock(230)) - Lock on /home/runner/work/ozone/ozone/hadoop-ozone/integration-test/target/test-dir/MiniOzoneClusterImpl-da935fb3-9ce5-49ab-a67c-f4b3beb884ab/datanode-1/data/ratis/cb0b0140-87f3-4bee-899a-328af021be98/in_use.lock acquired by nodename 27914@fv-az91-750
2022-10-13 11:44:16,310 [EventQueue-OpenPipelineForHealthyPipelineSafeModeRule] INFO  safemode.SCMSafeModeManager (HealthyPipelineSafeModeRule.java:process(137)) - SCM in safe mode. Healthy pipelines reported count is 0, required healthy pipeline reported count is 1
2022-10-13 11:44:16,310 [pool-72-thread-1] INFO  server.RaftServerConfigKeys (ConfUtils.java:logGet(46)) - raft.server.log.segment.size.max = 1048576 (custom)
2022-10-13 11:44:16,311 [pool-95-thread-1] INFO  storage.RaftStorage (RaftStorageImpl.java:format(89)) - Storage directory /home/runner/work/ozone/ozone/hadoop-ozone/integration-test/target/test-dir/MiniOzoneClusterImpl-da935fb3-9ce5-49ab-a67c-f4b3beb884ab/datanode-1/data/ratis/cb0b0140-87f3-4bee-899a-328af021be98 has been successfully formatted.
2022-10-13 11:44:16,311 [pool-95-thread-1] INFO  ratis.ContainerStateMachine (ContainerStateMachine.java:loadSnapshot(236)) - group-328AF021BE98: The snapshot info is null. Setting the last applied indexto:(t:0, i:~)
2022-10-13 11:44:16,311 [pool-72-thread-1] INFO  server.RaftServerConfigKeys (ConfUtils.java:logGet(46)) - raft.server.log.segment.cache.num.max = 2 (custom)
2022-10-13 11:44:16,311 [pool-72-thread-1] INFO  server.RaftServerConfigKeys (ConfUtils.java:logGet(46)) - raft.server.log.segment.cache.size.max = 200MB (=209715200) (default)
2022-10-13 11:44:16,311 [pool-72-thread-1] INFO  segmented.SegmentedRaftLogWorker (SegmentedRaftLogWorker.java:<init>(187)) - new 7bf9862a-bc69-4cc0-99fb-78386598ce26@group-328AF021BE98-SegmentedRaftLogWorker for RaftStorageImpl:Storage Directory /home/runner/work/ozone/ozone/hadoop-ozone/integration-test/target/test-dir/MiniOzoneClusterImpl-da935fb3-9ce5-49ab-a67c-f4b3beb884ab/datanode-0/data/ratis/cb0b0140-87f3-4bee-899a-328af021be98
2022-10-13 11:44:16,311 [pool-72-thread-1] INFO  server.RaftServerConfigKeys (ConfUtils.java:logGet(46)) - raft.server.log.queue.byte-limit = 4294967296 (custom)
2022-10-13 11:44:16,311 [pool-72-thread-1] INFO  server.RaftServerConfigKeys (ConfUtils.java:logGet(46)) - raft.server.log.queue.element-limit = 1024 (custom)
2022-10-13 11:44:16,311 [pool-72-thread-1] INFO  server.RaftServerConfigKeys (ConfUtils.java:logGet(46)) - raft.server.log.segment.size.max = 1048576 (custom)
2022-10-13 11:44:16,311 [pool-72-thread-1] INFO  server.RaftServerConfigKeys (ConfUtils.java:logGet(46)) - raft.server.log.preallocated.size = 16384 (custom)
2022-10-13 11:44:16,311 [pool-72-thread-1] INFO  server.RaftServerConfigKeys (ConfUtils.java:logGet(46)) - raft.server.log.force.sync.num = 128 (default)
2022-10-13 11:44:16,311 [pool-72-thread-1] INFO  server.RaftServerConfigKeys (ConfUtils.java:logGet(46)) - raft.server.log.statemachine.data.sync = true (default)
2022-10-13 11:44:16,318 [pool-95-thread-1] INFO  server.RaftServerConfigKeys (ConfUtils.java:logGet(46)) - raft.server.notification.no-leader.timeout = 300s (custom)
2022-10-13 11:44:16,319 [pool-95-thread-1] INFO  server.RaftServerConfigKeys (ConfUtils.java:logGet(46)) - raft.server.log.use.memory = false (default)
2022-10-13 11:44:16,319 [pool-95-thread-1] INFO  server.RaftServerConfigKeys (ConfUtils.java:logGet(46)) - raft.server.log.purge.gap = 1000000 (custom)
2022-10-13 11:44:16,319 [pool-95-thread-1] INFO  server.RaftServerConfigKeys (ConfUtils.java:logGet(46)) - raft.server.log.appender.buffer.byte-limit = 33554432 (custom)
2022-10-13 11:44:16,319 [pool-95-thread-1] INFO  server.RaftServerConfigKeys (ConfUtils.java:logGet(46)) - raft.server.log.statemachine.data.read.timeout = 1000ms (default)
2022-10-13 11:44:16,319 [EventQueue-OpenPipelineForHealthyPipelineSafeModeRule] INFO  safemode.SCMSafeModeManager (HealthyPipelineSafeModeRule.java:process(137)) - SCM in safe mode. Healthy pipelines reported count is 0, required healthy pipeline reported count is 1
2022-10-13 11:44:16,319 [pool-95-thread-1] INFO  server.RaftServerConfigKeys (ConfUtils.java:logGet(46)) - raft.server.log.segment.size.max = 1048576 (custom)
2022-10-13 11:44:16,319 [pool-95-thread-1] INFO  server.RaftServerConfigKeys (ConfUtils.java:logGet(46)) - raft.server.log.segment.cache.num.max = 2 (custom)
2022-10-13 11:44:16,319 [pool-95-thread-1] INFO  server.RaftServerConfigKeys (ConfUtils.java:logGet(46)) - raft.server.log.segment.cache.size.max = 200MB (=209715200) (default)
2022-10-13 11:44:16,319 [pool-95-thread-1] INFO  segmented.SegmentedRaftLogWorker (SegmentedRaftLogWorker.java:<init>(187)) - new 5a62ffe2-9c96-4fd5-b7f5-bdbfc1f4ab24@group-328AF021BE98-SegmentedRaftLogWorker for RaftStorageImpl:Storage Directory /home/runner/work/ozone/ozone/hadoop-ozone/integration-test/target/test-dir/MiniOzoneClusterImpl-da935fb3-9ce5-49ab-a67c-f4b3beb884ab/datanode-1/data/ratis/cb0b0140-87f3-4bee-899a-328af021be98
2022-10-13 11:44:16,319 [pool-95-thread-1] INFO  server.RaftServerConfigKeys (ConfUtils.java:logGet(46)) - raft.server.log.queue.byte-limit = 4294967296 (custom)
2022-10-13 11:44:16,319 [pool-95-thread-1] INFO  server.RaftServerConfigKeys (ConfUtils.java:logGet(46)) - raft.server.log.queue.element-limit = 1024 (custom)
2022-10-13 11:44:16,320 [pool-95-thread-1] INFO  server.RaftServerConfigKeys (ConfUtils.java:logGet(46)) - raft.server.log.segment.size.max = 1048576 (custom)
2022-10-13 11:44:16,320 [pool-95-thread-1] INFO  server.RaftServerConfigKeys (ConfUtils.java:logGet(46)) - raft.server.log.preallocated.size = 16384 (custom)
2022-10-13 11:44:16,320 [pool-95-thread-1] INFO  server.RaftServerConfigKeys (ConfUtils.java:logGet(46)) - raft.server.log.force.sync.num = 128 (default)
2022-10-13 11:44:16,320 [pool-95-thread-1] INFO  server.RaftServerConfigKeys (ConfUtils.java:logGet(46)) - raft.server.log.statemachine.data.sync = true (default)
2022-10-13 11:44:16,320 [pool-95-thread-1] INFO  server.RaftServerConfigKeys (ConfUtils.java:logGet(46)) - raft.server.log.statemachine.data.sync.timeout = 10s (default)
2022-10-13 11:44:16,320 [pool-95-thread-1] INFO  server.RaftServerConfigKeys (ConfUtils.java:logGet(46)) - raft.server.log.statemachine.data.sync.timeout.retry = -1 (default)
2022-10-13 11:44:16,321 [pool-95-thread-1] INFO  server.RaftServerConfigKeys (ConfUtils.java:logGet(46)) - raft.server.log.write.buffer.size = 1048576 (custom)
2022-10-13 11:44:16,321 [pool-95-thread-1] INFO  server.RaftServerConfigKeys (ConfUtils.java:logGet(46)) - raft.server.log.unsafe-flush.enabled = false (default)
2022-10-13 11:44:16,321 [pool-95-thread-1] INFO  server.RaftServerConfigKeys (ConfUtils.java:logGet(46)) - raft.server.log.statemachine.data.caching.enabled = true (custom)
2022-10-13 11:44:16,321 [pool-95-thread-1] INFO  segmented.SegmentedRaftLogWorker (SegmentedRaftLogWorker.java:lambda$new$0(135)) - 5a62ffe2-9c96-4fd5-b7f5-bdbfc1f4ab24@group-328AF021BE98-SegmentedRaftLogWorker: flushIndex: setUnconditionally 0 -> -1
2022-10-13 11:44:16,321 [pool-95-thread-1] INFO  segmented.SegmentedRaftLogWorker (SegmentedRaftLogWorker.java:lambda$new$0(135)) - 5a62ffe2-9c96-4fd5-b7f5-bdbfc1f4ab24@group-328AF021BE98-SegmentedRaftLogWorker: safeCacheEvictIndex: setUnconditionally 0 -> -1
2022-10-13 11:44:16,321 [pool-72-thread-1] INFO  server.RaftServerConfigKeys (ConfUtils.java:logGet(46)) - raft.server.log.statemachine.data.sync.timeout = 10s (default)
2022-10-13 11:44:16,321 [pool-72-thread-1] INFO  server.RaftServerConfigKeys (ConfUtils.java:logGet(46)) - raft.server.log.statemachine.data.sync.timeout.retry = -1 (default)
2022-10-13 11:44:16,325 [pool-95-thread-1] INFO  server.RaftServerConfigKeys (ConfUtils.java:logGet(46)) - raft.server.snapshot.auto.trigger.enabled = true (custom)
2022-10-13 11:44:16,325 [pool-95-thread-1] INFO  server.RaftServerConfigKeys (ConfUtils.java:logGet(46)) - raft.server.snapshot.auto.trigger.threshold = 10000 (custom)
2022-10-13 11:44:16,325 [pool-95-thread-1] INFO  server.RaftServerConfigKeys (ConfUtils.java:logGet(46)) - raft.server.snapshot.retention.file.num = 5 (custom)
2022-10-13 11:44:16,325 [pool-95-thread-1] INFO  server.RaftServerConfigKeys (ConfUtils.java:logGet(46)) - raft.server.log.purge.upto.snapshot.index = false (default)
2022-10-13 11:44:16,326 [pool-95-thread-1] INFO  server.RaftServerConfigKeys (ConfUtils.java:logGet(46)) - raft.server.retrycache.expirytime = 600000ms (custom)
2022-10-13 11:44:16,326 [pool-95-thread-1] INFO  server.RaftServerConfigKeys (ConfUtils.java:logGet(46)) - raft.server.retrycache.statistics.expirytime = 100μs (default)
2022-10-13 11:44:16,327 [pool-95-thread-1] INFO  server.RaftServerConfigKeys (ConfUtils.java:logGet(46)) - raft.server.log.appender.install.snapshot.enabled = false (custom)
2022-10-13 11:44:16,327 [pool-95-thread-1] INFO  server.RaftServerConfigKeys (ConfUtils.java:logGet(46)) - raft.server.threadpool.server.cached = true (default)
2022-10-13 11:44:16,327 [pool-95-thread-1] INFO  server.RaftServerConfigKeys (ConfUtils.java:logGet(46)) - raft.server.threadpool.server.size = 0 (default)
2022-10-13 11:44:16,327 [pool-95-thread-1] INFO  server.RaftServerConfigKeys (ConfUtils.java:logGet(46)) - raft.server.threadpool.client.cached = true (default)
2022-10-13 11:44:16,327 [pool-95-thread-1] INFO  server.RaftServerConfigKeys (ConfUtils.java:logGet(46)) - raft.server.threadpool.client.size = 0 (default)
2022-10-13 11:44:16,327 [pool-95-thread-1] INFO  server.RaftServer$Division (RaftServerImpl.java:start(310)) - 5a62ffe2-9c96-4fd5-b7f5-bdbfc1f4ab24@group-328AF021BE98: start as a follower, conf=-1: [5a62ffe2-9c96-4fd5-b7f5-bdbfc1f4ab24|rpc:10.1.0.200:37863|priority:0, 7bf9862a-bc69-4cc0-99fb-78386598ce26|rpc:10.1.0.200:43955|priority:1, 458f4e14-7f73-425f-a1e6-d20318ddd1ae|rpc:10.1.0.200:33873|priority:0], old=null
2022-10-13 11:44:16,327 [pool-95-thread-1] INFO  server.RaftServer$Division (RaftServerImpl.java:setRole(299)) - 5a62ffe2-9c96-4fd5-b7f5-bdbfc1f4ab24@group-328AF021BE98: changes role from      null to FOLLOWER at term 0 for startAsFollower
2022-10-13 11:44:16,327 [pool-95-thread-1] INFO  impl.RoleInfo (RoleInfo.java:updateAndGet(139)) - 5a62ffe2-9c96-4fd5-b7f5-bdbfc1f4ab24: start 5a62ffe2-9c96-4fd5-b7f5-bdbfc1f4ab24@group-328AF021BE98-FollowerState
2022-10-13 11:44:16,328 [pool-95-thread-1] INFO  util.JmxRegister (JmxRegister.java:tryRegister(44)) - Successfully registered JMX Bean with object name Ratis:service=RaftServer,group=group-328AF021BE98,id=5a62ffe2-9c96-4fd5-b7f5-bdbfc1f4ab24
2022-10-13 11:44:16,329 [Command processor thread] INFO  ratis.XceiverServerRatis (XceiverServerRatis.java:addGroup(765)) - Created group PipelineID=cb0b0140-87f3-4bee-899a-328af021be98
2022-10-13 11:44:16,329 [pool-72-thread-1] INFO  server.RaftServerConfigKeys (ConfUtils.java:logGet(46)) - raft.server.log.write.buffer.size = 1048576 (custom)
2022-10-13 11:44:16,330 [pool-72-thread-1] INFO  server.RaftServerConfigKeys (ConfUtils.java:logGet(46)) - raft.server.log.unsafe-flush.enabled = false (default)
2022-10-13 11:44:16,330 [pool-72-thread-1] INFO  server.RaftServerConfigKeys (ConfUtils.java:logGet(46)) - raft.server.log.statemachine.data.caching.enabled = true (custom)
2022-10-13 11:44:16,330 [pool-72-thread-1] INFO  segmented.SegmentedRaftLogWorker (SegmentedRaftLogWorker.java:lambda$new$0(135)) - 7bf9862a-bc69-4cc0-99fb-78386598ce26@group-328AF021BE98-SegmentedRaftLogWorker: flushIndex: setUnconditionally 0 -> -1
2022-10-13 11:44:16,330 [pool-72-thread-1] INFO  segmented.SegmentedRaftLogWorker (SegmentedRaftLogWorker.java:lambda$new$0(135)) - 7bf9862a-bc69-4cc0-99fb-78386598ce26@group-328AF021BE98-SegmentedRaftLogWorker: safeCacheEvictIndex: setUnconditionally 0 -> -1
2022-10-13 11:44:16,343 [pool-72-thread-1] INFO  server.RaftServerConfigKeys (ConfUtils.java:logGet(46)) - raft.server.snapshot.auto.trigger.enabled = true (custom)
2022-10-13 11:44:16,353 [pool-72-thread-1] INFO  server.RaftServerConfigKeys (ConfUtils.java:logGet(46)) - raft.server.snapshot.auto.trigger.threshold = 10000 (custom)
2022-10-13 11:44:16,353 [pool-72-thread-1] INFO  server.RaftServerConfigKeys (ConfUtils.java:logGet(46)) - raft.server.snapshot.retention.file.num = 5 (custom)
2022-10-13 11:44:16,353 [pool-72-thread-1] INFO  server.RaftServerConfigKeys (ConfUtils.java:logGet(46)) - raft.server.log.purge.upto.snapshot.index = false (default)
2022-10-13 11:44:16,353 [pool-72-thread-1] INFO  server.RaftServerConfigKeys (ConfUtils.java:logGet(46)) - raft.server.retrycache.expirytime = 600000ms (custom)
2022-10-13 11:44:16,355 [pool-72-thread-1] INFO  server.RaftServerConfigKeys (ConfUtils.java:logGet(46)) - raft.server.retrycache.statistics.expirytime = 100μs (default)
2022-10-13 11:44:16,356 [pool-72-thread-1] INFO  server.RaftServerConfigKeys (ConfUtils.java:logGet(46)) - raft.server.log.appender.install.snapshot.enabled = false (custom)
2022-10-13 11:44:16,356 [pool-72-thread-1] INFO  server.RaftServerConfigKeys (ConfUtils.java:logGet(46)) - raft.server.threadpool.server.cached = true (default)
2022-10-13 11:44:16,356 [pool-72-thread-1] INFO  server.RaftServerConfigKeys (ConfUtils.java:logGet(46)) - raft.server.threadpool.server.size = 0 (default)
2022-10-13 11:44:16,356 [pool-72-thread-1] INFO  server.RaftServerConfigKeys (ConfUtils.java:logGet(46)) - raft.server.threadpool.client.cached = true (default)
2022-10-13 11:44:16,356 [pool-72-thread-1] INFO  server.RaftServerConfigKeys (ConfUtils.java:logGet(46)) - raft.server.threadpool.client.size = 0 (default)
2022-10-13 11:44:16,356 [pool-72-thread-1] INFO  server.RaftServer$Division (RaftServerImpl.java:start(310)) - 7bf9862a-bc69-4cc0-99fb-78386598ce26@group-328AF021BE98: start as a follower, conf=-1: [5a62ffe2-9c96-4fd5-b7f5-bdbfc1f4ab24|rpc:10.1.0.200:37863|priority:0, 7bf9862a-bc69-4cc0-99fb-78386598ce26|rpc:10.1.0.200:43955|priority:1, 458f4e14-7f73-425f-a1e6-d20318ddd1ae|rpc:10.1.0.200:33873|priority:0], old=null
2022-10-13 11:44:16,356 [pool-72-thread-1] INFO  server.RaftServer$Division (RaftServerImpl.java:setRole(299)) - 7bf9862a-bc69-4cc0-99fb-78386598ce26@group-328AF021BE98: changes role from      null to FOLLOWER at term 0 for startAsFollower
2022-10-13 11:44:16,356 [pool-72-thread-1] INFO  impl.RoleInfo (RoleInfo.java:updateAndGet(139)) - 7bf9862a-bc69-4cc0-99fb-78386598ce26: start 7bf9862a-bc69-4cc0-99fb-78386598ce26@group-328AF021BE98-FollowerState
2022-10-13 11:44:16,357 [pool-72-thread-1] INFO  util.JmxRegister (JmxRegister.java:tryRegister(44)) - Successfully registered JMX Bean with object name Ratis:service=RaftServer,group=group-328AF021BE98,id=7bf9862a-bc69-4cc0-99fb-78386598ce26
2022-10-13 11:44:16,359 [Command processor thread] INFO  ratis.XceiverServerRatis (XceiverServerRatis.java:addGroup(765)) - Created group PipelineID=cb0b0140-87f3-4bee-899a-328af021be98
2022-10-13 11:44:16,398 [grpc-default-executor-1] INFO  server.RaftServer (RaftServerProxy.java:addNew(96)) - 458f4e14-7f73-425f-a1e6-d20318ddd1ae: addNew group-328AF021BE98:[5a62ffe2-9c96-4fd5-b7f5-bdbfc1f4ab24|rpc:10.1.0.200:37863|dataStream:|priority:0, 7bf9862a-bc69-4cc0-99fb-78386598ce26|rpc:10.1.0.200:43955|dataStream:|priority:1, 458f4e14-7f73-425f-a1e6-d20318ddd1ae|rpc:10.1.0.200:33873|dataStream:|priority:0] returns group-328AF021BE98:java.util.concurrent.CompletableFuture@574ca144[Not completed]
2022-10-13 11:44:16,399 [pool-118-thread-1] INFO  server.RaftServer$Division (RaftServerImpl.java:<init>(190)) - 458f4e14-7f73-425f-a1e6-d20318ddd1ae: new RaftServerImpl for group-328AF021BE98:[5a62ffe2-9c96-4fd5-b7f5-bdbfc1f4ab24|rpc:10.1.0.200:37863|dataStream:|priority:0, 7bf9862a-bc69-4cc0-99fb-78386598ce26|rpc:10.1.0.200:43955|dataStream:|priority:1, 458f4e14-7f73-425f-a1e6-d20318ddd1ae|rpc:10.1.0.200:33873|dataStream:|priority:0] with ContainerStateMachine:uninitialized
2022-10-13 11:44:16,399 [pool-118-thread-1] INFO  server.RaftServerConfigKeys (ConfUtils.java:logGet(46)) - raft.server.rpc.timeout.min = 5s (custom)
2022-10-13 11:44:16,399 [pool-118-thread-1] INFO  server.RaftServerConfigKeys (ConfUtils.java:logGet(46)) - raft.server.rpc.timeout.max = 5200ms (custom)
2022-10-13 11:44:16,399 [pool-118-thread-1] INFO  server.RaftServerConfigKeys (ConfUtils.java:logGet(46)) - raft.server.rpc.sleep.time = 25ms (default)
2022-10-13 11:44:16,400 [pool-118-thread-1] INFO  server.RaftServerConfigKeys (ConfUtils.java:logGet(46)) - raft.server.rpc.slowness.timeout = 300s (custom)
2022-10-13 11:44:16,400 [pool-118-thread-1] INFO  server.RaftServerConfigKeys (ConfUtils.java:logGet(46)) - raft.server.leaderelection.leader.step-down.wait-time = 10s (default)
2022-10-13 11:44:16,400 [pool-118-thread-1] INFO  server.RaftServerConfigKeys (ConfUtils.java:logGet(46)) - raft.server.sleep.deviation.threshold = 300ms (default)
2022-10-13 11:44:16,400 [pool-118-thread-1] INFO  server.RaftServer$Division (ServerState.java:<init>(107)) - 458f4e14-7f73-425f-a1e6-d20318ddd1ae@group-328AF021BE98: ConfigurationManager, init=-1: [5a62ffe2-9c96-4fd5-b7f5-bdbfc1f4ab24|rpc:10.1.0.200:37863|dataStream:|priority:0, 7bf9862a-bc69-4cc0-99fb-78386598ce26|rpc:10.1.0.200:43955|dataStream:|priority:1, 458f4e14-7f73-425f-a1e6-d20318ddd1ae|rpc:10.1.0.200:33873|dataStream:|priority:0], old=null, confs=<EMPTY_MAP>
2022-10-13 11:44:16,400 [pool-118-thread-1] INFO  server.RaftServerConfigKeys (ConfUtils.java:logGet(46)) - raft.server.storage.dir = [/home/runner/work/ozone/ozone/hadoop-ozone/integration-test/target/test-dir/MiniOzoneClusterImpl-da935fb3-9ce5-49ab-a67c-f4b3beb884ab/datanode-2/data/ratis] (custom)
2022-10-13 11:44:16,400 [pool-118-thread-1] INFO  server.RaftServerConfigKeys (ConfUtils.java:logGet(46)) - raft.server.log.corruption.policy = EXCEPTION (default)
2022-10-13 11:44:16,400 [pool-118-thread-1] INFO  server.RaftServerConfigKeys (ConfUtils.java:logGet(46)) - raft.server.storage.free-space.min = 0MB (=0) (default)
2022-10-13 11:44:16,400 [pool-118-thread-1] INFO  storage.RaftStorageDirectory (RaftStorageDirectoryImpl.java:analyzeStorage(135)) - The storage directory /home/runner/work/ozone/ozone/hadoop-ozone/integration-test/target/test-dir/MiniOzoneClusterImpl-da935fb3-9ce5-49ab-a67c-f4b3beb884ab/datanode-2/data/ratis/cb0b0140-87f3-4bee-899a-328af021be98 does not exist. Creating ...
2022-10-13 11:44:16,402 [pool-118-thread-1] INFO  storage.RaftStorageDirectory (RaftStorageDirectoryImpl.java:tryLock(230)) - Lock on /home/runner/work/ozone/ozone/hadoop-ozone/integration-test/target/test-dir/MiniOzoneClusterImpl-da935fb3-9ce5-49ab-a67c-f4b3beb884ab/datanode-2/data/ratis/cb0b0140-87f3-4bee-899a-328af021be98/in_use.lock acquired by nodename 27914@fv-az91-750
2022-10-13 11:44:16,405 [pool-118-thread-1] INFO  storage.RaftStorage (RaftStorageImpl.java:format(89)) - Storage directory /home/runner/work/ozone/ozone/hadoop-ozone/integration-test/target/test-dir/MiniOzoneClusterImpl-da935fb3-9ce5-49ab-a67c-f4b3beb884ab/datanode-2/data/ratis/cb0b0140-87f3-4bee-899a-328af021be98 has been successfully formatted.
2022-10-13 11:44:16,405 [pool-118-thread-1] INFO  ratis.ContainerStateMachine (ContainerStateMachine.java:loadSnapshot(236)) - group-328AF021BE98: The snapshot info is null. Setting the last applied indexto:(t:0, i:~)
2022-10-13 11:44:16,409 [pool-118-thread-1] INFO  server.RaftServerConfigKeys (ConfUtils.java:logGet(46)) - raft.server.notification.no-leader.timeout = 300s (custom)
2022-10-13 11:44:16,409 [pool-118-thread-1] INFO  server.RaftServerConfigKeys (ConfUtils.java:logGet(46)) - raft.server.log.use.memory = false (default)
2022-10-13 11:44:16,409 [pool-118-thread-1] INFO  server.RaftServerConfigKeys (ConfUtils.java:logGet(46)) - raft.server.log.purge.gap = 1000000 (custom)
2022-10-13 11:44:16,409 [pool-118-thread-1] INFO  server.RaftServerConfigKeys (ConfUtils.java:logGet(46)) - raft.server.log.appender.buffer.byte-limit = 33554432 (custom)
2022-10-13 11:44:16,409 [pool-118-thread-1] INFO  server.RaftServerConfigKeys (ConfUtils.java:logGet(46)) - raft.server.log.statemachine.data.read.timeout = 1000ms (default)
2022-10-13 11:44:16,409 [pool-118-thread-1] INFO  server.RaftServerConfigKeys (ConfUtils.java:logGet(46)) - raft.server.log.segment.size.max = 1048576 (custom)
2022-10-13 11:44:16,410 [pool-118-thread-1] INFO  server.RaftServerConfigKeys (ConfUtils.java:logGet(46)) - raft.server.log.segment.cache.num.max = 2 (custom)
2022-10-13 11:44:16,410 [pool-118-thread-1] INFO  server.RaftServerConfigKeys (ConfUtils.java:logGet(46)) - raft.server.log.segment.cache.size.max = 200MB (=209715200) (default)
2022-10-13 11:44:16,410 [pool-118-thread-1] INFO  segmented.SegmentedRaftLogWorker (SegmentedRaftLogWorker.java:<init>(187)) - new 458f4e14-7f73-425f-a1e6-d20318ddd1ae@group-328AF021BE98-SegmentedRaftLogWorker for RaftStorageImpl:Storage Directory /home/runner/work/ozone/ozone/hadoop-ozone/integration-test/target/test-dir/MiniOzoneClusterImpl-da935fb3-9ce5-49ab-a67c-f4b3beb884ab/datanode-2/data/ratis/cb0b0140-87f3-4bee-899a-328af021be98
2022-10-13 11:44:16,410 [pool-118-thread-1] INFO  server.RaftServerConfigKeys (ConfUtils.java:logGet(46)) - raft.server.log.queue.byte-limit = 4294967296 (custom)
2022-10-13 11:44:16,410 [pool-118-thread-1] INFO  server.RaftServerConfigKeys (ConfUtils.java:logGet(46)) - raft.server.log.queue.element-limit = 1024 (custom)
2022-10-13 11:44:16,410 [pool-118-thread-1] INFO  server.RaftServerConfigKeys (ConfUtils.java:logGet(46)) - raft.server.log.segment.size.max = 1048576 (custom)
2022-10-13 11:44:16,410 [pool-118-thread-1] INFO  server.RaftServerConfigKeys (ConfUtils.java:logGet(46)) - raft.server.log.preallocated.size = 16384 (custom)
2022-10-13 11:44:16,410 [pool-118-thread-1] INFO  server.RaftServerConfigKeys (ConfUtils.java:logGet(46)) - raft.server.log.force.sync.num = 128 (default)
2022-10-13 11:44:16,411 [pool-118-thread-1] INFO  server.RaftServerConfigKeys (ConfUtils.java:logGet(46)) - raft.server.log.statemachine.data.sync = true (default)
2022-10-13 11:44:16,411 [pool-118-thread-1] INFO  server.RaftServerConfigKeys (ConfUtils.java:logGet(46)) - raft.server.log.statemachine.data.sync.timeout = 10s (default)
2022-10-13 11:44:16,411 [pool-118-thread-1] INFO  server.RaftServerConfigKeys (ConfUtils.java:logGet(46)) - raft.server.log.statemachine.data.sync.timeout.retry = -1 (default)
2022-10-13 11:44:16,412 [pool-118-thread-1] INFO  server.RaftServerConfigKeys (ConfUtils.java:logGet(46)) - raft.server.log.write.buffer.size = 1048576 (custom)
2022-10-13 11:44:16,412 [pool-118-thread-1] INFO  server.RaftServerConfigKeys (ConfUtils.java:logGet(46)) - raft.server.log.unsafe-flush.enabled = false (default)
2022-10-13 11:44:16,412 [pool-118-thread-1] INFO  server.RaftServerConfigKeys (ConfUtils.java:logGet(46)) - raft.server.log.statemachine.data.caching.enabled = true (custom)
2022-10-13 11:44:16,412 [pool-118-thread-1] INFO  segmented.SegmentedRaftLogWorker (SegmentedRaftLogWorker.java:lambda$new$0(135)) - 458f4e14-7f73-425f-a1e6-d20318ddd1ae@group-328AF021BE98-SegmentedRaftLogWorker: flushIndex: setUnconditionally 0 -> -1
2022-10-13 11:44:16,412 [pool-118-thread-1] INFO  segmented.SegmentedRaftLogWorker (SegmentedRaftLogWorker.java:lambda$new$0(135)) - 458f4e14-7f73-425f-a1e6-d20318ddd1ae@group-328AF021BE98-SegmentedRaftLogWorker: safeCacheEvictIndex: setUnconditionally 0 -> -1
2022-10-13 11:44:16,417 [pool-118-thread-1] INFO  server.RaftServerConfigKeys (ConfUtils.java:logGet(46)) - raft.server.snapshot.auto.trigger.enabled = true (custom)
2022-10-13 11:44:16,417 [pool-118-thread-1] INFO  server.RaftServerConfigKeys (ConfUtils.java:logGet(46)) - raft.server.snapshot.auto.trigger.threshold = 10000 (custom)
2022-10-13 11:44:16,417 [pool-118-thread-1] INFO  server.RaftServerConfigKeys (ConfUtils.java:logGet(46)) - raft.server.snapshot.retention.file.num = 5 (custom)
2022-10-13 11:44:16,417 [pool-118-thread-1] INFO  server.RaftServerConfigKeys (ConfUtils.java:logGet(46)) - raft.server.log.purge.upto.snapshot.index = false (default)
2022-10-13 11:44:16,417 [pool-118-thread-1] INFO  server.RaftServerConfigKeys (ConfUtils.java:logGet(46)) - raft.server.retrycache.expirytime = 600000ms (custom)
2022-10-13 11:44:16,417 [pool-118-thread-1] INFO  server.RaftServerConfigKeys (ConfUtils.java:logGet(46)) - raft.server.retrycache.statistics.expirytime = 100μs (default)
2022-10-13 11:44:16,418 [pool-118-thread-1] INFO  server.RaftServerConfigKeys (ConfUtils.java:logGet(46)) - raft.server.log.appender.install.snapshot.enabled = false (custom)
2022-10-13 11:44:16,418 [pool-118-thread-1] INFO  server.RaftServerConfigKeys (ConfUtils.java:logGet(46)) - raft.server.threadpool.server.cached = true (default)
2022-10-13 11:44:16,418 [pool-118-thread-1] INFO  server.RaftServerConfigKeys (ConfUtils.java:logGet(46)) - raft.server.threadpool.server.size = 0 (default)
2022-10-13 11:44:16,426 [pool-118-thread-1] INFO  server.RaftServerConfigKeys (ConfUtils.java:logGet(46)) - raft.server.threadpool.client.cached = true (default)
2022-10-13 11:44:16,426 [pool-118-thread-1] INFO  server.RaftServerConfigKeys (ConfUtils.java:logGet(46)) - raft.server.threadpool.client.size = 0 (default)
2022-10-13 11:44:16,426 [pool-118-thread-1] INFO  server.RaftServer$Division (RaftServerImpl.java:start(310)) - 458f4e14-7f73-425f-a1e6-d20318ddd1ae@group-328AF021BE98: start as a follower, conf=-1: [5a62ffe2-9c96-4fd5-b7f5-bdbfc1f4ab24|rpc:10.1.0.200:37863|dataStream:|priority:0, 7bf9862a-bc69-4cc0-99fb-78386598ce26|rpc:10.1.0.200:43955|dataStream:|priority:1, 458f4e14-7f73-425f-a1e6-d20318ddd1ae|rpc:10.1.0.200:33873|dataStream:|priority:0], old=null
2022-10-13 11:44:16,426 [pool-118-thread-1] INFO  server.RaftServer$Division (RaftServerImpl.java:setRole(299)) - 458f4e14-7f73-425f-a1e6-d20318ddd1ae@group-328AF021BE98: changes role from      null to FOLLOWER at term 0 for startAsFollower
2022-10-13 11:44:16,427 [pool-118-thread-1] INFO  impl.RoleInfo (RoleInfo.java:updateAndGet(139)) - 458f4e14-7f73-425f-a1e6-d20318ddd1ae: start 458f4e14-7f73-425f-a1e6-d20318ddd1ae@group-328AF021BE98-FollowerState
2022-10-13 11:44:16,427 [pool-118-thread-1] INFO  util.JmxRegister (JmxRegister.java:tryRegister(44)) - Successfully registered JMX Bean with object name Ratis:service=RaftServer,group=group-328AF021BE98,id=458f4e14-7f73-425f-a1e6-d20318ddd1ae
2022-10-13 11:44:16,431 [Command processor thread] INFO  server.RaftServer (RaftServerProxy.java:addNew(96)) - 458f4e14-7f73-425f-a1e6-d20318ddd1ae: addNew group-DE162C72CFA8:[458f4e14-7f73-425f-a1e6-d20318ddd1ae|rpc:10.1.0.200:33873|priority:1] returns group-DE162C72CFA8:java.util.concurrent.CompletableFuture@1a3d90e7[Not completed]
2022-10-13 11:44:16,432 [pool-118-thread-1] INFO  server.RaftServer$Division (RaftServerImpl.java:<init>(190)) - 458f4e14-7f73-425f-a1e6-d20318ddd1ae: new RaftServerImpl for group-DE162C72CFA8:[458f4e14-7f73-425f-a1e6-d20318ddd1ae|rpc:10.1.0.200:33873|priority:1] with ContainerStateMachine:uninitialized
2022-10-13 11:44:16,432 [pool-118-thread-1] INFO  server.RaftServerConfigKeys (ConfUtils.java:logGet(46)) - raft.server.rpc.timeout.min = 5s (custom)
2022-10-13 11:44:16,432 [pool-118-thread-1] INFO  server.RaftServerConfigKeys (ConfUtils.java:logGet(46)) - raft.server.rpc.timeout.max = 5200ms (custom)
2022-10-13 11:44:16,432 [pool-118-thread-1] INFO  server.RaftServerConfigKeys (ConfUtils.java:logGet(46)) - raft.server.rpc.sleep.time = 25ms (default)
2022-10-13 11:44:16,432 [pool-118-thread-1] INFO  server.RaftServerConfigKeys (ConfUtils.java:logGet(46)) - raft.server.rpc.slowness.timeout = 300s (custom)
2022-10-13 11:44:16,432 [pool-118-thread-1] INFO  server.RaftServerConfigKeys (ConfUtils.java:logGet(46)) - raft.server.leaderelection.leader.step-down.wait-time = 10s (default)
2022-10-13 11:44:16,432 [pool-118-thread-1] INFO  server.RaftServerConfigKeys (ConfUtils.java:logGet(46)) - raft.server.sleep.deviation.threshold = 300ms (default)
2022-10-13 11:44:16,433 [pool-118-thread-1] INFO  server.RaftServer$Division (ServerState.java:<init>(107)) - 458f4e14-7f73-425f-a1e6-d20318ddd1ae@group-DE162C72CFA8: ConfigurationManager, init=-1: [458f4e14-7f73-425f-a1e6-d20318ddd1ae|rpc:10.1.0.200:33873|priority:1], old=null, confs=<EMPTY_MAP>
2022-10-13 11:44:16,433 [pool-118-thread-1] INFO  server.RaftServerConfigKeys (ConfUtils.java:logGet(46)) - raft.server.storage.dir = [/home/runner/work/ozone/ozone/hadoop-ozone/integration-test/target/test-dir/MiniOzoneClusterImpl-da935fb3-9ce5-49ab-a67c-f4b3beb884ab/datanode-2/data/ratis] (custom)
2022-10-13 11:44:16,433 [pool-118-thread-1] INFO  server.RaftServerConfigKeys (ConfUtils.java:logGet(46)) - raft.server.log.corruption.policy = EXCEPTION (default)
2022-10-13 11:44:16,433 [pool-118-thread-1] INFO  server.RaftServerConfigKeys (ConfUtils.java:logGet(46)) - raft.server.storage.free-space.min = 0MB (=0) (default)
2022-10-13 11:44:16,433 [pool-118-thread-1] INFO  storage.RaftStorageDirectory (RaftStorageDirectoryImpl.java:analyzeStorage(135)) - The storage directory /home/runner/work/ozone/ozone/hadoop-ozone/integration-test/target/test-dir/MiniOzoneClusterImpl-da935fb3-9ce5-49ab-a67c-f4b3beb884ab/datanode-2/data/ratis/7f43bc83-6d50-4e18-aa44-de162c72cfa8 does not exist. Creating ...
2022-10-13 11:44:16,436 [pool-118-thread-1] INFO  storage.RaftStorageDirectory (RaftStorageDirectoryImpl.java:tryLock(230)) - Lock on /home/runner/work/ozone/ozone/hadoop-ozone/integration-test/target/test-dir/MiniOzoneClusterImpl-da935fb3-9ce5-49ab-a67c-f4b3beb884ab/datanode-2/data/ratis/7f43bc83-6d50-4e18-aa44-de162c72cfa8/in_use.lock acquired by nodename 27914@fv-az91-750
2022-10-13 11:44:16,441 [pool-118-thread-1] INFO  storage.RaftStorage (RaftStorageImpl.java:format(89)) - Storage directory /home/runner/work/ozone/ozone/hadoop-ozone/integration-test/target/test-dir/MiniOzoneClusterImpl-da935fb3-9ce5-49ab-a67c-f4b3beb884ab/datanode-2/data/ratis/7f43bc83-6d50-4e18-aa44-de162c72cfa8 has been successfully formatted.
2022-10-13 11:44:16,441 [pool-118-thread-1] INFO  ratis.ContainerStateMachine (ContainerStateMachine.java:loadSnapshot(236)) - group-DE162C72CFA8: The snapshot info is null. Setting the last applied indexto:(t:0, i:~)
2022-10-13 11:44:16,441 [pool-118-thread-1] INFO  server.RaftServerConfigKeys (ConfUtils.java:logGet(46)) - raft.server.notification.no-leader.timeout = 300s (custom)
2022-10-13 11:44:16,441 [pool-118-thread-1] INFO  server.RaftServerConfigKeys (ConfUtils.java:logGet(46)) - raft.server.log.use.memory = false (default)
2022-10-13 11:44:16,441 [pool-118-thread-1] INFO  server.RaftServerConfigKeys (ConfUtils.java:logGet(46)) - raft.server.log.purge.gap = 1000000 (custom)
2022-10-13 11:44:16,441 [pool-118-thread-1] INFO  server.RaftServerConfigKeys (ConfUtils.java:logGet(46)) - raft.server.log.appender.buffer.byte-limit = 33554432 (custom)
2022-10-13 11:44:16,442 [pool-118-thread-1] INFO  server.RaftServerConfigKeys (ConfUtils.java:logGet(46)) - raft.server.log.statemachine.data.read.timeout = 1000ms (default)
2022-10-13 11:44:16,442 [pool-118-thread-1] INFO  server.RaftServerConfigKeys (ConfUtils.java:logGet(46)) - raft.server.log.segment.size.max = 1048576 (custom)
2022-10-13 11:44:16,442 [pool-118-thread-1] INFO  server.RaftServerConfigKeys (ConfUtils.java:logGet(46)) - raft.server.log.segment.cache.num.max = 2 (custom)
2022-10-13 11:44:16,442 [pool-118-thread-1] INFO  server.RaftServerConfigKeys (ConfUtils.java:logGet(46)) - raft.server.log.segment.cache.size.max = 200MB (=209715200) (default)
2022-10-13 11:44:16,442 [pool-118-thread-1] INFO  segmented.SegmentedRaftLogWorker (SegmentedRaftLogWorker.java:<init>(187)) - new 458f4e14-7f73-425f-a1e6-d20318ddd1ae@group-DE162C72CFA8-SegmentedRaftLogWorker for RaftStorageImpl:Storage Directory /home/runner/work/ozone/ozone/hadoop-ozone/integration-test/target/test-dir/MiniOzoneClusterImpl-da935fb3-9ce5-49ab-a67c-f4b3beb884ab/datanode-2/data/ratis/7f43bc83-6d50-4e18-aa44-de162c72cfa8
2022-10-13 11:44:16,442 [pool-118-thread-1] INFO  server.RaftServerConfigKeys (ConfUtils.java:logGet(46)) - raft.server.log.queue.byte-limit = 4294967296 (custom)
2022-10-13 11:44:16,442 [pool-118-thread-1] INFO  server.RaftServerConfigKeys (ConfUtils.java:logGet(46)) - raft.server.log.queue.element-limit = 1024 (custom)
2022-10-13 11:44:16,442 [pool-118-thread-1] INFO  server.RaftServerConfigKeys (ConfUtils.java:logGet(46)) - raft.server.log.segment.size.max = 1048576 (custom)
2022-10-13 11:44:16,442 [pool-118-thread-1] INFO  server.RaftServerConfigKeys (ConfUtils.java:logGet(46)) - raft.server.log.preallocated.size = 16384 (custom)
2022-10-13 11:44:16,442 [pool-118-thread-1] INFO  server.RaftServerConfigKeys (ConfUtils.java:logGet(46)) - raft.server.log.force.sync.num = 128 (default)
2022-10-13 11:44:16,443 [pool-118-thread-1] INFO  server.RaftServerConfigKeys (ConfUtils.java:logGet(46)) - raft.server.log.statemachine.data.sync = true (default)
2022-10-13 11:44:16,443 [pool-118-thread-1] INFO  server.RaftServerConfigKeys (ConfUtils.java:logGet(46)) - raft.server.log.statemachine.data.sync.timeout = 10s (default)
2022-10-13 11:44:16,443 [pool-118-thread-1] INFO  server.RaftServerConfigKeys (ConfUtils.java:logGet(46)) - raft.server.log.statemachine.data.sync.timeout.retry = -1 (default)
2022-10-13 11:44:16,445 [pool-118-thread-1] INFO  server.RaftServerConfigKeys (ConfUtils.java:logGet(46)) - raft.server.log.write.buffer.size = 1048576 (custom)
2022-10-13 11:44:16,446 [pool-118-thread-1] INFO  server.RaftServerConfigKeys (ConfUtils.java:logGet(46)) - raft.server.log.unsafe-flush.enabled = false (default)
2022-10-13 11:44:16,446 [pool-118-thread-1] INFO  server.RaftServerConfigKeys (ConfUtils.java:logGet(46)) - raft.server.log.statemachine.data.caching.enabled = true (custom)
2022-10-13 11:44:16,446 [pool-118-thread-1] INFO  segmented.SegmentedRaftLogWorker (SegmentedRaftLogWorker.java:lambda$new$0(135)) - 458f4e14-7f73-425f-a1e6-d20318ddd1ae@group-DE162C72CFA8-SegmentedRaftLogWorker: flushIndex: setUnconditionally 0 -> -1
2022-10-13 11:44:16,446 [pool-118-thread-1] INFO  segmented.SegmentedRaftLogWorker (SegmentedRaftLogWorker.java:lambda$new$0(135)) - 458f4e14-7f73-425f-a1e6-d20318ddd1ae@group-DE162C72CFA8-SegmentedRaftLogWorker: safeCacheEvictIndex: setUnconditionally 0 -> -1
2022-10-13 11:44:16,449 [pool-118-thread-1] INFO  server.RaftServerConfigKeys (ConfUtils.java:logGet(46)) - raft.server.snapshot.auto.trigger.enabled = true (custom)
2022-10-13 11:44:16,449 [pool-118-thread-1] INFO  server.RaftServerConfigKeys (ConfUtils.java:logGet(46)) - raft.server.snapshot.auto.trigger.threshold = 10000 (custom)
2022-10-13 11:44:16,449 [pool-118-thread-1] INFO  server.RaftServerConfigKeys (ConfUtils.java:logGet(46)) - raft.server.snapshot.retention.file.num = 5 (custom)
2022-10-13 11:44:16,449 [pool-118-thread-1] INFO  server.RaftServerConfigKeys (ConfUtils.java:logGet(46)) - raft.server.log.purge.upto.snapshot.index = false (default)
2022-10-13 11:44:16,450 [pool-118-thread-1] INFO  server.RaftServerConfigKeys (ConfUtils.java:logGet(46)) - raft.server.retrycache.expirytime = 600000ms (custom)
2022-10-13 11:44:16,450 [pool-118-thread-1] INFO  server.RaftServerConfigKeys (ConfUtils.java:logGet(46)) - raft.server.retrycache.statistics.expirytime = 100μs (default)
2022-10-13 11:44:16,451 [pool-118-thread-1] INFO  server.RaftServerConfigKeys (ConfUtils.java:logGet(46)) - raft.server.log.appender.install.snapshot.enabled = false (custom)
2022-10-13 11:44:16,451 [pool-118-thread-1] INFO  server.RaftServerConfigKeys (ConfUtils.java:logGet(46)) - raft.server.threadpool.server.cached = true (default)
2022-10-13 11:44:16,451 [pool-118-thread-1] INFO  server.RaftServerConfigKeys (ConfUtils.java:logGet(46)) - raft.server.threadpool.server.size = 0 (default)
2022-10-13 11:44:16,451 [pool-118-thread-1] INFO  server.RaftServerConfigKeys (ConfUtils.java:logGet(46)) - raft.server.threadpool.client.cached = true (default)
2022-10-13 11:44:16,451 [pool-118-thread-1] INFO  server.RaftServerConfigKeys (ConfUtils.java:logGet(46)) - raft.server.threadpool.client.size = 0 (default)
2022-10-13 11:44:16,451 [pool-118-thread-1] INFO  server.RaftServer$Division (RaftServerImpl.java:start(310)) - 458f4e14-7f73-425f-a1e6-d20318ddd1ae@group-DE162C72CFA8: start as a follower, conf=-1: [458f4e14-7f73-425f-a1e6-d20318ddd1ae|rpc:10.1.0.200:33873|priority:1], old=null
2022-10-13 11:44:16,451 [pool-118-thread-1] INFO  server.RaftServer$Division (RaftServerImpl.java:setRole(299)) - 458f4e14-7f73-425f-a1e6-d20318ddd1ae@group-DE162C72CFA8: changes role from      null to FOLLOWER at term 0 for startAsFollower
2022-10-13 11:44:16,451 [pool-118-thread-1] INFO  impl.RoleInfo (RoleInfo.java:updateAndGet(139)) - 458f4e14-7f73-425f-a1e6-d20318ddd1ae: start 458f4e14-7f73-425f-a1e6-d20318ddd1ae@group-DE162C72CFA8-FollowerState
2022-10-13 11:44:16,451 [pool-118-thread-1] INFO  util.JmxRegister (JmxRegister.java:tryRegister(44)) - Successfully registered JMX Bean with object name Ratis:service=RaftServer,group=group-DE162C72CFA8,id=458f4e14-7f73-425f-a1e6-d20318ddd1ae
2022-10-13 11:44:16,455 [EventQueue-PipelineReportForPipelineReportHandler] INFO  pipeline.PipelineManagerImpl (PipelineManagerImpl.java:openPipeline(367)) - Pipeline Pipeline[ Id: 7f43bc83-6d50-4e18-aa44-de162c72cfa8, Nodes: 458f4e14-7f73-425f-a1e6-d20318ddd1ae{ip: 10.1.0.200, host: fv-az91-750.1u4dveb1r3ruphbftqvtwhitpc.gx.internal.cloudapp.net, ports: [REPLICATION=39531, RATIS=33873, RATIS_ADMIN=33873, RATIS_SERVER=33873, STANDALONE=36513], networkLocation: /default-rack, certSerialId: null, persistedOpState: IN_SERVICE, persistedOpStateExpiryEpochSec: 0}, ReplicationConfig: RATIS/ONE, State:ALLOCATED, leaderId:458f4e14-7f73-425f-a1e6-d20318ddd1ae, CreationTimestamp2022-10-13T11:44:13.434Z[Etc/UTC]] moved to OPEN state
2022-10-13 11:44:16,456 [EventQueue-OpenPipelineForHealthyPipelineSafeModeRule] INFO  safemode.SCMSafeModeManager (HealthyPipelineSafeModeRule.java:process(137)) - SCM in safe mode. Healthy pipelines reported count is 0, required healthy pipeline reported count is 1
2022-10-13 11:44:16,460 [Command processor thread] INFO  commandhandler.CreatePipelineCommandHandler (CreatePipelineCommandHandler.java:handle(113)) - Created Pipeline RATIS THREE PipelineID=cb0b0140-87f3-4bee-899a-328af021be98.
2022-10-13 11:44:16,460 [Command processor thread] INFO  ratis.XceiverServerRatis (XceiverServerRatis.java:addGroup(765)) - Created group PipelineID=7f43bc83-6d50-4e18-aa44-de162c72cfa8
2022-10-13 11:44:16,466 [Command processor thread] INFO  commandhandler.CreatePipelineCommandHandler (CreatePipelineCommandHandler.java:handle(113)) - Created Pipeline RATIS ONE PipelineID=7f43bc83-6d50-4e18-aa44-de162c72cfa8.
2022-10-13 11:44:16,475 [Command processor thread] INFO  commandhandler.CreatePipelineCommandHandler (CreatePipelineCommandHandler.java:handle(113)) - Created Pipeline RATIS THREE PipelineID=cb0b0140-87f3-4bee-899a-328af021be98.
2022-10-13 11:44:16,720 [Listener at 127.0.0.1/33933] INFO  ozone.MiniOzoneClusterImpl (MiniOzoneClusterImpl.java:lambda$waitForClusterToBeReady$0(216)) - Nodes are ready. Got 10 of 10 DN Heartbeats.
2022-10-13 11:44:16,720 [Listener at 127.0.0.1/33933] INFO  ozone.MiniOzoneClusterImpl (MiniOzoneClusterImpl.java:lambda$waitForClusterToBeReady$0(219)) - Waiting for cluster to exit safe mode
2022-10-13 11:44:16,720 [Listener at 127.0.0.1/33933] INFO  ozone.MiniOzoneClusterImpl (MiniOzoneClusterImpl.java:lambda$waitForClusterToBeReady$0(221)) - SCM became leader
2022-10-13 11:44:16,776 [Command processor thread] INFO  server.RaftServer (RaftServerProxy.java:addNew(96)) - 1c12248a-391b-407f-adc5-34f451ebab0a: addNew group-B894F0B42BE3:[1c12248a-391b-407f-adc5-34f451ebab0a|rpc:10.1.0.200:39277|priority:1] returns group-B894F0B42BE3:java.util.concurrent.CompletableFuture@7b20c87a[Not completed]
2022-10-13 11:44:16,778 [pool-141-thread-1] INFO  server.RaftServer$Division (RaftServerImpl.java:<init>(190)) - 1c12248a-391b-407f-adc5-34f451ebab0a: new RaftServerImpl for group-B894F0B42BE3:[1c12248a-391b-407f-adc5-34f451ebab0a|rpc:10.1.0.200:39277|priority:1] with ContainerStateMachine:uninitialized
2022-10-13 11:44:16,778 [pool-141-thread-1] INFO  server.RaftServerConfigKeys (ConfUtils.java:logGet(46)) - raft.server.rpc.timeout.min = 5s (custom)
2022-10-13 11:44:16,778 [pool-141-thread-1] INFO  server.RaftServerConfigKeys (ConfUtils.java:logGet(46)) - raft.server.rpc.timeout.max = 5200ms (custom)
2022-10-13 11:44:16,778 [pool-141-thread-1] INFO  server.RaftServerConfigKeys (ConfUtils.java:logGet(46)) - raft.server.rpc.sleep.time = 25ms (default)
2022-10-13 11:44:16,778 [pool-141-thread-1] INFO  server.RaftServerConfigKeys (ConfUtils.java:logGet(46)) - raft.server.rpc.slowness.timeout = 300s (custom)
2022-10-13 11:44:16,778 [pool-141-thread-1] INFO  server.RaftServerConfigKeys (ConfUtils.java:logGet(46)) - raft.server.leaderelection.leader.step-down.wait-time = 10s (default)
2022-10-13 11:44:16,778 [pool-141-thread-1] INFO  server.RaftServerConfigKeys (ConfUtils.java:logGet(46)) - raft.server.sleep.deviation.threshold = 300ms (default)
2022-10-13 11:44:16,778 [pool-141-thread-1] INFO  server.RaftServer$Division (ServerState.java:<init>(107)) - 1c12248a-391b-407f-adc5-34f451ebab0a@group-B894F0B42BE3: ConfigurationManager, init=-1: [1c12248a-391b-407f-adc5-34f451ebab0a|rpc:10.1.0.200:39277|priority:1], old=null, confs=<EMPTY_MAP>
2022-10-13 11:44:16,778 [pool-141-thread-1] INFO  server.RaftServerConfigKeys (ConfUtils.java:logGet(46)) - raft.server.storage.dir = [/home/runner/work/ozone/ozone/hadoop-ozone/integration-test/target/test-dir/MiniOzoneClusterImpl-da935fb3-9ce5-49ab-a67c-f4b3beb884ab/datanode-3/data/ratis] (custom)
2022-10-13 11:44:16,779 [pool-141-thread-1] INFO  server.RaftServerConfigKeys (ConfUtils.java:logGet(46)) - raft.server.log.corruption.policy = EXCEPTION (default)
2022-10-13 11:44:16,779 [pool-141-thread-1] INFO  server.RaftServerConfigKeys (ConfUtils.java:logGet(46)) - raft.server.storage.free-space.min = 0MB (=0) (default)
2022-10-13 11:44:16,779 [pool-141-thread-1] INFO  storage.RaftStorageDirectory (RaftStorageDirectoryImpl.java:analyzeStorage(135)) - The storage directory /home/runner/work/ozone/ozone/hadoop-ozone/integration-test/target/test-dir/MiniOzoneClusterImpl-da935fb3-9ce5-49ab-a67c-f4b3beb884ab/datanode-3/data/ratis/6721d611-dddc-424e-813a-b894f0b42be3 does not exist. Creating ...
2022-10-13 11:44:16,780 [pool-141-thread-1] INFO  storage.RaftStorageDirectory (RaftStorageDirectoryImpl.java:tryLock(230)) - Lock on /home/runner/work/ozone/ozone/hadoop-ozone/integration-test/target/test-dir/MiniOzoneClusterImpl-da935fb3-9ce5-49ab-a67c-f4b3beb884ab/datanode-3/data/ratis/6721d611-dddc-424e-813a-b894f0b42be3/in_use.lock acquired by nodename 27914@fv-az91-750
2022-10-13 11:44:16,781 [pool-141-thread-1] INFO  storage.RaftStorage (RaftStorageImpl.java:format(89)) - Storage directory /home/runner/work/ozone/ozone/hadoop-ozone/integration-test/target/test-dir/MiniOzoneClusterImpl-da935fb3-9ce5-49ab-a67c-f4b3beb884ab/datanode-3/data/ratis/6721d611-dddc-424e-813a-b894f0b42be3 has been successfully formatted.
2022-10-13 11:44:16,781 [pool-141-thread-1] INFO  ratis.ContainerStateMachine (ContainerStateMachine.java:loadSnapshot(236)) - group-B894F0B42BE3: The snapshot info is null. Setting the last applied indexto:(t:0, i:~)
2022-10-13 11:44:16,781 [pool-141-thread-1] INFO  server.RaftServerConfigKeys (ConfUtils.java:logGet(46)) - raft.server.notification.no-leader.timeout = 300s (custom)
2022-10-13 11:44:16,781 [pool-141-thread-1] INFO  server.RaftServerConfigKeys (ConfUtils.java:logGet(46)) - raft.server.log.use.memory = false (default)
2022-10-13 11:44:16,781 [pool-141-thread-1] INFO  server.RaftServerConfigKeys (ConfUtils.java:logGet(46)) - raft.server.log.purge.gap = 1000000 (custom)
2022-10-13 11:44:16,781 [pool-141-thread-1] INFO  server.RaftServerConfigKeys (ConfUtils.java:logGet(46)) - raft.server.log.appender.buffer.byte-limit = 33554432 (custom)
2022-10-13 11:44:16,781 [pool-141-thread-1] INFO  server.RaftServerConfigKeys (ConfUtils.java:logGet(46)) - raft.server.log.statemachine.data.read.timeout = 1000ms (default)
2022-10-13 11:44:16,782 [pool-141-thread-1] INFO  server.RaftServerConfigKeys (ConfUtils.java:logGet(46)) - raft.server.log.segment.size.max = 1048576 (custom)
2022-10-13 11:44:16,786 [pool-141-thread-1] INFO  server.RaftServerConfigKeys (ConfUtils.java:logGet(46)) - raft.server.log.segment.cache.num.max = 2 (custom)
2022-10-13 11:44:16,786 [pool-141-thread-1] INFO  server.RaftServerConfigKeys (ConfUtils.java:logGet(46)) - raft.server.log.segment.cache.size.max = 200MB (=209715200) (default)
2022-10-13 11:44:16,786 [pool-141-thread-1] INFO  segmented.SegmentedRaftLogWorker (SegmentedRaftLogWorker.java:<init>(187)) - new 1c12248a-391b-407f-adc5-34f451ebab0a@group-B894F0B42BE3-SegmentedRaftLogWorker for RaftStorageImpl:Storage Directory /home/runner/work/ozone/ozone/hadoop-ozone/integration-test/target/test-dir/MiniOzoneClusterImpl-da935fb3-9ce5-49ab-a67c-f4b3beb884ab/datanode-3/data/ratis/6721d611-dddc-424e-813a-b894f0b42be3
2022-10-13 11:44:16,787 [pool-141-thread-1] INFO  server.RaftServerConfigKeys (ConfUtils.java:logGet(46)) - raft.server.log.queue.byte-limit = 4294967296 (custom)
2022-10-13 11:44:16,787 [pool-141-thread-1] INFO  server.RaftServerConfigKeys (ConfUtils.java:logGet(46)) - raft.server.log.queue.element-limit = 1024 (custom)
2022-10-13 11:44:16,787 [pool-141-thread-1] INFO  server.RaftServerConfigKeys (ConfUtils.java:logGet(46)) - raft.server.log.segment.size.max = 1048576 (custom)
2022-10-13 11:44:16,787 [pool-141-thread-1] INFO  server.RaftServerConfigKeys (ConfUtils.java:logGet(46)) - raft.server.log.preallocated.size = 16384 (custom)
2022-10-13 11:44:16,787 [pool-141-thread-1] INFO  server.RaftServerConfigKeys (ConfUtils.java:logGet(46)) - raft.server.log.force.sync.num = 128 (default)
2022-10-13 11:44:16,787 [EventQueue-PipelineReportForPipelineReportHandler] INFO  pipeline.PipelineManagerImpl (PipelineManagerImpl.java:openPipeline(367)) - Pipeline Pipeline[ Id: 6721d611-dddc-424e-813a-b894f0b42be3, Nodes: 1c12248a-391b-407f-adc5-34f451ebab0a{ip: 10.1.0.200, host: fv-az91-750.1u4dveb1r3ruphbftqvtwhitpc.gx.internal.cloudapp.net, ports: [REPLICATION=34569, RATIS=39277, RATIS_ADMIN=39277, RATIS_SERVER=39277, STANDALONE=37067], networkLocation: /default-rack, certSerialId: null, persistedOpState: IN_SERVICE, persistedOpStateExpiryEpochSec: 0}, ReplicationConfig: RATIS/ONE, State:ALLOCATED, leaderId:1c12248a-391b-407f-adc5-34f451ebab0a, CreationTimestamp2022-10-13T11:44:13.776Z[Etc/UTC]] moved to OPEN state
2022-10-13 11:44:16,788 [EventQueue-OpenPipelineForHealthyPipelineSafeModeRule] INFO  safemode.SCMSafeModeManager (HealthyPipelineSafeModeRule.java:process(137)) - SCM in safe mode. Healthy pipelines reported count is 0, required healthy pipeline reported count is 1
2022-10-13 11:44:16,787 [pool-141-thread-1] INFO  server.RaftServerConfigKeys (ConfUtils.java:logGet(46)) - raft.server.log.statemachine.data.sync = true (default)
2022-10-13 11:44:16,790 [pool-141-thread-1] INFO  server.RaftServerConfigKeys (ConfUtils.java:logGet(46)) - raft.server.log.statemachine.data.sync.timeout = 10s (default)
2022-10-13 11:44:16,790 [pool-141-thread-1] INFO  server.RaftServerConfigKeys (ConfUtils.java:logGet(46)) - raft.server.log.statemachine.data.sync.timeout.retry = -1 (default)
2022-10-13 11:44:16,791 [pool-141-thread-1] INFO  server.RaftServerConfigKeys (ConfUtils.java:logGet(46)) - raft.server.log.write.buffer.size = 1048576 (custom)
2022-10-13 11:44:16,791 [pool-141-thread-1] INFO  server.RaftServerConfigKeys (ConfUtils.java:logGet(46)) - raft.server.log.unsafe-flush.enabled = false (default)
2022-10-13 11:44:16,791 [pool-141-thread-1] INFO  server.RaftServerConfigKeys (ConfUtils.java:logGet(46)) - raft.server.log.statemachine.data.caching.enabled = true (custom)
2022-10-13 11:44:16,791 [pool-141-thread-1] INFO  segmented.SegmentedRaftLogWorker (SegmentedRaftLogWorker.java:lambda$new$0(135)) - 1c12248a-391b-407f-adc5-34f451ebab0a@group-B894F0B42BE3-SegmentedRaftLogWorker: flushIndex: setUnconditionally 0 -> -1
2022-10-13 11:44:16,791 [pool-141-thread-1] INFO  segmented.SegmentedRaftLogWorker (SegmentedRaftLogWorker.java:lambda$new$0(135)) - 1c12248a-391b-407f-adc5-34f451ebab0a@group-B894F0B42BE3-SegmentedRaftLogWorker: safeCacheEvictIndex: setUnconditionally 0 -> -1
2022-10-13 11:44:16,792 [pool-141-thread-1] INFO  server.RaftServerConfigKeys (ConfUtils.java:logGet(46)) - raft.server.snapshot.auto.trigger.enabled = true (custom)
2022-10-13 11:44:16,792 [pool-141-thread-1] INFO  server.RaftServerConfigKeys (ConfUtils.java:logGet(46)) - raft.server.snapshot.auto.trigger.threshold = 10000 (custom)
2022-10-13 11:44:16,792 [pool-141-thread-1] INFO  server.RaftServerConfigKeys (ConfUtils.java:logGet(46)) - raft.server.snapshot.retention.file.num = 5 (custom)
2022-10-13 11:44:16,792 [pool-141-thread-1] INFO  server.RaftServerConfigKeys (ConfUtils.java:logGet(46)) - raft.server.log.purge.upto.snapshot.index = false (default)
2022-10-13 11:44:16,792 [pool-141-thread-1] INFO  server.RaftServerConfigKeys (ConfUtils.java:logGet(46)) - raft.server.retrycache.expirytime = 600000ms (custom)
2022-10-13 11:44:16,792 [pool-141-thread-1] INFO  server.RaftServerConfigKeys (ConfUtils.java:logGet(46)) - raft.server.retrycache.statistics.expirytime = 100μs (default)
2022-10-13 11:44:16,793 [pool-141-thread-1] INFO  server.RaftServerConfigKeys (ConfUtils.java:logGet(46)) - raft.server.log.appender.install.snapshot.enabled = false (custom)
2022-10-13 11:44:16,793 [pool-141-thread-1] INFO  server.RaftServerConfigKeys (ConfUtils.java:logGet(46)) - raft.server.threadpool.server.cached = true (default)
2022-10-13 11:44:16,793 [pool-141-thread-1] INFO  server.RaftServerConfigKeys (ConfUtils.java:logGet(46)) - raft.server.threadpool.server.size = 0 (default)
2022-10-13 11:44:16,793 [pool-141-thread-1] INFO  server.RaftServerConfigKeys (ConfUtils.java:logGet(46)) - raft.server.threadpool.client.cached = true (default)
2022-10-13 11:44:16,793 [pool-141-thread-1] INFO  server.RaftServerConfigKeys (ConfUtils.java:logGet(46)) - raft.server.threadpool.client.size = 0 (default)
2022-10-13 11:44:16,793 [pool-141-thread-1] INFO  server.RaftServer$Division (RaftServerImpl.java:start(310)) - 1c12248a-391b-407f-adc5-34f451ebab0a@group-B894F0B42BE3: start as a follower, conf=-1: [1c12248a-391b-407f-adc5-34f451ebab0a|rpc:10.1.0.200:39277|priority:1], old=null
2022-10-13 11:44:16,793 [pool-141-thread-1] INFO  server.RaftServer$Division (RaftServerImpl.java:setRole(299)) - 1c12248a-391b-407f-adc5-34f451ebab0a@group-B894F0B42BE3: changes role from      null to FOLLOWER at term 0 for startAsFollower
2022-10-13 11:44:16,793 [pool-141-thread-1] INFO  impl.RoleInfo (RoleInfo.java:updateAndGet(139)) - 1c12248a-391b-407f-adc5-34f451ebab0a: start 1c12248a-391b-407f-adc5-34f451ebab0a@group-B894F0B42BE3-FollowerState
2022-10-13 11:44:16,802 [pool-141-thread-1] INFO  util.JmxRegister (JmxRegister.java:tryRegister(44)) - Successfully registered JMX Bean with object name Ratis:service=RaftServer,group=group-B894F0B42BE3,id=1c12248a-391b-407f-adc5-34f451ebab0a
2022-10-13 11:44:16,802 [Command processor thread] INFO  ratis.XceiverServerRatis (XceiverServerRatis.java:addGroup(765)) - Created group PipelineID=6721d611-dddc-424e-813a-b894f0b42be3
2022-10-13 11:44:16,802 [Command processor thread] INFO  commandhandler.CreatePipelineCommandHandler (CreatePipelineCommandHandler.java:handle(113)) - Created Pipeline RATIS ONE PipelineID=6721d611-dddc-424e-813a-b894f0b42be3.
2022-10-13 11:44:16,803 [Command processor thread] INFO  server.RaftServer (RaftServerProxy.java:addNew(96)) - 1c12248a-391b-407f-adc5-34f451ebab0a: addNew group-3825EEDB64AD:[cc783127-5661-4bf3-9a81-5237862e92f6|rpc:10.1.0.200:38555|priority:1, 1c12248a-391b-407f-adc5-34f451ebab0a|rpc:10.1.0.200:39277|priority:0, 5a2944c9-75d7-4a8d-9ead-f995138127cc|rpc:10.1.0.200:42797|priority:0] returns group-3825EEDB64AD:java.util.concurrent.CompletableFuture@7f1f43c6[Not completed]
2022-10-13 11:44:16,804 [pool-141-thread-1] INFO  server.RaftServer$Division (RaftServerImpl.java:<init>(190)) - 1c12248a-391b-407f-adc5-34f451ebab0a: new RaftServerImpl for group-3825EEDB64AD:[cc783127-5661-4bf3-9a81-5237862e92f6|rpc:10.1.0.200:38555|priority:1, 1c12248a-391b-407f-adc5-34f451ebab0a|rpc:10.1.0.200:39277|priority:0, 5a2944c9-75d7-4a8d-9ead-f995138127cc|rpc:10.1.0.200:42797|priority:0] with ContainerStateMachine:uninitialized
2022-10-13 11:44:16,804 [pool-141-thread-1] INFO  server.RaftServerConfigKeys (ConfUtils.java:logGet(46)) - raft.server.rpc.timeout.min = 5s (custom)
2022-10-13 11:44:16,804 [pool-141-thread-1] INFO  server.RaftServerConfigKeys (ConfUtils.java:logGet(46)) - raft.server.rpc.timeout.max = 5200ms (custom)
2022-10-13 11:44:16,804 [pool-141-thread-1] INFO  server.RaftServerConfigKeys (ConfUtils.java:logGet(46)) - raft.server.rpc.sleep.time = 25ms (default)
2022-10-13 11:44:16,804 [pool-141-thread-1] INFO  server.RaftServerConfigKeys (ConfUtils.java:logGet(46)) - raft.server.rpc.slowness.timeout = 300s (custom)
2022-10-13 11:44:16,804 [pool-141-thread-1] INFO  server.RaftServerConfigKeys (ConfUtils.java:logGet(46)) - raft.server.leaderelection.leader.step-down.wait-time = 10s (default)
2022-10-13 11:44:16,804 [pool-141-thread-1] INFO  server.RaftServerConfigKeys (ConfUtils.java:logGet(46)) - raft.server.sleep.deviation.threshold = 300ms (default)
2022-10-13 11:44:16,804 [pool-141-thread-1] INFO  server.RaftServer$Division (ServerState.java:<init>(107)) - 1c12248a-391b-407f-adc5-34f451ebab0a@group-3825EEDB64AD: ConfigurationManager, init=-1: [cc783127-5661-4bf3-9a81-5237862e92f6|rpc:10.1.0.200:38555|priority:1, 1c12248a-391b-407f-adc5-34f451ebab0a|rpc:10.1.0.200:39277|priority:0, 5a2944c9-75d7-4a8d-9ead-f995138127cc|rpc:10.1.0.200:42797|priority:0], old=null, confs=<EMPTY_MAP>
2022-10-13 11:44:16,804 [pool-141-thread-1] INFO  server.RaftServerConfigKeys (ConfUtils.java:logGet(46)) - raft.server.storage.dir = [/home/runner/work/ozone/ozone/hadoop-ozone/integration-test/target/test-dir/MiniOzoneClusterImpl-da935fb3-9ce5-49ab-a67c-f4b3beb884ab/datanode-3/data/ratis] (custom)
2022-10-13 11:44:16,804 [pool-141-thread-1] INFO  server.RaftServerConfigKeys (ConfUtils.java:logGet(46)) - raft.server.log.corruption.policy = EXCEPTION (default)
2022-10-13 11:44:16,804 [pool-141-thread-1] INFO  server.RaftServerConfigKeys (ConfUtils.java:logGet(46)) - raft.server.storage.free-space.min = 0MB (=0) (default)
2022-10-13 11:44:16,806 [pool-141-thread-1] INFO  storage.RaftStorageDirectory (RaftStorageDirectoryImpl.java:analyzeStorage(135)) - The storage directory /home/runner/work/ozone/ozone/hadoop-ozone/integration-test/target/test-dir/MiniOzoneClusterImpl-da935fb3-9ce5-49ab-a67c-f4b3beb884ab/datanode-3/data/ratis/3f90a376-4dd2-4384-a1b5-3825eedb64ad does not exist. Creating ...
2022-10-13 11:44:16,808 [pool-141-thread-1] INFO  storage.RaftStorageDirectory (RaftStorageDirectoryImpl.java:tryLock(230)) - Lock on /home/runner/work/ozone/ozone/hadoop-ozone/integration-test/target/test-dir/MiniOzoneClusterImpl-da935fb3-9ce5-49ab-a67c-f4b3beb884ab/datanode-3/data/ratis/3f90a376-4dd2-4384-a1b5-3825eedb64ad/in_use.lock acquired by nodename 27914@fv-az91-750
2022-10-13 11:44:16,810 [pool-141-thread-1] INFO  storage.RaftStorage (RaftStorageImpl.java:format(89)) - Storage directory /home/runner/work/ozone/ozone/hadoop-ozone/integration-test/target/test-dir/MiniOzoneClusterImpl-da935fb3-9ce5-49ab-a67c-f4b3beb884ab/datanode-3/data/ratis/3f90a376-4dd2-4384-a1b5-3825eedb64ad has been successfully formatted.
2022-10-13 11:44:16,810 [pool-141-thread-1] INFO  ratis.ContainerStateMachine (ContainerStateMachine.java:loadSnapshot(236)) - group-3825EEDB64AD: The snapshot info is null. Setting the last applied indexto:(t:0, i:~)
2022-10-13 11:44:16,810 [pool-141-thread-1] INFO  server.RaftServerConfigKeys (ConfUtils.java:logGet(46)) - raft.server.notification.no-leader.timeout = 300s (custom)
2022-10-13 11:44:16,810 [pool-141-thread-1] INFO  server.RaftServerConfigKeys (ConfUtils.java:logGet(46)) - raft.server.log.use.memory = false (default)
2022-10-13 11:44:16,810 [pool-141-thread-1] INFO  server.RaftServerConfigKeys (ConfUtils.java:logGet(46)) - raft.server.log.purge.gap = 1000000 (custom)
2022-10-13 11:44:16,810 [pool-141-thread-1] INFO  server.RaftServerConfigKeys (ConfUtils.java:logGet(46)) - raft.server.log.appender.buffer.byte-limit = 33554432 (custom)
2022-10-13 11:44:16,810 [pool-141-thread-1] INFO  server.RaftServerConfigKeys (ConfUtils.java:logGet(46)) - raft.server.log.statemachine.data.read.timeout = 1000ms (default)
2022-10-13 11:44:16,811 [pool-141-thread-1] INFO  server.RaftServerConfigKeys (ConfUtils.java:logGet(46)) - raft.server.log.segment.size.max = 1048576 (custom)
2022-10-13 11:44:16,811 [pool-141-thread-1] INFO  server.RaftServerConfigKeys (ConfUtils.java:logGet(46)) - raft.server.log.segment.cache.num.max = 2 (custom)
2022-10-13 11:44:16,811 [pool-141-thread-1] INFO  server.RaftServerConfigKeys (ConfUtils.java:logGet(46)) - raft.server.log.segment.cache.size.max = 200MB (=209715200) (default)
2022-10-13 11:44:16,811 [pool-141-thread-1] INFO  segmented.SegmentedRaftLogWorker (SegmentedRaftLogWorker.java:<init>(187)) - new 1c12248a-391b-407f-adc5-34f451ebab0a@group-3825EEDB64AD-SegmentedRaftLogWorker for RaftStorageImpl:Storage Directory /home/runner/work/ozone/ozone/hadoop-ozone/integration-test/target/test-dir/MiniOzoneClusterImpl-da935fb3-9ce5-49ab-a67c-f4b3beb884ab/datanode-3/data/ratis/3f90a376-4dd2-4384-a1b5-3825eedb64ad
2022-10-13 11:44:16,811 [pool-141-thread-1] INFO  server.RaftServerConfigKeys (ConfUtils.java:logGet(46)) - raft.server.log.queue.byte-limit = 4294967296 (custom)
2022-10-13 11:44:16,811 [pool-141-thread-1] INFO  server.RaftServerConfigKeys (ConfUtils.java:logGet(46)) - raft.server.log.queue.element-limit = 1024 (custom)
2022-10-13 11:44:16,811 [pool-141-thread-1] INFO  server.RaftServerConfigKeys (ConfUtils.java:logGet(46)) - raft.server.log.segment.size.max = 1048576 (custom)
2022-10-13 11:44:16,811 [pool-141-thread-1] INFO  server.RaftServerConfigKeys (ConfUtils.java:logGet(46)) - raft.server.log.preallocated.size = 16384 (custom)
2022-10-13 11:44:16,811 [pool-141-thread-1] INFO  server.RaftServerConfigKeys (ConfUtils.java:logGet(46)) - raft.server.log.force.sync.num = 128 (default)
2022-10-13 11:44:16,811 [pool-141-thread-1] INFO  server.RaftServerConfigKeys (ConfUtils.java:logGet(46)) - raft.server.log.statemachine.data.sync = true (default)
2022-10-13 11:44:16,811 [pool-141-thread-1] INFO  server.RaftServerConfigKeys (ConfUtils.java:logGet(46)) - raft.server.log.statemachine.data.sync.timeout = 10s (default)
2022-10-13 11:44:16,811 [pool-141-thread-1] INFO  server.RaftServerConfigKeys (ConfUtils.java:logGet(46)) - raft.server.log.statemachine.data.sync.timeout.retry = -1 (default)
2022-10-13 11:44:16,812 [pool-141-thread-1] INFO  server.RaftServerConfigKeys (ConfUtils.java:logGet(46)) - raft.server.log.write.buffer.size = 1048576 (custom)
2022-10-13 11:44:16,813 [pool-141-thread-1] INFO  server.RaftServerConfigKeys (ConfUtils.java:logGet(46)) - raft.server.log.unsafe-flush.enabled = false (default)
2022-10-13 11:44:16,813 [pool-141-thread-1] INFO  server.RaftServerConfigKeys (ConfUtils.java:logGet(46)) - raft.server.log.statemachine.data.caching.enabled = true (custom)
2022-10-13 11:44:16,813 [pool-141-thread-1] INFO  segmented.SegmentedRaftLogWorker (SegmentedRaftLogWorker.java:lambda$new$0(135)) - 1c12248a-391b-407f-adc5-34f451ebab0a@group-3825EEDB64AD-SegmentedRaftLogWorker: flushIndex: setUnconditionally 0 -> -1
2022-10-13 11:44:16,813 [pool-141-thread-1] INFO  segmented.SegmentedRaftLogWorker (SegmentedRaftLogWorker.java:lambda$new$0(135)) - 1c12248a-391b-407f-adc5-34f451ebab0a@group-3825EEDB64AD-SegmentedRaftLogWorker: safeCacheEvictIndex: setUnconditionally 0 -> -1
2022-10-13 11:44:16,814 [pool-141-thread-1] INFO  server.RaftServerConfigKeys (ConfUtils.java:logGet(46)) - raft.server.snapshot.auto.trigger.enabled = true (custom)
2022-10-13 11:44:16,814 [pool-141-thread-1] INFO  server.RaftServerConfigKeys (ConfUtils.java:logGet(46)) - raft.server.snapshot.auto.trigger.threshold = 10000 (custom)
2022-10-13 11:44:16,814 [pool-141-thread-1] INFO  server.RaftServerConfigKeys (ConfUtils.java:logGet(46)) - raft.server.snapshot.retention.file.num = 5 (custom)
2022-10-13 11:44:16,814 [pool-141-thread-1] INFO  server.RaftServerConfigKeys (ConfUtils.java:logGet(46)) - raft.server.log.purge.upto.snapshot.index = false (default)
2022-10-13 11:44:16,814 [pool-141-thread-1] INFO  server.RaftServerConfigKeys (ConfUtils.java:logGet(46)) - raft.server.retrycache.expirytime = 600000ms (custom)
2022-10-13 11:44:16,814 [pool-141-thread-1] INFO  server.RaftServerConfigKeys (ConfUtils.java:logGet(46)) - raft.server.retrycache.statistics.expirytime = 100μs (default)
2022-10-13 11:44:16,815 [EventQueue-OpenPipelineForHealthyPipelineSafeModeRule] INFO  safemode.SCMSafeModeManager (HealthyPipelineSafeModeRule.java:process(137)) - SCM in safe mode. Healthy pipelines reported count is 0, required healthy pipeline reported count is 1
2022-10-13 11:44:16,815 [pool-141-thread-1] INFO  server.RaftServerConfigKeys (ConfUtils.java:logGet(46)) - raft.server.log.appender.install.snapshot.enabled = false (custom)
2022-10-13 11:44:16,815 [pool-141-thread-1] INFO  server.RaftServerConfigKeys (ConfUtils.java:logGet(46)) - raft.server.threadpool.server.cached = true (default)
2022-10-13 11:44:16,815 [pool-141-thread-1] INFO  server.RaftServerConfigKeys (ConfUtils.java:logGet(46)) - raft.server.threadpool.server.size = 0 (default)
2022-10-13 11:44:16,815 [pool-141-thread-1] INFO  server.RaftServerConfigKeys (ConfUtils.java:logGet(46)) - raft.server.threadpool.client.cached = true (default)
2022-10-13 11:44:16,815 [pool-141-thread-1] INFO  server.RaftServerConfigKeys (ConfUtils.java:logGet(46)) - raft.server.threadpool.client.size = 0 (default)
2022-10-13 11:44:16,816 [pool-141-thread-1] INFO  server.RaftServer$Division (RaftServerImpl.java:start(310)) - 1c12248a-391b-407f-adc5-34f451ebab0a@group-3825EEDB64AD: start as a follower, conf=-1: [cc783127-5661-4bf3-9a81-5237862e92f6|rpc:10.1.0.200:38555|priority:1, 1c12248a-391b-407f-adc5-34f451ebab0a|rpc:10.1.0.200:39277|priority:0, 5a2944c9-75d7-4a8d-9ead-f995138127cc|rpc:10.1.0.200:42797|priority:0], old=null
2022-10-13 11:44:16,816 [pool-141-thread-1] INFO  server.RaftServer$Division (RaftServerImpl.java:setRole(299)) - 1c12248a-391b-407f-adc5-34f451ebab0a@group-3825EEDB64AD: changes role from      null to FOLLOWER at term 0 for startAsFollower
2022-10-13 11:44:16,816 [pool-141-thread-1] INFO  impl.RoleInfo (RoleInfo.java:updateAndGet(139)) - 1c12248a-391b-407f-adc5-34f451ebab0a: start 1c12248a-391b-407f-adc5-34f451ebab0a@group-3825EEDB64AD-FollowerState
2022-10-13 11:44:16,816 [pool-141-thread-1] INFO  util.JmxRegister (JmxRegister.java:tryRegister(44)) - Successfully registered JMX Bean with object name Ratis:service=RaftServer,group=group-3825EEDB64AD,id=1c12248a-391b-407f-adc5-34f451ebab0a
2022-10-13 11:44:16,817 [Command processor thread] INFO  ratis.XceiverServerRatis (XceiverServerRatis.java:addGroup(765)) - Created group PipelineID=3f90a376-4dd2-4384-a1b5-3825eedb64ad
2022-10-13 11:44:16,832 [grpc-default-executor-1] INFO  server.RaftServer (RaftServerProxy.java:addNew(96)) - cc783127-5661-4bf3-9a81-5237862e92f6: addNew group-3825EEDB64AD:[cc783127-5661-4bf3-9a81-5237862e92f6|rpc:10.1.0.200:38555|dataStream:|priority:1, 1c12248a-391b-407f-adc5-34f451ebab0a|rpc:10.1.0.200:39277|dataStream:|priority:0, 5a2944c9-75d7-4a8d-9ead-f995138127cc|rpc:10.1.0.200:42797|dataStream:|priority:0] returns group-3825EEDB64AD:java.util.concurrent.CompletableFuture@243382f5[Not completed]
2022-10-13 11:44:16,833 [pool-164-thread-1] INFO  server.RaftServer$Division (RaftServerImpl.java:<init>(190)) - cc783127-5661-4bf3-9a81-5237862e92f6: new RaftServerImpl for group-3825EEDB64AD:[cc783127-5661-4bf3-9a81-5237862e92f6|rpc:10.1.0.200:38555|dataStream:|priority:1, 1c12248a-391b-407f-adc5-34f451ebab0a|rpc:10.1.0.200:39277|dataStream:|priority:0, 5a2944c9-75d7-4a8d-9ead-f995138127cc|rpc:10.1.0.200:42797|dataStream:|priority:0] with ContainerStateMachine:uninitialized
2022-10-13 11:44:16,833 [pool-164-thread-1] INFO  server.RaftServerConfigKeys (ConfUtils.java:logGet(46)) - raft.server.rpc.timeout.min = 5s (custom)
2022-10-13 11:44:16,833 [pool-164-thread-1] INFO  server.RaftServerConfigKeys (ConfUtils.java:logGet(46)) - raft.server.rpc.timeout.max = 5200ms (custom)
2022-10-13 11:44:16,833 [pool-164-thread-1] INFO  server.RaftServerConfigKeys (ConfUtils.java:logGet(46)) - raft.server.rpc.sleep.time = 25ms (default)
2022-10-13 11:44:16,833 [pool-164-thread-1] INFO  server.RaftServerConfigKeys (ConfUtils.java:logGet(46)) - raft.server.rpc.slowness.timeout = 300s (custom)
2022-10-13 11:44:16,833 [pool-164-thread-1] INFO  server.RaftServerConfigKeys (ConfUtils.java:logGet(46)) - raft.server.leaderelection.leader.step-down.wait-time = 10s (default)
2022-10-13 11:44:16,833 [pool-164-thread-1] INFO  server.RaftServerConfigKeys (ConfUtils.java:logGet(46)) - raft.server.sleep.deviation.threshold = 300ms (default)
2022-10-13 11:44:16,833 [pool-164-thread-1] INFO  server.RaftServer$Division (ServerState.java:<init>(107)) - cc783127-5661-4bf3-9a81-5237862e92f6@group-3825EEDB64AD: ConfigurationManager, init=-1: [cc783127-5661-4bf3-9a81-5237862e92f6|rpc:10.1.0.200:38555|dataStream:|priority:1, 1c12248a-391b-407f-adc5-34f451ebab0a|rpc:10.1.0.200:39277|dataStream:|priority:0, 5a2944c9-75d7-4a8d-9ead-f995138127cc|rpc:10.1.0.200:42797|dataStream:|priority:0], old=null, confs=<EMPTY_MAP>
2022-10-13 11:44:16,833 [pool-164-thread-1] INFO  server.RaftServerConfigKeys (ConfUtils.java:logGet(46)) - raft.server.storage.dir = [/home/runner/work/ozone/ozone/hadoop-ozone/integration-test/target/test-dir/MiniOzoneClusterImpl-da935fb3-9ce5-49ab-a67c-f4b3beb884ab/datanode-4/data/ratis] (custom)
2022-10-13 11:44:16,834 [pool-164-thread-1] INFO  server.RaftServerConfigKeys (ConfUtils.java:logGet(46)) - raft.server.log.corruption.policy = EXCEPTION (default)
2022-10-13 11:44:16,834 [pool-164-thread-1] INFO  server.RaftServerConfigKeys (ConfUtils.java:logGet(46)) - raft.server.storage.free-space.min = 0MB (=0) (default)
2022-10-13 11:44:16,834 [pool-164-thread-1] INFO  storage.RaftStorageDirectory (RaftStorageDirectoryImpl.java:analyzeStorage(135)) - The storage directory /home/runner/work/ozone/ozone/hadoop-ozone/integration-test/target/test-dir/MiniOzoneClusterImpl-da935fb3-9ce5-49ab-a67c-f4b3beb884ab/datanode-4/data/ratis/3f90a376-4dd2-4384-a1b5-3825eedb64ad does not exist. Creating ...
2022-10-13 11:44:16,835 [pool-164-thread-1] INFO  storage.RaftStorageDirectory (RaftStorageDirectoryImpl.java:tryLock(230)) - Lock on /home/runner/work/ozone/ozone/hadoop-ozone/integration-test/target/test-dir/MiniOzoneClusterImpl-da935fb3-9ce5-49ab-a67c-f4b3beb884ab/datanode-4/data/ratis/3f90a376-4dd2-4384-a1b5-3825eedb64ad/in_use.lock acquired by nodename 27914@fv-az91-750
2022-10-13 11:44:16,840 [pool-164-thread-1] INFO  storage.RaftStorage (RaftStorageImpl.java:format(89)) - Storage directory /home/runner/work/ozone/ozone/hadoop-ozone/integration-test/target/test-dir/MiniOzoneClusterImpl-da935fb3-9ce5-49ab-a67c-f4b3beb884ab/datanode-4/data/ratis/3f90a376-4dd2-4384-a1b5-3825eedb64ad has been successfully formatted.
2022-10-13 11:44:16,840 [pool-164-thread-1] INFO  ratis.ContainerStateMachine (ContainerStateMachine.java:loadSnapshot(236)) - group-3825EEDB64AD: The snapshot info is null. Setting the last applied indexto:(t:0, i:~)
2022-10-13 11:44:16,841 [pool-164-thread-1] INFO  server.RaftServerConfigKeys (ConfUtils.java:logGet(46)) - raft.server.notification.no-leader.timeout = 300s (custom)
2022-10-13 11:44:16,841 [pool-164-thread-1] INFO  server.RaftServerConfigKeys (ConfUtils.java:logGet(46)) - raft.server.log.use.memory = false (default)
2022-10-13 11:44:16,841 [pool-164-thread-1] INFO  server.RaftServerConfigKeys (ConfUtils.java:logGet(46)) - raft.server.log.purge.gap = 1000000 (custom)
2022-10-13 11:44:16,841 [pool-164-thread-1] INFO  server.RaftServerConfigKeys (ConfUtils.java:logGet(46)) - raft.server.log.appender.buffer.byte-limit = 33554432 (custom)
2022-10-13 11:44:16,841 [pool-164-thread-1] INFO  server.RaftServerConfigKeys (ConfUtils.java:logGet(46)) - raft.server.log.statemachine.data.read.timeout = 1000ms (default)
2022-10-13 11:44:16,841 [pool-164-thread-1] INFO  server.RaftServerConfigKeys (ConfUtils.java:logGet(46)) - raft.server.log.segment.size.max = 1048576 (custom)
2022-10-13 11:44:16,842 [pool-164-thread-1] INFO  server.RaftServerConfigKeys (ConfUtils.java:logGet(46)) - raft.server.log.segment.cache.num.max = 2 (custom)
2022-10-13 11:44:16,842 [pool-164-thread-1] INFO  server.RaftServerConfigKeys (ConfUtils.java:logGet(46)) - raft.server.log.segment.cache.size.max = 200MB (=209715200) (default)
2022-10-13 11:44:16,842 [pool-164-thread-1] INFO  segmented.SegmentedRaftLogWorker (SegmentedRaftLogWorker.java:<init>(187)) - new cc783127-5661-4bf3-9a81-5237862e92f6@group-3825EEDB64AD-SegmentedRaftLogWorker for RaftStorageImpl:Storage Directory /home/runner/work/ozone/ozone/hadoop-ozone/integration-test/target/test-dir/MiniOzoneClusterImpl-da935fb3-9ce5-49ab-a67c-f4b3beb884ab/datanode-4/data/ratis/3f90a376-4dd2-4384-a1b5-3825eedb64ad
2022-10-13 11:44:16,842 [pool-164-thread-1] INFO  server.RaftServerConfigKeys (ConfUtils.java:logGet(46)) - raft.server.log.queue.byte-limit = 4294967296 (custom)
2022-10-13 11:44:16,842 [pool-164-thread-1] INFO  server.RaftServerConfigKeys (ConfUtils.java:logGet(46)) - raft.server.log.queue.element-limit = 1024 (custom)
2022-10-13 11:44:16,842 [pool-164-thread-1] INFO  server.RaftServerConfigKeys (ConfUtils.java:logGet(46)) - raft.server.log.segment.size.max = 1048576 (custom)
2022-10-13 11:44:16,842 [pool-164-thread-1] INFO  server.RaftServerConfigKeys (ConfUtils.java:logGet(46)) - raft.server.log.preallocated.size = 16384 (custom)
2022-10-13 11:44:16,842 [pool-164-thread-1] INFO  server.RaftServerConfigKeys (ConfUtils.java:logGet(46)) - raft.server.log.force.sync.num = 128 (default)
2022-10-13 11:44:16,842 [pool-164-thread-1] INFO  server.RaftServerConfigKeys (ConfUtils.java:logGet(46)) - raft.server.log.statemachine.data.sync = true (default)
2022-10-13 11:44:16,842 [pool-164-thread-1] INFO  server.RaftServerConfigKeys (ConfUtils.java:logGet(46)) - raft.server.log.statemachine.data.sync.timeout = 10s (default)
2022-10-13 11:44:16,842 [pool-164-thread-1] INFO  server.RaftServerConfigKeys (ConfUtils.java:logGet(46)) - raft.server.log.statemachine.data.sync.timeout.retry = -1 (default)
2022-10-13 11:44:16,843 [pool-164-thread-1] INFO  server.RaftServerConfigKeys (ConfUtils.java:logGet(46)) - raft.server.log.write.buffer.size = 1048576 (custom)
2022-10-13 11:44:16,843 [pool-164-thread-1] INFO  server.RaftServerConfigKeys (ConfUtils.java:logGet(46)) - raft.server.log.unsafe-flush.enabled = false (default)
2022-10-13 11:44:16,843 [pool-164-thread-1] INFO  server.RaftServerConfigKeys (ConfUtils.java:logGet(46)) - raft.server.log.statemachine.data.caching.enabled = true (custom)
2022-10-13 11:44:16,844 [pool-164-thread-1] INFO  segmented.SegmentedRaftLogWorker (SegmentedRaftLogWorker.java:lambda$new$0(135)) - cc783127-5661-4bf3-9a81-5237862e92f6@group-3825EEDB64AD-SegmentedRaftLogWorker: flushIndex: setUnconditionally 0 -> -1
2022-10-13 11:44:16,844 [pool-164-thread-1] INFO  segmented.SegmentedRaftLogWorker (SegmentedRaftLogWorker.java:lambda$new$0(135)) - cc783127-5661-4bf3-9a81-5237862e92f6@group-3825EEDB64AD-SegmentedRaftLogWorker: safeCacheEvictIndex: setUnconditionally 0 -> -1
2022-10-13 11:44:16,844 [pool-164-thread-1] INFO  server.RaftServerConfigKeys (ConfUtils.java:logGet(46)) - raft.server.snapshot.auto.trigger.enabled = true (custom)
2022-10-13 11:44:16,844 [pool-164-thread-1] INFO  server.RaftServerConfigKeys (ConfUtils.java:logGet(46)) - raft.server.snapshot.auto.trigger.threshold = 10000 (custom)
2022-10-13 11:44:16,844 [pool-164-thread-1] INFO  server.RaftServerConfigKeys (ConfUtils.java:logGet(46)) - raft.server.snapshot.retention.file.num = 5 (custom)
2022-10-13 11:44:16,844 [pool-164-thread-1] INFO  server.RaftServerConfigKeys (ConfUtils.java:logGet(46)) - raft.server.log.purge.upto.snapshot.index = false (default)
2022-10-13 11:44:16,844 [pool-164-thread-1] INFO  server.RaftServerConfigKeys (ConfUtils.java:logGet(46)) - raft.server.retrycache.expirytime = 600000ms (custom)
2022-10-13 11:44:16,844 [pool-164-thread-1] INFO  server.RaftServerConfigKeys (ConfUtils.java:logGet(46)) - raft.server.retrycache.statistics.expirytime = 100μs (default)
2022-10-13 11:44:16,845 [pool-164-thread-1] INFO  server.RaftServerConfigKeys (ConfUtils.java:logGet(46)) - raft.server.log.appender.install.snapshot.enabled = false (custom)
2022-10-13 11:44:16,845 [pool-164-thread-1] INFO  server.RaftServerConfigKeys (ConfUtils.java:logGet(46)) - raft.server.threadpool.server.cached = true (default)
2022-10-13 11:44:16,845 [pool-164-thread-1] INFO  server.RaftServerConfigKeys (ConfUtils.java:logGet(46)) - raft.server.threadpool.server.size = 0 (default)
2022-10-13 11:44:16,845 [pool-164-thread-1] INFO  server.RaftServerConfigKeys (ConfUtils.java:logGet(46)) - raft.server.threadpool.client.cached = true (default)
2022-10-13 11:44:16,845 [pool-164-thread-1] INFO  server.RaftServerConfigKeys (ConfUtils.java:logGet(46)) - raft.server.threadpool.client.size = 0 (default)
2022-10-13 11:44:16,845 [pool-164-thread-1] INFO  server.RaftServer$Division (RaftServerImpl.java:start(310)) - cc783127-5661-4bf3-9a81-5237862e92f6@group-3825EEDB64AD: start as a follower, conf=-1: [cc783127-5661-4bf3-9a81-5237862e92f6|rpc:10.1.0.200:38555|dataStream:|priority:1, 1c12248a-391b-407f-adc5-34f451ebab0a|rpc:10.1.0.200:39277|dataStream:|priority:0, 5a2944c9-75d7-4a8d-9ead-f995138127cc|rpc:10.1.0.200:42797|dataStream:|priority:0], old=null
2022-10-13 11:44:16,845 [pool-164-thread-1] INFO  server.RaftServer$Division (RaftServerImpl.java:setRole(299)) - cc783127-5661-4bf3-9a81-5237862e92f6@group-3825EEDB64AD: changes role from      null to FOLLOWER at term 0 for startAsFollower
2022-10-13 11:44:16,845 [pool-164-thread-1] INFO  impl.RoleInfo (RoleInfo.java:updateAndGet(139)) - cc783127-5661-4bf3-9a81-5237862e92f6: start cc783127-5661-4bf3-9a81-5237862e92f6@group-3825EEDB64AD-FollowerState
2022-10-13 11:44:16,846 [pool-164-thread-1] INFO  util.JmxRegister (JmxRegister.java:tryRegister(44)) - Successfully registered JMX Bean with object name Ratis:service=RaftServer,group=group-3825EEDB64AD,id=cc783127-5661-4bf3-9a81-5237862e92f6
2022-10-13 11:44:16,870 [grpc-default-executor-1] INFO  server.RaftServer (RaftServerProxy.java:addNew(96)) - 5a2944c9-75d7-4a8d-9ead-f995138127cc: addNew group-3825EEDB64AD:[cc783127-5661-4bf3-9a81-5237862e92f6|rpc:10.1.0.200:38555|dataStream:|priority:1, 1c12248a-391b-407f-adc5-34f451ebab0a|rpc:10.1.0.200:39277|dataStream:|priority:0, 5a2944c9-75d7-4a8d-9ead-f995138127cc|rpc:10.1.0.200:42797|dataStream:|priority:0] returns group-3825EEDB64AD:java.util.concurrent.CompletableFuture@72658a90[Not completed]
2022-10-13 11:44:16,871 [pool-187-thread-1] INFO  server.RaftServer$Division (RaftServerImpl.java:<init>(190)) - 5a2944c9-75d7-4a8d-9ead-f995138127cc: new RaftServerImpl for group-3825EEDB64AD:[cc783127-5661-4bf3-9a81-5237862e92f6|rpc:10.1.0.200:38555|dataStream:|priority:1, 1c12248a-391b-407f-adc5-34f451ebab0a|rpc:10.1.0.200:39277|dataStream:|priority:0, 5a2944c9-75d7-4a8d-9ead-f995138127cc|rpc:10.1.0.200:42797|dataStream:|priority:0] with ContainerStateMachine:uninitialized
2022-10-13 11:44:16,871 [pool-187-thread-1] INFO  server.RaftServerConfigKeys (ConfUtils.java:logGet(46)) - raft.server.rpc.timeout.min = 5s (custom)
2022-10-13 11:44:16,871 [pool-187-thread-1] INFO  server.RaftServerConfigKeys (ConfUtils.java:logGet(46)) - raft.server.rpc.timeout.max = 5200ms (custom)
2022-10-13 11:44:16,871 [pool-187-thread-1] INFO  server.RaftServerConfigKeys (ConfUtils.java:logGet(46)) - raft.server.rpc.sleep.time = 25ms (default)
2022-10-13 11:44:16,871 [pool-187-thread-1] INFO  server.RaftServerConfigKeys (ConfUtils.java:logGet(46)) - raft.server.rpc.slowness.timeout = 300s (custom)
2022-10-13 11:44:16,871 [pool-187-thread-1] INFO  server.RaftServerConfigKeys (ConfUtils.java:logGet(46)) - raft.server.leaderelection.leader.step-down.wait-time = 10s (default)
2022-10-13 11:44:16,871 [pool-187-thread-1] INFO  server.RaftServerConfigKeys (ConfUtils.java:logGet(46)) - raft.server.sleep.deviation.threshold = 300ms (default)
2022-10-13 11:44:16,871 [pool-187-thread-1] INFO  server.RaftServer$Division (ServerState.java:<init>(107)) - 5a2944c9-75d7-4a8d-9ead-f995138127cc@group-3825EEDB64AD: ConfigurationManager, init=-1: [cc783127-5661-4bf3-9a81-5237862e92f6|rpc:10.1.0.200:38555|dataStream:|priority:1, 1c12248a-391b-407f-adc5-34f451ebab0a|rpc:10.1.0.200:39277|dataStream:|priority:0, 5a2944c9-75d7-4a8d-9ead-f995138127cc|rpc:10.1.0.200:42797|dataStream:|priority:0], old=null, confs=<EMPTY_MAP>
2022-10-13 11:44:16,871 [pool-187-thread-1] INFO  server.RaftServerConfigKeys (ConfUtils.java:logGet(46)) - raft.server.storage.dir = [/home/runner/work/ozone/ozone/hadoop-ozone/integration-test/target/test-dir/MiniOzoneClusterImpl-da935fb3-9ce5-49ab-a67c-f4b3beb884ab/datanode-5/data/ratis] (custom)
2022-10-13 11:44:16,871 [pool-187-thread-1] INFO  server.RaftServerConfigKeys (ConfUtils.java:logGet(46)) - raft.server.log.corruption.policy = EXCEPTION (default)
2022-10-13 11:44:16,871 [pool-187-thread-1] INFO  server.RaftServerConfigKeys (ConfUtils.java:logGet(46)) - raft.server.storage.free-space.min = 0MB (=0) (default)
2022-10-13 11:44:16,871 [pool-187-thread-1] INFO  storage.RaftStorageDirectory (RaftStorageDirectoryImpl.java:analyzeStorage(135)) - The storage directory /home/runner/work/ozone/ozone/hadoop-ozone/integration-test/target/test-dir/MiniOzoneClusterImpl-da935fb3-9ce5-49ab-a67c-f4b3beb884ab/datanode-5/data/ratis/3f90a376-4dd2-4384-a1b5-3825eedb64ad does not exist. Creating ...
2022-10-13 11:44:16,873 [pool-187-thread-1] INFO  storage.RaftStorageDirectory (RaftStorageDirectoryImpl.java:tryLock(230)) - Lock on /home/runner/work/ozone/ozone/hadoop-ozone/integration-test/target/test-dir/MiniOzoneClusterImpl-da935fb3-9ce5-49ab-a67c-f4b3beb884ab/datanode-5/data/ratis/3f90a376-4dd2-4384-a1b5-3825eedb64ad/in_use.lock acquired by nodename 27914@fv-az91-750
2022-10-13 11:44:16,875 [pool-187-thread-1] INFO  storage.RaftStorage (RaftStorageImpl.java:format(89)) - Storage directory /home/runner/work/ozone/ozone/hadoop-ozone/integration-test/target/test-dir/MiniOzoneClusterImpl-da935fb3-9ce5-49ab-a67c-f4b3beb884ab/datanode-5/data/ratis/3f90a376-4dd2-4384-a1b5-3825eedb64ad has been successfully formatted.
2022-10-13 11:44:16,875 [pool-187-thread-1] INFO  ratis.ContainerStateMachine (ContainerStateMachine.java:loadSnapshot(236)) - group-3825EEDB64AD: The snapshot info is null. Setting the last applied indexto:(t:0, i:~)
2022-10-13 11:44:16,876 [pool-187-thread-1] INFO  server.RaftServerConfigKeys (ConfUtils.java:logGet(46)) - raft.server.notification.no-leader.timeout = 300s (custom)
2022-10-13 11:44:16,876 [pool-187-thread-1] INFO  server.RaftServerConfigKeys (ConfUtils.java:logGet(46)) - raft.server.log.use.memory = false (default)
2022-10-13 11:44:16,876 [pool-187-thread-1] INFO  server.RaftServerConfigKeys (ConfUtils.java:logGet(46)) - raft.server.log.purge.gap = 1000000 (custom)
2022-10-13 11:44:16,876 [pool-187-thread-1] INFO  server.RaftServerConfigKeys (ConfUtils.java:logGet(46)) - raft.server.log.appender.buffer.byte-limit = 33554432 (custom)
2022-10-13 11:44:16,876 [pool-187-thread-1] INFO  server.RaftServerConfigKeys (ConfUtils.java:logGet(46)) - raft.server.log.statemachine.data.read.timeout = 1000ms (default)
2022-10-13 11:44:16,876 [pool-187-thread-1] INFO  server.RaftServerConfigKeys (ConfUtils.java:logGet(46)) - raft.server.log.segment.size.max = 1048576 (custom)
2022-10-13 11:44:16,877 [pool-187-thread-1] INFO  server.RaftServerConfigKeys (ConfUtils.java:logGet(46)) - raft.server.log.segment.cache.num.max = 2 (custom)
2022-10-13 11:44:16,877 [pool-187-thread-1] INFO  server.RaftServerConfigKeys (ConfUtils.java:logGet(46)) - raft.server.log.segment.cache.size.max = 200MB (=209715200) (default)
2022-10-13 11:44:16,877 [pool-187-thread-1] INFO  segmented.SegmentedRaftLogWorker (SegmentedRaftLogWorker.java:<init>(187)) - new 5a2944c9-75d7-4a8d-9ead-f995138127cc@group-3825EEDB64AD-SegmentedRaftLogWorker for RaftStorageImpl:Storage Directory /home/runner/work/ozone/ozone/hadoop-ozone/integration-test/target/test-dir/MiniOzoneClusterImpl-da935fb3-9ce5-49ab-a67c-f4b3beb884ab/datanode-5/data/ratis/3f90a376-4dd2-4384-a1b5-3825eedb64ad
2022-10-13 11:44:16,877 [pool-187-thread-1] INFO  server.RaftServerConfigKeys (ConfUtils.java:logGet(46)) - raft.server.log.queue.byte-limit = 4294967296 (custom)
2022-10-13 11:44:16,877 [pool-187-thread-1] INFO  server.RaftServerConfigKeys (ConfUtils.java:logGet(46)) - raft.server.log.queue.element-limit = 1024 (custom)
2022-10-13 11:44:16,877 [pool-187-thread-1] INFO  server.RaftServerConfigKeys (ConfUtils.java:logGet(46)) - raft.server.log.segment.size.max = 1048576 (custom)
2022-10-13 11:44:16,877 [pool-187-thread-1] INFO  server.RaftServerConfigKeys (ConfUtils.java:logGet(46)) - raft.server.log.preallocated.size = 16384 (custom)
2022-10-13 11:44:16,877 [pool-187-thread-1] INFO  server.RaftServerConfigKeys (ConfUtils.java:logGet(46)) - raft.server.log.force.sync.num = 128 (default)
2022-10-13 11:44:16,877 [pool-187-thread-1] INFO  server.RaftServerConfigKeys (ConfUtils.java:logGet(46)) - raft.server.log.statemachine.data.sync = true (default)
2022-10-13 11:44:16,877 [pool-187-thread-1] INFO  server.RaftServerConfigKeys (ConfUtils.java:logGet(46)) - raft.server.log.statemachine.data.sync.timeout = 10s (default)
2022-10-13 11:44:16,877 [pool-187-thread-1] INFO  server.RaftServerConfigKeys (ConfUtils.java:logGet(46)) - raft.server.log.statemachine.data.sync.timeout.retry = -1 (default)
2022-10-13 11:44:16,878 [pool-187-thread-1] INFO  server.RaftServerConfigKeys (ConfUtils.java:logGet(46)) - raft.server.log.write.buffer.size = 1048576 (custom)
2022-10-13 11:44:16,879 [pool-187-thread-1] INFO  server.RaftServerConfigKeys (ConfUtils.java:logGet(46)) - raft.server.log.unsafe-flush.enabled = false (default)
2022-10-13 11:44:16,879 [pool-187-thread-1] INFO  server.RaftServerConfigKeys (ConfUtils.java:logGet(46)) - raft.server.log.statemachine.data.caching.enabled = true (custom)
2022-10-13 11:44:16,879 [pool-187-thread-1] INFO  segmented.SegmentedRaftLogWorker (SegmentedRaftLogWorker.java:lambda$new$0(135)) - 5a2944c9-75d7-4a8d-9ead-f995138127cc@group-3825EEDB64AD-SegmentedRaftLogWorker: flushIndex: setUnconditionally 0 -> -1
2022-10-13 11:44:16,879 [pool-187-thread-1] INFO  segmented.SegmentedRaftLogWorker (SegmentedRaftLogWorker.java:lambda$new$0(135)) - 5a2944c9-75d7-4a8d-9ead-f995138127cc@group-3825EEDB64AD-SegmentedRaftLogWorker: safeCacheEvictIndex: setUnconditionally 0 -> -1
2022-10-13 11:44:16,881 [pool-187-thread-1] INFO  server.RaftServerConfigKeys (ConfUtils.java:logGet(46)) - raft.server.snapshot.auto.trigger.enabled = true (custom)
2022-10-13 11:44:16,881 [pool-187-thread-1] INFO  server.RaftServerConfigKeys (ConfUtils.java:logGet(46)) - raft.server.snapshot.auto.trigger.threshold = 10000 (custom)
2022-10-13 11:44:16,881 [pool-187-thread-1] INFO  server.RaftServerConfigKeys (ConfUtils.java:logGet(46)) - raft.server.snapshot.retention.file.num = 5 (custom)
2022-10-13 11:44:16,881 [pool-187-thread-1] INFO  server.RaftServerConfigKeys (ConfUtils.java:logGet(46)) - raft.server.log.purge.upto.snapshot.index = false (default)
2022-10-13 11:44:16,882 [pool-187-thread-1] INFO  server.RaftServerConfigKeys (ConfUtils.java:logGet(46)) - raft.server.retrycache.expirytime = 600000ms (custom)
2022-10-13 11:44:16,882 [pool-187-thread-1] INFO  server.RaftServerConfigKeys (ConfUtils.java:logGet(46)) - raft.server.retrycache.statistics.expirytime = 100μs (default)
2022-10-13 11:44:16,883 [pool-187-thread-1] INFO  server.RaftServerConfigKeys (ConfUtils.java:logGet(46)) - raft.server.log.appender.install.snapshot.enabled = false (custom)
2022-10-13 11:44:16,883 [pool-187-thread-1] INFO  server.RaftServerConfigKeys (ConfUtils.java:logGet(46)) - raft.server.threadpool.server.cached = true (default)
2022-10-13 11:44:16,883 [pool-187-thread-1] INFO  server.RaftServerConfigKeys (ConfUtils.java:logGet(46)) - raft.server.threadpool.server.size = 0 (default)
2022-10-13 11:44:16,883 [pool-187-thread-1] INFO  server.RaftServerConfigKeys (ConfUtils.java:logGet(46)) - raft.server.threadpool.client.cached = true (default)
2022-10-13 11:44:16,883 [pool-187-thread-1] INFO  server.RaftServerConfigKeys (ConfUtils.java:logGet(46)) - raft.server.threadpool.client.size = 0 (default)
2022-10-13 11:44:16,883 [pool-187-thread-1] INFO  server.RaftServer$Division (RaftServerImpl.java:start(310)) - 5a2944c9-75d7-4a8d-9ead-f995138127cc@group-3825EEDB64AD: start as a follower, conf=-1: [cc783127-5661-4bf3-9a81-5237862e92f6|rpc:10.1.0.200:38555|dataStream:|priority:1, 1c12248a-391b-407f-adc5-34f451ebab0a|rpc:10.1.0.200:39277|dataStream:|priority:0, 5a2944c9-75d7-4a8d-9ead-f995138127cc|rpc:10.1.0.200:42797|dataStream:|priority:0], old=null
2022-10-13 11:44:16,883 [pool-187-thread-1] INFO  server.RaftServer$Division (RaftServerImpl.java:setRole(299)) - 5a2944c9-75d7-4a8d-9ead-f995138127cc@group-3825EEDB64AD: changes role from      null to FOLLOWER at term 0 for startAsFollower
2022-10-13 11:44:16,883 [pool-187-thread-1] INFO  impl.RoleInfo (RoleInfo.java:updateAndGet(139)) - 5a2944c9-75d7-4a8d-9ead-f995138127cc: start 5a2944c9-75d7-4a8d-9ead-f995138127cc@group-3825EEDB64AD-FollowerState
2022-10-13 11:44:16,886 [pool-187-thread-1] INFO  util.JmxRegister (JmxRegister.java:tryRegister(44)) - Successfully registered JMX Bean with object name Ratis:service=RaftServer,group=group-3825EEDB64AD,id=5a2944c9-75d7-4a8d-9ead-f995138127cc
2022-10-13 11:44:16,893 [Command processor thread] INFO  commandhandler.CreatePipelineCommandHandler (CreatePipelineCommandHandler.java:handle(113)) - Created Pipeline RATIS THREE PipelineID=3f90a376-4dd2-4384-a1b5-3825eedb64ad.
2022-10-13 11:44:16,893 [Command processor thread] INFO  server.RaftServer (RaftServerProxy.java:addNew(96)) - 1c12248a-391b-407f-adc5-34f451ebab0a: addNew group-D73006B0921B:[cc783127-5661-4bf3-9a81-5237862e92f6|rpc:10.1.0.200:38555|priority:0, 1c12248a-391b-407f-adc5-34f451ebab0a|rpc:10.1.0.200:39277|priority:1, 5a2944c9-75d7-4a8d-9ead-f995138127cc|rpc:10.1.0.200:42797|priority:0] returns group-D73006B0921B:java.util.concurrent.CompletableFuture@55b7913b[Not completed]
2022-10-13 11:44:16,894 [pool-141-thread-1] INFO  server.RaftServer$Division (RaftServerImpl.java:<init>(190)) - 1c12248a-391b-407f-adc5-34f451ebab0a: new RaftServerImpl for group-D73006B0921B:[cc783127-5661-4bf3-9a81-5237862e92f6|rpc:10.1.0.200:38555|priority:0, 1c12248a-391b-407f-adc5-34f451ebab0a|rpc:10.1.0.200:39277|priority:1, 5a2944c9-75d7-4a8d-9ead-f995138127cc|rpc:10.1.0.200:42797|priority:0] with ContainerStateMachine:uninitialized
2022-10-13 11:44:16,894 [pool-141-thread-1] INFO  server.RaftServerConfigKeys (ConfUtils.java:logGet(46)) - raft.server.rpc.timeout.min = 5s (custom)
2022-10-13 11:44:16,894 [pool-141-thread-1] INFO  server.RaftServerConfigKeys (ConfUtils.java:logGet(46)) - raft.server.rpc.timeout.max = 5200ms (custom)
2022-10-13 11:44:16,895 [pool-141-thread-1] INFO  server.RaftServerConfigKeys (ConfUtils.java:logGet(46)) - raft.server.rpc.sleep.time = 25ms (default)
2022-10-13 11:44:16,895 [pool-141-thread-1] INFO  server.RaftServerConfigKeys (ConfUtils.java:logGet(46)) - raft.server.rpc.slowness.timeout = 300s (custom)
2022-10-13 11:44:16,895 [pool-141-thread-1] INFO  server.RaftServerConfigKeys (ConfUtils.java:logGet(46)) - raft.server.leaderelection.leader.step-down.wait-time = 10s (default)
2022-10-13 11:44:16,895 [pool-141-thread-1] INFO  server.RaftServerConfigKeys (ConfUtils.java:logGet(46)) - raft.server.sleep.deviation.threshold = 300ms (default)
2022-10-13 11:44:16,895 [pool-141-thread-1] INFO  server.RaftServer$Division (ServerState.java:<init>(107)) - 1c12248a-391b-407f-adc5-34f451ebab0a@group-D73006B0921B: ConfigurationManager, init=-1: [cc783127-5661-4bf3-9a81-5237862e92f6|rpc:10.1.0.200:38555|priority:0, 1c12248a-391b-407f-adc5-34f451ebab0a|rpc:10.1.0.200:39277|priority:1, 5a2944c9-75d7-4a8d-9ead-f995138127cc|rpc:10.1.0.200:42797|priority:0], old=null, confs=<EMPTY_MAP>
2022-10-13 11:44:16,895 [pool-141-thread-1] INFO  server.RaftServerConfigKeys (ConfUtils.java:logGet(46)) - raft.server.storage.dir = [/home/runner/work/ozone/ozone/hadoop-ozone/integration-test/target/test-dir/MiniOzoneClusterImpl-da935fb3-9ce5-49ab-a67c-f4b3beb884ab/datanode-3/data/ratis] (custom)
2022-10-13 11:44:16,895 [pool-141-thread-1] INFO  server.RaftServerConfigKeys (ConfUtils.java:logGet(46)) - raft.server.log.corruption.policy = EXCEPTION (default)
2022-10-13 11:44:16,895 [pool-141-thread-1] INFO  server.RaftServerConfigKeys (ConfUtils.java:logGet(46)) - raft.server.storage.free-space.min = 0MB (=0) (default)
2022-10-13 11:44:16,895 [pool-141-thread-1] INFO  storage.RaftStorageDirectory (RaftStorageDirectoryImpl.java:analyzeStorage(135)) - The storage directory /home/runner/work/ozone/ozone/hadoop-ozone/integration-test/target/test-dir/MiniOzoneClusterImpl-da935fb3-9ce5-49ab-a67c-f4b3beb884ab/datanode-3/data/ratis/2b8544c2-36d0-408c-8d41-d73006b0921b does not exist. Creating ...
2022-10-13 11:44:16,898 [pool-141-thread-1] INFO  storage.RaftStorageDirectory (RaftStorageDirectoryImpl.java:tryLock(230)) - Lock on /home/runner/work/ozone/ozone/hadoop-ozone/integration-test/target/test-dir/MiniOzoneClusterImpl-da935fb3-9ce5-49ab-a67c-f4b3beb884ab/datanode-3/data/ratis/2b8544c2-36d0-408c-8d41-d73006b0921b/in_use.lock acquired by nodename 27914@fv-az91-750
2022-10-13 11:44:16,900 [pool-141-thread-1] INFO  storage.RaftStorage (RaftStorageImpl.java:format(89)) - Storage directory /home/runner/work/ozone/ozone/hadoop-ozone/integration-test/target/test-dir/MiniOzoneClusterImpl-da935fb3-9ce5-49ab-a67c-f4b3beb884ab/datanode-3/data/ratis/2b8544c2-36d0-408c-8d41-d73006b0921b has been successfully formatted.
2022-10-13 11:44:16,900 [pool-141-thread-1] INFO  ratis.ContainerStateMachine (ContainerStateMachine.java:loadSnapshot(236)) - group-D73006B0921B: The snapshot info is null. Setting the last applied indexto:(t:0, i:~)
2022-10-13 11:44:16,900 [pool-141-thread-1] INFO  server.RaftServerConfigKeys (ConfUtils.java:logGet(46)) - raft.server.notification.no-leader.timeout = 300s (custom)
2022-10-13 11:44:16,901 [pool-141-thread-1] INFO  server.RaftServerConfigKeys (ConfUtils.java:logGet(46)) - raft.server.log.use.memory = false (default)
2022-10-13 11:44:16,901 [pool-141-thread-1] INFO  server.RaftServerConfigKeys (ConfUtils.java:logGet(46)) - raft.server.log.purge.gap = 1000000 (custom)
2022-10-13 11:44:16,901 [pool-141-thread-1] INFO  server.RaftServerConfigKeys (ConfUtils.java:logGet(46)) - raft.server.log.appender.buffer.byte-limit = 33554432 (custom)
2022-10-13 11:44:16,902 [EventQueue-OpenPipelineForHealthyPipelineSafeModeRule] INFO  safemode.SCMSafeModeManager (HealthyPipelineSafeModeRule.java:process(137)) - SCM in safe mode. Healthy pipelines reported count is 0, required healthy pipeline reported count is 1
2022-10-13 11:44:16,902 [pool-141-thread-1] INFO  server.RaftServerConfigKeys (ConfUtils.java:logGet(46)) - raft.server.log.statemachine.data.read.timeout = 1000ms (default)
2022-10-13 11:44:16,902 [pool-141-thread-1] INFO  server.RaftServerConfigKeys (ConfUtils.java:logGet(46)) - raft.server.log.segment.size.max = 1048576 (custom)
2022-10-13 11:44:16,903 [pool-141-thread-1] INFO  server.RaftServerConfigKeys (ConfUtils.java:logGet(46)) - raft.server.log.segment.cache.num.max = 2 (custom)
2022-10-13 11:44:16,903 [pool-141-thread-1] INFO  server.RaftServerConfigKeys (ConfUtils.java:logGet(46)) - raft.server.log.segment.cache.size.max = 200MB (=209715200) (default)
2022-10-13 11:44:16,903 [pool-141-thread-1] INFO  segmented.SegmentedRaftLogWorker (SegmentedRaftLogWorker.java:<init>(187)) - new 1c12248a-391b-407f-adc5-34f451ebab0a@group-D73006B0921B-SegmentedRaftLogWorker for RaftStorageImpl:Storage Directory /home/runner/work/ozone/ozone/hadoop-ozone/integration-test/target/test-dir/MiniOzoneClusterImpl-da935fb3-9ce5-49ab-a67c-f4b3beb884ab/datanode-3/data/ratis/2b8544c2-36d0-408c-8d41-d73006b0921b
2022-10-13 11:44:16,903 [pool-141-thread-1] INFO  server.RaftServerConfigKeys (ConfUtils.java:logGet(46)) - raft.server.log.queue.byte-limit = 4294967296 (custom)
2022-10-13 11:44:16,903 [pool-141-thread-1] INFO  server.RaftServerConfigKeys (ConfUtils.java:logGet(46)) - raft.server.log.queue.element-limit = 1024 (custom)
2022-10-13 11:44:16,903 [pool-141-thread-1] INFO  server.RaftServerConfigKeys (ConfUtils.java:logGet(46)) - raft.server.log.segment.size.max = 1048576 (custom)
2022-10-13 11:44:16,903 [pool-141-thread-1] INFO  server.RaftServerConfigKeys (ConfUtils.java:logGet(46)) - raft.server.log.preallocated.size = 16384 (custom)
2022-10-13 11:44:16,903 [pool-141-thread-1] INFO  server.RaftServerConfigKeys (ConfUtils.java:logGet(46)) - raft.server.log.force.sync.num = 128 (default)
2022-10-13 11:44:16,903 [pool-141-thread-1] INFO  server.RaftServerConfigKeys (ConfUtils.java:logGet(46)) - raft.server.log.statemachine.data.sync = true (default)
2022-10-13 11:44:16,903 [pool-141-thread-1] INFO  server.RaftServerConfigKeys (ConfUtils.java:logGet(46)) - raft.server.log.statemachine.data.sync.timeout = 10s (default)
2022-10-13 11:44:16,903 [pool-141-thread-1] INFO  server.RaftServerConfigKeys (ConfUtils.java:logGet(46)) - raft.server.log.statemachine.data.sync.timeout.retry = -1 (default)
2022-10-13 11:44:16,904 [pool-141-thread-1] INFO  server.RaftServerConfigKeys (ConfUtils.java:logGet(46)) - raft.server.log.write.buffer.size = 1048576 (custom)
2022-10-13 11:44:16,904 [pool-141-thread-1] INFO  server.RaftServerConfigKeys (ConfUtils.java:logGet(46)) - raft.server.log.unsafe-flush.enabled = false (default)
2022-10-13 11:44:16,905 [pool-141-thread-1] INFO  server.RaftServerConfigKeys (ConfUtils.java:logGet(46)) - raft.server.log.statemachine.data.caching.enabled = true (custom)
2022-10-13 11:44:16,905 [pool-141-thread-1] INFO  segmented.SegmentedRaftLogWorker (SegmentedRaftLogWorker.java:lambda$new$0(135)) - 1c12248a-391b-407f-adc5-34f451ebab0a@group-D73006B0921B-SegmentedRaftLogWorker: flushIndex: setUnconditionally 0 -> -1
2022-10-13 11:44:16,905 [pool-141-thread-1] INFO  segmented.SegmentedRaftLogWorker (SegmentedRaftLogWorker.java:lambda$new$0(135)) - 1c12248a-391b-407f-adc5-34f451ebab0a@group-D73006B0921B-SegmentedRaftLogWorker: safeCacheEvictIndex: setUnconditionally 0 -> -1
2022-10-13 11:44:16,905 [pool-141-thread-1] INFO  server.RaftServerConfigKeys (ConfUtils.java:logGet(46)) - raft.server.snapshot.auto.trigger.enabled = true (custom)
2022-10-13 11:44:16,905 [pool-141-thread-1] INFO  server.RaftServerConfigKeys (ConfUtils.java:logGet(46)) - raft.server.snapshot.auto.trigger.threshold = 10000 (custom)
2022-10-13 11:44:16,905 [pool-141-thread-1] INFO  server.RaftServerConfigKeys (ConfUtils.java:logGet(46)) - raft.server.snapshot.retention.file.num = 5 (custom)
2022-10-13 11:44:16,905 [pool-141-thread-1] INFO  server.RaftServerConfigKeys (ConfUtils.java:logGet(46)) - raft.server.log.purge.upto.snapshot.index = false (default)
2022-10-13 11:44:16,905 [pool-141-thread-1] INFO  server.RaftServerConfigKeys (ConfUtils.java:logGet(46)) - raft.server.retrycache.expirytime = 600000ms (custom)
2022-10-13 11:44:16,905 [pool-141-thread-1] INFO  server.RaftServerConfigKeys (ConfUtils.java:logGet(46)) - raft.server.retrycache.statistics.expirytime = 100μs (default)
2022-10-13 11:44:16,906 [pool-141-thread-1] INFO  server.RaftServerConfigKeys (ConfUtils.java:logGet(46)) - raft.server.log.appender.install.snapshot.enabled = false (custom)
2022-10-13 11:44:16,906 [pool-141-thread-1] INFO  server.RaftServerConfigKeys (ConfUtils.java:logGet(46)) - raft.server.threadpool.server.cached = true (default)
2022-10-13 11:44:16,906 [pool-141-thread-1] INFO  server.RaftServerConfigKeys (ConfUtils.java:logGet(46)) - raft.server.threadpool.server.size = 0 (default)
2022-10-13 11:44:16,906 [pool-141-thread-1] INFO  server.RaftServerConfigKeys (ConfUtils.java:logGet(46)) - raft.server.threadpool.client.cached = true (default)
2022-10-13 11:44:16,906 [pool-141-thread-1] INFO  server.RaftServerConfigKeys (ConfUtils.java:logGet(46)) - raft.server.threadpool.client.size = 0 (default)
2022-10-13 11:44:16,906 [pool-141-thread-1] INFO  server.RaftServer$Division (RaftServerImpl.java:start(310)) - 1c12248a-391b-407f-adc5-34f451ebab0a@group-D73006B0921B: start as a follower, conf=-1: [cc783127-5661-4bf3-9a81-5237862e92f6|rpc:10.1.0.200:38555|priority:0, 1c12248a-391b-407f-adc5-34f451ebab0a|rpc:10.1.0.200:39277|priority:1, 5a2944c9-75d7-4a8d-9ead-f995138127cc|rpc:10.1.0.200:42797|priority:0], old=null
2022-10-13 11:44:16,907 [pool-141-thread-1] INFO  server.RaftServer$Division (RaftServerImpl.java:setRole(299)) - 1c12248a-391b-407f-adc5-34f451ebab0a@group-D73006B0921B: changes role from      null to FOLLOWER at term 0 for startAsFollower
2022-10-13 11:44:16,907 [pool-141-thread-1] INFO  impl.RoleInfo (RoleInfo.java:updateAndGet(139)) - 1c12248a-391b-407f-adc5-34f451ebab0a: start 1c12248a-391b-407f-adc5-34f451ebab0a@group-D73006B0921B-FollowerState
2022-10-13 11:44:16,907 [pool-141-thread-1] INFO  util.JmxRegister (JmxRegister.java:tryRegister(44)) - Successfully registered JMX Bean with object name Ratis:service=RaftServer,group=group-D73006B0921B,id=1c12248a-391b-407f-adc5-34f451ebab0a
2022-10-13 11:44:16,907 [Command processor thread] INFO  ratis.XceiverServerRatis (XceiverServerRatis.java:addGroup(765)) - Created group PipelineID=2b8544c2-36d0-408c-8d41-d73006b0921b
2022-10-13 11:44:16,932 [grpc-default-executor-1] INFO  server.RaftServer (RaftServerProxy.java:addNew(96)) - cc783127-5661-4bf3-9a81-5237862e92f6: addNew group-D73006B0921B:[cc783127-5661-4bf3-9a81-5237862e92f6|rpc:10.1.0.200:38555|dataStream:|priority:0, 1c12248a-391b-407f-adc5-34f451ebab0a|rpc:10.1.0.200:39277|dataStream:|priority:1, 5a2944c9-75d7-4a8d-9ead-f995138127cc|rpc:10.1.0.200:42797|dataStream:|priority:0] returns group-D73006B0921B:java.util.concurrent.CompletableFuture@66c0b4f0[Not completed]
2022-10-13 11:44:16,933 [pool-164-thread-1] INFO  server.RaftServer$Division (RaftServerImpl.java:<init>(190)) - cc783127-5661-4bf3-9a81-5237862e92f6: new RaftServerImpl for group-D73006B0921B:[cc783127-5661-4bf3-9a81-5237862e92f6|rpc:10.1.0.200:38555|dataStream:|priority:0, 1c12248a-391b-407f-adc5-34f451ebab0a|rpc:10.1.0.200:39277|dataStream:|priority:1, 5a2944c9-75d7-4a8d-9ead-f995138127cc|rpc:10.1.0.200:42797|dataStream:|priority:0] with ContainerStateMachine:uninitialized
2022-10-13 11:44:16,933 [pool-164-thread-1] INFO  server.RaftServerConfigKeys (ConfUtils.java:logGet(46)) - raft.server.rpc.timeout.min = 5s (custom)
2022-10-13 11:44:16,933 [pool-164-thread-1] INFO  server.RaftServerConfigKeys (ConfUtils.java:logGet(46)) - raft.server.rpc.timeout.max = 5200ms (custom)
2022-10-13 11:44:16,933 [pool-164-thread-1] INFO  server.RaftServerConfigKeys (ConfUtils.java:logGet(46)) - raft.server.rpc.sleep.time = 25ms (default)
2022-10-13 11:44:16,933 [pool-164-thread-1] INFO  server.RaftServerConfigKeys (ConfUtils.java:logGet(46)) - raft.server.rpc.slowness.timeout = 300s (custom)
2022-10-13 11:44:16,933 [pool-164-thread-1] INFO  server.RaftServerConfigKeys (ConfUtils.java:logGet(46)) - raft.server.leaderelection.leader.step-down.wait-time = 10s (default)
2022-10-13 11:44:16,933 [pool-164-thread-1] INFO  server.RaftServerConfigKeys (ConfUtils.java:logGet(46)) - raft.server.sleep.deviation.threshold = 300ms (default)
2022-10-13 11:44:16,933 [pool-164-thread-1] INFO  server.RaftServer$Division (ServerState.java:<init>(107)) - cc783127-5661-4bf3-9a81-5237862e92f6@group-D73006B0921B: ConfigurationManager, init=-1: [cc783127-5661-4bf3-9a81-5237862e92f6|rpc:10.1.0.200:38555|dataStream:|priority:0, 1c12248a-391b-407f-adc5-34f451ebab0a|rpc:10.1.0.200:39277|dataStream:|priority:1, 5a2944c9-75d7-4a8d-9ead-f995138127cc|rpc:10.1.0.200:42797|dataStream:|priority:0], old=null, confs=<EMPTY_MAP>
2022-10-13 11:44:16,933 [pool-164-thread-1] INFO  server.RaftServerConfigKeys (ConfUtils.java:logGet(46)) - raft.server.storage.dir = [/home/runner/work/ozone/ozone/hadoop-ozone/integration-test/target/test-dir/MiniOzoneClusterImpl-da935fb3-9ce5-49ab-a67c-f4b3beb884ab/datanode-4/data/ratis] (custom)
2022-10-13 11:44:16,933 [pool-164-thread-1] INFO  server.RaftServerConfigKeys (ConfUtils.java:logGet(46)) - raft.server.log.corruption.policy = EXCEPTION (default)
2022-10-13 11:44:16,933 [pool-164-thread-1] INFO  server.RaftServerConfigKeys (ConfUtils.java:logGet(46)) - raft.server.storage.free-space.min = 0MB (=0) (default)
2022-10-13 11:44:16,933 [pool-164-thread-1] INFO  storage.RaftStorageDirectory (RaftStorageDirectoryImpl.java:analyzeStorage(135)) - The storage directory /home/runner/work/ozone/ozone/hadoop-ozone/integration-test/target/test-dir/MiniOzoneClusterImpl-da935fb3-9ce5-49ab-a67c-f4b3beb884ab/datanode-4/data/ratis/2b8544c2-36d0-408c-8d41-d73006b0921b does not exist. Creating ...
2022-10-13 11:44:16,934 [pool-164-thread-1] INFO  storage.RaftStorageDirectory (RaftStorageDirectoryImpl.java:tryLock(230)) - Lock on /home/runner/work/ozone/ozone/hadoop-ozone/integration-test/target/test-dir/MiniOzoneClusterImpl-da935fb3-9ce5-49ab-a67c-f4b3beb884ab/datanode-4/data/ratis/2b8544c2-36d0-408c-8d41-d73006b0921b/in_use.lock acquired by nodename 27914@fv-az91-750
2022-10-13 11:44:16,936 [pool-164-thread-1] INFO  storage.RaftStorage (RaftStorageImpl.java:format(89)) - Storage directory /home/runner/work/ozone/ozone/hadoop-ozone/integration-test/target/test-dir/MiniOzoneClusterImpl-da935fb3-9ce5-49ab-a67c-f4b3beb884ab/datanode-4/data/ratis/2b8544c2-36d0-408c-8d41-d73006b0921b has been successfully formatted.
2022-10-13 11:44:16,936 [pool-164-thread-1] INFO  ratis.ContainerStateMachine (ContainerStateMachine.java:loadSnapshot(236)) - group-D73006B0921B: The snapshot info is null. Setting the last applied indexto:(t:0, i:~)
2022-10-13 11:44:16,936 [pool-164-thread-1] INFO  server.RaftServerConfigKeys (ConfUtils.java:logGet(46)) - raft.server.notification.no-leader.timeout = 300s (custom)
2022-10-13 11:44:16,936 [pool-164-thread-1] INFO  server.RaftServerConfigKeys (ConfUtils.java:logGet(46)) - raft.server.log.use.memory = false (default)
2022-10-13 11:44:16,936 [pool-164-thread-1] INFO  server.RaftServerConfigKeys (ConfUtils.java:logGet(46)) - raft.server.log.purge.gap = 1000000 (custom)
2022-10-13 11:44:16,936 [pool-164-thread-1] INFO  server.RaftServerConfigKeys (ConfUtils.java:logGet(46)) - raft.server.log.appender.buffer.byte-limit = 33554432 (custom)
2022-10-13 11:44:16,936 [pool-164-thread-1] INFO  server.RaftServerConfigKeys (ConfUtils.java:logGet(46)) - raft.server.log.statemachine.data.read.timeout = 1000ms (default)
2022-10-13 11:44:16,936 [pool-164-thread-1] INFO  server.RaftServerConfigKeys (ConfUtils.java:logGet(46)) - raft.server.log.segment.size.max = 1048576 (custom)
2022-10-13 11:44:16,937 [pool-164-thread-1] INFO  server.RaftServerConfigKeys (ConfUtils.java:logGet(46)) - raft.server.log.segment.cache.num.max = 2 (custom)
2022-10-13 11:44:16,937 [pool-164-thread-1] INFO  server.RaftServerConfigKeys (ConfUtils.java:logGet(46)) - raft.server.log.segment.cache.size.max = 200MB (=209715200) (default)
2022-10-13 11:44:16,937 [pool-164-thread-1] INFO  segmented.SegmentedRaftLogWorker (SegmentedRaftLogWorker.java:<init>(187)) - new cc783127-5661-4bf3-9a81-5237862e92f6@group-D73006B0921B-SegmentedRaftLogWorker for RaftStorageImpl:Storage Directory /home/runner/work/ozone/ozone/hadoop-ozone/integration-test/target/test-dir/MiniOzoneClusterImpl-da935fb3-9ce5-49ab-a67c-f4b3beb884ab/datanode-4/data/ratis/2b8544c2-36d0-408c-8d41-d73006b0921b
2022-10-13 11:44:16,937 [pool-164-thread-1] INFO  server.RaftServerConfigKeys (ConfUtils.java:logGet(46)) - raft.server.log.queue.byte-limit = 4294967296 (custom)
2022-10-13 11:44:16,937 [pool-164-thread-1] INFO  server.RaftServerConfigKeys (ConfUtils.java:logGet(46)) - raft.server.log.queue.element-limit = 1024 (custom)
2022-10-13 11:44:16,937 [pool-164-thread-1] INFO  server.RaftServerConfigKeys (ConfUtils.java:logGet(46)) - raft.server.log.segment.size.max = 1048576 (custom)
2022-10-13 11:44:16,937 [pool-164-thread-1] INFO  server.RaftServerConfigKeys (ConfUtils.java:logGet(46)) - raft.server.log.preallocated.size = 16384 (custom)
2022-10-13 11:44:16,937 [pool-164-thread-1] INFO  server.RaftServerConfigKeys (ConfUtils.java:logGet(46)) - raft.server.log.force.sync.num = 128 (default)
2022-10-13 11:44:16,937 [pool-164-thread-1] INFO  server.RaftServerConfigKeys (ConfUtils.java:logGet(46)) - raft.server.log.statemachine.data.sync = true (default)
2022-10-13 11:44:16,937 [pool-164-thread-1] INFO  server.RaftServerConfigKeys (ConfUtils.java:logGet(46)) - raft.server.log.statemachine.data.sync.timeout = 10s (default)
2022-10-13 11:44:16,937 [pool-164-thread-1] INFO  server.RaftServerConfigKeys (ConfUtils.java:logGet(46)) - raft.server.log.statemachine.data.sync.timeout.retry = -1 (default)
2022-10-13 11:44:16,938 [pool-164-thread-1] INFO  server.RaftServerConfigKeys (ConfUtils.java:logGet(46)) - raft.server.log.write.buffer.size = 1048576 (custom)
2022-10-13 11:44:16,939 [pool-164-thread-1] INFO  server.RaftServerConfigKeys (ConfUtils.java:logGet(46)) - raft.server.log.unsafe-flush.enabled = false (default)
2022-10-13 11:44:16,939 [pool-164-thread-1] INFO  server.RaftServerConfigKeys (ConfUtils.java:logGet(46)) - raft.server.log.statemachine.data.caching.enabled = true (custom)
2022-10-13 11:44:16,939 [pool-164-thread-1] INFO  segmented.SegmentedRaftLogWorker (SegmentedRaftLogWorker.java:lambda$new$0(135)) - cc783127-5661-4bf3-9a81-5237862e92f6@group-D73006B0921B-SegmentedRaftLogWorker: flushIndex: setUnconditionally 0 -> -1
2022-10-13 11:44:16,939 [pool-164-thread-1] INFO  segmented.SegmentedRaftLogWorker (SegmentedRaftLogWorker.java:lambda$new$0(135)) - cc783127-5661-4bf3-9a81-5237862e92f6@group-D73006B0921B-SegmentedRaftLogWorker: safeCacheEvictIndex: setUnconditionally 0 -> -1
2022-10-13 11:44:16,941 [pool-164-thread-1] INFO  server.RaftServerConfigKeys (ConfUtils.java:logGet(46)) - raft.server.snapshot.auto.trigger.enabled = true (custom)
2022-10-13 11:44:16,941 [pool-164-thread-1] INFO  server.RaftServerConfigKeys (ConfUtils.java:logGet(46)) - raft.server.snapshot.auto.trigger.threshold = 10000 (custom)
2022-10-13 11:44:16,941 [pool-164-thread-1] INFO  server.RaftServerConfigKeys (ConfUtils.java:logGet(46)) - raft.server.snapshot.retention.file.num = 5 (custom)
2022-10-13 11:44:16,941 [pool-164-thread-1] INFO  server.RaftServerConfigKeys (ConfUtils.java:logGet(46)) - raft.server.log.purge.upto.snapshot.index = false (default)
2022-10-13 11:44:16,942 [pool-164-thread-1] INFO  server.RaftServerConfigKeys (ConfUtils.java:logGet(46)) - raft.server.retrycache.expirytime = 600000ms (custom)
2022-10-13 11:44:16,942 [pool-164-thread-1] INFO  server.RaftServerConfigKeys (ConfUtils.java:logGet(46)) - raft.server.retrycache.statistics.expirytime = 100μs (default)
2022-10-13 11:44:16,943 [pool-164-thread-1] INFO  server.RaftServerConfigKeys (ConfUtils.java:logGet(46)) - raft.server.log.appender.install.snapshot.enabled = false (custom)
2022-10-13 11:44:16,943 [pool-164-thread-1] INFO  server.RaftServerConfigKeys (ConfUtils.java:logGet(46)) - raft.server.threadpool.server.cached = true (default)
2022-10-13 11:44:16,943 [pool-164-thread-1] INFO  server.RaftServerConfigKeys (ConfUtils.java:logGet(46)) - raft.server.threadpool.server.size = 0 (default)
2022-10-13 11:44:16,944 [pool-164-thread-1] INFO  server.RaftServerConfigKeys (ConfUtils.java:logGet(46)) - raft.server.threadpool.client.cached = true (default)
2022-10-13 11:44:16,944 [pool-164-thread-1] INFO  server.RaftServerConfigKeys (ConfUtils.java:logGet(46)) - raft.server.threadpool.client.size = 0 (default)
2022-10-13 11:44:16,944 [pool-164-thread-1] INFO  server.RaftServer$Division (RaftServerImpl.java:start(310)) - cc783127-5661-4bf3-9a81-5237862e92f6@group-D73006B0921B: start as a follower, conf=-1: [cc783127-5661-4bf3-9a81-5237862e92f6|rpc:10.1.0.200:38555|dataStream:|priority:0, 1c12248a-391b-407f-adc5-34f451ebab0a|rpc:10.1.0.200:39277|dataStream:|priority:1, 5a2944c9-75d7-4a8d-9ead-f995138127cc|rpc:10.1.0.200:42797|dataStream:|priority:0], old=null
2022-10-13 11:44:16,944 [pool-164-thread-1] INFO  server.RaftServer$Division (RaftServerImpl.java:setRole(299)) - cc783127-5661-4bf3-9a81-5237862e92f6@group-D73006B0921B: changes role from      null to FOLLOWER at term 0 for startAsFollower
2022-10-13 11:44:16,944 [pool-164-thread-1] INFO  impl.RoleInfo (RoleInfo.java:updateAndGet(139)) - cc783127-5661-4bf3-9a81-5237862e92f6: start cc783127-5661-4bf3-9a81-5237862e92f6@group-D73006B0921B-FollowerState
2022-10-13 11:44:16,945 [pool-164-thread-1] INFO  util.JmxRegister (JmxRegister.java:tryRegister(44)) - Successfully registered JMX Bean with object name Ratis:service=RaftServer,group=group-D73006B0921B,id=cc783127-5661-4bf3-9a81-5237862e92f6
2022-10-13 11:44:16,966 [grpc-default-executor-1] INFO  server.RaftServer (RaftServerProxy.java:addNew(96)) - 5a2944c9-75d7-4a8d-9ead-f995138127cc: addNew group-D73006B0921B:[cc783127-5661-4bf3-9a81-5237862e92f6|rpc:10.1.0.200:38555|dataStream:|priority:0, 1c12248a-391b-407f-adc5-34f451ebab0a|rpc:10.1.0.200:39277|dataStream:|priority:1, 5a2944c9-75d7-4a8d-9ead-f995138127cc|rpc:10.1.0.200:42797|dataStream:|priority:0] returns group-D73006B0921B:java.util.concurrent.CompletableFuture@46d750b[Not completed]
2022-10-13 11:44:16,967 [pool-187-thread-1] INFO  server.RaftServer$Division (RaftServerImpl.java:<init>(190)) - 5a2944c9-75d7-4a8d-9ead-f995138127cc: new RaftServerImpl for group-D73006B0921B:[cc783127-5661-4bf3-9a81-5237862e92f6|rpc:10.1.0.200:38555|dataStream:|priority:0, 1c12248a-391b-407f-adc5-34f451ebab0a|rpc:10.1.0.200:39277|dataStream:|priority:1, 5a2944c9-75d7-4a8d-9ead-f995138127cc|rpc:10.1.0.200:42797|dataStream:|priority:0] with ContainerStateMachine:uninitialized
2022-10-13 11:44:16,967 [pool-187-thread-1] INFO  server.RaftServerConfigKeys (ConfUtils.java:logGet(46)) - raft.server.rpc.timeout.min = 5s (custom)
2022-10-13 11:44:16,967 [pool-187-thread-1] INFO  server.RaftServerConfigKeys (ConfUtils.java:logGet(46)) - raft.server.rpc.timeout.max = 5200ms (custom)
2022-10-13 11:44:16,967 [pool-187-thread-1] INFO  server.RaftServerConfigKeys (ConfUtils.java:logGet(46)) - raft.server.rpc.sleep.time = 25ms (default)
2022-10-13 11:44:16,967 [pool-187-thread-1] INFO  server.RaftServerConfigKeys (ConfUtils.java:logGet(46)) - raft.server.rpc.slowness.timeout = 300s (custom)
2022-10-13 11:44:16,967 [pool-187-thread-1] INFO  server.RaftServerConfigKeys (ConfUtils.java:logGet(46)) - raft.server.leaderelection.leader.step-down.wait-time = 10s (default)
2022-10-13 11:44:16,967 [pool-187-thread-1] INFO  server.RaftServerConfigKeys (ConfUtils.java:logGet(46)) - raft.server.sleep.deviation.threshold = 300ms (default)
2022-10-13 11:44:16,968 [pool-187-thread-1] INFO  server.RaftServer$Division (ServerState.java:<init>(107)) - 5a2944c9-75d7-4a8d-9ead-f995138127cc@group-D73006B0921B: ConfigurationManager, init=-1: [cc783127-5661-4bf3-9a81-5237862e92f6|rpc:10.1.0.200:38555|dataStream:|priority:0, 1c12248a-391b-407f-adc5-34f451ebab0a|rpc:10.1.0.200:39277|dataStream:|priority:1, 5a2944c9-75d7-4a8d-9ead-f995138127cc|rpc:10.1.0.200:42797|dataStream:|priority:0], old=null, confs=<EMPTY_MAP>
2022-10-13 11:44:16,968 [pool-187-thread-1] INFO  server.RaftServerConfigKeys (ConfUtils.java:logGet(46)) - raft.server.storage.dir = [/home/runner/work/ozone/ozone/hadoop-ozone/integration-test/target/test-dir/MiniOzoneClusterImpl-da935fb3-9ce5-49ab-a67c-f4b3beb884ab/datanode-5/data/ratis] (custom)
2022-10-13 11:44:16,968 [pool-187-thread-1] INFO  server.RaftServerConfigKeys (ConfUtils.java:logGet(46)) - raft.server.log.corruption.policy = EXCEPTION (default)
2022-10-13 11:44:16,968 [pool-187-thread-1] INFO  server.RaftServerConfigKeys (ConfUtils.java:logGet(46)) - raft.server.storage.free-space.min = 0MB (=0) (default)
2022-10-13 11:44:16,968 [pool-187-thread-1] INFO  storage.RaftStorageDirectory (RaftStorageDirectoryImpl.java:analyzeStorage(135)) - The storage directory /home/runner/work/ozone/ozone/hadoop-ozone/integration-test/target/test-dir/MiniOzoneClusterImpl-da935fb3-9ce5-49ab-a67c-f4b3beb884ab/datanode-5/data/ratis/2b8544c2-36d0-408c-8d41-d73006b0921b does not exist. Creating ...
2022-10-13 11:44:16,969 [pool-187-thread-1] INFO  storage.RaftStorageDirectory (RaftStorageDirectoryImpl.java:tryLock(230)) - Lock on /home/runner/work/ozone/ozone/hadoop-ozone/integration-test/target/test-dir/MiniOzoneClusterImpl-da935fb3-9ce5-49ab-a67c-f4b3beb884ab/datanode-5/data/ratis/2b8544c2-36d0-408c-8d41-d73006b0921b/in_use.lock acquired by nodename 27914@fv-az91-750
2022-10-13 11:44:16,971 [pool-187-thread-1] INFO  storage.RaftStorage (RaftStorageImpl.java:format(89)) - Storage directory /home/runner/work/ozone/ozone/hadoop-ozone/integration-test/target/test-dir/MiniOzoneClusterImpl-da935fb3-9ce5-49ab-a67c-f4b3beb884ab/datanode-5/data/ratis/2b8544c2-36d0-408c-8d41-d73006b0921b has been successfully formatted.
2022-10-13 11:44:16,971 [pool-187-thread-1] INFO  ratis.ContainerStateMachine (ContainerStateMachine.java:loadSnapshot(236)) - group-D73006B0921B: The snapshot info is null. Setting the last applied indexto:(t:0, i:~)
2022-10-13 11:44:16,972 [pool-187-thread-1] INFO  server.RaftServerConfigKeys (ConfUtils.java:logGet(46)) - raft.server.notification.no-leader.timeout = 300s (custom)
2022-10-13 11:44:16,972 [pool-187-thread-1] INFO  server.RaftServerConfigKeys (ConfUtils.java:logGet(46)) - raft.server.log.use.memory = false (default)
2022-10-13 11:44:16,972 [pool-187-thread-1] INFO  server.RaftServerConfigKeys (ConfUtils.java:logGet(46)) - raft.server.log.purge.gap = 1000000 (custom)
2022-10-13 11:44:16,972 [pool-187-thread-1] INFO  server.RaftServerConfigKeys (ConfUtils.java:logGet(46)) - raft.server.log.appender.buffer.byte-limit = 33554432 (custom)
2022-10-13 11:44:16,972 [pool-187-thread-1] INFO  server.RaftServerConfigKeys (ConfUtils.java:logGet(46)) - raft.server.log.statemachine.data.read.timeout = 1000ms (default)
2022-10-13 11:44:16,972 [pool-187-thread-1] INFO  server.RaftServerConfigKeys (ConfUtils.java:logGet(46)) - raft.server.log.segment.size.max = 1048576 (custom)
2022-10-13 11:44:16,973 [pool-187-thread-1] INFO  server.RaftServerConfigKeys (ConfUtils.java:logGet(46)) - raft.server.log.segment.cache.num.max = 2 (custom)
2022-10-13 11:44:16,973 [pool-187-thread-1] INFO  server.RaftServerConfigKeys (ConfUtils.java:logGet(46)) - raft.server.log.segment.cache.size.max = 200MB (=209715200) (default)
2022-10-13 11:44:16,973 [pool-187-thread-1] INFO  segmented.SegmentedRaftLogWorker (SegmentedRaftLogWorker.java:<init>(187)) - new 5a2944c9-75d7-4a8d-9ead-f995138127cc@group-D73006B0921B-SegmentedRaftLogWorker for RaftStorageImpl:Storage Directory /home/runner/work/ozone/ozone/hadoop-ozone/integration-test/target/test-dir/MiniOzoneClusterImpl-da935fb3-9ce5-49ab-a67c-f4b3beb884ab/datanode-5/data/ratis/2b8544c2-36d0-408c-8d41-d73006b0921b
2022-10-13 11:44:16,973 [pool-187-thread-1] INFO  server.RaftServerConfigKeys (ConfUtils.java:logGet(46)) - raft.server.log.queue.byte-limit = 4294967296 (custom)
2022-10-13 11:44:16,973 [pool-187-thread-1] INFO  server.RaftServerConfigKeys (ConfUtils.java:logGet(46)) - raft.server.log.queue.element-limit = 1024 (custom)
2022-10-13 11:44:16,973 [pool-187-thread-1] INFO  server.RaftServerConfigKeys (ConfUtils.java:logGet(46)) - raft.server.log.segment.size.max = 1048576 (custom)
2022-10-13 11:44:16,973 [pool-187-thread-1] INFO  server.RaftServerConfigKeys (ConfUtils.java:logGet(46)) - raft.server.log.preallocated.size = 16384 (custom)
2022-10-13 11:44:16,973 [pool-187-thread-1] INFO  server.RaftServerConfigKeys (ConfUtils.java:logGet(46)) - raft.server.log.force.sync.num = 128 (default)
2022-10-13 11:44:16,973 [pool-187-thread-1] INFO  server.RaftServerConfigKeys (ConfUtils.java:logGet(46)) - raft.server.log.statemachine.data.sync = true (default)
2022-10-13 11:44:16,973 [pool-187-thread-1] INFO  server.RaftServerConfigKeys (ConfUtils.java:logGet(46)) - raft.server.log.statemachine.data.sync.timeout = 10s (default)
2022-10-13 11:44:16,973 [pool-187-thread-1] INFO  server.RaftServerConfigKeys (ConfUtils.java:logGet(46)) - raft.server.log.statemachine.data.sync.timeout.retry = -1 (default)
2022-10-13 11:44:16,975 [pool-187-thread-1] INFO  server.RaftServerConfigKeys (ConfUtils.java:logGet(46)) - raft.server.log.write.buffer.size = 1048576 (custom)
2022-10-13 11:44:16,976 [pool-187-thread-1] INFO  server.RaftServerConfigKeys (ConfUtils.java:logGet(46)) - raft.server.log.unsafe-flush.enabled = false (default)
2022-10-13 11:44:16,976 [pool-187-thread-1] INFO  server.RaftServerConfigKeys (ConfUtils.java:logGet(46)) - raft.server.log.statemachine.data.caching.enabled = true (custom)
2022-10-13 11:44:16,976 [pool-187-thread-1] INFO  segmented.SegmentedRaftLogWorker (SegmentedRaftLogWorker.java:lambda$new$0(135)) - 5a2944c9-75d7-4a8d-9ead-f995138127cc@group-D73006B0921B-SegmentedRaftLogWorker: flushIndex: setUnconditionally 0 -> -1
2022-10-13 11:44:16,976 [pool-187-thread-1] INFO  segmented.SegmentedRaftLogWorker (SegmentedRaftLogWorker.java:lambda$new$0(135)) - 5a2944c9-75d7-4a8d-9ead-f995138127cc@group-D73006B0921B-SegmentedRaftLogWorker: safeCacheEvictIndex: setUnconditionally 0 -> -1
2022-10-13 11:44:16,976 [pool-187-thread-1] INFO  server.RaftServerConfigKeys (ConfUtils.java:logGet(46)) - raft.server.snapshot.auto.trigger.enabled = true (custom)
2022-10-13 11:44:16,976 [pool-187-thread-1] INFO  server.RaftServerConfigKeys (ConfUtils.java:logGet(46)) - raft.server.snapshot.auto.trigger.threshold = 10000 (custom)
2022-10-13 11:44:16,976 [pool-187-thread-1] INFO  server.RaftServerConfigKeys (ConfUtils.java:logGet(46)) - raft.server.snapshot.retention.file.num = 5 (custom)
2022-10-13 11:44:16,976 [pool-187-thread-1] INFO  server.RaftServerConfigKeys (ConfUtils.java:logGet(46)) - raft.server.log.purge.upto.snapshot.index = false (default)
2022-10-13 11:44:16,976 [pool-187-thread-1] INFO  server.RaftServerConfigKeys (ConfUtils.java:logGet(46)) - raft.server.retrycache.expirytime = 600000ms (custom)
2022-10-13 11:44:16,977 [pool-187-thread-1] INFO  server.RaftServerConfigKeys (ConfUtils.java:logGet(46)) - raft.server.retrycache.statistics.expirytime = 100μs (default)
2022-10-13 11:44:16,978 [pool-187-thread-1] INFO  server.RaftServerConfigKeys (ConfUtils.java:logGet(46)) - raft.server.log.appender.install.snapshot.enabled = false (custom)
2022-10-13 11:44:16,978 [pool-187-thread-1] INFO  server.RaftServerConfigKeys (ConfUtils.java:logGet(46)) - raft.server.threadpool.server.cached = true (default)
2022-10-13 11:44:16,978 [pool-187-thread-1] INFO  server.RaftServerConfigKeys (ConfUtils.java:logGet(46)) - raft.server.threadpool.server.size = 0 (default)
2022-10-13 11:44:16,978 [pool-187-thread-1] INFO  server.RaftServerConfigKeys (ConfUtils.java:logGet(46)) - raft.server.threadpool.client.cached = true (default)
2022-10-13 11:44:16,978 [pool-187-thread-1] INFO  server.RaftServerConfigKeys (ConfUtils.java:logGet(46)) - raft.server.threadpool.client.size = 0 (default)
2022-10-13 11:44:16,978 [pool-187-thread-1] INFO  server.RaftServer$Division (RaftServerImpl.java:start(310)) - 5a2944c9-75d7-4a8d-9ead-f995138127cc@group-D73006B0921B: start as a follower, conf=-1: [cc783127-5661-4bf3-9a81-5237862e92f6|rpc:10.1.0.200:38555|dataStream:|priority:0, 1c12248a-391b-407f-adc5-34f451ebab0a|rpc:10.1.0.200:39277|dataStream:|priority:1, 5a2944c9-75d7-4a8d-9ead-f995138127cc|rpc:10.1.0.200:42797|dataStream:|priority:0], old=null
2022-10-13 11:44:16,979 [pool-187-thread-1] INFO  server.RaftServer$Division (RaftServerImpl.java:setRole(299)) - 5a2944c9-75d7-4a8d-9ead-f995138127cc@group-D73006B0921B: changes role from      null to FOLLOWER at term 0 for startAsFollower
2022-10-13 11:44:16,979 [pool-187-thread-1] INFO  impl.RoleInfo (RoleInfo.java:updateAndGet(139)) - 5a2944c9-75d7-4a8d-9ead-f995138127cc: start 5a2944c9-75d7-4a8d-9ead-f995138127cc@group-D73006B0921B-FollowerState
2022-10-13 11:44:16,979 [pool-187-thread-1] INFO  util.JmxRegister (JmxRegister.java:tryRegister(44)) - Successfully registered JMX Bean with object name Ratis:service=RaftServer,group=group-D73006B0921B,id=5a2944c9-75d7-4a8d-9ead-f995138127cc
2022-10-13 11:44:16,990 [Command processor thread] INFO  commandhandler.CreatePipelineCommandHandler (CreatePipelineCommandHandler.java:handle(113)) - Created Pipeline RATIS THREE PipelineID=2b8544c2-36d0-408c-8d41-d73006b0921b.
2022-10-13 11:44:17,057 [Command processor thread] INFO  server.RaftServer (RaftServerProxy.java:addNew(96)) - cc783127-5661-4bf3-9a81-5237862e92f6: addNew group-669F9DCBA326:[cc783127-5661-4bf3-9a81-5237862e92f6|rpc:10.1.0.200:38555|priority:1] returns group-669F9DCBA326:java.util.concurrent.CompletableFuture@5c84be02[Not completed]
2022-10-13 11:44:17,058 [pool-164-thread-1] INFO  server.RaftServer$Division (RaftServerImpl.java:<init>(190)) - cc783127-5661-4bf3-9a81-5237862e92f6: new RaftServerImpl for group-669F9DCBA326:[cc783127-5661-4bf3-9a81-5237862e92f6|rpc:10.1.0.200:38555|priority:1] with ContainerStateMachine:uninitialized
2022-10-13 11:44:17,058 [pool-164-thread-1] INFO  server.RaftServerConfigKeys (ConfUtils.java:logGet(46)) - raft.server.rpc.timeout.min = 5s (custom)
2022-10-13 11:44:17,058 [pool-164-thread-1] INFO  server.RaftServerConfigKeys (ConfUtils.java:logGet(46)) - raft.server.rpc.timeout.max = 5200ms (custom)
2022-10-13 11:44:17,058 [pool-164-thread-1] INFO  server.RaftServerConfigKeys (ConfUtils.java:logGet(46)) - raft.server.rpc.sleep.time = 25ms (default)
2022-10-13 11:44:17,058 [pool-164-thread-1] INFO  server.RaftServerConfigKeys (ConfUtils.java:logGet(46)) - raft.server.rpc.slowness.timeout = 300s (custom)
2022-10-13 11:44:17,058 [pool-164-thread-1] INFO  server.RaftServerConfigKeys (ConfUtils.java:logGet(46)) - raft.server.leaderelection.leader.step-down.wait-time = 10s (default)
2022-10-13 11:44:17,058 [pool-164-thread-1] INFO  server.RaftServerConfigKeys (ConfUtils.java:logGet(46)) - raft.server.sleep.deviation.threshold = 300ms (default)
2022-10-13 11:44:17,058 [pool-164-thread-1] INFO  server.RaftServer$Division (ServerState.java:<init>(107)) - cc783127-5661-4bf3-9a81-5237862e92f6@group-669F9DCBA326: ConfigurationManager, init=-1: [cc783127-5661-4bf3-9a81-5237862e92f6|rpc:10.1.0.200:38555|priority:1], old=null, confs=<EMPTY_MAP>
2022-10-13 11:44:17,058 [pool-164-thread-1] INFO  server.RaftServerConfigKeys (ConfUtils.java:logGet(46)) - raft.server.storage.dir = [/home/runner/work/ozone/ozone/hadoop-ozone/integration-test/target/test-dir/MiniOzoneClusterImpl-da935fb3-9ce5-49ab-a67c-f4b3beb884ab/datanode-4/data/ratis] (custom)
2022-10-13 11:44:17,058 [pool-164-thread-1] INFO  server.RaftServerConfigKeys (ConfUtils.java:logGet(46)) - raft.server.log.corruption.policy = EXCEPTION (default)
2022-10-13 11:44:17,058 [pool-164-thread-1] INFO  server.RaftServerConfigKeys (ConfUtils.java:logGet(46)) - raft.server.storage.free-space.min = 0MB (=0) (default)
2022-10-13 11:44:17,058 [pool-164-thread-1] INFO  storage.RaftStorageDirectory (RaftStorageDirectoryImpl.java:analyzeStorage(135)) - The storage directory /home/runner/work/ozone/ozone/hadoop-ozone/integration-test/target/test-dir/MiniOzoneClusterImpl-da935fb3-9ce5-49ab-a67c-f4b3beb884ab/datanode-4/data/ratis/d1d8237e-d715-45a6-a945-669f9dcba326 does not exist. Creating ...
2022-10-13 11:44:17,061 [pool-164-thread-1] INFO  storage.RaftStorageDirectory (RaftStorageDirectoryImpl.java:tryLock(230)) - Lock on /home/runner/work/ozone/ozone/hadoop-ozone/integration-test/target/test-dir/MiniOzoneClusterImpl-da935fb3-9ce5-49ab-a67c-f4b3beb884ab/datanode-4/data/ratis/d1d8237e-d715-45a6-a945-669f9dcba326/in_use.lock acquired by nodename 27914@fv-az91-750
2022-10-13 11:44:17,062 [pool-164-thread-1] INFO  storage.RaftStorage (RaftStorageImpl.java:format(89)) - Storage directory /home/runner/work/ozone/ozone/hadoop-ozone/integration-test/target/test-dir/MiniOzoneClusterImpl-da935fb3-9ce5-49ab-a67c-f4b3beb884ab/datanode-4/data/ratis/d1d8237e-d715-45a6-a945-669f9dcba326 has been successfully formatted.
2022-10-13 11:44:17,063 [pool-164-thread-1] INFO  ratis.ContainerStateMachine (ContainerStateMachine.java:loadSnapshot(236)) - group-669F9DCBA326: The snapshot info is null. Setting the last applied indexto:(t:0, i:~)
2022-10-13 11:44:17,064 [EventQueue-PipelineReportForPipelineReportHandler] INFO  pipeline.PipelineManagerImpl (PipelineManagerImpl.java:openPipeline(367)) - Pipeline Pipeline[ Id: d1d8237e-d715-45a6-a945-669f9dcba326, Nodes: cc783127-5661-4bf3-9a81-5237862e92f6{ip: 10.1.0.200, host: fv-az91-750.1u4dveb1r3ruphbftqvtwhitpc.gx.internal.cloudapp.net, ports: [REPLICATION=36473, RATIS=38555, RATIS_ADMIN=38555, RATIS_SERVER=38555, STANDALONE=34631], networkLocation: /default-rack, certSerialId: null, persistedOpState: IN_SERVICE, persistedOpStateExpiryEpochSec: 0}, ReplicationConfig: RATIS/ONE, State:ALLOCATED, leaderId:cc783127-5661-4bf3-9a81-5237862e92f6, CreationTimestamp2022-10-13T11:44:14.063Z[Etc/UTC]] moved to OPEN state
2022-10-13 11:44:17,065 [EventQueue-OpenPipelineForHealthyPipelineSafeModeRule] INFO  safemode.SCMSafeModeManager (HealthyPipelineSafeModeRule.java:process(137)) - SCM in safe mode. Healthy pipelines reported count is 0, required healthy pipeline reported count is 1
2022-10-13 11:44:17,065 [pool-164-thread-1] INFO  server.RaftServerConfigKeys (ConfUtils.java:logGet(46)) - raft.server.notification.no-leader.timeout = 300s (custom)
2022-10-13 11:44:17,066 [pool-164-thread-1] INFO  server.RaftServerConfigKeys (ConfUtils.java:logGet(46)) - raft.server.log.use.memory = false (default)
2022-10-13 11:44:17,066 [pool-164-thread-1] INFO  server.RaftServerConfigKeys (ConfUtils.java:logGet(46)) - raft.server.log.purge.gap = 1000000 (custom)
2022-10-13 11:44:17,066 [pool-164-thread-1] INFO  server.RaftServerConfigKeys (ConfUtils.java:logGet(46)) - raft.server.log.appender.buffer.byte-limit = 33554432 (custom)
2022-10-13 11:44:17,066 [pool-164-thread-1] INFO  server.RaftServerConfigKeys (ConfUtils.java:logGet(46)) - raft.server.log.statemachine.data.read.timeout = 1000ms (default)
2022-10-13 11:44:17,066 [pool-164-thread-1] INFO  server.RaftServerConfigKeys (ConfUtils.java:logGet(46)) - raft.server.log.segment.size.max = 1048576 (custom)
2022-10-13 11:44:17,067 [pool-164-thread-1] INFO  server.RaftServerConfigKeys (ConfUtils.java:logGet(46)) - raft.server.log.segment.cache.num.max = 2 (custom)
2022-10-13 11:44:17,067 [pool-164-thread-1] INFO  server.RaftServerConfigKeys (ConfUtils.java:logGet(46)) - raft.server.log.segment.cache.size.max = 200MB (=209715200) (default)
2022-10-13 11:44:17,067 [pool-164-thread-1] INFO  segmented.SegmentedRaftLogWorker (SegmentedRaftLogWorker.java:<init>(187)) - new cc783127-5661-4bf3-9a81-5237862e92f6@group-669F9DCBA326-SegmentedRaftLogWorker for RaftStorageImpl:Storage Directory /home/runner/work/ozone/ozone/hadoop-ozone/integration-test/target/test-dir/MiniOzoneClusterImpl-da935fb3-9ce5-49ab-a67c-f4b3beb884ab/datanode-4/data/ratis/d1d8237e-d715-45a6-a945-669f9dcba326
2022-10-13 11:44:17,067 [pool-164-thread-1] INFO  server.RaftServerConfigKeys (ConfUtils.java:logGet(46)) - raft.server.log.queue.byte-limit = 4294967296 (custom)
2022-10-13 11:44:17,067 [pool-164-thread-1] INFO  server.RaftServerConfigKeys (ConfUtils.java:logGet(46)) - raft.server.log.queue.element-limit = 1024 (custom)
2022-10-13 11:44:17,067 [pool-164-thread-1] INFO  server.RaftServerConfigKeys (ConfUtils.java:logGet(46)) - raft.server.log.segment.size.max = 1048576 (custom)
2022-10-13 11:44:17,067 [pool-164-thread-1] INFO  server.RaftServerConfigKeys (ConfUtils.java:logGet(46)) - raft.server.log.preallocated.size = 16384 (custom)
2022-10-13 11:44:17,067 [pool-164-thread-1] INFO  server.RaftServerConfigKeys (ConfUtils.java:logGet(46)) - raft.server.log.force.sync.num = 128 (default)
2022-10-13 11:44:17,067 [pool-164-thread-1] INFO  server.RaftServerConfigKeys (ConfUtils.java:logGet(46)) - raft.server.log.statemachine.data.sync = true (default)
2022-10-13 11:44:17,067 [pool-164-thread-1] INFO  server.RaftServerConfigKeys (ConfUtils.java:logGet(46)) - raft.server.log.statemachine.data.sync.timeout = 10s (default)
2022-10-13 11:44:17,067 [pool-164-thread-1] INFO  server.RaftServerConfigKeys (ConfUtils.java:logGet(46)) - raft.server.log.statemachine.data.sync.timeout.retry = -1 (default)
2022-10-13 11:44:17,068 [pool-164-thread-1] INFO  server.RaftServerConfigKeys (ConfUtils.java:logGet(46)) - raft.server.log.write.buffer.size = 1048576 (custom)
2022-10-13 11:44:17,069 [pool-164-thread-1] INFO  server.RaftServerConfigKeys (ConfUtils.java:logGet(46)) - raft.server.log.unsafe-flush.enabled = false (default)
2022-10-13 11:44:17,069 [pool-164-thread-1] INFO  server.RaftServerConfigKeys (ConfUtils.java:logGet(46)) - raft.server.log.statemachine.data.caching.enabled = true (custom)
2022-10-13 11:44:17,069 [pool-164-thread-1] INFO  segmented.SegmentedRaftLogWorker (SegmentedRaftLogWorker.java:lambda$new$0(135)) - cc783127-5661-4bf3-9a81-5237862e92f6@group-669F9DCBA326-SegmentedRaftLogWorker: flushIndex: setUnconditionally 0 -> -1
2022-10-13 11:44:17,069 [pool-164-thread-1] INFO  segmented.SegmentedRaftLogWorker (SegmentedRaftLogWorker.java:lambda$new$0(135)) - cc783127-5661-4bf3-9a81-5237862e92f6@group-669F9DCBA326-SegmentedRaftLogWorker: safeCacheEvictIndex: setUnconditionally 0 -> -1
2022-10-13 11:44:17,070 [pool-164-thread-1] INFO  server.RaftServerConfigKeys (ConfUtils.java:logGet(46)) - raft.server.snapshot.auto.trigger.enabled = true (custom)
2022-10-13 11:44:17,070 [pool-164-thread-1] INFO  server.RaftServerConfigKeys (ConfUtils.java:logGet(46)) - raft.server.snapshot.auto.trigger.threshold = 10000 (custom)
2022-10-13 11:44:17,070 [pool-164-thread-1] INFO  server.RaftServerConfigKeys (ConfUtils.java:logGet(46)) - raft.server.snapshot.retention.file.num = 5 (custom)
2022-10-13 11:44:17,070 [pool-164-thread-1] INFO  server.RaftServerConfigKeys (ConfUtils.java:logGet(46)) - raft.server.log.purge.upto.snapshot.index = false (default)
2022-10-13 11:44:17,071 [pool-164-thread-1] INFO  server.RaftServerConfigKeys (ConfUtils.java:logGet(46)) - raft.server.retrycache.expirytime = 600000ms (custom)
2022-10-13 11:44:17,071 [pool-164-thread-1] INFO  server.RaftServerConfigKeys (ConfUtils.java:logGet(46)) - raft.server.retrycache.statistics.expirytime = 100μs (default)
2022-10-13 11:44:17,072 [pool-164-thread-1] INFO  server.RaftServerConfigKeys (ConfUtils.java:logGet(46)) - raft.server.log.appender.install.snapshot.enabled = false (custom)
2022-10-13 11:44:17,072 [pool-164-thread-1] INFO  server.RaftServerConfigKeys (ConfUtils.java:logGet(46)) - raft.server.threadpool.server.cached = true (default)
2022-10-13 11:44:17,072 [pool-164-thread-1] INFO  server.RaftServerConfigKeys (ConfUtils.java:logGet(46)) - raft.server.threadpool.server.size = 0 (default)
2022-10-13 11:44:17,072 [pool-164-thread-1] INFO  server.RaftServerConfigKeys (ConfUtils.java:logGet(46)) - raft.server.threadpool.client.cached = true (default)
2022-10-13 11:44:17,072 [pool-164-thread-1] INFO  server.RaftServerConfigKeys (ConfUtils.java:logGet(46)) - raft.server.threadpool.client.size = 0 (default)
2022-10-13 11:44:17,072 [pool-164-thread-1] INFO  server.RaftServer$Division (RaftServerImpl.java:start(310)) - cc783127-5661-4bf3-9a81-5237862e92f6@group-669F9DCBA326: start as a follower, conf=-1: [cc783127-5661-4bf3-9a81-5237862e92f6|rpc:10.1.0.200:38555|priority:1], old=null
2022-10-13 11:44:17,072 [pool-164-thread-1] INFO  server.RaftServer$Division (RaftServerImpl.java:setRole(299)) - cc783127-5661-4bf3-9a81-5237862e92f6@group-669F9DCBA326: changes role from      null to FOLLOWER at term 0 for startAsFollower
2022-10-13 11:44:17,072 [pool-164-thread-1] INFO  impl.RoleInfo (RoleInfo.java:updateAndGet(139)) - cc783127-5661-4bf3-9a81-5237862e92f6: start cc783127-5661-4bf3-9a81-5237862e92f6@group-669F9DCBA326-FollowerState
2022-10-13 11:44:17,073 [pool-164-thread-1] INFO  util.JmxRegister (JmxRegister.java:tryRegister(44)) - Successfully registered JMX Bean with object name Ratis:service=RaftServer,group=group-669F9DCBA326,id=cc783127-5661-4bf3-9a81-5237862e92f6
2022-10-13 11:44:17,073 [Command processor thread] INFO  ratis.XceiverServerRatis (XceiverServerRatis.java:addGroup(765)) - Created group PipelineID=d1d8237e-d715-45a6-a945-669f9dcba326
2022-10-13 11:44:17,073 [Command processor thread] INFO  commandhandler.CreatePipelineCommandHandler (CreatePipelineCommandHandler.java:handle(113)) - Created Pipeline RATIS ONE PipelineID=d1d8237e-d715-45a6-a945-669f9dcba326.
2022-10-13 11:44:17,402 [Command processor thread] INFO  server.RaftServer (RaftServerProxy.java:addNew(96)) - 5a2944c9-75d7-4a8d-9ead-f995138127cc: addNew group-9BF3DD30FDD3:[5a2944c9-75d7-4a8d-9ead-f995138127cc|rpc:10.1.0.200:42797|priority:1] returns group-9BF3DD30FDD3:java.util.concurrent.CompletableFuture@9de1af4[Not completed]
2022-10-13 11:44:17,404 [pool-187-thread-1] INFO  server.RaftServer$Division (RaftServerImpl.java:<init>(190)) - 5a2944c9-75d7-4a8d-9ead-f995138127cc: new RaftServerImpl for group-9BF3DD30FDD3:[5a2944c9-75d7-4a8d-9ead-f995138127cc|rpc:10.1.0.200:42797|priority:1] with ContainerStateMachine:uninitialized
2022-10-13 11:44:17,404 [pool-187-thread-1] INFO  server.RaftServerConfigKeys (ConfUtils.java:logGet(46)) - raft.server.rpc.timeout.min = 5s (custom)
2022-10-13 11:44:17,404 [pool-187-thread-1] INFO  server.RaftServerConfigKeys (ConfUtils.java:logGet(46)) - raft.server.rpc.timeout.max = 5200ms (custom)
2022-10-13 11:44:17,404 [pool-187-thread-1] INFO  server.RaftServerConfigKeys (ConfUtils.java:logGet(46)) - raft.server.rpc.sleep.time = 25ms (default)
2022-10-13 11:44:17,404 [pool-187-thread-1] INFO  server.RaftServerConfigKeys (ConfUtils.java:logGet(46)) - raft.server.rpc.slowness.timeout = 300s (custom)
2022-10-13 11:44:17,404 [pool-187-thread-1] INFO  server.RaftServerConfigKeys (ConfUtils.java:logGet(46)) - raft.server.leaderelection.leader.step-down.wait-time = 10s (default)
2022-10-13 11:44:17,404 [pool-187-thread-1] INFO  server.RaftServerConfigKeys (ConfUtils.java:logGet(46)) - raft.server.sleep.deviation.threshold = 300ms (default)
2022-10-13 11:44:17,404 [pool-187-thread-1] INFO  server.RaftServer$Division (ServerState.java:<init>(107)) - 5a2944c9-75d7-4a8d-9ead-f995138127cc@group-9BF3DD30FDD3: ConfigurationManager, init=-1: [5a2944c9-75d7-4a8d-9ead-f995138127cc|rpc:10.1.0.200:42797|priority:1], old=null, confs=<EMPTY_MAP>
2022-10-13 11:44:17,404 [pool-187-thread-1] INFO  server.RaftServerConfigKeys (ConfUtils.java:logGet(46)) - raft.server.storage.dir = [/home/runner/work/ozone/ozone/hadoop-ozone/integration-test/target/test-dir/MiniOzoneClusterImpl-da935fb3-9ce5-49ab-a67c-f4b3beb884ab/datanode-5/data/ratis] (custom)
2022-10-13 11:44:17,404 [pool-187-thread-1] INFO  server.RaftServerConfigKeys (ConfUtils.java:logGet(46)) - raft.server.log.corruption.policy = EXCEPTION (default)
2022-10-13 11:44:17,404 [pool-187-thread-1] INFO  server.RaftServerConfigKeys (ConfUtils.java:logGet(46)) - raft.server.storage.free-space.min = 0MB (=0) (default)
2022-10-13 11:44:17,405 [pool-187-thread-1] INFO  storage.RaftStorageDirectory (RaftStorageDirectoryImpl.java:analyzeStorage(135)) - The storage directory /home/runner/work/ozone/ozone/hadoop-ozone/integration-test/target/test-dir/MiniOzoneClusterImpl-da935fb3-9ce5-49ab-a67c-f4b3beb884ab/datanode-5/data/ratis/895d3a3a-1c1e-40e7-9964-9bf3dd30fdd3 does not exist. Creating ...
2022-10-13 11:44:17,406 [pool-187-thread-1] INFO  storage.RaftStorageDirectory (RaftStorageDirectoryImpl.java:tryLock(230)) - Lock on /home/runner/work/ozone/ozone/hadoop-ozone/integration-test/target/test-dir/MiniOzoneClusterImpl-da935fb3-9ce5-49ab-a67c-f4b3beb884ab/datanode-5/data/ratis/895d3a3a-1c1e-40e7-9964-9bf3dd30fdd3/in_use.lock acquired by nodename 27914@fv-az91-750
2022-10-13 11:44:17,408 [pool-187-thread-1] INFO  storage.RaftStorage (RaftStorageImpl.java:format(89)) - Storage directory /home/runner/work/ozone/ozone/hadoop-ozone/integration-test/target/test-dir/MiniOzoneClusterImpl-da935fb3-9ce5-49ab-a67c-f4b3beb884ab/datanode-5/data/ratis/895d3a3a-1c1e-40e7-9964-9bf3dd30fdd3 has been successfully formatted.
2022-10-13 11:44:17,408 [pool-187-thread-1] INFO  ratis.ContainerStateMachine (ContainerStateMachine.java:loadSnapshot(236)) - group-9BF3DD30FDD3: The snapshot info is null. Setting the last applied indexto:(t:0, i:~)
2022-10-13 11:44:17,409 [pool-187-thread-1] INFO  server.RaftServerConfigKeys (ConfUtils.java:logGet(46)) - raft.server.notification.no-leader.timeout = 300s (custom)
2022-10-13 11:44:17,409 [pool-187-thread-1] INFO  server.RaftServerConfigKeys (ConfUtils.java:logGet(46)) - raft.server.log.use.memory = false (default)
2022-10-13 11:44:17,409 [pool-187-thread-1] INFO  server.RaftServerConfigKeys (ConfUtils.java:logGet(46)) - raft.server.log.purge.gap = 1000000 (custom)
2022-10-13 11:44:17,410 [pool-187-thread-1] INFO  server.RaftServerConfigKeys (ConfUtils.java:logGet(46)) - raft.server.log.appender.buffer.byte-limit = 33554432 (custom)
2022-10-13 11:44:17,410 [pool-187-thread-1] INFO  server.RaftServerConfigKeys (ConfUtils.java:logGet(46)) - raft.server.log.statemachine.data.read.timeout = 1000ms (default)
2022-10-13 11:44:17,410 [pool-187-thread-1] INFO  server.RaftServerConfigKeys (ConfUtils.java:logGet(46)) - raft.server.log.segment.size.max = 1048576 (custom)
2022-10-13 11:44:17,411 [pool-187-thread-1] INFO  server.RaftServerConfigKeys (ConfUtils.java:logGet(46)) - raft.server.log.segment.cache.num.max = 2 (custom)
2022-10-13 11:44:17,411 [pool-187-thread-1] INFO  server.RaftServerConfigKeys (ConfUtils.java:logGet(46)) - raft.server.log.segment.cache.size.max = 200MB (=209715200) (default)
2022-10-13 11:44:17,411 [pool-187-thread-1] INFO  segmented.SegmentedRaftLogWorker (SegmentedRaftLogWorker.java:<init>(187)) - new 5a2944c9-75d7-4a8d-9ead-f995138127cc@group-9BF3DD30FDD3-SegmentedRaftLogWorker for RaftStorageImpl:Storage Directory /home/runner/work/ozone/ozone/hadoop-ozone/integration-test/target/test-dir/MiniOzoneClusterImpl-da935fb3-9ce5-49ab-a67c-f4b3beb884ab/datanode-5/data/ratis/895d3a3a-1c1e-40e7-9964-9bf3dd30fdd3
2022-10-13 11:44:17,411 [pool-187-thread-1] INFO  server.RaftServerConfigKeys (ConfUtils.java:logGet(46)) - raft.server.log.queue.byte-limit = 4294967296 (custom)
2022-10-13 11:44:17,411 [pool-187-thread-1] INFO  server.RaftServerConfigKeys (ConfUtils.java:logGet(46)) - raft.server.log.queue.element-limit = 1024 (custom)
2022-10-13 11:44:17,411 [pool-187-thread-1] INFO  server.RaftServerConfigKeys (ConfUtils.java:logGet(46)) - raft.server.log.segment.size.max = 1048576 (custom)
2022-10-13 11:44:17,411 [pool-187-thread-1] INFO  server.RaftServerConfigKeys (ConfUtils.java:logGet(46)) - raft.server.log.preallocated.size = 16384 (custom)
2022-10-13 11:44:17,411 [pool-187-thread-1] INFO  server.RaftServerConfigKeys (ConfUtils.java:logGet(46)) - raft.server.log.force.sync.num = 128 (default)
2022-10-13 11:44:17,411 [pool-187-thread-1] INFO  server.RaftServerConfigKeys (ConfUtils.java:logGet(46)) - raft.server.log.statemachine.data.sync = true (default)
2022-10-13 11:44:17,411 [pool-187-thread-1] INFO  server.RaftServerConfigKeys (ConfUtils.java:logGet(46)) - raft.server.log.statemachine.data.sync.timeout = 10s (default)
2022-10-13 11:44:17,411 [pool-187-thread-1] INFO  server.RaftServerConfigKeys (ConfUtils.java:logGet(46)) - raft.server.log.statemachine.data.sync.timeout.retry = -1 (default)
2022-10-13 11:44:17,414 [EventQueue-PipelineReportForPipelineReportHandler] INFO  pipeline.PipelineManagerImpl (PipelineManagerImpl.java:openPipeline(367)) - Pipeline Pipeline[ Id: 895d3a3a-1c1e-40e7-9964-9bf3dd30fdd3, Nodes: 5a2944c9-75d7-4a8d-9ead-f995138127cc{ip: 10.1.0.200, host: fv-az91-750.1u4dveb1r3ruphbftqvtwhitpc.gx.internal.cloudapp.net, ports: [REPLICATION=42491, RATIS=42797, RATIS_ADMIN=42797, RATIS_SERVER=42797, STANDALONE=35485], networkLocation: /default-rack, certSerialId: null, persistedOpState: IN_SERVICE, persistedOpStateExpiryEpochSec: 0}, ReplicationConfig: RATIS/ONE, State:ALLOCATED, leaderId:5a2944c9-75d7-4a8d-9ead-f995138127cc, CreationTimestamp2022-10-13T11:44:14.407Z[Etc/UTC]] moved to OPEN state
2022-10-13 11:44:17,414 [EventQueue-OpenPipelineForHealthyPipelineSafeModeRule] INFO  safemode.SCMSafeModeManager (HealthyPipelineSafeModeRule.java:process(137)) - SCM in safe mode. Healthy pipelines reported count is 0, required healthy pipeline reported count is 1
2022-10-13 11:44:17,417 [pool-187-thread-1] INFO  server.RaftServerConfigKeys (ConfUtils.java:logGet(46)) - raft.server.log.write.buffer.size = 1048576 (custom)
2022-10-13 11:44:17,419 [pool-187-thread-1] INFO  server.RaftServerConfigKeys (ConfUtils.java:logGet(46)) - raft.server.log.unsafe-flush.enabled = false (default)
2022-10-13 11:44:17,419 [pool-187-thread-1] INFO  server.RaftServerConfigKeys (ConfUtils.java:logGet(46)) - raft.server.log.statemachine.data.caching.enabled = true (custom)
2022-10-13 11:44:17,419 [pool-187-thread-1] INFO  segmented.SegmentedRaftLogWorker (SegmentedRaftLogWorker.java:lambda$new$0(135)) - 5a2944c9-75d7-4a8d-9ead-f995138127cc@group-9BF3DD30FDD3-SegmentedRaftLogWorker: flushIndex: setUnconditionally 0 -> -1
2022-10-13 11:44:17,419 [pool-187-thread-1] INFO  segmented.SegmentedRaftLogWorker (SegmentedRaftLogWorker.java:lambda$new$0(135)) - 5a2944c9-75d7-4a8d-9ead-f995138127cc@group-9BF3DD30FDD3-SegmentedRaftLogWorker: safeCacheEvictIndex: setUnconditionally 0 -> -1
2022-10-13 11:44:17,419 [pool-187-thread-1] INFO  server.RaftServerConfigKeys (ConfUtils.java:logGet(46)) - raft.server.snapshot.auto.trigger.enabled = true (custom)
2022-10-13 11:44:17,419 [pool-187-thread-1] INFO  server.RaftServerConfigKeys (ConfUtils.java:logGet(46)) - raft.server.snapshot.auto.trigger.threshold = 10000 (custom)
2022-10-13 11:44:17,419 [pool-187-thread-1] INFO  server.RaftServerConfigKeys (ConfUtils.java:logGet(46)) - raft.server.snapshot.retention.file.num = 5 (custom)
2022-10-13 11:44:17,419 [pool-187-thread-1] INFO  server.RaftServerConfigKeys (ConfUtils.java:logGet(46)) - raft.server.log.purge.upto.snapshot.index = false (default)
2022-10-13 11:44:17,420 [pool-187-thread-1] INFO  server.RaftServerConfigKeys (ConfUtils.java:logGet(46)) - raft.server.retrycache.expirytime = 600000ms (custom)
2022-10-13 11:44:17,420 [pool-187-thread-1] INFO  server.RaftServerConfigKeys (ConfUtils.java:logGet(46)) - raft.server.retrycache.statistics.expirytime = 100μs (default)
2022-10-13 11:44:17,421 [pool-187-thread-1] INFO  server.RaftServerConfigKeys (ConfUtils.java:logGet(46)) - raft.server.log.appender.install.snapshot.enabled = false (custom)
2022-10-13 11:44:17,421 [pool-187-thread-1] INFO  server.RaftServerConfigKeys (ConfUtils.java:logGet(46)) - raft.server.threadpool.server.cached = true (default)
2022-10-13 11:44:17,421 [pool-187-thread-1] INFO  server.RaftServerConfigKeys (ConfUtils.java:logGet(46)) - raft.server.threadpool.server.size = 0 (default)
2022-10-13 11:44:17,421 [pool-187-thread-1] INFO  server.RaftServerConfigKeys (ConfUtils.java:logGet(46)) - raft.server.threadpool.client.cached = true (default)
2022-10-13 11:44:17,421 [pool-187-thread-1] INFO  server.RaftServerConfigKeys (ConfUtils.java:logGet(46)) - raft.server.threadpool.client.size = 0 (default)
2022-10-13 11:44:17,421 [pool-187-thread-1] INFO  server.RaftServer$Division (RaftServerImpl.java:start(310)) - 5a2944c9-75d7-4a8d-9ead-f995138127cc@group-9BF3DD30FDD3: start as a follower, conf=-1: [5a2944c9-75d7-4a8d-9ead-f995138127cc|rpc:10.1.0.200:42797|priority:1], old=null
2022-10-13 11:44:17,421 [pool-187-thread-1] INFO  server.RaftServer$Division (RaftServerImpl.java:setRole(299)) - 5a2944c9-75d7-4a8d-9ead-f995138127cc@group-9BF3DD30FDD3: changes role from      null to FOLLOWER at term 0 for startAsFollower
2022-10-13 11:44:17,421 [pool-187-thread-1] INFO  impl.RoleInfo (RoleInfo.java:updateAndGet(139)) - 5a2944c9-75d7-4a8d-9ead-f995138127cc: start 5a2944c9-75d7-4a8d-9ead-f995138127cc@group-9BF3DD30FDD3-FollowerState
2022-10-13 11:44:17,421 [pool-187-thread-1] INFO  util.JmxRegister (JmxRegister.java:tryRegister(44)) - Successfully registered JMX Bean with object name Ratis:service=RaftServer,group=group-9BF3DD30FDD3,id=5a2944c9-75d7-4a8d-9ead-f995138127cc
2022-10-13 11:44:17,422 [Command processor thread] INFO  ratis.XceiverServerRatis (XceiverServerRatis.java:addGroup(765)) - Created group PipelineID=895d3a3a-1c1e-40e7-9964-9bf3dd30fdd3
2022-10-13 11:44:17,422 [Command processor thread] INFO  commandhandler.CreatePipelineCommandHandler (CreatePipelineCommandHandler.java:handle(113)) - Created Pipeline RATIS ONE PipelineID=895d3a3a-1c1e-40e7-9964-9bf3dd30fdd3.
2022-10-13 11:44:17,721 [Listener at 127.0.0.1/33933] INFO  ozone.MiniOzoneClusterImpl (MiniOzoneClusterImpl.java:lambda$waitForClusterToBeReady$0(216)) - Nodes are ready. Got 10 of 10 DN Heartbeats.
2022-10-13 11:44:17,721 [Listener at 127.0.0.1/33933] INFO  ozone.MiniOzoneClusterImpl (MiniOzoneClusterImpl.java:lambda$waitForClusterToBeReady$0(219)) - Waiting for cluster to exit safe mode
2022-10-13 11:44:17,722 [Listener at 127.0.0.1/33933] INFO  ozone.MiniOzoneClusterImpl (MiniOzoneClusterImpl.java:lambda$waitForClusterToBeReady$0(221)) - SCM became leader
2022-10-13 11:44:17,788 [Command processor thread] INFO  server.RaftServer (RaftServerProxy.java:addNew(96)) - 44dad4d2-9f73-4874-a36a-585ee387199d: addNew group-A5C3D62238FA:[44dad4d2-9f73-4874-a36a-585ee387199d|rpc:10.1.0.200:32897|priority:1] returns group-A5C3D62238FA:java.util.concurrent.CompletableFuture@2954e25c[Not completed]
2022-10-13 11:44:17,789 [pool-210-thread-1] INFO  server.RaftServer$Division (RaftServerImpl.java:<init>(190)) - 44dad4d2-9f73-4874-a36a-585ee387199d: new RaftServerImpl for group-A5C3D62238FA:[44dad4d2-9f73-4874-a36a-585ee387199d|rpc:10.1.0.200:32897|priority:1] with ContainerStateMachine:uninitialized
2022-10-13 11:44:17,790 [pool-210-thread-1] INFO  server.RaftServerConfigKeys (ConfUtils.java:logGet(46)) - raft.server.rpc.timeout.min = 5s (custom)
2022-10-13 11:44:17,790 [pool-210-thread-1] INFO  server.RaftServerConfigKeys (ConfUtils.java:logGet(46)) - raft.server.rpc.timeout.max = 5200ms (custom)
2022-10-13 11:44:17,790 [pool-210-thread-1] INFO  server.RaftServerConfigKeys (ConfUtils.java:logGet(46)) - raft.server.rpc.sleep.time = 25ms (default)
2022-10-13 11:44:17,790 [pool-210-thread-1] INFO  server.RaftServerConfigKeys (ConfUtils.java:logGet(46)) - raft.server.rpc.slowness.timeout = 300s (custom)
2022-10-13 11:44:17,791 [pool-210-thread-1] INFO  server.RaftServerConfigKeys (ConfUtils.java:logGet(46)) - raft.server.leaderelection.leader.step-down.wait-time = 10s (default)
2022-10-13 11:44:17,791 [pool-210-thread-1] INFO  server.RaftServerConfigKeys (ConfUtils.java:logGet(46)) - raft.server.sleep.deviation.threshold = 300ms (default)
2022-10-13 11:44:17,791 [pool-210-thread-1] INFO  server.RaftServer$Division (ServerState.java:<init>(107)) - 44dad4d2-9f73-4874-a36a-585ee387199d@group-A5C3D62238FA: ConfigurationManager, init=-1: [44dad4d2-9f73-4874-a36a-585ee387199d|rpc:10.1.0.200:32897|priority:1], old=null, confs=<EMPTY_MAP>
2022-10-13 11:44:17,791 [pool-210-thread-1] INFO  server.RaftServerConfigKeys (ConfUtils.java:logGet(46)) - raft.server.storage.dir = [/home/runner/work/ozone/ozone/hadoop-ozone/integration-test/target/test-dir/MiniOzoneClusterImpl-da935fb3-9ce5-49ab-a67c-f4b3beb884ab/datanode-6/data/ratis] (custom)
2022-10-13 11:44:17,791 [pool-210-thread-1] INFO  server.RaftServerConfigKeys (ConfUtils.java:logGet(46)) - raft.server.log.corruption.policy = EXCEPTION (default)
2022-10-13 11:44:17,791 [pool-210-thread-1] INFO  server.RaftServerConfigKeys (ConfUtils.java:logGet(46)) - raft.server.storage.free-space.min = 0MB (=0) (default)
2022-10-13 11:44:17,791 [pool-210-thread-1] INFO  storage.RaftStorageDirectory (RaftStorageDirectoryImpl.java:analyzeStorage(135)) - The storage directory /home/runner/work/ozone/ozone/hadoop-ozone/integration-test/target/test-dir/MiniOzoneClusterImpl-da935fb3-9ce5-49ab-a67c-f4b3beb884ab/datanode-6/data/ratis/292ff869-6974-464a-816e-a5c3d62238fa does not exist. Creating ...
2022-10-13 11:44:17,792 [pool-210-thread-1] INFO  storage.RaftStorageDirectory (RaftStorageDirectoryImpl.java:tryLock(230)) - Lock on /home/runner/work/ozone/ozone/hadoop-ozone/integration-test/target/test-dir/MiniOzoneClusterImpl-da935fb3-9ce5-49ab-a67c-f4b3beb884ab/datanode-6/data/ratis/292ff869-6974-464a-816e-a5c3d62238fa/in_use.lock acquired by nodename 27914@fv-az91-750
2022-10-13 11:44:17,794 [pool-210-thread-1] INFO  storage.RaftStorage (RaftStorageImpl.java:format(89)) - Storage directory /home/runner/work/ozone/ozone/hadoop-ozone/integration-test/target/test-dir/MiniOzoneClusterImpl-da935fb3-9ce5-49ab-a67c-f4b3beb884ab/datanode-6/data/ratis/292ff869-6974-464a-816e-a5c3d62238fa has been successfully formatted.
2022-10-13 11:44:17,794 [pool-210-thread-1] INFO  ratis.ContainerStateMachine (ContainerStateMachine.java:loadSnapshot(236)) - group-A5C3D62238FA: The snapshot info is null. Setting the last applied indexto:(t:0, i:~)
2022-10-13 11:44:17,794 [pool-210-thread-1] INFO  server.RaftServerConfigKeys (ConfUtils.java:logGet(46)) - raft.server.notification.no-leader.timeout = 300s (custom)
2022-10-13 11:44:17,794 [pool-210-thread-1] INFO  server.RaftServerConfigKeys (ConfUtils.java:logGet(46)) - raft.server.log.use.memory = false (default)
2022-10-13 11:44:17,794 [pool-210-thread-1] INFO  server.RaftServerConfigKeys (ConfUtils.java:logGet(46)) - raft.server.log.purge.gap = 1000000 (custom)
2022-10-13 11:44:17,794 [pool-210-thread-1] INFO  server.RaftServerConfigKeys (ConfUtils.java:logGet(46)) - raft.server.log.appender.buffer.byte-limit = 33554432 (custom)
2022-10-13 11:44:17,795 [pool-210-thread-1] INFO  server.RaftServerConfigKeys (ConfUtils.java:logGet(46)) - raft.server.log.statemachine.data.read.timeout = 1000ms (default)
2022-10-13 11:44:17,795 [pool-210-thread-1] INFO  server.RaftServerConfigKeys (ConfUtils.java:logGet(46)) - raft.server.log.segment.size.max = 1048576 (custom)
2022-10-13 11:44:17,795 [pool-210-thread-1] INFO  server.RaftServerConfigKeys (ConfUtils.java:logGet(46)) - raft.server.log.segment.cache.num.max = 2 (custom)
2022-10-13 11:44:17,795 [pool-210-thread-1] INFO  server.RaftServerConfigKeys (ConfUtils.java:logGet(46)) - raft.server.log.segment.cache.size.max = 200MB (=209715200) (default)
2022-10-13 11:44:17,795 [pool-210-thread-1] INFO  segmented.SegmentedRaftLogWorker (SegmentedRaftLogWorker.java:<init>(187)) - new 44dad4d2-9f73-4874-a36a-585ee387199d@group-A5C3D62238FA-SegmentedRaftLogWorker for RaftStorageImpl:Storage Directory /home/runner/work/ozone/ozone/hadoop-ozone/integration-test/target/test-dir/MiniOzoneClusterImpl-da935fb3-9ce5-49ab-a67c-f4b3beb884ab/datanode-6/data/ratis/292ff869-6974-464a-816e-a5c3d62238fa
2022-10-13 11:44:17,795 [EventQueue-PipelineReportForPipelineReportHandler] INFO  pipeline.PipelineManagerImpl (PipelineManagerImpl.java:openPipeline(367)) - Pipeline Pipeline[ Id: 292ff869-6974-464a-816e-a5c3d62238fa, Nodes: 44dad4d2-9f73-4874-a36a-585ee387199d{ip: 10.1.0.200, host: fv-az91-750.1u4dveb1r3ruphbftqvtwhitpc.gx.internal.cloudapp.net, ports: [REPLICATION=33901, RATIS=32897, RATIS_ADMIN=32897, RATIS_SERVER=32897, STANDALONE=44105], networkLocation: /default-rack, certSerialId: null, persistedOpState: IN_SERVICE, persistedOpStateExpiryEpochSec: 0}, ReplicationConfig: RATIS/ONE, State:ALLOCATED, leaderId:44dad4d2-9f73-4874-a36a-585ee387199d, CreationTimestamp2022-10-13T11:44:14.792Z[Etc/UTC]] moved to OPEN state
2022-10-13 11:44:17,795 [pool-210-thread-1] INFO  server.RaftServerConfigKeys (ConfUtils.java:logGet(46)) - raft.server.log.queue.byte-limit = 4294967296 (custom)
2022-10-13 11:44:17,795 [pool-210-thread-1] INFO  server.RaftServerConfigKeys (ConfUtils.java:logGet(46)) - raft.server.log.queue.element-limit = 1024 (custom)
2022-10-13 11:44:17,795 [pool-210-thread-1] INFO  server.RaftServerConfigKeys (ConfUtils.java:logGet(46)) - raft.server.log.segment.size.max = 1048576 (custom)
2022-10-13 11:44:17,796 [pool-210-thread-1] INFO  server.RaftServerConfigKeys (ConfUtils.java:logGet(46)) - raft.server.log.preallocated.size = 16384 (custom)
2022-10-13 11:44:17,796 [pool-210-thread-1] INFO  server.RaftServerConfigKeys (ConfUtils.java:logGet(46)) - raft.server.log.force.sync.num = 128 (default)
2022-10-13 11:44:17,796 [pool-210-thread-1] INFO  server.RaftServerConfigKeys (ConfUtils.java:logGet(46)) - raft.server.log.statemachine.data.sync = true (default)
2022-10-13 11:44:17,796 [pool-210-thread-1] INFO  server.RaftServerConfigKeys (ConfUtils.java:logGet(46)) - raft.server.log.statemachine.data.sync.timeout = 10s (default)
2022-10-13 11:44:17,796 [pool-210-thread-1] INFO  server.RaftServerConfigKeys (ConfUtils.java:logGet(46)) - raft.server.log.statemachine.data.sync.timeout.retry = -1 (default)
2022-10-13 11:44:17,796 [EventQueue-OpenPipelineForHealthyPipelineSafeModeRule] INFO  safemode.SCMSafeModeManager (HealthyPipelineSafeModeRule.java:process(137)) - SCM in safe mode. Healthy pipelines reported count is 0, required healthy pipeline reported count is 1
2022-10-13 11:44:17,799 [pool-210-thread-1] INFO  server.RaftServerConfigKeys (ConfUtils.java:logGet(46)) - raft.server.log.write.buffer.size = 1048576 (custom)
2022-10-13 11:44:17,799 [pool-210-thread-1] INFO  server.RaftServerConfigKeys (ConfUtils.java:logGet(46)) - raft.server.log.unsafe-flush.enabled = false (default)
2022-10-13 11:44:17,799 [pool-210-thread-1] INFO  server.RaftServerConfigKeys (ConfUtils.java:logGet(46)) - raft.server.log.statemachine.data.caching.enabled = true (custom)
2022-10-13 11:44:17,799 [pool-210-thread-1] INFO  segmented.SegmentedRaftLogWorker (SegmentedRaftLogWorker.java:lambda$new$0(135)) - 44dad4d2-9f73-4874-a36a-585ee387199d@group-A5C3D62238FA-SegmentedRaftLogWorker: flushIndex: setUnconditionally 0 -> -1
2022-10-13 11:44:17,800 [pool-210-thread-1] INFO  segmented.SegmentedRaftLogWorker (SegmentedRaftLogWorker.java:lambda$new$0(135)) - 44dad4d2-9f73-4874-a36a-585ee387199d@group-A5C3D62238FA-SegmentedRaftLogWorker: safeCacheEvictIndex: setUnconditionally 0 -> -1
2022-10-13 11:44:17,800 [pool-210-thread-1] INFO  server.RaftServerConfigKeys (ConfUtils.java:logGet(46)) - raft.server.snapshot.auto.trigger.enabled = true (custom)
2022-10-13 11:44:17,800 [pool-210-thread-1] INFO  server.RaftServerConfigKeys (ConfUtils.java:logGet(46)) - raft.server.snapshot.auto.trigger.threshold = 10000 (custom)
2022-10-13 11:44:17,800 [pool-210-thread-1] INFO  server.RaftServerConfigKeys (ConfUtils.java:logGet(46)) - raft.server.snapshot.retention.file.num = 5 (custom)
2022-10-13 11:44:17,800 [pool-210-thread-1] INFO  server.RaftServerConfigKeys (ConfUtils.java:logGet(46)) - raft.server.log.purge.upto.snapshot.index = false (default)
2022-10-13 11:44:17,800 [pool-210-thread-1] INFO  server.RaftServerConfigKeys (ConfUtils.java:logGet(46)) - raft.server.retrycache.expirytime = 600000ms (custom)
2022-10-13 11:44:17,800 [pool-210-thread-1] INFO  server.RaftServerConfigKeys (ConfUtils.java:logGet(46)) - raft.server.retrycache.statistics.expirytime = 100μs (default)
2022-10-13 11:44:17,801 [pool-210-thread-1] INFO  server.RaftServerConfigKeys (ConfUtils.java:logGet(46)) - raft.server.log.appender.install.snapshot.enabled = false (custom)
2022-10-13 11:44:17,801 [pool-210-thread-1] INFO  server.RaftServerConfigKeys (ConfUtils.java:logGet(46)) - raft.server.threadpool.server.cached = true (default)
2022-10-13 11:44:17,801 [pool-210-thread-1] INFO  server.RaftServerConfigKeys (ConfUtils.java:logGet(46)) - raft.server.threadpool.server.size = 0 (default)
2022-10-13 11:44:17,801 [pool-210-thread-1] INFO  server.RaftServerConfigKeys (ConfUtils.java:logGet(46)) - raft.server.threadpool.client.cached = true (default)
2022-10-13 11:44:17,801 [pool-210-thread-1] INFO  server.RaftServerConfigKeys (ConfUtils.java:logGet(46)) - raft.server.threadpool.client.size = 0 (default)
2022-10-13 11:44:17,801 [pool-210-thread-1] INFO  server.RaftServer$Division (RaftServerImpl.java:start(310)) - 44dad4d2-9f73-4874-a36a-585ee387199d@group-A5C3D62238FA: start as a follower, conf=-1: [44dad4d2-9f73-4874-a36a-585ee387199d|rpc:10.1.0.200:32897|priority:1], old=null
2022-10-13 11:44:17,801 [pool-210-thread-1] INFO  server.RaftServer$Division (RaftServerImpl.java:setRole(299)) - 44dad4d2-9f73-4874-a36a-585ee387199d@group-A5C3D62238FA: changes role from      null to FOLLOWER at term 0 for startAsFollower
2022-10-13 11:44:17,801 [pool-210-thread-1] INFO  impl.RoleInfo (RoleInfo.java:updateAndGet(139)) - 44dad4d2-9f73-4874-a36a-585ee387199d: start 44dad4d2-9f73-4874-a36a-585ee387199d@group-A5C3D62238FA-FollowerState
2022-10-13 11:44:17,808 [pool-210-thread-1] INFO  util.JmxRegister (JmxRegister.java:tryRegister(44)) - Successfully registered JMX Bean with object name Ratis:service=RaftServer,group=group-A5C3D62238FA,id=44dad4d2-9f73-4874-a36a-585ee387199d
2022-10-13 11:44:17,808 [Command processor thread] INFO  ratis.XceiverServerRatis (XceiverServerRatis.java:addGroup(765)) - Created group PipelineID=292ff869-6974-464a-816e-a5c3d62238fa
2022-10-13 11:44:17,808 [Command processor thread] INFO  commandhandler.CreatePipelineCommandHandler (CreatePipelineCommandHandler.java:handle(113)) - Created Pipeline RATIS ONE PipelineID=292ff869-6974-464a-816e-a5c3d62238fa.
2022-10-13 11:44:17,809 [Command processor thread] INFO  server.RaftServer (RaftServerProxy.java:addNew(96)) - 44dad4d2-9f73-4874-a36a-585ee387199d: addNew group-CA13F6D37BB1:[febd5d2c-72de-44b7-b010-e5e9acc30848|rpc:10.1.0.200:36903|priority:0, 8f71354a-19e6-4be6-b89a-dd2f0292058a|rpc:10.1.0.200:41203|priority:0, 44dad4d2-9f73-4874-a36a-585ee387199d|rpc:10.1.0.200:32897|priority:1] returns group-CA13F6D37BB1:java.util.concurrent.CompletableFuture@2d6b73ae[Not completed]
2022-10-13 11:44:17,810 [pool-210-thread-1] INFO  server.RaftServer$Division (RaftServerImpl.java:<init>(190)) - 44dad4d2-9f73-4874-a36a-585ee387199d: new RaftServerImpl for group-CA13F6D37BB1:[febd5d2c-72de-44b7-b010-e5e9acc30848|rpc:10.1.0.200:36903|priority:0, 8f71354a-19e6-4be6-b89a-dd2f0292058a|rpc:10.1.0.200:41203|priority:0, 44dad4d2-9f73-4874-a36a-585ee387199d|rpc:10.1.0.200:32897|priority:1] with ContainerStateMachine:uninitialized
2022-10-13 11:44:17,810 [pool-210-thread-1] INFO  server.RaftServerConfigKeys (ConfUtils.java:logGet(46)) - raft.server.rpc.timeout.min = 5s (custom)
2022-10-13 11:44:17,810 [pool-210-thread-1] INFO  server.RaftServerConfigKeys (ConfUtils.java:logGet(46)) - raft.server.rpc.timeout.max = 5200ms (custom)
2022-10-13 11:44:17,810 [pool-210-thread-1] INFO  server.RaftServerConfigKeys (ConfUtils.java:logGet(46)) - raft.server.rpc.sleep.time = 25ms (default)
2022-10-13 11:44:17,810 [pool-210-thread-1] INFO  server.RaftServerConfigKeys (ConfUtils.java:logGet(46)) - raft.server.rpc.slowness.timeout = 300s (custom)
2022-10-13 11:44:17,810 [pool-210-thread-1] INFO  server.RaftServerConfigKeys (ConfUtils.java:logGet(46)) - raft.server.leaderelection.leader.step-down.wait-time = 10s (default)
2022-10-13 11:44:17,810 [pool-210-thread-1] INFO  server.RaftServerConfigKeys (ConfUtils.java:logGet(46)) - raft.server.sleep.deviation.threshold = 300ms (default)
2022-10-13 11:44:17,810 [pool-210-thread-1] INFO  server.RaftServer$Division (ServerState.java:<init>(107)) - 44dad4d2-9f73-4874-a36a-585ee387199d@group-CA13F6D37BB1: ConfigurationManager, init=-1: [febd5d2c-72de-44b7-b010-e5e9acc30848|rpc:10.1.0.200:36903|priority:0, 8f71354a-19e6-4be6-b89a-dd2f0292058a|rpc:10.1.0.200:41203|priority:0, 44dad4d2-9f73-4874-a36a-585ee387199d|rpc:10.1.0.200:32897|priority:1], old=null, confs=<EMPTY_MAP>
2022-10-13 11:44:17,810 [pool-210-thread-1] INFO  server.RaftServerConfigKeys (ConfUtils.java:logGet(46)) - raft.server.storage.dir = [/home/runner/work/ozone/ozone/hadoop-ozone/integration-test/target/test-dir/MiniOzoneClusterImpl-da935fb3-9ce5-49ab-a67c-f4b3beb884ab/datanode-6/data/ratis] (custom)
2022-10-13 11:44:17,810 [pool-210-thread-1] INFO  server.RaftServerConfigKeys (ConfUtils.java:logGet(46)) - raft.server.log.corruption.policy = EXCEPTION (default)
2022-10-13 11:44:17,810 [pool-210-thread-1] INFO  server.RaftServerConfigKeys (ConfUtils.java:logGet(46)) - raft.server.storage.free-space.min = 0MB (=0) (default)
2022-10-13 11:44:17,810 [pool-210-thread-1] INFO  storage.RaftStorageDirectory (RaftStorageDirectoryImpl.java:analyzeStorage(135)) - The storage directory /home/runner/work/ozone/ozone/hadoop-ozone/integration-test/target/test-dir/MiniOzoneClusterImpl-da935fb3-9ce5-49ab-a67c-f4b3beb884ab/datanode-6/data/ratis/1aca8241-d5fd-4b22-9dcd-ca13f6d37bb1 does not exist. Creating ...
2022-10-13 11:44:17,811 [pool-210-thread-1] INFO  storage.RaftStorageDirectory (RaftStorageDirectoryImpl.java:tryLock(230)) - Lock on /home/runner/work/ozone/ozone/hadoop-ozone/integration-test/target/test-dir/MiniOzoneClusterImpl-da935fb3-9ce5-49ab-a67c-f4b3beb884ab/datanode-6/data/ratis/1aca8241-d5fd-4b22-9dcd-ca13f6d37bb1/in_use.lock acquired by nodename 27914@fv-az91-750
2022-10-13 11:44:17,812 [pool-210-thread-1] INFO  storage.RaftStorage (RaftStorageImpl.java:format(89)) - Storage directory /home/runner/work/ozone/ozone/hadoop-ozone/integration-test/target/test-dir/MiniOzoneClusterImpl-da935fb3-9ce5-49ab-a67c-f4b3beb884ab/datanode-6/data/ratis/1aca8241-d5fd-4b22-9dcd-ca13f6d37bb1 has been successfully formatted.
2022-10-13 11:44:17,812 [pool-210-thread-1] INFO  ratis.ContainerStateMachine (ContainerStateMachine.java:loadSnapshot(236)) - group-CA13F6D37BB1: The snapshot info is null. Setting the last applied indexto:(t:0, i:~)
2022-10-13 11:44:17,813 [pool-210-thread-1] INFO  server.RaftServerConfigKeys (ConfUtils.java:logGet(46)) - raft.server.notification.no-leader.timeout = 300s (custom)
2022-10-13 11:44:17,813 [pool-210-thread-1] INFO  server.RaftServerConfigKeys (ConfUtils.java:logGet(46)) - raft.server.log.use.memory = false (default)
2022-10-13 11:44:17,813 [pool-210-thread-1] INFO  server.RaftServerConfigKeys (ConfUtils.java:logGet(46)) - raft.server.log.purge.gap = 1000000 (custom)
2022-10-13 11:44:17,813 [pool-210-thread-1] INFO  server.RaftServerConfigKeys (ConfUtils.java:logGet(46)) - raft.server.log.appender.buffer.byte-limit = 33554432 (custom)
2022-10-13 11:44:17,813 [pool-210-thread-1] INFO  server.RaftServerConfigKeys (ConfUtils.java:logGet(46)) - raft.server.log.statemachine.data.read.timeout = 1000ms (default)
2022-10-13 11:44:17,813 [pool-210-thread-1] INFO  server.RaftServerConfigKeys (ConfUtils.java:logGet(46)) - raft.server.log.segment.size.max = 1048576 (custom)
2022-10-13 11:44:17,813 [pool-210-thread-1] INFO  server.RaftServerConfigKeys (ConfUtils.java:logGet(46)) - raft.server.log.segment.cache.num.max = 2 (custom)
2022-10-13 11:44:17,813 [pool-210-thread-1] INFO  server.RaftServerConfigKeys (ConfUtils.java:logGet(46)) - raft.server.log.segment.cache.size.max = 200MB (=209715200) (default)
2022-10-13 11:44:17,813 [pool-210-thread-1] INFO  segmented.SegmentedRaftLogWorker (SegmentedRaftLogWorker.java:<init>(187)) - new 44dad4d2-9f73-4874-a36a-585ee387199d@group-CA13F6D37BB1-SegmentedRaftLogWorker for RaftStorageImpl:Storage Directory /home/runner/work/ozone/ozone/hadoop-ozone/integration-test/target/test-dir/MiniOzoneClusterImpl-da935fb3-9ce5-49ab-a67c-f4b3beb884ab/datanode-6/data/ratis/1aca8241-d5fd-4b22-9dcd-ca13f6d37bb1
2022-10-13 11:44:17,814 [pool-210-thread-1] INFO  server.RaftServerConfigKeys (ConfUtils.java:logGet(46)) - raft.server.log.queue.byte-limit = 4294967296 (custom)
2022-10-13 11:44:17,814 [pool-210-thread-1] INFO  server.RaftServerConfigKeys (ConfUtils.java:logGet(46)) - raft.server.log.queue.element-limit = 1024 (custom)
2022-10-13 11:44:17,814 [pool-210-thread-1] INFO  server.RaftServerConfigKeys (ConfUtils.java:logGet(46)) - raft.server.log.segment.size.max = 1048576 (custom)
2022-10-13 11:44:17,814 [pool-210-thread-1] INFO  server.RaftServerConfigKeys (ConfUtils.java:logGet(46)) - raft.server.log.preallocated.size = 16384 (custom)
2022-10-13 11:44:17,814 [pool-210-thread-1] INFO  server.RaftServerConfigKeys (ConfUtils.java:logGet(46)) - raft.server.log.force.sync.num = 128 (default)
2022-10-13 11:44:17,814 [EventQueue-OpenPipelineForHealthyPipelineSafeModeRule] INFO  safemode.SCMSafeModeManager (HealthyPipelineSafeModeRule.java:process(137)) - SCM in safe mode. Healthy pipelines reported count is 0, required healthy pipeline reported count is 1
2022-10-13 11:44:17,814 [pool-210-thread-1] INFO  server.RaftServerConfigKeys (ConfUtils.java:logGet(46)) - raft.server.log.statemachine.data.sync = true (default)
2022-10-13 11:44:17,814 [pool-210-thread-1] INFO  server.RaftServerConfigKeys (ConfUtils.java:logGet(46)) - raft.server.log.statemachine.data.sync.timeout = 10s (default)
2022-10-13 11:44:17,814 [pool-210-thread-1] INFO  server.RaftServerConfigKeys (ConfUtils.java:logGet(46)) - raft.server.log.statemachine.data.sync.timeout.retry = -1 (default)
2022-10-13 11:44:17,815 [pool-210-thread-1] INFO  server.RaftServerConfigKeys (ConfUtils.java:logGet(46)) - raft.server.log.write.buffer.size = 1048576 (custom)
2022-10-13 11:44:17,816 [pool-210-thread-1] INFO  server.RaftServerConfigKeys (ConfUtils.java:logGet(46)) - raft.server.log.unsafe-flush.enabled = false (default)
2022-10-13 11:44:17,816 [pool-210-thread-1] INFO  server.RaftServerConfigKeys (ConfUtils.java:logGet(46)) - raft.server.log.statemachine.data.caching.enabled = true (custom)
2022-10-13 11:44:17,816 [pool-210-thread-1] INFO  segmented.SegmentedRaftLogWorker (SegmentedRaftLogWorker.java:lambda$new$0(135)) - 44dad4d2-9f73-4874-a36a-585ee387199d@group-CA13F6D37BB1-SegmentedRaftLogWorker: flushIndex: setUnconditionally 0 -> -1
2022-10-13 11:44:17,816 [pool-210-thread-1] INFO  segmented.SegmentedRaftLogWorker (SegmentedRaftLogWorker.java:lambda$new$0(135)) - 44dad4d2-9f73-4874-a36a-585ee387199d@group-CA13F6D37BB1-SegmentedRaftLogWorker: safeCacheEvictIndex: setUnconditionally 0 -> -1
2022-10-13 11:44:17,816 [pool-210-thread-1] INFO  server.RaftServerConfigKeys (ConfUtils.java:logGet(46)) - raft.server.snapshot.auto.trigger.enabled = true (custom)
2022-10-13 11:44:17,816 [pool-210-thread-1] INFO  server.RaftServerConfigKeys (ConfUtils.java:logGet(46)) - raft.server.snapshot.auto.trigger.threshold = 10000 (custom)
2022-10-13 11:44:17,816 [pool-210-thread-1] INFO  server.RaftServerConfigKeys (ConfUtils.java:logGet(46)) - raft.server.snapshot.retention.file.num = 5 (custom)
2022-10-13 11:44:17,816 [pool-210-thread-1] INFO  server.RaftServerConfigKeys (ConfUtils.java:logGet(46)) - raft.server.log.purge.upto.snapshot.index = false (default)
2022-10-13 11:44:17,816 [pool-210-thread-1] INFO  server.RaftServerConfigKeys (ConfUtils.java:logGet(46)) - raft.server.retrycache.expirytime = 600000ms (custom)
2022-10-13 11:44:17,816 [pool-210-thread-1] INFO  server.RaftServerConfigKeys (ConfUtils.java:logGet(46)) - raft.server.retrycache.statistics.expirytime = 100μs (default)
2022-10-13 11:44:17,817 [pool-210-thread-1] INFO  server.RaftServerConfigKeys (ConfUtils.java:logGet(46)) - raft.server.log.appender.install.snapshot.enabled = false (custom)
2022-10-13 11:44:17,817 [pool-210-thread-1] INFO  server.RaftServerConfigKeys (ConfUtils.java:logGet(46)) - raft.server.threadpool.server.cached = true (default)
2022-10-13 11:44:17,817 [pool-210-thread-1] INFO  server.RaftServerConfigKeys (ConfUtils.java:logGet(46)) - raft.server.threadpool.server.size = 0 (default)
2022-10-13 11:44:17,818 [pool-210-thread-1] INFO  server.RaftServerConfigKeys (ConfUtils.java:logGet(46)) - raft.server.threadpool.client.cached = true (default)
2022-10-13 11:44:17,818 [pool-210-thread-1] INFO  server.RaftServerConfigKeys (ConfUtils.java:logGet(46)) - raft.server.threadpool.client.size = 0 (default)
2022-10-13 11:44:17,818 [pool-210-thread-1] INFO  server.RaftServer$Division (RaftServerImpl.java:start(310)) - 44dad4d2-9f73-4874-a36a-585ee387199d@group-CA13F6D37BB1: start as a follower, conf=-1: [febd5d2c-72de-44b7-b010-e5e9acc30848|rpc:10.1.0.200:36903|priority:0, 8f71354a-19e6-4be6-b89a-dd2f0292058a|rpc:10.1.0.200:41203|priority:0, 44dad4d2-9f73-4874-a36a-585ee387199d|rpc:10.1.0.200:32897|priority:1], old=null
2022-10-13 11:44:17,818 [pool-210-thread-1] INFO  server.RaftServer$Division (RaftServerImpl.java:setRole(299)) - 44dad4d2-9f73-4874-a36a-585ee387199d@group-CA13F6D37BB1: changes role from      null to FOLLOWER at term 0 for startAsFollower
2022-10-13 11:44:17,818 [pool-210-thread-1] INFO  impl.RoleInfo (RoleInfo.java:updateAndGet(139)) - 44dad4d2-9f73-4874-a36a-585ee387199d: start 44dad4d2-9f73-4874-a36a-585ee387199d@group-CA13F6D37BB1-FollowerState
2022-10-13 11:44:17,822 [pool-210-thread-1] INFO  util.JmxRegister (JmxRegister.java:tryRegister(44)) - Successfully registered JMX Bean with object name Ratis:service=RaftServer,group=group-CA13F6D37BB1,id=44dad4d2-9f73-4874-a36a-585ee387199d
2022-10-13 11:44:17,824 [Command processor thread] INFO  ratis.XceiverServerRatis (XceiverServerRatis.java:addGroup(765)) - Created group PipelineID=1aca8241-d5fd-4b22-9dcd-ca13f6d37bb1
2022-10-13 11:44:17,836 [grpc-default-executor-1] INFO  server.RaftServer (RaftServerProxy.java:addNew(96)) - febd5d2c-72de-44b7-b010-e5e9acc30848: addNew group-CA13F6D37BB1:[febd5d2c-72de-44b7-b010-e5e9acc30848|rpc:10.1.0.200:36903|dataStream:|priority:0, 8f71354a-19e6-4be6-b89a-dd2f0292058a|rpc:10.1.0.200:41203|dataStream:|priority:0, 44dad4d2-9f73-4874-a36a-585ee387199d|rpc:10.1.0.200:32897|dataStream:|priority:1] returns group-CA13F6D37BB1:java.util.concurrent.CompletableFuture@ae63aa6[Not completed]
2022-10-13 11:44:17,837 [pool-264-thread-1] INFO  server.RaftServer$Division (RaftServerImpl.java:<init>(190)) - febd5d2c-72de-44b7-b010-e5e9acc30848: new RaftServerImpl for group-CA13F6D37BB1:[febd5d2c-72de-44b7-b010-e5e9acc30848|rpc:10.1.0.200:36903|dataStream:|priority:0, 8f71354a-19e6-4be6-b89a-dd2f0292058a|rpc:10.1.0.200:41203|dataStream:|priority:0, 44dad4d2-9f73-4874-a36a-585ee387199d|rpc:10.1.0.200:32897|dataStream:|priority:1] with ContainerStateMachine:uninitialized
2022-10-13 11:44:17,838 [pool-264-thread-1] INFO  server.RaftServerConfigKeys (ConfUtils.java:logGet(46)) - raft.server.rpc.timeout.min = 5s (custom)
2022-10-13 11:44:17,838 [pool-264-thread-1] INFO  server.RaftServerConfigKeys (ConfUtils.java:logGet(46)) - raft.server.rpc.timeout.max = 5200ms (custom)
2022-10-13 11:44:17,838 [pool-264-thread-1] INFO  server.RaftServerConfigKeys (ConfUtils.java:logGet(46)) - raft.server.rpc.sleep.time = 25ms (default)
2022-10-13 11:44:17,838 [pool-264-thread-1] INFO  server.RaftServerConfigKeys (ConfUtils.java:logGet(46)) - raft.server.rpc.slowness.timeout = 300s (custom)
2022-10-13 11:44:17,838 [pool-264-thread-1] INFO  server.RaftServerConfigKeys (ConfUtils.java:logGet(46)) - raft.server.leaderelection.leader.step-down.wait-time = 10s (default)
2022-10-13 11:44:17,838 [pool-264-thread-1] INFO  server.RaftServerConfigKeys (ConfUtils.java:logGet(46)) - raft.server.sleep.deviation.threshold = 300ms (default)
2022-10-13 11:44:17,838 [pool-264-thread-1] INFO  server.RaftServer$Division (ServerState.java:<init>(107)) - febd5d2c-72de-44b7-b010-e5e9acc30848@group-CA13F6D37BB1: ConfigurationManager, init=-1: [febd5d2c-72de-44b7-b010-e5e9acc30848|rpc:10.1.0.200:36903|dataStream:|priority:0, 8f71354a-19e6-4be6-b89a-dd2f0292058a|rpc:10.1.0.200:41203|dataStream:|priority:0, 44dad4d2-9f73-4874-a36a-585ee387199d|rpc:10.1.0.200:32897|dataStream:|priority:1], old=null, confs=<EMPTY_MAP>
2022-10-13 11:44:17,838 [pool-264-thread-1] INFO  server.RaftServerConfigKeys (ConfUtils.java:logGet(46)) - raft.server.storage.dir = [/home/runner/work/ozone/ozone/hadoop-ozone/integration-test/target/test-dir/MiniOzoneClusterImpl-da935fb3-9ce5-49ab-a67c-f4b3beb884ab/datanode-8/data/ratis] (custom)
2022-10-13 11:44:17,838 [pool-264-thread-1] INFO  server.RaftServerConfigKeys (ConfUtils.java:logGet(46)) - raft.server.log.corruption.policy = EXCEPTION (default)
2022-10-13 11:44:17,838 [pool-264-thread-1] INFO  server.RaftServerConfigKeys (ConfUtils.java:logGet(46)) - raft.server.storage.free-space.min = 0MB (=0) (default)
2022-10-13 11:44:17,838 [pool-264-thread-1] INFO  storage.RaftStorageDirectory (RaftStorageDirectoryImpl.java:analyzeStorage(135)) - The storage directory /home/runner/work/ozone/ozone/hadoop-ozone/integration-test/target/test-dir/MiniOzoneClusterImpl-da935fb3-9ce5-49ab-a67c-f4b3beb884ab/datanode-8/data/ratis/1aca8241-d5fd-4b22-9dcd-ca13f6d37bb1 does not exist. Creating ...
2022-10-13 11:44:17,839 [pool-264-thread-1] INFO  storage.RaftStorageDirectory (RaftStorageDirectoryImpl.java:tryLock(230)) - Lock on /home/runner/work/ozone/ozone/hadoop-ozone/integration-test/target/test-dir/MiniOzoneClusterImpl-da935fb3-9ce5-49ab-a67c-f4b3beb884ab/datanode-8/data/ratis/1aca8241-d5fd-4b22-9dcd-ca13f6d37bb1/in_use.lock acquired by nodename 27914@fv-az91-750
2022-10-13 11:44:17,841 [pool-264-thread-1] INFO  storage.RaftStorage (RaftStorageImpl.java:format(89)) - Storage directory /home/runner/work/ozone/ozone/hadoop-ozone/integration-test/target/test-dir/MiniOzoneClusterImpl-da935fb3-9ce5-49ab-a67c-f4b3beb884ab/datanode-8/data/ratis/1aca8241-d5fd-4b22-9dcd-ca13f6d37bb1 has been successfully formatted.
2022-10-13 11:44:17,841 [pool-264-thread-1] INFO  ratis.ContainerStateMachine (ContainerStateMachine.java:loadSnapshot(236)) - group-CA13F6D37BB1: The snapshot info is null. Setting the last applied indexto:(t:0, i:~)
2022-10-13 11:44:17,841 [pool-264-thread-1] INFO  server.RaftServerConfigKeys (ConfUtils.java:logGet(46)) - raft.server.notification.no-leader.timeout = 300s (custom)
2022-10-13 11:44:17,841 [pool-264-thread-1] INFO  server.RaftServerConfigKeys (ConfUtils.java:logGet(46)) - raft.server.log.use.memory = false (default)
2022-10-13 11:44:17,841 [pool-264-thread-1] INFO  server.RaftServerConfigKeys (ConfUtils.java:logGet(46)) - raft.server.log.purge.gap = 1000000 (custom)
2022-10-13 11:44:17,842 [pool-264-thread-1] INFO  server.RaftServerConfigKeys (ConfUtils.java:logGet(46)) - raft.server.log.appender.buffer.byte-limit = 33554432 (custom)
2022-10-13 11:44:17,842 [pool-264-thread-1] INFO  server.RaftServerConfigKeys (ConfUtils.java:logGet(46)) - raft.server.log.statemachine.data.read.timeout = 1000ms (default)
2022-10-13 11:44:17,842 [pool-264-thread-1] INFO  server.RaftServerConfigKeys (ConfUtils.java:logGet(46)) - raft.server.log.segment.size.max = 1048576 (custom)
2022-10-13 11:44:17,843 [pool-264-thread-1] INFO  server.RaftServerConfigKeys (ConfUtils.java:logGet(46)) - raft.server.log.segment.cache.num.max = 2 (custom)
2022-10-13 11:44:17,843 [pool-264-thread-1] INFO  server.RaftServerConfigKeys (ConfUtils.java:logGet(46)) - raft.server.log.segment.cache.size.max = 200MB (=209715200) (default)
2022-10-13 11:44:17,843 [pool-264-thread-1] INFO  segmented.SegmentedRaftLogWorker (SegmentedRaftLogWorker.java:<init>(187)) - new febd5d2c-72de-44b7-b010-e5e9acc30848@group-CA13F6D37BB1-SegmentedRaftLogWorker for RaftStorageImpl:Storage Directory /home/runner/work/ozone/ozone/hadoop-ozone/integration-test/target/test-dir/MiniOzoneClusterImpl-da935fb3-9ce5-49ab-a67c-f4b3beb884ab/datanode-8/data/ratis/1aca8241-d5fd-4b22-9dcd-ca13f6d37bb1
2022-10-13 11:44:17,845 [pool-264-thread-1] INFO  server.RaftServerConfigKeys (ConfUtils.java:logGet(46)) - raft.server.log.queue.byte-limit = 4294967296 (custom)
2022-10-13 11:44:17,845 [pool-264-thread-1] INFO  server.RaftServerConfigKeys (ConfUtils.java:logGet(46)) - raft.server.log.queue.element-limit = 1024 (custom)
2022-10-13 11:44:17,845 [pool-264-thread-1] INFO  server.RaftServerConfigKeys (ConfUtils.java:logGet(46)) - raft.server.log.segment.size.max = 1048576 (custom)
2022-10-13 11:44:17,845 [pool-264-thread-1] INFO  server.RaftServerConfigKeys (ConfUtils.java:logGet(46)) - raft.server.log.preallocated.size = 16384 (custom)
2022-10-13 11:44:17,845 [pool-264-thread-1] INFO  server.RaftServerConfigKeys (ConfUtils.java:logGet(46)) - raft.server.log.force.sync.num = 128 (default)
2022-10-13 11:44:17,845 [pool-264-thread-1] INFO  server.RaftServerConfigKeys (ConfUtils.java:logGet(46)) - raft.server.log.statemachine.data.sync = true (default)
2022-10-13 11:44:17,845 [pool-264-thread-1] INFO  server.RaftServerConfigKeys (ConfUtils.java:logGet(46)) - raft.server.log.statemachine.data.sync.timeout = 10s (default)
2022-10-13 11:44:17,845 [pool-264-thread-1] INFO  server.RaftServerConfigKeys (ConfUtils.java:logGet(46)) - raft.server.log.statemachine.data.sync.timeout.retry = -1 (default)
2022-10-13 11:44:17,846 [pool-264-thread-1] INFO  server.RaftServerConfigKeys (ConfUtils.java:logGet(46)) - raft.server.log.write.buffer.size = 1048576 (custom)
2022-10-13 11:44:17,847 [pool-264-thread-1] INFO  server.RaftServerConfigKeys (ConfUtils.java:logGet(46)) - raft.server.log.unsafe-flush.enabled = false (default)
2022-10-13 11:44:17,847 [pool-264-thread-1] INFO  server.RaftServerConfigKeys (ConfUtils.java:logGet(46)) - raft.server.log.statemachine.data.caching.enabled = true (custom)
2022-10-13 11:44:17,847 [pool-264-thread-1] INFO  segmented.SegmentedRaftLogWorker (SegmentedRaftLogWorker.java:lambda$new$0(135)) - febd5d2c-72de-44b7-b010-e5e9acc30848@group-CA13F6D37BB1-SegmentedRaftLogWorker: flushIndex: setUnconditionally 0 -> -1
2022-10-13 11:44:17,847 [pool-264-thread-1] INFO  segmented.SegmentedRaftLogWorker (SegmentedRaftLogWorker.java:lambda$new$0(135)) - febd5d2c-72de-44b7-b010-e5e9acc30848@group-CA13F6D37BB1-SegmentedRaftLogWorker: safeCacheEvictIndex: setUnconditionally 0 -> -1
2022-10-13 11:44:17,847 [pool-264-thread-1] INFO  server.RaftServerConfigKeys (ConfUtils.java:logGet(46)) - raft.server.snapshot.auto.trigger.enabled = true (custom)
2022-10-13 11:44:17,847 [pool-264-thread-1] INFO  server.RaftServerConfigKeys (ConfUtils.java:logGet(46)) - raft.server.snapshot.auto.trigger.threshold = 10000 (custom)
2022-10-13 11:44:17,847 [pool-264-thread-1] INFO  server.RaftServerConfigKeys (ConfUtils.java:logGet(46)) - raft.server.snapshot.retention.file.num = 5 (custom)
2022-10-13 11:44:17,847 [pool-264-thread-1] INFO  server.RaftServerConfigKeys (ConfUtils.java:logGet(46)) - raft.server.log.purge.upto.snapshot.index = false (default)
2022-10-13 11:44:17,847 [pool-264-thread-1] INFO  server.RaftServerConfigKeys (ConfUtils.java:logGet(46)) - raft.server.retrycache.expirytime = 600000ms (custom)
2022-10-13 11:44:17,847 [pool-264-thread-1] INFO  server.RaftServerConfigKeys (ConfUtils.java:logGet(46)) - raft.server.retrycache.statistics.expirytime = 100μs (default)
2022-10-13 11:44:17,850 [pool-264-thread-1] INFO  server.RaftServerConfigKeys (ConfUtils.java:logGet(46)) - raft.server.log.appender.install.snapshot.enabled = false (custom)
2022-10-13 11:44:17,850 [pool-264-thread-1] INFO  server.RaftServerConfigKeys (ConfUtils.java:logGet(46)) - raft.server.threadpool.server.cached = true (default)
2022-10-13 11:44:17,850 [pool-264-thread-1] INFO  server.RaftServerConfigKeys (ConfUtils.java:logGet(46)) - raft.server.threadpool.server.size = 0 (default)
2022-10-13 11:44:17,850 [pool-264-thread-1] INFO  server.RaftServerConfigKeys (ConfUtils.java:logGet(46)) - raft.server.threadpool.client.cached = true (default)
2022-10-13 11:44:17,850 [pool-264-thread-1] INFO  server.RaftServerConfigKeys (ConfUtils.java:logGet(46)) - raft.server.threadpool.client.size = 0 (default)
2022-10-13 11:44:17,850 [pool-264-thread-1] INFO  server.RaftServer$Division (RaftServerImpl.java:start(310)) - febd5d2c-72de-44b7-b010-e5e9acc30848@group-CA13F6D37BB1: start as a follower, conf=-1: [febd5d2c-72de-44b7-b010-e5e9acc30848|rpc:10.1.0.200:36903|dataStream:|priority:0, 8f71354a-19e6-4be6-b89a-dd2f0292058a|rpc:10.1.0.200:41203|dataStream:|priority:0, 44dad4d2-9f73-4874-a36a-585ee387199d|rpc:10.1.0.200:32897|dataStream:|priority:1], old=null
2022-10-13 11:44:17,850 [pool-264-thread-1] INFO  server.RaftServer$Division (RaftServerImpl.java:setRole(299)) - febd5d2c-72de-44b7-b010-e5e9acc30848@group-CA13F6D37BB1: changes role from      null to FOLLOWER at term 0 for startAsFollower
2022-10-13 11:44:17,850 [pool-264-thread-1] INFO  impl.RoleInfo (RoleInfo.java:updateAndGet(139)) - febd5d2c-72de-44b7-b010-e5e9acc30848: start febd5d2c-72de-44b7-b010-e5e9acc30848@group-CA13F6D37BB1-FollowerState
2022-10-13 11:44:17,853 [pool-264-thread-1] INFO  util.JmxRegister (JmxRegister.java:tryRegister(44)) - Successfully registered JMX Bean with object name Ratis:service=RaftServer,group=group-CA13F6D37BB1,id=febd5d2c-72de-44b7-b010-e5e9acc30848
2022-10-13 11:44:17,874 [grpc-default-executor-1] INFO  server.RaftServer (RaftServerProxy.java:addNew(96)) - 8f71354a-19e6-4be6-b89a-dd2f0292058a: addNew group-CA13F6D37BB1:[febd5d2c-72de-44b7-b010-e5e9acc30848|rpc:10.1.0.200:36903|dataStream:|priority:0, 8f71354a-19e6-4be6-b89a-dd2f0292058a|rpc:10.1.0.200:41203|dataStream:|priority:0, 44dad4d2-9f73-4874-a36a-585ee387199d|rpc:10.1.0.200:32897|dataStream:|priority:1] returns group-CA13F6D37BB1:java.util.concurrent.CompletableFuture@537edbc2[Not completed]
2022-10-13 11:44:17,875 [pool-237-thread-1] INFO  server.RaftServer$Division (RaftServerImpl.java:<init>(190)) - 8f71354a-19e6-4be6-b89a-dd2f0292058a: new RaftServerImpl for group-CA13F6D37BB1:[febd5d2c-72de-44b7-b010-e5e9acc30848|rpc:10.1.0.200:36903|dataStream:|priority:0, 8f71354a-19e6-4be6-b89a-dd2f0292058a|rpc:10.1.0.200:41203|dataStream:|priority:0, 44dad4d2-9f73-4874-a36a-585ee387199d|rpc:10.1.0.200:32897|dataStream:|priority:1] with ContainerStateMachine:uninitialized
2022-10-13 11:44:17,876 [pool-237-thread-1] INFO  server.RaftServerConfigKeys (ConfUtils.java:logGet(46)) - raft.server.rpc.timeout.min = 5s (custom)
2022-10-13 11:44:17,876 [pool-237-thread-1] INFO  server.RaftServerConfigKeys (ConfUtils.java:logGet(46)) - raft.server.rpc.timeout.max = 5200ms (custom)
2022-10-13 11:44:17,876 [pool-237-thread-1] INFO  server.RaftServerConfigKeys (ConfUtils.java:logGet(46)) - raft.server.rpc.sleep.time = 25ms (default)
2022-10-13 11:44:17,876 [pool-237-thread-1] INFO  server.RaftServerConfigKeys (ConfUtils.java:logGet(46)) - raft.server.rpc.slowness.timeout = 300s (custom)
2022-10-13 11:44:17,876 [pool-237-thread-1] INFO  server.RaftServerConfigKeys (ConfUtils.java:logGet(46)) - raft.server.leaderelection.leader.step-down.wait-time = 10s (default)
2022-10-13 11:44:17,876 [pool-237-thread-1] INFO  server.RaftServerConfigKeys (ConfUtils.java:logGet(46)) - raft.server.sleep.deviation.threshold = 300ms (default)
2022-10-13 11:44:17,876 [pool-237-thread-1] INFO  server.RaftServer$Division (ServerState.java:<init>(107)) - 8f71354a-19e6-4be6-b89a-dd2f0292058a@group-CA13F6D37BB1: ConfigurationManager, init=-1: [febd5d2c-72de-44b7-b010-e5e9acc30848|rpc:10.1.0.200:36903|dataStream:|priority:0, 8f71354a-19e6-4be6-b89a-dd2f0292058a|rpc:10.1.0.200:41203|dataStream:|priority:0, 44dad4d2-9f73-4874-a36a-585ee387199d|rpc:10.1.0.200:32897|dataStream:|priority:1], old=null, confs=<EMPTY_MAP>
2022-10-13 11:44:17,876 [pool-237-thread-1] INFO  server.RaftServerConfigKeys (ConfUtils.java:logGet(46)) - raft.server.storage.dir = [/home/runner/work/ozone/ozone/hadoop-ozone/integration-test/target/test-dir/MiniOzoneClusterImpl-da935fb3-9ce5-49ab-a67c-f4b3beb884ab/datanode-7/data/ratis] (custom)
2022-10-13 11:44:17,876 [pool-237-thread-1] INFO  server.RaftServerConfigKeys (ConfUtils.java:logGet(46)) - raft.server.log.corruption.policy = EXCEPTION (default)
2022-10-13 11:44:17,876 [pool-237-thread-1] INFO  server.RaftServerConfigKeys (ConfUtils.java:logGet(46)) - raft.server.storage.free-space.min = 0MB (=0) (default)
2022-10-13 11:44:17,876 [pool-237-thread-1] INFO  storage.RaftStorageDirectory (RaftStorageDirectoryImpl.java:analyzeStorage(135)) - The storage directory /home/runner/work/ozone/ozone/hadoop-ozone/integration-test/target/test-dir/MiniOzoneClusterImpl-da935fb3-9ce5-49ab-a67c-f4b3beb884ab/datanode-7/data/ratis/1aca8241-d5fd-4b22-9dcd-ca13f6d37bb1 does not exist. Creating ...
2022-10-13 11:44:17,877 [pool-237-thread-1] INFO  storage.RaftStorageDirectory (RaftStorageDirectoryImpl.java:tryLock(230)) - Lock on /home/runner/work/ozone/ozone/hadoop-ozone/integration-test/target/test-dir/MiniOzoneClusterImpl-da935fb3-9ce5-49ab-a67c-f4b3beb884ab/datanode-7/data/ratis/1aca8241-d5fd-4b22-9dcd-ca13f6d37bb1/in_use.lock acquired by nodename 27914@fv-az91-750
2022-10-13 11:44:17,878 [pool-237-thread-1] INFO  storage.RaftStorage (RaftStorageImpl.java:format(89)) - Storage directory /home/runner/work/ozone/ozone/hadoop-ozone/integration-test/target/test-dir/MiniOzoneClusterImpl-da935fb3-9ce5-49ab-a67c-f4b3beb884ab/datanode-7/data/ratis/1aca8241-d5fd-4b22-9dcd-ca13f6d37bb1 has been successfully formatted.
2022-10-13 11:44:17,879 [pool-237-thread-1] INFO  ratis.ContainerStateMachine (ContainerStateMachine.java:loadSnapshot(236)) - group-CA13F6D37BB1: The snapshot info is null. Setting the last applied indexto:(t:0, i:~)
2022-10-13 11:44:17,879 [pool-237-thread-1] INFO  server.RaftServerConfigKeys (ConfUtils.java:logGet(46)) - raft.server.notification.no-leader.timeout = 300s (custom)
2022-10-13 11:44:17,882 [pool-237-thread-1] INFO  server.RaftServerConfigKeys (ConfUtils.java:logGet(46)) - raft.server.log.use.memory = false (default)
2022-10-13 11:44:17,882 [pool-237-thread-1] INFO  server.RaftServerConfigKeys (ConfUtils.java:logGet(46)) - raft.server.log.purge.gap = 1000000 (custom)
2022-10-13 11:44:17,882 [pool-237-thread-1] INFO  server.RaftServerConfigKeys (ConfUtils.java:logGet(46)) - raft.server.log.appender.buffer.byte-limit = 33554432 (custom)
2022-10-13 11:44:17,882 [pool-237-thread-1] INFO  server.RaftServerConfigKeys (ConfUtils.java:logGet(46)) - raft.server.log.statemachine.data.read.timeout = 1000ms (default)
2022-10-13 11:44:17,882 [pool-237-thread-1] INFO  server.RaftServerConfigKeys (ConfUtils.java:logGet(46)) - raft.server.log.segment.size.max = 1048576 (custom)
2022-10-13 11:44:17,883 [pool-237-thread-1] INFO  server.RaftServerConfigKeys (ConfUtils.java:logGet(46)) - raft.server.log.segment.cache.num.max = 2 (custom)
2022-10-13 11:44:17,884 [pool-237-thread-1] INFO  server.RaftServerConfigKeys (ConfUtils.java:logGet(46)) - raft.server.log.segment.cache.size.max = 200MB (=209715200) (default)
2022-10-13 11:44:17,884 [pool-237-thread-1] INFO  segmented.SegmentedRaftLogWorker (SegmentedRaftLogWorker.java:<init>(187)) - new 8f71354a-19e6-4be6-b89a-dd2f0292058a@group-CA13F6D37BB1-SegmentedRaftLogWorker for RaftStorageImpl:Storage Directory /home/runner/work/ozone/ozone/hadoop-ozone/integration-test/target/test-dir/MiniOzoneClusterImpl-da935fb3-9ce5-49ab-a67c-f4b3beb884ab/datanode-7/data/ratis/1aca8241-d5fd-4b22-9dcd-ca13f6d37bb1
2022-10-13 11:44:17,884 [pool-237-thread-1] INFO  server.RaftServerConfigKeys (ConfUtils.java:logGet(46)) - raft.server.log.queue.byte-limit = 4294967296 (custom)
2022-10-13 11:44:17,884 [pool-237-thread-1] INFO  server.RaftServerConfigKeys (ConfUtils.java:logGet(46)) - raft.server.log.queue.element-limit = 1024 (custom)
2022-10-13 11:44:17,884 [pool-237-thread-1] INFO  server.RaftServerConfigKeys (ConfUtils.java:logGet(46)) - raft.server.log.segment.size.max = 1048576 (custom)
2022-10-13 11:44:17,884 [pool-237-thread-1] INFO  server.RaftServerConfigKeys (ConfUtils.java:logGet(46)) - raft.server.log.preallocated.size = 16384 (custom)
2022-10-13 11:44:17,884 [pool-237-thread-1] INFO  server.RaftServerConfigKeys (ConfUtils.java:logGet(46)) - raft.server.log.force.sync.num = 128 (default)
2022-10-13 11:44:17,884 [pool-237-thread-1] INFO  server.RaftServerConfigKeys (ConfUtils.java:logGet(46)) - raft.server.log.statemachine.data.sync = true (default)
2022-10-13 11:44:17,884 [pool-237-thread-1] INFO  server.RaftServerConfigKeys (ConfUtils.java:logGet(46)) - raft.server.log.statemachine.data.sync.timeout = 10s (default)
2022-10-13 11:44:17,884 [pool-237-thread-1] INFO  server.RaftServerConfigKeys (ConfUtils.java:logGet(46)) - raft.server.log.statemachine.data.sync.timeout.retry = -1 (default)
2022-10-13 11:44:17,885 [pool-237-thread-1] INFO  server.RaftServerConfigKeys (ConfUtils.java:logGet(46)) - raft.server.log.write.buffer.size = 1048576 (custom)
2022-10-13 11:44:17,886 [pool-237-thread-1] INFO  server.RaftServerConfigKeys (ConfUtils.java:logGet(46)) - raft.server.log.unsafe-flush.enabled = false (default)
2022-10-13 11:44:17,886 [pool-237-thread-1] INFO  server.RaftServerConfigKeys (ConfUtils.java:logGet(46)) - raft.server.log.statemachine.data.caching.enabled = true (custom)
2022-10-13 11:44:17,886 [pool-237-thread-1] INFO  segmented.SegmentedRaftLogWorker (SegmentedRaftLogWorker.java:lambda$new$0(135)) - 8f71354a-19e6-4be6-b89a-dd2f0292058a@group-CA13F6D37BB1-SegmentedRaftLogWorker: flushIndex: setUnconditionally 0 -> -1
2022-10-13 11:44:17,886 [pool-237-thread-1] INFO  segmented.SegmentedRaftLogWorker (SegmentedRaftLogWorker.java:lambda$new$0(135)) - 8f71354a-19e6-4be6-b89a-dd2f0292058a@group-CA13F6D37BB1-SegmentedRaftLogWorker: safeCacheEvictIndex: setUnconditionally 0 -> -1
2022-10-13 11:44:17,886 [pool-237-thread-1] INFO  server.RaftServerConfigKeys (ConfUtils.java:logGet(46)) - raft.server.snapshot.auto.trigger.enabled = true (custom)
2022-10-13 11:44:17,886 [pool-237-thread-1] INFO  server.RaftServerConfigKeys (ConfUtils.java:logGet(46)) - raft.server.snapshot.auto.trigger.threshold = 10000 (custom)
2022-10-13 11:44:17,886 [pool-237-thread-1] INFO  server.RaftServerConfigKeys (ConfUtils.java:logGet(46)) - raft.server.snapshot.retention.file.num = 5 (custom)
2022-10-13 11:44:17,886 [pool-237-thread-1] INFO  server.RaftServerConfigKeys (ConfUtils.java:logGet(46)) - raft.server.log.purge.upto.snapshot.index = false (default)
2022-10-13 11:44:17,886 [pool-237-thread-1] INFO  server.RaftServerConfigKeys (ConfUtils.java:logGet(46)) - raft.server.retrycache.expirytime = 600000ms (custom)
2022-10-13 11:44:17,886 [pool-237-thread-1] INFO  server.RaftServerConfigKeys (ConfUtils.java:logGet(46)) - raft.server.retrycache.statistics.expirytime = 100μs (default)
2022-10-13 11:44:17,887 [pool-237-thread-1] INFO  server.RaftServerConfigKeys (ConfUtils.java:logGet(46)) - raft.server.log.appender.install.snapshot.enabled = false (custom)
2022-10-13 11:44:17,887 [pool-237-thread-1] INFO  server.RaftServerConfigKeys (ConfUtils.java:logGet(46)) - raft.server.threadpool.server.cached = true (default)
2022-10-13 11:44:17,887 [pool-237-thread-1] INFO  server.RaftServerConfigKeys (ConfUtils.java:logGet(46)) - raft.server.threadpool.server.size = 0 (default)
2022-10-13 11:44:17,887 [pool-237-thread-1] INFO  server.RaftServerConfigKeys (ConfUtils.java:logGet(46)) - raft.server.threadpool.client.cached = true (default)
2022-10-13 11:44:17,887 [pool-237-thread-1] INFO  server.RaftServerConfigKeys (ConfUtils.java:logGet(46)) - raft.server.threadpool.client.size = 0 (default)
2022-10-13 11:44:17,887 [pool-237-thread-1] INFO  server.RaftServer$Division (RaftServerImpl.java:start(310)) - 8f71354a-19e6-4be6-b89a-dd2f0292058a@group-CA13F6D37BB1: start as a follower, conf=-1: [febd5d2c-72de-44b7-b010-e5e9acc30848|rpc:10.1.0.200:36903|dataStream:|priority:0, 8f71354a-19e6-4be6-b89a-dd2f0292058a|rpc:10.1.0.200:41203|dataStream:|priority:0, 44dad4d2-9f73-4874-a36a-585ee387199d|rpc:10.1.0.200:32897|dataStream:|priority:1], old=null
2022-10-13 11:44:17,888 [pool-237-thread-1] INFO  server.RaftServer$Division (RaftServerImpl.java:setRole(299)) - 8f71354a-19e6-4be6-b89a-dd2f0292058a@group-CA13F6D37BB1: changes role from      null to FOLLOWER at term 0 for startAsFollower
2022-10-13 11:44:17,888 [pool-237-thread-1] INFO  impl.RoleInfo (RoleInfo.java:updateAndGet(139)) - 8f71354a-19e6-4be6-b89a-dd2f0292058a: start 8f71354a-19e6-4be6-b89a-dd2f0292058a@group-CA13F6D37BB1-FollowerState
2022-10-13 11:44:17,889 [pool-237-thread-1] INFO  util.JmxRegister (JmxRegister.java:tryRegister(44)) - Successfully registered JMX Bean with object name Ratis:service=RaftServer,group=group-CA13F6D37BB1,id=8f71354a-19e6-4be6-b89a-dd2f0292058a
2022-10-13 11:44:17,903 [Command processor thread] INFO  commandhandler.CreatePipelineCommandHandler (CreatePipelineCommandHandler.java:handle(113)) - Created Pipeline RATIS THREE PipelineID=1aca8241-d5fd-4b22-9dcd-ca13f6d37bb1.
2022-10-13 11:44:17,904 [Command processor thread] INFO  server.RaftServer (RaftServerProxy.java:addNew(96)) - 44dad4d2-9f73-4874-a36a-585ee387199d: addNew group-84E26D0679BC:[febd5d2c-72de-44b7-b010-e5e9acc30848|rpc:10.1.0.200:36903|priority:0, 8f71354a-19e6-4be6-b89a-dd2f0292058a|rpc:10.1.0.200:41203|priority:1, 44dad4d2-9f73-4874-a36a-585ee387199d|rpc:10.1.0.200:32897|priority:0] returns group-84E26D0679BC:java.util.concurrent.CompletableFuture@32bd7675[Not completed]
2022-10-13 11:44:17,905 [pool-210-thread-1] INFO  server.RaftServer$Division (RaftServerImpl.java:<init>(190)) - 44dad4d2-9f73-4874-a36a-585ee387199d: new RaftServerImpl for group-84E26D0679BC:[febd5d2c-72de-44b7-b010-e5e9acc30848|rpc:10.1.0.200:36903|priority:0, 8f71354a-19e6-4be6-b89a-dd2f0292058a|rpc:10.1.0.200:41203|priority:1, 44dad4d2-9f73-4874-a36a-585ee387199d|rpc:10.1.0.200:32897|priority:0] with ContainerStateMachine:uninitialized
2022-10-13 11:44:17,905 [pool-210-thread-1] INFO  server.RaftServerConfigKeys (ConfUtils.java:logGet(46)) - raft.server.rpc.timeout.min = 5s (custom)
2022-10-13 11:44:17,905 [pool-210-thread-1] INFO  server.RaftServerConfigKeys (ConfUtils.java:logGet(46)) - raft.server.rpc.timeout.max = 5200ms (custom)
2022-10-13 11:44:17,905 [pool-210-thread-1] INFO  server.RaftServerConfigKeys (ConfUtils.java:logGet(46)) - raft.server.rpc.sleep.time = 25ms (default)
2022-10-13 11:44:17,905 [pool-210-thread-1] INFO  server.RaftServerConfigKeys (ConfUtils.java:logGet(46)) - raft.server.rpc.slowness.timeout = 300s (custom)
2022-10-13 11:44:17,905 [pool-210-thread-1] INFO  server.RaftServerConfigKeys (ConfUtils.java:logGet(46)) - raft.server.leaderelection.leader.step-down.wait-time = 10s (default)
2022-10-13 11:44:17,905 [pool-210-thread-1] INFO  server.RaftServerConfigKeys (ConfUtils.java:logGet(46)) - raft.server.sleep.deviation.threshold = 300ms (default)
2022-10-13 11:44:17,905 [pool-210-thread-1] INFO  server.RaftServer$Division (ServerState.java:<init>(107)) - 44dad4d2-9f73-4874-a36a-585ee387199d@group-84E26D0679BC: ConfigurationManager, init=-1: [febd5d2c-72de-44b7-b010-e5e9acc30848|rpc:10.1.0.200:36903|priority:0, 8f71354a-19e6-4be6-b89a-dd2f0292058a|rpc:10.1.0.200:41203|priority:1, 44dad4d2-9f73-4874-a36a-585ee387199d|rpc:10.1.0.200:32897|priority:0], old=null, confs=<EMPTY_MAP>
2022-10-13 11:44:17,905 [pool-210-thread-1] INFO  server.RaftServerConfigKeys (ConfUtils.java:logGet(46)) - raft.server.storage.dir = [/home/runner/work/ozone/ozone/hadoop-ozone/integration-test/target/test-dir/MiniOzoneClusterImpl-da935fb3-9ce5-49ab-a67c-f4b3beb884ab/datanode-6/data/ratis] (custom)
2022-10-13 11:44:17,905 [pool-210-thread-1] INFO  server.RaftServerConfigKeys (ConfUtils.java:logGet(46)) - raft.server.log.corruption.policy = EXCEPTION (default)
2022-10-13 11:44:17,905 [pool-210-thread-1] INFO  server.RaftServerConfigKeys (ConfUtils.java:logGet(46)) - raft.server.storage.free-space.min = 0MB (=0) (default)
2022-10-13 11:44:17,906 [pool-210-thread-1] INFO  storage.RaftStorageDirectory (RaftStorageDirectoryImpl.java:analyzeStorage(135)) - The storage directory /home/runner/work/ozone/ozone/hadoop-ozone/integration-test/target/test-dir/MiniOzoneClusterImpl-da935fb3-9ce5-49ab-a67c-f4b3beb884ab/datanode-6/data/ratis/bee47cf9-45fa-4274-95f6-84e26d0679bc does not exist. Creating ...
2022-10-13 11:44:17,908 [pool-210-thread-1] INFO  storage.RaftStorageDirectory (RaftStorageDirectoryImpl.java:tryLock(230)) - Lock on /home/runner/work/ozone/ozone/hadoop-ozone/integration-test/target/test-dir/MiniOzoneClusterImpl-da935fb3-9ce5-49ab-a67c-f4b3beb884ab/datanode-6/data/ratis/bee47cf9-45fa-4274-95f6-84e26d0679bc/in_use.lock acquired by nodename 27914@fv-az91-750
2022-10-13 11:44:17,909 [pool-210-thread-1] INFO  storage.RaftStorage (RaftStorageImpl.java:format(89)) - Storage directory /home/runner/work/ozone/ozone/hadoop-ozone/integration-test/target/test-dir/MiniOzoneClusterImpl-da935fb3-9ce5-49ab-a67c-f4b3beb884ab/datanode-6/data/ratis/bee47cf9-45fa-4274-95f6-84e26d0679bc has been successfully formatted.
2022-10-13 11:44:17,909 [pool-210-thread-1] INFO  ratis.ContainerStateMachine (ContainerStateMachine.java:loadSnapshot(236)) - group-84E26D0679BC: The snapshot info is null. Setting the last applied indexto:(t:0, i:~)
2022-10-13 11:44:17,909 [pool-210-thread-1] INFO  server.RaftServerConfigKeys (ConfUtils.java:logGet(46)) - raft.server.notification.no-leader.timeout = 300s (custom)
2022-10-13 11:44:17,909 [pool-210-thread-1] INFO  server.RaftServerConfigKeys (ConfUtils.java:logGet(46)) - raft.server.log.use.memory = false (default)
2022-10-13 11:44:17,909 [pool-210-thread-1] INFO  server.RaftServerConfigKeys (ConfUtils.java:logGet(46)) - raft.server.log.purge.gap = 1000000 (custom)
2022-10-13 11:44:17,909 [pool-210-thread-1] INFO  server.RaftServerConfigKeys (ConfUtils.java:logGet(46)) - raft.server.log.appender.buffer.byte-limit = 33554432 (custom)
2022-10-13 11:44:17,909 [pool-210-thread-1] INFO  server.RaftServerConfigKeys (ConfUtils.java:logGet(46)) - raft.server.log.statemachine.data.read.timeout = 1000ms (default)
2022-10-13 11:44:17,909 [pool-210-thread-1] INFO  server.RaftServerConfigKeys (ConfUtils.java:logGet(46)) - raft.server.log.segment.size.max = 1048576 (custom)
2022-10-13 11:44:17,910 [pool-210-thread-1] INFO  server.RaftServerConfigKeys (ConfUtils.java:logGet(46)) - raft.server.log.segment.cache.num.max = 2 (custom)
2022-10-13 11:44:17,910 [pool-210-thread-1] INFO  server.RaftServerConfigKeys (ConfUtils.java:logGet(46)) - raft.server.log.segment.cache.size.max = 200MB (=209715200) (default)
2022-10-13 11:44:17,910 [pool-210-thread-1] INFO  segmented.SegmentedRaftLogWorker (SegmentedRaftLogWorker.java:<init>(187)) - new 44dad4d2-9f73-4874-a36a-585ee387199d@group-84E26D0679BC-SegmentedRaftLogWorker for RaftStorageImpl:Storage Directory /home/runner/work/ozone/ozone/hadoop-ozone/integration-test/target/test-dir/MiniOzoneClusterImpl-da935fb3-9ce5-49ab-a67c-f4b3beb884ab/datanode-6/data/ratis/bee47cf9-45fa-4274-95f6-84e26d0679bc
2022-10-13 11:44:17,910 [pool-210-thread-1] INFO  server.RaftServerConfigKeys (ConfUtils.java:logGet(46)) - raft.server.log.queue.byte-limit = 4294967296 (custom)
2022-10-13 11:44:17,910 [pool-210-thread-1] INFO  server.RaftServerConfigKeys (ConfUtils.java:logGet(46)) - raft.server.log.queue.element-limit = 1024 (custom)
2022-10-13 11:44:17,910 [pool-210-thread-1] INFO  server.RaftServerConfigKeys (ConfUtils.java:logGet(46)) - raft.server.log.segment.size.max = 1048576 (custom)
2022-10-13 11:44:17,910 [pool-210-thread-1] INFO  server.RaftServerConfigKeys (ConfUtils.java:logGet(46)) - raft.server.log.preallocated.size = 16384 (custom)
2022-10-13 11:44:17,910 [pool-210-thread-1] INFO  server.RaftServerConfigKeys (ConfUtils.java:logGet(46)) - raft.server.log.force.sync.num = 128 (default)
2022-10-13 11:44:17,910 [pool-210-thread-1] INFO  server.RaftServerConfigKeys (ConfUtils.java:logGet(46)) - raft.server.log.statemachine.data.sync = true (default)
2022-10-13 11:44:17,910 [pool-210-thread-1] INFO  server.RaftServerConfigKeys (ConfUtils.java:logGet(46)) - raft.server.log.statemachine.data.sync.timeout = 10s (default)
2022-10-13 11:44:17,910 [pool-210-thread-1] INFO  server.RaftServerConfigKeys (ConfUtils.java:logGet(46)) - raft.server.log.statemachine.data.sync.timeout.retry = -1 (default)
2022-10-13 11:44:17,910 [EventQueue-OpenPipelineForHealthyPipelineSafeModeRule] INFO  safemode.SCMSafeModeManager (HealthyPipelineSafeModeRule.java:process(137)) - SCM in safe mode. Healthy pipelines reported count is 0, required healthy pipeline reported count is 1
2022-10-13 11:44:17,911 [pool-210-thread-1] INFO  server.RaftServerConfigKeys (ConfUtils.java:logGet(46)) - raft.server.log.write.buffer.size = 1048576 (custom)
2022-10-13 11:44:17,912 [pool-210-thread-1] INFO  server.RaftServerConfigKeys (ConfUtils.java:logGet(46)) - raft.server.log.unsafe-flush.enabled = false (default)
2022-10-13 11:44:17,912 [pool-210-thread-1] INFO  server.RaftServerConfigKeys (ConfUtils.java:logGet(46)) - raft.server.log.statemachine.data.caching.enabled = true (custom)
2022-10-13 11:44:17,912 [pool-210-thread-1] INFO  segmented.SegmentedRaftLogWorker (SegmentedRaftLogWorker.java:lambda$new$0(135)) - 44dad4d2-9f73-4874-a36a-585ee387199d@group-84E26D0679BC-SegmentedRaftLogWorker: flushIndex: setUnconditionally 0 -> -1
2022-10-13 11:44:17,912 [pool-210-thread-1] INFO  segmented.SegmentedRaftLogWorker (SegmentedRaftLogWorker.java:lambda$new$0(135)) - 44dad4d2-9f73-4874-a36a-585ee387199d@group-84E26D0679BC-SegmentedRaftLogWorker: safeCacheEvictIndex: setUnconditionally 0 -> -1
2022-10-13 11:44:17,912 [pool-210-thread-1] INFO  server.RaftServerConfigKeys (ConfUtils.java:logGet(46)) - raft.server.snapshot.auto.trigger.enabled = true (custom)
2022-10-13 11:44:17,912 [pool-210-thread-1] INFO  server.RaftServerConfigKeys (ConfUtils.java:logGet(46)) - raft.server.snapshot.auto.trigger.threshold = 10000 (custom)
2022-10-13 11:44:17,912 [pool-210-thread-1] INFO  server.RaftServerConfigKeys (ConfUtils.java:logGet(46)) - raft.server.snapshot.retention.file.num = 5 (custom)
2022-10-13 11:44:17,912 [pool-210-thread-1] INFO  server.RaftServerConfigKeys (ConfUtils.java:logGet(46)) - raft.server.log.purge.upto.snapshot.index = false (default)
2022-10-13 11:44:17,913 [pool-210-thread-1] INFO  server.RaftServerConfigKeys (ConfUtils.java:logGet(46)) - raft.server.retrycache.expirytime = 600000ms (custom)
2022-10-13 11:44:17,913 [pool-210-thread-1] INFO  server.RaftServerConfigKeys (ConfUtils.java:logGet(46)) - raft.server.retrycache.statistics.expirytime = 100μs (default)
2022-10-13 11:44:17,913 [pool-210-thread-1] INFO  server.RaftServerConfigKeys (ConfUtils.java:logGet(46)) - raft.server.log.appender.install.snapshot.enabled = false (custom)
2022-10-13 11:44:17,914 [pool-210-thread-1] INFO  server.RaftServerConfigKeys (ConfUtils.java:logGet(46)) - raft.server.threadpool.server.cached = true (default)
2022-10-13 11:44:17,914 [pool-210-thread-1] INFO  server.RaftServerConfigKeys (ConfUtils.java:logGet(46)) - raft.server.threadpool.server.size = 0 (default)
2022-10-13 11:44:17,914 [pool-210-thread-1] INFO  server.RaftServerConfigKeys (ConfUtils.java:logGet(46)) - raft.server.threadpool.client.cached = true (default)
2022-10-13 11:44:17,914 [pool-210-thread-1] INFO  server.RaftServerConfigKeys (ConfUtils.java:logGet(46)) - raft.server.threadpool.client.size = 0 (default)
2022-10-13 11:44:17,914 [pool-210-thread-1] INFO  server.RaftServer$Division (RaftServerImpl.java:start(310)) - 44dad4d2-9f73-4874-a36a-585ee387199d@group-84E26D0679BC: start as a follower, conf=-1: [febd5d2c-72de-44b7-b010-e5e9acc30848|rpc:10.1.0.200:36903|priority:0, 8f71354a-19e6-4be6-b89a-dd2f0292058a|rpc:10.1.0.200:41203|priority:1, 44dad4d2-9f73-4874-a36a-585ee387199d|rpc:10.1.0.200:32897|priority:0], old=null
2022-10-13 11:44:17,915 [pool-210-thread-1] INFO  server.RaftServer$Division (RaftServerImpl.java:setRole(299)) - 44dad4d2-9f73-4874-a36a-585ee387199d@group-84E26D0679BC: changes role from      null to FOLLOWER at term 0 for startAsFollower
2022-10-13 11:44:17,915 [pool-210-thread-1] INFO  impl.RoleInfo (RoleInfo.java:updateAndGet(139)) - 44dad4d2-9f73-4874-a36a-585ee387199d: start 44dad4d2-9f73-4874-a36a-585ee387199d@group-84E26D0679BC-FollowerState
2022-10-13 11:44:17,915 [pool-210-thread-1] INFO  util.JmxRegister (JmxRegister.java:tryRegister(44)) - Successfully registered JMX Bean with object name Ratis:service=RaftServer,group=group-84E26D0679BC,id=44dad4d2-9f73-4874-a36a-585ee387199d
2022-10-13 11:44:17,918 [Command processor thread] INFO  ratis.XceiverServerRatis (XceiverServerRatis.java:addGroup(765)) - Created group PipelineID=bee47cf9-45fa-4274-95f6-84e26d0679bc
2022-10-13 11:44:17,930 [grpc-default-executor-1] INFO  server.RaftServer (RaftServerProxy.java:addNew(96)) - 8f71354a-19e6-4be6-b89a-dd2f0292058a: addNew group-84E26D0679BC:[febd5d2c-72de-44b7-b010-e5e9acc30848|rpc:10.1.0.200:36903|dataStream:|priority:0, 8f71354a-19e6-4be6-b89a-dd2f0292058a|rpc:10.1.0.200:41203|dataStream:|priority:1, 44dad4d2-9f73-4874-a36a-585ee387199d|rpc:10.1.0.200:32897|dataStream:|priority:0] returns group-84E26D0679BC:java.util.concurrent.CompletableFuture@7cc23ca2[Not completed]
2022-10-13 11:44:17,931 [pool-237-thread-1] INFO  server.RaftServer$Division (RaftServerImpl.java:<init>(190)) - 8f71354a-19e6-4be6-b89a-dd2f0292058a: new RaftServerImpl for group-84E26D0679BC:[febd5d2c-72de-44b7-b010-e5e9acc30848|rpc:10.1.0.200:36903|dataStream:|priority:0, 8f71354a-19e6-4be6-b89a-dd2f0292058a|rpc:10.1.0.200:41203|dataStream:|priority:1, 44dad4d2-9f73-4874-a36a-585ee387199d|rpc:10.1.0.200:32897|dataStream:|priority:0] with ContainerStateMachine:uninitialized
2022-10-13 11:44:17,931 [pool-237-thread-1] INFO  server.RaftServerConfigKeys (ConfUtils.java:logGet(46)) - raft.server.rpc.timeout.min = 5s (custom)
2022-10-13 11:44:17,931 [pool-237-thread-1] INFO  server.RaftServerConfigKeys (ConfUtils.java:logGet(46)) - raft.server.rpc.timeout.max = 5200ms (custom)
2022-10-13 11:44:17,931 [pool-237-thread-1] INFO  server.RaftServerConfigKeys (ConfUtils.java:logGet(46)) - raft.server.rpc.sleep.time = 25ms (default)
2022-10-13 11:44:17,931 [pool-237-thread-1] INFO  server.RaftServerConfigKeys (ConfUtils.java:logGet(46)) - raft.server.rpc.slowness.timeout = 300s (custom)
2022-10-13 11:44:17,931 [pool-237-thread-1] INFO  server.RaftServerConfigKeys (ConfUtils.java:logGet(46)) - raft.server.leaderelection.leader.step-down.wait-time = 10s (default)
2022-10-13 11:44:17,931 [pool-237-thread-1] INFO  server.RaftServerConfigKeys (ConfUtils.java:logGet(46)) - raft.server.sleep.deviation.threshold = 300ms (default)
2022-10-13 11:44:17,931 [pool-237-thread-1] INFO  server.RaftServer$Division (ServerState.java:<init>(107)) - 8f71354a-19e6-4be6-b89a-dd2f0292058a@group-84E26D0679BC: ConfigurationManager, init=-1: [febd5d2c-72de-44b7-b010-e5e9acc30848|rpc:10.1.0.200:36903|dataStream:|priority:0, 8f71354a-19e6-4be6-b89a-dd2f0292058a|rpc:10.1.0.200:41203|dataStream:|priority:1, 44dad4d2-9f73-4874-a36a-585ee387199d|rpc:10.1.0.200:32897|dataStream:|priority:0], old=null, confs=<EMPTY_MAP>
2022-10-13 11:44:17,931 [pool-237-thread-1] INFO  server.RaftServerConfigKeys (ConfUtils.java:logGet(46)) - raft.server.storage.dir = [/home/runner/work/ozone/ozone/hadoop-ozone/integration-test/target/test-dir/MiniOzoneClusterImpl-da935fb3-9ce5-49ab-a67c-f4b3beb884ab/datanode-7/data/ratis] (custom)
2022-10-13 11:44:17,931 [pool-237-thread-1] INFO  server.RaftServerConfigKeys (ConfUtils.java:logGet(46)) - raft.server.log.corruption.policy = EXCEPTION (default)
2022-10-13 11:44:17,931 [pool-237-thread-1] INFO  server.RaftServerConfigKeys (ConfUtils.java:logGet(46)) - raft.server.storage.free-space.min = 0MB (=0) (default)
2022-10-13 11:44:17,932 [pool-237-thread-1] INFO  storage.RaftStorageDirectory (RaftStorageDirectoryImpl.java:analyzeStorage(135)) - The storage directory /home/runner/work/ozone/ozone/hadoop-ozone/integration-test/target/test-dir/MiniOzoneClusterImpl-da935fb3-9ce5-49ab-a67c-f4b3beb884ab/datanode-7/data/ratis/bee47cf9-45fa-4274-95f6-84e26d0679bc does not exist. Creating ...
2022-10-13 11:44:17,933 [pool-237-thread-1] INFO  storage.RaftStorageDirectory (RaftStorageDirectoryImpl.java:tryLock(230)) - Lock on /home/runner/work/ozone/ozone/hadoop-ozone/integration-test/target/test-dir/MiniOzoneClusterImpl-da935fb3-9ce5-49ab-a67c-f4b3beb884ab/datanode-7/data/ratis/bee47cf9-45fa-4274-95f6-84e26d0679bc/in_use.lock acquired by nodename 27914@fv-az91-750
2022-10-13 11:44:17,934 [pool-237-thread-1] INFO  storage.RaftStorage (RaftStorageImpl.java:format(89)) - Storage directory /home/runner/work/ozone/ozone/hadoop-ozone/integration-test/target/test-dir/MiniOzoneClusterImpl-da935fb3-9ce5-49ab-a67c-f4b3beb884ab/datanode-7/data/ratis/bee47cf9-45fa-4274-95f6-84e26d0679bc has been successfully formatted.
2022-10-13 11:44:17,935 [pool-237-thread-1] INFO  ratis.ContainerStateMachine (ContainerStateMachine.java:loadSnapshot(236)) - group-84E26D0679BC: The snapshot info is null. Setting the last applied indexto:(t:0, i:~)
2022-10-13 11:44:17,935 [pool-237-thread-1] INFO  server.RaftServerConfigKeys (ConfUtils.java:logGet(46)) - raft.server.notification.no-leader.timeout = 300s (custom)
2022-10-13 11:44:17,935 [pool-237-thread-1] INFO  server.RaftServerConfigKeys (ConfUtils.java:logGet(46)) - raft.server.log.use.memory = false (default)
2022-10-13 11:44:17,935 [pool-237-thread-1] INFO  server.RaftServerConfigKeys (ConfUtils.java:logGet(46)) - raft.server.log.purge.gap = 1000000 (custom)
2022-10-13 11:44:17,935 [pool-237-thread-1] INFO  server.RaftServerConfigKeys (ConfUtils.java:logGet(46)) - raft.server.log.appender.buffer.byte-limit = 33554432 (custom)
2022-10-13 11:44:17,935 [pool-237-thread-1] INFO  server.RaftServerConfigKeys (ConfUtils.java:logGet(46)) - raft.server.log.statemachine.data.read.timeout = 1000ms (default)
2022-10-13 11:44:17,935 [pool-237-thread-1] INFO  server.RaftServerConfigKeys (ConfUtils.java:logGet(46)) - raft.server.log.segment.size.max = 1048576 (custom)
2022-10-13 11:44:17,936 [pool-237-thread-1] INFO  server.RaftServerConfigKeys (ConfUtils.java:logGet(46)) - raft.server.log.segment.cache.num.max = 2 (custom)
2022-10-13 11:44:17,936 [pool-237-thread-1] INFO  server.RaftServerConfigKeys (ConfUtils.java:logGet(46)) - raft.server.log.segment.cache.size.max = 200MB (=209715200) (default)
2022-10-13 11:44:17,936 [pool-237-thread-1] INFO  segmented.SegmentedRaftLogWorker (SegmentedRaftLogWorker.java:<init>(187)) - new 8f71354a-19e6-4be6-b89a-dd2f0292058a@group-84E26D0679BC-SegmentedRaftLogWorker for RaftStorageImpl:Storage Directory /home/runner/work/ozone/ozone/hadoop-ozone/integration-test/target/test-dir/MiniOzoneClusterImpl-da935fb3-9ce5-49ab-a67c-f4b3beb884ab/datanode-7/data/ratis/bee47cf9-45fa-4274-95f6-84e26d0679bc
2022-10-13 11:44:17,936 [pool-237-thread-1] INFO  server.RaftServerConfigKeys (ConfUtils.java:logGet(46)) - raft.server.log.queue.byte-limit = 4294967296 (custom)
2022-10-13 11:44:17,936 [pool-237-thread-1] INFO  server.RaftServerConfigKeys (ConfUtils.java:logGet(46)) - raft.server.log.queue.element-limit = 1024 (custom)
2022-10-13 11:44:17,936 [pool-237-thread-1] INFO  server.RaftServerConfigKeys (ConfUtils.java:logGet(46)) - raft.server.log.segment.size.max = 1048576 (custom)
2022-10-13 11:44:17,936 [pool-237-thread-1] INFO  server.RaftServerConfigKeys (ConfUtils.java:logGet(46)) - raft.server.log.preallocated.size = 16384 (custom)
2022-10-13 11:44:17,936 [pool-237-thread-1] INFO  server.RaftServerConfigKeys (ConfUtils.java:logGet(46)) - raft.server.log.force.sync.num = 128 (default)
2022-10-13 11:44:17,936 [pool-237-thread-1] INFO  server.RaftServerConfigKeys (ConfUtils.java:logGet(46)) - raft.server.log.statemachine.data.sync = true (default)
2022-10-13 11:44:17,936 [pool-237-thread-1] INFO  server.RaftServerConfigKeys (ConfUtils.java:logGet(46)) - raft.server.log.statemachine.data.sync.timeout = 10s (default)
2022-10-13 11:44:17,936 [pool-237-thread-1] INFO  server.RaftServerConfigKeys (ConfUtils.java:logGet(46)) - raft.server.log.statemachine.data.sync.timeout.retry = -1 (default)
2022-10-13 11:44:17,937 [pool-237-thread-1] INFO  server.RaftServerConfigKeys (ConfUtils.java:logGet(46)) - raft.server.log.write.buffer.size = 1048576 (custom)
2022-10-13 11:44:17,939 [pool-237-thread-1] INFO  server.RaftServerConfigKeys (ConfUtils.java:logGet(46)) - raft.server.log.unsafe-flush.enabled = false (default)
2022-10-13 11:44:17,939 [pool-237-thread-1] INFO  server.RaftServerConfigKeys (ConfUtils.java:logGet(46)) - raft.server.log.statemachine.data.caching.enabled = true (custom)
2022-10-13 11:44:17,939 [pool-237-thread-1] INFO  segmented.SegmentedRaftLogWorker (SegmentedRaftLogWorker.java:lambda$new$0(135)) - 8f71354a-19e6-4be6-b89a-dd2f0292058a@group-84E26D0679BC-SegmentedRaftLogWorker: flushIndex: setUnconditionally 0 -> -1
2022-10-13 11:44:17,939 [pool-237-thread-1] INFO  segmented.SegmentedRaftLogWorker (SegmentedRaftLogWorker.java:lambda$new$0(135)) - 8f71354a-19e6-4be6-b89a-dd2f0292058a@group-84E26D0679BC-SegmentedRaftLogWorker: safeCacheEvictIndex: setUnconditionally 0 -> -1
2022-10-13 11:44:17,941 [pool-237-thread-1] INFO  server.RaftServerConfigKeys (ConfUtils.java:logGet(46)) - raft.server.snapshot.auto.trigger.enabled = true (custom)
2022-10-13 11:44:17,941 [pool-237-thread-1] INFO  server.RaftServerConfigKeys (ConfUtils.java:logGet(46)) - raft.server.snapshot.auto.trigger.threshold = 10000 (custom)
2022-10-13 11:44:17,941 [pool-237-thread-1] INFO  server.RaftServerConfigKeys (ConfUtils.java:logGet(46)) - raft.server.snapshot.retention.file.num = 5 (custom)
2022-10-13 11:44:17,941 [pool-237-thread-1] INFO  server.RaftServerConfigKeys (ConfUtils.java:logGet(46)) - raft.server.log.purge.upto.snapshot.index = false (default)
2022-10-13 11:44:17,942 [pool-237-thread-1] INFO  server.RaftServerConfigKeys (ConfUtils.java:logGet(46)) - raft.server.retrycache.expirytime = 600000ms (custom)
2022-10-13 11:44:17,942 [pool-237-thread-1] INFO  server.RaftServerConfigKeys (ConfUtils.java:logGet(46)) - raft.server.retrycache.statistics.expirytime = 100μs (default)
2022-10-13 11:44:17,942 [pool-237-thread-1] INFO  server.RaftServerConfigKeys (ConfUtils.java:logGet(46)) - raft.server.log.appender.install.snapshot.enabled = false (custom)
2022-10-13 11:44:17,943 [pool-237-thread-1] INFO  server.RaftServerConfigKeys (ConfUtils.java:logGet(46)) - raft.server.threadpool.server.cached = true (default)
2022-10-13 11:44:17,943 [pool-237-thread-1] INFO  server.RaftServerConfigKeys (ConfUtils.java:logGet(46)) - raft.server.threadpool.server.size = 0 (default)
2022-10-13 11:44:17,943 [pool-237-thread-1] INFO  server.RaftServerConfigKeys (ConfUtils.java:logGet(46)) - raft.server.threadpool.client.cached = true (default)
2022-10-13 11:44:17,943 [pool-237-thread-1] INFO  server.RaftServerConfigKeys (ConfUtils.java:logGet(46)) - raft.server.threadpool.client.size = 0 (default)
2022-10-13 11:44:17,943 [pool-237-thread-1] INFO  server.RaftServer$Division (RaftServerImpl.java:start(310)) - 8f71354a-19e6-4be6-b89a-dd2f0292058a@group-84E26D0679BC: start as a follower, conf=-1: [febd5d2c-72de-44b7-b010-e5e9acc30848|rpc:10.1.0.200:36903|dataStream:|priority:0, 8f71354a-19e6-4be6-b89a-dd2f0292058a|rpc:10.1.0.200:41203|dataStream:|priority:1, 44dad4d2-9f73-4874-a36a-585ee387199d|rpc:10.1.0.200:32897|dataStream:|priority:0], old=null
2022-10-13 11:44:17,943 [pool-237-thread-1] INFO  server.RaftServer$Division (RaftServerImpl.java:setRole(299)) - 8f71354a-19e6-4be6-b89a-dd2f0292058a@group-84E26D0679BC: changes role from      null to FOLLOWER at term 0 for startAsFollower
2022-10-13 11:44:17,943 [pool-237-thread-1] INFO  impl.RoleInfo (RoleInfo.java:updateAndGet(139)) - 8f71354a-19e6-4be6-b89a-dd2f0292058a: start 8f71354a-19e6-4be6-b89a-dd2f0292058a@group-84E26D0679BC-FollowerState
2022-10-13 11:44:17,945 [pool-237-thread-1] INFO  util.JmxRegister (JmxRegister.java:tryRegister(44)) - Successfully registered JMX Bean with object name Ratis:service=RaftServer,group=group-84E26D0679BC,id=8f71354a-19e6-4be6-b89a-dd2f0292058a
2022-10-13 11:44:17,962 [grpc-default-executor-1] INFO  server.RaftServer (RaftServerProxy.java:addNew(96)) - febd5d2c-72de-44b7-b010-e5e9acc30848: addNew group-84E26D0679BC:[febd5d2c-72de-44b7-b010-e5e9acc30848|rpc:10.1.0.200:36903|dataStream:|priority:0, 8f71354a-19e6-4be6-b89a-dd2f0292058a|rpc:10.1.0.200:41203|dataStream:|priority:1, 44dad4d2-9f73-4874-a36a-585ee387199d|rpc:10.1.0.200:32897|dataStream:|priority:0] returns group-84E26D0679BC:java.util.concurrent.CompletableFuture@2d6b9ef4[Not completed]
2022-10-13 11:44:17,963 [pool-264-thread-1] INFO  server.RaftServer$Division (RaftServerImpl.java:<init>(190)) - febd5d2c-72de-44b7-b010-e5e9acc30848: new RaftServerImpl for group-84E26D0679BC:[febd5d2c-72de-44b7-b010-e5e9acc30848|rpc:10.1.0.200:36903|dataStream:|priority:0, 8f71354a-19e6-4be6-b89a-dd2f0292058a|rpc:10.1.0.200:41203|dataStream:|priority:1, 44dad4d2-9f73-4874-a36a-585ee387199d|rpc:10.1.0.200:32897|dataStream:|priority:0] with ContainerStateMachine:uninitialized
2022-10-13 11:44:17,963 [pool-264-thread-1] INFO  server.RaftServerConfigKeys (ConfUtils.java:logGet(46)) - raft.server.rpc.timeout.min = 5s (custom)
2022-10-13 11:44:17,963 [pool-264-thread-1] INFO  server.RaftServerConfigKeys (ConfUtils.java:logGet(46)) - raft.server.rpc.timeout.max = 5200ms (custom)
2022-10-13 11:44:17,963 [pool-264-thread-1] INFO  server.RaftServerConfigKeys (ConfUtils.java:logGet(46)) - raft.server.rpc.sleep.time = 25ms (default)
2022-10-13 11:44:17,963 [pool-264-thread-1] INFO  server.RaftServerConfigKeys (ConfUtils.java:logGet(46)) - raft.server.rpc.slowness.timeout = 300s (custom)
2022-10-13 11:44:17,963 [pool-264-thread-1] INFO  server.RaftServerConfigKeys (ConfUtils.java:logGet(46)) - raft.server.leaderelection.leader.step-down.wait-time = 10s (default)
2022-10-13 11:44:17,963 [pool-264-thread-1] INFO  server.RaftServerConfigKeys (ConfUtils.java:logGet(46)) - raft.server.sleep.deviation.threshold = 300ms (default)
2022-10-13 11:44:17,963 [pool-264-thread-1] INFO  server.RaftServer$Division (ServerState.java:<init>(107)) - febd5d2c-72de-44b7-b010-e5e9acc30848@group-84E26D0679BC: ConfigurationManager, init=-1: [febd5d2c-72de-44b7-b010-e5e9acc30848|rpc:10.1.0.200:36903|dataStream:|priority:0, 8f71354a-19e6-4be6-b89a-dd2f0292058a|rpc:10.1.0.200:41203|dataStream:|priority:1, 44dad4d2-9f73-4874-a36a-585ee387199d|rpc:10.1.0.200:32897|dataStream:|priority:0], old=null, confs=<EMPTY_MAP>
2022-10-13 11:44:17,963 [pool-264-thread-1] INFO  server.RaftServerConfigKeys (ConfUtils.java:logGet(46)) - raft.server.storage.dir = [/home/runner/work/ozone/ozone/hadoop-ozone/integration-test/target/test-dir/MiniOzoneClusterImpl-da935fb3-9ce5-49ab-a67c-f4b3beb884ab/datanode-8/data/ratis] (custom)
2022-10-13 11:44:17,963 [pool-264-thread-1] INFO  server.RaftServerConfigKeys (ConfUtils.java:logGet(46)) - raft.server.log.corruption.policy = EXCEPTION (default)
2022-10-13 11:44:17,963 [pool-264-thread-1] INFO  server.RaftServerConfigKeys (ConfUtils.java:logGet(46)) - raft.server.storage.free-space.min = 0MB (=0) (default)
2022-10-13 11:44:17,963 [pool-264-thread-1] INFO  storage.RaftStorageDirectory (RaftStorageDirectoryImpl.java:analyzeStorage(135)) - The storage directory /home/runner/work/ozone/ozone/hadoop-ozone/integration-test/target/test-dir/MiniOzoneClusterImpl-da935fb3-9ce5-49ab-a67c-f4b3beb884ab/datanode-8/data/ratis/bee47cf9-45fa-4274-95f6-84e26d0679bc does not exist. Creating ...
2022-10-13 11:44:17,966 [pool-264-thread-1] INFO  storage.RaftStorageDirectory (RaftStorageDirectoryImpl.java:tryLock(230)) - Lock on /home/runner/work/ozone/ozone/hadoop-ozone/integration-test/target/test-dir/MiniOzoneClusterImpl-da935fb3-9ce5-49ab-a67c-f4b3beb884ab/datanode-8/data/ratis/bee47cf9-45fa-4274-95f6-84e26d0679bc/in_use.lock acquired by nodename 27914@fv-az91-750
2022-10-13 11:44:17,967 [pool-264-thread-1] INFO  storage.RaftStorage (RaftStorageImpl.java:format(89)) - Storage directory /home/runner/work/ozone/ozone/hadoop-ozone/integration-test/target/test-dir/MiniOzoneClusterImpl-da935fb3-9ce5-49ab-a67c-f4b3beb884ab/datanode-8/data/ratis/bee47cf9-45fa-4274-95f6-84e26d0679bc has been successfully formatted.
2022-10-13 11:44:17,967 [pool-264-thread-1] INFO  ratis.ContainerStateMachine (ContainerStateMachine.java:loadSnapshot(236)) - group-84E26D0679BC: The snapshot info is null. Setting the last applied indexto:(t:0, i:~)
2022-10-13 11:44:17,968 [pool-264-thread-1] INFO  server.RaftServerConfigKeys (ConfUtils.java:logGet(46)) - raft.server.notification.no-leader.timeout = 300s (custom)
2022-10-13 11:44:17,968 [pool-264-thread-1] INFO  server.RaftServerConfigKeys (ConfUtils.java:logGet(46)) - raft.server.log.use.memory = false (default)
2022-10-13 11:44:17,968 [pool-264-thread-1] INFO  server.RaftServerConfigKeys (ConfUtils.java:logGet(46)) - raft.server.log.purge.gap = 1000000 (custom)
2022-10-13 11:44:17,968 [pool-264-thread-1] INFO  server.RaftServerConfigKeys (ConfUtils.java:logGet(46)) - raft.server.log.appender.buffer.byte-limit = 33554432 (custom)
2022-10-13 11:44:17,968 [pool-264-thread-1] INFO  server.RaftServerConfigKeys (ConfUtils.java:logGet(46)) - raft.server.log.statemachine.data.read.timeout = 1000ms (default)
2022-10-13 11:44:17,968 [pool-264-thread-1] INFO  server.RaftServerConfigKeys (ConfUtils.java:logGet(46)) - raft.server.log.segment.size.max = 1048576 (custom)
2022-10-13 11:44:17,969 [pool-264-thread-1] INFO  server.RaftServerConfigKeys (ConfUtils.java:logGet(46)) - raft.server.log.segment.cache.num.max = 2 (custom)
2022-10-13 11:44:17,969 [pool-264-thread-1] INFO  server.RaftServerConfigKeys (ConfUtils.java:logGet(46)) - raft.server.log.segment.cache.size.max = 200MB (=209715200) (default)
2022-10-13 11:44:17,969 [pool-264-thread-1] INFO  segmented.SegmentedRaftLogWorker (SegmentedRaftLogWorker.java:<init>(187)) - new febd5d2c-72de-44b7-b010-e5e9acc30848@group-84E26D0679BC-SegmentedRaftLogWorker for RaftStorageImpl:Storage Directory /home/runner/work/ozone/ozone/hadoop-ozone/integration-test/target/test-dir/MiniOzoneClusterImpl-da935fb3-9ce5-49ab-a67c-f4b3beb884ab/datanode-8/data/ratis/bee47cf9-45fa-4274-95f6-84e26d0679bc
2022-10-13 11:44:17,969 [pool-264-thread-1] INFO  server.RaftServerConfigKeys (ConfUtils.java:logGet(46)) - raft.server.log.queue.byte-limit = 4294967296 (custom)
2022-10-13 11:44:17,969 [pool-264-thread-1] INFO  server.RaftServerConfigKeys (ConfUtils.java:logGet(46)) - raft.server.log.queue.element-limit = 1024 (custom)
2022-10-13 11:44:17,970 [pool-264-thread-1] INFO  server.RaftServerConfigKeys (ConfUtils.java:logGet(46)) - raft.server.log.segment.size.max = 1048576 (custom)
2022-10-13 11:44:17,970 [pool-264-thread-1] INFO  server.RaftServerConfigKeys (ConfUtils.java:logGet(46)) - raft.server.log.preallocated.size = 16384 (custom)
2022-10-13 11:44:17,970 [pool-264-thread-1] INFO  server.RaftServerConfigKeys (ConfUtils.java:logGet(46)) - raft.server.log.force.sync.num = 128 (default)
2022-10-13 11:44:17,970 [pool-264-thread-1] INFO  server.RaftServerConfigKeys (ConfUtils.java:logGet(46)) - raft.server.log.statemachine.data.sync = true (default)
2022-10-13 11:44:17,970 [pool-264-thread-1] INFO  server.RaftServerConfigKeys (ConfUtils.java:logGet(46)) - raft.server.log.statemachine.data.sync.timeout = 10s (default)
2022-10-13 11:44:17,970 [pool-264-thread-1] INFO  server.RaftServerConfigKeys (ConfUtils.java:logGet(46)) - raft.server.log.statemachine.data.sync.timeout.retry = -1 (default)
2022-10-13 11:44:17,970 [pool-264-thread-1] INFO  server.RaftServerConfigKeys (ConfUtils.java:logGet(46)) - raft.server.log.write.buffer.size = 1048576 (custom)
2022-10-13 11:44:17,971 [pool-264-thread-1] INFO  server.RaftServerConfigKeys (ConfUtils.java:logGet(46)) - raft.server.log.unsafe-flush.enabled = false (default)
2022-10-13 11:44:17,971 [pool-264-thread-1] INFO  server.RaftServerConfigKeys (ConfUtils.java:logGet(46)) - raft.server.log.statemachine.data.caching.enabled = true (custom)
2022-10-13 11:44:17,971 [pool-264-thread-1] INFO  segmented.SegmentedRaftLogWorker (SegmentedRaftLogWorker.java:lambda$new$0(135)) - febd5d2c-72de-44b7-b010-e5e9acc30848@group-84E26D0679BC-SegmentedRaftLogWorker: flushIndex: setUnconditionally 0 -> -1
2022-10-13 11:44:17,971 [pool-264-thread-1] INFO  segmented.SegmentedRaftLogWorker (SegmentedRaftLogWorker.java:lambda$new$0(135)) - febd5d2c-72de-44b7-b010-e5e9acc30848@group-84E26D0679BC-SegmentedRaftLogWorker: safeCacheEvictIndex: setUnconditionally 0 -> -1
2022-10-13 11:44:17,973 [pool-264-thread-1] INFO  server.RaftServerConfigKeys (ConfUtils.java:logGet(46)) - raft.server.snapshot.auto.trigger.enabled = true (custom)
2022-10-13 11:44:17,973 [pool-264-thread-1] INFO  server.RaftServerConfigKeys (ConfUtils.java:logGet(46)) - raft.server.snapshot.auto.trigger.threshold = 10000 (custom)
2022-10-13 11:44:17,973 [pool-264-thread-1] INFO  server.RaftServerConfigKeys (ConfUtils.java:logGet(46)) - raft.server.snapshot.retention.file.num = 5 (custom)
2022-10-13 11:44:17,973 [pool-264-thread-1] INFO  server.RaftServerConfigKeys (ConfUtils.java:logGet(46)) - raft.server.log.purge.upto.snapshot.index = false (default)
2022-10-13 11:44:17,973 [pool-264-thread-1] INFO  server.RaftServerConfigKeys (ConfUtils.java:logGet(46)) - raft.server.retrycache.expirytime = 600000ms (custom)
2022-10-13 11:44:17,973 [pool-264-thread-1] INFO  server.RaftServerConfigKeys (ConfUtils.java:logGet(46)) - raft.server.retrycache.statistics.expirytime = 100μs (default)
2022-10-13 11:44:17,974 [pool-264-thread-1] INFO  server.RaftServerConfigKeys (ConfUtils.java:logGet(46)) - raft.server.log.appender.install.snapshot.enabled = false (custom)
2022-10-13 11:44:17,975 [pool-264-thread-1] INFO  server.RaftServerConfigKeys (ConfUtils.java:logGet(46)) - raft.server.threadpool.server.cached = true (default)
2022-10-13 11:44:17,975 [pool-264-thread-1] INFO  server.RaftServerConfigKeys (ConfUtils.java:logGet(46)) - raft.server.threadpool.server.size = 0 (default)
2022-10-13 11:44:17,975 [pool-264-thread-1] INFO  server.RaftServerConfigKeys (ConfUtils.java:logGet(46)) - raft.server.threadpool.client.cached = true (default)
2022-10-13 11:44:17,975 [pool-264-thread-1] INFO  server.RaftServerConfigKeys (ConfUtils.java:logGet(46)) - raft.server.threadpool.client.size = 0 (default)
2022-10-13 11:44:17,975 [pool-264-thread-1] INFO  server.RaftServer$Division (RaftServerImpl.java:start(310)) - febd5d2c-72de-44b7-b010-e5e9acc30848@group-84E26D0679BC: start as a follower, conf=-1: [febd5d2c-72de-44b7-b010-e5e9acc30848|rpc:10.1.0.200:36903|dataStream:|priority:0, 8f71354a-19e6-4be6-b89a-dd2f0292058a|rpc:10.1.0.200:41203|dataStream:|priority:1, 44dad4d2-9f73-4874-a36a-585ee387199d|rpc:10.1.0.200:32897|dataStream:|priority:0], old=null
2022-10-13 11:44:17,976 [pool-264-thread-1] INFO  server.RaftServer$Division (RaftServerImpl.java:setRole(299)) - febd5d2c-72de-44b7-b010-e5e9acc30848@group-84E26D0679BC: changes role from      null to FOLLOWER at term 0 for startAsFollower
2022-10-13 11:44:17,976 [pool-264-thread-1] INFO  impl.RoleInfo (RoleInfo.java:updateAndGet(139)) - febd5d2c-72de-44b7-b010-e5e9acc30848: start febd5d2c-72de-44b7-b010-e5e9acc30848@group-84E26D0679BC-FollowerState
2022-10-13 11:44:17,976 [pool-264-thread-1] INFO  util.JmxRegister (JmxRegister.java:tryRegister(44)) - Successfully registered JMX Bean with object name Ratis:service=RaftServer,group=group-84E26D0679BC,id=febd5d2c-72de-44b7-b010-e5e9acc30848
2022-10-13 11:44:17,982 [Command processor thread] INFO  commandhandler.CreatePipelineCommandHandler (CreatePipelineCommandHandler.java:handle(113)) - Created Pipeline RATIS THREE PipelineID=bee47cf9-45fa-4274-95f6-84e26d0679bc.
2022-10-13 11:44:18,071 [Command processor thread] INFO  server.RaftServer (RaftServerProxy.java:addNew(96)) - 8f71354a-19e6-4be6-b89a-dd2f0292058a: addNew group-4D85677B5274:[8f71354a-19e6-4be6-b89a-dd2f0292058a|rpc:10.1.0.200:41203|priority:1] returns group-4D85677B5274:java.util.concurrent.CompletableFuture@58ae7ae9[Not completed]
2022-10-13 11:44:18,072 [pool-237-thread-1] INFO  server.RaftServer$Division (RaftServerImpl.java:<init>(190)) - 8f71354a-19e6-4be6-b89a-dd2f0292058a: new RaftServerImpl for group-4D85677B5274:[8f71354a-19e6-4be6-b89a-dd2f0292058a|rpc:10.1.0.200:41203|priority:1] with ContainerStateMachine:uninitialized
2022-10-13 11:44:18,072 [pool-237-thread-1] INFO  server.RaftServerConfigKeys (ConfUtils.java:logGet(46)) - raft.server.rpc.timeout.min = 5s (custom)
2022-10-13 11:44:18,072 [pool-237-thread-1] INFO  server.RaftServerConfigKeys (ConfUtils.java:logGet(46)) - raft.server.rpc.timeout.max = 5200ms (custom)
2022-10-13 11:44:18,072 [pool-237-thread-1] INFO  server.RaftServerConfigKeys (ConfUtils.java:logGet(46)) - raft.server.rpc.sleep.time = 25ms (default)
2022-10-13 11:44:18,072 [pool-237-thread-1] INFO  server.RaftServerConfigKeys (ConfUtils.java:logGet(46)) - raft.server.rpc.slowness.timeout = 300s (custom)
2022-10-13 11:44:18,072 [pool-237-thread-1] INFO  server.RaftServerConfigKeys (ConfUtils.java:logGet(46)) - raft.server.leaderelection.leader.step-down.wait-time = 10s (default)
2022-10-13 11:44:18,072 [pool-237-thread-1] INFO  server.RaftServerConfigKeys (ConfUtils.java:logGet(46)) - raft.server.sleep.deviation.threshold = 300ms (default)
2022-10-13 11:44:18,072 [pool-237-thread-1] INFO  server.RaftServer$Division (ServerState.java:<init>(107)) - 8f71354a-19e6-4be6-b89a-dd2f0292058a@group-4D85677B5274: ConfigurationManager, init=-1: [8f71354a-19e6-4be6-b89a-dd2f0292058a|rpc:10.1.0.200:41203|priority:1], old=null, confs=<EMPTY_MAP>
2022-10-13 11:44:18,072 [pool-237-thread-1] INFO  server.RaftServerConfigKeys (ConfUtils.java:logGet(46)) - raft.server.storage.dir = [/home/runner/work/ozone/ozone/hadoop-ozone/integration-test/target/test-dir/MiniOzoneClusterImpl-da935fb3-9ce5-49ab-a67c-f4b3beb884ab/datanode-7/data/ratis] (custom)
2022-10-13 11:44:18,072 [pool-237-thread-1] INFO  server.RaftServerConfigKeys (ConfUtils.java:logGet(46)) - raft.server.log.corruption.policy = EXCEPTION (default)
2022-10-13 11:44:18,072 [pool-237-thread-1] INFO  server.RaftServerConfigKeys (ConfUtils.java:logGet(46)) - raft.server.storage.free-space.min = 0MB (=0) (default)
2022-10-13 11:44:18,072 [pool-237-thread-1] INFO  storage.RaftStorageDirectory (RaftStorageDirectoryImpl.java:analyzeStorage(135)) - The storage directory /home/runner/work/ozone/ozone/hadoop-ozone/integration-test/target/test-dir/MiniOzoneClusterImpl-da935fb3-9ce5-49ab-a67c-f4b3beb884ab/datanode-7/data/ratis/643c8de4-3ef2-4a3e-857a-4d85677b5274 does not exist. Creating ...
2022-10-13 11:44:18,073 [pool-237-thread-1] INFO  storage.RaftStorageDirectory (RaftStorageDirectoryImpl.java:tryLock(230)) - Lock on /home/runner/work/ozone/ozone/hadoop-ozone/integration-test/target/test-dir/MiniOzoneClusterImpl-da935fb3-9ce5-49ab-a67c-f4b3beb884ab/datanode-7/data/ratis/643c8de4-3ef2-4a3e-857a-4d85677b5274/in_use.lock acquired by nodename 27914@fv-az91-750
2022-10-13 11:44:18,074 [pool-237-thread-1] INFO  storage.RaftStorage (RaftStorageImpl.java:format(89)) - Storage directory /home/runner/work/ozone/ozone/hadoop-ozone/integration-test/target/test-dir/MiniOzoneClusterImpl-da935fb3-9ce5-49ab-a67c-f4b3beb884ab/datanode-7/data/ratis/643c8de4-3ef2-4a3e-857a-4d85677b5274 has been successfully formatted.
2022-10-13 11:44:18,075 [pool-237-thread-1] INFO  ratis.ContainerStateMachine (ContainerStateMachine.java:loadSnapshot(236)) - group-4D85677B5274: The snapshot info is null. Setting the last applied indexto:(t:0, i:~)
2022-10-13 11:44:18,076 [pool-237-thread-1] INFO  server.RaftServerConfigKeys (ConfUtils.java:logGet(46)) - raft.server.notification.no-leader.timeout = 300s (custom)
2022-10-13 11:44:18,076 [pool-237-thread-1] INFO  server.RaftServerConfigKeys (ConfUtils.java:logGet(46)) - raft.server.log.use.memory = false (default)
2022-10-13 11:44:18,076 [pool-237-thread-1] INFO  server.RaftServerConfigKeys (ConfUtils.java:logGet(46)) - raft.server.log.purge.gap = 1000000 (custom)
2022-10-13 11:44:18,076 [pool-237-thread-1] INFO  server.RaftServerConfigKeys (ConfUtils.java:logGet(46)) - raft.server.log.appender.buffer.byte-limit = 33554432 (custom)
2022-10-13 11:44:18,076 [pool-237-thread-1] INFO  server.RaftServerConfigKeys (ConfUtils.java:logGet(46)) - raft.server.log.statemachine.data.read.timeout = 1000ms (default)
2022-10-13 11:44:18,076 [EventQueue-PipelineReportForPipelineReportHandler] INFO  pipeline.PipelineManagerImpl (PipelineManagerImpl.java:openPipeline(367)) - Pipeline Pipeline[ Id: 643c8de4-3ef2-4a3e-857a-4d85677b5274, Nodes: 8f71354a-19e6-4be6-b89a-dd2f0292058a{ip: 10.1.0.200, host: fv-az91-750.1u4dveb1r3ruphbftqvtwhitpc.gx.internal.cloudapp.net, ports: [REPLICATION=32909, RATIS=41203, RATIS_ADMIN=41203, RATIS_SERVER=41203, STANDALONE=43317], networkLocation: /default-rack, certSerialId: null, persistedOpState: IN_SERVICE, persistedOpStateExpiryEpochSec: 0}, ReplicationConfig: RATIS/ONE, State:ALLOCATED, leaderId:8f71354a-19e6-4be6-b89a-dd2f0292058a, CreationTimestamp2022-10-13T11:44:15.074Z[Etc/UTC]] moved to OPEN state
2022-10-13 11:44:18,076 [pool-237-thread-1] INFO  server.RaftServerConfigKeys (ConfUtils.java:logGet(46)) - raft.server.log.segment.size.max = 1048576 (custom)
2022-10-13 11:44:18,077 [EventQueue-OpenPipelineForHealthyPipelineSafeModeRule] INFO  safemode.SCMSafeModeManager (HealthyPipelineSafeModeRule.java:process(137)) - SCM in safe mode. Healthy pipelines reported count is 0, required healthy pipeline reported count is 1
2022-10-13 11:44:18,077 [pool-237-thread-1] INFO  server.RaftServerConfigKeys (ConfUtils.java:logGet(46)) - raft.server.log.segment.cache.num.max = 2 (custom)
2022-10-13 11:44:18,078 [pool-237-thread-1] INFO  server.RaftServerConfigKeys (ConfUtils.java:logGet(46)) - raft.server.log.segment.cache.size.max = 200MB (=209715200) (default)
2022-10-13 11:44:18,078 [pool-237-thread-1] INFO  segmented.SegmentedRaftLogWorker (SegmentedRaftLogWorker.java:<init>(187)) - new 8f71354a-19e6-4be6-b89a-dd2f0292058a@group-4D85677B5274-SegmentedRaftLogWorker for RaftStorageImpl:Storage Directory /home/runner/work/ozone/ozone/hadoop-ozone/integration-test/target/test-dir/MiniOzoneClusterImpl-da935fb3-9ce5-49ab-a67c-f4b3beb884ab/datanode-7/data/ratis/643c8de4-3ef2-4a3e-857a-4d85677b5274
2022-10-13 11:44:18,078 [pool-237-thread-1] INFO  server.RaftServerConfigKeys (ConfUtils.java:logGet(46)) - raft.server.log.queue.byte-limit = 4294967296 (custom)
2022-10-13 11:44:18,078 [pool-237-thread-1] INFO  server.RaftServerConfigKeys (ConfUtils.java:logGet(46)) - raft.server.log.queue.element-limit = 1024 (custom)
2022-10-13 11:44:18,078 [pool-237-thread-1] INFO  server.RaftServerConfigKeys (ConfUtils.java:logGet(46)) - raft.server.log.segment.size.max = 1048576 (custom)
2022-10-13 11:44:18,078 [pool-237-thread-1] INFO  server.RaftServerConfigKeys (ConfUtils.java:logGet(46)) - raft.server.log.preallocated.size = 16384 (custom)
2022-10-13 11:44:18,078 [pool-237-thread-1] INFO  server.RaftServerConfigKeys (ConfUtils.java:logGet(46)) - raft.server.log.force.sync.num = 128 (default)
2022-10-13 11:44:18,078 [pool-237-thread-1] INFO  server.RaftServerConfigKeys (ConfUtils.java:logGet(46)) - raft.server.log.statemachine.data.sync = true (default)
2022-10-13 11:44:18,078 [pool-237-thread-1] INFO  server.RaftServerConfigKeys (ConfUtils.java:logGet(46)) - raft.server.log.statemachine.data.sync.timeout = 10s (default)
2022-10-13 11:44:18,078 [pool-237-thread-1] INFO  server.RaftServerConfigKeys (ConfUtils.java:logGet(46)) - raft.server.log.statemachine.data.sync.timeout.retry = -1 (default)
2022-10-13 11:44:18,079 [pool-237-thread-1] INFO  server.RaftServerConfigKeys (ConfUtils.java:logGet(46)) - raft.server.log.write.buffer.size = 1048576 (custom)
2022-10-13 11:44:18,080 [pool-237-thread-1] INFO  server.RaftServerConfigKeys (ConfUtils.java:logGet(46)) - raft.server.log.unsafe-flush.enabled = false (default)
2022-10-13 11:44:18,080 [pool-237-thread-1] INFO  server.RaftServerConfigKeys (ConfUtils.java:logGet(46)) - raft.server.log.statemachine.data.caching.enabled = true (custom)
2022-10-13 11:44:18,080 [pool-237-thread-1] INFO  segmented.SegmentedRaftLogWorker (SegmentedRaftLogWorker.java:lambda$new$0(135)) - 8f71354a-19e6-4be6-b89a-dd2f0292058a@group-4D85677B5274-SegmentedRaftLogWorker: flushIndex: setUnconditionally 0 -> -1
2022-10-13 11:44:18,080 [pool-237-thread-1] INFO  segmented.SegmentedRaftLogWorker (SegmentedRaftLogWorker.java:lambda$new$0(135)) - 8f71354a-19e6-4be6-b89a-dd2f0292058a@group-4D85677B5274-SegmentedRaftLogWorker: safeCacheEvictIndex: setUnconditionally 0 -> -1
2022-10-13 11:44:18,080 [pool-237-thread-1] INFO  server.RaftServerConfigKeys (ConfUtils.java:logGet(46)) - raft.server.snapshot.auto.trigger.enabled = true (custom)
2022-10-13 11:44:18,080 [pool-237-thread-1] INFO  server.RaftServerConfigKeys (ConfUtils.java:logGet(46)) - raft.server.snapshot.auto.trigger.threshold = 10000 (custom)
2022-10-13 11:44:18,080 [pool-237-thread-1] INFO  server.RaftServerConfigKeys (ConfUtils.java:logGet(46)) - raft.server.snapshot.retention.file.num = 5 (custom)
2022-10-13 11:44:18,080 [pool-237-thread-1] INFO  server.RaftServerConfigKeys (ConfUtils.java:logGet(46)) - raft.server.log.purge.upto.snapshot.index = false (default)
2022-10-13 11:44:18,080 [pool-237-thread-1] INFO  server.RaftServerConfigKeys (ConfUtils.java:logGet(46)) - raft.server.retrycache.expirytime = 600000ms (custom)
2022-10-13 11:44:18,080 [pool-237-thread-1] INFO  server.RaftServerConfigKeys (ConfUtils.java:logGet(46)) - raft.server.retrycache.statistics.expirytime = 100μs (default)
2022-10-13 11:44:18,081 [pool-237-thread-1] INFO  server.RaftServerConfigKeys (ConfUtils.java:logGet(46)) - raft.server.log.appender.install.snapshot.enabled = false (custom)
2022-10-13 11:44:18,081 [pool-237-thread-1] INFO  server.RaftServerConfigKeys (ConfUtils.java:logGet(46)) - raft.server.threadpool.server.cached = true (default)
2022-10-13 11:44:18,081 [pool-237-thread-1] INFO  server.RaftServerConfigKeys (ConfUtils.java:logGet(46)) - raft.server.threadpool.server.size = 0 (default)
2022-10-13 11:44:18,081 [pool-237-thread-1] INFO  server.RaftServerConfigKeys (ConfUtils.java:logGet(46)) - raft.server.threadpool.client.cached = true (default)
2022-10-13 11:44:18,081 [pool-237-thread-1] INFO  server.RaftServerConfigKeys (ConfUtils.java:logGet(46)) - raft.server.threadpool.client.size = 0 (default)
2022-10-13 11:44:18,081 [pool-237-thread-1] INFO  server.RaftServer$Division (RaftServerImpl.java:start(310)) - 8f71354a-19e6-4be6-b89a-dd2f0292058a@group-4D85677B5274: start as a follower, conf=-1: [8f71354a-19e6-4be6-b89a-dd2f0292058a|rpc:10.1.0.200:41203|priority:1], old=null
2022-10-13 11:44:18,081 [pool-237-thread-1] INFO  server.RaftServer$Division (RaftServerImpl.java:setRole(299)) - 8f71354a-19e6-4be6-b89a-dd2f0292058a@group-4D85677B5274: changes role from      null to FOLLOWER at term 0 for startAsFollower
2022-10-13 11:44:18,081 [pool-237-thread-1] INFO  impl.RoleInfo (RoleInfo.java:updateAndGet(139)) - 8f71354a-19e6-4be6-b89a-dd2f0292058a: start 8f71354a-19e6-4be6-b89a-dd2f0292058a@group-4D85677B5274-FollowerState
2022-10-13 11:44:18,082 [pool-237-thread-1] INFO  util.JmxRegister (JmxRegister.java:tryRegister(44)) - Successfully registered JMX Bean with object name Ratis:service=RaftServer,group=group-4D85677B5274,id=8f71354a-19e6-4be6-b89a-dd2f0292058a
2022-10-13 11:44:18,082 [Command processor thread] INFO  ratis.XceiverServerRatis (XceiverServerRatis.java:addGroup(765)) - Created group PipelineID=643c8de4-3ef2-4a3e-857a-4d85677b5274
2022-10-13 11:44:18,082 [Command processor thread] INFO  commandhandler.CreatePipelineCommandHandler (CreatePipelineCommandHandler.java:handle(113)) - Created Pipeline RATIS ONE PipelineID=643c8de4-3ef2-4a3e-857a-4d85677b5274.
2022-10-13 11:44:18,407 [Command processor thread] INFO  server.RaftServer (RaftServerProxy.java:addNew(96)) - febd5d2c-72de-44b7-b010-e5e9acc30848: addNew group-8519467A4E06:[febd5d2c-72de-44b7-b010-e5e9acc30848|rpc:10.1.0.200:36903|priority:1] returns group-8519467A4E06:java.util.concurrent.CompletableFuture@6fdd0e6d[Not completed]
2022-10-13 11:44:18,409 [pool-264-thread-1] INFO  server.RaftServer$Division (RaftServerImpl.java:<init>(190)) - febd5d2c-72de-44b7-b010-e5e9acc30848: new RaftServerImpl for group-8519467A4E06:[febd5d2c-72de-44b7-b010-e5e9acc30848|rpc:10.1.0.200:36903|priority:1] with ContainerStateMachine:uninitialized
2022-10-13 11:44:18,409 [pool-264-thread-1] INFO  server.RaftServerConfigKeys (ConfUtils.java:logGet(46)) - raft.server.rpc.timeout.min = 5s (custom)
2022-10-13 11:44:18,409 [pool-264-thread-1] INFO  server.RaftServerConfigKeys (ConfUtils.java:logGet(46)) - raft.server.rpc.timeout.max = 5200ms (custom)
2022-10-13 11:44:18,409 [pool-264-thread-1] INFO  server.RaftServerConfigKeys (ConfUtils.java:logGet(46)) - raft.server.rpc.sleep.time = 25ms (default)
2022-10-13 11:44:18,409 [pool-264-thread-1] INFO  server.RaftServerConfigKeys (ConfUtils.java:logGet(46)) - raft.server.rpc.slowness.timeout = 300s (custom)
2022-10-13 11:44:18,409 [pool-264-thread-1] INFO  server.RaftServerConfigKeys (ConfUtils.java:logGet(46)) - raft.server.leaderelection.leader.step-down.wait-time = 10s (default)
2022-10-13 11:44:18,409 [pool-264-thread-1] INFO  server.RaftServerConfigKeys (ConfUtils.java:logGet(46)) - raft.server.sleep.deviation.threshold = 300ms (default)
2022-10-13 11:44:18,409 [pool-264-thread-1] INFO  server.RaftServer$Division (ServerState.java:<init>(107)) - febd5d2c-72de-44b7-b010-e5e9acc30848@group-8519467A4E06: ConfigurationManager, init=-1: [febd5d2c-72de-44b7-b010-e5e9acc30848|rpc:10.1.0.200:36903|priority:1], old=null, confs=<EMPTY_MAP>
2022-10-13 11:44:18,409 [pool-264-thread-1] INFO  server.RaftServerConfigKeys (ConfUtils.java:logGet(46)) - raft.server.storage.dir = [/home/runner/work/ozone/ozone/hadoop-ozone/integration-test/target/test-dir/MiniOzoneClusterImpl-da935fb3-9ce5-49ab-a67c-f4b3beb884ab/datanode-8/data/ratis] (custom)
2022-10-13 11:44:18,409 [pool-264-thread-1] INFO  server.RaftServerConfigKeys (ConfUtils.java:logGet(46)) - raft.server.log.corruption.policy = EXCEPTION (default)
2022-10-13 11:44:18,410 [pool-264-thread-1] INFO  server.RaftServerConfigKeys (ConfUtils.java:logGet(46)) - raft.server.storage.free-space.min = 0MB (=0) (default)
2022-10-13 11:44:18,410 [pool-264-thread-1] INFO  storage.RaftStorageDirectory (RaftStorageDirectoryImpl.java:analyzeStorage(135)) - The storage directory /home/runner/work/ozone/ozone/hadoop-ozone/integration-test/target/test-dir/MiniOzoneClusterImpl-da935fb3-9ce5-49ab-a67c-f4b3beb884ab/datanode-8/data/ratis/6f290e13-8475-455e-8771-8519467a4e06 does not exist. Creating ...
2022-10-13 11:44:18,412 [pool-264-thread-1] INFO  storage.RaftStorageDirectory (RaftStorageDirectoryImpl.java:tryLock(230)) - Lock on /home/runner/work/ozone/ozone/hadoop-ozone/integration-test/target/test-dir/MiniOzoneClusterImpl-da935fb3-9ce5-49ab-a67c-f4b3beb884ab/datanode-8/data/ratis/6f290e13-8475-455e-8771-8519467a4e06/in_use.lock acquired by nodename 27914@fv-az91-750
2022-10-13 11:44:18,413 [pool-264-thread-1] INFO  storage.RaftStorage (RaftStorageImpl.java:format(89)) - Storage directory /home/runner/work/ozone/ozone/hadoop-ozone/integration-test/target/test-dir/MiniOzoneClusterImpl-da935fb3-9ce5-49ab-a67c-f4b3beb884ab/datanode-8/data/ratis/6f290e13-8475-455e-8771-8519467a4e06 has been successfully formatted.
2022-10-13 11:44:18,415 [EventQueue-PipelineReportForPipelineReportHandler] INFO  pipeline.PipelineManagerImpl (PipelineManagerImpl.java:openPipeline(367)) - Pipeline Pipeline[ Id: 6f290e13-8475-455e-8771-8519467a4e06, Nodes: febd5d2c-72de-44b7-b010-e5e9acc30848{ip: 10.1.0.200, host: fv-az91-750.1u4dveb1r3ruphbftqvtwhitpc.gx.internal.cloudapp.net, ports: [REPLICATION=35257, RATIS=36903, RATIS_ADMIN=36903, RATIS_SERVER=36903, STANDALONE=39839], networkLocation: /default-rack, certSerialId: null, persistedOpState: IN_SERVICE, persistedOpStateExpiryEpochSec: 0}, ReplicationConfig: RATIS/ONE, State:ALLOCATED, leaderId:febd5d2c-72de-44b7-b010-e5e9acc30848, CreationTimestamp2022-10-13T11:44:15.412Z[Etc/UTC]] moved to OPEN state
2022-10-13 11:44:18,416 [EventQueue-OpenPipelineForHealthyPipelineSafeModeRule] INFO  safemode.SCMSafeModeManager (HealthyPipelineSafeModeRule.java:process(137)) - SCM in safe mode. Healthy pipelines reported count is 0, required healthy pipeline reported count is 1
2022-10-13 11:44:18,416 [pool-264-thread-1] INFO  ratis.ContainerStateMachine (ContainerStateMachine.java:loadSnapshot(236)) - group-8519467A4E06: The snapshot info is null. Setting the last applied indexto:(t:0, i:~)
2022-10-13 11:44:18,417 [pool-264-thread-1] INFO  server.RaftServerConfigKeys (ConfUtils.java:logGet(46)) - raft.server.notification.no-leader.timeout = 300s (custom)
2022-10-13 11:44:18,417 [pool-264-thread-1] INFO  server.RaftServerConfigKeys (ConfUtils.java:logGet(46)) - raft.server.log.use.memory = false (default)
2022-10-13 11:44:18,417 [pool-264-thread-1] INFO  server.RaftServerConfigKeys (ConfUtils.java:logGet(46)) - raft.server.log.purge.gap = 1000000 (custom)
2022-10-13 11:44:18,417 [pool-264-thread-1] INFO  server.RaftServerConfigKeys (ConfUtils.java:logGet(46)) - raft.server.log.appender.buffer.byte-limit = 33554432 (custom)
2022-10-13 11:44:18,417 [pool-264-thread-1] INFO  server.RaftServerConfigKeys (ConfUtils.java:logGet(46)) - raft.server.log.statemachine.data.read.timeout = 1000ms (default)
2022-10-13 11:44:18,418 [pool-264-thread-1] INFO  server.RaftServerConfigKeys (ConfUtils.java:logGet(46)) - raft.server.log.segment.size.max = 1048576 (custom)
2022-10-13 11:44:18,418 [pool-264-thread-1] INFO  server.RaftServerConfigKeys (ConfUtils.java:logGet(46)) - raft.server.log.segment.cache.num.max = 2 (custom)
2022-10-13 11:44:18,418 [pool-264-thread-1] INFO  server.RaftServerConfigKeys (ConfUtils.java:logGet(46)) - raft.server.log.segment.cache.size.max = 200MB (=209715200) (default)
2022-10-13 11:44:18,418 [pool-264-thread-1] INFO  segmented.SegmentedRaftLogWorker (SegmentedRaftLogWorker.java:<init>(187)) - new febd5d2c-72de-44b7-b010-e5e9acc30848@group-8519467A4E06-SegmentedRaftLogWorker for RaftStorageImpl:Storage Directory /home/runner/work/ozone/ozone/hadoop-ozone/integration-test/target/test-dir/MiniOzoneClusterImpl-da935fb3-9ce5-49ab-a67c-f4b3beb884ab/datanode-8/data/ratis/6f290e13-8475-455e-8771-8519467a4e06
2022-10-13 11:44:18,418 [pool-264-thread-1] INFO  server.RaftServerConfigKeys (ConfUtils.java:logGet(46)) - raft.server.log.queue.byte-limit = 4294967296 (custom)
2022-10-13 11:44:18,418 [pool-264-thread-1] INFO  server.RaftServerConfigKeys (ConfUtils.java:logGet(46)) - raft.server.log.queue.element-limit = 1024 (custom)
2022-10-13 11:44:18,418 [pool-264-thread-1] INFO  server.RaftServerConfigKeys (ConfUtils.java:logGet(46)) - raft.server.log.segment.size.max = 1048576 (custom)
2022-10-13 11:44:18,418 [pool-264-thread-1] INFO  server.RaftServerConfigKeys (ConfUtils.java:logGet(46)) - raft.server.log.preallocated.size = 16384 (custom)
2022-10-13 11:44:18,418 [pool-264-thread-1] INFO  server.RaftServerConfigKeys (ConfUtils.java:logGet(46)) - raft.server.log.force.sync.num = 128 (default)
2022-10-13 11:44:18,418 [pool-264-thread-1] INFO  server.RaftServerConfigKeys (ConfUtils.java:logGet(46)) - raft.server.log.statemachine.data.sync = true (default)
2022-10-13 11:44:18,418 [pool-264-thread-1] INFO  server.RaftServerConfigKeys (ConfUtils.java:logGet(46)) - raft.server.log.statemachine.data.sync.timeout = 10s (default)
2022-10-13 11:44:18,418 [pool-264-thread-1] INFO  server.RaftServerConfigKeys (ConfUtils.java:logGet(46)) - raft.server.log.statemachine.data.sync.timeout.retry = -1 (default)
2022-10-13 11:44:18,419 [pool-264-thread-1] INFO  server.RaftServerConfigKeys (ConfUtils.java:logGet(46)) - raft.server.log.write.buffer.size = 1048576 (custom)
2022-10-13 11:44:18,420 [pool-264-thread-1] INFO  server.RaftServerConfigKeys (ConfUtils.java:logGet(46)) - raft.server.log.unsafe-flush.enabled = false (default)
2022-10-13 11:44:18,420 [pool-264-thread-1] INFO  server.RaftServerConfigKeys (ConfUtils.java:logGet(46)) - raft.server.log.statemachine.data.caching.enabled = true (custom)
2022-10-13 11:44:18,421 [pool-264-thread-1] INFO  segmented.SegmentedRaftLogWorker (SegmentedRaftLogWorker.java:lambda$new$0(135)) - febd5d2c-72de-44b7-b010-e5e9acc30848@group-8519467A4E06-SegmentedRaftLogWorker: flushIndex: setUnconditionally 0 -> -1
2022-10-13 11:44:18,421 [pool-264-thread-1] INFO  segmented.SegmentedRaftLogWorker (SegmentedRaftLogWorker.java:lambda$new$0(135)) - febd5d2c-72de-44b7-b010-e5e9acc30848@group-8519467A4E06-SegmentedRaftLogWorker: safeCacheEvictIndex: setUnconditionally 0 -> -1
2022-10-13 11:44:18,422 [pool-264-thread-1] INFO  server.RaftServerConfigKeys (ConfUtils.java:logGet(46)) - raft.server.snapshot.auto.trigger.enabled = true (custom)
2022-10-13 11:44:18,422 [pool-264-thread-1] INFO  server.RaftServerConfigKeys (ConfUtils.java:logGet(46)) - raft.server.snapshot.auto.trigger.threshold = 10000 (custom)
2022-10-13 11:44:18,422 [pool-264-thread-1] INFO  server.RaftServerConfigKeys (ConfUtils.java:logGet(46)) - raft.server.snapshot.retention.file.num = 5 (custom)
2022-10-13 11:44:18,422 [pool-264-thread-1] INFO  server.RaftServerConfigKeys (ConfUtils.java:logGet(46)) - raft.server.log.purge.upto.snapshot.index = false (default)
2022-10-13 11:44:18,422 [pool-264-thread-1] INFO  server.RaftServerConfigKeys (ConfUtils.java:logGet(46)) - raft.server.retrycache.expirytime = 600000ms (custom)
2022-10-13 11:44:18,422 [pool-264-thread-1] INFO  server.RaftServerConfigKeys (ConfUtils.java:logGet(46)) - raft.server.retrycache.statistics.expirytime = 100μs (default)
2022-10-13 11:44:18,423 [pool-264-thread-1] INFO  server.RaftServerConfigKeys (ConfUtils.java:logGet(46)) - raft.server.log.appender.install.snapshot.enabled = false (custom)
2022-10-13 11:44:18,423 [pool-264-thread-1] INFO  server.RaftServerConfigKeys (ConfUtils.java:logGet(46)) - raft.server.threadpool.server.cached = true (default)
2022-10-13 11:44:18,423 [pool-264-thread-1] INFO  server.RaftServerConfigKeys (ConfUtils.java:logGet(46)) - raft.server.threadpool.server.size = 0 (default)
2022-10-13 11:44:18,423 [pool-264-thread-1] INFO  server.RaftServerConfigKeys (ConfUtils.java:logGet(46)) - raft.server.threadpool.client.cached = true (default)
2022-10-13 11:44:18,423 [pool-264-thread-1] INFO  server.RaftServerConfigKeys (ConfUtils.java:logGet(46)) - raft.server.threadpool.client.size = 0 (default)
2022-10-13 11:44:18,423 [pool-264-thread-1] INFO  server.RaftServer$Division (RaftServerImpl.java:start(310)) - febd5d2c-72de-44b7-b010-e5e9acc30848@group-8519467A4E06: start as a follower, conf=-1: [febd5d2c-72de-44b7-b010-e5e9acc30848|rpc:10.1.0.200:36903|priority:1], old=null
2022-10-13 11:44:18,423 [pool-264-thread-1] INFO  server.RaftServer$Division (RaftServerImpl.java:setRole(299)) - febd5d2c-72de-44b7-b010-e5e9acc30848@group-8519467A4E06: changes role from      null to FOLLOWER at term 0 for startAsFollower
2022-10-13 11:44:18,423 [pool-264-thread-1] INFO  impl.RoleInfo (RoleInfo.java:updateAndGet(139)) - febd5d2c-72de-44b7-b010-e5e9acc30848: start febd5d2c-72de-44b7-b010-e5e9acc30848@group-8519467A4E06-FollowerState
2022-10-13 11:44:18,423 [pool-264-thread-1] INFO  util.JmxRegister (JmxRegister.java:tryRegister(44)) - Successfully registered JMX Bean with object name Ratis:service=RaftServer,group=group-8519467A4E06,id=febd5d2c-72de-44b7-b010-e5e9acc30848
2022-10-13 11:44:18,424 [Command processor thread] INFO  ratis.XceiverServerRatis (XceiverServerRatis.java:addGroup(765)) - Created group PipelineID=6f290e13-8475-455e-8771-8519467a4e06
2022-10-13 11:44:18,424 [Command processor thread] INFO  commandhandler.CreatePipelineCommandHandler (CreatePipelineCommandHandler.java:handle(113)) - Created Pipeline RATIS ONE PipelineID=6f290e13-8475-455e-8771-8519467a4e06.
2022-10-13 11:44:18,715 [Command processor thread] INFO  server.RaftServer (RaftServerProxy.java:addNew(96)) - 25446469-ee3e-40e0-a5a9-d9a79eb44528: addNew group-A0788789F9C8:[25446469-ee3e-40e0-a5a9-d9a79eb44528|rpc:10.1.0.200:44607|priority:1] returns group-A0788789F9C8:java.util.concurrent.CompletableFuture@5cd979ac[Not completed]
2022-10-13 11:44:18,716 [pool-291-thread-1] INFO  server.RaftServer$Division (RaftServerImpl.java:<init>(190)) - 25446469-ee3e-40e0-a5a9-d9a79eb44528: new RaftServerImpl for group-A0788789F9C8:[25446469-ee3e-40e0-a5a9-d9a79eb44528|rpc:10.1.0.200:44607|priority:1] with ContainerStateMachine:uninitialized
2022-10-13 11:44:18,716 [pool-291-thread-1] INFO  server.RaftServerConfigKeys (ConfUtils.java:logGet(46)) - raft.server.rpc.timeout.min = 5s (custom)
2022-10-13 11:44:18,716 [pool-291-thread-1] INFO  server.RaftServerConfigKeys (ConfUtils.java:logGet(46)) - raft.server.rpc.timeout.max = 5200ms (custom)
2022-10-13 11:44:18,716 [pool-291-thread-1] INFO  server.RaftServerConfigKeys (ConfUtils.java:logGet(46)) - raft.server.rpc.sleep.time = 25ms (default)
2022-10-13 11:44:18,717 [pool-291-thread-1] INFO  server.RaftServerConfigKeys (ConfUtils.java:logGet(46)) - raft.server.rpc.slowness.timeout = 300s (custom)
2022-10-13 11:44:18,717 [pool-291-thread-1] INFO  server.RaftServerConfigKeys (ConfUtils.java:logGet(46)) - raft.server.leaderelection.leader.step-down.wait-time = 10s (default)
2022-10-13 11:44:18,717 [pool-291-thread-1] INFO  server.RaftServerConfigKeys (ConfUtils.java:logGet(46)) - raft.server.sleep.deviation.threshold = 300ms (default)
2022-10-13 11:44:18,717 [pool-291-thread-1] INFO  server.RaftServer$Division (ServerState.java:<init>(107)) - 25446469-ee3e-40e0-a5a9-d9a79eb44528@group-A0788789F9C8: ConfigurationManager, init=-1: [25446469-ee3e-40e0-a5a9-d9a79eb44528|rpc:10.1.0.200:44607|priority:1], old=null, confs=<EMPTY_MAP>
2022-10-13 11:44:18,717 [pool-291-thread-1] INFO  server.RaftServerConfigKeys (ConfUtils.java:logGet(46)) - raft.server.storage.dir = [/home/runner/work/ozone/ozone/hadoop-ozone/integration-test/target/test-dir/MiniOzoneClusterImpl-da935fb3-9ce5-49ab-a67c-f4b3beb884ab/datanode-9/data/ratis] (custom)
2022-10-13 11:44:18,717 [pool-291-thread-1] INFO  server.RaftServerConfigKeys (ConfUtils.java:logGet(46)) - raft.server.log.corruption.policy = EXCEPTION (default)
2022-10-13 11:44:18,717 [pool-291-thread-1] INFO  server.RaftServerConfigKeys (ConfUtils.java:logGet(46)) - raft.server.storage.free-space.min = 0MB (=0) (default)
2022-10-13 11:44:18,717 [pool-291-thread-1] INFO  storage.RaftStorageDirectory (RaftStorageDirectoryImpl.java:analyzeStorage(135)) - The storage directory /home/runner/work/ozone/ozone/hadoop-ozone/integration-test/target/test-dir/MiniOzoneClusterImpl-da935fb3-9ce5-49ab-a67c-f4b3beb884ab/datanode-9/data/ratis/ee83d239-2bad-4e7c-a64f-a0788789f9c8 does not exist. Creating ...
2022-10-13 11:44:18,719 [pool-291-thread-1] INFO  storage.RaftStorageDirectory (RaftStorageDirectoryImpl.java:tryLock(230)) - Lock on /home/runner/work/ozone/ozone/hadoop-ozone/integration-test/target/test-dir/MiniOzoneClusterImpl-da935fb3-9ce5-49ab-a67c-f4b3beb884ab/datanode-9/data/ratis/ee83d239-2bad-4e7c-a64f-a0788789f9c8/in_use.lock acquired by nodename 27914@fv-az91-750
2022-10-13 11:44:18,721 [pool-291-thread-1] INFO  storage.RaftStorage (RaftStorageImpl.java:format(89)) - Storage directory /home/runner/work/ozone/ozone/hadoop-ozone/integration-test/target/test-dir/MiniOzoneClusterImpl-da935fb3-9ce5-49ab-a67c-f4b3beb884ab/datanode-9/data/ratis/ee83d239-2bad-4e7c-a64f-a0788789f9c8 has been successfully formatted.
2022-10-13 11:44:18,721 [pool-291-thread-1] INFO  ratis.ContainerStateMachine (ContainerStateMachine.java:loadSnapshot(236)) - group-A0788789F9C8: The snapshot info is null. Setting the last applied indexto:(t:0, i:~)
2022-10-13 11:44:18,722 [pool-291-thread-1] INFO  server.RaftServerConfigKeys (ConfUtils.java:logGet(46)) - raft.server.notification.no-leader.timeout = 300s (custom)
2022-10-13 11:44:18,722 [pool-291-thread-1] INFO  server.RaftServerConfigKeys (ConfUtils.java:logGet(46)) - raft.server.log.use.memory = false (default)
2022-10-13 11:44:18,722 [pool-291-thread-1] INFO  server.RaftServerConfigKeys (ConfUtils.java:logGet(46)) - raft.server.log.purge.gap = 1000000 (custom)
2022-10-13 11:44:18,722 [Listener at 127.0.0.1/33933] INFO  ozone.MiniOzoneClusterImpl (MiniOzoneClusterImpl.java:lambda$waitForClusterToBeReady$0(216)) - Nodes are ready. Got 10 of 10 DN Heartbeats.
2022-10-13 11:44:18,722 [Listener at 127.0.0.1/33933] INFO  ozone.MiniOzoneClusterImpl (MiniOzoneClusterImpl.java:lambda$waitForClusterToBeReady$0(219)) - Waiting for cluster to exit safe mode
2022-10-13 11:44:18,722 [Listener at 127.0.0.1/33933] INFO  ozone.MiniOzoneClusterImpl (MiniOzoneClusterImpl.java:lambda$waitForClusterToBeReady$0(221)) - SCM became leader
2022-10-13 11:44:18,722 [pool-291-thread-1] INFO  server.RaftServerConfigKeys (ConfUtils.java:logGet(46)) - raft.server.log.appender.buffer.byte-limit = 33554432 (custom)
2022-10-13 11:44:18,723 [EventQueue-PipelineReportForPipelineReportHandler] INFO  pipeline.PipelineManagerImpl (PipelineManagerImpl.java:openPipeline(367)) - Pipeline Pipeline[ Id: ee83d239-2bad-4e7c-a64f-a0788789f9c8, Nodes: 25446469-ee3e-40e0-a5a9-d9a79eb44528{ip: 10.1.0.200, host: fv-az91-750.1u4dveb1r3ruphbftqvtwhitpc.gx.internal.cloudapp.net, ports: [REPLICATION=43711, RATIS=44607, RATIS_ADMIN=44607, RATIS_SERVER=44607, STANDALONE=35295], networkLocation: /default-rack, certSerialId: null, persistedOpState: IN_SERVICE, persistedOpStateExpiryEpochSec: 0}, ReplicationConfig: RATIS/ONE, State:ALLOCATED, leaderId:25446469-ee3e-40e0-a5a9-d9a79eb44528, CreationTimestamp2022-10-13T11:44:15.718Z[Etc/UTC]] moved to OPEN state
2022-10-13 11:44:18,724 [EventQueue-OpenPipelineForHealthyPipelineSafeModeRule] INFO  safemode.SCMSafeModeManager (HealthyPipelineSafeModeRule.java:process(137)) - SCM in safe mode. Healthy pipelines reported count is 0, required healthy pipeline reported count is 1
2022-10-13 11:44:18,724 [pool-291-thread-1] INFO  server.RaftServerConfigKeys (ConfUtils.java:logGet(46)) - raft.server.log.statemachine.data.read.timeout = 1000ms (default)
2022-10-13 11:44:18,727 [pool-291-thread-1] INFO  server.RaftServerConfigKeys (ConfUtils.java:logGet(46)) - raft.server.log.segment.size.max = 1048576 (custom)
2022-10-13 11:44:18,728 [pool-291-thread-1] INFO  server.RaftServerConfigKeys (ConfUtils.java:logGet(46)) - raft.server.log.segment.cache.num.max = 2 (custom)
2022-10-13 11:44:18,728 [pool-291-thread-1] INFO  server.RaftServerConfigKeys (ConfUtils.java:logGet(46)) - raft.server.log.segment.cache.size.max = 200MB (=209715200) (default)
2022-10-13 11:44:18,728 [pool-291-thread-1] INFO  segmented.SegmentedRaftLogWorker (SegmentedRaftLogWorker.java:<init>(187)) - new 25446469-ee3e-40e0-a5a9-d9a79eb44528@group-A0788789F9C8-SegmentedRaftLogWorker for RaftStorageImpl:Storage Directory /home/runner/work/ozone/ozone/hadoop-ozone/integration-test/target/test-dir/MiniOzoneClusterImpl-da935fb3-9ce5-49ab-a67c-f4b3beb884ab/datanode-9/data/ratis/ee83d239-2bad-4e7c-a64f-a0788789f9c8
2022-10-13 11:44:18,728 [pool-291-thread-1] INFO  server.RaftServerConfigKeys (ConfUtils.java:logGet(46)) - raft.server.log.queue.byte-limit = 4294967296 (custom)
2022-10-13 11:44:18,728 [pool-291-thread-1] INFO  server.RaftServerConfigKeys (ConfUtils.java:logGet(46)) - raft.server.log.queue.element-limit = 1024 (custom)
2022-10-13 11:44:18,728 [pool-291-thread-1] INFO  server.RaftServerConfigKeys (ConfUtils.java:logGet(46)) - raft.server.log.segment.size.max = 1048576 (custom)
2022-10-13 11:44:18,728 [pool-291-thread-1] INFO  server.RaftServerConfigKeys (ConfUtils.java:logGet(46)) - raft.server.log.preallocated.size = 16384 (custom)
2022-10-13 11:44:18,728 [pool-291-thread-1] INFO  server.RaftServerConfigKeys (ConfUtils.java:logGet(46)) - raft.server.log.force.sync.num = 128 (default)
2022-10-13 11:44:18,728 [pool-291-thread-1] INFO  server.RaftServerConfigKeys (ConfUtils.java:logGet(46)) - raft.server.log.statemachine.data.sync = true (default)
2022-10-13 11:44:18,728 [pool-291-thread-1] INFO  server.RaftServerConfigKeys (ConfUtils.java:logGet(46)) - raft.server.log.statemachine.data.sync.timeout = 10s (default)
2022-10-13 11:44:18,728 [pool-291-thread-1] INFO  server.RaftServerConfigKeys (ConfUtils.java:logGet(46)) - raft.server.log.statemachine.data.sync.timeout.retry = -1 (default)
2022-10-13 11:44:18,729 [pool-291-thread-1] INFO  server.RaftServerConfigKeys (ConfUtils.java:logGet(46)) - raft.server.log.write.buffer.size = 1048576 (custom)
2022-10-13 11:44:18,729 [pool-291-thread-1] INFO  server.RaftServerConfigKeys (ConfUtils.java:logGet(46)) - raft.server.log.unsafe-flush.enabled = false (default)
2022-10-13 11:44:18,729 [pool-291-thread-1] INFO  server.RaftServerConfigKeys (ConfUtils.java:logGet(46)) - raft.server.log.statemachine.data.caching.enabled = true (custom)
2022-10-13 11:44:18,730 [pool-291-thread-1] INFO  segmented.SegmentedRaftLogWorker (SegmentedRaftLogWorker.java:lambda$new$0(135)) - 25446469-ee3e-40e0-a5a9-d9a79eb44528@group-A0788789F9C8-SegmentedRaftLogWorker: flushIndex: setUnconditionally 0 -> -1
2022-10-13 11:44:18,730 [pool-291-thread-1] INFO  segmented.SegmentedRaftLogWorker (SegmentedRaftLogWorker.java:lambda$new$0(135)) - 25446469-ee3e-40e0-a5a9-d9a79eb44528@group-A0788789F9C8-SegmentedRaftLogWorker: safeCacheEvictIndex: setUnconditionally 0 -> -1
2022-10-13 11:44:18,730 [pool-291-thread-1] INFO  server.RaftServerConfigKeys (ConfUtils.java:logGet(46)) - raft.server.snapshot.auto.trigger.enabled = true (custom)
2022-10-13 11:44:18,730 [pool-291-thread-1] INFO  server.RaftServerConfigKeys (ConfUtils.java:logGet(46)) - raft.server.snapshot.auto.trigger.threshold = 10000 (custom)
2022-10-13 11:44:18,730 [pool-291-thread-1] INFO  server.RaftServerConfigKeys (ConfUtils.java:logGet(46)) - raft.server.snapshot.retention.file.num = 5 (custom)
2022-10-13 11:44:18,730 [pool-291-thread-1] INFO  server.RaftServerConfigKeys (ConfUtils.java:logGet(46)) - raft.server.log.purge.upto.snapshot.index = false (default)
2022-10-13 11:44:18,730 [pool-291-thread-1] INFO  server.RaftServerConfigKeys (ConfUtils.java:logGet(46)) - raft.server.retrycache.expirytime = 600000ms (custom)
2022-10-13 11:44:18,730 [pool-291-thread-1] INFO  server.RaftServerConfigKeys (ConfUtils.java:logGet(46)) - raft.server.retrycache.statistics.expirytime = 100μs (default)
2022-10-13 11:44:18,731 [pool-291-thread-1] INFO  server.RaftServerConfigKeys (ConfUtils.java:logGet(46)) - raft.server.log.appender.install.snapshot.enabled = false (custom)
2022-10-13 11:44:18,731 [pool-291-thread-1] INFO  server.RaftServerConfigKeys (ConfUtils.java:logGet(46)) - raft.server.threadpool.server.cached = true (default)
2022-10-13 11:44:18,731 [pool-291-thread-1] INFO  server.RaftServerConfigKeys (ConfUtils.java:logGet(46)) - raft.server.threadpool.server.size = 0 (default)
2022-10-13 11:44:18,731 [pool-291-thread-1] INFO  server.RaftServerConfigKeys (ConfUtils.java:logGet(46)) - raft.server.threadpool.client.cached = true (default)
2022-10-13 11:44:18,731 [pool-291-thread-1] INFO  server.RaftServerConfigKeys (ConfUtils.java:logGet(46)) - raft.server.threadpool.client.size = 0 (default)
2022-10-13 11:44:18,731 [pool-291-thread-1] INFO  server.RaftServer$Division (RaftServerImpl.java:start(310)) - 25446469-ee3e-40e0-a5a9-d9a79eb44528@group-A0788789F9C8: start as a follower, conf=-1: [25446469-ee3e-40e0-a5a9-d9a79eb44528|rpc:10.1.0.200:44607|priority:1], old=null
2022-10-13 11:44:18,731 [pool-291-thread-1] INFO  server.RaftServer$Division (RaftServerImpl.java:setRole(299)) - 25446469-ee3e-40e0-a5a9-d9a79eb44528@group-A0788789F9C8: changes role from      null to FOLLOWER at term 0 for startAsFollower
2022-10-13 11:44:18,731 [pool-291-thread-1] INFO  impl.RoleInfo (RoleInfo.java:updateAndGet(139)) - 25446469-ee3e-40e0-a5a9-d9a79eb44528: start 25446469-ee3e-40e0-a5a9-d9a79eb44528@group-A0788789F9C8-FollowerState
2022-10-13 11:44:18,732 [pool-291-thread-1] INFO  util.JmxRegister (JmxRegister.java:tryRegister(44)) - Successfully registered JMX Bean with object name Ratis:service=RaftServer,group=group-A0788789F9C8,id=25446469-ee3e-40e0-a5a9-d9a79eb44528
2022-10-13 11:44:18,732 [Command processor thread] INFO  ratis.XceiverServerRatis (XceiverServerRatis.java:addGroup(765)) - Created group PipelineID=ee83d239-2bad-4e7c-a64f-a0788789f9c8
2022-10-13 11:44:18,733 [Command processor thread] INFO  commandhandler.CreatePipelineCommandHandler (CreatePipelineCommandHandler.java:handle(113)) - Created Pipeline RATIS ONE PipelineID=ee83d239-2bad-4e7c-a64f-a0788789f9c8.
2022-10-13 11:44:19,723 [Listener at 127.0.0.1/33933] INFO  ozone.MiniOzoneClusterImpl (MiniOzoneClusterImpl.java:lambda$waitForClusterToBeReady$0(216)) - Nodes are ready. Got 10 of 10 DN Heartbeats.
2022-10-13 11:44:19,723 [Listener at 127.0.0.1/33933] INFO  ozone.MiniOzoneClusterImpl (MiniOzoneClusterImpl.java:lambda$waitForClusterToBeReady$0(219)) - Waiting for cluster to exit safe mode
2022-10-13 11:44:19,723 [Listener at 127.0.0.1/33933] INFO  ozone.MiniOzoneClusterImpl (MiniOzoneClusterImpl.java:lambda$waitForClusterToBeReady$0(221)) - SCM became leader
2022-10-13 11:44:20,703 [7bf9862a-bc69-4cc0-99fb-78386598ce26@group-4CFC337056EE-FollowerState] INFO  impl.FollowerState (FollowerState.java:run(143)) - 7bf9862a-bc69-4cc0-99fb-78386598ce26@group-4CFC337056EE-FollowerState: change to CANDIDATE, lastRpcElapsedTime:5050993887ns, electionTimeout:5041ms
2022-10-13 11:44:20,703 [7bf9862a-bc69-4cc0-99fb-78386598ce26@group-4CFC337056EE-FollowerState] INFO  impl.RoleInfo (RoleInfo.java:shutdownFollowerState(110)) - 7bf9862a-bc69-4cc0-99fb-78386598ce26: shutdown 7bf9862a-bc69-4cc0-99fb-78386598ce26@group-4CFC337056EE-FollowerState
2022-10-13 11:44:20,704 [7bf9862a-bc69-4cc0-99fb-78386598ce26@group-4CFC337056EE-FollowerState] INFO  server.RaftServer$Division (RaftServerImpl.java:setRole(299)) - 7bf9862a-bc69-4cc0-99fb-78386598ce26@group-4CFC337056EE: changes role from  FOLLOWER to CANDIDATE at term 0 for changeToCandidate
2022-10-13 11:44:20,704 [7bf9862a-bc69-4cc0-99fb-78386598ce26@group-4CFC337056EE-FollowerState] INFO  server.RaftServerConfigKeys (ConfUtils.java:logGet(46)) - raft.server.leaderelection.pre-vote = false (custom)
2022-10-13 11:44:20,704 [7bf9862a-bc69-4cc0-99fb-78386598ce26@group-4CFC337056EE-FollowerState] INFO  impl.RoleInfo (RoleInfo.java:updateAndGet(139)) - 7bf9862a-bc69-4cc0-99fb-78386598ce26: start 7bf9862a-bc69-4cc0-99fb-78386598ce26@group-4CFC337056EE-LeaderElection2
2022-10-13 11:44:20,708 [7bf9862a-bc69-4cc0-99fb-78386598ce26@group-4CFC337056EE-LeaderElection2] INFO  impl.LeaderElection (LeaderElection.java:askForVotes(310)) - 7bf9862a-bc69-4cc0-99fb-78386598ce26@group-4CFC337056EE-LeaderElection2 ELECTION round 0: submit vote requests at term 1 for -1: [5a62ffe2-9c96-4fd5-b7f5-bdbfc1f4ab24|rpc:10.1.0.200:37863|priority:0, 7bf9862a-bc69-4cc0-99fb-78386598ce26|rpc:10.1.0.200:43955|priority:0, 458f4e14-7f73-425f-a1e6-d20318ddd1ae|rpc:10.1.0.200:33873|priority:1], old=null
2022-10-13 11:44:20,726 [Listener at 127.0.0.1/33933] INFO  ozone.MiniOzoneClusterImpl (MiniOzoneClusterImpl.java:lambda$waitForClusterToBeReady$0(216)) - Nodes are ready. Got 10 of 10 DN Heartbeats.
2022-10-13 11:44:20,726 [Listener at 127.0.0.1/33933] INFO  ozone.MiniOzoneClusterImpl (MiniOzoneClusterImpl.java:lambda$waitForClusterToBeReady$0(219)) - Waiting for cluster to exit safe mode
2022-10-13 11:44:20,726 [Listener at 127.0.0.1/33933] INFO  ozone.MiniOzoneClusterImpl (MiniOzoneClusterImpl.java:lambda$waitForClusterToBeReady$0(221)) - SCM became leader
2022-10-13 11:44:20,736 [grpc-default-executor-0] INFO  server.RaftServer$Division (RaftServerImpl.java:requestVote(1152)) - 458f4e14-7f73-425f-a1e6-d20318ddd1ae@group-4CFC337056EE: receive requestVote(ELECTION, 7bf9862a-bc69-4cc0-99fb-78386598ce26, group-4CFC337056EE, 1, (t:0, i:0))
2022-10-13 11:44:20,738 [grpc-default-executor-1] INFO  server.RaftServer$Division (RaftServerImpl.java:requestVote(1152)) - 5a62ffe2-9c96-4fd5-b7f5-bdbfc1f4ab24@group-4CFC337056EE: receive requestVote(ELECTION, 7bf9862a-bc69-4cc0-99fb-78386598ce26, group-4CFC337056EE, 1, (t:0, i:0))
2022-10-13 11:44:20,740 [grpc-default-executor-1] INFO  impl.VoteContext (VoteContext.java:log(48)) - 5a62ffe2-9c96-4fd5-b7f5-bdbfc1f4ab24@group-4CFC337056EE-FOLLOWER: accept ELECTION from 7bf9862a-bc69-4cc0-99fb-78386598ce26: our priority 0 <= candidate's priority 0
2022-10-13 11:44:20,740 [grpc-default-executor-1] INFO  server.RaftServer$Division (RaftServerImpl.java:setRole(299)) - 5a62ffe2-9c96-4fd5-b7f5-bdbfc1f4ab24@group-4CFC337056EE: changes role from  FOLLOWER to FOLLOWER at term 1 for candidate:7bf9862a-bc69-4cc0-99fb-78386598ce26
2022-10-13 11:44:20,741 [grpc-default-executor-1] INFO  impl.RoleInfo (RoleInfo.java:shutdownFollowerState(110)) - 5a62ffe2-9c96-4fd5-b7f5-bdbfc1f4ab24: shutdown 5a62ffe2-9c96-4fd5-b7f5-bdbfc1f4ab24@group-4CFC337056EE-FollowerState
2022-10-13 11:44:20,740 [grpc-default-executor-0] INFO  impl.VoteContext (VoteContext.java:log(48)) - 458f4e14-7f73-425f-a1e6-d20318ddd1ae@group-4CFC337056EE-FOLLOWER: reject ELECTION from 7bf9862a-bc69-4cc0-99fb-78386598ce26: our priority 1 > candidate's priority 0
2022-10-13 11:44:20,741 [grpc-default-executor-1] INFO  impl.RoleInfo (RoleInfo.java:updateAndGet(139)) - 5a62ffe2-9c96-4fd5-b7f5-bdbfc1f4ab24: start 5a62ffe2-9c96-4fd5-b7f5-bdbfc1f4ab24@group-4CFC337056EE-FollowerState
2022-10-13 11:44:20,741 [5a62ffe2-9c96-4fd5-b7f5-bdbfc1f4ab24@group-4CFC337056EE-FollowerState] INFO  impl.FollowerState (FollowerState.java:run(152)) - 5a62ffe2-9c96-4fd5-b7f5-bdbfc1f4ab24@group-4CFC337056EE-FollowerState was interrupted
2022-10-13 11:44:20,745 [grpc-default-executor-0] INFO  server.RaftServer$Division (RaftServerImpl.java:setRole(299)) - 458f4e14-7f73-425f-a1e6-d20318ddd1ae@group-4CFC337056EE: changes role from  FOLLOWER to FOLLOWER at term 1 for candidate:7bf9862a-bc69-4cc0-99fb-78386598ce26
2022-10-13 11:44:20,745 [grpc-default-executor-0] INFO  impl.RoleInfo (RoleInfo.java:shutdownFollowerState(110)) - 458f4e14-7f73-425f-a1e6-d20318ddd1ae: shutdown 458f4e14-7f73-425f-a1e6-d20318ddd1ae@group-4CFC337056EE-FollowerState
2022-10-13 11:44:20,746 [grpc-default-executor-0] INFO  impl.RoleInfo (RoleInfo.java:updateAndGet(139)) - 458f4e14-7f73-425f-a1e6-d20318ddd1ae: start 458f4e14-7f73-425f-a1e6-d20318ddd1ae@group-4CFC337056EE-FollowerState
2022-10-13 11:44:20,746 [458f4e14-7f73-425f-a1e6-d20318ddd1ae@group-4CFC337056EE-FollowerState] INFO  impl.FollowerState (FollowerState.java:run(152)) - 458f4e14-7f73-425f-a1e6-d20318ddd1ae@group-4CFC337056EE-FollowerState was interrupted
2022-10-13 11:44:20,757 [grpc-default-executor-1] INFO  server.RaftServer$Division (RaftServerImpl.java:requestVote(1184)) - 5a62ffe2-9c96-4fd5-b7f5-bdbfc1f4ab24@group-4CFC337056EE replies to ELECTION vote request: 7bf9862a-bc69-4cc0-99fb-78386598ce26<-5a62ffe2-9c96-4fd5-b7f5-bdbfc1f4ab24#0:OK-t1. Peer's state: 5a62ffe2-9c96-4fd5-b7f5-bdbfc1f4ab24@group-4CFC337056EE:t1, leader=null, voted=7bf9862a-bc69-4cc0-99fb-78386598ce26, raftlog=5a62ffe2-9c96-4fd5-b7f5-bdbfc1f4ab24@group-4CFC337056EE-SegmentedRaftLog:OPENED:c-1, conf=-1: [5a62ffe2-9c96-4fd5-b7f5-bdbfc1f4ab24|rpc:10.1.0.200:37863|priority:0, 7bf9862a-bc69-4cc0-99fb-78386598ce26|rpc:10.1.0.200:43955|priority:0, 458f4e14-7f73-425f-a1e6-d20318ddd1ae|rpc:10.1.0.200:33873|priority:1], old=null
2022-10-13 11:44:20,757 [grpc-default-executor-0] INFO  server.RaftServer$Division (RaftServerImpl.java:requestVote(1184)) - 458f4e14-7f73-425f-a1e6-d20318ddd1ae@group-4CFC337056EE replies to ELECTION vote request: 7bf9862a-bc69-4cc0-99fb-78386598ce26<-458f4e14-7f73-425f-a1e6-d20318ddd1ae#0:FAIL-t1. Peer's state: 458f4e14-7f73-425f-a1e6-d20318ddd1ae@group-4CFC337056EE:t1, leader=null, voted=null, raftlog=458f4e14-7f73-425f-a1e6-d20318ddd1ae@group-4CFC337056EE-SegmentedRaftLog:OPENED:c-1, conf=-1: [5a62ffe2-9c96-4fd5-b7f5-bdbfc1f4ab24|rpc:10.1.0.200:37863|dataStream:|priority:0, 7bf9862a-bc69-4cc0-99fb-78386598ce26|rpc:10.1.0.200:43955|dataStream:|priority:0, 458f4e14-7f73-425f-a1e6-d20318ddd1ae|rpc:10.1.0.200:33873|dataStream:|priority:1], old=null
2022-10-13 11:44:20,765 [7bf9862a-bc69-4cc0-99fb-78386598ce26@group-4CFC337056EE-LeaderElection2] INFO  impl.LeaderElection (LeaderElection.java:logAndReturn(90)) - 7bf9862a-bc69-4cc0-99fb-78386598ce26@group-4CFC337056EE-LeaderElection2: ELECTION REJECTED received 1 response(s) and 0 exception(s):
2022-10-13 11:44:20,766 [7bf9862a-bc69-4cc0-99fb-78386598ce26@group-4CFC337056EE-LeaderElection2] INFO  impl.LeaderElection (LeaderElection.java:logAndReturn(94)) -   Response 0: 7bf9862a-bc69-4cc0-99fb-78386598ce26<-458f4e14-7f73-425f-a1e6-d20318ddd1ae#0:FAIL-t1
2022-10-13 11:44:20,766 [7bf9862a-bc69-4cc0-99fb-78386598ce26@group-4CFC337056EE-LeaderElection2] INFO  impl.LeaderElection (LeaderElection.java:askForVotes(312)) - 7bf9862a-bc69-4cc0-99fb-78386598ce26@group-4CFC337056EE-LeaderElection2 ELECTION round 0: result REJECTED
2022-10-13 11:44:20,766 [7bf9862a-bc69-4cc0-99fb-78386598ce26@group-4CFC337056EE-LeaderElection2] INFO  server.RaftServer$Division (RaftServerImpl.java:setRole(299)) - 7bf9862a-bc69-4cc0-99fb-78386598ce26@group-4CFC337056EE: changes role from CANDIDATE to FOLLOWER at term 1 for REJECTED
2022-10-13 11:44:20,766 [7bf9862a-bc69-4cc0-99fb-78386598ce26@group-4CFC337056EE-LeaderElection2] INFO  impl.RoleInfo (RoleInfo.java:shutdownLeaderElection(130)) - 7bf9862a-bc69-4cc0-99fb-78386598ce26: shutdown 7bf9862a-bc69-4cc0-99fb-78386598ce26@group-4CFC337056EE-LeaderElection2
2022-10-13 11:44:20,767 [7bf9862a-bc69-4cc0-99fb-78386598ce26@group-4CFC337056EE-LeaderElection2] INFO  impl.RoleInfo (RoleInfo.java:updateAndGet(139)) - 7bf9862a-bc69-4cc0-99fb-78386598ce26: start 7bf9862a-bc69-4cc0-99fb-78386598ce26@group-4CFC337056EE-FollowerState
2022-10-13 11:44:20,811 [7bf9862a-bc69-4cc0-99fb-78386598ce26@group-62D058F4AA4E-FollowerState] INFO  impl.FollowerState (FollowerState.java:run(143)) - 7bf9862a-bc69-4cc0-99fb-78386598ce26@group-62D058F4AA4E-FollowerState: change to CANDIDATE, lastRpcElapsedTime:5189959906ns, electionTimeout:5175ms
2022-10-13 11:44:20,812 [7bf9862a-bc69-4cc0-99fb-78386598ce26@group-62D058F4AA4E-FollowerState] INFO  impl.RoleInfo (RoleInfo.java:shutdownFollowerState(110)) - 7bf9862a-bc69-4cc0-99fb-78386598ce26: shutdown 7bf9862a-bc69-4cc0-99fb-78386598ce26@group-62D058F4AA4E-FollowerState
2022-10-13 11:44:20,812 [7bf9862a-bc69-4cc0-99fb-78386598ce26@group-62D058F4AA4E-FollowerState] INFO  server.RaftServer$Division (RaftServerImpl.java:setRole(299)) - 7bf9862a-bc69-4cc0-99fb-78386598ce26@group-62D058F4AA4E: changes role from  FOLLOWER to CANDIDATE at term 0 for changeToCandidate
2022-10-13 11:44:20,812 [7bf9862a-bc69-4cc0-99fb-78386598ce26@group-62D058F4AA4E-FollowerState] INFO  server.RaftServerConfigKeys (ConfUtils.java:logGet(46)) - raft.server.leaderelection.pre-vote = false (custom)
2022-10-13 11:44:20,812 [7bf9862a-bc69-4cc0-99fb-78386598ce26@group-62D058F4AA4E-FollowerState] INFO  impl.RoleInfo (RoleInfo.java:updateAndGet(139)) - 7bf9862a-bc69-4cc0-99fb-78386598ce26: start 7bf9862a-bc69-4cc0-99fb-78386598ce26@group-62D058F4AA4E-LeaderElection3
2022-10-13 11:44:20,815 [7bf9862a-bc69-4cc0-99fb-78386598ce26@group-62D058F4AA4E-LeaderElection3] INFO  impl.LeaderElection (LeaderElection.java:askForVotes(310)) - 7bf9862a-bc69-4cc0-99fb-78386598ce26@group-62D058F4AA4E-LeaderElection3 ELECTION round 0: submit vote requests at term 1 for -1: [7bf9862a-bc69-4cc0-99fb-78386598ce26|rpc:10.1.0.200:43955|priority:1], old=null
2022-10-13 11:44:20,816 [7bf9862a-bc69-4cc0-99fb-78386598ce26@group-62D058F4AA4E-LeaderElection3] INFO  impl.LeaderElection (LeaderElection.java:askForVotes(312)) - 7bf9862a-bc69-4cc0-99fb-78386598ce26@group-62D058F4AA4E-LeaderElection3 ELECTION round 0: result PASSED (term=1)
2022-10-13 11:44:20,816 [7bf9862a-bc69-4cc0-99fb-78386598ce26@group-62D058F4AA4E-LeaderElection3] INFO  impl.RoleInfo (RoleInfo.java:shutdownLeaderElection(130)) - 7bf9862a-bc69-4cc0-99fb-78386598ce26: shutdown 7bf9862a-bc69-4cc0-99fb-78386598ce26@group-62D058F4AA4E-LeaderElection3
2022-10-13 11:44:20,816 [7bf9862a-bc69-4cc0-99fb-78386598ce26@group-62D058F4AA4E-LeaderElection3] INFO  server.RaftServer$Division (RaftServerImpl.java:setRole(299)) - 7bf9862a-bc69-4cc0-99fb-78386598ce26@group-62D058F4AA4E: changes role from CANDIDATE to LEADER at term 1 for changeToLeader
2022-10-13 11:44:20,816 [7bf9862a-bc69-4cc0-99fb-78386598ce26@group-62D058F4AA4E-LeaderElection3] INFO  ratis.XceiverServerRatis (XceiverServerRatis.java:handleLeaderChangedNotification(863)) - Leader change notification received for group: group-62D058F4AA4E with new leaderId: 7bf9862a-bc69-4cc0-99fb-78386598ce26
2022-10-13 11:44:20,816 [7bf9862a-bc69-4cc0-99fb-78386598ce26@group-62D058F4AA4E-LeaderElection3] INFO  server.RaftServer$Division (ServerState.java:setLeader(287)) - 7bf9862a-bc69-4cc0-99fb-78386598ce26@group-62D058F4AA4E: change Leader from null to 7bf9862a-bc69-4cc0-99fb-78386598ce26 at term 1 for becomeLeader, leader elected after 5205ms
2022-10-13 11:44:20,816 [7bf9862a-bc69-4cc0-99fb-78386598ce26@group-62D058F4AA4E-LeaderElection3] INFO  server.RaftServerConfigKeys (ConfUtils.java:logGet(46)) - raft.server.staging.catchup.gap = 1000 (default)
2022-10-13 11:44:20,817 [7bf9862a-bc69-4cc0-99fb-78386598ce26@group-62D058F4AA4E-LeaderElection3] INFO  server.RaftServerConfigKeys (ConfUtils.java:logGet(46)) - raft.server.write.element-limit = 1024 (custom)
2022-10-13 11:44:20,817 [7bf9862a-bc69-4cc0-99fb-78386598ce26@group-62D058F4AA4E-LeaderElection3] INFO  server.RaftServerConfigKeys (ConfUtils.java:logGet(46)) - raft.server.write.byte-limit = 1024 M (=1073741824) (custom)
2022-10-13 11:44:20,818 [EventQueue-OpenPipelineForHealthyPipelineSafeModeRule] INFO  safemode.SCMSafeModeManager (HealthyPipelineSafeModeRule.java:process(137)) - SCM in safe mode. Healthy pipelines reported count is 0, required healthy pipeline reported count is 1
2022-10-13 11:44:20,818 [7bf9862a-bc69-4cc0-99fb-78386598ce26@group-62D058F4AA4E-LeaderElection3] INFO  server.RaftServerConfigKeys (ConfUtils.java:logGet(46)) - raft.server.watch.timeout = 180s (custom)
2022-10-13 11:44:20,818 [7bf9862a-bc69-4cc0-99fb-78386598ce26@group-62D058F4AA4E-LeaderElection3] INFO  server.RaftServerConfigKeys (ConfUtils.java:logGet(46)) - raft.server.watch.timeout.denomination = 1s (default)
2022-10-13 11:44:20,818 [7bf9862a-bc69-4cc0-99fb-78386598ce26@group-62D058F4AA4E-LeaderElection3] INFO  server.RaftServerConfigKeys (ConfUtils.java:logGet(46)) - raft.server.watch.element-limit = 65536 (default)
2022-10-13 11:44:20,818 [7bf9862a-bc69-4cc0-99fb-78386598ce26@group-62D058F4AA4E-LeaderElection3] INFO  server.RaftServerConfigKeys (ConfUtils.java:logGet(46)) - raft.server.write.element-limit = 1024 (custom)
2022-10-13 11:44:20,819 [7bf9862a-bc69-4cc0-99fb-78386598ce26@group-62D058F4AA4E-LeaderElection3] INFO  server.RaftServerConfigKeys (ConfUtils.java:logGet(46)) - raft.server.write.follower.gap.ratio.max = -1.0 (default)
2022-10-13 11:44:20,819 [7bf9862a-bc69-4cc0-99fb-78386598ce26@group-62D058F4AA4E-LeaderElection3] INFO  impl.RoleInfo (RoleInfo.java:updateAndGet(139)) - 7bf9862a-bc69-4cc0-99fb-78386598ce26: start 7bf9862a-bc69-4cc0-99fb-78386598ce26@group-62D058F4AA4E-LeaderStateImpl
2022-10-13 11:44:20,819 [7bf9862a-bc69-4cc0-99fb-78386598ce26@group-62D058F4AA4E-LeaderElection3] INFO  segmented.SegmentedRaftLogWorker (SegmentedRaftLogWorker.java:startLogSegment(425)) - 7bf9862a-bc69-4cc0-99fb-78386598ce26@group-62D058F4AA4E-SegmentedRaftLogWorker: Starting segment from index:0
2022-10-13 11:44:20,820 [7bf9862a-bc69-4cc0-99fb-78386598ce26@group-62D058F4AA4E-SegmentedRaftLogWorker] INFO  segmented.SegmentedRaftLogWorker (SegmentedRaftLogWorker.java:execute(629)) - 7bf9862a-bc69-4cc0-99fb-78386598ce26@group-62D058F4AA4E-SegmentedRaftLogWorker: created new log segment /home/runner/work/ozone/ozone/hadoop-ozone/integration-test/target/test-dir/MiniOzoneClusterImpl-da935fb3-9ce5-49ab-a67c-f4b3beb884ab/datanode-0/data/ratis/9b21bdae-a81f-4811-8164-62d058f4aa4e/current/log_inprogress_0
2022-10-13 11:44:20,823 [7bf9862a-bc69-4cc0-99fb-78386598ce26@group-62D058F4AA4E-LeaderElection3] INFO  server.RaftServer$Division (ServerState.java:setRaftConf(393)) - 7bf9862a-bc69-4cc0-99fb-78386598ce26@group-62D058F4AA4E: set configuration 0: [7bf9862a-bc69-4cc0-99fb-78386598ce26|rpc:10.1.0.200:43955|dataStream:|priority:1], old=null
2022-10-13 11:44:21,264 [5a62ffe2-9c96-4fd5-b7f5-bdbfc1f4ab24@group-EB990D781EF8-FollowerState] INFO  impl.FollowerState (FollowerState.java:run(143)) - 5a62ffe2-9c96-4fd5-b7f5-bdbfc1f4ab24@group-EB990D781EF8-FollowerState: change to CANDIDATE, lastRpcElapsedTime:5181037592ns, electionTimeout:5176ms
2022-10-13 11:44:21,264 [5a62ffe2-9c96-4fd5-b7f5-bdbfc1f4ab24@group-EB990D781EF8-FollowerState] INFO  impl.RoleInfo (RoleInfo.java:shutdownFollowerState(110)) - 5a62ffe2-9c96-4fd5-b7f5-bdbfc1f4ab24: shutdown 5a62ffe2-9c96-4fd5-b7f5-bdbfc1f4ab24@group-EB990D781EF8-FollowerState
2022-10-13 11:44:21,264 [5a62ffe2-9c96-4fd5-b7f5-bdbfc1f4ab24@group-EB990D781EF8-FollowerState] INFO  server.RaftServer$Division (RaftServerImpl.java:setRole(299)) - 5a62ffe2-9c96-4fd5-b7f5-bdbfc1f4ab24@group-EB990D781EF8: changes role from  FOLLOWER to CANDIDATE at term 0 for changeToCandidate
2022-10-13 11:44:21,264 [5a62ffe2-9c96-4fd5-b7f5-bdbfc1f4ab24@group-EB990D781EF8-FollowerState] INFO  server.RaftServerConfigKeys (ConfUtils.java:logGet(46)) - raft.server.leaderelection.pre-vote = false (custom)
2022-10-13 11:44:21,264 [5a62ffe2-9c96-4fd5-b7f5-bdbfc1f4ab24@group-EB990D781EF8-FollowerState] INFO  impl.RoleInfo (RoleInfo.java:updateAndGet(139)) - 5a62ffe2-9c96-4fd5-b7f5-bdbfc1f4ab24: start 5a62ffe2-9c96-4fd5-b7f5-bdbfc1f4ab24@group-EB990D781EF8-LeaderElection4
2022-10-13 11:44:21,269 [5a62ffe2-9c96-4fd5-b7f5-bdbfc1f4ab24@group-EB990D781EF8-LeaderElection4] INFO  impl.LeaderElection (LeaderElection.java:askForVotes(310)) - 5a62ffe2-9c96-4fd5-b7f5-bdbfc1f4ab24@group-EB990D781EF8-LeaderElection4 ELECTION round 0: submit vote requests at term 1 for -1: [5a62ffe2-9c96-4fd5-b7f5-bdbfc1f4ab24|rpc:10.1.0.200:37863|priority:1], old=null
2022-10-13 11:44:21,269 [5a62ffe2-9c96-4fd5-b7f5-bdbfc1f4ab24@group-EB990D781EF8-LeaderElection4] INFO  impl.LeaderElection (LeaderElection.java:askForVotes(312)) - 5a62ffe2-9c96-4fd5-b7f5-bdbfc1f4ab24@group-EB990D781EF8-LeaderElection4 ELECTION round 0: result PASSED (term=1)
2022-10-13 11:44:21,269 [5a62ffe2-9c96-4fd5-b7f5-bdbfc1f4ab24@group-EB990D781EF8-LeaderElection4] INFO  impl.RoleInfo (RoleInfo.java:shutdownLeaderElection(130)) - 5a62ffe2-9c96-4fd5-b7f5-bdbfc1f4ab24: shutdown 5a62ffe2-9c96-4fd5-b7f5-bdbfc1f4ab24@group-EB990D781EF8-LeaderElection4
2022-10-13 11:44:21,270 [5a62ffe2-9c96-4fd5-b7f5-bdbfc1f4ab24@group-EB990D781EF8-LeaderElection4] INFO  server.RaftServer$Division (RaftServerImpl.java:setRole(299)) - 5a62ffe2-9c96-4fd5-b7f5-bdbfc1f4ab24@group-EB990D781EF8: changes role from CANDIDATE to LEADER at term 1 for changeToLeader
2022-10-13 11:44:21,270 [5a62ffe2-9c96-4fd5-b7f5-bdbfc1f4ab24@group-EB990D781EF8-LeaderElection4] INFO  ratis.XceiverServerRatis (XceiverServerRatis.java:handleLeaderChangedNotification(863)) - Leader change notification received for group: group-EB990D781EF8 with new leaderId: 5a62ffe2-9c96-4fd5-b7f5-bdbfc1f4ab24
2022-10-13 11:44:21,270 [5a62ffe2-9c96-4fd5-b7f5-bdbfc1f4ab24@group-EB990D781EF8-LeaderElection4] INFO  server.RaftServer$Division (ServerState.java:setLeader(287)) - 5a62ffe2-9c96-4fd5-b7f5-bdbfc1f4ab24@group-EB990D781EF8: change Leader from null to 5a62ffe2-9c96-4fd5-b7f5-bdbfc1f4ab24 at term 1 for becomeLeader, leader elected after 5210ms
2022-10-13 11:44:21,270 [5a62ffe2-9c96-4fd5-b7f5-bdbfc1f4ab24@group-EB990D781EF8-LeaderElection4] INFO  server.RaftServerConfigKeys (ConfUtils.java:logGet(46)) - raft.server.staging.catchup.gap = 1000 (default)
2022-10-13 11:44:21,270 [5a62ffe2-9c96-4fd5-b7f5-bdbfc1f4ab24@group-EB990D781EF8-LeaderElection4] INFO  server.RaftServerConfigKeys (ConfUtils.java:logGet(46)) - raft.server.write.element-limit = 1024 (custom)
2022-10-13 11:44:21,270 [5a62ffe2-9c96-4fd5-b7f5-bdbfc1f4ab24@group-EB990D781EF8-LeaderElection4] INFO  server.RaftServerConfigKeys (ConfUtils.java:logGet(46)) - raft.server.write.byte-limit = 1024 M (=1073741824) (custom)
2022-10-13 11:44:21,271 [5a62ffe2-9c96-4fd5-b7f5-bdbfc1f4ab24@group-EB990D781EF8-LeaderElection4] INFO  server.RaftServerConfigKeys (ConfUtils.java:logGet(46)) - raft.server.watch.timeout = 180s (custom)
2022-10-13 11:44:21,271 [5a62ffe2-9c96-4fd5-b7f5-bdbfc1f4ab24@group-EB990D781EF8-LeaderElection4] INFO  server.RaftServerConfigKeys (ConfUtils.java:logGet(46)) - raft.server.watch.timeout.denomination = 1s (default)
2022-10-13 11:44:21,271 [5a62ffe2-9c96-4fd5-b7f5-bdbfc1f4ab24@group-EB990D781EF8-LeaderElection4] INFO  server.RaftServerConfigKeys (ConfUtils.java:logGet(46)) - raft.server.watch.element-limit = 65536 (default)
2022-10-13 11:44:21,271 [5a62ffe2-9c96-4fd5-b7f5-bdbfc1f4ab24@group-EB990D781EF8-LeaderElection4] INFO  server.RaftServerConfigKeys (ConfUtils.java:logGet(46)) - raft.server.write.element-limit = 1024 (custom)
2022-10-13 11:44:21,271 [5a62ffe2-9c96-4fd5-b7f5-bdbfc1f4ab24@group-EB990D781EF8-LeaderElection4] INFO  server.RaftServerConfigKeys (ConfUtils.java:logGet(46)) - raft.server.write.follower.gap.ratio.max = -1.0 (default)
2022-10-13 11:44:21,271 [5a62ffe2-9c96-4fd5-b7f5-bdbfc1f4ab24@group-EB990D781EF8-LeaderElection4] INFO  impl.RoleInfo (RoleInfo.java:updateAndGet(139)) - 5a62ffe2-9c96-4fd5-b7f5-bdbfc1f4ab24: start 5a62ffe2-9c96-4fd5-b7f5-bdbfc1f4ab24@group-EB990D781EF8-LeaderStateImpl
2022-10-13 11:44:21,271 [5a62ffe2-9c96-4fd5-b7f5-bdbfc1f4ab24@group-EB990D781EF8-LeaderElection4] INFO  segmented.SegmentedRaftLogWorker (SegmentedRaftLogWorker.java:startLogSegment(425)) - 5a62ffe2-9c96-4fd5-b7f5-bdbfc1f4ab24@group-EB990D781EF8-SegmentedRaftLogWorker: Starting segment from index:0
2022-10-13 11:44:21,272 [EventQueue-OpenPipelineForHealthyPipelineSafeModeRule] INFO  safemode.SCMSafeModeManager (HealthyPipelineSafeModeRule.java:process(137)) - SCM in safe mode. Healthy pipelines reported count is 0, required healthy pipeline reported count is 1
2022-10-13 11:44:21,273 [5a62ffe2-9c96-4fd5-b7f5-bdbfc1f4ab24@group-EB990D781EF8-LeaderElection4] INFO  server.RaftServer$Division (ServerState.java:setRaftConf(393)) - 5a62ffe2-9c96-4fd5-b7f5-bdbfc1f4ab24@group-EB990D781EF8: set configuration 0: [5a62ffe2-9c96-4fd5-b7f5-bdbfc1f4ab24|rpc:10.1.0.200:37863|dataStream:|priority:1], old=null
2022-10-13 11:44:21,274 [5a62ffe2-9c96-4fd5-b7f5-bdbfc1f4ab24@group-EB990D781EF8-SegmentedRaftLogWorker] INFO  segmented.SegmentedRaftLogWorker (SegmentedRaftLogWorker.java:execute(629)) - 5a62ffe2-9c96-4fd5-b7f5-bdbfc1f4ab24@group-EB990D781EF8-SegmentedRaftLogWorker: created new log segment /home/runner/work/ozone/ozone/hadoop-ozone/integration-test/target/test-dir/MiniOzoneClusterImpl-da935fb3-9ce5-49ab-a67c-f4b3beb884ab/datanode-1/data/ratis/59eb9f05-6f25-4e47-9243-eb990d781ef8/current/log_inprogress_0
2022-10-13 11:44:21,366 [5a62ffe2-9c96-4fd5-b7f5-bdbfc1f4ab24@group-328AF021BE98-FollowerState] INFO  impl.FollowerState (FollowerState.java:run(143)) - 5a62ffe2-9c96-4fd5-b7f5-bdbfc1f4ab24@group-328AF021BE98-FollowerState: change to CANDIDATE, lastRpcElapsedTime:5039307180ns, electionTimeout:5038ms
2022-10-13 11:44:21,367 [5a62ffe2-9c96-4fd5-b7f5-bdbfc1f4ab24@group-328AF021BE98-FollowerState] INFO  impl.RoleInfo (RoleInfo.java:shutdownFollowerState(110)) - 5a62ffe2-9c96-4fd5-b7f5-bdbfc1f4ab24: shutdown 5a62ffe2-9c96-4fd5-b7f5-bdbfc1f4ab24@group-328AF021BE98-FollowerState
2022-10-13 11:44:21,367 [5a62ffe2-9c96-4fd5-b7f5-bdbfc1f4ab24@group-328AF021BE98-FollowerState] INFO  server.RaftServer$Division (RaftServerImpl.java:setRole(299)) - 5a62ffe2-9c96-4fd5-b7f5-bdbfc1f4ab24@group-328AF021BE98: changes role from  FOLLOWER to CANDIDATE at term 0 for changeToCandidate
2022-10-13 11:44:21,367 [5a62ffe2-9c96-4fd5-b7f5-bdbfc1f4ab24@group-328AF021BE98-FollowerState] INFO  server.RaftServerConfigKeys (ConfUtils.java:logGet(46)) - raft.server.leaderelection.pre-vote = false (custom)
2022-10-13 11:44:21,367 [5a62ffe2-9c96-4fd5-b7f5-bdbfc1f4ab24@group-328AF021BE98-FollowerState] INFO  impl.RoleInfo (RoleInfo.java:updateAndGet(139)) - 5a62ffe2-9c96-4fd5-b7f5-bdbfc1f4ab24: start 5a62ffe2-9c96-4fd5-b7f5-bdbfc1f4ab24@group-328AF021BE98-LeaderElection5
2022-10-13 11:44:21,373 [5a62ffe2-9c96-4fd5-b7f5-bdbfc1f4ab24@group-328AF021BE98-LeaderElection5] INFO  impl.LeaderElection (LeaderElection.java:askForVotes(310)) - 5a62ffe2-9c96-4fd5-b7f5-bdbfc1f4ab24@group-328AF021BE98-LeaderElection5 ELECTION round 0: submit vote requests at term 1 for -1: [5a62ffe2-9c96-4fd5-b7f5-bdbfc1f4ab24|rpc:10.1.0.200:37863|priority:0, 7bf9862a-bc69-4cc0-99fb-78386598ce26|rpc:10.1.0.200:43955|priority:1, 458f4e14-7f73-425f-a1e6-d20318ddd1ae|rpc:10.1.0.200:33873|priority:0], old=null
2022-10-13 11:44:21,384 [grpc-default-executor-0] INFO  server.RaftServer$Division (RaftServerImpl.java:requestVote(1152)) - 7bf9862a-bc69-4cc0-99fb-78386598ce26@group-328AF021BE98: receive requestVote(ELECTION, 5a62ffe2-9c96-4fd5-b7f5-bdbfc1f4ab24, group-328AF021BE98, 1, (t:0, i:0))
2022-10-13 11:44:21,384 [grpc-default-executor-0] INFO  impl.VoteContext (VoteContext.java:log(48)) - 7bf9862a-bc69-4cc0-99fb-78386598ce26@group-328AF021BE98-FOLLOWER: reject ELECTION from 5a62ffe2-9c96-4fd5-b7f5-bdbfc1f4ab24: our priority 1 > candidate's priority 0
2022-10-13 11:44:21,384 [grpc-default-executor-0] INFO  server.RaftServer$Division (RaftServerImpl.java:setRole(299)) - 7bf9862a-bc69-4cc0-99fb-78386598ce26@group-328AF021BE98: changes role from  FOLLOWER to FOLLOWER at term 1 for candidate:5a62ffe2-9c96-4fd5-b7f5-bdbfc1f4ab24
2022-10-13 11:44:21,384 [grpc-default-executor-0] INFO  impl.RoleInfo (RoleInfo.java:shutdownFollowerState(110)) - 7bf9862a-bc69-4cc0-99fb-78386598ce26: shutdown 7bf9862a-bc69-4cc0-99fb-78386598ce26@group-328AF021BE98-FollowerState
2022-10-13 11:44:21,384 [grpc-default-executor-0] INFO  impl.RoleInfo (RoleInfo.java:updateAndGet(139)) - 7bf9862a-bc69-4cc0-99fb-78386598ce26: start 7bf9862a-bc69-4cc0-99fb-78386598ce26@group-328AF021BE98-FollowerState
2022-10-13 11:44:21,385 [7bf9862a-bc69-4cc0-99fb-78386598ce26@group-328AF021BE98-FollowerState] INFO  impl.FollowerState (FollowerState.java:run(152)) - 7bf9862a-bc69-4cc0-99fb-78386598ce26@group-328AF021BE98-FollowerState was interrupted
2022-10-13 11:44:21,388 [grpc-default-executor-0] INFO  server.RaftServer$Division (RaftServerImpl.java:requestVote(1184)) - 7bf9862a-bc69-4cc0-99fb-78386598ce26@group-328AF021BE98 replies to ELECTION vote request: 5a62ffe2-9c96-4fd5-b7f5-bdbfc1f4ab24<-7bf9862a-bc69-4cc0-99fb-78386598ce26#0:FAIL-t1. Peer's state: 7bf9862a-bc69-4cc0-99fb-78386598ce26@group-328AF021BE98:t1, leader=null, voted=null, raftlog=7bf9862a-bc69-4cc0-99fb-78386598ce26@group-328AF021BE98-SegmentedRaftLog:OPENED:c-1, conf=-1: [5a62ffe2-9c96-4fd5-b7f5-bdbfc1f4ab24|rpc:10.1.0.200:37863|priority:0, 7bf9862a-bc69-4cc0-99fb-78386598ce26|rpc:10.1.0.200:43955|priority:1, 458f4e14-7f73-425f-a1e6-d20318ddd1ae|rpc:10.1.0.200:33873|priority:0], old=null
2022-10-13 11:44:21,391 [5a62ffe2-9c96-4fd5-b7f5-bdbfc1f4ab24@group-328AF021BE98-LeaderElection5] INFO  impl.LeaderElection (LeaderElection.java:logAndReturn(90)) - 5a62ffe2-9c96-4fd5-b7f5-bdbfc1f4ab24@group-328AF021BE98-LeaderElection5: ELECTION REJECTED received 1 response(s) and 0 exception(s):
2022-10-13 11:44:21,391 [5a62ffe2-9c96-4fd5-b7f5-bdbfc1f4ab24@group-328AF021BE98-LeaderElection5] INFO  impl.LeaderElection (LeaderElection.java:logAndReturn(94)) -   Response 0: 5a62ffe2-9c96-4fd5-b7f5-bdbfc1f4ab24<-7bf9862a-bc69-4cc0-99fb-78386598ce26#0:FAIL-t1
2022-10-13 11:44:21,391 [5a62ffe2-9c96-4fd5-b7f5-bdbfc1f4ab24@group-328AF021BE98-LeaderElection5] INFO  impl.LeaderElection (LeaderElection.java:askForVotes(312)) - 5a62ffe2-9c96-4fd5-b7f5-bdbfc1f4ab24@group-328AF021BE98-LeaderElection5 ELECTION round 0: result REJECTED
2022-10-13 11:44:21,391 [5a62ffe2-9c96-4fd5-b7f5-bdbfc1f4ab24@group-328AF021BE98-LeaderElection5] INFO  server.RaftServer$Division (RaftServerImpl.java:setRole(299)) - 5a62ffe2-9c96-4fd5-b7f5-bdbfc1f4ab24@group-328AF021BE98: changes role from CANDIDATE to FOLLOWER at term 1 for REJECTED
2022-10-13 11:44:21,392 [5a62ffe2-9c96-4fd5-b7f5-bdbfc1f4ab24@group-328AF021BE98-LeaderElection5] INFO  impl.RoleInfo (RoleInfo.java:shutdownLeaderElection(130)) - 5a62ffe2-9c96-4fd5-b7f5-bdbfc1f4ab24: shutdown 5a62ffe2-9c96-4fd5-b7f5-bdbfc1f4ab24@group-328AF021BE98-LeaderElection5
2022-10-13 11:44:21,392 [5a62ffe2-9c96-4fd5-b7f5-bdbfc1f4ab24@group-328AF021BE98-LeaderElection5] INFO  impl.RoleInfo (RoleInfo.java:updateAndGet(139)) - 5a62ffe2-9c96-4fd5-b7f5-bdbfc1f4ab24: start 5a62ffe2-9c96-4fd5-b7f5-bdbfc1f4ab24@group-328AF021BE98-FollowerState
2022-10-13 11:44:21,404 [grpc-default-executor-0] INFO  server.RaftServer$Division (RaftServerImpl.java:requestVote(1152)) - 458f4e14-7f73-425f-a1e6-d20318ddd1ae@group-328AF021BE98: receive requestVote(ELECTION, 5a62ffe2-9c96-4fd5-b7f5-bdbfc1f4ab24, group-328AF021BE98, 1, (t:0, i:0))
2022-10-13 11:44:21,404 [grpc-default-executor-0] INFO  impl.VoteContext (VoteContext.java:log(48)) - 458f4e14-7f73-425f-a1e6-d20318ddd1ae@group-328AF021BE98-FOLLOWER: accept ELECTION from 5a62ffe2-9c96-4fd5-b7f5-bdbfc1f4ab24: our priority 0 <= candidate's priority 0
2022-10-13 11:44:21,404 [grpc-default-executor-0] INFO  server.RaftServer$Division (RaftServerImpl.java:setRole(299)) - 458f4e14-7f73-425f-a1e6-d20318ddd1ae@group-328AF021BE98: changes role from  FOLLOWER to FOLLOWER at term 1 for candidate:5a62ffe2-9c96-4fd5-b7f5-bdbfc1f4ab24
2022-10-13 11:44:21,404 [grpc-default-executor-0] INFO  impl.RoleInfo (RoleInfo.java:shutdownFollowerState(110)) - 458f4e14-7f73-425f-a1e6-d20318ddd1ae: shutdown 458f4e14-7f73-425f-a1e6-d20318ddd1ae@group-328AF021BE98-FollowerState
2022-10-13 11:44:21,404 [grpc-default-executor-0] INFO  impl.RoleInfo (RoleInfo.java:updateAndGet(139)) - 458f4e14-7f73-425f-a1e6-d20318ddd1ae: start 458f4e14-7f73-425f-a1e6-d20318ddd1ae@group-328AF021BE98-FollowerState
2022-10-13 11:44:21,404 [458f4e14-7f73-425f-a1e6-d20318ddd1ae@group-328AF021BE98-FollowerState] INFO  impl.FollowerState (FollowerState.java:run(152)) - 458f4e14-7f73-425f-a1e6-d20318ddd1ae@group-328AF021BE98-FollowerState was interrupted
2022-10-13 11:44:21,406 [grpc-default-executor-0] INFO  server.RaftServer$Division (RaftServerImpl.java:requestVote(1184)) - 458f4e14-7f73-425f-a1e6-d20318ddd1ae@group-328AF021BE98 replies to ELECTION vote request: 5a62ffe2-9c96-4fd5-b7f5-bdbfc1f4ab24<-458f4e14-7f73-425f-a1e6-d20318ddd1ae#0:OK-t1. Peer's state: 458f4e14-7f73-425f-a1e6-d20318ddd1ae@group-328AF021BE98:t1, leader=null, voted=5a62ffe2-9c96-4fd5-b7f5-bdbfc1f4ab24, raftlog=458f4e14-7f73-425f-a1e6-d20318ddd1ae@group-328AF021BE98-SegmentedRaftLog:OPENED:c-1, conf=-1: [5a62ffe2-9c96-4fd5-b7f5-bdbfc1f4ab24|rpc:10.1.0.200:37863|dataStream:|priority:0, 7bf9862a-bc69-4cc0-99fb-78386598ce26|rpc:10.1.0.200:43955|dataStream:|priority:1, 458f4e14-7f73-425f-a1e6-d20318ddd1ae|rpc:10.1.0.200:33873|dataStream:|priority:0], old=null
2022-10-13 11:44:21,552 [458f4e14-7f73-425f-a1e6-d20318ddd1ae@group-DE162C72CFA8-FollowerState] INFO  impl.FollowerState (FollowerState.java:run(143)) - 458f4e14-7f73-425f-a1e6-d20318ddd1ae@group-DE162C72CFA8-FollowerState: change to CANDIDATE, lastRpcElapsedTime:5100431096ns, electionTimeout:5097ms
2022-10-13 11:44:21,552 [458f4e14-7f73-425f-a1e6-d20318ddd1ae@group-DE162C72CFA8-FollowerState] INFO  impl.RoleInfo (RoleInfo.java:shutdownFollowerState(110)) - 458f4e14-7f73-425f-a1e6-d20318ddd1ae: shutdown 458f4e14-7f73-425f-a1e6-d20318ddd1ae@group-DE162C72CFA8-FollowerState
2022-10-13 11:44:21,552 [458f4e14-7f73-425f-a1e6-d20318ddd1ae@group-DE162C72CFA8-FollowerState] INFO  server.RaftServer$Division (RaftServerImpl.java:setRole(299)) - 458f4e14-7f73-425f-a1e6-d20318ddd1ae@group-DE162C72CFA8: changes role from  FOLLOWER to CANDIDATE at term 0 for changeToCandidate
2022-10-13 11:44:21,552 [458f4e14-7f73-425f-a1e6-d20318ddd1ae@group-DE162C72CFA8-FollowerState] INFO  server.RaftServerConfigKeys (ConfUtils.java:logGet(46)) - raft.server.leaderelection.pre-vote = false (custom)
2022-10-13 11:44:21,552 [458f4e14-7f73-425f-a1e6-d20318ddd1ae@group-DE162C72CFA8-FollowerState] INFO  impl.RoleInfo (RoleInfo.java:updateAndGet(139)) - 458f4e14-7f73-425f-a1e6-d20318ddd1ae: start 458f4e14-7f73-425f-a1e6-d20318ddd1ae@group-DE162C72CFA8-LeaderElection6
2022-10-13 11:44:21,557 [458f4e14-7f73-425f-a1e6-d20318ddd1ae@group-DE162C72CFA8-LeaderElection6] INFO  impl.LeaderElection (LeaderElection.java:askForVotes(310)) - 458f4e14-7f73-425f-a1e6-d20318ddd1ae@group-DE162C72CFA8-LeaderElection6 ELECTION round 0: submit vote requests at term 1 for -1: [458f4e14-7f73-425f-a1e6-d20318ddd1ae|rpc:10.1.0.200:33873|priority:1], old=null
2022-10-13 11:44:21,557 [458f4e14-7f73-425f-a1e6-d20318ddd1ae@group-DE162C72CFA8-LeaderElection6] INFO  impl.LeaderElection (LeaderElection.java:askForVotes(312)) - 458f4e14-7f73-425f-a1e6-d20318ddd1ae@group-DE162C72CFA8-LeaderElection6 ELECTION round 0: result PASSED (term=1)
2022-10-13 11:44:21,557 [458f4e14-7f73-425f-a1e6-d20318ddd1ae@group-DE162C72CFA8-LeaderElection6] INFO  impl.RoleInfo (RoleInfo.java:shutdownLeaderElection(130)) - 458f4e14-7f73-425f-a1e6-d20318ddd1ae: shutdown 458f4e14-7f73-425f-a1e6-d20318ddd1ae@group-DE162C72CFA8-LeaderElection6
2022-10-13 11:44:21,558 [458f4e14-7f73-425f-a1e6-d20318ddd1ae@group-DE162C72CFA8-LeaderElection6] INFO  server.RaftServer$Division (RaftServerImpl.java:setRole(299)) - 458f4e14-7f73-425f-a1e6-d20318ddd1ae@group-DE162C72CFA8: changes role from CANDIDATE to LEADER at term 1 for changeToLeader
2022-10-13 11:44:21,558 [458f4e14-7f73-425f-a1e6-d20318ddd1ae@group-DE162C72CFA8-LeaderElection6] INFO  ratis.XceiverServerRatis (XceiverServerRatis.java:handleLeaderChangedNotification(863)) - Leader change notification received for group: group-DE162C72CFA8 with new leaderId: 458f4e14-7f73-425f-a1e6-d20318ddd1ae
2022-10-13 11:44:21,558 [458f4e14-7f73-425f-a1e6-d20318ddd1ae@group-DE162C72CFA8-LeaderElection6] INFO  server.RaftServer$Division (ServerState.java:setLeader(287)) - 458f4e14-7f73-425f-a1e6-d20318ddd1ae@group-DE162C72CFA8: change Leader from null to 458f4e14-7f73-425f-a1e6-d20318ddd1ae at term 1 for becomeLeader, leader elected after 5116ms
2022-10-13 11:44:21,558 [458f4e14-7f73-425f-a1e6-d20318ddd1ae@group-DE162C72CFA8-LeaderElection6] INFO  server.RaftServerConfigKeys (ConfUtils.java:logGet(46)) - raft.server.staging.catchup.gap = 1000 (default)
2022-10-13 11:44:21,559 [458f4e14-7f73-425f-a1e6-d20318ddd1ae@group-DE162C72CFA8-LeaderElection6] INFO  server.RaftServerConfigKeys (ConfUtils.java:logGet(46)) - raft.server.write.element-limit = 1024 (custom)
2022-10-13 11:44:21,559 [458f4e14-7f73-425f-a1e6-d20318ddd1ae@group-DE162C72CFA8-LeaderElection6] INFO  server.RaftServerConfigKeys (ConfUtils.java:logGet(46)) - raft.server.write.byte-limit = 1024 M (=1073741824) (custom)
2022-10-13 11:44:21,559 [458f4e14-7f73-425f-a1e6-d20318ddd1ae@group-DE162C72CFA8-LeaderElection6] INFO  server.RaftServerConfigKeys (ConfUtils.java:logGet(46)) - raft.server.watch.timeout = 180s (custom)
2022-10-13 11:44:21,559 [EventQueue-OpenPipelineForHealthyPipelineSafeModeRule] INFO  safemode.SCMSafeModeManager (HealthyPipelineSafeModeRule.java:process(137)) - SCM in safe mode. Healthy pipelines reported count is 0, required healthy pipeline reported count is 1
2022-10-13 11:44:21,560 [458f4e14-7f73-425f-a1e6-d20318ddd1ae@group-DE162C72CFA8-LeaderElection6] INFO  server.RaftServerConfigKeys (ConfUtils.java:logGet(46)) - raft.server.watch.timeout.denomination = 1s (default)
2022-10-13 11:44:21,560 [458f4e14-7f73-425f-a1e6-d20318ddd1ae@group-DE162C72CFA8-LeaderElection6] INFO  server.RaftServerConfigKeys (ConfUtils.java:logGet(46)) - raft.server.watch.element-limit = 65536 (default)
2022-10-13 11:44:21,560 [458f4e14-7f73-425f-a1e6-d20318ddd1ae@group-DE162C72CFA8-LeaderElection6] INFO  server.RaftServerConfigKeys (ConfUtils.java:logGet(46)) - raft.server.write.element-limit = 1024 (custom)
2022-10-13 11:44:21,560 [458f4e14-7f73-425f-a1e6-d20318ddd1ae@group-DE162C72CFA8-LeaderElection6] INFO  server.RaftServerConfigKeys (ConfUtils.java:logGet(46)) - raft.server.write.follower.gap.ratio.max = -1.0 (default)
2022-10-13 11:44:21,560 [458f4e14-7f73-425f-a1e6-d20318ddd1ae@group-DE162C72CFA8-LeaderElection6] INFO  impl.RoleInfo (RoleInfo.java:updateAndGet(139)) - 458f4e14-7f73-425f-a1e6-d20318ddd1ae: start 458f4e14-7f73-425f-a1e6-d20318ddd1ae@group-DE162C72CFA8-LeaderStateImpl
2022-10-13 11:44:21,560 [458f4e14-7f73-425f-a1e6-d20318ddd1ae@group-DE162C72CFA8-LeaderElection6] INFO  segmented.SegmentedRaftLogWorker (SegmentedRaftLogWorker.java:startLogSegment(425)) - 458f4e14-7f73-425f-a1e6-d20318ddd1ae@group-DE162C72CFA8-SegmentedRaftLogWorker: Starting segment from index:0
2022-10-13 11:44:21,566 [458f4e14-7f73-425f-a1e6-d20318ddd1ae@group-DE162C72CFA8-LeaderElection6] INFO  server.RaftServer$Division (ServerState.java:setRaftConf(393)) - 458f4e14-7f73-425f-a1e6-d20318ddd1ae@group-DE162C72CFA8: set configuration 0: [458f4e14-7f73-425f-a1e6-d20318ddd1ae|rpc:10.1.0.200:33873|dataStream:|priority:1], old=null
2022-10-13 11:44:21,568 [458f4e14-7f73-425f-a1e6-d20318ddd1ae@group-DE162C72CFA8-SegmentedRaftLogWorker] INFO  segmented.SegmentedRaftLogWorker (SegmentedRaftLogWorker.java:execute(629)) - 458f4e14-7f73-425f-a1e6-d20318ddd1ae@group-DE162C72CFA8-SegmentedRaftLogWorker: created new log segment /home/runner/work/ozone/ozone/hadoop-ozone/integration-test/target/test-dir/MiniOzoneClusterImpl-da935fb3-9ce5-49ab-a67c-f4b3beb884ab/datanode-2/data/ratis/7f43bc83-6d50-4e18-aa44-de162c72cfa8/current/log_inprogress_0
2022-10-13 11:44:21,726 [Listener at 127.0.0.1/33933] INFO  ozone.MiniOzoneClusterImpl (MiniOzoneClusterImpl.java:lambda$waitForClusterToBeReady$0(216)) - Nodes are ready. Got 10 of 10 DN Heartbeats.
2022-10-13 11:44:21,727 [Listener at 127.0.0.1/33933] INFO  ozone.MiniOzoneClusterImpl (MiniOzoneClusterImpl.java:lambda$waitForClusterToBeReady$0(219)) - Waiting for cluster to exit safe mode
2022-10-13 11:44:21,727 [Listener at 127.0.0.1/33933] INFO  ozone.MiniOzoneClusterImpl (MiniOzoneClusterImpl.java:lambda$waitForClusterToBeReady$0(221)) - SCM became leader
2022-10-13 11:44:21,865 [cc783127-5661-4bf3-9a81-5237862e92f6@group-3825EEDB64AD-FollowerState] INFO  impl.FollowerState (FollowerState.java:run(143)) - cc783127-5661-4bf3-9a81-5237862e92f6@group-3825EEDB64AD-FollowerState: change to CANDIDATE, lastRpcElapsedTime:5020043572ns, electionTimeout:5019ms
2022-10-13 11:44:21,866 [cc783127-5661-4bf3-9a81-5237862e92f6@group-3825EEDB64AD-FollowerState] INFO  impl.RoleInfo (RoleInfo.java:shutdownFollowerState(110)) - cc783127-5661-4bf3-9a81-5237862e92f6: shutdown cc783127-5661-4bf3-9a81-5237862e92f6@group-3825EEDB64AD-FollowerState
2022-10-13 11:44:21,866 [cc783127-5661-4bf3-9a81-5237862e92f6@group-3825EEDB64AD-FollowerState] INFO  server.RaftServer$Division (RaftServerImpl.java:setRole(299)) - cc783127-5661-4bf3-9a81-5237862e92f6@group-3825EEDB64AD: changes role from  FOLLOWER to CANDIDATE at term 0 for changeToCandidate
2022-10-13 11:44:21,866 [cc783127-5661-4bf3-9a81-5237862e92f6@group-3825EEDB64AD-FollowerState] INFO  server.RaftServerConfigKeys (ConfUtils.java:logGet(46)) - raft.server.leaderelection.pre-vote = false (custom)
2022-10-13 11:44:21,866 [cc783127-5661-4bf3-9a81-5237862e92f6@group-3825EEDB64AD-FollowerState] INFO  impl.RoleInfo (RoleInfo.java:updateAndGet(139)) - cc783127-5661-4bf3-9a81-5237862e92f6: start cc783127-5661-4bf3-9a81-5237862e92f6@group-3825EEDB64AD-LeaderElection7
2022-10-13 11:44:21,870 [cc783127-5661-4bf3-9a81-5237862e92f6@group-3825EEDB64AD-LeaderElection7] INFO  impl.LeaderElection (LeaderElection.java:askForVotes(310)) - cc783127-5661-4bf3-9a81-5237862e92f6@group-3825EEDB64AD-LeaderElection7 ELECTION round 0: submit vote requests at term 1 for -1: [cc783127-5661-4bf3-9a81-5237862e92f6|rpc:10.1.0.200:38555|dataStream:|priority:1, 1c12248a-391b-407f-adc5-34f451ebab0a|rpc:10.1.0.200:39277|dataStream:|priority:0, 5a2944c9-75d7-4a8d-9ead-f995138127cc|rpc:10.1.0.200:42797|dataStream:|priority:0], old=null
2022-10-13 11:44:21,884 [grpc-default-executor-0] INFO  server.RaftServer$Division (RaftServerImpl.java:requestVote(1152)) - 1c12248a-391b-407f-adc5-34f451ebab0a@group-3825EEDB64AD: receive requestVote(ELECTION, cc783127-5661-4bf3-9a81-5237862e92f6, group-3825EEDB64AD, 1, (t:0, i:0))
2022-10-13 11:44:21,884 [grpc-default-executor-0] INFO  impl.VoteContext (VoteContext.java:log(48)) - 1c12248a-391b-407f-adc5-34f451ebab0a@group-3825EEDB64AD-FOLLOWER: accept ELECTION from cc783127-5661-4bf3-9a81-5237862e92f6: our priority 0 <= candidate's priority 1
2022-10-13 11:44:21,885 [grpc-default-executor-0] INFO  server.RaftServer$Division (RaftServerImpl.java:setRole(299)) - 1c12248a-391b-407f-adc5-34f451ebab0a@group-3825EEDB64AD: changes role from  FOLLOWER to FOLLOWER at term 1 for candidate:cc783127-5661-4bf3-9a81-5237862e92f6
2022-10-13 11:44:21,885 [grpc-default-executor-0] INFO  impl.RoleInfo (RoleInfo.java:shutdownFollowerState(110)) - 1c12248a-391b-407f-adc5-34f451ebab0a: shutdown 1c12248a-391b-407f-adc5-34f451ebab0a@group-3825EEDB64AD-FollowerState
2022-10-13 11:44:21,885 [grpc-default-executor-0] INFO  impl.RoleInfo (RoleInfo.java:updateAndGet(139)) - 1c12248a-391b-407f-adc5-34f451ebab0a: start 1c12248a-391b-407f-adc5-34f451ebab0a@group-3825EEDB64AD-FollowerState
2022-10-13 11:44:21,885 [1c12248a-391b-407f-adc5-34f451ebab0a@group-3825EEDB64AD-FollowerState] INFO  impl.FollowerState (FollowerState.java:run(152)) - 1c12248a-391b-407f-adc5-34f451ebab0a@group-3825EEDB64AD-FollowerState was interrupted
2022-10-13 11:44:21,893 [grpc-default-executor-0] INFO  server.RaftServer$Division (RaftServerImpl.java:requestVote(1184)) - 1c12248a-391b-407f-adc5-34f451ebab0a@group-3825EEDB64AD replies to ELECTION vote request: cc783127-5661-4bf3-9a81-5237862e92f6<-1c12248a-391b-407f-adc5-34f451ebab0a#0:OK-t1. Peer's state: 1c12248a-391b-407f-adc5-34f451ebab0a@group-3825EEDB64AD:t1, leader=null, voted=cc783127-5661-4bf3-9a81-5237862e92f6, raftlog=1c12248a-391b-407f-adc5-34f451ebab0a@group-3825EEDB64AD-SegmentedRaftLog:OPENED:c-1, conf=-1: [cc783127-5661-4bf3-9a81-5237862e92f6|rpc:10.1.0.200:38555|priority:1, 1c12248a-391b-407f-adc5-34f451ebab0a|rpc:10.1.0.200:39277|priority:0, 5a2944c9-75d7-4a8d-9ead-f995138127cc|rpc:10.1.0.200:42797|priority:0], old=null
2022-10-13 11:44:21,895 [grpc-default-executor-1] INFO  server.RaftServer$Division (RaftServerImpl.java:requestVote(1152)) - 5a2944c9-75d7-4a8d-9ead-f995138127cc@group-3825EEDB64AD: receive requestVote(ELECTION, cc783127-5661-4bf3-9a81-5237862e92f6, group-3825EEDB64AD, 1, (t:0, i:0))
2022-10-13 11:44:21,895 [grpc-default-executor-1] INFO  impl.VoteContext (VoteContext.java:log(48)) - 5a2944c9-75d7-4a8d-9ead-f995138127cc@group-3825EEDB64AD-FOLLOWER: accept ELECTION from cc783127-5661-4bf3-9a81-5237862e92f6: our priority 0 <= candidate's priority 1
2022-10-13 11:44:21,895 [grpc-default-executor-1] INFO  server.RaftServer$Division (RaftServerImpl.java:setRole(299)) - 5a2944c9-75d7-4a8d-9ead-f995138127cc@group-3825EEDB64AD: changes role from  FOLLOWER to FOLLOWER at term 1 for candidate:cc783127-5661-4bf3-9a81-5237862e92f6
2022-10-13 11:44:21,895 [grpc-default-executor-1] INFO  impl.RoleInfo (RoleInfo.java:shutdownFollowerState(110)) - 5a2944c9-75d7-4a8d-9ead-f995138127cc: shutdown 5a2944c9-75d7-4a8d-9ead-f995138127cc@group-3825EEDB64AD-FollowerState
2022-10-13 11:44:21,895 [grpc-default-executor-1] INFO  impl.RoleInfo (RoleInfo.java:updateAndGet(139)) - 5a2944c9-75d7-4a8d-9ead-f995138127cc: start 5a2944c9-75d7-4a8d-9ead-f995138127cc@group-3825EEDB64AD-FollowerState
2022-10-13 11:44:21,895 [5a2944c9-75d7-4a8d-9ead-f995138127cc@group-3825EEDB64AD-FollowerState] INFO  impl.FollowerState (FollowerState.java:run(152)) - 5a2944c9-75d7-4a8d-9ead-f995138127cc@group-3825EEDB64AD-FollowerState was interrupted
2022-10-13 11:44:21,898 [grpc-default-executor-1] INFO  server.RaftServer$Division (RaftServerImpl.java:requestVote(1184)) - 5a2944c9-75d7-4a8d-9ead-f995138127cc@group-3825EEDB64AD replies to ELECTION vote request: cc783127-5661-4bf3-9a81-5237862e92f6<-5a2944c9-75d7-4a8d-9ead-f995138127cc#0:OK-t1. Peer's state: 5a2944c9-75d7-4a8d-9ead-f995138127cc@group-3825EEDB64AD:t1, leader=null, voted=cc783127-5661-4bf3-9a81-5237862e92f6, raftlog=5a2944c9-75d7-4a8d-9ead-f995138127cc@group-3825EEDB64AD-SegmentedRaftLog:OPENED:c-1, conf=-1: [cc783127-5661-4bf3-9a81-5237862e92f6|rpc:10.1.0.200:38555|dataStream:|priority:1, 1c12248a-391b-407f-adc5-34f451ebab0a|rpc:10.1.0.200:39277|dataStream:|priority:0, 5a2944c9-75d7-4a8d-9ead-f995138127cc|rpc:10.1.0.200:42797|dataStream:|priority:0], old=null
2022-10-13 11:44:21,896 [cc783127-5661-4bf3-9a81-5237862e92f6@group-3825EEDB64AD-LeaderElection7] INFO  impl.LeaderElection (LeaderElection.java:logAndReturn(90)) - cc783127-5661-4bf3-9a81-5237862e92f6@group-3825EEDB64AD-LeaderElection7: ELECTION PASSED received 1 response(s) and 0 exception(s):
2022-10-13 11:44:21,898 [cc783127-5661-4bf3-9a81-5237862e92f6@group-3825EEDB64AD-LeaderElection7] INFO  impl.LeaderElection (LeaderElection.java:logAndReturn(94)) -   Response 0: cc783127-5661-4bf3-9a81-5237862e92f6<-1c12248a-391b-407f-adc5-34f451ebab0a#0:OK-t1
2022-10-13 11:44:21,898 [cc783127-5661-4bf3-9a81-5237862e92f6@group-3825EEDB64AD-LeaderElection7] INFO  impl.LeaderElection (LeaderElection.java:askForVotes(312)) - cc783127-5661-4bf3-9a81-5237862e92f6@group-3825EEDB64AD-LeaderElection7 ELECTION round 0: result PASSED
2022-10-13 11:44:21,898 [cc783127-5661-4bf3-9a81-5237862e92f6@group-3825EEDB64AD-LeaderElection7] INFO  impl.RoleInfo (RoleInfo.java:shutdownLeaderElection(130)) - cc783127-5661-4bf3-9a81-5237862e92f6: shutdown cc783127-5661-4bf3-9a81-5237862e92f6@group-3825EEDB64AD-LeaderElection7
2022-10-13 11:44:21,898 [cc783127-5661-4bf3-9a81-5237862e92f6@group-3825EEDB64AD-LeaderElection7] INFO  server.RaftServer$Division (RaftServerImpl.java:setRole(299)) - cc783127-5661-4bf3-9a81-5237862e92f6@group-3825EEDB64AD: changes role from CANDIDATE to LEADER at term 1 for changeToLeader
2022-10-13 11:44:21,898 [cc783127-5661-4bf3-9a81-5237862e92f6@group-3825EEDB64AD-LeaderElection7] INFO  ratis.XceiverServerRatis (XceiverServerRatis.java:handleLeaderChangedNotification(863)) - Leader change notification received for group: group-3825EEDB64AD with new leaderId: cc783127-5661-4bf3-9a81-5237862e92f6
2022-10-13 11:44:21,898 [cc783127-5661-4bf3-9a81-5237862e92f6@group-3825EEDB64AD-LeaderElection7] INFO  server.RaftServer$Division (ServerState.java:setLeader(287)) - cc783127-5661-4bf3-9a81-5237862e92f6@group-3825EEDB64AD: change Leader from null to cc783127-5661-4bf3-9a81-5237862e92f6 at term 1 for becomeLeader, leader elected after 5057ms
2022-10-13 11:44:21,898 [cc783127-5661-4bf3-9a81-5237862e92f6@group-3825EEDB64AD-LeaderElection7] INFO  server.RaftServerConfigKeys (ConfUtils.java:logGet(46)) - raft.server.staging.catchup.gap = 1000 (default)
2022-10-13 11:44:21,899 [cc783127-5661-4bf3-9a81-5237862e92f6@group-3825EEDB64AD-LeaderElection7] INFO  server.RaftServerConfigKeys (ConfUtils.java:logGet(46)) - raft.server.write.element-limit = 1024 (custom)
2022-10-13 11:44:21,899 [cc783127-5661-4bf3-9a81-5237862e92f6@group-3825EEDB64AD-LeaderElection7] INFO  server.RaftServerConfigKeys (ConfUtils.java:logGet(46)) - raft.server.write.byte-limit = 1024 M (=1073741824) (custom)
2022-10-13 11:44:21,899 [cc783127-5661-4bf3-9a81-5237862e92f6@group-3825EEDB64AD-LeaderElection7] INFO  server.RaftServerConfigKeys (ConfUtils.java:logGet(46)) - raft.server.watch.timeout = 180s (custom)
2022-10-13 11:44:21,899 [cc783127-5661-4bf3-9a81-5237862e92f6@group-3825EEDB64AD-LeaderElection7] INFO  server.RaftServerConfigKeys (ConfUtils.java:logGet(46)) - raft.server.watch.timeout.denomination = 1s (default)
2022-10-13 11:44:21,899 [cc783127-5661-4bf3-9a81-5237862e92f6@group-3825EEDB64AD-LeaderElection7] INFO  server.RaftServerConfigKeys (ConfUtils.java:logGet(46)) - raft.server.watch.element-limit = 65536 (default)
2022-10-13 11:44:21,899 [cc783127-5661-4bf3-9a81-5237862e92f6@group-3825EEDB64AD-LeaderElection7] INFO  server.RaftServerConfigKeys (ConfUtils.java:logGet(46)) - raft.server.write.element-limit = 1024 (custom)
2022-10-13 11:44:21,899 [cc783127-5661-4bf3-9a81-5237862e92f6@group-3825EEDB64AD-LeaderElection7] INFO  server.RaftServerConfigKeys (ConfUtils.java:logGet(46)) - raft.server.write.follower.gap.ratio.max = -1.0 (default)
2022-10-13 11:44:21,901 [EventQueue-PipelineReportForPipelineReportHandler] INFO  pipeline.PipelineManagerImpl (PipelineManagerImpl.java:openPipeline(367)) - Pipeline Pipeline[ Id: 3f90a376-4dd2-4384-a1b5-3825eedb64ad, Nodes: 1c12248a-391b-407f-adc5-34f451ebab0a{ip: 10.1.0.200, host: fv-az91-750.1u4dveb1r3ruphbftqvtwhitpc.gx.internal.cloudapp.net, ports: [REPLICATION=34569, RATIS=39277, RATIS_ADMIN=39277, RATIS_SERVER=39277, STANDALONE=37067], networkLocation: /default-rack, certSerialId: null, persistedOpState: IN_SERVICE, persistedOpStateExpiryEpochSec: 0}cc783127-5661-4bf3-9a81-5237862e92f6{ip: 10.1.0.200, host: fv-az91-750.1u4dveb1r3ruphbftqvtwhitpc.gx.internal.cloudapp.net, ports: [REPLICATION=36473, RATIS=38555, RATIS_ADMIN=38555, RATIS_SERVER=38555, STANDALONE=34631], networkLocation: /default-rack, certSerialId: null, persistedOpState: IN_SERVICE, persistedOpStateExpiryEpochSec: 0}5a2944c9-75d7-4a8d-9ead-f995138127cc{ip: 10.1.0.200, host: fv-az91-750.1u4dveb1r3ruphbftqvtwhitpc.gx.internal.cloudapp.net, ports: [REPLICATION=42491, RATIS=42797, RATIS_ADMIN=42797, RATIS_SERVER=42797, STANDALONE=35485], networkLocation: /default-rack, certSerialId: null, persistedOpState: IN_SERVICE, persistedOpStateExpiryEpochSec: 0}, ReplicationConfig: RATIS/THREE, State:ALLOCATED, leaderId:cc783127-5661-4bf3-9a81-5237862e92f6, CreationTimestamp2022-10-13T11:44:14.408Z[Etc/UTC]] moved to OPEN state
2022-10-13 11:44:21,902 [EventQueue-OpenPipelineForHealthyPipelineSafeModeRule] INFO  safemode.SCMSafeModeManager (HealthyPipelineSafeModeRule.java:process(137)) - SCM in safe mode. Healthy pipelines reported count is 0, required healthy pipeline reported count is 1
2022-10-13 11:44:21,903 [EventQueue-OpenPipelineForHealthyPipelineSafeModeRule] INFO  safemode.SCMSafeModeManager (HealthyPipelineSafeModeRule.java:process(137)) - SCM in safe mode. Healthy pipelines reported count is 1, required healthy pipeline reported count is 1
2022-10-13 11:44:21,903 [EventQueue-OpenPipelineForHealthyPipelineSafeModeRule] INFO  safemode.SCMSafeModeManager (SCMSafeModeManager.java:validateSafeModeExitRules(204)) - HealthyPipelineSafeModeRule rule is successfully validated
2022-10-13 11:44:21,903 [EventQueue-OpenPipelineForHealthyPipelineSafeModeRule] INFO  safemode.SCMSafeModeManager (SCMSafeModeManager.java:validateSafeModeExitRules(219)) - ScmSafeModeManager, all rules are successfully validated
2022-10-13 11:44:21,903 [EventQueue-OpenPipelineForHealthyPipelineSafeModeRule] INFO  safemode.SCMSafeModeManager (SCMSafeModeManager.java:exitSafeMode(248)) - SCM exiting safe mode.
2022-10-13 11:44:21,903 [EventQueue-OpenPipelineForHealthyPipelineSafeModeRule] WARN  events.EventQueue (EventQueue.java:fireEvent(216)) - No event handler registered for event TypedEvent{payloadType=SafeModeStatus, name='Safe mode status'}
2022-10-13 11:44:21,903 [EventQueue-OpenPipelineForHealthyPipelineSafeModeRule] INFO  ha.SCMContext (SCMContext.java:updateSafeModeStatus(228)) - Update SafeModeStatus from SafeModeStatus{safeModeStatus=true, preCheckPassed=true} to SafeModeStatus{safeModeStatus=false, preCheckPassed=true}.
2022-10-13 11:44:21,903 [EventQueue-OpenPipelineForHealthyPipelineSafeModeRule] INFO  pipeline.BackgroundPipelineCreator (BackgroundPipelineCreator.java:notifyStatusChanged(254)) - Service BackgroundPipelineCreator transitions to RUNNING.
2022-10-13 11:44:21,903 [EventQueue-OpenPipelineForHealthyPipelineSafeModeRule] INFO  BackgroundPipelineScrubber (BackgroundSCMService.java:notifyStatusChanged(82)) - Service BackgroundPipelineScrubber transitions to RUNNING.
2022-10-13 11:44:21,903 [EventQueue-OpenPipelineForHealthyPipelineSafeModeRule] INFO  ExpiredContainerReplicaOpScrubber (BackgroundSCMService.java:notifyStatusChanged(82)) - Service ExpiredContainerReplicaOpScrubber transitions to RUNNING.
2022-10-13 11:44:21,903 [EventQueue-OpenPipelineForHealthyPipelineSafeModeRule] INFO  replication.ReplicationManager (ReplicationManager.java:notifyStatusChanged(728)) - Service ReplicationManager transitions to RUNNING.
2022-10-13 11:44:21,909 [EventQueue-OpenPipelineForHealthyPipelineSafeModeRule] WARN  balancer.ContainerBalancer (ContainerBalancer.java:shouldRun(936)) - Could not find persisted configuration for ContainerBalancer when checking if ContainerBalancer should run. ContainerBalancer should not run now.
2022-10-13 11:44:21,910 [cc783127-5661-4bf3-9a81-5237862e92f6@group-3825EEDB64AD-LeaderElection7] INFO  server.RaftServerConfigKeys (ConfUtils.java:logGet(46)) - raft.server.log.appender.snapshot.chunk.size.max = 16MB (=16777216) (default)
2022-10-13 11:44:21,912 [cc783127-5661-4bf3-9a81-5237862e92f6@group-3825EEDB64AD-LeaderElection7] INFO  server.RaftServerConfigKeys (ConfUtils.java:logGet(46)) - raft.server.log.appender.buffer.byte-limit = 33554432 (custom)
2022-10-13 11:44:21,912 [cc783127-5661-4bf3-9a81-5237862e92f6@group-3825EEDB64AD-LeaderElection7] INFO  server.RaftServerConfigKeys (ConfUtils.java:logGet(46)) - raft.server.log.appender.buffer.element-limit = 1 (custom)
2022-10-13 11:44:21,914 [cc783127-5661-4bf3-9a81-5237862e92f6@group-3825EEDB64AD-LeaderElection7] INFO  grpc.GrpcConfigKeys (ConfUtils.java:logGet(46)) - raft.grpc.server.leader.outstanding.appends.max = 128 (default)
2022-10-13 11:44:21,914 [cc783127-5661-4bf3-9a81-5237862e92f6@group-3825EEDB64AD-LeaderElection7] INFO  server.RaftServerConfigKeys (ConfUtils.java:logGet(46)) - raft.server.rpc.request.timeout = 60s (custom)
2022-10-13 11:44:21,915 [cc783127-5661-4bf3-9a81-5237862e92f6@group-3825EEDB64AD-LeaderElection7] INFO  server.RaftServerConfigKeys (ConfUtils.java:logGet(46)) - raft.server.log.appender.install.snapshot.enabled = false (custom)
2022-10-13 11:44:21,916 [cc783127-5661-4bf3-9a81-5237862e92f6@group-3825EEDB64AD-LeaderElection7] INFO  server.RaftServerConfigKeys (ConfUtils.java:logGet(46)) - raft.server.log.appender.snapshot.chunk.size.max = 16MB (=16777216) (default)
2022-10-13 11:44:21,916 [cc783127-5661-4bf3-9a81-5237862e92f6@group-3825EEDB64AD-LeaderElection7] INFO  server.RaftServerConfigKeys (ConfUtils.java:logGet(46)) - raft.server.log.appender.buffer.byte-limit = 33554432 (custom)
2022-10-13 11:44:21,916 [cc783127-5661-4bf3-9a81-5237862e92f6@group-3825EEDB64AD-LeaderElection7] INFO  server.RaftServerConfigKeys (ConfUtils.java:logGet(46)) - raft.server.log.appender.buffer.element-limit = 1 (custom)
2022-10-13 11:44:21,916 [cc783127-5661-4bf3-9a81-5237862e92f6@group-3825EEDB64AD-LeaderElection7] INFO  grpc.GrpcConfigKeys (ConfUtils.java:logGet(46)) - raft.grpc.server.leader.outstanding.appends.max = 128 (default)
2022-10-13 11:44:21,916 [cc783127-5661-4bf3-9a81-5237862e92f6@group-3825EEDB64AD-LeaderElection7] INFO  server.RaftServerConfigKeys (ConfUtils.java:logGet(46)) - raft.server.rpc.request.timeout = 60s (custom)
2022-10-13 11:44:21,917 [cc783127-5661-4bf3-9a81-5237862e92f6@group-3825EEDB64AD-LeaderElection7] INFO  server.RaftServerConfigKeys (ConfUtils.java:logGet(46)) - raft.server.log.appender.install.snapshot.enabled = false (custom)
2022-10-13 11:44:21,917 [cc783127-5661-4bf3-9a81-5237862e92f6@group-3825EEDB64AD-LeaderElection7] INFO  impl.RoleInfo (RoleInfo.java:updateAndGet(139)) - cc783127-5661-4bf3-9a81-5237862e92f6: start cc783127-5661-4bf3-9a81-5237862e92f6@group-3825EEDB64AD-LeaderStateImpl
2022-10-13 11:44:21,918 [cc783127-5661-4bf3-9a81-5237862e92f6@group-3825EEDB64AD-LeaderElection7] INFO  segmented.SegmentedRaftLogWorker (SegmentedRaftLogWorker.java:startLogSegment(425)) - cc783127-5661-4bf3-9a81-5237862e92f6@group-3825EEDB64AD-SegmentedRaftLogWorker: Starting segment from index:0
2022-10-13 11:44:21,919 [cc783127-5661-4bf3-9a81-5237862e92f6@group-3825EEDB64AD-SegmentedRaftLogWorker] INFO  segmented.SegmentedRaftLogWorker (SegmentedRaftLogWorker.java:execute(629)) - cc783127-5661-4bf3-9a81-5237862e92f6@group-3825EEDB64AD-SegmentedRaftLogWorker: created new log segment /home/runner/work/ozone/ozone/hadoop-ozone/integration-test/target/test-dir/MiniOzoneClusterImpl-da935fb3-9ce5-49ab-a67c-f4b3beb884ab/datanode-4/data/ratis/3f90a376-4dd2-4384-a1b5-3825eedb64ad/current/log_inprogress_0
2022-10-13 11:44:21,930 [cc783127-5661-4bf3-9a81-5237862e92f6@group-3825EEDB64AD-LeaderElection7] INFO  server.RaftServer$Division (ServerState.java:setRaftConf(393)) - cc783127-5661-4bf3-9a81-5237862e92f6@group-3825EEDB64AD: set configuration 0: [cc783127-5661-4bf3-9a81-5237862e92f6|rpc:10.1.0.200:38555|dataStream:|priority:1, 1c12248a-391b-407f-adc5-34f451ebab0a|rpc:10.1.0.200:39277|dataStream:|priority:0, 5a2944c9-75d7-4a8d-9ead-f995138127cc|rpc:10.1.0.200:42797|dataStream:|priority:0], old=null
2022-10-13 11:44:21,952 [5a2944c9-75d7-4a8d-9ead-f995138127cc-server-thread1] INFO  ratis.XceiverServerRatis (XceiverServerRatis.java:handleLeaderChangedNotification(863)) - Leader change notification received for group: group-3825EEDB64AD with new leaderId: cc783127-5661-4bf3-9a81-5237862e92f6
2022-10-13 11:44:21,952 [5a2944c9-75d7-4a8d-9ead-f995138127cc-server-thread1] INFO  server.RaftServer$Division (ServerState.java:setLeader(287)) - 5a2944c9-75d7-4a8d-9ead-f995138127cc@group-3825EEDB64AD: change Leader from null to cc783127-5661-4bf3-9a81-5237862e92f6 at term 1 for appendEntries, leader elected after 5076ms
2022-10-13 11:44:21,957 [1c12248a-391b-407f-adc5-34f451ebab0a-server-thread1] INFO  ratis.XceiverServerRatis (XceiverServerRatis.java:handleLeaderChangedNotification(863)) - Leader change notification received for group: group-3825EEDB64AD with new leaderId: cc783127-5661-4bf3-9a81-5237862e92f6
2022-10-13 11:44:21,957 [1c12248a-391b-407f-adc5-34f451ebab0a-server-thread1] INFO  server.RaftServer$Division (ServerState.java:setLeader(287)) - 1c12248a-391b-407f-adc5-34f451ebab0a@group-3825EEDB64AD: change Leader from null to cc783127-5661-4bf3-9a81-5237862e92f6 at term 1 for appendEntries, leader elected after 5146ms
2022-10-13 11:44:21,965 [1c12248a-391b-407f-adc5-34f451ebab0a-server-thread1] INFO  server.RaftServer$Division (ServerState.java:setRaftConf(393)) - 1c12248a-391b-407f-adc5-34f451ebab0a@group-3825EEDB64AD: set configuration 0: [cc783127-5661-4bf3-9a81-5237862e92f6|rpc:10.1.0.200:38555|dataStream:|priority:1, 1c12248a-391b-407f-adc5-34f451ebab0a|rpc:10.1.0.200:39277|dataStream:|priority:0, 5a2944c9-75d7-4a8d-9ead-f995138127cc|rpc:10.1.0.200:42797|dataStream:|priority:0], old=null
2022-10-13 11:44:21,965 [1c12248a-391b-407f-adc5-34f451ebab0a-server-thread1] INFO  segmented.SegmentedRaftLogWorker (SegmentedRaftLogWorker.java:startLogSegment(425)) - 1c12248a-391b-407f-adc5-34f451ebab0a@group-3825EEDB64AD-SegmentedRaftLogWorker: Starting segment from index:0
2022-10-13 11:44:21,969 [1c12248a-391b-407f-adc5-34f451ebab0a@group-3825EEDB64AD-SegmentedRaftLogWorker] INFO  segmented.SegmentedRaftLogWorker (SegmentedRaftLogWorker.java:execute(629)) - 1c12248a-391b-407f-adc5-34f451ebab0a@group-3825EEDB64AD-SegmentedRaftLogWorker: created new log segment /home/runner/work/ozone/ozone/hadoop-ozone/integration-test/target/test-dir/MiniOzoneClusterImpl-da935fb3-9ce5-49ab-a67c-f4b3beb884ab/datanode-3/data/ratis/3f90a376-4dd2-4384-a1b5-3825eedb64ad/current/log_inprogress_0
2022-10-13 11:44:21,973 [5a2944c9-75d7-4a8d-9ead-f995138127cc-server-thread1] INFO  server.RaftServer$Division (ServerState.java:setRaftConf(393)) - 5a2944c9-75d7-4a8d-9ead-f995138127cc@group-3825EEDB64AD: set configuration 0: [cc783127-5661-4bf3-9a81-5237862e92f6|rpc:10.1.0.200:38555|dataStream:|priority:1, 1c12248a-391b-407f-adc5-34f451ebab0a|rpc:10.1.0.200:39277|dataStream:|priority:0, 5a2944c9-75d7-4a8d-9ead-f995138127cc|rpc:10.1.0.200:42797|dataStream:|priority:0], old=null
2022-10-13 11:44:21,973 [5a2944c9-75d7-4a8d-9ead-f995138127cc-server-thread1] INFO  segmented.SegmentedRaftLogWorker (SegmentedRaftLogWorker.java:startLogSegment(425)) - 5a2944c9-75d7-4a8d-9ead-f995138127cc@group-3825EEDB64AD-SegmentedRaftLogWorker: Starting segment from index:0
2022-10-13 11:44:21,973 [1c12248a-391b-407f-adc5-34f451ebab0a@group-D73006B0921B-FollowerState] INFO  impl.FollowerState (FollowerState.java:run(143)) - 1c12248a-391b-407f-adc5-34f451ebab0a@group-D73006B0921B-FollowerState: change to CANDIDATE, lastRpcElapsedTime:5066836107ns, electionTimeout:5066ms
2022-10-13 11:44:21,974 [1c12248a-391b-407f-adc5-34f451ebab0a@group-D73006B0921B-FollowerState] INFO  impl.RoleInfo (RoleInfo.java:shutdownFollowerState(110)) - 1c12248a-391b-407f-adc5-34f451ebab0a: shutdown 1c12248a-391b-407f-adc5-34f451ebab0a@group-D73006B0921B-FollowerState
2022-10-13 11:44:21,974 [1c12248a-391b-407f-adc5-34f451ebab0a@group-D73006B0921B-FollowerState] INFO  server.RaftServer$Division (RaftServerImpl.java:setRole(299)) - 1c12248a-391b-407f-adc5-34f451ebab0a@group-D73006B0921B: changes role from  FOLLOWER to CANDIDATE at term 0 for changeToCandidate
2022-10-13 11:44:21,977 [1c12248a-391b-407f-adc5-34f451ebab0a@group-D73006B0921B-FollowerState] INFO  server.RaftServerConfigKeys (ConfUtils.java:logGet(46)) - raft.server.leaderelection.pre-vote = false (custom)
2022-10-13 11:44:21,977 [1c12248a-391b-407f-adc5-34f451ebab0a@group-D73006B0921B-FollowerState] INFO  impl.RoleInfo (RoleInfo.java:updateAndGet(139)) - 1c12248a-391b-407f-adc5-34f451ebab0a: start 1c12248a-391b-407f-adc5-34f451ebab0a@group-D73006B0921B-LeaderElection8
2022-10-13 11:44:21,979 [5a2944c9-75d7-4a8d-9ead-f995138127cc@group-3825EEDB64AD-SegmentedRaftLogWorker] INFO  segmented.SegmentedRaftLogWorker (SegmentedRaftLogWorker.java:execute(629)) - 5a2944c9-75d7-4a8d-9ead-f995138127cc@group-3825EEDB64AD-SegmentedRaftLogWorker: created new log segment /home/runner/work/ozone/ozone/hadoop-ozone/integration-test/target/test-dir/MiniOzoneClusterImpl-da935fb3-9ce5-49ab-a67c-f4b3beb884ab/datanode-5/data/ratis/3f90a376-4dd2-4384-a1b5-3825eedb64ad/current/log_inprogress_0
2022-10-13 11:44:21,991 [1c12248a-391b-407f-adc5-34f451ebab0a@group-B894F0B42BE3-FollowerState] INFO  impl.FollowerState (FollowerState.java:run(143)) - 1c12248a-391b-407f-adc5-34f451ebab0a@group-B894F0B42BE3-FollowerState: change to CANDIDATE, lastRpcElapsedTime:5197542579ns, electionTimeout:5191ms
2022-10-13 11:44:21,994 [1c12248a-391b-407f-adc5-34f451ebab0a@group-B894F0B42BE3-FollowerState] INFO  impl.RoleInfo (RoleInfo.java:shutdownFollowerState(110)) - 1c12248a-391b-407f-adc5-34f451ebab0a: shutdown 1c12248a-391b-407f-adc5-34f451ebab0a@group-B894F0B42BE3-FollowerState
2022-10-13 11:44:21,994 [1c12248a-391b-407f-adc5-34f451ebab0a@group-B894F0B42BE3-FollowerState] INFO  server.RaftServer$Division (RaftServerImpl.java:setRole(299)) - 1c12248a-391b-407f-adc5-34f451ebab0a@group-B894F0B42BE3: changes role from  FOLLOWER to CANDIDATE at term 0 for changeToCandidate
2022-10-13 11:44:21,994 [1c12248a-391b-407f-adc5-34f451ebab0a@group-B894F0B42BE3-FollowerState] INFO  server.RaftServerConfigKeys (ConfUtils.java:logGet(46)) - raft.server.leaderelection.pre-vote = false (custom)
2022-10-13 11:44:21,995 [1c12248a-391b-407f-adc5-34f451ebab0a@group-B894F0B42BE3-FollowerState] INFO  impl.RoleInfo (RoleInfo.java:updateAndGet(139)) - 1c12248a-391b-407f-adc5-34f451ebab0a: start 1c12248a-391b-407f-adc5-34f451ebab0a@group-B894F0B42BE3-LeaderElection9
2022-10-13 11:44:22,005 [1c12248a-391b-407f-adc5-34f451ebab0a@group-D73006B0921B-LeaderElection8] INFO  impl.LeaderElection (LeaderElection.java:askForVotes(310)) - 1c12248a-391b-407f-adc5-34f451ebab0a@group-D73006B0921B-LeaderElection8 ELECTION round 0: submit vote requests at term 1 for -1: [cc783127-5661-4bf3-9a81-5237862e92f6|rpc:10.1.0.200:38555|priority:0, 1c12248a-391b-407f-adc5-34f451ebab0a|rpc:10.1.0.200:39277|priority:1, 5a2944c9-75d7-4a8d-9ead-f995138127cc|rpc:10.1.0.200:42797|priority:0], old=null
2022-10-13 11:44:22,018 [cc783127-5661-4bf3-9a81-5237862e92f6@group-D73006B0921B-FollowerState] INFO  impl.FollowerState (FollowerState.java:run(143)) - cc783127-5661-4bf3-9a81-5237862e92f6@group-D73006B0921B-FollowerState: change to CANDIDATE, lastRpcElapsedTime:5074280323ns, electionTimeout:5072ms
2022-10-13 11:44:22,018 [cc783127-5661-4bf3-9a81-5237862e92f6@group-D73006B0921B-FollowerState] INFO  impl.RoleInfo (RoleInfo.java:shutdownFollowerState(110)) - cc783127-5661-4bf3-9a81-5237862e92f6: shutdown cc783127-5661-4bf3-9a81-5237862e92f6@group-D73006B0921B-FollowerState
2022-10-13 11:44:22,018 [cc783127-5661-4bf3-9a81-5237862e92f6@group-D73006B0921B-FollowerState] INFO  server.RaftServer$Division (RaftServerImpl.java:setRole(299)) - cc783127-5661-4bf3-9a81-5237862e92f6@group-D73006B0921B: changes role from  FOLLOWER to CANDIDATE at term 0 for changeToCandidate
2022-10-13 11:44:22,018 [cc783127-5661-4bf3-9a81-5237862e92f6@group-D73006B0921B-FollowerState] INFO  server.RaftServerConfigKeys (ConfUtils.java:logGet(46)) - raft.server.leaderelection.pre-vote = false (custom)
2022-10-13 11:44:22,018 [cc783127-5661-4bf3-9a81-5237862e92f6@group-D73006B0921B-FollowerState] INFO  impl.RoleInfo (RoleInfo.java:updateAndGet(139)) - cc783127-5661-4bf3-9a81-5237862e92f6: start cc783127-5661-4bf3-9a81-5237862e92f6@group-D73006B0921B-LeaderElection10
2022-10-13 11:44:22,028 [grpc-default-executor-0] INFO  server.RaftServer$Division (RaftServerImpl.java:requestVote(1152)) - cc783127-5661-4bf3-9a81-5237862e92f6@group-D73006B0921B: receive requestVote(ELECTION, 1c12248a-391b-407f-adc5-34f451ebab0a, group-D73006B0921B, 1, (t:0, i:0))
2022-10-13 11:44:22,029 [1c12248a-391b-407f-adc5-34f451ebab0a@group-B894F0B42BE3-LeaderElection9] INFO  impl.LeaderElection (LeaderElection.java:askForVotes(310)) - 1c12248a-391b-407f-adc5-34f451ebab0a@group-B894F0B42BE3-LeaderElection9 ELECTION round 0: submit vote requests at term 1 for -1: [1c12248a-391b-407f-adc5-34f451ebab0a|rpc:10.1.0.200:39277|priority:1], old=null
2022-10-13 11:44:22,029 [1c12248a-391b-407f-adc5-34f451ebab0a@group-B894F0B42BE3-LeaderElection9] INFO  impl.LeaderElection (LeaderElection.java:askForVotes(312)) - 1c12248a-391b-407f-adc5-34f451ebab0a@group-B894F0B42BE3-LeaderElection9 ELECTION round 0: result PASSED (term=1)
2022-10-13 11:44:22,029 [1c12248a-391b-407f-adc5-34f451ebab0a@group-B894F0B42BE3-LeaderElection9] INFO  impl.RoleInfo (RoleInfo.java:shutdownLeaderElection(130)) - 1c12248a-391b-407f-adc5-34f451ebab0a: shutdown 1c12248a-391b-407f-adc5-34f451ebab0a@group-B894F0B42BE3-LeaderElection9
2022-10-13 11:44:22,029 [1c12248a-391b-407f-adc5-34f451ebab0a@group-B894F0B42BE3-LeaderElection9] INFO  server.RaftServer$Division (RaftServerImpl.java:setRole(299)) - 1c12248a-391b-407f-adc5-34f451ebab0a@group-B894F0B42BE3: changes role from CANDIDATE to LEADER at term 1 for changeToLeader
2022-10-13 11:44:22,029 [1c12248a-391b-407f-adc5-34f451ebab0a@group-B894F0B42BE3-LeaderElection9] INFO  ratis.XceiverServerRatis (XceiverServerRatis.java:handleLeaderChangedNotification(863)) - Leader change notification received for group: group-B894F0B42BE3 with new leaderId: 1c12248a-391b-407f-adc5-34f451ebab0a
2022-10-13 11:44:22,030 [1c12248a-391b-407f-adc5-34f451ebab0a@group-B894F0B42BE3-LeaderElection9] INFO  server.RaftServer$Division (ServerState.java:setLeader(287)) - 1c12248a-391b-407f-adc5-34f451ebab0a@group-B894F0B42BE3: change Leader from null to 1c12248a-391b-407f-adc5-34f451ebab0a at term 1 for becomeLeader, leader elected after 5248ms
2022-10-13 11:44:22,030 [1c12248a-391b-407f-adc5-34f451ebab0a@group-B894F0B42BE3-LeaderElection9] INFO  server.RaftServerConfigKeys (ConfUtils.java:logGet(46)) - raft.server.staging.catchup.gap = 1000 (default)
2022-10-13 11:44:22,030 [1c12248a-391b-407f-adc5-34f451ebab0a@group-B894F0B42BE3-LeaderElection9] INFO  server.RaftServerConfigKeys (ConfUtils.java:logGet(46)) - raft.server.write.element-limit = 1024 (custom)
2022-10-13 11:44:22,030 [1c12248a-391b-407f-adc5-34f451ebab0a@group-B894F0B42BE3-LeaderElection9] INFO  server.RaftServerConfigKeys (ConfUtils.java:logGet(46)) - raft.server.write.byte-limit = 1024 M (=1073741824) (custom)
2022-10-13 11:44:22,031 [1c12248a-391b-407f-adc5-34f451ebab0a@group-B894F0B42BE3-LeaderElection9] INFO  server.RaftServerConfigKeys (ConfUtils.java:logGet(46)) - raft.server.watch.timeout = 180s (custom)
2022-10-13 11:44:22,031 [1c12248a-391b-407f-adc5-34f451ebab0a@group-B894F0B42BE3-LeaderElection9] INFO  server.RaftServerConfigKeys (ConfUtils.java:logGet(46)) - raft.server.watch.timeout.denomination = 1s (default)
2022-10-13 11:44:22,031 [1c12248a-391b-407f-adc5-34f451ebab0a@group-B894F0B42BE3-LeaderElection9] INFO  server.RaftServerConfigKeys (ConfUtils.java:logGet(46)) - raft.server.watch.element-limit = 65536 (default)
2022-10-13 11:44:22,031 [1c12248a-391b-407f-adc5-34f451ebab0a@group-B894F0B42BE3-LeaderElection9] INFO  server.RaftServerConfigKeys (ConfUtils.java:logGet(46)) - raft.server.write.element-limit = 1024 (custom)
2022-10-13 11:44:22,031 [1c12248a-391b-407f-adc5-34f451ebab0a@group-B894F0B42BE3-LeaderElection9] INFO  server.RaftServerConfigKeys (ConfUtils.java:logGet(46)) - raft.server.write.follower.gap.ratio.max = -1.0 (default)
2022-10-13 11:44:22,031 [1c12248a-391b-407f-adc5-34f451ebab0a@group-B894F0B42BE3-LeaderElection9] INFO  impl.RoleInfo (RoleInfo.java:updateAndGet(139)) - 1c12248a-391b-407f-adc5-34f451ebab0a: start 1c12248a-391b-407f-adc5-34f451ebab0a@group-B894F0B42BE3-LeaderStateImpl
2022-10-13 11:44:22,031 [1c12248a-391b-407f-adc5-34f451ebab0a@group-B894F0B42BE3-LeaderElection9] INFO  segmented.SegmentedRaftLogWorker (SegmentedRaftLogWorker.java:startLogSegment(425)) - 1c12248a-391b-407f-adc5-34f451ebab0a@group-B894F0B42BE3-SegmentedRaftLogWorker: Starting segment from index:0
2022-10-13 11:44:22,035 [1c12248a-391b-407f-adc5-34f451ebab0a@group-B894F0B42BE3-LeaderElection9] INFO  server.RaftServer$Division (ServerState.java:setRaftConf(393)) - 1c12248a-391b-407f-adc5-34f451ebab0a@group-B894F0B42BE3: set configuration 0: [1c12248a-391b-407f-adc5-34f451ebab0a|rpc:10.1.0.200:39277|dataStream:|priority:1], old=null
2022-10-13 11:44:22,036 [1c12248a-391b-407f-adc5-34f451ebab0a@group-B894F0B42BE3-SegmentedRaftLogWorker] INFO  segmented.SegmentedRaftLogWorker (SegmentedRaftLogWorker.java:execute(629)) - 1c12248a-391b-407f-adc5-34f451ebab0a@group-B894F0B42BE3-SegmentedRaftLogWorker: created new log segment /home/runner/work/ozone/ozone/hadoop-ozone/integration-test/target/test-dir/MiniOzoneClusterImpl-da935fb3-9ce5-49ab-a67c-f4b3beb884ab/datanode-3/data/ratis/6721d611-dddc-424e-813a-b894f0b42be3/current/log_inprogress_0
2022-10-13 11:44:22,036 [cc783127-5661-4bf3-9a81-5237862e92f6@group-D73006B0921B-LeaderElection10] INFO  impl.LeaderElection (LeaderElection.java:askForVotes(310)) - cc783127-5661-4bf3-9a81-5237862e92f6@group-D73006B0921B-LeaderElection10 ELECTION round 0: submit vote requests at term 1 for -1: [cc783127-5661-4bf3-9a81-5237862e92f6|rpc:10.1.0.200:38555|dataStream:|priority:0, 1c12248a-391b-407f-adc5-34f451ebab0a|rpc:10.1.0.200:39277|dataStream:|priority:1, 5a2944c9-75d7-4a8d-9ead-f995138127cc|rpc:10.1.0.200:42797|dataStream:|priority:0], old=null
2022-10-13 11:44:22,036 [grpc-default-executor-0] INFO  impl.VoteContext (VoteContext.java:log(48)) - cc783127-5661-4bf3-9a81-5237862e92f6@group-D73006B0921B-CANDIDATE: reject ELECTION from 1c12248a-391b-407f-adc5-34f451ebab0a: already has voted for cc783127-5661-4bf3-9a81-5237862e92f6 at current term 1
2022-10-13 11:44:22,036 [grpc-default-executor-0] INFO  server.RaftServer$Division (RaftServerImpl.java:requestVote(1184)) - cc783127-5661-4bf3-9a81-5237862e92f6@group-D73006B0921B replies to ELECTION vote request: 1c12248a-391b-407f-adc5-34f451ebab0a<-cc783127-5661-4bf3-9a81-5237862e92f6#0:FAIL-t1. Peer's state: cc783127-5661-4bf3-9a81-5237862e92f6@group-D73006B0921B:t1, leader=null, voted=cc783127-5661-4bf3-9a81-5237862e92f6, raftlog=cc783127-5661-4bf3-9a81-5237862e92f6@group-D73006B0921B-SegmentedRaftLog:OPENED:c-1, conf=-1: [cc783127-5661-4bf3-9a81-5237862e92f6|rpc:10.1.0.200:38555|dataStream:|priority:0, 1c12248a-391b-407f-adc5-34f451ebab0a|rpc:10.1.0.200:39277|dataStream:|priority:1, 5a2944c9-75d7-4a8d-9ead-f995138127cc|rpc:10.1.0.200:42797|dataStream:|priority:0], old=null
2022-10-13 11:44:22,053 [grpc-default-executor-2] INFO  server.RaftServer$Division (RaftServerImpl.java:requestVote(1152)) - 5a2944c9-75d7-4a8d-9ead-f995138127cc@group-D73006B0921B: receive requestVote(ELECTION, cc783127-5661-4bf3-9a81-5237862e92f6, group-D73006B0921B, 1, (t:0, i:0))
2022-10-13 11:44:22,053 [grpc-default-executor-1] INFO  server.RaftServer$Division (RaftServerImpl.java:requestVote(1152)) - 1c12248a-391b-407f-adc5-34f451ebab0a@group-D73006B0921B: receive requestVote(ELECTION, cc783127-5661-4bf3-9a81-5237862e92f6, group-D73006B0921B, 1, (t:0, i:0))
2022-10-13 11:44:22,055 [grpc-default-executor-1] INFO  impl.VoteContext (VoteContext.java:log(48)) - 1c12248a-391b-407f-adc5-34f451ebab0a@group-D73006B0921B-CANDIDATE: reject ELECTION from cc783127-5661-4bf3-9a81-5237862e92f6: already has voted for 1c12248a-391b-407f-adc5-34f451ebab0a at current term 1
2022-10-13 11:44:22,055 [grpc-default-executor-1] INFO  server.RaftServer$Division (RaftServerImpl.java:requestVote(1184)) - 1c12248a-391b-407f-adc5-34f451ebab0a@group-D73006B0921B replies to ELECTION vote request: cc783127-5661-4bf3-9a81-5237862e92f6<-1c12248a-391b-407f-adc5-34f451ebab0a#0:FAIL-t1. Peer's state: 1c12248a-391b-407f-adc5-34f451ebab0a@group-D73006B0921B:t1, leader=null, voted=1c12248a-391b-407f-adc5-34f451ebab0a, raftlog=1c12248a-391b-407f-adc5-34f451ebab0a@group-D73006B0921B-SegmentedRaftLog:OPENED:c-1, conf=-1: [cc783127-5661-4bf3-9a81-5237862e92f6|rpc:10.1.0.200:38555|priority:0, 1c12248a-391b-407f-adc5-34f451ebab0a|rpc:10.1.0.200:39277|priority:1, 5a2944c9-75d7-4a8d-9ead-f995138127cc|rpc:10.1.0.200:42797|priority:0], old=null
2022-10-13 11:44:22,053 [5a2944c9-75d7-4a8d-9ead-f995138127cc@group-D73006B0921B-FollowerState] INFO  impl.FollowerState (FollowerState.java:run(143)) - 5a2944c9-75d7-4a8d-9ead-f995138127cc@group-D73006B0921B-FollowerState: change to CANDIDATE, lastRpcElapsedTime:5074302782ns, electionTimeout:5065ms
2022-10-13 11:44:22,055 [5a2944c9-75d7-4a8d-9ead-f995138127cc@group-D73006B0921B-FollowerState] INFO  impl.RoleInfo (RoleInfo.java:shutdownFollowerState(110)) - 5a2944c9-75d7-4a8d-9ead-f995138127cc: shutdown 5a2944c9-75d7-4a8d-9ead-f995138127cc@group-D73006B0921B-FollowerState
2022-10-13 11:44:22,055 [5a2944c9-75d7-4a8d-9ead-f995138127cc@group-D73006B0921B-FollowerState] INFO  server.RaftServer$Division (RaftServerImpl.java:setRole(299)) - 5a2944c9-75d7-4a8d-9ead-f995138127cc@group-D73006B0921B: changes role from  FOLLOWER to CANDIDATE at term 0 for changeToCandidate
2022-10-13 11:44:22,056 [5a2944c9-75d7-4a8d-9ead-f995138127cc@group-D73006B0921B-FollowerState] INFO  server.RaftServerConfigKeys (ConfUtils.java:logGet(46)) - raft.server.leaderelection.pre-vote = false (custom)
2022-10-13 11:44:22,056 [5a2944c9-75d7-4a8d-9ead-f995138127cc@group-D73006B0921B-FollowerState] INFO  impl.RoleInfo (RoleInfo.java:updateAndGet(139)) - 5a2944c9-75d7-4a8d-9ead-f995138127cc: start 5a2944c9-75d7-4a8d-9ead-f995138127cc@group-D73006B0921B-LeaderElection11
2022-10-13 11:44:22,053 [grpc-default-executor-0] INFO  server.RaftServer$Division (RaftServerImpl.java:requestVote(1152)) - 5a2944c9-75d7-4a8d-9ead-f995138127cc@group-D73006B0921B: receive requestVote(ELECTION, 1c12248a-391b-407f-adc5-34f451ebab0a, group-D73006B0921B, 1, (t:0, i:0))
2022-10-13 11:44:22,059 [grpc-default-executor-2] INFO  impl.VoteContext (VoteContext.java:log(48)) - 5a2944c9-75d7-4a8d-9ead-f995138127cc@group-D73006B0921B-CANDIDATE: accept ELECTION from cc783127-5661-4bf3-9a81-5237862e92f6: our priority 0 <= candidate's priority 0
2022-10-13 11:44:22,061 [grpc-default-executor-2] INFO  server.RaftServer$Division (RaftServerImpl.java:setRole(299)) - 5a2944c9-75d7-4a8d-9ead-f995138127cc@group-D73006B0921B: changes role from CANDIDATE to FOLLOWER at term 1 for candidate:cc783127-5661-4bf3-9a81-5237862e92f6
2022-10-13 11:44:22,061 [grpc-default-executor-2] INFO  impl.RoleInfo (RoleInfo.java:shutdownLeaderElection(130)) - 5a2944c9-75d7-4a8d-9ead-f995138127cc: shutdown 5a2944c9-75d7-4a8d-9ead-f995138127cc@group-D73006B0921B-LeaderElection11
2022-10-13 11:44:22,061 [grpc-default-executor-2] INFO  impl.RoleInfo (RoleInfo.java:updateAndGet(139)) - 5a2944c9-75d7-4a8d-9ead-f995138127cc: start 5a2944c9-75d7-4a8d-9ead-f995138127cc@group-D73006B0921B-FollowerState
2022-10-13 11:44:22,061 [cc783127-5661-4bf3-9a81-5237862e92f6@group-D73006B0921B-LeaderElection10] INFO  impl.LeaderElection (LeaderElection.java:logAndReturn(90)) - cc783127-5661-4bf3-9a81-5237862e92f6@group-D73006B0921B-LeaderElection10: ELECTION REJECTED received 1 response(s) and 0 exception(s):
2022-10-13 11:44:22,062 [cc783127-5661-4bf3-9a81-5237862e92f6@group-D73006B0921B-LeaderElection10] INFO  impl.LeaderElection (LeaderElection.java:logAndReturn(94)) -   Response 0: cc783127-5661-4bf3-9a81-5237862e92f6<-1c12248a-391b-407f-adc5-34f451ebab0a#0:FAIL-t1
2022-10-13 11:44:22,062 [cc783127-5661-4bf3-9a81-5237862e92f6@group-D73006B0921B-LeaderElection10] INFO  impl.LeaderElection (LeaderElection.java:askForVotes(312)) - cc783127-5661-4bf3-9a81-5237862e92f6@group-D73006B0921B-LeaderElection10 ELECTION round 0: result REJECTED
2022-10-13 11:44:22,062 [cc783127-5661-4bf3-9a81-5237862e92f6@group-D73006B0921B-LeaderElection10] INFO  server.RaftServer$Division (RaftServerImpl.java:setRole(299)) - cc783127-5661-4bf3-9a81-5237862e92f6@group-D73006B0921B: changes role from CANDIDATE to FOLLOWER at term 1 for REJECTED
2022-10-13 11:44:22,062 [cc783127-5661-4bf3-9a81-5237862e92f6@group-D73006B0921B-LeaderElection10] INFO  impl.RoleInfo (RoleInfo.java:shutdownLeaderElection(130)) - cc783127-5661-4bf3-9a81-5237862e92f6: shutdown cc783127-5661-4bf3-9a81-5237862e92f6@group-D73006B0921B-LeaderElection10
2022-10-13 11:44:22,062 [cc783127-5661-4bf3-9a81-5237862e92f6@group-D73006B0921B-LeaderElection10] INFO  impl.RoleInfo (RoleInfo.java:updateAndGet(139)) - cc783127-5661-4bf3-9a81-5237862e92f6: start cc783127-5661-4bf3-9a81-5237862e92f6@group-D73006B0921B-FollowerState
2022-10-13 11:44:22,064 [5a2944c9-75d7-4a8d-9ead-f995138127cc@group-D73006B0921B-LeaderElection11] INFO  impl.LeaderElection (LeaderElection.java:run(231)) - 5a2944c9-75d7-4a8d-9ead-f995138127cc@group-D73006B0921B-LeaderElection11: skip running since this is already CLOSING
2022-10-13 11:44:22,068 [grpc-default-executor-2] INFO  server.RaftServer$Division (RaftServerImpl.java:requestVote(1184)) - 5a2944c9-75d7-4a8d-9ead-f995138127cc@group-D73006B0921B replies to ELECTION vote request: cc783127-5661-4bf3-9a81-5237862e92f6<-5a2944c9-75d7-4a8d-9ead-f995138127cc#0:OK-t1. Peer's state: 5a2944c9-75d7-4a8d-9ead-f995138127cc@group-D73006B0921B:t1, leader=null, voted=cc783127-5661-4bf3-9a81-5237862e92f6, raftlog=5a2944c9-75d7-4a8d-9ead-f995138127cc@group-D73006B0921B-SegmentedRaftLog:OPENED:c-1, conf=-1: [cc783127-5661-4bf3-9a81-5237862e92f6|rpc:10.1.0.200:38555|dataStream:|priority:0, 1c12248a-391b-407f-adc5-34f451ebab0a|rpc:10.1.0.200:39277|dataStream:|priority:1, 5a2944c9-75d7-4a8d-9ead-f995138127cc|rpc:10.1.0.200:42797|dataStream:|priority:0], old=null
2022-10-13 11:44:22,069 [grpc-default-executor-0] INFO  impl.VoteContext (VoteContext.java:log(48)) - 5a2944c9-75d7-4a8d-9ead-f995138127cc@group-D73006B0921B-FOLLOWER: reject ELECTION from 1c12248a-391b-407f-adc5-34f451ebab0a: already has voted for cc783127-5661-4bf3-9a81-5237862e92f6 at current term 1
2022-10-13 11:44:22,069 [grpc-default-executor-0] INFO  server.RaftServer$Division (RaftServerImpl.java:requestVote(1184)) - 5a2944c9-75d7-4a8d-9ead-f995138127cc@group-D73006B0921B replies to ELECTION vote request: 1c12248a-391b-407f-adc5-34f451ebab0a<-5a2944c9-75d7-4a8d-9ead-f995138127cc#0:FAIL-t1. Peer's state: 5a2944c9-75d7-4a8d-9ead-f995138127cc@group-D73006B0921B:t1, leader=null, voted=cc783127-5661-4bf3-9a81-5237862e92f6, raftlog=5a2944c9-75d7-4a8d-9ead-f995138127cc@group-D73006B0921B-SegmentedRaftLog:OPENED:c-1, conf=-1: [cc783127-5661-4bf3-9a81-5237862e92f6|rpc:10.1.0.200:38555|dataStream:|priority:0, 1c12248a-391b-407f-adc5-34f451ebab0a|rpc:10.1.0.200:39277|dataStream:|priority:1, 5a2944c9-75d7-4a8d-9ead-f995138127cc|rpc:10.1.0.200:42797|dataStream:|priority:0], old=null
2022-10-13 11:44:22,070 [1c12248a-391b-407f-adc5-34f451ebab0a@group-D73006B0921B-LeaderElection8] INFO  impl.LeaderElection (LeaderElection.java:logAndReturn(90)) - 1c12248a-391b-407f-adc5-34f451ebab0a@group-D73006B0921B-LeaderElection8: ELECTION REJECTED received 2 response(s) and 0 exception(s):
2022-10-13 11:44:22,071 [1c12248a-391b-407f-adc5-34f451ebab0a@group-D73006B0921B-LeaderElection8] INFO  impl.LeaderElection (LeaderElection.java:logAndReturn(94)) -   Response 0: 1c12248a-391b-407f-adc5-34f451ebab0a<-cc783127-5661-4bf3-9a81-5237862e92f6#0:FAIL-t1
2022-10-13 11:44:22,071 [1c12248a-391b-407f-adc5-34f451ebab0a@group-D73006B0921B-LeaderElection8] INFO  impl.LeaderElection (LeaderElection.java:logAndReturn(94)) -   Response 1: 1c12248a-391b-407f-adc5-34f451ebab0a<-5a2944c9-75d7-4a8d-9ead-f995138127cc#0:FAIL-t1
2022-10-13 11:44:22,071 [1c12248a-391b-407f-adc5-34f451ebab0a@group-D73006B0921B-LeaderElection8] INFO  impl.LeaderElection (LeaderElection.java:askForVotes(312)) - 1c12248a-391b-407f-adc5-34f451ebab0a@group-D73006B0921B-LeaderElection8 ELECTION round 0: result REJECTED
2022-10-13 11:44:22,071 [1c12248a-391b-407f-adc5-34f451ebab0a@group-D73006B0921B-LeaderElection8] INFO  server.RaftServer$Division (RaftServerImpl.java:setRole(299)) - 1c12248a-391b-407f-adc5-34f451ebab0a@group-D73006B0921B: changes role from CANDIDATE to FOLLOWER at term 1 for REJECTED
2022-10-13 11:44:22,071 [1c12248a-391b-407f-adc5-34f451ebab0a@group-D73006B0921B-LeaderElection8] INFO  impl.RoleInfo (RoleInfo.java:shutdownLeaderElection(130)) - 1c12248a-391b-407f-adc5-34f451ebab0a: shutdown 1c12248a-391b-407f-adc5-34f451ebab0a@group-D73006B0921B-LeaderElection8
2022-10-13 11:44:22,071 [1c12248a-391b-407f-adc5-34f451ebab0a@group-D73006B0921B-LeaderElection8] INFO  impl.RoleInfo (RoleInfo.java:updateAndGet(139)) - 1c12248a-391b-407f-adc5-34f451ebab0a: start 1c12248a-391b-407f-adc5-34f451ebab0a@group-D73006B0921B-FollowerState
2022-10-13 11:44:22,167 [cc783127-5661-4bf3-9a81-5237862e92f6@group-669F9DCBA326-FollowerState] INFO  impl.FollowerState (FollowerState.java:run(143)) - cc783127-5661-4bf3-9a81-5237862e92f6@group-669F9DCBA326-FollowerState: change to CANDIDATE, lastRpcElapsedTime:5094825557ns, electionTimeout:5094ms
2022-10-13 11:44:22,169 [cc783127-5661-4bf3-9a81-5237862e92f6@group-669F9DCBA326-FollowerState] INFO  impl.RoleInfo (RoleInfo.java:shutdownFollowerState(110)) - cc783127-5661-4bf3-9a81-5237862e92f6: shutdown cc783127-5661-4bf3-9a81-5237862e92f6@group-669F9DCBA326-FollowerState
2022-10-13 11:44:22,169 [cc783127-5661-4bf3-9a81-5237862e92f6@group-669F9DCBA326-FollowerState] INFO  server.RaftServer$Division (RaftServerImpl.java:setRole(299)) - cc783127-5661-4bf3-9a81-5237862e92f6@group-669F9DCBA326: changes role from  FOLLOWER to CANDIDATE at term 0 for changeToCandidate
2022-10-13 11:44:22,169 [cc783127-5661-4bf3-9a81-5237862e92f6@group-669F9DCBA326-FollowerState] INFO  server.RaftServerConfigKeys (ConfUtils.java:logGet(46)) - raft.server.leaderelection.pre-vote = false (custom)
2022-10-13 11:44:22,169 [cc783127-5661-4bf3-9a81-5237862e92f6@group-669F9DCBA326-FollowerState] INFO  impl.RoleInfo (RoleInfo.java:updateAndGet(139)) - cc783127-5661-4bf3-9a81-5237862e92f6: start cc783127-5661-4bf3-9a81-5237862e92f6@group-669F9DCBA326-LeaderElection12
2022-10-13 11:44:22,173 [cc783127-5661-4bf3-9a81-5237862e92f6@group-669F9DCBA326-LeaderElection12] INFO  impl.LeaderElection (LeaderElection.java:askForVotes(310)) - cc783127-5661-4bf3-9a81-5237862e92f6@group-669F9DCBA326-LeaderElection12 ELECTION round 0: submit vote requests at term 1 for -1: [cc783127-5661-4bf3-9a81-5237862e92f6|rpc:10.1.0.200:38555|priority:1], old=null
2022-10-13 11:44:22,173 [cc783127-5661-4bf3-9a81-5237862e92f6@group-669F9DCBA326-LeaderElection12] INFO  impl.LeaderElection (LeaderElection.java:askForVotes(312)) - cc783127-5661-4bf3-9a81-5237862e92f6@group-669F9DCBA326-LeaderElection12 ELECTION round 0: result PASSED (term=1)
2022-10-13 11:44:22,173 [cc783127-5661-4bf3-9a81-5237862e92f6@group-669F9DCBA326-LeaderElection12] INFO  impl.RoleInfo (RoleInfo.java:shutdownLeaderElection(130)) - cc783127-5661-4bf3-9a81-5237862e92f6: shutdown cc783127-5661-4bf3-9a81-5237862e92f6@group-669F9DCBA326-LeaderElection12
2022-10-13 11:44:22,173 [cc783127-5661-4bf3-9a81-5237862e92f6@group-669F9DCBA326-LeaderElection12] INFO  server.RaftServer$Division (RaftServerImpl.java:setRole(299)) - cc783127-5661-4bf3-9a81-5237862e92f6@group-669F9DCBA326: changes role from CANDIDATE to LEADER at term 1 for changeToLeader
2022-10-13 11:44:22,173 [cc783127-5661-4bf3-9a81-5237862e92f6@group-669F9DCBA326-LeaderElection12] INFO  ratis.XceiverServerRatis (XceiverServerRatis.java:handleLeaderChangedNotification(863)) - Leader change notification received for group: group-669F9DCBA326 with new leaderId: cc783127-5661-4bf3-9a81-5237862e92f6
2022-10-13 11:44:22,173 [cc783127-5661-4bf3-9a81-5237862e92f6@group-669F9DCBA326-LeaderElection12] INFO  server.RaftServer$Division (ServerState.java:setLeader(287)) - cc783127-5661-4bf3-9a81-5237862e92f6@group-669F9DCBA326: change Leader from null to cc783127-5661-4bf3-9a81-5237862e92f6 at term 1 for becomeLeader, leader elected after 5108ms
2022-10-13 11:44:22,173 [cc783127-5661-4bf3-9a81-5237862e92f6@group-669F9DCBA326-LeaderElection12] INFO  server.RaftServerConfigKeys (ConfUtils.java:logGet(46)) - raft.server.staging.catchup.gap = 1000 (default)
2022-10-13 11:44:22,173 [cc783127-5661-4bf3-9a81-5237862e92f6@group-669F9DCBA326-LeaderElection12] INFO  server.RaftServerConfigKeys (ConfUtils.java:logGet(46)) - raft.server.write.element-limit = 1024 (custom)
2022-10-13 11:44:22,173 [cc783127-5661-4bf3-9a81-5237862e92f6@group-669F9DCBA326-LeaderElection12] INFO  server.RaftServerConfigKeys (ConfUtils.java:logGet(46)) - raft.server.write.byte-limit = 1024 M (=1073741824) (custom)
2022-10-13 11:44:22,175 [cc783127-5661-4bf3-9a81-5237862e92f6@group-669F9DCBA326-LeaderElection12] INFO  server.RaftServerConfigKeys (ConfUtils.java:logGet(46)) - raft.server.watch.timeout = 180s (custom)
2022-10-13 11:44:22,175 [cc783127-5661-4bf3-9a81-5237862e92f6@group-669F9DCBA326-LeaderElection12] INFO  server.RaftServerConfigKeys (ConfUtils.java:logGet(46)) - raft.server.watch.timeout.denomination = 1s (default)
2022-10-13 11:44:22,175 [cc783127-5661-4bf3-9a81-5237862e92f6@group-669F9DCBA326-LeaderElection12] INFO  server.RaftServerConfigKeys (ConfUtils.java:logGet(46)) - raft.server.watch.element-limit = 65536 (default)
2022-10-13 11:44:22,175 [cc783127-5661-4bf3-9a81-5237862e92f6@group-669F9DCBA326-LeaderElection12] INFO  server.RaftServerConfigKeys (ConfUtils.java:logGet(46)) - raft.server.write.element-limit = 1024 (custom)
2022-10-13 11:44:22,176 [cc783127-5661-4bf3-9a81-5237862e92f6@group-669F9DCBA326-LeaderElection12] INFO  server.RaftServerConfigKeys (ConfUtils.java:logGet(46)) - raft.server.write.follower.gap.ratio.max = -1.0 (default)
2022-10-13 11:44:22,176 [cc783127-5661-4bf3-9a81-5237862e92f6@group-669F9DCBA326-LeaderElection12] INFO  impl.RoleInfo (RoleInfo.java:updateAndGet(139)) - cc783127-5661-4bf3-9a81-5237862e92f6: start cc783127-5661-4bf3-9a81-5237862e92f6@group-669F9DCBA326-LeaderStateImpl
2022-10-13 11:44:22,176 [cc783127-5661-4bf3-9a81-5237862e92f6@group-669F9DCBA326-LeaderElection12] INFO  segmented.SegmentedRaftLogWorker (SegmentedRaftLogWorker.java:startLogSegment(425)) - cc783127-5661-4bf3-9a81-5237862e92f6@group-669F9DCBA326-SegmentedRaftLogWorker: Starting segment from index:0
2022-10-13 11:44:22,177 [cc783127-5661-4bf3-9a81-5237862e92f6@group-669F9DCBA326-SegmentedRaftLogWorker] INFO  segmented.SegmentedRaftLogWorker (SegmentedRaftLogWorker.java:execute(629)) - cc783127-5661-4bf3-9a81-5237862e92f6@group-669F9DCBA326-SegmentedRaftLogWorker: created new log segment /home/runner/work/ozone/ozone/hadoop-ozone/integration-test/target/test-dir/MiniOzoneClusterImpl-da935fb3-9ce5-49ab-a67c-f4b3beb884ab/datanode-4/data/ratis/d1d8237e-d715-45a6-a945-669f9dcba326/current/log_inprogress_0
2022-10-13 11:44:22,178 [cc783127-5661-4bf3-9a81-5237862e92f6@group-669F9DCBA326-LeaderElection12] INFO  server.RaftServer$Division (ServerState.java:setRaftConf(393)) - cc783127-5661-4bf3-9a81-5237862e92f6@group-669F9DCBA326: set configuration 0: [cc783127-5661-4bf3-9a81-5237862e92f6|rpc:10.1.0.200:38555|dataStream:|priority:1], old=null
2022-10-13 11:44:22,455 [5a2944c9-75d7-4a8d-9ead-f995138127cc@group-9BF3DD30FDD3-FollowerState] INFO  impl.FollowerState (FollowerState.java:run(143)) - 5a2944c9-75d7-4a8d-9ead-f995138127cc@group-9BF3DD30FDD3-FollowerState: change to CANDIDATE, lastRpcElapsedTime:5033915074ns, electionTimeout:5033ms
2022-10-13 11:44:22,455 [5a2944c9-75d7-4a8d-9ead-f995138127cc@group-9BF3DD30FDD3-FollowerState] INFO  impl.RoleInfo (RoleInfo.java:shutdownFollowerState(110)) - 5a2944c9-75d7-4a8d-9ead-f995138127cc: shutdown 5a2944c9-75d7-4a8d-9ead-f995138127cc@group-9BF3DD30FDD3-FollowerState
2022-10-13 11:44:22,455 [5a2944c9-75d7-4a8d-9ead-f995138127cc@group-9BF3DD30FDD3-FollowerState] INFO  server.RaftServer$Division (RaftServerImpl.java:setRole(299)) - 5a2944c9-75d7-4a8d-9ead-f995138127cc@group-9BF3DD30FDD3: changes role from  FOLLOWER to CANDIDATE at term 0 for changeToCandidate
2022-10-13 11:44:22,455 [5a2944c9-75d7-4a8d-9ead-f995138127cc@group-9BF3DD30FDD3-FollowerState] INFO  server.RaftServerConfigKeys (ConfUtils.java:logGet(46)) - raft.server.leaderelection.pre-vote = false (custom)
2022-10-13 11:44:22,455 [5a2944c9-75d7-4a8d-9ead-f995138127cc@group-9BF3DD30FDD3-FollowerState] INFO  impl.RoleInfo (RoleInfo.java:updateAndGet(139)) - 5a2944c9-75d7-4a8d-9ead-f995138127cc: start 5a2944c9-75d7-4a8d-9ead-f995138127cc@group-9BF3DD30FDD3-LeaderElection13
2022-10-13 11:44:22,461 [5a2944c9-75d7-4a8d-9ead-f995138127cc@group-9BF3DD30FDD3-LeaderElection13] INFO  impl.LeaderElection (LeaderElection.java:askForVotes(310)) - 5a2944c9-75d7-4a8d-9ead-f995138127cc@group-9BF3DD30FDD3-LeaderElection13 ELECTION round 0: submit vote requests at term 1 for -1: [5a2944c9-75d7-4a8d-9ead-f995138127cc|rpc:10.1.0.200:42797|priority:1], old=null
2022-10-13 11:44:22,461 [5a2944c9-75d7-4a8d-9ead-f995138127cc@group-9BF3DD30FDD3-LeaderElection13] INFO  impl.LeaderElection (LeaderElection.java:askForVotes(312)) - 5a2944c9-75d7-4a8d-9ead-f995138127cc@group-9BF3DD30FDD3-LeaderElection13 ELECTION round 0: result PASSED (term=1)
2022-10-13 11:44:22,461 [5a2944c9-75d7-4a8d-9ead-f995138127cc@group-9BF3DD30FDD3-LeaderElection13] INFO  impl.RoleInfo (RoleInfo.java:shutdownLeaderElection(130)) - 5a2944c9-75d7-4a8d-9ead-f995138127cc: shutdown 5a2944c9-75d7-4a8d-9ead-f995138127cc@group-9BF3DD30FDD3-LeaderElection13
2022-10-13 11:44:22,461 [5a2944c9-75d7-4a8d-9ead-f995138127cc@group-9BF3DD30FDD3-LeaderElection13] INFO  server.RaftServer$Division (RaftServerImpl.java:setRole(299)) - 5a2944c9-75d7-4a8d-9ead-f995138127cc@group-9BF3DD30FDD3: changes role from CANDIDATE to LEADER at term 1 for changeToLeader
2022-10-13 11:44:22,461 [5a2944c9-75d7-4a8d-9ead-f995138127cc@group-9BF3DD30FDD3-LeaderElection13] INFO  ratis.XceiverServerRatis (XceiverServerRatis.java:handleLeaderChangedNotification(863)) - Leader change notification received for group: group-9BF3DD30FDD3 with new leaderId: 5a2944c9-75d7-4a8d-9ead-f995138127cc
2022-10-13 11:44:22,461 [5a2944c9-75d7-4a8d-9ead-f995138127cc@group-9BF3DD30FDD3-LeaderElection13] INFO  server.RaftServer$Division (ServerState.java:setLeader(287)) - 5a2944c9-75d7-4a8d-9ead-f995138127cc@group-9BF3DD30FDD3: change Leader from null to 5a2944c9-75d7-4a8d-9ead-f995138127cc at term 1 for becomeLeader, leader elected after 5052ms
2022-10-13 11:44:22,461 [5a2944c9-75d7-4a8d-9ead-f995138127cc@group-9BF3DD30FDD3-LeaderElection13] INFO  server.RaftServerConfigKeys (ConfUtils.java:logGet(46)) - raft.server.staging.catchup.gap = 1000 (default)
2022-10-13 11:44:22,462 [5a2944c9-75d7-4a8d-9ead-f995138127cc@group-9BF3DD30FDD3-LeaderElection13] INFO  server.RaftServerConfigKeys (ConfUtils.java:logGet(46)) - raft.server.write.element-limit = 1024 (custom)
2022-10-13 11:44:22,462 [5a2944c9-75d7-4a8d-9ead-f995138127cc@group-9BF3DD30FDD3-LeaderElection13] INFO  server.RaftServerConfigKeys (ConfUtils.java:logGet(46)) - raft.server.write.byte-limit = 1024 M (=1073741824) (custom)
2022-10-13 11:44:22,462 [5a2944c9-75d7-4a8d-9ead-f995138127cc@group-9BF3DD30FDD3-LeaderElection13] INFO  server.RaftServerConfigKeys (ConfUtils.java:logGet(46)) - raft.server.watch.timeout = 180s (custom)
2022-10-13 11:44:22,463 [5a2944c9-75d7-4a8d-9ead-f995138127cc@group-9BF3DD30FDD3-LeaderElection13] INFO  server.RaftServerConfigKeys (ConfUtils.java:logGet(46)) - raft.server.watch.timeout.denomination = 1s (default)
2022-10-13 11:44:22,463 [5a2944c9-75d7-4a8d-9ead-f995138127cc@group-9BF3DD30FDD3-LeaderElection13] INFO  server.RaftServerConfigKeys (ConfUtils.java:logGet(46)) - raft.server.watch.element-limit = 65536 (default)
2022-10-13 11:44:22,463 [5a2944c9-75d7-4a8d-9ead-f995138127cc@group-9BF3DD30FDD3-LeaderElection13] INFO  server.RaftServerConfigKeys (ConfUtils.java:logGet(46)) - raft.server.write.element-limit = 1024 (custom)
2022-10-13 11:44:22,463 [5a2944c9-75d7-4a8d-9ead-f995138127cc@group-9BF3DD30FDD3-LeaderElection13] INFO  server.RaftServerConfigKeys (ConfUtils.java:logGet(46)) - raft.server.write.follower.gap.ratio.max = -1.0 (default)
2022-10-13 11:44:22,463 [5a2944c9-75d7-4a8d-9ead-f995138127cc@group-9BF3DD30FDD3-LeaderElection13] INFO  impl.RoleInfo (RoleInfo.java:updateAndGet(139)) - 5a2944c9-75d7-4a8d-9ead-f995138127cc: start 5a2944c9-75d7-4a8d-9ead-f995138127cc@group-9BF3DD30FDD3-LeaderStateImpl
2022-10-13 11:44:22,463 [5a2944c9-75d7-4a8d-9ead-f995138127cc@group-9BF3DD30FDD3-LeaderElection13] INFO  segmented.SegmentedRaftLogWorker (SegmentedRaftLogWorker.java:startLogSegment(425)) - 5a2944c9-75d7-4a8d-9ead-f995138127cc@group-9BF3DD30FDD3-SegmentedRaftLogWorker: Starting segment from index:0
2022-10-13 11:44:22,465 [5a2944c9-75d7-4a8d-9ead-f995138127cc@group-9BF3DD30FDD3-SegmentedRaftLogWorker] INFO  segmented.SegmentedRaftLogWorker (SegmentedRaftLogWorker.java:execute(629)) - 5a2944c9-75d7-4a8d-9ead-f995138127cc@group-9BF3DD30FDD3-SegmentedRaftLogWorker: created new log segment /home/runner/work/ozone/ozone/hadoop-ozone/integration-test/target/test-dir/MiniOzoneClusterImpl-da935fb3-9ce5-49ab-a67c-f4b3beb884ab/datanode-5/data/ratis/895d3a3a-1c1e-40e7-9964-9bf3dd30fdd3/current/log_inprogress_0
2022-10-13 11:44:22,465 [5a2944c9-75d7-4a8d-9ead-f995138127cc@group-9BF3DD30FDD3-LeaderElection13] INFO  server.RaftServer$Division (ServerState.java:setRaftConf(393)) - 5a2944c9-75d7-4a8d-9ead-f995138127cc@group-9BF3DD30FDD3: set configuration 0: [5a2944c9-75d7-4a8d-9ead-f995138127cc|rpc:10.1.0.200:42797|dataStream:|priority:1], old=null
2022-10-13 11:44:22,727 [Listener at 127.0.0.1/33933] INFO  ozone.MiniOzoneClusterImpl (MiniOzoneClusterImpl.java:lambda$waitForClusterToBeReady$0(216)) - Nodes are ready. Got 10 of 10 DN Heartbeats.
2022-10-13 11:44:22,727 [Listener at 127.0.0.1/33933] INFO  ozone.MiniOzoneClusterImpl (MiniOzoneClusterImpl.java:lambda$waitForClusterToBeReady$0(219)) - Cluster exits safe mode
2022-10-13 11:44:22,727 [Listener at 127.0.0.1/33933] INFO  ozone.MiniOzoneClusterImpl (MiniOzoneClusterImpl.java:lambda$waitForClusterToBeReady$0(221)) - SCM became leader
2022-10-13 11:44:22,914 [febd5d2c-72de-44b7-b010-e5e9acc30848@group-CA13F6D37BB1-FollowerState] INFO  impl.FollowerState (FollowerState.java:run(143)) - febd5d2c-72de-44b7-b010-e5e9acc30848@group-CA13F6D37BB1-FollowerState: change to CANDIDATE, lastRpcElapsedTime:5063860593ns, electionTimeout:5060ms
2022-10-13 11:44:22,914 [febd5d2c-72de-44b7-b010-e5e9acc30848@group-CA13F6D37BB1-FollowerState] INFO  impl.RoleInfo (RoleInfo.java:shutdownFollowerState(110)) - febd5d2c-72de-44b7-b010-e5e9acc30848: shutdown febd5d2c-72de-44b7-b010-e5e9acc30848@group-CA13F6D37BB1-FollowerState
2022-10-13 11:44:22,914 [febd5d2c-72de-44b7-b010-e5e9acc30848@group-CA13F6D37BB1-FollowerState] INFO  server.RaftServer$Division (RaftServerImpl.java:setRole(299)) - febd5d2c-72de-44b7-b010-e5e9acc30848@group-CA13F6D37BB1: changes role from  FOLLOWER to CANDIDATE at term 0 for changeToCandidate
2022-10-13 11:44:22,914 [febd5d2c-72de-44b7-b010-e5e9acc30848@group-CA13F6D37BB1-FollowerState] INFO  server.RaftServerConfigKeys (ConfUtils.java:logGet(46)) - raft.server.leaderelection.pre-vote = false (custom)
2022-10-13 11:44:22,914 [febd5d2c-72de-44b7-b010-e5e9acc30848@group-CA13F6D37BB1-FollowerState] INFO  impl.RoleInfo (RoleInfo.java:updateAndGet(139)) - febd5d2c-72de-44b7-b010-e5e9acc30848: start febd5d2c-72de-44b7-b010-e5e9acc30848@group-CA13F6D37BB1-LeaderElection14
2022-10-13 11:44:22,935 [febd5d2c-72de-44b7-b010-e5e9acc30848@group-CA13F6D37BB1-LeaderElection14] INFO  impl.LeaderElection (LeaderElection.java:askForVotes(310)) - febd5d2c-72de-44b7-b010-e5e9acc30848@group-CA13F6D37BB1-LeaderElection14 ELECTION round 0: submit vote requests at term 1 for -1: [febd5d2c-72de-44b7-b010-e5e9acc30848|rpc:10.1.0.200:36903|dataStream:|priority:0, 8f71354a-19e6-4be6-b89a-dd2f0292058a|rpc:10.1.0.200:41203|dataStream:|priority:0, 44dad4d2-9f73-4874-a36a-585ee387199d|rpc:10.1.0.200:32897|dataStream:|priority:1], old=null
2022-10-13 11:44:22,940 [44dad4d2-9f73-4874-a36a-585ee387199d@group-CA13F6D37BB1-FollowerState] INFO  impl.FollowerState (FollowerState.java:run(143)) - 44dad4d2-9f73-4874-a36a-585ee387199d@group-CA13F6D37BB1-FollowerState: change to CANDIDATE, lastRpcElapsedTime:5122177987ns, electionTimeout:5118ms
2022-10-13 11:44:22,940 [44dad4d2-9f73-4874-a36a-585ee387199d@group-CA13F6D37BB1-FollowerState] INFO  impl.RoleInfo (RoleInfo.java:shutdownFollowerState(110)) - 44dad4d2-9f73-4874-a36a-585ee387199d: shutdown 44dad4d2-9f73-4874-a36a-585ee387199d@group-CA13F6D37BB1-FollowerState
2022-10-13 11:44:22,940 [44dad4d2-9f73-4874-a36a-585ee387199d@group-CA13F6D37BB1-FollowerState] INFO  server.RaftServer$Division (RaftServerImpl.java:setRole(299)) - 44dad4d2-9f73-4874-a36a-585ee387199d@group-CA13F6D37BB1: changes role from  FOLLOWER to CANDIDATE at term 0 for changeToCandidate
2022-10-13 11:44:22,940 [44dad4d2-9f73-4874-a36a-585ee387199d@group-CA13F6D37BB1-FollowerState] INFO  server.RaftServerConfigKeys (ConfUtils.java:logGet(46)) - raft.server.leaderelection.pre-vote = false (custom)
2022-10-13 11:44:22,940 [44dad4d2-9f73-4874-a36a-585ee387199d@group-CA13F6D37BB1-FollowerState] INFO  impl.RoleInfo (RoleInfo.java:updateAndGet(139)) - 44dad4d2-9f73-4874-a36a-585ee387199d: start 44dad4d2-9f73-4874-a36a-585ee387199d@group-CA13F6D37BB1-LeaderElection15
2022-10-13 11:44:23,006 [44dad4d2-9f73-4874-a36a-585ee387199d@group-A5C3D62238FA-FollowerState] INFO  impl.FollowerState (FollowerState.java:run(143)) - 44dad4d2-9f73-4874-a36a-585ee387199d@group-A5C3D62238FA-FollowerState: change to CANDIDATE, lastRpcElapsedTime:5204248632ns, electionTimeout:5188ms
2022-10-13 11:44:23,015 [44dad4d2-9f73-4874-a36a-585ee387199d@group-A5C3D62238FA-FollowerState] INFO  impl.RoleInfo (RoleInfo.java:shutdownFollowerState(110)) - 44dad4d2-9f73-4874-a36a-585ee387199d: shutdown 44dad4d2-9f73-4874-a36a-585ee387199d@group-A5C3D62238FA-FollowerState
2022-10-13 11:44:23,015 [44dad4d2-9f73-4874-a36a-585ee387199d@group-A5C3D62238FA-FollowerState] INFO  server.RaftServer$Division (RaftServerImpl.java:setRole(299)) - 44dad4d2-9f73-4874-a36a-585ee387199d@group-A5C3D62238FA: changes role from  FOLLOWER to CANDIDATE at term 0 for changeToCandidate
2022-10-13 11:44:23,015 [44dad4d2-9f73-4874-a36a-585ee387199d@group-A5C3D62238FA-FollowerState] INFO  server.RaftServerConfigKeys (ConfUtils.java:logGet(46)) - raft.server.leaderelection.pre-vote = false (custom)
2022-10-13 11:44:23,016 [44dad4d2-9f73-4874-a36a-585ee387199d@group-A5C3D62238FA-FollowerState] INFO  impl.RoleInfo (RoleInfo.java:updateAndGet(139)) - 44dad4d2-9f73-4874-a36a-585ee387199d: start 44dad4d2-9f73-4874-a36a-585ee387199d@group-A5C3D62238FA-LeaderElection16
2022-10-13 11:44:23,016 [grpc-default-executor-2] INFO  server.RaftServer$Division (RaftServerImpl.java:requestVote(1152)) - 8f71354a-19e6-4be6-b89a-dd2f0292058a@group-CA13F6D37BB1: receive requestVote(ELECTION, febd5d2c-72de-44b7-b010-e5e9acc30848, group-CA13F6D37BB1, 1, (t:0, i:0))
2022-10-13 11:44:23,016 [grpc-default-executor-2] INFO  impl.VoteContext (VoteContext.java:log(48)) - 8f71354a-19e6-4be6-b89a-dd2f0292058a@group-CA13F6D37BB1-FOLLOWER: accept ELECTION from febd5d2c-72de-44b7-b010-e5e9acc30848: our priority 0 <= candidate's priority 0
2022-10-13 11:44:23,016 [grpc-default-executor-2] INFO  server.RaftServer$Division (RaftServerImpl.java:setRole(299)) - 8f71354a-19e6-4be6-b89a-dd2f0292058a@group-CA13F6D37BB1: changes role from  FOLLOWER to FOLLOWER at term 1 for candidate:febd5d2c-72de-44b7-b010-e5e9acc30848
2022-10-13 11:44:23,016 [grpc-default-executor-2] INFO  impl.RoleInfo (RoleInfo.java:shutdownFollowerState(110)) - 8f71354a-19e6-4be6-b89a-dd2f0292058a: shutdown 8f71354a-19e6-4be6-b89a-dd2f0292058a@group-CA13F6D37BB1-FollowerState
2022-10-13 11:44:23,016 [44dad4d2-9f73-4874-a36a-585ee387199d@group-CA13F6D37BB1-LeaderElection15] INFO  impl.LeaderElection (LeaderElection.java:askForVotes(310)) - 44dad4d2-9f73-4874-a36a-585ee387199d@group-CA13F6D37BB1-LeaderElection15 ELECTION round 0: submit vote requests at term 1 for -1: [febd5d2c-72de-44b7-b010-e5e9acc30848|rpc:10.1.0.200:36903|priority:0, 8f71354a-19e6-4be6-b89a-dd2f0292058a|rpc:10.1.0.200:41203|priority:0, 44dad4d2-9f73-4874-a36a-585ee387199d|rpc:10.1.0.200:32897|priority:1], old=null
2022-10-13 11:44:23,016 [grpc-default-executor-0] INFO  server.RaftServer$Division (RaftServerImpl.java:requestVote(1152)) - 44dad4d2-9f73-4874-a36a-585ee387199d@group-CA13F6D37BB1: receive requestVote(ELECTION, febd5d2c-72de-44b7-b010-e5e9acc30848, group-CA13F6D37BB1, 1, (t:0, i:0))
2022-10-13 11:44:23,016 [grpc-default-executor-0] INFO  impl.VoteContext (VoteContext.java:log(48)) - 44dad4d2-9f73-4874-a36a-585ee387199d@group-CA13F6D37BB1-CANDIDATE: reject ELECTION from febd5d2c-72de-44b7-b010-e5e9acc30848: already has voted for 44dad4d2-9f73-4874-a36a-585ee387199d at current term 1
2022-10-13 11:44:23,017 [grpc-default-executor-0] INFO  server.RaftServer$Division (RaftServerImpl.java:requestVote(1184)) - 44dad4d2-9f73-4874-a36a-585ee387199d@group-CA13F6D37BB1 replies to ELECTION vote request: febd5d2c-72de-44b7-b010-e5e9acc30848<-44dad4d2-9f73-4874-a36a-585ee387199d#0:FAIL-t1. Peer's state: 44dad4d2-9f73-4874-a36a-585ee387199d@group-CA13F6D37BB1:t1, leader=null, voted=44dad4d2-9f73-4874-a36a-585ee387199d, raftlog=44dad4d2-9f73-4874-a36a-585ee387199d@group-CA13F6D37BB1-SegmentedRaftLog:OPENED:c-1, conf=-1: [febd5d2c-72de-44b7-b010-e5e9acc30848|rpc:10.1.0.200:36903|priority:0, 8f71354a-19e6-4be6-b89a-dd2f0292058a|rpc:10.1.0.200:41203|priority:0, 44dad4d2-9f73-4874-a36a-585ee387199d|rpc:10.1.0.200:32897|priority:1], old=null
2022-10-13 11:44:23,017 [8f71354a-19e6-4be6-b89a-dd2f0292058a@group-CA13F6D37BB1-FollowerState] INFO  impl.FollowerState (FollowerState.java:shouldRun(117)) - 8f71354a-19e6-4be6-b89a-dd2f0292058a@group-CA13F6D37BB1-FollowerState: Stopping now (isRunning? false, role = FOLLOWER)
2022-10-13 11:44:23,029 [grpc-default-executor-2] INFO  impl.RoleInfo (RoleInfo.java:updateAndGet(139)) - 8f71354a-19e6-4be6-b89a-dd2f0292058a: start 8f71354a-19e6-4be6-b89a-dd2f0292058a@group-CA13F6D37BB1-FollowerState
2022-10-13 11:44:23,033 [febd5d2c-72de-44b7-b010-e5e9acc30848@group-CA13F6D37BB1-LeaderElection14] INFO  impl.LeaderElection (LeaderElection.java:logAndReturn(90)) - febd5d2c-72de-44b7-b010-e5e9acc30848@group-CA13F6D37BB1-LeaderElection14: ELECTION REJECTED received 1 response(s) and 0 exception(s):
2022-10-13 11:44:23,037 [febd5d2c-72de-44b7-b010-e5e9acc30848@group-CA13F6D37BB1-LeaderElection14] INFO  impl.LeaderElection (LeaderElection.java:logAndReturn(94)) -   Response 0: febd5d2c-72de-44b7-b010-e5e9acc30848<-44dad4d2-9f73-4874-a36a-585ee387199d#0:FAIL-t1
2022-10-13 11:44:23,039 [febd5d2c-72de-44b7-b010-e5e9acc30848@group-CA13F6D37BB1-LeaderElection14] INFO  impl.LeaderElection (LeaderElection.java:askForVotes(312)) - febd5d2c-72de-44b7-b010-e5e9acc30848@group-CA13F6D37BB1-LeaderElection14 ELECTION round 0: result REJECTED
2022-10-13 11:44:23,039 [febd5d2c-72de-44b7-b010-e5e9acc30848@group-CA13F6D37BB1-LeaderElection14] INFO  server.RaftServer$Division (RaftServerImpl.java:setRole(299)) - febd5d2c-72de-44b7-b010-e5e9acc30848@group-CA13F6D37BB1: changes role from CANDIDATE to FOLLOWER at term 1 for REJECTED
2022-10-13 11:44:23,039 [febd5d2c-72de-44b7-b010-e5e9acc30848@group-CA13F6D37BB1-LeaderElection14] INFO  impl.RoleInfo (RoleInfo.java:shutdownLeaderElection(130)) - febd5d2c-72de-44b7-b010-e5e9acc30848: shutdown febd5d2c-72de-44b7-b010-e5e9acc30848@group-CA13F6D37BB1-LeaderElection14
2022-10-13 11:44:23,039 [febd5d2c-72de-44b7-b010-e5e9acc30848@group-CA13F6D37BB1-LeaderElection14] INFO  impl.RoleInfo (RoleInfo.java:updateAndGet(139)) - febd5d2c-72de-44b7-b010-e5e9acc30848: start febd5d2c-72de-44b7-b010-e5e9acc30848@group-CA13F6D37BB1-FollowerState
2022-10-13 11:44:23,061 [44dad4d2-9f73-4874-a36a-585ee387199d@group-84E26D0679BC-FollowerState] INFO  impl.FollowerState (FollowerState.java:run(143)) - 44dad4d2-9f73-4874-a36a-585ee387199d@group-84E26D0679BC-FollowerState: change to CANDIDATE, lastRpcElapsedTime:5145971418ns, electionTimeout:5127ms
2022-10-13 11:44:23,061 [44dad4d2-9f73-4874-a36a-585ee387199d@group-84E26D0679BC-FollowerState] INFO  impl.RoleInfo (RoleInfo.java:shutdownFollowerState(110)) - 44dad4d2-9f73-4874-a36a-585ee387199d: shutdown 44dad4d2-9f73-4874-a36a-585ee387199d@group-84E26D0679BC-FollowerState
2022-10-13 11:44:23,061 [44dad4d2-9f73-4874-a36a-585ee387199d@group-84E26D0679BC-FollowerState] INFO  server.RaftServer$Division (RaftServerImpl.java:setRole(299)) - 44dad4d2-9f73-4874-a36a-585ee387199d@group-84E26D0679BC: changes role from  FOLLOWER to CANDIDATE at term 0 for changeToCandidate
2022-10-13 11:44:23,061 [44dad4d2-9f73-4874-a36a-585ee387199d@group-84E26D0679BC-FollowerState] INFO  server.RaftServerConfigKeys (ConfUtils.java:logGet(46)) - raft.server.leaderelection.pre-vote = false (custom)
2022-10-13 11:44:23,061 [44dad4d2-9f73-4874-a36a-585ee387199d@group-84E26D0679BC-FollowerState] INFO  impl.RoleInfo (RoleInfo.java:updateAndGet(139)) - 44dad4d2-9f73-4874-a36a-585ee387199d: start 44dad4d2-9f73-4874-a36a-585ee387199d@group-84E26D0679BC-LeaderElection17
2022-10-13 11:44:23,061 [grpc-default-executor-0] INFO  server.RaftServer$Division (RaftServerImpl.java:requestVote(1152)) - febd5d2c-72de-44b7-b010-e5e9acc30848@group-CA13F6D37BB1: receive requestVote(ELECTION, 44dad4d2-9f73-4874-a36a-585ee387199d, group-CA13F6D37BB1, 1, (t:0, i:0))
2022-10-13 11:44:23,061 [grpc-default-executor-0] INFO  impl.VoteContext (VoteContext.java:log(48)) - febd5d2c-72de-44b7-b010-e5e9acc30848@group-CA13F6D37BB1-FOLLOWER: reject ELECTION from 44dad4d2-9f73-4874-a36a-585ee387199d: already has voted for febd5d2c-72de-44b7-b010-e5e9acc30848 at current term 1
2022-10-13 11:44:23,061 [grpc-default-executor-0] INFO  server.RaftServer$Division (RaftServerImpl.java:requestVote(1184)) - febd5d2c-72de-44b7-b010-e5e9acc30848@group-CA13F6D37BB1 replies to ELECTION vote request: 44dad4d2-9f73-4874-a36a-585ee387199d<-febd5d2c-72de-44b7-b010-e5e9acc30848#0:FAIL-t1. Peer's state: febd5d2c-72de-44b7-b010-e5e9acc30848@group-CA13F6D37BB1:t1, leader=null, voted=febd5d2c-72de-44b7-b010-e5e9acc30848, raftlog=febd5d2c-72de-44b7-b010-e5e9acc30848@group-CA13F6D37BB1-SegmentedRaftLog:OPENED:c-1, conf=-1: [febd5d2c-72de-44b7-b010-e5e9acc30848|rpc:10.1.0.200:36903|dataStream:|priority:0, 8f71354a-19e6-4be6-b89a-dd2f0292058a|rpc:10.1.0.200:41203|dataStream:|priority:0, 44dad4d2-9f73-4874-a36a-585ee387199d|rpc:10.1.0.200:32897|dataStream:|priority:1], old=null
2022-10-13 11:44:23,063 [44dad4d2-9f73-4874-a36a-585ee387199d@group-A5C3D62238FA-LeaderElection16] INFO  impl.LeaderElection (LeaderElection.java:askForVotes(310)) - 44dad4d2-9f73-4874-a36a-585ee387199d@group-A5C3D62238FA-LeaderElection16 ELECTION round 0: submit vote requests at term 1 for -1: [44dad4d2-9f73-4874-a36a-585ee387199d|rpc:10.1.0.200:32897|priority:1], old=null
2022-10-13 11:44:23,063 [44dad4d2-9f73-4874-a36a-585ee387199d@group-A5C3D62238FA-LeaderElection16] INFO  impl.LeaderElection (LeaderElection.java:askForVotes(312)) - 44dad4d2-9f73-4874-a36a-585ee387199d@group-A5C3D62238FA-LeaderElection16 ELECTION round 0: result PASSED (term=1)
2022-10-13 11:44:23,063 [44dad4d2-9f73-4874-a36a-585ee387199d@group-A5C3D62238FA-LeaderElection16] INFO  impl.RoleInfo (RoleInfo.java:shutdownLeaderElection(130)) - 44dad4d2-9f73-4874-a36a-585ee387199d: shutdown 44dad4d2-9f73-4874-a36a-585ee387199d@group-A5C3D62238FA-LeaderElection16
2022-10-13 11:44:23,063 [44dad4d2-9f73-4874-a36a-585ee387199d@group-A5C3D62238FA-LeaderElection16] INFO  server.RaftServer$Division (RaftServerImpl.java:setRole(299)) - 44dad4d2-9f73-4874-a36a-585ee387199d@group-A5C3D62238FA: changes role from CANDIDATE to LEADER at term 1 for changeToLeader
2022-10-13 11:44:23,063 [44dad4d2-9f73-4874-a36a-585ee387199d@group-A5C3D62238FA-LeaderElection16] INFO  ratis.XceiverServerRatis (XceiverServerRatis.java:handleLeaderChangedNotification(863)) - Leader change notification received for group: group-A5C3D62238FA with new leaderId: 44dad4d2-9f73-4874-a36a-585ee387199d
2022-10-13 11:44:23,065 [grpc-default-executor-2] INFO  server.RaftServer$Division (RaftServerImpl.java:requestVote(1184)) - 8f71354a-19e6-4be6-b89a-dd2f0292058a@group-CA13F6D37BB1 replies to ELECTION vote request: febd5d2c-72de-44b7-b010-e5e9acc30848<-8f71354a-19e6-4be6-b89a-dd2f0292058a#0:OK-t1. Peer's state: 8f71354a-19e6-4be6-b89a-dd2f0292058a@group-CA13F6D37BB1:t1, leader=null, voted=febd5d2c-72de-44b7-b010-e5e9acc30848, raftlog=8f71354a-19e6-4be6-b89a-dd2f0292058a@group-CA13F6D37BB1-SegmentedRaftLog:OPENED:c-1, conf=-1: [febd5d2c-72de-44b7-b010-e5e9acc30848|rpc:10.1.0.200:36903|dataStream:|priority:0, 8f71354a-19e6-4be6-b89a-dd2f0292058a|rpc:10.1.0.200:41203|dataStream:|priority:0, 44dad4d2-9f73-4874-a36a-585ee387199d|rpc:10.1.0.200:32897|dataStream:|priority:1], old=null
2022-10-13 11:44:23,066 [44dad4d2-9f73-4874-a36a-585ee387199d@group-A5C3D62238FA-LeaderElection16] INFO  server.RaftServer$Division (ServerState.java:setLeader(287)) - 44dad4d2-9f73-4874-a36a-585ee387199d@group-A5C3D62238FA: change Leader from null to 44dad4d2-9f73-4874-a36a-585ee387199d at term 1 for becomeLeader, leader elected after 5268ms
2022-10-13 11:44:23,067 [44dad4d2-9f73-4874-a36a-585ee387199d@group-A5C3D62238FA-LeaderElection16] INFO  server.RaftServerConfigKeys (ConfUtils.java:logGet(46)) - raft.server.staging.catchup.gap = 1000 (default)
2022-10-13 11:44:23,067 [44dad4d2-9f73-4874-a36a-585ee387199d@group-A5C3D62238FA-LeaderElection16] INFO  server.RaftServerConfigKeys (ConfUtils.java:logGet(46)) - raft.server.write.element-limit = 1024 (custom)
2022-10-13 11:44:23,067 [44dad4d2-9f73-4874-a36a-585ee387199d@group-A5C3D62238FA-LeaderElection16] INFO  server.RaftServerConfigKeys (ConfUtils.java:logGet(46)) - raft.server.write.byte-limit = 1024 M (=1073741824) (custom)
2022-10-13 11:44:23,067 [44dad4d2-9f73-4874-a36a-585ee387199d@group-A5C3D62238FA-LeaderElection16] INFO  server.RaftServerConfigKeys (ConfUtils.java:logGet(46)) - raft.server.watch.timeout = 180s (custom)
2022-10-13 11:44:23,067 [44dad4d2-9f73-4874-a36a-585ee387199d@group-A5C3D62238FA-LeaderElection16] INFO  server.RaftServerConfigKeys (ConfUtils.java:logGet(46)) - raft.server.watch.timeout.denomination = 1s (default)
2022-10-13 11:44:23,067 [44dad4d2-9f73-4874-a36a-585ee387199d@group-A5C3D62238FA-LeaderElection16] INFO  server.RaftServerConfigKeys (ConfUtils.java:logGet(46)) - raft.server.watch.element-limit = 65536 (default)
2022-10-13 11:44:23,067 [44dad4d2-9f73-4874-a36a-585ee387199d@group-A5C3D62238FA-LeaderElection16] INFO  server.RaftServerConfigKeys (ConfUtils.java:logGet(46)) - raft.server.write.element-limit = 1024 (custom)
2022-10-13 11:44:23,067 [44dad4d2-9f73-4874-a36a-585ee387199d@group-A5C3D62238FA-LeaderElection16] INFO  server.RaftServerConfigKeys (ConfUtils.java:logGet(46)) - raft.server.write.follower.gap.ratio.max = -1.0 (default)
2022-10-13 11:44:23,067 [44dad4d2-9f73-4874-a36a-585ee387199d@group-A5C3D62238FA-LeaderElection16] INFO  impl.RoleInfo (RoleInfo.java:updateAndGet(139)) - 44dad4d2-9f73-4874-a36a-585ee387199d: start 44dad4d2-9f73-4874-a36a-585ee387199d@group-A5C3D62238FA-LeaderStateImpl
2022-10-13 11:44:23,067 [44dad4d2-9f73-4874-a36a-585ee387199d@group-A5C3D62238FA-LeaderElection16] INFO  segmented.SegmentedRaftLogWorker (SegmentedRaftLogWorker.java:startLogSegment(425)) - 44dad4d2-9f73-4874-a36a-585ee387199d@group-A5C3D62238FA-SegmentedRaftLogWorker: Starting segment from index:0
2022-10-13 11:44:23,069 [44dad4d2-9f73-4874-a36a-585ee387199d@group-A5C3D62238FA-SegmentedRaftLogWorker] INFO  segmented.SegmentedRaftLogWorker (SegmentedRaftLogWorker.java:execute(629)) - 44dad4d2-9f73-4874-a36a-585ee387199d@group-A5C3D62238FA-SegmentedRaftLogWorker: created new log segment /home/runner/work/ozone/ozone/hadoop-ozone/integration-test/target/test-dir/MiniOzoneClusterImpl-da935fb3-9ce5-49ab-a67c-f4b3beb884ab/datanode-6/data/ratis/292ff869-6974-464a-816e-a5c3d62238fa/current/log_inprogress_0
2022-10-13 11:44:23,083 [44dad4d2-9f73-4874-a36a-585ee387199d@group-A5C3D62238FA-LeaderElection16] INFO  server.RaftServer$Division (ServerState.java:setRaftConf(393)) - 44dad4d2-9f73-4874-a36a-585ee387199d@group-A5C3D62238FA: set configuration 0: [44dad4d2-9f73-4874-a36a-585ee387199d|rpc:10.1.0.200:32897|dataStream:|priority:1], old=null
2022-10-13 11:44:23,085 [grpc-default-executor-2] INFO  server.RaftServer$Division (RaftServerImpl.java:requestVote(1152)) - 8f71354a-19e6-4be6-b89a-dd2f0292058a@group-CA13F6D37BB1: receive requestVote(ELECTION, 44dad4d2-9f73-4874-a36a-585ee387199d, group-CA13F6D37BB1, 1, (t:0, i:0))
2022-10-13 11:44:23,085 [grpc-default-executor-2] INFO  impl.VoteContext (VoteContext.java:log(48)) - 8f71354a-19e6-4be6-b89a-dd2f0292058a@group-CA13F6D37BB1-FOLLOWER: reject ELECTION from 44dad4d2-9f73-4874-a36a-585ee387199d: already has voted for febd5d2c-72de-44b7-b010-e5e9acc30848 at current term 1
2022-10-13 11:44:23,085 [grpc-default-executor-2] INFO  server.RaftServer$Division (RaftServerImpl.java:requestVote(1184)) - 8f71354a-19e6-4be6-b89a-dd2f0292058a@group-CA13F6D37BB1 replies to ELECTION vote request: 44dad4d2-9f73-4874-a36a-585ee387199d<-8f71354a-19e6-4be6-b89a-dd2f0292058a#0:FAIL-t1. Peer's state: 8f71354a-19e6-4be6-b89a-dd2f0292058a@group-CA13F6D37BB1:t1, leader=null, voted=febd5d2c-72de-44b7-b010-e5e9acc30848, raftlog=8f71354a-19e6-4be6-b89a-dd2f0292058a@group-CA13F6D37BB1-SegmentedRaftLog:OPENED:c-1, conf=-1: [febd5d2c-72de-44b7-b010-e5e9acc30848|rpc:10.1.0.200:36903|dataStream:|priority:0, 8f71354a-19e6-4be6-b89a-dd2f0292058a|rpc:10.1.0.200:41203|dataStream:|priority:0, 44dad4d2-9f73-4874-a36a-585ee387199d|rpc:10.1.0.200:32897|dataStream:|priority:1], old=null
2022-10-13 11:44:23,085 [44dad4d2-9f73-4874-a36a-585ee387199d@group-84E26D0679BC-LeaderElection17] INFO  impl.LeaderElection (LeaderElection.java:askForVotes(310)) - 44dad4d2-9f73-4874-a36a-585ee387199d@group-84E26D0679BC-LeaderElection17 ELECTION round 0: submit vote requests at term 1 for -1: [febd5d2c-72de-44b7-b010-e5e9acc30848|rpc:10.1.0.200:36903|priority:0, 8f71354a-19e6-4be6-b89a-dd2f0292058a|rpc:10.1.0.200:41203|priority:1, 44dad4d2-9f73-4874-a36a-585ee387199d|rpc:10.1.0.200:32897|priority:0], old=null
2022-10-13 11:44:23,103 [44dad4d2-9f73-4874-a36a-585ee387199d@group-CA13F6D37BB1-LeaderElection15] INFO  impl.LeaderElection (LeaderElection.java:logAndReturn(90)) - 44dad4d2-9f73-4874-a36a-585ee387199d@group-CA13F6D37BB1-LeaderElection15: ELECTION REJECTED received 2 response(s) and 0 exception(s):
2022-10-13 11:44:23,103 [44dad4d2-9f73-4874-a36a-585ee387199d@group-CA13F6D37BB1-LeaderElection15] INFO  impl.LeaderElection (LeaderElection.java:logAndReturn(94)) -   Response 0: 44dad4d2-9f73-4874-a36a-585ee387199d<-febd5d2c-72de-44b7-b010-e5e9acc30848#0:FAIL-t1
2022-10-13 11:44:23,103 [44dad4d2-9f73-4874-a36a-585ee387199d@group-CA13F6D37BB1-LeaderElection15] INFO  impl.LeaderElection (LeaderElection.java:logAndReturn(94)) -   Response 1: 44dad4d2-9f73-4874-a36a-585ee387199d<-8f71354a-19e6-4be6-b89a-dd2f0292058a#0:FAIL-t1
2022-10-13 11:44:23,103 [44dad4d2-9f73-4874-a36a-585ee387199d@group-CA13F6D37BB1-LeaderElection15] INFO  impl.LeaderElection (LeaderElection.java:askForVotes(312)) - 44dad4d2-9f73-4874-a36a-585ee387199d@group-CA13F6D37BB1-LeaderElection15 ELECTION round 0: result REJECTED
2022-10-13 11:44:23,103 [44dad4d2-9f73-4874-a36a-585ee387199d@group-CA13F6D37BB1-LeaderElection15] INFO  server.RaftServer$Division (RaftServerImpl.java:setRole(299)) - 44dad4d2-9f73-4874-a36a-585ee387199d@group-CA13F6D37BB1: changes role from CANDIDATE to FOLLOWER at term 1 for REJECTED
2022-10-13 11:44:23,103 [44dad4d2-9f73-4874-a36a-585ee387199d@group-CA13F6D37BB1-LeaderElection15] INFO  impl.RoleInfo (RoleInfo.java:shutdownLeaderElection(130)) - 44dad4d2-9f73-4874-a36a-585ee387199d: shutdown 44dad4d2-9f73-4874-a36a-585ee387199d@group-CA13F6D37BB1-LeaderElection15
2022-10-13 11:44:23,103 [44dad4d2-9f73-4874-a36a-585ee387199d@group-CA13F6D37BB1-LeaderElection15] INFO  impl.RoleInfo (RoleInfo.java:updateAndGet(139)) - 44dad4d2-9f73-4874-a36a-585ee387199d: start 44dad4d2-9f73-4874-a36a-585ee387199d@group-CA13F6D37BB1-FollowerState
2022-10-13 11:44:23,106 [8f71354a-19e6-4be6-b89a-dd2f0292058a@group-84E26D0679BC-FollowerState] INFO  impl.FollowerState (FollowerState.java:run(143)) - 8f71354a-19e6-4be6-b89a-dd2f0292058a@group-84E26D0679BC-FollowerState: change to CANDIDATE, lastRpcElapsedTime:5163038128ns, electionTimeout:5155ms
2022-10-13 11:44:23,106 [8f71354a-19e6-4be6-b89a-dd2f0292058a@group-84E26D0679BC-FollowerState] INFO  impl.RoleInfo (RoleInfo.java:shutdownFollowerState(110)) - 8f71354a-19e6-4be6-b89a-dd2f0292058a: shutdown 8f71354a-19e6-4be6-b89a-dd2f0292058a@group-84E26D0679BC-FollowerState
2022-10-13 11:44:23,106 [8f71354a-19e6-4be6-b89a-dd2f0292058a@group-84E26D0679BC-FollowerState] INFO  server.RaftServer$Division (RaftServerImpl.java:setRole(299)) - 8f71354a-19e6-4be6-b89a-dd2f0292058a@group-84E26D0679BC: changes role from  FOLLOWER to CANDIDATE at term 0 for changeToCandidate
2022-10-13 11:44:23,106 [8f71354a-19e6-4be6-b89a-dd2f0292058a@group-84E26D0679BC-FollowerState] INFO  server.RaftServerConfigKeys (ConfUtils.java:logGet(46)) - raft.server.leaderelection.pre-vote = false (custom)
2022-10-13 11:44:23,106 [8f71354a-19e6-4be6-b89a-dd2f0292058a@group-84E26D0679BC-FollowerState] INFO  impl.RoleInfo (RoleInfo.java:updateAndGet(139)) - 8f71354a-19e6-4be6-b89a-dd2f0292058a: start 8f71354a-19e6-4be6-b89a-dd2f0292058a@group-84E26D0679BC-LeaderElection18
2022-10-13 11:44:23,108 [febd5d2c-72de-44b7-b010-e5e9acc30848@group-84E26D0679BC-FollowerState] INFO  impl.FollowerState (FollowerState.java:run(143)) - febd5d2c-72de-44b7-b010-e5e9acc30848@group-84E26D0679BC-FollowerState: change to CANDIDATE, lastRpcElapsedTime:5132725973ns, electionTimeout:5132ms
2022-10-13 11:44:23,108 [febd5d2c-72de-44b7-b010-e5e9acc30848@group-84E26D0679BC-FollowerState] INFO  impl.RoleInfo (RoleInfo.java:shutdownFollowerState(110)) - febd5d2c-72de-44b7-b010-e5e9acc30848: shutdown febd5d2c-72de-44b7-b010-e5e9acc30848@group-84E26D0679BC-FollowerState
2022-10-13 11:44:23,109 [febd5d2c-72de-44b7-b010-e5e9acc30848@group-84E26D0679BC-FollowerState] INFO  server.RaftServer$Division (RaftServerImpl.java:setRole(299)) - febd5d2c-72de-44b7-b010-e5e9acc30848@group-84E26D0679BC: changes role from  FOLLOWER to CANDIDATE at term 0 for changeToCandidate
2022-10-13 11:44:23,112 [febd5d2c-72de-44b7-b010-e5e9acc30848@group-84E26D0679BC-FollowerState] INFO  server.RaftServerConfigKeys (ConfUtils.java:logGet(46)) - raft.server.leaderelection.pre-vote = false (custom)
2022-10-13 11:44:23,112 [febd5d2c-72de-44b7-b010-e5e9acc30848@group-84E26D0679BC-FollowerState] INFO  impl.RoleInfo (RoleInfo.java:updateAndGet(139)) - febd5d2c-72de-44b7-b010-e5e9acc30848: start febd5d2c-72de-44b7-b010-e5e9acc30848@group-84E26D0679BC-LeaderElection19
2022-10-13 11:44:23,126 [grpc-default-executor-2] INFO  server.RaftServer$Division (RaftServerImpl.java:requestVote(1152)) - febd5d2c-72de-44b7-b010-e5e9acc30848@group-84E26D0679BC: receive requestVote(ELECTION, 44dad4d2-9f73-4874-a36a-585ee387199d, group-84E26D0679BC, 1, (t:0, i:0))
2022-10-13 11:44:23,127 [grpc-default-executor-0] INFO  server.RaftServer$Division (RaftServerImpl.java:requestVote(1152)) - 8f71354a-19e6-4be6-b89a-dd2f0292058a@group-84E26D0679BC: receive requestVote(ELECTION, 44dad4d2-9f73-4874-a36a-585ee387199d, group-84E26D0679BC, 1, (t:0, i:0))
2022-10-13 11:44:23,134 [grpc-default-executor-2] INFO  impl.VoteContext (VoteContext.java:log(48)) - febd5d2c-72de-44b7-b010-e5e9acc30848@group-84E26D0679BC-CANDIDATE: accept ELECTION from 44dad4d2-9f73-4874-a36a-585ee387199d: our priority 0 <= candidate's priority 0
2022-10-13 11:44:23,134 [grpc-default-executor-2] INFO  server.RaftServer$Division (RaftServerImpl.java:setRole(299)) - febd5d2c-72de-44b7-b010-e5e9acc30848@group-84E26D0679BC: changes role from CANDIDATE to FOLLOWER at term 1 for candidate:44dad4d2-9f73-4874-a36a-585ee387199d
2022-10-13 11:44:23,134 [grpc-default-executor-2] INFO  impl.RoleInfo (RoleInfo.java:shutdownLeaderElection(130)) - febd5d2c-72de-44b7-b010-e5e9acc30848: shutdown febd5d2c-72de-44b7-b010-e5e9acc30848@group-84E26D0679BC-LeaderElection19
2022-10-13 11:44:23,135 [grpc-default-executor-2] INFO  impl.RoleInfo (RoleInfo.java:updateAndGet(139)) - febd5d2c-72de-44b7-b010-e5e9acc30848: start febd5d2c-72de-44b7-b010-e5e9acc30848@group-84E26D0679BC-FollowerState
2022-10-13 11:44:23,135 [grpc-default-executor-0] INFO  impl.VoteContext (VoteContext.java:log(48)) - 8f71354a-19e6-4be6-b89a-dd2f0292058a@group-84E26D0679BC-CANDIDATE: reject ELECTION from 44dad4d2-9f73-4874-a36a-585ee387199d: our priority 1 > candidate's priority 0
2022-10-13 11:44:23,135 [grpc-default-executor-0] INFO  server.RaftServer$Division (RaftServerImpl.java:setRole(299)) - 8f71354a-19e6-4be6-b89a-dd2f0292058a@group-84E26D0679BC: changes role from CANDIDATE to FOLLOWER at term 1 for candidate:44dad4d2-9f73-4874-a36a-585ee387199d
2022-10-13 11:44:23,135 [grpc-default-executor-0] INFO  impl.RoleInfo (RoleInfo.java:shutdownLeaderElection(130)) - 8f71354a-19e6-4be6-b89a-dd2f0292058a: shutdown 8f71354a-19e6-4be6-b89a-dd2f0292058a@group-84E26D0679BC-LeaderElection18
2022-10-13 11:44:23,138 [grpc-default-executor-0] INFO  impl.RoleInfo (RoleInfo.java:updateAndGet(139)) - 8f71354a-19e6-4be6-b89a-dd2f0292058a: start 8f71354a-19e6-4be6-b89a-dd2f0292058a@group-84E26D0679BC-FollowerState
2022-10-13 11:44:23,139 [grpc-default-executor-2] INFO  server.RaftServer$Division (RaftServerImpl.java:requestVote(1184)) - febd5d2c-72de-44b7-b010-e5e9acc30848@group-84E26D0679BC replies to ELECTION vote request: 44dad4d2-9f73-4874-a36a-585ee387199d<-febd5d2c-72de-44b7-b010-e5e9acc30848#0:OK-t1. Peer's state: febd5d2c-72de-44b7-b010-e5e9acc30848@group-84E26D0679BC:t1, leader=null, voted=44dad4d2-9f73-4874-a36a-585ee387199d, raftlog=febd5d2c-72de-44b7-b010-e5e9acc30848@group-84E26D0679BC-SegmentedRaftLog:OPENED:c-1, conf=-1: [febd5d2c-72de-44b7-b010-e5e9acc30848|rpc:10.1.0.200:36903|dataStream:|priority:0, 8f71354a-19e6-4be6-b89a-dd2f0292058a|rpc:10.1.0.200:41203|dataStream:|priority:1, 44dad4d2-9f73-4874-a36a-585ee387199d|rpc:10.1.0.200:32897|dataStream:|priority:0], old=null
2022-10-13 11:44:23,144 [grpc-default-executor-0] INFO  server.RaftServer$Division (RaftServerImpl.java:requestVote(1184)) - 8f71354a-19e6-4be6-b89a-dd2f0292058a@group-84E26D0679BC replies to ELECTION vote request: 44dad4d2-9f73-4874-a36a-585ee387199d<-8f71354a-19e6-4be6-b89a-dd2f0292058a#0:FAIL-t1. Peer's state: 8f71354a-19e6-4be6-b89a-dd2f0292058a@group-84E26D0679BC:t1, leader=null, voted=null, raftlog=8f71354a-19e6-4be6-b89a-dd2f0292058a@group-84E26D0679BC-SegmentedRaftLog:OPENED:c-1, conf=-1: [febd5d2c-72de-44b7-b010-e5e9acc30848|rpc:10.1.0.200:36903|dataStream:|priority:0, 8f71354a-19e6-4be6-b89a-dd2f0292058a|rpc:10.1.0.200:41203|dataStream:|priority:1, 44dad4d2-9f73-4874-a36a-585ee387199d|rpc:10.1.0.200:32897|dataStream:|priority:0], old=null
2022-10-13 11:44:23,145 [44dad4d2-9f73-4874-a36a-585ee387199d@group-84E26D0679BC-LeaderElection17] INFO  impl.LeaderElection (LeaderElection.java:logAndReturn(90)) - 44dad4d2-9f73-4874-a36a-585ee387199d@group-84E26D0679BC-LeaderElection17: ELECTION REJECTED received 1 response(s) and 0 exception(s):
2022-10-13 11:44:23,145 [44dad4d2-9f73-4874-a36a-585ee387199d@group-84E26D0679BC-LeaderElection17] INFO  impl.LeaderElection (LeaderElection.java:logAndReturn(94)) -   Response 0: 44dad4d2-9f73-4874-a36a-585ee387199d<-8f71354a-19e6-4be6-b89a-dd2f0292058a#0:FAIL-t1
2022-10-13 11:44:23,145 [44dad4d2-9f73-4874-a36a-585ee387199d@group-84E26D0679BC-LeaderElection17] INFO  impl.LeaderElection (LeaderElection.java:askForVotes(312)) - 44dad4d2-9f73-4874-a36a-585ee387199d@group-84E26D0679BC-LeaderElection17 ELECTION round 0: result REJECTED
2022-10-13 11:44:23,145 [44dad4d2-9f73-4874-a36a-585ee387199d@group-84E26D0679BC-LeaderElection17] INFO  server.RaftServer$Division (RaftServerImpl.java:setRole(299)) - 44dad4d2-9f73-4874-a36a-585ee387199d@group-84E26D0679BC: changes role from CANDIDATE to FOLLOWER at term 1 for REJECTED
2022-10-13 11:44:23,145 [44dad4d2-9f73-4874-a36a-585ee387199d@group-84E26D0679BC-LeaderElection17] INFO  impl.RoleInfo (RoleInfo.java:shutdownLeaderElection(130)) - 44dad4d2-9f73-4874-a36a-585ee387199d: shutdown 44dad4d2-9f73-4874-a36a-585ee387199d@group-84E26D0679BC-LeaderElection17
2022-10-13 11:44:23,145 [44dad4d2-9f73-4874-a36a-585ee387199d@group-84E26D0679BC-LeaderElection17] INFO  impl.RoleInfo (RoleInfo.java:updateAndGet(139)) - 44dad4d2-9f73-4874-a36a-585ee387199d: start 44dad4d2-9f73-4874-a36a-585ee387199d@group-84E26D0679BC-FollowerState
2022-10-13 11:44:23,150 [8f71354a-19e6-4be6-b89a-dd2f0292058a@group-4D85677B5274-FollowerState] INFO  impl.FollowerState (FollowerState.java:run(143)) - 8f71354a-19e6-4be6-b89a-dd2f0292058a@group-4D85677B5274-FollowerState: change to CANDIDATE, lastRpcElapsedTime:5068831261ns, electionTimeout:5068ms
2022-10-13 11:44:23,150 [8f71354a-19e6-4be6-b89a-dd2f0292058a@group-4D85677B5274-FollowerState] INFO  impl.RoleInfo (RoleInfo.java:shutdownFollowerState(110)) - 8f71354a-19e6-4be6-b89a-dd2f0292058a: shutdown 8f71354a-19e6-4be6-b89a-dd2f0292058a@group-4D85677B5274-FollowerState
2022-10-13 11:44:23,150 [8f71354a-19e6-4be6-b89a-dd2f0292058a@group-4D85677B5274-FollowerState] INFO  server.RaftServer$Division (RaftServerImpl.java:setRole(299)) - 8f71354a-19e6-4be6-b89a-dd2f0292058a@group-4D85677B5274: changes role from  FOLLOWER to CANDIDATE at term 0 for changeToCandidate
2022-10-13 11:44:23,151 [8f71354a-19e6-4be6-b89a-dd2f0292058a@group-4D85677B5274-FollowerState] INFO  server.RaftServerConfigKeys (ConfUtils.java:logGet(46)) - raft.server.leaderelection.pre-vote = false (custom)
2022-10-13 11:44:23,151 [8f71354a-19e6-4be6-b89a-dd2f0292058a@group-4D85677B5274-FollowerState] INFO  impl.RoleInfo (RoleInfo.java:updateAndGet(139)) - 8f71354a-19e6-4be6-b89a-dd2f0292058a: start 8f71354a-19e6-4be6-b89a-dd2f0292058a@group-4D85677B5274-LeaderElection20
2022-10-13 11:44:23,161 [8f71354a-19e6-4be6-b89a-dd2f0292058a@group-4D85677B5274-LeaderElection20] INFO  impl.LeaderElection (LeaderElection.java:askForVotes(310)) - 8f71354a-19e6-4be6-b89a-dd2f0292058a@group-4D85677B5274-LeaderElection20 ELECTION round 0: submit vote requests at term 1 for -1: [8f71354a-19e6-4be6-b89a-dd2f0292058a|rpc:10.1.0.200:41203|priority:1], old=null
2022-10-13 11:44:23,161 [8f71354a-19e6-4be6-b89a-dd2f0292058a@group-4D85677B5274-LeaderElection20] INFO  impl.LeaderElection (LeaderElection.java:askForVotes(312)) - 8f71354a-19e6-4be6-b89a-dd2f0292058a@group-4D85677B5274-LeaderElection20 ELECTION round 0: result PASSED (term=1)
2022-10-13 11:44:23,161 [8f71354a-19e6-4be6-b89a-dd2f0292058a@group-4D85677B5274-LeaderElection20] INFO  impl.RoleInfo (RoleInfo.java:shutdownLeaderElection(130)) - 8f71354a-19e6-4be6-b89a-dd2f0292058a: shutdown 8f71354a-19e6-4be6-b89a-dd2f0292058a@group-4D85677B5274-LeaderElection20
2022-10-13 11:44:23,161 [8f71354a-19e6-4be6-b89a-dd2f0292058a@group-4D85677B5274-LeaderElection20] INFO  server.RaftServer$Division (RaftServerImpl.java:setRole(299)) - 8f71354a-19e6-4be6-b89a-dd2f0292058a@group-4D85677B5274: changes role from CANDIDATE to LEADER at term 1 for changeToLeader
2022-10-13 11:44:23,161 [8f71354a-19e6-4be6-b89a-dd2f0292058a@group-4D85677B5274-LeaderElection20] INFO  ratis.XceiverServerRatis (XceiverServerRatis.java:handleLeaderChangedNotification(863)) - Leader change notification received for group: group-4D85677B5274 with new leaderId: 8f71354a-19e6-4be6-b89a-dd2f0292058a
2022-10-13 11:44:23,163 [8f71354a-19e6-4be6-b89a-dd2f0292058a@group-4D85677B5274-LeaderElection20] INFO  server.RaftServer$Division (ServerState.java:setLeader(287)) - 8f71354a-19e6-4be6-b89a-dd2f0292058a@group-4D85677B5274: change Leader from null to 8f71354a-19e6-4be6-b89a-dd2f0292058a at term 1 for becomeLeader, leader elected after 5085ms
2022-10-13 11:44:23,163 [8f71354a-19e6-4be6-b89a-dd2f0292058a@group-4D85677B5274-LeaderElection20] INFO  server.RaftServerConfigKeys (ConfUtils.java:logGet(46)) - raft.server.staging.catchup.gap = 1000 (default)
2022-10-13 11:44:23,163 [8f71354a-19e6-4be6-b89a-dd2f0292058a@group-4D85677B5274-LeaderElection20] INFO  server.RaftServerConfigKeys (ConfUtils.java:logGet(46)) - raft.server.write.element-limit = 1024 (custom)
2022-10-13 11:44:23,164 [8f71354a-19e6-4be6-b89a-dd2f0292058a@group-4D85677B5274-LeaderElection20] INFO  server.RaftServerConfigKeys (ConfUtils.java:logGet(46)) - raft.server.write.byte-limit = 1024 M (=1073741824) (custom)
2022-10-13 11:44:23,164 [8f71354a-19e6-4be6-b89a-dd2f0292058a@group-4D85677B5274-LeaderElection20] INFO  server.RaftServerConfigKeys (ConfUtils.java:logGet(46)) - raft.server.watch.timeout = 180s (custom)
2022-10-13 11:44:23,164 [8f71354a-19e6-4be6-b89a-dd2f0292058a@group-4D85677B5274-LeaderElection20] INFO  server.RaftServerConfigKeys (ConfUtils.java:logGet(46)) - raft.server.watch.timeout.denomination = 1s (default)
2022-10-13 11:44:23,164 [8f71354a-19e6-4be6-b89a-dd2f0292058a@group-4D85677B5274-LeaderElection20] INFO  server.RaftServerConfigKeys (ConfUtils.java:logGet(46)) - raft.server.watch.element-limit = 65536 (default)
2022-10-13 11:44:23,164 [8f71354a-19e6-4be6-b89a-dd2f0292058a@group-4D85677B5274-LeaderElection20] INFO  server.RaftServerConfigKeys (ConfUtils.java:logGet(46)) - raft.server.write.element-limit = 1024 (custom)
2022-10-13 11:44:23,164 [8f71354a-19e6-4be6-b89a-dd2f0292058a@group-4D85677B5274-LeaderElection20] INFO  server.RaftServerConfigKeys (ConfUtils.java:logGet(46)) - raft.server.write.follower.gap.ratio.max = -1.0 (default)
2022-10-13 11:44:23,164 [8f71354a-19e6-4be6-b89a-dd2f0292058a@group-4D85677B5274-LeaderElection20] INFO  impl.RoleInfo (RoleInfo.java:updateAndGet(139)) - 8f71354a-19e6-4be6-b89a-dd2f0292058a: start 8f71354a-19e6-4be6-b89a-dd2f0292058a@group-4D85677B5274-LeaderStateImpl
2022-10-13 11:44:23,164 [8f71354a-19e6-4be6-b89a-dd2f0292058a@group-4D85677B5274-LeaderElection20] INFO  segmented.SegmentedRaftLogWorker (SegmentedRaftLogWorker.java:startLogSegment(425)) - 8f71354a-19e6-4be6-b89a-dd2f0292058a@group-4D85677B5274-SegmentedRaftLogWorker: Starting segment from index:0
2022-10-13 11:44:23,169 [8f71354a-19e6-4be6-b89a-dd2f0292058a@group-4D85677B5274-LeaderElection20] INFO  server.RaftServer$Division (ServerState.java:setRaftConf(393)) - 8f71354a-19e6-4be6-b89a-dd2f0292058a@group-4D85677B5274: set configuration 0: [8f71354a-19e6-4be6-b89a-dd2f0292058a|rpc:10.1.0.200:41203|dataStream:|priority:1], old=null
2022-10-13 11:44:23,169 [8f71354a-19e6-4be6-b89a-dd2f0292058a@group-4D85677B5274-SegmentedRaftLogWorker] INFO  segmented.SegmentedRaftLogWorker (SegmentedRaftLogWorker.java:execute(629)) - 8f71354a-19e6-4be6-b89a-dd2f0292058a@group-4D85677B5274-SegmentedRaftLogWorker: created new log segment /home/runner/work/ozone/ozone/hadoop-ozone/integration-test/target/test-dir/MiniOzoneClusterImpl-da935fb3-9ce5-49ab-a67c-f4b3beb884ab/datanode-7/data/ratis/643c8de4-3ef2-4a3e-857a-4d85677b5274/current/log_inprogress_0
2022-10-13 11:44:23,297 [Listener at 127.0.0.1/33933] INFO  rpc.RpcClient (RpcClient.java:createVolume(471)) - Creating Volume: c5b9fd54-fb05-438e-b132-fd441b2a4143, with runner as owner and space quota set to -1 bytes, counts quota set to -1
2022-10-13 11:44:23,340 [OM StateMachine ApplyTransaction Thread - 0] INFO  volume.OMVolumeCreateRequest (OMVolumeCreateRequest.java:validateAndUpdateCache(195)) - created volume:c5b9fd54-fb05-438e-b132-fd441b2a4143 for user:runner
2022-10-13 11:44:23,364 [Listener at 127.0.0.1/33933] INFO  rpc.RpcClient (RpcClient.java:createBucket(674)) - Creating Bucket: c5b9fd54-fb05-438e-b132-fd441b2a4143/c5b9fd54-fb05-438e-b132-fd441b2a4143, with server-side default bucket layout, runner as owner, Versioning false, Storage Type set to DISK and Encryption set to false 
2022-10-13 11:44:23,377 [OM StateMachine ApplyTransaction Thread - 0] INFO  bucket.OMBucketCreateRequest (OMBucketCreateRequest.java:validateAndUpdateCache(260)) - created bucket: c5b9fd54-fb05-438e-b132-fd441b2a4143 of layout LEGACY in volume: c5b9fd54-fb05-438e-b132-fd441b2a4143
2022-10-13 11:44:23,394 [Listener at 127.0.0.1/33933] INFO  rpc.RpcClient (RpcClient.java:createBucket(674)) - Creating Bucket: c5b9fd54-fb05-438e-b132-fd441b2a4143/ee136373-446b-4082-b54c-d1f97bef0231, with server-side default bucket layout, runner as owner, Versioning false, Storage Type set to DISK and Encryption set to false 
2022-10-13 11:44:23,405 [OM StateMachine ApplyTransaction Thread - 0] INFO  bucket.OMBucketCreateRequest (OMBucketCreateRequest.java:validateAndUpdateCache(260)) - created bucket: ee136373-446b-4082-b54c-d1f97bef0231 of layout LEGACY in volume: c5b9fd54-fb05-438e-b132-fd441b2a4143
2022-10-13 11:44:23,449 [IPC Server handler 0 on default port 35271] INFO  pipeline.PipelineStateManagerImpl (PipelineStateManagerImpl.java:addPipeline(103)) - Created pipeline Pipeline[ Id: c8a45070-301b-486f-84a4-649f9f0c6de1, Nodes: 5a62ffe2-9c96-4fd5-b7f5-bdbfc1f4ab24{ip: 10.1.0.200, host: fv-az91-750.1u4dveb1r3ruphbftqvtwhitpc.gx.internal.cloudapp.net, ports: [REPLICATION=44935, RATIS=37863, RATIS_ADMIN=37863, RATIS_SERVER=37863, STANDALONE=43611], networkLocation: /default-rack, certSerialId: null, persistedOpState: null, persistedOpStateExpiryEpochSec: 0}5a2944c9-75d7-4a8d-9ead-f995138127cc{ip: 10.1.0.200, host: fv-az91-750.1u4dveb1r3ruphbftqvtwhitpc.gx.internal.cloudapp.net, ports: [REPLICATION=42491, RATIS=42797, RATIS_ADMIN=42797, RATIS_SERVER=42797, STANDALONE=35485], networkLocation: /default-rack, certSerialId: null, persistedOpState: null, persistedOpStateExpiryEpochSec: 0}febd5d2c-72de-44b7-b010-e5e9acc30848{ip: 10.1.0.200, host: fv-az91-750.1u4dveb1r3ruphbftqvtwhitpc.gx.internal.cloudapp.net, ports: [REPLICATION=35257, RATIS=36903, RATIS_ADMIN=36903, RATIS_SERVER=36903, STANDALONE=39839], networkLocation: /default-rack, certSerialId: null, persistedOpState: null, persistedOpStateExpiryEpochSec: 0}1c12248a-391b-407f-adc5-34f451ebab0a{ip: 10.1.0.200, host: fv-az91-750.1u4dveb1r3ruphbftqvtwhitpc.gx.internal.cloudapp.net, ports: [REPLICATION=34569, RATIS=39277, RATIS_ADMIN=39277, RATIS_SERVER=39277, STANDALONE=37067], networkLocation: /default-rack, certSerialId: null, persistedOpState: null, persistedOpStateExpiryEpochSec: 0}7bf9862a-bc69-4cc0-99fb-78386598ce26{ip: 10.1.0.200, host: fv-az91-750.1u4dveb1r3ruphbftqvtwhitpc.gx.internal.cloudapp.net, ports: [REPLICATION=40183, RATIS=43955, RATIS_ADMIN=43955, RATIS_SERVER=43955, STANDALONE=41635], networkLocation: /default-rack, certSerialId: null, persistedOpState: null, persistedOpStateExpiryEpochSec: 0}, ReplicationConfig: EC/ECReplicationConfig{data=3, parity=2, ecChunkSize=1024, codec=rs}, State:ALLOCATED, leaderId:, CreationTimestamp2022-10-13T11:44:23.449Z[Etc/UTC]].
2022-10-13 11:44:23,451 [IPC Server handler 0 on default port 35271] INFO  ha.SequenceIdGenerator (SequenceIdGenerator.java:getNextId(128)) - Allocate a batch for containerId, change lastId from 0 to 1000.
2022-10-13 11:44:23,459 [IPC Server handler 0 on default port 35271] INFO  pipeline.PipelineManagerImpl (PipelineManagerImpl.java:openPipeline(367)) - Pipeline Pipeline[ Id: c8a45070-301b-486f-84a4-649f9f0c6de1, Nodes: 5a62ffe2-9c96-4fd5-b7f5-bdbfc1f4ab24{ip: 10.1.0.200, host: fv-az91-750.1u4dveb1r3ruphbftqvtwhitpc.gx.internal.cloudapp.net, ports: [REPLICATION=44935, RATIS=37863, RATIS_ADMIN=37863, RATIS_SERVER=37863, STANDALONE=43611], networkLocation: /default-rack, certSerialId: null, persistedOpState: null, persistedOpStateExpiryEpochSec: 0}5a2944c9-75d7-4a8d-9ead-f995138127cc{ip: 10.1.0.200, host: fv-az91-750.1u4dveb1r3ruphbftqvtwhitpc.gx.internal.cloudapp.net, ports: [REPLICATION=42491, RATIS=42797, RATIS_ADMIN=42797, RATIS_SERVER=42797, STANDALONE=35485], networkLocation: /default-rack, certSerialId: null, persistedOpState: null, persistedOpStateExpiryEpochSec: 0}febd5d2c-72de-44b7-b010-e5e9acc30848{ip: 10.1.0.200, host: fv-az91-750.1u4dveb1r3ruphbftqvtwhitpc.gx.internal.cloudapp.net, ports: [REPLICATION=35257, RATIS=36903, RATIS_ADMIN=36903, RATIS_SERVER=36903, STANDALONE=39839], networkLocation: /default-rack, certSerialId: null, persistedOpState: null, persistedOpStateExpiryEpochSec: 0}1c12248a-391b-407f-adc5-34f451ebab0a{ip: 10.1.0.200, host: fv-az91-750.1u4dveb1r3ruphbftqvtwhitpc.gx.internal.cloudapp.net, ports: [REPLICATION=34569, RATIS=39277, RATIS_ADMIN=39277, RATIS_SERVER=39277, STANDALONE=37067], networkLocation: /default-rack, certSerialId: null, persistedOpState: null, persistedOpStateExpiryEpochSec: 0}7bf9862a-bc69-4cc0-99fb-78386598ce26{ip: 10.1.0.200, host: fv-az91-750.1u4dveb1r3ruphbftqvtwhitpc.gx.internal.cloudapp.net, ports: [REPLICATION=40183, RATIS=43955, RATIS_ADMIN=43955, RATIS_SERVER=43955, STANDALONE=41635], networkLocation: /default-rack, certSerialId: null, persistedOpState: null, persistedOpStateExpiryEpochSec: 0}, ReplicationConfig: EC/ECReplicationConfig{data=3, parity=2, ecChunkSize=1024, codec=rs}, State:ALLOCATED, leaderId:, CreationTimestamp2022-10-13T11:44:23.449Z[Etc/UTC]] moved to OPEN state
2022-10-13 11:44:23,460 [IPC Server handler 0 on default port 35271] WARN  ha.SequenceIdGenerator (SequenceIdGenerator.java:allocateBatch(237)) - Failed to allocate a batch for localId, expected lastId is 0, actual lastId is 109611004723200000.
2022-10-13 11:44:23,460 [IPC Server handler 0 on default port 35271] INFO  ha.SequenceIdGenerator (SequenceIdGenerator.java:getNextId(128)) - Allocate a batch for localId, change lastId from 109611004723200000 to 109611004723201000.
2022-10-13 11:44:23,500 [febd5d2c-72de-44b7-b010-e5e9acc30848@group-8519467A4E06-FollowerState] INFO  impl.FollowerState (FollowerState.java:run(143)) - febd5d2c-72de-44b7-b010-e5e9acc30848@group-8519467A4E06-FollowerState: change to CANDIDATE, lastRpcElapsedTime:5077316529ns, electionTimeout:5077ms
2022-10-13 11:44:23,501 [febd5d2c-72de-44b7-b010-e5e9acc30848@group-8519467A4E06-FollowerState] INFO  impl.RoleInfo (RoleInfo.java:shutdownFollowerState(110)) - febd5d2c-72de-44b7-b010-e5e9acc30848: shutdown febd5d2c-72de-44b7-b010-e5e9acc30848@group-8519467A4E06-FollowerState
2022-10-13 11:44:23,501 [febd5d2c-72de-44b7-b010-e5e9acc30848@group-8519467A4E06-FollowerState] INFO  server.RaftServer$Division (RaftServerImpl.java:setRole(299)) - febd5d2c-72de-44b7-b010-e5e9acc30848@group-8519467A4E06: changes role from  FOLLOWER to CANDIDATE at term 0 for changeToCandidate
2022-10-13 11:44:23,501 [febd5d2c-72de-44b7-b010-e5e9acc30848@group-8519467A4E06-FollowerState] INFO  server.RaftServerConfigKeys (ConfUtils.java:logGet(46)) - raft.server.leaderelection.pre-vote = false (custom)
2022-10-13 11:44:23,501 [febd5d2c-72de-44b7-b010-e5e9acc30848@group-8519467A4E06-FollowerState] INFO  impl.RoleInfo (RoleInfo.java:updateAndGet(139)) - febd5d2c-72de-44b7-b010-e5e9acc30848: start febd5d2c-72de-44b7-b010-e5e9acc30848@group-8519467A4E06-LeaderElection21
2022-10-13 11:44:23,505 [febd5d2c-72de-44b7-b010-e5e9acc30848@group-8519467A4E06-LeaderElection21] INFO  impl.LeaderElection (LeaderElection.java:askForVotes(310)) - febd5d2c-72de-44b7-b010-e5e9acc30848@group-8519467A4E06-LeaderElection21 ELECTION round 0: submit vote requests at term 1 for -1: [febd5d2c-72de-44b7-b010-e5e9acc30848|rpc:10.1.0.200:36903|priority:1], old=null
2022-10-13 11:44:23,505 [febd5d2c-72de-44b7-b010-e5e9acc30848@group-8519467A4E06-LeaderElection21] INFO  impl.LeaderElection (LeaderElection.java:askForVotes(312)) - febd5d2c-72de-44b7-b010-e5e9acc30848@group-8519467A4E06-LeaderElection21 ELECTION round 0: result PASSED (term=1)
2022-10-13 11:44:23,505 [febd5d2c-72de-44b7-b010-e5e9acc30848@group-8519467A4E06-LeaderElection21] INFO  impl.RoleInfo (RoleInfo.java:shutdownLeaderElection(130)) - febd5d2c-72de-44b7-b010-e5e9acc30848: shutdown febd5d2c-72de-44b7-b010-e5e9acc30848@group-8519467A4E06-LeaderElection21
2022-10-13 11:44:23,505 [febd5d2c-72de-44b7-b010-e5e9acc30848@group-8519467A4E06-LeaderElection21] INFO  server.RaftServer$Division (RaftServerImpl.java:setRole(299)) - febd5d2c-72de-44b7-b010-e5e9acc30848@group-8519467A4E06: changes role from CANDIDATE to LEADER at term 1 for changeToLeader
2022-10-13 11:44:23,505 [febd5d2c-72de-44b7-b010-e5e9acc30848@group-8519467A4E06-LeaderElection21] INFO  ratis.XceiverServerRatis (XceiverServerRatis.java:handleLeaderChangedNotification(863)) - Leader change notification received for group: group-8519467A4E06 with new leaderId: febd5d2c-72de-44b7-b010-e5e9acc30848
2022-10-13 11:44:23,507 [febd5d2c-72de-44b7-b010-e5e9acc30848@group-8519467A4E06-LeaderElection21] INFO  server.RaftServer$Division (ServerState.java:setLeader(287)) - febd5d2c-72de-44b7-b010-e5e9acc30848@group-8519467A4E06: change Leader from null to febd5d2c-72de-44b7-b010-e5e9acc30848 at term 1 for becomeLeader, leader elected after 5087ms
2022-10-13 11:44:23,508 [febd5d2c-72de-44b7-b010-e5e9acc30848@group-8519467A4E06-LeaderElection21] INFO  server.RaftServerConfigKeys (ConfUtils.java:logGet(46)) - raft.server.staging.catchup.gap = 1000 (default)
2022-10-13 11:44:23,508 [febd5d2c-72de-44b7-b010-e5e9acc30848@group-8519467A4E06-LeaderElection21] INFO  server.RaftServerConfigKeys (ConfUtils.java:logGet(46)) - raft.server.write.element-limit = 1024 (custom)
2022-10-13 11:44:23,508 [febd5d2c-72de-44b7-b010-e5e9acc30848@group-8519467A4E06-LeaderElection21] INFO  server.RaftServerConfigKeys (ConfUtils.java:logGet(46)) - raft.server.write.byte-limit = 1024 M (=1073741824) (custom)
2022-10-13 11:44:23,516 [febd5d2c-72de-44b7-b010-e5e9acc30848@group-8519467A4E06-LeaderElection21] INFO  server.RaftServerConfigKeys (ConfUtils.java:logGet(46)) - raft.server.watch.timeout = 180s (custom)
2022-10-13 11:44:23,516 [febd5d2c-72de-44b7-b010-e5e9acc30848@group-8519467A4E06-LeaderElection21] INFO  server.RaftServerConfigKeys (ConfUtils.java:logGet(46)) - raft.server.watch.timeout.denomination = 1s (default)
2022-10-13 11:44:23,516 [febd5d2c-72de-44b7-b010-e5e9acc30848@group-8519467A4E06-LeaderElection21] INFO  server.RaftServerConfigKeys (ConfUtils.java:logGet(46)) - raft.server.watch.element-limit = 65536 (default)
2022-10-13 11:44:23,516 [febd5d2c-72de-44b7-b010-e5e9acc30848@group-8519467A4E06-LeaderElection21] INFO  server.RaftServerConfigKeys (ConfUtils.java:logGet(46)) - raft.server.write.element-limit = 1024 (custom)
2022-10-13 11:44:23,516 [febd5d2c-72de-44b7-b010-e5e9acc30848@group-8519467A4E06-LeaderElection21] INFO  server.RaftServerConfigKeys (ConfUtils.java:logGet(46)) - raft.server.write.follower.gap.ratio.max = -1.0 (default)
2022-10-13 11:44:23,516 [febd5d2c-72de-44b7-b010-e5e9acc30848@group-8519467A4E06-LeaderElection21] INFO  impl.RoleInfo (RoleInfo.java:updateAndGet(139)) - febd5d2c-72de-44b7-b010-e5e9acc30848: start febd5d2c-72de-44b7-b010-e5e9acc30848@group-8519467A4E06-LeaderStateImpl
2022-10-13 11:44:23,517 [febd5d2c-72de-44b7-b010-e5e9acc30848@group-8519467A4E06-LeaderElection21] INFO  segmented.SegmentedRaftLogWorker (SegmentedRaftLogWorker.java:startLogSegment(425)) - febd5d2c-72de-44b7-b010-e5e9acc30848@group-8519467A4E06-SegmentedRaftLogWorker: Starting segment from index:0
2022-10-13 11:44:23,518 [febd5d2c-72de-44b7-b010-e5e9acc30848@group-8519467A4E06-SegmentedRaftLogWorker] INFO  segmented.SegmentedRaftLogWorker (SegmentedRaftLogWorker.java:execute(629)) - febd5d2c-72de-44b7-b010-e5e9acc30848@group-8519467A4E06-SegmentedRaftLogWorker: created new log segment /home/runner/work/ozone/ozone/hadoop-ozone/integration-test/target/test-dir/MiniOzoneClusterImpl-da935fb3-9ce5-49ab-a67c-f4b3beb884ab/datanode-8/data/ratis/6f290e13-8475-455e-8771-8519467a4e06/current/log_inprogress_0
2022-10-13 11:44:23,525 [febd5d2c-72de-44b7-b010-e5e9acc30848@group-8519467A4E06-LeaderElection21] INFO  server.RaftServer$Division (ServerState.java:setRaftConf(393)) - febd5d2c-72de-44b7-b010-e5e9acc30848@group-8519467A4E06: set configuration 0: [febd5d2c-72de-44b7-b010-e5e9acc30848|rpc:10.1.0.200:36903|dataStream:|priority:1], old=null
2022-10-13 11:44:23,541 [Listener at 127.0.0.1/33933] WARN  erasurecode.ErasureCodeNative (ErasureCodeNative.java:<clinit>(55)) - ISA-L support is not available in your platform... using builtin-java codec where applicable
2022-10-13 11:44:23,663 [Listener at 127.0.0.1/33933] INFO  impl.MetricsSystemImpl (MetricsSystemImpl.java:init(158)) - XceiverClientMetrics metrics system started (again)
2022-10-13 11:44:23,794 [25446469-ee3e-40e0-a5a9-d9a79eb44528@group-A0788789F9C8-FollowerState] INFO  impl.FollowerState (FollowerState.java:run(143)) - 25446469-ee3e-40e0-a5a9-d9a79eb44528@group-A0788789F9C8-FollowerState: change to CANDIDATE, lastRpcElapsedTime:5062840289ns, electionTimeout:5062ms
2022-10-13 11:44:23,794 [25446469-ee3e-40e0-a5a9-d9a79eb44528@group-A0788789F9C8-FollowerState] INFO  impl.RoleInfo (RoleInfo.java:shutdownFollowerState(110)) - 25446469-ee3e-40e0-a5a9-d9a79eb44528: shutdown 25446469-ee3e-40e0-a5a9-d9a79eb44528@group-A0788789F9C8-FollowerState
2022-10-13 11:44:23,795 [25446469-ee3e-40e0-a5a9-d9a79eb44528@group-A0788789F9C8-FollowerState] INFO  server.RaftServer$Division (RaftServerImpl.java:setRole(299)) - 25446469-ee3e-40e0-a5a9-d9a79eb44528@group-A0788789F9C8: changes role from  FOLLOWER to CANDIDATE at term 0 for changeToCandidate
2022-10-13 11:44:23,795 [25446469-ee3e-40e0-a5a9-d9a79eb44528@group-A0788789F9C8-FollowerState] INFO  server.RaftServerConfigKeys (ConfUtils.java:logGet(46)) - raft.server.leaderelection.pre-vote = false (custom)
2022-10-13 11:44:23,795 [25446469-ee3e-40e0-a5a9-d9a79eb44528@group-A0788789F9C8-FollowerState] INFO  impl.RoleInfo (RoleInfo.java:updateAndGet(139)) - 25446469-ee3e-40e0-a5a9-d9a79eb44528: start 25446469-ee3e-40e0-a5a9-d9a79eb44528@group-A0788789F9C8-LeaderElection22
2022-10-13 11:44:23,805 [25446469-ee3e-40e0-a5a9-d9a79eb44528@group-A0788789F9C8-LeaderElection22] INFO  impl.LeaderElection (LeaderElection.java:askForVotes(310)) - 25446469-ee3e-40e0-a5a9-d9a79eb44528@group-A0788789F9C8-LeaderElection22 ELECTION round 0: submit vote requests at term 1 for -1: [25446469-ee3e-40e0-a5a9-d9a79eb44528|rpc:10.1.0.200:44607|priority:1], old=null
2022-10-13 11:44:23,805 [25446469-ee3e-40e0-a5a9-d9a79eb44528@group-A0788789F9C8-LeaderElection22] INFO  impl.LeaderElection (LeaderElection.java:askForVotes(312)) - 25446469-ee3e-40e0-a5a9-d9a79eb44528@group-A0788789F9C8-LeaderElection22 ELECTION round 0: result PASSED (term=1)
2022-10-13 11:44:23,805 [25446469-ee3e-40e0-a5a9-d9a79eb44528@group-A0788789F9C8-LeaderElection22] INFO  impl.RoleInfo (RoleInfo.java:shutdownLeaderElection(130)) - 25446469-ee3e-40e0-a5a9-d9a79eb44528: shutdown 25446469-ee3e-40e0-a5a9-d9a79eb44528@group-A0788789F9C8-LeaderElection22
2022-10-13 11:44:23,805 [25446469-ee3e-40e0-a5a9-d9a79eb44528@group-A0788789F9C8-LeaderElection22] INFO  server.RaftServer$Division (RaftServerImpl.java:setRole(299)) - 25446469-ee3e-40e0-a5a9-d9a79eb44528@group-A0788789F9C8: changes role from CANDIDATE to LEADER at term 1 for changeToLeader
2022-10-13 11:44:23,805 [25446469-ee3e-40e0-a5a9-d9a79eb44528@group-A0788789F9C8-LeaderElection22] INFO  ratis.XceiverServerRatis (XceiverServerRatis.java:handleLeaderChangedNotification(863)) - Leader change notification received for group: group-A0788789F9C8 with new leaderId: 25446469-ee3e-40e0-a5a9-d9a79eb44528
2022-10-13 11:44:23,806 [25446469-ee3e-40e0-a5a9-d9a79eb44528@group-A0788789F9C8-LeaderElection22] INFO  server.RaftServer$Division (ServerState.java:setLeader(287)) - 25446469-ee3e-40e0-a5a9-d9a79eb44528@group-A0788789F9C8: change Leader from null to 25446469-ee3e-40e0-a5a9-d9a79eb44528 at term 1 for becomeLeader, leader elected after 5083ms
2022-10-13 11:44:23,814 [25446469-ee3e-40e0-a5a9-d9a79eb44528@group-A0788789F9C8-LeaderElection22] INFO  server.RaftServerConfigKeys (ConfUtils.java:logGet(46)) - raft.server.staging.catchup.gap = 1000 (default)
2022-10-13 11:44:23,814 [25446469-ee3e-40e0-a5a9-d9a79eb44528@group-A0788789F9C8-LeaderElection22] INFO  server.RaftServerConfigKeys (ConfUtils.java:logGet(46)) - raft.server.write.element-limit = 1024 (custom)
2022-10-13 11:44:23,814 [25446469-ee3e-40e0-a5a9-d9a79eb44528@group-A0788789F9C8-LeaderElection22] INFO  server.RaftServerConfigKeys (ConfUtils.java:logGet(46)) - raft.server.write.byte-limit = 1024 M (=1073741824) (custom)
2022-10-13 11:44:23,815 [25446469-ee3e-40e0-a5a9-d9a79eb44528@group-A0788789F9C8-LeaderElection22] INFO  server.RaftServerConfigKeys (ConfUtils.java:logGet(46)) - raft.server.watch.timeout = 180s (custom)
2022-10-13 11:44:23,815 [25446469-ee3e-40e0-a5a9-d9a79eb44528@group-A0788789F9C8-LeaderElection22] INFO  server.RaftServerConfigKeys (ConfUtils.java:logGet(46)) - raft.server.watch.timeout.denomination = 1s (default)
2022-10-13 11:44:23,815 [25446469-ee3e-40e0-a5a9-d9a79eb44528@group-A0788789F9C8-LeaderElection22] INFO  server.RaftServerConfigKeys (ConfUtils.java:logGet(46)) - raft.server.watch.element-limit = 65536 (default)
2022-10-13 11:44:23,815 [25446469-ee3e-40e0-a5a9-d9a79eb44528@group-A0788789F9C8-LeaderElection22] INFO  server.RaftServerConfigKeys (ConfUtils.java:logGet(46)) - raft.server.write.element-limit = 1024 (custom)
2022-10-13 11:44:23,815 [25446469-ee3e-40e0-a5a9-d9a79eb44528@group-A0788789F9C8-LeaderElection22] INFO  server.RaftServerConfigKeys (ConfUtils.java:logGet(46)) - raft.server.write.follower.gap.ratio.max = -1.0 (default)
2022-10-13 11:44:23,815 [25446469-ee3e-40e0-a5a9-d9a79eb44528@group-A0788789F9C8-LeaderElection22] INFO  impl.RoleInfo (RoleInfo.java:updateAndGet(139)) - 25446469-ee3e-40e0-a5a9-d9a79eb44528: start 25446469-ee3e-40e0-a5a9-d9a79eb44528@group-A0788789F9C8-LeaderStateImpl
2022-10-13 11:44:23,816 [25446469-ee3e-40e0-a5a9-d9a79eb44528@group-A0788789F9C8-LeaderElection22] INFO  segmented.SegmentedRaftLogWorker (SegmentedRaftLogWorker.java:startLogSegment(425)) - 25446469-ee3e-40e0-a5a9-d9a79eb44528@group-A0788789F9C8-SegmentedRaftLogWorker: Starting segment from index:0
2022-10-13 11:44:23,817 [25446469-ee3e-40e0-a5a9-d9a79eb44528@group-A0788789F9C8-SegmentedRaftLogWorker] INFO  segmented.SegmentedRaftLogWorker (SegmentedRaftLogWorker.java:execute(629)) - 25446469-ee3e-40e0-a5a9-d9a79eb44528@group-A0788789F9C8-SegmentedRaftLogWorker: created new log segment /home/runner/work/ozone/ozone/hadoop-ozone/integration-test/target/test-dir/MiniOzoneClusterImpl-da935fb3-9ce5-49ab-a67c-f4b3beb884ab/datanode-9/data/ratis/ee83d239-2bad-4e7c-a64f-a0788789f9c8/current/log_inprogress_0
2022-10-13 11:44:23,836 [25446469-ee3e-40e0-a5a9-d9a79eb44528@group-A0788789F9C8-LeaderElection22] INFO  server.RaftServer$Division (ServerState.java:setRaftConf(393)) - 25446469-ee3e-40e0-a5a9-d9a79eb44528@group-A0788789F9C8: set configuration 0: [25446469-ee3e-40e0-a5a9-d9a79eb44528|rpc:10.1.0.200:44607|dataStream:|priority:1], old=null
2022-10-13 11:44:24,012 [Listener at 127.0.0.1/33933] INFO  ozoneimpl.OzoneContainer (OzoneContainer.java:stop(400)) - Attempting to stop container services.
2022-10-13 11:44:24,019 [Listener at 127.0.0.1/33933] INFO  server.RaftServer (RaftServerProxy.java:lambda$close$7(398)) - 5a62ffe2-9c96-4fd5-b7f5-bdbfc1f4ab24: close
2022-10-13 11:44:24,020 [ForkJoinPool.commonPool-worker-0] INFO  server.RaftServer$Division (RaftServerImpl.java:lambda$close$4(434)) - 5a62ffe2-9c96-4fd5-b7f5-bdbfc1f4ab24@group-4CFC337056EE: shutdown
2022-10-13 11:44:24,020 [ForkJoinPool.commonPool-worker-0] INFO  util.JmxRegister (JmxRegister.java:unregister(73)) - Successfully un-registered JMX Bean with object name Ratis:service=RaftServer,group=group-4CFC337056EE,id=5a62ffe2-9c96-4fd5-b7f5-bdbfc1f4ab24
2022-10-13 11:44:24,020 [ForkJoinPool.commonPool-worker-0] INFO  impl.RoleInfo (RoleInfo.java:shutdownFollowerState(110)) - 5a62ffe2-9c96-4fd5-b7f5-bdbfc1f4ab24: shutdown 5a62ffe2-9c96-4fd5-b7f5-bdbfc1f4ab24@group-4CFC337056EE-FollowerState
2022-10-13 11:44:24,020 [ForkJoinPool.commonPool-worker-0] INFO  impl.StateMachineUpdater (StateMachineUpdater.java:stopAndJoin(153)) - 5a62ffe2-9c96-4fd5-b7f5-bdbfc1f4ab24@group-4CFC337056EE-StateMachineUpdater: set stopIndex = -1
2022-10-13 11:44:24,020 [5a62ffe2-9c96-4fd5-b7f5-bdbfc1f4ab24@group-4CFC337056EE-FollowerState] INFO  impl.FollowerState (FollowerState.java:run(152)) - 5a62ffe2-9c96-4fd5-b7f5-bdbfc1f4ab24@group-4CFC337056EE-FollowerState was interrupted
2022-10-13 11:44:24,023 [Listener at 127.0.0.1/33933] INFO  server.RaftServer$Division (RaftServerImpl.java:lambda$close$4(434)) - 5a62ffe2-9c96-4fd5-b7f5-bdbfc1f4ab24@group-EB990D781EF8: shutdown
2022-10-13 11:44:24,023 [Listener at 127.0.0.1/33933] INFO  util.JmxRegister (JmxRegister.java:unregister(73)) - Successfully un-registered JMX Bean with object name Ratis:service=RaftServer,group=group-EB990D781EF8,id=5a62ffe2-9c96-4fd5-b7f5-bdbfc1f4ab24
2022-10-13 11:44:24,023 [Listener at 127.0.0.1/33933] INFO  impl.RoleInfo (RoleInfo.java:shutdownLeaderState(93)) - 5a62ffe2-9c96-4fd5-b7f5-bdbfc1f4ab24: shutdown 5a62ffe2-9c96-4fd5-b7f5-bdbfc1f4ab24@group-EB990D781EF8-LeaderStateImpl
2022-10-13 11:44:24,023 [ForkJoinPool.commonPool-worker-0] INFO  server.RaftServer$Division (ServerState.java:close(429)) - 5a62ffe2-9c96-4fd5-b7f5-bdbfc1f4ab24@group-4CFC337056EE: closes. applyIndex: -1
2022-10-13 11:44:24,024 [Listener at 127.0.0.1/33933] INFO  impl.PendingRequests (PendingRequests.java:sendNotLeaderResponses(282)) - 5a62ffe2-9c96-4fd5-b7f5-bdbfc1f4ab24@group-EB990D781EF8-PendingRequests: sendNotLeaderResponses
2022-10-13 11:44:24,024 [5a62ffe2-9c96-4fd5-b7f5-bdbfc1f4ab24@group-4CFC337056EE-SegmentedRaftLogWorker] INFO  segmented.SegmentedRaftLogWorker (SegmentedRaftLogWorker.java:run(336)) - 5a62ffe2-9c96-4fd5-b7f5-bdbfc1f4ab24@group-4CFC337056EE-SegmentedRaftLogWorker was interrupted, exiting. There are 0 tasks remaining in the queue.
2022-10-13 11:44:24,024 [ForkJoinPool.commonPool-worker-0] INFO  segmented.SegmentedRaftLogWorker (SegmentedRaftLogWorker.java:close(246)) - 5a62ffe2-9c96-4fd5-b7f5-bdbfc1f4ab24@group-4CFC337056EE-SegmentedRaftLogWorker close()
2022-10-13 11:44:24,027 [5a62ffe2-9c96-4fd5-b7f5-bdbfc1f4ab24@group-EB990D781EF8-StateMachineUpdater] INFO  ratis.ContainerStateMachine (ContainerStateMachine.java:takeSnapshot(304)) - group-EB990D781EF8: Taking a snapshot at:(t:1, i:0) file /home/runner/work/ozone/ozone/hadoop-ozone/integration-test/target/test-dir/MiniOzoneClusterImpl-da935fb3-9ce5-49ab-a67c-f4b3beb884ab/datanode-1/data/ratis/59eb9f05-6f25-4e47-9243-eb990d781ef8/sm/snapshot.1_0
2022-10-13 11:44:24,028 [ForkJoinPool.commonPool-worker-0] INFO  server.RaftServer$Division (RaftServerImpl.java:lambda$close$4(434)) - 5a62ffe2-9c96-4fd5-b7f5-bdbfc1f4ab24@group-328AF021BE98: shutdown
2022-10-13 11:44:24,028 [ForkJoinPool.commonPool-worker-0] INFO  util.JmxRegister (JmxRegister.java:unregister(73)) - Successfully un-registered JMX Bean with object name Ratis:service=RaftServer,group=group-328AF021BE98,id=5a62ffe2-9c96-4fd5-b7f5-bdbfc1f4ab24
2022-10-13 11:44:24,028 [ForkJoinPool.commonPool-worker-0] INFO  impl.RoleInfo (RoleInfo.java:shutdownFollowerState(110)) - 5a62ffe2-9c96-4fd5-b7f5-bdbfc1f4ab24: shutdown 5a62ffe2-9c96-4fd5-b7f5-bdbfc1f4ab24@group-328AF021BE98-FollowerState
2022-10-13 11:44:24,028 [5a62ffe2-9c96-4fd5-b7f5-bdbfc1f4ab24@group-328AF021BE98-FollowerState] INFO  impl.FollowerState (FollowerState.java:run(152)) - 5a62ffe2-9c96-4fd5-b7f5-bdbfc1f4ab24@group-328AF021BE98-FollowerState was interrupted
2022-10-13 11:44:24,029 [ForkJoinPool.commonPool-worker-0] INFO  impl.StateMachineUpdater (StateMachineUpdater.java:stopAndJoin(153)) - 5a62ffe2-9c96-4fd5-b7f5-bdbfc1f4ab24@group-328AF021BE98-StateMachineUpdater: set stopIndex = -1
2022-10-13 11:44:24,029 [ForkJoinPool.commonPool-worker-0] INFO  server.RaftServer$Division (ServerState.java:close(429)) - 5a62ffe2-9c96-4fd5-b7f5-bdbfc1f4ab24@group-328AF021BE98: closes. applyIndex: -1
2022-10-13 11:44:24,029 [5a62ffe2-9c96-4fd5-b7f5-bdbfc1f4ab24@group-328AF021BE98-SegmentedRaftLogWorker] INFO  segmented.SegmentedRaftLogWorker (SegmentedRaftLogWorker.java:run(336)) - 5a62ffe2-9c96-4fd5-b7f5-bdbfc1f4ab24@group-328AF021BE98-SegmentedRaftLogWorker was interrupted, exiting. There are 0 tasks remaining in the queue.
2022-10-13 11:44:24,029 [ForkJoinPool.commonPool-worker-0] INFO  segmented.SegmentedRaftLogWorker (SegmentedRaftLogWorker.java:close(246)) - 5a62ffe2-9c96-4fd5-b7f5-bdbfc1f4ab24@group-328AF021BE98-SegmentedRaftLogWorker close()
2022-10-13 11:44:24,030 [Listener at 127.0.0.1/33933] INFO  impl.StateMachineUpdater (StateMachineUpdater.java:stopAndJoin(153)) - 5a62ffe2-9c96-4fd5-b7f5-bdbfc1f4ab24@group-EB990D781EF8-StateMachineUpdater: set stopIndex = 0
2022-10-13 11:44:24,057 [5a62ffe2-9c96-4fd5-b7f5-bdbfc1f4ab24@group-EB990D781EF8-StateMachineUpdater] INFO  ratis.ContainerStateMachine (ContainerStateMachine.java:takeSnapshot(315)) - group-EB990D781EF8: Finished taking a snapshot at:(t:1, i:0) file:/home/runner/work/ozone/ozone/hadoop-ozone/integration-test/target/test-dir/MiniOzoneClusterImpl-da935fb3-9ce5-49ab-a67c-f4b3beb884ab/datanode-1/data/ratis/59eb9f05-6f25-4e47-9243-eb990d781ef8/sm/snapshot.1_0 took: 31 ms
2022-10-13 11:44:24,059 [5a62ffe2-9c96-4fd5-b7f5-bdbfc1f4ab24@group-EB990D781EF8-StateMachineUpdater] INFO  impl.StateMachineUpdater (StateMachineUpdater.java:takeSnapshot(287)) - 5a62ffe2-9c96-4fd5-b7f5-bdbfc1f4ab24@group-EB990D781EF8-StateMachineUpdater: Took a snapshot at index 0
2022-10-13 11:44:24,059 [5a62ffe2-9c96-4fd5-b7f5-bdbfc1f4ab24@group-EB990D781EF8-StateMachineUpdater] INFO  impl.StateMachineUpdater (StateMachineUpdater.java:lambda$new$0(92)) - 5a62ffe2-9c96-4fd5-b7f5-bdbfc1f4ab24@group-EB990D781EF8-StateMachineUpdater: snapshotIndex: updateIncreasingly -1 -> 0
2022-10-13 11:44:24,062 [Listener at 127.0.0.1/33933] INFO  server.RaftServer$Division (ServerState.java:close(429)) - 5a62ffe2-9c96-4fd5-b7f5-bdbfc1f4ab24@group-EB990D781EF8: closes. applyIndex: 0
2022-10-13 11:44:24,063 [5a62ffe2-9c96-4fd5-b7f5-bdbfc1f4ab24@group-EB990D781EF8-SegmentedRaftLogWorker] INFO  segmented.SegmentedRaftLogWorker (SegmentedRaftLogWorker.java:run(336)) - 5a62ffe2-9c96-4fd5-b7f5-bdbfc1f4ab24@group-EB990D781EF8-SegmentedRaftLogWorker was interrupted, exiting. There are 0 tasks remaining in the queue.
2022-10-13 11:44:24,064 [Listener at 127.0.0.1/33933] INFO  segmented.SegmentedRaftLogWorker (SegmentedRaftLogWorker.java:close(246)) - 5a62ffe2-9c96-4fd5-b7f5-bdbfc1f4ab24@group-EB990D781EF8-SegmentedRaftLogWorker close()
2022-10-13 11:44:24,065 [Listener at 127.0.0.1/33933] INFO  server.GrpcService (GrpcService.java:closeImpl(269)) - 5a62ffe2-9c96-4fd5-b7f5-bdbfc1f4ab24: shutdown server with port 37863 now
2022-10-13 11:44:24,079 [Listener at 127.0.0.1/33933] INFO  server.GrpcService (GrpcService.java:closeImpl(278)) - 5a62ffe2-9c96-4fd5-b7f5-bdbfc1f4ab24: shutdown server with port 37863 successfully
2022-10-13 11:44:24,079 [org.apache.ratis.util.JvmPauseMonitor$$Lambda$684/38778801@7f2088e3] INFO  util.JvmPauseMonitor (JvmPauseMonitor.java:run(109)) - JvmPauseMonitor-5a62ffe2-9c96-4fd5-b7f5-bdbfc1f4ab24: Stopped
2022-10-13 11:44:25,884 [7bf9862a-bc69-4cc0-99fb-78386598ce26@group-4CFC337056EE-FollowerState] INFO  impl.FollowerState (FollowerState.java:run(143)) - 7bf9862a-bc69-4cc0-99fb-78386598ce26@group-4CFC337056EE-FollowerState: change to CANDIDATE, lastRpcElapsedTime:5117848107ns, electionTimeout:5115ms
2022-10-13 11:44:25,885 [7bf9862a-bc69-4cc0-99fb-78386598ce26@group-4CFC337056EE-FollowerState] INFO  impl.RoleInfo (RoleInfo.java:shutdownFollowerState(110)) - 7bf9862a-bc69-4cc0-99fb-78386598ce26: shutdown 7bf9862a-bc69-4cc0-99fb-78386598ce26@group-4CFC337056EE-FollowerState
2022-10-13 11:44:25,885 [7bf9862a-bc69-4cc0-99fb-78386598ce26@group-4CFC337056EE-FollowerState] INFO  server.RaftServer$Division (RaftServerImpl.java:setRole(299)) - 7bf9862a-bc69-4cc0-99fb-78386598ce26@group-4CFC337056EE: changes role from  FOLLOWER to CANDIDATE at term 1 for changeToCandidate
2022-10-13 11:44:25,885 [7bf9862a-bc69-4cc0-99fb-78386598ce26@group-4CFC337056EE-FollowerState] INFO  server.RaftServerConfigKeys (ConfUtils.java:logGet(46)) - raft.server.leaderelection.pre-vote = false (custom)
2022-10-13 11:44:25,885 [7bf9862a-bc69-4cc0-99fb-78386598ce26@group-4CFC337056EE-FollowerState] INFO  impl.RoleInfo (RoleInfo.java:updateAndGet(139)) - 7bf9862a-bc69-4cc0-99fb-78386598ce26: start 7bf9862a-bc69-4cc0-99fb-78386598ce26@group-4CFC337056EE-LeaderElection23
2022-10-13 11:44:25,887 [7bf9862a-bc69-4cc0-99fb-78386598ce26@group-4CFC337056EE-LeaderElection23] INFO  impl.LeaderElection (LeaderElection.java:askForVotes(310)) - 7bf9862a-bc69-4cc0-99fb-78386598ce26@group-4CFC337056EE-LeaderElection23 ELECTION round 0: submit vote requests at term 2 for -1: [5a62ffe2-9c96-4fd5-b7f5-bdbfc1f4ab24|rpc:10.1.0.200:37863|priority:0, 7bf9862a-bc69-4cc0-99fb-78386598ce26|rpc:10.1.0.200:43955|priority:0, 458f4e14-7f73-425f-a1e6-d20318ddd1ae|rpc:10.1.0.200:33873|priority:1], old=null
2022-10-13 11:44:25,899 [7bf9862a-bc69-4cc0-99fb-78386598ce26@group-4CFC337056EE-LeaderElection23] INFO  impl.LeaderElection (LogUtils.java:infoOrTrace(137)) - 7bf9862a-bc69-4cc0-99fb-78386598ce26@group-4CFC337056EE-LeaderElection23 got exception when requesting votes: java.util.concurrent.ExecutionException: org.apache.ratis.thirdparty.io.grpc.StatusRuntimeException: UNAVAILABLE: io exception
2022-10-13 11:44:25,900 [grpc-default-executor-0] INFO  server.RaftServer$Division (RaftServerImpl.java:requestVote(1152)) - 458f4e14-7f73-425f-a1e6-d20318ddd1ae@group-4CFC337056EE: receive requestVote(ELECTION, 7bf9862a-bc69-4cc0-99fb-78386598ce26, group-4CFC337056EE, 2, (t:0, i:0))
2022-10-13 11:44:25,900 [grpc-default-executor-0] INFO  impl.VoteContext (VoteContext.java:log(48)) - 458f4e14-7f73-425f-a1e6-d20318ddd1ae@group-4CFC337056EE-FOLLOWER: reject ELECTION from 7bf9862a-bc69-4cc0-99fb-78386598ce26: our priority 1 > candidate's priority 0
2022-10-13 11:44:25,901 [grpc-default-executor-0] INFO  server.RaftServer$Division (RaftServerImpl.java:setRole(299)) - 458f4e14-7f73-425f-a1e6-d20318ddd1ae@group-4CFC337056EE: changes role from  FOLLOWER to FOLLOWER at term 2 for candidate:7bf9862a-bc69-4cc0-99fb-78386598ce26
2022-10-13 11:44:25,901 [grpc-default-executor-0] INFO  impl.RoleInfo (RoleInfo.java:shutdownFollowerState(110)) - 458f4e14-7f73-425f-a1e6-d20318ddd1ae: shutdown 458f4e14-7f73-425f-a1e6-d20318ddd1ae@group-4CFC337056EE-FollowerState
2022-10-13 11:44:25,901 [grpc-default-executor-0] INFO  impl.RoleInfo (RoleInfo.java:updateAndGet(139)) - 458f4e14-7f73-425f-a1e6-d20318ddd1ae: start 458f4e14-7f73-425f-a1e6-d20318ddd1ae@group-4CFC337056EE-FollowerState
2022-10-13 11:44:25,901 [458f4e14-7f73-425f-a1e6-d20318ddd1ae@group-4CFC337056EE-FollowerState] INFO  impl.FollowerState (FollowerState.java:run(152)) - 458f4e14-7f73-425f-a1e6-d20318ddd1ae@group-4CFC337056EE-FollowerState was interrupted
2022-10-13 11:44:25,903 [grpc-default-executor-0] INFO  server.RaftServer$Division (RaftServerImpl.java:requestVote(1184)) - 458f4e14-7f73-425f-a1e6-d20318ddd1ae@group-4CFC337056EE replies to ELECTION vote request: 7bf9862a-bc69-4cc0-99fb-78386598ce26<-458f4e14-7f73-425f-a1e6-d20318ddd1ae#0:FAIL-t2. Peer's state: 458f4e14-7f73-425f-a1e6-d20318ddd1ae@group-4CFC337056EE:t2, leader=null, voted=null, raftlog=458f4e14-7f73-425f-a1e6-d20318ddd1ae@group-4CFC337056EE-SegmentedRaftLog:OPENED:c-1, conf=-1: [5a62ffe2-9c96-4fd5-b7f5-bdbfc1f4ab24|rpc:10.1.0.200:37863|dataStream:|priority:0, 7bf9862a-bc69-4cc0-99fb-78386598ce26|rpc:10.1.0.200:43955|dataStream:|priority:0, 458f4e14-7f73-425f-a1e6-d20318ddd1ae|rpc:10.1.0.200:33873|dataStream:|priority:1], old=null
2022-10-13 11:44:25,906 [7bf9862a-bc69-4cc0-99fb-78386598ce26@group-4CFC337056EE-LeaderElection23] INFO  impl.LeaderElection (LeaderElection.java:logAndReturn(90)) - 7bf9862a-bc69-4cc0-99fb-78386598ce26@group-4CFC337056EE-LeaderElection23: ELECTION REJECTED received 1 response(s) and 1 exception(s):
2022-10-13 11:44:25,906 [7bf9862a-bc69-4cc0-99fb-78386598ce26@group-4CFC337056EE-LeaderElection23] INFO  impl.LeaderElection (LeaderElection.java:logAndReturn(94)) -   Response 0: 7bf9862a-bc69-4cc0-99fb-78386598ce26<-458f4e14-7f73-425f-a1e6-d20318ddd1ae#0:FAIL-t2
2022-10-13 11:44:25,907 [7bf9862a-bc69-4cc0-99fb-78386598ce26@group-4CFC337056EE-LeaderElection23] INFO  impl.LeaderElection (LogUtils.java:infoOrTrace(137)) -   Exception 1: java.util.concurrent.ExecutionException: org.apache.ratis.thirdparty.io.grpc.StatusRuntimeException: UNAVAILABLE: io exception
2022-10-13 11:44:25,907 [7bf9862a-bc69-4cc0-99fb-78386598ce26@group-4CFC337056EE-LeaderElection23] INFO  impl.LeaderElection (LeaderElection.java:askForVotes(312)) - 7bf9862a-bc69-4cc0-99fb-78386598ce26@group-4CFC337056EE-LeaderElection23 ELECTION round 0: result REJECTED
2022-10-13 11:44:25,907 [7bf9862a-bc69-4cc0-99fb-78386598ce26@group-4CFC337056EE-LeaderElection23] INFO  server.RaftServer$Division (RaftServerImpl.java:setRole(299)) - 7bf9862a-bc69-4cc0-99fb-78386598ce26@group-4CFC337056EE: changes role from CANDIDATE to FOLLOWER at term 2 for REJECTED
2022-10-13 11:44:25,907 [7bf9862a-bc69-4cc0-99fb-78386598ce26@group-4CFC337056EE-LeaderElection23] INFO  impl.RoleInfo (RoleInfo.java:shutdownLeaderElection(130)) - 7bf9862a-bc69-4cc0-99fb-78386598ce26: shutdown 7bf9862a-bc69-4cc0-99fb-78386598ce26@group-4CFC337056EE-LeaderElection23
2022-10-13 11:44:25,907 [7bf9862a-bc69-4cc0-99fb-78386598ce26@group-4CFC337056EE-LeaderElection23] INFO  impl.RoleInfo (RoleInfo.java:updateAndGet(139)) - 7bf9862a-bc69-4cc0-99fb-78386598ce26: start 7bf9862a-bc69-4cc0-99fb-78386598ce26@group-4CFC337056EE-FollowerState
2022-10-13 11:44:26,104 [Listener at 127.0.0.1/33933] INFO  utils.BackgroundService (BackgroundService.java:shutdown(141)) - Shutting down service BlockDeletingService
2022-10-13 11:44:26,105 [Listener at 127.0.0.1/33933] INFO  utils.BackgroundService (BackgroundService.java:shutdown(141)) - Shutting down service StaleRecoveringContainerScrubbingService
2022-10-13 11:44:26,108 [Listener at 127.0.0.1/33933] INFO  statemachine.DatanodeStateMachine (DatanodeStateMachine.java:stopDaemon(580)) - Ozone container server stopped.
2022-10-13 11:44:26,117 [Listener at 127.0.0.1/33933] INFO  handler.ContextHandler (ContextHandler.java:doStop(1153)) - Stopped o.e.j.w.WebAppContext@2cc42eef{hddsDatanode,/,null,STOPPED}{jar:file:/home/runner/.m2/repository/org/apache/ozone/hdds-container-service/1.3.0-SNAPSHOT/hdds-container-service-1.3.0-SNAPSHOT.jar!/webapps/hddsDatanode}
2022-10-13 11:44:26,121 [Listener at 127.0.0.1/33933] INFO  server.AbstractConnector (AbstractConnector.java:doStop(381)) - Stopped ServerConnector@5741b80a{HTTP/1.1, (http/1.1)}{0.0.0.0:0}
2022-10-13 11:44:26,121 [Listener at 127.0.0.1/33933] INFO  server.session (HouseKeeper.java:stopScavenging(149)) - node0 Stopped scavenging
2022-10-13 11:44:26,122 [Listener at 127.0.0.1/33933] INFO  handler.ContextHandler (ContextHandler.java:doStop(1153)) - Stopped o.e.j.s.ServletContextHandler@6b92b8c9{static,/static,jar:file:/home/runner/.m2/repository/org/apache/ozone/hdds-container-service/1.3.0-SNAPSHOT/hdds-container-service-1.3.0-SNAPSHOT.jar!/webapps/static,STOPPED}
2022-10-13 11:44:26,122 [Listener at 127.0.0.1/33933] INFO  handler.ContextHandler (ContextHandler.java:doStop(1153)) - Stopped o.e.j.s.ServletContextHandler@3609424e{logs,/logs,file:///home/runner/work/ozone/ozone/hadoop-ozone/integration-test/target/log,STOPPED}
2022-10-13 11:44:26,415 [7bf9862a-bc69-4cc0-99fb-78386598ce26@group-328AF021BE98-FollowerState] INFO  impl.FollowerState (FollowerState.java:run(143)) - 7bf9862a-bc69-4cc0-99fb-78386598ce26@group-328AF021BE98-FollowerState: change to CANDIDATE, lastRpcElapsedTime:5030301740ns, electionTimeout:5026ms
2022-10-13 11:44:26,415 [7bf9862a-bc69-4cc0-99fb-78386598ce26@group-328AF021BE98-FollowerState] INFO  impl.RoleInfo (RoleInfo.java:shutdownFollowerState(110)) - 7bf9862a-bc69-4cc0-99fb-78386598ce26: shutdown 7bf9862a-bc69-4cc0-99fb-78386598ce26@group-328AF021BE98-FollowerState
2022-10-13 11:44:26,415 [7bf9862a-bc69-4cc0-99fb-78386598ce26@group-328AF021BE98-FollowerState] INFO  server.RaftServer$Division (RaftServerImpl.java:setRole(299)) - 7bf9862a-bc69-4cc0-99fb-78386598ce26@group-328AF021BE98: changes role from  FOLLOWER to CANDIDATE at term 1 for changeToCandidate
2022-10-13 11:44:26,415 [7bf9862a-bc69-4cc0-99fb-78386598ce26@group-328AF021BE98-FollowerState] INFO  server.RaftServerConfigKeys (ConfUtils.java:logGet(46)) - raft.server.leaderelection.pre-vote = false (custom)
2022-10-13 11:44:26,415 [7bf9862a-bc69-4cc0-99fb-78386598ce26@group-328AF021BE98-FollowerState] INFO  impl.RoleInfo (RoleInfo.java:updateAndGet(139)) - 7bf9862a-bc69-4cc0-99fb-78386598ce26: start 7bf9862a-bc69-4cc0-99fb-78386598ce26@group-328AF021BE98-LeaderElection24
2022-10-13 11:44:26,419 [7bf9862a-bc69-4cc0-99fb-78386598ce26@group-328AF021BE98-LeaderElection24] INFO  impl.LeaderElection (LeaderElection.java:askForVotes(310)) - 7bf9862a-bc69-4cc0-99fb-78386598ce26@group-328AF021BE98-LeaderElection24 ELECTION round 0: submit vote requests at term 2 for -1: [5a62ffe2-9c96-4fd5-b7f5-bdbfc1f4ab24|rpc:10.1.0.200:37863|priority:0, 7bf9862a-bc69-4cc0-99fb-78386598ce26|rpc:10.1.0.200:43955|priority:1, 458f4e14-7f73-425f-a1e6-d20318ddd1ae|rpc:10.1.0.200:33873|priority:0], old=null
2022-10-13 11:44:26,420 [7bf9862a-bc69-4cc0-99fb-78386598ce26@group-328AF021BE98-LeaderElection24] INFO  impl.LeaderElection (LogUtils.java:infoOrTrace(137)) - 7bf9862a-bc69-4cc0-99fb-78386598ce26@group-328AF021BE98-LeaderElection24 got exception when requesting votes: java.util.concurrent.ExecutionException: org.apache.ratis.thirdparty.io.grpc.StatusRuntimeException: UNAVAILABLE: io exception
2022-10-13 11:44:26,422 [grpc-default-executor-0] INFO  server.RaftServer$Division (RaftServerImpl.java:requestVote(1152)) - 458f4e14-7f73-425f-a1e6-d20318ddd1ae@group-328AF021BE98: receive requestVote(ELECTION, 7bf9862a-bc69-4cc0-99fb-78386598ce26, group-328AF021BE98, 2, (t:0, i:0))
2022-10-13 11:44:26,422 [grpc-default-executor-0] INFO  impl.VoteContext (VoteContext.java:log(48)) - 458f4e14-7f73-425f-a1e6-d20318ddd1ae@group-328AF021BE98-FOLLOWER: accept ELECTION from 7bf9862a-bc69-4cc0-99fb-78386598ce26: our priority 0 <= candidate's priority 1
2022-10-13 11:44:26,422 [grpc-default-executor-0] INFO  server.RaftServer$Division (RaftServerImpl.java:setRole(299)) - 458f4e14-7f73-425f-a1e6-d20318ddd1ae@group-328AF021BE98: changes role from  FOLLOWER to FOLLOWER at term 2 for candidate:7bf9862a-bc69-4cc0-99fb-78386598ce26
2022-10-13 11:44:26,422 [grpc-default-executor-0] INFO  impl.RoleInfo (RoleInfo.java:shutdownFollowerState(110)) - 458f4e14-7f73-425f-a1e6-d20318ddd1ae: shutdown 458f4e14-7f73-425f-a1e6-d20318ddd1ae@group-328AF021BE98-FollowerState
2022-10-13 11:44:26,422 [grpc-default-executor-0] INFO  impl.RoleInfo (RoleInfo.java:updateAndGet(139)) - 458f4e14-7f73-425f-a1e6-d20318ddd1ae: start 458f4e14-7f73-425f-a1e6-d20318ddd1ae@group-328AF021BE98-FollowerState
2022-10-13 11:44:26,422 [458f4e14-7f73-425f-a1e6-d20318ddd1ae@group-328AF021BE98-FollowerState] INFO  impl.FollowerState (FollowerState.java:run(152)) - 458f4e14-7f73-425f-a1e6-d20318ddd1ae@group-328AF021BE98-FollowerState was interrupted
2022-10-13 11:44:26,424 [grpc-default-executor-0] INFO  server.RaftServer$Division (RaftServerImpl.java:requestVote(1184)) - 458f4e14-7f73-425f-a1e6-d20318ddd1ae@group-328AF021BE98 replies to ELECTION vote request: 7bf9862a-bc69-4cc0-99fb-78386598ce26<-458f4e14-7f73-425f-a1e6-d20318ddd1ae#0:OK-t2. Peer's state: 458f4e14-7f73-425f-a1e6-d20318ddd1ae@group-328AF021BE98:t2, leader=null, voted=7bf9862a-bc69-4cc0-99fb-78386598ce26, raftlog=458f4e14-7f73-425f-a1e6-d20318ddd1ae@group-328AF021BE98-SegmentedRaftLog:OPENED:c-1, conf=-1: [5a62ffe2-9c96-4fd5-b7f5-bdbfc1f4ab24|rpc:10.1.0.200:37863|dataStream:|priority:0, 7bf9862a-bc69-4cc0-99fb-78386598ce26|rpc:10.1.0.200:43955|dataStream:|priority:1, 458f4e14-7f73-425f-a1e6-d20318ddd1ae|rpc:10.1.0.200:33873|dataStream:|priority:0], old=null
2022-10-13 11:44:26,425 [7bf9862a-bc69-4cc0-99fb-78386598ce26@group-328AF021BE98-LeaderElection24] INFO  impl.LeaderElection (LeaderElection.java:logAndReturn(90)) - 7bf9862a-bc69-4cc0-99fb-78386598ce26@group-328AF021BE98-LeaderElection24: ELECTION PASSED received 1 response(s) and 1 exception(s):
2022-10-13 11:44:26,426 [7bf9862a-bc69-4cc0-99fb-78386598ce26@group-328AF021BE98-LeaderElection24] INFO  impl.LeaderElection (LeaderElection.java:logAndReturn(94)) -   Response 0: 7bf9862a-bc69-4cc0-99fb-78386598ce26<-458f4e14-7f73-425f-a1e6-d20318ddd1ae#0:OK-t2
2022-10-13 11:44:26,426 [7bf9862a-bc69-4cc0-99fb-78386598ce26@group-328AF021BE98-LeaderElection24] INFO  impl.LeaderElection (LogUtils.java:infoOrTrace(137)) -   Exception 1: java.util.concurrent.ExecutionException: org.apache.ratis.thirdparty.io.grpc.StatusRuntimeException: UNAVAILABLE: io exception
2022-10-13 11:44:26,426 [7bf9862a-bc69-4cc0-99fb-78386598ce26@group-328AF021BE98-LeaderElection24] INFO  impl.LeaderElection (LeaderElection.java:askForVotes(312)) - 7bf9862a-bc69-4cc0-99fb-78386598ce26@group-328AF021BE98-LeaderElection24 ELECTION round 0: result PASSED
2022-10-13 11:44:26,426 [7bf9862a-bc69-4cc0-99fb-78386598ce26@group-328AF021BE98-LeaderElection24] INFO  impl.RoleInfo (RoleInfo.java:shutdownLeaderElection(130)) - 7bf9862a-bc69-4cc0-99fb-78386598ce26: shutdown 7bf9862a-bc69-4cc0-99fb-78386598ce26@group-328AF021BE98-LeaderElection24
2022-10-13 11:44:26,426 [7bf9862a-bc69-4cc0-99fb-78386598ce26@group-328AF021BE98-LeaderElection24] INFO  server.RaftServer$Division (RaftServerImpl.java:setRole(299)) - 7bf9862a-bc69-4cc0-99fb-78386598ce26@group-328AF021BE98: changes role from CANDIDATE to LEADER at term 2 for changeToLeader
2022-10-13 11:44:26,426 [7bf9862a-bc69-4cc0-99fb-78386598ce26@group-328AF021BE98-LeaderElection24] INFO  ratis.XceiverServerRatis (XceiverServerRatis.java:handleLeaderChangedNotification(863)) - Leader change notification received for group: group-328AF021BE98 with new leaderId: 7bf9862a-bc69-4cc0-99fb-78386598ce26
2022-10-13 11:44:26,426 [7bf9862a-bc69-4cc0-99fb-78386598ce26@group-328AF021BE98-LeaderElection24] INFO  server.RaftServer$Division (ServerState.java:setLeader(287)) - 7bf9862a-bc69-4cc0-99fb-78386598ce26@group-328AF021BE98: change Leader from null to 7bf9862a-bc69-4cc0-99fb-78386598ce26 at term 2 for becomeLeader, leader elected after 10118ms
2022-10-13 11:44:26,426 [7bf9862a-bc69-4cc0-99fb-78386598ce26@group-328AF021BE98-LeaderElection24] INFO  server.RaftServerConfigKeys (ConfUtils.java:logGet(46)) - raft.server.staging.catchup.gap = 1000 (default)
2022-10-13 11:44:26,426 [7bf9862a-bc69-4cc0-99fb-78386598ce26@group-328AF021BE98-LeaderElection24] INFO  server.RaftServerConfigKeys (ConfUtils.java:logGet(46)) - raft.server.write.element-limit = 1024 (custom)
2022-10-13 11:44:26,426 [7bf9862a-bc69-4cc0-99fb-78386598ce26@group-328AF021BE98-LeaderElection24] INFO  server.RaftServerConfigKeys (ConfUtils.java:logGet(46)) - raft.server.write.byte-limit = 1024 M (=1073741824) (custom)
2022-10-13 11:44:26,426 [7bf9862a-bc69-4cc0-99fb-78386598ce26@group-328AF021BE98-LeaderElection24] INFO  server.RaftServerConfigKeys (ConfUtils.java:logGet(46)) - raft.server.watch.timeout = 180s (custom)
2022-10-13 11:44:26,426 [7bf9862a-bc69-4cc0-99fb-78386598ce26@group-328AF021BE98-LeaderElection24] INFO  server.RaftServerConfigKeys (ConfUtils.java:logGet(46)) - raft.server.watch.timeout.denomination = 1s (default)
2022-10-13 11:44:26,427 [7bf9862a-bc69-4cc0-99fb-78386598ce26@group-328AF021BE98-LeaderElection24] INFO  server.RaftServerConfigKeys (ConfUtils.java:logGet(46)) - raft.server.watch.element-limit = 65536 (default)
2022-10-13 11:44:26,427 [7bf9862a-bc69-4cc0-99fb-78386598ce26@group-328AF021BE98-LeaderElection24] INFO  server.RaftServerConfigKeys (ConfUtils.java:logGet(46)) - raft.server.write.element-limit = 1024 (custom)
2022-10-13 11:44:26,427 [7bf9862a-bc69-4cc0-99fb-78386598ce26@group-328AF021BE98-LeaderElection24] INFO  server.RaftServerConfigKeys (ConfUtils.java:logGet(46)) - raft.server.write.follower.gap.ratio.max = -1.0 (default)
2022-10-13 11:44:26,427 [7bf9862a-bc69-4cc0-99fb-78386598ce26@group-328AF021BE98-LeaderElection24] INFO  server.RaftServerConfigKeys (ConfUtils.java:logGet(46)) - raft.server.log.appender.snapshot.chunk.size.max = 16MB (=16777216) (default)
2022-10-13 11:44:26,427 [7bf9862a-bc69-4cc0-99fb-78386598ce26@group-328AF021BE98-LeaderElection24] INFO  server.RaftServerConfigKeys (ConfUtils.java:logGet(46)) - raft.server.log.appender.buffer.byte-limit = 33554432 (custom)
2022-10-13 11:44:26,427 [7bf9862a-bc69-4cc0-99fb-78386598ce26@group-328AF021BE98-LeaderElection24] INFO  server.RaftServerConfigKeys (ConfUtils.java:logGet(46)) - raft.server.log.appender.buffer.element-limit = 1 (custom)
2022-10-13 11:44:26,427 [7bf9862a-bc69-4cc0-99fb-78386598ce26@group-328AF021BE98-LeaderElection24] INFO  grpc.GrpcConfigKeys (ConfUtils.java:logGet(46)) - raft.grpc.server.leader.outstanding.appends.max = 128 (default)
2022-10-13 11:44:26,430 [7bf9862a-bc69-4cc0-99fb-78386598ce26@group-328AF021BE98-LeaderElection24] INFO  server.RaftServerConfigKeys (ConfUtils.java:logGet(46)) - raft.server.rpc.request.timeout = 60s (custom)
2022-10-13 11:44:26,430 [7bf9862a-bc69-4cc0-99fb-78386598ce26@group-328AF021BE98-LeaderElection24] INFO  server.RaftServerConfigKeys (ConfUtils.java:logGet(46)) - raft.server.log.appender.install.snapshot.enabled = false (custom)
2022-10-13 11:44:26,431 [7bf9862a-bc69-4cc0-99fb-78386598ce26@group-328AF021BE98-LeaderElection24] INFO  server.RaftServerConfigKeys (ConfUtils.java:logGet(46)) - raft.server.log.appender.snapshot.chunk.size.max = 16MB (=16777216) (default)
2022-10-13 11:44:26,431 [EventQueue-PipelineReportForPipelineReportHandler] INFO  pipeline.PipelineManagerImpl (PipelineManagerImpl.java:openPipeline(367)) - Pipeline Pipeline[ Id: cb0b0140-87f3-4bee-899a-328af021be98, Nodes: 5a62ffe2-9c96-4fd5-b7f5-bdbfc1f4ab24{ip: 10.1.0.200, host: fv-az91-750.1u4dveb1r3ruphbftqvtwhitpc.gx.internal.cloudapp.net, ports: [REPLICATION=44935, RATIS=37863, RATIS_ADMIN=37863, RATIS_SERVER=37863, STANDALONE=43611], networkLocation: /default-rack, certSerialId: null, persistedOpState: IN_SERVICE, persistedOpStateExpiryEpochSec: 0}7bf9862a-bc69-4cc0-99fb-78386598ce26{ip: 10.1.0.200, host: fv-az91-750.1u4dveb1r3ruphbftqvtwhitpc.gx.internal.cloudapp.net, ports: [REPLICATION=40183, RATIS=43955, RATIS_ADMIN=43955, RATIS_SERVER=43955, STANDALONE=41635], networkLocation: /default-rack, certSerialId: null, persistedOpState: IN_SERVICE, persistedOpStateExpiryEpochSec: 0}458f4e14-7f73-425f-a1e6-d20318ddd1ae{ip: 10.1.0.200, host: fv-az91-750.1u4dveb1r3ruphbftqvtwhitpc.gx.internal.cloudapp.net, ports: [REPLICATION=39531, RATIS=33873, RATIS_ADMIN=33873, RATIS_SERVER=33873, STANDALONE=36513], networkLocation: /default-rack, certSerialId: null, persistedOpState: IN_SERVICE, persistedOpStateExpiryEpochSec: 0}, ReplicationConfig: RATIS/THREE, State:ALLOCATED, leaderId:7bf9862a-bc69-4cc0-99fb-78386598ce26, CreationTimestamp2022-10-13T11:44:13.442Z[Etc/UTC]] moved to OPEN state
2022-10-13 11:44:26,432 [7bf9862a-bc69-4cc0-99fb-78386598ce26@group-328AF021BE98-LeaderElection24] INFO  server.RaftServerConfigKeys (ConfUtils.java:logGet(46)) - raft.server.log.appender.buffer.byte-limit = 33554432 (custom)
2022-10-13 11:44:26,432 [7bf9862a-bc69-4cc0-99fb-78386598ce26@group-328AF021BE98-LeaderElection24] INFO  server.RaftServerConfigKeys (ConfUtils.java:logGet(46)) - raft.server.log.appender.buffer.element-limit = 1 (custom)
2022-10-13 11:44:26,432 [7bf9862a-bc69-4cc0-99fb-78386598ce26@group-328AF021BE98-LeaderElection24] INFO  grpc.GrpcConfigKeys (ConfUtils.java:logGet(46)) - raft.grpc.server.leader.outstanding.appends.max = 128 (default)
2022-10-13 11:44:26,432 [7bf9862a-bc69-4cc0-99fb-78386598ce26@group-328AF021BE98-LeaderElection24] INFO  server.RaftServerConfigKeys (ConfUtils.java:logGet(46)) - raft.server.rpc.request.timeout = 60s (custom)
2022-10-13 11:44:26,432 [7bf9862a-bc69-4cc0-99fb-78386598ce26@group-328AF021BE98-LeaderElection24] INFO  server.RaftServerConfigKeys (ConfUtils.java:logGet(46)) - raft.server.log.appender.install.snapshot.enabled = false (custom)
2022-10-13 11:44:26,432 [7bf9862a-bc69-4cc0-99fb-78386598ce26@group-328AF021BE98-LeaderElection24] INFO  impl.RoleInfo (RoleInfo.java:updateAndGet(139)) - 7bf9862a-bc69-4cc0-99fb-78386598ce26: start 7bf9862a-bc69-4cc0-99fb-78386598ce26@group-328AF021BE98-LeaderStateImpl
2022-10-13 11:44:26,433 [7bf9862a-bc69-4cc0-99fb-78386598ce26@group-328AF021BE98-LeaderElection24] INFO  segmented.SegmentedRaftLogWorker (SegmentedRaftLogWorker.java:startLogSegment(425)) - 7bf9862a-bc69-4cc0-99fb-78386598ce26@group-328AF021BE98-SegmentedRaftLogWorker: Starting segment from index:0
2022-10-13 11:44:26,438 [7bf9862a-bc69-4cc0-99fb-78386598ce26@group-328AF021BE98-SegmentedRaftLogWorker] INFO  segmented.SegmentedRaftLogWorker (SegmentedRaftLogWorker.java:execute(629)) - 7bf9862a-bc69-4cc0-99fb-78386598ce26@group-328AF021BE98-SegmentedRaftLogWorker: created new log segment /home/runner/work/ozone/ozone/hadoop-ozone/integration-test/target/test-dir/MiniOzoneClusterImpl-da935fb3-9ce5-49ab-a67c-f4b3beb884ab/datanode-0/data/ratis/cb0b0140-87f3-4bee-899a-328af021be98/current/log_inprogress_0
2022-10-13 11:44:26,438 [7bf9862a-bc69-4cc0-99fb-78386598ce26@group-328AF021BE98-LeaderElection24] INFO  server.RaftServer$Division (ServerState.java:setRaftConf(393)) - 7bf9862a-bc69-4cc0-99fb-78386598ce26@group-328AF021BE98: set configuration 0: [5a62ffe2-9c96-4fd5-b7f5-bdbfc1f4ab24|rpc:10.1.0.200:37863|dataStream:|priority:0, 7bf9862a-bc69-4cc0-99fb-78386598ce26|rpc:10.1.0.200:43955|dataStream:|priority:1, 458f4e14-7f73-425f-a1e6-d20318ddd1ae|rpc:10.1.0.200:33873|dataStream:|priority:0], old=null
2022-10-13 11:44:26,441 [grpc-default-executor-0] WARN  server.GrpcLogAppender (LogUtils.java:warn(122)) - 7bf9862a-bc69-4cc0-99fb-78386598ce26@group-328AF021BE98->5a62ffe2-9c96-4fd5-b7f5-bdbfc1f4ab24-AppendLogResponseHandler: Failed appendEntries: org.apache.ratis.thirdparty.io.grpc.StatusRuntimeException: UNAVAILABLE: io exception
2022-10-13 11:44:26,444 [grpc-default-executor-0] WARN  server.GrpcLogAppender (GrpcLogAppender.java:resetClient(111)) - 7bf9862a-bc69-4cc0-99fb-78386598ce26@group-328AF021BE98->5a62ffe2-9c96-4fd5-b7f5-bdbfc1f4ab24-GrpcLogAppender: Leader has not got in touch with Follower 7bf9862a-bc69-4cc0-99fb-78386598ce26@group-328AF021BE98->5a62ffe2-9c96-4fd5-b7f5-bdbfc1f4ab24(c-1,m0,n0, attendVote=true, lastRpcSendTime=2, lastRpcResponseTime=5216) yet, just keep nextIndex unchanged and retry.
2022-10-13 11:44:26,445 [grpc-default-executor-1] WARN  server.GrpcLogAppender (LogUtils.java:warn(122)) - 7bf9862a-bc69-4cc0-99fb-78386598ce26@group-328AF021BE98->5a62ffe2-9c96-4fd5-b7f5-bdbfc1f4ab24-AppendLogResponseHandler: Failed appendEntries: org.apache.ratis.thirdparty.io.grpc.StatusRuntimeException: UNAVAILABLE: io exception
2022-10-13 11:44:26,447 [grpc-default-executor-1] WARN  server.GrpcLogAppender (GrpcLogAppender.java:resetClient(111)) - 7bf9862a-bc69-4cc0-99fb-78386598ce26@group-328AF021BE98->5a62ffe2-9c96-4fd5-b7f5-bdbfc1f4ab24-GrpcLogAppender: Leader has not got in touch with Follower 7bf9862a-bc69-4cc0-99fb-78386598ce26@group-328AF021BE98->5a62ffe2-9c96-4fd5-b7f5-bdbfc1f4ab24(c-1,m0,n1, attendVote=true, lastRpcSendTime=2, lastRpcResponseTime=5219) yet, just keep nextIndex unchanged and retry.
2022-10-13 11:44:26,450 [458f4e14-7f73-425f-a1e6-d20318ddd1ae-server-thread1] INFO  ratis.XceiverServerRatis (XceiverServerRatis.java:handleLeaderChangedNotification(863)) - Leader change notification received for group: group-328AF021BE98 with new leaderId: 7bf9862a-bc69-4cc0-99fb-78386598ce26
2022-10-13 11:44:26,450 [458f4e14-7f73-425f-a1e6-d20318ddd1ae-server-thread1] INFO  server.RaftServer$Division (ServerState.java:setLeader(287)) - 458f4e14-7f73-425f-a1e6-d20318ddd1ae@group-328AF021BE98: change Leader from null to 7bf9862a-bc69-4cc0-99fb-78386598ce26 at term 2 for appendEntries, leader elected after 10044ms
2022-10-13 11:44:26,453 [458f4e14-7f73-425f-a1e6-d20318ddd1ae-server-thread1] INFO  server.RaftServer$Division (ServerState.java:setRaftConf(393)) - 458f4e14-7f73-425f-a1e6-d20318ddd1ae@group-328AF021BE98: set configuration 0: [5a62ffe2-9c96-4fd5-b7f5-bdbfc1f4ab24|rpc:10.1.0.200:37863|dataStream:|priority:0, 7bf9862a-bc69-4cc0-99fb-78386598ce26|rpc:10.1.0.200:43955|dataStream:|priority:1, 458f4e14-7f73-425f-a1e6-d20318ddd1ae|rpc:10.1.0.200:33873|dataStream:|priority:0], old=null
2022-10-13 11:44:26,453 [458f4e14-7f73-425f-a1e6-d20318ddd1ae-server-thread1] INFO  segmented.SegmentedRaftLogWorker (SegmentedRaftLogWorker.java:startLogSegment(425)) - 458f4e14-7f73-425f-a1e6-d20318ddd1ae@group-328AF021BE98-SegmentedRaftLogWorker: Starting segment from index:0
2022-10-13 11:44:26,455 [458f4e14-7f73-425f-a1e6-d20318ddd1ae@group-328AF021BE98-SegmentedRaftLogWorker] INFO  segmented.SegmentedRaftLogWorker (SegmentedRaftLogWorker.java:execute(629)) - 458f4e14-7f73-425f-a1e6-d20318ddd1ae@group-328AF021BE98-SegmentedRaftLogWorker: created new log segment /home/runner/work/ozone/ozone/hadoop-ozone/integration-test/target/test-dir/MiniOzoneClusterImpl-da935fb3-9ce5-49ab-a67c-f4b3beb884ab/datanode-2/data/ratis/cb0b0140-87f3-4bee-899a-328af021be98/current/log_inprogress_0
2022-10-13 11:44:26,915 [EventQueue-StaleNodeForStaleNodeHandler] INFO  node.StaleNodeHandler (StaleNodeHandler.java:onMessage(59)) - Datanode 5a62ffe2-9c96-4fd5-b7f5-bdbfc1f4ab24{ip: 10.1.0.200, host: fv-az91-750.1u4dveb1r3ruphbftqvtwhitpc.gx.internal.cloudapp.net, ports: [REPLICATION=44935, RATIS=37863, RATIS_ADMIN=37863, RATIS_SERVER=37863, STANDALONE=43611], networkLocation: /default-rack, certSerialId: null, persistedOpState: IN_SERVICE, persistedOpStateExpiryEpochSec: 0} moved to stale state. Finalizing its pipelines [PipelineID=59eb9f05-6f25-4e47-9243-eb990d781ef8, PipelineID=c8a45070-301b-486f-84a4-649f9f0c6de1, PipelineID=39f242bf-157f-4c7d-8f01-4cfc337056ee, PipelineID=cb0b0140-87f3-4bee-899a-328af021be98]
2022-10-13 11:44:26,918 [EventQueue-StaleNodeForStaleNodeHandler] INFO  pipeline.PipelineManagerImpl (PipelineManagerImpl.java:closePipeline(442)) - Pipeline Pipeline[ Id: 59eb9f05-6f25-4e47-9243-eb990d781ef8, Nodes: 5a62ffe2-9c96-4fd5-b7f5-bdbfc1f4ab24{ip: 10.1.0.200, host: fv-az91-750.1u4dveb1r3ruphbftqvtwhitpc.gx.internal.cloudapp.net, ports: [REPLICATION=44935, RATIS=37863, RATIS_ADMIN=37863, RATIS_SERVER=37863, STANDALONE=43611], networkLocation: /default-rack, certSerialId: null, persistedOpState: IN_SERVICE, persistedOpStateExpiryEpochSec: 0}, ReplicationConfig: RATIS/ONE, State:OPEN, leaderId:5a62ffe2-9c96-4fd5-b7f5-bdbfc1f4ab24, CreationTimestamp2022-10-13T11:44:13.047Z[Etc/UTC]] moved to CLOSED state
2022-10-13 11:44:26,926 [EventQueue-StaleNodeForStaleNodeHandler] INFO  pipeline.PipelineManagerImpl (PipelineManagerImpl.java:closeContainersForPipeline(421)) - Container #1 closed for pipeline=PipelineID=c8a45070-301b-486f-84a4-649f9f0c6de1
2022-10-13 11:44:26,926 [EventQueue-StaleNodeForStaleNodeHandler] INFO  pipeline.PipelineManagerImpl (PipelineManagerImpl.java:closePipeline(442)) - Pipeline Pipeline[ Id: c8a45070-301b-486f-84a4-649f9f0c6de1, Nodes: 5a62ffe2-9c96-4fd5-b7f5-bdbfc1f4ab24{ip: 10.1.0.200, host: fv-az91-750.1u4dveb1r3ruphbftqvtwhitpc.gx.internal.cloudapp.net, ports: [REPLICATION=44935, RATIS=37863, RATIS_ADMIN=37863, RATIS_SERVER=37863, STANDALONE=43611], networkLocation: /default-rack, certSerialId: null, persistedOpState: null, persistedOpStateExpiryEpochSec: 0}5a2944c9-75d7-4a8d-9ead-f995138127cc{ip: 10.1.0.200, host: fv-az91-750.1u4dveb1r3ruphbftqvtwhitpc.gx.internal.cloudapp.net, ports: [REPLICATION=42491, RATIS=42797, RATIS_ADMIN=42797, RATIS_SERVER=42797, STANDALONE=35485], networkLocation: /default-rack, certSerialId: null, persistedOpState: null, persistedOpStateExpiryEpochSec: 0}febd5d2c-72de-44b7-b010-e5e9acc30848{ip: 10.1.0.200, host: fv-az91-750.1u4dveb1r3ruphbftqvtwhitpc.gx.internal.cloudapp.net, ports: [REPLICATION=35257, RATIS=36903, RATIS_ADMIN=36903, RATIS_SERVER=36903, STANDALONE=39839], networkLocation: /default-rack, certSerialId: null, persistedOpState: null, persistedOpStateExpiryEpochSec: 0}1c12248a-391b-407f-adc5-34f451ebab0a{ip: 10.1.0.200, host: fv-az91-750.1u4dveb1r3ruphbftqvtwhitpc.gx.internal.cloudapp.net, ports: [REPLICATION=34569, RATIS=39277, RATIS_ADMIN=39277, RATIS_SERVER=39277, STANDALONE=37067], networkLocation: /default-rack, certSerialId: null, persistedOpState: null, persistedOpStateExpiryEpochSec: 0}7bf9862a-bc69-4cc0-99fb-78386598ce26{ip: 10.1.0.200, host: fv-az91-750.1u4dveb1r3ruphbftqvtwhitpc.gx.internal.cloudapp.net, ports: [REPLICATION=40183, RATIS=43955, RATIS_ADMIN=43955, RATIS_SERVER=43955, STANDALONE=41635], networkLocation: /default-rack, certSerialId: null, persistedOpState: null, persistedOpStateExpiryEpochSec: 0}, ReplicationConfig: EC/ECReplicationConfig{data=3, parity=2, ecChunkSize=1024, codec=rs}, State:OPEN, leaderId:, CreationTimestamp2022-10-13T11:44:23.449Z[Etc/UTC]] moved to CLOSED state
2022-10-13 11:44:26,927 [EventQueue-StaleNodeForStaleNodeHandler] INFO  pipeline.PipelineManagerImpl (PipelineManagerImpl.java:closePipeline(442)) - Pipeline Pipeline[ Id: 39f242bf-157f-4c7d-8f01-4cfc337056ee, Nodes: 5a62ffe2-9c96-4fd5-b7f5-bdbfc1f4ab24{ip: 10.1.0.200, host: fv-az91-750.1u4dveb1r3ruphbftqvtwhitpc.gx.internal.cloudapp.net, ports: [REPLICATION=44935, RATIS=37863, RATIS_ADMIN=37863, RATIS_SERVER=37863, STANDALONE=43611], networkLocation: /default-rack, certSerialId: null, persistedOpState: IN_SERVICE, persistedOpStateExpiryEpochSec: 0}458f4e14-7f73-425f-a1e6-d20318ddd1ae{ip: 10.1.0.200, host: fv-az91-750.1u4dveb1r3ruphbftqvtwhitpc.gx.internal.cloudapp.net, ports: [REPLICATION=39531, RATIS=33873, RATIS_ADMIN=33873, RATIS_SERVER=33873, STANDALONE=36513], networkLocation: /default-rack, certSerialId: null, persistedOpState: IN_SERVICE, persistedOpStateExpiryEpochSec: 0}7bf9862a-bc69-4cc0-99fb-78386598ce26{ip: 10.1.0.200, host: fv-az91-750.1u4dveb1r3ruphbftqvtwhitpc.gx.internal.cloudapp.net, ports: [REPLICATION=40183, RATIS=43955, RATIS_ADMIN=43955, RATIS_SERVER=43955, STANDALONE=41635], networkLocation: /default-rack, certSerialId: null, persistedOpState: IN_SERVICE, persistedOpStateExpiryEpochSec: 0}, ReplicationConfig: RATIS/THREE, State:ALLOCATED, leaderId:, CreationTimestamp2022-10-13T11:44:13.440Z[Etc/UTC]] moved to CLOSED state
2022-10-13 11:44:26,927 [EventQueue-StaleNodeForStaleNodeHandler] INFO  pipeline.PipelineManagerImpl (PipelineManagerImpl.java:closePipeline(442)) - Pipeline Pipeline[ Id: cb0b0140-87f3-4bee-899a-328af021be98, Nodes: 5a62ffe2-9c96-4fd5-b7f5-bdbfc1f4ab24{ip: 10.1.0.200, host: fv-az91-750.1u4dveb1r3ruphbftqvtwhitpc.gx.internal.cloudapp.net, ports: [REPLICATION=44935, RATIS=37863, RATIS_ADMIN=37863, RATIS_SERVER=37863, STANDALONE=43611], networkLocation: /default-rack, certSerialId: null, persistedOpState: IN_SERVICE, persistedOpStateExpiryEpochSec: 0}7bf9862a-bc69-4cc0-99fb-78386598ce26{ip: 10.1.0.200, host: fv-az91-750.1u4dveb1r3ruphbftqvtwhitpc.gx.internal.cloudapp.net, ports: [REPLICATION=40183, RATIS=43955, RATIS_ADMIN=43955, RATIS_SERVER=43955, STANDALONE=41635], networkLocation: /default-rack, certSerialId: null, persistedOpState: IN_SERVICE, persistedOpStateExpiryEpochSec: 0}458f4e14-7f73-425f-a1e6-d20318ddd1ae{ip: 10.1.0.200, host: fv-az91-750.1u4dveb1r3ruphbftqvtwhitpc.gx.internal.cloudapp.net, ports: [REPLICATION=39531, RATIS=33873, RATIS_ADMIN=33873, RATIS_SERVER=33873, STANDALONE=36513], networkLocation: /default-rack, certSerialId: null, persistedOpState: IN_SERVICE, persistedOpStateExpiryEpochSec: 0}, ReplicationConfig: RATIS/THREE, State:OPEN, leaderId:7bf9862a-bc69-4cc0-99fb-78386598ce26, CreationTimestamp2022-10-13T11:44:13.442Z[Etc/UTC]] moved to CLOSED state
2022-10-13 11:44:26,927 [EventQueue-CloseContainerForCloseContainerEventHandler] INFO  container.CloseContainerEventHandler (CloseContainerEventHandler.java:onMessage(71)) - Close container Event triggered for container : #1
2022-10-13 11:44:27,104 [cc783127-5661-4bf3-9a81-5237862e92f6@group-D73006B0921B-FollowerState] INFO  impl.FollowerState (FollowerState.java:run(143)) - cc783127-5661-4bf3-9a81-5237862e92f6@group-D73006B0921B-FollowerState: change to CANDIDATE, lastRpcElapsedTime:5042599108ns, electionTimeout:5034ms
2022-10-13 11:44:27,105 [cc783127-5661-4bf3-9a81-5237862e92f6@group-D73006B0921B-FollowerState] INFO  impl.RoleInfo (RoleInfo.java:shutdownFollowerState(110)) - cc783127-5661-4bf3-9a81-5237862e92f6: shutdown cc783127-5661-4bf3-9a81-5237862e92f6@group-D73006B0921B-FollowerState
2022-10-13 11:44:27,105 [cc783127-5661-4bf3-9a81-5237862e92f6@group-D73006B0921B-FollowerState] INFO  server.RaftServer$Division (RaftServerImpl.java:setRole(299)) - cc783127-5661-4bf3-9a81-5237862e92f6@group-D73006B0921B: changes role from  FOLLOWER to CANDIDATE at term 1 for changeToCandidate
2022-10-13 11:44:27,105 [cc783127-5661-4bf3-9a81-5237862e92f6@group-D73006B0921B-FollowerState] INFO  server.RaftServerConfigKeys (ConfUtils.java:logGet(46)) - raft.server.leaderelection.pre-vote = false (custom)
2022-10-13 11:44:27,105 [cc783127-5661-4bf3-9a81-5237862e92f6@group-D73006B0921B-FollowerState] INFO  impl.RoleInfo (RoleInfo.java:updateAndGet(139)) - cc783127-5661-4bf3-9a81-5237862e92f6: start cc783127-5661-4bf3-9a81-5237862e92f6@group-D73006B0921B-LeaderElection25
2022-10-13 11:44:27,107 [cc783127-5661-4bf3-9a81-5237862e92f6@group-D73006B0921B-LeaderElection25] INFO  impl.LeaderElection (LeaderElection.java:askForVotes(310)) - cc783127-5661-4bf3-9a81-5237862e92f6@group-D73006B0921B-LeaderElection25 ELECTION round 0: submit vote requests at term 2 for -1: [cc783127-5661-4bf3-9a81-5237862e92f6|rpc:10.1.0.200:38555|dataStream:|priority:0, 1c12248a-391b-407f-adc5-34f451ebab0a|rpc:10.1.0.200:39277|dataStream:|priority:1, 5a2944c9-75d7-4a8d-9ead-f995138127cc|rpc:10.1.0.200:42797|dataStream:|priority:0], old=null
2022-10-13 11:44:27,110 [grpc-default-executor-0] INFO  server.RaftServer$Division (RaftServerImpl.java:requestVote(1152)) - 1c12248a-391b-407f-adc5-34f451ebab0a@group-D73006B0921B: receive requestVote(ELECTION, cc783127-5661-4bf3-9a81-5237862e92f6, group-D73006B0921B, 2, (t:0, i:0))
2022-10-13 11:44:27,110 [grpc-default-executor-0] INFO  impl.VoteContext (VoteContext.java:log(48)) - 1c12248a-391b-407f-adc5-34f451ebab0a@group-D73006B0921B-FOLLOWER: reject ELECTION from cc783127-5661-4bf3-9a81-5237862e92f6: our priority 1 > candidate's priority 0
2022-10-13 11:44:27,110 [grpc-default-executor-0] INFO  server.RaftServer$Division (RaftServerImpl.java:setRole(299)) - 1c12248a-391b-407f-adc5-34f451ebab0a@group-D73006B0921B: changes role from  FOLLOWER to FOLLOWER at term 2 for candidate:cc783127-5661-4bf3-9a81-5237862e92f6
2022-10-13 11:44:27,110 [grpc-default-executor-0] INFO  impl.RoleInfo (RoleInfo.java:shutdownFollowerState(110)) - 1c12248a-391b-407f-adc5-34f451ebab0a: shutdown 1c12248a-391b-407f-adc5-34f451ebab0a@group-D73006B0921B-FollowerState
2022-10-13 11:44:27,112 [grpc-default-executor-0] INFO  impl.RoleInfo (RoleInfo.java:updateAndGet(139)) - 1c12248a-391b-407f-adc5-34f451ebab0a: start 1c12248a-391b-407f-adc5-34f451ebab0a@group-D73006B0921B-FollowerState
2022-10-13 11:44:27,113 [1c12248a-391b-407f-adc5-34f451ebab0a@group-D73006B0921B-FollowerState] INFO  impl.FollowerState (FollowerState.java:run(152)) - 1c12248a-391b-407f-adc5-34f451ebab0a@group-D73006B0921B-FollowerState was interrupted
2022-10-13 11:44:27,114 [grpc-default-executor-1] INFO  server.RaftServer$Division (RaftServerImpl.java:requestVote(1152)) - 5a2944c9-75d7-4a8d-9ead-f995138127cc@group-D73006B0921B: receive requestVote(ELECTION, cc783127-5661-4bf3-9a81-5237862e92f6, group-D73006B0921B, 2, (t:0, i:0))
2022-10-13 11:44:27,114 [grpc-default-executor-1] INFO  impl.VoteContext (VoteContext.java:log(48)) - 5a2944c9-75d7-4a8d-9ead-f995138127cc@group-D73006B0921B-FOLLOWER: accept ELECTION from cc783127-5661-4bf3-9a81-5237862e92f6: our priority 0 <= candidate's priority 0
2022-10-13 11:44:27,114 [grpc-default-executor-1] INFO  server.RaftServer$Division (RaftServerImpl.java:setRole(299)) - 5a2944c9-75d7-4a8d-9ead-f995138127cc@group-D73006B0921B: changes role from  FOLLOWER to FOLLOWER at term 2 for candidate:cc783127-5661-4bf3-9a81-5237862e92f6
2022-10-13 11:44:27,114 [grpc-default-executor-1] INFO  impl.RoleInfo (RoleInfo.java:shutdownFollowerState(110)) - 5a2944c9-75d7-4a8d-9ead-f995138127cc: shutdown 5a2944c9-75d7-4a8d-9ead-f995138127cc@group-D73006B0921B-FollowerState
2022-10-13 11:44:27,115 [grpc-default-executor-1] INFO  impl.RoleInfo (RoleInfo.java:updateAndGet(139)) - 5a2944c9-75d7-4a8d-9ead-f995138127cc: start 5a2944c9-75d7-4a8d-9ead-f995138127cc@group-D73006B0921B-FollowerState
2022-10-13 11:44:27,115 [5a2944c9-75d7-4a8d-9ead-f995138127cc@group-D73006B0921B-FollowerState] INFO  impl.FollowerState (FollowerState.java:run(152)) - 5a2944c9-75d7-4a8d-9ead-f995138127cc@group-D73006B0921B-FollowerState was interrupted
2022-10-13 11:44:27,116 [grpc-default-executor-0] INFO  server.RaftServer$Division (RaftServerImpl.java:requestVote(1184)) - 1c12248a-391b-407f-adc5-34f451ebab0a@group-D73006B0921B replies to ELECTION vote request: cc783127-5661-4bf3-9a81-5237862e92f6<-1c12248a-391b-407f-adc5-34f451ebab0a#0:FAIL-t2. Peer's state: 1c12248a-391b-407f-adc5-34f451ebab0a@group-D73006B0921B:t2, leader=null, voted=null, raftlog=1c12248a-391b-407f-adc5-34f451ebab0a@group-D73006B0921B-SegmentedRaftLog:OPENED:c-1, conf=-1: [cc783127-5661-4bf3-9a81-5237862e92f6|rpc:10.1.0.200:38555|priority:0, 1c12248a-391b-407f-adc5-34f451ebab0a|rpc:10.1.0.200:39277|priority:1, 5a2944c9-75d7-4a8d-9ead-f995138127cc|rpc:10.1.0.200:42797|priority:0], old=null
2022-10-13 11:44:27,117 [grpc-default-executor-1] INFO  server.RaftServer$Division (RaftServerImpl.java:requestVote(1184)) - 5a2944c9-75d7-4a8d-9ead-f995138127cc@group-D73006B0921B replies to ELECTION vote request: cc783127-5661-4bf3-9a81-5237862e92f6<-5a2944c9-75d7-4a8d-9ead-f995138127cc#0:OK-t2. Peer's state: 5a2944c9-75d7-4a8d-9ead-f995138127cc@group-D73006B0921B:t2, leader=null, voted=cc783127-5661-4bf3-9a81-5237862e92f6, raftlog=5a2944c9-75d7-4a8d-9ead-f995138127cc@group-D73006B0921B-SegmentedRaftLog:OPENED:c-1, conf=-1: [cc783127-5661-4bf3-9a81-5237862e92f6|rpc:10.1.0.200:38555|dataStream:|priority:0, 1c12248a-391b-407f-adc5-34f451ebab0a|rpc:10.1.0.200:39277|dataStream:|priority:1, 5a2944c9-75d7-4a8d-9ead-f995138127cc|rpc:10.1.0.200:42797|dataStream:|priority:0], old=null
2022-10-13 11:44:27,119 [cc783127-5661-4bf3-9a81-5237862e92f6@group-D73006B0921B-LeaderElection25] INFO  impl.LeaderElection (LeaderElection.java:logAndReturn(90)) - cc783127-5661-4bf3-9a81-5237862e92f6@group-D73006B0921B-LeaderElection25: ELECTION REJECTED received 1 response(s) and 0 exception(s):
2022-10-13 11:44:27,119 [cc783127-5661-4bf3-9a81-5237862e92f6@group-D73006B0921B-LeaderElection25] INFO  impl.LeaderElection (LeaderElection.java:logAndReturn(94)) -   Response 0: cc783127-5661-4bf3-9a81-5237862e92f6<-1c12248a-391b-407f-adc5-34f451ebab0a#0:FAIL-t2
2022-10-13 11:44:27,119 [cc783127-5661-4bf3-9a81-5237862e92f6@group-D73006B0921B-LeaderElection25] INFO  impl.LeaderElection (LeaderElection.java:askForVotes(312)) - cc783127-5661-4bf3-9a81-5237862e92f6@group-D73006B0921B-LeaderElection25 ELECTION round 0: result REJECTED
2022-10-13 11:44:27,119 [cc783127-5661-4bf3-9a81-5237862e92f6@group-D73006B0921B-LeaderElection25] INFO  server.RaftServer$Division (RaftServerImpl.java:setRole(299)) - cc783127-5661-4bf3-9a81-5237862e92f6@group-D73006B0921B: changes role from CANDIDATE to FOLLOWER at term 2 for REJECTED
2022-10-13 11:44:27,119 [cc783127-5661-4bf3-9a81-5237862e92f6@group-D73006B0921B-LeaderElection25] INFO  impl.RoleInfo (RoleInfo.java:shutdownLeaderElection(130)) - cc783127-5661-4bf3-9a81-5237862e92f6: shutdown cc783127-5661-4bf3-9a81-5237862e92f6@group-D73006B0921B-LeaderElection25
2022-10-13 11:44:27,119 [cc783127-5661-4bf3-9a81-5237862e92f6@group-D73006B0921B-LeaderElection25] INFO  impl.RoleInfo (RoleInfo.java:updateAndGet(139)) - cc783127-5661-4bf3-9a81-5237862e92f6: start cc783127-5661-4bf3-9a81-5237862e92f6@group-D73006B0921B-FollowerState
2022-10-13 11:44:27,692 [grpc-default-executor-0] WARN  server.GrpcLogAppender (LogUtils.java:warn(122)) - 7bf9862a-bc69-4cc0-99fb-78386598ce26@group-328AF021BE98->5a62ffe2-9c96-4fd5-b7f5-bdbfc1f4ab24-AppendLogResponseHandler: Failed appendEntries: org.apache.ratis.thirdparty.io.grpc.StatusRuntimeException: UNAVAILABLE: io exception
2022-10-13 11:44:27,695 [grpc-default-executor-0] WARN  server.GrpcLogAppender (GrpcLogAppender.java:resetClient(111)) - 7bf9862a-bc69-4cc0-99fb-78386598ce26@group-328AF021BE98->5a62ffe2-9c96-4fd5-b7f5-bdbfc1f4ab24-GrpcLogAppender: Leader has not got in touch with Follower 7bf9862a-bc69-4cc0-99fb-78386598ce26@group-328AF021BE98->5a62ffe2-9c96-4fd5-b7f5-bdbfc1f4ab24(c-1,m0,n1, attendVote=true, lastRpcSendTime=2, lastRpcResponseTime=6468) yet, just keep nextIndex unchanged and retry.
2022-10-13 11:44:28,106 [febd5d2c-72de-44b7-b010-e5e9acc30848@group-CA13F6D37BB1-FollowerState] INFO  impl.FollowerState (FollowerState.java:run(143)) - febd5d2c-72de-44b7-b010-e5e9acc30848@group-CA13F6D37BB1-FollowerState: change to CANDIDATE, lastRpcElapsedTime:5066762939ns, electionTimeout:5056ms
2022-10-13 11:44:28,106 [febd5d2c-72de-44b7-b010-e5e9acc30848@group-CA13F6D37BB1-FollowerState] INFO  impl.RoleInfo (RoleInfo.java:shutdownFollowerState(110)) - febd5d2c-72de-44b7-b010-e5e9acc30848: shutdown febd5d2c-72de-44b7-b010-e5e9acc30848@group-CA13F6D37BB1-FollowerState
2022-10-13 11:44:28,106 [febd5d2c-72de-44b7-b010-e5e9acc30848@group-CA13F6D37BB1-FollowerState] INFO  server.RaftServer$Division (RaftServerImpl.java:setRole(299)) - febd5d2c-72de-44b7-b010-e5e9acc30848@group-CA13F6D37BB1: changes role from  FOLLOWER to CANDIDATE at term 1 for changeToCandidate
2022-10-13 11:44:28,106 [febd5d2c-72de-44b7-b010-e5e9acc30848@group-CA13F6D37BB1-FollowerState] INFO  server.RaftServerConfigKeys (ConfUtils.java:logGet(46)) - raft.server.leaderelection.pre-vote = false (custom)
2022-10-13 11:44:28,106 [febd5d2c-72de-44b7-b010-e5e9acc30848@group-CA13F6D37BB1-FollowerState] INFO  impl.RoleInfo (RoleInfo.java:updateAndGet(139)) - febd5d2c-72de-44b7-b010-e5e9acc30848: start febd5d2c-72de-44b7-b010-e5e9acc30848@group-CA13F6D37BB1-LeaderElection26
2022-10-13 11:44:28,112 [febd5d2c-72de-44b7-b010-e5e9acc30848@group-CA13F6D37BB1-LeaderElection26] INFO  impl.LeaderElection (LeaderElection.java:askForVotes(310)) - febd5d2c-72de-44b7-b010-e5e9acc30848@group-CA13F6D37BB1-LeaderElection26 ELECTION round 0: submit vote requests at term 2 for -1: [febd5d2c-72de-44b7-b010-e5e9acc30848|rpc:10.1.0.200:36903|dataStream:|priority:0, 8f71354a-19e6-4be6-b89a-dd2f0292058a|rpc:10.1.0.200:41203|dataStream:|priority:0, 44dad4d2-9f73-4874-a36a-585ee387199d|rpc:10.1.0.200:32897|dataStream:|priority:1], old=null
2022-10-13 11:44:28,121 [grpc-default-executor-0] INFO  server.RaftServer$Division (RaftServerImpl.java:requestVote(1152)) - 8f71354a-19e6-4be6-b89a-dd2f0292058a@group-CA13F6D37BB1: receive requestVote(ELECTION, febd5d2c-72de-44b7-b010-e5e9acc30848, group-CA13F6D37BB1, 2, (t:0, i:0))
2022-10-13 11:44:28,121 [grpc-default-executor-0] INFO  impl.VoteContext (VoteContext.java:log(48)) - 8f71354a-19e6-4be6-b89a-dd2f0292058a@group-CA13F6D37BB1-FOLLOWER: accept ELECTION from febd5d2c-72de-44b7-b010-e5e9acc30848: our priority 0 <= candidate's priority 0
2022-10-13 11:44:28,121 [grpc-default-executor-0] INFO  server.RaftServer$Division (RaftServerImpl.java:setRole(299)) - 8f71354a-19e6-4be6-b89a-dd2f0292058a@group-CA13F6D37BB1: changes role from  FOLLOWER to FOLLOWER at term 2 for candidate:febd5d2c-72de-44b7-b010-e5e9acc30848
2022-10-13 11:44:28,121 [grpc-default-executor-0] INFO  impl.RoleInfo (RoleInfo.java:shutdownFollowerState(110)) - 8f71354a-19e6-4be6-b89a-dd2f0292058a: shutdown 8f71354a-19e6-4be6-b89a-dd2f0292058a@group-CA13F6D37BB1-FollowerState
2022-10-13 11:44:28,126 [grpc-default-executor-0] INFO  impl.RoleInfo (RoleInfo.java:updateAndGet(139)) - 8f71354a-19e6-4be6-b89a-dd2f0292058a: start 8f71354a-19e6-4be6-b89a-dd2f0292058a@group-CA13F6D37BB1-FollowerState
2022-10-13 11:44:28,128 [grpc-default-executor-1] INFO  server.RaftServer$Division (RaftServerImpl.java:requestVote(1152)) - 44dad4d2-9f73-4874-a36a-585ee387199d@group-CA13F6D37BB1: receive requestVote(ELECTION, febd5d2c-72de-44b7-b010-e5e9acc30848, group-CA13F6D37BB1, 2, (t:0, i:0))
2022-10-13 11:44:28,128 [grpc-default-executor-1] INFO  impl.VoteContext (VoteContext.java:log(48)) - 44dad4d2-9f73-4874-a36a-585ee387199d@group-CA13F6D37BB1-FOLLOWER: reject ELECTION from febd5d2c-72de-44b7-b010-e5e9acc30848: our priority 1 > candidate's priority 0
2022-10-13 11:44:28,128 [grpc-default-executor-1] INFO  server.RaftServer$Division (RaftServerImpl.java:setRole(299)) - 44dad4d2-9f73-4874-a36a-585ee387199d@group-CA13F6D37BB1: changes role from  FOLLOWER to FOLLOWER at term 2 for candidate:febd5d2c-72de-44b7-b010-e5e9acc30848
2022-10-13 11:44:28,128 [grpc-default-executor-1] INFO  impl.RoleInfo (RoleInfo.java:shutdownFollowerState(110)) - 44dad4d2-9f73-4874-a36a-585ee387199d: shutdown 44dad4d2-9f73-4874-a36a-585ee387199d@group-CA13F6D37BB1-FollowerState
2022-10-13 11:44:28,128 [grpc-default-executor-1] INFO  impl.RoleInfo (RoleInfo.java:updateAndGet(139)) - 44dad4d2-9f73-4874-a36a-585ee387199d: start 44dad4d2-9f73-4874-a36a-585ee387199d@group-CA13F6D37BB1-FollowerState
2022-10-13 11:44:28,128 [44dad4d2-9f73-4874-a36a-585ee387199d@group-CA13F6D37BB1-FollowerState] INFO  impl.FollowerState (FollowerState.java:run(152)) - 44dad4d2-9f73-4874-a36a-585ee387199d@group-CA13F6D37BB1-FollowerState was interrupted
2022-10-13 11:44:28,129 [grpc-default-executor-0] INFO  server.RaftServer$Division (RaftServerImpl.java:requestVote(1184)) - 8f71354a-19e6-4be6-b89a-dd2f0292058a@group-CA13F6D37BB1 replies to ELECTION vote request: febd5d2c-72de-44b7-b010-e5e9acc30848<-8f71354a-19e6-4be6-b89a-dd2f0292058a#0:OK-t2. Peer's state: 8f71354a-19e6-4be6-b89a-dd2f0292058a@group-CA13F6D37BB1:t2, leader=null, voted=febd5d2c-72de-44b7-b010-e5e9acc30848, raftlog=8f71354a-19e6-4be6-b89a-dd2f0292058a@group-CA13F6D37BB1-SegmentedRaftLog:OPENED:c-1, conf=-1: [febd5d2c-72de-44b7-b010-e5e9acc30848|rpc:10.1.0.200:36903|dataStream:|priority:0, 8f71354a-19e6-4be6-b89a-dd2f0292058a|rpc:10.1.0.200:41203|dataStream:|priority:0, 44dad4d2-9f73-4874-a36a-585ee387199d|rpc:10.1.0.200:32897|dataStream:|priority:1], old=null
2022-10-13 11:44:28,130 [8f71354a-19e6-4be6-b89a-dd2f0292058a@group-CA13F6D37BB1-FollowerState] INFO  impl.FollowerState (FollowerState.java:shouldRun(117)) - 8f71354a-19e6-4be6-b89a-dd2f0292058a@group-CA13F6D37BB1-FollowerState: Stopping now (isRunning? false, role = FOLLOWER)
2022-10-13 11:44:28,133 [grpc-default-executor-1] INFO  server.RaftServer$Division (RaftServerImpl.java:requestVote(1184)) - 44dad4d2-9f73-4874-a36a-585ee387199d@group-CA13F6D37BB1 replies to ELECTION vote request: febd5d2c-72de-44b7-b010-e5e9acc30848<-44dad4d2-9f73-4874-a36a-585ee387199d#0:FAIL-t2. Peer's state: 44dad4d2-9f73-4874-a36a-585ee387199d@group-CA13F6D37BB1:t2, leader=null, voted=null, raftlog=44dad4d2-9f73-4874-a36a-585ee387199d@group-CA13F6D37BB1-SegmentedRaftLog:OPENED:c-1, conf=-1: [febd5d2c-72de-44b7-b010-e5e9acc30848|rpc:10.1.0.200:36903|priority:0, 8f71354a-19e6-4be6-b89a-dd2f0292058a|rpc:10.1.0.200:41203|priority:0, 44dad4d2-9f73-4874-a36a-585ee387199d|rpc:10.1.0.200:32897|priority:1], old=null
2022-10-13 11:44:28,135 [febd5d2c-72de-44b7-b010-e5e9acc30848@group-CA13F6D37BB1-LeaderElection26] INFO  impl.LeaderElection (LeaderElection.java:logAndReturn(90)) - febd5d2c-72de-44b7-b010-e5e9acc30848@group-CA13F6D37BB1-LeaderElection26: ELECTION REJECTED received 2 response(s) and 0 exception(s):
2022-10-13 11:44:28,135 [febd5d2c-72de-44b7-b010-e5e9acc30848@group-CA13F6D37BB1-LeaderElection26] INFO  impl.LeaderElection (LeaderElection.java:logAndReturn(94)) -   Response 0: febd5d2c-72de-44b7-b010-e5e9acc30848<-8f71354a-19e6-4be6-b89a-dd2f0292058a#0:OK-t2
2022-10-13 11:44:28,135 [febd5d2c-72de-44b7-b010-e5e9acc30848@group-CA13F6D37BB1-LeaderElection26] INFO  impl.LeaderElection (LeaderElection.java:logAndReturn(94)) -   Response 1: febd5d2c-72de-44b7-b010-e5e9acc30848<-44dad4d2-9f73-4874-a36a-585ee387199d#0:FAIL-t2
2022-10-13 11:44:28,135 [febd5d2c-72de-44b7-b010-e5e9acc30848@group-CA13F6D37BB1-LeaderElection26] INFO  impl.LeaderElection (LeaderElection.java:askForVotes(312)) - febd5d2c-72de-44b7-b010-e5e9acc30848@group-CA13F6D37BB1-LeaderElection26 ELECTION round 0: result REJECTED
2022-10-13 11:44:28,135 [febd5d2c-72de-44b7-b010-e5e9acc30848@group-CA13F6D37BB1-LeaderElection26] INFO  server.RaftServer$Division (RaftServerImpl.java:setRole(299)) - febd5d2c-72de-44b7-b010-e5e9acc30848@group-CA13F6D37BB1: changes role from CANDIDATE to FOLLOWER at term 2 for REJECTED
2022-10-13 11:44:28,135 [febd5d2c-72de-44b7-b010-e5e9acc30848@group-CA13F6D37BB1-LeaderElection26] INFO  impl.RoleInfo (RoleInfo.java:shutdownLeaderElection(130)) - febd5d2c-72de-44b7-b010-e5e9acc30848: shutdown febd5d2c-72de-44b7-b010-e5e9acc30848@group-CA13F6D37BB1-LeaderElection26
2022-10-13 11:44:28,135 [febd5d2c-72de-44b7-b010-e5e9acc30848@group-CA13F6D37BB1-LeaderElection26] INFO  impl.RoleInfo (RoleInfo.java:updateAndGet(139)) - febd5d2c-72de-44b7-b010-e5e9acc30848: start febd5d2c-72de-44b7-b010-e5e9acc30848@group-CA13F6D37BB1-FollowerState
2022-10-13 11:44:28,229 [febd5d2c-72de-44b7-b010-e5e9acc30848@group-84E26D0679BC-FollowerState] INFO  impl.FollowerState (FollowerState.java:run(143)) - febd5d2c-72de-44b7-b010-e5e9acc30848@group-84E26D0679BC-FollowerState: change to CANDIDATE, lastRpcElapsedTime:5089834294ns, electionTimeout:5085ms
2022-10-13 11:44:28,229 [febd5d2c-72de-44b7-b010-e5e9acc30848@group-84E26D0679BC-FollowerState] INFO  impl.RoleInfo (RoleInfo.java:shutdownFollowerState(110)) - febd5d2c-72de-44b7-b010-e5e9acc30848: shutdown febd5d2c-72de-44b7-b010-e5e9acc30848@group-84E26D0679BC-FollowerState
2022-10-13 11:44:28,229 [febd5d2c-72de-44b7-b010-e5e9acc30848@group-84E26D0679BC-FollowerState] INFO  server.RaftServer$Division (RaftServerImpl.java:setRole(299)) - febd5d2c-72de-44b7-b010-e5e9acc30848@group-84E26D0679BC: changes role from  FOLLOWER to CANDIDATE at term 1 for changeToCandidate
2022-10-13 11:44:28,229 [febd5d2c-72de-44b7-b010-e5e9acc30848@group-84E26D0679BC-FollowerState] INFO  server.RaftServerConfigKeys (ConfUtils.java:logGet(46)) - raft.server.leaderelection.pre-vote = false (custom)
2022-10-13 11:44:28,229 [febd5d2c-72de-44b7-b010-e5e9acc30848@group-84E26D0679BC-FollowerState] INFO  impl.RoleInfo (RoleInfo.java:updateAndGet(139)) - febd5d2c-72de-44b7-b010-e5e9acc30848: start febd5d2c-72de-44b7-b010-e5e9acc30848@group-84E26D0679BC-LeaderElection27
2022-10-13 11:44:28,235 [febd5d2c-72de-44b7-b010-e5e9acc30848@group-84E26D0679BC-LeaderElection27] INFO  impl.LeaderElection (LeaderElection.java:askForVotes(310)) - febd5d2c-72de-44b7-b010-e5e9acc30848@group-84E26D0679BC-LeaderElection27 ELECTION round 0: submit vote requests at term 2 for -1: [febd5d2c-72de-44b7-b010-e5e9acc30848|rpc:10.1.0.200:36903|dataStream:|priority:0, 8f71354a-19e6-4be6-b89a-dd2f0292058a|rpc:10.1.0.200:41203|dataStream:|priority:1, 44dad4d2-9f73-4874-a36a-585ee387199d|rpc:10.1.0.200:32897|dataStream:|priority:0], old=null
2022-10-13 11:44:28,238 [grpc-default-executor-1] INFO  server.RaftServer$Division (RaftServerImpl.java:requestVote(1152)) - 8f71354a-19e6-4be6-b89a-dd2f0292058a@group-84E26D0679BC: receive requestVote(ELECTION, febd5d2c-72de-44b7-b010-e5e9acc30848, group-84E26D0679BC, 2, (t:0, i:0))
2022-10-13 11:44:28,238 [grpc-default-executor-1] INFO  impl.VoteContext (VoteContext.java:log(48)) - 8f71354a-19e6-4be6-b89a-dd2f0292058a@group-84E26D0679BC-FOLLOWER: reject ELECTION from febd5d2c-72de-44b7-b010-e5e9acc30848: our priority 1 > candidate's priority 0
2022-10-13 11:44:28,238 [grpc-default-executor-1] INFO  server.RaftServer$Division (RaftServerImpl.java:setRole(299)) - 8f71354a-19e6-4be6-b89a-dd2f0292058a@group-84E26D0679BC: changes role from  FOLLOWER to FOLLOWER at term 2 for candidate:febd5d2c-72de-44b7-b010-e5e9acc30848
2022-10-13 11:44:28,238 [grpc-default-executor-1] INFO  impl.RoleInfo (RoleInfo.java:shutdownFollowerState(110)) - 8f71354a-19e6-4be6-b89a-dd2f0292058a: shutdown 8f71354a-19e6-4be6-b89a-dd2f0292058a@group-84E26D0679BC-FollowerState
2022-10-13 11:44:28,239 [grpc-default-executor-1] INFO  impl.RoleInfo (RoleInfo.java:updateAndGet(139)) - 8f71354a-19e6-4be6-b89a-dd2f0292058a: start 8f71354a-19e6-4be6-b89a-dd2f0292058a@group-84E26D0679BC-FollowerState
2022-10-13 11:44:28,239 [8f71354a-19e6-4be6-b89a-dd2f0292058a@group-84E26D0679BC-FollowerState] INFO  impl.FollowerState (FollowerState.java:run(152)) - 8f71354a-19e6-4be6-b89a-dd2f0292058a@group-84E26D0679BC-FollowerState was interrupted
2022-10-13 11:44:28,241 [grpc-default-executor-0] INFO  server.RaftServer$Division (RaftServerImpl.java:requestVote(1152)) - 44dad4d2-9f73-4874-a36a-585ee387199d@group-84E26D0679BC: receive requestVote(ELECTION, febd5d2c-72de-44b7-b010-e5e9acc30848, group-84E26D0679BC, 2, (t:0, i:0))
2022-10-13 11:44:28,241 [grpc-default-executor-0] INFO  impl.VoteContext (VoteContext.java:log(48)) - 44dad4d2-9f73-4874-a36a-585ee387199d@group-84E26D0679BC-FOLLOWER: accept ELECTION from febd5d2c-72de-44b7-b010-e5e9acc30848: our priority 0 <= candidate's priority 0
2022-10-13 11:44:28,241 [grpc-default-executor-0] INFO  server.RaftServer$Division (RaftServerImpl.java:setRole(299)) - 44dad4d2-9f73-4874-a36a-585ee387199d@group-84E26D0679BC: changes role from  FOLLOWER to FOLLOWER at term 2 for candidate:febd5d2c-72de-44b7-b010-e5e9acc30848
2022-10-13 11:44:28,241 [grpc-default-executor-0] INFO  impl.RoleInfo (RoleInfo.java:shutdownFollowerState(110)) - 44dad4d2-9f73-4874-a36a-585ee387199d: shutdown 44dad4d2-9f73-4874-a36a-585ee387199d@group-84E26D0679BC-FollowerState
2022-10-13 11:44:28,245 [grpc-default-executor-0] INFO  impl.RoleInfo (RoleInfo.java:updateAndGet(139)) - 44dad4d2-9f73-4874-a36a-585ee387199d: start 44dad4d2-9f73-4874-a36a-585ee387199d@group-84E26D0679BC-FollowerState
2022-10-13 11:44:28,246 [44dad4d2-9f73-4874-a36a-585ee387199d@group-84E26D0679BC-FollowerState] INFO  impl.FollowerState (FollowerState.java:run(152)) - 44dad4d2-9f73-4874-a36a-585ee387199d@group-84E26D0679BC-FollowerState was interrupted
2022-10-13 11:44:28,247 [grpc-default-executor-1] INFO  server.RaftServer$Division (RaftServerImpl.java:requestVote(1184)) - 8f71354a-19e6-4be6-b89a-dd2f0292058a@group-84E26D0679BC replies to ELECTION vote request: febd5d2c-72de-44b7-b010-e5e9acc30848<-8f71354a-19e6-4be6-b89a-dd2f0292058a#0:FAIL-t2. Peer's state: 8f71354a-19e6-4be6-b89a-dd2f0292058a@group-84E26D0679BC:t2, leader=null, voted=null, raftlog=8f71354a-19e6-4be6-b89a-dd2f0292058a@group-84E26D0679BC-SegmentedRaftLog:OPENED:c-1, conf=-1: [febd5d2c-72de-44b7-b010-e5e9acc30848|rpc:10.1.0.200:36903|dataStream:|priority:0, 8f71354a-19e6-4be6-b89a-dd2f0292058a|rpc:10.1.0.200:41203|dataStream:|priority:1, 44dad4d2-9f73-4874-a36a-585ee387199d|rpc:10.1.0.200:32897|dataStream:|priority:0], old=null
2022-10-13 11:44:28,248 [febd5d2c-72de-44b7-b010-e5e9acc30848@group-84E26D0679BC-LeaderElection27] INFO  impl.LeaderElection (LeaderElection.java:logAndReturn(90)) - febd5d2c-72de-44b7-b010-e5e9acc30848@group-84E26D0679BC-LeaderElection27: ELECTION REJECTED received 1 response(s) and 0 exception(s):
2022-10-13 11:44:28,248 [febd5d2c-72de-44b7-b010-e5e9acc30848@group-84E26D0679BC-LeaderElection27] INFO  impl.LeaderElection (LeaderElection.java:logAndReturn(94)) -   Response 0: febd5d2c-72de-44b7-b010-e5e9acc30848<-8f71354a-19e6-4be6-b89a-dd2f0292058a#0:FAIL-t2
2022-10-13 11:44:28,248 [febd5d2c-72de-44b7-b010-e5e9acc30848@group-84E26D0679BC-LeaderElection27] INFO  impl.LeaderElection (LeaderElection.java:askForVotes(312)) - febd5d2c-72de-44b7-b010-e5e9acc30848@group-84E26D0679BC-LeaderElection27 ELECTION round 0: result REJECTED
2022-10-13 11:44:28,248 [febd5d2c-72de-44b7-b010-e5e9acc30848@group-84E26D0679BC-LeaderElection27] INFO  server.RaftServer$Division (RaftServerImpl.java:setRole(299)) - febd5d2c-72de-44b7-b010-e5e9acc30848@group-84E26D0679BC: changes role from CANDIDATE to FOLLOWER at term 2 for REJECTED
2022-10-13 11:44:28,248 [febd5d2c-72de-44b7-b010-e5e9acc30848@group-84E26D0679BC-LeaderElection27] INFO  impl.RoleInfo (RoleInfo.java:shutdownLeaderElection(130)) - febd5d2c-72de-44b7-b010-e5e9acc30848: shutdown febd5d2c-72de-44b7-b010-e5e9acc30848@group-84E26D0679BC-LeaderElection27
2022-10-13 11:44:28,248 [febd5d2c-72de-44b7-b010-e5e9acc30848@group-84E26D0679BC-LeaderElection27] INFO  impl.RoleInfo (RoleInfo.java:updateAndGet(139)) - febd5d2c-72de-44b7-b010-e5e9acc30848: start febd5d2c-72de-44b7-b010-e5e9acc30848@group-84E26D0679BC-FollowerState
2022-10-13 11:44:28,250 [grpc-default-executor-0] INFO  server.RaftServer$Division (RaftServerImpl.java:requestVote(1184)) - 44dad4d2-9f73-4874-a36a-585ee387199d@group-84E26D0679BC replies to ELECTION vote request: febd5d2c-72de-44b7-b010-e5e9acc30848<-44dad4d2-9f73-4874-a36a-585ee387199d#0:OK-t2. Peer's state: 44dad4d2-9f73-4874-a36a-585ee387199d@group-84E26D0679BC:t2, leader=null, voted=febd5d2c-72de-44b7-b010-e5e9acc30848, raftlog=44dad4d2-9f73-4874-a36a-585ee387199d@group-84E26D0679BC-SegmentedRaftLog:OPENED:c-1, conf=-1: [febd5d2c-72de-44b7-b010-e5e9acc30848|rpc:10.1.0.200:36903|priority:0, 8f71354a-19e6-4be6-b89a-dd2f0292058a|rpc:10.1.0.200:41203|priority:1, 44dad4d2-9f73-4874-a36a-585ee387199d|rpc:10.1.0.200:32897|priority:0], old=null
2022-10-13 11:44:28,498 [Command processor thread] INFO  keyvalue.KeyValueContainer (KeyValueContainer.java:flushAndSyncDB(436)) - Container 1 is synced with bcsId 0.
2022-10-13 11:44:28,499 [Command processor thread] INFO  keyvalue.KeyValueContainer (KeyValueContainer.java:flushAndSyncDB(436)) - Container 1 is synced with bcsId 0.
2022-10-13 11:44:28,503 [Command processor thread] INFO  keyvalue.KeyValueContainer (KeyValueContainer.java:close(351)) - Container 1 is closed with bcsId 0.
2022-10-13 11:44:28,505 [FixedThreadPoolWithAffinityExecutor-9-0] INFO  container.IncrementalContainerReportHandler (AbstractContainerReportHandler.java:updateContainerState(292)) - Moving container #1 to CLOSED state, datanode 7bf9862a-bc69-4cc0-99fb-78386598ce26{ip: 10.1.0.200, host: fv-az91-750.1u4dveb1r3ruphbftqvtwhitpc.gx.internal.cloudapp.net, ports: [REPLICATION=40183, RATIS=43955, RATIS_ADMIN=43955, RATIS_SERVER=43955, STANDALONE=41635], networkLocation: /default-rack, certSerialId: null, persistedOpState: IN_SERVICE, persistedOpStateExpiryEpochSec: 0} reported CLOSED replica.
2022-10-13 11:44:28,534 [Listener at 127.0.0.1/33933] INFO  replication.ReplicationManager (ReplicationManager.java:stop(257)) - Stopping Replication Monitor Thread.
2022-10-13 11:44:28,536 [Under Replicated Processor] WARN  replication.UnderReplicatedProcessor (UnderReplicatedProcessor.java:run(148)) - Under Replicated Processor interrupted. Exiting...
2022-10-13 11:44:28,536 [ReplicationMonitor] INFO  replication.ReplicationManager (ReplicationManager.java:run(509)) - Replication Monitor Thread is stopped
2022-10-13 11:44:28,536 [Over Replicated Processor] WARN  replication.OverReplicatedProcessor (OverReplicatedProcessor.java:run(137)) - Over Replicated Processor interrupted. Exiting...
2022-10-13 11:44:28,943 [grpc-default-executor-0] WARN  server.GrpcLogAppender (LogUtils.java:warn(122)) - 7bf9862a-bc69-4cc0-99fb-78386598ce26@group-328AF021BE98->5a62ffe2-9c96-4fd5-b7f5-bdbfc1f4ab24-AppendLogResponseHandler: Failed appendEntries: org.apache.ratis.thirdparty.io.grpc.StatusRuntimeException: UNAVAILABLE: io exception
2022-10-13 11:44:28,944 [grpc-default-executor-0] WARN  server.GrpcLogAppender (GrpcLogAppender.java:resetClient(111)) - 7bf9862a-bc69-4cc0-99fb-78386598ce26@group-328AF021BE98->5a62ffe2-9c96-4fd5-b7f5-bdbfc1f4ab24-GrpcLogAppender: Leader has not got in touch with Follower 7bf9862a-bc69-4cc0-99fb-78386598ce26@group-328AF021BE98->5a62ffe2-9c96-4fd5-b7f5-bdbfc1f4ab24(c-1,m0,n1, attendVote=true, lastRpcSendTime=1251, lastRpcResponseTime=7717) yet, just keep nextIndex unchanged and retry.
2022-10-13 11:44:29,927 [EventQueue-DeadNodeForDeadNodeHandler] INFO  node.DeadNodeHandler (DeadNodeHandler.java:onMessage(81)) - A dead datanode is detected. 5a62ffe2-9c96-4fd5-b7f5-bdbfc1f4ab24{ip: 10.1.0.200, host: fv-az91-750.1u4dveb1r3ruphbftqvtwhitpc.gx.internal.cloudapp.net, ports: [REPLICATION=44935, RATIS=37863, RATIS_ADMIN=37863, RATIS_SERVER=37863, STANDALONE=43611], networkLocation: /default-rack, certSerialId: null, persistedOpState: IN_SERVICE, persistedOpStateExpiryEpochSec: 0}
2022-10-13 11:44:29,928 [EventQueue-DeadNodeForDeadNodeHandler] INFO  pipeline.RatisPipelineProvider (RatisPipelineProvider.java:lambda$close$1(244)) - Send pipeline:PipelineID=59eb9f05-6f25-4e47-9243-eb990d781ef8 close command to datanode 5a62ffe2-9c96-4fd5-b7f5-bdbfc1f4ab24
2022-10-13 11:44:29,929 [EventQueue-DeadNodeForDeadNodeHandler] INFO  pipeline.PipelineStateManagerImpl (PipelineStateManagerImpl.java:removePipeline(245)) - Pipeline Pipeline[ Id: 59eb9f05-6f25-4e47-9243-eb990d781ef8, Nodes: 5a62ffe2-9c96-4fd5-b7f5-bdbfc1f4ab24{ip: 10.1.0.200, host: fv-az91-750.1u4dveb1r3ruphbftqvtwhitpc.gx.internal.cloudapp.net, ports: [REPLICATION=44935, RATIS=37863, RATIS_ADMIN=37863, RATIS_SERVER=37863, STANDALONE=43611], networkLocation: /default-rack, certSerialId: null, persistedOpState: IN_SERVICE, persistedOpStateExpiryEpochSec: 0}, ReplicationConfig: RATIS/ONE, State:CLOSED, leaderId:5a62ffe2-9c96-4fd5-b7f5-bdbfc1f4ab24, CreationTimestamp2022-10-13T11:44:13.047Z[Etc/UTC]] removed.
2022-10-13 11:44:29,929 [EventQueue-DeadNodeForDeadNodeHandler] INFO  pipeline.PipelineStateManagerImpl (PipelineStateManagerImpl.java:removePipeline(245)) - Pipeline Pipeline[ Id: c8a45070-301b-486f-84a4-649f9f0c6de1, Nodes: 5a62ffe2-9c96-4fd5-b7f5-bdbfc1f4ab24{ip: 10.1.0.200, host: fv-az91-750.1u4dveb1r3ruphbftqvtwhitpc.gx.internal.cloudapp.net, ports: [REPLICATION=44935, RATIS=37863, RATIS_ADMIN=37863, RATIS_SERVER=37863, STANDALONE=43611], networkLocation: /default-rack, certSerialId: null, persistedOpState: null, persistedOpStateExpiryEpochSec: 0}5a2944c9-75d7-4a8d-9ead-f995138127cc{ip: 10.1.0.200, host: fv-az91-750.1u4dveb1r3ruphbftqvtwhitpc.gx.internal.cloudapp.net, ports: [REPLICATION=42491, RATIS=42797, RATIS_ADMIN=42797, RATIS_SERVER=42797, STANDALONE=35485], networkLocation: /default-rack, certSerialId: null, persistedOpState: null, persistedOpStateExpiryEpochSec: 0}febd5d2c-72de-44b7-b010-e5e9acc30848{ip: 10.1.0.200, host: fv-az91-750.1u4dveb1r3ruphbftqvtwhitpc.gx.internal.cloudapp.net, ports: [REPLICATION=35257, RATIS=36903, RATIS_ADMIN=36903, RATIS_SERVER=36903, STANDALONE=39839], networkLocation: /default-rack, certSerialId: null, persistedOpState: null, persistedOpStateExpiryEpochSec: 0}1c12248a-391b-407f-adc5-34f451ebab0a{ip: 10.1.0.200, host: fv-az91-750.1u4dveb1r3ruphbftqvtwhitpc.gx.internal.cloudapp.net, ports: [REPLICATION=34569, RATIS=39277, RATIS_ADMIN=39277, RATIS_SERVER=39277, STANDALONE=37067], networkLocation: /default-rack, certSerialId: null, persistedOpState: null, persistedOpStateExpiryEpochSec: 0}7bf9862a-bc69-4cc0-99fb-78386598ce26{ip: 10.1.0.200, host: fv-az91-750.1u4dveb1r3ruphbftqvtwhitpc.gx.internal.cloudapp.net, ports: [REPLICATION=40183, RATIS=43955, RATIS_ADMIN=43955, RATIS_SERVER=43955, STANDALONE=41635], networkLocation: /default-rack, certSerialId: null, persistedOpState: null, persistedOpStateExpiryEpochSec: 0}, ReplicationConfig: EC/ECReplicationConfig{data=3, parity=2, ecChunkSize=1024, codec=rs}, State:CLOSED, leaderId:, CreationTimestamp2022-10-13T11:44:23.449Z[Etc/UTC]] removed.
2022-10-13 11:44:29,929 [EventQueue-DeadNodeForDeadNodeHandler] INFO  pipeline.RatisPipelineProvider (RatisPipelineProvider.java:lambda$close$1(244)) - Send pipeline:PipelineID=39f242bf-157f-4c7d-8f01-4cfc337056ee close command to datanode 5a62ffe2-9c96-4fd5-b7f5-bdbfc1f4ab24
2022-10-13 11:44:29,929 [EventQueue-DeadNodeForDeadNodeHandler] INFO  pipeline.RatisPipelineProvider (RatisPipelineProvider.java:lambda$close$1(244)) - Send pipeline:PipelineID=39f242bf-157f-4c7d-8f01-4cfc337056ee close command to datanode 458f4e14-7f73-425f-a1e6-d20318ddd1ae
2022-10-13 11:44:29,929 [EventQueue-DeadNodeForDeadNodeHandler] INFO  pipeline.RatisPipelineProvider (RatisPipelineProvider.java:lambda$close$1(244)) - Send pipeline:PipelineID=39f242bf-157f-4c7d-8f01-4cfc337056ee close command to datanode 7bf9862a-bc69-4cc0-99fb-78386598ce26
2022-10-13 11:44:29,930 [EventQueue-DeadNodeForDeadNodeHandler] INFO  pipeline.PipelineStateManagerImpl (PipelineStateManagerImpl.java:removePipeline(245)) - Pipeline Pipeline[ Id: 39f242bf-157f-4c7d-8f01-4cfc337056ee, Nodes: 5a62ffe2-9c96-4fd5-b7f5-bdbfc1f4ab24{ip: 10.1.0.200, host: fv-az91-750.1u4dveb1r3ruphbftqvtwhitpc.gx.internal.cloudapp.net, ports: [REPLICATION=44935, RATIS=37863, RATIS_ADMIN=37863, RATIS_SERVER=37863, STANDALONE=43611], networkLocation: /default-rack, certSerialId: null, persistedOpState: IN_SERVICE, persistedOpStateExpiryEpochSec: 0}458f4e14-7f73-425f-a1e6-d20318ddd1ae{ip: 10.1.0.200, host: fv-az91-750.1u4dveb1r3ruphbftqvtwhitpc.gx.internal.cloudapp.net, ports: [REPLICATION=39531, RATIS=33873, RATIS_ADMIN=33873, RATIS_SERVER=33873, STANDALONE=36513], networkLocation: /default-rack, certSerialId: null, persistedOpState: IN_SERVICE, persistedOpStateExpiryEpochSec: 0}7bf9862a-bc69-4cc0-99fb-78386598ce26{ip: 10.1.0.200, host: fv-az91-750.1u4dveb1r3ruphbftqvtwhitpc.gx.internal.cloudapp.net, ports: [REPLICATION=40183, RATIS=43955, RATIS_ADMIN=43955, RATIS_SERVER=43955, STANDALONE=41635], networkLocation: /default-rack, certSerialId: null, persistedOpState: IN_SERVICE, persistedOpStateExpiryEpochSec: 0}, ReplicationConfig: RATIS/THREE, State:CLOSED, leaderId:, CreationTimestamp2022-10-13T11:44:13.440Z[Etc/UTC]] removed.
2022-10-13 11:44:29,930 [EventQueue-DeadNodeForDeadNodeHandler] INFO  pipeline.RatisPipelineProvider (RatisPipelineProvider.java:lambda$close$1(244)) - Send pipeline:PipelineID=cb0b0140-87f3-4bee-899a-328af021be98 close command to datanode 5a62ffe2-9c96-4fd5-b7f5-bdbfc1f4ab24
2022-10-13 11:44:29,930 [EventQueue-DeadNodeForDeadNodeHandler] INFO  pipeline.RatisPipelineProvider (RatisPipelineProvider.java:lambda$close$1(244)) - Send pipeline:PipelineID=cb0b0140-87f3-4bee-899a-328af021be98 close command to datanode 7bf9862a-bc69-4cc0-99fb-78386598ce26
2022-10-13 11:44:29,930 [EventQueue-DeadNodeForDeadNodeHandler] INFO  pipeline.RatisPipelineProvider (RatisPipelineProvider.java:lambda$close$1(244)) - Send pipeline:PipelineID=cb0b0140-87f3-4bee-899a-328af021be98 close command to datanode 458f4e14-7f73-425f-a1e6-d20318ddd1ae
2022-10-13 11:44:29,930 [EventQueue-DeadNodeForDeadNodeHandler] INFO  pipeline.PipelineStateManagerImpl (PipelineStateManagerImpl.java:removePipeline(245)) - Pipeline Pipeline[ Id: cb0b0140-87f3-4bee-899a-328af021be98, Nodes: 5a62ffe2-9c96-4fd5-b7f5-bdbfc1f4ab24{ip: 10.1.0.200, host: fv-az91-750.1u4dveb1r3ruphbftqvtwhitpc.gx.internal.cloudapp.net, ports: [REPLICATION=44935, RATIS=37863, RATIS_ADMIN=37863, RATIS_SERVER=37863, STANDALONE=43611], networkLocation: /default-rack, certSerialId: null, persistedOpState: IN_SERVICE, persistedOpStateExpiryEpochSec: 0}7bf9862a-bc69-4cc0-99fb-78386598ce26{ip: 10.1.0.200, host: fv-az91-750.1u4dveb1r3ruphbftqvtwhitpc.gx.internal.cloudapp.net, ports: [REPLICATION=40183, RATIS=43955, RATIS_ADMIN=43955, RATIS_SERVER=43955, STANDALONE=41635], networkLocation: /default-rack, certSerialId: null, persistedOpState: IN_SERVICE, persistedOpStateExpiryEpochSec: 0}458f4e14-7f73-425f-a1e6-d20318ddd1ae{ip: 10.1.0.200, host: fv-az91-750.1u4dveb1r3ruphbftqvtwhitpc.gx.internal.cloudapp.net, ports: [REPLICATION=39531, RATIS=33873, RATIS_ADMIN=33873, RATIS_SERVER=33873, STANDALONE=36513], networkLocation: /default-rack, certSerialId: null, persistedOpState: IN_SERVICE, persistedOpStateExpiryEpochSec: 0}, ReplicationConfig: RATIS/THREE, State:CLOSED, leaderId:7bf9862a-bc69-4cc0-99fb-78386598ce26, CreationTimestamp2022-10-13T11:44:13.442Z[Etc/UTC]] removed.
2022-10-13 11:44:29,932 [EventQueue-DeadNodeForDeadNodeHandler] INFO  net.NetworkTopologyImpl (NetworkTopologyImpl.java:remove(190)) - Removed a node: /default-rack/5a62ffe2-9c96-4fd5-b7f5-bdbfc1f4ab24
2022-10-13 11:44:29,939 [Listener at 127.0.0.1/33933] INFO  replication.ReplicationManager (ReplicationManager.java:start(223)) - Starting Replication Monitor Thread.
2022-10-13 11:44:29,942 [Under Replicated Processor] INFO  replication.UnderReplicatedProcessor (UnderReplicatedProcessor.java:processAll(92)) - Processed 0 under replicated containers, failed processing 0
2022-10-13 11:44:29,960 [ReplicationMonitor] INFO  replication.ReplicationManager (ReplicationManager.java:sendCloseContainerReplicaCommand(467)) - Sending close container command for container #1 to datanode febd5d2c-72de-44b7-b010-e5e9acc30848{ip: 10.1.0.200, host: fv-az91-750.1u4dveb1r3ruphbftqvtwhitpc.gx.internal.cloudapp.net, ports: [REPLICATION=35257, RATIS=36903, RATIS_ADMIN=36903, RATIS_SERVER=36903, STANDALONE=39839], networkLocation: /default-rack, certSerialId: null, persistedOpState: IN_SERVICE, persistedOpStateExpiryEpochSec: 0}.
2022-10-13 11:44:29,960 [ReplicationMonitor] INFO  replication.ReplicationManager (ReplicationManager.java:sendCloseContainerReplicaCommand(467)) - Sending close container command for container #1 to datanode 5a2944c9-75d7-4a8d-9ead-f995138127cc{ip: 10.1.0.200, host: fv-az91-750.1u4dveb1r3ruphbftqvtwhitpc.gx.internal.cloudapp.net, ports: [REPLICATION=42491, RATIS=42797, RATIS_ADMIN=42797, RATIS_SERVER=42797, STANDALONE=35485], networkLocation: /default-rack, certSerialId: null, persistedOpState: IN_SERVICE, persistedOpStateExpiryEpochSec: 0}.
2022-10-13 11:44:29,960 [ReplicationMonitor] INFO  replication.ReplicationManager (ReplicationManager.java:sendCloseContainerReplicaCommand(467)) - Sending close container command for container #1 to datanode 1c12248a-391b-407f-adc5-34f451ebab0a{ip: 10.1.0.200, host: fv-az91-750.1u4dveb1r3ruphbftqvtwhitpc.gx.internal.cloudapp.net, ports: [REPLICATION=34569, RATIS=39277, RATIS_ADMIN=39277, RATIS_SERVER=39277, STANDALONE=37067], networkLocation: /default-rack, certSerialId: null, persistedOpState: IN_SERVICE, persistedOpStateExpiryEpochSec: 0}.
2022-10-13 11:44:29,960 [ReplicationMonitor] INFO  replication.ReplicationManager (ReplicationManager.java:processAll(324)) - Replication Monitor Thread took 11 milliseconds for processing 1 containers.
2022-10-13 11:44:29,949 [Command processor thread] INFO  keyvalue.KeyValueContainer (KeyValueContainer.java:flushAndSyncDB(436)) - Container 1 is synced with bcsId 0.
2022-10-13 11:44:29,961 [Command processor thread] INFO  keyvalue.KeyValueContainer (KeyValueContainer.java:flushAndSyncDB(436)) - Container 1 is synced with bcsId 0.
2022-10-13 11:44:29,966 [Over Replicated Processor] INFO  replication.OverReplicatedProcessor (OverReplicatedProcessor.java:processAll(90)) - Processed 0 over replicated containers, failed processing 0
2022-10-13 11:44:29,966 [Command processor thread] INFO  keyvalue.KeyValueContainer (KeyValueContainer.java:flushAndSyncDB(436)) - Container 1 is synced with bcsId 0.
2022-10-13 11:44:29,966 [Command processor thread] INFO  keyvalue.KeyValueContainer (KeyValueContainer.java:flushAndSyncDB(436)) - Container 1 is synced with bcsId 0.
2022-10-13 11:44:29,966 [Command processor thread] INFO  keyvalue.KeyValueContainer (KeyValueContainer.java:flushAndSyncDB(436)) - Container 1 is synced with bcsId 0.
2022-10-13 11:44:29,966 [Command processor thread] INFO  keyvalue.KeyValueContainer (KeyValueContainer.java:flushAndSyncDB(436)) - Container 1 is synced with bcsId 0.
2022-10-13 11:44:29,970 [Command processor thread] INFO  keyvalue.KeyValueContainer (KeyValueContainer.java:close(351)) - Container 1 is closed with bcsId 0.
2022-10-13 11:44:29,970 [Command processor thread] INFO  keyvalue.KeyValueContainer (KeyValueContainer.java:close(351)) - Container 1 is closed with bcsId 0.
2022-10-13 11:44:29,977 [Command processor thread] INFO  keyvalue.KeyValueContainer (KeyValueContainer.java:close(351)) - Container 1 is closed with bcsId 0.
2022-10-13 11:44:30,195 [grpc-default-executor-1] WARN  server.GrpcLogAppender (LogUtils.java:warn(122)) - 7bf9862a-bc69-4cc0-99fb-78386598ce26@group-328AF021BE98->5a62ffe2-9c96-4fd5-b7f5-bdbfc1f4ab24-AppendLogResponseHandler: Failed appendEntries: org.apache.ratis.thirdparty.io.grpc.StatusRuntimeException: UNAVAILABLE: io exception
2022-10-13 11:44:30,196 [grpc-default-executor-1] WARN  server.GrpcLogAppender (GrpcLogAppender.java:resetClient(111)) - 7bf9862a-bc69-4cc0-99fb-78386598ce26@group-328AF021BE98->5a62ffe2-9c96-4fd5-b7f5-bdbfc1f4ab24-GrpcLogAppender: Leader has not got in touch with Follower 7bf9862a-bc69-4cc0-99fb-78386598ce26@group-328AF021BE98->5a62ffe2-9c96-4fd5-b7f5-bdbfc1f4ab24(c-1,m0,n1, attendVote=true, lastRpcSendTime=0, lastRpcResponseTime=8969) yet, just keep nextIndex unchanged and retry.
2022-10-13 11:44:30,917 [7bf9862a-bc69-4cc0-99fb-78386598ce26@group-4CFC337056EE-FollowerState] INFO  impl.FollowerState (FollowerState.java:run(143)) - 7bf9862a-bc69-4cc0-99fb-78386598ce26@group-4CFC337056EE-FollowerState: change to CANDIDATE, lastRpcElapsedTime:5010122234ns, electionTimeout:5009ms
2022-10-13 11:44:30,917 [7bf9862a-bc69-4cc0-99fb-78386598ce26@group-4CFC337056EE-FollowerState] INFO  impl.RoleInfo (RoleInfo.java:shutdownFollowerState(110)) - 7bf9862a-bc69-4cc0-99fb-78386598ce26: shutdown 7bf9862a-bc69-4cc0-99fb-78386598ce26@group-4CFC337056EE-FollowerState
2022-10-13 11:44:30,917 [7bf9862a-bc69-4cc0-99fb-78386598ce26@group-4CFC337056EE-FollowerState] INFO  server.RaftServer$Division (RaftServerImpl.java:setRole(299)) - 7bf9862a-bc69-4cc0-99fb-78386598ce26@group-4CFC337056EE: changes role from  FOLLOWER to CANDIDATE at term 2 for changeToCandidate
2022-10-13 11:44:30,917 [7bf9862a-bc69-4cc0-99fb-78386598ce26@group-4CFC337056EE-FollowerState] INFO  server.RaftServerConfigKeys (ConfUtils.java:logGet(46)) - raft.server.leaderelection.pre-vote = false (custom)
2022-10-13 11:44:30,917 [7bf9862a-bc69-4cc0-99fb-78386598ce26@group-4CFC337056EE-FollowerState] INFO  impl.RoleInfo (RoleInfo.java:updateAndGet(139)) - 7bf9862a-bc69-4cc0-99fb-78386598ce26: start 7bf9862a-bc69-4cc0-99fb-78386598ce26@group-4CFC337056EE-LeaderElection28
2022-10-13 11:44:30,921 [7bf9862a-bc69-4cc0-99fb-78386598ce26@group-4CFC337056EE-LeaderElection28] INFO  impl.LeaderElection (LeaderElection.java:askForVotes(310)) - 7bf9862a-bc69-4cc0-99fb-78386598ce26@group-4CFC337056EE-LeaderElection28 ELECTION round 0: submit vote requests at term 3 for -1: [5a62ffe2-9c96-4fd5-b7f5-bdbfc1f4ab24|rpc:10.1.0.200:37863|priority:0, 7bf9862a-bc69-4cc0-99fb-78386598ce26|rpc:10.1.0.200:43955|priority:0, 458f4e14-7f73-425f-a1e6-d20318ddd1ae|rpc:10.1.0.200:33873|priority:1], old=null
2022-10-13 11:44:30,922 [7bf9862a-bc69-4cc0-99fb-78386598ce26@group-4CFC337056EE-LeaderElection28] INFO  impl.LeaderElection (LogUtils.java:infoOrTrace(137)) - 7bf9862a-bc69-4cc0-99fb-78386598ce26@group-4CFC337056EE-LeaderElection28 got exception when requesting votes: java.util.concurrent.ExecutionException: org.apache.ratis.thirdparty.io.grpc.StatusRuntimeException: UNAVAILABLE: io exception
2022-10-13 11:44:30,925 [grpc-default-executor-1] INFO  server.RaftServer$Division (RaftServerImpl.java:requestVote(1152)) - 458f4e14-7f73-425f-a1e6-d20318ddd1ae@group-4CFC337056EE: receive requestVote(ELECTION, 7bf9862a-bc69-4cc0-99fb-78386598ce26, group-4CFC337056EE, 3, (t:0, i:0))
2022-10-13 11:44:30,926 [grpc-default-executor-1] INFO  impl.VoteContext (VoteContext.java:log(48)) - 458f4e14-7f73-425f-a1e6-d20318ddd1ae@group-4CFC337056EE-FOLLOWER: reject ELECTION from 7bf9862a-bc69-4cc0-99fb-78386598ce26: our priority 1 > candidate's priority 0
2022-10-13 11:44:30,927 [grpc-default-executor-1] INFO  server.RaftServer$Division (RaftServerImpl.java:setRole(299)) - 458f4e14-7f73-425f-a1e6-d20318ddd1ae@group-4CFC337056EE: changes role from  FOLLOWER to FOLLOWER at term 3 for candidate:7bf9862a-bc69-4cc0-99fb-78386598ce26
2022-10-13 11:44:30,927 [grpc-default-executor-1] INFO  impl.RoleInfo (RoleInfo.java:shutdownFollowerState(110)) - 458f4e14-7f73-425f-a1e6-d20318ddd1ae: shutdown 458f4e14-7f73-425f-a1e6-d20318ddd1ae@group-4CFC337056EE-FollowerState
2022-10-13 11:44:30,927 [grpc-default-executor-1] INFO  impl.RoleInfo (RoleInfo.java:updateAndGet(139)) - 458f4e14-7f73-425f-a1e6-d20318ddd1ae: start 458f4e14-7f73-425f-a1e6-d20318ddd1ae@group-4CFC337056EE-FollowerState
2022-10-13 11:44:30,927 [458f4e14-7f73-425f-a1e6-d20318ddd1ae@group-4CFC337056EE-FollowerState] INFO  impl.FollowerState (FollowerState.java:run(152)) - 458f4e14-7f73-425f-a1e6-d20318ddd1ae@group-4CFC337056EE-FollowerState was interrupted
2022-10-13 11:44:30,930 [grpc-default-executor-1] INFO  server.RaftServer$Division (RaftServerImpl.java:requestVote(1184)) - 458f4e14-7f73-425f-a1e6-d20318ddd1ae@group-4CFC337056EE replies to ELECTION vote request: 7bf9862a-bc69-4cc0-99fb-78386598ce26<-458f4e14-7f73-425f-a1e6-d20318ddd1ae#0:FAIL-t3. Peer's state: 458f4e14-7f73-425f-a1e6-d20318ddd1ae@group-4CFC337056EE:t3, leader=null, voted=null, raftlog=458f4e14-7f73-425f-a1e6-d20318ddd1ae@group-4CFC337056EE-SegmentedRaftLog:OPENED:c-1, conf=-1: [5a62ffe2-9c96-4fd5-b7f5-bdbfc1f4ab24|rpc:10.1.0.200:37863|dataStream:|priority:0, 7bf9862a-bc69-4cc0-99fb-78386598ce26|rpc:10.1.0.200:43955|dataStream:|priority:0, 458f4e14-7f73-425f-a1e6-d20318ddd1ae|rpc:10.1.0.200:33873|dataStream:|priority:1], old=null
2022-10-13 11:44:30,933 [7bf9862a-bc69-4cc0-99fb-78386598ce26@group-4CFC337056EE-LeaderElection28] INFO  impl.LeaderElection (LeaderElection.java:logAndReturn(90)) - 7bf9862a-bc69-4cc0-99fb-78386598ce26@group-4CFC337056EE-LeaderElection28: ELECTION REJECTED received 1 response(s) and 1 exception(s):
2022-10-13 11:44:30,933 [7bf9862a-bc69-4cc0-99fb-78386598ce26@group-4CFC337056EE-LeaderElection28] INFO  impl.LeaderElection (LeaderElection.java:logAndReturn(94)) -   Response 0: 7bf9862a-bc69-4cc0-99fb-78386598ce26<-458f4e14-7f73-425f-a1e6-d20318ddd1ae#0:FAIL-t3
2022-10-13 11:44:30,934 [7bf9862a-bc69-4cc0-99fb-78386598ce26@group-4CFC337056EE-LeaderElection28] INFO  impl.LeaderElection (LogUtils.java:infoOrTrace(137)) -   Exception 1: java.util.concurrent.ExecutionException: org.apache.ratis.thirdparty.io.grpc.StatusRuntimeException: UNAVAILABLE: io exception
2022-10-13 11:44:30,934 [7bf9862a-bc69-4cc0-99fb-78386598ce26@group-4CFC337056EE-LeaderElection28] INFO  impl.LeaderElection (LeaderElection.java:askForVotes(312)) - 7bf9862a-bc69-4cc0-99fb-78386598ce26@group-4CFC337056EE-LeaderElection28 ELECTION round 0: result REJECTED
2022-10-13 11:44:30,934 [7bf9862a-bc69-4cc0-99fb-78386598ce26@group-4CFC337056EE-LeaderElection28] INFO  server.RaftServer$Division (RaftServerImpl.java:setRole(299)) - 7bf9862a-bc69-4cc0-99fb-78386598ce26@group-4CFC337056EE: changes role from CANDIDATE to FOLLOWER at term 3 for REJECTED
2022-10-13 11:44:30,934 [7bf9862a-bc69-4cc0-99fb-78386598ce26@group-4CFC337056EE-LeaderElection28] INFO  impl.RoleInfo (RoleInfo.java:shutdownLeaderElection(130)) - 7bf9862a-bc69-4cc0-99fb-78386598ce26: shutdown 7bf9862a-bc69-4cc0-99fb-78386598ce26@group-4CFC337056EE-LeaderElection28
2022-10-13 11:44:30,934 [7bf9862a-bc69-4cc0-99fb-78386598ce26@group-4CFC337056EE-LeaderElection28] INFO  impl.RoleInfo (RoleInfo.java:updateAndGet(139)) - 7bf9862a-bc69-4cc0-99fb-78386598ce26: start 7bf9862a-bc69-4cc0-99fb-78386598ce26@group-4CFC337056EE-FollowerState
2022-10-13 11:44:31,446 [grpc-default-executor-1] WARN  server.GrpcLogAppender (LogUtils.java:warn(122)) - 7bf9862a-bc69-4cc0-99fb-78386598ce26@group-328AF021BE98->5a62ffe2-9c96-4fd5-b7f5-bdbfc1f4ab24-AppendLogResponseHandler: Failed appendEntries: org.apache.ratis.thirdparty.io.grpc.StatusRuntimeException: UNAVAILABLE: io exception
2022-10-13 11:44:31,447 [grpc-default-executor-1] WARN  server.GrpcLogAppender (GrpcLogAppender.java:resetClient(111)) - 7bf9862a-bc69-4cc0-99fb-78386598ce26@group-328AF021BE98->5a62ffe2-9c96-4fd5-b7f5-bdbfc1f4ab24-GrpcLogAppender: Leader has not got in touch with Follower 7bf9862a-bc69-4cc0-99fb-78386598ce26@group-328AF021BE98->5a62ffe2-9c96-4fd5-b7f5-bdbfc1f4ab24(c-1,m0,n1, attendVote=true, lastRpcSendTime=0, lastRpcResponseTime=10219) yet, just keep nextIndex unchanged and retry.
2022-10-13 11:44:32,209 [cc783127-5661-4bf3-9a81-5237862e92f6@group-D73006B0921B-FollowerState] INFO  impl.FollowerState (FollowerState.java:run(143)) - cc783127-5661-4bf3-9a81-5237862e92f6@group-D73006B0921B-FollowerState: change to CANDIDATE, lastRpcElapsedTime:5089476472ns, electionTimeout:5087ms
2022-10-13 11:44:32,209 [cc783127-5661-4bf3-9a81-5237862e92f6@group-D73006B0921B-FollowerState] INFO  impl.RoleInfo (RoleInfo.java:shutdownFollowerState(110)) - cc783127-5661-4bf3-9a81-5237862e92f6: shutdown cc783127-5661-4bf3-9a81-5237862e92f6@group-D73006B0921B-FollowerState
2022-10-13 11:44:32,209 [cc783127-5661-4bf3-9a81-5237862e92f6@group-D73006B0921B-FollowerState] INFO  server.RaftServer$Division (RaftServerImpl.java:setRole(299)) - cc783127-5661-4bf3-9a81-5237862e92f6@group-D73006B0921B: changes role from  FOLLOWER to CANDIDATE at term 2 for changeToCandidate
2022-10-13 11:44:32,209 [cc783127-5661-4bf3-9a81-5237862e92f6@group-D73006B0921B-FollowerState] INFO  server.RaftServerConfigKeys (ConfUtils.java:logGet(46)) - raft.server.leaderelection.pre-vote = false (custom)
2022-10-13 11:44:32,209 [cc783127-5661-4bf3-9a81-5237862e92f6@group-D73006B0921B-FollowerState] INFO  impl.RoleInfo (RoleInfo.java:updateAndGet(139)) - cc783127-5661-4bf3-9a81-5237862e92f6: start cc783127-5661-4bf3-9a81-5237862e92f6@group-D73006B0921B-LeaderElection29
2022-10-13 11:44:32,217 [cc783127-5661-4bf3-9a81-5237862e92f6@group-D73006B0921B-LeaderElection29] INFO  impl.LeaderElection (LeaderElection.java:askForVotes(310)) - cc783127-5661-4bf3-9a81-5237862e92f6@group-D73006B0921B-LeaderElection29 ELECTION round 0: submit vote requests at term 3 for -1: [cc783127-5661-4bf3-9a81-5237862e92f6|rpc:10.1.0.200:38555|dataStream:|priority:0, 1c12248a-391b-407f-adc5-34f451ebab0a|rpc:10.1.0.200:39277|dataStream:|priority:1, 5a2944c9-75d7-4a8d-9ead-f995138127cc|rpc:10.1.0.200:42797|dataStream:|priority:0], old=null
2022-10-13 11:44:32,220 [grpc-default-executor-0] INFO  server.RaftServer$Division (RaftServerImpl.java:requestVote(1152)) - 1c12248a-391b-407f-adc5-34f451ebab0a@group-D73006B0921B: receive requestVote(ELECTION, cc783127-5661-4bf3-9a81-5237862e92f6, group-D73006B0921B, 3, (t:0, i:0))
2022-10-13 11:44:32,220 [grpc-default-executor-0] INFO  impl.VoteContext (VoteContext.java:log(48)) - 1c12248a-391b-407f-adc5-34f451ebab0a@group-D73006B0921B-FOLLOWER: reject ELECTION from cc783127-5661-4bf3-9a81-5237862e92f6: our priority 1 > candidate's priority 0
2022-10-13 11:44:32,220 [grpc-default-executor-0] INFO  server.RaftServer$Division (RaftServerImpl.java:setRole(299)) - 1c12248a-391b-407f-adc5-34f451ebab0a@group-D73006B0921B: changes role from  FOLLOWER to FOLLOWER at term 3 for candidate:cc783127-5661-4bf3-9a81-5237862e92f6
2022-10-13 11:44:32,220 [grpc-default-executor-0] INFO  impl.RoleInfo (RoleInfo.java:shutdownFollowerState(110)) - 1c12248a-391b-407f-adc5-34f451ebab0a: shutdown 1c12248a-391b-407f-adc5-34f451ebab0a@group-D73006B0921B-FollowerState
2022-10-13 11:44:32,220 [grpc-default-executor-0] INFO  impl.RoleInfo (RoleInfo.java:updateAndGet(139)) - 1c12248a-391b-407f-adc5-34f451ebab0a: start 1c12248a-391b-407f-adc5-34f451ebab0a@group-D73006B0921B-FollowerState
2022-10-13 11:44:32,220 [1c12248a-391b-407f-adc5-34f451ebab0a@group-D73006B0921B-FollowerState] INFO  impl.FollowerState (FollowerState.java:run(152)) - 1c12248a-391b-407f-adc5-34f451ebab0a@group-D73006B0921B-FollowerState was interrupted
2022-10-13 11:44:32,223 [grpc-default-executor-1] INFO  server.RaftServer$Division (RaftServerImpl.java:requestVote(1152)) - 5a2944c9-75d7-4a8d-9ead-f995138127cc@group-D73006B0921B: receive requestVote(ELECTION, cc783127-5661-4bf3-9a81-5237862e92f6, group-D73006B0921B, 3, (t:0, i:0))
2022-10-13 11:44:32,223 [grpc-default-executor-1] INFO  impl.VoteContext (VoteContext.java:log(48)) - 5a2944c9-75d7-4a8d-9ead-f995138127cc@group-D73006B0921B-FOLLOWER: accept ELECTION from cc783127-5661-4bf3-9a81-5237862e92f6: our priority 0 <= candidate's priority 0
2022-10-13 11:44:32,223 [grpc-default-executor-1] INFO  server.RaftServer$Division (RaftServerImpl.java:setRole(299)) - 5a2944c9-75d7-4a8d-9ead-f995138127cc@group-D73006B0921B: changes role from  FOLLOWER to FOLLOWER at term 3 for candidate:cc783127-5661-4bf3-9a81-5237862e92f6
2022-10-13 11:44:32,223 [grpc-default-executor-1] INFO  impl.RoleInfo (RoleInfo.java:shutdownFollowerState(110)) - 5a2944c9-75d7-4a8d-9ead-f995138127cc: shutdown 5a2944c9-75d7-4a8d-9ead-f995138127cc@group-D73006B0921B-FollowerState
2022-10-13 11:44:32,225 [grpc-default-executor-1] INFO  impl.RoleInfo (RoleInfo.java:updateAndGet(139)) - 5a2944c9-75d7-4a8d-9ead-f995138127cc: start 5a2944c9-75d7-4a8d-9ead-f995138127cc@group-D73006B0921B-FollowerState
2022-10-13 11:44:32,226 [5a2944c9-75d7-4a8d-9ead-f995138127cc@group-D73006B0921B-FollowerState] INFO  impl.FollowerState (FollowerState.java:run(152)) - 5a2944c9-75d7-4a8d-9ead-f995138127cc@group-D73006B0921B-FollowerState was interrupted
2022-10-13 11:44:32,227 [grpc-default-executor-0] INFO  server.RaftServer$Division (RaftServerImpl.java:requestVote(1184)) - 1c12248a-391b-407f-adc5-34f451ebab0a@group-D73006B0921B replies to ELECTION vote request: cc783127-5661-4bf3-9a81-5237862e92f6<-1c12248a-391b-407f-adc5-34f451ebab0a#0:FAIL-t3. Peer's state: 1c12248a-391b-407f-adc5-34f451ebab0a@group-D73006B0921B:t3, leader=null, voted=null, raftlog=1c12248a-391b-407f-adc5-34f451ebab0a@group-D73006B0921B-SegmentedRaftLog:OPENED:c-1, conf=-1: [cc783127-5661-4bf3-9a81-5237862e92f6|rpc:10.1.0.200:38555|priority:0, 1c12248a-391b-407f-adc5-34f451ebab0a|rpc:10.1.0.200:39277|priority:1, 5a2944c9-75d7-4a8d-9ead-f995138127cc|rpc:10.1.0.200:42797|priority:0], old=null
2022-10-13 11:44:32,228 [cc783127-5661-4bf3-9a81-5237862e92f6@group-D73006B0921B-LeaderElection29] INFO  impl.LeaderElection (LeaderElection.java:logAndReturn(90)) - cc783127-5661-4bf3-9a81-5237862e92f6@group-D73006B0921B-LeaderElection29: ELECTION REJECTED received 1 response(s) and 0 exception(s):
2022-10-13 11:44:32,228 [cc783127-5661-4bf3-9a81-5237862e92f6@group-D73006B0921B-LeaderElection29] INFO  impl.LeaderElection (LeaderElection.java:logAndReturn(94)) -   Response 0: cc783127-5661-4bf3-9a81-5237862e92f6<-1c12248a-391b-407f-adc5-34f451ebab0a#0:FAIL-t3
2022-10-13 11:44:32,228 [cc783127-5661-4bf3-9a81-5237862e92f6@group-D73006B0921B-LeaderElection29] INFO  impl.LeaderElection (LeaderElection.java:askForVotes(312)) - cc783127-5661-4bf3-9a81-5237862e92f6@group-D73006B0921B-LeaderElection29 ELECTION round 0: result REJECTED
2022-10-13 11:44:32,228 [cc783127-5661-4bf3-9a81-5237862e92f6@group-D73006B0921B-LeaderElection29] INFO  server.RaftServer$Division (RaftServerImpl.java:setRole(299)) - cc783127-5661-4bf3-9a81-5237862e92f6@group-D73006B0921B: changes role from CANDIDATE to FOLLOWER at term 3 for REJECTED
2022-10-13 11:44:32,228 [cc783127-5661-4bf3-9a81-5237862e92f6@group-D73006B0921B-LeaderElection29] INFO  impl.RoleInfo (RoleInfo.java:shutdownLeaderElection(130)) - cc783127-5661-4bf3-9a81-5237862e92f6: shutdown cc783127-5661-4bf3-9a81-5237862e92f6@group-D73006B0921B-LeaderElection29
2022-10-13 11:44:32,228 [cc783127-5661-4bf3-9a81-5237862e92f6@group-D73006B0921B-LeaderElection29] INFO  impl.RoleInfo (RoleInfo.java:updateAndGet(139)) - cc783127-5661-4bf3-9a81-5237862e92f6: start cc783127-5661-4bf3-9a81-5237862e92f6@group-D73006B0921B-FollowerState
2022-10-13 11:44:32,231 [grpc-default-executor-1] INFO  server.RaftServer$Division (RaftServerImpl.java:requestVote(1184)) - 5a2944c9-75d7-4a8d-9ead-f995138127cc@group-D73006B0921B replies to ELECTION vote request: cc783127-5661-4bf3-9a81-5237862e92f6<-5a2944c9-75d7-4a8d-9ead-f995138127cc#0:OK-t3. Peer's state: 5a2944c9-75d7-4a8d-9ead-f995138127cc@group-D73006B0921B:t3, leader=null, voted=cc783127-5661-4bf3-9a81-5237862e92f6, raftlog=5a2944c9-75d7-4a8d-9ead-f995138127cc@group-D73006B0921B-SegmentedRaftLog:OPENED:c-1, conf=-1: [cc783127-5661-4bf3-9a81-5237862e92f6|rpc:10.1.0.200:38555|dataStream:|priority:0, 1c12248a-391b-407f-adc5-34f451ebab0a|rpc:10.1.0.200:39277|dataStream:|priority:1, 5a2944c9-75d7-4a8d-9ead-f995138127cc|rpc:10.1.0.200:42797|dataStream:|priority:0], old=null
2022-10-13 11:44:32,504 [Command processor thread] INFO  server.RaftServer (RaftServerProxy.java:remove(107)) - 7bf9862a-bc69-4cc0-99fb-78386598ce26: remove  FOLLOWER 7bf9862a-bc69-4cc0-99fb-78386598ce26@group-4CFC337056EE:t3, leader=null, voted=7bf9862a-bc69-4cc0-99fb-78386598ce26, raftlog=7bf9862a-bc69-4cc0-99fb-78386598ce26@group-4CFC337056EE-SegmentedRaftLog:OPENED:c-1, conf=-1: [5a62ffe2-9c96-4fd5-b7f5-bdbfc1f4ab24|rpc:10.1.0.200:37863|priority:0, 7bf9862a-bc69-4cc0-99fb-78386598ce26|rpc:10.1.0.200:43955|priority:0, 458f4e14-7f73-425f-a1e6-d20318ddd1ae|rpc:10.1.0.200:33873|priority:1], old=null RUNNING
2022-10-13 11:44:32,507 [Command processor thread] INFO  server.RaftServer$Division (RaftServerImpl.java:lambda$close$4(434)) - 7bf9862a-bc69-4cc0-99fb-78386598ce26@group-4CFC337056EE: shutdown
2022-10-13 11:44:32,507 [Command processor thread] INFO  util.JmxRegister (JmxRegister.java:unregister(73)) - Successfully un-registered JMX Bean with object name Ratis:service=RaftServer,group=group-4CFC337056EE,id=7bf9862a-bc69-4cc0-99fb-78386598ce26
2022-10-13 11:44:32,507 [Command processor thread] INFO  impl.RoleInfo (RoleInfo.java:shutdownFollowerState(110)) - 7bf9862a-bc69-4cc0-99fb-78386598ce26: shutdown 7bf9862a-bc69-4cc0-99fb-78386598ce26@group-4CFC337056EE-FollowerState
2022-10-13 11:44:32,507 [7bf9862a-bc69-4cc0-99fb-78386598ce26@group-4CFC337056EE-FollowerState] INFO  impl.FollowerState (FollowerState.java:run(152)) - 7bf9862a-bc69-4cc0-99fb-78386598ce26@group-4CFC337056EE-FollowerState was interrupted
2022-10-13 11:44:32,510 [Command processor thread] INFO  impl.StateMachineUpdater (StateMachineUpdater.java:stopAndJoin(153)) - 7bf9862a-bc69-4cc0-99fb-78386598ce26@group-4CFC337056EE-StateMachineUpdater: set stopIndex = -1
2022-10-13 11:44:32,512 [Command processor thread] INFO  server.RaftServer$Division (ServerState.java:close(429)) - 7bf9862a-bc69-4cc0-99fb-78386598ce26@group-4CFC337056EE: closes. applyIndex: -1
2022-10-13 11:44:32,512 [7bf9862a-bc69-4cc0-99fb-78386598ce26@group-4CFC337056EE-SegmentedRaftLogWorker] INFO  segmented.SegmentedRaftLogWorker (SegmentedRaftLogWorker.java:run(336)) - 7bf9862a-bc69-4cc0-99fb-78386598ce26@group-4CFC337056EE-SegmentedRaftLogWorker was interrupted, exiting. There are 0 tasks remaining in the queue.
2022-10-13 11:44:32,512 [Command processor thread] INFO  segmented.SegmentedRaftLogWorker (SegmentedRaftLogWorker.java:close(246)) - 7bf9862a-bc69-4cc0-99fb-78386598ce26@group-4CFC337056EE-SegmentedRaftLogWorker close()
2022-10-13 11:44:32,517 [Command processor thread] INFO  server.RaftServer$Division (RaftServerImpl.java:groupRemove(404)) - 7bf9862a-bc69-4cc0-99fb-78386598ce26@group-4CFC337056EE: Succeed to remove RaftStorageDirectory Storage Directory /home/runner/work/ozone/ozone/hadoop-ozone/integration-test/target/test-dir/MiniOzoneClusterImpl-da935fb3-9ce5-49ab-a67c-f4b3beb884ab/datanode-0/data/ratis/39f242bf-157f-4c7d-8f01-4cfc337056ee
2022-10-13 11:44:32,518 [Command processor thread] INFO  commandhandler.ClosePipelineCommandHandler (ClosePipelineCommandHandler.java:handle(78)) - Close Pipeline PipelineID=39f242bf-157f-4c7d-8f01-4cfc337056ee command on datanode 7bf9862a-bc69-4cc0-99fb-78386598ce26.
2022-10-13 11:44:32,519 [Command processor thread] INFO  server.RaftServer (RaftServerProxy.java:remove(107)) - 7bf9862a-bc69-4cc0-99fb-78386598ce26: remove    LEADER 7bf9862a-bc69-4cc0-99fb-78386598ce26@group-328AF021BE98:t2, leader=7bf9862a-bc69-4cc0-99fb-78386598ce26, voted=7bf9862a-bc69-4cc0-99fb-78386598ce26, raftlog=7bf9862a-bc69-4cc0-99fb-78386598ce26@group-328AF021BE98-SegmentedRaftLog:OPENED:c0, conf=0: [5a62ffe2-9c96-4fd5-b7f5-bdbfc1f4ab24|rpc:10.1.0.200:37863|dataStream:|priority:0, 7bf9862a-bc69-4cc0-99fb-78386598ce26|rpc:10.1.0.200:43955|dataStream:|priority:1, 458f4e14-7f73-425f-a1e6-d20318ddd1ae|rpc:10.1.0.200:33873|dataStream:|priority:0], old=null RUNNING
2022-10-13 11:44:32,519 [Command processor thread] INFO  server.RaftServer$Division (RaftServerImpl.java:lambda$close$4(434)) - 7bf9862a-bc69-4cc0-99fb-78386598ce26@group-328AF021BE98: shutdown
2022-10-13 11:44:32,519 [Command processor thread] INFO  util.JmxRegister (JmxRegister.java:unregister(73)) - Successfully un-registered JMX Bean with object name Ratis:service=RaftServer,group=group-328AF021BE98,id=7bf9862a-bc69-4cc0-99fb-78386598ce26
2022-10-13 11:44:32,519 [Command processor thread] INFO  impl.RoleInfo (RoleInfo.java:shutdownLeaderState(93)) - 7bf9862a-bc69-4cc0-99fb-78386598ce26: shutdown 7bf9862a-bc69-4cc0-99fb-78386598ce26@group-328AF021BE98-LeaderStateImpl
2022-10-13 11:44:32,522 [7bf9862a-bc69-4cc0-99fb-78386598ce26@group-328AF021BE98->458f4e14-7f73-425f-a1e6-d20318ddd1ae-GrpcLogAppender-LogAppenderDaemon] WARN  server.GrpcLogAppender (GrpcLogAppender.java:mayWait(171)) - 7bf9862a-bc69-4cc0-99fb-78386598ce26@group-328AF021BE98->458f4e14-7f73-425f-a1e6-d20318ddd1ae-GrpcLogAppender: Wait interrupted by java.lang.InterruptedException
2022-10-13 11:44:32,524 [grpc-default-executor-1] INFO  server.GrpcServerProtocolService (GrpcServerProtocolService.java:onCompleted(140)) - 458f4e14-7f73-425f-a1e6-d20318ddd1ae: Completed APPEND_ENTRIES, lastRequest: 7bf9862a-bc69-4cc0-99fb-78386598ce26->458f4e14-7f73-425f-a1e6-d20318ddd1ae#1-t2,previous=(t:0, i:0),leaderCommit=0,initializing? true,entries: size=1, first=(t:2, i:0), CONFIGURATIONENTRY
2022-10-13 11:44:32,525 [grpc-default-executor-1] INFO  server.GrpcLogAppender (GrpcLogAppender.java:onCompleted(339)) - 7bf9862a-bc69-4cc0-99fb-78386598ce26@group-328AF021BE98->458f4e14-7f73-425f-a1e6-d20318ddd1ae-AppendLogResponseHandler: follower responses appendEntries COMPLETED
2022-10-13 11:44:32,524 [Command processor thread] INFO  impl.PendingRequests (PendingRequests.java:sendNotLeaderResponses(282)) - 7bf9862a-bc69-4cc0-99fb-78386598ce26@group-328AF021BE98-PendingRequests: sendNotLeaderResponses
2022-10-13 11:44:32,526 [grpc-default-executor-1] INFO  leader.FollowerInfo (FollowerInfoImpl.java:lambda$new$0(48)) - 7bf9862a-bc69-4cc0-99fb-78386598ce26@group-328AF021BE98->458f4e14-7f73-425f-a1e6-d20318ddd1ae: nextIndex: updateUnconditionally 1 -> 0
2022-10-13 11:44:32,526 [7bf9862a-bc69-4cc0-99fb-78386598ce26@group-328AF021BE98-StateMachineUpdater] INFO  ratis.ContainerStateMachine (ContainerStateMachine.java:takeSnapshot(304)) - group-328AF021BE98: Taking a snapshot at:(t:2, i:0) file /home/runner/work/ozone/ozone/hadoop-ozone/integration-test/target/test-dir/MiniOzoneClusterImpl-da935fb3-9ce5-49ab-a67c-f4b3beb884ab/datanode-0/data/ratis/cb0b0140-87f3-4bee-899a-328af021be98/sm/snapshot.2_0
2022-10-13 11:44:32,527 [Command processor thread] INFO  impl.StateMachineUpdater (StateMachineUpdater.java:stopAndJoin(153)) - 7bf9862a-bc69-4cc0-99fb-78386598ce26@group-328AF021BE98-StateMachineUpdater: set stopIndex = 0
2022-10-13 11:44:32,527 [7bf9862a-bc69-4cc0-99fb-78386598ce26@group-328AF021BE98-StateMachineUpdater] INFO  ratis.ContainerStateMachine (ContainerStateMachine.java:takeSnapshot(315)) - group-328AF021BE98: Finished taking a snapshot at:(t:2, i:0) file:/home/runner/work/ozone/ozone/hadoop-ozone/integration-test/target/test-dir/MiniOzoneClusterImpl-da935fb3-9ce5-49ab-a67c-f4b3beb884ab/datanode-0/data/ratis/cb0b0140-87f3-4bee-899a-328af021be98/sm/snapshot.2_0 took: 1 ms
2022-10-13 11:44:32,528 [7bf9862a-bc69-4cc0-99fb-78386598ce26@group-328AF021BE98-StateMachineUpdater] INFO  impl.StateMachineUpdater (StateMachineUpdater.java:takeSnapshot(287)) - 7bf9862a-bc69-4cc0-99fb-78386598ce26@group-328AF021BE98-StateMachineUpdater: Took a snapshot at index 0
2022-10-13 11:44:32,528 [7bf9862a-bc69-4cc0-99fb-78386598ce26@group-328AF021BE98-StateMachineUpdater] INFO  impl.StateMachineUpdater (StateMachineUpdater.java:lambda$new$0(92)) - 7bf9862a-bc69-4cc0-99fb-78386598ce26@group-328AF021BE98-StateMachineUpdater: snapshotIndex: updateIncreasingly -1 -> 0
2022-10-13 11:44:32,528 [Command processor thread] INFO  server.RaftServer$Division (ServerState.java:close(429)) - 7bf9862a-bc69-4cc0-99fb-78386598ce26@group-328AF021BE98: closes. applyIndex: 0
2022-10-13 11:44:32,528 [7bf9862a-bc69-4cc0-99fb-78386598ce26@group-328AF021BE98-SegmentedRaftLogWorker] INFO  segmented.SegmentedRaftLogWorker (SegmentedRaftLogWorker.java:run(336)) - 7bf9862a-bc69-4cc0-99fb-78386598ce26@group-328AF021BE98-SegmentedRaftLogWorker was interrupted, exiting. There are 0 tasks remaining in the queue.
2022-10-13 11:44:32,530 [Command processor thread] INFO  segmented.SegmentedRaftLogWorker (SegmentedRaftLogWorker.java:close(246)) - 7bf9862a-bc69-4cc0-99fb-78386598ce26@group-328AF021BE98-SegmentedRaftLogWorker close()
2022-10-13 11:44:32,531 [Command processor thread] INFO  server.RaftServer$Division (RaftServerImpl.java:groupRemove(404)) - 7bf9862a-bc69-4cc0-99fb-78386598ce26@group-328AF021BE98: Succeed to remove RaftStorageDirectory Storage Directory /home/runner/work/ozone/ozone/hadoop-ozone/integration-test/target/test-dir/MiniOzoneClusterImpl-da935fb3-9ce5-49ab-a67c-f4b3beb884ab/datanode-0/data/ratis/cb0b0140-87f3-4bee-899a-328af021be98
2022-10-13 11:44:32,531 [Command processor thread] INFO  commandhandler.ClosePipelineCommandHandler (ClosePipelineCommandHandler.java:handle(78)) - Close Pipeline PipelineID=cb0b0140-87f3-4bee-899a-328af021be98 command on datanode 7bf9862a-bc69-4cc0-99fb-78386598ce26.
2022-10-13 11:44:32,559 [Command processor thread] INFO  server.RaftServer (RaftServerProxy.java:remove(107)) - 458f4e14-7f73-425f-a1e6-d20318ddd1ae: remove  FOLLOWER 458f4e14-7f73-425f-a1e6-d20318ddd1ae@group-4CFC337056EE:t3, leader=null, voted=null, raftlog=458f4e14-7f73-425f-a1e6-d20318ddd1ae@group-4CFC337056EE-SegmentedRaftLog:OPENED:c-1, conf=-1: [5a62ffe2-9c96-4fd5-b7f5-bdbfc1f4ab24|rpc:10.1.0.200:37863|dataStream:|priority:0, 7bf9862a-bc69-4cc0-99fb-78386598ce26|rpc:10.1.0.200:43955|dataStream:|priority:0, 458f4e14-7f73-425f-a1e6-d20318ddd1ae|rpc:10.1.0.200:33873|dataStream:|priority:1], old=null RUNNING
2022-10-13 11:44:32,559 [Command processor thread] INFO  server.RaftServer$Division (RaftServerImpl.java:lambda$close$4(434)) - 458f4e14-7f73-425f-a1e6-d20318ddd1ae@group-4CFC337056EE: shutdown
2022-10-13 11:44:32,559 [Command processor thread] INFO  util.JmxRegister (JmxRegister.java:unregister(73)) - Successfully un-registered JMX Bean with object name Ratis:service=RaftServer,group=group-4CFC337056EE,id=458f4e14-7f73-425f-a1e6-d20318ddd1ae
2022-10-13 11:44:32,559 [Command processor thread] INFO  impl.RoleInfo (RoleInfo.java:shutdownFollowerState(110)) - 458f4e14-7f73-425f-a1e6-d20318ddd1ae: shutdown 458f4e14-7f73-425f-a1e6-d20318ddd1ae@group-4CFC337056EE-FollowerState
2022-10-13 11:44:32,560 [Command processor thread] INFO  impl.StateMachineUpdater (StateMachineUpdater.java:stopAndJoin(153)) - 458f4e14-7f73-425f-a1e6-d20318ddd1ae@group-4CFC337056EE-StateMachineUpdater: set stopIndex = -1
2022-10-13 11:44:32,560 [458f4e14-7f73-425f-a1e6-d20318ddd1ae@group-4CFC337056EE-FollowerState] INFO  impl.FollowerState (FollowerState.java:run(152)) - 458f4e14-7f73-425f-a1e6-d20318ddd1ae@group-4CFC337056EE-FollowerState was interrupted
2022-10-13 11:44:32,560 [Command processor thread] INFO  server.RaftServer$Division (ServerState.java:close(429)) - 458f4e14-7f73-425f-a1e6-d20318ddd1ae@group-4CFC337056EE: closes. applyIndex: -1
2022-10-13 11:44:32,561 [458f4e14-7f73-425f-a1e6-d20318ddd1ae@group-4CFC337056EE-SegmentedRaftLogWorker] INFO  segmented.SegmentedRaftLogWorker (SegmentedRaftLogWorker.java:run(336)) - 458f4e14-7f73-425f-a1e6-d20318ddd1ae@group-4CFC337056EE-SegmentedRaftLogWorker was interrupted, exiting. There are 0 tasks remaining in the queue.
2022-10-13 11:44:32,561 [Command processor thread] INFO  segmented.SegmentedRaftLogWorker (SegmentedRaftLogWorker.java:close(246)) - 458f4e14-7f73-425f-a1e6-d20318ddd1ae@group-4CFC337056EE-SegmentedRaftLogWorker close()
2022-10-13 11:44:32,563 [Command processor thread] INFO  server.RaftServer$Division (RaftServerImpl.java:groupRemove(404)) - 458f4e14-7f73-425f-a1e6-d20318ddd1ae@group-4CFC337056EE: Succeed to remove RaftStorageDirectory Storage Directory /home/runner/work/ozone/ozone/hadoop-ozone/integration-test/target/test-dir/MiniOzoneClusterImpl-da935fb3-9ce5-49ab-a67c-f4b3beb884ab/datanode-2/data/ratis/39f242bf-157f-4c7d-8f01-4cfc337056ee
2022-10-13 11:44:32,563 [Command processor thread] INFO  commandhandler.ClosePipelineCommandHandler (ClosePipelineCommandHandler.java:handle(78)) - Close Pipeline PipelineID=39f242bf-157f-4c7d-8f01-4cfc337056ee command on datanode 458f4e14-7f73-425f-a1e6-d20318ddd1ae.
2022-10-13 11:44:32,564 [Command processor thread] INFO  server.RaftServer (RaftServerProxy.java:remove(107)) - 458f4e14-7f73-425f-a1e6-d20318ddd1ae: remove  FOLLOWER 458f4e14-7f73-425f-a1e6-d20318ddd1ae@group-328AF021BE98:t2, leader=7bf9862a-bc69-4cc0-99fb-78386598ce26, voted=7bf9862a-bc69-4cc0-99fb-78386598ce26, raftlog=458f4e14-7f73-425f-a1e6-d20318ddd1ae@group-328AF021BE98-SegmentedRaftLog:OPENED:c0, conf=0: [5a62ffe2-9c96-4fd5-b7f5-bdbfc1f4ab24|rpc:10.1.0.200:37863|dataStream:|priority:0, 7bf9862a-bc69-4cc0-99fb-78386598ce26|rpc:10.1.0.200:43955|dataStream:|priority:1, 458f4e14-7f73-425f-a1e6-d20318ddd1ae|rpc:10.1.0.200:33873|dataStream:|priority:0], old=null RUNNING
2022-10-13 11:44:32,564 [Command processor thread] INFO  server.RaftServer$Division (RaftServerImpl.java:lambda$close$4(434)) - 458f4e14-7f73-425f-a1e6-d20318ddd1ae@group-328AF021BE98: shutdown
2022-10-13 11:44:32,564 [Command processor thread] INFO  util.JmxRegister (JmxRegister.java:unregister(73)) - Successfully un-registered JMX Bean with object name Ratis:service=RaftServer,group=group-328AF021BE98,id=458f4e14-7f73-425f-a1e6-d20318ddd1ae
2022-10-13 11:44:32,564 [Command processor thread] INFO  impl.RoleInfo (RoleInfo.java:shutdownFollowerState(110)) - 458f4e14-7f73-425f-a1e6-d20318ddd1ae: shutdown 458f4e14-7f73-425f-a1e6-d20318ddd1ae@group-328AF021BE98-FollowerState
2022-10-13 11:44:32,564 [Command processor thread] INFO  impl.StateMachineUpdater (StateMachineUpdater.java:stopAndJoin(153)) - 458f4e14-7f73-425f-a1e6-d20318ddd1ae@group-328AF021BE98-StateMachineUpdater: set stopIndex = 0
2022-10-13 11:44:32,564 [458f4e14-7f73-425f-a1e6-d20318ddd1ae@group-328AF021BE98-FollowerState] INFO  impl.FollowerState (FollowerState.java:run(152)) - 458f4e14-7f73-425f-a1e6-d20318ddd1ae@group-328AF021BE98-FollowerState was interrupted
2022-10-13 11:44:32,564 [458f4e14-7f73-425f-a1e6-d20318ddd1ae@group-328AF021BE98-StateMachineUpdater] INFO  ratis.ContainerStateMachine (ContainerStateMachine.java:takeSnapshot(304)) - group-328AF021BE98: Taking a snapshot at:(t:2, i:0) file /home/runner/work/ozone/ozone/hadoop-ozone/integration-test/target/test-dir/MiniOzoneClusterImpl-da935fb3-9ce5-49ab-a67c-f4b3beb884ab/datanode-2/data/ratis/cb0b0140-87f3-4bee-899a-328af021be98/sm/snapshot.2_0
2022-10-13 11:44:32,565 [458f4e14-7f73-425f-a1e6-d20318ddd1ae@group-328AF021BE98-StateMachineUpdater] INFO  ratis.ContainerStateMachine (ContainerStateMachine.java:takeSnapshot(315)) - group-328AF021BE98: Finished taking a snapshot at:(t:2, i:0) file:/home/runner/work/ozone/ozone/hadoop-ozone/integration-test/target/test-dir/MiniOzoneClusterImpl-da935fb3-9ce5-49ab-a67c-f4b3beb884ab/datanode-2/data/ratis/cb0b0140-87f3-4bee-899a-328af021be98/sm/snapshot.2_0 took: 1 ms
2022-10-13 11:44:32,566 [458f4e14-7f73-425f-a1e6-d20318ddd1ae@group-328AF021BE98-StateMachineUpdater] INFO  impl.StateMachineUpdater (StateMachineUpdater.java:takeSnapshot(287)) - 458f4e14-7f73-425f-a1e6-d20318ddd1ae@group-328AF021BE98-StateMachineUpdater: Took a snapshot at index 0
2022-10-13 11:44:32,566 [458f4e14-7f73-425f-a1e6-d20318ddd1ae@group-328AF021BE98-StateMachineUpdater] INFO  impl.StateMachineUpdater (StateMachineUpdater.java:lambda$new$0(92)) - 458f4e14-7f73-425f-a1e6-d20318ddd1ae@group-328AF021BE98-StateMachineUpdater: snapshotIndex: updateIncreasingly -1 -> 0
2022-10-13 11:44:32,566 [Command processor thread] INFO  server.RaftServer$Division (ServerState.java:close(429)) - 458f4e14-7f73-425f-a1e6-d20318ddd1ae@group-328AF021BE98: closes. applyIndex: 0
2022-10-13 11:44:32,566 [458f4e14-7f73-425f-a1e6-d20318ddd1ae@group-328AF021BE98-SegmentedRaftLogWorker] INFO  segmented.SegmentedRaftLogWorker (SegmentedRaftLogWorker.java:run(336)) - 458f4e14-7f73-425f-a1e6-d20318ddd1ae@group-328AF021BE98-SegmentedRaftLogWorker was interrupted, exiting. There are 0 tasks remaining in the queue.
2022-10-13 11:44:32,568 [Command processor thread] INFO  segmented.SegmentedRaftLogWorker (SegmentedRaftLogWorker.java:close(246)) - 458f4e14-7f73-425f-a1e6-d20318ddd1ae@group-328AF021BE98-SegmentedRaftLogWorker close()
2022-10-13 11:44:32,570 [Command processor thread] INFO  server.RaftServer$Division (RaftServerImpl.java:groupRemove(404)) - 458f4e14-7f73-425f-a1e6-d20318ddd1ae@group-328AF021BE98: Succeed to remove RaftStorageDirectory Storage Directory /home/runner/work/ozone/ozone/hadoop-ozone/integration-test/target/test-dir/MiniOzoneClusterImpl-da935fb3-9ce5-49ab-a67c-f4b3beb884ab/datanode-2/data/ratis/cb0b0140-87f3-4bee-899a-328af021be98
2022-10-13 11:44:32,570 [Command processor thread] INFO  commandhandler.ClosePipelineCommandHandler (ClosePipelineCommandHandler.java:handle(78)) - Close Pipeline PipelineID=cb0b0140-87f3-4bee-899a-328af021be98 command on datanode 458f4e14-7f73-425f-a1e6-d20318ddd1ae.
2022-10-13 11:44:33,268 [8f71354a-19e6-4be6-b89a-dd2f0292058a@group-84E26D0679BC-FollowerState] INFO  impl.FollowerState (FollowerState.java:run(143)) - 8f71354a-19e6-4be6-b89a-dd2f0292058a@group-84E26D0679BC-FollowerState: change to CANDIDATE, lastRpcElapsedTime:5029099611ns, electionTimeout:5022ms
2022-10-13 11:44:33,268 [8f71354a-19e6-4be6-b89a-dd2f0292058a@group-84E26D0679BC-FollowerState] INFO  impl.RoleInfo (RoleInfo.java:shutdownFollowerState(110)) - 8f71354a-19e6-4be6-b89a-dd2f0292058a: shutdown 8f71354a-19e6-4be6-b89a-dd2f0292058a@group-84E26D0679BC-FollowerState
2022-10-13 11:44:33,268 [8f71354a-19e6-4be6-b89a-dd2f0292058a@group-84E26D0679BC-FollowerState] INFO  server.RaftServer$Division (RaftServerImpl.java:setRole(299)) - 8f71354a-19e6-4be6-b89a-dd2f0292058a@group-84E26D0679BC: changes role from  FOLLOWER to CANDIDATE at term 2 for changeToCandidate
2022-10-13 11:44:33,268 [8f71354a-19e6-4be6-b89a-dd2f0292058a@group-84E26D0679BC-FollowerState] INFO  server.RaftServerConfigKeys (ConfUtils.java:logGet(46)) - raft.server.leaderelection.pre-vote = false (custom)
2022-10-13 11:44:33,268 [8f71354a-19e6-4be6-b89a-dd2f0292058a@group-84E26D0679BC-FollowerState] INFO  impl.RoleInfo (RoleInfo.java:updateAndGet(139)) - 8f71354a-19e6-4be6-b89a-dd2f0292058a: start 8f71354a-19e6-4be6-b89a-dd2f0292058a@group-84E26D0679BC-LeaderElection30
2022-10-13 11:44:33,272 [8f71354a-19e6-4be6-b89a-dd2f0292058a@group-84E26D0679BC-LeaderElection30] INFO  impl.LeaderElection (LeaderElection.java:askForVotes(310)) - 8f71354a-19e6-4be6-b89a-dd2f0292058a@group-84E26D0679BC-LeaderElection30 ELECTION round 0: submit vote requests at term 3 for -1: [febd5d2c-72de-44b7-b010-e5e9acc30848|rpc:10.1.0.200:36903|dataStream:|priority:0, 8f71354a-19e6-4be6-b89a-dd2f0292058a|rpc:10.1.0.200:41203|dataStream:|priority:1, 44dad4d2-9f73-4874-a36a-585ee387199d|rpc:10.1.0.200:32897|dataStream:|priority:0], old=null
2022-10-13 11:44:33,283 [grpc-default-executor-1] INFO  server.RaftServer$Division (RaftServerImpl.java:requestVote(1152)) - febd5d2c-72de-44b7-b010-e5e9acc30848@group-84E26D0679BC: receive requestVote(ELECTION, 8f71354a-19e6-4be6-b89a-dd2f0292058a, group-84E26D0679BC, 3, (t:0, i:0))
2022-10-13 11:44:33,283 [grpc-default-executor-1] INFO  impl.VoteContext (VoteContext.java:log(48)) - febd5d2c-72de-44b7-b010-e5e9acc30848@group-84E26D0679BC-FOLLOWER: accept ELECTION from 8f71354a-19e6-4be6-b89a-dd2f0292058a: our priority 0 <= candidate's priority 1
2022-10-13 11:44:33,283 [grpc-default-executor-1] INFO  server.RaftServer$Division (RaftServerImpl.java:setRole(299)) - febd5d2c-72de-44b7-b010-e5e9acc30848@group-84E26D0679BC: changes role from  FOLLOWER to FOLLOWER at term 3 for candidate:8f71354a-19e6-4be6-b89a-dd2f0292058a
2022-10-13 11:44:33,283 [grpc-default-executor-1] INFO  impl.RoleInfo (RoleInfo.java:shutdownFollowerState(110)) - febd5d2c-72de-44b7-b010-e5e9acc30848: shutdown febd5d2c-72de-44b7-b010-e5e9acc30848@group-84E26D0679BC-FollowerState
2022-10-13 11:44:33,283 [grpc-default-executor-1] INFO  impl.RoleInfo (RoleInfo.java:updateAndGet(139)) - febd5d2c-72de-44b7-b010-e5e9acc30848: start febd5d2c-72de-44b7-b010-e5e9acc30848@group-84E26D0679BC-FollowerState
2022-10-13 11:44:33,283 [febd5d2c-72de-44b7-b010-e5e9acc30848@group-84E26D0679BC-FollowerState] INFO  impl.FollowerState (FollowerState.java:run(152)) - febd5d2c-72de-44b7-b010-e5e9acc30848@group-84E26D0679BC-FollowerState was interrupted
2022-10-13 11:44:33,285 [grpc-default-executor-0] INFO  server.RaftServer$Division (RaftServerImpl.java:requestVote(1152)) - 44dad4d2-9f73-4874-a36a-585ee387199d@group-84E26D0679BC: receive requestVote(ELECTION, 8f71354a-19e6-4be6-b89a-dd2f0292058a, group-84E26D0679BC, 3, (t:0, i:0))
2022-10-13 11:44:33,286 [grpc-default-executor-0] INFO  impl.VoteContext (VoteContext.java:log(48)) - 44dad4d2-9f73-4874-a36a-585ee387199d@group-84E26D0679BC-FOLLOWER: accept ELECTION from 8f71354a-19e6-4be6-b89a-dd2f0292058a: our priority 0 <= candidate's priority 1
2022-10-13 11:44:33,286 [grpc-default-executor-0] INFO  server.RaftServer$Division (RaftServerImpl.java:setRole(299)) - 44dad4d2-9f73-4874-a36a-585ee387199d@group-84E26D0679BC: changes role from  FOLLOWER to FOLLOWER at term 3 for candidate:8f71354a-19e6-4be6-b89a-dd2f0292058a
2022-10-13 11:44:33,286 [grpc-default-executor-0] INFO  impl.RoleInfo (RoleInfo.java:shutdownFollowerState(110)) - 44dad4d2-9f73-4874-a36a-585ee387199d: shutdown 44dad4d2-9f73-4874-a36a-585ee387199d@group-84E26D0679BC-FollowerState
2022-10-13 11:44:33,286 [grpc-default-executor-0] INFO  impl.RoleInfo (RoleInfo.java:updateAndGet(139)) - 44dad4d2-9f73-4874-a36a-585ee387199d: start 44dad4d2-9f73-4874-a36a-585ee387199d@group-84E26D0679BC-FollowerState
2022-10-13 11:44:33,286 [44dad4d2-9f73-4874-a36a-585ee387199d@group-84E26D0679BC-FollowerState] INFO  impl.FollowerState (FollowerState.java:run(152)) - 44dad4d2-9f73-4874-a36a-585ee387199d@group-84E26D0679BC-FollowerState was interrupted
2022-10-13 11:44:33,287 [grpc-default-executor-1] INFO  server.RaftServer$Division (RaftServerImpl.java:requestVote(1184)) - febd5d2c-72de-44b7-b010-e5e9acc30848@group-84E26D0679BC replies to ELECTION vote request: 8f71354a-19e6-4be6-b89a-dd2f0292058a<-febd5d2c-72de-44b7-b010-e5e9acc30848#0:OK-t3. Peer's state: febd5d2c-72de-44b7-b010-e5e9acc30848@group-84E26D0679BC:t3, leader=null, voted=8f71354a-19e6-4be6-b89a-dd2f0292058a, raftlog=febd5d2c-72de-44b7-b010-e5e9acc30848@group-84E26D0679BC-SegmentedRaftLog:OPENED:c-1, conf=-1: [febd5d2c-72de-44b7-b010-e5e9acc30848|rpc:10.1.0.200:36903|dataStream:|priority:0, 8f71354a-19e6-4be6-b89a-dd2f0292058a|rpc:10.1.0.200:41203|dataStream:|priority:1, 44dad4d2-9f73-4874-a36a-585ee387199d|rpc:10.1.0.200:32897|dataStream:|priority:0], old=null
2022-10-13 11:44:33,288 [grpc-default-executor-0] INFO  server.RaftServer$Division (RaftServerImpl.java:requestVote(1184)) - 44dad4d2-9f73-4874-a36a-585ee387199d@group-84E26D0679BC replies to ELECTION vote request: 8f71354a-19e6-4be6-b89a-dd2f0292058a<-44dad4d2-9f73-4874-a36a-585ee387199d#0:OK-t3. Peer's state: 44dad4d2-9f73-4874-a36a-585ee387199d@group-84E26D0679BC:t3, leader=null, voted=8f71354a-19e6-4be6-b89a-dd2f0292058a, raftlog=44dad4d2-9f73-4874-a36a-585ee387199d@group-84E26D0679BC-SegmentedRaftLog:OPENED:c-1, conf=-1: [febd5d2c-72de-44b7-b010-e5e9acc30848|rpc:10.1.0.200:36903|priority:0, 8f71354a-19e6-4be6-b89a-dd2f0292058a|rpc:10.1.0.200:41203|priority:1, 44dad4d2-9f73-4874-a36a-585ee387199d|rpc:10.1.0.200:32897|priority:0], old=null
2022-10-13 11:44:33,289 [8f71354a-19e6-4be6-b89a-dd2f0292058a@group-84E26D0679BC-LeaderElection30] INFO  impl.LeaderElection (LeaderElection.java:logAndReturn(90)) - 8f71354a-19e6-4be6-b89a-dd2f0292058a@group-84E26D0679BC-LeaderElection30: ELECTION PASSED received 1 response(s) and 0 exception(s):
2022-10-13 11:44:33,289 [8f71354a-19e6-4be6-b89a-dd2f0292058a@group-84E26D0679BC-LeaderElection30] INFO  impl.LeaderElection (LeaderElection.java:logAndReturn(94)) -   Response 0: 8f71354a-19e6-4be6-b89a-dd2f0292058a<-febd5d2c-72de-44b7-b010-e5e9acc30848#0:OK-t3
2022-10-13 11:44:33,289 [8f71354a-19e6-4be6-b89a-dd2f0292058a@group-84E26D0679BC-LeaderElection30] INFO  impl.LeaderElection (LeaderElection.java:askForVotes(312)) - 8f71354a-19e6-4be6-b89a-dd2f0292058a@group-84E26D0679BC-LeaderElection30 ELECTION round 0: result PASSED
2022-10-13 11:44:33,289 [8f71354a-19e6-4be6-b89a-dd2f0292058a@group-84E26D0679BC-LeaderElection30] INFO  impl.RoleInfo (RoleInfo.java:shutdownLeaderElection(130)) - 8f71354a-19e6-4be6-b89a-dd2f0292058a: shutdown 8f71354a-19e6-4be6-b89a-dd2f0292058a@group-84E26D0679BC-LeaderElection30
2022-10-13 11:44:33,289 [44dad4d2-9f73-4874-a36a-585ee387199d@group-CA13F6D37BB1-FollowerState] INFO  impl.FollowerState (FollowerState.java:run(143)) - 44dad4d2-9f73-4874-a36a-585ee387199d@group-CA13F6D37BB1-FollowerState: change to CANDIDATE, lastRpcElapsedTime:5161165879ns, electionTimeout:5156ms
2022-10-13 11:44:33,289 [44dad4d2-9f73-4874-a36a-585ee387199d@group-CA13F6D37BB1-FollowerState] INFO  impl.RoleInfo (RoleInfo.java:shutdownFollowerState(110)) - 44dad4d2-9f73-4874-a36a-585ee387199d: shutdown 44dad4d2-9f73-4874-a36a-585ee387199d@group-CA13F6D37BB1-FollowerState
2022-10-13 11:44:33,290 [44dad4d2-9f73-4874-a36a-585ee387199d@group-CA13F6D37BB1-FollowerState] INFO  server.RaftServer$Division (RaftServerImpl.java:setRole(299)) - 44dad4d2-9f73-4874-a36a-585ee387199d@group-CA13F6D37BB1: changes role from  FOLLOWER to CANDIDATE at term 2 for changeToCandidate
2022-10-13 11:44:33,290 [44dad4d2-9f73-4874-a36a-585ee387199d@group-CA13F6D37BB1-FollowerState] INFO  server.RaftServerConfigKeys (ConfUtils.java:logGet(46)) - raft.server.leaderelection.pre-vote = false (custom)
2022-10-13 11:44:33,290 [44dad4d2-9f73-4874-a36a-585ee387199d@group-CA13F6D37BB1-FollowerState] INFO  impl.RoleInfo (RoleInfo.java:updateAndGet(139)) - 44dad4d2-9f73-4874-a36a-585ee387199d: start 44dad4d2-9f73-4874-a36a-585ee387199d@group-CA13F6D37BB1-LeaderElection31
2022-10-13 11:44:33,294 [8f71354a-19e6-4be6-b89a-dd2f0292058a@group-84E26D0679BC-LeaderElection30] INFO  server.RaftServer$Division (RaftServerImpl.java:setRole(299)) - 8f71354a-19e6-4be6-b89a-dd2f0292058a@group-84E26D0679BC: changes role from CANDIDATE to LEADER at term 3 for changeToLeader
2022-10-13 11:44:33,294 [8f71354a-19e6-4be6-b89a-dd2f0292058a@group-84E26D0679BC-LeaderElection30] INFO  ratis.XceiverServerRatis (XceiverServerRatis.java:handleLeaderChangedNotification(863)) - Leader change notification received for group: group-84E26D0679BC with new leaderId: 8f71354a-19e6-4be6-b89a-dd2f0292058a
2022-10-13 11:44:33,294 [8f71354a-19e6-4be6-b89a-dd2f0292058a@group-84E26D0679BC-LeaderElection30] INFO  server.RaftServer$Division (ServerState.java:setLeader(287)) - 8f71354a-19e6-4be6-b89a-dd2f0292058a@group-84E26D0679BC: change Leader from null to 8f71354a-19e6-4be6-b89a-dd2f0292058a at term 3 for becomeLeader, leader elected after 15359ms
2022-10-13 11:44:33,294 [8f71354a-19e6-4be6-b89a-dd2f0292058a@group-84E26D0679BC-LeaderElection30] INFO  server.RaftServerConfigKeys (ConfUtils.java:logGet(46)) - raft.server.staging.catchup.gap = 1000 (default)
2022-10-13 11:44:33,294 [8f71354a-19e6-4be6-b89a-dd2f0292058a@group-84E26D0679BC-LeaderElection30] INFO  server.RaftServerConfigKeys (ConfUtils.java:logGet(46)) - raft.server.write.element-limit = 1024 (custom)
2022-10-13 11:44:33,294 [8f71354a-19e6-4be6-b89a-dd2f0292058a@group-84E26D0679BC-LeaderElection30] INFO  server.RaftServerConfigKeys (ConfUtils.java:logGet(46)) - raft.server.write.byte-limit = 1024 M (=1073741824) (custom)
2022-10-13 11:44:33,295 [8f71354a-19e6-4be6-b89a-dd2f0292058a@group-84E26D0679BC-LeaderElection30] INFO  server.RaftServerConfigKeys (ConfUtils.java:logGet(46)) - raft.server.watch.timeout = 180s (custom)
2022-10-13 11:44:33,295 [8f71354a-19e6-4be6-b89a-dd2f0292058a@group-84E26D0679BC-LeaderElection30] INFO  server.RaftServerConfigKeys (ConfUtils.java:logGet(46)) - raft.server.watch.timeout.denomination = 1s (default)
2022-10-13 11:44:33,295 [8f71354a-19e6-4be6-b89a-dd2f0292058a@group-84E26D0679BC-LeaderElection30] INFO  server.RaftServerConfigKeys (ConfUtils.java:logGet(46)) - raft.server.watch.element-limit = 65536 (default)
2022-10-13 11:44:33,295 [8f71354a-19e6-4be6-b89a-dd2f0292058a@group-84E26D0679BC-LeaderElection30] INFO  server.RaftServerConfigKeys (ConfUtils.java:logGet(46)) - raft.server.write.element-limit = 1024 (custom)
2022-10-13 11:44:33,295 [8f71354a-19e6-4be6-b89a-dd2f0292058a@group-84E26D0679BC-LeaderElection30] INFO  server.RaftServerConfigKeys (ConfUtils.java:logGet(46)) - raft.server.write.follower.gap.ratio.max = -1.0 (default)
2022-10-13 11:44:33,295 [8f71354a-19e6-4be6-b89a-dd2f0292058a@group-84E26D0679BC-LeaderElection30] INFO  server.RaftServerConfigKeys (ConfUtils.java:logGet(46)) - raft.server.log.appender.snapshot.chunk.size.max = 16MB (=16777216) (default)
2022-10-13 11:44:33,295 [8f71354a-19e6-4be6-b89a-dd2f0292058a@group-84E26D0679BC-LeaderElection30] INFO  server.RaftServerConfigKeys (ConfUtils.java:logGet(46)) - raft.server.log.appender.buffer.byte-limit = 33554432 (custom)
2022-10-13 11:44:33,295 [8f71354a-19e6-4be6-b89a-dd2f0292058a@group-84E26D0679BC-LeaderElection30] INFO  server.RaftServerConfigKeys (ConfUtils.java:logGet(46)) - raft.server.log.appender.buffer.element-limit = 1 (custom)
2022-10-13 11:44:33,295 [8f71354a-19e6-4be6-b89a-dd2f0292058a@group-84E26D0679BC-LeaderElection30] INFO  grpc.GrpcConfigKeys (ConfUtils.java:logGet(46)) - raft.grpc.server.leader.outstanding.appends.max = 128 (default)
2022-10-13 11:44:33,295 [8f71354a-19e6-4be6-b89a-dd2f0292058a@group-84E26D0679BC-LeaderElection30] INFO  server.RaftServerConfigKeys (ConfUtils.java:logGet(46)) - raft.server.rpc.request.timeout = 60s (custom)
2022-10-13 11:44:33,295 [8f71354a-19e6-4be6-b89a-dd2f0292058a@group-84E26D0679BC-LeaderElection30] INFO  server.RaftServerConfigKeys (ConfUtils.java:logGet(46)) - raft.server.log.appender.install.snapshot.enabled = false (custom)
2022-10-13 11:44:33,296 [8f71354a-19e6-4be6-b89a-dd2f0292058a@group-84E26D0679BC-LeaderElection30] INFO  server.RaftServerConfigKeys (ConfUtils.java:logGet(46)) - raft.server.log.appender.snapshot.chunk.size.max = 16MB (=16777216) (default)
2022-10-13 11:44:33,296 [8f71354a-19e6-4be6-b89a-dd2f0292058a@group-84E26D0679BC-LeaderElection30] INFO  server.RaftServerConfigKeys (ConfUtils.java:logGet(46)) - raft.server.log.appender.buffer.byte-limit = 33554432 (custom)
2022-10-13 11:44:33,296 [8f71354a-19e6-4be6-b89a-dd2f0292058a@group-84E26D0679BC-LeaderElection30] INFO  server.RaftServerConfigKeys (ConfUtils.java:logGet(46)) - raft.server.log.appender.buffer.element-limit = 1 (custom)
2022-10-13 11:44:33,296 [8f71354a-19e6-4be6-b89a-dd2f0292058a@group-84E26D0679BC-LeaderElection30] INFO  grpc.GrpcConfigKeys (ConfUtils.java:logGet(46)) - raft.grpc.server.leader.outstanding.appends.max = 128 (default)
2022-10-13 11:44:33,296 [8f71354a-19e6-4be6-b89a-dd2f0292058a@group-84E26D0679BC-LeaderElection30] INFO  server.RaftServerConfigKeys (ConfUtils.java:logGet(46)) - raft.server.rpc.request.timeout = 60s (custom)
2022-10-13 11:44:33,296 [8f71354a-19e6-4be6-b89a-dd2f0292058a@group-84E26D0679BC-LeaderElection30] INFO  server.RaftServerConfigKeys (ConfUtils.java:logGet(46)) - raft.server.log.appender.install.snapshot.enabled = false (custom)
2022-10-13 11:44:33,297 [8f71354a-19e6-4be6-b89a-dd2f0292058a@group-84E26D0679BC-LeaderElection30] INFO  impl.RoleInfo (RoleInfo.java:updateAndGet(139)) - 8f71354a-19e6-4be6-b89a-dd2f0292058a: start 8f71354a-19e6-4be6-b89a-dd2f0292058a@group-84E26D0679BC-LeaderStateImpl
2022-10-13 11:44:33,297 [8f71354a-19e6-4be6-b89a-dd2f0292058a@group-84E26D0679BC-LeaderElection30] INFO  segmented.SegmentedRaftLogWorker (SegmentedRaftLogWorker.java:startLogSegment(425)) - 8f71354a-19e6-4be6-b89a-dd2f0292058a@group-84E26D0679BC-SegmentedRaftLogWorker: Starting segment from index:0
2022-10-13 11:44:33,298 [EventQueue-PipelineReportForPipelineReportHandler] INFO  pipeline.PipelineManagerImpl (PipelineManagerImpl.java:openPipeline(367)) - Pipeline Pipeline[ Id: bee47cf9-45fa-4274-95f6-84e26d0679bc, Nodes: 8f71354a-19e6-4be6-b89a-dd2f0292058a{ip: 10.1.0.200, host: fv-az91-750.1u4dveb1r3ruphbftqvtwhitpc.gx.internal.cloudapp.net, ports: [REPLICATION=32909, RATIS=41203, RATIS_ADMIN=41203, RATIS_SERVER=41203, STANDALONE=43317], networkLocation: /default-rack, certSerialId: null, persistedOpState: IN_SERVICE, persistedOpStateExpiryEpochSec: 0}44dad4d2-9f73-4874-a36a-585ee387199d{ip: 10.1.0.200, host: fv-az91-750.1u4dveb1r3ruphbftqvtwhitpc.gx.internal.cloudapp.net, ports: [REPLICATION=33901, RATIS=32897, RATIS_ADMIN=32897, RATIS_SERVER=32897, STANDALONE=44105], networkLocation: /default-rack, certSerialId: null, persistedOpState: IN_SERVICE, persistedOpStateExpiryEpochSec: 0}febd5d2c-72de-44b7-b010-e5e9acc30848{ip: 10.1.0.200, host: fv-az91-750.1u4dveb1r3ruphbftqvtwhitpc.gx.internal.cloudapp.net, ports: [REPLICATION=35257, RATIS=36903, RATIS_ADMIN=36903, RATIS_SERVER=36903, STANDALONE=39839], networkLocation: /default-rack, certSerialId: null, persistedOpState: IN_SERVICE, persistedOpStateExpiryEpochSec: 0}, ReplicationConfig: RATIS/THREE, State:ALLOCATED, leaderId:8f71354a-19e6-4be6-b89a-dd2f0292058a, CreationTimestamp2022-10-13T11:44:15.415Z[Etc/UTC]] moved to OPEN state
2022-10-13 11:44:33,301 [8f71354a-19e6-4be6-b89a-dd2f0292058a@group-84E26D0679BC-SegmentedRaftLogWorker] INFO  segmented.SegmentedRaftLogWorker (SegmentedRaftLogWorker.java:execute(629)) - 8f71354a-19e6-4be6-b89a-dd2f0292058a@group-84E26D0679BC-SegmentedRaftLogWorker: created new log segment /home/runner/work/ozone/ozone/hadoop-ozone/integration-test/target/test-dir/MiniOzoneClusterImpl-da935fb3-9ce5-49ab-a67c-f4b3beb884ab/datanode-7/data/ratis/bee47cf9-45fa-4274-95f6-84e26d0679bc/current/log_inprogress_0
2022-10-13 11:44:33,305 [febd5d2c-72de-44b7-b010-e5e9acc30848@group-CA13F6D37BB1-FollowerState] INFO  impl.FollowerState (FollowerState.java:run(143)) - febd5d2c-72de-44b7-b010-e5e9acc30848@group-CA13F6D37BB1-FollowerState: change to CANDIDATE, lastRpcElapsedTime:5169828622ns, electionTimeout:5153ms
2022-10-13 11:44:33,305 [febd5d2c-72de-44b7-b010-e5e9acc30848@group-CA13F6D37BB1-FollowerState] INFO  impl.RoleInfo (RoleInfo.java:shutdownFollowerState(110)) - febd5d2c-72de-44b7-b010-e5e9acc30848: shutdown febd5d2c-72de-44b7-b010-e5e9acc30848@group-CA13F6D37BB1-FollowerState
2022-10-13 11:44:33,306 [febd5d2c-72de-44b7-b010-e5e9acc30848@group-CA13F6D37BB1-FollowerState] INFO  server.RaftServer$Division (RaftServerImpl.java:setRole(299)) - febd5d2c-72de-44b7-b010-e5e9acc30848@group-CA13F6D37BB1: changes role from  FOLLOWER to CANDIDATE at term 2 for changeToCandidate
2022-10-13 11:44:33,306 [febd5d2c-72de-44b7-b010-e5e9acc30848@group-CA13F6D37BB1-FollowerState] INFO  server.RaftServerConfigKeys (ConfUtils.java:logGet(46)) - raft.server.leaderelection.pre-vote = false (custom)
2022-10-13 11:44:33,306 [febd5d2c-72de-44b7-b010-e5e9acc30848@group-CA13F6D37BB1-FollowerState] INFO  impl.RoleInfo (RoleInfo.java:updateAndGet(139)) - febd5d2c-72de-44b7-b010-e5e9acc30848: start febd5d2c-72de-44b7-b010-e5e9acc30848@group-CA13F6D37BB1-LeaderElection32
2022-10-13 11:44:33,307 [44dad4d2-9f73-4874-a36a-585ee387199d@group-CA13F6D37BB1-LeaderElection31] INFO  impl.LeaderElection (LeaderElection.java:askForVotes(310)) - 44dad4d2-9f73-4874-a36a-585ee387199d@group-CA13F6D37BB1-LeaderElection31 ELECTION round 0: submit vote requests at term 3 for -1: [febd5d2c-72de-44b7-b010-e5e9acc30848|rpc:10.1.0.200:36903|priority:0, 8f71354a-19e6-4be6-b89a-dd2f0292058a|rpc:10.1.0.200:41203|priority:0, 44dad4d2-9f73-4874-a36a-585ee387199d|rpc:10.1.0.200:32897|priority:1], old=null
2022-10-13 11:44:33,311 [febd5d2c-72de-44b7-b010-e5e9acc30848@group-CA13F6D37BB1-LeaderElection32] INFO  impl.LeaderElection (LeaderElection.java:askForVotes(310)) - febd5d2c-72de-44b7-b010-e5e9acc30848@group-CA13F6D37BB1-LeaderElection32 ELECTION round 0: submit vote requests at term 3 for -1: [febd5d2c-72de-44b7-b010-e5e9acc30848|rpc:10.1.0.200:36903|dataStream:|priority:0, 8f71354a-19e6-4be6-b89a-dd2f0292058a|rpc:10.1.0.200:41203|dataStream:|priority:0, 44dad4d2-9f73-4874-a36a-585ee387199d|rpc:10.1.0.200:32897|dataStream:|priority:1], old=null
2022-10-13 11:44:33,314 [febd5d2c-72de-44b7-b010-e5e9acc30848-server-thread1] INFO  ratis.XceiverServerRatis (XceiverServerRatis.java:handleLeaderChangedNotification(863)) - Leader change notification received for group: group-84E26D0679BC with new leaderId: 8f71354a-19e6-4be6-b89a-dd2f0292058a
2022-10-13 11:44:33,314 [febd5d2c-72de-44b7-b010-e5e9acc30848-server-thread1] INFO  server.RaftServer$Division (ServerState.java:setLeader(287)) - febd5d2c-72de-44b7-b010-e5e9acc30848@group-84E26D0679BC: change Leader from null to 8f71354a-19e6-4be6-b89a-dd2f0292058a at term 3 for appendEntries, leader elected after 15346ms
2022-10-13 11:44:33,315 [grpc-default-executor-1] INFO  server.RaftServer$Division (RaftServerImpl.java:requestVote(1152)) - febd5d2c-72de-44b7-b010-e5e9acc30848@group-CA13F6D37BB1: receive requestVote(ELECTION, 44dad4d2-9f73-4874-a36a-585ee387199d, group-CA13F6D37BB1, 3, (t:0, i:0))
2022-10-13 11:44:33,315 [grpc-default-executor-1] INFO  impl.VoteContext (VoteContext.java:log(48)) - febd5d2c-72de-44b7-b010-e5e9acc30848@group-CA13F6D37BB1-CANDIDATE: reject ELECTION from 44dad4d2-9f73-4874-a36a-585ee387199d: already has voted for febd5d2c-72de-44b7-b010-e5e9acc30848 at current term 3
2022-10-13 11:44:33,315 [grpc-default-executor-1] INFO  server.RaftServer$Division (RaftServerImpl.java:requestVote(1184)) - febd5d2c-72de-44b7-b010-e5e9acc30848@group-CA13F6D37BB1 replies to ELECTION vote request: 44dad4d2-9f73-4874-a36a-585ee387199d<-febd5d2c-72de-44b7-b010-e5e9acc30848#0:FAIL-t3. Peer's state: febd5d2c-72de-44b7-b010-e5e9acc30848@group-CA13F6D37BB1:t3, leader=null, voted=febd5d2c-72de-44b7-b010-e5e9acc30848, raftlog=febd5d2c-72de-44b7-b010-e5e9acc30848@group-CA13F6D37BB1-SegmentedRaftLog:OPENED:c-1, conf=-1: [febd5d2c-72de-44b7-b010-e5e9acc30848|rpc:10.1.0.200:36903|dataStream:|priority:0, 8f71354a-19e6-4be6-b89a-dd2f0292058a|rpc:10.1.0.200:41203|dataStream:|priority:0, 44dad4d2-9f73-4874-a36a-585ee387199d|rpc:10.1.0.200:32897|dataStream:|priority:1], old=null
2022-10-13 11:44:33,320 [8f71354a-19e6-4be6-b89a-dd2f0292058a@group-CA13F6D37BB1-FollowerState] INFO  impl.FollowerState (FollowerState.java:run(143)) - 8f71354a-19e6-4be6-b89a-dd2f0292058a@group-CA13F6D37BB1-FollowerState: change to CANDIDATE, lastRpcElapsedTime:5190803403ns, electionTimeout:5188ms
2022-10-13 11:44:33,320 [8f71354a-19e6-4be6-b89a-dd2f0292058a@group-CA13F6D37BB1-FollowerState] INFO  impl.RoleInfo (RoleInfo.java:shutdownFollowerState(110)) - 8f71354a-19e6-4be6-b89a-dd2f0292058a: shutdown 8f71354a-19e6-4be6-b89a-dd2f0292058a@group-CA13F6D37BB1-FollowerState
2022-10-13 11:44:33,320 [8f71354a-19e6-4be6-b89a-dd2f0292058a@group-CA13F6D37BB1-FollowerState] INFO  server.RaftServer$Division (RaftServerImpl.java:setRole(299)) - 8f71354a-19e6-4be6-b89a-dd2f0292058a@group-CA13F6D37BB1: changes role from  FOLLOWER to CANDIDATE at term 2 for changeToCandidate
2022-10-13 11:44:33,321 [grpc-default-executor-2] INFO  server.RaftServer$Division (RaftServerImpl.java:requestVote(1152)) - 8f71354a-19e6-4be6-b89a-dd2f0292058a@group-CA13F6D37BB1: receive requestVote(ELECTION, 44dad4d2-9f73-4874-a36a-585ee387199d, group-CA13F6D37BB1, 3, (t:0, i:0))
2022-10-13 11:44:33,321 [grpc-default-executor-3] INFO  server.RaftServer$Division (RaftServerImpl.java:requestVote(1152)) - 8f71354a-19e6-4be6-b89a-dd2f0292058a@group-CA13F6D37BB1: receive requestVote(ELECTION, febd5d2c-72de-44b7-b010-e5e9acc30848, group-CA13F6D37BB1, 3, (t:0, i:0))
2022-10-13 11:44:33,326 [8f71354a-19e6-4be6-b89a-dd2f0292058a@group-84E26D0679BC-LeaderElection30] INFO  server.RaftServer$Division (ServerState.java:setRaftConf(393)) - 8f71354a-19e6-4be6-b89a-dd2f0292058a@group-84E26D0679BC: set configuration 0: [febd5d2c-72de-44b7-b010-e5e9acc30848|rpc:10.1.0.200:36903|dataStream:|priority:0, 8f71354a-19e6-4be6-b89a-dd2f0292058a|rpc:10.1.0.200:41203|dataStream:|priority:1, 44dad4d2-9f73-4874-a36a-585ee387199d|rpc:10.1.0.200:32897|dataStream:|priority:0], old=null
2022-10-13 11:44:33,332 [8f71354a-19e6-4be6-b89a-dd2f0292058a@group-CA13F6D37BB1-FollowerState] INFO  server.RaftServerConfigKeys (ConfUtils.java:logGet(46)) - raft.server.leaderelection.pre-vote = false (custom)
2022-10-13 11:44:33,332 [8f71354a-19e6-4be6-b89a-dd2f0292058a@group-CA13F6D37BB1-FollowerState] INFO  impl.RoleInfo (RoleInfo.java:updateAndGet(139)) - 8f71354a-19e6-4be6-b89a-dd2f0292058a: start 8f71354a-19e6-4be6-b89a-dd2f0292058a@group-CA13F6D37BB1-LeaderElection33
2022-10-13 11:44:33,332 [grpc-default-executor-5] INFO  server.RaftServer$Division (RaftServerImpl.java:requestVote(1152)) - 44dad4d2-9f73-4874-a36a-585ee387199d@group-CA13F6D37BB1: receive requestVote(ELECTION, febd5d2c-72de-44b7-b010-e5e9acc30848, group-CA13F6D37BB1, 3, (t:0, i:0))
2022-10-13 11:44:33,333 [grpc-default-executor-5] INFO  impl.VoteContext (VoteContext.java:log(48)) - 44dad4d2-9f73-4874-a36a-585ee387199d@group-CA13F6D37BB1-CANDIDATE: reject ELECTION from febd5d2c-72de-44b7-b010-e5e9acc30848: already has voted for 44dad4d2-9f73-4874-a36a-585ee387199d at current term 3
2022-10-13 11:44:33,333 [grpc-default-executor-5] INFO  server.RaftServer$Division (RaftServerImpl.java:requestVote(1184)) - 44dad4d2-9f73-4874-a36a-585ee387199d@group-CA13F6D37BB1 replies to ELECTION vote request: febd5d2c-72de-44b7-b010-e5e9acc30848<-44dad4d2-9f73-4874-a36a-585ee387199d#0:FAIL-t3. Peer's state: 44dad4d2-9f73-4874-a36a-585ee387199d@group-CA13F6D37BB1:t3, leader=null, voted=44dad4d2-9f73-4874-a36a-585ee387199d, raftlog=44dad4d2-9f73-4874-a36a-585ee387199d@group-CA13F6D37BB1-SegmentedRaftLog:OPENED:c-1, conf=-1: [febd5d2c-72de-44b7-b010-e5e9acc30848|rpc:10.1.0.200:36903|priority:0, 8f71354a-19e6-4be6-b89a-dd2f0292058a|rpc:10.1.0.200:41203|priority:0, 44dad4d2-9f73-4874-a36a-585ee387199d|rpc:10.1.0.200:32897|priority:1], old=null
2022-10-13 11:44:33,334 [grpc-default-executor-3] INFO  impl.VoteContext (VoteContext.java:log(48)) - 8f71354a-19e6-4be6-b89a-dd2f0292058a@group-CA13F6D37BB1-CANDIDATE: accept ELECTION from febd5d2c-72de-44b7-b010-e5e9acc30848: our priority 0 <= candidate's priority 0
2022-10-13 11:44:33,334 [grpc-default-executor-3] INFO  server.RaftServer$Division (RaftServerImpl.java:setRole(299)) - 8f71354a-19e6-4be6-b89a-dd2f0292058a@group-CA13F6D37BB1: changes role from CANDIDATE to FOLLOWER at term 3 for candidate:febd5d2c-72de-44b7-b010-e5e9acc30848
2022-10-13 11:44:33,334 [grpc-default-executor-3] INFO  impl.RoleInfo (RoleInfo.java:shutdownLeaderElection(130)) - 8f71354a-19e6-4be6-b89a-dd2f0292058a: shutdown 8f71354a-19e6-4be6-b89a-dd2f0292058a@group-CA13F6D37BB1-LeaderElection33
2022-10-13 11:44:33,334 [grpc-default-executor-3] INFO  impl.RoleInfo (RoleInfo.java:updateAndGet(139)) - 8f71354a-19e6-4be6-b89a-dd2f0292058a: start 8f71354a-19e6-4be6-b89a-dd2f0292058a@group-CA13F6D37BB1-FollowerState
2022-10-13 11:44:33,334 [8f71354a-19e6-4be6-b89a-dd2f0292058a@group-CA13F6D37BB1-LeaderElection33] INFO  impl.LeaderElection (LeaderElection.java:run(231)) - 8f71354a-19e6-4be6-b89a-dd2f0292058a@group-CA13F6D37BB1-LeaderElection33: skip running since this is already CLOSING
2022-10-13 11:44:33,337 [febd5d2c-72de-44b7-b010-e5e9acc30848-server-thread1] INFO  server.RaftServer$Division (ServerState.java:setRaftConf(393)) - febd5d2c-72de-44b7-b010-e5e9acc30848@group-84E26D0679BC: set configuration 0: [febd5d2c-72de-44b7-b010-e5e9acc30848|rpc:10.1.0.200:36903|dataStream:|priority:0, 8f71354a-19e6-4be6-b89a-dd2f0292058a|rpc:10.1.0.200:41203|dataStream:|priority:1, 44dad4d2-9f73-4874-a36a-585ee387199d|rpc:10.1.0.200:32897|dataStream:|priority:0], old=null
2022-10-13 11:44:33,337 [febd5d2c-72de-44b7-b010-e5e9acc30848-server-thread1] INFO  segmented.SegmentedRaftLogWorker (SegmentedRaftLogWorker.java:startLogSegment(425)) - febd5d2c-72de-44b7-b010-e5e9acc30848@group-84E26D0679BC-SegmentedRaftLogWorker: Starting segment from index:0
2022-10-13 11:44:33,337 [febd5d2c-72de-44b7-b010-e5e9acc30848@group-CA13F6D37BB1-LeaderElection32] INFO  impl.LeaderElection (LeaderElection.java:logAndReturn(90)) - febd5d2c-72de-44b7-b010-e5e9acc30848@group-CA13F6D37BB1-LeaderElection32: ELECTION REJECTED received 1 response(s) and 0 exception(s):
2022-10-13 11:44:33,337 [febd5d2c-72de-44b7-b010-e5e9acc30848@group-CA13F6D37BB1-LeaderElection32] INFO  impl.LeaderElection (LeaderElection.java:logAndReturn(94)) -   Response 0: febd5d2c-72de-44b7-b010-e5e9acc30848<-44dad4d2-9f73-4874-a36a-585ee387199d#0:FAIL-t3
2022-10-13 11:44:33,337 [febd5d2c-72de-44b7-b010-e5e9acc30848@group-CA13F6D37BB1-LeaderElection32] INFO  impl.LeaderElection (LeaderElection.java:askForVotes(312)) - febd5d2c-72de-44b7-b010-e5e9acc30848@group-CA13F6D37BB1-LeaderElection32 ELECTION round 0: result REJECTED
2022-10-13 11:44:33,337 [febd5d2c-72de-44b7-b010-e5e9acc30848@group-CA13F6D37BB1-LeaderElection32] INFO  server.RaftServer$Division (RaftServerImpl.java:setRole(299)) - febd5d2c-72de-44b7-b010-e5e9acc30848@group-CA13F6D37BB1: changes role from CANDIDATE to FOLLOWER at term 3 for REJECTED
2022-10-13 11:44:33,337 [febd5d2c-72de-44b7-b010-e5e9acc30848@group-CA13F6D37BB1-LeaderElection32] INFO  impl.RoleInfo (RoleInfo.java:shutdownLeaderElection(130)) - febd5d2c-72de-44b7-b010-e5e9acc30848: shutdown febd5d2c-72de-44b7-b010-e5e9acc30848@group-CA13F6D37BB1-LeaderElection32
2022-10-13 11:44:33,337 [44dad4d2-9f73-4874-a36a-585ee387199d-server-thread1] INFO  ratis.XceiverServerRatis (XceiverServerRatis.java:handleLeaderChangedNotification(863)) - Leader change notification received for group: group-84E26D0679BC with new leaderId: 8f71354a-19e6-4be6-b89a-dd2f0292058a
2022-10-13 11:44:33,338 [44dad4d2-9f73-4874-a36a-585ee387199d-server-thread1] INFO  server.RaftServer$Division (ServerState.java:setLeader(287)) - 44dad4d2-9f73-4874-a36a-585ee387199d@group-84E26D0679BC: change Leader from null to 8f71354a-19e6-4be6-b89a-dd2f0292058a at term 3 for appendEntries, leader elected after 15428ms
2022-10-13 11:44:33,337 [febd5d2c-72de-44b7-b010-e5e9acc30848@group-CA13F6D37BB1-LeaderElection32] INFO  impl.RoleInfo (RoleInfo.java:updateAndGet(139)) - febd5d2c-72de-44b7-b010-e5e9acc30848: start febd5d2c-72de-44b7-b010-e5e9acc30848@group-CA13F6D37BB1-FollowerState
2022-10-13 11:44:33,339 [febd5d2c-72de-44b7-b010-e5e9acc30848@group-84E26D0679BC-SegmentedRaftLogWorker] INFO  segmented.SegmentedRaftLogWorker (SegmentedRaftLogWorker.java:execute(629)) - febd5d2c-72de-44b7-b010-e5e9acc30848@group-84E26D0679BC-SegmentedRaftLogWorker: created new log segment /home/runner/work/ozone/ozone/hadoop-ozone/integration-test/target/test-dir/MiniOzoneClusterImpl-da935fb3-9ce5-49ab-a67c-f4b3beb884ab/datanode-8/data/ratis/bee47cf9-45fa-4274-95f6-84e26d0679bc/current/log_inprogress_0
2022-10-13 11:44:33,340 [grpc-default-executor-3] INFO  server.RaftServer$Division (RaftServerImpl.java:requestVote(1184)) - 8f71354a-19e6-4be6-b89a-dd2f0292058a@group-CA13F6D37BB1 replies to ELECTION vote request: febd5d2c-72de-44b7-b010-e5e9acc30848<-8f71354a-19e6-4be6-b89a-dd2f0292058a#0:OK-t3. Peer's state: 8f71354a-19e6-4be6-b89a-dd2f0292058a@group-CA13F6D37BB1:t3, leader=null, voted=febd5d2c-72de-44b7-b010-e5e9acc30848, raftlog=8f71354a-19e6-4be6-b89a-dd2f0292058a@group-CA13F6D37BB1-SegmentedRaftLog:OPENED:c-1, conf=-1: [febd5d2c-72de-44b7-b010-e5e9acc30848|rpc:10.1.0.200:36903|dataStream:|priority:0, 8f71354a-19e6-4be6-b89a-dd2f0292058a|rpc:10.1.0.200:41203|dataStream:|priority:0, 44dad4d2-9f73-4874-a36a-585ee387199d|rpc:10.1.0.200:32897|dataStream:|priority:1], old=null
2022-10-13 11:44:33,340 [grpc-default-executor-2] INFO  impl.VoteContext (VoteContext.java:log(48)) - 8f71354a-19e6-4be6-b89a-dd2f0292058a@group-CA13F6D37BB1-FOLLOWER: reject ELECTION from 44dad4d2-9f73-4874-a36a-585ee387199d: already has voted for febd5d2c-72de-44b7-b010-e5e9acc30848 at current term 3
2022-10-13 11:44:33,340 [grpc-default-executor-2] INFO  server.RaftServer$Division (RaftServerImpl.java:requestVote(1184)) - 8f71354a-19e6-4be6-b89a-dd2f0292058a@group-CA13F6D37BB1 replies to ELECTION vote request: 44dad4d2-9f73-4874-a36a-585ee387199d<-8f71354a-19e6-4be6-b89a-dd2f0292058a#0:FAIL-t3. Peer's state: 8f71354a-19e6-4be6-b89a-dd2f0292058a@group-CA13F6D37BB1:t3, leader=null, voted=febd5d2c-72de-44b7-b010-e5e9acc30848, raftlog=8f71354a-19e6-4be6-b89a-dd2f0292058a@group-CA13F6D37BB1-SegmentedRaftLog:OPENED:c-1, conf=-1: [febd5d2c-72de-44b7-b010-e5e9acc30848|rpc:10.1.0.200:36903|dataStream:|priority:0, 8f71354a-19e6-4be6-b89a-dd2f0292058a|rpc:10.1.0.200:41203|dataStream:|priority:0, 44dad4d2-9f73-4874-a36a-585ee387199d|rpc:10.1.0.200:32897|dataStream:|priority:1], old=null
2022-10-13 11:44:33,344 [44dad4d2-9f73-4874-a36a-585ee387199d@group-CA13F6D37BB1-LeaderElection31] INFO  impl.LeaderElection (LeaderElection.java:logAndReturn(90)) - 44dad4d2-9f73-4874-a36a-585ee387199d@group-CA13F6D37BB1-LeaderElection31: ELECTION REJECTED received 2 response(s) and 0 exception(s):
2022-10-13 11:44:33,344 [44dad4d2-9f73-4874-a36a-585ee387199d@group-CA13F6D37BB1-LeaderElection31] INFO  impl.LeaderElection (LeaderElection.java:logAndReturn(94)) -   Response 0: 44dad4d2-9f73-4874-a36a-585ee387199d<-febd5d2c-72de-44b7-b010-e5e9acc30848#0:FAIL-t3
2022-10-13 11:44:33,344 [44dad4d2-9f73-4874-a36a-585ee387199d@group-CA13F6D37BB1-LeaderElection31] INFO  impl.LeaderElection (LeaderElection.java:logAndReturn(94)) -   Response 1: 44dad4d2-9f73-4874-a36a-585ee387199d<-8f71354a-19e6-4be6-b89a-dd2f0292058a#0:FAIL-t3
2022-10-13 11:44:33,348 [44dad4d2-9f73-4874-a36a-585ee387199d@group-CA13F6D37BB1-LeaderElection31] INFO  impl.LeaderElection (LeaderElection.java:askForVotes(312)) - 44dad4d2-9f73-4874-a36a-585ee387199d@group-CA13F6D37BB1-LeaderElection31 ELECTION round 0: result REJECTED
2022-10-13 11:44:33,348 [44dad4d2-9f73-4874-a36a-585ee387199d@group-CA13F6D37BB1-LeaderElection31] INFO  server.RaftServer$Division (RaftServerImpl.java:setRole(299)) - 44dad4d2-9f73-4874-a36a-585ee387199d@group-CA13F6D37BB1: changes role from CANDIDATE to FOLLOWER at term 3 for REJECTED
2022-10-13 11:44:33,348 [44dad4d2-9f73-4874-a36a-585ee387199d@group-CA13F6D37BB1-LeaderElection31] INFO  impl.RoleInfo (RoleInfo.java:shutdownLeaderElection(130)) - 44dad4d2-9f73-4874-a36a-585ee387199d: shutdown 44dad4d2-9f73-4874-a36a-585ee387199d@group-CA13F6D37BB1-LeaderElection31
2022-10-13 11:44:33,348 [44dad4d2-9f73-4874-a36a-585ee387199d@group-CA13F6D37BB1-LeaderElection31] INFO  impl.RoleInfo (RoleInfo.java:updateAndGet(139)) - 44dad4d2-9f73-4874-a36a-585ee387199d: start 44dad4d2-9f73-4874-a36a-585ee387199d@group-CA13F6D37BB1-FollowerState
2022-10-13 11:44:33,351 [44dad4d2-9f73-4874-a36a-585ee387199d-server-thread1] INFO  server.RaftServer$Division (ServerState.java:setRaftConf(393)) - 44dad4d2-9f73-4874-a36a-585ee387199d@group-84E26D0679BC: set configuration 0: [febd5d2c-72de-44b7-b010-e5e9acc30848|rpc:10.1.0.200:36903|dataStream:|priority:0, 8f71354a-19e6-4be6-b89a-dd2f0292058a|rpc:10.1.0.200:41203|dataStream:|priority:1, 44dad4d2-9f73-4874-a36a-585ee387199d|rpc:10.1.0.200:32897|dataStream:|priority:0], old=null
2022-10-13 11:44:33,351 [44dad4d2-9f73-4874-a36a-585ee387199d-server-thread1] INFO  segmented.SegmentedRaftLogWorker (SegmentedRaftLogWorker.java:startLogSegment(425)) - 44dad4d2-9f73-4874-a36a-585ee387199d@group-84E26D0679BC-SegmentedRaftLogWorker: Starting segment from index:0
2022-10-13 11:44:33,355 [44dad4d2-9f73-4874-a36a-585ee387199d@group-84E26D0679BC-SegmentedRaftLogWorker] INFO  segmented.SegmentedRaftLogWorker (SegmentedRaftLogWorker.java:execute(629)) - 44dad4d2-9f73-4874-a36a-585ee387199d@group-84E26D0679BC-SegmentedRaftLogWorker: created new log segment /home/runner/work/ozone/ozone/hadoop-ozone/integration-test/target/test-dir/MiniOzoneClusterImpl-da935fb3-9ce5-49ab-a67c-f4b3beb884ab/datanode-6/data/ratis/bee47cf9-45fa-4274-95f6-84e26d0679bc/current/log_inprogress_0
2022-10-13 11:44:37,361 [1c12248a-391b-407f-adc5-34f451ebab0a@group-D73006B0921B-FollowerState] INFO  impl.FollowerState (FollowerState.java:run(143)) - 1c12248a-391b-407f-adc5-34f451ebab0a@group-D73006B0921B-FollowerState: change to CANDIDATE, lastRpcElapsedTime:5140883969ns, electionTimeout:5135ms
2022-10-13 11:44:37,361 [1c12248a-391b-407f-adc5-34f451ebab0a@group-D73006B0921B-FollowerState] INFO  impl.RoleInfo (RoleInfo.java:shutdownFollowerState(110)) - 1c12248a-391b-407f-adc5-34f451ebab0a: shutdown 1c12248a-391b-407f-adc5-34f451ebab0a@group-D73006B0921B-FollowerState
2022-10-13 11:44:37,361 [1c12248a-391b-407f-adc5-34f451ebab0a@group-D73006B0921B-FollowerState] INFO  server.RaftServer$Division (RaftServerImpl.java:setRole(299)) - 1c12248a-391b-407f-adc5-34f451ebab0a@group-D73006B0921B: changes role from  FOLLOWER to CANDIDATE at term 3 for changeToCandidate
2022-10-13 11:44:37,361 [1c12248a-391b-407f-adc5-34f451ebab0a@group-D73006B0921B-FollowerState] INFO  server.RaftServerConfigKeys (ConfUtils.java:logGet(46)) - raft.server.leaderelection.pre-vote = false (custom)
2022-10-13 11:44:37,361 [1c12248a-391b-407f-adc5-34f451ebab0a@group-D73006B0921B-FollowerState] INFO  impl.RoleInfo (RoleInfo.java:updateAndGet(139)) - 1c12248a-391b-407f-adc5-34f451ebab0a: start 1c12248a-391b-407f-adc5-34f451ebab0a@group-D73006B0921B-LeaderElection34
2022-10-13 11:44:37,364 [1c12248a-391b-407f-adc5-34f451ebab0a@group-D73006B0921B-LeaderElection34] INFO  impl.LeaderElection (LeaderElection.java:askForVotes(310)) - 1c12248a-391b-407f-adc5-34f451ebab0a@group-D73006B0921B-LeaderElection34 ELECTION round 0: submit vote requests at term 4 for -1: [cc783127-5661-4bf3-9a81-5237862e92f6|rpc:10.1.0.200:38555|priority:0, 1c12248a-391b-407f-adc5-34f451ebab0a|rpc:10.1.0.200:39277|priority:1, 5a2944c9-75d7-4a8d-9ead-f995138127cc|rpc:10.1.0.200:42797|priority:0], old=null
2022-10-13 11:44:37,366 [grpc-default-executor-2] INFO  server.RaftServer$Division (RaftServerImpl.java:requestVote(1152)) - 5a2944c9-75d7-4a8d-9ead-f995138127cc@group-D73006B0921B: receive requestVote(ELECTION, 1c12248a-391b-407f-adc5-34f451ebab0a, group-D73006B0921B, 4, (t:0, i:0))
2022-10-13 11:44:37,366 [grpc-default-executor-2] INFO  impl.VoteContext (VoteContext.java:log(48)) - 5a2944c9-75d7-4a8d-9ead-f995138127cc@group-D73006B0921B-FOLLOWER: accept ELECTION from 1c12248a-391b-407f-adc5-34f451ebab0a: our priority 0 <= candidate's priority 1
2022-10-13 11:44:37,366 [grpc-default-executor-2] INFO  server.RaftServer$Division (RaftServerImpl.java:setRole(299)) - 5a2944c9-75d7-4a8d-9ead-f995138127cc@group-D73006B0921B: changes role from  FOLLOWER to FOLLOWER at term 4 for candidate:1c12248a-391b-407f-adc5-34f451ebab0a
2022-10-13 11:44:37,366 [grpc-default-executor-2] INFO  impl.RoleInfo (RoleInfo.java:shutdownFollowerState(110)) - 5a2944c9-75d7-4a8d-9ead-f995138127cc: shutdown 5a2944c9-75d7-4a8d-9ead-f995138127cc@group-D73006B0921B-FollowerState
2022-10-13 11:44:37,366 [grpc-default-executor-2] INFO  impl.RoleInfo (RoleInfo.java:updateAndGet(139)) - 5a2944c9-75d7-4a8d-9ead-f995138127cc: start 5a2944c9-75d7-4a8d-9ead-f995138127cc@group-D73006B0921B-FollowerState
2022-10-13 11:44:37,366 [5a2944c9-75d7-4a8d-9ead-f995138127cc@group-D73006B0921B-FollowerState] INFO  impl.FollowerState (FollowerState.java:run(152)) - 5a2944c9-75d7-4a8d-9ead-f995138127cc@group-D73006B0921B-FollowerState was interrupted
2022-10-13 11:44:37,367 [grpc-default-executor-4] INFO  server.RaftServer$Division (RaftServerImpl.java:requestVote(1152)) - cc783127-5661-4bf3-9a81-5237862e92f6@group-D73006B0921B: receive requestVote(ELECTION, 1c12248a-391b-407f-adc5-34f451ebab0a, group-D73006B0921B, 4, (t:0, i:0))
2022-10-13 11:44:37,367 [grpc-default-executor-4] INFO  impl.VoteContext (VoteContext.java:log(48)) - cc783127-5661-4bf3-9a81-5237862e92f6@group-D73006B0921B-FOLLOWER: accept ELECTION from 1c12248a-391b-407f-adc5-34f451ebab0a: our priority 0 <= candidate's priority 1
2022-10-13 11:44:37,367 [grpc-default-executor-4] INFO  server.RaftServer$Division (RaftServerImpl.java:setRole(299)) - cc783127-5661-4bf3-9a81-5237862e92f6@group-D73006B0921B: changes role from  FOLLOWER to FOLLOWER at term 4 for candidate:1c12248a-391b-407f-adc5-34f451ebab0a
2022-10-13 11:44:37,367 [grpc-default-executor-4] INFO  impl.RoleInfo (RoleInfo.java:shutdownFollowerState(110)) - cc783127-5661-4bf3-9a81-5237862e92f6: shutdown cc783127-5661-4bf3-9a81-5237862e92f6@group-D73006B0921B-FollowerState
2022-10-13 11:44:37,367 [grpc-default-executor-4] INFO  impl.RoleInfo (RoleInfo.java:updateAndGet(139)) - cc783127-5661-4bf3-9a81-5237862e92f6: start cc783127-5661-4bf3-9a81-5237862e92f6@group-D73006B0921B-FollowerState
2022-10-13 11:44:37,367 [cc783127-5661-4bf3-9a81-5237862e92f6@group-D73006B0921B-FollowerState] INFO  impl.FollowerState (FollowerState.java:run(152)) - cc783127-5661-4bf3-9a81-5237862e92f6@group-D73006B0921B-FollowerState was interrupted
2022-10-13 11:44:37,369 [grpc-default-executor-2] INFO  server.RaftServer$Division (RaftServerImpl.java:requestVote(1184)) - 5a2944c9-75d7-4a8d-9ead-f995138127cc@group-D73006B0921B replies to ELECTION vote request: 1c12248a-391b-407f-adc5-34f451ebab0a<-5a2944c9-75d7-4a8d-9ead-f995138127cc#0:OK-t4. Peer's state: 5a2944c9-75d7-4a8d-9ead-f995138127cc@group-D73006B0921B:t4, leader=null, voted=1c12248a-391b-407f-adc5-34f451ebab0a, raftlog=5a2944c9-75d7-4a8d-9ead-f995138127cc@group-D73006B0921B-SegmentedRaftLog:OPENED:c-1, conf=-1: [cc783127-5661-4bf3-9a81-5237862e92f6|rpc:10.1.0.200:38555|dataStream:|priority:0, 1c12248a-391b-407f-adc5-34f451ebab0a|rpc:10.1.0.200:39277|dataStream:|priority:1, 5a2944c9-75d7-4a8d-9ead-f995138127cc|rpc:10.1.0.200:42797|dataStream:|priority:0], old=null
2022-10-13 11:44:37,370 [1c12248a-391b-407f-adc5-34f451ebab0a@group-D73006B0921B-LeaderElection34] INFO  impl.LeaderElection (LeaderElection.java:logAndReturn(90)) - 1c12248a-391b-407f-adc5-34f451ebab0a@group-D73006B0921B-LeaderElection34: ELECTION PASSED received 1 response(s) and 0 exception(s):
2022-10-13 11:44:37,370 [1c12248a-391b-407f-adc5-34f451ebab0a@group-D73006B0921B-LeaderElection34] INFO  impl.LeaderElection (LeaderElection.java:logAndReturn(94)) -   Response 0: 1c12248a-391b-407f-adc5-34f451ebab0a<-5a2944c9-75d7-4a8d-9ead-f995138127cc#0:OK-t4
2022-10-13 11:44:37,370 [1c12248a-391b-407f-adc5-34f451ebab0a@group-D73006B0921B-LeaderElection34] INFO  impl.LeaderElection (LeaderElection.java:askForVotes(312)) - 1c12248a-391b-407f-adc5-34f451ebab0a@group-D73006B0921B-LeaderElection34 ELECTION round 0: result PASSED
2022-10-13 11:44:37,370 [1c12248a-391b-407f-adc5-34f451ebab0a@group-D73006B0921B-LeaderElection34] INFO  impl.RoleInfo (RoleInfo.java:shutdownLeaderElection(130)) - 1c12248a-391b-407f-adc5-34f451ebab0a: shutdown 1c12248a-391b-407f-adc5-34f451ebab0a@group-D73006B0921B-LeaderElection34
2022-10-13 11:44:37,370 [1c12248a-391b-407f-adc5-34f451ebab0a@group-D73006B0921B-LeaderElection34] INFO  server.RaftServer$Division (RaftServerImpl.java:setRole(299)) - 1c12248a-391b-407f-adc5-34f451ebab0a@group-D73006B0921B: changes role from CANDIDATE to LEADER at term 4 for changeToLeader
2022-10-13 11:44:37,370 [1c12248a-391b-407f-adc5-34f451ebab0a@group-D73006B0921B-LeaderElection34] INFO  ratis.XceiverServerRatis (XceiverServerRatis.java:handleLeaderChangedNotification(863)) - Leader change notification received for group: group-D73006B0921B with new leaderId: 1c12248a-391b-407f-adc5-34f451ebab0a
2022-10-13 11:44:37,370 [1c12248a-391b-407f-adc5-34f451ebab0a@group-D73006B0921B-LeaderElection34] INFO  server.RaftServer$Division (ServerState.java:setLeader(287)) - 1c12248a-391b-407f-adc5-34f451ebab0a@group-D73006B0921B: change Leader from null to 1c12248a-391b-407f-adc5-34f451ebab0a at term 4 for becomeLeader, leader elected after 20469ms
2022-10-13 11:44:37,370 [1c12248a-391b-407f-adc5-34f451ebab0a@group-D73006B0921B-LeaderElection34] INFO  server.RaftServerConfigKeys (ConfUtils.java:logGet(46)) - raft.server.staging.catchup.gap = 1000 (default)
2022-10-13 11:44:37,370 [1c12248a-391b-407f-adc5-34f451ebab0a@group-D73006B0921B-LeaderElection34] INFO  server.RaftServerConfigKeys (ConfUtils.java:logGet(46)) - raft.server.write.element-limit = 1024 (custom)
2022-10-13 11:44:37,370 [1c12248a-391b-407f-adc5-34f451ebab0a@group-D73006B0921B-LeaderElection34] INFO  server.RaftServerConfigKeys (ConfUtils.java:logGet(46)) - raft.server.write.byte-limit = 1024 M (=1073741824) (custom)
2022-10-13 11:44:37,371 [1c12248a-391b-407f-adc5-34f451ebab0a@group-D73006B0921B-LeaderElection34] INFO  server.RaftServerConfigKeys (ConfUtils.java:logGet(46)) - raft.server.watch.timeout = 180s (custom)
2022-10-13 11:44:37,371 [1c12248a-391b-407f-adc5-34f451ebab0a@group-D73006B0921B-LeaderElection34] INFO  server.RaftServerConfigKeys (ConfUtils.java:logGet(46)) - raft.server.watch.timeout.denomination = 1s (default)
2022-10-13 11:44:37,371 [1c12248a-391b-407f-adc5-34f451ebab0a@group-D73006B0921B-LeaderElection34] INFO  server.RaftServerConfigKeys (ConfUtils.java:logGet(46)) - raft.server.watch.element-limit = 65536 (default)
2022-10-13 11:44:37,371 [1c12248a-391b-407f-adc5-34f451ebab0a@group-D73006B0921B-LeaderElection34] INFO  server.RaftServerConfigKeys (ConfUtils.java:logGet(46)) - raft.server.write.element-limit = 1024 (custom)
2022-10-13 11:44:37,371 [1c12248a-391b-407f-adc5-34f451ebab0a@group-D73006B0921B-LeaderElection34] INFO  server.RaftServerConfigKeys (ConfUtils.java:logGet(46)) - raft.server.write.follower.gap.ratio.max = -1.0 (default)
2022-10-13 11:44:37,371 [1c12248a-391b-407f-adc5-34f451ebab0a@group-D73006B0921B-LeaderElection34] INFO  server.RaftServerConfigKeys (ConfUtils.java:logGet(46)) - raft.server.log.appender.snapshot.chunk.size.max = 16MB (=16777216) (default)
2022-10-13 11:44:37,371 [1c12248a-391b-407f-adc5-34f451ebab0a@group-D73006B0921B-LeaderElection34] INFO  server.RaftServerConfigKeys (ConfUtils.java:logGet(46)) - raft.server.log.appender.buffer.byte-limit = 33554432 (custom)
2022-10-13 11:44:37,371 [1c12248a-391b-407f-adc5-34f451ebab0a@group-D73006B0921B-LeaderElection34] INFO  server.RaftServerConfigKeys (ConfUtils.java:logGet(46)) - raft.server.log.appender.buffer.element-limit = 1 (custom)
2022-10-13 11:44:37,371 [1c12248a-391b-407f-adc5-34f451ebab0a@group-D73006B0921B-LeaderElection34] INFO  grpc.GrpcConfigKeys (ConfUtils.java:logGet(46)) - raft.grpc.server.leader.outstanding.appends.max = 128 (default)
2022-10-13 11:44:37,372 [1c12248a-391b-407f-adc5-34f451ebab0a@group-D73006B0921B-LeaderElection34] INFO  server.RaftServerConfigKeys (ConfUtils.java:logGet(46)) - raft.server.rpc.request.timeout = 60s (custom)
2022-10-13 11:44:37,372 [1c12248a-391b-407f-adc5-34f451ebab0a@group-D73006B0921B-LeaderElection34] INFO  server.RaftServerConfigKeys (ConfUtils.java:logGet(46)) - raft.server.log.appender.install.snapshot.enabled = false (custom)
2022-10-13 11:44:37,372 [1c12248a-391b-407f-adc5-34f451ebab0a@group-D73006B0921B-LeaderElection34] INFO  server.RaftServerConfigKeys (ConfUtils.java:logGet(46)) - raft.server.log.appender.snapshot.chunk.size.max = 16MB (=16777216) (default)
2022-10-13 11:44:37,372 [1c12248a-391b-407f-adc5-34f451ebab0a@group-D73006B0921B-LeaderElection34] INFO  server.RaftServerConfigKeys (ConfUtils.java:logGet(46)) - raft.server.log.appender.buffer.byte-limit = 33554432 (custom)
2022-10-13 11:44:37,372 [1c12248a-391b-407f-adc5-34f451ebab0a@group-D73006B0921B-LeaderElection34] INFO  server.RaftServerConfigKeys (ConfUtils.java:logGet(46)) - raft.server.log.appender.buffer.element-limit = 1 (custom)
2022-10-13 11:44:37,372 [1c12248a-391b-407f-adc5-34f451ebab0a@group-D73006B0921B-LeaderElection34] INFO  grpc.GrpcConfigKeys (ConfUtils.java:logGet(46)) - raft.grpc.server.leader.outstanding.appends.max = 128 (default)
2022-10-13 11:44:37,372 [1c12248a-391b-407f-adc5-34f451ebab0a@group-D73006B0921B-LeaderElection34] INFO  server.RaftServerConfigKeys (ConfUtils.java:logGet(46)) - raft.server.rpc.request.timeout = 60s (custom)
2022-10-13 11:44:37,372 [1c12248a-391b-407f-adc5-34f451ebab0a@group-D73006B0921B-LeaderElection34] INFO  server.RaftServerConfigKeys (ConfUtils.java:logGet(46)) - raft.server.log.appender.install.snapshot.enabled = false (custom)
2022-10-13 11:44:37,373 [1c12248a-391b-407f-adc5-34f451ebab0a@group-D73006B0921B-LeaderElection34] INFO  impl.RoleInfo (RoleInfo.java:updateAndGet(139)) - 1c12248a-391b-407f-adc5-34f451ebab0a: start 1c12248a-391b-407f-adc5-34f451ebab0a@group-D73006B0921B-LeaderStateImpl
2022-10-13 11:44:37,373 [1c12248a-391b-407f-adc5-34f451ebab0a@group-D73006B0921B-LeaderElection34] INFO  segmented.SegmentedRaftLogWorker (SegmentedRaftLogWorker.java:startLogSegment(425)) - 1c12248a-391b-407f-adc5-34f451ebab0a@group-D73006B0921B-SegmentedRaftLogWorker: Starting segment from index:0
2022-10-13 11:44:37,373 [grpc-default-executor-4] INFO  server.RaftServer$Division (RaftServerImpl.java:requestVote(1184)) - cc783127-5661-4bf3-9a81-5237862e92f6@group-D73006B0921B replies to ELECTION vote request: 1c12248a-391b-407f-adc5-34f451ebab0a<-cc783127-5661-4bf3-9a81-5237862e92f6#0:OK-t4. Peer's state: cc783127-5661-4bf3-9a81-5237862e92f6@group-D73006B0921B:t4, leader=null, voted=1c12248a-391b-407f-adc5-34f451ebab0a, raftlog=cc783127-5661-4bf3-9a81-5237862e92f6@group-D73006B0921B-SegmentedRaftLog:OPENED:c-1, conf=-1: [cc783127-5661-4bf3-9a81-5237862e92f6|rpc:10.1.0.200:38555|dataStream:|priority:0, 1c12248a-391b-407f-adc5-34f451ebab0a|rpc:10.1.0.200:39277|dataStream:|priority:1, 5a2944c9-75d7-4a8d-9ead-f995138127cc|rpc:10.1.0.200:42797|dataStream:|priority:0], old=null
2022-10-13 11:44:37,374 [EventQueue-PipelineReportForPipelineReportHandler] INFO  pipeline.PipelineManagerImpl (PipelineManagerImpl.java:openPipeline(367)) - Pipeline Pipeline[ Id: 2b8544c2-36d0-408c-8d41-d73006b0921b, Nodes: cc783127-5661-4bf3-9a81-5237862e92f6{ip: 10.1.0.200, host: fv-az91-750.1u4dveb1r3ruphbftqvtwhitpc.gx.internal.cloudapp.net, ports: [REPLICATION=36473, RATIS=38555, RATIS_ADMIN=38555, RATIS_SERVER=38555, STANDALONE=34631], networkLocation: /default-rack, certSerialId: null, persistedOpState: IN_SERVICE, persistedOpStateExpiryEpochSec: 0}1c12248a-391b-407f-adc5-34f451ebab0a{ip: 10.1.0.200, host: fv-az91-750.1u4dveb1r3ruphbftqvtwhitpc.gx.internal.cloudapp.net, ports: [REPLICATION=34569, RATIS=39277, RATIS_ADMIN=39277, RATIS_SERVER=39277, STANDALONE=37067], networkLocation: /default-rack, certSerialId: null, persistedOpState: IN_SERVICE, persistedOpStateExpiryEpochSec: 0}5a2944c9-75d7-4a8d-9ead-f995138127cc{ip: 10.1.0.200, host: fv-az91-750.1u4dveb1r3ruphbftqvtwhitpc.gx.internal.cloudapp.net, ports: [REPLICATION=42491, RATIS=42797, RATIS_ADMIN=42797, RATIS_SERVER=42797, STANDALONE=35485], networkLocation: /default-rack, certSerialId: null, persistedOpState: IN_SERVICE, persistedOpStateExpiryEpochSec: 0}, ReplicationConfig: RATIS/THREE, State:ALLOCATED, leaderId:1c12248a-391b-407f-adc5-34f451ebab0a, CreationTimestamp2022-10-13T11:44:14.410Z[Etc/UTC]] moved to OPEN state
2022-10-13 11:44:37,376 [1c12248a-391b-407f-adc5-34f451ebab0a@group-D73006B0921B-SegmentedRaftLogWorker] INFO  segmented.SegmentedRaftLogWorker (SegmentedRaftLogWorker.java:execute(629)) - 1c12248a-391b-407f-adc5-34f451ebab0a@group-D73006B0921B-SegmentedRaftLogWorker: created new log segment /home/runner/work/ozone/ozone/hadoop-ozone/integration-test/target/test-dir/MiniOzoneClusterImpl-da935fb3-9ce5-49ab-a67c-f4b3beb884ab/datanode-3/data/ratis/2b8544c2-36d0-408c-8d41-d73006b0921b/current/log_inprogress_0
2022-10-13 11:44:37,384 [1c12248a-391b-407f-adc5-34f451ebab0a@group-D73006B0921B-LeaderElection34] INFO  server.RaftServer$Division (ServerState.java:setRaftConf(393)) - 1c12248a-391b-407f-adc5-34f451ebab0a@group-D73006B0921B: set configuration 0: [cc783127-5661-4bf3-9a81-5237862e92f6|rpc:10.1.0.200:38555|dataStream:|priority:0, 1c12248a-391b-407f-adc5-34f451ebab0a|rpc:10.1.0.200:39277|dataStream:|priority:1, 5a2944c9-75d7-4a8d-9ead-f995138127cc|rpc:10.1.0.200:42797|dataStream:|priority:0], old=null
2022-10-13 11:44:37,387 [cc783127-5661-4bf3-9a81-5237862e92f6-server-thread1] INFO  ratis.XceiverServerRatis (XceiverServerRatis.java:handleLeaderChangedNotification(863)) - Leader change notification received for group: group-D73006B0921B with new leaderId: 1c12248a-391b-407f-adc5-34f451ebab0a
2022-10-13 11:44:37,387 [cc783127-5661-4bf3-9a81-5237862e92f6-server-thread1] INFO  server.RaftServer$Division (ServerState.java:setLeader(287)) - cc783127-5661-4bf3-9a81-5237862e92f6@group-D73006B0921B: change Leader from null to 1c12248a-391b-407f-adc5-34f451ebab0a at term 4 for appendEntries, leader elected after 20451ms
2022-10-13 11:44:37,391 [5a2944c9-75d7-4a8d-9ead-f995138127cc-server-thread1] INFO  ratis.XceiverServerRatis (XceiverServerRatis.java:handleLeaderChangedNotification(863)) - Leader change notification received for group: group-D73006B0921B with new leaderId: 1c12248a-391b-407f-adc5-34f451ebab0a
2022-10-13 11:44:37,391 [5a2944c9-75d7-4a8d-9ead-f995138127cc-server-thread1] INFO  server.RaftServer$Division (ServerState.java:setLeader(287)) - 5a2944c9-75d7-4a8d-9ead-f995138127cc@group-D73006B0921B: change Leader from null to 1c12248a-391b-407f-adc5-34f451ebab0a at term 4 for appendEntries, leader elected after 20419ms
2022-10-13 11:44:37,394 [cc783127-5661-4bf3-9a81-5237862e92f6-server-thread2] INFO  server.RaftServer$Division (ServerState.java:setRaftConf(393)) - cc783127-5661-4bf3-9a81-5237862e92f6@group-D73006B0921B: set configuration 0: [cc783127-5661-4bf3-9a81-5237862e92f6|rpc:10.1.0.200:38555|dataStream:|priority:0, 1c12248a-391b-407f-adc5-34f451ebab0a|rpc:10.1.0.200:39277|dataStream:|priority:1, 5a2944c9-75d7-4a8d-9ead-f995138127cc|rpc:10.1.0.200:42797|dataStream:|priority:0], old=null
2022-10-13 11:44:37,394 [cc783127-5661-4bf3-9a81-5237862e92f6-server-thread2] INFO  segmented.SegmentedRaftLogWorker (SegmentedRaftLogWorker.java:startLogSegment(425)) - cc783127-5661-4bf3-9a81-5237862e92f6@group-D73006B0921B-SegmentedRaftLogWorker: Starting segment from index:0
2022-10-13 11:44:37,398 [cc783127-5661-4bf3-9a81-5237862e92f6@group-D73006B0921B-SegmentedRaftLogWorker] INFO  segmented.SegmentedRaftLogWorker (SegmentedRaftLogWorker.java:execute(629)) - cc783127-5661-4bf3-9a81-5237862e92f6@group-D73006B0921B-SegmentedRaftLogWorker: created new log segment /home/runner/work/ozone/ozone/hadoop-ozone/integration-test/target/test-dir/MiniOzoneClusterImpl-da935fb3-9ce5-49ab-a67c-f4b3beb884ab/datanode-4/data/ratis/2b8544c2-36d0-408c-8d41-d73006b0921b/current/log_inprogress_0
2022-10-13 11:44:37,398 [5a2944c9-75d7-4a8d-9ead-f995138127cc-server-thread2] INFO  server.RaftServer$Division (ServerState.java:setRaftConf(393)) - 5a2944c9-75d7-4a8d-9ead-f995138127cc@group-D73006B0921B: set configuration 0: [cc783127-5661-4bf3-9a81-5237862e92f6|rpc:10.1.0.200:38555|dataStream:|priority:0, 1c12248a-391b-407f-adc5-34f451ebab0a|rpc:10.1.0.200:39277|dataStream:|priority:1, 5a2944c9-75d7-4a8d-9ead-f995138127cc|rpc:10.1.0.200:42797|dataStream:|priority:0], old=null
2022-10-13 11:44:37,400 [5a2944c9-75d7-4a8d-9ead-f995138127cc-server-thread2] INFO  segmented.SegmentedRaftLogWorker (SegmentedRaftLogWorker.java:startLogSegment(425)) - 5a2944c9-75d7-4a8d-9ead-f995138127cc@group-D73006B0921B-SegmentedRaftLogWorker: Starting segment from index:0
2022-10-13 11:44:37,402 [5a2944c9-75d7-4a8d-9ead-f995138127cc@group-D73006B0921B-SegmentedRaftLogWorker] INFO  segmented.SegmentedRaftLogWorker (SegmentedRaftLogWorker.java:execute(629)) - 5a2944c9-75d7-4a8d-9ead-f995138127cc@group-D73006B0921B-SegmentedRaftLogWorker: created new log segment /home/runner/work/ozone/ozone/hadoop-ozone/integration-test/target/test-dir/MiniOzoneClusterImpl-da935fb3-9ce5-49ab-a67c-f4b3beb884ab/datanode-5/data/ratis/2b8544c2-36d0-408c-8d41-d73006b0921b/current/log_inprogress_0
2022-10-13 11:44:38,376 [44dad4d2-9f73-4874-a36a-585ee387199d@group-CA13F6D37BB1-FollowerState] INFO  impl.FollowerState (FollowerState.java:run(143)) - 44dad4d2-9f73-4874-a36a-585ee387199d@group-CA13F6D37BB1-FollowerState: change to CANDIDATE, lastRpcElapsedTime:5027388618ns, electionTimeout:5024ms
2022-10-13 11:44:38,376 [44dad4d2-9f73-4874-a36a-585ee387199d@group-CA13F6D37BB1-FollowerState] INFO  impl.RoleInfo (RoleInfo.java:shutdownFollowerState(110)) - 44dad4d2-9f73-4874-a36a-585ee387199d: shutdown 44dad4d2-9f73-4874-a36a-585ee387199d@group-CA13F6D37BB1-FollowerState
2022-10-13 11:44:38,376 [44dad4d2-9f73-4874-a36a-585ee387199d@group-CA13F6D37BB1-FollowerState] INFO  server.RaftServer$Division (RaftServerImpl.java:setRole(299)) - 44dad4d2-9f73-4874-a36a-585ee387199d@group-CA13F6D37BB1: changes role from  FOLLOWER to CANDIDATE at term 3 for changeToCandidate
2022-10-13 11:44:38,376 [44dad4d2-9f73-4874-a36a-585ee387199d@group-CA13F6D37BB1-FollowerState] INFO  server.RaftServerConfigKeys (ConfUtils.java:logGet(46)) - raft.server.leaderelection.pre-vote = false (custom)
2022-10-13 11:44:38,376 [44dad4d2-9f73-4874-a36a-585ee387199d@group-CA13F6D37BB1-FollowerState] INFO  impl.RoleInfo (RoleInfo.java:updateAndGet(139)) - 44dad4d2-9f73-4874-a36a-585ee387199d: start 44dad4d2-9f73-4874-a36a-585ee387199d@group-CA13F6D37BB1-LeaderElection35
2022-10-13 11:44:38,377 [44dad4d2-9f73-4874-a36a-585ee387199d@group-CA13F6D37BB1-LeaderElection35] INFO  impl.LeaderElection (LeaderElection.java:askForVotes(310)) - 44dad4d2-9f73-4874-a36a-585ee387199d@group-CA13F6D37BB1-LeaderElection35 ELECTION round 0: submit vote requests at term 4 for -1: [febd5d2c-72de-44b7-b010-e5e9acc30848|rpc:10.1.0.200:36903|priority:0, 8f71354a-19e6-4be6-b89a-dd2f0292058a|rpc:10.1.0.200:41203|priority:0, 44dad4d2-9f73-4874-a36a-585ee387199d|rpc:10.1.0.200:32897|priority:1], old=null
2022-10-13 11:44:38,380 [grpc-default-executor-4] INFO  server.RaftServer$Division (RaftServerImpl.java:requestVote(1152)) - 8f71354a-19e6-4be6-b89a-dd2f0292058a@group-CA13F6D37BB1: receive requestVote(ELECTION, 44dad4d2-9f73-4874-a36a-585ee387199d, group-CA13F6D37BB1, 4, (t:0, i:0))
2022-10-13 11:44:38,380 [grpc-default-executor-4] INFO  impl.VoteContext (VoteContext.java:log(48)) - 8f71354a-19e6-4be6-b89a-dd2f0292058a@group-CA13F6D37BB1-FOLLOWER: accept ELECTION from 44dad4d2-9f73-4874-a36a-585ee387199d: our priority 0 <= candidate's priority 1
2022-10-13 11:44:38,380 [grpc-default-executor-4] INFO  server.RaftServer$Division (RaftServerImpl.java:setRole(299)) - 8f71354a-19e6-4be6-b89a-dd2f0292058a@group-CA13F6D37BB1: changes role from  FOLLOWER to FOLLOWER at term 4 for candidate:44dad4d2-9f73-4874-a36a-585ee387199d
2022-10-13 11:44:38,380 [grpc-default-executor-4] INFO  impl.RoleInfo (RoleInfo.java:shutdownFollowerState(110)) - 8f71354a-19e6-4be6-b89a-dd2f0292058a: shutdown 8f71354a-19e6-4be6-b89a-dd2f0292058a@group-CA13F6D37BB1-FollowerState
2022-10-13 11:44:38,380 [grpc-default-executor-4] INFO  impl.RoleInfo (RoleInfo.java:updateAndGet(139)) - 8f71354a-19e6-4be6-b89a-dd2f0292058a: start 8f71354a-19e6-4be6-b89a-dd2f0292058a@group-CA13F6D37BB1-FollowerState
2022-10-13 11:44:38,380 [8f71354a-19e6-4be6-b89a-dd2f0292058a@group-CA13F6D37BB1-FollowerState] INFO  impl.FollowerState (FollowerState.java:run(152)) - 8f71354a-19e6-4be6-b89a-dd2f0292058a@group-CA13F6D37BB1-FollowerState was interrupted
2022-10-13 11:44:38,382 [grpc-default-executor-3] INFO  server.RaftServer$Division (RaftServerImpl.java:requestVote(1152)) - febd5d2c-72de-44b7-b010-e5e9acc30848@group-CA13F6D37BB1: receive requestVote(ELECTION, 44dad4d2-9f73-4874-a36a-585ee387199d, group-CA13F6D37BB1, 4, (t:0, i:0))
2022-10-13 11:44:38,382 [grpc-default-executor-3] INFO  impl.VoteContext (VoteContext.java:log(48)) - febd5d2c-72de-44b7-b010-e5e9acc30848@group-CA13F6D37BB1-FOLLOWER: accept ELECTION from 44dad4d2-9f73-4874-a36a-585ee387199d: our priority 0 <= candidate's priority 1
2022-10-13 11:44:38,382 [grpc-default-executor-3] INFO  server.RaftServer$Division (RaftServerImpl.java:setRole(299)) - febd5d2c-72de-44b7-b010-e5e9acc30848@group-CA13F6D37BB1: changes role from  FOLLOWER to FOLLOWER at term 4 for candidate:44dad4d2-9f73-4874-a36a-585ee387199d
2022-10-13 11:44:38,382 [grpc-default-executor-3] INFO  impl.RoleInfo (RoleInfo.java:shutdownFollowerState(110)) - febd5d2c-72de-44b7-b010-e5e9acc30848: shutdown febd5d2c-72de-44b7-b010-e5e9acc30848@group-CA13F6D37BB1-FollowerState
2022-10-13 11:44:38,382 [grpc-default-executor-3] INFO  impl.RoleInfo (RoleInfo.java:updateAndGet(139)) - febd5d2c-72de-44b7-b010-e5e9acc30848: start febd5d2c-72de-44b7-b010-e5e9acc30848@group-CA13F6D37BB1-FollowerState
2022-10-13 11:44:38,382 [febd5d2c-72de-44b7-b010-e5e9acc30848@group-CA13F6D37BB1-FollowerState] INFO  impl.FollowerState (FollowerState.java:run(152)) - febd5d2c-72de-44b7-b010-e5e9acc30848@group-CA13F6D37BB1-FollowerState was interrupted
2022-10-13 11:44:38,384 [grpc-default-executor-4] INFO  server.RaftServer$Division (RaftServerImpl.java:requestVote(1184)) - 8f71354a-19e6-4be6-b89a-dd2f0292058a@group-CA13F6D37BB1 replies to ELECTION vote request: 44dad4d2-9f73-4874-a36a-585ee387199d<-8f71354a-19e6-4be6-b89a-dd2f0292058a#0:OK-t4. Peer's state: 8f71354a-19e6-4be6-b89a-dd2f0292058a@group-CA13F6D37BB1:t4, leader=null, voted=44dad4d2-9f73-4874-a36a-585ee387199d, raftlog=8f71354a-19e6-4be6-b89a-dd2f0292058a@group-CA13F6D37BB1-SegmentedRaftLog:OPENED:c-1, conf=-1: [febd5d2c-72de-44b7-b010-e5e9acc30848|rpc:10.1.0.200:36903|dataStream:|priority:0, 8f71354a-19e6-4be6-b89a-dd2f0292058a|rpc:10.1.0.200:41203|dataStream:|priority:0, 44dad4d2-9f73-4874-a36a-585ee387199d|rpc:10.1.0.200:32897|dataStream:|priority:1], old=null
2022-10-13 11:44:38,384 [grpc-default-executor-3] INFO  server.RaftServer$Division (RaftServerImpl.java:requestVote(1184)) - febd5d2c-72de-44b7-b010-e5e9acc30848@group-CA13F6D37BB1 replies to ELECTION vote request: 44dad4d2-9f73-4874-a36a-585ee387199d<-febd5d2c-72de-44b7-b010-e5e9acc30848#0:OK-t4. Peer's state: febd5d2c-72de-44b7-b010-e5e9acc30848@group-CA13F6D37BB1:t4, leader=null, voted=44dad4d2-9f73-4874-a36a-585ee387199d, raftlog=febd5d2c-72de-44b7-b010-e5e9acc30848@group-CA13F6D37BB1-SegmentedRaftLog:OPENED:c-1, conf=-1: [febd5d2c-72de-44b7-b010-e5e9acc30848|rpc:10.1.0.200:36903|dataStream:|priority:0, 8f71354a-19e6-4be6-b89a-dd2f0292058a|rpc:10.1.0.200:41203|dataStream:|priority:0, 44dad4d2-9f73-4874-a36a-585ee387199d|rpc:10.1.0.200:32897|dataStream:|priority:1], old=null
2022-10-13 11:44:38,385 [44dad4d2-9f73-4874-a36a-585ee387199d@group-CA13F6D37BB1-LeaderElection35] INFO  impl.LeaderElection (LeaderElection.java:logAndReturn(90)) - 44dad4d2-9f73-4874-a36a-585ee387199d@group-CA13F6D37BB1-LeaderElection35: ELECTION PASSED received 1 response(s) and 0 exception(s):
2022-10-13 11:44:38,385 [44dad4d2-9f73-4874-a36a-585ee387199d@group-CA13F6D37BB1-LeaderElection35] INFO  impl.LeaderElection (LeaderElection.java:logAndReturn(94)) -   Response 0: 44dad4d2-9f73-4874-a36a-585ee387199d<-8f71354a-19e6-4be6-b89a-dd2f0292058a#0:OK-t4
2022-10-13 11:44:38,385 [44dad4d2-9f73-4874-a36a-585ee387199d@group-CA13F6D37BB1-LeaderElection35] INFO  impl.LeaderElection (LeaderElection.java:askForVotes(312)) - 44dad4d2-9f73-4874-a36a-585ee387199d@group-CA13F6D37BB1-LeaderElection35 ELECTION round 0: result PASSED
2022-10-13 11:44:38,385 [44dad4d2-9f73-4874-a36a-585ee387199d@group-CA13F6D37BB1-LeaderElection35] INFO  impl.RoleInfo (RoleInfo.java:shutdownLeaderElection(130)) - 44dad4d2-9f73-4874-a36a-585ee387199d: shutdown 44dad4d2-9f73-4874-a36a-585ee387199d@group-CA13F6D37BB1-LeaderElection35
2022-10-13 11:44:38,385 [44dad4d2-9f73-4874-a36a-585ee387199d@group-CA13F6D37BB1-LeaderElection35] INFO  server.RaftServer$Division (RaftServerImpl.java:setRole(299)) - 44dad4d2-9f73-4874-a36a-585ee387199d@group-CA13F6D37BB1: changes role from CANDIDATE to LEADER at term 4 for changeToLeader
2022-10-13 11:44:38,385 [44dad4d2-9f73-4874-a36a-585ee387199d@group-CA13F6D37BB1-LeaderElection35] INFO  ratis.XceiverServerRatis (XceiverServerRatis.java:handleLeaderChangedNotification(863)) - Leader change notification received for group: group-CA13F6D37BB1 with new leaderId: 44dad4d2-9f73-4874-a36a-585ee387199d
2022-10-13 11:44:38,385 [44dad4d2-9f73-4874-a36a-585ee387199d@group-CA13F6D37BB1-LeaderElection35] INFO  server.RaftServer$Division (ServerState.java:setLeader(287)) - 44dad4d2-9f73-4874-a36a-585ee387199d@group-CA13F6D37BB1: change Leader from null to 44dad4d2-9f73-4874-a36a-585ee387199d at term 4 for becomeLeader, leader elected after 20572ms
2022-10-13 11:44:38,385 [44dad4d2-9f73-4874-a36a-585ee387199d@group-CA13F6D37BB1-LeaderElection35] INFO  server.RaftServerConfigKeys (ConfUtils.java:logGet(46)) - raft.server.staging.catchup.gap = 1000 (default)
2022-10-13 11:44:38,385 [44dad4d2-9f73-4874-a36a-585ee387199d@group-CA13F6D37BB1-LeaderElection35] INFO  server.RaftServerConfigKeys (ConfUtils.java:logGet(46)) - raft.server.write.element-limit = 1024 (custom)
2022-10-13 11:44:38,385 [44dad4d2-9f73-4874-a36a-585ee387199d@group-CA13F6D37BB1-LeaderElection35] INFO  server.RaftServerConfigKeys (ConfUtils.java:logGet(46)) - raft.server.write.byte-limit = 1024 M (=1073741824) (custom)
2022-10-13 11:44:38,386 [44dad4d2-9f73-4874-a36a-585ee387199d@group-CA13F6D37BB1-LeaderElection35] INFO  server.RaftServerConfigKeys (ConfUtils.java:logGet(46)) - raft.server.watch.timeout = 180s (custom)
2022-10-13 11:44:38,386 [44dad4d2-9f73-4874-a36a-585ee387199d@group-CA13F6D37BB1-LeaderElection35] INFO  server.RaftServerConfigKeys (ConfUtils.java:logGet(46)) - raft.server.watch.timeout.denomination = 1s (default)
2022-10-13 11:44:38,386 [44dad4d2-9f73-4874-a36a-585ee387199d@group-CA13F6D37BB1-LeaderElection35] INFO  server.RaftServerConfigKeys (ConfUtils.java:logGet(46)) - raft.server.watch.element-limit = 65536 (default)
2022-10-13 11:44:38,386 [44dad4d2-9f73-4874-a36a-585ee387199d@group-CA13F6D37BB1-LeaderElection35] INFO  server.RaftServerConfigKeys (ConfUtils.java:logGet(46)) - raft.server.write.element-limit = 1024 (custom)
2022-10-13 11:44:38,386 [44dad4d2-9f73-4874-a36a-585ee387199d@group-CA13F6D37BB1-LeaderElection35] INFO  server.RaftServerConfigKeys (ConfUtils.java:logGet(46)) - raft.server.write.follower.gap.ratio.max = -1.0 (default)
2022-10-13 11:44:38,386 [44dad4d2-9f73-4874-a36a-585ee387199d@group-CA13F6D37BB1-LeaderElection35] INFO  server.RaftServerConfigKeys (ConfUtils.java:logGet(46)) - raft.server.log.appender.snapshot.chunk.size.max = 16MB (=16777216) (default)
2022-10-13 11:44:38,386 [44dad4d2-9f73-4874-a36a-585ee387199d@group-CA13F6D37BB1-LeaderElection35] INFO  server.RaftServerConfigKeys (ConfUtils.java:logGet(46)) - raft.server.log.appender.buffer.byte-limit = 33554432 (custom)
2022-10-13 11:44:38,386 [44dad4d2-9f73-4874-a36a-585ee387199d@group-CA13F6D37BB1-LeaderElection35] INFO  server.RaftServerConfigKeys (ConfUtils.java:logGet(46)) - raft.server.log.appender.buffer.element-limit = 1 (custom)
2022-10-13 11:44:38,386 [44dad4d2-9f73-4874-a36a-585ee387199d@group-CA13F6D37BB1-LeaderElection35] INFO  grpc.GrpcConfigKeys (ConfUtils.java:logGet(46)) - raft.grpc.server.leader.outstanding.appends.max = 128 (default)
2022-10-13 11:44:38,386 [44dad4d2-9f73-4874-a36a-585ee387199d@group-CA13F6D37BB1-LeaderElection35] INFO  server.RaftServerConfigKeys (ConfUtils.java:logGet(46)) - raft.server.rpc.request.timeout = 60s (custom)
2022-10-13 11:44:38,387 [44dad4d2-9f73-4874-a36a-585ee387199d@group-CA13F6D37BB1-LeaderElection35] INFO  server.RaftServerConfigKeys (ConfUtils.java:logGet(46)) - raft.server.log.appender.install.snapshot.enabled = false (custom)
2022-10-13 11:44:38,387 [44dad4d2-9f73-4874-a36a-585ee387199d@group-CA13F6D37BB1-LeaderElection35] INFO  server.RaftServerConfigKeys (ConfUtils.java:logGet(46)) - raft.server.log.appender.snapshot.chunk.size.max = 16MB (=16777216) (default)
2022-10-13 11:44:38,387 [44dad4d2-9f73-4874-a36a-585ee387199d@group-CA13F6D37BB1-LeaderElection35] INFO  server.RaftServerConfigKeys (ConfUtils.java:logGet(46)) - raft.server.log.appender.buffer.byte-limit = 33554432 (custom)
2022-10-13 11:44:38,387 [44dad4d2-9f73-4874-a36a-585ee387199d@group-CA13F6D37BB1-LeaderElection35] INFO  server.RaftServerConfigKeys (ConfUtils.java:logGet(46)) - raft.server.log.appender.buffer.element-limit = 1 (custom)
2022-10-13 11:44:38,387 [44dad4d2-9f73-4874-a36a-585ee387199d@group-CA13F6D37BB1-LeaderElection35] INFO  grpc.GrpcConfigKeys (ConfUtils.java:logGet(46)) - raft.grpc.server.leader.outstanding.appends.max = 128 (default)
2022-10-13 11:44:38,387 [44dad4d2-9f73-4874-a36a-585ee387199d@group-CA13F6D37BB1-LeaderElection35] INFO  server.RaftServerConfigKeys (ConfUtils.java:logGet(46)) - raft.server.rpc.request.timeout = 60s (custom)
2022-10-13 11:44:38,387 [44dad4d2-9f73-4874-a36a-585ee387199d@group-CA13F6D37BB1-LeaderElection35] INFO  server.RaftServerConfigKeys (ConfUtils.java:logGet(46)) - raft.server.log.appender.install.snapshot.enabled = false (custom)
2022-10-13 11:44:38,388 [44dad4d2-9f73-4874-a36a-585ee387199d@group-CA13F6D37BB1-LeaderElection35] INFO  impl.RoleInfo (RoleInfo.java:updateAndGet(139)) - 44dad4d2-9f73-4874-a36a-585ee387199d: start 44dad4d2-9f73-4874-a36a-585ee387199d@group-CA13F6D37BB1-LeaderStateImpl
2022-10-13 11:44:38,388 [44dad4d2-9f73-4874-a36a-585ee387199d@group-CA13F6D37BB1-LeaderElection35] INFO  segmented.SegmentedRaftLogWorker (SegmentedRaftLogWorker.java:startLogSegment(425)) - 44dad4d2-9f73-4874-a36a-585ee387199d@group-CA13F6D37BB1-SegmentedRaftLogWorker: Starting segment from index:0
2022-10-13 11:44:38,389 [44dad4d2-9f73-4874-a36a-585ee387199d@group-CA13F6D37BB1-SegmentedRaftLogWorker] INFO  segmented.SegmentedRaftLogWorker (SegmentedRaftLogWorker.java:execute(629)) - 44dad4d2-9f73-4874-a36a-585ee387199d@group-CA13F6D37BB1-SegmentedRaftLogWorker: created new log segment /home/runner/work/ozone/ozone/hadoop-ozone/integration-test/target/test-dir/MiniOzoneClusterImpl-da935fb3-9ce5-49ab-a67c-f4b3beb884ab/datanode-6/data/ratis/1aca8241-d5fd-4b22-9dcd-ca13f6d37bb1/current/log_inprogress_0
2022-10-13 11:44:38,389 [EventQueue-PipelineReportForPipelineReportHandler] INFO  pipeline.PipelineManagerImpl (PipelineManagerImpl.java:openPipeline(367)) - Pipeline Pipeline[ Id: 1aca8241-d5fd-4b22-9dcd-ca13f6d37bb1, Nodes: febd5d2c-72de-44b7-b010-e5e9acc30848{ip: 10.1.0.200, host: fv-az91-750.1u4dveb1r3ruphbftqvtwhitpc.gx.internal.cloudapp.net, ports: [REPLICATION=35257, RATIS=36903, RATIS_ADMIN=36903, RATIS_SERVER=36903, STANDALONE=39839], networkLocation: /default-rack, certSerialId: null, persistedOpState: IN_SERVICE, persistedOpStateExpiryEpochSec: 0}8f71354a-19e6-4be6-b89a-dd2f0292058a{ip: 10.1.0.200, host: fv-az91-750.1u4dveb1r3ruphbftqvtwhitpc.gx.internal.cloudapp.net, ports: [REPLICATION=32909, RATIS=41203, RATIS_ADMIN=41203, RATIS_SERVER=41203, STANDALONE=43317], networkLocation: /default-rack, certSerialId: null, persistedOpState: IN_SERVICE, persistedOpStateExpiryEpochSec: 0}44dad4d2-9f73-4874-a36a-585ee387199d{ip: 10.1.0.200, host: fv-az91-750.1u4dveb1r3ruphbftqvtwhitpc.gx.internal.cloudapp.net, ports: [REPLICATION=33901, RATIS=32897, RATIS_ADMIN=32897, RATIS_SERVER=32897, STANDALONE=44105], networkLocation: /default-rack, certSerialId: null, persistedOpState: IN_SERVICE, persistedOpStateExpiryEpochSec: 0}, ReplicationConfig: RATIS/THREE, State:ALLOCATED, leaderId:44dad4d2-9f73-4874-a36a-585ee387199d, CreationTimestamp2022-10-13T11:44:15.414Z[Etc/UTC]] moved to OPEN state
2022-10-13 11:44:38,408 [44dad4d2-9f73-4874-a36a-585ee387199d@group-CA13F6D37BB1-LeaderElection35] INFO  server.RaftServer$Division (ServerState.java:setRaftConf(393)) - 44dad4d2-9f73-4874-a36a-585ee387199d@group-CA13F6D37BB1: set configuration 0: [febd5d2c-72de-44b7-b010-e5e9acc30848|rpc:10.1.0.200:36903|dataStream:|priority:0, 8f71354a-19e6-4be6-b89a-dd2f0292058a|rpc:10.1.0.200:41203|dataStream:|priority:0, 44dad4d2-9f73-4874-a36a-585ee387199d|rpc:10.1.0.200:32897|dataStream:|priority:1], old=null
2022-10-13 11:44:38,413 [8f71354a-19e6-4be6-b89a-dd2f0292058a-server-thread1] INFO  ratis.XceiverServerRatis (XceiverServerRatis.java:handleLeaderChangedNotification(863)) - Leader change notification received for group: group-CA13F6D37BB1 with new leaderId: 44dad4d2-9f73-4874-a36a-585ee387199d
2022-10-13 11:44:38,413 [8f71354a-19e6-4be6-b89a-dd2f0292058a-server-thread1] INFO  server.RaftServer$Division (ServerState.java:setLeader(287)) - 8f71354a-19e6-4be6-b89a-dd2f0292058a@group-CA13F6D37BB1: change Leader from null to 44dad4d2-9f73-4874-a36a-585ee387199d at term 4 for appendEntries, leader elected after 20533ms
2022-10-13 11:44:38,414 [8f71354a-19e6-4be6-b89a-dd2f0292058a-server-thread1] INFO  server.RaftServer$Division (ServerState.java:setRaftConf(393)) - 8f71354a-19e6-4be6-b89a-dd2f0292058a@group-CA13F6D37BB1: set configuration 0: [febd5d2c-72de-44b7-b010-e5e9acc30848|rpc:10.1.0.200:36903|dataStream:|priority:0, 8f71354a-19e6-4be6-b89a-dd2f0292058a|rpc:10.1.0.200:41203|dataStream:|priority:0, 44dad4d2-9f73-4874-a36a-585ee387199d|rpc:10.1.0.200:32897|dataStream:|priority:1], old=null
2022-10-13 11:44:38,414 [8f71354a-19e6-4be6-b89a-dd2f0292058a-server-thread1] INFO  segmented.SegmentedRaftLogWorker (SegmentedRaftLogWorker.java:startLogSegment(425)) - 8f71354a-19e6-4be6-b89a-dd2f0292058a@group-CA13F6D37BB1-SegmentedRaftLogWorker: Starting segment from index:0
2022-10-13 11:44:38,416 [8f71354a-19e6-4be6-b89a-dd2f0292058a@group-CA13F6D37BB1-SegmentedRaftLogWorker] INFO  segmented.SegmentedRaftLogWorker (SegmentedRaftLogWorker.java:execute(629)) - 8f71354a-19e6-4be6-b89a-dd2f0292058a@group-CA13F6D37BB1-SegmentedRaftLogWorker: created new log segment /home/runner/work/ozone/ozone/hadoop-ozone/integration-test/target/test-dir/MiniOzoneClusterImpl-da935fb3-9ce5-49ab-a67c-f4b3beb884ab/datanode-7/data/ratis/1aca8241-d5fd-4b22-9dcd-ca13f6d37bb1/current/log_inprogress_0
2022-10-13 11:44:38,417 [febd5d2c-72de-44b7-b010-e5e9acc30848-server-thread1] INFO  ratis.XceiverServerRatis (XceiverServerRatis.java:handleLeaderChangedNotification(863)) - Leader change notification received for group: group-CA13F6D37BB1 with new leaderId: 44dad4d2-9f73-4874-a36a-585ee387199d
2022-10-13 11:44:38,417 [febd5d2c-72de-44b7-b010-e5e9acc30848-server-thread1] INFO  server.RaftServer$Division (ServerState.java:setLeader(287)) - febd5d2c-72de-44b7-b010-e5e9acc30848@group-CA13F6D37BB1: change Leader from null to 44dad4d2-9f73-4874-a36a-585ee387199d at term 4 for appendEntries, leader elected after 20575ms
2022-10-13 11:44:38,420 [febd5d2c-72de-44b7-b010-e5e9acc30848-server-thread2] INFO  server.RaftServer$Division (ServerState.java:setRaftConf(393)) - febd5d2c-72de-44b7-b010-e5e9acc30848@group-CA13F6D37BB1: set configuration 0: [febd5d2c-72de-44b7-b010-e5e9acc30848|rpc:10.1.0.200:36903|dataStream:|priority:0, 8f71354a-19e6-4be6-b89a-dd2f0292058a|rpc:10.1.0.200:41203|dataStream:|priority:0, 44dad4d2-9f73-4874-a36a-585ee387199d|rpc:10.1.0.200:32897|dataStream:|priority:1], old=null
2022-10-13 11:44:38,420 [febd5d2c-72de-44b7-b010-e5e9acc30848-server-thread2] INFO  segmented.SegmentedRaftLogWorker (SegmentedRaftLogWorker.java:startLogSegment(425)) - febd5d2c-72de-44b7-b010-e5e9acc30848@group-CA13F6D37BB1-SegmentedRaftLogWorker: Starting segment from index:0
2022-10-13 11:44:38,422 [febd5d2c-72de-44b7-b010-e5e9acc30848@group-CA13F6D37BB1-SegmentedRaftLogWorker] INFO  segmented.SegmentedRaftLogWorker (SegmentedRaftLogWorker.java:execute(629)) - febd5d2c-72de-44b7-b010-e5e9acc30848@group-CA13F6D37BB1-SegmentedRaftLogWorker: created new log segment /home/runner/work/ozone/ozone/hadoop-ozone/integration-test/target/test-dir/MiniOzoneClusterImpl-da935fb3-9ce5-49ab-a67c-f4b3beb884ab/datanode-8/data/ratis/1aca8241-d5fd-4b22-9dcd-ca13f6d37bb1/current/log_inprogress_0
2022-10-13 11:44:59,942 [Under Replicated Processor] INFO  replication.UnderReplicatedProcessor (UnderReplicatedProcessor.java:processAll(92)) - Processed 0 under replicated containers, failed processing 0
2022-10-13 11:44:59,966 [Over Replicated Processor] INFO  replication.OverReplicatedProcessor (OverReplicatedProcessor.java:processAll(90)) - Processed 0 over replicated containers, failed processing 0
2022-10-13 11:45:29,943 [Under Replicated Processor] INFO  replication.UnderReplicatedProcessor (UnderReplicatedProcessor.java:processAll(92)) - Processed 0 under replicated containers, failed processing 0
2022-10-13 11:45:29,966 [Over Replicated Processor] INFO  replication.OverReplicatedProcessor (OverReplicatedProcessor.java:processAll(90)) - Processed 0 over replicated containers, failed processing 0
2022-10-13 11:45:59,943 [Under Replicated Processor] INFO  replication.UnderReplicatedProcessor (UnderReplicatedProcessor.java:processAll(92)) - Processed 0 under replicated containers, failed processing 0
2022-10-13 11:45:59,966 [Over Replicated Processor] INFO  replication.OverReplicatedProcessor (OverReplicatedProcessor.java:processAll(90)) - Processed 0 over replicated containers, failed processing 0
]]></system-out>
  </testcase>
</testsuite>