<?xml version="1.0" encoding="UTF-8"?>
<testsuite xmlns:xsi="http://www.w3.org/2001/XMLSchema-instance" xsi:noNamespaceSchemaLocation="https://maven.apache.org/surefire/maven-surefire-plugin/xsd/surefire-test-report-3.0.xsd" version="3.0" name="org.apache.hadoop.ozone.client.rpc.read.TestChunkInputStream" time="95.228" tests="2" errors="1" skipped="0" failures="0">
  <properties>
    <property name="awt.toolkit" value="sun.awt.X11.XToolkit"/>
    <property name="file.encoding.pkg" value="sun.io"/>
    <property name="java.specification.version" value="1.8"/>
    <property name="sun.cpu.isalist" value=""/>
    <property name="sun.jnu.encoding" value="UTF-8"/>
    <property name="java.class.path" value="/home/runner/work/ozone/ozone/hadoop-ozone/integration-test/target/test-classes:/home/runner/work/ozone/ozone/hadoop-ozone/integration-test/target/classes:/home/runner/.m2/repository/org/apache/ozone/ozone-common/1.3.0-SNAPSHOT/ozone-common-1.3.0-SNAPSHOT.jar:/home/runner/.m2/repository/io/grpc/grpc-netty/1.44.0/grpc-netty-1.44.0.jar:/home/runner/.m2/repository/io/grpc/grpc-core/1.44.0/grpc-core-1.44.0.jar:/home/runner/.m2/repository/com/google/android/annotations/4.1.1.4/annotations-4.1.1.4.jar:/home/runner/.m2/repository/org/codehaus/mojo/animal-sniffer-annotations/1.19/animal-sniffer-annotations-1.19.jar:/home/runner/.m2/repository/com/google/errorprone/error_prone_annotations/2.2.0/error_prone_annotations-2.2.0.jar:/home/runner/.m2/repository/io/perfmark/perfmark-api/0.23.0/perfmark-api-0.23.0.jar:/home/runner/.m2/repository/io/netty/netty-codec-http2/4.1.79.Final/netty-codec-http2-4.1.79.Final.jar:/home/runner/.m2/repository/io/netty/netty-common/4.1.79.Final/netty-common-4.1.79.Final.jar:/home/runner/.m2/repository/io/netty/netty-buffer/4.1.79.Final/netty-buffer-4.1.79.Final.jar:/home/runner/.m2/repository/io/netty/netty-codec-http/4.1.79.Final/netty-codec-http-4.1.79.Final.jar:/home/runner/.m2/repository/io/netty/netty-handler-proxy/4.1.79.Final/netty-handler-proxy-4.1.79.Final.jar:/home/runner/.m2/repository/io/netty/netty-codec-socks/4.1.79.Final/netty-codec-socks-4.1.79.Final.jar:/home/runner/.m2/repository/io/netty/netty-tcnative-boringssl-static/2.0.53.Final/netty-tcnative-boringssl-static-2.0.53.Final.jar:/home/runner/.m2/repository/io/netty/netty-tcnative-classes/2.0.53.Final/netty-tcnative-classes-2.0.53.Final.jar:/home/runner/.m2/repository/io/netty/netty-tcnative-boringssl-static/2.0.53.Final/netty-tcnative-boringssl-static-2.0.53.Final-linux-x86_64.jar:/home/runner/.m2/repository/io/netty/netty-tcnative-boringssl-static/2.0.53.Final/netty-tcnative-boringssl-static-2.0.53.Final-linux-aarch_64.jar:/home/runner/.m2/repository/io/netty/netty-tcnative-boringssl-static/2.0.53.Final/netty-tcnative-boringssl-static-2.0.53.Final-osx-x86_64.jar:/home/runner/.m2/repository/io/netty/netty-tcnative-boringssl-static/2.0.53.Final/netty-tcnative-boringssl-static-2.0.53.Final-osx-aarch_64.jar:/home/runner/.m2/repository/io/netty/netty-tcnative-boringssl-static/2.0.53.Final/netty-tcnative-boringssl-static-2.0.53.Final-windows-x86_64.jar:/home/runner/.m2/repository/org/apache/commons/commons-compress/1.21/commons-compress-1.21.jar:/home/runner/.m2/repository/org/apache/ozone/hdds-common/1.3.0-SNAPSHOT/hdds-common-1.3.0-SNAPSHOT.jar:/home/runner/.m2/repository/org/apache/ozone/hdds-client/1.3.0-SNAPSHOT/hdds-client-1.3.0-SNAPSHOT.jar:/home/runner/.m2/repository/org/apache/ozone/ozone-interface-client/1.3.0-SNAPSHOT/ozone-interface-client-1.3.0-SNAPSHOT.jar:/home/runner/.m2/repository/org/apache/ozone/hdds-test-utils/1.3.0-SNAPSHOT/hdds-test-utils-1.3.0-SNAPSHOT.jar:/home/runner/.m2/repository/com/google/guava/guava/31.1-jre/guava-31.1-jre.jar:/home/runner/.m2/repository/com/google/guava/failureaccess/1.0.1/failureaccess-1.0.1.jar:/home/runner/.m2/repository/com/google/guava/listenablefuture/9999.0-empty-to-avoid-conflict-with-guava/listenablefuture-9999.0-empty-to-avoid-conflict-with-guava.jar:/home/runner/.m2/repository/com/google/code/findbugs/jsr305/3.0.0/jsr305-3.0.0.jar:/home/runner/.m2/repository/org/checkerframework/checker-qual/3.12.0/checker-qual-3.12.0.jar:/home/runner/.m2/repository/com/google/j2objc/j2objc-annotations/1.3/j2objc-annotations-1.3.jar:/home/runner/.m2/repository/commons-io/commons-io/2.11.0/commons-io-2.11.0.jar:/home/runner/.m2/repository/commons-logging/commons-logging/1.2/commons-logging-1.2.jar:/home/runner/.m2/repository/log4j/log4j/1.2.17/log4j-1.2.17.jar:/home/runner/.m2/repository/org/slf4j/slf4j-api/1.7.30/slf4j-api-1.7.30.jar:/home/runner/.m2/repository/org/apache/ozone/hdds-server-scm/1.3.0-SNAPSHOT/hdds-server-scm-1.3.0-SNAPSHOT.jar:/home/runner/.m2/repository/org/apache/ozone/hdds-container-service/1.3.0-SNAPSHOT/hdds-container-service-1.3.0-SNAPSHOT.jar:/home/runner/.m2/repository/org/apache/ozone/hdds-hadoop-dependency-server/1.3.0-SNAPSHOT/hdds-hadoop-dependency-server-1.3.0-SNAPSHOT.jar:/home/runner/.m2/repository/org/apache/hadoop/hadoop-hdfs/3.3.1/hadoop-hdfs-3.3.1.jar:/home/runner/.m2/repository/org/apache/ozone/hdds-server-framework/1.3.0-SNAPSHOT/hdds-server-framework-1.3.0-SNAPSHOT.jar:/home/runner/.m2/repository/org/apache/ozone/hdds-interface-server/1.3.0-SNAPSHOT/hdds-interface-server-1.3.0-SNAPSHOT.jar:/home/runner/.m2/repository/org/apache/logging/log4j/log4j-core/2.17.1/log4j-core-2.17.1.jar:/home/runner/.m2/repository/com/lmax/disruptor/3.4.2/disruptor-3.4.2.jar:/home/runner/.m2/repository/org/eclipse/jetty/jetty-servlet/9.4.43.v20210629/jetty-servlet-9.4.43.v20210629.jar:/home/runner/.m2/repository/org/eclipse/jetty/jetty-security/9.4.43.v20210629/jetty-security-9.4.43.v20210629.jar:/home/runner/.m2/repository/org/rocksdb/rocksdbjni/6.29.5/rocksdbjni-6.29.5.jar:/home/runner/.m2/repository/io/prometheus/simpleclient_dropwizard/0.7.0/simpleclient_dropwizard-0.7.0.jar:/home/runner/.m2/repository/io/prometheus/simpleclient/0.7.0/simpleclient-0.7.0.jar:/home/runner/.m2/repository/io/prometheus/simpleclient_common/0.7.0/simpleclient_common-0.7.0.jar:/home/runner/.m2/repository/io/dropwizard/metrics/metrics-core/3.2.4/metrics-core-3.2.4.jar:/home/runner/.m2/repository/org/apache/hadoop/hadoop-hdfs-client/3.3.1/hadoop-hdfs-client-3.3.1.jar:/home/runner/.m2/repository/org/bouncycastle/bcprov-jdk15on/1.67/bcprov-jdk15on-1.67.jar:/home/runner/.m2/repository/com/google/protobuf/protobuf-java/2.5.0/protobuf-java-2.5.0.jar:/home/runner/.m2/repository/org/apache/ozone/ozone-manager/1.3.0-SNAPSHOT/ozone-manager-1.3.0-SNAPSHOT.jar:/home/runner/.m2/repository/org/aspectj/aspectjrt/1.9.7/aspectjrt-1.9.7.jar:/home/runner/.m2/repository/org/aspectj/aspectjweaver/1.9.7/aspectjweaver-1.9.7.jar:/home/runner/.m2/repository/org/apache/ozone/hdds-interface-client/1.3.0-SNAPSHOT/hdds-interface-client-1.3.0-SNAPSHOT.jar:/home/runner/.m2/repository/org/apache/hadoop/thirdparty/hadoop-shaded-protobuf_3_7/1.1.1/hadoop-shaded-protobuf_3_7-1.1.1.jar:/home/runner/.m2/repository/org/apache/ozone/ozone-interface-storage/1.3.0-SNAPSHOT/ozone-interface-storage-1.3.0-SNAPSHOT.jar:/home/runner/.m2/repository/org/reflections/reflections/0.9.11/reflections-0.9.11.jar:/home/runner/.m2/repository/com/sun/jersey/jersey-client/1.19/jersey-client-1.19.jar:/home/runner/.m2/repository/org/apache/ranger/ranger-intg/2.3.0/ranger-intg-2.3.0.jar:/home/runner/.m2/repository/org/apache/ranger/ranger-plugins-common/2.3.0/ranger-plugins-common-2.3.0.jar:/home/runner/.m2/repository/commons-lang/commons-lang/2.6/commons-lang-2.6.jar:/home/runner/.m2/repository/org/codehaus/jackson/jackson-jaxrs/1.9.13/jackson-jaxrs-1.9.13.jar:/home/runner/.m2/repository/org/apache/ranger/ranger-plugins-cred/2.3.0/ranger-plugins-cred-2.3.0.jar:/home/runner/.m2/repository/org/apache/ranger/ranger-plugins-audit/2.3.0/ranger-plugins-audit-2.3.0.jar:/home/runner/.m2/repository/org/apache/kafka/kafka-clients/2.8.1/kafka-clients-2.8.1.jar:/home/runner/.m2/repository/com/github/luben/zstd-jni/1.4.9-1/zstd-jni-1.4.9-1.jar:/home/runner/.m2/repository/org/apache/solr/solr-solrj/8.6.3/solr-solrj-8.6.3.jar:/home/runner/.m2/repository/org/slf4j/jcl-over-slf4j/1.7.24/jcl-over-slf4j-1.7.24.jar:/home/runner/.m2/repository/org/eclipse/jetty/jetty-client/9.4.31.v20200723/jetty-client-9.4.31.v20200723.jar:/home/runner/.m2/repository/org/apache/httpcomponents/httpmime/4.5.6/httpmime-4.5.6.jar:/home/runner/.m2/repository/org/apache/httpcomponents/httpcore-nio/4.4.6/httpcore-nio-4.4.6.jar:/home/runner/.m2/repository/org/apache/httpcomponents/httpasyncclient/4.1.3/httpasyncclient-4.1.3.jar:/home/runner/.m2/repository/com/carrotsearch/hppc/0.8.0/hppc-0.8.0.jar:/home/runner/.m2/repository/org/apache/hive/hive-storage-api/2.7.2/hive-storage-api-2.7.2.jar:/home/runner/.m2/repository/org/apache/orc/orc-core/1.5.8/orc-core-1.5.8.jar:/home/runner/.m2/repository/com/amazonaws/aws-java-sdk-bundle/1.12.125/aws-java-sdk-bundle-1.12.125.jar:/home/runner/.m2/repository/net/java/dev/jna/jna/5.2.0/jna-5.2.0.jar:/home/runner/.m2/repository/net/java/dev/jna/jna-platform/5.2.0/jna-platform-5.2.0.jar:/home/runner/.m2/repository/com/kstruct/gethostname4j/0.0.2/gethostname4j-0.0.2.jar:/home/runner/.m2/repository/org/apache/ranger/ranger-plugin-classloader/2.3.0/ranger-plugin-classloader-2.3.0.jar:/home/runner/.m2/repository/org/apache/hadoop/hadoop-minikdc/3.3.1/hadoop-minikdc-3.3.1.jar:/home/runner/.m2/repository/org/apache/kerby/kerb-simplekdc/1.0.1/kerb-simplekdc-1.0.1.jar:/home/runner/.m2/repository/org/apache/kerby/kerb-client/1.0.1/kerb-client-1.0.1.jar:/home/runner/.m2/repository/org/apache/kerby/kerby-config/1.0.1/kerby-config-1.0.1.jar:/home/runner/.m2/repository/org/apache/kerby/kerb-common/1.0.1/kerb-common-1.0.1.jar:/home/runner/.m2/repository/org/apache/kerby/kerb-crypto/1.0.1/kerb-crypto-1.0.1.jar:/home/runner/.m2/repository/org/apache/kerby/kerb-util/1.0.1/kerb-util-1.0.1.jar:/home/runner/.m2/repository/org/apache/kerby/token-provider/1.0.1/token-provider-1.0.1.jar:/home/runner/.m2/repository/org/apache/kerby/kerb-admin/1.0.1/kerb-admin-1.0.1.jar:/home/runner/.m2/repository/org/apache/kerby/kerb-server/1.0.1/kerb-server-1.0.1.jar:/home/runner/.m2/repository/org/apache/kerby/kerb-identity/1.0.1/kerb-identity-1.0.1.jar:/home/runner/.m2/repository/org/apache/kerby/kerby-xdr/1.0.1/kerby-xdr-1.0.1.jar:/home/runner/.m2/repository/org/slf4j/slf4j-log4j12/1.7.30/slf4j-log4j12-1.7.30.jar:/home/runner/.m2/repository/org/apache/ozone/ozone-s3gateway/1.3.0-SNAPSHOT/ozone-s3gateway-1.3.0-SNAPSHOT.jar:/home/runner/.m2/repository/org/javassist/javassist/3.21.0-GA/javassist-3.21.0-GA.jar:/home/runner/.m2/repository/org/jboss/weld/servlet/weld-servlet/2.4.7.Final/weld-servlet-2.4.7.Final.jar:/home/runner/.m2/repository/org/glassfish/jersey/containers/jersey-container-servlet-core/2.33/jersey-container-servlet-core-2.33.jar:/home/runner/.m2/repository/org/glassfish/hk2/external/jakarta.inject/2.6.1/jakarta.inject-2.6.1.jar:/home/runner/.m2/repository/org/glassfish/jersey/core/jersey-common/2.33/jersey-common-2.33.jar:/home/runner/.m2/repository/jakarta/ws/rs/jakarta.ws.rs-api/2.1.6/jakarta.ws.rs-api-2.1.6.jar:/home/runner/.m2/repository/org/glassfish/jersey/ext/cdi/jersey-cdi1x/2.33/jersey-cdi1x-2.33.jar:/home/runner/.m2/repository/org/glassfish/jersey/inject/jersey-hk2/2.33/jersey-hk2-2.33.jar:/home/runner/.m2/repository/org/glassfish/hk2/hk2-locator/2.6.1/hk2-locator-2.6.1.jar:/home/runner/.m2/repository/org/glassfish/jersey/media/jersey-media-jaxb/2.33/jersey-media-jaxb-2.33.jar:/home/runner/.m2/repository/org/glassfish/hk2/osgi-resource-locator/1.0.3/osgi-resource-locator-1.0.3.jar:/home/runner/.m2/repository/org/glassfish/hk2/hk2-api/2.5.0/hk2-api-2.5.0.jar:/home/runner/.m2/repository/org/glassfish/hk2/hk2-utils/2.5.0/hk2-utils-2.5.0.jar:/home/runner/.m2/repository/org/glassfish/hk2/external/aopalliance-repackaged/2.5.0/aopalliance-repackaged-2.5.0.jar:/home/runner/.m2/repository/com/fasterxml/jackson/dataformat/jackson-dataformat-xml/2.13.2/jackson-dataformat-xml-2.13.2.jar:/home/runner/.m2/repository/com/fasterxml/jackson/core/jackson-core/2.13.2/jackson-core-2.13.2.jar:/home/runner/.m2/repository/org/codehaus/woodstox/stax2-api/3.1.4/stax2-api-3.1.4.jar:/home/runner/.m2/repository/com/fasterxml/woodstox/woodstox-core/5.0.3/woodstox-core-5.0.3.jar:/home/runner/.m2/repository/com/fasterxml/jackson/module/jackson-module-jaxb-annotations/2.13.2/jackson-module-jaxb-annotations-2.13.2.jar:/home/runner/.m2/repository/jakarta/xml/bind/jakarta.xml.bind-api/2.3.3/jakarta.xml.bind-api-2.3.3.jar:/home/runner/.m2/repository/jakarta/activation/jakarta.activation-api/1.2.1/jakarta.activation-api-1.2.1.jar:/home/runner/.m2/repository/javax/enterprise/cdi-api/1.2/cdi-api-1.2.jar:/home/runner/.m2/repository/javax/el/javax.el-api/3.0.0/javax.el-api-3.0.0.jar:/home/runner/.m2/repository/javax/interceptor/javax.interceptor-api/1.2/javax.interceptor-api-1.2.jar:/home/runner/.m2/repository/javax/inject/javax.inject/1/javax.inject-1.jar:/home/runner/.m2/repository/javax/xml/bind/jaxb-api/2.3.0/jaxb-api-2.3.0.jar:/home/runner/.m2/repository/org/glassfish/jaxb/jaxb-runtime/2.3.0.1/jaxb-runtime-2.3.0.1.jar:/home/runner/.m2/repository/org/glassfish/jaxb/jaxb-core/2.3.0.1/jaxb-core-2.3.0.1.jar:/home/runner/.m2/repository/org/glassfish/jaxb/txw2/2.3.0.1/txw2-2.3.0.1.jar:/home/runner/.m2/repository/com/sun/istack/istack-commons-runtime/3.0.5/istack-commons-runtime-3.0.5.jar:/home/runner/.m2/repository/org/jvnet/staxex/stax-ex/1.7.8/stax-ex-1.7.8.jar:/home/runner/.m2/repository/com/sun/xml/fastinfoset/FastInfoset/1.2.13/FastInfoset-1.2.13.jar:/home/runner/.m2/repository/javax/activation/activation/1.1.1/activation-1.1.1.jar:/home/runner/.m2/repository/io/grpc/grpc-protobuf/1.44.0/grpc-protobuf-1.44.0.jar:/home/runner/.m2/repository/io/grpc/grpc-api/1.44.0/grpc-api-1.44.0.jar:/home/runner/.m2/repository/io/grpc/grpc-context/1.44.0/grpc-context-1.44.0.jar:/home/runner/.m2/repository/com/google/api/grpc/proto-google-common-protos/2.0.1/proto-google-common-protos-2.0.1.jar:/home/runner/.m2/repository/io/grpc/grpc-protobuf-lite/1.44.0/grpc-protobuf-lite-1.44.0.jar:/home/runner/.m2/repository/io/grpc/grpc-stub/1.44.0/grpc-stub-1.44.0.jar:/home/runner/.m2/repository/io/netty/netty-transport/4.1.79.Final/netty-transport-4.1.79.Final.jar:/home/runner/.m2/repository/io/netty/netty-resolver/4.1.79.Final/netty-resolver-4.1.79.Final.jar:/home/runner/.m2/repository/org/apache/ozone/ozone-csi/1.3.0-SNAPSHOT/ozone-csi-1.3.0-SNAPSHOT.jar:/home/runner/.m2/repository/com/google/protobuf/protobuf-java-util/3.19.2/protobuf-java-util-3.19.2.jar:/home/runner/.m2/repository/com/google/code/gson/gson/2.9.0/gson-2.9.0.jar:/home/runner/.m2/repository/org/apache/ozone/hdds-config/1.3.0-SNAPSHOT/hdds-config-1.3.0-SNAPSHOT.jar:/home/runner/.m2/repository/io/netty/netty-transport-native-epoll/4.1.79.Final/netty-transport-native-epoll-4.1.79.Final-linux-x86_64.jar:/home/runner/.m2/repository/io/netty/netty-transport-classes-epoll/4.1.79.Final/netty-transport-classes-epoll-4.1.79.Final.jar:/home/runner/.m2/repository/io/netty/netty-transport-native-unix-common/4.1.79.Final/netty-transport-native-unix-common-4.1.79.Final.jar:/home/runner/.m2/repository/org/apache/ozone/ozone-recon/1.3.0-SNAPSHOT/ozone-recon-1.3.0-SNAPSHOT.jar:/home/runner/.m2/repository/org/apache/ozone/ozone-reconcodegen/1.3.0-SNAPSHOT/ozone-reconcodegen-1.3.0-SNAPSHOT.jar:/home/runner/.m2/repository/com/google/inject/extensions/guice-multibindings/4.0/guice-multibindings-4.0.jar:/home/runner/.m2/repository/com/google/inject/guice/4.0/guice-4.0.jar:/home/runner/.m2/repository/aopalliance/aopalliance/1.0/aopalliance-1.0.jar:/home/runner/.m2/repository/com/google/inject/extensions/guice-assistedinject/4.0/guice-assistedinject-4.0.jar:/home/runner/.m2/repository/com/google/inject/extensions/guice-servlet/4.0/guice-servlet-4.0.jar:/home/runner/.m2/repository/org/glassfish/jersey/containers/jersey-container-servlet/2.33/jersey-container-servlet-2.33.jar:/home/runner/.m2/repository/org/glassfish/hk2/guice-bridge/2.5.0/guice-bridge-2.5.0.jar:/home/runner/.m2/repository/org/glassfish/jersey/core/jersey-server/2.33/jersey-server-2.33.jar:/home/runner/.m2/repository/org/glassfish/jersey/core/jersey-client/2.33/jersey-client-2.33.jar:/home/runner/.m2/repository/jakarta/annotation/jakarta.annotation-api/1.3.5/jakarta.annotation-api-1.3.5.jar:/home/runner/.m2/repository/jakarta/validation/jakarta.validation-api/2.0.2/jakarta.validation-api-2.0.2.jar:/home/runner/.m2/repository/org/glassfish/jersey/media/jersey-media-json-jackson/2.33/jersey-media-json-jackson-2.33.jar:/home/runner/.m2/repository/org/glassfish/jersey/ext/jersey-entity-filtering/2.33/jersey-entity-filtering-2.33.jar:/home/runner/.m2/repository/org/jooq/jooq/3.11.10/jooq-3.11.10.jar:/home/runner/.m2/repository/org/jooq/jooq-meta/3.11.10/jooq-meta-3.11.10.jar:/home/runner/.m2/repository/org/jooq/jooq-codegen/3.11.10/jooq-codegen-3.11.10.jar:/home/runner/.m2/repository/com/jolbox/bonecp/0.8.0.RELEASE/bonecp-0.8.0.RELEASE.jar:/home/runner/.m2/repository/org/apache/derby/derby/10.14.2.0/derby-10.14.2.0.jar:/home/runner/.m2/repository/org/xerial/sqlite-jdbc/3.25.2/sqlite-jdbc-3.25.2.jar:/home/runner/.m2/repository/org/springframework/spring-jdbc/5.2.20.RELEASE/spring-jdbc-5.2.20.RELEASE.jar:/home/runner/.m2/repository/org/springframework/spring-beans/5.2.20.RELEASE/spring-beans-5.2.20.RELEASE.jar:/home/runner/.m2/repository/org/springframework/spring-core/5.2.20.RELEASE/spring-core-5.2.20.RELEASE.jar:/home/runner/.m2/repository/org/springframework/spring-jcl/5.2.20.RELEASE/spring-jcl-5.2.20.RELEASE.jar:/home/runner/.m2/repository/org/springframework/spring-tx/5.2.20.RELEASE/spring-tx-5.2.20.RELEASE.jar:/home/runner/.m2/repository/org/apache/ozone/ozone-client/1.3.0-SNAPSHOT/ozone-client-1.3.0-SNAPSHOT.jar:/home/runner/.m2/repository/org/apache/ozone/hdds-erasurecode/1.3.0-SNAPSHOT/hdds-erasurecode-1.3.0-SNAPSHOT.jar:/home/runner/.m2/repository/com/github/spotbugs/spotbugs-annotations/3.1.12/spotbugs-annotations-3.1.12.jar:/home/runner/.m2/repository/org/apache/ozone/ozone-filesystem/1.3.0-SNAPSHOT/ozone-filesystem-1.3.0-SNAPSHOT.jar:/home/runner/.m2/repository/org/apache/ozone/ozone-filesystem-common/1.3.0-SNAPSHOT/ozone-filesystem-common-1.3.0-SNAPSHOT.jar:/home/runner/.m2/repository/org/apache/ozone/ozone-tools/1.3.0-SNAPSHOT/ozone-tools-1.3.0-SNAPSHOT.jar:/home/runner/.m2/repository/org/apache/ratis/ratis-tools/2.3.0/ratis-tools-2.3.0.jar:/home/runner/.m2/repository/com/amazonaws/aws-java-sdk-core/1.12.261/aws-java-sdk-core-1.12.261.jar:/home/runner/.m2/repository/org/apache/httpcomponents/httpclient/4.5.13/httpclient-4.5.13.jar:/home/runner/.m2/repository/org/apache/httpcomponents/httpcore/4.4.13/httpcore-4.4.13.jar:/home/runner/.m2/repository/software/amazon/ion/ion-java/1.0.2/ion-java-1.0.2.jar:/home/runner/.m2/repository/com/fasterxml/jackson/dataformat/jackson-dataformat-cbor/2.13.2/jackson-dataformat-cbor-2.13.2.jar:/home/runner/.m2/repository/joda-time/joda-time/2.8.1/joda-time-2.8.1.jar:/home/runner/.m2/repository/com/amazonaws/aws-java-sdk-s3/1.12.261/aws-java-sdk-s3-1.12.261.jar:/home/runner/.m2/repository/com/amazonaws/aws-java-sdk-kms/1.12.261/aws-java-sdk-kms-1.12.261.jar:/home/runner/.m2/repository/com/amazonaws/jmespath-java/1.12.261/jmespath-java-1.12.261.jar:/home/runner/.m2/repository/org/kohsuke/metainf-services/metainf-services/1.8/metainf-services-1.8.jar:/home/runner/.m2/repository/org/apache/ozone/hdds-tools/1.3.0-SNAPSHOT/hdds-tools-1.3.0-SNAPSHOT.jar:/home/runner/.m2/repository/commons-cli/commons-cli/1.2/commons-cli-1.2.jar:/home/runner/.m2/repository/org/apache/commons/commons-lang3/3.7/commons-lang3-3.7.jar:/home/runner/.m2/repository/org/apache/ozone/ozone-manager/1.3.0-SNAPSHOT/ozone-manager-1.3.0-SNAPSHOT-tests.jar:/home/runner/.m2/repository/org/apache/ozone/hdds-common/1.3.0-SNAPSHOT/hdds-common-1.3.0-SNAPSHOT-tests.jar:/home/runner/.m2/repository/org/apache/ozone/hdds-hadoop-dependency-client/1.3.0-SNAPSHOT/hdds-hadoop-dependency-client-1.3.0-SNAPSHOT.jar:/home/runner/.m2/repository/info/picocli/picocli/4.6.1/picocli-4.6.1.jar:/home/runner/.m2/repository/com/fasterxml/jackson/core/jackson-annotations/2.13.2/jackson-annotations-2.13.2.jar:/home/runner/.m2/repository/com/fasterxml/jackson/datatype/jackson-datatype-jsr310/2.13.2/jackson-datatype-jsr310-2.13.2.jar:/home/runner/.m2/repository/javax/annotation/javax.annotation-api/1.2/javax.annotation-api-1.2.jar:/home/runner/.m2/repository/org/apache/ratis/ratis-server/2.3.0/ratis-server-2.3.0.jar:/home/runner/.m2/repository/org/apache/ratis/ratis-client/2.3.0/ratis-client-2.3.0.jar:/home/runner/.m2/repository/org/apache/ratis/ratis-server-api/2.3.0/ratis-server-api-2.3.0.jar:/home/runner/.m2/repository/org/apache/ratis/ratis-metrics/2.3.0/ratis-metrics-2.3.0.jar:/home/runner/.m2/repository/org/apache/ratis/ratis-netty/2.3.0/ratis-netty-2.3.0.jar:/home/runner/.m2/repository/org/apache/ratis/ratis-grpc/2.3.0/ratis-grpc-2.3.0.jar:/home/runner/.m2/repository/org/apache/logging/log4j/log4j-api/2.17.1/log4j-api-2.17.1.jar:/home/runner/.m2/repository/org/apache/commons/commons-pool2/2.6.0/commons-pool2-2.6.0.jar:/home/runner/.m2/repository/org/bouncycastle/bcpkix-jdk15on/1.67/bcpkix-jdk15on-1.67.jar:/home/runner/.m2/repository/commons-validator/commons-validator/1.6/commons-validator-1.6.jar:/home/runner/.m2/repository/commons-beanutils/commons-beanutils/1.9.4/commons-beanutils-1.9.4.jar:/home/runner/.m2/repository/commons-digester/commons-digester/1.8.1/commons-digester-1.8.1.jar:/home/runner/.m2/repository/commons-collections/commons-collections/3.2.2/commons-collections-3.2.2.jar:/home/runner/.m2/repository/io/jaegertracing/jaeger-client/1.6.0/jaeger-client-1.6.0.jar:/home/runner/.m2/repository/io/jaegertracing/jaeger-thrift/1.6.0/jaeger-thrift-1.6.0.jar:/home/runner/.m2/repository/org/apache/thrift/libthrift/0.14.1/libthrift-0.14.1.jar:/home/runner/.m2/repository/com/squareup/okhttp3/okhttp/4.9.0/okhttp-4.9.0.jar:/home/runner/.m2/repository/com/squareup/okio/okio/2.8.0/okio-2.8.0.jar:/home/runner/.m2/repository/io/jaegertracing/jaeger-core/1.6.0/jaeger-core-1.6.0.jar:/home/runner/.m2/repository/io/jaegertracing/jaeger-tracerresolver/1.6.0/jaeger-tracerresolver-1.6.0.jar:/home/runner/.m2/repository/io/opentracing/contrib/opentracing-tracerresolver/0.1.8/opentracing-tracerresolver-0.1.8.jar:/home/runner/.m2/repository/org/jetbrains/kotlin/kotlin-stdlib/1.6.21/kotlin-stdlib-1.6.21.jar:/home/runner/.m2/repository/org/jetbrains/kotlin/kotlin-stdlib-common/1.6.21/kotlin-stdlib-common-1.6.21.jar:/home/runner/.m2/repository/org/jetbrains/annotations/13.0/annotations-13.0.jar:/home/runner/.m2/repository/io/opentracing/opentracing-util/0.33.0/opentracing-util-0.33.0.jar:/home/runner/.m2/repository/io/opentracing/opentracing-api/0.33.0/opentracing-api-0.33.0.jar:/home/runner/.m2/repository/io/opentracing/opentracing-noop/0.33.0/opentracing-noop-0.33.0.jar:/home/runner/.m2/repository/org/yaml/snakeyaml/1.26/snakeyaml-1.26.jar:/home/runner/.m2/repository/org/apache/ozone/hdds-interface-admin/1.3.0-SNAPSHOT/hdds-interface-admin-1.3.0-SNAPSHOT.jar:/home/runner/.m2/repository/junit/junit/4.13.1/junit-4.13.1.jar:/home/runner/.m2/repository/org/hamcrest/hamcrest-core/1.3/hamcrest-core-1.3.jar:/home/runner/.m2/repository/org/junit/jupiter/junit-jupiter-api/5.8.2/junit-jupiter-api-5.8.2.jar:/home/runner/.m2/repository/org/opentest4j/opentest4j/1.2.0/opentest4j-1.2.0.jar:/home/runner/.m2/repository/org/junit/platform/junit-platform-commons/1.8.2/junit-platform-commons-1.8.2.jar:/home/runner/.m2/repository/org/apiguardian/apiguardian-api/1.1.2/apiguardian-api-1.1.2.jar:/home/runner/.m2/repository/org/junit/jupiter/junit-jupiter-params/5.8.2/junit-jupiter-params-5.8.2.jar:/home/runner/.m2/repository/org/junit/jupiter/junit-jupiter-migrationsupport/5.8.2/junit-jupiter-migrationsupport-5.8.2.jar:/home/runner/.m2/repository/org/junit/jupiter/junit-jupiter-engine/5.8.2/junit-jupiter-engine-5.8.2.jar:/home/runner/.m2/repository/org/junit/platform/junit-platform-engine/1.8.2/junit-platform-engine-1.8.2.jar:/home/runner/.m2/repository/org/junit/vintage/junit-vintage-engine/5.8.2/junit-vintage-engine-5.8.2.jar:/home/runner/.m2/repository/org/junit/platform/junit-platform-launcher/1.8.2/junit-platform-launcher-1.8.2.jar:/home/runner/.m2/repository/org/mockito/mockito-core/2.28.2/mockito-core-2.28.2.jar:/home/runner/.m2/repository/net/bytebuddy/byte-buddy/1.9.10/byte-buddy-1.9.10.jar:/home/runner/.m2/repository/net/bytebuddy/byte-buddy-agent/1.9.10/byte-buddy-agent-1.9.10.jar:/home/runner/.m2/repository/org/objenesis/objenesis/1.0/objenesis-1.0.jar:/home/runner/.m2/repository/org/apache/hadoop/hadoop-kms/3.3.1/hadoop-kms-3.3.1.jar:/home/runner/.m2/repository/org/apache/hadoop/hadoop-auth/3.3.1/hadoop-auth-3.3.1.jar:/home/runner/.m2/repository/com/nimbusds/nimbus-jose-jwt/7.9/nimbus-jose-jwt-7.9.jar:/home/runner/.m2/repository/com/github/stephenc/jcip/jcip-annotations/1.0-1/jcip-annotations-1.0-1.jar:/home/runner/.m2/repository/net/minidev/json-smart/2.4.7/json-smart-2.4.7.jar:/home/runner/.m2/repository/net/minidev/accessors-smart/2.4.7/accessors-smart-2.4.7.jar:/home/runner/.m2/repository/org/ow2/asm/asm/5.0.4/asm-5.0.4.jar:/home/runner/.m2/repository/org/apache/zookeeper/zookeeper/3.5.6/zookeeper-3.5.6.jar:/home/runner/.m2/repository/org/apache/zookeeper/zookeeper-jute/3.5.6/zookeeper-jute-3.5.6.jar:/home/runner/.m2/repository/org/apache/yetus/audience-annotations/0.5.0/audience-annotations-0.5.0.jar:/home/runner/.m2/repository/org/apache/curator/curator-framework/4.2.0/curator-framework-4.2.0.jar:/home/runner/.m2/repository/org/apache/hadoop/thirdparty/hadoop-shaded-guava/1.1.1/hadoop-shaded-guava-1.1.1.jar:/home/runner/.m2/repository/com/sun/jersey/jersey-core/1.19/jersey-core-1.19.jar:/home/runner/.m2/repository/javax/ws/rs/jsr311-api/1.1.1/jsr311-api-1.1.1.jar:/home/runner/.m2/repository/com/sun/jersey/jersey-server/1.19/jersey-server-1.19.jar:/home/runner/.m2/repository/javax/servlet/javax.servlet-api/3.1.0/javax.servlet-api-3.1.0.jar:/home/runner/.m2/repository/org/eclipse/jetty/jetty-server/9.4.43.v20210629/jetty-server-9.4.43.v20210629.jar:/home/runner/.m2/repository/org/eclipse/jetty/jetty-http/9.4.43.v20210629/jetty-http-9.4.43.v20210629.jar:/home/runner/.m2/repository/org/eclipse/jetty/jetty-io/9.4.43.v20210629/jetty-io-9.4.43.v20210629.jar:/home/runner/.m2/repository/org/eclipse/jetty/jetty-webapp/9.4.43.v20210629/jetty-webapp-9.4.43.v20210629.jar:/home/runner/.m2/repository/org/eclipse/jetty/jetty-xml/9.4.43.v20210629/jetty-xml-9.4.43.v20210629.jar:/home/runner/.m2/repository/org/apache/hadoop/hadoop-common/3.3.1/hadoop-common-3.3.1.jar:/home/runner/.m2/repository/org/apache/commons/commons-math3/3.1.1/commons-math3-3.1.1.jar:/home/runner/.m2/repository/commons-net/commons-net/3.6/commons-net-3.6.jar:/home/runner/.m2/repository/com/sun/jersey/jersey-servlet/1.19/jersey-servlet-1.19.jar:/home/runner/.m2/repository/com/sun/jersey/jersey-json/1.19/jersey-json-1.19.jar:/home/runner/.m2/repository/org/codehaus/jettison/jettison/1.1/jettison-1.1.jar:/home/runner/.m2/repository/com/sun/xml/bind/jaxb-impl/2.2.3-1/jaxb-impl-2.2.3-1.jar:/home/runner/.m2/repository/org/codehaus/jackson/jackson-xc/1.9.2/jackson-xc-1.9.2.jar:/home/runner/.m2/repository/org/apache/commons/commons-configuration2/2.1.1/commons-configuration2-2.1.1.jar:/home/runner/.m2/repository/org/apache/commons/commons-text/1.4/commons-text-1.4.jar:/home/runner/.m2/repository/com/google/re2j/re2j/1.1/re2j-1.1.jar:/home/runner/.m2/repository/com/jcraft/jsch/0.1.54/jsch-0.1.54.jar:/home/runner/.m2/repository/org/apache/curator/curator-client/4.2.0/curator-client-4.2.0.jar:/home/runner/.m2/repository/org/apache/curator/curator-recipes/4.2.0/curator-recipes-4.2.0.jar:/home/runner/.m2/repository/org/apache/kerby/kerb-core/1.0.1/kerb-core-1.0.1.jar:/home/runner/.m2/repository/org/apache/kerby/kerby-pkix/1.0.1/kerby-pkix-1.0.1.jar:/home/runner/.m2/repository/org/apache/kerby/kerby-asn1/1.0.1/kerby-asn1-1.0.1.jar:/home/runner/.m2/repository/org/apache/kerby/kerby-util/1.0.1/kerby-util-1.0.1.jar:/home/runner/.m2/repository/dnsjava/dnsjava/2.1.7/dnsjava-2.1.7.jar:/home/runner/.m2/repository/org/xerial/snappy/snappy-java/1.1.8.2/snappy-java-1.1.8.2.jar:/home/runner/.m2/repository/org/slf4j/jul-to-slf4j/1.7.30/jul-to-slf4j-1.7.30.jar:/home/runner/.m2/repository/org/eclipse/jetty/jetty-util/9.4.43.v20210629/jetty-util-9.4.43.v20210629.jar:/home/runner/.m2/repository/com/fasterxml/jackson/core/jackson-databind/2.13.2.2/jackson-databind-2.13.2.2.jar:/home/runner/.m2/repository/org/apache/hadoop/hadoop-kms/3.3.1/hadoop-kms-3.3.1-tests.jar:/home/runner/.m2/repository/org/apache/ozone/hdds-server-scm/1.3.0-SNAPSHOT/hdds-server-scm-1.3.0-SNAPSHOT-tests.jar:/home/runner/.m2/repository/org/apache/ozone/hdds-container-service/1.3.0-SNAPSHOT/hdds-container-service-1.3.0-SNAPSHOT-tests.jar:/home/runner/.m2/repository/commons-codec/commons-codec/1.11/commons-codec-1.11.jar:/home/runner/.m2/repository/io/netty/netty-codec/4.1.79.Final/netty-codec-4.1.79.Final.jar:/home/runner/.m2/repository/io/netty/netty-handler/4.1.79.Final/netty-handler-4.1.79.Final.jar:/home/runner/.m2/repository/org/apache/ozone/hdds-hadoop-dependency-test/1.3.0-SNAPSHOT/hdds-hadoop-dependency-test-1.3.0-SNAPSHOT.jar:/home/runner/.m2/repository/org/apache/hadoop/hadoop-common/3.3.1/hadoop-common-3.3.1-tests.jar:/home/runner/.m2/repository/org/assertj/assertj-core/3.12.2/assertj-core-3.12.2.jar:/home/runner/.m2/repository/org/apache/hadoop/hadoop-hdfs/3.3.1/hadoop-hdfs-3.3.1-tests.jar:/home/runner/.m2/repository/org/eclipse/jetty/jetty-util-ajax/9.4.43.v20210629/jetty-util-ajax-9.4.43.v20210629.jar:/home/runner/.m2/repository/commons-daemon/commons-daemon/1.0.13/commons-daemon-1.0.13.jar:/home/runner/.m2/repository/io/netty/netty/3.10.6.Final/netty-3.10.6.Final.jar:/home/runner/.m2/repository/io/netty/netty-all/4.1.79.Final/netty-all-4.1.79.Final.jar:/home/runner/.m2/repository/io/netty/netty-codec-dns/4.1.79.Final/netty-codec-dns-4.1.79.Final.jar:/home/runner/.m2/repository/io/netty/netty-codec-haproxy/4.1.79.Final/netty-codec-haproxy-4.1.79.Final.jar:/home/runner/.m2/repository/io/netty/netty-codec-memcache/4.1.79.Final/netty-codec-memcache-4.1.79.Final.jar:/home/runner/.m2/repository/io/netty/netty-codec-mqtt/4.1.79.Final/netty-codec-mqtt-4.1.79.Final.jar:/home/runner/.m2/repository/io/netty/netty-codec-redis/4.1.79.Final/netty-codec-redis-4.1.79.Final.jar:/home/runner/.m2/repository/io/netty/netty-codec-smtp/4.1.79.Final/netty-codec-smtp-4.1.79.Final.jar:/home/runner/.m2/repository/io/netty/netty-codec-stomp/4.1.79.Final/netty-codec-stomp-4.1.79.Final.jar:/home/runner/.m2/repository/io/netty/netty-codec-xml/4.1.79.Final/netty-codec-xml-4.1.79.Final.jar:/home/runner/.m2/repository/io/netty/netty-resolver-dns/4.1.79.Final/netty-resolver-dns-4.1.79.Final.jar:/home/runner/.m2/repository/io/netty/netty-transport-rxtx/4.1.79.Final/netty-transport-rxtx-4.1.79.Final.jar:/home/runner/.m2/repository/io/netty/netty-transport-sctp/4.1.79.Final/netty-transport-sctp-4.1.79.Final.jar:/home/runner/.m2/repository/io/netty/netty-transport-udt/4.1.79.Final/netty-transport-udt-4.1.79.Final.jar:/home/runner/.m2/repository/io/netty/netty-transport-classes-kqueue/4.1.79.Final/netty-transport-classes-kqueue-4.1.79.Final.jar:/home/runner/.m2/repository/io/netty/netty-resolver-dns-classes-macos/4.1.79.Final/netty-resolver-dns-classes-macos-4.1.79.Final.jar:/home/runner/.m2/repository/io/netty/netty-transport-native-epoll/4.1.79.Final/netty-transport-native-epoll-4.1.79.Final-linux-aarch_64.jar:/home/runner/.m2/repository/io/netty/netty-transport-native-kqueue/4.1.79.Final/netty-transport-native-kqueue-4.1.79.Final-osx-x86_64.jar:/home/runner/.m2/repository/io/netty/netty-transport-native-kqueue/4.1.79.Final/netty-transport-native-kqueue-4.1.79.Final-osx-aarch_64.jar:/home/runner/.m2/repository/io/netty/netty-resolver-dns-native-macos/4.1.79.Final/netty-resolver-dns-native-macos-4.1.79.Final-osx-x86_64.jar:/home/runner/.m2/repository/io/netty/netty-resolver-dns-native-macos/4.1.79.Final/netty-resolver-dns-native-macos-4.1.79.Final-osx-aarch_64.jar:/home/runner/.m2/repository/org/apache/htrace/htrace-core4/4.1.0-incubating/htrace-core4-4.1.0-incubating.jar:/home/runner/.m2/repository/org/fusesource/leveldbjni/leveldbjni-all/1.8/leveldbjni-all-1.8.jar:/home/runner/.m2/repository/org/apache/hadoop/hadoop-distcp/3.3.1/hadoop-distcp-3.3.1.jar:/home/runner/.m2/repository/org/apache/hadoop/hadoop-mapreduce-client-jobclient/3.3.1/hadoop-mapreduce-client-jobclient-3.3.1.jar:/home/runner/.m2/repository/org/apache/hadoop/hadoop-mapreduce-client-common/3.3.1/hadoop-mapreduce-client-common-3.3.1.jar:/home/runner/.m2/repository/org/apache/hadoop/hadoop-yarn-common/3.3.1/hadoop-yarn-common-3.3.1.jar:/home/runner/.m2/repository/org/apache/hadoop/hadoop-yarn-api/3.3.1/hadoop-yarn-api-3.3.1.jar:/home/runner/.m2/repository/com/sun/jersey/contribs/jersey-guice/1.19/jersey-guice-1.19.jar:/home/runner/.m2/repository/com/fasterxml/jackson/jaxrs/jackson-jaxrs-json-provider/2.13.2/jackson-jaxrs-json-provider-2.13.2.jar:/home/runner/.m2/repository/com/fasterxml/jackson/jaxrs/jackson-jaxrs-base/2.13.2/jackson-jaxrs-base-2.13.2.jar:/home/runner/.m2/repository/org/apache/hadoop/hadoop-yarn-client/3.3.1/hadoop-yarn-client-3.3.1.jar:/home/runner/.m2/repository/org/eclipse/jetty/websocket/websocket-client/9.4.40.v20210413/websocket-client-9.4.40.v20210413.jar:/home/runner/.m2/repository/org/eclipse/jetty/websocket/websocket-common/9.4.40.v20210413/websocket-common-9.4.40.v20210413.jar:/home/runner/.m2/repository/org/eclipse/jetty/websocket/websocket-api/9.4.40.v20210413/websocket-api-9.4.40.v20210413.jar:/home/runner/.m2/repository/org/jline/jline/3.9.0/jline-3.9.0.jar:/home/runner/.m2/repository/org/apache/hadoop/hadoop-mapreduce-client-core/3.3.1/hadoop-mapreduce-client-core-3.3.1.jar:/home/runner/.m2/repository/org/apache/avro/avro/1.7.7/avro-1.7.7.jar:/home/runner/.m2/repository/org/codehaus/jackson/jackson-core-asl/1.9.13/jackson-core-asl-1.9.13.jar:/home/runner/.m2/repository/org/codehaus/jackson/jackson-mapper-asl/1.9.13/jackson-mapper-asl-1.9.13.jar:/home/runner/.m2/repository/com/thoughtworks/paranamer/paranamer/2.3/paranamer-2.3.jar:/home/runner/.m2/repository/org/apache/hadoop/hadoop-annotations/3.3.1/hadoop-annotations-3.3.1.jar:/usr/lib/jvm/temurin-8-jdk-amd64/jre/../lib/tools.jar:/home/runner/.m2/repository/org/apache/hadoop/hadoop-distcp/3.3.1/hadoop-distcp-3.3.1-tests.jar:/home/runner/.m2/repository/org/apache/ratis/ratis-common/2.3.0/ratis-common-2.3.0.jar:/home/runner/.m2/repository/org/apache/ratis/ratis-thirdparty-misc/1.0.0/ratis-thirdparty-misc-1.0.0.jar:/home/runner/.m2/repository/org/apache/ratis/ratis-proto/2.3.0/ratis-proto-2.3.0.jar:/home/runner/.m2/repository/org/apache/ozone/ozone-annotation-processing/1.3.0-SNAPSHOT/ozone-annotation-processing-1.3.0-SNAPSHOT.jar:"/>
    <property name="java.vm.vendor" value="Temurin"/>
    <property name="sun.arch.data.model" value="64"/>
    <property name="test.build.dir" value="/home/runner/work/ozone/ozone/hadoop-ozone/integration-test/target/test-dir"/>
    <property name="test.cache.data" value=""/>
    <property name="java.vendor.url" value="https://adoptium.net/"/>
    <property name="user.timezone" value="Etc/UTC"/>
    <property name="java.vm.specification.version" value="1.8"/>
    <property name="os.name" value="Linux"/>
    <property name="test.build.data" value="/home/runner/work/ozone/ozone/hadoop-ozone/integration-test/target/test-dir"/>
    <property name="sun.java.launcher" value="SUN_STANDARD"/>
    <property name="sun.boot.library.path" value="/usr/lib/jvm/temurin-8-jdk-amd64/jre/lib/amd64"/>
    <property name="sun.java.command" value="/home/runner/work/ozone/ozone/hadoop-ozone/integration-test/target/surefire/surefirebooter3662742555449649605.jar /home/runner/work/ozone/ozone/hadoop-ozone/integration-test/target/surefire 2022-08-02T00-57-25_617-jvmRun1 surefire9113561964845670816tmp surefire_24946122814941957751tmp"/>
    <property name="surefire.test.class.path" value="/home/runner/work/ozone/ozone/hadoop-ozone/integration-test/target/test-classes:/home/runner/work/ozone/ozone/hadoop-ozone/integration-test/target/classes:/home/runner/.m2/repository/org/apache/ozone/ozone-common/1.3.0-SNAPSHOT/ozone-common-1.3.0-SNAPSHOT.jar:/home/runner/.m2/repository/io/grpc/grpc-netty/1.44.0/grpc-netty-1.44.0.jar:/home/runner/.m2/repository/io/grpc/grpc-core/1.44.0/grpc-core-1.44.0.jar:/home/runner/.m2/repository/com/google/android/annotations/4.1.1.4/annotations-4.1.1.4.jar:/home/runner/.m2/repository/org/codehaus/mojo/animal-sniffer-annotations/1.19/animal-sniffer-annotations-1.19.jar:/home/runner/.m2/repository/com/google/errorprone/error_prone_annotations/2.2.0/error_prone_annotations-2.2.0.jar:/home/runner/.m2/repository/io/perfmark/perfmark-api/0.23.0/perfmark-api-0.23.0.jar:/home/runner/.m2/repository/io/netty/netty-codec-http2/4.1.79.Final/netty-codec-http2-4.1.79.Final.jar:/home/runner/.m2/repository/io/netty/netty-common/4.1.79.Final/netty-common-4.1.79.Final.jar:/home/runner/.m2/repository/io/netty/netty-buffer/4.1.79.Final/netty-buffer-4.1.79.Final.jar:/home/runner/.m2/repository/io/netty/netty-codec-http/4.1.79.Final/netty-codec-http-4.1.79.Final.jar:/home/runner/.m2/repository/io/netty/netty-handler-proxy/4.1.79.Final/netty-handler-proxy-4.1.79.Final.jar:/home/runner/.m2/repository/io/netty/netty-codec-socks/4.1.79.Final/netty-codec-socks-4.1.79.Final.jar:/home/runner/.m2/repository/io/netty/netty-tcnative-boringssl-static/2.0.53.Final/netty-tcnative-boringssl-static-2.0.53.Final.jar:/home/runner/.m2/repository/io/netty/netty-tcnative-classes/2.0.53.Final/netty-tcnative-classes-2.0.53.Final.jar:/home/runner/.m2/repository/io/netty/netty-tcnative-boringssl-static/2.0.53.Final/netty-tcnative-boringssl-static-2.0.53.Final-linux-x86_64.jar:/home/runner/.m2/repository/io/netty/netty-tcnative-boringssl-static/2.0.53.Final/netty-tcnative-boringssl-static-2.0.53.Final-linux-aarch_64.jar:/home/runner/.m2/repository/io/netty/netty-tcnative-boringssl-static/2.0.53.Final/netty-tcnative-boringssl-static-2.0.53.Final-osx-x86_64.jar:/home/runner/.m2/repository/io/netty/netty-tcnative-boringssl-static/2.0.53.Final/netty-tcnative-boringssl-static-2.0.53.Final-osx-aarch_64.jar:/home/runner/.m2/repository/io/netty/netty-tcnative-boringssl-static/2.0.53.Final/netty-tcnative-boringssl-static-2.0.53.Final-windows-x86_64.jar:/home/runner/.m2/repository/org/apache/commons/commons-compress/1.21/commons-compress-1.21.jar:/home/runner/.m2/repository/org/apache/ozone/hdds-common/1.3.0-SNAPSHOT/hdds-common-1.3.0-SNAPSHOT.jar:/home/runner/.m2/repository/org/apache/ozone/hdds-client/1.3.0-SNAPSHOT/hdds-client-1.3.0-SNAPSHOT.jar:/home/runner/.m2/repository/org/apache/ozone/ozone-interface-client/1.3.0-SNAPSHOT/ozone-interface-client-1.3.0-SNAPSHOT.jar:/home/runner/.m2/repository/org/apache/ozone/hdds-test-utils/1.3.0-SNAPSHOT/hdds-test-utils-1.3.0-SNAPSHOT.jar:/home/runner/.m2/repository/com/google/guava/guava/31.1-jre/guava-31.1-jre.jar:/home/runner/.m2/repository/com/google/guava/failureaccess/1.0.1/failureaccess-1.0.1.jar:/home/runner/.m2/repository/com/google/guava/listenablefuture/9999.0-empty-to-avoid-conflict-with-guava/listenablefuture-9999.0-empty-to-avoid-conflict-with-guava.jar:/home/runner/.m2/repository/com/google/code/findbugs/jsr305/3.0.0/jsr305-3.0.0.jar:/home/runner/.m2/repository/org/checkerframework/checker-qual/3.12.0/checker-qual-3.12.0.jar:/home/runner/.m2/repository/com/google/j2objc/j2objc-annotations/1.3/j2objc-annotations-1.3.jar:/home/runner/.m2/repository/commons-io/commons-io/2.11.0/commons-io-2.11.0.jar:/home/runner/.m2/repository/commons-logging/commons-logging/1.2/commons-logging-1.2.jar:/home/runner/.m2/repository/log4j/log4j/1.2.17/log4j-1.2.17.jar:/home/runner/.m2/repository/org/slf4j/slf4j-api/1.7.30/slf4j-api-1.7.30.jar:/home/runner/.m2/repository/org/apache/ozone/hdds-server-scm/1.3.0-SNAPSHOT/hdds-server-scm-1.3.0-SNAPSHOT.jar:/home/runner/.m2/repository/org/apache/ozone/hdds-container-service/1.3.0-SNAPSHOT/hdds-container-service-1.3.0-SNAPSHOT.jar:/home/runner/.m2/repository/org/apache/ozone/hdds-hadoop-dependency-server/1.3.0-SNAPSHOT/hdds-hadoop-dependency-server-1.3.0-SNAPSHOT.jar:/home/runner/.m2/repository/org/apache/hadoop/hadoop-hdfs/3.3.1/hadoop-hdfs-3.3.1.jar:/home/runner/.m2/repository/org/apache/ozone/hdds-server-framework/1.3.0-SNAPSHOT/hdds-server-framework-1.3.0-SNAPSHOT.jar:/home/runner/.m2/repository/org/apache/ozone/hdds-interface-server/1.3.0-SNAPSHOT/hdds-interface-server-1.3.0-SNAPSHOT.jar:/home/runner/.m2/repository/org/apache/logging/log4j/log4j-core/2.17.1/log4j-core-2.17.1.jar:/home/runner/.m2/repository/com/lmax/disruptor/3.4.2/disruptor-3.4.2.jar:/home/runner/.m2/repository/org/eclipse/jetty/jetty-servlet/9.4.43.v20210629/jetty-servlet-9.4.43.v20210629.jar:/home/runner/.m2/repository/org/eclipse/jetty/jetty-security/9.4.43.v20210629/jetty-security-9.4.43.v20210629.jar:/home/runner/.m2/repository/org/rocksdb/rocksdbjni/6.29.5/rocksdbjni-6.29.5.jar:/home/runner/.m2/repository/io/prometheus/simpleclient_dropwizard/0.7.0/simpleclient_dropwizard-0.7.0.jar:/home/runner/.m2/repository/io/prometheus/simpleclient/0.7.0/simpleclient-0.7.0.jar:/home/runner/.m2/repository/io/prometheus/simpleclient_common/0.7.0/simpleclient_common-0.7.0.jar:/home/runner/.m2/repository/io/dropwizard/metrics/metrics-core/3.2.4/metrics-core-3.2.4.jar:/home/runner/.m2/repository/org/apache/hadoop/hadoop-hdfs-client/3.3.1/hadoop-hdfs-client-3.3.1.jar:/home/runner/.m2/repository/org/bouncycastle/bcprov-jdk15on/1.67/bcprov-jdk15on-1.67.jar:/home/runner/.m2/repository/com/google/protobuf/protobuf-java/2.5.0/protobuf-java-2.5.0.jar:/home/runner/.m2/repository/org/apache/ozone/ozone-manager/1.3.0-SNAPSHOT/ozone-manager-1.3.0-SNAPSHOT.jar:/home/runner/.m2/repository/org/aspectj/aspectjrt/1.9.7/aspectjrt-1.9.7.jar:/home/runner/.m2/repository/org/aspectj/aspectjweaver/1.9.7/aspectjweaver-1.9.7.jar:/home/runner/.m2/repository/org/apache/ozone/hdds-interface-client/1.3.0-SNAPSHOT/hdds-interface-client-1.3.0-SNAPSHOT.jar:/home/runner/.m2/repository/org/apache/hadoop/thirdparty/hadoop-shaded-protobuf_3_7/1.1.1/hadoop-shaded-protobuf_3_7-1.1.1.jar:/home/runner/.m2/repository/org/apache/ozone/ozone-interface-storage/1.3.0-SNAPSHOT/ozone-interface-storage-1.3.0-SNAPSHOT.jar:/home/runner/.m2/repository/org/reflections/reflections/0.9.11/reflections-0.9.11.jar:/home/runner/.m2/repository/com/sun/jersey/jersey-client/1.19/jersey-client-1.19.jar:/home/runner/.m2/repository/org/apache/ranger/ranger-intg/2.3.0/ranger-intg-2.3.0.jar:/home/runner/.m2/repository/org/apache/ranger/ranger-plugins-common/2.3.0/ranger-plugins-common-2.3.0.jar:/home/runner/.m2/repository/commons-lang/commons-lang/2.6/commons-lang-2.6.jar:/home/runner/.m2/repository/org/codehaus/jackson/jackson-jaxrs/1.9.13/jackson-jaxrs-1.9.13.jar:/home/runner/.m2/repository/org/apache/ranger/ranger-plugins-cred/2.3.0/ranger-plugins-cred-2.3.0.jar:/home/runner/.m2/repository/org/apache/ranger/ranger-plugins-audit/2.3.0/ranger-plugins-audit-2.3.0.jar:/home/runner/.m2/repository/org/apache/kafka/kafka-clients/2.8.1/kafka-clients-2.8.1.jar:/home/runner/.m2/repository/com/github/luben/zstd-jni/1.4.9-1/zstd-jni-1.4.9-1.jar:/home/runner/.m2/repository/org/apache/solr/solr-solrj/8.6.3/solr-solrj-8.6.3.jar:/home/runner/.m2/repository/org/slf4j/jcl-over-slf4j/1.7.24/jcl-over-slf4j-1.7.24.jar:/home/runner/.m2/repository/org/eclipse/jetty/jetty-client/9.4.31.v20200723/jetty-client-9.4.31.v20200723.jar:/home/runner/.m2/repository/org/apache/httpcomponents/httpmime/4.5.6/httpmime-4.5.6.jar:/home/runner/.m2/repository/org/apache/httpcomponents/httpcore-nio/4.4.6/httpcore-nio-4.4.6.jar:/home/runner/.m2/repository/org/apache/httpcomponents/httpasyncclient/4.1.3/httpasyncclient-4.1.3.jar:/home/runner/.m2/repository/com/carrotsearch/hppc/0.8.0/hppc-0.8.0.jar:/home/runner/.m2/repository/org/apache/hive/hive-storage-api/2.7.2/hive-storage-api-2.7.2.jar:/home/runner/.m2/repository/org/apache/orc/orc-core/1.5.8/orc-core-1.5.8.jar:/home/runner/.m2/repository/com/amazonaws/aws-java-sdk-bundle/1.12.125/aws-java-sdk-bundle-1.12.125.jar:/home/runner/.m2/repository/net/java/dev/jna/jna/5.2.0/jna-5.2.0.jar:/home/runner/.m2/repository/net/java/dev/jna/jna-platform/5.2.0/jna-platform-5.2.0.jar:/home/runner/.m2/repository/com/kstruct/gethostname4j/0.0.2/gethostname4j-0.0.2.jar:/home/runner/.m2/repository/org/apache/ranger/ranger-plugin-classloader/2.3.0/ranger-plugin-classloader-2.3.0.jar:/home/runner/.m2/repository/org/apache/hadoop/hadoop-minikdc/3.3.1/hadoop-minikdc-3.3.1.jar:/home/runner/.m2/repository/org/apache/kerby/kerb-simplekdc/1.0.1/kerb-simplekdc-1.0.1.jar:/home/runner/.m2/repository/org/apache/kerby/kerb-client/1.0.1/kerb-client-1.0.1.jar:/home/runner/.m2/repository/org/apache/kerby/kerby-config/1.0.1/kerby-config-1.0.1.jar:/home/runner/.m2/repository/org/apache/kerby/kerb-common/1.0.1/kerb-common-1.0.1.jar:/home/runner/.m2/repository/org/apache/kerby/kerb-crypto/1.0.1/kerb-crypto-1.0.1.jar:/home/runner/.m2/repository/org/apache/kerby/kerb-util/1.0.1/kerb-util-1.0.1.jar:/home/runner/.m2/repository/org/apache/kerby/token-provider/1.0.1/token-provider-1.0.1.jar:/home/runner/.m2/repository/org/apache/kerby/kerb-admin/1.0.1/kerb-admin-1.0.1.jar:/home/runner/.m2/repository/org/apache/kerby/kerb-server/1.0.1/kerb-server-1.0.1.jar:/home/runner/.m2/repository/org/apache/kerby/kerb-identity/1.0.1/kerb-identity-1.0.1.jar:/home/runner/.m2/repository/org/apache/kerby/kerby-xdr/1.0.1/kerby-xdr-1.0.1.jar:/home/runner/.m2/repository/org/slf4j/slf4j-log4j12/1.7.30/slf4j-log4j12-1.7.30.jar:/home/runner/.m2/repository/org/apache/ozone/ozone-s3gateway/1.3.0-SNAPSHOT/ozone-s3gateway-1.3.0-SNAPSHOT.jar:/home/runner/.m2/repository/org/javassist/javassist/3.21.0-GA/javassist-3.21.0-GA.jar:/home/runner/.m2/repository/org/jboss/weld/servlet/weld-servlet/2.4.7.Final/weld-servlet-2.4.7.Final.jar:/home/runner/.m2/repository/org/glassfish/jersey/containers/jersey-container-servlet-core/2.33/jersey-container-servlet-core-2.33.jar:/home/runner/.m2/repository/org/glassfish/hk2/external/jakarta.inject/2.6.1/jakarta.inject-2.6.1.jar:/home/runner/.m2/repository/org/glassfish/jersey/core/jersey-common/2.33/jersey-common-2.33.jar:/home/runner/.m2/repository/jakarta/ws/rs/jakarta.ws.rs-api/2.1.6/jakarta.ws.rs-api-2.1.6.jar:/home/runner/.m2/repository/org/glassfish/jersey/ext/cdi/jersey-cdi1x/2.33/jersey-cdi1x-2.33.jar:/home/runner/.m2/repository/org/glassfish/jersey/inject/jersey-hk2/2.33/jersey-hk2-2.33.jar:/home/runner/.m2/repository/org/glassfish/hk2/hk2-locator/2.6.1/hk2-locator-2.6.1.jar:/home/runner/.m2/repository/org/glassfish/jersey/media/jersey-media-jaxb/2.33/jersey-media-jaxb-2.33.jar:/home/runner/.m2/repository/org/glassfish/hk2/osgi-resource-locator/1.0.3/osgi-resource-locator-1.0.3.jar:/home/runner/.m2/repository/org/glassfish/hk2/hk2-api/2.5.0/hk2-api-2.5.0.jar:/home/runner/.m2/repository/org/glassfish/hk2/hk2-utils/2.5.0/hk2-utils-2.5.0.jar:/home/runner/.m2/repository/org/glassfish/hk2/external/aopalliance-repackaged/2.5.0/aopalliance-repackaged-2.5.0.jar:/home/runner/.m2/repository/com/fasterxml/jackson/dataformat/jackson-dataformat-xml/2.13.2/jackson-dataformat-xml-2.13.2.jar:/home/runner/.m2/repository/com/fasterxml/jackson/core/jackson-core/2.13.2/jackson-core-2.13.2.jar:/home/runner/.m2/repository/org/codehaus/woodstox/stax2-api/3.1.4/stax2-api-3.1.4.jar:/home/runner/.m2/repository/com/fasterxml/woodstox/woodstox-core/5.0.3/woodstox-core-5.0.3.jar:/home/runner/.m2/repository/com/fasterxml/jackson/module/jackson-module-jaxb-annotations/2.13.2/jackson-module-jaxb-annotations-2.13.2.jar:/home/runner/.m2/repository/jakarta/xml/bind/jakarta.xml.bind-api/2.3.3/jakarta.xml.bind-api-2.3.3.jar:/home/runner/.m2/repository/jakarta/activation/jakarta.activation-api/1.2.1/jakarta.activation-api-1.2.1.jar:/home/runner/.m2/repository/javax/enterprise/cdi-api/1.2/cdi-api-1.2.jar:/home/runner/.m2/repository/javax/el/javax.el-api/3.0.0/javax.el-api-3.0.0.jar:/home/runner/.m2/repository/javax/interceptor/javax.interceptor-api/1.2/javax.interceptor-api-1.2.jar:/home/runner/.m2/repository/javax/inject/javax.inject/1/javax.inject-1.jar:/home/runner/.m2/repository/javax/xml/bind/jaxb-api/2.3.0/jaxb-api-2.3.0.jar:/home/runner/.m2/repository/org/glassfish/jaxb/jaxb-runtime/2.3.0.1/jaxb-runtime-2.3.0.1.jar:/home/runner/.m2/repository/org/glassfish/jaxb/jaxb-core/2.3.0.1/jaxb-core-2.3.0.1.jar:/home/runner/.m2/repository/org/glassfish/jaxb/txw2/2.3.0.1/txw2-2.3.0.1.jar:/home/runner/.m2/repository/com/sun/istack/istack-commons-runtime/3.0.5/istack-commons-runtime-3.0.5.jar:/home/runner/.m2/repository/org/jvnet/staxex/stax-ex/1.7.8/stax-ex-1.7.8.jar:/home/runner/.m2/repository/com/sun/xml/fastinfoset/FastInfoset/1.2.13/FastInfoset-1.2.13.jar:/home/runner/.m2/repository/javax/activation/activation/1.1.1/activation-1.1.1.jar:/home/runner/.m2/repository/io/grpc/grpc-protobuf/1.44.0/grpc-protobuf-1.44.0.jar:/home/runner/.m2/repository/io/grpc/grpc-api/1.44.0/grpc-api-1.44.0.jar:/home/runner/.m2/repository/io/grpc/grpc-context/1.44.0/grpc-context-1.44.0.jar:/home/runner/.m2/repository/com/google/api/grpc/proto-google-common-protos/2.0.1/proto-google-common-protos-2.0.1.jar:/home/runner/.m2/repository/io/grpc/grpc-protobuf-lite/1.44.0/grpc-protobuf-lite-1.44.0.jar:/home/runner/.m2/repository/io/grpc/grpc-stub/1.44.0/grpc-stub-1.44.0.jar:/home/runner/.m2/repository/io/netty/netty-transport/4.1.79.Final/netty-transport-4.1.79.Final.jar:/home/runner/.m2/repository/io/netty/netty-resolver/4.1.79.Final/netty-resolver-4.1.79.Final.jar:/home/runner/.m2/repository/org/apache/ozone/ozone-csi/1.3.0-SNAPSHOT/ozone-csi-1.3.0-SNAPSHOT.jar:/home/runner/.m2/repository/com/google/protobuf/protobuf-java-util/3.19.2/protobuf-java-util-3.19.2.jar:/home/runner/.m2/repository/com/google/code/gson/gson/2.9.0/gson-2.9.0.jar:/home/runner/.m2/repository/org/apache/ozone/hdds-config/1.3.0-SNAPSHOT/hdds-config-1.3.0-SNAPSHOT.jar:/home/runner/.m2/repository/io/netty/netty-transport-native-epoll/4.1.79.Final/netty-transport-native-epoll-4.1.79.Final-linux-x86_64.jar:/home/runner/.m2/repository/io/netty/netty-transport-classes-epoll/4.1.79.Final/netty-transport-classes-epoll-4.1.79.Final.jar:/home/runner/.m2/repository/io/netty/netty-transport-native-unix-common/4.1.79.Final/netty-transport-native-unix-common-4.1.79.Final.jar:/home/runner/.m2/repository/org/apache/ozone/ozone-recon/1.3.0-SNAPSHOT/ozone-recon-1.3.0-SNAPSHOT.jar:/home/runner/.m2/repository/org/apache/ozone/ozone-reconcodegen/1.3.0-SNAPSHOT/ozone-reconcodegen-1.3.0-SNAPSHOT.jar:/home/runner/.m2/repository/com/google/inject/extensions/guice-multibindings/4.0/guice-multibindings-4.0.jar:/home/runner/.m2/repository/com/google/inject/guice/4.0/guice-4.0.jar:/home/runner/.m2/repository/aopalliance/aopalliance/1.0/aopalliance-1.0.jar:/home/runner/.m2/repository/com/google/inject/extensions/guice-assistedinject/4.0/guice-assistedinject-4.0.jar:/home/runner/.m2/repository/com/google/inject/extensions/guice-servlet/4.0/guice-servlet-4.0.jar:/home/runner/.m2/repository/org/glassfish/jersey/containers/jersey-container-servlet/2.33/jersey-container-servlet-2.33.jar:/home/runner/.m2/repository/org/glassfish/hk2/guice-bridge/2.5.0/guice-bridge-2.5.0.jar:/home/runner/.m2/repository/org/glassfish/jersey/core/jersey-server/2.33/jersey-server-2.33.jar:/home/runner/.m2/repository/org/glassfish/jersey/core/jersey-client/2.33/jersey-client-2.33.jar:/home/runner/.m2/repository/jakarta/annotation/jakarta.annotation-api/1.3.5/jakarta.annotation-api-1.3.5.jar:/home/runner/.m2/repository/jakarta/validation/jakarta.validation-api/2.0.2/jakarta.validation-api-2.0.2.jar:/home/runner/.m2/repository/org/glassfish/jersey/media/jersey-media-json-jackson/2.33/jersey-media-json-jackson-2.33.jar:/home/runner/.m2/repository/org/glassfish/jersey/ext/jersey-entity-filtering/2.33/jersey-entity-filtering-2.33.jar:/home/runner/.m2/repository/org/jooq/jooq/3.11.10/jooq-3.11.10.jar:/home/runner/.m2/repository/org/jooq/jooq-meta/3.11.10/jooq-meta-3.11.10.jar:/home/runner/.m2/repository/org/jooq/jooq-codegen/3.11.10/jooq-codegen-3.11.10.jar:/home/runner/.m2/repository/com/jolbox/bonecp/0.8.0.RELEASE/bonecp-0.8.0.RELEASE.jar:/home/runner/.m2/repository/org/apache/derby/derby/10.14.2.0/derby-10.14.2.0.jar:/home/runner/.m2/repository/org/xerial/sqlite-jdbc/3.25.2/sqlite-jdbc-3.25.2.jar:/home/runner/.m2/repository/org/springframework/spring-jdbc/5.2.20.RELEASE/spring-jdbc-5.2.20.RELEASE.jar:/home/runner/.m2/repository/org/springframework/spring-beans/5.2.20.RELEASE/spring-beans-5.2.20.RELEASE.jar:/home/runner/.m2/repository/org/springframework/spring-core/5.2.20.RELEASE/spring-core-5.2.20.RELEASE.jar:/home/runner/.m2/repository/org/springframework/spring-jcl/5.2.20.RELEASE/spring-jcl-5.2.20.RELEASE.jar:/home/runner/.m2/repository/org/springframework/spring-tx/5.2.20.RELEASE/spring-tx-5.2.20.RELEASE.jar:/home/runner/.m2/repository/org/apache/ozone/ozone-client/1.3.0-SNAPSHOT/ozone-client-1.3.0-SNAPSHOT.jar:/home/runner/.m2/repository/org/apache/ozone/hdds-erasurecode/1.3.0-SNAPSHOT/hdds-erasurecode-1.3.0-SNAPSHOT.jar:/home/runner/.m2/repository/com/github/spotbugs/spotbugs-annotations/3.1.12/spotbugs-annotations-3.1.12.jar:/home/runner/.m2/repository/org/apache/ozone/ozone-filesystem/1.3.0-SNAPSHOT/ozone-filesystem-1.3.0-SNAPSHOT.jar:/home/runner/.m2/repository/org/apache/ozone/ozone-filesystem-common/1.3.0-SNAPSHOT/ozone-filesystem-common-1.3.0-SNAPSHOT.jar:/home/runner/.m2/repository/org/apache/ozone/ozone-tools/1.3.0-SNAPSHOT/ozone-tools-1.3.0-SNAPSHOT.jar:/home/runner/.m2/repository/org/apache/ratis/ratis-tools/2.3.0/ratis-tools-2.3.0.jar:/home/runner/.m2/repository/com/amazonaws/aws-java-sdk-core/1.12.261/aws-java-sdk-core-1.12.261.jar:/home/runner/.m2/repository/org/apache/httpcomponents/httpclient/4.5.13/httpclient-4.5.13.jar:/home/runner/.m2/repository/org/apache/httpcomponents/httpcore/4.4.13/httpcore-4.4.13.jar:/home/runner/.m2/repository/software/amazon/ion/ion-java/1.0.2/ion-java-1.0.2.jar:/home/runner/.m2/repository/com/fasterxml/jackson/dataformat/jackson-dataformat-cbor/2.13.2/jackson-dataformat-cbor-2.13.2.jar:/home/runner/.m2/repository/joda-time/joda-time/2.8.1/joda-time-2.8.1.jar:/home/runner/.m2/repository/com/amazonaws/aws-java-sdk-s3/1.12.261/aws-java-sdk-s3-1.12.261.jar:/home/runner/.m2/repository/com/amazonaws/aws-java-sdk-kms/1.12.261/aws-java-sdk-kms-1.12.261.jar:/home/runner/.m2/repository/com/amazonaws/jmespath-java/1.12.261/jmespath-java-1.12.261.jar:/home/runner/.m2/repository/org/kohsuke/metainf-services/metainf-services/1.8/metainf-services-1.8.jar:/home/runner/.m2/repository/org/apache/ozone/hdds-tools/1.3.0-SNAPSHOT/hdds-tools-1.3.0-SNAPSHOT.jar:/home/runner/.m2/repository/commons-cli/commons-cli/1.2/commons-cli-1.2.jar:/home/runner/.m2/repository/org/apache/commons/commons-lang3/3.7/commons-lang3-3.7.jar:/home/runner/.m2/repository/org/apache/ozone/ozone-manager/1.3.0-SNAPSHOT/ozone-manager-1.3.0-SNAPSHOT-tests.jar:/home/runner/.m2/repository/org/apache/ozone/hdds-common/1.3.0-SNAPSHOT/hdds-common-1.3.0-SNAPSHOT-tests.jar:/home/runner/.m2/repository/org/apache/ozone/hdds-hadoop-dependency-client/1.3.0-SNAPSHOT/hdds-hadoop-dependency-client-1.3.0-SNAPSHOT.jar:/home/runner/.m2/repository/info/picocli/picocli/4.6.1/picocli-4.6.1.jar:/home/runner/.m2/repository/com/fasterxml/jackson/core/jackson-annotations/2.13.2/jackson-annotations-2.13.2.jar:/home/runner/.m2/repository/com/fasterxml/jackson/datatype/jackson-datatype-jsr310/2.13.2/jackson-datatype-jsr310-2.13.2.jar:/home/runner/.m2/repository/javax/annotation/javax.annotation-api/1.2/javax.annotation-api-1.2.jar:/home/runner/.m2/repository/org/apache/ratis/ratis-server/2.3.0/ratis-server-2.3.0.jar:/home/runner/.m2/repository/org/apache/ratis/ratis-client/2.3.0/ratis-client-2.3.0.jar:/home/runner/.m2/repository/org/apache/ratis/ratis-server-api/2.3.0/ratis-server-api-2.3.0.jar:/home/runner/.m2/repository/org/apache/ratis/ratis-metrics/2.3.0/ratis-metrics-2.3.0.jar:/home/runner/.m2/repository/org/apache/ratis/ratis-netty/2.3.0/ratis-netty-2.3.0.jar:/home/runner/.m2/repository/org/apache/ratis/ratis-grpc/2.3.0/ratis-grpc-2.3.0.jar:/home/runner/.m2/repository/org/apache/logging/log4j/log4j-api/2.17.1/log4j-api-2.17.1.jar:/home/runner/.m2/repository/org/apache/commons/commons-pool2/2.6.0/commons-pool2-2.6.0.jar:/home/runner/.m2/repository/org/bouncycastle/bcpkix-jdk15on/1.67/bcpkix-jdk15on-1.67.jar:/home/runner/.m2/repository/commons-validator/commons-validator/1.6/commons-validator-1.6.jar:/home/runner/.m2/repository/commons-beanutils/commons-beanutils/1.9.4/commons-beanutils-1.9.4.jar:/home/runner/.m2/repository/commons-digester/commons-digester/1.8.1/commons-digester-1.8.1.jar:/home/runner/.m2/repository/commons-collections/commons-collections/3.2.2/commons-collections-3.2.2.jar:/home/runner/.m2/repository/io/jaegertracing/jaeger-client/1.6.0/jaeger-client-1.6.0.jar:/home/runner/.m2/repository/io/jaegertracing/jaeger-thrift/1.6.0/jaeger-thrift-1.6.0.jar:/home/runner/.m2/repository/org/apache/thrift/libthrift/0.14.1/libthrift-0.14.1.jar:/home/runner/.m2/repository/com/squareup/okhttp3/okhttp/4.9.0/okhttp-4.9.0.jar:/home/runner/.m2/repository/com/squareup/okio/okio/2.8.0/okio-2.8.0.jar:/home/runner/.m2/repository/io/jaegertracing/jaeger-core/1.6.0/jaeger-core-1.6.0.jar:/home/runner/.m2/repository/io/jaegertracing/jaeger-tracerresolver/1.6.0/jaeger-tracerresolver-1.6.0.jar:/home/runner/.m2/repository/io/opentracing/contrib/opentracing-tracerresolver/0.1.8/opentracing-tracerresolver-0.1.8.jar:/home/runner/.m2/repository/org/jetbrains/kotlin/kotlin-stdlib/1.6.21/kotlin-stdlib-1.6.21.jar:/home/runner/.m2/repository/org/jetbrains/kotlin/kotlin-stdlib-common/1.6.21/kotlin-stdlib-common-1.6.21.jar:/home/runner/.m2/repository/org/jetbrains/annotations/13.0/annotations-13.0.jar:/home/runner/.m2/repository/io/opentracing/opentracing-util/0.33.0/opentracing-util-0.33.0.jar:/home/runner/.m2/repository/io/opentracing/opentracing-api/0.33.0/opentracing-api-0.33.0.jar:/home/runner/.m2/repository/io/opentracing/opentracing-noop/0.33.0/opentracing-noop-0.33.0.jar:/home/runner/.m2/repository/org/yaml/snakeyaml/1.26/snakeyaml-1.26.jar:/home/runner/.m2/repository/org/apache/ozone/hdds-interface-admin/1.3.0-SNAPSHOT/hdds-interface-admin-1.3.0-SNAPSHOT.jar:/home/runner/.m2/repository/junit/junit/4.13.1/junit-4.13.1.jar:/home/runner/.m2/repository/org/hamcrest/hamcrest-core/1.3/hamcrest-core-1.3.jar:/home/runner/.m2/repository/org/junit/jupiter/junit-jupiter-api/5.8.2/junit-jupiter-api-5.8.2.jar:/home/runner/.m2/repository/org/opentest4j/opentest4j/1.2.0/opentest4j-1.2.0.jar:/home/runner/.m2/repository/org/junit/platform/junit-platform-commons/1.8.2/junit-platform-commons-1.8.2.jar:/home/runner/.m2/repository/org/apiguardian/apiguardian-api/1.1.2/apiguardian-api-1.1.2.jar:/home/runner/.m2/repository/org/junit/jupiter/junit-jupiter-params/5.8.2/junit-jupiter-params-5.8.2.jar:/home/runner/.m2/repository/org/junit/jupiter/junit-jupiter-migrationsupport/5.8.2/junit-jupiter-migrationsupport-5.8.2.jar:/home/runner/.m2/repository/org/junit/jupiter/junit-jupiter-engine/5.8.2/junit-jupiter-engine-5.8.2.jar:/home/runner/.m2/repository/org/junit/platform/junit-platform-engine/1.8.2/junit-platform-engine-1.8.2.jar:/home/runner/.m2/repository/org/junit/vintage/junit-vintage-engine/5.8.2/junit-vintage-engine-5.8.2.jar:/home/runner/.m2/repository/org/junit/platform/junit-platform-launcher/1.8.2/junit-platform-launcher-1.8.2.jar:/home/runner/.m2/repository/org/mockito/mockito-core/2.28.2/mockito-core-2.28.2.jar:/home/runner/.m2/repository/net/bytebuddy/byte-buddy/1.9.10/byte-buddy-1.9.10.jar:/home/runner/.m2/repository/net/bytebuddy/byte-buddy-agent/1.9.10/byte-buddy-agent-1.9.10.jar:/home/runner/.m2/repository/org/objenesis/objenesis/1.0/objenesis-1.0.jar:/home/runner/.m2/repository/org/apache/hadoop/hadoop-kms/3.3.1/hadoop-kms-3.3.1.jar:/home/runner/.m2/repository/org/apache/hadoop/hadoop-auth/3.3.1/hadoop-auth-3.3.1.jar:/home/runner/.m2/repository/com/nimbusds/nimbus-jose-jwt/7.9/nimbus-jose-jwt-7.9.jar:/home/runner/.m2/repository/com/github/stephenc/jcip/jcip-annotations/1.0-1/jcip-annotations-1.0-1.jar:/home/runner/.m2/repository/net/minidev/json-smart/2.4.7/json-smart-2.4.7.jar:/home/runner/.m2/repository/net/minidev/accessors-smart/2.4.7/accessors-smart-2.4.7.jar:/home/runner/.m2/repository/org/ow2/asm/asm/5.0.4/asm-5.0.4.jar:/home/runner/.m2/repository/org/apache/zookeeper/zookeeper/3.5.6/zookeeper-3.5.6.jar:/home/runner/.m2/repository/org/apache/zookeeper/zookeeper-jute/3.5.6/zookeeper-jute-3.5.6.jar:/home/runner/.m2/repository/org/apache/yetus/audience-annotations/0.5.0/audience-annotations-0.5.0.jar:/home/runner/.m2/repository/org/apache/curator/curator-framework/4.2.0/curator-framework-4.2.0.jar:/home/runner/.m2/repository/org/apache/hadoop/thirdparty/hadoop-shaded-guava/1.1.1/hadoop-shaded-guava-1.1.1.jar:/home/runner/.m2/repository/com/sun/jersey/jersey-core/1.19/jersey-core-1.19.jar:/home/runner/.m2/repository/javax/ws/rs/jsr311-api/1.1.1/jsr311-api-1.1.1.jar:/home/runner/.m2/repository/com/sun/jersey/jersey-server/1.19/jersey-server-1.19.jar:/home/runner/.m2/repository/javax/servlet/javax.servlet-api/3.1.0/javax.servlet-api-3.1.0.jar:/home/runner/.m2/repository/org/eclipse/jetty/jetty-server/9.4.43.v20210629/jetty-server-9.4.43.v20210629.jar:/home/runner/.m2/repository/org/eclipse/jetty/jetty-http/9.4.43.v20210629/jetty-http-9.4.43.v20210629.jar:/home/runner/.m2/repository/org/eclipse/jetty/jetty-io/9.4.43.v20210629/jetty-io-9.4.43.v20210629.jar:/home/runner/.m2/repository/org/eclipse/jetty/jetty-webapp/9.4.43.v20210629/jetty-webapp-9.4.43.v20210629.jar:/home/runner/.m2/repository/org/eclipse/jetty/jetty-xml/9.4.43.v20210629/jetty-xml-9.4.43.v20210629.jar:/home/runner/.m2/repository/org/apache/hadoop/hadoop-common/3.3.1/hadoop-common-3.3.1.jar:/home/runner/.m2/repository/org/apache/commons/commons-math3/3.1.1/commons-math3-3.1.1.jar:/home/runner/.m2/repository/commons-net/commons-net/3.6/commons-net-3.6.jar:/home/runner/.m2/repository/com/sun/jersey/jersey-servlet/1.19/jersey-servlet-1.19.jar:/home/runner/.m2/repository/com/sun/jersey/jersey-json/1.19/jersey-json-1.19.jar:/home/runner/.m2/repository/org/codehaus/jettison/jettison/1.1/jettison-1.1.jar:/home/runner/.m2/repository/com/sun/xml/bind/jaxb-impl/2.2.3-1/jaxb-impl-2.2.3-1.jar:/home/runner/.m2/repository/org/codehaus/jackson/jackson-xc/1.9.2/jackson-xc-1.9.2.jar:/home/runner/.m2/repository/org/apache/commons/commons-configuration2/2.1.1/commons-configuration2-2.1.1.jar:/home/runner/.m2/repository/org/apache/commons/commons-text/1.4/commons-text-1.4.jar:/home/runner/.m2/repository/com/google/re2j/re2j/1.1/re2j-1.1.jar:/home/runner/.m2/repository/com/jcraft/jsch/0.1.54/jsch-0.1.54.jar:/home/runner/.m2/repository/org/apache/curator/curator-client/4.2.0/curator-client-4.2.0.jar:/home/runner/.m2/repository/org/apache/curator/curator-recipes/4.2.0/curator-recipes-4.2.0.jar:/home/runner/.m2/repository/org/apache/kerby/kerb-core/1.0.1/kerb-core-1.0.1.jar:/home/runner/.m2/repository/org/apache/kerby/kerby-pkix/1.0.1/kerby-pkix-1.0.1.jar:/home/runner/.m2/repository/org/apache/kerby/kerby-asn1/1.0.1/kerby-asn1-1.0.1.jar:/home/runner/.m2/repository/org/apache/kerby/kerby-util/1.0.1/kerby-util-1.0.1.jar:/home/runner/.m2/repository/dnsjava/dnsjava/2.1.7/dnsjava-2.1.7.jar:/home/runner/.m2/repository/org/xerial/snappy/snappy-java/1.1.8.2/snappy-java-1.1.8.2.jar:/home/runner/.m2/repository/org/slf4j/jul-to-slf4j/1.7.30/jul-to-slf4j-1.7.30.jar:/home/runner/.m2/repository/org/eclipse/jetty/jetty-util/9.4.43.v20210629/jetty-util-9.4.43.v20210629.jar:/home/runner/.m2/repository/com/fasterxml/jackson/core/jackson-databind/2.13.2.2/jackson-databind-2.13.2.2.jar:/home/runner/.m2/repository/org/apache/hadoop/hadoop-kms/3.3.1/hadoop-kms-3.3.1-tests.jar:/home/runner/.m2/repository/org/apache/ozone/hdds-server-scm/1.3.0-SNAPSHOT/hdds-server-scm-1.3.0-SNAPSHOT-tests.jar:/home/runner/.m2/repository/org/apache/ozone/hdds-container-service/1.3.0-SNAPSHOT/hdds-container-service-1.3.0-SNAPSHOT-tests.jar:/home/runner/.m2/repository/commons-codec/commons-codec/1.11/commons-codec-1.11.jar:/home/runner/.m2/repository/io/netty/netty-codec/4.1.79.Final/netty-codec-4.1.79.Final.jar:/home/runner/.m2/repository/io/netty/netty-handler/4.1.79.Final/netty-handler-4.1.79.Final.jar:/home/runner/.m2/repository/org/apache/ozone/hdds-hadoop-dependency-test/1.3.0-SNAPSHOT/hdds-hadoop-dependency-test-1.3.0-SNAPSHOT.jar:/home/runner/.m2/repository/org/apache/hadoop/hadoop-common/3.3.1/hadoop-common-3.3.1-tests.jar:/home/runner/.m2/repository/org/assertj/assertj-core/3.12.2/assertj-core-3.12.2.jar:/home/runner/.m2/repository/org/apache/hadoop/hadoop-hdfs/3.3.1/hadoop-hdfs-3.3.1-tests.jar:/home/runner/.m2/repository/org/eclipse/jetty/jetty-util-ajax/9.4.43.v20210629/jetty-util-ajax-9.4.43.v20210629.jar:/home/runner/.m2/repository/commons-daemon/commons-daemon/1.0.13/commons-daemon-1.0.13.jar:/home/runner/.m2/repository/io/netty/netty/3.10.6.Final/netty-3.10.6.Final.jar:/home/runner/.m2/repository/io/netty/netty-all/4.1.79.Final/netty-all-4.1.79.Final.jar:/home/runner/.m2/repository/io/netty/netty-codec-dns/4.1.79.Final/netty-codec-dns-4.1.79.Final.jar:/home/runner/.m2/repository/io/netty/netty-codec-haproxy/4.1.79.Final/netty-codec-haproxy-4.1.79.Final.jar:/home/runner/.m2/repository/io/netty/netty-codec-memcache/4.1.79.Final/netty-codec-memcache-4.1.79.Final.jar:/home/runner/.m2/repository/io/netty/netty-codec-mqtt/4.1.79.Final/netty-codec-mqtt-4.1.79.Final.jar:/home/runner/.m2/repository/io/netty/netty-codec-redis/4.1.79.Final/netty-codec-redis-4.1.79.Final.jar:/home/runner/.m2/repository/io/netty/netty-codec-smtp/4.1.79.Final/netty-codec-smtp-4.1.79.Final.jar:/home/runner/.m2/repository/io/netty/netty-codec-stomp/4.1.79.Final/netty-codec-stomp-4.1.79.Final.jar:/home/runner/.m2/repository/io/netty/netty-codec-xml/4.1.79.Final/netty-codec-xml-4.1.79.Final.jar:/home/runner/.m2/repository/io/netty/netty-resolver-dns/4.1.79.Final/netty-resolver-dns-4.1.79.Final.jar:/home/runner/.m2/repository/io/netty/netty-transport-rxtx/4.1.79.Final/netty-transport-rxtx-4.1.79.Final.jar:/home/runner/.m2/repository/io/netty/netty-transport-sctp/4.1.79.Final/netty-transport-sctp-4.1.79.Final.jar:/home/runner/.m2/repository/io/netty/netty-transport-udt/4.1.79.Final/netty-transport-udt-4.1.79.Final.jar:/home/runner/.m2/repository/io/netty/netty-transport-classes-kqueue/4.1.79.Final/netty-transport-classes-kqueue-4.1.79.Final.jar:/home/runner/.m2/repository/io/netty/netty-resolver-dns-classes-macos/4.1.79.Final/netty-resolver-dns-classes-macos-4.1.79.Final.jar:/home/runner/.m2/repository/io/netty/netty-transport-native-epoll/4.1.79.Final/netty-transport-native-epoll-4.1.79.Final-linux-aarch_64.jar:/home/runner/.m2/repository/io/netty/netty-transport-native-kqueue/4.1.79.Final/netty-transport-native-kqueue-4.1.79.Final-osx-x86_64.jar:/home/runner/.m2/repository/io/netty/netty-transport-native-kqueue/4.1.79.Final/netty-transport-native-kqueue-4.1.79.Final-osx-aarch_64.jar:/home/runner/.m2/repository/io/netty/netty-resolver-dns-native-macos/4.1.79.Final/netty-resolver-dns-native-macos-4.1.79.Final-osx-x86_64.jar:/home/runner/.m2/repository/io/netty/netty-resolver-dns-native-macos/4.1.79.Final/netty-resolver-dns-native-macos-4.1.79.Final-osx-aarch_64.jar:/home/runner/.m2/repository/org/apache/htrace/htrace-core4/4.1.0-incubating/htrace-core4-4.1.0-incubating.jar:/home/runner/.m2/repository/org/fusesource/leveldbjni/leveldbjni-all/1.8/leveldbjni-all-1.8.jar:/home/runner/.m2/repository/org/apache/hadoop/hadoop-distcp/3.3.1/hadoop-distcp-3.3.1.jar:/home/runner/.m2/repository/org/apache/hadoop/hadoop-mapreduce-client-jobclient/3.3.1/hadoop-mapreduce-client-jobclient-3.3.1.jar:/home/runner/.m2/repository/org/apache/hadoop/hadoop-mapreduce-client-common/3.3.1/hadoop-mapreduce-client-common-3.3.1.jar:/home/runner/.m2/repository/org/apache/hadoop/hadoop-yarn-common/3.3.1/hadoop-yarn-common-3.3.1.jar:/home/runner/.m2/repository/org/apache/hadoop/hadoop-yarn-api/3.3.1/hadoop-yarn-api-3.3.1.jar:/home/runner/.m2/repository/com/sun/jersey/contribs/jersey-guice/1.19/jersey-guice-1.19.jar:/home/runner/.m2/repository/com/fasterxml/jackson/jaxrs/jackson-jaxrs-json-provider/2.13.2/jackson-jaxrs-json-provider-2.13.2.jar:/home/runner/.m2/repository/com/fasterxml/jackson/jaxrs/jackson-jaxrs-base/2.13.2/jackson-jaxrs-base-2.13.2.jar:/home/runner/.m2/repository/org/apache/hadoop/hadoop-yarn-client/3.3.1/hadoop-yarn-client-3.3.1.jar:/home/runner/.m2/repository/org/eclipse/jetty/websocket/websocket-client/9.4.40.v20210413/websocket-client-9.4.40.v20210413.jar:/home/runner/.m2/repository/org/eclipse/jetty/websocket/websocket-common/9.4.40.v20210413/websocket-common-9.4.40.v20210413.jar:/home/runner/.m2/repository/org/eclipse/jetty/websocket/websocket-api/9.4.40.v20210413/websocket-api-9.4.40.v20210413.jar:/home/runner/.m2/repository/org/jline/jline/3.9.0/jline-3.9.0.jar:/home/runner/.m2/repository/org/apache/hadoop/hadoop-mapreduce-client-core/3.3.1/hadoop-mapreduce-client-core-3.3.1.jar:/home/runner/.m2/repository/org/apache/avro/avro/1.7.7/avro-1.7.7.jar:/home/runner/.m2/repository/org/codehaus/jackson/jackson-core-asl/1.9.13/jackson-core-asl-1.9.13.jar:/home/runner/.m2/repository/org/codehaus/jackson/jackson-mapper-asl/1.9.13/jackson-mapper-asl-1.9.13.jar:/home/runner/.m2/repository/com/thoughtworks/paranamer/paranamer/2.3/paranamer-2.3.jar:/home/runner/.m2/repository/org/apache/hadoop/hadoop-annotations/3.3.1/hadoop-annotations-3.3.1.jar:/usr/lib/jvm/temurin-8-jdk-amd64/jre/../lib/tools.jar:/home/runner/.m2/repository/org/apache/hadoop/hadoop-distcp/3.3.1/hadoop-distcp-3.3.1-tests.jar:/home/runner/.m2/repository/org/apache/ratis/ratis-common/2.3.0/ratis-common-2.3.0.jar:/home/runner/.m2/repository/org/apache/ratis/ratis-thirdparty-misc/1.0.0/ratis-thirdparty-misc-1.0.0.jar:/home/runner/.m2/repository/org/apache/ratis/ratis-proto/2.3.0/ratis-proto-2.3.0.jar:/home/runner/.m2/repository/org/apache/ozone/ozone-annotation-processing/1.3.0-SNAPSHOT/ozone-annotation-processing-1.3.0-SNAPSHOT.jar:"/>
    <property name="sun.cpu.endian" value="little"/>
    <property name="user.home" value="/home/runner"/>
    <property name="user.language" value="en"/>
    <property name="java.specification.vendor" value="Oracle Corporation"/>
    <property name="java.home" value="/usr/lib/jvm/temurin-8-jdk-amd64/jre"/>
    <property name="java.security.krb5.conf" value="/home/runner/work/ozone/ozone/hadoop-ozone/integration-test/target/test-classes/krb5.conf"/>
    <property name="basedir" value="/home/runner/work/ozone/ozone/hadoop-ozone/integration-test"/>
    <property name="file.separator" value="/"/>
    <property name="line.separator" value="&#10;"/>
    <property name="java.vm.specification.vendor" value="Oracle Corporation"/>
    <property name="java.specification.name" value="Java Platform API Specification"/>
    <property name="java.awt.graphicsenv" value="sun.awt.X11GraphicsEnvironment"/>
    <property name="skip.installnpx" value="true"/>
    <property name="surefire.real.class.path" value="/home/runner/work/ozone/ozone/hadoop-ozone/integration-test/target/surefire/surefirebooter3662742555449649605.jar:/home/runner/.m2/repository/org/jacoco/org.jacoco.agent/0.8.5/org.jacoco.agent-0.8.5-runtime.jar"/>
    <property name="hadoop.log.dir" value="/home/runner/work/ozone/ozone/hadoop-ozone/integration-test/target/log"/>
    <property name="sun.boot.class.path" value="/usr/lib/jvm/temurin-8-jdk-amd64/jre/lib/resources.jar:/usr/lib/jvm/temurin-8-jdk-amd64/jre/lib/rt.jar:/usr/lib/jvm/temurin-8-jdk-amd64/jre/lib/sunrsasign.jar:/usr/lib/jvm/temurin-8-jdk-amd64/jre/lib/jsse.jar:/usr/lib/jvm/temurin-8-jdk-amd64/jre/lib/jce.jar:/usr/lib/jvm/temurin-8-jdk-amd64/jre/lib/charsets.jar:/usr/lib/jvm/temurin-8-jdk-amd64/jre/lib/jfr.jar:/usr/lib/jvm/temurin-8-jdk-amd64/jre/classes"/>
    <property name="sun.management.compiler" value="HotSpot 64-Bit Tiered Compilers"/>
    <property name="skip.npx" value="true"/>
    <property name="java.runtime.version" value="1.8.0_332-b09"/>
    <property name="java.net.preferIPv4Stack" value="true"/>
    <property name="user.name" value="runner"/>
    <property name="path.separator" value=":"/>
    <property name="java.security.egd" value="file:///dev/urandom"/>
    <property name="os.version" value="5.4.0-1086-azure"/>
    <property name="java.endorsed.dirs" value="/usr/lib/jvm/temurin-8-jdk-amd64/jre/lib/endorsed"/>
    <property name="java.runtime.name" value="OpenJDK Runtime Environment"/>
    <property name="file.encoding" value="UTF-8"/>
    <property name="java.vm.name" value="OpenJDK 64-Bit Server VM"/>
    <property name="test.build.webapps" value=""/>
    <property name="localRepository" value="/home/runner/.m2/repository"/>
    <property name="jetty.git.hash" value="526006ecfa3af7f1a27ef3a288e2bef7ea9dd7e8"/>
    <property name="java.vendor.url.bug" value="https://github.com/adoptium/adoptium-support/issues"/>
    <property name="java.io.tmpdir" value="/tmp"/>
    <property name="require.test.libhadoop" value=""/>
    <property name="java.version" value="1.8.0_332"/>
    <property name="user.dir" value="/home/runner/work/ozone/ozone/hadoop-ozone/integration-test"/>
    <property name="os.arch" value="amd64"/>
    <property name="java.vm.specification.name" value="Java Virtual Machine Specification"/>
    <property name="test.build.classes" value="/home/runner/work/ozone/ozone/hadoop-ozone/integration-test/target/test-classes"/>
    <property name="java.awt.printerjob" value="sun.print.PSPrinterJob"/>
    <property name="sun.os.patch.level" value="unknown"/>
    <property name="hadoop.tmp.dir" value="/home/runner/work/ozone/ozone/hadoop-ozone/integration-test/target/tmp"/>
    <property name="java.library.path" value="/usr/java/packages/lib/amd64:/usr/lib64:/lib64:/lib:/usr/lib"/>
    <property name="java.vm.info" value="mixed mode"/>
    <property name="java.vendor" value="Temurin"/>
    <property name="java.vm.version" value="25.332-b09"/>
    <property name="java.ext.dirs" value="/usr/lib/jvm/temurin-8-jdk-amd64/jre/lib/ext:/usr/java/packages/lib/ext"/>
    <property name="sun.io.unicode.encoding" value="UnicodeLittle"/>
    <property name="java.class.version" value="52.0"/>
  </properties>
  <testcase name="testAll" classname="TestChunkInputStream" time="58.032">
    <system-out><![CDATA[2022-08-02 00:59:01,363 [Time-limited test] WARN  server.ServerUtils (ServerUtils.java:getScmDbDir(148)) - ozone.scm.db.dirs is not configured. We recommend adding this setting. Falling back to ozone.metadata.dirs instead.
2022-08-02 00:59:01,464 [Time-limited test] WARN  server.ServerUtils (ServerUtils.java:getScmDbDir(148)) - ozone.scm.db.dirs is not configured. We recommend adding this setting. Falling back to ozone.metadata.dirs instead.
2022-08-02 00:59:01,468 [Time-limited test] INFO  ha.SCMHANodeDetails (SCMHANodeDetails.java:loadSCMHAConfig(209)) - ServiceID for StorageContainerManager is null
2022-08-02 00:59:01,479 [Time-limited test] WARN  ha.SCMHANodeDetails (SCMHANodeDetails.java:validateSCMHAConfig(182)) - Invalid config ozone.scm.ratis.enable. The config was not specified, but the default value true conflicts with the expected config value false. Falling back to the expected value. Current State of SCM: SCM is running in Non-HA without Ratis Ratis SCM -> Non Ratis SCM or Non HA SCM -> HA SCM is not supported
2022-08-02 00:59:01,480 [Time-limited test] INFO  ha.SCMHANodeDetails (SCMHANodeDetails.java:loadSCMHAConfig(214)) - ozone.scm.default.service.id is not defined, falling back to ozone.scm.service.ids to find serviceID for StorageContainerManager if it is HA enabled cluster
2022-08-02 00:59:01,948 [Time-limited test] WARN  utils.HAUtils (HAUtils.java:getMetaDir(342)) - ozone.scm.db.dirs is not configured. We recommend adding this setting. Falling back to ozone.metadata.dirs instead.
2022-08-02 00:59:02,071 [Time-limited test] WARN  db.DBStoreBuilder (DBStoreBuilder.java:applyDBDefinition(145)) - ozone.scm.db.dirs is not configured. We recommend adding this setting. Falling back to ozone.metadata.dirs instead.
2022-08-02 00:59:02,381 [Time-limited test] INFO  net.NodeSchemaLoader (NodeSchemaLoader.java:loadSchemaFromFile(129)) - Loading schema from [jar:file:/home/runner/.m2/repository/org/apache/ozone/hdds-common/1.3.0-SNAPSHOT/hdds-common-1.3.0-SNAPSHOT.jar!/network-topology-default.xml]
2022-08-02 00:59:02,382 [Time-limited test] INFO  net.NodeSchemaLoader (NodeSchemaLoader.java:loadSchema(176)) - Loading network topology layer schema file
2022-08-02 00:59:02,423 [Time-limited test] INFO  metrics.MetricRegistries (MetricRegistriesLoader.java:load(64)) - Loaded MetricRegistries class org.apache.ratis.metrics.impl.MetricRegistriesImpl
2022-08-02 00:59:02,429 [Time-limited test] INFO  upgrade.AbstractLayoutVersionManager (AbstractLayoutVersionManager.java:init(83)) - Initializing Layout version manager with metadata layout = DATANODE_SCHEMA_V3 (version = 4), software layout = DATANODE_SCHEMA_V3 (version = 4)
2022-08-02 00:59:02,666 [Time-limited test] INFO  reflections.Reflections (Reflections.java:scan(232)) - Reflections took 149 ms to scan 7 urls, producing 132 keys and 321 values 
2022-08-02 00:59:02,771 [Time-limited test] INFO  ha.SequenceIdGenerator (SequenceIdGenerator.java:upgradeToSequenceId(349)) - upgrade localId to 109611004723200000
2022-08-02 00:59:02,771 [Time-limited test] INFO  ha.SequenceIdGenerator (SequenceIdGenerator.java:upgradeToSequenceId(359)) - upgrade delTxnId to 0
2022-08-02 00:59:02,781 [Time-limited test] INFO  ha.SequenceIdGenerator (SequenceIdGenerator.java:upgradeToSequenceId(376)) - upgrade containerId to 0
2022-08-02 00:59:02,783 [Time-limited test] INFO  ha.SequenceIdGenerator (SequenceIdGenerator.java:<init>(220)) - Init the HA SequenceIdGenerator.
2022-08-02 00:59:02,825 [Time-limited test] INFO  node.SCMNodeManager (SCMNodeManager.java:<init>(149)) - Entering startup safe mode.
2022-08-02 00:59:02,890 [Time-limited test] INFO  algorithms.ContainerPlacementPolicyFactory (ContainerPlacementPolicyFactory.java:getPolicyInternal(86)) - Create container placement policy of type org.apache.hadoop.hdds.scm.container.placement.algorithms.SCMContainerPlacementRandom
2022-08-02 00:59:02,892 [Time-limited test] INFO  algorithms.ContainerPlacementPolicyFactory (ContainerPlacementPolicyFactory.java:getPolicyInternal(86)) - Create container placement policy of type org.apache.hadoop.hdds.scm.container.placement.algorithms.SCMContainerPlacementRackScatter
2022-08-02 00:59:02,911 [Time-limited test] INFO  pipeline.PipelineStateManagerImpl (PipelineStateManagerImpl.java:initialize(78)) - No pipeline exists in current db
2022-08-02 00:59:02,945 [Time-limited test] INFO  algorithms.LeaderChoosePolicyFactory (LeaderChoosePolicyFactory.java:getPolicy(57)) - Create leader choose policy of type org.apache.hadoop.hdds.scm.pipeline.leader.choose.algorithms.MinLeaderCountChoosePolicy
2022-08-02 00:59:02,945 [Time-limited test] INFO  algorithms.ContainerPlacementPolicyFactory (ContainerPlacementPolicyFactory.java:getPolicyInternal(86)) - Create container placement policy of type org.apache.hadoop.hdds.scm.container.placement.algorithms.SCMContainerPlacementRackScatter
2022-08-02 00:59:02,953 [Time-limited test] INFO  ha.SCMServiceManager (SCMServiceManager.java:register(42)) - Registering service BackgroundPipelineCreator.
2022-08-02 00:59:02,953 [Time-limited test] INFO  pipeline.BackgroundPipelineCreator (BackgroundPipelineCreator.java:start(124)) - Starting RatisPipelineUtilsThread.
2022-08-02 00:59:02,957 [Time-limited test] INFO  BackgroundPipelineScrubber (BackgroundSCMService.java:start(68)) - Starting BackgroundPipelineScrubber Service.
2022-08-02 00:59:02,958 [Time-limited test] INFO  ha.SCMServiceManager (SCMServiceManager.java:register(42)) - Registering service BackgroundPipelineScrubber.
2022-08-02 00:59:02,965 [Time-limited test] INFO  ExpiredContainerReplicaOpScrubber (BackgroundSCMService.java:start(68)) - Starting ExpiredContainerReplicaOpScrubber Service.
2022-08-02 00:59:02,966 [Time-limited test] INFO  ha.SCMServiceManager (SCMServiceManager.java:register(42)) - Registering service ExpiredContainerReplicaOpScrubber.
2022-08-02 00:59:02,995 [Time-limited test] INFO  algorithms.PipelineChoosePolicyFactory (PipelineChoosePolicyFactory.java:createPipelineChoosePolicyFromClass(73)) - Create pipeline choose policy of type org.apache.hadoop.hdds.scm.pipeline.choose.algorithms.RandomPipelineChoosePolicy
2022-08-02 00:59:03,011 [Time-limited test] INFO  ha.SCMServiceManager (SCMServiceManager.java:register(42)) - Registering service SCMBlockDeletingService.
2022-08-02 00:59:03,046 [Time-limited test] INFO  replication.ReplicationManager (ReplicationManager.java:start(200)) - Starting Replication Monitor Thread.
2022-08-02 00:59:03,060 [Time-limited test] INFO  UnderReplicatedQueueThread (BackgroundSCMService.java:start(68)) - Starting UnderReplicatedQueueThread Service.
2022-08-02 00:59:03,061 [ReplicationMonitor] INFO  replication.ReplicationManager (ReplicationManager.java:processAll(249)) - Replication Manager is not ready to run until 3000ms after safemode exit
2022-08-02 00:59:03,062 [Time-limited test] INFO  ha.SCMServiceManager (SCMServiceManager.java:register(42)) - Registering service UnderReplicatedQueueThread.
2022-08-02 00:59:03,063 [Time-limited test] INFO  OverReplicatedQueueThread (BackgroundSCMService.java:start(68)) - Starting OverReplicatedQueueThread Service.
2022-08-02 00:59:03,064 [Time-limited test] INFO  ha.SCMServiceManager (SCMServiceManager.java:register(42)) - Registering service OverReplicatedQueueThread.
2022-08-02 00:59:03,064 [Time-limited test] INFO  ha.SCMServiceManager (SCMServiceManager.java:register(42)) - Registering service ReplicationManager.
2022-08-02 00:59:03,076 [Time-limited test] INFO  safemode.ContainerSafeModeRule (ContainerSafeModeRule.java:<init>(89)) - containers with one replica threshold count 0
2022-08-02 00:59:03,080 [Time-limited test] INFO  safemode.HealthyPipelineSafeModeRule (HealthyPipelineSafeModeRule.java:initializeRule(169)) - Total pipeline count is 0, healthy pipeline threshold count is 1
2022-08-02 00:59:03,083 [Time-limited test] INFO  safemode.OneReplicaPipelineSafeModeRule (OneReplicaPipelineSafeModeRule.java:initializeRule(180)) - Total pipeline count is 0, pipeline's with at least one datanode reported threshold count is 0
2022-08-02 00:59:03,360 [Time-limited test] INFO  audit.AuditLogger (AuditLogger.java:refreshDebugCmdSet(126)) - Refresh DebugCmdSet for SCMAudit to [].
2022-08-02 00:59:03,386 [Time-limited test] INFO  ipc.CallQueueManager (CallQueueManager.java:<init>(90)) - Using callQueue: class java.util.concurrent.LinkedBlockingQueue, queueCapacity: 2000, scheduler: class org.apache.hadoop.ipc.DefaultRpcScheduler, ipcBackoff: false.
2022-08-02 00:59:03,421 [Socket Reader #1 for port 0] INFO  ipc.Server (Server.java:run(1265)) - Starting Socket Reader #1 for port 0
2022-08-02 00:59:03,473 [Listener at 0.0.0.0/36037] INFO  audit.AuditLogger (AuditLogger.java:refreshDebugCmdSet(126)) - Refresh DebugCmdSet for SCMAudit to [].
2022-08-02 00:59:03,478 [Listener at 0.0.0.0/36037] INFO  ipc.CallQueueManager (CallQueueManager.java:<init>(90)) - Using callQueue: class java.util.concurrent.LinkedBlockingQueue, queueCapacity: 2000, scheduler: class org.apache.hadoop.ipc.DefaultRpcScheduler, ipcBackoff: false.
2022-08-02 00:59:03,479 [Socket Reader #1 for port 0] INFO  ipc.Server (Server.java:run(1265)) - Starting Socket Reader #1 for port 0
2022-08-02 00:59:03,506 [Listener at 0.0.0.0/44785] INFO  audit.AuditLogger (AuditLogger.java:refreshDebugCmdSet(126)) - Refresh DebugCmdSet for SCMAudit to [].
2022-08-02 00:59:03,518 [Listener at 0.0.0.0/44785] INFO  ipc.CallQueueManager (CallQueueManager.java:<init>(90)) - Using callQueue: class java.util.concurrent.LinkedBlockingQueue, queueCapacity: 2000, scheduler: class org.apache.hadoop.ipc.DefaultRpcScheduler, ipcBackoff: false.
2022-08-02 00:59:03,520 [Socket Reader #1 for port 0] INFO  ipc.Server (Server.java:run(1265)) - Starting Socket Reader #1 for port 0
2022-08-02 00:59:03,602 [Listener at 0.0.0.0/37911] INFO  ha.SCMServiceManager (SCMServiceManager.java:register(42)) - Registering service ContainerBalancer.
2022-08-02 00:59:03,604 [Listener at 0.0.0.0/37911] INFO  server.StorageContainerManager (StorageContainerManager.java:<init>(406)) - 
Container Balancer status:
Key                            Value
Running                        false
Container Balancer Configuration values:
Key                                                Value
Threshold                                          10
Max Datanodes to Involve per Iteration(percent)    20
Max Size to Move per Iteration                     500GB
Max Size Entering Target per Iteration             26GB
Max Size Leaving Source per Iteration              26GB

2022-08-02 00:59:03,605 [Listener at 0.0.0.0/37911] WARN  events.EventQueue (EventQueue.java:fireEvent(216)) - No event handler registered for event TypedEvent{payloadType=SafeModeStatus, name='Safe mode status'}
2022-08-02 00:59:03,605 [Listener at 0.0.0.0/37911] INFO  ha.SCMContext (SCMContext.java:updateSafeModeStatus(228)) - Update SafeModeStatus from SafeModeStatus{safeModeStatus=true, preCheckPassed=false} to SafeModeStatus{safeModeStatus=true, preCheckPassed=false}.
2022-08-02 00:59:03,611 [Listener at 0.0.0.0/37911] INFO  server.StorageContainerManager (StorageContainerManager.java:start(1460)) - StorageContainerLocationProtocol RPC server is listening at /0.0.0.0:37911
2022-08-02 00:59:03,675 [Listener at 0.0.0.0/37911] WARN  impl.MetricsConfig (MetricsConfig.java:loadFirst(136)) - Cannot locate configuration: tried hadoop-metrics2-storagecontainermanager.properties,hadoop-metrics2.properties
2022-08-02 00:59:03,690 [Listener at 0.0.0.0/37911] INFO  impl.MetricsSystemImpl (MetricsSystemImpl.java:startTimer(378)) - Scheduled Metric snapshot period at 10 second(s).
2022-08-02 00:59:03,690 [Listener at 0.0.0.0/37911] INFO  impl.MetricsSystemImpl (MetricsSystemImpl.java:start(191)) - StorageContainerManager metrics system started
2022-08-02 00:59:03,963 [Listener at 0.0.0.0/37911] INFO  server.SCMClientProtocolServer (SCMClientProtocolServer.java:start(170)) - RPC server for Client  is listening at /0.0.0.0:37911
2022-08-02 00:59:03,965 [IPC Server Responder] INFO  ipc.Server (Server.java:run(1507)) - IPC Server Responder: starting
2022-08-02 00:59:03,970 [IPC Server listener on 0] INFO  ipc.Server (Server.java:run(1344)) - IPC Server listener on 0: starting
2022-08-02 00:59:03,977 [Listener at 0.0.0.0/37911] INFO  server.StorageContainerManager (StorageContainerManager.java:start(1475)) - ScmBlockLocationProtocol RPC server is listening at /0.0.0.0:44785
2022-08-02 00:59:03,978 [Listener at 0.0.0.0/37911] INFO  server.SCMBlockProtocolServer (SCMBlockProtocolServer.java:start(152)) - RPC server for Block Protocol is listening at /0.0.0.0:44785
2022-08-02 00:59:03,978 [IPC Server Responder] INFO  ipc.Server (Server.java:run(1507)) - IPC Server Responder: starting
2022-08-02 00:59:03,978 [IPC Server listener on 0] INFO  ipc.Server (Server.java:run(1344)) - IPC Server listener on 0: starting
2022-08-02 00:59:03,981 [Listener at 0.0.0.0/37911] INFO  server.SCMDatanodeProtocolServer (SCMDatanodeProtocolServer.java:start(186)) - ScmDatanodeProtocol RPC server for DataNodes is listening at /0.0.0.0:36037
2022-08-02 00:59:03,981 [IPC Server Responder] INFO  ipc.Server (Server.java:run(1507)) - IPC Server Responder: starting
2022-08-02 00:59:03,982 [IPC Server listener on 0] INFO  ipc.Server (Server.java:run(1344)) - IPC Server listener on 0: starting
2022-08-02 00:59:04,002 [org.apache.hadoop.util.JvmPauseMonitor$Monitor@5d3453ec] INFO  util.JvmPauseMonitor (JvmPauseMonitor.java:run(188)) - Starting JVM pause monitor
2022-08-02 00:59:04,011 [Listener at 0.0.0.0/37911] INFO  http.BaseHttpServer (BaseHttpServer.java:newHttpServer2BuilderForOzone(209)) - Starting Web-server for scm at: http://0.0.0.0:0
2022-08-02 00:59:04,011 [Listener at 0.0.0.0/37911] INFO  http.BaseHttpServer (BaseHttpServer.java:<init>(107)) - Hadoop Security Enabled: false Ozone Security Enabled: false Ozone HTTP Security Enabled: false 
2022-08-02 00:59:04,035 [Listener at 0.0.0.0/37911] INFO  util.log (Log.java:initialized(170)) - Logging initialized @4078ms to org.eclipse.jetty.util.log.Slf4jLog
2022-08-02 00:59:04,062 [ReplicationMonitor] INFO  replication.ReplicationManager (ReplicationManager.java:processAll(249)) - Replication Manager is not ready to run until 3000ms after safemode exit
2022-08-02 00:59:04,138 [Listener at 0.0.0.0/37911] INFO  server.AuthenticationFilter (AuthenticationFilter.java:constructSecretProvider(240)) - Unable to initialize FileSignerSecretProvider, falling back to use random secrets.
2022-08-02 00:59:04,143 [Listener at 0.0.0.0/37911] WARN  http.HttpRequestLog (HttpRequestLog.java:getRequestLog(103)) - Jetty request log can only be enabled using Log4j
2022-08-02 00:59:04,151 [Listener at 0.0.0.0/37911] INFO  http.HttpServer2 (HttpServer2.java:addGlobalFilter(1029)) - Added global filter 'safety' (class=org.apache.hadoop.hdds.server.http.HttpServer2$QuotingInputFilter)
2022-08-02 00:59:04,154 [Listener at 0.0.0.0/37911] INFO  http.HttpServer2 (HttpServer2.java:addFilter(1005)) - Added filter static_user_filter (class=org.apache.hadoop.http.lib.StaticUserWebFilter$StaticUserFilter) to context scm
2022-08-02 00:59:04,154 [Listener at 0.0.0.0/37911] INFO  http.HttpServer2 (HttpServer2.java:addFilter(1013)) - Added filter static_user_filter (class=org.apache.hadoop.http.lib.StaticUserWebFilter$StaticUserFilter) to context logs
2022-08-02 00:59:04,154 [Listener at 0.0.0.0/37911] INFO  http.HttpServer2 (HttpServer2.java:addFilter(1013)) - Added filter static_user_filter (class=org.apache.hadoop.http.lib.StaticUserWebFilter$StaticUserFilter) to context static
2022-08-02 00:59:04,197 [Listener at 0.0.0.0/37911] INFO  http.HttpServer2 (HttpServer2.java:bindListener(1248)) - Jetty bound to port 44197
2022-08-02 00:59:04,199 [Listener at 0.0.0.0/37911] INFO  server.Server (Server.java:doStart(375)) - jetty-9.4.43.v20210629; built: 2021-06-30T11:07:22.254Z; git: 526006ecfa3af7f1a27ef3a288e2bef7ea9dd7e8; jvm 1.8.0_332-b09
2022-08-02 00:59:04,228 [Listener at 0.0.0.0/37911] INFO  server.session (DefaultSessionIdManager.java:doStart(334)) - DefaultSessionIdManager workerName=node0
2022-08-02 00:59:04,228 [Listener at 0.0.0.0/37911] INFO  server.session (DefaultSessionIdManager.java:doStart(339)) - No SessionScavenger set, using defaults
2022-08-02 00:59:04,230 [Listener at 0.0.0.0/37911] INFO  server.session (HouseKeeper.java:startScavenging(132)) - node0 Scavenging every 600000ms
2022-08-02 00:59:04,242 [Listener at 0.0.0.0/37911] INFO  handler.ContextHandler (ContextHandler.java:doStart(915)) - Started o.e.j.s.ServletContextHandler@60fa8f62{logs,/logs,file:///home/runner/work/ozone/ozone/hadoop-ozone/integration-test/target/log,AVAILABLE}
2022-08-02 00:59:04,243 [Listener at 0.0.0.0/37911] INFO  handler.ContextHandler (ContextHandler.java:doStart(915)) - Started o.e.j.s.ServletContextHandler@6edb1071{static,/static,file:///home/runner/work/ozone/ozone/hadoop-ozone/integration-test/target/test-classes/webapps/static,AVAILABLE}
2022-08-02 00:59:04,286 [Listener at 0.0.0.0/37911] INFO  handler.ContextHandler (ContextHandler.java:doStart(915)) - Started o.e.j.w.WebAppContext@20b98058{scm,/,file:///home/runner/work/ozone/ozone/hadoop-ozone/integration-test/target/test-classes/webapps/scm/,AVAILABLE}{file:/home/runner/work/ozone/ozone/hadoop-ozone/integration-test/target/test-classes/webapps/scm}
2022-08-02 00:59:04,295 [Listener at 0.0.0.0/37911] INFO  server.AbstractConnector (AbstractConnector.java:doStart(331)) - Started ServerConnector@3bac9d76{HTTP/1.1, (http/1.1)}{0.0.0.0:44197}
2022-08-02 00:59:04,295 [Listener at 0.0.0.0/37911] INFO  server.Server (Server.java:doStart(415)) - Started @4337ms
2022-08-02 00:59:04,297 [Listener at 0.0.0.0/37911] INFO  impl.MetricsSinkAdapter (MetricsSinkAdapter.java:start(204)) - Sink prometheus started
2022-08-02 00:59:04,297 [Listener at 0.0.0.0/37911] INFO  impl.MetricsSystemImpl (MetricsSystemImpl.java:registerSink(305)) - Registered sink prometheus
2022-08-02 00:59:04,298 [Listener at 0.0.0.0/37911] INFO  http.BaseHttpServer (BaseHttpServer.java:updateConnectorAddress(329)) - HTTP server of scm listening at http://0.0.0.0:44197
2022-08-02 00:59:04,300 [Listener at 0.0.0.0/37911] WARN  server.ServerUtils (ServerUtils.java:getDBPath(225)) - ozone.om.db.dirs is not configured. We recommend adding this setting. Falling back to ozone.metadata.dirs instead.
2022-08-02 00:59:04,356 [Listener at 0.0.0.0/37911] INFO  audit.AuditLogger (AuditLogger.java:refreshDebugCmdSet(126)) - Refresh DebugCmdSet for OMAudit to [].
2022-08-02 00:59:04,434 [Listener at 0.0.0.0/37911] INFO  ha.OMHANodeDetails (OMHANodeDetails.java:loadOMHAConfig(115)) - ozone.om.internal.service.id is not defined, falling back to ozone.om.service.ids to find serviceID for OzoneManager if it is HA enabled cluster
2022-08-02 00:59:04,437 [Listener at 0.0.0.0/37911] INFO  ha.OMHANodeDetails (OMHANodeDetails.java:loadOMHAConfig(226)) - Configuration does not have ozone.om.address set. Falling back to the default OM address /127.0.0.1:0
2022-08-02 00:59:04,437 [Listener at 0.0.0.0/37911] INFO  ha.OMHANodeDetails (OMHANodeDetails.java:getOMNodeDetailsForNonHA(254)) - OM Service ID is not set. Setting it to the default ID: omServiceIdDefault
2022-08-02 00:59:04,437 [Listener at 0.0.0.0/37911] INFO  ha.OMHANodeDetails (OMHANodeDetails.java:getOMNodeDetailsForNonHA(261)) - OM Node ID is not set. Setting it to the default ID: om1
2022-08-02 00:59:04,441 [Listener at 0.0.0.0/37911] WARN  server.ServerUtils (ServerUtils.java:getDBPath(225)) - ozone.om.db.dirs is not configured. We recommend adding this setting. Falling back to ozone.metadata.dirs instead.
2022-08-02 00:59:04,442 [Listener at 0.0.0.0/37911] INFO  upgrade.AbstractLayoutVersionManager (AbstractLayoutVersionManager.java:init(83)) - Initializing Layout version manager with metadata layout = MULTITENANCY_SCHEMA (version = 3), software layout = MULTITENANCY_SCHEMA (version = 3)
2022-08-02 00:59:04,521 [Listener at 0.0.0.0/37911] INFO  reflections.Reflections (Reflections.java:scan(232)) - Reflections took 75 ms to scan 2 urls, producing 152 keys and 424 values [using 2 cores]
2022-08-02 00:59:04,526 [Listener at 0.0.0.0/37911] INFO  upgrade.OMLayoutVersionManager (OMLayoutVersionManager.java:lambda$0(115)) - Skipping Upgrade Action MockOmUpgradeAction since it has been finalized.
2022-08-02 00:59:04,527 [Listener at 0.0.0.0/37911] WARN  server.ServerUtils (ServerUtils.java:getDBPath(225)) - ozone.om.db.dirs is not configured. We recommend adding this setting. Falling back to ozone.metadata.dirs instead.
2022-08-02 00:59:04,671 [Listener at 0.0.0.0/37911] INFO  proxy.SCMBlockLocationFailoverProxyProvider (SCMBlockLocationFailoverProxyProvider.java:<init>(114)) - Created block location fail-over proxy with 1 nodes: [nodeId=scmNodeId,nodeAddress=/0.0.0.0:44785]
2022-08-02 00:59:04,694 [Listener at 0.0.0.0/37911] INFO  proxy.SCMBlockLocationFailoverProxyProvider (SCMBlockLocationFailoverProxyProvider.java:<init>(114)) - Created block location fail-over proxy with 1 nodes: [nodeId=scmNodeId,nodeAddress=/0.0.0.0:44785]
2022-08-02 00:59:04,905 [Listener at 0.0.0.0/37911] WARN  server.ServerUtils (ServerUtils.java:getDBPath(225)) - ozone.om.db.dirs is not configured. We recommend adding this setting. Falling back to ozone.metadata.dirs instead.
2022-08-02 00:59:04,911 [Listener at 0.0.0.0/37911] INFO  codec.OmKeyInfoCodec (OmKeyInfoCodec.java:<init>(49)) - OmKeyInfoCodec ignorePipeline = true
2022-08-02 00:59:04,912 [Listener at 0.0.0.0/37911] INFO  codec.RepeatedOmKeyInfoCodec (RepeatedOmKeyInfoCodec.java:<init>(41)) - RepeatedOmKeyInfoCodec ignorePipeline = true
2022-08-02 00:59:05,062 [ReplicationMonitor] INFO  replication.ReplicationManager (ReplicationManager.java:processAll(249)) - Replication Manager is not ready to run until 3000ms after safemode exit
2022-08-02 00:59:05,108 [Listener at 0.0.0.0/37911] INFO  om.OzoneManager (OzoneManager.java:instantiateServices(696)) - S3 Multi-Tenancy is disabled
2022-08-02 00:59:05,203 [Listener at 0.0.0.0/37911] INFO  om.OzoneManager (OzoneManager.java:addS3GVolumeToDB(4307)) - Created Volume s3v With Owner runner required for S3Gateway operations.
2022-08-02 00:59:05,252 [Listener at 0.0.0.0/37911] WARN  server.ServerUtils (ServerUtils.java:getDefaultRatisDirectory(237)) - Storage directory for Ratis is not configured. It is a good idea to map this to an SSD disk. Falling back to ozone.metadata.dirs
2022-08-02 00:59:05,252 [Listener at 0.0.0.0/37911] WARN  utils.OzoneManagerRatisUtils (OzoneManagerRatisUtils.java:getOMRatisSnapshotDirectory(431)) - ozone.om.ratis.snapshot.dir is not configured. Falling back to ozone.metadata.dirs config
2022-08-02 00:59:05,271 [Listener at 0.0.0.0/37911] WARN  server.ServerUtils (ServerUtils.java:getDefaultRatisDirectory(237)) - Storage directory for Ratis is not configured. It is a good idea to map this to an SSD disk. Falling back to ozone.metadata.dirs
2022-08-02 00:59:05,298 [Listener at 0.0.0.0/37911] INFO  ratis.OzoneManagerRatisServer (OzoneManagerRatisServer.java:<init>(159)) - Instantiating OM Ratis server with groupID: omServiceIdDefault and peers: localhost:9872
2022-08-02 00:59:05,308 [Listener at 0.0.0.0/37911] INFO  ratis.OzoneManagerStateMachine (OzoneManagerStateMachine.java:loadSnapshotInfoFromDB(632)) - LastAppliedIndex is set from TransactionInfo from OM DB as (t:0, i:~)
2022-08-02 00:59:05,353 [Listener at 0.0.0.0/37911] INFO  server.RaftServer (ConfUtils.java:logGet(46)) - raft.rpc.type = GRPC (default)
2022-08-02 00:59:05,432 [Listener at 0.0.0.0/37911] INFO  grpc.GrpcFactory (GrpcFactory.java:checkPooledByteBufAllocatorUseCacheForAllThreads(48)) - PERFORMANCE WARNING: useCacheForAllThreads is true that may cause Netty to create a lot garbage objects and, as a result, trigger GC.
	It is recommended to disable useCacheForAllThreads by setting -Dorg.apache.ratis.thirdparty.io.netty.allocator.useCacheForAllThreads=false in command line.
2022-08-02 00:59:05,436 [Listener at 0.0.0.0/37911] INFO  grpc.GrpcConfigKeys (ConfUtils.java:logGet(46)) - raft.grpc.admin.port = -1 (default)
2022-08-02 00:59:05,437 [Listener at 0.0.0.0/37911] INFO  grpc.GrpcConfigKeys (ConfUtils.java:logGet(46)) - raft.grpc.server.port = 9872 (custom)
2022-08-02 00:59:05,437 [Listener at 0.0.0.0/37911] INFO  grpc.GrpcConfigKeys (ConfUtils.java:logGet(46)) - raft.grpc.client.port = -1 (default)
2022-08-02 00:59:05,438 [Listener at 0.0.0.0/37911] INFO  grpc.GrpcConfigKeys (ConfUtils.java:logGet(46)) - raft.grpc.server.port = 9872 (custom)
2022-08-02 00:59:05,438 [Listener at 0.0.0.0/37911] INFO  grpc.GrpcConfigKeys (ConfUtils.java:logGet(46)) - raft.grpc.server.port = 9872 (custom)
2022-08-02 00:59:05,438 [Listener at 0.0.0.0/37911] INFO  server.GrpcService (ConfUtils.java:logGet(46)) - raft.grpc.message.size.max = 33554432 (custom)
2022-08-02 00:59:05,439 [Listener at 0.0.0.0/37911] INFO  server.RaftServerConfigKeys (ConfUtils.java:logGet(46)) - raft.server.log.appender.buffer.byte-limit = 33554432 (custom)
2022-08-02 00:59:05,440 [Listener at 0.0.0.0/37911] INFO  server.GrpcService (ConfUtils.java:logGet(46)) - raft.grpc.flow.control.window = 1MB (=1048576) (default)
2022-08-02 00:59:05,440 [Listener at 0.0.0.0/37911] INFO  server.RaftServerConfigKeys (ConfUtils.java:logGet(46)) - raft.server.rpc.request.timeout = 3000ms (default)
2022-08-02 00:59:05,457 [Listener at 0.0.0.0/37911] INFO  grpc.GrpcConfigKeys (ConfUtils.java:logGet(46)) - raft.grpc.server.async.request.thread.pool.cached = true (default)
2022-08-02 00:59:05,458 [Listener at 0.0.0.0/37911] INFO  grpc.GrpcConfigKeys (ConfUtils.java:logGet(46)) - raft.grpc.server.async.request.thread.pool.size = 32 (default)
2022-08-02 00:59:05,753 [Listener at 0.0.0.0/37911] INFO  impl.DataStreamServerImpl (ConfUtils.java:logGet(46)) - raft.datastream.type = DISABLED (default)
2022-08-02 00:59:05,756 [Listener at 0.0.0.0/37911] INFO  server.RaftServerConfigKeys (ConfUtils.java:logGet(46)) - raft.server.threadpool.proxy.cached = true (default)
2022-08-02 00:59:05,757 [Listener at 0.0.0.0/37911] INFO  server.RaftServerConfigKeys (ConfUtils.java:logGet(46)) - raft.server.threadpool.proxy.size = 0 (default)
2022-08-02 00:59:05,757 [Listener at 0.0.0.0/37911] INFO  server.RaftServerConfigKeys (ConfUtils.java:logGet(46)) - raft.server.rpc.slowness.timeout = 120s (custom)
2022-08-02 00:59:05,757 [Listener at 0.0.0.0/37911] INFO  server.RaftServerConfigKeys (ConfUtils.java:logGet(46)) - raft.server.leaderelection.leader.step-down.wait-time = 10s (default)
2022-08-02 00:59:05,760 [Listener at 0.0.0.0/37911] INFO  server.RaftServerConfigKeys (ConfUtils.java:logGet(46)) - raft.server.storage.dir = [/home/runner/work/ozone/ozone/hadoop-ozone/integration-test/target/test-dir/MiniOzoneClusterImpl-5354faea-c150-4163-8100-b2f9ddc2915f/ozone-meta/ratis] (custom)
2022-08-02 00:59:05,769 [Listener at 0.0.0.0/37911] INFO  server.RaftServer (RaftServerProxy.java:addNew(96)) - om1: addNew group-C5BA1605619E:[om1|rpc:localhost:9872|priority:0] returns group-C5BA1605619E:java.util.concurrent.CompletableFuture@435e9f57[Not completed]
2022-08-02 00:59:05,769 [Listener at 0.0.0.0/37911] INFO  om.OzoneManager (OzoneManager.java:initializeRatisServer(1962)) - OzoneManager Ratis server initialized at port 9872
2022-08-02 00:59:05,782 [Listener at 0.0.0.0/37911] INFO  om.OzoneManager (OzoneManager.java:getRpcServer(1085)) - Creating RPC Server
2022-08-02 00:59:05,808 [pool-55-thread-1] INFO  server.RaftServer$Division (RaftServerImpl.java:<init>(190)) - om1: new RaftServerImpl for group-C5BA1605619E:[om1|rpc:localhost:9872|priority:0] with OzoneManagerStateMachine:uninitialized
2022-08-02 00:59:05,819 [pool-55-thread-1] INFO  server.RaftServerConfigKeys (ConfUtils.java:logGet(46)) - raft.server.rpc.timeout.min = 1s (custom)
2022-08-02 00:59:05,823 [pool-55-thread-1] INFO  server.RaftServerConfigKeys (ConfUtils.java:logGet(46)) - raft.server.rpc.timeout.max = 1200ms (custom)
2022-08-02 00:59:05,823 [pool-55-thread-1] INFO  server.RaftServerConfigKeys (ConfUtils.java:logGet(46)) - raft.server.rpc.sleep.time = 25ms (default)
2022-08-02 00:59:05,823 [pool-55-thread-1] INFO  server.RaftServerConfigKeys (ConfUtils.java:logGet(46)) - raft.server.rpc.slowness.timeout = 120s (custom)
2022-08-02 00:59:05,824 [pool-55-thread-1] INFO  server.RaftServerConfigKeys (ConfUtils.java:logGet(46)) - raft.server.leaderelection.leader.step-down.wait-time = 10s (default)
2022-08-02 00:59:05,824 [pool-55-thread-1] INFO  server.RaftServerConfigKeys (ConfUtils.java:logGet(46)) - raft.server.sleep.deviation.threshold = 300ms (default)
2022-08-02 00:59:05,834 [pool-55-thread-1] INFO  server.RaftServer$Division (ServerState.java:<init>(107)) - om1@group-C5BA1605619E: ConfigurationManager, init=-1: [om1|rpc:localhost:9872|priority:0], old=null, confs=<EMPTY_MAP>
2022-08-02 00:59:05,834 [pool-55-thread-1] INFO  server.RaftServerConfigKeys (ConfUtils.java:logGet(46)) - raft.server.storage.dir = [/home/runner/work/ozone/ozone/hadoop-ozone/integration-test/target/test-dir/MiniOzoneClusterImpl-5354faea-c150-4163-8100-b2f9ddc2915f/ozone-meta/ratis] (custom)
2022-08-02 00:59:05,838 [pool-55-thread-1] INFO  server.RaftServerConfigKeys (ConfUtils.java:logGet(46)) - raft.server.log.corruption.policy = EXCEPTION (default)
2022-08-02 00:59:05,838 [pool-55-thread-1] INFO  server.RaftServerConfigKeys (ConfUtils.java:logGet(46)) - raft.server.storage.free-space.min = 0MB (=0) (default)
2022-08-02 00:59:05,840 [pool-55-thread-1] INFO  storage.RaftStorageDirectory (RaftStorageDirectoryImpl.java:analyzeStorage(135)) - The storage directory /home/runner/work/ozone/ozone/hadoop-ozone/integration-test/target/test-dir/MiniOzoneClusterImpl-5354faea-c150-4163-8100-b2f9ddc2915f/ozone-meta/ratis/bf265839-605b-3f16-9796-c5ba1605619e does not exist. Creating ...
2022-08-02 00:59:05,845 [pool-55-thread-1] INFO  storage.RaftStorageDirectory (RaftStorageDirectoryImpl.java:tryLock(230)) - Lock on /home/runner/work/ozone/ozone/hadoop-ozone/integration-test/target/test-dir/MiniOzoneClusterImpl-5354faea-c150-4163-8100-b2f9ddc2915f/ozone-meta/ratis/bf265839-605b-3f16-9796-c5ba1605619e/in_use.lock acquired by nodename 4034@fv-az164-385
2022-08-02 00:59:05,869 [pool-55-thread-1] INFO  storage.RaftStorage (RaftStorageImpl.java:format(89)) - Storage directory /home/runner/work/ozone/ozone/hadoop-ozone/integration-test/target/test-dir/MiniOzoneClusterImpl-5354faea-c150-4163-8100-b2f9ddc2915f/ozone-meta/ratis/bf265839-605b-3f16-9796-c5ba1605619e has been successfully formatted.
2022-08-02 00:59:05,872 [pool-55-thread-1] INFO  server.RaftServerConfigKeys (ConfUtils.java:logGet(46)) - raft.server.notification.no-leader.timeout = 120s (custom)
2022-08-02 00:59:05,904 [pool-55-thread-1] INFO  server.RaftServerConfigKeys (ConfUtils.java:logGet(46)) - raft.server.log.use.memory = false (default)
2022-08-02 00:59:05,924 [pool-55-thread-1] INFO  server.RaftServerConfigKeys (ConfUtils.java:logGet(46)) - raft.server.log.purge.gap = 1000000 (custom)
2022-08-02 00:59:05,924 [pool-55-thread-1] INFO  server.RaftServerConfigKeys (ConfUtils.java:logGet(46)) - raft.server.log.appender.buffer.byte-limit = 33554432 (custom)
2022-08-02 00:59:05,933 [pool-55-thread-1] INFO  server.RaftServerConfigKeys (ConfUtils.java:logGet(46)) - raft.server.log.statemachine.data.read.timeout = 1000ms (default)
2022-08-02 00:59:05,965 [pool-55-thread-1] INFO  server.RaftServerConfigKeys (ConfUtils.java:logGet(46)) - raft.server.log.segment.size.max = 4194304 (custom)
2022-08-02 00:59:05,982 [pool-55-thread-1] INFO  server.RaftServerConfigKeys (ConfUtils.java:logGet(46)) - raft.server.log.segment.cache.num.max = 2 (custom)
2022-08-02 00:59:05,982 [pool-55-thread-1] INFO  server.RaftServerConfigKeys (ConfUtils.java:logGet(46)) - raft.server.log.segment.cache.size.max = 200MB (=209715200) (default)
2022-08-02 00:59:05,990 [pool-55-thread-1] INFO  segmented.SegmentedRaftLogWorker (SegmentedRaftLogWorker.java:<init>(187)) - new om1@group-C5BA1605619E-SegmentedRaftLogWorker for RaftStorageImpl:Storage Directory /home/runner/work/ozone/ozone/hadoop-ozone/integration-test/target/test-dir/MiniOzoneClusterImpl-5354faea-c150-4163-8100-b2f9ddc2915f/ozone-meta/ratis/bf265839-605b-3f16-9796-c5ba1605619e
2022-08-02 00:59:05,991 [pool-55-thread-1] INFO  server.RaftServerConfigKeys (ConfUtils.java:logGet(46)) - raft.server.log.queue.byte-limit = 64MB (=67108864) (default)
2022-08-02 00:59:05,991 [pool-55-thread-1] INFO  server.RaftServerConfigKeys (ConfUtils.java:logGet(46)) - raft.server.log.queue.element-limit = 4096 (default)
2022-08-02 00:59:05,992 [pool-55-thread-1] INFO  server.RaftServerConfigKeys (ConfUtils.java:logGet(46)) - raft.server.log.segment.size.max = 4194304 (custom)
2022-08-02 00:59:05,992 [pool-55-thread-1] INFO  server.RaftServerConfigKeys (ConfUtils.java:logGet(46)) - raft.server.log.preallocated.size = 4194304 (custom)
2022-08-02 00:59:05,993 [pool-55-thread-1] INFO  server.RaftServerConfigKeys (ConfUtils.java:logGet(46)) - raft.server.log.force.sync.num = 128 (default)
2022-08-02 00:59:06,022 [pool-55-thread-1] INFO  server.RaftServerConfigKeys (ConfUtils.java:logGet(46)) - raft.server.log.statemachine.data.sync = true (default)
2022-08-02 00:59:06,022 [pool-55-thread-1] INFO  server.RaftServerConfigKeys (ConfUtils.java:logGet(46)) - raft.server.log.statemachine.data.sync.timeout = 10s (default)
2022-08-02 00:59:06,023 [pool-55-thread-1] INFO  server.RaftServerConfigKeys (ConfUtils.java:logGet(46)) - raft.server.log.statemachine.data.sync.timeout.retry = -1 (default)
2022-08-02 00:59:06,043 [pool-55-thread-1] INFO  server.RaftServerConfigKeys (ConfUtils.java:logGet(46)) - raft.server.log.write.buffer.size = 64KB (=65536) (default)
2022-08-02 00:59:06,044 [pool-55-thread-1] INFO  server.RaftServerConfigKeys (ConfUtils.java:logGet(46)) - raft.server.log.unsafe-flush.enabled = false (default)
2022-08-02 00:59:06,044 [pool-55-thread-1] INFO  server.RaftServerConfigKeys (ConfUtils.java:logGet(46)) - raft.server.log.statemachine.data.caching.enabled = false (default)
2022-08-02 00:59:06,057 [pool-55-thread-1] INFO  segmented.SegmentedRaftLogWorker (SegmentedRaftLogWorker.java:lambda$new$0(135)) - om1@group-C5BA1605619E-SegmentedRaftLogWorker: flushIndex: setUnconditionally 0 -> -1
2022-08-02 00:59:06,058 [pool-55-thread-1] INFO  segmented.SegmentedRaftLogWorker (SegmentedRaftLogWorker.java:lambda$new$0(135)) - om1@group-C5BA1605619E-SegmentedRaftLogWorker: safeCacheEvictIndex: setUnconditionally 0 -> -1
2022-08-02 00:59:06,062 [ReplicationMonitor] INFO  replication.ReplicationManager (ReplicationManager.java:processAll(249)) - Replication Manager is not ready to run until 3000ms after safemode exit
2022-08-02 00:59:06,069 [pool-55-thread-1] INFO  server.RaftServerConfigKeys (ConfUtils.java:logGet(46)) - raft.server.snapshot.auto.trigger.enabled = true (custom)
2022-08-02 00:59:06,069 [pool-55-thread-1] INFO  server.RaftServerConfigKeys (ConfUtils.java:logGet(46)) - raft.server.snapshot.auto.trigger.threshold = 400000 (default)
2022-08-02 00:59:06,070 [pool-55-thread-1] INFO  server.RaftServerConfigKeys (ConfUtils.java:logGet(46)) - raft.server.snapshot.retention.file.num = -1 (default)
2022-08-02 00:59:06,071 [pool-55-thread-1] INFO  server.RaftServerConfigKeys (ConfUtils.java:logGet(46)) - raft.server.log.purge.upto.snapshot.index = true (custom)
2022-08-02 00:59:06,072 [pool-55-thread-1] INFO  server.RaftServerConfigKeys (ConfUtils.java:logGet(46)) - raft.server.retrycache.expirytime = 300s (custom)
2022-08-02 00:59:06,072 [pool-55-thread-1] INFO  server.RaftServerConfigKeys (ConfUtils.java:logGet(46)) - raft.server.retrycache.statistics.expirytime = 100μs (default)
2022-08-02 00:59:06,193 [pool-55-thread-1] INFO  server.RaftServerConfigKeys (ConfUtils.java:logGet(46)) - raft.server.log.appender.install.snapshot.enabled = false (custom)
2022-08-02 00:59:06,194 [pool-55-thread-1] INFO  server.RaftServerConfigKeys (ConfUtils.java:logGet(46)) - raft.server.threadpool.server.cached = true (default)
2022-08-02 00:59:06,194 [pool-55-thread-1] INFO  server.RaftServerConfigKeys (ConfUtils.java:logGet(46)) - raft.server.threadpool.server.size = 0 (default)
2022-08-02 00:59:06,194 [pool-55-thread-1] INFO  server.RaftServerConfigKeys (ConfUtils.java:logGet(46)) - raft.server.threadpool.client.cached = true (default)
2022-08-02 00:59:06,195 [pool-55-thread-1] INFO  server.RaftServerConfigKeys (ConfUtils.java:logGet(46)) - raft.server.threadpool.client.size = 0 (default)
2022-08-02 00:59:06,479 [Listener at 0.0.0.0/37911] INFO  reflections.Reflections (Reflections.java:scan(232)) - Reflections took 645 ms to scan 19 urls, producing 67 keys and 4139 values [using 2 cores]
2022-08-02 00:59:06,630 [Listener at 0.0.0.0/37911] INFO  ipc.CallQueueManager (CallQueueManager.java:<init>(90)) - Using callQueue: class java.util.concurrent.LinkedBlockingQueue, queueCapacity: 2000, scheduler: class org.apache.hadoop.ipc.DefaultRpcScheduler, ipcBackoff: false.
2022-08-02 00:59:06,631 [Socket Reader #1 for port 0] INFO  ipc.Server (Server.java:run(1265)) - Starting Socket Reader #1 for port 0
2022-08-02 00:59:06,666 [Listener at 127.0.0.1/34881] INFO  impl.MetricsSystemImpl (MetricsSystemImpl.java:init(158)) - OzoneManager metrics system started (again)
2022-08-02 00:59:06,680 [Listener at 127.0.0.1/34881] INFO  om.OzoneManager (OzoneManager.java:start(1469)) - OzoneManager RPC server is listening at localhost/127.0.0.1:34881
2022-08-02 00:59:06,680 [Listener at 127.0.0.1/34881] INFO  ratis.OzoneManagerRatisServer (OzoneManagerRatisServer.java:start(554)) - Starting OzoneManagerRatisServer om1 at port 9872
2022-08-02 00:59:06,683 [om1-impl-thread1] INFO  server.RaftServer$Division (RaftServerImpl.java:start(310)) - om1@group-C5BA1605619E: start as a follower, conf=-1: [om1|rpc:localhost:9872|priority:0], old=null
2022-08-02 00:59:06,684 [om1-impl-thread1] INFO  server.RaftServer$Division (RaftServerImpl.java:setRole(299)) - om1@group-C5BA1605619E: changes role from      null to FOLLOWER at term 0 for startAsFollower
2022-08-02 00:59:06,685 [om1-impl-thread1] INFO  impl.RoleInfo (RoleInfo.java:updateAndGet(139)) - om1: start om1@group-C5BA1605619E-FollowerState
2022-08-02 00:59:06,690 [om1-impl-thread1] INFO  util.JmxRegister (JmxRegister.java:tryRegister(44)) - Successfully registered JMX Bean with object name Ratis:service=RaftServer,group=group-C5BA1605619E,id=om1
2022-08-02 00:59:06,693 [Listener at 127.0.0.1/34881] INFO  server.RaftServer (RaftServerProxy.java:lambda$start$6(382)) - om1: start RPC server
2022-08-02 00:59:06,873 [Listener at 127.0.0.1/34881] INFO  server.GrpcService (GrpcService.java:startImpl(260)) - om1: GrpcService started, listening on 9872
2022-08-02 00:59:06,877 [Listener at 127.0.0.1/34881] INFO  om.OzoneManager (OzoneManager.java:start(1485)) - Version File has different layout version (3) than OM DB (null). That is expected if this OM has never been finalized to a newer layout version.
2022-08-02 00:59:06,879 [org.apache.ratis.util.JvmPauseMonitor$$Lambda$631/1000159038@1b261196] INFO  util.JvmPauseMonitor (JvmPauseMonitor.java:run(103)) - JvmPauseMonitor-om1: Started
2022-08-02 00:59:06,888 [Listener at 127.0.0.1/34881] INFO  http.BaseHttpServer (BaseHttpServer.java:newHttpServer2BuilderForOzone(209)) - Starting Web-server for ozoneManager at: http://0.0.0.0:0
2022-08-02 00:59:06,888 [Listener at 127.0.0.1/34881] INFO  http.BaseHttpServer (BaseHttpServer.java:<init>(107)) - Hadoop Security Enabled: false Ozone Security Enabled: false Ozone HTTP Security Enabled: false 
2022-08-02 00:59:06,897 [Listener at 127.0.0.1/34881] INFO  server.AuthenticationFilter (AuthenticationFilter.java:constructSecretProvider(240)) - Unable to initialize FileSignerSecretProvider, falling back to use random secrets.
2022-08-02 00:59:06,898 [Listener at 127.0.0.1/34881] WARN  http.HttpRequestLog (HttpRequestLog.java:getRequestLog(103)) - Jetty request log can only be enabled using Log4j
2022-08-02 00:59:06,900 [Listener at 127.0.0.1/34881] INFO  http.HttpServer2 (HttpServer2.java:addGlobalFilter(1029)) - Added global filter 'safety' (class=org.apache.hadoop.hdds.server.http.HttpServer2$QuotingInputFilter)
2022-08-02 00:59:06,900 [Listener at 127.0.0.1/34881] INFO  http.HttpServer2 (HttpServer2.java:addFilter(1005)) - Added filter static_user_filter (class=org.apache.hadoop.http.lib.StaticUserWebFilter$StaticUserFilter) to context ozoneManager
2022-08-02 00:59:06,901 [Listener at 127.0.0.1/34881] INFO  http.HttpServer2 (HttpServer2.java:addFilter(1013)) - Added filter static_user_filter (class=org.apache.hadoop.http.lib.StaticUserWebFilter$StaticUserFilter) to context logs
2022-08-02 00:59:06,901 [Listener at 127.0.0.1/34881] INFO  http.HttpServer2 (HttpServer2.java:addFilter(1013)) - Added filter static_user_filter (class=org.apache.hadoop.http.lib.StaticUserWebFilter$StaticUserFilter) to context static
2022-08-02 00:59:06,903 [Listener at 127.0.0.1/34881] INFO  http.HttpServer2 (HttpServer2.java:bindListener(1248)) - Jetty bound to port 37387
2022-08-02 00:59:06,905 [Listener at 127.0.0.1/34881] INFO  server.Server (Server.java:doStart(375)) - jetty-9.4.43.v20210629; built: 2021-06-30T11:07:22.254Z; git: 526006ecfa3af7f1a27ef3a288e2bef7ea9dd7e8; jvm 1.8.0_332-b09
2022-08-02 00:59:06,907 [Listener at 127.0.0.1/34881] INFO  server.session (DefaultSessionIdManager.java:doStart(334)) - DefaultSessionIdManager workerName=node0
2022-08-02 00:59:06,907 [Listener at 127.0.0.1/34881] INFO  server.session (DefaultSessionIdManager.java:doStart(339)) - No SessionScavenger set, using defaults
2022-08-02 00:59:06,907 [Listener at 127.0.0.1/34881] INFO  server.session (HouseKeeper.java:startScavenging(132)) - node0 Scavenging every 600000ms
2022-08-02 00:59:06,908 [Listener at 127.0.0.1/34881] INFO  handler.ContextHandler (ContextHandler.java:doStart(915)) - Started o.e.j.s.ServletContextHandler@78c76cf{logs,/logs,file:///home/runner/work/ozone/ozone/hadoop-ozone/integration-test/target/log,AVAILABLE}
2022-08-02 00:59:06,908 [Listener at 127.0.0.1/34881] INFO  handler.ContextHandler (ContextHandler.java:doStart(915)) - Started o.e.j.s.ServletContextHandler@13e3ca78{static,/static,file:///home/runner/work/ozone/ozone/hadoop-ozone/integration-test/target/test-classes/webapps/static,AVAILABLE}
2022-08-02 00:59:06,911 [Listener at 127.0.0.1/34881] INFO  handler.ContextHandler (ContextHandler.java:doStart(915)) - Started o.e.j.w.WebAppContext@2db3827e{ozoneManager,/,file:///home/runner/work/ozone/ozone/hadoop-ozone/integration-test/target/test-classes/webapps/ozoneManager/,AVAILABLE}{file:/home/runner/work/ozone/ozone/hadoop-ozone/integration-test/target/test-classes/webapps/ozoneManager}
2022-08-02 00:59:06,919 [Listener at 127.0.0.1/34881] INFO  server.AbstractConnector (AbstractConnector.java:doStart(331)) - Started ServerConnector@69cb6376{HTTP/1.1, (http/1.1)}{0.0.0.0:37387}
2022-08-02 00:59:06,919 [Listener at 127.0.0.1/34881] INFO  server.Server (Server.java:doStart(415)) - Started @6962ms
2022-08-02 00:59:06,919 [Listener at 127.0.0.1/34881] WARN  impl.MetricsSystemImpl (MetricsSystemImpl.java:register(279)) - Sink prometheus already exists!
2022-08-02 00:59:06,920 [Listener at 127.0.0.1/34881] INFO  http.BaseHttpServer (BaseHttpServer.java:updateConnectorAddress(329)) - HTTP server of ozoneManager listening at http://0.0.0.0:37387
2022-08-02 00:59:06,920 [IPC Server Responder] INFO  ipc.Server (Server.java:run(1507)) - IPC Server Responder: starting
2022-08-02 00:59:06,921 [IPC Server listener on 0] INFO  ipc.Server (Server.java:run(1344)) - IPC Server listener on 0: starting
2022-08-02 00:59:06,933 [Listener at 127.0.0.1/34881] INFO  om.OzoneManager (OzoneManager.java:startTrashEmptier(1906)) - Trash Interval set to 0. Files deleted won't move to trash
2022-08-02 00:59:06,936 [org.apache.hadoop.util.JvmPauseMonitor$Monitor@2de10575] INFO  util.JvmPauseMonitor (JvmPauseMonitor.java:run(188)) - Starting JVM pause monitor
2022-08-02 00:59:07,063 [ReplicationMonitor] INFO  replication.ReplicationManager (ReplicationManager.java:processAll(249)) - Replication Manager is not ready to run until 3000ms after safemode exit
2022-08-02 00:59:07,077 [Listener at 127.0.0.1/34881] WARN  impl.MetricRegistriesImpl (MetricRegistriesImpl.java:addReporterRegistration(111)) - New reporters are added after registries were created. Some metrics will be missing from the reporter. Please add reporter before adding any new registry.
2022-08-02 00:59:07,077 [Listener at 127.0.0.1/34881] WARN  impl.MetricRegistriesImpl (MetricRegistriesImpl.java:addReporterRegistration(111)) - New reporters are added after registries were created. Some metrics will be missing from the reporter. Please add reporter before adding any new registry.
2022-08-02 00:59:07,077 [Listener at 127.0.0.1/34881] INFO  impl.MetricsSystemImpl (MetricsSystemImpl.java:init(158)) - HddsDatanode metrics system started (again)
2022-08-02 00:59:07,092 [Listener at 127.0.0.1/34881] INFO  ozone.HddsDatanodeService (HddsDatanodeService.java:start(236)) - HddsDatanodeService host:fv-az164-385.acqy4frhnxdelaro313li45hge.dx.internal.cloudapp.net ip:10.1.0.31
2022-08-02 00:59:07,134 [Listener at 127.0.0.1/34881] INFO  upgrade.AbstractLayoutVersionManager (AbstractLayoutVersionManager.java:init(83)) - Initializing Layout version manager with metadata layout = DATANODE_SCHEMA_V3 (version = 4), software layout = DATANODE_SCHEMA_V3 (version = 4)
2022-08-02 00:59:07,177 [Listener at 127.0.0.1/34881] INFO  reflections.Reflections (Reflections.java:scan(232)) - Reflections took 41 ms to scan 7 urls, producing 132 keys and 321 values 
2022-08-02 00:59:07,180 [Listener at 127.0.0.1/34881] INFO  statemachine.DatanodeStateMachine (DatanodeStateMachine.java:getEndPointTaskThreadPoolSize(237)) - Datanode State Machine Task Thread Pool size 2
2022-08-02 00:59:07,230 [Listener at 127.0.0.1/34881] INFO  volume.HddsVolume (HddsVolume.java:<init>(116)) - Creating HddsVolume: /home/runner/work/ozone/ozone/hadoop-ozone/integration-test/target/test-dir/MiniOzoneClusterImpl-5354faea-c150-4163-8100-b2f9ddc2915f/datanode-0/data-0/containers/hdds of storage type : DISK capacity : 9223372036854775807
2022-08-02 00:59:07,232 [Listener at 127.0.0.1/34881] INFO  volume.MutableVolumeSet (MutableVolumeSet.java:initializeVolumeSet(174)) - Added Volume : /home/runner/work/ozone/ozone/hadoop-ozone/integration-test/target/test-dir/MiniOzoneClusterImpl-5354faea-c150-4163-8100-b2f9ddc2915f/datanode-0/data-0/containers/hdds to VolumeSet
2022-08-02 00:59:07,232 [Listener at 127.0.0.1/34881] INFO  volume.ThrottledAsyncChecker (ThrottledAsyncChecker.java:schedule(141)) - Scheduling a check for /home/runner/work/ozone/ozone/hadoop-ozone/integration-test/target/test-dir/MiniOzoneClusterImpl-5354faea-c150-4163-8100-b2f9ddc2915f/datanode-0/data-0/containers/hdds
2022-08-02 00:59:07,247 [Listener at 127.0.0.1/34881] INFO  volume.StorageVolumeChecker (StorageVolumeChecker.java:checkAllVolumes(202)) - Scheduled health check for volume /home/runner/work/ozone/ozone/hadoop-ozone/integration-test/target/test-dir/MiniOzoneClusterImpl-5354faea-c150-4163-8100-b2f9ddc2915f/datanode-0/data-0/containers/hdds
2022-08-02 00:59:07,262 [Listener at 127.0.0.1/34881] INFO  volume.MutableVolumeSet (MutableVolumeSet.java:initializeVolumeSet(174)) - Added Volume : /home/runner/work/ozone/ozone/hadoop-ozone/integration-test/target/test-dir/MiniOzoneClusterImpl-5354faea-c150-4163-8100-b2f9ddc2915f/datanode-0/data/ratis to VolumeSet
2022-08-02 00:59:07,263 [Listener at 127.0.0.1/34881] INFO  volume.ThrottledAsyncChecker (ThrottledAsyncChecker.java:schedule(141)) - Scheduling a check for /home/runner/work/ozone/ozone/hadoop-ozone/integration-test/target/test-dir/MiniOzoneClusterImpl-5354faea-c150-4163-8100-b2f9ddc2915f/datanode-0/data/ratis
2022-08-02 00:59:07,263 [Listener at 127.0.0.1/34881] INFO  volume.StorageVolumeChecker (StorageVolumeChecker.java:checkAllVolumes(202)) - Scheduled health check for volume /home/runner/work/ozone/ozone/hadoop-ozone/integration-test/target/test-dir/MiniOzoneClusterImpl-5354faea-c150-4163-8100-b2f9ddc2915f/datanode-0/data/ratis
2022-08-02 00:59:07,283 [Thread-136] INFO  ozoneimpl.ContainerReader (ContainerReader.java:readVolume(175)) - Finish verifying containers on volume /home/runner/work/ozone/ozone/hadoop-ozone/integration-test/target/test-dir/MiniOzoneClusterImpl-5354faea-c150-4163-8100-b2f9ddc2915f/datanode-0/data-0/containers/hdds
2022-08-02 00:59:07,283 [Listener at 127.0.0.1/34881] INFO  ozoneimpl.OzoneContainer (OzoneContainer.java:buildContainerSet(299)) - Build ContainerSet costs 0s
2022-08-02 00:59:07,324 [Listener at 127.0.0.1/34881] INFO  audit.AuditLogger (AuditLogger.java:refreshDebugCmdSet(126)) - Refresh DebugCmdSet for DNAudit to [].
2022-08-02 00:59:07,350 [Listener at 127.0.0.1/34881] INFO  server.RaftServer (ConfUtils.java:logGet(46)) - raft.rpc.type = GRPC (default)
2022-08-02 00:59:07,351 [Listener at 127.0.0.1/34881] INFO  grpc.GrpcFactory (GrpcFactory.java:checkPooledByteBufAllocatorUseCacheForAllThreads(48)) - PERFORMANCE WARNING: useCacheForAllThreads is true that may cause Netty to create a lot garbage objects and, as a result, trigger GC.
	It is recommended to disable useCacheForAllThreads by setting -Dorg.apache.ratis.thirdparty.io.netty.allocator.useCacheForAllThreads=false in command line.
2022-08-02 00:59:07,351 [Listener at 127.0.0.1/34881] INFO  grpc.GrpcConfigKeys (ConfUtils.java:logGet(46)) - raft.grpc.admin.port = 0 (custom)
2022-08-02 00:59:07,352 [Listener at 127.0.0.1/34881] INFO  grpc.GrpcConfigKeys (ConfUtils.java:logGet(46)) - raft.grpc.client.port = 0 (custom)
2022-08-02 00:59:07,352 [Listener at 127.0.0.1/34881] INFO  grpc.GrpcConfigKeys (ConfUtils.java:logGet(46)) - raft.grpc.server.port = 0 (default)
2022-08-02 00:59:07,352 [Listener at 127.0.0.1/34881] INFO  server.GrpcService (ConfUtils.java:logGet(46)) - raft.grpc.message.size.max = 32MB (=33554432) (custom)
2022-08-02 00:59:07,352 [Listener at 127.0.0.1/34881] INFO  server.RaftServerConfigKeys (ConfUtils.java:logGet(46)) - raft.server.log.appender.buffer.byte-limit = 33554432 (custom)
2022-08-02 00:59:07,353 [Listener at 127.0.0.1/34881] INFO  server.GrpcService (ConfUtils.java:logGet(46)) - raft.grpc.flow.control.window = 5MB (=5242880) (custom)
2022-08-02 00:59:07,354 [Listener at 127.0.0.1/34881] INFO  server.RaftServerConfigKeys (ConfUtils.java:logGet(46)) - raft.server.rpc.request.timeout = 60s (custom)
2022-08-02 00:59:07,354 [Listener at 127.0.0.1/34881] INFO  grpc.GrpcConfigKeys (ConfUtils.java:logGet(46)) - raft.grpc.server.async.request.thread.pool.cached = true (default)
2022-08-02 00:59:07,356 [Listener at 127.0.0.1/34881] INFO  grpc.GrpcConfigKeys (ConfUtils.java:logGet(46)) - raft.grpc.server.async.request.thread.pool.size = 32 (default)
2022-08-02 00:59:07,358 [Listener at 127.0.0.1/34881] INFO  impl.DataStreamServerImpl (ConfUtils.java:logGet(46)) - raft.datastream.type = DISABLED (default)
2022-08-02 00:59:07,362 [Listener at 127.0.0.1/34881] INFO  server.RaftServerConfigKeys (ConfUtils.java:logGet(46)) - raft.server.threadpool.proxy.cached = true (default)
2022-08-02 00:59:07,362 [Listener at 127.0.0.1/34881] INFO  server.RaftServerConfigKeys (ConfUtils.java:logGet(46)) - raft.server.threadpool.proxy.size = 0 (default)
2022-08-02 00:59:07,362 [Listener at 127.0.0.1/34881] INFO  server.RaftServerConfigKeys (ConfUtils.java:logGet(46)) - raft.server.rpc.slowness.timeout = 300s (custom)
2022-08-02 00:59:07,363 [Listener at 127.0.0.1/34881] INFO  server.RaftServerConfigKeys (ConfUtils.java:logGet(46)) - raft.server.leaderelection.leader.step-down.wait-time = 10s (default)
2022-08-02 00:59:07,363 [Listener at 127.0.0.1/34881] INFO  server.RaftServerConfigKeys (ConfUtils.java:logGet(46)) - raft.server.storage.dir = [/home/runner/work/ozone/ozone/hadoop-ozone/integration-test/target/test-dir/MiniOzoneClusterImpl-5354faea-c150-4163-8100-b2f9ddc2915f/datanode-0/data/ratis] (custom)
2022-08-02 00:59:07,383 [Listener at 127.0.0.1/34881] INFO  server.XceiverServerGrpc (XceiverServerGrpc.java:<init>(132)) - GrpcServer channel type EpollServerSocketChannel
2022-08-02 00:59:07,449 [Listener at 127.0.0.1/34881] INFO  http.BaseHttpServer (BaseHttpServer.java:newHttpServer2BuilderForOzone(209)) - Starting Web-server for hddsDatanode at: http://0.0.0.0:0
2022-08-02 00:59:07,449 [Listener at 127.0.0.1/34881] INFO  http.BaseHttpServer (BaseHttpServer.java:<init>(107)) - Hadoop Security Enabled: false Ozone Security Enabled: false Ozone HTTP Security Enabled: false 
2022-08-02 00:59:07,450 [Listener at 127.0.0.1/34881] INFO  server.AuthenticationFilter (AuthenticationFilter.java:constructSecretProvider(240)) - Unable to initialize FileSignerSecretProvider, falling back to use random secrets.
2022-08-02 00:59:07,453 [Listener at 127.0.0.1/34881] WARN  http.HttpRequestLog (HttpRequestLog.java:getRequestLog(103)) - Jetty request log can only be enabled using Log4j
2022-08-02 00:59:07,455 [Listener at 127.0.0.1/34881] INFO  http.HttpServer2 (HttpServer2.java:addGlobalFilter(1029)) - Added global filter 'safety' (class=org.apache.hadoop.hdds.server.http.HttpServer2$QuotingInputFilter)
2022-08-02 00:59:07,456 [Listener at 127.0.0.1/34881] INFO  http.HttpServer2 (HttpServer2.java:addFilter(1005)) - Added filter static_user_filter (class=org.apache.hadoop.http.lib.StaticUserWebFilter$StaticUserFilter) to context hddsDatanode
2022-08-02 00:59:07,456 [Listener at 127.0.0.1/34881] INFO  http.HttpServer2 (HttpServer2.java:addFilter(1013)) - Added filter static_user_filter (class=org.apache.hadoop.http.lib.StaticUserWebFilter$StaticUserFilter) to context static
2022-08-02 00:59:07,456 [Listener at 127.0.0.1/34881] INFO  http.HttpServer2 (HttpServer2.java:addFilter(1013)) - Added filter static_user_filter (class=org.apache.hadoop.http.lib.StaticUserWebFilter$StaticUserFilter) to context logs
2022-08-02 00:59:07,458 [Listener at 127.0.0.1/34881] INFO  http.HttpServer2 (HttpServer2.java:bindListener(1248)) - Jetty bound to port 35853
2022-08-02 00:59:07,458 [Listener at 127.0.0.1/34881] INFO  server.Server (Server.java:doStart(375)) - jetty-9.4.43.v20210629; built: 2021-06-30T11:07:22.254Z; git: 526006ecfa3af7f1a27ef3a288e2bef7ea9dd7e8; jvm 1.8.0_332-b09
2022-08-02 00:59:07,464 [Listener at 127.0.0.1/34881] INFO  server.session (DefaultSessionIdManager.java:doStart(334)) - DefaultSessionIdManager workerName=node0
2022-08-02 00:59:07,465 [Listener at 127.0.0.1/34881] INFO  server.session (DefaultSessionIdManager.java:doStart(339)) - No SessionScavenger set, using defaults
2022-08-02 00:59:07,465 [Listener at 127.0.0.1/34881] INFO  server.session (HouseKeeper.java:startScavenging(132)) - node0 Scavenging every 600000ms
2022-08-02 00:59:07,466 [Listener at 127.0.0.1/34881] INFO  handler.ContextHandler (ContextHandler.java:doStart(915)) - Started o.e.j.s.ServletContextHandler@6da87efd{logs,/logs,file:///home/runner/work/ozone/ozone/hadoop-ozone/integration-test/target/log,AVAILABLE}
2022-08-02 00:59:07,467 [Listener at 127.0.0.1/34881] INFO  handler.ContextHandler (ContextHandler.java:doStart(915)) - Started o.e.j.s.ServletContextHandler@333ddeac{static,/static,jar:file:/home/runner/.m2/repository/org/apache/ozone/hdds-container-service/1.3.0-SNAPSHOT/hdds-container-service-1.3.0-SNAPSHOT.jar!/webapps/static,AVAILABLE}
2022-08-02 00:59:07,669 [Listener at 127.0.0.1/34881] INFO  handler.ContextHandler (ContextHandler.java:doStart(915)) - Started o.e.j.w.WebAppContext@7b622376{hddsDatanode,/,file:///tmp/jetty-0_0_0_0-35853-hdds-container-service-1_3_0-SNAPSHOT_jar-_-any-8848639862923183041/webapp/,AVAILABLE}{jar:file:/home/runner/.m2/repository/org/apache/ozone/hdds-container-service/1.3.0-SNAPSHOT/hdds-container-service-1.3.0-SNAPSHOT.jar!/webapps/hddsDatanode}
2022-08-02 00:59:07,672 [Listener at 127.0.0.1/34881] INFO  server.AbstractConnector (AbstractConnector.java:doStart(331)) - Started ServerConnector@11e744e2{HTTP/1.1, (http/1.1)}{0.0.0.0:35853}
2022-08-02 00:59:07,673 [Listener at 127.0.0.1/34881] INFO  server.Server (Server.java:doStart(415)) - Started @7716ms
2022-08-02 00:59:07,673 [Listener at 127.0.0.1/34881] WARN  impl.MetricsSystemImpl (MetricsSystemImpl.java:register(279)) - Sink prometheus already exists!
2022-08-02 00:59:07,674 [Listener at 127.0.0.1/34881] INFO  http.BaseHttpServer (BaseHttpServer.java:updateConnectorAddress(329)) - HTTP server of hddsDatanode listening at http://0.0.0.0:35853
2022-08-02 00:59:07,675 [Listener at 127.0.0.1/34881] WARN  impl.MetricRegistriesImpl (MetricRegistriesImpl.java:addReporterRegistration(111)) - New reporters are added after registries were created. Some metrics will be missing from the reporter. Please add reporter before adding any new registry.
2022-08-02 00:59:07,675 [Listener at 127.0.0.1/34881] WARN  impl.MetricRegistriesImpl (MetricRegistriesImpl.java:addReporterRegistration(111)) - New reporters are added after registries were created. Some metrics will be missing from the reporter. Please add reporter before adding any new registry.
2022-08-02 00:59:07,676 [Listener at 127.0.0.1/34881] INFO  impl.MetricsSystemImpl (MetricsSystemImpl.java:init(158)) - HddsDatanode metrics system started (again)
2022-08-02 00:59:07,682 [Datanode State Machine Daemon Thread] INFO  statemachine.DatanodeStateMachine (DatanodeStateMachine.java:lambda$startDaemon$0(492)) - Ozone container server started.
2022-08-02 00:59:07,695 [org.apache.hadoop.util.JvmPauseMonitor$Monitor@446753ee] INFO  util.JvmPauseMonitor (JvmPauseMonitor.java:run(188)) - Starting JVM pause monitor
2022-08-02 00:59:07,701 [Listener at 127.0.0.1/34881] INFO  ozone.HddsDatanodeService (HddsDatanodeService.java:start(236)) - HddsDatanodeService host:fv-az164-385.acqy4frhnxdelaro313li45hge.dx.internal.cloudapp.net ip:10.1.0.31
2022-08-02 00:59:07,705 [om1@group-C5BA1605619E-FollowerState] INFO  impl.FollowerState (FollowerState.java:run(143)) - om1@group-C5BA1605619E-FollowerState: change to CANDIDATE, lastRpcElapsedTime:1020387240ns, electionTimeout:1007ms
2022-08-02 00:59:07,706 [om1@group-C5BA1605619E-FollowerState] INFO  impl.RoleInfo (RoleInfo.java:shutdownFollowerState(110)) - om1: shutdown om1@group-C5BA1605619E-FollowerState
2022-08-02 00:59:07,708 [om1@group-C5BA1605619E-FollowerState] INFO  server.RaftServer$Division (RaftServerImpl.java:setRole(299)) - om1@group-C5BA1605619E: changes role from  FOLLOWER to CANDIDATE at term 0 for changeToCandidate
2022-08-02 00:59:07,711 [om1@group-C5BA1605619E-FollowerState] INFO  server.RaftServerConfigKeys (ConfUtils.java:logGet(46)) - raft.server.leaderelection.pre-vote = false (custom)
2022-08-02 00:59:07,711 [om1@group-C5BA1605619E-FollowerState] INFO  impl.RoleInfo (RoleInfo.java:updateAndGet(139)) - om1: start om1@group-C5BA1605619E-LeaderElection1
2022-08-02 00:59:07,722 [om1@group-C5BA1605619E-LeaderElection1] INFO  impl.LeaderElection (LeaderElection.java:askForVotes(310)) - om1@group-C5BA1605619E-LeaderElection1 ELECTION round 0: submit vote requests at term 1 for -1: [om1|rpc:localhost:9872|priority:0], old=null
2022-08-02 00:59:07,723 [om1@group-C5BA1605619E-LeaderElection1] INFO  impl.LeaderElection (LeaderElection.java:askForVotes(312)) - om1@group-C5BA1605619E-LeaderElection1 ELECTION round 0: result PASSED (term=1)
2022-08-02 00:59:07,724 [om1@group-C5BA1605619E-LeaderElection1] INFO  impl.RoleInfo (RoleInfo.java:shutdownLeaderElection(130)) - om1: shutdown om1@group-C5BA1605619E-LeaderElection1
2022-08-02 00:59:07,724 [om1@group-C5BA1605619E-LeaderElection1] INFO  server.RaftServer$Division (RaftServerImpl.java:setRole(299)) - om1@group-C5BA1605619E: changes role from CANDIDATE to LEADER at term 1 for changeToLeader
2022-08-02 00:59:07,724 [om1@group-C5BA1605619E-LeaderElection1] INFO  server.RaftServer$Division (ServerState.java:setLeader(287)) - om1@group-C5BA1605619E: change Leader from null to om1 at term 1 for becomeLeader, leader elected after 1852ms
2022-08-02 00:59:07,730 [om1@group-C5BA1605619E-LeaderElection1] INFO  server.RaftServerConfigKeys (ConfUtils.java:logGet(46)) - raft.server.staging.catchup.gap = 1000 (default)
2022-08-02 00:59:07,738 [om1@group-C5BA1605619E-LeaderElection1] INFO  server.RaftServerConfigKeys (ConfUtils.java:logGet(46)) - raft.server.write.element-limit = 4096 (default)
2022-08-02 00:59:07,739 [om1@group-C5BA1605619E-LeaderElection1] INFO  server.RaftServerConfigKeys (ConfUtils.java:logGet(46)) - raft.server.write.byte-limit = 64MB (=67108864) (default)
2022-08-02 00:59:07,743 [om1@group-C5BA1605619E-LeaderElection1] INFO  server.RaftServerConfigKeys (ConfUtils.java:logGet(46)) - raft.server.watch.timeout = 10s (default)
2022-08-02 00:59:07,743 [om1@group-C5BA1605619E-LeaderElection1] INFO  server.RaftServerConfigKeys (ConfUtils.java:logGet(46)) - raft.server.watch.timeout.denomination = 1s (default)
2022-08-02 00:59:07,744 [om1@group-C5BA1605619E-LeaderElection1] INFO  server.RaftServerConfigKeys (ConfUtils.java:logGet(46)) - raft.server.watch.element-limit = 65536 (default)
2022-08-02 00:59:07,757 [om1@group-C5BA1605619E-LeaderElection1] INFO  server.RaftServerConfigKeys (ConfUtils.java:logGet(46)) - raft.server.write.element-limit = 4096 (default)
2022-08-02 00:59:07,758 [om1@group-C5BA1605619E-LeaderElection1] INFO  server.RaftServerConfigKeys (ConfUtils.java:logGet(46)) - raft.server.write.follower.gap.ratio.max = -1.0 (default)
2022-08-02 00:59:07,760 [om1@group-C5BA1605619E-LeaderElection1] INFO  impl.RoleInfo (RoleInfo.java:updateAndGet(139)) - om1: start om1@group-C5BA1605619E-LeaderStateImpl
2022-08-02 00:59:07,762 [Listener at 127.0.0.1/34881] INFO  upgrade.AbstractLayoutVersionManager (AbstractLayoutVersionManager.java:init(83)) - Initializing Layout version manager with metadata layout = DATANODE_SCHEMA_V3 (version = 4), software layout = DATANODE_SCHEMA_V3 (version = 4)
2022-08-02 00:59:07,831 [om1@group-C5BA1605619E-LeaderElection1] INFO  segmented.SegmentedRaftLogWorker (SegmentedRaftLogWorker.java:startLogSegment(425)) - om1@group-C5BA1605619E-SegmentedRaftLogWorker: Starting segment from index:0
2022-08-02 00:59:07,884 [Listener at 127.0.0.1/34881] INFO  reflections.Reflections (Reflections.java:scan(232)) - Reflections took 121 ms to scan 7 urls, producing 132 keys and 321 values 
2022-08-02 00:59:07,888 [Listener at 127.0.0.1/34881] INFO  statemachine.DatanodeStateMachine (DatanodeStateMachine.java:getEndPointTaskThreadPoolSize(237)) - Datanode State Machine Task Thread Pool size 2
2022-08-02 00:59:07,903 [Datanode State Machine Task Thread - 0] INFO  datanode.InitDatanodeState (InitDatanodeState.java:persistContainerDatanodeDetails(138)) - DatanodeDetails is persisted to /home/runner/work/ozone/ozone/hadoop-ozone/integration-test/target/test-dir/MiniOzoneClusterImpl-5354faea-c150-4163-8100-b2f9ddc2915f/datanode-0/meta/datanode.id
2022-08-02 00:59:07,904 [Listener at 127.0.0.1/34881] INFO  volume.HddsVolume (HddsVolume.java:<init>(116)) - Creating HddsVolume: /home/runner/work/ozone/ozone/hadoop-ozone/integration-test/target/test-dir/MiniOzoneClusterImpl-5354faea-c150-4163-8100-b2f9ddc2915f/datanode-1/data-0/containers/hdds of storage type : DISK capacity : 9223372036854775807
2022-08-02 00:59:07,904 [Listener at 127.0.0.1/34881] INFO  volume.MutableVolumeSet (MutableVolumeSet.java:initializeVolumeSet(174)) - Added Volume : /home/runner/work/ozone/ozone/hadoop-ozone/integration-test/target/test-dir/MiniOzoneClusterImpl-5354faea-c150-4163-8100-b2f9ddc2915f/datanode-1/data-0/containers/hdds to VolumeSet
2022-08-02 00:59:07,904 [Listener at 127.0.0.1/34881] INFO  volume.ThrottledAsyncChecker (ThrottledAsyncChecker.java:schedule(141)) - Scheduling a check for /home/runner/work/ozone/ozone/hadoop-ozone/integration-test/target/test-dir/MiniOzoneClusterImpl-5354faea-c150-4163-8100-b2f9ddc2915f/datanode-1/data-0/containers/hdds
2022-08-02 00:59:07,916 [Listener at 127.0.0.1/34881] INFO  volume.StorageVolumeChecker (StorageVolumeChecker.java:checkAllVolumes(202)) - Scheduled health check for volume /home/runner/work/ozone/ozone/hadoop-ozone/integration-test/target/test-dir/MiniOzoneClusterImpl-5354faea-c150-4163-8100-b2f9ddc2915f/datanode-1/data-0/containers/hdds
2022-08-02 00:59:07,928 [Listener at 127.0.0.1/34881] INFO  volume.MutableVolumeSet (MutableVolumeSet.java:initializeVolumeSet(174)) - Added Volume : /home/runner/work/ozone/ozone/hadoop-ozone/integration-test/target/test-dir/MiniOzoneClusterImpl-5354faea-c150-4163-8100-b2f9ddc2915f/datanode-1/data/ratis to VolumeSet
2022-08-02 00:59:07,928 [Listener at 127.0.0.1/34881] INFO  volume.ThrottledAsyncChecker (ThrottledAsyncChecker.java:schedule(141)) - Scheduling a check for /home/runner/work/ozone/ozone/hadoop-ozone/integration-test/target/test-dir/MiniOzoneClusterImpl-5354faea-c150-4163-8100-b2f9ddc2915f/datanode-1/data/ratis
2022-08-02 00:59:07,936 [Listener at 127.0.0.1/34881] INFO  volume.StorageVolumeChecker (StorageVolumeChecker.java:checkAllVolumes(202)) - Scheduled health check for volume /home/runner/work/ozone/ozone/hadoop-ozone/integration-test/target/test-dir/MiniOzoneClusterImpl-5354faea-c150-4163-8100-b2f9ddc2915f/datanode-1/data/ratis
2022-08-02 00:59:07,946 [om1@group-C5BA1605619E-LeaderElection1] INFO  server.RaftServer$Division (ServerState.java:setRaftConf(393)) - om1@group-C5BA1605619E: set configuration 0: [om1|rpc:localhost:9872|admin:|client:|dataStream:|priority:0], old=null
2022-08-02 00:59:07,961 [Thread-151] INFO  ozoneimpl.ContainerReader (ContainerReader.java:readVolume(175)) - Finish verifying containers on volume /home/runner/work/ozone/ozone/hadoop-ozone/integration-test/target/test-dir/MiniOzoneClusterImpl-5354faea-c150-4163-8100-b2f9ddc2915f/datanode-1/data-0/containers/hdds
2022-08-02 00:59:07,965 [Listener at 127.0.0.1/34881] INFO  ozoneimpl.OzoneContainer (OzoneContainer.java:buildContainerSet(299)) - Build ContainerSet costs 0s
2022-08-02 00:59:07,968 [Listener at 127.0.0.1/34881] INFO  server.RaftServer (ConfUtils.java:logGet(46)) - raft.rpc.type = GRPC (default)
2022-08-02 00:59:07,971 [Listener at 127.0.0.1/34881] INFO  grpc.GrpcFactory (GrpcFactory.java:checkPooledByteBufAllocatorUseCacheForAllThreads(48)) - PERFORMANCE WARNING: useCacheForAllThreads is true that may cause Netty to create a lot garbage objects and, as a result, trigger GC.
	It is recommended to disable useCacheForAllThreads by setting -Dorg.apache.ratis.thirdparty.io.netty.allocator.useCacheForAllThreads=false in command line.
2022-08-02 00:59:07,971 [Listener at 127.0.0.1/34881] INFO  grpc.GrpcConfigKeys (ConfUtils.java:logGet(46)) - raft.grpc.admin.port = 0 (custom)
2022-08-02 00:59:07,971 [Listener at 127.0.0.1/34881] INFO  grpc.GrpcConfigKeys (ConfUtils.java:logGet(46)) - raft.grpc.client.port = 0 (custom)
2022-08-02 00:59:07,971 [Listener at 127.0.0.1/34881] INFO  grpc.GrpcConfigKeys (ConfUtils.java:logGet(46)) - raft.grpc.server.port = 0 (default)
2022-08-02 00:59:07,971 [Listener at 127.0.0.1/34881] INFO  server.GrpcService (ConfUtils.java:logGet(46)) - raft.grpc.message.size.max = 32MB (=33554432) (custom)
2022-08-02 00:59:07,971 [Listener at 127.0.0.1/34881] INFO  server.RaftServerConfigKeys (ConfUtils.java:logGet(46)) - raft.server.log.appender.buffer.byte-limit = 33554432 (custom)
2022-08-02 00:59:07,971 [Listener at 127.0.0.1/34881] INFO  server.GrpcService (ConfUtils.java:logGet(46)) - raft.grpc.flow.control.window = 5MB (=5242880) (custom)
2022-08-02 00:59:07,971 [Listener at 127.0.0.1/34881] INFO  server.RaftServerConfigKeys (ConfUtils.java:logGet(46)) - raft.server.rpc.request.timeout = 60s (custom)
2022-08-02 00:59:07,972 [Listener at 127.0.0.1/34881] INFO  grpc.GrpcConfigKeys (ConfUtils.java:logGet(46)) - raft.grpc.server.async.request.thread.pool.cached = true (default)
2022-08-02 00:59:07,972 [Listener at 127.0.0.1/34881] INFO  grpc.GrpcConfigKeys (ConfUtils.java:logGet(46)) - raft.grpc.server.async.request.thread.pool.size = 32 (default)
2022-08-02 00:59:07,975 [Listener at 127.0.0.1/34881] INFO  impl.DataStreamServerImpl (ConfUtils.java:logGet(46)) - raft.datastream.type = DISABLED (default)
2022-08-02 00:59:07,975 [Listener at 127.0.0.1/34881] INFO  server.RaftServerConfigKeys (ConfUtils.java:logGet(46)) - raft.server.threadpool.proxy.cached = true (default)
2022-08-02 00:59:07,975 [Listener at 127.0.0.1/34881] INFO  server.RaftServerConfigKeys (ConfUtils.java:logGet(46)) - raft.server.threadpool.proxy.size = 0 (default)
2022-08-02 00:59:07,975 [Listener at 127.0.0.1/34881] INFO  server.RaftServerConfigKeys (ConfUtils.java:logGet(46)) - raft.server.rpc.slowness.timeout = 300s (custom)
2022-08-02 00:59:07,975 [Listener at 127.0.0.1/34881] INFO  server.RaftServerConfigKeys (ConfUtils.java:logGet(46)) - raft.server.leaderelection.leader.step-down.wait-time = 10s (default)
2022-08-02 00:59:07,975 [Listener at 127.0.0.1/34881] INFO  server.RaftServerConfigKeys (ConfUtils.java:logGet(46)) - raft.server.storage.dir = [/home/runner/work/ozone/ozone/hadoop-ozone/integration-test/target/test-dir/MiniOzoneClusterImpl-5354faea-c150-4163-8100-b2f9ddc2915f/datanode-1/data/ratis] (custom)
2022-08-02 00:59:07,977 [Listener at 127.0.0.1/34881] INFO  server.XceiverServerGrpc (XceiverServerGrpc.java:<init>(132)) - GrpcServer channel type EpollServerSocketChannel
2022-08-02 00:59:07,983 [Listener at 127.0.0.1/34881] INFO  http.BaseHttpServer (BaseHttpServer.java:newHttpServer2BuilderForOzone(209)) - Starting Web-server for hddsDatanode at: http://0.0.0.0:0
2022-08-02 00:59:07,983 [Listener at 127.0.0.1/34881] INFO  http.BaseHttpServer (BaseHttpServer.java:<init>(107)) - Hadoop Security Enabled: false Ozone Security Enabled: false Ozone HTTP Security Enabled: false 
2022-08-02 00:59:07,984 [Listener at 127.0.0.1/34881] INFO  server.AuthenticationFilter (AuthenticationFilter.java:constructSecretProvider(240)) - Unable to initialize FileSignerSecretProvider, falling back to use random secrets.
2022-08-02 00:59:07,985 [Listener at 127.0.0.1/34881] WARN  http.HttpRequestLog (HttpRequestLog.java:getRequestLog(103)) - Jetty request log can only be enabled using Log4j
2022-08-02 00:59:07,986 [Listener at 127.0.0.1/34881] INFO  http.HttpServer2 (HttpServer2.java:addGlobalFilter(1029)) - Added global filter 'safety' (class=org.apache.hadoop.hdds.server.http.HttpServer2$QuotingInputFilter)
2022-08-02 00:59:07,987 [Listener at 127.0.0.1/34881] INFO  http.HttpServer2 (HttpServer2.java:addFilter(1005)) - Added filter static_user_filter (class=org.apache.hadoop.http.lib.StaticUserWebFilter$StaticUserFilter) to context hddsDatanode
2022-08-02 00:59:07,987 [Listener at 127.0.0.1/34881] INFO  http.HttpServer2 (HttpServer2.java:addFilter(1013)) - Added filter static_user_filter (class=org.apache.hadoop.http.lib.StaticUserWebFilter$StaticUserFilter) to context static
2022-08-02 00:59:07,987 [Listener at 127.0.0.1/34881] INFO  http.HttpServer2 (HttpServer2.java:addFilter(1013)) - Added filter static_user_filter (class=org.apache.hadoop.http.lib.StaticUserWebFilter$StaticUserFilter) to context logs
2022-08-02 00:59:07,988 [Listener at 127.0.0.1/34881] INFO  http.HttpServer2 (HttpServer2.java:bindListener(1248)) - Jetty bound to port 39655
2022-08-02 00:59:07,988 [Listener at 127.0.0.1/34881] INFO  server.Server (Server.java:doStart(375)) - jetty-9.4.43.v20210629; built: 2021-06-30T11:07:22.254Z; git: 526006ecfa3af7f1a27ef3a288e2bef7ea9dd7e8; jvm 1.8.0_332-b09
2022-08-02 00:59:07,990 [Listener at 127.0.0.1/34881] INFO  server.session (DefaultSessionIdManager.java:doStart(334)) - DefaultSessionIdManager workerName=node0
2022-08-02 00:59:07,990 [Listener at 127.0.0.1/34881] INFO  server.session (DefaultSessionIdManager.java:doStart(339)) - No SessionScavenger set, using defaults
2022-08-02 00:59:07,990 [Listener at 127.0.0.1/34881] INFO  server.session (HouseKeeper.java:startScavenging(132)) - node0 Scavenging every 660000ms
2022-08-02 00:59:07,992 [Listener at 127.0.0.1/34881] INFO  handler.ContextHandler (ContextHandler.java:doStart(915)) - Started o.e.j.s.ServletContextHandler@5d02740b{logs,/logs,file:///home/runner/work/ozone/ozone/hadoop-ozone/integration-test/target/log,AVAILABLE}
2022-08-02 00:59:07,994 [Listener at 127.0.0.1/34881] INFO  handler.ContextHandler (ContextHandler.java:doStart(915)) - Started o.e.j.s.ServletContextHandler@3efecb4f{static,/static,jar:file:/home/runner/.m2/repository/org/apache/ozone/hdds-container-service/1.3.0-SNAPSHOT/hdds-container-service-1.3.0-SNAPSHOT.jar!/webapps/static,AVAILABLE}
2022-08-02 00:59:08,006 [om1@group-C5BA1605619E-SegmentedRaftLogWorker] INFO  segmented.SegmentedRaftLogWorker (SegmentedRaftLogWorker.java:execute(629)) - om1@group-C5BA1605619E-SegmentedRaftLogWorker: created new log segment /home/runner/work/ozone/ozone/hadoop-ozone/integration-test/target/test-dir/MiniOzoneClusterImpl-5354faea-c150-4163-8100-b2f9ddc2915f/ozone-meta/ratis/bf265839-605b-3f16-9796-c5ba1605619e/current/log_inprogress_0
2022-08-02 00:59:08,063 [ReplicationMonitor] INFO  replication.ReplicationManager (ReplicationManager.java:processAll(249)) - Replication Manager is not ready to run until 3000ms after safemode exit
2022-08-02 00:59:08,112 [om1@group-C5BA1605619E-StateMachineUpdater] INFO  ratis.OzoneManagerStateMachine (OzoneManagerStateMachine.java:notifyConfigurationChanged(192)) - Received Configuration change notification from Ratis. New Peer list:
[id: "om1"
address: "localhost:9872"
]
2022-08-02 00:59:08,181 [Listener at 127.0.0.1/34881] INFO  handler.ContextHandler (ContextHandler.java:doStart(915)) - Started o.e.j.w.WebAppContext@ae2081{hddsDatanode,/,file:///tmp/jetty-0_0_0_0-39655-hdds-container-service-1_3_0-SNAPSHOT_jar-_-any-7031947777144698189/webapp/,AVAILABLE}{jar:file:/home/runner/.m2/repository/org/apache/ozone/hdds-container-service/1.3.0-SNAPSHOT/hdds-container-service-1.3.0-SNAPSHOT.jar!/webapps/hddsDatanode}
2022-08-02 00:59:08,182 [Listener at 127.0.0.1/34881] INFO  server.AbstractConnector (AbstractConnector.java:doStart(331)) - Started ServerConnector@5776d0bc{HTTP/1.1, (http/1.1)}{0.0.0.0:39655}
2022-08-02 00:59:08,182 [Listener at 127.0.0.1/34881] INFO  server.Server (Server.java:doStart(415)) - Started @8225ms
2022-08-02 00:59:08,182 [Listener at 127.0.0.1/34881] WARN  impl.MetricsSystemImpl (MetricsSystemImpl.java:register(279)) - Sink prometheus already exists!
2022-08-02 00:59:08,183 [Listener at 127.0.0.1/34881] INFO  http.BaseHttpServer (BaseHttpServer.java:updateConnectorAddress(329)) - HTTP server of hddsDatanode listening at http://0.0.0.0:39655
2022-08-02 00:59:08,184 [Listener at 127.0.0.1/34881] WARN  impl.MetricRegistriesImpl (MetricRegistriesImpl.java:addReporterRegistration(111)) - New reporters are added after registries were created. Some metrics will be missing from the reporter. Please add reporter before adding any new registry.
2022-08-02 00:59:08,184 [Listener at 127.0.0.1/34881] WARN  impl.MetricRegistriesImpl (MetricRegistriesImpl.java:addReporterRegistration(111)) - New reporters are added after registries were created. Some metrics will be missing from the reporter. Please add reporter before adding any new registry.
2022-08-02 00:59:08,184 [Listener at 127.0.0.1/34881] INFO  impl.MetricsSystemImpl (MetricsSystemImpl.java:init(158)) - HddsDatanode metrics system started (again)
2022-08-02 00:59:08,192 [Datanode State Machine Daemon Thread] INFO  statemachine.DatanodeStateMachine (DatanodeStateMachine.java:lambda$startDaemon$0(492)) - Ozone container server started.
2022-08-02 00:59:08,196 [Listener at 127.0.0.1/34881] INFO  ozone.HddsDatanodeService (HddsDatanodeService.java:start(236)) - HddsDatanodeService host:fv-az164-385.acqy4frhnxdelaro313li45hge.dx.internal.cloudapp.net ip:10.1.0.31
2022-08-02 00:59:08,201 [org.apache.hadoop.util.JvmPauseMonitor$Monitor@5624b824] INFO  util.JvmPauseMonitor (JvmPauseMonitor.java:run(188)) - Starting JVM pause monitor
2022-08-02 00:59:08,211 [Datanode State Machine Task Thread - 0] INFO  datanode.InitDatanodeState (InitDatanodeState.java:persistContainerDatanodeDetails(138)) - DatanodeDetails is persisted to /home/runner/work/ozone/ozone/hadoop-ozone/integration-test/target/test-dir/MiniOzoneClusterImpl-5354faea-c150-4163-8100-b2f9ddc2915f/datanode-1/meta/datanode.id
2022-08-02 00:59:08,226 [Listener at 127.0.0.1/34881] INFO  upgrade.AbstractLayoutVersionManager (AbstractLayoutVersionManager.java:init(83)) - Initializing Layout version manager with metadata layout = DATANODE_SCHEMA_V3 (version = 4), software layout = DATANODE_SCHEMA_V3 (version = 4)
2022-08-02 00:59:08,271 [Listener at 127.0.0.1/34881] INFO  reflections.Reflections (Reflections.java:scan(232)) - Reflections took 44 ms to scan 7 urls, producing 132 keys and 321 values 
2022-08-02 00:59:08,272 [Listener at 127.0.0.1/34881] INFO  statemachine.DatanodeStateMachine (DatanodeStateMachine.java:getEndPointTaskThreadPoolSize(237)) - Datanode State Machine Task Thread Pool size 2
2022-08-02 00:59:08,278 [Listener at 127.0.0.1/34881] INFO  volume.HddsVolume (HddsVolume.java:<init>(116)) - Creating HddsVolume: /home/runner/work/ozone/ozone/hadoop-ozone/integration-test/target/test-dir/MiniOzoneClusterImpl-5354faea-c150-4163-8100-b2f9ddc2915f/datanode-2/data-0/containers/hdds of storage type : DISK capacity : 9223372036854775807
2022-08-02 00:59:08,278 [Listener at 127.0.0.1/34881] INFO  volume.MutableVolumeSet (MutableVolumeSet.java:initializeVolumeSet(174)) - Added Volume : /home/runner/work/ozone/ozone/hadoop-ozone/integration-test/target/test-dir/MiniOzoneClusterImpl-5354faea-c150-4163-8100-b2f9ddc2915f/datanode-2/data-0/containers/hdds to VolumeSet
2022-08-02 00:59:08,278 [Listener at 127.0.0.1/34881] INFO  volume.ThrottledAsyncChecker (ThrottledAsyncChecker.java:schedule(141)) - Scheduling a check for /home/runner/work/ozone/ozone/hadoop-ozone/integration-test/target/test-dir/MiniOzoneClusterImpl-5354faea-c150-4163-8100-b2f9ddc2915f/datanode-2/data-0/containers/hdds
2022-08-02 00:59:08,282 [Listener at 127.0.0.1/34881] INFO  volume.StorageVolumeChecker (StorageVolumeChecker.java:checkAllVolumes(202)) - Scheduled health check for volume /home/runner/work/ozone/ozone/hadoop-ozone/integration-test/target/test-dir/MiniOzoneClusterImpl-5354faea-c150-4163-8100-b2f9ddc2915f/datanode-2/data-0/containers/hdds
2022-08-02 00:59:08,294 [Listener at 127.0.0.1/34881] INFO  volume.MutableVolumeSet (MutableVolumeSet.java:initializeVolumeSet(174)) - Added Volume : /home/runner/work/ozone/ozone/hadoop-ozone/integration-test/target/test-dir/MiniOzoneClusterImpl-5354faea-c150-4163-8100-b2f9ddc2915f/datanode-2/data/ratis to VolumeSet
2022-08-02 00:59:08,294 [Listener at 127.0.0.1/34881] INFO  volume.ThrottledAsyncChecker (ThrottledAsyncChecker.java:schedule(141)) - Scheduling a check for /home/runner/work/ozone/ozone/hadoop-ozone/integration-test/target/test-dir/MiniOzoneClusterImpl-5354faea-c150-4163-8100-b2f9ddc2915f/datanode-2/data/ratis
2022-08-02 00:59:08,294 [Listener at 127.0.0.1/34881] INFO  volume.StorageVolumeChecker (StorageVolumeChecker.java:checkAllVolumes(202)) - Scheduled health check for volume /home/runner/work/ozone/ozone/hadoop-ozone/integration-test/target/test-dir/MiniOzoneClusterImpl-5354faea-c150-4163-8100-b2f9ddc2915f/datanode-2/data/ratis
2022-08-02 00:59:08,305 [Thread-164] INFO  ozoneimpl.ContainerReader (ContainerReader.java:readVolume(175)) - Finish verifying containers on volume /home/runner/work/ozone/ozone/hadoop-ozone/integration-test/target/test-dir/MiniOzoneClusterImpl-5354faea-c150-4163-8100-b2f9ddc2915f/datanode-2/data-0/containers/hdds
2022-08-02 00:59:08,305 [Listener at 127.0.0.1/34881] INFO  ozoneimpl.OzoneContainer (OzoneContainer.java:buildContainerSet(299)) - Build ContainerSet costs 0s
2022-08-02 00:59:08,308 [Listener at 127.0.0.1/34881] INFO  server.RaftServer (ConfUtils.java:logGet(46)) - raft.rpc.type = GRPC (default)
2022-08-02 00:59:08,308 [Listener at 127.0.0.1/34881] INFO  grpc.GrpcFactory (GrpcFactory.java:checkPooledByteBufAllocatorUseCacheForAllThreads(48)) - PERFORMANCE WARNING: useCacheForAllThreads is true that may cause Netty to create a lot garbage objects and, as a result, trigger GC.
	It is recommended to disable useCacheForAllThreads by setting -Dorg.apache.ratis.thirdparty.io.netty.allocator.useCacheForAllThreads=false in command line.
2022-08-02 00:59:08,308 [Listener at 127.0.0.1/34881] INFO  grpc.GrpcConfigKeys (ConfUtils.java:logGet(46)) - raft.grpc.admin.port = 0 (custom)
2022-08-02 00:59:08,308 [Listener at 127.0.0.1/34881] INFO  grpc.GrpcConfigKeys (ConfUtils.java:logGet(46)) - raft.grpc.client.port = 0 (custom)
2022-08-02 00:59:08,308 [Listener at 127.0.0.1/34881] INFO  grpc.GrpcConfigKeys (ConfUtils.java:logGet(46)) - raft.grpc.server.port = 0 (default)
2022-08-02 00:59:08,308 [Listener at 127.0.0.1/34881] INFO  server.GrpcService (ConfUtils.java:logGet(46)) - raft.grpc.message.size.max = 32MB (=33554432) (custom)
2022-08-02 00:59:08,308 [Listener at 127.0.0.1/34881] INFO  server.RaftServerConfigKeys (ConfUtils.java:logGet(46)) - raft.server.log.appender.buffer.byte-limit = 33554432 (custom)
2022-08-02 00:59:08,309 [Listener at 127.0.0.1/34881] INFO  server.GrpcService (ConfUtils.java:logGet(46)) - raft.grpc.flow.control.window = 5MB (=5242880) (custom)
2022-08-02 00:59:08,309 [Listener at 127.0.0.1/34881] INFO  server.RaftServerConfigKeys (ConfUtils.java:logGet(46)) - raft.server.rpc.request.timeout = 60s (custom)
2022-08-02 00:59:08,309 [Listener at 127.0.0.1/34881] INFO  grpc.GrpcConfigKeys (ConfUtils.java:logGet(46)) - raft.grpc.server.async.request.thread.pool.cached = true (default)
2022-08-02 00:59:08,313 [Listener at 127.0.0.1/34881] INFO  grpc.GrpcConfigKeys (ConfUtils.java:logGet(46)) - raft.grpc.server.async.request.thread.pool.size = 32 (default)
2022-08-02 00:59:08,314 [Listener at 127.0.0.1/34881] INFO  impl.DataStreamServerImpl (ConfUtils.java:logGet(46)) - raft.datastream.type = DISABLED (default)
2022-08-02 00:59:08,314 [Listener at 127.0.0.1/34881] INFO  server.RaftServerConfigKeys (ConfUtils.java:logGet(46)) - raft.server.threadpool.proxy.cached = true (default)
2022-08-02 00:59:08,314 [Listener at 127.0.0.1/34881] INFO  server.RaftServerConfigKeys (ConfUtils.java:logGet(46)) - raft.server.threadpool.proxy.size = 0 (default)
2022-08-02 00:59:08,314 [Listener at 127.0.0.1/34881] INFO  server.RaftServerConfigKeys (ConfUtils.java:logGet(46)) - raft.server.rpc.slowness.timeout = 300s (custom)
2022-08-02 00:59:08,314 [Listener at 127.0.0.1/34881] INFO  server.RaftServerConfigKeys (ConfUtils.java:logGet(46)) - raft.server.leaderelection.leader.step-down.wait-time = 10s (default)
2022-08-02 00:59:08,315 [Listener at 127.0.0.1/34881] INFO  server.RaftServerConfigKeys (ConfUtils.java:logGet(46)) - raft.server.storage.dir = [/home/runner/work/ozone/ozone/hadoop-ozone/integration-test/target/test-dir/MiniOzoneClusterImpl-5354faea-c150-4163-8100-b2f9ddc2915f/datanode-2/data/ratis] (custom)
2022-08-02 00:59:08,316 [Listener at 127.0.0.1/34881] INFO  server.XceiverServerGrpc (XceiverServerGrpc.java:<init>(132)) - GrpcServer channel type EpollServerSocketChannel
2022-08-02 00:59:08,319 [Listener at 127.0.0.1/34881] INFO  http.BaseHttpServer (BaseHttpServer.java:newHttpServer2BuilderForOzone(209)) - Starting Web-server for hddsDatanode at: http://0.0.0.0:0
2022-08-02 00:59:08,319 [Listener at 127.0.0.1/34881] INFO  http.BaseHttpServer (BaseHttpServer.java:<init>(107)) - Hadoop Security Enabled: false Ozone Security Enabled: false Ozone HTTP Security Enabled: false 
2022-08-02 00:59:08,321 [Listener at 127.0.0.1/34881] INFO  server.AuthenticationFilter (AuthenticationFilter.java:constructSecretProvider(240)) - Unable to initialize FileSignerSecretProvider, falling back to use random secrets.
2022-08-02 00:59:08,322 [Listener at 127.0.0.1/34881] WARN  http.HttpRequestLog (HttpRequestLog.java:getRequestLog(103)) - Jetty request log can only be enabled using Log4j
2022-08-02 00:59:08,324 [Listener at 127.0.0.1/34881] INFO  http.HttpServer2 (HttpServer2.java:addGlobalFilter(1029)) - Added global filter 'safety' (class=org.apache.hadoop.hdds.server.http.HttpServer2$QuotingInputFilter)
2022-08-02 00:59:08,324 [Listener at 127.0.0.1/34881] INFO  http.HttpServer2 (HttpServer2.java:addFilter(1005)) - Added filter static_user_filter (class=org.apache.hadoop.http.lib.StaticUserWebFilter$StaticUserFilter) to context hddsDatanode
2022-08-02 00:59:08,325 [Listener at 127.0.0.1/34881] INFO  http.HttpServer2 (HttpServer2.java:addFilter(1013)) - Added filter static_user_filter (class=org.apache.hadoop.http.lib.StaticUserWebFilter$StaticUserFilter) to context static
2022-08-02 00:59:08,325 [Listener at 127.0.0.1/34881] INFO  http.HttpServer2 (HttpServer2.java:addFilter(1013)) - Added filter static_user_filter (class=org.apache.hadoop.http.lib.StaticUserWebFilter$StaticUserFilter) to context logs
2022-08-02 00:59:08,325 [Listener at 127.0.0.1/34881] INFO  http.HttpServer2 (HttpServer2.java:bindListener(1248)) - Jetty bound to port 34153
2022-08-02 00:59:08,325 [Listener at 127.0.0.1/34881] INFO  server.Server (Server.java:doStart(375)) - jetty-9.4.43.v20210629; built: 2021-06-30T11:07:22.254Z; git: 526006ecfa3af7f1a27ef3a288e2bef7ea9dd7e8; jvm 1.8.0_332-b09
2022-08-02 00:59:08,329 [Listener at 127.0.0.1/34881] INFO  server.session (DefaultSessionIdManager.java:doStart(334)) - DefaultSessionIdManager workerName=node0
2022-08-02 00:59:08,329 [Listener at 127.0.0.1/34881] INFO  server.session (DefaultSessionIdManager.java:doStart(339)) - No SessionScavenger set, using defaults
2022-08-02 00:59:08,330 [Listener at 127.0.0.1/34881] INFO  server.session (HouseKeeper.java:startScavenging(132)) - node0 Scavenging every 600000ms
2022-08-02 00:59:08,331 [Listener at 127.0.0.1/34881] INFO  handler.ContextHandler (ContextHandler.java:doStart(915)) - Started o.e.j.s.ServletContextHandler@20277c88{logs,/logs,file:///home/runner/work/ozone/ozone/hadoop-ozone/integration-test/target/log,AVAILABLE}
2022-08-02 00:59:08,331 [Listener at 127.0.0.1/34881] INFO  handler.ContextHandler (ContextHandler.java:doStart(915)) - Started o.e.j.s.ServletContextHandler@38ba8d97{static,/static,jar:file:/home/runner/.m2/repository/org/apache/ozone/hdds-container-service/1.3.0-SNAPSHOT/hdds-container-service-1.3.0-SNAPSHOT.jar!/webapps/static,AVAILABLE}
2022-08-02 00:59:08,497 [Listener at 127.0.0.1/34881] INFO  handler.ContextHandler (ContextHandler.java:doStart(915)) - Started o.e.j.w.WebAppContext@775f6e1e{hddsDatanode,/,file:///tmp/jetty-0_0_0_0-34153-hdds-container-service-1_3_0-SNAPSHOT_jar-_-any-4220550853890265557/webapp/,AVAILABLE}{jar:file:/home/runner/.m2/repository/org/apache/ozone/hdds-container-service/1.3.0-SNAPSHOT/hdds-container-service-1.3.0-SNAPSHOT.jar!/webapps/hddsDatanode}
2022-08-02 00:59:08,498 [Listener at 127.0.0.1/34881] INFO  server.AbstractConnector (AbstractConnector.java:doStart(331)) - Started ServerConnector@9c3b272{HTTP/1.1, (http/1.1)}{0.0.0.0:34153}
2022-08-02 00:59:08,498 [Listener at 127.0.0.1/34881] INFO  server.Server (Server.java:doStart(415)) - Started @8541ms
2022-08-02 00:59:08,498 [Listener at 127.0.0.1/34881] WARN  impl.MetricsSystemImpl (MetricsSystemImpl.java:register(279)) - Sink prometheus already exists!
2022-08-02 00:59:08,499 [Listener at 127.0.0.1/34881] INFO  http.BaseHttpServer (BaseHttpServer.java:updateConnectorAddress(329)) - HTTP server of hddsDatanode listening at http://0.0.0.0:34153
2022-08-02 00:59:08,501 [Listener at 127.0.0.1/34881] WARN  impl.MetricRegistriesImpl (MetricRegistriesImpl.java:addReporterRegistration(111)) - New reporters are added after registries were created. Some metrics will be missing from the reporter. Please add reporter before adding any new registry.
2022-08-02 00:59:08,501 [Listener at 127.0.0.1/34881] WARN  impl.MetricRegistriesImpl (MetricRegistriesImpl.java:addReporterRegistration(111)) - New reporters are added after registries were created. Some metrics will be missing from the reporter. Please add reporter before adding any new registry.
2022-08-02 00:59:08,501 [Listener at 127.0.0.1/34881] INFO  impl.MetricsSystemImpl (MetricsSystemImpl.java:init(158)) - HddsDatanode metrics system started (again)
2022-08-02 00:59:08,504 [Datanode State Machine Daemon Thread] INFO  statemachine.DatanodeStateMachine (DatanodeStateMachine.java:lambda$startDaemon$0(492)) - Ozone container server started.
2022-08-02 00:59:08,513 [Listener at 127.0.0.1/34881] INFO  ozone.HddsDatanodeService (HddsDatanodeService.java:start(236)) - HddsDatanodeService host:fv-az164-385.acqy4frhnxdelaro313li45hge.dx.internal.cloudapp.net ip:10.1.0.31
2022-08-02 00:59:08,535 [org.apache.hadoop.util.JvmPauseMonitor$Monitor@173ef00d] INFO  util.JvmPauseMonitor (JvmPauseMonitor.java:run(188)) - Starting JVM pause monitor
2022-08-02 00:59:08,537 [Datanode State Machine Task Thread - 0] INFO  datanode.InitDatanodeState (InitDatanodeState.java:persistContainerDatanodeDetails(138)) - DatanodeDetails is persisted to /home/runner/work/ozone/ozone/hadoop-ozone/integration-test/target/test-dir/MiniOzoneClusterImpl-5354faea-c150-4163-8100-b2f9ddc2915f/datanode-2/meta/datanode.id
2022-08-02 00:59:08,542 [Listener at 127.0.0.1/34881] INFO  upgrade.AbstractLayoutVersionManager (AbstractLayoutVersionManager.java:init(83)) - Initializing Layout version manager with metadata layout = DATANODE_SCHEMA_V3 (version = 4), software layout = DATANODE_SCHEMA_V3 (version = 4)
2022-08-02 00:59:08,585 [Listener at 127.0.0.1/34881] INFO  reflections.Reflections (Reflections.java:scan(232)) - Reflections took 42 ms to scan 7 urls, producing 132 keys and 321 values 
2022-08-02 00:59:08,586 [Listener at 127.0.0.1/34881] INFO  statemachine.DatanodeStateMachine (DatanodeStateMachine.java:getEndPointTaskThreadPoolSize(237)) - Datanode State Machine Task Thread Pool size 2
2022-08-02 00:59:08,588 [Listener at 127.0.0.1/34881] INFO  volume.HddsVolume (HddsVolume.java:<init>(116)) - Creating HddsVolume: /home/runner/work/ozone/ozone/hadoop-ozone/integration-test/target/test-dir/MiniOzoneClusterImpl-5354faea-c150-4163-8100-b2f9ddc2915f/datanode-3/data-0/containers/hdds of storage type : DISK capacity : 9223372036854775807
2022-08-02 00:59:08,588 [Listener at 127.0.0.1/34881] INFO  volume.MutableVolumeSet (MutableVolumeSet.java:initializeVolumeSet(174)) - Added Volume : /home/runner/work/ozone/ozone/hadoop-ozone/integration-test/target/test-dir/MiniOzoneClusterImpl-5354faea-c150-4163-8100-b2f9ddc2915f/datanode-3/data-0/containers/hdds to VolumeSet
2022-08-02 00:59:08,588 [Listener at 127.0.0.1/34881] INFO  volume.ThrottledAsyncChecker (ThrottledAsyncChecker.java:schedule(141)) - Scheduling a check for /home/runner/work/ozone/ozone/hadoop-ozone/integration-test/target/test-dir/MiniOzoneClusterImpl-5354faea-c150-4163-8100-b2f9ddc2915f/datanode-3/data-0/containers/hdds
2022-08-02 00:59:08,591 [Listener at 127.0.0.1/34881] INFO  volume.StorageVolumeChecker (StorageVolumeChecker.java:checkAllVolumes(202)) - Scheduled health check for volume /home/runner/work/ozone/ozone/hadoop-ozone/integration-test/target/test-dir/MiniOzoneClusterImpl-5354faea-c150-4163-8100-b2f9ddc2915f/datanode-3/data-0/containers/hdds
2022-08-02 00:59:08,602 [Listener at 127.0.0.1/34881] INFO  volume.MutableVolumeSet (MutableVolumeSet.java:initializeVolumeSet(174)) - Added Volume : /home/runner/work/ozone/ozone/hadoop-ozone/integration-test/target/test-dir/MiniOzoneClusterImpl-5354faea-c150-4163-8100-b2f9ddc2915f/datanode-3/data/ratis to VolumeSet
2022-08-02 00:59:08,602 [Listener at 127.0.0.1/34881] INFO  volume.ThrottledAsyncChecker (ThrottledAsyncChecker.java:schedule(141)) - Scheduling a check for /home/runner/work/ozone/ozone/hadoop-ozone/integration-test/target/test-dir/MiniOzoneClusterImpl-5354faea-c150-4163-8100-b2f9ddc2915f/datanode-3/data/ratis
2022-08-02 00:59:08,602 [Listener at 127.0.0.1/34881] INFO  volume.StorageVolumeChecker (StorageVolumeChecker.java:checkAllVolumes(202)) - Scheduled health check for volume /home/runner/work/ozone/ozone/hadoop-ozone/integration-test/target/test-dir/MiniOzoneClusterImpl-5354faea-c150-4163-8100-b2f9ddc2915f/datanode-3/data/ratis
2022-08-02 00:59:08,612 [Thread-177] INFO  ozoneimpl.ContainerReader (ContainerReader.java:readVolume(175)) - Finish verifying containers on volume /home/runner/work/ozone/ozone/hadoop-ozone/integration-test/target/test-dir/MiniOzoneClusterImpl-5354faea-c150-4163-8100-b2f9ddc2915f/datanode-3/data-0/containers/hdds
2022-08-02 00:59:08,612 [Listener at 127.0.0.1/34881] INFO  ozoneimpl.OzoneContainer (OzoneContainer.java:buildContainerSet(299)) - Build ContainerSet costs 0s
2022-08-02 00:59:08,615 [Listener at 127.0.0.1/34881] INFO  server.RaftServer (ConfUtils.java:logGet(46)) - raft.rpc.type = GRPC (default)
2022-08-02 00:59:08,615 [Listener at 127.0.0.1/34881] INFO  grpc.GrpcFactory (GrpcFactory.java:checkPooledByteBufAllocatorUseCacheForAllThreads(48)) - PERFORMANCE WARNING: useCacheForAllThreads is true that may cause Netty to create a lot garbage objects and, as a result, trigger GC.
	It is recommended to disable useCacheForAllThreads by setting -Dorg.apache.ratis.thirdparty.io.netty.allocator.useCacheForAllThreads=false in command line.
2022-08-02 00:59:08,615 [Listener at 127.0.0.1/34881] INFO  grpc.GrpcConfigKeys (ConfUtils.java:logGet(46)) - raft.grpc.admin.port = 0 (custom)
2022-08-02 00:59:08,615 [Listener at 127.0.0.1/34881] INFO  grpc.GrpcConfigKeys (ConfUtils.java:logGet(46)) - raft.grpc.client.port = 0 (custom)
2022-08-02 00:59:08,615 [Listener at 127.0.0.1/34881] INFO  grpc.GrpcConfigKeys (ConfUtils.java:logGet(46)) - raft.grpc.server.port = 0 (default)
2022-08-02 00:59:08,615 [Listener at 127.0.0.1/34881] INFO  server.GrpcService (ConfUtils.java:logGet(46)) - raft.grpc.message.size.max = 32MB (=33554432) (custom)
2022-08-02 00:59:08,616 [Listener at 127.0.0.1/34881] INFO  server.RaftServerConfigKeys (ConfUtils.java:logGet(46)) - raft.server.log.appender.buffer.byte-limit = 33554432 (custom)
2022-08-02 00:59:08,616 [Listener at 127.0.0.1/34881] INFO  server.GrpcService (ConfUtils.java:logGet(46)) - raft.grpc.flow.control.window = 5MB (=5242880) (custom)
2022-08-02 00:59:08,616 [Listener at 127.0.0.1/34881] INFO  server.RaftServerConfigKeys (ConfUtils.java:logGet(46)) - raft.server.rpc.request.timeout = 60s (custom)
2022-08-02 00:59:08,616 [Listener at 127.0.0.1/34881] INFO  grpc.GrpcConfigKeys (ConfUtils.java:logGet(46)) - raft.grpc.server.async.request.thread.pool.cached = true (default)
2022-08-02 00:59:08,616 [Listener at 127.0.0.1/34881] INFO  grpc.GrpcConfigKeys (ConfUtils.java:logGet(46)) - raft.grpc.server.async.request.thread.pool.size = 32 (default)
2022-08-02 00:59:08,617 [Listener at 127.0.0.1/34881] INFO  impl.DataStreamServerImpl (ConfUtils.java:logGet(46)) - raft.datastream.type = DISABLED (default)
2022-08-02 00:59:08,617 [Listener at 127.0.0.1/34881] INFO  server.RaftServerConfigKeys (ConfUtils.java:logGet(46)) - raft.server.threadpool.proxy.cached = true (default)
2022-08-02 00:59:08,617 [Listener at 127.0.0.1/34881] INFO  server.RaftServerConfigKeys (ConfUtils.java:logGet(46)) - raft.server.threadpool.proxy.size = 0 (default)
2022-08-02 00:59:08,617 [Listener at 127.0.0.1/34881] INFO  server.RaftServerConfigKeys (ConfUtils.java:logGet(46)) - raft.server.rpc.slowness.timeout = 300s (custom)
2022-08-02 00:59:08,617 [Listener at 127.0.0.1/34881] INFO  server.RaftServerConfigKeys (ConfUtils.java:logGet(46)) - raft.server.leaderelection.leader.step-down.wait-time = 10s (default)
2022-08-02 00:59:08,618 [Listener at 127.0.0.1/34881] INFO  server.RaftServerConfigKeys (ConfUtils.java:logGet(46)) - raft.server.storage.dir = [/home/runner/work/ozone/ozone/hadoop-ozone/integration-test/target/test-dir/MiniOzoneClusterImpl-5354faea-c150-4163-8100-b2f9ddc2915f/datanode-3/data/ratis] (custom)
2022-08-02 00:59:08,622 [Listener at 127.0.0.1/34881] INFO  server.XceiverServerGrpc (XceiverServerGrpc.java:<init>(132)) - GrpcServer channel type EpollServerSocketChannel
2022-08-02 00:59:08,626 [Listener at 127.0.0.1/34881] INFO  http.BaseHttpServer (BaseHttpServer.java:newHttpServer2BuilderForOzone(209)) - Starting Web-server for hddsDatanode at: http://0.0.0.0:0
2022-08-02 00:59:08,626 [Listener at 127.0.0.1/34881] INFO  http.BaseHttpServer (BaseHttpServer.java:<init>(107)) - Hadoop Security Enabled: false Ozone Security Enabled: false Ozone HTTP Security Enabled: false 
2022-08-02 00:59:08,627 [Listener at 127.0.0.1/34881] INFO  server.AuthenticationFilter (AuthenticationFilter.java:constructSecretProvider(240)) - Unable to initialize FileSignerSecretProvider, falling back to use random secrets.
2022-08-02 00:59:08,628 [Listener at 127.0.0.1/34881] WARN  http.HttpRequestLog (HttpRequestLog.java:getRequestLog(103)) - Jetty request log can only be enabled using Log4j
2022-08-02 00:59:08,630 [Listener at 127.0.0.1/34881] INFO  http.HttpServer2 (HttpServer2.java:addGlobalFilter(1029)) - Added global filter 'safety' (class=org.apache.hadoop.hdds.server.http.HttpServer2$QuotingInputFilter)
2022-08-02 00:59:08,630 [Listener at 127.0.0.1/34881] INFO  http.HttpServer2 (HttpServer2.java:addFilter(1005)) - Added filter static_user_filter (class=org.apache.hadoop.http.lib.StaticUserWebFilter$StaticUserFilter) to context hddsDatanode
2022-08-02 00:59:08,630 [Listener at 127.0.0.1/34881] INFO  http.HttpServer2 (HttpServer2.java:addFilter(1013)) - Added filter static_user_filter (class=org.apache.hadoop.http.lib.StaticUserWebFilter$StaticUserFilter) to context logs
2022-08-02 00:59:08,630 [Listener at 127.0.0.1/34881] INFO  http.HttpServer2 (HttpServer2.java:addFilter(1013)) - Added filter static_user_filter (class=org.apache.hadoop.http.lib.StaticUserWebFilter$StaticUserFilter) to context static
2022-08-02 00:59:08,631 [Listener at 127.0.0.1/34881] INFO  http.HttpServer2 (HttpServer2.java:bindListener(1248)) - Jetty bound to port 44587
2022-08-02 00:59:08,631 [Listener at 127.0.0.1/34881] INFO  server.Server (Server.java:doStart(375)) - jetty-9.4.43.v20210629; built: 2021-06-30T11:07:22.254Z; git: 526006ecfa3af7f1a27ef3a288e2bef7ea9dd7e8; jvm 1.8.0_332-b09
2022-08-02 00:59:08,637 [Listener at 127.0.0.1/34881] INFO  server.session (DefaultSessionIdManager.java:doStart(334)) - DefaultSessionIdManager workerName=node0
2022-08-02 00:59:08,637 [Listener at 127.0.0.1/34881] INFO  server.session (DefaultSessionIdManager.java:doStart(339)) - No SessionScavenger set, using defaults
2022-08-02 00:59:08,638 [Listener at 127.0.0.1/34881] INFO  server.session (HouseKeeper.java:startScavenging(132)) - node0 Scavenging every 660000ms
2022-08-02 00:59:08,638 [Listener at 127.0.0.1/34881] INFO  handler.ContextHandler (ContextHandler.java:doStart(915)) - Started o.e.j.s.ServletContextHandler@64428d6f{logs,/logs,file:///home/runner/work/ozone/ozone/hadoop-ozone/integration-test/target/log,AVAILABLE}
2022-08-02 00:59:08,639 [Listener at 127.0.0.1/34881] INFO  handler.ContextHandler (ContextHandler.java:doStart(915)) - Started o.e.j.s.ServletContextHandler@609fce52{static,/static,jar:file:/home/runner/.m2/repository/org/apache/ozone/hdds-container-service/1.3.0-SNAPSHOT/hdds-container-service-1.3.0-SNAPSHOT.jar!/webapps/static,AVAILABLE}
2022-08-02 00:59:08,803 [Listener at 127.0.0.1/34881] INFO  handler.ContextHandler (ContextHandler.java:doStart(915)) - Started o.e.j.w.WebAppContext@12da8fda{hddsDatanode,/,file:///tmp/jetty-0_0_0_0-44587-hdds-container-service-1_3_0-SNAPSHOT_jar-_-any-3130923368403332305/webapp/,AVAILABLE}{jar:file:/home/runner/.m2/repository/org/apache/ozone/hdds-container-service/1.3.0-SNAPSHOT/hdds-container-service-1.3.0-SNAPSHOT.jar!/webapps/hddsDatanode}
2022-08-02 00:59:08,805 [Listener at 127.0.0.1/34881] INFO  server.AbstractConnector (AbstractConnector.java:doStart(331)) - Started ServerConnector@6f74bdef{HTTP/1.1, (http/1.1)}{0.0.0.0:44587}
2022-08-02 00:59:08,805 [Listener at 127.0.0.1/34881] INFO  server.Server (Server.java:doStart(415)) - Started @8847ms
2022-08-02 00:59:08,805 [Listener at 127.0.0.1/34881] WARN  impl.MetricsSystemImpl (MetricsSystemImpl.java:register(279)) - Sink prometheus already exists!
2022-08-02 00:59:08,806 [Listener at 127.0.0.1/34881] INFO  http.BaseHttpServer (BaseHttpServer.java:updateConnectorAddress(329)) - HTTP server of hddsDatanode listening at http://0.0.0.0:44587
2022-08-02 00:59:08,806 [Listener at 127.0.0.1/34881] WARN  impl.MetricRegistriesImpl (MetricRegistriesImpl.java:addReporterRegistration(111)) - New reporters are added after registries were created. Some metrics will be missing from the reporter. Please add reporter before adding any new registry.
2022-08-02 00:59:08,806 [Listener at 127.0.0.1/34881] WARN  impl.MetricRegistriesImpl (MetricRegistriesImpl.java:addReporterRegistration(111)) - New reporters are added after registries were created. Some metrics will be missing from the reporter. Please add reporter before adding any new registry.
2022-08-02 00:59:08,806 [Listener at 127.0.0.1/34881] INFO  impl.MetricsSystemImpl (MetricsSystemImpl.java:init(158)) - HddsDatanode metrics system started (again)
2022-08-02 00:59:08,813 [Datanode State Machine Daemon Thread] INFO  statemachine.DatanodeStateMachine (DatanodeStateMachine.java:lambda$startDaemon$0(492)) - Ozone container server started.
2022-08-02 00:59:08,821 [Listener at 127.0.0.1/34881] INFO  ozone.HddsDatanodeService (HddsDatanodeService.java:start(236)) - HddsDatanodeService host:fv-az164-385.acqy4frhnxdelaro313li45hge.dx.internal.cloudapp.net ip:10.1.0.31
2022-08-02 00:59:08,826 [org.apache.hadoop.util.JvmPauseMonitor$Monitor@4c3963c4] INFO  util.JvmPauseMonitor (JvmPauseMonitor.java:run(188)) - Starting JVM pause monitor
2022-08-02 00:59:08,827 [Datanode State Machine Task Thread - 0] INFO  datanode.InitDatanodeState (InitDatanodeState.java:persistContainerDatanodeDetails(138)) - DatanodeDetails is persisted to /home/runner/work/ozone/ozone/hadoop-ozone/integration-test/target/test-dir/MiniOzoneClusterImpl-5354faea-c150-4163-8100-b2f9ddc2915f/datanode-3/meta/datanode.id
2022-08-02 00:59:08,846 [Listener at 127.0.0.1/34881] INFO  upgrade.AbstractLayoutVersionManager (AbstractLayoutVersionManager.java:init(83)) - Initializing Layout version manager with metadata layout = DATANODE_SCHEMA_V3 (version = 4), software layout = DATANODE_SCHEMA_V3 (version = 4)
2022-08-02 00:59:08,888 [Listener at 127.0.0.1/34881] INFO  reflections.Reflections (Reflections.java:scan(232)) - Reflections took 41 ms to scan 7 urls, producing 132 keys and 321 values 
2022-08-02 00:59:08,889 [Listener at 127.0.0.1/34881] INFO  statemachine.DatanodeStateMachine (DatanodeStateMachine.java:getEndPointTaskThreadPoolSize(237)) - Datanode State Machine Task Thread Pool size 2
2022-08-02 00:59:08,894 [Listener at 127.0.0.1/34881] INFO  volume.HddsVolume (HddsVolume.java:<init>(116)) - Creating HddsVolume: /home/runner/work/ozone/ozone/hadoop-ozone/integration-test/target/test-dir/MiniOzoneClusterImpl-5354faea-c150-4163-8100-b2f9ddc2915f/datanode-4/data-0/containers/hdds of storage type : DISK capacity : 9223372036854775807
2022-08-02 00:59:08,895 [Listener at 127.0.0.1/34881] INFO  volume.MutableVolumeSet (MutableVolumeSet.java:initializeVolumeSet(174)) - Added Volume : /home/runner/work/ozone/ozone/hadoop-ozone/integration-test/target/test-dir/MiniOzoneClusterImpl-5354faea-c150-4163-8100-b2f9ddc2915f/datanode-4/data-0/containers/hdds to VolumeSet
2022-08-02 00:59:08,895 [Listener at 127.0.0.1/34881] INFO  volume.ThrottledAsyncChecker (ThrottledAsyncChecker.java:schedule(141)) - Scheduling a check for /home/runner/work/ozone/ozone/hadoop-ozone/integration-test/target/test-dir/MiniOzoneClusterImpl-5354faea-c150-4163-8100-b2f9ddc2915f/datanode-4/data-0/containers/hdds
2022-08-02 00:59:08,896 [Listener at 127.0.0.1/34881] INFO  volume.StorageVolumeChecker (StorageVolumeChecker.java:checkAllVolumes(202)) - Scheduled health check for volume /home/runner/work/ozone/ozone/hadoop-ozone/integration-test/target/test-dir/MiniOzoneClusterImpl-5354faea-c150-4163-8100-b2f9ddc2915f/datanode-4/data-0/containers/hdds
2022-08-02 00:59:08,906 [Listener at 127.0.0.1/34881] INFO  volume.MutableVolumeSet (MutableVolumeSet.java:initializeVolumeSet(174)) - Added Volume : /home/runner/work/ozone/ozone/hadoop-ozone/integration-test/target/test-dir/MiniOzoneClusterImpl-5354faea-c150-4163-8100-b2f9ddc2915f/datanode-4/data/ratis to VolumeSet
2022-08-02 00:59:08,907 [Listener at 127.0.0.1/34881] INFO  volume.ThrottledAsyncChecker (ThrottledAsyncChecker.java:schedule(141)) - Scheduling a check for /home/runner/work/ozone/ozone/hadoop-ozone/integration-test/target/test-dir/MiniOzoneClusterImpl-5354faea-c150-4163-8100-b2f9ddc2915f/datanode-4/data/ratis
2022-08-02 00:59:08,907 [Listener at 127.0.0.1/34881] INFO  volume.StorageVolumeChecker (StorageVolumeChecker.java:checkAllVolumes(202)) - Scheduled health check for volume /home/runner/work/ozone/ozone/hadoop-ozone/integration-test/target/test-dir/MiniOzoneClusterImpl-5354faea-c150-4163-8100-b2f9ddc2915f/datanode-4/data/ratis
2022-08-02 00:59:08,917 [Thread-190] INFO  ozoneimpl.ContainerReader (ContainerReader.java:readVolume(175)) - Finish verifying containers on volume /home/runner/work/ozone/ozone/hadoop-ozone/integration-test/target/test-dir/MiniOzoneClusterImpl-5354faea-c150-4163-8100-b2f9ddc2915f/datanode-4/data-0/containers/hdds
2022-08-02 00:59:08,917 [Listener at 127.0.0.1/34881] INFO  ozoneimpl.OzoneContainer (OzoneContainer.java:buildContainerSet(299)) - Build ContainerSet costs 0s
2022-08-02 00:59:08,923 [Listener at 127.0.0.1/34881] INFO  server.RaftServer (ConfUtils.java:logGet(46)) - raft.rpc.type = GRPC (default)
2022-08-02 00:59:08,923 [Listener at 127.0.0.1/34881] INFO  grpc.GrpcFactory (GrpcFactory.java:checkPooledByteBufAllocatorUseCacheForAllThreads(48)) - PERFORMANCE WARNING: useCacheForAllThreads is true that may cause Netty to create a lot garbage objects and, as a result, trigger GC.
	It is recommended to disable useCacheForAllThreads by setting -Dorg.apache.ratis.thirdparty.io.netty.allocator.useCacheForAllThreads=false in command line.
2022-08-02 00:59:08,923 [Listener at 127.0.0.1/34881] INFO  grpc.GrpcConfigKeys (ConfUtils.java:logGet(46)) - raft.grpc.admin.port = 0 (custom)
2022-08-02 00:59:08,923 [Listener at 127.0.0.1/34881] INFO  grpc.GrpcConfigKeys (ConfUtils.java:logGet(46)) - raft.grpc.client.port = 0 (custom)
2022-08-02 00:59:08,923 [Listener at 127.0.0.1/34881] INFO  grpc.GrpcConfigKeys (ConfUtils.java:logGet(46)) - raft.grpc.server.port = 0 (default)
2022-08-02 00:59:08,923 [Listener at 127.0.0.1/34881] INFO  server.GrpcService (ConfUtils.java:logGet(46)) - raft.grpc.message.size.max = 32MB (=33554432) (custom)
2022-08-02 00:59:08,923 [Listener at 127.0.0.1/34881] INFO  server.RaftServerConfigKeys (ConfUtils.java:logGet(46)) - raft.server.log.appender.buffer.byte-limit = 33554432 (custom)
2022-08-02 00:59:08,923 [Listener at 127.0.0.1/34881] INFO  server.GrpcService (ConfUtils.java:logGet(46)) - raft.grpc.flow.control.window = 5MB (=5242880) (custom)
2022-08-02 00:59:08,923 [Listener at 127.0.0.1/34881] INFO  server.RaftServerConfigKeys (ConfUtils.java:logGet(46)) - raft.server.rpc.request.timeout = 60s (custom)
2022-08-02 00:59:08,923 [Listener at 127.0.0.1/34881] INFO  grpc.GrpcConfigKeys (ConfUtils.java:logGet(46)) - raft.grpc.server.async.request.thread.pool.cached = true (default)
2022-08-02 00:59:08,923 [Listener at 127.0.0.1/34881] INFO  grpc.GrpcConfigKeys (ConfUtils.java:logGet(46)) - raft.grpc.server.async.request.thread.pool.size = 32 (default)
2022-08-02 00:59:08,924 [Listener at 127.0.0.1/34881] INFO  impl.DataStreamServerImpl (ConfUtils.java:logGet(46)) - raft.datastream.type = DISABLED (default)
2022-08-02 00:59:08,925 [Listener at 127.0.0.1/34881] INFO  server.RaftServerConfigKeys (ConfUtils.java:logGet(46)) - raft.server.threadpool.proxy.cached = true (default)
2022-08-02 00:59:08,925 [Listener at 127.0.0.1/34881] INFO  server.RaftServerConfigKeys (ConfUtils.java:logGet(46)) - raft.server.threadpool.proxy.size = 0 (default)
2022-08-02 00:59:08,925 [Listener at 127.0.0.1/34881] INFO  server.RaftServerConfigKeys (ConfUtils.java:logGet(46)) - raft.server.rpc.slowness.timeout = 300s (custom)
2022-08-02 00:59:08,925 [Listener at 127.0.0.1/34881] INFO  server.RaftServerConfigKeys (ConfUtils.java:logGet(46)) - raft.server.leaderelection.leader.step-down.wait-time = 10s (default)
2022-08-02 00:59:08,926 [Listener at 127.0.0.1/34881] INFO  server.RaftServerConfigKeys (ConfUtils.java:logGet(46)) - raft.server.storage.dir = [/home/runner/work/ozone/ozone/hadoop-ozone/integration-test/target/test-dir/MiniOzoneClusterImpl-5354faea-c150-4163-8100-b2f9ddc2915f/datanode-4/data/ratis] (custom)
2022-08-02 00:59:08,927 [Listener at 127.0.0.1/34881] INFO  server.XceiverServerGrpc (XceiverServerGrpc.java:<init>(132)) - GrpcServer channel type EpollServerSocketChannel
2022-08-02 00:59:08,935 [Listener at 127.0.0.1/34881] INFO  http.BaseHttpServer (BaseHttpServer.java:newHttpServer2BuilderForOzone(209)) - Starting Web-server for hddsDatanode at: http://0.0.0.0:0
2022-08-02 00:59:08,935 [Listener at 127.0.0.1/34881] INFO  http.BaseHttpServer (BaseHttpServer.java:<init>(107)) - Hadoop Security Enabled: false Ozone Security Enabled: false Ozone HTTP Security Enabled: false 
2022-08-02 00:59:08,936 [Listener at 127.0.0.1/34881] INFO  server.AuthenticationFilter (AuthenticationFilter.java:constructSecretProvider(240)) - Unable to initialize FileSignerSecretProvider, falling back to use random secrets.
2022-08-02 00:59:08,941 [Listener at 127.0.0.1/34881] WARN  http.HttpRequestLog (HttpRequestLog.java:getRequestLog(103)) - Jetty request log can only be enabled using Log4j
2022-08-02 00:59:08,942 [Listener at 127.0.0.1/34881] INFO  http.HttpServer2 (HttpServer2.java:addGlobalFilter(1029)) - Added global filter 'safety' (class=org.apache.hadoop.hdds.server.http.HttpServer2$QuotingInputFilter)
2022-08-02 00:59:08,943 [Listener at 127.0.0.1/34881] INFO  http.HttpServer2 (HttpServer2.java:addFilter(1005)) - Added filter static_user_filter (class=org.apache.hadoop.http.lib.StaticUserWebFilter$StaticUserFilter) to context hddsDatanode
2022-08-02 00:59:08,943 [Listener at 127.0.0.1/34881] INFO  http.HttpServer2 (HttpServer2.java:addFilter(1013)) - Added filter static_user_filter (class=org.apache.hadoop.http.lib.StaticUserWebFilter$StaticUserFilter) to context logs
2022-08-02 00:59:08,943 [Listener at 127.0.0.1/34881] INFO  http.HttpServer2 (HttpServer2.java:addFilter(1013)) - Added filter static_user_filter (class=org.apache.hadoop.http.lib.StaticUserWebFilter$StaticUserFilter) to context static
2022-08-02 00:59:08,944 [Listener at 127.0.0.1/34881] INFO  http.HttpServer2 (HttpServer2.java:bindListener(1248)) - Jetty bound to port 33231
2022-08-02 00:59:08,944 [Listener at 127.0.0.1/34881] INFO  server.Server (Server.java:doStart(375)) - jetty-9.4.43.v20210629; built: 2021-06-30T11:07:22.254Z; git: 526006ecfa3af7f1a27ef3a288e2bef7ea9dd7e8; jvm 1.8.0_332-b09
2022-08-02 00:59:08,946 [Listener at 127.0.0.1/34881] INFO  server.session (DefaultSessionIdManager.java:doStart(334)) - DefaultSessionIdManager workerName=node0
2022-08-02 00:59:08,946 [Listener at 127.0.0.1/34881] INFO  server.session (DefaultSessionIdManager.java:doStart(339)) - No SessionScavenger set, using defaults
2022-08-02 00:59:08,946 [Listener at 127.0.0.1/34881] INFO  server.session (HouseKeeper.java:startScavenging(132)) - node0 Scavenging every 660000ms
2022-08-02 00:59:08,946 [Listener at 127.0.0.1/34881] INFO  handler.ContextHandler (ContextHandler.java:doStart(915)) - Started o.e.j.s.ServletContextHandler@19ce7420{logs,/logs,file:///home/runner/work/ozone/ozone/hadoop-ozone/integration-test/target/log,AVAILABLE}
2022-08-02 00:59:08,947 [Listener at 127.0.0.1/34881] INFO  handler.ContextHandler (ContextHandler.java:doStart(915)) - Started o.e.j.s.ServletContextHandler@2fa03f5f{static,/static,jar:file:/home/runner/.m2/repository/org/apache/ozone/hdds-container-service/1.3.0-SNAPSHOT/hdds-container-service-1.3.0-SNAPSHOT.jar!/webapps/static,AVAILABLE}
2022-08-02 00:59:09,063 [ReplicationMonitor] INFO  replication.ReplicationManager (ReplicationManager.java:processAll(249)) - Replication Manager is not ready to run until 3000ms after safemode exit
2022-08-02 00:59:09,110 [Listener at 127.0.0.1/34881] INFO  handler.ContextHandler (ContextHandler.java:doStart(915)) - Started o.e.j.w.WebAppContext@616f961a{hddsDatanode,/,file:///tmp/jetty-0_0_0_0-33231-hdds-container-service-1_3_0-SNAPSHOT_jar-_-any-1126992191994481256/webapp/,AVAILABLE}{jar:file:/home/runner/.m2/repository/org/apache/ozone/hdds-container-service/1.3.0-SNAPSHOT/hdds-container-service-1.3.0-SNAPSHOT.jar!/webapps/hddsDatanode}
2022-08-02 00:59:09,111 [Listener at 127.0.0.1/34881] INFO  server.AbstractConnector (AbstractConnector.java:doStart(331)) - Started ServerConnector@7fbec379{HTTP/1.1, (http/1.1)}{0.0.0.0:33231}
2022-08-02 00:59:09,111 [Listener at 127.0.0.1/34881] INFO  server.Server (Server.java:doStart(415)) - Started @9154ms
2022-08-02 00:59:09,111 [Listener at 127.0.0.1/34881] WARN  impl.MetricsSystemImpl (MetricsSystemImpl.java:register(279)) - Sink prometheus already exists!
2022-08-02 00:59:09,112 [Listener at 127.0.0.1/34881] INFO  http.BaseHttpServer (BaseHttpServer.java:updateConnectorAddress(329)) - HTTP server of hddsDatanode listening at http://0.0.0.0:33231
2022-08-02 00:59:09,113 [Datanode State Machine Daemon Thread] INFO  statemachine.DatanodeStateMachine (DatanodeStateMachine.java:lambda$startDaemon$0(492)) - Ozone container server started.
2022-08-02 00:59:09,114 [Listener at 127.0.0.1/34881] INFO  ozone.MiniOzoneClusterImpl (MiniOzoneClusterImpl.java:lambda$waitForClusterToBeReady$0(216)) - Waiting for nodes to be ready. Got 0 of 5 DN Heartbeats.
2022-08-02 00:59:09,121 [Listener at 127.0.0.1/34881] INFO  ozone.MiniOzoneClusterImpl (MiniOzoneClusterImpl.java:lambda$waitForClusterToBeReady$0(219)) - Waiting for cluster to exit safe mode
2022-08-02 00:59:09,121 [Listener at 127.0.0.1/34881] INFO  ozone.MiniOzoneClusterImpl (MiniOzoneClusterImpl.java:lambda$waitForClusterToBeReady$0(221)) - SCM became leader
2022-08-02 00:59:09,149 [org.apache.hadoop.util.JvmPauseMonitor$Monitor@5cb31c04] INFO  util.JvmPauseMonitor (JvmPauseMonitor.java:run(188)) - Starting JVM pause monitor
2022-08-02 00:59:09,152 [Datanode State Machine Task Thread - 0] INFO  datanode.InitDatanodeState (InitDatanodeState.java:persistContainerDatanodeDetails(138)) - DatanodeDetails is persisted to /home/runner/work/ozone/ozone/hadoop-ozone/integration-test/target/test-dir/MiniOzoneClusterImpl-5354faea-c150-4163-8100-b2f9ddc2915f/datanode-4/meta/datanode.id
2022-08-02 00:59:09,806 [EndpointStateMachine task thread for /0.0.0.0:36037 - 0 ] INFO  volume.HddsVolume (HddsVolume.java:createDbStore(309)) - SchemaV3 db is created and loaded at /home/runner/work/ozone/ozone/hadoop-ozone/integration-test/target/test-dir/MiniOzoneClusterImpl-5354faea-c150-4163-8100-b2f9ddc2915f/datanode-0/data-0/containers/hdds/5354faea-c150-4163-8100-b2f9ddc2915f/DS-245e98b3-5a21-4eb0-89e7-3637c9ddcd25/container.db for volume DS-245e98b3-5a21-4eb0-89e7-3637c9ddcd25
2022-08-02 00:59:09,809 [EndpointStateMachine task thread for /0.0.0.0:36037 - 0 ] INFO  volume.HddsVolume (HddsVolume.java:closeDbStore(340)) - SchemaV3 db is stopped at /home/runner/work/ozone/ozone/hadoop-ozone/integration-test/target/test-dir/MiniOzoneClusterImpl-5354faea-c150-4163-8100-b2f9ddc2915f/datanode-0/data-0/containers/hdds/5354faea-c150-4163-8100-b2f9ddc2915f/DS-245e98b3-5a21-4eb0-89e7-3637c9ddcd25/container.db for volume DS-245e98b3-5a21-4eb0-89e7-3637c9ddcd25
2022-08-02 00:59:09,810 [EndpointStateMachine task thread for /0.0.0.0:36037 - 0 ] INFO  ozoneimpl.OzoneContainer (OzoneContainer.java:start(377)) - Attempting to start container services.
2022-08-02 00:59:09,811 [EndpointStateMachine task thread for /0.0.0.0:36037 - 0 ] INFO  ozoneimpl.OzoneContainer (OzoneContainer.java:startContainerScrub(312)) - Background container scanner has been disabled.
2022-08-02 00:59:09,813 [EndpointStateMachine task thread for /0.0.0.0:36037 - 0 ] INFO  replication.ReplicationServer (ReplicationServer.java:start(111)) - ReplicationServer is started using port 42177
2022-08-02 00:59:09,815 [EndpointStateMachine task thread for /0.0.0.0:36037 - 0 ] INFO  ratis.XceiverServerRatis (XceiverServerRatis.java:start(481)) - Starting XceiverServerRatis d5e157d4-c297-43f4-abaf-f908afa77c91
2022-08-02 00:59:09,816 [EndpointStateMachine task thread for /0.0.0.0:36037 - 0 ] INFO  server.RaftServer (RaftServerProxy.java:lambda$start$6(382)) - d5e157d4-c297-43f4-abaf-f908afa77c91: start RPC server
2022-08-02 00:59:09,818 [EndpointStateMachine task thread for /0.0.0.0:36037 - 0 ] INFO  server.GrpcService (GrpcService.java:startImpl(260)) - d5e157d4-c297-43f4-abaf-f908afa77c91: GrpcService started, listening on 38773
2022-08-02 00:59:09,818 [EndpointStateMachine task thread for /0.0.0.0:36037 - 0 ] INFO  ratis.XceiverServerRatis (XceiverServerRatis.java:getRealPort(502)) - XceiverServerRatis d5e157d4-c297-43f4-abaf-f908afa77c91 is started using port 38773 for RATIS
2022-08-02 00:59:09,819 [EndpointStateMachine task thread for /0.0.0.0:36037 - 0 ] INFO  ratis.XceiverServerRatis (XceiverServerRatis.java:getRealPort(502)) - XceiverServerRatis d5e157d4-c297-43f4-abaf-f908afa77c91 is started using port 38773 for RATIS_ADMIN
2022-08-02 00:59:09,819 [EndpointStateMachine task thread for /0.0.0.0:36037 - 0 ] INFO  ratis.XceiverServerRatis (XceiverServerRatis.java:getRealPort(502)) - XceiverServerRatis d5e157d4-c297-43f4-abaf-f908afa77c91 is started using port 38773 for RATIS_SERVER
2022-08-02 00:59:09,819 [org.apache.ratis.util.JvmPauseMonitor$$Lambda$631/1000159038@1aec1c5a] INFO  util.JvmPauseMonitor (JvmPauseMonitor.java:run(103)) - JvmPauseMonitor-d5e157d4-c297-43f4-abaf-f908afa77c91: Started
2022-08-02 00:59:09,826 [EndpointStateMachine task thread for /0.0.0.0:36037 - 0 ] INFO  server.XceiverServerGrpc (XceiverServerGrpc.java:start(180)) - XceiverServerGrpc d5e157d4-c297-43f4-abaf-f908afa77c91 is started using port 42107
2022-08-02 00:59:10,064 [ReplicationMonitor] INFO  replication.ReplicationManager (ReplicationManager.java:processAll(249)) - Replication Manager is not ready to run until 3000ms after safemode exit
2022-08-02 00:59:10,122 [Listener at 127.0.0.1/34881] INFO  ozone.MiniOzoneClusterImpl (MiniOzoneClusterImpl.java:lambda$waitForClusterToBeReady$0(216)) - Waiting for nodes to be ready. Got 0 of 5 DN Heartbeats.
2022-08-02 00:59:10,122 [Listener at 127.0.0.1/34881] INFO  ozone.MiniOzoneClusterImpl (MiniOzoneClusterImpl.java:lambda$waitForClusterToBeReady$0(219)) - Waiting for cluster to exit safe mode
2022-08-02 00:59:10,122 [Listener at 127.0.0.1/34881] INFO  ozone.MiniOzoneClusterImpl (MiniOzoneClusterImpl.java:lambda$waitForClusterToBeReady$0(221)) - SCM became leader
2022-08-02 00:59:10,247 [EndpointStateMachine task thread for /0.0.0.0:36037 - 0 ] INFO  volume.HddsVolume (HddsVolume.java:createDbStore(309)) - SchemaV3 db is created and loaded at /home/runner/work/ozone/ozone/hadoop-ozone/integration-test/target/test-dir/MiniOzoneClusterImpl-5354faea-c150-4163-8100-b2f9ddc2915f/datanode-1/data-0/containers/hdds/5354faea-c150-4163-8100-b2f9ddc2915f/DS-87e5d3d0-6bd5-4e19-aab5-14eb395a748b/container.db for volume DS-87e5d3d0-6bd5-4e19-aab5-14eb395a748b
2022-08-02 00:59:10,247 [EndpointStateMachine task thread for /0.0.0.0:36037 - 0 ] INFO  volume.HddsVolume (HddsVolume.java:closeDbStore(340)) - SchemaV3 db is stopped at /home/runner/work/ozone/ozone/hadoop-ozone/integration-test/target/test-dir/MiniOzoneClusterImpl-5354faea-c150-4163-8100-b2f9ddc2915f/datanode-1/data-0/containers/hdds/5354faea-c150-4163-8100-b2f9ddc2915f/DS-87e5d3d0-6bd5-4e19-aab5-14eb395a748b/container.db for volume DS-87e5d3d0-6bd5-4e19-aab5-14eb395a748b
2022-08-02 00:59:10,248 [EndpointStateMachine task thread for /0.0.0.0:36037 - 0 ] INFO  ozoneimpl.OzoneContainer (OzoneContainer.java:start(377)) - Attempting to start container services.
2022-08-02 00:59:10,248 [EndpointStateMachine task thread for /0.0.0.0:36037 - 0 ] INFO  ozoneimpl.OzoneContainer (OzoneContainer.java:startContainerScrub(312)) - Background container scanner has been disabled.
2022-08-02 00:59:10,249 [EndpointStateMachine task thread for /0.0.0.0:36037 - 0 ] INFO  replication.ReplicationServer (ReplicationServer.java:start(111)) - ReplicationServer is started using port 46367
2022-08-02 00:59:10,250 [EndpointStateMachine task thread for /0.0.0.0:36037 - 0 ] INFO  ratis.XceiverServerRatis (XceiverServerRatis.java:start(481)) - Starting XceiverServerRatis cb600bcf-1c2f-4aa5-b6e8-6d568f165d12
2022-08-02 00:59:10,251 [EndpointStateMachine task thread for /0.0.0.0:36037 - 0 ] INFO  server.RaftServer (RaftServerProxy.java:lambda$start$6(382)) - cb600bcf-1c2f-4aa5-b6e8-6d568f165d12: start RPC server
2022-08-02 00:59:10,252 [EndpointStateMachine task thread for /0.0.0.0:36037 - 0 ] INFO  server.GrpcService (GrpcService.java:startImpl(260)) - cb600bcf-1c2f-4aa5-b6e8-6d568f165d12: GrpcService started, listening on 38085
2022-08-02 00:59:10,253 [EndpointStateMachine task thread for /0.0.0.0:36037 - 0 ] INFO  ratis.XceiverServerRatis (XceiverServerRatis.java:getRealPort(502)) - XceiverServerRatis cb600bcf-1c2f-4aa5-b6e8-6d568f165d12 is started using port 38085 for RATIS
2022-08-02 00:59:10,253 [EndpointStateMachine task thread for /0.0.0.0:36037 - 0 ] INFO  ratis.XceiverServerRatis (XceiverServerRatis.java:getRealPort(502)) - XceiverServerRatis cb600bcf-1c2f-4aa5-b6e8-6d568f165d12 is started using port 38085 for RATIS_ADMIN
2022-08-02 00:59:10,253 [org.apache.ratis.util.JvmPauseMonitor$$Lambda$631/1000159038@105b6c2b] INFO  util.JvmPauseMonitor (JvmPauseMonitor.java:run(103)) - JvmPauseMonitor-cb600bcf-1c2f-4aa5-b6e8-6d568f165d12: Started
2022-08-02 00:59:10,253 [EndpointStateMachine task thread for /0.0.0.0:36037 - 0 ] INFO  ratis.XceiverServerRatis (XceiverServerRatis.java:getRealPort(502)) - XceiverServerRatis cb600bcf-1c2f-4aa5-b6e8-6d568f165d12 is started using port 38085 for RATIS_SERVER
2022-08-02 00:59:10,254 [EndpointStateMachine task thread for /0.0.0.0:36037 - 0 ] INFO  server.XceiverServerGrpc (XceiverServerGrpc.java:start(180)) - XceiverServerGrpc cb600bcf-1c2f-4aa5-b6e8-6d568f165d12 is started using port 38847
2022-08-02 00:59:10,576 [EndpointStateMachine task thread for /0.0.0.0:36037 - 0 ] INFO  volume.HddsVolume (HddsVolume.java:createDbStore(309)) - SchemaV3 db is created and loaded at /home/runner/work/ozone/ozone/hadoop-ozone/integration-test/target/test-dir/MiniOzoneClusterImpl-5354faea-c150-4163-8100-b2f9ddc2915f/datanode-2/data-0/containers/hdds/5354faea-c150-4163-8100-b2f9ddc2915f/DS-6565a495-7d33-4173-916e-a6eb8c49d93e/container.db for volume DS-6565a495-7d33-4173-916e-a6eb8c49d93e
2022-08-02 00:59:10,577 [EndpointStateMachine task thread for /0.0.0.0:36037 - 0 ] INFO  volume.HddsVolume (HddsVolume.java:closeDbStore(340)) - SchemaV3 db is stopped at /home/runner/work/ozone/ozone/hadoop-ozone/integration-test/target/test-dir/MiniOzoneClusterImpl-5354faea-c150-4163-8100-b2f9ddc2915f/datanode-2/data-0/containers/hdds/5354faea-c150-4163-8100-b2f9ddc2915f/DS-6565a495-7d33-4173-916e-a6eb8c49d93e/container.db for volume DS-6565a495-7d33-4173-916e-a6eb8c49d93e
2022-08-02 00:59:10,577 [EndpointStateMachine task thread for /0.0.0.0:36037 - 0 ] INFO  ozoneimpl.OzoneContainer (OzoneContainer.java:start(377)) - Attempting to start container services.
2022-08-02 00:59:10,577 [EndpointStateMachine task thread for /0.0.0.0:36037 - 0 ] INFO  ozoneimpl.OzoneContainer (OzoneContainer.java:startContainerScrub(312)) - Background container scanner has been disabled.
2022-08-02 00:59:10,581 [EndpointStateMachine task thread for /0.0.0.0:36037 - 0 ] INFO  replication.ReplicationServer (ReplicationServer.java:start(111)) - ReplicationServer is started using port 38631
2022-08-02 00:59:10,581 [EndpointStateMachine task thread for /0.0.0.0:36037 - 0 ] INFO  ratis.XceiverServerRatis (XceiverServerRatis.java:start(481)) - Starting XceiverServerRatis 633d7359-78ed-48fa-bcb6-047663da1e29
2022-08-02 00:59:10,582 [EndpointStateMachine task thread for /0.0.0.0:36037 - 0 ] INFO  server.RaftServer (RaftServerProxy.java:lambda$start$6(382)) - 633d7359-78ed-48fa-bcb6-047663da1e29: start RPC server
2022-08-02 00:59:10,583 [EndpointStateMachine task thread for /0.0.0.0:36037 - 0 ] INFO  server.GrpcService (GrpcService.java:startImpl(260)) - 633d7359-78ed-48fa-bcb6-047663da1e29: GrpcService started, listening on 44705
2022-08-02 00:59:10,584 [EndpointStateMachine task thread for /0.0.0.0:36037 - 0 ] INFO  ratis.XceiverServerRatis (XceiverServerRatis.java:getRealPort(502)) - XceiverServerRatis 633d7359-78ed-48fa-bcb6-047663da1e29 is started using port 44705 for RATIS
2022-08-02 00:59:10,584 [EndpointStateMachine task thread for /0.0.0.0:36037 - 0 ] INFO  ratis.XceiverServerRatis (XceiverServerRatis.java:getRealPort(502)) - XceiverServerRatis 633d7359-78ed-48fa-bcb6-047663da1e29 is started using port 44705 for RATIS_ADMIN
2022-08-02 00:59:10,584 [EndpointStateMachine task thread for /0.0.0.0:36037 - 0 ] INFO  ratis.XceiverServerRatis (XceiverServerRatis.java:getRealPort(502)) - XceiverServerRatis 633d7359-78ed-48fa-bcb6-047663da1e29 is started using port 44705 for RATIS_SERVER
2022-08-02 00:59:10,584 [org.apache.ratis.util.JvmPauseMonitor$$Lambda$631/1000159038@2c6f10b8] INFO  util.JvmPauseMonitor (JvmPauseMonitor.java:run(103)) - JvmPauseMonitor-633d7359-78ed-48fa-bcb6-047663da1e29: Started
2022-08-02 00:59:10,586 [EndpointStateMachine task thread for /0.0.0.0:36037 - 0 ] INFO  server.XceiverServerGrpc (XceiverServerGrpc.java:start(180)) - XceiverServerGrpc 633d7359-78ed-48fa-bcb6-047663da1e29 is started using port 38683
2022-08-02 00:59:10,864 [EndpointStateMachine task thread for /0.0.0.0:36037 - 0 ] INFO  volume.HddsVolume (HddsVolume.java:createDbStore(309)) - SchemaV3 db is created and loaded at /home/runner/work/ozone/ozone/hadoop-ozone/integration-test/target/test-dir/MiniOzoneClusterImpl-5354faea-c150-4163-8100-b2f9ddc2915f/datanode-3/data-0/containers/hdds/5354faea-c150-4163-8100-b2f9ddc2915f/DS-8ab61061-ffef-4c36-b356-5fe5422e30b2/container.db for volume DS-8ab61061-ffef-4c36-b356-5fe5422e30b2
2022-08-02 00:59:10,864 [EndpointStateMachine task thread for /0.0.0.0:36037 - 0 ] INFO  volume.HddsVolume (HddsVolume.java:closeDbStore(340)) - SchemaV3 db is stopped at /home/runner/work/ozone/ozone/hadoop-ozone/integration-test/target/test-dir/MiniOzoneClusterImpl-5354faea-c150-4163-8100-b2f9ddc2915f/datanode-3/data-0/containers/hdds/5354faea-c150-4163-8100-b2f9ddc2915f/DS-8ab61061-ffef-4c36-b356-5fe5422e30b2/container.db for volume DS-8ab61061-ffef-4c36-b356-5fe5422e30b2
2022-08-02 00:59:10,864 [EndpointStateMachine task thread for /0.0.0.0:36037 - 0 ] INFO  ozoneimpl.OzoneContainer (OzoneContainer.java:start(377)) - Attempting to start container services.
2022-08-02 00:59:10,864 [EndpointStateMachine task thread for /0.0.0.0:36037 - 0 ] INFO  ozoneimpl.OzoneContainer (OzoneContainer.java:startContainerScrub(312)) - Background container scanner has been disabled.
2022-08-02 00:59:10,866 [EndpointStateMachine task thread for /0.0.0.0:36037 - 0 ] INFO  replication.ReplicationServer (ReplicationServer.java:start(111)) - ReplicationServer is started using port 38827
2022-08-02 00:59:10,866 [EndpointStateMachine task thread for /0.0.0.0:36037 - 0 ] INFO  ratis.XceiverServerRatis (XceiverServerRatis.java:start(481)) - Starting XceiverServerRatis 745fb3ed-7598-48f6-8d50-527171c84407
2022-08-02 00:59:10,867 [EndpointStateMachine task thread for /0.0.0.0:36037 - 0 ] INFO  server.RaftServer (RaftServerProxy.java:lambda$start$6(382)) - 745fb3ed-7598-48f6-8d50-527171c84407: start RPC server
2022-08-02 00:59:10,868 [EndpointStateMachine task thread for /0.0.0.0:36037 - 0 ] INFO  server.GrpcService (GrpcService.java:startImpl(260)) - 745fb3ed-7598-48f6-8d50-527171c84407: GrpcService started, listening on 37527
2022-08-02 00:59:10,868 [EndpointStateMachine task thread for /0.0.0.0:36037 - 0 ] INFO  ratis.XceiverServerRatis (XceiverServerRatis.java:getRealPort(502)) - XceiverServerRatis 745fb3ed-7598-48f6-8d50-527171c84407 is started using port 37527 for RATIS
2022-08-02 00:59:10,868 [EndpointStateMachine task thread for /0.0.0.0:36037 - 0 ] INFO  ratis.XceiverServerRatis (XceiverServerRatis.java:getRealPort(502)) - XceiverServerRatis 745fb3ed-7598-48f6-8d50-527171c84407 is started using port 37527 for RATIS_ADMIN
2022-08-02 00:59:10,868 [EndpointStateMachine task thread for /0.0.0.0:36037 - 0 ] INFO  ratis.XceiverServerRatis (XceiverServerRatis.java:getRealPort(502)) - XceiverServerRatis 745fb3ed-7598-48f6-8d50-527171c84407 is started using port 37527 for RATIS_SERVER
2022-08-02 00:59:10,869 [org.apache.ratis.util.JvmPauseMonitor$$Lambda$631/1000159038@155a30b9] INFO  util.JvmPauseMonitor (JvmPauseMonitor.java:run(103)) - JvmPauseMonitor-745fb3ed-7598-48f6-8d50-527171c84407: Started
2022-08-02 00:59:10,872 [EndpointStateMachine task thread for /0.0.0.0:36037 - 0 ] INFO  server.XceiverServerGrpc (XceiverServerGrpc.java:start(180)) - XceiverServerGrpc 745fb3ed-7598-48f6-8d50-527171c84407 is started using port 44121
2022-08-02 00:59:11,064 [ReplicationMonitor] INFO  replication.ReplicationManager (ReplicationManager.java:processAll(249)) - Replication Manager is not ready to run until 3000ms after safemode exit
2022-08-02 00:59:11,122 [Listener at 127.0.0.1/34881] INFO  ozone.MiniOzoneClusterImpl (MiniOzoneClusterImpl.java:lambda$waitForClusterToBeReady$0(216)) - Waiting for nodes to be ready. Got 0 of 5 DN Heartbeats.
2022-08-02 00:59:11,122 [Listener at 127.0.0.1/34881] INFO  ozone.MiniOzoneClusterImpl (MiniOzoneClusterImpl.java:lambda$waitForClusterToBeReady$0(219)) - Waiting for cluster to exit safe mode
2022-08-02 00:59:11,123 [Listener at 127.0.0.1/34881] INFO  ozone.MiniOzoneClusterImpl (MiniOzoneClusterImpl.java:lambda$waitForClusterToBeReady$0(221)) - SCM became leader
2022-08-02 00:59:11,188 [EndpointStateMachine task thread for /0.0.0.0:36037 - 0 ] INFO  volume.HddsVolume (HddsVolume.java:createDbStore(309)) - SchemaV3 db is created and loaded at /home/runner/work/ozone/ozone/hadoop-ozone/integration-test/target/test-dir/MiniOzoneClusterImpl-5354faea-c150-4163-8100-b2f9ddc2915f/datanode-4/data-0/containers/hdds/5354faea-c150-4163-8100-b2f9ddc2915f/DS-c7885551-978b-4ed5-8688-8b7ff94a06c0/container.db for volume DS-c7885551-978b-4ed5-8688-8b7ff94a06c0
2022-08-02 00:59:11,189 [EndpointStateMachine task thread for /0.0.0.0:36037 - 0 ] INFO  volume.HddsVolume (HddsVolume.java:closeDbStore(340)) - SchemaV3 db is stopped at /home/runner/work/ozone/ozone/hadoop-ozone/integration-test/target/test-dir/MiniOzoneClusterImpl-5354faea-c150-4163-8100-b2f9ddc2915f/datanode-4/data-0/containers/hdds/5354faea-c150-4163-8100-b2f9ddc2915f/DS-c7885551-978b-4ed5-8688-8b7ff94a06c0/container.db for volume DS-c7885551-978b-4ed5-8688-8b7ff94a06c0
2022-08-02 00:59:11,189 [EndpointStateMachine task thread for /0.0.0.0:36037 - 0 ] INFO  ozoneimpl.OzoneContainer (OzoneContainer.java:start(377)) - Attempting to start container services.
2022-08-02 00:59:11,189 [EndpointStateMachine task thread for /0.0.0.0:36037 - 0 ] INFO  ozoneimpl.OzoneContainer (OzoneContainer.java:startContainerScrub(312)) - Background container scanner has been disabled.
2022-08-02 00:59:11,191 [EndpointStateMachine task thread for /0.0.0.0:36037 - 0 ] INFO  replication.ReplicationServer (ReplicationServer.java:start(111)) - ReplicationServer is started using port 36545
2022-08-02 00:59:11,192 [EndpointStateMachine task thread for /0.0.0.0:36037 - 0 ] INFO  ratis.XceiverServerRatis (XceiverServerRatis.java:start(481)) - Starting XceiverServerRatis 3670ff39-8d21-4c07-ba78-00a70db193ce
2022-08-02 00:59:11,193 [EndpointStateMachine task thread for /0.0.0.0:36037 - 0 ] INFO  server.RaftServer (RaftServerProxy.java:lambda$start$6(382)) - 3670ff39-8d21-4c07-ba78-00a70db193ce: start RPC server
2022-08-02 00:59:11,194 [EndpointStateMachine task thread for /0.0.0.0:36037 - 0 ] INFO  server.GrpcService (GrpcService.java:startImpl(260)) - 3670ff39-8d21-4c07-ba78-00a70db193ce: GrpcService started, listening on 43053
2022-08-02 00:59:11,194 [EndpointStateMachine task thread for /0.0.0.0:36037 - 0 ] INFO  ratis.XceiverServerRatis (XceiverServerRatis.java:getRealPort(502)) - XceiverServerRatis 3670ff39-8d21-4c07-ba78-00a70db193ce is started using port 43053 for RATIS
2022-08-02 00:59:11,194 [EndpointStateMachine task thread for /0.0.0.0:36037 - 0 ] INFO  ratis.XceiverServerRatis (XceiverServerRatis.java:getRealPort(502)) - XceiverServerRatis 3670ff39-8d21-4c07-ba78-00a70db193ce is started using port 43053 for RATIS_ADMIN
2022-08-02 00:59:11,194 [EndpointStateMachine task thread for /0.0.0.0:36037 - 0 ] INFO  ratis.XceiverServerRatis (XceiverServerRatis.java:getRealPort(502)) - XceiverServerRatis 3670ff39-8d21-4c07-ba78-00a70db193ce is started using port 43053 for RATIS_SERVER
2022-08-02 00:59:11,195 [org.apache.ratis.util.JvmPauseMonitor$$Lambda$631/1000159038@654c8234] INFO  util.JvmPauseMonitor (JvmPauseMonitor.java:run(103)) - JvmPauseMonitor-3670ff39-8d21-4c07-ba78-00a70db193ce: Started
2022-08-02 00:59:11,198 [EndpointStateMachine task thread for /0.0.0.0:36037 - 0 ] INFO  server.XceiverServerGrpc (XceiverServerGrpc.java:start(180)) - XceiverServerGrpc 3670ff39-8d21-4c07-ba78-00a70db193ce is started using port 46445
2022-08-02 00:59:11,725 [IPC Server handler 2 on default port 36037] INFO  net.NetworkTopologyImpl (NetworkTopologyImpl.java:add(112)) - Added a new node: /default-rack/d5e157d4-c297-43f4-abaf-f908afa77c91
2022-08-02 00:59:11,727 [IPC Server handler 2 on default port 36037] INFO  node.SCMNodeManager (SCMNodeManager.java:register(397)) - Registered Data node : d5e157d4-c297-43f4-abaf-f908afa77c91{ip: 10.1.0.31, host: fv-az164-385.acqy4frhnxdelaro313li45hge.dx.internal.cloudapp.net, ports: [REPLICATION=42177, RATIS=38773, RATIS_ADMIN=38773, RATIS_SERVER=38773, STANDALONE=42107], networkLocation: /default-rack, certSerialId: null, persistedOpState: null, persistedOpStateExpiryEpochSec: 0}
2022-08-02 00:59:11,731 [EventQueue-NewNodeForNewNodeHandler] INFO  pipeline.BackgroundPipelineCreator (BackgroundPipelineCreator.java:notifyEventTriggered(276)) - trigger a one-shot run on RatisPipelineUtilsThread.
2022-08-02 00:59:11,740 [RatisPipelineUtilsThread - 0] INFO  pipeline.RatisPipelineProvider (RatisPipelineProvider.java:lambda$create$0(195)) - Sending CreatePipelineCommand for pipeline:PipelineID=9aaebdd1-80d8-4ffc-a836-a0b66a08dbfe to datanode:d5e157d4-c297-43f4-abaf-f908afa77c91
2022-08-02 00:59:11,740 [EventQueue-NodeRegistrationContainerReportForDataNodeSafeModeRule] INFO  safemode.SCMSafeModeManager (DataNodeSafeModeRule.java:process(71)) - SCM in safe mode. 1 DataNodes registered, 3 required.
2022-08-02 00:59:11,741 [EventQueue-NodeRegistrationContainerReportForContainerSafeModeRule] INFO  safemode.SCMSafeModeManager (SCMSafeModeManager.java:validateSafeModeExitRules(204)) - ContainerSafeModeRule rule is successfully validated
2022-08-02 00:59:11,741 [EventQueue-PipelineReportForOneReplicaPipelineSafeModeRule] INFO  safemode.SCMSafeModeManager (SCMSafeModeManager.java:validateSafeModeExitRules(204)) - AtleastOneDatanodeReportedRule rule is successfully validated
2022-08-02 00:59:11,754 [RatisPipelineUtilsThread - 0] INFO  pipeline.PipelineStateManagerImpl (PipelineStateManagerImpl.java:addPipeline(103)) - Created pipeline Pipeline[ Id: 9aaebdd1-80d8-4ffc-a836-a0b66a08dbfe, Nodes: d5e157d4-c297-43f4-abaf-f908afa77c91{ip: 10.1.0.31, host: fv-az164-385.acqy4frhnxdelaro313li45hge.dx.internal.cloudapp.net, ports: [REPLICATION=42177, RATIS=38773, RATIS_ADMIN=38773, RATIS_SERVER=38773, STANDALONE=42107], networkLocation: /default-rack, certSerialId: null, persistedOpState: IN_SERVICE, persistedOpStateExpiryEpochSec: 0}, ReplicationConfig: RATIS/ONE, State:ALLOCATED, leaderId:, CreationTimestamp2022-08-02T00:59:11.737Z[Etc/UTC]].
2022-08-02 00:59:12,065 [ReplicationMonitor] INFO  replication.ReplicationManager (ReplicationManager.java:processAll(249)) - Replication Manager is not ready to run until 3000ms after safemode exit
2022-08-02 00:59:12,123 [Listener at 127.0.0.1/34881] INFO  ozone.MiniOzoneClusterImpl (MiniOzoneClusterImpl.java:lambda$waitForClusterToBeReady$0(216)) - Waiting for nodes to be ready. Got 1 of 5 DN Heartbeats.
2022-08-02 00:59:12,124 [Listener at 127.0.0.1/34881] INFO  ozone.MiniOzoneClusterImpl (MiniOzoneClusterImpl.java:lambda$waitForClusterToBeReady$0(219)) - Waiting for cluster to exit safe mode
2022-08-02 00:59:12,124 [Listener at 127.0.0.1/34881] INFO  ozone.MiniOzoneClusterImpl (MiniOzoneClusterImpl.java:lambda$waitForClusterToBeReady$0(221)) - SCM became leader
2022-08-02 00:59:12,199 [IPC Server handler 1 on default port 36037] INFO  net.NetworkTopologyImpl (NetworkTopologyImpl.java:add(112)) - Added a new node: /default-rack/cb600bcf-1c2f-4aa5-b6e8-6d568f165d12
2022-08-02 00:59:12,199 [IPC Server handler 1 on default port 36037] INFO  node.SCMNodeManager (SCMNodeManager.java:register(397)) - Registered Data node : cb600bcf-1c2f-4aa5-b6e8-6d568f165d12{ip: 10.1.0.31, host: fv-az164-385.acqy4frhnxdelaro313li45hge.dx.internal.cloudapp.net, ports: [REPLICATION=46367, RATIS=38085, RATIS_ADMIN=38085, RATIS_SERVER=38085, STANDALONE=38847], networkLocation: /default-rack, certSerialId: null, persistedOpState: null, persistedOpStateExpiryEpochSec: 0}
2022-08-02 00:59:12,200 [EventQueue-NewNodeForNewNodeHandler] INFO  pipeline.BackgroundPipelineCreator (BackgroundPipelineCreator.java:notifyEventTriggered(276)) - trigger a one-shot run on RatisPipelineUtilsThread.
2022-08-02 00:59:12,200 [EventQueue-NodeRegistrationContainerReportForDataNodeSafeModeRule] INFO  safemode.SCMSafeModeManager (DataNodeSafeModeRule.java:process(71)) - SCM in safe mode. 2 DataNodes registered, 3 required.
2022-08-02 00:59:12,201 [RatisPipelineUtilsThread - 0] INFO  pipeline.RatisPipelineProvider (RatisPipelineProvider.java:lambda$create$0(195)) - Sending CreatePipelineCommand for pipeline:PipelineID=392f05cb-2b44-49ab-ab6e-4d4837cab090 to datanode:cb600bcf-1c2f-4aa5-b6e8-6d568f165d12
2022-08-02 00:59:12,202 [RatisPipelineUtilsThread - 0] INFO  pipeline.PipelineStateManagerImpl (PipelineStateManagerImpl.java:addPipeline(103)) - Created pipeline Pipeline[ Id: 392f05cb-2b44-49ab-ab6e-4d4837cab090, Nodes: cb600bcf-1c2f-4aa5-b6e8-6d568f165d12{ip: 10.1.0.31, host: fv-az164-385.acqy4frhnxdelaro313li45hge.dx.internal.cloudapp.net, ports: [REPLICATION=46367, RATIS=38085, RATIS_ADMIN=38085, RATIS_SERVER=38085, STANDALONE=38847], networkLocation: /default-rack, certSerialId: null, persistedOpState: IN_SERVICE, persistedOpStateExpiryEpochSec: 0}, ReplicationConfig: RATIS/ONE, State:ALLOCATED, leaderId:, CreationTimestamp2022-08-02T00:59:12.201Z[Etc/UTC]].
2022-08-02 00:59:12,536 [IPC Server handler 2 on default port 36037] INFO  net.NetworkTopologyImpl (NetworkTopologyImpl.java:add(112)) - Added a new node: /default-rack/633d7359-78ed-48fa-bcb6-047663da1e29
2022-08-02 00:59:12,537 [IPC Server handler 2 on default port 36037] INFO  node.SCMNodeManager (SCMNodeManager.java:register(397)) - Registered Data node : 633d7359-78ed-48fa-bcb6-047663da1e29{ip: 10.1.0.31, host: fv-az164-385.acqy4frhnxdelaro313li45hge.dx.internal.cloudapp.net, ports: [REPLICATION=38631, RATIS=44705, RATIS_ADMIN=44705, RATIS_SERVER=44705, STANDALONE=38683], networkLocation: /default-rack, certSerialId: null, persistedOpState: null, persistedOpStateExpiryEpochSec: 0}
2022-08-02 00:59:12,537 [EventQueue-NewNodeForNewNodeHandler] INFO  pipeline.BackgroundPipelineCreator (BackgroundPipelineCreator.java:notifyEventTriggered(276)) - trigger a one-shot run on RatisPipelineUtilsThread.
2022-08-02 00:59:12,538 [EventQueue-NodeRegistrationContainerReportForDataNodeSafeModeRule] INFO  safemode.SCMSafeModeManager (DataNodeSafeModeRule.java:process(71)) - SCM in safe mode. 3 DataNodes registered, 3 required.
2022-08-02 00:59:12,539 [EventQueue-NodeRegistrationContainerReportForDataNodeSafeModeRule] INFO  safemode.SCMSafeModeManager (SCMSafeModeManager.java:validateSafeModeExitRules(204)) - DataNodeSafeModeRule rule is successfully validated
2022-08-02 00:59:12,539 [EventQueue-NodeRegistrationContainerReportForDataNodeSafeModeRule] INFO  safemode.SCMSafeModeManager (SCMSafeModeManager.java:completePreCheck(233)) - All SCM safe mode pre check rules have passed
2022-08-02 00:59:12,539 [EventQueue-NodeRegistrationContainerReportForDataNodeSafeModeRule] WARN  events.EventQueue (EventQueue.java:fireEvent(216)) - No event handler registered for event TypedEvent{payloadType=SafeModeStatus, name='Safe mode status'}
2022-08-02 00:59:12,539 [EventQueue-NodeRegistrationContainerReportForDataNodeSafeModeRule] INFO  ha.SCMContext (SCMContext.java:updateSafeModeStatus(228)) - Update SafeModeStatus from SafeModeStatus{safeModeStatus=true, preCheckPassed=false} to SafeModeStatus{safeModeStatus=true, preCheckPassed=true}.
2022-08-02 00:59:12,539 [EventQueue-NodeRegistrationContainerReportForDataNodeSafeModeRule] INFO  pipeline.BackgroundPipelineCreator (BackgroundPipelineCreator.java:notifyEventTriggered(276)) - trigger a one-shot run on RatisPipelineUtilsThread.
2022-08-02 00:59:12,539 [RatisPipelineUtilsThread - 0] INFO  pipeline.RatisPipelineProvider (RatisPipelineProvider.java:lambda$create$0(195)) - Sending CreatePipelineCommand for pipeline:PipelineID=c32ad145-6c30-4aab-89ac-59ff8890ac1d to datanode:633d7359-78ed-48fa-bcb6-047663da1e29
2022-08-02 00:59:12,540 [RatisPipelineUtilsThread - 0] INFO  pipeline.PipelineStateManagerImpl (PipelineStateManagerImpl.java:addPipeline(103)) - Created pipeline Pipeline[ Id: c32ad145-6c30-4aab-89ac-59ff8890ac1d, Nodes: 633d7359-78ed-48fa-bcb6-047663da1e29{ip: 10.1.0.31, host: fv-az164-385.acqy4frhnxdelaro313li45hge.dx.internal.cloudapp.net, ports: [REPLICATION=38631, RATIS=44705, RATIS_ADMIN=44705, RATIS_SERVER=44705, STANDALONE=38683], networkLocation: /default-rack, certSerialId: null, persistedOpState: IN_SERVICE, persistedOpStateExpiryEpochSec: 0}, ReplicationConfig: RATIS/ONE, State:ALLOCATED, leaderId:, CreationTimestamp2022-08-02T00:59:12.539Z[Etc/UTC]].
2022-08-02 00:59:12,543 [RatisPipelineUtilsThread - 0] INFO  pipeline.RatisPipelineProvider (RatisPipelineProvider.java:lambda$create$0(195)) - Sending CreatePipelineCommand for pipeline:PipelineID=5f17a4d3-824c-4efb-a137-4c838a462c10 to datanode:633d7359-78ed-48fa-bcb6-047663da1e29
2022-08-02 00:59:12,543 [RatisPipelineUtilsThread - 0] INFO  pipeline.RatisPipelineProvider (RatisPipelineProvider.java:lambda$create$0(195)) - Sending CreatePipelineCommand for pipeline:PipelineID=5f17a4d3-824c-4efb-a137-4c838a462c10 to datanode:d5e157d4-c297-43f4-abaf-f908afa77c91
2022-08-02 00:59:12,543 [RatisPipelineUtilsThread - 0] INFO  pipeline.RatisPipelineProvider (RatisPipelineProvider.java:lambda$create$0(195)) - Sending CreatePipelineCommand for pipeline:PipelineID=5f17a4d3-824c-4efb-a137-4c838a462c10 to datanode:cb600bcf-1c2f-4aa5-b6e8-6d568f165d12
2022-08-02 00:59:12,544 [RatisPipelineUtilsThread - 0] INFO  pipeline.PipelineStateManagerImpl (PipelineStateManagerImpl.java:addPipeline(103)) - Created pipeline Pipeline[ Id: 5f17a4d3-824c-4efb-a137-4c838a462c10, Nodes: 633d7359-78ed-48fa-bcb6-047663da1e29{ip: 10.1.0.31, host: fv-az164-385.acqy4frhnxdelaro313li45hge.dx.internal.cloudapp.net, ports: [REPLICATION=38631, RATIS=44705, RATIS_ADMIN=44705, RATIS_SERVER=44705, STANDALONE=38683], networkLocation: /default-rack, certSerialId: null, persistedOpState: IN_SERVICE, persistedOpStateExpiryEpochSec: 0}d5e157d4-c297-43f4-abaf-f908afa77c91{ip: 10.1.0.31, host: fv-az164-385.acqy4frhnxdelaro313li45hge.dx.internal.cloudapp.net, ports: [REPLICATION=42177, RATIS=38773, RATIS_ADMIN=38773, RATIS_SERVER=38773, STANDALONE=42107], networkLocation: /default-rack, certSerialId: null, persistedOpState: IN_SERVICE, persistedOpStateExpiryEpochSec: 0}cb600bcf-1c2f-4aa5-b6e8-6d568f165d12{ip: 10.1.0.31, host: fv-az164-385.acqy4frhnxdelaro313li45hge.dx.internal.cloudapp.net, ports: [REPLICATION=46367, RATIS=38085, RATIS_ADMIN=38085, RATIS_SERVER=38085, STANDALONE=38847], networkLocation: /default-rack, certSerialId: null, persistedOpState: IN_SERVICE, persistedOpStateExpiryEpochSec: 0}, ReplicationConfig: RATIS/THREE, State:ALLOCATED, leaderId:, CreationTimestamp2022-08-02T00:59:12.543Z[Etc/UTC]].
2022-08-02 00:59:12,828 [IPC Server handler 4 on default port 36037] INFO  net.NetworkTopologyImpl (NetworkTopologyImpl.java:add(112)) - Added a new node: /default-rack/745fb3ed-7598-48f6-8d50-527171c84407
2022-08-02 00:59:12,829 [IPC Server handler 4 on default port 36037] INFO  node.SCMNodeManager (SCMNodeManager.java:register(397)) - Registered Data node : 745fb3ed-7598-48f6-8d50-527171c84407{ip: 10.1.0.31, host: fv-az164-385.acqy4frhnxdelaro313li45hge.dx.internal.cloudapp.net, ports: [REPLICATION=38827, RATIS=37527, RATIS_ADMIN=37527, RATIS_SERVER=37527, STANDALONE=44121], networkLocation: /default-rack, certSerialId: null, persistedOpState: null, persistedOpStateExpiryEpochSec: 0}
2022-08-02 00:59:12,829 [EventQueue-NewNodeForNewNodeHandler] INFO  pipeline.BackgroundPipelineCreator (BackgroundPipelineCreator.java:notifyEventTriggered(276)) - trigger a one-shot run on RatisPipelineUtilsThread.
2022-08-02 00:59:12,830 [RatisPipelineUtilsThread - 0] INFO  pipeline.RatisPipelineProvider (RatisPipelineProvider.java:lambda$create$0(195)) - Sending CreatePipelineCommand for pipeline:PipelineID=23e25196-c9d6-44c0-8a93-b2e206ca8776 to datanode:745fb3ed-7598-48f6-8d50-527171c84407
2022-08-02 00:59:12,831 [RatisPipelineUtilsThread - 0] INFO  pipeline.PipelineStateManagerImpl (PipelineStateManagerImpl.java:addPipeline(103)) - Created pipeline Pipeline[ Id: 23e25196-c9d6-44c0-8a93-b2e206ca8776, Nodes: 745fb3ed-7598-48f6-8d50-527171c84407{ip: 10.1.0.31, host: fv-az164-385.acqy4frhnxdelaro313li45hge.dx.internal.cloudapp.net, ports: [REPLICATION=38827, RATIS=37527, RATIS_ADMIN=37527, RATIS_SERVER=37527, STANDALONE=44121], networkLocation: /default-rack, certSerialId: null, persistedOpState: IN_SERVICE, persistedOpStateExpiryEpochSec: 0}, ReplicationConfig: RATIS/ONE, State:ALLOCATED, leaderId:, CreationTimestamp2022-08-02T00:59:12.830Z[Etc/UTC]].
2022-08-02 00:59:13,065 [ReplicationMonitor] INFO  replication.ReplicationManager (ReplicationManager.java:processAll(249)) - Replication Manager is not ready to run until 3000ms after safemode exit
2022-08-02 00:59:13,124 [Listener at 127.0.0.1/34881] INFO  ozone.MiniOzoneClusterImpl (MiniOzoneClusterImpl.java:lambda$waitForClusterToBeReady$0(216)) - Waiting for nodes to be ready. Got 4 of 5 DN Heartbeats.
2022-08-02 00:59:13,125 [Listener at 127.0.0.1/34881] INFO  ozone.MiniOzoneClusterImpl (MiniOzoneClusterImpl.java:lambda$waitForClusterToBeReady$0(219)) - Waiting for cluster to exit safe mode
2022-08-02 00:59:13,125 [Listener at 127.0.0.1/34881] INFO  ozone.MiniOzoneClusterImpl (MiniOzoneClusterImpl.java:lambda$waitForClusterToBeReady$0(221)) - SCM became leader
2022-08-02 00:59:13,151 [IPC Server handler 0 on default port 36037] INFO  net.NetworkTopologyImpl (NetworkTopologyImpl.java:add(112)) - Added a new node: /default-rack/3670ff39-8d21-4c07-ba78-00a70db193ce
2022-08-02 00:59:13,152 [IPC Server handler 0 on default port 36037] INFO  node.SCMNodeManager (SCMNodeManager.java:register(397)) - Registered Data node : 3670ff39-8d21-4c07-ba78-00a70db193ce{ip: 10.1.0.31, host: fv-az164-385.acqy4frhnxdelaro313li45hge.dx.internal.cloudapp.net, ports: [REPLICATION=36545, RATIS=43053, RATIS_ADMIN=43053, RATIS_SERVER=43053, STANDALONE=46445], networkLocation: /default-rack, certSerialId: null, persistedOpState: null, persistedOpStateExpiryEpochSec: 0}
2022-08-02 00:59:13,152 [EventQueue-NewNodeForNewNodeHandler] INFO  pipeline.BackgroundPipelineCreator (BackgroundPipelineCreator.java:notifyEventTriggered(276)) - trigger a one-shot run on RatisPipelineUtilsThread.
2022-08-02 00:59:13,155 [RatisPipelineUtilsThread - 0] INFO  pipeline.RatisPipelineProvider (RatisPipelineProvider.java:lambda$create$0(195)) - Sending CreatePipelineCommand for pipeline:PipelineID=84f653f0-279c-4abe-a065-021f2273358a to datanode:3670ff39-8d21-4c07-ba78-00a70db193ce
2022-08-02 00:59:13,156 [RatisPipelineUtilsThread - 0] INFO  pipeline.PipelineStateManagerImpl (PipelineStateManagerImpl.java:addPipeline(103)) - Created pipeline Pipeline[ Id: 84f653f0-279c-4abe-a065-021f2273358a, Nodes: 3670ff39-8d21-4c07-ba78-00a70db193ce{ip: 10.1.0.31, host: fv-az164-385.acqy4frhnxdelaro313li45hge.dx.internal.cloudapp.net, ports: [REPLICATION=36545, RATIS=43053, RATIS_ADMIN=43053, RATIS_SERVER=43053, STANDALONE=46445], networkLocation: /default-rack, certSerialId: null, persistedOpState: IN_SERVICE, persistedOpStateExpiryEpochSec: 0}, ReplicationConfig: RATIS/ONE, State:ALLOCATED, leaderId:, CreationTimestamp2022-08-02T00:59:13.155Z[Etc/UTC]].
2022-08-02 00:59:14,065 [ReplicationMonitor] INFO  replication.ReplicationManager (ReplicationManager.java:processAll(249)) - Replication Manager is not ready to run until 3000ms after safemode exit
2022-08-02 00:59:14,126 [Listener at 127.0.0.1/34881] INFO  ozone.MiniOzoneClusterImpl (MiniOzoneClusterImpl.java:lambda$waitForClusterToBeReady$0(216)) - Nodes are ready. Got 5 of 5 DN Heartbeats.
2022-08-02 00:59:14,127 [Listener at 127.0.0.1/34881] INFO  ozone.MiniOzoneClusterImpl (MiniOzoneClusterImpl.java:lambda$waitForClusterToBeReady$0(219)) - Waiting for cluster to exit safe mode
2022-08-02 00:59:14,127 [Listener at 127.0.0.1/34881] INFO  ozone.MiniOzoneClusterImpl (MiniOzoneClusterImpl.java:lambda$waitForClusterToBeReady$0(221)) - SCM became leader
2022-08-02 00:59:14,725 [Command processor thread] INFO  server.RaftServer (RaftServerProxy.java:addNew(96)) - d5e157d4-c297-43f4-abaf-f908afa77c91: addNew group-A0B66A08DBFE:[d5e157d4-c297-43f4-abaf-f908afa77c91|rpc:10.1.0.31:38773|priority:1] returns group-A0B66A08DBFE:java.util.concurrent.CompletableFuture@3b1ad443[Not completed]
2022-08-02 00:59:14,735 [pool-72-thread-1] INFO  server.RaftServer$Division (RaftServerImpl.java:<init>(190)) - d5e157d4-c297-43f4-abaf-f908afa77c91: new RaftServerImpl for group-A0B66A08DBFE:[d5e157d4-c297-43f4-abaf-f908afa77c91|rpc:10.1.0.31:38773|priority:1] with ContainerStateMachine:uninitialized
2022-08-02 00:59:14,735 [pool-72-thread-1] INFO  server.RaftServerConfigKeys (ConfUtils.java:logGet(46)) - raft.server.rpc.timeout.min = 5s (custom)
2022-08-02 00:59:14,735 [pool-72-thread-1] INFO  server.RaftServerConfigKeys (ConfUtils.java:logGet(46)) - raft.server.rpc.timeout.max = 5200ms (custom)
2022-08-02 00:59:14,735 [pool-72-thread-1] INFO  server.RaftServerConfigKeys (ConfUtils.java:logGet(46)) - raft.server.rpc.sleep.time = 25ms (default)
2022-08-02 00:59:14,735 [pool-72-thread-1] INFO  server.RaftServerConfigKeys (ConfUtils.java:logGet(46)) - raft.server.rpc.slowness.timeout = 300s (custom)
2022-08-02 00:59:14,735 [pool-72-thread-1] INFO  server.RaftServerConfigKeys (ConfUtils.java:logGet(46)) - raft.server.leaderelection.leader.step-down.wait-time = 10s (default)
2022-08-02 00:59:14,735 [pool-72-thread-1] INFO  server.RaftServerConfigKeys (ConfUtils.java:logGet(46)) - raft.server.sleep.deviation.threshold = 300ms (default)
2022-08-02 00:59:14,735 [pool-72-thread-1] INFO  server.RaftServer$Division (ServerState.java:<init>(107)) - d5e157d4-c297-43f4-abaf-f908afa77c91@group-A0B66A08DBFE: ConfigurationManager, init=-1: [d5e157d4-c297-43f4-abaf-f908afa77c91|rpc:10.1.0.31:38773|priority:1], old=null, confs=<EMPTY_MAP>
2022-08-02 00:59:14,735 [pool-72-thread-1] INFO  server.RaftServerConfigKeys (ConfUtils.java:logGet(46)) - raft.server.storage.dir = [/home/runner/work/ozone/ozone/hadoop-ozone/integration-test/target/test-dir/MiniOzoneClusterImpl-5354faea-c150-4163-8100-b2f9ddc2915f/datanode-0/data/ratis] (custom)
2022-08-02 00:59:14,736 [pool-72-thread-1] INFO  server.RaftServerConfigKeys (ConfUtils.java:logGet(46)) - raft.server.log.corruption.policy = EXCEPTION (default)
2022-08-02 00:59:14,736 [pool-72-thread-1] INFO  server.RaftServerConfigKeys (ConfUtils.java:logGet(46)) - raft.server.storage.free-space.min = 0MB (=0) (default)
2022-08-02 00:59:14,736 [pool-72-thread-1] INFO  storage.RaftStorageDirectory (RaftStorageDirectoryImpl.java:analyzeStorage(135)) - The storage directory /home/runner/work/ozone/ozone/hadoop-ozone/integration-test/target/test-dir/MiniOzoneClusterImpl-5354faea-c150-4163-8100-b2f9ddc2915f/datanode-0/data/ratis/9aaebdd1-80d8-4ffc-a836-a0b66a08dbfe does not exist. Creating ...
2022-08-02 00:59:14,738 [pool-72-thread-1] INFO  storage.RaftStorageDirectory (RaftStorageDirectoryImpl.java:tryLock(230)) - Lock on /home/runner/work/ozone/ozone/hadoop-ozone/integration-test/target/test-dir/MiniOzoneClusterImpl-5354faea-c150-4163-8100-b2f9ddc2915f/datanode-0/data/ratis/9aaebdd1-80d8-4ffc-a836-a0b66a08dbfe/in_use.lock acquired by nodename 4034@fv-az164-385
2022-08-02 00:59:14,739 [pool-72-thread-1] INFO  storage.RaftStorage (RaftStorageImpl.java:format(89)) - Storage directory /home/runner/work/ozone/ozone/hadoop-ozone/integration-test/target/test-dir/MiniOzoneClusterImpl-5354faea-c150-4163-8100-b2f9ddc2915f/datanode-0/data/ratis/9aaebdd1-80d8-4ffc-a836-a0b66a08dbfe has been successfully formatted.
2022-08-02 00:59:14,743 [pool-72-thread-1] INFO  ratis.ContainerStateMachine (ContainerStateMachine.java:loadSnapshot(236)) - group-A0B66A08DBFE: The snapshot info is null. Setting the last applied indexto:(t:0, i:~)
2022-08-02 00:59:14,743 [pool-72-thread-1] INFO  server.RaftServerConfigKeys (ConfUtils.java:logGet(46)) - raft.server.notification.no-leader.timeout = 300s (custom)
2022-08-02 00:59:14,743 [pool-72-thread-1] INFO  server.RaftServerConfigKeys (ConfUtils.java:logGet(46)) - raft.server.log.use.memory = false (default)
2022-08-02 00:59:14,744 [pool-72-thread-1] INFO  server.RaftServerConfigKeys (ConfUtils.java:logGet(46)) - raft.server.log.purge.gap = 1000000 (custom)
2022-08-02 00:59:14,744 [pool-72-thread-1] INFO  server.RaftServerConfigKeys (ConfUtils.java:logGet(46)) - raft.server.log.appender.buffer.byte-limit = 33554432 (custom)
2022-08-02 00:59:14,744 [pool-72-thread-1] INFO  server.RaftServerConfigKeys (ConfUtils.java:logGet(46)) - raft.server.log.statemachine.data.read.timeout = 1000ms (default)
2022-08-02 00:59:14,744 [pool-72-thread-1] INFO  server.RaftServerConfigKeys (ConfUtils.java:logGet(46)) - raft.server.log.segment.size.max = 1048576 (custom)
2022-08-02 00:59:14,745 [pool-72-thread-1] INFO  server.RaftServerConfigKeys (ConfUtils.java:logGet(46)) - raft.server.log.segment.cache.num.max = 2 (custom)
2022-08-02 00:59:14,745 [pool-72-thread-1] INFO  server.RaftServerConfigKeys (ConfUtils.java:logGet(46)) - raft.server.log.segment.cache.size.max = 200MB (=209715200) (default)
2022-08-02 00:59:14,745 [pool-72-thread-1] INFO  segmented.SegmentedRaftLogWorker (SegmentedRaftLogWorker.java:<init>(187)) - new d5e157d4-c297-43f4-abaf-f908afa77c91@group-A0B66A08DBFE-SegmentedRaftLogWorker for RaftStorageImpl:Storage Directory /home/runner/work/ozone/ozone/hadoop-ozone/integration-test/target/test-dir/MiniOzoneClusterImpl-5354faea-c150-4163-8100-b2f9ddc2915f/datanode-0/data/ratis/9aaebdd1-80d8-4ffc-a836-a0b66a08dbfe
2022-08-02 00:59:14,745 [pool-72-thread-1] INFO  server.RaftServerConfigKeys (ConfUtils.java:logGet(46)) - raft.server.log.queue.byte-limit = 4294967296 (custom)
2022-08-02 00:59:14,745 [pool-72-thread-1] INFO  server.RaftServerConfigKeys (ConfUtils.java:logGet(46)) - raft.server.log.queue.element-limit = 1024 (custom)
2022-08-02 00:59:14,745 [pool-72-thread-1] INFO  server.RaftServerConfigKeys (ConfUtils.java:logGet(46)) - raft.server.log.segment.size.max = 1048576 (custom)
2022-08-02 00:59:14,745 [pool-72-thread-1] INFO  server.RaftServerConfigKeys (ConfUtils.java:logGet(46)) - raft.server.log.preallocated.size = 16384 (custom)
2022-08-02 00:59:14,745 [pool-72-thread-1] INFO  server.RaftServerConfigKeys (ConfUtils.java:logGet(46)) - raft.server.log.force.sync.num = 128 (default)
2022-08-02 00:59:14,745 [pool-72-thread-1] INFO  server.RaftServerConfigKeys (ConfUtils.java:logGet(46)) - raft.server.log.statemachine.data.sync = true (default)
2022-08-02 00:59:14,745 [pool-72-thread-1] INFO  server.RaftServerConfigKeys (ConfUtils.java:logGet(46)) - raft.server.log.statemachine.data.sync.timeout = 10s (default)
2022-08-02 00:59:14,745 [pool-72-thread-1] INFO  server.RaftServerConfigKeys (ConfUtils.java:logGet(46)) - raft.server.log.statemachine.data.sync.timeout.retry = -1 (default)
2022-08-02 00:59:14,747 [pool-72-thread-1] INFO  server.RaftServerConfigKeys (ConfUtils.java:logGet(46)) - raft.server.log.write.buffer.size = 1048576 (custom)
2022-08-02 00:59:14,747 [pool-72-thread-1] INFO  server.RaftServerConfigKeys (ConfUtils.java:logGet(46)) - raft.server.log.unsafe-flush.enabled = false (default)
2022-08-02 00:59:14,747 [pool-72-thread-1] INFO  server.RaftServerConfigKeys (ConfUtils.java:logGet(46)) - raft.server.log.statemachine.data.caching.enabled = true (custom)
2022-08-02 00:59:14,748 [pool-72-thread-1] INFO  segmented.SegmentedRaftLogWorker (SegmentedRaftLogWorker.java:lambda$new$0(135)) - d5e157d4-c297-43f4-abaf-f908afa77c91@group-A0B66A08DBFE-SegmentedRaftLogWorker: flushIndex: setUnconditionally 0 -> -1
2022-08-02 00:59:14,748 [pool-72-thread-1] INFO  segmented.SegmentedRaftLogWorker (SegmentedRaftLogWorker.java:lambda$new$0(135)) - d5e157d4-c297-43f4-abaf-f908afa77c91@group-A0B66A08DBFE-SegmentedRaftLogWorker: safeCacheEvictIndex: setUnconditionally 0 -> -1
2022-08-02 00:59:14,756 [pool-72-thread-1] INFO  server.RaftServerConfigKeys (ConfUtils.java:logGet(46)) - raft.server.snapshot.auto.trigger.enabled = true (custom)
2022-08-02 00:59:14,756 [pool-72-thread-1] INFO  server.RaftServerConfigKeys (ConfUtils.java:logGet(46)) - raft.server.snapshot.auto.trigger.threshold = 10000 (custom)
2022-08-02 00:59:14,756 [pool-72-thread-1] INFO  server.RaftServerConfigKeys (ConfUtils.java:logGet(46)) - raft.server.snapshot.retention.file.num = 5 (custom)
2022-08-02 00:59:14,756 [pool-72-thread-1] INFO  server.RaftServerConfigKeys (ConfUtils.java:logGet(46)) - raft.server.log.purge.upto.snapshot.index = false (default)
2022-08-02 00:59:14,756 [pool-72-thread-1] INFO  server.RaftServerConfigKeys (ConfUtils.java:logGet(46)) - raft.server.retrycache.expirytime = 600000ms (custom)
2022-08-02 00:59:14,756 [pool-72-thread-1] INFO  server.RaftServerConfigKeys (ConfUtils.java:logGet(46)) - raft.server.retrycache.statistics.expirytime = 100μs (default)
2022-08-02 00:59:14,758 [pool-72-thread-1] INFO  server.RaftServerConfigKeys (ConfUtils.java:logGet(46)) - raft.server.log.appender.install.snapshot.enabled = false (custom)
2022-08-02 00:59:14,760 [EventQueue-PipelineReportForPipelineReportHandler] INFO  pipeline.PipelineManagerImpl (PipelineManagerImpl.java:openPipeline(367)) - Pipeline Pipeline[ Id: 9aaebdd1-80d8-4ffc-a836-a0b66a08dbfe, Nodes: d5e157d4-c297-43f4-abaf-f908afa77c91{ip: 10.1.0.31, host: fv-az164-385.acqy4frhnxdelaro313li45hge.dx.internal.cloudapp.net, ports: [REPLICATION=42177, RATIS=38773, RATIS_ADMIN=38773, RATIS_SERVER=38773, STANDALONE=42107], networkLocation: /default-rack, certSerialId: null, persistedOpState: IN_SERVICE, persistedOpStateExpiryEpochSec: 0}, ReplicationConfig: RATIS/ONE, State:ALLOCATED, leaderId:d5e157d4-c297-43f4-abaf-f908afa77c91, CreationTimestamp2022-08-02T00:59:11.737Z[Etc/UTC]] moved to OPEN state
2022-08-02 00:59:14,764 [pool-72-thread-1] INFO  server.RaftServerConfigKeys (ConfUtils.java:logGet(46)) - raft.server.threadpool.server.cached = true (default)
2022-08-02 00:59:14,764 [pool-72-thread-1] INFO  server.RaftServerConfigKeys (ConfUtils.java:logGet(46)) - raft.server.threadpool.server.size = 0 (default)
2022-08-02 00:59:14,764 [pool-72-thread-1] INFO  server.RaftServerConfigKeys (ConfUtils.java:logGet(46)) - raft.server.threadpool.client.cached = true (default)
2022-08-02 00:59:14,764 [pool-72-thread-1] INFO  server.RaftServerConfigKeys (ConfUtils.java:logGet(46)) - raft.server.threadpool.client.size = 0 (default)
2022-08-02 00:59:14,765 [EventQueue-OpenPipelineForHealthyPipelineSafeModeRule] INFO  safemode.SCMSafeModeManager (HealthyPipelineSafeModeRule.java:process(137)) - SCM in safe mode. Healthy pipelines reported count is 0, required healthy pipeline reported count is 1
2022-08-02 00:59:14,765 [pool-72-thread-1] INFO  server.RaftServer$Division (RaftServerImpl.java:start(310)) - d5e157d4-c297-43f4-abaf-f908afa77c91@group-A0B66A08DBFE: start as a follower, conf=-1: [d5e157d4-c297-43f4-abaf-f908afa77c91|rpc:10.1.0.31:38773|priority:1], old=null
2022-08-02 00:59:14,766 [pool-72-thread-1] INFO  server.RaftServer$Division (RaftServerImpl.java:setRole(299)) - d5e157d4-c297-43f4-abaf-f908afa77c91@group-A0B66A08DBFE: changes role from      null to FOLLOWER at term 0 for startAsFollower
2022-08-02 00:59:14,766 [pool-72-thread-1] INFO  impl.RoleInfo (RoleInfo.java:updateAndGet(139)) - d5e157d4-c297-43f4-abaf-f908afa77c91: start d5e157d4-c297-43f4-abaf-f908afa77c91@group-A0B66A08DBFE-FollowerState
2022-08-02 00:59:14,766 [pool-72-thread-1] INFO  util.JmxRegister (JmxRegister.java:tryRegister(44)) - Successfully registered JMX Bean with object name Ratis:service=RaftServer,group=group-A0B66A08DBFE,id=d5e157d4-c297-43f4-abaf-f908afa77c91
2022-08-02 00:59:14,779 [Command processor thread] INFO  ratis.XceiverServerRatis (XceiverServerRatis.java:addGroup(765)) - Created group PipelineID=9aaebdd1-80d8-4ffc-a836-a0b66a08dbfe
2022-08-02 00:59:14,779 [Command processor thread] INFO  commandhandler.CreatePipelineCommandHandler (CreatePipelineCommandHandler.java:handle(113)) - Created Pipeline RATIS ONE PipelineID=9aaebdd1-80d8-4ffc-a836-a0b66a08dbfe.
2022-08-02 00:59:14,780 [Command processor thread] INFO  server.RaftServer (RaftServerProxy.java:addNew(96)) - d5e157d4-c297-43f4-abaf-f908afa77c91: addNew group-4C838A462C10:[633d7359-78ed-48fa-bcb6-047663da1e29|rpc:10.1.0.31:44705|priority:1, cb600bcf-1c2f-4aa5-b6e8-6d568f165d12|rpc:10.1.0.31:38085|priority:0, d5e157d4-c297-43f4-abaf-f908afa77c91|rpc:10.1.0.31:38773|priority:0] returns group-4C838A462C10:java.util.concurrent.CompletableFuture@16a0020e[Not completed]
2022-08-02 00:59:14,781 [pool-72-thread-1] INFO  server.RaftServer$Division (RaftServerImpl.java:<init>(190)) - d5e157d4-c297-43f4-abaf-f908afa77c91: new RaftServerImpl for group-4C838A462C10:[633d7359-78ed-48fa-bcb6-047663da1e29|rpc:10.1.0.31:44705|priority:1, cb600bcf-1c2f-4aa5-b6e8-6d568f165d12|rpc:10.1.0.31:38085|priority:0, d5e157d4-c297-43f4-abaf-f908afa77c91|rpc:10.1.0.31:38773|priority:0] with ContainerStateMachine:uninitialized
2022-08-02 00:59:14,781 [pool-72-thread-1] INFO  server.RaftServerConfigKeys (ConfUtils.java:logGet(46)) - raft.server.rpc.timeout.min = 5s (custom)
2022-08-02 00:59:14,781 [pool-72-thread-1] INFO  server.RaftServerConfigKeys (ConfUtils.java:logGet(46)) - raft.server.rpc.timeout.max = 5200ms (custom)
2022-08-02 00:59:14,781 [pool-72-thread-1] INFO  server.RaftServerConfigKeys (ConfUtils.java:logGet(46)) - raft.server.rpc.sleep.time = 25ms (default)
2022-08-02 00:59:14,781 [pool-72-thread-1] INFO  server.RaftServerConfigKeys (ConfUtils.java:logGet(46)) - raft.server.rpc.slowness.timeout = 300s (custom)
2022-08-02 00:59:14,781 [pool-72-thread-1] INFO  server.RaftServerConfigKeys (ConfUtils.java:logGet(46)) - raft.server.leaderelection.leader.step-down.wait-time = 10s (default)
2022-08-02 00:59:14,781 [pool-72-thread-1] INFO  server.RaftServerConfigKeys (ConfUtils.java:logGet(46)) - raft.server.sleep.deviation.threshold = 300ms (default)
2022-08-02 00:59:14,781 [pool-72-thread-1] INFO  server.RaftServer$Division (ServerState.java:<init>(107)) - d5e157d4-c297-43f4-abaf-f908afa77c91@group-4C838A462C10: ConfigurationManager, init=-1: [633d7359-78ed-48fa-bcb6-047663da1e29|rpc:10.1.0.31:44705|priority:1, cb600bcf-1c2f-4aa5-b6e8-6d568f165d12|rpc:10.1.0.31:38085|priority:0, d5e157d4-c297-43f4-abaf-f908afa77c91|rpc:10.1.0.31:38773|priority:0], old=null, confs=<EMPTY_MAP>
2022-08-02 00:59:14,781 [pool-72-thread-1] INFO  server.RaftServerConfigKeys (ConfUtils.java:logGet(46)) - raft.server.storage.dir = [/home/runner/work/ozone/ozone/hadoop-ozone/integration-test/target/test-dir/MiniOzoneClusterImpl-5354faea-c150-4163-8100-b2f9ddc2915f/datanode-0/data/ratis] (custom)
2022-08-02 00:59:14,782 [pool-72-thread-1] INFO  server.RaftServerConfigKeys (ConfUtils.java:logGet(46)) - raft.server.log.corruption.policy = EXCEPTION (default)
2022-08-02 00:59:14,782 [pool-72-thread-1] INFO  server.RaftServerConfigKeys (ConfUtils.java:logGet(46)) - raft.server.storage.free-space.min = 0MB (=0) (default)
2022-08-02 00:59:14,782 [pool-72-thread-1] INFO  storage.RaftStorageDirectory (RaftStorageDirectoryImpl.java:analyzeStorage(135)) - The storage directory /home/runner/work/ozone/ozone/hadoop-ozone/integration-test/target/test-dir/MiniOzoneClusterImpl-5354faea-c150-4163-8100-b2f9ddc2915f/datanode-0/data/ratis/5f17a4d3-824c-4efb-a137-4c838a462c10 does not exist. Creating ...
2022-08-02 00:59:14,784 [pool-72-thread-1] INFO  storage.RaftStorageDirectory (RaftStorageDirectoryImpl.java:tryLock(230)) - Lock on /home/runner/work/ozone/ozone/hadoop-ozone/integration-test/target/test-dir/MiniOzoneClusterImpl-5354faea-c150-4163-8100-b2f9ddc2915f/datanode-0/data/ratis/5f17a4d3-824c-4efb-a137-4c838a462c10/in_use.lock acquired by nodename 4034@fv-az164-385
2022-08-02 00:59:14,787 [pool-72-thread-1] INFO  storage.RaftStorage (RaftStorageImpl.java:format(89)) - Storage directory /home/runner/work/ozone/ozone/hadoop-ozone/integration-test/target/test-dir/MiniOzoneClusterImpl-5354faea-c150-4163-8100-b2f9ddc2915f/datanode-0/data/ratis/5f17a4d3-824c-4efb-a137-4c838a462c10 has been successfully formatted.
2022-08-02 00:59:14,789 [pool-72-thread-1] INFO  ratis.ContainerStateMachine (ContainerStateMachine.java:loadSnapshot(236)) - group-4C838A462C10: The snapshot info is null. Setting the last applied indexto:(t:0, i:~)
2022-08-02 00:59:14,790 [pool-72-thread-1] INFO  server.RaftServerConfigKeys (ConfUtils.java:logGet(46)) - raft.server.notification.no-leader.timeout = 300s (custom)
2022-08-02 00:59:14,790 [EventQueue-OpenPipelineForHealthyPipelineSafeModeRule] INFO  safemode.SCMSafeModeManager (HealthyPipelineSafeModeRule.java:process(137)) - SCM in safe mode. Healthy pipelines reported count is 0, required healthy pipeline reported count is 1
2022-08-02 00:59:14,791 [pool-72-thread-1] INFO  server.RaftServerConfigKeys (ConfUtils.java:logGet(46)) - raft.server.log.use.memory = false (default)
2022-08-02 00:59:14,791 [pool-72-thread-1] INFO  server.RaftServerConfigKeys (ConfUtils.java:logGet(46)) - raft.server.log.purge.gap = 1000000 (custom)
2022-08-02 00:59:14,791 [pool-72-thread-1] INFO  server.RaftServerConfigKeys (ConfUtils.java:logGet(46)) - raft.server.log.appender.buffer.byte-limit = 33554432 (custom)
2022-08-02 00:59:14,791 [pool-72-thread-1] INFO  server.RaftServerConfigKeys (ConfUtils.java:logGet(46)) - raft.server.log.statemachine.data.read.timeout = 1000ms (default)
2022-08-02 00:59:14,791 [pool-72-thread-1] INFO  server.RaftServerConfigKeys (ConfUtils.java:logGet(46)) - raft.server.log.segment.size.max = 1048576 (custom)
2022-08-02 00:59:14,795 [pool-72-thread-1] INFO  server.RaftServerConfigKeys (ConfUtils.java:logGet(46)) - raft.server.log.segment.cache.num.max = 2 (custom)
2022-08-02 00:59:14,795 [pool-72-thread-1] INFO  server.RaftServerConfigKeys (ConfUtils.java:logGet(46)) - raft.server.log.segment.cache.size.max = 200MB (=209715200) (default)
2022-08-02 00:59:14,795 [pool-72-thread-1] INFO  segmented.SegmentedRaftLogWorker (SegmentedRaftLogWorker.java:<init>(187)) - new d5e157d4-c297-43f4-abaf-f908afa77c91@group-4C838A462C10-SegmentedRaftLogWorker for RaftStorageImpl:Storage Directory /home/runner/work/ozone/ozone/hadoop-ozone/integration-test/target/test-dir/MiniOzoneClusterImpl-5354faea-c150-4163-8100-b2f9ddc2915f/datanode-0/data/ratis/5f17a4d3-824c-4efb-a137-4c838a462c10
2022-08-02 00:59:14,795 [pool-72-thread-1] INFO  server.RaftServerConfigKeys (ConfUtils.java:logGet(46)) - raft.server.log.queue.byte-limit = 4294967296 (custom)
2022-08-02 00:59:14,795 [pool-72-thread-1] INFO  server.RaftServerConfigKeys (ConfUtils.java:logGet(46)) - raft.server.log.queue.element-limit = 1024 (custom)
2022-08-02 00:59:14,795 [pool-72-thread-1] INFO  server.RaftServerConfigKeys (ConfUtils.java:logGet(46)) - raft.server.log.segment.size.max = 1048576 (custom)
2022-08-02 00:59:14,795 [pool-72-thread-1] INFO  server.RaftServerConfigKeys (ConfUtils.java:logGet(46)) - raft.server.log.preallocated.size = 16384 (custom)
2022-08-02 00:59:14,796 [pool-72-thread-1] INFO  server.RaftServerConfigKeys (ConfUtils.java:logGet(46)) - raft.server.log.force.sync.num = 128 (default)
2022-08-02 00:59:14,796 [pool-72-thread-1] INFO  server.RaftServerConfigKeys (ConfUtils.java:logGet(46)) - raft.server.log.statemachine.data.sync = true (default)
2022-08-02 00:59:14,796 [pool-72-thread-1] INFO  server.RaftServerConfigKeys (ConfUtils.java:logGet(46)) - raft.server.log.statemachine.data.sync.timeout = 10s (default)
2022-08-02 00:59:14,796 [pool-72-thread-1] INFO  server.RaftServerConfigKeys (ConfUtils.java:logGet(46)) - raft.server.log.statemachine.data.sync.timeout.retry = -1 (default)
2022-08-02 00:59:14,805 [pool-72-thread-1] INFO  server.RaftServerConfigKeys (ConfUtils.java:logGet(46)) - raft.server.log.write.buffer.size = 1048576 (custom)
2022-08-02 00:59:14,806 [pool-72-thread-1] INFO  server.RaftServerConfigKeys (ConfUtils.java:logGet(46)) - raft.server.log.unsafe-flush.enabled = false (default)
2022-08-02 00:59:14,806 [pool-72-thread-1] INFO  server.RaftServerConfigKeys (ConfUtils.java:logGet(46)) - raft.server.log.statemachine.data.caching.enabled = true (custom)
2022-08-02 00:59:14,806 [pool-72-thread-1] INFO  segmented.SegmentedRaftLogWorker (SegmentedRaftLogWorker.java:lambda$new$0(135)) - d5e157d4-c297-43f4-abaf-f908afa77c91@group-4C838A462C10-SegmentedRaftLogWorker: flushIndex: setUnconditionally 0 -> -1
2022-08-02 00:59:14,806 [pool-72-thread-1] INFO  segmented.SegmentedRaftLogWorker (SegmentedRaftLogWorker.java:lambda$new$0(135)) - d5e157d4-c297-43f4-abaf-f908afa77c91@group-4C838A462C10-SegmentedRaftLogWorker: safeCacheEvictIndex: setUnconditionally 0 -> -1
2022-08-02 00:59:14,807 [pool-72-thread-1] INFO  server.RaftServerConfigKeys (ConfUtils.java:logGet(46)) - raft.server.snapshot.auto.trigger.enabled = true (custom)
2022-08-02 00:59:14,807 [pool-72-thread-1] INFO  server.RaftServerConfigKeys (ConfUtils.java:logGet(46)) - raft.server.snapshot.auto.trigger.threshold = 10000 (custom)
2022-08-02 00:59:14,807 [pool-72-thread-1] INFO  server.RaftServerConfigKeys (ConfUtils.java:logGet(46)) - raft.server.snapshot.retention.file.num = 5 (custom)
2022-08-02 00:59:14,807 [pool-72-thread-1] INFO  server.RaftServerConfigKeys (ConfUtils.java:logGet(46)) - raft.server.log.purge.upto.snapshot.index = false (default)
2022-08-02 00:59:14,807 [pool-72-thread-1] INFO  server.RaftServerConfigKeys (ConfUtils.java:logGet(46)) - raft.server.retrycache.expirytime = 600000ms (custom)
2022-08-02 00:59:14,807 [pool-72-thread-1] INFO  server.RaftServerConfigKeys (ConfUtils.java:logGet(46)) - raft.server.retrycache.statistics.expirytime = 100μs (default)
2022-08-02 00:59:14,809 [pool-72-thread-1] INFO  server.RaftServerConfigKeys (ConfUtils.java:logGet(46)) - raft.server.log.appender.install.snapshot.enabled = false (custom)
2022-08-02 00:59:14,809 [pool-72-thread-1] INFO  server.RaftServerConfigKeys (ConfUtils.java:logGet(46)) - raft.server.threadpool.server.cached = true (default)
2022-08-02 00:59:14,809 [pool-72-thread-1] INFO  server.RaftServerConfigKeys (ConfUtils.java:logGet(46)) - raft.server.threadpool.server.size = 0 (default)
2022-08-02 00:59:14,809 [pool-72-thread-1] INFO  server.RaftServerConfigKeys (ConfUtils.java:logGet(46)) - raft.server.threadpool.client.cached = true (default)
2022-08-02 00:59:14,809 [pool-72-thread-1] INFO  server.RaftServerConfigKeys (ConfUtils.java:logGet(46)) - raft.server.threadpool.client.size = 0 (default)
2022-08-02 00:59:14,809 [pool-72-thread-1] INFO  server.RaftServer$Division (RaftServerImpl.java:start(310)) - d5e157d4-c297-43f4-abaf-f908afa77c91@group-4C838A462C10: start as a follower, conf=-1: [633d7359-78ed-48fa-bcb6-047663da1e29|rpc:10.1.0.31:44705|priority:1, cb600bcf-1c2f-4aa5-b6e8-6d568f165d12|rpc:10.1.0.31:38085|priority:0, d5e157d4-c297-43f4-abaf-f908afa77c91|rpc:10.1.0.31:38773|priority:0], old=null
2022-08-02 00:59:14,809 [pool-72-thread-1] INFO  server.RaftServer$Division (RaftServerImpl.java:setRole(299)) - d5e157d4-c297-43f4-abaf-f908afa77c91@group-4C838A462C10: changes role from      null to FOLLOWER at term 0 for startAsFollower
2022-08-02 00:59:14,809 [pool-72-thread-1] INFO  impl.RoleInfo (RoleInfo.java:updateAndGet(139)) - d5e157d4-c297-43f4-abaf-f908afa77c91: start d5e157d4-c297-43f4-abaf-f908afa77c91@group-4C838A462C10-FollowerState
2022-08-02 00:59:14,810 [pool-72-thread-1] INFO  util.JmxRegister (JmxRegister.java:tryRegister(44)) - Successfully registered JMX Bean with object name Ratis:service=RaftServer,group=group-4C838A462C10,id=d5e157d4-c297-43f4-abaf-f908afa77c91
2022-08-02 00:59:14,813 [Command processor thread] INFO  ratis.XceiverServerRatis (XceiverServerRatis.java:addGroup(765)) - Created group PipelineID=5f17a4d3-824c-4efb-a137-4c838a462c10
2022-08-02 00:59:15,066 [ReplicationMonitor] INFO  replication.ReplicationManager (ReplicationManager.java:processAll(249)) - Replication Manager is not ready to run until 3000ms after safemode exit
2022-08-02 00:59:15,127 [Listener at 127.0.0.1/34881] INFO  ozone.MiniOzoneClusterImpl (MiniOzoneClusterImpl.java:lambda$waitForClusterToBeReady$0(216)) - Nodes are ready. Got 5 of 5 DN Heartbeats.
2022-08-02 00:59:15,127 [Listener at 127.0.0.1/34881] INFO  ozone.MiniOzoneClusterImpl (MiniOzoneClusterImpl.java:lambda$waitForClusterToBeReady$0(219)) - Waiting for cluster to exit safe mode
2022-08-02 00:59:15,127 [Listener at 127.0.0.1/34881] INFO  ozone.MiniOzoneClusterImpl (MiniOzoneClusterImpl.java:lambda$waitForClusterToBeReady$0(221)) - SCM became leader
2022-08-02 00:59:15,199 [Command processor thread] INFO  server.RaftServer (RaftServerProxy.java:addNew(96)) - cb600bcf-1c2f-4aa5-b6e8-6d568f165d12: addNew group-4D4837CAB090:[cb600bcf-1c2f-4aa5-b6e8-6d568f165d12|rpc:10.1.0.31:38085|priority:1] returns group-4D4837CAB090:java.util.concurrent.CompletableFuture@256a4f4e[Not completed]
2022-08-02 00:59:15,208 [pool-95-thread-1] INFO  server.RaftServer$Division (RaftServerImpl.java:<init>(190)) - cb600bcf-1c2f-4aa5-b6e8-6d568f165d12: new RaftServerImpl for group-4D4837CAB090:[cb600bcf-1c2f-4aa5-b6e8-6d568f165d12|rpc:10.1.0.31:38085|priority:1] with ContainerStateMachine:uninitialized
2022-08-02 00:59:15,208 [pool-95-thread-1] INFO  server.RaftServerConfigKeys (ConfUtils.java:logGet(46)) - raft.server.rpc.timeout.min = 5s (custom)
2022-08-02 00:59:15,209 [pool-95-thread-1] INFO  server.RaftServerConfigKeys (ConfUtils.java:logGet(46)) - raft.server.rpc.timeout.max = 5200ms (custom)
2022-08-02 00:59:15,209 [pool-95-thread-1] INFO  server.RaftServerConfigKeys (ConfUtils.java:logGet(46)) - raft.server.rpc.sleep.time = 25ms (default)
2022-08-02 00:59:15,209 [pool-95-thread-1] INFO  server.RaftServerConfigKeys (ConfUtils.java:logGet(46)) - raft.server.rpc.slowness.timeout = 300s (custom)
2022-08-02 00:59:15,209 [pool-95-thread-1] INFO  server.RaftServerConfigKeys (ConfUtils.java:logGet(46)) - raft.server.leaderelection.leader.step-down.wait-time = 10s (default)
2022-08-02 00:59:15,209 [pool-95-thread-1] INFO  server.RaftServerConfigKeys (ConfUtils.java:logGet(46)) - raft.server.sleep.deviation.threshold = 300ms (default)
2022-08-02 00:59:15,209 [pool-95-thread-1] INFO  server.RaftServer$Division (ServerState.java:<init>(107)) - cb600bcf-1c2f-4aa5-b6e8-6d568f165d12@group-4D4837CAB090: ConfigurationManager, init=-1: [cb600bcf-1c2f-4aa5-b6e8-6d568f165d12|rpc:10.1.0.31:38085|priority:1], old=null, confs=<EMPTY_MAP>
2022-08-02 00:59:15,209 [pool-95-thread-1] INFO  server.RaftServerConfigKeys (ConfUtils.java:logGet(46)) - raft.server.storage.dir = [/home/runner/work/ozone/ozone/hadoop-ozone/integration-test/target/test-dir/MiniOzoneClusterImpl-5354faea-c150-4163-8100-b2f9ddc2915f/datanode-1/data/ratis] (custom)
2022-08-02 00:59:15,209 [pool-95-thread-1] INFO  server.RaftServerConfigKeys (ConfUtils.java:logGet(46)) - raft.server.log.corruption.policy = EXCEPTION (default)
2022-08-02 00:59:15,209 [pool-95-thread-1] INFO  server.RaftServerConfigKeys (ConfUtils.java:logGet(46)) - raft.server.storage.free-space.min = 0MB (=0) (default)
2022-08-02 00:59:15,209 [pool-95-thread-1] INFO  storage.RaftStorageDirectory (RaftStorageDirectoryImpl.java:analyzeStorage(135)) - The storage directory /home/runner/work/ozone/ozone/hadoop-ozone/integration-test/target/test-dir/MiniOzoneClusterImpl-5354faea-c150-4163-8100-b2f9ddc2915f/datanode-1/data/ratis/392f05cb-2b44-49ab-ab6e-4d4837cab090 does not exist. Creating ...
2022-08-02 00:59:15,211 [pool-95-thread-1] INFO  storage.RaftStorageDirectory (RaftStorageDirectoryImpl.java:tryLock(230)) - Lock on /home/runner/work/ozone/ozone/hadoop-ozone/integration-test/target/test-dir/MiniOzoneClusterImpl-5354faea-c150-4163-8100-b2f9ddc2915f/datanode-1/data/ratis/392f05cb-2b44-49ab-ab6e-4d4837cab090/in_use.lock acquired by nodename 4034@fv-az164-385
2022-08-02 00:59:15,212 [pool-95-thread-1] INFO  storage.RaftStorage (RaftStorageImpl.java:format(89)) - Storage directory /home/runner/work/ozone/ozone/hadoop-ozone/integration-test/target/test-dir/MiniOzoneClusterImpl-5354faea-c150-4163-8100-b2f9ddc2915f/datanode-1/data/ratis/392f05cb-2b44-49ab-ab6e-4d4837cab090 has been successfully formatted.
2022-08-02 00:59:15,213 [pool-95-thread-1] INFO  ratis.ContainerStateMachine (ContainerStateMachine.java:loadSnapshot(236)) - group-4D4837CAB090: The snapshot info is null. Setting the last applied indexto:(t:0, i:~)
2022-08-02 00:59:15,223 [pool-95-thread-1] INFO  server.RaftServerConfigKeys (ConfUtils.java:logGet(46)) - raft.server.notification.no-leader.timeout = 300s (custom)
2022-08-02 00:59:15,223 [pool-95-thread-1] INFO  server.RaftServerConfigKeys (ConfUtils.java:logGet(46)) - raft.server.log.use.memory = false (default)
2022-08-02 00:59:15,223 [pool-95-thread-1] INFO  server.RaftServerConfigKeys (ConfUtils.java:logGet(46)) - raft.server.log.purge.gap = 1000000 (custom)
2022-08-02 00:59:15,223 [pool-95-thread-1] INFO  server.RaftServerConfigKeys (ConfUtils.java:logGet(46)) - raft.server.log.appender.buffer.byte-limit = 33554432 (custom)
2022-08-02 00:59:15,223 [pool-95-thread-1] INFO  server.RaftServerConfigKeys (ConfUtils.java:logGet(46)) - raft.server.log.statemachine.data.read.timeout = 1000ms (default)
2022-08-02 00:59:15,223 [pool-95-thread-1] INFO  server.RaftServerConfigKeys (ConfUtils.java:logGet(46)) - raft.server.log.segment.size.max = 1048576 (custom)
2022-08-02 00:59:15,225 [EventQueue-PipelineReportForPipelineReportHandler] INFO  pipeline.PipelineManagerImpl (PipelineManagerImpl.java:openPipeline(367)) - Pipeline Pipeline[ Id: 392f05cb-2b44-49ab-ab6e-4d4837cab090, Nodes: cb600bcf-1c2f-4aa5-b6e8-6d568f165d12{ip: 10.1.0.31, host: fv-az164-385.acqy4frhnxdelaro313li45hge.dx.internal.cloudapp.net, ports: [REPLICATION=46367, RATIS=38085, RATIS_ADMIN=38085, RATIS_SERVER=38085, STANDALONE=38847], networkLocation: /default-rack, certSerialId: null, persistedOpState: IN_SERVICE, persistedOpStateExpiryEpochSec: 0}, ReplicationConfig: RATIS/ONE, State:ALLOCATED, leaderId:cb600bcf-1c2f-4aa5-b6e8-6d568f165d12, CreationTimestamp2022-08-02T00:59:12.201Z[Etc/UTC]] moved to OPEN state
2022-08-02 00:59:15,225 [EventQueue-OpenPipelineForHealthyPipelineSafeModeRule] INFO  safemode.SCMSafeModeManager (HealthyPipelineSafeModeRule.java:process(137)) - SCM in safe mode. Healthy pipelines reported count is 0, required healthy pipeline reported count is 1
2022-08-02 00:59:15,226 [pool-95-thread-1] INFO  server.RaftServerConfigKeys (ConfUtils.java:logGet(46)) - raft.server.log.segment.cache.num.max = 2 (custom)
2022-08-02 00:59:15,229 [pool-95-thread-1] INFO  server.RaftServerConfigKeys (ConfUtils.java:logGet(46)) - raft.server.log.segment.cache.size.max = 200MB (=209715200) (default)
2022-08-02 00:59:15,229 [pool-95-thread-1] INFO  segmented.SegmentedRaftLogWorker (SegmentedRaftLogWorker.java:<init>(187)) - new cb600bcf-1c2f-4aa5-b6e8-6d568f165d12@group-4D4837CAB090-SegmentedRaftLogWorker for RaftStorageImpl:Storage Directory /home/runner/work/ozone/ozone/hadoop-ozone/integration-test/target/test-dir/MiniOzoneClusterImpl-5354faea-c150-4163-8100-b2f9ddc2915f/datanode-1/data/ratis/392f05cb-2b44-49ab-ab6e-4d4837cab090
2022-08-02 00:59:15,229 [pool-95-thread-1] INFO  server.RaftServerConfigKeys (ConfUtils.java:logGet(46)) - raft.server.log.queue.byte-limit = 4294967296 (custom)
2022-08-02 00:59:15,229 [pool-95-thread-1] INFO  server.RaftServerConfigKeys (ConfUtils.java:logGet(46)) - raft.server.log.queue.element-limit = 1024 (custom)
2022-08-02 00:59:15,229 [pool-95-thread-1] INFO  server.RaftServerConfigKeys (ConfUtils.java:logGet(46)) - raft.server.log.segment.size.max = 1048576 (custom)
2022-08-02 00:59:15,229 [pool-95-thread-1] INFO  server.RaftServerConfigKeys (ConfUtils.java:logGet(46)) - raft.server.log.preallocated.size = 16384 (custom)
2022-08-02 00:59:15,229 [pool-95-thread-1] INFO  server.RaftServerConfigKeys (ConfUtils.java:logGet(46)) - raft.server.log.force.sync.num = 128 (default)
2022-08-02 00:59:15,229 [pool-95-thread-1] INFO  server.RaftServerConfigKeys (ConfUtils.java:logGet(46)) - raft.server.log.statemachine.data.sync = true (default)
2022-08-02 00:59:15,229 [pool-95-thread-1] INFO  server.RaftServerConfigKeys (ConfUtils.java:logGet(46)) - raft.server.log.statemachine.data.sync.timeout = 10s (default)
2022-08-02 00:59:15,229 [pool-95-thread-1] INFO  server.RaftServerConfigKeys (ConfUtils.java:logGet(46)) - raft.server.log.statemachine.data.sync.timeout.retry = -1 (default)
2022-08-02 00:59:15,236 [pool-95-thread-1] INFO  server.RaftServerConfigKeys (ConfUtils.java:logGet(46)) - raft.server.log.write.buffer.size = 1048576 (custom)
2022-08-02 00:59:15,237 [pool-95-thread-1] INFO  server.RaftServerConfigKeys (ConfUtils.java:logGet(46)) - raft.server.log.unsafe-flush.enabled = false (default)
2022-08-02 00:59:15,237 [pool-95-thread-1] INFO  server.RaftServerConfigKeys (ConfUtils.java:logGet(46)) - raft.server.log.statemachine.data.caching.enabled = true (custom)
2022-08-02 00:59:15,237 [pool-95-thread-1] INFO  segmented.SegmentedRaftLogWorker (SegmentedRaftLogWorker.java:lambda$new$0(135)) - cb600bcf-1c2f-4aa5-b6e8-6d568f165d12@group-4D4837CAB090-SegmentedRaftLogWorker: flushIndex: setUnconditionally 0 -> -1
2022-08-02 00:59:15,237 [pool-95-thread-1] INFO  segmented.SegmentedRaftLogWorker (SegmentedRaftLogWorker.java:lambda$new$0(135)) - cb600bcf-1c2f-4aa5-b6e8-6d568f165d12@group-4D4837CAB090-SegmentedRaftLogWorker: safeCacheEvictIndex: setUnconditionally 0 -> -1
2022-08-02 00:59:15,238 [pool-95-thread-1] INFO  server.RaftServerConfigKeys (ConfUtils.java:logGet(46)) - raft.server.snapshot.auto.trigger.enabled = true (custom)
2022-08-02 00:59:15,238 [pool-95-thread-1] INFO  server.RaftServerConfigKeys (ConfUtils.java:logGet(46)) - raft.server.snapshot.auto.trigger.threshold = 10000 (custom)
2022-08-02 00:59:15,238 [pool-95-thread-1] INFO  server.RaftServerConfigKeys (ConfUtils.java:logGet(46)) - raft.server.snapshot.retention.file.num = 5 (custom)
2022-08-02 00:59:15,238 [pool-95-thread-1] INFO  server.RaftServerConfigKeys (ConfUtils.java:logGet(46)) - raft.server.log.purge.upto.snapshot.index = false (default)
2022-08-02 00:59:15,238 [pool-95-thread-1] INFO  server.RaftServerConfigKeys (ConfUtils.java:logGet(46)) - raft.server.retrycache.expirytime = 600000ms (custom)
2022-08-02 00:59:15,238 [pool-95-thread-1] INFO  server.RaftServerConfigKeys (ConfUtils.java:logGet(46)) - raft.server.retrycache.statistics.expirytime = 100μs (default)
2022-08-02 00:59:15,240 [pool-95-thread-1] INFO  server.RaftServerConfigKeys (ConfUtils.java:logGet(46)) - raft.server.log.appender.install.snapshot.enabled = false (custom)
2022-08-02 00:59:15,240 [pool-95-thread-1] INFO  server.RaftServerConfigKeys (ConfUtils.java:logGet(46)) - raft.server.threadpool.server.cached = true (default)
2022-08-02 00:59:15,240 [pool-95-thread-1] INFO  server.RaftServerConfigKeys (ConfUtils.java:logGet(46)) - raft.server.threadpool.server.size = 0 (default)
2022-08-02 00:59:15,241 [pool-95-thread-1] INFO  server.RaftServerConfigKeys (ConfUtils.java:logGet(46)) - raft.server.threadpool.client.cached = true (default)
2022-08-02 00:59:15,241 [pool-95-thread-1] INFO  server.RaftServerConfigKeys (ConfUtils.java:logGet(46)) - raft.server.threadpool.client.size = 0 (default)
2022-08-02 00:59:15,241 [pool-95-thread-1] INFO  server.RaftServer$Division (RaftServerImpl.java:start(310)) - cb600bcf-1c2f-4aa5-b6e8-6d568f165d12@group-4D4837CAB090: start as a follower, conf=-1: [cb600bcf-1c2f-4aa5-b6e8-6d568f165d12|rpc:10.1.0.31:38085|priority:1], old=null
2022-08-02 00:59:15,241 [pool-95-thread-1] INFO  server.RaftServer$Division (RaftServerImpl.java:setRole(299)) - cb600bcf-1c2f-4aa5-b6e8-6d568f165d12@group-4D4837CAB090: changes role from      null to FOLLOWER at term 0 for startAsFollower
2022-08-02 00:59:15,241 [pool-95-thread-1] INFO  impl.RoleInfo (RoleInfo.java:updateAndGet(139)) - cb600bcf-1c2f-4aa5-b6e8-6d568f165d12: start cb600bcf-1c2f-4aa5-b6e8-6d568f165d12@group-4D4837CAB090-FollowerState
2022-08-02 00:59:15,241 [pool-95-thread-1] INFO  util.JmxRegister (JmxRegister.java:tryRegister(44)) - Successfully registered JMX Bean with object name Ratis:service=RaftServer,group=group-4D4837CAB090,id=cb600bcf-1c2f-4aa5-b6e8-6d568f165d12
2022-08-02 00:59:15,242 [Command processor thread] INFO  ratis.XceiverServerRatis (XceiverServerRatis.java:addGroup(765)) - Created group PipelineID=392f05cb-2b44-49ab-ab6e-4d4837cab090
2022-08-02 00:59:15,242 [Command processor thread] INFO  commandhandler.CreatePipelineCommandHandler (CreatePipelineCommandHandler.java:handle(113)) - Created Pipeline RATIS ONE PipelineID=392f05cb-2b44-49ab-ab6e-4d4837cab090.
2022-08-02 00:59:15,243 [Command processor thread] INFO  server.RaftServer (RaftServerProxy.java:addNew(96)) - cb600bcf-1c2f-4aa5-b6e8-6d568f165d12: addNew group-4C838A462C10:[633d7359-78ed-48fa-bcb6-047663da1e29|rpc:10.1.0.31:44705|priority:1, cb600bcf-1c2f-4aa5-b6e8-6d568f165d12|rpc:10.1.0.31:38085|priority:0, d5e157d4-c297-43f4-abaf-f908afa77c91|rpc:10.1.0.31:38773|priority:0] returns group-4C838A462C10:java.util.concurrent.CompletableFuture@2155df3b[Not completed]
2022-08-02 00:59:15,247 [pool-95-thread-1] INFO  server.RaftServer$Division (RaftServerImpl.java:<init>(190)) - cb600bcf-1c2f-4aa5-b6e8-6d568f165d12: new RaftServerImpl for group-4C838A462C10:[633d7359-78ed-48fa-bcb6-047663da1e29|rpc:10.1.0.31:44705|priority:1, cb600bcf-1c2f-4aa5-b6e8-6d568f165d12|rpc:10.1.0.31:38085|priority:0, d5e157d4-c297-43f4-abaf-f908afa77c91|rpc:10.1.0.31:38773|priority:0] with ContainerStateMachine:uninitialized
2022-08-02 00:59:15,247 [pool-95-thread-1] INFO  server.RaftServerConfigKeys (ConfUtils.java:logGet(46)) - raft.server.rpc.timeout.min = 5s (custom)
2022-08-02 00:59:15,247 [pool-95-thread-1] INFO  server.RaftServerConfigKeys (ConfUtils.java:logGet(46)) - raft.server.rpc.timeout.max = 5200ms (custom)
2022-08-02 00:59:15,247 [pool-95-thread-1] INFO  server.RaftServerConfigKeys (ConfUtils.java:logGet(46)) - raft.server.rpc.sleep.time = 25ms (default)
2022-08-02 00:59:15,247 [pool-95-thread-1] INFO  server.RaftServerConfigKeys (ConfUtils.java:logGet(46)) - raft.server.rpc.slowness.timeout = 300s (custom)
2022-08-02 00:59:15,247 [pool-95-thread-1] INFO  server.RaftServerConfigKeys (ConfUtils.java:logGet(46)) - raft.server.leaderelection.leader.step-down.wait-time = 10s (default)
2022-08-02 00:59:15,247 [pool-95-thread-1] INFO  server.RaftServerConfigKeys (ConfUtils.java:logGet(46)) - raft.server.sleep.deviation.threshold = 300ms (default)
2022-08-02 00:59:15,248 [pool-95-thread-1] INFO  server.RaftServer$Division (ServerState.java:<init>(107)) - cb600bcf-1c2f-4aa5-b6e8-6d568f165d12@group-4C838A462C10: ConfigurationManager, init=-1: [633d7359-78ed-48fa-bcb6-047663da1e29|rpc:10.1.0.31:44705|priority:1, cb600bcf-1c2f-4aa5-b6e8-6d568f165d12|rpc:10.1.0.31:38085|priority:0, d5e157d4-c297-43f4-abaf-f908afa77c91|rpc:10.1.0.31:38773|priority:0], old=null, confs=<EMPTY_MAP>
2022-08-02 00:59:15,248 [pool-95-thread-1] INFO  server.RaftServerConfigKeys (ConfUtils.java:logGet(46)) - raft.server.storage.dir = [/home/runner/work/ozone/ozone/hadoop-ozone/integration-test/target/test-dir/MiniOzoneClusterImpl-5354faea-c150-4163-8100-b2f9ddc2915f/datanode-1/data/ratis] (custom)
2022-08-02 00:59:15,248 [pool-95-thread-1] INFO  server.RaftServerConfigKeys (ConfUtils.java:logGet(46)) - raft.server.log.corruption.policy = EXCEPTION (default)
2022-08-02 00:59:15,248 [pool-95-thread-1] INFO  server.RaftServerConfigKeys (ConfUtils.java:logGet(46)) - raft.server.storage.free-space.min = 0MB (=0) (default)
2022-08-02 00:59:15,248 [pool-95-thread-1] INFO  storage.RaftStorageDirectory (RaftStorageDirectoryImpl.java:analyzeStorage(135)) - The storage directory /home/runner/work/ozone/ozone/hadoop-ozone/integration-test/target/test-dir/MiniOzoneClusterImpl-5354faea-c150-4163-8100-b2f9ddc2915f/datanode-1/data/ratis/5f17a4d3-824c-4efb-a137-4c838a462c10 does not exist. Creating ...
2022-08-02 00:59:15,250 [pool-95-thread-1] INFO  storage.RaftStorageDirectory (RaftStorageDirectoryImpl.java:tryLock(230)) - Lock on /home/runner/work/ozone/ozone/hadoop-ozone/integration-test/target/test-dir/MiniOzoneClusterImpl-5354faea-c150-4163-8100-b2f9ddc2915f/datanode-1/data/ratis/5f17a4d3-824c-4efb-a137-4c838a462c10/in_use.lock acquired by nodename 4034@fv-az164-385
2022-08-02 00:59:15,252 [pool-95-thread-1] INFO  storage.RaftStorage (RaftStorageImpl.java:format(89)) - Storage directory /home/runner/work/ozone/ozone/hadoop-ozone/integration-test/target/test-dir/MiniOzoneClusterImpl-5354faea-c150-4163-8100-b2f9ddc2915f/datanode-1/data/ratis/5f17a4d3-824c-4efb-a137-4c838a462c10 has been successfully formatted.
2022-08-02 00:59:15,255 [pool-95-thread-1] INFO  ratis.ContainerStateMachine (ContainerStateMachine.java:loadSnapshot(236)) - group-4C838A462C10: The snapshot info is null. Setting the last applied indexto:(t:0, i:~)
2022-08-02 00:59:15,256 [EventQueue-OpenPipelineForHealthyPipelineSafeModeRule] INFO  safemode.SCMSafeModeManager (HealthyPipelineSafeModeRule.java:process(137)) - SCM in safe mode. Healthy pipelines reported count is 0, required healthy pipeline reported count is 1
2022-08-02 00:59:15,257 [pool-95-thread-1] INFO  server.RaftServerConfigKeys (ConfUtils.java:logGet(46)) - raft.server.notification.no-leader.timeout = 300s (custom)
2022-08-02 00:59:15,257 [pool-95-thread-1] INFO  server.RaftServerConfigKeys (ConfUtils.java:logGet(46)) - raft.server.log.use.memory = false (default)
2022-08-02 00:59:15,257 [pool-95-thread-1] INFO  server.RaftServerConfigKeys (ConfUtils.java:logGet(46)) - raft.server.log.purge.gap = 1000000 (custom)
2022-08-02 00:59:15,257 [pool-95-thread-1] INFO  server.RaftServerConfigKeys (ConfUtils.java:logGet(46)) - raft.server.log.appender.buffer.byte-limit = 33554432 (custom)
2022-08-02 00:59:15,257 [pool-95-thread-1] INFO  server.RaftServerConfigKeys (ConfUtils.java:logGet(46)) - raft.server.log.statemachine.data.read.timeout = 1000ms (default)
2022-08-02 00:59:15,257 [pool-95-thread-1] INFO  server.RaftServerConfigKeys (ConfUtils.java:logGet(46)) - raft.server.log.segment.size.max = 1048576 (custom)
2022-08-02 00:59:15,261 [pool-95-thread-1] INFO  server.RaftServerConfigKeys (ConfUtils.java:logGet(46)) - raft.server.log.segment.cache.num.max = 2 (custom)
2022-08-02 00:59:15,261 [pool-95-thread-1] INFO  server.RaftServerConfigKeys (ConfUtils.java:logGet(46)) - raft.server.log.segment.cache.size.max = 200MB (=209715200) (default)
2022-08-02 00:59:15,261 [pool-95-thread-1] INFO  segmented.SegmentedRaftLogWorker (SegmentedRaftLogWorker.java:<init>(187)) - new cb600bcf-1c2f-4aa5-b6e8-6d568f165d12@group-4C838A462C10-SegmentedRaftLogWorker for RaftStorageImpl:Storage Directory /home/runner/work/ozone/ozone/hadoop-ozone/integration-test/target/test-dir/MiniOzoneClusterImpl-5354faea-c150-4163-8100-b2f9ddc2915f/datanode-1/data/ratis/5f17a4d3-824c-4efb-a137-4c838a462c10
2022-08-02 00:59:15,261 [pool-95-thread-1] INFO  server.RaftServerConfigKeys (ConfUtils.java:logGet(46)) - raft.server.log.queue.byte-limit = 4294967296 (custom)
2022-08-02 00:59:15,261 [pool-95-thread-1] INFO  server.RaftServerConfigKeys (ConfUtils.java:logGet(46)) - raft.server.log.queue.element-limit = 1024 (custom)
2022-08-02 00:59:15,261 [pool-95-thread-1] INFO  server.RaftServerConfigKeys (ConfUtils.java:logGet(46)) - raft.server.log.segment.size.max = 1048576 (custom)
2022-08-02 00:59:15,261 [pool-95-thread-1] INFO  server.RaftServerConfigKeys (ConfUtils.java:logGet(46)) - raft.server.log.preallocated.size = 16384 (custom)
2022-08-02 00:59:15,261 [pool-95-thread-1] INFO  server.RaftServerConfigKeys (ConfUtils.java:logGet(46)) - raft.server.log.force.sync.num = 128 (default)
2022-08-02 00:59:15,261 [pool-95-thread-1] INFO  server.RaftServerConfigKeys (ConfUtils.java:logGet(46)) - raft.server.log.statemachine.data.sync = true (default)
2022-08-02 00:59:15,261 [pool-95-thread-1] INFO  server.RaftServerConfigKeys (ConfUtils.java:logGet(46)) - raft.server.log.statemachine.data.sync.timeout = 10s (default)
2022-08-02 00:59:15,261 [pool-95-thread-1] INFO  server.RaftServerConfigKeys (ConfUtils.java:logGet(46)) - raft.server.log.statemachine.data.sync.timeout.retry = -1 (default)
2022-08-02 00:59:15,262 [pool-95-thread-1] INFO  server.RaftServerConfigKeys (ConfUtils.java:logGet(46)) - raft.server.log.write.buffer.size = 1048576 (custom)
2022-08-02 00:59:15,263 [pool-95-thread-1] INFO  server.RaftServerConfigKeys (ConfUtils.java:logGet(46)) - raft.server.log.unsafe-flush.enabled = false (default)
2022-08-02 00:59:15,263 [pool-95-thread-1] INFO  server.RaftServerConfigKeys (ConfUtils.java:logGet(46)) - raft.server.log.statemachine.data.caching.enabled = true (custom)
2022-08-02 00:59:15,263 [pool-95-thread-1] INFO  segmented.SegmentedRaftLogWorker (SegmentedRaftLogWorker.java:lambda$new$0(135)) - cb600bcf-1c2f-4aa5-b6e8-6d568f165d12@group-4C838A462C10-SegmentedRaftLogWorker: flushIndex: setUnconditionally 0 -> -1
2022-08-02 00:59:15,263 [pool-95-thread-1] INFO  segmented.SegmentedRaftLogWorker (SegmentedRaftLogWorker.java:lambda$new$0(135)) - cb600bcf-1c2f-4aa5-b6e8-6d568f165d12@group-4C838A462C10-SegmentedRaftLogWorker: safeCacheEvictIndex: setUnconditionally 0 -> -1
2022-08-02 00:59:15,272 [pool-95-thread-1] INFO  server.RaftServerConfigKeys (ConfUtils.java:logGet(46)) - raft.server.snapshot.auto.trigger.enabled = true (custom)
2022-08-02 00:59:15,273 [pool-95-thread-1] INFO  server.RaftServerConfigKeys (ConfUtils.java:logGet(46)) - raft.server.snapshot.auto.trigger.threshold = 10000 (custom)
2022-08-02 00:59:15,273 [pool-95-thread-1] INFO  server.RaftServerConfigKeys (ConfUtils.java:logGet(46)) - raft.server.snapshot.retention.file.num = 5 (custom)
2022-08-02 00:59:15,273 [pool-95-thread-1] INFO  server.RaftServerConfigKeys (ConfUtils.java:logGet(46)) - raft.server.log.purge.upto.snapshot.index = false (default)
2022-08-02 00:59:15,273 [pool-95-thread-1] INFO  server.RaftServerConfigKeys (ConfUtils.java:logGet(46)) - raft.server.retrycache.expirytime = 600000ms (custom)
2022-08-02 00:59:15,273 [pool-95-thread-1] INFO  server.RaftServerConfigKeys (ConfUtils.java:logGet(46)) - raft.server.retrycache.statistics.expirytime = 100μs (default)
2022-08-02 00:59:15,274 [pool-95-thread-1] INFO  server.RaftServerConfigKeys (ConfUtils.java:logGet(46)) - raft.server.log.appender.install.snapshot.enabled = false (custom)
2022-08-02 00:59:15,274 [pool-95-thread-1] INFO  server.RaftServerConfigKeys (ConfUtils.java:logGet(46)) - raft.server.threadpool.server.cached = true (default)
2022-08-02 00:59:15,274 [pool-95-thread-1] INFO  server.RaftServerConfigKeys (ConfUtils.java:logGet(46)) - raft.server.threadpool.server.size = 0 (default)
2022-08-02 00:59:15,274 [pool-95-thread-1] INFO  server.RaftServerConfigKeys (ConfUtils.java:logGet(46)) - raft.server.threadpool.client.cached = true (default)
2022-08-02 00:59:15,274 [pool-95-thread-1] INFO  server.RaftServerConfigKeys (ConfUtils.java:logGet(46)) - raft.server.threadpool.client.size = 0 (default)
2022-08-02 00:59:15,274 [pool-95-thread-1] INFO  server.RaftServer$Division (RaftServerImpl.java:start(310)) - cb600bcf-1c2f-4aa5-b6e8-6d568f165d12@group-4C838A462C10: start as a follower, conf=-1: [633d7359-78ed-48fa-bcb6-047663da1e29|rpc:10.1.0.31:44705|priority:1, cb600bcf-1c2f-4aa5-b6e8-6d568f165d12|rpc:10.1.0.31:38085|priority:0, d5e157d4-c297-43f4-abaf-f908afa77c91|rpc:10.1.0.31:38773|priority:0], old=null
2022-08-02 00:59:15,274 [pool-95-thread-1] INFO  server.RaftServer$Division (RaftServerImpl.java:setRole(299)) - cb600bcf-1c2f-4aa5-b6e8-6d568f165d12@group-4C838A462C10: changes role from      null to FOLLOWER at term 0 for startAsFollower
2022-08-02 00:59:15,274 [pool-95-thread-1] INFO  impl.RoleInfo (RoleInfo.java:updateAndGet(139)) - cb600bcf-1c2f-4aa5-b6e8-6d568f165d12: start cb600bcf-1c2f-4aa5-b6e8-6d568f165d12@group-4C838A462C10-FollowerState
2022-08-02 00:59:15,277 [pool-95-thread-1] INFO  util.JmxRegister (JmxRegister.java:tryRegister(44)) - Successfully registered JMX Bean with object name Ratis:service=RaftServer,group=group-4C838A462C10,id=cb600bcf-1c2f-4aa5-b6e8-6d568f165d12
2022-08-02 00:59:15,282 [Command processor thread] INFO  ratis.XceiverServerRatis (XceiverServerRatis.java:addGroup(765)) - Created group PipelineID=5f17a4d3-824c-4efb-a137-4c838a462c10
2022-08-02 00:59:15,323 [grpc-default-executor-1] INFO  server.RaftServer (RaftServerProxy.java:addNew(96)) - 633d7359-78ed-48fa-bcb6-047663da1e29: addNew group-4C838A462C10:[633d7359-78ed-48fa-bcb6-047663da1e29|rpc:10.1.0.31:44705|dataStream:|priority:1, cb600bcf-1c2f-4aa5-b6e8-6d568f165d12|rpc:10.1.0.31:38085|dataStream:|priority:0, d5e157d4-c297-43f4-abaf-f908afa77c91|rpc:10.1.0.31:38773|dataStream:|priority:0] returns group-4C838A462C10:java.util.concurrent.CompletableFuture@7ca035eb[Not completed]
2022-08-02 00:59:15,325 [pool-118-thread-1] INFO  server.RaftServer$Division (RaftServerImpl.java:<init>(190)) - 633d7359-78ed-48fa-bcb6-047663da1e29: new RaftServerImpl for group-4C838A462C10:[633d7359-78ed-48fa-bcb6-047663da1e29|rpc:10.1.0.31:44705|dataStream:|priority:1, cb600bcf-1c2f-4aa5-b6e8-6d568f165d12|rpc:10.1.0.31:38085|dataStream:|priority:0, d5e157d4-c297-43f4-abaf-f908afa77c91|rpc:10.1.0.31:38773|dataStream:|priority:0] with ContainerStateMachine:uninitialized
2022-08-02 00:59:15,325 [pool-118-thread-1] INFO  server.RaftServerConfigKeys (ConfUtils.java:logGet(46)) - raft.server.rpc.timeout.min = 5s (custom)
2022-08-02 00:59:15,325 [pool-118-thread-1] INFO  server.RaftServerConfigKeys (ConfUtils.java:logGet(46)) - raft.server.rpc.timeout.max = 5200ms (custom)
2022-08-02 00:59:15,326 [pool-118-thread-1] INFO  server.RaftServerConfigKeys (ConfUtils.java:logGet(46)) - raft.server.rpc.sleep.time = 25ms (default)
2022-08-02 00:59:15,326 [pool-118-thread-1] INFO  server.RaftServerConfigKeys (ConfUtils.java:logGet(46)) - raft.server.rpc.slowness.timeout = 300s (custom)
2022-08-02 00:59:15,326 [pool-118-thread-1] INFO  server.RaftServerConfigKeys (ConfUtils.java:logGet(46)) - raft.server.leaderelection.leader.step-down.wait-time = 10s (default)
2022-08-02 00:59:15,326 [pool-118-thread-1] INFO  server.RaftServerConfigKeys (ConfUtils.java:logGet(46)) - raft.server.sleep.deviation.threshold = 300ms (default)
2022-08-02 00:59:15,326 [pool-118-thread-1] INFO  server.RaftServer$Division (ServerState.java:<init>(107)) - 633d7359-78ed-48fa-bcb6-047663da1e29@group-4C838A462C10: ConfigurationManager, init=-1: [633d7359-78ed-48fa-bcb6-047663da1e29|rpc:10.1.0.31:44705|dataStream:|priority:1, cb600bcf-1c2f-4aa5-b6e8-6d568f165d12|rpc:10.1.0.31:38085|dataStream:|priority:0, d5e157d4-c297-43f4-abaf-f908afa77c91|rpc:10.1.0.31:38773|dataStream:|priority:0], old=null, confs=<EMPTY_MAP>
2022-08-02 00:59:15,326 [pool-118-thread-1] INFO  server.RaftServerConfigKeys (ConfUtils.java:logGet(46)) - raft.server.storage.dir = [/home/runner/work/ozone/ozone/hadoop-ozone/integration-test/target/test-dir/MiniOzoneClusterImpl-5354faea-c150-4163-8100-b2f9ddc2915f/datanode-2/data/ratis] (custom)
2022-08-02 00:59:15,326 [pool-118-thread-1] INFO  server.RaftServerConfigKeys (ConfUtils.java:logGet(46)) - raft.server.log.corruption.policy = EXCEPTION (default)
2022-08-02 00:59:15,326 [pool-118-thread-1] INFO  server.RaftServerConfigKeys (ConfUtils.java:logGet(46)) - raft.server.storage.free-space.min = 0MB (=0) (default)
2022-08-02 00:59:15,326 [pool-118-thread-1] INFO  storage.RaftStorageDirectory (RaftStorageDirectoryImpl.java:analyzeStorage(135)) - The storage directory /home/runner/work/ozone/ozone/hadoop-ozone/integration-test/target/test-dir/MiniOzoneClusterImpl-5354faea-c150-4163-8100-b2f9ddc2915f/datanode-2/data/ratis/5f17a4d3-824c-4efb-a137-4c838a462c10 does not exist. Creating ...
2022-08-02 00:59:15,334 [pool-118-thread-1] INFO  storage.RaftStorageDirectory (RaftStorageDirectoryImpl.java:tryLock(230)) - Lock on /home/runner/work/ozone/ozone/hadoop-ozone/integration-test/target/test-dir/MiniOzoneClusterImpl-5354faea-c150-4163-8100-b2f9ddc2915f/datanode-2/data/ratis/5f17a4d3-824c-4efb-a137-4c838a462c10/in_use.lock acquired by nodename 4034@fv-az164-385
2022-08-02 00:59:15,337 [pool-118-thread-1] INFO  storage.RaftStorage (RaftStorageImpl.java:format(89)) - Storage directory /home/runner/work/ozone/ozone/hadoop-ozone/integration-test/target/test-dir/MiniOzoneClusterImpl-5354faea-c150-4163-8100-b2f9ddc2915f/datanode-2/data/ratis/5f17a4d3-824c-4efb-a137-4c838a462c10 has been successfully formatted.
2022-08-02 00:59:15,338 [pool-118-thread-1] INFO  ratis.ContainerStateMachine (ContainerStateMachine.java:loadSnapshot(236)) - group-4C838A462C10: The snapshot info is null. Setting the last applied indexto:(t:0, i:~)
2022-08-02 00:59:15,339 [pool-118-thread-1] INFO  server.RaftServerConfigKeys (ConfUtils.java:logGet(46)) - raft.server.notification.no-leader.timeout = 300s (custom)
2022-08-02 00:59:15,339 [pool-118-thread-1] INFO  server.RaftServerConfigKeys (ConfUtils.java:logGet(46)) - raft.server.log.use.memory = false (default)
2022-08-02 00:59:15,339 [pool-118-thread-1] INFO  server.RaftServerConfigKeys (ConfUtils.java:logGet(46)) - raft.server.log.purge.gap = 1000000 (custom)
2022-08-02 00:59:15,339 [pool-118-thread-1] INFO  server.RaftServerConfigKeys (ConfUtils.java:logGet(46)) - raft.server.log.appender.buffer.byte-limit = 33554432 (custom)
2022-08-02 00:59:15,339 [pool-118-thread-1] INFO  server.RaftServerConfigKeys (ConfUtils.java:logGet(46)) - raft.server.log.statemachine.data.read.timeout = 1000ms (default)
2022-08-02 00:59:15,339 [pool-118-thread-1] INFO  server.RaftServerConfigKeys (ConfUtils.java:logGet(46)) - raft.server.log.segment.size.max = 1048576 (custom)
2022-08-02 00:59:15,340 [pool-118-thread-1] INFO  server.RaftServerConfigKeys (ConfUtils.java:logGet(46)) - raft.server.log.segment.cache.num.max = 2 (custom)
2022-08-02 00:59:15,340 [pool-118-thread-1] INFO  server.RaftServerConfigKeys (ConfUtils.java:logGet(46)) - raft.server.log.segment.cache.size.max = 200MB (=209715200) (default)
2022-08-02 00:59:15,340 [pool-118-thread-1] INFO  segmented.SegmentedRaftLogWorker (SegmentedRaftLogWorker.java:<init>(187)) - new 633d7359-78ed-48fa-bcb6-047663da1e29@group-4C838A462C10-SegmentedRaftLogWorker for RaftStorageImpl:Storage Directory /home/runner/work/ozone/ozone/hadoop-ozone/integration-test/target/test-dir/MiniOzoneClusterImpl-5354faea-c150-4163-8100-b2f9ddc2915f/datanode-2/data/ratis/5f17a4d3-824c-4efb-a137-4c838a462c10
2022-08-02 00:59:15,340 [pool-118-thread-1] INFO  server.RaftServerConfigKeys (ConfUtils.java:logGet(46)) - raft.server.log.queue.byte-limit = 4294967296 (custom)
2022-08-02 00:59:15,340 [pool-118-thread-1] INFO  server.RaftServerConfigKeys (ConfUtils.java:logGet(46)) - raft.server.log.queue.element-limit = 1024 (custom)
2022-08-02 00:59:15,340 [pool-118-thread-1] INFO  server.RaftServerConfigKeys (ConfUtils.java:logGet(46)) - raft.server.log.segment.size.max = 1048576 (custom)
2022-08-02 00:59:15,340 [pool-118-thread-1] INFO  server.RaftServerConfigKeys (ConfUtils.java:logGet(46)) - raft.server.log.preallocated.size = 16384 (custom)
2022-08-02 00:59:15,340 [pool-118-thread-1] INFO  server.RaftServerConfigKeys (ConfUtils.java:logGet(46)) - raft.server.log.force.sync.num = 128 (default)
2022-08-02 00:59:15,340 [pool-118-thread-1] INFO  server.RaftServerConfigKeys (ConfUtils.java:logGet(46)) - raft.server.log.statemachine.data.sync = true (default)
2022-08-02 00:59:15,340 [pool-118-thread-1] INFO  server.RaftServerConfigKeys (ConfUtils.java:logGet(46)) - raft.server.log.statemachine.data.sync.timeout = 10s (default)
2022-08-02 00:59:15,340 [pool-118-thread-1] INFO  server.RaftServerConfigKeys (ConfUtils.java:logGet(46)) - raft.server.log.statemachine.data.sync.timeout.retry = -1 (default)
2022-08-02 00:59:15,342 [pool-118-thread-1] INFO  server.RaftServerConfigKeys (ConfUtils.java:logGet(46)) - raft.server.log.write.buffer.size = 1048576 (custom)
2022-08-02 00:59:15,343 [pool-118-thread-1] INFO  server.RaftServerConfigKeys (ConfUtils.java:logGet(46)) - raft.server.log.unsafe-flush.enabled = false (default)
2022-08-02 00:59:15,343 [pool-118-thread-1] INFO  server.RaftServerConfigKeys (ConfUtils.java:logGet(46)) - raft.server.log.statemachine.data.caching.enabled = true (custom)
2022-08-02 00:59:15,343 [pool-118-thread-1] INFO  segmented.SegmentedRaftLogWorker (SegmentedRaftLogWorker.java:lambda$new$0(135)) - 633d7359-78ed-48fa-bcb6-047663da1e29@group-4C838A462C10-SegmentedRaftLogWorker: flushIndex: setUnconditionally 0 -> -1
2022-08-02 00:59:15,343 [pool-118-thread-1] INFO  segmented.SegmentedRaftLogWorker (SegmentedRaftLogWorker.java:lambda$new$0(135)) - 633d7359-78ed-48fa-bcb6-047663da1e29@group-4C838A462C10-SegmentedRaftLogWorker: safeCacheEvictIndex: setUnconditionally 0 -> -1
2022-08-02 00:59:15,349 [pool-118-thread-1] INFO  server.RaftServerConfigKeys (ConfUtils.java:logGet(46)) - raft.server.snapshot.auto.trigger.enabled = true (custom)
2022-08-02 00:59:15,349 [pool-118-thread-1] INFO  server.RaftServerConfigKeys (ConfUtils.java:logGet(46)) - raft.server.snapshot.auto.trigger.threshold = 10000 (custom)
2022-08-02 00:59:15,349 [pool-118-thread-1] INFO  server.RaftServerConfigKeys (ConfUtils.java:logGet(46)) - raft.server.snapshot.retention.file.num = 5 (custom)
2022-08-02 00:59:15,349 [pool-118-thread-1] INFO  server.RaftServerConfigKeys (ConfUtils.java:logGet(46)) - raft.server.log.purge.upto.snapshot.index = false (default)
2022-08-02 00:59:15,349 [pool-118-thread-1] INFO  server.RaftServerConfigKeys (ConfUtils.java:logGet(46)) - raft.server.retrycache.expirytime = 600000ms (custom)
2022-08-02 00:59:15,349 [pool-118-thread-1] INFO  server.RaftServerConfigKeys (ConfUtils.java:logGet(46)) - raft.server.retrycache.statistics.expirytime = 100μs (default)
2022-08-02 00:59:15,350 [pool-118-thread-1] INFO  server.RaftServerConfigKeys (ConfUtils.java:logGet(46)) - raft.server.log.appender.install.snapshot.enabled = false (custom)
2022-08-02 00:59:15,350 [pool-118-thread-1] INFO  server.RaftServerConfigKeys (ConfUtils.java:logGet(46)) - raft.server.threadpool.server.cached = true (default)
2022-08-02 00:59:15,350 [pool-118-thread-1] INFO  server.RaftServerConfigKeys (ConfUtils.java:logGet(46)) - raft.server.threadpool.server.size = 0 (default)
2022-08-02 00:59:15,350 [pool-118-thread-1] INFO  server.RaftServerConfigKeys (ConfUtils.java:logGet(46)) - raft.server.threadpool.client.cached = true (default)
2022-08-02 00:59:15,350 [pool-118-thread-1] INFO  server.RaftServerConfigKeys (ConfUtils.java:logGet(46)) - raft.server.threadpool.client.size = 0 (default)
2022-08-02 00:59:15,350 [pool-118-thread-1] INFO  server.RaftServer$Division (RaftServerImpl.java:start(310)) - 633d7359-78ed-48fa-bcb6-047663da1e29@group-4C838A462C10: start as a follower, conf=-1: [633d7359-78ed-48fa-bcb6-047663da1e29|rpc:10.1.0.31:44705|dataStream:|priority:1, cb600bcf-1c2f-4aa5-b6e8-6d568f165d12|rpc:10.1.0.31:38085|dataStream:|priority:0, d5e157d4-c297-43f4-abaf-f908afa77c91|rpc:10.1.0.31:38773|dataStream:|priority:0], old=null
2022-08-02 00:59:15,350 [pool-118-thread-1] INFO  server.RaftServer$Division (RaftServerImpl.java:setRole(299)) - 633d7359-78ed-48fa-bcb6-047663da1e29@group-4C838A462C10: changes role from      null to FOLLOWER at term 0 for startAsFollower
2022-08-02 00:59:15,350 [pool-118-thread-1] INFO  impl.RoleInfo (RoleInfo.java:updateAndGet(139)) - 633d7359-78ed-48fa-bcb6-047663da1e29: start 633d7359-78ed-48fa-bcb6-047663da1e29@group-4C838A462C10-FollowerState
2022-08-02 00:59:15,357 [pool-118-thread-1] INFO  util.JmxRegister (JmxRegister.java:tryRegister(44)) - Successfully registered JMX Bean with object name Ratis:service=RaftServer,group=group-4C838A462C10,id=633d7359-78ed-48fa-bcb6-047663da1e29
2022-08-02 00:59:15,452 [Command processor thread] INFO  commandhandler.CreatePipelineCommandHandler (CreatePipelineCommandHandler.java:handle(113)) - Created Pipeline RATIS THREE PipelineID=5f17a4d3-824c-4efb-a137-4c838a462c10.
2022-08-02 00:59:15,456 [Command processor thread] INFO  commandhandler.CreatePipelineCommandHandler (CreatePipelineCommandHandler.java:handle(113)) - Created Pipeline RATIS THREE PipelineID=5f17a4d3-824c-4efb-a137-4c838a462c10.
2022-08-02 00:59:15,535 [Command processor thread] INFO  server.RaftServer (RaftServerProxy.java:addNew(96)) - 633d7359-78ed-48fa-bcb6-047663da1e29: addNew group-59FF8890AC1D:[633d7359-78ed-48fa-bcb6-047663da1e29|rpc:10.1.0.31:44705|priority:1] returns group-59FF8890AC1D:java.util.concurrent.CompletableFuture@2d9d9525[Not completed]
2022-08-02 00:59:15,536 [pool-118-thread-1] INFO  server.RaftServer$Division (RaftServerImpl.java:<init>(190)) - 633d7359-78ed-48fa-bcb6-047663da1e29: new RaftServerImpl for group-59FF8890AC1D:[633d7359-78ed-48fa-bcb6-047663da1e29|rpc:10.1.0.31:44705|priority:1] with ContainerStateMachine:uninitialized
2022-08-02 00:59:15,536 [pool-118-thread-1] INFO  server.RaftServerConfigKeys (ConfUtils.java:logGet(46)) - raft.server.rpc.timeout.min = 5s (custom)
2022-08-02 00:59:15,536 [pool-118-thread-1] INFO  server.RaftServerConfigKeys (ConfUtils.java:logGet(46)) - raft.server.rpc.timeout.max = 5200ms (custom)
2022-08-02 00:59:15,536 [pool-118-thread-1] INFO  server.RaftServerConfigKeys (ConfUtils.java:logGet(46)) - raft.server.rpc.sleep.time = 25ms (default)
2022-08-02 00:59:15,537 [pool-118-thread-1] INFO  server.RaftServerConfigKeys (ConfUtils.java:logGet(46)) - raft.server.rpc.slowness.timeout = 300s (custom)
2022-08-02 00:59:15,537 [pool-118-thread-1] INFO  server.RaftServerConfigKeys (ConfUtils.java:logGet(46)) - raft.server.leaderelection.leader.step-down.wait-time = 10s (default)
2022-08-02 00:59:15,537 [pool-118-thread-1] INFO  server.RaftServerConfigKeys (ConfUtils.java:logGet(46)) - raft.server.sleep.deviation.threshold = 300ms (default)
2022-08-02 00:59:15,537 [pool-118-thread-1] INFO  server.RaftServer$Division (ServerState.java:<init>(107)) - 633d7359-78ed-48fa-bcb6-047663da1e29@group-59FF8890AC1D: ConfigurationManager, init=-1: [633d7359-78ed-48fa-bcb6-047663da1e29|rpc:10.1.0.31:44705|priority:1], old=null, confs=<EMPTY_MAP>
2022-08-02 00:59:15,537 [pool-118-thread-1] INFO  server.RaftServerConfigKeys (ConfUtils.java:logGet(46)) - raft.server.storage.dir = [/home/runner/work/ozone/ozone/hadoop-ozone/integration-test/target/test-dir/MiniOzoneClusterImpl-5354faea-c150-4163-8100-b2f9ddc2915f/datanode-2/data/ratis] (custom)
2022-08-02 00:59:15,537 [pool-118-thread-1] INFO  server.RaftServerConfigKeys (ConfUtils.java:logGet(46)) - raft.server.log.corruption.policy = EXCEPTION (default)
2022-08-02 00:59:15,537 [pool-118-thread-1] INFO  server.RaftServerConfigKeys (ConfUtils.java:logGet(46)) - raft.server.storage.free-space.min = 0MB (=0) (default)
2022-08-02 00:59:15,537 [pool-118-thread-1] INFO  storage.RaftStorageDirectory (RaftStorageDirectoryImpl.java:analyzeStorage(135)) - The storage directory /home/runner/work/ozone/ozone/hadoop-ozone/integration-test/target/test-dir/MiniOzoneClusterImpl-5354faea-c150-4163-8100-b2f9ddc2915f/datanode-2/data/ratis/c32ad145-6c30-4aab-89ac-59ff8890ac1d does not exist. Creating ...
2022-08-02 00:59:15,539 [pool-118-thread-1] INFO  storage.RaftStorageDirectory (RaftStorageDirectoryImpl.java:tryLock(230)) - Lock on /home/runner/work/ozone/ozone/hadoop-ozone/integration-test/target/test-dir/MiniOzoneClusterImpl-5354faea-c150-4163-8100-b2f9ddc2915f/datanode-2/data/ratis/c32ad145-6c30-4aab-89ac-59ff8890ac1d/in_use.lock acquired by nodename 4034@fv-az164-385
2022-08-02 00:59:15,541 [pool-118-thread-1] INFO  storage.RaftStorage (RaftStorageImpl.java:format(89)) - Storage directory /home/runner/work/ozone/ozone/hadoop-ozone/integration-test/target/test-dir/MiniOzoneClusterImpl-5354faea-c150-4163-8100-b2f9ddc2915f/datanode-2/data/ratis/c32ad145-6c30-4aab-89ac-59ff8890ac1d has been successfully formatted.
2022-08-02 00:59:15,541 [pool-118-thread-1] INFO  ratis.ContainerStateMachine (ContainerStateMachine.java:loadSnapshot(236)) - group-59FF8890AC1D: The snapshot info is null. Setting the last applied indexto:(t:0, i:~)
2022-08-02 00:59:15,541 [pool-118-thread-1] INFO  server.RaftServerConfigKeys (ConfUtils.java:logGet(46)) - raft.server.notification.no-leader.timeout = 300s (custom)
2022-08-02 00:59:15,541 [pool-118-thread-1] INFO  server.RaftServerConfigKeys (ConfUtils.java:logGet(46)) - raft.server.log.use.memory = false (default)
2022-08-02 00:59:15,541 [pool-118-thread-1] INFO  server.RaftServerConfigKeys (ConfUtils.java:logGet(46)) - raft.server.log.purge.gap = 1000000 (custom)
2022-08-02 00:59:15,542 [pool-118-thread-1] INFO  server.RaftServerConfigKeys (ConfUtils.java:logGet(46)) - raft.server.log.appender.buffer.byte-limit = 33554432 (custom)
2022-08-02 00:59:15,542 [pool-118-thread-1] INFO  server.RaftServerConfigKeys (ConfUtils.java:logGet(46)) - raft.server.log.statemachine.data.read.timeout = 1000ms (default)
2022-08-02 00:59:15,542 [pool-118-thread-1] INFO  server.RaftServerConfigKeys (ConfUtils.java:logGet(46)) - raft.server.log.segment.size.max = 1048576 (custom)
2022-08-02 00:59:15,542 [pool-118-thread-1] INFO  server.RaftServerConfigKeys (ConfUtils.java:logGet(46)) - raft.server.log.segment.cache.num.max = 2 (custom)
2022-08-02 00:59:15,542 [pool-118-thread-1] INFO  server.RaftServerConfigKeys (ConfUtils.java:logGet(46)) - raft.server.log.segment.cache.size.max = 200MB (=209715200) (default)
2022-08-02 00:59:15,542 [pool-118-thread-1] INFO  segmented.SegmentedRaftLogWorker (SegmentedRaftLogWorker.java:<init>(187)) - new 633d7359-78ed-48fa-bcb6-047663da1e29@group-59FF8890AC1D-SegmentedRaftLogWorker for RaftStorageImpl:Storage Directory /home/runner/work/ozone/ozone/hadoop-ozone/integration-test/target/test-dir/MiniOzoneClusterImpl-5354faea-c150-4163-8100-b2f9ddc2915f/datanode-2/data/ratis/c32ad145-6c30-4aab-89ac-59ff8890ac1d
2022-08-02 00:59:15,542 [pool-118-thread-1] INFO  server.RaftServerConfigKeys (ConfUtils.java:logGet(46)) - raft.server.log.queue.byte-limit = 4294967296 (custom)
2022-08-02 00:59:15,542 [pool-118-thread-1] INFO  server.RaftServerConfigKeys (ConfUtils.java:logGet(46)) - raft.server.log.queue.element-limit = 1024 (custom)
2022-08-02 00:59:15,543 [pool-118-thread-1] INFO  server.RaftServerConfigKeys (ConfUtils.java:logGet(46)) - raft.server.log.segment.size.max = 1048576 (custom)
2022-08-02 00:59:15,543 [pool-118-thread-1] INFO  server.RaftServerConfigKeys (ConfUtils.java:logGet(46)) - raft.server.log.preallocated.size = 16384 (custom)
2022-08-02 00:59:15,543 [pool-118-thread-1] INFO  server.RaftServerConfigKeys (ConfUtils.java:logGet(46)) - raft.server.log.force.sync.num = 128 (default)
2022-08-02 00:59:15,543 [pool-118-thread-1] INFO  server.RaftServerConfigKeys (ConfUtils.java:logGet(46)) - raft.server.log.statemachine.data.sync = true (default)
2022-08-02 00:59:15,543 [pool-118-thread-1] INFO  server.RaftServerConfigKeys (ConfUtils.java:logGet(46)) - raft.server.log.statemachine.data.sync.timeout = 10s (default)
2022-08-02 00:59:15,543 [pool-118-thread-1] INFO  server.RaftServerConfigKeys (ConfUtils.java:logGet(46)) - raft.server.log.statemachine.data.sync.timeout.retry = -1 (default)
2022-08-02 00:59:15,543 [pool-118-thread-1] INFO  server.RaftServerConfigKeys (ConfUtils.java:logGet(46)) - raft.server.log.write.buffer.size = 1048576 (custom)
2022-08-02 00:59:15,544 [pool-118-thread-1] INFO  server.RaftServerConfigKeys (ConfUtils.java:logGet(46)) - raft.server.log.unsafe-flush.enabled = false (default)
2022-08-02 00:59:15,544 [pool-118-thread-1] INFO  server.RaftServerConfigKeys (ConfUtils.java:logGet(46)) - raft.server.log.statemachine.data.caching.enabled = true (custom)
2022-08-02 00:59:15,544 [pool-118-thread-1] INFO  segmented.SegmentedRaftLogWorker (SegmentedRaftLogWorker.java:lambda$new$0(135)) - 633d7359-78ed-48fa-bcb6-047663da1e29@group-59FF8890AC1D-SegmentedRaftLogWorker: flushIndex: setUnconditionally 0 -> -1
2022-08-02 00:59:15,545 [pool-118-thread-1] INFO  segmented.SegmentedRaftLogWorker (SegmentedRaftLogWorker.java:lambda$new$0(135)) - 633d7359-78ed-48fa-bcb6-047663da1e29@group-59FF8890AC1D-SegmentedRaftLogWorker: safeCacheEvictIndex: setUnconditionally 0 -> -1
2022-08-02 00:59:15,545 [pool-118-thread-1] INFO  server.RaftServerConfigKeys (ConfUtils.java:logGet(46)) - raft.server.snapshot.auto.trigger.enabled = true (custom)
2022-08-02 00:59:15,545 [pool-118-thread-1] INFO  server.RaftServerConfigKeys (ConfUtils.java:logGet(46)) - raft.server.snapshot.auto.trigger.threshold = 10000 (custom)
2022-08-02 00:59:15,545 [pool-118-thread-1] INFO  server.RaftServerConfigKeys (ConfUtils.java:logGet(46)) - raft.server.snapshot.retention.file.num = 5 (custom)
2022-08-02 00:59:15,545 [pool-118-thread-1] INFO  server.RaftServerConfigKeys (ConfUtils.java:logGet(46)) - raft.server.log.purge.upto.snapshot.index = false (default)
2022-08-02 00:59:15,545 [pool-118-thread-1] INFO  server.RaftServerConfigKeys (ConfUtils.java:logGet(46)) - raft.server.retrycache.expirytime = 600000ms (custom)
2022-08-02 00:59:15,545 [pool-118-thread-1] INFO  server.RaftServerConfigKeys (ConfUtils.java:logGet(46)) - raft.server.retrycache.statistics.expirytime = 100μs (default)
2022-08-02 00:59:15,546 [pool-118-thread-1] INFO  server.RaftServerConfigKeys (ConfUtils.java:logGet(46)) - raft.server.log.appender.install.snapshot.enabled = false (custom)
2022-08-02 00:59:15,546 [pool-118-thread-1] INFO  server.RaftServerConfigKeys (ConfUtils.java:logGet(46)) - raft.server.threadpool.server.cached = true (default)
2022-08-02 00:59:15,546 [pool-118-thread-1] INFO  server.RaftServerConfigKeys (ConfUtils.java:logGet(46)) - raft.server.threadpool.server.size = 0 (default)
2022-08-02 00:59:15,546 [pool-118-thread-1] INFO  server.RaftServerConfigKeys (ConfUtils.java:logGet(46)) - raft.server.threadpool.client.cached = true (default)
2022-08-02 00:59:15,546 [pool-118-thread-1] INFO  server.RaftServerConfigKeys (ConfUtils.java:logGet(46)) - raft.server.threadpool.client.size = 0 (default)
2022-08-02 00:59:15,546 [pool-118-thread-1] INFO  server.RaftServer$Division (RaftServerImpl.java:start(310)) - 633d7359-78ed-48fa-bcb6-047663da1e29@group-59FF8890AC1D: start as a follower, conf=-1: [633d7359-78ed-48fa-bcb6-047663da1e29|rpc:10.1.0.31:44705|priority:1], old=null
2022-08-02 00:59:15,546 [pool-118-thread-1] INFO  server.RaftServer$Division (RaftServerImpl.java:setRole(299)) - 633d7359-78ed-48fa-bcb6-047663da1e29@group-59FF8890AC1D: changes role from      null to FOLLOWER at term 0 for startAsFollower
2022-08-02 00:59:15,546 [pool-118-thread-1] INFO  impl.RoleInfo (RoleInfo.java:updateAndGet(139)) - 633d7359-78ed-48fa-bcb6-047663da1e29: start 633d7359-78ed-48fa-bcb6-047663da1e29@group-59FF8890AC1D-FollowerState
2022-08-02 00:59:15,549 [pool-118-thread-1] INFO  util.JmxRegister (JmxRegister.java:tryRegister(44)) - Successfully registered JMX Bean with object name Ratis:service=RaftServer,group=group-59FF8890AC1D,id=633d7359-78ed-48fa-bcb6-047663da1e29
2022-08-02 00:59:15,550 [EventQueue-PipelineReportForPipelineReportHandler] INFO  pipeline.PipelineManagerImpl (PipelineManagerImpl.java:openPipeline(367)) - Pipeline Pipeline[ Id: c32ad145-6c30-4aab-89ac-59ff8890ac1d, Nodes: 633d7359-78ed-48fa-bcb6-047663da1e29{ip: 10.1.0.31, host: fv-az164-385.acqy4frhnxdelaro313li45hge.dx.internal.cloudapp.net, ports: [REPLICATION=38631, RATIS=44705, RATIS_ADMIN=44705, RATIS_SERVER=44705, STANDALONE=38683], networkLocation: /default-rack, certSerialId: null, persistedOpState: IN_SERVICE, persistedOpStateExpiryEpochSec: 0}, ReplicationConfig: RATIS/ONE, State:ALLOCATED, leaderId:633d7359-78ed-48fa-bcb6-047663da1e29, CreationTimestamp2022-08-02T00:59:12.539Z[Etc/UTC]] moved to OPEN state
2022-08-02 00:59:15,550 [Command processor thread] INFO  ratis.XceiverServerRatis (XceiverServerRatis.java:addGroup(765)) - Created group PipelineID=c32ad145-6c30-4aab-89ac-59ff8890ac1d
2022-08-02 00:59:15,551 [Command processor thread] INFO  commandhandler.CreatePipelineCommandHandler (CreatePipelineCommandHandler.java:handle(113)) - Created Pipeline RATIS ONE PipelineID=c32ad145-6c30-4aab-89ac-59ff8890ac1d.
2022-08-02 00:59:15,551 [EventQueue-OpenPipelineForHealthyPipelineSafeModeRule] INFO  safemode.SCMSafeModeManager (HealthyPipelineSafeModeRule.java:process(137)) - SCM in safe mode. Healthy pipelines reported count is 0, required healthy pipeline reported count is 1
2022-08-02 00:59:15,828 [Command processor thread] INFO  server.RaftServer (RaftServerProxy.java:addNew(96)) - 745fb3ed-7598-48f6-8d50-527171c84407: addNew group-B2E206CA8776:[745fb3ed-7598-48f6-8d50-527171c84407|rpc:10.1.0.31:37527|priority:1] returns group-B2E206CA8776:java.util.concurrent.CompletableFuture@2726b12e[Not completed]
2022-08-02 00:59:15,830 [pool-141-thread-1] INFO  server.RaftServer$Division (RaftServerImpl.java:<init>(190)) - 745fb3ed-7598-48f6-8d50-527171c84407: new RaftServerImpl for group-B2E206CA8776:[745fb3ed-7598-48f6-8d50-527171c84407|rpc:10.1.0.31:37527|priority:1] with ContainerStateMachine:uninitialized
2022-08-02 00:59:15,830 [pool-141-thread-1] INFO  server.RaftServerConfigKeys (ConfUtils.java:logGet(46)) - raft.server.rpc.timeout.min = 5s (custom)
2022-08-02 00:59:15,831 [pool-141-thread-1] INFO  server.RaftServerConfigKeys (ConfUtils.java:logGet(46)) - raft.server.rpc.timeout.max = 5200ms (custom)
2022-08-02 00:59:15,831 [pool-141-thread-1] INFO  server.RaftServerConfigKeys (ConfUtils.java:logGet(46)) - raft.server.rpc.sleep.time = 25ms (default)
2022-08-02 00:59:15,831 [pool-141-thread-1] INFO  server.RaftServerConfigKeys (ConfUtils.java:logGet(46)) - raft.server.rpc.slowness.timeout = 300s (custom)
2022-08-02 00:59:15,831 [pool-141-thread-1] INFO  server.RaftServerConfigKeys (ConfUtils.java:logGet(46)) - raft.server.leaderelection.leader.step-down.wait-time = 10s (default)
2022-08-02 00:59:15,831 [pool-141-thread-1] INFO  server.RaftServerConfigKeys (ConfUtils.java:logGet(46)) - raft.server.sleep.deviation.threshold = 300ms (default)
2022-08-02 00:59:15,831 [pool-141-thread-1] INFO  server.RaftServer$Division (ServerState.java:<init>(107)) - 745fb3ed-7598-48f6-8d50-527171c84407@group-B2E206CA8776: ConfigurationManager, init=-1: [745fb3ed-7598-48f6-8d50-527171c84407|rpc:10.1.0.31:37527|priority:1], old=null, confs=<EMPTY_MAP>
2022-08-02 00:59:15,831 [pool-141-thread-1] INFO  server.RaftServerConfigKeys (ConfUtils.java:logGet(46)) - raft.server.storage.dir = [/home/runner/work/ozone/ozone/hadoop-ozone/integration-test/target/test-dir/MiniOzoneClusterImpl-5354faea-c150-4163-8100-b2f9ddc2915f/datanode-3/data/ratis] (custom)
2022-08-02 00:59:15,831 [pool-141-thread-1] INFO  server.RaftServerConfigKeys (ConfUtils.java:logGet(46)) - raft.server.log.corruption.policy = EXCEPTION (default)
2022-08-02 00:59:15,831 [pool-141-thread-1] INFO  server.RaftServerConfigKeys (ConfUtils.java:logGet(46)) - raft.server.storage.free-space.min = 0MB (=0) (default)
2022-08-02 00:59:15,831 [pool-141-thread-1] INFO  storage.RaftStorageDirectory (RaftStorageDirectoryImpl.java:analyzeStorage(135)) - The storage directory /home/runner/work/ozone/ozone/hadoop-ozone/integration-test/target/test-dir/MiniOzoneClusterImpl-5354faea-c150-4163-8100-b2f9ddc2915f/datanode-3/data/ratis/23e25196-c9d6-44c0-8a93-b2e206ca8776 does not exist. Creating ...
2022-08-02 00:59:15,835 [pool-141-thread-1] INFO  storage.RaftStorageDirectory (RaftStorageDirectoryImpl.java:tryLock(230)) - Lock on /home/runner/work/ozone/ozone/hadoop-ozone/integration-test/target/test-dir/MiniOzoneClusterImpl-5354faea-c150-4163-8100-b2f9ddc2915f/datanode-3/data/ratis/23e25196-c9d6-44c0-8a93-b2e206ca8776/in_use.lock acquired by nodename 4034@fv-az164-385
2022-08-02 00:59:15,837 [pool-141-thread-1] INFO  storage.RaftStorage (RaftStorageImpl.java:format(89)) - Storage directory /home/runner/work/ozone/ozone/hadoop-ozone/integration-test/target/test-dir/MiniOzoneClusterImpl-5354faea-c150-4163-8100-b2f9ddc2915f/datanode-3/data/ratis/23e25196-c9d6-44c0-8a93-b2e206ca8776 has been successfully formatted.
2022-08-02 00:59:15,838 [pool-141-thread-1] INFO  ratis.ContainerStateMachine (ContainerStateMachine.java:loadSnapshot(236)) - group-B2E206CA8776: The snapshot info is null. Setting the last applied indexto:(t:0, i:~)
2022-08-02 00:59:15,840 [EventQueue-PipelineReportForPipelineReportHandler] INFO  pipeline.PipelineManagerImpl (PipelineManagerImpl.java:openPipeline(367)) - Pipeline Pipeline[ Id: 23e25196-c9d6-44c0-8a93-b2e206ca8776, Nodes: 745fb3ed-7598-48f6-8d50-527171c84407{ip: 10.1.0.31, host: fv-az164-385.acqy4frhnxdelaro313li45hge.dx.internal.cloudapp.net, ports: [REPLICATION=38827, RATIS=37527, RATIS_ADMIN=37527, RATIS_SERVER=37527, STANDALONE=44121], networkLocation: /default-rack, certSerialId: null, persistedOpState: IN_SERVICE, persistedOpStateExpiryEpochSec: 0}, ReplicationConfig: RATIS/ONE, State:ALLOCATED, leaderId:745fb3ed-7598-48f6-8d50-527171c84407, CreationTimestamp2022-08-02T00:59:12.830Z[Etc/UTC]] moved to OPEN state
2022-08-02 00:59:15,840 [EventQueue-OpenPipelineForHealthyPipelineSafeModeRule] INFO  safemode.SCMSafeModeManager (HealthyPipelineSafeModeRule.java:process(137)) - SCM in safe mode. Healthy pipelines reported count is 0, required healthy pipeline reported count is 1
2022-08-02 00:59:15,840 [pool-141-thread-1] INFO  server.RaftServerConfigKeys (ConfUtils.java:logGet(46)) - raft.server.notification.no-leader.timeout = 300s (custom)
2022-08-02 00:59:15,841 [pool-141-thread-1] INFO  server.RaftServerConfigKeys (ConfUtils.java:logGet(46)) - raft.server.log.use.memory = false (default)
2022-08-02 00:59:15,841 [pool-141-thread-1] INFO  server.RaftServerConfigKeys (ConfUtils.java:logGet(46)) - raft.server.log.purge.gap = 1000000 (custom)
2022-08-02 00:59:15,841 [pool-141-thread-1] INFO  server.RaftServerConfigKeys (ConfUtils.java:logGet(46)) - raft.server.log.appender.buffer.byte-limit = 33554432 (custom)
2022-08-02 00:59:15,841 [pool-141-thread-1] INFO  server.RaftServerConfigKeys (ConfUtils.java:logGet(46)) - raft.server.log.statemachine.data.read.timeout = 1000ms (default)
2022-08-02 00:59:15,841 [pool-141-thread-1] INFO  server.RaftServerConfigKeys (ConfUtils.java:logGet(46)) - raft.server.log.segment.size.max = 1048576 (custom)
2022-08-02 00:59:15,842 [pool-141-thread-1] INFO  server.RaftServerConfigKeys (ConfUtils.java:logGet(46)) - raft.server.log.segment.cache.num.max = 2 (custom)
2022-08-02 00:59:15,842 [pool-141-thread-1] INFO  server.RaftServerConfigKeys (ConfUtils.java:logGet(46)) - raft.server.log.segment.cache.size.max = 200MB (=209715200) (default)
2022-08-02 00:59:15,842 [pool-141-thread-1] INFO  segmented.SegmentedRaftLogWorker (SegmentedRaftLogWorker.java:<init>(187)) - new 745fb3ed-7598-48f6-8d50-527171c84407@group-B2E206CA8776-SegmentedRaftLogWorker for RaftStorageImpl:Storage Directory /home/runner/work/ozone/ozone/hadoop-ozone/integration-test/target/test-dir/MiniOzoneClusterImpl-5354faea-c150-4163-8100-b2f9ddc2915f/datanode-3/data/ratis/23e25196-c9d6-44c0-8a93-b2e206ca8776
2022-08-02 00:59:15,842 [pool-141-thread-1] INFO  server.RaftServerConfigKeys (ConfUtils.java:logGet(46)) - raft.server.log.queue.byte-limit = 4294967296 (custom)
2022-08-02 00:59:15,842 [pool-141-thread-1] INFO  server.RaftServerConfigKeys (ConfUtils.java:logGet(46)) - raft.server.log.queue.element-limit = 1024 (custom)
2022-08-02 00:59:15,842 [pool-141-thread-1] INFO  server.RaftServerConfigKeys (ConfUtils.java:logGet(46)) - raft.server.log.segment.size.max = 1048576 (custom)
2022-08-02 00:59:15,842 [pool-141-thread-1] INFO  server.RaftServerConfigKeys (ConfUtils.java:logGet(46)) - raft.server.log.preallocated.size = 16384 (custom)
2022-08-02 00:59:15,842 [pool-141-thread-1] INFO  server.RaftServerConfigKeys (ConfUtils.java:logGet(46)) - raft.server.log.force.sync.num = 128 (default)
2022-08-02 00:59:15,842 [pool-141-thread-1] INFO  server.RaftServerConfigKeys (ConfUtils.java:logGet(46)) - raft.server.log.statemachine.data.sync = true (default)
2022-08-02 00:59:15,842 [pool-141-thread-1] INFO  server.RaftServerConfigKeys (ConfUtils.java:logGet(46)) - raft.server.log.statemachine.data.sync.timeout = 10s (default)
2022-08-02 00:59:15,842 [pool-141-thread-1] INFO  server.RaftServerConfigKeys (ConfUtils.java:logGet(46)) - raft.server.log.statemachine.data.sync.timeout.retry = -1 (default)
2022-08-02 00:59:15,843 [pool-141-thread-1] INFO  server.RaftServerConfigKeys (ConfUtils.java:logGet(46)) - raft.server.log.write.buffer.size = 1048576 (custom)
2022-08-02 00:59:15,843 [pool-141-thread-1] INFO  server.RaftServerConfigKeys (ConfUtils.java:logGet(46)) - raft.server.log.unsafe-flush.enabled = false (default)
2022-08-02 00:59:15,843 [pool-141-thread-1] INFO  server.RaftServerConfigKeys (ConfUtils.java:logGet(46)) - raft.server.log.statemachine.data.caching.enabled = true (custom)
2022-08-02 00:59:15,844 [pool-141-thread-1] INFO  segmented.SegmentedRaftLogWorker (SegmentedRaftLogWorker.java:lambda$new$0(135)) - 745fb3ed-7598-48f6-8d50-527171c84407@group-B2E206CA8776-SegmentedRaftLogWorker: flushIndex: setUnconditionally 0 -> -1
2022-08-02 00:59:15,844 [pool-141-thread-1] INFO  segmented.SegmentedRaftLogWorker (SegmentedRaftLogWorker.java:lambda$new$0(135)) - 745fb3ed-7598-48f6-8d50-527171c84407@group-B2E206CA8776-SegmentedRaftLogWorker: safeCacheEvictIndex: setUnconditionally 0 -> -1
2022-08-02 00:59:15,845 [pool-141-thread-1] INFO  server.RaftServerConfigKeys (ConfUtils.java:logGet(46)) - raft.server.snapshot.auto.trigger.enabled = true (custom)
2022-08-02 00:59:15,845 [pool-141-thread-1] INFO  server.RaftServerConfigKeys (ConfUtils.java:logGet(46)) - raft.server.snapshot.auto.trigger.threshold = 10000 (custom)
2022-08-02 00:59:15,845 [pool-141-thread-1] INFO  server.RaftServerConfigKeys (ConfUtils.java:logGet(46)) - raft.server.snapshot.retention.file.num = 5 (custom)
2022-08-02 00:59:15,845 [pool-141-thread-1] INFO  server.RaftServerConfigKeys (ConfUtils.java:logGet(46)) - raft.server.log.purge.upto.snapshot.index = false (default)
2022-08-02 00:59:15,845 [pool-141-thread-1] INFO  server.RaftServerConfigKeys (ConfUtils.java:logGet(46)) - raft.server.retrycache.expirytime = 600000ms (custom)
2022-08-02 00:59:15,845 [pool-141-thread-1] INFO  server.RaftServerConfigKeys (ConfUtils.java:logGet(46)) - raft.server.retrycache.statistics.expirytime = 100μs (default)
2022-08-02 00:59:15,846 [pool-141-thread-1] INFO  server.RaftServerConfigKeys (ConfUtils.java:logGet(46)) - raft.server.log.appender.install.snapshot.enabled = false (custom)
2022-08-02 00:59:15,846 [pool-141-thread-1] INFO  server.RaftServerConfigKeys (ConfUtils.java:logGet(46)) - raft.server.threadpool.server.cached = true (default)
2022-08-02 00:59:15,846 [pool-141-thread-1] INFO  server.RaftServerConfigKeys (ConfUtils.java:logGet(46)) - raft.server.threadpool.server.size = 0 (default)
2022-08-02 00:59:15,847 [pool-141-thread-1] INFO  server.RaftServerConfigKeys (ConfUtils.java:logGet(46)) - raft.server.threadpool.client.cached = true (default)
2022-08-02 00:59:15,847 [pool-141-thread-1] INFO  server.RaftServerConfigKeys (ConfUtils.java:logGet(46)) - raft.server.threadpool.client.size = 0 (default)
2022-08-02 00:59:15,847 [pool-141-thread-1] INFO  server.RaftServer$Division (RaftServerImpl.java:start(310)) - 745fb3ed-7598-48f6-8d50-527171c84407@group-B2E206CA8776: start as a follower, conf=-1: [745fb3ed-7598-48f6-8d50-527171c84407|rpc:10.1.0.31:37527|priority:1], old=null
2022-08-02 00:59:15,847 [pool-141-thread-1] INFO  server.RaftServer$Division (RaftServerImpl.java:setRole(299)) - 745fb3ed-7598-48f6-8d50-527171c84407@group-B2E206CA8776: changes role from      null to FOLLOWER at term 0 for startAsFollower
2022-08-02 00:59:15,847 [pool-141-thread-1] INFO  impl.RoleInfo (RoleInfo.java:updateAndGet(139)) - 745fb3ed-7598-48f6-8d50-527171c84407: start 745fb3ed-7598-48f6-8d50-527171c84407@group-B2E206CA8776-FollowerState
2022-08-02 00:59:15,847 [pool-141-thread-1] INFO  util.JmxRegister (JmxRegister.java:tryRegister(44)) - Successfully registered JMX Bean with object name Ratis:service=RaftServer,group=group-B2E206CA8776,id=745fb3ed-7598-48f6-8d50-527171c84407
2022-08-02 00:59:15,848 [Command processor thread] INFO  ratis.XceiverServerRatis (XceiverServerRatis.java:addGroup(765)) - Created group PipelineID=23e25196-c9d6-44c0-8a93-b2e206ca8776
2022-08-02 00:59:15,848 [Command processor thread] INFO  commandhandler.CreatePipelineCommandHandler (CreatePipelineCommandHandler.java:handle(113)) - Created Pipeline RATIS ONE PipelineID=23e25196-c9d6-44c0-8a93-b2e206ca8776.
2022-08-02 00:59:16,066 [ReplicationMonitor] INFO  replication.ReplicationManager (ReplicationManager.java:processAll(249)) - Replication Manager is not ready to run until 3000ms after safemode exit
2022-08-02 00:59:16,127 [Listener at 127.0.0.1/34881] INFO  ozone.MiniOzoneClusterImpl (MiniOzoneClusterImpl.java:lambda$waitForClusterToBeReady$0(216)) - Nodes are ready. Got 5 of 5 DN Heartbeats.
2022-08-02 00:59:16,127 [Listener at 127.0.0.1/34881] INFO  ozone.MiniOzoneClusterImpl (MiniOzoneClusterImpl.java:lambda$waitForClusterToBeReady$0(219)) - Waiting for cluster to exit safe mode
2022-08-02 00:59:16,127 [Listener at 127.0.0.1/34881] INFO  ozone.MiniOzoneClusterImpl (MiniOzoneClusterImpl.java:lambda$waitForClusterToBeReady$0(221)) - SCM became leader
2022-08-02 00:59:16,150 [Command processor thread] INFO  server.RaftServer (RaftServerProxy.java:addNew(96)) - 3670ff39-8d21-4c07-ba78-00a70db193ce: addNew group-021F2273358A:[3670ff39-8d21-4c07-ba78-00a70db193ce|rpc:10.1.0.31:43053|priority:1] returns group-021F2273358A:java.util.concurrent.CompletableFuture@6eeb0963[Not completed]
2022-08-02 00:59:16,152 [pool-164-thread-1] INFO  server.RaftServer$Division (RaftServerImpl.java:<init>(190)) - 3670ff39-8d21-4c07-ba78-00a70db193ce: new RaftServerImpl for group-021F2273358A:[3670ff39-8d21-4c07-ba78-00a70db193ce|rpc:10.1.0.31:43053|priority:1] with ContainerStateMachine:uninitialized
2022-08-02 00:59:16,153 [pool-164-thread-1] INFO  server.RaftServerConfigKeys (ConfUtils.java:logGet(46)) - raft.server.rpc.timeout.min = 5s (custom)
2022-08-02 00:59:16,153 [pool-164-thread-1] INFO  server.RaftServerConfigKeys (ConfUtils.java:logGet(46)) - raft.server.rpc.timeout.max = 5200ms (custom)
2022-08-02 00:59:16,153 [pool-164-thread-1] INFO  server.RaftServerConfigKeys (ConfUtils.java:logGet(46)) - raft.server.rpc.sleep.time = 25ms (default)
2022-08-02 00:59:16,153 [pool-164-thread-1] INFO  server.RaftServerConfigKeys (ConfUtils.java:logGet(46)) - raft.server.rpc.slowness.timeout = 300s (custom)
2022-08-02 00:59:16,153 [pool-164-thread-1] INFO  server.RaftServerConfigKeys (ConfUtils.java:logGet(46)) - raft.server.leaderelection.leader.step-down.wait-time = 10s (default)
2022-08-02 00:59:16,153 [pool-164-thread-1] INFO  server.RaftServerConfigKeys (ConfUtils.java:logGet(46)) - raft.server.sleep.deviation.threshold = 300ms (default)
2022-08-02 00:59:16,154 [pool-164-thread-1] INFO  server.RaftServer$Division (ServerState.java:<init>(107)) - 3670ff39-8d21-4c07-ba78-00a70db193ce@group-021F2273358A: ConfigurationManager, init=-1: [3670ff39-8d21-4c07-ba78-00a70db193ce|rpc:10.1.0.31:43053|priority:1], old=null, confs=<EMPTY_MAP>
2022-08-02 00:59:16,154 [pool-164-thread-1] INFO  server.RaftServerConfigKeys (ConfUtils.java:logGet(46)) - raft.server.storage.dir = [/home/runner/work/ozone/ozone/hadoop-ozone/integration-test/target/test-dir/MiniOzoneClusterImpl-5354faea-c150-4163-8100-b2f9ddc2915f/datanode-4/data/ratis] (custom)
2022-08-02 00:59:16,154 [pool-164-thread-1] INFO  server.RaftServerConfigKeys (ConfUtils.java:logGet(46)) - raft.server.log.corruption.policy = EXCEPTION (default)
2022-08-02 00:59:16,154 [pool-164-thread-1] INFO  server.RaftServerConfigKeys (ConfUtils.java:logGet(46)) - raft.server.storage.free-space.min = 0MB (=0) (default)
2022-08-02 00:59:16,154 [pool-164-thread-1] INFO  storage.RaftStorageDirectory (RaftStorageDirectoryImpl.java:analyzeStorage(135)) - The storage directory /home/runner/work/ozone/ozone/hadoop-ozone/integration-test/target/test-dir/MiniOzoneClusterImpl-5354faea-c150-4163-8100-b2f9ddc2915f/datanode-4/data/ratis/84f653f0-279c-4abe-a065-021f2273358a does not exist. Creating ...
2022-08-02 00:59:16,155 [pool-164-thread-1] INFO  storage.RaftStorageDirectory (RaftStorageDirectoryImpl.java:tryLock(230)) - Lock on /home/runner/work/ozone/ozone/hadoop-ozone/integration-test/target/test-dir/MiniOzoneClusterImpl-5354faea-c150-4163-8100-b2f9ddc2915f/datanode-4/data/ratis/84f653f0-279c-4abe-a065-021f2273358a/in_use.lock acquired by nodename 4034@fv-az164-385
2022-08-02 00:59:16,157 [pool-164-thread-1] INFO  storage.RaftStorage (RaftStorageImpl.java:format(89)) - Storage directory /home/runner/work/ozone/ozone/hadoop-ozone/integration-test/target/test-dir/MiniOzoneClusterImpl-5354faea-c150-4163-8100-b2f9ddc2915f/datanode-4/data/ratis/84f653f0-279c-4abe-a065-021f2273358a has been successfully formatted.
2022-08-02 00:59:16,157 [pool-164-thread-1] INFO  ratis.ContainerStateMachine (ContainerStateMachine.java:loadSnapshot(236)) - group-021F2273358A: The snapshot info is null. Setting the last applied indexto:(t:0, i:~)
2022-08-02 00:59:16,158 [pool-164-thread-1] INFO  server.RaftServerConfigKeys (ConfUtils.java:logGet(46)) - raft.server.notification.no-leader.timeout = 300s (custom)
2022-08-02 00:59:16,158 [pool-164-thread-1] INFO  server.RaftServerConfigKeys (ConfUtils.java:logGet(46)) - raft.server.log.use.memory = false (default)
2022-08-02 00:59:16,158 [pool-164-thread-1] INFO  server.RaftServerConfigKeys (ConfUtils.java:logGet(46)) - raft.server.log.purge.gap = 1000000 (custom)
2022-08-02 00:59:16,158 [pool-164-thread-1] INFO  server.RaftServerConfigKeys (ConfUtils.java:logGet(46)) - raft.server.log.appender.buffer.byte-limit = 33554432 (custom)
2022-08-02 00:59:16,158 [pool-164-thread-1] INFO  server.RaftServerConfigKeys (ConfUtils.java:logGet(46)) - raft.server.log.statemachine.data.read.timeout = 1000ms (default)
2022-08-02 00:59:16,158 [pool-164-thread-1] INFO  server.RaftServerConfigKeys (ConfUtils.java:logGet(46)) - raft.server.log.segment.size.max = 1048576 (custom)
2022-08-02 00:59:16,159 [pool-164-thread-1] INFO  server.RaftServerConfigKeys (ConfUtils.java:logGet(46)) - raft.server.log.segment.cache.num.max = 2 (custom)
2022-08-02 00:59:16,159 [pool-164-thread-1] INFO  server.RaftServerConfigKeys (ConfUtils.java:logGet(46)) - raft.server.log.segment.cache.size.max = 200MB (=209715200) (default)
2022-08-02 00:59:16,159 [pool-164-thread-1] INFO  segmented.SegmentedRaftLogWorker (SegmentedRaftLogWorker.java:<init>(187)) - new 3670ff39-8d21-4c07-ba78-00a70db193ce@group-021F2273358A-SegmentedRaftLogWorker for RaftStorageImpl:Storage Directory /home/runner/work/ozone/ozone/hadoop-ozone/integration-test/target/test-dir/MiniOzoneClusterImpl-5354faea-c150-4163-8100-b2f9ddc2915f/datanode-4/data/ratis/84f653f0-279c-4abe-a065-021f2273358a
2022-08-02 00:59:16,159 [pool-164-thread-1] INFO  server.RaftServerConfigKeys (ConfUtils.java:logGet(46)) - raft.server.log.queue.byte-limit = 4294967296 (custom)
2022-08-02 00:59:16,159 [pool-164-thread-1] INFO  server.RaftServerConfigKeys (ConfUtils.java:logGet(46)) - raft.server.log.queue.element-limit = 1024 (custom)
2022-08-02 00:59:16,159 [pool-164-thread-1] INFO  server.RaftServerConfigKeys (ConfUtils.java:logGet(46)) - raft.server.log.segment.size.max = 1048576 (custom)
2022-08-02 00:59:16,159 [pool-164-thread-1] INFO  server.RaftServerConfigKeys (ConfUtils.java:logGet(46)) - raft.server.log.preallocated.size = 16384 (custom)
2022-08-02 00:59:16,159 [pool-164-thread-1] INFO  server.RaftServerConfigKeys (ConfUtils.java:logGet(46)) - raft.server.log.force.sync.num = 128 (default)
2022-08-02 00:59:16,159 [pool-164-thread-1] INFO  server.RaftServerConfigKeys (ConfUtils.java:logGet(46)) - raft.server.log.statemachine.data.sync = true (default)
2022-08-02 00:59:16,159 [pool-164-thread-1] INFO  server.RaftServerConfigKeys (ConfUtils.java:logGet(46)) - raft.server.log.statemachine.data.sync.timeout = 10s (default)
2022-08-02 00:59:16,159 [pool-164-thread-1] INFO  server.RaftServerConfigKeys (ConfUtils.java:logGet(46)) - raft.server.log.statemachine.data.sync.timeout.retry = -1 (default)
2022-08-02 00:59:16,159 [EventQueue-PipelineReportForPipelineReportHandler] INFO  pipeline.PipelineManagerImpl (PipelineManagerImpl.java:openPipeline(367)) - Pipeline Pipeline[ Id: 84f653f0-279c-4abe-a065-021f2273358a, Nodes: 3670ff39-8d21-4c07-ba78-00a70db193ce{ip: 10.1.0.31, host: fv-az164-385.acqy4frhnxdelaro313li45hge.dx.internal.cloudapp.net, ports: [REPLICATION=36545, RATIS=43053, RATIS_ADMIN=43053, RATIS_SERVER=43053, STANDALONE=46445], networkLocation: /default-rack, certSerialId: null, persistedOpState: IN_SERVICE, persistedOpStateExpiryEpochSec: 0}, ReplicationConfig: RATIS/ONE, State:ALLOCATED, leaderId:3670ff39-8d21-4c07-ba78-00a70db193ce, CreationTimestamp2022-08-02T00:59:13.155Z[Etc/UTC]] moved to OPEN state
2022-08-02 00:59:16,160 [EventQueue-OpenPipelineForHealthyPipelineSafeModeRule] INFO  safemode.SCMSafeModeManager (HealthyPipelineSafeModeRule.java:process(137)) - SCM in safe mode. Healthy pipelines reported count is 0, required healthy pipeline reported count is 1
2022-08-02 00:59:16,160 [pool-164-thread-1] INFO  server.RaftServerConfigKeys (ConfUtils.java:logGet(46)) - raft.server.log.write.buffer.size = 1048576 (custom)
2022-08-02 00:59:16,161 [pool-164-thread-1] INFO  server.RaftServerConfigKeys (ConfUtils.java:logGet(46)) - raft.server.log.unsafe-flush.enabled = false (default)
2022-08-02 00:59:16,161 [pool-164-thread-1] INFO  server.RaftServerConfigKeys (ConfUtils.java:logGet(46)) - raft.server.log.statemachine.data.caching.enabled = true (custom)
2022-08-02 00:59:16,161 [pool-164-thread-1] INFO  segmented.SegmentedRaftLogWorker (SegmentedRaftLogWorker.java:lambda$new$0(135)) - 3670ff39-8d21-4c07-ba78-00a70db193ce@group-021F2273358A-SegmentedRaftLogWorker: flushIndex: setUnconditionally 0 -> -1
2022-08-02 00:59:16,161 [pool-164-thread-1] INFO  segmented.SegmentedRaftLogWorker (SegmentedRaftLogWorker.java:lambda$new$0(135)) - 3670ff39-8d21-4c07-ba78-00a70db193ce@group-021F2273358A-SegmentedRaftLogWorker: safeCacheEvictIndex: setUnconditionally 0 -> -1
2022-08-02 00:59:16,162 [pool-164-thread-1] INFO  server.RaftServerConfigKeys (ConfUtils.java:logGet(46)) - raft.server.snapshot.auto.trigger.enabled = true (custom)
2022-08-02 00:59:16,162 [pool-164-thread-1] INFO  server.RaftServerConfigKeys (ConfUtils.java:logGet(46)) - raft.server.snapshot.auto.trigger.threshold = 10000 (custom)
2022-08-02 00:59:16,162 [pool-164-thread-1] INFO  server.RaftServerConfigKeys (ConfUtils.java:logGet(46)) - raft.server.snapshot.retention.file.num = 5 (custom)
2022-08-02 00:59:16,162 [pool-164-thread-1] INFO  server.RaftServerConfigKeys (ConfUtils.java:logGet(46)) - raft.server.log.purge.upto.snapshot.index = false (default)
2022-08-02 00:59:16,162 [pool-164-thread-1] INFO  server.RaftServerConfigKeys (ConfUtils.java:logGet(46)) - raft.server.retrycache.expirytime = 600000ms (custom)
2022-08-02 00:59:16,162 [pool-164-thread-1] INFO  server.RaftServerConfigKeys (ConfUtils.java:logGet(46)) - raft.server.retrycache.statistics.expirytime = 100μs (default)
2022-08-02 00:59:16,163 [pool-164-thread-1] INFO  server.RaftServerConfigKeys (ConfUtils.java:logGet(46)) - raft.server.log.appender.install.snapshot.enabled = false (custom)
2022-08-02 00:59:16,163 [pool-164-thread-1] INFO  server.RaftServerConfigKeys (ConfUtils.java:logGet(46)) - raft.server.threadpool.server.cached = true (default)
2022-08-02 00:59:16,163 [pool-164-thread-1] INFO  server.RaftServerConfigKeys (ConfUtils.java:logGet(46)) - raft.server.threadpool.server.size = 0 (default)
2022-08-02 00:59:16,163 [pool-164-thread-1] INFO  server.RaftServerConfigKeys (ConfUtils.java:logGet(46)) - raft.server.threadpool.client.cached = true (default)
2022-08-02 00:59:16,163 [pool-164-thread-1] INFO  server.RaftServerConfigKeys (ConfUtils.java:logGet(46)) - raft.server.threadpool.client.size = 0 (default)
2022-08-02 00:59:16,163 [pool-164-thread-1] INFO  server.RaftServer$Division (RaftServerImpl.java:start(310)) - 3670ff39-8d21-4c07-ba78-00a70db193ce@group-021F2273358A: start as a follower, conf=-1: [3670ff39-8d21-4c07-ba78-00a70db193ce|rpc:10.1.0.31:43053|priority:1], old=null
2022-08-02 00:59:16,163 [pool-164-thread-1] INFO  server.RaftServer$Division (RaftServerImpl.java:setRole(299)) - 3670ff39-8d21-4c07-ba78-00a70db193ce@group-021F2273358A: changes role from      null to FOLLOWER at term 0 for startAsFollower
2022-08-02 00:59:16,163 [pool-164-thread-1] INFO  impl.RoleInfo (RoleInfo.java:updateAndGet(139)) - 3670ff39-8d21-4c07-ba78-00a70db193ce: start 3670ff39-8d21-4c07-ba78-00a70db193ce@group-021F2273358A-FollowerState
2022-08-02 00:59:16,164 [pool-164-thread-1] INFO  util.JmxRegister (JmxRegister.java:tryRegister(44)) - Successfully registered JMX Bean with object name Ratis:service=RaftServer,group=group-021F2273358A,id=3670ff39-8d21-4c07-ba78-00a70db193ce
2022-08-02 00:59:16,164 [Command processor thread] INFO  ratis.XceiverServerRatis (XceiverServerRatis.java:addGroup(765)) - Created group PipelineID=84f653f0-279c-4abe-a065-021f2273358a
2022-08-02 00:59:16,164 [Command processor thread] INFO  commandhandler.CreatePipelineCommandHandler (CreatePipelineCommandHandler.java:handle(113)) - Created Pipeline RATIS ONE PipelineID=84f653f0-279c-4abe-a065-021f2273358a.
2022-08-02 00:59:17,066 [ReplicationMonitor] INFO  replication.ReplicationManager (ReplicationManager.java:processAll(249)) - Replication Manager is not ready to run until 3000ms after safemode exit
2022-08-02 00:59:17,128 [Listener at 127.0.0.1/34881] INFO  ozone.MiniOzoneClusterImpl (MiniOzoneClusterImpl.java:lambda$waitForClusterToBeReady$0(216)) - Nodes are ready. Got 5 of 5 DN Heartbeats.
2022-08-02 00:59:17,128 [Listener at 127.0.0.1/34881] INFO  ozone.MiniOzoneClusterImpl (MiniOzoneClusterImpl.java:lambda$waitForClusterToBeReady$0(219)) - Waiting for cluster to exit safe mode
2022-08-02 00:59:17,128 [Listener at 127.0.0.1/34881] INFO  ozone.MiniOzoneClusterImpl (MiniOzoneClusterImpl.java:lambda$waitForClusterToBeReady$0(221)) - SCM became leader
2022-08-02 00:59:18,067 [ReplicationMonitor] INFO  replication.ReplicationManager (ReplicationManager.java:processAll(249)) - Replication Manager is not ready to run until 3000ms after safemode exit
2022-08-02 00:59:18,128 [Listener at 127.0.0.1/34881] INFO  ozone.MiniOzoneClusterImpl (MiniOzoneClusterImpl.java:lambda$waitForClusterToBeReady$0(216)) - Nodes are ready. Got 5 of 5 DN Heartbeats.
2022-08-02 00:59:18,128 [Listener at 127.0.0.1/34881] INFO  ozone.MiniOzoneClusterImpl (MiniOzoneClusterImpl.java:lambda$waitForClusterToBeReady$0(219)) - Waiting for cluster to exit safe mode
2022-08-02 00:59:18,129 [Listener at 127.0.0.1/34881] INFO  ozone.MiniOzoneClusterImpl (MiniOzoneClusterImpl.java:lambda$waitForClusterToBeReady$0(221)) - SCM became leader
2022-08-02 00:59:19,067 [ReplicationMonitor] INFO  replication.ReplicationManager (ReplicationManager.java:processAll(249)) - Replication Manager is not ready to run until 3000ms after safemode exit
2022-08-02 00:59:19,129 [Listener at 127.0.0.1/34881] INFO  ozone.MiniOzoneClusterImpl (MiniOzoneClusterImpl.java:lambda$waitForClusterToBeReady$0(216)) - Nodes are ready. Got 5 of 5 DN Heartbeats.
2022-08-02 00:59:19,129 [Listener at 127.0.0.1/34881] INFO  ozone.MiniOzoneClusterImpl (MiniOzoneClusterImpl.java:lambda$waitForClusterToBeReady$0(219)) - Waiting for cluster to exit safe mode
2022-08-02 00:59:19,129 [Listener at 127.0.0.1/34881] INFO  ozone.MiniOzoneClusterImpl (MiniOzoneClusterImpl.java:lambda$waitForClusterToBeReady$0(221)) - SCM became leader
2022-08-02 00:59:19,953 [d5e157d4-c297-43f4-abaf-f908afa77c91@group-A0B66A08DBFE-FollowerState] INFO  impl.FollowerState (FollowerState.java:run(143)) - d5e157d4-c297-43f4-abaf-f908afa77c91@group-A0B66A08DBFE-FollowerState: change to CANDIDATE, lastRpcElapsedTime:5187415189ns, electionTimeout:5184ms
2022-08-02 00:59:19,954 [d5e157d4-c297-43f4-abaf-f908afa77c91@group-A0B66A08DBFE-FollowerState] INFO  impl.RoleInfo (RoleInfo.java:shutdownFollowerState(110)) - d5e157d4-c297-43f4-abaf-f908afa77c91: shutdown d5e157d4-c297-43f4-abaf-f908afa77c91@group-A0B66A08DBFE-FollowerState
2022-08-02 00:59:19,954 [d5e157d4-c297-43f4-abaf-f908afa77c91@group-A0B66A08DBFE-FollowerState] INFO  server.RaftServer$Division (RaftServerImpl.java:setRole(299)) - d5e157d4-c297-43f4-abaf-f908afa77c91@group-A0B66A08DBFE: changes role from  FOLLOWER to CANDIDATE at term 0 for changeToCandidate
2022-08-02 00:59:19,954 [d5e157d4-c297-43f4-abaf-f908afa77c91@group-A0B66A08DBFE-FollowerState] INFO  server.RaftServerConfigKeys (ConfUtils.java:logGet(46)) - raft.server.leaderelection.pre-vote = false (custom)
2022-08-02 00:59:19,954 [d5e157d4-c297-43f4-abaf-f908afa77c91@group-A0B66A08DBFE-FollowerState] INFO  impl.RoleInfo (RoleInfo.java:updateAndGet(139)) - d5e157d4-c297-43f4-abaf-f908afa77c91: start d5e157d4-c297-43f4-abaf-f908afa77c91@group-A0B66A08DBFE-LeaderElection2
2022-08-02 00:59:19,957 [d5e157d4-c297-43f4-abaf-f908afa77c91@group-A0B66A08DBFE-LeaderElection2] INFO  impl.LeaderElection (LeaderElection.java:askForVotes(310)) - d5e157d4-c297-43f4-abaf-f908afa77c91@group-A0B66A08DBFE-LeaderElection2 ELECTION round 0: submit vote requests at term 1 for -1: [d5e157d4-c297-43f4-abaf-f908afa77c91|rpc:10.1.0.31:38773|priority:1], old=null
2022-08-02 00:59:19,958 [d5e157d4-c297-43f4-abaf-f908afa77c91@group-A0B66A08DBFE-LeaderElection2] INFO  impl.LeaderElection (LeaderElection.java:askForVotes(312)) - d5e157d4-c297-43f4-abaf-f908afa77c91@group-A0B66A08DBFE-LeaderElection2 ELECTION round 0: result PASSED (term=1)
2022-08-02 00:59:19,958 [d5e157d4-c297-43f4-abaf-f908afa77c91@group-A0B66A08DBFE-LeaderElection2] INFO  impl.RoleInfo (RoleInfo.java:shutdownLeaderElection(130)) - d5e157d4-c297-43f4-abaf-f908afa77c91: shutdown d5e157d4-c297-43f4-abaf-f908afa77c91@group-A0B66A08DBFE-LeaderElection2
2022-08-02 00:59:19,958 [d5e157d4-c297-43f4-abaf-f908afa77c91@group-A0B66A08DBFE-LeaderElection2] INFO  server.RaftServer$Division (RaftServerImpl.java:setRole(299)) - d5e157d4-c297-43f4-abaf-f908afa77c91@group-A0B66A08DBFE: changes role from CANDIDATE to LEADER at term 1 for changeToLeader
2022-08-02 00:59:19,958 [d5e157d4-c297-43f4-abaf-f908afa77c91@group-A0B66A08DBFE-LeaderElection2] INFO  ratis.XceiverServerRatis (XceiverServerRatis.java:handleLeaderChangedNotification(863)) - Leader change notification received for group: group-A0B66A08DBFE with new leaderId: d5e157d4-c297-43f4-abaf-f908afa77c91
2022-08-02 00:59:19,958 [d5e157d4-c297-43f4-abaf-f908afa77c91@group-A0B66A08DBFE-LeaderElection2] INFO  server.RaftServer$Division (ServerState.java:setLeader(287)) - d5e157d4-c297-43f4-abaf-f908afa77c91@group-A0B66A08DBFE: change Leader from null to d5e157d4-c297-43f4-abaf-f908afa77c91 at term 1 for becomeLeader, leader elected after 5214ms
2022-08-02 00:59:19,958 [d5e157d4-c297-43f4-abaf-f908afa77c91@group-A0B66A08DBFE-LeaderElection2] INFO  server.RaftServerConfigKeys (ConfUtils.java:logGet(46)) - raft.server.staging.catchup.gap = 1000 (default)
2022-08-02 00:59:19,958 [d5e157d4-c297-43f4-abaf-f908afa77c91@group-A0B66A08DBFE-LeaderElection2] INFO  server.RaftServerConfigKeys (ConfUtils.java:logGet(46)) - raft.server.write.element-limit = 1024 (custom)
2022-08-02 00:59:19,958 [d5e157d4-c297-43f4-abaf-f908afa77c91@group-A0B66A08DBFE-LeaderElection2] INFO  server.RaftServerConfigKeys (ConfUtils.java:logGet(46)) - raft.server.write.byte-limit = 1024 M (=1073741824) (custom)
2022-08-02 00:59:19,959 [d5e157d4-c297-43f4-abaf-f908afa77c91@group-A0B66A08DBFE-LeaderElection2] INFO  server.RaftServerConfigKeys (ConfUtils.java:logGet(46)) - raft.server.watch.timeout = 180s (custom)
2022-08-02 00:59:19,959 [d5e157d4-c297-43f4-abaf-f908afa77c91@group-A0B66A08DBFE-LeaderElection2] INFO  server.RaftServerConfigKeys (ConfUtils.java:logGet(46)) - raft.server.watch.timeout.denomination = 1s (default)
2022-08-02 00:59:19,959 [d5e157d4-c297-43f4-abaf-f908afa77c91@group-A0B66A08DBFE-LeaderElection2] INFO  server.RaftServerConfigKeys (ConfUtils.java:logGet(46)) - raft.server.watch.element-limit = 65536 (default)
2022-08-02 00:59:19,959 [d5e157d4-c297-43f4-abaf-f908afa77c91@group-A0B66A08DBFE-LeaderElection2] INFO  server.RaftServerConfigKeys (ConfUtils.java:logGet(46)) - raft.server.write.element-limit = 1024 (custom)
2022-08-02 00:59:19,959 [d5e157d4-c297-43f4-abaf-f908afa77c91@group-A0B66A08DBFE-LeaderElection2] INFO  server.RaftServerConfigKeys (ConfUtils.java:logGet(46)) - raft.server.write.follower.gap.ratio.max = -1.0 (default)
2022-08-02 00:59:19,959 [d5e157d4-c297-43f4-abaf-f908afa77c91@group-A0B66A08DBFE-LeaderElection2] INFO  impl.RoleInfo (RoleInfo.java:updateAndGet(139)) - d5e157d4-c297-43f4-abaf-f908afa77c91: start d5e157d4-c297-43f4-abaf-f908afa77c91@group-A0B66A08DBFE-LeaderStateImpl
2022-08-02 00:59:19,959 [d5e157d4-c297-43f4-abaf-f908afa77c91@group-A0B66A08DBFE-LeaderElection2] INFO  segmented.SegmentedRaftLogWorker (SegmentedRaftLogWorker.java:startLogSegment(425)) - d5e157d4-c297-43f4-abaf-f908afa77c91@group-A0B66A08DBFE-SegmentedRaftLogWorker: Starting segment from index:0
2022-08-02 00:59:19,961 [d5e157d4-c297-43f4-abaf-f908afa77c91@group-A0B66A08DBFE-SegmentedRaftLogWorker] INFO  segmented.SegmentedRaftLogWorker (SegmentedRaftLogWorker.java:execute(629)) - d5e157d4-c297-43f4-abaf-f908afa77c91@group-A0B66A08DBFE-SegmentedRaftLogWorker: created new log segment /home/runner/work/ozone/ozone/hadoop-ozone/integration-test/target/test-dir/MiniOzoneClusterImpl-5354faea-c150-4163-8100-b2f9ddc2915f/datanode-0/data/ratis/9aaebdd1-80d8-4ffc-a836-a0b66a08dbfe/current/log_inprogress_0
2022-08-02 00:59:19,964 [d5e157d4-c297-43f4-abaf-f908afa77c91@group-A0B66A08DBFE-LeaderElection2] INFO  server.RaftServer$Division (ServerState.java:setRaftConf(393)) - d5e157d4-c297-43f4-abaf-f908afa77c91@group-A0B66A08DBFE: set configuration 0: [d5e157d4-c297-43f4-abaf-f908afa77c91|rpc:10.1.0.31:38773|dataStream:|priority:1], old=null
2022-08-02 00:59:19,966 [EventQueue-OpenPipelineForHealthyPipelineSafeModeRule] INFO  safemode.SCMSafeModeManager (HealthyPipelineSafeModeRule.java:process(137)) - SCM in safe mode. Healthy pipelines reported count is 0, required healthy pipeline reported count is 1
2022-08-02 00:59:19,991 [d5e157d4-c297-43f4-abaf-f908afa77c91@group-4C838A462C10-FollowerState] INFO  impl.FollowerState (FollowerState.java:run(143)) - d5e157d4-c297-43f4-abaf-f908afa77c91@group-4C838A462C10-FollowerState: change to CANDIDATE, lastRpcElapsedTime:5182086822ns, electionTimeout:5178ms
2022-08-02 00:59:19,992 [d5e157d4-c297-43f4-abaf-f908afa77c91@group-4C838A462C10-FollowerState] INFO  impl.RoleInfo (RoleInfo.java:shutdownFollowerState(110)) - d5e157d4-c297-43f4-abaf-f908afa77c91: shutdown d5e157d4-c297-43f4-abaf-f908afa77c91@group-4C838A462C10-FollowerState
2022-08-02 00:59:19,992 [d5e157d4-c297-43f4-abaf-f908afa77c91@group-4C838A462C10-FollowerState] INFO  server.RaftServer$Division (RaftServerImpl.java:setRole(299)) - d5e157d4-c297-43f4-abaf-f908afa77c91@group-4C838A462C10: changes role from  FOLLOWER to CANDIDATE at term 0 for changeToCandidate
2022-08-02 00:59:19,992 [d5e157d4-c297-43f4-abaf-f908afa77c91@group-4C838A462C10-FollowerState] INFO  server.RaftServerConfigKeys (ConfUtils.java:logGet(46)) - raft.server.leaderelection.pre-vote = false (custom)
2022-08-02 00:59:19,992 [d5e157d4-c297-43f4-abaf-f908afa77c91@group-4C838A462C10-FollowerState] INFO  impl.RoleInfo (RoleInfo.java:updateAndGet(139)) - d5e157d4-c297-43f4-abaf-f908afa77c91: start d5e157d4-c297-43f4-abaf-f908afa77c91@group-4C838A462C10-LeaderElection3
2022-08-02 00:59:19,995 [d5e157d4-c297-43f4-abaf-f908afa77c91@group-4C838A462C10-LeaderElection3] INFO  impl.LeaderElection (LeaderElection.java:askForVotes(310)) - d5e157d4-c297-43f4-abaf-f908afa77c91@group-4C838A462C10-LeaderElection3 ELECTION round 0: submit vote requests at term 1 for -1: [633d7359-78ed-48fa-bcb6-047663da1e29|rpc:10.1.0.31:44705|priority:1, cb600bcf-1c2f-4aa5-b6e8-6d568f165d12|rpc:10.1.0.31:38085|priority:0, d5e157d4-c297-43f4-abaf-f908afa77c91|rpc:10.1.0.31:38773|priority:0], old=null
2022-08-02 00:59:20,016 [grpc-default-executor-0] INFO  server.RaftServer$Division (RaftServerImpl.java:requestVote(1152)) - 633d7359-78ed-48fa-bcb6-047663da1e29@group-4C838A462C10: receive requestVote(ELECTION, d5e157d4-c297-43f4-abaf-f908afa77c91, group-4C838A462C10, 1, (t:0, i:0))
2022-08-02 00:59:20,018 [grpc-default-executor-0] INFO  impl.VoteContext (VoteContext.java:log(48)) - 633d7359-78ed-48fa-bcb6-047663da1e29@group-4C838A462C10-FOLLOWER: reject ELECTION from d5e157d4-c297-43f4-abaf-f908afa77c91: our priority 1 > candidate's priority 0
2022-08-02 00:59:20,018 [grpc-default-executor-0] INFO  server.RaftServer$Division (RaftServerImpl.java:setRole(299)) - 633d7359-78ed-48fa-bcb6-047663da1e29@group-4C838A462C10: changes role from  FOLLOWER to FOLLOWER at term 1 for candidate:d5e157d4-c297-43f4-abaf-f908afa77c91
2022-08-02 00:59:20,018 [grpc-default-executor-0] INFO  impl.RoleInfo (RoleInfo.java:shutdownFollowerState(110)) - 633d7359-78ed-48fa-bcb6-047663da1e29: shutdown 633d7359-78ed-48fa-bcb6-047663da1e29@group-4C838A462C10-FollowerState
2022-08-02 00:59:20,018 [633d7359-78ed-48fa-bcb6-047663da1e29@group-4C838A462C10-FollowerState] INFO  impl.FollowerState (FollowerState.java:run(152)) - 633d7359-78ed-48fa-bcb6-047663da1e29@group-4C838A462C10-FollowerState was interrupted
2022-08-02 00:59:20,018 [grpc-default-executor-0] INFO  impl.RoleInfo (RoleInfo.java:updateAndGet(139)) - 633d7359-78ed-48fa-bcb6-047663da1e29: start 633d7359-78ed-48fa-bcb6-047663da1e29@group-4C838A462C10-FollowerState
2022-08-02 00:59:20,023 [grpc-default-executor-0] INFO  server.RaftServer$Division (RaftServerImpl.java:requestVote(1184)) - 633d7359-78ed-48fa-bcb6-047663da1e29@group-4C838A462C10 replies to ELECTION vote request: d5e157d4-c297-43f4-abaf-f908afa77c91<-633d7359-78ed-48fa-bcb6-047663da1e29#0:FAIL-t1. Peer's state: 633d7359-78ed-48fa-bcb6-047663da1e29@group-4C838A462C10:t1, leader=null, voted=null, raftlog=633d7359-78ed-48fa-bcb6-047663da1e29@group-4C838A462C10-SegmentedRaftLog:OPENED:c-1, conf=-1: [633d7359-78ed-48fa-bcb6-047663da1e29|rpc:10.1.0.31:44705|dataStream:|priority:1, cb600bcf-1c2f-4aa5-b6e8-6d568f165d12|rpc:10.1.0.31:38085|dataStream:|priority:0, d5e157d4-c297-43f4-abaf-f908afa77c91|rpc:10.1.0.31:38773|dataStream:|priority:0], old=null
2022-08-02 00:59:20,028 [d5e157d4-c297-43f4-abaf-f908afa77c91@group-4C838A462C10-LeaderElection3] INFO  impl.LeaderElection (LeaderElection.java:logAndReturn(90)) - d5e157d4-c297-43f4-abaf-f908afa77c91@group-4C838A462C10-LeaderElection3: ELECTION REJECTED received 1 response(s) and 0 exception(s):
2022-08-02 00:59:20,028 [d5e157d4-c297-43f4-abaf-f908afa77c91@group-4C838A462C10-LeaderElection3] INFO  impl.LeaderElection (LeaderElection.java:logAndReturn(94)) -   Response 0: d5e157d4-c297-43f4-abaf-f908afa77c91<-633d7359-78ed-48fa-bcb6-047663da1e29#0:FAIL-t1
2022-08-02 00:59:20,028 [d5e157d4-c297-43f4-abaf-f908afa77c91@group-4C838A462C10-LeaderElection3] INFO  impl.LeaderElection (LeaderElection.java:askForVotes(312)) - d5e157d4-c297-43f4-abaf-f908afa77c91@group-4C838A462C10-LeaderElection3 ELECTION round 0: result REJECTED
2022-08-02 00:59:20,029 [d5e157d4-c297-43f4-abaf-f908afa77c91@group-4C838A462C10-LeaderElection3] INFO  server.RaftServer$Division (RaftServerImpl.java:setRole(299)) - d5e157d4-c297-43f4-abaf-f908afa77c91@group-4C838A462C10: changes role from CANDIDATE to FOLLOWER at term 1 for REJECTED
2022-08-02 00:59:20,029 [d5e157d4-c297-43f4-abaf-f908afa77c91@group-4C838A462C10-LeaderElection3] INFO  impl.RoleInfo (RoleInfo.java:shutdownLeaderElection(130)) - d5e157d4-c297-43f4-abaf-f908afa77c91: shutdown d5e157d4-c297-43f4-abaf-f908afa77c91@group-4C838A462C10-LeaderElection3
2022-08-02 00:59:20,029 [d5e157d4-c297-43f4-abaf-f908afa77c91@group-4C838A462C10-LeaderElection3] INFO  impl.RoleInfo (RoleInfo.java:updateAndGet(139)) - d5e157d4-c297-43f4-abaf-f908afa77c91: start d5e157d4-c297-43f4-abaf-f908afa77c91@group-4C838A462C10-FollowerState
2022-08-02 00:59:20,035 [grpc-default-executor-0] INFO  server.RaftServer$Division (RaftServerImpl.java:requestVote(1152)) - cb600bcf-1c2f-4aa5-b6e8-6d568f165d12@group-4C838A462C10: receive requestVote(ELECTION, d5e157d4-c297-43f4-abaf-f908afa77c91, group-4C838A462C10, 1, (t:0, i:0))
2022-08-02 00:59:20,036 [grpc-default-executor-0] INFO  impl.VoteContext (VoteContext.java:log(48)) - cb600bcf-1c2f-4aa5-b6e8-6d568f165d12@group-4C838A462C10-FOLLOWER: accept ELECTION from d5e157d4-c297-43f4-abaf-f908afa77c91: our priority 0 <= candidate's priority 0
2022-08-02 00:59:20,036 [grpc-default-executor-0] INFO  server.RaftServer$Division (RaftServerImpl.java:setRole(299)) - cb600bcf-1c2f-4aa5-b6e8-6d568f165d12@group-4C838A462C10: changes role from  FOLLOWER to FOLLOWER at term 1 for candidate:d5e157d4-c297-43f4-abaf-f908afa77c91
2022-08-02 00:59:20,036 [grpc-default-executor-0] INFO  impl.RoleInfo (RoleInfo.java:shutdownFollowerState(110)) - cb600bcf-1c2f-4aa5-b6e8-6d568f165d12: shutdown cb600bcf-1c2f-4aa5-b6e8-6d568f165d12@group-4C838A462C10-FollowerState
2022-08-02 00:59:20,036 [grpc-default-executor-0] INFO  impl.RoleInfo (RoleInfo.java:updateAndGet(139)) - cb600bcf-1c2f-4aa5-b6e8-6d568f165d12: start cb600bcf-1c2f-4aa5-b6e8-6d568f165d12@group-4C838A462C10-FollowerState
2022-08-02 00:59:20,036 [cb600bcf-1c2f-4aa5-b6e8-6d568f165d12@group-4C838A462C10-FollowerState] INFO  impl.FollowerState (FollowerState.java:run(152)) - cb600bcf-1c2f-4aa5-b6e8-6d568f165d12@group-4C838A462C10-FollowerState was interrupted
2022-08-02 00:59:20,039 [grpc-default-executor-0] INFO  server.RaftServer$Division (RaftServerImpl.java:requestVote(1184)) - cb600bcf-1c2f-4aa5-b6e8-6d568f165d12@group-4C838A462C10 replies to ELECTION vote request: d5e157d4-c297-43f4-abaf-f908afa77c91<-cb600bcf-1c2f-4aa5-b6e8-6d568f165d12#0:OK-t1. Peer's state: cb600bcf-1c2f-4aa5-b6e8-6d568f165d12@group-4C838A462C10:t1, leader=null, voted=d5e157d4-c297-43f4-abaf-f908afa77c91, raftlog=cb600bcf-1c2f-4aa5-b6e8-6d568f165d12@group-4C838A462C10-SegmentedRaftLog:OPENED:c-1, conf=-1: [633d7359-78ed-48fa-bcb6-047663da1e29|rpc:10.1.0.31:44705|priority:1, cb600bcf-1c2f-4aa5-b6e8-6d568f165d12|rpc:10.1.0.31:38085|priority:0, d5e157d4-c297-43f4-abaf-f908afa77c91|rpc:10.1.0.31:38773|priority:0], old=null
2022-08-02 00:59:20,067 [ReplicationMonitor] INFO  replication.ReplicationManager (ReplicationManager.java:processAll(249)) - Replication Manager is not ready to run until 3000ms after safemode exit
2022-08-02 00:59:20,130 [Listener at 127.0.0.1/34881] INFO  ozone.MiniOzoneClusterImpl (MiniOzoneClusterImpl.java:lambda$waitForClusterToBeReady$0(216)) - Nodes are ready. Got 5 of 5 DN Heartbeats.
2022-08-02 00:59:20,131 [Listener at 127.0.0.1/34881] INFO  ozone.MiniOzoneClusterImpl (MiniOzoneClusterImpl.java:lambda$waitForClusterToBeReady$0(219)) - Waiting for cluster to exit safe mode
2022-08-02 00:59:20,131 [Listener at 127.0.0.1/34881] INFO  ozone.MiniOzoneClusterImpl (MiniOzoneClusterImpl.java:lambda$waitForClusterToBeReady$0(221)) - SCM became leader
2022-08-02 00:59:20,420 [cb600bcf-1c2f-4aa5-b6e8-6d568f165d12@group-4D4837CAB090-FollowerState] INFO  impl.FollowerState (FollowerState.java:run(143)) - cb600bcf-1c2f-4aa5-b6e8-6d568f165d12@group-4D4837CAB090-FollowerState: change to CANDIDATE, lastRpcElapsedTime:5179230929ns, electionTimeout:5178ms
2022-08-02 00:59:20,421 [cb600bcf-1c2f-4aa5-b6e8-6d568f165d12@group-4D4837CAB090-FollowerState] INFO  impl.RoleInfo (RoleInfo.java:shutdownFollowerState(110)) - cb600bcf-1c2f-4aa5-b6e8-6d568f165d12: shutdown cb600bcf-1c2f-4aa5-b6e8-6d568f165d12@group-4D4837CAB090-FollowerState
2022-08-02 00:59:20,421 [cb600bcf-1c2f-4aa5-b6e8-6d568f165d12@group-4D4837CAB090-FollowerState] INFO  server.RaftServer$Division (RaftServerImpl.java:setRole(299)) - cb600bcf-1c2f-4aa5-b6e8-6d568f165d12@group-4D4837CAB090: changes role from  FOLLOWER to CANDIDATE at term 0 for changeToCandidate
2022-08-02 00:59:20,421 [cb600bcf-1c2f-4aa5-b6e8-6d568f165d12@group-4D4837CAB090-FollowerState] INFO  server.RaftServerConfigKeys (ConfUtils.java:logGet(46)) - raft.server.leaderelection.pre-vote = false (custom)
2022-08-02 00:59:20,421 [cb600bcf-1c2f-4aa5-b6e8-6d568f165d12@group-4D4837CAB090-FollowerState] INFO  impl.RoleInfo (RoleInfo.java:updateAndGet(139)) - cb600bcf-1c2f-4aa5-b6e8-6d568f165d12: start cb600bcf-1c2f-4aa5-b6e8-6d568f165d12@group-4D4837CAB090-LeaderElection4
2022-08-02 00:59:20,425 [cb600bcf-1c2f-4aa5-b6e8-6d568f165d12@group-4D4837CAB090-LeaderElection4] INFO  impl.LeaderElection (LeaderElection.java:askForVotes(310)) - cb600bcf-1c2f-4aa5-b6e8-6d568f165d12@group-4D4837CAB090-LeaderElection4 ELECTION round 0: submit vote requests at term 1 for -1: [cb600bcf-1c2f-4aa5-b6e8-6d568f165d12|rpc:10.1.0.31:38085|priority:1], old=null
2022-08-02 00:59:20,425 [cb600bcf-1c2f-4aa5-b6e8-6d568f165d12@group-4D4837CAB090-LeaderElection4] INFO  impl.LeaderElection (LeaderElection.java:askForVotes(312)) - cb600bcf-1c2f-4aa5-b6e8-6d568f165d12@group-4D4837CAB090-LeaderElection4 ELECTION round 0: result PASSED (term=1)
2022-08-02 00:59:20,425 [cb600bcf-1c2f-4aa5-b6e8-6d568f165d12@group-4D4837CAB090-LeaderElection4] INFO  impl.RoleInfo (RoleInfo.java:shutdownLeaderElection(130)) - cb600bcf-1c2f-4aa5-b6e8-6d568f165d12: shutdown cb600bcf-1c2f-4aa5-b6e8-6d568f165d12@group-4D4837CAB090-LeaderElection4
2022-08-02 00:59:20,425 [cb600bcf-1c2f-4aa5-b6e8-6d568f165d12@group-4D4837CAB090-LeaderElection4] INFO  server.RaftServer$Division (RaftServerImpl.java:setRole(299)) - cb600bcf-1c2f-4aa5-b6e8-6d568f165d12@group-4D4837CAB090: changes role from CANDIDATE to LEADER at term 1 for changeToLeader
2022-08-02 00:59:20,425 [cb600bcf-1c2f-4aa5-b6e8-6d568f165d12@group-4D4837CAB090-LeaderElection4] INFO  ratis.XceiverServerRatis (XceiverServerRatis.java:handleLeaderChangedNotification(863)) - Leader change notification received for group: group-4D4837CAB090 with new leaderId: cb600bcf-1c2f-4aa5-b6e8-6d568f165d12
2022-08-02 00:59:20,426 [cb600bcf-1c2f-4aa5-b6e8-6d568f165d12@group-4D4837CAB090-LeaderElection4] INFO  server.RaftServer$Division (ServerState.java:setLeader(287)) - cb600bcf-1c2f-4aa5-b6e8-6d568f165d12@group-4D4837CAB090: change Leader from null to cb600bcf-1c2f-4aa5-b6e8-6d568f165d12 at term 1 for becomeLeader, leader elected after 5202ms
2022-08-02 00:59:20,427 [cb600bcf-1c2f-4aa5-b6e8-6d568f165d12@group-4D4837CAB090-LeaderElection4] INFO  server.RaftServerConfigKeys (ConfUtils.java:logGet(46)) - raft.server.staging.catchup.gap = 1000 (default)
2022-08-02 00:59:20,428 [cb600bcf-1c2f-4aa5-b6e8-6d568f165d12@group-4D4837CAB090-LeaderElection4] INFO  server.RaftServerConfigKeys (ConfUtils.java:logGet(46)) - raft.server.write.element-limit = 1024 (custom)
2022-08-02 00:59:20,428 [EventQueue-OpenPipelineForHealthyPipelineSafeModeRule] INFO  safemode.SCMSafeModeManager (HealthyPipelineSafeModeRule.java:process(137)) - SCM in safe mode. Healthy pipelines reported count is 0, required healthy pipeline reported count is 1
2022-08-02 00:59:20,428 [cb600bcf-1c2f-4aa5-b6e8-6d568f165d12@group-4D4837CAB090-LeaderElection4] INFO  server.RaftServerConfigKeys (ConfUtils.java:logGet(46)) - raft.server.write.byte-limit = 1024 M (=1073741824) (custom)
2022-08-02 00:59:20,428 [cb600bcf-1c2f-4aa5-b6e8-6d568f165d12@group-4D4837CAB090-LeaderElection4] INFO  server.RaftServerConfigKeys (ConfUtils.java:logGet(46)) - raft.server.watch.timeout = 180s (custom)
2022-08-02 00:59:20,428 [cb600bcf-1c2f-4aa5-b6e8-6d568f165d12@group-4D4837CAB090-LeaderElection4] INFO  server.RaftServerConfigKeys (ConfUtils.java:logGet(46)) - raft.server.watch.timeout.denomination = 1s (default)
2022-08-02 00:59:20,428 [cb600bcf-1c2f-4aa5-b6e8-6d568f165d12@group-4D4837CAB090-LeaderElection4] INFO  server.RaftServerConfigKeys (ConfUtils.java:logGet(46)) - raft.server.watch.element-limit = 65536 (default)
2022-08-02 00:59:20,428 [cb600bcf-1c2f-4aa5-b6e8-6d568f165d12@group-4D4837CAB090-LeaderElection4] INFO  server.RaftServerConfigKeys (ConfUtils.java:logGet(46)) - raft.server.write.element-limit = 1024 (custom)
2022-08-02 00:59:20,429 [cb600bcf-1c2f-4aa5-b6e8-6d568f165d12@group-4D4837CAB090-LeaderElection4] INFO  server.RaftServerConfigKeys (ConfUtils.java:logGet(46)) - raft.server.write.follower.gap.ratio.max = -1.0 (default)
2022-08-02 00:59:20,429 [cb600bcf-1c2f-4aa5-b6e8-6d568f165d12@group-4D4837CAB090-LeaderElection4] INFO  impl.RoleInfo (RoleInfo.java:updateAndGet(139)) - cb600bcf-1c2f-4aa5-b6e8-6d568f165d12: start cb600bcf-1c2f-4aa5-b6e8-6d568f165d12@group-4D4837CAB090-LeaderStateImpl
2022-08-02 00:59:20,429 [cb600bcf-1c2f-4aa5-b6e8-6d568f165d12@group-4D4837CAB090-LeaderElection4] INFO  segmented.SegmentedRaftLogWorker (SegmentedRaftLogWorker.java:startLogSegment(425)) - cb600bcf-1c2f-4aa5-b6e8-6d568f165d12@group-4D4837CAB090-SegmentedRaftLogWorker: Starting segment from index:0
2022-08-02 00:59:20,434 [cb600bcf-1c2f-4aa5-b6e8-6d568f165d12@group-4D4837CAB090-LeaderElection4] INFO  server.RaftServer$Division (ServerState.java:setRaftConf(393)) - cb600bcf-1c2f-4aa5-b6e8-6d568f165d12@group-4D4837CAB090: set configuration 0: [cb600bcf-1c2f-4aa5-b6e8-6d568f165d12|rpc:10.1.0.31:38085|dataStream:|priority:1], old=null
2022-08-02 00:59:20,434 [cb600bcf-1c2f-4aa5-b6e8-6d568f165d12@group-4D4837CAB090-SegmentedRaftLogWorker] INFO  segmented.SegmentedRaftLogWorker (SegmentedRaftLogWorker.java:execute(629)) - cb600bcf-1c2f-4aa5-b6e8-6d568f165d12@group-4D4837CAB090-SegmentedRaftLogWorker: created new log segment /home/runner/work/ozone/ozone/hadoop-ozone/integration-test/target/test-dir/MiniOzoneClusterImpl-5354faea-c150-4163-8100-b2f9ddc2915f/datanode-1/data/ratis/392f05cb-2b44-49ab-ab6e-4d4837cab090/current/log_inprogress_0
2022-08-02 00:59:20,737 [633d7359-78ed-48fa-bcb6-047663da1e29@group-59FF8890AC1D-FollowerState] INFO  impl.FollowerState (FollowerState.java:run(143)) - 633d7359-78ed-48fa-bcb6-047663da1e29@group-59FF8890AC1D-FollowerState: change to CANDIDATE, lastRpcElapsedTime:5191186723ns, electionTimeout:5184ms
2022-08-02 00:59:20,738 [633d7359-78ed-48fa-bcb6-047663da1e29@group-59FF8890AC1D-FollowerState] INFO  impl.RoleInfo (RoleInfo.java:shutdownFollowerState(110)) - 633d7359-78ed-48fa-bcb6-047663da1e29: shutdown 633d7359-78ed-48fa-bcb6-047663da1e29@group-59FF8890AC1D-FollowerState
2022-08-02 00:59:20,738 [633d7359-78ed-48fa-bcb6-047663da1e29@group-59FF8890AC1D-FollowerState] INFO  server.RaftServer$Division (RaftServerImpl.java:setRole(299)) - 633d7359-78ed-48fa-bcb6-047663da1e29@group-59FF8890AC1D: changes role from  FOLLOWER to CANDIDATE at term 0 for changeToCandidate
2022-08-02 00:59:20,738 [633d7359-78ed-48fa-bcb6-047663da1e29@group-59FF8890AC1D-FollowerState] INFO  server.RaftServerConfigKeys (ConfUtils.java:logGet(46)) - raft.server.leaderelection.pre-vote = false (custom)
2022-08-02 00:59:20,738 [633d7359-78ed-48fa-bcb6-047663da1e29@group-59FF8890AC1D-FollowerState] INFO  impl.RoleInfo (RoleInfo.java:updateAndGet(139)) - 633d7359-78ed-48fa-bcb6-047663da1e29: start 633d7359-78ed-48fa-bcb6-047663da1e29@group-59FF8890AC1D-LeaderElection5
2022-08-02 00:59:20,749 [633d7359-78ed-48fa-bcb6-047663da1e29@group-59FF8890AC1D-LeaderElection5] INFO  impl.LeaderElection (LeaderElection.java:askForVotes(310)) - 633d7359-78ed-48fa-bcb6-047663da1e29@group-59FF8890AC1D-LeaderElection5 ELECTION round 0: submit vote requests at term 1 for -1: [633d7359-78ed-48fa-bcb6-047663da1e29|rpc:10.1.0.31:44705|priority:1], old=null
2022-08-02 00:59:20,749 [633d7359-78ed-48fa-bcb6-047663da1e29@group-59FF8890AC1D-LeaderElection5] INFO  impl.LeaderElection (LeaderElection.java:askForVotes(312)) - 633d7359-78ed-48fa-bcb6-047663da1e29@group-59FF8890AC1D-LeaderElection5 ELECTION round 0: result PASSED (term=1)
2022-08-02 00:59:20,749 [633d7359-78ed-48fa-bcb6-047663da1e29@group-59FF8890AC1D-LeaderElection5] INFO  impl.RoleInfo (RoleInfo.java:shutdownLeaderElection(130)) - 633d7359-78ed-48fa-bcb6-047663da1e29: shutdown 633d7359-78ed-48fa-bcb6-047663da1e29@group-59FF8890AC1D-LeaderElection5
2022-08-02 00:59:20,749 [633d7359-78ed-48fa-bcb6-047663da1e29@group-59FF8890AC1D-LeaderElection5] INFO  server.RaftServer$Division (RaftServerImpl.java:setRole(299)) - 633d7359-78ed-48fa-bcb6-047663da1e29@group-59FF8890AC1D: changes role from CANDIDATE to LEADER at term 1 for changeToLeader
2022-08-02 00:59:20,749 [633d7359-78ed-48fa-bcb6-047663da1e29@group-59FF8890AC1D-LeaderElection5] INFO  ratis.XceiverServerRatis (XceiverServerRatis.java:handleLeaderChangedNotification(863)) - Leader change notification received for group: group-59FF8890AC1D with new leaderId: 633d7359-78ed-48fa-bcb6-047663da1e29
2022-08-02 00:59:20,749 [633d7359-78ed-48fa-bcb6-047663da1e29@group-59FF8890AC1D-LeaderElection5] INFO  server.RaftServer$Division (ServerState.java:setLeader(287)) - 633d7359-78ed-48fa-bcb6-047663da1e29@group-59FF8890AC1D: change Leader from null to 633d7359-78ed-48fa-bcb6-047663da1e29 at term 1 for becomeLeader, leader elected after 5207ms
2022-08-02 00:59:20,749 [633d7359-78ed-48fa-bcb6-047663da1e29@group-59FF8890AC1D-LeaderElection5] INFO  server.RaftServerConfigKeys (ConfUtils.java:logGet(46)) - raft.server.staging.catchup.gap = 1000 (default)
2022-08-02 00:59:20,750 [633d7359-78ed-48fa-bcb6-047663da1e29@group-59FF8890AC1D-LeaderElection5] INFO  server.RaftServerConfigKeys (ConfUtils.java:logGet(46)) - raft.server.write.element-limit = 1024 (custom)
2022-08-02 00:59:20,750 [633d7359-78ed-48fa-bcb6-047663da1e29@group-59FF8890AC1D-LeaderElection5] INFO  server.RaftServerConfigKeys (ConfUtils.java:logGet(46)) - raft.server.write.byte-limit = 1024 M (=1073741824) (custom)
2022-08-02 00:59:20,750 [633d7359-78ed-48fa-bcb6-047663da1e29@group-59FF8890AC1D-LeaderElection5] INFO  server.RaftServerConfigKeys (ConfUtils.java:logGet(46)) - raft.server.watch.timeout = 180s (custom)
2022-08-02 00:59:20,750 [633d7359-78ed-48fa-bcb6-047663da1e29@group-59FF8890AC1D-LeaderElection5] INFO  server.RaftServerConfigKeys (ConfUtils.java:logGet(46)) - raft.server.watch.timeout.denomination = 1s (default)
2022-08-02 00:59:20,750 [633d7359-78ed-48fa-bcb6-047663da1e29@group-59FF8890AC1D-LeaderElection5] INFO  server.RaftServerConfigKeys (ConfUtils.java:logGet(46)) - raft.server.watch.element-limit = 65536 (default)
2022-08-02 00:59:20,750 [633d7359-78ed-48fa-bcb6-047663da1e29@group-59FF8890AC1D-LeaderElection5] INFO  server.RaftServerConfigKeys (ConfUtils.java:logGet(46)) - raft.server.write.element-limit = 1024 (custom)
2022-08-02 00:59:20,750 [633d7359-78ed-48fa-bcb6-047663da1e29@group-59FF8890AC1D-LeaderElection5] INFO  server.RaftServerConfigKeys (ConfUtils.java:logGet(46)) - raft.server.write.follower.gap.ratio.max = -1.0 (default)
2022-08-02 00:59:20,750 [633d7359-78ed-48fa-bcb6-047663da1e29@group-59FF8890AC1D-LeaderElection5] INFO  impl.RoleInfo (RoleInfo.java:updateAndGet(139)) - 633d7359-78ed-48fa-bcb6-047663da1e29: start 633d7359-78ed-48fa-bcb6-047663da1e29@group-59FF8890AC1D-LeaderStateImpl
2022-08-02 00:59:20,751 [EventQueue-OpenPipelineForHealthyPipelineSafeModeRule] INFO  safemode.SCMSafeModeManager (HealthyPipelineSafeModeRule.java:process(137)) - SCM in safe mode. Healthy pipelines reported count is 0, required healthy pipeline reported count is 1
2022-08-02 00:59:20,751 [633d7359-78ed-48fa-bcb6-047663da1e29@group-59FF8890AC1D-LeaderElection5] INFO  segmented.SegmentedRaftLogWorker (SegmentedRaftLogWorker.java:startLogSegment(425)) - 633d7359-78ed-48fa-bcb6-047663da1e29@group-59FF8890AC1D-SegmentedRaftLogWorker: Starting segment from index:0
2022-08-02 00:59:20,753 [633d7359-78ed-48fa-bcb6-047663da1e29@group-59FF8890AC1D-LeaderElection5] INFO  server.RaftServer$Division (ServerState.java:setRaftConf(393)) - 633d7359-78ed-48fa-bcb6-047663da1e29@group-59FF8890AC1D: set configuration 0: [633d7359-78ed-48fa-bcb6-047663da1e29|rpc:10.1.0.31:44705|dataStream:|priority:1], old=null
2022-08-02 00:59:20,754 [633d7359-78ed-48fa-bcb6-047663da1e29@group-59FF8890AC1D-SegmentedRaftLogWorker] INFO  segmented.SegmentedRaftLogWorker (SegmentedRaftLogWorker.java:execute(629)) - 633d7359-78ed-48fa-bcb6-047663da1e29@group-59FF8890AC1D-SegmentedRaftLogWorker: created new log segment /home/runner/work/ozone/ozone/hadoop-ozone/integration-test/target/test-dir/MiniOzoneClusterImpl-5354faea-c150-4163-8100-b2f9ddc2915f/datanode-2/data/ratis/c32ad145-6c30-4aab-89ac-59ff8890ac1d/current/log_inprogress_0
2022-08-02 00:59:20,917 [745fb3ed-7598-48f6-8d50-527171c84407@group-B2E206CA8776-FollowerState] INFO  impl.FollowerState (FollowerState.java:run(143)) - 745fb3ed-7598-48f6-8d50-527171c84407@group-B2E206CA8776-FollowerState: change to CANDIDATE, lastRpcElapsedTime:5070523952ns, electionTimeout:5070ms
2022-08-02 00:59:20,918 [745fb3ed-7598-48f6-8d50-527171c84407@group-B2E206CA8776-FollowerState] INFO  impl.RoleInfo (RoleInfo.java:shutdownFollowerState(110)) - 745fb3ed-7598-48f6-8d50-527171c84407: shutdown 745fb3ed-7598-48f6-8d50-527171c84407@group-B2E206CA8776-FollowerState
2022-08-02 00:59:20,918 [745fb3ed-7598-48f6-8d50-527171c84407@group-B2E206CA8776-FollowerState] INFO  server.RaftServer$Division (RaftServerImpl.java:setRole(299)) - 745fb3ed-7598-48f6-8d50-527171c84407@group-B2E206CA8776: changes role from  FOLLOWER to CANDIDATE at term 0 for changeToCandidate
2022-08-02 00:59:20,918 [745fb3ed-7598-48f6-8d50-527171c84407@group-B2E206CA8776-FollowerState] INFO  server.RaftServerConfigKeys (ConfUtils.java:logGet(46)) - raft.server.leaderelection.pre-vote = false (custom)
2022-08-02 00:59:20,918 [745fb3ed-7598-48f6-8d50-527171c84407@group-B2E206CA8776-FollowerState] INFO  impl.RoleInfo (RoleInfo.java:updateAndGet(139)) - 745fb3ed-7598-48f6-8d50-527171c84407: start 745fb3ed-7598-48f6-8d50-527171c84407@group-B2E206CA8776-LeaderElection6
2022-08-02 00:59:20,921 [745fb3ed-7598-48f6-8d50-527171c84407@group-B2E206CA8776-LeaderElection6] INFO  impl.LeaderElection (LeaderElection.java:askForVotes(310)) - 745fb3ed-7598-48f6-8d50-527171c84407@group-B2E206CA8776-LeaderElection6 ELECTION round 0: submit vote requests at term 1 for -1: [745fb3ed-7598-48f6-8d50-527171c84407|rpc:10.1.0.31:37527|priority:1], old=null
2022-08-02 00:59:20,921 [745fb3ed-7598-48f6-8d50-527171c84407@group-B2E206CA8776-LeaderElection6] INFO  impl.LeaderElection (LeaderElection.java:askForVotes(312)) - 745fb3ed-7598-48f6-8d50-527171c84407@group-B2E206CA8776-LeaderElection6 ELECTION round 0: result PASSED (term=1)
2022-08-02 00:59:20,921 [745fb3ed-7598-48f6-8d50-527171c84407@group-B2E206CA8776-LeaderElection6] INFO  impl.RoleInfo (RoleInfo.java:shutdownLeaderElection(130)) - 745fb3ed-7598-48f6-8d50-527171c84407: shutdown 745fb3ed-7598-48f6-8d50-527171c84407@group-B2E206CA8776-LeaderElection6
2022-08-02 00:59:20,921 [745fb3ed-7598-48f6-8d50-527171c84407@group-B2E206CA8776-LeaderElection6] INFO  server.RaftServer$Division (RaftServerImpl.java:setRole(299)) - 745fb3ed-7598-48f6-8d50-527171c84407@group-B2E206CA8776: changes role from CANDIDATE to LEADER at term 1 for changeToLeader
2022-08-02 00:59:20,921 [745fb3ed-7598-48f6-8d50-527171c84407@group-B2E206CA8776-LeaderElection6] INFO  ratis.XceiverServerRatis (XceiverServerRatis.java:handleLeaderChangedNotification(863)) - Leader change notification received for group: group-B2E206CA8776 with new leaderId: 745fb3ed-7598-48f6-8d50-527171c84407
2022-08-02 00:59:20,921 [745fb3ed-7598-48f6-8d50-527171c84407@group-B2E206CA8776-LeaderElection6] INFO  server.RaftServer$Division (ServerState.java:setLeader(287)) - 745fb3ed-7598-48f6-8d50-527171c84407@group-B2E206CA8776: change Leader from null to 745fb3ed-7598-48f6-8d50-527171c84407 at term 1 for becomeLeader, leader elected after 5082ms
2022-08-02 00:59:20,921 [745fb3ed-7598-48f6-8d50-527171c84407@group-B2E206CA8776-LeaderElection6] INFO  server.RaftServerConfigKeys (ConfUtils.java:logGet(46)) - raft.server.staging.catchup.gap = 1000 (default)
2022-08-02 00:59:20,922 [745fb3ed-7598-48f6-8d50-527171c84407@group-B2E206CA8776-LeaderElection6] INFO  server.RaftServerConfigKeys (ConfUtils.java:logGet(46)) - raft.server.write.element-limit = 1024 (custom)
2022-08-02 00:59:20,922 [745fb3ed-7598-48f6-8d50-527171c84407@group-B2E206CA8776-LeaderElection6] INFO  server.RaftServerConfigKeys (ConfUtils.java:logGet(46)) - raft.server.write.byte-limit = 1024 M (=1073741824) (custom)
2022-08-02 00:59:20,922 [745fb3ed-7598-48f6-8d50-527171c84407@group-B2E206CA8776-LeaderElection6] INFO  server.RaftServerConfigKeys (ConfUtils.java:logGet(46)) - raft.server.watch.timeout = 180s (custom)
2022-08-02 00:59:20,922 [745fb3ed-7598-48f6-8d50-527171c84407@group-B2E206CA8776-LeaderElection6] INFO  server.RaftServerConfigKeys (ConfUtils.java:logGet(46)) - raft.server.watch.timeout.denomination = 1s (default)
2022-08-02 00:59:20,922 [745fb3ed-7598-48f6-8d50-527171c84407@group-B2E206CA8776-LeaderElection6] INFO  server.RaftServerConfigKeys (ConfUtils.java:logGet(46)) - raft.server.watch.element-limit = 65536 (default)
2022-08-02 00:59:20,922 [745fb3ed-7598-48f6-8d50-527171c84407@group-B2E206CA8776-LeaderElection6] INFO  server.RaftServerConfigKeys (ConfUtils.java:logGet(46)) - raft.server.write.element-limit = 1024 (custom)
2022-08-02 00:59:20,922 [745fb3ed-7598-48f6-8d50-527171c84407@group-B2E206CA8776-LeaderElection6] INFO  server.RaftServerConfigKeys (ConfUtils.java:logGet(46)) - raft.server.write.follower.gap.ratio.max = -1.0 (default)
2022-08-02 00:59:20,923 [745fb3ed-7598-48f6-8d50-527171c84407@group-B2E206CA8776-LeaderElection6] INFO  impl.RoleInfo (RoleInfo.java:updateAndGet(139)) - 745fb3ed-7598-48f6-8d50-527171c84407: start 745fb3ed-7598-48f6-8d50-527171c84407@group-B2E206CA8776-LeaderStateImpl
2022-08-02 00:59:20,923 [745fb3ed-7598-48f6-8d50-527171c84407@group-B2E206CA8776-LeaderElection6] INFO  segmented.SegmentedRaftLogWorker (SegmentedRaftLogWorker.java:startLogSegment(425)) - 745fb3ed-7598-48f6-8d50-527171c84407@group-B2E206CA8776-SegmentedRaftLogWorker: Starting segment from index:0
2022-08-02 00:59:20,924 [EventQueue-OpenPipelineForHealthyPipelineSafeModeRule] INFO  safemode.SCMSafeModeManager (HealthyPipelineSafeModeRule.java:process(137)) - SCM in safe mode. Healthy pipelines reported count is 0, required healthy pipeline reported count is 1
2022-08-02 00:59:20,925 [745fb3ed-7598-48f6-8d50-527171c84407@group-B2E206CA8776-LeaderElection6] INFO  server.RaftServer$Division (ServerState.java:setRaftConf(393)) - 745fb3ed-7598-48f6-8d50-527171c84407@group-B2E206CA8776: set configuration 0: [745fb3ed-7598-48f6-8d50-527171c84407|rpc:10.1.0.31:37527|dataStream:|priority:1], old=null
2022-08-02 00:59:20,925 [745fb3ed-7598-48f6-8d50-527171c84407@group-B2E206CA8776-SegmentedRaftLogWorker] INFO  segmented.SegmentedRaftLogWorker (SegmentedRaftLogWorker.java:execute(629)) - 745fb3ed-7598-48f6-8d50-527171c84407@group-B2E206CA8776-SegmentedRaftLogWorker: created new log segment /home/runner/work/ozone/ozone/hadoop-ozone/integration-test/target/test-dir/MiniOzoneClusterImpl-5354faea-c150-4163-8100-b2f9ddc2915f/datanode-3/data/ratis/23e25196-c9d6-44c0-8a93-b2e206ca8776/current/log_inprogress_0
2022-08-02 00:59:21,067 [ReplicationMonitor] INFO  replication.ReplicationManager (ReplicationManager.java:processAll(249)) - Replication Manager is not ready to run until 3000ms after safemode exit
2022-08-02 00:59:21,132 [Listener at 127.0.0.1/34881] INFO  ozone.MiniOzoneClusterImpl (MiniOzoneClusterImpl.java:lambda$waitForClusterToBeReady$0(216)) - Nodes are ready. Got 5 of 5 DN Heartbeats.
2022-08-02 00:59:21,132 [Listener at 127.0.0.1/34881] INFO  ozone.MiniOzoneClusterImpl (MiniOzoneClusterImpl.java:lambda$waitForClusterToBeReady$0(219)) - Waiting for cluster to exit safe mode
2022-08-02 00:59:21,132 [Listener at 127.0.0.1/34881] INFO  ozone.MiniOzoneClusterImpl (MiniOzoneClusterImpl.java:lambda$waitForClusterToBeReady$0(221)) - SCM became leader
2022-08-02 00:59:21,363 [3670ff39-8d21-4c07-ba78-00a70db193ce@group-021F2273358A-FollowerState] INFO  impl.FollowerState (FollowerState.java:run(143)) - 3670ff39-8d21-4c07-ba78-00a70db193ce@group-021F2273358A-FollowerState: change to CANDIDATE, lastRpcElapsedTime:5199857893ns, electionTimeout:5199ms
2022-08-02 00:59:21,364 [3670ff39-8d21-4c07-ba78-00a70db193ce@group-021F2273358A-FollowerState] INFO  impl.RoleInfo (RoleInfo.java:shutdownFollowerState(110)) - 3670ff39-8d21-4c07-ba78-00a70db193ce: shutdown 3670ff39-8d21-4c07-ba78-00a70db193ce@group-021F2273358A-FollowerState
2022-08-02 00:59:21,364 [3670ff39-8d21-4c07-ba78-00a70db193ce@group-021F2273358A-FollowerState] INFO  server.RaftServer$Division (RaftServerImpl.java:setRole(299)) - 3670ff39-8d21-4c07-ba78-00a70db193ce@group-021F2273358A: changes role from  FOLLOWER to CANDIDATE at term 0 for changeToCandidate
2022-08-02 00:59:21,364 [3670ff39-8d21-4c07-ba78-00a70db193ce@group-021F2273358A-FollowerState] INFO  server.RaftServerConfigKeys (ConfUtils.java:logGet(46)) - raft.server.leaderelection.pre-vote = false (custom)
2022-08-02 00:59:21,364 [3670ff39-8d21-4c07-ba78-00a70db193ce@group-021F2273358A-FollowerState] INFO  impl.RoleInfo (RoleInfo.java:updateAndGet(139)) - 3670ff39-8d21-4c07-ba78-00a70db193ce: start 3670ff39-8d21-4c07-ba78-00a70db193ce@group-021F2273358A-LeaderElection7
2022-08-02 00:59:21,367 [3670ff39-8d21-4c07-ba78-00a70db193ce@group-021F2273358A-LeaderElection7] INFO  impl.LeaderElection (LeaderElection.java:askForVotes(310)) - 3670ff39-8d21-4c07-ba78-00a70db193ce@group-021F2273358A-LeaderElection7 ELECTION round 0: submit vote requests at term 1 for -1: [3670ff39-8d21-4c07-ba78-00a70db193ce|rpc:10.1.0.31:43053|priority:1], old=null
2022-08-02 00:59:21,367 [3670ff39-8d21-4c07-ba78-00a70db193ce@group-021F2273358A-LeaderElection7] INFO  impl.LeaderElection (LeaderElection.java:askForVotes(312)) - 3670ff39-8d21-4c07-ba78-00a70db193ce@group-021F2273358A-LeaderElection7 ELECTION round 0: result PASSED (term=1)
2022-08-02 00:59:21,367 [3670ff39-8d21-4c07-ba78-00a70db193ce@group-021F2273358A-LeaderElection7] INFO  impl.RoleInfo (RoleInfo.java:shutdownLeaderElection(130)) - 3670ff39-8d21-4c07-ba78-00a70db193ce: shutdown 3670ff39-8d21-4c07-ba78-00a70db193ce@group-021F2273358A-LeaderElection7
2022-08-02 00:59:21,367 [3670ff39-8d21-4c07-ba78-00a70db193ce@group-021F2273358A-LeaderElection7] INFO  server.RaftServer$Division (RaftServerImpl.java:setRole(299)) - 3670ff39-8d21-4c07-ba78-00a70db193ce@group-021F2273358A: changes role from CANDIDATE to LEADER at term 1 for changeToLeader
2022-08-02 00:59:21,367 [3670ff39-8d21-4c07-ba78-00a70db193ce@group-021F2273358A-LeaderElection7] INFO  ratis.XceiverServerRatis (XceiverServerRatis.java:handleLeaderChangedNotification(863)) - Leader change notification received for group: group-021F2273358A with new leaderId: 3670ff39-8d21-4c07-ba78-00a70db193ce
2022-08-02 00:59:21,368 [3670ff39-8d21-4c07-ba78-00a70db193ce@group-021F2273358A-LeaderElection7] INFO  server.RaftServer$Division (ServerState.java:setLeader(287)) - 3670ff39-8d21-4c07-ba78-00a70db193ce@group-021F2273358A: change Leader from null to 3670ff39-8d21-4c07-ba78-00a70db193ce at term 1 for becomeLeader, leader elected after 5209ms
2022-08-02 00:59:21,368 [3670ff39-8d21-4c07-ba78-00a70db193ce@group-021F2273358A-LeaderElection7] INFO  server.RaftServerConfigKeys (ConfUtils.java:logGet(46)) - raft.server.staging.catchup.gap = 1000 (default)
2022-08-02 00:59:21,369 [3670ff39-8d21-4c07-ba78-00a70db193ce@group-021F2273358A-LeaderElection7] INFO  server.RaftServerConfigKeys (ConfUtils.java:logGet(46)) - raft.server.write.element-limit = 1024 (custom)
2022-08-02 00:59:21,369 [3670ff39-8d21-4c07-ba78-00a70db193ce@group-021F2273358A-LeaderElection7] INFO  server.RaftServerConfigKeys (ConfUtils.java:logGet(46)) - raft.server.write.byte-limit = 1024 M (=1073741824) (custom)
2022-08-02 00:59:21,370 [3670ff39-8d21-4c07-ba78-00a70db193ce@group-021F2273358A-LeaderElection7] INFO  server.RaftServerConfigKeys (ConfUtils.java:logGet(46)) - raft.server.watch.timeout = 180s (custom)
2022-08-02 00:59:21,370 [3670ff39-8d21-4c07-ba78-00a70db193ce@group-021F2273358A-LeaderElection7] INFO  server.RaftServerConfigKeys (ConfUtils.java:logGet(46)) - raft.server.watch.timeout.denomination = 1s (default)
2022-08-02 00:59:21,370 [3670ff39-8d21-4c07-ba78-00a70db193ce@group-021F2273358A-LeaderElection7] INFO  server.RaftServerConfigKeys (ConfUtils.java:logGet(46)) - raft.server.watch.element-limit = 65536 (default)
2022-08-02 00:59:21,370 [3670ff39-8d21-4c07-ba78-00a70db193ce@group-021F2273358A-LeaderElection7] INFO  server.RaftServerConfigKeys (ConfUtils.java:logGet(46)) - raft.server.write.element-limit = 1024 (custom)
2022-08-02 00:59:21,370 [3670ff39-8d21-4c07-ba78-00a70db193ce@group-021F2273358A-LeaderElection7] INFO  server.RaftServerConfigKeys (ConfUtils.java:logGet(46)) - raft.server.write.follower.gap.ratio.max = -1.0 (default)
2022-08-02 00:59:21,370 [3670ff39-8d21-4c07-ba78-00a70db193ce@group-021F2273358A-LeaderElection7] INFO  impl.RoleInfo (RoleInfo.java:updateAndGet(139)) - 3670ff39-8d21-4c07-ba78-00a70db193ce: start 3670ff39-8d21-4c07-ba78-00a70db193ce@group-021F2273358A-LeaderStateImpl
2022-08-02 00:59:21,371 [3670ff39-8d21-4c07-ba78-00a70db193ce@group-021F2273358A-LeaderElection7] INFO  segmented.SegmentedRaftLogWorker (SegmentedRaftLogWorker.java:startLogSegment(425)) - 3670ff39-8d21-4c07-ba78-00a70db193ce@group-021F2273358A-SegmentedRaftLogWorker: Starting segment from index:0
2022-08-02 00:59:21,372 [EventQueue-OpenPipelineForHealthyPipelineSafeModeRule] INFO  safemode.SCMSafeModeManager (HealthyPipelineSafeModeRule.java:process(137)) - SCM in safe mode. Healthy pipelines reported count is 0, required healthy pipeline reported count is 1
2022-08-02 00:59:21,373 [3670ff39-8d21-4c07-ba78-00a70db193ce@group-021F2273358A-SegmentedRaftLogWorker] INFO  segmented.SegmentedRaftLogWorker (SegmentedRaftLogWorker.java:execute(629)) - 3670ff39-8d21-4c07-ba78-00a70db193ce@group-021F2273358A-SegmentedRaftLogWorker: created new log segment /home/runner/work/ozone/ozone/hadoop-ozone/integration-test/target/test-dir/MiniOzoneClusterImpl-5354faea-c150-4163-8100-b2f9ddc2915f/datanode-4/data/ratis/84f653f0-279c-4abe-a065-021f2273358a/current/log_inprogress_0
2022-08-02 00:59:21,377 [3670ff39-8d21-4c07-ba78-00a70db193ce@group-021F2273358A-LeaderElection7] INFO  server.RaftServer$Division (ServerState.java:setRaftConf(393)) - 3670ff39-8d21-4c07-ba78-00a70db193ce@group-021F2273358A: set configuration 0: [3670ff39-8d21-4c07-ba78-00a70db193ce|rpc:10.1.0.31:43053|dataStream:|priority:1], old=null
2022-08-02 00:59:22,068 [ReplicationMonitor] INFO  replication.ReplicationManager (ReplicationManager.java:processAll(249)) - Replication Manager is not ready to run until 3000ms after safemode exit
2022-08-02 00:59:22,132 [Listener at 127.0.0.1/34881] INFO  ozone.MiniOzoneClusterImpl (MiniOzoneClusterImpl.java:lambda$waitForClusterToBeReady$0(216)) - Nodes are ready. Got 5 of 5 DN Heartbeats.
2022-08-02 00:59:22,132 [Listener at 127.0.0.1/34881] INFO  ozone.MiniOzoneClusterImpl (MiniOzoneClusterImpl.java:lambda$waitForClusterToBeReady$0(219)) - Waiting for cluster to exit safe mode
2022-08-02 00:59:22,133 [Listener at 127.0.0.1/34881] INFO  ozone.MiniOzoneClusterImpl (MiniOzoneClusterImpl.java:lambda$waitForClusterToBeReady$0(221)) - SCM became leader
2022-08-02 00:59:23,068 [ReplicationMonitor] INFO  replication.ReplicationManager (ReplicationManager.java:processAll(249)) - Replication Manager is not ready to run until 3000ms after safemode exit
2022-08-02 00:59:23,133 [Listener at 127.0.0.1/34881] INFO  ozone.MiniOzoneClusterImpl (MiniOzoneClusterImpl.java:lambda$waitForClusterToBeReady$0(216)) - Nodes are ready. Got 5 of 5 DN Heartbeats.
2022-08-02 00:59:23,133 [Listener at 127.0.0.1/34881] INFO  ozone.MiniOzoneClusterImpl (MiniOzoneClusterImpl.java:lambda$waitForClusterToBeReady$0(219)) - Waiting for cluster to exit safe mode
2022-08-02 00:59:23,133 [Listener at 127.0.0.1/34881] INFO  ozone.MiniOzoneClusterImpl (MiniOzoneClusterImpl.java:lambda$waitForClusterToBeReady$0(221)) - SCM became leader
2022-08-02 00:59:24,069 [ReplicationMonitor] INFO  replication.ReplicationManager (ReplicationManager.java:processAll(249)) - Replication Manager is not ready to run until 3000ms after safemode exit
2022-08-02 00:59:24,134 [Listener at 127.0.0.1/34881] INFO  ozone.MiniOzoneClusterImpl (MiniOzoneClusterImpl.java:lambda$waitForClusterToBeReady$0(216)) - Nodes are ready. Got 5 of 5 DN Heartbeats.
2022-08-02 00:59:24,134 [Listener at 127.0.0.1/34881] INFO  ozone.MiniOzoneClusterImpl (MiniOzoneClusterImpl.java:lambda$waitForClusterToBeReady$0(219)) - Waiting for cluster to exit safe mode
2022-08-02 00:59:24,134 [Listener at 127.0.0.1/34881] INFO  ozone.MiniOzoneClusterImpl (MiniOzoneClusterImpl.java:lambda$waitForClusterToBeReady$0(221)) - SCM became leader
2022-08-02 00:59:25,069 [ReplicationMonitor] INFO  replication.ReplicationManager (ReplicationManager.java:processAll(249)) - Replication Manager is not ready to run until 3000ms after safemode exit
2022-08-02 00:59:25,108 [633d7359-78ed-48fa-bcb6-047663da1e29@group-4C838A462C10-FollowerState] INFO  impl.FollowerState (FollowerState.java:run(143)) - 633d7359-78ed-48fa-bcb6-047663da1e29@group-4C838A462C10-FollowerState: change to CANDIDATE, lastRpcElapsedTime:5089844676ns, electionTimeout:5084ms
2022-08-02 00:59:25,108 [633d7359-78ed-48fa-bcb6-047663da1e29@group-4C838A462C10-FollowerState] INFO  impl.RoleInfo (RoleInfo.java:shutdownFollowerState(110)) - 633d7359-78ed-48fa-bcb6-047663da1e29: shutdown 633d7359-78ed-48fa-bcb6-047663da1e29@group-4C838A462C10-FollowerState
2022-08-02 00:59:25,109 [633d7359-78ed-48fa-bcb6-047663da1e29@group-4C838A462C10-FollowerState] INFO  server.RaftServer$Division (RaftServerImpl.java:setRole(299)) - 633d7359-78ed-48fa-bcb6-047663da1e29@group-4C838A462C10: changes role from  FOLLOWER to CANDIDATE at term 1 for changeToCandidate
2022-08-02 00:59:25,109 [633d7359-78ed-48fa-bcb6-047663da1e29@group-4C838A462C10-FollowerState] INFO  server.RaftServerConfigKeys (ConfUtils.java:logGet(46)) - raft.server.leaderelection.pre-vote = false (custom)
2022-08-02 00:59:25,109 [633d7359-78ed-48fa-bcb6-047663da1e29@group-4C838A462C10-FollowerState] INFO  impl.RoleInfo (RoleInfo.java:updateAndGet(139)) - 633d7359-78ed-48fa-bcb6-047663da1e29: start 633d7359-78ed-48fa-bcb6-047663da1e29@group-4C838A462C10-LeaderElection8
2022-08-02 00:59:25,112 [633d7359-78ed-48fa-bcb6-047663da1e29@group-4C838A462C10-LeaderElection8] INFO  impl.LeaderElection (LeaderElection.java:askForVotes(310)) - 633d7359-78ed-48fa-bcb6-047663da1e29@group-4C838A462C10-LeaderElection8 ELECTION round 0: submit vote requests at term 2 for -1: [633d7359-78ed-48fa-bcb6-047663da1e29|rpc:10.1.0.31:44705|dataStream:|priority:1, cb600bcf-1c2f-4aa5-b6e8-6d568f165d12|rpc:10.1.0.31:38085|dataStream:|priority:0, d5e157d4-c297-43f4-abaf-f908afa77c91|rpc:10.1.0.31:38773|dataStream:|priority:0], old=null
2022-08-02 00:59:25,130 [grpc-default-executor-0] INFO  server.RaftServer$Division (RaftServerImpl.java:requestVote(1152)) - cb600bcf-1c2f-4aa5-b6e8-6d568f165d12@group-4C838A462C10: receive requestVote(ELECTION, 633d7359-78ed-48fa-bcb6-047663da1e29, group-4C838A462C10, 2, (t:0, i:0))
2022-08-02 00:59:25,131 [grpc-default-executor-0] INFO  impl.VoteContext (VoteContext.java:log(48)) - cb600bcf-1c2f-4aa5-b6e8-6d568f165d12@group-4C838A462C10-FOLLOWER: accept ELECTION from 633d7359-78ed-48fa-bcb6-047663da1e29: our priority 0 <= candidate's priority 1
2022-08-02 00:59:25,131 [grpc-default-executor-0] INFO  server.RaftServer$Division (RaftServerImpl.java:setRole(299)) - cb600bcf-1c2f-4aa5-b6e8-6d568f165d12@group-4C838A462C10: changes role from  FOLLOWER to FOLLOWER at term 2 for candidate:633d7359-78ed-48fa-bcb6-047663da1e29
2022-08-02 00:59:25,131 [grpc-default-executor-0] INFO  impl.RoleInfo (RoleInfo.java:shutdownFollowerState(110)) - cb600bcf-1c2f-4aa5-b6e8-6d568f165d12: shutdown cb600bcf-1c2f-4aa5-b6e8-6d568f165d12@group-4C838A462C10-FollowerState
2022-08-02 00:59:25,131 [grpc-default-executor-0] INFO  impl.RoleInfo (RoleInfo.java:updateAndGet(139)) - cb600bcf-1c2f-4aa5-b6e8-6d568f165d12: start cb600bcf-1c2f-4aa5-b6e8-6d568f165d12@group-4C838A462C10-FollowerState
2022-08-02 00:59:25,131 [cb600bcf-1c2f-4aa5-b6e8-6d568f165d12@group-4C838A462C10-FollowerState] INFO  impl.FollowerState (FollowerState.java:run(152)) - cb600bcf-1c2f-4aa5-b6e8-6d568f165d12@group-4C838A462C10-FollowerState was interrupted
2022-08-02 00:59:25,131 [grpc-default-executor-1] INFO  server.RaftServer$Division (RaftServerImpl.java:requestVote(1152)) - d5e157d4-c297-43f4-abaf-f908afa77c91@group-4C838A462C10: receive requestVote(ELECTION, 633d7359-78ed-48fa-bcb6-047663da1e29, group-4C838A462C10, 2, (t:0, i:0))
2022-08-02 00:59:25,138 [grpc-default-executor-0] INFO  server.RaftServer$Division (RaftServerImpl.java:requestVote(1184)) - cb600bcf-1c2f-4aa5-b6e8-6d568f165d12@group-4C838A462C10 replies to ELECTION vote request: 633d7359-78ed-48fa-bcb6-047663da1e29<-cb600bcf-1c2f-4aa5-b6e8-6d568f165d12#0:OK-t2. Peer's state: cb600bcf-1c2f-4aa5-b6e8-6d568f165d12@group-4C838A462C10:t2, leader=null, voted=633d7359-78ed-48fa-bcb6-047663da1e29, raftlog=cb600bcf-1c2f-4aa5-b6e8-6d568f165d12@group-4C838A462C10-SegmentedRaftLog:OPENED:c-1, conf=-1: [633d7359-78ed-48fa-bcb6-047663da1e29|rpc:10.1.0.31:44705|priority:1, cb600bcf-1c2f-4aa5-b6e8-6d568f165d12|rpc:10.1.0.31:38085|priority:0, d5e157d4-c297-43f4-abaf-f908afa77c91|rpc:10.1.0.31:38773|priority:0], old=null
2022-08-02 00:59:25,138 [Listener at 127.0.0.1/34881] INFO  ozone.MiniOzoneClusterImpl (MiniOzoneClusterImpl.java:lambda$waitForClusterToBeReady$0(216)) - Nodes are ready. Got 5 of 5 DN Heartbeats.
2022-08-02 00:59:25,138 [Listener at 127.0.0.1/34881] INFO  ozone.MiniOzoneClusterImpl (MiniOzoneClusterImpl.java:lambda$waitForClusterToBeReady$0(219)) - Waiting for cluster to exit safe mode
2022-08-02 00:59:25,138 [Listener at 127.0.0.1/34881] INFO  ozone.MiniOzoneClusterImpl (MiniOzoneClusterImpl.java:lambda$waitForClusterToBeReady$0(221)) - SCM became leader
2022-08-02 00:59:25,138 [grpc-default-executor-1] INFO  impl.VoteContext (VoteContext.java:log(48)) - d5e157d4-c297-43f4-abaf-f908afa77c91@group-4C838A462C10-FOLLOWER: accept ELECTION from 633d7359-78ed-48fa-bcb6-047663da1e29: our priority 0 <= candidate's priority 1
2022-08-02 00:59:25,143 [grpc-default-executor-1] INFO  server.RaftServer$Division (RaftServerImpl.java:setRole(299)) - d5e157d4-c297-43f4-abaf-f908afa77c91@group-4C838A462C10: changes role from  FOLLOWER to FOLLOWER at term 2 for candidate:633d7359-78ed-48fa-bcb6-047663da1e29
2022-08-02 00:59:25,143 [grpc-default-executor-1] INFO  impl.RoleInfo (RoleInfo.java:shutdownFollowerState(110)) - d5e157d4-c297-43f4-abaf-f908afa77c91: shutdown d5e157d4-c297-43f4-abaf-f908afa77c91@group-4C838A462C10-FollowerState
2022-08-02 00:59:25,143 [grpc-default-executor-1] INFO  impl.RoleInfo (RoleInfo.java:updateAndGet(139)) - d5e157d4-c297-43f4-abaf-f908afa77c91: start d5e157d4-c297-43f4-abaf-f908afa77c91@group-4C838A462C10-FollowerState
2022-08-02 00:59:25,143 [d5e157d4-c297-43f4-abaf-f908afa77c91@group-4C838A462C10-FollowerState] INFO  impl.FollowerState (FollowerState.java:run(152)) - d5e157d4-c297-43f4-abaf-f908afa77c91@group-4C838A462C10-FollowerState was interrupted
2022-08-02 00:59:25,144 [633d7359-78ed-48fa-bcb6-047663da1e29@group-4C838A462C10-LeaderElection8] INFO  impl.LeaderElection (LeaderElection.java:logAndReturn(90)) - 633d7359-78ed-48fa-bcb6-047663da1e29@group-4C838A462C10-LeaderElection8: ELECTION PASSED received 1 response(s) and 0 exception(s):
2022-08-02 00:59:25,144 [633d7359-78ed-48fa-bcb6-047663da1e29@group-4C838A462C10-LeaderElection8] INFO  impl.LeaderElection (LeaderElection.java:logAndReturn(94)) -   Response 0: 633d7359-78ed-48fa-bcb6-047663da1e29<-cb600bcf-1c2f-4aa5-b6e8-6d568f165d12#0:OK-t2
2022-08-02 00:59:25,145 [633d7359-78ed-48fa-bcb6-047663da1e29@group-4C838A462C10-LeaderElection8] INFO  impl.LeaderElection (LeaderElection.java:askForVotes(312)) - 633d7359-78ed-48fa-bcb6-047663da1e29@group-4C838A462C10-LeaderElection8 ELECTION round 0: result PASSED
2022-08-02 00:59:25,146 [633d7359-78ed-48fa-bcb6-047663da1e29@group-4C838A462C10-LeaderElection8] INFO  impl.RoleInfo (RoleInfo.java:shutdownLeaderElection(130)) - 633d7359-78ed-48fa-bcb6-047663da1e29: shutdown 633d7359-78ed-48fa-bcb6-047663da1e29@group-4C838A462C10-LeaderElection8
2022-08-02 00:59:25,146 [633d7359-78ed-48fa-bcb6-047663da1e29@group-4C838A462C10-LeaderElection8] INFO  server.RaftServer$Division (RaftServerImpl.java:setRole(299)) - 633d7359-78ed-48fa-bcb6-047663da1e29@group-4C838A462C10: changes role from CANDIDATE to LEADER at term 2 for changeToLeader
2022-08-02 00:59:25,146 [633d7359-78ed-48fa-bcb6-047663da1e29@group-4C838A462C10-LeaderElection8] INFO  ratis.XceiverServerRatis (XceiverServerRatis.java:handleLeaderChangedNotification(863)) - Leader change notification received for group: group-4C838A462C10 with new leaderId: 633d7359-78ed-48fa-bcb6-047663da1e29
2022-08-02 00:59:25,146 [633d7359-78ed-48fa-bcb6-047663da1e29@group-4C838A462C10-LeaderElection8] INFO  server.RaftServer$Division (ServerState.java:setLeader(287)) - 633d7359-78ed-48fa-bcb6-047663da1e29@group-4C838A462C10: change Leader from null to 633d7359-78ed-48fa-bcb6-047663da1e29 at term 2 for becomeLeader, leader elected after 9806ms
2022-08-02 00:59:25,146 [633d7359-78ed-48fa-bcb6-047663da1e29@group-4C838A462C10-LeaderElection8] INFO  server.RaftServerConfigKeys (ConfUtils.java:logGet(46)) - raft.server.staging.catchup.gap = 1000 (default)
2022-08-02 00:59:25,146 [633d7359-78ed-48fa-bcb6-047663da1e29@group-4C838A462C10-LeaderElection8] INFO  server.RaftServerConfigKeys (ConfUtils.java:logGet(46)) - raft.server.write.element-limit = 1024 (custom)
2022-08-02 00:59:25,146 [633d7359-78ed-48fa-bcb6-047663da1e29@group-4C838A462C10-LeaderElection8] INFO  server.RaftServerConfigKeys (ConfUtils.java:logGet(46)) - raft.server.write.byte-limit = 1024 M (=1073741824) (custom)
2022-08-02 00:59:25,146 [633d7359-78ed-48fa-bcb6-047663da1e29@group-4C838A462C10-LeaderElection8] INFO  server.RaftServerConfigKeys (ConfUtils.java:logGet(46)) - raft.server.watch.timeout = 180s (custom)
2022-08-02 00:59:25,147 [633d7359-78ed-48fa-bcb6-047663da1e29@group-4C838A462C10-LeaderElection8] INFO  server.RaftServerConfigKeys (ConfUtils.java:logGet(46)) - raft.server.watch.timeout.denomination = 1s (default)
2022-08-02 00:59:25,147 [633d7359-78ed-48fa-bcb6-047663da1e29@group-4C838A462C10-LeaderElection8] INFO  server.RaftServerConfigKeys (ConfUtils.java:logGet(46)) - raft.server.watch.element-limit = 65536 (default)
2022-08-02 00:59:25,147 [633d7359-78ed-48fa-bcb6-047663da1e29@group-4C838A462C10-LeaderElection8] INFO  server.RaftServerConfigKeys (ConfUtils.java:logGet(46)) - raft.server.write.element-limit = 1024 (custom)
2022-08-02 00:59:25,147 [633d7359-78ed-48fa-bcb6-047663da1e29@group-4C838A462C10-LeaderElection8] INFO  server.RaftServerConfigKeys (ConfUtils.java:logGet(46)) - raft.server.write.follower.gap.ratio.max = -1.0 (default)
2022-08-02 00:59:25,148 [EventQueue-PipelineReportForPipelineReportHandler] INFO  pipeline.PipelineManagerImpl (PipelineManagerImpl.java:openPipeline(367)) - Pipeline Pipeline[ Id: 5f17a4d3-824c-4efb-a137-4c838a462c10, Nodes: 633d7359-78ed-48fa-bcb6-047663da1e29{ip: 10.1.0.31, host: fv-az164-385.acqy4frhnxdelaro313li45hge.dx.internal.cloudapp.net, ports: [REPLICATION=38631, RATIS=44705, RATIS_ADMIN=44705, RATIS_SERVER=44705, STANDALONE=38683], networkLocation: /default-rack, certSerialId: null, persistedOpState: IN_SERVICE, persistedOpStateExpiryEpochSec: 0}d5e157d4-c297-43f4-abaf-f908afa77c91{ip: 10.1.0.31, host: fv-az164-385.acqy4frhnxdelaro313li45hge.dx.internal.cloudapp.net, ports: [REPLICATION=42177, RATIS=38773, RATIS_ADMIN=38773, RATIS_SERVER=38773, STANDALONE=42107], networkLocation: /default-rack, certSerialId: null, persistedOpState: IN_SERVICE, persistedOpStateExpiryEpochSec: 0}cb600bcf-1c2f-4aa5-b6e8-6d568f165d12{ip: 10.1.0.31, host: fv-az164-385.acqy4frhnxdelaro313li45hge.dx.internal.cloudapp.net, ports: [REPLICATION=46367, RATIS=38085, RATIS_ADMIN=38085, RATIS_SERVER=38085, STANDALONE=38847], networkLocation: /default-rack, certSerialId: null, persistedOpState: IN_SERVICE, persistedOpStateExpiryEpochSec: 0}, ReplicationConfig: RATIS/THREE, State:ALLOCATED, leaderId:633d7359-78ed-48fa-bcb6-047663da1e29, CreationTimestamp2022-08-02T00:59:12.543Z[Etc/UTC]] moved to OPEN state
2022-08-02 00:59:25,149 [EventQueue-OpenPipelineForHealthyPipelineSafeModeRule] INFO  safemode.SCMSafeModeManager (HealthyPipelineSafeModeRule.java:process(137)) - SCM in safe mode. Healthy pipelines reported count is 1, required healthy pipeline reported count is 1
2022-08-02 00:59:25,149 [EventQueue-OpenPipelineForHealthyPipelineSafeModeRule] INFO  safemode.SCMSafeModeManager (SCMSafeModeManager.java:validateSafeModeExitRules(204)) - HealthyPipelineSafeModeRule rule is successfully validated
2022-08-02 00:59:25,149 [EventQueue-OpenPipelineForHealthyPipelineSafeModeRule] INFO  safemode.SCMSafeModeManager (SCMSafeModeManager.java:validateSafeModeExitRules(219)) - ScmSafeModeManager, all rules are successfully validated
2022-08-02 00:59:25,149 [EventQueue-OpenPipelineForHealthyPipelineSafeModeRule] INFO  safemode.SCMSafeModeManager (SCMSafeModeManager.java:exitSafeMode(248)) - SCM exiting safe mode.
2022-08-02 00:59:25,149 [EventQueue-OpenPipelineForHealthyPipelineSafeModeRule] WARN  events.EventQueue (EventQueue.java:fireEvent(216)) - No event handler registered for event TypedEvent{payloadType=SafeModeStatus, name='Safe mode status'}
2022-08-02 00:59:25,149 [EventQueue-OpenPipelineForHealthyPipelineSafeModeRule] INFO  ha.SCMContext (SCMContext.java:updateSafeModeStatus(228)) - Update SafeModeStatus from SafeModeStatus{safeModeStatus=true, preCheckPassed=true} to SafeModeStatus{safeModeStatus=false, preCheckPassed=true}.
2022-08-02 00:59:25,149 [EventQueue-OpenPipelineForHealthyPipelineSafeModeRule] INFO  pipeline.BackgroundPipelineCreator (BackgroundPipelineCreator.java:notifyStatusChanged(254)) - Service BackgroundPipelineCreator transitions to RUNNING.
2022-08-02 00:59:25,150 [EventQueue-OpenPipelineForHealthyPipelineSafeModeRule] INFO  BackgroundPipelineScrubber (BackgroundSCMService.java:notifyStatusChanged(82)) - Service BackgroundPipelineScrubber transitions to RUNNING.
2022-08-02 00:59:25,150 [EventQueue-OpenPipelineForHealthyPipelineSafeModeRule] INFO  ExpiredContainerReplicaOpScrubber (BackgroundSCMService.java:notifyStatusChanged(82)) - Service ExpiredContainerReplicaOpScrubber transitions to RUNNING.
2022-08-02 00:59:25,150 [EventQueue-OpenPipelineForHealthyPipelineSafeModeRule] INFO  UnderReplicatedQueueThread (BackgroundSCMService.java:notifyStatusChanged(82)) - Service UnderReplicatedQueueThread transitions to RUNNING.
2022-08-02 00:59:25,150 [EventQueue-OpenPipelineForHealthyPipelineSafeModeRule] INFO  OverReplicatedQueueThread (BackgroundSCMService.java:notifyStatusChanged(82)) - Service OverReplicatedQueueThread transitions to RUNNING.
2022-08-02 00:59:25,150 [EventQueue-OpenPipelineForHealthyPipelineSafeModeRule] INFO  replication.ReplicationManager (ReplicationManager.java:notifyStatusChanged(642)) - Service ReplicationManager transitions to RUNNING.
2022-08-02 00:59:25,150 [EventQueue-OpenPipelineForHealthyPipelineSafeModeRule] WARN  balancer.ContainerBalancer (ContainerBalancer.java:shouldRun(904)) - Could not find persisted configuration for ContainerBalancer when checking if ContainerBalancer should run. ContainerBalancer should not run now.
2022-08-02 00:59:25,150 [grpc-default-executor-1] INFO  server.RaftServer$Division (RaftServerImpl.java:requestVote(1184)) - d5e157d4-c297-43f4-abaf-f908afa77c91@group-4C838A462C10 replies to ELECTION vote request: 633d7359-78ed-48fa-bcb6-047663da1e29<-d5e157d4-c297-43f4-abaf-f908afa77c91#0:OK-t2. Peer's state: d5e157d4-c297-43f4-abaf-f908afa77c91@group-4C838A462C10:t2, leader=null, voted=633d7359-78ed-48fa-bcb6-047663da1e29, raftlog=d5e157d4-c297-43f4-abaf-f908afa77c91@group-4C838A462C10-SegmentedRaftLog:OPENED:c-1, conf=-1: [633d7359-78ed-48fa-bcb6-047663da1e29|rpc:10.1.0.31:44705|priority:1, cb600bcf-1c2f-4aa5-b6e8-6d568f165d12|rpc:10.1.0.31:38085|priority:0, d5e157d4-c297-43f4-abaf-f908afa77c91|rpc:10.1.0.31:38773|priority:0], old=null
2022-08-02 00:59:25,161 [633d7359-78ed-48fa-bcb6-047663da1e29@group-4C838A462C10-LeaderElection8] INFO  server.RaftServerConfigKeys (ConfUtils.java:logGet(46)) - raft.server.log.appender.snapshot.chunk.size.max = 16MB (=16777216) (default)
2022-08-02 00:59:25,162 [633d7359-78ed-48fa-bcb6-047663da1e29@group-4C838A462C10-LeaderElection8] INFO  server.RaftServerConfigKeys (ConfUtils.java:logGet(46)) - raft.server.log.appender.buffer.byte-limit = 33554432 (custom)
2022-08-02 00:59:25,162 [633d7359-78ed-48fa-bcb6-047663da1e29@group-4C838A462C10-LeaderElection8] INFO  server.RaftServerConfigKeys (ConfUtils.java:logGet(46)) - raft.server.log.appender.buffer.element-limit = 1 (custom)
2022-08-02 00:59:25,164 [633d7359-78ed-48fa-bcb6-047663da1e29@group-4C838A462C10-LeaderElection8] INFO  grpc.GrpcConfigKeys (ConfUtils.java:logGet(46)) - raft.grpc.server.leader.outstanding.appends.max = 128 (default)
2022-08-02 00:59:25,164 [633d7359-78ed-48fa-bcb6-047663da1e29@group-4C838A462C10-LeaderElection8] INFO  server.RaftServerConfigKeys (ConfUtils.java:logGet(46)) - raft.server.rpc.request.timeout = 60s (custom)
2022-08-02 00:59:25,164 [633d7359-78ed-48fa-bcb6-047663da1e29@group-4C838A462C10-LeaderElection8] INFO  server.RaftServerConfigKeys (ConfUtils.java:logGet(46)) - raft.server.log.appender.install.snapshot.enabled = false (custom)
2022-08-02 00:59:25,166 [633d7359-78ed-48fa-bcb6-047663da1e29@group-4C838A462C10-LeaderElection8] INFO  server.RaftServerConfigKeys (ConfUtils.java:logGet(46)) - raft.server.log.appender.snapshot.chunk.size.max = 16MB (=16777216) (default)
2022-08-02 00:59:25,166 [633d7359-78ed-48fa-bcb6-047663da1e29@group-4C838A462C10-LeaderElection8] INFO  server.RaftServerConfigKeys (ConfUtils.java:logGet(46)) - raft.server.log.appender.buffer.byte-limit = 33554432 (custom)
2022-08-02 00:59:25,166 [633d7359-78ed-48fa-bcb6-047663da1e29@group-4C838A462C10-LeaderElection8] INFO  server.RaftServerConfigKeys (ConfUtils.java:logGet(46)) - raft.server.log.appender.buffer.element-limit = 1 (custom)
2022-08-02 00:59:25,166 [633d7359-78ed-48fa-bcb6-047663da1e29@group-4C838A462C10-LeaderElection8] INFO  grpc.GrpcConfigKeys (ConfUtils.java:logGet(46)) - raft.grpc.server.leader.outstanding.appends.max = 128 (default)
2022-08-02 00:59:25,166 [633d7359-78ed-48fa-bcb6-047663da1e29@group-4C838A462C10-LeaderElection8] INFO  server.RaftServerConfigKeys (ConfUtils.java:logGet(46)) - raft.server.rpc.request.timeout = 60s (custom)
2022-08-02 00:59:25,166 [633d7359-78ed-48fa-bcb6-047663da1e29@group-4C838A462C10-LeaderElection8] INFO  server.RaftServerConfigKeys (ConfUtils.java:logGet(46)) - raft.server.log.appender.install.snapshot.enabled = false (custom)
2022-08-02 00:59:25,167 [633d7359-78ed-48fa-bcb6-047663da1e29@group-4C838A462C10-LeaderElection8] INFO  impl.RoleInfo (RoleInfo.java:updateAndGet(139)) - 633d7359-78ed-48fa-bcb6-047663da1e29: start 633d7359-78ed-48fa-bcb6-047663da1e29@group-4C838A462C10-LeaderStateImpl
2022-08-02 00:59:25,168 [633d7359-78ed-48fa-bcb6-047663da1e29@group-4C838A462C10-LeaderElection8] INFO  segmented.SegmentedRaftLogWorker (SegmentedRaftLogWorker.java:startLogSegment(425)) - 633d7359-78ed-48fa-bcb6-047663da1e29@group-4C838A462C10-SegmentedRaftLogWorker: Starting segment from index:0
2022-08-02 00:59:25,169 [633d7359-78ed-48fa-bcb6-047663da1e29@group-4C838A462C10-SegmentedRaftLogWorker] INFO  segmented.SegmentedRaftLogWorker (SegmentedRaftLogWorker.java:execute(629)) - 633d7359-78ed-48fa-bcb6-047663da1e29@group-4C838A462C10-SegmentedRaftLogWorker: created new log segment /home/runner/work/ozone/ozone/hadoop-ozone/integration-test/target/test-dir/MiniOzoneClusterImpl-5354faea-c150-4163-8100-b2f9ddc2915f/datanode-2/data/ratis/5f17a4d3-824c-4efb-a137-4c838a462c10/current/log_inprogress_0
2022-08-02 00:59:25,169 [633d7359-78ed-48fa-bcb6-047663da1e29@group-4C838A462C10-LeaderElection8] INFO  server.RaftServer$Division (ServerState.java:setRaftConf(393)) - 633d7359-78ed-48fa-bcb6-047663da1e29@group-4C838A462C10: set configuration 0: [633d7359-78ed-48fa-bcb6-047663da1e29|rpc:10.1.0.31:44705|dataStream:|priority:1, cb600bcf-1c2f-4aa5-b6e8-6d568f165d12|rpc:10.1.0.31:38085|dataStream:|priority:0, d5e157d4-c297-43f4-abaf-f908afa77c91|rpc:10.1.0.31:38773|dataStream:|priority:0], old=null
2022-08-02 00:59:25,198 [d5e157d4-c297-43f4-abaf-f908afa77c91-server-thread1] INFO  ratis.XceiverServerRatis (XceiverServerRatis.java:handleLeaderChangedNotification(863)) - Leader change notification received for group: group-4C838A462C10 with new leaderId: 633d7359-78ed-48fa-bcb6-047663da1e29
2022-08-02 00:59:25,198 [d5e157d4-c297-43f4-abaf-f908afa77c91-server-thread1] INFO  server.RaftServer$Division (ServerState.java:setLeader(287)) - d5e157d4-c297-43f4-abaf-f908afa77c91@group-4C838A462C10: change Leader from null to 633d7359-78ed-48fa-bcb6-047663da1e29 at term 2 for appendEntries, leader elected after 10407ms
2022-08-02 00:59:25,200 [cb600bcf-1c2f-4aa5-b6e8-6d568f165d12-server-thread1] INFO  ratis.XceiverServerRatis (XceiverServerRatis.java:handleLeaderChangedNotification(863)) - Leader change notification received for group: group-4C838A462C10 with new leaderId: 633d7359-78ed-48fa-bcb6-047663da1e29
2022-08-02 00:59:25,200 [cb600bcf-1c2f-4aa5-b6e8-6d568f165d12-server-thread1] INFO  server.RaftServer$Division (ServerState.java:setLeader(287)) - cb600bcf-1c2f-4aa5-b6e8-6d568f165d12@group-4C838A462C10: change Leader from null to 633d7359-78ed-48fa-bcb6-047663da1e29 at term 2 for appendEntries, leader elected after 9943ms
2022-08-02 00:59:25,232 [d5e157d4-c297-43f4-abaf-f908afa77c91-server-thread1] INFO  server.RaftServer$Division (ServerState.java:setRaftConf(393)) - d5e157d4-c297-43f4-abaf-f908afa77c91@group-4C838A462C10: set configuration 0: [633d7359-78ed-48fa-bcb6-047663da1e29|rpc:10.1.0.31:44705|dataStream:|priority:1, cb600bcf-1c2f-4aa5-b6e8-6d568f165d12|rpc:10.1.0.31:38085|dataStream:|priority:0, d5e157d4-c297-43f4-abaf-f908afa77c91|rpc:10.1.0.31:38773|dataStream:|priority:0], old=null
2022-08-02 00:59:25,232 [d5e157d4-c297-43f4-abaf-f908afa77c91-server-thread1] INFO  segmented.SegmentedRaftLogWorker (SegmentedRaftLogWorker.java:startLogSegment(425)) - d5e157d4-c297-43f4-abaf-f908afa77c91@group-4C838A462C10-SegmentedRaftLogWorker: Starting segment from index:0
2022-08-02 00:59:25,233 [cb600bcf-1c2f-4aa5-b6e8-6d568f165d12-server-thread1] INFO  server.RaftServer$Division (ServerState.java:setRaftConf(393)) - cb600bcf-1c2f-4aa5-b6e8-6d568f165d12@group-4C838A462C10: set configuration 0: [633d7359-78ed-48fa-bcb6-047663da1e29|rpc:10.1.0.31:44705|dataStream:|priority:1, cb600bcf-1c2f-4aa5-b6e8-6d568f165d12|rpc:10.1.0.31:38085|dataStream:|priority:0, d5e157d4-c297-43f4-abaf-f908afa77c91|rpc:10.1.0.31:38773|dataStream:|priority:0], old=null
2022-08-02 00:59:25,233 [cb600bcf-1c2f-4aa5-b6e8-6d568f165d12-server-thread1] INFO  segmented.SegmentedRaftLogWorker (SegmentedRaftLogWorker.java:startLogSegment(425)) - cb600bcf-1c2f-4aa5-b6e8-6d568f165d12@group-4C838A462C10-SegmentedRaftLogWorker: Starting segment from index:0
2022-08-02 00:59:25,233 [d5e157d4-c297-43f4-abaf-f908afa77c91@group-4C838A462C10-SegmentedRaftLogWorker] INFO  segmented.SegmentedRaftLogWorker (SegmentedRaftLogWorker.java:execute(629)) - d5e157d4-c297-43f4-abaf-f908afa77c91@group-4C838A462C10-SegmentedRaftLogWorker: created new log segment /home/runner/work/ozone/ozone/hadoop-ozone/integration-test/target/test-dir/MiniOzoneClusterImpl-5354faea-c150-4163-8100-b2f9ddc2915f/datanode-0/data/ratis/5f17a4d3-824c-4efb-a137-4c838a462c10/current/log_inprogress_0
2022-08-02 00:59:25,234 [cb600bcf-1c2f-4aa5-b6e8-6d568f165d12@group-4C838A462C10-SegmentedRaftLogWorker] INFO  segmented.SegmentedRaftLogWorker (SegmentedRaftLogWorker.java:execute(629)) - cb600bcf-1c2f-4aa5-b6e8-6d568f165d12@group-4C838A462C10-SegmentedRaftLogWorker: created new log segment /home/runner/work/ozone/ozone/hadoop-ozone/integration-test/target/test-dir/MiniOzoneClusterImpl-5354faea-c150-4163-8100-b2f9ddc2915f/datanode-1/data/ratis/5f17a4d3-824c-4efb-a137-4c838a462c10/current/log_inprogress_0
2022-08-02 00:59:26,069 [ReplicationMonitor] INFO  replication.ReplicationManager (ReplicationManager.java:processAll(249)) - Replication Manager is not ready to run until 3000ms after safemode exit
2022-08-02 00:59:26,138 [Listener at 127.0.0.1/34881] INFO  ozone.MiniOzoneClusterImpl (MiniOzoneClusterImpl.java:lambda$waitForClusterToBeReady$0(216)) - Nodes are ready. Got 5 of 5 DN Heartbeats.
2022-08-02 00:59:26,139 [Listener at 127.0.0.1/34881] INFO  ozone.MiniOzoneClusterImpl (MiniOzoneClusterImpl.java:lambda$waitForClusterToBeReady$0(219)) - Cluster exits safe mode
2022-08-02 00:59:26,139 [Listener at 127.0.0.1/34881] INFO  ozone.MiniOzoneClusterImpl (MiniOzoneClusterImpl.java:lambda$waitForClusterToBeReady$0(221)) - SCM became leader
2022-08-02 00:59:26,536 [Listener at 127.0.0.1/34881] INFO  rpc.RpcClient (RpcClient.java:createVolume(468)) - Creating Volume: 7796a47c-15a0-4548-bd97-89234afe9d21, with runner as owner and space quota set to -1 bytes, counts quota set to -1
2022-08-02 00:59:26,575 [OM StateMachine ApplyTransaction Thread - 0] INFO  volume.OMVolumeCreateRequest (OMVolumeCreateRequest.java:validateAndUpdateCache(195)) - created volume:7796a47c-15a0-4548-bd97-89234afe9d21 for user:runner
2022-08-02 00:59:26,606 [Listener at 127.0.0.1/34881] INFO  rpc.RpcClient (RpcClient.java:createBucket(671)) - Creating Bucket: 7796a47c-15a0-4548-bd97-89234afe9d21/866a7f0f-ea72-443a-9a9a-f86c3e822b6c, with server-side default bucket layout, runner as owner, Versioning false, Storage Type set to DISK and Encryption set to false 
2022-08-02 00:59:26,621 [OM StateMachine ApplyTransaction Thread - 0] INFO  bucket.OMBucketCreateRequest (OMBucketCreateRequest.java:validateAndUpdateCache(260)) - created bucket: 866a7f0f-ea72-443a-9a9a-f86c3e822b6c of layout LEGACY in volume: 7796a47c-15a0-4548-bd97-89234afe9d21
2022-08-02 00:59:26,670 [IPC Server handler 0 on default port 44785] INFO  ha.SequenceIdGenerator (SequenceIdGenerator.java:getNextId(128)) - Allocate a batch for containerId, change lastId from 0 to 1000.
2022-08-02 00:59:26,679 [IPC Server handler 0 on default port 44785] WARN  ha.SequenceIdGenerator (SequenceIdGenerator.java:allocateBatch(237)) - Failed to allocate a batch for localId, expected lastId is 0, actual lastId is 109611004723200000.
2022-08-02 00:59:26,679 [IPC Server handler 0 on default port 44785] INFO  ha.SequenceIdGenerator (SequenceIdGenerator.java:getNextId(128)) - Allocate a batch for localId, change lastId from 109611004723200000 to 109611004723201000.
2022-08-02 00:59:26,818 [Listener at 127.0.0.1/34881] INFO  impl.MetricsSystemImpl (MetricsSystemImpl.java:init(158)) - XceiverClientMetrics metrics system started (again)
2022-08-02 00:59:27,070 [ReplicationMonitor] INFO  replication.ReplicationManager (ReplicationManager.java:processAll(249)) - Replication Manager is not ready to run until 3000ms after safemode exit
2022-08-02 00:59:28,070 [ReplicationMonitor] INFO  replication.ReplicationManager (ReplicationManager.java:processAll(249)) - Replication Manager is not ready to run until 3000ms after safemode exit
2022-08-02 00:59:28,460 [Listener at 127.0.0.1/34881] INFO  ozone.MiniOzoneClusterImpl (MiniOzoneClusterImpl.java:shutdown(448)) - Shutting down the Mini Ozone Cluster
2022-08-02 00:59:28,460 [Listener at 127.0.0.1/34881] INFO  ozone.MiniOzoneClusterImpl (MiniOzoneClusterImpl.java:stop(463)) - Stopping the Mini Ozone Cluster
2022-08-02 00:59:28,460 [Listener at 127.0.0.1/34881] INFO  ozone.MiniOzoneClusterImpl (MiniOzoneClusterImpl.java:stopOM(545)) - Stopping the OzoneManager
2022-08-02 00:59:28,461 [Listener at 127.0.0.1/34881] INFO  om.OzoneManager (OzoneManager.java:stop(2021)) - om1[localhost:0]: Stopping Ozone Manager
2022-08-02 00:59:28,461 [Listener at 127.0.0.1/34881] INFO  ipc.Server (Server.java:stop(3414)) - Stopping server on 34881
2022-08-02 00:59:28,469 [IPC Server Responder] INFO  ipc.Server (Server.java:run(1512)) - Stopping IPC Server Responder
2022-08-02 00:59:28,469 [IPC Server listener on 0] INFO  ipc.Server (Server.java:run(1376)) - Stopping IPC Server listener on 0
2022-08-02 00:59:28,470 [Listener at 127.0.0.1/34881] INFO  server.RaftServer (RaftServerProxy.java:lambda$close$7(398)) - om1: close
2022-08-02 00:59:28,470 [Listener at 127.0.0.1/34881] INFO  server.RaftServer$Division (RaftServerImpl.java:lambda$close$4(434)) - om1@group-C5BA1605619E: shutdown
2022-08-02 00:59:28,471 [Listener at 127.0.0.1/34881] INFO  util.JmxRegister (JmxRegister.java:unregister(73)) - Successfully un-registered JMX Bean with object name Ratis:service=RaftServer,group=group-C5BA1605619E,id=om1
2022-08-02 00:59:28,471 [Listener at 127.0.0.1/34881] INFO  impl.RoleInfo (RoleInfo.java:shutdownLeaderState(93)) - om1: shutdown om1@group-C5BA1605619E-LeaderStateImpl
2022-08-02 00:59:28,471 [Listener at 127.0.0.1/34881] INFO  impl.PendingRequests (PendingRequests.java:sendNotLeaderResponses(282)) - om1@group-C5BA1605619E-PendingRequests: sendNotLeaderResponses
2022-08-02 00:59:28,474 [Listener at 127.0.0.1/34881] INFO  impl.StateMachineUpdater (StateMachineUpdater.java:stopAndJoin(153)) - om1@group-C5BA1605619E-StateMachineUpdater: set stopIndex = 16
2022-08-02 00:59:28,474 [om1@group-C5BA1605619E-StateMachineUpdater] INFO  ratis.OzoneManagerStateMachine (OzoneManagerStateMachine.java:takeSnapshot(441)) - Current Snapshot Index (t:1, i:16)
2022-08-02 00:59:28,476 [om1@group-C5BA1605619E-StateMachineUpdater] INFO  impl.StateMachineUpdater (StateMachineUpdater.java:takeSnapshot(287)) - om1@group-C5BA1605619E-StateMachineUpdater: Took a snapshot at index 16
2022-08-02 00:59:28,476 [om1@group-C5BA1605619E-StateMachineUpdater] INFO  impl.StateMachineUpdater (StateMachineUpdater.java:lambda$new$0(92)) - om1@group-C5BA1605619E-StateMachineUpdater: snapshotIndex: updateIncreasingly -1 -> 16
2022-08-02 00:59:28,476 [om1@group-C5BA1605619E-StateMachineUpdater] INFO  ratis.OzoneManagerStateMachine (OzoneManagerStateMachine.java:close(495)) - StateMachine has shutdown. Shutdown OzoneManager if not already shutdown.
2022-08-02 00:59:28,476 [om1@group-C5BA1605619E-StateMachineUpdater] INFO  ratis.OzoneManagerDoubleBuffer (OzoneManagerDoubleBuffer.java:stop(466)) - Stopping OMDoubleBuffer flush thread
2022-08-02 00:59:28,476 [OMDoubleBufferFlushThread] INFO  ratis.OzoneManagerDoubleBuffer (OzoneManagerDoubleBuffer.java:flushTransactions(385)) - OMDoubleBuffer flush thread OMDoubleBufferFlushThread is interrupted and will exit.
2022-08-02 00:59:28,478 [Listener at 127.0.0.1/34881] INFO  server.RaftServer$Division (ServerState.java:close(429)) - om1@group-C5BA1605619E: closes. applyIndex: 16
2022-08-02 00:59:28,478 [om1@group-C5BA1605619E-SegmentedRaftLogWorker] INFO  segmented.SegmentedRaftLogWorker (SegmentedRaftLogWorker.java:run(336)) - om1@group-C5BA1605619E-SegmentedRaftLogWorker was interrupted, exiting. There are 0 tasks remaining in the queue.
2022-08-02 00:59:28,479 [Listener at 127.0.0.1/34881] INFO  segmented.SegmentedRaftLogWorker (SegmentedRaftLogWorker.java:close(246)) - om1@group-C5BA1605619E-SegmentedRaftLogWorker close()
2022-08-02 00:59:28,481 [Listener at 127.0.0.1/34881] INFO  server.GrpcService (GrpcService.java:closeImpl(269)) - om1: shutdown server with port 9872 now
2022-08-02 00:59:28,487 [Listener at 127.0.0.1/34881] INFO  server.GrpcService (GrpcService.java:closeImpl(278)) - om1: shutdown server with port 9872 successfully
2022-08-02 00:59:28,487 [org.apache.ratis.util.JvmPauseMonitor$$Lambda$631/1000159038@1b261196] INFO  util.JvmPauseMonitor (JvmPauseMonitor.java:run(109)) - JvmPauseMonitor-om1: Stopped
2022-08-02 00:59:28,488 [Listener at 127.0.0.1/34881] INFO  ratis.OzoneManagerStateMachine (OzoneManagerStateMachine.java:close(495)) - StateMachine has shutdown. Shutdown OzoneManager if not already shutdown.
2022-08-02 00:59:28,488 [Listener at 127.0.0.1/34881] INFO  ratis.OzoneManagerDoubleBuffer (OzoneManagerDoubleBuffer.java:stop(478)) - OMDoubleBuffer flush thread is not running.
2022-08-02 00:59:28,488 [Listener at 127.0.0.1/34881] INFO  utils.BackgroundService (BackgroundService.java:shutdown(141)) - Shutting down service KeyDeletingService
2022-08-02 00:59:28,488 [Listener at 127.0.0.1/34881] INFO  utils.BackgroundService (BackgroundService.java:shutdown(141)) - Shutting down service DirectoryDeletingService
2022-08-02 00:59:28,488 [Listener at 127.0.0.1/34881] INFO  utils.BackgroundService (BackgroundService.java:shutdown(141)) - Shutting down service OpenKeyCleanupService
2022-08-02 00:59:28,490 [Listener at 127.0.0.1/34881] INFO  handler.ContextHandler (ContextHandler.java:doStop(1153)) - Stopped o.e.j.w.WebAppContext@2db3827e{ozoneManager,/,null,STOPPED}{file:/home/runner/work/ozone/ozone/hadoop-ozone/integration-test/target/test-classes/webapps/ozoneManager}
2022-08-02 00:59:28,493 [Listener at 127.0.0.1/34881] INFO  server.AbstractConnector (AbstractConnector.java:doStop(381)) - Stopped ServerConnector@69cb6376{HTTP/1.1, (http/1.1)}{0.0.0.0:0}
2022-08-02 00:59:28,493 [Listener at 127.0.0.1/34881] INFO  server.session (HouseKeeper.java:stopScavenging(149)) - node0 Stopped scavenging
2022-08-02 00:59:28,493 [Listener at 127.0.0.1/34881] INFO  handler.ContextHandler (ContextHandler.java:doStop(1153)) - Stopped o.e.j.s.ServletContextHandler@13e3ca78{static,/static,file:///home/runner/work/ozone/ozone/hadoop-ozone/integration-test/target/test-classes/webapps/static,STOPPED}
2022-08-02 00:59:28,494 [Listener at 127.0.0.1/34881] INFO  handler.ContextHandler (ContextHandler.java:doStop(1153)) - Stopped o.e.j.s.ServletContextHandler@78c76cf{logs,/logs,file:///home/runner/work/ozone/ozone/hadoop-ozone/integration-test/target/log,STOPPED}
2022-08-02 00:59:28,498 [Listener at 127.0.0.1/34881] INFO  ozone.MiniOzoneClusterImpl (MiniOzoneClusterImpl.java:stopDatanodes(522)) - Stopping the HddsDatanodes
2022-08-02 00:59:29,071 [ReplicationMonitor] INFO  replication.ReplicationManager (ReplicationManager.java:processAll(287)) - Replication Monitor Thread took 0 milliseconds for processing 3 containers.
2022-08-02 00:59:30,072 [ReplicationMonitor] INFO  replication.ReplicationManager (ReplicationManager.java:processAll(287)) - Replication Monitor Thread took 0 milliseconds for processing 3 containers.
2022-08-02 00:59:30,916 [EventQueue-StaleNodeForStaleNodeHandler] INFO  node.StaleNodeHandler (StaleNodeHandler.java:onMessage(59)) - Datanode 633d7359-78ed-48fa-bcb6-047663da1e29{ip: 10.1.0.31, host: fv-az164-385.acqy4frhnxdelaro313li45hge.dx.internal.cloudapp.net, ports: [REPLICATION=38631, RATIS=44705, RATIS_ADMIN=44705, RATIS_SERVER=44705, STANDALONE=38683], networkLocation: /default-rack, certSerialId: null, persistedOpState: IN_SERVICE, persistedOpStateExpiryEpochSec: 0} moved to stale state. Finalizing its pipelines [PipelineID=5f17a4d3-824c-4efb-a137-4c838a462c10, PipelineID=c32ad145-6c30-4aab-89ac-59ff8890ac1d]
2022-08-02 00:59:30,925 [EventQueue-StaleNodeForStaleNodeHandler] INFO  pipeline.PipelineManagerImpl (PipelineManagerImpl.java:closeContainersForPipeline(421)) - Container #1 closed for pipeline=PipelineID=5f17a4d3-824c-4efb-a137-4c838a462c10
2022-08-02 00:59:30,926 [EventQueue-StaleNodeForStaleNodeHandler] INFO  pipeline.PipelineManagerImpl (PipelineManagerImpl.java:closeContainersForPipeline(421)) - Container #2 closed for pipeline=PipelineID=5f17a4d3-824c-4efb-a137-4c838a462c10
2022-08-02 00:59:30,926 [EventQueue-StaleNodeForStaleNodeHandler] INFO  pipeline.PipelineManagerImpl (PipelineManagerImpl.java:closeContainersForPipeline(421)) - Container #3 closed for pipeline=PipelineID=5f17a4d3-824c-4efb-a137-4c838a462c10
2022-08-02 00:59:30,928 [EventQueue-CloseContainerForCloseContainerEventHandler] INFO  container.CloseContainerEventHandler (CloseContainerEventHandler.java:onMessage(71)) - Close container Event triggered for container : #1
2022-08-02 00:59:30,930 [EventQueue-StaleNodeForStaleNodeHandler] INFO  pipeline.PipelineManagerImpl (PipelineManagerImpl.java:closePipeline(442)) - Pipeline Pipeline[ Id: 5f17a4d3-824c-4efb-a137-4c838a462c10, Nodes: 633d7359-78ed-48fa-bcb6-047663da1e29{ip: 10.1.0.31, host: fv-az164-385.acqy4frhnxdelaro313li45hge.dx.internal.cloudapp.net, ports: [REPLICATION=38631, RATIS=44705, RATIS_ADMIN=44705, RATIS_SERVER=44705, STANDALONE=38683], networkLocation: /default-rack, certSerialId: null, persistedOpState: IN_SERVICE, persistedOpStateExpiryEpochSec: 0}d5e157d4-c297-43f4-abaf-f908afa77c91{ip: 10.1.0.31, host: fv-az164-385.acqy4frhnxdelaro313li45hge.dx.internal.cloudapp.net, ports: [REPLICATION=42177, RATIS=38773, RATIS_ADMIN=38773, RATIS_SERVER=38773, STANDALONE=42107], networkLocation: /default-rack, certSerialId: null, persistedOpState: IN_SERVICE, persistedOpStateExpiryEpochSec: 0}cb600bcf-1c2f-4aa5-b6e8-6d568f165d12{ip: 10.1.0.31, host: fv-az164-385.acqy4frhnxdelaro313li45hge.dx.internal.cloudapp.net, ports: [REPLICATION=46367, RATIS=38085, RATIS_ADMIN=38085, RATIS_SERVER=38085, STANDALONE=38847], networkLocation: /default-rack, certSerialId: null, persistedOpState: IN_SERVICE, persistedOpStateExpiryEpochSec: 0}, ReplicationConfig: RATIS/THREE, State:OPEN, leaderId:633d7359-78ed-48fa-bcb6-047663da1e29, CreationTimestamp2022-08-02T00:59:12.543Z[Etc/UTC]] moved to CLOSED state
2022-08-02 00:59:30,931 [EventQueue-StaleNodeForStaleNodeHandler] INFO  pipeline.PipelineManagerImpl (PipelineManagerImpl.java:closePipeline(442)) - Pipeline Pipeline[ Id: c32ad145-6c30-4aab-89ac-59ff8890ac1d, Nodes: 633d7359-78ed-48fa-bcb6-047663da1e29{ip: 10.1.0.31, host: fv-az164-385.acqy4frhnxdelaro313li45hge.dx.internal.cloudapp.net, ports: [REPLICATION=38631, RATIS=44705, RATIS_ADMIN=44705, RATIS_SERVER=44705, STANDALONE=38683], networkLocation: /default-rack, certSerialId: null, persistedOpState: IN_SERVICE, persistedOpStateExpiryEpochSec: 0}, ReplicationConfig: RATIS/ONE, State:OPEN, leaderId:633d7359-78ed-48fa-bcb6-047663da1e29, CreationTimestamp2022-08-02T00:59:12.539Z[Etc/UTC]] moved to CLOSED state
2022-08-02 00:59:30,931 [EventQueue-StaleNodeForStaleNodeHandler] INFO  node.StaleNodeHandler (StaleNodeHandler.java:onMessage(59)) - Datanode cb600bcf-1c2f-4aa5-b6e8-6d568f165d12{ip: 10.1.0.31, host: fv-az164-385.acqy4frhnxdelaro313li45hge.dx.internal.cloudapp.net, ports: [REPLICATION=46367, RATIS=38085, RATIS_ADMIN=38085, RATIS_SERVER=38085, STANDALONE=38847], networkLocation: /default-rack, certSerialId: null, persistedOpState: IN_SERVICE, persistedOpStateExpiryEpochSec: 0} moved to stale state. Finalizing its pipelines [PipelineID=5f17a4d3-824c-4efb-a137-4c838a462c10, PipelineID=392f05cb-2b44-49ab-ab6e-4d4837cab090]
2022-08-02 00:59:30,931 [EventQueue-StaleNodeForStaleNodeHandler] INFO  pipeline.PipelineManagerImpl (PipelineManagerImpl.java:closePipeline(442)) - Pipeline Pipeline[ Id: 392f05cb-2b44-49ab-ab6e-4d4837cab090, Nodes: cb600bcf-1c2f-4aa5-b6e8-6d568f165d12{ip: 10.1.0.31, host: fv-az164-385.acqy4frhnxdelaro313li45hge.dx.internal.cloudapp.net, ports: [REPLICATION=46367, RATIS=38085, RATIS_ADMIN=38085, RATIS_SERVER=38085, STANDALONE=38847], networkLocation: /default-rack, certSerialId: null, persistedOpState: IN_SERVICE, persistedOpStateExpiryEpochSec: 0}, ReplicationConfig: RATIS/ONE, State:OPEN, leaderId:cb600bcf-1c2f-4aa5-b6e8-6d568f165d12, CreationTimestamp2022-08-02T00:59:12.201Z[Etc/UTC]] moved to CLOSED state
2022-08-02 00:59:30,933 [EventQueue-CloseContainerForCloseContainerEventHandler] INFO  container.CloseContainerEventHandler (CloseContainerEventHandler.java:onMessage(71)) - Close container Event triggered for container : #2
2022-08-02 00:59:30,935 [EventQueue-CloseContainerForCloseContainerEventHandler] INFO  container.CloseContainerEventHandler (CloseContainerEventHandler.java:onMessage(71)) - Close container Event triggered for container : #3
2022-08-02 00:59:31,073 [ReplicationMonitor] INFO  replication.LegacyReplicationManager (LegacyReplicationManager.java:sendCloseCommand(1512)) - Sending close container command for container #1 to datanode cb600bcf-1c2f-4aa5-b6e8-6d568f165d12{ip: 10.1.0.31, host: fv-az164-385.acqy4frhnxdelaro313li45hge.dx.internal.cloudapp.net, ports: [REPLICATION=46367, RATIS=38085, RATIS_ADMIN=38085, RATIS_SERVER=38085, STANDALONE=38847], networkLocation: /default-rack, certSerialId: null, persistedOpState: IN_SERVICE, persistedOpStateExpiryEpochSec: 0}.
2022-08-02 00:59:31,075 [ReplicationMonitor] INFO  replication.LegacyReplicationManager (LegacyReplicationManager.java:sendCloseCommand(1512)) - Sending close container command for container #1 to datanode 633d7359-78ed-48fa-bcb6-047663da1e29{ip: 10.1.0.31, host: fv-az164-385.acqy4frhnxdelaro313li45hge.dx.internal.cloudapp.net, ports: [REPLICATION=38631, RATIS=44705, RATIS_ADMIN=44705, RATIS_SERVER=44705, STANDALONE=38683], networkLocation: /default-rack, certSerialId: null, persistedOpState: IN_SERVICE, persistedOpStateExpiryEpochSec: 0}.
2022-08-02 00:59:31,075 [ReplicationMonitor] INFO  replication.LegacyReplicationManager (LegacyReplicationManager.java:sendCloseCommand(1512)) - Sending close container command for container #1 to datanode d5e157d4-c297-43f4-abaf-f908afa77c91{ip: 10.1.0.31, host: fv-az164-385.acqy4frhnxdelaro313li45hge.dx.internal.cloudapp.net, ports: [REPLICATION=42177, RATIS=38773, RATIS_ADMIN=38773, RATIS_SERVER=38773, STANDALONE=42107], networkLocation: /default-rack, certSerialId: null, persistedOpState: IN_SERVICE, persistedOpStateExpiryEpochSec: 0}.
2022-08-02 00:59:31,075 [ReplicationMonitor] INFO  replication.LegacyReplicationManager (LegacyReplicationManager.java:sendCloseCommand(1512)) - Sending close container command for container #2 to datanode 633d7359-78ed-48fa-bcb6-047663da1e29{ip: 10.1.0.31, host: fv-az164-385.acqy4frhnxdelaro313li45hge.dx.internal.cloudapp.net, ports: [REPLICATION=38631, RATIS=44705, RATIS_ADMIN=44705, RATIS_SERVER=44705, STANDALONE=38683], networkLocation: /default-rack, certSerialId: null, persistedOpState: IN_SERVICE, persistedOpStateExpiryEpochSec: 0}.
2022-08-02 00:59:31,075 [ReplicationMonitor] INFO  replication.LegacyReplicationManager (LegacyReplicationManager.java:sendCloseCommand(1512)) - Sending close container command for container #2 to datanode d5e157d4-c297-43f4-abaf-f908afa77c91{ip: 10.1.0.31, host: fv-az164-385.acqy4frhnxdelaro313li45hge.dx.internal.cloudapp.net, ports: [REPLICATION=42177, RATIS=38773, RATIS_ADMIN=38773, RATIS_SERVER=38773, STANDALONE=42107], networkLocation: /default-rack, certSerialId: null, persistedOpState: IN_SERVICE, persistedOpStateExpiryEpochSec: 0}.
2022-08-02 00:59:31,075 [ReplicationMonitor] INFO  replication.LegacyReplicationManager (LegacyReplicationManager.java:sendCloseCommand(1512)) - Sending close container command for container #2 to datanode cb600bcf-1c2f-4aa5-b6e8-6d568f165d12{ip: 10.1.0.31, host: fv-az164-385.acqy4frhnxdelaro313li45hge.dx.internal.cloudapp.net, ports: [REPLICATION=46367, RATIS=38085, RATIS_ADMIN=38085, RATIS_SERVER=38085, STANDALONE=38847], networkLocation: /default-rack, certSerialId: null, persistedOpState: IN_SERVICE, persistedOpStateExpiryEpochSec: 0}.
2022-08-02 00:59:31,075 [ReplicationMonitor] INFO  replication.LegacyReplicationManager (LegacyReplicationManager.java:sendCloseCommand(1512)) - Sending close container command for container #3 to datanode cb600bcf-1c2f-4aa5-b6e8-6d568f165d12{ip: 10.1.0.31, host: fv-az164-385.acqy4frhnxdelaro313li45hge.dx.internal.cloudapp.net, ports: [REPLICATION=46367, RATIS=38085, RATIS_ADMIN=38085, RATIS_SERVER=38085, STANDALONE=38847], networkLocation: /default-rack, certSerialId: null, persistedOpState: IN_SERVICE, persistedOpStateExpiryEpochSec: 0}.
2022-08-02 00:59:31,076 [ReplicationMonitor] INFO  replication.LegacyReplicationManager (LegacyReplicationManager.java:sendCloseCommand(1512)) - Sending close container command for container #3 to datanode 633d7359-78ed-48fa-bcb6-047663da1e29{ip: 10.1.0.31, host: fv-az164-385.acqy4frhnxdelaro313li45hge.dx.internal.cloudapp.net, ports: [REPLICATION=38631, RATIS=44705, RATIS_ADMIN=44705, RATIS_SERVER=44705, STANDALONE=38683], networkLocation: /default-rack, certSerialId: null, persistedOpState: IN_SERVICE, persistedOpStateExpiryEpochSec: 0}.
2022-08-02 00:59:31,076 [ReplicationMonitor] INFO  replication.LegacyReplicationManager (LegacyReplicationManager.java:sendCloseCommand(1512)) - Sending close container command for container #3 to datanode d5e157d4-c297-43f4-abaf-f908afa77c91{ip: 10.1.0.31, host: fv-az164-385.acqy4frhnxdelaro313li45hge.dx.internal.cloudapp.net, ports: [REPLICATION=42177, RATIS=38773, RATIS_ADMIN=38773, RATIS_SERVER=38773, STANDALONE=42107], networkLocation: /default-rack, certSerialId: null, persistedOpState: IN_SERVICE, persistedOpStateExpiryEpochSec: 0}.
2022-08-02 00:59:31,076 [ReplicationMonitor] INFO  replication.ReplicationManager (ReplicationManager.java:processAll(287)) - Replication Monitor Thread took 4 milliseconds for processing 3 containers.
2022-08-02 00:59:32,077 [ReplicationMonitor] INFO  replication.LegacyReplicationManager (LegacyReplicationManager.java:sendCloseCommand(1512)) - Sending close container command for container #1 to datanode cb600bcf-1c2f-4aa5-b6e8-6d568f165d12{ip: 10.1.0.31, host: fv-az164-385.acqy4frhnxdelaro313li45hge.dx.internal.cloudapp.net, ports: [REPLICATION=46367, RATIS=38085, RATIS_ADMIN=38085, RATIS_SERVER=38085, STANDALONE=38847], networkLocation: /default-rack, certSerialId: null, persistedOpState: IN_SERVICE, persistedOpStateExpiryEpochSec: 0}.
2022-08-02 00:59:32,077 [ReplicationMonitor] INFO  replication.LegacyReplicationManager (LegacyReplicationManager.java:sendCloseCommand(1512)) - Sending close container command for container #1 to datanode 633d7359-78ed-48fa-bcb6-047663da1e29{ip: 10.1.0.31, host: fv-az164-385.acqy4frhnxdelaro313li45hge.dx.internal.cloudapp.net, ports: [REPLICATION=38631, RATIS=44705, RATIS_ADMIN=44705, RATIS_SERVER=44705, STANDALONE=38683], networkLocation: /default-rack, certSerialId: null, persistedOpState: IN_SERVICE, persistedOpStateExpiryEpochSec: 0}.
2022-08-02 00:59:32,078 [ReplicationMonitor] INFO  replication.LegacyReplicationManager (LegacyReplicationManager.java:sendCloseCommand(1512)) - Sending close container command for container #1 to datanode d5e157d4-c297-43f4-abaf-f908afa77c91{ip: 10.1.0.31, host: fv-az164-385.acqy4frhnxdelaro313li45hge.dx.internal.cloudapp.net, ports: [REPLICATION=42177, RATIS=38773, RATIS_ADMIN=38773, RATIS_SERVER=38773, STANDALONE=42107], networkLocation: /default-rack, certSerialId: null, persistedOpState: IN_SERVICE, persistedOpStateExpiryEpochSec: 0}.
2022-08-02 00:59:32,078 [ReplicationMonitor] INFO  replication.LegacyReplicationManager (LegacyReplicationManager.java:sendCloseCommand(1512)) - Sending close container command for container #2 to datanode 633d7359-78ed-48fa-bcb6-047663da1e29{ip: 10.1.0.31, host: fv-az164-385.acqy4frhnxdelaro313li45hge.dx.internal.cloudapp.net, ports: [REPLICATION=38631, RATIS=44705, RATIS_ADMIN=44705, RATIS_SERVER=44705, STANDALONE=38683], networkLocation: /default-rack, certSerialId: null, persistedOpState: IN_SERVICE, persistedOpStateExpiryEpochSec: 0}.
2022-08-02 00:59:32,078 [ReplicationMonitor] INFO  replication.LegacyReplicationManager (LegacyReplicationManager.java:sendCloseCommand(1512)) - Sending close container command for container #2 to datanode d5e157d4-c297-43f4-abaf-f908afa77c91{ip: 10.1.0.31, host: fv-az164-385.acqy4frhnxdelaro313li45hge.dx.internal.cloudapp.net, ports: [REPLICATION=42177, RATIS=38773, RATIS_ADMIN=38773, RATIS_SERVER=38773, STANDALONE=42107], networkLocation: /default-rack, certSerialId: null, persistedOpState: IN_SERVICE, persistedOpStateExpiryEpochSec: 0}.
2022-08-02 00:59:32,078 [ReplicationMonitor] INFO  replication.LegacyReplicationManager (LegacyReplicationManager.java:sendCloseCommand(1512)) - Sending close container command for container #2 to datanode cb600bcf-1c2f-4aa5-b6e8-6d568f165d12{ip: 10.1.0.31, host: fv-az164-385.acqy4frhnxdelaro313li45hge.dx.internal.cloudapp.net, ports: [REPLICATION=46367, RATIS=38085, RATIS_ADMIN=38085, RATIS_SERVER=38085, STANDALONE=38847], networkLocation: /default-rack, certSerialId: null, persistedOpState: IN_SERVICE, persistedOpStateExpiryEpochSec: 0}.
2022-08-02 00:59:32,078 [ReplicationMonitor] INFO  replication.LegacyReplicationManager (LegacyReplicationManager.java:sendCloseCommand(1512)) - Sending close container command for container #3 to datanode cb600bcf-1c2f-4aa5-b6e8-6d568f165d12{ip: 10.1.0.31, host: fv-az164-385.acqy4frhnxdelaro313li45hge.dx.internal.cloudapp.net, ports: [REPLICATION=46367, RATIS=38085, RATIS_ADMIN=38085, RATIS_SERVER=38085, STANDALONE=38847], networkLocation: /default-rack, certSerialId: null, persistedOpState: IN_SERVICE, persistedOpStateExpiryEpochSec: 0}.
2022-08-02 00:59:32,078 [ReplicationMonitor] INFO  replication.LegacyReplicationManager (LegacyReplicationManager.java:sendCloseCommand(1512)) - Sending close container command for container #3 to datanode 633d7359-78ed-48fa-bcb6-047663da1e29{ip: 10.1.0.31, host: fv-az164-385.acqy4frhnxdelaro313li45hge.dx.internal.cloudapp.net, ports: [REPLICATION=38631, RATIS=44705, RATIS_ADMIN=44705, RATIS_SERVER=44705, STANDALONE=38683], networkLocation: /default-rack, certSerialId: null, persistedOpState: IN_SERVICE, persistedOpStateExpiryEpochSec: 0}.
2022-08-02 00:59:32,078 [ReplicationMonitor] INFO  replication.LegacyReplicationManager (LegacyReplicationManager.java:sendCloseCommand(1512)) - Sending close container command for container #3 to datanode d5e157d4-c297-43f4-abaf-f908afa77c91{ip: 10.1.0.31, host: fv-az164-385.acqy4frhnxdelaro313li45hge.dx.internal.cloudapp.net, ports: [REPLICATION=42177, RATIS=38773, RATIS_ADMIN=38773, RATIS_SERVER=38773, STANDALONE=42107], networkLocation: /default-rack, certSerialId: null, persistedOpState: IN_SERVICE, persistedOpStateExpiryEpochSec: 0}.
2022-08-02 00:59:32,078 [ReplicationMonitor] INFO  replication.ReplicationManager (ReplicationManager.java:processAll(287)) - Replication Monitor Thread took 3 milliseconds for processing 3 containers.
2022-08-02 00:59:33,064 [UnderReplicatedQueueThreadThread] INFO  replication.UnderReplicatedProcessor (UnderReplicatedProcessor.java:processAll(85)) - Processed 0 under replicated containers, failed processing 0
2022-08-02 00:59:33,074 [OverReplicatedQueueThreadThread] INFO  replication.OverReplicatedProcessor (OverReplicatedProcessor.java:processAll(83)) - Processed 0 over replicated containers, failed processing 0
2022-08-02 00:59:33,078 [ReplicationMonitor] INFO  replication.LegacyReplicationManager (LegacyReplicationManager.java:sendCloseCommand(1512)) - Sending close container command for container #1 to datanode cb600bcf-1c2f-4aa5-b6e8-6d568f165d12{ip: 10.1.0.31, host: fv-az164-385.acqy4frhnxdelaro313li45hge.dx.internal.cloudapp.net, ports: [REPLICATION=46367, RATIS=38085, RATIS_ADMIN=38085, RATIS_SERVER=38085, STANDALONE=38847], networkLocation: /default-rack, certSerialId: null, persistedOpState: IN_SERVICE, persistedOpStateExpiryEpochSec: 0}.
2022-08-02 00:59:33,079 [ReplicationMonitor] INFO  replication.LegacyReplicationManager (LegacyReplicationManager.java:sendCloseCommand(1512)) - Sending close container command for container #1 to datanode 633d7359-78ed-48fa-bcb6-047663da1e29{ip: 10.1.0.31, host: fv-az164-385.acqy4frhnxdelaro313li45hge.dx.internal.cloudapp.net, ports: [REPLICATION=38631, RATIS=44705, RATIS_ADMIN=44705, RATIS_SERVER=44705, STANDALONE=38683], networkLocation: /default-rack, certSerialId: null, persistedOpState: IN_SERVICE, persistedOpStateExpiryEpochSec: 0}.
2022-08-02 00:59:33,079 [ReplicationMonitor] INFO  replication.LegacyReplicationManager (LegacyReplicationManager.java:sendCloseCommand(1512)) - Sending close container command for container #1 to datanode d5e157d4-c297-43f4-abaf-f908afa77c91{ip: 10.1.0.31, host: fv-az164-385.acqy4frhnxdelaro313li45hge.dx.internal.cloudapp.net, ports: [REPLICATION=42177, RATIS=38773, RATIS_ADMIN=38773, RATIS_SERVER=38773, STANDALONE=42107], networkLocation: /default-rack, certSerialId: null, persistedOpState: IN_SERVICE, persistedOpStateExpiryEpochSec: 0}.
2022-08-02 00:59:33,079 [ReplicationMonitor] INFO  replication.LegacyReplicationManager (LegacyReplicationManager.java:sendCloseCommand(1512)) - Sending close container command for container #2 to datanode 633d7359-78ed-48fa-bcb6-047663da1e29{ip: 10.1.0.31, host: fv-az164-385.acqy4frhnxdelaro313li45hge.dx.internal.cloudapp.net, ports: [REPLICATION=38631, RATIS=44705, RATIS_ADMIN=44705, RATIS_SERVER=44705, STANDALONE=38683], networkLocation: /default-rack, certSerialId: null, persistedOpState: IN_SERVICE, persistedOpStateExpiryEpochSec: 0}.
2022-08-02 00:59:33,079 [ReplicationMonitor] INFO  replication.LegacyReplicationManager (LegacyReplicationManager.java:sendCloseCommand(1512)) - Sending close container command for container #2 to datanode d5e157d4-c297-43f4-abaf-f908afa77c91{ip: 10.1.0.31, host: fv-az164-385.acqy4frhnxdelaro313li45hge.dx.internal.cloudapp.net, ports: [REPLICATION=42177, RATIS=38773, RATIS_ADMIN=38773, RATIS_SERVER=38773, STANDALONE=42107], networkLocation: /default-rack, certSerialId: null, persistedOpState: IN_SERVICE, persistedOpStateExpiryEpochSec: 0}.
2022-08-02 00:59:33,079 [ReplicationMonitor] INFO  replication.LegacyReplicationManager (LegacyReplicationManager.java:sendCloseCommand(1512)) - Sending close container command for container #2 to datanode cb600bcf-1c2f-4aa5-b6e8-6d568f165d12{ip: 10.1.0.31, host: fv-az164-385.acqy4frhnxdelaro313li45hge.dx.internal.cloudapp.net, ports: [REPLICATION=46367, RATIS=38085, RATIS_ADMIN=38085, RATIS_SERVER=38085, STANDALONE=38847], networkLocation: /default-rack, certSerialId: null, persistedOpState: IN_SERVICE, persistedOpStateExpiryEpochSec: 0}.
2022-08-02 00:59:33,079 [ReplicationMonitor] INFO  replication.LegacyReplicationManager (LegacyReplicationManager.java:sendCloseCommand(1512)) - Sending close container command for container #3 to datanode cb600bcf-1c2f-4aa5-b6e8-6d568f165d12{ip: 10.1.0.31, host: fv-az164-385.acqy4frhnxdelaro313li45hge.dx.internal.cloudapp.net, ports: [REPLICATION=46367, RATIS=38085, RATIS_ADMIN=38085, RATIS_SERVER=38085, STANDALONE=38847], networkLocation: /default-rack, certSerialId: null, persistedOpState: IN_SERVICE, persistedOpStateExpiryEpochSec: 0}.
2022-08-02 00:59:33,079 [ReplicationMonitor] INFO  replication.LegacyReplicationManager (LegacyReplicationManager.java:sendCloseCommand(1512)) - Sending close container command for container #3 to datanode 633d7359-78ed-48fa-bcb6-047663da1e29{ip: 10.1.0.31, host: fv-az164-385.acqy4frhnxdelaro313li45hge.dx.internal.cloudapp.net, ports: [REPLICATION=38631, RATIS=44705, RATIS_ADMIN=44705, RATIS_SERVER=44705, STANDALONE=38683], networkLocation: /default-rack, certSerialId: null, persistedOpState: IN_SERVICE, persistedOpStateExpiryEpochSec: 0}.
2022-08-02 00:59:33,079 [ReplicationMonitor] INFO  replication.LegacyReplicationManager (LegacyReplicationManager.java:sendCloseCommand(1512)) - Sending close container command for container #3 to datanode d5e157d4-c297-43f4-abaf-f908afa77c91{ip: 10.1.0.31, host: fv-az164-385.acqy4frhnxdelaro313li45hge.dx.internal.cloudapp.net, ports: [REPLICATION=42177, RATIS=38773, RATIS_ADMIN=38773, RATIS_SERVER=38773, STANDALONE=42107], networkLocation: /default-rack, certSerialId: null, persistedOpState: IN_SERVICE, persistedOpStateExpiryEpochSec: 0}.
2022-08-02 00:59:33,079 [ReplicationMonitor] INFO  replication.ReplicationManager (ReplicationManager.java:processAll(287)) - Replication Monitor Thread took 1 milliseconds for processing 3 containers.
2022-08-02 00:59:33,502 [Listener at 127.0.0.1/34881] INFO  ozoneimpl.OzoneContainer (OzoneContainer.java:stop(399)) - Attempting to stop container services.
2022-08-02 00:59:33,502 [ForkJoinPool.commonPool-worker-1] INFO  ozoneimpl.OzoneContainer (OzoneContainer.java:stop(399)) - Attempting to stop container services.
2022-08-02 00:59:33,506 [ForkJoinPool.commonPool-worker-1] INFO  server.RaftServer (RaftServerProxy.java:lambda$close$7(398)) - cb600bcf-1c2f-4aa5-b6e8-6d568f165d12: close
2022-08-02 00:59:33,506 [ForkJoinPool.commonPool-worker-1] INFO  server.RaftServer$Division (RaftServerImpl.java:lambda$close$4(434)) - cb600bcf-1c2f-4aa5-b6e8-6d568f165d12@group-4C838A462C10: shutdown
2022-08-02 00:59:33,507 [ForkJoinPool.commonPool-worker-1] INFO  util.JmxRegister (JmxRegister.java:unregister(73)) - Successfully un-registered JMX Bean with object name Ratis:service=RaftServer,group=group-4C838A462C10,id=cb600bcf-1c2f-4aa5-b6e8-6d568f165d12
2022-08-02 00:59:33,507 [ForkJoinPool.commonPool-worker-1] INFO  impl.RoleInfo (RoleInfo.java:shutdownFollowerState(110)) - cb600bcf-1c2f-4aa5-b6e8-6d568f165d12: shutdown cb600bcf-1c2f-4aa5-b6e8-6d568f165d12@group-4C838A462C10-FollowerState
2022-08-02 00:59:33,507 [ForkJoinPool.commonPool-worker-1] INFO  impl.StateMachineUpdater (StateMachineUpdater.java:stopAndJoin(153)) - cb600bcf-1c2f-4aa5-b6e8-6d568f165d12@group-4C838A462C10-StateMachineUpdater: set stopIndex = 53
2022-08-02 00:59:33,507 [cb600bcf-1c2f-4aa5-b6e8-6d568f165d12@group-4C838A462C10-FollowerState] INFO  impl.FollowerState (FollowerState.java:run(152)) - cb600bcf-1c2f-4aa5-b6e8-6d568f165d12@group-4C838A462C10-FollowerState was interrupted
2022-08-02 00:59:33,507 [Listener at 127.0.0.1/34881] INFO  server.RaftServer (RaftServerProxy.java:lambda$close$7(398)) - 633d7359-78ed-48fa-bcb6-047663da1e29: close
2022-08-02 00:59:33,508 [cb600bcf-1c2f-4aa5-b6e8-6d568f165d12@group-4C838A462C10-StateMachineUpdater] INFO  ratis.ContainerStateMachine (ContainerStateMachine.java:takeSnapshot(304)) - group-4C838A462C10: Taking a snapshot at:(t:2, i:53) file /home/runner/work/ozone/ozone/hadoop-ozone/integration-test/target/test-dir/MiniOzoneClusterImpl-5354faea-c150-4163-8100-b2f9ddc2915f/datanode-1/data/ratis/5f17a4d3-824c-4efb-a137-4c838a462c10/sm/snapshot.2_53
2022-08-02 00:59:33,508 [Listener at 127.0.0.1/34881] INFO  server.RaftServer$Division (RaftServerImpl.java:lambda$close$4(434)) - 633d7359-78ed-48fa-bcb6-047663da1e29@group-4C838A462C10: shutdown
2022-08-02 00:59:33,508 [Listener at 127.0.0.1/34881] INFO  util.JmxRegister (JmxRegister.java:unregister(73)) - Successfully un-registered JMX Bean with object name Ratis:service=RaftServer,group=group-4C838A462C10,id=633d7359-78ed-48fa-bcb6-047663da1e29
2022-08-02 00:59:33,508 [Listener at 127.0.0.1/34881] INFO  impl.RoleInfo (RoleInfo.java:shutdownLeaderState(93)) - 633d7359-78ed-48fa-bcb6-047663da1e29: shutdown 633d7359-78ed-48fa-bcb6-047663da1e29@group-4C838A462C10-LeaderStateImpl
2022-08-02 00:59:33,509 [633d7359-78ed-48fa-bcb6-047663da1e29@group-4C838A462C10->d5e157d4-c297-43f4-abaf-f908afa77c91-GrpcLogAppender-LogAppenderDaemon] WARN  server.GrpcLogAppender (GrpcLogAppender.java:mayWait(171)) - 633d7359-78ed-48fa-bcb6-047663da1e29@group-4C838A462C10->d5e157d4-c297-43f4-abaf-f908afa77c91-GrpcLogAppender: Wait interrupted by java.lang.InterruptedException
2022-08-02 00:59:33,510 [grpc-default-executor-3] INFO  server.GrpcServerProtocolService (GrpcServerProtocolService.java:onCompleted(140)) - d5e157d4-c297-43f4-abaf-f908afa77c91: Completed APPEND_ENTRIES, lastRequest: 633d7359-78ed-48fa-bcb6-047663da1e29->d5e157d4-c297-43f4-abaf-f908afa77c91#197-t2,previous=(t:2, i:52),leaderCommit=52,initializing? true,entries: size=1, first=(t:2, i:53), METADATAENTRY(c:51)
2022-08-02 00:59:33,511 [Listener at 127.0.0.1/34881] INFO  impl.PendingRequests (PendingRequests.java:sendNotLeaderResponses(282)) - 633d7359-78ed-48fa-bcb6-047663da1e29@group-4C838A462C10-PendingRequests: sendNotLeaderResponses
2022-08-02 00:59:33,510 [633d7359-78ed-48fa-bcb6-047663da1e29@group-4C838A462C10->cb600bcf-1c2f-4aa5-b6e8-6d568f165d12-GrpcLogAppender-LogAppenderDaemon] WARN  server.GrpcLogAppender (GrpcLogAppender.java:mayWait(171)) - 633d7359-78ed-48fa-bcb6-047663da1e29@group-4C838A462C10->cb600bcf-1c2f-4aa5-b6e8-6d568f165d12-GrpcLogAppender: Wait interrupted by java.lang.InterruptedException
2022-08-02 00:59:33,511 [grpc-default-executor-2] INFO  server.GrpcLogAppender (GrpcLogAppender.java:onCompleted(339)) - 633d7359-78ed-48fa-bcb6-047663da1e29@group-4C838A462C10->d5e157d4-c297-43f4-abaf-f908afa77c91-AppendLogResponseHandler: follower responses appendEntries COMPLETED
2022-08-02 00:59:33,515 [grpc-default-executor-2] INFO  leader.FollowerInfo (FollowerInfoImpl.java:lambda$new$0(48)) - 633d7359-78ed-48fa-bcb6-047663da1e29@group-4C838A462C10->d5e157d4-c297-43f4-abaf-f908afa77c91: nextIndex: updateUnconditionally 54 -> 53
2022-08-02 00:59:33,515 [grpc-default-executor-2] INFO  server.GrpcServerProtocolService (GrpcServerProtocolService.java:onCompleted(140)) - cb600bcf-1c2f-4aa5-b6e8-6d568f165d12: Completed APPEND_ENTRIES, lastRequest: 633d7359-78ed-48fa-bcb6-047663da1e29->cb600bcf-1c2f-4aa5-b6e8-6d568f165d12#189-t2,previous=(t:2, i:52),leaderCommit=52,initializing? true,entries: size=1, first=(t:2, i:53), METADATAENTRY(c:51)
2022-08-02 00:59:33,523 [grpc-default-executor-3] INFO  server.GrpcLogAppender (GrpcLogAppender.java:onCompleted(339)) - 633d7359-78ed-48fa-bcb6-047663da1e29@group-4C838A462C10->cb600bcf-1c2f-4aa5-b6e8-6d568f165d12-AppendLogResponseHandler: follower responses appendEntries COMPLETED
2022-08-02 00:59:33,523 [grpc-default-executor-3] INFO  leader.FollowerInfo (FollowerInfoImpl.java:lambda$new$0(48)) - 633d7359-78ed-48fa-bcb6-047663da1e29@group-4C838A462C10->cb600bcf-1c2f-4aa5-b6e8-6d568f165d12: nextIndex: updateUnconditionally 54 -> 53
2022-08-02 00:59:33,525 [633d7359-78ed-48fa-bcb6-047663da1e29@group-4C838A462C10-StateMachineUpdater] INFO  ratis.ContainerStateMachine (ContainerStateMachine.java:takeSnapshot(304)) - group-4C838A462C10: Taking a snapshot at:(t:2, i:53) file /home/runner/work/ozone/ozone/hadoop-ozone/integration-test/target/test-dir/MiniOzoneClusterImpl-5354faea-c150-4163-8100-b2f9ddc2915f/datanode-2/data/ratis/5f17a4d3-824c-4efb-a137-4c838a462c10/sm/snapshot.2_53
2022-08-02 00:59:33,525 [Listener at 127.0.0.1/34881] INFO  impl.StateMachineUpdater (StateMachineUpdater.java:stopAndJoin(153)) - 633d7359-78ed-48fa-bcb6-047663da1e29@group-4C838A462C10-StateMachineUpdater: set stopIndex = 53
2022-08-02 00:59:33,535 [633d7359-78ed-48fa-bcb6-047663da1e29@group-4C838A462C10-StateMachineUpdater] INFO  ratis.ContainerStateMachine (ContainerStateMachine.java:takeSnapshot(315)) - group-4C838A462C10: Finished taking a snapshot at:(t:2, i:53) file:/home/runner/work/ozone/ozone/hadoop-ozone/integration-test/target/test-dir/MiniOzoneClusterImpl-5354faea-c150-4163-8100-b2f9ddc2915f/datanode-2/data/ratis/5f17a4d3-824c-4efb-a137-4c838a462c10/sm/snapshot.2_53 took: 10 ms
2022-08-02 00:59:33,535 [cb600bcf-1c2f-4aa5-b6e8-6d568f165d12@group-4C838A462C10-StateMachineUpdater] INFO  ratis.ContainerStateMachine (ContainerStateMachine.java:takeSnapshot(315)) - group-4C838A462C10: Finished taking a snapshot at:(t:2, i:53) file:/home/runner/work/ozone/ozone/hadoop-ozone/integration-test/target/test-dir/MiniOzoneClusterImpl-5354faea-c150-4163-8100-b2f9ddc2915f/datanode-1/data/ratis/5f17a4d3-824c-4efb-a137-4c838a462c10/sm/snapshot.2_53 took: 28 ms
2022-08-02 00:59:33,536 [633d7359-78ed-48fa-bcb6-047663da1e29@group-4C838A462C10-StateMachineUpdater] INFO  impl.StateMachineUpdater (StateMachineUpdater.java:takeSnapshot(287)) - 633d7359-78ed-48fa-bcb6-047663da1e29@group-4C838A462C10-StateMachineUpdater: Took a snapshot at index 53
2022-08-02 00:59:33,536 [cb600bcf-1c2f-4aa5-b6e8-6d568f165d12@group-4C838A462C10-StateMachineUpdater] INFO  impl.StateMachineUpdater (StateMachineUpdater.java:takeSnapshot(287)) - cb600bcf-1c2f-4aa5-b6e8-6d568f165d12@group-4C838A462C10-StateMachineUpdater: Took a snapshot at index 53
2022-08-02 00:59:33,536 [633d7359-78ed-48fa-bcb6-047663da1e29@group-4C838A462C10-StateMachineUpdater] INFO  impl.StateMachineUpdater (StateMachineUpdater.java:lambda$new$0(92)) - 633d7359-78ed-48fa-bcb6-047663da1e29@group-4C838A462C10-StateMachineUpdater: snapshotIndex: updateIncreasingly -1 -> 53
2022-08-02 00:59:33,537 [cb600bcf-1c2f-4aa5-b6e8-6d568f165d12@group-4C838A462C10-StateMachineUpdater] INFO  impl.StateMachineUpdater (StateMachineUpdater.java:lambda$new$0(92)) - cb600bcf-1c2f-4aa5-b6e8-6d568f165d12@group-4C838A462C10-StateMachineUpdater: snapshotIndex: updateIncreasingly -1 -> 53
2022-08-02 00:59:33,541 [Listener at 127.0.0.1/34881] INFO  server.RaftServer$Division (ServerState.java:close(429)) - 633d7359-78ed-48fa-bcb6-047663da1e29@group-4C838A462C10: closes. applyIndex: 53
2022-08-02 00:59:33,541 [633d7359-78ed-48fa-bcb6-047663da1e29@group-4C838A462C10-SegmentedRaftLogWorker] INFO  segmented.SegmentedRaftLogWorker (SegmentedRaftLogWorker.java:run(336)) - 633d7359-78ed-48fa-bcb6-047663da1e29@group-4C838A462C10-SegmentedRaftLogWorker was interrupted, exiting. There are 0 tasks remaining in the queue.
2022-08-02 00:59:33,542 [ForkJoinPool.commonPool-worker-1] INFO  server.RaftServer$Division (ServerState.java:close(429)) - cb600bcf-1c2f-4aa5-b6e8-6d568f165d12@group-4C838A462C10: closes. applyIndex: 53
2022-08-02 00:59:33,542 [cb600bcf-1c2f-4aa5-b6e8-6d568f165d12@group-4C838A462C10-SegmentedRaftLogWorker] INFO  segmented.SegmentedRaftLogWorker (SegmentedRaftLogWorker.java:run(336)) - cb600bcf-1c2f-4aa5-b6e8-6d568f165d12@group-4C838A462C10-SegmentedRaftLogWorker was interrupted, exiting. There are 0 tasks remaining in the queue.
2022-08-02 00:59:33,542 [ForkJoinPool.commonPool-worker-1] INFO  segmented.SegmentedRaftLogWorker (SegmentedRaftLogWorker.java:close(246)) - cb600bcf-1c2f-4aa5-b6e8-6d568f165d12@group-4C838A462C10-SegmentedRaftLogWorker close()
2022-08-02 00:59:33,544 [Listener at 127.0.0.1/34881] INFO  segmented.SegmentedRaftLogWorker (SegmentedRaftLogWorker.java:close(246)) - 633d7359-78ed-48fa-bcb6-047663da1e29@group-4C838A462C10-SegmentedRaftLogWorker close()
2022-08-02 00:59:33,544 [ForkJoinPool.commonPool-worker-1] INFO  server.RaftServer$Division (RaftServerImpl.java:lambda$close$4(434)) - cb600bcf-1c2f-4aa5-b6e8-6d568f165d12@group-4D4837CAB090: shutdown
2022-08-02 00:59:33,545 [ForkJoinPool.commonPool-worker-1] INFO  util.JmxRegister (JmxRegister.java:unregister(73)) - Successfully un-registered JMX Bean with object name Ratis:service=RaftServer,group=group-4D4837CAB090,id=cb600bcf-1c2f-4aa5-b6e8-6d568f165d12
2022-08-02 00:59:33,545 [ForkJoinPool.commonPool-worker-1] INFO  impl.RoleInfo (RoleInfo.java:shutdownLeaderState(93)) - cb600bcf-1c2f-4aa5-b6e8-6d568f165d12: shutdown cb600bcf-1c2f-4aa5-b6e8-6d568f165d12@group-4D4837CAB090-LeaderStateImpl
2022-08-02 00:59:33,545 [ForkJoinPool.commonPool-worker-1] INFO  impl.PendingRequests (PendingRequests.java:sendNotLeaderResponses(282)) - cb600bcf-1c2f-4aa5-b6e8-6d568f165d12@group-4D4837CAB090-PendingRequests: sendNotLeaderResponses
2022-08-02 00:59:33,546 [Listener at 127.0.0.1/34881] INFO  server.RaftServer$Division (RaftServerImpl.java:lambda$close$4(434)) - 633d7359-78ed-48fa-bcb6-047663da1e29@group-59FF8890AC1D: shutdown
2022-08-02 00:59:33,546 [Listener at 127.0.0.1/34881] INFO  util.JmxRegister (JmxRegister.java:unregister(73)) - Successfully un-registered JMX Bean with object name Ratis:service=RaftServer,group=group-59FF8890AC1D,id=633d7359-78ed-48fa-bcb6-047663da1e29
2022-08-02 00:59:33,546 [Listener at 127.0.0.1/34881] INFO  impl.RoleInfo (RoleInfo.java:shutdownLeaderState(93)) - 633d7359-78ed-48fa-bcb6-047663da1e29: shutdown 633d7359-78ed-48fa-bcb6-047663da1e29@group-59FF8890AC1D-LeaderStateImpl
2022-08-02 00:59:33,546 [Listener at 127.0.0.1/34881] INFO  impl.PendingRequests (PendingRequests.java:sendNotLeaderResponses(282)) - 633d7359-78ed-48fa-bcb6-047663da1e29@group-59FF8890AC1D-PendingRequests: sendNotLeaderResponses
2022-08-02 00:59:33,551 [ForkJoinPool.commonPool-worker-1] INFO  impl.StateMachineUpdater (StateMachineUpdater.java:stopAndJoin(153)) - cb600bcf-1c2f-4aa5-b6e8-6d568f165d12@group-4D4837CAB090-StateMachineUpdater: set stopIndex = 0
2022-08-02 00:59:33,551 [Listener at 127.0.0.1/34881] INFO  impl.StateMachineUpdater (StateMachineUpdater.java:stopAndJoin(153)) - 633d7359-78ed-48fa-bcb6-047663da1e29@group-59FF8890AC1D-StateMachineUpdater: set stopIndex = 0
2022-08-02 00:59:33,551 [cb600bcf-1c2f-4aa5-b6e8-6d568f165d12@group-4D4837CAB090-StateMachineUpdater] INFO  ratis.ContainerStateMachine (ContainerStateMachine.java:takeSnapshot(304)) - group-4D4837CAB090: Taking a snapshot at:(t:1, i:0) file /home/runner/work/ozone/ozone/hadoop-ozone/integration-test/target/test-dir/MiniOzoneClusterImpl-5354faea-c150-4163-8100-b2f9ddc2915f/datanode-1/data/ratis/392f05cb-2b44-49ab-ab6e-4d4837cab090/sm/snapshot.1_0
2022-08-02 00:59:33,551 [633d7359-78ed-48fa-bcb6-047663da1e29@group-59FF8890AC1D-StateMachineUpdater] INFO  ratis.ContainerStateMachine (ContainerStateMachine.java:takeSnapshot(304)) - group-59FF8890AC1D: Taking a snapshot at:(t:1, i:0) file /home/runner/work/ozone/ozone/hadoop-ozone/integration-test/target/test-dir/MiniOzoneClusterImpl-5354faea-c150-4163-8100-b2f9ddc2915f/datanode-2/data/ratis/c32ad145-6c30-4aab-89ac-59ff8890ac1d/sm/snapshot.1_0
2022-08-02 00:59:33,553 [cb600bcf-1c2f-4aa5-b6e8-6d568f165d12@group-4D4837CAB090-StateMachineUpdater] INFO  ratis.ContainerStateMachine (ContainerStateMachine.java:takeSnapshot(315)) - group-4D4837CAB090: Finished taking a snapshot at:(t:1, i:0) file:/home/runner/work/ozone/ozone/hadoop-ozone/integration-test/target/test-dir/MiniOzoneClusterImpl-5354faea-c150-4163-8100-b2f9ddc2915f/datanode-1/data/ratis/392f05cb-2b44-49ab-ab6e-4d4837cab090/sm/snapshot.1_0 took: 2 ms
2022-08-02 00:59:33,553 [cb600bcf-1c2f-4aa5-b6e8-6d568f165d12@group-4D4837CAB090-StateMachineUpdater] INFO  impl.StateMachineUpdater (StateMachineUpdater.java:takeSnapshot(287)) - cb600bcf-1c2f-4aa5-b6e8-6d568f165d12@group-4D4837CAB090-StateMachineUpdater: Took a snapshot at index 0
2022-08-02 00:59:33,553 [cb600bcf-1c2f-4aa5-b6e8-6d568f165d12@group-4D4837CAB090-StateMachineUpdater] INFO  impl.StateMachineUpdater (StateMachineUpdater.java:lambda$new$0(92)) - cb600bcf-1c2f-4aa5-b6e8-6d568f165d12@group-4D4837CAB090-StateMachineUpdater: snapshotIndex: updateIncreasingly -1 -> 0
2022-08-02 00:59:33,553 [ForkJoinPool.commonPool-worker-1] INFO  server.RaftServer$Division (ServerState.java:close(429)) - cb600bcf-1c2f-4aa5-b6e8-6d568f165d12@group-4D4837CAB090: closes. applyIndex: 0
2022-08-02 00:59:33,554 [cb600bcf-1c2f-4aa5-b6e8-6d568f165d12@group-4D4837CAB090-SegmentedRaftLogWorker] INFO  segmented.SegmentedRaftLogWorker (SegmentedRaftLogWorker.java:run(336)) - cb600bcf-1c2f-4aa5-b6e8-6d568f165d12@group-4D4837CAB090-SegmentedRaftLogWorker was interrupted, exiting. There are 0 tasks remaining in the queue.
2022-08-02 00:59:33,554 [ForkJoinPool.commonPool-worker-1] INFO  segmented.SegmentedRaftLogWorker (SegmentedRaftLogWorker.java:close(246)) - cb600bcf-1c2f-4aa5-b6e8-6d568f165d12@group-4D4837CAB090-SegmentedRaftLogWorker close()
2022-08-02 00:59:33,554 [633d7359-78ed-48fa-bcb6-047663da1e29@group-59FF8890AC1D-StateMachineUpdater] INFO  ratis.ContainerStateMachine (ContainerStateMachine.java:takeSnapshot(315)) - group-59FF8890AC1D: Finished taking a snapshot at:(t:1, i:0) file:/home/runner/work/ozone/ozone/hadoop-ozone/integration-test/target/test-dir/MiniOzoneClusterImpl-5354faea-c150-4163-8100-b2f9ddc2915f/datanode-2/data/ratis/c32ad145-6c30-4aab-89ac-59ff8890ac1d/sm/snapshot.1_0 took: 3 ms
2022-08-02 00:59:33,554 [633d7359-78ed-48fa-bcb6-047663da1e29@group-59FF8890AC1D-StateMachineUpdater] INFO  impl.StateMachineUpdater (StateMachineUpdater.java:takeSnapshot(287)) - 633d7359-78ed-48fa-bcb6-047663da1e29@group-59FF8890AC1D-StateMachineUpdater: Took a snapshot at index 0
2022-08-02 00:59:33,554 [633d7359-78ed-48fa-bcb6-047663da1e29@group-59FF8890AC1D-StateMachineUpdater] INFO  impl.StateMachineUpdater (StateMachineUpdater.java:lambda$new$0(92)) - 633d7359-78ed-48fa-bcb6-047663da1e29@group-59FF8890AC1D-StateMachineUpdater: snapshotIndex: updateIncreasingly -1 -> 0
2022-08-02 00:59:33,555 [Listener at 127.0.0.1/34881] INFO  server.RaftServer$Division (ServerState.java:close(429)) - 633d7359-78ed-48fa-bcb6-047663da1e29@group-59FF8890AC1D: closes. applyIndex: 0
2022-08-02 00:59:33,557 [ForkJoinPool.commonPool-worker-1] INFO  server.GrpcService (GrpcService.java:closeImpl(269)) - cb600bcf-1c2f-4aa5-b6e8-6d568f165d12: shutdown server with port 38085 now
2022-08-02 00:59:33,557 [633d7359-78ed-48fa-bcb6-047663da1e29@group-59FF8890AC1D-SegmentedRaftLogWorker] INFO  segmented.SegmentedRaftLogWorker (SegmentedRaftLogWorker.java:run(336)) - 633d7359-78ed-48fa-bcb6-047663da1e29@group-59FF8890AC1D-SegmentedRaftLogWorker was interrupted, exiting. There are 0 tasks remaining in the queue.
2022-08-02 00:59:33,557 [Listener at 127.0.0.1/34881] INFO  segmented.SegmentedRaftLogWorker (SegmentedRaftLogWorker.java:close(246)) - 633d7359-78ed-48fa-bcb6-047663da1e29@group-59FF8890AC1D-SegmentedRaftLogWorker close()
2022-08-02 00:59:33,561 [ForkJoinPool.commonPool-worker-1] INFO  server.GrpcService (GrpcService.java:closeImpl(278)) - cb600bcf-1c2f-4aa5-b6e8-6d568f165d12: shutdown server with port 38085 successfully
2022-08-02 00:59:33,562 [org.apache.ratis.util.JvmPauseMonitor$$Lambda$631/1000159038@105b6c2b] INFO  util.JvmPauseMonitor (JvmPauseMonitor.java:run(109)) - JvmPauseMonitor-cb600bcf-1c2f-4aa5-b6e8-6d568f165d12: Stopped
2022-08-02 00:59:33,562 [Listener at 127.0.0.1/34881] INFO  server.GrpcService (GrpcService.java:closeImpl(269)) - 633d7359-78ed-48fa-bcb6-047663da1e29: shutdown server with port 44705 now
2022-08-02 00:59:33,567 [grpc-default-executor-2] WARN  server.GrpcClientProtocolService (LogUtils.java:warn(122)) - 1-UnorderedRequestStreamObserver1: onError: org.apache.ratis.thirdparty.io.grpc.StatusRuntimeException: CANCELLED: client cancelled
2022-08-02 00:59:33,580 [Listener at 127.0.0.1/34881] INFO  server.GrpcService (GrpcService.java:closeImpl(278)) - 633d7359-78ed-48fa-bcb6-047663da1e29: shutdown server with port 44705 successfully
2022-08-02 00:59:33,581 [org.apache.ratis.util.JvmPauseMonitor$$Lambda$631/1000159038@2c6f10b8] INFO  util.JvmPauseMonitor (JvmPauseMonitor.java:run(109)) - JvmPauseMonitor-633d7359-78ed-48fa-bcb6-047663da1e29: Stopped
2022-08-02 00:59:33,921 [EventQueue-DeadNodeForDeadNodeHandler] INFO  node.DeadNodeHandler (DeadNodeHandler.java:onMessage(81)) - A dead datanode is detected. 633d7359-78ed-48fa-bcb6-047663da1e29{ip: 10.1.0.31, host: fv-az164-385.acqy4frhnxdelaro313li45hge.dx.internal.cloudapp.net, ports: [REPLICATION=38631, RATIS=44705, RATIS_ADMIN=44705, RATIS_SERVER=44705, STANDALONE=38683], networkLocation: /default-rack, certSerialId: null, persistedOpState: IN_SERVICE, persistedOpStateExpiryEpochSec: 0}
2022-08-02 00:59:33,922 [EventQueue-DeadNodeForDeadNodeHandler] INFO  pipeline.RatisPipelineProvider (RatisPipelineProvider.java:lambda$close$1(244)) - Send pipeline:PipelineID=5f17a4d3-824c-4efb-a137-4c838a462c10 close command to datanode 633d7359-78ed-48fa-bcb6-047663da1e29
2022-08-02 00:59:33,922 [EventQueue-DeadNodeForDeadNodeHandler] INFO  pipeline.RatisPipelineProvider (RatisPipelineProvider.java:lambda$close$1(244)) - Send pipeline:PipelineID=5f17a4d3-824c-4efb-a137-4c838a462c10 close command to datanode d5e157d4-c297-43f4-abaf-f908afa77c91
2022-08-02 00:59:33,923 [EventQueue-DeadNodeForDeadNodeHandler] INFO  pipeline.RatisPipelineProvider (RatisPipelineProvider.java:lambda$close$1(244)) - Send pipeline:PipelineID=5f17a4d3-824c-4efb-a137-4c838a462c10 close command to datanode cb600bcf-1c2f-4aa5-b6e8-6d568f165d12
2022-08-02 00:59:33,923 [EventQueue-DeadNodeForDeadNodeHandler] INFO  pipeline.PipelineStateManagerImpl (PipelineStateManagerImpl.java:removePipeline(245)) - Pipeline Pipeline[ Id: 5f17a4d3-824c-4efb-a137-4c838a462c10, Nodes: 633d7359-78ed-48fa-bcb6-047663da1e29{ip: 10.1.0.31, host: fv-az164-385.acqy4frhnxdelaro313li45hge.dx.internal.cloudapp.net, ports: [REPLICATION=38631, RATIS=44705, RATIS_ADMIN=44705, RATIS_SERVER=44705, STANDALONE=38683], networkLocation: /default-rack, certSerialId: null, persistedOpState: IN_SERVICE, persistedOpStateExpiryEpochSec: 0}d5e157d4-c297-43f4-abaf-f908afa77c91{ip: 10.1.0.31, host: fv-az164-385.acqy4frhnxdelaro313li45hge.dx.internal.cloudapp.net, ports: [REPLICATION=42177, RATIS=38773, RATIS_ADMIN=38773, RATIS_SERVER=38773, STANDALONE=42107], networkLocation: /default-rack, certSerialId: null, persistedOpState: IN_SERVICE, persistedOpStateExpiryEpochSec: 0}cb600bcf-1c2f-4aa5-b6e8-6d568f165d12{ip: 10.1.0.31, host: fv-az164-385.acqy4frhnxdelaro313li45hge.dx.internal.cloudapp.net, ports: [REPLICATION=46367, RATIS=38085, RATIS_ADMIN=38085, RATIS_SERVER=38085, STANDALONE=38847], networkLocation: /default-rack, certSerialId: null, persistedOpState: IN_SERVICE, persistedOpStateExpiryEpochSec: 0}, ReplicationConfig: RATIS/THREE, State:CLOSED, leaderId:633d7359-78ed-48fa-bcb6-047663da1e29, CreationTimestamp2022-08-02T00:59:12.543Z[Etc/UTC]] removed.
2022-08-02 00:59:33,923 [EventQueue-DeadNodeForDeadNodeHandler] INFO  pipeline.RatisPipelineProvider (RatisPipelineProvider.java:lambda$close$1(244)) - Send pipeline:PipelineID=c32ad145-6c30-4aab-89ac-59ff8890ac1d close command to datanode 633d7359-78ed-48fa-bcb6-047663da1e29
2022-08-02 00:59:33,924 [EventQueue-DeadNodeForDeadNodeHandler] INFO  pipeline.PipelineStateManagerImpl (PipelineStateManagerImpl.java:removePipeline(245)) - Pipeline Pipeline[ Id: c32ad145-6c30-4aab-89ac-59ff8890ac1d, Nodes: 633d7359-78ed-48fa-bcb6-047663da1e29{ip: 10.1.0.31, host: fv-az164-385.acqy4frhnxdelaro313li45hge.dx.internal.cloudapp.net, ports: [REPLICATION=38631, RATIS=44705, RATIS_ADMIN=44705, RATIS_SERVER=44705, STANDALONE=38683], networkLocation: /default-rack, certSerialId: null, persistedOpState: IN_SERVICE, persistedOpStateExpiryEpochSec: 0}, ReplicationConfig: RATIS/ONE, State:CLOSED, leaderId:633d7359-78ed-48fa-bcb6-047663da1e29, CreationTimestamp2022-08-02T00:59:12.539Z[Etc/UTC]] removed.
2022-08-02 00:59:33,925 [EventQueue-DeadNodeForDeadNodeHandler] INFO  net.NetworkTopologyImpl (NetworkTopologyImpl.java:remove(190)) - Removed a node: /default-rack/633d7359-78ed-48fa-bcb6-047663da1e29
2022-08-02 00:59:33,925 [EventQueue-DeadNodeForDeadNodeHandler] INFO  node.DeadNodeHandler (DeadNodeHandler.java:onMessage(81)) - A dead datanode is detected. cb600bcf-1c2f-4aa5-b6e8-6d568f165d12{ip: 10.1.0.31, host: fv-az164-385.acqy4frhnxdelaro313li45hge.dx.internal.cloudapp.net, ports: [REPLICATION=46367, RATIS=38085, RATIS_ADMIN=38085, RATIS_SERVER=38085, STANDALONE=38847], networkLocation: /default-rack, certSerialId: null, persistedOpState: IN_SERVICE, persistedOpStateExpiryEpochSec: 0}
2022-08-02 00:59:33,926 [EventQueue-DeadNodeForDeadNodeHandler] INFO  pipeline.RatisPipelineProvider (RatisPipelineProvider.java:lambda$close$1(244)) - Send pipeline:PipelineID=392f05cb-2b44-49ab-ab6e-4d4837cab090 close command to datanode cb600bcf-1c2f-4aa5-b6e8-6d568f165d12
2022-08-02 00:59:33,926 [EventQueue-DeadNodeForDeadNodeHandler] INFO  pipeline.PipelineStateManagerImpl (PipelineStateManagerImpl.java:removePipeline(245)) - Pipeline Pipeline[ Id: 392f05cb-2b44-49ab-ab6e-4d4837cab090, Nodes: cb600bcf-1c2f-4aa5-b6e8-6d568f165d12{ip: 10.1.0.31, host: fv-az164-385.acqy4frhnxdelaro313li45hge.dx.internal.cloudapp.net, ports: [REPLICATION=46367, RATIS=38085, RATIS_ADMIN=38085, RATIS_SERVER=38085, STANDALONE=38847], networkLocation: /default-rack, certSerialId: null, persistedOpState: IN_SERVICE, persistedOpStateExpiryEpochSec: 0}, ReplicationConfig: RATIS/ONE, State:CLOSED, leaderId:cb600bcf-1c2f-4aa5-b6e8-6d568f165d12, CreationTimestamp2022-08-02T00:59:12.201Z[Etc/UTC]] removed.
2022-08-02 00:59:33,927 [EventQueue-DeadNodeForDeadNodeHandler] INFO  net.NetworkTopologyImpl (NetworkTopologyImpl.java:remove(190)) - Removed a node: /default-rack/cb600bcf-1c2f-4aa5-b6e8-6d568f165d12
2022-08-02 00:59:34,079 [ReplicationMonitor] INFO  replication.LegacyReplicationManager (LegacyReplicationManager.java:sendCloseCommand(1512)) - Sending close container command for container #1 to datanode d5e157d4-c297-43f4-abaf-f908afa77c91{ip: 10.1.0.31, host: fv-az164-385.acqy4frhnxdelaro313li45hge.dx.internal.cloudapp.net, ports: [REPLICATION=42177, RATIS=38773, RATIS_ADMIN=38773, RATIS_SERVER=38773, STANDALONE=42107], networkLocation: /default-rack, certSerialId: null, persistedOpState: IN_SERVICE, persistedOpStateExpiryEpochSec: 0}.
2022-08-02 00:59:34,081 [ReplicationMonitor] INFO  replication.LegacyReplicationManager (LegacyReplicationManager.java:sendCloseCommand(1512)) - Sending close container command for container #2 to datanode d5e157d4-c297-43f4-abaf-f908afa77c91{ip: 10.1.0.31, host: fv-az164-385.acqy4frhnxdelaro313li45hge.dx.internal.cloudapp.net, ports: [REPLICATION=42177, RATIS=38773, RATIS_ADMIN=38773, RATIS_SERVER=38773, STANDALONE=42107], networkLocation: /default-rack, certSerialId: null, persistedOpState: IN_SERVICE, persistedOpStateExpiryEpochSec: 0}.
2022-08-02 00:59:34,081 [ReplicationMonitor] INFO  replication.LegacyReplicationManager (LegacyReplicationManager.java:sendCloseCommand(1512)) - Sending close container command for container #3 to datanode d5e157d4-c297-43f4-abaf-f908afa77c91{ip: 10.1.0.31, host: fv-az164-385.acqy4frhnxdelaro313li45hge.dx.internal.cloudapp.net, ports: [REPLICATION=42177, RATIS=38773, RATIS_ADMIN=38773, RATIS_SERVER=38773, STANDALONE=42107], networkLocation: /default-rack, certSerialId: null, persistedOpState: IN_SERVICE, persistedOpStateExpiryEpochSec: 0}.
2022-08-02 00:59:34,081 [ReplicationMonitor] INFO  replication.ReplicationManager (ReplicationManager.java:processAll(287)) - Replication Monitor Thread took 1 milliseconds for processing 3 containers.
2022-08-02 00:59:35,081 [ReplicationMonitor] INFO  replication.LegacyReplicationManager (LegacyReplicationManager.java:sendCloseCommand(1512)) - Sending close container command for container #1 to datanode d5e157d4-c297-43f4-abaf-f908afa77c91{ip: 10.1.0.31, host: fv-az164-385.acqy4frhnxdelaro313li45hge.dx.internal.cloudapp.net, ports: [REPLICATION=42177, RATIS=38773, RATIS_ADMIN=38773, RATIS_SERVER=38773, STANDALONE=42107], networkLocation: /default-rack, certSerialId: null, persistedOpState: IN_SERVICE, persistedOpStateExpiryEpochSec: 0}.
2022-08-02 00:59:35,082 [ReplicationMonitor] INFO  replication.LegacyReplicationManager (LegacyReplicationManager.java:sendCloseCommand(1512)) - Sending close container command for container #2 to datanode d5e157d4-c297-43f4-abaf-f908afa77c91{ip: 10.1.0.31, host: fv-az164-385.acqy4frhnxdelaro313li45hge.dx.internal.cloudapp.net, ports: [REPLICATION=42177, RATIS=38773, RATIS_ADMIN=38773, RATIS_SERVER=38773, STANDALONE=42107], networkLocation: /default-rack, certSerialId: null, persistedOpState: IN_SERVICE, persistedOpStateExpiryEpochSec: 0}.
2022-08-02 00:59:35,082 [ReplicationMonitor] INFO  replication.LegacyReplicationManager (LegacyReplicationManager.java:sendCloseCommand(1512)) - Sending close container command for container #3 to datanode d5e157d4-c297-43f4-abaf-f908afa77c91{ip: 10.1.0.31, host: fv-az164-385.acqy4frhnxdelaro313li45hge.dx.internal.cloudapp.net, ports: [REPLICATION=42177, RATIS=38773, RATIS_ADMIN=38773, RATIS_SERVER=38773, STANDALONE=42107], networkLocation: /default-rack, certSerialId: null, persistedOpState: IN_SERVICE, persistedOpStateExpiryEpochSec: 0}.
2022-08-02 00:59:35,082 [ReplicationMonitor] INFO  replication.ReplicationManager (ReplicationManager.java:processAll(287)) - Replication Monitor Thread took 0 milliseconds for processing 3 containers.
2022-08-02 00:59:35,591 [Listener at 127.0.0.1/34881] INFO  utils.BackgroundService (BackgroundService.java:shutdown(141)) - Shutting down service BlockDeletingService
2022-08-02 00:59:35,597 [ForkJoinPool.commonPool-worker-1] INFO  utils.BackgroundService (BackgroundService.java:shutdown(141)) - Shutting down service BlockDeletingService
2022-08-02 00:59:35,597 [Listener at 127.0.0.1/34881] INFO  utils.BackgroundService (BackgroundService.java:shutdown(141)) - Shutting down service StaleRecoveringContainerScrubbingService
2022-08-02 00:59:35,597 [ForkJoinPool.commonPool-worker-1] INFO  utils.BackgroundService (BackgroundService.java:shutdown(141)) - Shutting down service StaleRecoveringContainerScrubbingService
2022-08-02 00:59:35,884 [Command processor thread] INFO  server.RaftServer (RaftServerProxy.java:remove(107)) - d5e157d4-c297-43f4-abaf-f908afa77c91: remove  FOLLOWER d5e157d4-c297-43f4-abaf-f908afa77c91@group-4C838A462C10:t2, leader=633d7359-78ed-48fa-bcb6-047663da1e29, voted=633d7359-78ed-48fa-bcb6-047663da1e29, raftlog=d5e157d4-c297-43f4-abaf-f908afa77c91@group-4C838A462C10-SegmentedRaftLog:OPENED:c53, conf=0: [633d7359-78ed-48fa-bcb6-047663da1e29|rpc:10.1.0.31:44705|dataStream:|priority:1, cb600bcf-1c2f-4aa5-b6e8-6d568f165d12|rpc:10.1.0.31:38085|dataStream:|priority:0, d5e157d4-c297-43f4-abaf-f908afa77c91|rpc:10.1.0.31:38773|dataStream:|priority:0], old=null RUNNING
2022-08-02 00:59:35,886 [Command processor thread] INFO  server.RaftServer$Division (RaftServerImpl.java:lambda$close$4(434)) - d5e157d4-c297-43f4-abaf-f908afa77c91@group-4C838A462C10: shutdown
2022-08-02 00:59:35,886 [Command processor thread] INFO  util.JmxRegister (JmxRegister.java:unregister(73)) - Successfully un-registered JMX Bean with object name Ratis:service=RaftServer,group=group-4C838A462C10,id=d5e157d4-c297-43f4-abaf-f908afa77c91
2022-08-02 00:59:35,886 [Command processor thread] INFO  impl.RoleInfo (RoleInfo.java:shutdownFollowerState(110)) - d5e157d4-c297-43f4-abaf-f908afa77c91: shutdown d5e157d4-c297-43f4-abaf-f908afa77c91@group-4C838A462C10-FollowerState
2022-08-02 00:59:35,886 [Command processor thread] INFO  impl.StateMachineUpdater (StateMachineUpdater.java:stopAndJoin(153)) - d5e157d4-c297-43f4-abaf-f908afa77c91@group-4C838A462C10-StateMachineUpdater: set stopIndex = 53
2022-08-02 00:59:35,886 [d5e157d4-c297-43f4-abaf-f908afa77c91@group-4C838A462C10-FollowerState] INFO  impl.FollowerState (FollowerState.java:run(152)) - d5e157d4-c297-43f4-abaf-f908afa77c91@group-4C838A462C10-FollowerState was interrupted
2022-08-02 00:59:35,886 [d5e157d4-c297-43f4-abaf-f908afa77c91@group-4C838A462C10-StateMachineUpdater] INFO  ratis.ContainerStateMachine (ContainerStateMachine.java:takeSnapshot(304)) - group-4C838A462C10: Taking a snapshot at:(t:2, i:53) file /home/runner/work/ozone/ozone/hadoop-ozone/integration-test/target/test-dir/MiniOzoneClusterImpl-5354faea-c150-4163-8100-b2f9ddc2915f/datanode-0/data/ratis/5f17a4d3-824c-4efb-a137-4c838a462c10/sm/snapshot.2_53
2022-08-02 00:59:35,892 [d5e157d4-c297-43f4-abaf-f908afa77c91@group-4C838A462C10-StateMachineUpdater] INFO  ratis.ContainerStateMachine (ContainerStateMachine.java:takeSnapshot(315)) - group-4C838A462C10: Finished taking a snapshot at:(t:2, i:53) file:/home/runner/work/ozone/ozone/hadoop-ozone/integration-test/target/test-dir/MiniOzoneClusterImpl-5354faea-c150-4163-8100-b2f9ddc2915f/datanode-0/data/ratis/5f17a4d3-824c-4efb-a137-4c838a462c10/sm/snapshot.2_53 took: 6 ms
2022-08-02 00:59:35,893 [d5e157d4-c297-43f4-abaf-f908afa77c91@group-4C838A462C10-StateMachineUpdater] INFO  impl.StateMachineUpdater (StateMachineUpdater.java:takeSnapshot(287)) - d5e157d4-c297-43f4-abaf-f908afa77c91@group-4C838A462C10-StateMachineUpdater: Took a snapshot at index 53
2022-08-02 00:59:35,893 [d5e157d4-c297-43f4-abaf-f908afa77c91@group-4C838A462C10-StateMachineUpdater] INFO  impl.StateMachineUpdater (StateMachineUpdater.java:lambda$new$0(92)) - d5e157d4-c297-43f4-abaf-f908afa77c91@group-4C838A462C10-StateMachineUpdater: snapshotIndex: updateIncreasingly -1 -> 53
2022-08-02 00:59:35,897 [Command processor thread] INFO  server.RaftServer$Division (ServerState.java:close(429)) - d5e157d4-c297-43f4-abaf-f908afa77c91@group-4C838A462C10: closes. applyIndex: 53
2022-08-02 00:59:35,898 [d5e157d4-c297-43f4-abaf-f908afa77c91@group-4C838A462C10-SegmentedRaftLogWorker] INFO  segmented.SegmentedRaftLogWorker (SegmentedRaftLogWorker.java:run(336)) - d5e157d4-c297-43f4-abaf-f908afa77c91@group-4C838A462C10-SegmentedRaftLogWorker was interrupted, exiting. There are 0 tasks remaining in the queue.
2022-08-02 00:59:35,898 [Command processor thread] INFO  segmented.SegmentedRaftLogWorker (SegmentedRaftLogWorker.java:close(246)) - d5e157d4-c297-43f4-abaf-f908afa77c91@group-4C838A462C10-SegmentedRaftLogWorker close()
2022-08-02 00:59:35,949 [Command processor thread] INFO  keyvalue.KeyValueContainer (KeyValueContainer.java:flushAndSyncDB(431)) - Container 1 is synced with bcsId 51.
2022-08-02 00:59:35,950 [Command processor thread] INFO  keyvalue.KeyValueContainer (KeyValueContainer.java:flushAndSyncDB(431)) - Container 1 is synced with bcsId 51.
2022-08-02 00:59:35,962 [FixedThreadPoolWithAffinityExecutor-9-0] INFO  container.IncrementalContainerReportHandler (AbstractContainerReportHandler.java:updateContainerState(285)) - Moving container #1 to QUASI_CLOSED state, datanode d5e157d4-c297-43f4-abaf-f908afa77c91{ip: 10.1.0.31, host: fv-az164-385.acqy4frhnxdelaro313li45hge.dx.internal.cloudapp.net, ports: [REPLICATION=42177, RATIS=38773, RATIS_ADMIN=38773, RATIS_SERVER=38773, STANDALONE=42107], networkLocation: /default-rack, certSerialId: null, persistedOpState: IN_SERVICE, persistedOpStateExpiryEpochSec: 0} reported QUASI_CLOSED replica.
2022-08-02 00:59:36,008 [Command processor thread] INFO  keyvalue.KeyValueContainer (KeyValueContainer.java:flushAndSyncDB(431)) - Container 2 is synced with bcsId 45.
2022-08-02 00:59:36,008 [Command processor thread] INFO  keyvalue.KeyValueContainer (KeyValueContainer.java:flushAndSyncDB(431)) - Container 2 is synced with bcsId 45.
2022-08-02 00:59:36,018 [FixedThreadPoolWithAffinityExecutor-8-0] INFO  container.IncrementalContainerReportHandler (AbstractContainerReportHandler.java:updateContainerState(285)) - Moving container #2 to QUASI_CLOSED state, datanode d5e157d4-c297-43f4-abaf-f908afa77c91{ip: 10.1.0.31, host: fv-az164-385.acqy4frhnxdelaro313li45hge.dx.internal.cloudapp.net, ports: [REPLICATION=42177, RATIS=38773, RATIS_ADMIN=38773, RATIS_SERVER=38773, STANDALONE=42107], networkLocation: /default-rack, certSerialId: null, persistedOpState: IN_SERVICE, persistedOpStateExpiryEpochSec: 0} reported QUASI_CLOSED replica.
2022-08-02 00:59:36,043 [Command processor thread] INFO  keyvalue.KeyValueContainer (KeyValueContainer.java:flushAndSyncDB(431)) - Container 3 is synced with bcsId 48.
2022-08-02 00:59:36,043 [Command processor thread] INFO  keyvalue.KeyValueContainer (KeyValueContainer.java:flushAndSyncDB(431)) - Container 3 is synced with bcsId 48.
2022-08-02 00:59:36,051 [FixedThreadPoolWithAffinityExecutor-1-0] INFO  container.IncrementalContainerReportHandler (AbstractContainerReportHandler.java:updateContainerState(285)) - Moving container #3 to QUASI_CLOSED state, datanode d5e157d4-c297-43f4-abaf-f908afa77c91{ip: 10.1.0.31, host: fv-az164-385.acqy4frhnxdelaro313li45hge.dx.internal.cloudapp.net, ports: [REPLICATION=42177, RATIS=38773, RATIS_ADMIN=38773, RATIS_SERVER=38773, STANDALONE=42107], networkLocation: /default-rack, certSerialId: null, persistedOpState: IN_SERVICE, persistedOpStateExpiryEpochSec: 0} reported QUASI_CLOSED replica.
2022-08-02 00:59:36,053 [Command processor thread] INFO  server.RaftServer$Division (RaftServerImpl.java:groupRemove(404)) - d5e157d4-c297-43f4-abaf-f908afa77c91@group-4C838A462C10: Succeed to remove RaftStorageDirectory Storage Directory /home/runner/work/ozone/ozone/hadoop-ozone/integration-test/target/test-dir/MiniOzoneClusterImpl-5354faea-c150-4163-8100-b2f9ddc2915f/datanode-0/data/ratis/5f17a4d3-824c-4efb-a137-4c838a462c10
2022-08-02 00:59:36,053 [Command processor thread] INFO  commandhandler.ClosePipelineCommandHandler (ClosePipelineCommandHandler.java:handle(78)) - Close Pipeline PipelineID=5f17a4d3-824c-4efb-a137-4c838a462c10 command on datanode d5e157d4-c297-43f4-abaf-f908afa77c91.
2022-08-02 00:59:36,097 [ReplicationMonitor] INFO  replication.LegacyReplicationManager (LegacyReplicationManager.java:handleUnderReplicatedContainer(1195)) - Container #1 is under replicated. Expected replica count is 3, but found 1.
2022-08-02 00:59:36,098 [ReplicationMonitor] INFO  replication.LegacyReplicationManager (LegacyReplicationManager.java:sendReplicateCommand(1559)) - Sending replicate container command for container #1 to datanode 745fb3ed-7598-48f6-8d50-527171c84407{ip: 10.1.0.31, host: fv-az164-385.acqy4frhnxdelaro313li45hge.dx.internal.cloudapp.net, ports: [REPLICATION=38827, RATIS=37527, RATIS_ADMIN=37527, RATIS_SERVER=37527, STANDALONE=44121], networkLocation: /default-rack, certSerialId: null, persistedOpState: IN_SERVICE, persistedOpStateExpiryEpochSec: 0} from datanodes [d5e157d4-c297-43f4-abaf-f908afa77c91{ip: 10.1.0.31, host: fv-az164-385.acqy4frhnxdelaro313li45hge.dx.internal.cloudapp.net, ports: [REPLICATION=42177, RATIS=38773, RATIS_ADMIN=38773, RATIS_SERVER=38773, STANDALONE=42107], networkLocation: /default-rack, certSerialId: null, persistedOpState: IN_SERVICE, persistedOpStateExpiryEpochSec: 0}]
2022-08-02 00:59:36,099 [ReplicationMonitor] INFO  replication.LegacyReplicationManager (LegacyReplicationManager.java:sendReplicateCommand(1559)) - Sending replicate container command for container #1 to datanode 3670ff39-8d21-4c07-ba78-00a70db193ce{ip: 10.1.0.31, host: fv-az164-385.acqy4frhnxdelaro313li45hge.dx.internal.cloudapp.net, ports: [REPLICATION=36545, RATIS=43053, RATIS_ADMIN=43053, RATIS_SERVER=43053, STANDALONE=46445], networkLocation: /default-rack, certSerialId: null, persistedOpState: IN_SERVICE, persistedOpStateExpiryEpochSec: 0} from datanodes [d5e157d4-c297-43f4-abaf-f908afa77c91{ip: 10.1.0.31, host: fv-az164-385.acqy4frhnxdelaro313li45hge.dx.internal.cloudapp.net, ports: [REPLICATION=42177, RATIS=38773, RATIS_ADMIN=38773, RATIS_SERVER=38773, STANDALONE=42107], networkLocation: /default-rack, certSerialId: null, persistedOpState: IN_SERVICE, persistedOpStateExpiryEpochSec: 0}]
2022-08-02 00:59:36,100 [ReplicationMonitor] INFO  replication.LegacyReplicationManager (LegacyReplicationManager.java:handleUnderReplicatedContainer(1195)) - Container #2 is under replicated. Expected replica count is 3, but found 1.
2022-08-02 00:59:36,100 [ReplicationMonitor] INFO  replication.LegacyReplicationManager (LegacyReplicationManager.java:sendReplicateCommand(1559)) - Sending replicate container command for container #2 to datanode 745fb3ed-7598-48f6-8d50-527171c84407{ip: 10.1.0.31, host: fv-az164-385.acqy4frhnxdelaro313li45hge.dx.internal.cloudapp.net, ports: [REPLICATION=38827, RATIS=37527, RATIS_ADMIN=37527, RATIS_SERVER=37527, STANDALONE=44121], networkLocation: /default-rack, certSerialId: null, persistedOpState: IN_SERVICE, persistedOpStateExpiryEpochSec: 0} from datanodes [d5e157d4-c297-43f4-abaf-f908afa77c91{ip: 10.1.0.31, host: fv-az164-385.acqy4frhnxdelaro313li45hge.dx.internal.cloudapp.net, ports: [REPLICATION=42177, RATIS=38773, RATIS_ADMIN=38773, RATIS_SERVER=38773, STANDALONE=42107], networkLocation: /default-rack, certSerialId: null, persistedOpState: IN_SERVICE, persistedOpStateExpiryEpochSec: 0}]
2022-08-02 00:59:36,100 [ReplicationMonitor] INFO  replication.LegacyReplicationManager (LegacyReplicationManager.java:sendReplicateCommand(1559)) - Sending replicate container command for container #2 to datanode 3670ff39-8d21-4c07-ba78-00a70db193ce{ip: 10.1.0.31, host: fv-az164-385.acqy4frhnxdelaro313li45hge.dx.internal.cloudapp.net, ports: [REPLICATION=36545, RATIS=43053, RATIS_ADMIN=43053, RATIS_SERVER=43053, STANDALONE=46445], networkLocation: /default-rack, certSerialId: null, persistedOpState: IN_SERVICE, persistedOpStateExpiryEpochSec: 0} from datanodes [d5e157d4-c297-43f4-abaf-f908afa77c91{ip: 10.1.0.31, host: fv-az164-385.acqy4frhnxdelaro313li45hge.dx.internal.cloudapp.net, ports: [REPLICATION=42177, RATIS=38773, RATIS_ADMIN=38773, RATIS_SERVER=38773, STANDALONE=42107], networkLocation: /default-rack, certSerialId: null, persistedOpState: IN_SERVICE, persistedOpStateExpiryEpochSec: 0}]
2022-08-02 00:59:36,100 [ReplicationMonitor] INFO  replication.LegacyReplicationManager (LegacyReplicationManager.java:handleUnderReplicatedContainer(1195)) - Container #3 is under replicated. Expected replica count is 3, but found 1.
2022-08-02 00:59:36,100 [ReplicationMonitor] INFO  replication.LegacyReplicationManager (LegacyReplicationManager.java:sendReplicateCommand(1559)) - Sending replicate container command for container #3 to datanode 745fb3ed-7598-48f6-8d50-527171c84407{ip: 10.1.0.31, host: fv-az164-385.acqy4frhnxdelaro313li45hge.dx.internal.cloudapp.net, ports: [REPLICATION=38827, RATIS=37527, RATIS_ADMIN=37527, RATIS_SERVER=37527, STANDALONE=44121], networkLocation: /default-rack, certSerialId: null, persistedOpState: IN_SERVICE, persistedOpStateExpiryEpochSec: 0} from datanodes [d5e157d4-c297-43f4-abaf-f908afa77c91{ip: 10.1.0.31, host: fv-az164-385.acqy4frhnxdelaro313li45hge.dx.internal.cloudapp.net, ports: [REPLICATION=42177, RATIS=38773, RATIS_ADMIN=38773, RATIS_SERVER=38773, STANDALONE=42107], networkLocation: /default-rack, certSerialId: null, persistedOpState: IN_SERVICE, persistedOpStateExpiryEpochSec: 0}]
2022-08-02 00:59:36,100 [ReplicationMonitor] INFO  replication.LegacyReplicationManager (LegacyReplicationManager.java:sendReplicateCommand(1559)) - Sending replicate container command for container #3 to datanode 3670ff39-8d21-4c07-ba78-00a70db193ce{ip: 10.1.0.31, host: fv-az164-385.acqy4frhnxdelaro313li45hge.dx.internal.cloudapp.net, ports: [REPLICATION=36545, RATIS=43053, RATIS_ADMIN=43053, RATIS_SERVER=43053, STANDALONE=46445], networkLocation: /default-rack, certSerialId: null, persistedOpState: IN_SERVICE, persistedOpStateExpiryEpochSec: 0} from datanodes [d5e157d4-c297-43f4-abaf-f908afa77c91{ip: 10.1.0.31, host: fv-az164-385.acqy4frhnxdelaro313li45hge.dx.internal.cloudapp.net, ports: [REPLICATION=42177, RATIS=38773, RATIS_ADMIN=38773, RATIS_SERVER=38773, STANDALONE=42107], networkLocation: /default-rack, certSerialId: null, persistedOpState: IN_SERVICE, persistedOpStateExpiryEpochSec: 0}]
2022-08-02 00:59:36,100 [ReplicationMonitor] INFO  replication.ReplicationManager (ReplicationManager.java:processAll(287)) - Replication Monitor Thread took 19 milliseconds for processing 3 containers.
2022-08-02 00:59:37,102 [ReplicationMonitor] INFO  replication.ReplicationManager (ReplicationManager.java:processAll(287)) - Replication Monitor Thread took 2 milliseconds for processing 3 containers.
2022-08-02 00:59:37,382 [ContainerReplicationThread-1] INFO  replication.DownloadAndImportReplicator (DownloadAndImportReplicator.java:replicate(105)) - Starting replication of container 2 from [d5e157d4-c297-43f4-abaf-f908afa77c91{ip: 10.1.0.31, host: fv-az164-385.acqy4frhnxdelaro313li45hge.dx.internal.cloudapp.net, ports: [REPLICATION=42177, RATIS=38773, RATIS_ADMIN=38773, RATIS_SERVER=38773, STANDALONE=42107], networkLocation: /default-rack, certSerialId: null, persistedOpState: IN_SERVICE, persistedOpStateExpiryEpochSec: 0}]
2022-08-02 00:59:37,382 [ContainerReplicationThread-0] INFO  replication.DownloadAndImportReplicator (DownloadAndImportReplicator.java:replicate(105)) - Starting replication of container 1 from [d5e157d4-c297-43f4-abaf-f908afa77c91{ip: 10.1.0.31, host: fv-az164-385.acqy4frhnxdelaro313li45hge.dx.internal.cloudapp.net, ports: [REPLICATION=42177, RATIS=38773, RATIS_ADMIN=38773, RATIS_SERVER=38773, STANDALONE=42107], networkLocation: /default-rack, certSerialId: null, persistedOpState: IN_SERVICE, persistedOpStateExpiryEpochSec: 0}]
2022-08-02 00:59:37,396 [ContainerReplicationThread-2] INFO  replication.DownloadAndImportReplicator (DownloadAndImportReplicator.java:replicate(105)) - Starting replication of container 3 from [d5e157d4-c297-43f4-abaf-f908afa77c91{ip: 10.1.0.31, host: fv-az164-385.acqy4frhnxdelaro313li45hge.dx.internal.cloudapp.net, ports: [REPLICATION=42177, RATIS=38773, RATIS_ADMIN=38773, RATIS_SERVER=38773, STANDALONE=42107], networkLocation: /default-rack, certSerialId: null, persistedOpState: IN_SERVICE, persistedOpStateExpiryEpochSec: 0}]
2022-08-02 00:59:37,429 [grpc-default-executor-2] INFO  replication.GrpcReplicationService (GrpcReplicationService.java:download(52)) - Streaming container data (2) to other datanode
2022-08-02 00:59:37,438 [grpc-default-executor-4] INFO  replication.GrpcReplicationService (GrpcReplicationService.java:download(52)) - Streaming container data (3) to other datanode
2022-08-02 00:59:37,443 [grpc-default-executor-0] INFO  replication.GrpcReplicationService (GrpcReplicationService.java:download(52)) - Streaming container data (1) to other datanode
2022-08-02 00:59:37,642 [grpc-default-executor-4] INFO  replication.GrpcOutputStream (GrpcOutputStream.java:close(104)) - Sent 1068813 bytes for container 3
2022-08-02 00:59:37,644 [grpc-default-executor-3] INFO  replication.GrpcReplicationClient (GrpcReplicationClient.java:onCompleted(197)) - Container 3 is downloaded to /home/runner/work/ozone/ozone/hadoop-ozone/integration-test/target/test-dir/MiniOzoneClusterImpl-5354faea-c150-4163-8100-b2f9ddc2915f/datanode-4/data/replication/work/container-3.tar.gz
2022-08-02 00:59:37,645 [ContainerReplicationThread-2] INFO  replication.DownloadAndImportReplicator (DownloadAndImportReplicator.java:replicate(117)) - Container 3 is downloaded with size 1068813, starting to import.
2022-08-02 00:59:37,849 [ContainerReplicationThread-2] INFO  replication.DownloadAndImportReplicator (DownloadAndImportReplicator.java:replicate(122)) - Container 3 is replicated successfully
2022-08-02 00:59:37,849 [ContainerReplicationThread-2] INFO  replication.ReplicationSupervisor (ReplicationSupervisor.java:run(176)) - Container 3 is replicated.
2022-08-02 00:59:37,931 [ContainerReplicationThread-0] INFO  replication.DownloadAndImportReplicator (DownloadAndImportReplicator.java:replicate(105)) - Starting replication of container 1 from [d5e157d4-c297-43f4-abaf-f908afa77c91{ip: 10.1.0.31, host: fv-az164-385.acqy4frhnxdelaro313li45hge.dx.internal.cloudapp.net, ports: [REPLICATION=42177, RATIS=38773, RATIS_ADMIN=38773, RATIS_SERVER=38773, STANDALONE=42107], networkLocation: /default-rack, certSerialId: null, persistedOpState: IN_SERVICE, persistedOpStateExpiryEpochSec: 0}]
2022-08-02 00:59:37,945 [ContainerReplicationThread-1] INFO  replication.DownloadAndImportReplicator (DownloadAndImportReplicator.java:replicate(105)) - Starting replication of container 2 from [d5e157d4-c297-43f4-abaf-f908afa77c91{ip: 10.1.0.31, host: fv-az164-385.acqy4frhnxdelaro313li45hge.dx.internal.cloudapp.net, ports: [REPLICATION=42177, RATIS=38773, RATIS_ADMIN=38773, RATIS_SERVER=38773, STANDALONE=42107], networkLocation: /default-rack, certSerialId: null, persistedOpState: IN_SERVICE, persistedOpStateExpiryEpochSec: 0}]
2022-08-02 00:59:37,977 [grpc-default-executor-1] INFO  replication.GrpcReplicationService (GrpcReplicationService.java:download(52)) - Streaming container data (1) to other datanode
2022-08-02 00:59:37,981 [ContainerReplicationThread-2] INFO  replication.DownloadAndImportReplicator (DownloadAndImportReplicator.java:replicate(105)) - Starting replication of container 3 from [d5e157d4-c297-43f4-abaf-f908afa77c91{ip: 10.1.0.31, host: fv-az164-385.acqy4frhnxdelaro313li45hge.dx.internal.cloudapp.net, ports: [REPLICATION=42177, RATIS=38773, RATIS_ADMIN=38773, RATIS_SERVER=38773, STANDALONE=42107], networkLocation: /default-rack, certSerialId: null, persistedOpState: IN_SERVICE, persistedOpStateExpiryEpochSec: 0}]
2022-08-02 00:59:37,983 [grpc-default-executor-4] INFO  replication.GrpcReplicationService (GrpcReplicationService.java:download(52)) - Streaming container data (2) to other datanode
2022-08-02 00:59:38,031 [grpc-default-executor-5] INFO  replication.GrpcReplicationService (GrpcReplicationService.java:download(52)) - Streaming container data (3) to other datanode
2022-08-02 00:59:38,103 [ReplicationMonitor] INFO  replication.ReplicationManager (ReplicationManager.java:processAll(287)) - Replication Monitor Thread took 0 milliseconds for processing 3 containers.
2022-08-02 00:59:38,259 [grpc-default-executor-5] INFO  replication.GrpcOutputStream (GrpcOutputStream.java:close(104)) - Sent 1076599 bytes for container 3
2022-08-02 00:59:38,261 [grpc-default-executor-3] INFO  replication.GrpcReplicationClient (GrpcReplicationClient.java:onCompleted(197)) - Container 3 is downloaded to /home/runner/work/ozone/ozone/hadoop-ozone/integration-test/target/test-dir/MiniOzoneClusterImpl-5354faea-c150-4163-8100-b2f9ddc2915f/datanode-3/data/replication/work/container-3.tar.gz
2022-08-02 00:59:38,262 [ContainerReplicationThread-2] INFO  replication.DownloadAndImportReplicator (DownloadAndImportReplicator.java:replicate(117)) - Container 3 is downloaded with size 1076599, starting to import.
2022-08-02 00:59:38,353 [grpc-default-executor-2] INFO  replication.GrpcOutputStream (GrpcOutputStream.java:close(104)) - Sent 8411639 bytes for container 2
2022-08-02 00:59:38,355 [ContainerReplicationThread-2] INFO  replication.DownloadAndImportReplicator (DownloadAndImportReplicator.java:replicate(122)) - Container 3 is replicated successfully
2022-08-02 00:59:38,361 [grpc-default-executor-5] INFO  replication.GrpcReplicationClient (GrpcReplicationClient.java:onCompleted(197)) - Container 2 is downloaded to /home/runner/work/ozone/ozone/hadoop-ozone/integration-test/target/test-dir/MiniOzoneClusterImpl-5354faea-c150-4163-8100-b2f9ddc2915f/datanode-4/data/replication/work/container-2.tar.gz
2022-08-02 00:59:38,362 [ContainerReplicationThread-2] INFO  replication.ReplicationSupervisor (ReplicationSupervisor.java:run(176)) - Container 3 is replicated.
2022-08-02 00:59:38,374 [ContainerReplicationThread-1] INFO  replication.DownloadAndImportReplicator (DownloadAndImportReplicator.java:replicate(117)) - Container 2 is downloaded with size 8411639, starting to import.
2022-08-02 00:59:38,459 [grpc-default-executor-0] INFO  replication.GrpcOutputStream (GrpcOutputStream.java:close(104)) - Sent 9462455 bytes for container 1
2022-08-02 00:59:38,461 [grpc-default-executor-5] INFO  replication.GrpcReplicationClient (GrpcReplicationClient.java:onCompleted(197)) - Container 1 is downloaded to /home/runner/work/ozone/ozone/hadoop-ozone/integration-test/target/test-dir/MiniOzoneClusterImpl-5354faea-c150-4163-8100-b2f9ddc2915f/datanode-4/data/replication/work/container-1.tar.gz
2022-08-02 00:59:38,463 [ContainerReplicationThread-0] INFO  replication.DownloadAndImportReplicator (DownloadAndImportReplicator.java:replicate(117)) - Container 1 is downloaded with size 9462455, starting to import.
2022-08-02 00:59:38,560 [ContainerReplicationThread-1] INFO  replication.DownloadAndImportReplicator (DownloadAndImportReplicator.java:replicate(122)) - Container 2 is replicated successfully
2022-08-02 00:59:38,560 [ContainerReplicationThread-1] INFO  replication.ReplicationSupervisor (ReplicationSupervisor.java:run(176)) - Container 2 is replicated.
2022-08-02 00:59:38,587 [ContainerReplicationThread-0] INFO  replication.DownloadAndImportReplicator (DownloadAndImportReplicator.java:replicate(122)) - Container 1 is replicated successfully
2022-08-02 00:59:38,587 [ContainerReplicationThread-0] INFO  replication.ReplicationSupervisor (ReplicationSupervisor.java:run(176)) - Container 1 is replicated.
2022-08-02 00:59:38,600 [Listener at 127.0.0.1/34881] INFO  statemachine.DatanodeStateMachine (DatanodeStateMachine.java:stopDaemon(580)) - Ozone container server stopped.
2022-08-02 00:59:38,607 [Listener at 127.0.0.1/34881] INFO  handler.ContextHandler (ContextHandler.java:doStop(1153)) - Stopped o.e.j.w.WebAppContext@775f6e1e{hddsDatanode,/,null,STOPPED}{jar:file:/home/runner/.m2/repository/org/apache/ozone/hdds-container-service/1.3.0-SNAPSHOT/hdds-container-service-1.3.0-SNAPSHOT.jar!/webapps/hddsDatanode}
2022-08-02 00:59:38,614 [ForkJoinPool.commonPool-worker-1] INFO  statemachine.DatanodeStateMachine (DatanodeStateMachine.java:stopDaemon(580)) - Ozone container server stopped.
2022-08-02 00:59:38,617 [Listener at 127.0.0.1/34881] INFO  server.AbstractConnector (AbstractConnector.java:doStop(381)) - Stopped ServerConnector@9c3b272{HTTP/1.1, (http/1.1)}{0.0.0.0:0}
2022-08-02 00:59:38,617 [Listener at 127.0.0.1/34881] INFO  server.session (HouseKeeper.java:stopScavenging(149)) - node0 Stopped scavenging
2022-08-02 00:59:38,617 [Listener at 127.0.0.1/34881] INFO  handler.ContextHandler (ContextHandler.java:doStop(1153)) - Stopped o.e.j.s.ServletContextHandler@38ba8d97{static,/static,jar:file:/home/runner/.m2/repository/org/apache/ozone/hdds-container-service/1.3.0-SNAPSHOT/hdds-container-service-1.3.0-SNAPSHOT.jar!/webapps/static,STOPPED}
2022-08-02 00:59:38,617 [Listener at 127.0.0.1/34881] INFO  handler.ContextHandler (ContextHandler.java:doStop(1153)) - Stopped o.e.j.s.ServletContextHandler@20277c88{logs,/logs,file:///home/runner/work/ozone/ozone/hadoop-ozone/integration-test/target/log,STOPPED}
2022-08-02 00:59:38,637 [ForkJoinPool.commonPool-worker-1] INFO  handler.ContextHandler (ContextHandler.java:doStop(1153)) - Stopped o.e.j.w.WebAppContext@ae2081{hddsDatanode,/,null,STOPPED}{jar:file:/home/runner/.m2/repository/org/apache/ozone/hdds-container-service/1.3.0-SNAPSHOT/hdds-container-service-1.3.0-SNAPSHOT.jar!/webapps/hddsDatanode}
2022-08-02 00:59:38,641 [ForkJoinPool.commonPool-worker-1] INFO  server.AbstractConnector (AbstractConnector.java:doStop(381)) - Stopped ServerConnector@5776d0bc{HTTP/1.1, (http/1.1)}{0.0.0.0:0}
2022-08-02 00:59:38,641 [ForkJoinPool.commonPool-worker-1] INFO  server.session (HouseKeeper.java:stopScavenging(149)) - node0 Stopped scavenging
2022-08-02 00:59:38,649 [ForkJoinPool.commonPool-worker-1] INFO  handler.ContextHandler (ContextHandler.java:doStop(1153)) - Stopped o.e.j.s.ServletContextHandler@3efecb4f{static,/static,jar:file:/home/runner/.m2/repository/org/apache/ozone/hdds-container-service/1.3.0-SNAPSHOT/hdds-container-service-1.3.0-SNAPSHOT.jar!/webapps/static,STOPPED}
2022-08-02 00:59:38,649 [ForkJoinPool.commonPool-worker-1] INFO  handler.ContextHandler (ContextHandler.java:doStop(1153)) - Stopped o.e.j.s.ServletContextHandler@5d02740b{logs,/logs,file:///home/runner/work/ozone/ozone/hadoop-ozone/integration-test/target/log,STOPPED}
2022-08-02 00:59:39,104 [ReplicationMonitor] INFO  replication.ReplicationManager (ReplicationManager.java:processAll(287)) - Replication Monitor Thread took 1 milliseconds for processing 3 containers.
2022-08-02 00:59:39,182 [grpc-default-executor-4] INFO  replication.GrpcOutputStream (GrpcOutputStream.java:close(104)) - Sent 8417064 bytes for container 2
2022-08-02 00:59:39,183 [grpc-default-executor-0] INFO  replication.GrpcReplicationClient (GrpcReplicationClient.java:onCompleted(197)) - Container 2 is downloaded to /home/runner/work/ozone/ozone/hadoop-ozone/integration-test/target/test-dir/MiniOzoneClusterImpl-5354faea-c150-4163-8100-b2f9ddc2915f/datanode-3/data/replication/work/container-2.tar.gz
2022-08-02 00:59:39,184 [ContainerReplicationThread-1] INFO  replication.DownloadAndImportReplicator (DownloadAndImportReplicator.java:replicate(117)) - Container 2 is downloaded with size 8417064, starting to import.
2022-08-02 00:59:39,319 [ContainerReplicationThread-1] INFO  replication.DownloadAndImportReplicator (DownloadAndImportReplicator.java:replicate(122)) - Container 2 is replicated successfully
2022-08-02 00:59:39,319 [ContainerReplicationThread-1] INFO  replication.ReplicationSupervisor (ReplicationSupervisor.java:run(176)) - Container 2 is replicated.
2022-08-02 00:59:39,369 [grpc-default-executor-1] INFO  replication.GrpcOutputStream (GrpcOutputStream.java:close(104)) - Sent 9466323 bytes for container 1
2022-08-02 00:59:39,370 [grpc-default-executor-4] INFO  replication.GrpcReplicationClient (GrpcReplicationClient.java:onCompleted(197)) - Container 1 is downloaded to /home/runner/work/ozone/ozone/hadoop-ozone/integration-test/target/test-dir/MiniOzoneClusterImpl-5354faea-c150-4163-8100-b2f9ddc2915f/datanode-3/data/replication/work/container-1.tar.gz
2022-08-02 00:59:39,371 [ContainerReplicationThread-0] INFO  replication.DownloadAndImportReplicator (DownloadAndImportReplicator.java:replicate(117)) - Container 1 is downloaded with size 9466323, starting to import.
2022-08-02 00:59:39,463 [ContainerReplicationThread-0] INFO  replication.DownloadAndImportReplicator (DownloadAndImportReplicator.java:replicate(122)) - Container 1 is replicated successfully
2022-08-02 00:59:39,463 [ContainerReplicationThread-0] INFO  replication.ReplicationSupervisor (ReplicationSupervisor.java:run(176)) - Container 1 is replicated.
2022-08-02 00:59:40,105 [ReplicationMonitor] INFO  replication.ReplicationManager (ReplicationManager.java:processAll(287)) - Replication Monitor Thread took 1 milliseconds for processing 3 containers.
2022-08-02 00:59:41,106 [ReplicationMonitor] INFO  replication.ReplicationManager (ReplicationManager.java:processAll(287)) - Replication Monitor Thread took 0 milliseconds for processing 3 containers.
2022-08-02 00:59:41,145 [EventQueue-StaleNodeForStaleNodeHandler] INFO  node.StaleNodeHandler (StaleNodeHandler.java:onMessage(59)) - Datanode d5e157d4-c297-43f4-abaf-f908afa77c91{ip: 10.1.0.31, host: fv-az164-385.acqy4frhnxdelaro313li45hge.dx.internal.cloudapp.net, ports: [REPLICATION=42177, RATIS=38773, RATIS_ADMIN=38773, RATIS_SERVER=38773, STANDALONE=42107], networkLocation: /default-rack, certSerialId: null, persistedOpState: IN_SERVICE, persistedOpStateExpiryEpochSec: 0} moved to stale state. Finalizing its pipelines [PipelineID=9aaebdd1-80d8-4ffc-a836-a0b66a08dbfe]
2022-08-02 00:59:41,146 [EventQueue-StaleNodeForStaleNodeHandler] INFO  pipeline.PipelineManagerImpl (PipelineManagerImpl.java:closePipeline(442)) - Pipeline Pipeline[ Id: 9aaebdd1-80d8-4ffc-a836-a0b66a08dbfe, Nodes: d5e157d4-c297-43f4-abaf-f908afa77c91{ip: 10.1.0.31, host: fv-az164-385.acqy4frhnxdelaro313li45hge.dx.internal.cloudapp.net, ports: [REPLICATION=42177, RATIS=38773, RATIS_ADMIN=38773, RATIS_SERVER=38773, STANDALONE=42107], networkLocation: /default-rack, certSerialId: null, persistedOpState: IN_SERVICE, persistedOpStateExpiryEpochSec: 0}, ReplicationConfig: RATIS/ONE, State:OPEN, leaderId:d5e157d4-c297-43f4-abaf-f908afa77c91, CreationTimestamp2022-08-02T00:59:11.737Z[Etc/UTC]] moved to CLOSED state
2022-08-02 00:59:41,646 [EventQueue-StaleNodeForStaleNodeHandler] INFO  node.StaleNodeHandler (StaleNodeHandler.java:onMessage(59)) - Datanode 3670ff39-8d21-4c07-ba78-00a70db193ce{ip: 10.1.0.31, host: fv-az164-385.acqy4frhnxdelaro313li45hge.dx.internal.cloudapp.net, ports: [REPLICATION=36545, RATIS=43053, RATIS_ADMIN=43053, RATIS_SERVER=43053, STANDALONE=46445], networkLocation: /default-rack, certSerialId: null, persistedOpState: IN_SERVICE, persistedOpStateExpiryEpochSec: 0} moved to stale state. Finalizing its pipelines [PipelineID=84f653f0-279c-4abe-a065-021f2273358a]
2022-08-02 00:59:41,647 [EventQueue-StaleNodeForStaleNodeHandler] INFO  pipeline.PipelineManagerImpl (PipelineManagerImpl.java:closePipeline(442)) - Pipeline Pipeline[ Id: 84f653f0-279c-4abe-a065-021f2273358a, Nodes: 3670ff39-8d21-4c07-ba78-00a70db193ce{ip: 10.1.0.31, host: fv-az164-385.acqy4frhnxdelaro313li45hge.dx.internal.cloudapp.net, ports: [REPLICATION=36545, RATIS=43053, RATIS_ADMIN=43053, RATIS_SERVER=43053, STANDALONE=46445], networkLocation: /default-rack, certSerialId: null, persistedOpState: IN_SERVICE, persistedOpStateExpiryEpochSec: 0}, ReplicationConfig: RATIS/ONE, State:OPEN, leaderId:3670ff39-8d21-4c07-ba78-00a70db193ce, CreationTimestamp2022-08-02T00:59:13.155Z[Etc/UTC]] moved to CLOSED state
2022-08-02 00:59:42,106 [ReplicationMonitor] INFO  replication.ReplicationManager (ReplicationManager.java:processAll(287)) - Replication Monitor Thread took 1 milliseconds for processing 3 containers.
2022-08-02 00:59:43,108 [ReplicationMonitor] INFO  replication.ReplicationManager (ReplicationManager.java:processAll(287)) - Replication Monitor Thread took 1 milliseconds for processing 3 containers.
2022-08-02 00:59:43,630 [Listener at 127.0.0.1/34881] INFO  ozoneimpl.OzoneContainer (OzoneContainer.java:stop(399)) - Attempting to stop container services.
2022-08-02 00:59:43,631 [Listener at 127.0.0.1/34881] INFO  server.RaftServer (RaftServerProxy.java:lambda$close$7(398)) - 3670ff39-8d21-4c07-ba78-00a70db193ce: close
2022-08-02 00:59:43,631 [Listener at 127.0.0.1/34881] INFO  server.RaftServer$Division (RaftServerImpl.java:lambda$close$4(434)) - 3670ff39-8d21-4c07-ba78-00a70db193ce@group-021F2273358A: shutdown
2022-08-02 00:59:43,632 [Listener at 127.0.0.1/34881] INFO  util.JmxRegister (JmxRegister.java:unregister(73)) - Successfully un-registered JMX Bean with object name Ratis:service=RaftServer,group=group-021F2273358A,id=3670ff39-8d21-4c07-ba78-00a70db193ce
2022-08-02 00:59:43,632 [Listener at 127.0.0.1/34881] INFO  impl.RoleInfo (RoleInfo.java:shutdownLeaderState(93)) - 3670ff39-8d21-4c07-ba78-00a70db193ce: shutdown 3670ff39-8d21-4c07-ba78-00a70db193ce@group-021F2273358A-LeaderStateImpl
2022-08-02 00:59:43,632 [Listener at 127.0.0.1/34881] INFO  impl.PendingRequests (PendingRequests.java:sendNotLeaderResponses(282)) - 3670ff39-8d21-4c07-ba78-00a70db193ce@group-021F2273358A-PendingRequests: sendNotLeaderResponses
2022-08-02 00:59:43,632 [Listener at 127.0.0.1/34881] INFO  impl.StateMachineUpdater (StateMachineUpdater.java:stopAndJoin(153)) - 3670ff39-8d21-4c07-ba78-00a70db193ce@group-021F2273358A-StateMachineUpdater: set stopIndex = 0
2022-08-02 00:59:43,633 [3670ff39-8d21-4c07-ba78-00a70db193ce@group-021F2273358A-StateMachineUpdater] INFO  ratis.ContainerStateMachine (ContainerStateMachine.java:takeSnapshot(304)) - group-021F2273358A: Taking a snapshot at:(t:1, i:0) file /home/runner/work/ozone/ozone/hadoop-ozone/integration-test/target/test-dir/MiniOzoneClusterImpl-5354faea-c150-4163-8100-b2f9ddc2915f/datanode-4/data/ratis/84f653f0-279c-4abe-a065-021f2273358a/sm/snapshot.1_0
2022-08-02 00:59:43,635 [3670ff39-8d21-4c07-ba78-00a70db193ce@group-021F2273358A-StateMachineUpdater] INFO  ratis.ContainerStateMachine (ContainerStateMachine.java:takeSnapshot(315)) - group-021F2273358A: Finished taking a snapshot at:(t:1, i:0) file:/home/runner/work/ozone/ozone/hadoop-ozone/integration-test/target/test-dir/MiniOzoneClusterImpl-5354faea-c150-4163-8100-b2f9ddc2915f/datanode-4/data/ratis/84f653f0-279c-4abe-a065-021f2273358a/sm/snapshot.1_0 took: 2 ms
2022-08-02 00:59:43,635 [3670ff39-8d21-4c07-ba78-00a70db193ce@group-021F2273358A-StateMachineUpdater] INFO  impl.StateMachineUpdater (StateMachineUpdater.java:takeSnapshot(287)) - 3670ff39-8d21-4c07-ba78-00a70db193ce@group-021F2273358A-StateMachineUpdater: Took a snapshot at index 0
2022-08-02 00:59:43,635 [3670ff39-8d21-4c07-ba78-00a70db193ce@group-021F2273358A-StateMachineUpdater] INFO  impl.StateMachineUpdater (StateMachineUpdater.java:lambda$new$0(92)) - 3670ff39-8d21-4c07-ba78-00a70db193ce@group-021F2273358A-StateMachineUpdater: snapshotIndex: updateIncreasingly -1 -> 0
2022-08-02 00:59:43,635 [Listener at 127.0.0.1/34881] INFO  server.RaftServer$Division (ServerState.java:close(429)) - 3670ff39-8d21-4c07-ba78-00a70db193ce@group-021F2273358A: closes. applyIndex: 0
2022-08-02 00:59:43,635 [3670ff39-8d21-4c07-ba78-00a70db193ce@group-021F2273358A-SegmentedRaftLogWorker] INFO  segmented.SegmentedRaftLogWorker (SegmentedRaftLogWorker.java:run(336)) - 3670ff39-8d21-4c07-ba78-00a70db193ce@group-021F2273358A-SegmentedRaftLogWorker was interrupted, exiting. There are 0 tasks remaining in the queue.
2022-08-02 00:59:43,636 [Listener at 127.0.0.1/34881] INFO  segmented.SegmentedRaftLogWorker (SegmentedRaftLogWorker.java:close(246)) - 3670ff39-8d21-4c07-ba78-00a70db193ce@group-021F2273358A-SegmentedRaftLogWorker close()
2022-08-02 00:59:43,636 [Listener at 127.0.0.1/34881] INFO  server.GrpcService (GrpcService.java:closeImpl(269)) - 3670ff39-8d21-4c07-ba78-00a70db193ce: shutdown server with port 43053 now
2022-08-02 00:59:43,637 [Listener at 127.0.0.1/34881] INFO  server.GrpcService (GrpcService.java:closeImpl(278)) - 3670ff39-8d21-4c07-ba78-00a70db193ce: shutdown server with port 43053 successfully
2022-08-02 00:59:43,637 [org.apache.ratis.util.JvmPauseMonitor$$Lambda$631/1000159038@654c8234] INFO  util.JvmPauseMonitor (JvmPauseMonitor.java:run(109)) - JvmPauseMonitor-3670ff39-8d21-4c07-ba78-00a70db193ce: Stopped
2022-08-02 00:59:43,651 [ForkJoinPool.commonPool-worker-1] INFO  ozoneimpl.OzoneContainer (OzoneContainer.java:stop(399)) - Attempting to stop container services.
2022-08-02 00:59:43,651 [ForkJoinPool.commonPool-worker-1] INFO  server.RaftServer (RaftServerProxy.java:lambda$close$7(398)) - d5e157d4-c297-43f4-abaf-f908afa77c91: close
2022-08-02 00:59:43,651 [ForkJoinPool.commonPool-worker-1] INFO  server.RaftServer$Division (RaftServerImpl.java:lambda$close$4(434)) - d5e157d4-c297-43f4-abaf-f908afa77c91@group-A0B66A08DBFE: shutdown
2022-08-02 00:59:43,652 [ForkJoinPool.commonPool-worker-1] INFO  util.JmxRegister (JmxRegister.java:unregister(73)) - Successfully un-registered JMX Bean with object name Ratis:service=RaftServer,group=group-A0B66A08DBFE,id=d5e157d4-c297-43f4-abaf-f908afa77c91
2022-08-02 00:59:43,652 [ForkJoinPool.commonPool-worker-1] INFO  impl.RoleInfo (RoleInfo.java:shutdownLeaderState(93)) - d5e157d4-c297-43f4-abaf-f908afa77c91: shutdown d5e157d4-c297-43f4-abaf-f908afa77c91@group-A0B66A08DBFE-LeaderStateImpl
2022-08-02 00:59:43,652 [ForkJoinPool.commonPool-worker-1] INFO  impl.PendingRequests (PendingRequests.java:sendNotLeaderResponses(282)) - d5e157d4-c297-43f4-abaf-f908afa77c91@group-A0B66A08DBFE-PendingRequests: sendNotLeaderResponses
2022-08-02 00:59:43,652 [ForkJoinPool.commonPool-worker-1] INFO  impl.StateMachineUpdater (StateMachineUpdater.java:stopAndJoin(153)) - d5e157d4-c297-43f4-abaf-f908afa77c91@group-A0B66A08DBFE-StateMachineUpdater: set stopIndex = 0
2022-08-02 00:59:43,652 [d5e157d4-c297-43f4-abaf-f908afa77c91@group-A0B66A08DBFE-StateMachineUpdater] INFO  ratis.ContainerStateMachine (ContainerStateMachine.java:takeSnapshot(304)) - group-A0B66A08DBFE: Taking a snapshot at:(t:1, i:0) file /home/runner/work/ozone/ozone/hadoop-ozone/integration-test/target/test-dir/MiniOzoneClusterImpl-5354faea-c150-4163-8100-b2f9ddc2915f/datanode-0/data/ratis/9aaebdd1-80d8-4ffc-a836-a0b66a08dbfe/sm/snapshot.1_0
2022-08-02 00:59:43,653 [d5e157d4-c297-43f4-abaf-f908afa77c91@group-A0B66A08DBFE-StateMachineUpdater] INFO  ratis.ContainerStateMachine (ContainerStateMachine.java:takeSnapshot(315)) - group-A0B66A08DBFE: Finished taking a snapshot at:(t:1, i:0) file:/home/runner/work/ozone/ozone/hadoop-ozone/integration-test/target/test-dir/MiniOzoneClusterImpl-5354faea-c150-4163-8100-b2f9ddc2915f/datanode-0/data/ratis/9aaebdd1-80d8-4ffc-a836-a0b66a08dbfe/sm/snapshot.1_0 took: 1 ms
2022-08-02 00:59:43,654 [d5e157d4-c297-43f4-abaf-f908afa77c91@group-A0B66A08DBFE-StateMachineUpdater] INFO  impl.StateMachineUpdater (StateMachineUpdater.java:takeSnapshot(287)) - d5e157d4-c297-43f4-abaf-f908afa77c91@group-A0B66A08DBFE-StateMachineUpdater: Took a snapshot at index 0
2022-08-02 00:59:43,654 [d5e157d4-c297-43f4-abaf-f908afa77c91@group-A0B66A08DBFE-StateMachineUpdater] INFO  impl.StateMachineUpdater (StateMachineUpdater.java:lambda$new$0(92)) - d5e157d4-c297-43f4-abaf-f908afa77c91@group-A0B66A08DBFE-StateMachineUpdater: snapshotIndex: updateIncreasingly -1 -> 0
2022-08-02 00:59:43,654 [ForkJoinPool.commonPool-worker-1] INFO  server.RaftServer$Division (ServerState.java:close(429)) - d5e157d4-c297-43f4-abaf-f908afa77c91@group-A0B66A08DBFE: closes. applyIndex: 0
2022-08-02 00:59:43,654 [d5e157d4-c297-43f4-abaf-f908afa77c91@group-A0B66A08DBFE-SegmentedRaftLogWorker] INFO  segmented.SegmentedRaftLogWorker (SegmentedRaftLogWorker.java:run(336)) - d5e157d4-c297-43f4-abaf-f908afa77c91@group-A0B66A08DBFE-SegmentedRaftLogWorker was interrupted, exiting. There are 0 tasks remaining in the queue.
2022-08-02 00:59:43,654 [ForkJoinPool.commonPool-worker-1] INFO  segmented.SegmentedRaftLogWorker (SegmentedRaftLogWorker.java:close(246)) - d5e157d4-c297-43f4-abaf-f908afa77c91@group-A0B66A08DBFE-SegmentedRaftLogWorker close()
2022-08-02 00:59:43,656 [ForkJoinPool.commonPool-worker-1] INFO  server.GrpcService (GrpcService.java:closeImpl(269)) - d5e157d4-c297-43f4-abaf-f908afa77c91: shutdown server with port 38773 now
2022-08-02 00:59:43,661 [ForkJoinPool.commonPool-worker-1] INFO  server.GrpcService (GrpcService.java:closeImpl(278)) - d5e157d4-c297-43f4-abaf-f908afa77c91: shutdown server with port 38773 successfully
2022-08-02 00:59:43,662 [org.apache.ratis.util.JvmPauseMonitor$$Lambda$631/1000159038@1aec1c5a] INFO  util.JvmPauseMonitor (JvmPauseMonitor.java:run(109)) - JvmPauseMonitor-d5e157d4-c297-43f4-abaf-f908afa77c91: Stopped
2022-08-02 00:59:44,109 [ReplicationMonitor] INFO  replication.ReplicationManager (ReplicationManager.java:processAll(287)) - Replication Monitor Thread took 0 milliseconds for processing 3 containers.
2022-08-02 00:59:44,149 [EventQueue-DeadNodeForDeadNodeHandler] INFO  node.DeadNodeHandler (DeadNodeHandler.java:onMessage(81)) - A dead datanode is detected. d5e157d4-c297-43f4-abaf-f908afa77c91{ip: 10.1.0.31, host: fv-az164-385.acqy4frhnxdelaro313li45hge.dx.internal.cloudapp.net, ports: [REPLICATION=42177, RATIS=38773, RATIS_ADMIN=38773, RATIS_SERVER=38773, STANDALONE=42107], networkLocation: /default-rack, certSerialId: null, persistedOpState: IN_SERVICE, persistedOpStateExpiryEpochSec: 0}
2022-08-02 00:59:44,149 [EventQueue-DeadNodeForDeadNodeHandler] INFO  pipeline.RatisPipelineProvider (RatisPipelineProvider.java:lambda$close$1(244)) - Send pipeline:PipelineID=9aaebdd1-80d8-4ffc-a836-a0b66a08dbfe close command to datanode d5e157d4-c297-43f4-abaf-f908afa77c91
2022-08-02 00:59:44,150 [EventQueue-DeadNodeForDeadNodeHandler] INFO  pipeline.PipelineStateManagerImpl (PipelineStateManagerImpl.java:removePipeline(245)) - Pipeline Pipeline[ Id: 9aaebdd1-80d8-4ffc-a836-a0b66a08dbfe, Nodes: d5e157d4-c297-43f4-abaf-f908afa77c91{ip: 10.1.0.31, host: fv-az164-385.acqy4frhnxdelaro313li45hge.dx.internal.cloudapp.net, ports: [REPLICATION=42177, RATIS=38773, RATIS_ADMIN=38773, RATIS_SERVER=38773, STANDALONE=42107], networkLocation: /default-rack, certSerialId: null, persistedOpState: IN_SERVICE, persistedOpStateExpiryEpochSec: 0}, ReplicationConfig: RATIS/ONE, State:CLOSED, leaderId:d5e157d4-c297-43f4-abaf-f908afa77c91, CreationTimestamp2022-08-02T00:59:11.737Z[Etc/UTC]] removed.
2022-08-02 00:59:44,150 [EventQueue-DeadNodeForDeadNodeHandler] INFO  net.NetworkTopologyImpl (NetworkTopologyImpl.java:remove(190)) - Removed a node: /default-rack/d5e157d4-c297-43f4-abaf-f908afa77c91
2022-08-02 00:59:44,650 [EventQueue-DeadNodeForDeadNodeHandler] INFO  node.DeadNodeHandler (DeadNodeHandler.java:onMessage(81)) - A dead datanode is detected. 3670ff39-8d21-4c07-ba78-00a70db193ce{ip: 10.1.0.31, host: fv-az164-385.acqy4frhnxdelaro313li45hge.dx.internal.cloudapp.net, ports: [REPLICATION=36545, RATIS=43053, RATIS_ADMIN=43053, RATIS_SERVER=43053, STANDALONE=46445], networkLocation: /default-rack, certSerialId: null, persistedOpState: IN_SERVICE, persistedOpStateExpiryEpochSec: 0}
2022-08-02 00:59:44,650 [EventQueue-DeadNodeForDeadNodeHandler] INFO  pipeline.RatisPipelineProvider (RatisPipelineProvider.java:lambda$close$1(244)) - Send pipeline:PipelineID=84f653f0-279c-4abe-a065-021f2273358a close command to datanode 3670ff39-8d21-4c07-ba78-00a70db193ce
2022-08-02 00:59:44,650 [EventQueue-DeadNodeForDeadNodeHandler] INFO  pipeline.PipelineStateManagerImpl (PipelineStateManagerImpl.java:removePipeline(245)) - Pipeline Pipeline[ Id: 84f653f0-279c-4abe-a065-021f2273358a, Nodes: 3670ff39-8d21-4c07-ba78-00a70db193ce{ip: 10.1.0.31, host: fv-az164-385.acqy4frhnxdelaro313li45hge.dx.internal.cloudapp.net, ports: [REPLICATION=36545, RATIS=43053, RATIS_ADMIN=43053, RATIS_SERVER=43053, STANDALONE=46445], networkLocation: /default-rack, certSerialId: null, persistedOpState: IN_SERVICE, persistedOpStateExpiryEpochSec: 0}, ReplicationConfig: RATIS/ONE, State:CLOSED, leaderId:3670ff39-8d21-4c07-ba78-00a70db193ce, CreationTimestamp2022-08-02T00:59:13.155Z[Etc/UTC]] removed.
2022-08-02 00:59:44,651 [EventQueue-DeadNodeForDeadNodeHandler] INFO  net.NetworkTopologyImpl (NetworkTopologyImpl.java:remove(190)) - Removed a node: /default-rack/3670ff39-8d21-4c07-ba78-00a70db193ce
2022-08-02 00:59:45,109 [ReplicationMonitor] ERROR scm.SCMCommonPlacementPolicy (SCMCommonPlacementPolicy.java:chooseDatanodesInternal(183)) - No healthy node found to allocate container.
2022-08-02 00:59:45,111 [ReplicationMonitor] WARN  replication.LegacyReplicationManager (LegacyReplicationManager.java:handleUnderReplicatedContainer(1228)) - Exception while replicating container 1.
org.apache.hadoop.hdds.scm.exceptions.SCMException: No healthy node found to allocate container.
	at org.apache.hadoop.hdds.scm.SCMCommonPlacementPolicy.chooseDatanodesInternal(SCMCommonPlacementPolicy.java:184)
	at org.apache.hadoop.hdds.scm.container.placement.algorithms.SCMContainerPlacementRandom.chooseDatanodesInternal(SCMContainerPlacementRandom.java:78)
	at org.apache.hadoop.hdds.scm.SCMCommonPlacementPolicy.chooseDatanodes(SCMCommonPlacementPolicy.java:148)
	at org.apache.hadoop.hdds.scm.container.replication.LegacyReplicationManager.handleUnderReplicatedContainer(LegacyReplicationManager.java:1192)
	at org.apache.hadoop.hdds.scm.container.replication.LegacyReplicationManager.processContainer(LegacyReplicationManager.java:539)
	at org.apache.hadoop.hdds.scm.container.replication.ReplicationManager.processAll(ReplicationManager.java:268)
	at org.apache.hadoop.hdds.scm.container.replication.ReplicationManager.run(ReplicationManager.java:461)
	at java.lang.Thread.run(Thread.java:750)
2022-08-02 00:59:45,112 [ReplicationMonitor] ERROR scm.SCMCommonPlacementPolicy (SCMCommonPlacementPolicy.java:chooseDatanodesInternal(183)) - No healthy node found to allocate container.
2022-08-02 00:59:45,112 [ReplicationMonitor] WARN  replication.LegacyReplicationManager (LegacyReplicationManager.java:handleUnderReplicatedContainer(1228)) - Exception while replicating container 2.
org.apache.hadoop.hdds.scm.exceptions.SCMException: No healthy node found to allocate container.
	at org.apache.hadoop.hdds.scm.SCMCommonPlacementPolicy.chooseDatanodesInternal(SCMCommonPlacementPolicy.java:184)
	at org.apache.hadoop.hdds.scm.container.placement.algorithms.SCMContainerPlacementRandom.chooseDatanodesInternal(SCMContainerPlacementRandom.java:78)
	at org.apache.hadoop.hdds.scm.SCMCommonPlacementPolicy.chooseDatanodes(SCMCommonPlacementPolicy.java:148)
	at org.apache.hadoop.hdds.scm.container.replication.LegacyReplicationManager.handleUnderReplicatedContainer(LegacyReplicationManager.java:1192)
	at org.apache.hadoop.hdds.scm.container.replication.LegacyReplicationManager.processContainer(LegacyReplicationManager.java:539)
	at org.apache.hadoop.hdds.scm.container.replication.ReplicationManager.processAll(ReplicationManager.java:268)
	at org.apache.hadoop.hdds.scm.container.replication.ReplicationManager.run(ReplicationManager.java:461)
	at java.lang.Thread.run(Thread.java:750)
2022-08-02 00:59:45,112 [ReplicationMonitor] ERROR scm.SCMCommonPlacementPolicy (SCMCommonPlacementPolicy.java:chooseDatanodesInternal(183)) - No healthy node found to allocate container.
2022-08-02 00:59:45,112 [ReplicationMonitor] WARN  replication.LegacyReplicationManager (LegacyReplicationManager.java:handleUnderReplicatedContainer(1228)) - Exception while replicating container 3.
org.apache.hadoop.hdds.scm.exceptions.SCMException: No healthy node found to allocate container.
	at org.apache.hadoop.hdds.scm.SCMCommonPlacementPolicy.chooseDatanodesInternal(SCMCommonPlacementPolicy.java:184)
	at org.apache.hadoop.hdds.scm.container.placement.algorithms.SCMContainerPlacementRandom.chooseDatanodesInternal(SCMContainerPlacementRandom.java:78)
	at org.apache.hadoop.hdds.scm.SCMCommonPlacementPolicy.chooseDatanodes(SCMCommonPlacementPolicy.java:148)
	at org.apache.hadoop.hdds.scm.container.replication.LegacyReplicationManager.handleUnderReplicatedContainer(LegacyReplicationManager.java:1192)
	at org.apache.hadoop.hdds.scm.container.replication.LegacyReplicationManager.processContainer(LegacyReplicationManager.java:539)
	at org.apache.hadoop.hdds.scm.container.replication.ReplicationManager.processAll(ReplicationManager.java:268)
	at org.apache.hadoop.hdds.scm.container.replication.ReplicationManager.run(ReplicationManager.java:461)
	at java.lang.Thread.run(Thread.java:750)
2022-08-02 00:59:45,113 [ReplicationMonitor] INFO  replication.ReplicationManager (ReplicationManager.java:processAll(287)) - Replication Monitor Thread took 3 milliseconds for processing 3 containers.
2022-08-02 00:59:45,645 [Listener at 127.0.0.1/34881] INFO  utils.BackgroundService (BackgroundService.java:shutdown(141)) - Shutting down service BlockDeletingService
2022-08-02 00:59:45,646 [Listener at 127.0.0.1/34881] INFO  utils.BackgroundService (BackgroundService.java:shutdown(141)) - Shutting down service StaleRecoveringContainerScrubbingService
2022-08-02 00:59:45,675 [ForkJoinPool.commonPool-worker-1] INFO  utils.BackgroundService (BackgroundService.java:shutdown(141)) - Shutting down service BlockDeletingService
2022-08-02 00:59:45,676 [ForkJoinPool.commonPool-worker-1] INFO  utils.BackgroundService (BackgroundService.java:shutdown(141)) - Shutting down service StaleRecoveringContainerScrubbingService
2022-08-02 00:59:46,113 [ReplicationMonitor] ERROR scm.SCMCommonPlacementPolicy (SCMCommonPlacementPolicy.java:chooseDatanodesInternal(183)) - No healthy node found to allocate container.
2022-08-02 00:59:46,113 [ReplicationMonitor] WARN  replication.LegacyReplicationManager (LegacyReplicationManager.java:handleUnderReplicatedContainer(1228)) - Exception while replicating container 1.
org.apache.hadoop.hdds.scm.exceptions.SCMException: No healthy node found to allocate container.
	at org.apache.hadoop.hdds.scm.SCMCommonPlacementPolicy.chooseDatanodesInternal(SCMCommonPlacementPolicy.java:184)
	at org.apache.hadoop.hdds.scm.container.placement.algorithms.SCMContainerPlacementRandom.chooseDatanodesInternal(SCMContainerPlacementRandom.java:78)
	at org.apache.hadoop.hdds.scm.SCMCommonPlacementPolicy.chooseDatanodes(SCMCommonPlacementPolicy.java:148)
	at org.apache.hadoop.hdds.scm.container.replication.LegacyReplicationManager.handleUnderReplicatedContainer(LegacyReplicationManager.java:1192)
	at org.apache.hadoop.hdds.scm.container.replication.LegacyReplicationManager.processContainer(LegacyReplicationManager.java:539)
	at org.apache.hadoop.hdds.scm.container.replication.ReplicationManager.processAll(ReplicationManager.java:268)
	at org.apache.hadoop.hdds.scm.container.replication.ReplicationManager.run(ReplicationManager.java:461)
	at java.lang.Thread.run(Thread.java:750)
2022-08-02 00:59:46,114 [ReplicationMonitor] ERROR scm.SCMCommonPlacementPolicy (SCMCommonPlacementPolicy.java:chooseDatanodesInternal(183)) - No healthy node found to allocate container.
2022-08-02 00:59:46,114 [ReplicationMonitor] WARN  replication.LegacyReplicationManager (LegacyReplicationManager.java:handleUnderReplicatedContainer(1228)) - Exception while replicating container 2.
org.apache.hadoop.hdds.scm.exceptions.SCMException: No healthy node found to allocate container.
	at org.apache.hadoop.hdds.scm.SCMCommonPlacementPolicy.chooseDatanodesInternal(SCMCommonPlacementPolicy.java:184)
	at org.apache.hadoop.hdds.scm.container.placement.algorithms.SCMContainerPlacementRandom.chooseDatanodesInternal(SCMContainerPlacementRandom.java:78)
	at org.apache.hadoop.hdds.scm.SCMCommonPlacementPolicy.chooseDatanodes(SCMCommonPlacementPolicy.java:148)
	at org.apache.hadoop.hdds.scm.container.replication.LegacyReplicationManager.handleUnderReplicatedContainer(LegacyReplicationManager.java:1192)
	at org.apache.hadoop.hdds.scm.container.replication.LegacyReplicationManager.processContainer(LegacyReplicationManager.java:539)
	at org.apache.hadoop.hdds.scm.container.replication.ReplicationManager.processAll(ReplicationManager.java:268)
	at org.apache.hadoop.hdds.scm.container.replication.ReplicationManager.run(ReplicationManager.java:461)
	at java.lang.Thread.run(Thread.java:750)
2022-08-02 00:59:46,114 [ReplicationMonitor] ERROR scm.SCMCommonPlacementPolicy (SCMCommonPlacementPolicy.java:chooseDatanodesInternal(183)) - No healthy node found to allocate container.
2022-08-02 00:59:46,114 [ReplicationMonitor] WARN  replication.LegacyReplicationManager (LegacyReplicationManager.java:handleUnderReplicatedContainer(1228)) - Exception while replicating container 3.
org.apache.hadoop.hdds.scm.exceptions.SCMException: No healthy node found to allocate container.
	at org.apache.hadoop.hdds.scm.SCMCommonPlacementPolicy.chooseDatanodesInternal(SCMCommonPlacementPolicy.java:184)
	at org.apache.hadoop.hdds.scm.container.placement.algorithms.SCMContainerPlacementRandom.chooseDatanodesInternal(SCMContainerPlacementRandom.java:78)
	at org.apache.hadoop.hdds.scm.SCMCommonPlacementPolicy.chooseDatanodes(SCMCommonPlacementPolicy.java:148)
	at org.apache.hadoop.hdds.scm.container.replication.LegacyReplicationManager.handleUnderReplicatedContainer(LegacyReplicationManager.java:1192)
	at org.apache.hadoop.hdds.scm.container.replication.LegacyReplicationManager.processContainer(LegacyReplicationManager.java:539)
	at org.apache.hadoop.hdds.scm.container.replication.ReplicationManager.processAll(ReplicationManager.java:268)
	at org.apache.hadoop.hdds.scm.container.replication.ReplicationManager.run(ReplicationManager.java:461)
	at java.lang.Thread.run(Thread.java:750)
2022-08-02 00:59:46,114 [ReplicationMonitor] INFO  replication.ReplicationManager (ReplicationManager.java:processAll(287)) - Replication Monitor Thread took 2 milliseconds for processing 3 containers.
2022-08-02 00:59:47,115 [ReplicationMonitor] ERROR scm.SCMCommonPlacementPolicy (SCMCommonPlacementPolicy.java:chooseDatanodesInternal(183)) - No healthy node found to allocate container.
2022-08-02 00:59:47,115 [ReplicationMonitor] WARN  replication.LegacyReplicationManager (LegacyReplicationManager.java:handleUnderReplicatedContainer(1228)) - Exception while replicating container 1.
org.apache.hadoop.hdds.scm.exceptions.SCMException: No healthy node found to allocate container.
	at org.apache.hadoop.hdds.scm.SCMCommonPlacementPolicy.chooseDatanodesInternal(SCMCommonPlacementPolicy.java:184)
	at org.apache.hadoop.hdds.scm.container.placement.algorithms.SCMContainerPlacementRandom.chooseDatanodesInternal(SCMContainerPlacementRandom.java:78)
	at org.apache.hadoop.hdds.scm.SCMCommonPlacementPolicy.chooseDatanodes(SCMCommonPlacementPolicy.java:148)
	at org.apache.hadoop.hdds.scm.container.replication.LegacyReplicationManager.handleUnderReplicatedContainer(LegacyReplicationManager.java:1192)
	at org.apache.hadoop.hdds.scm.container.replication.LegacyReplicationManager.processContainer(LegacyReplicationManager.java:539)
	at org.apache.hadoop.hdds.scm.container.replication.ReplicationManager.processAll(ReplicationManager.java:268)
	at org.apache.hadoop.hdds.scm.container.replication.ReplicationManager.run(ReplicationManager.java:461)
	at java.lang.Thread.run(Thread.java:750)
2022-08-02 00:59:47,115 [ReplicationMonitor] ERROR scm.SCMCommonPlacementPolicy (SCMCommonPlacementPolicy.java:chooseDatanodesInternal(183)) - No healthy node found to allocate container.
2022-08-02 00:59:47,115 [ReplicationMonitor] WARN  replication.LegacyReplicationManager (LegacyReplicationManager.java:handleUnderReplicatedContainer(1228)) - Exception while replicating container 2.
org.apache.hadoop.hdds.scm.exceptions.SCMException: No healthy node found to allocate container.
	at org.apache.hadoop.hdds.scm.SCMCommonPlacementPolicy.chooseDatanodesInternal(SCMCommonPlacementPolicy.java:184)
	at org.apache.hadoop.hdds.scm.container.placement.algorithms.SCMContainerPlacementRandom.chooseDatanodesInternal(SCMContainerPlacementRandom.java:78)
	at org.apache.hadoop.hdds.scm.SCMCommonPlacementPolicy.chooseDatanodes(SCMCommonPlacementPolicy.java:148)
	at org.apache.hadoop.hdds.scm.container.replication.LegacyReplicationManager.handleUnderReplicatedContainer(LegacyReplicationManager.java:1192)
	at org.apache.hadoop.hdds.scm.container.replication.LegacyReplicationManager.processContainer(LegacyReplicationManager.java:539)
	at org.apache.hadoop.hdds.scm.container.replication.ReplicationManager.processAll(ReplicationManager.java:268)
	at org.apache.hadoop.hdds.scm.container.replication.ReplicationManager.run(ReplicationManager.java:461)
	at java.lang.Thread.run(Thread.java:750)
2022-08-02 00:59:47,115 [ReplicationMonitor] ERROR scm.SCMCommonPlacementPolicy (SCMCommonPlacementPolicy.java:chooseDatanodesInternal(183)) - No healthy node found to allocate container.
2022-08-02 00:59:47,115 [ReplicationMonitor] WARN  replication.LegacyReplicationManager (LegacyReplicationManager.java:handleUnderReplicatedContainer(1228)) - Exception while replicating container 3.
org.apache.hadoop.hdds.scm.exceptions.SCMException: No healthy node found to allocate container.
	at org.apache.hadoop.hdds.scm.SCMCommonPlacementPolicy.chooseDatanodesInternal(SCMCommonPlacementPolicy.java:184)
	at org.apache.hadoop.hdds.scm.container.placement.algorithms.SCMContainerPlacementRandom.chooseDatanodesInternal(SCMContainerPlacementRandom.java:78)
	at org.apache.hadoop.hdds.scm.SCMCommonPlacementPolicy.chooseDatanodes(SCMCommonPlacementPolicy.java:148)
	at org.apache.hadoop.hdds.scm.container.replication.LegacyReplicationManager.handleUnderReplicatedContainer(LegacyReplicationManager.java:1192)
	at org.apache.hadoop.hdds.scm.container.replication.LegacyReplicationManager.processContainer(LegacyReplicationManager.java:539)
	at org.apache.hadoop.hdds.scm.container.replication.ReplicationManager.processAll(ReplicationManager.java:268)
	at org.apache.hadoop.hdds.scm.container.replication.ReplicationManager.run(ReplicationManager.java:461)
	at java.lang.Thread.run(Thread.java:750)
2022-08-02 00:59:47,117 [ReplicationMonitor] INFO  replication.ReplicationManager (ReplicationManager.java:processAll(287)) - Replication Monitor Thread took 2 milliseconds for processing 3 containers.
2022-08-02 00:59:48,117 [ReplicationMonitor] ERROR scm.SCMCommonPlacementPolicy (SCMCommonPlacementPolicy.java:chooseDatanodesInternal(183)) - No healthy node found to allocate container.
2022-08-02 00:59:48,118 [ReplicationMonitor] WARN  replication.LegacyReplicationManager (LegacyReplicationManager.java:handleUnderReplicatedContainer(1228)) - Exception while replicating container 1.
org.apache.hadoop.hdds.scm.exceptions.SCMException: No healthy node found to allocate container.
	at org.apache.hadoop.hdds.scm.SCMCommonPlacementPolicy.chooseDatanodesInternal(SCMCommonPlacementPolicy.java:184)
	at org.apache.hadoop.hdds.scm.container.placement.algorithms.SCMContainerPlacementRandom.chooseDatanodesInternal(SCMContainerPlacementRandom.java:78)
	at org.apache.hadoop.hdds.scm.SCMCommonPlacementPolicy.chooseDatanodes(SCMCommonPlacementPolicy.java:148)
	at org.apache.hadoop.hdds.scm.container.replication.LegacyReplicationManager.handleUnderReplicatedContainer(LegacyReplicationManager.java:1192)
	at org.apache.hadoop.hdds.scm.container.replication.LegacyReplicationManager.processContainer(LegacyReplicationManager.java:539)
	at org.apache.hadoop.hdds.scm.container.replication.ReplicationManager.processAll(ReplicationManager.java:268)
	at org.apache.hadoop.hdds.scm.container.replication.ReplicationManager.run(ReplicationManager.java:461)
	at java.lang.Thread.run(Thread.java:750)
2022-08-02 00:59:48,118 [ReplicationMonitor] ERROR scm.SCMCommonPlacementPolicy (SCMCommonPlacementPolicy.java:chooseDatanodesInternal(183)) - No healthy node found to allocate container.
2022-08-02 00:59:48,118 [ReplicationMonitor] WARN  replication.LegacyReplicationManager (LegacyReplicationManager.java:handleUnderReplicatedContainer(1228)) - Exception while replicating container 2.
org.apache.hadoop.hdds.scm.exceptions.SCMException: No healthy node found to allocate container.
	at org.apache.hadoop.hdds.scm.SCMCommonPlacementPolicy.chooseDatanodesInternal(SCMCommonPlacementPolicy.java:184)
	at org.apache.hadoop.hdds.scm.container.placement.algorithms.SCMContainerPlacementRandom.chooseDatanodesInternal(SCMContainerPlacementRandom.java:78)
	at org.apache.hadoop.hdds.scm.SCMCommonPlacementPolicy.chooseDatanodes(SCMCommonPlacementPolicy.java:148)
	at org.apache.hadoop.hdds.scm.container.replication.LegacyReplicationManager.handleUnderReplicatedContainer(LegacyReplicationManager.java:1192)
	at org.apache.hadoop.hdds.scm.container.replication.LegacyReplicationManager.processContainer(LegacyReplicationManager.java:539)
	at org.apache.hadoop.hdds.scm.container.replication.ReplicationManager.processAll(ReplicationManager.java:268)
	at org.apache.hadoop.hdds.scm.container.replication.ReplicationManager.run(ReplicationManager.java:461)
	at java.lang.Thread.run(Thread.java:750)
2022-08-02 00:59:48,118 [ReplicationMonitor] ERROR scm.SCMCommonPlacementPolicy (SCMCommonPlacementPolicy.java:chooseDatanodesInternal(183)) - No healthy node found to allocate container.
2022-08-02 00:59:48,118 [ReplicationMonitor] WARN  replication.LegacyReplicationManager (LegacyReplicationManager.java:handleUnderReplicatedContainer(1228)) - Exception while replicating container 3.
org.apache.hadoop.hdds.scm.exceptions.SCMException: No healthy node found to allocate container.
	at org.apache.hadoop.hdds.scm.SCMCommonPlacementPolicy.chooseDatanodesInternal(SCMCommonPlacementPolicy.java:184)
	at org.apache.hadoop.hdds.scm.container.placement.algorithms.SCMContainerPlacementRandom.chooseDatanodesInternal(SCMContainerPlacementRandom.java:78)
	at org.apache.hadoop.hdds.scm.SCMCommonPlacementPolicy.chooseDatanodes(SCMCommonPlacementPolicy.java:148)
	at org.apache.hadoop.hdds.scm.container.replication.LegacyReplicationManager.handleUnderReplicatedContainer(LegacyReplicationManager.java:1192)
	at org.apache.hadoop.hdds.scm.container.replication.LegacyReplicationManager.processContainer(LegacyReplicationManager.java:539)
	at org.apache.hadoop.hdds.scm.container.replication.ReplicationManager.processAll(ReplicationManager.java:268)
	at org.apache.hadoop.hdds.scm.container.replication.ReplicationManager.run(ReplicationManager.java:461)
	at java.lang.Thread.run(Thread.java:750)
2022-08-02 00:59:48,118 [ReplicationMonitor] INFO  replication.ReplicationManager (ReplicationManager.java:processAll(287)) - Replication Monitor Thread took 2 milliseconds for processing 3 containers.
2022-08-02 00:59:48,657 [Listener at 127.0.0.1/34881] INFO  statemachine.DatanodeStateMachine (DatanodeStateMachine.java:stopDaemon(580)) - Ozone container server stopped.
2022-08-02 00:59:48,665 [Listener at 127.0.0.1/34881] INFO  handler.ContextHandler (ContextHandler.java:doStop(1153)) - Stopped o.e.j.w.WebAppContext@616f961a{hddsDatanode,/,null,STOPPED}{jar:file:/home/runner/.m2/repository/org/apache/ozone/hdds-container-service/1.3.0-SNAPSHOT/hdds-container-service-1.3.0-SNAPSHOT.jar!/webapps/hddsDatanode}
2022-08-02 00:59:48,671 [Listener at 127.0.0.1/34881] INFO  server.AbstractConnector (AbstractConnector.java:doStop(381)) - Stopped ServerConnector@7fbec379{HTTP/1.1, (http/1.1)}{0.0.0.0:0}
2022-08-02 00:59:48,672 [Listener at 127.0.0.1/34881] INFO  server.session (HouseKeeper.java:stopScavenging(149)) - node0 Stopped scavenging
2022-08-02 00:59:48,672 [Listener at 127.0.0.1/34881] INFO  handler.ContextHandler (ContextHandler.java:doStop(1153)) - Stopped o.e.j.s.ServletContextHandler@2fa03f5f{static,/static,jar:file:/home/runner/.m2/repository/org/apache/ozone/hdds-container-service/1.3.0-SNAPSHOT/hdds-container-service-1.3.0-SNAPSHOT.jar!/webapps/static,STOPPED}
2022-08-02 00:59:48,672 [Listener at 127.0.0.1/34881] INFO  handler.ContextHandler (ContextHandler.java:doStop(1153)) - Stopped o.e.j.s.ServletContextHandler@19ce7420{logs,/logs,file:///home/runner/work/ozone/ozone/hadoop-ozone/integration-test/target/log,STOPPED}
2022-08-02 00:59:48,690 [ForkJoinPool.commonPool-worker-1] INFO  statemachine.DatanodeStateMachine (DatanodeStateMachine.java:stopDaemon(580)) - Ozone container server stopped.
2022-08-02 00:59:48,720 [ForkJoinPool.commonPool-worker-1] INFO  handler.ContextHandler (ContextHandler.java:doStop(1153)) - Stopped o.e.j.w.WebAppContext@7b622376{hddsDatanode,/,null,STOPPED}{jar:file:/home/runner/.m2/repository/org/apache/ozone/hdds-container-service/1.3.0-SNAPSHOT/hdds-container-service-1.3.0-SNAPSHOT.jar!/webapps/hddsDatanode}
2022-08-02 00:59:48,722 [ForkJoinPool.commonPool-worker-1] INFO  server.AbstractConnector (AbstractConnector.java:doStop(381)) - Stopped ServerConnector@11e744e2{HTTP/1.1, (http/1.1)}{0.0.0.0:0}
2022-08-02 00:59:48,722 [ForkJoinPool.commonPool-worker-1] INFO  server.session (HouseKeeper.java:stopScavenging(149)) - node0 Stopped scavenging
2022-08-02 00:59:48,733 [ForkJoinPool.commonPool-worker-1] INFO  handler.ContextHandler (ContextHandler.java:doStop(1153)) - Stopped o.e.j.s.ServletContextHandler@333ddeac{static,/static,jar:file:/home/runner/.m2/repository/org/apache/ozone/hdds-container-service/1.3.0-SNAPSHOT/hdds-container-service-1.3.0-SNAPSHOT.jar!/webapps/static,STOPPED}
2022-08-02 00:59:48,741 [ForkJoinPool.commonPool-worker-1] INFO  handler.ContextHandler (ContextHandler.java:doStop(1153)) - Stopped o.e.j.s.ServletContextHandler@6da87efd{logs,/logs,file:///home/runner/work/ozone/ozone/hadoop-ozone/integration-test/target/log,STOPPED}
2022-08-02 00:59:49,119 [ReplicationMonitor] ERROR scm.SCMCommonPlacementPolicy (SCMCommonPlacementPolicy.java:chooseDatanodesInternal(183)) - No healthy node found to allocate container.
2022-08-02 00:59:49,119 [ReplicationMonitor] WARN  replication.LegacyReplicationManager (LegacyReplicationManager.java:handleUnderReplicatedContainer(1228)) - Exception while replicating container 1.
org.apache.hadoop.hdds.scm.exceptions.SCMException: No healthy node found to allocate container.
	at org.apache.hadoop.hdds.scm.SCMCommonPlacementPolicy.chooseDatanodesInternal(SCMCommonPlacementPolicy.java:184)
	at org.apache.hadoop.hdds.scm.container.placement.algorithms.SCMContainerPlacementRandom.chooseDatanodesInternal(SCMContainerPlacementRandom.java:78)
	at org.apache.hadoop.hdds.scm.SCMCommonPlacementPolicy.chooseDatanodes(SCMCommonPlacementPolicy.java:148)
	at org.apache.hadoop.hdds.scm.container.replication.LegacyReplicationManager.handleUnderReplicatedContainer(LegacyReplicationManager.java:1192)
	at org.apache.hadoop.hdds.scm.container.replication.LegacyReplicationManager.processContainer(LegacyReplicationManager.java:539)
	at org.apache.hadoop.hdds.scm.container.replication.ReplicationManager.processAll(ReplicationManager.java:268)
	at org.apache.hadoop.hdds.scm.container.replication.ReplicationManager.run(ReplicationManager.java:461)
	at java.lang.Thread.run(Thread.java:750)
2022-08-02 00:59:49,119 [ReplicationMonitor] ERROR scm.SCMCommonPlacementPolicy (SCMCommonPlacementPolicy.java:chooseDatanodesInternal(183)) - No healthy node found to allocate container.
2022-08-02 00:59:49,119 [ReplicationMonitor] WARN  replication.LegacyReplicationManager (LegacyReplicationManager.java:handleUnderReplicatedContainer(1228)) - Exception while replicating container 2.
org.apache.hadoop.hdds.scm.exceptions.SCMException: No healthy node found to allocate container.
	at org.apache.hadoop.hdds.scm.SCMCommonPlacementPolicy.chooseDatanodesInternal(SCMCommonPlacementPolicy.java:184)
	at org.apache.hadoop.hdds.scm.container.placement.algorithms.SCMContainerPlacementRandom.chooseDatanodesInternal(SCMContainerPlacementRandom.java:78)
	at org.apache.hadoop.hdds.scm.SCMCommonPlacementPolicy.chooseDatanodes(SCMCommonPlacementPolicy.java:148)
	at org.apache.hadoop.hdds.scm.container.replication.LegacyReplicationManager.handleUnderReplicatedContainer(LegacyReplicationManager.java:1192)
	at org.apache.hadoop.hdds.scm.container.replication.LegacyReplicationManager.processContainer(LegacyReplicationManager.java:539)
	at org.apache.hadoop.hdds.scm.container.replication.ReplicationManager.processAll(ReplicationManager.java:268)
	at org.apache.hadoop.hdds.scm.container.replication.ReplicationManager.run(ReplicationManager.java:461)
	at java.lang.Thread.run(Thread.java:750)
2022-08-02 00:59:49,120 [ReplicationMonitor] ERROR scm.SCMCommonPlacementPolicy (SCMCommonPlacementPolicy.java:chooseDatanodesInternal(183)) - No healthy node found to allocate container.
2022-08-02 00:59:49,120 [ReplicationMonitor] WARN  replication.LegacyReplicationManager (LegacyReplicationManager.java:handleUnderReplicatedContainer(1228)) - Exception while replicating container 3.
org.apache.hadoop.hdds.scm.exceptions.SCMException: No healthy node found to allocate container.
	at org.apache.hadoop.hdds.scm.SCMCommonPlacementPolicy.chooseDatanodesInternal(SCMCommonPlacementPolicy.java:184)
	at org.apache.hadoop.hdds.scm.container.placement.algorithms.SCMContainerPlacementRandom.chooseDatanodesInternal(SCMContainerPlacementRandom.java:78)
	at org.apache.hadoop.hdds.scm.SCMCommonPlacementPolicy.chooseDatanodes(SCMCommonPlacementPolicy.java:148)
	at org.apache.hadoop.hdds.scm.container.replication.LegacyReplicationManager.handleUnderReplicatedContainer(LegacyReplicationManager.java:1192)
	at org.apache.hadoop.hdds.scm.container.replication.LegacyReplicationManager.processContainer(LegacyReplicationManager.java:539)
	at org.apache.hadoop.hdds.scm.container.replication.ReplicationManager.processAll(ReplicationManager.java:268)
	at org.apache.hadoop.hdds.scm.container.replication.ReplicationManager.run(ReplicationManager.java:461)
	at java.lang.Thread.run(Thread.java:750)
2022-08-02 00:59:49,120 [ReplicationMonitor] INFO  replication.ReplicationManager (ReplicationManager.java:processAll(287)) - Replication Monitor Thread took 1 milliseconds for processing 3 containers.
2022-08-02 00:59:50,120 [ReplicationMonitor] ERROR scm.SCMCommonPlacementPolicy (SCMCommonPlacementPolicy.java:chooseDatanodesInternal(183)) - No healthy node found to allocate container.
2022-08-02 00:59:50,120 [ReplicationMonitor] WARN  replication.LegacyReplicationManager (LegacyReplicationManager.java:handleUnderReplicatedContainer(1228)) - Exception while replicating container 1.
org.apache.hadoop.hdds.scm.exceptions.SCMException: No healthy node found to allocate container.
	at org.apache.hadoop.hdds.scm.SCMCommonPlacementPolicy.chooseDatanodesInternal(SCMCommonPlacementPolicy.java:184)
	at org.apache.hadoop.hdds.scm.container.placement.algorithms.SCMContainerPlacementRandom.chooseDatanodesInternal(SCMContainerPlacementRandom.java:78)
	at org.apache.hadoop.hdds.scm.SCMCommonPlacementPolicy.chooseDatanodes(SCMCommonPlacementPolicy.java:148)
	at org.apache.hadoop.hdds.scm.container.replication.LegacyReplicationManager.handleUnderReplicatedContainer(LegacyReplicationManager.java:1192)
	at org.apache.hadoop.hdds.scm.container.replication.LegacyReplicationManager.processContainer(LegacyReplicationManager.java:539)
	at org.apache.hadoop.hdds.scm.container.replication.ReplicationManager.processAll(ReplicationManager.java:268)
	at org.apache.hadoop.hdds.scm.container.replication.ReplicationManager.run(ReplicationManager.java:461)
	at java.lang.Thread.run(Thread.java:750)
2022-08-02 00:59:50,121 [ReplicationMonitor] ERROR scm.SCMCommonPlacementPolicy (SCMCommonPlacementPolicy.java:chooseDatanodesInternal(183)) - No healthy node found to allocate container.
2022-08-02 00:59:50,121 [ReplicationMonitor] WARN  replication.LegacyReplicationManager (LegacyReplicationManager.java:handleUnderReplicatedContainer(1228)) - Exception while replicating container 2.
org.apache.hadoop.hdds.scm.exceptions.SCMException: No healthy node found to allocate container.
	at org.apache.hadoop.hdds.scm.SCMCommonPlacementPolicy.chooseDatanodesInternal(SCMCommonPlacementPolicy.java:184)
	at org.apache.hadoop.hdds.scm.container.placement.algorithms.SCMContainerPlacementRandom.chooseDatanodesInternal(SCMContainerPlacementRandom.java:78)
	at org.apache.hadoop.hdds.scm.SCMCommonPlacementPolicy.chooseDatanodes(SCMCommonPlacementPolicy.java:148)
	at org.apache.hadoop.hdds.scm.container.replication.LegacyReplicationManager.handleUnderReplicatedContainer(LegacyReplicationManager.java:1192)
	at org.apache.hadoop.hdds.scm.container.replication.LegacyReplicationManager.processContainer(LegacyReplicationManager.java:539)
	at org.apache.hadoop.hdds.scm.container.replication.ReplicationManager.processAll(ReplicationManager.java:268)
	at org.apache.hadoop.hdds.scm.container.replication.ReplicationManager.run(ReplicationManager.java:461)
	at java.lang.Thread.run(Thread.java:750)
2022-08-02 00:59:50,121 [ReplicationMonitor] ERROR scm.SCMCommonPlacementPolicy (SCMCommonPlacementPolicy.java:chooseDatanodesInternal(183)) - No healthy node found to allocate container.
2022-08-02 00:59:50,121 [ReplicationMonitor] WARN  replication.LegacyReplicationManager (LegacyReplicationManager.java:handleUnderReplicatedContainer(1228)) - Exception while replicating container 3.
org.apache.hadoop.hdds.scm.exceptions.SCMException: No healthy node found to allocate container.
	at org.apache.hadoop.hdds.scm.SCMCommonPlacementPolicy.chooseDatanodesInternal(SCMCommonPlacementPolicy.java:184)
	at org.apache.hadoop.hdds.scm.container.placement.algorithms.SCMContainerPlacementRandom.chooseDatanodesInternal(SCMContainerPlacementRandom.java:78)
	at org.apache.hadoop.hdds.scm.SCMCommonPlacementPolicy.chooseDatanodes(SCMCommonPlacementPolicy.java:148)
	at org.apache.hadoop.hdds.scm.container.replication.LegacyReplicationManager.handleUnderReplicatedContainer(LegacyReplicationManager.java:1192)
	at org.apache.hadoop.hdds.scm.container.replication.LegacyReplicationManager.processContainer(LegacyReplicationManager.java:539)
	at org.apache.hadoop.hdds.scm.container.replication.ReplicationManager.processAll(ReplicationManager.java:268)
	at org.apache.hadoop.hdds.scm.container.replication.ReplicationManager.run(ReplicationManager.java:461)
	at java.lang.Thread.run(Thread.java:750)
2022-08-02 00:59:50,121 [ReplicationMonitor] INFO  replication.ReplicationManager (ReplicationManager.java:processAll(287)) - Replication Monitor Thread took 2 milliseconds for processing 3 containers.
2022-08-02 00:59:51,122 [ReplicationMonitor] ERROR scm.SCMCommonPlacementPolicy (SCMCommonPlacementPolicy.java:chooseDatanodesInternal(183)) - No healthy node found to allocate container.
2022-08-02 00:59:51,122 [ReplicationMonitor] WARN  replication.LegacyReplicationManager (LegacyReplicationManager.java:handleUnderReplicatedContainer(1228)) - Exception while replicating container 1.
org.apache.hadoop.hdds.scm.exceptions.SCMException: No healthy node found to allocate container.
	at org.apache.hadoop.hdds.scm.SCMCommonPlacementPolicy.chooseDatanodesInternal(SCMCommonPlacementPolicy.java:184)
	at org.apache.hadoop.hdds.scm.container.placement.algorithms.SCMContainerPlacementRandom.chooseDatanodesInternal(SCMContainerPlacementRandom.java:78)
	at org.apache.hadoop.hdds.scm.SCMCommonPlacementPolicy.chooseDatanodes(SCMCommonPlacementPolicy.java:148)
	at org.apache.hadoop.hdds.scm.container.replication.LegacyReplicationManager.handleUnderReplicatedContainer(LegacyReplicationManager.java:1192)
	at org.apache.hadoop.hdds.scm.container.replication.LegacyReplicationManager.processContainer(LegacyReplicationManager.java:539)
	at org.apache.hadoop.hdds.scm.container.replication.ReplicationManager.processAll(ReplicationManager.java:268)
	at org.apache.hadoop.hdds.scm.container.replication.ReplicationManager.run(ReplicationManager.java:461)
	at java.lang.Thread.run(Thread.java:750)
2022-08-02 00:59:51,122 [ReplicationMonitor] ERROR scm.SCMCommonPlacementPolicy (SCMCommonPlacementPolicy.java:chooseDatanodesInternal(183)) - No healthy node found to allocate container.
2022-08-02 00:59:51,122 [ReplicationMonitor] WARN  replication.LegacyReplicationManager (LegacyReplicationManager.java:handleUnderReplicatedContainer(1228)) - Exception while replicating container 2.
org.apache.hadoop.hdds.scm.exceptions.SCMException: No healthy node found to allocate container.
	at org.apache.hadoop.hdds.scm.SCMCommonPlacementPolicy.chooseDatanodesInternal(SCMCommonPlacementPolicy.java:184)
	at org.apache.hadoop.hdds.scm.container.placement.algorithms.SCMContainerPlacementRandom.chooseDatanodesInternal(SCMContainerPlacementRandom.java:78)
	at org.apache.hadoop.hdds.scm.SCMCommonPlacementPolicy.chooseDatanodes(SCMCommonPlacementPolicy.java:148)
	at org.apache.hadoop.hdds.scm.container.replication.LegacyReplicationManager.handleUnderReplicatedContainer(LegacyReplicationManager.java:1192)
	at org.apache.hadoop.hdds.scm.container.replication.LegacyReplicationManager.processContainer(LegacyReplicationManager.java:539)
	at org.apache.hadoop.hdds.scm.container.replication.ReplicationManager.processAll(ReplicationManager.java:268)
	at org.apache.hadoop.hdds.scm.container.replication.ReplicationManager.run(ReplicationManager.java:461)
	at java.lang.Thread.run(Thread.java:750)
2022-08-02 00:59:51,125 [ReplicationMonitor] ERROR scm.SCMCommonPlacementPolicy (SCMCommonPlacementPolicy.java:chooseDatanodesInternal(183)) - No healthy node found to allocate container.
2022-08-02 00:59:51,125 [ReplicationMonitor] WARN  replication.LegacyReplicationManager (LegacyReplicationManager.java:handleUnderReplicatedContainer(1228)) - Exception while replicating container 3.
org.apache.hadoop.hdds.scm.exceptions.SCMException: No healthy node found to allocate container.
	at org.apache.hadoop.hdds.scm.SCMCommonPlacementPolicy.chooseDatanodesInternal(SCMCommonPlacementPolicy.java:184)
	at org.apache.hadoop.hdds.scm.container.placement.algorithms.SCMContainerPlacementRandom.chooseDatanodesInternal(SCMContainerPlacementRandom.java:78)
	at org.apache.hadoop.hdds.scm.SCMCommonPlacementPolicy.chooseDatanodes(SCMCommonPlacementPolicy.java:148)
	at org.apache.hadoop.hdds.scm.container.replication.LegacyReplicationManager.handleUnderReplicatedContainer(LegacyReplicationManager.java:1192)
	at org.apache.hadoop.hdds.scm.container.replication.LegacyReplicationManager.processContainer(LegacyReplicationManager.java:539)
	at org.apache.hadoop.hdds.scm.container.replication.ReplicationManager.processAll(ReplicationManager.java:268)
	at org.apache.hadoop.hdds.scm.container.replication.ReplicationManager.run(ReplicationManager.java:461)
	at java.lang.Thread.run(Thread.java:750)
2022-08-02 00:59:51,125 [ReplicationMonitor] INFO  replication.ReplicationManager (ReplicationManager.java:processAll(287)) - Replication Monitor Thread took 4 milliseconds for processing 3 containers.
2022-08-02 00:59:51,466 [EventQueue-StaleNodeForStaleNodeHandler] INFO  node.StaleNodeHandler (StaleNodeHandler.java:onMessage(59)) - Datanode 745fb3ed-7598-48f6-8d50-527171c84407{ip: 10.1.0.31, host: fv-az164-385.acqy4frhnxdelaro313li45hge.dx.internal.cloudapp.net, ports: [REPLICATION=38827, RATIS=37527, RATIS_ADMIN=37527, RATIS_SERVER=37527, STANDALONE=44121], networkLocation: /default-rack, certSerialId: null, persistedOpState: IN_SERVICE, persistedOpStateExpiryEpochSec: 0} moved to stale state. Finalizing its pipelines [PipelineID=23e25196-c9d6-44c0-8a93-b2e206ca8776]
2022-08-02 00:59:51,467 [EventQueue-StaleNodeForStaleNodeHandler] INFO  pipeline.PipelineManagerImpl (PipelineManagerImpl.java:closePipeline(442)) - Pipeline Pipeline[ Id: 23e25196-c9d6-44c0-8a93-b2e206ca8776, Nodes: 745fb3ed-7598-48f6-8d50-527171c84407{ip: 10.1.0.31, host: fv-az164-385.acqy4frhnxdelaro313li45hge.dx.internal.cloudapp.net, ports: [REPLICATION=38827, RATIS=37527, RATIS_ADMIN=37527, RATIS_SERVER=37527, STANDALONE=44121], networkLocation: /default-rack, certSerialId: null, persistedOpState: IN_SERVICE, persistedOpStateExpiryEpochSec: 0}, ReplicationConfig: RATIS/ONE, State:OPEN, leaderId:745fb3ed-7598-48f6-8d50-527171c84407, CreationTimestamp2022-08-02T00:59:12.830Z[Etc/UTC]] moved to CLOSED state
2022-08-02 00:59:52,126 [ReplicationMonitor] WARN  replication.LegacyReplicationManager (LegacyReplicationManager.java:handleUnderReplicatedContainer(1224)) - Cannot replicate container #1, no healthy replica found.
2022-08-02 00:59:52,127 [ReplicationMonitor] WARN  replication.LegacyReplicationManager (LegacyReplicationManager.java:handleUnderReplicatedContainer(1224)) - Cannot replicate container #2, no healthy replica found.
2022-08-02 00:59:52,127 [ReplicationMonitor] WARN  replication.LegacyReplicationManager (LegacyReplicationManager.java:handleUnderReplicatedContainer(1224)) - Cannot replicate container #3, no healthy replica found.
2022-08-02 00:59:52,127 [ReplicationMonitor] INFO  replication.ReplicationManager (ReplicationManager.java:processAll(287)) - Replication Monitor Thread took 2 milliseconds for processing 3 containers.
2022-08-02 00:59:53,128 [ReplicationMonitor] WARN  replication.LegacyReplicationManager (LegacyReplicationManager.java:handleUnderReplicatedContainer(1224)) - Cannot replicate container #1, no healthy replica found.
2022-08-02 00:59:53,128 [ReplicationMonitor] WARN  replication.LegacyReplicationManager (LegacyReplicationManager.java:handleUnderReplicatedContainer(1224)) - Cannot replicate container #2, no healthy replica found.
2022-08-02 00:59:53,128 [ReplicationMonitor] WARN  replication.LegacyReplicationManager (LegacyReplicationManager.java:handleUnderReplicatedContainer(1224)) - Cannot replicate container #3, no healthy replica found.
2022-08-02 00:59:53,128 [ReplicationMonitor] INFO  replication.ReplicationManager (ReplicationManager.java:processAll(287)) - Replication Monitor Thread took 1 milliseconds for processing 3 containers.
2022-08-02 00:59:53,701 [Listener at 127.0.0.1/34881] INFO  ozoneimpl.OzoneContainer (OzoneContainer.java:stop(399)) - Attempting to stop container services.
2022-08-02 00:59:53,708 [Listener at 127.0.0.1/34881] INFO  server.RaftServer (RaftServerProxy.java:lambda$close$7(398)) - 745fb3ed-7598-48f6-8d50-527171c84407: close
2022-08-02 00:59:53,708 [Listener at 127.0.0.1/34881] INFO  server.RaftServer$Division (RaftServerImpl.java:lambda$close$4(434)) - 745fb3ed-7598-48f6-8d50-527171c84407@group-B2E206CA8776: shutdown
2022-08-02 00:59:53,708 [Listener at 127.0.0.1/34881] INFO  util.JmxRegister (JmxRegister.java:unregister(73)) - Successfully un-registered JMX Bean with object name Ratis:service=RaftServer,group=group-B2E206CA8776,id=745fb3ed-7598-48f6-8d50-527171c84407
2022-08-02 00:59:53,708 [Listener at 127.0.0.1/34881] INFO  impl.RoleInfo (RoleInfo.java:shutdownLeaderState(93)) - 745fb3ed-7598-48f6-8d50-527171c84407: shutdown 745fb3ed-7598-48f6-8d50-527171c84407@group-B2E206CA8776-LeaderStateImpl
2022-08-02 00:59:53,708 [Listener at 127.0.0.1/34881] INFO  impl.PendingRequests (PendingRequests.java:sendNotLeaderResponses(282)) - 745fb3ed-7598-48f6-8d50-527171c84407@group-B2E206CA8776-PendingRequests: sendNotLeaderResponses
2022-08-02 00:59:53,709 [Listener at 127.0.0.1/34881] INFO  impl.StateMachineUpdater (StateMachineUpdater.java:stopAndJoin(153)) - 745fb3ed-7598-48f6-8d50-527171c84407@group-B2E206CA8776-StateMachineUpdater: set stopIndex = 0
2022-08-02 00:59:53,709 [745fb3ed-7598-48f6-8d50-527171c84407@group-B2E206CA8776-StateMachineUpdater] INFO  ratis.ContainerStateMachine (ContainerStateMachine.java:takeSnapshot(304)) - group-B2E206CA8776: Taking a snapshot at:(t:1, i:0) file /home/runner/work/ozone/ozone/hadoop-ozone/integration-test/target/test-dir/MiniOzoneClusterImpl-5354faea-c150-4163-8100-b2f9ddc2915f/datanode-3/data/ratis/23e25196-c9d6-44c0-8a93-b2e206ca8776/sm/snapshot.1_0
2022-08-02 00:59:53,723 [745fb3ed-7598-48f6-8d50-527171c84407@group-B2E206CA8776-StateMachineUpdater] INFO  ratis.ContainerStateMachine (ContainerStateMachine.java:takeSnapshot(315)) - group-B2E206CA8776: Finished taking a snapshot at:(t:1, i:0) file:/home/runner/work/ozone/ozone/hadoop-ozone/integration-test/target/test-dir/MiniOzoneClusterImpl-5354faea-c150-4163-8100-b2f9ddc2915f/datanode-3/data/ratis/23e25196-c9d6-44c0-8a93-b2e206ca8776/sm/snapshot.1_0 took: 15 ms
2022-08-02 00:59:53,724 [745fb3ed-7598-48f6-8d50-527171c84407@group-B2E206CA8776-StateMachineUpdater] INFO  impl.StateMachineUpdater (StateMachineUpdater.java:takeSnapshot(287)) - 745fb3ed-7598-48f6-8d50-527171c84407@group-B2E206CA8776-StateMachineUpdater: Took a snapshot at index 0
2022-08-02 00:59:53,724 [745fb3ed-7598-48f6-8d50-527171c84407@group-B2E206CA8776-StateMachineUpdater] INFO  impl.StateMachineUpdater (StateMachineUpdater.java:lambda$new$0(92)) - 745fb3ed-7598-48f6-8d50-527171c84407@group-B2E206CA8776-StateMachineUpdater: snapshotIndex: updateIncreasingly -1 -> 0
2022-08-02 00:59:53,724 [Listener at 127.0.0.1/34881] INFO  server.RaftServer$Division (ServerState.java:close(429)) - 745fb3ed-7598-48f6-8d50-527171c84407@group-B2E206CA8776: closes. applyIndex: 0
2022-08-02 00:59:53,724 [745fb3ed-7598-48f6-8d50-527171c84407@group-B2E206CA8776-SegmentedRaftLogWorker] INFO  segmented.SegmentedRaftLogWorker (SegmentedRaftLogWorker.java:run(336)) - 745fb3ed-7598-48f6-8d50-527171c84407@group-B2E206CA8776-SegmentedRaftLogWorker was interrupted, exiting. There are 0 tasks remaining in the queue.
2022-08-02 00:59:53,724 [Listener at 127.0.0.1/34881] INFO  segmented.SegmentedRaftLogWorker (SegmentedRaftLogWorker.java:close(246)) - 745fb3ed-7598-48f6-8d50-527171c84407@group-B2E206CA8776-SegmentedRaftLogWorker close()
2022-08-02 00:59:53,732 [Listener at 127.0.0.1/34881] INFO  server.GrpcService (GrpcService.java:closeImpl(269)) - 745fb3ed-7598-48f6-8d50-527171c84407: shutdown server with port 37527 now
2022-08-02 00:59:53,733 [Listener at 127.0.0.1/34881] INFO  server.GrpcService (GrpcService.java:closeImpl(278)) - 745fb3ed-7598-48f6-8d50-527171c84407: shutdown server with port 37527 successfully
2022-08-02 00:59:53,734 [org.apache.ratis.util.JvmPauseMonitor$$Lambda$631/1000159038@155a30b9] INFO  util.JvmPauseMonitor (JvmPauseMonitor.java:run(109)) - JvmPauseMonitor-745fb3ed-7598-48f6-8d50-527171c84407: Stopped
2022-08-02 00:59:54,128 [ReplicationMonitor] WARN  replication.LegacyReplicationManager (LegacyReplicationManager.java:handleUnderReplicatedContainer(1224)) - Cannot replicate container #1, no healthy replica found.
2022-08-02 00:59:54,129 [ReplicationMonitor] WARN  replication.LegacyReplicationManager (LegacyReplicationManager.java:handleUnderReplicatedContainer(1224)) - Cannot replicate container #2, no healthy replica found.
2022-08-02 00:59:54,129 [ReplicationMonitor] WARN  replication.LegacyReplicationManager (LegacyReplicationManager.java:handleUnderReplicatedContainer(1224)) - Cannot replicate container #3, no healthy replica found.
2022-08-02 00:59:54,129 [ReplicationMonitor] INFO  replication.ReplicationManager (ReplicationManager.java:processAll(287)) - Replication Monitor Thread took 0 milliseconds for processing 3 containers.
2022-08-02 00:59:54,479 [EventQueue-DeadNodeForDeadNodeHandler] INFO  node.DeadNodeHandler (DeadNodeHandler.java:onMessage(81)) - A dead datanode is detected. 745fb3ed-7598-48f6-8d50-527171c84407{ip: 10.1.0.31, host: fv-az164-385.acqy4frhnxdelaro313li45hge.dx.internal.cloudapp.net, ports: [REPLICATION=38827, RATIS=37527, RATIS_ADMIN=37527, RATIS_SERVER=37527, STANDALONE=44121], networkLocation: /default-rack, certSerialId: null, persistedOpState: IN_SERVICE, persistedOpStateExpiryEpochSec: 0}
2022-08-02 00:59:54,479 [EventQueue-DeadNodeForDeadNodeHandler] INFO  pipeline.RatisPipelineProvider (RatisPipelineProvider.java:lambda$close$1(244)) - Send pipeline:PipelineID=23e25196-c9d6-44c0-8a93-b2e206ca8776 close command to datanode 745fb3ed-7598-48f6-8d50-527171c84407
2022-08-02 00:59:54,480 [EventQueue-DeadNodeForDeadNodeHandler] INFO  pipeline.PipelineStateManagerImpl (PipelineStateManagerImpl.java:removePipeline(245)) - Pipeline Pipeline[ Id: 23e25196-c9d6-44c0-8a93-b2e206ca8776, Nodes: 745fb3ed-7598-48f6-8d50-527171c84407{ip: 10.1.0.31, host: fv-az164-385.acqy4frhnxdelaro313li45hge.dx.internal.cloudapp.net, ports: [REPLICATION=38827, RATIS=37527, RATIS_ADMIN=37527, RATIS_SERVER=37527, STANDALONE=44121], networkLocation: /default-rack, certSerialId: null, persistedOpState: IN_SERVICE, persistedOpStateExpiryEpochSec: 0}, ReplicationConfig: RATIS/ONE, State:CLOSED, leaderId:745fb3ed-7598-48f6-8d50-527171c84407, CreationTimestamp2022-08-02T00:59:12.830Z[Etc/UTC]] removed.
2022-08-02 00:59:54,480 [EventQueue-DeadNodeForDeadNodeHandler] INFO  net.NetworkTopologyImpl (NetworkTopologyImpl.java:remove(190)) - Removed a node: /default-rack/745fb3ed-7598-48f6-8d50-527171c84407
2022-08-02 00:59:55,129 [ReplicationMonitor] WARN  replication.LegacyReplicationManager (LegacyReplicationManager.java:handleUnderReplicatedContainer(1224)) - Cannot replicate container #1, no healthy replica found.
2022-08-02 00:59:55,129 [ReplicationMonitor] WARN  replication.LegacyReplicationManager (LegacyReplicationManager.java:handleUnderReplicatedContainer(1224)) - Cannot replicate container #2, no healthy replica found.
2022-08-02 00:59:55,130 [ReplicationMonitor] WARN  replication.LegacyReplicationManager (LegacyReplicationManager.java:handleUnderReplicatedContainer(1224)) - Cannot replicate container #3, no healthy replica found.
2022-08-02 00:59:55,130 [ReplicationMonitor] INFO  replication.ReplicationManager (ReplicationManager.java:processAll(287)) - Replication Monitor Thread took 0 milliseconds for processing 3 containers.
2022-08-02 00:59:55,761 [Listener at 127.0.0.1/34881] INFO  utils.BackgroundService (BackgroundService.java:shutdown(141)) - Shutting down service BlockDeletingService
2022-08-02 00:59:55,762 [Listener at 127.0.0.1/34881] INFO  utils.BackgroundService (BackgroundService.java:shutdown(141)) - Shutting down service StaleRecoveringContainerScrubbingService
2022-08-02 00:59:56,130 [ReplicationMonitor] WARN  replication.LegacyReplicationManager (LegacyReplicationManager.java:handleUnderReplicatedContainer(1224)) - Cannot replicate container #1, no healthy replica found.
2022-08-02 00:59:56,130 [ReplicationMonitor] WARN  replication.LegacyReplicationManager (LegacyReplicationManager.java:handleUnderReplicatedContainer(1224)) - Cannot replicate container #2, no healthy replica found.
2022-08-02 00:59:56,130 [ReplicationMonitor] WARN  replication.LegacyReplicationManager (LegacyReplicationManager.java:handleUnderReplicatedContainer(1224)) - Cannot replicate container #3, no healthy replica found.
2022-08-02 00:59:56,130 [ReplicationMonitor] INFO  replication.ReplicationManager (ReplicationManager.java:processAll(287)) - Replication Monitor Thread took 1 milliseconds for processing 3 containers.
2022-08-02 00:59:57,133 [ReplicationMonitor] WARN  replication.LegacyReplicationManager (LegacyReplicationManager.java:handleUnderReplicatedContainer(1224)) - Cannot replicate container #1, no healthy replica found.
2022-08-02 00:59:57,133 [ReplicationMonitor] WARN  replication.LegacyReplicationManager (LegacyReplicationManager.java:handleUnderReplicatedContainer(1224)) - Cannot replicate container #2, no healthy replica found.
2022-08-02 00:59:57,133 [ReplicationMonitor] WARN  replication.LegacyReplicationManager (LegacyReplicationManager.java:handleUnderReplicatedContainer(1224)) - Cannot replicate container #3, no healthy replica found.
2022-08-02 00:59:57,133 [ReplicationMonitor] INFO  replication.ReplicationManager (ReplicationManager.java:processAll(287)) - Replication Monitor Thread took 1 milliseconds for processing 3 containers.
2022-08-02 00:59:58,134 [ReplicationMonitor] WARN  replication.LegacyReplicationManager (LegacyReplicationManager.java:handleUnderReplicatedContainer(1224)) - Cannot replicate container #1, no healthy replica found.
2022-08-02 00:59:58,134 [ReplicationMonitor] WARN  replication.LegacyReplicationManager (LegacyReplicationManager.java:handleUnderReplicatedContainer(1224)) - Cannot replicate container #2, no healthy replica found.
2022-08-02 00:59:58,134 [ReplicationMonitor] WARN  replication.LegacyReplicationManager (LegacyReplicationManager.java:handleUnderReplicatedContainer(1224)) - Cannot replicate container #3, no healthy replica found.
2022-08-02 00:59:58,134 [ReplicationMonitor] INFO  replication.ReplicationManager (ReplicationManager.java:processAll(287)) - Replication Monitor Thread took 1 milliseconds for processing 3 containers.
2022-08-02 00:59:58,778 [Listener at 127.0.0.1/34881] INFO  statemachine.DatanodeStateMachine (DatanodeStateMachine.java:stopDaemon(580)) - Ozone container server stopped.
2022-08-02 00:59:58,789 [Listener at 127.0.0.1/34881] INFO  handler.ContextHandler (ContextHandler.java:doStop(1153)) - Stopped o.e.j.w.WebAppContext@12da8fda{hddsDatanode,/,null,STOPPED}{jar:file:/home/runner/.m2/repository/org/apache/ozone/hdds-container-service/1.3.0-SNAPSHOT/hdds-container-service-1.3.0-SNAPSHOT.jar!/webapps/hddsDatanode}
2022-08-02 00:59:58,789 [Listener at 127.0.0.1/34881] INFO  server.AbstractConnector (AbstractConnector.java:doStop(381)) - Stopped ServerConnector@6f74bdef{HTTP/1.1, (http/1.1)}{0.0.0.0:0}
2022-08-02 00:59:58,790 [Listener at 127.0.0.1/34881] INFO  server.session (HouseKeeper.java:stopScavenging(149)) - node0 Stopped scavenging
2022-08-02 00:59:58,790 [Listener at 127.0.0.1/34881] INFO  handler.ContextHandler (ContextHandler.java:doStop(1153)) - Stopped o.e.j.s.ServletContextHandler@609fce52{static,/static,jar:file:/home/runner/.m2/repository/org/apache/ozone/hdds-container-service/1.3.0-SNAPSHOT/hdds-container-service-1.3.0-SNAPSHOT.jar!/webapps/static,STOPPED}
2022-08-02 00:59:58,790 [Listener at 127.0.0.1/34881] INFO  handler.ContextHandler (ContextHandler.java:doStop(1153)) - Stopped o.e.j.s.ServletContextHandler@64428d6f{logs,/logs,file:///home/runner/work/ozone/ozone/hadoop-ozone/integration-test/target/log,STOPPED}
2022-08-02 00:59:58,793 [Listener at 127.0.0.1/34881] INFO  ozone.MiniOzoneClusterImpl (MiniOzoneClusterImpl.java:stopSCM(537)) - Stopping the StorageContainerManager
2022-08-02 00:59:58,793 [Listener at 127.0.0.1/34881] INFO  server.StorageContainerManager (StorageContainerManager.java:stop(1552)) - Container Balancer is not running.
2022-08-02 00:59:58,793 [Listener at 127.0.0.1/34881] INFO  server.StorageContainerManager (StorageContainerManager.java:stop(1559)) - Stopping Replication Manager Service.
2022-08-02 00:59:58,793 [Listener at 127.0.0.1/34881] INFO  replication.ReplicationManager (ReplicationManager.java:stop(233)) - Stopping Replication Monitor Thread.
2022-08-02 00:59:58,793 [Listener at 127.0.0.1/34881] INFO  server.StorageContainerManager (StorageContainerManager.java:stop(1566)) - Stopping the Datanode Admin Monitor.
2022-08-02 00:59:58,793 [ReplicationMonitor] INFO  replication.ReplicationManager (ReplicationManager.java:run(466)) - Replication Monitor Thread is stopped
2022-08-02 00:59:58,794 [Listener at 127.0.0.1/34881] INFO  server.StorageContainerManager (StorageContainerManager.java:stop(1573)) - Stopping Lease Manager of the command watchers
2022-08-02 00:59:58,794 [Listener at 127.0.0.1/34881] INFO  server.StorageContainerManager (StorageContainerManager.java:stop(1580)) - Stopping datanode service RPC server
2022-08-02 00:59:58,794 [Listener at 127.0.0.1/34881] INFO  server.SCMDatanodeProtocolServer (SCMDatanodeProtocolServer.java:stop(414)) - Stopping the RPC server for DataNodes
2022-08-02 00:59:58,794 [Listener at 127.0.0.1/34881] INFO  ipc.Server (Server.java:stop(3414)) - Stopping server on 36037
2022-08-02 00:59:58,795 [IPC Server listener on 0] INFO  ipc.Server (Server.java:run(1376)) - Stopping IPC Server listener on 0
2022-08-02 00:59:58,795 [IPC Server Responder] INFO  ipc.Server (Server.java:run(1512)) - Stopping IPC Server Responder
2022-08-02 00:59:58,884 [SCM Heartbeat Processing Thread - 0] WARN  node.NodeStateManager (NodeStateManager.java:scheduleNextHealthCheck(870)) - Current Thread is interrupted, shutting down HB processing thread for Node Manager.
2022-08-02 00:59:58,884 [Listener at 127.0.0.1/34881] INFO  server.StorageContainerManager (StorageContainerManager.java:stop(1588)) - Stopping block service RPC server
2022-08-02 00:59:58,884 [Listener at 127.0.0.1/34881] INFO  server.SCMBlockProtocolServer (SCMBlockProtocolServer.java:stop(161)) - Stopping the RPC server for Block Protocol
2022-08-02 00:59:58,885 [Listener at 127.0.0.1/34881] INFO  ipc.Server (Server.java:stop(3414)) - Stopping server on 44785
2022-08-02 00:59:58,886 [Listener at 127.0.0.1/34881] INFO  server.StorageContainerManager (StorageContainerManager.java:stop(1595)) - Stopping the StorageContainerLocationProtocol RPC server
2022-08-02 00:59:58,886 [Listener at 127.0.0.1/34881] INFO  server.SCMClientProtocolServer (SCMClientProtocolServer.java:stop(179)) - Stopping the RPC server for Client Protocol
2022-08-02 00:59:58,886 [Listener at 127.0.0.1/34881] INFO  ipc.Server (Server.java:stop(3414)) - Stopping server on 37911
2022-08-02 00:59:58,886 [IPC Server Responder] INFO  ipc.Server (Server.java:run(1512)) - Stopping IPC Server Responder
2022-08-02 00:59:58,887 [IPC Server listener on 0] INFO  ipc.Server (Server.java:run(1376)) - Stopping IPC Server listener on 0
2022-08-02 00:59:58,888 [Listener at 127.0.0.1/34881] INFO  server.StorageContainerManager (StorageContainerManager.java:stop(1602)) - Stopping Storage Container Manager HTTP server.
2022-08-02 00:59:58,889 [Listener at 127.0.0.1/34881] INFO  handler.ContextHandler (ContextHandler.java:doStop(1153)) - Stopped o.e.j.w.WebAppContext@20b98058{scm,/,null,STOPPED}{file:/home/runner/work/ozone/ozone/hadoop-ozone/integration-test/target/test-classes/webapps/scm}
2022-08-02 00:59:58,889 [IPC Server Responder] INFO  ipc.Server (Server.java:run(1512)) - Stopping IPC Server Responder
2022-08-02 00:59:58,889 [IPC Server listener on 0] INFO  ipc.Server (Server.java:run(1376)) - Stopping IPC Server listener on 0
2022-08-02 00:59:58,890 [Listener at 127.0.0.1/34881] INFO  server.AbstractConnector (AbstractConnector.java:doStop(381)) - Stopped ServerConnector@3bac9d76{HTTP/1.1, (http/1.1)}{0.0.0.0:0}
2022-08-02 00:59:58,890 [Listener at 127.0.0.1/34881] INFO  server.session (HouseKeeper.java:stopScavenging(149)) - node0 Stopped scavenging
2022-08-02 00:59:58,890 [Listener at 127.0.0.1/34881] INFO  handler.ContextHandler (ContextHandler.java:doStop(1153)) - Stopped o.e.j.s.ServletContextHandler@6edb1071{static,/static,file:///home/runner/work/ozone/ozone/hadoop-ozone/integration-test/target/test-classes/webapps/static,STOPPED}
2022-08-02 00:59:58,890 [Listener at 127.0.0.1/34881] INFO  handler.ContextHandler (ContextHandler.java:doStop(1153)) - Stopped o.e.j.s.ServletContextHandler@60fa8f62{logs,/logs,file:///home/runner/work/ozone/ozone/hadoop-ozone/integration-test/target/log,STOPPED}
2022-08-02 00:59:58,891 [Listener at 127.0.0.1/34881] INFO  server.StorageContainerManager (StorageContainerManager.java:stop(1613)) - Stopping Block Manager Service.
2022-08-02 00:59:58,891 [Listener at 127.0.0.1/34881] INFO  utils.BackgroundService (BackgroundService.java:shutdown(141)) - Shutting down service SCMBlockDeletingService
2022-08-02 00:59:58,891 [Listener at 127.0.0.1/34881] INFO  utils.BackgroundService (BackgroundService.java:shutdown(141)) - Shutting down service SCMBlockDeletingService
2022-08-02 00:59:58,892 [Listener at 127.0.0.1/34881] INFO  server.StorageContainerManager (StorageContainerManager.java:stop(1640)) - Stopping SCM Event Queue.
2022-08-02 00:59:58,897 [Listener at 127.0.0.1/34881] INFO  server.StorageContainerManager (StorageContainerManager.java:stop(1651)) - Stopping SCM HA services.
2022-08-02 00:59:58,897 [Listener at 127.0.0.1/34881] INFO  pipeline.BackgroundPipelineCreator (BackgroundPipelineCreator.java:stop(149)) - Stopping RatisPipelineUtilsThread.
2022-08-02 00:59:58,897 [RatisPipelineUtilsThread - 0] WARN  pipeline.BackgroundPipelineCreator (BackgroundPipelineCreator.java:run(180)) - RatisPipelineUtilsThread is interrupted.
2022-08-02 00:59:58,897 [Listener at 127.0.0.1/34881] INFO  BackgroundPipelineScrubber (BackgroundSCMService.java:stop(126)) - Stopping BackgroundPipelineScrubber Service.
2022-08-02 00:59:58,897 [BackgroundPipelineScrubberThread] WARN  BackgroundPipelineScrubber (BackgroundSCMService.java:run(110)) - BackgroundPipelineScrubber is interrupted, exit
2022-08-02 00:59:58,897 [Listener at 127.0.0.1/34881] INFO  server.StorageContainerManager (StorageContainerManager.java:stop(1661)) - Stopping SCM MetadataStore.
2022-08-02 00:59:58,899 [Listener at 127.0.0.1/34881] INFO  impl.MetricsSystemImpl (MetricsSystemImpl.java:stop(210)) - Stopping XceiverClientMetrics metrics system...
2022-08-02 00:59:58,918 [prometheus] INFO  impl.MetricsSinkAdapter (MetricsSinkAdapter.java:publishMetricsFromQueue(141)) - prometheus thread interrupted.
2022-08-02 00:59:58,918 [Listener at 127.0.0.1/34881] INFO  impl.MetricsSystemImpl (MetricsSystemImpl.java:stop(216)) - XceiverClientMetrics metrics system stopped.
]]></system-out>
  </testcase>
  <testcase name="testAll" classname="TestChunkInputStream" time="37.149">
    <error type="java.lang.IllegalArgumentException"><![CDATA[java.lang.IllegalArgumentException: java.lang.IllegalArgumentException: refCount: [1]
	at sun.reflect.NativeConstructorAccessorImpl.newInstance0(Native Method)
	at sun.reflect.NativeConstructorAccessorImpl.newInstance(NativeConstructorAccessorImpl.java:62)
	at sun.reflect.DelegatingConstructorAccessorImpl.newInstance(DelegatingConstructorAccessorImpl.java:45)
	at java.lang.reflect.Constructor.newInstance(Constructor.java:423)
	at java.util.concurrent.ForkJoinTask.getThrowableException(ForkJoinTask.java:593)
	at java.util.concurrent.ForkJoinTask.reportException(ForkJoinTask.java:677)
	at java.util.concurrent.ForkJoinTask.invoke(ForkJoinTask.java:735)
	at java.util.stream.ForEachOps$ForEachOp.evaluateParallel(ForEachOps.java:159)
	at java.util.stream.ForEachOps$ForEachOp$OfRef.evaluateParallel(ForEachOps.java:173)
	at java.util.stream.AbstractPipeline.evaluate(AbstractPipeline.java:233)
	at java.util.stream.ReferencePipeline.forEach(ReferencePipeline.java:485)
	at java.util.stream.ReferencePipeline$Head.forEach(ReferencePipeline.java:650)
	at org.apache.hadoop.ozone.MiniOzoneClusterImpl.stopDatanodes(MiniOzoneClusterImpl.java:524)
	at org.apache.hadoop.ozone.MiniOzoneClusterImpl.stop(MiniOzoneClusterImpl.java:465)
	at org.apache.hadoop.ozone.MiniOzoneClusterImpl.shutdown(MiniOzoneClusterImpl.java:452)
	at org.apache.hadoop.ozone.client.rpc.read.TestInputStreamBase.shutdown(TestInputStreamBase.java:146)
	at sun.reflect.NativeMethodAccessorImpl.invoke0(Native Method)
	at sun.reflect.NativeMethodAccessorImpl.invoke(NativeMethodAccessorImpl.java:62)
	at sun.reflect.DelegatingMethodAccessorImpl.invoke(DelegatingMethodAccessorImpl.java:43)
	at java.lang.reflect.Method.invoke(Method.java:498)
	at org.junit.runners.model.FrameworkMethod$1.runReflectiveCall(FrameworkMethod.java:59)
	at org.junit.internal.runners.model.ReflectiveCallable.run(ReflectiveCallable.java:12)
	at org.junit.runners.model.FrameworkMethod.invokeExplosively(FrameworkMethod.java:56)
	at org.junit.internal.runners.statements.RunAfters.invokeMethod(RunAfters.java:46)
	at org.junit.internal.runners.statements.RunAfters.evaluate(RunAfters.java:33)
	at org.junit.internal.runners.statements.FailOnTimeout$CallableStatement.call(FailOnTimeout.java:288)
	at org.junit.internal.runners.statements.FailOnTimeout$CallableStatement.call(FailOnTimeout.java:282)
	at java.util.concurrent.FutureTask.run(FutureTask.java:266)
	at java.lang.Thread.run(Thread.java:750)
Caused by: java.lang.IllegalArgumentException: refCount: [1]
	at com.google.common.base.Preconditions.checkArgument(Preconditions.java:206)
	at org.apache.hadoop.ozone.container.common.utils.ContainerCache.shutdownCache(ContainerCache.java:96)
	at org.apache.hadoop.ozone.container.keyvalue.helpers.BlockUtils.shutdownCache(BlockUtils.java:172)
	at org.apache.hadoop.ozone.container.keyvalue.impl.BlockManagerImpl.shutdown(BlockManagerImpl.java:350)
	at org.apache.hadoop.ozone.container.keyvalue.KeyValueHandler.stop(KeyValueHandler.java:187)
	at java.util.HashMap$Values.forEach(HashMap.java:982)
	at org.apache.hadoop.ozone.container.ozoneimpl.OzoneContainer.stop(OzoneContainer.java:404)
	at org.apache.hadoop.ozone.container.common.statemachine.DatanodeStateMachine.close(DatanodeStateMachine.java:405)
	at org.apache.hadoop.ozone.container.common.statemachine.DatanodeStateMachine.stopDaemon(DatanodeStateMachine.java:579)
	at org.apache.hadoop.ozone.HddsDatanodeService.stop(HddsDatanodeService.java:571)
	at org.apache.hadoop.ozone.MiniOzoneClusterImpl.stopDatanode(MiniOzoneClusterImpl.java:530)
	at java.util.stream.ForEachOps$ForEachOp$OfRef.accept(ForEachOps.java:183)
	at java.util.ArrayList$ArrayListSpliterator.forEachRemaining(ArrayList.java:1384)
	at java.util.stream.AbstractPipeline.copyInto(AbstractPipeline.java:482)
	at java.util.stream.ForEachOps$ForEachTask.compute(ForEachOps.java:290)
	at java.util.concurrent.CountedCompleter.exec(CountedCompleter.java:731)
	at java.util.concurrent.ForkJoinTask.doExec(ForkJoinTask.java:289)
	at java.util.concurrent.ForkJoinPool$WorkQueue.runTask(ForkJoinPool.java:1056)
	at java.util.concurrent.ForkJoinPool.runWorker(ForkJoinPool.java:1692)
	at java.util.concurrent.ForkJoinWorkerThread.run(ForkJoinWorkerThread.java:175)
]]></error>
    <system-out><![CDATA[2022-08-02 00:59:59,123 [Time-limited test] WARN  server.ServerUtils (ServerUtils.java:getScmDbDir(148)) - ozone.scm.db.dirs is not configured. We recommend adding this setting. Falling back to ozone.metadata.dirs instead.
2022-08-02 00:59:59,140 [Time-limited test] WARN  server.ServerUtils (ServerUtils.java:getScmDbDir(148)) - ozone.scm.db.dirs is not configured. We recommend adding this setting. Falling back to ozone.metadata.dirs instead.
2022-08-02 00:59:59,140 [Time-limited test] INFO  ha.SCMHANodeDetails (SCMHANodeDetails.java:loadSCMHAConfig(209)) - ServiceID for StorageContainerManager is null
2022-08-02 00:59:59,140 [Time-limited test] INFO  ha.SCMHANodeDetails (SCMHANodeDetails.java:loadSCMHAConfig(214)) - ozone.scm.default.service.id is not defined, falling back to ozone.scm.service.ids to find serviceID for StorageContainerManager if it is HA enabled cluster
2022-08-02 00:59:59,141 [Time-limited test] WARN  utils.HAUtils (HAUtils.java:getMetaDir(342)) - ozone.scm.db.dirs is not configured. We recommend adding this setting. Falling back to ozone.metadata.dirs instead.
2022-08-02 00:59:59,141 [Time-limited test] WARN  db.DBStoreBuilder (DBStoreBuilder.java:applyDBDefinition(145)) - ozone.scm.db.dirs is not configured. We recommend adding this setting. Falling back to ozone.metadata.dirs instead.
2022-08-02 00:59:59,380 [Time-limited test] INFO  net.NodeSchemaLoader (NodeSchemaLoader.java:loadSchemaFromFile(129)) - Loading schema from [jar:file:/home/runner/.m2/repository/org/apache/ozone/hdds-common/1.3.0-SNAPSHOT/hdds-common-1.3.0-SNAPSHOT.jar!/network-topology-default.xml]
2022-08-02 00:59:59,380 [Time-limited test] INFO  net.NodeSchemaLoader (NodeSchemaLoader.java:loadSchema(176)) - Loading network topology layer schema file
2022-08-02 00:59:59,391 [Time-limited test] WARN  impl.MetricRegistriesImpl (MetricRegistriesImpl.java:addReporterRegistration(111)) - New reporters are added after registries were created. Some metrics will be missing from the reporter. Please add reporter before adding any new registry.
2022-08-02 00:59:59,391 [Time-limited test] WARN  impl.MetricRegistriesImpl (MetricRegistriesImpl.java:addReporterRegistration(111)) - New reporters are added after registries were created. Some metrics will be missing from the reporter. Please add reporter before adding any new registry.
2022-08-02 00:59:59,391 [Time-limited test] INFO  upgrade.AbstractLayoutVersionManager (AbstractLayoutVersionManager.java:init(83)) - Initializing Layout version manager with metadata layout = DATANODE_SCHEMA_V3 (version = 4), software layout = DATANODE_SCHEMA_V3 (version = 4)
2022-08-02 00:59:59,523 [Time-limited test] INFO  reflections.Reflections (Reflections.java:scan(232)) - Reflections took 130 ms to scan 7 urls, producing 132 keys and 321 values 
2022-08-02 00:59:59,546 [Time-limited test] INFO  ha.SequenceIdGenerator (SequenceIdGenerator.java:upgradeToSequenceId(349)) - upgrade localId to 109611004723200000
2022-08-02 00:59:59,546 [Time-limited test] INFO  ha.SequenceIdGenerator (SequenceIdGenerator.java:upgradeToSequenceId(359)) - upgrade delTxnId to 0
2022-08-02 00:59:59,546 [Time-limited test] INFO  ha.SequenceIdGenerator (SequenceIdGenerator.java:upgradeToSequenceId(376)) - upgrade containerId to 0
2022-08-02 00:59:59,546 [Time-limited test] INFO  ha.SequenceIdGenerator (SequenceIdGenerator.java:<init>(220)) - Init the HA SequenceIdGenerator.
2022-08-02 00:59:59,554 [Time-limited test] INFO  node.SCMNodeManager (SCMNodeManager.java:<init>(149)) - Entering startup safe mode.
2022-08-02 00:59:59,554 [Time-limited test] INFO  algorithms.ContainerPlacementPolicyFactory (ContainerPlacementPolicyFactory.java:getPolicyInternal(86)) - Create container placement policy of type org.apache.hadoop.hdds.scm.container.placement.algorithms.SCMContainerPlacementRandom
2022-08-02 00:59:59,554 [Time-limited test] INFO  algorithms.ContainerPlacementPolicyFactory (ContainerPlacementPolicyFactory.java:getPolicyInternal(86)) - Create container placement policy of type org.apache.hadoop.hdds.scm.container.placement.algorithms.SCMContainerPlacementRackScatter
2022-08-02 00:59:59,554 [Time-limited test] INFO  pipeline.PipelineStateManagerImpl (PipelineStateManagerImpl.java:initialize(78)) - No pipeline exists in current db
2022-08-02 00:59:59,555 [Time-limited test] INFO  algorithms.LeaderChoosePolicyFactory (LeaderChoosePolicyFactory.java:getPolicy(57)) - Create leader choose policy of type org.apache.hadoop.hdds.scm.pipeline.leader.choose.algorithms.MinLeaderCountChoosePolicy
2022-08-02 00:59:59,555 [Time-limited test] INFO  algorithms.ContainerPlacementPolicyFactory (ContainerPlacementPolicyFactory.java:getPolicyInternal(86)) - Create container placement policy of type org.apache.hadoop.hdds.scm.container.placement.algorithms.SCMContainerPlacementRackScatter
2022-08-02 00:59:59,555 [Time-limited test] INFO  ha.SCMServiceManager (SCMServiceManager.java:register(42)) - Registering service BackgroundPipelineCreator.
2022-08-02 00:59:59,555 [Time-limited test] INFO  pipeline.BackgroundPipelineCreator (BackgroundPipelineCreator.java:start(124)) - Starting RatisPipelineUtilsThread.
2022-08-02 00:59:59,556 [Time-limited test] INFO  BackgroundPipelineScrubber (BackgroundSCMService.java:start(68)) - Starting BackgroundPipelineScrubber Service.
2022-08-02 00:59:59,573 [Time-limited test] INFO  ha.SCMServiceManager (SCMServiceManager.java:register(42)) - Registering service BackgroundPipelineScrubber.
2022-08-02 00:59:59,573 [Time-limited test] INFO  ExpiredContainerReplicaOpScrubber (BackgroundSCMService.java:start(68)) - Starting ExpiredContainerReplicaOpScrubber Service.
2022-08-02 00:59:59,581 [Time-limited test] INFO  ha.SCMServiceManager (SCMServiceManager.java:register(42)) - Registering service ExpiredContainerReplicaOpScrubber.
2022-08-02 00:59:59,581 [Time-limited test] INFO  algorithms.PipelineChoosePolicyFactory (PipelineChoosePolicyFactory.java:createPipelineChoosePolicyFromClass(73)) - Create pipeline choose policy of type org.apache.hadoop.hdds.scm.pipeline.choose.algorithms.RandomPipelineChoosePolicy
2022-08-02 00:59:59,582 [Time-limited test] INFO  ha.SCMServiceManager (SCMServiceManager.java:register(42)) - Registering service SCMBlockDeletingService.
2022-08-02 00:59:59,582 [Time-limited test] INFO  replication.ReplicationManager (ReplicationManager.java:start(200)) - Starting Replication Monitor Thread.
2022-08-02 00:59:59,585 [Time-limited test] INFO  UnderReplicatedQueueThread (BackgroundSCMService.java:start(68)) - Starting UnderReplicatedQueueThread Service.
2022-08-02 00:59:59,589 [Time-limited test] INFO  ha.SCMServiceManager (SCMServiceManager.java:register(42)) - Registering service UnderReplicatedQueueThread.
2022-08-02 00:59:59,589 [Time-limited test] INFO  OverReplicatedQueueThread (BackgroundSCMService.java:start(68)) - Starting OverReplicatedQueueThread Service.
2022-08-02 00:59:59,589 [Time-limited test] INFO  ha.SCMServiceManager (SCMServiceManager.java:register(42)) - Registering service OverReplicatedQueueThread.
2022-08-02 00:59:59,589 [Time-limited test] INFO  ha.SCMServiceManager (SCMServiceManager.java:register(42)) - Registering service ReplicationManager.
2022-08-02 00:59:59,589 [Time-limited test] INFO  safemode.ContainerSafeModeRule (ContainerSafeModeRule.java:<init>(89)) - containers with one replica threshold count 0
2022-08-02 00:59:59,589 [Time-limited test] INFO  safemode.HealthyPipelineSafeModeRule (HealthyPipelineSafeModeRule.java:initializeRule(169)) - Total pipeline count is 0, healthy pipeline threshold count is 1
2022-08-02 00:59:59,590 [Time-limited test] INFO  safemode.OneReplicaPipelineSafeModeRule (OneReplicaPipelineSafeModeRule.java:initializeRule(180)) - Total pipeline count is 0, pipeline's with at least one datanode reported threshold count is 0
2022-08-02 00:59:59,590 [Time-limited test] INFO  ipc.CallQueueManager (CallQueueManager.java:<init>(90)) - Using callQueue: class java.util.concurrent.LinkedBlockingQueue, queueCapacity: 2000, scheduler: class org.apache.hadoop.ipc.DefaultRpcScheduler, ipcBackoff: false.
2022-08-02 00:59:59,594 [Socket Reader #1 for port 0] INFO  ipc.Server (Server.java:run(1265)) - Starting Socket Reader #1 for port 0
2022-08-02 00:59:59,594 [Listener at 0.0.0.0/42269] INFO  ipc.CallQueueManager (CallQueueManager.java:<init>(90)) - Using callQueue: class java.util.concurrent.LinkedBlockingQueue, queueCapacity: 2000, scheduler: class org.apache.hadoop.ipc.DefaultRpcScheduler, ipcBackoff: false.
2022-08-02 00:59:59,601 [Socket Reader #1 for port 0] INFO  ipc.Server (Server.java:run(1265)) - Starting Socket Reader #1 for port 0
2022-08-02 00:59:59,609 [Listener at 0.0.0.0/37839] INFO  ipc.CallQueueManager (CallQueueManager.java:<init>(90)) - Using callQueue: class java.util.concurrent.LinkedBlockingQueue, queueCapacity: 2000, scheduler: class org.apache.hadoop.ipc.DefaultRpcScheduler, ipcBackoff: false.
2022-08-02 00:59:59,618 [Socket Reader #1 for port 0] INFO  ipc.Server (Server.java:run(1265)) - Starting Socket Reader #1 for port 0
2022-08-02 00:59:59,633 [ReplicationMonitor] INFO  replication.ReplicationManager (ReplicationManager.java:processAll(249)) - Replication Manager is not ready to run until 3000ms after safemode exit
2022-08-02 00:59:59,678 [Listener at 0.0.0.0/40185] INFO  ha.SCMServiceManager (SCMServiceManager.java:register(42)) - Registering service ContainerBalancer.
2022-08-02 00:59:59,678 [Listener at 0.0.0.0/40185] INFO  server.StorageContainerManager (StorageContainerManager.java:<init>(406)) - 
Container Balancer status:
Key                            Value
Running                        false
Container Balancer Configuration values:
Key                                                Value
Threshold                                          10
Max Datanodes to Involve per Iteration(percent)    20
Max Size to Move per Iteration                     500GB
Max Size Entering Target per Iteration             26GB
Max Size Leaving Source per Iteration              26GB

2022-08-02 00:59:59,678 [Listener at 0.0.0.0/40185] WARN  events.EventQueue (EventQueue.java:fireEvent(216)) - No event handler registered for event TypedEvent{payloadType=SafeModeStatus, name='Safe mode status'}
2022-08-02 00:59:59,678 [Listener at 0.0.0.0/40185] INFO  ha.SCMContext (SCMContext.java:updateSafeModeStatus(228)) - Update SafeModeStatus from SafeModeStatus{safeModeStatus=true, preCheckPassed=false} to SafeModeStatus{safeModeStatus=true, preCheckPassed=false}.
2022-08-02 00:59:59,679 [Listener at 0.0.0.0/40185] INFO  server.StorageContainerManager (StorageContainerManager.java:start(1460)) - StorageContainerLocationProtocol RPC server is listening at /0.0.0.0:40185
2022-08-02 00:59:59,680 [Listener at 0.0.0.0/40185] WARN  impl.MetricsConfig (MetricsConfig.java:loadFirst(136)) - Cannot locate configuration: tried hadoop-metrics2-storagecontainermanager.properties,hadoop-metrics2.properties
2022-08-02 00:59:59,681 [Listener at 0.0.0.0/40185] INFO  impl.MetricsSystemImpl (MetricsSystemImpl.java:startTimer(378)) - Scheduled Metric snapshot period at 10 second(s).
2022-08-02 00:59:59,681 [Listener at 0.0.0.0/40185] INFO  impl.MetricsSystemImpl (MetricsSystemImpl.java:start(191)) - StorageContainerManager metrics system started
2022-08-02 00:59:59,697 [Listener at 0.0.0.0/40185] INFO  impl.MetricsSinkAdapter (MetricsSinkAdapter.java:start(204)) - Sink prometheus started
2022-08-02 00:59:59,697 [Listener at 0.0.0.0/40185] INFO  impl.MetricsSystemImpl (MetricsSystemImpl.java:registerSink(305)) - Registered sink prometheus
2022-08-02 00:59:59,745 [Listener at 0.0.0.0/40185] INFO  server.SCMClientProtocolServer (SCMClientProtocolServer.java:start(170)) - RPC server for Client  is listening at /0.0.0.0:40185
2022-08-02 00:59:59,745 [IPC Server Responder] INFO  ipc.Server (Server.java:run(1507)) - IPC Server Responder: starting
2022-08-02 00:59:59,765 [IPC Server listener on 0] INFO  ipc.Server (Server.java:run(1344)) - IPC Server listener on 0: starting
2022-08-02 00:59:59,857 [Listener at 0.0.0.0/40185] INFO  server.StorageContainerManager (StorageContainerManager.java:start(1475)) - ScmBlockLocationProtocol RPC server is listening at /0.0.0.0:37839
2022-08-02 00:59:59,857 [Listener at 0.0.0.0/40185] INFO  server.SCMBlockProtocolServer (SCMBlockProtocolServer.java:start(152)) - RPC server for Block Protocol is listening at /0.0.0.0:37839
2022-08-02 00:59:59,859 [IPC Server Responder] INFO  ipc.Server (Server.java:run(1507)) - IPC Server Responder: starting
2022-08-02 00:59:59,865 [IPC Server listener on 0] INFO  ipc.Server (Server.java:run(1344)) - IPC Server listener on 0: starting
2022-08-02 00:59:59,868 [Listener at 0.0.0.0/40185] INFO  server.SCMDatanodeProtocolServer (SCMDatanodeProtocolServer.java:start(186)) - ScmDatanodeProtocol RPC server for DataNodes is listening at /0.0.0.0:42269
2022-08-02 00:59:59,868 [IPC Server Responder] INFO  ipc.Server (Server.java:run(1507)) - IPC Server Responder: starting
2022-08-02 00:59:59,868 [IPC Server listener on 0] INFO  ipc.Server (Server.java:run(1344)) - IPC Server listener on 0: starting
2022-08-02 00:59:59,885 [Listener at 0.0.0.0/40185] INFO  http.BaseHttpServer (BaseHttpServer.java:newHttpServer2BuilderForOzone(209)) - Starting Web-server for scm at: http://0.0.0.0:0
2022-08-02 00:59:59,886 [Listener at 0.0.0.0/40185] INFO  http.BaseHttpServer (BaseHttpServer.java:<init>(107)) - Hadoop Security Enabled: false Ozone Security Enabled: false Ozone HTTP Security Enabled: false 
2022-08-02 00:59:59,887 [Listener at 0.0.0.0/40185] INFO  server.AuthenticationFilter (AuthenticationFilter.java:constructSecretProvider(240)) - Unable to initialize FileSignerSecretProvider, falling back to use random secrets.
2022-08-02 00:59:59,897 [Listener at 0.0.0.0/40185] WARN  http.HttpRequestLog (HttpRequestLog.java:getRequestLog(103)) - Jetty request log can only be enabled using Log4j
2022-08-02 00:59:59,898 [Listener at 0.0.0.0/40185] INFO  http.HttpServer2 (HttpServer2.java:addGlobalFilter(1029)) - Added global filter 'safety' (class=org.apache.hadoop.hdds.server.http.HttpServer2$QuotingInputFilter)
2022-08-02 00:59:59,899 [Listener at 0.0.0.0/40185] INFO  http.HttpServer2 (HttpServer2.java:addFilter(1005)) - Added filter static_user_filter (class=org.apache.hadoop.http.lib.StaticUserWebFilter$StaticUserFilter) to context scm
2022-08-02 00:59:59,899 [Listener at 0.0.0.0/40185] INFO  http.HttpServer2 (HttpServer2.java:addFilter(1013)) - Added filter static_user_filter (class=org.apache.hadoop.http.lib.StaticUserWebFilter$StaticUserFilter) to context static
2022-08-02 00:59:59,899 [Listener at 0.0.0.0/40185] INFO  http.HttpServer2 (HttpServer2.java:addFilter(1013)) - Added filter static_user_filter (class=org.apache.hadoop.http.lib.StaticUserWebFilter$StaticUserFilter) to context logs
2022-08-02 00:59:59,900 [Listener at 0.0.0.0/40185] INFO  http.HttpServer2 (HttpServer2.java:bindListener(1248)) - Jetty bound to port 43383
2022-08-02 00:59:59,900 [Listener at 0.0.0.0/40185] INFO  server.Server (Server.java:doStart(375)) - jetty-9.4.43.v20210629; built: 2021-06-30T11:07:22.254Z; git: 526006ecfa3af7f1a27ef3a288e2bef7ea9dd7e8; jvm 1.8.0_332-b09
2022-08-02 00:59:59,905 [Listener at 0.0.0.0/40185] INFO  server.session (DefaultSessionIdManager.java:doStart(334)) - DefaultSessionIdManager workerName=node0
2022-08-02 00:59:59,905 [Listener at 0.0.0.0/40185] INFO  server.session (DefaultSessionIdManager.java:doStart(339)) - No SessionScavenger set, using defaults
2022-08-02 00:59:59,905 [Listener at 0.0.0.0/40185] INFO  server.session (HouseKeeper.java:startScavenging(132)) - node0 Scavenging every 600000ms
2022-08-02 00:59:59,906 [Listener at 0.0.0.0/40185] INFO  handler.ContextHandler (ContextHandler.java:doStart(915)) - Started o.e.j.s.ServletContextHandler@2882faeb{logs,/logs,file:///home/runner/work/ozone/ozone/hadoop-ozone/integration-test/target/log,AVAILABLE}
2022-08-02 00:59:59,906 [Listener at 0.0.0.0/40185] INFO  handler.ContextHandler (ContextHandler.java:doStart(915)) - Started o.e.j.s.ServletContextHandler@23446bd6{static,/static,file:///home/runner/work/ozone/ozone/hadoop-ozone/integration-test/target/test-classes/webapps/static,AVAILABLE}
2022-08-02 00:59:59,910 [Listener at 0.0.0.0/40185] INFO  handler.ContextHandler (ContextHandler.java:doStart(915)) - Started o.e.j.w.WebAppContext@185799af{scm,/,file:///home/runner/work/ozone/ozone/hadoop-ozone/integration-test/target/test-classes/webapps/scm/,AVAILABLE}{file:/home/runner/work/ozone/ozone/hadoop-ozone/integration-test/target/test-classes/webapps/scm}
2022-08-02 00:59:59,912 [org.apache.hadoop.util.JvmPauseMonitor$Monitor@3c5da0fc] INFO  util.JvmPauseMonitor (JvmPauseMonitor.java:run(188)) - Starting JVM pause monitor
2022-08-02 00:59:59,936 [Listener at 0.0.0.0/40185] INFO  server.AbstractConnector (AbstractConnector.java:doStart(331)) - Started ServerConnector@fad0501{HTTP/1.1, (http/1.1)}{0.0.0.0:43383}
2022-08-02 00:59:59,936 [Listener at 0.0.0.0/40185] INFO  server.Server (Server.java:doStart(415)) - Started @59979ms
2022-08-02 00:59:59,936 [Listener at 0.0.0.0/40185] WARN  impl.MetricsSystemImpl (MetricsSystemImpl.java:register(279)) - Sink prometheus already exists!
2022-08-02 00:59:59,937 [Listener at 0.0.0.0/40185] INFO  http.BaseHttpServer (BaseHttpServer.java:updateConnectorAddress(329)) - HTTP server of scm listening at http://0.0.0.0:43383
2022-08-02 00:59:59,937 [Listener at 0.0.0.0/40185] WARN  server.ServerUtils (ServerUtils.java:getDBPath(225)) - ozone.om.db.dirs is not configured. We recommend adding this setting. Falling back to ozone.metadata.dirs instead.
2022-08-02 00:59:59,940 [Listener at 0.0.0.0/40185] INFO  ha.OMHANodeDetails (OMHANodeDetails.java:loadOMHAConfig(115)) - ozone.om.internal.service.id is not defined, falling back to ozone.om.service.ids to find serviceID for OzoneManager if it is HA enabled cluster
2022-08-02 00:59:59,940 [Listener at 0.0.0.0/40185] INFO  ha.OMHANodeDetails (OMHANodeDetails.java:loadOMHAConfig(226)) - Configuration does not have ozone.om.address set. Falling back to the default OM address /127.0.0.1:0
2022-08-02 00:59:59,940 [Listener at 0.0.0.0/40185] INFO  ha.OMHANodeDetails (OMHANodeDetails.java:getOMNodeDetailsForNonHA(254)) - OM Service ID is not set. Setting it to the default ID: omServiceIdDefault
2022-08-02 00:59:59,940 [Listener at 0.0.0.0/40185] INFO  ha.OMHANodeDetails (OMHANodeDetails.java:getOMNodeDetailsForNonHA(261)) - OM Node ID is not set. Setting it to the default ID: om1
2022-08-02 00:59:59,940 [Listener at 0.0.0.0/40185] WARN  server.ServerUtils (ServerUtils.java:getDBPath(225)) - ozone.om.db.dirs is not configured. We recommend adding this setting. Falling back to ozone.metadata.dirs instead.
2022-08-02 00:59:59,940 [Listener at 0.0.0.0/40185] INFO  upgrade.AbstractLayoutVersionManager (AbstractLayoutVersionManager.java:init(83)) - Initializing Layout version manager with metadata layout = MULTITENANCY_SCHEMA (version = 3), software layout = MULTITENANCY_SCHEMA (version = 3)
2022-08-02 01:00:00,179 [Listener at 0.0.0.0/40185] INFO  reflections.Reflections (Reflections.java:scan(232)) - Reflections took 238 ms to scan 2 urls, producing 152 keys and 424 values [using 2 cores]
2022-08-02 01:00:00,179 [Listener at 0.0.0.0/40185] INFO  upgrade.OMLayoutVersionManager (OMLayoutVersionManager.java:lambda$0(115)) - Skipping Upgrade Action MockOmUpgradeAction since it has been finalized.
2022-08-02 01:00:00,179 [Listener at 0.0.0.0/40185] WARN  server.ServerUtils (ServerUtils.java:getDBPath(225)) - ozone.om.db.dirs is not configured. We recommend adding this setting. Falling back to ozone.metadata.dirs instead.
2022-08-02 01:00:00,180 [Listener at 0.0.0.0/40185] INFO  proxy.SCMBlockLocationFailoverProxyProvider (SCMBlockLocationFailoverProxyProvider.java:<init>(114)) - Created block location fail-over proxy with 1 nodes: [nodeId=scmNodeId,nodeAddress=/0.0.0.0:37839]
2022-08-02 01:00:00,181 [Listener at 0.0.0.0/40185] INFO  proxy.SCMBlockLocationFailoverProxyProvider (SCMBlockLocationFailoverProxyProvider.java:<init>(114)) - Created block location fail-over proxy with 1 nodes: [nodeId=scmNodeId,nodeAddress=/0.0.0.0:37839]
2022-08-02 01:00:00,219 [Listener at 0.0.0.0/40185] WARN  server.ServerUtils (ServerUtils.java:getDBPath(225)) - ozone.om.db.dirs is not configured. We recommend adding this setting. Falling back to ozone.metadata.dirs instead.
2022-08-02 01:00:00,219 [Listener at 0.0.0.0/40185] INFO  codec.OmKeyInfoCodec (OmKeyInfoCodec.java:<init>(49)) - OmKeyInfoCodec ignorePipeline = true
2022-08-02 01:00:00,219 [Listener at 0.0.0.0/40185] INFO  codec.RepeatedOmKeyInfoCodec (RepeatedOmKeyInfoCodec.java:<init>(41)) - RepeatedOmKeyInfoCodec ignorePipeline = true
2022-08-02 01:00:00,553 [Listener at 0.0.0.0/40185] INFO  om.OzoneManager (OzoneManager.java:instantiateServices(696)) - S3 Multi-Tenancy is disabled
2022-08-02 01:00:00,556 [Listener at 0.0.0.0/40185] INFO  om.OzoneManager (OzoneManager.java:addS3GVolumeToDB(4307)) - Created Volume s3v With Owner runner required for S3Gateway operations.
2022-08-02 01:00:00,556 [Listener at 0.0.0.0/40185] WARN  server.ServerUtils (ServerUtils.java:getDefaultRatisDirectory(237)) - Storage directory for Ratis is not configured. It is a good idea to map this to an SSD disk. Falling back to ozone.metadata.dirs
2022-08-02 01:00:00,556 [Listener at 0.0.0.0/40185] WARN  utils.OzoneManagerRatisUtils (OzoneManagerRatisUtils.java:getOMRatisSnapshotDirectory(431)) - ozone.om.ratis.snapshot.dir is not configured. Falling back to ozone.metadata.dirs config
2022-08-02 01:00:00,556 [Listener at 0.0.0.0/40185] WARN  impl.MetricRegistriesImpl (MetricRegistriesImpl.java:addReporterRegistration(111)) - New reporters are added after registries were created. Some metrics will be missing from the reporter. Please add reporter before adding any new registry.
2022-08-02 01:00:00,556 [Listener at 0.0.0.0/40185] WARN  impl.MetricRegistriesImpl (MetricRegistriesImpl.java:addReporterRegistration(111)) - New reporters are added after registries were created. Some metrics will be missing from the reporter. Please add reporter before adding any new registry.
2022-08-02 01:00:00,557 [Listener at 0.0.0.0/40185] WARN  server.ServerUtils (ServerUtils.java:getDefaultRatisDirectory(237)) - Storage directory for Ratis is not configured. It is a good idea to map this to an SSD disk. Falling back to ozone.metadata.dirs
2022-08-02 01:00:00,558 [Listener at 0.0.0.0/40185] INFO  ratis.OzoneManagerRatisServer (OzoneManagerRatisServer.java:<init>(159)) - Instantiating OM Ratis server with groupID: omServiceIdDefault and peers: localhost:9872
2022-08-02 01:00:00,558 [Listener at 0.0.0.0/40185] INFO  ratis.OzoneManagerStateMachine (OzoneManagerStateMachine.java:loadSnapshotInfoFromDB(632)) - LastAppliedIndex is set from TransactionInfo from OM DB as (t:0, i:~)
2022-08-02 01:00:00,558 [Listener at 0.0.0.0/40185] INFO  server.RaftServer (ConfUtils.java:logGet(46)) - raft.rpc.type = GRPC (default)
2022-08-02 01:00:00,558 [Listener at 0.0.0.0/40185] INFO  grpc.GrpcFactory (GrpcFactory.java:checkPooledByteBufAllocatorUseCacheForAllThreads(48)) - PERFORMANCE WARNING: useCacheForAllThreads is true that may cause Netty to create a lot garbage objects and, as a result, trigger GC.
	It is recommended to disable useCacheForAllThreads by setting -Dorg.apache.ratis.thirdparty.io.netty.allocator.useCacheForAllThreads=false in command line.
2022-08-02 01:00:00,558 [Listener at 0.0.0.0/40185] INFO  grpc.GrpcConfigKeys (ConfUtils.java:logGet(46)) - raft.grpc.admin.port = -1 (default)
2022-08-02 01:00:00,561 [Listener at 0.0.0.0/40185] INFO  grpc.GrpcConfigKeys (ConfUtils.java:logGet(46)) - raft.grpc.server.port = 9872 (custom)
2022-08-02 01:00:00,561 [Listener at 0.0.0.0/40185] INFO  grpc.GrpcConfigKeys (ConfUtils.java:logGet(46)) - raft.grpc.client.port = -1 (default)
2022-08-02 01:00:00,561 [Listener at 0.0.0.0/40185] INFO  grpc.GrpcConfigKeys (ConfUtils.java:logGet(46)) - raft.grpc.server.port = 9872 (custom)
2022-08-02 01:00:00,561 [Listener at 0.0.0.0/40185] INFO  grpc.GrpcConfigKeys (ConfUtils.java:logGet(46)) - raft.grpc.server.port = 9872 (custom)
2022-08-02 01:00:00,561 [Listener at 0.0.0.0/40185] INFO  server.GrpcService (ConfUtils.java:logGet(46)) - raft.grpc.message.size.max = 33554432 (custom)
2022-08-02 01:00:00,562 [Listener at 0.0.0.0/40185] INFO  server.RaftServerConfigKeys (ConfUtils.java:logGet(46)) - raft.server.log.appender.buffer.byte-limit = 33554432 (custom)
2022-08-02 01:00:00,562 [Listener at 0.0.0.0/40185] INFO  server.GrpcService (ConfUtils.java:logGet(46)) - raft.grpc.flow.control.window = 1MB (=1048576) (default)
2022-08-02 01:00:00,562 [Listener at 0.0.0.0/40185] INFO  server.RaftServerConfigKeys (ConfUtils.java:logGet(46)) - raft.server.rpc.request.timeout = 3000ms (default)
2022-08-02 01:00:00,562 [Listener at 0.0.0.0/40185] INFO  grpc.GrpcConfigKeys (ConfUtils.java:logGet(46)) - raft.grpc.server.async.request.thread.pool.cached = true (default)
2022-08-02 01:00:00,562 [Listener at 0.0.0.0/40185] INFO  grpc.GrpcConfigKeys (ConfUtils.java:logGet(46)) - raft.grpc.server.async.request.thread.pool.size = 32 (default)
2022-08-02 01:00:00,563 [Listener at 0.0.0.0/40185] INFO  impl.DataStreamServerImpl (ConfUtils.java:logGet(46)) - raft.datastream.type = DISABLED (default)
2022-08-02 01:00:00,563 [Listener at 0.0.0.0/40185] INFO  server.RaftServerConfigKeys (ConfUtils.java:logGet(46)) - raft.server.threadpool.proxy.cached = true (default)
2022-08-02 01:00:00,563 [Listener at 0.0.0.0/40185] INFO  server.RaftServerConfigKeys (ConfUtils.java:logGet(46)) - raft.server.threadpool.proxy.size = 0 (default)
2022-08-02 01:00:00,563 [Listener at 0.0.0.0/40185] INFO  server.RaftServerConfigKeys (ConfUtils.java:logGet(46)) - raft.server.rpc.slowness.timeout = 120s (custom)
2022-08-02 01:00:00,564 [Listener at 0.0.0.0/40185] INFO  server.RaftServerConfigKeys (ConfUtils.java:logGet(46)) - raft.server.leaderelection.leader.step-down.wait-time = 10s (default)
2022-08-02 01:00:00,564 [Listener at 0.0.0.0/40185] INFO  server.RaftServerConfigKeys (ConfUtils.java:logGet(46)) - raft.server.storage.dir = [/home/runner/work/ozone/ozone/hadoop-ozone/integration-test/target/test-dir/MiniOzoneClusterImpl-ba95f9bc-837e-4f7b-bdb9-4ac74d2039d9/ozone-meta/ratis] (custom)
2022-08-02 01:00:00,593 [Listener at 0.0.0.0/40185] INFO  server.RaftServer (RaftServerProxy.java:addNew(96)) - om1: addNew group-C5BA1605619E:[om1|rpc:localhost:9872|priority:0] returns group-C5BA1605619E:java.util.concurrent.CompletableFuture@34c789d4[Not completed]
2022-08-02 01:00:00,593 [Listener at 0.0.0.0/40185] INFO  om.OzoneManager (OzoneManager.java:initializeRatisServer(1962)) - OzoneManager Ratis server initialized at port 9872
2022-08-02 01:00:00,594 [Listener at 0.0.0.0/40185] INFO  om.OzoneManager (OzoneManager.java:getRpcServer(1085)) - Creating RPC Server
2022-08-02 01:00:00,598 [pool-344-thread-1] INFO  server.RaftServer$Division (RaftServerImpl.java:<init>(190)) - om1: new RaftServerImpl for group-C5BA1605619E:[om1|rpc:localhost:9872|priority:0] with OzoneManagerStateMachine:uninitialized
2022-08-02 01:00:00,598 [pool-344-thread-1] INFO  server.RaftServerConfigKeys (ConfUtils.java:logGet(46)) - raft.server.rpc.timeout.min = 1s (custom)
2022-08-02 01:00:00,598 [pool-344-thread-1] INFO  server.RaftServerConfigKeys (ConfUtils.java:logGet(46)) - raft.server.rpc.timeout.max = 1200ms (custom)
2022-08-02 01:00:00,598 [pool-344-thread-1] INFO  server.RaftServerConfigKeys (ConfUtils.java:logGet(46)) - raft.server.rpc.sleep.time = 25ms (default)
2022-08-02 01:00:00,598 [pool-344-thread-1] INFO  server.RaftServerConfigKeys (ConfUtils.java:logGet(46)) - raft.server.rpc.slowness.timeout = 120s (custom)
2022-08-02 01:00:00,598 [pool-344-thread-1] INFO  server.RaftServerConfigKeys (ConfUtils.java:logGet(46)) - raft.server.leaderelection.leader.step-down.wait-time = 10s (default)
2022-08-02 01:00:00,598 [pool-344-thread-1] INFO  server.RaftServerConfigKeys (ConfUtils.java:logGet(46)) - raft.server.sleep.deviation.threshold = 300ms (default)
2022-08-02 01:00:00,599 [pool-344-thread-1] INFO  server.RaftServer$Division (ServerState.java:<init>(107)) - om1@group-C5BA1605619E: ConfigurationManager, init=-1: [om1|rpc:localhost:9872|priority:0], old=null, confs=<EMPTY_MAP>
2022-08-02 01:00:00,599 [pool-344-thread-1] INFO  server.RaftServerConfigKeys (ConfUtils.java:logGet(46)) - raft.server.storage.dir = [/home/runner/work/ozone/ozone/hadoop-ozone/integration-test/target/test-dir/MiniOzoneClusterImpl-ba95f9bc-837e-4f7b-bdb9-4ac74d2039d9/ozone-meta/ratis] (custom)
2022-08-02 01:00:00,599 [pool-344-thread-1] INFO  server.RaftServerConfigKeys (ConfUtils.java:logGet(46)) - raft.server.log.corruption.policy = EXCEPTION (default)
2022-08-02 01:00:00,599 [pool-344-thread-1] INFO  server.RaftServerConfigKeys (ConfUtils.java:logGet(46)) - raft.server.storage.free-space.min = 0MB (=0) (default)
2022-08-02 01:00:00,599 [pool-344-thread-1] INFO  storage.RaftStorageDirectory (RaftStorageDirectoryImpl.java:analyzeStorage(135)) - The storage directory /home/runner/work/ozone/ozone/hadoop-ozone/integration-test/target/test-dir/MiniOzoneClusterImpl-ba95f9bc-837e-4f7b-bdb9-4ac74d2039d9/ozone-meta/ratis/bf265839-605b-3f16-9796-c5ba1605619e does not exist. Creating ...
2022-08-02 01:00:00,600 [pool-344-thread-1] INFO  storage.RaftStorageDirectory (RaftStorageDirectoryImpl.java:tryLock(230)) - Lock on /home/runner/work/ozone/ozone/hadoop-ozone/integration-test/target/test-dir/MiniOzoneClusterImpl-ba95f9bc-837e-4f7b-bdb9-4ac74d2039d9/ozone-meta/ratis/bf265839-605b-3f16-9796-c5ba1605619e/in_use.lock acquired by nodename 4034@fv-az164-385
2022-08-02 01:00:00,604 [pool-344-thread-1] INFO  storage.RaftStorage (RaftStorageImpl.java:format(89)) - Storage directory /home/runner/work/ozone/ozone/hadoop-ozone/integration-test/target/test-dir/MiniOzoneClusterImpl-ba95f9bc-837e-4f7b-bdb9-4ac74d2039d9/ozone-meta/ratis/bf265839-605b-3f16-9796-c5ba1605619e has been successfully formatted.
2022-08-02 01:00:00,604 [pool-344-thread-1] INFO  server.RaftServerConfigKeys (ConfUtils.java:logGet(46)) - raft.server.notification.no-leader.timeout = 120s (custom)
2022-08-02 01:00:00,604 [pool-344-thread-1] INFO  server.RaftServerConfigKeys (ConfUtils.java:logGet(46)) - raft.server.log.use.memory = false (default)
2022-08-02 01:00:00,604 [pool-344-thread-1] INFO  server.RaftServerConfigKeys (ConfUtils.java:logGet(46)) - raft.server.log.purge.gap = 1000000 (custom)
2022-08-02 01:00:00,604 [pool-344-thread-1] INFO  server.RaftServerConfigKeys (ConfUtils.java:logGet(46)) - raft.server.log.appender.buffer.byte-limit = 33554432 (custom)
2022-08-02 01:00:00,604 [pool-344-thread-1] INFO  server.RaftServerConfigKeys (ConfUtils.java:logGet(46)) - raft.server.log.statemachine.data.read.timeout = 1000ms (default)
2022-08-02 01:00:00,605 [pool-344-thread-1] INFO  server.RaftServerConfigKeys (ConfUtils.java:logGet(46)) - raft.server.log.segment.size.max = 4194304 (custom)
2022-08-02 01:00:00,605 [pool-344-thread-1] INFO  server.RaftServerConfigKeys (ConfUtils.java:logGet(46)) - raft.server.log.segment.cache.num.max = 2 (custom)
2022-08-02 01:00:00,605 [pool-344-thread-1] INFO  server.RaftServerConfigKeys (ConfUtils.java:logGet(46)) - raft.server.log.segment.cache.size.max = 200MB (=209715200) (default)
2022-08-02 01:00:00,605 [pool-344-thread-1] INFO  segmented.SegmentedRaftLogWorker (SegmentedRaftLogWorker.java:<init>(187)) - new om1@group-C5BA1605619E-SegmentedRaftLogWorker for RaftStorageImpl:Storage Directory /home/runner/work/ozone/ozone/hadoop-ozone/integration-test/target/test-dir/MiniOzoneClusterImpl-ba95f9bc-837e-4f7b-bdb9-4ac74d2039d9/ozone-meta/ratis/bf265839-605b-3f16-9796-c5ba1605619e
2022-08-02 01:00:00,605 [pool-344-thread-1] INFO  server.RaftServerConfigKeys (ConfUtils.java:logGet(46)) - raft.server.log.queue.byte-limit = 64MB (=67108864) (default)
2022-08-02 01:00:00,605 [pool-344-thread-1] INFO  server.RaftServerConfigKeys (ConfUtils.java:logGet(46)) - raft.server.log.queue.element-limit = 4096 (default)
2022-08-02 01:00:00,605 [pool-344-thread-1] INFO  server.RaftServerConfigKeys (ConfUtils.java:logGet(46)) - raft.server.log.segment.size.max = 4194304 (custom)
2022-08-02 01:00:00,605 [pool-344-thread-1] INFO  server.RaftServerConfigKeys (ConfUtils.java:logGet(46)) - raft.server.log.preallocated.size = 4194304 (custom)
2022-08-02 01:00:00,605 [pool-344-thread-1] INFO  server.RaftServerConfigKeys (ConfUtils.java:logGet(46)) - raft.server.log.force.sync.num = 128 (default)
2022-08-02 01:00:00,605 [pool-344-thread-1] INFO  server.RaftServerConfigKeys (ConfUtils.java:logGet(46)) - raft.server.log.statemachine.data.sync = true (default)
2022-08-02 01:00:00,605 [pool-344-thread-1] INFO  server.RaftServerConfigKeys (ConfUtils.java:logGet(46)) - raft.server.log.statemachine.data.sync.timeout = 10s (default)
2022-08-02 01:00:00,605 [pool-344-thread-1] INFO  server.RaftServerConfigKeys (ConfUtils.java:logGet(46)) - raft.server.log.statemachine.data.sync.timeout.retry = -1 (default)
2022-08-02 01:00:00,613 [pool-344-thread-1] INFO  server.RaftServerConfigKeys (ConfUtils.java:logGet(46)) - raft.server.log.write.buffer.size = 64KB (=65536) (default)
2022-08-02 01:00:00,613 [pool-344-thread-1] INFO  server.RaftServerConfigKeys (ConfUtils.java:logGet(46)) - raft.server.log.unsafe-flush.enabled = false (default)
2022-08-02 01:00:00,613 [pool-344-thread-1] INFO  server.RaftServerConfigKeys (ConfUtils.java:logGet(46)) - raft.server.log.statemachine.data.caching.enabled = false (default)
2022-08-02 01:00:00,613 [pool-344-thread-1] INFO  segmented.SegmentedRaftLogWorker (SegmentedRaftLogWorker.java:lambda$new$0(135)) - om1@group-C5BA1605619E-SegmentedRaftLogWorker: flushIndex: setUnconditionally 0 -> -1
2022-08-02 01:00:00,614 [pool-344-thread-1] INFO  segmented.SegmentedRaftLogWorker (SegmentedRaftLogWorker.java:lambda$new$0(135)) - om1@group-C5BA1605619E-SegmentedRaftLogWorker: safeCacheEvictIndex: setUnconditionally 0 -> -1
2022-08-02 01:00:00,633 [pool-344-thread-1] INFO  server.RaftServerConfigKeys (ConfUtils.java:logGet(46)) - raft.server.snapshot.auto.trigger.enabled = true (custom)
2022-08-02 01:00:00,633 [pool-344-thread-1] INFO  server.RaftServerConfigKeys (ConfUtils.java:logGet(46)) - raft.server.snapshot.auto.trigger.threshold = 400000 (default)
2022-08-02 01:00:00,633 [pool-344-thread-1] INFO  server.RaftServerConfigKeys (ConfUtils.java:logGet(46)) - raft.server.snapshot.retention.file.num = -1 (default)
2022-08-02 01:00:00,633 [pool-344-thread-1] INFO  server.RaftServerConfigKeys (ConfUtils.java:logGet(46)) - raft.server.log.purge.upto.snapshot.index = true (custom)
2022-08-02 01:00:00,633 [pool-344-thread-1] INFO  server.RaftServerConfigKeys (ConfUtils.java:logGet(46)) - raft.server.retrycache.expirytime = 300s (custom)
2022-08-02 01:00:00,633 [pool-344-thread-1] INFO  server.RaftServerConfigKeys (ConfUtils.java:logGet(46)) - raft.server.retrycache.statistics.expirytime = 100μs (default)
2022-08-02 01:00:00,633 [ReplicationMonitor] INFO  replication.ReplicationManager (ReplicationManager.java:processAll(249)) - Replication Manager is not ready to run until 3000ms after safemode exit
2022-08-02 01:00:00,634 [pool-344-thread-1] INFO  server.RaftServerConfigKeys (ConfUtils.java:logGet(46)) - raft.server.log.appender.install.snapshot.enabled = false (custom)
2022-08-02 01:00:00,634 [pool-344-thread-1] INFO  server.RaftServerConfigKeys (ConfUtils.java:logGet(46)) - raft.server.threadpool.server.cached = true (default)
2022-08-02 01:00:00,634 [pool-344-thread-1] INFO  server.RaftServerConfigKeys (ConfUtils.java:logGet(46)) - raft.server.threadpool.server.size = 0 (default)
2022-08-02 01:00:00,634 [pool-344-thread-1] INFO  server.RaftServerConfigKeys (ConfUtils.java:logGet(46)) - raft.server.threadpool.client.cached = true (default)
2022-08-02 01:00:00,634 [pool-344-thread-1] INFO  server.RaftServerConfigKeys (ConfUtils.java:logGet(46)) - raft.server.threadpool.client.size = 0 (default)
2022-08-02 01:00:01,695 [ReplicationMonitor] INFO  replication.ReplicationManager (ReplicationManager.java:processAll(249)) - Replication Manager is not ready to run until 3000ms after safemode exit
2022-08-02 01:00:01,717 [Listener at 0.0.0.0/40185] INFO  reflections.Reflections (Reflections.java:scan(232)) - Reflections took 1122 ms to scan 19 urls, producing 67 keys and 4139 values [using 2 cores]
2022-08-02 01:00:01,718 [Listener at 0.0.0.0/40185] INFO  ipc.CallQueueManager (CallQueueManager.java:<init>(90)) - Using callQueue: class java.util.concurrent.LinkedBlockingQueue, queueCapacity: 2000, scheduler: class org.apache.hadoop.ipc.DefaultRpcScheduler, ipcBackoff: false.
2022-08-02 01:00:01,738 [Socket Reader #1 for port 0] INFO  ipc.Server (Server.java:run(1265)) - Starting Socket Reader #1 for port 0
2022-08-02 01:00:01,780 [Listener at 127.0.0.1/34483] INFO  impl.MetricsSystemImpl (MetricsSystemImpl.java:init(158)) - OzoneManager metrics system started (again)
2022-08-02 01:00:01,835 [Listener at 127.0.0.1/34483] INFO  om.OzoneManager (OzoneManager.java:start(1469)) - OzoneManager RPC server is listening at localhost/127.0.0.1:34483
2022-08-02 01:00:01,835 [Listener at 127.0.0.1/34483] INFO  ratis.OzoneManagerRatisServer (OzoneManagerRatisServer.java:start(554)) - Starting OzoneManagerRatisServer om1 at port 9872
2022-08-02 01:00:01,835 [om1-impl-thread1] INFO  server.RaftServer$Division (RaftServerImpl.java:start(310)) - om1@group-C5BA1605619E: start as a follower, conf=-1: [om1|rpc:localhost:9872|priority:0], old=null
2022-08-02 01:00:01,835 [om1-impl-thread1] INFO  server.RaftServer$Division (RaftServerImpl.java:setRole(299)) - om1@group-C5BA1605619E: changes role from      null to FOLLOWER at term 0 for startAsFollower
2022-08-02 01:00:01,835 [om1-impl-thread1] INFO  impl.RoleInfo (RoleInfo.java:updateAndGet(139)) - om1: start om1@group-C5BA1605619E-FollowerState
2022-08-02 01:00:01,838 [om1-impl-thread1] INFO  util.JmxRegister (JmxRegister.java:tryRegister(44)) - Successfully registered JMX Bean with object name Ratis:service=RaftServer,group=group-C5BA1605619E,id=om1
2022-08-02 01:00:01,850 [Listener at 127.0.0.1/34483] INFO  server.RaftServer (RaftServerProxy.java:lambda$start$6(382)) - om1: start RPC server
2022-08-02 01:00:01,880 [Listener at 127.0.0.1/34483] INFO  server.GrpcService (GrpcService.java:startImpl(260)) - om1: GrpcService started, listening on 9872
2022-08-02 01:00:01,880 [Listener at 127.0.0.1/34483] INFO  om.OzoneManager (OzoneManager.java:start(1485)) - Version File has different layout version (3) than OM DB (null). That is expected if this OM has never been finalized to a newer layout version.
2022-08-02 01:00:01,880 [org.apache.ratis.util.JvmPauseMonitor$$Lambda$631/1000159038@6145fbc6] INFO  util.JvmPauseMonitor (JvmPauseMonitor.java:run(103)) - JvmPauseMonitor-om1: Started
2022-08-02 01:00:01,885 [Listener at 127.0.0.1/34483] INFO  http.BaseHttpServer (BaseHttpServer.java:newHttpServer2BuilderForOzone(209)) - Starting Web-server for ozoneManager at: http://0.0.0.0:0
2022-08-02 01:00:01,885 [Listener at 127.0.0.1/34483] INFO  http.BaseHttpServer (BaseHttpServer.java:<init>(107)) - Hadoop Security Enabled: false Ozone Security Enabled: false Ozone HTTP Security Enabled: false 
2022-08-02 01:00:01,886 [Listener at 127.0.0.1/34483] INFO  server.AuthenticationFilter (AuthenticationFilter.java:constructSecretProvider(240)) - Unable to initialize FileSignerSecretProvider, falling back to use random secrets.
2022-08-02 01:00:01,893 [Listener at 127.0.0.1/34483] WARN  http.HttpRequestLog (HttpRequestLog.java:getRequestLog(103)) - Jetty request log can only be enabled using Log4j
2022-08-02 01:00:01,898 [Listener at 127.0.0.1/34483] INFO  http.HttpServer2 (HttpServer2.java:addGlobalFilter(1029)) - Added global filter 'safety' (class=org.apache.hadoop.hdds.server.http.HttpServer2$QuotingInputFilter)
2022-08-02 01:00:01,898 [Listener at 127.0.0.1/34483] INFO  http.HttpServer2 (HttpServer2.java:addFilter(1005)) - Added filter static_user_filter (class=org.apache.hadoop.http.lib.StaticUserWebFilter$StaticUserFilter) to context ozoneManager
2022-08-02 01:00:01,899 [Listener at 127.0.0.1/34483] INFO  http.HttpServer2 (HttpServer2.java:addFilter(1013)) - Added filter static_user_filter (class=org.apache.hadoop.http.lib.StaticUserWebFilter$StaticUserFilter) to context logs
2022-08-02 01:00:01,901 [Listener at 127.0.0.1/34483] INFO  http.HttpServer2 (HttpServer2.java:addFilter(1013)) - Added filter static_user_filter (class=org.apache.hadoop.http.lib.StaticUserWebFilter$StaticUserFilter) to context static
2022-08-02 01:00:01,901 [Listener at 127.0.0.1/34483] INFO  http.HttpServer2 (HttpServer2.java:bindListener(1248)) - Jetty bound to port 43389
2022-08-02 01:00:01,901 [Listener at 127.0.0.1/34483] INFO  server.Server (Server.java:doStart(375)) - jetty-9.4.43.v20210629; built: 2021-06-30T11:07:22.254Z; git: 526006ecfa3af7f1a27ef3a288e2bef7ea9dd7e8; jvm 1.8.0_332-b09
2022-08-02 01:00:01,957 [Listener at 127.0.0.1/34483] INFO  server.session (DefaultSessionIdManager.java:doStart(334)) - DefaultSessionIdManager workerName=node0
2022-08-02 01:00:01,957 [Listener at 127.0.0.1/34483] INFO  server.session (DefaultSessionIdManager.java:doStart(339)) - No SessionScavenger set, using defaults
2022-08-02 01:00:01,957 [Listener at 127.0.0.1/34483] INFO  server.session (HouseKeeper.java:startScavenging(132)) - node0 Scavenging every 600000ms
2022-08-02 01:00:01,958 [Listener at 127.0.0.1/34483] INFO  handler.ContextHandler (ContextHandler.java:doStart(915)) - Started o.e.j.s.ServletContextHandler@2a68191a{logs,/logs,file:///home/runner/work/ozone/ozone/hadoop-ozone/integration-test/target/log,AVAILABLE}
2022-08-02 01:00:01,958 [Listener at 127.0.0.1/34483] INFO  handler.ContextHandler (ContextHandler.java:doStart(915)) - Started o.e.j.s.ServletContextHandler@c5438ec{static,/static,file:///home/runner/work/ozone/ozone/hadoop-ozone/integration-test/target/test-classes/webapps/static,AVAILABLE}
2022-08-02 01:00:01,961 [Listener at 127.0.0.1/34483] INFO  handler.ContextHandler (ContextHandler.java:doStart(915)) - Started o.e.j.w.WebAppContext@17aa0783{ozoneManager,/,file:///home/runner/work/ozone/ozone/hadoop-ozone/integration-test/target/test-classes/webapps/ozoneManager/,AVAILABLE}{file:/home/runner/work/ozone/ozone/hadoop-ozone/integration-test/target/test-classes/webapps/ozoneManager}
2022-08-02 01:00:01,963 [Listener at 127.0.0.1/34483] INFO  server.AbstractConnector (AbstractConnector.java:doStart(331)) - Started ServerConnector@62813751{HTTP/1.1, (http/1.1)}{0.0.0.0:43389}
2022-08-02 01:00:01,963 [Listener at 127.0.0.1/34483] INFO  server.Server (Server.java:doStart(415)) - Started @62006ms
2022-08-02 01:00:01,963 [Listener at 127.0.0.1/34483] WARN  impl.MetricsSystemImpl (MetricsSystemImpl.java:register(279)) - Sink prometheus already exists!
2022-08-02 01:00:01,964 [Listener at 127.0.0.1/34483] INFO  http.BaseHttpServer (BaseHttpServer.java:updateConnectorAddress(329)) - HTTP server of ozoneManager listening at http://0.0.0.0:43389
2022-08-02 01:00:01,964 [IPC Server Responder] INFO  ipc.Server (Server.java:run(1507)) - IPC Server Responder: starting
2022-08-02 01:00:01,964 [IPC Server listener on 0] INFO  ipc.Server (Server.java:run(1344)) - IPC Server listener on 0: starting
2022-08-02 01:00:02,041 [Listener at 127.0.0.1/34483] INFO  om.OzoneManager (OzoneManager.java:startTrashEmptier(1906)) - Trash Interval set to 0. Files deleted won't move to trash
2022-08-02 01:00:02,050 [org.apache.hadoop.util.JvmPauseMonitor$Monitor@30a25f0a] INFO  util.JvmPauseMonitor (JvmPauseMonitor.java:run(188)) - Starting JVM pause monitor
2022-08-02 01:00:02,087 [Listener at 127.0.0.1/34483] WARN  impl.MetricRegistriesImpl (MetricRegistriesImpl.java:addReporterRegistration(111)) - New reporters are added after registries were created. Some metrics will be missing from the reporter. Please add reporter before adding any new registry.
2022-08-02 01:00:02,088 [Listener at 127.0.0.1/34483] WARN  impl.MetricRegistriesImpl (MetricRegistriesImpl.java:addReporterRegistration(111)) - New reporters are added after registries were created. Some metrics will be missing from the reporter. Please add reporter before adding any new registry.
2022-08-02 01:00:02,088 [Listener at 127.0.0.1/34483] INFO  impl.MetricsSystemImpl (MetricsSystemImpl.java:init(158)) - HddsDatanode metrics system started (again)
2022-08-02 01:00:02,118 [Listener at 127.0.0.1/34483] INFO  ozone.HddsDatanodeService (HddsDatanodeService.java:start(236)) - HddsDatanodeService host:fv-az164-385.acqy4frhnxdelaro313li45hge.dx.internal.cloudapp.net ip:10.1.0.31
2022-08-02 01:00:02,161 [Listener at 127.0.0.1/34483] INFO  upgrade.AbstractLayoutVersionManager (AbstractLayoutVersionManager.java:init(83)) - Initializing Layout version manager with metadata layout = DATANODE_SCHEMA_V3 (version = 4), software layout = DATANODE_SCHEMA_V3 (version = 4)
2022-08-02 01:00:02,286 [Listener at 127.0.0.1/34483] INFO  reflections.Reflections (Reflections.java:scan(232)) - Reflections took 124 ms to scan 7 urls, producing 132 keys and 321 values 
2022-08-02 01:00:02,295 [Listener at 127.0.0.1/34483] INFO  statemachine.DatanodeStateMachine (DatanodeStateMachine.java:getEndPointTaskThreadPoolSize(237)) - Datanode State Machine Task Thread Pool size 2
2022-08-02 01:00:02,310 [Listener at 127.0.0.1/34483] INFO  volume.HddsVolume (HddsVolume.java:<init>(116)) - Creating HddsVolume: /home/runner/work/ozone/ozone/hadoop-ozone/integration-test/target/test-dir/MiniOzoneClusterImpl-ba95f9bc-837e-4f7b-bdb9-4ac74d2039d9/datanode-0/data-0/containers/hdds of storage type : DISK capacity : 9223372036854775807
2022-08-02 01:00:02,310 [Listener at 127.0.0.1/34483] INFO  volume.MutableVolumeSet (MutableVolumeSet.java:initializeVolumeSet(174)) - Added Volume : /home/runner/work/ozone/ozone/hadoop-ozone/integration-test/target/test-dir/MiniOzoneClusterImpl-ba95f9bc-837e-4f7b-bdb9-4ac74d2039d9/datanode-0/data-0/containers/hdds to VolumeSet
2022-08-02 01:00:02,310 [Listener at 127.0.0.1/34483] INFO  volume.ThrottledAsyncChecker (ThrottledAsyncChecker.java:schedule(141)) - Scheduling a check for /home/runner/work/ozone/ozone/hadoop-ozone/integration-test/target/test-dir/MiniOzoneClusterImpl-ba95f9bc-837e-4f7b-bdb9-4ac74d2039d9/datanode-0/data-0/containers/hdds
2022-08-02 01:00:02,312 [Listener at 127.0.0.1/34483] INFO  volume.StorageVolumeChecker (StorageVolumeChecker.java:checkAllVolumes(202)) - Scheduled health check for volume /home/runner/work/ozone/ozone/hadoop-ozone/integration-test/target/test-dir/MiniOzoneClusterImpl-ba95f9bc-837e-4f7b-bdb9-4ac74d2039d9/datanode-0/data-0/containers/hdds
2022-08-02 01:00:02,351 [Listener at 127.0.0.1/34483] INFO  volume.MutableVolumeSet (MutableVolumeSet.java:initializeVolumeSet(174)) - Added Volume : /home/runner/work/ozone/ozone/hadoop-ozone/integration-test/target/test-dir/MiniOzoneClusterImpl-ba95f9bc-837e-4f7b-bdb9-4ac74d2039d9/datanode-0/data/ratis to VolumeSet
2022-08-02 01:00:02,351 [Listener at 127.0.0.1/34483] INFO  volume.ThrottledAsyncChecker (ThrottledAsyncChecker.java:schedule(141)) - Scheduling a check for /home/runner/work/ozone/ozone/hadoop-ozone/integration-test/target/test-dir/MiniOzoneClusterImpl-ba95f9bc-837e-4f7b-bdb9-4ac74d2039d9/datanode-0/data/ratis
2022-08-02 01:00:02,351 [Listener at 127.0.0.1/34483] INFO  volume.StorageVolumeChecker (StorageVolumeChecker.java:checkAllVolumes(202)) - Scheduled health check for volume /home/runner/work/ozone/ozone/hadoop-ozone/integration-test/target/test-dir/MiniOzoneClusterImpl-ba95f9bc-837e-4f7b-bdb9-4ac74d2039d9/datanode-0/data/ratis
2022-08-02 01:00:02,391 [Thread-540] INFO  ozoneimpl.ContainerReader (ContainerReader.java:readVolume(175)) - Finish verifying containers on volume /home/runner/work/ozone/ozone/hadoop-ozone/integration-test/target/test-dir/MiniOzoneClusterImpl-ba95f9bc-837e-4f7b-bdb9-4ac74d2039d9/datanode-0/data-0/containers/hdds
2022-08-02 01:00:02,392 [Listener at 127.0.0.1/34483] INFO  ozoneimpl.OzoneContainer (OzoneContainer.java:buildContainerSet(299)) - Build ContainerSet costs 0s
2022-08-02 01:00:02,394 [Listener at 127.0.0.1/34483] INFO  server.RaftServer (ConfUtils.java:logGet(46)) - raft.rpc.type = GRPC (default)
2022-08-02 01:00:02,394 [Listener at 127.0.0.1/34483] INFO  grpc.GrpcFactory (GrpcFactory.java:checkPooledByteBufAllocatorUseCacheForAllThreads(48)) - PERFORMANCE WARNING: useCacheForAllThreads is true that may cause Netty to create a lot garbage objects and, as a result, trigger GC.
	It is recommended to disable useCacheForAllThreads by setting -Dorg.apache.ratis.thirdparty.io.netty.allocator.useCacheForAllThreads=false in command line.
2022-08-02 01:00:02,394 [Listener at 127.0.0.1/34483] INFO  grpc.GrpcConfigKeys (ConfUtils.java:logGet(46)) - raft.grpc.admin.port = 0 (custom)
2022-08-02 01:00:02,394 [Listener at 127.0.0.1/34483] INFO  grpc.GrpcConfigKeys (ConfUtils.java:logGet(46)) - raft.grpc.client.port = 0 (custom)
2022-08-02 01:00:02,394 [Listener at 127.0.0.1/34483] INFO  grpc.GrpcConfigKeys (ConfUtils.java:logGet(46)) - raft.grpc.server.port = 0 (default)
2022-08-02 01:00:02,394 [Listener at 127.0.0.1/34483] INFO  server.GrpcService (ConfUtils.java:logGet(46)) - raft.grpc.message.size.max = 32MB (=33554432) (custom)
2022-08-02 01:00:02,394 [Listener at 127.0.0.1/34483] INFO  server.RaftServerConfigKeys (ConfUtils.java:logGet(46)) - raft.server.log.appender.buffer.byte-limit = 33554432 (custom)
2022-08-02 01:00:02,395 [Listener at 127.0.0.1/34483] INFO  server.GrpcService (ConfUtils.java:logGet(46)) - raft.grpc.flow.control.window = 5MB (=5242880) (custom)
2022-08-02 01:00:02,395 [Listener at 127.0.0.1/34483] INFO  server.RaftServerConfigKeys (ConfUtils.java:logGet(46)) - raft.server.rpc.request.timeout = 60s (custom)
2022-08-02 01:00:02,395 [Listener at 127.0.0.1/34483] INFO  grpc.GrpcConfigKeys (ConfUtils.java:logGet(46)) - raft.grpc.server.async.request.thread.pool.cached = true (default)
2022-08-02 01:00:02,395 [Listener at 127.0.0.1/34483] INFO  grpc.GrpcConfigKeys (ConfUtils.java:logGet(46)) - raft.grpc.server.async.request.thread.pool.size = 32 (default)
2022-08-02 01:00:02,396 [Listener at 127.0.0.1/34483] INFO  impl.DataStreamServerImpl (ConfUtils.java:logGet(46)) - raft.datastream.type = DISABLED (default)
2022-08-02 01:00:02,396 [Listener at 127.0.0.1/34483] INFO  server.RaftServerConfigKeys (ConfUtils.java:logGet(46)) - raft.server.threadpool.proxy.cached = true (default)
2022-08-02 01:00:02,396 [Listener at 127.0.0.1/34483] INFO  server.RaftServerConfigKeys (ConfUtils.java:logGet(46)) - raft.server.threadpool.proxy.size = 0 (default)
2022-08-02 01:00:02,396 [Listener at 127.0.0.1/34483] INFO  server.RaftServerConfigKeys (ConfUtils.java:logGet(46)) - raft.server.rpc.slowness.timeout = 300s (custom)
2022-08-02 01:00:02,396 [Listener at 127.0.0.1/34483] INFO  server.RaftServerConfigKeys (ConfUtils.java:logGet(46)) - raft.server.leaderelection.leader.step-down.wait-time = 10s (default)
2022-08-02 01:00:02,396 [Listener at 127.0.0.1/34483] INFO  server.RaftServerConfigKeys (ConfUtils.java:logGet(46)) - raft.server.storage.dir = [/home/runner/work/ozone/ozone/hadoop-ozone/integration-test/target/test-dir/MiniOzoneClusterImpl-ba95f9bc-837e-4f7b-bdb9-4ac74d2039d9/datanode-0/data/ratis] (custom)
2022-08-02 01:00:02,418 [Listener at 127.0.0.1/34483] INFO  server.XceiverServerGrpc (XceiverServerGrpc.java:<init>(132)) - GrpcServer channel type EpollServerSocketChannel
2022-08-02 01:00:02,421 [Listener at 127.0.0.1/34483] INFO  http.BaseHttpServer (BaseHttpServer.java:newHttpServer2BuilderForOzone(209)) - Starting Web-server for hddsDatanode at: http://0.0.0.0:0
2022-08-02 01:00:02,421 [Listener at 127.0.0.1/34483] INFO  http.BaseHttpServer (BaseHttpServer.java:<init>(107)) - Hadoop Security Enabled: false Ozone Security Enabled: false Ozone HTTP Security Enabled: false 
2022-08-02 01:00:02,422 [Listener at 127.0.0.1/34483] INFO  server.AuthenticationFilter (AuthenticationFilter.java:constructSecretProvider(240)) - Unable to initialize FileSignerSecretProvider, falling back to use random secrets.
2022-08-02 01:00:02,436 [Listener at 127.0.0.1/34483] WARN  http.HttpRequestLog (HttpRequestLog.java:getRequestLog(103)) - Jetty request log can only be enabled using Log4j
2022-08-02 01:00:02,442 [Listener at 127.0.0.1/34483] INFO  http.HttpServer2 (HttpServer2.java:addGlobalFilter(1029)) - Added global filter 'safety' (class=org.apache.hadoop.hdds.server.http.HttpServer2$QuotingInputFilter)
2022-08-02 01:00:02,465 [Listener at 127.0.0.1/34483] INFO  http.HttpServer2 (HttpServer2.java:addFilter(1005)) - Added filter static_user_filter (class=org.apache.hadoop.http.lib.StaticUserWebFilter$StaticUserFilter) to context hddsDatanode
2022-08-02 01:00:02,465 [Listener at 127.0.0.1/34483] INFO  http.HttpServer2 (HttpServer2.java:addFilter(1013)) - Added filter static_user_filter (class=org.apache.hadoop.http.lib.StaticUserWebFilter$StaticUserFilter) to context static
2022-08-02 01:00:02,465 [Listener at 127.0.0.1/34483] INFO  http.HttpServer2 (HttpServer2.java:addFilter(1013)) - Added filter static_user_filter (class=org.apache.hadoop.http.lib.StaticUserWebFilter$StaticUserFilter) to context logs
2022-08-02 01:00:02,466 [Listener at 127.0.0.1/34483] INFO  http.HttpServer2 (HttpServer2.java:bindListener(1248)) - Jetty bound to port 40655
2022-08-02 01:00:02,466 [Listener at 127.0.0.1/34483] INFO  server.Server (Server.java:doStart(375)) - jetty-9.4.43.v20210629; built: 2021-06-30T11:07:22.254Z; git: 526006ecfa3af7f1a27ef3a288e2bef7ea9dd7e8; jvm 1.8.0_332-b09
2022-08-02 01:00:02,482 [Listener at 127.0.0.1/34483] INFO  server.session (DefaultSessionIdManager.java:doStart(334)) - DefaultSessionIdManager workerName=node0
2022-08-02 01:00:02,482 [Listener at 127.0.0.1/34483] INFO  server.session (DefaultSessionIdManager.java:doStart(339)) - No SessionScavenger set, using defaults
2022-08-02 01:00:02,482 [Listener at 127.0.0.1/34483] INFO  server.session (HouseKeeper.java:startScavenging(132)) - node0 Scavenging every 660000ms
2022-08-02 01:00:02,497 [Listener at 127.0.0.1/34483] INFO  handler.ContextHandler (ContextHandler.java:doStart(915)) - Started o.e.j.s.ServletContextHandler@1bb3b249{logs,/logs,file:///home/runner/work/ozone/ozone/hadoop-ozone/integration-test/target/log,AVAILABLE}
2022-08-02 01:00:02,497 [Listener at 127.0.0.1/34483] INFO  handler.ContextHandler (ContextHandler.java:doStart(915)) - Started o.e.j.s.ServletContextHandler@78bfbd69{static,/static,jar:file:/home/runner/.m2/repository/org/apache/ozone/hdds-container-service/1.3.0-SNAPSHOT/hdds-container-service-1.3.0-SNAPSHOT.jar!/webapps/static,AVAILABLE}
2022-08-02 01:00:02,695 [ReplicationMonitor] INFO  replication.ReplicationManager (ReplicationManager.java:processAll(249)) - Replication Manager is not ready to run until 3000ms after safemode exit
2022-08-02 01:00:02,952 [Listener at 127.0.0.1/34483] INFO  handler.ContextHandler (ContextHandler.java:doStart(915)) - Started o.e.j.w.WebAppContext@337c41d2{hddsDatanode,/,file:///tmp/jetty-0_0_0_0-40655-hdds-container-service-1_3_0-SNAPSHOT_jar-_-any-6228377907211449253/webapp/,AVAILABLE}{jar:file:/home/runner/.m2/repository/org/apache/ozone/hdds-container-service/1.3.0-SNAPSHOT/hdds-container-service-1.3.0-SNAPSHOT.jar!/webapps/hddsDatanode}
2022-08-02 01:00:02,954 [Listener at 127.0.0.1/34483] INFO  server.AbstractConnector (AbstractConnector.java:doStart(331)) - Started ServerConnector@14104c38{HTTP/1.1, (http/1.1)}{0.0.0.0:40655}
2022-08-02 01:00:02,954 [Listener at 127.0.0.1/34483] INFO  server.Server (Server.java:doStart(415)) - Started @62997ms
2022-08-02 01:00:02,954 [Listener at 127.0.0.1/34483] WARN  impl.MetricsSystemImpl (MetricsSystemImpl.java:register(279)) - Sink prometheus already exists!
2022-08-02 01:00:02,955 [Listener at 127.0.0.1/34483] INFO  http.BaseHttpServer (BaseHttpServer.java:updateConnectorAddress(329)) - HTTP server of hddsDatanode listening at http://0.0.0.0:40655
2022-08-02 01:00:02,955 [Listener at 127.0.0.1/34483] WARN  impl.MetricRegistriesImpl (MetricRegistriesImpl.java:addReporterRegistration(111)) - New reporters are added after registries were created. Some metrics will be missing from the reporter. Please add reporter before adding any new registry.
2022-08-02 01:00:02,956 [Listener at 127.0.0.1/34483] WARN  impl.MetricRegistriesImpl (MetricRegistriesImpl.java:addReporterRegistration(111)) - New reporters are added after registries were created. Some metrics will be missing from the reporter. Please add reporter before adding any new registry.
2022-08-02 01:00:02,956 [Listener at 127.0.0.1/34483] INFO  impl.MetricsSystemImpl (MetricsSystemImpl.java:init(158)) - HddsDatanode metrics system started (again)
2022-08-02 01:00:02,969 [om1@group-C5BA1605619E-FollowerState] INFO  impl.FollowerState (FollowerState.java:run(143)) - om1@group-C5BA1605619E-FollowerState: change to CANDIDATE, lastRpcElapsedTime:1133634457ns, electionTimeout:1110ms
2022-08-02 01:00:02,969 [om1@group-C5BA1605619E-FollowerState] INFO  impl.RoleInfo (RoleInfo.java:shutdownFollowerState(110)) - om1: shutdown om1@group-C5BA1605619E-FollowerState
2022-08-02 01:00:02,969 [om1@group-C5BA1605619E-FollowerState] INFO  server.RaftServer$Division (RaftServerImpl.java:setRole(299)) - om1@group-C5BA1605619E: changes role from  FOLLOWER to CANDIDATE at term 0 for changeToCandidate
2022-08-02 01:00:02,969 [om1@group-C5BA1605619E-FollowerState] INFO  server.RaftServerConfigKeys (ConfUtils.java:logGet(46)) - raft.server.leaderelection.pre-vote = false (custom)
2022-08-02 01:00:02,969 [om1@group-C5BA1605619E-FollowerState] INFO  impl.RoleInfo (RoleInfo.java:updateAndGet(139)) - om1: start om1@group-C5BA1605619E-LeaderElection9
2022-08-02 01:00:02,977 [Datanode State Machine Daemon Thread] INFO  statemachine.DatanodeStateMachine (DatanodeStateMachine.java:lambda$startDaemon$0(492)) - Ozone container server started.
2022-08-02 01:00:02,986 [Listener at 127.0.0.1/34483] INFO  ozone.HddsDatanodeService (HddsDatanodeService.java:start(236)) - HddsDatanodeService host:fv-az164-385.acqy4frhnxdelaro313li45hge.dx.internal.cloudapp.net ip:10.1.0.31
2022-08-02 01:00:02,990 [om1@group-C5BA1605619E-LeaderElection9] INFO  impl.LeaderElection (LeaderElection.java:askForVotes(310)) - om1@group-C5BA1605619E-LeaderElection9 ELECTION round 0: submit vote requests at term 1 for -1: [om1|rpc:localhost:9872|priority:0], old=null
2022-08-02 01:00:02,990 [om1@group-C5BA1605619E-LeaderElection9] INFO  impl.LeaderElection (LeaderElection.java:askForVotes(312)) - om1@group-C5BA1605619E-LeaderElection9 ELECTION round 0: result PASSED (term=1)
2022-08-02 01:00:02,990 [om1@group-C5BA1605619E-LeaderElection9] INFO  impl.RoleInfo (RoleInfo.java:shutdownLeaderElection(130)) - om1: shutdown om1@group-C5BA1605619E-LeaderElection9
2022-08-02 01:00:02,990 [om1@group-C5BA1605619E-LeaderElection9] INFO  server.RaftServer$Division (RaftServerImpl.java:setRole(299)) - om1@group-C5BA1605619E: changes role from CANDIDATE to LEADER at term 1 for changeToLeader
2022-08-02 01:00:02,990 [om1@group-C5BA1605619E-LeaderElection9] INFO  server.RaftServer$Division (ServerState.java:setLeader(287)) - om1@group-C5BA1605619E: change Leader from null to om1 at term 1 for becomeLeader, leader elected after 2385ms
2022-08-02 01:00:02,990 [om1@group-C5BA1605619E-LeaderElection9] INFO  server.RaftServerConfigKeys (ConfUtils.java:logGet(46)) - raft.server.staging.catchup.gap = 1000 (default)
2022-08-02 01:00:02,994 [om1@group-C5BA1605619E-LeaderElection9] INFO  server.RaftServerConfigKeys (ConfUtils.java:logGet(46)) - raft.server.write.element-limit = 4096 (default)
2022-08-02 01:00:02,995 [om1@group-C5BA1605619E-LeaderElection9] INFO  server.RaftServerConfigKeys (ConfUtils.java:logGet(46)) - raft.server.write.byte-limit = 64MB (=67108864) (default)
2022-08-02 01:00:02,995 [om1@group-C5BA1605619E-LeaderElection9] INFO  server.RaftServerConfigKeys (ConfUtils.java:logGet(46)) - raft.server.watch.timeout = 10s (default)
2022-08-02 01:00:02,995 [om1@group-C5BA1605619E-LeaderElection9] INFO  server.RaftServerConfigKeys (ConfUtils.java:logGet(46)) - raft.server.watch.timeout.denomination = 1s (default)
2022-08-02 01:00:02,995 [om1@group-C5BA1605619E-LeaderElection9] INFO  server.RaftServerConfigKeys (ConfUtils.java:logGet(46)) - raft.server.watch.element-limit = 65536 (default)
2022-08-02 01:00:02,995 [om1@group-C5BA1605619E-LeaderElection9] INFO  server.RaftServerConfigKeys (ConfUtils.java:logGet(46)) - raft.server.write.element-limit = 4096 (default)
2022-08-02 01:00:02,995 [om1@group-C5BA1605619E-LeaderElection9] INFO  server.RaftServerConfigKeys (ConfUtils.java:logGet(46)) - raft.server.write.follower.gap.ratio.max = -1.0 (default)
2022-08-02 01:00:02,995 [om1@group-C5BA1605619E-LeaderElection9] INFO  impl.RoleInfo (RoleInfo.java:updateAndGet(139)) - om1: start om1@group-C5BA1605619E-LeaderStateImpl
2022-08-02 01:00:02,995 [om1@group-C5BA1605619E-LeaderElection9] INFO  segmented.SegmentedRaftLogWorker (SegmentedRaftLogWorker.java:startLogSegment(425)) - om1@group-C5BA1605619E-SegmentedRaftLogWorker: Starting segment from index:0
2022-08-02 01:00:03,006 [om1@group-C5BA1605619E-SegmentedRaftLogWorker] INFO  segmented.SegmentedRaftLogWorker (SegmentedRaftLogWorker.java:execute(629)) - om1@group-C5BA1605619E-SegmentedRaftLogWorker: created new log segment /home/runner/work/ozone/ozone/hadoop-ozone/integration-test/target/test-dir/MiniOzoneClusterImpl-ba95f9bc-837e-4f7b-bdb9-4ac74d2039d9/ozone-meta/ratis/bf265839-605b-3f16-9796-c5ba1605619e/current/log_inprogress_0
2022-08-02 01:00:03,021 [org.apache.hadoop.util.JvmPauseMonitor$Monitor@1c462b6] INFO  util.JvmPauseMonitor (JvmPauseMonitor.java:run(188)) - Starting JVM pause monitor
2022-08-02 01:00:03,023 [om1@group-C5BA1605619E-LeaderElection9] INFO  server.RaftServer$Division (ServerState.java:setRaftConf(393)) - om1@group-C5BA1605619E: set configuration 0: [om1|rpc:localhost:9872|admin:|client:|dataStream:|priority:0], old=null
2022-08-02 01:00:03,034 [om1@group-C5BA1605619E-StateMachineUpdater] INFO  ratis.OzoneManagerStateMachine (OzoneManagerStateMachine.java:notifyConfigurationChanged(192)) - Received Configuration change notification from Ratis. New Peer list:
[id: "om1"
address: "localhost:9872"
]
2022-08-02 01:00:03,036 [Listener at 127.0.0.1/34483] INFO  upgrade.AbstractLayoutVersionManager (AbstractLayoutVersionManager.java:init(83)) - Initializing Layout version manager with metadata layout = DATANODE_SCHEMA_V3 (version = 4), software layout = DATANODE_SCHEMA_V3 (version = 4)
2022-08-02 01:00:03,065 [UnderReplicatedQueueThreadThread] INFO  replication.UnderReplicatedProcessor (UnderReplicatedProcessor.java:processAll(85)) - Processed 0 under replicated containers, failed processing 0
2022-08-02 01:00:03,065 [Datanode State Machine Task Thread - 0] INFO  datanode.InitDatanodeState (InitDatanodeState.java:persistContainerDatanodeDetails(138)) - DatanodeDetails is persisted to /home/runner/work/ozone/ozone/hadoop-ozone/integration-test/target/test-dir/MiniOzoneClusterImpl-ba95f9bc-837e-4f7b-bdb9-4ac74d2039d9/datanode-0/meta/datanode.id
2022-08-02 01:00:03,075 [OverReplicatedQueueThreadThread] INFO  replication.OverReplicatedProcessor (OverReplicatedProcessor.java:processAll(83)) - Processed 0 over replicated containers, failed processing 0
2022-08-02 01:00:03,125 [Listener at 127.0.0.1/34483] INFO  reflections.Reflections (Reflections.java:scan(232)) - Reflections took 84 ms to scan 7 urls, producing 132 keys and 321 values 
2022-08-02 01:00:03,135 [Listener at 127.0.0.1/34483] INFO  statemachine.DatanodeStateMachine (DatanodeStateMachine.java:getEndPointTaskThreadPoolSize(237)) - Datanode State Machine Task Thread Pool size 2
2022-08-02 01:00:03,141 [Listener at 127.0.0.1/34483] INFO  volume.HddsVolume (HddsVolume.java:<init>(116)) - Creating HddsVolume: /home/runner/work/ozone/ozone/hadoop-ozone/integration-test/target/test-dir/MiniOzoneClusterImpl-ba95f9bc-837e-4f7b-bdb9-4ac74d2039d9/datanode-1/data-0/containers/hdds of storage type : DISK capacity : 9223372036854775807
2022-08-02 01:00:03,142 [Listener at 127.0.0.1/34483] INFO  volume.MutableVolumeSet (MutableVolumeSet.java:initializeVolumeSet(174)) - Added Volume : /home/runner/work/ozone/ozone/hadoop-ozone/integration-test/target/test-dir/MiniOzoneClusterImpl-ba95f9bc-837e-4f7b-bdb9-4ac74d2039d9/datanode-1/data-0/containers/hdds to VolumeSet
2022-08-02 01:00:03,142 [Listener at 127.0.0.1/34483] INFO  volume.ThrottledAsyncChecker (ThrottledAsyncChecker.java:schedule(141)) - Scheduling a check for /home/runner/work/ozone/ozone/hadoop-ozone/integration-test/target/test-dir/MiniOzoneClusterImpl-ba95f9bc-837e-4f7b-bdb9-4ac74d2039d9/datanode-1/data-0/containers/hdds
2022-08-02 01:00:03,165 [Listener at 127.0.0.1/34483] INFO  volume.StorageVolumeChecker (StorageVolumeChecker.java:checkAllVolumes(202)) - Scheduled health check for volume /home/runner/work/ozone/ozone/hadoop-ozone/integration-test/target/test-dir/MiniOzoneClusterImpl-ba95f9bc-837e-4f7b-bdb9-4ac74d2039d9/datanode-1/data-0/containers/hdds
2022-08-02 01:00:03,188 [Listener at 127.0.0.1/34483] INFO  volume.MutableVolumeSet (MutableVolumeSet.java:initializeVolumeSet(174)) - Added Volume : /home/runner/work/ozone/ozone/hadoop-ozone/integration-test/target/test-dir/MiniOzoneClusterImpl-ba95f9bc-837e-4f7b-bdb9-4ac74d2039d9/datanode-1/data/ratis to VolumeSet
2022-08-02 01:00:03,189 [Listener at 127.0.0.1/34483] INFO  volume.ThrottledAsyncChecker (ThrottledAsyncChecker.java:schedule(141)) - Scheduling a check for /home/runner/work/ozone/ozone/hadoop-ozone/integration-test/target/test-dir/MiniOzoneClusterImpl-ba95f9bc-837e-4f7b-bdb9-4ac74d2039d9/datanode-1/data/ratis
2022-08-02 01:00:03,195 [Listener at 127.0.0.1/34483] INFO  volume.StorageVolumeChecker (StorageVolumeChecker.java:checkAllVolumes(202)) - Scheduled health check for volume /home/runner/work/ozone/ozone/hadoop-ozone/integration-test/target/test-dir/MiniOzoneClusterImpl-ba95f9bc-837e-4f7b-bdb9-4ac74d2039d9/datanode-1/data/ratis
2022-08-02 01:00:03,254 [Thread-555] INFO  ozoneimpl.ContainerReader (ContainerReader.java:readVolume(175)) - Finish verifying containers on volume /home/runner/work/ozone/ozone/hadoop-ozone/integration-test/target/test-dir/MiniOzoneClusterImpl-ba95f9bc-837e-4f7b-bdb9-4ac74d2039d9/datanode-1/data-0/containers/hdds
2022-08-02 01:00:03,255 [Listener at 127.0.0.1/34483] INFO  ozoneimpl.OzoneContainer (OzoneContainer.java:buildContainerSet(299)) - Build ContainerSet costs 0s
2022-08-02 01:00:03,257 [Listener at 127.0.0.1/34483] INFO  server.RaftServer (ConfUtils.java:logGet(46)) - raft.rpc.type = GRPC (default)
2022-08-02 01:00:03,257 [Listener at 127.0.0.1/34483] INFO  grpc.GrpcFactory (GrpcFactory.java:checkPooledByteBufAllocatorUseCacheForAllThreads(48)) - PERFORMANCE WARNING: useCacheForAllThreads is true that may cause Netty to create a lot garbage objects and, as a result, trigger GC.
	It is recommended to disable useCacheForAllThreads by setting -Dorg.apache.ratis.thirdparty.io.netty.allocator.useCacheForAllThreads=false in command line.
2022-08-02 01:00:03,257 [Listener at 127.0.0.1/34483] INFO  grpc.GrpcConfigKeys (ConfUtils.java:logGet(46)) - raft.grpc.admin.port = 0 (custom)
2022-08-02 01:00:03,257 [Listener at 127.0.0.1/34483] INFO  grpc.GrpcConfigKeys (ConfUtils.java:logGet(46)) - raft.grpc.client.port = 0 (custom)
2022-08-02 01:00:03,257 [Listener at 127.0.0.1/34483] INFO  grpc.GrpcConfigKeys (ConfUtils.java:logGet(46)) - raft.grpc.server.port = 0 (default)
2022-08-02 01:00:03,257 [Listener at 127.0.0.1/34483] INFO  server.GrpcService (ConfUtils.java:logGet(46)) - raft.grpc.message.size.max = 32MB (=33554432) (custom)
2022-08-02 01:00:03,257 [Listener at 127.0.0.1/34483] INFO  server.RaftServerConfigKeys (ConfUtils.java:logGet(46)) - raft.server.log.appender.buffer.byte-limit = 33554432 (custom)
2022-08-02 01:00:03,257 [Listener at 127.0.0.1/34483] INFO  server.GrpcService (ConfUtils.java:logGet(46)) - raft.grpc.flow.control.window = 5MB (=5242880) (custom)
2022-08-02 01:00:03,257 [Listener at 127.0.0.1/34483] INFO  server.RaftServerConfigKeys (ConfUtils.java:logGet(46)) - raft.server.rpc.request.timeout = 60s (custom)
2022-08-02 01:00:03,257 [Listener at 127.0.0.1/34483] INFO  grpc.GrpcConfigKeys (ConfUtils.java:logGet(46)) - raft.grpc.server.async.request.thread.pool.cached = true (default)
2022-08-02 01:00:03,258 [Listener at 127.0.0.1/34483] INFO  grpc.GrpcConfigKeys (ConfUtils.java:logGet(46)) - raft.grpc.server.async.request.thread.pool.size = 32 (default)
2022-08-02 01:00:03,259 [Listener at 127.0.0.1/34483] INFO  impl.DataStreamServerImpl (ConfUtils.java:logGet(46)) - raft.datastream.type = DISABLED (default)
2022-08-02 01:00:03,259 [Listener at 127.0.0.1/34483] INFO  server.RaftServerConfigKeys (ConfUtils.java:logGet(46)) - raft.server.threadpool.proxy.cached = true (default)
2022-08-02 01:00:03,259 [Listener at 127.0.0.1/34483] INFO  server.RaftServerConfigKeys (ConfUtils.java:logGet(46)) - raft.server.threadpool.proxy.size = 0 (default)
2022-08-02 01:00:03,259 [Listener at 127.0.0.1/34483] INFO  server.RaftServerConfigKeys (ConfUtils.java:logGet(46)) - raft.server.rpc.slowness.timeout = 300s (custom)
2022-08-02 01:00:03,259 [Listener at 127.0.0.1/34483] INFO  server.RaftServerConfigKeys (ConfUtils.java:logGet(46)) - raft.server.leaderelection.leader.step-down.wait-time = 10s (default)
2022-08-02 01:00:03,259 [Listener at 127.0.0.1/34483] INFO  server.RaftServerConfigKeys (ConfUtils.java:logGet(46)) - raft.server.storage.dir = [/home/runner/work/ozone/ozone/hadoop-ozone/integration-test/target/test-dir/MiniOzoneClusterImpl-ba95f9bc-837e-4f7b-bdb9-4ac74d2039d9/datanode-1/data/ratis] (custom)
2022-08-02 01:00:03,278 [Listener at 127.0.0.1/34483] INFO  server.XceiverServerGrpc (XceiverServerGrpc.java:<init>(132)) - GrpcServer channel type EpollServerSocketChannel
2022-08-02 01:00:03,292 [Listener at 127.0.0.1/34483] INFO  http.BaseHttpServer (BaseHttpServer.java:newHttpServer2BuilderForOzone(209)) - Starting Web-server for hddsDatanode at: http://0.0.0.0:0
2022-08-02 01:00:03,292 [Listener at 127.0.0.1/34483] INFO  http.BaseHttpServer (BaseHttpServer.java:<init>(107)) - Hadoop Security Enabled: false Ozone Security Enabled: false Ozone HTTP Security Enabled: false 
2022-08-02 01:00:03,293 [Listener at 127.0.0.1/34483] INFO  server.AuthenticationFilter (AuthenticationFilter.java:constructSecretProvider(240)) - Unable to initialize FileSignerSecretProvider, falling back to use random secrets.
2022-08-02 01:00:03,300 [Listener at 127.0.0.1/34483] WARN  http.HttpRequestLog (HttpRequestLog.java:getRequestLog(103)) - Jetty request log can only be enabled using Log4j
2022-08-02 01:00:03,302 [Listener at 127.0.0.1/34483] INFO  http.HttpServer2 (HttpServer2.java:addGlobalFilter(1029)) - Added global filter 'safety' (class=org.apache.hadoop.hdds.server.http.HttpServer2$QuotingInputFilter)
2022-08-02 01:00:03,302 [Listener at 127.0.0.1/34483] INFO  http.HttpServer2 (HttpServer2.java:addFilter(1005)) - Added filter static_user_filter (class=org.apache.hadoop.http.lib.StaticUserWebFilter$StaticUserFilter) to context hddsDatanode
2022-08-02 01:00:03,302 [Listener at 127.0.0.1/34483] INFO  http.HttpServer2 (HttpServer2.java:addFilter(1013)) - Added filter static_user_filter (class=org.apache.hadoop.http.lib.StaticUserWebFilter$StaticUserFilter) to context static
2022-08-02 01:00:03,302 [Listener at 127.0.0.1/34483] INFO  http.HttpServer2 (HttpServer2.java:addFilter(1013)) - Added filter static_user_filter (class=org.apache.hadoop.http.lib.StaticUserWebFilter$StaticUserFilter) to context logs
2022-08-02 01:00:03,303 [Listener at 127.0.0.1/34483] INFO  http.HttpServer2 (HttpServer2.java:bindListener(1248)) - Jetty bound to port 36439
2022-08-02 01:00:03,303 [Listener at 127.0.0.1/34483] INFO  server.Server (Server.java:doStart(375)) - jetty-9.4.43.v20210629; built: 2021-06-30T11:07:22.254Z; git: 526006ecfa3af7f1a27ef3a288e2bef7ea9dd7e8; jvm 1.8.0_332-b09
2022-08-02 01:00:03,313 [Listener at 127.0.0.1/34483] INFO  server.session (DefaultSessionIdManager.java:doStart(334)) - DefaultSessionIdManager workerName=node0
2022-08-02 01:00:03,314 [Listener at 127.0.0.1/34483] INFO  server.session (DefaultSessionIdManager.java:doStart(339)) - No SessionScavenger set, using defaults
2022-08-02 01:00:03,314 [Listener at 127.0.0.1/34483] INFO  server.session (HouseKeeper.java:startScavenging(132)) - node0 Scavenging every 660000ms
2022-08-02 01:00:03,314 [Listener at 127.0.0.1/34483] INFO  handler.ContextHandler (ContextHandler.java:doStart(915)) - Started o.e.j.s.ServletContextHandler@14339ace{logs,/logs,file:///home/runner/work/ozone/ozone/hadoop-ozone/integration-test/target/log,AVAILABLE}
2022-08-02 01:00:03,315 [Listener at 127.0.0.1/34483] INFO  handler.ContextHandler (ContextHandler.java:doStart(915)) - Started o.e.j.s.ServletContextHandler@28057e45{static,/static,jar:file:/home/runner/.m2/repository/org/apache/ozone/hdds-container-service/1.3.0-SNAPSHOT/hdds-container-service-1.3.0-SNAPSHOT.jar!/webapps/static,AVAILABLE}
2022-08-02 01:00:03,620 [Listener at 127.0.0.1/34483] INFO  handler.ContextHandler (ContextHandler.java:doStart(915)) - Started o.e.j.w.WebAppContext@3d336c03{hddsDatanode,/,file:///tmp/jetty-0_0_0_0-36439-hdds-container-service-1_3_0-SNAPSHOT_jar-_-any-7727055590100239847/webapp/,AVAILABLE}{jar:file:/home/runner/.m2/repository/org/apache/ozone/hdds-container-service/1.3.0-SNAPSHOT/hdds-container-service-1.3.0-SNAPSHOT.jar!/webapps/hddsDatanode}
2022-08-02 01:00:03,629 [Listener at 127.0.0.1/34483] INFO  server.AbstractConnector (AbstractConnector.java:doStart(331)) - Started ServerConnector@125f317c{HTTP/1.1, (http/1.1)}{0.0.0.0:36439}
2022-08-02 01:00:03,629 [Listener at 127.0.0.1/34483] INFO  server.Server (Server.java:doStart(415)) - Started @63672ms
2022-08-02 01:00:03,629 [Listener at 127.0.0.1/34483] WARN  impl.MetricsSystemImpl (MetricsSystemImpl.java:register(279)) - Sink prometheus already exists!
2022-08-02 01:00:03,641 [Listener at 127.0.0.1/34483] INFO  http.BaseHttpServer (BaseHttpServer.java:updateConnectorAddress(329)) - HTTP server of hddsDatanode listening at http://0.0.0.0:36439
2022-08-02 01:00:03,653 [Listener at 127.0.0.1/34483] WARN  impl.MetricRegistriesImpl (MetricRegistriesImpl.java:addReporterRegistration(111)) - New reporters are added after registries were created. Some metrics will be missing from the reporter. Please add reporter before adding any new registry.
2022-08-02 01:00:03,653 [Listener at 127.0.0.1/34483] WARN  impl.MetricRegistriesImpl (MetricRegistriesImpl.java:addReporterRegistration(111)) - New reporters are added after registries were created. Some metrics will be missing from the reporter. Please add reporter before adding any new registry.
2022-08-02 01:00:03,653 [Listener at 127.0.0.1/34483] INFO  impl.MetricsSystemImpl (MetricsSystemImpl.java:init(158)) - HddsDatanode metrics system started (again)
2022-08-02 01:00:03,661 [Datanode State Machine Daemon Thread] INFO  statemachine.DatanodeStateMachine (DatanodeStateMachine.java:lambda$startDaemon$0(492)) - Ozone container server started.
2022-08-02 01:00:03,695 [ReplicationMonitor] INFO  replication.ReplicationManager (ReplicationManager.java:processAll(249)) - Replication Manager is not ready to run until 3000ms after safemode exit
2022-08-02 01:00:03,733 [org.apache.hadoop.util.JvmPauseMonitor$Monitor@50dc14d3] INFO  util.JvmPauseMonitor (JvmPauseMonitor.java:run(188)) - Starting JVM pause monitor
2022-08-02 01:00:03,738 [Listener at 127.0.0.1/34483] INFO  ozone.HddsDatanodeService (HddsDatanodeService.java:start(236)) - HddsDatanodeService host:fv-az164-385.acqy4frhnxdelaro313li45hge.dx.internal.cloudapp.net ip:10.1.0.31
2022-08-02 01:00:03,784 [Datanode State Machine Task Thread - 0] INFO  datanode.InitDatanodeState (InitDatanodeState.java:persistContainerDatanodeDetails(138)) - DatanodeDetails is persisted to /home/runner/work/ozone/ozone/hadoop-ozone/integration-test/target/test-dir/MiniOzoneClusterImpl-ba95f9bc-837e-4f7b-bdb9-4ac74d2039d9/datanode-1/meta/datanode.id
2022-08-02 01:00:03,803 [Listener at 127.0.0.1/34483] INFO  upgrade.AbstractLayoutVersionManager (AbstractLayoutVersionManager.java:init(83)) - Initializing Layout version manager with metadata layout = DATANODE_SCHEMA_V3 (version = 4), software layout = DATANODE_SCHEMA_V3 (version = 4)
2022-08-02 01:00:03,942 [Listener at 127.0.0.1/34483] INFO  reflections.Reflections (Reflections.java:scan(232)) - Reflections took 138 ms to scan 7 urls, producing 132 keys and 321 values 
2022-08-02 01:00:03,944 [Listener at 127.0.0.1/34483] INFO  statemachine.DatanodeStateMachine (DatanodeStateMachine.java:getEndPointTaskThreadPoolSize(237)) - Datanode State Machine Task Thread Pool size 2
2022-08-02 01:00:03,957 [Listener at 127.0.0.1/34483] INFO  volume.HddsVolume (HddsVolume.java:<init>(116)) - Creating HddsVolume: /home/runner/work/ozone/ozone/hadoop-ozone/integration-test/target/test-dir/MiniOzoneClusterImpl-ba95f9bc-837e-4f7b-bdb9-4ac74d2039d9/datanode-2/data-0/containers/hdds of storage type : DISK capacity : 9223372036854775807
2022-08-02 01:00:03,958 [Listener at 127.0.0.1/34483] INFO  volume.MutableVolumeSet (MutableVolumeSet.java:initializeVolumeSet(174)) - Added Volume : /home/runner/work/ozone/ozone/hadoop-ozone/integration-test/target/test-dir/MiniOzoneClusterImpl-ba95f9bc-837e-4f7b-bdb9-4ac74d2039d9/datanode-2/data-0/containers/hdds to VolumeSet
2022-08-02 01:00:03,958 [Listener at 127.0.0.1/34483] INFO  volume.ThrottledAsyncChecker (ThrottledAsyncChecker.java:schedule(141)) - Scheduling a check for /home/runner/work/ozone/ozone/hadoop-ozone/integration-test/target/test-dir/MiniOzoneClusterImpl-ba95f9bc-837e-4f7b-bdb9-4ac74d2039d9/datanode-2/data-0/containers/hdds
2022-08-02 01:00:03,961 [Listener at 127.0.0.1/34483] INFO  volume.StorageVolumeChecker (StorageVolumeChecker.java:checkAllVolumes(202)) - Scheduled health check for volume /home/runner/work/ozone/ozone/hadoop-ozone/integration-test/target/test-dir/MiniOzoneClusterImpl-ba95f9bc-837e-4f7b-bdb9-4ac74d2039d9/datanode-2/data-0/containers/hdds
2022-08-02 01:00:03,991 [Listener at 127.0.0.1/34483] INFO  volume.MutableVolumeSet (MutableVolumeSet.java:initializeVolumeSet(174)) - Added Volume : /home/runner/work/ozone/ozone/hadoop-ozone/integration-test/target/test-dir/MiniOzoneClusterImpl-ba95f9bc-837e-4f7b-bdb9-4ac74d2039d9/datanode-2/data/ratis to VolumeSet
2022-08-02 01:00:03,992 [Listener at 127.0.0.1/34483] INFO  volume.ThrottledAsyncChecker (ThrottledAsyncChecker.java:schedule(141)) - Scheduling a check for /home/runner/work/ozone/ozone/hadoop-ozone/integration-test/target/test-dir/MiniOzoneClusterImpl-ba95f9bc-837e-4f7b-bdb9-4ac74d2039d9/datanode-2/data/ratis
2022-08-02 01:00:03,992 [Listener at 127.0.0.1/34483] INFO  volume.StorageVolumeChecker (StorageVolumeChecker.java:checkAllVolumes(202)) - Scheduled health check for volume /home/runner/work/ozone/ozone/hadoop-ozone/integration-test/target/test-dir/MiniOzoneClusterImpl-ba95f9bc-837e-4f7b-bdb9-4ac74d2039d9/datanode-2/data/ratis
2022-08-02 01:00:04,020 [Thread-568] INFO  ozoneimpl.ContainerReader (ContainerReader.java:readVolume(175)) - Finish verifying containers on volume /home/runner/work/ozone/ozone/hadoop-ozone/integration-test/target/test-dir/MiniOzoneClusterImpl-ba95f9bc-837e-4f7b-bdb9-4ac74d2039d9/datanode-2/data-0/containers/hdds
2022-08-02 01:00:04,021 [Listener at 127.0.0.1/34483] INFO  ozoneimpl.OzoneContainer (OzoneContainer.java:buildContainerSet(299)) - Build ContainerSet costs 0s
2022-08-02 01:00:04,027 [Listener at 127.0.0.1/34483] INFO  server.RaftServer (ConfUtils.java:logGet(46)) - raft.rpc.type = GRPC (default)
2022-08-02 01:00:04,027 [Listener at 127.0.0.1/34483] INFO  grpc.GrpcFactory (GrpcFactory.java:checkPooledByteBufAllocatorUseCacheForAllThreads(48)) - PERFORMANCE WARNING: useCacheForAllThreads is true that may cause Netty to create a lot garbage objects and, as a result, trigger GC.
	It is recommended to disable useCacheForAllThreads by setting -Dorg.apache.ratis.thirdparty.io.netty.allocator.useCacheForAllThreads=false in command line.
2022-08-02 01:00:04,028 [Listener at 127.0.0.1/34483] INFO  grpc.GrpcConfigKeys (ConfUtils.java:logGet(46)) - raft.grpc.admin.port = 0 (custom)
2022-08-02 01:00:04,028 [Listener at 127.0.0.1/34483] INFO  grpc.GrpcConfigKeys (ConfUtils.java:logGet(46)) - raft.grpc.client.port = 0 (custom)
2022-08-02 01:00:04,028 [Listener at 127.0.0.1/34483] INFO  grpc.GrpcConfigKeys (ConfUtils.java:logGet(46)) - raft.grpc.server.port = 0 (default)
2022-08-02 01:00:04,028 [Listener at 127.0.0.1/34483] INFO  server.GrpcService (ConfUtils.java:logGet(46)) - raft.grpc.message.size.max = 32MB (=33554432) (custom)
2022-08-02 01:00:04,028 [Listener at 127.0.0.1/34483] INFO  server.RaftServerConfigKeys (ConfUtils.java:logGet(46)) - raft.server.log.appender.buffer.byte-limit = 33554432 (custom)
2022-08-02 01:00:04,028 [Listener at 127.0.0.1/34483] INFO  server.GrpcService (ConfUtils.java:logGet(46)) - raft.grpc.flow.control.window = 5MB (=5242880) (custom)
2022-08-02 01:00:04,028 [Listener at 127.0.0.1/34483] INFO  server.RaftServerConfigKeys (ConfUtils.java:logGet(46)) - raft.server.rpc.request.timeout = 60s (custom)
2022-08-02 01:00:04,028 [Listener at 127.0.0.1/34483] INFO  grpc.GrpcConfigKeys (ConfUtils.java:logGet(46)) - raft.grpc.server.async.request.thread.pool.cached = true (default)
2022-08-02 01:00:04,037 [Listener at 127.0.0.1/34483] INFO  grpc.GrpcConfigKeys (ConfUtils.java:logGet(46)) - raft.grpc.server.async.request.thread.pool.size = 32 (default)
2022-08-02 01:00:04,049 [Listener at 127.0.0.1/34483] INFO  impl.DataStreamServerImpl (ConfUtils.java:logGet(46)) - raft.datastream.type = DISABLED (default)
2022-08-02 01:00:04,049 [Listener at 127.0.0.1/34483] INFO  server.RaftServerConfigKeys (ConfUtils.java:logGet(46)) - raft.server.threadpool.proxy.cached = true (default)
2022-08-02 01:00:04,050 [Listener at 127.0.0.1/34483] INFO  server.RaftServerConfigKeys (ConfUtils.java:logGet(46)) - raft.server.threadpool.proxy.size = 0 (default)
2022-08-02 01:00:04,050 [Listener at 127.0.0.1/34483] INFO  server.RaftServerConfigKeys (ConfUtils.java:logGet(46)) - raft.server.rpc.slowness.timeout = 300s (custom)
2022-08-02 01:00:04,050 [Listener at 127.0.0.1/34483] INFO  server.RaftServerConfigKeys (ConfUtils.java:logGet(46)) - raft.server.leaderelection.leader.step-down.wait-time = 10s (default)
2022-08-02 01:00:04,050 [Listener at 127.0.0.1/34483] INFO  server.RaftServerConfigKeys (ConfUtils.java:logGet(46)) - raft.server.storage.dir = [/home/runner/work/ozone/ozone/hadoop-ozone/integration-test/target/test-dir/MiniOzoneClusterImpl-ba95f9bc-837e-4f7b-bdb9-4ac74d2039d9/datanode-2/data/ratis] (custom)
2022-08-02 01:00:04,052 [Listener at 127.0.0.1/34483] INFO  server.XceiverServerGrpc (XceiverServerGrpc.java:<init>(132)) - GrpcServer channel type EpollServerSocketChannel
2022-08-02 01:00:04,056 [Listener at 127.0.0.1/34483] INFO  http.BaseHttpServer (BaseHttpServer.java:newHttpServer2BuilderForOzone(209)) - Starting Web-server for hddsDatanode at: http://0.0.0.0:0
2022-08-02 01:00:04,056 [Listener at 127.0.0.1/34483] INFO  http.BaseHttpServer (BaseHttpServer.java:<init>(107)) - Hadoop Security Enabled: false Ozone Security Enabled: false Ozone HTTP Security Enabled: false 
2022-08-02 01:00:04,057 [Listener at 127.0.0.1/34483] INFO  server.AuthenticationFilter (AuthenticationFilter.java:constructSecretProvider(240)) - Unable to initialize FileSignerSecretProvider, falling back to use random secrets.
2022-08-02 01:00:04,077 [Listener at 127.0.0.1/34483] WARN  http.HttpRequestLog (HttpRequestLog.java:getRequestLog(103)) - Jetty request log can only be enabled using Log4j
2022-08-02 01:00:04,078 [Listener at 127.0.0.1/34483] INFO  http.HttpServer2 (HttpServer2.java:addGlobalFilter(1029)) - Added global filter 'safety' (class=org.apache.hadoop.hdds.server.http.HttpServer2$QuotingInputFilter)
2022-08-02 01:00:04,079 [Listener at 127.0.0.1/34483] INFO  http.HttpServer2 (HttpServer2.java:addFilter(1005)) - Added filter static_user_filter (class=org.apache.hadoop.http.lib.StaticUserWebFilter$StaticUserFilter) to context hddsDatanode
2022-08-02 01:00:04,079 [Listener at 127.0.0.1/34483] INFO  http.HttpServer2 (HttpServer2.java:addFilter(1013)) - Added filter static_user_filter (class=org.apache.hadoop.http.lib.StaticUserWebFilter$StaticUserFilter) to context logs
2022-08-02 01:00:04,079 [Listener at 127.0.0.1/34483] INFO  http.HttpServer2 (HttpServer2.java:addFilter(1013)) - Added filter static_user_filter (class=org.apache.hadoop.http.lib.StaticUserWebFilter$StaticUserFilter) to context static
2022-08-02 01:00:04,079 [Listener at 127.0.0.1/34483] INFO  http.HttpServer2 (HttpServer2.java:bindListener(1248)) - Jetty bound to port 38973
2022-08-02 01:00:04,079 [Listener at 127.0.0.1/34483] INFO  server.Server (Server.java:doStart(375)) - jetty-9.4.43.v20210629; built: 2021-06-30T11:07:22.254Z; git: 526006ecfa3af7f1a27ef3a288e2bef7ea9dd7e8; jvm 1.8.0_332-b09
2022-08-02 01:00:04,129 [Listener at 127.0.0.1/34483] INFO  server.session (DefaultSessionIdManager.java:doStart(334)) - DefaultSessionIdManager workerName=node0
2022-08-02 01:00:04,130 [Listener at 127.0.0.1/34483] INFO  server.session (DefaultSessionIdManager.java:doStart(339)) - No SessionScavenger set, using defaults
2022-08-02 01:00:04,130 [Listener at 127.0.0.1/34483] INFO  server.session (HouseKeeper.java:startScavenging(132)) - node0 Scavenging every 660000ms
2022-08-02 01:00:04,130 [Listener at 127.0.0.1/34483] INFO  handler.ContextHandler (ContextHandler.java:doStart(915)) - Started o.e.j.s.ServletContextHandler@728e5e69{logs,/logs,file:///home/runner/work/ozone/ozone/hadoop-ozone/integration-test/target/log,AVAILABLE}
2022-08-02 01:00:04,131 [Listener at 127.0.0.1/34483] INFO  handler.ContextHandler (ContextHandler.java:doStart(915)) - Started o.e.j.s.ServletContextHandler@3fa750ee{static,/static,jar:file:/home/runner/.m2/repository/org/apache/ozone/hdds-container-service/1.3.0-SNAPSHOT/hdds-container-service-1.3.0-SNAPSHOT.jar!/webapps/static,AVAILABLE}
2022-08-02 01:00:04,562 [Listener at 127.0.0.1/34483] INFO  handler.ContextHandler (ContextHandler.java:doStart(915)) - Started o.e.j.w.WebAppContext@79a4d933{hddsDatanode,/,file:///tmp/jetty-0_0_0_0-38973-hdds-container-service-1_3_0-SNAPSHOT_jar-_-any-887173884057084588/webapp/,AVAILABLE}{jar:file:/home/runner/.m2/repository/org/apache/ozone/hdds-container-service/1.3.0-SNAPSHOT/hdds-container-service-1.3.0-SNAPSHOT.jar!/webapps/hddsDatanode}
2022-08-02 01:00:04,564 [Listener at 127.0.0.1/34483] INFO  server.AbstractConnector (AbstractConnector.java:doStart(331)) - Started ServerConnector@6a708505{HTTP/1.1, (http/1.1)}{0.0.0.0:38973}
2022-08-02 01:00:04,564 [Listener at 127.0.0.1/34483] INFO  server.Server (Server.java:doStart(415)) - Started @64607ms
2022-08-02 01:00:04,564 [Listener at 127.0.0.1/34483] WARN  impl.MetricsSystemImpl (MetricsSystemImpl.java:register(279)) - Sink prometheus already exists!
2022-08-02 01:00:04,581 [Listener at 127.0.0.1/34483] INFO  http.BaseHttpServer (BaseHttpServer.java:updateConnectorAddress(329)) - HTTP server of hddsDatanode listening at http://0.0.0.0:38973
2022-08-02 01:00:04,602 [Listener at 127.0.0.1/34483] WARN  impl.MetricRegistriesImpl (MetricRegistriesImpl.java:addReporterRegistration(111)) - New reporters are added after registries were created. Some metrics will be missing from the reporter. Please add reporter before adding any new registry.
2022-08-02 01:00:04,602 [Listener at 127.0.0.1/34483] WARN  impl.MetricRegistriesImpl (MetricRegistriesImpl.java:addReporterRegistration(111)) - New reporters are added after registries were created. Some metrics will be missing from the reporter. Please add reporter before adding any new registry.
2022-08-02 01:00:04,602 [Listener at 127.0.0.1/34483] INFO  impl.MetricsSystemImpl (MetricsSystemImpl.java:init(158)) - HddsDatanode metrics system started (again)
2022-08-02 01:00:04,608 [Datanode State Machine Daemon Thread] INFO  statemachine.DatanodeStateMachine (DatanodeStateMachine.java:lambda$startDaemon$0(492)) - Ozone container server started.
2022-08-02 01:00:04,614 [Listener at 127.0.0.1/34483] INFO  ozone.HddsDatanodeService (HddsDatanodeService.java:start(236)) - HddsDatanodeService host:fv-az164-385.acqy4frhnxdelaro313li45hge.dx.internal.cloudapp.net ip:10.1.0.31
2022-08-02 01:00:04,652 [org.apache.hadoop.util.JvmPauseMonitor$Monitor@7dd9d2cb] INFO  util.JvmPauseMonitor (JvmPauseMonitor.java:run(188)) - Starting JVM pause monitor
2022-08-02 01:00:04,670 [Listener at 127.0.0.1/34483] INFO  upgrade.AbstractLayoutVersionManager (AbstractLayoutVersionManager.java:init(83)) - Initializing Layout version manager with metadata layout = DATANODE_SCHEMA_V3 (version = 4), software layout = DATANODE_SCHEMA_V3 (version = 4)
2022-08-02 01:00:04,685 [Datanode State Machine Task Thread - 0] INFO  datanode.InitDatanodeState (InitDatanodeState.java:persistContainerDatanodeDetails(138)) - DatanodeDetails is persisted to /home/runner/work/ozone/ozone/hadoop-ozone/integration-test/target/test-dir/MiniOzoneClusterImpl-ba95f9bc-837e-4f7b-bdb9-4ac74d2039d9/datanode-2/meta/datanode.id
2022-08-02 01:00:04,696 [ReplicationMonitor] INFO  replication.ReplicationManager (ReplicationManager.java:processAll(249)) - Replication Manager is not ready to run until 3000ms after safemode exit
2022-08-02 01:00:04,794 [Listener at 127.0.0.1/34483] INFO  reflections.Reflections (Reflections.java:scan(232)) - Reflections took 123 ms to scan 7 urls, producing 132 keys and 321 values 
2022-08-02 01:00:04,795 [Listener at 127.0.0.1/34483] INFO  statemachine.DatanodeStateMachine (DatanodeStateMachine.java:getEndPointTaskThreadPoolSize(237)) - Datanode State Machine Task Thread Pool size 2
2022-08-02 01:00:04,807 [Listener at 127.0.0.1/34483] INFO  volume.HddsVolume (HddsVolume.java:<init>(116)) - Creating HddsVolume: /home/runner/work/ozone/ozone/hadoop-ozone/integration-test/target/test-dir/MiniOzoneClusterImpl-ba95f9bc-837e-4f7b-bdb9-4ac74d2039d9/datanode-3/data-0/containers/hdds of storage type : DISK capacity : 9223372036854775807
2022-08-02 01:00:04,807 [Listener at 127.0.0.1/34483] INFO  volume.MutableVolumeSet (MutableVolumeSet.java:initializeVolumeSet(174)) - Added Volume : /home/runner/work/ozone/ozone/hadoop-ozone/integration-test/target/test-dir/MiniOzoneClusterImpl-ba95f9bc-837e-4f7b-bdb9-4ac74d2039d9/datanode-3/data-0/containers/hdds to VolumeSet
2022-08-02 01:00:04,807 [Listener at 127.0.0.1/34483] INFO  volume.ThrottledAsyncChecker (ThrottledAsyncChecker.java:schedule(141)) - Scheduling a check for /home/runner/work/ozone/ozone/hadoop-ozone/integration-test/target/test-dir/MiniOzoneClusterImpl-ba95f9bc-837e-4f7b-bdb9-4ac74d2039d9/datanode-3/data-0/containers/hdds
2022-08-02 01:00:04,837 [Listener at 127.0.0.1/34483] INFO  volume.StorageVolumeChecker (StorageVolumeChecker.java:checkAllVolumes(202)) - Scheduled health check for volume /home/runner/work/ozone/ozone/hadoop-ozone/integration-test/target/test-dir/MiniOzoneClusterImpl-ba95f9bc-837e-4f7b-bdb9-4ac74d2039d9/datanode-3/data-0/containers/hdds
2022-08-02 01:00:04,847 [Listener at 127.0.0.1/34483] INFO  volume.MutableVolumeSet (MutableVolumeSet.java:initializeVolumeSet(174)) - Added Volume : /home/runner/work/ozone/ozone/hadoop-ozone/integration-test/target/test-dir/MiniOzoneClusterImpl-ba95f9bc-837e-4f7b-bdb9-4ac74d2039d9/datanode-3/data/ratis to VolumeSet
2022-08-02 01:00:04,847 [Listener at 127.0.0.1/34483] INFO  volume.ThrottledAsyncChecker (ThrottledAsyncChecker.java:schedule(141)) - Scheduling a check for /home/runner/work/ozone/ozone/hadoop-ozone/integration-test/target/test-dir/MiniOzoneClusterImpl-ba95f9bc-837e-4f7b-bdb9-4ac74d2039d9/datanode-3/data/ratis
2022-08-02 01:00:04,847 [Listener at 127.0.0.1/34483] INFO  volume.StorageVolumeChecker (StorageVolumeChecker.java:checkAllVolumes(202)) - Scheduled health check for volume /home/runner/work/ozone/ozone/hadoop-ozone/integration-test/target/test-dir/MiniOzoneClusterImpl-ba95f9bc-837e-4f7b-bdb9-4ac74d2039d9/datanode-3/data/ratis
2022-08-02 01:00:04,868 [Thread-581] INFO  ozoneimpl.ContainerReader (ContainerReader.java:readVolume(175)) - Finish verifying containers on volume /home/runner/work/ozone/ozone/hadoop-ozone/integration-test/target/test-dir/MiniOzoneClusterImpl-ba95f9bc-837e-4f7b-bdb9-4ac74d2039d9/datanode-3/data-0/containers/hdds
2022-08-02 01:00:04,870 [Listener at 127.0.0.1/34483] INFO  ozoneimpl.OzoneContainer (OzoneContainer.java:buildContainerSet(299)) - Build ContainerSet costs 0s
2022-08-02 01:00:04,873 [Listener at 127.0.0.1/34483] INFO  server.RaftServer (ConfUtils.java:logGet(46)) - raft.rpc.type = GRPC (default)
2022-08-02 01:00:04,874 [Listener at 127.0.0.1/34483] INFO  grpc.GrpcFactory (GrpcFactory.java:checkPooledByteBufAllocatorUseCacheForAllThreads(48)) - PERFORMANCE WARNING: useCacheForAllThreads is true that may cause Netty to create a lot garbage objects and, as a result, trigger GC.
	It is recommended to disable useCacheForAllThreads by setting -Dorg.apache.ratis.thirdparty.io.netty.allocator.useCacheForAllThreads=false in command line.
2022-08-02 01:00:04,874 [Listener at 127.0.0.1/34483] INFO  grpc.GrpcConfigKeys (ConfUtils.java:logGet(46)) - raft.grpc.admin.port = 0 (custom)
2022-08-02 01:00:04,874 [Listener at 127.0.0.1/34483] INFO  grpc.GrpcConfigKeys (ConfUtils.java:logGet(46)) - raft.grpc.client.port = 0 (custom)
2022-08-02 01:00:04,874 [Listener at 127.0.0.1/34483] INFO  grpc.GrpcConfigKeys (ConfUtils.java:logGet(46)) - raft.grpc.server.port = 0 (default)
2022-08-02 01:00:04,874 [Listener at 127.0.0.1/34483] INFO  server.GrpcService (ConfUtils.java:logGet(46)) - raft.grpc.message.size.max = 32MB (=33554432) (custom)
2022-08-02 01:00:04,874 [Listener at 127.0.0.1/34483] INFO  server.RaftServerConfigKeys (ConfUtils.java:logGet(46)) - raft.server.log.appender.buffer.byte-limit = 33554432 (custom)
2022-08-02 01:00:04,874 [Listener at 127.0.0.1/34483] INFO  server.GrpcService (ConfUtils.java:logGet(46)) - raft.grpc.flow.control.window = 5MB (=5242880) (custom)
2022-08-02 01:00:04,875 [Listener at 127.0.0.1/34483] INFO  server.RaftServerConfigKeys (ConfUtils.java:logGet(46)) - raft.server.rpc.request.timeout = 60s (custom)
2022-08-02 01:00:04,875 [Listener at 127.0.0.1/34483] INFO  grpc.GrpcConfigKeys (ConfUtils.java:logGet(46)) - raft.grpc.server.async.request.thread.pool.cached = true (default)
2022-08-02 01:00:04,875 [Listener at 127.0.0.1/34483] INFO  grpc.GrpcConfigKeys (ConfUtils.java:logGet(46)) - raft.grpc.server.async.request.thread.pool.size = 32 (default)
2022-08-02 01:00:04,876 [Listener at 127.0.0.1/34483] INFO  impl.DataStreamServerImpl (ConfUtils.java:logGet(46)) - raft.datastream.type = DISABLED (default)
2022-08-02 01:00:04,876 [Listener at 127.0.0.1/34483] INFO  server.RaftServerConfigKeys (ConfUtils.java:logGet(46)) - raft.server.threadpool.proxy.cached = true (default)
2022-08-02 01:00:04,876 [Listener at 127.0.0.1/34483] INFO  server.RaftServerConfigKeys (ConfUtils.java:logGet(46)) - raft.server.threadpool.proxy.size = 0 (default)
2022-08-02 01:00:04,880 [Listener at 127.0.0.1/34483] INFO  server.RaftServerConfigKeys (ConfUtils.java:logGet(46)) - raft.server.rpc.slowness.timeout = 300s (custom)
2022-08-02 01:00:04,880 [Listener at 127.0.0.1/34483] INFO  server.RaftServerConfigKeys (ConfUtils.java:logGet(46)) - raft.server.leaderelection.leader.step-down.wait-time = 10s (default)
2022-08-02 01:00:04,880 [Listener at 127.0.0.1/34483] INFO  server.RaftServerConfigKeys (ConfUtils.java:logGet(46)) - raft.server.storage.dir = [/home/runner/work/ozone/ozone/hadoop-ozone/integration-test/target/test-dir/MiniOzoneClusterImpl-ba95f9bc-837e-4f7b-bdb9-4ac74d2039d9/datanode-3/data/ratis] (custom)
2022-08-02 01:00:04,890 [Listener at 127.0.0.1/34483] INFO  server.XceiverServerGrpc (XceiverServerGrpc.java:<init>(132)) - GrpcServer channel type EpollServerSocketChannel
2022-08-02 01:00:04,915 [Listener at 127.0.0.1/34483] INFO  http.BaseHttpServer (BaseHttpServer.java:newHttpServer2BuilderForOzone(209)) - Starting Web-server for hddsDatanode at: http://0.0.0.0:0
2022-08-02 01:00:04,915 [Listener at 127.0.0.1/34483] INFO  http.BaseHttpServer (BaseHttpServer.java:<init>(107)) - Hadoop Security Enabled: false Ozone Security Enabled: false Ozone HTTP Security Enabled: false 
2022-08-02 01:00:04,916 [Listener at 127.0.0.1/34483] INFO  server.AuthenticationFilter (AuthenticationFilter.java:constructSecretProvider(240)) - Unable to initialize FileSignerSecretProvider, falling back to use random secrets.
2022-08-02 01:00:04,931 [Listener at 127.0.0.1/34483] WARN  http.HttpRequestLog (HttpRequestLog.java:getRequestLog(103)) - Jetty request log can only be enabled using Log4j
2022-08-02 01:00:04,932 [Listener at 127.0.0.1/34483] INFO  http.HttpServer2 (HttpServer2.java:addGlobalFilter(1029)) - Added global filter 'safety' (class=org.apache.hadoop.hdds.server.http.HttpServer2$QuotingInputFilter)
2022-08-02 01:00:04,933 [Listener at 127.0.0.1/34483] INFO  http.HttpServer2 (HttpServer2.java:addFilter(1005)) - Added filter static_user_filter (class=org.apache.hadoop.http.lib.StaticUserWebFilter$StaticUserFilter) to context hddsDatanode
2022-08-02 01:00:04,933 [Listener at 127.0.0.1/34483] INFO  http.HttpServer2 (HttpServer2.java:addFilter(1013)) - Added filter static_user_filter (class=org.apache.hadoop.http.lib.StaticUserWebFilter$StaticUserFilter) to context static
2022-08-02 01:00:04,933 [Listener at 127.0.0.1/34483] INFO  http.HttpServer2 (HttpServer2.java:addFilter(1013)) - Added filter static_user_filter (class=org.apache.hadoop.http.lib.StaticUserWebFilter$StaticUserFilter) to context logs
2022-08-02 01:00:04,934 [Listener at 127.0.0.1/34483] INFO  http.HttpServer2 (HttpServer2.java:bindListener(1248)) - Jetty bound to port 37327
2022-08-02 01:00:04,934 [Listener at 127.0.0.1/34483] INFO  server.Server (Server.java:doStart(375)) - jetty-9.4.43.v20210629; built: 2021-06-30T11:07:22.254Z; git: 526006ecfa3af7f1a27ef3a288e2bef7ea9dd7e8; jvm 1.8.0_332-b09
2022-08-02 01:00:04,963 [Listener at 127.0.0.1/34483] INFO  server.session (DefaultSessionIdManager.java:doStart(334)) - DefaultSessionIdManager workerName=node0
2022-08-02 01:00:04,963 [Listener at 127.0.0.1/34483] INFO  server.session (DefaultSessionIdManager.java:doStart(339)) - No SessionScavenger set, using defaults
2022-08-02 01:00:04,964 [Listener at 127.0.0.1/34483] INFO  server.session (HouseKeeper.java:startScavenging(132)) - node0 Scavenging every 600000ms
2022-08-02 01:00:04,964 [Listener at 127.0.0.1/34483] INFO  handler.ContextHandler (ContextHandler.java:doStart(915)) - Started o.e.j.s.ServletContextHandler@3c89d49a{logs,/logs,file:///home/runner/work/ozone/ozone/hadoop-ozone/integration-test/target/log,AVAILABLE}
2022-08-02 01:00:04,964 [Listener at 127.0.0.1/34483] INFO  handler.ContextHandler (ContextHandler.java:doStart(915)) - Started o.e.j.s.ServletContextHandler@43c33823{static,/static,jar:file:/home/runner/.m2/repository/org/apache/ozone/hdds-container-service/1.3.0-SNAPSHOT/hdds-container-service-1.3.0-SNAPSHOT.jar!/webapps/static,AVAILABLE}
2022-08-02 01:00:05,111 [EndpointStateMachine task thread for /0.0.0.0:42269 - 0 ] INFO  volume.HddsVolume (HddsVolume.java:createDbStore(309)) - SchemaV3 db is created and loaded at /home/runner/work/ozone/ozone/hadoop-ozone/integration-test/target/test-dir/MiniOzoneClusterImpl-ba95f9bc-837e-4f7b-bdb9-4ac74d2039d9/datanode-0/data-0/containers/hdds/ba95f9bc-837e-4f7b-bdb9-4ac74d2039d9/DS-04810f50-3489-45d3-9041-c7cd0711557d/container.db for volume DS-04810f50-3489-45d3-9041-c7cd0711557d
2022-08-02 01:00:05,120 [EndpointStateMachine task thread for /0.0.0.0:42269 - 0 ] INFO  volume.HddsVolume (HddsVolume.java:closeDbStore(340)) - SchemaV3 db is stopped at /home/runner/work/ozone/ozone/hadoop-ozone/integration-test/target/test-dir/MiniOzoneClusterImpl-ba95f9bc-837e-4f7b-bdb9-4ac74d2039d9/datanode-0/data-0/containers/hdds/ba95f9bc-837e-4f7b-bdb9-4ac74d2039d9/DS-04810f50-3489-45d3-9041-c7cd0711557d/container.db for volume DS-04810f50-3489-45d3-9041-c7cd0711557d
2022-08-02 01:00:05,120 [EndpointStateMachine task thread for /0.0.0.0:42269 - 0 ] INFO  ozoneimpl.OzoneContainer (OzoneContainer.java:start(377)) - Attempting to start container services.
2022-08-02 01:00:05,121 [EndpointStateMachine task thread for /0.0.0.0:42269 - 0 ] INFO  ozoneimpl.OzoneContainer (OzoneContainer.java:startContainerScrub(312)) - Background container scanner has been disabled.
2022-08-02 01:00:05,122 [EndpointStateMachine task thread for /0.0.0.0:42269 - 0 ] INFO  replication.ReplicationServer (ReplicationServer.java:start(111)) - ReplicationServer is started using port 36001
2022-08-02 01:00:05,123 [EndpointStateMachine task thread for /0.0.0.0:42269 - 0 ] INFO  ratis.XceiverServerRatis (XceiverServerRatis.java:start(481)) - Starting XceiverServerRatis b0a39cc0-afce-41ab-9888-c09687d0cbc6
2022-08-02 01:00:05,124 [EndpointStateMachine task thread for /0.0.0.0:42269 - 0 ] INFO  server.RaftServer (RaftServerProxy.java:lambda$start$6(382)) - b0a39cc0-afce-41ab-9888-c09687d0cbc6: start RPC server
2022-08-02 01:00:05,130 [EndpointStateMachine task thread for /0.0.0.0:42269 - 0 ] INFO  server.GrpcService (GrpcService.java:startImpl(260)) - b0a39cc0-afce-41ab-9888-c09687d0cbc6: GrpcService started, listening on 38013
2022-08-02 01:00:05,130 [EndpointStateMachine task thread for /0.0.0.0:42269 - 0 ] INFO  ratis.XceiverServerRatis (XceiverServerRatis.java:getRealPort(502)) - XceiverServerRatis b0a39cc0-afce-41ab-9888-c09687d0cbc6 is started using port 38013 for RATIS
2022-08-02 01:00:05,130 [EndpointStateMachine task thread for /0.0.0.0:42269 - 0 ] INFO  ratis.XceiverServerRatis (XceiverServerRatis.java:getRealPort(502)) - XceiverServerRatis b0a39cc0-afce-41ab-9888-c09687d0cbc6 is started using port 38013 for RATIS_ADMIN
2022-08-02 01:00:05,130 [EndpointStateMachine task thread for /0.0.0.0:42269 - 0 ] INFO  ratis.XceiverServerRatis (XceiverServerRatis.java:getRealPort(502)) - XceiverServerRatis b0a39cc0-afce-41ab-9888-c09687d0cbc6 is started using port 38013 for RATIS_SERVER
2022-08-02 01:00:05,130 [org.apache.ratis.util.JvmPauseMonitor$$Lambda$631/1000159038@34e18a36] INFO  util.JvmPauseMonitor (JvmPauseMonitor.java:run(103)) - JvmPauseMonitor-b0a39cc0-afce-41ab-9888-c09687d0cbc6: Started
2022-08-02 01:00:05,155 [EndpointStateMachine task thread for /0.0.0.0:42269 - 0 ] INFO  server.XceiverServerGrpc (XceiverServerGrpc.java:start(180)) - XceiverServerGrpc b0a39cc0-afce-41ab-9888-c09687d0cbc6 is started using port 34021
2022-08-02 01:00:05,308 [Listener at 127.0.0.1/34483] INFO  handler.ContextHandler (ContextHandler.java:doStart(915)) - Started o.e.j.w.WebAppContext@7479dd3f{hddsDatanode,/,file:///tmp/jetty-0_0_0_0-37327-hdds-container-service-1_3_0-SNAPSHOT_jar-_-any-456989962532005607/webapp/,AVAILABLE}{jar:file:/home/runner/.m2/repository/org/apache/ozone/hdds-container-service/1.3.0-SNAPSHOT/hdds-container-service-1.3.0-SNAPSHOT.jar!/webapps/hddsDatanode}
2022-08-02 01:00:05,317 [Listener at 127.0.0.1/34483] INFO  server.AbstractConnector (AbstractConnector.java:doStart(331)) - Started ServerConnector@69f05b62{HTTP/1.1, (http/1.1)}{0.0.0.0:37327}
2022-08-02 01:00:05,317 [Listener at 127.0.0.1/34483] INFO  server.Server (Server.java:doStart(415)) - Started @65360ms
2022-08-02 01:00:05,317 [Listener at 127.0.0.1/34483] WARN  impl.MetricsSystemImpl (MetricsSystemImpl.java:register(279)) - Sink prometheus already exists!
2022-08-02 01:00:05,318 [Listener at 127.0.0.1/34483] INFO  http.BaseHttpServer (BaseHttpServer.java:updateConnectorAddress(329)) - HTTP server of hddsDatanode listening at http://0.0.0.0:37327
2022-08-02 01:00:05,318 [Listener at 127.0.0.1/34483] WARN  impl.MetricRegistriesImpl (MetricRegistriesImpl.java:addReporterRegistration(111)) - New reporters are added after registries were created. Some metrics will be missing from the reporter. Please add reporter before adding any new registry.
2022-08-02 01:00:05,318 [Listener at 127.0.0.1/34483] WARN  impl.MetricRegistriesImpl (MetricRegistriesImpl.java:addReporterRegistration(111)) - New reporters are added after registries were created. Some metrics will be missing from the reporter. Please add reporter before adding any new registry.
2022-08-02 01:00:05,318 [Listener at 127.0.0.1/34483] INFO  impl.MetricsSystemImpl (MetricsSystemImpl.java:init(158)) - HddsDatanode metrics system started (again)
2022-08-02 01:00:05,328 [Datanode State Machine Daemon Thread] INFO  statemachine.DatanodeStateMachine (DatanodeStateMachine.java:lambda$startDaemon$0(492)) - Ozone container server started.
2022-08-02 01:00:05,337 [Listener at 127.0.0.1/34483] INFO  ozone.HddsDatanodeService (HddsDatanodeService.java:start(236)) - HddsDatanodeService host:fv-az164-385.acqy4frhnxdelaro313li45hge.dx.internal.cloudapp.net ip:10.1.0.31
2022-08-02 01:00:05,345 [org.apache.hadoop.util.JvmPauseMonitor$Monitor@521055bd] INFO  util.JvmPauseMonitor (JvmPauseMonitor.java:run(188)) - Starting JVM pause monitor
2022-08-02 01:00:05,362 [Datanode State Machine Task Thread - 0] INFO  datanode.InitDatanodeState (InitDatanodeState.java:persistContainerDatanodeDetails(138)) - DatanodeDetails is persisted to /home/runner/work/ozone/ozone/hadoop-ozone/integration-test/target/test-dir/MiniOzoneClusterImpl-ba95f9bc-837e-4f7b-bdb9-4ac74d2039d9/datanode-3/meta/datanode.id
2022-08-02 01:00:05,405 [Listener at 127.0.0.1/34483] INFO  upgrade.AbstractLayoutVersionManager (AbstractLayoutVersionManager.java:init(83)) - Initializing Layout version manager with metadata layout = DATANODE_SCHEMA_V3 (version = 4), software layout = DATANODE_SCHEMA_V3 (version = 4)
2022-08-02 01:00:05,521 [Listener at 127.0.0.1/34483] INFO  reflections.Reflections (Reflections.java:scan(232)) - Reflections took 115 ms to scan 7 urls, producing 132 keys and 321 values 
2022-08-02 01:00:05,522 [Listener at 127.0.0.1/34483] INFO  statemachine.DatanodeStateMachine (DatanodeStateMachine.java:getEndPointTaskThreadPoolSize(237)) - Datanode State Machine Task Thread Pool size 2
2022-08-02 01:00:05,524 [Listener at 127.0.0.1/34483] INFO  volume.HddsVolume (HddsVolume.java:<init>(116)) - Creating HddsVolume: /home/runner/work/ozone/ozone/hadoop-ozone/integration-test/target/test-dir/MiniOzoneClusterImpl-ba95f9bc-837e-4f7b-bdb9-4ac74d2039d9/datanode-4/data-0/containers/hdds of storage type : DISK capacity : 9223372036854775807
2022-08-02 01:00:05,524 [Listener at 127.0.0.1/34483] INFO  volume.MutableVolumeSet (MutableVolumeSet.java:initializeVolumeSet(174)) - Added Volume : /home/runner/work/ozone/ozone/hadoop-ozone/integration-test/target/test-dir/MiniOzoneClusterImpl-ba95f9bc-837e-4f7b-bdb9-4ac74d2039d9/datanode-4/data-0/containers/hdds to VolumeSet
2022-08-02 01:00:05,524 [Listener at 127.0.0.1/34483] INFO  volume.ThrottledAsyncChecker (ThrottledAsyncChecker.java:schedule(141)) - Scheduling a check for /home/runner/work/ozone/ozone/hadoop-ozone/integration-test/target/test-dir/MiniOzoneClusterImpl-ba95f9bc-837e-4f7b-bdb9-4ac74d2039d9/datanode-4/data-0/containers/hdds
2022-08-02 01:00:05,525 [Listener at 127.0.0.1/34483] INFO  volume.StorageVolumeChecker (StorageVolumeChecker.java:checkAllVolumes(202)) - Scheduled health check for volume /home/runner/work/ozone/ozone/hadoop-ozone/integration-test/target/test-dir/MiniOzoneClusterImpl-ba95f9bc-837e-4f7b-bdb9-4ac74d2039d9/datanode-4/data-0/containers/hdds
2022-08-02 01:00:05,563 [Listener at 127.0.0.1/34483] INFO  volume.MutableVolumeSet (MutableVolumeSet.java:initializeVolumeSet(174)) - Added Volume : /home/runner/work/ozone/ozone/hadoop-ozone/integration-test/target/test-dir/MiniOzoneClusterImpl-ba95f9bc-837e-4f7b-bdb9-4ac74d2039d9/datanode-4/data/ratis to VolumeSet
2022-08-02 01:00:05,563 [Listener at 127.0.0.1/34483] INFO  volume.ThrottledAsyncChecker (ThrottledAsyncChecker.java:schedule(141)) - Scheduling a check for /home/runner/work/ozone/ozone/hadoop-ozone/integration-test/target/test-dir/MiniOzoneClusterImpl-ba95f9bc-837e-4f7b-bdb9-4ac74d2039d9/datanode-4/data/ratis
2022-08-02 01:00:05,563 [Listener at 127.0.0.1/34483] INFO  volume.StorageVolumeChecker (StorageVolumeChecker.java:checkAllVolumes(202)) - Scheduled health check for volume /home/runner/work/ozone/ozone/hadoop-ozone/integration-test/target/test-dir/MiniOzoneClusterImpl-ba95f9bc-837e-4f7b-bdb9-4ac74d2039d9/datanode-4/data/ratis
2022-08-02 01:00:05,587 [Thread-600] INFO  ozoneimpl.ContainerReader (ContainerReader.java:readVolume(175)) - Finish verifying containers on volume /home/runner/work/ozone/ozone/hadoop-ozone/integration-test/target/test-dir/MiniOzoneClusterImpl-ba95f9bc-837e-4f7b-bdb9-4ac74d2039d9/datanode-4/data-0/containers/hdds
2022-08-02 01:00:05,587 [Listener at 127.0.0.1/34483] INFO  ozoneimpl.OzoneContainer (OzoneContainer.java:buildContainerSet(299)) - Build ContainerSet costs 0s
2022-08-02 01:00:05,589 [Listener at 127.0.0.1/34483] INFO  server.RaftServer (ConfUtils.java:logGet(46)) - raft.rpc.type = GRPC (default)
2022-08-02 01:00:05,590 [Listener at 127.0.0.1/34483] INFO  grpc.GrpcFactory (GrpcFactory.java:checkPooledByteBufAllocatorUseCacheForAllThreads(48)) - PERFORMANCE WARNING: useCacheForAllThreads is true that may cause Netty to create a lot garbage objects and, as a result, trigger GC.
	It is recommended to disable useCacheForAllThreads by setting -Dorg.apache.ratis.thirdparty.io.netty.allocator.useCacheForAllThreads=false in command line.
2022-08-02 01:00:05,590 [Listener at 127.0.0.1/34483] INFO  grpc.GrpcConfigKeys (ConfUtils.java:logGet(46)) - raft.grpc.admin.port = 0 (custom)
2022-08-02 01:00:05,590 [Listener at 127.0.0.1/34483] INFO  grpc.GrpcConfigKeys (ConfUtils.java:logGet(46)) - raft.grpc.client.port = 0 (custom)
2022-08-02 01:00:05,590 [Listener at 127.0.0.1/34483] INFO  grpc.GrpcConfigKeys (ConfUtils.java:logGet(46)) - raft.grpc.server.port = 0 (default)
2022-08-02 01:00:05,590 [Listener at 127.0.0.1/34483] INFO  server.GrpcService (ConfUtils.java:logGet(46)) - raft.grpc.message.size.max = 32MB (=33554432) (custom)
2022-08-02 01:00:05,590 [Listener at 127.0.0.1/34483] INFO  server.RaftServerConfigKeys (ConfUtils.java:logGet(46)) - raft.server.log.appender.buffer.byte-limit = 33554432 (custom)
2022-08-02 01:00:05,590 [Listener at 127.0.0.1/34483] INFO  server.GrpcService (ConfUtils.java:logGet(46)) - raft.grpc.flow.control.window = 5MB (=5242880) (custom)
2022-08-02 01:00:05,590 [Listener at 127.0.0.1/34483] INFO  server.RaftServerConfigKeys (ConfUtils.java:logGet(46)) - raft.server.rpc.request.timeout = 60s (custom)
2022-08-02 01:00:05,590 [Listener at 127.0.0.1/34483] INFO  grpc.GrpcConfigKeys (ConfUtils.java:logGet(46)) - raft.grpc.server.async.request.thread.pool.cached = true (default)
2022-08-02 01:00:05,590 [Listener at 127.0.0.1/34483] INFO  grpc.GrpcConfigKeys (ConfUtils.java:logGet(46)) - raft.grpc.server.async.request.thread.pool.size = 32 (default)
2022-08-02 01:00:05,591 [Listener at 127.0.0.1/34483] INFO  impl.DataStreamServerImpl (ConfUtils.java:logGet(46)) - raft.datastream.type = DISABLED (default)
2022-08-02 01:00:05,591 [Listener at 127.0.0.1/34483] INFO  server.RaftServerConfigKeys (ConfUtils.java:logGet(46)) - raft.server.threadpool.proxy.cached = true (default)
2022-08-02 01:00:05,592 [Listener at 127.0.0.1/34483] INFO  server.RaftServerConfigKeys (ConfUtils.java:logGet(46)) - raft.server.threadpool.proxy.size = 0 (default)
2022-08-02 01:00:05,592 [Listener at 127.0.0.1/34483] INFO  server.RaftServerConfigKeys (ConfUtils.java:logGet(46)) - raft.server.rpc.slowness.timeout = 300s (custom)
2022-08-02 01:00:05,592 [Listener at 127.0.0.1/34483] INFO  server.RaftServerConfigKeys (ConfUtils.java:logGet(46)) - raft.server.leaderelection.leader.step-down.wait-time = 10s (default)
2022-08-02 01:00:05,592 [Listener at 127.0.0.1/34483] INFO  server.RaftServerConfigKeys (ConfUtils.java:logGet(46)) - raft.server.storage.dir = [/home/runner/work/ozone/ozone/hadoop-ozone/integration-test/target/test-dir/MiniOzoneClusterImpl-ba95f9bc-837e-4f7b-bdb9-4ac74d2039d9/datanode-4/data/ratis] (custom)
2022-08-02 01:00:05,618 [Listener at 127.0.0.1/34483] INFO  server.XceiverServerGrpc (XceiverServerGrpc.java:<init>(132)) - GrpcServer channel type EpollServerSocketChannel
2022-08-02 01:00:05,622 [Listener at 127.0.0.1/34483] INFO  http.BaseHttpServer (BaseHttpServer.java:newHttpServer2BuilderForOzone(209)) - Starting Web-server for hddsDatanode at: http://0.0.0.0:0
2022-08-02 01:00:05,622 [Listener at 127.0.0.1/34483] INFO  http.BaseHttpServer (BaseHttpServer.java:<init>(107)) - Hadoop Security Enabled: false Ozone Security Enabled: false Ozone HTTP Security Enabled: false 
2022-08-02 01:00:05,624 [Listener at 127.0.0.1/34483] INFO  server.AuthenticationFilter (AuthenticationFilter.java:constructSecretProvider(240)) - Unable to initialize FileSignerSecretProvider, falling back to use random secrets.
2022-08-02 01:00:05,624 [Listener at 127.0.0.1/34483] WARN  http.HttpRequestLog (HttpRequestLog.java:getRequestLog(103)) - Jetty request log can only be enabled using Log4j
2022-08-02 01:00:05,625 [Listener at 127.0.0.1/34483] INFO  http.HttpServer2 (HttpServer2.java:addGlobalFilter(1029)) - Added global filter 'safety' (class=org.apache.hadoop.hdds.server.http.HttpServer2$QuotingInputFilter)
2022-08-02 01:00:05,626 [Listener at 127.0.0.1/34483] INFO  http.HttpServer2 (HttpServer2.java:addFilter(1005)) - Added filter static_user_filter (class=org.apache.hadoop.http.lib.StaticUserWebFilter$StaticUserFilter) to context hddsDatanode
2022-08-02 01:00:05,626 [Listener at 127.0.0.1/34483] INFO  http.HttpServer2 (HttpServer2.java:addFilter(1013)) - Added filter static_user_filter (class=org.apache.hadoop.http.lib.StaticUserWebFilter$StaticUserFilter) to context logs
2022-08-02 01:00:05,626 [Listener at 127.0.0.1/34483] INFO  http.HttpServer2 (HttpServer2.java:addFilter(1013)) - Added filter static_user_filter (class=org.apache.hadoop.http.lib.StaticUserWebFilter$StaticUserFilter) to context static
2022-08-02 01:00:05,626 [Listener at 127.0.0.1/34483] INFO  http.HttpServer2 (HttpServer2.java:bindListener(1248)) - Jetty bound to port 34241
2022-08-02 01:00:05,626 [Listener at 127.0.0.1/34483] INFO  server.Server (Server.java:doStart(375)) - jetty-9.4.43.v20210629; built: 2021-06-30T11:07:22.254Z; git: 526006ecfa3af7f1a27ef3a288e2bef7ea9dd7e8; jvm 1.8.0_332-b09
2022-08-02 01:00:05,629 [Listener at 127.0.0.1/34483] INFO  server.session (DefaultSessionIdManager.java:doStart(334)) - DefaultSessionIdManager workerName=node0
2022-08-02 01:00:05,629 [Listener at 127.0.0.1/34483] INFO  server.session (DefaultSessionIdManager.java:doStart(339)) - No SessionScavenger set, using defaults
2022-08-02 01:00:05,630 [Listener at 127.0.0.1/34483] INFO  server.session (HouseKeeper.java:startScavenging(132)) - node0 Scavenging every 600000ms
2022-08-02 01:00:05,630 [Listener at 127.0.0.1/34483] INFO  handler.ContextHandler (ContextHandler.java:doStart(915)) - Started o.e.j.s.ServletContextHandler@587d9ccd{logs,/logs,file:///home/runner/work/ozone/ozone/hadoop-ozone/integration-test/target/log,AVAILABLE}
2022-08-02 01:00:05,630 [Listener at 127.0.0.1/34483] INFO  handler.ContextHandler (ContextHandler.java:doStart(915)) - Started o.e.j.s.ServletContextHandler@49f81f17{static,/static,jar:file:/home/runner/.m2/repository/org/apache/ozone/hdds-container-service/1.3.0-SNAPSHOT/hdds-container-service-1.3.0-SNAPSHOT.jar!/webapps/static,AVAILABLE}
2022-08-02 01:00:05,696 [ReplicationMonitor] INFO  replication.ReplicationManager (ReplicationManager.java:processAll(249)) - Replication Manager is not ready to run until 3000ms after safemode exit
2022-08-02 01:00:05,893 [EndpointStateMachine task thread for /0.0.0.0:42269 - 0 ] INFO  volume.HddsVolume (HddsVolume.java:createDbStore(309)) - SchemaV3 db is created and loaded at /home/runner/work/ozone/ozone/hadoop-ozone/integration-test/target/test-dir/MiniOzoneClusterImpl-ba95f9bc-837e-4f7b-bdb9-4ac74d2039d9/datanode-1/data-0/containers/hdds/ba95f9bc-837e-4f7b-bdb9-4ac74d2039d9/DS-3d2631a8-4b82-4d74-8309-58b36067425d/container.db for volume DS-3d2631a8-4b82-4d74-8309-58b36067425d
2022-08-02 01:00:05,895 [EndpointStateMachine task thread for /0.0.0.0:42269 - 0 ] INFO  volume.HddsVolume (HddsVolume.java:closeDbStore(340)) - SchemaV3 db is stopped at /home/runner/work/ozone/ozone/hadoop-ozone/integration-test/target/test-dir/MiniOzoneClusterImpl-ba95f9bc-837e-4f7b-bdb9-4ac74d2039d9/datanode-1/data-0/containers/hdds/ba95f9bc-837e-4f7b-bdb9-4ac74d2039d9/DS-3d2631a8-4b82-4d74-8309-58b36067425d/container.db for volume DS-3d2631a8-4b82-4d74-8309-58b36067425d
2022-08-02 01:00:05,895 [EndpointStateMachine task thread for /0.0.0.0:42269 - 0 ] INFO  ozoneimpl.OzoneContainer (OzoneContainer.java:start(377)) - Attempting to start container services.
2022-08-02 01:00:05,895 [EndpointStateMachine task thread for /0.0.0.0:42269 - 0 ] INFO  ozoneimpl.OzoneContainer (OzoneContainer.java:startContainerScrub(312)) - Background container scanner has been disabled.
2022-08-02 01:00:05,913 [EndpointStateMachine task thread for /0.0.0.0:42269 - 0 ] INFO  replication.ReplicationServer (ReplicationServer.java:start(111)) - ReplicationServer is started using port 37865
2022-08-02 01:00:05,920 [EndpointStateMachine task thread for /0.0.0.0:42269 - 0 ] INFO  ratis.XceiverServerRatis (XceiverServerRatis.java:start(481)) - Starting XceiverServerRatis 3631a71b-d0c3-46f1-a57c-f0f9ec80367f
2022-08-02 01:00:05,945 [EndpointStateMachine task thread for /0.0.0.0:42269 - 0 ] INFO  server.RaftServer (RaftServerProxy.java:lambda$start$6(382)) - 3631a71b-d0c3-46f1-a57c-f0f9ec80367f: start RPC server
2022-08-02 01:00:05,977 [EndpointStateMachine task thread for /0.0.0.0:42269 - 0 ] INFO  server.GrpcService (GrpcService.java:startImpl(260)) - 3631a71b-d0c3-46f1-a57c-f0f9ec80367f: GrpcService started, listening on 44319
2022-08-02 01:00:05,977 [EndpointStateMachine task thread for /0.0.0.0:42269 - 0 ] INFO  ratis.XceiverServerRatis (XceiverServerRatis.java:getRealPort(502)) - XceiverServerRatis 3631a71b-d0c3-46f1-a57c-f0f9ec80367f is started using port 44319 for RATIS
2022-08-02 01:00:05,978 [EndpointStateMachine task thread for /0.0.0.0:42269 - 0 ] INFO  ratis.XceiverServerRatis (XceiverServerRatis.java:getRealPort(502)) - XceiverServerRatis 3631a71b-d0c3-46f1-a57c-f0f9ec80367f is started using port 44319 for RATIS_ADMIN
2022-08-02 01:00:05,978 [EndpointStateMachine task thread for /0.0.0.0:42269 - 0 ] INFO  ratis.XceiverServerRatis (XceiverServerRatis.java:getRealPort(502)) - XceiverServerRatis 3631a71b-d0c3-46f1-a57c-f0f9ec80367f is started using port 44319 for RATIS_SERVER
2022-08-02 01:00:05,978 [org.apache.ratis.util.JvmPauseMonitor$$Lambda$631/1000159038@275669b0] INFO  util.JvmPauseMonitor (JvmPauseMonitor.java:run(103)) - JvmPauseMonitor-3631a71b-d0c3-46f1-a57c-f0f9ec80367f: Started
2022-08-02 01:00:06,021 [EndpointStateMachine task thread for /0.0.0.0:42269 - 0 ] INFO  server.XceiverServerGrpc (XceiverServerGrpc.java:start(180)) - XceiverServerGrpc 3631a71b-d0c3-46f1-a57c-f0f9ec80367f is started using port 46159
2022-08-02 01:00:06,058 [Listener at 127.0.0.1/34483] INFO  handler.ContextHandler (ContextHandler.java:doStart(915)) - Started o.e.j.w.WebAppContext@22362e35{hddsDatanode,/,file:///tmp/jetty-0_0_0_0-34241-hdds-container-service-1_3_0-SNAPSHOT_jar-_-any-6533179069284848477/webapp/,AVAILABLE}{jar:file:/home/runner/.m2/repository/org/apache/ozone/hdds-container-service/1.3.0-SNAPSHOT/hdds-container-service-1.3.0-SNAPSHOT.jar!/webapps/hddsDatanode}
2022-08-02 01:00:06,061 [Listener at 127.0.0.1/34483] INFO  server.AbstractConnector (AbstractConnector.java:doStart(331)) - Started ServerConnector@62bceb64{HTTP/1.1, (http/1.1)}{0.0.0.0:34241}
2022-08-02 01:00:06,061 [Listener at 127.0.0.1/34483] INFO  server.Server (Server.java:doStart(415)) - Started @66104ms
2022-08-02 01:00:06,061 [Listener at 127.0.0.1/34483] WARN  impl.MetricsSystemImpl (MetricsSystemImpl.java:register(279)) - Sink prometheus already exists!
2022-08-02 01:00:06,065 [Listener at 127.0.0.1/34483] INFO  http.BaseHttpServer (BaseHttpServer.java:updateConnectorAddress(329)) - HTTP server of hddsDatanode listening at http://0.0.0.0:34241
2022-08-02 01:00:06,078 [Listener at 127.0.0.1/34483] INFO  ozone.MiniOzoneClusterImpl (MiniOzoneClusterImpl.java:lambda$waitForClusterToBeReady$0(216)) - Waiting for nodes to be ready. Got 0 of 5 DN Heartbeats.
2022-08-02 01:00:06,079 [Listener at 127.0.0.1/34483] INFO  ozone.MiniOzoneClusterImpl (MiniOzoneClusterImpl.java:lambda$waitForClusterToBeReady$0(219)) - Waiting for cluster to exit safe mode
2022-08-02 01:00:06,079 [Listener at 127.0.0.1/34483] INFO  ozone.MiniOzoneClusterImpl (MiniOzoneClusterImpl.java:lambda$waitForClusterToBeReady$0(221)) - SCM became leader
2022-08-02 01:00:06,097 [Datanode State Machine Daemon Thread] INFO  statemachine.DatanodeStateMachine (DatanodeStateMachine.java:lambda$startDaemon$0(492)) - Ozone container server started.
2022-08-02 01:00:06,109 [org.apache.hadoop.util.JvmPauseMonitor$Monitor@ea8ee54] INFO  util.JvmPauseMonitor (JvmPauseMonitor.java:run(188)) - Starting JVM pause monitor
2022-08-02 01:00:06,132 [Datanode State Machine Task Thread - 0] INFO  datanode.InitDatanodeState (InitDatanodeState.java:persistContainerDatanodeDetails(138)) - DatanodeDetails is persisted to /home/runner/work/ozone/ozone/hadoop-ozone/integration-test/target/test-dir/MiniOzoneClusterImpl-ba95f9bc-837e-4f7b-bdb9-4ac74d2039d9/datanode-4/meta/datanode.id
2022-08-02 01:00:06,696 [ReplicationMonitor] INFO  replication.ReplicationManager (ReplicationManager.java:processAll(249)) - Replication Manager is not ready to run until 3000ms after safemode exit
2022-08-02 01:00:06,733 [EndpointStateMachine task thread for /0.0.0.0:42269 - 0 ] INFO  volume.HddsVolume (HddsVolume.java:createDbStore(309)) - SchemaV3 db is created and loaded at /home/runner/work/ozone/ozone/hadoop-ozone/integration-test/target/test-dir/MiniOzoneClusterImpl-ba95f9bc-837e-4f7b-bdb9-4ac74d2039d9/datanode-2/data-0/containers/hdds/ba95f9bc-837e-4f7b-bdb9-4ac74d2039d9/DS-cfd4faa1-1e1d-43ef-9391-14e538d68ec8/container.db for volume DS-cfd4faa1-1e1d-43ef-9391-14e538d68ec8
2022-08-02 01:00:06,734 [EndpointStateMachine task thread for /0.0.0.0:42269 - 0 ] INFO  volume.HddsVolume (HddsVolume.java:closeDbStore(340)) - SchemaV3 db is stopped at /home/runner/work/ozone/ozone/hadoop-ozone/integration-test/target/test-dir/MiniOzoneClusterImpl-ba95f9bc-837e-4f7b-bdb9-4ac74d2039d9/datanode-2/data-0/containers/hdds/ba95f9bc-837e-4f7b-bdb9-4ac74d2039d9/DS-cfd4faa1-1e1d-43ef-9391-14e538d68ec8/container.db for volume DS-cfd4faa1-1e1d-43ef-9391-14e538d68ec8
2022-08-02 01:00:06,734 [EndpointStateMachine task thread for /0.0.0.0:42269 - 0 ] INFO  ozoneimpl.OzoneContainer (OzoneContainer.java:start(377)) - Attempting to start container services.
2022-08-02 01:00:06,734 [EndpointStateMachine task thread for /0.0.0.0:42269 - 0 ] INFO  ozoneimpl.OzoneContainer (OzoneContainer.java:startContainerScrub(312)) - Background container scanner has been disabled.
2022-08-02 01:00:06,741 [EndpointStateMachine task thread for /0.0.0.0:42269 - 0 ] INFO  replication.ReplicationServer (ReplicationServer.java:start(111)) - ReplicationServer is started using port 41103
2022-08-02 01:00:06,741 [EndpointStateMachine task thread for /0.0.0.0:42269 - 0 ] INFO  ratis.XceiverServerRatis (XceiverServerRatis.java:start(481)) - Starting XceiverServerRatis 0cd63bf1-b762-46d4-93c1-680a80f1790f
2022-08-02 01:00:06,745 [EndpointStateMachine task thread for /0.0.0.0:42269 - 0 ] INFO  server.RaftServer (RaftServerProxy.java:lambda$start$6(382)) - 0cd63bf1-b762-46d4-93c1-680a80f1790f: start RPC server
2022-08-02 01:00:06,765 [EndpointStateMachine task thread for /0.0.0.0:42269 - 0 ] INFO  server.GrpcService (GrpcService.java:startImpl(260)) - 0cd63bf1-b762-46d4-93c1-680a80f1790f: GrpcService started, listening on 33021
2022-08-02 01:00:06,772 [EndpointStateMachine task thread for /0.0.0.0:42269 - 0 ] INFO  ratis.XceiverServerRatis (XceiverServerRatis.java:getRealPort(502)) - XceiverServerRatis 0cd63bf1-b762-46d4-93c1-680a80f1790f is started using port 33021 for RATIS
2022-08-02 01:00:06,772 [EndpointStateMachine task thread for /0.0.0.0:42269 - 0 ] INFO  ratis.XceiverServerRatis (XceiverServerRatis.java:getRealPort(502)) - XceiverServerRatis 0cd63bf1-b762-46d4-93c1-680a80f1790f is started using port 33021 for RATIS_ADMIN
2022-08-02 01:00:06,772 [EndpointStateMachine task thread for /0.0.0.0:42269 - 0 ] INFO  ratis.XceiverServerRatis (XceiverServerRatis.java:getRealPort(502)) - XceiverServerRatis 0cd63bf1-b762-46d4-93c1-680a80f1790f is started using port 33021 for RATIS_SERVER
2022-08-02 01:00:06,772 [org.apache.ratis.util.JvmPauseMonitor$$Lambda$631/1000159038@5a89db6e] INFO  util.JvmPauseMonitor (JvmPauseMonitor.java:run(103)) - JvmPauseMonitor-0cd63bf1-b762-46d4-93c1-680a80f1790f: Started
2022-08-02 01:00:06,800 [EndpointStateMachine task thread for /0.0.0.0:42269 - 0 ] INFO  server.XceiverServerGrpc (XceiverServerGrpc.java:start(180)) - XceiverServerGrpc 0cd63bf1-b762-46d4-93c1-680a80f1790f is started using port 40393
2022-08-02 01:00:06,997 [IPC Server handler 2 on default port 42269] INFO  net.NetworkTopologyImpl (NetworkTopologyImpl.java:add(112)) - Added a new node: /default-rack/b0a39cc0-afce-41ab-9888-c09687d0cbc6
2022-08-02 01:00:06,997 [IPC Server handler 2 on default port 42269] INFO  node.SCMNodeManager (SCMNodeManager.java:register(397)) - Registered Data node : b0a39cc0-afce-41ab-9888-c09687d0cbc6{ip: 10.1.0.31, host: fv-az164-385.acqy4frhnxdelaro313li45hge.dx.internal.cloudapp.net, ports: [REPLICATION=36001, RATIS=38013, RATIS_ADMIN=38013, RATIS_SERVER=38013, STANDALONE=34021], networkLocation: /default-rack, certSerialId: null, persistedOpState: null, persistedOpStateExpiryEpochSec: 0}
2022-08-02 01:00:07,017 [EventQueue-NodeRegistrationContainerReportForDataNodeSafeModeRule] INFO  safemode.SCMSafeModeManager (DataNodeSafeModeRule.java:process(71)) - SCM in safe mode. 1 DataNodes registered, 3 required.
2022-08-02 01:00:07,025 [EventQueue-NodeRegistrationContainerReportForContainerSafeModeRule] INFO  safemode.SCMSafeModeManager (SCMSafeModeManager.java:validateSafeModeExitRules(204)) - ContainerSafeModeRule rule is successfully validated
2022-08-02 01:00:07,030 [EventQueue-NewNodeForNewNodeHandler] INFO  pipeline.BackgroundPipelineCreator (BackgroundPipelineCreator.java:notifyEventTriggered(276)) - trigger a one-shot run on RatisPipelineUtilsThread.
2022-08-02 01:00:07,035 [RatisPipelineUtilsThread - 0] INFO  pipeline.RatisPipelineProvider (RatisPipelineProvider.java:lambda$create$0(195)) - Sending CreatePipelineCommand for pipeline:PipelineID=a941a6af-dd3f-4ce1-972b-f4129ab626c5 to datanode:b0a39cc0-afce-41ab-9888-c09687d0cbc6
2022-08-02 01:00:07,036 [EventQueue-PipelineReportForOneReplicaPipelineSafeModeRule] INFO  safemode.SCMSafeModeManager (SCMSafeModeManager.java:validateSafeModeExitRules(204)) - AtleastOneDatanodeReportedRule rule is successfully validated
2022-08-02 01:00:07,046 [RatisPipelineUtilsThread - 0] INFO  pipeline.PipelineStateManagerImpl (PipelineStateManagerImpl.java:addPipeline(103)) - Created pipeline Pipeline[ Id: a941a6af-dd3f-4ce1-972b-f4129ab626c5, Nodes: b0a39cc0-afce-41ab-9888-c09687d0cbc6{ip: 10.1.0.31, host: fv-az164-385.acqy4frhnxdelaro313li45hge.dx.internal.cloudapp.net, ports: [REPLICATION=36001, RATIS=38013, RATIS_ADMIN=38013, RATIS_SERVER=38013, STANDALONE=34021], networkLocation: /default-rack, certSerialId: null, persistedOpState: IN_SERVICE, persistedOpStateExpiryEpochSec: 0}, ReplicationConfig: RATIS/ONE, State:ALLOCATED, leaderId:, CreationTimestamp2022-08-02T01:00:07.035Z[Etc/UTC]].
2022-08-02 01:00:07,079 [Listener at 127.0.0.1/34483] INFO  ozone.MiniOzoneClusterImpl (MiniOzoneClusterImpl.java:lambda$waitForClusterToBeReady$0(216)) - Waiting for nodes to be ready. Got 1 of 5 DN Heartbeats.
2022-08-02 01:00:07,079 [Listener at 127.0.0.1/34483] INFO  ozone.MiniOzoneClusterImpl (MiniOzoneClusterImpl.java:lambda$waitForClusterToBeReady$0(219)) - Waiting for cluster to exit safe mode
2022-08-02 01:00:07,080 [Listener at 127.0.0.1/34483] INFO  ozone.MiniOzoneClusterImpl (MiniOzoneClusterImpl.java:lambda$waitForClusterToBeReady$0(221)) - SCM became leader
2022-08-02 01:00:07,426 [EndpointStateMachine task thread for /0.0.0.0:42269 - 0 ] INFO  volume.HddsVolume (HddsVolume.java:createDbStore(309)) - SchemaV3 db is created and loaded at /home/runner/work/ozone/ozone/hadoop-ozone/integration-test/target/test-dir/MiniOzoneClusterImpl-ba95f9bc-837e-4f7b-bdb9-4ac74d2039d9/datanode-3/data-0/containers/hdds/ba95f9bc-837e-4f7b-bdb9-4ac74d2039d9/DS-e4f3c4c8-adb8-408c-ae6b-f45b4770477f/container.db for volume DS-e4f3c4c8-adb8-408c-ae6b-f45b4770477f
2022-08-02 01:00:07,427 [EndpointStateMachine task thread for /0.0.0.0:42269 - 0 ] INFO  volume.HddsVolume (HddsVolume.java:closeDbStore(340)) - SchemaV3 db is stopped at /home/runner/work/ozone/ozone/hadoop-ozone/integration-test/target/test-dir/MiniOzoneClusterImpl-ba95f9bc-837e-4f7b-bdb9-4ac74d2039d9/datanode-3/data-0/containers/hdds/ba95f9bc-837e-4f7b-bdb9-4ac74d2039d9/DS-e4f3c4c8-adb8-408c-ae6b-f45b4770477f/container.db for volume DS-e4f3c4c8-adb8-408c-ae6b-f45b4770477f
2022-08-02 01:00:07,427 [EndpointStateMachine task thread for /0.0.0.0:42269 - 0 ] INFO  ozoneimpl.OzoneContainer (OzoneContainer.java:start(377)) - Attempting to start container services.
2022-08-02 01:00:07,427 [EndpointStateMachine task thread for /0.0.0.0:42269 - 0 ] INFO  ozoneimpl.OzoneContainer (OzoneContainer.java:startContainerScrub(312)) - Background container scanner has been disabled.
2022-08-02 01:00:07,437 [EndpointStateMachine task thread for /0.0.0.0:42269 - 0 ] INFO  replication.ReplicationServer (ReplicationServer.java:start(111)) - ReplicationServer is started using port 33837
2022-08-02 01:00:07,437 [EndpointStateMachine task thread for /0.0.0.0:42269 - 0 ] INFO  ratis.XceiverServerRatis (XceiverServerRatis.java:start(481)) - Starting XceiverServerRatis a8b8ab57-05e8-49fa-8c54-6fa9123b6e03
2022-08-02 01:00:07,438 [EndpointStateMachine task thread for /0.0.0.0:42269 - 0 ] INFO  server.RaftServer (RaftServerProxy.java:lambda$start$6(382)) - a8b8ab57-05e8-49fa-8c54-6fa9123b6e03: start RPC server
2022-08-02 01:00:07,461 [EndpointStateMachine task thread for /0.0.0.0:42269 - 0 ] INFO  server.GrpcService (GrpcService.java:startImpl(260)) - a8b8ab57-05e8-49fa-8c54-6fa9123b6e03: GrpcService started, listening on 45109
2022-08-02 01:00:07,465 [EndpointStateMachine task thread for /0.0.0.0:42269 - 0 ] INFO  ratis.XceiverServerRatis (XceiverServerRatis.java:getRealPort(502)) - XceiverServerRatis a8b8ab57-05e8-49fa-8c54-6fa9123b6e03 is started using port 45109 for RATIS
2022-08-02 01:00:07,465 [EndpointStateMachine task thread for /0.0.0.0:42269 - 0 ] INFO  ratis.XceiverServerRatis (XceiverServerRatis.java:getRealPort(502)) - XceiverServerRatis a8b8ab57-05e8-49fa-8c54-6fa9123b6e03 is started using port 45109 for RATIS_ADMIN
2022-08-02 01:00:07,465 [EndpointStateMachine task thread for /0.0.0.0:42269 - 0 ] INFO  ratis.XceiverServerRatis (XceiverServerRatis.java:getRealPort(502)) - XceiverServerRatis a8b8ab57-05e8-49fa-8c54-6fa9123b6e03 is started using port 45109 for RATIS_SERVER
2022-08-02 01:00:07,465 [org.apache.ratis.util.JvmPauseMonitor$$Lambda$631/1000159038@2e0054fb] INFO  util.JvmPauseMonitor (JvmPauseMonitor.java:run(103)) - JvmPauseMonitor-a8b8ab57-05e8-49fa-8c54-6fa9123b6e03: Started
2022-08-02 01:00:07,493 [EndpointStateMachine task thread for /0.0.0.0:42269 - 0 ] INFO  server.XceiverServerGrpc (XceiverServerGrpc.java:start(180)) - XceiverServerGrpc a8b8ab57-05e8-49fa-8c54-6fa9123b6e03 is started using port 38637
2022-08-02 01:00:07,696 [ReplicationMonitor] INFO  replication.ReplicationManager (ReplicationManager.java:processAll(249)) - Replication Manager is not ready to run until 3000ms after safemode exit
2022-08-02 01:00:07,735 [IPC Server handler 3 on default port 42269] INFO  net.NetworkTopologyImpl (NetworkTopologyImpl.java:add(112)) - Added a new node: /default-rack/3631a71b-d0c3-46f1-a57c-f0f9ec80367f
2022-08-02 01:00:07,735 [IPC Server handler 3 on default port 42269] INFO  node.SCMNodeManager (SCMNodeManager.java:register(397)) - Registered Data node : 3631a71b-d0c3-46f1-a57c-f0f9ec80367f{ip: 10.1.0.31, host: fv-az164-385.acqy4frhnxdelaro313li45hge.dx.internal.cloudapp.net, ports: [REPLICATION=37865, RATIS=44319, RATIS_ADMIN=44319, RATIS_SERVER=44319, STANDALONE=46159], networkLocation: /default-rack, certSerialId: null, persistedOpState: null, persistedOpStateExpiryEpochSec: 0}
2022-08-02 01:00:07,735 [EventQueue-NewNodeForNewNodeHandler] INFO  pipeline.BackgroundPipelineCreator (BackgroundPipelineCreator.java:notifyEventTriggered(276)) - trigger a one-shot run on RatisPipelineUtilsThread.
2022-08-02 01:00:07,745 [EventQueue-NodeRegistrationContainerReportForDataNodeSafeModeRule] INFO  safemode.SCMSafeModeManager (DataNodeSafeModeRule.java:process(71)) - SCM in safe mode. 2 DataNodes registered, 3 required.
2022-08-02 01:00:07,749 [RatisPipelineUtilsThread - 0] INFO  pipeline.RatisPipelineProvider (RatisPipelineProvider.java:lambda$create$0(195)) - Sending CreatePipelineCommand for pipeline:PipelineID=74c17024-797d-4ac8-bd8d-04a26a98102d to datanode:3631a71b-d0c3-46f1-a57c-f0f9ec80367f
2022-08-02 01:00:07,749 [RatisPipelineUtilsThread - 0] INFO  pipeline.PipelineStateManagerImpl (PipelineStateManagerImpl.java:addPipeline(103)) - Created pipeline Pipeline[ Id: 74c17024-797d-4ac8-bd8d-04a26a98102d, Nodes: 3631a71b-d0c3-46f1-a57c-f0f9ec80367f{ip: 10.1.0.31, host: fv-az164-385.acqy4frhnxdelaro313li45hge.dx.internal.cloudapp.net, ports: [REPLICATION=37865, RATIS=44319, RATIS_ADMIN=44319, RATIS_SERVER=44319, STANDALONE=46159], networkLocation: /default-rack, certSerialId: null, persistedOpState: IN_SERVICE, persistedOpStateExpiryEpochSec: 0}, ReplicationConfig: RATIS/ONE, State:ALLOCATED, leaderId:, CreationTimestamp2022-08-02T01:00:07.749Z[Etc/UTC]].
2022-08-02 01:00:08,085 [Listener at 127.0.0.1/34483] INFO  ozone.MiniOzoneClusterImpl (MiniOzoneClusterImpl.java:lambda$waitForClusterToBeReady$0(216)) - Waiting for nodes to be ready. Got 2 of 5 DN Heartbeats.
2022-08-02 01:00:08,085 [Listener at 127.0.0.1/34483] INFO  ozone.MiniOzoneClusterImpl (MiniOzoneClusterImpl.java:lambda$waitForClusterToBeReady$0(219)) - Waiting for cluster to exit safe mode
2022-08-02 01:00:08,085 [Listener at 127.0.0.1/34483] INFO  ozone.MiniOzoneClusterImpl (MiniOzoneClusterImpl.java:lambda$waitForClusterToBeReady$0(221)) - SCM became leader
2022-08-02 01:00:08,165 [EndpointStateMachine task thread for /0.0.0.0:42269 - 0 ] INFO  volume.HddsVolume (HddsVolume.java:createDbStore(309)) - SchemaV3 db is created and loaded at /home/runner/work/ozone/ozone/hadoop-ozone/integration-test/target/test-dir/MiniOzoneClusterImpl-ba95f9bc-837e-4f7b-bdb9-4ac74d2039d9/datanode-4/data-0/containers/hdds/ba95f9bc-837e-4f7b-bdb9-4ac74d2039d9/DS-bf6f078a-07ac-497f-bb69-81c06bc04a4d/container.db for volume DS-bf6f078a-07ac-497f-bb69-81c06bc04a4d
2022-08-02 01:00:08,165 [EndpointStateMachine task thread for /0.0.0.0:42269 - 0 ] INFO  volume.HddsVolume (HddsVolume.java:closeDbStore(340)) - SchemaV3 db is stopped at /home/runner/work/ozone/ozone/hadoop-ozone/integration-test/target/test-dir/MiniOzoneClusterImpl-ba95f9bc-837e-4f7b-bdb9-4ac74d2039d9/datanode-4/data-0/containers/hdds/ba95f9bc-837e-4f7b-bdb9-4ac74d2039d9/DS-bf6f078a-07ac-497f-bb69-81c06bc04a4d/container.db for volume DS-bf6f078a-07ac-497f-bb69-81c06bc04a4d
2022-08-02 01:00:08,166 [EndpointStateMachine task thread for /0.0.0.0:42269 - 0 ] INFO  ozoneimpl.OzoneContainer (OzoneContainer.java:start(377)) - Attempting to start container services.
2022-08-02 01:00:08,166 [EndpointStateMachine task thread for /0.0.0.0:42269 - 0 ] INFO  ozoneimpl.OzoneContainer (OzoneContainer.java:startContainerScrub(312)) - Background container scanner has been disabled.
2022-08-02 01:00:08,177 [EndpointStateMachine task thread for /0.0.0.0:42269 - 0 ] INFO  replication.ReplicationServer (ReplicationServer.java:start(111)) - ReplicationServer is started using port 34555
2022-08-02 01:00:08,178 [EndpointStateMachine task thread for /0.0.0.0:42269 - 0 ] INFO  ratis.XceiverServerRatis (XceiverServerRatis.java:start(481)) - Starting XceiverServerRatis e545734f-4e78-4d5a-8216-d5964662cc7c
2022-08-02 01:00:08,189 [EndpointStateMachine task thread for /0.0.0.0:42269 - 0 ] INFO  server.RaftServer (RaftServerProxy.java:lambda$start$6(382)) - e545734f-4e78-4d5a-8216-d5964662cc7c: start RPC server
2022-08-02 01:00:08,207 [EndpointStateMachine task thread for /0.0.0.0:42269 - 0 ] INFO  server.GrpcService (GrpcService.java:startImpl(260)) - e545734f-4e78-4d5a-8216-d5964662cc7c: GrpcService started, listening on 32919
2022-08-02 01:00:08,207 [EndpointStateMachine task thread for /0.0.0.0:42269 - 0 ] INFO  ratis.XceiverServerRatis (XceiverServerRatis.java:getRealPort(502)) - XceiverServerRatis e545734f-4e78-4d5a-8216-d5964662cc7c is started using port 32919 for RATIS
2022-08-02 01:00:08,207 [EndpointStateMachine task thread for /0.0.0.0:42269 - 0 ] INFO  ratis.XceiverServerRatis (XceiverServerRatis.java:getRealPort(502)) - XceiverServerRatis e545734f-4e78-4d5a-8216-d5964662cc7c is started using port 32919 for RATIS_ADMIN
2022-08-02 01:00:08,207 [EndpointStateMachine task thread for /0.0.0.0:42269 - 0 ] INFO  ratis.XceiverServerRatis (XceiverServerRatis.java:getRealPort(502)) - XceiverServerRatis e545734f-4e78-4d5a-8216-d5964662cc7c is started using port 32919 for RATIS_SERVER
2022-08-02 01:00:08,207 [org.apache.ratis.util.JvmPauseMonitor$$Lambda$631/1000159038@2decb5de] INFO  util.JvmPauseMonitor (JvmPauseMonitor.java:run(103)) - JvmPauseMonitor-e545734f-4e78-4d5a-8216-d5964662cc7c: Started
2022-08-02 01:00:08,237 [EndpointStateMachine task thread for /0.0.0.0:42269 - 0 ] INFO  server.XceiverServerGrpc (XceiverServerGrpc.java:start(180)) - XceiverServerGrpc e545734f-4e78-4d5a-8216-d5964662cc7c is started using port 33997
2022-08-02 01:00:08,653 [IPC Server handler 3 on default port 42269] INFO  net.NetworkTopologyImpl (NetworkTopologyImpl.java:add(112)) - Added a new node: /default-rack/0cd63bf1-b762-46d4-93c1-680a80f1790f
2022-08-02 01:00:08,653 [IPC Server handler 3 on default port 42269] INFO  node.SCMNodeManager (SCMNodeManager.java:register(397)) - Registered Data node : 0cd63bf1-b762-46d4-93c1-680a80f1790f{ip: 10.1.0.31, host: fv-az164-385.acqy4frhnxdelaro313li45hge.dx.internal.cloudapp.net, ports: [REPLICATION=41103, RATIS=33021, RATIS_ADMIN=33021, RATIS_SERVER=33021, STANDALONE=40393], networkLocation: /default-rack, certSerialId: null, persistedOpState: null, persistedOpStateExpiryEpochSec: 0}
2022-08-02 01:00:08,657 [EventQueue-NewNodeForNewNodeHandler] INFO  pipeline.BackgroundPipelineCreator (BackgroundPipelineCreator.java:notifyEventTriggered(276)) - trigger a one-shot run on RatisPipelineUtilsThread.
2022-08-02 01:00:08,657 [RatisPipelineUtilsThread - 0] INFO  pipeline.RatisPipelineProvider (RatisPipelineProvider.java:lambda$create$0(195)) - Sending CreatePipelineCommand for pipeline:PipelineID=e278c3fd-80fd-4c95-82f6-02846b999845 to datanode:0cd63bf1-b762-46d4-93c1-680a80f1790f
2022-08-02 01:00:08,658 [RatisPipelineUtilsThread - 0] INFO  pipeline.PipelineStateManagerImpl (PipelineStateManagerImpl.java:addPipeline(103)) - Created pipeline Pipeline[ Id: e278c3fd-80fd-4c95-82f6-02846b999845, Nodes: 0cd63bf1-b762-46d4-93c1-680a80f1790f{ip: 10.1.0.31, host: fv-az164-385.acqy4frhnxdelaro313li45hge.dx.internal.cloudapp.net, ports: [REPLICATION=41103, RATIS=33021, RATIS_ADMIN=33021, RATIS_SERVER=33021, STANDALONE=40393], networkLocation: /default-rack, certSerialId: null, persistedOpState: IN_SERVICE, persistedOpStateExpiryEpochSec: 0}, ReplicationConfig: RATIS/ONE, State:ALLOCATED, leaderId:, CreationTimestamp2022-08-02T01:00:08.657Z[Etc/UTC]].
2022-08-02 01:00:08,685 [EventQueue-NodeRegistrationContainerReportForDataNodeSafeModeRule] INFO  safemode.SCMSafeModeManager (DataNodeSafeModeRule.java:process(71)) - SCM in safe mode. 3 DataNodes registered, 3 required.
2022-08-02 01:00:08,685 [EventQueue-NodeRegistrationContainerReportForDataNodeSafeModeRule] INFO  safemode.SCMSafeModeManager (SCMSafeModeManager.java:validateSafeModeExitRules(204)) - DataNodeSafeModeRule rule is successfully validated
2022-08-02 01:00:08,685 [EventQueue-NodeRegistrationContainerReportForDataNodeSafeModeRule] INFO  safemode.SCMSafeModeManager (SCMSafeModeManager.java:completePreCheck(233)) - All SCM safe mode pre check rules have passed
2022-08-02 01:00:08,685 [EventQueue-NodeRegistrationContainerReportForDataNodeSafeModeRule] WARN  events.EventQueue (EventQueue.java:fireEvent(216)) - No event handler registered for event TypedEvent{payloadType=SafeModeStatus, name='Safe mode status'}
2022-08-02 01:00:08,685 [EventQueue-NodeRegistrationContainerReportForDataNodeSafeModeRule] INFO  ha.SCMContext (SCMContext.java:updateSafeModeStatus(228)) - Update SafeModeStatus from SafeModeStatus{safeModeStatus=true, preCheckPassed=false} to SafeModeStatus{safeModeStatus=true, preCheckPassed=true}.
2022-08-02 01:00:08,685 [EventQueue-NodeRegistrationContainerReportForDataNodeSafeModeRule] INFO  pipeline.BackgroundPipelineCreator (BackgroundPipelineCreator.java:notifyEventTriggered(276)) - trigger a one-shot run on RatisPipelineUtilsThread.
2022-08-02 01:00:08,686 [RatisPipelineUtilsThread - 0] INFO  pipeline.RatisPipelineProvider (RatisPipelineProvider.java:lambda$create$0(195)) - Sending CreatePipelineCommand for pipeline:PipelineID=1a4893df-c7b2-47ad-a064-2cf20cc8a234 to datanode:b0a39cc0-afce-41ab-9888-c09687d0cbc6
2022-08-02 01:00:08,686 [RatisPipelineUtilsThread - 0] INFO  pipeline.RatisPipelineProvider (RatisPipelineProvider.java:lambda$create$0(195)) - Sending CreatePipelineCommand for pipeline:PipelineID=1a4893df-c7b2-47ad-a064-2cf20cc8a234 to datanode:3631a71b-d0c3-46f1-a57c-f0f9ec80367f
2022-08-02 01:00:08,686 [RatisPipelineUtilsThread - 0] INFO  pipeline.RatisPipelineProvider (RatisPipelineProvider.java:lambda$create$0(195)) - Sending CreatePipelineCommand for pipeline:PipelineID=1a4893df-c7b2-47ad-a064-2cf20cc8a234 to datanode:0cd63bf1-b762-46d4-93c1-680a80f1790f
2022-08-02 01:00:08,686 [RatisPipelineUtilsThread - 0] INFO  pipeline.PipelineStateManagerImpl (PipelineStateManagerImpl.java:addPipeline(103)) - Created pipeline Pipeline[ Id: 1a4893df-c7b2-47ad-a064-2cf20cc8a234, Nodes: b0a39cc0-afce-41ab-9888-c09687d0cbc6{ip: 10.1.0.31, host: fv-az164-385.acqy4frhnxdelaro313li45hge.dx.internal.cloudapp.net, ports: [REPLICATION=36001, RATIS=38013, RATIS_ADMIN=38013, RATIS_SERVER=38013, STANDALONE=34021], networkLocation: /default-rack, certSerialId: null, persistedOpState: IN_SERVICE, persistedOpStateExpiryEpochSec: 0}3631a71b-d0c3-46f1-a57c-f0f9ec80367f{ip: 10.1.0.31, host: fv-az164-385.acqy4frhnxdelaro313li45hge.dx.internal.cloudapp.net, ports: [REPLICATION=37865, RATIS=44319, RATIS_ADMIN=44319, RATIS_SERVER=44319, STANDALONE=46159], networkLocation: /default-rack, certSerialId: null, persistedOpState: IN_SERVICE, persistedOpStateExpiryEpochSec: 0}0cd63bf1-b762-46d4-93c1-680a80f1790f{ip: 10.1.0.31, host: fv-az164-385.acqy4frhnxdelaro313li45hge.dx.internal.cloudapp.net, ports: [REPLICATION=41103, RATIS=33021, RATIS_ADMIN=33021, RATIS_SERVER=33021, STANDALONE=40393], networkLocation: /default-rack, certSerialId: null, persistedOpState: IN_SERVICE, persistedOpStateExpiryEpochSec: 0}, ReplicationConfig: RATIS/THREE, State:ALLOCATED, leaderId:, CreationTimestamp2022-08-02T01:00:08.686Z[Etc/UTC]].
2022-08-02 01:00:08,696 [ReplicationMonitor] INFO  replication.ReplicationManager (ReplicationManager.java:processAll(249)) - Replication Manager is not ready to run until 3000ms after safemode exit
2022-08-02 01:00:09,085 [Listener at 127.0.0.1/34483] INFO  ozone.MiniOzoneClusterImpl (MiniOzoneClusterImpl.java:lambda$waitForClusterToBeReady$0(216)) - Waiting for nodes to be ready. Got 3 of 5 DN Heartbeats.
2022-08-02 01:00:09,085 [Listener at 127.0.0.1/34483] INFO  ozone.MiniOzoneClusterImpl (MiniOzoneClusterImpl.java:lambda$waitForClusterToBeReady$0(219)) - Waiting for cluster to exit safe mode
2022-08-02 01:00:09,085 [Listener at 127.0.0.1/34483] INFO  ozone.MiniOzoneClusterImpl (MiniOzoneClusterImpl.java:lambda$waitForClusterToBeReady$0(221)) - SCM became leader
2022-08-02 01:00:09,348 [IPC Server handler 3 on default port 42269] INFO  net.NetworkTopologyImpl (NetworkTopologyImpl.java:add(112)) - Added a new node: /default-rack/a8b8ab57-05e8-49fa-8c54-6fa9123b6e03
2022-08-02 01:00:09,348 [IPC Server handler 3 on default port 42269] INFO  node.SCMNodeManager (SCMNodeManager.java:register(397)) - Registered Data node : a8b8ab57-05e8-49fa-8c54-6fa9123b6e03{ip: 10.1.0.31, host: fv-az164-385.acqy4frhnxdelaro313li45hge.dx.internal.cloudapp.net, ports: [REPLICATION=33837, RATIS=45109, RATIS_ADMIN=45109, RATIS_SERVER=45109, STANDALONE=38637], networkLocation: /default-rack, certSerialId: null, persistedOpState: null, persistedOpStateExpiryEpochSec: 0}
2022-08-02 01:00:09,353 [EventQueue-NewNodeForNewNodeHandler] INFO  pipeline.BackgroundPipelineCreator (BackgroundPipelineCreator.java:notifyEventTriggered(276)) - trigger a one-shot run on RatisPipelineUtilsThread.
2022-08-02 01:00:09,353 [RatisPipelineUtilsThread - 0] INFO  pipeline.RatisPipelineProvider (RatisPipelineProvider.java:lambda$create$0(195)) - Sending CreatePipelineCommand for pipeline:PipelineID=c4944c62-500f-430f-8310-0e14dba0e12d to datanode:a8b8ab57-05e8-49fa-8c54-6fa9123b6e03
2022-08-02 01:00:09,354 [RatisPipelineUtilsThread - 0] INFO  pipeline.PipelineStateManagerImpl (PipelineStateManagerImpl.java:addPipeline(103)) - Created pipeline Pipeline[ Id: c4944c62-500f-430f-8310-0e14dba0e12d, Nodes: a8b8ab57-05e8-49fa-8c54-6fa9123b6e03{ip: 10.1.0.31, host: fv-az164-385.acqy4frhnxdelaro313li45hge.dx.internal.cloudapp.net, ports: [REPLICATION=33837, RATIS=45109, RATIS_ADMIN=45109, RATIS_SERVER=45109, STANDALONE=38637], networkLocation: /default-rack, certSerialId: null, persistedOpState: IN_SERVICE, persistedOpStateExpiryEpochSec: 0}, ReplicationConfig: RATIS/ONE, State:ALLOCATED, leaderId:, CreationTimestamp2022-08-02T01:00:09.353Z[Etc/UTC]].
2022-08-02 01:00:09,696 [ReplicationMonitor] INFO  replication.ReplicationManager (ReplicationManager.java:processAll(249)) - Replication Manager is not ready to run until 3000ms after safemode exit
2022-08-02 01:00:10,005 [Command processor thread] INFO  server.RaftServer (RaftServerProxy.java:addNew(96)) - b0a39cc0-afce-41ab-9888-c09687d0cbc6: addNew group-F4129AB626C5:[b0a39cc0-afce-41ab-9888-c09687d0cbc6|rpc:10.1.0.31:38013|priority:1] returns group-F4129AB626C5:java.util.concurrent.CompletableFuture@4a0fb7ef[Not completed]
2022-08-02 01:00:10,006 [pool-358-thread-1] INFO  server.RaftServer$Division (RaftServerImpl.java:<init>(190)) - b0a39cc0-afce-41ab-9888-c09687d0cbc6: new RaftServerImpl for group-F4129AB626C5:[b0a39cc0-afce-41ab-9888-c09687d0cbc6|rpc:10.1.0.31:38013|priority:1] with ContainerStateMachine:uninitialized
2022-08-02 01:00:10,006 [pool-358-thread-1] INFO  server.RaftServerConfigKeys (ConfUtils.java:logGet(46)) - raft.server.rpc.timeout.min = 5s (custom)
2022-08-02 01:00:10,006 [pool-358-thread-1] INFO  server.RaftServerConfigKeys (ConfUtils.java:logGet(46)) - raft.server.rpc.timeout.max = 5200ms (custom)
2022-08-02 01:00:10,006 [pool-358-thread-1] INFO  server.RaftServerConfigKeys (ConfUtils.java:logGet(46)) - raft.server.rpc.sleep.time = 25ms (default)
2022-08-02 01:00:10,006 [pool-358-thread-1] INFO  server.RaftServerConfigKeys (ConfUtils.java:logGet(46)) - raft.server.rpc.slowness.timeout = 300s (custom)
2022-08-02 01:00:10,006 [pool-358-thread-1] INFO  server.RaftServerConfigKeys (ConfUtils.java:logGet(46)) - raft.server.leaderelection.leader.step-down.wait-time = 10s (default)
2022-08-02 01:00:10,006 [pool-358-thread-1] INFO  server.RaftServerConfigKeys (ConfUtils.java:logGet(46)) - raft.server.sleep.deviation.threshold = 300ms (default)
2022-08-02 01:00:10,006 [pool-358-thread-1] INFO  server.RaftServer$Division (ServerState.java:<init>(107)) - b0a39cc0-afce-41ab-9888-c09687d0cbc6@group-F4129AB626C5: ConfigurationManager, init=-1: [b0a39cc0-afce-41ab-9888-c09687d0cbc6|rpc:10.1.0.31:38013|priority:1], old=null, confs=<EMPTY_MAP>
2022-08-02 01:00:10,006 [pool-358-thread-1] INFO  server.RaftServerConfigKeys (ConfUtils.java:logGet(46)) - raft.server.storage.dir = [/home/runner/work/ozone/ozone/hadoop-ozone/integration-test/target/test-dir/MiniOzoneClusterImpl-ba95f9bc-837e-4f7b-bdb9-4ac74d2039d9/datanode-0/data/ratis] (custom)
2022-08-02 01:00:10,006 [pool-358-thread-1] INFO  server.RaftServerConfigKeys (ConfUtils.java:logGet(46)) - raft.server.log.corruption.policy = EXCEPTION (default)
2022-08-02 01:00:10,007 [pool-358-thread-1] INFO  server.RaftServerConfigKeys (ConfUtils.java:logGet(46)) - raft.server.storage.free-space.min = 0MB (=0) (default)
2022-08-02 01:00:10,007 [pool-358-thread-1] INFO  storage.RaftStorageDirectory (RaftStorageDirectoryImpl.java:analyzeStorage(135)) - The storage directory /home/runner/work/ozone/ozone/hadoop-ozone/integration-test/target/test-dir/MiniOzoneClusterImpl-ba95f9bc-837e-4f7b-bdb9-4ac74d2039d9/datanode-0/data/ratis/a941a6af-dd3f-4ce1-972b-f4129ab626c5 does not exist. Creating ...
2022-08-02 01:00:10,008 [pool-358-thread-1] INFO  storage.RaftStorageDirectory (RaftStorageDirectoryImpl.java:tryLock(230)) - Lock on /home/runner/work/ozone/ozone/hadoop-ozone/integration-test/target/test-dir/MiniOzoneClusterImpl-ba95f9bc-837e-4f7b-bdb9-4ac74d2039d9/datanode-0/data/ratis/a941a6af-dd3f-4ce1-972b-f4129ab626c5/in_use.lock acquired by nodename 4034@fv-az164-385
2022-08-02 01:00:10,010 [pool-358-thread-1] INFO  storage.RaftStorage (RaftStorageImpl.java:format(89)) - Storage directory /home/runner/work/ozone/ozone/hadoop-ozone/integration-test/target/test-dir/MiniOzoneClusterImpl-ba95f9bc-837e-4f7b-bdb9-4ac74d2039d9/datanode-0/data/ratis/a941a6af-dd3f-4ce1-972b-f4129ab626c5 has been successfully formatted.
2022-08-02 01:00:10,025 [pool-358-thread-1] INFO  ratis.ContainerStateMachine (ContainerStateMachine.java:loadSnapshot(236)) - group-F4129AB626C5: The snapshot info is null. Setting the last applied indexto:(t:0, i:~)
2022-08-02 01:00:10,025 [pool-358-thread-1] INFO  server.RaftServerConfigKeys (ConfUtils.java:logGet(46)) - raft.server.notification.no-leader.timeout = 300s (custom)
2022-08-02 01:00:10,025 [pool-358-thread-1] INFO  server.RaftServerConfigKeys (ConfUtils.java:logGet(46)) - raft.server.log.use.memory = false (default)
2022-08-02 01:00:10,025 [pool-358-thread-1] INFO  server.RaftServerConfigKeys (ConfUtils.java:logGet(46)) - raft.server.log.purge.gap = 1000000 (custom)
2022-08-02 01:00:10,025 [pool-358-thread-1] INFO  server.RaftServerConfigKeys (ConfUtils.java:logGet(46)) - raft.server.log.appender.buffer.byte-limit = 33554432 (custom)
2022-08-02 01:00:10,025 [pool-358-thread-1] INFO  server.RaftServerConfigKeys (ConfUtils.java:logGet(46)) - raft.server.log.statemachine.data.read.timeout = 1000ms (default)
2022-08-02 01:00:10,025 [pool-358-thread-1] INFO  server.RaftServerConfigKeys (ConfUtils.java:logGet(46)) - raft.server.log.segment.size.max = 1048576 (custom)
2022-08-02 01:00:10,026 [pool-358-thread-1] INFO  server.RaftServerConfigKeys (ConfUtils.java:logGet(46)) - raft.server.log.segment.cache.num.max = 2 (custom)
2022-08-02 01:00:10,026 [pool-358-thread-1] INFO  server.RaftServerConfigKeys (ConfUtils.java:logGet(46)) - raft.server.log.segment.cache.size.max = 200MB (=209715200) (default)
2022-08-02 01:00:10,026 [pool-358-thread-1] INFO  segmented.SegmentedRaftLogWorker (SegmentedRaftLogWorker.java:<init>(187)) - new b0a39cc0-afce-41ab-9888-c09687d0cbc6@group-F4129AB626C5-SegmentedRaftLogWorker for RaftStorageImpl:Storage Directory /home/runner/work/ozone/ozone/hadoop-ozone/integration-test/target/test-dir/MiniOzoneClusterImpl-ba95f9bc-837e-4f7b-bdb9-4ac74d2039d9/datanode-0/data/ratis/a941a6af-dd3f-4ce1-972b-f4129ab626c5
2022-08-02 01:00:10,026 [pool-358-thread-1] INFO  server.RaftServerConfigKeys (ConfUtils.java:logGet(46)) - raft.server.log.queue.byte-limit = 4294967296 (custom)
2022-08-02 01:00:10,026 [pool-358-thread-1] INFO  server.RaftServerConfigKeys (ConfUtils.java:logGet(46)) - raft.server.log.queue.element-limit = 1024 (custom)
2022-08-02 01:00:10,026 [pool-358-thread-1] INFO  server.RaftServerConfigKeys (ConfUtils.java:logGet(46)) - raft.server.log.segment.size.max = 1048576 (custom)
2022-08-02 01:00:10,026 [pool-358-thread-1] INFO  server.RaftServerConfigKeys (ConfUtils.java:logGet(46)) - raft.server.log.preallocated.size = 16384 (custom)
2022-08-02 01:00:10,026 [pool-358-thread-1] INFO  server.RaftServerConfigKeys (ConfUtils.java:logGet(46)) - raft.server.log.force.sync.num = 128 (default)
2022-08-02 01:00:10,026 [pool-358-thread-1] INFO  server.RaftServerConfigKeys (ConfUtils.java:logGet(46)) - raft.server.log.statemachine.data.sync = true (default)
2022-08-02 01:00:10,026 [pool-358-thread-1] INFO  server.RaftServerConfigKeys (ConfUtils.java:logGet(46)) - raft.server.log.statemachine.data.sync.timeout = 10s (default)
2022-08-02 01:00:10,026 [pool-358-thread-1] INFO  server.RaftServerConfigKeys (ConfUtils.java:logGet(46)) - raft.server.log.statemachine.data.sync.timeout.retry = -1 (default)
2022-08-02 01:00:10,027 [pool-358-thread-1] INFO  server.RaftServerConfigKeys (ConfUtils.java:logGet(46)) - raft.server.log.write.buffer.size = 1048576 (custom)
2022-08-02 01:00:10,027 [pool-358-thread-1] INFO  server.RaftServerConfigKeys (ConfUtils.java:logGet(46)) - raft.server.log.unsafe-flush.enabled = false (default)
2022-08-02 01:00:10,027 [pool-358-thread-1] INFO  server.RaftServerConfigKeys (ConfUtils.java:logGet(46)) - raft.server.log.statemachine.data.caching.enabled = true (custom)
2022-08-02 01:00:10,028 [pool-358-thread-1] INFO  segmented.SegmentedRaftLogWorker (SegmentedRaftLogWorker.java:lambda$new$0(135)) - b0a39cc0-afce-41ab-9888-c09687d0cbc6@group-F4129AB626C5-SegmentedRaftLogWorker: flushIndex: setUnconditionally 0 -> -1
2022-08-02 01:00:10,028 [pool-358-thread-1] INFO  segmented.SegmentedRaftLogWorker (SegmentedRaftLogWorker.java:lambda$new$0(135)) - b0a39cc0-afce-41ab-9888-c09687d0cbc6@group-F4129AB626C5-SegmentedRaftLogWorker: safeCacheEvictIndex: setUnconditionally 0 -> -1
2022-08-02 01:00:10,029 [EventQueue-PipelineReportForPipelineReportHandler] INFO  pipeline.PipelineManagerImpl (PipelineManagerImpl.java:openPipeline(367)) - Pipeline Pipeline[ Id: a941a6af-dd3f-4ce1-972b-f4129ab626c5, Nodes: b0a39cc0-afce-41ab-9888-c09687d0cbc6{ip: 10.1.0.31, host: fv-az164-385.acqy4frhnxdelaro313li45hge.dx.internal.cloudapp.net, ports: [REPLICATION=36001, RATIS=38013, RATIS_ADMIN=38013, RATIS_SERVER=38013, STANDALONE=34021], networkLocation: /default-rack, certSerialId: null, persistedOpState: IN_SERVICE, persistedOpStateExpiryEpochSec: 0}, ReplicationConfig: RATIS/ONE, State:ALLOCATED, leaderId:b0a39cc0-afce-41ab-9888-c09687d0cbc6, CreationTimestamp2022-08-02T01:00:07.035Z[Etc/UTC]] moved to OPEN state
2022-08-02 01:00:10,034 [pool-358-thread-1] INFO  server.RaftServerConfigKeys (ConfUtils.java:logGet(46)) - raft.server.snapshot.auto.trigger.enabled = true (custom)
2022-08-02 01:00:10,034 [pool-358-thread-1] INFO  server.RaftServerConfigKeys (ConfUtils.java:logGet(46)) - raft.server.snapshot.auto.trigger.threshold = 10000 (custom)
2022-08-02 01:00:10,034 [pool-358-thread-1] INFO  server.RaftServerConfigKeys (ConfUtils.java:logGet(46)) - raft.server.snapshot.retention.file.num = 5 (custom)
2022-08-02 01:00:10,034 [pool-358-thread-1] INFO  server.RaftServerConfigKeys (ConfUtils.java:logGet(46)) - raft.server.log.purge.upto.snapshot.index = false (default)
2022-08-02 01:00:10,034 [pool-358-thread-1] INFO  server.RaftServerConfigKeys (ConfUtils.java:logGet(46)) - raft.server.retrycache.expirytime = 600000ms (custom)
2022-08-02 01:00:10,034 [pool-358-thread-1] INFO  server.RaftServerConfigKeys (ConfUtils.java:logGet(46)) - raft.server.retrycache.statistics.expirytime = 100μs (default)
2022-08-02 01:00:10,035 [pool-358-thread-1] INFO  server.RaftServerConfigKeys (ConfUtils.java:logGet(46)) - raft.server.log.appender.install.snapshot.enabled = false (custom)
2022-08-02 01:00:10,035 [pool-358-thread-1] INFO  server.RaftServerConfigKeys (ConfUtils.java:logGet(46)) - raft.server.threadpool.server.cached = true (default)
2022-08-02 01:00:10,035 [pool-358-thread-1] INFO  server.RaftServerConfigKeys (ConfUtils.java:logGet(46)) - raft.server.threadpool.server.size = 0 (default)
2022-08-02 01:00:10,036 [pool-358-thread-1] INFO  server.RaftServerConfigKeys (ConfUtils.java:logGet(46)) - raft.server.threadpool.client.cached = true (default)
2022-08-02 01:00:10,036 [pool-358-thread-1] INFO  server.RaftServerConfigKeys (ConfUtils.java:logGet(46)) - raft.server.threadpool.client.size = 0 (default)
2022-08-02 01:00:10,036 [pool-358-thread-1] INFO  server.RaftServer$Division (RaftServerImpl.java:start(310)) - b0a39cc0-afce-41ab-9888-c09687d0cbc6@group-F4129AB626C5: start as a follower, conf=-1: [b0a39cc0-afce-41ab-9888-c09687d0cbc6|rpc:10.1.0.31:38013|priority:1], old=null
2022-08-02 01:00:10,036 [pool-358-thread-1] INFO  server.RaftServer$Division (RaftServerImpl.java:setRole(299)) - b0a39cc0-afce-41ab-9888-c09687d0cbc6@group-F4129AB626C5: changes role from      null to FOLLOWER at term 0 for startAsFollower
2022-08-02 01:00:10,036 [pool-358-thread-1] INFO  impl.RoleInfo (RoleInfo.java:updateAndGet(139)) - b0a39cc0-afce-41ab-9888-c09687d0cbc6: start b0a39cc0-afce-41ab-9888-c09687d0cbc6@group-F4129AB626C5-FollowerState
2022-08-02 01:00:10,047 [pool-358-thread-1] INFO  util.JmxRegister (JmxRegister.java:tryRegister(44)) - Successfully registered JMX Bean with object name Ratis:service=RaftServer,group=group-F4129AB626C5,id=b0a39cc0-afce-41ab-9888-c09687d0cbc6
2022-08-02 01:00:10,058 [EventQueue-OpenPipelineForHealthyPipelineSafeModeRule] INFO  safemode.SCMSafeModeManager (HealthyPipelineSafeModeRule.java:process(137)) - SCM in safe mode. Healthy pipelines reported count is 0, required healthy pipeline reported count is 1
2022-08-02 01:00:10,065 [Command processor thread] INFO  ratis.XceiverServerRatis (XceiverServerRatis.java:addGroup(765)) - Created group PipelineID=a941a6af-dd3f-4ce1-972b-f4129ab626c5
2022-08-02 01:00:10,065 [Command processor thread] INFO  commandhandler.CreatePipelineCommandHandler (CreatePipelineCommandHandler.java:handle(113)) - Created Pipeline RATIS ONE PipelineID=a941a6af-dd3f-4ce1-972b-f4129ab626c5.
2022-08-02 01:00:10,065 [Command processor thread] INFO  server.RaftServer (RaftServerProxy.java:addNew(96)) - b0a39cc0-afce-41ab-9888-c09687d0cbc6: addNew group-2CF20CC8A234:[b0a39cc0-afce-41ab-9888-c09687d0cbc6|rpc:10.1.0.31:38013|priority:0, 3631a71b-d0c3-46f1-a57c-f0f9ec80367f|rpc:10.1.0.31:44319|priority:1, 0cd63bf1-b762-46d4-93c1-680a80f1790f|rpc:10.1.0.31:33021|priority:0] returns group-2CF20CC8A234:java.util.concurrent.CompletableFuture@4e303a76[Not completed]
2022-08-02 01:00:10,072 [pool-358-thread-1] INFO  server.RaftServer$Division (RaftServerImpl.java:<init>(190)) - b0a39cc0-afce-41ab-9888-c09687d0cbc6: new RaftServerImpl for group-2CF20CC8A234:[b0a39cc0-afce-41ab-9888-c09687d0cbc6|rpc:10.1.0.31:38013|priority:0, 3631a71b-d0c3-46f1-a57c-f0f9ec80367f|rpc:10.1.0.31:44319|priority:1, 0cd63bf1-b762-46d4-93c1-680a80f1790f|rpc:10.1.0.31:33021|priority:0] with ContainerStateMachine:uninitialized
2022-08-02 01:00:10,072 [pool-358-thread-1] INFO  server.RaftServerConfigKeys (ConfUtils.java:logGet(46)) - raft.server.rpc.timeout.min = 5s (custom)
2022-08-02 01:00:10,072 [pool-358-thread-1] INFO  server.RaftServerConfigKeys (ConfUtils.java:logGet(46)) - raft.server.rpc.timeout.max = 5200ms (custom)
2022-08-02 01:00:10,072 [pool-358-thread-1] INFO  server.RaftServerConfigKeys (ConfUtils.java:logGet(46)) - raft.server.rpc.sleep.time = 25ms (default)
2022-08-02 01:00:10,072 [pool-358-thread-1] INFO  server.RaftServerConfigKeys (ConfUtils.java:logGet(46)) - raft.server.rpc.slowness.timeout = 300s (custom)
2022-08-02 01:00:10,072 [pool-358-thread-1] INFO  server.RaftServerConfigKeys (ConfUtils.java:logGet(46)) - raft.server.leaderelection.leader.step-down.wait-time = 10s (default)
2022-08-02 01:00:10,072 [pool-358-thread-1] INFO  server.RaftServerConfigKeys (ConfUtils.java:logGet(46)) - raft.server.sleep.deviation.threshold = 300ms (default)
2022-08-02 01:00:10,072 [pool-358-thread-1] INFO  server.RaftServer$Division (ServerState.java:<init>(107)) - b0a39cc0-afce-41ab-9888-c09687d0cbc6@group-2CF20CC8A234: ConfigurationManager, init=-1: [b0a39cc0-afce-41ab-9888-c09687d0cbc6|rpc:10.1.0.31:38013|priority:0, 3631a71b-d0c3-46f1-a57c-f0f9ec80367f|rpc:10.1.0.31:44319|priority:1, 0cd63bf1-b762-46d4-93c1-680a80f1790f|rpc:10.1.0.31:33021|priority:0], old=null, confs=<EMPTY_MAP>
2022-08-02 01:00:10,072 [pool-358-thread-1] INFO  server.RaftServerConfigKeys (ConfUtils.java:logGet(46)) - raft.server.storage.dir = [/home/runner/work/ozone/ozone/hadoop-ozone/integration-test/target/test-dir/MiniOzoneClusterImpl-ba95f9bc-837e-4f7b-bdb9-4ac74d2039d9/datanode-0/data/ratis] (custom)
2022-08-02 01:00:10,073 [pool-358-thread-1] INFO  server.RaftServerConfigKeys (ConfUtils.java:logGet(46)) - raft.server.log.corruption.policy = EXCEPTION (default)
2022-08-02 01:00:10,073 [pool-358-thread-1] INFO  server.RaftServerConfigKeys (ConfUtils.java:logGet(46)) - raft.server.storage.free-space.min = 0MB (=0) (default)
2022-08-02 01:00:10,073 [pool-358-thread-1] INFO  storage.RaftStorageDirectory (RaftStorageDirectoryImpl.java:analyzeStorage(135)) - The storage directory /home/runner/work/ozone/ozone/hadoop-ozone/integration-test/target/test-dir/MiniOzoneClusterImpl-ba95f9bc-837e-4f7b-bdb9-4ac74d2039d9/datanode-0/data/ratis/1a4893df-c7b2-47ad-a064-2cf20cc8a234 does not exist. Creating ...
2022-08-02 01:00:10,077 [pool-358-thread-1] INFO  storage.RaftStorageDirectory (RaftStorageDirectoryImpl.java:tryLock(230)) - Lock on /home/runner/work/ozone/ozone/hadoop-ozone/integration-test/target/test-dir/MiniOzoneClusterImpl-ba95f9bc-837e-4f7b-bdb9-4ac74d2039d9/datanode-0/data/ratis/1a4893df-c7b2-47ad-a064-2cf20cc8a234/in_use.lock acquired by nodename 4034@fv-az164-385
2022-08-02 01:00:10,080 [pool-358-thread-1] INFO  storage.RaftStorage (RaftStorageImpl.java:format(89)) - Storage directory /home/runner/work/ozone/ozone/hadoop-ozone/integration-test/target/test-dir/MiniOzoneClusterImpl-ba95f9bc-837e-4f7b-bdb9-4ac74d2039d9/datanode-0/data/ratis/1a4893df-c7b2-47ad-a064-2cf20cc8a234 has been successfully formatted.
2022-08-02 01:00:10,083 [EventQueue-OpenPipelineForHealthyPipelineSafeModeRule] INFO  safemode.SCMSafeModeManager (HealthyPipelineSafeModeRule.java:process(137)) - SCM in safe mode. Healthy pipelines reported count is 0, required healthy pipeline reported count is 1
2022-08-02 01:00:10,083 [pool-358-thread-1] INFO  ratis.ContainerStateMachine (ContainerStateMachine.java:loadSnapshot(236)) - group-2CF20CC8A234: The snapshot info is null. Setting the last applied indexto:(t:0, i:~)
2022-08-02 01:00:10,084 [pool-358-thread-1] INFO  server.RaftServerConfigKeys (ConfUtils.java:logGet(46)) - raft.server.notification.no-leader.timeout = 300s (custom)
2022-08-02 01:00:10,084 [pool-358-thread-1] INFO  server.RaftServerConfigKeys (ConfUtils.java:logGet(46)) - raft.server.log.use.memory = false (default)
2022-08-02 01:00:10,084 [pool-358-thread-1] INFO  server.RaftServerConfigKeys (ConfUtils.java:logGet(46)) - raft.server.log.purge.gap = 1000000 (custom)
2022-08-02 01:00:10,084 [pool-358-thread-1] INFO  server.RaftServerConfigKeys (ConfUtils.java:logGet(46)) - raft.server.log.appender.buffer.byte-limit = 33554432 (custom)
2022-08-02 01:00:10,084 [pool-358-thread-1] INFO  server.RaftServerConfigKeys (ConfUtils.java:logGet(46)) - raft.server.log.statemachine.data.read.timeout = 1000ms (default)
2022-08-02 01:00:10,084 [pool-358-thread-1] INFO  server.RaftServerConfigKeys (ConfUtils.java:logGet(46)) - raft.server.log.segment.size.max = 1048576 (custom)
2022-08-02 01:00:10,085 [pool-358-thread-1] INFO  server.RaftServerConfigKeys (ConfUtils.java:logGet(46)) - raft.server.log.segment.cache.num.max = 2 (custom)
2022-08-02 01:00:10,085 [pool-358-thread-1] INFO  server.RaftServerConfigKeys (ConfUtils.java:logGet(46)) - raft.server.log.segment.cache.size.max = 200MB (=209715200) (default)
2022-08-02 01:00:10,085 [pool-358-thread-1] INFO  segmented.SegmentedRaftLogWorker (SegmentedRaftLogWorker.java:<init>(187)) - new b0a39cc0-afce-41ab-9888-c09687d0cbc6@group-2CF20CC8A234-SegmentedRaftLogWorker for RaftStorageImpl:Storage Directory /home/runner/work/ozone/ozone/hadoop-ozone/integration-test/target/test-dir/MiniOzoneClusterImpl-ba95f9bc-837e-4f7b-bdb9-4ac74d2039d9/datanode-0/data/ratis/1a4893df-c7b2-47ad-a064-2cf20cc8a234
2022-08-02 01:00:10,085 [pool-358-thread-1] INFO  server.RaftServerConfigKeys (ConfUtils.java:logGet(46)) - raft.server.log.queue.byte-limit = 4294967296 (custom)
2022-08-02 01:00:10,085 [pool-358-thread-1] INFO  server.RaftServerConfigKeys (ConfUtils.java:logGet(46)) - raft.server.log.queue.element-limit = 1024 (custom)
2022-08-02 01:00:10,085 [pool-358-thread-1] INFO  server.RaftServerConfigKeys (ConfUtils.java:logGet(46)) - raft.server.log.segment.size.max = 1048576 (custom)
2022-08-02 01:00:10,085 [pool-358-thread-1] INFO  server.RaftServerConfigKeys (ConfUtils.java:logGet(46)) - raft.server.log.preallocated.size = 16384 (custom)
2022-08-02 01:00:10,085 [pool-358-thread-1] INFO  server.RaftServerConfigKeys (ConfUtils.java:logGet(46)) - raft.server.log.force.sync.num = 128 (default)
2022-08-02 01:00:10,085 [pool-358-thread-1] INFO  server.RaftServerConfigKeys (ConfUtils.java:logGet(46)) - raft.server.log.statemachine.data.sync = true (default)
2022-08-02 01:00:10,085 [pool-358-thread-1] INFO  server.RaftServerConfigKeys (ConfUtils.java:logGet(46)) - raft.server.log.statemachine.data.sync.timeout = 10s (default)
2022-08-02 01:00:10,085 [pool-358-thread-1] INFO  server.RaftServerConfigKeys (ConfUtils.java:logGet(46)) - raft.server.log.statemachine.data.sync.timeout.retry = -1 (default)
2022-08-02 01:00:10,085 [Listener at 127.0.0.1/34483] INFO  ozone.MiniOzoneClusterImpl (MiniOzoneClusterImpl.java:lambda$waitForClusterToBeReady$0(216)) - Waiting for nodes to be ready. Got 4 of 5 DN Heartbeats.
2022-08-02 01:00:10,086 [Listener at 127.0.0.1/34483] INFO  ozone.MiniOzoneClusterImpl (MiniOzoneClusterImpl.java:lambda$waitForClusterToBeReady$0(219)) - Waiting for cluster to exit safe mode
2022-08-02 01:00:10,086 [Listener at 127.0.0.1/34483] INFO  ozone.MiniOzoneClusterImpl (MiniOzoneClusterImpl.java:lambda$waitForClusterToBeReady$0(221)) - SCM became leader
2022-08-02 01:00:10,087 [pool-358-thread-1] INFO  server.RaftServerConfigKeys (ConfUtils.java:logGet(46)) - raft.server.log.write.buffer.size = 1048576 (custom)
2022-08-02 01:00:10,087 [pool-358-thread-1] INFO  server.RaftServerConfigKeys (ConfUtils.java:logGet(46)) - raft.server.log.unsafe-flush.enabled = false (default)
2022-08-02 01:00:10,087 [pool-358-thread-1] INFO  server.RaftServerConfigKeys (ConfUtils.java:logGet(46)) - raft.server.log.statemachine.data.caching.enabled = true (custom)
2022-08-02 01:00:10,093 [pool-358-thread-1] INFO  segmented.SegmentedRaftLogWorker (SegmentedRaftLogWorker.java:lambda$new$0(135)) - b0a39cc0-afce-41ab-9888-c09687d0cbc6@group-2CF20CC8A234-SegmentedRaftLogWorker: flushIndex: setUnconditionally 0 -> -1
2022-08-02 01:00:10,093 [pool-358-thread-1] INFO  segmented.SegmentedRaftLogWorker (SegmentedRaftLogWorker.java:lambda$new$0(135)) - b0a39cc0-afce-41ab-9888-c09687d0cbc6@group-2CF20CC8A234-SegmentedRaftLogWorker: safeCacheEvictIndex: setUnconditionally 0 -> -1
2022-08-02 01:00:10,097 [pool-358-thread-1] INFO  server.RaftServerConfigKeys (ConfUtils.java:logGet(46)) - raft.server.snapshot.auto.trigger.enabled = true (custom)
2022-08-02 01:00:10,097 [pool-358-thread-1] INFO  server.RaftServerConfigKeys (ConfUtils.java:logGet(46)) - raft.server.snapshot.auto.trigger.threshold = 10000 (custom)
2022-08-02 01:00:10,097 [pool-358-thread-1] INFO  server.RaftServerConfigKeys (ConfUtils.java:logGet(46)) - raft.server.snapshot.retention.file.num = 5 (custom)
2022-08-02 01:00:10,097 [pool-358-thread-1] INFO  server.RaftServerConfigKeys (ConfUtils.java:logGet(46)) - raft.server.log.purge.upto.snapshot.index = false (default)
2022-08-02 01:00:10,097 [pool-358-thread-1] INFO  server.RaftServerConfigKeys (ConfUtils.java:logGet(46)) - raft.server.retrycache.expirytime = 600000ms (custom)
2022-08-02 01:00:10,097 [pool-358-thread-1] INFO  server.RaftServerConfigKeys (ConfUtils.java:logGet(46)) - raft.server.retrycache.statistics.expirytime = 100μs (default)
2022-08-02 01:00:10,099 [pool-358-thread-1] INFO  server.RaftServerConfigKeys (ConfUtils.java:logGet(46)) - raft.server.log.appender.install.snapshot.enabled = false (custom)
2022-08-02 01:00:10,099 [pool-358-thread-1] INFO  server.RaftServerConfigKeys (ConfUtils.java:logGet(46)) - raft.server.threadpool.server.cached = true (default)
2022-08-02 01:00:10,099 [pool-358-thread-1] INFO  server.RaftServerConfigKeys (ConfUtils.java:logGet(46)) - raft.server.threadpool.server.size = 0 (default)
2022-08-02 01:00:10,099 [pool-358-thread-1] INFO  server.RaftServerConfigKeys (ConfUtils.java:logGet(46)) - raft.server.threadpool.client.cached = true (default)
2022-08-02 01:00:10,099 [pool-358-thread-1] INFO  server.RaftServerConfigKeys (ConfUtils.java:logGet(46)) - raft.server.threadpool.client.size = 0 (default)
2022-08-02 01:00:10,099 [pool-358-thread-1] INFO  server.RaftServer$Division (RaftServerImpl.java:start(310)) - b0a39cc0-afce-41ab-9888-c09687d0cbc6@group-2CF20CC8A234: start as a follower, conf=-1: [b0a39cc0-afce-41ab-9888-c09687d0cbc6|rpc:10.1.0.31:38013|priority:0, 3631a71b-d0c3-46f1-a57c-f0f9ec80367f|rpc:10.1.0.31:44319|priority:1, 0cd63bf1-b762-46d4-93c1-680a80f1790f|rpc:10.1.0.31:33021|priority:0], old=null
2022-08-02 01:00:10,099 [pool-358-thread-1] INFO  server.RaftServer$Division (RaftServerImpl.java:setRole(299)) - b0a39cc0-afce-41ab-9888-c09687d0cbc6@group-2CF20CC8A234: changes role from      null to FOLLOWER at term 0 for startAsFollower
2022-08-02 01:00:10,099 [pool-358-thread-1] INFO  impl.RoleInfo (RoleInfo.java:updateAndGet(139)) - b0a39cc0-afce-41ab-9888-c09687d0cbc6: start b0a39cc0-afce-41ab-9888-c09687d0cbc6@group-2CF20CC8A234-FollowerState
2022-08-02 01:00:10,105 [pool-358-thread-1] INFO  util.JmxRegister (JmxRegister.java:tryRegister(44)) - Successfully registered JMX Bean with object name Ratis:service=RaftServer,group=group-2CF20CC8A234,id=b0a39cc0-afce-41ab-9888-c09687d0cbc6
2022-08-02 01:00:10,108 [Command processor thread] INFO  ratis.XceiverServerRatis (XceiverServerRatis.java:addGroup(765)) - Created group PipelineID=1a4893df-c7b2-47ad-a064-2cf20cc8a234
2022-08-02 01:00:10,111 [IPC Server handler 4 on default port 42269] INFO  net.NetworkTopologyImpl (NetworkTopologyImpl.java:add(112)) - Added a new node: /default-rack/e545734f-4e78-4d5a-8216-d5964662cc7c
2022-08-02 01:00:10,111 [IPC Server handler 4 on default port 42269] INFO  node.SCMNodeManager (SCMNodeManager.java:register(397)) - Registered Data node : e545734f-4e78-4d5a-8216-d5964662cc7c{ip: 10.1.0.31, host: fv-az164-385.acqy4frhnxdelaro313li45hge.dx.internal.cloudapp.net, ports: [REPLICATION=34555, RATIS=32919, RATIS_ADMIN=32919, RATIS_SERVER=32919, STANDALONE=33997], networkLocation: /default-rack, certSerialId: null, persistedOpState: null, persistedOpStateExpiryEpochSec: 0}
2022-08-02 01:00:10,112 [EventQueue-NewNodeForNewNodeHandler] INFO  pipeline.BackgroundPipelineCreator (BackgroundPipelineCreator.java:notifyEventTriggered(276)) - trigger a one-shot run on RatisPipelineUtilsThread.
2022-08-02 01:00:10,112 [RatisPipelineUtilsThread - 0] INFO  pipeline.RatisPipelineProvider (RatisPipelineProvider.java:lambda$create$0(195)) - Sending CreatePipelineCommand for pipeline:PipelineID=3464af23-4125-470a-b482-8fa41d8f1086 to datanode:e545734f-4e78-4d5a-8216-d5964662cc7c
2022-08-02 01:00:10,112 [RatisPipelineUtilsThread - 0] INFO  pipeline.PipelineStateManagerImpl (PipelineStateManagerImpl.java:addPipeline(103)) - Created pipeline Pipeline[ Id: 3464af23-4125-470a-b482-8fa41d8f1086, Nodes: e545734f-4e78-4d5a-8216-d5964662cc7c{ip: 10.1.0.31, host: fv-az164-385.acqy4frhnxdelaro313li45hge.dx.internal.cloudapp.net, ports: [REPLICATION=34555, RATIS=32919, RATIS_ADMIN=32919, RATIS_SERVER=32919, STANDALONE=33997], networkLocation: /default-rack, certSerialId: null, persistedOpState: IN_SERVICE, persistedOpStateExpiryEpochSec: 0}, ReplicationConfig: RATIS/ONE, State:ALLOCATED, leaderId:, CreationTimestamp2022-08-02T01:00:10.112Z[Etc/UTC]].
2022-08-02 01:00:10,181 [grpc-default-executor-1] INFO  server.RaftServer (RaftServerProxy.java:addNew(96)) - 3631a71b-d0c3-46f1-a57c-f0f9ec80367f: addNew group-2CF20CC8A234:[b0a39cc0-afce-41ab-9888-c09687d0cbc6|rpc:10.1.0.31:38013|dataStream:|priority:0, 3631a71b-d0c3-46f1-a57c-f0f9ec80367f|rpc:10.1.0.31:44319|dataStream:|priority:1, 0cd63bf1-b762-46d4-93c1-680a80f1790f|rpc:10.1.0.31:33021|dataStream:|priority:0] returns group-2CF20CC8A234:java.util.concurrent.CompletableFuture@728f33b5[Not completed]
2022-08-02 01:00:10,182 [pool-381-thread-1] INFO  server.RaftServer$Division (RaftServerImpl.java:<init>(190)) - 3631a71b-d0c3-46f1-a57c-f0f9ec80367f: new RaftServerImpl for group-2CF20CC8A234:[b0a39cc0-afce-41ab-9888-c09687d0cbc6|rpc:10.1.0.31:38013|dataStream:|priority:0, 3631a71b-d0c3-46f1-a57c-f0f9ec80367f|rpc:10.1.0.31:44319|dataStream:|priority:1, 0cd63bf1-b762-46d4-93c1-680a80f1790f|rpc:10.1.0.31:33021|dataStream:|priority:0] with ContainerStateMachine:uninitialized
2022-08-02 01:00:10,182 [pool-381-thread-1] INFO  server.RaftServerConfigKeys (ConfUtils.java:logGet(46)) - raft.server.rpc.timeout.min = 5s (custom)
2022-08-02 01:00:10,182 [pool-381-thread-1] INFO  server.RaftServerConfigKeys (ConfUtils.java:logGet(46)) - raft.server.rpc.timeout.max = 5200ms (custom)
2022-08-02 01:00:10,182 [pool-381-thread-1] INFO  server.RaftServerConfigKeys (ConfUtils.java:logGet(46)) - raft.server.rpc.sleep.time = 25ms (default)
2022-08-02 01:00:10,182 [pool-381-thread-1] INFO  server.RaftServerConfigKeys (ConfUtils.java:logGet(46)) - raft.server.rpc.slowness.timeout = 300s (custom)
2022-08-02 01:00:10,182 [pool-381-thread-1] INFO  server.RaftServerConfigKeys (ConfUtils.java:logGet(46)) - raft.server.leaderelection.leader.step-down.wait-time = 10s (default)
2022-08-02 01:00:10,182 [pool-381-thread-1] INFO  server.RaftServerConfigKeys (ConfUtils.java:logGet(46)) - raft.server.sleep.deviation.threshold = 300ms (default)
2022-08-02 01:00:10,182 [pool-381-thread-1] INFO  server.RaftServer$Division (ServerState.java:<init>(107)) - 3631a71b-d0c3-46f1-a57c-f0f9ec80367f@group-2CF20CC8A234: ConfigurationManager, init=-1: [b0a39cc0-afce-41ab-9888-c09687d0cbc6|rpc:10.1.0.31:38013|dataStream:|priority:0, 3631a71b-d0c3-46f1-a57c-f0f9ec80367f|rpc:10.1.0.31:44319|dataStream:|priority:1, 0cd63bf1-b762-46d4-93c1-680a80f1790f|rpc:10.1.0.31:33021|dataStream:|priority:0], old=null, confs=<EMPTY_MAP>
2022-08-02 01:00:10,182 [pool-381-thread-1] INFO  server.RaftServerConfigKeys (ConfUtils.java:logGet(46)) - raft.server.storage.dir = [/home/runner/work/ozone/ozone/hadoop-ozone/integration-test/target/test-dir/MiniOzoneClusterImpl-ba95f9bc-837e-4f7b-bdb9-4ac74d2039d9/datanode-1/data/ratis] (custom)
2022-08-02 01:00:10,182 [pool-381-thread-1] INFO  server.RaftServerConfigKeys (ConfUtils.java:logGet(46)) - raft.server.log.corruption.policy = EXCEPTION (default)
2022-08-02 01:00:10,183 [pool-381-thread-1] INFO  server.RaftServerConfigKeys (ConfUtils.java:logGet(46)) - raft.server.storage.free-space.min = 0MB (=0) (default)
2022-08-02 01:00:10,183 [pool-381-thread-1] INFO  storage.RaftStorageDirectory (RaftStorageDirectoryImpl.java:analyzeStorage(135)) - The storage directory /home/runner/work/ozone/ozone/hadoop-ozone/integration-test/target/test-dir/MiniOzoneClusterImpl-ba95f9bc-837e-4f7b-bdb9-4ac74d2039d9/datanode-1/data/ratis/1a4893df-c7b2-47ad-a064-2cf20cc8a234 does not exist. Creating ...
2022-08-02 01:00:10,184 [pool-381-thread-1] INFO  storage.RaftStorageDirectory (RaftStorageDirectoryImpl.java:tryLock(230)) - Lock on /home/runner/work/ozone/ozone/hadoop-ozone/integration-test/target/test-dir/MiniOzoneClusterImpl-ba95f9bc-837e-4f7b-bdb9-4ac74d2039d9/datanode-1/data/ratis/1a4893df-c7b2-47ad-a064-2cf20cc8a234/in_use.lock acquired by nodename 4034@fv-az164-385
2022-08-02 01:00:10,193 [pool-381-thread-1] INFO  storage.RaftStorage (RaftStorageImpl.java:format(89)) - Storage directory /home/runner/work/ozone/ozone/hadoop-ozone/integration-test/target/test-dir/MiniOzoneClusterImpl-ba95f9bc-837e-4f7b-bdb9-4ac74d2039d9/datanode-1/data/ratis/1a4893df-c7b2-47ad-a064-2cf20cc8a234 has been successfully formatted.
2022-08-02 01:00:10,200 [pool-381-thread-1] INFO  ratis.ContainerStateMachine (ContainerStateMachine.java:loadSnapshot(236)) - group-2CF20CC8A234: The snapshot info is null. Setting the last applied indexto:(t:0, i:~)
2022-08-02 01:00:10,200 [pool-381-thread-1] INFO  server.RaftServerConfigKeys (ConfUtils.java:logGet(46)) - raft.server.notification.no-leader.timeout = 300s (custom)
2022-08-02 01:00:10,200 [pool-381-thread-1] INFO  server.RaftServerConfigKeys (ConfUtils.java:logGet(46)) - raft.server.log.use.memory = false (default)
2022-08-02 01:00:10,200 [pool-381-thread-1] INFO  server.RaftServerConfigKeys (ConfUtils.java:logGet(46)) - raft.server.log.purge.gap = 1000000 (custom)
2022-08-02 01:00:10,200 [pool-381-thread-1] INFO  server.RaftServerConfigKeys (ConfUtils.java:logGet(46)) - raft.server.log.appender.buffer.byte-limit = 33554432 (custom)
2022-08-02 01:00:10,200 [pool-381-thread-1] INFO  server.RaftServerConfigKeys (ConfUtils.java:logGet(46)) - raft.server.log.statemachine.data.read.timeout = 1000ms (default)
2022-08-02 01:00:10,200 [pool-381-thread-1] INFO  server.RaftServerConfigKeys (ConfUtils.java:logGet(46)) - raft.server.log.segment.size.max = 1048576 (custom)
2022-08-02 01:00:10,202 [pool-381-thread-1] INFO  server.RaftServerConfigKeys (ConfUtils.java:logGet(46)) - raft.server.log.segment.cache.num.max = 2 (custom)
2022-08-02 01:00:10,202 [pool-381-thread-1] INFO  server.RaftServerConfigKeys (ConfUtils.java:logGet(46)) - raft.server.log.segment.cache.size.max = 200MB (=209715200) (default)
2022-08-02 01:00:10,202 [pool-381-thread-1] INFO  segmented.SegmentedRaftLogWorker (SegmentedRaftLogWorker.java:<init>(187)) - new 3631a71b-d0c3-46f1-a57c-f0f9ec80367f@group-2CF20CC8A234-SegmentedRaftLogWorker for RaftStorageImpl:Storage Directory /home/runner/work/ozone/ozone/hadoop-ozone/integration-test/target/test-dir/MiniOzoneClusterImpl-ba95f9bc-837e-4f7b-bdb9-4ac74d2039d9/datanode-1/data/ratis/1a4893df-c7b2-47ad-a064-2cf20cc8a234
2022-08-02 01:00:10,202 [pool-381-thread-1] INFO  server.RaftServerConfigKeys (ConfUtils.java:logGet(46)) - raft.server.log.queue.byte-limit = 4294967296 (custom)
2022-08-02 01:00:10,202 [pool-381-thread-1] INFO  server.RaftServerConfigKeys (ConfUtils.java:logGet(46)) - raft.server.log.queue.element-limit = 1024 (custom)
2022-08-02 01:00:10,202 [pool-381-thread-1] INFO  server.RaftServerConfigKeys (ConfUtils.java:logGet(46)) - raft.server.log.segment.size.max = 1048576 (custom)
2022-08-02 01:00:10,202 [pool-381-thread-1] INFO  server.RaftServerConfigKeys (ConfUtils.java:logGet(46)) - raft.server.log.preallocated.size = 16384 (custom)
2022-08-02 01:00:10,202 [pool-381-thread-1] INFO  server.RaftServerConfigKeys (ConfUtils.java:logGet(46)) - raft.server.log.force.sync.num = 128 (default)
2022-08-02 01:00:10,202 [pool-381-thread-1] INFO  server.RaftServerConfigKeys (ConfUtils.java:logGet(46)) - raft.server.log.statemachine.data.sync = true (default)
2022-08-02 01:00:10,202 [pool-381-thread-1] INFO  server.RaftServerConfigKeys (ConfUtils.java:logGet(46)) - raft.server.log.statemachine.data.sync.timeout = 10s (default)
2022-08-02 01:00:10,202 [pool-381-thread-1] INFO  server.RaftServerConfigKeys (ConfUtils.java:logGet(46)) - raft.server.log.statemachine.data.sync.timeout.retry = -1 (default)
2022-08-02 01:00:10,203 [pool-381-thread-1] INFO  server.RaftServerConfigKeys (ConfUtils.java:logGet(46)) - raft.server.log.write.buffer.size = 1048576 (custom)
2022-08-02 01:00:10,203 [pool-381-thread-1] INFO  server.RaftServerConfigKeys (ConfUtils.java:logGet(46)) - raft.server.log.unsafe-flush.enabled = false (default)
2022-08-02 01:00:10,203 [pool-381-thread-1] INFO  server.RaftServerConfigKeys (ConfUtils.java:logGet(46)) - raft.server.log.statemachine.data.caching.enabled = true (custom)
2022-08-02 01:00:10,203 [pool-381-thread-1] INFO  segmented.SegmentedRaftLogWorker (SegmentedRaftLogWorker.java:lambda$new$0(135)) - 3631a71b-d0c3-46f1-a57c-f0f9ec80367f@group-2CF20CC8A234-SegmentedRaftLogWorker: flushIndex: setUnconditionally 0 -> -1
2022-08-02 01:00:10,203 [pool-381-thread-1] INFO  segmented.SegmentedRaftLogWorker (SegmentedRaftLogWorker.java:lambda$new$0(135)) - 3631a71b-d0c3-46f1-a57c-f0f9ec80367f@group-2CF20CC8A234-SegmentedRaftLogWorker: safeCacheEvictIndex: setUnconditionally 0 -> -1
2022-08-02 01:00:10,204 [pool-381-thread-1] INFO  server.RaftServerConfigKeys (ConfUtils.java:logGet(46)) - raft.server.snapshot.auto.trigger.enabled = true (custom)
2022-08-02 01:00:10,204 [pool-381-thread-1] INFO  server.RaftServerConfigKeys (ConfUtils.java:logGet(46)) - raft.server.snapshot.auto.trigger.threshold = 10000 (custom)
2022-08-02 01:00:10,204 [pool-381-thread-1] INFO  server.RaftServerConfigKeys (ConfUtils.java:logGet(46)) - raft.server.snapshot.retention.file.num = 5 (custom)
2022-08-02 01:00:10,204 [pool-381-thread-1] INFO  server.RaftServerConfigKeys (ConfUtils.java:logGet(46)) - raft.server.log.purge.upto.snapshot.index = false (default)
2022-08-02 01:00:10,204 [pool-381-thread-1] INFO  server.RaftServerConfigKeys (ConfUtils.java:logGet(46)) - raft.server.retrycache.expirytime = 600000ms (custom)
2022-08-02 01:00:10,204 [pool-381-thread-1] INFO  server.RaftServerConfigKeys (ConfUtils.java:logGet(46)) - raft.server.retrycache.statistics.expirytime = 100μs (default)
2022-08-02 01:00:10,205 [pool-381-thread-1] INFO  server.RaftServerConfigKeys (ConfUtils.java:logGet(46)) - raft.server.log.appender.install.snapshot.enabled = false (custom)
2022-08-02 01:00:10,205 [pool-381-thread-1] INFO  server.RaftServerConfigKeys (ConfUtils.java:logGet(46)) - raft.server.threadpool.server.cached = true (default)
2022-08-02 01:00:10,205 [pool-381-thread-1] INFO  server.RaftServerConfigKeys (ConfUtils.java:logGet(46)) - raft.server.threadpool.server.size = 0 (default)
2022-08-02 01:00:10,205 [pool-381-thread-1] INFO  server.RaftServerConfigKeys (ConfUtils.java:logGet(46)) - raft.server.threadpool.client.cached = true (default)
2022-08-02 01:00:10,205 [pool-381-thread-1] INFO  server.RaftServerConfigKeys (ConfUtils.java:logGet(46)) - raft.server.threadpool.client.size = 0 (default)
2022-08-02 01:00:10,205 [pool-381-thread-1] INFO  server.RaftServer$Division (RaftServerImpl.java:start(310)) - 3631a71b-d0c3-46f1-a57c-f0f9ec80367f@group-2CF20CC8A234: start as a follower, conf=-1: [b0a39cc0-afce-41ab-9888-c09687d0cbc6|rpc:10.1.0.31:38013|dataStream:|priority:0, 3631a71b-d0c3-46f1-a57c-f0f9ec80367f|rpc:10.1.0.31:44319|dataStream:|priority:1, 0cd63bf1-b762-46d4-93c1-680a80f1790f|rpc:10.1.0.31:33021|dataStream:|priority:0], old=null
2022-08-02 01:00:10,205 [pool-381-thread-1] INFO  server.RaftServer$Division (RaftServerImpl.java:setRole(299)) - 3631a71b-d0c3-46f1-a57c-f0f9ec80367f@group-2CF20CC8A234: changes role from      null to FOLLOWER at term 0 for startAsFollower
2022-08-02 01:00:10,205 [pool-381-thread-1] INFO  impl.RoleInfo (RoleInfo.java:updateAndGet(139)) - 3631a71b-d0c3-46f1-a57c-f0f9ec80367f: start 3631a71b-d0c3-46f1-a57c-f0f9ec80367f@group-2CF20CC8A234-FollowerState
2022-08-02 01:00:10,213 [pool-381-thread-1] INFO  util.JmxRegister (JmxRegister.java:tryRegister(44)) - Successfully registered JMX Bean with object name Ratis:service=RaftServer,group=group-2CF20CC8A234,id=3631a71b-d0c3-46f1-a57c-f0f9ec80367f
2022-08-02 01:00:10,267 [grpc-default-executor-1] INFO  server.RaftServer (RaftServerProxy.java:addNew(96)) - 0cd63bf1-b762-46d4-93c1-680a80f1790f: addNew group-2CF20CC8A234:[b0a39cc0-afce-41ab-9888-c09687d0cbc6|rpc:10.1.0.31:38013|dataStream:|priority:0, 3631a71b-d0c3-46f1-a57c-f0f9ec80367f|rpc:10.1.0.31:44319|dataStream:|priority:1, 0cd63bf1-b762-46d4-93c1-680a80f1790f|rpc:10.1.0.31:33021|dataStream:|priority:0] returns group-2CF20CC8A234:java.util.concurrent.CompletableFuture@766ee41e[Not completed]
2022-08-02 01:00:10,270 [pool-404-thread-1] INFO  server.RaftServer$Division (RaftServerImpl.java:<init>(190)) - 0cd63bf1-b762-46d4-93c1-680a80f1790f: new RaftServerImpl for group-2CF20CC8A234:[b0a39cc0-afce-41ab-9888-c09687d0cbc6|rpc:10.1.0.31:38013|dataStream:|priority:0, 3631a71b-d0c3-46f1-a57c-f0f9ec80367f|rpc:10.1.0.31:44319|dataStream:|priority:1, 0cd63bf1-b762-46d4-93c1-680a80f1790f|rpc:10.1.0.31:33021|dataStream:|priority:0] with ContainerStateMachine:uninitialized
2022-08-02 01:00:10,270 [pool-404-thread-1] INFO  server.RaftServerConfigKeys (ConfUtils.java:logGet(46)) - raft.server.rpc.timeout.min = 5s (custom)
2022-08-02 01:00:10,270 [pool-404-thread-1] INFO  server.RaftServerConfigKeys (ConfUtils.java:logGet(46)) - raft.server.rpc.timeout.max = 5200ms (custom)
2022-08-02 01:00:10,270 [pool-404-thread-1] INFO  server.RaftServerConfigKeys (ConfUtils.java:logGet(46)) - raft.server.rpc.sleep.time = 25ms (default)
2022-08-02 01:00:10,270 [pool-404-thread-1] INFO  server.RaftServerConfigKeys (ConfUtils.java:logGet(46)) - raft.server.rpc.slowness.timeout = 300s (custom)
2022-08-02 01:00:10,270 [pool-404-thread-1] INFO  server.RaftServerConfigKeys (ConfUtils.java:logGet(46)) - raft.server.leaderelection.leader.step-down.wait-time = 10s (default)
2022-08-02 01:00:10,270 [pool-404-thread-1] INFO  server.RaftServerConfigKeys (ConfUtils.java:logGet(46)) - raft.server.sleep.deviation.threshold = 300ms (default)
2022-08-02 01:00:10,270 [pool-404-thread-1] INFO  server.RaftServer$Division (ServerState.java:<init>(107)) - 0cd63bf1-b762-46d4-93c1-680a80f1790f@group-2CF20CC8A234: ConfigurationManager, init=-1: [b0a39cc0-afce-41ab-9888-c09687d0cbc6|rpc:10.1.0.31:38013|dataStream:|priority:0, 3631a71b-d0c3-46f1-a57c-f0f9ec80367f|rpc:10.1.0.31:44319|dataStream:|priority:1, 0cd63bf1-b762-46d4-93c1-680a80f1790f|rpc:10.1.0.31:33021|dataStream:|priority:0], old=null, confs=<EMPTY_MAP>
2022-08-02 01:00:10,270 [pool-404-thread-1] INFO  server.RaftServerConfigKeys (ConfUtils.java:logGet(46)) - raft.server.storage.dir = [/home/runner/work/ozone/ozone/hadoop-ozone/integration-test/target/test-dir/MiniOzoneClusterImpl-ba95f9bc-837e-4f7b-bdb9-4ac74d2039d9/datanode-2/data/ratis] (custom)
2022-08-02 01:00:10,270 [pool-404-thread-1] INFO  server.RaftServerConfigKeys (ConfUtils.java:logGet(46)) - raft.server.log.corruption.policy = EXCEPTION (default)
2022-08-02 01:00:10,270 [pool-404-thread-1] INFO  server.RaftServerConfigKeys (ConfUtils.java:logGet(46)) - raft.server.storage.free-space.min = 0MB (=0) (default)
2022-08-02 01:00:10,270 [pool-404-thread-1] INFO  storage.RaftStorageDirectory (RaftStorageDirectoryImpl.java:analyzeStorage(135)) - The storage directory /home/runner/work/ozone/ozone/hadoop-ozone/integration-test/target/test-dir/MiniOzoneClusterImpl-ba95f9bc-837e-4f7b-bdb9-4ac74d2039d9/datanode-2/data/ratis/1a4893df-c7b2-47ad-a064-2cf20cc8a234 does not exist. Creating ...
2022-08-02 01:00:10,286 [pool-404-thread-1] INFO  storage.RaftStorageDirectory (RaftStorageDirectoryImpl.java:tryLock(230)) - Lock on /home/runner/work/ozone/ozone/hadoop-ozone/integration-test/target/test-dir/MiniOzoneClusterImpl-ba95f9bc-837e-4f7b-bdb9-4ac74d2039d9/datanode-2/data/ratis/1a4893df-c7b2-47ad-a064-2cf20cc8a234/in_use.lock acquired by nodename 4034@fv-az164-385
2022-08-02 01:00:10,289 [pool-404-thread-1] INFO  storage.RaftStorage (RaftStorageImpl.java:format(89)) - Storage directory /home/runner/work/ozone/ozone/hadoop-ozone/integration-test/target/test-dir/MiniOzoneClusterImpl-ba95f9bc-837e-4f7b-bdb9-4ac74d2039d9/datanode-2/data/ratis/1a4893df-c7b2-47ad-a064-2cf20cc8a234 has been successfully formatted.
2022-08-02 01:00:10,289 [pool-404-thread-1] INFO  ratis.ContainerStateMachine (ContainerStateMachine.java:loadSnapshot(236)) - group-2CF20CC8A234: The snapshot info is null. Setting the last applied indexto:(t:0, i:~)
2022-08-02 01:00:10,301 [pool-404-thread-1] INFO  server.RaftServerConfigKeys (ConfUtils.java:logGet(46)) - raft.server.notification.no-leader.timeout = 300s (custom)
2022-08-02 01:00:10,301 [pool-404-thread-1] INFO  server.RaftServerConfigKeys (ConfUtils.java:logGet(46)) - raft.server.log.use.memory = false (default)
2022-08-02 01:00:10,301 [pool-404-thread-1] INFO  server.RaftServerConfigKeys (ConfUtils.java:logGet(46)) - raft.server.log.purge.gap = 1000000 (custom)
2022-08-02 01:00:10,301 [pool-404-thread-1] INFO  server.RaftServerConfigKeys (ConfUtils.java:logGet(46)) - raft.server.log.appender.buffer.byte-limit = 33554432 (custom)
2022-08-02 01:00:10,301 [pool-404-thread-1] INFO  server.RaftServerConfigKeys (ConfUtils.java:logGet(46)) - raft.server.log.statemachine.data.read.timeout = 1000ms (default)
2022-08-02 01:00:10,301 [pool-404-thread-1] INFO  server.RaftServerConfigKeys (ConfUtils.java:logGet(46)) - raft.server.log.segment.size.max = 1048576 (custom)
2022-08-02 01:00:10,302 [pool-404-thread-1] INFO  server.RaftServerConfigKeys (ConfUtils.java:logGet(46)) - raft.server.log.segment.cache.num.max = 2 (custom)
2022-08-02 01:00:10,302 [pool-404-thread-1] INFO  server.RaftServerConfigKeys (ConfUtils.java:logGet(46)) - raft.server.log.segment.cache.size.max = 200MB (=209715200) (default)
2022-08-02 01:00:10,302 [pool-404-thread-1] INFO  segmented.SegmentedRaftLogWorker (SegmentedRaftLogWorker.java:<init>(187)) - new 0cd63bf1-b762-46d4-93c1-680a80f1790f@group-2CF20CC8A234-SegmentedRaftLogWorker for RaftStorageImpl:Storage Directory /home/runner/work/ozone/ozone/hadoop-ozone/integration-test/target/test-dir/MiniOzoneClusterImpl-ba95f9bc-837e-4f7b-bdb9-4ac74d2039d9/datanode-2/data/ratis/1a4893df-c7b2-47ad-a064-2cf20cc8a234
2022-08-02 01:00:10,302 [pool-404-thread-1] INFO  server.RaftServerConfigKeys (ConfUtils.java:logGet(46)) - raft.server.log.queue.byte-limit = 4294967296 (custom)
2022-08-02 01:00:10,302 [pool-404-thread-1] INFO  server.RaftServerConfigKeys (ConfUtils.java:logGet(46)) - raft.server.log.queue.element-limit = 1024 (custom)
2022-08-02 01:00:10,302 [pool-404-thread-1] INFO  server.RaftServerConfigKeys (ConfUtils.java:logGet(46)) - raft.server.log.segment.size.max = 1048576 (custom)
2022-08-02 01:00:10,302 [pool-404-thread-1] INFO  server.RaftServerConfigKeys (ConfUtils.java:logGet(46)) - raft.server.log.preallocated.size = 16384 (custom)
2022-08-02 01:00:10,302 [pool-404-thread-1] INFO  server.RaftServerConfigKeys (ConfUtils.java:logGet(46)) - raft.server.log.force.sync.num = 128 (default)
2022-08-02 01:00:10,302 [pool-404-thread-1] INFO  server.RaftServerConfigKeys (ConfUtils.java:logGet(46)) - raft.server.log.statemachine.data.sync = true (default)
2022-08-02 01:00:10,302 [pool-404-thread-1] INFO  server.RaftServerConfigKeys (ConfUtils.java:logGet(46)) - raft.server.log.statemachine.data.sync.timeout = 10s (default)
2022-08-02 01:00:10,302 [pool-404-thread-1] INFO  server.RaftServerConfigKeys (ConfUtils.java:logGet(46)) - raft.server.log.statemachine.data.sync.timeout.retry = -1 (default)
2022-08-02 01:00:10,303 [pool-404-thread-1] INFO  server.RaftServerConfigKeys (ConfUtils.java:logGet(46)) - raft.server.log.write.buffer.size = 1048576 (custom)
2022-08-02 01:00:10,304 [pool-404-thread-1] INFO  server.RaftServerConfigKeys (ConfUtils.java:logGet(46)) - raft.server.log.unsafe-flush.enabled = false (default)
2022-08-02 01:00:10,304 [pool-404-thread-1] INFO  server.RaftServerConfigKeys (ConfUtils.java:logGet(46)) - raft.server.log.statemachine.data.caching.enabled = true (custom)
2022-08-02 01:00:10,304 [pool-404-thread-1] INFO  segmented.SegmentedRaftLogWorker (SegmentedRaftLogWorker.java:lambda$new$0(135)) - 0cd63bf1-b762-46d4-93c1-680a80f1790f@group-2CF20CC8A234-SegmentedRaftLogWorker: flushIndex: setUnconditionally 0 -> -1
2022-08-02 01:00:10,304 [pool-404-thread-1] INFO  segmented.SegmentedRaftLogWorker (SegmentedRaftLogWorker.java:lambda$new$0(135)) - 0cd63bf1-b762-46d4-93c1-680a80f1790f@group-2CF20CC8A234-SegmentedRaftLogWorker: safeCacheEvictIndex: setUnconditionally 0 -> -1
2022-08-02 01:00:10,313 [pool-404-thread-1] INFO  server.RaftServerConfigKeys (ConfUtils.java:logGet(46)) - raft.server.snapshot.auto.trigger.enabled = true (custom)
2022-08-02 01:00:10,313 [pool-404-thread-1] INFO  server.RaftServerConfigKeys (ConfUtils.java:logGet(46)) - raft.server.snapshot.auto.trigger.threshold = 10000 (custom)
2022-08-02 01:00:10,313 [pool-404-thread-1] INFO  server.RaftServerConfigKeys (ConfUtils.java:logGet(46)) - raft.server.snapshot.retention.file.num = 5 (custom)
2022-08-02 01:00:10,313 [pool-404-thread-1] INFO  server.RaftServerConfigKeys (ConfUtils.java:logGet(46)) - raft.server.log.purge.upto.snapshot.index = false (default)
2022-08-02 01:00:10,313 [pool-404-thread-1] INFO  server.RaftServerConfigKeys (ConfUtils.java:logGet(46)) - raft.server.retrycache.expirytime = 600000ms (custom)
2022-08-02 01:00:10,313 [pool-404-thread-1] INFO  server.RaftServerConfigKeys (ConfUtils.java:logGet(46)) - raft.server.retrycache.statistics.expirytime = 100μs (default)
2022-08-02 01:00:10,314 [pool-404-thread-1] INFO  server.RaftServerConfigKeys (ConfUtils.java:logGet(46)) - raft.server.log.appender.install.snapshot.enabled = false (custom)
2022-08-02 01:00:10,314 [pool-404-thread-1] INFO  server.RaftServerConfigKeys (ConfUtils.java:logGet(46)) - raft.server.threadpool.server.cached = true (default)
2022-08-02 01:00:10,314 [pool-404-thread-1] INFO  server.RaftServerConfigKeys (ConfUtils.java:logGet(46)) - raft.server.threadpool.server.size = 0 (default)
2022-08-02 01:00:10,314 [pool-404-thread-1] INFO  server.RaftServerConfigKeys (ConfUtils.java:logGet(46)) - raft.server.threadpool.client.cached = true (default)
2022-08-02 01:00:10,314 [pool-404-thread-1] INFO  server.RaftServerConfigKeys (ConfUtils.java:logGet(46)) - raft.server.threadpool.client.size = 0 (default)
2022-08-02 01:00:10,314 [pool-404-thread-1] INFO  server.RaftServer$Division (RaftServerImpl.java:start(310)) - 0cd63bf1-b762-46d4-93c1-680a80f1790f@group-2CF20CC8A234: start as a follower, conf=-1: [b0a39cc0-afce-41ab-9888-c09687d0cbc6|rpc:10.1.0.31:38013|dataStream:|priority:0, 3631a71b-d0c3-46f1-a57c-f0f9ec80367f|rpc:10.1.0.31:44319|dataStream:|priority:1, 0cd63bf1-b762-46d4-93c1-680a80f1790f|rpc:10.1.0.31:33021|dataStream:|priority:0], old=null
2022-08-02 01:00:10,315 [pool-404-thread-1] INFO  server.RaftServer$Division (RaftServerImpl.java:setRole(299)) - 0cd63bf1-b762-46d4-93c1-680a80f1790f@group-2CF20CC8A234: changes role from      null to FOLLOWER at term 0 for startAsFollower
2022-08-02 01:00:10,315 [pool-404-thread-1] INFO  impl.RoleInfo (RoleInfo.java:updateAndGet(139)) - 0cd63bf1-b762-46d4-93c1-680a80f1790f: start 0cd63bf1-b762-46d4-93c1-680a80f1790f@group-2CF20CC8A234-FollowerState
2022-08-02 01:00:10,315 [pool-404-thread-1] INFO  util.JmxRegister (JmxRegister.java:tryRegister(44)) - Successfully registered JMX Bean with object name Ratis:service=RaftServer,group=group-2CF20CC8A234,id=0cd63bf1-b762-46d4-93c1-680a80f1790f
2022-08-02 01:00:10,330 [Command processor thread] INFO  commandhandler.CreatePipelineCommandHandler (CreatePipelineCommandHandler.java:handle(113)) - Created Pipeline RATIS THREE PipelineID=1a4893df-c7b2-47ad-a064-2cf20cc8a234.
2022-08-02 01:00:10,697 [ReplicationMonitor] INFO  replication.ReplicationManager (ReplicationManager.java:processAll(249)) - Replication Manager is not ready to run until 3000ms after safemode exit
2022-08-02 01:00:10,733 [Command processor thread] INFO  server.RaftServer (RaftServerProxy.java:addNew(96)) - 3631a71b-d0c3-46f1-a57c-f0f9ec80367f: addNew group-04A26A98102D:[3631a71b-d0c3-46f1-a57c-f0f9ec80367f|rpc:10.1.0.31:44319|priority:1] returns group-04A26A98102D:java.util.concurrent.CompletableFuture@3f37441a[Not completed]
2022-08-02 01:00:10,734 [pool-381-thread-1] INFO  server.RaftServer$Division (RaftServerImpl.java:<init>(190)) - 3631a71b-d0c3-46f1-a57c-f0f9ec80367f: new RaftServerImpl for group-04A26A98102D:[3631a71b-d0c3-46f1-a57c-f0f9ec80367f|rpc:10.1.0.31:44319|priority:1] with ContainerStateMachine:uninitialized
2022-08-02 01:00:10,734 [pool-381-thread-1] INFO  server.RaftServerConfigKeys (ConfUtils.java:logGet(46)) - raft.server.rpc.timeout.min = 5s (custom)
2022-08-02 01:00:10,734 [pool-381-thread-1] INFO  server.RaftServerConfigKeys (ConfUtils.java:logGet(46)) - raft.server.rpc.timeout.max = 5200ms (custom)
2022-08-02 01:00:10,734 [pool-381-thread-1] INFO  server.RaftServerConfigKeys (ConfUtils.java:logGet(46)) - raft.server.rpc.sleep.time = 25ms (default)
2022-08-02 01:00:10,734 [pool-381-thread-1] INFO  server.RaftServerConfigKeys (ConfUtils.java:logGet(46)) - raft.server.rpc.slowness.timeout = 300s (custom)
2022-08-02 01:00:10,734 [pool-381-thread-1] INFO  server.RaftServerConfigKeys (ConfUtils.java:logGet(46)) - raft.server.leaderelection.leader.step-down.wait-time = 10s (default)
2022-08-02 01:00:10,734 [pool-381-thread-1] INFO  server.RaftServerConfigKeys (ConfUtils.java:logGet(46)) - raft.server.sleep.deviation.threshold = 300ms (default)
2022-08-02 01:00:10,734 [pool-381-thread-1] INFO  server.RaftServer$Division (ServerState.java:<init>(107)) - 3631a71b-d0c3-46f1-a57c-f0f9ec80367f@group-04A26A98102D: ConfigurationManager, init=-1: [3631a71b-d0c3-46f1-a57c-f0f9ec80367f|rpc:10.1.0.31:44319|priority:1], old=null, confs=<EMPTY_MAP>
2022-08-02 01:00:10,735 [pool-381-thread-1] INFO  server.RaftServerConfigKeys (ConfUtils.java:logGet(46)) - raft.server.storage.dir = [/home/runner/work/ozone/ozone/hadoop-ozone/integration-test/target/test-dir/MiniOzoneClusterImpl-ba95f9bc-837e-4f7b-bdb9-4ac74d2039d9/datanode-1/data/ratis] (custom)
2022-08-02 01:00:10,735 [pool-381-thread-1] INFO  server.RaftServerConfigKeys (ConfUtils.java:logGet(46)) - raft.server.log.corruption.policy = EXCEPTION (default)
2022-08-02 01:00:10,735 [pool-381-thread-1] INFO  server.RaftServerConfigKeys (ConfUtils.java:logGet(46)) - raft.server.storage.free-space.min = 0MB (=0) (default)
2022-08-02 01:00:10,735 [pool-381-thread-1] INFO  storage.RaftStorageDirectory (RaftStorageDirectoryImpl.java:analyzeStorage(135)) - The storage directory /home/runner/work/ozone/ozone/hadoop-ozone/integration-test/target/test-dir/MiniOzoneClusterImpl-ba95f9bc-837e-4f7b-bdb9-4ac74d2039d9/datanode-1/data/ratis/74c17024-797d-4ac8-bd8d-04a26a98102d does not exist. Creating ...
2022-08-02 01:00:10,736 [pool-381-thread-1] INFO  storage.RaftStorageDirectory (RaftStorageDirectoryImpl.java:tryLock(230)) - Lock on /home/runner/work/ozone/ozone/hadoop-ozone/integration-test/target/test-dir/MiniOzoneClusterImpl-ba95f9bc-837e-4f7b-bdb9-4ac74d2039d9/datanode-1/data/ratis/74c17024-797d-4ac8-bd8d-04a26a98102d/in_use.lock acquired by nodename 4034@fv-az164-385
2022-08-02 01:00:10,737 [pool-381-thread-1] INFO  storage.RaftStorage (RaftStorageImpl.java:format(89)) - Storage directory /home/runner/work/ozone/ozone/hadoop-ozone/integration-test/target/test-dir/MiniOzoneClusterImpl-ba95f9bc-837e-4f7b-bdb9-4ac74d2039d9/datanode-1/data/ratis/74c17024-797d-4ac8-bd8d-04a26a98102d has been successfully formatted.
2022-08-02 01:00:10,738 [pool-381-thread-1] INFO  ratis.ContainerStateMachine (ContainerStateMachine.java:loadSnapshot(236)) - group-04A26A98102D: The snapshot info is null. Setting the last applied indexto:(t:0, i:~)
2022-08-02 01:00:10,738 [pool-381-thread-1] INFO  server.RaftServerConfigKeys (ConfUtils.java:logGet(46)) - raft.server.notification.no-leader.timeout = 300s (custom)
2022-08-02 01:00:10,738 [pool-381-thread-1] INFO  server.RaftServerConfigKeys (ConfUtils.java:logGet(46)) - raft.server.log.use.memory = false (default)
2022-08-02 01:00:10,738 [pool-381-thread-1] INFO  server.RaftServerConfigKeys (ConfUtils.java:logGet(46)) - raft.server.log.purge.gap = 1000000 (custom)
2022-08-02 01:00:10,738 [pool-381-thread-1] INFO  server.RaftServerConfigKeys (ConfUtils.java:logGet(46)) - raft.server.log.appender.buffer.byte-limit = 33554432 (custom)
2022-08-02 01:00:10,738 [pool-381-thread-1] INFO  server.RaftServerConfigKeys (ConfUtils.java:logGet(46)) - raft.server.log.statemachine.data.read.timeout = 1000ms (default)
2022-08-02 01:00:10,738 [pool-381-thread-1] INFO  server.RaftServerConfigKeys (ConfUtils.java:logGet(46)) - raft.server.log.segment.size.max = 1048576 (custom)
2022-08-02 01:00:10,739 [pool-381-thread-1] INFO  server.RaftServerConfigKeys (ConfUtils.java:logGet(46)) - raft.server.log.segment.cache.num.max = 2 (custom)
2022-08-02 01:00:10,739 [pool-381-thread-1] INFO  server.RaftServerConfigKeys (ConfUtils.java:logGet(46)) - raft.server.log.segment.cache.size.max = 200MB (=209715200) (default)
2022-08-02 01:00:10,739 [pool-381-thread-1] INFO  segmented.SegmentedRaftLogWorker (SegmentedRaftLogWorker.java:<init>(187)) - new 3631a71b-d0c3-46f1-a57c-f0f9ec80367f@group-04A26A98102D-SegmentedRaftLogWorker for RaftStorageImpl:Storage Directory /home/runner/work/ozone/ozone/hadoop-ozone/integration-test/target/test-dir/MiniOzoneClusterImpl-ba95f9bc-837e-4f7b-bdb9-4ac74d2039d9/datanode-1/data/ratis/74c17024-797d-4ac8-bd8d-04a26a98102d
2022-08-02 01:00:10,739 [pool-381-thread-1] INFO  server.RaftServerConfigKeys (ConfUtils.java:logGet(46)) - raft.server.log.queue.byte-limit = 4294967296 (custom)
2022-08-02 01:00:10,739 [pool-381-thread-1] INFO  server.RaftServerConfigKeys (ConfUtils.java:logGet(46)) - raft.server.log.queue.element-limit = 1024 (custom)
2022-08-02 01:00:10,739 [pool-381-thread-1] INFO  server.RaftServerConfigKeys (ConfUtils.java:logGet(46)) - raft.server.log.segment.size.max = 1048576 (custom)
2022-08-02 01:00:10,739 [pool-381-thread-1] INFO  server.RaftServerConfigKeys (ConfUtils.java:logGet(46)) - raft.server.log.preallocated.size = 16384 (custom)
2022-08-02 01:00:10,739 [pool-381-thread-1] INFO  server.RaftServerConfigKeys (ConfUtils.java:logGet(46)) - raft.server.log.force.sync.num = 128 (default)
2022-08-02 01:00:10,739 [pool-381-thread-1] INFO  server.RaftServerConfigKeys (ConfUtils.java:logGet(46)) - raft.server.log.statemachine.data.sync = true (default)
2022-08-02 01:00:10,739 [pool-381-thread-1] INFO  server.RaftServerConfigKeys (ConfUtils.java:logGet(46)) - raft.server.log.statemachine.data.sync.timeout = 10s (default)
2022-08-02 01:00:10,739 [pool-381-thread-1] INFO  server.RaftServerConfigKeys (ConfUtils.java:logGet(46)) - raft.server.log.statemachine.data.sync.timeout.retry = -1 (default)
2022-08-02 01:00:10,741 [EventQueue-PipelineReportForPipelineReportHandler] INFO  pipeline.PipelineManagerImpl (PipelineManagerImpl.java:openPipeline(367)) - Pipeline Pipeline[ Id: 74c17024-797d-4ac8-bd8d-04a26a98102d, Nodes: 3631a71b-d0c3-46f1-a57c-f0f9ec80367f{ip: 10.1.0.31, host: fv-az164-385.acqy4frhnxdelaro313li45hge.dx.internal.cloudapp.net, ports: [REPLICATION=37865, RATIS=44319, RATIS_ADMIN=44319, RATIS_SERVER=44319, STANDALONE=46159], networkLocation: /default-rack, certSerialId: null, persistedOpState: IN_SERVICE, persistedOpStateExpiryEpochSec: 0}, ReplicationConfig: RATIS/ONE, State:ALLOCATED, leaderId:3631a71b-d0c3-46f1-a57c-f0f9ec80367f, CreationTimestamp2022-08-02T01:00:07.749Z[Etc/UTC]] moved to OPEN state
2022-08-02 01:00:10,741 [pool-381-thread-1] INFO  server.RaftServerConfigKeys (ConfUtils.java:logGet(46)) - raft.server.log.write.buffer.size = 1048576 (custom)
2022-08-02 01:00:10,741 [EventQueue-OpenPipelineForHealthyPipelineSafeModeRule] INFO  safemode.SCMSafeModeManager (HealthyPipelineSafeModeRule.java:process(137)) - SCM in safe mode. Healthy pipelines reported count is 0, required healthy pipeline reported count is 1
2022-08-02 01:00:10,741 [pool-381-thread-1] INFO  server.RaftServerConfigKeys (ConfUtils.java:logGet(46)) - raft.server.log.unsafe-flush.enabled = false (default)
2022-08-02 01:00:10,741 [pool-381-thread-1] INFO  server.RaftServerConfigKeys (ConfUtils.java:logGet(46)) - raft.server.log.statemachine.data.caching.enabled = true (custom)
2022-08-02 01:00:10,742 [pool-381-thread-1] INFO  segmented.SegmentedRaftLogWorker (SegmentedRaftLogWorker.java:lambda$new$0(135)) - 3631a71b-d0c3-46f1-a57c-f0f9ec80367f@group-04A26A98102D-SegmentedRaftLogWorker: flushIndex: setUnconditionally 0 -> -1
2022-08-02 01:00:10,742 [pool-381-thread-1] INFO  segmented.SegmentedRaftLogWorker (SegmentedRaftLogWorker.java:lambda$new$0(135)) - 3631a71b-d0c3-46f1-a57c-f0f9ec80367f@group-04A26A98102D-SegmentedRaftLogWorker: safeCacheEvictIndex: setUnconditionally 0 -> -1
2022-08-02 01:00:10,753 [pool-381-thread-1] INFO  server.RaftServerConfigKeys (ConfUtils.java:logGet(46)) - raft.server.snapshot.auto.trigger.enabled = true (custom)
2022-08-02 01:00:10,753 [pool-381-thread-1] INFO  server.RaftServerConfigKeys (ConfUtils.java:logGet(46)) - raft.server.snapshot.auto.trigger.threshold = 10000 (custom)
2022-08-02 01:00:10,753 [pool-381-thread-1] INFO  server.RaftServerConfigKeys (ConfUtils.java:logGet(46)) - raft.server.snapshot.retention.file.num = 5 (custom)
2022-08-02 01:00:10,753 [pool-381-thread-1] INFO  server.RaftServerConfigKeys (ConfUtils.java:logGet(46)) - raft.server.log.purge.upto.snapshot.index = false (default)
2022-08-02 01:00:10,753 [pool-381-thread-1] INFO  server.RaftServerConfigKeys (ConfUtils.java:logGet(46)) - raft.server.retrycache.expirytime = 600000ms (custom)
2022-08-02 01:00:10,753 [pool-381-thread-1] INFO  server.RaftServerConfigKeys (ConfUtils.java:logGet(46)) - raft.server.retrycache.statistics.expirytime = 100μs (default)
2022-08-02 01:00:10,754 [pool-381-thread-1] INFO  server.RaftServerConfigKeys (ConfUtils.java:logGet(46)) - raft.server.log.appender.install.snapshot.enabled = false (custom)
2022-08-02 01:00:10,754 [pool-381-thread-1] INFO  server.RaftServerConfigKeys (ConfUtils.java:logGet(46)) - raft.server.threadpool.server.cached = true (default)
2022-08-02 01:00:10,754 [pool-381-thread-1] INFO  server.RaftServerConfigKeys (ConfUtils.java:logGet(46)) - raft.server.threadpool.server.size = 0 (default)
2022-08-02 01:00:10,754 [pool-381-thread-1] INFO  server.RaftServerConfigKeys (ConfUtils.java:logGet(46)) - raft.server.threadpool.client.cached = true (default)
2022-08-02 01:00:10,754 [pool-381-thread-1] INFO  server.RaftServerConfigKeys (ConfUtils.java:logGet(46)) - raft.server.threadpool.client.size = 0 (default)
2022-08-02 01:00:10,754 [pool-381-thread-1] INFO  server.RaftServer$Division (RaftServerImpl.java:start(310)) - 3631a71b-d0c3-46f1-a57c-f0f9ec80367f@group-04A26A98102D: start as a follower, conf=-1: [3631a71b-d0c3-46f1-a57c-f0f9ec80367f|rpc:10.1.0.31:44319|priority:1], old=null
2022-08-02 01:00:10,754 [pool-381-thread-1] INFO  server.RaftServer$Division (RaftServerImpl.java:setRole(299)) - 3631a71b-d0c3-46f1-a57c-f0f9ec80367f@group-04A26A98102D: changes role from      null to FOLLOWER at term 0 for startAsFollower
2022-08-02 01:00:10,754 [pool-381-thread-1] INFO  impl.RoleInfo (RoleInfo.java:updateAndGet(139)) - 3631a71b-d0c3-46f1-a57c-f0f9ec80367f: start 3631a71b-d0c3-46f1-a57c-f0f9ec80367f@group-04A26A98102D-FollowerState
2022-08-02 01:00:10,755 [pool-381-thread-1] INFO  util.JmxRegister (JmxRegister.java:tryRegister(44)) - Successfully registered JMX Bean with object name Ratis:service=RaftServer,group=group-04A26A98102D,id=3631a71b-d0c3-46f1-a57c-f0f9ec80367f
2022-08-02 01:00:10,761 [Command processor thread] INFO  ratis.XceiverServerRatis (XceiverServerRatis.java:addGroup(765)) - Created group PipelineID=74c17024-797d-4ac8-bd8d-04a26a98102d
2022-08-02 01:00:10,761 [Command processor thread] INFO  commandhandler.CreatePipelineCommandHandler (CreatePipelineCommandHandler.java:handle(113)) - Created Pipeline RATIS ONE PipelineID=74c17024-797d-4ac8-bd8d-04a26a98102d.
2022-08-02 01:00:11,086 [Listener at 127.0.0.1/34483] INFO  ozone.MiniOzoneClusterImpl (MiniOzoneClusterImpl.java:lambda$waitForClusterToBeReady$0(216)) - Nodes are ready. Got 5 of 5 DN Heartbeats.
2022-08-02 01:00:11,086 [Listener at 127.0.0.1/34483] INFO  ozone.MiniOzoneClusterImpl (MiniOzoneClusterImpl.java:lambda$waitForClusterToBeReady$0(219)) - Waiting for cluster to exit safe mode
2022-08-02 01:00:11,086 [Listener at 127.0.0.1/34483] INFO  ozone.MiniOzoneClusterImpl (MiniOzoneClusterImpl.java:lambda$waitForClusterToBeReady$0(221)) - SCM became leader
2022-08-02 01:00:11,652 [Command processor thread] INFO  server.RaftServer (RaftServerProxy.java:addNew(96)) - 0cd63bf1-b762-46d4-93c1-680a80f1790f: addNew group-02846B999845:[0cd63bf1-b762-46d4-93c1-680a80f1790f|rpc:10.1.0.31:33021|priority:1] returns group-02846B999845:java.util.concurrent.CompletableFuture@24047907[Not completed]
2022-08-02 01:00:11,653 [pool-404-thread-1] INFO  server.RaftServer$Division (RaftServerImpl.java:<init>(190)) - 0cd63bf1-b762-46d4-93c1-680a80f1790f: new RaftServerImpl for group-02846B999845:[0cd63bf1-b762-46d4-93c1-680a80f1790f|rpc:10.1.0.31:33021|priority:1] with ContainerStateMachine:uninitialized
2022-08-02 01:00:11,653 [pool-404-thread-1] INFO  server.RaftServerConfigKeys (ConfUtils.java:logGet(46)) - raft.server.rpc.timeout.min = 5s (custom)
2022-08-02 01:00:11,653 [pool-404-thread-1] INFO  server.RaftServerConfigKeys (ConfUtils.java:logGet(46)) - raft.server.rpc.timeout.max = 5200ms (custom)
2022-08-02 01:00:11,653 [pool-404-thread-1] INFO  server.RaftServerConfigKeys (ConfUtils.java:logGet(46)) - raft.server.rpc.sleep.time = 25ms (default)
2022-08-02 01:00:11,653 [pool-404-thread-1] INFO  server.RaftServerConfigKeys (ConfUtils.java:logGet(46)) - raft.server.rpc.slowness.timeout = 300s (custom)
2022-08-02 01:00:11,653 [pool-404-thread-1] INFO  server.RaftServerConfigKeys (ConfUtils.java:logGet(46)) - raft.server.leaderelection.leader.step-down.wait-time = 10s (default)
2022-08-02 01:00:11,654 [pool-404-thread-1] INFO  server.RaftServerConfigKeys (ConfUtils.java:logGet(46)) - raft.server.sleep.deviation.threshold = 300ms (default)
2022-08-02 01:00:11,654 [pool-404-thread-1] INFO  server.RaftServer$Division (ServerState.java:<init>(107)) - 0cd63bf1-b762-46d4-93c1-680a80f1790f@group-02846B999845: ConfigurationManager, init=-1: [0cd63bf1-b762-46d4-93c1-680a80f1790f|rpc:10.1.0.31:33021|priority:1], old=null, confs=<EMPTY_MAP>
2022-08-02 01:00:11,654 [pool-404-thread-1] INFO  server.RaftServerConfigKeys (ConfUtils.java:logGet(46)) - raft.server.storage.dir = [/home/runner/work/ozone/ozone/hadoop-ozone/integration-test/target/test-dir/MiniOzoneClusterImpl-ba95f9bc-837e-4f7b-bdb9-4ac74d2039d9/datanode-2/data/ratis] (custom)
2022-08-02 01:00:11,654 [pool-404-thread-1] INFO  server.RaftServerConfigKeys (ConfUtils.java:logGet(46)) - raft.server.log.corruption.policy = EXCEPTION (default)
2022-08-02 01:00:11,654 [pool-404-thread-1] INFO  server.RaftServerConfigKeys (ConfUtils.java:logGet(46)) - raft.server.storage.free-space.min = 0MB (=0) (default)
2022-08-02 01:00:11,654 [pool-404-thread-1] INFO  storage.RaftStorageDirectory (RaftStorageDirectoryImpl.java:analyzeStorage(135)) - The storage directory /home/runner/work/ozone/ozone/hadoop-ozone/integration-test/target/test-dir/MiniOzoneClusterImpl-ba95f9bc-837e-4f7b-bdb9-4ac74d2039d9/datanode-2/data/ratis/e278c3fd-80fd-4c95-82f6-02846b999845 does not exist. Creating ...
2022-08-02 01:00:11,657 [pool-404-thread-1] INFO  storage.RaftStorageDirectory (RaftStorageDirectoryImpl.java:tryLock(230)) - Lock on /home/runner/work/ozone/ozone/hadoop-ozone/integration-test/target/test-dir/MiniOzoneClusterImpl-ba95f9bc-837e-4f7b-bdb9-4ac74d2039d9/datanode-2/data/ratis/e278c3fd-80fd-4c95-82f6-02846b999845/in_use.lock acquired by nodename 4034@fv-az164-385
2022-08-02 01:00:11,665 [pool-404-thread-1] INFO  storage.RaftStorage (RaftStorageImpl.java:format(89)) - Storage directory /home/runner/work/ozone/ozone/hadoop-ozone/integration-test/target/test-dir/MiniOzoneClusterImpl-ba95f9bc-837e-4f7b-bdb9-4ac74d2039d9/datanode-2/data/ratis/e278c3fd-80fd-4c95-82f6-02846b999845 has been successfully formatted.
2022-08-02 01:00:11,666 [pool-404-thread-1] INFO  ratis.ContainerStateMachine (ContainerStateMachine.java:loadSnapshot(236)) - group-02846B999845: The snapshot info is null. Setting the last applied indexto:(t:0, i:~)
2022-08-02 01:00:11,669 [pool-404-thread-1] INFO  server.RaftServerConfigKeys (ConfUtils.java:logGet(46)) - raft.server.notification.no-leader.timeout = 300s (custom)
2022-08-02 01:00:11,670 [pool-404-thread-1] INFO  server.RaftServerConfigKeys (ConfUtils.java:logGet(46)) - raft.server.log.use.memory = false (default)
2022-08-02 01:00:11,670 [pool-404-thread-1] INFO  server.RaftServerConfigKeys (ConfUtils.java:logGet(46)) - raft.server.log.purge.gap = 1000000 (custom)
2022-08-02 01:00:11,670 [pool-404-thread-1] INFO  server.RaftServerConfigKeys (ConfUtils.java:logGet(46)) - raft.server.log.appender.buffer.byte-limit = 33554432 (custom)
2022-08-02 01:00:11,670 [pool-404-thread-1] INFO  server.RaftServerConfigKeys (ConfUtils.java:logGet(46)) - raft.server.log.statemachine.data.read.timeout = 1000ms (default)
2022-08-02 01:00:11,670 [pool-404-thread-1] INFO  server.RaftServerConfigKeys (ConfUtils.java:logGet(46)) - raft.server.log.segment.size.max = 1048576 (custom)
2022-08-02 01:00:11,670 [pool-404-thread-1] INFO  server.RaftServerConfigKeys (ConfUtils.java:logGet(46)) - raft.server.log.segment.cache.num.max = 2 (custom)
2022-08-02 01:00:11,670 [pool-404-thread-1] INFO  server.RaftServerConfigKeys (ConfUtils.java:logGet(46)) - raft.server.log.segment.cache.size.max = 200MB (=209715200) (default)
2022-08-02 01:00:11,670 [pool-404-thread-1] INFO  segmented.SegmentedRaftLogWorker (SegmentedRaftLogWorker.java:<init>(187)) - new 0cd63bf1-b762-46d4-93c1-680a80f1790f@group-02846B999845-SegmentedRaftLogWorker for RaftStorageImpl:Storage Directory /home/runner/work/ozone/ozone/hadoop-ozone/integration-test/target/test-dir/MiniOzoneClusterImpl-ba95f9bc-837e-4f7b-bdb9-4ac74d2039d9/datanode-2/data/ratis/e278c3fd-80fd-4c95-82f6-02846b999845
2022-08-02 01:00:11,671 [pool-404-thread-1] INFO  server.RaftServerConfigKeys (ConfUtils.java:logGet(46)) - raft.server.log.queue.byte-limit = 4294967296 (custom)
2022-08-02 01:00:11,671 [pool-404-thread-1] INFO  server.RaftServerConfigKeys (ConfUtils.java:logGet(46)) - raft.server.log.queue.element-limit = 1024 (custom)
2022-08-02 01:00:11,671 [pool-404-thread-1] INFO  server.RaftServerConfigKeys (ConfUtils.java:logGet(46)) - raft.server.log.segment.size.max = 1048576 (custom)
2022-08-02 01:00:11,671 [pool-404-thread-1] INFO  server.RaftServerConfigKeys (ConfUtils.java:logGet(46)) - raft.server.log.preallocated.size = 16384 (custom)
2022-08-02 01:00:11,671 [pool-404-thread-1] INFO  server.RaftServerConfigKeys (ConfUtils.java:logGet(46)) - raft.server.log.force.sync.num = 128 (default)
2022-08-02 01:00:11,671 [pool-404-thread-1] INFO  server.RaftServerConfigKeys (ConfUtils.java:logGet(46)) - raft.server.log.statemachine.data.sync = true (default)
2022-08-02 01:00:11,671 [pool-404-thread-1] INFO  server.RaftServerConfigKeys (ConfUtils.java:logGet(46)) - raft.server.log.statemachine.data.sync.timeout = 10s (default)
2022-08-02 01:00:11,671 [pool-404-thread-1] INFO  server.RaftServerConfigKeys (ConfUtils.java:logGet(46)) - raft.server.log.statemachine.data.sync.timeout.retry = -1 (default)
2022-08-02 01:00:11,671 [EventQueue-PipelineReportForPipelineReportHandler] INFO  pipeline.PipelineManagerImpl (PipelineManagerImpl.java:openPipeline(367)) - Pipeline Pipeline[ Id: e278c3fd-80fd-4c95-82f6-02846b999845, Nodes: 0cd63bf1-b762-46d4-93c1-680a80f1790f{ip: 10.1.0.31, host: fv-az164-385.acqy4frhnxdelaro313li45hge.dx.internal.cloudapp.net, ports: [REPLICATION=41103, RATIS=33021, RATIS_ADMIN=33021, RATIS_SERVER=33021, STANDALONE=40393], networkLocation: /default-rack, certSerialId: null, persistedOpState: IN_SERVICE, persistedOpStateExpiryEpochSec: 0}, ReplicationConfig: RATIS/ONE, State:ALLOCATED, leaderId:0cd63bf1-b762-46d4-93c1-680a80f1790f, CreationTimestamp2022-08-02T01:00:08.657Z[Etc/UTC]] moved to OPEN state
2022-08-02 01:00:11,671 [EventQueue-OpenPipelineForHealthyPipelineSafeModeRule] INFO  safemode.SCMSafeModeManager (HealthyPipelineSafeModeRule.java:process(137)) - SCM in safe mode. Healthy pipelines reported count is 0, required healthy pipeline reported count is 1
2022-08-02 01:00:11,672 [pool-404-thread-1] INFO  server.RaftServerConfigKeys (ConfUtils.java:logGet(46)) - raft.server.log.write.buffer.size = 1048576 (custom)
2022-08-02 01:00:11,674 [pool-404-thread-1] INFO  server.RaftServerConfigKeys (ConfUtils.java:logGet(46)) - raft.server.log.unsafe-flush.enabled = false (default)
2022-08-02 01:00:11,674 [pool-404-thread-1] INFO  server.RaftServerConfigKeys (ConfUtils.java:logGet(46)) - raft.server.log.statemachine.data.caching.enabled = true (custom)
2022-08-02 01:00:11,674 [pool-404-thread-1] INFO  segmented.SegmentedRaftLogWorker (SegmentedRaftLogWorker.java:lambda$new$0(135)) - 0cd63bf1-b762-46d4-93c1-680a80f1790f@group-02846B999845-SegmentedRaftLogWorker: flushIndex: setUnconditionally 0 -> -1
2022-08-02 01:00:11,674 [pool-404-thread-1] INFO  segmented.SegmentedRaftLogWorker (SegmentedRaftLogWorker.java:lambda$new$0(135)) - 0cd63bf1-b762-46d4-93c1-680a80f1790f@group-02846B999845-SegmentedRaftLogWorker: safeCacheEvictIndex: setUnconditionally 0 -> -1
2022-08-02 01:00:11,697 [ReplicationMonitor] INFO  replication.ReplicationManager (ReplicationManager.java:processAll(249)) - Replication Manager is not ready to run until 3000ms after safemode exit
2022-08-02 01:00:11,702 [pool-404-thread-1] INFO  server.RaftServerConfigKeys (ConfUtils.java:logGet(46)) - raft.server.snapshot.auto.trigger.enabled = true (custom)
2022-08-02 01:00:11,702 [pool-404-thread-1] INFO  server.RaftServerConfigKeys (ConfUtils.java:logGet(46)) - raft.server.snapshot.auto.trigger.threshold = 10000 (custom)
2022-08-02 01:00:11,702 [pool-404-thread-1] INFO  server.RaftServerConfigKeys (ConfUtils.java:logGet(46)) - raft.server.snapshot.retention.file.num = 5 (custom)
2022-08-02 01:00:11,702 [pool-404-thread-1] INFO  server.RaftServerConfigKeys (ConfUtils.java:logGet(46)) - raft.server.log.purge.upto.snapshot.index = false (default)
2022-08-02 01:00:11,702 [pool-404-thread-1] INFO  server.RaftServerConfigKeys (ConfUtils.java:logGet(46)) - raft.server.retrycache.expirytime = 600000ms (custom)
2022-08-02 01:00:11,702 [pool-404-thread-1] INFO  server.RaftServerConfigKeys (ConfUtils.java:logGet(46)) - raft.server.retrycache.statistics.expirytime = 100μs (default)
2022-08-02 01:00:11,703 [pool-404-thread-1] INFO  server.RaftServerConfigKeys (ConfUtils.java:logGet(46)) - raft.server.log.appender.install.snapshot.enabled = false (custom)
2022-08-02 01:00:11,704 [pool-404-thread-1] INFO  server.RaftServerConfigKeys (ConfUtils.java:logGet(46)) - raft.server.threadpool.server.cached = true (default)
2022-08-02 01:00:11,704 [pool-404-thread-1] INFO  server.RaftServerConfigKeys (ConfUtils.java:logGet(46)) - raft.server.threadpool.server.size = 0 (default)
2022-08-02 01:00:11,704 [pool-404-thread-1] INFO  server.RaftServerConfigKeys (ConfUtils.java:logGet(46)) - raft.server.threadpool.client.cached = true (default)
2022-08-02 01:00:11,704 [pool-404-thread-1] INFO  server.RaftServerConfigKeys (ConfUtils.java:logGet(46)) - raft.server.threadpool.client.size = 0 (default)
2022-08-02 01:00:11,704 [pool-404-thread-1] INFO  server.RaftServer$Division (RaftServerImpl.java:start(310)) - 0cd63bf1-b762-46d4-93c1-680a80f1790f@group-02846B999845: start as a follower, conf=-1: [0cd63bf1-b762-46d4-93c1-680a80f1790f|rpc:10.1.0.31:33021|priority:1], old=null
2022-08-02 01:00:11,704 [pool-404-thread-1] INFO  server.RaftServer$Division (RaftServerImpl.java:setRole(299)) - 0cd63bf1-b762-46d4-93c1-680a80f1790f@group-02846B999845: changes role from      null to FOLLOWER at term 0 for startAsFollower
2022-08-02 01:00:11,704 [pool-404-thread-1] INFO  impl.RoleInfo (RoleInfo.java:updateAndGet(139)) - 0cd63bf1-b762-46d4-93c1-680a80f1790f: start 0cd63bf1-b762-46d4-93c1-680a80f1790f@group-02846B999845-FollowerState
2022-08-02 01:00:11,713 [pool-404-thread-1] INFO  util.JmxRegister (JmxRegister.java:tryRegister(44)) - Successfully registered JMX Bean with object name Ratis:service=RaftServer,group=group-02846B999845,id=0cd63bf1-b762-46d4-93c1-680a80f1790f
2022-08-02 01:00:11,721 [Command processor thread] INFO  ratis.XceiverServerRatis (XceiverServerRatis.java:addGroup(765)) - Created group PipelineID=e278c3fd-80fd-4c95-82f6-02846b999845
2022-08-02 01:00:11,721 [Command processor thread] INFO  commandhandler.CreatePipelineCommandHandler (CreatePipelineCommandHandler.java:handle(113)) - Created Pipeline RATIS ONE PipelineID=e278c3fd-80fd-4c95-82f6-02846b999845.
2022-08-02 01:00:12,086 [Listener at 127.0.0.1/34483] INFO  ozone.MiniOzoneClusterImpl (MiniOzoneClusterImpl.java:lambda$waitForClusterToBeReady$0(216)) - Nodes are ready. Got 5 of 5 DN Heartbeats.
2022-08-02 01:00:12,086 [Listener at 127.0.0.1/34483] INFO  ozone.MiniOzoneClusterImpl (MiniOzoneClusterImpl.java:lambda$waitForClusterToBeReady$0(219)) - Waiting for cluster to exit safe mode
2022-08-02 01:00:12,086 [Listener at 127.0.0.1/34483] INFO  ozone.MiniOzoneClusterImpl (MiniOzoneClusterImpl.java:lambda$waitForClusterToBeReady$0(221)) - SCM became leader
2022-08-02 01:00:12,348 [Command processor thread] INFO  server.RaftServer (RaftServerProxy.java:addNew(96)) - a8b8ab57-05e8-49fa-8c54-6fa9123b6e03: addNew group-0E14DBA0E12D:[a8b8ab57-05e8-49fa-8c54-6fa9123b6e03|rpc:10.1.0.31:45109|priority:1] returns group-0E14DBA0E12D:java.util.concurrent.CompletableFuture@29fb8a5a[Not completed]
2022-08-02 01:00:12,358 [pool-427-thread-1] INFO  server.RaftServer$Division (RaftServerImpl.java:<init>(190)) - a8b8ab57-05e8-49fa-8c54-6fa9123b6e03: new RaftServerImpl for group-0E14DBA0E12D:[a8b8ab57-05e8-49fa-8c54-6fa9123b6e03|rpc:10.1.0.31:45109|priority:1] with ContainerStateMachine:uninitialized
2022-08-02 01:00:12,358 [pool-427-thread-1] INFO  server.RaftServerConfigKeys (ConfUtils.java:logGet(46)) - raft.server.rpc.timeout.min = 5s (custom)
2022-08-02 01:00:12,358 [pool-427-thread-1] INFO  server.RaftServerConfigKeys (ConfUtils.java:logGet(46)) - raft.server.rpc.timeout.max = 5200ms (custom)
2022-08-02 01:00:12,358 [pool-427-thread-1] INFO  server.RaftServerConfigKeys (ConfUtils.java:logGet(46)) - raft.server.rpc.sleep.time = 25ms (default)
2022-08-02 01:00:12,358 [pool-427-thread-1] INFO  server.RaftServerConfigKeys (ConfUtils.java:logGet(46)) - raft.server.rpc.slowness.timeout = 300s (custom)
2022-08-02 01:00:12,358 [pool-427-thread-1] INFO  server.RaftServerConfigKeys (ConfUtils.java:logGet(46)) - raft.server.leaderelection.leader.step-down.wait-time = 10s (default)
2022-08-02 01:00:12,358 [pool-427-thread-1] INFO  server.RaftServerConfigKeys (ConfUtils.java:logGet(46)) - raft.server.sleep.deviation.threshold = 300ms (default)
2022-08-02 01:00:12,358 [pool-427-thread-1] INFO  server.RaftServer$Division (ServerState.java:<init>(107)) - a8b8ab57-05e8-49fa-8c54-6fa9123b6e03@group-0E14DBA0E12D: ConfigurationManager, init=-1: [a8b8ab57-05e8-49fa-8c54-6fa9123b6e03|rpc:10.1.0.31:45109|priority:1], old=null, confs=<EMPTY_MAP>
2022-08-02 01:00:12,359 [pool-427-thread-1] INFO  server.RaftServerConfigKeys (ConfUtils.java:logGet(46)) - raft.server.storage.dir = [/home/runner/work/ozone/ozone/hadoop-ozone/integration-test/target/test-dir/MiniOzoneClusterImpl-ba95f9bc-837e-4f7b-bdb9-4ac74d2039d9/datanode-3/data/ratis] (custom)
2022-08-02 01:00:12,359 [pool-427-thread-1] INFO  server.RaftServerConfigKeys (ConfUtils.java:logGet(46)) - raft.server.log.corruption.policy = EXCEPTION (default)
2022-08-02 01:00:12,359 [pool-427-thread-1] INFO  server.RaftServerConfigKeys (ConfUtils.java:logGet(46)) - raft.server.storage.free-space.min = 0MB (=0) (default)
2022-08-02 01:00:12,359 [pool-427-thread-1] INFO  storage.RaftStorageDirectory (RaftStorageDirectoryImpl.java:analyzeStorage(135)) - The storage directory /home/runner/work/ozone/ozone/hadoop-ozone/integration-test/target/test-dir/MiniOzoneClusterImpl-ba95f9bc-837e-4f7b-bdb9-4ac74d2039d9/datanode-3/data/ratis/c4944c62-500f-430f-8310-0e14dba0e12d does not exist. Creating ...
2022-08-02 01:00:12,369 [pool-427-thread-1] INFO  storage.RaftStorageDirectory (RaftStorageDirectoryImpl.java:tryLock(230)) - Lock on /home/runner/work/ozone/ozone/hadoop-ozone/integration-test/target/test-dir/MiniOzoneClusterImpl-ba95f9bc-837e-4f7b-bdb9-4ac74d2039d9/datanode-3/data/ratis/c4944c62-500f-430f-8310-0e14dba0e12d/in_use.lock acquired by nodename 4034@fv-az164-385
2022-08-02 01:00:12,374 [pool-427-thread-1] INFO  storage.RaftStorage (RaftStorageImpl.java:format(89)) - Storage directory /home/runner/work/ozone/ozone/hadoop-ozone/integration-test/target/test-dir/MiniOzoneClusterImpl-ba95f9bc-837e-4f7b-bdb9-4ac74d2039d9/datanode-3/data/ratis/c4944c62-500f-430f-8310-0e14dba0e12d has been successfully formatted.
2022-08-02 01:00:12,377 [pool-427-thread-1] INFO  ratis.ContainerStateMachine (ContainerStateMachine.java:loadSnapshot(236)) - group-0E14DBA0E12D: The snapshot info is null. Setting the last applied indexto:(t:0, i:~)
2022-08-02 01:00:12,377 [pool-427-thread-1] INFO  server.RaftServerConfigKeys (ConfUtils.java:logGet(46)) - raft.server.notification.no-leader.timeout = 300s (custom)
2022-08-02 01:00:12,378 [pool-427-thread-1] INFO  server.RaftServerConfigKeys (ConfUtils.java:logGet(46)) - raft.server.log.use.memory = false (default)
2022-08-02 01:00:12,379 [EventQueue-PipelineReportForPipelineReportHandler] INFO  pipeline.PipelineManagerImpl (PipelineManagerImpl.java:openPipeline(367)) - Pipeline Pipeline[ Id: c4944c62-500f-430f-8310-0e14dba0e12d, Nodes: a8b8ab57-05e8-49fa-8c54-6fa9123b6e03{ip: 10.1.0.31, host: fv-az164-385.acqy4frhnxdelaro313li45hge.dx.internal.cloudapp.net, ports: [REPLICATION=33837, RATIS=45109, RATIS_ADMIN=45109, RATIS_SERVER=45109, STANDALONE=38637], networkLocation: /default-rack, certSerialId: null, persistedOpState: IN_SERVICE, persistedOpStateExpiryEpochSec: 0}, ReplicationConfig: RATIS/ONE, State:ALLOCATED, leaderId:a8b8ab57-05e8-49fa-8c54-6fa9123b6e03, CreationTimestamp2022-08-02T01:00:09.353Z[Etc/UTC]] moved to OPEN state
2022-08-02 01:00:12,379 [EventQueue-OpenPipelineForHealthyPipelineSafeModeRule] INFO  safemode.SCMSafeModeManager (HealthyPipelineSafeModeRule.java:process(137)) - SCM in safe mode. Healthy pipelines reported count is 0, required healthy pipeline reported count is 1
2022-08-02 01:00:12,381 [pool-427-thread-1] INFO  server.RaftServerConfigKeys (ConfUtils.java:logGet(46)) - raft.server.log.purge.gap = 1000000 (custom)
2022-08-02 01:00:12,381 [pool-427-thread-1] INFO  server.RaftServerConfigKeys (ConfUtils.java:logGet(46)) - raft.server.log.appender.buffer.byte-limit = 33554432 (custom)
2022-08-02 01:00:12,381 [pool-427-thread-1] INFO  server.RaftServerConfigKeys (ConfUtils.java:logGet(46)) - raft.server.log.statemachine.data.read.timeout = 1000ms (default)
2022-08-02 01:00:12,381 [pool-427-thread-1] INFO  server.RaftServerConfigKeys (ConfUtils.java:logGet(46)) - raft.server.log.segment.size.max = 1048576 (custom)
2022-08-02 01:00:12,382 [pool-427-thread-1] INFO  server.RaftServerConfigKeys (ConfUtils.java:logGet(46)) - raft.server.log.segment.cache.num.max = 2 (custom)
2022-08-02 01:00:12,382 [pool-427-thread-1] INFO  server.RaftServerConfigKeys (ConfUtils.java:logGet(46)) - raft.server.log.segment.cache.size.max = 200MB (=209715200) (default)
2022-08-02 01:00:12,382 [pool-427-thread-1] INFO  segmented.SegmentedRaftLogWorker (SegmentedRaftLogWorker.java:<init>(187)) - new a8b8ab57-05e8-49fa-8c54-6fa9123b6e03@group-0E14DBA0E12D-SegmentedRaftLogWorker for RaftStorageImpl:Storage Directory /home/runner/work/ozone/ozone/hadoop-ozone/integration-test/target/test-dir/MiniOzoneClusterImpl-ba95f9bc-837e-4f7b-bdb9-4ac74d2039d9/datanode-3/data/ratis/c4944c62-500f-430f-8310-0e14dba0e12d
2022-08-02 01:00:12,382 [pool-427-thread-1] INFO  server.RaftServerConfigKeys (ConfUtils.java:logGet(46)) - raft.server.log.queue.byte-limit = 4294967296 (custom)
2022-08-02 01:00:12,382 [pool-427-thread-1] INFO  server.RaftServerConfigKeys (ConfUtils.java:logGet(46)) - raft.server.log.queue.element-limit = 1024 (custom)
2022-08-02 01:00:12,382 [pool-427-thread-1] INFO  server.RaftServerConfigKeys (ConfUtils.java:logGet(46)) - raft.server.log.segment.size.max = 1048576 (custom)
2022-08-02 01:00:12,382 [pool-427-thread-1] INFO  server.RaftServerConfigKeys (ConfUtils.java:logGet(46)) - raft.server.log.preallocated.size = 16384 (custom)
2022-08-02 01:00:12,382 [pool-427-thread-1] INFO  server.RaftServerConfigKeys (ConfUtils.java:logGet(46)) - raft.server.log.force.sync.num = 128 (default)
2022-08-02 01:00:12,382 [pool-427-thread-1] INFO  server.RaftServerConfigKeys (ConfUtils.java:logGet(46)) - raft.server.log.statemachine.data.sync = true (default)
2022-08-02 01:00:12,382 [pool-427-thread-1] INFO  server.RaftServerConfigKeys (ConfUtils.java:logGet(46)) - raft.server.log.statemachine.data.sync.timeout = 10s (default)
2022-08-02 01:00:12,382 [pool-427-thread-1] INFO  server.RaftServerConfigKeys (ConfUtils.java:logGet(46)) - raft.server.log.statemachine.data.sync.timeout.retry = -1 (default)
2022-08-02 01:00:12,383 [pool-427-thread-1] INFO  server.RaftServerConfigKeys (ConfUtils.java:logGet(46)) - raft.server.log.write.buffer.size = 1048576 (custom)
2022-08-02 01:00:12,383 [pool-427-thread-1] INFO  server.RaftServerConfigKeys (ConfUtils.java:logGet(46)) - raft.server.log.unsafe-flush.enabled = false (default)
2022-08-02 01:00:12,383 [pool-427-thread-1] INFO  server.RaftServerConfigKeys (ConfUtils.java:logGet(46)) - raft.server.log.statemachine.data.caching.enabled = true (custom)
2022-08-02 01:00:12,384 [pool-427-thread-1] INFO  segmented.SegmentedRaftLogWorker (SegmentedRaftLogWorker.java:lambda$new$0(135)) - a8b8ab57-05e8-49fa-8c54-6fa9123b6e03@group-0E14DBA0E12D-SegmentedRaftLogWorker: flushIndex: setUnconditionally 0 -> -1
2022-08-02 01:00:12,384 [pool-427-thread-1] INFO  segmented.SegmentedRaftLogWorker (SegmentedRaftLogWorker.java:lambda$new$0(135)) - a8b8ab57-05e8-49fa-8c54-6fa9123b6e03@group-0E14DBA0E12D-SegmentedRaftLogWorker: safeCacheEvictIndex: setUnconditionally 0 -> -1
2022-08-02 01:00:12,384 [pool-427-thread-1] INFO  server.RaftServerConfigKeys (ConfUtils.java:logGet(46)) - raft.server.snapshot.auto.trigger.enabled = true (custom)
2022-08-02 01:00:12,384 [pool-427-thread-1] INFO  server.RaftServerConfigKeys (ConfUtils.java:logGet(46)) - raft.server.snapshot.auto.trigger.threshold = 10000 (custom)
2022-08-02 01:00:12,384 [pool-427-thread-1] INFO  server.RaftServerConfigKeys (ConfUtils.java:logGet(46)) - raft.server.snapshot.retention.file.num = 5 (custom)
2022-08-02 01:00:12,384 [pool-427-thread-1] INFO  server.RaftServerConfigKeys (ConfUtils.java:logGet(46)) - raft.server.log.purge.upto.snapshot.index = false (default)
2022-08-02 01:00:12,384 [pool-427-thread-1] INFO  server.RaftServerConfigKeys (ConfUtils.java:logGet(46)) - raft.server.retrycache.expirytime = 600000ms (custom)
2022-08-02 01:00:12,384 [pool-427-thread-1] INFO  server.RaftServerConfigKeys (ConfUtils.java:logGet(46)) - raft.server.retrycache.statistics.expirytime = 100μs (default)
2022-08-02 01:00:12,389 [pool-427-thread-1] INFO  server.RaftServerConfigKeys (ConfUtils.java:logGet(46)) - raft.server.log.appender.install.snapshot.enabled = false (custom)
2022-08-02 01:00:12,389 [pool-427-thread-1] INFO  server.RaftServerConfigKeys (ConfUtils.java:logGet(46)) - raft.server.threadpool.server.cached = true (default)
2022-08-02 01:00:12,389 [pool-427-thread-1] INFO  server.RaftServerConfigKeys (ConfUtils.java:logGet(46)) - raft.server.threadpool.server.size = 0 (default)
2022-08-02 01:00:12,389 [pool-427-thread-1] INFO  server.RaftServerConfigKeys (ConfUtils.java:logGet(46)) - raft.server.threadpool.client.cached = true (default)
2022-08-02 01:00:12,389 [pool-427-thread-1] INFO  server.RaftServerConfigKeys (ConfUtils.java:logGet(46)) - raft.server.threadpool.client.size = 0 (default)
2022-08-02 01:00:12,389 [pool-427-thread-1] INFO  server.RaftServer$Division (RaftServerImpl.java:start(310)) - a8b8ab57-05e8-49fa-8c54-6fa9123b6e03@group-0E14DBA0E12D: start as a follower, conf=-1: [a8b8ab57-05e8-49fa-8c54-6fa9123b6e03|rpc:10.1.0.31:45109|priority:1], old=null
2022-08-02 01:00:12,390 [pool-427-thread-1] INFO  server.RaftServer$Division (RaftServerImpl.java:setRole(299)) - a8b8ab57-05e8-49fa-8c54-6fa9123b6e03@group-0E14DBA0E12D: changes role from      null to FOLLOWER at term 0 for startAsFollower
2022-08-02 01:00:12,390 [pool-427-thread-1] INFO  impl.RoleInfo (RoleInfo.java:updateAndGet(139)) - a8b8ab57-05e8-49fa-8c54-6fa9123b6e03: start a8b8ab57-05e8-49fa-8c54-6fa9123b6e03@group-0E14DBA0E12D-FollowerState
2022-08-02 01:00:12,405 [pool-427-thread-1] INFO  util.JmxRegister (JmxRegister.java:tryRegister(44)) - Successfully registered JMX Bean with object name Ratis:service=RaftServer,group=group-0E14DBA0E12D,id=a8b8ab57-05e8-49fa-8c54-6fa9123b6e03
2022-08-02 01:00:12,417 [Command processor thread] INFO  ratis.XceiverServerRatis (XceiverServerRatis.java:addGroup(765)) - Created group PipelineID=c4944c62-500f-430f-8310-0e14dba0e12d
2022-08-02 01:00:12,417 [Command processor thread] INFO  commandhandler.CreatePipelineCommandHandler (CreatePipelineCommandHandler.java:handle(113)) - Created Pipeline RATIS ONE PipelineID=c4944c62-500f-430f-8310-0e14dba0e12d.
2022-08-02 01:00:12,697 [ReplicationMonitor] INFO  replication.ReplicationManager (ReplicationManager.java:processAll(249)) - Replication Manager is not ready to run until 3000ms after safemode exit
2022-08-02 01:00:13,087 [Listener at 127.0.0.1/34483] INFO  ozone.MiniOzoneClusterImpl (MiniOzoneClusterImpl.java:lambda$waitForClusterToBeReady$0(216)) - Nodes are ready. Got 5 of 5 DN Heartbeats.
2022-08-02 01:00:13,087 [Listener at 127.0.0.1/34483] INFO  ozone.MiniOzoneClusterImpl (MiniOzoneClusterImpl.java:lambda$waitForClusterToBeReady$0(219)) - Waiting for cluster to exit safe mode
2022-08-02 01:00:13,087 [Listener at 127.0.0.1/34483] INFO  ozone.MiniOzoneClusterImpl (MiniOzoneClusterImpl.java:lambda$waitForClusterToBeReady$0(221)) - SCM became leader
2022-08-02 01:00:13,109 [Command processor thread] INFO  server.RaftServer (RaftServerProxy.java:addNew(96)) - e545734f-4e78-4d5a-8216-d5964662cc7c: addNew group-8FA41D8F1086:[e545734f-4e78-4d5a-8216-d5964662cc7c|rpc:10.1.0.31:32919|priority:1] returns group-8FA41D8F1086:java.util.concurrent.CompletableFuture@15b40479[Not completed]
2022-08-02 01:00:13,118 [pool-454-thread-1] INFO  server.RaftServer$Division (RaftServerImpl.java:<init>(190)) - e545734f-4e78-4d5a-8216-d5964662cc7c: new RaftServerImpl for group-8FA41D8F1086:[e545734f-4e78-4d5a-8216-d5964662cc7c|rpc:10.1.0.31:32919|priority:1] with ContainerStateMachine:uninitialized
2022-08-02 01:00:13,118 [pool-454-thread-1] INFO  server.RaftServerConfigKeys (ConfUtils.java:logGet(46)) - raft.server.rpc.timeout.min = 5s (custom)
2022-08-02 01:00:13,122 [pool-454-thread-1] INFO  server.RaftServerConfigKeys (ConfUtils.java:logGet(46)) - raft.server.rpc.timeout.max = 5200ms (custom)
2022-08-02 01:00:13,122 [pool-454-thread-1] INFO  server.RaftServerConfigKeys (ConfUtils.java:logGet(46)) - raft.server.rpc.sleep.time = 25ms (default)
2022-08-02 01:00:13,122 [pool-454-thread-1] INFO  server.RaftServerConfigKeys (ConfUtils.java:logGet(46)) - raft.server.rpc.slowness.timeout = 300s (custom)
2022-08-02 01:00:13,122 [pool-454-thread-1] INFO  server.RaftServerConfigKeys (ConfUtils.java:logGet(46)) - raft.server.leaderelection.leader.step-down.wait-time = 10s (default)
2022-08-02 01:00:13,122 [pool-454-thread-1] INFO  server.RaftServerConfigKeys (ConfUtils.java:logGet(46)) - raft.server.sleep.deviation.threshold = 300ms (default)
2022-08-02 01:00:13,122 [pool-454-thread-1] INFO  server.RaftServer$Division (ServerState.java:<init>(107)) - e545734f-4e78-4d5a-8216-d5964662cc7c@group-8FA41D8F1086: ConfigurationManager, init=-1: [e545734f-4e78-4d5a-8216-d5964662cc7c|rpc:10.1.0.31:32919|priority:1], old=null, confs=<EMPTY_MAP>
2022-08-02 01:00:13,122 [pool-454-thread-1] INFO  server.RaftServerConfigKeys (ConfUtils.java:logGet(46)) - raft.server.storage.dir = [/home/runner/work/ozone/ozone/hadoop-ozone/integration-test/target/test-dir/MiniOzoneClusterImpl-ba95f9bc-837e-4f7b-bdb9-4ac74d2039d9/datanode-4/data/ratis] (custom)
2022-08-02 01:00:13,122 [pool-454-thread-1] INFO  server.RaftServerConfigKeys (ConfUtils.java:logGet(46)) - raft.server.log.corruption.policy = EXCEPTION (default)
2022-08-02 01:00:13,125 [pool-454-thread-1] INFO  server.RaftServerConfigKeys (ConfUtils.java:logGet(46)) - raft.server.storage.free-space.min = 0MB (=0) (default)
2022-08-02 01:00:13,125 [pool-454-thread-1] INFO  storage.RaftStorageDirectory (RaftStorageDirectoryImpl.java:analyzeStorage(135)) - The storage directory /home/runner/work/ozone/ozone/hadoop-ozone/integration-test/target/test-dir/MiniOzoneClusterImpl-ba95f9bc-837e-4f7b-bdb9-4ac74d2039d9/datanode-4/data/ratis/3464af23-4125-470a-b482-8fa41d8f1086 does not exist. Creating ...
2022-08-02 01:00:13,126 [pool-454-thread-1] INFO  storage.RaftStorageDirectory (RaftStorageDirectoryImpl.java:tryLock(230)) - Lock on /home/runner/work/ozone/ozone/hadoop-ozone/integration-test/target/test-dir/MiniOzoneClusterImpl-ba95f9bc-837e-4f7b-bdb9-4ac74d2039d9/datanode-4/data/ratis/3464af23-4125-470a-b482-8fa41d8f1086/in_use.lock acquired by nodename 4034@fv-az164-385
2022-08-02 01:00:13,160 [pool-454-thread-1] INFO  storage.RaftStorage (RaftStorageImpl.java:format(89)) - Storage directory /home/runner/work/ozone/ozone/hadoop-ozone/integration-test/target/test-dir/MiniOzoneClusterImpl-ba95f9bc-837e-4f7b-bdb9-4ac74d2039d9/datanode-4/data/ratis/3464af23-4125-470a-b482-8fa41d8f1086 has been successfully formatted.
2022-08-02 01:00:13,165 [pool-454-thread-1] INFO  ratis.ContainerStateMachine (ContainerStateMachine.java:loadSnapshot(236)) - group-8FA41D8F1086: The snapshot info is null. Setting the last applied indexto:(t:0, i:~)
2022-08-02 01:00:13,166 [pool-454-thread-1] INFO  server.RaftServerConfigKeys (ConfUtils.java:logGet(46)) - raft.server.notification.no-leader.timeout = 300s (custom)
2022-08-02 01:00:13,166 [pool-454-thread-1] INFO  server.RaftServerConfigKeys (ConfUtils.java:logGet(46)) - raft.server.log.use.memory = false (default)
2022-08-02 01:00:13,166 [pool-454-thread-1] INFO  server.RaftServerConfigKeys (ConfUtils.java:logGet(46)) - raft.server.log.purge.gap = 1000000 (custom)
2022-08-02 01:00:13,166 [pool-454-thread-1] INFO  server.RaftServerConfigKeys (ConfUtils.java:logGet(46)) - raft.server.log.appender.buffer.byte-limit = 33554432 (custom)
2022-08-02 01:00:13,166 [pool-454-thread-1] INFO  server.RaftServerConfigKeys (ConfUtils.java:logGet(46)) - raft.server.log.statemachine.data.read.timeout = 1000ms (default)
2022-08-02 01:00:13,166 [pool-454-thread-1] INFO  server.RaftServerConfigKeys (ConfUtils.java:logGet(46)) - raft.server.log.segment.size.max = 1048576 (custom)
2022-08-02 01:00:13,166 [pool-454-thread-1] INFO  server.RaftServerConfigKeys (ConfUtils.java:logGet(46)) - raft.server.log.segment.cache.num.max = 2 (custom)
2022-08-02 01:00:13,166 [pool-454-thread-1] INFO  server.RaftServerConfigKeys (ConfUtils.java:logGet(46)) - raft.server.log.segment.cache.size.max = 200MB (=209715200) (default)
2022-08-02 01:00:13,166 [pool-454-thread-1] INFO  segmented.SegmentedRaftLogWorker (SegmentedRaftLogWorker.java:<init>(187)) - new e545734f-4e78-4d5a-8216-d5964662cc7c@group-8FA41D8F1086-SegmentedRaftLogWorker for RaftStorageImpl:Storage Directory /home/runner/work/ozone/ozone/hadoop-ozone/integration-test/target/test-dir/MiniOzoneClusterImpl-ba95f9bc-837e-4f7b-bdb9-4ac74d2039d9/datanode-4/data/ratis/3464af23-4125-470a-b482-8fa41d8f1086
2022-08-02 01:00:13,166 [pool-454-thread-1] INFO  server.RaftServerConfigKeys (ConfUtils.java:logGet(46)) - raft.server.log.queue.byte-limit = 4294967296 (custom)
2022-08-02 01:00:13,167 [pool-454-thread-1] INFO  server.RaftServerConfigKeys (ConfUtils.java:logGet(46)) - raft.server.log.queue.element-limit = 1024 (custom)
2022-08-02 01:00:13,167 [pool-454-thread-1] INFO  server.RaftServerConfigKeys (ConfUtils.java:logGet(46)) - raft.server.log.segment.size.max = 1048576 (custom)
2022-08-02 01:00:13,167 [pool-454-thread-1] INFO  server.RaftServerConfigKeys (ConfUtils.java:logGet(46)) - raft.server.log.preallocated.size = 16384 (custom)
2022-08-02 01:00:13,167 [pool-454-thread-1] INFO  server.RaftServerConfigKeys (ConfUtils.java:logGet(46)) - raft.server.log.force.sync.num = 128 (default)
2022-08-02 01:00:13,167 [pool-454-thread-1] INFO  server.RaftServerConfigKeys (ConfUtils.java:logGet(46)) - raft.server.log.statemachine.data.sync = true (default)
2022-08-02 01:00:13,167 [pool-454-thread-1] INFO  server.RaftServerConfigKeys (ConfUtils.java:logGet(46)) - raft.server.log.statemachine.data.sync.timeout = 10s (default)
2022-08-02 01:00:13,167 [pool-454-thread-1] INFO  server.RaftServerConfigKeys (ConfUtils.java:logGet(46)) - raft.server.log.statemachine.data.sync.timeout.retry = -1 (default)
2022-08-02 01:00:13,168 [pool-454-thread-1] INFO  server.RaftServerConfigKeys (ConfUtils.java:logGet(46)) - raft.server.log.write.buffer.size = 1048576 (custom)
2022-08-02 01:00:13,168 [pool-454-thread-1] INFO  server.RaftServerConfigKeys (ConfUtils.java:logGet(46)) - raft.server.log.unsafe-flush.enabled = false (default)
2022-08-02 01:00:13,168 [pool-454-thread-1] INFO  server.RaftServerConfigKeys (ConfUtils.java:logGet(46)) - raft.server.log.statemachine.data.caching.enabled = true (custom)
2022-08-02 01:00:13,168 [pool-454-thread-1] INFO  segmented.SegmentedRaftLogWorker (SegmentedRaftLogWorker.java:lambda$new$0(135)) - e545734f-4e78-4d5a-8216-d5964662cc7c@group-8FA41D8F1086-SegmentedRaftLogWorker: flushIndex: setUnconditionally 0 -> -1
2022-08-02 01:00:13,168 [pool-454-thread-1] INFO  segmented.SegmentedRaftLogWorker (SegmentedRaftLogWorker.java:lambda$new$0(135)) - e545734f-4e78-4d5a-8216-d5964662cc7c@group-8FA41D8F1086-SegmentedRaftLogWorker: safeCacheEvictIndex: setUnconditionally 0 -> -1
2022-08-02 01:00:13,169 [EventQueue-PipelineReportForPipelineReportHandler] INFO  pipeline.PipelineManagerImpl (PipelineManagerImpl.java:openPipeline(367)) - Pipeline Pipeline[ Id: 3464af23-4125-470a-b482-8fa41d8f1086, Nodes: e545734f-4e78-4d5a-8216-d5964662cc7c{ip: 10.1.0.31, host: fv-az164-385.acqy4frhnxdelaro313li45hge.dx.internal.cloudapp.net, ports: [REPLICATION=34555, RATIS=32919, RATIS_ADMIN=32919, RATIS_SERVER=32919, STANDALONE=33997], networkLocation: /default-rack, certSerialId: null, persistedOpState: IN_SERVICE, persistedOpStateExpiryEpochSec: 0}, ReplicationConfig: RATIS/ONE, State:ALLOCATED, leaderId:e545734f-4e78-4d5a-8216-d5964662cc7c, CreationTimestamp2022-08-02T01:00:10.112Z[Etc/UTC]] moved to OPEN state
2022-08-02 01:00:13,170 [EventQueue-OpenPipelineForHealthyPipelineSafeModeRule] INFO  safemode.SCMSafeModeManager (HealthyPipelineSafeModeRule.java:process(137)) - SCM in safe mode. Healthy pipelines reported count is 0, required healthy pipeline reported count is 1
2022-08-02 01:00:13,185 [pool-454-thread-1] INFO  server.RaftServerConfigKeys (ConfUtils.java:logGet(46)) - raft.server.snapshot.auto.trigger.enabled = true (custom)
2022-08-02 01:00:13,185 [pool-454-thread-1] INFO  server.RaftServerConfigKeys (ConfUtils.java:logGet(46)) - raft.server.snapshot.auto.trigger.threshold = 10000 (custom)
2022-08-02 01:00:13,185 [pool-454-thread-1] INFO  server.RaftServerConfigKeys (ConfUtils.java:logGet(46)) - raft.server.snapshot.retention.file.num = 5 (custom)
2022-08-02 01:00:13,185 [pool-454-thread-1] INFO  server.RaftServerConfigKeys (ConfUtils.java:logGet(46)) - raft.server.log.purge.upto.snapshot.index = false (default)
2022-08-02 01:00:13,185 [pool-454-thread-1] INFO  server.RaftServerConfigKeys (ConfUtils.java:logGet(46)) - raft.server.retrycache.expirytime = 600000ms (custom)
2022-08-02 01:00:13,185 [pool-454-thread-1] INFO  server.RaftServerConfigKeys (ConfUtils.java:logGet(46)) - raft.server.retrycache.statistics.expirytime = 100μs (default)
2022-08-02 01:00:13,186 [pool-454-thread-1] INFO  server.RaftServerConfigKeys (ConfUtils.java:logGet(46)) - raft.server.log.appender.install.snapshot.enabled = false (custom)
2022-08-02 01:00:13,186 [pool-454-thread-1] INFO  server.RaftServerConfigKeys (ConfUtils.java:logGet(46)) - raft.server.threadpool.server.cached = true (default)
2022-08-02 01:00:13,186 [pool-454-thread-1] INFO  server.RaftServerConfigKeys (ConfUtils.java:logGet(46)) - raft.server.threadpool.server.size = 0 (default)
2022-08-02 01:00:13,186 [pool-454-thread-1] INFO  server.RaftServerConfigKeys (ConfUtils.java:logGet(46)) - raft.server.threadpool.client.cached = true (default)
2022-08-02 01:00:13,186 [pool-454-thread-1] INFO  server.RaftServerConfigKeys (ConfUtils.java:logGet(46)) - raft.server.threadpool.client.size = 0 (default)
2022-08-02 01:00:13,186 [pool-454-thread-1] INFO  server.RaftServer$Division (RaftServerImpl.java:start(310)) - e545734f-4e78-4d5a-8216-d5964662cc7c@group-8FA41D8F1086: start as a follower, conf=-1: [e545734f-4e78-4d5a-8216-d5964662cc7c|rpc:10.1.0.31:32919|priority:1], old=null
2022-08-02 01:00:13,186 [pool-454-thread-1] INFO  server.RaftServer$Division (RaftServerImpl.java:setRole(299)) - e545734f-4e78-4d5a-8216-d5964662cc7c@group-8FA41D8F1086: changes role from      null to FOLLOWER at term 0 for startAsFollower
2022-08-02 01:00:13,186 [pool-454-thread-1] INFO  impl.RoleInfo (RoleInfo.java:updateAndGet(139)) - e545734f-4e78-4d5a-8216-d5964662cc7c: start e545734f-4e78-4d5a-8216-d5964662cc7c@group-8FA41D8F1086-FollowerState
2022-08-02 01:00:13,189 [pool-454-thread-1] INFO  util.JmxRegister (JmxRegister.java:tryRegister(44)) - Successfully registered JMX Bean with object name Ratis:service=RaftServer,group=group-8FA41D8F1086,id=e545734f-4e78-4d5a-8216-d5964662cc7c
2022-08-02 01:00:13,197 [Command processor thread] INFO  ratis.XceiverServerRatis (XceiverServerRatis.java:addGroup(765)) - Created group PipelineID=3464af23-4125-470a-b482-8fa41d8f1086
2022-08-02 01:00:13,197 [Command processor thread] INFO  commandhandler.CreatePipelineCommandHandler (CreatePipelineCommandHandler.java:handle(113)) - Created Pipeline RATIS ONE PipelineID=3464af23-4125-470a-b482-8fa41d8f1086.
2022-08-02 01:00:13,697 [ReplicationMonitor] INFO  replication.ReplicationManager (ReplicationManager.java:processAll(249)) - Replication Manager is not ready to run until 3000ms after safemode exit
2022-08-02 01:00:14,087 [Listener at 127.0.0.1/34483] INFO  ozone.MiniOzoneClusterImpl (MiniOzoneClusterImpl.java:lambda$waitForClusterToBeReady$0(216)) - Nodes are ready. Got 5 of 5 DN Heartbeats.
2022-08-02 01:00:14,087 [Listener at 127.0.0.1/34483] INFO  ozone.MiniOzoneClusterImpl (MiniOzoneClusterImpl.java:lambda$waitForClusterToBeReady$0(219)) - Waiting for cluster to exit safe mode
2022-08-02 01:00:14,087 [Listener at 127.0.0.1/34483] INFO  ozone.MiniOzoneClusterImpl (MiniOzoneClusterImpl.java:lambda$waitForClusterToBeReady$0(221)) - SCM became leader
2022-08-02 01:00:14,698 [ReplicationMonitor] INFO  replication.ReplicationManager (ReplicationManager.java:processAll(249)) - Replication Manager is not ready to run until 3000ms after safemode exit
2022-08-02 01:00:15,087 [Listener at 127.0.0.1/34483] INFO  ozone.MiniOzoneClusterImpl (MiniOzoneClusterImpl.java:lambda$waitForClusterToBeReady$0(216)) - Nodes are ready. Got 5 of 5 DN Heartbeats.
2022-08-02 01:00:15,088 [Listener at 127.0.0.1/34483] INFO  ozone.MiniOzoneClusterImpl (MiniOzoneClusterImpl.java:lambda$waitForClusterToBeReady$0(219)) - Waiting for cluster to exit safe mode
2022-08-02 01:00:15,088 [Listener at 127.0.0.1/34483] INFO  ozone.MiniOzoneClusterImpl (MiniOzoneClusterImpl.java:lambda$waitForClusterToBeReady$0(221)) - SCM became leader
2022-08-02 01:00:15,140 [b0a39cc0-afce-41ab-9888-c09687d0cbc6@group-2CF20CC8A234-FollowerState] INFO  impl.FollowerState (FollowerState.java:run(143)) - b0a39cc0-afce-41ab-9888-c09687d0cbc6@group-2CF20CC8A234-FollowerState: change to CANDIDATE, lastRpcElapsedTime:5040638246ns, electionTimeout:5034ms
2022-08-02 01:00:15,140 [b0a39cc0-afce-41ab-9888-c09687d0cbc6@group-2CF20CC8A234-FollowerState] INFO  impl.RoleInfo (RoleInfo.java:shutdownFollowerState(110)) - b0a39cc0-afce-41ab-9888-c09687d0cbc6: shutdown b0a39cc0-afce-41ab-9888-c09687d0cbc6@group-2CF20CC8A234-FollowerState
2022-08-02 01:00:15,140 [b0a39cc0-afce-41ab-9888-c09687d0cbc6@group-2CF20CC8A234-FollowerState] INFO  server.RaftServer$Division (RaftServerImpl.java:setRole(299)) - b0a39cc0-afce-41ab-9888-c09687d0cbc6@group-2CF20CC8A234: changes role from  FOLLOWER to CANDIDATE at term 0 for changeToCandidate
2022-08-02 01:00:15,140 [b0a39cc0-afce-41ab-9888-c09687d0cbc6@group-2CF20CC8A234-FollowerState] INFO  server.RaftServerConfigKeys (ConfUtils.java:logGet(46)) - raft.server.leaderelection.pre-vote = false (custom)
2022-08-02 01:00:15,140 [b0a39cc0-afce-41ab-9888-c09687d0cbc6@group-2CF20CC8A234-FollowerState] INFO  impl.RoleInfo (RoleInfo.java:updateAndGet(139)) - b0a39cc0-afce-41ab-9888-c09687d0cbc6: start b0a39cc0-afce-41ab-9888-c09687d0cbc6@group-2CF20CC8A234-LeaderElection10
2022-08-02 01:00:15,169 [b0a39cc0-afce-41ab-9888-c09687d0cbc6@group-F4129AB626C5-FollowerState] INFO  impl.FollowerState (FollowerState.java:run(143)) - b0a39cc0-afce-41ab-9888-c09687d0cbc6@group-F4129AB626C5-FollowerState: change to CANDIDATE, lastRpcElapsedTime:5133411674ns, electionTimeout:5121ms
2022-08-02 01:00:15,169 [b0a39cc0-afce-41ab-9888-c09687d0cbc6@group-F4129AB626C5-FollowerState] INFO  impl.RoleInfo (RoleInfo.java:shutdownFollowerState(110)) - b0a39cc0-afce-41ab-9888-c09687d0cbc6: shutdown b0a39cc0-afce-41ab-9888-c09687d0cbc6@group-F4129AB626C5-FollowerState
2022-08-02 01:00:15,170 [b0a39cc0-afce-41ab-9888-c09687d0cbc6@group-F4129AB626C5-FollowerState] INFO  server.RaftServer$Division (RaftServerImpl.java:setRole(299)) - b0a39cc0-afce-41ab-9888-c09687d0cbc6@group-F4129AB626C5: changes role from  FOLLOWER to CANDIDATE at term 0 for changeToCandidate
2022-08-02 01:00:15,170 [b0a39cc0-afce-41ab-9888-c09687d0cbc6@group-F4129AB626C5-FollowerState] INFO  server.RaftServerConfigKeys (ConfUtils.java:logGet(46)) - raft.server.leaderelection.pre-vote = false (custom)
2022-08-02 01:00:15,170 [b0a39cc0-afce-41ab-9888-c09687d0cbc6@group-F4129AB626C5-FollowerState] INFO  impl.RoleInfo (RoleInfo.java:updateAndGet(139)) - b0a39cc0-afce-41ab-9888-c09687d0cbc6: start b0a39cc0-afce-41ab-9888-c09687d0cbc6@group-F4129AB626C5-LeaderElection11
2022-08-02 01:00:15,188 [b0a39cc0-afce-41ab-9888-c09687d0cbc6@group-2CF20CC8A234-LeaderElection10] INFO  impl.LeaderElection (LeaderElection.java:askForVotes(310)) - b0a39cc0-afce-41ab-9888-c09687d0cbc6@group-2CF20CC8A234-LeaderElection10 ELECTION round 0: submit vote requests at term 1 for -1: [b0a39cc0-afce-41ab-9888-c09687d0cbc6|rpc:10.1.0.31:38013|priority:0, 3631a71b-d0c3-46f1-a57c-f0f9ec80367f|rpc:10.1.0.31:44319|priority:1, 0cd63bf1-b762-46d4-93c1-680a80f1790f|rpc:10.1.0.31:33021|priority:0], old=null
2022-08-02 01:00:15,197 [b0a39cc0-afce-41ab-9888-c09687d0cbc6@group-F4129AB626C5-LeaderElection11] INFO  impl.LeaderElection (LeaderElection.java:askForVotes(310)) - b0a39cc0-afce-41ab-9888-c09687d0cbc6@group-F4129AB626C5-LeaderElection11 ELECTION round 0: submit vote requests at term 1 for -1: [b0a39cc0-afce-41ab-9888-c09687d0cbc6|rpc:10.1.0.31:38013|priority:1], old=null
2022-08-02 01:00:15,197 [b0a39cc0-afce-41ab-9888-c09687d0cbc6@group-F4129AB626C5-LeaderElection11] INFO  impl.LeaderElection (LeaderElection.java:askForVotes(312)) - b0a39cc0-afce-41ab-9888-c09687d0cbc6@group-F4129AB626C5-LeaderElection11 ELECTION round 0: result PASSED (term=1)
2022-08-02 01:00:15,197 [b0a39cc0-afce-41ab-9888-c09687d0cbc6@group-F4129AB626C5-LeaderElection11] INFO  impl.RoleInfo (RoleInfo.java:shutdownLeaderElection(130)) - b0a39cc0-afce-41ab-9888-c09687d0cbc6: shutdown b0a39cc0-afce-41ab-9888-c09687d0cbc6@group-F4129AB626C5-LeaderElection11
2022-08-02 01:00:15,197 [b0a39cc0-afce-41ab-9888-c09687d0cbc6@group-F4129AB626C5-LeaderElection11] INFO  server.RaftServer$Division (RaftServerImpl.java:setRole(299)) - b0a39cc0-afce-41ab-9888-c09687d0cbc6@group-F4129AB626C5: changes role from CANDIDATE to LEADER at term 1 for changeToLeader
2022-08-02 01:00:15,197 [b0a39cc0-afce-41ab-9888-c09687d0cbc6@group-F4129AB626C5-LeaderElection11] INFO  ratis.XceiverServerRatis (XceiverServerRatis.java:handleLeaderChangedNotification(863)) - Leader change notification received for group: group-F4129AB626C5 with new leaderId: b0a39cc0-afce-41ab-9888-c09687d0cbc6
2022-08-02 01:00:15,197 [b0a39cc0-afce-41ab-9888-c09687d0cbc6@group-F4129AB626C5-LeaderElection11] INFO  server.RaftServer$Division (ServerState.java:setLeader(287)) - b0a39cc0-afce-41ab-9888-c09687d0cbc6@group-F4129AB626C5: change Leader from null to b0a39cc0-afce-41ab-9888-c09687d0cbc6 at term 1 for becomeLeader, leader elected after 5172ms
2022-08-02 01:00:15,197 [b0a39cc0-afce-41ab-9888-c09687d0cbc6@group-F4129AB626C5-LeaderElection11] INFO  server.RaftServerConfigKeys (ConfUtils.java:logGet(46)) - raft.server.staging.catchup.gap = 1000 (default)
2022-08-02 01:00:15,197 [b0a39cc0-afce-41ab-9888-c09687d0cbc6@group-F4129AB626C5-LeaderElection11] INFO  server.RaftServerConfigKeys (ConfUtils.java:logGet(46)) - raft.server.write.element-limit = 1024 (custom)
2022-08-02 01:00:15,197 [b0a39cc0-afce-41ab-9888-c09687d0cbc6@group-F4129AB626C5-LeaderElection11] INFO  server.RaftServerConfigKeys (ConfUtils.java:logGet(46)) - raft.server.write.byte-limit = 1024 M (=1073741824) (custom)
2022-08-02 01:00:15,198 [b0a39cc0-afce-41ab-9888-c09687d0cbc6@group-F4129AB626C5-LeaderElection11] INFO  server.RaftServerConfigKeys (ConfUtils.java:logGet(46)) - raft.server.watch.timeout = 180s (custom)
2022-08-02 01:00:15,198 [b0a39cc0-afce-41ab-9888-c09687d0cbc6@group-F4129AB626C5-LeaderElection11] INFO  server.RaftServerConfigKeys (ConfUtils.java:logGet(46)) - raft.server.watch.timeout.denomination = 1s (default)
2022-08-02 01:00:15,198 [b0a39cc0-afce-41ab-9888-c09687d0cbc6@group-F4129AB626C5-LeaderElection11] INFO  server.RaftServerConfigKeys (ConfUtils.java:logGet(46)) - raft.server.watch.element-limit = 65536 (default)
2022-08-02 01:00:15,198 [b0a39cc0-afce-41ab-9888-c09687d0cbc6@group-F4129AB626C5-LeaderElection11] INFO  server.RaftServerConfigKeys (ConfUtils.java:logGet(46)) - raft.server.write.element-limit = 1024 (custom)
2022-08-02 01:00:15,202 [b0a39cc0-afce-41ab-9888-c09687d0cbc6@group-F4129AB626C5-LeaderElection11] INFO  server.RaftServerConfigKeys (ConfUtils.java:logGet(46)) - raft.server.write.follower.gap.ratio.max = -1.0 (default)
2022-08-02 01:00:15,202 [b0a39cc0-afce-41ab-9888-c09687d0cbc6@group-F4129AB626C5-LeaderElection11] INFO  impl.RoleInfo (RoleInfo.java:updateAndGet(139)) - b0a39cc0-afce-41ab-9888-c09687d0cbc6: start b0a39cc0-afce-41ab-9888-c09687d0cbc6@group-F4129AB626C5-LeaderStateImpl
2022-08-02 01:00:15,202 [b0a39cc0-afce-41ab-9888-c09687d0cbc6@group-F4129AB626C5-LeaderElection11] INFO  segmented.SegmentedRaftLogWorker (SegmentedRaftLogWorker.java:startLogSegment(425)) - b0a39cc0-afce-41ab-9888-c09687d0cbc6@group-F4129AB626C5-SegmentedRaftLogWorker: Starting segment from index:0
2022-08-02 01:00:15,229 [EventQueue-OpenPipelineForHealthyPipelineSafeModeRule] INFO  safemode.SCMSafeModeManager (HealthyPipelineSafeModeRule.java:process(137)) - SCM in safe mode. Healthy pipelines reported count is 0, required healthy pipeline reported count is 1
2022-08-02 01:00:15,234 [b0a39cc0-afce-41ab-9888-c09687d0cbc6@group-F4129AB626C5-SegmentedRaftLogWorker] INFO  segmented.SegmentedRaftLogWorker (SegmentedRaftLogWorker.java:execute(629)) - b0a39cc0-afce-41ab-9888-c09687d0cbc6@group-F4129AB626C5-SegmentedRaftLogWorker: created new log segment /home/runner/work/ozone/ozone/hadoop-ozone/integration-test/target/test-dir/MiniOzoneClusterImpl-ba95f9bc-837e-4f7b-bdb9-4ac74d2039d9/datanode-0/data/ratis/a941a6af-dd3f-4ce1-972b-f4129ab626c5/current/log_inprogress_0
2022-08-02 01:00:15,235 [b0a39cc0-afce-41ab-9888-c09687d0cbc6@group-F4129AB626C5-LeaderElection11] INFO  server.RaftServer$Division (ServerState.java:setRaftConf(393)) - b0a39cc0-afce-41ab-9888-c09687d0cbc6@group-F4129AB626C5: set configuration 0: [b0a39cc0-afce-41ab-9888-c09687d0cbc6|rpc:10.1.0.31:38013|dataStream:|priority:1], old=null
2022-08-02 01:00:15,239 [grpc-default-executor-1] INFO  server.RaftServer$Division (RaftServerImpl.java:requestVote(1152)) - 3631a71b-d0c3-46f1-a57c-f0f9ec80367f@group-2CF20CC8A234: receive requestVote(ELECTION, b0a39cc0-afce-41ab-9888-c09687d0cbc6, group-2CF20CC8A234, 1, (t:0, i:0))
2022-08-02 01:00:15,239 [grpc-default-executor-1] INFO  impl.VoteContext (VoteContext.java:log(48)) - 3631a71b-d0c3-46f1-a57c-f0f9ec80367f@group-2CF20CC8A234-FOLLOWER: reject ELECTION from b0a39cc0-afce-41ab-9888-c09687d0cbc6: our priority 1 > candidate's priority 0
2022-08-02 01:00:15,239 [grpc-default-executor-1] INFO  server.RaftServer$Division (RaftServerImpl.java:setRole(299)) - 3631a71b-d0c3-46f1-a57c-f0f9ec80367f@group-2CF20CC8A234: changes role from  FOLLOWER to FOLLOWER at term 1 for candidate:b0a39cc0-afce-41ab-9888-c09687d0cbc6
2022-08-02 01:00:15,239 [grpc-default-executor-1] INFO  impl.RoleInfo (RoleInfo.java:shutdownFollowerState(110)) - 3631a71b-d0c3-46f1-a57c-f0f9ec80367f: shutdown 3631a71b-d0c3-46f1-a57c-f0f9ec80367f@group-2CF20CC8A234-FollowerState
2022-08-02 01:00:15,239 [grpc-default-executor-1] INFO  impl.RoleInfo (RoleInfo.java:updateAndGet(139)) - 3631a71b-d0c3-46f1-a57c-f0f9ec80367f: start 3631a71b-d0c3-46f1-a57c-f0f9ec80367f@group-2CF20CC8A234-FollowerState
2022-08-02 01:00:15,239 [3631a71b-d0c3-46f1-a57c-f0f9ec80367f@group-2CF20CC8A234-FollowerState] INFO  impl.FollowerState (FollowerState.java:run(152)) - 3631a71b-d0c3-46f1-a57c-f0f9ec80367f@group-2CF20CC8A234-FollowerState was interrupted
2022-08-02 01:00:15,250 [grpc-default-executor-4] INFO  server.RaftServer$Division (RaftServerImpl.java:requestVote(1152)) - 0cd63bf1-b762-46d4-93c1-680a80f1790f@group-2CF20CC8A234: receive requestVote(ELECTION, b0a39cc0-afce-41ab-9888-c09687d0cbc6, group-2CF20CC8A234, 1, (t:0, i:0))
2022-08-02 01:00:15,250 [grpc-default-executor-4] INFO  impl.VoteContext (VoteContext.java:log(48)) - 0cd63bf1-b762-46d4-93c1-680a80f1790f@group-2CF20CC8A234-FOLLOWER: accept ELECTION from b0a39cc0-afce-41ab-9888-c09687d0cbc6: our priority 0 <= candidate's priority 0
2022-08-02 01:00:15,250 [grpc-default-executor-4] INFO  server.RaftServer$Division (RaftServerImpl.java:setRole(299)) - 0cd63bf1-b762-46d4-93c1-680a80f1790f@group-2CF20CC8A234: changes role from  FOLLOWER to FOLLOWER at term 1 for candidate:b0a39cc0-afce-41ab-9888-c09687d0cbc6
2022-08-02 01:00:15,250 [grpc-default-executor-4] INFO  impl.RoleInfo (RoleInfo.java:shutdownFollowerState(110)) - 0cd63bf1-b762-46d4-93c1-680a80f1790f: shutdown 0cd63bf1-b762-46d4-93c1-680a80f1790f@group-2CF20CC8A234-FollowerState
2022-08-02 01:00:15,250 [grpc-default-executor-4] INFO  impl.RoleInfo (RoleInfo.java:updateAndGet(139)) - 0cd63bf1-b762-46d4-93c1-680a80f1790f: start 0cd63bf1-b762-46d4-93c1-680a80f1790f@group-2CF20CC8A234-FollowerState
2022-08-02 01:00:15,250 [0cd63bf1-b762-46d4-93c1-680a80f1790f@group-2CF20CC8A234-FollowerState] INFO  impl.FollowerState (FollowerState.java:run(152)) - 0cd63bf1-b762-46d4-93c1-680a80f1790f@group-2CF20CC8A234-FollowerState was interrupted
2022-08-02 01:00:15,254 [grpc-default-executor-4] INFO  server.RaftServer$Division (RaftServerImpl.java:requestVote(1184)) - 0cd63bf1-b762-46d4-93c1-680a80f1790f@group-2CF20CC8A234 replies to ELECTION vote request: b0a39cc0-afce-41ab-9888-c09687d0cbc6<-0cd63bf1-b762-46d4-93c1-680a80f1790f#0:OK-t1. Peer's state: 0cd63bf1-b762-46d4-93c1-680a80f1790f@group-2CF20CC8A234:t1, leader=null, voted=b0a39cc0-afce-41ab-9888-c09687d0cbc6, raftlog=0cd63bf1-b762-46d4-93c1-680a80f1790f@group-2CF20CC8A234-SegmentedRaftLog:OPENED:c-1, conf=-1: [b0a39cc0-afce-41ab-9888-c09687d0cbc6|rpc:10.1.0.31:38013|dataStream:|priority:0, 3631a71b-d0c3-46f1-a57c-f0f9ec80367f|rpc:10.1.0.31:44319|dataStream:|priority:1, 0cd63bf1-b762-46d4-93c1-680a80f1790f|rpc:10.1.0.31:33021|dataStream:|priority:0], old=null
2022-08-02 01:00:15,254 [grpc-default-executor-1] INFO  server.RaftServer$Division (RaftServerImpl.java:requestVote(1184)) - 3631a71b-d0c3-46f1-a57c-f0f9ec80367f@group-2CF20CC8A234 replies to ELECTION vote request: b0a39cc0-afce-41ab-9888-c09687d0cbc6<-3631a71b-d0c3-46f1-a57c-f0f9ec80367f#0:FAIL-t1. Peer's state: 3631a71b-d0c3-46f1-a57c-f0f9ec80367f@group-2CF20CC8A234:t1, leader=null, voted=null, raftlog=3631a71b-d0c3-46f1-a57c-f0f9ec80367f@group-2CF20CC8A234-SegmentedRaftLog:OPENED:c-1, conf=-1: [b0a39cc0-afce-41ab-9888-c09687d0cbc6|rpc:10.1.0.31:38013|dataStream:|priority:0, 3631a71b-d0c3-46f1-a57c-f0f9ec80367f|rpc:10.1.0.31:44319|dataStream:|priority:1, 0cd63bf1-b762-46d4-93c1-680a80f1790f|rpc:10.1.0.31:33021|dataStream:|priority:0], old=null
2022-08-02 01:00:15,269 [b0a39cc0-afce-41ab-9888-c09687d0cbc6@group-2CF20CC8A234-LeaderElection10] INFO  impl.LeaderElection (LeaderElection.java:logAndReturn(90)) - b0a39cc0-afce-41ab-9888-c09687d0cbc6@group-2CF20CC8A234-LeaderElection10: ELECTION REJECTED received 1 response(s) and 0 exception(s):
2022-08-02 01:00:15,269 [b0a39cc0-afce-41ab-9888-c09687d0cbc6@group-2CF20CC8A234-LeaderElection10] INFO  impl.LeaderElection (LeaderElection.java:logAndReturn(94)) -   Response 0: b0a39cc0-afce-41ab-9888-c09687d0cbc6<-3631a71b-d0c3-46f1-a57c-f0f9ec80367f#0:FAIL-t1
2022-08-02 01:00:15,269 [b0a39cc0-afce-41ab-9888-c09687d0cbc6@group-2CF20CC8A234-LeaderElection10] INFO  impl.LeaderElection (LeaderElection.java:askForVotes(312)) - b0a39cc0-afce-41ab-9888-c09687d0cbc6@group-2CF20CC8A234-LeaderElection10 ELECTION round 0: result REJECTED
2022-08-02 01:00:15,273 [b0a39cc0-afce-41ab-9888-c09687d0cbc6@group-2CF20CC8A234-LeaderElection10] INFO  server.RaftServer$Division (RaftServerImpl.java:setRole(299)) - b0a39cc0-afce-41ab-9888-c09687d0cbc6@group-2CF20CC8A234: changes role from CANDIDATE to FOLLOWER at term 1 for REJECTED
2022-08-02 01:00:15,273 [b0a39cc0-afce-41ab-9888-c09687d0cbc6@group-2CF20CC8A234-LeaderElection10] INFO  impl.RoleInfo (RoleInfo.java:shutdownLeaderElection(130)) - b0a39cc0-afce-41ab-9888-c09687d0cbc6: shutdown b0a39cc0-afce-41ab-9888-c09687d0cbc6@group-2CF20CC8A234-LeaderElection10
2022-08-02 01:00:15,273 [b0a39cc0-afce-41ab-9888-c09687d0cbc6@group-2CF20CC8A234-LeaderElection10] INFO  impl.RoleInfo (RoleInfo.java:updateAndGet(139)) - b0a39cc0-afce-41ab-9888-c09687d0cbc6: start b0a39cc0-afce-41ab-9888-c09687d0cbc6@group-2CF20CC8A234-FollowerState
2022-08-02 01:00:15,698 [ReplicationMonitor] INFO  replication.ReplicationManager (ReplicationManager.java:processAll(249)) - Replication Manager is not ready to run until 3000ms after safemode exit
2022-08-02 01:00:15,828 [3631a71b-d0c3-46f1-a57c-f0f9ec80367f@group-04A26A98102D-FollowerState] INFO  impl.FollowerState (FollowerState.java:run(143)) - 3631a71b-d0c3-46f1-a57c-f0f9ec80367f@group-04A26A98102D-FollowerState: change to CANDIDATE, lastRpcElapsedTime:5073138285ns, electionTimeout:5072ms
2022-08-02 01:00:15,828 [3631a71b-d0c3-46f1-a57c-f0f9ec80367f@group-04A26A98102D-FollowerState] INFO  impl.RoleInfo (RoleInfo.java:shutdownFollowerState(110)) - 3631a71b-d0c3-46f1-a57c-f0f9ec80367f: shutdown 3631a71b-d0c3-46f1-a57c-f0f9ec80367f@group-04A26A98102D-FollowerState
2022-08-02 01:00:15,828 [3631a71b-d0c3-46f1-a57c-f0f9ec80367f@group-04A26A98102D-FollowerState] INFO  server.RaftServer$Division (RaftServerImpl.java:setRole(299)) - 3631a71b-d0c3-46f1-a57c-f0f9ec80367f@group-04A26A98102D: changes role from  FOLLOWER to CANDIDATE at term 0 for changeToCandidate
2022-08-02 01:00:15,828 [3631a71b-d0c3-46f1-a57c-f0f9ec80367f@group-04A26A98102D-FollowerState] INFO  server.RaftServerConfigKeys (ConfUtils.java:logGet(46)) - raft.server.leaderelection.pre-vote = false (custom)
2022-08-02 01:00:15,828 [3631a71b-d0c3-46f1-a57c-f0f9ec80367f@group-04A26A98102D-FollowerState] INFO  impl.RoleInfo (RoleInfo.java:updateAndGet(139)) - 3631a71b-d0c3-46f1-a57c-f0f9ec80367f: start 3631a71b-d0c3-46f1-a57c-f0f9ec80367f@group-04A26A98102D-LeaderElection12
2022-08-02 01:00:15,850 [3631a71b-d0c3-46f1-a57c-f0f9ec80367f@group-04A26A98102D-LeaderElection12] INFO  impl.LeaderElection (LeaderElection.java:askForVotes(310)) - 3631a71b-d0c3-46f1-a57c-f0f9ec80367f@group-04A26A98102D-LeaderElection12 ELECTION round 0: submit vote requests at term 1 for -1: [3631a71b-d0c3-46f1-a57c-f0f9ec80367f|rpc:10.1.0.31:44319|priority:1], old=null
2022-08-02 01:00:15,850 [3631a71b-d0c3-46f1-a57c-f0f9ec80367f@group-04A26A98102D-LeaderElection12] INFO  impl.LeaderElection (LeaderElection.java:askForVotes(312)) - 3631a71b-d0c3-46f1-a57c-f0f9ec80367f@group-04A26A98102D-LeaderElection12 ELECTION round 0: result PASSED (term=1)
2022-08-02 01:00:15,850 [3631a71b-d0c3-46f1-a57c-f0f9ec80367f@group-04A26A98102D-LeaderElection12] INFO  impl.RoleInfo (RoleInfo.java:shutdownLeaderElection(130)) - 3631a71b-d0c3-46f1-a57c-f0f9ec80367f: shutdown 3631a71b-d0c3-46f1-a57c-f0f9ec80367f@group-04A26A98102D-LeaderElection12
2022-08-02 01:00:15,850 [3631a71b-d0c3-46f1-a57c-f0f9ec80367f@group-04A26A98102D-LeaderElection12] INFO  server.RaftServer$Division (RaftServerImpl.java:setRole(299)) - 3631a71b-d0c3-46f1-a57c-f0f9ec80367f@group-04A26A98102D: changes role from CANDIDATE to LEADER at term 1 for changeToLeader
2022-08-02 01:00:15,850 [3631a71b-d0c3-46f1-a57c-f0f9ec80367f@group-04A26A98102D-LeaderElection12] INFO  ratis.XceiverServerRatis (XceiverServerRatis.java:handleLeaderChangedNotification(863)) - Leader change notification received for group: group-04A26A98102D with new leaderId: 3631a71b-d0c3-46f1-a57c-f0f9ec80367f
2022-08-02 01:00:15,850 [3631a71b-d0c3-46f1-a57c-f0f9ec80367f@group-04A26A98102D-LeaderElection12] INFO  server.RaftServer$Division (ServerState.java:setLeader(287)) - 3631a71b-d0c3-46f1-a57c-f0f9ec80367f@group-04A26A98102D: change Leader from null to 3631a71b-d0c3-46f1-a57c-f0f9ec80367f at term 1 for becomeLeader, leader elected after 5112ms
2022-08-02 01:00:15,851 [3631a71b-d0c3-46f1-a57c-f0f9ec80367f@group-04A26A98102D-LeaderElection12] INFO  server.RaftServerConfigKeys (ConfUtils.java:logGet(46)) - raft.server.staging.catchup.gap = 1000 (default)
2022-08-02 01:00:15,851 [3631a71b-d0c3-46f1-a57c-f0f9ec80367f@group-04A26A98102D-LeaderElection12] INFO  server.RaftServerConfigKeys (ConfUtils.java:logGet(46)) - raft.server.write.element-limit = 1024 (custom)
2022-08-02 01:00:15,851 [3631a71b-d0c3-46f1-a57c-f0f9ec80367f@group-04A26A98102D-LeaderElection12] INFO  server.RaftServerConfigKeys (ConfUtils.java:logGet(46)) - raft.server.write.byte-limit = 1024 M (=1073741824) (custom)
2022-08-02 01:00:15,851 [3631a71b-d0c3-46f1-a57c-f0f9ec80367f@group-04A26A98102D-LeaderElection12] INFO  server.RaftServerConfigKeys (ConfUtils.java:logGet(46)) - raft.server.watch.timeout = 180s (custom)
2022-08-02 01:00:15,851 [3631a71b-d0c3-46f1-a57c-f0f9ec80367f@group-04A26A98102D-LeaderElection12] INFO  server.RaftServerConfigKeys (ConfUtils.java:logGet(46)) - raft.server.watch.timeout.denomination = 1s (default)
2022-08-02 01:00:15,851 [3631a71b-d0c3-46f1-a57c-f0f9ec80367f@group-04A26A98102D-LeaderElection12] INFO  server.RaftServerConfigKeys (ConfUtils.java:logGet(46)) - raft.server.watch.element-limit = 65536 (default)
2022-08-02 01:00:15,851 [3631a71b-d0c3-46f1-a57c-f0f9ec80367f@group-04A26A98102D-LeaderElection12] INFO  server.RaftServerConfigKeys (ConfUtils.java:logGet(46)) - raft.server.write.element-limit = 1024 (custom)
2022-08-02 01:00:15,851 [3631a71b-d0c3-46f1-a57c-f0f9ec80367f@group-04A26A98102D-LeaderElection12] INFO  server.RaftServerConfigKeys (ConfUtils.java:logGet(46)) - raft.server.write.follower.gap.ratio.max = -1.0 (default)
2022-08-02 01:00:15,852 [3631a71b-d0c3-46f1-a57c-f0f9ec80367f@group-04A26A98102D-LeaderElection12] INFO  impl.RoleInfo (RoleInfo.java:updateAndGet(139)) - 3631a71b-d0c3-46f1-a57c-f0f9ec80367f: start 3631a71b-d0c3-46f1-a57c-f0f9ec80367f@group-04A26A98102D-LeaderStateImpl
2022-08-02 01:00:15,852 [3631a71b-d0c3-46f1-a57c-f0f9ec80367f@group-04A26A98102D-LeaderElection12] INFO  segmented.SegmentedRaftLogWorker (SegmentedRaftLogWorker.java:startLogSegment(425)) - 3631a71b-d0c3-46f1-a57c-f0f9ec80367f@group-04A26A98102D-SegmentedRaftLogWorker: Starting segment from index:0
2022-08-02 01:00:15,857 [3631a71b-d0c3-46f1-a57c-f0f9ec80367f@group-04A26A98102D-SegmentedRaftLogWorker] INFO  segmented.SegmentedRaftLogWorker (SegmentedRaftLogWorker.java:execute(629)) - 3631a71b-d0c3-46f1-a57c-f0f9ec80367f@group-04A26A98102D-SegmentedRaftLogWorker: created new log segment /home/runner/work/ozone/ozone/hadoop-ozone/integration-test/target/test-dir/MiniOzoneClusterImpl-ba95f9bc-837e-4f7b-bdb9-4ac74d2039d9/datanode-1/data/ratis/74c17024-797d-4ac8-bd8d-04a26a98102d/current/log_inprogress_0
2022-08-02 01:00:15,866 [EventQueue-OpenPipelineForHealthyPipelineSafeModeRule] INFO  safemode.SCMSafeModeManager (HealthyPipelineSafeModeRule.java:process(137)) - SCM in safe mode. Healthy pipelines reported count is 0, required healthy pipeline reported count is 1
2022-08-02 01:00:15,866 [3631a71b-d0c3-46f1-a57c-f0f9ec80367f@group-04A26A98102D-LeaderElection12] INFO  server.RaftServer$Division (ServerState.java:setRaftConf(393)) - 3631a71b-d0c3-46f1-a57c-f0f9ec80367f@group-04A26A98102D: set configuration 0: [3631a71b-d0c3-46f1-a57c-f0f9ec80367f|rpc:10.1.0.31:44319|dataStream:|priority:1], old=null
2022-08-02 01:00:16,088 [Listener at 127.0.0.1/34483] INFO  ozone.MiniOzoneClusterImpl (MiniOzoneClusterImpl.java:lambda$waitForClusterToBeReady$0(216)) - Nodes are ready. Got 5 of 5 DN Heartbeats.
2022-08-02 01:00:16,088 [Listener at 127.0.0.1/34483] INFO  ozone.MiniOzoneClusterImpl (MiniOzoneClusterImpl.java:lambda$waitForClusterToBeReady$0(219)) - Waiting for cluster to exit safe mode
2022-08-02 01:00:16,088 [Listener at 127.0.0.1/34483] INFO  ozone.MiniOzoneClusterImpl (MiniOzoneClusterImpl.java:lambda$waitForClusterToBeReady$0(221)) - SCM became leader
2022-08-02 01:00:16,698 [ReplicationMonitor] INFO  replication.ReplicationManager (ReplicationManager.java:processAll(249)) - Replication Manager is not ready to run until 3000ms after safemode exit
2022-08-02 01:00:16,725 [0cd63bf1-b762-46d4-93c1-680a80f1790f@group-02846B999845-FollowerState] INFO  impl.FollowerState (FollowerState.java:run(143)) - 0cd63bf1-b762-46d4-93c1-680a80f1790f@group-02846B999845-FollowerState: change to CANDIDATE, lastRpcElapsedTime:5020824848ns, electionTimeout:5011ms
2022-08-02 01:00:16,725 [0cd63bf1-b762-46d4-93c1-680a80f1790f@group-02846B999845-FollowerState] INFO  impl.RoleInfo (RoleInfo.java:shutdownFollowerState(110)) - 0cd63bf1-b762-46d4-93c1-680a80f1790f: shutdown 0cd63bf1-b762-46d4-93c1-680a80f1790f@group-02846B999845-FollowerState
2022-08-02 01:00:16,725 [0cd63bf1-b762-46d4-93c1-680a80f1790f@group-02846B999845-FollowerState] INFO  server.RaftServer$Division (RaftServerImpl.java:setRole(299)) - 0cd63bf1-b762-46d4-93c1-680a80f1790f@group-02846B999845: changes role from  FOLLOWER to CANDIDATE at term 0 for changeToCandidate
2022-08-02 01:00:16,725 [0cd63bf1-b762-46d4-93c1-680a80f1790f@group-02846B999845-FollowerState] INFO  server.RaftServerConfigKeys (ConfUtils.java:logGet(46)) - raft.server.leaderelection.pre-vote = false (custom)
2022-08-02 01:00:16,725 [0cd63bf1-b762-46d4-93c1-680a80f1790f@group-02846B999845-FollowerState] INFO  impl.RoleInfo (RoleInfo.java:updateAndGet(139)) - 0cd63bf1-b762-46d4-93c1-680a80f1790f: start 0cd63bf1-b762-46d4-93c1-680a80f1790f@group-02846B999845-LeaderElection13
2022-08-02 01:00:16,741 [0cd63bf1-b762-46d4-93c1-680a80f1790f@group-02846B999845-LeaderElection13] INFO  impl.LeaderElection (LeaderElection.java:askForVotes(310)) - 0cd63bf1-b762-46d4-93c1-680a80f1790f@group-02846B999845-LeaderElection13 ELECTION round 0: submit vote requests at term 1 for -1: [0cd63bf1-b762-46d4-93c1-680a80f1790f|rpc:10.1.0.31:33021|priority:1], old=null
2022-08-02 01:00:16,741 [0cd63bf1-b762-46d4-93c1-680a80f1790f@group-02846B999845-LeaderElection13] INFO  impl.LeaderElection (LeaderElection.java:askForVotes(312)) - 0cd63bf1-b762-46d4-93c1-680a80f1790f@group-02846B999845-LeaderElection13 ELECTION round 0: result PASSED (term=1)
2022-08-02 01:00:16,741 [0cd63bf1-b762-46d4-93c1-680a80f1790f@group-02846B999845-LeaderElection13] INFO  impl.RoleInfo (RoleInfo.java:shutdownLeaderElection(130)) - 0cd63bf1-b762-46d4-93c1-680a80f1790f: shutdown 0cd63bf1-b762-46d4-93c1-680a80f1790f@group-02846B999845-LeaderElection13
2022-08-02 01:00:16,741 [0cd63bf1-b762-46d4-93c1-680a80f1790f@group-02846B999845-LeaderElection13] INFO  server.RaftServer$Division (RaftServerImpl.java:setRole(299)) - 0cd63bf1-b762-46d4-93c1-680a80f1790f@group-02846B999845: changes role from CANDIDATE to LEADER at term 1 for changeToLeader
2022-08-02 01:00:16,741 [0cd63bf1-b762-46d4-93c1-680a80f1790f@group-02846B999845-LeaderElection13] INFO  ratis.XceiverServerRatis (XceiverServerRatis.java:handleLeaderChangedNotification(863)) - Leader change notification received for group: group-02846B999845 with new leaderId: 0cd63bf1-b762-46d4-93c1-680a80f1790f
2022-08-02 01:00:16,741 [0cd63bf1-b762-46d4-93c1-680a80f1790f@group-02846B999845-LeaderElection13] INFO  server.RaftServer$Division (ServerState.java:setLeader(287)) - 0cd63bf1-b762-46d4-93c1-680a80f1790f@group-02846B999845: change Leader from null to 0cd63bf1-b762-46d4-93c1-680a80f1790f at term 1 for becomeLeader, leader elected after 5071ms
2022-08-02 01:00:16,741 [0cd63bf1-b762-46d4-93c1-680a80f1790f@group-02846B999845-LeaderElection13] INFO  server.RaftServerConfigKeys (ConfUtils.java:logGet(46)) - raft.server.staging.catchup.gap = 1000 (default)
2022-08-02 01:00:16,741 [0cd63bf1-b762-46d4-93c1-680a80f1790f@group-02846B999845-LeaderElection13] INFO  server.RaftServerConfigKeys (ConfUtils.java:logGet(46)) - raft.server.write.element-limit = 1024 (custom)
2022-08-02 01:00:16,741 [0cd63bf1-b762-46d4-93c1-680a80f1790f@group-02846B999845-LeaderElection13] INFO  server.RaftServerConfigKeys (ConfUtils.java:logGet(46)) - raft.server.write.byte-limit = 1024 M (=1073741824) (custom)
2022-08-02 01:00:16,742 [0cd63bf1-b762-46d4-93c1-680a80f1790f@group-02846B999845-LeaderElection13] INFO  server.RaftServerConfigKeys (ConfUtils.java:logGet(46)) - raft.server.watch.timeout = 180s (custom)
2022-08-02 01:00:16,742 [0cd63bf1-b762-46d4-93c1-680a80f1790f@group-02846B999845-LeaderElection13] INFO  server.RaftServerConfigKeys (ConfUtils.java:logGet(46)) - raft.server.watch.timeout.denomination = 1s (default)
2022-08-02 01:00:16,742 [0cd63bf1-b762-46d4-93c1-680a80f1790f@group-02846B999845-LeaderElection13] INFO  server.RaftServerConfigKeys (ConfUtils.java:logGet(46)) - raft.server.watch.element-limit = 65536 (default)
2022-08-02 01:00:16,742 [0cd63bf1-b762-46d4-93c1-680a80f1790f@group-02846B999845-LeaderElection13] INFO  server.RaftServerConfigKeys (ConfUtils.java:logGet(46)) - raft.server.write.element-limit = 1024 (custom)
2022-08-02 01:00:16,742 [0cd63bf1-b762-46d4-93c1-680a80f1790f@group-02846B999845-LeaderElection13] INFO  server.RaftServerConfigKeys (ConfUtils.java:logGet(46)) - raft.server.write.follower.gap.ratio.max = -1.0 (default)
2022-08-02 01:00:16,742 [0cd63bf1-b762-46d4-93c1-680a80f1790f@group-02846B999845-LeaderElection13] INFO  impl.RoleInfo (RoleInfo.java:updateAndGet(139)) - 0cd63bf1-b762-46d4-93c1-680a80f1790f: start 0cd63bf1-b762-46d4-93c1-680a80f1790f@group-02846B999845-LeaderStateImpl
2022-08-02 01:00:16,742 [0cd63bf1-b762-46d4-93c1-680a80f1790f@group-02846B999845-LeaderElection13] INFO  segmented.SegmentedRaftLogWorker (SegmentedRaftLogWorker.java:startLogSegment(425)) - 0cd63bf1-b762-46d4-93c1-680a80f1790f@group-02846B999845-SegmentedRaftLogWorker: Starting segment from index:0
2022-08-02 01:00:16,746 [EventQueue-OpenPipelineForHealthyPipelineSafeModeRule] INFO  safemode.SCMSafeModeManager (HealthyPipelineSafeModeRule.java:process(137)) - SCM in safe mode. Healthy pipelines reported count is 0, required healthy pipeline reported count is 1
2022-08-02 01:00:16,747 [0cd63bf1-b762-46d4-93c1-680a80f1790f@group-02846B999845-SegmentedRaftLogWorker] INFO  segmented.SegmentedRaftLogWorker (SegmentedRaftLogWorker.java:execute(629)) - 0cd63bf1-b762-46d4-93c1-680a80f1790f@group-02846B999845-SegmentedRaftLogWorker: created new log segment /home/runner/work/ozone/ozone/hadoop-ozone/integration-test/target/test-dir/MiniOzoneClusterImpl-ba95f9bc-837e-4f7b-bdb9-4ac74d2039d9/datanode-2/data/ratis/e278c3fd-80fd-4c95-82f6-02846b999845/current/log_inprogress_0
2022-08-02 01:00:16,759 [0cd63bf1-b762-46d4-93c1-680a80f1790f@group-02846B999845-LeaderElection13] INFO  server.RaftServer$Division (ServerState.java:setRaftConf(393)) - 0cd63bf1-b762-46d4-93c1-680a80f1790f@group-02846B999845: set configuration 0: [0cd63bf1-b762-46d4-93c1-680a80f1790f|rpc:10.1.0.31:33021|dataStream:|priority:1], old=null
2022-08-02 01:00:17,088 [Listener at 127.0.0.1/34483] INFO  ozone.MiniOzoneClusterImpl (MiniOzoneClusterImpl.java:lambda$waitForClusterToBeReady$0(216)) - Nodes are ready. Got 5 of 5 DN Heartbeats.
2022-08-02 01:00:17,088 [Listener at 127.0.0.1/34483] INFO  ozone.MiniOzoneClusterImpl (MiniOzoneClusterImpl.java:lambda$waitForClusterToBeReady$0(219)) - Waiting for cluster to exit safe mode
2022-08-02 01:00:17,088 [Listener at 127.0.0.1/34483] INFO  ozone.MiniOzoneClusterImpl (MiniOzoneClusterImpl.java:lambda$waitForClusterToBeReady$0(221)) - SCM became leader
2022-08-02 01:00:17,576 [a8b8ab57-05e8-49fa-8c54-6fa9123b6e03@group-0E14DBA0E12D-FollowerState] INFO  impl.FollowerState (FollowerState.java:run(143)) - a8b8ab57-05e8-49fa-8c54-6fa9123b6e03@group-0E14DBA0E12D-FollowerState: change to CANDIDATE, lastRpcElapsedTime:5186509429ns, electionTimeout:5170ms
2022-08-02 01:00:17,576 [a8b8ab57-05e8-49fa-8c54-6fa9123b6e03@group-0E14DBA0E12D-FollowerState] INFO  impl.RoleInfo (RoleInfo.java:shutdownFollowerState(110)) - a8b8ab57-05e8-49fa-8c54-6fa9123b6e03: shutdown a8b8ab57-05e8-49fa-8c54-6fa9123b6e03@group-0E14DBA0E12D-FollowerState
2022-08-02 01:00:17,577 [a8b8ab57-05e8-49fa-8c54-6fa9123b6e03@group-0E14DBA0E12D-FollowerState] INFO  server.RaftServer$Division (RaftServerImpl.java:setRole(299)) - a8b8ab57-05e8-49fa-8c54-6fa9123b6e03@group-0E14DBA0E12D: changes role from  FOLLOWER to CANDIDATE at term 0 for changeToCandidate
2022-08-02 01:00:17,577 [a8b8ab57-05e8-49fa-8c54-6fa9123b6e03@group-0E14DBA0E12D-FollowerState] INFO  server.RaftServerConfigKeys (ConfUtils.java:logGet(46)) - raft.server.leaderelection.pre-vote = false (custom)
2022-08-02 01:00:17,577 [a8b8ab57-05e8-49fa-8c54-6fa9123b6e03@group-0E14DBA0E12D-FollowerState] INFO  impl.RoleInfo (RoleInfo.java:updateAndGet(139)) - a8b8ab57-05e8-49fa-8c54-6fa9123b6e03: start a8b8ab57-05e8-49fa-8c54-6fa9123b6e03@group-0E14DBA0E12D-LeaderElection14
2022-08-02 01:00:17,610 [a8b8ab57-05e8-49fa-8c54-6fa9123b6e03@group-0E14DBA0E12D-LeaderElection14] INFO  impl.LeaderElection (LeaderElection.java:askForVotes(310)) - a8b8ab57-05e8-49fa-8c54-6fa9123b6e03@group-0E14DBA0E12D-LeaderElection14 ELECTION round 0: submit vote requests at term 1 for -1: [a8b8ab57-05e8-49fa-8c54-6fa9123b6e03|rpc:10.1.0.31:45109|priority:1], old=null
2022-08-02 01:00:17,610 [a8b8ab57-05e8-49fa-8c54-6fa9123b6e03@group-0E14DBA0E12D-LeaderElection14] INFO  impl.LeaderElection (LeaderElection.java:askForVotes(312)) - a8b8ab57-05e8-49fa-8c54-6fa9123b6e03@group-0E14DBA0E12D-LeaderElection14 ELECTION round 0: result PASSED (term=1)
2022-08-02 01:00:17,610 [a8b8ab57-05e8-49fa-8c54-6fa9123b6e03@group-0E14DBA0E12D-LeaderElection14] INFO  impl.RoleInfo (RoleInfo.java:shutdownLeaderElection(130)) - a8b8ab57-05e8-49fa-8c54-6fa9123b6e03: shutdown a8b8ab57-05e8-49fa-8c54-6fa9123b6e03@group-0E14DBA0E12D-LeaderElection14
2022-08-02 01:00:17,610 [a8b8ab57-05e8-49fa-8c54-6fa9123b6e03@group-0E14DBA0E12D-LeaderElection14] INFO  server.RaftServer$Division (RaftServerImpl.java:setRole(299)) - a8b8ab57-05e8-49fa-8c54-6fa9123b6e03@group-0E14DBA0E12D: changes role from CANDIDATE to LEADER at term 1 for changeToLeader
2022-08-02 01:00:17,610 [a8b8ab57-05e8-49fa-8c54-6fa9123b6e03@group-0E14DBA0E12D-LeaderElection14] INFO  ratis.XceiverServerRatis (XceiverServerRatis.java:handleLeaderChangedNotification(863)) - Leader change notification received for group: group-0E14DBA0E12D with new leaderId: a8b8ab57-05e8-49fa-8c54-6fa9123b6e03
2022-08-02 01:00:17,611 [a8b8ab57-05e8-49fa-8c54-6fa9123b6e03@group-0E14DBA0E12D-LeaderElection14] INFO  server.RaftServer$Division (ServerState.java:setLeader(287)) - a8b8ab57-05e8-49fa-8c54-6fa9123b6e03@group-0E14DBA0E12D: change Leader from null to a8b8ab57-05e8-49fa-8c54-6fa9123b6e03 at term 1 for becomeLeader, leader elected after 5232ms
2022-08-02 01:00:17,611 [a8b8ab57-05e8-49fa-8c54-6fa9123b6e03@group-0E14DBA0E12D-LeaderElection14] INFO  server.RaftServerConfigKeys (ConfUtils.java:logGet(46)) - raft.server.staging.catchup.gap = 1000 (default)
2022-08-02 01:00:17,611 [a8b8ab57-05e8-49fa-8c54-6fa9123b6e03@group-0E14DBA0E12D-LeaderElection14] INFO  server.RaftServerConfigKeys (ConfUtils.java:logGet(46)) - raft.server.write.element-limit = 1024 (custom)
2022-08-02 01:00:17,611 [a8b8ab57-05e8-49fa-8c54-6fa9123b6e03@group-0E14DBA0E12D-LeaderElection14] INFO  server.RaftServerConfigKeys (ConfUtils.java:logGet(46)) - raft.server.write.byte-limit = 1024 M (=1073741824) (custom)
2022-08-02 01:00:17,611 [a8b8ab57-05e8-49fa-8c54-6fa9123b6e03@group-0E14DBA0E12D-LeaderElection14] INFO  server.RaftServerConfigKeys (ConfUtils.java:logGet(46)) - raft.server.watch.timeout = 180s (custom)
2022-08-02 01:00:17,611 [a8b8ab57-05e8-49fa-8c54-6fa9123b6e03@group-0E14DBA0E12D-LeaderElection14] INFO  server.RaftServerConfigKeys (ConfUtils.java:logGet(46)) - raft.server.watch.timeout.denomination = 1s (default)
2022-08-02 01:00:17,611 [a8b8ab57-05e8-49fa-8c54-6fa9123b6e03@group-0E14DBA0E12D-LeaderElection14] INFO  server.RaftServerConfigKeys (ConfUtils.java:logGet(46)) - raft.server.watch.element-limit = 65536 (default)
2022-08-02 01:00:17,611 [a8b8ab57-05e8-49fa-8c54-6fa9123b6e03@group-0E14DBA0E12D-LeaderElection14] INFO  server.RaftServerConfigKeys (ConfUtils.java:logGet(46)) - raft.server.write.element-limit = 1024 (custom)
2022-08-02 01:00:17,612 [a8b8ab57-05e8-49fa-8c54-6fa9123b6e03@group-0E14DBA0E12D-LeaderElection14] INFO  server.RaftServerConfigKeys (ConfUtils.java:logGet(46)) - raft.server.write.follower.gap.ratio.max = -1.0 (default)
2022-08-02 01:00:17,612 [a8b8ab57-05e8-49fa-8c54-6fa9123b6e03@group-0E14DBA0E12D-LeaderElection14] INFO  impl.RoleInfo (RoleInfo.java:updateAndGet(139)) - a8b8ab57-05e8-49fa-8c54-6fa9123b6e03: start a8b8ab57-05e8-49fa-8c54-6fa9123b6e03@group-0E14DBA0E12D-LeaderStateImpl
2022-08-02 01:00:17,612 [a8b8ab57-05e8-49fa-8c54-6fa9123b6e03@group-0E14DBA0E12D-LeaderElection14] INFO  segmented.SegmentedRaftLogWorker (SegmentedRaftLogWorker.java:startLogSegment(425)) - a8b8ab57-05e8-49fa-8c54-6fa9123b6e03@group-0E14DBA0E12D-SegmentedRaftLogWorker: Starting segment from index:0
2022-08-02 01:00:17,614 [a8b8ab57-05e8-49fa-8c54-6fa9123b6e03@group-0E14DBA0E12D-SegmentedRaftLogWorker] INFO  segmented.SegmentedRaftLogWorker (SegmentedRaftLogWorker.java:execute(629)) - a8b8ab57-05e8-49fa-8c54-6fa9123b6e03@group-0E14DBA0E12D-SegmentedRaftLogWorker: created new log segment /home/runner/work/ozone/ozone/hadoop-ozone/integration-test/target/test-dir/MiniOzoneClusterImpl-ba95f9bc-837e-4f7b-bdb9-4ac74d2039d9/datanode-3/data/ratis/c4944c62-500f-430f-8310-0e14dba0e12d/current/log_inprogress_0
2022-08-02 01:00:17,617 [EventQueue-OpenPipelineForHealthyPipelineSafeModeRule] INFO  safemode.SCMSafeModeManager (HealthyPipelineSafeModeRule.java:process(137)) - SCM in safe mode. Healthy pipelines reported count is 0, required healthy pipeline reported count is 1
2022-08-02 01:00:17,627 [a8b8ab57-05e8-49fa-8c54-6fa9123b6e03@group-0E14DBA0E12D-LeaderElection14] INFO  server.RaftServer$Division (ServerState.java:setRaftConf(393)) - a8b8ab57-05e8-49fa-8c54-6fa9123b6e03@group-0E14DBA0E12D: set configuration 0: [a8b8ab57-05e8-49fa-8c54-6fa9123b6e03|rpc:10.1.0.31:45109|dataStream:|priority:1], old=null
2022-08-02 01:00:17,698 [ReplicationMonitor] INFO  replication.ReplicationManager (ReplicationManager.java:processAll(249)) - Replication Manager is not ready to run until 3000ms after safemode exit
2022-08-02 01:00:18,089 [Listener at 127.0.0.1/34483] INFO  ozone.MiniOzoneClusterImpl (MiniOzoneClusterImpl.java:lambda$waitForClusterToBeReady$0(216)) - Nodes are ready. Got 5 of 5 DN Heartbeats.
2022-08-02 01:00:18,089 [Listener at 127.0.0.1/34483] INFO  ozone.MiniOzoneClusterImpl (MiniOzoneClusterImpl.java:lambda$waitForClusterToBeReady$0(219)) - Waiting for cluster to exit safe mode
2022-08-02 01:00:18,089 [Listener at 127.0.0.1/34483] INFO  ozone.MiniOzoneClusterImpl (MiniOzoneClusterImpl.java:lambda$waitForClusterToBeReady$0(221)) - SCM became leader
2022-08-02 01:00:18,369 [e545734f-4e78-4d5a-8216-d5964662cc7c@group-8FA41D8F1086-FollowerState] INFO  impl.FollowerState (FollowerState.java:run(143)) - e545734f-4e78-4d5a-8216-d5964662cc7c@group-8FA41D8F1086-FollowerState: change to CANDIDATE, lastRpcElapsedTime:5182981897ns, electionTimeout:5180ms
2022-08-02 01:00:18,370 [e545734f-4e78-4d5a-8216-d5964662cc7c@group-8FA41D8F1086-FollowerState] INFO  impl.RoleInfo (RoleInfo.java:shutdownFollowerState(110)) - e545734f-4e78-4d5a-8216-d5964662cc7c: shutdown e545734f-4e78-4d5a-8216-d5964662cc7c@group-8FA41D8F1086-FollowerState
2022-08-02 01:00:18,370 [e545734f-4e78-4d5a-8216-d5964662cc7c@group-8FA41D8F1086-FollowerState] INFO  server.RaftServer$Division (RaftServerImpl.java:setRole(299)) - e545734f-4e78-4d5a-8216-d5964662cc7c@group-8FA41D8F1086: changes role from  FOLLOWER to CANDIDATE at term 0 for changeToCandidate
2022-08-02 01:00:18,370 [e545734f-4e78-4d5a-8216-d5964662cc7c@group-8FA41D8F1086-FollowerState] INFO  server.RaftServerConfigKeys (ConfUtils.java:logGet(46)) - raft.server.leaderelection.pre-vote = false (custom)
2022-08-02 01:00:18,370 [e545734f-4e78-4d5a-8216-d5964662cc7c@group-8FA41D8F1086-FollowerState] INFO  impl.RoleInfo (RoleInfo.java:updateAndGet(139)) - e545734f-4e78-4d5a-8216-d5964662cc7c: start e545734f-4e78-4d5a-8216-d5964662cc7c@group-8FA41D8F1086-LeaderElection15
2022-08-02 01:00:18,398 [e545734f-4e78-4d5a-8216-d5964662cc7c@group-8FA41D8F1086-LeaderElection15] INFO  impl.LeaderElection (LeaderElection.java:askForVotes(310)) - e545734f-4e78-4d5a-8216-d5964662cc7c@group-8FA41D8F1086-LeaderElection15 ELECTION round 0: submit vote requests at term 1 for -1: [e545734f-4e78-4d5a-8216-d5964662cc7c|rpc:10.1.0.31:32919|priority:1], old=null
2022-08-02 01:00:18,398 [e545734f-4e78-4d5a-8216-d5964662cc7c@group-8FA41D8F1086-LeaderElection15] INFO  impl.LeaderElection (LeaderElection.java:askForVotes(312)) - e545734f-4e78-4d5a-8216-d5964662cc7c@group-8FA41D8F1086-LeaderElection15 ELECTION round 0: result PASSED (term=1)
2022-08-02 01:00:18,398 [e545734f-4e78-4d5a-8216-d5964662cc7c@group-8FA41D8F1086-LeaderElection15] INFO  impl.RoleInfo (RoleInfo.java:shutdownLeaderElection(130)) - e545734f-4e78-4d5a-8216-d5964662cc7c: shutdown e545734f-4e78-4d5a-8216-d5964662cc7c@group-8FA41D8F1086-LeaderElection15
2022-08-02 01:00:18,398 [e545734f-4e78-4d5a-8216-d5964662cc7c@group-8FA41D8F1086-LeaderElection15] INFO  server.RaftServer$Division (RaftServerImpl.java:setRole(299)) - e545734f-4e78-4d5a-8216-d5964662cc7c@group-8FA41D8F1086: changes role from CANDIDATE to LEADER at term 1 for changeToLeader
2022-08-02 01:00:18,398 [e545734f-4e78-4d5a-8216-d5964662cc7c@group-8FA41D8F1086-LeaderElection15] INFO  ratis.XceiverServerRatis (XceiverServerRatis.java:handleLeaderChangedNotification(863)) - Leader change notification received for group: group-8FA41D8F1086 with new leaderId: e545734f-4e78-4d5a-8216-d5964662cc7c
2022-08-02 01:00:18,399 [EventQueue-OpenPipelineForHealthyPipelineSafeModeRule] INFO  safemode.SCMSafeModeManager (HealthyPipelineSafeModeRule.java:process(137)) - SCM in safe mode. Healthy pipelines reported count is 0, required healthy pipeline reported count is 1
2022-08-02 01:00:18,399 [e545734f-4e78-4d5a-8216-d5964662cc7c@group-8FA41D8F1086-LeaderElection15] INFO  server.RaftServer$Division (ServerState.java:setLeader(287)) - e545734f-4e78-4d5a-8216-d5964662cc7c@group-8FA41D8F1086: change Leader from null to e545734f-4e78-4d5a-8216-d5964662cc7c at term 1 for becomeLeader, leader elected after 5232ms
2022-08-02 01:00:18,399 [e545734f-4e78-4d5a-8216-d5964662cc7c@group-8FA41D8F1086-LeaderElection15] INFO  server.RaftServerConfigKeys (ConfUtils.java:logGet(46)) - raft.server.staging.catchup.gap = 1000 (default)
2022-08-02 01:00:18,400 [e545734f-4e78-4d5a-8216-d5964662cc7c@group-8FA41D8F1086-LeaderElection15] INFO  server.RaftServerConfigKeys (ConfUtils.java:logGet(46)) - raft.server.write.element-limit = 1024 (custom)
2022-08-02 01:00:18,400 [e545734f-4e78-4d5a-8216-d5964662cc7c@group-8FA41D8F1086-LeaderElection15] INFO  server.RaftServerConfigKeys (ConfUtils.java:logGet(46)) - raft.server.write.byte-limit = 1024 M (=1073741824) (custom)
2022-08-02 01:00:18,400 [e545734f-4e78-4d5a-8216-d5964662cc7c@group-8FA41D8F1086-LeaderElection15] INFO  server.RaftServerConfigKeys (ConfUtils.java:logGet(46)) - raft.server.watch.timeout = 180s (custom)
2022-08-02 01:00:18,400 [e545734f-4e78-4d5a-8216-d5964662cc7c@group-8FA41D8F1086-LeaderElection15] INFO  server.RaftServerConfigKeys (ConfUtils.java:logGet(46)) - raft.server.watch.timeout.denomination = 1s (default)
2022-08-02 01:00:18,400 [e545734f-4e78-4d5a-8216-d5964662cc7c@group-8FA41D8F1086-LeaderElection15] INFO  server.RaftServerConfigKeys (ConfUtils.java:logGet(46)) - raft.server.watch.element-limit = 65536 (default)
2022-08-02 01:00:18,400 [e545734f-4e78-4d5a-8216-d5964662cc7c@group-8FA41D8F1086-LeaderElection15] INFO  server.RaftServerConfigKeys (ConfUtils.java:logGet(46)) - raft.server.write.element-limit = 1024 (custom)
2022-08-02 01:00:18,400 [e545734f-4e78-4d5a-8216-d5964662cc7c@group-8FA41D8F1086-LeaderElection15] INFO  server.RaftServerConfigKeys (ConfUtils.java:logGet(46)) - raft.server.write.follower.gap.ratio.max = -1.0 (default)
2022-08-02 01:00:18,400 [e545734f-4e78-4d5a-8216-d5964662cc7c@group-8FA41D8F1086-LeaderElection15] INFO  impl.RoleInfo (RoleInfo.java:updateAndGet(139)) - e545734f-4e78-4d5a-8216-d5964662cc7c: start e545734f-4e78-4d5a-8216-d5964662cc7c@group-8FA41D8F1086-LeaderStateImpl
2022-08-02 01:00:18,401 [e545734f-4e78-4d5a-8216-d5964662cc7c@group-8FA41D8F1086-LeaderElection15] INFO  segmented.SegmentedRaftLogWorker (SegmentedRaftLogWorker.java:startLogSegment(425)) - e545734f-4e78-4d5a-8216-d5964662cc7c@group-8FA41D8F1086-SegmentedRaftLogWorker: Starting segment from index:0
2022-08-02 01:00:18,406 [e545734f-4e78-4d5a-8216-d5964662cc7c@group-8FA41D8F1086-SegmentedRaftLogWorker] INFO  segmented.SegmentedRaftLogWorker (SegmentedRaftLogWorker.java:execute(629)) - e545734f-4e78-4d5a-8216-d5964662cc7c@group-8FA41D8F1086-SegmentedRaftLogWorker: created new log segment /home/runner/work/ozone/ozone/hadoop-ozone/integration-test/target/test-dir/MiniOzoneClusterImpl-ba95f9bc-837e-4f7b-bdb9-4ac74d2039d9/datanode-4/data/ratis/3464af23-4125-470a-b482-8fa41d8f1086/current/log_inprogress_0
2022-08-02 01:00:18,425 [e545734f-4e78-4d5a-8216-d5964662cc7c@group-8FA41D8F1086-LeaderElection15] INFO  server.RaftServer$Division (ServerState.java:setRaftConf(393)) - e545734f-4e78-4d5a-8216-d5964662cc7c@group-8FA41D8F1086: set configuration 0: [e545734f-4e78-4d5a-8216-d5964662cc7c|rpc:10.1.0.31:32919|dataStream:|priority:1], old=null
2022-08-02 01:00:18,698 [ReplicationMonitor] INFO  replication.ReplicationManager (ReplicationManager.java:processAll(249)) - Replication Manager is not ready to run until 3000ms after safemode exit
2022-08-02 01:00:19,089 [Listener at 127.0.0.1/34483] INFO  ozone.MiniOzoneClusterImpl (MiniOzoneClusterImpl.java:lambda$waitForClusterToBeReady$0(216)) - Nodes are ready. Got 5 of 5 DN Heartbeats.
2022-08-02 01:00:19,089 [Listener at 127.0.0.1/34483] INFO  ozone.MiniOzoneClusterImpl (MiniOzoneClusterImpl.java:lambda$waitForClusterToBeReady$0(219)) - Waiting for cluster to exit safe mode
2022-08-02 01:00:19,089 [Listener at 127.0.0.1/34483] INFO  ozone.MiniOzoneClusterImpl (MiniOzoneClusterImpl.java:lambda$waitForClusterToBeReady$0(221)) - SCM became leader
2022-08-02 01:00:19,706 [ReplicationMonitor] INFO  replication.ReplicationManager (ReplicationManager.java:processAll(249)) - Replication Manager is not ready to run until 3000ms after safemode exit
2022-08-02 01:00:20,089 [Listener at 127.0.0.1/34483] INFO  ozone.MiniOzoneClusterImpl (MiniOzoneClusterImpl.java:lambda$waitForClusterToBeReady$0(216)) - Nodes are ready. Got 5 of 5 DN Heartbeats.
2022-08-02 01:00:20,090 [Listener at 127.0.0.1/34483] INFO  ozone.MiniOzoneClusterImpl (MiniOzoneClusterImpl.java:lambda$waitForClusterToBeReady$0(219)) - Waiting for cluster to exit safe mode
2022-08-02 01:00:20,090 [Listener at 127.0.0.1/34483] INFO  ozone.MiniOzoneClusterImpl (MiniOzoneClusterImpl.java:lambda$waitForClusterToBeReady$0(221)) - SCM became leader
2022-08-02 01:00:20,338 [0cd63bf1-b762-46d4-93c1-680a80f1790f@group-2CF20CC8A234-FollowerState] INFO  impl.FollowerState (FollowerState.java:run(143)) - 0cd63bf1-b762-46d4-93c1-680a80f1790f@group-2CF20CC8A234-FollowerState: change to CANDIDATE, lastRpcElapsedTime:5084176798ns, electionTimeout:5064ms
2022-08-02 01:00:20,338 [0cd63bf1-b762-46d4-93c1-680a80f1790f@group-2CF20CC8A234-FollowerState] INFO  impl.RoleInfo (RoleInfo.java:shutdownFollowerState(110)) - 0cd63bf1-b762-46d4-93c1-680a80f1790f: shutdown 0cd63bf1-b762-46d4-93c1-680a80f1790f@group-2CF20CC8A234-FollowerState
2022-08-02 01:00:20,339 [0cd63bf1-b762-46d4-93c1-680a80f1790f@group-2CF20CC8A234-FollowerState] INFO  server.RaftServer$Division (RaftServerImpl.java:setRole(299)) - 0cd63bf1-b762-46d4-93c1-680a80f1790f@group-2CF20CC8A234: changes role from  FOLLOWER to CANDIDATE at term 1 for changeToCandidate
2022-08-02 01:00:20,339 [0cd63bf1-b762-46d4-93c1-680a80f1790f@group-2CF20CC8A234-FollowerState] INFO  server.RaftServerConfigKeys (ConfUtils.java:logGet(46)) - raft.server.leaderelection.pre-vote = false (custom)
2022-08-02 01:00:20,339 [0cd63bf1-b762-46d4-93c1-680a80f1790f@group-2CF20CC8A234-FollowerState] INFO  impl.RoleInfo (RoleInfo.java:updateAndGet(139)) - 0cd63bf1-b762-46d4-93c1-680a80f1790f: start 0cd63bf1-b762-46d4-93c1-680a80f1790f@group-2CF20CC8A234-LeaderElection16
2022-08-02 01:00:20,354 [0cd63bf1-b762-46d4-93c1-680a80f1790f@group-2CF20CC8A234-LeaderElection16] INFO  impl.LeaderElection (LeaderElection.java:askForVotes(310)) - 0cd63bf1-b762-46d4-93c1-680a80f1790f@group-2CF20CC8A234-LeaderElection16 ELECTION round 0: submit vote requests at term 2 for -1: [b0a39cc0-afce-41ab-9888-c09687d0cbc6|rpc:10.1.0.31:38013|dataStream:|priority:0, 3631a71b-d0c3-46f1-a57c-f0f9ec80367f|rpc:10.1.0.31:44319|dataStream:|priority:1, 0cd63bf1-b762-46d4-93c1-680a80f1790f|rpc:10.1.0.31:33021|dataStream:|priority:0], old=null
2022-08-02 01:00:20,409 [3631a71b-d0c3-46f1-a57c-f0f9ec80367f@group-2CF20CC8A234-FollowerState] INFO  impl.FollowerState (FollowerState.java:run(143)) - 3631a71b-d0c3-46f1-a57c-f0f9ec80367f@group-2CF20CC8A234-FollowerState: change to CANDIDATE, lastRpcElapsedTime:5169278419ns, electionTimeout:5152ms
2022-08-02 01:00:20,409 [3631a71b-d0c3-46f1-a57c-f0f9ec80367f@group-2CF20CC8A234-FollowerState] INFO  impl.RoleInfo (RoleInfo.java:shutdownFollowerState(110)) - 3631a71b-d0c3-46f1-a57c-f0f9ec80367f: shutdown 3631a71b-d0c3-46f1-a57c-f0f9ec80367f@group-2CF20CC8A234-FollowerState
2022-08-02 01:00:20,409 [3631a71b-d0c3-46f1-a57c-f0f9ec80367f@group-2CF20CC8A234-FollowerState] INFO  server.RaftServer$Division (RaftServerImpl.java:setRole(299)) - 3631a71b-d0c3-46f1-a57c-f0f9ec80367f@group-2CF20CC8A234: changes role from  FOLLOWER to CANDIDATE at term 1 for changeToCandidate
2022-08-02 01:00:20,409 [3631a71b-d0c3-46f1-a57c-f0f9ec80367f@group-2CF20CC8A234-FollowerState] INFO  server.RaftServerConfigKeys (ConfUtils.java:logGet(46)) - raft.server.leaderelection.pre-vote = false (custom)
2022-08-02 01:00:20,409 [3631a71b-d0c3-46f1-a57c-f0f9ec80367f@group-2CF20CC8A234-FollowerState] INFO  impl.RoleInfo (RoleInfo.java:updateAndGet(139)) - 3631a71b-d0c3-46f1-a57c-f0f9ec80367f: start 3631a71b-d0c3-46f1-a57c-f0f9ec80367f@group-2CF20CC8A234-LeaderElection17
2022-08-02 01:00:20,432 [grpc-default-executor-1] INFO  server.RaftServer$Division (RaftServerImpl.java:requestVote(1152)) - b0a39cc0-afce-41ab-9888-c09687d0cbc6@group-2CF20CC8A234: receive requestVote(ELECTION, 0cd63bf1-b762-46d4-93c1-680a80f1790f, group-2CF20CC8A234, 2, (t:0, i:0))
2022-08-02 01:00:20,432 [grpc-default-executor-1] INFO  impl.VoteContext (VoteContext.java:log(48)) - b0a39cc0-afce-41ab-9888-c09687d0cbc6@group-2CF20CC8A234-FOLLOWER: accept ELECTION from 0cd63bf1-b762-46d4-93c1-680a80f1790f: our priority 0 <= candidate's priority 0
2022-08-02 01:00:20,432 [grpc-default-executor-1] INFO  server.RaftServer$Division (RaftServerImpl.java:setRole(299)) - b0a39cc0-afce-41ab-9888-c09687d0cbc6@group-2CF20CC8A234: changes role from  FOLLOWER to FOLLOWER at term 2 for candidate:0cd63bf1-b762-46d4-93c1-680a80f1790f
2022-08-02 01:00:20,432 [grpc-default-executor-1] INFO  impl.RoleInfo (RoleInfo.java:shutdownFollowerState(110)) - b0a39cc0-afce-41ab-9888-c09687d0cbc6: shutdown b0a39cc0-afce-41ab-9888-c09687d0cbc6@group-2CF20CC8A234-FollowerState
2022-08-02 01:00:20,432 [grpc-default-executor-1] INFO  impl.RoleInfo (RoleInfo.java:updateAndGet(139)) - b0a39cc0-afce-41ab-9888-c09687d0cbc6: start b0a39cc0-afce-41ab-9888-c09687d0cbc6@group-2CF20CC8A234-FollowerState
2022-08-02 01:00:20,432 [grpc-default-executor-4] INFO  server.RaftServer$Division (RaftServerImpl.java:requestVote(1152)) - 3631a71b-d0c3-46f1-a57c-f0f9ec80367f@group-2CF20CC8A234: receive requestVote(ELECTION, 0cd63bf1-b762-46d4-93c1-680a80f1790f, group-2CF20CC8A234, 2, (t:0, i:0))
2022-08-02 01:00:20,432 [grpc-default-executor-4] INFO  impl.VoteContext (VoteContext.java:log(48)) - 3631a71b-d0c3-46f1-a57c-f0f9ec80367f@group-2CF20CC8A234-CANDIDATE: reject ELECTION from 0cd63bf1-b762-46d4-93c1-680a80f1790f: our priority 1 > candidate's priority 0
2022-08-02 01:00:20,432 [grpc-default-executor-4] INFO  server.RaftServer$Division (RaftServerImpl.java:setRole(299)) - 3631a71b-d0c3-46f1-a57c-f0f9ec80367f@group-2CF20CC8A234: changes role from CANDIDATE to FOLLOWER at term 2 for candidate:0cd63bf1-b762-46d4-93c1-680a80f1790f
2022-08-02 01:00:20,432 [grpc-default-executor-4] INFO  impl.RoleInfo (RoleInfo.java:shutdownLeaderElection(130)) - 3631a71b-d0c3-46f1-a57c-f0f9ec80367f: shutdown 3631a71b-d0c3-46f1-a57c-f0f9ec80367f@group-2CF20CC8A234-LeaderElection17
2022-08-02 01:00:20,436 [3631a71b-d0c3-46f1-a57c-f0f9ec80367f@group-2CF20CC8A234-LeaderElection17] INFO  impl.LeaderElection (LeaderElection.java:run(231)) - 3631a71b-d0c3-46f1-a57c-f0f9ec80367f@group-2CF20CC8A234-LeaderElection17: skip running since this is already CLOSING
2022-08-02 01:00:20,438 [b0a39cc0-afce-41ab-9888-c09687d0cbc6@group-2CF20CC8A234-FollowerState] INFO  impl.FollowerState (FollowerState.java:run(152)) - b0a39cc0-afce-41ab-9888-c09687d0cbc6@group-2CF20CC8A234-FollowerState was interrupted
2022-08-02 01:00:20,454 [grpc-default-executor-1] INFO  server.RaftServer$Division (RaftServerImpl.java:requestVote(1184)) - b0a39cc0-afce-41ab-9888-c09687d0cbc6@group-2CF20CC8A234 replies to ELECTION vote request: 0cd63bf1-b762-46d4-93c1-680a80f1790f<-b0a39cc0-afce-41ab-9888-c09687d0cbc6#0:OK-t2. Peer's state: b0a39cc0-afce-41ab-9888-c09687d0cbc6@group-2CF20CC8A234:t2, leader=null, voted=0cd63bf1-b762-46d4-93c1-680a80f1790f, raftlog=b0a39cc0-afce-41ab-9888-c09687d0cbc6@group-2CF20CC8A234-SegmentedRaftLog:OPENED:c-1, conf=-1: [b0a39cc0-afce-41ab-9888-c09687d0cbc6|rpc:10.1.0.31:38013|priority:0, 3631a71b-d0c3-46f1-a57c-f0f9ec80367f|rpc:10.1.0.31:44319|priority:1, 0cd63bf1-b762-46d4-93c1-680a80f1790f|rpc:10.1.0.31:33021|priority:0], old=null
2022-08-02 01:00:20,457 [grpc-default-executor-4] INFO  impl.RoleInfo (RoleInfo.java:updateAndGet(139)) - 3631a71b-d0c3-46f1-a57c-f0f9ec80367f: start 3631a71b-d0c3-46f1-a57c-f0f9ec80367f@group-2CF20CC8A234-FollowerState
2022-08-02 01:00:20,461 [grpc-default-executor-4] INFO  server.RaftServer$Division (RaftServerImpl.java:requestVote(1184)) - 3631a71b-d0c3-46f1-a57c-f0f9ec80367f@group-2CF20CC8A234 replies to ELECTION vote request: 0cd63bf1-b762-46d4-93c1-680a80f1790f<-3631a71b-d0c3-46f1-a57c-f0f9ec80367f#0:FAIL-t2. Peer's state: 3631a71b-d0c3-46f1-a57c-f0f9ec80367f@group-2CF20CC8A234:t2, leader=null, voted=null, raftlog=3631a71b-d0c3-46f1-a57c-f0f9ec80367f@group-2CF20CC8A234-SegmentedRaftLog:OPENED:c-1, conf=-1: [b0a39cc0-afce-41ab-9888-c09687d0cbc6|rpc:10.1.0.31:38013|dataStream:|priority:0, 3631a71b-d0c3-46f1-a57c-f0f9ec80367f|rpc:10.1.0.31:44319|dataStream:|priority:1, 0cd63bf1-b762-46d4-93c1-680a80f1790f|rpc:10.1.0.31:33021|dataStream:|priority:0], old=null
2022-08-02 01:00:20,465 [0cd63bf1-b762-46d4-93c1-680a80f1790f@group-2CF20CC8A234-LeaderElection16] INFO  impl.LeaderElection (LeaderElection.java:logAndReturn(90)) - 0cd63bf1-b762-46d4-93c1-680a80f1790f@group-2CF20CC8A234-LeaderElection16: ELECTION REJECTED received 2 response(s) and 0 exception(s):
2022-08-02 01:00:20,465 [0cd63bf1-b762-46d4-93c1-680a80f1790f@group-2CF20CC8A234-LeaderElection16] INFO  impl.LeaderElection (LeaderElection.java:logAndReturn(94)) -   Response 0: 0cd63bf1-b762-46d4-93c1-680a80f1790f<-b0a39cc0-afce-41ab-9888-c09687d0cbc6#0:OK-t2
2022-08-02 01:00:20,465 [0cd63bf1-b762-46d4-93c1-680a80f1790f@group-2CF20CC8A234-LeaderElection16] INFO  impl.LeaderElection (LeaderElection.java:logAndReturn(94)) -   Response 1: 0cd63bf1-b762-46d4-93c1-680a80f1790f<-3631a71b-d0c3-46f1-a57c-f0f9ec80367f#0:FAIL-t2
2022-08-02 01:00:20,465 [0cd63bf1-b762-46d4-93c1-680a80f1790f@group-2CF20CC8A234-LeaderElection16] INFO  impl.LeaderElection (LeaderElection.java:askForVotes(312)) - 0cd63bf1-b762-46d4-93c1-680a80f1790f@group-2CF20CC8A234-LeaderElection16 ELECTION round 0: result REJECTED
2022-08-02 01:00:20,466 [0cd63bf1-b762-46d4-93c1-680a80f1790f@group-2CF20CC8A234-LeaderElection16] INFO  server.RaftServer$Division (RaftServerImpl.java:setRole(299)) - 0cd63bf1-b762-46d4-93c1-680a80f1790f@group-2CF20CC8A234: changes role from CANDIDATE to FOLLOWER at term 2 for REJECTED
2022-08-02 01:00:20,466 [0cd63bf1-b762-46d4-93c1-680a80f1790f@group-2CF20CC8A234-LeaderElection16] INFO  impl.RoleInfo (RoleInfo.java:shutdownLeaderElection(130)) - 0cd63bf1-b762-46d4-93c1-680a80f1790f: shutdown 0cd63bf1-b762-46d4-93c1-680a80f1790f@group-2CF20CC8A234-LeaderElection16
2022-08-02 01:00:20,466 [0cd63bf1-b762-46d4-93c1-680a80f1790f@group-2CF20CC8A234-LeaderElection16] INFO  impl.RoleInfo (RoleInfo.java:updateAndGet(139)) - 0cd63bf1-b762-46d4-93c1-680a80f1790f: start 0cd63bf1-b762-46d4-93c1-680a80f1790f@group-2CF20CC8A234-FollowerState
2022-08-02 01:00:20,709 [ReplicationMonitor] INFO  replication.ReplicationManager (ReplicationManager.java:processAll(249)) - Replication Manager is not ready to run until 3000ms after safemode exit
2022-08-02 01:00:21,090 [Listener at 127.0.0.1/34483] INFO  ozone.MiniOzoneClusterImpl (MiniOzoneClusterImpl.java:lambda$waitForClusterToBeReady$0(216)) - Nodes are ready. Got 5 of 5 DN Heartbeats.
2022-08-02 01:00:21,090 [Listener at 127.0.0.1/34483] INFO  ozone.MiniOzoneClusterImpl (MiniOzoneClusterImpl.java:lambda$waitForClusterToBeReady$0(219)) - Waiting for cluster to exit safe mode
2022-08-02 01:00:21,090 [Listener at 127.0.0.1/34483] INFO  ozone.MiniOzoneClusterImpl (MiniOzoneClusterImpl.java:lambda$waitForClusterToBeReady$0(221)) - SCM became leader
2022-08-02 01:00:21,709 [ReplicationMonitor] INFO  replication.ReplicationManager (ReplicationManager.java:processAll(249)) - Replication Manager is not ready to run until 3000ms after safemode exit
2022-08-02 01:00:22,090 [Listener at 127.0.0.1/34483] INFO  ozone.MiniOzoneClusterImpl (MiniOzoneClusterImpl.java:lambda$waitForClusterToBeReady$0(216)) - Nodes are ready. Got 5 of 5 DN Heartbeats.
2022-08-02 01:00:22,090 [Listener at 127.0.0.1/34483] INFO  ozone.MiniOzoneClusterImpl (MiniOzoneClusterImpl.java:lambda$waitForClusterToBeReady$0(219)) - Waiting for cluster to exit safe mode
2022-08-02 01:00:22,090 [Listener at 127.0.0.1/34483] INFO  ozone.MiniOzoneClusterImpl (MiniOzoneClusterImpl.java:lambda$waitForClusterToBeReady$0(221)) - SCM became leader
2022-08-02 01:00:22,709 [ReplicationMonitor] INFO  replication.ReplicationManager (ReplicationManager.java:processAll(249)) - Replication Manager is not ready to run until 3000ms after safemode exit
2022-08-02 01:00:23,092 [Listener at 127.0.0.1/34483] INFO  ozone.MiniOzoneClusterImpl (MiniOzoneClusterImpl.java:lambda$waitForClusterToBeReady$0(216)) - Nodes are ready. Got 5 of 5 DN Heartbeats.
2022-08-02 01:00:23,092 [Listener at 127.0.0.1/34483] INFO  ozone.MiniOzoneClusterImpl (MiniOzoneClusterImpl.java:lambda$waitForClusterToBeReady$0(219)) - Waiting for cluster to exit safe mode
2022-08-02 01:00:23,092 [Listener at 127.0.0.1/34483] INFO  ozone.MiniOzoneClusterImpl (MiniOzoneClusterImpl.java:lambda$waitForClusterToBeReady$0(221)) - SCM became leader
2022-08-02 01:00:23,709 [ReplicationMonitor] INFO  replication.ReplicationManager (ReplicationManager.java:processAll(249)) - Replication Manager is not ready to run until 3000ms after safemode exit
2022-08-02 01:00:24,092 [Listener at 127.0.0.1/34483] INFO  ozone.MiniOzoneClusterImpl (MiniOzoneClusterImpl.java:lambda$waitForClusterToBeReady$0(216)) - Nodes are ready. Got 5 of 5 DN Heartbeats.
2022-08-02 01:00:24,093 [Listener at 127.0.0.1/34483] INFO  ozone.MiniOzoneClusterImpl (MiniOzoneClusterImpl.java:lambda$waitForClusterToBeReady$0(219)) - Waiting for cluster to exit safe mode
2022-08-02 01:00:24,093 [Listener at 127.0.0.1/34483] INFO  ozone.MiniOzoneClusterImpl (MiniOzoneClusterImpl.java:lambda$waitForClusterToBeReady$0(221)) - SCM became leader
2022-08-02 01:00:24,710 [ReplicationMonitor] INFO  replication.ReplicationManager (ReplicationManager.java:processAll(249)) - Replication Manager is not ready to run until 3000ms after safemode exit
2022-08-02 01:00:25,093 [Listener at 127.0.0.1/34483] INFO  ozone.MiniOzoneClusterImpl (MiniOzoneClusterImpl.java:lambda$waitForClusterToBeReady$0(216)) - Nodes are ready. Got 5 of 5 DN Heartbeats.
2022-08-02 01:00:25,093 [Listener at 127.0.0.1/34483] INFO  ozone.MiniOzoneClusterImpl (MiniOzoneClusterImpl.java:lambda$waitForClusterToBeReady$0(219)) - Waiting for cluster to exit safe mode
2022-08-02 01:00:25,093 [Listener at 127.0.0.1/34483] INFO  ozone.MiniOzoneClusterImpl (MiniOzoneClusterImpl.java:lambda$waitForClusterToBeReady$0(221)) - SCM became leader
2022-08-02 01:00:25,567 [3631a71b-d0c3-46f1-a57c-f0f9ec80367f@group-2CF20CC8A234-FollowerState] INFO  impl.FollowerState (FollowerState.java:run(143)) - 3631a71b-d0c3-46f1-a57c-f0f9ec80367f@group-2CF20CC8A234-FollowerState: change to CANDIDATE, lastRpcElapsedTime:5109355844ns, electionTimeout:5086ms
2022-08-02 01:00:25,567 [3631a71b-d0c3-46f1-a57c-f0f9ec80367f@group-2CF20CC8A234-FollowerState] INFO  impl.RoleInfo (RoleInfo.java:shutdownFollowerState(110)) - 3631a71b-d0c3-46f1-a57c-f0f9ec80367f: shutdown 3631a71b-d0c3-46f1-a57c-f0f9ec80367f@group-2CF20CC8A234-FollowerState
2022-08-02 01:00:25,567 [3631a71b-d0c3-46f1-a57c-f0f9ec80367f@group-2CF20CC8A234-FollowerState] INFO  server.RaftServer$Division (RaftServerImpl.java:setRole(299)) - 3631a71b-d0c3-46f1-a57c-f0f9ec80367f@group-2CF20CC8A234: changes role from  FOLLOWER to CANDIDATE at term 2 for changeToCandidate
2022-08-02 01:00:25,567 [3631a71b-d0c3-46f1-a57c-f0f9ec80367f@group-2CF20CC8A234-FollowerState] INFO  server.RaftServerConfigKeys (ConfUtils.java:logGet(46)) - raft.server.leaderelection.pre-vote = false (custom)
2022-08-02 01:00:25,567 [3631a71b-d0c3-46f1-a57c-f0f9ec80367f@group-2CF20CC8A234-FollowerState] INFO  impl.RoleInfo (RoleInfo.java:updateAndGet(139)) - 3631a71b-d0c3-46f1-a57c-f0f9ec80367f: start 3631a71b-d0c3-46f1-a57c-f0f9ec80367f@group-2CF20CC8A234-LeaderElection18
2022-08-02 01:00:25,584 [3631a71b-d0c3-46f1-a57c-f0f9ec80367f@group-2CF20CC8A234-LeaderElection18] INFO  impl.LeaderElection (LeaderElection.java:askForVotes(310)) - 3631a71b-d0c3-46f1-a57c-f0f9ec80367f@group-2CF20CC8A234-LeaderElection18 ELECTION round 0: submit vote requests at term 3 for -1: [b0a39cc0-afce-41ab-9888-c09687d0cbc6|rpc:10.1.0.31:38013|dataStream:|priority:0, 3631a71b-d0c3-46f1-a57c-f0f9ec80367f|rpc:10.1.0.31:44319|dataStream:|priority:1, 0cd63bf1-b762-46d4-93c1-680a80f1790f|rpc:10.1.0.31:33021|dataStream:|priority:0], old=null
2022-08-02 01:00:25,627 [grpc-default-executor-1] INFO  server.RaftServer$Division (RaftServerImpl.java:requestVote(1152)) - 0cd63bf1-b762-46d4-93c1-680a80f1790f@group-2CF20CC8A234: receive requestVote(ELECTION, 3631a71b-d0c3-46f1-a57c-f0f9ec80367f, group-2CF20CC8A234, 3, (t:0, i:0))
2022-08-02 01:00:25,627 [grpc-default-executor-1] INFO  impl.VoteContext (VoteContext.java:log(48)) - 0cd63bf1-b762-46d4-93c1-680a80f1790f@group-2CF20CC8A234-FOLLOWER: accept ELECTION from 3631a71b-d0c3-46f1-a57c-f0f9ec80367f: our priority 0 <= candidate's priority 1
2022-08-02 01:00:25,627 [grpc-default-executor-1] INFO  server.RaftServer$Division (RaftServerImpl.java:setRole(299)) - 0cd63bf1-b762-46d4-93c1-680a80f1790f@group-2CF20CC8A234: changes role from  FOLLOWER to FOLLOWER at term 3 for candidate:3631a71b-d0c3-46f1-a57c-f0f9ec80367f
2022-08-02 01:00:25,627 [grpc-default-executor-1] INFO  impl.RoleInfo (RoleInfo.java:shutdownFollowerState(110)) - 0cd63bf1-b762-46d4-93c1-680a80f1790f: shutdown 0cd63bf1-b762-46d4-93c1-680a80f1790f@group-2CF20CC8A234-FollowerState
2022-08-02 01:00:25,627 [grpc-default-executor-1] INFO  impl.RoleInfo (RoleInfo.java:updateAndGet(139)) - 0cd63bf1-b762-46d4-93c1-680a80f1790f: start 0cd63bf1-b762-46d4-93c1-680a80f1790f@group-2CF20CC8A234-FollowerState
2022-08-02 01:00:25,628 [0cd63bf1-b762-46d4-93c1-680a80f1790f@group-2CF20CC8A234-FollowerState] INFO  impl.FollowerState (FollowerState.java:run(152)) - 0cd63bf1-b762-46d4-93c1-680a80f1790f@group-2CF20CC8A234-FollowerState was interrupted
2022-08-02 01:00:25,639 [grpc-default-executor-1] INFO  server.RaftServer$Division (RaftServerImpl.java:requestVote(1184)) - 0cd63bf1-b762-46d4-93c1-680a80f1790f@group-2CF20CC8A234 replies to ELECTION vote request: 3631a71b-d0c3-46f1-a57c-f0f9ec80367f<-0cd63bf1-b762-46d4-93c1-680a80f1790f#0:OK-t3. Peer's state: 0cd63bf1-b762-46d4-93c1-680a80f1790f@group-2CF20CC8A234:t3, leader=null, voted=3631a71b-d0c3-46f1-a57c-f0f9ec80367f, raftlog=0cd63bf1-b762-46d4-93c1-680a80f1790f@group-2CF20CC8A234-SegmentedRaftLog:OPENED:c-1, conf=-1: [b0a39cc0-afce-41ab-9888-c09687d0cbc6|rpc:10.1.0.31:38013|dataStream:|priority:0, 3631a71b-d0c3-46f1-a57c-f0f9ec80367f|rpc:10.1.0.31:44319|dataStream:|priority:1, 0cd63bf1-b762-46d4-93c1-680a80f1790f|rpc:10.1.0.31:33021|dataStream:|priority:0], old=null
2022-08-02 01:00:25,640 [3631a71b-d0c3-46f1-a57c-f0f9ec80367f@group-2CF20CC8A234-LeaderElection18] INFO  impl.LeaderElection (LeaderElection.java:logAndReturn(90)) - 3631a71b-d0c3-46f1-a57c-f0f9ec80367f@group-2CF20CC8A234-LeaderElection18: ELECTION PASSED received 1 response(s) and 0 exception(s):
2022-08-02 01:00:25,640 [3631a71b-d0c3-46f1-a57c-f0f9ec80367f@group-2CF20CC8A234-LeaderElection18] INFO  impl.LeaderElection (LeaderElection.java:logAndReturn(94)) -   Response 0: 3631a71b-d0c3-46f1-a57c-f0f9ec80367f<-0cd63bf1-b762-46d4-93c1-680a80f1790f#0:OK-t3
2022-08-02 01:00:25,640 [3631a71b-d0c3-46f1-a57c-f0f9ec80367f@group-2CF20CC8A234-LeaderElection18] INFO  impl.LeaderElection (LeaderElection.java:askForVotes(312)) - 3631a71b-d0c3-46f1-a57c-f0f9ec80367f@group-2CF20CC8A234-LeaderElection18 ELECTION round 0: result PASSED
2022-08-02 01:00:25,640 [3631a71b-d0c3-46f1-a57c-f0f9ec80367f@group-2CF20CC8A234-LeaderElection18] INFO  impl.RoleInfo (RoleInfo.java:shutdownLeaderElection(130)) - 3631a71b-d0c3-46f1-a57c-f0f9ec80367f: shutdown 3631a71b-d0c3-46f1-a57c-f0f9ec80367f@group-2CF20CC8A234-LeaderElection18
2022-08-02 01:00:25,640 [3631a71b-d0c3-46f1-a57c-f0f9ec80367f@group-2CF20CC8A234-LeaderElection18] INFO  server.RaftServer$Division (RaftServerImpl.java:setRole(299)) - 3631a71b-d0c3-46f1-a57c-f0f9ec80367f@group-2CF20CC8A234: changes role from CANDIDATE to LEADER at term 3 for changeToLeader
2022-08-02 01:00:25,640 [3631a71b-d0c3-46f1-a57c-f0f9ec80367f@group-2CF20CC8A234-LeaderElection18] INFO  ratis.XceiverServerRatis (XceiverServerRatis.java:handleLeaderChangedNotification(863)) - Leader change notification received for group: group-2CF20CC8A234 with new leaderId: 3631a71b-d0c3-46f1-a57c-f0f9ec80367f
2022-08-02 01:00:25,640 [3631a71b-d0c3-46f1-a57c-f0f9ec80367f@group-2CF20CC8A234-LeaderElection18] INFO  server.RaftServer$Division (ServerState.java:setLeader(287)) - 3631a71b-d0c3-46f1-a57c-f0f9ec80367f@group-2CF20CC8A234: change Leader from null to 3631a71b-d0c3-46f1-a57c-f0f9ec80367f at term 3 for becomeLeader, leader elected after 15440ms
2022-08-02 01:00:25,640 [3631a71b-d0c3-46f1-a57c-f0f9ec80367f@group-2CF20CC8A234-LeaderElection18] INFO  server.RaftServerConfigKeys (ConfUtils.java:logGet(46)) - raft.server.staging.catchup.gap = 1000 (default)
2022-08-02 01:00:25,642 [EventQueue-PipelineReportForPipelineReportHandler] INFO  pipeline.PipelineManagerImpl (PipelineManagerImpl.java:openPipeline(367)) - Pipeline Pipeline[ Id: 1a4893df-c7b2-47ad-a064-2cf20cc8a234, Nodes: b0a39cc0-afce-41ab-9888-c09687d0cbc6{ip: 10.1.0.31, host: fv-az164-385.acqy4frhnxdelaro313li45hge.dx.internal.cloudapp.net, ports: [REPLICATION=36001, RATIS=38013, RATIS_ADMIN=38013, RATIS_SERVER=38013, STANDALONE=34021], networkLocation: /default-rack, certSerialId: null, persistedOpState: IN_SERVICE, persistedOpStateExpiryEpochSec: 0}3631a71b-d0c3-46f1-a57c-f0f9ec80367f{ip: 10.1.0.31, host: fv-az164-385.acqy4frhnxdelaro313li45hge.dx.internal.cloudapp.net, ports: [REPLICATION=37865, RATIS=44319, RATIS_ADMIN=44319, RATIS_SERVER=44319, STANDALONE=46159], networkLocation: /default-rack, certSerialId: null, persistedOpState: IN_SERVICE, persistedOpStateExpiryEpochSec: 0}0cd63bf1-b762-46d4-93c1-680a80f1790f{ip: 10.1.0.31, host: fv-az164-385.acqy4frhnxdelaro313li45hge.dx.internal.cloudapp.net, ports: [REPLICATION=41103, RATIS=33021, RATIS_ADMIN=33021, RATIS_SERVER=33021, STANDALONE=40393], networkLocation: /default-rack, certSerialId: null, persistedOpState: IN_SERVICE, persistedOpStateExpiryEpochSec: 0}, ReplicationConfig: RATIS/THREE, State:ALLOCATED, leaderId:3631a71b-d0c3-46f1-a57c-f0f9ec80367f, CreationTimestamp2022-08-02T01:00:08.686Z[Etc/UTC]] moved to OPEN state
2022-08-02 01:00:25,642 [EventQueue-OpenPipelineForHealthyPipelineSafeModeRule] INFO  safemode.SCMSafeModeManager (HealthyPipelineSafeModeRule.java:process(137)) - SCM in safe mode. Healthy pipelines reported count is 1, required healthy pipeline reported count is 1
2022-08-02 01:00:25,642 [EventQueue-OpenPipelineForHealthyPipelineSafeModeRule] INFO  safemode.SCMSafeModeManager (SCMSafeModeManager.java:validateSafeModeExitRules(204)) - HealthyPipelineSafeModeRule rule is successfully validated
2022-08-02 01:00:25,642 [EventQueue-OpenPipelineForHealthyPipelineSafeModeRule] INFO  safemode.SCMSafeModeManager (SCMSafeModeManager.java:validateSafeModeExitRules(219)) - ScmSafeModeManager, all rules are successfully validated
2022-08-02 01:00:25,643 [EventQueue-OpenPipelineForHealthyPipelineSafeModeRule] INFO  safemode.SCMSafeModeManager (SCMSafeModeManager.java:exitSafeMode(248)) - SCM exiting safe mode.
2022-08-02 01:00:25,643 [EventQueue-OpenPipelineForHealthyPipelineSafeModeRule] WARN  events.EventQueue (EventQueue.java:fireEvent(216)) - No event handler registered for event TypedEvent{payloadType=SafeModeStatus, name='Safe mode status'}
2022-08-02 01:00:25,643 [EventQueue-OpenPipelineForHealthyPipelineSafeModeRule] INFO  ha.SCMContext (SCMContext.java:updateSafeModeStatus(228)) - Update SafeModeStatus from SafeModeStatus{safeModeStatus=true, preCheckPassed=true} to SafeModeStatus{safeModeStatus=false, preCheckPassed=true}.
2022-08-02 01:00:25,643 [EventQueue-OpenPipelineForHealthyPipelineSafeModeRule] INFO  pipeline.BackgroundPipelineCreator (BackgroundPipelineCreator.java:notifyStatusChanged(254)) - Service BackgroundPipelineCreator transitions to RUNNING.
2022-08-02 01:00:25,643 [EventQueue-OpenPipelineForHealthyPipelineSafeModeRule] INFO  BackgroundPipelineScrubber (BackgroundSCMService.java:notifyStatusChanged(82)) - Service BackgroundPipelineScrubber transitions to RUNNING.
2022-08-02 01:00:25,643 [EventQueue-OpenPipelineForHealthyPipelineSafeModeRule] INFO  ExpiredContainerReplicaOpScrubber (BackgroundSCMService.java:notifyStatusChanged(82)) - Service ExpiredContainerReplicaOpScrubber transitions to RUNNING.
2022-08-02 01:00:25,643 [EventQueue-OpenPipelineForHealthyPipelineSafeModeRule] INFO  UnderReplicatedQueueThread (BackgroundSCMService.java:notifyStatusChanged(82)) - Service UnderReplicatedQueueThread transitions to RUNNING.
2022-08-02 01:00:25,643 [EventQueue-OpenPipelineForHealthyPipelineSafeModeRule] INFO  OverReplicatedQueueThread (BackgroundSCMService.java:notifyStatusChanged(82)) - Service OverReplicatedQueueThread transitions to RUNNING.
2022-08-02 01:00:25,643 [EventQueue-OpenPipelineForHealthyPipelineSafeModeRule] INFO  replication.ReplicationManager (ReplicationManager.java:notifyStatusChanged(642)) - Service ReplicationManager transitions to RUNNING.
2022-08-02 01:00:25,643 [EventQueue-OpenPipelineForHealthyPipelineSafeModeRule] WARN  balancer.ContainerBalancer (ContainerBalancer.java:shouldRun(904)) - Could not find persisted configuration for ContainerBalancer when checking if ContainerBalancer should run. ContainerBalancer should not run now.
2022-08-02 01:00:25,643 [3631a71b-d0c3-46f1-a57c-f0f9ec80367f@group-2CF20CC8A234-LeaderElection18] INFO  server.RaftServerConfigKeys (ConfUtils.java:logGet(46)) - raft.server.write.element-limit = 1024 (custom)
2022-08-02 01:00:25,643 [3631a71b-d0c3-46f1-a57c-f0f9ec80367f@group-2CF20CC8A234-LeaderElection18] INFO  server.RaftServerConfigKeys (ConfUtils.java:logGet(46)) - raft.server.write.byte-limit = 1024 M (=1073741824) (custom)
2022-08-02 01:00:25,644 [3631a71b-d0c3-46f1-a57c-f0f9ec80367f@group-2CF20CC8A234-LeaderElection18] INFO  server.RaftServerConfigKeys (ConfUtils.java:logGet(46)) - raft.server.watch.timeout = 180s (custom)
2022-08-02 01:00:25,644 [3631a71b-d0c3-46f1-a57c-f0f9ec80367f@group-2CF20CC8A234-LeaderElection18] INFO  server.RaftServerConfigKeys (ConfUtils.java:logGet(46)) - raft.server.watch.timeout.denomination = 1s (default)
2022-08-02 01:00:25,644 [3631a71b-d0c3-46f1-a57c-f0f9ec80367f@group-2CF20CC8A234-LeaderElection18] INFO  server.RaftServerConfigKeys (ConfUtils.java:logGet(46)) - raft.server.watch.element-limit = 65536 (default)
2022-08-02 01:00:25,644 [3631a71b-d0c3-46f1-a57c-f0f9ec80367f@group-2CF20CC8A234-LeaderElection18] INFO  server.RaftServerConfigKeys (ConfUtils.java:logGet(46)) - raft.server.write.element-limit = 1024 (custom)
2022-08-02 01:00:25,644 [3631a71b-d0c3-46f1-a57c-f0f9ec80367f@group-2CF20CC8A234-LeaderElection18] INFO  server.RaftServerConfigKeys (ConfUtils.java:logGet(46)) - raft.server.write.follower.gap.ratio.max = -1.0 (default)
2022-08-02 01:00:25,645 [3631a71b-d0c3-46f1-a57c-f0f9ec80367f@group-2CF20CC8A234-LeaderElection18] INFO  server.RaftServerConfigKeys (ConfUtils.java:logGet(46)) - raft.server.log.appender.snapshot.chunk.size.max = 16MB (=16777216) (default)
2022-08-02 01:00:25,645 [3631a71b-d0c3-46f1-a57c-f0f9ec80367f@group-2CF20CC8A234-LeaderElection18] INFO  server.RaftServerConfigKeys (ConfUtils.java:logGet(46)) - raft.server.log.appender.buffer.byte-limit = 33554432 (custom)
2022-08-02 01:00:25,645 [3631a71b-d0c3-46f1-a57c-f0f9ec80367f@group-2CF20CC8A234-LeaderElection18] INFO  server.RaftServerConfigKeys (ConfUtils.java:logGet(46)) - raft.server.log.appender.buffer.element-limit = 1 (custom)
2022-08-02 01:00:25,645 [3631a71b-d0c3-46f1-a57c-f0f9ec80367f@group-2CF20CC8A234-LeaderElection18] INFO  grpc.GrpcConfigKeys (ConfUtils.java:logGet(46)) - raft.grpc.server.leader.outstanding.appends.max = 128 (default)
2022-08-02 01:00:25,645 [3631a71b-d0c3-46f1-a57c-f0f9ec80367f@group-2CF20CC8A234-LeaderElection18] INFO  server.RaftServerConfigKeys (ConfUtils.java:logGet(46)) - raft.server.rpc.request.timeout = 60s (custom)
2022-08-02 01:00:25,645 [3631a71b-d0c3-46f1-a57c-f0f9ec80367f@group-2CF20CC8A234-LeaderElection18] INFO  server.RaftServerConfigKeys (ConfUtils.java:logGet(46)) - raft.server.log.appender.install.snapshot.enabled = false (custom)
2022-08-02 01:00:25,646 [3631a71b-d0c3-46f1-a57c-f0f9ec80367f@group-2CF20CC8A234-LeaderElection18] INFO  server.RaftServerConfigKeys (ConfUtils.java:logGet(46)) - raft.server.log.appender.snapshot.chunk.size.max = 16MB (=16777216) (default)
2022-08-02 01:00:25,656 [grpc-default-executor-4] INFO  server.RaftServer$Division (RaftServerImpl.java:requestVote(1152)) - b0a39cc0-afce-41ab-9888-c09687d0cbc6@group-2CF20CC8A234: receive requestVote(ELECTION, 3631a71b-d0c3-46f1-a57c-f0f9ec80367f, group-2CF20CC8A234, 3, (t:0, i:0))
2022-08-02 01:00:25,658 [grpc-default-executor-4] INFO  impl.VoteContext (VoteContext.java:log(48)) - b0a39cc0-afce-41ab-9888-c09687d0cbc6@group-2CF20CC8A234-FOLLOWER: accept ELECTION from 3631a71b-d0c3-46f1-a57c-f0f9ec80367f: our priority 0 <= candidate's priority 1
2022-08-02 01:00:25,658 [grpc-default-executor-4] INFO  server.RaftServer$Division (RaftServerImpl.java:setRole(299)) - b0a39cc0-afce-41ab-9888-c09687d0cbc6@group-2CF20CC8A234: changes role from  FOLLOWER to FOLLOWER at term 3 for candidate:3631a71b-d0c3-46f1-a57c-f0f9ec80367f
2022-08-02 01:00:25,658 [grpc-default-executor-4] INFO  impl.RoleInfo (RoleInfo.java:shutdownFollowerState(110)) - b0a39cc0-afce-41ab-9888-c09687d0cbc6: shutdown b0a39cc0-afce-41ab-9888-c09687d0cbc6@group-2CF20CC8A234-FollowerState
2022-08-02 01:00:25,659 [grpc-default-executor-4] INFO  impl.RoleInfo (RoleInfo.java:updateAndGet(139)) - b0a39cc0-afce-41ab-9888-c09687d0cbc6: start b0a39cc0-afce-41ab-9888-c09687d0cbc6@group-2CF20CC8A234-FollowerState
2022-08-02 01:00:25,659 [b0a39cc0-afce-41ab-9888-c09687d0cbc6@group-2CF20CC8A234-FollowerState] INFO  impl.FollowerState (FollowerState.java:run(152)) - b0a39cc0-afce-41ab-9888-c09687d0cbc6@group-2CF20CC8A234-FollowerState was interrupted
2022-08-02 01:00:25,659 [3631a71b-d0c3-46f1-a57c-f0f9ec80367f@group-2CF20CC8A234-LeaderElection18] INFO  server.RaftServerConfigKeys (ConfUtils.java:logGet(46)) - raft.server.log.appender.buffer.byte-limit = 33554432 (custom)
2022-08-02 01:00:25,659 [3631a71b-d0c3-46f1-a57c-f0f9ec80367f@group-2CF20CC8A234-LeaderElection18] INFO  server.RaftServerConfigKeys (ConfUtils.java:logGet(46)) - raft.server.log.appender.buffer.element-limit = 1 (custom)
2022-08-02 01:00:25,673 [3631a71b-d0c3-46f1-a57c-f0f9ec80367f@group-2CF20CC8A234-LeaderElection18] INFO  grpc.GrpcConfigKeys (ConfUtils.java:logGet(46)) - raft.grpc.server.leader.outstanding.appends.max = 128 (default)
2022-08-02 01:00:25,673 [3631a71b-d0c3-46f1-a57c-f0f9ec80367f@group-2CF20CC8A234-LeaderElection18] INFO  server.RaftServerConfigKeys (ConfUtils.java:logGet(46)) - raft.server.rpc.request.timeout = 60s (custom)
2022-08-02 01:00:25,673 [3631a71b-d0c3-46f1-a57c-f0f9ec80367f@group-2CF20CC8A234-LeaderElection18] INFO  server.RaftServerConfigKeys (ConfUtils.java:logGet(46)) - raft.server.log.appender.install.snapshot.enabled = false (custom)
2022-08-02 01:00:25,673 [3631a71b-d0c3-46f1-a57c-f0f9ec80367f@group-2CF20CC8A234-LeaderElection18] INFO  impl.RoleInfo (RoleInfo.java:updateAndGet(139)) - 3631a71b-d0c3-46f1-a57c-f0f9ec80367f: start 3631a71b-d0c3-46f1-a57c-f0f9ec80367f@group-2CF20CC8A234-LeaderStateImpl
2022-08-02 01:00:25,674 [3631a71b-d0c3-46f1-a57c-f0f9ec80367f@group-2CF20CC8A234-LeaderElection18] INFO  segmented.SegmentedRaftLogWorker (SegmentedRaftLogWorker.java:startLogSegment(425)) - 3631a71b-d0c3-46f1-a57c-f0f9ec80367f@group-2CF20CC8A234-SegmentedRaftLogWorker: Starting segment from index:0
2022-08-02 01:00:25,676 [3631a71b-d0c3-46f1-a57c-f0f9ec80367f@group-2CF20CC8A234-SegmentedRaftLogWorker] INFO  segmented.SegmentedRaftLogWorker (SegmentedRaftLogWorker.java:execute(629)) - 3631a71b-d0c3-46f1-a57c-f0f9ec80367f@group-2CF20CC8A234-SegmentedRaftLogWorker: created new log segment /home/runner/work/ozone/ozone/hadoop-ozone/integration-test/target/test-dir/MiniOzoneClusterImpl-ba95f9bc-837e-4f7b-bdb9-4ac74d2039d9/datanode-1/data/ratis/1a4893df-c7b2-47ad-a064-2cf20cc8a234/current/log_inprogress_0
2022-08-02 01:00:25,681 [grpc-default-executor-4] INFO  server.RaftServer$Division (RaftServerImpl.java:requestVote(1184)) - b0a39cc0-afce-41ab-9888-c09687d0cbc6@group-2CF20CC8A234 replies to ELECTION vote request: 3631a71b-d0c3-46f1-a57c-f0f9ec80367f<-b0a39cc0-afce-41ab-9888-c09687d0cbc6#0:OK-t3. Peer's state: b0a39cc0-afce-41ab-9888-c09687d0cbc6@group-2CF20CC8A234:t3, leader=null, voted=3631a71b-d0c3-46f1-a57c-f0f9ec80367f, raftlog=b0a39cc0-afce-41ab-9888-c09687d0cbc6@group-2CF20CC8A234-SegmentedRaftLog:OPENED:c-1, conf=-1: [b0a39cc0-afce-41ab-9888-c09687d0cbc6|rpc:10.1.0.31:38013|priority:0, 3631a71b-d0c3-46f1-a57c-f0f9ec80367f|rpc:10.1.0.31:44319|priority:1, 0cd63bf1-b762-46d4-93c1-680a80f1790f|rpc:10.1.0.31:33021|priority:0], old=null
2022-08-02 01:00:25,717 [3631a71b-d0c3-46f1-a57c-f0f9ec80367f@group-2CF20CC8A234-LeaderElection18] INFO  server.RaftServer$Division (ServerState.java:setRaftConf(393)) - 3631a71b-d0c3-46f1-a57c-f0f9ec80367f@group-2CF20CC8A234: set configuration 0: [b0a39cc0-afce-41ab-9888-c09687d0cbc6|rpc:10.1.0.31:38013|dataStream:|priority:0, 3631a71b-d0c3-46f1-a57c-f0f9ec80367f|rpc:10.1.0.31:44319|dataStream:|priority:1, 0cd63bf1-b762-46d4-93c1-680a80f1790f|rpc:10.1.0.31:33021|dataStream:|priority:0], old=null
2022-08-02 01:00:25,732 [ReplicationMonitor] INFO  replication.ReplicationManager (ReplicationManager.java:processAll(249)) - Replication Manager is not ready to run until 3000ms after safemode exit
2022-08-02 01:00:25,733 [0cd63bf1-b762-46d4-93c1-680a80f1790f-server-thread1] INFO  ratis.XceiverServerRatis (XceiverServerRatis.java:handleLeaderChangedNotification(863)) - Leader change notification received for group: group-2CF20CC8A234 with new leaderId: 3631a71b-d0c3-46f1-a57c-f0f9ec80367f
2022-08-02 01:00:25,733 [0cd63bf1-b762-46d4-93c1-680a80f1790f-server-thread1] INFO  server.RaftServer$Division (ServerState.java:setLeader(287)) - 0cd63bf1-b762-46d4-93c1-680a80f1790f@group-2CF20CC8A234: change Leader from null to 3631a71b-d0c3-46f1-a57c-f0f9ec80367f at term 3 for appendEntries, leader elected after 15431ms
2022-08-02 01:00:25,734 [b0a39cc0-afce-41ab-9888-c09687d0cbc6-server-thread1] INFO  ratis.XceiverServerRatis (XceiverServerRatis.java:handleLeaderChangedNotification(863)) - Leader change notification received for group: group-2CF20CC8A234 with new leaderId: 3631a71b-d0c3-46f1-a57c-f0f9ec80367f
2022-08-02 01:00:25,734 [b0a39cc0-afce-41ab-9888-c09687d0cbc6-server-thread1] INFO  server.RaftServer$Division (ServerState.java:setLeader(287)) - b0a39cc0-afce-41ab-9888-c09687d0cbc6@group-2CF20CC8A234: change Leader from null to 3631a71b-d0c3-46f1-a57c-f0f9ec80367f at term 3 for appendEntries, leader elected after 15650ms
2022-08-02 01:00:25,764 [0cd63bf1-b762-46d4-93c1-680a80f1790f-server-thread1] INFO  server.RaftServer$Division (ServerState.java:setRaftConf(393)) - 0cd63bf1-b762-46d4-93c1-680a80f1790f@group-2CF20CC8A234: set configuration 0: [b0a39cc0-afce-41ab-9888-c09687d0cbc6|rpc:10.1.0.31:38013|dataStream:|priority:0, 3631a71b-d0c3-46f1-a57c-f0f9ec80367f|rpc:10.1.0.31:44319|dataStream:|priority:1, 0cd63bf1-b762-46d4-93c1-680a80f1790f|rpc:10.1.0.31:33021|dataStream:|priority:0], old=null
2022-08-02 01:00:25,764 [b0a39cc0-afce-41ab-9888-c09687d0cbc6-server-thread1] INFO  server.RaftServer$Division (ServerState.java:setRaftConf(393)) - b0a39cc0-afce-41ab-9888-c09687d0cbc6@group-2CF20CC8A234: set configuration 0: [b0a39cc0-afce-41ab-9888-c09687d0cbc6|rpc:10.1.0.31:38013|dataStream:|priority:0, 3631a71b-d0c3-46f1-a57c-f0f9ec80367f|rpc:10.1.0.31:44319|dataStream:|priority:1, 0cd63bf1-b762-46d4-93c1-680a80f1790f|rpc:10.1.0.31:33021|dataStream:|priority:0], old=null
2022-08-02 01:00:25,764 [0cd63bf1-b762-46d4-93c1-680a80f1790f-server-thread1] INFO  segmented.SegmentedRaftLogWorker (SegmentedRaftLogWorker.java:startLogSegment(425)) - 0cd63bf1-b762-46d4-93c1-680a80f1790f@group-2CF20CC8A234-SegmentedRaftLogWorker: Starting segment from index:0
2022-08-02 01:00:25,764 [b0a39cc0-afce-41ab-9888-c09687d0cbc6-server-thread1] INFO  segmented.SegmentedRaftLogWorker (SegmentedRaftLogWorker.java:startLogSegment(425)) - b0a39cc0-afce-41ab-9888-c09687d0cbc6@group-2CF20CC8A234-SegmentedRaftLogWorker: Starting segment from index:0
2022-08-02 01:00:25,768 [b0a39cc0-afce-41ab-9888-c09687d0cbc6@group-2CF20CC8A234-SegmentedRaftLogWorker] INFO  segmented.SegmentedRaftLogWorker (SegmentedRaftLogWorker.java:execute(629)) - b0a39cc0-afce-41ab-9888-c09687d0cbc6@group-2CF20CC8A234-SegmentedRaftLogWorker: created new log segment /home/runner/work/ozone/ozone/hadoop-ozone/integration-test/target/test-dir/MiniOzoneClusterImpl-ba95f9bc-837e-4f7b-bdb9-4ac74d2039d9/datanode-0/data/ratis/1a4893df-c7b2-47ad-a064-2cf20cc8a234/current/log_inprogress_0
2022-08-02 01:00:25,768 [0cd63bf1-b762-46d4-93c1-680a80f1790f@group-2CF20CC8A234-SegmentedRaftLogWorker] INFO  segmented.SegmentedRaftLogWorker (SegmentedRaftLogWorker.java:execute(629)) - 0cd63bf1-b762-46d4-93c1-680a80f1790f@group-2CF20CC8A234-SegmentedRaftLogWorker: created new log segment /home/runner/work/ozone/ozone/hadoop-ozone/integration-test/target/test-dir/MiniOzoneClusterImpl-ba95f9bc-837e-4f7b-bdb9-4ac74d2039d9/datanode-2/data/ratis/1a4893df-c7b2-47ad-a064-2cf20cc8a234/current/log_inprogress_0
2022-08-02 01:00:26,097 [Listener at 127.0.0.1/34483] INFO  ozone.MiniOzoneClusterImpl (MiniOzoneClusterImpl.java:lambda$waitForClusterToBeReady$0(216)) - Nodes are ready. Got 5 of 5 DN Heartbeats.
2022-08-02 01:00:26,097 [Listener at 127.0.0.1/34483] INFO  ozone.MiniOzoneClusterImpl (MiniOzoneClusterImpl.java:lambda$waitForClusterToBeReady$0(219)) - Cluster exits safe mode
2022-08-02 01:00:26,097 [Listener at 127.0.0.1/34483] INFO  ozone.MiniOzoneClusterImpl (MiniOzoneClusterImpl.java:lambda$waitForClusterToBeReady$0(221)) - SCM became leader
2022-08-02 01:00:26,119 [Listener at 127.0.0.1/34483] INFO  rpc.RpcClient (RpcClient.java:createVolume(468)) - Creating Volume: 834bf9c8-e483-4e74-98de-151b0314b564, with runner as owner and space quota set to -1 bytes, counts quota set to -1
2022-08-02 01:00:26,153 [OM StateMachine ApplyTransaction Thread - 0] INFO  volume.OMVolumeCreateRequest (OMVolumeCreateRequest.java:validateAndUpdateCache(195)) - created volume:834bf9c8-e483-4e74-98de-151b0314b564 for user:runner
2022-08-02 01:00:26,196 [Listener at 127.0.0.1/34483] INFO  rpc.RpcClient (RpcClient.java:createBucket(671)) - Creating Bucket: 834bf9c8-e483-4e74-98de-151b0314b564/6cc3fe5f-8e4f-4a7c-bd56-e12523d4cea8, with server-side default bucket layout, runner as owner, Versioning false, Storage Type set to DISK and Encryption set to false 
2022-08-02 01:00:26,202 [OM StateMachine ApplyTransaction Thread - 0] INFO  bucket.OMBucketCreateRequest (OMBucketCreateRequest.java:validateAndUpdateCache(260)) - created bucket: 6cc3fe5f-8e4f-4a7c-bd56-e12523d4cea8 of layout LEGACY in volume: 834bf9c8-e483-4e74-98de-151b0314b564
2022-08-02 01:00:26,245 [IPC Server handler 1 on default port 37839] INFO  ha.SequenceIdGenerator (SequenceIdGenerator.java:getNextId(128)) - Allocate a batch for containerId, change lastId from 0 to 1000.
2022-08-02 01:00:26,246 [IPC Server handler 1 on default port 37839] WARN  ha.SequenceIdGenerator (SequenceIdGenerator.java:allocateBatch(237)) - Failed to allocate a batch for localId, expected lastId is 0, actual lastId is 109611004723200000.
2022-08-02 01:00:26,246 [IPC Server handler 1 on default port 37839] INFO  ha.SequenceIdGenerator (SequenceIdGenerator.java:getNextId(128)) - Allocate a batch for localId, change lastId from 109611004723200000 to 109611004723201000.
2022-08-02 01:00:26,733 [ReplicationMonitor] INFO  replication.ReplicationManager (ReplicationManager.java:processAll(249)) - Replication Manager is not ready to run until 3000ms after safemode exit
2022-08-02 01:00:27,734 [ReplicationMonitor] INFO  replication.ReplicationManager (ReplicationManager.java:processAll(249)) - Replication Manager is not ready to run until 3000ms after safemode exit
2022-08-02 01:00:28,735 [ReplicationMonitor] INFO  replication.ReplicationManager (ReplicationManager.java:processAll(287)) - Replication Monitor Thread took 0 milliseconds for processing 3 containers.
2022-08-02 01:00:28,939 [Listener at 127.0.0.1/34483] INFO  ozone.MiniOzoneClusterImpl (MiniOzoneClusterImpl.java:shutdown(448)) - Shutting down the Mini Ozone Cluster
2022-08-02 01:00:28,939 [Listener at 127.0.0.1/34483] INFO  ozone.MiniOzoneClusterImpl (MiniOzoneClusterImpl.java:stop(463)) - Stopping the Mini Ozone Cluster
2022-08-02 01:00:28,939 [Listener at 127.0.0.1/34483] INFO  ozone.MiniOzoneClusterImpl (MiniOzoneClusterImpl.java:stopOM(545)) - Stopping the OzoneManager
2022-08-02 01:00:28,939 [Listener at 127.0.0.1/34483] INFO  om.OzoneManager (OzoneManager.java:stop(2021)) - om1[localhost:0]: Stopping Ozone Manager
2022-08-02 01:00:28,971 [Listener at 127.0.0.1/34483] INFO  ipc.Server (Server.java:stop(3414)) - Stopping server on 34483
2022-08-02 01:00:28,973 [IPC Server listener on 0] INFO  ipc.Server (Server.java:run(1376)) - Stopping IPC Server listener on 0
2022-08-02 01:00:28,973 [IPC Server Responder] INFO  ipc.Server (Server.java:run(1512)) - Stopping IPC Server Responder
2022-08-02 01:00:28,973 [Listener at 127.0.0.1/34483] INFO  server.RaftServer (RaftServerProxy.java:lambda$close$7(398)) - om1: close
2022-08-02 01:00:28,983 [Listener at 127.0.0.1/34483] INFO  server.RaftServer$Division (RaftServerImpl.java:lambda$close$4(434)) - om1@group-C5BA1605619E: shutdown
2022-08-02 01:00:28,983 [Listener at 127.0.0.1/34483] INFO  util.JmxRegister (JmxRegister.java:unregister(73)) - Successfully un-registered JMX Bean with object name Ratis:service=RaftServer,group=group-C5BA1605619E,id=om1
2022-08-02 01:00:28,983 [Listener at 127.0.0.1/34483] INFO  impl.RoleInfo (RoleInfo.java:shutdownLeaderState(93)) - om1: shutdown om1@group-C5BA1605619E-LeaderStateImpl
2022-08-02 01:00:28,983 [Listener at 127.0.0.1/34483] INFO  impl.PendingRequests (PendingRequests.java:sendNotLeaderResponses(282)) - om1@group-C5BA1605619E-PendingRequests: sendNotLeaderResponses
2022-08-02 01:00:29,013 [Listener at 127.0.0.1/34483] INFO  impl.StateMachineUpdater (StateMachineUpdater.java:stopAndJoin(153)) - om1@group-C5BA1605619E-StateMachineUpdater: set stopIndex = 16
2022-08-02 01:00:29,013 [om1@group-C5BA1605619E-StateMachineUpdater] INFO  ratis.OzoneManagerStateMachine (OzoneManagerStateMachine.java:takeSnapshot(441)) - Current Snapshot Index (t:1, i:16)
2022-08-02 01:00:29,013 [om1@group-C5BA1605619E-StateMachineUpdater] INFO  impl.StateMachineUpdater (StateMachineUpdater.java:takeSnapshot(287)) - om1@group-C5BA1605619E-StateMachineUpdater: Took a snapshot at index 16
2022-08-02 01:00:29,013 [om1@group-C5BA1605619E-StateMachineUpdater] INFO  impl.StateMachineUpdater (StateMachineUpdater.java:lambda$new$0(92)) - om1@group-C5BA1605619E-StateMachineUpdater: snapshotIndex: updateIncreasingly -1 -> 16
2022-08-02 01:00:29,013 [om1@group-C5BA1605619E-StateMachineUpdater] INFO  ratis.OzoneManagerStateMachine (OzoneManagerStateMachine.java:close(495)) - StateMachine has shutdown. Shutdown OzoneManager if not already shutdown.
2022-08-02 01:00:29,013 [om1@group-C5BA1605619E-StateMachineUpdater] INFO  ratis.OzoneManagerDoubleBuffer (OzoneManagerDoubleBuffer.java:stop(466)) - Stopping OMDoubleBuffer flush thread
2022-08-02 01:00:29,013 [OMDoubleBufferFlushThread] INFO  ratis.OzoneManagerDoubleBuffer (OzoneManagerDoubleBuffer.java:flushTransactions(385)) - OMDoubleBuffer flush thread OMDoubleBufferFlushThread is interrupted and will exit.
2022-08-02 01:00:29,014 [Listener at 127.0.0.1/34483] INFO  server.RaftServer$Division (ServerState.java:close(429)) - om1@group-C5BA1605619E: closes. applyIndex: 16
2022-08-02 01:00:29,014 [om1@group-C5BA1605619E-SegmentedRaftLogWorker] INFO  segmented.SegmentedRaftLogWorker (SegmentedRaftLogWorker.java:run(336)) - om1@group-C5BA1605619E-SegmentedRaftLogWorker was interrupted, exiting. There are 0 tasks remaining in the queue.
2022-08-02 01:00:29,016 [Listener at 127.0.0.1/34483] INFO  segmented.SegmentedRaftLogWorker (SegmentedRaftLogWorker.java:close(246)) - om1@group-C5BA1605619E-SegmentedRaftLogWorker close()
2022-08-02 01:00:29,026 [Listener at 127.0.0.1/34483] INFO  server.GrpcService (GrpcService.java:closeImpl(269)) - om1: shutdown server with port 9872 now
2022-08-02 01:00:29,027 [Listener at 127.0.0.1/34483] INFO  server.GrpcService (GrpcService.java:closeImpl(278)) - om1: shutdown server with port 9872 successfully
2022-08-02 01:00:29,027 [org.apache.ratis.util.JvmPauseMonitor$$Lambda$631/1000159038@6145fbc6] INFO  util.JvmPauseMonitor (JvmPauseMonitor.java:run(109)) - JvmPauseMonitor-om1: Stopped
2022-08-02 01:00:29,027 [Listener at 127.0.0.1/34483] INFO  ratis.OzoneManagerStateMachine (OzoneManagerStateMachine.java:close(495)) - StateMachine has shutdown. Shutdown OzoneManager if not already shutdown.
2022-08-02 01:00:29,027 [Listener at 127.0.0.1/34483] INFO  ratis.OzoneManagerDoubleBuffer (OzoneManagerDoubleBuffer.java:stop(478)) - OMDoubleBuffer flush thread is not running.
2022-08-02 01:00:29,027 [Listener at 127.0.0.1/34483] INFO  utils.BackgroundService (BackgroundService.java:shutdown(141)) - Shutting down service KeyDeletingService
2022-08-02 01:00:29,028 [Listener at 127.0.0.1/34483] INFO  utils.BackgroundService (BackgroundService.java:shutdown(141)) - Shutting down service DirectoryDeletingService
2022-08-02 01:00:29,028 [Listener at 127.0.0.1/34483] INFO  utils.BackgroundService (BackgroundService.java:shutdown(141)) - Shutting down service OpenKeyCleanupService
2022-08-02 01:00:29,030 [Listener at 127.0.0.1/34483] INFO  handler.ContextHandler (ContextHandler.java:doStop(1153)) - Stopped o.e.j.w.WebAppContext@17aa0783{ozoneManager,/,null,STOPPED}{file:/home/runner/work/ozone/ozone/hadoop-ozone/integration-test/target/test-classes/webapps/ozoneManager}
2022-08-02 01:00:29,032 [Listener at 127.0.0.1/34483] INFO  server.AbstractConnector (AbstractConnector.java:doStop(381)) - Stopped ServerConnector@62813751{HTTP/1.1, (http/1.1)}{0.0.0.0:0}
2022-08-02 01:00:29,032 [Listener at 127.0.0.1/34483] INFO  server.session (HouseKeeper.java:stopScavenging(149)) - node0 Stopped scavenging
2022-08-02 01:00:29,033 [Listener at 127.0.0.1/34483] INFO  handler.ContextHandler (ContextHandler.java:doStop(1153)) - Stopped o.e.j.s.ServletContextHandler@c5438ec{static,/static,file:///home/runner/work/ozone/ozone/hadoop-ozone/integration-test/target/test-classes/webapps/static,STOPPED}
2022-08-02 01:00:29,033 [Listener at 127.0.0.1/34483] INFO  handler.ContextHandler (ContextHandler.java:doStop(1153)) - Stopped o.e.j.s.ServletContextHandler@2a68191a{logs,/logs,file:///home/runner/work/ozone/ozone/hadoop-ozone/integration-test/target/log,STOPPED}
2022-08-02 01:00:29,047 [Listener at 127.0.0.1/34483] INFO  ozone.MiniOzoneClusterImpl (MiniOzoneClusterImpl.java:stopDatanodes(522)) - Stopping the HddsDatanodes
2022-08-02 01:00:29,589 [UnderReplicatedQueueThreadThread] INFO  replication.UnderReplicatedProcessor (UnderReplicatedProcessor.java:processAll(85)) - Processed 0 under replicated containers, failed processing 0
2022-08-02 01:00:29,590 [OverReplicatedQueueThreadThread] INFO  replication.OverReplicatedProcessor (OverReplicatedProcessor.java:processAll(83)) - Processed 0 over replicated containers, failed processing 0
2022-08-02 01:00:29,735 [ReplicationMonitor] INFO  replication.ReplicationManager (ReplicationManager.java:processAll(287)) - Replication Monitor Thread took 1 milliseconds for processing 3 containers.
2022-08-02 01:00:30,735 [ReplicationMonitor] INFO  replication.ReplicationManager (ReplicationManager.java:processAll(287)) - Replication Monitor Thread took 0 milliseconds for processing 3 containers.
2022-08-02 01:00:31,180 [EventQueue-StaleNodeForStaleNodeHandler] INFO  node.StaleNodeHandler (StaleNodeHandler.java:onMessage(59)) - Datanode 0cd63bf1-b762-46d4-93c1-680a80f1790f{ip: 10.1.0.31, host: fv-az164-385.acqy4frhnxdelaro313li45hge.dx.internal.cloudapp.net, ports: [REPLICATION=41103, RATIS=33021, RATIS_ADMIN=33021, RATIS_SERVER=33021, STANDALONE=40393], networkLocation: /default-rack, certSerialId: null, persistedOpState: IN_SERVICE, persistedOpStateExpiryEpochSec: 0} moved to stale state. Finalizing its pipelines [PipelineID=1a4893df-c7b2-47ad-a064-2cf20cc8a234, PipelineID=e278c3fd-80fd-4c95-82f6-02846b999845]
2022-08-02 01:00:31,187 [EventQueue-StaleNodeForStaleNodeHandler] INFO  pipeline.PipelineManagerImpl (PipelineManagerImpl.java:closeContainersForPipeline(421)) - Container #1 closed for pipeline=PipelineID=1a4893df-c7b2-47ad-a064-2cf20cc8a234
2022-08-02 01:00:31,187 [EventQueue-StaleNodeForStaleNodeHandler] INFO  pipeline.PipelineManagerImpl (PipelineManagerImpl.java:closeContainersForPipeline(421)) - Container #2 closed for pipeline=PipelineID=1a4893df-c7b2-47ad-a064-2cf20cc8a234
2022-08-02 01:00:31,187 [EventQueue-StaleNodeForStaleNodeHandler] INFO  pipeline.PipelineManagerImpl (PipelineManagerImpl.java:closeContainersForPipeline(421)) - Container #3 closed for pipeline=PipelineID=1a4893df-c7b2-47ad-a064-2cf20cc8a234
2022-08-02 01:00:31,188 [EventQueue-StaleNodeForStaleNodeHandler] INFO  pipeline.PipelineManagerImpl (PipelineManagerImpl.java:closePipeline(442)) - Pipeline Pipeline[ Id: 1a4893df-c7b2-47ad-a064-2cf20cc8a234, Nodes: b0a39cc0-afce-41ab-9888-c09687d0cbc6{ip: 10.1.0.31, host: fv-az164-385.acqy4frhnxdelaro313li45hge.dx.internal.cloudapp.net, ports: [REPLICATION=36001, RATIS=38013, RATIS_ADMIN=38013, RATIS_SERVER=38013, STANDALONE=34021], networkLocation: /default-rack, certSerialId: null, persistedOpState: IN_SERVICE, persistedOpStateExpiryEpochSec: 0}3631a71b-d0c3-46f1-a57c-f0f9ec80367f{ip: 10.1.0.31, host: fv-az164-385.acqy4frhnxdelaro313li45hge.dx.internal.cloudapp.net, ports: [REPLICATION=37865, RATIS=44319, RATIS_ADMIN=44319, RATIS_SERVER=44319, STANDALONE=46159], networkLocation: /default-rack, certSerialId: null, persistedOpState: IN_SERVICE, persistedOpStateExpiryEpochSec: 0}0cd63bf1-b762-46d4-93c1-680a80f1790f{ip: 10.1.0.31, host: fv-az164-385.acqy4frhnxdelaro313li45hge.dx.internal.cloudapp.net, ports: [REPLICATION=41103, RATIS=33021, RATIS_ADMIN=33021, RATIS_SERVER=33021, STANDALONE=40393], networkLocation: /default-rack, certSerialId: null, persistedOpState: IN_SERVICE, persistedOpStateExpiryEpochSec: 0}, ReplicationConfig: RATIS/THREE, State:OPEN, leaderId:3631a71b-d0c3-46f1-a57c-f0f9ec80367f, CreationTimestamp2022-08-02T01:00:08.686Z[Etc/UTC]] moved to CLOSED state
2022-08-02 01:00:31,195 [EventQueue-StaleNodeForStaleNodeHandler] INFO  pipeline.PipelineManagerImpl (PipelineManagerImpl.java:closePipeline(442)) - Pipeline Pipeline[ Id: e278c3fd-80fd-4c95-82f6-02846b999845, Nodes: 0cd63bf1-b762-46d4-93c1-680a80f1790f{ip: 10.1.0.31, host: fv-az164-385.acqy4frhnxdelaro313li45hge.dx.internal.cloudapp.net, ports: [REPLICATION=41103, RATIS=33021, RATIS_ADMIN=33021, RATIS_SERVER=33021, STANDALONE=40393], networkLocation: /default-rack, certSerialId: null, persistedOpState: IN_SERVICE, persistedOpStateExpiryEpochSec: 0}, ReplicationConfig: RATIS/ONE, State:OPEN, leaderId:0cd63bf1-b762-46d4-93c1-680a80f1790f, CreationTimestamp2022-08-02T01:00:08.657Z[Etc/UTC]] moved to CLOSED state
2022-08-02 01:00:31,201 [EventQueue-CloseContainerForCloseContainerEventHandler] INFO  container.CloseContainerEventHandler (CloseContainerEventHandler.java:onMessage(71)) - Close container Event triggered for container : #1
2022-08-02 01:00:31,201 [EventQueue-CloseContainerForCloseContainerEventHandler] INFO  container.CloseContainerEventHandler (CloseContainerEventHandler.java:onMessage(71)) - Close container Event triggered for container : #2
2022-08-02 01:00:31,201 [EventQueue-CloseContainerForCloseContainerEventHandler] INFO  container.CloseContainerEventHandler (CloseContainerEventHandler.java:onMessage(71)) - Close container Event triggered for container : #3
2022-08-02 01:00:31,279 [EventQueue-StaleNodeForStaleNodeHandler] INFO  node.StaleNodeHandler (StaleNodeHandler.java:onMessage(59)) - Datanode 3631a71b-d0c3-46f1-a57c-f0f9ec80367f{ip: 10.1.0.31, host: fv-az164-385.acqy4frhnxdelaro313li45hge.dx.internal.cloudapp.net, ports: [REPLICATION=37865, RATIS=44319, RATIS_ADMIN=44319, RATIS_SERVER=44319, STANDALONE=46159], networkLocation: /default-rack, certSerialId: null, persistedOpState: IN_SERVICE, persistedOpStateExpiryEpochSec: 0} moved to stale state. Finalizing its pipelines [PipelineID=1a4893df-c7b2-47ad-a064-2cf20cc8a234, PipelineID=74c17024-797d-4ac8-bd8d-04a26a98102d]
2022-08-02 01:00:31,279 [EventQueue-StaleNodeForStaleNodeHandler] INFO  pipeline.PipelineManagerImpl (PipelineManagerImpl.java:closePipeline(442)) - Pipeline Pipeline[ Id: 74c17024-797d-4ac8-bd8d-04a26a98102d, Nodes: 3631a71b-d0c3-46f1-a57c-f0f9ec80367f{ip: 10.1.0.31, host: fv-az164-385.acqy4frhnxdelaro313li45hge.dx.internal.cloudapp.net, ports: [REPLICATION=37865, RATIS=44319, RATIS_ADMIN=44319, RATIS_SERVER=44319, STANDALONE=46159], networkLocation: /default-rack, certSerialId: null, persistedOpState: IN_SERVICE, persistedOpStateExpiryEpochSec: 0}, ReplicationConfig: RATIS/ONE, State:OPEN, leaderId:3631a71b-d0c3-46f1-a57c-f0f9ec80367f, CreationTimestamp2022-08-02T01:00:07.749Z[Etc/UTC]] moved to CLOSED state
2022-08-02 01:00:31,736 [ReplicationMonitor] INFO  replication.LegacyReplicationManager (LegacyReplicationManager.java:sendCloseCommand(1512)) - Sending close container command for container #1 to datanode b0a39cc0-afce-41ab-9888-c09687d0cbc6{ip: 10.1.0.31, host: fv-az164-385.acqy4frhnxdelaro313li45hge.dx.internal.cloudapp.net, ports: [REPLICATION=36001, RATIS=38013, RATIS_ADMIN=38013, RATIS_SERVER=38013, STANDALONE=34021], networkLocation: /default-rack, certSerialId: null, persistedOpState: IN_SERVICE, persistedOpStateExpiryEpochSec: 0}.
2022-08-02 01:00:31,736 [ReplicationMonitor] INFO  replication.LegacyReplicationManager (LegacyReplicationManager.java:sendCloseCommand(1512)) - Sending close container command for container #1 to datanode 3631a71b-d0c3-46f1-a57c-f0f9ec80367f{ip: 10.1.0.31, host: fv-az164-385.acqy4frhnxdelaro313li45hge.dx.internal.cloudapp.net, ports: [REPLICATION=37865, RATIS=44319, RATIS_ADMIN=44319, RATIS_SERVER=44319, STANDALONE=46159], networkLocation: /default-rack, certSerialId: null, persistedOpState: IN_SERVICE, persistedOpStateExpiryEpochSec: 0}.
2022-08-02 01:00:31,736 [ReplicationMonitor] INFO  replication.LegacyReplicationManager (LegacyReplicationManager.java:sendCloseCommand(1512)) - Sending close container command for container #1 to datanode 0cd63bf1-b762-46d4-93c1-680a80f1790f{ip: 10.1.0.31, host: fv-az164-385.acqy4frhnxdelaro313li45hge.dx.internal.cloudapp.net, ports: [REPLICATION=41103, RATIS=33021, RATIS_ADMIN=33021, RATIS_SERVER=33021, STANDALONE=40393], networkLocation: /default-rack, certSerialId: null, persistedOpState: IN_SERVICE, persistedOpStateExpiryEpochSec: 0}.
2022-08-02 01:00:31,736 [ReplicationMonitor] INFO  replication.LegacyReplicationManager (LegacyReplicationManager.java:sendCloseCommand(1512)) - Sending close container command for container #2 to datanode 3631a71b-d0c3-46f1-a57c-f0f9ec80367f{ip: 10.1.0.31, host: fv-az164-385.acqy4frhnxdelaro313li45hge.dx.internal.cloudapp.net, ports: [REPLICATION=37865, RATIS=44319, RATIS_ADMIN=44319, RATIS_SERVER=44319, STANDALONE=46159], networkLocation: /default-rack, certSerialId: null, persistedOpState: IN_SERVICE, persistedOpStateExpiryEpochSec: 0}.
2022-08-02 01:00:31,736 [ReplicationMonitor] INFO  replication.LegacyReplicationManager (LegacyReplicationManager.java:sendCloseCommand(1512)) - Sending close container command for container #2 to datanode 0cd63bf1-b762-46d4-93c1-680a80f1790f{ip: 10.1.0.31, host: fv-az164-385.acqy4frhnxdelaro313li45hge.dx.internal.cloudapp.net, ports: [REPLICATION=41103, RATIS=33021, RATIS_ADMIN=33021, RATIS_SERVER=33021, STANDALONE=40393], networkLocation: /default-rack, certSerialId: null, persistedOpState: IN_SERVICE, persistedOpStateExpiryEpochSec: 0}.
2022-08-02 01:00:31,736 [ReplicationMonitor] INFO  replication.LegacyReplicationManager (LegacyReplicationManager.java:sendCloseCommand(1512)) - Sending close container command for container #2 to datanode b0a39cc0-afce-41ab-9888-c09687d0cbc6{ip: 10.1.0.31, host: fv-az164-385.acqy4frhnxdelaro313li45hge.dx.internal.cloudapp.net, ports: [REPLICATION=36001, RATIS=38013, RATIS_ADMIN=38013, RATIS_SERVER=38013, STANDALONE=34021], networkLocation: /default-rack, certSerialId: null, persistedOpState: IN_SERVICE, persistedOpStateExpiryEpochSec: 0}.
2022-08-02 01:00:31,736 [ReplicationMonitor] INFO  replication.LegacyReplicationManager (LegacyReplicationManager.java:sendCloseCommand(1512)) - Sending close container command for container #3 to datanode 0cd63bf1-b762-46d4-93c1-680a80f1790f{ip: 10.1.0.31, host: fv-az164-385.acqy4frhnxdelaro313li45hge.dx.internal.cloudapp.net, ports: [REPLICATION=41103, RATIS=33021, RATIS_ADMIN=33021, RATIS_SERVER=33021, STANDALONE=40393], networkLocation: /default-rack, certSerialId: null, persistedOpState: IN_SERVICE, persistedOpStateExpiryEpochSec: 0}.
2022-08-02 01:00:31,736 [ReplicationMonitor] INFO  replication.LegacyReplicationManager (LegacyReplicationManager.java:sendCloseCommand(1512)) - Sending close container command for container #3 to datanode b0a39cc0-afce-41ab-9888-c09687d0cbc6{ip: 10.1.0.31, host: fv-az164-385.acqy4frhnxdelaro313li45hge.dx.internal.cloudapp.net, ports: [REPLICATION=36001, RATIS=38013, RATIS_ADMIN=38013, RATIS_SERVER=38013, STANDALONE=34021], networkLocation: /default-rack, certSerialId: null, persistedOpState: IN_SERVICE, persistedOpStateExpiryEpochSec: 0}.
2022-08-02 01:00:31,736 [ReplicationMonitor] INFO  replication.LegacyReplicationManager (LegacyReplicationManager.java:sendCloseCommand(1512)) - Sending close container command for container #3 to datanode 3631a71b-d0c3-46f1-a57c-f0f9ec80367f{ip: 10.1.0.31, host: fv-az164-385.acqy4frhnxdelaro313li45hge.dx.internal.cloudapp.net, ports: [REPLICATION=37865, RATIS=44319, RATIS_ADMIN=44319, RATIS_SERVER=44319, STANDALONE=46159], networkLocation: /default-rack, certSerialId: null, persistedOpState: IN_SERVICE, persistedOpStateExpiryEpochSec: 0}.
2022-08-02 01:00:31,736 [ReplicationMonitor] INFO  replication.ReplicationManager (ReplicationManager.java:processAll(287)) - Replication Monitor Thread took 1 milliseconds for processing 3 containers.
2022-08-02 01:00:32,737 [ReplicationMonitor] INFO  replication.LegacyReplicationManager (LegacyReplicationManager.java:sendCloseCommand(1512)) - Sending close container command for container #1 to datanode b0a39cc0-afce-41ab-9888-c09687d0cbc6{ip: 10.1.0.31, host: fv-az164-385.acqy4frhnxdelaro313li45hge.dx.internal.cloudapp.net, ports: [REPLICATION=36001, RATIS=38013, RATIS_ADMIN=38013, RATIS_SERVER=38013, STANDALONE=34021], networkLocation: /default-rack, certSerialId: null, persistedOpState: IN_SERVICE, persistedOpStateExpiryEpochSec: 0}.
2022-08-02 01:00:32,737 [ReplicationMonitor] INFO  replication.LegacyReplicationManager (LegacyReplicationManager.java:sendCloseCommand(1512)) - Sending close container command for container #1 to datanode 3631a71b-d0c3-46f1-a57c-f0f9ec80367f{ip: 10.1.0.31, host: fv-az164-385.acqy4frhnxdelaro313li45hge.dx.internal.cloudapp.net, ports: [REPLICATION=37865, RATIS=44319, RATIS_ADMIN=44319, RATIS_SERVER=44319, STANDALONE=46159], networkLocation: /default-rack, certSerialId: null, persistedOpState: IN_SERVICE, persistedOpStateExpiryEpochSec: 0}.
2022-08-02 01:00:32,737 [ReplicationMonitor] INFO  replication.LegacyReplicationManager (LegacyReplicationManager.java:sendCloseCommand(1512)) - Sending close container command for container #1 to datanode 0cd63bf1-b762-46d4-93c1-680a80f1790f{ip: 10.1.0.31, host: fv-az164-385.acqy4frhnxdelaro313li45hge.dx.internal.cloudapp.net, ports: [REPLICATION=41103, RATIS=33021, RATIS_ADMIN=33021, RATIS_SERVER=33021, STANDALONE=40393], networkLocation: /default-rack, certSerialId: null, persistedOpState: IN_SERVICE, persistedOpStateExpiryEpochSec: 0}.
2022-08-02 01:00:32,737 [ReplicationMonitor] INFO  replication.LegacyReplicationManager (LegacyReplicationManager.java:sendCloseCommand(1512)) - Sending close container command for container #2 to datanode 3631a71b-d0c3-46f1-a57c-f0f9ec80367f{ip: 10.1.0.31, host: fv-az164-385.acqy4frhnxdelaro313li45hge.dx.internal.cloudapp.net, ports: [REPLICATION=37865, RATIS=44319, RATIS_ADMIN=44319, RATIS_SERVER=44319, STANDALONE=46159], networkLocation: /default-rack, certSerialId: null, persistedOpState: IN_SERVICE, persistedOpStateExpiryEpochSec: 0}.
2022-08-02 01:00:32,737 [ReplicationMonitor] INFO  replication.LegacyReplicationManager (LegacyReplicationManager.java:sendCloseCommand(1512)) - Sending close container command for container #2 to datanode 0cd63bf1-b762-46d4-93c1-680a80f1790f{ip: 10.1.0.31, host: fv-az164-385.acqy4frhnxdelaro313li45hge.dx.internal.cloudapp.net, ports: [REPLICATION=41103, RATIS=33021, RATIS_ADMIN=33021, RATIS_SERVER=33021, STANDALONE=40393], networkLocation: /default-rack, certSerialId: null, persistedOpState: IN_SERVICE, persistedOpStateExpiryEpochSec: 0}.
2022-08-02 01:00:32,737 [ReplicationMonitor] INFO  replication.LegacyReplicationManager (LegacyReplicationManager.java:sendCloseCommand(1512)) - Sending close container command for container #2 to datanode b0a39cc0-afce-41ab-9888-c09687d0cbc6{ip: 10.1.0.31, host: fv-az164-385.acqy4frhnxdelaro313li45hge.dx.internal.cloudapp.net, ports: [REPLICATION=36001, RATIS=38013, RATIS_ADMIN=38013, RATIS_SERVER=38013, STANDALONE=34021], networkLocation: /default-rack, certSerialId: null, persistedOpState: IN_SERVICE, persistedOpStateExpiryEpochSec: 0}.
2022-08-02 01:00:32,737 [ReplicationMonitor] INFO  replication.LegacyReplicationManager (LegacyReplicationManager.java:sendCloseCommand(1512)) - Sending close container command for container #3 to datanode 0cd63bf1-b762-46d4-93c1-680a80f1790f{ip: 10.1.0.31, host: fv-az164-385.acqy4frhnxdelaro313li45hge.dx.internal.cloudapp.net, ports: [REPLICATION=41103, RATIS=33021, RATIS_ADMIN=33021, RATIS_SERVER=33021, STANDALONE=40393], networkLocation: /default-rack, certSerialId: null, persistedOpState: IN_SERVICE, persistedOpStateExpiryEpochSec: 0}.
2022-08-02 01:00:32,737 [ReplicationMonitor] INFO  replication.LegacyReplicationManager (LegacyReplicationManager.java:sendCloseCommand(1512)) - Sending close container command for container #3 to datanode b0a39cc0-afce-41ab-9888-c09687d0cbc6{ip: 10.1.0.31, host: fv-az164-385.acqy4frhnxdelaro313li45hge.dx.internal.cloudapp.net, ports: [REPLICATION=36001, RATIS=38013, RATIS_ADMIN=38013, RATIS_SERVER=38013, STANDALONE=34021], networkLocation: /default-rack, certSerialId: null, persistedOpState: IN_SERVICE, persistedOpStateExpiryEpochSec: 0}.
2022-08-02 01:00:32,737 [ReplicationMonitor] INFO  replication.LegacyReplicationManager (LegacyReplicationManager.java:sendCloseCommand(1512)) - Sending close container command for container #3 to datanode 3631a71b-d0c3-46f1-a57c-f0f9ec80367f{ip: 10.1.0.31, host: fv-az164-385.acqy4frhnxdelaro313li45hge.dx.internal.cloudapp.net, ports: [REPLICATION=37865, RATIS=44319, RATIS_ADMIN=44319, RATIS_SERVER=44319, STANDALONE=46159], networkLocation: /default-rack, certSerialId: null, persistedOpState: IN_SERVICE, persistedOpStateExpiryEpochSec: 0}.
2022-08-02 01:00:32,737 [ReplicationMonitor] INFO  replication.ReplicationManager (ReplicationManager.java:processAll(287)) - Replication Monitor Thread took 1 milliseconds for processing 3 containers.
2022-08-02 01:00:33,065 [UnderReplicatedQueueThreadThread] INFO  replication.UnderReplicatedProcessor (UnderReplicatedProcessor.java:processAll(85)) - Processed 0 under replicated containers, failed processing 0
2022-08-02 01:00:33,075 [OverReplicatedQueueThreadThread] INFO  replication.OverReplicatedProcessor (OverReplicatedProcessor.java:processAll(83)) - Processed 0 over replicated containers, failed processing 0
2022-08-02 01:00:33,738 [ReplicationMonitor] INFO  replication.LegacyReplicationManager (LegacyReplicationManager.java:sendCloseCommand(1512)) - Sending close container command for container #1 to datanode b0a39cc0-afce-41ab-9888-c09687d0cbc6{ip: 10.1.0.31, host: fv-az164-385.acqy4frhnxdelaro313li45hge.dx.internal.cloudapp.net, ports: [REPLICATION=36001, RATIS=38013, RATIS_ADMIN=38013, RATIS_SERVER=38013, STANDALONE=34021], networkLocation: /default-rack, certSerialId: null, persistedOpState: IN_SERVICE, persistedOpStateExpiryEpochSec: 0}.
2022-08-02 01:00:33,738 [ReplicationMonitor] INFO  replication.LegacyReplicationManager (LegacyReplicationManager.java:sendCloseCommand(1512)) - Sending close container command for container #1 to datanode 3631a71b-d0c3-46f1-a57c-f0f9ec80367f{ip: 10.1.0.31, host: fv-az164-385.acqy4frhnxdelaro313li45hge.dx.internal.cloudapp.net, ports: [REPLICATION=37865, RATIS=44319, RATIS_ADMIN=44319, RATIS_SERVER=44319, STANDALONE=46159], networkLocation: /default-rack, certSerialId: null, persistedOpState: IN_SERVICE, persistedOpStateExpiryEpochSec: 0}.
2022-08-02 01:00:33,738 [ReplicationMonitor] INFO  replication.LegacyReplicationManager (LegacyReplicationManager.java:sendCloseCommand(1512)) - Sending close container command for container #1 to datanode 0cd63bf1-b762-46d4-93c1-680a80f1790f{ip: 10.1.0.31, host: fv-az164-385.acqy4frhnxdelaro313li45hge.dx.internal.cloudapp.net, ports: [REPLICATION=41103, RATIS=33021, RATIS_ADMIN=33021, RATIS_SERVER=33021, STANDALONE=40393], networkLocation: /default-rack, certSerialId: null, persistedOpState: IN_SERVICE, persistedOpStateExpiryEpochSec: 0}.
2022-08-02 01:00:33,738 [ReplicationMonitor] INFO  replication.LegacyReplicationManager (LegacyReplicationManager.java:sendCloseCommand(1512)) - Sending close container command for container #2 to datanode 3631a71b-d0c3-46f1-a57c-f0f9ec80367f{ip: 10.1.0.31, host: fv-az164-385.acqy4frhnxdelaro313li45hge.dx.internal.cloudapp.net, ports: [REPLICATION=37865, RATIS=44319, RATIS_ADMIN=44319, RATIS_SERVER=44319, STANDALONE=46159], networkLocation: /default-rack, certSerialId: null, persistedOpState: IN_SERVICE, persistedOpStateExpiryEpochSec: 0}.
2022-08-02 01:00:33,738 [ReplicationMonitor] INFO  replication.LegacyReplicationManager (LegacyReplicationManager.java:sendCloseCommand(1512)) - Sending close container command for container #2 to datanode 0cd63bf1-b762-46d4-93c1-680a80f1790f{ip: 10.1.0.31, host: fv-az164-385.acqy4frhnxdelaro313li45hge.dx.internal.cloudapp.net, ports: [REPLICATION=41103, RATIS=33021, RATIS_ADMIN=33021, RATIS_SERVER=33021, STANDALONE=40393], networkLocation: /default-rack, certSerialId: null, persistedOpState: IN_SERVICE, persistedOpStateExpiryEpochSec: 0}.
2022-08-02 01:00:33,738 [ReplicationMonitor] INFO  replication.LegacyReplicationManager (LegacyReplicationManager.java:sendCloseCommand(1512)) - Sending close container command for container #2 to datanode b0a39cc0-afce-41ab-9888-c09687d0cbc6{ip: 10.1.0.31, host: fv-az164-385.acqy4frhnxdelaro313li45hge.dx.internal.cloudapp.net, ports: [REPLICATION=36001, RATIS=38013, RATIS_ADMIN=38013, RATIS_SERVER=38013, STANDALONE=34021], networkLocation: /default-rack, certSerialId: null, persistedOpState: IN_SERVICE, persistedOpStateExpiryEpochSec: 0}.
2022-08-02 01:00:33,738 [ReplicationMonitor] INFO  replication.LegacyReplicationManager (LegacyReplicationManager.java:sendCloseCommand(1512)) - Sending close container command for container #3 to datanode 0cd63bf1-b762-46d4-93c1-680a80f1790f{ip: 10.1.0.31, host: fv-az164-385.acqy4frhnxdelaro313li45hge.dx.internal.cloudapp.net, ports: [REPLICATION=41103, RATIS=33021, RATIS_ADMIN=33021, RATIS_SERVER=33021, STANDALONE=40393], networkLocation: /default-rack, certSerialId: null, persistedOpState: IN_SERVICE, persistedOpStateExpiryEpochSec: 0}.
2022-08-02 01:00:33,738 [ReplicationMonitor] INFO  replication.LegacyReplicationManager (LegacyReplicationManager.java:sendCloseCommand(1512)) - Sending close container command for container #3 to datanode b0a39cc0-afce-41ab-9888-c09687d0cbc6{ip: 10.1.0.31, host: fv-az164-385.acqy4frhnxdelaro313li45hge.dx.internal.cloudapp.net, ports: [REPLICATION=36001, RATIS=38013, RATIS_ADMIN=38013, RATIS_SERVER=38013, STANDALONE=34021], networkLocation: /default-rack, certSerialId: null, persistedOpState: IN_SERVICE, persistedOpStateExpiryEpochSec: 0}.
2022-08-02 01:00:33,738 [ReplicationMonitor] INFO  replication.LegacyReplicationManager (LegacyReplicationManager.java:sendCloseCommand(1512)) - Sending close container command for container #3 to datanode 3631a71b-d0c3-46f1-a57c-f0f9ec80367f{ip: 10.1.0.31, host: fv-az164-385.acqy4frhnxdelaro313li45hge.dx.internal.cloudapp.net, ports: [REPLICATION=37865, RATIS=44319, RATIS_ADMIN=44319, RATIS_SERVER=44319, STANDALONE=46159], networkLocation: /default-rack, certSerialId: null, persistedOpState: IN_SERVICE, persistedOpStateExpiryEpochSec: 0}.
2022-08-02 01:00:33,738 [ReplicationMonitor] INFO  replication.ReplicationManager (ReplicationManager.java:processAll(287)) - Replication Monitor Thread took 1 milliseconds for processing 3 containers.
2022-08-02 01:00:34,051 [ForkJoinPool.commonPool-worker-1] INFO  ozoneimpl.OzoneContainer (OzoneContainer.java:stop(399)) - Attempting to stop container services.
2022-08-02 01:00:34,052 [Listener at 127.0.0.1/34483] INFO  ozoneimpl.OzoneContainer (OzoneContainer.java:stop(399)) - Attempting to stop container services.
2022-08-02 01:00:34,052 [ForkJoinPool.commonPool-worker-1] INFO  server.RaftServer (RaftServerProxy.java:lambda$close$7(398)) - 3631a71b-d0c3-46f1-a57c-f0f9ec80367f: close
2022-08-02 01:00:34,052 [ForkJoinPool.commonPool-worker-1] INFO  server.RaftServer$Division (RaftServerImpl.java:lambda$close$4(434)) - 3631a71b-d0c3-46f1-a57c-f0f9ec80367f@group-2CF20CC8A234: shutdown
2022-08-02 01:00:34,052 [ForkJoinPool.commonPool-worker-1] INFO  util.JmxRegister (JmxRegister.java:unregister(73)) - Successfully un-registered JMX Bean with object name Ratis:service=RaftServer,group=group-2CF20CC8A234,id=3631a71b-d0c3-46f1-a57c-f0f9ec80367f
2022-08-02 01:00:34,053 [ForkJoinPool.commonPool-worker-1] INFO  impl.RoleInfo (RoleInfo.java:shutdownLeaderState(93)) - 3631a71b-d0c3-46f1-a57c-f0f9ec80367f: shutdown 3631a71b-d0c3-46f1-a57c-f0f9ec80367f@group-2CF20CC8A234-LeaderStateImpl
2022-08-02 01:00:34,053 [ForkJoinPool.commonPool-worker-1] INFO  impl.PendingRequests (PendingRequests.java:sendNotLeaderResponses(282)) - 3631a71b-d0c3-46f1-a57c-f0f9ec80367f@group-2CF20CC8A234-PendingRequests: sendNotLeaderResponses
2022-08-02 01:00:34,053 [3631a71b-d0c3-46f1-a57c-f0f9ec80367f@group-2CF20CC8A234->b0a39cc0-afce-41ab-9888-c09687d0cbc6-GrpcLogAppender-LogAppenderDaemon] WARN  server.GrpcLogAppender (GrpcLogAppender.java:mayWait(171)) - 3631a71b-d0c3-46f1-a57c-f0f9ec80367f@group-2CF20CC8A234->b0a39cc0-afce-41ab-9888-c09687d0cbc6-GrpcLogAppender: Wait interrupted by java.lang.InterruptedException
2022-08-02 01:00:34,055 [3631a71b-d0c3-46f1-a57c-f0f9ec80367f@group-2CF20CC8A234->0cd63bf1-b762-46d4-93c1-680a80f1790f-GrpcLogAppender-LogAppenderDaemon] WARN  server.GrpcLogAppender (GrpcLogAppender.java:mayWait(171)) - 3631a71b-d0c3-46f1-a57c-f0f9ec80367f@group-2CF20CC8A234->0cd63bf1-b762-46d4-93c1-680a80f1790f-GrpcLogAppender: Wait interrupted by java.lang.InterruptedException
2022-08-02 01:00:34,057 [3631a71b-d0c3-46f1-a57c-f0f9ec80367f@group-2CF20CC8A234-StateMachineUpdater] INFO  ratis.ContainerStateMachine (ContainerStateMachine.java:takeSnapshot(304)) - group-2CF20CC8A234: Taking a snapshot at:(t:3, i:59) file /home/runner/work/ozone/ozone/hadoop-ozone/integration-test/target/test-dir/MiniOzoneClusterImpl-ba95f9bc-837e-4f7b-bdb9-4ac74d2039d9/datanode-1/data/ratis/1a4893df-c7b2-47ad-a064-2cf20cc8a234/sm/snapshot.3_59
2022-08-02 01:00:34,066 [grpc-default-executor-0] INFO  server.GrpcServerProtocolService (GrpcServerProtocolService.java:onCompleted(140)) - b0a39cc0-afce-41ab-9888-c09687d0cbc6: Completed APPEND_ENTRIES, lastRequest: 3631a71b-d0c3-46f1-a57c-f0f9ec80367f->b0a39cc0-afce-41ab-9888-c09687d0cbc6#291-t3,previous=(t:3, i:58),leaderCommit=57,initializing? true,entries: size=1, first=(t:3, i:59), METADATAENTRY(c:57)
2022-08-02 01:00:34,056 [Listener at 127.0.0.1/34483] INFO  server.RaftServer (RaftServerProxy.java:lambda$close$7(398)) - 0cd63bf1-b762-46d4-93c1-680a80f1790f: close
2022-08-02 01:00:34,066 [Listener at 127.0.0.1/34483] INFO  server.RaftServer$Division (RaftServerImpl.java:lambda$close$4(434)) - 0cd63bf1-b762-46d4-93c1-680a80f1790f@group-2CF20CC8A234: shutdown
2022-08-02 01:00:34,067 [Listener at 127.0.0.1/34483] INFO  util.JmxRegister (JmxRegister.java:unregister(73)) - Successfully un-registered JMX Bean with object name Ratis:service=RaftServer,group=group-2CF20CC8A234,id=0cd63bf1-b762-46d4-93c1-680a80f1790f
2022-08-02 01:00:34,067 [Listener at 127.0.0.1/34483] INFO  impl.RoleInfo (RoleInfo.java:shutdownFollowerState(110)) - 0cd63bf1-b762-46d4-93c1-680a80f1790f: shutdown 0cd63bf1-b762-46d4-93c1-680a80f1790f@group-2CF20CC8A234-FollowerState
2022-08-02 01:00:34,067 [Listener at 127.0.0.1/34483] INFO  impl.StateMachineUpdater (StateMachineUpdater.java:stopAndJoin(153)) - 0cd63bf1-b762-46d4-93c1-680a80f1790f@group-2CF20CC8A234-StateMachineUpdater: set stopIndex = 59
2022-08-02 01:00:34,067 [0cd63bf1-b762-46d4-93c1-680a80f1790f@group-2CF20CC8A234-StateMachineUpdater] INFO  ratis.ContainerStateMachine (ContainerStateMachine.java:takeSnapshot(304)) - group-2CF20CC8A234: Taking a snapshot at:(t:3, i:59) file /home/runner/work/ozone/ozone/hadoop-ozone/integration-test/target/test-dir/MiniOzoneClusterImpl-ba95f9bc-837e-4f7b-bdb9-4ac74d2039d9/datanode-2/data/ratis/1a4893df-c7b2-47ad-a064-2cf20cc8a234/sm/snapshot.3_59
2022-08-02 01:00:34,068 [0cd63bf1-b762-46d4-93c1-680a80f1790f@group-2CF20CC8A234-StateMachineUpdater] INFO  ratis.ContainerStateMachine (ContainerStateMachine.java:takeSnapshot(315)) - group-2CF20CC8A234: Finished taking a snapshot at:(t:3, i:59) file:/home/runner/work/ozone/ozone/hadoop-ozone/integration-test/target/test-dir/MiniOzoneClusterImpl-ba95f9bc-837e-4f7b-bdb9-4ac74d2039d9/datanode-2/data/ratis/1a4893df-c7b2-47ad-a064-2cf20cc8a234/sm/snapshot.3_59 took: 1 ms
2022-08-02 01:00:34,068 [0cd63bf1-b762-46d4-93c1-680a80f1790f@group-2CF20CC8A234-StateMachineUpdater] INFO  impl.StateMachineUpdater (StateMachineUpdater.java:takeSnapshot(287)) - 0cd63bf1-b762-46d4-93c1-680a80f1790f@group-2CF20CC8A234-StateMachineUpdater: Took a snapshot at index 59
2022-08-02 01:00:34,068 [0cd63bf1-b762-46d4-93c1-680a80f1790f@group-2CF20CC8A234-StateMachineUpdater] INFO  impl.StateMachineUpdater (StateMachineUpdater.java:lambda$new$0(92)) - 0cd63bf1-b762-46d4-93c1-680a80f1790f@group-2CF20CC8A234-StateMachineUpdater: snapshotIndex: updateIncreasingly -1 -> 59
2022-08-02 01:00:34,069 [grpc-default-executor-1] INFO  server.GrpcLogAppender (GrpcLogAppender.java:onCompleted(339)) - 3631a71b-d0c3-46f1-a57c-f0f9ec80367f@group-2CF20CC8A234->b0a39cc0-afce-41ab-9888-c09687d0cbc6-AppendLogResponseHandler: follower responses appendEntries COMPLETED
2022-08-02 01:00:34,069 [grpc-default-executor-1] INFO  leader.FollowerInfo (FollowerInfoImpl.java:lambda$new$0(48)) - 3631a71b-d0c3-46f1-a57c-f0f9ec80367f@group-2CF20CC8A234->b0a39cc0-afce-41ab-9888-c09687d0cbc6: nextIndex: updateUnconditionally 60 -> 59
2022-08-02 01:00:34,070 [grpc-default-executor-0] INFO  server.GrpcServerProtocolService (GrpcServerProtocolService.java:onCompleted(140)) - 0cd63bf1-b762-46d4-93c1-680a80f1790f: Completed APPEND_ENTRIES, lastRequest: 3631a71b-d0c3-46f1-a57c-f0f9ec80367f->0cd63bf1-b762-46d4-93c1-680a80f1790f#280-t3,previous=(t:3, i:58),leaderCommit=57,initializing? true,entries: size=1, first=(t:3, i:59), METADATAENTRY(c:57)
2022-08-02 01:00:34,070 [3631a71b-d0c3-46f1-a57c-f0f9ec80367f@group-2CF20CC8A234-StateMachineUpdater] INFO  ratis.ContainerStateMachine (ContainerStateMachine.java:takeSnapshot(315)) - group-2CF20CC8A234: Finished taking a snapshot at:(t:3, i:59) file:/home/runner/work/ozone/ozone/hadoop-ozone/integration-test/target/test-dir/MiniOzoneClusterImpl-ba95f9bc-837e-4f7b-bdb9-4ac74d2039d9/datanode-1/data/ratis/1a4893df-c7b2-47ad-a064-2cf20cc8a234/sm/snapshot.3_59 took: 13 ms
2022-08-02 01:00:34,070 [3631a71b-d0c3-46f1-a57c-f0f9ec80367f@group-2CF20CC8A234-StateMachineUpdater] INFO  impl.StateMachineUpdater (StateMachineUpdater.java:takeSnapshot(287)) - 3631a71b-d0c3-46f1-a57c-f0f9ec80367f@group-2CF20CC8A234-StateMachineUpdater: Took a snapshot at index 59
2022-08-02 01:00:34,070 [3631a71b-d0c3-46f1-a57c-f0f9ec80367f@group-2CF20CC8A234-StateMachineUpdater] INFO  impl.StateMachineUpdater (StateMachineUpdater.java:lambda$new$0(92)) - 3631a71b-d0c3-46f1-a57c-f0f9ec80367f@group-2CF20CC8A234-StateMachineUpdater: snapshotIndex: updateIncreasingly -1 -> 59
2022-08-02 01:00:34,056 [ForkJoinPool.commonPool-worker-1] INFO  impl.StateMachineUpdater (StateMachineUpdater.java:stopAndJoin(153)) - 3631a71b-d0c3-46f1-a57c-f0f9ec80367f@group-2CF20CC8A234-StateMachineUpdater: set stopIndex = 59
2022-08-02 01:00:34,082 [ForkJoinPool.commonPool-worker-1] INFO  server.RaftServer$Division (ServerState.java:close(429)) - 3631a71b-d0c3-46f1-a57c-f0f9ec80367f@group-2CF20CC8A234: closes. applyIndex: 59
2022-08-02 01:00:34,081 [0cd63bf1-b762-46d4-93c1-680a80f1790f@group-2CF20CC8A234-FollowerState] INFO  impl.FollowerState (FollowerState.java:run(152)) - 0cd63bf1-b762-46d4-93c1-680a80f1790f@group-2CF20CC8A234-FollowerState was interrupted
2022-08-02 01:00:34,082 [3631a71b-d0c3-46f1-a57c-f0f9ec80367f@group-2CF20CC8A234-SegmentedRaftLogWorker] INFO  segmented.SegmentedRaftLogWorker (SegmentedRaftLogWorker.java:run(336)) - 3631a71b-d0c3-46f1-a57c-f0f9ec80367f@group-2CF20CC8A234-SegmentedRaftLogWorker was interrupted, exiting. There are 0 tasks remaining in the queue.
2022-08-02 01:00:34,069 [Listener at 127.0.0.1/34483] INFO  server.RaftServer$Division (ServerState.java:close(429)) - 0cd63bf1-b762-46d4-93c1-680a80f1790f@group-2CF20CC8A234: closes. applyIndex: 59
2022-08-02 01:00:34,083 [grpc-default-executor-1] INFO  server.GrpcLogAppender (GrpcLogAppender.java:onCompleted(339)) - 3631a71b-d0c3-46f1-a57c-f0f9ec80367f@group-2CF20CC8A234->0cd63bf1-b762-46d4-93c1-680a80f1790f-AppendLogResponseHandler: follower responses appendEntries COMPLETED
2022-08-02 01:00:34,083 [grpc-default-executor-1] INFO  leader.FollowerInfo (FollowerInfoImpl.java:lambda$new$0(48)) - 3631a71b-d0c3-46f1-a57c-f0f9ec80367f@group-2CF20CC8A234->0cd63bf1-b762-46d4-93c1-680a80f1790f: nextIndex: updateUnconditionally 60 -> 59
2022-08-02 01:00:34,083 [ForkJoinPool.commonPool-worker-1] INFO  segmented.SegmentedRaftLogWorker (SegmentedRaftLogWorker.java:close(246)) - 3631a71b-d0c3-46f1-a57c-f0f9ec80367f@group-2CF20CC8A234-SegmentedRaftLogWorker close()
2022-08-02 01:00:34,090 [ForkJoinPool.commonPool-worker-1] INFO  server.RaftServer$Division (RaftServerImpl.java:lambda$close$4(434)) - 3631a71b-d0c3-46f1-a57c-f0f9ec80367f@group-04A26A98102D: shutdown
2022-08-02 01:00:34,090 [ForkJoinPool.commonPool-worker-1] INFO  util.JmxRegister (JmxRegister.java:unregister(73)) - Successfully un-registered JMX Bean with object name Ratis:service=RaftServer,group=group-04A26A98102D,id=3631a71b-d0c3-46f1-a57c-f0f9ec80367f
2022-08-02 01:00:34,090 [ForkJoinPool.commonPool-worker-1] INFO  impl.RoleInfo (RoleInfo.java:shutdownLeaderState(93)) - 3631a71b-d0c3-46f1-a57c-f0f9ec80367f: shutdown 3631a71b-d0c3-46f1-a57c-f0f9ec80367f@group-04A26A98102D-LeaderStateImpl
2022-08-02 01:00:34,090 [ForkJoinPool.commonPool-worker-1] INFO  impl.PendingRequests (PendingRequests.java:sendNotLeaderResponses(282)) - 3631a71b-d0c3-46f1-a57c-f0f9ec80367f@group-04A26A98102D-PendingRequests: sendNotLeaderResponses
2022-08-02 01:00:34,090 [ForkJoinPool.commonPool-worker-1] INFO  impl.StateMachineUpdater (StateMachineUpdater.java:stopAndJoin(153)) - 3631a71b-d0c3-46f1-a57c-f0f9ec80367f@group-04A26A98102D-StateMachineUpdater: set stopIndex = 0
2022-08-02 01:00:34,091 [3631a71b-d0c3-46f1-a57c-f0f9ec80367f@group-04A26A98102D-StateMachineUpdater] INFO  ratis.ContainerStateMachine (ContainerStateMachine.java:takeSnapshot(304)) - group-04A26A98102D: Taking a snapshot at:(t:1, i:0) file /home/runner/work/ozone/ozone/hadoop-ozone/integration-test/target/test-dir/MiniOzoneClusterImpl-ba95f9bc-837e-4f7b-bdb9-4ac74d2039d9/datanode-1/data/ratis/74c17024-797d-4ac8-bd8d-04a26a98102d/sm/snapshot.1_0
2022-08-02 01:00:34,091 [0cd63bf1-b762-46d4-93c1-680a80f1790f@group-2CF20CC8A234-SegmentedRaftLogWorker] INFO  segmented.SegmentedRaftLogWorker (SegmentedRaftLogWorker.java:run(336)) - 0cd63bf1-b762-46d4-93c1-680a80f1790f@group-2CF20CC8A234-SegmentedRaftLogWorker was interrupted, exiting. There are 0 tasks remaining in the queue.
2022-08-02 01:00:34,097 [Listener at 127.0.0.1/34483] INFO  segmented.SegmentedRaftLogWorker (SegmentedRaftLogWorker.java:close(246)) - 0cd63bf1-b762-46d4-93c1-680a80f1790f@group-2CF20CC8A234-SegmentedRaftLogWorker close()
2022-08-02 01:00:34,100 [Listener at 127.0.0.1/34483] INFO  server.RaftServer$Division (RaftServerImpl.java:lambda$close$4(434)) - 0cd63bf1-b762-46d4-93c1-680a80f1790f@group-02846B999845: shutdown
2022-08-02 01:00:34,100 [Listener at 127.0.0.1/34483] INFO  util.JmxRegister (JmxRegister.java:unregister(73)) - Successfully un-registered JMX Bean with object name Ratis:service=RaftServer,group=group-02846B999845,id=0cd63bf1-b762-46d4-93c1-680a80f1790f
2022-08-02 01:00:34,100 [Listener at 127.0.0.1/34483] INFO  impl.RoleInfo (RoleInfo.java:shutdownLeaderState(93)) - 0cd63bf1-b762-46d4-93c1-680a80f1790f: shutdown 0cd63bf1-b762-46d4-93c1-680a80f1790f@group-02846B999845-LeaderStateImpl
2022-08-02 01:00:34,100 [Listener at 127.0.0.1/34483] INFO  impl.PendingRequests (PendingRequests.java:sendNotLeaderResponses(282)) - 0cd63bf1-b762-46d4-93c1-680a80f1790f@group-02846B999845-PendingRequests: sendNotLeaderResponses
2022-08-02 01:00:34,101 [Listener at 127.0.0.1/34483] INFO  impl.StateMachineUpdater (StateMachineUpdater.java:stopAndJoin(153)) - 0cd63bf1-b762-46d4-93c1-680a80f1790f@group-02846B999845-StateMachineUpdater: set stopIndex = 0
2022-08-02 01:00:34,101 [0cd63bf1-b762-46d4-93c1-680a80f1790f@group-02846B999845-StateMachineUpdater] INFO  ratis.ContainerStateMachine (ContainerStateMachine.java:takeSnapshot(304)) - group-02846B999845: Taking a snapshot at:(t:1, i:0) file /home/runner/work/ozone/ozone/hadoop-ozone/integration-test/target/test-dir/MiniOzoneClusterImpl-ba95f9bc-837e-4f7b-bdb9-4ac74d2039d9/datanode-2/data/ratis/e278c3fd-80fd-4c95-82f6-02846b999845/sm/snapshot.1_0
2022-08-02 01:00:34,102 [0cd63bf1-b762-46d4-93c1-680a80f1790f@group-02846B999845-StateMachineUpdater] INFO  ratis.ContainerStateMachine (ContainerStateMachine.java:takeSnapshot(315)) - group-02846B999845: Finished taking a snapshot at:(t:1, i:0) file:/home/runner/work/ozone/ozone/hadoop-ozone/integration-test/target/test-dir/MiniOzoneClusterImpl-ba95f9bc-837e-4f7b-bdb9-4ac74d2039d9/datanode-2/data/ratis/e278c3fd-80fd-4c95-82f6-02846b999845/sm/snapshot.1_0 took: 1 ms
2022-08-02 01:00:34,102 [0cd63bf1-b762-46d4-93c1-680a80f1790f@group-02846B999845-StateMachineUpdater] INFO  impl.StateMachineUpdater (StateMachineUpdater.java:takeSnapshot(287)) - 0cd63bf1-b762-46d4-93c1-680a80f1790f@group-02846B999845-StateMachineUpdater: Took a snapshot at index 0
2022-08-02 01:00:34,102 [0cd63bf1-b762-46d4-93c1-680a80f1790f@group-02846B999845-StateMachineUpdater] INFO  impl.StateMachineUpdater (StateMachineUpdater.java:lambda$new$0(92)) - 0cd63bf1-b762-46d4-93c1-680a80f1790f@group-02846B999845-StateMachineUpdater: snapshotIndex: updateIncreasingly -1 -> 0
2022-08-02 01:00:34,103 [Listener at 127.0.0.1/34483] INFO  server.RaftServer$Division (ServerState.java:close(429)) - 0cd63bf1-b762-46d4-93c1-680a80f1790f@group-02846B999845: closes. applyIndex: 0
2022-08-02 01:00:34,103 [0cd63bf1-b762-46d4-93c1-680a80f1790f@group-02846B999845-SegmentedRaftLogWorker] INFO  segmented.SegmentedRaftLogWorker (SegmentedRaftLogWorker.java:run(336)) - 0cd63bf1-b762-46d4-93c1-680a80f1790f@group-02846B999845-SegmentedRaftLogWorker was interrupted, exiting. There are 0 tasks remaining in the queue.
2022-08-02 01:00:34,105 [3631a71b-d0c3-46f1-a57c-f0f9ec80367f@group-04A26A98102D-StateMachineUpdater] INFO  ratis.ContainerStateMachine (ContainerStateMachine.java:takeSnapshot(315)) - group-04A26A98102D: Finished taking a snapshot at:(t:1, i:0) file:/home/runner/work/ozone/ozone/hadoop-ozone/integration-test/target/test-dir/MiniOzoneClusterImpl-ba95f9bc-837e-4f7b-bdb9-4ac74d2039d9/datanode-1/data/ratis/74c17024-797d-4ac8-bd8d-04a26a98102d/sm/snapshot.1_0 took: 14 ms
2022-08-02 01:00:34,105 [3631a71b-d0c3-46f1-a57c-f0f9ec80367f@group-04A26A98102D-StateMachineUpdater] INFO  impl.StateMachineUpdater (StateMachineUpdater.java:takeSnapshot(287)) - 3631a71b-d0c3-46f1-a57c-f0f9ec80367f@group-04A26A98102D-StateMachineUpdater: Took a snapshot at index 0
2022-08-02 01:00:34,105 [3631a71b-d0c3-46f1-a57c-f0f9ec80367f@group-04A26A98102D-StateMachineUpdater] INFO  impl.StateMachineUpdater (StateMachineUpdater.java:lambda$new$0(92)) - 3631a71b-d0c3-46f1-a57c-f0f9ec80367f@group-04A26A98102D-StateMachineUpdater: snapshotIndex: updateIncreasingly -1 -> 0
2022-08-02 01:00:34,105 [ForkJoinPool.commonPool-worker-1] INFO  server.RaftServer$Division (ServerState.java:close(429)) - 3631a71b-d0c3-46f1-a57c-f0f9ec80367f@group-04A26A98102D: closes. applyIndex: 0
2022-08-02 01:00:34,105 [3631a71b-d0c3-46f1-a57c-f0f9ec80367f@group-04A26A98102D-SegmentedRaftLogWorker] INFO  segmented.SegmentedRaftLogWorker (SegmentedRaftLogWorker.java:run(336)) - 3631a71b-d0c3-46f1-a57c-f0f9ec80367f@group-04A26A98102D-SegmentedRaftLogWorker was interrupted, exiting. There are 0 tasks remaining in the queue.
2022-08-02 01:00:34,127 [Listener at 127.0.0.1/34483] INFO  segmented.SegmentedRaftLogWorker (SegmentedRaftLogWorker.java:close(246)) - 0cd63bf1-b762-46d4-93c1-680a80f1790f@group-02846B999845-SegmentedRaftLogWorker close()
2022-08-02 01:00:34,127 [ForkJoinPool.commonPool-worker-1] INFO  segmented.SegmentedRaftLogWorker (SegmentedRaftLogWorker.java:close(246)) - 3631a71b-d0c3-46f1-a57c-f0f9ec80367f@group-04A26A98102D-SegmentedRaftLogWorker close()
2022-08-02 01:00:34,133 [ForkJoinPool.commonPool-worker-1] INFO  server.GrpcService (GrpcService.java:closeImpl(269)) - 3631a71b-d0c3-46f1-a57c-f0f9ec80367f: shutdown server with port 44319 now
2022-08-02 01:00:34,133 [Listener at 127.0.0.1/34483] INFO  server.GrpcService (GrpcService.java:closeImpl(269)) - 0cd63bf1-b762-46d4-93c1-680a80f1790f: shutdown server with port 33021 now
2022-08-02 01:00:34,137 [grpc-default-executor-0] WARN  server.GrpcClientProtocolService (LogUtils.java:warn(122)) - 1-UnorderedRequestStreamObserver1: onError: org.apache.ratis.thirdparty.io.grpc.StatusRuntimeException: CANCELLED: client cancelled
2022-08-02 01:00:34,173 [ForkJoinPool.commonPool-worker-1] INFO  server.GrpcService (GrpcService.java:closeImpl(278)) - 3631a71b-d0c3-46f1-a57c-f0f9ec80367f: shutdown server with port 44319 successfully
2022-08-02 01:00:34,174 [org.apache.ratis.util.JvmPauseMonitor$$Lambda$631/1000159038@275669b0] INFO  util.JvmPauseMonitor (JvmPauseMonitor.java:run(109)) - JvmPauseMonitor-3631a71b-d0c3-46f1-a57c-f0f9ec80367f: Stopped
2022-08-02 01:00:34,177 [Listener at 127.0.0.1/34483] INFO  server.GrpcService (GrpcService.java:closeImpl(278)) - 0cd63bf1-b762-46d4-93c1-680a80f1790f: shutdown server with port 33021 successfully
2022-08-02 01:00:34,178 [org.apache.ratis.util.JvmPauseMonitor$$Lambda$631/1000159038@5a89db6e] INFO  util.JvmPauseMonitor (JvmPauseMonitor.java:run(109)) - JvmPauseMonitor-0cd63bf1-b762-46d4-93c1-680a80f1790f: Stopped
2022-08-02 01:00:34,193 [EventQueue-DeadNodeForDeadNodeHandler] INFO  node.DeadNodeHandler (DeadNodeHandler.java:onMessage(81)) - A dead datanode is detected. 0cd63bf1-b762-46d4-93c1-680a80f1790f{ip: 10.1.0.31, host: fv-az164-385.acqy4frhnxdelaro313li45hge.dx.internal.cloudapp.net, ports: [REPLICATION=41103, RATIS=33021, RATIS_ADMIN=33021, RATIS_SERVER=33021, STANDALONE=40393], networkLocation: /default-rack, certSerialId: null, persistedOpState: IN_SERVICE, persistedOpStateExpiryEpochSec: 0}
2022-08-02 01:00:34,193 [EventQueue-DeadNodeForDeadNodeHandler] INFO  pipeline.RatisPipelineProvider (RatisPipelineProvider.java:lambda$close$1(244)) - Send pipeline:PipelineID=1a4893df-c7b2-47ad-a064-2cf20cc8a234 close command to datanode b0a39cc0-afce-41ab-9888-c09687d0cbc6
2022-08-02 01:00:34,193 [EventQueue-DeadNodeForDeadNodeHandler] INFO  pipeline.RatisPipelineProvider (RatisPipelineProvider.java:lambda$close$1(244)) - Send pipeline:PipelineID=1a4893df-c7b2-47ad-a064-2cf20cc8a234 close command to datanode 3631a71b-d0c3-46f1-a57c-f0f9ec80367f
2022-08-02 01:00:34,194 [EventQueue-DeadNodeForDeadNodeHandler] INFO  pipeline.RatisPipelineProvider (RatisPipelineProvider.java:lambda$close$1(244)) - Send pipeline:PipelineID=1a4893df-c7b2-47ad-a064-2cf20cc8a234 close command to datanode 0cd63bf1-b762-46d4-93c1-680a80f1790f
2022-08-02 01:00:34,209 [EventQueue-DeadNodeForDeadNodeHandler] INFO  pipeline.PipelineStateManagerImpl (PipelineStateManagerImpl.java:removePipeline(245)) - Pipeline Pipeline[ Id: 1a4893df-c7b2-47ad-a064-2cf20cc8a234, Nodes: b0a39cc0-afce-41ab-9888-c09687d0cbc6{ip: 10.1.0.31, host: fv-az164-385.acqy4frhnxdelaro313li45hge.dx.internal.cloudapp.net, ports: [REPLICATION=36001, RATIS=38013, RATIS_ADMIN=38013, RATIS_SERVER=38013, STANDALONE=34021], networkLocation: /default-rack, certSerialId: null, persistedOpState: IN_SERVICE, persistedOpStateExpiryEpochSec: 0}3631a71b-d0c3-46f1-a57c-f0f9ec80367f{ip: 10.1.0.31, host: fv-az164-385.acqy4frhnxdelaro313li45hge.dx.internal.cloudapp.net, ports: [REPLICATION=37865, RATIS=44319, RATIS_ADMIN=44319, RATIS_SERVER=44319, STANDALONE=46159], networkLocation: /default-rack, certSerialId: null, persistedOpState: IN_SERVICE, persistedOpStateExpiryEpochSec: 0}0cd63bf1-b762-46d4-93c1-680a80f1790f{ip: 10.1.0.31, host: fv-az164-385.acqy4frhnxdelaro313li45hge.dx.internal.cloudapp.net, ports: [REPLICATION=41103, RATIS=33021, RATIS_ADMIN=33021, RATIS_SERVER=33021, STANDALONE=40393], networkLocation: /default-rack, certSerialId: null, persistedOpState: IN_SERVICE, persistedOpStateExpiryEpochSec: 0}, ReplicationConfig: RATIS/THREE, State:CLOSED, leaderId:3631a71b-d0c3-46f1-a57c-f0f9ec80367f, CreationTimestamp2022-08-02T01:00:08.686Z[Etc/UTC]] removed.
2022-08-02 01:00:34,209 [EventQueue-DeadNodeForDeadNodeHandler] INFO  pipeline.RatisPipelineProvider (RatisPipelineProvider.java:lambda$close$1(244)) - Send pipeline:PipelineID=e278c3fd-80fd-4c95-82f6-02846b999845 close command to datanode 0cd63bf1-b762-46d4-93c1-680a80f1790f
2022-08-02 01:00:34,209 [EventQueue-DeadNodeForDeadNodeHandler] INFO  pipeline.PipelineStateManagerImpl (PipelineStateManagerImpl.java:removePipeline(245)) - Pipeline Pipeline[ Id: e278c3fd-80fd-4c95-82f6-02846b999845, Nodes: 0cd63bf1-b762-46d4-93c1-680a80f1790f{ip: 10.1.0.31, host: fv-az164-385.acqy4frhnxdelaro313li45hge.dx.internal.cloudapp.net, ports: [REPLICATION=41103, RATIS=33021, RATIS_ADMIN=33021, RATIS_SERVER=33021, STANDALONE=40393], networkLocation: /default-rack, certSerialId: null, persistedOpState: IN_SERVICE, persistedOpStateExpiryEpochSec: 0}, ReplicationConfig: RATIS/ONE, State:CLOSED, leaderId:0cd63bf1-b762-46d4-93c1-680a80f1790f, CreationTimestamp2022-08-02T01:00:08.657Z[Etc/UTC]] removed.
2022-08-02 01:00:34,210 [EventQueue-DeadNodeForDeadNodeHandler] INFO  net.NetworkTopologyImpl (NetworkTopologyImpl.java:remove(190)) - Removed a node: /default-rack/0cd63bf1-b762-46d4-93c1-680a80f1790f
2022-08-02 01:00:34,293 [EventQueue-DeadNodeForDeadNodeHandler] INFO  node.DeadNodeHandler (DeadNodeHandler.java:onMessage(81)) - A dead datanode is detected. 3631a71b-d0c3-46f1-a57c-f0f9ec80367f{ip: 10.1.0.31, host: fv-az164-385.acqy4frhnxdelaro313li45hge.dx.internal.cloudapp.net, ports: [REPLICATION=37865, RATIS=44319, RATIS_ADMIN=44319, RATIS_SERVER=44319, STANDALONE=46159], networkLocation: /default-rack, certSerialId: null, persistedOpState: IN_SERVICE, persistedOpStateExpiryEpochSec: 0}
2022-08-02 01:00:34,293 [EventQueue-DeadNodeForDeadNodeHandler] INFO  pipeline.RatisPipelineProvider (RatisPipelineProvider.java:lambda$close$1(244)) - Send pipeline:PipelineID=74c17024-797d-4ac8-bd8d-04a26a98102d close command to datanode 3631a71b-d0c3-46f1-a57c-f0f9ec80367f
2022-08-02 01:00:34,294 [EventQueue-DeadNodeForDeadNodeHandler] INFO  pipeline.PipelineStateManagerImpl (PipelineStateManagerImpl.java:removePipeline(245)) - Pipeline Pipeline[ Id: 74c17024-797d-4ac8-bd8d-04a26a98102d, Nodes: 3631a71b-d0c3-46f1-a57c-f0f9ec80367f{ip: 10.1.0.31, host: fv-az164-385.acqy4frhnxdelaro313li45hge.dx.internal.cloudapp.net, ports: [REPLICATION=37865, RATIS=44319, RATIS_ADMIN=44319, RATIS_SERVER=44319, STANDALONE=46159], networkLocation: /default-rack, certSerialId: null, persistedOpState: IN_SERVICE, persistedOpStateExpiryEpochSec: 0}, ReplicationConfig: RATIS/ONE, State:CLOSED, leaderId:3631a71b-d0c3-46f1-a57c-f0f9ec80367f, CreationTimestamp2022-08-02T01:00:07.749Z[Etc/UTC]] removed.
2022-08-02 01:00:34,294 [EventQueue-DeadNodeForDeadNodeHandler] INFO  net.NetworkTopologyImpl (NetworkTopologyImpl.java:remove(190)) - Removed a node: /default-rack/3631a71b-d0c3-46f1-a57c-f0f9ec80367f
2022-08-02 01:00:34,738 [ReplicationMonitor] INFO  replication.LegacyReplicationManager (LegacyReplicationManager.java:sendCloseCommand(1512)) - Sending close container command for container #1 to datanode b0a39cc0-afce-41ab-9888-c09687d0cbc6{ip: 10.1.0.31, host: fv-az164-385.acqy4frhnxdelaro313li45hge.dx.internal.cloudapp.net, ports: [REPLICATION=36001, RATIS=38013, RATIS_ADMIN=38013, RATIS_SERVER=38013, STANDALONE=34021], networkLocation: /default-rack, certSerialId: null, persistedOpState: IN_SERVICE, persistedOpStateExpiryEpochSec: 0}.
2022-08-02 01:00:34,739 [ReplicationMonitor] INFO  replication.LegacyReplicationManager (LegacyReplicationManager.java:sendCloseCommand(1512)) - Sending close container command for container #2 to datanode b0a39cc0-afce-41ab-9888-c09687d0cbc6{ip: 10.1.0.31, host: fv-az164-385.acqy4frhnxdelaro313li45hge.dx.internal.cloudapp.net, ports: [REPLICATION=36001, RATIS=38013, RATIS_ADMIN=38013, RATIS_SERVER=38013, STANDALONE=34021], networkLocation: /default-rack, certSerialId: null, persistedOpState: IN_SERVICE, persistedOpStateExpiryEpochSec: 0}.
2022-08-02 01:00:34,739 [ReplicationMonitor] INFO  replication.LegacyReplicationManager (LegacyReplicationManager.java:sendCloseCommand(1512)) - Sending close container command for container #3 to datanode b0a39cc0-afce-41ab-9888-c09687d0cbc6{ip: 10.1.0.31, host: fv-az164-385.acqy4frhnxdelaro313li45hge.dx.internal.cloudapp.net, ports: [REPLICATION=36001, RATIS=38013, RATIS_ADMIN=38013, RATIS_SERVER=38013, STANDALONE=34021], networkLocation: /default-rack, certSerialId: null, persistedOpState: IN_SERVICE, persistedOpStateExpiryEpochSec: 0}.
2022-08-02 01:00:34,739 [ReplicationMonitor] INFO  replication.ReplicationManager (ReplicationManager.java:processAll(287)) - Replication Monitor Thread took 0 milliseconds for processing 3 containers.
2022-08-02 01:00:35,739 [ReplicationMonitor] INFO  replication.LegacyReplicationManager (LegacyReplicationManager.java:sendCloseCommand(1512)) - Sending close container command for container #1 to datanode b0a39cc0-afce-41ab-9888-c09687d0cbc6{ip: 10.1.0.31, host: fv-az164-385.acqy4frhnxdelaro313li45hge.dx.internal.cloudapp.net, ports: [REPLICATION=36001, RATIS=38013, RATIS_ADMIN=38013, RATIS_SERVER=38013, STANDALONE=34021], networkLocation: /default-rack, certSerialId: null, persistedOpState: IN_SERVICE, persistedOpStateExpiryEpochSec: 0}.
2022-08-02 01:00:35,739 [ReplicationMonitor] INFO  replication.LegacyReplicationManager (LegacyReplicationManager.java:sendCloseCommand(1512)) - Sending close container command for container #2 to datanode b0a39cc0-afce-41ab-9888-c09687d0cbc6{ip: 10.1.0.31, host: fv-az164-385.acqy4frhnxdelaro313li45hge.dx.internal.cloudapp.net, ports: [REPLICATION=36001, RATIS=38013, RATIS_ADMIN=38013, RATIS_SERVER=38013, STANDALONE=34021], networkLocation: /default-rack, certSerialId: null, persistedOpState: IN_SERVICE, persistedOpStateExpiryEpochSec: 0}.
2022-08-02 01:00:35,739 [ReplicationMonitor] INFO  replication.LegacyReplicationManager (LegacyReplicationManager.java:sendCloseCommand(1512)) - Sending close container command for container #3 to datanode b0a39cc0-afce-41ab-9888-c09687d0cbc6{ip: 10.1.0.31, host: fv-az164-385.acqy4frhnxdelaro313li45hge.dx.internal.cloudapp.net, ports: [REPLICATION=36001, RATIS=38013, RATIS_ADMIN=38013, RATIS_SERVER=38013, STANDALONE=34021], networkLocation: /default-rack, certSerialId: null, persistedOpState: IN_SERVICE, persistedOpStateExpiryEpochSec: 0}.
2022-08-02 01:00:35,739 [ReplicationMonitor] INFO  replication.ReplicationManager (ReplicationManager.java:processAll(287)) - Replication Monitor Thread took 1 milliseconds for processing 3 containers.
2022-08-02 01:00:36,195 [Command processor thread] INFO  server.RaftServer (RaftServerProxy.java:remove(107)) - b0a39cc0-afce-41ab-9888-c09687d0cbc6: remove  FOLLOWER b0a39cc0-afce-41ab-9888-c09687d0cbc6@group-2CF20CC8A234:t3, leader=3631a71b-d0c3-46f1-a57c-f0f9ec80367f, voted=3631a71b-d0c3-46f1-a57c-f0f9ec80367f, raftlog=b0a39cc0-afce-41ab-9888-c09687d0cbc6@group-2CF20CC8A234-SegmentedRaftLog:OPENED:c59, conf=0: [b0a39cc0-afce-41ab-9888-c09687d0cbc6|rpc:10.1.0.31:38013|dataStream:|priority:0, 3631a71b-d0c3-46f1-a57c-f0f9ec80367f|rpc:10.1.0.31:44319|dataStream:|priority:1, 0cd63bf1-b762-46d4-93c1-680a80f1790f|rpc:10.1.0.31:33021|dataStream:|priority:0], old=null RUNNING
2022-08-02 01:00:36,195 [Command processor thread] INFO  server.RaftServer$Division (RaftServerImpl.java:lambda$close$4(434)) - b0a39cc0-afce-41ab-9888-c09687d0cbc6@group-2CF20CC8A234: shutdown
2022-08-02 01:00:36,195 [Command processor thread] INFO  util.JmxRegister (JmxRegister.java:unregister(73)) - Successfully un-registered JMX Bean with object name Ratis:service=RaftServer,group=group-2CF20CC8A234,id=b0a39cc0-afce-41ab-9888-c09687d0cbc6
2022-08-02 01:00:36,196 [Command processor thread] INFO  impl.RoleInfo (RoleInfo.java:shutdownFollowerState(110)) - b0a39cc0-afce-41ab-9888-c09687d0cbc6: shutdown b0a39cc0-afce-41ab-9888-c09687d0cbc6@group-2CF20CC8A234-FollowerState
2022-08-02 01:00:36,196 [Command processor thread] INFO  impl.StateMachineUpdater (StateMachineUpdater.java:stopAndJoin(153)) - b0a39cc0-afce-41ab-9888-c09687d0cbc6@group-2CF20CC8A234-StateMachineUpdater: set stopIndex = 59
2022-08-02 01:00:36,196 [b0a39cc0-afce-41ab-9888-c09687d0cbc6@group-2CF20CC8A234-FollowerState] INFO  impl.FollowerState (FollowerState.java:run(152)) - b0a39cc0-afce-41ab-9888-c09687d0cbc6@group-2CF20CC8A234-FollowerState was interrupted
2022-08-02 01:00:36,196 [b0a39cc0-afce-41ab-9888-c09687d0cbc6@group-2CF20CC8A234-StateMachineUpdater] INFO  ratis.ContainerStateMachine (ContainerStateMachine.java:takeSnapshot(304)) - group-2CF20CC8A234: Taking a snapshot at:(t:3, i:59) file /home/runner/work/ozone/ozone/hadoop-ozone/integration-test/target/test-dir/MiniOzoneClusterImpl-ba95f9bc-837e-4f7b-bdb9-4ac74d2039d9/datanode-0/data/ratis/1a4893df-c7b2-47ad-a064-2cf20cc8a234/sm/snapshot.3_59
2022-08-02 01:00:36,198 [b0a39cc0-afce-41ab-9888-c09687d0cbc6@group-2CF20CC8A234-StateMachineUpdater] INFO  ratis.ContainerStateMachine (ContainerStateMachine.java:takeSnapshot(315)) - group-2CF20CC8A234: Finished taking a snapshot at:(t:3, i:59) file:/home/runner/work/ozone/ozone/hadoop-ozone/integration-test/target/test-dir/MiniOzoneClusterImpl-ba95f9bc-837e-4f7b-bdb9-4ac74d2039d9/datanode-0/data/ratis/1a4893df-c7b2-47ad-a064-2cf20cc8a234/sm/snapshot.3_59 took: 3 ms
2022-08-02 01:00:36,199 [b0a39cc0-afce-41ab-9888-c09687d0cbc6@group-2CF20CC8A234-StateMachineUpdater] INFO  impl.StateMachineUpdater (StateMachineUpdater.java:takeSnapshot(287)) - b0a39cc0-afce-41ab-9888-c09687d0cbc6@group-2CF20CC8A234-StateMachineUpdater: Took a snapshot at index 59
2022-08-02 01:00:36,199 [b0a39cc0-afce-41ab-9888-c09687d0cbc6@group-2CF20CC8A234-StateMachineUpdater] INFO  impl.StateMachineUpdater (StateMachineUpdater.java:lambda$new$0(92)) - b0a39cc0-afce-41ab-9888-c09687d0cbc6@group-2CF20CC8A234-StateMachineUpdater: snapshotIndex: updateIncreasingly -1 -> 59
2022-08-02 01:00:36,199 [Command processor thread] INFO  server.RaftServer$Division (ServerState.java:close(429)) - b0a39cc0-afce-41ab-9888-c09687d0cbc6@group-2CF20CC8A234: closes. applyIndex: 59
2022-08-02 01:00:36,200 [b0a39cc0-afce-41ab-9888-c09687d0cbc6@group-2CF20CC8A234-SegmentedRaftLogWorker] INFO  segmented.SegmentedRaftLogWorker (SegmentedRaftLogWorker.java:run(336)) - b0a39cc0-afce-41ab-9888-c09687d0cbc6@group-2CF20CC8A234-SegmentedRaftLogWorker was interrupted, exiting. There are 0 tasks remaining in the queue.
2022-08-02 01:00:36,200 [Command processor thread] INFO  segmented.SegmentedRaftLogWorker (SegmentedRaftLogWorker.java:close(246)) - b0a39cc0-afce-41ab-9888-c09687d0cbc6@group-2CF20CC8A234-SegmentedRaftLogWorker close()
2022-08-02 01:00:36,221 [Command processor thread] INFO  keyvalue.KeyValueContainer (KeyValueContainer.java:flushAndSyncDB(431)) - Container 1 is synced with bcsId 57.
2022-08-02 01:00:36,231 [Command processor thread] INFO  keyvalue.KeyValueContainer (KeyValueContainer.java:flushAndSyncDB(431)) - Container 1 is synced with bcsId 57.
]]></system-out>
    <system-err><![CDATA[Aug 02, 2022 1:00:10 AM org.apache.ratis.thirdparty.io.grpc.internal.ManagedChannelOrphanWrapper$ManagedChannelReference cleanQueue
SEVERE: *~*~*~ Channel ManagedChannelImpl{logId=94, target=10.1.0.31:38683} was not shutdown properly!!! ~*~*~*
    Make sure to call shutdown()/shutdownNow() and wait until awaitTermination() returns true.
java.lang.RuntimeException: ManagedChannel allocation site
	at org.apache.ratis.thirdparty.io.grpc.internal.ManagedChannelOrphanWrapper$ManagedChannelReference.<init>(ManagedChannelOrphanWrapper.java:93)
	at org.apache.ratis.thirdparty.io.grpc.internal.ManagedChannelOrphanWrapper.<init>(ManagedChannelOrphanWrapper.java:53)
	at org.apache.ratis.thirdparty.io.grpc.internal.ManagedChannelOrphanWrapper.<init>(ManagedChannelOrphanWrapper.java:44)
	at org.apache.ratis.thirdparty.io.grpc.internal.ManagedChannelImplBuilder.build(ManagedChannelImplBuilder.java:630)
	at org.apache.ratis.thirdparty.io.grpc.internal.AbstractManagedChannelImplBuilder.build(AbstractManagedChannelImplBuilder.java:297)
	at org.apache.hadoop.hdds.scm.XceiverClientGrpc.connectToDatanode(XceiverClientGrpc.java:205)
	at org.apache.hadoop.hdds.scm.XceiverClientGrpc.connect(XceiverClientGrpc.java:158)
	at org.apache.hadoop.hdds.scm.XceiverClientManager$2.call(XceiverClientManager.java:243)
	at org.apache.hadoop.hdds.scm.XceiverClientManager$2.call(XceiverClientManager.java:224)
	at com.google.common.cache.LocalCache$LocalManualCache$1.load(LocalCache.java:4868)
	at com.google.common.cache.LocalCache$LoadingValueReference.loadFuture(LocalCache.java:3533)
	at com.google.common.cache.LocalCache$Segment.loadSync(LocalCache.java:2282)
	at com.google.common.cache.LocalCache$Segment.lockedGetOrLoad(LocalCache.java:2159)
	at com.google.common.cache.LocalCache$Segment.get(LocalCache.java:2049)
	at com.google.common.cache.LocalCache.get(LocalCache.java:3966)
	at com.google.common.cache.LocalCache$LocalManualCache.get(LocalCache.java:4863)
	at org.apache.hadoop.hdds.scm.XceiverClientManager.getClient(XceiverClientManager.java:224)
	at org.apache.hadoop.hdds.scm.XceiverClientManager.acquireClient(XceiverClientManager.java:168)
	at org.apache.hadoop.hdds.scm.XceiverClientManager.acquireClientForReadData(XceiverClientManager.java:157)
	at org.apache.hadoop.hdds.scm.storage.BlockInputStream.acquireClient(BlockInputStream.java:256)
	at org.apache.hadoop.hdds.scm.storage.BlockInputStream.getChunkInfos(BlockInputStream.java:223)
	at org.apache.hadoop.hdds.scm.storage.BlockInputStream.initialize(BlockInputStream.java:146)
	at org.apache.hadoop.ozone.client.rpc.read.TestChunkInputStream.testChunkReadBuffers(TestChunkInputStream.java:63)
	at org.apache.hadoop.ozone.client.rpc.read.TestChunkInputStream.testAll(TestChunkInputStream.java:45)
	at sun.reflect.NativeMethodAccessorImpl.invoke0(Native Method)
	at sun.reflect.NativeMethodAccessorImpl.invoke(NativeMethodAccessorImpl.java:62)
	at sun.reflect.DelegatingMethodAccessorImpl.invoke(DelegatingMethodAccessorImpl.java:43)
	at java.lang.reflect.Method.invoke(Method.java:498)
	at org.junit.runners.model.FrameworkMethod$1.runReflectiveCall(FrameworkMethod.java:59)
	at org.junit.internal.runners.model.ReflectiveCallable.run(ReflectiveCallable.java:12)
	at org.junit.runners.model.FrameworkMethod.invokeExplosively(FrameworkMethod.java:56)
	at org.junit.internal.runners.statements.InvokeMethod.evaluate(InvokeMethod.java:17)
	at org.junit.internal.runners.statements.RunBefores.evaluate(RunBefores.java:26)
	at org.junit.internal.runners.statements.RunAfters.evaluate(RunAfters.java:27)
	at org.junit.internal.runners.statements.FailOnTimeout$CallableStatement.call(FailOnTimeout.java:288)
	at org.junit.internal.runners.statements.FailOnTimeout$CallableStatement.call(FailOnTimeout.java:282)
	at java.util.concurrent.FutureTask.run(FutureTask.java:266)
	at java.lang.Thread.run(Thread.java:750)

Aug 02, 2022 1:00:10 AM org.apache.ratis.thirdparty.io.grpc.internal.ManagedChannelOrphanWrapper$ManagedChannelReference cleanQueue
SEVERE: *~*~*~ Channel ManagedChannelImpl{logId=101, target=10.1.0.31:38847} was not shutdown properly!!! ~*~*~*
    Make sure to call shutdown()/shutdownNow() and wait until awaitTermination() returns true.
java.lang.RuntimeException: ManagedChannel allocation site
	at org.apache.ratis.thirdparty.io.grpc.internal.ManagedChannelOrphanWrapper$ManagedChannelReference.<init>(ManagedChannelOrphanWrapper.java:93)
	at org.apache.ratis.thirdparty.io.grpc.internal.ManagedChannelOrphanWrapper.<init>(ManagedChannelOrphanWrapper.java:53)
	at org.apache.ratis.thirdparty.io.grpc.internal.ManagedChannelOrphanWrapper.<init>(ManagedChannelOrphanWrapper.java:44)
	at org.apache.ratis.thirdparty.io.grpc.internal.ManagedChannelImplBuilder.build(ManagedChannelImplBuilder.java:630)
	at org.apache.ratis.thirdparty.io.grpc.internal.AbstractManagedChannelImplBuilder.build(AbstractManagedChannelImplBuilder.java:297)
	at org.apache.hadoop.hdds.scm.XceiverClientGrpc.connectToDatanode(XceiverClientGrpc.java:205)
	at org.apache.hadoop.hdds.scm.XceiverClientGrpc.reconnect(XceiverClientGrpc.java:579)
	at org.apache.hadoop.hdds.scm.XceiverClientGrpc.checkOpen(XceiverClientGrpc.java:570)
	at org.apache.hadoop.hdds.scm.XceiverClientGrpc.sendCommandAsync(XceiverClientGrpc.java:500)
	at org.apache.hadoop.hdds.scm.XceiverClientGrpc.sendCommandWithRetry(XceiverClientGrpc.java:402)
	at org.apache.hadoop.hdds.scm.XceiverClientGrpc.lambda$sendCommandWithTraceIDAndRetry$0(XceiverClientGrpc.java:344)
	at org.apache.hadoop.hdds.tracing.TracingUtil.executeInSpan(TracingUtil.java:177)
	at org.apache.hadoop.hdds.tracing.TracingUtil.executeInNewSpan(TracingUtil.java:151)
	at org.apache.hadoop.hdds.scm.XceiverClientGrpc.sendCommandWithTraceIDAndRetry(XceiverClientGrpc.java:338)
	at org.apache.hadoop.hdds.scm.XceiverClientGrpc.sendCommand(XceiverClientGrpc.java:319)
	at org.apache.hadoop.hdds.scm.storage.ContainerProtocolCalls.getBlock(ContainerProtocolCalls.java:152)
	at org.apache.hadoop.hdds.scm.storage.BlockInputStream.getChunkInfos(BlockInputStream.java:242)
	at org.apache.hadoop.hdds.scm.storage.BlockInputStream.initialize(BlockInputStream.java:146)
	at org.apache.hadoop.ozone.client.rpc.read.TestChunkInputStream.testBufferRelease(TestChunkInputStream.java:128)
	at org.apache.hadoop.ozone.client.rpc.read.TestChunkInputStream.testAll(TestChunkInputStream.java:46)
	at sun.reflect.NativeMethodAccessorImpl.invoke0(Native Method)
	at sun.reflect.NativeMethodAccessorImpl.invoke(NativeMethodAccessorImpl.java:62)
	at sun.reflect.DelegatingMethodAccessorImpl.invoke(DelegatingMethodAccessorImpl.java:43)
	at java.lang.reflect.Method.invoke(Method.java:498)
	at org.junit.runners.model.FrameworkMethod$1.runReflectiveCall(FrameworkMethod.java:59)
	at org.junit.internal.runners.model.ReflectiveCallable.run(ReflectiveCallable.java:12)
	at org.junit.runners.model.FrameworkMethod.invokeExplosively(FrameworkMethod.java:56)
	at org.junit.internal.runners.statements.InvokeMethod.evaluate(InvokeMethod.java:17)
	at org.junit.internal.runners.statements.RunBefores.evaluate(RunBefores.java:26)
	at org.junit.internal.runners.statements.RunAfters.evaluate(RunAfters.java:27)
	at org.junit.internal.runners.statements.FailOnTimeout$CallableStatement.call(FailOnTimeout.java:288)
	at org.junit.internal.runners.statements.FailOnTimeout$CallableStatement.call(FailOnTimeout.java:282)
	at java.util.concurrent.FutureTask.run(FutureTask.java:266)
	at java.lang.Thread.run(Thread.java:750)

Aug 02, 2022 1:00:10 AM org.apache.ratis.thirdparty.io.grpc.internal.ManagedChannelOrphanWrapper$ManagedChannelReference cleanQueue
SEVERE: *~*~*~ Channel ManagedChannelImpl{logId=96, target=10.1.0.31:42107} was not shutdown properly!!! ~*~*~*
    Make sure to call shutdown()/shutdownNow() and wait until awaitTermination() returns true.
java.lang.RuntimeException: ManagedChannel allocation site
	at org.apache.ratis.thirdparty.io.grpc.internal.ManagedChannelOrphanWrapper$ManagedChannelReference.<init>(ManagedChannelOrphanWrapper.java:93)
	at org.apache.ratis.thirdparty.io.grpc.internal.ManagedChannelOrphanWrapper.<init>(ManagedChannelOrphanWrapper.java:53)
	at org.apache.ratis.thirdparty.io.grpc.internal.ManagedChannelOrphanWrapper.<init>(ManagedChannelOrphanWrapper.java:44)
	at org.apache.ratis.thirdparty.io.grpc.internal.ManagedChannelImplBuilder.build(ManagedChannelImplBuilder.java:630)
	at org.apache.ratis.thirdparty.io.grpc.internal.AbstractManagedChannelImplBuilder.build(AbstractManagedChannelImplBuilder.java:297)
	at org.apache.hadoop.hdds.scm.XceiverClientGrpc.connectToDatanode(XceiverClientGrpc.java:205)
	at org.apache.hadoop.hdds.scm.XceiverClientGrpc.reconnect(XceiverClientGrpc.java:579)
	at org.apache.hadoop.hdds.scm.XceiverClientGrpc.checkOpen(XceiverClientGrpc.java:570)
	at org.apache.hadoop.hdds.scm.XceiverClientGrpc.sendCommandAsync(XceiverClientGrpc.java:500)
	at org.apache.hadoop.hdds.scm.XceiverClientGrpc.sendCommandWithRetry(XceiverClientGrpc.java:402)
	at org.apache.hadoop.hdds.scm.XceiverClientGrpc.lambda$sendCommandWithTraceIDAndRetry$0(XceiverClientGrpc.java:344)
	at org.apache.hadoop.hdds.tracing.TracingUtil.executeInSpan(TracingUtil.java:177)
	at org.apache.hadoop.hdds.tracing.TracingUtil.executeInNewSpan(TracingUtil.java:151)
	at org.apache.hadoop.hdds.scm.XceiverClientGrpc.sendCommandWithTraceIDAndRetry(XceiverClientGrpc.java:338)
	at org.apache.hadoop.hdds.scm.XceiverClientGrpc.sendCommand(XceiverClientGrpc.java:319)
	at org.apache.hadoop.hdds.scm.storage.ContainerProtocolCalls.getBlock(ContainerProtocolCalls.java:152)
	at org.apache.hadoop.hdds.scm.storage.BlockInputStream.getChunkInfos(BlockInputStream.java:242)
	at org.apache.hadoop.hdds.scm.storage.BlockInputStream.initialize(BlockInputStream.java:146)
	at org.apache.hadoop.ozone.client.rpc.read.TestChunkInputStream.testChunkReadBuffers(TestChunkInputStream.java:63)
	at org.apache.hadoop.ozone.client.rpc.read.TestChunkInputStream.testAll(TestChunkInputStream.java:45)
	at sun.reflect.NativeMethodAccessorImpl.invoke0(Native Method)
	at sun.reflect.NativeMethodAccessorImpl.invoke(NativeMethodAccessorImpl.java:62)
	at sun.reflect.DelegatingMethodAccessorImpl.invoke(DelegatingMethodAccessorImpl.java:43)
	at java.lang.reflect.Method.invoke(Method.java:498)
	at org.junit.runners.model.FrameworkMethod$1.runReflectiveCall(FrameworkMethod.java:59)
	at org.junit.internal.runners.model.ReflectiveCallable.run(ReflectiveCallable.java:12)
	at org.junit.runners.model.FrameworkMethod.invokeExplosively(FrameworkMethod.java:56)
	at org.junit.internal.runners.statements.InvokeMethod.evaluate(InvokeMethod.java:17)
	at org.junit.internal.runners.statements.RunBefores.evaluate(RunBefores.java:26)
	at org.junit.internal.runners.statements.RunAfters.evaluate(RunAfters.java:27)
	at org.junit.internal.runners.statements.FailOnTimeout$CallableStatement.call(FailOnTimeout.java:288)
	at org.junit.internal.runners.statements.FailOnTimeout$CallableStatement.call(FailOnTimeout.java:282)
	at java.util.concurrent.FutureTask.run(FutureTask.java:266)
	at java.lang.Thread.run(Thread.java:750)

]]></system-err>
  </testcase>
</testsuite>