<?xml version="1.0" encoding="UTF-8"?>
<testsuite xmlns:xsi="http://www.w3.org/2001/XMLSchema-instance" xsi:noNamespaceSchemaLocation="https://maven.apache.org/surefire/maven-surefire-plugin/xsd/surefire-test-report-3.0.xsd" version="3.0" name="org.apache.hadoop.ozone.parser.TestOzoneHARatisLogParser" time="74.956" tests="1" errors="1" skipped="0" failures="0">
  <properties>
    <property name="awt.toolkit" value="sun.awt.X11.XToolkit"/>
    <property name="file.encoding.pkg" value="sun.io"/>
    <property name="java.specification.version" value="1.8"/>
    <property name="sun.cpu.isalist" value=""/>
    <property name="sun.jnu.encoding" value="UTF-8"/>
    <property name="java.class.path" value="/home/runner/work/ozone/ozone/hadoop-ozone/integration-test/target/test-classes:/home/runner/work/ozone/ozone/hadoop-ozone/integration-test/target/classes:/home/runner/.m2/repository/org/apache/ozone/ozone-common/1.3.0-SNAPSHOT/ozone-common-1.3.0-SNAPSHOT.jar:/home/runner/.m2/repository/io/grpc/grpc-netty/1.48.1/grpc-netty-1.48.1.jar:/home/runner/.m2/repository/io/grpc/grpc-core/1.48.1/grpc-core-1.48.1.jar:/home/runner/.m2/repository/com/google/android/annotations/4.1.1.4/annotations-4.1.1.4.jar:/home/runner/.m2/repository/org/codehaus/mojo/animal-sniffer-annotations/1.21/animal-sniffer-annotations-1.21.jar:/home/runner/.m2/repository/com/google/errorprone/error_prone_annotations/2.2.0/error_prone_annotations-2.2.0.jar:/home/runner/.m2/repository/io/perfmark/perfmark-api/0.25.0/perfmark-api-0.25.0.jar:/home/runner/.m2/repository/io/netty/netty-codec-http2/4.1.79.Final/netty-codec-http2-4.1.79.Final.jar:/home/runner/.m2/repository/io/netty/netty-common/4.1.79.Final/netty-common-4.1.79.Final.jar:/home/runner/.m2/repository/io/netty/netty-buffer/4.1.79.Final/netty-buffer-4.1.79.Final.jar:/home/runner/.m2/repository/io/netty/netty-codec-http/4.1.79.Final/netty-codec-http-4.1.79.Final.jar:/home/runner/.m2/repository/io/netty/netty-handler-proxy/4.1.79.Final/netty-handler-proxy-4.1.79.Final.jar:/home/runner/.m2/repository/io/netty/netty-codec-socks/4.1.79.Final/netty-codec-socks-4.1.79.Final.jar:/home/runner/.m2/repository/io/netty/netty-tcnative-boringssl-static/2.0.53.Final/netty-tcnative-boringssl-static-2.0.53.Final.jar:/home/runner/.m2/repository/io/netty/netty-tcnative-classes/2.0.53.Final/netty-tcnative-classes-2.0.53.Final.jar:/home/runner/.m2/repository/io/netty/netty-tcnative-boringssl-static/2.0.53.Final/netty-tcnative-boringssl-static-2.0.53.Final-linux-x86_64.jar:/home/runner/.m2/repository/io/netty/netty-tcnative-boringssl-static/2.0.53.Final/netty-tcnative-boringssl-static-2.0.53.Final-linux-aarch_64.jar:/home/runner/.m2/repository/io/netty/netty-tcnative-boringssl-static/2.0.53.Final/netty-tcnative-boringssl-static-2.0.53.Final-osx-x86_64.jar:/home/runner/.m2/repository/io/netty/netty-tcnative-boringssl-static/2.0.53.Final/netty-tcnative-boringssl-static-2.0.53.Final-osx-aarch_64.jar:/home/runner/.m2/repository/io/netty/netty-tcnative-boringssl-static/2.0.53.Final/netty-tcnative-boringssl-static-2.0.53.Final-windows-x86_64.jar:/home/runner/.m2/repository/org/apache/commons/commons-compress/1.21/commons-compress-1.21.jar:/home/runner/.m2/repository/org/apache/ozone/hdds-common/1.3.0-SNAPSHOT/hdds-common-1.3.0-SNAPSHOT.jar:/home/runner/.m2/repository/org/apache/ozone/hdds-client/1.3.0-SNAPSHOT/hdds-client-1.3.0-SNAPSHOT.jar:/home/runner/.m2/repository/org/apache/ozone/ozone-interface-client/1.3.0-SNAPSHOT/ozone-interface-client-1.3.0-SNAPSHOT.jar:/home/runner/.m2/repository/org/apache/ozone/hdds-test-utils/1.3.0-SNAPSHOT/hdds-test-utils-1.3.0-SNAPSHOT.jar:/home/runner/.m2/repository/com/google/guava/guava/31.1-jre/guava-31.1-jre.jar:/home/runner/.m2/repository/com/google/guava/failureaccess/1.0.1/failureaccess-1.0.1.jar:/home/runner/.m2/repository/com/google/guava/listenablefuture/9999.0-empty-to-avoid-conflict-with-guava/listenablefuture-9999.0-empty-to-avoid-conflict-with-guava.jar:/home/runner/.m2/repository/com/google/code/findbugs/jsr305/3.0.0/jsr305-3.0.0.jar:/home/runner/.m2/repository/org/checkerframework/checker-qual/3.12.0/checker-qual-3.12.0.jar:/home/runner/.m2/repository/com/google/j2objc/j2objc-annotations/1.3/j2objc-annotations-1.3.jar:/home/runner/.m2/repository/commons-io/commons-io/2.11.0/commons-io-2.11.0.jar:/home/runner/.m2/repository/commons-logging/commons-logging/1.2/commons-logging-1.2.jar:/home/runner/.m2/repository/log4j/log4j/1.2.17/log4j-1.2.17.jar:/home/runner/.m2/repository/org/slf4j/slf4j-api/1.7.30/slf4j-api-1.7.30.jar:/home/runner/.m2/repository/org/apache/ozone/hdds-server-scm/1.3.0-SNAPSHOT/hdds-server-scm-1.3.0-SNAPSHOT.jar:/home/runner/.m2/repository/org/apache/ozone/hdds-container-service/1.3.0-SNAPSHOT/hdds-container-service-1.3.0-SNAPSHOT.jar:/home/runner/.m2/repository/org/apache/ozone/hdds-hadoop-dependency-server/1.3.0-SNAPSHOT/hdds-hadoop-dependency-server-1.3.0-SNAPSHOT.jar:/home/runner/.m2/repository/org/apache/hadoop/hadoop-hdfs/3.3.1/hadoop-hdfs-3.3.1.jar:/home/runner/.m2/repository/org/apache/ozone/hdds-server-framework/1.3.0-SNAPSHOT/hdds-server-framework-1.3.0-SNAPSHOT.jar:/home/runner/.m2/repository/org/apache/ozone/hdds-interface-server/1.3.0-SNAPSHOT/hdds-interface-server-1.3.0-SNAPSHOT.jar:/home/runner/.m2/repository/org/apache/logging/log4j/log4j-core/2.17.1/log4j-core-2.17.1.jar:/home/runner/.m2/repository/com/lmax/disruptor/3.4.2/disruptor-3.4.2.jar:/home/runner/.m2/repository/org/eclipse/jetty/jetty-servlet/9.4.43.v20210629/jetty-servlet-9.4.43.v20210629.jar:/home/runner/.m2/repository/org/eclipse/jetty/jetty-security/9.4.43.v20210629/jetty-security-9.4.43.v20210629.jar:/home/runner/.m2/repository/org/rocksdb/rocksdbjni/7.4.5/rocksdbjni-7.4.5.jar:/home/runner/.m2/repository/io/prometheus/simpleclient_dropwizard/0.7.0/simpleclient_dropwizard-0.7.0.jar:/home/runner/.m2/repository/io/prometheus/simpleclient/0.7.0/simpleclient-0.7.0.jar:/home/runner/.m2/repository/io/prometheus/simpleclient_common/0.7.0/simpleclient_common-0.7.0.jar:/home/runner/.m2/repository/io/dropwizard/metrics/metrics-core/3.2.4/metrics-core-3.2.4.jar:/home/runner/.m2/repository/org/apache/hadoop/hadoop-hdfs-client/3.3.1/hadoop-hdfs-client-3.3.1.jar:/home/runner/.m2/repository/org/bouncycastle/bcprov-jdk15on/1.67/bcprov-jdk15on-1.67.jar:/home/runner/.m2/repository/com/google/protobuf/protobuf-java/2.5.0/protobuf-java-2.5.0.jar:/home/runner/.m2/repository/org/apache/ozone/ozone-manager/1.3.0-SNAPSHOT/ozone-manager-1.3.0-SNAPSHOT.jar:/home/runner/.m2/repository/org/aspectj/aspectjrt/1.9.7/aspectjrt-1.9.7.jar:/home/runner/.m2/repository/org/aspectj/aspectjweaver/1.9.7/aspectjweaver-1.9.7.jar:/home/runner/.m2/repository/org/apache/ozone/hdds-interface-client/1.3.0-SNAPSHOT/hdds-interface-client-1.3.0-SNAPSHOT.jar:/home/runner/.m2/repository/org/apache/hadoop/thirdparty/hadoop-shaded-protobuf_3_7/1.1.1/hadoop-shaded-protobuf_3_7-1.1.1.jar:/home/runner/.m2/repository/org/apache/ozone/ozone-interface-storage/1.3.0-SNAPSHOT/ozone-interface-storage-1.3.0-SNAPSHOT.jar:/home/runner/.m2/repository/org/reflections/reflections/0.9.11/reflections-0.9.11.jar:/home/runner/.m2/repository/com/sun/jersey/jersey-client/1.19/jersey-client-1.19.jar:/home/runner/.m2/repository/org/apache/ranger/ranger-intg/2.3.0/ranger-intg-2.3.0.jar:/home/runner/.m2/repository/org/apache/ranger/ranger-plugins-common/2.3.0/ranger-plugins-common-2.3.0.jar:/home/runner/.m2/repository/commons-lang/commons-lang/2.6/commons-lang-2.6.jar:/home/runner/.m2/repository/org/codehaus/jackson/jackson-jaxrs/1.9.13/jackson-jaxrs-1.9.13.jar:/home/runner/.m2/repository/org/apache/ranger/ranger-plugins-cred/2.3.0/ranger-plugins-cred-2.3.0.jar:/home/runner/.m2/repository/org/apache/ranger/ranger-plugins-audit/2.3.0/ranger-plugins-audit-2.3.0.jar:/home/runner/.m2/repository/org/eclipse/jetty/jetty-client/9.4.31.v20200723/jetty-client-9.4.31.v20200723.jar:/home/runner/.m2/repository/org/apache/httpcomponents/httpmime/4.5.6/httpmime-4.5.6.jar:/home/runner/.m2/repository/org/apache/httpcomponents/httpcore-nio/4.4.6/httpcore-nio-4.4.6.jar:/home/runner/.m2/repository/org/apache/httpcomponents/httpasyncclient/4.1.3/httpasyncclient-4.1.3.jar:/home/runner/.m2/repository/com/carrotsearch/hppc/0.8.0/hppc-0.8.0.jar:/home/runner/.m2/repository/org/apache/orc/orc-core/1.5.8/orc-core-1.5.8.jar:/home/runner/.m2/repository/net/java/dev/jna/jna/5.2.0/jna-5.2.0.jar:/home/runner/.m2/repository/net/java/dev/jna/jna-platform/5.2.0/jna-platform-5.2.0.jar:/home/runner/.m2/repository/com/kstruct/gethostname4j/0.0.2/gethostname4j-0.0.2.jar:/home/runner/.m2/repository/org/apache/ranger/ranger-plugin-classloader/2.3.0/ranger-plugin-classloader-2.3.0.jar:/home/runner/.m2/repository/org/apache/hadoop/hadoop-minikdc/3.3.1/hadoop-minikdc-3.3.1.jar:/home/runner/.m2/repository/org/apache/kerby/kerb-simplekdc/1.0.1/kerb-simplekdc-1.0.1.jar:/home/runner/.m2/repository/org/apache/kerby/kerb-client/1.0.1/kerb-client-1.0.1.jar:/home/runner/.m2/repository/org/apache/kerby/kerby-config/1.0.1/kerby-config-1.0.1.jar:/home/runner/.m2/repository/org/apache/kerby/kerb-common/1.0.1/kerb-common-1.0.1.jar:/home/runner/.m2/repository/org/apache/kerby/kerb-crypto/1.0.1/kerb-crypto-1.0.1.jar:/home/runner/.m2/repository/org/apache/kerby/kerb-util/1.0.1/kerb-util-1.0.1.jar:/home/runner/.m2/repository/org/apache/kerby/token-provider/1.0.1/token-provider-1.0.1.jar:/home/runner/.m2/repository/org/apache/kerby/kerb-admin/1.0.1/kerb-admin-1.0.1.jar:/home/runner/.m2/repository/org/apache/kerby/kerb-server/1.0.1/kerb-server-1.0.1.jar:/home/runner/.m2/repository/org/apache/kerby/kerb-identity/1.0.1/kerb-identity-1.0.1.jar:/home/runner/.m2/repository/org/apache/kerby/kerby-xdr/1.0.1/kerby-xdr-1.0.1.jar:/home/runner/.m2/repository/org/slf4j/slf4j-log4j12/1.7.30/slf4j-log4j12-1.7.30.jar:/home/runner/.m2/repository/org/apache/ozone/ozone-s3gateway/1.3.0-SNAPSHOT/ozone-s3gateway-1.3.0-SNAPSHOT.jar:/home/runner/.m2/repository/org/javassist/javassist/3.21.0-GA/javassist-3.21.0-GA.jar:/home/runner/.m2/repository/org/jboss/weld/servlet/weld-servlet/2.4.7.Final/weld-servlet-2.4.7.Final.jar:/home/runner/.m2/repository/org/glassfish/jersey/containers/jersey-container-servlet-core/2.33/jersey-container-servlet-core-2.33.jar:/home/runner/.m2/repository/org/glassfish/hk2/external/jakarta.inject/2.6.1/jakarta.inject-2.6.1.jar:/home/runner/.m2/repository/org/glassfish/jersey/core/jersey-common/2.33/jersey-common-2.33.jar:/home/runner/.m2/repository/jakarta/ws/rs/jakarta.ws.rs-api/2.1.6/jakarta.ws.rs-api-2.1.6.jar:/home/runner/.m2/repository/org/glassfish/jersey/ext/cdi/jersey-cdi1x/2.33/jersey-cdi1x-2.33.jar:/home/runner/.m2/repository/org/glassfish/jersey/inject/jersey-hk2/2.33/jersey-hk2-2.33.jar:/home/runner/.m2/repository/org/glassfish/hk2/hk2-locator/2.6.1/hk2-locator-2.6.1.jar:/home/runner/.m2/repository/org/glassfish/jersey/media/jersey-media-jaxb/2.33/jersey-media-jaxb-2.33.jar:/home/runner/.m2/repository/org/glassfish/hk2/osgi-resource-locator/1.0.3/osgi-resource-locator-1.0.3.jar:/home/runner/.m2/repository/org/glassfish/hk2/hk2-api/2.5.0/hk2-api-2.5.0.jar:/home/runner/.m2/repository/org/glassfish/hk2/hk2-utils/2.5.0/hk2-utils-2.5.0.jar:/home/runner/.m2/repository/org/glassfish/hk2/external/aopalliance-repackaged/2.5.0/aopalliance-repackaged-2.5.0.jar:/home/runner/.m2/repository/com/fasterxml/jackson/dataformat/jackson-dataformat-xml/2.13.2/jackson-dataformat-xml-2.13.2.jar:/home/runner/.m2/repository/com/fasterxml/jackson/core/jackson-core/2.13.2/jackson-core-2.13.2.jar:/home/runner/.m2/repository/org/codehaus/woodstox/stax2-api/3.1.4/stax2-api-3.1.4.jar:/home/runner/.m2/repository/com/fasterxml/woodstox/woodstox-core/5.0.3/woodstox-core-5.0.3.jar:/home/runner/.m2/repository/com/fasterxml/jackson/module/jackson-module-jaxb-annotations/2.13.2/jackson-module-jaxb-annotations-2.13.2.jar:/home/runner/.m2/repository/jakarta/xml/bind/jakarta.xml.bind-api/2.3.3/jakarta.xml.bind-api-2.3.3.jar:/home/runner/.m2/repository/jakarta/activation/jakarta.activation-api/1.2.1/jakarta.activation-api-1.2.1.jar:/home/runner/.m2/repository/javax/enterprise/cdi-api/1.2/cdi-api-1.2.jar:/home/runner/.m2/repository/javax/el/javax.el-api/3.0.0/javax.el-api-3.0.0.jar:/home/runner/.m2/repository/javax/interceptor/javax.interceptor-api/1.2/javax.interceptor-api-1.2.jar:/home/runner/.m2/repository/javax/inject/javax.inject/1/javax.inject-1.jar:/home/runner/.m2/repository/javax/xml/bind/jaxb-api/2.3.0/jaxb-api-2.3.0.jar:/home/runner/.m2/repository/org/glassfish/jaxb/jaxb-runtime/2.3.0.1/jaxb-runtime-2.3.0.1.jar:/home/runner/.m2/repository/org/glassfish/jaxb/jaxb-core/2.3.0.1/jaxb-core-2.3.0.1.jar:/home/runner/.m2/repository/org/glassfish/jaxb/txw2/2.3.0.1/txw2-2.3.0.1.jar:/home/runner/.m2/repository/com/sun/istack/istack-commons-runtime/3.0.5/istack-commons-runtime-3.0.5.jar:/home/runner/.m2/repository/org/jvnet/staxex/stax-ex/1.7.8/stax-ex-1.7.8.jar:/home/runner/.m2/repository/com/sun/xml/fastinfoset/FastInfoset/1.2.13/FastInfoset-1.2.13.jar:/home/runner/.m2/repository/javax/activation/activation/1.1.1/activation-1.1.1.jar:/home/runner/.m2/repository/io/grpc/grpc-protobuf/1.48.1/grpc-protobuf-1.48.1.jar:/home/runner/.m2/repository/io/grpc/grpc-api/1.48.1/grpc-api-1.48.1.jar:/home/runner/.m2/repository/io/grpc/grpc-context/1.48.1/grpc-context-1.48.1.jar:/home/runner/.m2/repository/com/google/api/grpc/proto-google-common-protos/2.9.0/proto-google-common-protos-2.9.0.jar:/home/runner/.m2/repository/io/grpc/grpc-protobuf-lite/1.48.1/grpc-protobuf-lite-1.48.1.jar:/home/runner/.m2/repository/io/grpc/grpc-stub/1.48.1/grpc-stub-1.48.1.jar:/home/runner/.m2/repository/io/netty/netty-transport/4.1.79.Final/netty-transport-4.1.79.Final.jar:/home/runner/.m2/repository/io/netty/netty-resolver/4.1.79.Final/netty-resolver-4.1.79.Final.jar:/home/runner/.m2/repository/org/apache/ozone/ozone-csi/1.3.0-SNAPSHOT/ozone-csi-1.3.0-SNAPSHOT.jar:/home/runner/.m2/repository/com/google/protobuf/protobuf-java-util/3.19.2/protobuf-java-util-3.19.2.jar:/home/runner/.m2/repository/com/google/code/gson/gson/2.9.0/gson-2.9.0.jar:/home/runner/.m2/repository/org/apache/ozone/hdds-config/1.3.0-SNAPSHOT/hdds-config-1.3.0-SNAPSHOT.jar:/home/runner/.m2/repository/io/netty/netty-transport-native-epoll/4.1.79.Final/netty-transport-native-epoll-4.1.79.Final-linux-x86_64.jar:/home/runner/.m2/repository/io/netty/netty-transport-classes-epoll/4.1.79.Final/netty-transport-classes-epoll-4.1.79.Final.jar:/home/runner/.m2/repository/io/netty/netty-transport-native-unix-common/4.1.79.Final/netty-transport-native-unix-common-4.1.79.Final.jar:/home/runner/.m2/repository/org/apache/ozone/ozone-recon/1.3.0-SNAPSHOT/ozone-recon-1.3.0-SNAPSHOT.jar:/home/runner/.m2/repository/org/apache/ozone/ozone-reconcodegen/1.3.0-SNAPSHOT/ozone-reconcodegen-1.3.0-SNAPSHOT.jar:/home/runner/.m2/repository/com/google/inject/extensions/guice-multibindings/4.0/guice-multibindings-4.0.jar:/home/runner/.m2/repository/com/google/inject/guice/4.0/guice-4.0.jar:/home/runner/.m2/repository/aopalliance/aopalliance/1.0/aopalliance-1.0.jar:/home/runner/.m2/repository/com/google/inject/extensions/guice-assistedinject/4.0/guice-assistedinject-4.0.jar:/home/runner/.m2/repository/com/google/inject/extensions/guice-servlet/4.0/guice-servlet-4.0.jar:/home/runner/.m2/repository/org/glassfish/jersey/containers/jersey-container-servlet/2.33/jersey-container-servlet-2.33.jar:/home/runner/.m2/repository/org/glassfish/hk2/guice-bridge/2.5.0/guice-bridge-2.5.0.jar:/home/runner/.m2/repository/org/glassfish/jersey/core/jersey-server/2.33/jersey-server-2.33.jar:/home/runner/.m2/repository/org/glassfish/jersey/core/jersey-client/2.33/jersey-client-2.33.jar:/home/runner/.m2/repository/jakarta/annotation/jakarta.annotation-api/1.3.5/jakarta.annotation-api-1.3.5.jar:/home/runner/.m2/repository/jakarta/validation/jakarta.validation-api/2.0.2/jakarta.validation-api-2.0.2.jar:/home/runner/.m2/repository/org/glassfish/jersey/media/jersey-media-json-jackson/2.33/jersey-media-json-jackson-2.33.jar:/home/runner/.m2/repository/org/glassfish/jersey/ext/jersey-entity-filtering/2.33/jersey-entity-filtering-2.33.jar:/home/runner/.m2/repository/org/jooq/jooq/3.11.10/jooq-3.11.10.jar:/home/runner/.m2/repository/org/jooq/jooq-meta/3.11.10/jooq-meta-3.11.10.jar:/home/runner/.m2/repository/org/jooq/jooq-codegen/3.11.10/jooq-codegen-3.11.10.jar:/home/runner/.m2/repository/com/jolbox/bonecp/0.8.0.RELEASE/bonecp-0.8.0.RELEASE.jar:/home/runner/.m2/repository/org/apache/derby/derby/10.14.2.0/derby-10.14.2.0.jar:/home/runner/.m2/repository/org/xerial/sqlite-jdbc/3.25.2/sqlite-jdbc-3.25.2.jar:/home/runner/.m2/repository/org/springframework/spring-jdbc/5.2.20.RELEASE/spring-jdbc-5.2.20.RELEASE.jar:/home/runner/.m2/repository/org/springframework/spring-beans/5.2.20.RELEASE/spring-beans-5.2.20.RELEASE.jar:/home/runner/.m2/repository/org/springframework/spring-core/5.2.20.RELEASE/spring-core-5.2.20.RELEASE.jar:/home/runner/.m2/repository/org/springframework/spring-jcl/5.2.20.RELEASE/spring-jcl-5.2.20.RELEASE.jar:/home/runner/.m2/repository/org/springframework/spring-tx/5.2.20.RELEASE/spring-tx-5.2.20.RELEASE.jar:/home/runner/.m2/repository/org/apache/ozone/ozone-client/1.3.0-SNAPSHOT/ozone-client-1.3.0-SNAPSHOT.jar:/home/runner/.m2/repository/org/apache/ozone/hdds-erasurecode/1.3.0-SNAPSHOT/hdds-erasurecode-1.3.0-SNAPSHOT.jar:/home/runner/.m2/repository/com/github/spotbugs/spotbugs-annotations/3.1.12/spotbugs-annotations-3.1.12.jar:/home/runner/.m2/repository/org/apache/ozone/ozone-filesystem/1.3.0-SNAPSHOT/ozone-filesystem-1.3.0-SNAPSHOT.jar:/home/runner/.m2/repository/org/apache/ozone/ozone-filesystem-common/1.3.0-SNAPSHOT/ozone-filesystem-common-1.3.0-SNAPSHOT.jar:/home/runner/.m2/repository/org/apache/ozone/ozone-tools/1.3.0-SNAPSHOT/ozone-tools-1.3.0-SNAPSHOT.jar:/home/runner/.m2/repository/org/apache/ratis/ratis-tools/2.3.0/ratis-tools-2.3.0.jar:/home/runner/.m2/repository/com/amazonaws/aws-java-sdk-core/1.12.261/aws-java-sdk-core-1.12.261.jar:/home/runner/.m2/repository/org/apache/httpcomponents/httpclient/4.5.13/httpclient-4.5.13.jar:/home/runner/.m2/repository/org/apache/httpcomponents/httpcore/4.4.13/httpcore-4.4.13.jar:/home/runner/.m2/repository/software/amazon/ion/ion-java/1.0.2/ion-java-1.0.2.jar:/home/runner/.m2/repository/com/fasterxml/jackson/dataformat/jackson-dataformat-cbor/2.13.2/jackson-dataformat-cbor-2.13.2.jar:/home/runner/.m2/repository/joda-time/joda-time/2.8.1/joda-time-2.8.1.jar:/home/runner/.m2/repository/com/amazonaws/aws-java-sdk-s3/1.12.261/aws-java-sdk-s3-1.12.261.jar:/home/runner/.m2/repository/com/amazonaws/aws-java-sdk-kms/1.12.261/aws-java-sdk-kms-1.12.261.jar:/home/runner/.m2/repository/com/amazonaws/jmespath-java/1.12.261/jmespath-java-1.12.261.jar:/home/runner/.m2/repository/org/kohsuke/metainf-services/metainf-services/1.8/metainf-services-1.8.jar:/home/runner/.m2/repository/org/apache/ozone/hdds-tools/1.3.0-SNAPSHOT/hdds-tools-1.3.0-SNAPSHOT.jar:/home/runner/.m2/repository/commons-cli/commons-cli/1.2/commons-cli-1.2.jar:/home/runner/.m2/repository/org/apache/commons/commons-lang3/3.7/commons-lang3-3.7.jar:/home/runner/.m2/repository/org/apache/ozone/ozone-manager/1.3.0-SNAPSHOT/ozone-manager-1.3.0-SNAPSHOT-tests.jar:/home/runner/.m2/repository/org/apache/ozone/hdds-common/1.3.0-SNAPSHOT/hdds-common-1.3.0-SNAPSHOT-tests.jar:/home/runner/.m2/repository/org/apache/ozone/hdds-hadoop-dependency-client/1.3.0-SNAPSHOT/hdds-hadoop-dependency-client-1.3.0-SNAPSHOT.jar:/home/runner/.m2/repository/info/picocli/picocli/4.6.1/picocli-4.6.1.jar:/home/runner/.m2/repository/com/fasterxml/jackson/core/jackson-annotations/2.13.2/jackson-annotations-2.13.2.jar:/home/runner/.m2/repository/com/fasterxml/jackson/datatype/jackson-datatype-jsr310/2.13.2/jackson-datatype-jsr310-2.13.2.jar:/home/runner/.m2/repository/org/apache/ozone/hdds-annotation-processing/1.3.0-SNAPSHOT/hdds-annotation-processing-1.3.0-SNAPSHOT.jar:/home/runner/.m2/repository/javax/annotation/javax.annotation-api/1.2/javax.annotation-api-1.2.jar:/home/runner/.m2/repository/org/apache/ratis/ratis-server/2.3.0/ratis-server-2.3.0.jar:/home/runner/.m2/repository/org/apache/ratis/ratis-client/2.3.0/ratis-client-2.3.0.jar:/home/runner/.m2/repository/org/apache/ratis/ratis-server-api/2.3.0/ratis-server-api-2.3.0.jar:/home/runner/.m2/repository/org/apache/ratis/ratis-metrics/2.3.0/ratis-metrics-2.3.0.jar:/home/runner/.m2/repository/org/apache/ratis/ratis-netty/2.3.0/ratis-netty-2.3.0.jar:/home/runner/.m2/repository/org/apache/ratis/ratis-grpc/2.3.0/ratis-grpc-2.3.0.jar:/home/runner/.m2/repository/org/apache/logging/log4j/log4j-api/2.17.1/log4j-api-2.17.1.jar:/home/runner/.m2/repository/org/apache/commons/commons-pool2/2.6.0/commons-pool2-2.6.0.jar:/home/runner/.m2/repository/org/bouncycastle/bcpkix-jdk15on/1.67/bcpkix-jdk15on-1.67.jar:/home/runner/.m2/repository/commons-validator/commons-validator/1.6/commons-validator-1.6.jar:/home/runner/.m2/repository/commons-beanutils/commons-beanutils/1.9.4/commons-beanutils-1.9.4.jar:/home/runner/.m2/repository/commons-digester/commons-digester/1.8.1/commons-digester-1.8.1.jar:/home/runner/.m2/repository/commons-collections/commons-collections/3.2.2/commons-collections-3.2.2.jar:/home/runner/.m2/repository/io/jaegertracing/jaeger-client/1.6.0/jaeger-client-1.6.0.jar:/home/runner/.m2/repository/io/jaegertracing/jaeger-thrift/1.6.0/jaeger-thrift-1.6.0.jar:/home/runner/.m2/repository/org/apache/thrift/libthrift/0.14.1/libthrift-0.14.1.jar:/home/runner/.m2/repository/com/squareup/okhttp3/okhttp/4.9.0/okhttp-4.9.0.jar:/home/runner/.m2/repository/com/squareup/okio/okio/2.8.0/okio-2.8.0.jar:/home/runner/.m2/repository/io/jaegertracing/jaeger-core/1.6.0/jaeger-core-1.6.0.jar:/home/runner/.m2/repository/io/jaegertracing/jaeger-tracerresolver/1.6.0/jaeger-tracerresolver-1.6.0.jar:/home/runner/.m2/repository/io/opentracing/contrib/opentracing-tracerresolver/0.1.8/opentracing-tracerresolver-0.1.8.jar:/home/runner/.m2/repository/org/jetbrains/kotlin/kotlin-stdlib/1.6.21/kotlin-stdlib-1.6.21.jar:/home/runner/.m2/repository/org/jetbrains/kotlin/kotlin-stdlib-common/1.6.21/kotlin-stdlib-common-1.6.21.jar:/home/runner/.m2/repository/org/jetbrains/annotations/13.0/annotations-13.0.jar:/home/runner/.m2/repository/io/opentracing/opentracing-util/0.33.0/opentracing-util-0.33.0.jar:/home/runner/.m2/repository/io/opentracing/opentracing-api/0.33.0/opentracing-api-0.33.0.jar:/home/runner/.m2/repository/io/opentracing/opentracing-noop/0.33.0/opentracing-noop-0.33.0.jar:/home/runner/.m2/repository/org/yaml/snakeyaml/1.26/snakeyaml-1.26.jar:/home/runner/.m2/repository/org/apache/ozone/hdds-interface-admin/1.3.0-SNAPSHOT/hdds-interface-admin-1.3.0-SNAPSHOT.jar:/home/runner/.m2/repository/junit/junit/4.13.1/junit-4.13.1.jar:/home/runner/.m2/repository/org/hamcrest/hamcrest-core/1.3/hamcrest-core-1.3.jar:/home/runner/.m2/repository/org/junit/jupiter/junit-jupiter-api/5.8.2/junit-jupiter-api-5.8.2.jar:/home/runner/.m2/repository/org/opentest4j/opentest4j/1.2.0/opentest4j-1.2.0.jar:/home/runner/.m2/repository/org/junit/platform/junit-platform-commons/1.8.2/junit-platform-commons-1.8.2.jar:/home/runner/.m2/repository/org/apiguardian/apiguardian-api/1.1.2/apiguardian-api-1.1.2.jar:/home/runner/.m2/repository/org/junit/jupiter/junit-jupiter-params/5.8.2/junit-jupiter-params-5.8.2.jar:/home/runner/.m2/repository/org/junit/jupiter/junit-jupiter-migrationsupport/5.8.2/junit-jupiter-migrationsupport-5.8.2.jar:/home/runner/.m2/repository/org/junit/jupiter/junit-jupiter-engine/5.8.2/junit-jupiter-engine-5.8.2.jar:/home/runner/.m2/repository/org/junit/platform/junit-platform-engine/1.8.2/junit-platform-engine-1.8.2.jar:/home/runner/.m2/repository/org/junit/vintage/junit-vintage-engine/5.8.2/junit-vintage-engine-5.8.2.jar:/home/runner/.m2/repository/org/junit/platform/junit-platform-launcher/1.8.2/junit-platform-launcher-1.8.2.jar:/home/runner/.m2/repository/org/mockito/mockito-core/2.28.2/mockito-core-2.28.2.jar:/home/runner/.m2/repository/net/bytebuddy/byte-buddy/1.9.10/byte-buddy-1.9.10.jar:/home/runner/.m2/repository/net/bytebuddy/byte-buddy-agent/1.9.10/byte-buddy-agent-1.9.10.jar:/home/runner/.m2/repository/org/objenesis/objenesis/1.0/objenesis-1.0.jar:/home/runner/.m2/repository/org/apache/hadoop/hadoop-kms/3.3.1/hadoop-kms-3.3.1.jar:/home/runner/.m2/repository/org/apache/hadoop/hadoop-auth/3.3.1/hadoop-auth-3.3.1.jar:/home/runner/.m2/repository/com/nimbusds/nimbus-jose-jwt/7.9/nimbus-jose-jwt-7.9.jar:/home/runner/.m2/repository/com/github/stephenc/jcip/jcip-annotations/1.0-1/jcip-annotations-1.0-1.jar:/home/runner/.m2/repository/net/minidev/json-smart/2.4.7/json-smart-2.4.7.jar:/home/runner/.m2/repository/net/minidev/accessors-smart/2.4.7/accessors-smart-2.4.7.jar:/home/runner/.m2/repository/org/ow2/asm/asm/5.0.4/asm-5.0.4.jar:/home/runner/.m2/repository/org/apache/zookeeper/zookeeper/3.5.6/zookeeper-3.5.6.jar:/home/runner/.m2/repository/org/apache/zookeeper/zookeeper-jute/3.5.6/zookeeper-jute-3.5.6.jar:/home/runner/.m2/repository/org/apache/yetus/audience-annotations/0.5.0/audience-annotations-0.5.0.jar:/home/runner/.m2/repository/org/apache/curator/curator-framework/4.2.0/curator-framework-4.2.0.jar:/home/runner/.m2/repository/org/apache/hadoop/thirdparty/hadoop-shaded-guava/1.1.1/hadoop-shaded-guava-1.1.1.jar:/home/runner/.m2/repository/com/sun/jersey/jersey-core/1.19/jersey-core-1.19.jar:/home/runner/.m2/repository/javax/ws/rs/jsr311-api/1.1.1/jsr311-api-1.1.1.jar:/home/runner/.m2/repository/com/sun/jersey/jersey-server/1.19/jersey-server-1.19.jar:/home/runner/.m2/repository/javax/servlet/javax.servlet-api/3.1.0/javax.servlet-api-3.1.0.jar:/home/runner/.m2/repository/org/eclipse/jetty/jetty-server/9.4.43.v20210629/jetty-server-9.4.43.v20210629.jar:/home/runner/.m2/repository/org/eclipse/jetty/jetty-http/9.4.43.v20210629/jetty-http-9.4.43.v20210629.jar:/home/runner/.m2/repository/org/eclipse/jetty/jetty-io/9.4.43.v20210629/jetty-io-9.4.43.v20210629.jar:/home/runner/.m2/repository/org/eclipse/jetty/jetty-webapp/9.4.43.v20210629/jetty-webapp-9.4.43.v20210629.jar:/home/runner/.m2/repository/org/eclipse/jetty/jetty-xml/9.4.43.v20210629/jetty-xml-9.4.43.v20210629.jar:/home/runner/.m2/repository/org/apache/hadoop/hadoop-common/3.3.1/hadoop-common-3.3.1.jar:/home/runner/.m2/repository/org/apache/commons/commons-math3/3.1.1/commons-math3-3.1.1.jar:/home/runner/.m2/repository/commons-net/commons-net/3.6/commons-net-3.6.jar:/home/runner/.m2/repository/com/sun/jersey/jersey-servlet/1.19/jersey-servlet-1.19.jar:/home/runner/.m2/repository/com/sun/jersey/jersey-json/1.19/jersey-json-1.19.jar:/home/runner/.m2/repository/org/codehaus/jettison/jettison/1.1/jettison-1.1.jar:/home/runner/.m2/repository/com/sun/xml/bind/jaxb-impl/2.2.3-1/jaxb-impl-2.2.3-1.jar:/home/runner/.m2/repository/org/codehaus/jackson/jackson-xc/1.9.2/jackson-xc-1.9.2.jar:/home/runner/.m2/repository/org/apache/commons/commons-configuration2/2.1.1/commons-configuration2-2.1.1.jar:/home/runner/.m2/repository/org/apache/commons/commons-text/1.4/commons-text-1.4.jar:/home/runner/.m2/repository/com/google/re2j/re2j/1.1/re2j-1.1.jar:/home/runner/.m2/repository/com/jcraft/jsch/0.1.54/jsch-0.1.54.jar:/home/runner/.m2/repository/org/apache/curator/curator-client/4.2.0/curator-client-4.2.0.jar:/home/runner/.m2/repository/org/apache/curator/curator-recipes/4.2.0/curator-recipes-4.2.0.jar:/home/runner/.m2/repository/org/apache/kerby/kerb-core/1.0.1/kerb-core-1.0.1.jar:/home/runner/.m2/repository/org/apache/kerby/kerby-pkix/1.0.1/kerby-pkix-1.0.1.jar:/home/runner/.m2/repository/org/apache/kerby/kerby-asn1/1.0.1/kerby-asn1-1.0.1.jar:/home/runner/.m2/repository/org/apache/kerby/kerby-util/1.0.1/kerby-util-1.0.1.jar:/home/runner/.m2/repository/dnsjava/dnsjava/2.1.7/dnsjava-2.1.7.jar:/home/runner/.m2/repository/org/xerial/snappy/snappy-java/1.1.8.2/snappy-java-1.1.8.2.jar:/home/runner/.m2/repository/org/slf4j/jul-to-slf4j/1.7.30/jul-to-slf4j-1.7.30.jar:/home/runner/.m2/repository/org/eclipse/jetty/jetty-util/9.4.43.v20210629/jetty-util-9.4.43.v20210629.jar:/home/runner/.m2/repository/com/fasterxml/jackson/core/jackson-databind/2.13.2.2/jackson-databind-2.13.2.2.jar:/home/runner/.m2/repository/org/apache/hadoop/hadoop-kms/3.3.1/hadoop-kms-3.3.1-tests.jar:/home/runner/.m2/repository/org/apache/ozone/hdds-server-scm/1.3.0-SNAPSHOT/hdds-server-scm-1.3.0-SNAPSHOT-tests.jar:/home/runner/.m2/repository/org/apache/ozone/hdds-container-service/1.3.0-SNAPSHOT/hdds-container-service-1.3.0-SNAPSHOT-tests.jar:/home/runner/.m2/repository/commons-codec/commons-codec/1.11/commons-codec-1.11.jar:/home/runner/.m2/repository/io/netty/netty-codec/4.1.79.Final/netty-codec-4.1.79.Final.jar:/home/runner/.m2/repository/io/netty/netty-handler/4.1.79.Final/netty-handler-4.1.79.Final.jar:/home/runner/.m2/repository/org/apache/ozone/hdds-hadoop-dependency-test/1.3.0-SNAPSHOT/hdds-hadoop-dependency-test-1.3.0-SNAPSHOT.jar:/home/runner/.m2/repository/org/apache/hadoop/hadoop-common/3.3.1/hadoop-common-3.3.1-tests.jar:/home/runner/.m2/repository/org/assertj/assertj-core/3.12.2/assertj-core-3.12.2.jar:/home/runner/.m2/repository/org/apache/hadoop/hadoop-hdfs/3.3.1/hadoop-hdfs-3.3.1-tests.jar:/home/runner/.m2/repository/org/eclipse/jetty/jetty-util-ajax/9.4.43.v20210629/jetty-util-ajax-9.4.43.v20210629.jar:/home/runner/.m2/repository/commons-daemon/commons-daemon/1.0.13/commons-daemon-1.0.13.jar:/home/runner/.m2/repository/io/netty/netty/3.10.6.Final/netty-3.10.6.Final.jar:/home/runner/.m2/repository/io/netty/netty-all/4.1.79.Final/netty-all-4.1.79.Final.jar:/home/runner/.m2/repository/io/netty/netty-codec-dns/4.1.79.Final/netty-codec-dns-4.1.79.Final.jar:/home/runner/.m2/repository/io/netty/netty-codec-haproxy/4.1.79.Final/netty-codec-haproxy-4.1.79.Final.jar:/home/runner/.m2/repository/io/netty/netty-codec-memcache/4.1.79.Final/netty-codec-memcache-4.1.79.Final.jar:/home/runner/.m2/repository/io/netty/netty-codec-mqtt/4.1.79.Final/netty-codec-mqtt-4.1.79.Final.jar:/home/runner/.m2/repository/io/netty/netty-codec-redis/4.1.79.Final/netty-codec-redis-4.1.79.Final.jar:/home/runner/.m2/repository/io/netty/netty-codec-smtp/4.1.79.Final/netty-codec-smtp-4.1.79.Final.jar:/home/runner/.m2/repository/io/netty/netty-codec-stomp/4.1.79.Final/netty-codec-stomp-4.1.79.Final.jar:/home/runner/.m2/repository/io/netty/netty-codec-xml/4.1.79.Final/netty-codec-xml-4.1.79.Final.jar:/home/runner/.m2/repository/io/netty/netty-resolver-dns/4.1.79.Final/netty-resolver-dns-4.1.79.Final.jar:/home/runner/.m2/repository/io/netty/netty-transport-rxtx/4.1.79.Final/netty-transport-rxtx-4.1.79.Final.jar:/home/runner/.m2/repository/io/netty/netty-transport-sctp/4.1.79.Final/netty-transport-sctp-4.1.79.Final.jar:/home/runner/.m2/repository/io/netty/netty-transport-udt/4.1.79.Final/netty-transport-udt-4.1.79.Final.jar:/home/runner/.m2/repository/io/netty/netty-transport-classes-kqueue/4.1.79.Final/netty-transport-classes-kqueue-4.1.79.Final.jar:/home/runner/.m2/repository/io/netty/netty-resolver-dns-classes-macos/4.1.79.Final/netty-resolver-dns-classes-macos-4.1.79.Final.jar:/home/runner/.m2/repository/io/netty/netty-transport-native-epoll/4.1.79.Final/netty-transport-native-epoll-4.1.79.Final-linux-aarch_64.jar:/home/runner/.m2/repository/io/netty/netty-transport-native-kqueue/4.1.79.Final/netty-transport-native-kqueue-4.1.79.Final-osx-x86_64.jar:/home/runner/.m2/repository/io/netty/netty-transport-native-kqueue/4.1.79.Final/netty-transport-native-kqueue-4.1.79.Final-osx-aarch_64.jar:/home/runner/.m2/repository/io/netty/netty-resolver-dns-native-macos/4.1.79.Final/netty-resolver-dns-native-macos-4.1.79.Final-osx-x86_64.jar:/home/runner/.m2/repository/io/netty/netty-resolver-dns-native-macos/4.1.79.Final/netty-resolver-dns-native-macos-4.1.79.Final-osx-aarch_64.jar:/home/runner/.m2/repository/org/apache/htrace/htrace-core4/4.1.0-incubating/htrace-core4-4.1.0-incubating.jar:/home/runner/.m2/repository/org/fusesource/leveldbjni/leveldbjni-all/1.8/leveldbjni-all-1.8.jar:/home/runner/.m2/repository/org/apache/hadoop/hadoop-distcp/3.3.1/hadoop-distcp-3.3.1.jar:/home/runner/.m2/repository/org/apache/hadoop/hadoop-mapreduce-client-jobclient/3.3.1/hadoop-mapreduce-client-jobclient-3.3.1.jar:/home/runner/.m2/repository/org/apache/hadoop/hadoop-mapreduce-client-common/3.3.1/hadoop-mapreduce-client-common-3.3.1.jar:/home/runner/.m2/repository/org/apache/hadoop/hadoop-yarn-common/3.3.1/hadoop-yarn-common-3.3.1.jar:/home/runner/.m2/repository/org/apache/hadoop/hadoop-yarn-api/3.3.1/hadoop-yarn-api-3.3.1.jar:/home/runner/.m2/repository/com/sun/jersey/contribs/jersey-guice/1.19/jersey-guice-1.19.jar:/home/runner/.m2/repository/com/fasterxml/jackson/jaxrs/jackson-jaxrs-json-provider/2.13.2/jackson-jaxrs-json-provider-2.13.2.jar:/home/runner/.m2/repository/com/fasterxml/jackson/jaxrs/jackson-jaxrs-base/2.13.2/jackson-jaxrs-base-2.13.2.jar:/home/runner/.m2/repository/org/apache/hadoop/hadoop-yarn-client/3.3.1/hadoop-yarn-client-3.3.1.jar:/home/runner/.m2/repository/org/eclipse/jetty/websocket/websocket-client/9.4.40.v20210413/websocket-client-9.4.40.v20210413.jar:/home/runner/.m2/repository/org/eclipse/jetty/websocket/websocket-common/9.4.40.v20210413/websocket-common-9.4.40.v20210413.jar:/home/runner/.m2/repository/org/eclipse/jetty/websocket/websocket-api/9.4.40.v20210413/websocket-api-9.4.40.v20210413.jar:/home/runner/.m2/repository/org/jline/jline/3.9.0/jline-3.9.0.jar:/home/runner/.m2/repository/org/apache/hadoop/hadoop-mapreduce-client-core/3.3.1/hadoop-mapreduce-client-core-3.3.1.jar:/home/runner/.m2/repository/org/apache/avro/avro/1.7.7/avro-1.7.7.jar:/home/runner/.m2/repository/org/codehaus/jackson/jackson-core-asl/1.9.13/jackson-core-asl-1.9.13.jar:/home/runner/.m2/repository/org/codehaus/jackson/jackson-mapper-asl/1.9.13/jackson-mapper-asl-1.9.13.jar:/home/runner/.m2/repository/com/thoughtworks/paranamer/paranamer/2.3/paranamer-2.3.jar:/home/runner/.m2/repository/org/apache/hadoop/hadoop-annotations/3.3.1/hadoop-annotations-3.3.1.jar:/opt/hostedtoolcache/jdk/8.0.345/x64/jre/../lib/tools.jar:/home/runner/.m2/repository/org/apache/hadoop/hadoop-distcp/3.3.1/hadoop-distcp-3.3.1-tests.jar:/home/runner/.m2/repository/org/apache/ratis/ratis-common/2.3.0/ratis-common-2.3.0.jar:/home/runner/.m2/repository/org/apache/ratis/ratis-thirdparty-misc/1.0.0/ratis-thirdparty-misc-1.0.0.jar:/home/runner/.m2/repository/org/apache/ratis/ratis-proto/2.3.0/ratis-proto-2.3.0.jar:"/>
    <property name="java.vm.vendor" value="Azul Systems, Inc."/>
    <property name="sun.arch.data.model" value="64"/>
    <property name="test.build.dir" value="/home/runner/work/ozone/ozone/hadoop-ozone/integration-test/target/test-dir"/>
    <property name="test.cache.data" value=""/>
    <property name="java.vendor.url" value="http://www.azul.com/"/>
    <property name="user.timezone" value="Etc/UTC"/>
    <property name="java.vm.specification.version" value="1.8"/>
    <property name="os.name" value="Linux"/>
    <property name="test.build.data" value="/home/runner/work/ozone/ozone/hadoop-ozone/integration-test/target/test-dir"/>
    <property name="sun.java.launcher" value="SUN_STANDARD"/>
    <property name="sun.boot.library.path" value="/opt/hostedtoolcache/jdk/8.0.345/x64/jre/lib/amd64"/>
    <property name="sun.java.command" value="/home/runner/work/ozone/ozone/hadoop-ozone/integration-test/target/surefire/surefirebooter4061735137414538990.jar /home/runner/work/ozone/ozone/hadoop-ozone/integration-test/target/surefire 2022-09-01T11-35-05_699-jvmRun1 surefire1422307514949972716tmp surefire_126676136585172696060tmp"/>
    <property name="surefire.test.class.path" value="/home/runner/work/ozone/ozone/hadoop-ozone/integration-test/target/test-classes:/home/runner/work/ozone/ozone/hadoop-ozone/integration-test/target/classes:/home/runner/.m2/repository/org/apache/ozone/ozone-common/1.3.0-SNAPSHOT/ozone-common-1.3.0-SNAPSHOT.jar:/home/runner/.m2/repository/io/grpc/grpc-netty/1.48.1/grpc-netty-1.48.1.jar:/home/runner/.m2/repository/io/grpc/grpc-core/1.48.1/grpc-core-1.48.1.jar:/home/runner/.m2/repository/com/google/android/annotations/4.1.1.4/annotations-4.1.1.4.jar:/home/runner/.m2/repository/org/codehaus/mojo/animal-sniffer-annotations/1.21/animal-sniffer-annotations-1.21.jar:/home/runner/.m2/repository/com/google/errorprone/error_prone_annotations/2.2.0/error_prone_annotations-2.2.0.jar:/home/runner/.m2/repository/io/perfmark/perfmark-api/0.25.0/perfmark-api-0.25.0.jar:/home/runner/.m2/repository/io/netty/netty-codec-http2/4.1.79.Final/netty-codec-http2-4.1.79.Final.jar:/home/runner/.m2/repository/io/netty/netty-common/4.1.79.Final/netty-common-4.1.79.Final.jar:/home/runner/.m2/repository/io/netty/netty-buffer/4.1.79.Final/netty-buffer-4.1.79.Final.jar:/home/runner/.m2/repository/io/netty/netty-codec-http/4.1.79.Final/netty-codec-http-4.1.79.Final.jar:/home/runner/.m2/repository/io/netty/netty-handler-proxy/4.1.79.Final/netty-handler-proxy-4.1.79.Final.jar:/home/runner/.m2/repository/io/netty/netty-codec-socks/4.1.79.Final/netty-codec-socks-4.1.79.Final.jar:/home/runner/.m2/repository/io/netty/netty-tcnative-boringssl-static/2.0.53.Final/netty-tcnative-boringssl-static-2.0.53.Final.jar:/home/runner/.m2/repository/io/netty/netty-tcnative-classes/2.0.53.Final/netty-tcnative-classes-2.0.53.Final.jar:/home/runner/.m2/repository/io/netty/netty-tcnative-boringssl-static/2.0.53.Final/netty-tcnative-boringssl-static-2.0.53.Final-linux-x86_64.jar:/home/runner/.m2/repository/io/netty/netty-tcnative-boringssl-static/2.0.53.Final/netty-tcnative-boringssl-static-2.0.53.Final-linux-aarch_64.jar:/home/runner/.m2/repository/io/netty/netty-tcnative-boringssl-static/2.0.53.Final/netty-tcnative-boringssl-static-2.0.53.Final-osx-x86_64.jar:/home/runner/.m2/repository/io/netty/netty-tcnative-boringssl-static/2.0.53.Final/netty-tcnative-boringssl-static-2.0.53.Final-osx-aarch_64.jar:/home/runner/.m2/repository/io/netty/netty-tcnative-boringssl-static/2.0.53.Final/netty-tcnative-boringssl-static-2.0.53.Final-windows-x86_64.jar:/home/runner/.m2/repository/org/apache/commons/commons-compress/1.21/commons-compress-1.21.jar:/home/runner/.m2/repository/org/apache/ozone/hdds-common/1.3.0-SNAPSHOT/hdds-common-1.3.0-SNAPSHOT.jar:/home/runner/.m2/repository/org/apache/ozone/hdds-client/1.3.0-SNAPSHOT/hdds-client-1.3.0-SNAPSHOT.jar:/home/runner/.m2/repository/org/apache/ozone/ozone-interface-client/1.3.0-SNAPSHOT/ozone-interface-client-1.3.0-SNAPSHOT.jar:/home/runner/.m2/repository/org/apache/ozone/hdds-test-utils/1.3.0-SNAPSHOT/hdds-test-utils-1.3.0-SNAPSHOT.jar:/home/runner/.m2/repository/com/google/guava/guava/31.1-jre/guava-31.1-jre.jar:/home/runner/.m2/repository/com/google/guava/failureaccess/1.0.1/failureaccess-1.0.1.jar:/home/runner/.m2/repository/com/google/guava/listenablefuture/9999.0-empty-to-avoid-conflict-with-guava/listenablefuture-9999.0-empty-to-avoid-conflict-with-guava.jar:/home/runner/.m2/repository/com/google/code/findbugs/jsr305/3.0.0/jsr305-3.0.0.jar:/home/runner/.m2/repository/org/checkerframework/checker-qual/3.12.0/checker-qual-3.12.0.jar:/home/runner/.m2/repository/com/google/j2objc/j2objc-annotations/1.3/j2objc-annotations-1.3.jar:/home/runner/.m2/repository/commons-io/commons-io/2.11.0/commons-io-2.11.0.jar:/home/runner/.m2/repository/commons-logging/commons-logging/1.2/commons-logging-1.2.jar:/home/runner/.m2/repository/log4j/log4j/1.2.17/log4j-1.2.17.jar:/home/runner/.m2/repository/org/slf4j/slf4j-api/1.7.30/slf4j-api-1.7.30.jar:/home/runner/.m2/repository/org/apache/ozone/hdds-server-scm/1.3.0-SNAPSHOT/hdds-server-scm-1.3.0-SNAPSHOT.jar:/home/runner/.m2/repository/org/apache/ozone/hdds-container-service/1.3.0-SNAPSHOT/hdds-container-service-1.3.0-SNAPSHOT.jar:/home/runner/.m2/repository/org/apache/ozone/hdds-hadoop-dependency-server/1.3.0-SNAPSHOT/hdds-hadoop-dependency-server-1.3.0-SNAPSHOT.jar:/home/runner/.m2/repository/org/apache/hadoop/hadoop-hdfs/3.3.1/hadoop-hdfs-3.3.1.jar:/home/runner/.m2/repository/org/apache/ozone/hdds-server-framework/1.3.0-SNAPSHOT/hdds-server-framework-1.3.0-SNAPSHOT.jar:/home/runner/.m2/repository/org/apache/ozone/hdds-interface-server/1.3.0-SNAPSHOT/hdds-interface-server-1.3.0-SNAPSHOT.jar:/home/runner/.m2/repository/org/apache/logging/log4j/log4j-core/2.17.1/log4j-core-2.17.1.jar:/home/runner/.m2/repository/com/lmax/disruptor/3.4.2/disruptor-3.4.2.jar:/home/runner/.m2/repository/org/eclipse/jetty/jetty-servlet/9.4.43.v20210629/jetty-servlet-9.4.43.v20210629.jar:/home/runner/.m2/repository/org/eclipse/jetty/jetty-security/9.4.43.v20210629/jetty-security-9.4.43.v20210629.jar:/home/runner/.m2/repository/org/rocksdb/rocksdbjni/7.4.5/rocksdbjni-7.4.5.jar:/home/runner/.m2/repository/io/prometheus/simpleclient_dropwizard/0.7.0/simpleclient_dropwizard-0.7.0.jar:/home/runner/.m2/repository/io/prometheus/simpleclient/0.7.0/simpleclient-0.7.0.jar:/home/runner/.m2/repository/io/prometheus/simpleclient_common/0.7.0/simpleclient_common-0.7.0.jar:/home/runner/.m2/repository/io/dropwizard/metrics/metrics-core/3.2.4/metrics-core-3.2.4.jar:/home/runner/.m2/repository/org/apache/hadoop/hadoop-hdfs-client/3.3.1/hadoop-hdfs-client-3.3.1.jar:/home/runner/.m2/repository/org/bouncycastle/bcprov-jdk15on/1.67/bcprov-jdk15on-1.67.jar:/home/runner/.m2/repository/com/google/protobuf/protobuf-java/2.5.0/protobuf-java-2.5.0.jar:/home/runner/.m2/repository/org/apache/ozone/ozone-manager/1.3.0-SNAPSHOT/ozone-manager-1.3.0-SNAPSHOT.jar:/home/runner/.m2/repository/org/aspectj/aspectjrt/1.9.7/aspectjrt-1.9.7.jar:/home/runner/.m2/repository/org/aspectj/aspectjweaver/1.9.7/aspectjweaver-1.9.7.jar:/home/runner/.m2/repository/org/apache/ozone/hdds-interface-client/1.3.0-SNAPSHOT/hdds-interface-client-1.3.0-SNAPSHOT.jar:/home/runner/.m2/repository/org/apache/hadoop/thirdparty/hadoop-shaded-protobuf_3_7/1.1.1/hadoop-shaded-protobuf_3_7-1.1.1.jar:/home/runner/.m2/repository/org/apache/ozone/ozone-interface-storage/1.3.0-SNAPSHOT/ozone-interface-storage-1.3.0-SNAPSHOT.jar:/home/runner/.m2/repository/org/reflections/reflections/0.9.11/reflections-0.9.11.jar:/home/runner/.m2/repository/com/sun/jersey/jersey-client/1.19/jersey-client-1.19.jar:/home/runner/.m2/repository/org/apache/ranger/ranger-intg/2.3.0/ranger-intg-2.3.0.jar:/home/runner/.m2/repository/org/apache/ranger/ranger-plugins-common/2.3.0/ranger-plugins-common-2.3.0.jar:/home/runner/.m2/repository/commons-lang/commons-lang/2.6/commons-lang-2.6.jar:/home/runner/.m2/repository/org/codehaus/jackson/jackson-jaxrs/1.9.13/jackson-jaxrs-1.9.13.jar:/home/runner/.m2/repository/org/apache/ranger/ranger-plugins-cred/2.3.0/ranger-plugins-cred-2.3.0.jar:/home/runner/.m2/repository/org/apache/ranger/ranger-plugins-audit/2.3.0/ranger-plugins-audit-2.3.0.jar:/home/runner/.m2/repository/org/eclipse/jetty/jetty-client/9.4.31.v20200723/jetty-client-9.4.31.v20200723.jar:/home/runner/.m2/repository/org/apache/httpcomponents/httpmime/4.5.6/httpmime-4.5.6.jar:/home/runner/.m2/repository/org/apache/httpcomponents/httpcore-nio/4.4.6/httpcore-nio-4.4.6.jar:/home/runner/.m2/repository/org/apache/httpcomponents/httpasyncclient/4.1.3/httpasyncclient-4.1.3.jar:/home/runner/.m2/repository/com/carrotsearch/hppc/0.8.0/hppc-0.8.0.jar:/home/runner/.m2/repository/org/apache/orc/orc-core/1.5.8/orc-core-1.5.8.jar:/home/runner/.m2/repository/net/java/dev/jna/jna/5.2.0/jna-5.2.0.jar:/home/runner/.m2/repository/net/java/dev/jna/jna-platform/5.2.0/jna-platform-5.2.0.jar:/home/runner/.m2/repository/com/kstruct/gethostname4j/0.0.2/gethostname4j-0.0.2.jar:/home/runner/.m2/repository/org/apache/ranger/ranger-plugin-classloader/2.3.0/ranger-plugin-classloader-2.3.0.jar:/home/runner/.m2/repository/org/apache/hadoop/hadoop-minikdc/3.3.1/hadoop-minikdc-3.3.1.jar:/home/runner/.m2/repository/org/apache/kerby/kerb-simplekdc/1.0.1/kerb-simplekdc-1.0.1.jar:/home/runner/.m2/repository/org/apache/kerby/kerb-client/1.0.1/kerb-client-1.0.1.jar:/home/runner/.m2/repository/org/apache/kerby/kerby-config/1.0.1/kerby-config-1.0.1.jar:/home/runner/.m2/repository/org/apache/kerby/kerb-common/1.0.1/kerb-common-1.0.1.jar:/home/runner/.m2/repository/org/apache/kerby/kerb-crypto/1.0.1/kerb-crypto-1.0.1.jar:/home/runner/.m2/repository/org/apache/kerby/kerb-util/1.0.1/kerb-util-1.0.1.jar:/home/runner/.m2/repository/org/apache/kerby/token-provider/1.0.1/token-provider-1.0.1.jar:/home/runner/.m2/repository/org/apache/kerby/kerb-admin/1.0.1/kerb-admin-1.0.1.jar:/home/runner/.m2/repository/org/apache/kerby/kerb-server/1.0.1/kerb-server-1.0.1.jar:/home/runner/.m2/repository/org/apache/kerby/kerb-identity/1.0.1/kerb-identity-1.0.1.jar:/home/runner/.m2/repository/org/apache/kerby/kerby-xdr/1.0.1/kerby-xdr-1.0.1.jar:/home/runner/.m2/repository/org/slf4j/slf4j-log4j12/1.7.30/slf4j-log4j12-1.7.30.jar:/home/runner/.m2/repository/org/apache/ozone/ozone-s3gateway/1.3.0-SNAPSHOT/ozone-s3gateway-1.3.0-SNAPSHOT.jar:/home/runner/.m2/repository/org/javassist/javassist/3.21.0-GA/javassist-3.21.0-GA.jar:/home/runner/.m2/repository/org/jboss/weld/servlet/weld-servlet/2.4.7.Final/weld-servlet-2.4.7.Final.jar:/home/runner/.m2/repository/org/glassfish/jersey/containers/jersey-container-servlet-core/2.33/jersey-container-servlet-core-2.33.jar:/home/runner/.m2/repository/org/glassfish/hk2/external/jakarta.inject/2.6.1/jakarta.inject-2.6.1.jar:/home/runner/.m2/repository/org/glassfish/jersey/core/jersey-common/2.33/jersey-common-2.33.jar:/home/runner/.m2/repository/jakarta/ws/rs/jakarta.ws.rs-api/2.1.6/jakarta.ws.rs-api-2.1.6.jar:/home/runner/.m2/repository/org/glassfish/jersey/ext/cdi/jersey-cdi1x/2.33/jersey-cdi1x-2.33.jar:/home/runner/.m2/repository/org/glassfish/jersey/inject/jersey-hk2/2.33/jersey-hk2-2.33.jar:/home/runner/.m2/repository/org/glassfish/hk2/hk2-locator/2.6.1/hk2-locator-2.6.1.jar:/home/runner/.m2/repository/org/glassfish/jersey/media/jersey-media-jaxb/2.33/jersey-media-jaxb-2.33.jar:/home/runner/.m2/repository/org/glassfish/hk2/osgi-resource-locator/1.0.3/osgi-resource-locator-1.0.3.jar:/home/runner/.m2/repository/org/glassfish/hk2/hk2-api/2.5.0/hk2-api-2.5.0.jar:/home/runner/.m2/repository/org/glassfish/hk2/hk2-utils/2.5.0/hk2-utils-2.5.0.jar:/home/runner/.m2/repository/org/glassfish/hk2/external/aopalliance-repackaged/2.5.0/aopalliance-repackaged-2.5.0.jar:/home/runner/.m2/repository/com/fasterxml/jackson/dataformat/jackson-dataformat-xml/2.13.2/jackson-dataformat-xml-2.13.2.jar:/home/runner/.m2/repository/com/fasterxml/jackson/core/jackson-core/2.13.2/jackson-core-2.13.2.jar:/home/runner/.m2/repository/org/codehaus/woodstox/stax2-api/3.1.4/stax2-api-3.1.4.jar:/home/runner/.m2/repository/com/fasterxml/woodstox/woodstox-core/5.0.3/woodstox-core-5.0.3.jar:/home/runner/.m2/repository/com/fasterxml/jackson/module/jackson-module-jaxb-annotations/2.13.2/jackson-module-jaxb-annotations-2.13.2.jar:/home/runner/.m2/repository/jakarta/xml/bind/jakarta.xml.bind-api/2.3.3/jakarta.xml.bind-api-2.3.3.jar:/home/runner/.m2/repository/jakarta/activation/jakarta.activation-api/1.2.1/jakarta.activation-api-1.2.1.jar:/home/runner/.m2/repository/javax/enterprise/cdi-api/1.2/cdi-api-1.2.jar:/home/runner/.m2/repository/javax/el/javax.el-api/3.0.0/javax.el-api-3.0.0.jar:/home/runner/.m2/repository/javax/interceptor/javax.interceptor-api/1.2/javax.interceptor-api-1.2.jar:/home/runner/.m2/repository/javax/inject/javax.inject/1/javax.inject-1.jar:/home/runner/.m2/repository/javax/xml/bind/jaxb-api/2.3.0/jaxb-api-2.3.0.jar:/home/runner/.m2/repository/org/glassfish/jaxb/jaxb-runtime/2.3.0.1/jaxb-runtime-2.3.0.1.jar:/home/runner/.m2/repository/org/glassfish/jaxb/jaxb-core/2.3.0.1/jaxb-core-2.3.0.1.jar:/home/runner/.m2/repository/org/glassfish/jaxb/txw2/2.3.0.1/txw2-2.3.0.1.jar:/home/runner/.m2/repository/com/sun/istack/istack-commons-runtime/3.0.5/istack-commons-runtime-3.0.5.jar:/home/runner/.m2/repository/org/jvnet/staxex/stax-ex/1.7.8/stax-ex-1.7.8.jar:/home/runner/.m2/repository/com/sun/xml/fastinfoset/FastInfoset/1.2.13/FastInfoset-1.2.13.jar:/home/runner/.m2/repository/javax/activation/activation/1.1.1/activation-1.1.1.jar:/home/runner/.m2/repository/io/grpc/grpc-protobuf/1.48.1/grpc-protobuf-1.48.1.jar:/home/runner/.m2/repository/io/grpc/grpc-api/1.48.1/grpc-api-1.48.1.jar:/home/runner/.m2/repository/io/grpc/grpc-context/1.48.1/grpc-context-1.48.1.jar:/home/runner/.m2/repository/com/google/api/grpc/proto-google-common-protos/2.9.0/proto-google-common-protos-2.9.0.jar:/home/runner/.m2/repository/io/grpc/grpc-protobuf-lite/1.48.1/grpc-protobuf-lite-1.48.1.jar:/home/runner/.m2/repository/io/grpc/grpc-stub/1.48.1/grpc-stub-1.48.1.jar:/home/runner/.m2/repository/io/netty/netty-transport/4.1.79.Final/netty-transport-4.1.79.Final.jar:/home/runner/.m2/repository/io/netty/netty-resolver/4.1.79.Final/netty-resolver-4.1.79.Final.jar:/home/runner/.m2/repository/org/apache/ozone/ozone-csi/1.3.0-SNAPSHOT/ozone-csi-1.3.0-SNAPSHOT.jar:/home/runner/.m2/repository/com/google/protobuf/protobuf-java-util/3.19.2/protobuf-java-util-3.19.2.jar:/home/runner/.m2/repository/com/google/code/gson/gson/2.9.0/gson-2.9.0.jar:/home/runner/.m2/repository/org/apache/ozone/hdds-config/1.3.0-SNAPSHOT/hdds-config-1.3.0-SNAPSHOT.jar:/home/runner/.m2/repository/io/netty/netty-transport-native-epoll/4.1.79.Final/netty-transport-native-epoll-4.1.79.Final-linux-x86_64.jar:/home/runner/.m2/repository/io/netty/netty-transport-classes-epoll/4.1.79.Final/netty-transport-classes-epoll-4.1.79.Final.jar:/home/runner/.m2/repository/io/netty/netty-transport-native-unix-common/4.1.79.Final/netty-transport-native-unix-common-4.1.79.Final.jar:/home/runner/.m2/repository/org/apache/ozone/ozone-recon/1.3.0-SNAPSHOT/ozone-recon-1.3.0-SNAPSHOT.jar:/home/runner/.m2/repository/org/apache/ozone/ozone-reconcodegen/1.3.0-SNAPSHOT/ozone-reconcodegen-1.3.0-SNAPSHOT.jar:/home/runner/.m2/repository/com/google/inject/extensions/guice-multibindings/4.0/guice-multibindings-4.0.jar:/home/runner/.m2/repository/com/google/inject/guice/4.0/guice-4.0.jar:/home/runner/.m2/repository/aopalliance/aopalliance/1.0/aopalliance-1.0.jar:/home/runner/.m2/repository/com/google/inject/extensions/guice-assistedinject/4.0/guice-assistedinject-4.0.jar:/home/runner/.m2/repository/com/google/inject/extensions/guice-servlet/4.0/guice-servlet-4.0.jar:/home/runner/.m2/repository/org/glassfish/jersey/containers/jersey-container-servlet/2.33/jersey-container-servlet-2.33.jar:/home/runner/.m2/repository/org/glassfish/hk2/guice-bridge/2.5.0/guice-bridge-2.5.0.jar:/home/runner/.m2/repository/org/glassfish/jersey/core/jersey-server/2.33/jersey-server-2.33.jar:/home/runner/.m2/repository/org/glassfish/jersey/core/jersey-client/2.33/jersey-client-2.33.jar:/home/runner/.m2/repository/jakarta/annotation/jakarta.annotation-api/1.3.5/jakarta.annotation-api-1.3.5.jar:/home/runner/.m2/repository/jakarta/validation/jakarta.validation-api/2.0.2/jakarta.validation-api-2.0.2.jar:/home/runner/.m2/repository/org/glassfish/jersey/media/jersey-media-json-jackson/2.33/jersey-media-json-jackson-2.33.jar:/home/runner/.m2/repository/org/glassfish/jersey/ext/jersey-entity-filtering/2.33/jersey-entity-filtering-2.33.jar:/home/runner/.m2/repository/org/jooq/jooq/3.11.10/jooq-3.11.10.jar:/home/runner/.m2/repository/org/jooq/jooq-meta/3.11.10/jooq-meta-3.11.10.jar:/home/runner/.m2/repository/org/jooq/jooq-codegen/3.11.10/jooq-codegen-3.11.10.jar:/home/runner/.m2/repository/com/jolbox/bonecp/0.8.0.RELEASE/bonecp-0.8.0.RELEASE.jar:/home/runner/.m2/repository/org/apache/derby/derby/10.14.2.0/derby-10.14.2.0.jar:/home/runner/.m2/repository/org/xerial/sqlite-jdbc/3.25.2/sqlite-jdbc-3.25.2.jar:/home/runner/.m2/repository/org/springframework/spring-jdbc/5.2.20.RELEASE/spring-jdbc-5.2.20.RELEASE.jar:/home/runner/.m2/repository/org/springframework/spring-beans/5.2.20.RELEASE/spring-beans-5.2.20.RELEASE.jar:/home/runner/.m2/repository/org/springframework/spring-core/5.2.20.RELEASE/spring-core-5.2.20.RELEASE.jar:/home/runner/.m2/repository/org/springframework/spring-jcl/5.2.20.RELEASE/spring-jcl-5.2.20.RELEASE.jar:/home/runner/.m2/repository/org/springframework/spring-tx/5.2.20.RELEASE/spring-tx-5.2.20.RELEASE.jar:/home/runner/.m2/repository/org/apache/ozone/ozone-client/1.3.0-SNAPSHOT/ozone-client-1.3.0-SNAPSHOT.jar:/home/runner/.m2/repository/org/apache/ozone/hdds-erasurecode/1.3.0-SNAPSHOT/hdds-erasurecode-1.3.0-SNAPSHOT.jar:/home/runner/.m2/repository/com/github/spotbugs/spotbugs-annotations/3.1.12/spotbugs-annotations-3.1.12.jar:/home/runner/.m2/repository/org/apache/ozone/ozone-filesystem/1.3.0-SNAPSHOT/ozone-filesystem-1.3.0-SNAPSHOT.jar:/home/runner/.m2/repository/org/apache/ozone/ozone-filesystem-common/1.3.0-SNAPSHOT/ozone-filesystem-common-1.3.0-SNAPSHOT.jar:/home/runner/.m2/repository/org/apache/ozone/ozone-tools/1.3.0-SNAPSHOT/ozone-tools-1.3.0-SNAPSHOT.jar:/home/runner/.m2/repository/org/apache/ratis/ratis-tools/2.3.0/ratis-tools-2.3.0.jar:/home/runner/.m2/repository/com/amazonaws/aws-java-sdk-core/1.12.261/aws-java-sdk-core-1.12.261.jar:/home/runner/.m2/repository/org/apache/httpcomponents/httpclient/4.5.13/httpclient-4.5.13.jar:/home/runner/.m2/repository/org/apache/httpcomponents/httpcore/4.4.13/httpcore-4.4.13.jar:/home/runner/.m2/repository/software/amazon/ion/ion-java/1.0.2/ion-java-1.0.2.jar:/home/runner/.m2/repository/com/fasterxml/jackson/dataformat/jackson-dataformat-cbor/2.13.2/jackson-dataformat-cbor-2.13.2.jar:/home/runner/.m2/repository/joda-time/joda-time/2.8.1/joda-time-2.8.1.jar:/home/runner/.m2/repository/com/amazonaws/aws-java-sdk-s3/1.12.261/aws-java-sdk-s3-1.12.261.jar:/home/runner/.m2/repository/com/amazonaws/aws-java-sdk-kms/1.12.261/aws-java-sdk-kms-1.12.261.jar:/home/runner/.m2/repository/com/amazonaws/jmespath-java/1.12.261/jmespath-java-1.12.261.jar:/home/runner/.m2/repository/org/kohsuke/metainf-services/metainf-services/1.8/metainf-services-1.8.jar:/home/runner/.m2/repository/org/apache/ozone/hdds-tools/1.3.0-SNAPSHOT/hdds-tools-1.3.0-SNAPSHOT.jar:/home/runner/.m2/repository/commons-cli/commons-cli/1.2/commons-cli-1.2.jar:/home/runner/.m2/repository/org/apache/commons/commons-lang3/3.7/commons-lang3-3.7.jar:/home/runner/.m2/repository/org/apache/ozone/ozone-manager/1.3.0-SNAPSHOT/ozone-manager-1.3.0-SNAPSHOT-tests.jar:/home/runner/.m2/repository/org/apache/ozone/hdds-common/1.3.0-SNAPSHOT/hdds-common-1.3.0-SNAPSHOT-tests.jar:/home/runner/.m2/repository/org/apache/ozone/hdds-hadoop-dependency-client/1.3.0-SNAPSHOT/hdds-hadoop-dependency-client-1.3.0-SNAPSHOT.jar:/home/runner/.m2/repository/info/picocli/picocli/4.6.1/picocli-4.6.1.jar:/home/runner/.m2/repository/com/fasterxml/jackson/core/jackson-annotations/2.13.2/jackson-annotations-2.13.2.jar:/home/runner/.m2/repository/com/fasterxml/jackson/datatype/jackson-datatype-jsr310/2.13.2/jackson-datatype-jsr310-2.13.2.jar:/home/runner/.m2/repository/org/apache/ozone/hdds-annotation-processing/1.3.0-SNAPSHOT/hdds-annotation-processing-1.3.0-SNAPSHOT.jar:/home/runner/.m2/repository/javax/annotation/javax.annotation-api/1.2/javax.annotation-api-1.2.jar:/home/runner/.m2/repository/org/apache/ratis/ratis-server/2.3.0/ratis-server-2.3.0.jar:/home/runner/.m2/repository/org/apache/ratis/ratis-client/2.3.0/ratis-client-2.3.0.jar:/home/runner/.m2/repository/org/apache/ratis/ratis-server-api/2.3.0/ratis-server-api-2.3.0.jar:/home/runner/.m2/repository/org/apache/ratis/ratis-metrics/2.3.0/ratis-metrics-2.3.0.jar:/home/runner/.m2/repository/org/apache/ratis/ratis-netty/2.3.0/ratis-netty-2.3.0.jar:/home/runner/.m2/repository/org/apache/ratis/ratis-grpc/2.3.0/ratis-grpc-2.3.0.jar:/home/runner/.m2/repository/org/apache/logging/log4j/log4j-api/2.17.1/log4j-api-2.17.1.jar:/home/runner/.m2/repository/org/apache/commons/commons-pool2/2.6.0/commons-pool2-2.6.0.jar:/home/runner/.m2/repository/org/bouncycastle/bcpkix-jdk15on/1.67/bcpkix-jdk15on-1.67.jar:/home/runner/.m2/repository/commons-validator/commons-validator/1.6/commons-validator-1.6.jar:/home/runner/.m2/repository/commons-beanutils/commons-beanutils/1.9.4/commons-beanutils-1.9.4.jar:/home/runner/.m2/repository/commons-digester/commons-digester/1.8.1/commons-digester-1.8.1.jar:/home/runner/.m2/repository/commons-collections/commons-collections/3.2.2/commons-collections-3.2.2.jar:/home/runner/.m2/repository/io/jaegertracing/jaeger-client/1.6.0/jaeger-client-1.6.0.jar:/home/runner/.m2/repository/io/jaegertracing/jaeger-thrift/1.6.0/jaeger-thrift-1.6.0.jar:/home/runner/.m2/repository/org/apache/thrift/libthrift/0.14.1/libthrift-0.14.1.jar:/home/runner/.m2/repository/com/squareup/okhttp3/okhttp/4.9.0/okhttp-4.9.0.jar:/home/runner/.m2/repository/com/squareup/okio/okio/2.8.0/okio-2.8.0.jar:/home/runner/.m2/repository/io/jaegertracing/jaeger-core/1.6.0/jaeger-core-1.6.0.jar:/home/runner/.m2/repository/io/jaegertracing/jaeger-tracerresolver/1.6.0/jaeger-tracerresolver-1.6.0.jar:/home/runner/.m2/repository/io/opentracing/contrib/opentracing-tracerresolver/0.1.8/opentracing-tracerresolver-0.1.8.jar:/home/runner/.m2/repository/org/jetbrains/kotlin/kotlin-stdlib/1.6.21/kotlin-stdlib-1.6.21.jar:/home/runner/.m2/repository/org/jetbrains/kotlin/kotlin-stdlib-common/1.6.21/kotlin-stdlib-common-1.6.21.jar:/home/runner/.m2/repository/org/jetbrains/annotations/13.0/annotations-13.0.jar:/home/runner/.m2/repository/io/opentracing/opentracing-util/0.33.0/opentracing-util-0.33.0.jar:/home/runner/.m2/repository/io/opentracing/opentracing-api/0.33.0/opentracing-api-0.33.0.jar:/home/runner/.m2/repository/io/opentracing/opentracing-noop/0.33.0/opentracing-noop-0.33.0.jar:/home/runner/.m2/repository/org/yaml/snakeyaml/1.26/snakeyaml-1.26.jar:/home/runner/.m2/repository/org/apache/ozone/hdds-interface-admin/1.3.0-SNAPSHOT/hdds-interface-admin-1.3.0-SNAPSHOT.jar:/home/runner/.m2/repository/junit/junit/4.13.1/junit-4.13.1.jar:/home/runner/.m2/repository/org/hamcrest/hamcrest-core/1.3/hamcrest-core-1.3.jar:/home/runner/.m2/repository/org/junit/jupiter/junit-jupiter-api/5.8.2/junit-jupiter-api-5.8.2.jar:/home/runner/.m2/repository/org/opentest4j/opentest4j/1.2.0/opentest4j-1.2.0.jar:/home/runner/.m2/repository/org/junit/platform/junit-platform-commons/1.8.2/junit-platform-commons-1.8.2.jar:/home/runner/.m2/repository/org/apiguardian/apiguardian-api/1.1.2/apiguardian-api-1.1.2.jar:/home/runner/.m2/repository/org/junit/jupiter/junit-jupiter-params/5.8.2/junit-jupiter-params-5.8.2.jar:/home/runner/.m2/repository/org/junit/jupiter/junit-jupiter-migrationsupport/5.8.2/junit-jupiter-migrationsupport-5.8.2.jar:/home/runner/.m2/repository/org/junit/jupiter/junit-jupiter-engine/5.8.2/junit-jupiter-engine-5.8.2.jar:/home/runner/.m2/repository/org/junit/platform/junit-platform-engine/1.8.2/junit-platform-engine-1.8.2.jar:/home/runner/.m2/repository/org/junit/vintage/junit-vintage-engine/5.8.2/junit-vintage-engine-5.8.2.jar:/home/runner/.m2/repository/org/junit/platform/junit-platform-launcher/1.8.2/junit-platform-launcher-1.8.2.jar:/home/runner/.m2/repository/org/mockito/mockito-core/2.28.2/mockito-core-2.28.2.jar:/home/runner/.m2/repository/net/bytebuddy/byte-buddy/1.9.10/byte-buddy-1.9.10.jar:/home/runner/.m2/repository/net/bytebuddy/byte-buddy-agent/1.9.10/byte-buddy-agent-1.9.10.jar:/home/runner/.m2/repository/org/objenesis/objenesis/1.0/objenesis-1.0.jar:/home/runner/.m2/repository/org/apache/hadoop/hadoop-kms/3.3.1/hadoop-kms-3.3.1.jar:/home/runner/.m2/repository/org/apache/hadoop/hadoop-auth/3.3.1/hadoop-auth-3.3.1.jar:/home/runner/.m2/repository/com/nimbusds/nimbus-jose-jwt/7.9/nimbus-jose-jwt-7.9.jar:/home/runner/.m2/repository/com/github/stephenc/jcip/jcip-annotations/1.0-1/jcip-annotations-1.0-1.jar:/home/runner/.m2/repository/net/minidev/json-smart/2.4.7/json-smart-2.4.7.jar:/home/runner/.m2/repository/net/minidev/accessors-smart/2.4.7/accessors-smart-2.4.7.jar:/home/runner/.m2/repository/org/ow2/asm/asm/5.0.4/asm-5.0.4.jar:/home/runner/.m2/repository/org/apache/zookeeper/zookeeper/3.5.6/zookeeper-3.5.6.jar:/home/runner/.m2/repository/org/apache/zookeeper/zookeeper-jute/3.5.6/zookeeper-jute-3.5.6.jar:/home/runner/.m2/repository/org/apache/yetus/audience-annotations/0.5.0/audience-annotations-0.5.0.jar:/home/runner/.m2/repository/org/apache/curator/curator-framework/4.2.0/curator-framework-4.2.0.jar:/home/runner/.m2/repository/org/apache/hadoop/thirdparty/hadoop-shaded-guava/1.1.1/hadoop-shaded-guava-1.1.1.jar:/home/runner/.m2/repository/com/sun/jersey/jersey-core/1.19/jersey-core-1.19.jar:/home/runner/.m2/repository/javax/ws/rs/jsr311-api/1.1.1/jsr311-api-1.1.1.jar:/home/runner/.m2/repository/com/sun/jersey/jersey-server/1.19/jersey-server-1.19.jar:/home/runner/.m2/repository/javax/servlet/javax.servlet-api/3.1.0/javax.servlet-api-3.1.0.jar:/home/runner/.m2/repository/org/eclipse/jetty/jetty-server/9.4.43.v20210629/jetty-server-9.4.43.v20210629.jar:/home/runner/.m2/repository/org/eclipse/jetty/jetty-http/9.4.43.v20210629/jetty-http-9.4.43.v20210629.jar:/home/runner/.m2/repository/org/eclipse/jetty/jetty-io/9.4.43.v20210629/jetty-io-9.4.43.v20210629.jar:/home/runner/.m2/repository/org/eclipse/jetty/jetty-webapp/9.4.43.v20210629/jetty-webapp-9.4.43.v20210629.jar:/home/runner/.m2/repository/org/eclipse/jetty/jetty-xml/9.4.43.v20210629/jetty-xml-9.4.43.v20210629.jar:/home/runner/.m2/repository/org/apache/hadoop/hadoop-common/3.3.1/hadoop-common-3.3.1.jar:/home/runner/.m2/repository/org/apache/commons/commons-math3/3.1.1/commons-math3-3.1.1.jar:/home/runner/.m2/repository/commons-net/commons-net/3.6/commons-net-3.6.jar:/home/runner/.m2/repository/com/sun/jersey/jersey-servlet/1.19/jersey-servlet-1.19.jar:/home/runner/.m2/repository/com/sun/jersey/jersey-json/1.19/jersey-json-1.19.jar:/home/runner/.m2/repository/org/codehaus/jettison/jettison/1.1/jettison-1.1.jar:/home/runner/.m2/repository/com/sun/xml/bind/jaxb-impl/2.2.3-1/jaxb-impl-2.2.3-1.jar:/home/runner/.m2/repository/org/codehaus/jackson/jackson-xc/1.9.2/jackson-xc-1.9.2.jar:/home/runner/.m2/repository/org/apache/commons/commons-configuration2/2.1.1/commons-configuration2-2.1.1.jar:/home/runner/.m2/repository/org/apache/commons/commons-text/1.4/commons-text-1.4.jar:/home/runner/.m2/repository/com/google/re2j/re2j/1.1/re2j-1.1.jar:/home/runner/.m2/repository/com/jcraft/jsch/0.1.54/jsch-0.1.54.jar:/home/runner/.m2/repository/org/apache/curator/curator-client/4.2.0/curator-client-4.2.0.jar:/home/runner/.m2/repository/org/apache/curator/curator-recipes/4.2.0/curator-recipes-4.2.0.jar:/home/runner/.m2/repository/org/apache/kerby/kerb-core/1.0.1/kerb-core-1.0.1.jar:/home/runner/.m2/repository/org/apache/kerby/kerby-pkix/1.0.1/kerby-pkix-1.0.1.jar:/home/runner/.m2/repository/org/apache/kerby/kerby-asn1/1.0.1/kerby-asn1-1.0.1.jar:/home/runner/.m2/repository/org/apache/kerby/kerby-util/1.0.1/kerby-util-1.0.1.jar:/home/runner/.m2/repository/dnsjava/dnsjava/2.1.7/dnsjava-2.1.7.jar:/home/runner/.m2/repository/org/xerial/snappy/snappy-java/1.1.8.2/snappy-java-1.1.8.2.jar:/home/runner/.m2/repository/org/slf4j/jul-to-slf4j/1.7.30/jul-to-slf4j-1.7.30.jar:/home/runner/.m2/repository/org/eclipse/jetty/jetty-util/9.4.43.v20210629/jetty-util-9.4.43.v20210629.jar:/home/runner/.m2/repository/com/fasterxml/jackson/core/jackson-databind/2.13.2.2/jackson-databind-2.13.2.2.jar:/home/runner/.m2/repository/org/apache/hadoop/hadoop-kms/3.3.1/hadoop-kms-3.3.1-tests.jar:/home/runner/.m2/repository/org/apache/ozone/hdds-server-scm/1.3.0-SNAPSHOT/hdds-server-scm-1.3.0-SNAPSHOT-tests.jar:/home/runner/.m2/repository/org/apache/ozone/hdds-container-service/1.3.0-SNAPSHOT/hdds-container-service-1.3.0-SNAPSHOT-tests.jar:/home/runner/.m2/repository/commons-codec/commons-codec/1.11/commons-codec-1.11.jar:/home/runner/.m2/repository/io/netty/netty-codec/4.1.79.Final/netty-codec-4.1.79.Final.jar:/home/runner/.m2/repository/io/netty/netty-handler/4.1.79.Final/netty-handler-4.1.79.Final.jar:/home/runner/.m2/repository/org/apache/ozone/hdds-hadoop-dependency-test/1.3.0-SNAPSHOT/hdds-hadoop-dependency-test-1.3.0-SNAPSHOT.jar:/home/runner/.m2/repository/org/apache/hadoop/hadoop-common/3.3.1/hadoop-common-3.3.1-tests.jar:/home/runner/.m2/repository/org/assertj/assertj-core/3.12.2/assertj-core-3.12.2.jar:/home/runner/.m2/repository/org/apache/hadoop/hadoop-hdfs/3.3.1/hadoop-hdfs-3.3.1-tests.jar:/home/runner/.m2/repository/org/eclipse/jetty/jetty-util-ajax/9.4.43.v20210629/jetty-util-ajax-9.4.43.v20210629.jar:/home/runner/.m2/repository/commons-daemon/commons-daemon/1.0.13/commons-daemon-1.0.13.jar:/home/runner/.m2/repository/io/netty/netty/3.10.6.Final/netty-3.10.6.Final.jar:/home/runner/.m2/repository/io/netty/netty-all/4.1.79.Final/netty-all-4.1.79.Final.jar:/home/runner/.m2/repository/io/netty/netty-codec-dns/4.1.79.Final/netty-codec-dns-4.1.79.Final.jar:/home/runner/.m2/repository/io/netty/netty-codec-haproxy/4.1.79.Final/netty-codec-haproxy-4.1.79.Final.jar:/home/runner/.m2/repository/io/netty/netty-codec-memcache/4.1.79.Final/netty-codec-memcache-4.1.79.Final.jar:/home/runner/.m2/repository/io/netty/netty-codec-mqtt/4.1.79.Final/netty-codec-mqtt-4.1.79.Final.jar:/home/runner/.m2/repository/io/netty/netty-codec-redis/4.1.79.Final/netty-codec-redis-4.1.79.Final.jar:/home/runner/.m2/repository/io/netty/netty-codec-smtp/4.1.79.Final/netty-codec-smtp-4.1.79.Final.jar:/home/runner/.m2/repository/io/netty/netty-codec-stomp/4.1.79.Final/netty-codec-stomp-4.1.79.Final.jar:/home/runner/.m2/repository/io/netty/netty-codec-xml/4.1.79.Final/netty-codec-xml-4.1.79.Final.jar:/home/runner/.m2/repository/io/netty/netty-resolver-dns/4.1.79.Final/netty-resolver-dns-4.1.79.Final.jar:/home/runner/.m2/repository/io/netty/netty-transport-rxtx/4.1.79.Final/netty-transport-rxtx-4.1.79.Final.jar:/home/runner/.m2/repository/io/netty/netty-transport-sctp/4.1.79.Final/netty-transport-sctp-4.1.79.Final.jar:/home/runner/.m2/repository/io/netty/netty-transport-udt/4.1.79.Final/netty-transport-udt-4.1.79.Final.jar:/home/runner/.m2/repository/io/netty/netty-transport-classes-kqueue/4.1.79.Final/netty-transport-classes-kqueue-4.1.79.Final.jar:/home/runner/.m2/repository/io/netty/netty-resolver-dns-classes-macos/4.1.79.Final/netty-resolver-dns-classes-macos-4.1.79.Final.jar:/home/runner/.m2/repository/io/netty/netty-transport-native-epoll/4.1.79.Final/netty-transport-native-epoll-4.1.79.Final-linux-aarch_64.jar:/home/runner/.m2/repository/io/netty/netty-transport-native-kqueue/4.1.79.Final/netty-transport-native-kqueue-4.1.79.Final-osx-x86_64.jar:/home/runner/.m2/repository/io/netty/netty-transport-native-kqueue/4.1.79.Final/netty-transport-native-kqueue-4.1.79.Final-osx-aarch_64.jar:/home/runner/.m2/repository/io/netty/netty-resolver-dns-native-macos/4.1.79.Final/netty-resolver-dns-native-macos-4.1.79.Final-osx-x86_64.jar:/home/runner/.m2/repository/io/netty/netty-resolver-dns-native-macos/4.1.79.Final/netty-resolver-dns-native-macos-4.1.79.Final-osx-aarch_64.jar:/home/runner/.m2/repository/org/apache/htrace/htrace-core4/4.1.0-incubating/htrace-core4-4.1.0-incubating.jar:/home/runner/.m2/repository/org/fusesource/leveldbjni/leveldbjni-all/1.8/leveldbjni-all-1.8.jar:/home/runner/.m2/repository/org/apache/hadoop/hadoop-distcp/3.3.1/hadoop-distcp-3.3.1.jar:/home/runner/.m2/repository/org/apache/hadoop/hadoop-mapreduce-client-jobclient/3.3.1/hadoop-mapreduce-client-jobclient-3.3.1.jar:/home/runner/.m2/repository/org/apache/hadoop/hadoop-mapreduce-client-common/3.3.1/hadoop-mapreduce-client-common-3.3.1.jar:/home/runner/.m2/repository/org/apache/hadoop/hadoop-yarn-common/3.3.1/hadoop-yarn-common-3.3.1.jar:/home/runner/.m2/repository/org/apache/hadoop/hadoop-yarn-api/3.3.1/hadoop-yarn-api-3.3.1.jar:/home/runner/.m2/repository/com/sun/jersey/contribs/jersey-guice/1.19/jersey-guice-1.19.jar:/home/runner/.m2/repository/com/fasterxml/jackson/jaxrs/jackson-jaxrs-json-provider/2.13.2/jackson-jaxrs-json-provider-2.13.2.jar:/home/runner/.m2/repository/com/fasterxml/jackson/jaxrs/jackson-jaxrs-base/2.13.2/jackson-jaxrs-base-2.13.2.jar:/home/runner/.m2/repository/org/apache/hadoop/hadoop-yarn-client/3.3.1/hadoop-yarn-client-3.3.1.jar:/home/runner/.m2/repository/org/eclipse/jetty/websocket/websocket-client/9.4.40.v20210413/websocket-client-9.4.40.v20210413.jar:/home/runner/.m2/repository/org/eclipse/jetty/websocket/websocket-common/9.4.40.v20210413/websocket-common-9.4.40.v20210413.jar:/home/runner/.m2/repository/org/eclipse/jetty/websocket/websocket-api/9.4.40.v20210413/websocket-api-9.4.40.v20210413.jar:/home/runner/.m2/repository/org/jline/jline/3.9.0/jline-3.9.0.jar:/home/runner/.m2/repository/org/apache/hadoop/hadoop-mapreduce-client-core/3.3.1/hadoop-mapreduce-client-core-3.3.1.jar:/home/runner/.m2/repository/org/apache/avro/avro/1.7.7/avro-1.7.7.jar:/home/runner/.m2/repository/org/codehaus/jackson/jackson-core-asl/1.9.13/jackson-core-asl-1.9.13.jar:/home/runner/.m2/repository/org/codehaus/jackson/jackson-mapper-asl/1.9.13/jackson-mapper-asl-1.9.13.jar:/home/runner/.m2/repository/com/thoughtworks/paranamer/paranamer/2.3/paranamer-2.3.jar:/home/runner/.m2/repository/org/apache/hadoop/hadoop-annotations/3.3.1/hadoop-annotations-3.3.1.jar:/opt/hostedtoolcache/jdk/8.0.345/x64/jre/../lib/tools.jar:/home/runner/.m2/repository/org/apache/hadoop/hadoop-distcp/3.3.1/hadoop-distcp-3.3.1-tests.jar:/home/runner/.m2/repository/org/apache/ratis/ratis-common/2.3.0/ratis-common-2.3.0.jar:/home/runner/.m2/repository/org/apache/ratis/ratis-thirdparty-misc/1.0.0/ratis-thirdparty-misc-1.0.0.jar:/home/runner/.m2/repository/org/apache/ratis/ratis-proto/2.3.0/ratis-proto-2.3.0.jar:"/>
    <property name="sun.cpu.endian" value="little"/>
    <property name="user.home" value="/home/runner"/>
    <property name="user.language" value="en"/>
    <property name="java.specification.vendor" value="Oracle Corporation"/>
    <property name="java.home" value="/opt/hostedtoolcache/jdk/8.0.345/x64/jre"/>
    <property name="java.security.krb5.conf" value="/home/runner/work/ozone/ozone/hadoop-ozone/integration-test/target/test-classes/krb5.conf"/>
    <property name="basedir" value="/home/runner/work/ozone/ozone/hadoop-ozone/integration-test"/>
    <property name="file.separator" value="/"/>
    <property name="line.separator" value="&#10;"/>
    <property name="jdk.vendor.version" value="Zulu 8.64.0.19-CA-linux64"/>
    <property name="java.vm.specification.vendor" value="Oracle Corporation"/>
    <property name="java.specification.name" value="Java Platform API Specification"/>
    <property name="java.awt.graphicsenv" value="sun.awt.X11GraphicsEnvironment"/>
    <property name="skip.installnpx" value="true"/>
    <property name="surefire.real.class.path" value="/home/runner/work/ozone/ozone/hadoop-ozone/integration-test/target/surefire/surefirebooter4061735137414538990.jar:/home/runner/.m2/repository/org/jacoco/org.jacoco.agent/0.8.5/org.jacoco.agent-0.8.5-runtime.jar"/>
    <property name="hadoop.log.dir" value="/home/runner/work/ozone/ozone/hadoop-ozone/integration-test/target/log"/>
    <property name="sun.boot.class.path" value="/opt/hostedtoolcache/jdk/8.0.345/x64/jre/lib/resources.jar:/opt/hostedtoolcache/jdk/8.0.345/x64/jre/lib/rt.jar:/opt/hostedtoolcache/jdk/8.0.345/x64/jre/lib/sunrsasign.jar:/opt/hostedtoolcache/jdk/8.0.345/x64/jre/lib/jsse.jar:/opt/hostedtoolcache/jdk/8.0.345/x64/jre/lib/jce.jar:/opt/hostedtoolcache/jdk/8.0.345/x64/jre/lib/charsets.jar:/opt/hostedtoolcache/jdk/8.0.345/x64/jre/lib/jfr.jar:/opt/hostedtoolcache/jdk/8.0.345/x64/jre/lib/cat.jar:/opt/hostedtoolcache/jdk/8.0.345/x64/jre/classes"/>
    <property name="sun.management.compiler" value="HotSpot 64-Bit Tiered Compilers"/>
    <property name="skip.npx" value="true"/>
    <property name="java.runtime.version" value="1.8.0_345-b01"/>
    <property name="java.net.preferIPv4Stack" value="true"/>
    <property name="user.name" value="runner"/>
    <property name="path.separator" value=":"/>
    <property name="java.security.egd" value="file:///dev/urandom"/>
    <property name="os.version" value="5.15.0-1017-azure"/>
    <property name="java.endorsed.dirs" value="/opt/hostedtoolcache/jdk/8.0.345/x64/jre/lib/endorsed"/>
    <property name="java.runtime.name" value="OpenJDK Runtime Environment"/>
    <property name="file.encoding" value="UTF-8"/>
    <property name="java.vm.name" value="OpenJDK 64-Bit Server VM"/>
    <property name="test.build.webapps" value=""/>
    <property name="localRepository" value="/home/runner/.m2/repository"/>
    <property name="jetty.git.hash" value="526006ecfa3af7f1a27ef3a288e2bef7ea9dd7e8"/>
    <property name="java.vendor.url.bug" value="http://www.azul.com/support/"/>
    <property name="java.io.tmpdir" value="/tmp"/>
    <property name="require.test.libhadoop" value=""/>
    <property name="java.version" value="1.8.0_345"/>
    <property name="user.dir" value="/home/runner/work/ozone/ozone/hadoop-ozone/integration-test"/>
    <property name="os.arch" value="amd64"/>
    <property name="java.vm.specification.name" value="Java Virtual Machine Specification"/>
    <property name="test.build.classes" value="/home/runner/work/ozone/ozone/hadoop-ozone/integration-test/target/test-classes"/>
    <property name="java.awt.printerjob" value="sun.print.PSPrinterJob"/>
    <property name="sun.os.patch.level" value="unknown"/>
    <property name="hadoop.tmp.dir" value="/home/runner/work/ozone/ozone/hadoop-ozone/integration-test/target/tmp"/>
    <property name="java.library.path" value="/usr/java/packages/lib/amd64:/usr/lib64:/lib64:/lib:/usr/lib"/>
    <property name="java.vm.info" value="mixed mode"/>
    <property name="java.vendor" value="Azul Systems, Inc."/>
    <property name="java.vm.version" value="25.345-b01"/>
    <property name="java.ext.dirs" value="/opt/hostedtoolcache/jdk/8.0.345/x64/jre/lib/ext:/usr/java/packages/lib/ext"/>
    <property name="sun.io.unicode.encoding" value="UnicodeLittle"/>
    <property name="java.class.version" value="52.0"/>
  </properties>
  <testcase name="testRatisLogParsing" classname="org.apache.hadoop.ozone.parser.TestOzoneHARatisLogParser" time="74.926">
    <error type="java.util.concurrent.TimeoutException"><![CDATA[java.util.concurrent.TimeoutException: 
Timed out waiting for condition. Thread diagnostics:
Timestamp: 2022-09-01 11:51:50,893

"ExpiredContainerReplicaOpScrubberThread" daemon prio=5 tid=35 timed_waiting
java.lang.Thread.State: TIMED_WAITING
        at java.lang.Object.wait(Native Method)
        at org.apache.hadoop.hdds.scm.ha.BackgroundSCMService.run(BackgroundSCMService.java:110)
        at org.apache.hadoop.hdds.scm.ha.BackgroundSCMService$$Lambda$675/1294019352.run(Unknown Source)
        at java.lang.Thread.run(Thread.java:750)
"Datanode ReportManager Thread - 1" daemon prio=5 tid=868 in Object.wait()
java.lang.Thread.State: WAITING (on object monitor)
        at sun.misc.Unsafe.park(Native Method)
        at java.util.concurrent.locks.LockSupport.park(LockSupport.java:175)
        at java.util.concurrent.locks.AbstractQueuedSynchronizer$ConditionObject.await(AbstractQueuedSynchronizer.java:2044)
        at java.util.concurrent.ScheduledThreadPoolExecutor$DelayedWorkQueue.take(ScheduledThreadPoolExecutor.java:1088)
        at java.util.concurrent.ScheduledThreadPoolExecutor$DelayedWorkQueue.take(ScheduledThreadPoolExecutor.java:809)
        at java.util.concurrent.ThreadPoolExecutor.getTask(ThreadPoolExecutor.java:1074)
        at java.util.concurrent.ThreadPoolExecutor.runWorker(ThreadPoolExecutor.java:1134)
        at java.util.concurrent.ThreadPoolExecutor$Worker.run(ThreadPoolExecutor.java:624)
        at java.lang.Thread.run(Thread.java:750)
"FullTableCache Cleanup Thread - 0" daemon prio=5 tid=1149 in Object.wait()
java.lang.Thread.State: WAITING (on object monitor)
        at sun.misc.Unsafe.park(Native Method)
        at java.util.concurrent.locks.LockSupport.park(LockSupport.java:175)
        at java.util.concurrent.locks.AbstractQueuedSynchronizer$ConditionObject.await(AbstractQueuedSynchronizer.java:2044)
        at java.util.concurrent.LinkedBlockingQueue.take(LinkedBlockingQueue.java:442)
        at java.util.concurrent.ThreadPoolExecutor.getTask(ThreadPoolExecutor.java:1074)
        at java.util.concurrent.ThreadPoolExecutor.runWorker(ThreadPoolExecutor.java:1134)
        at java.util.concurrent.ThreadPoolExecutor$Worker.run(ThreadPoolExecutor.java:624)
        at java.lang.Thread.run(Thread.java:750)
"EndpointStateMachine task thread for /127.0.0.1:41671 - 0 "  prio=5 tid=894 blocked
java.lang.Thread.State: BLOCKED
        at org.apache.hadoop.ipc.Client$Connection.addCall(Client.java:522)
        at org.apache.hadoop.ipc.Client$Connection.access$3700(Client.java:414)
        at org.apache.hadoop.ipc.Client.getConnection(Client.java:1634)
        at org.apache.hadoop.ipc.Client.call(Client.java:1463)
        at org.apache.hadoop.ipc.Client.call(Client.java:1416)
        at org.apache.hadoop.ipc.ProtobufRpcEngine$Invoker.invoke(ProtobufRpcEngine.java:236)
        at org.apache.hadoop.ipc.ProtobufRpcEngine$Invoker.invoke(ProtobufRpcEngine.java:123)
        at com.sun.proxy.$Proxy51.submitRequest(Unknown Source)
        at org.apache.hadoop.ozone.protocolPB.StorageContainerDatanodeProtocolClientSideTranslatorPB.submitRequest(StorageContainerDatanodeProtocolClientSideTranslatorPB.java:117)
        at org.apache.hadoop.ozone.protocolPB.StorageContainerDatanodeProtocolClientSideTranslatorPB.sendHeartbeat(StorageContainerDatanodeProtocolClientSideTranslatorPB.java:149)
        at org.apache.hadoop.ozone.container.common.states.endpoint.HeartbeatEndpointTask.call(HeartbeatEndpointTask.java:185)
        at org.apache.hadoop.ozone.container.common.states.endpoint.HeartbeatEndpointTask.call(HeartbeatEndpointTask.java:87)
        at java.util.concurrent.FutureTask.run(FutureTask.java:266)
        at java.util.concurrent.ThreadPoolExecutor.runWorker(ThreadPoolExecutor.java:1149)
        at java.util.concurrent.ThreadPoolExecutor$Worker.run(ThreadPoolExecutor.java:624)
        at java.lang.Thread.run(Thread.java:750)
"Datanode ReportManager Thread - 1" daemon prio=5 tid=810 in Object.wait()
java.lang.Thread.State: WAITING (on object monitor)
        at sun.misc.Unsafe.park(Native Method)
        at java.util.concurrent.locks.LockSupport.park(LockSupport.java:175)
        at java.util.concurrent.locks.AbstractQueuedSynchronizer$ConditionObject.await(AbstractQueuedSynchronizer.java:2044)
        at java.util.concurrent.ScheduledThreadPoolExecutor$DelayedWorkQueue.take(ScheduledThreadPoolExecutor.java:1088)
        at java.util.concurrent.ScheduledThreadPoolExecutor$DelayedWorkQueue.take(ScheduledThreadPoolExecutor.java:809)
        at java.util.concurrent.ThreadPoolExecutor.getTask(ThreadPoolExecutor.java:1074)
        at java.util.concurrent.ThreadPoolExecutor.runWorker(ThreadPoolExecutor.java:1134)
        at java.util.concurrent.ThreadPoolExecutor$Worker.run(ThreadPoolExecutor.java:624)
        at java.lang.Thread.run(Thread.java:750)
"org.apache.hadoop.ozone.container.common.statemachine.commandhandler.DeleteBlocksCommandHandler$DeleteCmdWorker@3cd8aaaa" daemon prio=5 tid=855 runnable
java.lang.Thread.State: RUNNABLE
        at java.lang.Thread.sleep(Native Method)
        at org.apache.hadoop.ozone.container.common.statemachine.commandhandler.DeleteBlocksCommandHandler$DeleteCmdWorker.run(DeleteBlocksCommandHandler.java:185)
        at java.lang.Thread.run(Thread.java:750)
"SSL Certificates Store Monitor" daemon prio=5 tid=721 in Object.wait()
java.lang.Thread.State: WAITING (on object monitor)
        at java.lang.Object.wait(Native Method)
        at java.lang.Object.wait(Object.java:502)
        at java.util.TimerThread.mainLoop(Timer.java:526)
        at java.util.TimerThread.run(Timer.java:505)
"EndpointStateMachine task thread for /127.0.0.1:42041 - 0 "  prio=5 tid=895 blocked
java.lang.Thread.State: BLOCKED
        at org.apache.hadoop.ipc.Client$Connection.addCall(Client.java:522)
        at org.apache.hadoop.ipc.Client$Connection.access$3700(Client.java:414)
        at org.apache.hadoop.ipc.Client.getConnection(Client.java:1634)
        at org.apache.hadoop.ipc.Client.call(Client.java:1463)
        at org.apache.hadoop.ipc.Client.call(Client.java:1416)
        at org.apache.hadoop.ipc.ProtobufRpcEngine$Invoker.invoke(ProtobufRpcEngine.java:236)
        at org.apache.hadoop.ipc.ProtobufRpcEngine$Invoker.invoke(ProtobufRpcEngine.java:123)
        at com.sun.proxy.$Proxy51.submitRequest(Unknown Source)
        at org.apache.hadoop.ozone.protocolPB.StorageContainerDatanodeProtocolClientSideTranslatorPB.submitRequest(StorageContainerDatanodeProtocolClientSideTranslatorPB.java:117)
        at org.apache.hadoop.ozone.protocolPB.StorageContainerDatanodeProtocolClientSideTranslatorPB.sendHeartbeat(StorageContainerDatanodeProtocolClientSideTranslatorPB.java:149)
        at org.apache.hadoop.ozone.container.common.states.endpoint.HeartbeatEndpointTask.call(HeartbeatEndpointTask.java:185)
        at org.apache.hadoop.ozone.container.common.states.endpoint.HeartbeatEndpointTask.call(HeartbeatEndpointTask.java:87)
        at java.util.concurrent.FutureTask.run(FutureTask.java:266)
        at java.util.concurrent.ThreadPoolExecutor.runWorker(ThreadPoolExecutor.java:1149)
        at java.util.concurrent.ThreadPoolExecutor$Worker.run(ThreadPoolExecutor.java:624)
        at java.lang.Thread.run(Thread.java:750)
"IPC Parameter Sending Thread #1" daemon prio=5 tid=899 timed_waiting
java.lang.Thread.State: TIMED_WAITING
        at sun.misc.Unsafe.park(Native Method)
        at java.util.concurrent.locks.LockSupport.parkNanos(LockSupport.java:215)
        at java.util.concurrent.SynchronousQueue$TransferStack.awaitFulfill(SynchronousQueue.java:460)
        at java.util.concurrent.SynchronousQueue$TransferStack.transfer(SynchronousQueue.java:362)
        at java.util.concurrent.SynchronousQueue.poll(SynchronousQueue.java:941)
        at java.util.concurrent.ThreadPoolExecutor.getTask(ThreadPoolExecutor.java:1073)
        at java.util.concurrent.ThreadPoolExecutor.runWorker(ThreadPoolExecutor.java:1134)
        at java.util.concurrent.ThreadPoolExecutor$Worker.run(ThreadPoolExecutor.java:624)
        at java.lang.Thread.run(Thread.java:750)
"UnderReplicatedQueueThreadThread" daemon prio=5 tid=500 timed_waiting
java.lang.Thread.State: TIMED_WAITING
        at java.lang.Object.wait(Native Method)
        at org.apache.hadoop.hdds.scm.ha.BackgroundSCMService.run(BackgroundSCMService.java:110)
        at org.apache.hadoop.hdds.scm.ha.BackgroundSCMService$$Lambda$675/1294019352.run(Unknown Source)
        at java.lang.Thread.run(Thread.java:750)
"EndpointStateMachine task thread for /127.0.0.1:38463 - 0 "  prio=5 tid=934 blocked
java.lang.Thread.State: BLOCKED
        at org.apache.hadoop.ipc.Client$Connection.addCall(Client.java:522)
        at org.apache.hadoop.ipc.Client$Connection.access$3700(Client.java:414)
        at org.apache.hadoop.ipc.Client.getConnection(Client.java:1634)
        at org.apache.hadoop.ipc.Client.call(Client.java:1463)
        at org.apache.hadoop.ipc.Client.call(Client.java:1416)
        at org.apache.hadoop.ipc.ProtobufRpcEngine$Invoker.invoke(ProtobufRpcEngine.java:236)
        at org.apache.hadoop.ipc.ProtobufRpcEngine$Invoker.invoke(ProtobufRpcEngine.java:123)
        at com.sun.proxy.$Proxy51.submitRequest(Unknown Source)
        at org.apache.hadoop.ozone.protocolPB.StorageContainerDatanodeProtocolClientSideTranslatorPB.submitRequest(StorageContainerDatanodeProtocolClientSideTranslatorPB.java:117)
        at org.apache.hadoop.ozone.protocolPB.StorageContainerDatanodeProtocolClientSideTranslatorPB.sendHeartbeat(StorageContainerDatanodeProtocolClientSideTranslatorPB.java:149)
        at org.apache.hadoop.ozone.container.common.states.endpoint.HeartbeatEndpointTask.call(HeartbeatEndpointTask.java:185)
        at org.apache.hadoop.ozone.container.common.states.endpoint.HeartbeatEndpointTask.call(HeartbeatEndpointTask.java:87)
        at java.util.concurrent.FutureTask.run(FutureTask.java:266)
        at java.util.concurrent.ThreadPoolExecutor.runWorker(ThreadPoolExecutor.java:1149)
        at java.util.concurrent.ThreadPoolExecutor$Worker.run(ThreadPoolExecutor.java:624)
        at java.lang.Thread.run(Thread.java:750)
"EndpointStateMachine task thread for /127.0.0.1:38463 - 0 "  prio=5 tid=893 timed_waiting
java.lang.Thread.State: TIMED_WAITING
        at java.lang.Thread.sleep(Native Method)
        at org.apache.hadoop.ipc.Client$Connection.handleConnectionFailure(Client.java:972)
        at org.apache.hadoop.ipc.Client$Connection.setupConnection(Client.java:724)
        at org.apache.hadoop.ipc.Client$Connection.setupIOstreams(Client.java:822)
        at org.apache.hadoop.ipc.Client$Connection.access$3800(Client.java:414)
        at org.apache.hadoop.ipc.Client.getConnection(Client.java:1647)
        at org.apache.hadoop.ipc.Client.call(Client.java:1463)
        at org.apache.hadoop.ipc.Client.call(Client.java:1416)
        at org.apache.hadoop.ipc.ProtobufRpcEngine$Invoker.invoke(ProtobufRpcEngine.java:236)
        at org.apache.hadoop.ipc.ProtobufRpcEngine$Invoker.invoke(ProtobufRpcEngine.java:123)
        at com.sun.proxy.$Proxy51.submitRequest(Unknown Source)
        at org.apache.hadoop.ozone.protocolPB.StorageContainerDatanodeProtocolClientSideTranslatorPB.submitRequest(StorageContainerDatanodeProtocolClientSideTranslatorPB.java:117)
        at org.apache.hadoop.ozone.protocolPB.StorageContainerDatanodeProtocolClientSideTranslatorPB.sendHeartbeat(StorageContainerDatanodeProtocolClientSideTranslatorPB.java:149)
        at org.apache.hadoop.ozone.container.common.states.endpoint.HeartbeatEndpointTask.call(HeartbeatEndpointTask.java:185)
        at org.apache.hadoop.ozone.container.common.states.endpoint.HeartbeatEndpointTask.call(HeartbeatEndpointTask.java:87)
        at java.util.concurrent.FutureTask.run(FutureTask.java:266)
        at java.util.concurrent.ThreadPoolExecutor.runWorker(ThreadPoolExecutor.java:1149)
        at java.util.concurrent.ThreadPoolExecutor$Worker.run(ThreadPoolExecutor.java:624)
        at java.lang.Thread.run(Thread.java:750)
"process reaper" daemon prio=10 tid=13 timed_waiting
java.lang.Thread.State: TIMED_WAITING
        at sun.misc.Unsafe.park(Native Method)
        at java.util.concurrent.locks.LockSupport.parkNanos(LockSupport.java:215)
        at java.util.concurrent.SynchronousQueue$TransferStack.awaitFulfill(SynchronousQueue.java:460)
        at java.util.concurrent.SynchronousQueue$TransferStack.transfer(SynchronousQueue.java:362)
        at java.util.concurrent.SynchronousQueue.poll(SynchronousQueue.java:941)
        at java.util.concurrent.ThreadPoolExecutor.getTask(ThreadPoolExecutor.java:1073)
        at java.util.concurrent.ThreadPoolExecutor.runWorker(ThreadPoolExecutor.java:1134)
        at java.util.concurrent.ThreadPoolExecutor$Worker.run(ThreadPoolExecutor.java:624)
        at java.lang.Thread.run(Thread.java:750)
"Signal Dispatcher" daemon prio=9 tid=4 runnable
java.lang.Thread.State: RUNNABLE
"FullTableCache Cleanup Thread - 0" daemon prio=5 tid=1141 in Object.wait()
java.lang.Thread.State: WAITING (on object monitor)
        at sun.misc.Unsafe.park(Native Method)
        at java.util.concurrent.locks.LockSupport.park(LockSupport.java:175)
        at java.util.concurrent.locks.AbstractQueuedSynchronizer$ConditionObject.await(AbstractQueuedSynchronizer.java:2044)
        at java.util.concurrent.LinkedBlockingQueue.take(LinkedBlockingQueue.java:442)
        at java.util.concurrent.ThreadPoolExecutor.getTask(ThreadPoolExecutor.java:1074)
        at java.util.concurrent.ThreadPoolExecutor.runWorker(ThreadPoolExecutor.java:1134)
        at java.util.concurrent.ThreadPoolExecutor$Worker.run(ThreadPoolExecutor.java:624)
        at java.lang.Thread.run(Thread.java:750)
"IPC Parameter Sending Thread #2" daemon prio=5 tid=978 timed_waiting
java.lang.Thread.State: TIMED_WAITING
        at sun.misc.Unsafe.park(Native Method)
        at java.util.concurrent.locks.LockSupport.parkNanos(LockSupport.java:215)
        at java.util.concurrent.SynchronousQueue$TransferStack.awaitFulfill(SynchronousQueue.java:460)
        at java.util.concurrent.SynchronousQueue$TransferStack.transfer(SynchronousQueue.java:362)
        at java.util.concurrent.SynchronousQueue.poll(SynchronousQueue.java:941)
        at java.util.concurrent.ThreadPoolExecutor.getTask(ThreadPoolExecutor.java:1073)
        at java.util.concurrent.ThreadPoolExecutor.runWorker(ThreadPoolExecutor.java:1134)
        at java.util.concurrent.ThreadPoolExecutor$Worker.run(ThreadPoolExecutor.java:624)
        at java.lang.Thread.run(Thread.java:750)
"Datanode ReportManager Thread - 0" daemon prio=5 tid=867 in Object.wait()
java.lang.Thread.State: WAITING (on object monitor)
        at sun.misc.Unsafe.park(Native Method)
        at java.util.concurrent.locks.LockSupport.park(LockSupport.java:175)
        at java.util.concurrent.locks.AbstractQueuedSynchronizer$ConditionObject.await(AbstractQueuedSynchronizer.java:2044)
        at java.util.concurrent.ScheduledThreadPoolExecutor$DelayedWorkQueue.take(ScheduledThreadPoolExecutor.java:1088)
        at java.util.concurrent.ScheduledThreadPoolExecutor$DelayedWorkQueue.take(ScheduledThreadPoolExecutor.java:809)
        at java.util.concurrent.ThreadPoolExecutor.getTask(ThreadPoolExecutor.java:1074)
        at java.util.concurrent.ThreadPoolExecutor.runWorker(ThreadPoolExecutor.java:1134)
        at java.util.concurrent.ThreadPoolExecutor$Worker.run(ThreadPoolExecutor.java:624)
        at java.lang.Thread.run(Thread.java:750)
"main"  prio=5 tid=1 timed_waiting
java.lang.Thread.State: TIMED_WAITING
        at sun.misc.Unsafe.park(Native Method)
        at java.util.concurrent.locks.LockSupport.parkNanos(LockSupport.java:215)
        at java.util.concurrent.FutureTask.awaitDone(FutureTask.java:426)
        at java.util.concurrent.FutureTask.get(FutureTask.java:204)
        at org.junit.internal.runners.statements.FailOnTimeout.getResult(FailOnTimeout.java:156)
        at org.junit.internal.runners.statements.FailOnTimeout.evaluate(FailOnTimeout.java:129)
        at org.junit.runners.ParentRunner$3.evaluate(ParentRunner.java:306)
        at org.junit.runners.BlockJUnit4ClassRunner$1.evaluate(BlockJUnit4ClassRunner.java:100)
        at org.junit.runners.ParentRunner.runLeaf(ParentRunner.java:366)
        at org.junit.runners.BlockJUnit4ClassRunner.runChild(BlockJUnit4ClassRunner.java:103)
        at org.junit.runners.BlockJUnit4ClassRunner.runChild(BlockJUnit4ClassRunner.java:63)
        at org.junit.runners.ParentRunner$4.run(ParentRunner.java:331)
        at org.junit.runners.ParentRunner$1.schedule(ParentRunner.java:79)
        at org.junit.runners.ParentRunner.runChildren(ParentRunner.java:329)
        at org.junit.runners.ParentRunner.access$100(ParentRunner.java:66)
        at org.junit.runners.ParentRunner$2.evaluate(ParentRunner.java:293)
        at org.junit.runners.ParentRunner$3.evaluate(ParentRunner.java:306)
        at org.junit.runners.ParentRunner.run(ParentRunner.java:413)
        at org.junit.runner.JUnitCore.run(JUnitCore.java:137)
        at org.junit.runner.JUnitCore.run(JUnitCore.java:115)
        at org.junit.vintage.engine.execution.RunnerExecutor.execute(RunnerExecutor.java:42)
        at org.junit.vintage.engine.VintageTestEngine.executeAllChildren(VintageTestEngine.java:80)
        at org.junit.vintage.engine.VintageTestEngine.execute(VintageTestEngine.java:72)
        at org.junit.platform.launcher.core.EngineExecutionOrchestrator.execute(EngineExecutionOrchestrator.java:107)
        at org.junit.platform.launcher.core.EngineExecutionOrchestrator.execute(EngineExecutionOrchestrator.java:88)
        at org.junit.platform.launcher.core.EngineExecutionOrchestrator.lambda$execute$0(EngineExecutionOrchestrator.java:54)
        at org.junit.platform.launcher.core.EngineExecutionOrchestrator$$Lambda$188/726379593.accept(Unknown Source)
        at org.junit.platform.launcher.core.EngineExecutionOrchestrator.withInterceptedStreams(EngineExecutionOrchestrator.java:67)
        at org.junit.platform.launcher.core.EngineExecutionOrchestrator.execute(EngineExecutionOrchestrator.java:52)
        at org.junit.platform.launcher.core.DefaultLauncher.execute(DefaultLauncher.java:114)
        at org.junit.platform.launcher.core.DefaultLauncher.execute(DefaultLauncher.java:86)
        at org.junit.platform.launcher.core.DefaultLauncherSession$DelegatingLauncher.execute(DefaultLauncherSession.java:86)
        at org.junit.platform.launcher.core.SessionPerRequestLauncher.execute(SessionPerRequestLauncher.java:53)
        at org.apache.maven.surefire.junitplatform.JUnitPlatformProvider.execute(JUnitPlatformProvider.java:188)
        at org.apache.maven.surefire.junitplatform.JUnitPlatformProvider.invokeAllTests(JUnitPlatformProvider.java:154)
        at org.apache.maven.surefire.junitplatform.JUnitPlatformProvider.invoke(JUnitPlatformProvider.java:124)
        at org.apache.maven.surefire.booter.ForkedBooter.runSuitesInProcess(ForkedBooter.java:428)
        at org.apache.maven.surefire.booter.ForkedBooter.execute(ForkedBooter.java:162)
        at org.apache.maven.surefire.booter.ForkedBooter.run(ForkedBooter.java:562)
        at org.apache.maven.surefire.booter.ForkedBooter.main(ForkedBooter.java:548)
"Datanode ReportManager Thread - 0" daemon prio=5 tid=841 timed_waiting
java.lang.Thread.State: TIMED_WAITING
        at sun.misc.Unsafe.park(Native Method)
        at java.util.concurrent.locks.LockSupport.parkNanos(LockSupport.java:215)
        at java.util.concurrent.locks.AbstractQueuedSynchronizer$ConditionObject.awaitNanos(AbstractQueuedSynchronizer.java:2083)
        at java.util.concurrent.ScheduledThreadPoolExecutor$DelayedWorkQueue.take(ScheduledThreadPoolExecutor.java:1093)
        at java.util.concurrent.ScheduledThreadPoolExecutor$DelayedWorkQueue.take(ScheduledThreadPoolExecutor.java:809)
        at java.util.concurrent.ThreadPoolExecutor.getTask(ThreadPoolExecutor.java:1074)
        at java.util.concurrent.ThreadPoolExecutor.runWorker(ThreadPoolExecutor.java:1134)
        at java.util.concurrent.ThreadPoolExecutor$Worker.run(ThreadPoolExecutor.java:624)
        at java.lang.Thread.run(Thread.java:750)
"Reference Handler" daemon prio=10 tid=2 in Object.wait()
java.lang.Thread.State: WAITING (on object monitor)
        at java.lang.Object.wait(Native Method)
        at java.lang.Object.wait(Object.java:502)
        at java.lang.ref.Reference.tryHandlePending(Reference.java:191)
        at java.lang.ref.Reference$ReferenceHandler.run(Reference.java:153)
"OverReplicatedQueueThreadThread" daemon prio=5 tid=501 timed_waiting
java.lang.Thread.State: TIMED_WAITING
        at java.lang.Object.wait(Native Method)
        at org.apache.hadoop.hdds.scm.ha.BackgroundSCMService.run(BackgroundSCMService.java:110)
        at org.apache.hadoop.hdds.scm.ha.BackgroundSCMService$$Lambda$675/1294019352.run(Unknown Source)
        at java.lang.Thread.run(Thread.java:750)
"java.util.concurrent.ThreadPoolExecutor$Worker@14896592[State = -1, empty queue]" daemon prio=5 tid=1060 timed_waiting
java.lang.Thread.State: TIMED_WAITING
        at sun.misc.Unsafe.park(Native Method)
        at java.util.concurrent.locks.LockSupport.parkNanos(LockSupport.java:215)
        at java.util.concurrent.locks.AbstractQueuedSynchronizer$ConditionObject.awaitNanos(AbstractQueuedSynchronizer.java:2083)
        at java.util.concurrent.ScheduledThreadPoolExecutor$DelayedWorkQueue.take(ScheduledThreadPoolExecutor.java:1093)
        at java.util.concurrent.ScheduledThreadPoolExecutor$DelayedWorkQueue.take(ScheduledThreadPoolExecutor.java:809)
        at java.util.concurrent.ThreadPoolExecutor.getTask(ThreadPoolExecutor.java:1074)
        at java.util.concurrent.ThreadPoolExecutor.runWorker(ThreadPoolExecutor.java:1134)
        at java.util.concurrent.ThreadPoolExecutor$Worker.run(ThreadPoolExecutor.java:624)
        at java.lang.Thread.run(Thread.java:750)
"FullTableCache Cleanup Thread - 0" daemon prio=5 tid=1147 in Object.wait()
java.lang.Thread.State: WAITING (on object monitor)
        at sun.misc.Unsafe.park(Native Method)
        at java.util.concurrent.locks.LockSupport.park(LockSupport.java:175)
        at java.util.concurrent.locks.AbstractQueuedSynchronizer$ConditionObject.await(AbstractQueuedSynchronizer.java:2044)
        at java.util.concurrent.LinkedBlockingQueue.take(LinkedBlockingQueue.java:442)
        at java.util.concurrent.ThreadPoolExecutor.getTask(ThreadPoolExecutor.java:1074)
        at java.util.concurrent.ThreadPoolExecutor.runWorker(ThreadPoolExecutor.java:1134)
        at java.util.concurrent.ThreadPoolExecutor$Worker.run(ThreadPoolExecutor.java:624)
        at java.lang.Thread.run(Thread.java:750)
"SSL Certificates Store Monitor" daemon prio=5 tid=662 in Object.wait()
java.lang.Thread.State: WAITING (on object monitor)
        at java.lang.Object.wait(Native Method)
        at java.lang.Object.wait(Object.java:502)
        at java.util.TimerThread.mainLoop(Timer.java:526)
        at java.util.TimerThread.run(Timer.java:505)
"Datanode ReportManager Thread - 4" daemon prio=5 tid=813 in Object.wait()
java.lang.Thread.State: WAITING (on object monitor)
        at sun.misc.Unsafe.park(Native Method)
        at java.util.concurrent.locks.LockSupport.park(LockSupport.java:175)
        at java.util.concurrent.locks.AbstractQueuedSynchronizer$ConditionObject.await(AbstractQueuedSynchronizer.java:2044)
        at java.util.concurrent.ScheduledThreadPoolExecutor$DelayedWorkQueue.take(ScheduledThreadPoolExecutor.java:1088)
        at java.util.concurrent.ScheduledThreadPoolExecutor$DelayedWorkQueue.take(ScheduledThreadPoolExecutor.java:809)
        at java.util.concurrent.ThreadPoolExecutor.getTask(ThreadPoolExecutor.java:1074)
        at java.util.concurrent.ThreadPoolExecutor.runWorker(ThreadPoolExecutor.java:1134)
        at java.util.concurrent.ThreadPoolExecutor$Worker.run(ThreadPoolExecutor.java:624)
        at java.lang.Thread.run(Thread.java:750)
"EndpointStateMachine task thread for /127.0.0.1:42041 - 0 "  prio=5 tid=919 timed_waiting
java.lang.Thread.State: TIMED_WAITING
        at java.lang.Thread.sleep(Native Method)
        at org.apache.hadoop.ipc.Client$Connection.handleConnectionFailure(Client.java:972)
        at org.apache.hadoop.ipc.Client$Connection.setupConnection(Client.java:724)
        at org.apache.hadoop.ipc.Client$Connection.setupIOstreams(Client.java:822)
        at org.apache.hadoop.ipc.Client$Connection.access$3800(Client.java:414)
        at org.apache.hadoop.ipc.Client.getConnection(Client.java:1647)
        at org.apache.hadoop.ipc.Client.call(Client.java:1463)
        at org.apache.hadoop.ipc.Client.call(Client.java:1416)
        at org.apache.hadoop.ipc.ProtobufRpcEngine$Invoker.invoke(ProtobufRpcEngine.java:236)
        at org.apache.hadoop.ipc.ProtobufRpcEngine$Invoker.invoke(ProtobufRpcEngine.java:123)
        at com.sun.proxy.$Proxy51.submitRequest(Unknown Source)
        at org.apache.hadoop.ozone.protocolPB.StorageContainerDatanodeProtocolClientSideTranslatorPB.submitRequest(StorageContainerDatanodeProtocolClientSideTranslatorPB.java:117)
        at org.apache.hadoop.ozone.protocolPB.StorageContainerDatanodeProtocolClientSideTranslatorPB.sendHeartbeat(StorageContainerDatanodeProtocolClientSideTranslatorPB.java:149)
        at org.apache.hadoop.ozone.container.common.states.endpoint.HeartbeatEndpointTask.call(HeartbeatEndpointTask.java:185)
        at org.apache.hadoop.ozone.container.common.states.endpoint.HeartbeatEndpointTask.call(HeartbeatEndpointTask.java:87)
        at java.util.concurrent.FutureTask.run(FutureTask.java:266)
        at java.util.concurrent.ThreadPoolExecutor.runWorker(ThreadPoolExecutor.java:1149)
        at java.util.concurrent.ThreadPoolExecutor$Worker.run(ThreadPoolExecutor.java:624)
        at java.lang.Thread.run(Thread.java:750)
"FullTableCache Cleanup Thread - 0" daemon prio=5 tid=1140 in Object.wait()
java.lang.Thread.State: WAITING (on object monitor)
        at sun.misc.Unsafe.park(Native Method)
        at java.util.concurrent.locks.LockSupport.park(LockSupport.java:175)
        at java.util.concurrent.locks.AbstractQueuedSynchronizer$ConditionObject.await(AbstractQueuedSynchronizer.java:2044)
        at java.util.concurrent.LinkedBlockingQueue.take(LinkedBlockingQueue.java:442)
        at java.util.concurrent.ThreadPoolExecutor.getTask(ThreadPoolExecutor.java:1074)
        at java.util.concurrent.ThreadPoolExecutor.runWorker(ThreadPoolExecutor.java:1134)
        at java.util.concurrent.ThreadPoolExecutor$Worker.run(ThreadPoolExecutor.java:624)
        at java.lang.Thread.run(Thread.java:750)
"ExpiredContainerReplicaOpScrubberThread" daemon prio=5 tid=498 timed_waiting
java.lang.Thread.State: TIMED_WAITING
        at java.lang.Object.wait(Native Method)
        at org.apache.hadoop.hdds.scm.ha.BackgroundSCMService.run(BackgroundSCMService.java:110)
        at org.apache.hadoop.hdds.scm.ha.BackgroundSCMService$$Lambda$675/1294019352.run(Unknown Source)
        at java.lang.Thread.run(Thread.java:750)
"Datanode ReportManager Thread - 4" daemon prio=5 tid=871 in Object.wait()
java.lang.Thread.State: WAITING (on object monitor)
        at sun.misc.Unsafe.park(Native Method)
        at java.util.concurrent.locks.LockSupport.park(LockSupport.java:175)
        at java.util.concurrent.locks.AbstractQueuedSynchronizer$ConditionObject.await(AbstractQueuedSynchronizer.java:2044)
        at java.util.concurrent.ScheduledThreadPoolExecutor$DelayedWorkQueue.take(ScheduledThreadPoolExecutor.java:1088)
        at java.util.concurrent.ScheduledThreadPoolExecutor$DelayedWorkQueue.take(ScheduledThreadPoolExecutor.java:809)
        at java.util.concurrent.ThreadPoolExecutor.getTask(ThreadPoolExecutor.java:1074)
        at java.util.concurrent.ThreadPoolExecutor.runWorker(ThreadPoolExecutor.java:1134)
        at java.util.concurrent.ThreadPoolExecutor$Worker.run(ThreadPoolExecutor.java:624)
        at java.lang.Thread.run(Thread.java:750)
"ExpiredContainerReplicaOpScrubberThread" daemon prio=5 tid=384 timed_waiting
java.lang.Thread.State: TIMED_WAITING
        at java.lang.Object.wait(Native Method)
        at org.apache.hadoop.hdds.scm.ha.BackgroundSCMService.run(BackgroundSCMService.java:110)
        at org.apache.hadoop.hdds.scm.ha.BackgroundSCMService$$Lambda$675/1294019352.run(Unknown Source)
        at java.lang.Thread.run(Thread.java:750)
"Listener at 127.0.0.1/40551" daemon prio=5 tid=12 runnable
java.lang.Thread.State: RUNNABLE
        at java.lang.Thread.dumpThreads(Native Method)
        at java.lang.Thread.getAllStackTraces(Thread.java:1615)
        at org.apache.ozone.test.TimedOutTestsListener.buildThreadDump(TimedOutTestsListener.java:93)
        at org.apache.ozone.test.TimedOutTestsListener.buildThreadDiagnosticString(TimedOutTestsListener.java:79)
        at org.apache.ozone.test.GenericTestUtils.waitFor(GenericTestUtils.java:224)
        at org.apache.hadoop.ozone.parser.TestOzoneHARatisLogParser.testRatisLogParsing(TestOzoneHARatisLogParser.java:129)
        at sun.reflect.NativeMethodAccessorImpl.invoke0(Native Method)
        at sun.reflect.NativeMethodAccessorImpl.invoke(NativeMethodAccessorImpl.java:62)
        at sun.reflect.DelegatingMethodAccessorImpl.invoke(DelegatingMethodAccessorImpl.java:43)
        at java.lang.reflect.Method.invoke(Method.java:498)
        at org.junit.runners.model.FrameworkMethod$1.runReflectiveCall(FrameworkMethod.java:59)
        at org.junit.internal.runners.model.ReflectiveCallable.run(ReflectiveCallable.java:12)
        at org.junit.runners.model.FrameworkMethod.invokeExplosively(FrameworkMethod.java:56)
        at org.junit.internal.runners.statements.InvokeMethod.evaluate(InvokeMethod.java:17)
        at org.junit.internal.runners.statements.RunBefores.evaluate(RunBefores.java:26)
        at org.junit.internal.runners.statements.RunAfters.evaluate(RunAfters.java:27)
        at org.junit.internal.runners.statements.FailOnTimeout$CallableStatement.call(FailOnTimeout.java:288)
        at org.junit.internal.runners.statements.FailOnTimeout$CallableStatement.call(FailOnTimeout.java:282)
        at java.util.concurrent.FutureTask.run(FutureTask.java:266)
        at java.lang.Thread.run(Thread.java:750)
"UnderReplicatedQueueThreadThread" daemon prio=5 tid=386 timed_waiting
java.lang.Thread.State: TIMED_WAITING
        at java.lang.Object.wait(Native Method)
        at org.apache.hadoop.hdds.scm.ha.BackgroundSCMService.run(BackgroundSCMService.java:110)
        at org.apache.hadoop.hdds.scm.ha.BackgroundSCMService$$Lambda$675/1294019352.run(Unknown Source)
        at java.lang.Thread.run(Thread.java:750)
"Finalizer" daemon prio=8 tid=3 in Object.wait()
java.lang.Thread.State: WAITING (on object monitor)
        at java.lang.Object.wait(Native Method)
        at java.lang.ref.ReferenceQueue.remove(ReferenceQueue.java:144)
        at java.lang.ref.ReferenceQueue.remove(ReferenceQueue.java:165)
        at java.lang.ref.Finalizer$FinalizerThread.run(Finalizer.java:216)
"IPC Parameter Sending Thread #0" daemon prio=5 tid=272 timed_waiting
java.lang.Thread.State: TIMED_WAITING
        at sun.misc.Unsafe.park(Native Method)
        at java.util.concurrent.locks.LockSupport.parkNanos(LockSupport.java:215)
        at java.util.concurrent.SynchronousQueue$TransferStack.awaitFulfill(SynchronousQueue.java:460)
        at java.util.concurrent.SynchronousQueue$TransferStack.transfer(SynchronousQueue.java:362)
        at java.util.concurrent.SynchronousQueue.poll(SynchronousQueue.java:941)
        at java.util.concurrent.ThreadPoolExecutor.getTask(ThreadPoolExecutor.java:1073)
        at java.util.concurrent.ThreadPoolExecutor.runWorker(ThreadPoolExecutor.java:1134)
        at java.util.concurrent.ThreadPoolExecutor$Worker.run(ThreadPoolExecutor.java:624)
        at java.lang.Thread.run(Thread.java:750)
"Datanode ReportManager Thread - 2" daemon prio=5 tid=869 in Object.wait()
java.lang.Thread.State: WAITING (on object monitor)
        at sun.misc.Unsafe.park(Native Method)
        at java.util.concurrent.locks.LockSupport.park(LockSupport.java:175)
        at java.util.concurrent.locks.AbstractQueuedSynchronizer$ConditionObject.await(AbstractQueuedSynchronizer.java:2044)
        at java.util.concurrent.ScheduledThreadPoolExecutor$DelayedWorkQueue.take(ScheduledThreadPoolExecutor.java:1088)
        at java.util.concurrent.ScheduledThreadPoolExecutor$DelayedWorkQueue.take(ScheduledThreadPoolExecutor.java:809)
        at java.util.concurrent.ThreadPoolExecutor.getTask(ThreadPoolExecutor.java:1074)
        at java.util.concurrent.ThreadPoolExecutor.runWorker(ThreadPoolExecutor.java:1134)
        at java.util.concurrent.ThreadPoolExecutor$Worker.run(ThreadPoolExecutor.java:624)
        at java.lang.Thread.run(Thread.java:750)
"EndpointStateMachine task thread for /127.0.0.1:38463 - 0 "  prio=5 tid=917 blocked
java.lang.Thread.State: BLOCKED
        at org.apache.hadoop.ipc.Client$Connection.addCall(Client.java:522)
        at org.apache.hadoop.ipc.Client$Connection.access$3700(Client.java:414)
        at org.apache.hadoop.ipc.Client.getConnection(Client.java:1634)
        at org.apache.hadoop.ipc.Client.call(Client.java:1463)
        at org.apache.hadoop.ipc.Client.call(Client.java:1416)
        at org.apache.hadoop.ipc.ProtobufRpcEngine$Invoker.invoke(ProtobufRpcEngine.java:236)
        at org.apache.hadoop.ipc.ProtobufRpcEngine$Invoker.invoke(ProtobufRpcEngine.java:123)
        at com.sun.proxy.$Proxy51.submitRequest(Unknown Source)
        at org.apache.hadoop.ozone.protocolPB.StorageContainerDatanodeProtocolClientSideTranslatorPB.submitRequest(StorageContainerDatanodeProtocolClientSideTranslatorPB.java:117)
        at org.apache.hadoop.ozone.protocolPB.StorageContainerDatanodeProtocolClientSideTranslatorPB.sendHeartbeat(StorageContainerDatanodeProtocolClientSideTranslatorPB.java:149)
        at org.apache.hadoop.ozone.container.common.states.endpoint.HeartbeatEndpointTask.call(HeartbeatEndpointTask.java:185)
        at org.apache.hadoop.ozone.container.common.states.endpoint.HeartbeatEndpointTask.call(HeartbeatEndpointTask.java:87)
        at java.util.concurrent.FutureTask.run(FutureTask.java:266)
        at java.util.concurrent.ThreadPoolExecutor.runWorker(ThreadPoolExecutor.java:1149)
        at java.util.concurrent.ThreadPoolExecutor$Worker.run(ThreadPoolExecutor.java:624)
        at java.lang.Thread.run(Thread.java:750)
"Datanode ReportManager Thread - 3" daemon prio=5 tid=812 in Object.wait()
java.lang.Thread.State: WAITING (on object monitor)
        at sun.misc.Unsafe.park(Native Method)
        at java.util.concurrent.locks.LockSupport.park(LockSupport.java:175)
        at java.util.concurrent.locks.AbstractQueuedSynchronizer$ConditionObject.await(AbstractQueuedSynchronizer.java:2044)
        at java.util.concurrent.ScheduledThreadPoolExecutor$DelayedWorkQueue.take(ScheduledThreadPoolExecutor.java:1088)
        at java.util.concurrent.ScheduledThreadPoolExecutor$DelayedWorkQueue.take(ScheduledThreadPoolExecutor.java:809)
        at java.util.concurrent.ThreadPoolExecutor.getTask(ThreadPoolExecutor.java:1074)
        at java.util.concurrent.ThreadPoolExecutor.runWorker(ThreadPoolExecutor.java:1134)
        at java.util.concurrent.ThreadPoolExecutor$Worker.run(ThreadPoolExecutor.java:624)
        at java.lang.Thread.run(Thread.java:750)
"EndpointStateMachine task thread for /127.0.0.1:41671 - 0 "  prio=5 tid=918 blocked
java.lang.Thread.State: BLOCKED
        at org.apache.hadoop.ipc.Client$Connection.addCall(Client.java:522)
        at org.apache.hadoop.ipc.Client$Connection.access$3700(Client.java:414)
        at org.apache.hadoop.ipc.Client.getConnection(Client.java:1634)
        at org.apache.hadoop.ipc.Client.call(Client.java:1463)
        at org.apache.hadoop.ipc.Client.call(Client.java:1416)
        at org.apache.hadoop.ipc.ProtobufRpcEngine$Invoker.invoke(ProtobufRpcEngine.java:236)
        at org.apache.hadoop.ipc.ProtobufRpcEngine$Invoker.invoke(ProtobufRpcEngine.java:123)
        at com.sun.proxy.$Proxy51.submitRequest(Unknown Source)
        at org.apache.hadoop.ozone.protocolPB.StorageContainerDatanodeProtocolClientSideTranslatorPB.submitRequest(StorageContainerDatanodeProtocolClientSideTranslatorPB.java:117)
        at org.apache.hadoop.ozone.protocolPB.StorageContainerDatanodeProtocolClientSideTranslatorPB.sendHeartbeat(StorageContainerDatanodeProtocolClientSideTranslatorPB.java:149)
        at org.apache.hadoop.ozone.container.common.states.endpoint.HeartbeatEndpointTask.call(HeartbeatEndpointTask.java:185)
        at org.apache.hadoop.ozone.container.common.states.endpoint.HeartbeatEndpointTask.call(HeartbeatEndpointTask.java:87)
        at java.util.concurrent.FutureTask.run(FutureTask.java:266)
        at java.util.concurrent.ThreadPoolExecutor.runWorker(ThreadPoolExecutor.java:1149)
        at java.util.concurrent.ThreadPoolExecutor$Worker.run(ThreadPoolExecutor.java:624)
        at java.lang.Thread.run(Thread.java:750)
"Datanode ReportManager Thread - 3" daemon prio=5 tid=844 in Object.wait()
java.lang.Thread.State: WAITING (on object monitor)
        at sun.misc.Unsafe.park(Native Method)
        at java.util.concurrent.locks.LockSupport.park(LockSupport.java:175)
        at java.util.concurrent.locks.AbstractQueuedSynchronizer$ConditionObject.await(AbstractQueuedSynchronizer.java:2044)
        at java.util.concurrent.ScheduledThreadPoolExecutor$DelayedWorkQueue.take(ScheduledThreadPoolExecutor.java:1088)
        at java.util.concurrent.ScheduledThreadPoolExecutor$DelayedWorkQueue.take(ScheduledThreadPoolExecutor.java:809)
        at java.util.concurrent.ThreadPoolExecutor.getTask(ThreadPoolExecutor.java:1074)
        at java.util.concurrent.ThreadPoolExecutor.runWorker(ThreadPoolExecutor.java:1134)
        at java.util.concurrent.ThreadPoolExecutor$Worker.run(ThreadPoolExecutor.java:624)
        at java.lang.Thread.run(Thread.java:750)
"Datanode ReportManager Thread - 2" daemon prio=5 tid=811 timed_waiting
java.lang.Thread.State: TIMED_WAITING
        at sun.misc.Unsafe.park(Native Method)
        at java.util.concurrent.locks.LockSupport.parkNanos(LockSupport.java:215)
        at java.util.concurrent.locks.AbstractQueuedSynchronizer$ConditionObject.awaitNanos(AbstractQueuedSynchronizer.java:2083)
        at java.util.concurrent.ScheduledThreadPoolExecutor$DelayedWorkQueue.take(ScheduledThreadPoolExecutor.java:1093)
        at java.util.concurrent.ScheduledThreadPoolExecutor$DelayedWorkQueue.take(ScheduledThreadPoolExecutor.java:809)
        at java.util.concurrent.ThreadPoolExecutor.getTask(ThreadPoolExecutor.java:1074)
        at java.util.concurrent.ThreadPoolExecutor.runWorker(ThreadPoolExecutor.java:1134)
        at java.util.concurrent.ThreadPoolExecutor$Worker.run(ThreadPoolExecutor.java:624)
        at java.lang.Thread.run(Thread.java:750)
"EndpointStateMachine task thread for /127.0.0.1:42041 - 0 "  prio=5 tid=937 blocked
java.lang.Thread.State: BLOCKED
        at org.apache.hadoop.ipc.Client$Connection.addCall(Client.java:522)
        at org.apache.hadoop.ipc.Client$Connection.access$3700(Client.java:414)
        at org.apache.hadoop.ipc.Client.getConnection(Client.java:1634)
        at org.apache.hadoop.ipc.Client.call(Client.java:1463)
        at org.apache.hadoop.ipc.Client.call(Client.java:1416)
        at org.apache.hadoop.ipc.ProtobufRpcEngine$Invoker.invoke(ProtobufRpcEngine.java:236)
        at org.apache.hadoop.ipc.ProtobufRpcEngine$Invoker.invoke(ProtobufRpcEngine.java:123)
        at com.sun.proxy.$Proxy51.submitRequest(Unknown Source)
        at org.apache.hadoop.ozone.protocolPB.StorageContainerDatanodeProtocolClientSideTranslatorPB.submitRequest(StorageContainerDatanodeProtocolClientSideTranslatorPB.java:117)
        at org.apache.hadoop.ozone.protocolPB.StorageContainerDatanodeProtocolClientSideTranslatorPB.sendHeartbeat(StorageContainerDatanodeProtocolClientSideTranslatorPB.java:149)
        at org.apache.hadoop.ozone.container.common.states.endpoint.HeartbeatEndpointTask.call(HeartbeatEndpointTask.java:185)
        at org.apache.hadoop.ozone.container.common.states.endpoint.HeartbeatEndpointTask.call(HeartbeatEndpointTask.java:87)
        at java.util.concurrent.FutureTask.run(FutureTask.java:266)
        at java.util.concurrent.ThreadPoolExecutor.runWorker(ThreadPoolExecutor.java:1149)
        at java.util.concurrent.ThreadPoolExecutor$Worker.run(ThreadPoolExecutor.java:624)
        at java.lang.Thread.run(Thread.java:750)
"UnderReplicatedQueueThreadThread" daemon prio=5 tid=37 timed_waiting
java.lang.Thread.State: TIMED_WAITING
        at java.lang.Object.wait(Native Method)
        at org.apache.hadoop.hdds.scm.ha.BackgroundSCMService.run(BackgroundSCMService.java:110)
        at org.apache.hadoop.hdds.scm.ha.BackgroundSCMService$$Lambda$675/1294019352.run(Unknown Source)
        at java.lang.Thread.run(Thread.java:750)
"surefire-forkedjvm-command-thread" daemon prio=5 tid=10 runnable
java.lang.Thread.State: RUNNABLE
        at java.io.FileInputStream.readBytes(Native Method)
        at java.io.FileInputStream.read(FileInputStream.java:255)
        at java.io.BufferedInputStream.read1(BufferedInputStream.java:284)
        at java.io.BufferedInputStream.read(BufferedInputStream.java:345)
        at java.io.BufferedInputStream.fill(BufferedInputStream.java:246)
        at java.io.BufferedInputStream.read1(BufferedInputStream.java:286)
        at java.io.BufferedInputStream.read(BufferedInputStream.java:345)
        at org.apache.maven.surefire.api.util.internal.Channels$3.readImpl(Channels.java:214)
        at org.apache.maven.surefire.api.util.internal.AbstractNoninterruptibleReadableChannel.read(AbstractNoninterruptibleReadableChannel.java:54)
        at org.apache.maven.surefire.booter.spi.LegacyMasterProcessChannelDecoder.decode(LegacyMasterProcessChannelDecoder.java:80)
        at org.apache.maven.surefire.booter.CommandReader$CommandRunnable.run(CommandReader.java:343)
        at java.lang.Thread.run(Thread.java:750)
"FullTableCache Cleanup Thread - 0" daemon prio=5 tid=1142 in Object.wait()
java.lang.Thread.State: WAITING (on object monitor)
        at sun.misc.Unsafe.park(Native Method)
        at java.util.concurrent.locks.LockSupport.park(LockSupport.java:175)
        at java.util.concurrent.locks.AbstractQueuedSynchronizer$ConditionObject.await(AbstractQueuedSynchronizer.java:2044)
        at java.util.concurrent.LinkedBlockingQueue.take(LinkedBlockingQueue.java:442)
        at java.util.concurrent.ThreadPoolExecutor.getTask(ThreadPoolExecutor.java:1074)
        at java.util.concurrent.ThreadPoolExecutor.runWorker(ThreadPoolExecutor.java:1134)
        at java.util.concurrent.ThreadPoolExecutor$Worker.run(ThreadPoolExecutor.java:624)
        at java.lang.Thread.run(Thread.java:750)
"Datanode ReportManager Thread - 3" daemon prio=5 tid=870 timed_waiting
java.lang.Thread.State: TIMED_WAITING
        at sun.misc.Unsafe.park(Native Method)
        at java.util.concurrent.locks.LockSupport.parkNanos(LockSupport.java:215)
        at java.util.concurrent.locks.AbstractQueuedSynchronizer$ConditionObject.awaitNanos(AbstractQueuedSynchronizer.java:2083)
        at java.util.concurrent.ScheduledThreadPoolExecutor$DelayedWorkQueue.take(ScheduledThreadPoolExecutor.java:1093)
        at java.util.concurrent.ScheduledThreadPoolExecutor$DelayedWorkQueue.take(ScheduledThreadPoolExecutor.java:809)
        at java.util.concurrent.ThreadPoolExecutor.getTask(ThreadPoolExecutor.java:1074)
        at java.util.concurrent.ThreadPoolExecutor.runWorker(ThreadPoolExecutor.java:1134)
        at java.util.concurrent.ThreadPoolExecutor$Worker.run(ThreadPoolExecutor.java:624)
        at java.lang.Thread.run(Thread.java:750)
"SSL Certificates Store Monitor" daemon prio=5 tid=608 in Object.wait()
java.lang.Thread.State: WAITING (on object monitor)
        at java.lang.Object.wait(Native Method)
        at java.lang.Object.wait(Object.java:502)
        at java.util.TimerThread.mainLoop(Timer.java:526)
        at java.util.TimerThread.run(Timer.java:505)
"FullTableCache Cleanup Thread - 0" daemon prio=5 tid=1146 in Object.wait()
java.lang.Thread.State: WAITING (on object monitor)
        at sun.misc.Unsafe.park(Native Method)
        at java.util.concurrent.locks.LockSupport.park(LockSupport.java:175)
        at java.util.concurrent.locks.AbstractQueuedSynchronizer$ConditionObject.await(AbstractQueuedSynchronizer.java:2044)
        at java.util.concurrent.LinkedBlockingQueue.take(LinkedBlockingQueue.java:442)
        at java.util.concurrent.ThreadPoolExecutor.getTask(ThreadPoolExecutor.java:1074)
        at java.util.concurrent.ThreadPoolExecutor.runWorker(ThreadPoolExecutor.java:1134)
        at java.util.concurrent.ThreadPoolExecutor$Worker.run(ThreadPoolExecutor.java:624)
        at java.lang.Thread.run(Thread.java:750)
"Datanode ReportManager Thread - 2" daemon prio=5 tid=843 in Object.wait()
java.lang.Thread.State: WAITING (on object monitor)
        at sun.misc.Unsafe.park(Native Method)
        at java.util.concurrent.locks.LockSupport.park(LockSupport.java:175)
        at java.util.concurrent.locks.AbstractQueuedSynchronizer$ConditionObject.await(AbstractQueuedSynchronizer.java:2044)
        at java.util.concurrent.ScheduledThreadPoolExecutor$DelayedWorkQueue.take(ScheduledThreadPoolExecutor.java:1088)
        at java.util.concurrent.ScheduledThreadPoolExecutor$DelayedWorkQueue.take(ScheduledThreadPoolExecutor.java:809)
        at java.util.concurrent.ThreadPoolExecutor.getTask(ThreadPoolExecutor.java:1074)
        at java.util.concurrent.ThreadPoolExecutor.runWorker(ThreadPoolExecutor.java:1134)
        at java.util.concurrent.ThreadPoolExecutor$Worker.run(ThreadPoolExecutor.java:624)
        at java.lang.Thread.run(Thread.java:750)
"EndpointStateMachine task thread for /127.0.0.1:41671 - 0 "  prio=5 tid=936 timed_waiting
java.lang.Thread.State: TIMED_WAITING
        at java.lang.Thread.sleep(Native Method)
        at org.apache.hadoop.ipc.Client$Connection.handleConnectionFailure(Client.java:972)
        at org.apache.hadoop.ipc.Client$Connection.setupConnection(Client.java:724)
        at org.apache.hadoop.ipc.Client$Connection.setupIOstreams(Client.java:822)
        at org.apache.hadoop.ipc.Client$Connection.access$3800(Client.java:414)
        at org.apache.hadoop.ipc.Client.getConnection(Client.java:1647)
        at org.apache.hadoop.ipc.Client.call(Client.java:1463)
        at org.apache.hadoop.ipc.Client.call(Client.java:1416)
        at org.apache.hadoop.ipc.ProtobufRpcEngine$Invoker.invoke(ProtobufRpcEngine.java:236)
        at org.apache.hadoop.ipc.ProtobufRpcEngine$Invoker.invoke(ProtobufRpcEngine.java:123)
        at com.sun.proxy.$Proxy51.submitRequest(Unknown Source)
        at org.apache.hadoop.ozone.protocolPB.StorageContainerDatanodeProtocolClientSideTranslatorPB.submitRequest(StorageContainerDatanodeProtocolClientSideTranslatorPB.java:117)
        at org.apache.hadoop.ozone.protocolPB.StorageContainerDatanodeProtocolClientSideTranslatorPB.sendHeartbeat(StorageContainerDatanodeProtocolClientSideTranslatorPB.java:149)
        at org.apache.hadoop.ozone.container.common.states.endpoint.HeartbeatEndpointTask.call(HeartbeatEndpointTask.java:185)
        at org.apache.hadoop.ozone.container.common.states.endpoint.HeartbeatEndpointTask.call(HeartbeatEndpointTask.java:87)
        at java.util.concurrent.FutureTask.run(FutureTask.java:266)
        at java.util.concurrent.ThreadPoolExecutor.runWorker(ThreadPoolExecutor.java:1149)
        at java.util.concurrent.ThreadPoolExecutor$Worker.run(ThreadPoolExecutor.java:624)
        at java.lang.Thread.run(Thread.java:750)
"org.apache.hadoop.ozone.container.common.statemachine.commandhandler.DeleteBlocksCommandHandler$DeleteCmdWorker@76bbdfc2" daemon prio=5 tid=829 runnable
java.lang.Thread.State: RUNNABLE
        at java.lang.Throwable.fillInStackTrace(Native Method)
        at java.lang.Throwable.fillInStackTrace(Throwable.java:784)
        at java.lang.Throwable.<init>(Throwable.java:266)
        at java.lang.Exception.<init>(Exception.java:66)
        at java.lang.InterruptedException.<init>(InterruptedException.java:67)
        at java.lang.Thread.sleep(Native Method)
        at org.apache.hadoop.ozone.container.common.statemachine.commandhandler.DeleteBlocksCommandHandler$DeleteCmdWorker.run(DeleteBlocksCommandHandler.java:185)
        at java.lang.Thread.run(Thread.java:750)
"OverReplicatedQueueThreadThread" daemon prio=5 tid=387 timed_waiting
java.lang.Thread.State: TIMED_WAITING
        at java.lang.Object.wait(Native Method)
        at org.apache.hadoop.hdds.scm.ha.BackgroundSCMService.run(BackgroundSCMService.java:110)
        at org.apache.hadoop.hdds.scm.ha.BackgroundSCMService$$Lambda$675/1294019352.run(Unknown Source)
        at java.lang.Thread.run(Thread.java:750)
"Datanode ReportManager Thread - 4" daemon prio=5 tid=845 in Object.wait()
java.lang.Thread.State: WAITING (on object monitor)
        at sun.misc.Unsafe.park(Native Method)
        at java.util.concurrent.locks.LockSupport.park(LockSupport.java:175)
        at java.util.concurrent.locks.AbstractQueuedSynchronizer$ConditionObject.await(AbstractQueuedSynchronizer.java:2044)
        at java.util.concurrent.ScheduledThreadPoolExecutor$DelayedWorkQueue.take(ScheduledThreadPoolExecutor.java:1088)
        at java.util.concurrent.ScheduledThreadPoolExecutor$DelayedWorkQueue.take(ScheduledThreadPoolExecutor.java:809)
        at java.util.concurrent.ThreadPoolExecutor.getTask(ThreadPoolExecutor.java:1074)
        at java.util.concurrent.ThreadPoolExecutor.runWorker(ThreadPoolExecutor.java:1134)
        at java.util.concurrent.ThreadPoolExecutor$Worker.run(ThreadPoolExecutor.java:624)
        at java.lang.Thread.run(Thread.java:750)
"Datanode ReportManager Thread - 1" daemon prio=5 tid=842 in Object.wait()
java.lang.Thread.State: WAITING (on object monitor)
        at sun.misc.Unsafe.park(Native Method)
        at java.util.concurrent.locks.LockSupport.park(LockSupport.java:175)
        at java.util.concurrent.locks.AbstractQueuedSynchronizer$ConditionObject.await(AbstractQueuedSynchronizer.java:2044)
        at java.util.concurrent.ScheduledThreadPoolExecutor$DelayedWorkQueue.take(ScheduledThreadPoolExecutor.java:1088)
        at java.util.concurrent.ScheduledThreadPoolExecutor$DelayedWorkQueue.take(ScheduledThreadPoolExecutor.java:809)
        at java.util.concurrent.ThreadPoolExecutor.getTask(ThreadPoolExecutor.java:1074)
        at java.util.concurrent.ThreadPoolExecutor.runWorker(ThreadPoolExecutor.java:1134)
        at java.util.concurrent.ThreadPoolExecutor$Worker.run(ThreadPoolExecutor.java:624)
        at java.lang.Thread.run(Thread.java:750)
"Datanode ReportManager Thread - 0" daemon prio=5 tid=809 in Object.wait()
java.lang.Thread.State: WAITING (on object monitor)
        at sun.misc.Unsafe.park(Native Method)
        at java.util.concurrent.locks.LockSupport.park(LockSupport.java:175)
        at java.util.concurrent.locks.AbstractQueuedSynchronizer$ConditionObject.await(AbstractQueuedSynchronizer.java:2044)
        at java.util.concurrent.ScheduledThreadPoolExecutor$DelayedWorkQueue.take(ScheduledThreadPoolExecutor.java:1088)
        at java.util.concurrent.ScheduledThreadPoolExecutor$DelayedWorkQueue.take(ScheduledThreadPoolExecutor.java:809)
        at java.util.concurrent.ThreadPoolExecutor.getTask(ThreadPoolExecutor.java:1074)
        at java.util.concurrent.ThreadPoolExecutor.runWorker(ThreadPoolExecutor.java:1134)
        at java.util.concurrent.ThreadPoolExecutor$Worker.run(ThreadPoolExecutor.java:624)
        at java.lang.Thread.run(Thread.java:750)
"OverReplicatedQueueThreadThread" daemon prio=5 tid=38 timed_waiting
java.lang.Thread.State: TIMED_WAITING
        at java.lang.Object.wait(Native Method)
        at org.apache.hadoop.hdds.scm.ha.BackgroundSCMService.run(BackgroundSCMService.java:110)
        at org.apache.hadoop.hdds.scm.ha.BackgroundSCMService$$Lambda$675/1294019352.run(Unknown Source)
        at java.lang.Thread.run(Thread.java:750)
"org.apache.hadoop.ozone.container.common.statemachine.commandhandler.DeleteBlocksCommandHandler$DeleteCmdWorker@1033f1dd" daemon prio=5 tid=795 runnable
java.lang.Thread.State: RUNNABLE
        at java.lang.Thread.sleep(Native Method)
        at org.apache.hadoop.ozone.container.common.statemachine.commandhandler.DeleteBlocksCommandHandler$DeleteCmdWorker.run(DeleteBlocksCommandHandler.java:185)
        at java.lang.Thread.run(Thread.java:750)


	at org.apache.ozone.test.GenericTestUtils.waitFor(GenericTestUtils.java:224)
	at org.apache.hadoop.ozone.parser.TestOzoneHARatisLogParser.testRatisLogParsing(TestOzoneHARatisLogParser.java:129)
	at sun.reflect.NativeMethodAccessorImpl.invoke0(Native Method)
	at sun.reflect.NativeMethodAccessorImpl.invoke(NativeMethodAccessorImpl.java:62)
	at sun.reflect.DelegatingMethodAccessorImpl.invoke(DelegatingMethodAccessorImpl.java:43)
	at java.lang.reflect.Method.invoke(Method.java:498)
	at org.junit.runners.model.FrameworkMethod$1.runReflectiveCall(FrameworkMethod.java:59)
	at org.junit.internal.runners.model.ReflectiveCallable.run(ReflectiveCallable.java:12)
	at org.junit.runners.model.FrameworkMethod.invokeExplosively(FrameworkMethod.java:56)
	at org.junit.internal.runners.statements.InvokeMethod.evaluate(InvokeMethod.java:17)
	at org.junit.internal.runners.statements.RunBefores.evaluate(RunBefores.java:26)
	at org.junit.internal.runners.statements.RunAfters.evaluate(RunAfters.java:27)
	at org.junit.internal.runners.statements.FailOnTimeout$CallableStatement.call(FailOnTimeout.java:288)
	at org.junit.internal.runners.statements.FailOnTimeout$CallableStatement.call(FailOnTimeout.java:282)
	at java.util.concurrent.FutureTask.run(FutureTask.java:266)
	at java.lang.Thread.run(Thread.java:750)
]]></error>
    <system-out><![CDATA[2022-09-01 11:50:36,662 [Time-limited test] WARN  server.ServerUtils (ServerUtils.java:getScmDbDir(148)) - ozone.scm.db.dirs is not configured. We recommend adding this setting. Falling back to ozone.metadata.dirs instead.
2022-09-01 11:50:36,722 [Time-limited test] INFO  ha.SCMHANodeDetails (SCMHANodeDetails.java:loadSCMHAConfig(209)) - ServiceID for StorageContainerManager is scmServiceId
2022-09-01 11:50:36,734 [Time-limited test] INFO  ha.SCMHANodeDetails (SCMHANodeDetails.java:loadSCMHAConfig(220)) - ServiceID for StorageContainerManager is scmServiceId
2022-09-01 11:50:36,831 [Time-limited test] WARN  scm.ScmUtils (ScmUtils.java:logWarn(179)) - ConfigKey ozone.scm.block.client.address is deprecated, For configuring different ports for each SCM use PortConfigKey ozone.scm.block.client.port appended with serviceId and nodeId. If want to configure same port configure ozone.scm.block.client.port
2022-09-01 11:50:36,831 [Time-limited test] WARN  scm.ScmUtils (ScmUtils.java:logWarn(179)) - ConfigKey ozone.scm.client.address is deprecated, For configuring different ports for each SCM use PortConfigKey ozone.scm.client.port appended with serviceId and nodeId. If want to configure same port configure ozone.scm.client.port
2022-09-01 11:50:36,832 [Time-limited test] WARN  scm.ScmUtils (ScmUtils.java:logWarn(179)) - ConfigKey ozone.scm.datanode.address is deprecated, For configuring different ports for each SCM use PortConfigKey ozone.scm.datanode.port appended with serviceId and nodeId. If want to configure same port configure ozone.scm.datanode.port
2022-09-01 11:50:36,835 [Time-limited test] WARN  scm.ScmUtils (ScmUtils.java:logWarn(179)) - ConfigKey ozone.scm.block.client.address is deprecated, For configuring different ports for each SCM use PortConfigKey ozone.scm.block.client.port appended with serviceId and nodeId. If want to configure same port configure ozone.scm.block.client.port
2022-09-01 11:50:36,836 [Time-limited test] WARN  scm.ScmUtils (ScmUtils.java:logWarn(179)) - ConfigKey ozone.scm.client.address is deprecated, For configuring different ports for each SCM use PortConfigKey ozone.scm.client.port appended with serviceId and nodeId. If want to configure same port configure ozone.scm.client.port
2022-09-01 11:50:36,836 [Time-limited test] WARN  scm.ScmUtils (ScmUtils.java:logWarn(179)) - ConfigKey ozone.scm.datanode.address is deprecated, For configuring different ports for each SCM use PortConfigKey ozone.scm.datanode.port appended with serviceId and nodeId. If want to configure same port configure ozone.scm.datanode.port
2022-09-01 11:50:36,837 [Time-limited test] INFO  ha.SCMHANodeDetails (SCMHANodeDetails.java:loadSCMHAConfig(307)) - Found matching SCM address with SCMServiceId: scmServiceId, SCMNodeId: scmNode-1, RPC Address: localhost:44617 and Ratis port: 44617
2022-09-01 11:50:36,838 [Time-limited test] INFO  ha.SCMHANodeDetails (ConfUtils.java:setNodeSpecificConfigs(97)) - Setting configuration key ozone.scm.datanode.address with value of key ozone.scm.datanode.address.scmServiceId.scmNode-1: 127.0.0.1:42041
2022-09-01 11:50:36,838 [Time-limited test] INFO  ha.SCMHANodeDetails (ConfUtils.java:setNodeSpecificConfigs(97)) - Setting configuration key ozone.scm.block.client.address with value of key ozone.scm.block.client.address.scmServiceId.scmNode-1: 127.0.0.1:45865
2022-09-01 11:50:36,838 [Time-limited test] INFO  ha.SCMHANodeDetails (ConfUtils.java:setNodeSpecificConfigs(97)) - Setting configuration key ozone.scm.client.address with value of key ozone.scm.client.address.scmServiceId.scmNode-1: 127.0.0.1:41613
2022-09-01 11:50:36,840 [Time-limited test] INFO  ha.SCMHANodeDetails (ConfUtils.java:setNodeSpecificConfigs(97)) - Setting configuration key ozone.scm.ratis.port with value of key ozone.scm.ratis.port.scmServiceId.scmNode-1: 44617
2022-09-01 11:50:36,840 [Time-limited test] INFO  ha.SCMHANodeDetails (ConfUtils.java:setNodeSpecificConfigs(97)) - Setting configuration key ozone.scm.grpc.port with value of key ozone.scm.grpc.port.scmServiceId.scmNode-1: 37549
2022-09-01 11:50:36,841 [Time-limited test] INFO  ha.SCMHANodeDetails (ConfUtils.java:setNodeSpecificConfigs(97)) - Setting configuration key ozone.scm.http-address with value of key ozone.scm.http-address.scmServiceId.scmNode-1: 127.0.0.1:37775
2022-09-01 11:50:36,842 [Time-limited test] INFO  ha.SCMHANodeDetails (ConfUtils.java:setNodeSpecificConfigs(97)) - Setting configuration key ozone.scm.https-address with value of key ozone.scm.https-address.scmServiceId.scmNode-1: 127.0.0.1:44481
2022-09-01 11:50:36,843 [Time-limited test] INFO  ha.SCMHANodeDetails (ConfUtils.java:setNodeSpecificConfigs(97)) - Setting configuration key ozone.scm.address with value of key ozone.scm.address.scmServiceId.scmNode-1: 127.0.0.1
2022-09-01 11:50:36,843 [Time-limited test] WARN  scm.ScmUtils (ScmUtils.java:logWarn(179)) - ConfigKey ozone.scm.block.client.address is deprecated, For configuring different ports for each SCM use PortConfigKey ozone.scm.block.client.port appended with serviceId and nodeId. If want to configure same port configure ozone.scm.block.client.port
2022-09-01 11:50:36,844 [Time-limited test] WARN  scm.ScmUtils (ScmUtils.java:logWarn(179)) - ConfigKey ozone.scm.client.address is deprecated, For configuring different ports for each SCM use PortConfigKey ozone.scm.client.port appended with serviceId and nodeId. If want to configure same port configure ozone.scm.client.port
2022-09-01 11:50:36,845 [Time-limited test] WARN  scm.ScmUtils (ScmUtils.java:logWarn(179)) - ConfigKey ozone.scm.datanode.address is deprecated, For configuring different ports for each SCM use PortConfigKey ozone.scm.datanode.port appended with serviceId and nodeId. If want to configure same port configure ozone.scm.datanode.port
2022-09-01 11:50:36,953 [Time-limited test] INFO  server.RaftServer (ConfUtils.java:logGet(46)) - raft.rpc.type = GRPC (default)
2022-09-01 11:50:37,066 [Time-limited test] INFO  grpc.GrpcFactory (GrpcFactory.java:checkPooledByteBufAllocatorUseCacheForAllThreads(48)) - PERFORMANCE WARNING: useCacheForAllThreads is true that may cause Netty to create a lot garbage objects and, as a result, trigger GC.
	It is recommended to disable useCacheForAllThreads by setting -Dorg.apache.ratis.thirdparty.io.netty.allocator.useCacheForAllThreads=false in command line.
2022-09-01 11:50:37,070 [Time-limited test] INFO  grpc.GrpcConfigKeys (ConfUtils.java:logGet(46)) - raft.grpc.admin.port = -1 (default)
2022-09-01 11:50:37,071 [Time-limited test] INFO  grpc.GrpcConfigKeys (ConfUtils.java:logGet(46)) - raft.grpc.server.port = 44617 (custom)
2022-09-01 11:50:37,072 [Time-limited test] INFO  grpc.GrpcConfigKeys (ConfUtils.java:logGet(46)) - raft.grpc.client.port = -1 (default)
2022-09-01 11:50:37,072 [Time-limited test] INFO  grpc.GrpcConfigKeys (ConfUtils.java:logGet(46)) - raft.grpc.server.port = 44617 (custom)
2022-09-01 11:50:37,072 [Time-limited test] INFO  grpc.GrpcConfigKeys (ConfUtils.java:logGet(46)) - raft.grpc.server.port = 44617 (custom)
2022-09-01 11:50:37,073 [Time-limited test] INFO  server.GrpcService (ConfUtils.java:logGet(46)) - raft.grpc.message.size.max = 32m (=33554432) (custom)
2022-09-01 11:50:37,075 [Time-limited test] INFO  server.RaftServerConfigKeys (ConfUtils.java:logGet(46)) - raft.server.log.appender.buffer.byte-limit = 33554432 (custom)
2022-09-01 11:50:37,075 [Time-limited test] INFO  server.GrpcService (ConfUtils.java:logGet(46)) - raft.grpc.flow.control.window = 1MB (=1048576) (default)
2022-09-01 11:50:37,076 [Time-limited test] INFO  server.RaftServerConfigKeys (ConfUtils.java:logGet(46)) - raft.server.rpc.request.timeout = 30000ms (custom)
2022-09-01 11:50:37,107 [Time-limited test] INFO  grpc.GrpcConfigKeys (ConfUtils.java:logGet(46)) - raft.grpc.server.async.request.thread.pool.cached = true (default)
2022-09-01 11:50:37,108 [Time-limited test] INFO  grpc.GrpcConfigKeys (ConfUtils.java:logGet(46)) - raft.grpc.server.async.request.thread.pool.size = 32 (default)
2022-09-01 11:50:37,484 [Time-limited test] INFO  impl.DataStreamServerImpl (ConfUtils.java:logGet(46)) - raft.datastream.type = DISABLED (default)
2022-09-01 11:50:37,488 [Time-limited test] INFO  server.RaftServerConfigKeys (ConfUtils.java:logGet(46)) - raft.server.threadpool.proxy.cached = true (default)
2022-09-01 11:50:37,488 [Time-limited test] INFO  server.RaftServerConfigKeys (ConfUtils.java:logGet(46)) - raft.server.threadpool.proxy.size = 0 (default)
2022-09-01 11:50:37,488 [Time-limited test] INFO  server.RaftServerConfigKeys (ConfUtils.java:logGet(46)) - raft.server.rpc.slowness.timeout = 120000ms (custom)
2022-09-01 11:50:37,489 [Time-limited test] INFO  server.RaftServerConfigKeys (ConfUtils.java:logGet(46)) - raft.server.leaderelection.leader.step-down.wait-time = 10s (default)
2022-09-01 11:50:37,492 [Time-limited test] INFO  server.RaftServerConfigKeys (ConfUtils.java:logGet(46)) - raft.server.storage.dir = [/home/runner/work/ozone/ozone/hadoop-ozone/integration-test/target/test-dir/MiniOzoneClusterImpl-a1c451f0-9b10-458f-87dd-1ed43301bce6/scmNode-1/scm-ha] (custom)
2022-09-01 11:50:37,503 [Time-limited test] INFO  server.RaftServer (RaftServerProxy.java:addNew(96)) - 76b5452b-5401-496a-924e-e3833b3fb27e: addNew group-1ED43301BCE6:[76b5452b-5401-496a-924e-e3833b3fb27e|rpc:localhost:44617|priority:0] returns group-1ED43301BCE6:java.util.concurrent.CompletableFuture@47818daf[Not completed]
2022-09-01 11:50:37,528 [pool-2-thread-1] INFO  server.RaftServer$Division (RaftServerImpl.java:<init>(190)) - 76b5452b-5401-496a-924e-e3833b3fb27e: new RaftServerImpl for group-1ED43301BCE6:[76b5452b-5401-496a-924e-e3833b3fb27e|rpc:localhost:44617|priority:0] with SCMStateMachine:uninitialized
2022-09-01 11:50:37,530 [pool-2-thread-1] INFO  server.RaftServerConfigKeys (ConfUtils.java:logGet(46)) - raft.server.rpc.timeout.min = 5000ms (custom)
2022-09-01 11:50:37,530 [pool-2-thread-1] INFO  server.RaftServerConfigKeys (ConfUtils.java:logGet(46)) - raft.server.rpc.timeout.max = 5200ms (custom)
2022-09-01 11:50:37,531 [pool-2-thread-1] INFO  server.RaftServerConfigKeys (ConfUtils.java:logGet(46)) - raft.server.rpc.sleep.time = 25ms (default)
2022-09-01 11:50:37,533 [pool-2-thread-1] INFO  server.RaftServerConfigKeys (ConfUtils.java:logGet(46)) - raft.server.rpc.slowness.timeout = 120000ms (custom)
2022-09-01 11:50:37,534 [pool-2-thread-1] INFO  server.RaftServerConfigKeys (ConfUtils.java:logGet(46)) - raft.server.leaderelection.leader.step-down.wait-time = 10s (default)
2022-09-01 11:50:37,534 [pool-2-thread-1] INFO  server.RaftServerConfigKeys (ConfUtils.java:logGet(46)) - raft.server.sleep.deviation.threshold = 300ms (default)
2022-09-01 11:50:37,551 [pool-2-thread-1] INFO  server.RaftServer$Division (ServerState.java:<init>(107)) - 76b5452b-5401-496a-924e-e3833b3fb27e@group-1ED43301BCE6: ConfigurationManager, init=-1: [76b5452b-5401-496a-924e-e3833b3fb27e|rpc:localhost:44617|priority:0], old=null, confs=<EMPTY_MAP>
2022-09-01 11:50:37,551 [pool-2-thread-1] INFO  server.RaftServerConfigKeys (ConfUtils.java:logGet(46)) - raft.server.storage.dir = [/home/runner/work/ozone/ozone/hadoop-ozone/integration-test/target/test-dir/MiniOzoneClusterImpl-a1c451f0-9b10-458f-87dd-1ed43301bce6/scmNode-1/scm-ha] (custom)
2022-09-01 11:50:37,563 [pool-2-thread-1] INFO  server.RaftServerConfigKeys (ConfUtils.java:logGet(46)) - raft.server.log.corruption.policy = EXCEPTION (default)
2022-09-01 11:50:37,564 [pool-2-thread-1] INFO  server.RaftServerConfigKeys (ConfUtils.java:logGet(46)) - raft.server.storage.free-space.min = 0MB (=0) (default)
2022-09-01 11:50:37,565 [pool-2-thread-1] INFO  storage.RaftStorageDirectory (RaftStorageDirectoryImpl.java:analyzeStorage(135)) - The storage directory /home/runner/work/ozone/ozone/hadoop-ozone/integration-test/target/test-dir/MiniOzoneClusterImpl-a1c451f0-9b10-458f-87dd-1ed43301bce6/scmNode-1/scm-ha/a1c451f0-9b10-458f-87dd-1ed43301bce6 does not exist. Creating ...
2022-09-01 11:50:37,571 [pool-2-thread-1] INFO  storage.RaftStorageDirectory (RaftStorageDirectoryImpl.java:tryLock(230)) - Lock on /home/runner/work/ozone/ozone/hadoop-ozone/integration-test/target/test-dir/MiniOzoneClusterImpl-a1c451f0-9b10-458f-87dd-1ed43301bce6/scmNode-1/scm-ha/a1c451f0-9b10-458f-87dd-1ed43301bce6/in_use.lock acquired by nodename 25235@fv-az459-356
2022-09-01 11:50:37,579 [pool-2-thread-1] INFO  storage.RaftStorage (RaftStorageImpl.java:format(89)) - Storage directory /home/runner/work/ozone/ozone/hadoop-ozone/integration-test/target/test-dir/MiniOzoneClusterImpl-a1c451f0-9b10-458f-87dd-1ed43301bce6/scmNode-1/scm-ha/a1c451f0-9b10-458f-87dd-1ed43301bce6 has been successfully formatted.
2022-09-01 11:50:37,584 [pool-2-thread-1] INFO  server.RaftServerConfigKeys (ConfUtils.java:logGet(46)) - raft.server.notification.no-leader.timeout = 60s (default)
2022-09-01 11:50:37,586 [pool-2-thread-1] INFO  server.RaftServerConfigKeys (ConfUtils.java:logGet(46)) - raft.server.log.use.memory = false (default)
2022-09-01 11:50:37,596 [pool-2-thread-1] INFO  server.RaftServerConfigKeys (ConfUtils.java:logGet(46)) - raft.server.log.purge.gap = 1000000 (custom)
2022-09-01 11:50:37,596 [pool-2-thread-1] INFO  server.RaftServerConfigKeys (ConfUtils.java:logGet(46)) - raft.server.log.appender.buffer.byte-limit = 33554432 (custom)
2022-09-01 11:50:37,599 [pool-2-thread-1] INFO  server.RaftServerConfigKeys (ConfUtils.java:logGet(46)) - raft.server.log.statemachine.data.read.timeout = 1000ms (default)
2022-09-01 11:50:37,607 [pool-2-thread-1] INFO  metrics.MetricRegistries (MetricRegistriesLoader.java:load(64)) - Loaded MetricRegistries class org.apache.ratis.metrics.impl.MetricRegistriesImpl
2022-09-01 11:50:37,701 [pool-2-thread-1] INFO  server.RaftServerConfigKeys (ConfUtils.java:logGet(46)) - raft.server.log.segment.size.max = 4194304 (custom)
2022-09-01 11:50:37,711 [pool-2-thread-1] INFO  server.RaftServerConfigKeys (ConfUtils.java:logGet(46)) - raft.server.log.segment.cache.num.max = 2 (custom)
2022-09-01 11:50:37,712 [pool-2-thread-1] INFO  server.RaftServerConfigKeys (ConfUtils.java:logGet(46)) - raft.server.log.segment.cache.size.max = 200MB (=209715200) (default)
2022-09-01 11:50:37,718 [pool-2-thread-1] INFO  segmented.SegmentedRaftLogWorker (SegmentedRaftLogWorker.java:<init>(187)) - new 76b5452b-5401-496a-924e-e3833b3fb27e@group-1ED43301BCE6-SegmentedRaftLogWorker for RaftStorageImpl:Storage Directory /home/runner/work/ozone/ozone/hadoop-ozone/integration-test/target/test-dir/MiniOzoneClusterImpl-a1c451f0-9b10-458f-87dd-1ed43301bce6/scmNode-1/scm-ha/a1c451f0-9b10-458f-87dd-1ed43301bce6
2022-09-01 11:50:37,719 [pool-2-thread-1] INFO  server.RaftServerConfigKeys (ConfUtils.java:logGet(46)) - raft.server.log.queue.byte-limit = 64MB (=67108864) (default)
2022-09-01 11:50:37,719 [pool-2-thread-1] INFO  server.RaftServerConfigKeys (ConfUtils.java:logGet(46)) - raft.server.log.queue.element-limit = 4096 (default)
2022-09-01 11:50:37,720 [pool-2-thread-1] INFO  server.RaftServerConfigKeys (ConfUtils.java:logGet(46)) - raft.server.log.segment.size.max = 4194304 (custom)
2022-09-01 11:50:37,721 [pool-2-thread-1] INFO  server.RaftServerConfigKeys (ConfUtils.java:logGet(46)) - raft.server.log.preallocated.size = 4194304 (custom)
2022-09-01 11:50:37,721 [pool-2-thread-1] INFO  server.RaftServerConfigKeys (ConfUtils.java:logGet(46)) - raft.server.log.force.sync.num = 128 (default)
2022-09-01 11:50:37,722 [pool-2-thread-1] INFO  server.RaftServerConfigKeys (ConfUtils.java:logGet(46)) - raft.server.log.statemachine.data.sync = true (default)
2022-09-01 11:50:37,722 [pool-2-thread-1] INFO  server.RaftServerConfigKeys (ConfUtils.java:logGet(46)) - raft.server.log.statemachine.data.sync.timeout = 10s (default)
2022-09-01 11:50:37,723 [pool-2-thread-1] INFO  server.RaftServerConfigKeys (ConfUtils.java:logGet(46)) - raft.server.log.statemachine.data.sync.timeout.retry = -1 (default)
2022-09-01 11:50:37,737 [pool-2-thread-1] INFO  server.RaftServerConfigKeys (ConfUtils.java:logGet(46)) - raft.server.log.write.buffer.size = 64KB (=65536) (default)
2022-09-01 11:50:37,737 [pool-2-thread-1] INFO  server.RaftServerConfigKeys (ConfUtils.java:logGet(46)) - raft.server.log.unsafe-flush.enabled = false (default)
2022-09-01 11:50:37,738 [pool-2-thread-1] INFO  server.RaftServerConfigKeys (ConfUtils.java:logGet(46)) - raft.server.log.statemachine.data.caching.enabled = false (default)
2022-09-01 11:50:37,745 [pool-2-thread-1] INFO  segmented.SegmentedRaftLogWorker (SegmentedRaftLogWorker.java:lambda$new$0(135)) - 76b5452b-5401-496a-924e-e3833b3fb27e@group-1ED43301BCE6-SegmentedRaftLogWorker: flushIndex: setUnconditionally 0 -> -1
2022-09-01 11:50:37,745 [pool-2-thread-1] INFO  segmented.SegmentedRaftLogWorker (SegmentedRaftLogWorker.java:lambda$new$0(135)) - 76b5452b-5401-496a-924e-e3833b3fb27e@group-1ED43301BCE6-SegmentedRaftLogWorker: safeCacheEvictIndex: setUnconditionally 0 -> -1
2022-09-01 11:50:37,752 [pool-2-thread-1] INFO  server.RaftServerConfigKeys (ConfUtils.java:logGet(46)) - raft.server.snapshot.auto.trigger.enabled = true (custom)
2022-09-01 11:50:37,754 [pool-2-thread-1] INFO  server.RaftServerConfigKeys (ConfUtils.java:logGet(46)) - raft.server.snapshot.auto.trigger.threshold = 1000 (custom)
2022-09-01 11:50:37,755 [pool-2-thread-1] INFO  server.RaftServerConfigKeys (ConfUtils.java:logGet(46)) - raft.server.snapshot.retention.file.num = -1 (default)
2022-09-01 11:50:37,756 [pool-2-thread-1] INFO  server.RaftServerConfigKeys (ConfUtils.java:logGet(46)) - raft.server.log.purge.upto.snapshot.index = false (default)
2022-09-01 11:50:37,758 [pool-2-thread-1] INFO  server.RaftServerConfigKeys (ConfUtils.java:logGet(46)) - raft.server.retrycache.expirytime = 60000ms (default)
2022-09-01 11:50:37,758 [pool-2-thread-1] INFO  server.RaftServerConfigKeys (ConfUtils.java:logGet(46)) - raft.server.retrycache.statistics.expirytime = 100μs (default)
2022-09-01 11:50:37,819 [pool-2-thread-1] INFO  server.RaftServerConfigKeys (ConfUtils.java:logGet(46)) - raft.server.log.appender.install.snapshot.enabled = false (custom)
2022-09-01 11:50:37,821 [pool-2-thread-1] INFO  server.RaftServerConfigKeys (ConfUtils.java:logGet(46)) - raft.server.threadpool.server.cached = true (default)
2022-09-01 11:50:37,822 [pool-2-thread-1] INFO  server.RaftServerConfigKeys (ConfUtils.java:logGet(46)) - raft.server.threadpool.server.size = 0 (default)
2022-09-01 11:50:37,823 [pool-2-thread-1] INFO  server.RaftServerConfigKeys (ConfUtils.java:logGet(46)) - raft.server.threadpool.client.cached = true (default)
2022-09-01 11:50:37,823 [pool-2-thread-1] INFO  server.RaftServerConfigKeys (ConfUtils.java:logGet(46)) - raft.server.threadpool.client.size = 0 (default)
2022-09-01 11:50:37,825 [76b5452b-5401-496a-924e-e3833b3fb27e-impl-thread1] INFO  server.RaftServer$Division (RaftServerImpl.java:start(310)) - 76b5452b-5401-496a-924e-e3833b3fb27e@group-1ED43301BCE6: start as a follower, conf=-1: [76b5452b-5401-496a-924e-e3833b3fb27e|rpc:localhost:44617|priority:0], old=null
2022-09-01 11:50:37,825 [76b5452b-5401-496a-924e-e3833b3fb27e-impl-thread1] INFO  server.RaftServer$Division (RaftServerImpl.java:setRole(299)) - 76b5452b-5401-496a-924e-e3833b3fb27e@group-1ED43301BCE6: changes role from      null to FOLLOWER at term 0 for startAsFollower
2022-09-01 11:50:37,826 [76b5452b-5401-496a-924e-e3833b3fb27e-impl-thread1] INFO  impl.RoleInfo (RoleInfo.java:updateAndGet(139)) - 76b5452b-5401-496a-924e-e3833b3fb27e: start 76b5452b-5401-496a-924e-e3833b3fb27e@group-1ED43301BCE6-FollowerState
2022-09-01 11:50:37,828 [76b5452b-5401-496a-924e-e3833b3fb27e-impl-thread1] INFO  util.JmxRegister (JmxRegister.java:tryRegister(44)) - Successfully registered JMX Bean with object name Ratis:service=RaftServer,group=group-1ED43301BCE6,id=76b5452b-5401-496a-924e-e3833b3fb27e
2022-09-01 11:50:37,830 [Time-limited test] INFO  server.RaftServer (RaftServerProxy.java:lambda$start$6(382)) - 76b5452b-5401-496a-924e-e3833b3fb27e: start RPC server
2022-09-01 11:50:37,903 [Time-limited test] INFO  server.GrpcService (GrpcService.java:startImpl(260)) - 76b5452b-5401-496a-924e-e3833b3fb27e: GrpcService started, listening on 44617
2022-09-01 11:50:37,907 [org.apache.ratis.util.JvmPauseMonitor$$Lambda$519/975069640@74c9eee9] INFO  util.JvmPauseMonitor (JvmPauseMonitor.java:run(103)) - JvmPauseMonitor-76b5452b-5401-496a-924e-e3833b3fb27e: Started
2022-09-01 11:50:42,882 [76b5452b-5401-496a-924e-e3833b3fb27e@group-1ED43301BCE6-FollowerState] INFO  impl.FollowerState (FollowerState.java:run(143)) - 76b5452b-5401-496a-924e-e3833b3fb27e@group-1ED43301BCE6-FollowerState: change to CANDIDATE, lastRpcElapsedTime:5056172362ns, electionTimeout:5054ms
2022-09-01 11:50:42,883 [76b5452b-5401-496a-924e-e3833b3fb27e@group-1ED43301BCE6-FollowerState] INFO  impl.RoleInfo (RoleInfo.java:shutdownFollowerState(110)) - 76b5452b-5401-496a-924e-e3833b3fb27e: shutdown 76b5452b-5401-496a-924e-e3833b3fb27e@group-1ED43301BCE6-FollowerState
2022-09-01 11:50:42,883 [76b5452b-5401-496a-924e-e3833b3fb27e@group-1ED43301BCE6-FollowerState] INFO  server.RaftServer$Division (RaftServerImpl.java:setRole(299)) - 76b5452b-5401-496a-924e-e3833b3fb27e@group-1ED43301BCE6: changes role from  FOLLOWER to CANDIDATE at term 0 for changeToCandidate
2022-09-01 11:50:42,886 [76b5452b-5401-496a-924e-e3833b3fb27e@group-1ED43301BCE6-FollowerState] INFO  server.RaftServerConfigKeys (ConfUtils.java:logGet(46)) - raft.server.leaderelection.pre-vote = false (custom)
2022-09-01 11:50:42,886 [76b5452b-5401-496a-924e-e3833b3fb27e@group-1ED43301BCE6-FollowerState] INFO  impl.RoleInfo (RoleInfo.java:updateAndGet(139)) - 76b5452b-5401-496a-924e-e3833b3fb27e: start 76b5452b-5401-496a-924e-e3833b3fb27e@group-1ED43301BCE6-LeaderElection1
2022-09-01 11:50:42,891 [76b5452b-5401-496a-924e-e3833b3fb27e@group-1ED43301BCE6-LeaderElection1] INFO  impl.LeaderElection (LeaderElection.java:askForVotes(310)) - 76b5452b-5401-496a-924e-e3833b3fb27e@group-1ED43301BCE6-LeaderElection1 ELECTION round 0: submit vote requests at term 1 for -1: [76b5452b-5401-496a-924e-e3833b3fb27e|rpc:localhost:44617|priority:0], old=null
2022-09-01 11:50:42,892 [76b5452b-5401-496a-924e-e3833b3fb27e@group-1ED43301BCE6-LeaderElection1] INFO  impl.LeaderElection (LeaderElection.java:askForVotes(312)) - 76b5452b-5401-496a-924e-e3833b3fb27e@group-1ED43301BCE6-LeaderElection1 ELECTION round 0: result PASSED (term=1)
2022-09-01 11:50:42,892 [76b5452b-5401-496a-924e-e3833b3fb27e@group-1ED43301BCE6-LeaderElection1] INFO  impl.RoleInfo (RoleInfo.java:shutdownLeaderElection(130)) - 76b5452b-5401-496a-924e-e3833b3fb27e: shutdown 76b5452b-5401-496a-924e-e3833b3fb27e@group-1ED43301BCE6-LeaderElection1
2022-09-01 11:50:42,893 [76b5452b-5401-496a-924e-e3833b3fb27e@group-1ED43301BCE6-LeaderElection1] INFO  server.RaftServer$Division (RaftServerImpl.java:setRole(299)) - 76b5452b-5401-496a-924e-e3833b3fb27e@group-1ED43301BCE6: changes role from CANDIDATE to LEADER at term 1 for changeToLeader
2022-09-01 11:50:42,893 [76b5452b-5401-496a-924e-e3833b3fb27e@group-1ED43301BCE6-LeaderElection1] INFO  server.RaftServer$Division (ServerState.java:setLeader(287)) - 76b5452b-5401-496a-924e-e3833b3fb27e@group-1ED43301BCE6: change Leader from null to 76b5452b-5401-496a-924e-e3833b3fb27e at term 1 for becomeLeader, leader elected after 5310ms
2022-09-01 11:50:42,899 [76b5452b-5401-496a-924e-e3833b3fb27e@group-1ED43301BCE6-LeaderElection1] INFO  server.RaftServerConfigKeys (ConfUtils.java:logGet(46)) - raft.server.staging.catchup.gap = 1000 (default)
2022-09-01 11:50:42,904 [76b5452b-5401-496a-924e-e3833b3fb27e@group-1ED43301BCE6-LeaderElection1] INFO  server.RaftServerConfigKeys (ConfUtils.java:logGet(46)) - raft.server.write.element-limit = 4096 (default)
2022-09-01 11:50:42,905 [76b5452b-5401-496a-924e-e3833b3fb27e@group-1ED43301BCE6-LeaderElection1] INFO  server.RaftServerConfigKeys (ConfUtils.java:logGet(46)) - raft.server.write.byte-limit = 64MB (=67108864) (default)
2022-09-01 11:50:42,911 [76b5452b-5401-496a-924e-e3833b3fb27e@group-1ED43301BCE6-LeaderElection1] INFO  server.RaftServerConfigKeys (ConfUtils.java:logGet(46)) - raft.server.watch.timeout = 10s (default)
2022-09-01 11:50:42,912 [76b5452b-5401-496a-924e-e3833b3fb27e@group-1ED43301BCE6-LeaderElection1] INFO  server.RaftServerConfigKeys (ConfUtils.java:logGet(46)) - raft.server.watch.timeout.denomination = 1s (default)
2022-09-01 11:50:42,912 [76b5452b-5401-496a-924e-e3833b3fb27e@group-1ED43301BCE6-LeaderElection1] INFO  server.RaftServerConfigKeys (ConfUtils.java:logGet(46)) - raft.server.watch.element-limit = 65536 (default)
2022-09-01 11:50:42,917 [76b5452b-5401-496a-924e-e3833b3fb27e@group-1ED43301BCE6-LeaderElection1] INFO  server.RaftServerConfigKeys (ConfUtils.java:logGet(46)) - raft.server.write.element-limit = 4096 (default)
2022-09-01 11:50:42,919 [76b5452b-5401-496a-924e-e3833b3fb27e@group-1ED43301BCE6-LeaderElection1] INFO  server.RaftServerConfigKeys (ConfUtils.java:logGet(46)) - raft.server.write.follower.gap.ratio.max = -1.0 (default)
2022-09-01 11:50:42,922 [76b5452b-5401-496a-924e-e3833b3fb27e@group-1ED43301BCE6-LeaderElection1] INFO  impl.RoleInfo (RoleInfo.java:updateAndGet(139)) - 76b5452b-5401-496a-924e-e3833b3fb27e: start 76b5452b-5401-496a-924e-e3833b3fb27e@group-1ED43301BCE6-LeaderStateImpl
2022-09-01 11:50:42,949 [76b5452b-5401-496a-924e-e3833b3fb27e@group-1ED43301BCE6-LeaderElection1] INFO  segmented.SegmentedRaftLogWorker (SegmentedRaftLogWorker.java:startLogSegment(425)) - 76b5452b-5401-496a-924e-e3833b3fb27e@group-1ED43301BCE6-SegmentedRaftLogWorker: Starting segment from index:0
2022-09-01 11:50:42,999 [76b5452b-5401-496a-924e-e3833b3fb27e@group-1ED43301BCE6-LeaderElection1] INFO  server.RaftServer$Division (ServerState.java:setRaftConf(393)) - 76b5452b-5401-496a-924e-e3833b3fb27e@group-1ED43301BCE6: set configuration 0: [76b5452b-5401-496a-924e-e3833b3fb27e|rpc:localhost:44617|admin:|client:|dataStream:|priority:0], old=null
2022-09-01 11:50:43,046 [76b5452b-5401-496a-924e-e3833b3fb27e@group-1ED43301BCE6-SegmentedRaftLogWorker] INFO  segmented.SegmentedRaftLogWorker (SegmentedRaftLogWorker.java:execute(629)) - 76b5452b-5401-496a-924e-e3833b3fb27e@group-1ED43301BCE6-SegmentedRaftLogWorker: created new log segment /home/runner/work/ozone/ozone/hadoop-ozone/integration-test/target/test-dir/MiniOzoneClusterImpl-a1c451f0-9b10-458f-87dd-1ed43301bce6/scmNode-1/scm-ha/a1c451f0-9b10-458f-87dd-1ed43301bce6/current/log_inprogress_0
2022-09-01 11:50:43,908 [Time-limited test] INFO  server.RaftServer (RaftServerProxy.java:lambda$close$7(398)) - 76b5452b-5401-496a-924e-e3833b3fb27e: close
2022-09-01 11:50:43,910 [Time-limited test] INFO  server.RaftServer$Division (RaftServerImpl.java:lambda$close$4(434)) - 76b5452b-5401-496a-924e-e3833b3fb27e@group-1ED43301BCE6: shutdown
2022-09-01 11:50:43,910 [Time-limited test] INFO  util.JmxRegister (JmxRegister.java:unregister(73)) - Successfully un-registered JMX Bean with object name Ratis:service=RaftServer,group=group-1ED43301BCE6,id=76b5452b-5401-496a-924e-e3833b3fb27e
2022-09-01 11:50:43,910 [Time-limited test] INFO  impl.RoleInfo (RoleInfo.java:shutdownLeaderState(93)) - 76b5452b-5401-496a-924e-e3833b3fb27e: shutdown 76b5452b-5401-496a-924e-e3833b3fb27e@group-1ED43301BCE6-LeaderStateImpl
2022-09-01 11:50:43,916 [Time-limited test] INFO  impl.PendingRequests (PendingRequests.java:sendNotLeaderResponses(282)) - 76b5452b-5401-496a-924e-e3833b3fb27e@group-1ED43301BCE6-PendingRequests: sendNotLeaderResponses
2022-09-01 11:50:43,918 [Time-limited test] INFO  impl.StateMachineUpdater (StateMachineUpdater.java:stopAndJoin(153)) - 76b5452b-5401-496a-924e-e3833b3fb27e@group-1ED43301BCE6-StateMachineUpdater: set stopIndex = 0
2022-09-01 11:50:43,919 [76b5452b-5401-496a-924e-e3833b3fb27e@group-1ED43301BCE6-StateMachineUpdater] INFO  impl.StateMachineUpdater (StateMachineUpdater.java:takeSnapshot(287)) - 76b5452b-5401-496a-924e-e3833b3fb27e@group-1ED43301BCE6-StateMachineUpdater: Took a snapshot at index 0
2022-09-01 11:50:43,919 [76b5452b-5401-496a-924e-e3833b3fb27e@group-1ED43301BCE6-StateMachineUpdater] INFO  impl.StateMachineUpdater (StateMachineUpdater.java:lambda$new$0(92)) - 76b5452b-5401-496a-924e-e3833b3fb27e@group-1ED43301BCE6-StateMachineUpdater: snapshotIndex: updateIncreasingly -1 -> 0
2022-09-01 11:50:43,922 [Time-limited test] INFO  server.RaftServer$Division (ServerState.java:close(429)) - 76b5452b-5401-496a-924e-e3833b3fb27e@group-1ED43301BCE6: closes. applyIndex: 0
2022-09-01 11:50:43,923 [76b5452b-5401-496a-924e-e3833b3fb27e@group-1ED43301BCE6-SegmentedRaftLogWorker] INFO  segmented.SegmentedRaftLogWorker (SegmentedRaftLogWorker.java:run(336)) - 76b5452b-5401-496a-924e-e3833b3fb27e@group-1ED43301BCE6-SegmentedRaftLogWorker was interrupted, exiting. There are 0 tasks remaining in the queue.
2022-09-01 11:50:43,925 [Time-limited test] INFO  segmented.SegmentedRaftLogWorker (SegmentedRaftLogWorker.java:close(246)) - 76b5452b-5401-496a-924e-e3833b3fb27e@group-1ED43301BCE6-SegmentedRaftLogWorker close()
2022-09-01 11:50:43,932 [Time-limited test] INFO  server.GrpcService (GrpcService.java:closeImpl(269)) - 76b5452b-5401-496a-924e-e3833b3fb27e: shutdown server with port 44617 now
2022-09-01 11:50:43,947 [Time-limited test] INFO  server.GrpcService (GrpcService.java:closeImpl(278)) - 76b5452b-5401-496a-924e-e3833b3fb27e: shutdown server with port 44617 successfully
2022-09-01 11:50:43,948 [org.apache.ratis.util.JvmPauseMonitor$$Lambda$519/975069640@74c9eee9] INFO  util.JvmPauseMonitor (JvmPauseMonitor.java:run(109)) - JvmPauseMonitor-76b5452b-5401-496a-924e-e3833b3fb27e: Stopped
2022-09-01 11:50:43,948 [Time-limited test] WARN  server.ServerUtils (ServerUtils.java:getScmDbDir(148)) - ozone.scm.db.dirs is not configured. We recommend adding this setting. Falling back to ozone.metadata.dirs instead.
2022-09-01 11:50:43,952 [Time-limited test] INFO  server.StorageContainerManager (StorageContainerManager.java:scmInit(1246)) - SCM initialization succeeded. Current cluster id for sd=/home/runner/work/ozone/ozone/hadoop-ozone/integration-test/target/test-dir/MiniOzoneClusterImpl-a1c451f0-9b10-458f-87dd-1ed43301bce6/scmNode-1/scm; cid=a1c451f0-9b10-458f-87dd-1ed43301bce6; layoutVersion=4; scmId=76b5452b-5401-496a-924e-e3833b3fb27e
2022-09-01 11:50:43,961 [Time-limited test] WARN  server.ServerUtils (ServerUtils.java:getScmDbDir(148)) - ozone.scm.db.dirs is not configured. We recommend adding this setting. Falling back to ozone.metadata.dirs instead.
2022-09-01 11:50:43,962 [Time-limited test] INFO  ha.SCMHANodeDetails (SCMHANodeDetails.java:loadSCMHAConfig(209)) - ServiceID for StorageContainerManager is scmServiceId
2022-09-01 11:50:43,962 [Time-limited test] INFO  ha.SCMHANodeDetails (SCMHANodeDetails.java:loadSCMHAConfig(220)) - ServiceID for StorageContainerManager is scmServiceId
2022-09-01 11:50:43,962 [Time-limited test] WARN  scm.ScmUtils (ScmUtils.java:logWarn(179)) - ConfigKey ozone.scm.block.client.address is deprecated, For configuring different ports for each SCM use PortConfigKey ozone.scm.block.client.port appended with serviceId and nodeId. If want to configure same port configure ozone.scm.block.client.port
2022-09-01 11:50:43,962 [Time-limited test] WARN  scm.ScmUtils (ScmUtils.java:logWarn(179)) - ConfigKey ozone.scm.client.address is deprecated, For configuring different ports for each SCM use PortConfigKey ozone.scm.client.port appended with serviceId and nodeId. If want to configure same port configure ozone.scm.client.port
2022-09-01 11:50:43,963 [Time-limited test] WARN  scm.ScmUtils (ScmUtils.java:logWarn(179)) - ConfigKey ozone.scm.datanode.address is deprecated, For configuring different ports for each SCM use PortConfigKey ozone.scm.datanode.port appended with serviceId and nodeId. If want to configure same port configure ozone.scm.datanode.port
2022-09-01 11:50:43,963 [Time-limited test] WARN  scm.ScmUtils (ScmUtils.java:logWarn(179)) - ConfigKey ozone.scm.block.client.address is deprecated, For configuring different ports for each SCM use PortConfigKey ozone.scm.block.client.port appended with serviceId and nodeId. If want to configure same port configure ozone.scm.block.client.port
2022-09-01 11:50:43,963 [Time-limited test] WARN  scm.ScmUtils (ScmUtils.java:logWarn(179)) - ConfigKey ozone.scm.client.address is deprecated, For configuring different ports for each SCM use PortConfigKey ozone.scm.client.port appended with serviceId and nodeId. If want to configure same port configure ozone.scm.client.port
2022-09-01 11:50:43,963 [Time-limited test] WARN  scm.ScmUtils (ScmUtils.java:logWarn(179)) - ConfigKey ozone.scm.datanode.address is deprecated, For configuring different ports for each SCM use PortConfigKey ozone.scm.datanode.port appended with serviceId and nodeId. If want to configure same port configure ozone.scm.datanode.port
2022-09-01 11:50:43,964 [Time-limited test] INFO  ha.SCMHANodeDetails (SCMHANodeDetails.java:loadSCMHAConfig(307)) - Found matching SCM address with SCMServiceId: scmServiceId, SCMNodeId: scmNode-1, RPC Address: localhost:44617 and Ratis port: 44617
2022-09-01 11:50:43,964 [Time-limited test] INFO  ha.SCMHANodeDetails (ConfUtils.java:setNodeSpecificConfigs(97)) - Setting configuration key ozone.scm.datanode.address with value of key ozone.scm.datanode.address.scmServiceId.scmNode-1: 127.0.0.1:42041
2022-09-01 11:50:43,964 [Time-limited test] INFO  ha.SCMHANodeDetails (ConfUtils.java:setNodeSpecificConfigs(97)) - Setting configuration key ozone.scm.block.client.address with value of key ozone.scm.block.client.address.scmServiceId.scmNode-1: 127.0.0.1:45865
2022-09-01 11:50:43,964 [Time-limited test] INFO  ha.SCMHANodeDetails (ConfUtils.java:setNodeSpecificConfigs(97)) - Setting configuration key ozone.scm.client.address with value of key ozone.scm.client.address.scmServiceId.scmNode-1: 127.0.0.1:41613
2022-09-01 11:50:43,964 [Time-limited test] INFO  ha.SCMHANodeDetails (ConfUtils.java:setNodeSpecificConfigs(97)) - Setting configuration key ozone.scm.ratis.port with value of key ozone.scm.ratis.port.scmServiceId.scmNode-1: 44617
2022-09-01 11:50:43,964 [Time-limited test] INFO  ha.SCMHANodeDetails (ConfUtils.java:setNodeSpecificConfigs(97)) - Setting configuration key ozone.scm.grpc.port with value of key ozone.scm.grpc.port.scmServiceId.scmNode-1: 37549
2022-09-01 11:50:43,965 [Time-limited test] INFO  ha.SCMHANodeDetails (ConfUtils.java:setNodeSpecificConfigs(97)) - Setting configuration key ozone.scm.http-address with value of key ozone.scm.http-address.scmServiceId.scmNode-1: 127.0.0.1:37775
2022-09-01 11:50:43,965 [Time-limited test] INFO  ha.SCMHANodeDetails (ConfUtils.java:setNodeSpecificConfigs(97)) - Setting configuration key ozone.scm.https-address with value of key ozone.scm.https-address.scmServiceId.scmNode-1: 127.0.0.1:44481
2022-09-01 11:50:43,965 [Time-limited test] INFO  ha.SCMHANodeDetails (ConfUtils.java:setNodeSpecificConfigs(97)) - Setting configuration key ozone.scm.address with value of key ozone.scm.address.scmServiceId.scmNode-1: 127.0.0.1
2022-09-01 11:50:43,965 [Time-limited test] WARN  scm.ScmUtils (ScmUtils.java:logWarn(179)) - ConfigKey ozone.scm.block.client.address is deprecated, For configuring different ports for each SCM use PortConfigKey ozone.scm.block.client.port appended with serviceId and nodeId. If want to configure same port configure ozone.scm.block.client.port
2022-09-01 11:50:43,965 [Time-limited test] WARN  scm.ScmUtils (ScmUtils.java:logWarn(179)) - ConfigKey ozone.scm.client.address is deprecated, For configuring different ports for each SCM use PortConfigKey ozone.scm.client.port appended with serviceId and nodeId. If want to configure same port configure ozone.scm.client.port
2022-09-01 11:50:43,965 [Time-limited test] WARN  scm.ScmUtils (ScmUtils.java:logWarn(179)) - ConfigKey ozone.scm.datanode.address is deprecated, For configuring different ports for each SCM use PortConfigKey ozone.scm.datanode.port appended with serviceId and nodeId. If want to configure same port configure ozone.scm.datanode.port
2022-09-01 11:50:44,407 [Time-limited test] WARN  utils.HAUtils (HAUtils.java:getMetaDir(342)) - ozone.scm.db.dirs is not configured. We recommend adding this setting. Falling back to ozone.metadata.dirs instead.
2022-09-01 11:50:44,553 [Time-limited test] WARN  db.DBStoreBuilder (DBStoreBuilder.java:applyDBDefinition(143)) - ozone.scm.db.dirs is not configured. We recommend adding this setting. Falling back to ozone.metadata.dirs instead.
2022-09-01 11:50:44,793 [Time-limited test] INFO  net.NodeSchemaLoader (NodeSchemaLoader.java:loadSchemaFromFile(129)) - Loading schema from [jar:file:/home/runner/.m2/repository/org/apache/ozone/hdds-common/1.3.0-SNAPSHOT/hdds-common-1.3.0-SNAPSHOT.jar!/network-topology-default.xml]
2022-09-01 11:50:44,796 [Time-limited test] INFO  net.NodeSchemaLoader (NodeSchemaLoader.java:loadSchema(176)) - Loading network topology layer schema file
2022-09-01 11:50:44,988 [Time-limited test] INFO  ha.SCMRatisServerImpl (SCMRatisServerImpl.java:<init>(87)) - starting Raft server for scm:76b5452b-5401-496a-924e-e3833b3fb27e
2022-09-01 11:50:44,991 [Time-limited test] INFO  server.RaftServer (ConfUtils.java:logGet(46)) - raft.rpc.type = GRPC (default)
2022-09-01 11:50:44,992 [Time-limited test] INFO  grpc.GrpcFactory (GrpcFactory.java:checkPooledByteBufAllocatorUseCacheForAllThreads(48)) - PERFORMANCE WARNING: useCacheForAllThreads is true that may cause Netty to create a lot garbage objects and, as a result, trigger GC.
	It is recommended to disable useCacheForAllThreads by setting -Dorg.apache.ratis.thirdparty.io.netty.allocator.useCacheForAllThreads=false in command line.
2022-09-01 11:50:44,992 [Time-limited test] INFO  grpc.GrpcConfigKeys (ConfUtils.java:logGet(46)) - raft.grpc.admin.port = -1 (default)
2022-09-01 11:50:44,992 [Time-limited test] INFO  grpc.GrpcConfigKeys (ConfUtils.java:logGet(46)) - raft.grpc.server.port = 44617 (custom)
2022-09-01 11:50:44,992 [Time-limited test] INFO  grpc.GrpcConfigKeys (ConfUtils.java:logGet(46)) - raft.grpc.client.port = -1 (default)
2022-09-01 11:50:44,992 [Time-limited test] INFO  grpc.GrpcConfigKeys (ConfUtils.java:logGet(46)) - raft.grpc.server.port = 44617 (custom)
2022-09-01 11:50:44,992 [Time-limited test] INFO  grpc.GrpcConfigKeys (ConfUtils.java:logGet(46)) - raft.grpc.server.port = 44617 (custom)
2022-09-01 11:50:44,993 [Time-limited test] INFO  server.GrpcService (ConfUtils.java:logGet(46)) - raft.grpc.message.size.max = 32m (=33554432) (custom)
2022-09-01 11:50:44,993 [Time-limited test] INFO  server.RaftServerConfigKeys (ConfUtils.java:logGet(46)) - raft.server.log.appender.buffer.byte-limit = 33554432 (custom)
2022-09-01 11:50:44,993 [Time-limited test] INFO  server.GrpcService (ConfUtils.java:logGet(46)) - raft.grpc.flow.control.window = 1MB (=1048576) (default)
2022-09-01 11:50:44,993 [Time-limited test] INFO  server.RaftServerConfigKeys (ConfUtils.java:logGet(46)) - raft.server.rpc.request.timeout = 30000ms (custom)
2022-09-01 11:50:44,993 [Time-limited test] INFO  grpc.GrpcConfigKeys (ConfUtils.java:logGet(46)) - raft.grpc.server.async.request.thread.pool.cached = true (default)
2022-09-01 11:50:44,994 [Time-limited test] INFO  grpc.GrpcConfigKeys (ConfUtils.java:logGet(46)) - raft.grpc.server.async.request.thread.pool.size = 32 (default)
2022-09-01 11:50:44,995 [Time-limited test] INFO  impl.DataStreamServerImpl (ConfUtils.java:logGet(46)) - raft.datastream.type = DISABLED (default)
2022-09-01 11:50:44,995 [Time-limited test] INFO  server.RaftServerConfigKeys (ConfUtils.java:logGet(46)) - raft.server.threadpool.proxy.cached = true (default)
2022-09-01 11:50:44,997 [Time-limited test] INFO  server.RaftServerConfigKeys (ConfUtils.java:logGet(46)) - raft.server.threadpool.proxy.size = 0 (default)
2022-09-01 11:50:44,997 [Time-limited test] INFO  server.RaftServerConfigKeys (ConfUtils.java:logGet(46)) - raft.server.rpc.slowness.timeout = 120000ms (custom)
2022-09-01 11:50:44,997 [Time-limited test] INFO  server.RaftServerConfigKeys (ConfUtils.java:logGet(46)) - raft.server.leaderelection.leader.step-down.wait-time = 10s (default)
2022-09-01 11:50:44,998 [Time-limited test] INFO  server.RaftServerConfigKeys (ConfUtils.java:logGet(46)) - raft.server.storage.dir = [/home/runner/work/ozone/ozone/hadoop-ozone/integration-test/target/test-dir/MiniOzoneClusterImpl-a1c451f0-9b10-458f-87dd-1ed43301bce6/scmNode-1/scm-ha] (custom)
2022-09-01 11:50:44,998 [76b5452b-5401-496a-924e-e3833b3fb27e-impl-thread1] INFO  server.RaftServer (RaftServerProxy.java:initGroupDir(247)) - 76b5452b-5401-496a-924e-e3833b3fb27e: found a subdirectory /home/runner/work/ozone/ozone/hadoop-ozone/integration-test/target/test-dir/MiniOzoneClusterImpl-a1c451f0-9b10-458f-87dd-1ed43301bce6/scmNode-1/scm-ha/a1c451f0-9b10-458f-87dd-1ed43301bce6
2022-09-01 11:50:44,999 [Time-limited test] INFO  server.RaftServer (RaftServerProxy.java:addNew(96)) - 76b5452b-5401-496a-924e-e3833b3fb27e: addNew group-1ED43301BCE6:[] returns group-1ED43301BCE6:java.util.concurrent.CompletableFuture@74c53954[Not completed]
2022-09-01 11:50:45,003 [pool-19-thread-1] INFO  server.RaftServer$Division (RaftServerImpl.java:<init>(190)) - 76b5452b-5401-496a-924e-e3833b3fb27e: new RaftServerImpl for group-1ED43301BCE6:[] with SCMStateMachine:uninitialized
2022-09-01 11:50:45,006 [pool-19-thread-1] INFO  server.RaftServerConfigKeys (ConfUtils.java:logGet(46)) - raft.server.rpc.timeout.min = 5000ms (custom)
2022-09-01 11:50:45,006 [pool-19-thread-1] INFO  server.RaftServerConfigKeys (ConfUtils.java:logGet(46)) - raft.server.rpc.timeout.max = 5200ms (custom)
2022-09-01 11:50:45,007 [pool-19-thread-1] INFO  server.RaftServerConfigKeys (ConfUtils.java:logGet(46)) - raft.server.rpc.sleep.time = 25ms (default)
2022-09-01 11:50:45,007 [pool-19-thread-1] INFO  server.RaftServerConfigKeys (ConfUtils.java:logGet(46)) - raft.server.rpc.slowness.timeout = 120000ms (custom)
2022-09-01 11:50:45,008 [pool-19-thread-1] INFO  server.RaftServerConfigKeys (ConfUtils.java:logGet(46)) - raft.server.leaderelection.leader.step-down.wait-time = 10s (default)
2022-09-01 11:50:45,008 [pool-19-thread-1] INFO  server.RaftServerConfigKeys (ConfUtils.java:logGet(46)) - raft.server.sleep.deviation.threshold = 300ms (default)
2022-09-01 11:50:45,009 [pool-19-thread-1] INFO  server.RaftServer$Division (ServerState.java:<init>(107)) - 76b5452b-5401-496a-924e-e3833b3fb27e@group-1ED43301BCE6: ConfigurationManager, init=-1: [], old=null, confs=<EMPTY_MAP>
2022-09-01 11:50:45,009 [pool-19-thread-1] INFO  server.RaftServerConfigKeys (ConfUtils.java:logGet(46)) - raft.server.storage.dir = [/home/runner/work/ozone/ozone/hadoop-ozone/integration-test/target/test-dir/MiniOzoneClusterImpl-a1c451f0-9b10-458f-87dd-1ed43301bce6/scmNode-1/scm-ha] (custom)
2022-09-01 11:50:45,009 [pool-19-thread-1] INFO  server.RaftServerConfigKeys (ConfUtils.java:logGet(46)) - raft.server.log.corruption.policy = EXCEPTION (default)
2022-09-01 11:50:45,009 [pool-19-thread-1] INFO  server.RaftServerConfigKeys (ConfUtils.java:logGet(46)) - raft.server.storage.free-space.min = 0MB (=0) (default)
2022-09-01 11:50:45,011 [pool-19-thread-1] INFO  storage.RaftStorageDirectory (RaftStorageDirectoryImpl.java:tryLock(230)) - Lock on /home/runner/work/ozone/ozone/hadoop-ozone/integration-test/target/test-dir/MiniOzoneClusterImpl-a1c451f0-9b10-458f-87dd-1ed43301bce6/scmNode-1/scm-ha/a1c451f0-9b10-458f-87dd-1ed43301bce6/in_use.lock acquired by nodename 25235@fv-az459-356
2022-09-01 11:50:45,011 [pool-19-thread-1] INFO  storage.RaftStorage (RaftStorageImpl.java:analyzeAndRecoverStorage(110)) - Read RaftStorageMetadata{term=1, votedFor=76b5452b-5401-496a-924e-e3833b3fb27e} from /home/runner/work/ozone/ozone/hadoop-ozone/integration-test/target/test-dir/MiniOzoneClusterImpl-a1c451f0-9b10-458f-87dd-1ed43301bce6/scmNode-1/scm-ha/a1c451f0-9b10-458f-87dd-1ed43301bce6/current/raft-meta
2022-09-01 11:50:45,020 [pool-19-thread-1] INFO  server.RaftServer$Division (ServerState.java:setRaftConf(393)) - 76b5452b-5401-496a-924e-e3833b3fb27e@group-1ED43301BCE6: set configuration 0: [76b5452b-5401-496a-924e-e3833b3fb27e|rpc:localhost:44617|admin:|client:|dataStream:|priority:0], old=null
2022-09-01 11:50:45,020 [pool-19-thread-1] INFO  server.RaftServerConfigKeys (ConfUtils.java:logGet(46)) - raft.server.notification.no-leader.timeout = 60s (default)
2022-09-01 11:50:45,020 [pool-19-thread-1] INFO  server.RaftServerConfigKeys (ConfUtils.java:logGet(46)) - raft.server.log.use.memory = false (default)
2022-09-01 11:50:45,020 [pool-19-thread-1] INFO  server.RaftServerConfigKeys (ConfUtils.java:logGet(46)) - raft.server.log.purge.gap = 1000000 (custom)
2022-09-01 11:50:45,020 [pool-19-thread-1] INFO  server.RaftServerConfigKeys (ConfUtils.java:logGet(46)) - raft.server.log.appender.buffer.byte-limit = 33554432 (custom)
2022-09-01 11:50:45,021 [pool-19-thread-1] INFO  server.RaftServerConfigKeys (ConfUtils.java:logGet(46)) - raft.server.log.statemachine.data.read.timeout = 1000ms (default)
2022-09-01 11:50:45,023 [pool-19-thread-1] INFO  server.RaftServerConfigKeys (ConfUtils.java:logGet(46)) - raft.server.log.segment.size.max = 4194304 (custom)
2022-09-01 11:50:45,026 [pool-19-thread-1] INFO  server.RaftServerConfigKeys (ConfUtils.java:logGet(46)) - raft.server.log.segment.cache.num.max = 2 (custom)
2022-09-01 11:50:45,026 [pool-19-thread-1] INFO  server.RaftServerConfigKeys (ConfUtils.java:logGet(46)) - raft.server.log.segment.cache.size.max = 200MB (=209715200) (default)
2022-09-01 11:50:45,026 [pool-19-thread-1] INFO  segmented.SegmentedRaftLogWorker (SegmentedRaftLogWorker.java:<init>(187)) - new 76b5452b-5401-496a-924e-e3833b3fb27e@group-1ED43301BCE6-SegmentedRaftLogWorker for RaftStorageImpl:Storage Directory /home/runner/work/ozone/ozone/hadoop-ozone/integration-test/target/test-dir/MiniOzoneClusterImpl-a1c451f0-9b10-458f-87dd-1ed43301bce6/scmNode-1/scm-ha/a1c451f0-9b10-458f-87dd-1ed43301bce6
2022-09-01 11:50:45,026 [pool-19-thread-1] INFO  server.RaftServerConfigKeys (ConfUtils.java:logGet(46)) - raft.server.log.queue.byte-limit = 64MB (=67108864) (default)
2022-09-01 11:50:45,026 [pool-19-thread-1] INFO  server.RaftServerConfigKeys (ConfUtils.java:logGet(46)) - raft.server.log.queue.element-limit = 4096 (default)
2022-09-01 11:50:45,026 [pool-19-thread-1] INFO  server.RaftServerConfigKeys (ConfUtils.java:logGet(46)) - raft.server.log.segment.size.max = 4194304 (custom)
2022-09-01 11:50:45,027 [pool-19-thread-1] INFO  server.RaftServerConfigKeys (ConfUtils.java:logGet(46)) - raft.server.log.preallocated.size = 4194304 (custom)
2022-09-01 11:50:45,027 [pool-19-thread-1] INFO  server.RaftServerConfigKeys (ConfUtils.java:logGet(46)) - raft.server.log.force.sync.num = 128 (default)
2022-09-01 11:50:45,027 [pool-19-thread-1] INFO  server.RaftServerConfigKeys (ConfUtils.java:logGet(46)) - raft.server.log.statemachine.data.sync = true (default)
2022-09-01 11:50:45,027 [pool-19-thread-1] INFO  server.RaftServerConfigKeys (ConfUtils.java:logGet(46)) - raft.server.log.statemachine.data.sync.timeout = 10s (default)
2022-09-01 11:50:45,027 [pool-19-thread-1] INFO  server.RaftServerConfigKeys (ConfUtils.java:logGet(46)) - raft.server.log.statemachine.data.sync.timeout.retry = -1 (default)
2022-09-01 11:50:45,030 [pool-19-thread-1] INFO  server.RaftServerConfigKeys (ConfUtils.java:logGet(46)) - raft.server.log.write.buffer.size = 64KB (=65536) (default)
2022-09-01 11:50:45,031 [pool-19-thread-1] INFO  server.RaftServerConfigKeys (ConfUtils.java:logGet(46)) - raft.server.log.unsafe-flush.enabled = false (default)
2022-09-01 11:50:45,031 [pool-19-thread-1] INFO  server.RaftServerConfigKeys (ConfUtils.java:logGet(46)) - raft.server.log.statemachine.data.caching.enabled = false (default)
2022-09-01 11:50:45,043 [pool-19-thread-1] INFO  server.RaftServer$Division (ServerState.java:setRaftConf(393)) - 76b5452b-5401-496a-924e-e3833b3fb27e@group-1ED43301BCE6: set configuration 0: [76b5452b-5401-496a-924e-e3833b3fb27e|rpc:localhost:44617|admin:|client:|dataStream:|priority:0], old=null
2022-09-01 11:50:45,043 [pool-19-thread-1] INFO  segmented.LogSegment (LogSegment.java:loadSegment(173)) - Successfully read 1 entries from segment file /home/runner/work/ozone/ozone/hadoop-ozone/integration-test/target/test-dir/MiniOzoneClusterImpl-a1c451f0-9b10-458f-87dd-1ed43301bce6/scmNode-1/scm-ha/a1c451f0-9b10-458f-87dd-1ed43301bce6/current/log_inprogress_0
2022-09-01 11:50:45,043 [pool-19-thread-1] INFO  segmented.SegmentedRaftLogWorker (SegmentedRaftLogWorker.java:lambda$new$0(135)) - 76b5452b-5401-496a-924e-e3833b3fb27e@group-1ED43301BCE6-SegmentedRaftLogWorker: flushIndex: setUnconditionally 0 -> 0
2022-09-01 11:50:45,044 [pool-19-thread-1] INFO  segmented.SegmentedRaftLogWorker (SegmentedRaftLogWorker.java:lambda$new$0(135)) - 76b5452b-5401-496a-924e-e3833b3fb27e@group-1ED43301BCE6-SegmentedRaftLogWorker: safeCacheEvictIndex: setUnconditionally 0 -> -1
2022-09-01 11:50:45,048 [pool-19-thread-1] INFO  server.RaftServerConfigKeys (ConfUtils.java:logGet(46)) - raft.server.snapshot.auto.trigger.enabled = true (custom)
2022-09-01 11:50:45,048 [pool-19-thread-1] INFO  server.RaftServerConfigKeys (ConfUtils.java:logGet(46)) - raft.server.snapshot.auto.trigger.threshold = 1000 (custom)
2022-09-01 11:50:45,048 [pool-19-thread-1] INFO  server.RaftServerConfigKeys (ConfUtils.java:logGet(46)) - raft.server.snapshot.retention.file.num = -1 (default)
2022-09-01 11:50:45,048 [pool-19-thread-1] INFO  server.RaftServerConfigKeys (ConfUtils.java:logGet(46)) - raft.server.log.purge.upto.snapshot.index = false (default)
2022-09-01 11:50:45,049 [pool-19-thread-1] INFO  server.RaftServerConfigKeys (ConfUtils.java:logGet(46)) - raft.server.retrycache.expirytime = 60000ms (default)
2022-09-01 11:50:45,049 [pool-19-thread-1] INFO  server.RaftServerConfigKeys (ConfUtils.java:logGet(46)) - raft.server.retrycache.statistics.expirytime = 100μs (default)
2022-09-01 11:50:45,052 [pool-19-thread-1] INFO  server.RaftServerConfigKeys (ConfUtils.java:logGet(46)) - raft.server.log.appender.install.snapshot.enabled = false (custom)
2022-09-01 11:50:45,052 [pool-19-thread-1] INFO  server.RaftServerConfigKeys (ConfUtils.java:logGet(46)) - raft.server.threadpool.server.cached = true (default)
2022-09-01 11:50:45,052 [pool-19-thread-1] INFO  server.RaftServerConfigKeys (ConfUtils.java:logGet(46)) - raft.server.threadpool.server.size = 0 (default)
2022-09-01 11:50:45,052 [pool-19-thread-1] INFO  server.RaftServerConfigKeys (ConfUtils.java:logGet(46)) - raft.server.threadpool.client.cached = true (default)
2022-09-01 11:50:45,052 [pool-19-thread-1] INFO  server.RaftServerConfigKeys (ConfUtils.java:logGet(46)) - raft.server.threadpool.client.size = 0 (default)
2022-09-01 11:50:45,054 [Time-limited test] INFO  ha.SCMSnapshotProvider (SCMSnapshotProvider.java:<init>(66)) - Initializing SCM Snapshot Provider
2022-09-01 11:50:45,054 [Time-limited test] WARN  server.ServerUtils (ServerUtils.java:getDefaultRatisDirectory(237)) - Storage directory for Ratis is not configured. It is a good idea to map this to an SSD disk. Falling back to ozone.metadata.dirs
2022-09-01 11:50:45,055 [Time-limited test] WARN  ha.SCMHAUtils (SCMHAUtils.java:getSCMRatisSnapshotDirectory(153)) - SCM snapshot dir is not configured. Falling back to ozone.metadata.dirs config
2022-09-01 11:50:45,089 [Time-limited test] INFO  upgrade.AbstractLayoutVersionManager (AbstractLayoutVersionManager.java:init(83)) - Initializing Layout version manager with metadata layout = DATANODE_SCHEMA_V3 (version = 4), software layout = DATANODE_SCHEMA_V3 (version = 4)
2022-09-01 11:50:45,280 [Time-limited test] INFO  reflections.Reflections (Reflections.java:scan(232)) - Reflections took 159 ms to scan 7 urls, producing 133 keys and 322 values 
2022-09-01 11:50:45,429 [Time-limited test] INFO  ha.SequenceIdGenerator (SequenceIdGenerator.java:upgradeToSequenceId(349)) - upgrade localId to 109611004723200000
2022-09-01 11:50:45,429 [Time-limited test] INFO  ha.SequenceIdGenerator (SequenceIdGenerator.java:upgradeToSequenceId(359)) - upgrade delTxnId to 0
2022-09-01 11:50:45,434 [Time-limited test] INFO  ha.SequenceIdGenerator (SequenceIdGenerator.java:upgradeToSequenceId(376)) - upgrade containerId to 0
2022-09-01 11:50:45,436 [Time-limited test] INFO  ha.SequenceIdGenerator (SequenceIdGenerator.java:<init>(220)) - Init the HA SequenceIdGenerator.
2022-09-01 11:50:45,498 [Time-limited test] INFO  node.SCMNodeManager (SCMNodeManager.java:<init>(149)) - Entering startup safe mode.
2022-09-01 11:50:45,562 [Time-limited test] INFO  algorithms.ContainerPlacementPolicyFactory (ContainerPlacementPolicyFactory.java:getPolicyInternal(86)) - Create container placement policy of type org.apache.hadoop.hdds.scm.container.placement.algorithms.SCMContainerPlacementRandom
2022-09-01 11:50:45,563 [Time-limited test] INFO  algorithms.ContainerPlacementPolicyFactory (ContainerPlacementPolicyFactory.java:getPolicyInternal(86)) - Create container placement policy of type org.apache.hadoop.hdds.scm.container.placement.algorithms.SCMContainerPlacementRackScatter
2022-09-01 11:50:45,575 [Time-limited test] INFO  pipeline.PipelineStateManagerImpl (PipelineStateManagerImpl.java:initialize(78)) - No pipeline exists in current db
2022-09-01 11:50:45,622 [Time-limited test] INFO  algorithms.LeaderChoosePolicyFactory (LeaderChoosePolicyFactory.java:getPolicy(57)) - Create leader choose policy of type org.apache.hadoop.hdds.scm.pipeline.leader.choose.algorithms.MinLeaderCountChoosePolicy
2022-09-01 11:50:45,622 [Time-limited test] INFO  algorithms.ContainerPlacementPolicyFactory (ContainerPlacementPolicyFactory.java:getPolicyInternal(86)) - Create container placement policy of type org.apache.hadoop.hdds.scm.container.placement.algorithms.SCMContainerPlacementRackScatter
2022-09-01 11:50:45,629 [Time-limited test] INFO  ha.SCMServiceManager (SCMServiceManager.java:register(42)) - Registering service BackgroundPipelineCreator.
2022-09-01 11:50:45,629 [Time-limited test] INFO  pipeline.BackgroundPipelineCreator (BackgroundPipelineCreator.java:start(124)) - Starting RatisPipelineUtilsThread.
2022-09-01 11:50:45,633 [Time-limited test] INFO  BackgroundPipelineScrubber (BackgroundSCMService.java:start(68)) - Starting BackgroundPipelineScrubber Service.
2022-09-01 11:50:45,633 [Time-limited test] INFO  ha.SCMServiceManager (SCMServiceManager.java:register(42)) - Registering service BackgroundPipelineScrubber.
2022-09-01 11:50:45,640 [Time-limited test] INFO  ExpiredContainerReplicaOpScrubber (BackgroundSCMService.java:start(68)) - Starting ExpiredContainerReplicaOpScrubber Service.
2022-09-01 11:50:45,641 [Time-limited test] INFO  ha.SCMServiceManager (SCMServiceManager.java:register(42)) - Registering service ExpiredContainerReplicaOpScrubber.
2022-09-01 11:50:45,672 [Time-limited test] INFO  algorithms.PipelineChoosePolicyFactory (PipelineChoosePolicyFactory.java:createPipelineChoosePolicyFromClass(73)) - Create pipeline choose policy of type org.apache.hadoop.hdds.scm.pipeline.choose.algorithms.RandomPipelineChoosePolicy
2022-09-01 11:50:45,692 [Time-limited test] INFO  ha.SCMServiceManager (SCMServiceManager.java:register(42)) - Registering service SCMBlockDeletingService.
2022-09-01 11:50:45,739 [Time-limited test] INFO  replication.ReplicationManager (ReplicationManager.java:start(208)) - Starting Replication Monitor Thread.
2022-09-01 11:50:45,748 [Time-limited test] INFO  UnderReplicatedQueueThread (BackgroundSCMService.java:start(68)) - Starting UnderReplicatedQueueThread Service.
2022-09-01 11:50:45,749 [Time-limited test] INFO  ha.SCMServiceManager (SCMServiceManager.java:register(42)) - Registering service UnderReplicatedQueueThread.
2022-09-01 11:50:45,750 [Time-limited test] INFO  OverReplicatedQueueThread (BackgroundSCMService.java:start(68)) - Starting OverReplicatedQueueThread Service.
2022-09-01 11:50:45,750 [Time-limited test] INFO  ha.SCMServiceManager (SCMServiceManager.java:register(42)) - Registering service OverReplicatedQueueThread.
2022-09-01 11:50:45,751 [Time-limited test] INFO  ha.SCMServiceManager (SCMServiceManager.java:register(42)) - Registering service ReplicationManager.
2022-09-01 11:50:45,759 [ReplicationMonitor] INFO  replication.ReplicationManager (ReplicationManager.java:processAll(257)) - Replication Manager is not ready to run until 300000ms after safemode exit
2022-09-01 11:50:45,764 [Time-limited test] INFO  safemode.ContainerSafeModeRule (ContainerSafeModeRule.java:<init>(89)) - containers with one replica threshold count 0
2022-09-01 11:50:45,768 [Time-limited test] INFO  safemode.HealthyPipelineSafeModeRule (HealthyPipelineSafeModeRule.java:initializeRule(169)) - Total pipeline count is 0, healthy pipeline threshold count is 1
2022-09-01 11:50:45,770 [Time-limited test] INFO  safemode.OneReplicaPipelineSafeModeRule (OneReplicaPipelineSafeModeRule.java:initializeRule(180)) - Total pipeline count is 0, pipeline's with at least one datanode reported threshold count is 0
2022-09-01 11:50:46,223 [Time-limited test] INFO  audit.AuditLogger (AuditLogger.java:refreshDebugCmdSet(126)) - Refresh DebugCmdSet for SCMAudit to [].
2022-09-01 11:50:46,287 [Time-limited test] INFO  ipc.CallQueueManager (CallQueueManager.java:<init>(90)) - Using callQueue: class java.util.concurrent.LinkedBlockingQueue, queueCapacity: 10000, scheduler: class org.apache.hadoop.ipc.DefaultRpcScheduler, ipcBackoff: false.
2022-09-01 11:50:46,334 [Socket Reader #1 for port 42041] INFO  ipc.Server (Server.java:run(1265)) - Starting Socket Reader #1 for port 42041
2022-09-01 11:50:46,402 [Listener at 0.0.0.0/42041] INFO  audit.AuditLogger (AuditLogger.java:refreshDebugCmdSet(126)) - Refresh DebugCmdSet for SCMAudit to [].
2022-09-01 11:50:46,408 [Listener at 0.0.0.0/42041] INFO  ipc.CallQueueManager (CallQueueManager.java:<init>(90)) - Using callQueue: class java.util.concurrent.LinkedBlockingQueue, queueCapacity: 10000, scheduler: class org.apache.hadoop.ipc.DefaultRpcScheduler, ipcBackoff: false.
2022-09-01 11:50:46,409 [Socket Reader #1 for port 45865] INFO  ipc.Server (Server.java:run(1265)) - Starting Socket Reader #1 for port 45865
2022-09-01 11:50:46,443 [Listener at 0.0.0.0/45865] INFO  audit.AuditLogger (AuditLogger.java:refreshDebugCmdSet(126)) - Refresh DebugCmdSet for SCMAudit to [].
2022-09-01 11:50:46,456 [Listener at 0.0.0.0/45865] INFO  ipc.CallQueueManager (CallQueueManager.java:<init>(90)) - Using callQueue: class java.util.concurrent.LinkedBlockingQueue, queueCapacity: 10000, scheduler: class org.apache.hadoop.ipc.DefaultRpcScheduler, ipcBackoff: false.
2022-09-01 11:50:46,460 [Socket Reader #1 for port 41613] INFO  ipc.Server (Server.java:run(1265)) - Starting Socket Reader #1 for port 41613
2022-09-01 11:50:46,552 [Listener at 0.0.0.0/41613] INFO  ha.SCMServiceManager (SCMServiceManager.java:register(42)) - Registering service ContainerBalancer.
2022-09-01 11:50:46,553 [Listener at 0.0.0.0/41613] INFO  server.StorageContainerManager (StorageContainerManager.java:<init>(412)) - 
Container Balancer status:
Key                            Value
Running                        false
Container Balancer Configuration values:
Key                                                Value
Threshold                                          10
Max Datanodes to Involve per Iteration(percent)    20
Max Size to Move per Iteration                     500GB
Max Size Entering Target per Iteration             26GB
Max Size Leaving Source per Iteration              26GB

2022-09-01 11:50:46,553 [Listener at 0.0.0.0/41613] WARN  events.EventQueue (EventQueue.java:fireEvent(216)) - No event handler registered for event TypedEvent{payloadType=SafeModeStatus, name='Safe mode status'}
2022-09-01 11:50:46,553 [Listener at 0.0.0.0/41613] INFO  ha.SCMContext (SCMContext.java:updateSafeModeStatus(228)) - Update SafeModeStatus from SafeModeStatus{safeModeStatus=true, preCheckPassed=false} to SafeModeStatus{safeModeStatus=true, preCheckPassed=false}.
2022-09-01 11:50:46,558 [Listener at 0.0.0.0/41613] INFO  server.StorageContainerManager (StorageContainerManager.java:start(1466)) - StorageContainerLocationProtocol RPC server is listening at /0.0.0.0:41613
2022-09-01 11:50:46,559 [Listener at 0.0.0.0/41613] INFO  ha.SCMRatisServerImpl (SCMRatisServerImpl.java:start(178)) - starting ratis server 0.0.0.0:44617
2022-09-01 11:50:46,560 [76b5452b-5401-496a-924e-e3833b3fb27e-impl-thread1] INFO  server.RaftServer$Division (RaftServerImpl.java:start(310)) - 76b5452b-5401-496a-924e-e3833b3fb27e@group-1ED43301BCE6: start as a follower, conf=0: [76b5452b-5401-496a-924e-e3833b3fb27e|rpc:localhost:44617|admin:|client:|dataStream:|priority:0], old=null
2022-09-01 11:50:46,560 [76b5452b-5401-496a-924e-e3833b3fb27e-impl-thread1] INFO  server.RaftServer$Division (RaftServerImpl.java:setRole(299)) - 76b5452b-5401-496a-924e-e3833b3fb27e@group-1ED43301BCE6: changes role from      null to FOLLOWER at term 1 for startAsFollower
2022-09-01 11:50:46,560 [76b5452b-5401-496a-924e-e3833b3fb27e-impl-thread1] INFO  impl.RoleInfo (RoleInfo.java:updateAndGet(139)) - 76b5452b-5401-496a-924e-e3833b3fb27e: start 76b5452b-5401-496a-924e-e3833b3fb27e@group-1ED43301BCE6-FollowerState
2022-09-01 11:50:46,561 [76b5452b-5401-496a-924e-e3833b3fb27e-impl-thread1] INFO  util.JmxRegister (JmxRegister.java:tryRegister(44)) - Successfully registered JMX Bean with object name Ratis:service=RaftServer,group=group-1ED43301BCE6,id=76b5452b-5401-496a-924e-e3833b3fb27e
2022-09-01 11:50:46,562 [Listener at 0.0.0.0/41613] INFO  server.RaftServer (RaftServerProxy.java:lambda$start$6(382)) - 76b5452b-5401-496a-924e-e3833b3fb27e: start RPC server
2022-09-01 11:50:46,563 [Listener at 0.0.0.0/41613] INFO  server.GrpcService (GrpcService.java:startImpl(260)) - 76b5452b-5401-496a-924e-e3833b3fb27e: GrpcService started, listening on 44617
2022-09-01 11:50:46,568 [Listener at 0.0.0.0/41613] INFO  ha.SCMHAManagerImpl (SCMHAManagerImpl.java:start(121)) -  scm role is FOLLOWER peers [76b5452b-5401-496a-924e-e3833b3fb27e|rpc:localhost:44617|admin:|client:|dataStream:|priority:0]
2022-09-01 11:50:46,568 [Listener at 0.0.0.0/41613] INFO  ha.InterSCMGrpcService (InterSCMGrpcProtocolService.java:start(94)) - Starting SCM Grpc Service at port 37549
2022-09-01 11:50:46,568 [org.apache.ratis.util.JvmPauseMonitor$$Lambda$519/975069640@12c198d1] INFO  util.JvmPauseMonitor (JvmPauseMonitor.java:run(103)) - JvmPauseMonitor-76b5452b-5401-496a-924e-e3833b3fb27e: Started
2022-09-01 11:50:46,654 [Listener at 0.0.0.0/41613] WARN  impl.MetricsConfig (MetricsConfig.java:loadFirst(136)) - Cannot locate configuration: tried hadoop-metrics2-storagecontainermanager.properties,hadoop-metrics2.properties
2022-09-01 11:50:46,676 [Listener at 0.0.0.0/41613] INFO  impl.MetricsSystemImpl (MetricsSystemImpl.java:startTimer(378)) - Scheduled Metric snapshot period at 10 second(s).
2022-09-01 11:50:46,676 [Listener at 0.0.0.0/41613] INFO  impl.MetricsSystemImpl (MetricsSystemImpl.java:start(191)) - StorageContainerManager metrics system started
2022-09-01 11:50:46,993 [Listener at 0.0.0.0/41613] INFO  server.SCMClientProtocolServer (SCMClientProtocolServer.java:start(170)) - RPC server for Client  is listening at /0.0.0.0:41613
2022-09-01 11:50:46,996 [IPC Server Responder] INFO  ipc.Server (Server.java:run(1507)) - IPC Server Responder: starting
2022-09-01 11:50:46,998 [IPC Server listener on 41613] INFO  ipc.Server (Server.java:run(1344)) - IPC Server listener on 41613: starting
2022-09-01 11:50:47,020 [Listener at 0.0.0.0/41613] INFO  server.StorageContainerManager (StorageContainerManager.java:start(1481)) - ScmBlockLocationProtocol RPC server is listening at /0.0.0.0:45865
2022-09-01 11:50:47,021 [Listener at 0.0.0.0/41613] INFO  server.SCMBlockProtocolServer (SCMBlockProtocolServer.java:start(152)) - RPC server for Block Protocol is listening at /0.0.0.0:45865
2022-09-01 11:50:47,023 [IPC Server Responder] INFO  ipc.Server (Server.java:run(1507)) - IPC Server Responder: starting
2022-09-01 11:50:47,023 [IPC Server listener on 45865] INFO  ipc.Server (Server.java:run(1344)) - IPC Server listener on 45865: starting
2022-09-01 11:50:47,079 [org.apache.hadoop.util.JvmPauseMonitor$Monitor@1a1183c] INFO  util.JvmPauseMonitor (JvmPauseMonitor.java:run(188)) - Starting JVM pause monitor
2022-09-01 11:50:47,120 [Listener at 0.0.0.0/41613] INFO  http.BaseHttpServer (BaseHttpServer.java:newHttpServer2BuilderForOzone(213)) - Starting Web-server for scm at: http://0.0.0.0:37775
2022-09-01 11:50:47,120 [Listener at 0.0.0.0/41613] INFO  http.BaseHttpServer (BaseHttpServer.java:<init>(108)) - Hadoop Security Enabled: false Ozone Security Enabled: false Ozone HTTP Security Enabled: false 
2022-09-01 11:50:47,156 [Listener at 0.0.0.0/41613] INFO  util.log (Log.java:initialized(170)) - Logging initialized @12180ms to org.eclipse.jetty.util.log.Slf4jLog
2022-09-01 11:50:47,271 [Listener at 0.0.0.0/41613] INFO  server.AuthenticationFilter (AuthenticationFilter.java:constructSecretProvider(240)) - Unable to initialize FileSignerSecretProvider, falling back to use random secrets.
2022-09-01 11:50:47,278 [Listener at 0.0.0.0/41613] WARN  http.HttpRequestLog (HttpRequestLog.java:getRequestLog(103)) - Jetty request log can only be enabled using Log4j
2022-09-01 11:50:47,286 [Listener at 0.0.0.0/41613] INFO  http.HttpServer2 (HttpServer2.java:addGlobalFilter(1029)) - Added global filter 'safety' (class=org.apache.hadoop.hdds.server.http.HttpServer2$QuotingInputFilter)
2022-09-01 11:50:47,288 [Listener at 0.0.0.0/41613] INFO  http.HttpServer2 (HttpServer2.java:addFilter(1005)) - Added filter static_user_filter (class=org.apache.hadoop.http.lib.StaticUserWebFilter$StaticUserFilter) to context scm
2022-09-01 11:50:47,289 [Listener at 0.0.0.0/41613] INFO  http.HttpServer2 (HttpServer2.java:addFilter(1013)) - Added filter static_user_filter (class=org.apache.hadoop.http.lib.StaticUserWebFilter$StaticUserFilter) to context logs
2022-09-01 11:50:47,289 [Listener at 0.0.0.0/41613] INFO  http.HttpServer2 (HttpServer2.java:addFilter(1013)) - Added filter static_user_filter (class=org.apache.hadoop.http.lib.StaticUserWebFilter$StaticUserFilter) to context static
2022-09-01 11:50:47,339 [Listener at 0.0.0.0/41613] INFO  http.HttpServer2 (HttpServer2.java:bindListener(1248)) - Jetty bound to port 37775
2022-09-01 11:50:47,340 [Listener at 0.0.0.0/41613] INFO  server.Server (Server.java:doStart(375)) - jetty-9.4.43.v20210629; built: 2021-06-30T11:07:22.254Z; git: 526006ecfa3af7f1a27ef3a288e2bef7ea9dd7e8; jvm 1.8.0_345-b01
2022-09-01 11:50:47,380 [Listener at 0.0.0.0/41613] INFO  server.session (DefaultSessionIdManager.java:doStart(334)) - DefaultSessionIdManager workerName=node0
2022-09-01 11:50:47,380 [Listener at 0.0.0.0/41613] INFO  server.session (DefaultSessionIdManager.java:doStart(339)) - No SessionScavenger set, using defaults
2022-09-01 11:50:47,383 [Listener at 0.0.0.0/41613] INFO  server.session (HouseKeeper.java:startScavenging(132)) - node0 Scavenging every 600000ms
2022-09-01 11:50:47,415 [Listener at 0.0.0.0/41613] INFO  handler.ContextHandler (ContextHandler.java:doStart(915)) - Started o.e.j.s.ServletContextHandler@77e4d7bf{logs,/logs,file:///home/runner/work/ozone/ozone/hadoop-ozone/integration-test/target/log,AVAILABLE}
2022-09-01 11:50:47,416 [Listener at 0.0.0.0/41613] INFO  handler.ContextHandler (ContextHandler.java:doStart(915)) - Started o.e.j.s.ServletContextHandler@34faa8{static,/static,file:///home/runner/work/ozone/ozone/hadoop-ozone/integration-test/target/test-classes/webapps/static,AVAILABLE}
2022-09-01 11:50:47,481 [Listener at 0.0.0.0/41613] INFO  handler.ContextHandler (ContextHandler.java:doStart(915)) - Started o.e.j.w.WebAppContext@4732eca{scm,/,file:///home/runner/work/ozone/ozone/hadoop-ozone/integration-test/target/test-classes/webapps/scm/,AVAILABLE}{file:/home/runner/work/ozone/ozone/hadoop-ozone/integration-test/target/test-classes/webapps/scm}
2022-09-01 11:50:47,496 [Listener at 0.0.0.0/41613] INFO  server.AbstractConnector (AbstractConnector.java:doStart(331)) - Started ServerConnector@4cf20f43{HTTP/1.1, (http/1.1)}{0.0.0.0:37775}
2022-09-01 11:50:47,497 [Listener at 0.0.0.0/41613] INFO  server.Server (Server.java:doStart(415)) - Started @12521ms
2022-09-01 11:50:47,499 [Listener at 0.0.0.0/41613] INFO  impl.MetricsSinkAdapter (MetricsSinkAdapter.java:start(204)) - Sink prometheus started
2022-09-01 11:50:47,500 [Listener at 0.0.0.0/41613] INFO  impl.MetricsSystemImpl (MetricsSystemImpl.java:registerSink(305)) - Registered sink prometheus
2022-09-01 11:50:47,502 [Listener at 0.0.0.0/41613] INFO  http.BaseHttpServer (BaseHttpServer.java:updateConnectorAddress(333)) - HTTP server of scm listening at http://0.0.0.0:37775
2022-09-01 11:50:47,502 [Listener at 0.0.0.0/41613] INFO  ozone.MiniOzoneHAClusterImpl (MiniOzoneHAClusterImpl.java:createSCMService(606)) - Started SCM RPC server at /0.0.0.0:41613
2022-09-01 11:50:47,523 [Listener at 0.0.0.0/41613] WARN  server.ServerUtils (ServerUtils.java:getScmDbDir(148)) - ozone.scm.db.dirs is not configured. We recommend adding this setting. Falling back to ozone.metadata.dirs instead.
2022-09-01 11:50:47,524 [Listener at 0.0.0.0/41613] INFO  ha.SCMHANodeDetails (SCMHANodeDetails.java:loadSCMHAConfig(209)) - ServiceID for StorageContainerManager is scmServiceId
2022-09-01 11:50:47,524 [Listener at 0.0.0.0/41613] INFO  ha.SCMHANodeDetails (SCMHANodeDetails.java:loadSCMHAConfig(220)) - ServiceID for StorageContainerManager is scmServiceId
2022-09-01 11:50:47,524 [Listener at 0.0.0.0/41613] WARN  scm.ScmUtils (ScmUtils.java:logWarn(179)) - ConfigKey ozone.scm.block.client.address is deprecated, For configuring different ports for each SCM use PortConfigKey ozone.scm.block.client.port appended with serviceId and nodeId. If want to configure same port configure ozone.scm.block.client.port
2022-09-01 11:50:47,524 [Listener at 0.0.0.0/41613] WARN  scm.ScmUtils (ScmUtils.java:logWarn(179)) - ConfigKey ozone.scm.client.address is deprecated, For configuring different ports for each SCM use PortConfigKey ozone.scm.client.port appended with serviceId and nodeId. If want to configure same port configure ozone.scm.client.port
2022-09-01 11:50:47,524 [Listener at 0.0.0.0/41613] WARN  scm.ScmUtils (ScmUtils.java:logWarn(179)) - ConfigKey ozone.scm.datanode.address is deprecated, For configuring different ports for each SCM use PortConfigKey ozone.scm.datanode.port appended with serviceId and nodeId. If want to configure same port configure ozone.scm.datanode.port
2022-09-01 11:50:47,525 [Listener at 0.0.0.0/41613] WARN  scm.ScmUtils (ScmUtils.java:logWarn(179)) - ConfigKey ozone.scm.block.client.address is deprecated, For configuring different ports for each SCM use PortConfigKey ozone.scm.block.client.port appended with serviceId and nodeId. If want to configure same port configure ozone.scm.block.client.port
2022-09-01 11:50:47,526 [Listener at 0.0.0.0/41613] WARN  scm.ScmUtils (ScmUtils.java:logWarn(179)) - ConfigKey ozone.scm.client.address is deprecated, For configuring different ports for each SCM use PortConfigKey ozone.scm.client.port appended with serviceId and nodeId. If want to configure same port configure ozone.scm.client.port
2022-09-01 11:50:47,526 [Listener at 0.0.0.0/41613] WARN  scm.ScmUtils (ScmUtils.java:logWarn(179)) - ConfigKey ozone.scm.datanode.address is deprecated, For configuring different ports for each SCM use PortConfigKey ozone.scm.datanode.port appended with serviceId and nodeId. If want to configure same port configure ozone.scm.datanode.port
2022-09-01 11:50:47,526 [Listener at 0.0.0.0/41613] INFO  ha.SCMHANodeDetails (SCMHANodeDetails.java:loadSCMHAConfig(307)) - Found matching SCM address with SCMServiceId: scmServiceId, SCMNodeId: scmNode-2, RPC Address: localhost:46585 and Ratis port: 46585
2022-09-01 11:50:47,526 [Listener at 0.0.0.0/41613] INFO  ha.SCMHANodeDetails (ConfUtils.java:setNodeSpecificConfigs(97)) - Setting configuration key ozone.scm.datanode.address with value of key ozone.scm.datanode.address.scmServiceId.scmNode-2: 127.0.0.1:38463
2022-09-01 11:50:47,526 [Listener at 0.0.0.0/41613] INFO  ha.SCMHANodeDetails (ConfUtils.java:setNodeSpecificConfigs(97)) - Setting configuration key ozone.scm.block.client.address with value of key ozone.scm.block.client.address.scmServiceId.scmNode-2: 127.0.0.1:40239
2022-09-01 11:50:47,526 [Listener at 0.0.0.0/41613] INFO  ha.SCMHANodeDetails (ConfUtils.java:setNodeSpecificConfigs(97)) - Setting configuration key ozone.scm.client.address with value of key ozone.scm.client.address.scmServiceId.scmNode-2: 127.0.0.1:36101
2022-09-01 11:50:47,527 [Listener at 0.0.0.0/41613] INFO  ha.SCMHANodeDetails (ConfUtils.java:setNodeSpecificConfigs(97)) - Setting configuration key ozone.scm.ratis.port with value of key ozone.scm.ratis.port.scmServiceId.scmNode-2: 46585
2022-09-01 11:50:47,527 [Listener at 0.0.0.0/41613] INFO  ha.SCMHANodeDetails (ConfUtils.java:setNodeSpecificConfigs(97)) - Setting configuration key ozone.scm.grpc.port with value of key ozone.scm.grpc.port.scmServiceId.scmNode-2: 40909
2022-09-01 11:50:47,527 [Listener at 0.0.0.0/41613] INFO  ha.SCMHANodeDetails (ConfUtils.java:setNodeSpecificConfigs(97)) - Setting configuration key ozone.scm.http-address with value of key ozone.scm.http-address.scmServiceId.scmNode-2: 127.0.0.1:38069
2022-09-01 11:50:47,527 [Listener at 0.0.0.0/41613] INFO  ha.SCMHANodeDetails (ConfUtils.java:setNodeSpecificConfigs(97)) - Setting configuration key ozone.scm.https-address with value of key ozone.scm.https-address.scmServiceId.scmNode-2: 127.0.0.1:41421
2022-09-01 11:50:47,528 [Listener at 0.0.0.0/41613] INFO  ha.SCMHANodeDetails (ConfUtils.java:setNodeSpecificConfigs(97)) - Setting configuration key ozone.scm.address with value of key ozone.scm.address.scmServiceId.scmNode-2: 127.0.0.1
2022-09-01 11:50:47,528 [Listener at 0.0.0.0/41613] WARN  scm.ScmUtils (ScmUtils.java:logWarn(179)) - ConfigKey ozone.scm.block.client.address is deprecated, For configuring different ports for each SCM use PortConfigKey ozone.scm.block.client.port appended with serviceId and nodeId. If want to configure same port configure ozone.scm.block.client.port
2022-09-01 11:50:47,528 [Listener at 0.0.0.0/41613] WARN  scm.ScmUtils (ScmUtils.java:logWarn(179)) - ConfigKey ozone.scm.client.address is deprecated, For configuring different ports for each SCM use PortConfigKey ozone.scm.client.port appended with serviceId and nodeId. If want to configure same port configure ozone.scm.client.port
2022-09-01 11:50:47,528 [Listener at 0.0.0.0/41613] WARN  scm.ScmUtils (ScmUtils.java:logWarn(179)) - ConfigKey ozone.scm.datanode.address is deprecated, For configuring different ports for each SCM use PortConfigKey ozone.scm.datanode.port appended with serviceId and nodeId. If want to configure same port configure ozone.scm.datanode.port
2022-09-01 11:50:47,538 [Listener at 0.0.0.0/41613] INFO  ha.SCMNodeInfo (SCMNodeInfo.java:getPort(197)) - ConfigKey ozone.scm.client.address is deprecated, For configuring different ports for each SCM use PortConfigKey ozone.scm.client.port appended with serviceId and nodeId
2022-09-01 11:50:47,538 [Listener at 0.0.0.0/41613] INFO  ha.SCMNodeInfo (SCMNodeInfo.java:getPort(197)) - ConfigKey ozone.scm.block.client.address is deprecated, For configuring different ports for each SCM use PortConfigKey ozone.scm.block.client.port appended with serviceId and nodeId
2022-09-01 11:50:47,538 [Listener at 0.0.0.0/41613] INFO  ha.SCMNodeInfo (SCMNodeInfo.java:getPort(197)) - ConfigKey ozone.scm.datanode.address is deprecated, For configuring different ports for each SCM use PortConfigKey ozone.scm.datanode.port appended with serviceId and nodeId
2022-09-01 11:50:47,538 [Listener at 0.0.0.0/41613] INFO  ha.SCMNodeInfo (SCMNodeInfo.java:getPort(197)) - ConfigKey ozone.scm.client.address is deprecated, For configuring different ports for each SCM use PortConfigKey ozone.scm.client.port appended with serviceId and nodeId
2022-09-01 11:50:47,538 [Listener at 0.0.0.0/41613] INFO  ha.SCMNodeInfo (SCMNodeInfo.java:getPort(197)) - ConfigKey ozone.scm.block.client.address is deprecated, For configuring different ports for each SCM use PortConfigKey ozone.scm.block.client.port appended with serviceId and nodeId
2022-09-01 11:50:47,540 [Listener at 0.0.0.0/41613] INFO  ha.SCMNodeInfo (SCMNodeInfo.java:getPort(197)) - ConfigKey ozone.scm.datanode.address is deprecated, For configuring different ports for each SCM use PortConfigKey ozone.scm.datanode.port appended with serviceId and nodeId
2022-09-01 11:50:47,541 [Listener at 0.0.0.0/41613] INFO  proxy.SCMBlockLocationFailoverProxyProvider (SCMBlockLocationFailoverProxyProvider.java:<init>(114)) - Created block location fail-over proxy with 2 nodes: [nodeId=scmNode-3,nodeAddress=/127.0.0.1:35923, nodeId=scmNode-1,nodeAddress=/127.0.0.1:45865]
2022-09-01 11:50:49,820 [Listener at 0.0.0.0/41613] INFO  retry.RetryInvocationHandler (RetryInvocationHandler.java:log(411)) - com.google.protobuf.ServiceException: java.net.ConnectException: Call From fv-az459-356/10.1.1.61 to localhost:35923 failed on connection exception: java.net.ConnectException: Connection refused; For more details see:  http://wiki.apache.org/hadoop/ConnectionRefused, while invoking $Proxy41.send over nodeId=scmNode-3,nodeAddress=/127.0.0.1:35923 after 1 failover attempts. Trying to failover after sleeping for 2000ms.
2022-09-01 11:50:51,651 [76b5452b-5401-496a-924e-e3833b3fb27e@group-1ED43301BCE6-FollowerState] INFO  impl.FollowerState (FollowerState.java:run(143)) - 76b5452b-5401-496a-924e-e3833b3fb27e@group-1ED43301BCE6-FollowerState: change to CANDIDATE, lastRpcElapsedTime:5091420761ns, electionTimeout:5089ms
2022-09-01 11:50:51,652 [76b5452b-5401-496a-924e-e3833b3fb27e@group-1ED43301BCE6-FollowerState] INFO  impl.RoleInfo (RoleInfo.java:shutdownFollowerState(110)) - 76b5452b-5401-496a-924e-e3833b3fb27e: shutdown 76b5452b-5401-496a-924e-e3833b3fb27e@group-1ED43301BCE6-FollowerState
2022-09-01 11:50:51,652 [76b5452b-5401-496a-924e-e3833b3fb27e@group-1ED43301BCE6-FollowerState] INFO  server.RaftServer$Division (RaftServerImpl.java:setRole(299)) - 76b5452b-5401-496a-924e-e3833b3fb27e@group-1ED43301BCE6: changes role from  FOLLOWER to CANDIDATE at term 1 for changeToCandidate
2022-09-01 11:50:51,652 [76b5452b-5401-496a-924e-e3833b3fb27e@group-1ED43301BCE6-FollowerState] INFO  server.RaftServerConfigKeys (ConfUtils.java:logGet(46)) - raft.server.leaderelection.pre-vote = false (custom)
2022-09-01 11:50:51,652 [76b5452b-5401-496a-924e-e3833b3fb27e@group-1ED43301BCE6-FollowerState] INFO  impl.RoleInfo (RoleInfo.java:updateAndGet(139)) - 76b5452b-5401-496a-924e-e3833b3fb27e: start 76b5452b-5401-496a-924e-e3833b3fb27e@group-1ED43301BCE6-LeaderElection2
2022-09-01 11:50:51,659 [76b5452b-5401-496a-924e-e3833b3fb27e@group-1ED43301BCE6-LeaderElection2] INFO  impl.LeaderElection (LeaderElection.java:askForVotes(310)) - 76b5452b-5401-496a-924e-e3833b3fb27e@group-1ED43301BCE6-LeaderElection2 ELECTION round 0: submit vote requests at term 2 for 0: [76b5452b-5401-496a-924e-e3833b3fb27e|rpc:localhost:44617|admin:|client:|dataStream:|priority:0], old=null
2022-09-01 11:50:51,659 [76b5452b-5401-496a-924e-e3833b3fb27e@group-1ED43301BCE6-LeaderElection2] INFO  impl.LeaderElection (LeaderElection.java:askForVotes(312)) - 76b5452b-5401-496a-924e-e3833b3fb27e@group-1ED43301BCE6-LeaderElection2 ELECTION round 0: result PASSED (term=2)
2022-09-01 11:50:51,660 [76b5452b-5401-496a-924e-e3833b3fb27e@group-1ED43301BCE6-LeaderElection2] INFO  impl.RoleInfo (RoleInfo.java:shutdownLeaderElection(130)) - 76b5452b-5401-496a-924e-e3833b3fb27e: shutdown 76b5452b-5401-496a-924e-e3833b3fb27e@group-1ED43301BCE6-LeaderElection2
2022-09-01 11:50:51,660 [76b5452b-5401-496a-924e-e3833b3fb27e@group-1ED43301BCE6-LeaderElection2] INFO  server.RaftServer$Division (RaftServerImpl.java:setRole(299)) - 76b5452b-5401-496a-924e-e3833b3fb27e@group-1ED43301BCE6: changes role from CANDIDATE to LEADER at term 2 for changeToLeader
2022-09-01 11:50:51,660 [76b5452b-5401-496a-924e-e3833b3fb27e@group-1ED43301BCE6-LeaderElection2] INFO  ha.SCMStateMachine (SCMStateMachine.java:notifyLeaderChanged(259)) - current SCM becomes leader of term 2.
2022-09-01 11:50:51,660 [76b5452b-5401-496a-924e-e3833b3fb27e@group-1ED43301BCE6-LeaderElection2] INFO  ha.SCMContext (SCMContext.java:updateLeaderAndTerm(99)) - update <isLeader,term> from <false,0> to <true,2>
2022-09-01 11:50:51,666 [76b5452b-5401-496a-924e-e3833b3fb27e@group-1ED43301BCE6-LeaderElection2] INFO  server.RaftServer$Division (ServerState.java:setLeader(287)) - 76b5452b-5401-496a-924e-e3833b3fb27e@group-1ED43301BCE6: change Leader from null to 76b5452b-5401-496a-924e-e3833b3fb27e at term 2 for becomeLeader, leader elected after 6639ms
2022-09-01 11:50:51,666 [76b5452b-5401-496a-924e-e3833b3fb27e@group-1ED43301BCE6-LeaderElection2] INFO  server.RaftServerConfigKeys (ConfUtils.java:logGet(46)) - raft.server.staging.catchup.gap = 1000 (default)
2022-09-01 11:50:51,666 [76b5452b-5401-496a-924e-e3833b3fb27e@group-1ED43301BCE6-LeaderElection2] INFO  server.RaftServerConfigKeys (ConfUtils.java:logGet(46)) - raft.server.write.element-limit = 4096 (default)
2022-09-01 11:50:51,667 [76b5452b-5401-496a-924e-e3833b3fb27e@group-1ED43301BCE6-LeaderElection2] INFO  server.RaftServerConfigKeys (ConfUtils.java:logGet(46)) - raft.server.write.byte-limit = 64MB (=67108864) (default)
2022-09-01 11:50:51,667 [76b5452b-5401-496a-924e-e3833b3fb27e@group-1ED43301BCE6-LeaderElection2] INFO  server.RaftServerConfigKeys (ConfUtils.java:logGet(46)) - raft.server.watch.timeout = 10s (default)
2022-09-01 11:50:51,667 [76b5452b-5401-496a-924e-e3833b3fb27e@group-1ED43301BCE6-LeaderElection2] INFO  server.RaftServerConfigKeys (ConfUtils.java:logGet(46)) - raft.server.watch.timeout.denomination = 1s (default)
2022-09-01 11:50:51,667 [76b5452b-5401-496a-924e-e3833b3fb27e@group-1ED43301BCE6-LeaderElection2] INFO  server.RaftServerConfigKeys (ConfUtils.java:logGet(46)) - raft.server.watch.element-limit = 65536 (default)
2022-09-01 11:50:51,667 [76b5452b-5401-496a-924e-e3833b3fb27e@group-1ED43301BCE6-LeaderElection2] INFO  server.RaftServerConfigKeys (ConfUtils.java:logGet(46)) - raft.server.write.element-limit = 4096 (default)
2022-09-01 11:50:51,669 [76b5452b-5401-496a-924e-e3833b3fb27e@group-1ED43301BCE6-LeaderElection2] INFO  server.RaftServerConfigKeys (ConfUtils.java:logGet(46)) - raft.server.write.follower.gap.ratio.max = -1.0 (default)
2022-09-01 11:50:51,670 [76b5452b-5401-496a-924e-e3833b3fb27e@group-1ED43301BCE6-LeaderElection2] INFO  impl.RoleInfo (RoleInfo.java:updateAndGet(139)) - 76b5452b-5401-496a-924e-e3833b3fb27e: start 76b5452b-5401-496a-924e-e3833b3fb27e@group-1ED43301BCE6-LeaderStateImpl
2022-09-01 11:50:51,670 [76b5452b-5401-496a-924e-e3833b3fb27e@group-1ED43301BCE6-LeaderElection2] INFO  segmented.SegmentedRaftLogWorker (SegmentedRaftLogWorker.java:rollLogSegment(430)) - 76b5452b-5401-496a-924e-e3833b3fb27e@group-1ED43301BCE6-SegmentedRaftLogWorker: Rolling segment log-0_0 to index:0
2022-09-01 11:50:51,673 [76b5452b-5401-496a-924e-e3833b3fb27e@group-1ED43301BCE6-SegmentedRaftLogWorker] INFO  segmented.SegmentedRaftLogWorker (SegmentedRaftLogWorker.java:execute(586)) - 76b5452b-5401-496a-924e-e3833b3fb27e@group-1ED43301BCE6-SegmentedRaftLogWorker: Rolled log segment from /home/runner/work/ozone/ozone/hadoop-ozone/integration-test/target/test-dir/MiniOzoneClusterImpl-a1c451f0-9b10-458f-87dd-1ed43301bce6/scmNode-1/scm-ha/a1c451f0-9b10-458f-87dd-1ed43301bce6/current/log_inprogress_0 to /home/runner/work/ozone/ozone/hadoop-ozone/integration-test/target/test-dir/MiniOzoneClusterImpl-a1c451f0-9b10-458f-87dd-1ed43301bce6/scmNode-1/scm-ha/a1c451f0-9b10-458f-87dd-1ed43301bce6/current/log_0-0
2022-09-01 11:50:51,674 [76b5452b-5401-496a-924e-e3833b3fb27e@group-1ED43301BCE6-LeaderElection2] INFO  server.RaftServer$Division (ServerState.java:setRaftConf(393)) - 76b5452b-5401-496a-924e-e3833b3fb27e@group-1ED43301BCE6: set configuration 1: [76b5452b-5401-496a-924e-e3833b3fb27e|rpc:localhost:44617|admin:|client:|dataStream:|priority:0], old=null
2022-09-01 11:50:51,690 [76b5452b-5401-496a-924e-e3833b3fb27e@group-1ED43301BCE6-SegmentedRaftLogWorker] INFO  segmented.SegmentedRaftLogWorker (SegmentedRaftLogWorker.java:execute(629)) - 76b5452b-5401-496a-924e-e3833b3fb27e@group-1ED43301BCE6-SegmentedRaftLogWorker: created new log segment /home/runner/work/ozone/ozone/hadoop-ozone/integration-test/target/test-dir/MiniOzoneClusterImpl-a1c451f0-9b10-458f-87dd-1ed43301bce6/scmNode-1/scm-ha/a1c451f0-9b10-458f-87dd-1ed43301bce6/current/log_inprogress_1
2022-09-01 11:50:51,693 [76b5452b-5401-496a-924e-e3833b3fb27e@group-1ED43301BCE6-StateMachineUpdater] INFO  ha.SCMContext (SCMContext.java:setLeaderReady(126)) - update <isLeaderReady> from <false> to <true>
2022-09-01 11:50:51,694 [76b5452b-5401-496a-924e-e3833b3fb27e@group-1ED43301BCE6-StateMachineUpdater] INFO  pipeline.BackgroundPipelineCreator (BackgroundPipelineCreator.java:notifyStatusChanged(254)) - Service BackgroundPipelineCreator transitions to RUNNING.
2022-09-01 11:50:51,698 [76b5452b-5401-496a-924e-e3833b3fb27e@group-1ED43301BCE6-StateMachineUpdater] INFO  safemode.HealthyPipelineSafeModeRule (HealthyPipelineSafeModeRule.java:initializeRule(165)) - Refreshed total pipeline count is 0, healthy pipeline threshold count is 1
2022-09-01 11:50:51,703 [76b5452b-5401-496a-924e-e3833b3fb27e@group-1ED43301BCE6-StateMachineUpdater] INFO  safemode.ContainerSafeModeRule (ContainerSafeModeRule.java:reInitializeRule(177)) - Refreshed one replica container threshold 0, currentThreshold 0
2022-09-01 11:50:51,704 [76b5452b-5401-496a-924e-e3833b3fb27e@group-1ED43301BCE6-StateMachineUpdater] INFO  safemode.OneReplicaPipelineSafeModeRule (OneReplicaPipelineSafeModeRule.java:initializeRule(176)) - Refreshed Total pipeline count is 0, pipeline's with at least one datanode reported threshold count is 0
2022-09-01 11:50:51,704 [76b5452b-5401-496a-924e-e3833b3fb27e@group-1ED43301BCE6-StateMachineUpdater] INFO  server.SCMDatanodeProtocolServer (SCMDatanodeProtocolServer.java:start(186)) - ScmDatanodeProtocol RPC server for DataNodes is listening at /0.0.0.0:42041
2022-09-01 11:50:51,712 [IPC Server Responder] INFO  ipc.Server (Server.java:run(1507)) - IPC Server Responder: starting
2022-09-01 11:50:51,714 [IPC Server listener on 42041] INFO  ipc.Server (Server.java:run(1344)) - IPC Server listener on 42041: starting
2022-09-01 11:50:51,855 [Listener at 0.0.0.0/41613] INFO  server.StorageContainerManager (StorageContainerManager.java:scmBootstrap(1149)) - SCM BootStrap  is successful for ClusterID a1c451f0-9b10-458f-87dd-1ed43301bce6, SCMID 56131482-92e3-4731-b18b-d0972f1f7686
2022-09-01 11:50:51,855 [Listener at 0.0.0.0/41613] INFO  server.StorageContainerManager (StorageContainerManager.java:scmBootstrap(1151)) - Primary SCM Node ID 76b5452b-5401-496a-924e-e3833b3fb27e
2022-09-01 11:50:51,855 [Listener at 0.0.0.0/41613] WARN  server.ServerUtils (ServerUtils.java:getScmDbDir(148)) - ozone.scm.db.dirs is not configured. We recommend adding this setting. Falling back to ozone.metadata.dirs instead.
2022-09-01 11:50:51,855 [Listener at 0.0.0.0/41613] INFO  ha.SCMHANodeDetails (SCMHANodeDetails.java:loadSCMHAConfig(209)) - ServiceID for StorageContainerManager is scmServiceId
2022-09-01 11:50:51,855 [Listener at 0.0.0.0/41613] INFO  ha.SCMHANodeDetails (SCMHANodeDetails.java:loadSCMHAConfig(220)) - ServiceID for StorageContainerManager is scmServiceId
2022-09-01 11:50:51,856 [Listener at 0.0.0.0/41613] WARN  scm.ScmUtils (ScmUtils.java:logWarn(179)) - ConfigKey ozone.scm.block.client.address is deprecated, For configuring different ports for each SCM use PortConfigKey ozone.scm.block.client.port appended with serviceId and nodeId. If want to configure same port configure ozone.scm.block.client.port
2022-09-01 11:50:51,856 [Listener at 0.0.0.0/41613] WARN  scm.ScmUtils (ScmUtils.java:logWarn(179)) - ConfigKey ozone.scm.client.address is deprecated, For configuring different ports for each SCM use PortConfigKey ozone.scm.client.port appended with serviceId and nodeId. If want to configure same port configure ozone.scm.client.port
2022-09-01 11:50:51,856 [Listener at 0.0.0.0/41613] WARN  scm.ScmUtils (ScmUtils.java:logWarn(179)) - ConfigKey ozone.scm.datanode.address is deprecated, For configuring different ports for each SCM use PortConfigKey ozone.scm.datanode.port appended with serviceId and nodeId. If want to configure same port configure ozone.scm.datanode.port
2022-09-01 11:50:51,856 [Listener at 0.0.0.0/41613] WARN  scm.ScmUtils (ScmUtils.java:logWarn(179)) - ConfigKey ozone.scm.block.client.address is deprecated, For configuring different ports for each SCM use PortConfigKey ozone.scm.block.client.port appended with serviceId and nodeId. If want to configure same port configure ozone.scm.block.client.port
2022-09-01 11:50:51,856 [Listener at 0.0.0.0/41613] WARN  scm.ScmUtils (ScmUtils.java:logWarn(179)) - ConfigKey ozone.scm.client.address is deprecated, For configuring different ports for each SCM use PortConfigKey ozone.scm.client.port appended with serviceId and nodeId. If want to configure same port configure ozone.scm.client.port
2022-09-01 11:50:51,857 [Listener at 0.0.0.0/41613] WARN  scm.ScmUtils (ScmUtils.java:logWarn(179)) - ConfigKey ozone.scm.datanode.address is deprecated, For configuring different ports for each SCM use PortConfigKey ozone.scm.datanode.port appended with serviceId and nodeId. If want to configure same port configure ozone.scm.datanode.port
2022-09-01 11:50:51,857 [Listener at 0.0.0.0/41613] INFO  ha.SCMHANodeDetails (SCMHANodeDetails.java:loadSCMHAConfig(307)) - Found matching SCM address with SCMServiceId: scmServiceId, SCMNodeId: scmNode-2, RPC Address: localhost:46585 and Ratis port: 46585
2022-09-01 11:50:51,857 [Listener at 0.0.0.0/41613] INFO  ha.SCMHANodeDetails (ConfUtils.java:setNodeSpecificConfigs(97)) - Setting configuration key ozone.scm.datanode.address with value of key ozone.scm.datanode.address.scmServiceId.scmNode-2: 127.0.0.1:38463
2022-09-01 11:50:51,857 [Listener at 0.0.0.0/41613] INFO  ha.SCMHANodeDetails (ConfUtils.java:setNodeSpecificConfigs(97)) - Setting configuration key ozone.scm.block.client.address with value of key ozone.scm.block.client.address.scmServiceId.scmNode-2: 127.0.0.1:40239
2022-09-01 11:50:51,857 [Listener at 0.0.0.0/41613] INFO  ha.SCMHANodeDetails (ConfUtils.java:setNodeSpecificConfigs(97)) - Setting configuration key ozone.scm.client.address with value of key ozone.scm.client.address.scmServiceId.scmNode-2: 127.0.0.1:36101
2022-09-01 11:50:51,857 [Listener at 0.0.0.0/41613] INFO  ha.SCMHANodeDetails (ConfUtils.java:setNodeSpecificConfigs(97)) - Setting configuration key ozone.scm.ratis.port with value of key ozone.scm.ratis.port.scmServiceId.scmNode-2: 46585
2022-09-01 11:50:51,857 [Listener at 0.0.0.0/41613] INFO  ha.SCMHANodeDetails (ConfUtils.java:setNodeSpecificConfigs(97)) - Setting configuration key ozone.scm.grpc.port with value of key ozone.scm.grpc.port.scmServiceId.scmNode-2: 40909
2022-09-01 11:50:51,857 [Listener at 0.0.0.0/41613] INFO  ha.SCMHANodeDetails (ConfUtils.java:setNodeSpecificConfigs(97)) - Setting configuration key ozone.scm.http-address with value of key ozone.scm.http-address.scmServiceId.scmNode-2: 127.0.0.1:38069
2022-09-01 11:50:51,857 [Listener at 0.0.0.0/41613] INFO  ha.SCMHANodeDetails (ConfUtils.java:setNodeSpecificConfigs(97)) - Setting configuration key ozone.scm.https-address with value of key ozone.scm.https-address.scmServiceId.scmNode-2: 127.0.0.1:41421
2022-09-01 11:50:51,858 [Listener at 0.0.0.0/41613] INFO  ha.SCMHANodeDetails (ConfUtils.java:setNodeSpecificConfigs(97)) - Setting configuration key ozone.scm.address with value of key ozone.scm.address.scmServiceId.scmNode-2: 127.0.0.1
2022-09-01 11:50:51,858 [Listener at 0.0.0.0/41613] WARN  scm.ScmUtils (ScmUtils.java:logWarn(179)) - ConfigKey ozone.scm.block.client.address is deprecated, For configuring different ports for each SCM use PortConfigKey ozone.scm.block.client.port appended with serviceId and nodeId. If want to configure same port configure ozone.scm.block.client.port
2022-09-01 11:50:51,858 [Listener at 0.0.0.0/41613] WARN  scm.ScmUtils (ScmUtils.java:logWarn(179)) - ConfigKey ozone.scm.client.address is deprecated, For configuring different ports for each SCM use PortConfigKey ozone.scm.client.port appended with serviceId and nodeId. If want to configure same port configure ozone.scm.client.port
2022-09-01 11:50:51,858 [Listener at 0.0.0.0/41613] WARN  scm.ScmUtils (ScmUtils.java:logWarn(179)) - ConfigKey ozone.scm.datanode.address is deprecated, For configuring different ports for each SCM use PortConfigKey ozone.scm.datanode.port appended with serviceId and nodeId. If want to configure same port configure ozone.scm.datanode.port
2022-09-01 11:50:51,860 [Listener at 0.0.0.0/41613] WARN  utils.HAUtils (HAUtils.java:getMetaDir(342)) - ozone.scm.db.dirs is not configured. We recommend adding this setting. Falling back to ozone.metadata.dirs instead.
2022-09-01 11:50:51,860 [Listener at 0.0.0.0/41613] WARN  db.DBStoreBuilder (DBStoreBuilder.java:applyDBDefinition(143)) - ozone.scm.db.dirs is not configured. We recommend adding this setting. Falling back to ozone.metadata.dirs instead.
2022-09-01 11:50:51,998 [Listener at 0.0.0.0/41613] INFO  net.NodeSchemaLoader (NodeSchemaLoader.java:loadSchemaFromFile(129)) - Loading schema from [jar:file:/home/runner/.m2/repository/org/apache/ozone/hdds-common/1.3.0-SNAPSHOT/hdds-common-1.3.0-SNAPSHOT.jar!/network-topology-default.xml]
2022-09-01 11:50:51,998 [Listener at 0.0.0.0/41613] INFO  net.NodeSchemaLoader (NodeSchemaLoader.java:loadSchema(176)) - Loading network topology layer schema file
2022-09-01 11:50:52,001 [Listener at 0.0.0.0/41613] WARN  impl.MetricRegistriesImpl (MetricRegistriesImpl.java:addReporterRegistration(111)) - New reporters are added after registries were created. Some metrics will be missing from the reporter. Please add reporter before adding any new registry.
2022-09-01 11:50:52,001 [Listener at 0.0.0.0/41613] WARN  impl.MetricRegistriesImpl (MetricRegistriesImpl.java:addReporterRegistration(111)) - New reporters are added after registries were created. Some metrics will be missing from the reporter. Please add reporter before adding any new registry.
2022-09-01 11:50:52,002 [Listener at 0.0.0.0/41613] INFO  ha.SCMRatisServerImpl (SCMRatisServerImpl.java:<init>(87)) - starting Raft server for scm:56131482-92e3-4731-b18b-d0972f1f7686
2022-09-01 11:50:52,003 [Listener at 0.0.0.0/41613] INFO  server.RaftServer (ConfUtils.java:logGet(46)) - raft.rpc.type = GRPC (default)
2022-09-01 11:50:52,003 [Listener at 0.0.0.0/41613] INFO  grpc.GrpcFactory (GrpcFactory.java:checkPooledByteBufAllocatorUseCacheForAllThreads(48)) - PERFORMANCE WARNING: useCacheForAllThreads is true that may cause Netty to create a lot garbage objects and, as a result, trigger GC.
	It is recommended to disable useCacheForAllThreads by setting -Dorg.apache.ratis.thirdparty.io.netty.allocator.useCacheForAllThreads=false in command line.
2022-09-01 11:50:52,003 [Listener at 0.0.0.0/41613] INFO  grpc.GrpcConfigKeys (ConfUtils.java:logGet(46)) - raft.grpc.admin.port = -1 (default)
2022-09-01 11:50:52,003 [Listener at 0.0.0.0/41613] INFO  grpc.GrpcConfigKeys (ConfUtils.java:logGet(46)) - raft.grpc.server.port = 46585 (custom)
2022-09-01 11:50:52,003 [Listener at 0.0.0.0/41613] INFO  grpc.GrpcConfigKeys (ConfUtils.java:logGet(46)) - raft.grpc.client.port = -1 (default)
2022-09-01 11:50:52,004 [Listener at 0.0.0.0/41613] INFO  grpc.GrpcConfigKeys (ConfUtils.java:logGet(46)) - raft.grpc.server.port = 46585 (custom)
2022-09-01 11:50:52,004 [Listener at 0.0.0.0/41613] INFO  grpc.GrpcConfigKeys (ConfUtils.java:logGet(46)) - raft.grpc.server.port = 46585 (custom)
2022-09-01 11:50:52,004 [Listener at 0.0.0.0/41613] INFO  server.GrpcService (ConfUtils.java:logGet(46)) - raft.grpc.message.size.max = 32m (=33554432) (custom)
2022-09-01 11:50:52,004 [Listener at 0.0.0.0/41613] INFO  server.RaftServerConfigKeys (ConfUtils.java:logGet(46)) - raft.server.log.appender.buffer.byte-limit = 33554432 (custom)
2022-09-01 11:50:52,004 [Listener at 0.0.0.0/41613] INFO  server.GrpcService (ConfUtils.java:logGet(46)) - raft.grpc.flow.control.window = 1MB (=1048576) (default)
2022-09-01 11:50:52,004 [Listener at 0.0.0.0/41613] INFO  server.RaftServerConfigKeys (ConfUtils.java:logGet(46)) - raft.server.rpc.request.timeout = 30000ms (custom)
2022-09-01 11:50:52,004 [Listener at 0.0.0.0/41613] INFO  grpc.GrpcConfigKeys (ConfUtils.java:logGet(46)) - raft.grpc.server.async.request.thread.pool.cached = true (default)
2022-09-01 11:50:52,005 [Listener at 0.0.0.0/41613] INFO  grpc.GrpcConfigKeys (ConfUtils.java:logGet(46)) - raft.grpc.server.async.request.thread.pool.size = 32 (default)
2022-09-01 11:50:52,006 [Listener at 0.0.0.0/41613] INFO  impl.DataStreamServerImpl (ConfUtils.java:logGet(46)) - raft.datastream.type = DISABLED (default)
2022-09-01 11:50:52,006 [Listener at 0.0.0.0/41613] INFO  server.RaftServerConfigKeys (ConfUtils.java:logGet(46)) - raft.server.threadpool.proxy.cached = true (default)
2022-09-01 11:50:52,006 [Listener at 0.0.0.0/41613] INFO  server.RaftServerConfigKeys (ConfUtils.java:logGet(46)) - raft.server.threadpool.proxy.size = 0 (default)
2022-09-01 11:50:52,006 [Listener at 0.0.0.0/41613] INFO  server.RaftServerConfigKeys (ConfUtils.java:logGet(46)) - raft.server.rpc.slowness.timeout = 120000ms (custom)
2022-09-01 11:50:52,006 [Listener at 0.0.0.0/41613] INFO  server.RaftServerConfigKeys (ConfUtils.java:logGet(46)) - raft.server.leaderelection.leader.step-down.wait-time = 10s (default)
2022-09-01 11:50:52,006 [Listener at 0.0.0.0/41613] INFO  server.RaftServerConfigKeys (ConfUtils.java:logGet(46)) - raft.server.storage.dir = [/home/runner/work/ozone/ozone/hadoop-ozone/integration-test/target/test-dir/MiniOzoneClusterImpl-a1c451f0-9b10-458f-87dd-1ed43301bce6/scmNode-2/scm-ha] (custom)
2022-09-01 11:50:52,007 [Listener at 0.0.0.0/41613] INFO  server.RaftServer (RaftServerProxy.java:addNew(96)) - 56131482-92e3-4731-b18b-d0972f1f7686: addNew group-1ED43301BCE6:[] returns group-1ED43301BCE6:java.util.concurrent.CompletableFuture@1f34b8ba[Not completed]
2022-09-01 11:50:52,007 [pool-54-thread-1] INFO  server.RaftServer$Division (RaftServerImpl.java:<init>(190)) - 56131482-92e3-4731-b18b-d0972f1f7686: new RaftServerImpl for group-1ED43301BCE6:[] with SCMStateMachine:uninitialized
2022-09-01 11:50:52,008 [pool-54-thread-1] INFO  server.RaftServerConfigKeys (ConfUtils.java:logGet(46)) - raft.server.rpc.timeout.min = 5000ms (custom)
2022-09-01 11:50:52,008 [pool-54-thread-1] INFO  server.RaftServerConfigKeys (ConfUtils.java:logGet(46)) - raft.server.rpc.timeout.max = 5200ms (custom)
2022-09-01 11:50:52,008 [pool-54-thread-1] INFO  server.RaftServerConfigKeys (ConfUtils.java:logGet(46)) - raft.server.rpc.sleep.time = 25ms (default)
2022-09-01 11:50:52,008 [pool-54-thread-1] INFO  server.RaftServerConfigKeys (ConfUtils.java:logGet(46)) - raft.server.rpc.slowness.timeout = 120000ms (custom)
2022-09-01 11:50:52,008 [pool-54-thread-1] INFO  server.RaftServerConfigKeys (ConfUtils.java:logGet(46)) - raft.server.leaderelection.leader.step-down.wait-time = 10s (default)
2022-09-01 11:50:52,008 [pool-54-thread-1] INFO  server.RaftServerConfigKeys (ConfUtils.java:logGet(46)) - raft.server.sleep.deviation.threshold = 300ms (default)
2022-09-01 11:50:52,008 [pool-54-thread-1] INFO  server.RaftServer$Division (ServerState.java:<init>(107)) - 56131482-92e3-4731-b18b-d0972f1f7686@group-1ED43301BCE6: ConfigurationManager, init=-1: [], old=null, confs=<EMPTY_MAP>
2022-09-01 11:50:52,008 [pool-54-thread-1] INFO  server.RaftServerConfigKeys (ConfUtils.java:logGet(46)) - raft.server.storage.dir = [/home/runner/work/ozone/ozone/hadoop-ozone/integration-test/target/test-dir/MiniOzoneClusterImpl-a1c451f0-9b10-458f-87dd-1ed43301bce6/scmNode-2/scm-ha] (custom)
2022-09-01 11:50:52,008 [pool-54-thread-1] INFO  server.RaftServerConfigKeys (ConfUtils.java:logGet(46)) - raft.server.log.corruption.policy = EXCEPTION (default)
2022-09-01 11:50:52,009 [pool-54-thread-1] INFO  server.RaftServerConfigKeys (ConfUtils.java:logGet(46)) - raft.server.storage.free-space.min = 0MB (=0) (default)
2022-09-01 11:50:52,009 [pool-54-thread-1] INFO  storage.RaftStorageDirectory (RaftStorageDirectoryImpl.java:analyzeStorage(135)) - The storage directory /home/runner/work/ozone/ozone/hadoop-ozone/integration-test/target/test-dir/MiniOzoneClusterImpl-a1c451f0-9b10-458f-87dd-1ed43301bce6/scmNode-2/scm-ha/a1c451f0-9b10-458f-87dd-1ed43301bce6 does not exist. Creating ...
2022-09-01 11:50:52,010 [pool-54-thread-1] INFO  storage.RaftStorageDirectory (RaftStorageDirectoryImpl.java:tryLock(230)) - Lock on /home/runner/work/ozone/ozone/hadoop-ozone/integration-test/target/test-dir/MiniOzoneClusterImpl-a1c451f0-9b10-458f-87dd-1ed43301bce6/scmNode-2/scm-ha/a1c451f0-9b10-458f-87dd-1ed43301bce6/in_use.lock acquired by nodename 25235@fv-az459-356
2022-09-01 11:50:52,012 [pool-54-thread-1] INFO  storage.RaftStorage (RaftStorageImpl.java:format(89)) - Storage directory /home/runner/work/ozone/ozone/hadoop-ozone/integration-test/target/test-dir/MiniOzoneClusterImpl-a1c451f0-9b10-458f-87dd-1ed43301bce6/scmNode-2/scm-ha/a1c451f0-9b10-458f-87dd-1ed43301bce6 has been successfully formatted.
2022-09-01 11:50:52,013 [pool-54-thread-1] INFO  server.RaftServerConfigKeys (ConfUtils.java:logGet(46)) - raft.server.notification.no-leader.timeout = 60s (default)
2022-09-01 11:50:52,013 [pool-54-thread-1] INFO  server.RaftServerConfigKeys (ConfUtils.java:logGet(46)) - raft.server.log.use.memory = false (default)
2022-09-01 11:50:52,013 [pool-54-thread-1] INFO  server.RaftServerConfigKeys (ConfUtils.java:logGet(46)) - raft.server.log.purge.gap = 1000000 (custom)
2022-09-01 11:50:52,013 [pool-54-thread-1] INFO  server.RaftServerConfigKeys (ConfUtils.java:logGet(46)) - raft.server.log.appender.buffer.byte-limit = 33554432 (custom)
2022-09-01 11:50:52,013 [pool-54-thread-1] INFO  server.RaftServerConfigKeys (ConfUtils.java:logGet(46)) - raft.server.log.statemachine.data.read.timeout = 1000ms (default)
2022-09-01 11:50:52,013 [pool-54-thread-1] INFO  server.RaftServerConfigKeys (ConfUtils.java:logGet(46)) - raft.server.log.segment.size.max = 4194304 (custom)
2022-09-01 11:50:52,014 [pool-54-thread-1] INFO  server.RaftServerConfigKeys (ConfUtils.java:logGet(46)) - raft.server.log.segment.cache.num.max = 2 (custom)
2022-09-01 11:50:52,014 [pool-54-thread-1] INFO  server.RaftServerConfigKeys (ConfUtils.java:logGet(46)) - raft.server.log.segment.cache.size.max = 200MB (=209715200) (default)
2022-09-01 11:50:52,014 [pool-54-thread-1] INFO  segmented.SegmentedRaftLogWorker (SegmentedRaftLogWorker.java:<init>(187)) - new 56131482-92e3-4731-b18b-d0972f1f7686@group-1ED43301BCE6-SegmentedRaftLogWorker for RaftStorageImpl:Storage Directory /home/runner/work/ozone/ozone/hadoop-ozone/integration-test/target/test-dir/MiniOzoneClusterImpl-a1c451f0-9b10-458f-87dd-1ed43301bce6/scmNode-2/scm-ha/a1c451f0-9b10-458f-87dd-1ed43301bce6
2022-09-01 11:50:52,014 [pool-54-thread-1] INFO  server.RaftServerConfigKeys (ConfUtils.java:logGet(46)) - raft.server.log.queue.byte-limit = 64MB (=67108864) (default)
2022-09-01 11:50:52,014 [pool-54-thread-1] INFO  server.RaftServerConfigKeys (ConfUtils.java:logGet(46)) - raft.server.log.queue.element-limit = 4096 (default)
2022-09-01 11:50:52,015 [pool-54-thread-1] INFO  server.RaftServerConfigKeys (ConfUtils.java:logGet(46)) - raft.server.log.segment.size.max = 4194304 (custom)
2022-09-01 11:50:52,015 [pool-54-thread-1] INFO  server.RaftServerConfigKeys (ConfUtils.java:logGet(46)) - raft.server.log.preallocated.size = 4194304 (custom)
2022-09-01 11:50:52,015 [pool-54-thread-1] INFO  server.RaftServerConfigKeys (ConfUtils.java:logGet(46)) - raft.server.log.force.sync.num = 128 (default)
2022-09-01 11:50:52,015 [pool-54-thread-1] INFO  server.RaftServerConfigKeys (ConfUtils.java:logGet(46)) - raft.server.log.statemachine.data.sync = true (default)
2022-09-01 11:50:52,015 [pool-54-thread-1] INFO  server.RaftServerConfigKeys (ConfUtils.java:logGet(46)) - raft.server.log.statemachine.data.sync.timeout = 10s (default)
2022-09-01 11:50:52,015 [pool-54-thread-1] INFO  server.RaftServerConfigKeys (ConfUtils.java:logGet(46)) - raft.server.log.statemachine.data.sync.timeout.retry = -1 (default)
2022-09-01 11:50:52,016 [pool-54-thread-1] INFO  server.RaftServerConfigKeys (ConfUtils.java:logGet(46)) - raft.server.log.write.buffer.size = 64KB (=65536) (default)
2022-09-01 11:50:52,016 [pool-54-thread-1] INFO  server.RaftServerConfigKeys (ConfUtils.java:logGet(46)) - raft.server.log.unsafe-flush.enabled = false (default)
2022-09-01 11:50:52,016 [pool-54-thread-1] INFO  server.RaftServerConfigKeys (ConfUtils.java:logGet(46)) - raft.server.log.statemachine.data.caching.enabled = false (default)
2022-09-01 11:50:52,017 [pool-54-thread-1] INFO  segmented.SegmentedRaftLogWorker (SegmentedRaftLogWorker.java:lambda$new$0(135)) - 56131482-92e3-4731-b18b-d0972f1f7686@group-1ED43301BCE6-SegmentedRaftLogWorker: flushIndex: setUnconditionally 0 -> -1
2022-09-01 11:50:52,017 [pool-54-thread-1] INFO  segmented.SegmentedRaftLogWorker (SegmentedRaftLogWorker.java:lambda$new$0(135)) - 56131482-92e3-4731-b18b-d0972f1f7686@group-1ED43301BCE6-SegmentedRaftLogWorker: safeCacheEvictIndex: setUnconditionally 0 -> -1
2022-09-01 11:50:52,019 [pool-54-thread-1] INFO  server.RaftServerConfigKeys (ConfUtils.java:logGet(46)) - raft.server.snapshot.auto.trigger.enabled = true (custom)
2022-09-01 11:50:52,019 [pool-54-thread-1] INFO  server.RaftServerConfigKeys (ConfUtils.java:logGet(46)) - raft.server.snapshot.auto.trigger.threshold = 1000 (custom)
2022-09-01 11:50:52,019 [pool-54-thread-1] INFO  server.RaftServerConfigKeys (ConfUtils.java:logGet(46)) - raft.server.snapshot.retention.file.num = -1 (default)
2022-09-01 11:50:52,020 [pool-54-thread-1] INFO  server.RaftServerConfigKeys (ConfUtils.java:logGet(46)) - raft.server.log.purge.upto.snapshot.index = false (default)
2022-09-01 11:50:52,020 [pool-54-thread-1] INFO  server.RaftServerConfigKeys (ConfUtils.java:logGet(46)) - raft.server.retrycache.expirytime = 60000ms (default)
2022-09-01 11:50:52,020 [pool-54-thread-1] INFO  server.RaftServerConfigKeys (ConfUtils.java:logGet(46)) - raft.server.retrycache.statistics.expirytime = 100μs (default)
2022-09-01 11:50:52,022 [pool-54-thread-1] INFO  server.RaftServerConfigKeys (ConfUtils.java:logGet(46)) - raft.server.log.appender.install.snapshot.enabled = false (custom)
2022-09-01 11:50:52,022 [pool-54-thread-1] INFO  server.RaftServerConfigKeys (ConfUtils.java:logGet(46)) - raft.server.threadpool.server.cached = true (default)
2022-09-01 11:50:52,022 [pool-54-thread-1] INFO  server.RaftServerConfigKeys (ConfUtils.java:logGet(46)) - raft.server.threadpool.server.size = 0 (default)
2022-09-01 11:50:52,022 [pool-54-thread-1] INFO  server.RaftServerConfigKeys (ConfUtils.java:logGet(46)) - raft.server.threadpool.client.cached = true (default)
2022-09-01 11:50:52,022 [pool-54-thread-1] INFO  server.RaftServerConfigKeys (ConfUtils.java:logGet(46)) - raft.server.threadpool.client.size = 0 (default)
2022-09-01 11:50:52,022 [Listener at 0.0.0.0/41613] INFO  ha.SCMSnapshotProvider (SCMSnapshotProvider.java:<init>(66)) - Initializing SCM Snapshot Provider
2022-09-01 11:50:52,022 [Listener at 0.0.0.0/41613] WARN  server.ServerUtils (ServerUtils.java:getDefaultRatisDirectory(237)) - Storage directory for Ratis is not configured. It is a good idea to map this to an SSD disk. Falling back to ozone.metadata.dirs
2022-09-01 11:50:52,023 [Listener at 0.0.0.0/41613] WARN  ha.SCMHAUtils (SCMHAUtils.java:getSCMRatisSnapshotDirectory(153)) - SCM snapshot dir is not configured. Falling back to ozone.metadata.dirs config
2022-09-01 11:50:52,024 [Listener at 0.0.0.0/41613] INFO  upgrade.AbstractLayoutVersionManager (AbstractLayoutVersionManager.java:init(83)) - Initializing Layout version manager with metadata layout = DATANODE_SCHEMA_V3 (version = 4), software layout = DATANODE_SCHEMA_V3 (version = 4)
2022-09-01 11:50:52,094 [Listener at 0.0.0.0/41613] INFO  reflections.Reflections (Reflections.java:scan(232)) - Reflections took 69 ms to scan 7 urls, producing 133 keys and 322 values 
2022-09-01 11:50:52,101 [Listener at 0.0.0.0/41613] INFO  ha.SequenceIdGenerator (SequenceIdGenerator.java:upgradeToSequenceId(349)) - upgrade localId to 109611004723200000
2022-09-01 11:50:52,101 [Listener at 0.0.0.0/41613] INFO  ha.SequenceIdGenerator (SequenceIdGenerator.java:upgradeToSequenceId(359)) - upgrade delTxnId to 0
2022-09-01 11:50:52,101 [Listener at 0.0.0.0/41613] INFO  ha.SequenceIdGenerator (SequenceIdGenerator.java:upgradeToSequenceId(376)) - upgrade containerId to 0
2022-09-01 11:50:52,101 [Listener at 0.0.0.0/41613] INFO  ha.SequenceIdGenerator (SequenceIdGenerator.java:<init>(220)) - Init the HA SequenceIdGenerator.
2022-09-01 11:50:52,102 [Listener at 0.0.0.0/41613] WARN  server.ServerUtils (ServerUtils.java:sanitizeUserArgs(73)) - ozone.scm.stale.node.interval value = 300000 is larger than max = 100000 based on the key value of ozone.scm.heartbeat.thread.interval, reset to the max value 100000.
2022-09-01 11:50:52,102 [Listener at 0.0.0.0/41613] WARN  server.ServerUtils (ServerUtils.java:sanitizeUserArgs(73)) - ozone.scm.stale.node.interval value = 300000 is larger than max = 100000 based on the key value of ozone.scm.heartbeat.thread.interval, reset to the max value 100000.
2022-09-01 11:50:52,102 [Listener at 0.0.0.0/41613] INFO  node.SCMNodeManager (SCMNodeManager.java:<init>(149)) - Entering startup safe mode.
2022-09-01 11:50:52,103 [Listener at 0.0.0.0/41613] INFO  algorithms.ContainerPlacementPolicyFactory (ContainerPlacementPolicyFactory.java:getPolicyInternal(86)) - Create container placement policy of type org.apache.hadoop.hdds.scm.container.placement.algorithms.SCMContainerPlacementRandom
2022-09-01 11:50:52,103 [Listener at 0.0.0.0/41613] INFO  algorithms.ContainerPlacementPolicyFactory (ContainerPlacementPolicyFactory.java:getPolicyInternal(86)) - Create container placement policy of type org.apache.hadoop.hdds.scm.container.placement.algorithms.SCMContainerPlacementRackScatter
2022-09-01 11:50:52,104 [Listener at 0.0.0.0/41613] INFO  pipeline.PipelineStateManagerImpl (PipelineStateManagerImpl.java:initialize(78)) - No pipeline exists in current db
2022-09-01 11:50:52,104 [Listener at 0.0.0.0/41613] INFO  algorithms.LeaderChoosePolicyFactory (LeaderChoosePolicyFactory.java:getPolicy(57)) - Create leader choose policy of type org.apache.hadoop.hdds.scm.pipeline.leader.choose.algorithms.MinLeaderCountChoosePolicy
2022-09-01 11:50:52,104 [Listener at 0.0.0.0/41613] INFO  algorithms.ContainerPlacementPolicyFactory (ContainerPlacementPolicyFactory.java:getPolicyInternal(86)) - Create container placement policy of type org.apache.hadoop.hdds.scm.container.placement.algorithms.SCMContainerPlacementRackScatter
2022-09-01 11:50:52,104 [Listener at 0.0.0.0/41613] INFO  ha.SCMServiceManager (SCMServiceManager.java:register(42)) - Registering service BackgroundPipelineCreator.
2022-09-01 11:50:52,104 [Listener at 0.0.0.0/41613] INFO  pipeline.BackgroundPipelineCreator (BackgroundPipelineCreator.java:start(124)) - Starting RatisPipelineUtilsThread.
2022-09-01 11:50:52,105 [Listener at 0.0.0.0/41613] INFO  BackgroundPipelineScrubber (BackgroundSCMService.java:start(68)) - Starting BackgroundPipelineScrubber Service.
2022-09-01 11:50:52,106 [Listener at 0.0.0.0/41613] INFO  ha.SCMServiceManager (SCMServiceManager.java:register(42)) - Registering service BackgroundPipelineScrubber.
2022-09-01 11:50:52,106 [Listener at 0.0.0.0/41613] INFO  ExpiredContainerReplicaOpScrubber (BackgroundSCMService.java:start(68)) - Starting ExpiredContainerReplicaOpScrubber Service.
2022-09-01 11:50:52,107 [Listener at 0.0.0.0/41613] INFO  ha.SCMServiceManager (SCMServiceManager.java:register(42)) - Registering service ExpiredContainerReplicaOpScrubber.
2022-09-01 11:50:52,108 [Listener at 0.0.0.0/41613] INFO  algorithms.PipelineChoosePolicyFactory (PipelineChoosePolicyFactory.java:createPipelineChoosePolicyFromClass(73)) - Create pipeline choose policy of type org.apache.hadoop.hdds.scm.pipeline.choose.algorithms.RandomPipelineChoosePolicy
2022-09-01 11:50:52,108 [Listener at 0.0.0.0/41613] INFO  ha.SCMServiceManager (SCMServiceManager.java:register(42)) - Registering service SCMBlockDeletingService.
2022-09-01 11:50:52,109 [Listener at 0.0.0.0/41613] INFO  replication.ReplicationManager (ReplicationManager.java:start(208)) - Starting Replication Monitor Thread.
2022-09-01 11:50:52,111 [Listener at 0.0.0.0/41613] INFO  UnderReplicatedQueueThread (BackgroundSCMService.java:start(68)) - Starting UnderReplicatedQueueThread Service.
2022-09-01 11:50:52,112 [Listener at 0.0.0.0/41613] INFO  ha.SCMServiceManager (SCMServiceManager.java:register(42)) - Registering service UnderReplicatedQueueThread.
2022-09-01 11:50:52,112 [Listener at 0.0.0.0/41613] INFO  OverReplicatedQueueThread (BackgroundSCMService.java:start(68)) - Starting OverReplicatedQueueThread Service.
2022-09-01 11:50:52,112 [ReplicationMonitor] INFO  replication.ReplicationManager (ReplicationManager.java:processAll(257)) - Replication Manager is not ready to run until 3000ms after safemode exit
2022-09-01 11:50:52,113 [Listener at 0.0.0.0/41613] INFO  ha.SCMServiceManager (SCMServiceManager.java:register(42)) - Registering service OverReplicatedQueueThread.
2022-09-01 11:50:52,113 [Listener at 0.0.0.0/41613] INFO  ha.SCMServiceManager (SCMServiceManager.java:register(42)) - Registering service ReplicationManager.
2022-09-01 11:50:52,113 [Listener at 0.0.0.0/41613] INFO  safemode.ContainerSafeModeRule (ContainerSafeModeRule.java:<init>(89)) - containers with one replica threshold count 0
2022-09-01 11:50:52,114 [Listener at 0.0.0.0/41613] INFO  safemode.HealthyPipelineSafeModeRule (HealthyPipelineSafeModeRule.java:initializeRule(169)) - Total pipeline count is 0, healthy pipeline threshold count is 1
2022-09-01 11:50:52,115 [Listener at 0.0.0.0/41613] INFO  safemode.OneReplicaPipelineSafeModeRule (OneReplicaPipelineSafeModeRule.java:initializeRule(180)) - Total pipeline count is 0, pipeline's with at least one datanode reported threshold count is 0
2022-09-01 11:50:52,120 [Listener at 0.0.0.0/41613] INFO  ipc.CallQueueManager (CallQueueManager.java:<init>(90)) - Using callQueue: class java.util.concurrent.LinkedBlockingQueue, queueCapacity: 2000, scheduler: class org.apache.hadoop.ipc.DefaultRpcScheduler, ipcBackoff: false.
2022-09-01 11:50:52,121 [Socket Reader #1 for port 38463] INFO  ipc.Server (Server.java:run(1265)) - Starting Socket Reader #1 for port 38463
2022-09-01 11:50:52,125 [Listener at 0.0.0.0/38463] INFO  ipc.CallQueueManager (CallQueueManager.java:<init>(90)) - Using callQueue: class java.util.concurrent.LinkedBlockingQueue, queueCapacity: 2000, scheduler: class org.apache.hadoop.ipc.DefaultRpcScheduler, ipcBackoff: false.
2022-09-01 11:50:52,125 [Socket Reader #1 for port 40239] INFO  ipc.Server (Server.java:run(1265)) - Starting Socket Reader #1 for port 40239
2022-09-01 11:50:52,129 [Listener at 0.0.0.0/40239] INFO  ipc.CallQueueManager (CallQueueManager.java:<init>(90)) - Using callQueue: class java.util.concurrent.LinkedBlockingQueue, queueCapacity: 2000, scheduler: class org.apache.hadoop.ipc.DefaultRpcScheduler, ipcBackoff: false.
2022-09-01 11:50:52,131 [Socket Reader #1 for port 36101] INFO  ipc.Server (Server.java:run(1265)) - Starting Socket Reader #1 for port 36101
2022-09-01 11:50:52,159 [Listener at 0.0.0.0/36101] INFO  ha.SCMServiceManager (SCMServiceManager.java:register(42)) - Registering service ContainerBalancer.
2022-09-01 11:50:52,159 [Listener at 0.0.0.0/36101] INFO  server.StorageContainerManager (StorageContainerManager.java:<init>(412)) - 
Container Balancer status:
Key                            Value
Running                        false
Container Balancer Configuration values:
Key                                                Value
Threshold                                          10
Max Datanodes to Involve per Iteration(percent)    20
Max Size to Move per Iteration                     500GB
Max Size Entering Target per Iteration             26GB
Max Size Leaving Source per Iteration              26GB

2022-09-01 11:50:52,159 [Listener at 0.0.0.0/36101] WARN  events.EventQueue (EventQueue.java:fireEvent(216)) - No event handler registered for event TypedEvent{payloadType=SafeModeStatus, name='Safe mode status'}
2022-09-01 11:50:52,159 [Listener at 0.0.0.0/36101] INFO  ha.SCMContext (SCMContext.java:updateSafeModeStatus(228)) - Update SafeModeStatus from SafeModeStatus{safeModeStatus=true, preCheckPassed=false} to SafeModeStatus{safeModeStatus=true, preCheckPassed=false}.
2022-09-01 11:50:52,160 [Listener at 0.0.0.0/36101] INFO  server.StorageContainerManager (StorageContainerManager.java:start(1466)) - StorageContainerLocationProtocol RPC server is listening at /0.0.0.0:36101
2022-09-01 11:50:52,160 [Listener at 0.0.0.0/36101] INFO  ha.SCMRatisServerImpl (SCMRatisServerImpl.java:start(178)) - starting ratis server 0.0.0.0:46585
2022-09-01 11:50:52,161 [56131482-92e3-4731-b18b-d0972f1f7686-impl-thread1] INFO  server.RaftServer$Division (RaftServerImpl.java:start(316)) - 56131482-92e3-4731-b18b-d0972f1f7686@group-1ED43301BCE6: start with initializing state, conf=-1: [], old=null
2022-09-01 11:50:52,162 [56131482-92e3-4731-b18b-d0972f1f7686-impl-thread1] INFO  server.RaftServer$Division (RaftServerImpl.java:setRole(299)) - 56131482-92e3-4731-b18b-d0972f1f7686@group-1ED43301BCE6: changes role from      null to FOLLOWER at term 0 for startInitializing
2022-09-01 11:50:52,162 [56131482-92e3-4731-b18b-d0972f1f7686-impl-thread1] INFO  util.JmxRegister (JmxRegister.java:tryRegister(44)) - Successfully registered JMX Bean with object name Ratis:service=RaftServer,group=group-1ED43301BCE6,id=56131482-92e3-4731-b18b-d0972f1f7686
2022-09-01 11:50:52,163 [Listener at 0.0.0.0/36101] INFO  server.RaftServer (RaftServerProxy.java:lambda$start$6(382)) - 56131482-92e3-4731-b18b-d0972f1f7686: start RPC server
2022-09-01 11:50:52,166 [Listener at 0.0.0.0/36101] INFO  server.GrpcService (GrpcService.java:startImpl(260)) - 56131482-92e3-4731-b18b-d0972f1f7686: GrpcService started, listening on 46585
2022-09-01 11:50:52,176 [Listener at 0.0.0.0/36101] INFO  ha.SCMNodeInfo (SCMNodeInfo.java:getPort(197)) - ConfigKey ozone.scm.client.address is deprecated, For configuring different ports for each SCM use PortConfigKey ozone.scm.client.port appended with serviceId and nodeId
2022-09-01 11:50:52,176 [Listener at 0.0.0.0/36101] INFO  ha.SCMNodeInfo (SCMNodeInfo.java:getPort(197)) - ConfigKey ozone.scm.block.client.address is deprecated, For configuring different ports for each SCM use PortConfigKey ozone.scm.block.client.port appended with serviceId and nodeId
2022-09-01 11:50:52,176 [Listener at 0.0.0.0/36101] INFO  ha.SCMNodeInfo (SCMNodeInfo.java:getPort(197)) - ConfigKey ozone.scm.datanode.address is deprecated, For configuring different ports for each SCM use PortConfigKey ozone.scm.datanode.port appended with serviceId and nodeId
2022-09-01 11:50:52,176 [Listener at 0.0.0.0/36101] INFO  ha.SCMNodeInfo (SCMNodeInfo.java:getPort(197)) - ConfigKey ozone.scm.client.address is deprecated, For configuring different ports for each SCM use PortConfigKey ozone.scm.client.port appended with serviceId and nodeId
2022-09-01 11:50:52,176 [Listener at 0.0.0.0/36101] INFO  ha.SCMNodeInfo (SCMNodeInfo.java:getPort(197)) - ConfigKey ozone.scm.block.client.address is deprecated, For configuring different ports for each SCM use PortConfigKey ozone.scm.block.client.port appended with serviceId and nodeId
2022-09-01 11:50:52,179 [Listener at 0.0.0.0/36101] INFO  ha.SCMNodeInfo (SCMNodeInfo.java:getPort(197)) - ConfigKey ozone.scm.datanode.address is deprecated, For configuring different ports for each SCM use PortConfigKey ozone.scm.datanode.port appended with serviceId and nodeId
2022-09-01 11:50:52,180 [Listener at 0.0.0.0/36101] INFO  proxy.SCMBlockLocationFailoverProxyProvider (SCMBlockLocationFailoverProxyProvider.java:<init>(114)) - Created block location fail-over proxy with 2 nodes: [nodeId=scmNode-3,nodeAddress=/127.0.0.1:35923, nodeId=scmNode-1,nodeAddress=/127.0.0.1:45865]
2022-09-01 11:50:52,183 [org.apache.ratis.util.JvmPauseMonitor$$Lambda$519/975069640@4e7759e4] INFO  util.JvmPauseMonitor (JvmPauseMonitor.java:run(103)) - JvmPauseMonitor-56131482-92e3-4731-b18b-d0972f1f7686: Started
2022-09-01 11:50:52,186 [IPC Server handler 0 on default port 45865] INFO  ha.SCMRatisServerImpl (SCMRatisServerImpl.java:addSCM(298)) - 76b5452b-5401-496a-924e-e3833b3fb27e: Submitting SetConfiguration request to Ratis server with new SCM peers list: [76b5452b-5401-496a-924e-e3833b3fb27e|rpc:localhost:44617|admin:|client:|dataStream:|priority:0, 56131482-92e3-4731-b18b-d0972f1f7686|rpc:localhost:46585|priority:0]
2022-09-01 11:50:52,201 [IPC Server handler 0 on default port 45865] INFO  server.RaftServer$Division (RaftServerImpl.java:setConfigurationAsync(1080)) - 76b5452b-5401-496a-924e-e3833b3fb27e@group-1ED43301BCE6: receive setConfiguration SetConfigurationRequest:client-57D691751C38->76b5452b-5401-496a-924e-e3833b3fb27e@group-1ED43301BCE6, cid=0, seq=0, RW, null, peers:[76b5452b-5401-496a-924e-e3833b3fb27e|rpc:localhost:44617|admin:|client:|dataStream:|priority:0, 56131482-92e3-4731-b18b-d0972f1f7686|rpc:localhost:46585|priority:0]
2022-09-01 11:50:52,201 [IPC Server handler 0 on default port 45865] INFO  server.RaftServer$Division (LeaderStateImpl.java:startSetConfiguration(368)) - 76b5452b-5401-496a-924e-e3833b3fb27e@group-1ED43301BCE6-LeaderStateImpl: startSetConfiguration SetConfigurationRequest:client-57D691751C38->76b5452b-5401-496a-924e-e3833b3fb27e@group-1ED43301BCE6, cid=0, seq=0, RW, null, peers:[76b5452b-5401-496a-924e-e3833b3fb27e|rpc:localhost:44617|admin:|client:|dataStream:|priority:0, 56131482-92e3-4731-b18b-d0972f1f7686|rpc:localhost:46585|priority:0]
2022-09-01 11:50:52,213 [IPC Server handler 0 on default port 45865] INFO  server.RaftServerConfigKeys (ConfUtils.java:logGet(46)) - raft.server.log.appender.snapshot.chunk.size.max = 16MB (=16777216) (default)
2022-09-01 11:50:52,213 [IPC Server handler 0 on default port 45865] INFO  server.RaftServerConfigKeys (ConfUtils.java:logGet(46)) - raft.server.log.appender.buffer.byte-limit = 33554432 (custom)
2022-09-01 11:50:52,214 [IPC Server handler 0 on default port 45865] INFO  server.RaftServerConfigKeys (ConfUtils.java:logGet(46)) - raft.server.log.appender.buffer.element-limit = 1024 (custom)
2022-09-01 11:50:52,218 [IPC Server handler 0 on default port 45865] INFO  grpc.GrpcConfigKeys (ConfUtils.java:logGet(46)) - raft.grpc.server.leader.outstanding.appends.max = 128 (default)
2022-09-01 11:50:52,218 [IPC Server handler 0 on default port 45865] INFO  server.RaftServerConfigKeys (ConfUtils.java:logGet(46)) - raft.server.rpc.request.timeout = 30000ms (custom)
2022-09-01 11:50:52,218 [IPC Server handler 0 on default port 45865] INFO  server.RaftServerConfigKeys (ConfUtils.java:logGet(46)) - raft.server.log.appender.install.snapshot.enabled = false (custom)
2022-09-01 11:50:52,224 [76b5452b-5401-496a-924e-e3833b3fb27e@group-1ED43301BCE6->56131482-92e3-4731-b18b-d0972f1f7686-GrpcLogAppender-LogAppenderDaemon] INFO  server.GrpcLogAppender (GrpcLogAppender.java:installSnapshot(541)) - 76b5452b-5401-496a-924e-e3833b3fb27e@group-1ED43301BCE6->56131482-92e3-4731-b18b-d0972f1f7686-GrpcLogAppender: followerNextIndex = 0 but logStartIndex = 0, notify follower to install snapshot-(t:1, i:0)
2022-09-01 11:50:52,249 [76b5452b-5401-496a-924e-e3833b3fb27e@group-1ED43301BCE6->56131482-92e3-4731-b18b-d0972f1f7686-GrpcLogAppender-LogAppenderDaemon] INFO  server.GrpcLogAppender (GrpcLogAppender.java:installSnapshot(549)) - 76b5452b-5401-496a-924e-e3833b3fb27e@group-1ED43301BCE6->56131482-92e3-4731-b18b-d0972f1f7686-GrpcLogAppender: send 76b5452b-5401-496a-924e-e3833b3fb27e->56131482-92e3-4731-b18b-d0972f1f7686#0-t2,notify:(t:1, i:0)
2022-09-01 11:50:52,717 [org.apache.ratis.util.JvmPauseMonitor$$Lambda$519/975069640@12c198d1] WARN  util.JvmPauseMonitor (JvmPauseMonitor.java:detectPause(124)) - JvmPauseMonitor-76b5452b-5401-496a-924e-e3833b3fb27e: Detected pause in JVM or host machine (eg GC): pause of approximately 139013222ns.
GC pool 'PS MarkSweep' had collection(s): count=1 time=169ms
GC pool 'PS Scavenge' had collection(s): count=1 time=16ms
2022-09-01 11:50:53,008 [grpc-default-executor-0] INFO  impl.SnapshotInstallationHandler (SnapshotInstallationHandler.java:installSnapshot(84)) - 56131482-92e3-4731-b18b-d0972f1f7686@group-1ED43301BCE6: receive installSnapshot: 76b5452b-5401-496a-924e-e3833b3fb27e->56131482-92e3-4731-b18b-d0972f1f7686#0-t2,notify:(t:1, i:0)
2022-09-01 11:50:53,010 [grpc-default-executor-0] INFO  ha.SCMStateMachine (SCMStateMachine.java:notifyLeaderChanged(255)) - leader changed, yet current SCM is still follower.
2022-09-01 11:50:53,010 [grpc-default-executor-0] INFO  server.RaftServer$Division (ServerState.java:setLeader(287)) - 56131482-92e3-4731-b18b-d0972f1f7686@group-1ED43301BCE6: change Leader from null to 76b5452b-5401-496a-924e-e3833b3fb27e at term 2 for installSnapshot, leader elected after 997ms
2022-09-01 11:50:53,013 [grpc-default-executor-0] INFO  impl.SnapshotInstallationHandler (SnapshotInstallationHandler.java:notifyStateMachineToInstallSnapshot(215)) - 56131482-92e3-4731-b18b-d0972f1f7686@group-1ED43301BCE6: Received notification to install snapshot at index 0
2022-09-01 11:50:53,015 [grpc-default-executor-0] INFO  impl.SnapshotInstallationHandler (SnapshotInstallationHandler.java:notifyStateMachineToInstallSnapshot(224)) - 56131482-92e3-4731-b18b-d0972f1f7686@group-1ED43301BCE6: InstallSnapshot notification result: ALREADY_INSTALLED, current snapshot index: -1
2022-09-01 11:50:53,125 [grpc-default-executor-0] INFO  impl.SnapshotInstallationHandler (SnapshotInstallationHandler.java:installSnapshotImpl(129)) - 56131482-92e3-4731-b18b-d0972f1f7686@group-1ED43301BCE6: set new configuration index: 1
configurationEntry {
  peers {
    id: "76b5452b-5401-496a-924e-e3833b3fb27e"
    address: "localhost:44617"
  }
}
 from snapshot
2022-09-01 11:50:53,126 [grpc-default-executor-0] INFO  server.RaftServer$Division (ServerState.java:setRaftConf(393)) - 56131482-92e3-4731-b18b-d0972f1f7686@group-1ED43301BCE6: set configuration 1: [76b5452b-5401-496a-924e-e3833b3fb27e|rpc:localhost:44617|admin:|client:|dataStream:|priority:0], old=null
2022-09-01 11:50:53,126 [grpc-default-executor-0] INFO  impl.SnapshotInstallationHandler (SnapshotInstallationHandler.java:installSnapshot(95)) - 56131482-92e3-4731-b18b-d0972f1f7686@group-1ED43301BCE6: reply installSnapshot: 76b5452b-5401-496a-924e-e3833b3fb27e<-56131482-92e3-4731-b18b-d0972f1f7686#0:FAIL-t0,ALREADY_INSTALLED
2022-09-01 11:50:53,135 [grpc-default-executor-0] INFO  server.GrpcServerProtocolService (GrpcServerProtocolService.java:onCompleted(140)) - 56131482-92e3-4731-b18b-d0972f1f7686: Completed INSTALL_SNAPSHOT, lastRequest: 76b5452b-5401-496a-924e-e3833b3fb27e->56131482-92e3-4731-b18b-d0972f1f7686#0-t2,notify:(t:1, i:0)
2022-09-01 11:50:53,161 [grpc-default-executor-0] INFO  server.GrpcLogAppender (GrpcLogAppender.java:onNext(403)) - 76b5452b-5401-496a-924e-e3833b3fb27e@group-1ED43301BCE6->56131482-92e3-4731-b18b-d0972f1f7686-InstallSnapshotResponseHandler: received the first reply 76b5452b-5401-496a-924e-e3833b3fb27e<-56131482-92e3-4731-b18b-d0972f1f7686#0:FAIL-t0,ALREADY_INSTALLED
2022-09-01 11:50:53,166 [grpc-default-executor-0] INFO  server.GrpcLogAppender (GrpcLogAppender.java:onNext(426)) - 76b5452b-5401-496a-924e-e3833b3fb27e@group-1ED43301BCE6->56131482-92e3-4731-b18b-d0972f1f7686-InstallSnapshotResponseHandler: Follower snapshot is already at index 0.
2022-09-01 11:50:53,167 [grpc-default-executor-0] INFO  leader.FollowerInfo (FollowerInfoImpl.java:lambda$new$0(48)) - 76b5452b-5401-496a-924e-e3833b3fb27e@group-1ED43301BCE6->56131482-92e3-4731-b18b-d0972f1f7686: snapshotIndex: setUnconditionally 0 -> 0
2022-09-01 11:50:53,167 [grpc-default-executor-0] INFO  leader.FollowerInfo (FollowerInfoImpl.java:lambda$new$0(48)) - 76b5452b-5401-496a-924e-e3833b3fb27e@group-1ED43301BCE6->56131482-92e3-4731-b18b-d0972f1f7686: matchIndex: setUnconditionally 0 -> 0
2022-09-01 11:50:53,167 [grpc-default-executor-0] INFO  leader.FollowerInfo (FollowerInfoImpl.java:lambda$new$0(48)) - 76b5452b-5401-496a-924e-e3833b3fb27e@group-1ED43301BCE6->56131482-92e3-4731-b18b-d0972f1f7686: nextIndex: setUnconditionally 0 -> 1
2022-09-01 11:50:53,167 [grpc-default-executor-0] INFO  leader.FollowerInfo (FollowerInfoImpl.java:setAttemptedToInstallSnapshot(118)) - Follower 76b5452b-5401-496a-924e-e3833b3fb27e@group-1ED43301BCE6->56131482-92e3-4731-b18b-d0972f1f7686 acknowledged installing snapshot
2022-09-01 11:50:53,167 [grpc-default-executor-0] INFO  leader.FollowerInfo (FollowerInfoImpl.java:lambda$new$0(48)) - 76b5452b-5401-496a-924e-e3833b3fb27e@group-1ED43301BCE6->56131482-92e3-4731-b18b-d0972f1f7686: nextIndex: updateToMax old=1, new=1, updated? false
2022-09-01 11:50:53,202 [56131482-92e3-4731-b18b-d0972f1f7686-server-thread1] INFO  impl.RoleInfo (RoleInfo.java:updateAndGet(139)) - 56131482-92e3-4731-b18b-d0972f1f7686: start 56131482-92e3-4731-b18b-d0972f1f7686@group-1ED43301BCE6-FollowerState
2022-09-01 11:50:53,203 [56131482-92e3-4731-b18b-d0972f1f7686-server-thread1] INFO  server.RaftServer$Division (RaftServerImpl.java:checkInconsistentAppendEntries(1424)) - 56131482-92e3-4731-b18b-d0972f1f7686@group-1ED43301BCE6: Failed appendEntries as previous log entry ((t:1, i:0)) is not found
2022-09-01 11:50:53,213 [56131482-92e3-4731-b18b-d0972f1f7686-server-thread1] INFO  server.RaftServer$Division (RaftServerImpl.java:checkInconsistentAppendEntries(1394)) - 56131482-92e3-4731-b18b-d0972f1f7686@group-1ED43301BCE6: inconsistency entries. Reply:76b5452b-5401-496a-924e-e3833b3fb27e<-56131482-92e3-4731-b18b-d0972f1f7686#0:FAIL-t2,INCONSISTENCY,nextIndex=0,followerCommit=-1
2022-09-01 11:50:53,217 [56131482-92e3-4731-b18b-d0972f1f7686-server-thread1] INFO  server.RaftServer$Division (RaftServerImpl.java:checkInconsistentAppendEntries(1424)) - 56131482-92e3-4731-b18b-d0972f1f7686@group-1ED43301BCE6: Failed appendEntries as previous log entry ((t:1, i:0)) is not found
2022-09-01 11:50:53,217 [56131482-92e3-4731-b18b-d0972f1f7686-server-thread1] INFO  server.RaftServer$Division (RaftServerImpl.java:checkInconsistentAppendEntries(1394)) - 56131482-92e3-4731-b18b-d0972f1f7686@group-1ED43301BCE6: inconsistency entries. Reply:76b5452b-5401-496a-924e-e3833b3fb27e<-56131482-92e3-4731-b18b-d0972f1f7686#1:FAIL-t2,INCONSISTENCY,nextIndex=0,followerCommit=-1
2022-09-01 11:50:53,219 [grpc-default-executor-2] INFO  leader.FollowerInfo (FollowerInfoImpl.java:lambda$new$0(48)) - 76b5452b-5401-496a-924e-e3833b3fb27e@group-1ED43301BCE6->56131482-92e3-4731-b18b-d0972f1f7686: nextIndex: updateUnconditionally 3 -> 0
2022-09-01 11:50:53,222 [grpc-default-executor-2] INFO  leader.FollowerInfo (FollowerInfoImpl.java:lambda$new$0(48)) - 76b5452b-5401-496a-924e-e3833b3fb27e@group-1ED43301BCE6->56131482-92e3-4731-b18b-d0972f1f7686: nextIndex: updateUnconditionally 3 -> 0
2022-09-01 11:50:53,228 [56131482-92e3-4731-b18b-d0972f1f7686-server-thread1] INFO  server.RaftServer$Division (ServerState.java:setRaftConf(393)) - 56131482-92e3-4731-b18b-d0972f1f7686@group-1ED43301BCE6: set configuration 0: [76b5452b-5401-496a-924e-e3833b3fb27e|rpc:localhost:44617|admin:|client:|dataStream:|priority:0], old=null
2022-09-01 11:50:53,228 [56131482-92e3-4731-b18b-d0972f1f7686-server-thread1] INFO  server.RaftServer$Division (ServerState.java:setRaftConf(393)) - 56131482-92e3-4731-b18b-d0972f1f7686@group-1ED43301BCE6: set configuration 1: [76b5452b-5401-496a-924e-e3833b3fb27e|rpc:localhost:44617|admin:|client:|dataStream:|priority:0], old=null
2022-09-01 11:50:53,228 [56131482-92e3-4731-b18b-d0972f1f7686-server-thread1] INFO  segmented.SegmentedRaftLogWorker (SegmentedRaftLogWorker.java:startLogSegment(425)) - 56131482-92e3-4731-b18b-d0972f1f7686@group-1ED43301BCE6-SegmentedRaftLogWorker: Starting segment from index:0
2022-09-01 11:50:53,232 [56131482-92e3-4731-b18b-d0972f1f7686-server-thread1] INFO  segmented.SegmentedRaftLogWorker (SegmentedRaftLogWorker.java:rollLogSegment(430)) - 56131482-92e3-4731-b18b-d0972f1f7686@group-1ED43301BCE6-SegmentedRaftLogWorker: Rolling segment log-0_0 to index:0
2022-09-01 11:50:53,240 [56131482-92e3-4731-b18b-d0972f1f7686-server-thread1] INFO  server.RaftServer$Division (ServerState.java:setRaftConf(393)) - 56131482-92e3-4731-b18b-d0972f1f7686@group-1ED43301BCE6: set configuration 0: [76b5452b-5401-496a-924e-e3833b3fb27e|rpc:localhost:44617|admin:|client:|dataStream:|priority:0], old=null
2022-09-01 11:50:53,240 [56131482-92e3-4731-b18b-d0972f1f7686-server-thread1] INFO  server.RaftServer$Division (ServerState.java:setRaftConf(393)) - 56131482-92e3-4731-b18b-d0972f1f7686@group-1ED43301BCE6: set configuration 1: [76b5452b-5401-496a-924e-e3833b3fb27e|rpc:localhost:44617|admin:|client:|dataStream:|priority:0], old=null
2022-09-01 11:50:53,241 [56131482-92e3-4731-b18b-d0972f1f7686@group-1ED43301BCE6-SegmentedRaftLogWorker] INFO  segmented.SegmentedRaftLogWorker (SegmentedRaftLogWorker.java:execute(629)) - 56131482-92e3-4731-b18b-d0972f1f7686@group-1ED43301BCE6-SegmentedRaftLogWorker: created new log segment /home/runner/work/ozone/ozone/hadoop-ozone/integration-test/target/test-dir/MiniOzoneClusterImpl-a1c451f0-9b10-458f-87dd-1ed43301bce6/scmNode-2/scm-ha/a1c451f0-9b10-458f-87dd-1ed43301bce6/current/log_inprogress_0
2022-09-01 11:50:53,243 [56131482-92e3-4731-b18b-d0972f1f7686@group-1ED43301BCE6-SegmentedRaftLogWorker] INFO  segmented.SegmentedRaftLogWorker (SegmentedRaftLogWorker.java:execute(586)) - 56131482-92e3-4731-b18b-d0972f1f7686@group-1ED43301BCE6-SegmentedRaftLogWorker: Rolled log segment from /home/runner/work/ozone/ozone/hadoop-ozone/integration-test/target/test-dir/MiniOzoneClusterImpl-a1c451f0-9b10-458f-87dd-1ed43301bce6/scmNode-2/scm-ha/a1c451f0-9b10-458f-87dd-1ed43301bce6/current/log_inprogress_0 to /home/runner/work/ozone/ozone/hadoop-ozone/integration-test/target/test-dir/MiniOzoneClusterImpl-a1c451f0-9b10-458f-87dd-1ed43301bce6/scmNode-2/scm-ha/a1c451f0-9b10-458f-87dd-1ed43301bce6/current/log_0-0
2022-09-01 11:50:53,256 [56131482-92e3-4731-b18b-d0972f1f7686@group-1ED43301BCE6-SegmentedRaftLogWorker] INFO  segmented.SegmentedRaftLogWorker (SegmentedRaftLogWorker.java:execute(629)) - 56131482-92e3-4731-b18b-d0972f1f7686@group-1ED43301BCE6-SegmentedRaftLogWorker: created new log segment /home/runner/work/ozone/ozone/hadoop-ozone/integration-test/target/test-dir/MiniOzoneClusterImpl-a1c451f0-9b10-458f-87dd-1ed43301bce6/scmNode-2/scm-ha/a1c451f0-9b10-458f-87dd-1ed43301bce6/current/log_inprogress_1
2022-09-01 11:50:53,266 [56131482-92e3-4731-b18b-d0972f1f7686@group-1ED43301BCE6-StateMachineUpdater] INFO  safemode.HealthyPipelineSafeModeRule (HealthyPipelineSafeModeRule.java:initializeRule(165)) - Refreshed total pipeline count is 0, healthy pipeline threshold count is 1
2022-09-01 11:50:53,266 [56131482-92e3-4731-b18b-d0972f1f7686@group-1ED43301BCE6-StateMachineUpdater] INFO  safemode.ContainerSafeModeRule (ContainerSafeModeRule.java:reInitializeRule(177)) - Refreshed one replica container threshold 0, currentThreshold 0
2022-09-01 11:50:53,267 [56131482-92e3-4731-b18b-d0972f1f7686@group-1ED43301BCE6-StateMachineUpdater] INFO  safemode.OneReplicaPipelineSafeModeRule (OneReplicaPipelineSafeModeRule.java:initializeRule(176)) - Refreshed Total pipeline count is 0, pipeline's with at least one datanode reported threshold count is 0
2022-09-01 11:50:53,267 [56131482-92e3-4731-b18b-d0972f1f7686@group-1ED43301BCE6-StateMachineUpdater] INFO  server.SCMDatanodeProtocolServer (SCMDatanodeProtocolServer.java:start(186)) - ScmDatanodeProtocol RPC server for DataNodes is listening at /0.0.0.0:38463
2022-09-01 11:50:53,275 [IPC Server listener on 38463] INFO  ipc.Server (Server.java:run(1344)) - IPC Server listener on 38463: starting
2022-09-01 11:50:53,290 [IPC Server Responder] INFO  ipc.Server (Server.java:run(1507)) - IPC Server Responder: starting
2022-09-01 11:50:53,298 [76b5452b-5401-496a-924e-e3833b3fb27e@group-1ED43301BCE6-LeaderStateImpl] INFO  server.RaftServer$Division (ServerState.java:setRaftConf(393)) - 76b5452b-5401-496a-924e-e3833b3fb27e@group-1ED43301BCE6: set configuration 3: [76b5452b-5401-496a-924e-e3833b3fb27e|rpc:localhost:44617|admin:|client:|dataStream:|priority:0, 56131482-92e3-4731-b18b-d0972f1f7686|rpc:localhost:46585|priority:0], old=[76b5452b-5401-496a-924e-e3833b3fb27e|rpc:localhost:44617|admin:|client:|dataStream:|priority:0]
2022-09-01 11:50:53,302 [56131482-92e3-4731-b18b-d0972f1f7686-server-thread1] INFO  server.RaftServer$Division (ServerState.java:setRaftConf(393)) - 56131482-92e3-4731-b18b-d0972f1f7686@group-1ED43301BCE6: set configuration 3: [76b5452b-5401-496a-924e-e3833b3fb27e|rpc:localhost:44617|admin:|client:|dataStream:|priority:0, 56131482-92e3-4731-b18b-d0972f1f7686|rpc:localhost:46585|admin:|client:|dataStream:|priority:0], old=[76b5452b-5401-496a-924e-e3833b3fb27e|rpc:localhost:44617|admin:|client:|dataStream:|priority:0]
2022-09-01 11:50:53,307 [76b5452b-5401-496a-924e-e3833b3fb27e@group-1ED43301BCE6-LeaderStateImpl] INFO  server.RaftServer$Division (ServerState.java:setRaftConf(393)) - 76b5452b-5401-496a-924e-e3833b3fb27e@group-1ED43301BCE6: set configuration 5: [76b5452b-5401-496a-924e-e3833b3fb27e|rpc:localhost:44617|admin:|client:|dataStream:|priority:0, 56131482-92e3-4731-b18b-d0972f1f7686|rpc:localhost:46585|priority:0], old=null
2022-09-01 11:50:53,313 [56131482-92e3-4731-b18b-d0972f1f7686-server-thread1] INFO  server.RaftServer$Division (ServerState.java:setRaftConf(393)) - 56131482-92e3-4731-b18b-d0972f1f7686@group-1ED43301BCE6: set configuration 5: [76b5452b-5401-496a-924e-e3833b3fb27e|rpc:localhost:44617|admin:|client:|dataStream:|priority:0, 56131482-92e3-4731-b18b-d0972f1f7686|rpc:localhost:46585|admin:|client:|dataStream:|priority:0], old=null
2022-09-01 11:50:53,326 [IPC Server handler 0 on default port 45865] INFO  ha.SCMRatisServerImpl (SCMRatisServerImpl.java:addSCM(309)) - Successfully added new SCM: 56131482-92e3-4731-b18b-d0972f1f7686.
2022-09-01 11:50:53,329 [Listener at 0.0.0.0/36101] INFO  ha.SCMHAManagerImpl (SCMHAManagerImpl.java:start(117)) - Successfully added SCM scmNode-2 to group group-1ED43301BCE6:[76b5452b-5401-496a-924e-e3833b3fb27e|rpc:localhost:44617|admin:|client:|dataStream:|priority:0, 56131482-92e3-4731-b18b-d0972f1f7686|rpc:localhost:46585|admin:|client:|dataStream:|priority:0]
2022-09-01 11:50:53,329 [Listener at 0.0.0.0/36101] INFO  ha.InterSCMGrpcService (InterSCMGrpcProtocolService.java:start(94)) - Starting SCM Grpc Service at port 40909
2022-09-01 11:50:53,340 [Listener at 0.0.0.0/36101] INFO  impl.MetricsSystemImpl (MetricsSystemImpl.java:init(158)) - StorageContainerManager metrics system started (again)
2022-09-01 11:50:53,360 [Listener at 0.0.0.0/36101] INFO  server.SCMClientProtocolServer (SCMClientProtocolServer.java:start(170)) - RPC server for Client  is listening at /0.0.0.0:36101
2022-09-01 11:50:53,361 [IPC Server Responder] INFO  ipc.Server (Server.java:run(1507)) - IPC Server Responder: starting
2022-09-01 11:50:53,362 [IPC Server listener on 36101] INFO  ipc.Server (Server.java:run(1344)) - IPC Server listener on 36101: starting
2022-09-01 11:50:53,364 [Listener at 0.0.0.0/36101] INFO  server.StorageContainerManager (StorageContainerManager.java:start(1481)) - ScmBlockLocationProtocol RPC server is listening at /0.0.0.0:40239
2022-09-01 11:50:53,364 [Listener at 0.0.0.0/36101] INFO  server.SCMBlockProtocolServer (SCMBlockProtocolServer.java:start(152)) - RPC server for Block Protocol is listening at /0.0.0.0:40239
2022-09-01 11:50:53,365 [IPC Server Responder] INFO  ipc.Server (Server.java:run(1507)) - IPC Server Responder: starting
2022-09-01 11:50:53,365 [IPC Server listener on 40239] INFO  ipc.Server (Server.java:run(1344)) - IPC Server listener on 40239: starting
2022-09-01 11:50:53,378 [Listener at 0.0.0.0/36101] INFO  http.BaseHttpServer (BaseHttpServer.java:newHttpServer2BuilderForOzone(213)) - Starting Web-server for scm at: http://0.0.0.0:38069
2022-09-01 11:50:53,378 [Listener at 0.0.0.0/36101] INFO  http.BaseHttpServer (BaseHttpServer.java:<init>(108)) - Hadoop Security Enabled: false Ozone Security Enabled: false Ozone HTTP Security Enabled: false 
2022-09-01 11:50:53,380 [Listener at 0.0.0.0/36101] INFO  server.AuthenticationFilter (AuthenticationFilter.java:constructSecretProvider(240)) - Unable to initialize FileSignerSecretProvider, falling back to use random secrets.
2022-09-01 11:50:53,381 [Listener at 0.0.0.0/36101] WARN  http.HttpRequestLog (HttpRequestLog.java:getRequestLog(103)) - Jetty request log can only be enabled using Log4j
2022-09-01 11:50:53,382 [Listener at 0.0.0.0/36101] INFO  http.HttpServer2 (HttpServer2.java:addGlobalFilter(1029)) - Added global filter 'safety' (class=org.apache.hadoop.hdds.server.http.HttpServer2$QuotingInputFilter)
2022-09-01 11:50:53,383 [Listener at 0.0.0.0/36101] INFO  http.HttpServer2 (HttpServer2.java:addFilter(1005)) - Added filter static_user_filter (class=org.apache.hadoop.http.lib.StaticUserWebFilter$StaticUserFilter) to context scm
2022-09-01 11:50:53,383 [Listener at 0.0.0.0/36101] INFO  http.HttpServer2 (HttpServer2.java:addFilter(1013)) - Added filter static_user_filter (class=org.apache.hadoop.http.lib.StaticUserWebFilter$StaticUserFilter) to context logs
2022-09-01 11:50:53,383 [Listener at 0.0.0.0/36101] INFO  http.HttpServer2 (HttpServer2.java:addFilter(1013)) - Added filter static_user_filter (class=org.apache.hadoop.http.lib.StaticUserWebFilter$StaticUserFilter) to context static
2022-09-01 11:50:53,384 [Listener at 0.0.0.0/36101] INFO  http.HttpServer2 (HttpServer2.java:bindListener(1248)) - Jetty bound to port 38069
2022-09-01 11:50:53,384 [Listener at 0.0.0.0/36101] INFO  server.Server (Server.java:doStart(375)) - jetty-9.4.43.v20210629; built: 2021-06-30T11:07:22.254Z; git: 526006ecfa3af7f1a27ef3a288e2bef7ea9dd7e8; jvm 1.8.0_345-b01
2022-09-01 11:50:53,379 [org.apache.hadoop.util.JvmPauseMonitor$Monitor@2feb919] INFO  util.JvmPauseMonitor (JvmPauseMonitor.java:run(188)) - Starting JVM pause monitor
2022-09-01 11:50:53,394 [Listener at 0.0.0.0/36101] INFO  server.session (DefaultSessionIdManager.java:doStart(334)) - DefaultSessionIdManager workerName=node0
2022-09-01 11:50:53,394 [Listener at 0.0.0.0/36101] INFO  server.session (DefaultSessionIdManager.java:doStart(339)) - No SessionScavenger set, using defaults
2022-09-01 11:50:53,394 [Listener at 0.0.0.0/36101] INFO  server.session (HouseKeeper.java:startScavenging(132)) - node0 Scavenging every 660000ms
2022-09-01 11:50:53,395 [Listener at 0.0.0.0/36101] INFO  handler.ContextHandler (ContextHandler.java:doStart(915)) - Started o.e.j.s.ServletContextHandler@77061e94{logs,/logs,file:///home/runner/work/ozone/ozone/hadoop-ozone/integration-test/target/log,AVAILABLE}
2022-09-01 11:50:53,395 [Listener at 0.0.0.0/36101] INFO  handler.ContextHandler (ContextHandler.java:doStart(915)) - Started o.e.j.s.ServletContextHandler@2e89fdcb{static,/static,file:///home/runner/work/ozone/ozone/hadoop-ozone/integration-test/target/test-classes/webapps/static,AVAILABLE}
2022-09-01 11:50:53,400 [Listener at 0.0.0.0/36101] INFO  handler.ContextHandler (ContextHandler.java:doStart(915)) - Started o.e.j.w.WebAppContext@7fe6886{scm,/,file:///home/runner/work/ozone/ozone/hadoop-ozone/integration-test/target/test-classes/webapps/scm/,AVAILABLE}{file:/home/runner/work/ozone/ozone/hadoop-ozone/integration-test/target/test-classes/webapps/scm}
2022-09-01 11:50:53,401 [Listener at 0.0.0.0/36101] INFO  server.AbstractConnector (AbstractConnector.java:doStart(331)) - Started ServerConnector@2b52e47d{HTTP/1.1, (http/1.1)}{0.0.0.0:38069}
2022-09-01 11:50:53,401 [Listener at 0.0.0.0/36101] INFO  server.Server (Server.java:doStart(415)) - Started @18426ms
2022-09-01 11:50:53,401 [Listener at 0.0.0.0/36101] WARN  impl.MetricsSystemImpl (MetricsSystemImpl.java:register(279)) - Sink prometheus already exists!
2022-09-01 11:50:53,402 [Listener at 0.0.0.0/36101] INFO  http.BaseHttpServer (BaseHttpServer.java:updateConnectorAddress(333)) - HTTP server of scm listening at http://0.0.0.0:38069
2022-09-01 11:50:53,402 [Listener at 0.0.0.0/36101] INFO  ozone.MiniOzoneHAClusterImpl (MiniOzoneHAClusterImpl.java:createSCMService(606)) - Started SCM RPC server at /0.0.0.0:36101
2022-09-01 11:50:53,403 [Listener at 0.0.0.0/36101] WARN  server.ServerUtils (ServerUtils.java:getScmDbDir(148)) - ozone.scm.db.dirs is not configured. We recommend adding this setting. Falling back to ozone.metadata.dirs instead.
2022-09-01 11:50:53,403 [Listener at 0.0.0.0/36101] INFO  ha.SCMHANodeDetails (SCMHANodeDetails.java:loadSCMHAConfig(209)) - ServiceID for StorageContainerManager is scmServiceId
2022-09-01 11:50:53,403 [Listener at 0.0.0.0/36101] INFO  ha.SCMHANodeDetails (SCMHANodeDetails.java:loadSCMHAConfig(220)) - ServiceID for StorageContainerManager is scmServiceId
2022-09-01 11:50:53,403 [Listener at 0.0.0.0/36101] WARN  scm.ScmUtils (ScmUtils.java:logWarn(179)) - ConfigKey ozone.scm.block.client.address is deprecated, For configuring different ports for each SCM use PortConfigKey ozone.scm.block.client.port appended with serviceId and nodeId. If want to configure same port configure ozone.scm.block.client.port
2022-09-01 11:50:53,404 [Listener at 0.0.0.0/36101] WARN  scm.ScmUtils (ScmUtils.java:logWarn(179)) - ConfigKey ozone.scm.client.address is deprecated, For configuring different ports for each SCM use PortConfigKey ozone.scm.client.port appended with serviceId and nodeId. If want to configure same port configure ozone.scm.client.port
2022-09-01 11:50:53,404 [Listener at 0.0.0.0/36101] WARN  scm.ScmUtils (ScmUtils.java:logWarn(179)) - ConfigKey ozone.scm.datanode.address is deprecated, For configuring different ports for each SCM use PortConfigKey ozone.scm.datanode.port appended with serviceId and nodeId. If want to configure same port configure ozone.scm.datanode.port
2022-09-01 11:50:53,405 [Listener at 0.0.0.0/36101] WARN  scm.ScmUtils (ScmUtils.java:logWarn(179)) - ConfigKey ozone.scm.block.client.address is deprecated, For configuring different ports for each SCM use PortConfigKey ozone.scm.block.client.port appended with serviceId and nodeId. If want to configure same port configure ozone.scm.block.client.port
2022-09-01 11:50:53,405 [Listener at 0.0.0.0/36101] WARN  scm.ScmUtils (ScmUtils.java:logWarn(179)) - ConfigKey ozone.scm.client.address is deprecated, For configuring different ports for each SCM use PortConfigKey ozone.scm.client.port appended with serviceId and nodeId. If want to configure same port configure ozone.scm.client.port
2022-09-01 11:50:53,405 [Listener at 0.0.0.0/36101] WARN  scm.ScmUtils (ScmUtils.java:logWarn(179)) - ConfigKey ozone.scm.datanode.address is deprecated, For configuring different ports for each SCM use PortConfigKey ozone.scm.datanode.port appended with serviceId and nodeId. If want to configure same port configure ozone.scm.datanode.port
2022-09-01 11:50:53,405 [Listener at 0.0.0.0/36101] INFO  ha.SCMHANodeDetails (SCMHANodeDetails.java:loadSCMHAConfig(307)) - Found matching SCM address with SCMServiceId: scmServiceId, SCMNodeId: scmNode-3, RPC Address: localhost:38491 and Ratis port: 38491
2022-09-01 11:50:53,406 [Listener at 0.0.0.0/36101] INFO  ha.SCMHANodeDetails (ConfUtils.java:setNodeSpecificConfigs(97)) - Setting configuration key ozone.scm.datanode.address with value of key ozone.scm.datanode.address.scmServiceId.scmNode-3: 127.0.0.1:41671
2022-09-01 11:50:53,406 [Listener at 0.0.0.0/36101] INFO  ha.SCMHANodeDetails (ConfUtils.java:setNodeSpecificConfigs(97)) - Setting configuration key ozone.scm.block.client.address with value of key ozone.scm.block.client.address.scmServiceId.scmNode-3: 127.0.0.1:35923
2022-09-01 11:50:53,407 [Listener at 0.0.0.0/36101] INFO  ha.SCMHANodeDetails (ConfUtils.java:setNodeSpecificConfigs(97)) - Setting configuration key ozone.scm.client.address with value of key ozone.scm.client.address.scmServiceId.scmNode-3: 127.0.0.1:43687
2022-09-01 11:50:53,408 [Listener at 0.0.0.0/36101] INFO  ha.SCMHANodeDetails (ConfUtils.java:setNodeSpecificConfigs(97)) - Setting configuration key ozone.scm.ratis.port with value of key ozone.scm.ratis.port.scmServiceId.scmNode-3: 38491
2022-09-01 11:50:53,408 [Listener at 0.0.0.0/36101] INFO  ha.SCMHANodeDetails (ConfUtils.java:setNodeSpecificConfigs(97)) - Setting configuration key ozone.scm.grpc.port with value of key ozone.scm.grpc.port.scmServiceId.scmNode-3: 33683
2022-09-01 11:50:53,408 [Listener at 0.0.0.0/36101] INFO  ha.SCMHANodeDetails (ConfUtils.java:setNodeSpecificConfigs(97)) - Setting configuration key ozone.scm.http-address with value of key ozone.scm.http-address.scmServiceId.scmNode-3: 127.0.0.1:44285
2022-09-01 11:50:53,408 [Listener at 0.0.0.0/36101] INFO  ha.SCMHANodeDetails (ConfUtils.java:setNodeSpecificConfigs(97)) - Setting configuration key ozone.scm.https-address with value of key ozone.scm.https-address.scmServiceId.scmNode-3: 127.0.0.1:41321
2022-09-01 11:50:53,410 [Listener at 0.0.0.0/36101] INFO  ha.SCMHANodeDetails (ConfUtils.java:setNodeSpecificConfigs(97)) - Setting configuration key ozone.scm.address with value of key ozone.scm.address.scmServiceId.scmNode-3: 127.0.0.1
2022-09-01 11:50:53,410 [Listener at 0.0.0.0/36101] WARN  scm.ScmUtils (ScmUtils.java:logWarn(179)) - ConfigKey ozone.scm.block.client.address is deprecated, For configuring different ports for each SCM use PortConfigKey ozone.scm.block.client.port appended with serviceId and nodeId. If want to configure same port configure ozone.scm.block.client.port
2022-09-01 11:50:53,410 [Listener at 0.0.0.0/36101] WARN  scm.ScmUtils (ScmUtils.java:logWarn(179)) - ConfigKey ozone.scm.client.address is deprecated, For configuring different ports for each SCM use PortConfigKey ozone.scm.client.port appended with serviceId and nodeId. If want to configure same port configure ozone.scm.client.port
2022-09-01 11:50:53,411 [Listener at 0.0.0.0/36101] WARN  scm.ScmUtils (ScmUtils.java:logWarn(179)) - ConfigKey ozone.scm.datanode.address is deprecated, For configuring different ports for each SCM use PortConfigKey ozone.scm.datanode.port appended with serviceId and nodeId. If want to configure same port configure ozone.scm.datanode.port
2022-09-01 11:50:53,414 [Listener at 0.0.0.0/36101] INFO  ha.SCMNodeInfo (SCMNodeInfo.java:getPort(197)) - ConfigKey ozone.scm.client.address is deprecated, For configuring different ports for each SCM use PortConfigKey ozone.scm.client.port appended with serviceId and nodeId
2022-09-01 11:50:53,414 [Listener at 0.0.0.0/36101] INFO  ha.SCMNodeInfo (SCMNodeInfo.java:getPort(197)) - ConfigKey ozone.scm.block.client.address is deprecated, For configuring different ports for each SCM use PortConfigKey ozone.scm.block.client.port appended with serviceId and nodeId
2022-09-01 11:50:53,414 [Listener at 0.0.0.0/36101] INFO  ha.SCMNodeInfo (SCMNodeInfo.java:getPort(197)) - ConfigKey ozone.scm.datanode.address is deprecated, For configuring different ports for each SCM use PortConfigKey ozone.scm.datanode.port appended with serviceId and nodeId
2022-09-01 11:50:53,414 [Listener at 0.0.0.0/36101] INFO  ha.SCMNodeInfo (SCMNodeInfo.java:getPort(197)) - ConfigKey ozone.scm.client.address is deprecated, For configuring different ports for each SCM use PortConfigKey ozone.scm.client.port appended with serviceId and nodeId
2022-09-01 11:50:53,414 [Listener at 0.0.0.0/36101] INFO  ha.SCMNodeInfo (SCMNodeInfo.java:getPort(197)) - ConfigKey ozone.scm.block.client.address is deprecated, For configuring different ports for each SCM use PortConfigKey ozone.scm.block.client.port appended with serviceId and nodeId
2022-09-01 11:50:53,414 [Listener at 0.0.0.0/36101] INFO  ha.SCMNodeInfo (SCMNodeInfo.java:getPort(197)) - ConfigKey ozone.scm.datanode.address is deprecated, For configuring different ports for each SCM use PortConfigKey ozone.scm.datanode.port appended with serviceId and nodeId
2022-09-01 11:50:53,415 [Listener at 0.0.0.0/36101] INFO  proxy.SCMBlockLocationFailoverProxyProvider (SCMBlockLocationFailoverProxyProvider.java:<init>(114)) - Created block location fail-over proxy with 2 nodes: [nodeId=scmNode-2,nodeAddress=/127.0.0.1:40239, nodeId=scmNode-1,nodeAddress=/127.0.0.1:45865]
2022-09-01 11:50:53,436 [Listener at 0.0.0.0/36101] INFO  server.StorageContainerManager (StorageContainerManager.java:scmBootstrap(1149)) - SCM BootStrap  is successful for ClusterID a1c451f0-9b10-458f-87dd-1ed43301bce6, SCMID 5ae0c8ef-e091-4d1b-9d6c-68c2daa287ce
2022-09-01 11:50:53,436 [Listener at 0.0.0.0/36101] INFO  server.StorageContainerManager (StorageContainerManager.java:scmBootstrap(1151)) - Primary SCM Node ID 76b5452b-5401-496a-924e-e3833b3fb27e
2022-09-01 11:50:53,436 [Listener at 0.0.0.0/36101] WARN  server.ServerUtils (ServerUtils.java:getScmDbDir(148)) - ozone.scm.db.dirs is not configured. We recommend adding this setting. Falling back to ozone.metadata.dirs instead.
2022-09-01 11:50:53,437 [Listener at 0.0.0.0/36101] INFO  ha.SCMHANodeDetails (SCMHANodeDetails.java:loadSCMHAConfig(209)) - ServiceID for StorageContainerManager is scmServiceId
2022-09-01 11:50:53,437 [Listener at 0.0.0.0/36101] INFO  ha.SCMHANodeDetails (SCMHANodeDetails.java:loadSCMHAConfig(220)) - ServiceID for StorageContainerManager is scmServiceId
2022-09-01 11:50:53,438 [Listener at 0.0.0.0/36101] WARN  scm.ScmUtils (ScmUtils.java:logWarn(179)) - ConfigKey ozone.scm.block.client.address is deprecated, For configuring different ports for each SCM use PortConfigKey ozone.scm.block.client.port appended with serviceId and nodeId. If want to configure same port configure ozone.scm.block.client.port
2022-09-01 11:50:53,438 [Listener at 0.0.0.0/36101] WARN  scm.ScmUtils (ScmUtils.java:logWarn(179)) - ConfigKey ozone.scm.client.address is deprecated, For configuring different ports for each SCM use PortConfigKey ozone.scm.client.port appended with serviceId and nodeId. If want to configure same port configure ozone.scm.client.port
2022-09-01 11:50:53,438 [Listener at 0.0.0.0/36101] WARN  scm.ScmUtils (ScmUtils.java:logWarn(179)) - ConfigKey ozone.scm.datanode.address is deprecated, For configuring different ports for each SCM use PortConfigKey ozone.scm.datanode.port appended with serviceId and nodeId. If want to configure same port configure ozone.scm.datanode.port
2022-09-01 11:50:53,438 [Listener at 0.0.0.0/36101] WARN  scm.ScmUtils (ScmUtils.java:logWarn(179)) - ConfigKey ozone.scm.block.client.address is deprecated, For configuring different ports for each SCM use PortConfigKey ozone.scm.block.client.port appended with serviceId and nodeId. If want to configure same port configure ozone.scm.block.client.port
2022-09-01 11:50:53,438 [Listener at 0.0.0.0/36101] WARN  scm.ScmUtils (ScmUtils.java:logWarn(179)) - ConfigKey ozone.scm.client.address is deprecated, For configuring different ports for each SCM use PortConfigKey ozone.scm.client.port appended with serviceId and nodeId. If want to configure same port configure ozone.scm.client.port
2022-09-01 11:50:53,438 [Listener at 0.0.0.0/36101] WARN  scm.ScmUtils (ScmUtils.java:logWarn(179)) - ConfigKey ozone.scm.datanode.address is deprecated, For configuring different ports for each SCM use PortConfigKey ozone.scm.datanode.port appended with serviceId and nodeId. If want to configure same port configure ozone.scm.datanode.port
2022-09-01 11:50:53,439 [Listener at 0.0.0.0/36101] INFO  ha.SCMHANodeDetails (SCMHANodeDetails.java:loadSCMHAConfig(307)) - Found matching SCM address with SCMServiceId: scmServiceId, SCMNodeId: scmNode-3, RPC Address: localhost:38491 and Ratis port: 38491
2022-09-01 11:50:53,439 [Listener at 0.0.0.0/36101] INFO  ha.SCMHANodeDetails (ConfUtils.java:setNodeSpecificConfigs(97)) - Setting configuration key ozone.scm.datanode.address with value of key ozone.scm.datanode.address.scmServiceId.scmNode-3: 127.0.0.1:41671
2022-09-01 11:50:53,439 [Listener at 0.0.0.0/36101] INFO  ha.SCMHANodeDetails (ConfUtils.java:setNodeSpecificConfigs(97)) - Setting configuration key ozone.scm.block.client.address with value of key ozone.scm.block.client.address.scmServiceId.scmNode-3: 127.0.0.1:35923
2022-09-01 11:50:53,439 [Listener at 0.0.0.0/36101] INFO  ha.SCMHANodeDetails (ConfUtils.java:setNodeSpecificConfigs(97)) - Setting configuration key ozone.scm.client.address with value of key ozone.scm.client.address.scmServiceId.scmNode-3: 127.0.0.1:43687
2022-09-01 11:50:53,439 [Listener at 0.0.0.0/36101] INFO  ha.SCMHANodeDetails (ConfUtils.java:setNodeSpecificConfigs(97)) - Setting configuration key ozone.scm.ratis.port with value of key ozone.scm.ratis.port.scmServiceId.scmNode-3: 38491
2022-09-01 11:50:53,439 [Listener at 0.0.0.0/36101] INFO  ha.SCMHANodeDetails (ConfUtils.java:setNodeSpecificConfigs(97)) - Setting configuration key ozone.scm.grpc.port with value of key ozone.scm.grpc.port.scmServiceId.scmNode-3: 33683
2022-09-01 11:50:53,440 [Listener at 0.0.0.0/36101] INFO  ha.SCMHANodeDetails (ConfUtils.java:setNodeSpecificConfigs(97)) - Setting configuration key ozone.scm.http-address with value of key ozone.scm.http-address.scmServiceId.scmNode-3: 127.0.0.1:44285
2022-09-01 11:50:53,440 [Listener at 0.0.0.0/36101] INFO  ha.SCMHANodeDetails (ConfUtils.java:setNodeSpecificConfigs(97)) - Setting configuration key ozone.scm.https-address with value of key ozone.scm.https-address.scmServiceId.scmNode-3: 127.0.0.1:41321
2022-09-01 11:50:53,440 [Listener at 0.0.0.0/36101] INFO  ha.SCMHANodeDetails (ConfUtils.java:setNodeSpecificConfigs(97)) - Setting configuration key ozone.scm.address with value of key ozone.scm.address.scmServiceId.scmNode-3: 127.0.0.1
2022-09-01 11:50:53,440 [Listener at 0.0.0.0/36101] WARN  scm.ScmUtils (ScmUtils.java:logWarn(179)) - ConfigKey ozone.scm.block.client.address is deprecated, For configuring different ports for each SCM use PortConfigKey ozone.scm.block.client.port appended with serviceId and nodeId. If want to configure same port configure ozone.scm.block.client.port
2022-09-01 11:50:53,440 [Listener at 0.0.0.0/36101] WARN  scm.ScmUtils (ScmUtils.java:logWarn(179)) - ConfigKey ozone.scm.client.address is deprecated, For configuring different ports for each SCM use PortConfigKey ozone.scm.client.port appended with serviceId and nodeId. If want to configure same port configure ozone.scm.client.port
2022-09-01 11:50:53,440 [Listener at 0.0.0.0/36101] WARN  scm.ScmUtils (ScmUtils.java:logWarn(179)) - ConfigKey ozone.scm.datanode.address is deprecated, For configuring different ports for each SCM use PortConfigKey ozone.scm.datanode.port appended with serviceId and nodeId. If want to configure same port configure ozone.scm.datanode.port
2022-09-01 11:50:53,441 [Listener at 0.0.0.0/36101] WARN  utils.HAUtils (HAUtils.java:getMetaDir(342)) - ozone.scm.db.dirs is not configured. We recommend adding this setting. Falling back to ozone.metadata.dirs instead.
2022-09-01 11:50:53,441 [Listener at 0.0.0.0/36101] WARN  db.DBStoreBuilder (DBStoreBuilder.java:applyDBDefinition(143)) - ozone.scm.db.dirs is not configured. We recommend adding this setting. Falling back to ozone.metadata.dirs instead.
2022-09-01 11:50:53,591 [Listener at 0.0.0.0/36101] INFO  net.NodeSchemaLoader (NodeSchemaLoader.java:loadSchemaFromFile(129)) - Loading schema from [jar:file:/home/runner/.m2/repository/org/apache/ozone/hdds-common/1.3.0-SNAPSHOT/hdds-common-1.3.0-SNAPSHOT.jar!/network-topology-default.xml]
2022-09-01 11:50:53,591 [Listener at 0.0.0.0/36101] INFO  net.NodeSchemaLoader (NodeSchemaLoader.java:loadSchema(176)) - Loading network topology layer schema file
2022-09-01 11:50:53,596 [Listener at 0.0.0.0/36101] WARN  impl.MetricRegistriesImpl (MetricRegistriesImpl.java:addReporterRegistration(111)) - New reporters are added after registries were created. Some metrics will be missing from the reporter. Please add reporter before adding any new registry.
2022-09-01 11:50:53,597 [Listener at 0.0.0.0/36101] WARN  impl.MetricRegistriesImpl (MetricRegistriesImpl.java:addReporterRegistration(111)) - New reporters are added after registries were created. Some metrics will be missing from the reporter. Please add reporter before adding any new registry.
2022-09-01 11:50:53,598 [Listener at 0.0.0.0/36101] INFO  ha.SCMRatisServerImpl (SCMRatisServerImpl.java:<init>(87)) - starting Raft server for scm:5ae0c8ef-e091-4d1b-9d6c-68c2daa287ce
2022-09-01 11:50:53,600 [Listener at 0.0.0.0/36101] INFO  server.RaftServer (ConfUtils.java:logGet(46)) - raft.rpc.type = GRPC (default)
2022-09-01 11:50:53,600 [Listener at 0.0.0.0/36101] INFO  grpc.GrpcFactory (GrpcFactory.java:checkPooledByteBufAllocatorUseCacheForAllThreads(48)) - PERFORMANCE WARNING: useCacheForAllThreads is true that may cause Netty to create a lot garbage objects and, as a result, trigger GC.
	It is recommended to disable useCacheForAllThreads by setting -Dorg.apache.ratis.thirdparty.io.netty.allocator.useCacheForAllThreads=false in command line.
2022-09-01 11:50:53,600 [Listener at 0.0.0.0/36101] INFO  grpc.GrpcConfigKeys (ConfUtils.java:logGet(46)) - raft.grpc.admin.port = -1 (default)
2022-09-01 11:50:53,600 [Listener at 0.0.0.0/36101] INFO  grpc.GrpcConfigKeys (ConfUtils.java:logGet(46)) - raft.grpc.server.port = 38491 (custom)
2022-09-01 11:50:53,601 [Listener at 0.0.0.0/36101] INFO  grpc.GrpcConfigKeys (ConfUtils.java:logGet(46)) - raft.grpc.client.port = -1 (default)
2022-09-01 11:50:53,601 [Listener at 0.0.0.0/36101] INFO  grpc.GrpcConfigKeys (ConfUtils.java:logGet(46)) - raft.grpc.server.port = 38491 (custom)
2022-09-01 11:50:53,601 [Listener at 0.0.0.0/36101] INFO  grpc.GrpcConfigKeys (ConfUtils.java:logGet(46)) - raft.grpc.server.port = 38491 (custom)
2022-09-01 11:50:53,601 [Listener at 0.0.0.0/36101] INFO  server.GrpcService (ConfUtils.java:logGet(46)) - raft.grpc.message.size.max = 32m (=33554432) (custom)
2022-09-01 11:50:53,601 [Listener at 0.0.0.0/36101] INFO  server.RaftServerConfigKeys (ConfUtils.java:logGet(46)) - raft.server.log.appender.buffer.byte-limit = 33554432 (custom)
2022-09-01 11:50:53,601 [Listener at 0.0.0.0/36101] INFO  server.GrpcService (ConfUtils.java:logGet(46)) - raft.grpc.flow.control.window = 1MB (=1048576) (default)
2022-09-01 11:50:53,601 [Listener at 0.0.0.0/36101] INFO  server.RaftServerConfigKeys (ConfUtils.java:logGet(46)) - raft.server.rpc.request.timeout = 30000ms (custom)
2022-09-01 11:50:53,602 [Listener at 0.0.0.0/36101] INFO  grpc.GrpcConfigKeys (ConfUtils.java:logGet(46)) - raft.grpc.server.async.request.thread.pool.cached = true (default)
2022-09-01 11:50:53,603 [Listener at 0.0.0.0/36101] INFO  grpc.GrpcConfigKeys (ConfUtils.java:logGet(46)) - raft.grpc.server.async.request.thread.pool.size = 32 (default)
2022-09-01 11:50:53,605 [Listener at 0.0.0.0/36101] INFO  impl.DataStreamServerImpl (ConfUtils.java:logGet(46)) - raft.datastream.type = DISABLED (default)
2022-09-01 11:50:53,605 [Listener at 0.0.0.0/36101] INFO  server.RaftServerConfigKeys (ConfUtils.java:logGet(46)) - raft.server.threadpool.proxy.cached = true (default)
2022-09-01 11:50:53,605 [Listener at 0.0.0.0/36101] INFO  server.RaftServerConfigKeys (ConfUtils.java:logGet(46)) - raft.server.threadpool.proxy.size = 0 (default)
2022-09-01 11:50:53,605 [Listener at 0.0.0.0/36101] INFO  server.RaftServerConfigKeys (ConfUtils.java:logGet(46)) - raft.server.rpc.slowness.timeout = 120000ms (custom)
2022-09-01 11:50:53,605 [Listener at 0.0.0.0/36101] INFO  server.RaftServerConfigKeys (ConfUtils.java:logGet(46)) - raft.server.leaderelection.leader.step-down.wait-time = 10s (default)
2022-09-01 11:50:53,605 [Listener at 0.0.0.0/36101] INFO  server.RaftServerConfigKeys (ConfUtils.java:logGet(46)) - raft.server.storage.dir = [/home/runner/work/ozone/ozone/hadoop-ozone/integration-test/target/test-dir/MiniOzoneClusterImpl-a1c451f0-9b10-458f-87dd-1ed43301bce6/scmNode-3/scm-ha] (custom)
2022-09-01 11:50:53,606 [Listener at 0.0.0.0/36101] INFO  server.RaftServer (RaftServerProxy.java:addNew(96)) - 5ae0c8ef-e091-4d1b-9d6c-68c2daa287ce: addNew group-1ED43301BCE6:[] returns group-1ED43301BCE6:java.util.concurrent.CompletableFuture@260578b0[Not completed]
2022-09-01 11:50:53,606 [pool-85-thread-1] INFO  server.RaftServer$Division (RaftServerImpl.java:<init>(190)) - 5ae0c8ef-e091-4d1b-9d6c-68c2daa287ce: new RaftServerImpl for group-1ED43301BCE6:[] with SCMStateMachine:uninitialized
2022-09-01 11:50:53,607 [pool-85-thread-1] INFO  server.RaftServerConfigKeys (ConfUtils.java:logGet(46)) - raft.server.rpc.timeout.min = 5000ms (custom)
2022-09-01 11:50:53,607 [pool-85-thread-1] INFO  server.RaftServerConfigKeys (ConfUtils.java:logGet(46)) - raft.server.rpc.timeout.max = 5200ms (custom)
2022-09-01 11:50:53,607 [pool-85-thread-1] INFO  server.RaftServerConfigKeys (ConfUtils.java:logGet(46)) - raft.server.rpc.sleep.time = 25ms (default)
2022-09-01 11:50:53,607 [pool-85-thread-1] INFO  server.RaftServerConfigKeys (ConfUtils.java:logGet(46)) - raft.server.rpc.slowness.timeout = 120000ms (custom)
2022-09-01 11:50:53,607 [pool-85-thread-1] INFO  server.RaftServerConfigKeys (ConfUtils.java:logGet(46)) - raft.server.leaderelection.leader.step-down.wait-time = 10s (default)
2022-09-01 11:50:53,607 [pool-85-thread-1] INFO  server.RaftServerConfigKeys (ConfUtils.java:logGet(46)) - raft.server.sleep.deviation.threshold = 300ms (default)
2022-09-01 11:50:53,607 [pool-85-thread-1] INFO  server.RaftServer$Division (ServerState.java:<init>(107)) - 5ae0c8ef-e091-4d1b-9d6c-68c2daa287ce@group-1ED43301BCE6: ConfigurationManager, init=-1: [], old=null, confs=<EMPTY_MAP>
2022-09-01 11:50:53,607 [pool-85-thread-1] INFO  server.RaftServerConfigKeys (ConfUtils.java:logGet(46)) - raft.server.storage.dir = [/home/runner/work/ozone/ozone/hadoop-ozone/integration-test/target/test-dir/MiniOzoneClusterImpl-a1c451f0-9b10-458f-87dd-1ed43301bce6/scmNode-3/scm-ha] (custom)
2022-09-01 11:50:53,607 [pool-85-thread-1] INFO  server.RaftServerConfigKeys (ConfUtils.java:logGet(46)) - raft.server.log.corruption.policy = EXCEPTION (default)
2022-09-01 11:50:53,607 [pool-85-thread-1] INFO  server.RaftServerConfigKeys (ConfUtils.java:logGet(46)) - raft.server.storage.free-space.min = 0MB (=0) (default)
2022-09-01 11:50:53,608 [pool-85-thread-1] INFO  storage.RaftStorageDirectory (RaftStorageDirectoryImpl.java:analyzeStorage(135)) - The storage directory /home/runner/work/ozone/ozone/hadoop-ozone/integration-test/target/test-dir/MiniOzoneClusterImpl-a1c451f0-9b10-458f-87dd-1ed43301bce6/scmNode-3/scm-ha/a1c451f0-9b10-458f-87dd-1ed43301bce6 does not exist. Creating ...
2022-09-01 11:50:53,609 [pool-85-thread-1] INFO  storage.RaftStorageDirectory (RaftStorageDirectoryImpl.java:tryLock(230)) - Lock on /home/runner/work/ozone/ozone/hadoop-ozone/integration-test/target/test-dir/MiniOzoneClusterImpl-a1c451f0-9b10-458f-87dd-1ed43301bce6/scmNode-3/scm-ha/a1c451f0-9b10-458f-87dd-1ed43301bce6/in_use.lock acquired by nodename 25235@fv-az459-356
2022-09-01 11:50:53,611 [pool-85-thread-1] INFO  storage.RaftStorage (RaftStorageImpl.java:format(89)) - Storage directory /home/runner/work/ozone/ozone/hadoop-ozone/integration-test/target/test-dir/MiniOzoneClusterImpl-a1c451f0-9b10-458f-87dd-1ed43301bce6/scmNode-3/scm-ha/a1c451f0-9b10-458f-87dd-1ed43301bce6 has been successfully formatted.
2022-09-01 11:50:53,612 [pool-85-thread-1] INFO  server.RaftServerConfigKeys (ConfUtils.java:logGet(46)) - raft.server.notification.no-leader.timeout = 60s (default)
2022-09-01 11:50:53,612 [pool-85-thread-1] INFO  server.RaftServerConfigKeys (ConfUtils.java:logGet(46)) - raft.server.log.use.memory = false (default)
2022-09-01 11:50:53,612 [pool-85-thread-1] INFO  server.RaftServerConfigKeys (ConfUtils.java:logGet(46)) - raft.server.log.purge.gap = 1000000 (custom)
2022-09-01 11:50:53,612 [pool-85-thread-1] INFO  server.RaftServerConfigKeys (ConfUtils.java:logGet(46)) - raft.server.log.appender.buffer.byte-limit = 33554432 (custom)
2022-09-01 11:50:53,612 [pool-85-thread-1] INFO  server.RaftServerConfigKeys (ConfUtils.java:logGet(46)) - raft.server.log.statemachine.data.read.timeout = 1000ms (default)
2022-09-01 11:50:53,612 [pool-85-thread-1] INFO  server.RaftServerConfigKeys (ConfUtils.java:logGet(46)) - raft.server.log.segment.size.max = 4194304 (custom)
2022-09-01 11:50:53,613 [pool-85-thread-1] INFO  server.RaftServerConfigKeys (ConfUtils.java:logGet(46)) - raft.server.log.segment.cache.num.max = 2 (custom)
2022-09-01 11:50:53,613 [pool-85-thread-1] INFO  server.RaftServerConfigKeys (ConfUtils.java:logGet(46)) - raft.server.log.segment.cache.size.max = 200MB (=209715200) (default)
2022-09-01 11:50:53,613 [pool-85-thread-1] INFO  segmented.SegmentedRaftLogWorker (SegmentedRaftLogWorker.java:<init>(187)) - new 5ae0c8ef-e091-4d1b-9d6c-68c2daa287ce@group-1ED43301BCE6-SegmentedRaftLogWorker for RaftStorageImpl:Storage Directory /home/runner/work/ozone/ozone/hadoop-ozone/integration-test/target/test-dir/MiniOzoneClusterImpl-a1c451f0-9b10-458f-87dd-1ed43301bce6/scmNode-3/scm-ha/a1c451f0-9b10-458f-87dd-1ed43301bce6
2022-09-01 11:50:53,613 [pool-85-thread-1] INFO  server.RaftServerConfigKeys (ConfUtils.java:logGet(46)) - raft.server.log.queue.byte-limit = 64MB (=67108864) (default)
2022-09-01 11:50:53,613 [pool-85-thread-1] INFO  server.RaftServerConfigKeys (ConfUtils.java:logGet(46)) - raft.server.log.queue.element-limit = 4096 (default)
2022-09-01 11:50:53,613 [pool-85-thread-1] INFO  server.RaftServerConfigKeys (ConfUtils.java:logGet(46)) - raft.server.log.segment.size.max = 4194304 (custom)
2022-09-01 11:50:53,613 [pool-85-thread-1] INFO  server.RaftServerConfigKeys (ConfUtils.java:logGet(46)) - raft.server.log.preallocated.size = 4194304 (custom)
2022-09-01 11:50:53,614 [pool-85-thread-1] INFO  server.RaftServerConfigKeys (ConfUtils.java:logGet(46)) - raft.server.log.force.sync.num = 128 (default)
2022-09-01 11:50:53,614 [pool-85-thread-1] INFO  server.RaftServerConfigKeys (ConfUtils.java:logGet(46)) - raft.server.log.statemachine.data.sync = true (default)
2022-09-01 11:50:53,614 [pool-85-thread-1] INFO  server.RaftServerConfigKeys (ConfUtils.java:logGet(46)) - raft.server.log.statemachine.data.sync.timeout = 10s (default)
2022-09-01 11:50:53,614 [pool-85-thread-1] INFO  server.RaftServerConfigKeys (ConfUtils.java:logGet(46)) - raft.server.log.statemachine.data.sync.timeout.retry = -1 (default)
2022-09-01 11:50:53,615 [pool-85-thread-1] INFO  server.RaftServerConfigKeys (ConfUtils.java:logGet(46)) - raft.server.log.write.buffer.size = 64KB (=65536) (default)
2022-09-01 11:50:53,615 [pool-85-thread-1] INFO  server.RaftServerConfigKeys (ConfUtils.java:logGet(46)) - raft.server.log.unsafe-flush.enabled = false (default)
2022-09-01 11:50:53,615 [pool-85-thread-1] INFO  server.RaftServerConfigKeys (ConfUtils.java:logGet(46)) - raft.server.log.statemachine.data.caching.enabled = false (default)
2022-09-01 11:50:53,616 [pool-85-thread-1] INFO  segmented.SegmentedRaftLogWorker (SegmentedRaftLogWorker.java:lambda$new$0(135)) - 5ae0c8ef-e091-4d1b-9d6c-68c2daa287ce@group-1ED43301BCE6-SegmentedRaftLogWorker: flushIndex: setUnconditionally 0 -> -1
2022-09-01 11:50:53,616 [pool-85-thread-1] INFO  segmented.SegmentedRaftLogWorker (SegmentedRaftLogWorker.java:lambda$new$0(135)) - 5ae0c8ef-e091-4d1b-9d6c-68c2daa287ce@group-1ED43301BCE6-SegmentedRaftLogWorker: safeCacheEvictIndex: setUnconditionally 0 -> -1
2022-09-01 11:50:53,620 [pool-85-thread-1] INFO  server.RaftServerConfigKeys (ConfUtils.java:logGet(46)) - raft.server.snapshot.auto.trigger.enabled = true (custom)
2022-09-01 11:50:53,620 [pool-85-thread-1] INFO  server.RaftServerConfigKeys (ConfUtils.java:logGet(46)) - raft.server.snapshot.auto.trigger.threshold = 1000 (custom)
2022-09-01 11:50:53,620 [pool-85-thread-1] INFO  server.RaftServerConfigKeys (ConfUtils.java:logGet(46)) - raft.server.snapshot.retention.file.num = -1 (default)
2022-09-01 11:50:53,620 [pool-85-thread-1] INFO  server.RaftServerConfigKeys (ConfUtils.java:logGet(46)) - raft.server.log.purge.upto.snapshot.index = false (default)
2022-09-01 11:50:53,620 [pool-85-thread-1] INFO  server.RaftServerConfigKeys (ConfUtils.java:logGet(46)) - raft.server.retrycache.expirytime = 60000ms (default)
2022-09-01 11:50:53,620 [pool-85-thread-1] INFO  server.RaftServerConfigKeys (ConfUtils.java:logGet(46)) - raft.server.retrycache.statistics.expirytime = 100μs (default)
2022-09-01 11:50:53,622 [pool-85-thread-1] INFO  server.RaftServerConfigKeys (ConfUtils.java:logGet(46)) - raft.server.log.appender.install.snapshot.enabled = false (custom)
2022-09-01 11:50:53,622 [pool-85-thread-1] INFO  server.RaftServerConfigKeys (ConfUtils.java:logGet(46)) - raft.server.threadpool.server.cached = true (default)
2022-09-01 11:50:53,622 [pool-85-thread-1] INFO  server.RaftServerConfigKeys (ConfUtils.java:logGet(46)) - raft.server.threadpool.server.size = 0 (default)
2022-09-01 11:50:53,622 [pool-85-thread-1] INFO  server.RaftServerConfigKeys (ConfUtils.java:logGet(46)) - raft.server.threadpool.client.cached = true (default)
2022-09-01 11:50:53,622 [pool-85-thread-1] INFO  server.RaftServerConfigKeys (ConfUtils.java:logGet(46)) - raft.server.threadpool.client.size = 0 (default)
2022-09-01 11:50:53,622 [Listener at 0.0.0.0/36101] INFO  ha.SCMSnapshotProvider (SCMSnapshotProvider.java:<init>(66)) - Initializing SCM Snapshot Provider
2022-09-01 11:50:53,622 [Listener at 0.0.0.0/36101] WARN  server.ServerUtils (ServerUtils.java:getDefaultRatisDirectory(237)) - Storage directory for Ratis is not configured. It is a good idea to map this to an SSD disk. Falling back to ozone.metadata.dirs
2022-09-01 11:50:53,622 [Listener at 0.0.0.0/36101] WARN  ha.SCMHAUtils (SCMHAUtils.java:getSCMRatisSnapshotDirectory(153)) - SCM snapshot dir is not configured. Falling back to ozone.metadata.dirs config
2022-09-01 11:50:53,623 [Listener at 0.0.0.0/36101] INFO  upgrade.AbstractLayoutVersionManager (AbstractLayoutVersionManager.java:init(83)) - Initializing Layout version manager with metadata layout = DATANODE_SCHEMA_V3 (version = 4), software layout = DATANODE_SCHEMA_V3 (version = 4)
2022-09-01 11:50:53,677 [Listener at 0.0.0.0/36101] INFO  reflections.Reflections (Reflections.java:scan(232)) - Reflections took 52 ms to scan 7 urls, producing 133 keys and 322 values 
2022-09-01 11:50:53,680 [Listener at 0.0.0.0/36101] INFO  ha.SequenceIdGenerator (SequenceIdGenerator.java:upgradeToSequenceId(349)) - upgrade localId to 109611004723200000
2022-09-01 11:50:53,680 [Listener at 0.0.0.0/36101] INFO  ha.SequenceIdGenerator (SequenceIdGenerator.java:upgradeToSequenceId(359)) - upgrade delTxnId to 0
2022-09-01 11:50:53,680 [Listener at 0.0.0.0/36101] INFO  ha.SequenceIdGenerator (SequenceIdGenerator.java:upgradeToSequenceId(376)) - upgrade containerId to 0
2022-09-01 11:50:53,680 [Listener at 0.0.0.0/36101] INFO  ha.SequenceIdGenerator (SequenceIdGenerator.java:<init>(220)) - Init the HA SequenceIdGenerator.
2022-09-01 11:50:53,681 [Listener at 0.0.0.0/36101] WARN  server.ServerUtils (ServerUtils.java:sanitizeUserArgs(73)) - ozone.scm.stale.node.interval value = 300000 is larger than max = 100000 based on the key value of ozone.scm.heartbeat.thread.interval, reset to the max value 100000.
2022-09-01 11:50:53,681 [Listener at 0.0.0.0/36101] WARN  server.ServerUtils (ServerUtils.java:sanitizeUserArgs(73)) - ozone.scm.stale.node.interval value = 300000 is larger than max = 100000 based on the key value of ozone.scm.heartbeat.thread.interval, reset to the max value 100000.
2022-09-01 11:50:53,681 [Listener at 0.0.0.0/36101] INFO  node.SCMNodeManager (SCMNodeManager.java:<init>(149)) - Entering startup safe mode.
2022-09-01 11:50:53,682 [Listener at 0.0.0.0/36101] INFO  algorithms.ContainerPlacementPolicyFactory (ContainerPlacementPolicyFactory.java:getPolicyInternal(86)) - Create container placement policy of type org.apache.hadoop.hdds.scm.container.placement.algorithms.SCMContainerPlacementRandom
2022-09-01 11:50:53,682 [Listener at 0.0.0.0/36101] INFO  algorithms.ContainerPlacementPolicyFactory (ContainerPlacementPolicyFactory.java:getPolicyInternal(86)) - Create container placement policy of type org.apache.hadoop.hdds.scm.container.placement.algorithms.SCMContainerPlacementRackScatter
2022-09-01 11:50:53,682 [Listener at 0.0.0.0/36101] INFO  pipeline.PipelineStateManagerImpl (PipelineStateManagerImpl.java:initialize(78)) - No pipeline exists in current db
2022-09-01 11:50:53,683 [Listener at 0.0.0.0/36101] INFO  algorithms.LeaderChoosePolicyFactory (LeaderChoosePolicyFactory.java:getPolicy(57)) - Create leader choose policy of type org.apache.hadoop.hdds.scm.pipeline.leader.choose.algorithms.MinLeaderCountChoosePolicy
2022-09-01 11:50:53,683 [Listener at 0.0.0.0/36101] INFO  algorithms.ContainerPlacementPolicyFactory (ContainerPlacementPolicyFactory.java:getPolicyInternal(86)) - Create container placement policy of type org.apache.hadoop.hdds.scm.container.placement.algorithms.SCMContainerPlacementRackScatter
2022-09-01 11:50:53,683 [Listener at 0.0.0.0/36101] INFO  ha.SCMServiceManager (SCMServiceManager.java:register(42)) - Registering service BackgroundPipelineCreator.
2022-09-01 11:50:53,683 [Listener at 0.0.0.0/36101] INFO  pipeline.BackgroundPipelineCreator (BackgroundPipelineCreator.java:start(124)) - Starting RatisPipelineUtilsThread.
2022-09-01 11:50:53,686 [Listener at 0.0.0.0/36101] INFO  BackgroundPipelineScrubber (BackgroundSCMService.java:start(68)) - Starting BackgroundPipelineScrubber Service.
2022-09-01 11:50:53,686 [Listener at 0.0.0.0/36101] INFO  ha.SCMServiceManager (SCMServiceManager.java:register(42)) - Registering service BackgroundPipelineScrubber.
2022-09-01 11:50:53,686 [Listener at 0.0.0.0/36101] INFO  ExpiredContainerReplicaOpScrubber (BackgroundSCMService.java:start(68)) - Starting ExpiredContainerReplicaOpScrubber Service.
2022-09-01 11:50:53,687 [Listener at 0.0.0.0/36101] INFO  ha.SCMServiceManager (SCMServiceManager.java:register(42)) - Registering service ExpiredContainerReplicaOpScrubber.
2022-09-01 11:50:53,688 [Listener at 0.0.0.0/36101] INFO  algorithms.PipelineChoosePolicyFactory (PipelineChoosePolicyFactory.java:createPipelineChoosePolicyFromClass(73)) - Create pipeline choose policy of type org.apache.hadoop.hdds.scm.pipeline.choose.algorithms.RandomPipelineChoosePolicy
2022-09-01 11:50:53,689 [Listener at 0.0.0.0/36101] INFO  ha.SCMServiceManager (SCMServiceManager.java:register(42)) - Registering service SCMBlockDeletingService.
2022-09-01 11:50:53,689 [Listener at 0.0.0.0/36101] INFO  replication.ReplicationManager (ReplicationManager.java:start(208)) - Starting Replication Monitor Thread.
2022-09-01 11:50:53,691 [Listener at 0.0.0.0/36101] INFO  UnderReplicatedQueueThread (BackgroundSCMService.java:start(68)) - Starting UnderReplicatedQueueThread Service.
2022-09-01 11:50:53,691 [Listener at 0.0.0.0/36101] INFO  ha.SCMServiceManager (SCMServiceManager.java:register(42)) - Registering service UnderReplicatedQueueThread.
2022-09-01 11:50:53,691 [Listener at 0.0.0.0/36101] INFO  OverReplicatedQueueThread (BackgroundSCMService.java:start(68)) - Starting OverReplicatedQueueThread Service.
2022-09-01 11:50:53,692 [Listener at 0.0.0.0/36101] INFO  ha.SCMServiceManager (SCMServiceManager.java:register(42)) - Registering service OverReplicatedQueueThread.
2022-09-01 11:50:53,692 [Listener at 0.0.0.0/36101] INFO  ha.SCMServiceManager (SCMServiceManager.java:register(42)) - Registering service ReplicationManager.
2022-09-01 11:50:53,692 [Listener at 0.0.0.0/36101] INFO  safemode.ContainerSafeModeRule (ContainerSafeModeRule.java:<init>(89)) - containers with one replica threshold count 0
2022-09-01 11:50:53,693 [Listener at 0.0.0.0/36101] INFO  safemode.HealthyPipelineSafeModeRule (HealthyPipelineSafeModeRule.java:initializeRule(169)) - Total pipeline count is 0, healthy pipeline threshold count is 1
2022-09-01 11:50:53,694 [Listener at 0.0.0.0/36101] INFO  safemode.OneReplicaPipelineSafeModeRule (OneReplicaPipelineSafeModeRule.java:initializeRule(180)) - Total pipeline count is 0, pipeline's with at least one datanode reported threshold count is 0
2022-09-01 11:50:53,696 [Listener at 0.0.0.0/36101] INFO  ipc.CallQueueManager (CallQueueManager.java:<init>(90)) - Using callQueue: class java.util.concurrent.LinkedBlockingQueue, queueCapacity: 2000, scheduler: class org.apache.hadoop.ipc.DefaultRpcScheduler, ipcBackoff: false.
2022-09-01 11:50:53,697 [Socket Reader #1 for port 41671] INFO  ipc.Server (Server.java:run(1265)) - Starting Socket Reader #1 for port 41671
2022-09-01 11:50:53,698 [Listener at 0.0.0.0/41671] INFO  ipc.CallQueueManager (CallQueueManager.java:<init>(90)) - Using callQueue: class java.util.concurrent.LinkedBlockingQueue, queueCapacity: 2000, scheduler: class org.apache.hadoop.ipc.DefaultRpcScheduler, ipcBackoff: false.
2022-09-01 11:50:53,700 [Socket Reader #1 for port 35923] INFO  ipc.Server (Server.java:run(1265)) - Starting Socket Reader #1 for port 35923
2022-09-01 11:50:53,702 [Listener at 0.0.0.0/35923] INFO  ipc.CallQueueManager (CallQueueManager.java:<init>(90)) - Using callQueue: class java.util.concurrent.LinkedBlockingQueue, queueCapacity: 2000, scheduler: class org.apache.hadoop.ipc.DefaultRpcScheduler, ipcBackoff: false.
2022-09-01 11:50:53,703 [Socket Reader #1 for port 43687] INFO  ipc.Server (Server.java:run(1265)) - Starting Socket Reader #1 for port 43687
2022-09-01 11:50:53,722 [ReplicationMonitor] INFO  replication.ReplicationManager (ReplicationManager.java:processAll(257)) - Replication Manager is not ready to run until 3000ms after safemode exit
2022-09-01 11:50:53,743 [Listener at 0.0.0.0/43687] INFO  ha.SCMServiceManager (SCMServiceManager.java:register(42)) - Registering service ContainerBalancer.
2022-09-01 11:50:53,743 [Listener at 0.0.0.0/43687] INFO  server.StorageContainerManager (StorageContainerManager.java:<init>(412)) - 
Container Balancer status:
Key                            Value
Running                        false
Container Balancer Configuration values:
Key                                                Value
Threshold                                          10
Max Datanodes to Involve per Iteration(percent)    20
Max Size to Move per Iteration                     500GB
Max Size Entering Target per Iteration             26GB
Max Size Leaving Source per Iteration              26GB

2022-09-01 11:50:53,744 [Listener at 0.0.0.0/43687] WARN  events.EventQueue (EventQueue.java:fireEvent(216)) - No event handler registered for event TypedEvent{payloadType=SafeModeStatus, name='Safe mode status'}
2022-09-01 11:50:53,744 [Listener at 0.0.0.0/43687] INFO  ha.SCMContext (SCMContext.java:updateSafeModeStatus(228)) - Update SafeModeStatus from SafeModeStatus{safeModeStatus=true, preCheckPassed=false} to SafeModeStatus{safeModeStatus=true, preCheckPassed=false}.
2022-09-01 11:50:53,746 [Listener at 0.0.0.0/43687] INFO  server.StorageContainerManager (StorageContainerManager.java:start(1466)) - StorageContainerLocationProtocol RPC server is listening at /0.0.0.0:43687
2022-09-01 11:50:53,746 [Listener at 0.0.0.0/43687] INFO  ha.SCMRatisServerImpl (SCMRatisServerImpl.java:start(178)) - starting ratis server 0.0.0.0:38491
2022-09-01 11:50:53,746 [5ae0c8ef-e091-4d1b-9d6c-68c2daa287ce-impl-thread1] INFO  server.RaftServer$Division (RaftServerImpl.java:start(316)) - 5ae0c8ef-e091-4d1b-9d6c-68c2daa287ce@group-1ED43301BCE6: start with initializing state, conf=-1: [], old=null
2022-09-01 11:50:53,747 [5ae0c8ef-e091-4d1b-9d6c-68c2daa287ce-impl-thread1] INFO  server.RaftServer$Division (RaftServerImpl.java:setRole(299)) - 5ae0c8ef-e091-4d1b-9d6c-68c2daa287ce@group-1ED43301BCE6: changes role from      null to FOLLOWER at term 0 for startInitializing
2022-09-01 11:50:53,747 [5ae0c8ef-e091-4d1b-9d6c-68c2daa287ce-impl-thread1] INFO  util.JmxRegister (JmxRegister.java:tryRegister(44)) - Successfully registered JMX Bean with object name Ratis:service=RaftServer,group=group-1ED43301BCE6,id=5ae0c8ef-e091-4d1b-9d6c-68c2daa287ce
2022-09-01 11:50:53,751 [Listener at 0.0.0.0/43687] INFO  server.RaftServer (RaftServerProxy.java:lambda$start$6(382)) - 5ae0c8ef-e091-4d1b-9d6c-68c2daa287ce: start RPC server
2022-09-01 11:50:53,754 [Listener at 0.0.0.0/43687] INFO  server.GrpcService (GrpcService.java:startImpl(260)) - 5ae0c8ef-e091-4d1b-9d6c-68c2daa287ce: GrpcService started, listening on 38491
2022-09-01 11:50:53,755 [org.apache.ratis.util.JvmPauseMonitor$$Lambda$519/975069640@72c8b830] INFO  util.JvmPauseMonitor (JvmPauseMonitor.java:run(103)) - JvmPauseMonitor-5ae0c8ef-e091-4d1b-9d6c-68c2daa287ce: Started
2022-09-01 11:50:53,756 [Listener at 0.0.0.0/43687] INFO  ha.SCMNodeInfo (SCMNodeInfo.java:getPort(197)) - ConfigKey ozone.scm.client.address is deprecated, For configuring different ports for each SCM use PortConfigKey ozone.scm.client.port appended with serviceId and nodeId
2022-09-01 11:50:53,756 [Listener at 0.0.0.0/43687] INFO  ha.SCMNodeInfo (SCMNodeInfo.java:getPort(197)) - ConfigKey ozone.scm.block.client.address is deprecated, For configuring different ports for each SCM use PortConfigKey ozone.scm.block.client.port appended with serviceId and nodeId
2022-09-01 11:50:53,756 [Listener at 0.0.0.0/43687] INFO  ha.SCMNodeInfo (SCMNodeInfo.java:getPort(197)) - ConfigKey ozone.scm.datanode.address is deprecated, For configuring different ports for each SCM use PortConfigKey ozone.scm.datanode.port appended with serviceId and nodeId
2022-09-01 11:50:53,756 [Listener at 0.0.0.0/43687] INFO  ha.SCMNodeInfo (SCMNodeInfo.java:getPort(197)) - ConfigKey ozone.scm.client.address is deprecated, For configuring different ports for each SCM use PortConfigKey ozone.scm.client.port appended with serviceId and nodeId
2022-09-01 11:50:53,756 [Listener at 0.0.0.0/43687] INFO  ha.SCMNodeInfo (SCMNodeInfo.java:getPort(197)) - ConfigKey ozone.scm.block.client.address is deprecated, For configuring different ports for each SCM use PortConfigKey ozone.scm.block.client.port appended with serviceId and nodeId
2022-09-01 11:50:53,756 [Listener at 0.0.0.0/43687] INFO  ha.SCMNodeInfo (SCMNodeInfo.java:getPort(197)) - ConfigKey ozone.scm.datanode.address is deprecated, For configuring different ports for each SCM use PortConfigKey ozone.scm.datanode.port appended with serviceId and nodeId
2022-09-01 11:50:53,756 [Listener at 0.0.0.0/43687] INFO  proxy.SCMBlockLocationFailoverProxyProvider (SCMBlockLocationFailoverProxyProvider.java:<init>(114)) - Created block location fail-over proxy with 2 nodes: [nodeId=scmNode-2,nodeAddress=/127.0.0.1:40239, nodeId=scmNode-1,nodeAddress=/127.0.0.1:45865]
2022-09-01 11:50:53,764 [IPC Server handler 2 on default port 45865] INFO  ha.SCMRatisServerImpl (SCMRatisServerImpl.java:addSCM(298)) - 76b5452b-5401-496a-924e-e3833b3fb27e: Submitting SetConfiguration request to Ratis server with new SCM peers list: [76b5452b-5401-496a-924e-e3833b3fb27e|rpc:localhost:44617|admin:|client:|dataStream:|priority:0, 56131482-92e3-4731-b18b-d0972f1f7686|rpc:localhost:46585|priority:0, 5ae0c8ef-e091-4d1b-9d6c-68c2daa287ce|rpc:localhost:38491|priority:0]
2022-09-01 11:50:53,764 [IPC Server handler 2 on default port 45865] INFO  server.RaftServer$Division (RaftServerImpl.java:setConfigurationAsync(1080)) - 76b5452b-5401-496a-924e-e3833b3fb27e@group-1ED43301BCE6: receive setConfiguration SetConfigurationRequest:client-57D691751C38->76b5452b-5401-496a-924e-e3833b3fb27e@group-1ED43301BCE6, cid=1, seq=0, RW, null, peers:[76b5452b-5401-496a-924e-e3833b3fb27e|rpc:localhost:44617|admin:|client:|dataStream:|priority:0, 56131482-92e3-4731-b18b-d0972f1f7686|rpc:localhost:46585|priority:0, 5ae0c8ef-e091-4d1b-9d6c-68c2daa287ce|rpc:localhost:38491|priority:0]
2022-09-01 11:50:53,764 [IPC Server handler 2 on default port 45865] INFO  server.RaftServer$Division (LeaderStateImpl.java:startSetConfiguration(368)) - 76b5452b-5401-496a-924e-e3833b3fb27e@group-1ED43301BCE6-LeaderStateImpl: startSetConfiguration SetConfigurationRequest:client-57D691751C38->76b5452b-5401-496a-924e-e3833b3fb27e@group-1ED43301BCE6, cid=1, seq=0, RW, null, peers:[76b5452b-5401-496a-924e-e3833b3fb27e|rpc:localhost:44617|admin:|client:|dataStream:|priority:0, 56131482-92e3-4731-b18b-d0972f1f7686|rpc:localhost:46585|priority:0, 5ae0c8ef-e091-4d1b-9d6c-68c2daa287ce|rpc:localhost:38491|priority:0]
2022-09-01 11:50:53,765 [IPC Server handler 2 on default port 45865] INFO  server.RaftServerConfigKeys (ConfUtils.java:logGet(46)) - raft.server.log.appender.snapshot.chunk.size.max = 16MB (=16777216) (default)
2022-09-01 11:50:53,765 [IPC Server handler 2 on default port 45865] INFO  server.RaftServerConfigKeys (ConfUtils.java:logGet(46)) - raft.server.log.appender.buffer.byte-limit = 33554432 (custom)
2022-09-01 11:50:53,765 [IPC Server handler 2 on default port 45865] INFO  server.RaftServerConfigKeys (ConfUtils.java:logGet(46)) - raft.server.log.appender.buffer.element-limit = 1024 (custom)
2022-09-01 11:50:53,766 [IPC Server handler 2 on default port 45865] INFO  grpc.GrpcConfigKeys (ConfUtils.java:logGet(46)) - raft.grpc.server.leader.outstanding.appends.max = 128 (default)
2022-09-01 11:50:53,766 [IPC Server handler 2 on default port 45865] INFO  server.RaftServerConfigKeys (ConfUtils.java:logGet(46)) - raft.server.rpc.request.timeout = 30000ms (custom)
2022-09-01 11:50:53,766 [IPC Server handler 2 on default port 45865] INFO  server.RaftServerConfigKeys (ConfUtils.java:logGet(46)) - raft.server.log.appender.install.snapshot.enabled = false (custom)
2022-09-01 11:50:53,772 [76b5452b-5401-496a-924e-e3833b3fb27e@group-1ED43301BCE6->5ae0c8ef-e091-4d1b-9d6c-68c2daa287ce-GrpcLogAppender-LogAppenderDaemon] INFO  server.GrpcLogAppender (GrpcLogAppender.java:installSnapshot(541)) - 76b5452b-5401-496a-924e-e3833b3fb27e@group-1ED43301BCE6->5ae0c8ef-e091-4d1b-9d6c-68c2daa287ce-GrpcLogAppender: followerNextIndex = 0 but logStartIndex = 0, notify follower to install snapshot-(t:1, i:0)
2022-09-01 11:50:53,773 [76b5452b-5401-496a-924e-e3833b3fb27e@group-1ED43301BCE6->5ae0c8ef-e091-4d1b-9d6c-68c2daa287ce-GrpcLogAppender-LogAppenderDaemon] INFO  server.GrpcLogAppender (GrpcLogAppender.java:installSnapshot(549)) - 76b5452b-5401-496a-924e-e3833b3fb27e@group-1ED43301BCE6->5ae0c8ef-e091-4d1b-9d6c-68c2daa287ce-GrpcLogAppender: send 76b5452b-5401-496a-924e-e3833b3fb27e->5ae0c8ef-e091-4d1b-9d6c-68c2daa287ce#0-t2,notify:(t:1, i:0)
2022-09-01 11:50:53,795 [grpc-default-executor-2] INFO  impl.SnapshotInstallationHandler (SnapshotInstallationHandler.java:installSnapshot(84)) - 5ae0c8ef-e091-4d1b-9d6c-68c2daa287ce@group-1ED43301BCE6: receive installSnapshot: 76b5452b-5401-496a-924e-e3833b3fb27e->5ae0c8ef-e091-4d1b-9d6c-68c2daa287ce#0-t2,notify:(t:1, i:0)
2022-09-01 11:50:53,797 [grpc-default-executor-2] INFO  ha.SCMStateMachine (SCMStateMachine.java:notifyLeaderChanged(255)) - leader changed, yet current SCM is still follower.
2022-09-01 11:50:53,797 [grpc-default-executor-2] INFO  server.RaftServer$Division (ServerState.java:setLeader(287)) - 5ae0c8ef-e091-4d1b-9d6c-68c2daa287ce@group-1ED43301BCE6: change Leader from null to 76b5452b-5401-496a-924e-e3833b3fb27e at term 2 for installSnapshot, leader elected after 185ms
2022-09-01 11:50:53,798 [grpc-default-executor-2] INFO  impl.SnapshotInstallationHandler (SnapshotInstallationHandler.java:notifyStateMachineToInstallSnapshot(215)) - 5ae0c8ef-e091-4d1b-9d6c-68c2daa287ce@group-1ED43301BCE6: Received notification to install snapshot at index 0
2022-09-01 11:50:53,798 [grpc-default-executor-2] INFO  impl.SnapshotInstallationHandler (SnapshotInstallationHandler.java:notifyStateMachineToInstallSnapshot(224)) - 5ae0c8ef-e091-4d1b-9d6c-68c2daa287ce@group-1ED43301BCE6: InstallSnapshot notification result: ALREADY_INSTALLED, current snapshot index: -1
2022-09-01 11:50:53,798 [grpc-default-executor-2] INFO  impl.SnapshotInstallationHandler (SnapshotInstallationHandler.java:installSnapshotImpl(129)) - 5ae0c8ef-e091-4d1b-9d6c-68c2daa287ce@group-1ED43301BCE6: set new configuration index: 5
configurationEntry {
  peers {
    id: "76b5452b-5401-496a-924e-e3833b3fb27e"
    address: "localhost:44617"
  }
  peers {
    id: "56131482-92e3-4731-b18b-d0972f1f7686"
    address: "localhost:46585"
  }
}
 from snapshot
2022-09-01 11:50:53,799 [grpc-default-executor-2] INFO  server.RaftServer$Division (ServerState.java:setRaftConf(393)) - 5ae0c8ef-e091-4d1b-9d6c-68c2daa287ce@group-1ED43301BCE6: set configuration 5: [76b5452b-5401-496a-924e-e3833b3fb27e|rpc:localhost:44617|admin:|client:|dataStream:|priority:0, 56131482-92e3-4731-b18b-d0972f1f7686|rpc:localhost:46585|admin:|client:|dataStream:|priority:0], old=null
2022-09-01 11:50:53,799 [grpc-default-executor-2] INFO  impl.SnapshotInstallationHandler (SnapshotInstallationHandler.java:installSnapshot(95)) - 5ae0c8ef-e091-4d1b-9d6c-68c2daa287ce@group-1ED43301BCE6: reply installSnapshot: 76b5452b-5401-496a-924e-e3833b3fb27e<-5ae0c8ef-e091-4d1b-9d6c-68c2daa287ce#0:FAIL-t0,ALREADY_INSTALLED
2022-09-01 11:50:53,799 [grpc-default-executor-2] INFO  server.GrpcServerProtocolService (GrpcServerProtocolService.java:onCompleted(140)) - 5ae0c8ef-e091-4d1b-9d6c-68c2daa287ce: Completed INSTALL_SNAPSHOT, lastRequest: 76b5452b-5401-496a-924e-e3833b3fb27e->5ae0c8ef-e091-4d1b-9d6c-68c2daa287ce#0-t2,notify:(t:1, i:0)
2022-09-01 11:50:53,801 [grpc-default-executor-2] INFO  server.GrpcLogAppender (GrpcLogAppender.java:onNext(403)) - 76b5452b-5401-496a-924e-e3833b3fb27e@group-1ED43301BCE6->5ae0c8ef-e091-4d1b-9d6c-68c2daa287ce-InstallSnapshotResponseHandler: received the first reply 76b5452b-5401-496a-924e-e3833b3fb27e<-5ae0c8ef-e091-4d1b-9d6c-68c2daa287ce#0:FAIL-t0,ALREADY_INSTALLED
2022-09-01 11:50:53,801 [grpc-default-executor-2] INFO  server.GrpcLogAppender (GrpcLogAppender.java:onNext(426)) - 76b5452b-5401-496a-924e-e3833b3fb27e@group-1ED43301BCE6->5ae0c8ef-e091-4d1b-9d6c-68c2daa287ce-InstallSnapshotResponseHandler: Follower snapshot is already at index 0.
2022-09-01 11:50:53,801 [grpc-default-executor-2] INFO  leader.FollowerInfo (FollowerInfoImpl.java:lambda$new$0(48)) - 76b5452b-5401-496a-924e-e3833b3fb27e@group-1ED43301BCE6->5ae0c8ef-e091-4d1b-9d6c-68c2daa287ce: snapshotIndex: setUnconditionally 0 -> 0
2022-09-01 11:50:53,801 [grpc-default-executor-2] INFO  leader.FollowerInfo (FollowerInfoImpl.java:lambda$new$0(48)) - 76b5452b-5401-496a-924e-e3833b3fb27e@group-1ED43301BCE6->5ae0c8ef-e091-4d1b-9d6c-68c2daa287ce: matchIndex: setUnconditionally 0 -> 0
2022-09-01 11:50:53,801 [grpc-default-executor-2] INFO  leader.FollowerInfo (FollowerInfoImpl.java:lambda$new$0(48)) - 76b5452b-5401-496a-924e-e3833b3fb27e@group-1ED43301BCE6->5ae0c8ef-e091-4d1b-9d6c-68c2daa287ce: nextIndex: setUnconditionally 0 -> 1
2022-09-01 11:50:53,801 [grpc-default-executor-2] INFO  leader.FollowerInfo (FollowerInfoImpl.java:setAttemptedToInstallSnapshot(118)) - Follower 76b5452b-5401-496a-924e-e3833b3fb27e@group-1ED43301BCE6->5ae0c8ef-e091-4d1b-9d6c-68c2daa287ce acknowledged installing snapshot
2022-09-01 11:50:53,802 [grpc-default-executor-2] INFO  leader.FollowerInfo (FollowerInfoImpl.java:lambda$new$0(48)) - 76b5452b-5401-496a-924e-e3833b3fb27e@group-1ED43301BCE6->5ae0c8ef-e091-4d1b-9d6c-68c2daa287ce: nextIndex: updateToMax old=1, new=1, updated? false
2022-09-01 11:50:53,806 [5ae0c8ef-e091-4d1b-9d6c-68c2daa287ce-server-thread1] INFO  impl.RoleInfo (RoleInfo.java:updateAndGet(139)) - 5ae0c8ef-e091-4d1b-9d6c-68c2daa287ce: start 5ae0c8ef-e091-4d1b-9d6c-68c2daa287ce@group-1ED43301BCE6-FollowerState
2022-09-01 11:50:53,811 [5ae0c8ef-e091-4d1b-9d6c-68c2daa287ce-server-thread1] INFO  server.RaftServer$Division (RaftServerImpl.java:checkInconsistentAppendEntries(1424)) - 5ae0c8ef-e091-4d1b-9d6c-68c2daa287ce@group-1ED43301BCE6: Failed appendEntries as previous log entry ((t:1, i:0)) is not found
2022-09-01 11:50:53,812 [5ae0c8ef-e091-4d1b-9d6c-68c2daa287ce-server-thread1] INFO  server.RaftServer$Division (RaftServerImpl.java:checkInconsistentAppendEntries(1394)) - 5ae0c8ef-e091-4d1b-9d6c-68c2daa287ce@group-1ED43301BCE6: inconsistency entries. Reply:76b5452b-5401-496a-924e-e3833b3fb27e<-5ae0c8ef-e091-4d1b-9d6c-68c2daa287ce#0:FAIL-t2,INCONSISTENCY,nextIndex=0,followerCommit=-1
2022-09-01 11:50:53,813 [5ae0c8ef-e091-4d1b-9d6c-68c2daa287ce-server-thread1] INFO  server.RaftServer$Division (RaftServerImpl.java:checkInconsistentAppendEntries(1424)) - 5ae0c8ef-e091-4d1b-9d6c-68c2daa287ce@group-1ED43301BCE6: Failed appendEntries as previous log entry ((t:1, i:0)) is not found
2022-09-01 11:50:53,814 [5ae0c8ef-e091-4d1b-9d6c-68c2daa287ce-server-thread1] INFO  server.RaftServer$Division (RaftServerImpl.java:checkInconsistentAppendEntries(1394)) - 5ae0c8ef-e091-4d1b-9d6c-68c2daa287ce@group-1ED43301BCE6: inconsistency entries. Reply:76b5452b-5401-496a-924e-e3833b3fb27e<-5ae0c8ef-e091-4d1b-9d6c-68c2daa287ce#1:FAIL-t2,INCONSISTENCY,nextIndex=0,followerCommit=-1
2022-09-01 11:50:53,814 [grpc-default-executor-2] INFO  leader.FollowerInfo (FollowerInfoImpl.java:lambda$new$0(48)) - 76b5452b-5401-496a-924e-e3833b3fb27e@group-1ED43301BCE6->5ae0c8ef-e091-4d1b-9d6c-68c2daa287ce: nextIndex: updateUnconditionally 7 -> 0
2022-09-01 11:50:53,815 [grpc-default-executor-2] INFO  leader.FollowerInfo (FollowerInfoImpl.java:lambda$new$0(48)) - 76b5452b-5401-496a-924e-e3833b3fb27e@group-1ED43301BCE6->5ae0c8ef-e091-4d1b-9d6c-68c2daa287ce: nextIndex: updateUnconditionally 7 -> 0
2022-09-01 11:50:53,817 [5ae0c8ef-e091-4d1b-9d6c-68c2daa287ce-server-thread1] INFO  server.RaftServer$Division (ServerState.java:setRaftConf(393)) - 5ae0c8ef-e091-4d1b-9d6c-68c2daa287ce@group-1ED43301BCE6: set configuration 0: [76b5452b-5401-496a-924e-e3833b3fb27e|rpc:localhost:44617|admin:|client:|dataStream:|priority:0], old=null
2022-09-01 11:50:53,821 [5ae0c8ef-e091-4d1b-9d6c-68c2daa287ce-server-thread1] INFO  server.RaftServer$Division (ServerState.java:setRaftConf(393)) - 5ae0c8ef-e091-4d1b-9d6c-68c2daa287ce@group-1ED43301BCE6: set configuration 1: [76b5452b-5401-496a-924e-e3833b3fb27e|rpc:localhost:44617|admin:|client:|dataStream:|priority:0], old=null
2022-09-01 11:50:53,822 [5ae0c8ef-e091-4d1b-9d6c-68c2daa287ce-server-thread1] INFO  server.RaftServer$Division (ServerState.java:setRaftConf(393)) - 5ae0c8ef-e091-4d1b-9d6c-68c2daa287ce@group-1ED43301BCE6: set configuration 3: [76b5452b-5401-496a-924e-e3833b3fb27e|rpc:localhost:44617|admin:|client:|dataStream:|priority:0, 56131482-92e3-4731-b18b-d0972f1f7686|rpc:localhost:46585|admin:|client:|dataStream:|priority:0], old=[76b5452b-5401-496a-924e-e3833b3fb27e|rpc:localhost:44617|admin:|client:|dataStream:|priority:0]
2022-09-01 11:50:53,822 [5ae0c8ef-e091-4d1b-9d6c-68c2daa287ce-server-thread1] INFO  server.RaftServer$Division (ServerState.java:setRaftConf(393)) - 5ae0c8ef-e091-4d1b-9d6c-68c2daa287ce@group-1ED43301BCE6: set configuration 5: [76b5452b-5401-496a-924e-e3833b3fb27e|rpc:localhost:44617|admin:|client:|dataStream:|priority:0, 56131482-92e3-4731-b18b-d0972f1f7686|rpc:localhost:46585|admin:|client:|dataStream:|priority:0], old=null
2022-09-01 11:50:53,822 [5ae0c8ef-e091-4d1b-9d6c-68c2daa287ce-server-thread1] INFO  segmented.SegmentedRaftLogWorker (SegmentedRaftLogWorker.java:startLogSegment(425)) - 5ae0c8ef-e091-4d1b-9d6c-68c2daa287ce@group-1ED43301BCE6-SegmentedRaftLogWorker: Starting segment from index:0
2022-09-01 11:50:53,822 [5ae0c8ef-e091-4d1b-9d6c-68c2daa287ce-server-thread1] INFO  segmented.SegmentedRaftLogWorker (SegmentedRaftLogWorker.java:rollLogSegment(430)) - 5ae0c8ef-e091-4d1b-9d6c-68c2daa287ce@group-1ED43301BCE6-SegmentedRaftLogWorker: Rolling segment log-0_0 to index:0
2022-09-01 11:50:53,827 [5ae0c8ef-e091-4d1b-9d6c-68c2daa287ce-server-thread1] INFO  server.RaftServer$Division (ServerState.java:setRaftConf(393)) - 5ae0c8ef-e091-4d1b-9d6c-68c2daa287ce@group-1ED43301BCE6: set configuration 0: [76b5452b-5401-496a-924e-e3833b3fb27e|rpc:localhost:44617|admin:|client:|dataStream:|priority:0], old=null
2022-09-01 11:50:53,827 [5ae0c8ef-e091-4d1b-9d6c-68c2daa287ce-server-thread1] INFO  server.RaftServer$Division (ServerState.java:setRaftConf(393)) - 5ae0c8ef-e091-4d1b-9d6c-68c2daa287ce@group-1ED43301BCE6: set configuration 1: [76b5452b-5401-496a-924e-e3833b3fb27e|rpc:localhost:44617|admin:|client:|dataStream:|priority:0], old=null
2022-09-01 11:50:53,827 [5ae0c8ef-e091-4d1b-9d6c-68c2daa287ce-server-thread1] INFO  server.RaftServer$Division (ServerState.java:setRaftConf(393)) - 5ae0c8ef-e091-4d1b-9d6c-68c2daa287ce@group-1ED43301BCE6: set configuration 3: [76b5452b-5401-496a-924e-e3833b3fb27e|rpc:localhost:44617|admin:|client:|dataStream:|priority:0, 56131482-92e3-4731-b18b-d0972f1f7686|rpc:localhost:46585|admin:|client:|dataStream:|priority:0], old=[76b5452b-5401-496a-924e-e3833b3fb27e|rpc:localhost:44617|admin:|client:|dataStream:|priority:0]
2022-09-01 11:50:53,828 [5ae0c8ef-e091-4d1b-9d6c-68c2daa287ce-server-thread1] INFO  server.RaftServer$Division (ServerState.java:setRaftConf(393)) - 5ae0c8ef-e091-4d1b-9d6c-68c2daa287ce@group-1ED43301BCE6: set configuration 5: [76b5452b-5401-496a-924e-e3833b3fb27e|rpc:localhost:44617|admin:|client:|dataStream:|priority:0, 56131482-92e3-4731-b18b-d0972f1f7686|rpc:localhost:46585|admin:|client:|dataStream:|priority:0], old=null
2022-09-01 11:50:53,834 [5ae0c8ef-e091-4d1b-9d6c-68c2daa287ce@group-1ED43301BCE6-SegmentedRaftLogWorker] INFO  segmented.SegmentedRaftLogWorker (SegmentedRaftLogWorker.java:execute(629)) - 5ae0c8ef-e091-4d1b-9d6c-68c2daa287ce@group-1ED43301BCE6-SegmentedRaftLogWorker: created new log segment /home/runner/work/ozone/ozone/hadoop-ozone/integration-test/target/test-dir/MiniOzoneClusterImpl-a1c451f0-9b10-458f-87dd-1ed43301bce6/scmNode-3/scm-ha/a1c451f0-9b10-458f-87dd-1ed43301bce6/current/log_inprogress_0
2022-09-01 11:50:53,837 [5ae0c8ef-e091-4d1b-9d6c-68c2daa287ce@group-1ED43301BCE6-SegmentedRaftLogWorker] INFO  segmented.SegmentedRaftLogWorker (SegmentedRaftLogWorker.java:execute(586)) - 5ae0c8ef-e091-4d1b-9d6c-68c2daa287ce@group-1ED43301BCE6-SegmentedRaftLogWorker: Rolled log segment from /home/runner/work/ozone/ozone/hadoop-ozone/integration-test/target/test-dir/MiniOzoneClusterImpl-a1c451f0-9b10-458f-87dd-1ed43301bce6/scmNode-3/scm-ha/a1c451f0-9b10-458f-87dd-1ed43301bce6/current/log_inprogress_0 to /home/runner/work/ozone/ozone/hadoop-ozone/integration-test/target/test-dir/MiniOzoneClusterImpl-a1c451f0-9b10-458f-87dd-1ed43301bce6/scmNode-3/scm-ha/a1c451f0-9b10-458f-87dd-1ed43301bce6/current/log_0-0
2022-09-01 11:50:53,848 [5ae0c8ef-e091-4d1b-9d6c-68c2daa287ce@group-1ED43301BCE6-SegmentedRaftLogWorker] INFO  segmented.SegmentedRaftLogWorker (SegmentedRaftLogWorker.java:execute(629)) - 5ae0c8ef-e091-4d1b-9d6c-68c2daa287ce@group-1ED43301BCE6-SegmentedRaftLogWorker: created new log segment /home/runner/work/ozone/ozone/hadoop-ozone/integration-test/target/test-dir/MiniOzoneClusterImpl-a1c451f0-9b10-458f-87dd-1ed43301bce6/scmNode-3/scm-ha/a1c451f0-9b10-458f-87dd-1ed43301bce6/current/log_inprogress_1
2022-09-01 11:50:53,854 [5ae0c8ef-e091-4d1b-9d6c-68c2daa287ce@group-1ED43301BCE6-StateMachineUpdater] INFO  safemode.HealthyPipelineSafeModeRule (HealthyPipelineSafeModeRule.java:initializeRule(165)) - Refreshed total pipeline count is 0, healthy pipeline threshold count is 1
2022-09-01 11:50:53,854 [5ae0c8ef-e091-4d1b-9d6c-68c2daa287ce@group-1ED43301BCE6-StateMachineUpdater] INFO  safemode.ContainerSafeModeRule (ContainerSafeModeRule.java:reInitializeRule(177)) - Refreshed one replica container threshold 0, currentThreshold 0
2022-09-01 11:50:53,854 [5ae0c8ef-e091-4d1b-9d6c-68c2daa287ce@group-1ED43301BCE6-StateMachineUpdater] INFO  safemode.OneReplicaPipelineSafeModeRule (OneReplicaPipelineSafeModeRule.java:initializeRule(176)) - Refreshed Total pipeline count is 0, pipeline's with at least one datanode reported threshold count is 0
2022-09-01 11:50:53,854 [5ae0c8ef-e091-4d1b-9d6c-68c2daa287ce@group-1ED43301BCE6-StateMachineUpdater] INFO  server.SCMDatanodeProtocolServer (SCMDatanodeProtocolServer.java:start(186)) - ScmDatanodeProtocol RPC server for DataNodes is listening at /0.0.0.0:41671
2022-09-01 11:50:53,857 [IPC Server listener on 41671] INFO  ipc.Server (Server.java:run(1344)) - IPC Server listener on 41671: starting
2022-09-01 11:50:53,858 [76b5452b-5401-496a-924e-e3833b3fb27e@group-1ED43301BCE6-LeaderStateImpl] INFO  server.RaftServer$Division (ServerState.java:setRaftConf(393)) - 76b5452b-5401-496a-924e-e3833b3fb27e@group-1ED43301BCE6: set configuration 7: [5ae0c8ef-e091-4d1b-9d6c-68c2daa287ce|rpc:localhost:38491|priority:0, 76b5452b-5401-496a-924e-e3833b3fb27e|rpc:localhost:44617|admin:|client:|dataStream:|priority:0, 56131482-92e3-4731-b18b-d0972f1f7686|rpc:localhost:46585|priority:0], old=[76b5452b-5401-496a-924e-e3833b3fb27e|rpc:localhost:44617|admin:|client:|dataStream:|priority:0, 56131482-92e3-4731-b18b-d0972f1f7686|rpc:localhost:46585|priority:0]
2022-09-01 11:50:53,865 [IPC Server Responder] INFO  ipc.Server (Server.java:run(1507)) - IPC Server Responder: starting
2022-09-01 11:50:53,866 [5ae0c8ef-e091-4d1b-9d6c-68c2daa287ce-server-thread1] INFO  server.RaftServer$Division (ServerState.java:setRaftConf(393)) - 5ae0c8ef-e091-4d1b-9d6c-68c2daa287ce@group-1ED43301BCE6: set configuration 7: [5ae0c8ef-e091-4d1b-9d6c-68c2daa287ce|rpc:localhost:38491|admin:|client:|dataStream:|priority:0, 76b5452b-5401-496a-924e-e3833b3fb27e|rpc:localhost:44617|admin:|client:|dataStream:|priority:0, 56131482-92e3-4731-b18b-d0972f1f7686|rpc:localhost:46585|admin:|client:|dataStream:|priority:0], old=[76b5452b-5401-496a-924e-e3833b3fb27e|rpc:localhost:44617|admin:|client:|dataStream:|priority:0, 56131482-92e3-4731-b18b-d0972f1f7686|rpc:localhost:46585|admin:|client:|dataStream:|priority:0]
2022-09-01 11:50:53,869 [56131482-92e3-4731-b18b-d0972f1f7686-server-thread1] INFO  server.RaftServer$Division (ServerState.java:setRaftConf(393)) - 56131482-92e3-4731-b18b-d0972f1f7686@group-1ED43301BCE6: set configuration 7: [5ae0c8ef-e091-4d1b-9d6c-68c2daa287ce|rpc:localhost:38491|admin:|client:|dataStream:|priority:0, 76b5452b-5401-496a-924e-e3833b3fb27e|rpc:localhost:44617|admin:|client:|dataStream:|priority:0, 56131482-92e3-4731-b18b-d0972f1f7686|rpc:localhost:46585|admin:|client:|dataStream:|priority:0], old=[76b5452b-5401-496a-924e-e3833b3fb27e|rpc:localhost:44617|admin:|client:|dataStream:|priority:0, 56131482-92e3-4731-b18b-d0972f1f7686|rpc:localhost:46585|admin:|client:|dataStream:|priority:0]
2022-09-01 11:50:53,876 [76b5452b-5401-496a-924e-e3833b3fb27e@group-1ED43301BCE6-LeaderStateImpl] INFO  server.RaftServer$Division (ServerState.java:setRaftConf(393)) - 76b5452b-5401-496a-924e-e3833b3fb27e@group-1ED43301BCE6: set configuration 9: [5ae0c8ef-e091-4d1b-9d6c-68c2daa287ce|rpc:localhost:38491|priority:0, 76b5452b-5401-496a-924e-e3833b3fb27e|rpc:localhost:44617|admin:|client:|dataStream:|priority:0, 56131482-92e3-4731-b18b-d0972f1f7686|rpc:localhost:46585|priority:0], old=null
2022-09-01 11:50:53,900 [5ae0c8ef-e091-4d1b-9d6c-68c2daa287ce-server-thread1] INFO  server.RaftServer$Division (ServerState.java:setRaftConf(393)) - 5ae0c8ef-e091-4d1b-9d6c-68c2daa287ce@group-1ED43301BCE6: set configuration 9: [5ae0c8ef-e091-4d1b-9d6c-68c2daa287ce|rpc:localhost:38491|admin:|client:|dataStream:|priority:0, 76b5452b-5401-496a-924e-e3833b3fb27e|rpc:localhost:44617|admin:|client:|dataStream:|priority:0, 56131482-92e3-4731-b18b-d0972f1f7686|rpc:localhost:46585|admin:|client:|dataStream:|priority:0], old=null
2022-09-01 11:50:53,901 [56131482-92e3-4731-b18b-d0972f1f7686-server-thread1] INFO  server.RaftServer$Division (ServerState.java:setRaftConf(393)) - 56131482-92e3-4731-b18b-d0972f1f7686@group-1ED43301BCE6: set configuration 9: [5ae0c8ef-e091-4d1b-9d6c-68c2daa287ce|rpc:localhost:38491|admin:|client:|dataStream:|priority:0, 76b5452b-5401-496a-924e-e3833b3fb27e|rpc:localhost:44617|admin:|client:|dataStream:|priority:0, 56131482-92e3-4731-b18b-d0972f1f7686|rpc:localhost:46585|admin:|client:|dataStream:|priority:0], old=null
2022-09-01 11:50:53,910 [IPC Server handler 2 on default port 45865] INFO  ha.SCMRatisServerImpl (SCMRatisServerImpl.java:addSCM(309)) - Successfully added new SCM: 5ae0c8ef-e091-4d1b-9d6c-68c2daa287ce.
2022-09-01 11:50:53,912 [Listener at 0.0.0.0/43687] INFO  ha.SCMHAManagerImpl (SCMHAManagerImpl.java:start(117)) - Successfully added SCM scmNode-3 to group group-1ED43301BCE6:[5ae0c8ef-e091-4d1b-9d6c-68c2daa287ce|rpc:localhost:38491|admin:|client:|dataStream:|priority:0, 76b5452b-5401-496a-924e-e3833b3fb27e|rpc:localhost:44617|admin:|client:|dataStream:|priority:0, 56131482-92e3-4731-b18b-d0972f1f7686|rpc:localhost:46585|admin:|client:|dataStream:|priority:0]
2022-09-01 11:50:53,913 [Listener at 0.0.0.0/43687] INFO  ha.InterSCMGrpcService (InterSCMGrpcProtocolService.java:start(94)) - Starting SCM Grpc Service at port 33683
2022-09-01 11:50:53,924 [Listener at 0.0.0.0/43687] INFO  impl.MetricsSystemImpl (MetricsSystemImpl.java:init(158)) - StorageContainerManager metrics system started (again)
2022-09-01 11:50:53,941 [Listener at 0.0.0.0/43687] INFO  server.SCMClientProtocolServer (SCMClientProtocolServer.java:start(170)) - RPC server for Client  is listening at /0.0.0.0:43687
2022-09-01 11:50:53,941 [IPC Server Responder] INFO  ipc.Server (Server.java:run(1507)) - IPC Server Responder: starting
2022-09-01 11:50:53,944 [IPC Server listener on 43687] INFO  ipc.Server (Server.java:run(1344)) - IPC Server listener on 43687: starting
2022-09-01 11:50:53,950 [Listener at 0.0.0.0/43687] INFO  server.StorageContainerManager (StorageContainerManager.java:start(1481)) - ScmBlockLocationProtocol RPC server is listening at /0.0.0.0:35923
2022-09-01 11:50:53,951 [Listener at 0.0.0.0/43687] INFO  server.SCMBlockProtocolServer (SCMBlockProtocolServer.java:start(152)) - RPC server for Block Protocol is listening at /0.0.0.0:35923
2022-09-01 11:50:53,951 [IPC Server Responder] INFO  ipc.Server (Server.java:run(1507)) - IPC Server Responder: starting
2022-09-01 11:50:53,956 [IPC Server listener on 35923] INFO  ipc.Server (Server.java:run(1344)) - IPC Server listener on 35923: starting
2022-09-01 11:50:53,961 [org.apache.hadoop.util.JvmPauseMonitor$Monitor@1180e702] INFO  util.JvmPauseMonitor (JvmPauseMonitor.java:run(188)) - Starting JVM pause monitor
2022-09-01 11:50:53,963 [Listener at 0.0.0.0/43687] INFO  http.BaseHttpServer (BaseHttpServer.java:newHttpServer2BuilderForOzone(213)) - Starting Web-server for scm at: http://0.0.0.0:44285
2022-09-01 11:50:53,963 [Listener at 0.0.0.0/43687] INFO  http.BaseHttpServer (BaseHttpServer.java:<init>(108)) - Hadoop Security Enabled: false Ozone Security Enabled: false Ozone HTTP Security Enabled: false 
2022-09-01 11:50:53,965 [Listener at 0.0.0.0/43687] INFO  server.AuthenticationFilter (AuthenticationFilter.java:constructSecretProvider(240)) - Unable to initialize FileSignerSecretProvider, falling back to use random secrets.
2022-09-01 11:50:53,965 [Listener at 0.0.0.0/43687] WARN  http.HttpRequestLog (HttpRequestLog.java:getRequestLog(103)) - Jetty request log can only be enabled using Log4j
2022-09-01 11:50:53,968 [Listener at 0.0.0.0/43687] INFO  http.HttpServer2 (HttpServer2.java:addGlobalFilter(1029)) - Added global filter 'safety' (class=org.apache.hadoop.hdds.server.http.HttpServer2$QuotingInputFilter)
2022-09-01 11:50:53,969 [Listener at 0.0.0.0/43687] INFO  http.HttpServer2 (HttpServer2.java:addFilter(1005)) - Added filter static_user_filter (class=org.apache.hadoop.http.lib.StaticUserWebFilter$StaticUserFilter) to context scm
2022-09-01 11:50:53,969 [Listener at 0.0.0.0/43687] INFO  http.HttpServer2 (HttpServer2.java:addFilter(1013)) - Added filter static_user_filter (class=org.apache.hadoop.http.lib.StaticUserWebFilter$StaticUserFilter) to context static
2022-09-01 11:50:53,969 [Listener at 0.0.0.0/43687] INFO  http.HttpServer2 (HttpServer2.java:addFilter(1013)) - Added filter static_user_filter (class=org.apache.hadoop.http.lib.StaticUserWebFilter$StaticUserFilter) to context logs
2022-09-01 11:50:53,970 [Listener at 0.0.0.0/43687] INFO  http.HttpServer2 (HttpServer2.java:bindListener(1248)) - Jetty bound to port 44285
2022-09-01 11:50:53,970 [Listener at 0.0.0.0/43687] INFO  server.Server (Server.java:doStart(375)) - jetty-9.4.43.v20210629; built: 2021-06-30T11:07:22.254Z; git: 526006ecfa3af7f1a27ef3a288e2bef7ea9dd7e8; jvm 1.8.0_345-b01
2022-09-01 11:50:53,976 [Listener at 0.0.0.0/43687] INFO  server.session (DefaultSessionIdManager.java:doStart(334)) - DefaultSessionIdManager workerName=node0
2022-09-01 11:50:53,976 [Listener at 0.0.0.0/43687] INFO  server.session (DefaultSessionIdManager.java:doStart(339)) - No SessionScavenger set, using defaults
2022-09-01 11:50:53,976 [Listener at 0.0.0.0/43687] INFO  server.session (HouseKeeper.java:startScavenging(132)) - node0 Scavenging every 660000ms
2022-09-01 11:50:53,977 [Listener at 0.0.0.0/43687] INFO  handler.ContextHandler (ContextHandler.java:doStart(915)) - Started o.e.j.s.ServletContextHandler@4aae6c1{logs,/logs,file:///home/runner/work/ozone/ozone/hadoop-ozone/integration-test/target/log,AVAILABLE}
2022-09-01 11:50:53,977 [Listener at 0.0.0.0/43687] INFO  handler.ContextHandler (ContextHandler.java:doStart(915)) - Started o.e.j.s.ServletContextHandler@45ed9459{static,/static,file:///home/runner/work/ozone/ozone/hadoop-ozone/integration-test/target/test-classes/webapps/static,AVAILABLE}
2022-09-01 11:50:53,981 [Listener at 0.0.0.0/43687] INFO  handler.ContextHandler (ContextHandler.java:doStart(915)) - Started o.e.j.w.WebAppContext@db0a86b{scm,/,file:///home/runner/work/ozone/ozone/hadoop-ozone/integration-test/target/test-classes/webapps/scm/,AVAILABLE}{file:/home/runner/work/ozone/ozone/hadoop-ozone/integration-test/target/test-classes/webapps/scm}
2022-09-01 11:50:53,982 [Listener at 0.0.0.0/43687] INFO  server.AbstractConnector (AbstractConnector.java:doStart(331)) - Started ServerConnector@1e61a84{HTTP/1.1, (http/1.1)}{0.0.0.0:44285}
2022-09-01 11:50:53,982 [Listener at 0.0.0.0/43687] INFO  server.Server (Server.java:doStart(415)) - Started @19007ms
2022-09-01 11:50:53,982 [Listener at 0.0.0.0/43687] WARN  impl.MetricsSystemImpl (MetricsSystemImpl.java:register(279)) - Sink prometheus already exists!
2022-09-01 11:50:53,983 [Listener at 0.0.0.0/43687] INFO  http.BaseHttpServer (BaseHttpServer.java:updateConnectorAddress(333)) - HTTP server of scm listening at http://0.0.0.0:44285
2022-09-01 11:50:53,983 [Listener at 0.0.0.0/43687] INFO  ozone.MiniOzoneHAClusterImpl (MiniOzoneHAClusterImpl.java:createSCMService(606)) - Started SCM RPC server at /0.0.0.0:43687
2022-09-01 11:50:54,048 [Listener at 0.0.0.0/43687] INFO  audit.AuditLogger (AuditLogger.java:refreshDebugCmdSet(126)) - Refresh DebugCmdSet for OMAudit to [].
2022-09-01 11:50:54,143 [Listener at 0.0.0.0/43687] INFO  ha.OMHANodeDetails (OMHANodeDetails.java:loadOMHAConfig(121)) - ServiceID for OzoneManager is omServiceId1
2022-09-01 11:50:54,150 [Listener at 0.0.0.0/43687] INFO  ha.OMHANodeDetails (OMHANodeDetails.java:loadOMHAConfig(201)) - Found matching OM address with OMServiceId: omServiceId1, OMNodeId: omNode-1, RPC Address: localhost:45665 and Ratis port: 33865
2022-09-01 11:50:54,150 [Listener at 0.0.0.0/43687] INFO  ha.OMHANodeDetails (ConfUtils.java:setNodeSpecificConfigs(97)) - Setting configuration key ozone.om.http-address with value of key ozone.om.http-address.omServiceId1.omNode-1: 127.0.0.1:44771
2022-09-01 11:50:54,150 [Listener at 0.0.0.0/43687] INFO  ha.OMHANodeDetails (ConfUtils.java:setNodeSpecificConfigs(97)) - Setting configuration key ozone.om.https-address with value of key ozone.om.https-address.omServiceId1.omNode-1: 127.0.0.1:33867
2022-09-01 11:50:54,150 [Listener at 0.0.0.0/43687] INFO  ha.OMHANodeDetails (ConfUtils.java:setNodeSpecificConfigs(97)) - Setting configuration key ozone.om.address with value of key ozone.om.address.omServiceId1.omNode-1: 127.0.0.1:45665
2022-09-01 11:50:54,150 [Listener at 0.0.0.0/43687] WARN  server.ServerUtils (ServerUtils.java:getDBPath(225)) - ozone.om.db.dirs is not configured. We recommend adding this setting. Falling back to ozone.metadata.dirs instead.
2022-09-01 11:50:54,154 [Listener at 0.0.0.0/43687] INFO  ha.SCMNodeInfo (SCMNodeInfo.java:getPort(197)) - ConfigKey ozone.scm.client.address is deprecated, For configuring different ports for each SCM use PortConfigKey ozone.scm.client.port appended with serviceId and nodeId
2022-09-01 11:50:54,155 [Listener at 0.0.0.0/43687] INFO  ha.SCMNodeInfo (SCMNodeInfo.java:getPort(197)) - ConfigKey ozone.scm.block.client.address is deprecated, For configuring different ports for each SCM use PortConfigKey ozone.scm.block.client.port appended with serviceId and nodeId
2022-09-01 11:50:54,155 [Listener at 0.0.0.0/43687] INFO  ha.SCMNodeInfo (SCMNodeInfo.java:getPort(197)) - ConfigKey ozone.scm.datanode.address is deprecated, For configuring different ports for each SCM use PortConfigKey ozone.scm.datanode.port appended with serviceId and nodeId
2022-09-01 11:50:54,155 [Listener at 0.0.0.0/43687] INFO  ha.SCMNodeInfo (SCMNodeInfo.java:getPort(197)) - ConfigKey ozone.scm.client.address is deprecated, For configuring different ports for each SCM use PortConfigKey ozone.scm.client.port appended with serviceId and nodeId
2022-09-01 11:50:54,155 [Listener at 0.0.0.0/43687] INFO  ha.SCMNodeInfo (SCMNodeInfo.java:getPort(197)) - ConfigKey ozone.scm.block.client.address is deprecated, For configuring different ports for each SCM use PortConfigKey ozone.scm.block.client.port appended with serviceId and nodeId
2022-09-01 11:50:54,155 [Listener at 0.0.0.0/43687] INFO  ha.SCMNodeInfo (SCMNodeInfo.java:getPort(197)) - ConfigKey ozone.scm.datanode.address is deprecated, For configuring different ports for each SCM use PortConfigKey ozone.scm.datanode.port appended with serviceId and nodeId
2022-09-01 11:50:54,155 [Listener at 0.0.0.0/43687] INFO  ha.SCMNodeInfo (SCMNodeInfo.java:getPort(197)) - ConfigKey ozone.scm.client.address is deprecated, For configuring different ports for each SCM use PortConfigKey ozone.scm.client.port appended with serviceId and nodeId
2022-09-01 11:50:54,155 [Listener at 0.0.0.0/43687] INFO  ha.SCMNodeInfo (SCMNodeInfo.java:getPort(197)) - ConfigKey ozone.scm.block.client.address is deprecated, For configuring different ports for each SCM use PortConfigKey ozone.scm.block.client.port appended with serviceId and nodeId
2022-09-01 11:50:54,155 [Listener at 0.0.0.0/43687] INFO  ha.SCMNodeInfo (SCMNodeInfo.java:getPort(197)) - ConfigKey ozone.scm.datanode.address is deprecated, For configuring different ports for each SCM use PortConfigKey ozone.scm.datanode.port appended with serviceId and nodeId
2022-09-01 11:50:54,155 [Listener at 0.0.0.0/43687] INFO  proxy.SCMBlockLocationFailoverProxyProvider (SCMBlockLocationFailoverProxyProvider.java:<init>(114)) - Created block location fail-over proxy with 3 nodes: [nodeId=scmNode-2,nodeAddress=/127.0.0.1:40239, nodeId=scmNode-3,nodeAddress=/127.0.0.1:35923, nodeId=scmNode-1,nodeAddress=/127.0.0.1:45865]
OM initialization succeeded.Current cluster id for sd=/home/runner/work/ozone/ozone/hadoop-ozone/integration-test/target/test-dir/MiniOzoneClusterImpl-a1c451f0-9b10-458f-87dd-1ed43301bce6/omNode-1/om;cid=a1c451f0-9b10-458f-87dd-1ed43301bce6;layoutVersion=3
2022-09-01 11:50:54,179 [Listener at 0.0.0.0/43687] INFO  ha.OMHANodeDetails (OMHANodeDetails.java:loadOMHAConfig(121)) - ServiceID for OzoneManager is omServiceId1
2022-09-01 11:50:54,180 [Listener at 0.0.0.0/43687] INFO  ha.OMHANodeDetails (OMHANodeDetails.java:loadOMHAConfig(201)) - Found matching OM address with OMServiceId: omServiceId1, OMNodeId: omNode-1, RPC Address: localhost:45665 and Ratis port: 33865
2022-09-01 11:50:54,180 [Listener at 0.0.0.0/43687] INFO  ha.OMHANodeDetails (ConfUtils.java:setNodeSpecificConfigs(97)) - Setting configuration key ozone.om.http-address with value of key ozone.om.http-address.omServiceId1.omNode-1: 127.0.0.1:44771
2022-09-01 11:50:54,180 [Listener at 0.0.0.0/43687] INFO  ha.OMHANodeDetails (ConfUtils.java:setNodeSpecificConfigs(97)) - Setting configuration key ozone.om.https-address with value of key ozone.om.https-address.omServiceId1.omNode-1: 127.0.0.1:33867
2022-09-01 11:50:54,180 [Listener at 0.0.0.0/43687] INFO  ha.OMHANodeDetails (ConfUtils.java:setNodeSpecificConfigs(97)) - Setting configuration key ozone.om.address with value of key ozone.om.address.omServiceId1.omNode-1: 127.0.0.1:45665
2022-09-01 11:50:54,181 [Listener at 0.0.0.0/43687] WARN  server.ServerUtils (ServerUtils.java:getDBPath(225)) - ozone.om.db.dirs is not configured. We recommend adding this setting. Falling back to ozone.metadata.dirs instead.
2022-09-01 11:50:54,182 [Listener at 0.0.0.0/43687] INFO  upgrade.AbstractLayoutVersionManager (AbstractLayoutVersionManager.java:init(83)) - Initializing Layout version manager with metadata layout = MULTITENANCY_SCHEMA (version = 3), software layout = MULTITENANCY_SCHEMA (version = 3)
2022-09-01 11:50:54,313 [Listener at 0.0.0.0/43687] INFO  reflections.Reflections (Reflections.java:scan(232)) - Reflections took 125 ms to scan 2 urls, producing 153 keys and 427 values [using 2 cores]
2022-09-01 11:50:54,317 [Listener at 0.0.0.0/43687] INFO  upgrade.OMLayoutVersionManager (OMLayoutVersionManager.java:lambda$0(115)) - Skipping Upgrade Action MockOmUpgradeAction since it has been finalized.
2022-09-01 11:50:54,318 [Listener at 0.0.0.0/43687] WARN  server.ServerUtils (ServerUtils.java:getDBPath(225)) - ozone.om.db.dirs is not configured. We recommend adding this setting. Falling back to ozone.metadata.dirs instead.
2022-09-01 11:50:54,328 [Listener at 0.0.0.0/43687] INFO  ha.SCMNodeInfo (SCMNodeInfo.java:getPort(197)) - ConfigKey ozone.scm.client.address is deprecated, For configuring different ports for each SCM use PortConfigKey ozone.scm.client.port appended with serviceId and nodeId
2022-09-01 11:50:54,328 [Listener at 0.0.0.0/43687] INFO  ha.SCMNodeInfo (SCMNodeInfo.java:getPort(197)) - ConfigKey ozone.scm.block.client.address is deprecated, For configuring different ports for each SCM use PortConfigKey ozone.scm.block.client.port appended with serviceId and nodeId
2022-09-01 11:50:54,328 [Listener at 0.0.0.0/43687] INFO  ha.SCMNodeInfo (SCMNodeInfo.java:getPort(197)) - ConfigKey ozone.scm.datanode.address is deprecated, For configuring different ports for each SCM use PortConfigKey ozone.scm.datanode.port appended with serviceId and nodeId
2022-09-01 11:50:54,328 [Listener at 0.0.0.0/43687] INFO  ha.SCMNodeInfo (SCMNodeInfo.java:getPort(197)) - ConfigKey ozone.scm.client.address is deprecated, For configuring different ports for each SCM use PortConfigKey ozone.scm.client.port appended with serviceId and nodeId
2022-09-01 11:50:54,328 [Listener at 0.0.0.0/43687] INFO  ha.SCMNodeInfo (SCMNodeInfo.java:getPort(197)) - ConfigKey ozone.scm.block.client.address is deprecated, For configuring different ports for each SCM use PortConfigKey ozone.scm.block.client.port appended with serviceId and nodeId
2022-09-01 11:50:54,328 [Listener at 0.0.0.0/43687] INFO  ha.SCMNodeInfo (SCMNodeInfo.java:getPort(197)) - ConfigKey ozone.scm.datanode.address is deprecated, For configuring different ports for each SCM use PortConfigKey ozone.scm.datanode.port appended with serviceId and nodeId
2022-09-01 11:50:54,328 [Listener at 0.0.0.0/43687] INFO  ha.SCMNodeInfo (SCMNodeInfo.java:getPort(197)) - ConfigKey ozone.scm.client.address is deprecated, For configuring different ports for each SCM use PortConfigKey ozone.scm.client.port appended with serviceId and nodeId
2022-09-01 11:50:54,329 [Listener at 0.0.0.0/43687] INFO  ha.SCMNodeInfo (SCMNodeInfo.java:getPort(197)) - ConfigKey ozone.scm.block.client.address is deprecated, For configuring different ports for each SCM use PortConfigKey ozone.scm.block.client.port appended with serviceId and nodeId
2022-09-01 11:50:54,329 [Listener at 0.0.0.0/43687] INFO  ha.SCMNodeInfo (SCMNodeInfo.java:getPort(197)) - ConfigKey ozone.scm.datanode.address is deprecated, For configuring different ports for each SCM use PortConfigKey ozone.scm.datanode.port appended with serviceId and nodeId
2022-09-01 11:50:54,485 [Listener at 0.0.0.0/43687] INFO  ha.SCMNodeInfo (SCMNodeInfo.java:getPort(197)) - ConfigKey ozone.scm.client.address is deprecated, For configuring different ports for each SCM use PortConfigKey ozone.scm.client.port appended with serviceId and nodeId
2022-09-01 11:50:54,485 [Listener at 0.0.0.0/43687] INFO  ha.SCMNodeInfo (SCMNodeInfo.java:getPort(197)) - ConfigKey ozone.scm.block.client.address is deprecated, For configuring different ports for each SCM use PortConfigKey ozone.scm.block.client.port appended with serviceId and nodeId
2022-09-01 11:50:54,485 [Listener at 0.0.0.0/43687] INFO  ha.SCMNodeInfo (SCMNodeInfo.java:getPort(197)) - ConfigKey ozone.scm.datanode.address is deprecated, For configuring different ports for each SCM use PortConfigKey ozone.scm.datanode.port appended with serviceId and nodeId
2022-09-01 11:50:54,485 [Listener at 0.0.0.0/43687] INFO  ha.SCMNodeInfo (SCMNodeInfo.java:getPort(197)) - ConfigKey ozone.scm.client.address is deprecated, For configuring different ports for each SCM use PortConfigKey ozone.scm.client.port appended with serviceId and nodeId
2022-09-01 11:50:54,486 [Listener at 0.0.0.0/43687] INFO  ha.SCMNodeInfo (SCMNodeInfo.java:getPort(197)) - ConfigKey ozone.scm.block.client.address is deprecated, For configuring different ports for each SCM use PortConfigKey ozone.scm.block.client.port appended with serviceId and nodeId
2022-09-01 11:50:54,486 [Listener at 0.0.0.0/43687] INFO  ha.SCMNodeInfo (SCMNodeInfo.java:getPort(197)) - ConfigKey ozone.scm.datanode.address is deprecated, For configuring different ports for each SCM use PortConfigKey ozone.scm.datanode.port appended with serviceId and nodeId
2022-09-01 11:50:54,486 [Listener at 0.0.0.0/43687] INFO  ha.SCMNodeInfo (SCMNodeInfo.java:getPort(197)) - ConfigKey ozone.scm.client.address is deprecated, For configuring different ports for each SCM use PortConfigKey ozone.scm.client.port appended with serviceId and nodeId
2022-09-01 11:50:54,486 [Listener at 0.0.0.0/43687] INFO  ha.SCMNodeInfo (SCMNodeInfo.java:getPort(197)) - ConfigKey ozone.scm.block.client.address is deprecated, For configuring different ports for each SCM use PortConfigKey ozone.scm.block.client.port appended with serviceId and nodeId
2022-09-01 11:50:54,486 [Listener at 0.0.0.0/43687] INFO  ha.SCMNodeInfo (SCMNodeInfo.java:getPort(197)) - ConfigKey ozone.scm.datanode.address is deprecated, For configuring different ports for each SCM use PortConfigKey ozone.scm.datanode.port appended with serviceId and nodeId
2022-09-01 11:50:54,489 [Listener at 0.0.0.0/43687] INFO  proxy.SCMBlockLocationFailoverProxyProvider (SCMBlockLocationFailoverProxyProvider.java:<init>(114)) - Created block location fail-over proxy with 3 nodes: [nodeId=scmNode-2,nodeAddress=/127.0.0.1:40239, nodeId=scmNode-3,nodeAddress=/127.0.0.1:35923, nodeId=scmNode-1,nodeAddress=/127.0.0.1:45865]
2022-09-01 11:50:54,491 [Listener at 0.0.0.0/43687] INFO  ha.SCMNodeInfo (SCMNodeInfo.java:getPort(197)) - ConfigKey ozone.scm.client.address is deprecated, For configuring different ports for each SCM use PortConfigKey ozone.scm.client.port appended with serviceId and nodeId
2022-09-01 11:50:54,491 [Listener at 0.0.0.0/43687] INFO  ha.SCMNodeInfo (SCMNodeInfo.java:getPort(197)) - ConfigKey ozone.scm.block.client.address is deprecated, For configuring different ports for each SCM use PortConfigKey ozone.scm.block.client.port appended with serviceId and nodeId
2022-09-01 11:50:54,491 [Listener at 0.0.0.0/43687] INFO  ha.SCMNodeInfo (SCMNodeInfo.java:getPort(197)) - ConfigKey ozone.scm.datanode.address is deprecated, For configuring different ports for each SCM use PortConfigKey ozone.scm.datanode.port appended with serviceId and nodeId
2022-09-01 11:50:54,491 [Listener at 0.0.0.0/43687] INFO  ha.SCMNodeInfo (SCMNodeInfo.java:getPort(197)) - ConfigKey ozone.scm.client.address is deprecated, For configuring different ports for each SCM use PortConfigKey ozone.scm.client.port appended with serviceId and nodeId
2022-09-01 11:50:54,492 [Listener at 0.0.0.0/43687] INFO  ha.SCMNodeInfo (SCMNodeInfo.java:getPort(197)) - ConfigKey ozone.scm.block.client.address is deprecated, For configuring different ports for each SCM use PortConfigKey ozone.scm.block.client.port appended with serviceId and nodeId
2022-09-01 11:50:54,492 [Listener at 0.0.0.0/43687] INFO  ha.SCMNodeInfo (SCMNodeInfo.java:getPort(197)) - ConfigKey ozone.scm.datanode.address is deprecated, For configuring different ports for each SCM use PortConfigKey ozone.scm.datanode.port appended with serviceId and nodeId
2022-09-01 11:50:54,492 [Listener at 0.0.0.0/43687] INFO  ha.SCMNodeInfo (SCMNodeInfo.java:getPort(197)) - ConfigKey ozone.scm.client.address is deprecated, For configuring different ports for each SCM use PortConfigKey ozone.scm.client.port appended with serviceId and nodeId
2022-09-01 11:50:54,492 [Listener at 0.0.0.0/43687] INFO  ha.SCMNodeInfo (SCMNodeInfo.java:getPort(197)) - ConfigKey ozone.scm.block.client.address is deprecated, For configuring different ports for each SCM use PortConfigKey ozone.scm.block.client.port appended with serviceId and nodeId
2022-09-01 11:50:54,492 [Listener at 0.0.0.0/43687] INFO  ha.SCMNodeInfo (SCMNodeInfo.java:getPort(197)) - ConfigKey ozone.scm.datanode.address is deprecated, For configuring different ports for each SCM use PortConfigKey ozone.scm.datanode.port appended with serviceId and nodeId
2022-09-01 11:50:54,492 [Listener at 0.0.0.0/43687] INFO  proxy.SCMBlockLocationFailoverProxyProvider (SCMBlockLocationFailoverProxyProvider.java:<init>(114)) - Created block location fail-over proxy with 3 nodes: [nodeId=scmNode-2,nodeAddress=/127.0.0.1:40239, nodeId=scmNode-3,nodeAddress=/127.0.0.1:35923, nodeId=scmNode-1,nodeAddress=/127.0.0.1:45865]
2022-09-01 11:50:54,538 [Listener at 0.0.0.0/43687] WARN  server.ServerUtils (ServerUtils.java:getDBPath(225)) - ozone.om.db.dirs is not configured. We recommend adding this setting. Falling back to ozone.metadata.dirs instead.
2022-09-01 11:50:54,545 [Listener at 0.0.0.0/43687] INFO  codec.OmKeyInfoCodec (OmKeyInfoCodec.java:<init>(49)) - OmKeyInfoCodec ignorePipeline = true
2022-09-01 11:50:54,547 [Listener at 0.0.0.0/43687] INFO  codec.RepeatedOmKeyInfoCodec (RepeatedOmKeyInfoCodec.java:<init>(41)) - RepeatedOmKeyInfoCodec ignorePipeline = true
2022-09-01 11:50:54,749 [Listener at 0.0.0.0/43687] INFO  om.OzoneManager (OzoneManager.java:instantiateServices(702)) - S3 Multi-Tenancy is disabled
2022-09-01 11:50:54,847 [Listener at 0.0.0.0/43687] INFO  om.OzoneManager (OzoneManager.java:addS3GVolumeToDB(4307)) - Created Volume s3v With Owner runner required for S3Gateway operations.
2022-09-01 11:50:54,914 [Listener at 0.0.0.0/43687] WARN  server.ServerUtils (ServerUtils.java:getDefaultRatisDirectory(237)) - Storage directory for Ratis is not configured. It is a good idea to map this to an SSD disk. Falling back to ozone.metadata.dirs
2022-09-01 11:50:54,914 [Listener at 0.0.0.0/43687] WARN  utils.OzoneManagerRatisUtils (OzoneManagerRatisUtils.java:getOMRatisSnapshotDirectory(434)) - ozone.om.ratis.snapshot.dir is not configured. Falling back to ozone.metadata.dirs config
2022-09-01 11:50:54,920 [Listener at 0.0.0.0/43687] INFO  snapshot.OzoneManagerSnapshotProvider (OzoneManagerSnapshotProvider.java:<init>(76)) - Initializing OM Snapshot Provider
2022-09-01 11:50:55,044 [Listener at 0.0.0.0/43687] WARN  impl.MetricRegistriesImpl (MetricRegistriesImpl.java:addReporterRegistration(111)) - New reporters are added after registries were created. Some metrics will be missing from the reporter. Please add reporter before adding any new registry.
2022-09-01 11:50:55,044 [Listener at 0.0.0.0/43687] WARN  impl.MetricRegistriesImpl (MetricRegistriesImpl.java:addReporterRegistration(111)) - New reporters are added after registries were created. Some metrics will be missing from the reporter. Please add reporter before adding any new registry.
2022-09-01 11:50:55,044 [Listener at 0.0.0.0/43687] WARN  server.ServerUtils (ServerUtils.java:getDefaultRatisDirectory(237)) - Storage directory for Ratis is not configured. It is a good idea to map this to an SSD disk. Falling back to ozone.metadata.dirs
2022-09-01 11:50:55,047 [Listener at 0.0.0.0/43687] INFO  ratis.OzoneManagerRatisServer (OzoneManagerRatisServer.java:<init>(159)) - Instantiating OM Ratis server with groupID: omServiceId1 and peers: localhost:33865, localhost:34139, localhost:46587
2022-09-01 11:50:55,051 [Listener at 0.0.0.0/43687] INFO  ratis.OzoneManagerStateMachine (OzoneManagerStateMachine.java:loadSnapshotInfoFromDB(632)) - LastAppliedIndex is set from TransactionInfo from OM DB as (t:0, i:~)
2022-09-01 11:50:55,085 [Listener at 0.0.0.0/43687] INFO  server.RaftServer (ConfUtils.java:logGet(46)) - raft.rpc.type = GRPC (default)
2022-09-01 11:50:55,085 [Listener at 0.0.0.0/43687] INFO  grpc.GrpcFactory (GrpcFactory.java:checkPooledByteBufAllocatorUseCacheForAllThreads(48)) - PERFORMANCE WARNING: useCacheForAllThreads is true that may cause Netty to create a lot garbage objects and, as a result, trigger GC.
	It is recommended to disable useCacheForAllThreads by setting -Dorg.apache.ratis.thirdparty.io.netty.allocator.useCacheForAllThreads=false in command line.
2022-09-01 11:50:55,085 [Listener at 0.0.0.0/43687] INFO  grpc.GrpcConfigKeys (ConfUtils.java:logGet(46)) - raft.grpc.admin.port = -1 (default)
2022-09-01 11:50:55,085 [Listener at 0.0.0.0/43687] INFO  grpc.GrpcConfigKeys (ConfUtils.java:logGet(46)) - raft.grpc.server.port = 33865 (custom)
2022-09-01 11:50:55,085 [Listener at 0.0.0.0/43687] INFO  grpc.GrpcConfigKeys (ConfUtils.java:logGet(46)) - raft.grpc.client.port = -1 (default)
2022-09-01 11:50:55,085 [Listener at 0.0.0.0/43687] INFO  grpc.GrpcConfigKeys (ConfUtils.java:logGet(46)) - raft.grpc.server.port = 33865 (custom)
2022-09-01 11:50:55,085 [Listener at 0.0.0.0/43687] INFO  grpc.GrpcConfigKeys (ConfUtils.java:logGet(46)) - raft.grpc.server.port = 33865 (custom)
2022-09-01 11:50:55,086 [Listener at 0.0.0.0/43687] INFO  server.GrpcService (ConfUtils.java:logGet(46)) - raft.grpc.message.size.max = 33554432 (custom)
2022-09-01 11:50:55,086 [Listener at 0.0.0.0/43687] INFO  server.RaftServerConfigKeys (ConfUtils.java:logGet(46)) - raft.server.log.appender.buffer.byte-limit = 33554432 (custom)
2022-09-01 11:50:55,086 [Listener at 0.0.0.0/43687] INFO  server.GrpcService (ConfUtils.java:logGet(46)) - raft.grpc.flow.control.window = 1MB (=1048576) (default)
2022-09-01 11:50:55,086 [Listener at 0.0.0.0/43687] INFO  server.RaftServerConfigKeys (ConfUtils.java:logGet(46)) - raft.server.rpc.request.timeout = 3000ms (default)
2022-09-01 11:50:55,086 [Listener at 0.0.0.0/43687] INFO  grpc.GrpcConfigKeys (ConfUtils.java:logGet(46)) - raft.grpc.server.async.request.thread.pool.cached = true (default)
2022-09-01 11:50:55,086 [Listener at 0.0.0.0/43687] INFO  grpc.GrpcConfigKeys (ConfUtils.java:logGet(46)) - raft.grpc.server.async.request.thread.pool.size = 32 (default)
2022-09-01 11:50:55,087 [Listener at 0.0.0.0/43687] INFO  impl.DataStreamServerImpl (ConfUtils.java:logGet(46)) - raft.datastream.type = DISABLED (default)
2022-09-01 11:50:55,087 [Listener at 0.0.0.0/43687] INFO  server.RaftServerConfigKeys (ConfUtils.java:logGet(46)) - raft.server.threadpool.proxy.cached = true (default)
2022-09-01 11:50:55,087 [Listener at 0.0.0.0/43687] INFO  server.RaftServerConfigKeys (ConfUtils.java:logGet(46)) - raft.server.threadpool.proxy.size = 0 (default)
2022-09-01 11:50:55,088 [Listener at 0.0.0.0/43687] INFO  server.RaftServerConfigKeys (ConfUtils.java:logGet(46)) - raft.server.rpc.slowness.timeout = 2s (custom)
2022-09-01 11:50:55,088 [Listener at 0.0.0.0/43687] INFO  server.RaftServerConfigKeys (ConfUtils.java:logGet(46)) - raft.server.leaderelection.leader.step-down.wait-time = 10s (default)
2022-09-01 11:50:55,088 [Listener at 0.0.0.0/43687] INFO  server.RaftServerConfigKeys (ConfUtils.java:logGet(46)) - raft.server.storage.dir = [/home/runner/work/ozone/ozone/hadoop-ozone/integration-test/target/test-dir/MiniOzoneClusterImpl-a1c451f0-9b10-458f-87dd-1ed43301bce6/omNode-1/ratis] (custom)
2022-09-01 11:50:55,088 [Listener at 0.0.0.0/43687] INFO  server.RaftServer (RaftServerProxy.java:addNew(96)) - omNode-1: addNew group-6C22E66A003A:[omNode-3|rpc:localhost:34139|priority:0, omNode-1|rpc:localhost:33865|priority:0, omNode-2|rpc:localhost:46587|priority:0] returns group-6C22E66A003A:java.util.concurrent.CompletableFuture@4b4d4eb9[Not completed]
2022-09-01 11:50:55,089 [Listener at 0.0.0.0/43687] INFO  om.OzoneManager (OzoneManager.java:initializeRatisServer(1968)) - OzoneManager Ratis server initialized at port 33865
2022-09-01 11:50:55,098 [Listener at 0.0.0.0/43687] INFO  om.OzoneManager (OzoneManager.java:getRpcServer(1091)) - Creating RPC Server
2022-09-01 11:50:55,100 [pool-124-thread-1] INFO  server.RaftServer$Division (RaftServerImpl.java:<init>(190)) - omNode-1: new RaftServerImpl for group-6C22E66A003A:[omNode-3|rpc:localhost:34139|priority:0, omNode-1|rpc:localhost:33865|priority:0, omNode-2|rpc:localhost:46587|priority:0] with OzoneManagerStateMachine:uninitialized
2022-09-01 11:50:55,100 [pool-124-thread-1] INFO  server.RaftServerConfigKeys (ConfUtils.java:logGet(46)) - raft.server.rpc.timeout.min = 1s (custom)
2022-09-01 11:50:55,100 [pool-124-thread-1] INFO  server.RaftServerConfigKeys (ConfUtils.java:logGet(46)) - raft.server.rpc.timeout.max = 1200ms (custom)
2022-09-01 11:50:55,100 [pool-124-thread-1] INFO  server.RaftServerConfigKeys (ConfUtils.java:logGet(46)) - raft.server.rpc.sleep.time = 25ms (default)
2022-09-01 11:50:55,100 [pool-124-thread-1] INFO  server.RaftServerConfigKeys (ConfUtils.java:logGet(46)) - raft.server.rpc.slowness.timeout = 2s (custom)
2022-09-01 11:50:55,100 [pool-124-thread-1] INFO  server.RaftServerConfigKeys (ConfUtils.java:logGet(46)) - raft.server.leaderelection.leader.step-down.wait-time = 10s (default)
2022-09-01 11:50:55,100 [pool-124-thread-1] INFO  server.RaftServerConfigKeys (ConfUtils.java:logGet(46)) - raft.server.sleep.deviation.threshold = 300ms (default)
2022-09-01 11:50:55,100 [pool-124-thread-1] INFO  server.RaftServer$Division (ServerState.java:<init>(107)) - omNode-1@group-6C22E66A003A: ConfigurationManager, init=-1: [omNode-3|rpc:localhost:34139|priority:0, omNode-1|rpc:localhost:33865|priority:0, omNode-2|rpc:localhost:46587|priority:0], old=null, confs=<EMPTY_MAP>
2022-09-01 11:50:55,100 [pool-124-thread-1] INFO  server.RaftServerConfigKeys (ConfUtils.java:logGet(46)) - raft.server.storage.dir = [/home/runner/work/ozone/ozone/hadoop-ozone/integration-test/target/test-dir/MiniOzoneClusterImpl-a1c451f0-9b10-458f-87dd-1ed43301bce6/omNode-1/ratis] (custom)
2022-09-01 11:50:55,101 [pool-124-thread-1] INFO  server.RaftServerConfigKeys (ConfUtils.java:logGet(46)) - raft.server.log.corruption.policy = EXCEPTION (default)
2022-09-01 11:50:55,101 [pool-124-thread-1] INFO  server.RaftServerConfigKeys (ConfUtils.java:logGet(46)) - raft.server.storage.free-space.min = 0MB (=0) (default)
2022-09-01 11:50:55,101 [pool-124-thread-1] INFO  storage.RaftStorageDirectory (RaftStorageDirectoryImpl.java:analyzeStorage(135)) - The storage directory /home/runner/work/ozone/ozone/hadoop-ozone/integration-test/target/test-dir/MiniOzoneClusterImpl-a1c451f0-9b10-458f-87dd-1ed43301bce6/omNode-1/ratis/9c9825ce-8ba7-3ee6-a7c3-6c22e66a003a does not exist. Creating ...
2022-09-01 11:50:55,105 [pool-124-thread-1] INFO  storage.RaftStorageDirectory (RaftStorageDirectoryImpl.java:tryLock(230)) - Lock on /home/runner/work/ozone/ozone/hadoop-ozone/integration-test/target/test-dir/MiniOzoneClusterImpl-a1c451f0-9b10-458f-87dd-1ed43301bce6/omNode-1/ratis/9c9825ce-8ba7-3ee6-a7c3-6c22e66a003a/in_use.lock acquired by nodename 25235@fv-az459-356
2022-09-01 11:50:55,108 [pool-124-thread-1] INFO  storage.RaftStorage (RaftStorageImpl.java:format(89)) - Storage directory /home/runner/work/ozone/ozone/hadoop-ozone/integration-test/target/test-dir/MiniOzoneClusterImpl-a1c451f0-9b10-458f-87dd-1ed43301bce6/omNode-1/ratis/9c9825ce-8ba7-3ee6-a7c3-6c22e66a003a has been successfully formatted.
2022-09-01 11:50:55,109 [pool-124-thread-1] INFO  server.RaftServerConfigKeys (ConfUtils.java:logGet(46)) - raft.server.notification.no-leader.timeout = 2s (custom)
2022-09-01 11:50:55,109 [pool-124-thread-1] INFO  server.RaftServerConfigKeys (ConfUtils.java:logGet(46)) - raft.server.log.use.memory = false (default)
2022-09-01 11:50:55,109 [pool-124-thread-1] INFO  server.RaftServerConfigKeys (ConfUtils.java:logGet(46)) - raft.server.log.purge.gap = 1000000 (custom)
2022-09-01 11:50:55,109 [pool-124-thread-1] INFO  server.RaftServerConfigKeys (ConfUtils.java:logGet(46)) - raft.server.log.appender.buffer.byte-limit = 33554432 (custom)
2022-09-01 11:50:55,109 [pool-124-thread-1] INFO  server.RaftServerConfigKeys (ConfUtils.java:logGet(46)) - raft.server.log.statemachine.data.read.timeout = 1000ms (default)
2022-09-01 11:50:55,110 [pool-124-thread-1] INFO  server.RaftServerConfigKeys (ConfUtils.java:logGet(46)) - raft.server.log.segment.size.max = 4194304 (custom)
2022-09-01 11:50:55,110 [pool-124-thread-1] INFO  server.RaftServerConfigKeys (ConfUtils.java:logGet(46)) - raft.server.log.segment.cache.num.max = 2 (custom)
2022-09-01 11:50:55,110 [pool-124-thread-1] INFO  server.RaftServerConfigKeys (ConfUtils.java:logGet(46)) - raft.server.log.segment.cache.size.max = 200MB (=209715200) (default)
2022-09-01 11:50:55,110 [pool-124-thread-1] INFO  segmented.SegmentedRaftLogWorker (SegmentedRaftLogWorker.java:<init>(187)) - new omNode-1@group-6C22E66A003A-SegmentedRaftLogWorker for RaftStorageImpl:Storage Directory /home/runner/work/ozone/ozone/hadoop-ozone/integration-test/target/test-dir/MiniOzoneClusterImpl-a1c451f0-9b10-458f-87dd-1ed43301bce6/omNode-1/ratis/9c9825ce-8ba7-3ee6-a7c3-6c22e66a003a
2022-09-01 11:50:55,110 [pool-124-thread-1] INFO  server.RaftServerConfigKeys (ConfUtils.java:logGet(46)) - raft.server.log.queue.byte-limit = 64MB (=67108864) (default)
2022-09-01 11:50:55,111 [pool-124-thread-1] INFO  server.RaftServerConfigKeys (ConfUtils.java:logGet(46)) - raft.server.log.queue.element-limit = 4096 (default)
2022-09-01 11:50:55,111 [pool-124-thread-1] INFO  server.RaftServerConfigKeys (ConfUtils.java:logGet(46)) - raft.server.log.segment.size.max = 4194304 (custom)
2022-09-01 11:50:55,111 [pool-124-thread-1] INFO  server.RaftServerConfigKeys (ConfUtils.java:logGet(46)) - raft.server.log.preallocated.size = 4194304 (custom)
2022-09-01 11:50:55,111 [pool-124-thread-1] INFO  server.RaftServerConfigKeys (ConfUtils.java:logGet(46)) - raft.server.log.force.sync.num = 128 (default)
2022-09-01 11:50:55,111 [pool-124-thread-1] INFO  server.RaftServerConfigKeys (ConfUtils.java:logGet(46)) - raft.server.log.statemachine.data.sync = true (default)
2022-09-01 11:50:55,111 [pool-124-thread-1] INFO  server.RaftServerConfigKeys (ConfUtils.java:logGet(46)) - raft.server.log.statemachine.data.sync.timeout = 10s (default)
2022-09-01 11:50:55,111 [pool-124-thread-1] INFO  server.RaftServerConfigKeys (ConfUtils.java:logGet(46)) - raft.server.log.statemachine.data.sync.timeout.retry = -1 (default)
2022-09-01 11:50:55,112 [pool-124-thread-1] INFO  server.RaftServerConfigKeys (ConfUtils.java:logGet(46)) - raft.server.log.write.buffer.size = 64KB (=65536) (default)
2022-09-01 11:50:55,112 [pool-124-thread-1] INFO  server.RaftServerConfigKeys (ConfUtils.java:logGet(46)) - raft.server.log.unsafe-flush.enabled = false (default)
2022-09-01 11:50:55,112 [pool-124-thread-1] INFO  server.RaftServerConfigKeys (ConfUtils.java:logGet(46)) - raft.server.log.statemachine.data.caching.enabled = false (default)
2022-09-01 11:50:55,112 [pool-124-thread-1] INFO  segmented.SegmentedRaftLogWorker (SegmentedRaftLogWorker.java:lambda$new$0(135)) - omNode-1@group-6C22E66A003A-SegmentedRaftLogWorker: flushIndex: setUnconditionally 0 -> -1
2022-09-01 11:50:55,112 [pool-124-thread-1] INFO  segmented.SegmentedRaftLogWorker (SegmentedRaftLogWorker.java:lambda$new$0(135)) - omNode-1@group-6C22E66A003A-SegmentedRaftLogWorker: safeCacheEvictIndex: setUnconditionally 0 -> -1
2022-09-01 11:50:55,126 [pool-124-thread-1] INFO  server.RaftServerConfigKeys (ConfUtils.java:logGet(46)) - raft.server.snapshot.auto.trigger.enabled = true (custom)
2022-09-01 11:50:55,126 [pool-124-thread-1] INFO  server.RaftServerConfigKeys (ConfUtils.java:logGet(46)) - raft.server.snapshot.auto.trigger.threshold = 400000 (default)
2022-09-01 11:50:55,126 [pool-124-thread-1] INFO  server.RaftServerConfigKeys (ConfUtils.java:logGet(46)) - raft.server.snapshot.retention.file.num = -1 (default)
2022-09-01 11:50:55,126 [pool-124-thread-1] INFO  server.RaftServerConfigKeys (ConfUtils.java:logGet(46)) - raft.server.log.purge.upto.snapshot.index = true (custom)
2022-09-01 11:50:55,126 [pool-124-thread-1] INFO  server.RaftServerConfigKeys (ConfUtils.java:logGet(46)) - raft.server.retrycache.expirytime = 300s (custom)
2022-09-01 11:50:55,126 [pool-124-thread-1] INFO  server.RaftServerConfigKeys (ConfUtils.java:logGet(46)) - raft.server.retrycache.statistics.expirytime = 100μs (default)
2022-09-01 11:50:55,128 [pool-124-thread-1] INFO  server.RaftServerConfigKeys (ConfUtils.java:logGet(46)) - raft.server.log.appender.install.snapshot.enabled = false (custom)
2022-09-01 11:50:55,128 [pool-124-thread-1] INFO  server.RaftServerConfigKeys (ConfUtils.java:logGet(46)) - raft.server.threadpool.server.cached = true (default)
2022-09-01 11:50:55,128 [pool-124-thread-1] INFO  server.RaftServerConfigKeys (ConfUtils.java:logGet(46)) - raft.server.threadpool.server.size = 0 (default)
2022-09-01 11:50:55,128 [pool-124-thread-1] INFO  server.RaftServerConfigKeys (ConfUtils.java:logGet(46)) - raft.server.threadpool.client.cached = true (default)
2022-09-01 11:50:55,128 [pool-124-thread-1] INFO  server.RaftServerConfigKeys (ConfUtils.java:logGet(46)) - raft.server.threadpool.client.size = 0 (default)
2022-09-01 11:50:55,695 [Listener at 0.0.0.0/43687] INFO  reflections.Reflections (Reflections.java:scan(232)) - Reflections took 547 ms to scan 19 urls, producing 67 keys and 4160 values [using 2 cores]
2022-09-01 11:50:55,910 [Listener at 0.0.0.0/43687] INFO  ipc.CallQueueManager (CallQueueManager.java:<init>(90)) - Using callQueue: class java.util.concurrent.LinkedBlockingQueue, queueCapacity: 2000, scheduler: class org.apache.hadoop.ipc.DefaultRpcScheduler, ipcBackoff: false.
2022-09-01 11:50:55,910 [Socket Reader #1 for port 45665] INFO  ipc.Server (Server.java:run(1265)) - Starting Socket Reader #1 for port 45665
2022-09-01 11:50:55,939 [Listener at 127.0.0.1/45665] INFO  impl.MetricsSystemImpl (MetricsSystemImpl.java:init(158)) - OzoneManager metrics system started (again)
2022-09-01 11:50:55,953 [Listener at 127.0.0.1/45665] INFO  om.OzoneManager (OzoneManager.java:start(1475)) - OzoneManager RPC server is listening at localhost/127.0.0.1:45665
2022-09-01 11:50:55,954 [Listener at 127.0.0.1/45665] INFO  ratis.OzoneManagerRatisServer (OzoneManagerRatisServer.java:start(554)) - Starting OzoneManagerRatisServer omNode-1 at port 33865
2022-09-01 11:50:55,954 [omNode-1-impl-thread1] INFO  server.RaftServer$Division (RaftServerImpl.java:start(310)) - omNode-1@group-6C22E66A003A: start as a follower, conf=-1: [omNode-3|rpc:localhost:34139|priority:0, omNode-1|rpc:localhost:33865|priority:0, omNode-2|rpc:localhost:46587|priority:0], old=null
2022-09-01 11:50:55,954 [omNode-1-impl-thread1] INFO  server.RaftServer$Division (RaftServerImpl.java:setRole(299)) - omNode-1@group-6C22E66A003A: changes role from      null to FOLLOWER at term 0 for startAsFollower
2022-09-01 11:50:55,954 [omNode-1-impl-thread1] INFO  impl.RoleInfo (RoleInfo.java:updateAndGet(139)) - omNode-1: start omNode-1@group-6C22E66A003A-FollowerState
2022-09-01 11:50:55,955 [omNode-1-impl-thread1] INFO  util.JmxRegister (JmxRegister.java:tryRegister(44)) - Successfully registered JMX Bean with object name Ratis:service=RaftServer,group=group-6C22E66A003A,id=omNode-1
2022-09-01 11:50:55,956 [Listener at 127.0.0.1/45665] INFO  server.RaftServer (RaftServerProxy.java:lambda$start$6(382)) - omNode-1: start RPC server
2022-09-01 11:50:55,959 [Listener at 127.0.0.1/45665] INFO  server.GrpcService (GrpcService.java:startImpl(260)) - omNode-1: GrpcService started, listening on 33865
2022-09-01 11:50:55,960 [Listener at 127.0.0.1/45665] INFO  om.OzoneManager (OzoneManager.java:start(1491)) - Version File has different layout version (3) than OM DB (null). That is expected if this OM has never been finalized to a newer layout version.
2022-09-01 11:50:55,964 [org.apache.ratis.util.JvmPauseMonitor$$Lambda$519/975069640@37aa6008] INFO  util.JvmPauseMonitor (JvmPauseMonitor.java:run(103)) - JvmPauseMonitor-omNode-1: Started
2022-09-01 11:50:55,985 [Listener at 127.0.0.1/45665] INFO  http.BaseHttpServer (BaseHttpServer.java:newHttpServer2BuilderForOzone(213)) - Starting Web-server for ozoneManager at: http://0.0.0.0:44771
2022-09-01 11:50:55,985 [Listener at 127.0.0.1/45665] INFO  http.BaseHttpServer (BaseHttpServer.java:<init>(108)) - Hadoop Security Enabled: false Ozone Security Enabled: false Ozone HTTP Security Enabled: false 
2022-09-01 11:50:55,986 [Listener at 127.0.0.1/45665] INFO  server.AuthenticationFilter (AuthenticationFilter.java:constructSecretProvider(240)) - Unable to initialize FileSignerSecretProvider, falling back to use random secrets.
2022-09-01 11:50:55,988 [Listener at 127.0.0.1/45665] WARN  http.HttpRequestLog (HttpRequestLog.java:getRequestLog(103)) - Jetty request log can only be enabled using Log4j
2022-09-01 11:50:55,990 [Listener at 127.0.0.1/45665] INFO  http.HttpServer2 (HttpServer2.java:addGlobalFilter(1029)) - Added global filter 'safety' (class=org.apache.hadoop.hdds.server.http.HttpServer2$QuotingInputFilter)
2022-09-01 11:50:55,991 [Listener at 127.0.0.1/45665] INFO  http.HttpServer2 (HttpServer2.java:addFilter(1005)) - Added filter static_user_filter (class=org.apache.hadoop.http.lib.StaticUserWebFilter$StaticUserFilter) to context ozoneManager
2022-09-01 11:50:55,991 [Listener at 127.0.0.1/45665] INFO  http.HttpServer2 (HttpServer2.java:addFilter(1013)) - Added filter static_user_filter (class=org.apache.hadoop.http.lib.StaticUserWebFilter$StaticUserFilter) to context logs
2022-09-01 11:50:55,991 [Listener at 127.0.0.1/45665] INFO  http.HttpServer2 (HttpServer2.java:addFilter(1013)) - Added filter static_user_filter (class=org.apache.hadoop.http.lib.StaticUserWebFilter$StaticUserFilter) to context static
2022-09-01 11:50:55,993 [Listener at 127.0.0.1/45665] INFO  http.HttpServer2 (HttpServer2.java:bindListener(1248)) - Jetty bound to port 44771
2022-09-01 11:50:55,993 [Listener at 127.0.0.1/45665] INFO  server.Server (Server.java:doStart(375)) - jetty-9.4.43.v20210629; built: 2021-06-30T11:07:22.254Z; git: 526006ecfa3af7f1a27ef3a288e2bef7ea9dd7e8; jvm 1.8.0_345-b01
2022-09-01 11:50:55,995 [Listener at 127.0.0.1/45665] INFO  server.session (DefaultSessionIdManager.java:doStart(334)) - DefaultSessionIdManager workerName=node0
2022-09-01 11:50:55,995 [Listener at 127.0.0.1/45665] INFO  server.session (DefaultSessionIdManager.java:doStart(339)) - No SessionScavenger set, using defaults
2022-09-01 11:50:55,995 [Listener at 127.0.0.1/45665] INFO  server.session (HouseKeeper.java:startScavenging(132)) - node0 Scavenging every 600000ms
2022-09-01 11:50:55,996 [Listener at 127.0.0.1/45665] INFO  handler.ContextHandler (ContextHandler.java:doStart(915)) - Started o.e.j.s.ServletContextHandler@5e708650{logs,/logs,file:///home/runner/work/ozone/ozone/hadoop-ozone/integration-test/target/log,AVAILABLE}
2022-09-01 11:50:55,996 [Listener at 127.0.0.1/45665] INFO  handler.ContextHandler (ContextHandler.java:doStart(915)) - Started o.e.j.s.ServletContextHandler@5cd8ffc6{static,/static,file:///home/runner/work/ozone/ozone/hadoop-ozone/integration-test/target/test-classes/webapps/static,AVAILABLE}
2022-09-01 11:50:56,001 [Listener at 127.0.0.1/45665] INFO  handler.ContextHandler (ContextHandler.java:doStart(915)) - Started o.e.j.w.WebAppContext@23bf3675{ozoneManager,/,file:///home/runner/work/ozone/ozone/hadoop-ozone/integration-test/target/test-classes/webapps/ozoneManager/,AVAILABLE}{file:/home/runner/work/ozone/ozone/hadoop-ozone/integration-test/target/test-classes/webapps/ozoneManager}
2022-09-01 11:50:56,013 [Listener at 127.0.0.1/45665] INFO  server.AbstractConnector (AbstractConnector.java:doStart(331)) - Started ServerConnector@8162dbf{HTTP/1.1, (http/1.1)}{0.0.0.0:44771}
2022-09-01 11:50:56,013 [Listener at 127.0.0.1/45665] INFO  server.Server (Server.java:doStart(415)) - Started @21037ms
2022-09-01 11:50:56,013 [Listener at 127.0.0.1/45665] WARN  impl.MetricsSystemImpl (MetricsSystemImpl.java:register(279)) - Sink prometheus already exists!
2022-09-01 11:50:56,014 [Listener at 127.0.0.1/45665] INFO  http.BaseHttpServer (BaseHttpServer.java:updateConnectorAddress(333)) - HTTP server of ozoneManager listening at http://0.0.0.0:44771
2022-09-01 11:50:56,014 [IPC Server Responder] INFO  ipc.Server (Server.java:run(1507)) - IPC Server Responder: starting
2022-09-01 11:50:56,014 [IPC Server listener on 45665] INFO  ipc.Server (Server.java:run(1344)) - IPC Server listener on 45665: starting
2022-09-01 11:50:56,016 [Listener at 127.0.0.1/45665] INFO  om.OzoneManager (OzoneManager.java:startTrashEmptier(1912)) - Trash Interval set to 0. Files deleted won't move to trash
2022-09-01 11:50:56,019 [Listener at 127.0.0.1/45665] INFO  ozone.MiniOzoneHAClusterImpl (MiniOzoneHAClusterImpl.java:createOMService(527)) - Started OzoneManager omNode-1 RPC server at localhost/127.0.0.1:45665
2022-09-01 11:50:56,020 [Listener at 127.0.0.1/45665] INFO  ha.OMHANodeDetails (OMHANodeDetails.java:loadOMHAConfig(121)) - ServiceID for OzoneManager is omServiceId1
2022-09-01 11:50:56,021 [Listener at 127.0.0.1/45665] INFO  ha.OMHANodeDetails (OMHANodeDetails.java:loadOMHAConfig(201)) - Found matching OM address with OMServiceId: omServiceId1, OMNodeId: omNode-2, RPC Address: localhost:43033 and Ratis port: 46587
2022-09-01 11:50:56,021 [Listener at 127.0.0.1/45665] INFO  ha.OMHANodeDetails (ConfUtils.java:setNodeSpecificConfigs(97)) - Setting configuration key ozone.om.http-address with value of key ozone.om.http-address.omServiceId1.omNode-2: 127.0.0.1:46107
2022-09-01 11:50:56,021 [Listener at 127.0.0.1/45665] INFO  ha.OMHANodeDetails (ConfUtils.java:setNodeSpecificConfigs(97)) - Setting configuration key ozone.om.https-address with value of key ozone.om.https-address.omServiceId1.omNode-2: 127.0.0.1:42757
2022-09-01 11:50:56,021 [Listener at 127.0.0.1/45665] INFO  ha.OMHANodeDetails (ConfUtils.java:setNodeSpecificConfigs(97)) - Setting configuration key ozone.om.address with value of key ozone.om.address.omServiceId1.omNode-2: 127.0.0.1:43033
2022-09-01 11:50:56,021 [Listener at 127.0.0.1/45665] WARN  server.ServerUtils (ServerUtils.java:getDBPath(225)) - ozone.om.db.dirs is not configured. We recommend adding this setting. Falling back to ozone.metadata.dirs instead.
2022-09-01 11:50:56,023 [Listener at 127.0.0.1/45665] INFO  ha.SCMNodeInfo (SCMNodeInfo.java:getPort(197)) - ConfigKey ozone.scm.client.address is deprecated, For configuring different ports for each SCM use PortConfigKey ozone.scm.client.port appended with serviceId and nodeId
2022-09-01 11:50:56,023 [Listener at 127.0.0.1/45665] INFO  ha.SCMNodeInfo (SCMNodeInfo.java:getPort(197)) - ConfigKey ozone.scm.block.client.address is deprecated, For configuring different ports for each SCM use PortConfigKey ozone.scm.block.client.port appended with serviceId and nodeId
2022-09-01 11:50:56,023 [Listener at 127.0.0.1/45665] INFO  ha.SCMNodeInfo (SCMNodeInfo.java:getPort(197)) - ConfigKey ozone.scm.datanode.address is deprecated, For configuring different ports for each SCM use PortConfigKey ozone.scm.datanode.port appended with serviceId and nodeId
2022-09-01 11:50:56,023 [Listener at 127.0.0.1/45665] INFO  ha.SCMNodeInfo (SCMNodeInfo.java:getPort(197)) - ConfigKey ozone.scm.client.address is deprecated, For configuring different ports for each SCM use PortConfigKey ozone.scm.client.port appended with serviceId and nodeId
2022-09-01 11:50:56,023 [Listener at 127.0.0.1/45665] INFO  ha.SCMNodeInfo (SCMNodeInfo.java:getPort(197)) - ConfigKey ozone.scm.block.client.address is deprecated, For configuring different ports for each SCM use PortConfigKey ozone.scm.block.client.port appended with serviceId and nodeId
2022-09-01 11:50:56,023 [Listener at 127.0.0.1/45665] INFO  ha.SCMNodeInfo (SCMNodeInfo.java:getPort(197)) - ConfigKey ozone.scm.datanode.address is deprecated, For configuring different ports for each SCM use PortConfigKey ozone.scm.datanode.port appended with serviceId and nodeId
2022-09-01 11:50:56,023 [Listener at 127.0.0.1/45665] INFO  ha.SCMNodeInfo (SCMNodeInfo.java:getPort(197)) - ConfigKey ozone.scm.client.address is deprecated, For configuring different ports for each SCM use PortConfigKey ozone.scm.client.port appended with serviceId and nodeId
2022-09-01 11:50:56,023 [Listener at 127.0.0.1/45665] INFO  ha.SCMNodeInfo (SCMNodeInfo.java:getPort(197)) - ConfigKey ozone.scm.block.client.address is deprecated, For configuring different ports for each SCM use PortConfigKey ozone.scm.block.client.port appended with serviceId and nodeId
2022-09-01 11:50:56,023 [Listener at 127.0.0.1/45665] INFO  ha.SCMNodeInfo (SCMNodeInfo.java:getPort(197)) - ConfigKey ozone.scm.datanode.address is deprecated, For configuring different ports for each SCM use PortConfigKey ozone.scm.datanode.port appended with serviceId and nodeId
2022-09-01 11:50:56,024 [Listener at 127.0.0.1/45665] INFO  proxy.SCMBlockLocationFailoverProxyProvider (SCMBlockLocationFailoverProxyProvider.java:<init>(114)) - Created block location fail-over proxy with 3 nodes: [nodeId=scmNode-2,nodeAddress=/127.0.0.1:40239, nodeId=scmNode-3,nodeAddress=/127.0.0.1:35923, nodeId=scmNode-1,nodeAddress=/127.0.0.1:45865]
2022-09-01 11:50:56,025 [org.apache.hadoop.util.JvmPauseMonitor$Monitor@b4e6840] INFO  util.JvmPauseMonitor (JvmPauseMonitor.java:run(188)) - Starting JVM pause monitor
OM initialization succeeded.Current cluster id for sd=/home/runner/work/ozone/ozone/hadoop-ozone/integration-test/target/test-dir/MiniOzoneClusterImpl-a1c451f0-9b10-458f-87dd-1ed43301bce6/omNode-2/om;cid=a1c451f0-9b10-458f-87dd-1ed43301bce6;layoutVersion=3
2022-09-01 11:50:56,032 [Listener at 127.0.0.1/45665] INFO  ha.OMHANodeDetails (OMHANodeDetails.java:loadOMHAConfig(121)) - ServiceID for OzoneManager is omServiceId1
2022-09-01 11:50:56,033 [Listener at 127.0.0.1/45665] INFO  ha.OMHANodeDetails (OMHANodeDetails.java:loadOMHAConfig(201)) - Found matching OM address with OMServiceId: omServiceId1, OMNodeId: omNode-2, RPC Address: localhost:43033 and Ratis port: 46587
2022-09-01 11:50:56,033 [Listener at 127.0.0.1/45665] INFO  ha.OMHANodeDetails (ConfUtils.java:setNodeSpecificConfigs(97)) - Setting configuration key ozone.om.http-address with value of key ozone.om.http-address.omServiceId1.omNode-2: 127.0.0.1:46107
2022-09-01 11:50:56,033 [Listener at 127.0.0.1/45665] INFO  ha.OMHANodeDetails (ConfUtils.java:setNodeSpecificConfigs(97)) - Setting configuration key ozone.om.https-address with value of key ozone.om.https-address.omServiceId1.omNode-2: 127.0.0.1:42757
2022-09-01 11:50:56,033 [Listener at 127.0.0.1/45665] INFO  ha.OMHANodeDetails (ConfUtils.java:setNodeSpecificConfigs(97)) - Setting configuration key ozone.om.address with value of key ozone.om.address.omServiceId1.omNode-2: 127.0.0.1:43033
2022-09-01 11:50:56,033 [Listener at 127.0.0.1/45665] WARN  server.ServerUtils (ServerUtils.java:getDBPath(225)) - ozone.om.db.dirs is not configured. We recommend adding this setting. Falling back to ozone.metadata.dirs instead.
2022-09-01 11:50:56,033 [Listener at 127.0.0.1/45665] INFO  upgrade.AbstractLayoutVersionManager (AbstractLayoutVersionManager.java:init(83)) - Initializing Layout version manager with metadata layout = MULTITENANCY_SCHEMA (version = 3), software layout = MULTITENANCY_SCHEMA (version = 3)
2022-09-01 11:50:56,122 [Listener at 127.0.0.1/45665] INFO  reflections.Reflections (Reflections.java:scan(232)) - Reflections took 87 ms to scan 2 urls, producing 153 keys and 427 values [using 2 cores]
2022-09-01 11:50:56,122 [Listener at 127.0.0.1/45665] INFO  upgrade.OMLayoutVersionManager (OMLayoutVersionManager.java:lambda$0(115)) - Skipping Upgrade Action MockOmUpgradeAction since it has been finalized.
2022-09-01 11:50:56,122 [Listener at 127.0.0.1/45665] WARN  server.ServerUtils (ServerUtils.java:getDBPath(225)) - ozone.om.db.dirs is not configured. We recommend adding this setting. Falling back to ozone.metadata.dirs instead.
2022-09-01 11:50:56,123 [Listener at 127.0.0.1/45665] INFO  ha.SCMNodeInfo (SCMNodeInfo.java:getPort(197)) - ConfigKey ozone.scm.client.address is deprecated, For configuring different ports for each SCM use PortConfigKey ozone.scm.client.port appended with serviceId and nodeId
2022-09-01 11:50:56,123 [Listener at 127.0.0.1/45665] INFO  ha.SCMNodeInfo (SCMNodeInfo.java:getPort(197)) - ConfigKey ozone.scm.block.client.address is deprecated, For configuring different ports for each SCM use PortConfigKey ozone.scm.block.client.port appended with serviceId and nodeId
2022-09-01 11:50:56,123 [Listener at 127.0.0.1/45665] INFO  ha.SCMNodeInfo (SCMNodeInfo.java:getPort(197)) - ConfigKey ozone.scm.datanode.address is deprecated, For configuring different ports for each SCM use PortConfigKey ozone.scm.datanode.port appended with serviceId and nodeId
2022-09-01 11:50:56,123 [Listener at 127.0.0.1/45665] INFO  ha.SCMNodeInfo (SCMNodeInfo.java:getPort(197)) - ConfigKey ozone.scm.client.address is deprecated, For configuring different ports for each SCM use PortConfigKey ozone.scm.client.port appended with serviceId and nodeId
2022-09-01 11:50:56,123 [Listener at 127.0.0.1/45665] INFO  ha.SCMNodeInfo (SCMNodeInfo.java:getPort(197)) - ConfigKey ozone.scm.block.client.address is deprecated, For configuring different ports for each SCM use PortConfigKey ozone.scm.block.client.port appended with serviceId and nodeId
2022-09-01 11:50:56,123 [Listener at 127.0.0.1/45665] INFO  ha.SCMNodeInfo (SCMNodeInfo.java:getPort(197)) - ConfigKey ozone.scm.datanode.address is deprecated, For configuring different ports for each SCM use PortConfigKey ozone.scm.datanode.port appended with serviceId and nodeId
2022-09-01 11:50:56,123 [Listener at 127.0.0.1/45665] INFO  ha.SCMNodeInfo (SCMNodeInfo.java:getPort(197)) - ConfigKey ozone.scm.client.address is deprecated, For configuring different ports for each SCM use PortConfigKey ozone.scm.client.port appended with serviceId and nodeId
2022-09-01 11:50:56,123 [Listener at 127.0.0.1/45665] INFO  ha.SCMNodeInfo (SCMNodeInfo.java:getPort(197)) - ConfigKey ozone.scm.block.client.address is deprecated, For configuring different ports for each SCM use PortConfigKey ozone.scm.block.client.port appended with serviceId and nodeId
2022-09-01 11:50:56,123 [Listener at 127.0.0.1/45665] INFO  ha.SCMNodeInfo (SCMNodeInfo.java:getPort(197)) - ConfigKey ozone.scm.datanode.address is deprecated, For configuring different ports for each SCM use PortConfigKey ozone.scm.datanode.port appended with serviceId and nodeId
2022-09-01 11:50:56,124 [Listener at 127.0.0.1/45665] INFO  ha.SCMNodeInfo (SCMNodeInfo.java:getPort(197)) - ConfigKey ozone.scm.client.address is deprecated, For configuring different ports for each SCM use PortConfigKey ozone.scm.client.port appended with serviceId and nodeId
2022-09-01 11:50:56,124 [Listener at 127.0.0.1/45665] INFO  ha.SCMNodeInfo (SCMNodeInfo.java:getPort(197)) - ConfigKey ozone.scm.block.client.address is deprecated, For configuring different ports for each SCM use PortConfigKey ozone.scm.block.client.port appended with serviceId and nodeId
2022-09-01 11:50:56,124 [Listener at 127.0.0.1/45665] INFO  ha.SCMNodeInfo (SCMNodeInfo.java:getPort(197)) - ConfigKey ozone.scm.datanode.address is deprecated, For configuring different ports for each SCM use PortConfigKey ozone.scm.datanode.port appended with serviceId and nodeId
2022-09-01 11:50:56,124 [Listener at 127.0.0.1/45665] INFO  ha.SCMNodeInfo (SCMNodeInfo.java:getPort(197)) - ConfigKey ozone.scm.client.address is deprecated, For configuring different ports for each SCM use PortConfigKey ozone.scm.client.port appended with serviceId and nodeId
2022-09-01 11:50:56,124 [Listener at 127.0.0.1/45665] INFO  ha.SCMNodeInfo (SCMNodeInfo.java:getPort(197)) - ConfigKey ozone.scm.block.client.address is deprecated, For configuring different ports for each SCM use PortConfigKey ozone.scm.block.client.port appended with serviceId and nodeId
2022-09-01 11:50:56,124 [Listener at 127.0.0.1/45665] INFO  ha.SCMNodeInfo (SCMNodeInfo.java:getPort(197)) - ConfigKey ozone.scm.datanode.address is deprecated, For configuring different ports for each SCM use PortConfigKey ozone.scm.datanode.port appended with serviceId and nodeId
2022-09-01 11:50:56,124 [Listener at 127.0.0.1/45665] INFO  ha.SCMNodeInfo (SCMNodeInfo.java:getPort(197)) - ConfigKey ozone.scm.client.address is deprecated, For configuring different ports for each SCM use PortConfigKey ozone.scm.client.port appended with serviceId and nodeId
2022-09-01 11:50:56,124 [Listener at 127.0.0.1/45665] INFO  ha.SCMNodeInfo (SCMNodeInfo.java:getPort(197)) - ConfigKey ozone.scm.block.client.address is deprecated, For configuring different ports for each SCM use PortConfigKey ozone.scm.block.client.port appended with serviceId and nodeId
2022-09-01 11:50:56,124 [Listener at 127.0.0.1/45665] INFO  ha.SCMNodeInfo (SCMNodeInfo.java:getPort(197)) - ConfigKey ozone.scm.datanode.address is deprecated, For configuring different ports for each SCM use PortConfigKey ozone.scm.datanode.port appended with serviceId and nodeId
2022-09-01 11:50:56,125 [Listener at 127.0.0.1/45665] INFO  proxy.SCMBlockLocationFailoverProxyProvider (SCMBlockLocationFailoverProxyProvider.java:<init>(114)) - Created block location fail-over proxy with 3 nodes: [nodeId=scmNode-2,nodeAddress=/127.0.0.1:40239, nodeId=scmNode-3,nodeAddress=/127.0.0.1:35923, nodeId=scmNode-1,nodeAddress=/127.0.0.1:45865]
2022-09-01 11:50:56,126 [Listener at 127.0.0.1/45665] INFO  ha.SCMNodeInfo (SCMNodeInfo.java:getPort(197)) - ConfigKey ozone.scm.client.address is deprecated, For configuring different ports for each SCM use PortConfigKey ozone.scm.client.port appended with serviceId and nodeId
2022-09-01 11:50:56,126 [Listener at 127.0.0.1/45665] INFO  ha.SCMNodeInfo (SCMNodeInfo.java:getPort(197)) - ConfigKey ozone.scm.block.client.address is deprecated, For configuring different ports for each SCM use PortConfigKey ozone.scm.block.client.port appended with serviceId and nodeId
2022-09-01 11:50:56,126 [Listener at 127.0.0.1/45665] INFO  ha.SCMNodeInfo (SCMNodeInfo.java:getPort(197)) - ConfigKey ozone.scm.datanode.address is deprecated, For configuring different ports for each SCM use PortConfigKey ozone.scm.datanode.port appended with serviceId and nodeId
2022-09-01 11:50:56,126 [Listener at 127.0.0.1/45665] INFO  ha.SCMNodeInfo (SCMNodeInfo.java:getPort(197)) - ConfigKey ozone.scm.client.address is deprecated, For configuring different ports for each SCM use PortConfigKey ozone.scm.client.port appended with serviceId and nodeId
2022-09-01 11:50:56,126 [Listener at 127.0.0.1/45665] INFO  ha.SCMNodeInfo (SCMNodeInfo.java:getPort(197)) - ConfigKey ozone.scm.block.client.address is deprecated, For configuring different ports for each SCM use PortConfigKey ozone.scm.block.client.port appended with serviceId and nodeId
2022-09-01 11:50:56,126 [Listener at 127.0.0.1/45665] INFO  ha.SCMNodeInfo (SCMNodeInfo.java:getPort(197)) - ConfigKey ozone.scm.datanode.address is deprecated, For configuring different ports for each SCM use PortConfigKey ozone.scm.datanode.port appended with serviceId and nodeId
2022-09-01 11:50:56,126 [Listener at 127.0.0.1/45665] INFO  ha.SCMNodeInfo (SCMNodeInfo.java:getPort(197)) - ConfigKey ozone.scm.client.address is deprecated, For configuring different ports for each SCM use PortConfigKey ozone.scm.client.port appended with serviceId and nodeId
2022-09-01 11:50:56,126 [Listener at 127.0.0.1/45665] INFO  ha.SCMNodeInfo (SCMNodeInfo.java:getPort(197)) - ConfigKey ozone.scm.block.client.address is deprecated, For configuring different ports for each SCM use PortConfigKey ozone.scm.block.client.port appended with serviceId and nodeId
2022-09-01 11:50:56,126 [Listener at 127.0.0.1/45665] INFO  ha.SCMNodeInfo (SCMNodeInfo.java:getPort(197)) - ConfigKey ozone.scm.datanode.address is deprecated, For configuring different ports for each SCM use PortConfigKey ozone.scm.datanode.port appended with serviceId and nodeId
2022-09-01 11:50:56,127 [Listener at 127.0.0.1/45665] INFO  proxy.SCMBlockLocationFailoverProxyProvider (SCMBlockLocationFailoverProxyProvider.java:<init>(114)) - Created block location fail-over proxy with 3 nodes: [nodeId=scmNode-2,nodeAddress=/127.0.0.1:40239, nodeId=scmNode-3,nodeAddress=/127.0.0.1:35923, nodeId=scmNode-1,nodeAddress=/127.0.0.1:45865]
2022-09-01 11:50:56,136 [Listener at 127.0.0.1/45665] WARN  server.ServerUtils (ServerUtils.java:getDBPath(225)) - ozone.om.db.dirs is not configured. We recommend adding this setting. Falling back to ozone.metadata.dirs instead.
2022-09-01 11:50:56,136 [Listener at 127.0.0.1/45665] INFO  codec.OmKeyInfoCodec (OmKeyInfoCodec.java:<init>(49)) - OmKeyInfoCodec ignorePipeline = true
2022-09-01 11:50:56,136 [Listener at 127.0.0.1/45665] INFO  codec.RepeatedOmKeyInfoCodec (RepeatedOmKeyInfoCodec.java:<init>(41)) - RepeatedOmKeyInfoCodec ignorePipeline = true
2022-09-01 11:50:56,320 [Listener at 127.0.0.1/45665] INFO  om.OzoneManager (OzoneManager.java:instantiateServices(702)) - S3 Multi-Tenancy is disabled
2022-09-01 11:50:56,321 [Listener at 127.0.0.1/45665] INFO  om.OzoneManager (OzoneManager.java:addS3GVolumeToDB(4307)) - Created Volume s3v With Owner runner required for S3Gateway operations.
2022-09-01 11:50:56,321 [Listener at 127.0.0.1/45665] WARN  server.ServerUtils (ServerUtils.java:getDefaultRatisDirectory(237)) - Storage directory for Ratis is not configured. It is a good idea to map this to an SSD disk. Falling back to ozone.metadata.dirs
2022-09-01 11:50:56,321 [Listener at 127.0.0.1/45665] WARN  utils.OzoneManagerRatisUtils (OzoneManagerRatisUtils.java:getOMRatisSnapshotDirectory(434)) - ozone.om.ratis.snapshot.dir is not configured. Falling back to ozone.metadata.dirs config
2022-09-01 11:50:56,322 [Listener at 127.0.0.1/45665] INFO  snapshot.OzoneManagerSnapshotProvider (OzoneManagerSnapshotProvider.java:<init>(76)) - Initializing OM Snapshot Provider
2022-09-01 11:50:56,323 [Listener at 127.0.0.1/45665] WARN  impl.MetricRegistriesImpl (MetricRegistriesImpl.java:addReporterRegistration(111)) - New reporters are added after registries were created. Some metrics will be missing from the reporter. Please add reporter before adding any new registry.
2022-09-01 11:50:56,323 [Listener at 127.0.0.1/45665] WARN  impl.MetricRegistriesImpl (MetricRegistriesImpl.java:addReporterRegistration(111)) - New reporters are added after registries were created. Some metrics will be missing from the reporter. Please add reporter before adding any new registry.
2022-09-01 11:50:56,323 [Listener at 127.0.0.1/45665] WARN  server.ServerUtils (ServerUtils.java:getDefaultRatisDirectory(237)) - Storage directory for Ratis is not configured. It is a good idea to map this to an SSD disk. Falling back to ozone.metadata.dirs
2022-09-01 11:50:56,325 [Listener at 127.0.0.1/45665] INFO  ratis.OzoneManagerRatisServer (OzoneManagerRatisServer.java:<init>(159)) - Instantiating OM Ratis server with groupID: omServiceId1 and peers: localhost:46587, localhost:34139, localhost:33865
2022-09-01 11:50:56,325 [Listener at 127.0.0.1/45665] INFO  ratis.OzoneManagerStateMachine (OzoneManagerStateMachine.java:loadSnapshotInfoFromDB(632)) - LastAppliedIndex is set from TransactionInfo from OM DB as (t:0, i:~)
2022-09-01 11:50:56,333 [Listener at 127.0.0.1/45665] INFO  server.RaftServer (ConfUtils.java:logGet(46)) - raft.rpc.type = GRPC (default)
2022-09-01 11:50:56,333 [Listener at 127.0.0.1/45665] INFO  grpc.GrpcFactory (GrpcFactory.java:checkPooledByteBufAllocatorUseCacheForAllThreads(48)) - PERFORMANCE WARNING: useCacheForAllThreads is true that may cause Netty to create a lot garbage objects and, as a result, trigger GC.
	It is recommended to disable useCacheForAllThreads by setting -Dorg.apache.ratis.thirdparty.io.netty.allocator.useCacheForAllThreads=false in command line.
2022-09-01 11:50:56,333 [Listener at 127.0.0.1/45665] INFO  grpc.GrpcConfigKeys (ConfUtils.java:logGet(46)) - raft.grpc.admin.port = -1 (default)
2022-09-01 11:50:56,333 [Listener at 127.0.0.1/45665] INFO  grpc.GrpcConfigKeys (ConfUtils.java:logGet(46)) - raft.grpc.server.port = 46587 (custom)
2022-09-01 11:50:56,333 [Listener at 127.0.0.1/45665] INFO  grpc.GrpcConfigKeys (ConfUtils.java:logGet(46)) - raft.grpc.client.port = -1 (default)
2022-09-01 11:50:56,333 [Listener at 127.0.0.1/45665] INFO  grpc.GrpcConfigKeys (ConfUtils.java:logGet(46)) - raft.grpc.server.port = 46587 (custom)
2022-09-01 11:50:56,333 [Listener at 127.0.0.1/45665] INFO  grpc.GrpcConfigKeys (ConfUtils.java:logGet(46)) - raft.grpc.server.port = 46587 (custom)
2022-09-01 11:50:56,333 [Listener at 127.0.0.1/45665] INFO  server.GrpcService (ConfUtils.java:logGet(46)) - raft.grpc.message.size.max = 33554432 (custom)
2022-09-01 11:50:56,334 [Listener at 127.0.0.1/45665] INFO  server.RaftServerConfigKeys (ConfUtils.java:logGet(46)) - raft.server.log.appender.buffer.byte-limit = 33554432 (custom)
2022-09-01 11:50:56,334 [Listener at 127.0.0.1/45665] INFO  server.GrpcService (ConfUtils.java:logGet(46)) - raft.grpc.flow.control.window = 1MB (=1048576) (default)
2022-09-01 11:50:56,334 [Listener at 127.0.0.1/45665] INFO  server.RaftServerConfigKeys (ConfUtils.java:logGet(46)) - raft.server.rpc.request.timeout = 3000ms (default)
2022-09-01 11:50:56,334 [Listener at 127.0.0.1/45665] INFO  grpc.GrpcConfigKeys (ConfUtils.java:logGet(46)) - raft.grpc.server.async.request.thread.pool.cached = true (default)
2022-09-01 11:50:56,334 [Listener at 127.0.0.1/45665] INFO  grpc.GrpcConfigKeys (ConfUtils.java:logGet(46)) - raft.grpc.server.async.request.thread.pool.size = 32 (default)
2022-09-01 11:50:56,335 [Listener at 127.0.0.1/45665] INFO  impl.DataStreamServerImpl (ConfUtils.java:logGet(46)) - raft.datastream.type = DISABLED (default)
2022-09-01 11:50:56,335 [Listener at 127.0.0.1/45665] INFO  server.RaftServerConfigKeys (ConfUtils.java:logGet(46)) - raft.server.threadpool.proxy.cached = true (default)
2022-09-01 11:50:56,335 [Listener at 127.0.0.1/45665] INFO  server.RaftServerConfigKeys (ConfUtils.java:logGet(46)) - raft.server.threadpool.proxy.size = 0 (default)
2022-09-01 11:50:56,336 [Listener at 127.0.0.1/45665] INFO  server.RaftServerConfigKeys (ConfUtils.java:logGet(46)) - raft.server.rpc.slowness.timeout = 2s (custom)
2022-09-01 11:50:56,336 [Listener at 127.0.0.1/45665] INFO  server.RaftServerConfigKeys (ConfUtils.java:logGet(46)) - raft.server.leaderelection.leader.step-down.wait-time = 10s (default)
2022-09-01 11:50:56,336 [Listener at 127.0.0.1/45665] INFO  server.RaftServerConfigKeys (ConfUtils.java:logGet(46)) - raft.server.storage.dir = [/home/runner/work/ozone/ozone/hadoop-ozone/integration-test/target/test-dir/MiniOzoneClusterImpl-a1c451f0-9b10-458f-87dd-1ed43301bce6/omNode-2/ratis] (custom)
2022-09-01 11:50:56,339 [Listener at 127.0.0.1/45665] INFO  server.RaftServer (RaftServerProxy.java:addNew(96)) - omNode-2: addNew group-6C22E66A003A:[omNode-3|rpc:localhost:34139|priority:0, omNode-1|rpc:localhost:33865|priority:0, omNode-2|rpc:localhost:46587|priority:0] returns group-6C22E66A003A:java.util.concurrent.CompletableFuture@1d9b776a[Not completed]
2022-09-01 11:50:56,339 [Listener at 127.0.0.1/45665] INFO  om.OzoneManager (OzoneManager.java:initializeRatisServer(1968)) - OzoneManager Ratis server initialized at port 46587
2022-09-01 11:50:56,341 [Listener at 127.0.0.1/45665] INFO  om.OzoneManager (OzoneManager.java:getRpcServer(1091)) - Creating RPC Server
2022-09-01 11:50:56,345 [pool-150-thread-1] INFO  server.RaftServer$Division (RaftServerImpl.java:<init>(190)) - omNode-2: new RaftServerImpl for group-6C22E66A003A:[omNode-3|rpc:localhost:34139|priority:0, omNode-1|rpc:localhost:33865|priority:0, omNode-2|rpc:localhost:46587|priority:0] with OzoneManagerStateMachine:uninitialized
2022-09-01 11:50:56,345 [pool-150-thread-1] INFO  server.RaftServerConfigKeys (ConfUtils.java:logGet(46)) - raft.server.rpc.timeout.min = 1s (custom)
2022-09-01 11:50:56,345 [pool-150-thread-1] INFO  server.RaftServerConfigKeys (ConfUtils.java:logGet(46)) - raft.server.rpc.timeout.max = 1200ms (custom)
2022-09-01 11:50:56,345 [pool-150-thread-1] INFO  server.RaftServerConfigKeys (ConfUtils.java:logGet(46)) - raft.server.rpc.sleep.time = 25ms (default)
2022-09-01 11:50:56,345 [pool-150-thread-1] INFO  server.RaftServerConfigKeys (ConfUtils.java:logGet(46)) - raft.server.rpc.slowness.timeout = 2s (custom)
2022-09-01 11:50:56,345 [pool-150-thread-1] INFO  server.RaftServerConfigKeys (ConfUtils.java:logGet(46)) - raft.server.leaderelection.leader.step-down.wait-time = 10s (default)
2022-09-01 11:50:56,345 [pool-150-thread-1] INFO  server.RaftServerConfigKeys (ConfUtils.java:logGet(46)) - raft.server.sleep.deviation.threshold = 300ms (default)
2022-09-01 11:50:56,345 [pool-150-thread-1] INFO  server.RaftServer$Division (ServerState.java:<init>(107)) - omNode-2@group-6C22E66A003A: ConfigurationManager, init=-1: [omNode-3|rpc:localhost:34139|priority:0, omNode-1|rpc:localhost:33865|priority:0, omNode-2|rpc:localhost:46587|priority:0], old=null, confs=<EMPTY_MAP>
2022-09-01 11:50:56,345 [pool-150-thread-1] INFO  server.RaftServerConfigKeys (ConfUtils.java:logGet(46)) - raft.server.storage.dir = [/home/runner/work/ozone/ozone/hadoop-ozone/integration-test/target/test-dir/MiniOzoneClusterImpl-a1c451f0-9b10-458f-87dd-1ed43301bce6/omNode-2/ratis] (custom)
2022-09-01 11:50:56,345 [pool-150-thread-1] INFO  server.RaftServerConfigKeys (ConfUtils.java:logGet(46)) - raft.server.log.corruption.policy = EXCEPTION (default)
2022-09-01 11:50:56,345 [pool-150-thread-1] INFO  server.RaftServerConfigKeys (ConfUtils.java:logGet(46)) - raft.server.storage.free-space.min = 0MB (=0) (default)
2022-09-01 11:50:56,346 [pool-150-thread-1] INFO  storage.RaftStorageDirectory (RaftStorageDirectoryImpl.java:analyzeStorage(135)) - The storage directory /home/runner/work/ozone/ozone/hadoop-ozone/integration-test/target/test-dir/MiniOzoneClusterImpl-a1c451f0-9b10-458f-87dd-1ed43301bce6/omNode-2/ratis/9c9825ce-8ba7-3ee6-a7c3-6c22e66a003a does not exist. Creating ...
2022-09-01 11:50:56,349 [pool-150-thread-1] INFO  storage.RaftStorageDirectory (RaftStorageDirectoryImpl.java:tryLock(230)) - Lock on /home/runner/work/ozone/ozone/hadoop-ozone/integration-test/target/test-dir/MiniOzoneClusterImpl-a1c451f0-9b10-458f-87dd-1ed43301bce6/omNode-2/ratis/9c9825ce-8ba7-3ee6-a7c3-6c22e66a003a/in_use.lock acquired by nodename 25235@fv-az459-356
2022-09-01 11:50:56,355 [pool-150-thread-1] INFO  storage.RaftStorage (RaftStorageImpl.java:format(89)) - Storage directory /home/runner/work/ozone/ozone/hadoop-ozone/integration-test/target/test-dir/MiniOzoneClusterImpl-a1c451f0-9b10-458f-87dd-1ed43301bce6/omNode-2/ratis/9c9825ce-8ba7-3ee6-a7c3-6c22e66a003a has been successfully formatted.
2022-09-01 11:50:56,356 [pool-150-thread-1] INFO  server.RaftServerConfigKeys (ConfUtils.java:logGet(46)) - raft.server.notification.no-leader.timeout = 2s (custom)
2022-09-01 11:50:56,356 [pool-150-thread-1] INFO  server.RaftServerConfigKeys (ConfUtils.java:logGet(46)) - raft.server.log.use.memory = false (default)
2022-09-01 11:50:56,356 [pool-150-thread-1] INFO  server.RaftServerConfigKeys (ConfUtils.java:logGet(46)) - raft.server.log.purge.gap = 1000000 (custom)
2022-09-01 11:50:56,356 [pool-150-thread-1] INFO  server.RaftServerConfigKeys (ConfUtils.java:logGet(46)) - raft.server.log.appender.buffer.byte-limit = 33554432 (custom)
2022-09-01 11:50:56,356 [pool-150-thread-1] INFO  server.RaftServerConfigKeys (ConfUtils.java:logGet(46)) - raft.server.log.statemachine.data.read.timeout = 1000ms (default)
2022-09-01 11:50:56,356 [pool-150-thread-1] INFO  server.RaftServerConfigKeys (ConfUtils.java:logGet(46)) - raft.server.log.segment.size.max = 4194304 (custom)
2022-09-01 11:50:56,357 [pool-150-thread-1] INFO  server.RaftServerConfigKeys (ConfUtils.java:logGet(46)) - raft.server.log.segment.cache.num.max = 2 (custom)
2022-09-01 11:50:56,357 [pool-150-thread-1] INFO  server.RaftServerConfigKeys (ConfUtils.java:logGet(46)) - raft.server.log.segment.cache.size.max = 200MB (=209715200) (default)
2022-09-01 11:50:56,357 [pool-150-thread-1] INFO  segmented.SegmentedRaftLogWorker (SegmentedRaftLogWorker.java:<init>(187)) - new omNode-2@group-6C22E66A003A-SegmentedRaftLogWorker for RaftStorageImpl:Storage Directory /home/runner/work/ozone/ozone/hadoop-ozone/integration-test/target/test-dir/MiniOzoneClusterImpl-a1c451f0-9b10-458f-87dd-1ed43301bce6/omNode-2/ratis/9c9825ce-8ba7-3ee6-a7c3-6c22e66a003a
2022-09-01 11:50:56,357 [pool-150-thread-1] INFO  server.RaftServerConfigKeys (ConfUtils.java:logGet(46)) - raft.server.log.queue.byte-limit = 64MB (=67108864) (default)
2022-09-01 11:50:56,357 [pool-150-thread-1] INFO  server.RaftServerConfigKeys (ConfUtils.java:logGet(46)) - raft.server.log.queue.element-limit = 4096 (default)
2022-09-01 11:50:56,358 [pool-150-thread-1] INFO  server.RaftServerConfigKeys (ConfUtils.java:logGet(46)) - raft.server.log.segment.size.max = 4194304 (custom)
2022-09-01 11:50:56,358 [pool-150-thread-1] INFO  server.RaftServerConfigKeys (ConfUtils.java:logGet(46)) - raft.server.log.preallocated.size = 4194304 (custom)
2022-09-01 11:50:56,358 [pool-150-thread-1] INFO  server.RaftServerConfigKeys (ConfUtils.java:logGet(46)) - raft.server.log.force.sync.num = 128 (default)
2022-09-01 11:50:56,358 [pool-150-thread-1] INFO  server.RaftServerConfigKeys (ConfUtils.java:logGet(46)) - raft.server.log.statemachine.data.sync = true (default)
2022-09-01 11:50:56,358 [pool-150-thread-1] INFO  server.RaftServerConfigKeys (ConfUtils.java:logGet(46)) - raft.server.log.statemachine.data.sync.timeout = 10s (default)
2022-09-01 11:50:56,358 [pool-150-thread-1] INFO  server.RaftServerConfigKeys (ConfUtils.java:logGet(46)) - raft.server.log.statemachine.data.sync.timeout.retry = -1 (default)
2022-09-01 11:50:56,360 [pool-150-thread-1] INFO  server.RaftServerConfigKeys (ConfUtils.java:logGet(46)) - raft.server.log.write.buffer.size = 64KB (=65536) (default)
2022-09-01 11:50:56,360 [pool-150-thread-1] INFO  server.RaftServerConfigKeys (ConfUtils.java:logGet(46)) - raft.server.log.unsafe-flush.enabled = false (default)
2022-09-01 11:50:56,360 [pool-150-thread-1] INFO  server.RaftServerConfigKeys (ConfUtils.java:logGet(46)) - raft.server.log.statemachine.data.caching.enabled = false (default)
2022-09-01 11:50:56,360 [pool-150-thread-1] INFO  segmented.SegmentedRaftLogWorker (SegmentedRaftLogWorker.java:lambda$new$0(135)) - omNode-2@group-6C22E66A003A-SegmentedRaftLogWorker: flushIndex: setUnconditionally 0 -> -1
2022-09-01 11:50:56,360 [pool-150-thread-1] INFO  segmented.SegmentedRaftLogWorker (SegmentedRaftLogWorker.java:lambda$new$0(135)) - omNode-2@group-6C22E66A003A-SegmentedRaftLogWorker: safeCacheEvictIndex: setUnconditionally 0 -> -1
2022-09-01 11:50:56,365 [pool-150-thread-1] INFO  server.RaftServerConfigKeys (ConfUtils.java:logGet(46)) - raft.server.snapshot.auto.trigger.enabled = true (custom)
2022-09-01 11:50:56,365 [pool-150-thread-1] INFO  server.RaftServerConfigKeys (ConfUtils.java:logGet(46)) - raft.server.snapshot.auto.trigger.threshold = 400000 (default)
2022-09-01 11:50:56,365 [pool-150-thread-1] INFO  server.RaftServerConfigKeys (ConfUtils.java:logGet(46)) - raft.server.snapshot.retention.file.num = -1 (default)
2022-09-01 11:50:56,365 [pool-150-thread-1] INFO  server.RaftServerConfigKeys (ConfUtils.java:logGet(46)) - raft.server.log.purge.upto.snapshot.index = true (custom)
2022-09-01 11:50:56,365 [pool-150-thread-1] INFO  server.RaftServerConfigKeys (ConfUtils.java:logGet(46)) - raft.server.retrycache.expirytime = 300s (custom)
2022-09-01 11:50:56,365 [pool-150-thread-1] INFO  server.RaftServerConfigKeys (ConfUtils.java:logGet(46)) - raft.server.retrycache.statistics.expirytime = 100μs (default)
2022-09-01 11:50:56,366 [pool-150-thread-1] INFO  server.RaftServerConfigKeys (ConfUtils.java:logGet(46)) - raft.server.log.appender.install.snapshot.enabled = false (custom)
2022-09-01 11:50:56,367 [pool-150-thread-1] INFO  server.RaftServerConfigKeys (ConfUtils.java:logGet(46)) - raft.server.threadpool.server.cached = true (default)
2022-09-01 11:50:56,367 [pool-150-thread-1] INFO  server.RaftServerConfigKeys (ConfUtils.java:logGet(46)) - raft.server.threadpool.server.size = 0 (default)
2022-09-01 11:50:56,367 [pool-150-thread-1] INFO  server.RaftServerConfigKeys (ConfUtils.java:logGet(46)) - raft.server.threadpool.client.cached = true (default)
2022-09-01 11:50:56,367 [pool-150-thread-1] INFO  server.RaftServerConfigKeys (ConfUtils.java:logGet(46)) - raft.server.threadpool.client.size = 0 (default)
2022-09-01 11:50:56,977 [omNode-1@group-6C22E66A003A-FollowerState] INFO  impl.FollowerState (FollowerState.java:run(143)) - omNode-1@group-6C22E66A003A-FollowerState: change to CANDIDATE, lastRpcElapsedTime:1022748537ns, electionTimeout:1022ms
2022-09-01 11:50:56,977 [omNode-1@group-6C22E66A003A-FollowerState] INFO  impl.RoleInfo (RoleInfo.java:shutdownFollowerState(110)) - omNode-1: shutdown omNode-1@group-6C22E66A003A-FollowerState
2022-09-01 11:50:56,977 [omNode-1@group-6C22E66A003A-FollowerState] INFO  server.RaftServer$Division (RaftServerImpl.java:setRole(299)) - omNode-1@group-6C22E66A003A: changes role from  FOLLOWER to CANDIDATE at term 0 for changeToCandidate
2022-09-01 11:50:56,977 [omNode-1@group-6C22E66A003A-FollowerState] INFO  server.RaftServerConfigKeys (ConfUtils.java:logGet(46)) - raft.server.leaderelection.pre-vote = false (custom)
2022-09-01 11:50:56,977 [omNode-1@group-6C22E66A003A-FollowerState] INFO  impl.RoleInfo (RoleInfo.java:updateAndGet(139)) - omNode-1: start omNode-1@group-6C22E66A003A-LeaderElection3
2022-09-01 11:50:56,986 [omNode-1@group-6C22E66A003A-LeaderElection3] INFO  impl.LeaderElection (LeaderElection.java:askForVotes(310)) - omNode-1@group-6C22E66A003A-LeaderElection3 ELECTION round 0: submit vote requests at term 1 for -1: [omNode-3|rpc:localhost:34139|priority:0, omNode-1|rpc:localhost:33865|priority:0, omNode-2|rpc:localhost:46587|priority:0], old=null
2022-09-01 11:50:57,014 [omNode-1@group-6C22E66A003A-LeaderElection3] INFO  impl.LeaderElection (LogUtils.java:infoOrTrace(137)) - omNode-1@group-6C22E66A003A-LeaderElection3 got exception when requesting votes: java.util.concurrent.ExecutionException: org.apache.ratis.thirdparty.io.grpc.StatusRuntimeException: UNAVAILABLE: io exception
2022-09-01 11:50:57,029 [omNode-1@group-6C22E66A003A-LeaderElection3] INFO  impl.LeaderElection (LogUtils.java:infoOrTrace(137)) - omNode-1@group-6C22E66A003A-LeaderElection3 got exception when requesting votes: java.util.concurrent.ExecutionException: org.apache.ratis.thirdparty.io.grpc.StatusRuntimeException: UNAVAILABLE: io exception
2022-09-01 11:50:57,029 [omNode-1@group-6C22E66A003A-LeaderElection3] INFO  impl.LeaderElection (LeaderElection.java:logAndReturn(90)) - omNode-1@group-6C22E66A003A-LeaderElection3: ELECTION REJECTED received 0 response(s) and 2 exception(s):
2022-09-01 11:50:57,029 [omNode-1@group-6C22E66A003A-LeaderElection3] INFO  impl.LeaderElection (LogUtils.java:infoOrTrace(137)) -   Exception 0: java.util.concurrent.ExecutionException: org.apache.ratis.thirdparty.io.grpc.StatusRuntimeException: UNAVAILABLE: io exception
2022-09-01 11:50:57,029 [omNode-1@group-6C22E66A003A-LeaderElection3] INFO  impl.LeaderElection (LogUtils.java:infoOrTrace(137)) -   Exception 1: java.util.concurrent.ExecutionException: org.apache.ratis.thirdparty.io.grpc.StatusRuntimeException: UNAVAILABLE: io exception
2022-09-01 11:50:57,029 [omNode-1@group-6C22E66A003A-LeaderElection3] INFO  impl.LeaderElection (LeaderElection.java:askForVotes(312)) - omNode-1@group-6C22E66A003A-LeaderElection3 ELECTION round 0: result REJECTED
2022-09-01 11:50:57,029 [omNode-1@group-6C22E66A003A-LeaderElection3] INFO  server.RaftServer$Division (RaftServerImpl.java:setRole(299)) - omNode-1@group-6C22E66A003A: changes role from CANDIDATE to FOLLOWER at term 1 for REJECTED
2022-09-01 11:50:57,031 [omNode-1@group-6C22E66A003A-LeaderElection3] INFO  impl.RoleInfo (RoleInfo.java:shutdownLeaderElection(130)) - omNode-1: shutdown omNode-1@group-6C22E66A003A-LeaderElection3
2022-09-01 11:50:57,031 [omNode-1@group-6C22E66A003A-LeaderElection3] INFO  impl.RoleInfo (RoleInfo.java:updateAndGet(139)) - omNode-1: start omNode-1@group-6C22E66A003A-FollowerState
2022-09-01 11:50:57,105 [Listener at 127.0.0.1/45665] INFO  reflections.Reflections (Reflections.java:scan(232)) - Reflections took 764 ms to scan 19 urls, producing 67 keys and 4160 values [using 2 cores]
2022-09-01 11:50:57,107 [Listener at 127.0.0.1/45665] INFO  ipc.CallQueueManager (CallQueueManager.java:<init>(90)) - Using callQueue: class java.util.concurrent.LinkedBlockingQueue, queueCapacity: 2000, scheduler: class org.apache.hadoop.ipc.DefaultRpcScheduler, ipcBackoff: false.
2022-09-01 11:50:57,109 [Socket Reader #1 for port 43033] INFO  ipc.Server (Server.java:run(1265)) - Starting Socket Reader #1 for port 43033
2022-09-01 11:50:57,132 [Listener at 127.0.0.1/43033] INFO  impl.MetricsSystemImpl (MetricsSystemImpl.java:init(158)) - OzoneManager metrics system started (again)
2022-09-01 11:50:57,143 [Listener at 127.0.0.1/43033] INFO  om.OzoneManager (OzoneManager.java:start(1475)) - OzoneManager RPC server is listening at localhost/127.0.0.1:43033
2022-09-01 11:50:57,143 [Listener at 127.0.0.1/43033] INFO  ratis.OzoneManagerRatisServer (OzoneManagerRatisServer.java:start(554)) - Starting OzoneManagerRatisServer omNode-2 at port 46587
2022-09-01 11:50:57,143 [omNode-2-impl-thread1] INFO  server.RaftServer$Division (RaftServerImpl.java:start(310)) - omNode-2@group-6C22E66A003A: start as a follower, conf=-1: [omNode-3|rpc:localhost:34139|priority:0, omNode-1|rpc:localhost:33865|priority:0, omNode-2|rpc:localhost:46587|priority:0], old=null
2022-09-01 11:50:57,143 [omNode-2-impl-thread1] INFO  server.RaftServer$Division (RaftServerImpl.java:setRole(299)) - omNode-2@group-6C22E66A003A: changes role from      null to FOLLOWER at term 0 for startAsFollower
2022-09-01 11:50:57,143 [omNode-2-impl-thread1] INFO  impl.RoleInfo (RoleInfo.java:updateAndGet(139)) - omNode-2: start omNode-2@group-6C22E66A003A-FollowerState
2022-09-01 11:50:57,144 [omNode-2-impl-thread1] INFO  util.JmxRegister (JmxRegister.java:tryRegister(44)) - Successfully registered JMX Bean with object name Ratis:service=RaftServer,group=group-6C22E66A003A,id=omNode-2
2022-09-01 11:50:57,145 [Listener at 127.0.0.1/43033] INFO  server.RaftServer (RaftServerProxy.java:lambda$start$6(382)) - omNode-2: start RPC server
2022-09-01 11:50:57,152 [Listener at 127.0.0.1/43033] INFO  server.GrpcService (GrpcService.java:startImpl(260)) - omNode-2: GrpcService started, listening on 46587
2022-09-01 11:50:57,152 [Listener at 127.0.0.1/43033] INFO  om.OzoneManager (OzoneManager.java:start(1491)) - Version File has different layout version (3) than OM DB (null). That is expected if this OM has never been finalized to a newer layout version.
2022-09-01 11:50:57,153 [org.apache.ratis.util.JvmPauseMonitor$$Lambda$519/975069640@1754bbf6] INFO  util.JvmPauseMonitor (JvmPauseMonitor.java:run(103)) - JvmPauseMonitor-omNode-2: Started
2022-09-01 11:50:57,172 [Listener at 127.0.0.1/43033] INFO  http.BaseHttpServer (BaseHttpServer.java:newHttpServer2BuilderForOzone(213)) - Starting Web-server for ozoneManager at: http://0.0.0.0:46107
2022-09-01 11:50:57,172 [Listener at 127.0.0.1/43033] INFO  http.BaseHttpServer (BaseHttpServer.java:<init>(108)) - Hadoop Security Enabled: false Ozone Security Enabled: false Ozone HTTP Security Enabled: false 
2022-09-01 11:50:57,174 [Listener at 127.0.0.1/43033] INFO  server.AuthenticationFilter (AuthenticationFilter.java:constructSecretProvider(240)) - Unable to initialize FileSignerSecretProvider, falling back to use random secrets.
2022-09-01 11:50:57,178 [Listener at 127.0.0.1/43033] WARN  http.HttpRequestLog (HttpRequestLog.java:getRequestLog(103)) - Jetty request log can only be enabled using Log4j
2022-09-01 11:50:57,179 [Listener at 127.0.0.1/43033] INFO  http.HttpServer2 (HttpServer2.java:addGlobalFilter(1029)) - Added global filter 'safety' (class=org.apache.hadoop.hdds.server.http.HttpServer2$QuotingInputFilter)
2022-09-01 11:50:57,180 [Listener at 127.0.0.1/43033] INFO  http.HttpServer2 (HttpServer2.java:addFilter(1005)) - Added filter static_user_filter (class=org.apache.hadoop.http.lib.StaticUserWebFilter$StaticUserFilter) to context ozoneManager
2022-09-01 11:50:57,180 [Listener at 127.0.0.1/43033] INFO  http.HttpServer2 (HttpServer2.java:addFilter(1013)) - Added filter static_user_filter (class=org.apache.hadoop.http.lib.StaticUserWebFilter$StaticUserFilter) to context logs
2022-09-01 11:50:57,180 [Listener at 127.0.0.1/43033] INFO  http.HttpServer2 (HttpServer2.java:addFilter(1013)) - Added filter static_user_filter (class=org.apache.hadoop.http.lib.StaticUserWebFilter$StaticUserFilter) to context static
2022-09-01 11:50:57,181 [Listener at 127.0.0.1/43033] INFO  http.HttpServer2 (HttpServer2.java:bindListener(1248)) - Jetty bound to port 46107
2022-09-01 11:50:57,181 [Listener at 127.0.0.1/43033] INFO  server.Server (Server.java:doStart(375)) - jetty-9.4.43.v20210629; built: 2021-06-30T11:07:22.254Z; git: 526006ecfa3af7f1a27ef3a288e2bef7ea9dd7e8; jvm 1.8.0_345-b01
2022-09-01 11:50:57,183 [Listener at 127.0.0.1/43033] INFO  server.session (DefaultSessionIdManager.java:doStart(334)) - DefaultSessionIdManager workerName=node0
2022-09-01 11:50:57,183 [Listener at 127.0.0.1/43033] INFO  server.session (DefaultSessionIdManager.java:doStart(339)) - No SessionScavenger set, using defaults
2022-09-01 11:50:57,183 [Listener at 127.0.0.1/43033] INFO  server.session (HouseKeeper.java:startScavenging(132)) - node0 Scavenging every 600000ms
2022-09-01 11:50:57,184 [Listener at 127.0.0.1/43033] INFO  handler.ContextHandler (ContextHandler.java:doStart(915)) - Started o.e.j.s.ServletContextHandler@502bbeee{logs,/logs,file:///home/runner/work/ozone/ozone/hadoop-ozone/integration-test/target/log,AVAILABLE}
2022-09-01 11:50:57,184 [Listener at 127.0.0.1/43033] INFO  handler.ContextHandler (ContextHandler.java:doStart(915)) - Started o.e.j.s.ServletContextHandler@72ab5f11{static,/static,file:///home/runner/work/ozone/ozone/hadoop-ozone/integration-test/target/test-classes/webapps/static,AVAILABLE}
2022-09-01 11:50:57,188 [Listener at 127.0.0.1/43033] INFO  handler.ContextHandler (ContextHandler.java:doStart(915)) - Started o.e.j.w.WebAppContext@42630138{ozoneManager,/,file:///home/runner/work/ozone/ozone/hadoop-ozone/integration-test/target/test-classes/webapps/ozoneManager/,AVAILABLE}{file:/home/runner/work/ozone/ozone/hadoop-ozone/integration-test/target/test-classes/webapps/ozoneManager}
2022-09-01 11:50:57,189 [Listener at 127.0.0.1/43033] INFO  server.AbstractConnector (AbstractConnector.java:doStart(331)) - Started ServerConnector@275ff9bc{HTTP/1.1, (http/1.1)}{0.0.0.0:46107}
2022-09-01 11:50:57,190 [Listener at 127.0.0.1/43033] INFO  server.Server (Server.java:doStart(415)) - Started @22214ms
2022-09-01 11:50:57,190 [Listener at 127.0.0.1/43033] WARN  impl.MetricsSystemImpl (MetricsSystemImpl.java:register(279)) - Sink prometheus already exists!
2022-09-01 11:50:57,190 [Listener at 127.0.0.1/43033] INFO  http.BaseHttpServer (BaseHttpServer.java:updateConnectorAddress(333)) - HTTP server of ozoneManager listening at http://0.0.0.0:46107
2022-09-01 11:50:57,192 [IPC Server Responder] INFO  ipc.Server (Server.java:run(1507)) - IPC Server Responder: starting
2022-09-01 11:50:57,198 [IPC Server listener on 43033] INFO  ipc.Server (Server.java:run(1344)) - IPC Server listener on 43033: starting
2022-09-01 11:50:57,205 [Listener at 127.0.0.1/43033] INFO  om.OzoneManager (OzoneManager.java:startTrashEmptier(1912)) - Trash Interval set to 0. Files deleted won't move to trash
2022-09-01 11:50:57,206 [Listener at 127.0.0.1/43033] INFO  ozone.MiniOzoneHAClusterImpl (MiniOzoneHAClusterImpl.java:createOMService(527)) - Started OzoneManager omNode-2 RPC server at localhost/127.0.0.1:43033
2022-09-01 11:50:57,206 [Listener at 127.0.0.1/43033] INFO  ha.OMHANodeDetails (OMHANodeDetails.java:loadOMHAConfig(121)) - ServiceID for OzoneManager is omServiceId1
2022-09-01 11:50:57,207 [Listener at 127.0.0.1/43033] INFO  ha.OMHANodeDetails (OMHANodeDetails.java:loadOMHAConfig(201)) - Found matching OM address with OMServiceId: omServiceId1, OMNodeId: omNode-3, RPC Address: localhost:40551 and Ratis port: 34139
2022-09-01 11:50:57,207 [Listener at 127.0.0.1/43033] INFO  ha.OMHANodeDetails (ConfUtils.java:setNodeSpecificConfigs(97)) - Setting configuration key ozone.om.http-address with value of key ozone.om.http-address.omServiceId1.omNode-3: 127.0.0.1:44569
2022-09-01 11:50:57,207 [Listener at 127.0.0.1/43033] INFO  ha.OMHANodeDetails (ConfUtils.java:setNodeSpecificConfigs(97)) - Setting configuration key ozone.om.https-address with value of key ozone.om.https-address.omServiceId1.omNode-3: 127.0.0.1:38321
2022-09-01 11:50:57,207 [Listener at 127.0.0.1/43033] INFO  ha.OMHANodeDetails (ConfUtils.java:setNodeSpecificConfigs(97)) - Setting configuration key ozone.om.address with value of key ozone.om.address.omServiceId1.omNode-3: 127.0.0.1:40551
2022-09-01 11:50:57,207 [Listener at 127.0.0.1/43033] WARN  server.ServerUtils (ServerUtils.java:getDBPath(225)) - ozone.om.db.dirs is not configured. We recommend adding this setting. Falling back to ozone.metadata.dirs instead.
2022-09-01 11:50:57,208 [Listener at 127.0.0.1/43033] INFO  ha.SCMNodeInfo (SCMNodeInfo.java:getPort(197)) - ConfigKey ozone.scm.client.address is deprecated, For configuring different ports for each SCM use PortConfigKey ozone.scm.client.port appended with serviceId and nodeId
2022-09-01 11:50:57,208 [Listener at 127.0.0.1/43033] INFO  ha.SCMNodeInfo (SCMNodeInfo.java:getPort(197)) - ConfigKey ozone.scm.block.client.address is deprecated, For configuring different ports for each SCM use PortConfigKey ozone.scm.block.client.port appended with serviceId and nodeId
2022-09-01 11:50:57,208 [Listener at 127.0.0.1/43033] INFO  ha.SCMNodeInfo (SCMNodeInfo.java:getPort(197)) - ConfigKey ozone.scm.datanode.address is deprecated, For configuring different ports for each SCM use PortConfigKey ozone.scm.datanode.port appended with serviceId and nodeId
2022-09-01 11:50:57,209 [Listener at 127.0.0.1/43033] INFO  ha.SCMNodeInfo (SCMNodeInfo.java:getPort(197)) - ConfigKey ozone.scm.client.address is deprecated, For configuring different ports for each SCM use PortConfigKey ozone.scm.client.port appended with serviceId and nodeId
2022-09-01 11:50:57,209 [Listener at 127.0.0.1/43033] INFO  ha.SCMNodeInfo (SCMNodeInfo.java:getPort(197)) - ConfigKey ozone.scm.block.client.address is deprecated, For configuring different ports for each SCM use PortConfigKey ozone.scm.block.client.port appended with serviceId and nodeId
2022-09-01 11:50:57,209 [Listener at 127.0.0.1/43033] INFO  ha.SCMNodeInfo (SCMNodeInfo.java:getPort(197)) - ConfigKey ozone.scm.datanode.address is deprecated, For configuring different ports for each SCM use PortConfigKey ozone.scm.datanode.port appended with serviceId and nodeId
2022-09-01 11:50:57,209 [Listener at 127.0.0.1/43033] INFO  ha.SCMNodeInfo (SCMNodeInfo.java:getPort(197)) - ConfigKey ozone.scm.client.address is deprecated, For configuring different ports for each SCM use PortConfigKey ozone.scm.client.port appended with serviceId and nodeId
2022-09-01 11:50:57,209 [Listener at 127.0.0.1/43033] INFO  ha.SCMNodeInfo (SCMNodeInfo.java:getPort(197)) - ConfigKey ozone.scm.block.client.address is deprecated, For configuring different ports for each SCM use PortConfigKey ozone.scm.block.client.port appended with serviceId and nodeId
2022-09-01 11:50:57,209 [Listener at 127.0.0.1/43033] INFO  ha.SCMNodeInfo (SCMNodeInfo.java:getPort(197)) - ConfigKey ozone.scm.datanode.address is deprecated, For configuring different ports for each SCM use PortConfigKey ozone.scm.datanode.port appended with serviceId and nodeId
2022-09-01 11:50:57,209 [Listener at 127.0.0.1/43033] INFO  proxy.SCMBlockLocationFailoverProxyProvider (SCMBlockLocationFailoverProxyProvider.java:<init>(114)) - Created block location fail-over proxy with 3 nodes: [nodeId=scmNode-2,nodeAddress=/127.0.0.1:40239, nodeId=scmNode-3,nodeAddress=/127.0.0.1:35923, nodeId=scmNode-1,nodeAddress=/127.0.0.1:45865]
2022-09-01 11:50:57,210 [org.apache.hadoop.util.JvmPauseMonitor$Monitor@519760dc] INFO  util.JvmPauseMonitor (JvmPauseMonitor.java:run(188)) - Starting JVM pause monitor
OM initialization succeeded.Current cluster id for sd=/home/runner/work/ozone/ozone/hadoop-ozone/integration-test/target/test-dir/MiniOzoneClusterImpl-a1c451f0-9b10-458f-87dd-1ed43301bce6/omNode-3/om;cid=a1c451f0-9b10-458f-87dd-1ed43301bce6;layoutVersion=3
2022-09-01 11:50:57,215 [Listener at 127.0.0.1/43033] INFO  ha.OMHANodeDetails (OMHANodeDetails.java:loadOMHAConfig(121)) - ServiceID for OzoneManager is omServiceId1
2022-09-01 11:50:57,216 [Listener at 127.0.0.1/43033] INFO  ha.OMHANodeDetails (OMHANodeDetails.java:loadOMHAConfig(201)) - Found matching OM address with OMServiceId: omServiceId1, OMNodeId: omNode-3, RPC Address: localhost:40551 and Ratis port: 34139
2022-09-01 11:50:57,216 [Listener at 127.0.0.1/43033] INFO  ha.OMHANodeDetails (ConfUtils.java:setNodeSpecificConfigs(97)) - Setting configuration key ozone.om.http-address with value of key ozone.om.http-address.omServiceId1.omNode-3: 127.0.0.1:44569
2022-09-01 11:50:57,216 [Listener at 127.0.0.1/43033] INFO  ha.OMHANodeDetails (ConfUtils.java:setNodeSpecificConfigs(97)) - Setting configuration key ozone.om.https-address with value of key ozone.om.https-address.omServiceId1.omNode-3: 127.0.0.1:38321
2022-09-01 11:50:57,216 [Listener at 127.0.0.1/43033] INFO  ha.OMHANodeDetails (ConfUtils.java:setNodeSpecificConfigs(97)) - Setting configuration key ozone.om.address with value of key ozone.om.address.omServiceId1.omNode-3: 127.0.0.1:40551
2022-09-01 11:50:57,216 [Listener at 127.0.0.1/43033] WARN  server.ServerUtils (ServerUtils.java:getDBPath(225)) - ozone.om.db.dirs is not configured. We recommend adding this setting. Falling back to ozone.metadata.dirs instead.
2022-09-01 11:50:57,217 [Listener at 127.0.0.1/43033] INFO  upgrade.AbstractLayoutVersionManager (AbstractLayoutVersionManager.java:init(83)) - Initializing Layout version manager with metadata layout = MULTITENANCY_SCHEMA (version = 3), software layout = MULTITENANCY_SCHEMA (version = 3)
2022-09-01 11:50:57,290 [Listener at 127.0.0.1/43033] INFO  reflections.Reflections (Reflections.java:scan(232)) - Reflections took 72 ms to scan 2 urls, producing 153 keys and 427 values [using 2 cores]
2022-09-01 11:50:57,290 [Listener at 127.0.0.1/43033] INFO  upgrade.OMLayoutVersionManager (OMLayoutVersionManager.java:lambda$0(115)) - Skipping Upgrade Action MockOmUpgradeAction since it has been finalized.
2022-09-01 11:50:57,291 [Listener at 127.0.0.1/43033] WARN  server.ServerUtils (ServerUtils.java:getDBPath(225)) - ozone.om.db.dirs is not configured. We recommend adding this setting. Falling back to ozone.metadata.dirs instead.
2022-09-01 11:50:57,291 [Listener at 127.0.0.1/43033] INFO  ha.SCMNodeInfo (SCMNodeInfo.java:getPort(197)) - ConfigKey ozone.scm.client.address is deprecated, For configuring different ports for each SCM use PortConfigKey ozone.scm.client.port appended with serviceId and nodeId
2022-09-01 11:50:57,291 [Listener at 127.0.0.1/43033] INFO  ha.SCMNodeInfo (SCMNodeInfo.java:getPort(197)) - ConfigKey ozone.scm.block.client.address is deprecated, For configuring different ports for each SCM use PortConfigKey ozone.scm.block.client.port appended with serviceId and nodeId
2022-09-01 11:50:57,291 [Listener at 127.0.0.1/43033] INFO  ha.SCMNodeInfo (SCMNodeInfo.java:getPort(197)) - ConfigKey ozone.scm.datanode.address is deprecated, For configuring different ports for each SCM use PortConfigKey ozone.scm.datanode.port appended with serviceId and nodeId
2022-09-01 11:50:57,291 [Listener at 127.0.0.1/43033] INFO  ha.SCMNodeInfo (SCMNodeInfo.java:getPort(197)) - ConfigKey ozone.scm.client.address is deprecated, For configuring different ports for each SCM use PortConfigKey ozone.scm.client.port appended with serviceId and nodeId
2022-09-01 11:50:57,291 [Listener at 127.0.0.1/43033] INFO  ha.SCMNodeInfo (SCMNodeInfo.java:getPort(197)) - ConfigKey ozone.scm.block.client.address is deprecated, For configuring different ports for each SCM use PortConfigKey ozone.scm.block.client.port appended with serviceId and nodeId
2022-09-01 11:50:57,292 [Listener at 127.0.0.1/43033] INFO  ha.SCMNodeInfo (SCMNodeInfo.java:getPort(197)) - ConfigKey ozone.scm.datanode.address is deprecated, For configuring different ports for each SCM use PortConfigKey ozone.scm.datanode.port appended with serviceId and nodeId
2022-09-01 11:50:57,292 [Listener at 127.0.0.1/43033] INFO  ha.SCMNodeInfo (SCMNodeInfo.java:getPort(197)) - ConfigKey ozone.scm.client.address is deprecated, For configuring different ports for each SCM use PortConfigKey ozone.scm.client.port appended with serviceId and nodeId
2022-09-01 11:50:57,292 [Listener at 127.0.0.1/43033] INFO  ha.SCMNodeInfo (SCMNodeInfo.java:getPort(197)) - ConfigKey ozone.scm.block.client.address is deprecated, For configuring different ports for each SCM use PortConfigKey ozone.scm.block.client.port appended with serviceId and nodeId
2022-09-01 11:50:57,292 [Listener at 127.0.0.1/43033] INFO  ha.SCMNodeInfo (SCMNodeInfo.java:getPort(197)) - ConfigKey ozone.scm.datanode.address is deprecated, For configuring different ports for each SCM use PortConfigKey ozone.scm.datanode.port appended with serviceId and nodeId
2022-09-01 11:50:57,292 [Listener at 127.0.0.1/43033] INFO  ha.SCMNodeInfo (SCMNodeInfo.java:getPort(197)) - ConfigKey ozone.scm.client.address is deprecated, For configuring different ports for each SCM use PortConfigKey ozone.scm.client.port appended with serviceId and nodeId
2022-09-01 11:50:57,292 [Listener at 127.0.0.1/43033] INFO  ha.SCMNodeInfo (SCMNodeInfo.java:getPort(197)) - ConfigKey ozone.scm.block.client.address is deprecated, For configuring different ports for each SCM use PortConfigKey ozone.scm.block.client.port appended with serviceId and nodeId
2022-09-01 11:50:57,292 [Listener at 127.0.0.1/43033] INFO  ha.SCMNodeInfo (SCMNodeInfo.java:getPort(197)) - ConfigKey ozone.scm.datanode.address is deprecated, For configuring different ports for each SCM use PortConfigKey ozone.scm.datanode.port appended with serviceId and nodeId
2022-09-01 11:50:57,292 [Listener at 127.0.0.1/43033] INFO  ha.SCMNodeInfo (SCMNodeInfo.java:getPort(197)) - ConfigKey ozone.scm.client.address is deprecated, For configuring different ports for each SCM use PortConfigKey ozone.scm.client.port appended with serviceId and nodeId
2022-09-01 11:50:57,292 [Listener at 127.0.0.1/43033] INFO  ha.SCMNodeInfo (SCMNodeInfo.java:getPort(197)) - ConfigKey ozone.scm.block.client.address is deprecated, For configuring different ports for each SCM use PortConfigKey ozone.scm.block.client.port appended with serviceId and nodeId
2022-09-01 11:50:57,292 [Listener at 127.0.0.1/43033] INFO  ha.SCMNodeInfo (SCMNodeInfo.java:getPort(197)) - ConfigKey ozone.scm.datanode.address is deprecated, For configuring different ports for each SCM use PortConfigKey ozone.scm.datanode.port appended with serviceId and nodeId
2022-09-01 11:50:57,293 [Listener at 127.0.0.1/43033] INFO  ha.SCMNodeInfo (SCMNodeInfo.java:getPort(197)) - ConfigKey ozone.scm.client.address is deprecated, For configuring different ports for each SCM use PortConfigKey ozone.scm.client.port appended with serviceId and nodeId
2022-09-01 11:50:57,293 [Listener at 127.0.0.1/43033] INFO  ha.SCMNodeInfo (SCMNodeInfo.java:getPort(197)) - ConfigKey ozone.scm.block.client.address is deprecated, For configuring different ports for each SCM use PortConfigKey ozone.scm.block.client.port appended with serviceId and nodeId
2022-09-01 11:50:57,293 [Listener at 127.0.0.1/43033] INFO  ha.SCMNodeInfo (SCMNodeInfo.java:getPort(197)) - ConfigKey ozone.scm.datanode.address is deprecated, For configuring different ports for each SCM use PortConfigKey ozone.scm.datanode.port appended with serviceId and nodeId
2022-09-01 11:50:57,293 [Listener at 127.0.0.1/43033] INFO  proxy.SCMBlockLocationFailoverProxyProvider (SCMBlockLocationFailoverProxyProvider.java:<init>(114)) - Created block location fail-over proxy with 3 nodes: [nodeId=scmNode-2,nodeAddress=/127.0.0.1:40239, nodeId=scmNode-3,nodeAddress=/127.0.0.1:35923, nodeId=scmNode-1,nodeAddress=/127.0.0.1:45865]
2022-09-01 11:50:57,294 [Listener at 127.0.0.1/43033] INFO  ha.SCMNodeInfo (SCMNodeInfo.java:getPort(197)) - ConfigKey ozone.scm.client.address is deprecated, For configuring different ports for each SCM use PortConfigKey ozone.scm.client.port appended with serviceId and nodeId
2022-09-01 11:50:57,294 [Listener at 127.0.0.1/43033] INFO  ha.SCMNodeInfo (SCMNodeInfo.java:getPort(197)) - ConfigKey ozone.scm.block.client.address is deprecated, For configuring different ports for each SCM use PortConfigKey ozone.scm.block.client.port appended with serviceId and nodeId
2022-09-01 11:50:57,294 [Listener at 127.0.0.1/43033] INFO  ha.SCMNodeInfo (SCMNodeInfo.java:getPort(197)) - ConfigKey ozone.scm.datanode.address is deprecated, For configuring different ports for each SCM use PortConfigKey ozone.scm.datanode.port appended with serviceId and nodeId
2022-09-01 11:50:57,294 [Listener at 127.0.0.1/43033] INFO  ha.SCMNodeInfo (SCMNodeInfo.java:getPort(197)) - ConfigKey ozone.scm.client.address is deprecated, For configuring different ports for each SCM use PortConfigKey ozone.scm.client.port appended with serviceId and nodeId
2022-09-01 11:50:57,295 [Listener at 127.0.0.1/43033] INFO  ha.SCMNodeInfo (SCMNodeInfo.java:getPort(197)) - ConfigKey ozone.scm.block.client.address is deprecated, For configuring different ports for each SCM use PortConfigKey ozone.scm.block.client.port appended with serviceId and nodeId
2022-09-01 11:50:57,295 [Listener at 127.0.0.1/43033] INFO  ha.SCMNodeInfo (SCMNodeInfo.java:getPort(197)) - ConfigKey ozone.scm.datanode.address is deprecated, For configuring different ports for each SCM use PortConfigKey ozone.scm.datanode.port appended with serviceId and nodeId
2022-09-01 11:50:57,295 [Listener at 127.0.0.1/43033] INFO  ha.SCMNodeInfo (SCMNodeInfo.java:getPort(197)) - ConfigKey ozone.scm.client.address is deprecated, For configuring different ports for each SCM use PortConfigKey ozone.scm.client.port appended with serviceId and nodeId
2022-09-01 11:50:57,295 [Listener at 127.0.0.1/43033] INFO  ha.SCMNodeInfo (SCMNodeInfo.java:getPort(197)) - ConfigKey ozone.scm.block.client.address is deprecated, For configuring different ports for each SCM use PortConfigKey ozone.scm.block.client.port appended with serviceId and nodeId
2022-09-01 11:50:57,295 [Listener at 127.0.0.1/43033] INFO  ha.SCMNodeInfo (SCMNodeInfo.java:getPort(197)) - ConfigKey ozone.scm.datanode.address is deprecated, For configuring different ports for each SCM use PortConfigKey ozone.scm.datanode.port appended with serviceId and nodeId
2022-09-01 11:50:57,295 [Listener at 127.0.0.1/43033] INFO  proxy.SCMBlockLocationFailoverProxyProvider (SCMBlockLocationFailoverProxyProvider.java:<init>(114)) - Created block location fail-over proxy with 3 nodes: [nodeId=scmNode-2,nodeAddress=/127.0.0.1:40239, nodeId=scmNode-3,nodeAddress=/127.0.0.1:35923, nodeId=scmNode-1,nodeAddress=/127.0.0.1:45865]
2022-09-01 11:50:57,304 [Listener at 127.0.0.1/43033] WARN  server.ServerUtils (ServerUtils.java:getDBPath(225)) - ozone.om.db.dirs is not configured. We recommend adding this setting. Falling back to ozone.metadata.dirs instead.
2022-09-01 11:50:57,304 [Listener at 127.0.0.1/43033] INFO  codec.OmKeyInfoCodec (OmKeyInfoCodec.java:<init>(49)) - OmKeyInfoCodec ignorePipeline = true
2022-09-01 11:50:57,304 [Listener at 127.0.0.1/43033] INFO  codec.RepeatedOmKeyInfoCodec (RepeatedOmKeyInfoCodec.java:<init>(41)) - RepeatedOmKeyInfoCodec ignorePipeline = true
2022-09-01 11:50:57,497 [Listener at 127.0.0.1/43033] INFO  om.OzoneManager (OzoneManager.java:instantiateServices(702)) - S3 Multi-Tenancy is disabled
2022-09-01 11:50:57,502 [Listener at 127.0.0.1/43033] INFO  om.OzoneManager (OzoneManager.java:addS3GVolumeToDB(4307)) - Created Volume s3v With Owner runner required for S3Gateway operations.
2022-09-01 11:50:57,502 [Listener at 127.0.0.1/43033] WARN  server.ServerUtils (ServerUtils.java:getDefaultRatisDirectory(237)) - Storage directory for Ratis is not configured. It is a good idea to map this to an SSD disk. Falling back to ozone.metadata.dirs
2022-09-01 11:50:57,502 [Listener at 127.0.0.1/43033] WARN  utils.OzoneManagerRatisUtils (OzoneManagerRatisUtils.java:getOMRatisSnapshotDirectory(434)) - ozone.om.ratis.snapshot.dir is not configured. Falling back to ozone.metadata.dirs config
2022-09-01 11:50:57,503 [Listener at 127.0.0.1/43033] INFO  snapshot.OzoneManagerSnapshotProvider (OzoneManagerSnapshotProvider.java:<init>(76)) - Initializing OM Snapshot Provider
2022-09-01 11:50:57,504 [Listener at 127.0.0.1/43033] WARN  impl.MetricRegistriesImpl (MetricRegistriesImpl.java:addReporterRegistration(111)) - New reporters are added after registries were created. Some metrics will be missing from the reporter. Please add reporter before adding any new registry.
2022-09-01 11:50:57,504 [Listener at 127.0.0.1/43033] WARN  impl.MetricRegistriesImpl (MetricRegistriesImpl.java:addReporterRegistration(111)) - New reporters are added after registries were created. Some metrics will be missing from the reporter. Please add reporter before adding any new registry.
2022-09-01 11:50:57,504 [Listener at 127.0.0.1/43033] WARN  server.ServerUtils (ServerUtils.java:getDefaultRatisDirectory(237)) - Storage directory for Ratis is not configured. It is a good idea to map this to an SSD disk. Falling back to ozone.metadata.dirs
2022-09-01 11:50:57,505 [Listener at 127.0.0.1/43033] INFO  ratis.OzoneManagerRatisServer (OzoneManagerRatisServer.java:<init>(159)) - Instantiating OM Ratis server with groupID: omServiceId1 and peers: localhost:34139, localhost:33865, localhost:46587
2022-09-01 11:50:57,506 [Listener at 127.0.0.1/43033] INFO  ratis.OzoneManagerStateMachine (OzoneManagerStateMachine.java:loadSnapshotInfoFromDB(632)) - LastAppliedIndex is set from TransactionInfo from OM DB as (t:0, i:~)
2022-09-01 11:50:57,506 [Listener at 127.0.0.1/43033] INFO  server.RaftServer (ConfUtils.java:logGet(46)) - raft.rpc.type = GRPC (default)
2022-09-01 11:50:57,506 [Listener at 127.0.0.1/43033] INFO  grpc.GrpcFactory (GrpcFactory.java:checkPooledByteBufAllocatorUseCacheForAllThreads(48)) - PERFORMANCE WARNING: useCacheForAllThreads is true that may cause Netty to create a lot garbage objects and, as a result, trigger GC.
	It is recommended to disable useCacheForAllThreads by setting -Dorg.apache.ratis.thirdparty.io.netty.allocator.useCacheForAllThreads=false in command line.
2022-09-01 11:50:57,506 [Listener at 127.0.0.1/43033] INFO  grpc.GrpcConfigKeys (ConfUtils.java:logGet(46)) - raft.grpc.admin.port = -1 (default)
2022-09-01 11:50:57,506 [Listener at 127.0.0.1/43033] INFO  grpc.GrpcConfigKeys (ConfUtils.java:logGet(46)) - raft.grpc.server.port = 34139 (custom)
2022-09-01 11:50:57,507 [Listener at 127.0.0.1/43033] INFO  grpc.GrpcConfigKeys (ConfUtils.java:logGet(46)) - raft.grpc.client.port = -1 (default)
2022-09-01 11:50:57,507 [Listener at 127.0.0.1/43033] INFO  grpc.GrpcConfigKeys (ConfUtils.java:logGet(46)) - raft.grpc.server.port = 34139 (custom)
2022-09-01 11:50:57,507 [Listener at 127.0.0.1/43033] INFO  grpc.GrpcConfigKeys (ConfUtils.java:logGet(46)) - raft.grpc.server.port = 34139 (custom)
2022-09-01 11:50:57,507 [Listener at 127.0.0.1/43033] INFO  server.GrpcService (ConfUtils.java:logGet(46)) - raft.grpc.message.size.max = 33554432 (custom)
2022-09-01 11:50:57,507 [Listener at 127.0.0.1/43033] INFO  server.RaftServerConfigKeys (ConfUtils.java:logGet(46)) - raft.server.log.appender.buffer.byte-limit = 33554432 (custom)
2022-09-01 11:50:57,507 [Listener at 127.0.0.1/43033] INFO  server.GrpcService (ConfUtils.java:logGet(46)) - raft.grpc.flow.control.window = 1MB (=1048576) (default)
2022-09-01 11:50:57,507 [Listener at 127.0.0.1/43033] INFO  server.RaftServerConfigKeys (ConfUtils.java:logGet(46)) - raft.server.rpc.request.timeout = 3000ms (default)
2022-09-01 11:50:57,507 [Listener at 127.0.0.1/43033] INFO  grpc.GrpcConfigKeys (ConfUtils.java:logGet(46)) - raft.grpc.server.async.request.thread.pool.cached = true (default)
2022-09-01 11:50:57,507 [Listener at 127.0.0.1/43033] INFO  grpc.GrpcConfigKeys (ConfUtils.java:logGet(46)) - raft.grpc.server.async.request.thread.pool.size = 32 (default)
2022-09-01 11:50:57,509 [Listener at 127.0.0.1/43033] INFO  impl.DataStreamServerImpl (ConfUtils.java:logGet(46)) - raft.datastream.type = DISABLED (default)
2022-09-01 11:50:57,509 [Listener at 127.0.0.1/43033] INFO  server.RaftServerConfigKeys (ConfUtils.java:logGet(46)) - raft.server.threadpool.proxy.cached = true (default)
2022-09-01 11:50:57,509 [Listener at 127.0.0.1/43033] INFO  server.RaftServerConfigKeys (ConfUtils.java:logGet(46)) - raft.server.threadpool.proxy.size = 0 (default)
2022-09-01 11:50:57,509 [Listener at 127.0.0.1/43033] INFO  server.RaftServerConfigKeys (ConfUtils.java:logGet(46)) - raft.server.rpc.slowness.timeout = 2s (custom)
2022-09-01 11:50:57,509 [Listener at 127.0.0.1/43033] INFO  server.RaftServerConfigKeys (ConfUtils.java:logGet(46)) - raft.server.leaderelection.leader.step-down.wait-time = 10s (default)
2022-09-01 11:50:57,510 [Listener at 127.0.0.1/43033] INFO  server.RaftServerConfigKeys (ConfUtils.java:logGet(46)) - raft.server.storage.dir = [/home/runner/work/ozone/ozone/hadoop-ozone/integration-test/target/test-dir/MiniOzoneClusterImpl-a1c451f0-9b10-458f-87dd-1ed43301bce6/omNode-3/ratis] (custom)
2022-09-01 11:50:57,511 [Listener at 127.0.0.1/43033] INFO  server.RaftServer (RaftServerProxy.java:addNew(96)) - omNode-3: addNew group-6C22E66A003A:[omNode-3|rpc:localhost:34139|priority:0, omNode-1|rpc:localhost:33865|priority:0, omNode-2|rpc:localhost:46587|priority:0] returns group-6C22E66A003A:java.util.concurrent.CompletableFuture@4a7e9b66[Not completed]
2022-09-01 11:50:57,511 [pool-175-thread-1] INFO  server.RaftServer$Division (RaftServerImpl.java:<init>(190)) - omNode-3: new RaftServerImpl for group-6C22E66A003A:[omNode-3|rpc:localhost:34139|priority:0, omNode-1|rpc:localhost:33865|priority:0, omNode-2|rpc:localhost:46587|priority:0] with OzoneManagerStateMachine:uninitialized
2022-09-01 11:50:57,511 [Listener at 127.0.0.1/43033] INFO  om.OzoneManager (OzoneManager.java:initializeRatisServer(1968)) - OzoneManager Ratis server initialized at port 34139
2022-09-01 11:50:57,511 [pool-175-thread-1] INFO  server.RaftServerConfigKeys (ConfUtils.java:logGet(46)) - raft.server.rpc.timeout.min = 1s (custom)
2022-09-01 11:50:57,512 [Listener at 127.0.0.1/43033] INFO  om.OzoneManager (OzoneManager.java:getRpcServer(1091)) - Creating RPC Server
2022-09-01 11:50:57,524 [pool-175-thread-1] INFO  server.RaftServerConfigKeys (ConfUtils.java:logGet(46)) - raft.server.rpc.timeout.max = 1200ms (custom)
2022-09-01 11:50:57,525 [pool-175-thread-1] INFO  server.RaftServerConfigKeys (ConfUtils.java:logGet(46)) - raft.server.rpc.sleep.time = 25ms (default)
2022-09-01 11:50:57,525 [pool-175-thread-1] INFO  server.RaftServerConfigKeys (ConfUtils.java:logGet(46)) - raft.server.rpc.slowness.timeout = 2s (custom)
2022-09-01 11:50:57,525 [pool-175-thread-1] INFO  server.RaftServerConfigKeys (ConfUtils.java:logGet(46)) - raft.server.leaderelection.leader.step-down.wait-time = 10s (default)
2022-09-01 11:50:57,525 [pool-175-thread-1] INFO  server.RaftServerConfigKeys (ConfUtils.java:logGet(46)) - raft.server.sleep.deviation.threshold = 300ms (default)
2022-09-01 11:50:57,525 [pool-175-thread-1] INFO  server.RaftServer$Division (ServerState.java:<init>(107)) - omNode-3@group-6C22E66A003A: ConfigurationManager, init=-1: [omNode-3|rpc:localhost:34139|priority:0, omNode-1|rpc:localhost:33865|priority:0, omNode-2|rpc:localhost:46587|priority:0], old=null, confs=<EMPTY_MAP>
2022-09-01 11:50:57,525 [pool-175-thread-1] INFO  server.RaftServerConfigKeys (ConfUtils.java:logGet(46)) - raft.server.storage.dir = [/home/runner/work/ozone/ozone/hadoop-ozone/integration-test/target/test-dir/MiniOzoneClusterImpl-a1c451f0-9b10-458f-87dd-1ed43301bce6/omNode-3/ratis] (custom)
2022-09-01 11:50:57,525 [pool-175-thread-1] INFO  server.RaftServerConfigKeys (ConfUtils.java:logGet(46)) - raft.server.log.corruption.policy = EXCEPTION (default)
2022-09-01 11:50:57,525 [pool-175-thread-1] INFO  server.RaftServerConfigKeys (ConfUtils.java:logGet(46)) - raft.server.storage.free-space.min = 0MB (=0) (default)
2022-09-01 11:50:57,526 [pool-175-thread-1] INFO  storage.RaftStorageDirectory (RaftStorageDirectoryImpl.java:analyzeStorage(135)) - The storage directory /home/runner/work/ozone/ozone/hadoop-ozone/integration-test/target/test-dir/MiniOzoneClusterImpl-a1c451f0-9b10-458f-87dd-1ed43301bce6/omNode-3/ratis/9c9825ce-8ba7-3ee6-a7c3-6c22e66a003a does not exist. Creating ...
2022-09-01 11:50:57,529 [pool-175-thread-1] INFO  storage.RaftStorageDirectory (RaftStorageDirectoryImpl.java:tryLock(230)) - Lock on /home/runner/work/ozone/ozone/hadoop-ozone/integration-test/target/test-dir/MiniOzoneClusterImpl-a1c451f0-9b10-458f-87dd-1ed43301bce6/omNode-3/ratis/9c9825ce-8ba7-3ee6-a7c3-6c22e66a003a/in_use.lock acquired by nodename 25235@fv-az459-356
2022-09-01 11:50:57,534 [pool-175-thread-1] INFO  storage.RaftStorage (RaftStorageImpl.java:format(89)) - Storage directory /home/runner/work/ozone/ozone/hadoop-ozone/integration-test/target/test-dir/MiniOzoneClusterImpl-a1c451f0-9b10-458f-87dd-1ed43301bce6/omNode-3/ratis/9c9825ce-8ba7-3ee6-a7c3-6c22e66a003a has been successfully formatted.
2022-09-01 11:50:57,534 [pool-175-thread-1] INFO  server.RaftServerConfigKeys (ConfUtils.java:logGet(46)) - raft.server.notification.no-leader.timeout = 2s (custom)
2022-09-01 11:50:57,534 [pool-175-thread-1] INFO  server.RaftServerConfigKeys (ConfUtils.java:logGet(46)) - raft.server.log.use.memory = false (default)
2022-09-01 11:50:57,534 [pool-175-thread-1] INFO  server.RaftServerConfigKeys (ConfUtils.java:logGet(46)) - raft.server.log.purge.gap = 1000000 (custom)
2022-09-01 11:50:57,534 [pool-175-thread-1] INFO  server.RaftServerConfigKeys (ConfUtils.java:logGet(46)) - raft.server.log.appender.buffer.byte-limit = 33554432 (custom)
2022-09-01 11:50:57,534 [pool-175-thread-1] INFO  server.RaftServerConfigKeys (ConfUtils.java:logGet(46)) - raft.server.log.statemachine.data.read.timeout = 1000ms (default)
2022-09-01 11:50:57,535 [pool-175-thread-1] INFO  server.RaftServerConfigKeys (ConfUtils.java:logGet(46)) - raft.server.log.segment.size.max = 4194304 (custom)
2022-09-01 11:50:57,535 [pool-175-thread-1] INFO  server.RaftServerConfigKeys (ConfUtils.java:logGet(46)) - raft.server.log.segment.cache.num.max = 2 (custom)
2022-09-01 11:50:57,535 [pool-175-thread-1] INFO  server.RaftServerConfigKeys (ConfUtils.java:logGet(46)) - raft.server.log.segment.cache.size.max = 200MB (=209715200) (default)
2022-09-01 11:50:57,535 [pool-175-thread-1] INFO  segmented.SegmentedRaftLogWorker (SegmentedRaftLogWorker.java:<init>(187)) - new omNode-3@group-6C22E66A003A-SegmentedRaftLogWorker for RaftStorageImpl:Storage Directory /home/runner/work/ozone/ozone/hadoop-ozone/integration-test/target/test-dir/MiniOzoneClusterImpl-a1c451f0-9b10-458f-87dd-1ed43301bce6/omNode-3/ratis/9c9825ce-8ba7-3ee6-a7c3-6c22e66a003a
2022-09-01 11:50:57,536 [pool-175-thread-1] INFO  server.RaftServerConfigKeys (ConfUtils.java:logGet(46)) - raft.server.log.queue.byte-limit = 64MB (=67108864) (default)
2022-09-01 11:50:57,536 [pool-175-thread-1] INFO  server.RaftServerConfigKeys (ConfUtils.java:logGet(46)) - raft.server.log.queue.element-limit = 4096 (default)
2022-09-01 11:50:57,536 [pool-175-thread-1] INFO  server.RaftServerConfigKeys (ConfUtils.java:logGet(46)) - raft.server.log.segment.size.max = 4194304 (custom)
2022-09-01 11:50:57,536 [pool-175-thread-1] INFO  server.RaftServerConfigKeys (ConfUtils.java:logGet(46)) - raft.server.log.preallocated.size = 4194304 (custom)
2022-09-01 11:50:57,536 [pool-175-thread-1] INFO  server.RaftServerConfigKeys (ConfUtils.java:logGet(46)) - raft.server.log.force.sync.num = 128 (default)
2022-09-01 11:50:57,536 [pool-175-thread-1] INFO  server.RaftServerConfigKeys (ConfUtils.java:logGet(46)) - raft.server.log.statemachine.data.sync = true (default)
2022-09-01 11:50:57,536 [pool-175-thread-1] INFO  server.RaftServerConfigKeys (ConfUtils.java:logGet(46)) - raft.server.log.statemachine.data.sync.timeout = 10s (default)
2022-09-01 11:50:57,536 [pool-175-thread-1] INFO  server.RaftServerConfigKeys (ConfUtils.java:logGet(46)) - raft.server.log.statemachine.data.sync.timeout.retry = -1 (default)
2022-09-01 11:50:57,538 [pool-175-thread-1] INFO  server.RaftServerConfigKeys (ConfUtils.java:logGet(46)) - raft.server.log.write.buffer.size = 64KB (=65536) (default)
2022-09-01 11:50:57,538 [pool-175-thread-1] INFO  server.RaftServerConfigKeys (ConfUtils.java:logGet(46)) - raft.server.log.unsafe-flush.enabled = false (default)
2022-09-01 11:50:57,538 [pool-175-thread-1] INFO  server.RaftServerConfigKeys (ConfUtils.java:logGet(46)) - raft.server.log.statemachine.data.caching.enabled = false (default)
2022-09-01 11:50:57,538 [pool-175-thread-1] INFO  segmented.SegmentedRaftLogWorker (SegmentedRaftLogWorker.java:lambda$new$0(135)) - omNode-3@group-6C22E66A003A-SegmentedRaftLogWorker: flushIndex: setUnconditionally 0 -> -1
2022-09-01 11:50:57,538 [pool-175-thread-1] INFO  segmented.SegmentedRaftLogWorker (SegmentedRaftLogWorker.java:lambda$new$0(135)) - omNode-3@group-6C22E66A003A-SegmentedRaftLogWorker: safeCacheEvictIndex: setUnconditionally 0 -> -1
2022-09-01 11:50:57,543 [pool-175-thread-1] INFO  server.RaftServerConfigKeys (ConfUtils.java:logGet(46)) - raft.server.snapshot.auto.trigger.enabled = true (custom)
2022-09-01 11:50:57,544 [pool-175-thread-1] INFO  server.RaftServerConfigKeys (ConfUtils.java:logGet(46)) - raft.server.snapshot.auto.trigger.threshold = 400000 (default)
2022-09-01 11:50:57,544 [pool-175-thread-1] INFO  server.RaftServerConfigKeys (ConfUtils.java:logGet(46)) - raft.server.snapshot.retention.file.num = -1 (default)
2022-09-01 11:50:57,544 [pool-175-thread-1] INFO  server.RaftServerConfigKeys (ConfUtils.java:logGet(46)) - raft.server.log.purge.upto.snapshot.index = true (custom)
2022-09-01 11:50:57,544 [pool-175-thread-1] INFO  server.RaftServerConfigKeys (ConfUtils.java:logGet(46)) - raft.server.retrycache.expirytime = 300s (custom)
2022-09-01 11:50:57,544 [pool-175-thread-1] INFO  server.RaftServerConfigKeys (ConfUtils.java:logGet(46)) - raft.server.retrycache.statistics.expirytime = 100μs (default)
2022-09-01 11:50:57,545 [pool-175-thread-1] INFO  server.RaftServerConfigKeys (ConfUtils.java:logGet(46)) - raft.server.log.appender.install.snapshot.enabled = false (custom)
2022-09-01 11:50:57,546 [pool-175-thread-1] INFO  server.RaftServerConfigKeys (ConfUtils.java:logGet(46)) - raft.server.threadpool.server.cached = true (default)
2022-09-01 11:50:57,546 [pool-175-thread-1] INFO  server.RaftServerConfigKeys (ConfUtils.java:logGet(46)) - raft.server.threadpool.server.size = 0 (default)
2022-09-01 11:50:57,546 [pool-175-thread-1] INFO  server.RaftServerConfigKeys (ConfUtils.java:logGet(46)) - raft.server.threadpool.client.cached = true (default)
2022-09-01 11:50:57,546 [pool-175-thread-1] INFO  server.RaftServerConfigKeys (ConfUtils.java:logGet(46)) - raft.server.threadpool.client.size = 0 (default)
2022-09-01 11:50:58,037 [Listener at 127.0.0.1/43033] INFO  reflections.Reflections (Reflections.java:scan(232)) - Reflections took 524 ms to scan 19 urls, producing 67 keys and 4160 values [using 2 cores]
2022-09-01 11:50:58,039 [Listener at 127.0.0.1/43033] INFO  ipc.CallQueueManager (CallQueueManager.java:<init>(90)) - Using callQueue: class java.util.concurrent.LinkedBlockingQueue, queueCapacity: 2000, scheduler: class org.apache.hadoop.ipc.DefaultRpcScheduler, ipcBackoff: false.
2022-09-01 11:50:58,041 [Socket Reader #1 for port 40551] INFO  ipc.Server (Server.java:run(1265)) - Starting Socket Reader #1 for port 40551
2022-09-01 11:50:58,065 [Listener at 127.0.0.1/40551] INFO  impl.MetricsSystemImpl (MetricsSystemImpl.java:init(158)) - OzoneManager metrics system started (again)
2022-09-01 11:50:58,075 [Listener at 127.0.0.1/40551] INFO  om.OzoneManager (OzoneManager.java:start(1475)) - OzoneManager RPC server is listening at localhost/127.0.0.1:40551
2022-09-01 11:50:58,076 [Listener at 127.0.0.1/40551] INFO  ratis.OzoneManagerRatisServer (OzoneManagerRatisServer.java:start(554)) - Starting OzoneManagerRatisServer omNode-3 at port 34139
2022-09-01 11:50:58,076 [omNode-3-impl-thread1] INFO  server.RaftServer$Division (RaftServerImpl.java:start(310)) - omNode-3@group-6C22E66A003A: start as a follower, conf=-1: [omNode-3|rpc:localhost:34139|priority:0, omNode-1|rpc:localhost:33865|priority:0, omNode-2|rpc:localhost:46587|priority:0], old=null
2022-09-01 11:50:58,076 [omNode-3-impl-thread1] INFO  server.RaftServer$Division (RaftServerImpl.java:setRole(299)) - omNode-3@group-6C22E66A003A: changes role from      null to FOLLOWER at term 0 for startAsFollower
2022-09-01 11:50:58,076 [omNode-3-impl-thread1] INFO  impl.RoleInfo (RoleInfo.java:updateAndGet(139)) - omNode-3: start omNode-3@group-6C22E66A003A-FollowerState
2022-09-01 11:50:58,076 [omNode-3-impl-thread1] INFO  util.JmxRegister (JmxRegister.java:tryRegister(44)) - Successfully registered JMX Bean with object name Ratis:service=RaftServer,group=group-6C22E66A003A,id=omNode-3
2022-09-01 11:50:58,080 [Listener at 127.0.0.1/40551] INFO  server.RaftServer (RaftServerProxy.java:lambda$start$6(382)) - omNode-3: start RPC server
2022-09-01 11:50:58,083 [Listener at 127.0.0.1/40551] INFO  server.GrpcService (GrpcService.java:startImpl(260)) - omNode-3: GrpcService started, listening on 34139
2022-09-01 11:50:58,086 [omNode-1@group-6C22E66A003A-FollowerState] INFO  impl.FollowerState (FollowerState.java:run(143)) - omNode-1@group-6C22E66A003A-FollowerState: change to CANDIDATE, lastRpcElapsedTime:1054460219ns, electionTimeout:1045ms
2022-09-01 11:50:58,086 [omNode-1@group-6C22E66A003A-FollowerState] INFO  impl.RoleInfo (RoleInfo.java:shutdownFollowerState(110)) - omNode-1: shutdown omNode-1@group-6C22E66A003A-FollowerState
2022-09-01 11:50:58,086 [omNode-1@group-6C22E66A003A-FollowerState] INFO  server.RaftServer$Division (RaftServerImpl.java:setRole(299)) - omNode-1@group-6C22E66A003A: changes role from  FOLLOWER to CANDIDATE at term 1 for changeToCandidate
2022-09-01 11:50:58,088 [Listener at 127.0.0.1/40551] INFO  om.OzoneManager (OzoneManager.java:start(1491)) - Version File has different layout version (3) than OM DB (null). That is expected if this OM has never been finalized to a newer layout version.
2022-09-01 11:50:58,088 [org.apache.ratis.util.JvmPauseMonitor$$Lambda$519/975069640@fae530f] INFO  util.JvmPauseMonitor (JvmPauseMonitor.java:run(103)) - JvmPauseMonitor-omNode-3: Started
2022-09-01 11:50:58,090 [omNode-1@group-6C22E66A003A-FollowerState] INFO  server.RaftServerConfigKeys (ConfUtils.java:logGet(46)) - raft.server.leaderelection.pre-vote = false (custom)
2022-09-01 11:50:58,090 [omNode-1@group-6C22E66A003A-FollowerState] INFO  impl.RoleInfo (RoleInfo.java:updateAndGet(139)) - omNode-1: start omNode-1@group-6C22E66A003A-LeaderElection4
2022-09-01 11:50:58,093 [Listener at 127.0.0.1/40551] INFO  http.BaseHttpServer (BaseHttpServer.java:newHttpServer2BuilderForOzone(213)) - Starting Web-server for ozoneManager at: http://0.0.0.0:44569
2022-09-01 11:50:58,093 [omNode-1@group-6C22E66A003A-LeaderElection4] INFO  impl.LeaderElection (LeaderElection.java:askForVotes(310)) - omNode-1@group-6C22E66A003A-LeaderElection4 ELECTION round 0: submit vote requests at term 2 for -1: [omNode-3|rpc:localhost:34139|priority:0, omNode-1|rpc:localhost:33865|priority:0, omNode-2|rpc:localhost:46587|priority:0], old=null
2022-09-01 11:50:58,093 [Listener at 127.0.0.1/40551] INFO  http.BaseHttpServer (BaseHttpServer.java:<init>(108)) - Hadoop Security Enabled: false Ozone Security Enabled: false Ozone HTTP Security Enabled: false 
2022-09-01 11:50:58,094 [omNode-1@group-6C22E66A003A-LeaderElection4] INFO  impl.LeaderElection (LogUtils.java:infoOrTrace(137)) - omNode-1@group-6C22E66A003A-LeaderElection4 got exception when requesting votes: java.util.concurrent.ExecutionException: org.apache.ratis.thirdparty.io.grpc.StatusRuntimeException: UNAVAILABLE: io exception
2022-09-01 11:50:58,094 [omNode-1@group-6C22E66A003A-LeaderElection4] INFO  impl.LeaderElection (LogUtils.java:infoOrTrace(137)) - omNode-1@group-6C22E66A003A-LeaderElection4 got exception when requesting votes: java.util.concurrent.ExecutionException: org.apache.ratis.thirdparty.io.grpc.StatusRuntimeException: UNAVAILABLE: io exception
2022-09-01 11:50:58,094 [omNode-1@group-6C22E66A003A-LeaderElection4] INFO  impl.LeaderElection (LeaderElection.java:logAndReturn(90)) - omNode-1@group-6C22E66A003A-LeaderElection4: ELECTION REJECTED received 0 response(s) and 2 exception(s):
2022-09-01 11:50:58,094 [Listener at 127.0.0.1/40551] INFO  server.AuthenticationFilter (AuthenticationFilter.java:constructSecretProvider(240)) - Unable to initialize FileSignerSecretProvider, falling back to use random secrets.
2022-09-01 11:50:58,094 [omNode-1@group-6C22E66A003A-LeaderElection4] INFO  impl.LeaderElection (LogUtils.java:infoOrTrace(137)) -   Exception 0: java.util.concurrent.ExecutionException: org.apache.ratis.thirdparty.io.grpc.StatusRuntimeException: UNAVAILABLE: io exception
2022-09-01 11:50:58,095 [omNode-1@group-6C22E66A003A-LeaderElection4] INFO  impl.LeaderElection (LogUtils.java:infoOrTrace(137)) -   Exception 1: java.util.concurrent.ExecutionException: org.apache.ratis.thirdparty.io.grpc.StatusRuntimeException: UNAVAILABLE: io exception
2022-09-01 11:50:58,095 [omNode-1@group-6C22E66A003A-LeaderElection4] INFO  impl.LeaderElection (LeaderElection.java:askForVotes(312)) - omNode-1@group-6C22E66A003A-LeaderElection4 ELECTION round 0: result REJECTED
2022-09-01 11:50:58,095 [Listener at 127.0.0.1/40551] WARN  http.HttpRequestLog (HttpRequestLog.java:getRequestLog(103)) - Jetty request log can only be enabled using Log4j
2022-09-01 11:50:58,095 [omNode-1@group-6C22E66A003A-LeaderElection4] INFO  server.RaftServer$Division (RaftServerImpl.java:setRole(299)) - omNode-1@group-6C22E66A003A: changes role from CANDIDATE to FOLLOWER at term 2 for REJECTED
2022-09-01 11:50:58,096 [omNode-1@group-6C22E66A003A-LeaderElection4] INFO  impl.RoleInfo (RoleInfo.java:shutdownLeaderElection(130)) - omNode-1: shutdown omNode-1@group-6C22E66A003A-LeaderElection4
2022-09-01 11:50:58,096 [omNode-1@group-6C22E66A003A-LeaderElection4] INFO  impl.RoleInfo (RoleInfo.java:updateAndGet(139)) - omNode-1: start omNode-1@group-6C22E66A003A-FollowerState
2022-09-01 11:50:58,097 [Listener at 127.0.0.1/40551] INFO  http.HttpServer2 (HttpServer2.java:addGlobalFilter(1029)) - Added global filter 'safety' (class=org.apache.hadoop.hdds.server.http.HttpServer2$QuotingInputFilter)
2022-09-01 11:50:58,098 [Listener at 127.0.0.1/40551] INFO  http.HttpServer2 (HttpServer2.java:addFilter(1005)) - Added filter static_user_filter (class=org.apache.hadoop.http.lib.StaticUserWebFilter$StaticUserFilter) to context ozoneManager
2022-09-01 11:50:58,098 [Listener at 127.0.0.1/40551] INFO  http.HttpServer2 (HttpServer2.java:addFilter(1013)) - Added filter static_user_filter (class=org.apache.hadoop.http.lib.StaticUserWebFilter$StaticUserFilter) to context logs
2022-09-01 11:50:58,098 [Listener at 127.0.0.1/40551] INFO  http.HttpServer2 (HttpServer2.java:addFilter(1013)) - Added filter static_user_filter (class=org.apache.hadoop.http.lib.StaticUserWebFilter$StaticUserFilter) to context static
2022-09-01 11:50:58,098 [Listener at 127.0.0.1/40551] INFO  http.HttpServer2 (HttpServer2.java:bindListener(1248)) - Jetty bound to port 44569
2022-09-01 11:50:58,099 [Listener at 127.0.0.1/40551] INFO  server.Server (Server.java:doStart(375)) - jetty-9.4.43.v20210629; built: 2021-06-30T11:07:22.254Z; git: 526006ecfa3af7f1a27ef3a288e2bef7ea9dd7e8; jvm 1.8.0_345-b01
2022-09-01 11:50:58,113 [Listener at 127.0.0.1/40551] INFO  server.session (DefaultSessionIdManager.java:doStart(334)) - DefaultSessionIdManager workerName=node0
2022-09-01 11:50:58,114 [Listener at 127.0.0.1/40551] INFO  server.session (DefaultSessionIdManager.java:doStart(339)) - No SessionScavenger set, using defaults
2022-09-01 11:50:58,114 [Listener at 127.0.0.1/40551] INFO  server.session (HouseKeeper.java:startScavenging(132)) - node0 Scavenging every 660000ms
2022-09-01 11:50:58,115 [Listener at 127.0.0.1/40551] INFO  handler.ContextHandler (ContextHandler.java:doStart(915)) - Started o.e.j.s.ServletContextHandler@2a29cf61{logs,/logs,file:///home/runner/work/ozone/ozone/hadoop-ozone/integration-test/target/log,AVAILABLE}
2022-09-01 11:50:58,115 [Listener at 127.0.0.1/40551] INFO  handler.ContextHandler (ContextHandler.java:doStart(915)) - Started o.e.j.s.ServletContextHandler@2765478{static,/static,file:///home/runner/work/ozone/ozone/hadoop-ozone/integration-test/target/test-classes/webapps/static,AVAILABLE}
2022-09-01 11:50:58,119 [Listener at 127.0.0.1/40551] INFO  handler.ContextHandler (ContextHandler.java:doStart(915)) - Started o.e.j.w.WebAppContext@5edf2d0c{ozoneManager,/,file:///home/runner/work/ozone/ozone/hadoop-ozone/integration-test/target/test-classes/webapps/ozoneManager/,AVAILABLE}{file:/home/runner/work/ozone/ozone/hadoop-ozone/integration-test/target/test-classes/webapps/ozoneManager}
2022-09-01 11:50:58,125 [Listener at 127.0.0.1/40551] INFO  server.AbstractConnector (AbstractConnector.java:doStart(331)) - Started ServerConnector@56db378b{HTTP/1.1, (http/1.1)}{0.0.0.0:44569}
2022-09-01 11:50:58,125 [Listener at 127.0.0.1/40551] INFO  server.Server (Server.java:doStart(415)) - Started @23150ms
2022-09-01 11:50:58,125 [Listener at 127.0.0.1/40551] WARN  impl.MetricsSystemImpl (MetricsSystemImpl.java:register(279)) - Sink prometheus already exists!
2022-09-01 11:50:58,126 [Listener at 127.0.0.1/40551] INFO  http.BaseHttpServer (BaseHttpServer.java:updateConnectorAddress(333)) - HTTP server of ozoneManager listening at http://0.0.0.0:44569
2022-09-01 11:50:58,131 [IPC Server Responder] INFO  ipc.Server (Server.java:run(1507)) - IPC Server Responder: starting
2022-09-01 11:50:58,131 [IPC Server listener on 40551] INFO  ipc.Server (Server.java:run(1344)) - IPC Server listener on 40551: starting
2022-09-01 11:50:58,139 [Listener at 127.0.0.1/40551] INFO  om.OzoneManager (OzoneManager.java:startTrashEmptier(1912)) - Trash Interval set to 0. Files deleted won't move to trash
2022-09-01 11:50:58,140 [Listener at 127.0.0.1/40551] INFO  ozone.MiniOzoneHAClusterImpl (MiniOzoneHAClusterImpl.java:createOMService(527)) - Started OzoneManager omNode-3 RPC server at localhost/127.0.0.1:40551
2022-09-01 11:50:58,140 [org.apache.hadoop.util.JvmPauseMonitor$Monitor@2acbda0b] INFO  util.JvmPauseMonitor (JvmPauseMonitor.java:run(188)) - Starting JVM pause monitor
2022-09-01 11:50:58,266 [omNode-2@group-6C22E66A003A-FollowerState] INFO  impl.FollowerState (FollowerState.java:run(143)) - omNode-2@group-6C22E66A003A-FollowerState: change to CANDIDATE, lastRpcElapsedTime:1122903045ns, electionTimeout:1121ms
2022-09-01 11:50:58,267 [omNode-2@group-6C22E66A003A-FollowerState] INFO  impl.RoleInfo (RoleInfo.java:shutdownFollowerState(110)) - omNode-2: shutdown omNode-2@group-6C22E66A003A-FollowerState
2022-09-01 11:50:58,267 [omNode-2@group-6C22E66A003A-FollowerState] INFO  server.RaftServer$Division (RaftServerImpl.java:setRole(299)) - omNode-2@group-6C22E66A003A: changes role from  FOLLOWER to CANDIDATE at term 0 for changeToCandidate
2022-09-01 11:50:58,267 [omNode-2@group-6C22E66A003A-FollowerState] INFO  server.RaftServerConfigKeys (ConfUtils.java:logGet(46)) - raft.server.leaderelection.pre-vote = false (custom)
2022-09-01 11:50:58,267 [omNode-2@group-6C22E66A003A-FollowerState] INFO  impl.RoleInfo (RoleInfo.java:updateAndGet(139)) - omNode-2: start omNode-2@group-6C22E66A003A-LeaderElection5
2022-09-01 11:50:58,283 [omNode-2@group-6C22E66A003A-LeaderElection5] INFO  impl.LeaderElection (LeaderElection.java:askForVotes(310)) - omNode-2@group-6C22E66A003A-LeaderElection5 ELECTION round 0: submit vote requests at term 1 for -1: [omNode-3|rpc:localhost:34139|priority:0, omNode-1|rpc:localhost:33865|priority:0, omNode-2|rpc:localhost:46587|priority:0], old=null
2022-09-01 11:50:58,306 [grpc-default-executor-0] INFO  server.RaftServer$Division (RaftServerImpl.java:requestVote(1152)) - omNode-3@group-6C22E66A003A: receive requestVote(ELECTION, omNode-2, group-6C22E66A003A, 1, (t:0, i:~))
2022-09-01 11:50:58,308 [grpc-default-executor-0] INFO  impl.VoteContext (VoteContext.java:log(48)) - omNode-3@group-6C22E66A003A-FOLLOWER: accept ELECTION from omNode-2: our priority 0 <= candidate's priority 0
2022-09-01 11:50:58,308 [grpc-default-executor-0] INFO  server.RaftServer$Division (RaftServerImpl.java:setRole(299)) - omNode-3@group-6C22E66A003A: changes role from  FOLLOWER to FOLLOWER at term 1 for candidate:omNode-2
2022-09-01 11:50:58,309 [grpc-default-executor-0] INFO  impl.RoleInfo (RoleInfo.java:shutdownFollowerState(110)) - omNode-3: shutdown omNode-3@group-6C22E66A003A-FollowerState
2022-09-01 11:50:58,309 [omNode-3@group-6C22E66A003A-FollowerState] INFO  impl.FollowerState (FollowerState.java:run(152)) - omNode-3@group-6C22E66A003A-FollowerState was interrupted
2022-09-01 11:50:58,309 [grpc-default-executor-0] INFO  impl.RoleInfo (RoleInfo.java:updateAndGet(139)) - omNode-3: start omNode-3@group-6C22E66A003A-FollowerState
2022-09-01 11:50:58,347 [grpc-default-executor-0] INFO  server.RaftServer$Division (RaftServerImpl.java:requestVote(1184)) - omNode-3@group-6C22E66A003A replies to ELECTION vote request: omNode-2<-omNode-3#0:OK-t1. Peer's state: omNode-3@group-6C22E66A003A:t1, leader=null, voted=omNode-2, raftlog=omNode-3@group-6C22E66A003A-SegmentedRaftLog:OPENED:c-1, conf=-1: [omNode-3|rpc:localhost:34139|priority:0, omNode-1|rpc:localhost:33865|priority:0, omNode-2|rpc:localhost:46587|priority:0], old=null
2022-09-01 11:50:58,358 [omNode-2@group-6C22E66A003A-LeaderElection5] INFO  impl.LeaderElection (LeaderElection.java:logAndReturn(90)) - omNode-2@group-6C22E66A003A-LeaderElection5: ELECTION PASSED received 1 response(s) and 0 exception(s):
2022-09-01 11:50:58,358 [omNode-2@group-6C22E66A003A-LeaderElection5] INFO  impl.LeaderElection (LeaderElection.java:logAndReturn(94)) -   Response 0: omNode-2<-omNode-3#0:OK-t1
2022-09-01 11:50:58,358 [omNode-2@group-6C22E66A003A-LeaderElection5] INFO  impl.LeaderElection (LeaderElection.java:askForVotes(312)) - omNode-2@group-6C22E66A003A-LeaderElection5 ELECTION round 0: result PASSED
2022-09-01 11:50:58,358 [omNode-2@group-6C22E66A003A-LeaderElection5] INFO  impl.RoleInfo (RoleInfo.java:shutdownLeaderElection(130)) - omNode-2: shutdown omNode-2@group-6C22E66A003A-LeaderElection5
2022-09-01 11:50:58,358 [omNode-2@group-6C22E66A003A-LeaderElection5] INFO  server.RaftServer$Division (RaftServerImpl.java:setRole(299)) - omNode-2@group-6C22E66A003A: changes role from CANDIDATE to LEADER at term 1 for changeToLeader
2022-09-01 11:50:58,358 [omNode-2@group-6C22E66A003A-LeaderElection5] INFO  server.RaftServer$Division (ServerState.java:setLeader(287)) - omNode-2@group-6C22E66A003A: change Leader from null to omNode-2 at term 1 for becomeLeader, leader elected after 2002ms
2022-09-01 11:50:58,358 [omNode-2@group-6C22E66A003A-LeaderElection5] INFO  server.RaftServerConfigKeys (ConfUtils.java:logGet(46)) - raft.server.staging.catchup.gap = 1000 (default)
2022-09-01 11:50:58,358 [omNode-2@group-6C22E66A003A-LeaderElection5] INFO  server.RaftServerConfigKeys (ConfUtils.java:logGet(46)) - raft.server.write.element-limit = 4096 (default)
2022-09-01 11:50:58,358 [omNode-2@group-6C22E66A003A-LeaderElection5] INFO  server.RaftServerConfigKeys (ConfUtils.java:logGet(46)) - raft.server.write.byte-limit = 64MB (=67108864) (default)
2022-09-01 11:50:58,359 [omNode-2@group-6C22E66A003A-LeaderElection5] INFO  server.RaftServerConfigKeys (ConfUtils.java:logGet(46)) - raft.server.watch.timeout = 10s (default)
2022-09-01 11:50:58,359 [omNode-2@group-6C22E66A003A-LeaderElection5] INFO  server.RaftServerConfigKeys (ConfUtils.java:logGet(46)) - raft.server.watch.timeout.denomination = 1s (default)
2022-09-01 11:50:58,359 [omNode-2@group-6C22E66A003A-LeaderElection5] INFO  server.RaftServerConfigKeys (ConfUtils.java:logGet(46)) - raft.server.watch.element-limit = 65536 (default)
2022-09-01 11:50:58,359 [omNode-2@group-6C22E66A003A-LeaderElection5] INFO  server.RaftServerConfigKeys (ConfUtils.java:logGet(46)) - raft.server.write.element-limit = 4096 (default)
2022-09-01 11:50:58,359 [omNode-2@group-6C22E66A003A-LeaderElection5] INFO  server.RaftServerConfigKeys (ConfUtils.java:logGet(46)) - raft.server.write.follower.gap.ratio.max = -1.0 (default)
2022-09-01 11:50:58,360 [omNode-2@group-6C22E66A003A-LeaderElection5] INFO  server.RaftServerConfigKeys (ConfUtils.java:logGet(46)) - raft.server.log.appender.snapshot.chunk.size.max = 16MB (=16777216) (default)
2022-09-01 11:50:58,360 [omNode-2@group-6C22E66A003A-LeaderElection5] INFO  server.RaftServerConfigKeys (ConfUtils.java:logGet(46)) - raft.server.log.appender.buffer.byte-limit = 33554432 (custom)
2022-09-01 11:50:58,360 [omNode-2@group-6C22E66A003A-LeaderElection5] INFO  server.RaftServerConfigKeys (ConfUtils.java:logGet(46)) - raft.server.log.appender.buffer.element-limit = 1024 (custom)
2022-09-01 11:50:58,360 [omNode-2@group-6C22E66A003A-LeaderElection5] INFO  grpc.GrpcConfigKeys (ConfUtils.java:logGet(46)) - raft.grpc.server.leader.outstanding.appends.max = 128 (default)
2022-09-01 11:50:58,360 [omNode-2@group-6C22E66A003A-LeaderElection5] INFO  server.RaftServerConfigKeys (ConfUtils.java:logGet(46)) - raft.server.rpc.request.timeout = 3000ms (default)
2022-09-01 11:50:58,360 [omNode-2@group-6C22E66A003A-LeaderElection5] INFO  server.RaftServerConfigKeys (ConfUtils.java:logGet(46)) - raft.server.log.appender.install.snapshot.enabled = false (custom)
2022-09-01 11:50:58,361 [omNode-2@group-6C22E66A003A-LeaderElection5] INFO  server.RaftServerConfigKeys (ConfUtils.java:logGet(46)) - raft.server.log.appender.snapshot.chunk.size.max = 16MB (=16777216) (default)
2022-09-01 11:50:58,361 [omNode-2@group-6C22E66A003A-LeaderElection5] INFO  server.RaftServerConfigKeys (ConfUtils.java:logGet(46)) - raft.server.log.appender.buffer.byte-limit = 33554432 (custom)
2022-09-01 11:50:58,362 [omNode-2@group-6C22E66A003A-LeaderElection5] INFO  server.RaftServerConfigKeys (ConfUtils.java:logGet(46)) - raft.server.log.appender.buffer.element-limit = 1024 (custom)
2022-09-01 11:50:58,362 [omNode-2@group-6C22E66A003A-LeaderElection5] INFO  grpc.GrpcConfigKeys (ConfUtils.java:logGet(46)) - raft.grpc.server.leader.outstanding.appends.max = 128 (default)
2022-09-01 11:50:58,362 [omNode-2@group-6C22E66A003A-LeaderElection5] INFO  server.RaftServerConfigKeys (ConfUtils.java:logGet(46)) - raft.server.rpc.request.timeout = 3000ms (default)
2022-09-01 11:50:58,362 [omNode-2@group-6C22E66A003A-LeaderElection5] INFO  server.RaftServerConfigKeys (ConfUtils.java:logGet(46)) - raft.server.log.appender.install.snapshot.enabled = false (custom)
2022-09-01 11:50:58,362 [omNode-2@group-6C22E66A003A-LeaderElection5] INFO  impl.RoleInfo (RoleInfo.java:updateAndGet(139)) - omNode-2: start omNode-2@group-6C22E66A003A-LeaderStateImpl
2022-09-01 11:50:58,374 [grpc-default-executor-0] INFO  server.RaftServer$Division (RaftServerImpl.java:requestVote(1152)) - omNode-1@group-6C22E66A003A: receive requestVote(ELECTION, omNode-2, group-6C22E66A003A, 1, (t:0, i:~))
2022-09-01 11:50:58,374 [grpc-default-executor-0] INFO  impl.VoteContext (VoteContext.java:log(48)) - omNode-1@group-6C22E66A003A-FOLLOWER: reject ELECTION from omNode-2: current term 2 > candidate's term 1
2022-09-01 11:50:58,375 [grpc-default-executor-0] INFO  server.RaftServer$Division (RaftServerImpl.java:requestVote(1184)) - omNode-1@group-6C22E66A003A replies to ELECTION vote request: omNode-2<-omNode-1#0:FAIL-t2. Peer's state: omNode-1@group-6C22E66A003A:t2, leader=null, voted=omNode-1, raftlog=omNode-1@group-6C22E66A003A-SegmentedRaftLog:OPENED:c-1, conf=-1: [omNode-3|rpc:localhost:34139|priority:0, omNode-1|rpc:localhost:33865|priority:0, omNode-2|rpc:localhost:46587|priority:0], old=null
2022-09-01 11:50:58,375 [omNode-2@group-6C22E66A003A-LeaderElection5] INFO  segmented.SegmentedRaftLogWorker (SegmentedRaftLogWorker.java:startLogSegment(425)) - omNode-2@group-6C22E66A003A-SegmentedRaftLogWorker: Starting segment from index:0
2022-09-01 11:50:58,392 [omNode-2@group-6C22E66A003A-SegmentedRaftLogWorker] INFO  segmented.SegmentedRaftLogWorker (SegmentedRaftLogWorker.java:execute(629)) - omNode-2@group-6C22E66A003A-SegmentedRaftLogWorker: created new log segment /home/runner/work/ozone/ozone/hadoop-ozone/integration-test/target/test-dir/MiniOzoneClusterImpl-a1c451f0-9b10-458f-87dd-1ed43301bce6/omNode-2/ratis/9c9825ce-8ba7-3ee6-a7c3-6c22e66a003a/current/log_inprogress_0
2022-09-01 11:50:58,415 [Listener at 127.0.0.1/40551] WARN  impl.MetricRegistriesImpl (MetricRegistriesImpl.java:addReporterRegistration(111)) - New reporters are added after registries were created. Some metrics will be missing from the reporter. Please add reporter before adding any new registry.
2022-09-01 11:50:58,415 [Listener at 127.0.0.1/40551] WARN  impl.MetricRegistriesImpl (MetricRegistriesImpl.java:addReporterRegistration(111)) - New reporters are added after registries were created. Some metrics will be missing from the reporter. Please add reporter before adding any new registry.
2022-09-01 11:50:58,415 [Listener at 127.0.0.1/40551] INFO  impl.MetricsSystemImpl (MetricsSystemImpl.java:init(158)) - HddsDatanode metrics system started (again)
2022-09-01 11:50:58,418 [omNode-3-server-thread1] INFO  server.RaftServer$Division (ServerState.java:setLeader(287)) - omNode-3@group-6C22E66A003A: change Leader from null to omNode-2 at term 1 for appendEntries, leader elected after 883ms
2022-09-01 11:50:58,418 [omNode-2@group-6C22E66A003A-LeaderElection5] INFO  server.RaftServer$Division (ServerState.java:setRaftConf(393)) - omNode-2@group-6C22E66A003A: set configuration 0: [omNode-3|rpc:localhost:34139|admin:|client:|dataStream:|priority:0, omNode-1|rpc:localhost:33865|admin:|client:|dataStream:|priority:0, omNode-2|rpc:localhost:46587|admin:|client:|dataStream:|priority:0], old=null
2022-09-01 11:50:58,429 [omNode-2@group-6C22E66A003A-StateMachineUpdater] INFO  ratis.OzoneManagerStateMachine (OzoneManagerStateMachine.java:notifyConfigurationChanged(192)) - Received Configuration change notification from Ratis. New Peer list:
[id: "omNode-3"
address: "localhost:34139"
, id: "omNode-1"
address: "localhost:33865"
, id: "omNode-2"
address: "localhost:46587"
]
2022-09-01 11:50:58,440 [omNode-2@group-6C22E66A003A-LeaderStateImpl] INFO  server.RaftServer$Division (ServerState.java:setLeader(287)) - omNode-2@group-6C22E66A003A: change Leader from omNode-2 to null at term 2 for updateCurrentTerm
2022-09-01 11:50:58,441 [omNode-2@group-6C22E66A003A-LeaderStateImpl] INFO  server.RaftServer$Division (RaftServerImpl.java:setRole(299)) - omNode-2@group-6C22E66A003A: changes role from    LEADER to FOLLOWER at term 2 for StepDownReason:HIGHER_TERM
2022-09-01 11:50:58,441 [omNode-2@group-6C22E66A003A-LeaderStateImpl] INFO  impl.RoleInfo (RoleInfo.java:shutdownLeaderState(93)) - omNode-2: shutdown omNode-2@group-6C22E66A003A-LeaderStateImpl
2022-09-01 11:50:58,441 [omNode-2@group-6C22E66A003A->omNode-3-GrpcLogAppender-LogAppenderDaemon] WARN  server.GrpcLogAppender (GrpcLogAppender.java:mayWait(171)) - omNode-2@group-6C22E66A003A->omNode-3-GrpcLogAppender: Wait interrupted by java.lang.InterruptedException
2022-09-01 11:50:58,442 [omNode-2@group-6C22E66A003A->omNode-1-GrpcLogAppender-LogAppenderDaemon] WARN  server.GrpcLogAppender (GrpcLogAppender.java:mayWait(171)) - omNode-2@group-6C22E66A003A->omNode-1-GrpcLogAppender: Wait interrupted by java.lang.InterruptedException
2022-09-01 11:50:58,445 [omNode-3-server-thread1] INFO  server.RaftServer$Division (ServerState.java:setRaftConf(393)) - omNode-3@group-6C22E66A003A: set configuration 0: [omNode-3|rpc:localhost:34139|admin:|client:|dataStream:|priority:0, omNode-1|rpc:localhost:33865|admin:|client:|dataStream:|priority:0, omNode-2|rpc:localhost:46587|admin:|client:|dataStream:|priority:0], old=null
2022-09-01 11:50:58,445 [omNode-3-server-thread1] INFO  segmented.SegmentedRaftLogWorker (SegmentedRaftLogWorker.java:startLogSegment(425)) - omNode-3@group-6C22E66A003A-SegmentedRaftLogWorker: Starting segment from index:0
2022-09-01 11:50:58,453 [grpc-default-executor-3] INFO  server.GrpcServerProtocolService (GrpcServerProtocolService.java:onCompleted(140)) - omNode-1: Completed APPEND_ENTRIES, lastRequest: omNode-2->omNode-1#1-t1,previous=(t:0, i:0),leaderCommit=-1,initializing? true,entries: size=1, first=(t:1, i:0), CONFIGURATIONENTRY
2022-09-01 11:50:58,459 [grpc-default-executor-2] INFO  server.GrpcServerProtocolService (GrpcServerProtocolService.java:onCompleted(140)) - omNode-3: Completed APPEND_ENTRIES, lastRequest: omNode-2->omNode-3#1-t1,previous=(t:0, i:0),leaderCommit=-1,initializing? true,entries: size=1, first=(t:1, i:0), CONFIGURATIONENTRY
2022-09-01 11:50:58,460 [grpc-default-executor-0] INFO  server.GrpcLogAppender (GrpcLogAppender.java:onCompleted(339)) - omNode-2@group-6C22E66A003A->omNode-3-AppendLogResponseHandler: follower responses appendEntries COMPLETED
2022-09-01 11:50:58,452 [omNode-2@group-6C22E66A003A-LeaderStateImpl] INFO  impl.PendingRequests (PendingRequests.java:sendNotLeaderResponses(282)) - omNode-2@group-6C22E66A003A-PendingRequests: sendNotLeaderResponses
2022-09-01 11:50:58,465 [omNode-2@group-6C22E66A003A-LeaderStateImpl] INFO  impl.RoleInfo (RoleInfo.java:updateAndGet(139)) - omNode-2: start omNode-2@group-6C22E66A003A-FollowerState
2022-09-01 11:50:58,466 [grpc-default-executor-0] INFO  leader.FollowerInfo (FollowerInfoImpl.java:lambda$new$0(48)) - omNode-2@group-6C22E66A003A->omNode-3: nextIndex: updateUnconditionally 1 -> 0
2022-09-01 11:50:58,470 [omNode-3@group-6C22E66A003A-SegmentedRaftLogWorker] INFO  segmented.SegmentedRaftLogWorker (SegmentedRaftLogWorker.java:execute(629)) - omNode-3@group-6C22E66A003A-SegmentedRaftLogWorker: created new log segment /home/runner/work/ozone/ozone/hadoop-ozone/integration-test/target/test-dir/MiniOzoneClusterImpl-a1c451f0-9b10-458f-87dd-1ed43301bce6/omNode-3/ratis/9c9825ce-8ba7-3ee6-a7c3-6c22e66a003a/current/log_inprogress_0
2022-09-01 11:50:58,473 [grpc-default-executor-1] INFO  server.GrpcLogAppender (GrpcLogAppender.java:onCompleted(339)) - omNode-2@group-6C22E66A003A->omNode-1-AppendLogResponseHandler: follower responses appendEntries COMPLETED
2022-09-01 11:50:58,473 [grpc-default-executor-1] INFO  leader.FollowerInfo (FollowerInfoImpl.java:lambda$new$0(48)) - omNode-2@group-6C22E66A003A->omNode-1: nextIndex: updateUnconditionally 1 -> 0
2022-09-01 11:50:58,474 [Listener at 127.0.0.1/40551] INFO  ozone.HddsDatanodeService (HddsDatanodeService.java:start(236)) - HddsDatanodeService host:fv-az459-356.msq0az1vewme3jsxyslsv0htic.jx.internal.cloudapp.net ip:10.1.1.61
2022-09-01 11:50:58,514 [Listener at 127.0.0.1/40551] INFO  upgrade.AbstractLayoutVersionManager (AbstractLayoutVersionManager.java:init(83)) - Initializing Layout version manager with metadata layout = DATANODE_SCHEMA_V3 (version = 4), software layout = DATANODE_SCHEMA_V3 (version = 4)
2022-09-01 11:50:58,565 [Listener at 127.0.0.1/40551] INFO  reflections.Reflections (Reflections.java:scan(232)) - Reflections took 48 ms to scan 7 urls, producing 133 keys and 322 values 
2022-09-01 11:50:58,568 [Listener at 127.0.0.1/40551] INFO  ha.SCMNodeInfo (SCMNodeInfo.java:getPort(197)) - ConfigKey ozone.scm.client.address is deprecated, For configuring different ports for each SCM use PortConfigKey ozone.scm.client.port appended with serviceId and nodeId
2022-09-01 11:50:58,571 [Listener at 127.0.0.1/40551] INFO  ha.SCMNodeInfo (SCMNodeInfo.java:getPort(197)) - ConfigKey ozone.scm.block.client.address is deprecated, For configuring different ports for each SCM use PortConfigKey ozone.scm.block.client.port appended with serviceId and nodeId
2022-09-01 11:50:58,571 [Listener at 127.0.0.1/40551] INFO  ha.SCMNodeInfo (SCMNodeInfo.java:getPort(197)) - ConfigKey ozone.scm.datanode.address is deprecated, For configuring different ports for each SCM use PortConfigKey ozone.scm.datanode.port appended with serviceId and nodeId
2022-09-01 11:50:58,571 [Listener at 127.0.0.1/40551] INFO  ha.SCMNodeInfo (SCMNodeInfo.java:getPort(197)) - ConfigKey ozone.scm.client.address is deprecated, For configuring different ports for each SCM use PortConfigKey ozone.scm.client.port appended with serviceId and nodeId
2022-09-01 11:50:58,571 [Listener at 127.0.0.1/40551] INFO  ha.SCMNodeInfo (SCMNodeInfo.java:getPort(197)) - ConfigKey ozone.scm.block.client.address is deprecated, For configuring different ports for each SCM use PortConfigKey ozone.scm.block.client.port appended with serviceId and nodeId
2022-09-01 11:50:58,571 [Listener at 127.0.0.1/40551] INFO  ha.SCMNodeInfo (SCMNodeInfo.java:getPort(197)) - ConfigKey ozone.scm.datanode.address is deprecated, For configuring different ports for each SCM use PortConfigKey ozone.scm.datanode.port appended with serviceId and nodeId
2022-09-01 11:50:58,571 [Listener at 127.0.0.1/40551] INFO  ha.SCMNodeInfo (SCMNodeInfo.java:getPort(197)) - ConfigKey ozone.scm.client.address is deprecated, For configuring different ports for each SCM use PortConfigKey ozone.scm.client.port appended with serviceId and nodeId
2022-09-01 11:50:58,571 [Listener at 127.0.0.1/40551] INFO  ha.SCMNodeInfo (SCMNodeInfo.java:getPort(197)) - ConfigKey ozone.scm.block.client.address is deprecated, For configuring different ports for each SCM use PortConfigKey ozone.scm.block.client.port appended with serviceId and nodeId
2022-09-01 11:50:58,571 [Listener at 127.0.0.1/40551] INFO  ha.SCMNodeInfo (SCMNodeInfo.java:getPort(197)) - ConfigKey ozone.scm.datanode.address is deprecated, For configuring different ports for each SCM use PortConfigKey ozone.scm.datanode.port appended with serviceId and nodeId
2022-09-01 11:50:58,571 [Listener at 127.0.0.1/40551] INFO  statemachine.DatanodeStateMachine (DatanodeStateMachine.java:getEndPointTaskThreadPoolSize(237)) - Datanode State Machine Task Thread Pool size 4
2022-09-01 11:50:58,635 [Listener at 127.0.0.1/40551] INFO  volume.HddsVolume (HddsVolume.java:<init>(117)) - Creating HddsVolume: /home/runner/work/ozone/ozone/hadoop-ozone/integration-test/target/test-dir/MiniOzoneClusterImpl-a1c451f0-9b10-458f-87dd-1ed43301bce6/datanode-0/data-0/containers/hdds of storage type : DISK capacity : 9223372036854775807
2022-09-01 11:50:58,637 [Listener at 127.0.0.1/40551] INFO  volume.MutableVolumeSet (MutableVolumeSet.java:initializeVolumeSet(174)) - Added Volume : /home/runner/work/ozone/ozone/hadoop-ozone/integration-test/target/test-dir/MiniOzoneClusterImpl-a1c451f0-9b10-458f-87dd-1ed43301bce6/datanode-0/data-0/containers/hdds to VolumeSet
2022-09-01 11:50:58,638 [Listener at 127.0.0.1/40551] INFO  volume.ThrottledAsyncChecker (ThrottledAsyncChecker.java:schedule(141)) - Scheduling a check for /home/runner/work/ozone/ozone/hadoop-ozone/integration-test/target/test-dir/MiniOzoneClusterImpl-a1c451f0-9b10-458f-87dd-1ed43301bce6/datanode-0/data-0/containers/hdds
2022-09-01 11:50:58,665 [Listener at 127.0.0.1/40551] INFO  volume.StorageVolumeChecker (StorageVolumeChecker.java:checkAllVolumes(202)) - Scheduled health check for volume /home/runner/work/ozone/ozone/hadoop-ozone/integration-test/target/test-dir/MiniOzoneClusterImpl-a1c451f0-9b10-458f-87dd-1ed43301bce6/datanode-0/data-0/containers/hdds
2022-09-01 11:50:58,682 [Listener at 127.0.0.1/40551] INFO  volume.MutableVolumeSet (MutableVolumeSet.java:initializeVolumeSet(174)) - Added Volume : /home/runner/work/ozone/ozone/hadoop-ozone/integration-test/target/test-dir/MiniOzoneClusterImpl-a1c451f0-9b10-458f-87dd-1ed43301bce6/datanode-0/data/ratis to VolumeSet
2022-09-01 11:50:58,682 [Listener at 127.0.0.1/40551] INFO  volume.ThrottledAsyncChecker (ThrottledAsyncChecker.java:schedule(141)) - Scheduling a check for /home/runner/work/ozone/ozone/hadoop-ozone/integration-test/target/test-dir/MiniOzoneClusterImpl-a1c451f0-9b10-458f-87dd-1ed43301bce6/datanode-0/data/ratis
2022-09-01 11:50:58,682 [Listener at 127.0.0.1/40551] INFO  volume.StorageVolumeChecker (StorageVolumeChecker.java:checkAllVolumes(202)) - Scheduled health check for volume /home/runner/work/ozone/ozone/hadoop-ozone/integration-test/target/test-dir/MiniOzoneClusterImpl-a1c451f0-9b10-458f-87dd-1ed43301bce6/datanode-0/data/ratis
2022-09-01 11:50:58,704 [Thread-704] INFO  ozoneimpl.ContainerReader (ContainerReader.java:readVolume(175)) - Finish verifying containers on volume /home/runner/work/ozone/ozone/hadoop-ozone/integration-test/target/test-dir/MiniOzoneClusterImpl-a1c451f0-9b10-458f-87dd-1ed43301bce6/datanode-0/data-0/containers/hdds
2022-09-01 11:50:58,704 [Listener at 127.0.0.1/40551] INFO  ozoneimpl.OzoneContainer (OzoneContainer.java:buildContainerSet(300)) - Build ContainerSet costs 0s
2022-09-01 11:50:58,754 [Listener at 127.0.0.1/40551] INFO  audit.AuditLogger (AuditLogger.java:refreshDebugCmdSet(126)) - Refresh DebugCmdSet for DNAudit to [].
2022-09-01 11:50:58,789 [Listener at 127.0.0.1/40551] INFO  server.RaftServer (ConfUtils.java:logGet(46)) - raft.rpc.type = GRPC (default)
2022-09-01 11:50:58,790 [Listener at 127.0.0.1/40551] INFO  grpc.GrpcFactory (GrpcFactory.java:checkPooledByteBufAllocatorUseCacheForAllThreads(48)) - PERFORMANCE WARNING: useCacheForAllThreads is true that may cause Netty to create a lot garbage objects and, as a result, trigger GC.
	It is recommended to disable useCacheForAllThreads by setting -Dorg.apache.ratis.thirdparty.io.netty.allocator.useCacheForAllThreads=false in command line.
2022-09-01 11:50:58,790 [Listener at 127.0.0.1/40551] INFO  grpc.GrpcConfigKeys (ConfUtils.java:logGet(46)) - raft.grpc.admin.port = 0 (custom)
2022-09-01 11:50:58,790 [Listener at 127.0.0.1/40551] INFO  grpc.GrpcConfigKeys (ConfUtils.java:logGet(46)) - raft.grpc.client.port = 0 (custom)
2022-09-01 11:50:58,790 [Listener at 127.0.0.1/40551] INFO  grpc.GrpcConfigKeys (ConfUtils.java:logGet(46)) - raft.grpc.server.port = 0 (default)
2022-09-01 11:50:58,790 [Listener at 127.0.0.1/40551] INFO  server.GrpcService (ConfUtils.java:logGet(46)) - raft.grpc.message.size.max = 32MB (=33554432) (custom)
2022-09-01 11:50:58,790 [Listener at 127.0.0.1/40551] INFO  server.RaftServerConfigKeys (ConfUtils.java:logGet(46)) - raft.server.log.appender.buffer.byte-limit = 33554432 (custom)
2022-09-01 11:50:58,791 [Listener at 127.0.0.1/40551] INFO  server.GrpcService (ConfUtils.java:logGet(46)) - raft.grpc.flow.control.window = 5MB (=5242880) (custom)
2022-09-01 11:50:58,791 [Listener at 127.0.0.1/40551] INFO  server.RaftServerConfigKeys (ConfUtils.java:logGet(46)) - raft.server.rpc.request.timeout = 60s (custom)
2022-09-01 11:50:58,791 [Listener at 127.0.0.1/40551] INFO  grpc.GrpcConfigKeys (ConfUtils.java:logGet(46)) - raft.grpc.server.async.request.thread.pool.cached = true (default)
2022-09-01 11:50:58,791 [Listener at 127.0.0.1/40551] INFO  grpc.GrpcConfigKeys (ConfUtils.java:logGet(46)) - raft.grpc.server.async.request.thread.pool.size = 32 (default)
2022-09-01 11:50:58,792 [Listener at 127.0.0.1/40551] INFO  impl.DataStreamServerImpl (ConfUtils.java:logGet(46)) - raft.datastream.type = DISABLED (default)
2022-09-01 11:50:58,792 [Listener at 127.0.0.1/40551] INFO  server.RaftServerConfigKeys (ConfUtils.java:logGet(46)) - raft.server.threadpool.proxy.cached = true (default)
2022-09-01 11:50:58,792 [Listener at 127.0.0.1/40551] INFO  server.RaftServerConfigKeys (ConfUtils.java:logGet(46)) - raft.server.threadpool.proxy.size = 0 (default)
2022-09-01 11:50:58,792 [Listener at 127.0.0.1/40551] INFO  server.RaftServerConfigKeys (ConfUtils.java:logGet(46)) - raft.server.rpc.slowness.timeout = 300s (custom)
2022-09-01 11:50:58,793 [Listener at 127.0.0.1/40551] INFO  server.RaftServerConfigKeys (ConfUtils.java:logGet(46)) - raft.server.leaderelection.leader.step-down.wait-time = 10s (default)
2022-09-01 11:50:58,793 [Listener at 127.0.0.1/40551] INFO  server.RaftServerConfigKeys (ConfUtils.java:logGet(46)) - raft.server.storage.dir = [/home/runner/work/ozone/ozone/hadoop-ozone/integration-test/target/test-dir/MiniOzoneClusterImpl-a1c451f0-9b10-458f-87dd-1ed43301bce6/datanode-0/data/ratis] (custom)
2022-09-01 11:50:58,819 [Listener at 127.0.0.1/40551] INFO  server.XceiverServerGrpc (XceiverServerGrpc.java:<init>(132)) - GrpcServer channel type EpollServerSocketChannel
2022-09-01 11:50:58,901 [Listener at 127.0.0.1/40551] INFO  http.BaseHttpServer (BaseHttpServer.java:newHttpServer2BuilderForOzone(213)) - Starting Web-server for hddsDatanode at: http://0.0.0.0:0
2022-09-01 11:50:58,902 [Listener at 127.0.0.1/40551] INFO  http.BaseHttpServer (BaseHttpServer.java:<init>(108)) - Hadoop Security Enabled: false Ozone Security Enabled: false Ozone HTTP Security Enabled: false 
2022-09-01 11:50:58,903 [Listener at 127.0.0.1/40551] INFO  server.AuthenticationFilter (AuthenticationFilter.java:constructSecretProvider(240)) - Unable to initialize FileSignerSecretProvider, falling back to use random secrets.
2022-09-01 11:50:58,903 [Listener at 127.0.0.1/40551] WARN  http.HttpRequestLog (HttpRequestLog.java:getRequestLog(103)) - Jetty request log can only be enabled using Log4j
2022-09-01 11:50:58,905 [Listener at 127.0.0.1/40551] INFO  http.HttpServer2 (HttpServer2.java:addGlobalFilter(1029)) - Added global filter 'safety' (class=org.apache.hadoop.hdds.server.http.HttpServer2$QuotingInputFilter)
2022-09-01 11:50:58,905 [Listener at 127.0.0.1/40551] INFO  http.HttpServer2 (HttpServer2.java:addFilter(1005)) - Added filter static_user_filter (class=org.apache.hadoop.http.lib.StaticUserWebFilter$StaticUserFilter) to context hddsDatanode
2022-09-01 11:50:58,906 [Listener at 127.0.0.1/40551] INFO  http.HttpServer2 (HttpServer2.java:addFilter(1013)) - Added filter static_user_filter (class=org.apache.hadoop.http.lib.StaticUserWebFilter$StaticUserFilter) to context logs
2022-09-01 11:50:58,906 [Listener at 127.0.0.1/40551] INFO  http.HttpServer2 (HttpServer2.java:addFilter(1013)) - Added filter static_user_filter (class=org.apache.hadoop.http.lib.StaticUserWebFilter$StaticUserFilter) to context static
2022-09-01 11:50:58,906 [Listener at 127.0.0.1/40551] INFO  http.HttpServer2 (HttpServer2.java:bindListener(1248)) - Jetty bound to port 33899
2022-09-01 11:50:58,906 [Listener at 127.0.0.1/40551] INFO  server.Server (Server.java:doStart(375)) - jetty-9.4.43.v20210629; built: 2021-06-30T11:07:22.254Z; git: 526006ecfa3af7f1a27ef3a288e2bef7ea9dd7e8; jvm 1.8.0_345-b01
2022-09-01 11:50:58,908 [Listener at 127.0.0.1/40551] INFO  server.session (DefaultSessionIdManager.java:doStart(334)) - DefaultSessionIdManager workerName=node0
2022-09-01 11:50:58,909 [Listener at 127.0.0.1/40551] INFO  server.session (DefaultSessionIdManager.java:doStart(339)) - No SessionScavenger set, using defaults
2022-09-01 11:50:58,909 [Listener at 127.0.0.1/40551] INFO  server.session (HouseKeeper.java:startScavenging(132)) - node0 Scavenging every 600000ms
2022-09-01 11:50:58,910 [Listener at 127.0.0.1/40551] INFO  handler.ContextHandler (ContextHandler.java:doStart(915)) - Started o.e.j.s.ServletContextHandler@53c3d0ff{logs,/logs,file:///home/runner/work/ozone/ozone/hadoop-ozone/integration-test/target/log,AVAILABLE}
2022-09-01 11:50:58,910 [Listener at 127.0.0.1/40551] INFO  handler.ContextHandler (ContextHandler.java:doStart(915)) - Started o.e.j.s.ServletContextHandler@131d70e{static,/static,jar:file:/home/runner/.m2/repository/org/apache/ozone/hdds-container-service/1.3.0-SNAPSHOT/hdds-container-service-1.3.0-SNAPSHOT.jar!/webapps/static,AVAILABLE}
2022-09-01 11:50:59,128 [Listener at 127.0.0.1/40551] INFO  handler.ContextHandler (ContextHandler.java:doStart(915)) - Started o.e.j.w.WebAppContext@3e9c1f5b{hddsDatanode,/,file:///tmp/jetty-0_0_0_0-33899-hdds-container-service-1_3_0-SNAPSHOT_jar-_-any-368088836982434275/webapp/,AVAILABLE}{jar:file:/home/runner/.m2/repository/org/apache/ozone/hdds-container-service/1.3.0-SNAPSHOT/hdds-container-service-1.3.0-SNAPSHOT.jar!/webapps/hddsDatanode}
2022-09-01 11:50:59,130 [Listener at 127.0.0.1/40551] INFO  server.AbstractConnector (AbstractConnector.java:doStart(331)) - Started ServerConnector@4cdee215{HTTP/1.1, (http/1.1)}{0.0.0.0:33899}
2022-09-01 11:50:59,131 [Listener at 127.0.0.1/40551] INFO  server.Server (Server.java:doStart(415)) - Started @24155ms
2022-09-01 11:50:59,131 [Listener at 127.0.0.1/40551] WARN  impl.MetricsSystemImpl (MetricsSystemImpl.java:register(279)) - Sink prometheus already exists!
2022-09-01 11:50:59,133 [Listener at 127.0.0.1/40551] INFO  http.BaseHttpServer (BaseHttpServer.java:updateConnectorAddress(333)) - HTTP server of hddsDatanode listening at http://0.0.0.0:33899
2022-09-01 11:50:59,134 [Datanode State Machine Daemon Thread] INFO  statemachine.DatanodeStateMachine (DatanodeStateMachine.java:lambda$startDaemon$0(492)) - Ozone container server started.
2022-09-01 11:50:59,136 [Listener at 127.0.0.1/40551] WARN  impl.MetricRegistriesImpl (MetricRegistriesImpl.java:addReporterRegistration(111)) - New reporters are added after registries were created. Some metrics will be missing from the reporter. Please add reporter before adding any new registry.
2022-09-01 11:50:59,136 [Listener at 127.0.0.1/40551] WARN  impl.MetricRegistriesImpl (MetricRegistriesImpl.java:addReporterRegistration(111)) - New reporters are added after registries were created. Some metrics will be missing from the reporter. Please add reporter before adding any new registry.
2022-09-01 11:50:59,137 [Listener at 127.0.0.1/40551] INFO  impl.MetricsSystemImpl (MetricsSystemImpl.java:init(158)) - HddsDatanode metrics system started (again)
2022-09-01 11:50:59,152 [Listener at 127.0.0.1/40551] INFO  ozone.HddsDatanodeService (HddsDatanodeService.java:start(236)) - HddsDatanodeService host:fv-az459-356.msq0az1vewme3jsxyslsv0htic.jx.internal.cloudapp.net ip:10.1.1.61
2022-09-01 11:50:59,160 [org.apache.hadoop.util.JvmPauseMonitor$Monitor@45bc8b36] INFO  util.JvmPauseMonitor (JvmPauseMonitor.java:run(188)) - Starting JVM pause monitor
2022-09-01 11:50:59,159 [Datanode State Machine Task Thread - 0] INFO  ha.SCMNodeInfo (SCMNodeInfo.java:getPort(197)) - ConfigKey ozone.scm.client.address is deprecated, For configuring different ports for each SCM use PortConfigKey ozone.scm.client.port appended with serviceId and nodeId
2022-09-01 11:50:59,161 [Datanode State Machine Task Thread - 0] INFO  ha.SCMNodeInfo (SCMNodeInfo.java:getPort(197)) - ConfigKey ozone.scm.block.client.address is deprecated, For configuring different ports for each SCM use PortConfigKey ozone.scm.block.client.port appended with serviceId and nodeId
2022-09-01 11:50:59,161 [Datanode State Machine Task Thread - 0] INFO  ha.SCMNodeInfo (SCMNodeInfo.java:getPort(197)) - ConfigKey ozone.scm.datanode.address is deprecated, For configuring different ports for each SCM use PortConfigKey ozone.scm.datanode.port appended with serviceId and nodeId
2022-09-01 11:50:59,161 [Datanode State Machine Task Thread - 0] INFO  ha.SCMNodeInfo (SCMNodeInfo.java:getPort(197)) - ConfigKey ozone.scm.client.address is deprecated, For configuring different ports for each SCM use PortConfigKey ozone.scm.client.port appended with serviceId and nodeId
2022-09-01 11:50:59,161 [Datanode State Machine Task Thread - 0] INFO  ha.SCMNodeInfo (SCMNodeInfo.java:getPort(197)) - ConfigKey ozone.scm.block.client.address is deprecated, For configuring different ports for each SCM use PortConfigKey ozone.scm.block.client.port appended with serviceId and nodeId
2022-09-01 11:50:59,161 [Datanode State Machine Task Thread - 0] INFO  ha.SCMNodeInfo (SCMNodeInfo.java:getPort(197)) - ConfigKey ozone.scm.datanode.address is deprecated, For configuring different ports for each SCM use PortConfigKey ozone.scm.datanode.port appended with serviceId and nodeId
2022-09-01 11:50:59,162 [Datanode State Machine Task Thread - 0] INFO  ha.SCMNodeInfo (SCMNodeInfo.java:getPort(197)) - ConfigKey ozone.scm.client.address is deprecated, For configuring different ports for each SCM use PortConfigKey ozone.scm.client.port appended with serviceId and nodeId
2022-09-01 11:50:59,162 [Datanode State Machine Task Thread - 0] INFO  ha.SCMNodeInfo (SCMNodeInfo.java:getPort(197)) - ConfigKey ozone.scm.block.client.address is deprecated, For configuring different ports for each SCM use PortConfigKey ozone.scm.block.client.port appended with serviceId and nodeId
2022-09-01 11:50:59,163 [Datanode State Machine Task Thread - 0] INFO  ha.SCMNodeInfo (SCMNodeInfo.java:getPort(197)) - ConfigKey ozone.scm.datanode.address is deprecated, For configuring different ports for each SCM use PortConfigKey ozone.scm.datanode.port appended with serviceId and nodeId
2022-09-01 11:50:59,196 [Listener at 127.0.0.1/40551] INFO  upgrade.AbstractLayoutVersionManager (AbstractLayoutVersionManager.java:init(83)) - Initializing Layout version manager with metadata layout = DATANODE_SCHEMA_V3 (version = 4), software layout = DATANODE_SCHEMA_V3 (version = 4)
2022-09-01 11:50:59,237 [omNode-1@group-6C22E66A003A-FollowerState] INFO  impl.FollowerState (FollowerState.java:run(143)) - omNode-1@group-6C22E66A003A-FollowerState: change to CANDIDATE, lastRpcElapsedTime:1141370568ns, electionTimeout:1130ms
2022-09-01 11:50:59,237 [omNode-1@group-6C22E66A003A-FollowerState] INFO  impl.RoleInfo (RoleInfo.java:shutdownFollowerState(110)) - omNode-1: shutdown omNode-1@group-6C22E66A003A-FollowerState
2022-09-01 11:50:59,237 [omNode-1@group-6C22E66A003A-FollowerState] INFO  server.RaftServer$Division (RaftServerImpl.java:setRole(299)) - omNode-1@group-6C22E66A003A: changes role from  FOLLOWER to CANDIDATE at term 2 for changeToCandidate
2022-09-01 11:50:59,238 [omNode-1@group-6C22E66A003A-FollowerState] INFO  server.RaftServerConfigKeys (ConfUtils.java:logGet(46)) - raft.server.leaderelection.pre-vote = false (custom)
2022-09-01 11:50:59,238 [omNode-1@group-6C22E66A003A-FollowerState] INFO  impl.RoleInfo (RoleInfo.java:updateAndGet(139)) - omNode-1: start omNode-1@group-6C22E66A003A-LeaderElection6
2022-09-01 11:50:59,249 [omNode-1@group-6C22E66A003A-LeaderElection6] INFO  impl.LeaderElection (LeaderElection.java:askForVotes(310)) - omNode-1@group-6C22E66A003A-LeaderElection6 ELECTION round 0: submit vote requests at term 3 for -1: [omNode-3|rpc:localhost:34139|priority:0, omNode-1|rpc:localhost:33865|priority:0, omNode-2|rpc:localhost:46587|priority:0], old=null
2022-09-01 11:50:59,277 [grpc-default-executor-0] INFO  server.RaftServer$Division (RaftServerImpl.java:requestVote(1152)) - omNode-3@group-6C22E66A003A: receive requestVote(ELECTION, omNode-1, group-6C22E66A003A, 3, (t:0, i:~))
2022-09-01 11:50:59,277 [grpc-default-executor-0] INFO  impl.VoteContext (VoteContext.java:log(48)) - omNode-3@group-6C22E66A003A-FOLLOWER: reject ELECTION from omNode-1: our last entry (t:1, i:0) > candidate's last entry (t:0, i:~)
2022-09-01 11:50:59,278 [grpc-default-executor-0] INFO  server.RaftServer$Division (ServerState.java:setLeader(287)) - omNode-3@group-6C22E66A003A: change Leader from omNode-2 to null at term 3 for updateCurrentTerm
2022-09-01 11:50:59,278 [grpc-default-executor-0] INFO  server.RaftServer$Division (RaftServerImpl.java:setRole(299)) - omNode-3@group-6C22E66A003A: changes role from  FOLLOWER to FOLLOWER at term 3 for candidate:omNode-1
2022-09-01 11:50:59,278 [grpc-default-executor-0] INFO  impl.RoleInfo (RoleInfo.java:shutdownFollowerState(110)) - omNode-3: shutdown omNode-3@group-6C22E66A003A-FollowerState
2022-09-01 11:50:59,278 [grpc-default-executor-0] INFO  impl.RoleInfo (RoleInfo.java:updateAndGet(139)) - omNode-3: start omNode-3@group-6C22E66A003A-FollowerState
2022-09-01 11:50:59,278 [omNode-3@group-6C22E66A003A-FollowerState] INFO  impl.FollowerState (FollowerState.java:run(152)) - omNode-3@group-6C22E66A003A-FollowerState was interrupted
2022-09-01 11:50:59,283 [grpc-default-executor-0] INFO  server.RaftServer$Division (RaftServerImpl.java:requestVote(1184)) - omNode-3@group-6C22E66A003A replies to ELECTION vote request: omNode-1<-omNode-3#0:FAIL-t3. Peer's state: omNode-3@group-6C22E66A003A:t3, leader=null, voted=null, raftlog=omNode-3@group-6C22E66A003A-SegmentedRaftLog:OPENED:c-1, conf=0: [omNode-3|rpc:localhost:34139|admin:|client:|dataStream:|priority:0, omNode-1|rpc:localhost:33865|admin:|client:|dataStream:|priority:0, omNode-2|rpc:localhost:46587|admin:|client:|dataStream:|priority:0], old=null
2022-09-01 11:50:59,294 [grpc-default-executor-1] INFO  server.RaftServer$Division (RaftServerImpl.java:requestVote(1152)) - omNode-2@group-6C22E66A003A: receive requestVote(ELECTION, omNode-1, group-6C22E66A003A, 3, (t:0, i:~))
2022-09-01 11:50:59,295 [grpc-default-executor-1] INFO  impl.VoteContext (VoteContext.java:log(48)) - omNode-2@group-6C22E66A003A-FOLLOWER: reject ELECTION from omNode-1: our last entry (t:1, i:0) > candidate's last entry (t:0, i:~)
2022-09-01 11:50:59,296 [grpc-default-executor-1] INFO  server.RaftServer$Division (RaftServerImpl.java:setRole(299)) - omNode-2@group-6C22E66A003A: changes role from  FOLLOWER to FOLLOWER at term 3 for candidate:omNode-1
2022-09-01 11:50:59,296 [grpc-default-executor-1] INFO  impl.RoleInfo (RoleInfo.java:shutdownFollowerState(110)) - omNode-2: shutdown omNode-2@group-6C22E66A003A-FollowerState
2022-09-01 11:50:59,296 [omNode-2@group-6C22E66A003A-FollowerState] INFO  impl.FollowerState (FollowerState.java:run(152)) - omNode-2@group-6C22E66A003A-FollowerState was interrupted
2022-09-01 11:50:59,296 [grpc-default-executor-1] INFO  impl.RoleInfo (RoleInfo.java:updateAndGet(139)) - omNode-2: start omNode-2@group-6C22E66A003A-FollowerState
2022-09-01 11:50:59,299 [Listener at 127.0.0.1/40551] INFO  reflections.Reflections (Reflections.java:scan(232)) - Reflections took 102 ms to scan 7 urls, producing 133 keys and 322 values 
2022-09-01 11:50:59,303 [Listener at 127.0.0.1/40551] INFO  ha.SCMNodeInfo (SCMNodeInfo.java:getPort(197)) - ConfigKey ozone.scm.client.address is deprecated, For configuring different ports for each SCM use PortConfigKey ozone.scm.client.port appended with serviceId and nodeId
2022-09-01 11:50:59,303 [Listener at 127.0.0.1/40551] INFO  ha.SCMNodeInfo (SCMNodeInfo.java:getPort(197)) - ConfigKey ozone.scm.block.client.address is deprecated, For configuring different ports for each SCM use PortConfigKey ozone.scm.block.client.port appended with serviceId and nodeId
2022-09-01 11:50:59,303 [Listener at 127.0.0.1/40551] INFO  ha.SCMNodeInfo (SCMNodeInfo.java:getPort(197)) - ConfigKey ozone.scm.datanode.address is deprecated, For configuring different ports for each SCM use PortConfigKey ozone.scm.datanode.port appended with serviceId and nodeId
2022-09-01 11:50:59,303 [Listener at 127.0.0.1/40551] INFO  ha.SCMNodeInfo (SCMNodeInfo.java:getPort(197)) - ConfigKey ozone.scm.client.address is deprecated, For configuring different ports for each SCM use PortConfigKey ozone.scm.client.port appended with serviceId and nodeId
2022-09-01 11:50:59,303 [Listener at 127.0.0.1/40551] INFO  ha.SCMNodeInfo (SCMNodeInfo.java:getPort(197)) - ConfigKey ozone.scm.block.client.address is deprecated, For configuring different ports for each SCM use PortConfigKey ozone.scm.block.client.port appended with serviceId and nodeId
2022-09-01 11:50:59,303 [Listener at 127.0.0.1/40551] INFO  ha.SCMNodeInfo (SCMNodeInfo.java:getPort(197)) - ConfigKey ozone.scm.datanode.address is deprecated, For configuring different ports for each SCM use PortConfigKey ozone.scm.datanode.port appended with serviceId and nodeId
2022-09-01 11:50:59,304 [Listener at 127.0.0.1/40551] INFO  ha.SCMNodeInfo (SCMNodeInfo.java:getPort(197)) - ConfigKey ozone.scm.client.address is deprecated, For configuring different ports for each SCM use PortConfigKey ozone.scm.client.port appended with serviceId and nodeId
2022-09-01 11:50:59,304 [Listener at 127.0.0.1/40551] INFO  ha.SCMNodeInfo (SCMNodeInfo.java:getPort(197)) - ConfigKey ozone.scm.block.client.address is deprecated, For configuring different ports for each SCM use PortConfigKey ozone.scm.block.client.port appended with serviceId and nodeId
2022-09-01 11:50:59,304 [Listener at 127.0.0.1/40551] INFO  ha.SCMNodeInfo (SCMNodeInfo.java:getPort(197)) - ConfigKey ozone.scm.datanode.address is deprecated, For configuring different ports for each SCM use PortConfigKey ozone.scm.datanode.port appended with serviceId and nodeId
2022-09-01 11:50:59,304 [grpc-default-executor-1] INFO  server.RaftServer$Division (RaftServerImpl.java:requestVote(1184)) - omNode-2@group-6C22E66A003A replies to ELECTION vote request: omNode-1<-omNode-2#0:FAIL-t3. Peer's state: omNode-2@group-6C22E66A003A:t3, leader=null, voted=null, raftlog=omNode-2@group-6C22E66A003A-SegmentedRaftLog:OPENED:c0, conf=0: [omNode-3|rpc:localhost:34139|admin:|client:|dataStream:|priority:0, omNode-1|rpc:localhost:33865|admin:|client:|dataStream:|priority:0, omNode-2|rpc:localhost:46587|admin:|client:|dataStream:|priority:0], old=null
2022-09-01 11:50:59,304 [Listener at 127.0.0.1/40551] INFO  statemachine.DatanodeStateMachine (DatanodeStateMachine.java:getEndPointTaskThreadPoolSize(237)) - Datanode State Machine Task Thread Pool size 4
2022-09-01 11:50:59,308 [Listener at 127.0.0.1/40551] INFO  volume.HddsVolume (HddsVolume.java:<init>(117)) - Creating HddsVolume: /home/runner/work/ozone/ozone/hadoop-ozone/integration-test/target/test-dir/MiniOzoneClusterImpl-a1c451f0-9b10-458f-87dd-1ed43301bce6/datanode-1/data-0/containers/hdds of storage type : DISK capacity : 9223372036854775807
2022-09-01 11:50:59,308 [Listener at 127.0.0.1/40551] INFO  volume.MutableVolumeSet (MutableVolumeSet.java:initializeVolumeSet(174)) - Added Volume : /home/runner/work/ozone/ozone/hadoop-ozone/integration-test/target/test-dir/MiniOzoneClusterImpl-a1c451f0-9b10-458f-87dd-1ed43301bce6/datanode-1/data-0/containers/hdds to VolumeSet
2022-09-01 11:50:59,309 [Listener at 127.0.0.1/40551] INFO  volume.ThrottledAsyncChecker (ThrottledAsyncChecker.java:schedule(141)) - Scheduling a check for /home/runner/work/ozone/ozone/hadoop-ozone/integration-test/target/test-dir/MiniOzoneClusterImpl-a1c451f0-9b10-458f-87dd-1ed43301bce6/datanode-1/data-0/containers/hdds
2022-09-01 11:50:59,331 [Listener at 127.0.0.1/40551] INFO  volume.StorageVolumeChecker (StorageVolumeChecker.java:checkAllVolumes(202)) - Scheduled health check for volume /home/runner/work/ozone/ozone/hadoop-ozone/integration-test/target/test-dir/MiniOzoneClusterImpl-a1c451f0-9b10-458f-87dd-1ed43301bce6/datanode-1/data-0/containers/hdds
2022-09-01 11:50:59,336 [omNode-1@group-6C22E66A003A-LeaderElection6] INFO  impl.LeaderElection (LeaderElection.java:logAndReturn(90)) - omNode-1@group-6C22E66A003A-LeaderElection6: ELECTION REJECTED received 2 response(s) and 0 exception(s):
2022-09-01 11:50:59,338 [omNode-1@group-6C22E66A003A-LeaderElection6] INFO  impl.LeaderElection (LeaderElection.java:logAndReturn(94)) -   Response 0: omNode-1<-omNode-3#0:FAIL-t3
2022-09-01 11:50:59,339 [omNode-1@group-6C22E66A003A-LeaderElection6] INFO  impl.LeaderElection (LeaderElection.java:logAndReturn(94)) -   Response 1: omNode-1<-omNode-2#0:FAIL-t3
2022-09-01 11:50:59,339 [omNode-1@group-6C22E66A003A-LeaderElection6] INFO  impl.LeaderElection (LeaderElection.java:askForVotes(312)) - omNode-1@group-6C22E66A003A-LeaderElection6 ELECTION round 0: result REJECTED
2022-09-01 11:50:59,339 [omNode-1@group-6C22E66A003A-LeaderElection6] INFO  server.RaftServer$Division (RaftServerImpl.java:setRole(299)) - omNode-1@group-6C22E66A003A: changes role from CANDIDATE to FOLLOWER at term 3 for REJECTED
2022-09-01 11:50:59,339 [omNode-1@group-6C22E66A003A-LeaderElection6] INFO  impl.RoleInfo (RoleInfo.java:shutdownLeaderElection(130)) - omNode-1: shutdown omNode-1@group-6C22E66A003A-LeaderElection6
2022-09-01 11:50:59,339 [omNode-1@group-6C22E66A003A-LeaderElection6] INFO  impl.RoleInfo (RoleInfo.java:updateAndGet(139)) - omNode-1: start omNode-1@group-6C22E66A003A-FollowerState
2022-09-01 11:50:59,358 [Listener at 127.0.0.1/40551] INFO  volume.MutableVolumeSet (MutableVolumeSet.java:initializeVolumeSet(174)) - Added Volume : /home/runner/work/ozone/ozone/hadoop-ozone/integration-test/target/test-dir/MiniOzoneClusterImpl-a1c451f0-9b10-458f-87dd-1ed43301bce6/datanode-1/data/ratis to VolumeSet
2022-09-01 11:50:59,358 [Listener at 127.0.0.1/40551] INFO  volume.ThrottledAsyncChecker (ThrottledAsyncChecker.java:schedule(141)) - Scheduling a check for /home/runner/work/ozone/ozone/hadoop-ozone/integration-test/target/test-dir/MiniOzoneClusterImpl-a1c451f0-9b10-458f-87dd-1ed43301bce6/datanode-1/data/ratis
2022-09-01 11:50:59,358 [Listener at 127.0.0.1/40551] INFO  volume.StorageVolumeChecker (StorageVolumeChecker.java:checkAllVolumes(202)) - Scheduled health check for volume /home/runner/work/ozone/ozone/hadoop-ozone/integration-test/target/test-dir/MiniOzoneClusterImpl-a1c451f0-9b10-458f-87dd-1ed43301bce6/datanode-1/data/ratis
2022-09-01 11:50:59,370 [Datanode State Machine Task Thread - 0] INFO  datanode.InitDatanodeState (InitDatanodeState.java:persistContainerDatanodeDetails(138)) - DatanodeDetails is persisted to /home/runner/work/ozone/ozone/hadoop-ozone/integration-test/target/test-dir/MiniOzoneClusterImpl-a1c451f0-9b10-458f-87dd-1ed43301bce6/datanode-0/meta/datanode.id
2022-09-01 11:50:59,374 [Thread-725] INFO  ozoneimpl.ContainerReader (ContainerReader.java:readVolume(175)) - Finish verifying containers on volume /home/runner/work/ozone/ozone/hadoop-ozone/integration-test/target/test-dir/MiniOzoneClusterImpl-a1c451f0-9b10-458f-87dd-1ed43301bce6/datanode-1/data-0/containers/hdds
2022-09-01 11:50:59,374 [Listener at 127.0.0.1/40551] INFO  ozoneimpl.OzoneContainer (OzoneContainer.java:buildContainerSet(300)) - Build ContainerSet costs 0s
2022-09-01 11:50:59,381 [Listener at 127.0.0.1/40551] INFO  server.RaftServer (ConfUtils.java:logGet(46)) - raft.rpc.type = GRPC (default)
2022-09-01 11:50:59,382 [Listener at 127.0.0.1/40551] INFO  grpc.GrpcFactory (GrpcFactory.java:checkPooledByteBufAllocatorUseCacheForAllThreads(48)) - PERFORMANCE WARNING: useCacheForAllThreads is true that may cause Netty to create a lot garbage objects and, as a result, trigger GC.
	It is recommended to disable useCacheForAllThreads by setting -Dorg.apache.ratis.thirdparty.io.netty.allocator.useCacheForAllThreads=false in command line.
2022-09-01 11:50:59,382 [Listener at 127.0.0.1/40551] INFO  grpc.GrpcConfigKeys (ConfUtils.java:logGet(46)) - raft.grpc.admin.port = 0 (custom)
2022-09-01 11:50:59,382 [Listener at 127.0.0.1/40551] INFO  grpc.GrpcConfigKeys (ConfUtils.java:logGet(46)) - raft.grpc.client.port = 0 (custom)
2022-09-01 11:50:59,382 [Listener at 127.0.0.1/40551] INFO  grpc.GrpcConfigKeys (ConfUtils.java:logGet(46)) - raft.grpc.server.port = 0 (default)
2022-09-01 11:50:59,382 [Listener at 127.0.0.1/40551] INFO  server.GrpcService (ConfUtils.java:logGet(46)) - raft.grpc.message.size.max = 32MB (=33554432) (custom)
2022-09-01 11:50:59,382 [Listener at 127.0.0.1/40551] INFO  server.RaftServerConfigKeys (ConfUtils.java:logGet(46)) - raft.server.log.appender.buffer.byte-limit = 33554432 (custom)
2022-09-01 11:50:59,382 [Listener at 127.0.0.1/40551] INFO  server.GrpcService (ConfUtils.java:logGet(46)) - raft.grpc.flow.control.window = 5MB (=5242880) (custom)
2022-09-01 11:50:59,383 [Listener at 127.0.0.1/40551] INFO  server.RaftServerConfigKeys (ConfUtils.java:logGet(46)) - raft.server.rpc.request.timeout = 60s (custom)
2022-09-01 11:50:59,383 [Listener at 127.0.0.1/40551] INFO  grpc.GrpcConfigKeys (ConfUtils.java:logGet(46)) - raft.grpc.server.async.request.thread.pool.cached = true (default)
2022-09-01 11:50:59,383 [Listener at 127.0.0.1/40551] INFO  grpc.GrpcConfigKeys (ConfUtils.java:logGet(46)) - raft.grpc.server.async.request.thread.pool.size = 32 (default)
2022-09-01 11:50:59,384 [Listener at 127.0.0.1/40551] INFO  impl.DataStreamServerImpl (ConfUtils.java:logGet(46)) - raft.datastream.type = DISABLED (default)
2022-09-01 11:50:59,384 [Listener at 127.0.0.1/40551] INFO  server.RaftServerConfigKeys (ConfUtils.java:logGet(46)) - raft.server.threadpool.proxy.cached = true (default)
2022-09-01 11:50:59,384 [Listener at 127.0.0.1/40551] INFO  server.RaftServerConfigKeys (ConfUtils.java:logGet(46)) - raft.server.threadpool.proxy.size = 0 (default)
2022-09-01 11:50:59,384 [Listener at 127.0.0.1/40551] INFO  server.RaftServerConfigKeys (ConfUtils.java:logGet(46)) - raft.server.rpc.slowness.timeout = 300s (custom)
2022-09-01 11:50:59,384 [Listener at 127.0.0.1/40551] INFO  server.RaftServerConfigKeys (ConfUtils.java:logGet(46)) - raft.server.leaderelection.leader.step-down.wait-time = 10s (default)
2022-09-01 11:50:59,385 [Listener at 127.0.0.1/40551] INFO  server.RaftServerConfigKeys (ConfUtils.java:logGet(46)) - raft.server.storage.dir = [/home/runner/work/ozone/ozone/hadoop-ozone/integration-test/target/test-dir/MiniOzoneClusterImpl-a1c451f0-9b10-458f-87dd-1ed43301bce6/datanode-1/data/ratis] (custom)
2022-09-01 11:50:59,390 [Listener at 127.0.0.1/40551] INFO  server.XceiverServerGrpc (XceiverServerGrpc.java:<init>(132)) - GrpcServer channel type EpollServerSocketChannel
2022-09-01 11:50:59,400 [Listener at 127.0.0.1/40551] INFO  http.BaseHttpServer (BaseHttpServer.java:newHttpServer2BuilderForOzone(213)) - Starting Web-server for hddsDatanode at: http://0.0.0.0:0
2022-09-01 11:50:59,400 [Listener at 127.0.0.1/40551] INFO  http.BaseHttpServer (BaseHttpServer.java:<init>(108)) - Hadoop Security Enabled: false Ozone Security Enabled: false Ozone HTTP Security Enabled: false 
2022-09-01 11:50:59,402 [Listener at 127.0.0.1/40551] INFO  server.AuthenticationFilter (AuthenticationFilter.java:constructSecretProvider(240)) - Unable to initialize FileSignerSecretProvider, falling back to use random secrets.
2022-09-01 11:50:59,402 [Listener at 127.0.0.1/40551] WARN  http.HttpRequestLog (HttpRequestLog.java:getRequestLog(103)) - Jetty request log can only be enabled using Log4j
2022-09-01 11:50:59,404 [Listener at 127.0.0.1/40551] INFO  http.HttpServer2 (HttpServer2.java:addGlobalFilter(1029)) - Added global filter 'safety' (class=org.apache.hadoop.hdds.server.http.HttpServer2$QuotingInputFilter)
2022-09-01 11:50:59,405 [Listener at 127.0.0.1/40551] INFO  http.HttpServer2 (HttpServer2.java:addFilter(1005)) - Added filter static_user_filter (class=org.apache.hadoop.http.lib.StaticUserWebFilter$StaticUserFilter) to context hddsDatanode
2022-09-01 11:50:59,405 [Listener at 127.0.0.1/40551] INFO  http.HttpServer2 (HttpServer2.java:addFilter(1013)) - Added filter static_user_filter (class=org.apache.hadoop.http.lib.StaticUserWebFilter$StaticUserFilter) to context static
2022-09-01 11:50:59,405 [Listener at 127.0.0.1/40551] INFO  http.HttpServer2 (HttpServer2.java:addFilter(1013)) - Added filter static_user_filter (class=org.apache.hadoop.http.lib.StaticUserWebFilter$StaticUserFilter) to context logs
2022-09-01 11:50:59,405 [Listener at 127.0.0.1/40551] INFO  http.HttpServer2 (HttpServer2.java:bindListener(1248)) - Jetty bound to port 45257
2022-09-01 11:50:59,405 [Listener at 127.0.0.1/40551] INFO  server.Server (Server.java:doStart(375)) - jetty-9.4.43.v20210629; built: 2021-06-30T11:07:22.254Z; git: 526006ecfa3af7f1a27ef3a288e2bef7ea9dd7e8; jvm 1.8.0_345-b01
2022-09-01 11:50:59,408 [Listener at 127.0.0.1/40551] INFO  server.session (DefaultSessionIdManager.java:doStart(334)) - DefaultSessionIdManager workerName=node0
2022-09-01 11:50:59,408 [Listener at 127.0.0.1/40551] INFO  server.session (DefaultSessionIdManager.java:doStart(339)) - No SessionScavenger set, using defaults
2022-09-01 11:50:59,409 [Listener at 127.0.0.1/40551] INFO  server.session (HouseKeeper.java:startScavenging(132)) - node0 Scavenging every 600000ms
2022-09-01 11:50:59,409 [Listener at 127.0.0.1/40551] INFO  handler.ContextHandler (ContextHandler.java:doStart(915)) - Started o.e.j.s.ServletContextHandler@6fde4a90{logs,/logs,file:///home/runner/work/ozone/ozone/hadoop-ozone/integration-test/target/log,AVAILABLE}
2022-09-01 11:50:59,410 [Listener at 127.0.0.1/40551] INFO  handler.ContextHandler (ContextHandler.java:doStart(915)) - Started o.e.j.s.ServletContextHandler@7cf6aec7{static,/static,jar:file:/home/runner/.m2/repository/org/apache/ozone/hdds-container-service/1.3.0-SNAPSHOT/hdds-container-service-1.3.0-SNAPSHOT.jar!/webapps/static,AVAILABLE}
2022-09-01 11:50:59,627 [Listener at 127.0.0.1/40551] INFO  handler.ContextHandler (ContextHandler.java:doStart(915)) - Started o.e.j.w.WebAppContext@78a69565{hddsDatanode,/,file:///tmp/jetty-0_0_0_0-45257-hdds-container-service-1_3_0-SNAPSHOT_jar-_-any-3037779970180842740/webapp/,AVAILABLE}{jar:file:/home/runner/.m2/repository/org/apache/ozone/hdds-container-service/1.3.0-SNAPSHOT/hdds-container-service-1.3.0-SNAPSHOT.jar!/webapps/hddsDatanode}
2022-09-01 11:50:59,629 [Listener at 127.0.0.1/40551] INFO  server.AbstractConnector (AbstractConnector.java:doStart(331)) - Started ServerConnector@bffb77d{HTTP/1.1, (http/1.1)}{0.0.0.0:45257}
2022-09-01 11:50:59,630 [Listener at 127.0.0.1/40551] INFO  server.Server (Server.java:doStart(415)) - Started @24654ms
2022-09-01 11:50:59,630 [Listener at 127.0.0.1/40551] WARN  impl.MetricsSystemImpl (MetricsSystemImpl.java:register(279)) - Sink prometheus already exists!
2022-09-01 11:50:59,630 [Listener at 127.0.0.1/40551] INFO  http.BaseHttpServer (BaseHttpServer.java:updateConnectorAddress(333)) - HTTP server of hddsDatanode listening at http://0.0.0.0:45257
2022-09-01 11:50:59,631 [Datanode State Machine Daemon Thread] INFO  statemachine.DatanodeStateMachine (DatanodeStateMachine.java:lambda$startDaemon$0(492)) - Ozone container server started.
2022-09-01 11:50:59,633 [Listener at 127.0.0.1/40551] WARN  impl.MetricRegistriesImpl (MetricRegistriesImpl.java:addReporterRegistration(111)) - New reporters are added after registries were created. Some metrics will be missing from the reporter. Please add reporter before adding any new registry.
2022-09-01 11:50:59,633 [Listener at 127.0.0.1/40551] WARN  impl.MetricRegistriesImpl (MetricRegistriesImpl.java:addReporterRegistration(111)) - New reporters are added after registries were created. Some metrics will be missing from the reporter. Please add reporter before adding any new registry.
2022-09-01 11:50:59,633 [Listener at 127.0.0.1/40551] INFO  impl.MetricsSystemImpl (MetricsSystemImpl.java:init(158)) - HddsDatanode metrics system started (again)
2022-09-01 11:50:59,656 [Listener at 127.0.0.1/40551] INFO  ozone.HddsDatanodeService (HddsDatanodeService.java:start(236)) - HddsDatanodeService host:fv-az459-356.msq0az1vewme3jsxyslsv0htic.jx.internal.cloudapp.net ip:10.1.1.61
2022-09-01 11:50:59,657 [org.apache.hadoop.util.JvmPauseMonitor$Monitor@4279932c] INFO  util.JvmPauseMonitor (JvmPauseMonitor.java:run(188)) - Starting JVM pause monitor
2022-09-01 11:50:59,658 [Datanode State Machine Task Thread - 0] INFO  ha.SCMNodeInfo (SCMNodeInfo.java:getPort(197)) - ConfigKey ozone.scm.client.address is deprecated, For configuring different ports for each SCM use PortConfigKey ozone.scm.client.port appended with serviceId and nodeId
2022-09-01 11:50:59,658 [Datanode State Machine Task Thread - 0] INFO  ha.SCMNodeInfo (SCMNodeInfo.java:getPort(197)) - ConfigKey ozone.scm.block.client.address is deprecated, For configuring different ports for each SCM use PortConfigKey ozone.scm.block.client.port appended with serviceId and nodeId
2022-09-01 11:50:59,658 [Datanode State Machine Task Thread - 0] INFO  ha.SCMNodeInfo (SCMNodeInfo.java:getPort(197)) - ConfigKey ozone.scm.datanode.address is deprecated, For configuring different ports for each SCM use PortConfigKey ozone.scm.datanode.port appended with serviceId and nodeId
2022-09-01 11:50:59,658 [Datanode State Machine Task Thread - 0] INFO  ha.SCMNodeInfo (SCMNodeInfo.java:getPort(197)) - ConfigKey ozone.scm.client.address is deprecated, For configuring different ports for each SCM use PortConfigKey ozone.scm.client.port appended with serviceId and nodeId
2022-09-01 11:50:59,658 [Datanode State Machine Task Thread - 0] INFO  ha.SCMNodeInfo (SCMNodeInfo.java:getPort(197)) - ConfigKey ozone.scm.block.client.address is deprecated, For configuring different ports for each SCM use PortConfigKey ozone.scm.block.client.port appended with serviceId and nodeId
2022-09-01 11:50:59,658 [Datanode State Machine Task Thread - 0] INFO  ha.SCMNodeInfo (SCMNodeInfo.java:getPort(197)) - ConfigKey ozone.scm.datanode.address is deprecated, For configuring different ports for each SCM use PortConfigKey ozone.scm.datanode.port appended with serviceId and nodeId
2022-09-01 11:50:59,658 [Datanode State Machine Task Thread - 0] INFO  ha.SCMNodeInfo (SCMNodeInfo.java:getPort(197)) - ConfigKey ozone.scm.client.address is deprecated, For configuring different ports for each SCM use PortConfigKey ozone.scm.client.port appended with serviceId and nodeId
2022-09-01 11:50:59,658 [Datanode State Machine Task Thread - 0] INFO  ha.SCMNodeInfo (SCMNodeInfo.java:getPort(197)) - ConfigKey ozone.scm.block.client.address is deprecated, For configuring different ports for each SCM use PortConfigKey ozone.scm.block.client.port appended with serviceId and nodeId
2022-09-01 11:50:59,658 [Datanode State Machine Task Thread - 0] INFO  ha.SCMNodeInfo (SCMNodeInfo.java:getPort(197)) - ConfigKey ozone.scm.datanode.address is deprecated, For configuring different ports for each SCM use PortConfigKey ozone.scm.datanode.port appended with serviceId and nodeId
2022-09-01 11:50:59,682 [Datanode State Machine Task Thread - 0] INFO  datanode.InitDatanodeState (InitDatanodeState.java:persistContainerDatanodeDetails(138)) - DatanodeDetails is persisted to /home/runner/work/ozone/ozone/hadoop-ozone/integration-test/target/test-dir/MiniOzoneClusterImpl-a1c451f0-9b10-458f-87dd-1ed43301bce6/datanode-1/meta/datanode.id
2022-09-01 11:50:59,696 [Listener at 127.0.0.1/40551] INFO  upgrade.AbstractLayoutVersionManager (AbstractLayoutVersionManager.java:init(83)) - Initializing Layout version manager with metadata layout = DATANODE_SCHEMA_V3 (version = 4), software layout = DATANODE_SCHEMA_V3 (version = 4)
2022-09-01 11:50:59,743 [Listener at 127.0.0.1/40551] INFO  reflections.Reflections (Reflections.java:scan(232)) - Reflections took 45 ms to scan 7 urls, producing 133 keys and 322 values 
2022-09-01 11:50:59,744 [Listener at 127.0.0.1/40551] INFO  ha.SCMNodeInfo (SCMNodeInfo.java:getPort(197)) - ConfigKey ozone.scm.client.address is deprecated, For configuring different ports for each SCM use PortConfigKey ozone.scm.client.port appended with serviceId and nodeId
2022-09-01 11:50:59,744 [Listener at 127.0.0.1/40551] INFO  ha.SCMNodeInfo (SCMNodeInfo.java:getPort(197)) - ConfigKey ozone.scm.block.client.address is deprecated, For configuring different ports for each SCM use PortConfigKey ozone.scm.block.client.port appended with serviceId and nodeId
2022-09-01 11:50:59,744 [Listener at 127.0.0.1/40551] INFO  ha.SCMNodeInfo (SCMNodeInfo.java:getPort(197)) - ConfigKey ozone.scm.datanode.address is deprecated, For configuring different ports for each SCM use PortConfigKey ozone.scm.datanode.port appended with serviceId and nodeId
2022-09-01 11:50:59,744 [Listener at 127.0.0.1/40551] INFO  ha.SCMNodeInfo (SCMNodeInfo.java:getPort(197)) - ConfigKey ozone.scm.client.address is deprecated, For configuring different ports for each SCM use PortConfigKey ozone.scm.client.port appended with serviceId and nodeId
2022-09-01 11:50:59,745 [Listener at 127.0.0.1/40551] INFO  ha.SCMNodeInfo (SCMNodeInfo.java:getPort(197)) - ConfigKey ozone.scm.block.client.address is deprecated, For configuring different ports for each SCM use PortConfigKey ozone.scm.block.client.port appended with serviceId and nodeId
2022-09-01 11:50:59,745 [Listener at 127.0.0.1/40551] INFO  ha.SCMNodeInfo (SCMNodeInfo.java:getPort(197)) - ConfigKey ozone.scm.datanode.address is deprecated, For configuring different ports for each SCM use PortConfigKey ozone.scm.datanode.port appended with serviceId and nodeId
2022-09-01 11:50:59,745 [Listener at 127.0.0.1/40551] INFO  ha.SCMNodeInfo (SCMNodeInfo.java:getPort(197)) - ConfigKey ozone.scm.client.address is deprecated, For configuring different ports for each SCM use PortConfigKey ozone.scm.client.port appended with serviceId and nodeId
2022-09-01 11:50:59,745 [Listener at 127.0.0.1/40551] INFO  ha.SCMNodeInfo (SCMNodeInfo.java:getPort(197)) - ConfigKey ozone.scm.block.client.address is deprecated, For configuring different ports for each SCM use PortConfigKey ozone.scm.block.client.port appended with serviceId and nodeId
2022-09-01 11:50:59,745 [Listener at 127.0.0.1/40551] INFO  ha.SCMNodeInfo (SCMNodeInfo.java:getPort(197)) - ConfigKey ozone.scm.datanode.address is deprecated, For configuring different ports for each SCM use PortConfigKey ozone.scm.datanode.port appended with serviceId and nodeId
2022-09-01 11:50:59,745 [Listener at 127.0.0.1/40551] INFO  statemachine.DatanodeStateMachine (DatanodeStateMachine.java:getEndPointTaskThreadPoolSize(237)) - Datanode State Machine Task Thread Pool size 4
2022-09-01 11:50:59,748 [Listener at 127.0.0.1/40551] INFO  volume.HddsVolume (HddsVolume.java:<init>(117)) - Creating HddsVolume: /home/runner/work/ozone/ozone/hadoop-ozone/integration-test/target/test-dir/MiniOzoneClusterImpl-a1c451f0-9b10-458f-87dd-1ed43301bce6/datanode-2/data-0/containers/hdds of storage type : DISK capacity : 9223372036854775807
2022-09-01 11:50:59,748 [Listener at 127.0.0.1/40551] INFO  volume.MutableVolumeSet (MutableVolumeSet.java:initializeVolumeSet(174)) - Added Volume : /home/runner/work/ozone/ozone/hadoop-ozone/integration-test/target/test-dir/MiniOzoneClusterImpl-a1c451f0-9b10-458f-87dd-1ed43301bce6/datanode-2/data-0/containers/hdds to VolumeSet
2022-09-01 11:50:59,748 [Listener at 127.0.0.1/40551] INFO  volume.ThrottledAsyncChecker (ThrottledAsyncChecker.java:schedule(141)) - Scheduling a check for /home/runner/work/ozone/ozone/hadoop-ozone/integration-test/target/test-dir/MiniOzoneClusterImpl-a1c451f0-9b10-458f-87dd-1ed43301bce6/datanode-2/data-0/containers/hdds
2022-09-01 11:50:59,749 [Listener at 127.0.0.1/40551] INFO  volume.StorageVolumeChecker (StorageVolumeChecker.java:checkAllVolumes(202)) - Scheduled health check for volume /home/runner/work/ozone/ozone/hadoop-ozone/integration-test/target/test-dir/MiniOzoneClusterImpl-a1c451f0-9b10-458f-87dd-1ed43301bce6/datanode-2/data-0/containers/hdds
2022-09-01 11:50:59,760 [Listener at 127.0.0.1/40551] INFO  volume.MutableVolumeSet (MutableVolumeSet.java:initializeVolumeSet(174)) - Added Volume : /home/runner/work/ozone/ozone/hadoop-ozone/integration-test/target/test-dir/MiniOzoneClusterImpl-a1c451f0-9b10-458f-87dd-1ed43301bce6/datanode-2/data/ratis to VolumeSet
2022-09-01 11:50:59,760 [Listener at 127.0.0.1/40551] INFO  volume.ThrottledAsyncChecker (ThrottledAsyncChecker.java:schedule(141)) - Scheduling a check for /home/runner/work/ozone/ozone/hadoop-ozone/integration-test/target/test-dir/MiniOzoneClusterImpl-a1c451f0-9b10-458f-87dd-1ed43301bce6/datanode-2/data/ratis
2022-09-01 11:50:59,760 [Listener at 127.0.0.1/40551] INFO  volume.StorageVolumeChecker (StorageVolumeChecker.java:checkAllVolumes(202)) - Scheduled health check for volume /home/runner/work/ozone/ozone/hadoop-ozone/integration-test/target/test-dir/MiniOzoneClusterImpl-a1c451f0-9b10-458f-87dd-1ed43301bce6/datanode-2/data/ratis
2022-09-01 11:50:59,771 [Thread-738] INFO  ozoneimpl.ContainerReader (ContainerReader.java:readVolume(175)) - Finish verifying containers on volume /home/runner/work/ozone/ozone/hadoop-ozone/integration-test/target/test-dir/MiniOzoneClusterImpl-a1c451f0-9b10-458f-87dd-1ed43301bce6/datanode-2/data-0/containers/hdds
2022-09-01 11:50:59,771 [Listener at 127.0.0.1/40551] INFO  ozoneimpl.OzoneContainer (OzoneContainer.java:buildContainerSet(300)) - Build ContainerSet costs 0s
2022-09-01 11:50:59,773 [Listener at 127.0.0.1/40551] INFO  server.RaftServer (ConfUtils.java:logGet(46)) - raft.rpc.type = GRPC (default)
2022-09-01 11:50:59,774 [Listener at 127.0.0.1/40551] INFO  grpc.GrpcFactory (GrpcFactory.java:checkPooledByteBufAllocatorUseCacheForAllThreads(48)) - PERFORMANCE WARNING: useCacheForAllThreads is true that may cause Netty to create a lot garbage objects and, as a result, trigger GC.
	It is recommended to disable useCacheForAllThreads by setting -Dorg.apache.ratis.thirdparty.io.netty.allocator.useCacheForAllThreads=false in command line.
2022-09-01 11:50:59,774 [Listener at 127.0.0.1/40551] INFO  grpc.GrpcConfigKeys (ConfUtils.java:logGet(46)) - raft.grpc.admin.port = 0 (custom)
2022-09-01 11:50:59,774 [Listener at 127.0.0.1/40551] INFO  grpc.GrpcConfigKeys (ConfUtils.java:logGet(46)) - raft.grpc.client.port = 0 (custom)
2022-09-01 11:50:59,774 [Listener at 127.0.0.1/40551] INFO  grpc.GrpcConfigKeys (ConfUtils.java:logGet(46)) - raft.grpc.server.port = 0 (default)
2022-09-01 11:50:59,774 [Listener at 127.0.0.1/40551] INFO  server.GrpcService (ConfUtils.java:logGet(46)) - raft.grpc.message.size.max = 32MB (=33554432) (custom)
2022-09-01 11:50:59,774 [Listener at 127.0.0.1/40551] INFO  server.RaftServerConfigKeys (ConfUtils.java:logGet(46)) - raft.server.log.appender.buffer.byte-limit = 33554432 (custom)
2022-09-01 11:50:59,775 [Listener at 127.0.0.1/40551] INFO  server.GrpcService (ConfUtils.java:logGet(46)) - raft.grpc.flow.control.window = 5MB (=5242880) (custom)
2022-09-01 11:50:59,775 [Listener at 127.0.0.1/40551] INFO  server.RaftServerConfigKeys (ConfUtils.java:logGet(46)) - raft.server.rpc.request.timeout = 60s (custom)
2022-09-01 11:50:59,775 [Listener at 127.0.0.1/40551] INFO  grpc.GrpcConfigKeys (ConfUtils.java:logGet(46)) - raft.grpc.server.async.request.thread.pool.cached = true (default)
2022-09-01 11:50:59,775 [Listener at 127.0.0.1/40551] INFO  grpc.GrpcConfigKeys (ConfUtils.java:logGet(46)) - raft.grpc.server.async.request.thread.pool.size = 32 (default)
2022-09-01 11:50:59,777 [Listener at 127.0.0.1/40551] INFO  impl.DataStreamServerImpl (ConfUtils.java:logGet(46)) - raft.datastream.type = DISABLED (default)
2022-09-01 11:50:59,777 [Listener at 127.0.0.1/40551] INFO  server.RaftServerConfigKeys (ConfUtils.java:logGet(46)) - raft.server.threadpool.proxy.cached = true (default)
2022-09-01 11:50:59,777 [Listener at 127.0.0.1/40551] INFO  server.RaftServerConfigKeys (ConfUtils.java:logGet(46)) - raft.server.threadpool.proxy.size = 0 (default)
2022-09-01 11:50:59,777 [Listener at 127.0.0.1/40551] INFO  server.RaftServerConfigKeys (ConfUtils.java:logGet(46)) - raft.server.rpc.slowness.timeout = 300s (custom)
2022-09-01 11:50:59,777 [Listener at 127.0.0.1/40551] INFO  server.RaftServerConfigKeys (ConfUtils.java:logGet(46)) - raft.server.leaderelection.leader.step-down.wait-time = 10s (default)
2022-09-01 11:50:59,777 [Listener at 127.0.0.1/40551] INFO  server.RaftServerConfigKeys (ConfUtils.java:logGet(46)) - raft.server.storage.dir = [/home/runner/work/ozone/ozone/hadoop-ozone/integration-test/target/test-dir/MiniOzoneClusterImpl-a1c451f0-9b10-458f-87dd-1ed43301bce6/datanode-2/data/ratis] (custom)
2022-09-01 11:50:59,783 [Listener at 127.0.0.1/40551] INFO  server.XceiverServerGrpc (XceiverServerGrpc.java:<init>(132)) - GrpcServer channel type EpollServerSocketChannel
2022-09-01 11:50:59,786 [Listener at 127.0.0.1/40551] INFO  http.BaseHttpServer (BaseHttpServer.java:newHttpServer2BuilderForOzone(213)) - Starting Web-server for hddsDatanode at: http://0.0.0.0:0
2022-09-01 11:50:59,786 [Listener at 127.0.0.1/40551] INFO  http.BaseHttpServer (BaseHttpServer.java:<init>(108)) - Hadoop Security Enabled: false Ozone Security Enabled: false Ozone HTTP Security Enabled: false 
2022-09-01 11:50:59,787 [Listener at 127.0.0.1/40551] INFO  server.AuthenticationFilter (AuthenticationFilter.java:constructSecretProvider(240)) - Unable to initialize FileSignerSecretProvider, falling back to use random secrets.
2022-09-01 11:50:59,787 [Listener at 127.0.0.1/40551] WARN  http.HttpRequestLog (HttpRequestLog.java:getRequestLog(103)) - Jetty request log can only be enabled using Log4j
2022-09-01 11:50:59,789 [Listener at 127.0.0.1/40551] INFO  http.HttpServer2 (HttpServer2.java:addGlobalFilter(1029)) - Added global filter 'safety' (class=org.apache.hadoop.hdds.server.http.HttpServer2$QuotingInputFilter)
2022-09-01 11:50:59,789 [Listener at 127.0.0.1/40551] INFO  http.HttpServer2 (HttpServer2.java:addFilter(1005)) - Added filter static_user_filter (class=org.apache.hadoop.http.lib.StaticUserWebFilter$StaticUserFilter) to context hddsDatanode
2022-09-01 11:50:59,789 [Listener at 127.0.0.1/40551] INFO  http.HttpServer2 (HttpServer2.java:addFilter(1013)) - Added filter static_user_filter (class=org.apache.hadoop.http.lib.StaticUserWebFilter$StaticUserFilter) to context logs
2022-09-01 11:50:59,790 [Listener at 127.0.0.1/40551] INFO  http.HttpServer2 (HttpServer2.java:addFilter(1013)) - Added filter static_user_filter (class=org.apache.hadoop.http.lib.StaticUserWebFilter$StaticUserFilter) to context static
2022-09-01 11:50:59,790 [Listener at 127.0.0.1/40551] INFO  http.HttpServer2 (HttpServer2.java:bindListener(1248)) - Jetty bound to port 42925
2022-09-01 11:50:59,790 [Listener at 127.0.0.1/40551] INFO  server.Server (Server.java:doStart(375)) - jetty-9.4.43.v20210629; built: 2021-06-30T11:07:22.254Z; git: 526006ecfa3af7f1a27ef3a288e2bef7ea9dd7e8; jvm 1.8.0_345-b01
2022-09-01 11:50:59,792 [Listener at 127.0.0.1/40551] INFO  server.session (DefaultSessionIdManager.java:doStart(334)) - DefaultSessionIdManager workerName=node0
2022-09-01 11:50:59,792 [Listener at 127.0.0.1/40551] INFO  server.session (DefaultSessionIdManager.java:doStart(339)) - No SessionScavenger set, using defaults
2022-09-01 11:50:59,792 [Listener at 127.0.0.1/40551] INFO  server.session (HouseKeeper.java:startScavenging(132)) - node0 Scavenging every 660000ms
2022-09-01 11:50:59,793 [Listener at 127.0.0.1/40551] INFO  handler.ContextHandler (ContextHandler.java:doStart(915)) - Started o.e.j.s.ServletContextHandler@10b42b63{logs,/logs,file:///home/runner/work/ozone/ozone/hadoop-ozone/integration-test/target/log,AVAILABLE}
2022-09-01 11:50:59,793 [Listener at 127.0.0.1/40551] INFO  handler.ContextHandler (ContextHandler.java:doStart(915)) - Started o.e.j.s.ServletContextHandler@7d396501{static,/static,jar:file:/home/runner/.m2/repository/org/apache/ozone/hdds-container-service/1.3.0-SNAPSHOT/hdds-container-service-1.3.0-SNAPSHOT.jar!/webapps/static,AVAILABLE}
2022-09-01 11:50:59,980 [Listener at 127.0.0.1/40551] INFO  handler.ContextHandler (ContextHandler.java:doStart(915)) - Started o.e.j.w.WebAppContext@2e1035d1{hddsDatanode,/,file:///tmp/jetty-0_0_0_0-42925-hdds-container-service-1_3_0-SNAPSHOT_jar-_-any-4010944439608026050/webapp/,AVAILABLE}{jar:file:/home/runner/.m2/repository/org/apache/ozone/hdds-container-service/1.3.0-SNAPSHOT/hdds-container-service-1.3.0-SNAPSHOT.jar!/webapps/hddsDatanode}
2022-09-01 11:50:59,982 [Listener at 127.0.0.1/40551] INFO  server.AbstractConnector (AbstractConnector.java:doStart(331)) - Started ServerConnector@66805cb8{HTTP/1.1, (http/1.1)}{0.0.0.0:42925}
2022-09-01 11:50:59,982 [Listener at 127.0.0.1/40551] INFO  server.Server (Server.java:doStart(415)) - Started @25007ms
2022-09-01 11:50:59,982 [Listener at 127.0.0.1/40551] WARN  impl.MetricsSystemImpl (MetricsSystemImpl.java:register(279)) - Sink prometheus already exists!
2022-09-01 11:50:59,983 [Listener at 127.0.0.1/40551] INFO  http.BaseHttpServer (BaseHttpServer.java:updateConnectorAddress(333)) - HTTP server of hddsDatanode listening at http://0.0.0.0:42925
2022-09-01 11:50:59,985 [Listener at 127.0.0.1/40551] INFO  ozone.MiniOzoneClusterImpl (MiniOzoneClusterImpl.java:lambda$waitForClusterToBeReady$0(216)) - Waiting for nodes to be ready. Got 0 of 3 DN Heartbeats.
2022-09-01 11:50:59,985 [Listener at 127.0.0.1/40551] INFO  ozone.MiniOzoneClusterImpl (MiniOzoneClusterImpl.java:lambda$waitForClusterToBeReady$0(219)) - Waiting for cluster to exit safe mode
2022-09-01 11:50:59,985 [Listener at 127.0.0.1/40551] INFO  ozone.MiniOzoneClusterImpl (MiniOzoneClusterImpl.java:lambda$waitForClusterToBeReady$0(221)) - SCM became leader
2022-09-01 11:50:59,985 [Datanode State Machine Daemon Thread] INFO  statemachine.DatanodeStateMachine (DatanodeStateMachine.java:lambda$startDaemon$0(492)) - Ozone container server started.
2022-09-01 11:50:59,997 [Datanode State Machine Task Thread - 0] INFO  ha.SCMNodeInfo (SCMNodeInfo.java:getPort(197)) - ConfigKey ozone.scm.client.address is deprecated, For configuring different ports for each SCM use PortConfigKey ozone.scm.client.port appended with serviceId and nodeId
2022-09-01 11:50:59,997 [Datanode State Machine Task Thread - 0] INFO  ha.SCMNodeInfo (SCMNodeInfo.java:getPort(197)) - ConfigKey ozone.scm.block.client.address is deprecated, For configuring different ports for each SCM use PortConfigKey ozone.scm.block.client.port appended with serviceId and nodeId
2022-09-01 11:50:59,997 [Datanode State Machine Task Thread - 0] INFO  ha.SCMNodeInfo (SCMNodeInfo.java:getPort(197)) - ConfigKey ozone.scm.datanode.address is deprecated, For configuring different ports for each SCM use PortConfigKey ozone.scm.datanode.port appended with serviceId and nodeId
2022-09-01 11:50:59,998 [Datanode State Machine Task Thread - 0] INFO  ha.SCMNodeInfo (SCMNodeInfo.java:getPort(197)) - ConfigKey ozone.scm.client.address is deprecated, For configuring different ports for each SCM use PortConfigKey ozone.scm.client.port appended with serviceId and nodeId
2022-09-01 11:50:59,998 [Datanode State Machine Task Thread - 0] INFO  ha.SCMNodeInfo (SCMNodeInfo.java:getPort(197)) - ConfigKey ozone.scm.block.client.address is deprecated, For configuring different ports for each SCM use PortConfigKey ozone.scm.block.client.port appended with serviceId and nodeId
2022-09-01 11:50:59,998 [Datanode State Machine Task Thread - 0] INFO  ha.SCMNodeInfo (SCMNodeInfo.java:getPort(197)) - ConfigKey ozone.scm.datanode.address is deprecated, For configuring different ports for each SCM use PortConfigKey ozone.scm.datanode.port appended with serviceId and nodeId
2022-09-01 11:50:59,998 [Datanode State Machine Task Thread - 0] INFO  ha.SCMNodeInfo (SCMNodeInfo.java:getPort(197)) - ConfigKey ozone.scm.client.address is deprecated, For configuring different ports for each SCM use PortConfigKey ozone.scm.client.port appended with serviceId and nodeId
2022-09-01 11:50:59,998 [Datanode State Machine Task Thread - 0] INFO  ha.SCMNodeInfo (SCMNodeInfo.java:getPort(197)) - ConfigKey ozone.scm.block.client.address is deprecated, For configuring different ports for each SCM use PortConfigKey ozone.scm.block.client.port appended with serviceId and nodeId
2022-09-01 11:50:59,998 [Datanode State Machine Task Thread - 0] INFO  ha.SCMNodeInfo (SCMNodeInfo.java:getPort(197)) - ConfigKey ozone.scm.datanode.address is deprecated, For configuring different ports for each SCM use PortConfigKey ozone.scm.datanode.port appended with serviceId and nodeId
2022-09-01 11:51:00,000 [Datanode State Machine Task Thread - 0] INFO  datanode.InitDatanodeState (InitDatanodeState.java:persistContainerDatanodeDetails(138)) - DatanodeDetails is persisted to /home/runner/work/ozone/ozone/hadoop-ozone/integration-test/target/test-dir/MiniOzoneClusterImpl-a1c451f0-9b10-458f-87dd-1ed43301bce6/datanode-2/meta/datanode.id
2022-09-01 11:51:00,000 [org.apache.hadoop.util.JvmPauseMonitor$Monitor@67116ee7] INFO  util.JvmPauseMonitor (JvmPauseMonitor.java:run(188)) - Starting JVM pause monitor
2022-09-01 11:51:00,309 [omNode-2@group-6C22E66A003A-FollowerState] INFO  impl.FollowerState (FollowerState.java:run(143)) - omNode-2@group-6C22E66A003A-FollowerState: change to CANDIDATE, lastRpcElapsedTime:1012138208ns, electionTimeout:1005ms
2022-09-01 11:51:00,309 [omNode-2@group-6C22E66A003A-FollowerState] INFO  impl.RoleInfo (RoleInfo.java:shutdownFollowerState(110)) - omNode-2: shutdown omNode-2@group-6C22E66A003A-FollowerState
2022-09-01 11:51:00,309 [omNode-2@group-6C22E66A003A-FollowerState] INFO  server.RaftServer$Division (RaftServerImpl.java:setRole(299)) - omNode-2@group-6C22E66A003A: changes role from  FOLLOWER to CANDIDATE at term 3 for changeToCandidate
2022-09-01 11:51:00,309 [omNode-2@group-6C22E66A003A-FollowerState] INFO  server.RaftServerConfigKeys (ConfUtils.java:logGet(46)) - raft.server.leaderelection.pre-vote = false (custom)
2022-09-01 11:51:00,309 [omNode-2@group-6C22E66A003A-FollowerState] INFO  impl.RoleInfo (RoleInfo.java:updateAndGet(139)) - omNode-2: start omNode-2@group-6C22E66A003A-LeaderElection7
2022-09-01 11:51:00,315 [omNode-2@group-6C22E66A003A-LeaderElection7] INFO  impl.LeaderElection (LeaderElection.java:askForVotes(310)) - omNode-2@group-6C22E66A003A-LeaderElection7 ELECTION round 0: submit vote requests at term 4 for 0: [omNode-3|rpc:localhost:34139|admin:|client:|dataStream:|priority:0, omNode-1|rpc:localhost:33865|admin:|client:|dataStream:|priority:0, omNode-2|rpc:localhost:46587|admin:|client:|dataStream:|priority:0], old=null
2022-09-01 11:51:00,322 [grpc-default-executor-1] INFO  server.RaftServer$Division (RaftServerImpl.java:requestVote(1152)) - omNode-1@group-6C22E66A003A: receive requestVote(ELECTION, omNode-2, group-6C22E66A003A, 4, (t:1, i:0))
2022-09-01 11:51:00,322 [grpc-default-executor-1] INFO  impl.VoteContext (VoteContext.java:log(48)) - omNode-1@group-6C22E66A003A-FOLLOWER: accept ELECTION from omNode-2: our last entry (t:0, i:~) < candidate's last entry (t:1, i:0)
2022-09-01 11:51:00,322 [grpc-default-executor-1] INFO  server.RaftServer$Division (RaftServerImpl.java:setRole(299)) - omNode-1@group-6C22E66A003A: changes role from  FOLLOWER to FOLLOWER at term 4 for candidate:omNode-2
2022-09-01 11:51:00,322 [grpc-default-executor-1] INFO  impl.RoleInfo (RoleInfo.java:shutdownFollowerState(110)) - omNode-1: shutdown omNode-1@group-6C22E66A003A-FollowerState
2022-09-01 11:51:00,322 [grpc-default-executor-1] INFO  impl.RoleInfo (RoleInfo.java:updateAndGet(139)) - omNode-1: start omNode-1@group-6C22E66A003A-FollowerState
2022-09-01 11:51:00,322 [omNode-1@group-6C22E66A003A-FollowerState] INFO  impl.FollowerState (FollowerState.java:run(152)) - omNode-1@group-6C22E66A003A-FollowerState was interrupted
2022-09-01 11:51:00,327 [grpc-default-executor-1] INFO  server.RaftServer$Division (RaftServerImpl.java:requestVote(1184)) - omNode-1@group-6C22E66A003A replies to ELECTION vote request: omNode-2<-omNode-1#0:OK-t4. Peer's state: omNode-1@group-6C22E66A003A:t4, leader=null, voted=omNode-2, raftlog=omNode-1@group-6C22E66A003A-SegmentedRaftLog:OPENED:c-1, conf=-1: [omNode-3|rpc:localhost:34139|priority:0, omNode-1|rpc:localhost:33865|priority:0, omNode-2|rpc:localhost:46587|priority:0], old=null
2022-09-01 11:51:00,328 [omNode-2@group-6C22E66A003A-LeaderElection7] INFO  impl.LeaderElection (LeaderElection.java:logAndReturn(90)) - omNode-2@group-6C22E66A003A-LeaderElection7: ELECTION PASSED received 1 response(s) and 0 exception(s):
2022-09-01 11:51:00,330 [omNode-2@group-6C22E66A003A-LeaderElection7] INFO  impl.LeaderElection (LeaderElection.java:logAndReturn(94)) -   Response 0: omNode-2<-omNode-1#0:OK-t4
2022-09-01 11:51:00,330 [grpc-default-executor-0] INFO  server.RaftServer$Division (RaftServerImpl.java:requestVote(1152)) - omNode-3@group-6C22E66A003A: receive requestVote(ELECTION, omNode-2, group-6C22E66A003A, 4, (t:1, i:0))
2022-09-01 11:51:00,330 [grpc-default-executor-0] INFO  impl.VoteContext (VoteContext.java:log(48)) - omNode-3@group-6C22E66A003A-FOLLOWER: accept ELECTION from omNode-2: our priority 0 <= candidate's priority 0
2022-09-01 11:51:00,330 [grpc-default-executor-0] INFO  server.RaftServer$Division (RaftServerImpl.java:setRole(299)) - omNode-3@group-6C22E66A003A: changes role from  FOLLOWER to FOLLOWER at term 4 for candidate:omNode-2
2022-09-01 11:51:00,330 [grpc-default-executor-0] INFO  impl.RoleInfo (RoleInfo.java:shutdownFollowerState(110)) - omNode-3: shutdown omNode-3@group-6C22E66A003A-FollowerState
2022-09-01 11:51:00,330 [omNode-3@group-6C22E66A003A-FollowerState] INFO  impl.FollowerState (FollowerState.java:run(152)) - omNode-3@group-6C22E66A003A-FollowerState was interrupted
2022-09-01 11:51:00,330 [omNode-2@group-6C22E66A003A-LeaderElection7] INFO  impl.LeaderElection (LeaderElection.java:askForVotes(312)) - omNode-2@group-6C22E66A003A-LeaderElection7 ELECTION round 0: result PASSED
2022-09-01 11:51:00,331 [omNode-2@group-6C22E66A003A-LeaderElection7] INFO  impl.RoleInfo (RoleInfo.java:shutdownLeaderElection(130)) - omNode-2: shutdown omNode-2@group-6C22E66A003A-LeaderElection7
2022-09-01 11:51:00,331 [omNode-2@group-6C22E66A003A-LeaderElection7] INFO  server.RaftServer$Division (RaftServerImpl.java:setRole(299)) - omNode-2@group-6C22E66A003A: changes role from CANDIDATE to LEADER at term 4 for changeToLeader
2022-09-01 11:51:00,331 [omNode-2@group-6C22E66A003A-LeaderElection7] INFO  server.RaftServer$Division (ServerState.java:setLeader(287)) - omNode-2@group-6C22E66A003A: change Leader from null to omNode-2 at term 4 for becomeLeader, leader elected after 1890ms
2022-09-01 11:51:00,331 [omNode-2@group-6C22E66A003A-LeaderElection7] INFO  server.RaftServerConfigKeys (ConfUtils.java:logGet(46)) - raft.server.staging.catchup.gap = 1000 (default)
2022-09-01 11:51:00,330 [grpc-default-executor-0] INFO  impl.RoleInfo (RoleInfo.java:updateAndGet(139)) - omNode-3: start omNode-3@group-6C22E66A003A-FollowerState
2022-09-01 11:51:00,332 [omNode-2@group-6C22E66A003A-LeaderElection7] INFO  server.RaftServerConfigKeys (ConfUtils.java:logGet(46)) - raft.server.write.element-limit = 4096 (default)
2022-09-01 11:51:00,332 [omNode-2@group-6C22E66A003A-LeaderElection7] INFO  server.RaftServerConfigKeys (ConfUtils.java:logGet(46)) - raft.server.write.byte-limit = 64MB (=67108864) (default)
2022-09-01 11:51:00,332 [omNode-2@group-6C22E66A003A-LeaderElection7] INFO  server.RaftServerConfigKeys (ConfUtils.java:logGet(46)) - raft.server.watch.timeout = 10s (default)
2022-09-01 11:51:00,333 [omNode-2@group-6C22E66A003A-LeaderElection7] INFO  server.RaftServerConfigKeys (ConfUtils.java:logGet(46)) - raft.server.watch.timeout.denomination = 1s (default)
2022-09-01 11:51:00,333 [omNode-2@group-6C22E66A003A-LeaderElection7] INFO  server.RaftServerConfigKeys (ConfUtils.java:logGet(46)) - raft.server.watch.element-limit = 65536 (default)
2022-09-01 11:51:00,333 [omNode-2@group-6C22E66A003A-LeaderElection7] INFO  server.RaftServerConfigKeys (ConfUtils.java:logGet(46)) - raft.server.write.element-limit = 4096 (default)
2022-09-01 11:51:00,333 [omNode-2@group-6C22E66A003A-LeaderElection7] INFO  server.RaftServerConfigKeys (ConfUtils.java:logGet(46)) - raft.server.write.follower.gap.ratio.max = -1.0 (default)
2022-09-01 11:51:00,334 [omNode-2@group-6C22E66A003A-LeaderElection7] INFO  server.RaftServerConfigKeys (ConfUtils.java:logGet(46)) - raft.server.log.appender.snapshot.chunk.size.max = 16MB (=16777216) (default)
2022-09-01 11:51:00,334 [omNode-2@group-6C22E66A003A-LeaderElection7] INFO  server.RaftServerConfigKeys (ConfUtils.java:logGet(46)) - raft.server.log.appender.buffer.byte-limit = 33554432 (custom)
2022-09-01 11:51:00,334 [omNode-2@group-6C22E66A003A-LeaderElection7] INFO  server.RaftServerConfigKeys (ConfUtils.java:logGet(46)) - raft.server.log.appender.buffer.element-limit = 1024 (custom)
2022-09-01 11:51:00,339 [omNode-2@group-6C22E66A003A-LeaderElection7] INFO  grpc.GrpcConfigKeys (ConfUtils.java:logGet(46)) - raft.grpc.server.leader.outstanding.appends.max = 128 (default)
2022-09-01 11:51:00,340 [omNode-2@group-6C22E66A003A-LeaderElection7] INFO  server.RaftServerConfigKeys (ConfUtils.java:logGet(46)) - raft.server.rpc.request.timeout = 3000ms (default)
2022-09-01 11:51:00,340 [omNode-2@group-6C22E66A003A-LeaderElection7] INFO  server.RaftServerConfigKeys (ConfUtils.java:logGet(46)) - raft.server.log.appender.install.snapshot.enabled = false (custom)
2022-09-01 11:51:00,341 [omNode-2@group-6C22E66A003A-LeaderElection7] INFO  server.RaftServerConfigKeys (ConfUtils.java:logGet(46)) - raft.server.log.appender.snapshot.chunk.size.max = 16MB (=16777216) (default)
2022-09-01 11:51:00,341 [omNode-2@group-6C22E66A003A-LeaderElection7] INFO  server.RaftServerConfigKeys (ConfUtils.java:logGet(46)) - raft.server.log.appender.buffer.byte-limit = 33554432 (custom)
2022-09-01 11:51:00,341 [omNode-2@group-6C22E66A003A-LeaderElection7] INFO  server.RaftServerConfigKeys (ConfUtils.java:logGet(46)) - raft.server.log.appender.buffer.element-limit = 1024 (custom)
2022-09-01 11:51:00,341 [omNode-2@group-6C22E66A003A-LeaderElection7] INFO  grpc.GrpcConfigKeys (ConfUtils.java:logGet(46)) - raft.grpc.server.leader.outstanding.appends.max = 128 (default)
2022-09-01 11:51:00,341 [omNode-2@group-6C22E66A003A-LeaderElection7] INFO  server.RaftServerConfigKeys (ConfUtils.java:logGet(46)) - raft.server.rpc.request.timeout = 3000ms (default)
2022-09-01 11:51:00,341 [omNode-2@group-6C22E66A003A-LeaderElection7] INFO  server.RaftServerConfigKeys (ConfUtils.java:logGet(46)) - raft.server.log.appender.install.snapshot.enabled = false (custom)
2022-09-01 11:51:00,341 [omNode-2@group-6C22E66A003A-LeaderElection7] INFO  impl.RoleInfo (RoleInfo.java:updateAndGet(139)) - omNode-2: start omNode-2@group-6C22E66A003A-LeaderStateImpl
2022-09-01 11:51:00,342 [omNode-2@group-6C22E66A003A-LeaderElection7] INFO  segmented.SegmentedRaftLogWorker (SegmentedRaftLogWorker.java:rollLogSegment(430)) - omNode-2@group-6C22E66A003A-SegmentedRaftLogWorker: Rolling segment log-0_0 to index:0
2022-09-01 11:51:00,343 [omNode-2@group-6C22E66A003A-SegmentedRaftLogWorker] INFO  segmented.SegmentedRaftLogWorker (SegmentedRaftLogWorker.java:execute(586)) - omNode-2@group-6C22E66A003A-SegmentedRaftLogWorker: Rolled log segment from /home/runner/work/ozone/ozone/hadoop-ozone/integration-test/target/test-dir/MiniOzoneClusterImpl-a1c451f0-9b10-458f-87dd-1ed43301bce6/omNode-2/ratis/9c9825ce-8ba7-3ee6-a7c3-6c22e66a003a/current/log_inprogress_0 to /home/runner/work/ozone/ozone/hadoop-ozone/integration-test/target/test-dir/MiniOzoneClusterImpl-a1c451f0-9b10-458f-87dd-1ed43301bce6/omNode-2/ratis/9c9825ce-8ba7-3ee6-a7c3-6c22e66a003a/current/log_0-0
2022-09-01 11:51:00,352 [omNode-2@group-6C22E66A003A-LeaderElection7] INFO  server.RaftServer$Division (ServerState.java:setRaftConf(393)) - omNode-2@group-6C22E66A003A: set configuration 1: [omNode-3|rpc:localhost:34139|admin:|client:|dataStream:|priority:0, omNode-1|rpc:localhost:33865|admin:|client:|dataStream:|priority:0, omNode-2|rpc:localhost:46587|admin:|client:|dataStream:|priority:0], old=null
2022-09-01 11:51:00,356 [omNode-1-server-thread1] INFO  server.RaftServer$Division (ServerState.java:setLeader(287)) - omNode-1@group-6C22E66A003A: change Leader from null to omNode-2 at term 4 for appendEntries, leader elected after 5247ms
2022-09-01 11:51:00,360 [omNode-1-server-thread1] INFO  server.RaftServer$Division (RaftServerImpl.java:checkInconsistentAppendEntries(1424)) - omNode-1@group-6C22E66A003A: Failed appendEntries as previous log entry ((t:1, i:0)) is not found
2022-09-01 11:51:00,360 [grpc-default-executor-0] INFO  server.RaftServer$Division (RaftServerImpl.java:requestVote(1184)) - omNode-3@group-6C22E66A003A replies to ELECTION vote request: omNode-2<-omNode-3#0:OK-t4. Peer's state: omNode-3@group-6C22E66A003A:t4, leader=null, voted=omNode-2, raftlog=omNode-3@group-6C22E66A003A-SegmentedRaftLog:OPENED:c-1, conf=0: [omNode-3|rpc:localhost:34139|admin:|client:|dataStream:|priority:0, omNode-1|rpc:localhost:33865|admin:|client:|dataStream:|priority:0, omNode-2|rpc:localhost:46587|admin:|client:|dataStream:|priority:0], old=null
2022-09-01 11:51:00,360 [omNode-1-server-thread1] INFO  server.RaftServer$Division (RaftServerImpl.java:checkInconsistentAppendEntries(1394)) - omNode-1@group-6C22E66A003A: inconsistency entries. Reply:omNode-2<-omNode-1#0:FAIL-t4,INCONSISTENCY,nextIndex=0,followerCommit=-1
2022-09-01 11:51:00,361 [omNode-3-server-thread1] INFO  server.RaftServer$Division (ServerState.java:setLeader(287)) - omNode-3@group-6C22E66A003A: change Leader from null to omNode-2 at term 4 for appendEntries, leader elected after 1083ms
2022-09-01 11:51:00,365 [omNode-3-server-thread1] INFO  server.RaftServer$Division (ServerState.java:setRaftConf(393)) - omNode-3@group-6C22E66A003A: set configuration 1: [omNode-3|rpc:localhost:34139|admin:|client:|dataStream:|priority:0, omNode-1|rpc:localhost:33865|admin:|client:|dataStream:|priority:0, omNode-2|rpc:localhost:46587|admin:|client:|dataStream:|priority:0], old=null
2022-09-01 11:51:00,365 [omNode-2@group-6C22E66A003A-SegmentedRaftLogWorker] INFO  segmented.SegmentedRaftLogWorker (SegmentedRaftLogWorker.java:execute(629)) - omNode-2@group-6C22E66A003A-SegmentedRaftLogWorker: created new log segment /home/runner/work/ozone/ozone/hadoop-ozone/integration-test/target/test-dir/MiniOzoneClusterImpl-a1c451f0-9b10-458f-87dd-1ed43301bce6/omNode-2/ratis/9c9825ce-8ba7-3ee6-a7c3-6c22e66a003a/current/log_inprogress_1
2022-09-01 11:51:00,367 [omNode-3@group-6C22E66A003A-StateMachineUpdater] INFO  ratis.OzoneManagerStateMachine (OzoneManagerStateMachine.java:notifyConfigurationChanged(192)) - Received Configuration change notification from Ratis. New Peer list:
[id: "omNode-3"
address: "localhost:34139"
, id: "omNode-1"
address: "localhost:33865"
, id: "omNode-2"
address: "localhost:46587"
]
2022-09-01 11:51:00,367 [omNode-3-server-thread1] INFO  segmented.SegmentedRaftLogWorker (SegmentedRaftLogWorker.java:rollLogSegment(430)) - omNode-3@group-6C22E66A003A-SegmentedRaftLogWorker: Rolling segment log-0_0 to index:0
2022-09-01 11:51:00,368 [grpc-default-executor-0] INFO  leader.FollowerInfo (FollowerInfoImpl.java:lambda$new$0(48)) - omNode-2@group-6C22E66A003A->omNode-1: nextIndex: updateUnconditionally 2 -> 0
2022-09-01 11:51:00,368 [omNode-3@group-6C22E66A003A-SegmentedRaftLogWorker] INFO  segmented.SegmentedRaftLogWorker (SegmentedRaftLogWorker.java:execute(586)) - omNode-3@group-6C22E66A003A-SegmentedRaftLogWorker: Rolled log segment from /home/runner/work/ozone/ozone/hadoop-ozone/integration-test/target/test-dir/MiniOzoneClusterImpl-a1c451f0-9b10-458f-87dd-1ed43301bce6/omNode-3/ratis/9c9825ce-8ba7-3ee6-a7c3-6c22e66a003a/current/log_inprogress_0 to /home/runner/work/ozone/ozone/hadoop-ozone/integration-test/target/test-dir/MiniOzoneClusterImpl-a1c451f0-9b10-458f-87dd-1ed43301bce6/omNode-3/ratis/9c9825ce-8ba7-3ee6-a7c3-6c22e66a003a/current/log_0-0
2022-09-01 11:51:00,369 [omNode-1-server-thread1] INFO  server.RaftServer$Division (RaftServerImpl.java:checkInconsistentAppendEntries(1424)) - omNode-1@group-6C22E66A003A: Failed appendEntries as previous log entry ((t:1, i:0)) is not found
2022-09-01 11:51:00,369 [omNode-1-server-thread1] INFO  server.RaftServer$Division (RaftServerImpl.java:checkInconsistentAppendEntries(1394)) - omNode-1@group-6C22E66A003A: inconsistency entries. Reply:omNode-2<-omNode-1#1:FAIL-t4,INCONSISTENCY,nextIndex=0,followerCommit=-1
2022-09-01 11:51:00,371 [grpc-default-executor-0] INFO  leader.FollowerInfo (FollowerInfoImpl.java:lambda$new$0(48)) - omNode-2@group-6C22E66A003A->omNode-1: nextIndex: updateUnconditionally 0 -> 0
2022-09-01 11:51:00,374 [omNode-1-server-thread1] INFO  server.RaftServer$Division (ServerState.java:setRaftConf(393)) - omNode-1@group-6C22E66A003A: set configuration 0: [omNode-3|rpc:localhost:34139|admin:|client:|dataStream:|priority:0, omNode-1|rpc:localhost:33865|admin:|client:|dataStream:|priority:0, omNode-2|rpc:localhost:46587|admin:|client:|dataStream:|priority:0], old=null
2022-09-01 11:51:00,374 [omNode-1-server-thread1] INFO  server.RaftServer$Division (ServerState.java:setRaftConf(393)) - omNode-1@group-6C22E66A003A: set configuration 1: [omNode-3|rpc:localhost:34139|admin:|client:|dataStream:|priority:0, omNode-1|rpc:localhost:33865|admin:|client:|dataStream:|priority:0, omNode-2|rpc:localhost:46587|admin:|client:|dataStream:|priority:0], old=null
2022-09-01 11:51:00,374 [omNode-1-server-thread1] INFO  segmented.SegmentedRaftLogWorker (SegmentedRaftLogWorker.java:startLogSegment(425)) - omNode-1@group-6C22E66A003A-SegmentedRaftLogWorker: Starting segment from index:0
2022-09-01 11:51:00,375 [omNode-1-server-thread1] INFO  segmented.SegmentedRaftLogWorker (SegmentedRaftLogWorker.java:rollLogSegment(430)) - omNode-1@group-6C22E66A003A-SegmentedRaftLogWorker: Rolling segment log-0_0 to index:0
2022-09-01 11:51:00,392 [omNode-3@group-6C22E66A003A-SegmentedRaftLogWorker] INFO  segmented.SegmentedRaftLogWorker (SegmentedRaftLogWorker.java:execute(629)) - omNode-3@group-6C22E66A003A-SegmentedRaftLogWorker: created new log segment /home/runner/work/ozone/ozone/hadoop-ozone/integration-test/target/test-dir/MiniOzoneClusterImpl-a1c451f0-9b10-458f-87dd-1ed43301bce6/omNode-3/ratis/9c9825ce-8ba7-3ee6-a7c3-6c22e66a003a/current/log_inprogress_1
2022-09-01 11:51:00,392 [omNode-1@group-6C22E66A003A-SegmentedRaftLogWorker] INFO  segmented.SegmentedRaftLogWorker (SegmentedRaftLogWorker.java:execute(629)) - omNode-1@group-6C22E66A003A-SegmentedRaftLogWorker: created new log segment /home/runner/work/ozone/ozone/hadoop-ozone/integration-test/target/test-dir/MiniOzoneClusterImpl-a1c451f0-9b10-458f-87dd-1ed43301bce6/omNode-1/ratis/9c9825ce-8ba7-3ee6-a7c3-6c22e66a003a/current/log_inprogress_0
2022-09-01 11:51:00,394 [omNode-1@group-6C22E66A003A-SegmentedRaftLogWorker] INFO  segmented.SegmentedRaftLogWorker (SegmentedRaftLogWorker.java:execute(586)) - omNode-1@group-6C22E66A003A-SegmentedRaftLogWorker: Rolled log segment from /home/runner/work/ozone/ozone/hadoop-ozone/integration-test/target/test-dir/MiniOzoneClusterImpl-a1c451f0-9b10-458f-87dd-1ed43301bce6/omNode-1/ratis/9c9825ce-8ba7-3ee6-a7c3-6c22e66a003a/current/log_inprogress_0 to /home/runner/work/ozone/ozone/hadoop-ozone/integration-test/target/test-dir/MiniOzoneClusterImpl-a1c451f0-9b10-458f-87dd-1ed43301bce6/omNode-1/ratis/9c9825ce-8ba7-3ee6-a7c3-6c22e66a003a/current/log_0-0
2022-09-01 11:51:00,408 [omNode-2@group-6C22E66A003A-StateMachineUpdater] INFO  ratis.OzoneManagerStateMachine (OzoneManagerStateMachine.java:notifyConfigurationChanged(192)) - Received Configuration change notification from Ratis. New Peer list:
[id: "omNode-3"
address: "localhost:34139"
, id: "omNode-1"
address: "localhost:33865"
, id: "omNode-2"
address: "localhost:46587"
]
2022-09-01 11:51:00,409 [omNode-1@group-6C22E66A003A-SegmentedRaftLogWorker] INFO  segmented.SegmentedRaftLogWorker (SegmentedRaftLogWorker.java:execute(629)) - omNode-1@group-6C22E66A003A-SegmentedRaftLogWorker: created new log segment /home/runner/work/ozone/ozone/hadoop-ozone/integration-test/target/test-dir/MiniOzoneClusterImpl-a1c451f0-9b10-458f-87dd-1ed43301bce6/omNode-1/ratis/9c9825ce-8ba7-3ee6-a7c3-6c22e66a003a/current/log_inprogress_1
2022-09-01 11:51:00,413 [omNode-3@group-6C22E66A003A-StateMachineUpdater] INFO  ratis.OzoneManagerStateMachine (OzoneManagerStateMachine.java:notifyConfigurationChanged(192)) - Received Configuration change notification from Ratis. New Peer list:
[id: "omNode-3"
address: "localhost:34139"
, id: "omNode-1"
address: "localhost:33865"
, id: "omNode-2"
address: "localhost:46587"
]
2022-09-01 11:51:00,421 [omNode-1@group-6C22E66A003A-StateMachineUpdater] INFO  ratis.OzoneManagerStateMachine (OzoneManagerStateMachine.java:notifyConfigurationChanged(192)) - Received Configuration change notification from Ratis. New Peer list:
[id: "omNode-3"
address: "localhost:34139"
, id: "omNode-1"
address: "localhost:33865"
, id: "omNode-2"
address: "localhost:46587"
]
2022-09-01 11:51:00,424 [omNode-1@group-6C22E66A003A-StateMachineUpdater] INFO  ratis.OzoneManagerStateMachine (OzoneManagerStateMachine.java:notifyConfigurationChanged(192)) - Received Configuration change notification from Ratis. New Peer list:
[id: "omNode-3"
address: "localhost:34139"
, id: "omNode-1"
address: "localhost:33865"
, id: "omNode-2"
address: "localhost:46587"
]
2022-09-01 11:51:00,985 [Listener at 127.0.0.1/40551] INFO  ozone.MiniOzoneClusterImpl (MiniOzoneClusterImpl.java:lambda$waitForClusterToBeReady$0(216)) - Waiting for nodes to be ready. Got 0 of 3 DN Heartbeats.
2022-09-01 11:51:00,986 [Listener at 127.0.0.1/40551] INFO  ozone.MiniOzoneClusterImpl (MiniOzoneClusterImpl.java:lambda$waitForClusterToBeReady$0(219)) - Waiting for cluster to exit safe mode
2022-09-01 11:51:00,986 [Listener at 127.0.0.1/40551] INFO  ozone.MiniOzoneClusterImpl (MiniOzoneClusterImpl.java:lambda$waitForClusterToBeReady$0(221)) - SCM became leader
2022-09-01 11:51:01,306 [EndpointStateMachine task thread for /127.0.0.1:41671 - 0 ] INFO  volume.HddsVolume (HddsVolume.java:createDbStore(310)) - SchemaV3 db is created and loaded at /home/runner/work/ozone/ozone/hadoop-ozone/integration-test/target/test-dir/MiniOzoneClusterImpl-a1c451f0-9b10-458f-87dd-1ed43301bce6/datanode-0/data-0/containers/hdds/a1c451f0-9b10-458f-87dd-1ed43301bce6/DS-451cef5f-1e20-4ad7-a3e1-82ac74a9573f/container.db for volume DS-451cef5f-1e20-4ad7-a3e1-82ac74a9573f
2022-09-01 11:51:01,356 [EndpointStateMachine task thread for /127.0.0.1:41671 - 0 ] INFO  volume.HddsVolume (HddsVolume.java:closeDbStore(341)) - SchemaV3 db is stopped at /home/runner/work/ozone/ozone/hadoop-ozone/integration-test/target/test-dir/MiniOzoneClusterImpl-a1c451f0-9b10-458f-87dd-1ed43301bce6/datanode-0/data-0/containers/hdds/a1c451f0-9b10-458f-87dd-1ed43301bce6/DS-451cef5f-1e20-4ad7-a3e1-82ac74a9573f/container.db for volume DS-451cef5f-1e20-4ad7-a3e1-82ac74a9573f
2022-09-01 11:51:01,357 [EndpointStateMachine task thread for /127.0.0.1:41671 - 0 ] INFO  ozoneimpl.OzoneContainer (OzoneContainer.java:start(378)) - Attempting to start container services.
2022-09-01 11:51:01,367 [EndpointStateMachine task thread for /127.0.0.1:41671 - 0 ] INFO  ozoneimpl.OzoneContainer (OzoneContainer.java:startContainerScrub(313)) - Background container scanner has been disabled.
2022-09-01 11:51:01,375 [EndpointStateMachine task thread for /127.0.0.1:41671 - 0 ] INFO  replication.ReplicationServer (ReplicationServer.java:start(111)) - ReplicationServer is started using port 43663
2022-09-01 11:51:01,379 [EndpointStateMachine task thread for /127.0.0.1:41671 - 0 ] INFO  ratis.XceiverServerRatis (XceiverServerRatis.java:start(481)) - Starting XceiverServerRatis 19f1ba4d-0ac4-417a-a768-c4a6f2a4cb21
2022-09-01 11:51:01,383 [EndpointStateMachine task thread for /127.0.0.1:41671 - 0 ] INFO  server.RaftServer (RaftServerProxy.java:lambda$start$6(382)) - 19f1ba4d-0ac4-417a-a768-c4a6f2a4cb21: start RPC server
2022-09-01 11:51:01,386 [EndpointStateMachine task thread for /127.0.0.1:41671 - 0 ] INFO  server.GrpcService (GrpcService.java:startImpl(260)) - 19f1ba4d-0ac4-417a-a768-c4a6f2a4cb21: GrpcService started, listening on 36057
2022-09-01 11:51:01,386 [EndpointStateMachine task thread for /127.0.0.1:41671 - 0 ] INFO  ratis.XceiverServerRatis (XceiverServerRatis.java:getRealPort(502)) - XceiverServerRatis 19f1ba4d-0ac4-417a-a768-c4a6f2a4cb21 is started using port 36057 for RATIS
2022-09-01 11:51:01,387 [EndpointStateMachine task thread for /127.0.0.1:41671 - 0 ] INFO  ratis.XceiverServerRatis (XceiverServerRatis.java:getRealPort(502)) - XceiverServerRatis 19f1ba4d-0ac4-417a-a768-c4a6f2a4cb21 is started using port 36057 for RATIS_ADMIN
2022-09-01 11:51:01,387 [EndpointStateMachine task thread for /127.0.0.1:41671 - 0 ] INFO  ratis.XceiverServerRatis (XceiverServerRatis.java:getRealPort(502)) - XceiverServerRatis 19f1ba4d-0ac4-417a-a768-c4a6f2a4cb21 is started using port 36057 for RATIS_SERVER
2022-09-01 11:51:01,387 [org.apache.ratis.util.JvmPauseMonitor$$Lambda$519/975069640@ef0ce15] INFO  util.JvmPauseMonitor (JvmPauseMonitor.java:run(103)) - JvmPauseMonitor-19f1ba4d-0ac4-417a-a768-c4a6f2a4cb21: Started
2022-09-01 11:51:01,392 [EndpointStateMachine task thread for /127.0.0.1:41671 - 0 ] INFO  server.XceiverServerGrpc (XceiverServerGrpc.java:start(180)) - XceiverServerGrpc 19f1ba4d-0ac4-417a-a768-c4a6f2a4cb21 is started using port 37635
2022-09-01 11:51:01,397 [EndpointStateMachine task thread for /127.0.0.1:38463 - 0 ] INFO  ozoneimpl.OzoneContainer (OzoneContainer.java:start(374)) - Ignore. OzoneContainer already started.
2022-09-01 11:51:01,397 [EndpointStateMachine task thread for /127.0.0.1:42041 - 0 ] INFO  ozoneimpl.OzoneContainer (OzoneContainer.java:start(374)) - Ignore. OzoneContainer already started.
2022-09-01 11:51:01,714 [EndpointStateMachine task thread for /127.0.0.1:38463 - 0 ] INFO  volume.HddsVolume (HddsVolume.java:createDbStore(310)) - SchemaV3 db is created and loaded at /home/runner/work/ozone/ozone/hadoop-ozone/integration-test/target/test-dir/MiniOzoneClusterImpl-a1c451f0-9b10-458f-87dd-1ed43301bce6/datanode-1/data-0/containers/hdds/a1c451f0-9b10-458f-87dd-1ed43301bce6/DS-6ad105a9-58e1-4878-9b99-1ed95f18e38c/container.db for volume DS-6ad105a9-58e1-4878-9b99-1ed95f18e38c
2022-09-01 11:51:01,715 [EndpointStateMachine task thread for /127.0.0.1:38463 - 0 ] INFO  volume.HddsVolume (HddsVolume.java:closeDbStore(341)) - SchemaV3 db is stopped at /home/runner/work/ozone/ozone/hadoop-ozone/integration-test/target/test-dir/MiniOzoneClusterImpl-a1c451f0-9b10-458f-87dd-1ed43301bce6/datanode-1/data-0/containers/hdds/a1c451f0-9b10-458f-87dd-1ed43301bce6/DS-6ad105a9-58e1-4878-9b99-1ed95f18e38c/container.db for volume DS-6ad105a9-58e1-4878-9b99-1ed95f18e38c
2022-09-01 11:51:01,716 [EndpointStateMachine task thread for /127.0.0.1:41671 - 0 ] INFO  ozoneimpl.OzoneContainer (OzoneContainer.java:start(378)) - Attempting to start container services.
2022-09-01 11:51:01,716 [EndpointStateMachine task thread for /127.0.0.1:41671 - 0 ] INFO  ozoneimpl.OzoneContainer (OzoneContainer.java:startContainerScrub(313)) - Background container scanner has been disabled.
2022-09-01 11:51:01,720 [EndpointStateMachine task thread for /127.0.0.1:41671 - 0 ] INFO  replication.ReplicationServer (ReplicationServer.java:start(111)) - ReplicationServer is started using port 39523
2022-09-01 11:51:01,723 [EndpointStateMachine task thread for /127.0.0.1:41671 - 0 ] INFO  ratis.XceiverServerRatis (XceiverServerRatis.java:start(481)) - Starting XceiverServerRatis 953192fd-2d2b-4a2c-9bab-3b1036121bcc
2022-09-01 11:51:01,725 [EndpointStateMachine task thread for /127.0.0.1:41671 - 0 ] INFO  server.RaftServer (RaftServerProxy.java:lambda$start$6(382)) - 953192fd-2d2b-4a2c-9bab-3b1036121bcc: start RPC server
2022-09-01 11:51:01,727 [EndpointStateMachine task thread for /127.0.0.1:41671 - 0 ] INFO  server.GrpcService (GrpcService.java:startImpl(260)) - 953192fd-2d2b-4a2c-9bab-3b1036121bcc: GrpcService started, listening on 45107
2022-09-01 11:51:01,728 [EndpointStateMachine task thread for /127.0.0.1:41671 - 0 ] INFO  ratis.XceiverServerRatis (XceiverServerRatis.java:getRealPort(502)) - XceiverServerRatis 953192fd-2d2b-4a2c-9bab-3b1036121bcc is started using port 45107 for RATIS
2022-09-01 11:51:01,728 [EndpointStateMachine task thread for /127.0.0.1:41671 - 0 ] INFO  ratis.XceiverServerRatis (XceiverServerRatis.java:getRealPort(502)) - XceiverServerRatis 953192fd-2d2b-4a2c-9bab-3b1036121bcc is started using port 45107 for RATIS_ADMIN
2022-09-01 11:51:01,728 [EndpointStateMachine task thread for /127.0.0.1:41671 - 0 ] INFO  ratis.XceiverServerRatis (XceiverServerRatis.java:getRealPort(502)) - XceiverServerRatis 953192fd-2d2b-4a2c-9bab-3b1036121bcc is started using port 45107 for RATIS_SERVER
2022-09-01 11:51:01,728 [org.apache.ratis.util.JvmPauseMonitor$$Lambda$519/975069640@1049aca5] INFO  util.JvmPauseMonitor (JvmPauseMonitor.java:run(103)) - JvmPauseMonitor-953192fd-2d2b-4a2c-9bab-3b1036121bcc: Started
2022-09-01 11:51:01,732 [EndpointStateMachine task thread for /127.0.0.1:41671 - 0 ] INFO  server.XceiverServerGrpc (XceiverServerGrpc.java:start(180)) - XceiverServerGrpc 953192fd-2d2b-4a2c-9bab-3b1036121bcc is started using port 33643
2022-09-01 11:51:01,741 [EndpointStateMachine task thread for /127.0.0.1:38463 - 0 ] INFO  ozoneimpl.OzoneContainer (OzoneContainer.java:start(374)) - Ignore. OzoneContainer already started.
2022-09-01 11:51:01,741 [EndpointStateMachine task thread for /127.0.0.1:42041 - 0 ] INFO  ozoneimpl.OzoneContainer (OzoneContainer.java:start(374)) - Ignore. OzoneContainer already started.
2022-09-01 11:51:01,986 [Listener at 127.0.0.1/40551] INFO  ozone.MiniOzoneClusterImpl (MiniOzoneClusterImpl.java:lambda$waitForClusterToBeReady$0(216)) - Waiting for nodes to be ready. Got 0 of 3 DN Heartbeats.
2022-09-01 11:51:01,986 [Listener at 127.0.0.1/40551] INFO  ozone.MiniOzoneClusterImpl (MiniOzoneClusterImpl.java:lambda$waitForClusterToBeReady$0(219)) - Waiting for cluster to exit safe mode
2022-09-01 11:51:01,986 [Listener at 127.0.0.1/40551] INFO  ozone.MiniOzoneClusterImpl (MiniOzoneClusterImpl.java:lambda$waitForClusterToBeReady$0(221)) - SCM became leader
2022-09-01 11:51:02,056 [EndpointStateMachine task thread for /127.0.0.1:38463 - 0 ] INFO  volume.HddsVolume (HddsVolume.java:createDbStore(310)) - SchemaV3 db is created and loaded at /home/runner/work/ozone/ozone/hadoop-ozone/integration-test/target/test-dir/MiniOzoneClusterImpl-a1c451f0-9b10-458f-87dd-1ed43301bce6/datanode-2/data-0/containers/hdds/a1c451f0-9b10-458f-87dd-1ed43301bce6/DS-2d70bbc5-0ff5-43b8-bb04-4eff849264e4/container.db for volume DS-2d70bbc5-0ff5-43b8-bb04-4eff849264e4
2022-09-01 11:51:02,057 [EndpointStateMachine task thread for /127.0.0.1:38463 - 0 ] INFO  volume.HddsVolume (HddsVolume.java:closeDbStore(341)) - SchemaV3 db is stopped at /home/runner/work/ozone/ozone/hadoop-ozone/integration-test/target/test-dir/MiniOzoneClusterImpl-a1c451f0-9b10-458f-87dd-1ed43301bce6/datanode-2/data-0/containers/hdds/a1c451f0-9b10-458f-87dd-1ed43301bce6/DS-2d70bbc5-0ff5-43b8-bb04-4eff849264e4/container.db for volume DS-2d70bbc5-0ff5-43b8-bb04-4eff849264e4
2022-09-01 11:51:02,057 [EndpointStateMachine task thread for /127.0.0.1:38463 - 0 ] INFO  ozoneimpl.OzoneContainer (OzoneContainer.java:start(378)) - Attempting to start container services.
2022-09-01 11:51:02,057 [EndpointStateMachine task thread for /127.0.0.1:38463 - 0 ] INFO  ozoneimpl.OzoneContainer (OzoneContainer.java:startContainerScrub(313)) - Background container scanner has been disabled.
2022-09-01 11:51:02,064 [EndpointStateMachine task thread for /127.0.0.1:38463 - 0 ] INFO  replication.ReplicationServer (ReplicationServer.java:start(111)) - ReplicationServer is started using port 40437
2022-09-01 11:51:02,064 [EndpointStateMachine task thread for /127.0.0.1:38463 - 0 ] INFO  ratis.XceiverServerRatis (XceiverServerRatis.java:start(481)) - Starting XceiverServerRatis 53230697-4daa-462d-80e4-75ca566b1cfd
2022-09-01 11:51:02,067 [EndpointStateMachine task thread for /127.0.0.1:38463 - 0 ] INFO  server.RaftServer (RaftServerProxy.java:lambda$start$6(382)) - 53230697-4daa-462d-80e4-75ca566b1cfd: start RPC server
2022-09-01 11:51:02,074 [EndpointStateMachine task thread for /127.0.0.1:38463 - 0 ] INFO  server.GrpcService (GrpcService.java:startImpl(260)) - 53230697-4daa-462d-80e4-75ca566b1cfd: GrpcService started, listening on 39827
2022-09-01 11:51:02,074 [EndpointStateMachine task thread for /127.0.0.1:38463 - 0 ] INFO  ratis.XceiverServerRatis (XceiverServerRatis.java:getRealPort(502)) - XceiverServerRatis 53230697-4daa-462d-80e4-75ca566b1cfd is started using port 39827 for RATIS
2022-09-01 11:51:02,074 [org.apache.ratis.util.JvmPauseMonitor$$Lambda$519/975069640@29645cd2] INFO  util.JvmPauseMonitor (JvmPauseMonitor.java:run(103)) - JvmPauseMonitor-53230697-4daa-462d-80e4-75ca566b1cfd: Started
2022-09-01 11:51:02,074 [EndpointStateMachine task thread for /127.0.0.1:38463 - 0 ] INFO  ratis.XceiverServerRatis (XceiverServerRatis.java:getRealPort(502)) - XceiverServerRatis 53230697-4daa-462d-80e4-75ca566b1cfd is started using port 39827 for RATIS_ADMIN
2022-09-01 11:51:02,075 [EndpointStateMachine task thread for /127.0.0.1:38463 - 0 ] INFO  ratis.XceiverServerRatis (XceiverServerRatis.java:getRealPort(502)) - XceiverServerRatis 53230697-4daa-462d-80e4-75ca566b1cfd is started using port 39827 for RATIS_SERVER
2022-09-01 11:51:02,078 [EndpointStateMachine task thread for /127.0.0.1:38463 - 0 ] INFO  server.XceiverServerGrpc (XceiverServerGrpc.java:start(180)) - XceiverServerGrpc 53230697-4daa-462d-80e4-75ca566b1cfd is started using port 35517
2022-09-01 11:51:02,090 [EndpointStateMachine task thread for /127.0.0.1:41671 - 0 ] INFO  ozoneimpl.OzoneContainer (OzoneContainer.java:start(374)) - Ignore. OzoneContainer already started.
2022-09-01 11:51:02,090 [EndpointStateMachine task thread for /127.0.0.1:42041 - 0 ] INFO  ozoneimpl.OzoneContainer (OzoneContainer.java:start(374)) - Ignore. OzoneContainer already started.
2022-09-01 11:51:02,986 [Listener at 127.0.0.1/40551] INFO  ozone.MiniOzoneClusterImpl (MiniOzoneClusterImpl.java:lambda$waitForClusterToBeReady$0(216)) - Waiting for nodes to be ready. Got 0 of 3 DN Heartbeats.
2022-09-01 11:51:02,987 [Listener at 127.0.0.1/40551] INFO  ozone.MiniOzoneClusterImpl (MiniOzoneClusterImpl.java:lambda$waitForClusterToBeReady$0(219)) - Waiting for cluster to exit safe mode
2022-09-01 11:51:02,987 [Listener at 127.0.0.1/40551] INFO  ozone.MiniOzoneClusterImpl (MiniOzoneClusterImpl.java:lambda$waitForClusterToBeReady$0(221)) - SCM became leader
2022-09-01 11:51:03,204 [IPC Server handler 16 on default port 38463] INFO  net.NetworkTopologyImpl (NetworkTopologyImpl.java:add(112)) - Added a new node: /default-rack/19f1ba4d-0ac4-417a-a768-c4a6f2a4cb21
2022-09-01 11:51:03,205 [IPC Server handler 1 on default port 41671] INFO  net.NetworkTopologyImpl (NetworkTopologyImpl.java:add(112)) - Added a new node: /default-rack/19f1ba4d-0ac4-417a-a768-c4a6f2a4cb21
2022-09-01 11:51:03,209 [IPC Server handler 1 on default port 42041] INFO  net.NetworkTopologyImpl (NetworkTopologyImpl.java:add(112)) - Added a new node: /default-rack/19f1ba4d-0ac4-417a-a768-c4a6f2a4cb21
2022-09-01 11:51:03,210 [IPC Server handler 1 on default port 41671] INFO  node.SCMNodeManager (SCMNodeManager.java:register(397)) - Registered Data node : 19f1ba4d-0ac4-417a-a768-c4a6f2a4cb21{ip: 127.0.0.1, host: localhost, ports: [REPLICATION=43663, RATIS=36057, RATIS_ADMIN=36057, RATIS_SERVER=36057, STANDALONE=37635], networkLocation: /default-rack, certSerialId: null, persistedOpState: null, persistedOpStateExpiryEpochSec: 0}
2022-09-01 11:51:03,210 [IPC Server handler 1 on default port 42041] INFO  node.SCMNodeManager (SCMNodeManager.java:register(397)) - Registered Data node : 19f1ba4d-0ac4-417a-a768-c4a6f2a4cb21{ip: 127.0.0.1, host: localhost, ports: [REPLICATION=43663, RATIS=36057, RATIS_ADMIN=36057, RATIS_SERVER=36057, STANDALONE=37635], networkLocation: /default-rack, certSerialId: null, persistedOpState: null, persistedOpStateExpiryEpochSec: 0}
2022-09-01 11:51:03,210 [IPC Server handler 16 on default port 38463] INFO  node.SCMNodeManager (SCMNodeManager.java:register(397)) - Registered Data node : 19f1ba4d-0ac4-417a-a768-c4a6f2a4cb21{ip: 127.0.0.1, host: localhost, ports: [REPLICATION=43663, RATIS=36057, RATIS_ADMIN=36057, RATIS_SERVER=36057, STANDALONE=37635], networkLocation: /default-rack, certSerialId: null, persistedOpState: null, persistedOpStateExpiryEpochSec: 0}
2022-09-01 11:51:03,218 [EventQueue-NodeRegistrationContainerReportForDataNodeSafeModeRule] INFO  safemode.SCMSafeModeManager (DataNodeSafeModeRule.java:process(71)) - SCM in safe mode. 1 DataNodes registered, 3 required.
2022-09-01 11:51:03,218 [EventQueue-NewNodeForNewNodeHandler] INFO  pipeline.BackgroundPipelineCreator (BackgroundPipelineCreator.java:notifyEventTriggered(276)) - trigger a one-shot run on RatisPipelineUtilsThread.
2022-09-01 11:51:03,228 [RatisPipelineUtilsThread - 0] INFO  pipeline.RatisPipelineProvider (RatisPipelineProvider.java:lambda$create$0(195)) - Sending CreatePipelineCommand for pipeline:PipelineID=ef5542ee-4c74-4864-92fe-e09716c36438 to datanode:19f1ba4d-0ac4-417a-a768-c4a6f2a4cb21
2022-09-01 11:51:03,225 [EventQueue-NodeRegistrationContainerReportForContainerSafeModeRule] INFO  safemode.SCMSafeModeManager (SCMSafeModeManager.java:validateSafeModeExitRules(204)) - ContainerSafeModeRule rule is successfully validated
2022-09-01 11:51:03,232 [EventQueue-PipelineReportForOneReplicaPipelineSafeModeRule] INFO  safemode.SCMSafeModeManager (SCMSafeModeManager.java:validateSafeModeExitRules(204)) - AtleastOneDatanodeReportedRule rule is successfully validated
2022-09-01 11:51:03,232 [EventQueue-NewNodeForNewNodeHandler] INFO  pipeline.BackgroundPipelineCreator (BackgroundPipelineCreator.java:notifyEventTriggered(269)) - ignore, not leader SCM.
2022-09-01 11:51:03,235 [EventQueue-NewNodeForNewNodeHandler] INFO  pipeline.BackgroundPipelineCreator (BackgroundPipelineCreator.java:notifyEventTriggered(269)) - ignore, not leader SCM.
2022-09-01 11:51:03,229 [EventQueue-NodeRegistrationContainerReportForDataNodeSafeModeRule] INFO  safemode.SCMSafeModeManager (DataNodeSafeModeRule.java:process(71)) - SCM in safe mode. 1 DataNodes registered, 3 required.
2022-09-01 11:51:03,236 [EventQueue-NodeRegistrationContainerReportForContainerSafeModeRule] INFO  safemode.SCMSafeModeManager (SCMSafeModeManager.java:validateSafeModeExitRules(204)) - ContainerSafeModeRule rule is successfully validated
2022-09-01 11:51:03,239 [EventQueue-NodeRegistrationContainerReportForContainerSafeModeRule] INFO  safemode.SCMSafeModeManager (SCMSafeModeManager.java:validateSafeModeExitRules(204)) - ContainerSafeModeRule rule is successfully validated
2022-09-01 11:51:03,241 [EventQueue-PipelineReportForOneReplicaPipelineSafeModeRule] INFO  safemode.SCMSafeModeManager (SCMSafeModeManager.java:validateSafeModeExitRules(204)) - AtleastOneDatanodeReportedRule rule is successfully validated
2022-09-01 11:51:03,230 [EventQueue-NodeRegistrationContainerReportForDataNodeSafeModeRule] INFO  safemode.SCMSafeModeManager (DataNodeSafeModeRule.java:process(71)) - SCM in safe mode. 1 DataNodes registered, 3 required.
2022-09-01 11:51:03,242 [EventQueue-PipelineReportForOneReplicaPipelineSafeModeRule] INFO  safemode.SCMSafeModeManager (SCMSafeModeManager.java:validateSafeModeExitRules(204)) - AtleastOneDatanodeReportedRule rule is successfully validated
2022-09-01 11:51:03,313 [76b5452b-5401-496a-924e-e3833b3fb27e@group-1ED43301BCE6-StateMachineUpdater] INFO  pipeline.PipelineStateManagerImpl (PipelineStateManagerImpl.java:addPipeline(103)) - Created pipeline Pipeline[ Id: ef5542ee-4c74-4864-92fe-e09716c36438, Nodes: 19f1ba4d-0ac4-417a-a768-c4a6f2a4cb21{ip: 127.0.0.1, host: localhost, ports: [REPLICATION=43663, RATIS=36057, RATIS_ADMIN=36057, RATIS_SERVER=36057, STANDALONE=37635], networkLocation: /default-rack, certSerialId: null, persistedOpState: IN_SERVICE, persistedOpStateExpiryEpochSec: 0}, ReplicationConfig: RATIS/ONE, State:ALLOCATED, leaderId:, CreationTimestamp2022-09-01T11:51:03.227Z[Etc/UTC]].
2022-09-01 11:51:03,315 [76b5452b-5401-496a-924e-e3833b3fb27e@group-1ED43301BCE6-StateMachineUpdater] INFO  safemode.HealthyPipelineSafeModeRule (HealthyPipelineSafeModeRule.java:initializeRule(165)) - Refreshed total pipeline count is 0, healthy pipeline threshold count is 1
2022-09-01 11:51:03,317 [5ae0c8ef-e091-4d1b-9d6c-68c2daa287ce@group-1ED43301BCE6-StateMachineUpdater] INFO  pipeline.PipelineStateManagerImpl (PipelineStateManagerImpl.java:addPipeline(103)) - Created pipeline Pipeline[ Id: ef5542ee-4c74-4864-92fe-e09716c36438, Nodes: 19f1ba4d-0ac4-417a-a768-c4a6f2a4cb21{ip: 127.0.0.1, host: localhost, ports: [REPLICATION=43663, RATIS=36057, RATIS_ADMIN=36057, RATIS_SERVER=36057, STANDALONE=37635], networkLocation: /default-rack, certSerialId: null, persistedOpState: IN_SERVICE, persistedOpStateExpiryEpochSec: 0}, ReplicationConfig: RATIS/ONE, State:ALLOCATED, leaderId:, CreationTimestamp2022-09-01T11:51:03.227Z[Etc/UTC]].
2022-09-01 11:51:03,330 [5ae0c8ef-e091-4d1b-9d6c-68c2daa287ce@group-1ED43301BCE6-StateMachineUpdater] INFO  safemode.HealthyPipelineSafeModeRule (HealthyPipelineSafeModeRule.java:initializeRule(165)) - Refreshed total pipeline count is 0, healthy pipeline threshold count is 1
2022-09-01 11:51:03,322 [56131482-92e3-4731-b18b-d0972f1f7686@group-1ED43301BCE6-StateMachineUpdater] INFO  pipeline.PipelineStateManagerImpl (PipelineStateManagerImpl.java:addPipeline(103)) - Created pipeline Pipeline[ Id: ef5542ee-4c74-4864-92fe-e09716c36438, Nodes: 19f1ba4d-0ac4-417a-a768-c4a6f2a4cb21{ip: 127.0.0.1, host: localhost, ports: [REPLICATION=43663, RATIS=36057, RATIS_ADMIN=36057, RATIS_SERVER=36057, STANDALONE=37635], networkLocation: /default-rack, certSerialId: null, persistedOpState: IN_SERVICE, persistedOpStateExpiryEpochSec: 0}, ReplicationConfig: RATIS/ONE, State:ALLOCATED, leaderId:, CreationTimestamp2022-09-01T11:51:03.227Z[Etc/UTC]].
2022-09-01 11:51:03,333 [56131482-92e3-4731-b18b-d0972f1f7686@group-1ED43301BCE6-StateMachineUpdater] INFO  safemode.HealthyPipelineSafeModeRule (HealthyPipelineSafeModeRule.java:initializeRule(165)) - Refreshed total pipeline count is 0, healthy pipeline threshold count is 1
2022-09-01 11:51:03,663 [IPC Server handler 2 on default port 41671] INFO  net.NetworkTopologyImpl (NetworkTopologyImpl.java:add(112)) - Added a new node: /default-rack/953192fd-2d2b-4a2c-9bab-3b1036121bcc
2022-09-01 11:51:03,665 [IPC Server handler 2 on default port 41671] INFO  node.SCMNodeManager (SCMNodeManager.java:register(397)) - Registered Data node : 953192fd-2d2b-4a2c-9bab-3b1036121bcc{ip: 127.0.0.1, host: localhost, ports: [REPLICATION=39523, RATIS=45107, RATIS_ADMIN=45107, RATIS_SERVER=45107, STANDALONE=33643], networkLocation: /default-rack, certSerialId: null, persistedOpState: null, persistedOpStateExpiryEpochSec: 0}
2022-09-01 11:51:03,663 [IPC Server handler 0 on default port 42041] INFO  net.NetworkTopologyImpl (NetworkTopologyImpl.java:add(112)) - Added a new node: /default-rack/953192fd-2d2b-4a2c-9bab-3b1036121bcc
2022-09-01 11:51:03,665 [IPC Server handler 0 on default port 42041] INFO  node.SCMNodeManager (SCMNodeManager.java:register(397)) - Registered Data node : 953192fd-2d2b-4a2c-9bab-3b1036121bcc{ip: 127.0.0.1, host: localhost, ports: [REPLICATION=39523, RATIS=45107, RATIS_ADMIN=45107, RATIS_SERVER=45107, STANDALONE=33643], networkLocation: /default-rack, certSerialId: null, persistedOpState: null, persistedOpStateExpiryEpochSec: 0}
2022-09-01 11:51:03,666 [EventQueue-NewNodeForNewNodeHandler] INFO  pipeline.BackgroundPipelineCreator (BackgroundPipelineCreator.java:notifyEventTriggered(269)) - ignore, not leader SCM.
2022-09-01 11:51:03,666 [IPC Server handler 0 on default port 38463] INFO  net.NetworkTopologyImpl (NetworkTopologyImpl.java:add(112)) - Added a new node: /default-rack/953192fd-2d2b-4a2c-9bab-3b1036121bcc
2022-09-01 11:51:03,666 [IPC Server handler 0 on default port 38463] INFO  node.SCMNodeManager (SCMNodeManager.java:register(397)) - Registered Data node : 953192fd-2d2b-4a2c-9bab-3b1036121bcc{ip: 127.0.0.1, host: localhost, ports: [REPLICATION=39523, RATIS=45107, RATIS_ADMIN=45107, RATIS_SERVER=45107, STANDALONE=33643], networkLocation: /default-rack, certSerialId: null, persistedOpState: null, persistedOpStateExpiryEpochSec: 0}
2022-09-01 11:51:03,667 [EventQueue-NewNodeForNewNodeHandler] INFO  pipeline.BackgroundPipelineCreator (BackgroundPipelineCreator.java:notifyEventTriggered(269)) - ignore, not leader SCM.
2022-09-01 11:51:03,667 [EventQueue-NodeRegistrationContainerReportForDataNodeSafeModeRule] INFO  safemode.SCMSafeModeManager (DataNodeSafeModeRule.java:process(71)) - SCM in safe mode. 2 DataNodes registered, 3 required.
2022-09-01 11:51:03,668 [EventQueue-NodeRegistrationContainerReportForDataNodeSafeModeRule] INFO  safemode.SCMSafeModeManager (DataNodeSafeModeRule.java:process(71)) - SCM in safe mode. 2 DataNodes registered, 3 required.
2022-09-01 11:51:03,669 [EventQueue-NewNodeForNewNodeHandler] INFO  pipeline.BackgroundPipelineCreator (BackgroundPipelineCreator.java:notifyEventTriggered(276)) - trigger a one-shot run on RatisPipelineUtilsThread.
2022-09-01 11:51:03,670 [EventQueue-NodeRegistrationContainerReportForDataNodeSafeModeRule] INFO  safemode.SCMSafeModeManager (DataNodeSafeModeRule.java:process(71)) - SCM in safe mode. 2 DataNodes registered, 3 required.
2022-09-01 11:51:03,671 [RatisPipelineUtilsThread - 0] INFO  pipeline.RatisPipelineProvider (RatisPipelineProvider.java:lambda$create$0(195)) - Sending CreatePipelineCommand for pipeline:PipelineID=41dd1771-e2d2-418a-83fe-bf164cd48d00 to datanode:953192fd-2d2b-4a2c-9bab-3b1036121bcc
2022-09-01 11:51:03,681 [76b5452b-5401-496a-924e-e3833b3fb27e@group-1ED43301BCE6-StateMachineUpdater] INFO  pipeline.PipelineStateManagerImpl (PipelineStateManagerImpl.java:addPipeline(103)) - Created pipeline Pipeline[ Id: 41dd1771-e2d2-418a-83fe-bf164cd48d00, Nodes: 953192fd-2d2b-4a2c-9bab-3b1036121bcc{ip: 127.0.0.1, host: localhost, ports: [REPLICATION=39523, RATIS=45107, RATIS_ADMIN=45107, RATIS_SERVER=45107, STANDALONE=33643], networkLocation: /default-rack, certSerialId: null, persistedOpState: IN_SERVICE, persistedOpStateExpiryEpochSec: 0}, ReplicationConfig: RATIS/ONE, State:ALLOCATED, leaderId:, CreationTimestamp2022-09-01T11:51:03.671Z[Etc/UTC]].
2022-09-01 11:51:03,682 [76b5452b-5401-496a-924e-e3833b3fb27e@group-1ED43301BCE6-StateMachineUpdater] INFO  safemode.HealthyPipelineSafeModeRule (HealthyPipelineSafeModeRule.java:initializeRule(165)) - Refreshed total pipeline count is 0, healthy pipeline threshold count is 1
2022-09-01 11:51:03,684 [56131482-92e3-4731-b18b-d0972f1f7686@group-1ED43301BCE6-StateMachineUpdater] INFO  pipeline.PipelineStateManagerImpl (PipelineStateManagerImpl.java:addPipeline(103)) - Created pipeline Pipeline[ Id: 41dd1771-e2d2-418a-83fe-bf164cd48d00, Nodes: 953192fd-2d2b-4a2c-9bab-3b1036121bcc{ip: 127.0.0.1, host: localhost, ports: [REPLICATION=39523, RATIS=45107, RATIS_ADMIN=45107, RATIS_SERVER=45107, STANDALONE=33643], networkLocation: /default-rack, certSerialId: null, persistedOpState: IN_SERVICE, persistedOpStateExpiryEpochSec: 0}, ReplicationConfig: RATIS/ONE, State:ALLOCATED, leaderId:, CreationTimestamp2022-09-01T11:51:03.671Z[Etc/UTC]].
2022-09-01 11:51:03,691 [56131482-92e3-4731-b18b-d0972f1f7686@group-1ED43301BCE6-StateMachineUpdater] INFO  safemode.HealthyPipelineSafeModeRule (HealthyPipelineSafeModeRule.java:initializeRule(165)) - Refreshed total pipeline count is 0, healthy pipeline threshold count is 1
2022-09-01 11:51:03,692 [5ae0c8ef-e091-4d1b-9d6c-68c2daa287ce@group-1ED43301BCE6-StateMachineUpdater] INFO  pipeline.PipelineStateManagerImpl (PipelineStateManagerImpl.java:addPipeline(103)) - Created pipeline Pipeline[ Id: 41dd1771-e2d2-418a-83fe-bf164cd48d00, Nodes: 953192fd-2d2b-4a2c-9bab-3b1036121bcc{ip: 127.0.0.1, host: localhost, ports: [REPLICATION=39523, RATIS=45107, RATIS_ADMIN=45107, RATIS_SERVER=45107, STANDALONE=33643], networkLocation: /default-rack, certSerialId: null, persistedOpState: IN_SERVICE, persistedOpStateExpiryEpochSec: 0}, ReplicationConfig: RATIS/ONE, State:ALLOCATED, leaderId:, CreationTimestamp2022-09-01T11:51:03.671Z[Etc/UTC]].
2022-09-01 11:51:03,694 [5ae0c8ef-e091-4d1b-9d6c-68c2daa287ce@group-1ED43301BCE6-StateMachineUpdater] INFO  safemode.HealthyPipelineSafeModeRule (HealthyPipelineSafeModeRule.java:initializeRule(165)) - Refreshed total pipeline count is 0, healthy pipeline threshold count is 1
2022-09-01 11:51:03,987 [Listener at 127.0.0.1/40551] INFO  ozone.MiniOzoneClusterImpl (MiniOzoneClusterImpl.java:lambda$waitForClusterToBeReady$0(216)) - Waiting for nodes to be ready. Got 2 of 3 DN Heartbeats.
2022-09-01 11:51:03,989 [Listener at 127.0.0.1/40551] INFO  ozone.MiniOzoneClusterImpl (MiniOzoneClusterImpl.java:lambda$waitForClusterToBeReady$0(219)) - Waiting for cluster to exit safe mode
2022-09-01 11:51:03,989 [Listener at 127.0.0.1/40551] INFO  ozone.MiniOzoneClusterImpl (MiniOzoneClusterImpl.java:lambda$waitForClusterToBeReady$0(221)) - SCM became leader
2022-09-01 11:51:04,001 [IPC Server handler 2 on default port 42041] INFO  net.NetworkTopologyImpl (NetworkTopologyImpl.java:add(112)) - Added a new node: /default-rack/53230697-4daa-462d-80e4-75ca566b1cfd
2022-09-01 11:51:04,002 [IPC Server handler 2 on default port 42041] INFO  node.SCMNodeManager (SCMNodeManager.java:register(397)) - Registered Data node : 53230697-4daa-462d-80e4-75ca566b1cfd{ip: 127.0.0.1, host: localhost, ports: [REPLICATION=40437, RATIS=39827, RATIS_ADMIN=39827, RATIS_SERVER=39827, STANDALONE=35517], networkLocation: /default-rack, certSerialId: null, persistedOpState: null, persistedOpStateExpiryEpochSec: 0}
2022-09-01 11:51:04,002 [EventQueue-NewNodeForNewNodeHandler] INFO  pipeline.BackgroundPipelineCreator (BackgroundPipelineCreator.java:notifyEventTriggered(276)) - trigger a one-shot run on RatisPipelineUtilsThread.
2022-09-01 11:51:04,002 [EventQueue-NodeRegistrationContainerReportForDataNodeSafeModeRule] INFO  safemode.SCMSafeModeManager (DataNodeSafeModeRule.java:process(71)) - SCM in safe mode. 3 DataNodes registered, 3 required.
2022-09-01 11:51:04,003 [EventQueue-NodeRegistrationContainerReportForDataNodeSafeModeRule] INFO  safemode.SCMSafeModeManager (SCMSafeModeManager.java:validateSafeModeExitRules(204)) - DataNodeSafeModeRule rule is successfully validated
2022-09-01 11:51:04,003 [EventQueue-NodeRegistrationContainerReportForDataNodeSafeModeRule] INFO  safemode.SCMSafeModeManager (SCMSafeModeManager.java:completePreCheck(233)) - All SCM safe mode pre check rules have passed
2022-09-01 11:51:04,003 [EventQueue-NodeRegistrationContainerReportForDataNodeSafeModeRule] WARN  events.EventQueue (EventQueue.java:fireEvent(216)) - No event handler registered for event TypedEvent{payloadType=SafeModeStatus, name='Safe mode status'}
2022-09-01 11:51:04,003 [EventQueue-NodeRegistrationContainerReportForDataNodeSafeModeRule] INFO  ha.SCMContext (SCMContext.java:updateSafeModeStatus(228)) - Update SafeModeStatus from SafeModeStatus{safeModeStatus=true, preCheckPassed=false} to SafeModeStatus{safeModeStatus=true, preCheckPassed=true}.
2022-09-01 11:51:04,003 [EventQueue-NodeRegistrationContainerReportForDataNodeSafeModeRule] INFO  pipeline.BackgroundPipelineCreator (BackgroundPipelineCreator.java:notifyEventTriggered(276)) - trigger a one-shot run on RatisPipelineUtilsThread.
2022-09-01 11:51:04,003 [RatisPipelineUtilsThread - 0] INFO  pipeline.RatisPipelineProvider (RatisPipelineProvider.java:lambda$create$0(195)) - Sending CreatePipelineCommand for pipeline:PipelineID=ec0eea24-4069-46ff-bb98-6cf85882097c to datanode:53230697-4daa-462d-80e4-75ca566b1cfd
2022-09-01 11:51:04,006 [IPC Server handler 0 on default port 41671] INFO  net.NetworkTopologyImpl (NetworkTopologyImpl.java:add(112)) - Added a new node: /default-rack/53230697-4daa-462d-80e4-75ca566b1cfd
2022-09-01 11:51:04,006 [IPC Server handler 0 on default port 41671] INFO  node.SCMNodeManager (SCMNodeManager.java:register(397)) - Registered Data node : 53230697-4daa-462d-80e4-75ca566b1cfd{ip: 127.0.0.1, host: localhost, ports: [REPLICATION=40437, RATIS=39827, RATIS_ADMIN=39827, RATIS_SERVER=39827, STANDALONE=35517], networkLocation: /default-rack, certSerialId: null, persistedOpState: null, persistedOpStateExpiryEpochSec: 0}
2022-09-01 11:51:04,007 [EventQueue-NewNodeForNewNodeHandler] INFO  pipeline.BackgroundPipelineCreator (BackgroundPipelineCreator.java:notifyEventTriggered(269)) - ignore, not leader SCM.
2022-09-01 11:51:04,007 [EventQueue-NodeRegistrationContainerReportForDataNodeSafeModeRule] INFO  safemode.SCMSafeModeManager (DataNodeSafeModeRule.java:process(71)) - SCM in safe mode. 3 DataNodes registered, 3 required.
2022-09-01 11:51:04,007 [EventQueue-NodeRegistrationContainerReportForDataNodeSafeModeRule] INFO  safemode.SCMSafeModeManager (SCMSafeModeManager.java:validateSafeModeExitRules(204)) - DataNodeSafeModeRule rule is successfully validated
2022-09-01 11:51:04,007 [EventQueue-NodeRegistrationContainerReportForDataNodeSafeModeRule] INFO  safemode.SCMSafeModeManager (SCMSafeModeManager.java:completePreCheck(233)) - All SCM safe mode pre check rules have passed
2022-09-01 11:51:04,007 [IPC Server handler 15 on default port 38463] INFO  net.NetworkTopologyImpl (NetworkTopologyImpl.java:add(112)) - Added a new node: /default-rack/53230697-4daa-462d-80e4-75ca566b1cfd
2022-09-01 11:51:04,007 [IPC Server handler 15 on default port 38463] INFO  node.SCMNodeManager (SCMNodeManager.java:register(397)) - Registered Data node : 53230697-4daa-462d-80e4-75ca566b1cfd{ip: 127.0.0.1, host: localhost, ports: [REPLICATION=40437, RATIS=39827, RATIS_ADMIN=39827, RATIS_SERVER=39827, STANDALONE=35517], networkLocation: /default-rack, certSerialId: null, persistedOpState: null, persistedOpStateExpiryEpochSec: 0}
2022-09-01 11:51:04,007 [EventQueue-NewNodeForNewNodeHandler] INFO  pipeline.BackgroundPipelineCreator (BackgroundPipelineCreator.java:notifyEventTriggered(269)) - ignore, not leader SCM.
2022-09-01 11:51:04,008 [EventQueue-NodeRegistrationContainerReportForDataNodeSafeModeRule] INFO  safemode.SCMSafeModeManager (DataNodeSafeModeRule.java:process(71)) - SCM in safe mode. 3 DataNodes registered, 3 required.
2022-09-01 11:51:04,008 [EventQueue-NodeRegistrationContainerReportForDataNodeSafeModeRule] INFO  safemode.SCMSafeModeManager (SCMSafeModeManager.java:validateSafeModeExitRules(204)) - DataNodeSafeModeRule rule is successfully validated
2022-09-01 11:51:04,008 [EventQueue-NodeRegistrationContainerReportForDataNodeSafeModeRule] INFO  safemode.SCMSafeModeManager (SCMSafeModeManager.java:completePreCheck(233)) - All SCM safe mode pre check rules have passed
2022-09-01 11:51:04,007 [EventQueue-NodeRegistrationContainerReportForDataNodeSafeModeRule] WARN  events.EventQueue (EventQueue.java:fireEvent(216)) - No event handler registered for event TypedEvent{payloadType=SafeModeStatus, name='Safe mode status'}
2022-09-01 11:51:04,009 [EventQueue-NodeRegistrationContainerReportForDataNodeSafeModeRule] INFO  ha.SCMContext (SCMContext.java:updateSafeModeStatus(228)) - Update SafeModeStatus from SafeModeStatus{safeModeStatus=true, preCheckPassed=false} to SafeModeStatus{safeModeStatus=true, preCheckPassed=true}.
2022-09-01 11:51:04,009 [EventQueue-NodeRegistrationContainerReportForDataNodeSafeModeRule] INFO  pipeline.BackgroundPipelineCreator (BackgroundPipelineCreator.java:notifyEventTriggered(269)) - ignore, not leader SCM.
2022-09-01 11:51:04,008 [EventQueue-NodeRegistrationContainerReportForDataNodeSafeModeRule] WARN  events.EventQueue (EventQueue.java:fireEvent(216)) - No event handler registered for event TypedEvent{payloadType=SafeModeStatus, name='Safe mode status'}
2022-09-01 11:51:04,010 [EventQueue-NodeRegistrationContainerReportForDataNodeSafeModeRule] INFO  ha.SCMContext (SCMContext.java:updateSafeModeStatus(228)) - Update SafeModeStatus from SafeModeStatus{safeModeStatus=true, preCheckPassed=false} to SafeModeStatus{safeModeStatus=true, preCheckPassed=true}.
2022-09-01 11:51:04,010 [EventQueue-NodeRegistrationContainerReportForDataNodeSafeModeRule] INFO  pipeline.BackgroundPipelineCreator (BackgroundPipelineCreator.java:notifyEventTriggered(269)) - ignore, not leader SCM.
2022-09-01 11:51:04,012 [76b5452b-5401-496a-924e-e3833b3fb27e@group-1ED43301BCE6-StateMachineUpdater] INFO  pipeline.PipelineStateManagerImpl (PipelineStateManagerImpl.java:addPipeline(103)) - Created pipeline Pipeline[ Id: ec0eea24-4069-46ff-bb98-6cf85882097c, Nodes: 53230697-4daa-462d-80e4-75ca566b1cfd{ip: 127.0.0.1, host: localhost, ports: [REPLICATION=40437, RATIS=39827, RATIS_ADMIN=39827, RATIS_SERVER=39827, STANDALONE=35517], networkLocation: /default-rack, certSerialId: null, persistedOpState: IN_SERVICE, persistedOpStateExpiryEpochSec: 0}, ReplicationConfig: RATIS/ONE, State:ALLOCATED, leaderId:, CreationTimestamp2022-09-01T11:51:04.003Z[Etc/UTC]].
2022-09-01 11:51:04,013 [76b5452b-5401-496a-924e-e3833b3fb27e@group-1ED43301BCE6-StateMachineUpdater] INFO  safemode.HealthyPipelineSafeModeRule (HealthyPipelineSafeModeRule.java:initializeRule(165)) - Refreshed total pipeline count is 0, healthy pipeline threshold count is 1
2022-09-01 11:51:04,022 [RatisPipelineUtilsThread - 0] INFO  pipeline.RatisPipelineProvider (RatisPipelineProvider.java:lambda$create$0(195)) - Sending CreatePipelineCommand for pipeline:PipelineID=a2a432df-31b3-4847-b515-0bbc7bf12f67 to datanode:53230697-4daa-462d-80e4-75ca566b1cfd
2022-09-01 11:51:04,029 [RatisPipelineUtilsThread - 0] INFO  pipeline.RatisPipelineProvider (RatisPipelineProvider.java:lambda$create$0(195)) - Sending CreatePipelineCommand for pipeline:PipelineID=a2a432df-31b3-4847-b515-0bbc7bf12f67 to datanode:953192fd-2d2b-4a2c-9bab-3b1036121bcc
2022-09-01 11:51:04,029 [RatisPipelineUtilsThread - 0] INFO  pipeline.RatisPipelineProvider (RatisPipelineProvider.java:lambda$create$0(195)) - Sending CreatePipelineCommand for pipeline:PipelineID=a2a432df-31b3-4847-b515-0bbc7bf12f67 to datanode:19f1ba4d-0ac4-417a-a768-c4a6f2a4cb21
2022-09-01 11:51:04,031 [5ae0c8ef-e091-4d1b-9d6c-68c2daa287ce@group-1ED43301BCE6-StateMachineUpdater] INFO  pipeline.PipelineStateManagerImpl (PipelineStateManagerImpl.java:addPipeline(103)) - Created pipeline Pipeline[ Id: ec0eea24-4069-46ff-bb98-6cf85882097c, Nodes: 53230697-4daa-462d-80e4-75ca566b1cfd{ip: 127.0.0.1, host: localhost, ports: [REPLICATION=40437, RATIS=39827, RATIS_ADMIN=39827, RATIS_SERVER=39827, STANDALONE=35517], networkLocation: /default-rack, certSerialId: null, persistedOpState: IN_SERVICE, persistedOpStateExpiryEpochSec: 0}, ReplicationConfig: RATIS/ONE, State:ALLOCATED, leaderId:, CreationTimestamp2022-09-01T11:51:04.003Z[Etc/UTC]].
2022-09-01 11:51:04,031 [5ae0c8ef-e091-4d1b-9d6c-68c2daa287ce@group-1ED43301BCE6-StateMachineUpdater] INFO  safemode.HealthyPipelineSafeModeRule (HealthyPipelineSafeModeRule.java:initializeRule(165)) - Refreshed total pipeline count is 0, healthy pipeline threshold count is 1
2022-09-01 11:51:04,036 [56131482-92e3-4731-b18b-d0972f1f7686@group-1ED43301BCE6-StateMachineUpdater] INFO  pipeline.PipelineStateManagerImpl (PipelineStateManagerImpl.java:addPipeline(103)) - Created pipeline Pipeline[ Id: ec0eea24-4069-46ff-bb98-6cf85882097c, Nodes: 53230697-4daa-462d-80e4-75ca566b1cfd{ip: 127.0.0.1, host: localhost, ports: [REPLICATION=40437, RATIS=39827, RATIS_ADMIN=39827, RATIS_SERVER=39827, STANDALONE=35517], networkLocation: /default-rack, certSerialId: null, persistedOpState: IN_SERVICE, persistedOpStateExpiryEpochSec: 0}, ReplicationConfig: RATIS/ONE, State:ALLOCATED, leaderId:, CreationTimestamp2022-09-01T11:51:04.003Z[Etc/UTC]].
2022-09-01 11:51:04,042 [76b5452b-5401-496a-924e-e3833b3fb27e@group-1ED43301BCE6-StateMachineUpdater] INFO  pipeline.PipelineStateManagerImpl (PipelineStateManagerImpl.java:addPipeline(103)) - Created pipeline Pipeline[ Id: a2a432df-31b3-4847-b515-0bbc7bf12f67, Nodes: 53230697-4daa-462d-80e4-75ca566b1cfd{ip: 127.0.0.1, host: localhost, ports: [REPLICATION=40437, RATIS=39827, RATIS_ADMIN=39827, RATIS_SERVER=39827, STANDALONE=35517], networkLocation: /default-rack, certSerialId: null, persistedOpState: IN_SERVICE, persistedOpStateExpiryEpochSec: 0}953192fd-2d2b-4a2c-9bab-3b1036121bcc{ip: 127.0.0.1, host: localhost, ports: [REPLICATION=39523, RATIS=45107, RATIS_ADMIN=45107, RATIS_SERVER=45107, STANDALONE=33643], networkLocation: /default-rack, certSerialId: null, persistedOpState: IN_SERVICE, persistedOpStateExpiryEpochSec: 0}19f1ba4d-0ac4-417a-a768-c4a6f2a4cb21{ip: 127.0.0.1, host: localhost, ports: [REPLICATION=43663, RATIS=36057, RATIS_ADMIN=36057, RATIS_SERVER=36057, STANDALONE=37635], networkLocation: /default-rack, certSerialId: null, persistedOpState: IN_SERVICE, persistedOpStateExpiryEpochSec: 0}, ReplicationConfig: RATIS/THREE, State:ALLOCATED, leaderId:, CreationTimestamp2022-09-01T11:51:04.022Z[Etc/UTC]].
2022-09-01 11:51:04,049 [56131482-92e3-4731-b18b-d0972f1f7686@group-1ED43301BCE6-StateMachineUpdater] INFO  safemode.HealthyPipelineSafeModeRule (HealthyPipelineSafeModeRule.java:initializeRule(165)) - Refreshed total pipeline count is 0, healthy pipeline threshold count is 1
2022-09-01 11:51:04,049 [76b5452b-5401-496a-924e-e3833b3fb27e@group-1ED43301BCE6-StateMachineUpdater] INFO  safemode.HealthyPipelineSafeModeRule (HealthyPipelineSafeModeRule.java:initializeRule(165)) - Refreshed total pipeline count is 0, healthy pipeline threshold count is 1
2022-09-01 11:51:04,053 [RatisPipelineUtilsThread - 0] INFO  pipeline.RatisPipelineProvider (RatisPipelineProvider.java:lambda$create$0(195)) - Sending CreatePipelineCommand for pipeline:PipelineID=9b7c563b-ab3b-4ffc-aa74-bbbfe33d87ba to datanode:953192fd-2d2b-4a2c-9bab-3b1036121bcc
2022-09-01 11:51:04,053 [RatisPipelineUtilsThread - 0] INFO  pipeline.RatisPipelineProvider (RatisPipelineProvider.java:lambda$create$0(195)) - Sending CreatePipelineCommand for pipeline:PipelineID=9b7c563b-ab3b-4ffc-aa74-bbbfe33d87ba to datanode:53230697-4daa-462d-80e4-75ca566b1cfd
2022-09-01 11:51:04,053 [RatisPipelineUtilsThread - 0] INFO  pipeline.RatisPipelineProvider (RatisPipelineProvider.java:lambda$create$0(195)) - Sending CreatePipelineCommand for pipeline:PipelineID=9b7c563b-ab3b-4ffc-aa74-bbbfe33d87ba to datanode:19f1ba4d-0ac4-417a-a768-c4a6f2a4cb21
2022-09-01 11:51:04,054 [5ae0c8ef-e091-4d1b-9d6c-68c2daa287ce@group-1ED43301BCE6-StateMachineUpdater] INFO  pipeline.PipelineStateManagerImpl (PipelineStateManagerImpl.java:addPipeline(103)) - Created pipeline Pipeline[ Id: a2a432df-31b3-4847-b515-0bbc7bf12f67, Nodes: 53230697-4daa-462d-80e4-75ca566b1cfd{ip: 127.0.0.1, host: localhost, ports: [REPLICATION=40437, RATIS=39827, RATIS_ADMIN=39827, RATIS_SERVER=39827, STANDALONE=35517], networkLocation: /default-rack, certSerialId: null, persistedOpState: IN_SERVICE, persistedOpStateExpiryEpochSec: 0}953192fd-2d2b-4a2c-9bab-3b1036121bcc{ip: 127.0.0.1, host: localhost, ports: [REPLICATION=39523, RATIS=45107, RATIS_ADMIN=45107, RATIS_SERVER=45107, STANDALONE=33643], networkLocation: /default-rack, certSerialId: null, persistedOpState: IN_SERVICE, persistedOpStateExpiryEpochSec: 0}19f1ba4d-0ac4-417a-a768-c4a6f2a4cb21{ip: 127.0.0.1, host: localhost, ports: [REPLICATION=43663, RATIS=36057, RATIS_ADMIN=36057, RATIS_SERVER=36057, STANDALONE=37635], networkLocation: /default-rack, certSerialId: null, persistedOpState: IN_SERVICE, persistedOpStateExpiryEpochSec: 0}, ReplicationConfig: RATIS/THREE, State:ALLOCATED, leaderId:, CreationTimestamp2022-09-01T11:51:04.022Z[Etc/UTC]].
2022-09-01 11:51:04,054 [5ae0c8ef-e091-4d1b-9d6c-68c2daa287ce@group-1ED43301BCE6-StateMachineUpdater] INFO  safemode.HealthyPipelineSafeModeRule (HealthyPipelineSafeModeRule.java:initializeRule(165)) - Refreshed total pipeline count is 0, healthy pipeline threshold count is 1
2022-09-01 11:51:04,057 [56131482-92e3-4731-b18b-d0972f1f7686@group-1ED43301BCE6-StateMachineUpdater] INFO  pipeline.PipelineStateManagerImpl (PipelineStateManagerImpl.java:addPipeline(103)) - Created pipeline Pipeline[ Id: a2a432df-31b3-4847-b515-0bbc7bf12f67, Nodes: 53230697-4daa-462d-80e4-75ca566b1cfd{ip: 127.0.0.1, host: localhost, ports: [REPLICATION=40437, RATIS=39827, RATIS_ADMIN=39827, RATIS_SERVER=39827, STANDALONE=35517], networkLocation: /default-rack, certSerialId: null, persistedOpState: IN_SERVICE, persistedOpStateExpiryEpochSec: 0}953192fd-2d2b-4a2c-9bab-3b1036121bcc{ip: 127.0.0.1, host: localhost, ports: [REPLICATION=39523, RATIS=45107, RATIS_ADMIN=45107, RATIS_SERVER=45107, STANDALONE=33643], networkLocation: /default-rack, certSerialId: null, persistedOpState: IN_SERVICE, persistedOpStateExpiryEpochSec: 0}19f1ba4d-0ac4-417a-a768-c4a6f2a4cb21{ip: 127.0.0.1, host: localhost, ports: [REPLICATION=43663, RATIS=36057, RATIS_ADMIN=36057, RATIS_SERVER=36057, STANDALONE=37635], networkLocation: /default-rack, certSerialId: null, persistedOpState: IN_SERVICE, persistedOpStateExpiryEpochSec: 0}, ReplicationConfig: RATIS/THREE, State:ALLOCATED, leaderId:, CreationTimestamp2022-09-01T11:51:04.022Z[Etc/UTC]].
2022-09-01 11:51:04,058 [56131482-92e3-4731-b18b-d0972f1f7686@group-1ED43301BCE6-StateMachineUpdater] INFO  safemode.HealthyPipelineSafeModeRule (HealthyPipelineSafeModeRule.java:initializeRule(165)) - Refreshed total pipeline count is 0, healthy pipeline threshold count is 1
2022-09-01 11:51:04,068 [76b5452b-5401-496a-924e-e3833b3fb27e@group-1ED43301BCE6-StateMachineUpdater] INFO  pipeline.PipelineStateManagerImpl (PipelineStateManagerImpl.java:addPipeline(103)) - Created pipeline Pipeline[ Id: 9b7c563b-ab3b-4ffc-aa74-bbbfe33d87ba, Nodes: 953192fd-2d2b-4a2c-9bab-3b1036121bcc{ip: 127.0.0.1, host: localhost, ports: [REPLICATION=39523, RATIS=45107, RATIS_ADMIN=45107, RATIS_SERVER=45107, STANDALONE=33643], networkLocation: /default-rack, certSerialId: null, persistedOpState: IN_SERVICE, persistedOpStateExpiryEpochSec: 0}53230697-4daa-462d-80e4-75ca566b1cfd{ip: 127.0.0.1, host: localhost, ports: [REPLICATION=40437, RATIS=39827, RATIS_ADMIN=39827, RATIS_SERVER=39827, STANDALONE=35517], networkLocation: /default-rack, certSerialId: null, persistedOpState: IN_SERVICE, persistedOpStateExpiryEpochSec: 0}19f1ba4d-0ac4-417a-a768-c4a6f2a4cb21{ip: 127.0.0.1, host: localhost, ports: [REPLICATION=43663, RATIS=36057, RATIS_ADMIN=36057, RATIS_SERVER=36057, STANDALONE=37635], networkLocation: /default-rack, certSerialId: null, persistedOpState: IN_SERVICE, persistedOpStateExpiryEpochSec: 0}, ReplicationConfig: RATIS/THREE, State:ALLOCATED, leaderId:, CreationTimestamp2022-09-01T11:51:04.053Z[Etc/UTC]].
2022-09-01 11:51:04,069 [76b5452b-5401-496a-924e-e3833b3fb27e@group-1ED43301BCE6-StateMachineUpdater] INFO  safemode.HealthyPipelineSafeModeRule (HealthyPipelineSafeModeRule.java:initializeRule(165)) - Refreshed total pipeline count is 0, healthy pipeline threshold count is 1
2022-09-01 11:51:04,070 [RatisPipelineUtilsThread - 0] INFO  pipeline.PipelineManagerImpl (PipelineManagerImpl.java:recordMetricsForPipeline(796)) - Pipeline: PipelineID=9b7c563b-ab3b-4ffc-aa74-bbbfe33d87ba contains same datanodes as previous pipelines: PipelineID=a2a432df-31b3-4847-b515-0bbc7bf12f67 nodeIds: 953192fd-2d2b-4a2c-9bab-3b1036121bcc, 53230697-4daa-462d-80e4-75ca566b1cfd, 19f1ba4d-0ac4-417a-a768-c4a6f2a4cb21
2022-09-01 11:51:04,076 [5ae0c8ef-e091-4d1b-9d6c-68c2daa287ce@group-1ED43301BCE6-StateMachineUpdater] INFO  pipeline.PipelineStateManagerImpl (PipelineStateManagerImpl.java:addPipeline(103)) - Created pipeline Pipeline[ Id: 9b7c563b-ab3b-4ffc-aa74-bbbfe33d87ba, Nodes: 953192fd-2d2b-4a2c-9bab-3b1036121bcc{ip: 127.0.0.1, host: localhost, ports: [REPLICATION=39523, RATIS=45107, RATIS_ADMIN=45107, RATIS_SERVER=45107, STANDALONE=33643], networkLocation: /default-rack, certSerialId: null, persistedOpState: IN_SERVICE, persistedOpStateExpiryEpochSec: 0}53230697-4daa-462d-80e4-75ca566b1cfd{ip: 127.0.0.1, host: localhost, ports: [REPLICATION=40437, RATIS=39827, RATIS_ADMIN=39827, RATIS_SERVER=39827, STANDALONE=35517], networkLocation: /default-rack, certSerialId: null, persistedOpState: IN_SERVICE, persistedOpStateExpiryEpochSec: 0}19f1ba4d-0ac4-417a-a768-c4a6f2a4cb21{ip: 127.0.0.1, host: localhost, ports: [REPLICATION=43663, RATIS=36057, RATIS_ADMIN=36057, RATIS_SERVER=36057, STANDALONE=37635], networkLocation: /default-rack, certSerialId: null, persistedOpState: IN_SERVICE, persistedOpStateExpiryEpochSec: 0}, ReplicationConfig: RATIS/THREE, State:ALLOCATED, leaderId:, CreationTimestamp2022-09-01T11:51:04.053Z[Etc/UTC]].
2022-09-01 11:51:04,077 [5ae0c8ef-e091-4d1b-9d6c-68c2daa287ce@group-1ED43301BCE6-StateMachineUpdater] INFO  safemode.HealthyPipelineSafeModeRule (HealthyPipelineSafeModeRule.java:initializeRule(165)) - Refreshed total pipeline count is 0, healthy pipeline threshold count is 1
2022-09-01 11:51:04,078 [56131482-92e3-4731-b18b-d0972f1f7686@group-1ED43301BCE6-StateMachineUpdater] INFO  pipeline.PipelineStateManagerImpl (PipelineStateManagerImpl.java:addPipeline(103)) - Created pipeline Pipeline[ Id: 9b7c563b-ab3b-4ffc-aa74-bbbfe33d87ba, Nodes: 953192fd-2d2b-4a2c-9bab-3b1036121bcc{ip: 127.0.0.1, host: localhost, ports: [REPLICATION=39523, RATIS=45107, RATIS_ADMIN=45107, RATIS_SERVER=45107, STANDALONE=33643], networkLocation: /default-rack, certSerialId: null, persistedOpState: IN_SERVICE, persistedOpStateExpiryEpochSec: 0}53230697-4daa-462d-80e4-75ca566b1cfd{ip: 127.0.0.1, host: localhost, ports: [REPLICATION=40437, RATIS=39827, RATIS_ADMIN=39827, RATIS_SERVER=39827, STANDALONE=35517], networkLocation: /default-rack, certSerialId: null, persistedOpState: IN_SERVICE, persistedOpStateExpiryEpochSec: 0}19f1ba4d-0ac4-417a-a768-c4a6f2a4cb21{ip: 127.0.0.1, host: localhost, ports: [REPLICATION=43663, RATIS=36057, RATIS_ADMIN=36057, RATIS_SERVER=36057, STANDALONE=37635], networkLocation: /default-rack, certSerialId: null, persistedOpState: IN_SERVICE, persistedOpStateExpiryEpochSec: 0}, ReplicationConfig: RATIS/THREE, State:ALLOCATED, leaderId:, CreationTimestamp2022-09-01T11:51:04.053Z[Etc/UTC]].
2022-09-01 11:51:04,080 [56131482-92e3-4731-b18b-d0972f1f7686@group-1ED43301BCE6-StateMachineUpdater] INFO  safemode.HealthyPipelineSafeModeRule (HealthyPipelineSafeModeRule.java:initializeRule(165)) - Refreshed total pipeline count is 0, healthy pipeline threshold count is 1
2022-09-01 11:51:04,990 [Listener at 127.0.0.1/40551] INFO  ozone.MiniOzoneClusterImpl (MiniOzoneClusterImpl.java:lambda$waitForClusterToBeReady$0(216)) - Nodes are ready. Got 3 of 3 DN Heartbeats.
2022-09-01 11:51:04,991 [Listener at 127.0.0.1/40551] INFO  ozone.MiniOzoneClusterImpl (MiniOzoneClusterImpl.java:lambda$waitForClusterToBeReady$0(219)) - Waiting for cluster to exit safe mode
2022-09-01 11:51:04,991 [Listener at 127.0.0.1/40551] INFO  ozone.MiniOzoneClusterImpl (MiniOzoneClusterImpl.java:lambda$waitForClusterToBeReady$0(221)) - SCM became leader
2022-09-01 11:51:05,992 [Listener at 127.0.0.1/40551] INFO  ozone.MiniOzoneClusterImpl (MiniOzoneClusterImpl.java:lambda$waitForClusterToBeReady$0(216)) - Nodes are ready. Got 3 of 3 DN Heartbeats.
2022-09-01 11:51:05,992 [Listener at 127.0.0.1/40551] INFO  ozone.MiniOzoneClusterImpl (MiniOzoneClusterImpl.java:lambda$waitForClusterToBeReady$0(219)) - Waiting for cluster to exit safe mode
2022-09-01 11:51:05,992 [Listener at 127.0.0.1/40551] INFO  ozone.MiniOzoneClusterImpl (MiniOzoneClusterImpl.java:lambda$waitForClusterToBeReady$0(221)) - SCM became leader
2022-09-01 11:51:06,183 [Command processor thread] INFO  server.RaftServer (RaftServerProxy.java:addNew(96)) - 19f1ba4d-0ac4-417a-a768-c4a6f2a4cb21: addNew group-E09716C36438:[19f1ba4d-0ac4-417a-a768-c4a6f2a4cb21|rpc:127.0.0.1:36057|priority:1] returns group-E09716C36438:java.util.concurrent.CompletableFuture@16d476ec[Not completed]
2022-09-01 11:51:06,207 [pool-190-thread-1] INFO  server.RaftServer$Division (RaftServerImpl.java:<init>(190)) - 19f1ba4d-0ac4-417a-a768-c4a6f2a4cb21: new RaftServerImpl for group-E09716C36438:[19f1ba4d-0ac4-417a-a768-c4a6f2a4cb21|rpc:127.0.0.1:36057|priority:1] with ContainerStateMachine:uninitialized
2022-09-01 11:51:06,207 [pool-190-thread-1] INFO  server.RaftServerConfigKeys (ConfUtils.java:logGet(46)) - raft.server.rpc.timeout.min = 5s (custom)
2022-09-01 11:51:06,207 [pool-190-thread-1] INFO  server.RaftServerConfigKeys (ConfUtils.java:logGet(46)) - raft.server.rpc.timeout.max = 5200ms (custom)
2022-09-01 11:51:06,207 [pool-190-thread-1] INFO  server.RaftServerConfigKeys (ConfUtils.java:logGet(46)) - raft.server.rpc.sleep.time = 25ms (default)
2022-09-01 11:51:06,207 [pool-190-thread-1] INFO  server.RaftServerConfigKeys (ConfUtils.java:logGet(46)) - raft.server.rpc.slowness.timeout = 300s (custom)
2022-09-01 11:51:06,207 [pool-190-thread-1] INFO  server.RaftServerConfigKeys (ConfUtils.java:logGet(46)) - raft.server.leaderelection.leader.step-down.wait-time = 10s (default)
2022-09-01 11:51:06,207 [pool-190-thread-1] INFO  server.RaftServerConfigKeys (ConfUtils.java:logGet(46)) - raft.server.sleep.deviation.threshold = 300ms (default)
2022-09-01 11:51:06,207 [pool-190-thread-1] INFO  server.RaftServer$Division (ServerState.java:<init>(107)) - 19f1ba4d-0ac4-417a-a768-c4a6f2a4cb21@group-E09716C36438: ConfigurationManager, init=-1: [19f1ba4d-0ac4-417a-a768-c4a6f2a4cb21|rpc:127.0.0.1:36057|priority:1], old=null, confs=<EMPTY_MAP>
2022-09-01 11:51:06,207 [pool-190-thread-1] INFO  server.RaftServerConfigKeys (ConfUtils.java:logGet(46)) - raft.server.storage.dir = [/home/runner/work/ozone/ozone/hadoop-ozone/integration-test/target/test-dir/MiniOzoneClusterImpl-a1c451f0-9b10-458f-87dd-1ed43301bce6/datanode-0/data/ratis] (custom)
2022-09-01 11:51:06,207 [pool-190-thread-1] INFO  server.RaftServerConfigKeys (ConfUtils.java:logGet(46)) - raft.server.log.corruption.policy = EXCEPTION (default)
2022-09-01 11:51:06,208 [pool-190-thread-1] INFO  server.RaftServerConfigKeys (ConfUtils.java:logGet(46)) - raft.server.storage.free-space.min = 0MB (=0) (default)
2022-09-01 11:51:06,208 [pool-190-thread-1] INFO  storage.RaftStorageDirectory (RaftStorageDirectoryImpl.java:analyzeStorage(135)) - The storage directory /home/runner/work/ozone/ozone/hadoop-ozone/integration-test/target/test-dir/MiniOzoneClusterImpl-a1c451f0-9b10-458f-87dd-1ed43301bce6/datanode-0/data/ratis/ef5542ee-4c74-4864-92fe-e09716c36438 does not exist. Creating ...
2022-09-01 11:51:06,210 [pool-190-thread-1] INFO  storage.RaftStorageDirectory (RaftStorageDirectoryImpl.java:tryLock(230)) - Lock on /home/runner/work/ozone/ozone/hadoop-ozone/integration-test/target/test-dir/MiniOzoneClusterImpl-a1c451f0-9b10-458f-87dd-1ed43301bce6/datanode-0/data/ratis/ef5542ee-4c74-4864-92fe-e09716c36438/in_use.lock acquired by nodename 25235@fv-az459-356
2022-09-01 11:51:06,211 [pool-190-thread-1] INFO  storage.RaftStorage (RaftStorageImpl.java:format(89)) - Storage directory /home/runner/work/ozone/ozone/hadoop-ozone/integration-test/target/test-dir/MiniOzoneClusterImpl-a1c451f0-9b10-458f-87dd-1ed43301bce6/datanode-0/data/ratis/ef5542ee-4c74-4864-92fe-e09716c36438 has been successfully formatted.
2022-09-01 11:51:06,225 [pool-190-thread-1] INFO  ratis.ContainerStateMachine (ContainerStateMachine.java:loadSnapshot(236)) - group-E09716C36438: The snapshot info is null. Setting the last applied indexto:(t:0, i:~)
2022-09-01 11:51:06,225 [pool-190-thread-1] INFO  server.RaftServerConfigKeys (ConfUtils.java:logGet(46)) - raft.server.notification.no-leader.timeout = 300s (custom)
2022-09-01 11:51:06,225 [pool-190-thread-1] INFO  server.RaftServerConfigKeys (ConfUtils.java:logGet(46)) - raft.server.log.use.memory = false (default)
2022-09-01 11:51:06,225 [pool-190-thread-1] INFO  server.RaftServerConfigKeys (ConfUtils.java:logGet(46)) - raft.server.log.purge.gap = 1000000 (custom)
2022-09-01 11:51:06,225 [pool-190-thread-1] INFO  server.RaftServerConfigKeys (ConfUtils.java:logGet(46)) - raft.server.log.appender.buffer.byte-limit = 33554432 (custom)
2022-09-01 11:51:06,225 [pool-190-thread-1] INFO  server.RaftServerConfigKeys (ConfUtils.java:logGet(46)) - raft.server.log.statemachine.data.read.timeout = 1000ms (default)
2022-09-01 11:51:06,226 [pool-190-thread-1] INFO  server.RaftServerConfigKeys (ConfUtils.java:logGet(46)) - raft.server.log.segment.size.max = 1048576 (custom)
2022-09-01 11:51:06,228 [pool-190-thread-1] INFO  server.RaftServerConfigKeys (ConfUtils.java:logGet(46)) - raft.server.log.segment.cache.num.max = 2 (custom)
2022-09-01 11:51:06,228 [pool-190-thread-1] INFO  server.RaftServerConfigKeys (ConfUtils.java:logGet(46)) - raft.server.log.segment.cache.size.max = 200MB (=209715200) (default)
2022-09-01 11:51:06,228 [pool-190-thread-1] INFO  segmented.SegmentedRaftLogWorker (SegmentedRaftLogWorker.java:<init>(187)) - new 19f1ba4d-0ac4-417a-a768-c4a6f2a4cb21@group-E09716C36438-SegmentedRaftLogWorker for RaftStorageImpl:Storage Directory /home/runner/work/ozone/ozone/hadoop-ozone/integration-test/target/test-dir/MiniOzoneClusterImpl-a1c451f0-9b10-458f-87dd-1ed43301bce6/datanode-0/data/ratis/ef5542ee-4c74-4864-92fe-e09716c36438
2022-09-01 11:51:06,228 [pool-190-thread-1] INFO  server.RaftServerConfigKeys (ConfUtils.java:logGet(46)) - raft.server.log.queue.byte-limit = 4294967296 (custom)
2022-09-01 11:51:06,228 [pool-190-thread-1] INFO  server.RaftServerConfigKeys (ConfUtils.java:logGet(46)) - raft.server.log.queue.element-limit = 1024 (custom)
2022-09-01 11:51:06,228 [pool-190-thread-1] INFO  server.RaftServerConfigKeys (ConfUtils.java:logGet(46)) - raft.server.log.segment.size.max = 1048576 (custom)
2022-09-01 11:51:06,228 [pool-190-thread-1] INFO  server.RaftServerConfigKeys (ConfUtils.java:logGet(46)) - raft.server.log.preallocated.size = 16384 (custom)
2022-09-01 11:51:06,228 [pool-190-thread-1] INFO  server.RaftServerConfigKeys (ConfUtils.java:logGet(46)) - raft.server.log.force.sync.num = 128 (default)
2022-09-01 11:51:06,228 [pool-190-thread-1] INFO  server.RaftServerConfigKeys (ConfUtils.java:logGet(46)) - raft.server.log.statemachine.data.sync = true (default)
2022-09-01 11:51:06,228 [pool-190-thread-1] INFO  server.RaftServerConfigKeys (ConfUtils.java:logGet(46)) - raft.server.log.statemachine.data.sync.timeout = 10s (default)
2022-09-01 11:51:06,228 [pool-190-thread-1] INFO  server.RaftServerConfigKeys (ConfUtils.java:logGet(46)) - raft.server.log.statemachine.data.sync.timeout.retry = -1 (default)
2022-09-01 11:51:06,253 [pool-190-thread-1] INFO  server.RaftServerConfigKeys (ConfUtils.java:logGet(46)) - raft.server.log.write.buffer.size = 1048576 (custom)
2022-09-01 11:51:06,254 [pool-190-thread-1] INFO  server.RaftServerConfigKeys (ConfUtils.java:logGet(46)) - raft.server.log.unsafe-flush.enabled = false (default)
2022-09-01 11:51:06,254 [pool-190-thread-1] INFO  server.RaftServerConfigKeys (ConfUtils.java:logGet(46)) - raft.server.log.statemachine.data.caching.enabled = true (custom)
2022-09-01 11:51:06,254 [pool-190-thread-1] INFO  segmented.SegmentedRaftLogWorker (SegmentedRaftLogWorker.java:lambda$new$0(135)) - 19f1ba4d-0ac4-417a-a768-c4a6f2a4cb21@group-E09716C36438-SegmentedRaftLogWorker: flushIndex: setUnconditionally 0 -> -1
2022-09-01 11:51:06,255 [pool-190-thread-1] INFO  segmented.SegmentedRaftLogWorker (SegmentedRaftLogWorker.java:lambda$new$0(135)) - 19f1ba4d-0ac4-417a-a768-c4a6f2a4cb21@group-E09716C36438-SegmentedRaftLogWorker: safeCacheEvictIndex: setUnconditionally 0 -> -1
2022-09-01 11:51:06,240 [EventQueue-PipelineReportForPipelineReportHandler] INFO  pipeline.PipelineManagerImpl (PipelineManagerImpl.java:openPipeline(367)) - Pipeline Pipeline[ Id: ef5542ee-4c74-4864-92fe-e09716c36438, Nodes: 19f1ba4d-0ac4-417a-a768-c4a6f2a4cb21{ip: 127.0.0.1, host: localhost, ports: [REPLICATION=43663, RATIS=36057, RATIS_ADMIN=36057, RATIS_SERVER=36057, STANDALONE=37635], networkLocation: /default-rack, certSerialId: null, persistedOpState: IN_SERVICE, persistedOpStateExpiryEpochSec: 0}, ReplicationConfig: RATIS/ONE, State:ALLOCATED, leaderId:19f1ba4d-0ac4-417a-a768-c4a6f2a4cb21, CreationTimestamp2022-09-01T11:51:03.227Z[Etc/UTC]] moved to OPEN state
2022-09-01 11:51:06,240 [EventQueue-PipelineReportForPipelineReportHandler] INFO  pipeline.PipelineManagerImpl (PipelineManagerImpl.java:openPipeline(367)) - Pipeline Pipeline[ Id: ef5542ee-4c74-4864-92fe-e09716c36438, Nodes: 19f1ba4d-0ac4-417a-a768-c4a6f2a4cb21{ip: 127.0.0.1, host: localhost, ports: [REPLICATION=43663, RATIS=36057, RATIS_ADMIN=36057, RATIS_SERVER=36057, STANDALONE=37635], networkLocation: /default-rack, certSerialId: null, persistedOpState: IN_SERVICE, persistedOpStateExpiryEpochSec: 0}, ReplicationConfig: RATIS/ONE, State:ALLOCATED, leaderId:19f1ba4d-0ac4-417a-a768-c4a6f2a4cb21, CreationTimestamp2022-09-01T11:51:03.227Z[Etc/UTC]] moved to OPEN state
2022-09-01 11:51:06,258 [pool-190-thread-1] INFO  server.RaftServerConfigKeys (ConfUtils.java:logGet(46)) - raft.server.snapshot.auto.trigger.enabled = true (custom)
2022-09-01 11:51:06,271 [pool-190-thread-1] INFO  server.RaftServerConfigKeys (ConfUtils.java:logGet(46)) - raft.server.snapshot.auto.trigger.threshold = 10000 (custom)
2022-09-01 11:51:06,271 [pool-190-thread-1] INFO  server.RaftServerConfigKeys (ConfUtils.java:logGet(46)) - raft.server.snapshot.retention.file.num = 5 (custom)
2022-09-01 11:51:06,271 [pool-190-thread-1] INFO  server.RaftServerConfigKeys (ConfUtils.java:logGet(46)) - raft.server.log.purge.upto.snapshot.index = false (default)
2022-09-01 11:51:06,271 [pool-190-thread-1] INFO  server.RaftServerConfigKeys (ConfUtils.java:logGet(46)) - raft.server.retrycache.expirytime = 600000ms (custom)
2022-09-01 11:51:06,271 [pool-190-thread-1] INFO  server.RaftServerConfigKeys (ConfUtils.java:logGet(46)) - raft.server.retrycache.statistics.expirytime = 100μs (default)
2022-09-01 11:51:06,273 [pool-190-thread-1] INFO  server.RaftServerConfigKeys (ConfUtils.java:logGet(46)) - raft.server.log.appender.install.snapshot.enabled = false (custom)
2022-09-01 11:51:06,260 [EventQueue-PipelineReportForPipelineReportHandler] INFO  pipeline.PipelineManagerImpl (PipelineManagerImpl.java:openPipeline(367)) - Pipeline Pipeline[ Id: ef5542ee-4c74-4864-92fe-e09716c36438, Nodes: 19f1ba4d-0ac4-417a-a768-c4a6f2a4cb21{ip: 127.0.0.1, host: localhost, ports: [REPLICATION=43663, RATIS=36057, RATIS_ADMIN=36057, RATIS_SERVER=36057, STANDALONE=37635], networkLocation: /default-rack, certSerialId: null, persistedOpState: IN_SERVICE, persistedOpStateExpiryEpochSec: 0}, ReplicationConfig: RATIS/ONE, State:ALLOCATED, leaderId:19f1ba4d-0ac4-417a-a768-c4a6f2a4cb21, CreationTimestamp2022-09-01T11:51:03.227Z[Etc/UTC]] moved to OPEN state
2022-09-01 11:51:06,273 [pool-190-thread-1] INFO  server.RaftServerConfigKeys (ConfUtils.java:logGet(46)) - raft.server.threadpool.server.cached = true (default)
2022-09-01 11:51:06,280 [pool-190-thread-1] INFO  server.RaftServerConfigKeys (ConfUtils.java:logGet(46)) - raft.server.threadpool.server.size = 0 (default)
2022-09-01 11:51:06,280 [pool-190-thread-1] INFO  server.RaftServerConfigKeys (ConfUtils.java:logGet(46)) - raft.server.threadpool.client.cached = true (default)
2022-09-01 11:51:06,280 [pool-190-thread-1] INFO  server.RaftServerConfigKeys (ConfUtils.java:logGet(46)) - raft.server.threadpool.client.size = 0 (default)
2022-09-01 11:51:06,280 [pool-190-thread-1] INFO  server.RaftServer$Division (RaftServerImpl.java:start(310)) - 19f1ba4d-0ac4-417a-a768-c4a6f2a4cb21@group-E09716C36438: start as a follower, conf=-1: [19f1ba4d-0ac4-417a-a768-c4a6f2a4cb21|rpc:127.0.0.1:36057|priority:1], old=null
2022-09-01 11:51:06,280 [pool-190-thread-1] INFO  server.RaftServer$Division (RaftServerImpl.java:setRole(299)) - 19f1ba4d-0ac4-417a-a768-c4a6f2a4cb21@group-E09716C36438: changes role from      null to FOLLOWER at term 0 for startAsFollower
2022-09-01 11:51:06,281 [pool-190-thread-1] INFO  impl.RoleInfo (RoleInfo.java:updateAndGet(139)) - 19f1ba4d-0ac4-417a-a768-c4a6f2a4cb21: start 19f1ba4d-0ac4-417a-a768-c4a6f2a4cb21@group-E09716C36438-FollowerState
2022-09-01 11:51:06,292 [pool-190-thread-1] INFO  util.JmxRegister (JmxRegister.java:tryRegister(44)) - Successfully registered JMX Bean with object name Ratis:service=RaftServer,group=group-E09716C36438,id=19f1ba4d-0ac4-417a-a768-c4a6f2a4cb21
2022-09-01 11:51:06,294 [Command processor thread] INFO  ratis.XceiverServerRatis (XceiverServerRatis.java:addGroup(765)) - Created group PipelineID=ef5542ee-4c74-4864-92fe-e09716c36438
2022-09-01 11:51:06,295 [Command processor thread] INFO  commandhandler.CreatePipelineCommandHandler (CreatePipelineCommandHandler.java:handle(113)) - Created Pipeline RATIS ONE PipelineID=ef5542ee-4c74-4864-92fe-e09716c36438.
2022-09-01 11:51:06,299 [Command processor thread] INFO  server.RaftServer (RaftServerProxy.java:addNew(96)) - 19f1ba4d-0ac4-417a-a768-c4a6f2a4cb21: addNew group-0BBC7BF12F67:[953192fd-2d2b-4a2c-9bab-3b1036121bcc|rpc:127.0.0.1:45107|priority:0, 19f1ba4d-0ac4-417a-a768-c4a6f2a4cb21|rpc:127.0.0.1:36057|priority:1, 53230697-4daa-462d-80e4-75ca566b1cfd|rpc:127.0.0.1:39827|priority:0] returns group-0BBC7BF12F67:java.util.concurrent.CompletableFuture@26093839[Not completed]
2022-09-01 11:51:06,303 [76b5452b-5401-496a-924e-e3833b3fb27e@group-1ED43301BCE6-StateMachineUpdater] INFO  safemode.HealthyPipelineSafeModeRule (HealthyPipelineSafeModeRule.java:initializeRule(165)) - Refreshed total pipeline count is 0, healthy pipeline threshold count is 1
2022-09-01 11:51:06,316 [EventQueue-OpenPipelineForHealthyPipelineSafeModeRule] INFO  safemode.SCMSafeModeManager (HealthyPipelineSafeModeRule.java:process(137)) - SCM in safe mode. Healthy pipelines reported count is 0, required healthy pipeline reported count is 1
2022-09-01 11:51:06,316 [pool-190-thread-1] INFO  server.RaftServer$Division (RaftServerImpl.java:<init>(190)) - 19f1ba4d-0ac4-417a-a768-c4a6f2a4cb21: new RaftServerImpl for group-0BBC7BF12F67:[953192fd-2d2b-4a2c-9bab-3b1036121bcc|rpc:127.0.0.1:45107|priority:0, 19f1ba4d-0ac4-417a-a768-c4a6f2a4cb21|rpc:127.0.0.1:36057|priority:1, 53230697-4daa-462d-80e4-75ca566b1cfd|rpc:127.0.0.1:39827|priority:0] with ContainerStateMachine:uninitialized
2022-09-01 11:51:06,316 [pool-190-thread-1] INFO  server.RaftServerConfigKeys (ConfUtils.java:logGet(46)) - raft.server.rpc.timeout.min = 5s (custom)
2022-09-01 11:51:06,317 [pool-190-thread-1] INFO  server.RaftServerConfigKeys (ConfUtils.java:logGet(46)) - raft.server.rpc.timeout.max = 5200ms (custom)
2022-09-01 11:51:06,317 [pool-190-thread-1] INFO  server.RaftServerConfigKeys (ConfUtils.java:logGet(46)) - raft.server.rpc.sleep.time = 25ms (default)
2022-09-01 11:51:06,317 [pool-190-thread-1] INFO  server.RaftServerConfigKeys (ConfUtils.java:logGet(46)) - raft.server.rpc.slowness.timeout = 300s (custom)
2022-09-01 11:51:06,317 [pool-190-thread-1] INFO  server.RaftServerConfigKeys (ConfUtils.java:logGet(46)) - raft.server.leaderelection.leader.step-down.wait-time = 10s (default)
2022-09-01 11:51:06,317 [pool-190-thread-1] INFO  server.RaftServerConfigKeys (ConfUtils.java:logGet(46)) - raft.server.sleep.deviation.threshold = 300ms (default)
2022-09-01 11:51:06,317 [pool-190-thread-1] INFO  server.RaftServer$Division (ServerState.java:<init>(107)) - 19f1ba4d-0ac4-417a-a768-c4a6f2a4cb21@group-0BBC7BF12F67: ConfigurationManager, init=-1: [953192fd-2d2b-4a2c-9bab-3b1036121bcc|rpc:127.0.0.1:45107|priority:0, 19f1ba4d-0ac4-417a-a768-c4a6f2a4cb21|rpc:127.0.0.1:36057|priority:1, 53230697-4daa-462d-80e4-75ca566b1cfd|rpc:127.0.0.1:39827|priority:0], old=null, confs=<EMPTY_MAP>
2022-09-01 11:51:06,317 [pool-190-thread-1] INFO  server.RaftServerConfigKeys (ConfUtils.java:logGet(46)) - raft.server.storage.dir = [/home/runner/work/ozone/ozone/hadoop-ozone/integration-test/target/test-dir/MiniOzoneClusterImpl-a1c451f0-9b10-458f-87dd-1ed43301bce6/datanode-0/data/ratis] (custom)
2022-09-01 11:51:06,317 [pool-190-thread-1] INFO  server.RaftServerConfigKeys (ConfUtils.java:logGet(46)) - raft.server.log.corruption.policy = EXCEPTION (default)
2022-09-01 11:51:06,317 [pool-190-thread-1] INFO  server.RaftServerConfigKeys (ConfUtils.java:logGet(46)) - raft.server.storage.free-space.min = 0MB (=0) (default)
2022-09-01 11:51:06,317 [pool-190-thread-1] INFO  storage.RaftStorageDirectory (RaftStorageDirectoryImpl.java:analyzeStorage(135)) - The storage directory /home/runner/work/ozone/ozone/hadoop-ozone/integration-test/target/test-dir/MiniOzoneClusterImpl-a1c451f0-9b10-458f-87dd-1ed43301bce6/datanode-0/data/ratis/a2a432df-31b3-4847-b515-0bbc7bf12f67 does not exist. Creating ...
2022-09-01 11:51:06,319 [pool-190-thread-1] INFO  storage.RaftStorageDirectory (RaftStorageDirectoryImpl.java:tryLock(230)) - Lock on /home/runner/work/ozone/ozone/hadoop-ozone/integration-test/target/test-dir/MiniOzoneClusterImpl-a1c451f0-9b10-458f-87dd-1ed43301bce6/datanode-0/data/ratis/a2a432df-31b3-4847-b515-0bbc7bf12f67/in_use.lock acquired by nodename 25235@fv-az459-356
2022-09-01 11:51:06,321 [pool-190-thread-1] INFO  storage.RaftStorage (RaftStorageImpl.java:format(89)) - Storage directory /home/runner/work/ozone/ozone/hadoop-ozone/integration-test/target/test-dir/MiniOzoneClusterImpl-a1c451f0-9b10-458f-87dd-1ed43301bce6/datanode-0/data/ratis/a2a432df-31b3-4847-b515-0bbc7bf12f67 has been successfully formatted.
2022-09-01 11:51:06,329 [56131482-92e3-4731-b18b-d0972f1f7686@group-1ED43301BCE6-StateMachineUpdater] INFO  safemode.HealthyPipelineSafeModeRule (HealthyPipelineSafeModeRule.java:initializeRule(165)) - Refreshed total pipeline count is 0, healthy pipeline threshold count is 1
2022-09-01 11:51:06,332 [pool-190-thread-1] INFO  ratis.ContainerStateMachine (ContainerStateMachine.java:loadSnapshot(236)) - group-0BBC7BF12F67: The snapshot info is null. Setting the last applied indexto:(t:0, i:~)
2022-09-01 11:51:06,333 [pool-190-thread-1] INFO  server.RaftServerConfigKeys (ConfUtils.java:logGet(46)) - raft.server.notification.no-leader.timeout = 300s (custom)
2022-09-01 11:51:06,333 [pool-190-thread-1] INFO  server.RaftServerConfigKeys (ConfUtils.java:logGet(46)) - raft.server.log.use.memory = false (default)
2022-09-01 11:51:06,333 [pool-190-thread-1] INFO  server.RaftServerConfigKeys (ConfUtils.java:logGet(46)) - raft.server.log.purge.gap = 1000000 (custom)
2022-09-01 11:51:06,333 [pool-190-thread-1] INFO  server.RaftServerConfigKeys (ConfUtils.java:logGet(46)) - raft.server.log.appender.buffer.byte-limit = 33554432 (custom)
2022-09-01 11:51:06,333 [pool-190-thread-1] INFO  server.RaftServerConfigKeys (ConfUtils.java:logGet(46)) - raft.server.log.statemachine.data.read.timeout = 1000ms (default)
2022-09-01 11:51:06,333 [pool-190-thread-1] INFO  server.RaftServerConfigKeys (ConfUtils.java:logGet(46)) - raft.server.log.segment.size.max = 1048576 (custom)
2022-09-01 11:51:06,340 [pool-190-thread-1] INFO  server.RaftServerConfigKeys (ConfUtils.java:logGet(46)) - raft.server.log.segment.cache.num.max = 2 (custom)
2022-09-01 11:51:06,340 [pool-190-thread-1] INFO  server.RaftServerConfigKeys (ConfUtils.java:logGet(46)) - raft.server.log.segment.cache.size.max = 200MB (=209715200) (default)
2022-09-01 11:51:06,340 [pool-190-thread-1] INFO  segmented.SegmentedRaftLogWorker (SegmentedRaftLogWorker.java:<init>(187)) - new 19f1ba4d-0ac4-417a-a768-c4a6f2a4cb21@group-0BBC7BF12F67-SegmentedRaftLogWorker for RaftStorageImpl:Storage Directory /home/runner/work/ozone/ozone/hadoop-ozone/integration-test/target/test-dir/MiniOzoneClusterImpl-a1c451f0-9b10-458f-87dd-1ed43301bce6/datanode-0/data/ratis/a2a432df-31b3-4847-b515-0bbc7bf12f67
2022-09-01 11:51:06,340 [pool-190-thread-1] INFO  server.RaftServerConfigKeys (ConfUtils.java:logGet(46)) - raft.server.log.queue.byte-limit = 4294967296 (custom)
2022-09-01 11:51:06,340 [pool-190-thread-1] INFO  server.RaftServerConfigKeys (ConfUtils.java:logGet(46)) - raft.server.log.queue.element-limit = 1024 (custom)
2022-09-01 11:51:06,340 [pool-190-thread-1] INFO  server.RaftServerConfigKeys (ConfUtils.java:logGet(46)) - raft.server.log.segment.size.max = 1048576 (custom)
2022-09-01 11:51:06,340 [pool-190-thread-1] INFO  server.RaftServerConfigKeys (ConfUtils.java:logGet(46)) - raft.server.log.preallocated.size = 16384 (custom)
2022-09-01 11:51:06,340 [pool-190-thread-1] INFO  server.RaftServerConfigKeys (ConfUtils.java:logGet(46)) - raft.server.log.force.sync.num = 128 (default)
2022-09-01 11:51:06,340 [pool-190-thread-1] INFO  server.RaftServerConfigKeys (ConfUtils.java:logGet(46)) - raft.server.log.statemachine.data.sync = true (default)
2022-09-01 11:51:06,341 [pool-190-thread-1] INFO  server.RaftServerConfigKeys (ConfUtils.java:logGet(46)) - raft.server.log.statemachine.data.sync.timeout = 10s (default)
2022-09-01 11:51:06,341 [pool-190-thread-1] INFO  server.RaftServerConfigKeys (ConfUtils.java:logGet(46)) - raft.server.log.statemachine.data.sync.timeout.retry = -1 (default)
2022-09-01 11:51:06,342 [pool-190-thread-1] INFO  server.RaftServerConfigKeys (ConfUtils.java:logGet(46)) - raft.server.log.write.buffer.size = 1048576 (custom)
2022-09-01 11:51:06,342 [pool-190-thread-1] INFO  server.RaftServerConfigKeys (ConfUtils.java:logGet(46)) - raft.server.log.unsafe-flush.enabled = false (default)
2022-09-01 11:51:06,342 [pool-190-thread-1] INFO  server.RaftServerConfigKeys (ConfUtils.java:logGet(46)) - raft.server.log.statemachine.data.caching.enabled = true (custom)
2022-09-01 11:51:06,343 [pool-190-thread-1] INFO  segmented.SegmentedRaftLogWorker (SegmentedRaftLogWorker.java:lambda$new$0(135)) - 19f1ba4d-0ac4-417a-a768-c4a6f2a4cb21@group-0BBC7BF12F67-SegmentedRaftLogWorker: flushIndex: setUnconditionally 0 -> -1
2022-09-01 11:51:06,343 [pool-190-thread-1] INFO  segmented.SegmentedRaftLogWorker (SegmentedRaftLogWorker.java:lambda$new$0(135)) - 19f1ba4d-0ac4-417a-a768-c4a6f2a4cb21@group-0BBC7BF12F67-SegmentedRaftLogWorker: safeCacheEvictIndex: setUnconditionally 0 -> -1
2022-09-01 11:51:06,346 [5ae0c8ef-e091-4d1b-9d6c-68c2daa287ce@group-1ED43301BCE6-StateMachineUpdater] INFO  safemode.HealthyPipelineSafeModeRule (HealthyPipelineSafeModeRule.java:initializeRule(165)) - Refreshed total pipeline count is 0, healthy pipeline threshold count is 1
2022-09-01 11:51:06,347 [pool-190-thread-1] INFO  server.RaftServerConfigKeys (ConfUtils.java:logGet(46)) - raft.server.snapshot.auto.trigger.enabled = true (custom)
2022-09-01 11:51:06,347 [pool-190-thread-1] INFO  server.RaftServerConfigKeys (ConfUtils.java:logGet(46)) - raft.server.snapshot.auto.trigger.threshold = 10000 (custom)
2022-09-01 11:51:06,347 [pool-190-thread-1] INFO  server.RaftServerConfigKeys (ConfUtils.java:logGet(46)) - raft.server.snapshot.retention.file.num = 5 (custom)
2022-09-01 11:51:06,347 [pool-190-thread-1] INFO  server.RaftServerConfigKeys (ConfUtils.java:logGet(46)) - raft.server.log.purge.upto.snapshot.index = false (default)
2022-09-01 11:51:06,347 [pool-190-thread-1] INFO  server.RaftServerConfigKeys (ConfUtils.java:logGet(46)) - raft.server.retrycache.expirytime = 600000ms (custom)
2022-09-01 11:51:06,347 [pool-190-thread-1] INFO  server.RaftServerConfigKeys (ConfUtils.java:logGet(46)) - raft.server.retrycache.statistics.expirytime = 100μs (default)
2022-09-01 11:51:06,353 [EventQueue-OpenPipelineForHealthyPipelineSafeModeRule] INFO  safemode.SCMSafeModeManager (HealthyPipelineSafeModeRule.java:process(137)) - SCM in safe mode. Healthy pipelines reported count is 0, required healthy pipeline reported count is 1
2022-09-01 11:51:06,354 [pool-190-thread-1] INFO  server.RaftServerConfigKeys (ConfUtils.java:logGet(46)) - raft.server.log.appender.install.snapshot.enabled = false (custom)
2022-09-01 11:51:06,355 [pool-190-thread-1] INFO  server.RaftServerConfigKeys (ConfUtils.java:logGet(46)) - raft.server.threadpool.server.cached = true (default)
2022-09-01 11:51:06,355 [pool-190-thread-1] INFO  server.RaftServerConfigKeys (ConfUtils.java:logGet(46)) - raft.server.threadpool.server.size = 0 (default)
2022-09-01 11:51:06,355 [pool-190-thread-1] INFO  server.RaftServerConfigKeys (ConfUtils.java:logGet(46)) - raft.server.threadpool.client.cached = true (default)
2022-09-01 11:51:06,355 [pool-190-thread-1] INFO  server.RaftServerConfigKeys (ConfUtils.java:logGet(46)) - raft.server.threadpool.client.size = 0 (default)
2022-09-01 11:51:06,355 [pool-190-thread-1] INFO  server.RaftServer$Division (RaftServerImpl.java:start(310)) - 19f1ba4d-0ac4-417a-a768-c4a6f2a4cb21@group-0BBC7BF12F67: start as a follower, conf=-1: [953192fd-2d2b-4a2c-9bab-3b1036121bcc|rpc:127.0.0.1:45107|priority:0, 19f1ba4d-0ac4-417a-a768-c4a6f2a4cb21|rpc:127.0.0.1:36057|priority:1, 53230697-4daa-462d-80e4-75ca566b1cfd|rpc:127.0.0.1:39827|priority:0], old=null
2022-09-01 11:51:06,355 [pool-190-thread-1] INFO  server.RaftServer$Division (RaftServerImpl.java:setRole(299)) - 19f1ba4d-0ac4-417a-a768-c4a6f2a4cb21@group-0BBC7BF12F67: changes role from      null to FOLLOWER at term 0 for startAsFollower
2022-09-01 11:51:06,355 [pool-190-thread-1] INFO  impl.RoleInfo (RoleInfo.java:updateAndGet(139)) - 19f1ba4d-0ac4-417a-a768-c4a6f2a4cb21: start 19f1ba4d-0ac4-417a-a768-c4a6f2a4cb21@group-0BBC7BF12F67-FollowerState
2022-09-01 11:51:06,358 [pool-190-thread-1] INFO  util.JmxRegister (JmxRegister.java:tryRegister(44)) - Successfully registered JMX Bean with object name Ratis:service=RaftServer,group=group-0BBC7BF12F67,id=19f1ba4d-0ac4-417a-a768-c4a6f2a4cb21
2022-09-01 11:51:06,360 [EventQueue-OpenPipelineForHealthyPipelineSafeModeRule] INFO  safemode.SCMSafeModeManager (HealthyPipelineSafeModeRule.java:process(137)) - SCM in safe mode. Healthy pipelines reported count is 0, required healthy pipeline reported count is 1
2022-09-01 11:51:06,361 [EventQueue-OpenPipelineForHealthyPipelineSafeModeRule] INFO  safemode.SCMSafeModeManager (HealthyPipelineSafeModeRule.java:process(137)) - SCM in safe mode. Healthy pipelines reported count is 0, required healthy pipeline reported count is 1
2022-09-01 11:51:06,361 [Command processor thread] INFO  ratis.XceiverServerRatis (XceiverServerRatis.java:addGroup(765)) - Created group PipelineID=a2a432df-31b3-4847-b515-0bbc7bf12f67
2022-09-01 11:51:06,431 [grpc-default-executor-1] INFO  server.RaftServer (RaftServerProxy.java:addNew(96)) - 53230697-4daa-462d-80e4-75ca566b1cfd: addNew group-0BBC7BF12F67:[953192fd-2d2b-4a2c-9bab-3b1036121bcc|rpc:127.0.0.1:45107|dataStream:|priority:0, 19f1ba4d-0ac4-417a-a768-c4a6f2a4cb21|rpc:127.0.0.1:36057|dataStream:|priority:1, 53230697-4daa-462d-80e4-75ca566b1cfd|rpc:127.0.0.1:39827|dataStream:|priority:0] returns group-0BBC7BF12F67:java.util.concurrent.CompletableFuture@46bedd81[Not completed]
2022-09-01 11:51:06,434 [pool-240-thread-1] INFO  server.RaftServer$Division (RaftServerImpl.java:<init>(190)) - 53230697-4daa-462d-80e4-75ca566b1cfd: new RaftServerImpl for group-0BBC7BF12F67:[953192fd-2d2b-4a2c-9bab-3b1036121bcc|rpc:127.0.0.1:45107|dataStream:|priority:0, 19f1ba4d-0ac4-417a-a768-c4a6f2a4cb21|rpc:127.0.0.1:36057|dataStream:|priority:1, 53230697-4daa-462d-80e4-75ca566b1cfd|rpc:127.0.0.1:39827|dataStream:|priority:0] with ContainerStateMachine:uninitialized
2022-09-01 11:51:06,434 [pool-240-thread-1] INFO  server.RaftServerConfigKeys (ConfUtils.java:logGet(46)) - raft.server.rpc.timeout.min = 5s (custom)
2022-09-01 11:51:06,434 [pool-240-thread-1] INFO  server.RaftServerConfigKeys (ConfUtils.java:logGet(46)) - raft.server.rpc.timeout.max = 5200ms (custom)
2022-09-01 11:51:06,434 [pool-240-thread-1] INFO  server.RaftServerConfigKeys (ConfUtils.java:logGet(46)) - raft.server.rpc.sleep.time = 25ms (default)
2022-09-01 11:51:06,434 [pool-240-thread-1] INFO  server.RaftServerConfigKeys (ConfUtils.java:logGet(46)) - raft.server.rpc.slowness.timeout = 300s (custom)
2022-09-01 11:51:06,434 [pool-240-thread-1] INFO  server.RaftServerConfigKeys (ConfUtils.java:logGet(46)) - raft.server.leaderelection.leader.step-down.wait-time = 10s (default)
2022-09-01 11:51:06,434 [pool-240-thread-1] INFO  server.RaftServerConfigKeys (ConfUtils.java:logGet(46)) - raft.server.sleep.deviation.threshold = 300ms (default)
2022-09-01 11:51:06,434 [pool-240-thread-1] INFO  server.RaftServer$Division (ServerState.java:<init>(107)) - 53230697-4daa-462d-80e4-75ca566b1cfd@group-0BBC7BF12F67: ConfigurationManager, init=-1: [953192fd-2d2b-4a2c-9bab-3b1036121bcc|rpc:127.0.0.1:45107|dataStream:|priority:0, 19f1ba4d-0ac4-417a-a768-c4a6f2a4cb21|rpc:127.0.0.1:36057|dataStream:|priority:1, 53230697-4daa-462d-80e4-75ca566b1cfd|rpc:127.0.0.1:39827|dataStream:|priority:0], old=null, confs=<EMPTY_MAP>
2022-09-01 11:51:06,434 [pool-240-thread-1] INFO  server.RaftServerConfigKeys (ConfUtils.java:logGet(46)) - raft.server.storage.dir = [/home/runner/work/ozone/ozone/hadoop-ozone/integration-test/target/test-dir/MiniOzoneClusterImpl-a1c451f0-9b10-458f-87dd-1ed43301bce6/datanode-2/data/ratis] (custom)
2022-09-01 11:51:06,435 [pool-240-thread-1] INFO  server.RaftServerConfigKeys (ConfUtils.java:logGet(46)) - raft.server.log.corruption.policy = EXCEPTION (default)
2022-09-01 11:51:06,435 [pool-240-thread-1] INFO  server.RaftServerConfigKeys (ConfUtils.java:logGet(46)) - raft.server.storage.free-space.min = 0MB (=0) (default)
2022-09-01 11:51:06,435 [pool-240-thread-1] INFO  storage.RaftStorageDirectory (RaftStorageDirectoryImpl.java:analyzeStorage(135)) - The storage directory /home/runner/work/ozone/ozone/hadoop-ozone/integration-test/target/test-dir/MiniOzoneClusterImpl-a1c451f0-9b10-458f-87dd-1ed43301bce6/datanode-2/data/ratis/a2a432df-31b3-4847-b515-0bbc7bf12f67 does not exist. Creating ...
2022-09-01 11:51:06,436 [pool-240-thread-1] INFO  storage.RaftStorageDirectory (RaftStorageDirectoryImpl.java:tryLock(230)) - Lock on /home/runner/work/ozone/ozone/hadoop-ozone/integration-test/target/test-dir/MiniOzoneClusterImpl-a1c451f0-9b10-458f-87dd-1ed43301bce6/datanode-2/data/ratis/a2a432df-31b3-4847-b515-0bbc7bf12f67/in_use.lock acquired by nodename 25235@fv-az459-356
2022-09-01 11:51:06,437 [pool-240-thread-1] INFO  storage.RaftStorage (RaftStorageImpl.java:format(89)) - Storage directory /home/runner/work/ozone/ozone/hadoop-ozone/integration-test/target/test-dir/MiniOzoneClusterImpl-a1c451f0-9b10-458f-87dd-1ed43301bce6/datanode-2/data/ratis/a2a432df-31b3-4847-b515-0bbc7bf12f67 has been successfully formatted.
2022-09-01 11:51:06,438 [pool-240-thread-1] INFO  ratis.ContainerStateMachine (ContainerStateMachine.java:loadSnapshot(236)) - group-0BBC7BF12F67: The snapshot info is null. Setting the last applied indexto:(t:0, i:~)
2022-09-01 11:51:06,443 [pool-240-thread-1] INFO  server.RaftServerConfigKeys (ConfUtils.java:logGet(46)) - raft.server.notification.no-leader.timeout = 300s (custom)
2022-09-01 11:51:06,443 [pool-240-thread-1] INFO  server.RaftServerConfigKeys (ConfUtils.java:logGet(46)) - raft.server.log.use.memory = false (default)
2022-09-01 11:51:06,444 [pool-240-thread-1] INFO  server.RaftServerConfigKeys (ConfUtils.java:logGet(46)) - raft.server.log.purge.gap = 1000000 (custom)
2022-09-01 11:51:06,444 [pool-240-thread-1] INFO  server.RaftServerConfigKeys (ConfUtils.java:logGet(46)) - raft.server.log.appender.buffer.byte-limit = 33554432 (custom)
2022-09-01 11:51:06,444 [pool-240-thread-1] INFO  server.RaftServerConfigKeys (ConfUtils.java:logGet(46)) - raft.server.log.statemachine.data.read.timeout = 1000ms (default)
2022-09-01 11:51:06,444 [pool-240-thread-1] INFO  server.RaftServerConfigKeys (ConfUtils.java:logGet(46)) - raft.server.log.segment.size.max = 1048576 (custom)
2022-09-01 11:51:06,444 [pool-240-thread-1] INFO  server.RaftServerConfigKeys (ConfUtils.java:logGet(46)) - raft.server.log.segment.cache.num.max = 2 (custom)
2022-09-01 11:51:06,444 [pool-240-thread-1] INFO  server.RaftServerConfigKeys (ConfUtils.java:logGet(46)) - raft.server.log.segment.cache.size.max = 200MB (=209715200) (default)
2022-09-01 11:51:06,445 [pool-240-thread-1] INFO  segmented.SegmentedRaftLogWorker (SegmentedRaftLogWorker.java:<init>(187)) - new 53230697-4daa-462d-80e4-75ca566b1cfd@group-0BBC7BF12F67-SegmentedRaftLogWorker for RaftStorageImpl:Storage Directory /home/runner/work/ozone/ozone/hadoop-ozone/integration-test/target/test-dir/MiniOzoneClusterImpl-a1c451f0-9b10-458f-87dd-1ed43301bce6/datanode-2/data/ratis/a2a432df-31b3-4847-b515-0bbc7bf12f67
2022-09-01 11:51:06,445 [pool-240-thread-1] INFO  server.RaftServerConfigKeys (ConfUtils.java:logGet(46)) - raft.server.log.queue.byte-limit = 4294967296 (custom)
2022-09-01 11:51:06,445 [pool-240-thread-1] INFO  server.RaftServerConfigKeys (ConfUtils.java:logGet(46)) - raft.server.log.queue.element-limit = 1024 (custom)
2022-09-01 11:51:06,445 [pool-240-thread-1] INFO  server.RaftServerConfigKeys (ConfUtils.java:logGet(46)) - raft.server.log.segment.size.max = 1048576 (custom)
2022-09-01 11:51:06,445 [pool-240-thread-1] INFO  server.RaftServerConfigKeys (ConfUtils.java:logGet(46)) - raft.server.log.preallocated.size = 16384 (custom)
2022-09-01 11:51:06,445 [pool-240-thread-1] INFO  server.RaftServerConfigKeys (ConfUtils.java:logGet(46)) - raft.server.log.force.sync.num = 128 (default)
2022-09-01 11:51:06,445 [pool-240-thread-1] INFO  server.RaftServerConfigKeys (ConfUtils.java:logGet(46)) - raft.server.log.statemachine.data.sync = true (default)
2022-09-01 11:51:06,445 [pool-240-thread-1] INFO  server.RaftServerConfigKeys (ConfUtils.java:logGet(46)) - raft.server.log.statemachine.data.sync.timeout = 10s (default)
2022-09-01 11:51:06,445 [pool-240-thread-1] INFO  server.RaftServerConfigKeys (ConfUtils.java:logGet(46)) - raft.server.log.statemachine.data.sync.timeout.retry = -1 (default)
2022-09-01 11:51:06,446 [pool-240-thread-1] INFO  server.RaftServerConfigKeys (ConfUtils.java:logGet(46)) - raft.server.log.write.buffer.size = 1048576 (custom)
2022-09-01 11:51:06,447 [pool-240-thread-1] INFO  server.RaftServerConfigKeys (ConfUtils.java:logGet(46)) - raft.server.log.unsafe-flush.enabled = false (default)
2022-09-01 11:51:06,447 [pool-240-thread-1] INFO  server.RaftServerConfigKeys (ConfUtils.java:logGet(46)) - raft.server.log.statemachine.data.caching.enabled = true (custom)
2022-09-01 11:51:06,447 [pool-240-thread-1] INFO  segmented.SegmentedRaftLogWorker (SegmentedRaftLogWorker.java:lambda$new$0(135)) - 53230697-4daa-462d-80e4-75ca566b1cfd@group-0BBC7BF12F67-SegmentedRaftLogWorker: flushIndex: setUnconditionally 0 -> -1
2022-09-01 11:51:06,447 [pool-240-thread-1] INFO  segmented.SegmentedRaftLogWorker (SegmentedRaftLogWorker.java:lambda$new$0(135)) - 53230697-4daa-462d-80e4-75ca566b1cfd@group-0BBC7BF12F67-SegmentedRaftLogWorker: safeCacheEvictIndex: setUnconditionally 0 -> -1
2022-09-01 11:51:06,448 [pool-240-thread-1] INFO  server.RaftServerConfigKeys (ConfUtils.java:logGet(46)) - raft.server.snapshot.auto.trigger.enabled = true (custom)
2022-09-01 11:51:06,448 [pool-240-thread-1] INFO  server.RaftServerConfigKeys (ConfUtils.java:logGet(46)) - raft.server.snapshot.auto.trigger.threshold = 10000 (custom)
2022-09-01 11:51:06,448 [pool-240-thread-1] INFO  server.RaftServerConfigKeys (ConfUtils.java:logGet(46)) - raft.server.snapshot.retention.file.num = 5 (custom)
2022-09-01 11:51:06,448 [pool-240-thread-1] INFO  server.RaftServerConfigKeys (ConfUtils.java:logGet(46)) - raft.server.log.purge.upto.snapshot.index = false (default)
2022-09-01 11:51:06,448 [pool-240-thread-1] INFO  server.RaftServerConfigKeys (ConfUtils.java:logGet(46)) - raft.server.retrycache.expirytime = 600000ms (custom)
2022-09-01 11:51:06,448 [pool-240-thread-1] INFO  server.RaftServerConfigKeys (ConfUtils.java:logGet(46)) - raft.server.retrycache.statistics.expirytime = 100μs (default)
2022-09-01 11:51:06,454 [pool-240-thread-1] INFO  server.RaftServerConfigKeys (ConfUtils.java:logGet(46)) - raft.server.log.appender.install.snapshot.enabled = false (custom)
2022-09-01 11:51:06,454 [pool-240-thread-1] INFO  server.RaftServerConfigKeys (ConfUtils.java:logGet(46)) - raft.server.threadpool.server.cached = true (default)
2022-09-01 11:51:06,454 [pool-240-thread-1] INFO  server.RaftServerConfigKeys (ConfUtils.java:logGet(46)) - raft.server.threadpool.server.size = 0 (default)
2022-09-01 11:51:06,455 [pool-240-thread-1] INFO  server.RaftServerConfigKeys (ConfUtils.java:logGet(46)) - raft.server.threadpool.client.cached = true (default)
2022-09-01 11:51:06,455 [pool-240-thread-1] INFO  server.RaftServerConfigKeys (ConfUtils.java:logGet(46)) - raft.server.threadpool.client.size = 0 (default)
2022-09-01 11:51:06,455 [pool-240-thread-1] INFO  server.RaftServer$Division (RaftServerImpl.java:start(310)) - 53230697-4daa-462d-80e4-75ca566b1cfd@group-0BBC7BF12F67: start as a follower, conf=-1: [953192fd-2d2b-4a2c-9bab-3b1036121bcc|rpc:127.0.0.1:45107|dataStream:|priority:0, 19f1ba4d-0ac4-417a-a768-c4a6f2a4cb21|rpc:127.0.0.1:36057|dataStream:|priority:1, 53230697-4daa-462d-80e4-75ca566b1cfd|rpc:127.0.0.1:39827|dataStream:|priority:0], old=null
2022-09-01 11:51:06,455 [pool-240-thread-1] INFO  server.RaftServer$Division (RaftServerImpl.java:setRole(299)) - 53230697-4daa-462d-80e4-75ca566b1cfd@group-0BBC7BF12F67: changes role from      null to FOLLOWER at term 0 for startAsFollower
2022-09-01 11:51:06,455 [pool-240-thread-1] INFO  impl.RoleInfo (RoleInfo.java:updateAndGet(139)) - 53230697-4daa-462d-80e4-75ca566b1cfd: start 53230697-4daa-462d-80e4-75ca566b1cfd@group-0BBC7BF12F67-FollowerState
2022-09-01 11:51:06,455 [pool-240-thread-1] INFO  util.JmxRegister (JmxRegister.java:tryRegister(44)) - Successfully registered JMX Bean with object name Ratis:service=RaftServer,group=group-0BBC7BF12F67,id=53230697-4daa-462d-80e4-75ca566b1cfd
2022-09-01 11:51:06,501 [grpc-default-executor-0] INFO  server.RaftServer (RaftServerProxy.java:addNew(96)) - 953192fd-2d2b-4a2c-9bab-3b1036121bcc: addNew group-0BBC7BF12F67:[953192fd-2d2b-4a2c-9bab-3b1036121bcc|rpc:127.0.0.1:45107|dataStream:|priority:0, 19f1ba4d-0ac4-417a-a768-c4a6f2a4cb21|rpc:127.0.0.1:36057|dataStream:|priority:1, 53230697-4daa-462d-80e4-75ca566b1cfd|rpc:127.0.0.1:39827|dataStream:|priority:0] returns group-0BBC7BF12F67:java.util.concurrent.CompletableFuture@73e074b8[Not completed]
2022-09-01 11:51:06,502 [pool-215-thread-1] INFO  server.RaftServer$Division (RaftServerImpl.java:<init>(190)) - 953192fd-2d2b-4a2c-9bab-3b1036121bcc: new RaftServerImpl for group-0BBC7BF12F67:[953192fd-2d2b-4a2c-9bab-3b1036121bcc|rpc:127.0.0.1:45107|dataStream:|priority:0, 19f1ba4d-0ac4-417a-a768-c4a6f2a4cb21|rpc:127.0.0.1:36057|dataStream:|priority:1, 53230697-4daa-462d-80e4-75ca566b1cfd|rpc:127.0.0.1:39827|dataStream:|priority:0] with ContainerStateMachine:uninitialized
2022-09-01 11:51:06,503 [pool-215-thread-1] INFO  server.RaftServerConfigKeys (ConfUtils.java:logGet(46)) - raft.server.rpc.timeout.min = 5s (custom)
2022-09-01 11:51:06,503 [pool-215-thread-1] INFO  server.RaftServerConfigKeys (ConfUtils.java:logGet(46)) - raft.server.rpc.timeout.max = 5200ms (custom)
2022-09-01 11:51:06,503 [pool-215-thread-1] INFO  server.RaftServerConfigKeys (ConfUtils.java:logGet(46)) - raft.server.rpc.sleep.time = 25ms (default)
2022-09-01 11:51:06,503 [pool-215-thread-1] INFO  server.RaftServerConfigKeys (ConfUtils.java:logGet(46)) - raft.server.rpc.slowness.timeout = 300s (custom)
2022-09-01 11:51:06,503 [pool-215-thread-1] INFO  server.RaftServerConfigKeys (ConfUtils.java:logGet(46)) - raft.server.leaderelection.leader.step-down.wait-time = 10s (default)
2022-09-01 11:51:06,503 [pool-215-thread-1] INFO  server.RaftServerConfigKeys (ConfUtils.java:logGet(46)) - raft.server.sleep.deviation.threshold = 300ms (default)
2022-09-01 11:51:06,503 [pool-215-thread-1] INFO  server.RaftServer$Division (ServerState.java:<init>(107)) - 953192fd-2d2b-4a2c-9bab-3b1036121bcc@group-0BBC7BF12F67: ConfigurationManager, init=-1: [953192fd-2d2b-4a2c-9bab-3b1036121bcc|rpc:127.0.0.1:45107|dataStream:|priority:0, 19f1ba4d-0ac4-417a-a768-c4a6f2a4cb21|rpc:127.0.0.1:36057|dataStream:|priority:1, 53230697-4daa-462d-80e4-75ca566b1cfd|rpc:127.0.0.1:39827|dataStream:|priority:0], old=null, confs=<EMPTY_MAP>
2022-09-01 11:51:06,503 [pool-215-thread-1] INFO  server.RaftServerConfigKeys (ConfUtils.java:logGet(46)) - raft.server.storage.dir = [/home/runner/work/ozone/ozone/hadoop-ozone/integration-test/target/test-dir/MiniOzoneClusterImpl-a1c451f0-9b10-458f-87dd-1ed43301bce6/datanode-1/data/ratis] (custom)
2022-09-01 11:51:06,504 [pool-215-thread-1] INFO  server.RaftServerConfigKeys (ConfUtils.java:logGet(46)) - raft.server.log.corruption.policy = EXCEPTION (default)
2022-09-01 11:51:06,504 [pool-215-thread-1] INFO  server.RaftServerConfigKeys (ConfUtils.java:logGet(46)) - raft.server.storage.free-space.min = 0MB (=0) (default)
2022-09-01 11:51:06,504 [pool-215-thread-1] INFO  storage.RaftStorageDirectory (RaftStorageDirectoryImpl.java:analyzeStorage(135)) - The storage directory /home/runner/work/ozone/ozone/hadoop-ozone/integration-test/target/test-dir/MiniOzoneClusterImpl-a1c451f0-9b10-458f-87dd-1ed43301bce6/datanode-1/data/ratis/a2a432df-31b3-4847-b515-0bbc7bf12f67 does not exist. Creating ...
2022-09-01 11:51:06,506 [pool-215-thread-1] INFO  storage.RaftStorageDirectory (RaftStorageDirectoryImpl.java:tryLock(230)) - Lock on /home/runner/work/ozone/ozone/hadoop-ozone/integration-test/target/test-dir/MiniOzoneClusterImpl-a1c451f0-9b10-458f-87dd-1ed43301bce6/datanode-1/data/ratis/a2a432df-31b3-4847-b515-0bbc7bf12f67/in_use.lock acquired by nodename 25235@fv-az459-356
2022-09-01 11:51:06,508 [pool-215-thread-1] INFO  storage.RaftStorage (RaftStorageImpl.java:format(89)) - Storage directory /home/runner/work/ozone/ozone/hadoop-ozone/integration-test/target/test-dir/MiniOzoneClusterImpl-a1c451f0-9b10-458f-87dd-1ed43301bce6/datanode-1/data/ratis/a2a432df-31b3-4847-b515-0bbc7bf12f67 has been successfully formatted.
2022-09-01 11:51:06,508 [pool-215-thread-1] INFO  ratis.ContainerStateMachine (ContainerStateMachine.java:loadSnapshot(236)) - group-0BBC7BF12F67: The snapshot info is null. Setting the last applied indexto:(t:0, i:~)
2022-09-01 11:51:06,508 [pool-215-thread-1] INFO  server.RaftServerConfigKeys (ConfUtils.java:logGet(46)) - raft.server.notification.no-leader.timeout = 300s (custom)
2022-09-01 11:51:06,514 [pool-215-thread-1] INFO  server.RaftServerConfigKeys (ConfUtils.java:logGet(46)) - raft.server.log.use.memory = false (default)
2022-09-01 11:51:06,514 [pool-215-thread-1] INFO  server.RaftServerConfigKeys (ConfUtils.java:logGet(46)) - raft.server.log.purge.gap = 1000000 (custom)
2022-09-01 11:51:06,514 [pool-215-thread-1] INFO  server.RaftServerConfigKeys (ConfUtils.java:logGet(46)) - raft.server.log.appender.buffer.byte-limit = 33554432 (custom)
2022-09-01 11:51:06,514 [pool-215-thread-1] INFO  server.RaftServerConfigKeys (ConfUtils.java:logGet(46)) - raft.server.log.statemachine.data.read.timeout = 1000ms (default)
2022-09-01 11:51:06,515 [pool-215-thread-1] INFO  server.RaftServerConfigKeys (ConfUtils.java:logGet(46)) - raft.server.log.segment.size.max = 1048576 (custom)
2022-09-01 11:51:06,515 [pool-215-thread-1] INFO  server.RaftServerConfigKeys (ConfUtils.java:logGet(46)) - raft.server.log.segment.cache.num.max = 2 (custom)
2022-09-01 11:51:06,515 [pool-215-thread-1] INFO  server.RaftServerConfigKeys (ConfUtils.java:logGet(46)) - raft.server.log.segment.cache.size.max = 200MB (=209715200) (default)
2022-09-01 11:51:06,515 [pool-215-thread-1] INFO  segmented.SegmentedRaftLogWorker (SegmentedRaftLogWorker.java:<init>(187)) - new 953192fd-2d2b-4a2c-9bab-3b1036121bcc@group-0BBC7BF12F67-SegmentedRaftLogWorker for RaftStorageImpl:Storage Directory /home/runner/work/ozone/ozone/hadoop-ozone/integration-test/target/test-dir/MiniOzoneClusterImpl-a1c451f0-9b10-458f-87dd-1ed43301bce6/datanode-1/data/ratis/a2a432df-31b3-4847-b515-0bbc7bf12f67
2022-09-01 11:51:06,516 [pool-215-thread-1] INFO  server.RaftServerConfigKeys (ConfUtils.java:logGet(46)) - raft.server.log.queue.byte-limit = 4294967296 (custom)
2022-09-01 11:51:06,516 [pool-215-thread-1] INFO  server.RaftServerConfigKeys (ConfUtils.java:logGet(46)) - raft.server.log.queue.element-limit = 1024 (custom)
2022-09-01 11:51:06,516 [pool-215-thread-1] INFO  server.RaftServerConfigKeys (ConfUtils.java:logGet(46)) - raft.server.log.segment.size.max = 1048576 (custom)
2022-09-01 11:51:06,516 [pool-215-thread-1] INFO  server.RaftServerConfigKeys (ConfUtils.java:logGet(46)) - raft.server.log.preallocated.size = 16384 (custom)
2022-09-01 11:51:06,516 [pool-215-thread-1] INFO  server.RaftServerConfigKeys (ConfUtils.java:logGet(46)) - raft.server.log.force.sync.num = 128 (default)
2022-09-01 11:51:06,516 [pool-215-thread-1] INFO  server.RaftServerConfigKeys (ConfUtils.java:logGet(46)) - raft.server.log.statemachine.data.sync = true (default)
2022-09-01 11:51:06,516 [pool-215-thread-1] INFO  server.RaftServerConfigKeys (ConfUtils.java:logGet(46)) - raft.server.log.statemachine.data.sync.timeout = 10s (default)
2022-09-01 11:51:06,516 [pool-215-thread-1] INFO  server.RaftServerConfigKeys (ConfUtils.java:logGet(46)) - raft.server.log.statemachine.data.sync.timeout.retry = -1 (default)
2022-09-01 11:51:06,519 [pool-215-thread-1] INFO  server.RaftServerConfigKeys (ConfUtils.java:logGet(46)) - raft.server.log.write.buffer.size = 1048576 (custom)
2022-09-01 11:51:06,520 [pool-215-thread-1] INFO  server.RaftServerConfigKeys (ConfUtils.java:logGet(46)) - raft.server.log.unsafe-flush.enabled = false (default)
2022-09-01 11:51:06,520 [pool-215-thread-1] INFO  server.RaftServerConfigKeys (ConfUtils.java:logGet(46)) - raft.server.log.statemachine.data.caching.enabled = true (custom)
2022-09-01 11:51:06,520 [pool-215-thread-1] INFO  segmented.SegmentedRaftLogWorker (SegmentedRaftLogWorker.java:lambda$new$0(135)) - 953192fd-2d2b-4a2c-9bab-3b1036121bcc@group-0BBC7BF12F67-SegmentedRaftLogWorker: flushIndex: setUnconditionally 0 -> -1
2022-09-01 11:51:06,520 [pool-215-thread-1] INFO  segmented.SegmentedRaftLogWorker (SegmentedRaftLogWorker.java:lambda$new$0(135)) - 953192fd-2d2b-4a2c-9bab-3b1036121bcc@group-0BBC7BF12F67-SegmentedRaftLogWorker: safeCacheEvictIndex: setUnconditionally 0 -> -1
2022-09-01 11:51:06,520 [pool-215-thread-1] INFO  server.RaftServerConfigKeys (ConfUtils.java:logGet(46)) - raft.server.snapshot.auto.trigger.enabled = true (custom)
2022-09-01 11:51:06,520 [pool-215-thread-1] INFO  server.RaftServerConfigKeys (ConfUtils.java:logGet(46)) - raft.server.snapshot.auto.trigger.threshold = 10000 (custom)
2022-09-01 11:51:06,521 [pool-215-thread-1] INFO  server.RaftServerConfigKeys (ConfUtils.java:logGet(46)) - raft.server.snapshot.retention.file.num = 5 (custom)
2022-09-01 11:51:06,521 [pool-215-thread-1] INFO  server.RaftServerConfigKeys (ConfUtils.java:logGet(46)) - raft.server.log.purge.upto.snapshot.index = false (default)
2022-09-01 11:51:06,521 [pool-215-thread-1] INFO  server.RaftServerConfigKeys (ConfUtils.java:logGet(46)) - raft.server.retrycache.expirytime = 600000ms (custom)
2022-09-01 11:51:06,521 [pool-215-thread-1] INFO  server.RaftServerConfigKeys (ConfUtils.java:logGet(46)) - raft.server.retrycache.statistics.expirytime = 100μs (default)
2022-09-01 11:51:06,523 [pool-215-thread-1] INFO  server.RaftServerConfigKeys (ConfUtils.java:logGet(46)) - raft.server.log.appender.install.snapshot.enabled = false (custom)
2022-09-01 11:51:06,523 [pool-215-thread-1] INFO  server.RaftServerConfigKeys (ConfUtils.java:logGet(46)) - raft.server.threadpool.server.cached = true (default)
2022-09-01 11:51:06,523 [pool-215-thread-1] INFO  server.RaftServerConfigKeys (ConfUtils.java:logGet(46)) - raft.server.threadpool.server.size = 0 (default)
2022-09-01 11:51:06,523 [pool-215-thread-1] INFO  server.RaftServerConfigKeys (ConfUtils.java:logGet(46)) - raft.server.threadpool.client.cached = true (default)
2022-09-01 11:51:06,523 [pool-215-thread-1] INFO  server.RaftServerConfigKeys (ConfUtils.java:logGet(46)) - raft.server.threadpool.client.size = 0 (default)
2022-09-01 11:51:06,523 [pool-215-thread-1] INFO  server.RaftServer$Division (RaftServerImpl.java:start(310)) - 953192fd-2d2b-4a2c-9bab-3b1036121bcc@group-0BBC7BF12F67: start as a follower, conf=-1: [953192fd-2d2b-4a2c-9bab-3b1036121bcc|rpc:127.0.0.1:45107|dataStream:|priority:0, 19f1ba4d-0ac4-417a-a768-c4a6f2a4cb21|rpc:127.0.0.1:36057|dataStream:|priority:1, 53230697-4daa-462d-80e4-75ca566b1cfd|rpc:127.0.0.1:39827|dataStream:|priority:0], old=null
2022-09-01 11:51:06,523 [pool-215-thread-1] INFO  server.RaftServer$Division (RaftServerImpl.java:setRole(299)) - 953192fd-2d2b-4a2c-9bab-3b1036121bcc@group-0BBC7BF12F67: changes role from      null to FOLLOWER at term 0 for startAsFollower
2022-09-01 11:51:06,523 [pool-215-thread-1] INFO  impl.RoleInfo (RoleInfo.java:updateAndGet(139)) - 953192fd-2d2b-4a2c-9bab-3b1036121bcc: start 953192fd-2d2b-4a2c-9bab-3b1036121bcc@group-0BBC7BF12F67-FollowerState
2022-09-01 11:51:06,525 [pool-215-thread-1] INFO  util.JmxRegister (JmxRegister.java:tryRegister(44)) - Successfully registered JMX Bean with object name Ratis:service=RaftServer,group=group-0BBC7BF12F67,id=953192fd-2d2b-4a2c-9bab-3b1036121bcc
2022-09-01 11:51:06,533 [Command processor thread] INFO  commandhandler.CreatePipelineCommandHandler (CreatePipelineCommandHandler.java:handle(113)) - Created Pipeline RATIS THREE PipelineID=a2a432df-31b3-4847-b515-0bbc7bf12f67.
2022-09-01 11:51:06,533 [Command processor thread] INFO  server.RaftServer (RaftServerProxy.java:addNew(96)) - 19f1ba4d-0ac4-417a-a768-c4a6f2a4cb21: addNew group-BBBFE33D87BA:[953192fd-2d2b-4a2c-9bab-3b1036121bcc|rpc:127.0.0.1:45107|priority:0, 19f1ba4d-0ac4-417a-a768-c4a6f2a4cb21|rpc:127.0.0.1:36057|priority:0, 53230697-4daa-462d-80e4-75ca566b1cfd|rpc:127.0.0.1:39827|priority:1] returns group-BBBFE33D87BA:java.util.concurrent.CompletableFuture@5be21fec[Not completed]
2022-09-01 11:51:06,534 [pool-190-thread-1] INFO  server.RaftServer$Division (RaftServerImpl.java:<init>(190)) - 19f1ba4d-0ac4-417a-a768-c4a6f2a4cb21: new RaftServerImpl for group-BBBFE33D87BA:[953192fd-2d2b-4a2c-9bab-3b1036121bcc|rpc:127.0.0.1:45107|priority:0, 19f1ba4d-0ac4-417a-a768-c4a6f2a4cb21|rpc:127.0.0.1:36057|priority:0, 53230697-4daa-462d-80e4-75ca566b1cfd|rpc:127.0.0.1:39827|priority:1] with ContainerStateMachine:uninitialized
2022-09-01 11:51:06,534 [pool-190-thread-1] INFO  server.RaftServerConfigKeys (ConfUtils.java:logGet(46)) - raft.server.rpc.timeout.min = 5s (custom)
2022-09-01 11:51:06,535 [pool-190-thread-1] INFO  server.RaftServerConfigKeys (ConfUtils.java:logGet(46)) - raft.server.rpc.timeout.max = 5200ms (custom)
2022-09-01 11:51:06,535 [pool-190-thread-1] INFO  server.RaftServerConfigKeys (ConfUtils.java:logGet(46)) - raft.server.rpc.sleep.time = 25ms (default)
2022-09-01 11:51:06,535 [pool-190-thread-1] INFO  server.RaftServerConfigKeys (ConfUtils.java:logGet(46)) - raft.server.rpc.slowness.timeout = 300s (custom)
2022-09-01 11:51:06,535 [pool-190-thread-1] INFO  server.RaftServerConfigKeys (ConfUtils.java:logGet(46)) - raft.server.leaderelection.leader.step-down.wait-time = 10s (default)
2022-09-01 11:51:06,535 [pool-190-thread-1] INFO  server.RaftServerConfigKeys (ConfUtils.java:logGet(46)) - raft.server.sleep.deviation.threshold = 300ms (default)
2022-09-01 11:51:06,535 [pool-190-thread-1] INFO  server.RaftServer$Division (ServerState.java:<init>(107)) - 19f1ba4d-0ac4-417a-a768-c4a6f2a4cb21@group-BBBFE33D87BA: ConfigurationManager, init=-1: [953192fd-2d2b-4a2c-9bab-3b1036121bcc|rpc:127.0.0.1:45107|priority:0, 19f1ba4d-0ac4-417a-a768-c4a6f2a4cb21|rpc:127.0.0.1:36057|priority:0, 53230697-4daa-462d-80e4-75ca566b1cfd|rpc:127.0.0.1:39827|priority:1], old=null, confs=<EMPTY_MAP>
2022-09-01 11:51:06,535 [pool-190-thread-1] INFO  server.RaftServerConfigKeys (ConfUtils.java:logGet(46)) - raft.server.storage.dir = [/home/runner/work/ozone/ozone/hadoop-ozone/integration-test/target/test-dir/MiniOzoneClusterImpl-a1c451f0-9b10-458f-87dd-1ed43301bce6/datanode-0/data/ratis] (custom)
2022-09-01 11:51:06,535 [pool-190-thread-1] INFO  server.RaftServerConfigKeys (ConfUtils.java:logGet(46)) - raft.server.log.corruption.policy = EXCEPTION (default)
2022-09-01 11:51:06,535 [pool-190-thread-1] INFO  server.RaftServerConfigKeys (ConfUtils.java:logGet(46)) - raft.server.storage.free-space.min = 0MB (=0) (default)
2022-09-01 11:51:06,536 [pool-190-thread-1] INFO  storage.RaftStorageDirectory (RaftStorageDirectoryImpl.java:analyzeStorage(135)) - The storage directory /home/runner/work/ozone/ozone/hadoop-ozone/integration-test/target/test-dir/MiniOzoneClusterImpl-a1c451f0-9b10-458f-87dd-1ed43301bce6/datanode-0/data/ratis/9b7c563b-ab3b-4ffc-aa74-bbbfe33d87ba does not exist. Creating ...
2022-09-01 11:51:06,537 [pool-190-thread-1] INFO  storage.RaftStorageDirectory (RaftStorageDirectoryImpl.java:tryLock(230)) - Lock on /home/runner/work/ozone/ozone/hadoop-ozone/integration-test/target/test-dir/MiniOzoneClusterImpl-a1c451f0-9b10-458f-87dd-1ed43301bce6/datanode-0/data/ratis/9b7c563b-ab3b-4ffc-aa74-bbbfe33d87ba/in_use.lock acquired by nodename 25235@fv-az459-356
2022-09-01 11:51:06,539 [pool-190-thread-1] INFO  storage.RaftStorage (RaftStorageImpl.java:format(89)) - Storage directory /home/runner/work/ozone/ozone/hadoop-ozone/integration-test/target/test-dir/MiniOzoneClusterImpl-a1c451f0-9b10-458f-87dd-1ed43301bce6/datanode-0/data/ratis/9b7c563b-ab3b-4ffc-aa74-bbbfe33d87ba has been successfully formatted.
2022-09-01 11:51:06,539 [pool-190-thread-1] INFO  ratis.ContainerStateMachine (ContainerStateMachine.java:loadSnapshot(236)) - group-BBBFE33D87BA: The snapshot info is null. Setting the last applied indexto:(t:0, i:~)
2022-09-01 11:51:06,540 [pool-190-thread-1] INFO  server.RaftServerConfigKeys (ConfUtils.java:logGet(46)) - raft.server.notification.no-leader.timeout = 300s (custom)
2022-09-01 11:51:06,540 [pool-190-thread-1] INFO  server.RaftServerConfigKeys (ConfUtils.java:logGet(46)) - raft.server.log.use.memory = false (default)
2022-09-01 11:51:06,543 [EventQueue-OpenPipelineForHealthyPipelineSafeModeRule] INFO  safemode.SCMSafeModeManager (HealthyPipelineSafeModeRule.java:process(137)) - SCM in safe mode. Healthy pipelines reported count is 0, required healthy pipeline reported count is 1
2022-09-01 11:51:06,542 [EventQueue-OpenPipelineForHealthyPipelineSafeModeRule] INFO  safemode.SCMSafeModeManager (HealthyPipelineSafeModeRule.java:process(137)) - SCM in safe mode. Healthy pipelines reported count is 0, required healthy pipeline reported count is 1
2022-09-01 11:51:06,542 [EventQueue-OpenPipelineForHealthyPipelineSafeModeRule] INFO  safemode.SCMSafeModeManager (HealthyPipelineSafeModeRule.java:process(137)) - SCM in safe mode. Healthy pipelines reported count is 0, required healthy pipeline reported count is 1
2022-09-01 11:51:06,543 [pool-190-thread-1] INFO  server.RaftServerConfigKeys (ConfUtils.java:logGet(46)) - raft.server.log.purge.gap = 1000000 (custom)
2022-09-01 11:51:06,543 [pool-190-thread-1] INFO  server.RaftServerConfigKeys (ConfUtils.java:logGet(46)) - raft.server.log.appender.buffer.byte-limit = 33554432 (custom)
2022-09-01 11:51:06,543 [pool-190-thread-1] INFO  server.RaftServerConfigKeys (ConfUtils.java:logGet(46)) - raft.server.log.statemachine.data.read.timeout = 1000ms (default)
2022-09-01 11:51:06,544 [pool-190-thread-1] INFO  server.RaftServerConfigKeys (ConfUtils.java:logGet(46)) - raft.server.log.segment.size.max = 1048576 (custom)
2022-09-01 11:51:06,544 [pool-190-thread-1] INFO  server.RaftServerConfigKeys (ConfUtils.java:logGet(46)) - raft.server.log.segment.cache.num.max = 2 (custom)
2022-09-01 11:51:06,544 [pool-190-thread-1] INFO  server.RaftServerConfigKeys (ConfUtils.java:logGet(46)) - raft.server.log.segment.cache.size.max = 200MB (=209715200) (default)
2022-09-01 11:51:06,544 [pool-190-thread-1] INFO  segmented.SegmentedRaftLogWorker (SegmentedRaftLogWorker.java:<init>(187)) - new 19f1ba4d-0ac4-417a-a768-c4a6f2a4cb21@group-BBBFE33D87BA-SegmentedRaftLogWorker for RaftStorageImpl:Storage Directory /home/runner/work/ozone/ozone/hadoop-ozone/integration-test/target/test-dir/MiniOzoneClusterImpl-a1c451f0-9b10-458f-87dd-1ed43301bce6/datanode-0/data/ratis/9b7c563b-ab3b-4ffc-aa74-bbbfe33d87ba
2022-09-01 11:51:06,544 [pool-190-thread-1] INFO  server.RaftServerConfigKeys (ConfUtils.java:logGet(46)) - raft.server.log.queue.byte-limit = 4294967296 (custom)
2022-09-01 11:51:06,545 [pool-190-thread-1] INFO  server.RaftServerConfigKeys (ConfUtils.java:logGet(46)) - raft.server.log.queue.element-limit = 1024 (custom)
2022-09-01 11:51:06,545 [pool-190-thread-1] INFO  server.RaftServerConfigKeys (ConfUtils.java:logGet(46)) - raft.server.log.segment.size.max = 1048576 (custom)
2022-09-01 11:51:06,545 [pool-190-thread-1] INFO  server.RaftServerConfigKeys (ConfUtils.java:logGet(46)) - raft.server.log.preallocated.size = 16384 (custom)
2022-09-01 11:51:06,545 [pool-190-thread-1] INFO  server.RaftServerConfigKeys (ConfUtils.java:logGet(46)) - raft.server.log.force.sync.num = 128 (default)
2022-09-01 11:51:06,547 [pool-190-thread-1] INFO  server.RaftServerConfigKeys (ConfUtils.java:logGet(46)) - raft.server.log.statemachine.data.sync = true (default)
2022-09-01 11:51:06,548 [pool-190-thread-1] INFO  server.RaftServerConfigKeys (ConfUtils.java:logGet(46)) - raft.server.log.statemachine.data.sync.timeout = 10s (default)
2022-09-01 11:51:06,548 [pool-190-thread-1] INFO  server.RaftServerConfigKeys (ConfUtils.java:logGet(46)) - raft.server.log.statemachine.data.sync.timeout.retry = -1 (default)
2022-09-01 11:51:06,549 [pool-190-thread-1] INFO  server.RaftServerConfigKeys (ConfUtils.java:logGet(46)) - raft.server.log.write.buffer.size = 1048576 (custom)
2022-09-01 11:51:06,549 [pool-190-thread-1] INFO  server.RaftServerConfigKeys (ConfUtils.java:logGet(46)) - raft.server.log.unsafe-flush.enabled = false (default)
2022-09-01 11:51:06,549 [pool-190-thread-1] INFO  server.RaftServerConfigKeys (ConfUtils.java:logGet(46)) - raft.server.log.statemachine.data.caching.enabled = true (custom)
2022-09-01 11:51:06,550 [pool-190-thread-1] INFO  segmented.SegmentedRaftLogWorker (SegmentedRaftLogWorker.java:lambda$new$0(135)) - 19f1ba4d-0ac4-417a-a768-c4a6f2a4cb21@group-BBBFE33D87BA-SegmentedRaftLogWorker: flushIndex: setUnconditionally 0 -> -1
2022-09-01 11:51:06,550 [pool-190-thread-1] INFO  segmented.SegmentedRaftLogWorker (SegmentedRaftLogWorker.java:lambda$new$0(135)) - 19f1ba4d-0ac4-417a-a768-c4a6f2a4cb21@group-BBBFE33D87BA-SegmentedRaftLogWorker: safeCacheEvictIndex: setUnconditionally 0 -> -1
2022-09-01 11:51:06,551 [pool-190-thread-1] INFO  server.RaftServerConfigKeys (ConfUtils.java:logGet(46)) - raft.server.snapshot.auto.trigger.enabled = true (custom)
2022-09-01 11:51:06,552 [pool-190-thread-1] INFO  server.RaftServerConfigKeys (ConfUtils.java:logGet(46)) - raft.server.snapshot.auto.trigger.threshold = 10000 (custom)
2022-09-01 11:51:06,552 [pool-190-thread-1] INFO  server.RaftServerConfigKeys (ConfUtils.java:logGet(46)) - raft.server.snapshot.retention.file.num = 5 (custom)
2022-09-01 11:51:06,552 [pool-190-thread-1] INFO  server.RaftServerConfigKeys (ConfUtils.java:logGet(46)) - raft.server.log.purge.upto.snapshot.index = false (default)
2022-09-01 11:51:06,552 [pool-190-thread-1] INFO  server.RaftServerConfigKeys (ConfUtils.java:logGet(46)) - raft.server.retrycache.expirytime = 600000ms (custom)
2022-09-01 11:51:06,552 [pool-190-thread-1] INFO  server.RaftServerConfigKeys (ConfUtils.java:logGet(46)) - raft.server.retrycache.statistics.expirytime = 100μs (default)
2022-09-01 11:51:06,554 [pool-190-thread-1] INFO  server.RaftServerConfigKeys (ConfUtils.java:logGet(46)) - raft.server.log.appender.install.snapshot.enabled = false (custom)
2022-09-01 11:51:06,554 [pool-190-thread-1] INFO  server.RaftServerConfigKeys (ConfUtils.java:logGet(46)) - raft.server.threadpool.server.cached = true (default)
2022-09-01 11:51:06,554 [pool-190-thread-1] INFO  server.RaftServerConfigKeys (ConfUtils.java:logGet(46)) - raft.server.threadpool.server.size = 0 (default)
2022-09-01 11:51:06,554 [pool-190-thread-1] INFO  server.RaftServerConfigKeys (ConfUtils.java:logGet(46)) - raft.server.threadpool.client.cached = true (default)
2022-09-01 11:51:06,554 [pool-190-thread-1] INFO  server.RaftServerConfigKeys (ConfUtils.java:logGet(46)) - raft.server.threadpool.client.size = 0 (default)
2022-09-01 11:51:06,554 [pool-190-thread-1] INFO  server.RaftServer$Division (RaftServerImpl.java:start(310)) - 19f1ba4d-0ac4-417a-a768-c4a6f2a4cb21@group-BBBFE33D87BA: start as a follower, conf=-1: [953192fd-2d2b-4a2c-9bab-3b1036121bcc|rpc:127.0.0.1:45107|priority:0, 19f1ba4d-0ac4-417a-a768-c4a6f2a4cb21|rpc:127.0.0.1:36057|priority:0, 53230697-4daa-462d-80e4-75ca566b1cfd|rpc:127.0.0.1:39827|priority:1], old=null
2022-09-01 11:51:06,554 [pool-190-thread-1] INFO  server.RaftServer$Division (RaftServerImpl.java:setRole(299)) - 19f1ba4d-0ac4-417a-a768-c4a6f2a4cb21@group-BBBFE33D87BA: changes role from      null to FOLLOWER at term 0 for startAsFollower
2022-09-01 11:51:06,554 [pool-190-thread-1] INFO  impl.RoleInfo (RoleInfo.java:updateAndGet(139)) - 19f1ba4d-0ac4-417a-a768-c4a6f2a4cb21: start 19f1ba4d-0ac4-417a-a768-c4a6f2a4cb21@group-BBBFE33D87BA-FollowerState
2022-09-01 11:51:06,557 [pool-190-thread-1] INFO  util.JmxRegister (JmxRegister.java:tryRegister(44)) - Successfully registered JMX Bean with object name Ratis:service=RaftServer,group=group-BBBFE33D87BA,id=19f1ba4d-0ac4-417a-a768-c4a6f2a4cb21
2022-09-01 11:51:06,558 [Command processor thread] INFO  ratis.XceiverServerRatis (XceiverServerRatis.java:addGroup(765)) - Created group PipelineID=9b7c563b-ab3b-4ffc-aa74-bbbfe33d87ba
2022-09-01 11:51:06,580 [grpc-default-executor-0] INFO  server.RaftServer (RaftServerProxy.java:addNew(96)) - 953192fd-2d2b-4a2c-9bab-3b1036121bcc: addNew group-BBBFE33D87BA:[953192fd-2d2b-4a2c-9bab-3b1036121bcc|rpc:127.0.0.1:45107|dataStream:|priority:0, 19f1ba4d-0ac4-417a-a768-c4a6f2a4cb21|rpc:127.0.0.1:36057|dataStream:|priority:0, 53230697-4daa-462d-80e4-75ca566b1cfd|rpc:127.0.0.1:39827|dataStream:|priority:1] returns group-BBBFE33D87BA:java.util.concurrent.CompletableFuture@64688e8f[Not completed]
2022-09-01 11:51:06,581 [pool-215-thread-1] INFO  server.RaftServer$Division (RaftServerImpl.java:<init>(190)) - 953192fd-2d2b-4a2c-9bab-3b1036121bcc: new RaftServerImpl for group-BBBFE33D87BA:[953192fd-2d2b-4a2c-9bab-3b1036121bcc|rpc:127.0.0.1:45107|dataStream:|priority:0, 19f1ba4d-0ac4-417a-a768-c4a6f2a4cb21|rpc:127.0.0.1:36057|dataStream:|priority:0, 53230697-4daa-462d-80e4-75ca566b1cfd|rpc:127.0.0.1:39827|dataStream:|priority:1] with ContainerStateMachine:uninitialized
2022-09-01 11:51:06,581 [pool-215-thread-1] INFO  server.RaftServerConfigKeys (ConfUtils.java:logGet(46)) - raft.server.rpc.timeout.min = 5s (custom)
2022-09-01 11:51:06,581 [pool-215-thread-1] INFO  server.RaftServerConfigKeys (ConfUtils.java:logGet(46)) - raft.server.rpc.timeout.max = 5200ms (custom)
2022-09-01 11:51:06,582 [pool-215-thread-1] INFO  server.RaftServerConfigKeys (ConfUtils.java:logGet(46)) - raft.server.rpc.sleep.time = 25ms (default)
2022-09-01 11:51:06,582 [pool-215-thread-1] INFO  server.RaftServerConfigKeys (ConfUtils.java:logGet(46)) - raft.server.rpc.slowness.timeout = 300s (custom)
2022-09-01 11:51:06,582 [pool-215-thread-1] INFO  server.RaftServerConfigKeys (ConfUtils.java:logGet(46)) - raft.server.leaderelection.leader.step-down.wait-time = 10s (default)
2022-09-01 11:51:06,582 [pool-215-thread-1] INFO  server.RaftServerConfigKeys (ConfUtils.java:logGet(46)) - raft.server.sleep.deviation.threshold = 300ms (default)
2022-09-01 11:51:06,582 [pool-215-thread-1] INFO  server.RaftServer$Division (ServerState.java:<init>(107)) - 953192fd-2d2b-4a2c-9bab-3b1036121bcc@group-BBBFE33D87BA: ConfigurationManager, init=-1: [953192fd-2d2b-4a2c-9bab-3b1036121bcc|rpc:127.0.0.1:45107|dataStream:|priority:0, 19f1ba4d-0ac4-417a-a768-c4a6f2a4cb21|rpc:127.0.0.1:36057|dataStream:|priority:0, 53230697-4daa-462d-80e4-75ca566b1cfd|rpc:127.0.0.1:39827|dataStream:|priority:1], old=null, confs=<EMPTY_MAP>
2022-09-01 11:51:06,582 [pool-215-thread-1] INFO  server.RaftServerConfigKeys (ConfUtils.java:logGet(46)) - raft.server.storage.dir = [/home/runner/work/ozone/ozone/hadoop-ozone/integration-test/target/test-dir/MiniOzoneClusterImpl-a1c451f0-9b10-458f-87dd-1ed43301bce6/datanode-1/data/ratis] (custom)
2022-09-01 11:51:06,582 [pool-215-thread-1] INFO  server.RaftServerConfigKeys (ConfUtils.java:logGet(46)) - raft.server.log.corruption.policy = EXCEPTION (default)
2022-09-01 11:51:06,582 [pool-215-thread-1] INFO  server.RaftServerConfigKeys (ConfUtils.java:logGet(46)) - raft.server.storage.free-space.min = 0MB (=0) (default)
2022-09-01 11:51:06,583 [pool-215-thread-1] INFO  storage.RaftStorageDirectory (RaftStorageDirectoryImpl.java:analyzeStorage(135)) - The storage directory /home/runner/work/ozone/ozone/hadoop-ozone/integration-test/target/test-dir/MiniOzoneClusterImpl-a1c451f0-9b10-458f-87dd-1ed43301bce6/datanode-1/data/ratis/9b7c563b-ab3b-4ffc-aa74-bbbfe33d87ba does not exist. Creating ...
2022-09-01 11:51:06,585 [pool-215-thread-1] INFO  storage.RaftStorageDirectory (RaftStorageDirectoryImpl.java:tryLock(230)) - Lock on /home/runner/work/ozone/ozone/hadoop-ozone/integration-test/target/test-dir/MiniOzoneClusterImpl-a1c451f0-9b10-458f-87dd-1ed43301bce6/datanode-1/data/ratis/9b7c563b-ab3b-4ffc-aa74-bbbfe33d87ba/in_use.lock acquired by nodename 25235@fv-az459-356
2022-09-01 11:51:06,586 [pool-215-thread-1] INFO  storage.RaftStorage (RaftStorageImpl.java:format(89)) - Storage directory /home/runner/work/ozone/ozone/hadoop-ozone/integration-test/target/test-dir/MiniOzoneClusterImpl-a1c451f0-9b10-458f-87dd-1ed43301bce6/datanode-1/data/ratis/9b7c563b-ab3b-4ffc-aa74-bbbfe33d87ba has been successfully formatted.
2022-09-01 11:51:06,589 [pool-215-thread-1] INFO  ratis.ContainerStateMachine (ContainerStateMachine.java:loadSnapshot(236)) - group-BBBFE33D87BA: The snapshot info is null. Setting the last applied indexto:(t:0, i:~)
2022-09-01 11:51:06,589 [pool-215-thread-1] INFO  server.RaftServerConfigKeys (ConfUtils.java:logGet(46)) - raft.server.notification.no-leader.timeout = 300s (custom)
2022-09-01 11:51:06,589 [pool-215-thread-1] INFO  server.RaftServerConfigKeys (ConfUtils.java:logGet(46)) - raft.server.log.use.memory = false (default)
2022-09-01 11:51:06,589 [pool-215-thread-1] INFO  server.RaftServerConfigKeys (ConfUtils.java:logGet(46)) - raft.server.log.purge.gap = 1000000 (custom)
2022-09-01 11:51:06,589 [pool-215-thread-1] INFO  server.RaftServerConfigKeys (ConfUtils.java:logGet(46)) - raft.server.log.appender.buffer.byte-limit = 33554432 (custom)
2022-09-01 11:51:06,589 [pool-215-thread-1] INFO  server.RaftServerConfigKeys (ConfUtils.java:logGet(46)) - raft.server.log.statemachine.data.read.timeout = 1000ms (default)
2022-09-01 11:51:06,590 [pool-215-thread-1] INFO  server.RaftServerConfigKeys (ConfUtils.java:logGet(46)) - raft.server.log.segment.size.max = 1048576 (custom)
2022-09-01 11:51:06,590 [pool-215-thread-1] INFO  server.RaftServerConfigKeys (ConfUtils.java:logGet(46)) - raft.server.log.segment.cache.num.max = 2 (custom)
2022-09-01 11:51:06,590 [pool-215-thread-1] INFO  server.RaftServerConfigKeys (ConfUtils.java:logGet(46)) - raft.server.log.segment.cache.size.max = 200MB (=209715200) (default)
2022-09-01 11:51:06,590 [pool-215-thread-1] INFO  segmented.SegmentedRaftLogWorker (SegmentedRaftLogWorker.java:<init>(187)) - new 953192fd-2d2b-4a2c-9bab-3b1036121bcc@group-BBBFE33D87BA-SegmentedRaftLogWorker for RaftStorageImpl:Storage Directory /home/runner/work/ozone/ozone/hadoop-ozone/integration-test/target/test-dir/MiniOzoneClusterImpl-a1c451f0-9b10-458f-87dd-1ed43301bce6/datanode-1/data/ratis/9b7c563b-ab3b-4ffc-aa74-bbbfe33d87ba
2022-09-01 11:51:06,591 [pool-215-thread-1] INFO  server.RaftServerConfigKeys (ConfUtils.java:logGet(46)) - raft.server.log.queue.byte-limit = 4294967296 (custom)
2022-09-01 11:51:06,591 [pool-215-thread-1] INFO  server.RaftServerConfigKeys (ConfUtils.java:logGet(46)) - raft.server.log.queue.element-limit = 1024 (custom)
2022-09-01 11:51:06,591 [pool-215-thread-1] INFO  server.RaftServerConfigKeys (ConfUtils.java:logGet(46)) - raft.server.log.segment.size.max = 1048576 (custom)
2022-09-01 11:51:06,591 [pool-215-thread-1] INFO  server.RaftServerConfigKeys (ConfUtils.java:logGet(46)) - raft.server.log.preallocated.size = 16384 (custom)
2022-09-01 11:51:06,592 [pool-215-thread-1] INFO  server.RaftServerConfigKeys (ConfUtils.java:logGet(46)) - raft.server.log.force.sync.num = 128 (default)
2022-09-01 11:51:06,593 [pool-215-thread-1] INFO  server.RaftServerConfigKeys (ConfUtils.java:logGet(46)) - raft.server.log.statemachine.data.sync = true (default)
2022-09-01 11:51:06,593 [pool-215-thread-1] INFO  server.RaftServerConfigKeys (ConfUtils.java:logGet(46)) - raft.server.log.statemachine.data.sync.timeout = 10s (default)
2022-09-01 11:51:06,593 [pool-215-thread-1] INFO  server.RaftServerConfigKeys (ConfUtils.java:logGet(46)) - raft.server.log.statemachine.data.sync.timeout.retry = -1 (default)
2022-09-01 11:51:06,594 [pool-215-thread-1] INFO  server.RaftServerConfigKeys (ConfUtils.java:logGet(46)) - raft.server.log.write.buffer.size = 1048576 (custom)
2022-09-01 11:51:06,594 [pool-215-thread-1] INFO  server.RaftServerConfigKeys (ConfUtils.java:logGet(46)) - raft.server.log.unsafe-flush.enabled = false (default)
2022-09-01 11:51:06,594 [pool-215-thread-1] INFO  server.RaftServerConfigKeys (ConfUtils.java:logGet(46)) - raft.server.log.statemachine.data.caching.enabled = true (custom)
2022-09-01 11:51:06,595 [pool-215-thread-1] INFO  segmented.SegmentedRaftLogWorker (SegmentedRaftLogWorker.java:lambda$new$0(135)) - 953192fd-2d2b-4a2c-9bab-3b1036121bcc@group-BBBFE33D87BA-SegmentedRaftLogWorker: flushIndex: setUnconditionally 0 -> -1
2022-09-01 11:51:06,595 [pool-215-thread-1] INFO  segmented.SegmentedRaftLogWorker (SegmentedRaftLogWorker.java:lambda$new$0(135)) - 953192fd-2d2b-4a2c-9bab-3b1036121bcc@group-BBBFE33D87BA-SegmentedRaftLogWorker: safeCacheEvictIndex: setUnconditionally 0 -> -1
2022-09-01 11:51:06,599 [pool-215-thread-1] INFO  server.RaftServerConfigKeys (ConfUtils.java:logGet(46)) - raft.server.snapshot.auto.trigger.enabled = true (custom)
2022-09-01 11:51:06,599 [pool-215-thread-1] INFO  server.RaftServerConfigKeys (ConfUtils.java:logGet(46)) - raft.server.snapshot.auto.trigger.threshold = 10000 (custom)
2022-09-01 11:51:06,599 [pool-215-thread-1] INFO  server.RaftServerConfigKeys (ConfUtils.java:logGet(46)) - raft.server.snapshot.retention.file.num = 5 (custom)
2022-09-01 11:51:06,599 [pool-215-thread-1] INFO  server.RaftServerConfigKeys (ConfUtils.java:logGet(46)) - raft.server.log.purge.upto.snapshot.index = false (default)
2022-09-01 11:51:06,600 [pool-215-thread-1] INFO  server.RaftServerConfigKeys (ConfUtils.java:logGet(46)) - raft.server.retrycache.expirytime = 600000ms (custom)
2022-09-01 11:51:06,600 [pool-215-thread-1] INFO  server.RaftServerConfigKeys (ConfUtils.java:logGet(46)) - raft.server.retrycache.statistics.expirytime = 100μs (default)
2022-09-01 11:51:06,605 [pool-215-thread-1] INFO  server.RaftServerConfigKeys (ConfUtils.java:logGet(46)) - raft.server.log.appender.install.snapshot.enabled = false (custom)
2022-09-01 11:51:06,605 [pool-215-thread-1] INFO  server.RaftServerConfigKeys (ConfUtils.java:logGet(46)) - raft.server.threadpool.server.cached = true (default)
2022-09-01 11:51:06,605 [pool-215-thread-1] INFO  server.RaftServerConfigKeys (ConfUtils.java:logGet(46)) - raft.server.threadpool.server.size = 0 (default)
2022-09-01 11:51:06,605 [pool-215-thread-1] INFO  server.RaftServerConfigKeys (ConfUtils.java:logGet(46)) - raft.server.threadpool.client.cached = true (default)
2022-09-01 11:51:06,605 [pool-215-thread-1] INFO  server.RaftServerConfigKeys (ConfUtils.java:logGet(46)) - raft.server.threadpool.client.size = 0 (default)
2022-09-01 11:51:06,606 [pool-215-thread-1] INFO  server.RaftServer$Division (RaftServerImpl.java:start(310)) - 953192fd-2d2b-4a2c-9bab-3b1036121bcc@group-BBBFE33D87BA: start as a follower, conf=-1: [953192fd-2d2b-4a2c-9bab-3b1036121bcc|rpc:127.0.0.1:45107|dataStream:|priority:0, 19f1ba4d-0ac4-417a-a768-c4a6f2a4cb21|rpc:127.0.0.1:36057|dataStream:|priority:0, 53230697-4daa-462d-80e4-75ca566b1cfd|rpc:127.0.0.1:39827|dataStream:|priority:1], old=null
2022-09-01 11:51:06,606 [pool-215-thread-1] INFO  server.RaftServer$Division (RaftServerImpl.java:setRole(299)) - 953192fd-2d2b-4a2c-9bab-3b1036121bcc@group-BBBFE33D87BA: changes role from      null to FOLLOWER at term 0 for startAsFollower
2022-09-01 11:51:06,606 [pool-215-thread-1] INFO  impl.RoleInfo (RoleInfo.java:updateAndGet(139)) - 953192fd-2d2b-4a2c-9bab-3b1036121bcc: start 953192fd-2d2b-4a2c-9bab-3b1036121bcc@group-BBBFE33D87BA-FollowerState
2022-09-01 11:51:06,606 [pool-215-thread-1] INFO  util.JmxRegister (JmxRegister.java:tryRegister(44)) - Successfully registered JMX Bean with object name Ratis:service=RaftServer,group=group-BBBFE33D87BA,id=953192fd-2d2b-4a2c-9bab-3b1036121bcc
2022-09-01 11:51:06,646 [pool-240-thread-1] INFO  server.RaftServer$Division (RaftServerImpl.java:<init>(190)) - 53230697-4daa-462d-80e4-75ca566b1cfd: new RaftServerImpl for group-BBBFE33D87BA:[953192fd-2d2b-4a2c-9bab-3b1036121bcc|rpc:127.0.0.1:45107|dataStream:|priority:0, 19f1ba4d-0ac4-417a-a768-c4a6f2a4cb21|rpc:127.0.0.1:36057|dataStream:|priority:0, 53230697-4daa-462d-80e4-75ca566b1cfd|rpc:127.0.0.1:39827|dataStream:|priority:1] with ContainerStateMachine:uninitialized
2022-09-01 11:51:06,646 [pool-240-thread-1] INFO  server.RaftServerConfigKeys (ConfUtils.java:logGet(46)) - raft.server.rpc.timeout.min = 5s (custom)
2022-09-01 11:51:06,646 [pool-240-thread-1] INFO  server.RaftServerConfigKeys (ConfUtils.java:logGet(46)) - raft.server.rpc.timeout.max = 5200ms (custom)
2022-09-01 11:51:06,646 [pool-240-thread-1] INFO  server.RaftServerConfigKeys (ConfUtils.java:logGet(46)) - raft.server.rpc.sleep.time = 25ms (default)
2022-09-01 11:51:06,646 [pool-240-thread-1] INFO  server.RaftServerConfigKeys (ConfUtils.java:logGet(46)) - raft.server.rpc.slowness.timeout = 300s (custom)
2022-09-01 11:51:06,646 [pool-240-thread-1] INFO  server.RaftServerConfigKeys (ConfUtils.java:logGet(46)) - raft.server.leaderelection.leader.step-down.wait-time = 10s (default)
2022-09-01 11:51:06,646 [pool-240-thread-1] INFO  server.RaftServerConfigKeys (ConfUtils.java:logGet(46)) - raft.server.sleep.deviation.threshold = 300ms (default)
2022-09-01 11:51:06,647 [pool-240-thread-1] INFO  server.RaftServer$Division (ServerState.java:<init>(107)) - 53230697-4daa-462d-80e4-75ca566b1cfd@group-BBBFE33D87BA: ConfigurationManager, init=-1: [953192fd-2d2b-4a2c-9bab-3b1036121bcc|rpc:127.0.0.1:45107|dataStream:|priority:0, 19f1ba4d-0ac4-417a-a768-c4a6f2a4cb21|rpc:127.0.0.1:36057|dataStream:|priority:0, 53230697-4daa-462d-80e4-75ca566b1cfd|rpc:127.0.0.1:39827|dataStream:|priority:1], old=null, confs=<EMPTY_MAP>
2022-09-01 11:51:06,647 [pool-240-thread-1] INFO  server.RaftServerConfigKeys (ConfUtils.java:logGet(46)) - raft.server.storage.dir = [/home/runner/work/ozone/ozone/hadoop-ozone/integration-test/target/test-dir/MiniOzoneClusterImpl-a1c451f0-9b10-458f-87dd-1ed43301bce6/datanode-2/data/ratis] (custom)
2022-09-01 11:51:06,647 [pool-240-thread-1] INFO  server.RaftServerConfigKeys (ConfUtils.java:logGet(46)) - raft.server.log.corruption.policy = EXCEPTION (default)
2022-09-01 11:51:06,647 [pool-240-thread-1] INFO  server.RaftServerConfigKeys (ConfUtils.java:logGet(46)) - raft.server.storage.free-space.min = 0MB (=0) (default)
2022-09-01 11:51:06,647 [pool-240-thread-1] INFO  storage.RaftStorageDirectory (RaftStorageDirectoryImpl.java:analyzeStorage(135)) - The storage directory /home/runner/work/ozone/ozone/hadoop-ozone/integration-test/target/test-dir/MiniOzoneClusterImpl-a1c451f0-9b10-458f-87dd-1ed43301bce6/datanode-2/data/ratis/9b7c563b-ab3b-4ffc-aa74-bbbfe33d87ba does not exist. Creating ...
2022-09-01 11:51:06,648 [grpc-default-executor-0] INFO  server.RaftServer (RaftServerProxy.java:addNew(96)) - 53230697-4daa-462d-80e4-75ca566b1cfd: addNew group-BBBFE33D87BA:[953192fd-2d2b-4a2c-9bab-3b1036121bcc|rpc:127.0.0.1:45107|dataStream:|priority:0, 19f1ba4d-0ac4-417a-a768-c4a6f2a4cb21|rpc:127.0.0.1:36057|dataStream:|priority:0, 53230697-4daa-462d-80e4-75ca566b1cfd|rpc:127.0.0.1:39827|dataStream:|priority:1] returns group-BBBFE33D87BA:java.util.concurrent.CompletableFuture@4ac9f384[Not completed]
2022-09-01 11:51:06,649 [pool-240-thread-1] INFO  storage.RaftStorageDirectory (RaftStorageDirectoryImpl.java:tryLock(230)) - Lock on /home/runner/work/ozone/ozone/hadoop-ozone/integration-test/target/test-dir/MiniOzoneClusterImpl-a1c451f0-9b10-458f-87dd-1ed43301bce6/datanode-2/data/ratis/9b7c563b-ab3b-4ffc-aa74-bbbfe33d87ba/in_use.lock acquired by nodename 25235@fv-az459-356
2022-09-01 11:51:06,651 [pool-240-thread-1] INFO  storage.RaftStorage (RaftStorageImpl.java:format(89)) - Storage directory /home/runner/work/ozone/ozone/hadoop-ozone/integration-test/target/test-dir/MiniOzoneClusterImpl-a1c451f0-9b10-458f-87dd-1ed43301bce6/datanode-2/data/ratis/9b7c563b-ab3b-4ffc-aa74-bbbfe33d87ba has been successfully formatted.
2022-09-01 11:51:06,654 [pool-240-thread-1] INFO  ratis.ContainerStateMachine (ContainerStateMachine.java:loadSnapshot(236)) - group-BBBFE33D87BA: The snapshot info is null. Setting the last applied indexto:(t:0, i:~)
2022-09-01 11:51:06,655 [pool-240-thread-1] INFO  server.RaftServerConfigKeys (ConfUtils.java:logGet(46)) - raft.server.notification.no-leader.timeout = 300s (custom)
2022-09-01 11:51:06,655 [pool-240-thread-1] INFO  server.RaftServerConfigKeys (ConfUtils.java:logGet(46)) - raft.server.log.use.memory = false (default)
2022-09-01 11:51:06,655 [pool-240-thread-1] INFO  server.RaftServerConfigKeys (ConfUtils.java:logGet(46)) - raft.server.log.purge.gap = 1000000 (custom)
2022-09-01 11:51:06,655 [pool-240-thread-1] INFO  server.RaftServerConfigKeys (ConfUtils.java:logGet(46)) - raft.server.log.appender.buffer.byte-limit = 33554432 (custom)
2022-09-01 11:51:06,655 [pool-240-thread-1] INFO  server.RaftServerConfigKeys (ConfUtils.java:logGet(46)) - raft.server.log.statemachine.data.read.timeout = 1000ms (default)
2022-09-01 11:51:06,655 [pool-240-thread-1] INFO  server.RaftServerConfigKeys (ConfUtils.java:logGet(46)) - raft.server.log.segment.size.max = 1048576 (custom)
2022-09-01 11:51:06,665 [Command processor thread] INFO  server.RaftServer (RaftServerProxy.java:addNew(96)) - 953192fd-2d2b-4a2c-9bab-3b1036121bcc: addNew group-BF164CD48D00:[953192fd-2d2b-4a2c-9bab-3b1036121bcc|rpc:127.0.0.1:45107|priority:1] returns group-BF164CD48D00:java.util.concurrent.CompletableFuture@705e49be[Not completed]
2022-09-01 11:51:06,666 [pool-215-thread-1] INFO  server.RaftServer$Division (RaftServerImpl.java:<init>(190)) - 953192fd-2d2b-4a2c-9bab-3b1036121bcc: new RaftServerImpl for group-BF164CD48D00:[953192fd-2d2b-4a2c-9bab-3b1036121bcc|rpc:127.0.0.1:45107|priority:1] with ContainerStateMachine:uninitialized
2022-09-01 11:51:06,666 [pool-215-thread-1] INFO  server.RaftServerConfigKeys (ConfUtils.java:logGet(46)) - raft.server.rpc.timeout.min = 5s (custom)
2022-09-01 11:51:06,667 [pool-215-thread-1] INFO  server.RaftServerConfigKeys (ConfUtils.java:logGet(46)) - raft.server.rpc.timeout.max = 5200ms (custom)
2022-09-01 11:51:06,667 [pool-215-thread-1] INFO  server.RaftServerConfigKeys (ConfUtils.java:logGet(46)) - raft.server.rpc.sleep.time = 25ms (default)
2022-09-01 11:51:06,667 [pool-215-thread-1] INFO  server.RaftServerConfigKeys (ConfUtils.java:logGet(46)) - raft.server.rpc.slowness.timeout = 300s (custom)
2022-09-01 11:51:06,667 [pool-215-thread-1] INFO  server.RaftServerConfigKeys (ConfUtils.java:logGet(46)) - raft.server.leaderelection.leader.step-down.wait-time = 10s (default)
2022-09-01 11:51:06,667 [pool-215-thread-1] INFO  server.RaftServerConfigKeys (ConfUtils.java:logGet(46)) - raft.server.sleep.deviation.threshold = 300ms (default)
2022-09-01 11:51:06,667 [pool-215-thread-1] INFO  server.RaftServer$Division (ServerState.java:<init>(107)) - 953192fd-2d2b-4a2c-9bab-3b1036121bcc@group-BF164CD48D00: ConfigurationManager, init=-1: [953192fd-2d2b-4a2c-9bab-3b1036121bcc|rpc:127.0.0.1:45107|priority:1], old=null, confs=<EMPTY_MAP>
2022-09-01 11:51:06,667 [pool-215-thread-1] INFO  server.RaftServerConfigKeys (ConfUtils.java:logGet(46)) - raft.server.storage.dir = [/home/runner/work/ozone/ozone/hadoop-ozone/integration-test/target/test-dir/MiniOzoneClusterImpl-a1c451f0-9b10-458f-87dd-1ed43301bce6/datanode-1/data/ratis] (custom)
2022-09-01 11:51:06,667 [pool-215-thread-1] INFO  server.RaftServerConfigKeys (ConfUtils.java:logGet(46)) - raft.server.log.corruption.policy = EXCEPTION (default)
2022-09-01 11:51:06,667 [pool-215-thread-1] INFO  server.RaftServerConfigKeys (ConfUtils.java:logGet(46)) - raft.server.storage.free-space.min = 0MB (=0) (default)
2022-09-01 11:51:06,667 [pool-215-thread-1] INFO  storage.RaftStorageDirectory (RaftStorageDirectoryImpl.java:analyzeStorage(135)) - The storage directory /home/runner/work/ozone/ozone/hadoop-ozone/integration-test/target/test-dir/MiniOzoneClusterImpl-a1c451f0-9b10-458f-87dd-1ed43301bce6/datanode-1/data/ratis/41dd1771-e2d2-418a-83fe-bf164cd48d00 does not exist. Creating ...
2022-09-01 11:51:06,668 [pool-240-thread-1] INFO  server.RaftServerConfigKeys (ConfUtils.java:logGet(46)) - raft.server.log.segment.cache.num.max = 2 (custom)
2022-09-01 11:51:06,668 [pool-240-thread-1] INFO  server.RaftServerConfigKeys (ConfUtils.java:logGet(46)) - raft.server.log.segment.cache.size.max = 200MB (=209715200) (default)
2022-09-01 11:51:06,668 [pool-240-thread-1] INFO  segmented.SegmentedRaftLogWorker (SegmentedRaftLogWorker.java:<init>(187)) - new 53230697-4daa-462d-80e4-75ca566b1cfd@group-BBBFE33D87BA-SegmentedRaftLogWorker for RaftStorageImpl:Storage Directory /home/runner/work/ozone/ozone/hadoop-ozone/integration-test/target/test-dir/MiniOzoneClusterImpl-a1c451f0-9b10-458f-87dd-1ed43301bce6/datanode-2/data/ratis/9b7c563b-ab3b-4ffc-aa74-bbbfe33d87ba
2022-09-01 11:51:06,669 [pool-240-thread-1] INFO  server.RaftServerConfigKeys (ConfUtils.java:logGet(46)) - raft.server.log.queue.byte-limit = 4294967296 (custom)
2022-09-01 11:51:06,669 [pool-240-thread-1] INFO  server.RaftServerConfigKeys (ConfUtils.java:logGet(46)) - raft.server.log.queue.element-limit = 1024 (custom)
2022-09-01 11:51:06,669 [pool-240-thread-1] INFO  server.RaftServerConfigKeys (ConfUtils.java:logGet(46)) - raft.server.log.segment.size.max = 1048576 (custom)
2022-09-01 11:51:06,669 [pool-215-thread-1] INFO  storage.RaftStorageDirectory (RaftStorageDirectoryImpl.java:tryLock(230)) - Lock on /home/runner/work/ozone/ozone/hadoop-ozone/integration-test/target/test-dir/MiniOzoneClusterImpl-a1c451f0-9b10-458f-87dd-1ed43301bce6/datanode-1/data/ratis/41dd1771-e2d2-418a-83fe-bf164cd48d00/in_use.lock acquired by nodename 25235@fv-az459-356
2022-09-01 11:51:06,669 [pool-240-thread-1] INFO  server.RaftServerConfigKeys (ConfUtils.java:logGet(46)) - raft.server.log.preallocated.size = 16384 (custom)
2022-09-01 11:51:06,670 [pool-240-thread-1] INFO  server.RaftServerConfigKeys (ConfUtils.java:logGet(46)) - raft.server.log.force.sync.num = 128 (default)
2022-09-01 11:51:06,670 [pool-240-thread-1] INFO  server.RaftServerConfigKeys (ConfUtils.java:logGet(46)) - raft.server.log.statemachine.data.sync = true (default)
2022-09-01 11:51:06,670 [pool-240-thread-1] INFO  server.RaftServerConfigKeys (ConfUtils.java:logGet(46)) - raft.server.log.statemachine.data.sync.timeout = 10s (default)
2022-09-01 11:51:06,670 [pool-240-thread-1] INFO  server.RaftServerConfigKeys (ConfUtils.java:logGet(46)) - raft.server.log.statemachine.data.sync.timeout.retry = -1 (default)
2022-09-01 11:51:06,671 [pool-240-thread-1] INFO  server.RaftServerConfigKeys (ConfUtils.java:logGet(46)) - raft.server.log.write.buffer.size = 1048576 (custom)
2022-09-01 11:51:06,672 [pool-215-thread-1] INFO  storage.RaftStorage (RaftStorageImpl.java:format(89)) - Storage directory /home/runner/work/ozone/ozone/hadoop-ozone/integration-test/target/test-dir/MiniOzoneClusterImpl-a1c451f0-9b10-458f-87dd-1ed43301bce6/datanode-1/data/ratis/41dd1771-e2d2-418a-83fe-bf164cd48d00 has been successfully formatted.
2022-09-01 11:51:06,674 [EventQueue-PipelineReportForPipelineReportHandler] INFO  pipeline.PipelineManagerImpl (PipelineManagerImpl.java:openPipeline(367)) - Pipeline Pipeline[ Id: 41dd1771-e2d2-418a-83fe-bf164cd48d00, Nodes: 953192fd-2d2b-4a2c-9bab-3b1036121bcc{ip: 127.0.0.1, host: localhost, ports: [REPLICATION=39523, RATIS=45107, RATIS_ADMIN=45107, RATIS_SERVER=45107, STANDALONE=33643], networkLocation: /default-rack, certSerialId: null, persistedOpState: IN_SERVICE, persistedOpStateExpiryEpochSec: 0}, ReplicationConfig: RATIS/ONE, State:ALLOCATED, leaderId:953192fd-2d2b-4a2c-9bab-3b1036121bcc, CreationTimestamp2022-09-01T11:51:03.671Z[Etc/UTC]] moved to OPEN state
2022-09-01 11:51:06,674 [EventQueue-PipelineReportForPipelineReportHandler] INFO  pipeline.PipelineManagerImpl (PipelineManagerImpl.java:openPipeline(367)) - Pipeline Pipeline[ Id: 41dd1771-e2d2-418a-83fe-bf164cd48d00, Nodes: 953192fd-2d2b-4a2c-9bab-3b1036121bcc{ip: 127.0.0.1, host: localhost, ports: [REPLICATION=39523, RATIS=45107, RATIS_ADMIN=45107, RATIS_SERVER=45107, STANDALONE=33643], networkLocation: /default-rack, certSerialId: null, persistedOpState: IN_SERVICE, persistedOpStateExpiryEpochSec: 0}, ReplicationConfig: RATIS/ONE, State:ALLOCATED, leaderId:953192fd-2d2b-4a2c-9bab-3b1036121bcc, CreationTimestamp2022-09-01T11:51:03.671Z[Etc/UTC]] moved to OPEN state
2022-09-01 11:51:06,675 [pool-215-thread-1] INFO  ratis.ContainerStateMachine (ContainerStateMachine.java:loadSnapshot(236)) - group-BF164CD48D00: The snapshot info is null. Setting the last applied indexto:(t:0, i:~)
2022-09-01 11:51:06,676 [pool-215-thread-1] INFO  server.RaftServerConfigKeys (ConfUtils.java:logGet(46)) - raft.server.notification.no-leader.timeout = 300s (custom)
2022-09-01 11:51:06,676 [pool-215-thread-1] INFO  server.RaftServerConfigKeys (ConfUtils.java:logGet(46)) - raft.server.log.use.memory = false (default)
2022-09-01 11:51:06,676 [pool-215-thread-1] INFO  server.RaftServerConfigKeys (ConfUtils.java:logGet(46)) - raft.server.log.purge.gap = 1000000 (custom)
2022-09-01 11:51:06,676 [pool-215-thread-1] INFO  server.RaftServerConfigKeys (ConfUtils.java:logGet(46)) - raft.server.log.appender.buffer.byte-limit = 33554432 (custom)
2022-09-01 11:51:06,676 [pool-215-thread-1] INFO  server.RaftServerConfigKeys (ConfUtils.java:logGet(46)) - raft.server.log.statemachine.data.read.timeout = 1000ms (default)
2022-09-01 11:51:06,676 [pool-215-thread-1] INFO  server.RaftServerConfigKeys (ConfUtils.java:logGet(46)) - raft.server.log.segment.size.max = 1048576 (custom)
2022-09-01 11:51:06,679 [EventQueue-PipelineReportForPipelineReportHandler] INFO  pipeline.PipelineManagerImpl (PipelineManagerImpl.java:openPipeline(367)) - Pipeline Pipeline[ Id: 41dd1771-e2d2-418a-83fe-bf164cd48d00, Nodes: 953192fd-2d2b-4a2c-9bab-3b1036121bcc{ip: 127.0.0.1, host: localhost, ports: [REPLICATION=39523, RATIS=45107, RATIS_ADMIN=45107, RATIS_SERVER=45107, STANDALONE=33643], networkLocation: /default-rack, certSerialId: null, persistedOpState: IN_SERVICE, persistedOpStateExpiryEpochSec: 0}, ReplicationConfig: RATIS/ONE, State:ALLOCATED, leaderId:953192fd-2d2b-4a2c-9bab-3b1036121bcc, CreationTimestamp2022-09-01T11:51:03.671Z[Etc/UTC]] moved to OPEN state
2022-09-01 11:51:06,680 [pool-215-thread-1] INFO  server.RaftServerConfigKeys (ConfUtils.java:logGet(46)) - raft.server.log.segment.cache.num.max = 2 (custom)
2022-09-01 11:51:06,680 [pool-215-thread-1] INFO  server.RaftServerConfigKeys (ConfUtils.java:logGet(46)) - raft.server.log.segment.cache.size.max = 200MB (=209715200) (default)
2022-09-01 11:51:06,680 [pool-215-thread-1] INFO  segmented.SegmentedRaftLogWorker (SegmentedRaftLogWorker.java:<init>(187)) - new 953192fd-2d2b-4a2c-9bab-3b1036121bcc@group-BF164CD48D00-SegmentedRaftLogWorker for RaftStorageImpl:Storage Directory /home/runner/work/ozone/ozone/hadoop-ozone/integration-test/target/test-dir/MiniOzoneClusterImpl-a1c451f0-9b10-458f-87dd-1ed43301bce6/datanode-1/data/ratis/41dd1771-e2d2-418a-83fe-bf164cd48d00
2022-09-01 11:51:06,680 [pool-215-thread-1] INFO  server.RaftServerConfigKeys (ConfUtils.java:logGet(46)) - raft.server.log.queue.byte-limit = 4294967296 (custom)
2022-09-01 11:51:06,680 [pool-215-thread-1] INFO  server.RaftServerConfigKeys (ConfUtils.java:logGet(46)) - raft.server.log.queue.element-limit = 1024 (custom)
2022-09-01 11:51:06,680 [pool-215-thread-1] INFO  server.RaftServerConfigKeys (ConfUtils.java:logGet(46)) - raft.server.log.segment.size.max = 1048576 (custom)
2022-09-01 11:51:06,680 [pool-215-thread-1] INFO  server.RaftServerConfigKeys (ConfUtils.java:logGet(46)) - raft.server.log.preallocated.size = 16384 (custom)
2022-09-01 11:51:06,680 [pool-215-thread-1] INFO  server.RaftServerConfigKeys (ConfUtils.java:logGet(46)) - raft.server.log.force.sync.num = 128 (default)
2022-09-01 11:51:06,680 [pool-215-thread-1] INFO  server.RaftServerConfigKeys (ConfUtils.java:logGet(46)) - raft.server.log.statemachine.data.sync = true (default)
2022-09-01 11:51:06,680 [pool-215-thread-1] INFO  server.RaftServerConfigKeys (ConfUtils.java:logGet(46)) - raft.server.log.statemachine.data.sync.timeout = 10s (default)
2022-09-01 11:51:06,680 [pool-215-thread-1] INFO  server.RaftServerConfigKeys (ConfUtils.java:logGet(46)) - raft.server.log.statemachine.data.sync.timeout.retry = -1 (default)
2022-09-01 11:51:06,681 [pool-240-thread-1] INFO  server.RaftServerConfigKeys (ConfUtils.java:logGet(46)) - raft.server.log.unsafe-flush.enabled = false (default)
2022-09-01 11:51:06,681 [pool-240-thread-1] INFO  server.RaftServerConfigKeys (ConfUtils.java:logGet(46)) - raft.server.log.statemachine.data.caching.enabled = true (custom)
2022-09-01 11:51:06,681 [pool-240-thread-1] INFO  segmented.SegmentedRaftLogWorker (SegmentedRaftLogWorker.java:lambda$new$0(135)) - 53230697-4daa-462d-80e4-75ca566b1cfd@group-BBBFE33D87BA-SegmentedRaftLogWorker: flushIndex: setUnconditionally 0 -> -1
2022-09-01 11:51:06,681 [pool-240-thread-1] INFO  segmented.SegmentedRaftLogWorker (SegmentedRaftLogWorker.java:lambda$new$0(135)) - 53230697-4daa-462d-80e4-75ca566b1cfd@group-BBBFE33D87BA-SegmentedRaftLogWorker: safeCacheEvictIndex: setUnconditionally 0 -> -1
2022-09-01 11:51:06,683 [76b5452b-5401-496a-924e-e3833b3fb27e@group-1ED43301BCE6-StateMachineUpdater] INFO  safemode.HealthyPipelineSafeModeRule (HealthyPipelineSafeModeRule.java:initializeRule(165)) - Refreshed total pipeline count is 0, healthy pipeline threshold count is 1
2022-09-01 11:51:06,684 [EventQueue-OpenPipelineForHealthyPipelineSafeModeRule] INFO  safemode.SCMSafeModeManager (HealthyPipelineSafeModeRule.java:process(137)) - SCM in safe mode. Healthy pipelines reported count is 0, required healthy pipeline reported count is 1
2022-09-01 11:51:06,686 [pool-240-thread-1] INFO  server.RaftServerConfigKeys (ConfUtils.java:logGet(46)) - raft.server.snapshot.auto.trigger.enabled = true (custom)
2022-09-01 11:51:06,686 [pool-240-thread-1] INFO  server.RaftServerConfigKeys (ConfUtils.java:logGet(46)) - raft.server.snapshot.auto.trigger.threshold = 10000 (custom)
2022-09-01 11:51:06,686 [pool-240-thread-1] INFO  server.RaftServerConfigKeys (ConfUtils.java:logGet(46)) - raft.server.snapshot.retention.file.num = 5 (custom)
2022-09-01 11:51:06,689 [pool-240-thread-1] INFO  server.RaftServerConfigKeys (ConfUtils.java:logGet(46)) - raft.server.log.purge.upto.snapshot.index = false (default)
2022-09-01 11:51:06,689 [pool-240-thread-1] INFO  server.RaftServerConfigKeys (ConfUtils.java:logGet(46)) - raft.server.retrycache.expirytime = 600000ms (custom)
2022-09-01 11:51:06,689 [pool-240-thread-1] INFO  server.RaftServerConfigKeys (ConfUtils.java:logGet(46)) - raft.server.retrycache.statistics.expirytime = 100μs (default)
2022-09-01 11:51:06,690 [pool-240-thread-1] INFO  server.RaftServerConfigKeys (ConfUtils.java:logGet(46)) - raft.server.log.appender.install.snapshot.enabled = false (custom)
2022-09-01 11:51:06,690 [pool-240-thread-1] INFO  server.RaftServerConfigKeys (ConfUtils.java:logGet(46)) - raft.server.threadpool.server.cached = true (default)
2022-09-01 11:51:06,690 [pool-240-thread-1] INFO  server.RaftServerConfigKeys (ConfUtils.java:logGet(46)) - raft.server.threadpool.server.size = 0 (default)
2022-09-01 11:51:06,691 [pool-240-thread-1] INFO  server.RaftServerConfigKeys (ConfUtils.java:logGet(46)) - raft.server.threadpool.client.cached = true (default)
2022-09-01 11:51:06,691 [pool-240-thread-1] INFO  server.RaftServerConfigKeys (ConfUtils.java:logGet(46)) - raft.server.threadpool.client.size = 0 (default)
2022-09-01 11:51:06,691 [pool-240-thread-1] INFO  server.RaftServer$Division (RaftServerImpl.java:start(310)) - 53230697-4daa-462d-80e4-75ca566b1cfd@group-BBBFE33D87BA: start as a follower, conf=-1: [953192fd-2d2b-4a2c-9bab-3b1036121bcc|rpc:127.0.0.1:45107|dataStream:|priority:0, 19f1ba4d-0ac4-417a-a768-c4a6f2a4cb21|rpc:127.0.0.1:36057|dataStream:|priority:0, 53230697-4daa-462d-80e4-75ca566b1cfd|rpc:127.0.0.1:39827|dataStream:|priority:1], old=null
2022-09-01 11:51:06,691 [pool-240-thread-1] INFO  server.RaftServer$Division (RaftServerImpl.java:setRole(299)) - 53230697-4daa-462d-80e4-75ca566b1cfd@group-BBBFE33D87BA: changes role from      null to FOLLOWER at term 0 for startAsFollower
2022-09-01 11:51:06,691 [pool-240-thread-1] INFO  impl.RoleInfo (RoleInfo.java:updateAndGet(139)) - 53230697-4daa-462d-80e4-75ca566b1cfd: start 53230697-4daa-462d-80e4-75ca566b1cfd@group-BBBFE33D87BA-FollowerState
2022-09-01 11:51:06,689 [pool-215-thread-1] INFO  server.RaftServerConfigKeys (ConfUtils.java:logGet(46)) - raft.server.log.write.buffer.size = 1048576 (custom)
2022-09-01 11:51:06,692 [pool-215-thread-1] INFO  server.RaftServerConfigKeys (ConfUtils.java:logGet(46)) - raft.server.log.unsafe-flush.enabled = false (default)
2022-09-01 11:51:06,692 [pool-215-thread-1] INFO  server.RaftServerConfigKeys (ConfUtils.java:logGet(46)) - raft.server.log.statemachine.data.caching.enabled = true (custom)
2022-09-01 11:51:06,692 [pool-215-thread-1] INFO  segmented.SegmentedRaftLogWorker (SegmentedRaftLogWorker.java:lambda$new$0(135)) - 953192fd-2d2b-4a2c-9bab-3b1036121bcc@group-BF164CD48D00-SegmentedRaftLogWorker: flushIndex: setUnconditionally 0 -> -1
2022-09-01 11:51:06,692 [pool-215-thread-1] INFO  segmented.SegmentedRaftLogWorker (SegmentedRaftLogWorker.java:lambda$new$0(135)) - 953192fd-2d2b-4a2c-9bab-3b1036121bcc@group-BF164CD48D00-SegmentedRaftLogWorker: safeCacheEvictIndex: setUnconditionally 0 -> -1
2022-09-01 11:51:06,697 [pool-240-thread-1] INFO  util.JmxRegister (JmxRegister.java:tryRegister(44)) - Successfully registered JMX Bean with object name Ratis:service=RaftServer,group=group-BBBFE33D87BA,id=53230697-4daa-462d-80e4-75ca566b1cfd
2022-09-01 11:51:06,697 [pool-215-thread-1] INFO  server.RaftServerConfigKeys (ConfUtils.java:logGet(46)) - raft.server.snapshot.auto.trigger.enabled = true (custom)
2022-09-01 11:51:06,697 [pool-215-thread-1] INFO  server.RaftServerConfigKeys (ConfUtils.java:logGet(46)) - raft.server.snapshot.auto.trigger.threshold = 10000 (custom)
2022-09-01 11:51:06,697 [pool-215-thread-1] INFO  server.RaftServerConfigKeys (ConfUtils.java:logGet(46)) - raft.server.snapshot.retention.file.num = 5 (custom)
2022-09-01 11:51:06,697 [pool-215-thread-1] INFO  server.RaftServerConfigKeys (ConfUtils.java:logGet(46)) - raft.server.log.purge.upto.snapshot.index = false (default)
2022-09-01 11:51:06,706 [5ae0c8ef-e091-4d1b-9d6c-68c2daa287ce@group-1ED43301BCE6-StateMachineUpdater] INFO  safemode.HealthyPipelineSafeModeRule (HealthyPipelineSafeModeRule.java:initializeRule(165)) - Refreshed total pipeline count is 0, healthy pipeline threshold count is 1
2022-09-01 11:51:06,706 [pool-215-thread-1] INFO  server.RaftServerConfigKeys (ConfUtils.java:logGet(46)) - raft.server.retrycache.expirytime = 600000ms (custom)
2022-09-01 11:51:06,706 [pool-215-thread-1] INFO  server.RaftServerConfigKeys (ConfUtils.java:logGet(46)) - raft.server.retrycache.statistics.expirytime = 100μs (default)
2022-09-01 11:51:06,716 [pool-215-thread-1] INFO  server.RaftServerConfigKeys (ConfUtils.java:logGet(46)) - raft.server.log.appender.install.snapshot.enabled = false (custom)
2022-09-01 11:51:06,716 [pool-215-thread-1] INFO  server.RaftServerConfigKeys (ConfUtils.java:logGet(46)) - raft.server.threadpool.server.cached = true (default)
2022-09-01 11:51:06,716 [pool-215-thread-1] INFO  server.RaftServerConfigKeys (ConfUtils.java:logGet(46)) - raft.server.threadpool.server.size = 0 (default)
2022-09-01 11:51:06,716 [pool-215-thread-1] INFO  server.RaftServerConfigKeys (ConfUtils.java:logGet(46)) - raft.server.threadpool.client.cached = true (default)
2022-09-01 11:51:06,716 [pool-215-thread-1] INFO  server.RaftServerConfigKeys (ConfUtils.java:logGet(46)) - raft.server.threadpool.client.size = 0 (default)
2022-09-01 11:51:06,719 [pool-215-thread-1] INFO  server.RaftServer$Division (RaftServerImpl.java:start(310)) - 953192fd-2d2b-4a2c-9bab-3b1036121bcc@group-BF164CD48D00: start as a follower, conf=-1: [953192fd-2d2b-4a2c-9bab-3b1036121bcc|rpc:127.0.0.1:45107|priority:1], old=null
2022-09-01 11:51:06,719 [pool-215-thread-1] INFO  server.RaftServer$Division (RaftServerImpl.java:setRole(299)) - 953192fd-2d2b-4a2c-9bab-3b1036121bcc@group-BF164CD48D00: changes role from      null to FOLLOWER at term 0 for startAsFollower
2022-09-01 11:51:06,719 [pool-215-thread-1] INFO  impl.RoleInfo (RoleInfo.java:updateAndGet(139)) - 953192fd-2d2b-4a2c-9bab-3b1036121bcc: start 953192fd-2d2b-4a2c-9bab-3b1036121bcc@group-BF164CD48D00-FollowerState
2022-09-01 11:51:06,720 [pool-215-thread-1] INFO  util.JmxRegister (JmxRegister.java:tryRegister(44)) - Successfully registered JMX Bean with object name Ratis:service=RaftServer,group=group-BF164CD48D00,id=953192fd-2d2b-4a2c-9bab-3b1036121bcc
2022-09-01 11:51:06,720 [Command processor thread] INFO  commandhandler.CreatePipelineCommandHandler (CreatePipelineCommandHandler.java:handle(113)) - Created Pipeline RATIS THREE PipelineID=9b7c563b-ab3b-4ffc-aa74-bbbfe33d87ba.
2022-09-01 11:51:06,723 [56131482-92e3-4731-b18b-d0972f1f7686@group-1ED43301BCE6-StateMachineUpdater] INFO  safemode.HealthyPipelineSafeModeRule (HealthyPipelineSafeModeRule.java:initializeRule(165)) - Refreshed total pipeline count is 0, healthy pipeline threshold count is 1
2022-09-01 11:51:06,725 [Command processor thread] INFO  ratis.XceiverServerRatis (XceiverServerRatis.java:addGroup(765)) - Created group PipelineID=41dd1771-e2d2-418a-83fe-bf164cd48d00
2022-09-01 11:51:06,725 [Command processor thread] INFO  commandhandler.CreatePipelineCommandHandler (CreatePipelineCommandHandler.java:handle(113)) - Created Pipeline RATIS ONE PipelineID=41dd1771-e2d2-418a-83fe-bf164cd48d00.
2022-09-01 11:51:06,992 [Listener at 127.0.0.1/40551] INFO  ozone.MiniOzoneClusterImpl (MiniOzoneClusterImpl.java:lambda$waitForClusterToBeReady$0(216)) - Nodes are ready. Got 3 of 3 DN Heartbeats.
2022-09-01 11:51:06,993 [Listener at 127.0.0.1/40551] INFO  ozone.MiniOzoneClusterImpl (MiniOzoneClusterImpl.java:lambda$waitForClusterToBeReady$0(219)) - Waiting for cluster to exit safe mode
2022-09-01 11:51:06,993 [Listener at 127.0.0.1/40551] INFO  ozone.MiniOzoneClusterImpl (MiniOzoneClusterImpl.java:lambda$waitForClusterToBeReady$0(221)) - SCM became leader
2022-09-01 11:51:06,998 [Command processor thread] INFO  server.RaftServer (RaftServerProxy.java:addNew(96)) - 53230697-4daa-462d-80e4-75ca566b1cfd: addNew group-6CF85882097C:[53230697-4daa-462d-80e4-75ca566b1cfd|rpc:127.0.0.1:39827|priority:1] returns group-6CF85882097C:java.util.concurrent.CompletableFuture@2a643af7[Not completed]
2022-09-01 11:51:06,999 [pool-240-thread-1] INFO  server.RaftServer$Division (RaftServerImpl.java:<init>(190)) - 53230697-4daa-462d-80e4-75ca566b1cfd: new RaftServerImpl for group-6CF85882097C:[53230697-4daa-462d-80e4-75ca566b1cfd|rpc:127.0.0.1:39827|priority:1] with ContainerStateMachine:uninitialized
2022-09-01 11:51:06,999 [pool-240-thread-1] INFO  server.RaftServerConfigKeys (ConfUtils.java:logGet(46)) - raft.server.rpc.timeout.min = 5s (custom)
2022-09-01 11:51:06,999 [pool-240-thread-1] INFO  server.RaftServerConfigKeys (ConfUtils.java:logGet(46)) - raft.server.rpc.timeout.max = 5200ms (custom)
2022-09-01 11:51:06,999 [pool-240-thread-1] INFO  server.RaftServerConfigKeys (ConfUtils.java:logGet(46)) - raft.server.rpc.sleep.time = 25ms (default)
2022-09-01 11:51:06,999 [pool-240-thread-1] INFO  server.RaftServerConfigKeys (ConfUtils.java:logGet(46)) - raft.server.rpc.slowness.timeout = 300s (custom)
2022-09-01 11:51:06,999 [pool-240-thread-1] INFO  server.RaftServerConfigKeys (ConfUtils.java:logGet(46)) - raft.server.leaderelection.leader.step-down.wait-time = 10s (default)
2022-09-01 11:51:06,999 [pool-240-thread-1] INFO  server.RaftServerConfigKeys (ConfUtils.java:logGet(46)) - raft.server.sleep.deviation.threshold = 300ms (default)
2022-09-01 11:51:06,999 [pool-240-thread-1] INFO  server.RaftServer$Division (ServerState.java:<init>(107)) - 53230697-4daa-462d-80e4-75ca566b1cfd@group-6CF85882097C: ConfigurationManager, init=-1: [53230697-4daa-462d-80e4-75ca566b1cfd|rpc:127.0.0.1:39827|priority:1], old=null, confs=<EMPTY_MAP>
2022-09-01 11:51:07,000 [pool-240-thread-1] INFO  server.RaftServerConfigKeys (ConfUtils.java:logGet(46)) - raft.server.storage.dir = [/home/runner/work/ozone/ozone/hadoop-ozone/integration-test/target/test-dir/MiniOzoneClusterImpl-a1c451f0-9b10-458f-87dd-1ed43301bce6/datanode-2/data/ratis] (custom)
2022-09-01 11:51:07,000 [pool-240-thread-1] INFO  server.RaftServerConfigKeys (ConfUtils.java:logGet(46)) - raft.server.log.corruption.policy = EXCEPTION (default)
2022-09-01 11:51:07,000 [pool-240-thread-1] INFO  server.RaftServerConfigKeys (ConfUtils.java:logGet(46)) - raft.server.storage.free-space.min = 0MB (=0) (default)
2022-09-01 11:51:07,000 [pool-240-thread-1] INFO  storage.RaftStorageDirectory (RaftStorageDirectoryImpl.java:analyzeStorage(135)) - The storage directory /home/runner/work/ozone/ozone/hadoop-ozone/integration-test/target/test-dir/MiniOzoneClusterImpl-a1c451f0-9b10-458f-87dd-1ed43301bce6/datanode-2/data/ratis/ec0eea24-4069-46ff-bb98-6cf85882097c does not exist. Creating ...
2022-09-01 11:51:07,004 [pool-240-thread-1] INFO  storage.RaftStorageDirectory (RaftStorageDirectoryImpl.java:tryLock(230)) - Lock on /home/runner/work/ozone/ozone/hadoop-ozone/integration-test/target/test-dir/MiniOzoneClusterImpl-a1c451f0-9b10-458f-87dd-1ed43301bce6/datanode-2/data/ratis/ec0eea24-4069-46ff-bb98-6cf85882097c/in_use.lock acquired by nodename 25235@fv-az459-356
2022-09-01 11:51:07,008 [pool-240-thread-1] INFO  storage.RaftStorage (RaftStorageImpl.java:format(89)) - Storage directory /home/runner/work/ozone/ozone/hadoop-ozone/integration-test/target/test-dir/MiniOzoneClusterImpl-a1c451f0-9b10-458f-87dd-1ed43301bce6/datanode-2/data/ratis/ec0eea24-4069-46ff-bb98-6cf85882097c has been successfully formatted.
2022-09-01 11:51:07,008 [pool-240-thread-1] INFO  ratis.ContainerStateMachine (ContainerStateMachine.java:loadSnapshot(236)) - group-6CF85882097C: The snapshot info is null. Setting the last applied indexto:(t:0, i:~)
2022-09-01 11:51:07,008 [pool-240-thread-1] INFO  server.RaftServerConfigKeys (ConfUtils.java:logGet(46)) - raft.server.notification.no-leader.timeout = 300s (custom)
2022-09-01 11:51:07,008 [pool-240-thread-1] INFO  server.RaftServerConfigKeys (ConfUtils.java:logGet(46)) - raft.server.log.use.memory = false (default)
2022-09-01 11:51:07,009 [pool-240-thread-1] INFO  server.RaftServerConfigKeys (ConfUtils.java:logGet(46)) - raft.server.log.purge.gap = 1000000 (custom)
2022-09-01 11:51:07,009 [pool-240-thread-1] INFO  server.RaftServerConfigKeys (ConfUtils.java:logGet(46)) - raft.server.log.appender.buffer.byte-limit = 33554432 (custom)
2022-09-01 11:51:07,009 [pool-240-thread-1] INFO  server.RaftServerConfigKeys (ConfUtils.java:logGet(46)) - raft.server.log.statemachine.data.read.timeout = 1000ms (default)
2022-09-01 11:51:07,009 [pool-240-thread-1] INFO  server.RaftServerConfigKeys (ConfUtils.java:logGet(46)) - raft.server.log.segment.size.max = 1048576 (custom)
2022-09-01 11:51:07,009 [pool-240-thread-1] INFO  server.RaftServerConfigKeys (ConfUtils.java:logGet(46)) - raft.server.log.segment.cache.num.max = 2 (custom)
2022-09-01 11:51:07,009 [pool-240-thread-1] INFO  server.RaftServerConfigKeys (ConfUtils.java:logGet(46)) - raft.server.log.segment.cache.size.max = 200MB (=209715200) (default)
2022-09-01 11:51:07,009 [pool-240-thread-1] INFO  segmented.SegmentedRaftLogWorker (SegmentedRaftLogWorker.java:<init>(187)) - new 53230697-4daa-462d-80e4-75ca566b1cfd@group-6CF85882097C-SegmentedRaftLogWorker for RaftStorageImpl:Storage Directory /home/runner/work/ozone/ozone/hadoop-ozone/integration-test/target/test-dir/MiniOzoneClusterImpl-a1c451f0-9b10-458f-87dd-1ed43301bce6/datanode-2/data/ratis/ec0eea24-4069-46ff-bb98-6cf85882097c
2022-09-01 11:51:07,009 [pool-240-thread-1] INFO  server.RaftServerConfigKeys (ConfUtils.java:logGet(46)) - raft.server.log.queue.byte-limit = 4294967296 (custom)
2022-09-01 11:51:07,010 [pool-240-thread-1] INFO  server.RaftServerConfigKeys (ConfUtils.java:logGet(46)) - raft.server.log.queue.element-limit = 1024 (custom)
2022-09-01 11:51:07,010 [pool-240-thread-1] INFO  server.RaftServerConfigKeys (ConfUtils.java:logGet(46)) - raft.server.log.segment.size.max = 1048576 (custom)
2022-09-01 11:51:07,010 [pool-240-thread-1] INFO  server.RaftServerConfigKeys (ConfUtils.java:logGet(46)) - raft.server.log.preallocated.size = 16384 (custom)
2022-09-01 11:51:07,010 [pool-240-thread-1] INFO  server.RaftServerConfigKeys (ConfUtils.java:logGet(46)) - raft.server.log.force.sync.num = 128 (default)
2022-09-01 11:51:07,010 [pool-240-thread-1] INFO  server.RaftServerConfigKeys (ConfUtils.java:logGet(46)) - raft.server.log.statemachine.data.sync = true (default)
2022-09-01 11:51:07,010 [pool-240-thread-1] INFO  server.RaftServerConfigKeys (ConfUtils.java:logGet(46)) - raft.server.log.statemachine.data.sync.timeout = 10s (default)
2022-09-01 11:51:07,010 [pool-240-thread-1] INFO  server.RaftServerConfigKeys (ConfUtils.java:logGet(46)) - raft.server.log.statemachine.data.sync.timeout.retry = -1 (default)
2022-09-01 11:51:07,011 [pool-240-thread-1] INFO  server.RaftServerConfigKeys (ConfUtils.java:logGet(46)) - raft.server.log.write.buffer.size = 1048576 (custom)
2022-09-01 11:51:07,012 [pool-240-thread-1] INFO  server.RaftServerConfigKeys (ConfUtils.java:logGet(46)) - raft.server.log.unsafe-flush.enabled = false (default)
2022-09-01 11:51:07,012 [pool-240-thread-1] INFO  server.RaftServerConfigKeys (ConfUtils.java:logGet(46)) - raft.server.log.statemachine.data.caching.enabled = true (custom)
2022-09-01 11:51:07,012 [pool-240-thread-1] INFO  segmented.SegmentedRaftLogWorker (SegmentedRaftLogWorker.java:lambda$new$0(135)) - 53230697-4daa-462d-80e4-75ca566b1cfd@group-6CF85882097C-SegmentedRaftLogWorker: flushIndex: setUnconditionally 0 -> -1
2022-09-01 11:51:07,012 [pool-240-thread-1] INFO  segmented.SegmentedRaftLogWorker (SegmentedRaftLogWorker.java:lambda$new$0(135)) - 53230697-4daa-462d-80e4-75ca566b1cfd@group-6CF85882097C-SegmentedRaftLogWorker: safeCacheEvictIndex: setUnconditionally 0 -> -1
2022-09-01 11:51:07,014 [EventQueue-PipelineReportForPipelineReportHandler] INFO  pipeline.PipelineManagerImpl (PipelineManagerImpl.java:openPipeline(367)) - Pipeline Pipeline[ Id: ec0eea24-4069-46ff-bb98-6cf85882097c, Nodes: 53230697-4daa-462d-80e4-75ca566b1cfd{ip: 127.0.0.1, host: localhost, ports: [REPLICATION=40437, RATIS=39827, RATIS_ADMIN=39827, RATIS_SERVER=39827, STANDALONE=35517], networkLocation: /default-rack, certSerialId: null, persistedOpState: IN_SERVICE, persistedOpStateExpiryEpochSec: 0}, ReplicationConfig: RATIS/ONE, State:ALLOCATED, leaderId:53230697-4daa-462d-80e4-75ca566b1cfd, CreationTimestamp2022-09-01T11:51:04.003Z[Etc/UTC]] moved to OPEN state
2022-09-01 11:51:07,014 [EventQueue-PipelineReportForPipelineReportHandler] INFO  pipeline.PipelineManagerImpl (PipelineManagerImpl.java:openPipeline(367)) - Pipeline Pipeline[ Id: ec0eea24-4069-46ff-bb98-6cf85882097c, Nodes: 53230697-4daa-462d-80e4-75ca566b1cfd{ip: 127.0.0.1, host: localhost, ports: [REPLICATION=40437, RATIS=39827, RATIS_ADMIN=39827, RATIS_SERVER=39827, STANDALONE=35517], networkLocation: /default-rack, certSerialId: null, persistedOpState: IN_SERVICE, persistedOpStateExpiryEpochSec: 0}, ReplicationConfig: RATIS/ONE, State:ALLOCATED, leaderId:53230697-4daa-462d-80e4-75ca566b1cfd, CreationTimestamp2022-09-01T11:51:04.003Z[Etc/UTC]] moved to OPEN state
2022-09-01 11:51:07,015 [EventQueue-PipelineReportForPipelineReportHandler] INFO  pipeline.PipelineManagerImpl (PipelineManagerImpl.java:openPipeline(367)) - Pipeline Pipeline[ Id: ec0eea24-4069-46ff-bb98-6cf85882097c, Nodes: 53230697-4daa-462d-80e4-75ca566b1cfd{ip: 127.0.0.1, host: localhost, ports: [REPLICATION=40437, RATIS=39827, RATIS_ADMIN=39827, RATIS_SERVER=39827, STANDALONE=35517], networkLocation: /default-rack, certSerialId: null, persistedOpState: IN_SERVICE, persistedOpStateExpiryEpochSec: 0}, ReplicationConfig: RATIS/ONE, State:ALLOCATED, leaderId:53230697-4daa-462d-80e4-75ca566b1cfd, CreationTimestamp2022-09-01T11:51:04.003Z[Etc/UTC]] moved to OPEN state
2022-09-01 11:51:07,023 [pool-240-thread-1] INFO  server.RaftServerConfigKeys (ConfUtils.java:logGet(46)) - raft.server.snapshot.auto.trigger.enabled = true (custom)
2022-09-01 11:51:07,023 [pool-240-thread-1] INFO  server.RaftServerConfigKeys (ConfUtils.java:logGet(46)) - raft.server.snapshot.auto.trigger.threshold = 10000 (custom)
2022-09-01 11:51:07,023 [pool-240-thread-1] INFO  server.RaftServerConfigKeys (ConfUtils.java:logGet(46)) - raft.server.snapshot.retention.file.num = 5 (custom)
2022-09-01 11:51:07,023 [pool-240-thread-1] INFO  server.RaftServerConfigKeys (ConfUtils.java:logGet(46)) - raft.server.log.purge.upto.snapshot.index = false (default)
2022-09-01 11:51:07,023 [pool-240-thread-1] INFO  server.RaftServerConfigKeys (ConfUtils.java:logGet(46)) - raft.server.retrycache.expirytime = 600000ms (custom)
2022-09-01 11:51:07,023 [pool-240-thread-1] INFO  server.RaftServerConfigKeys (ConfUtils.java:logGet(46)) - raft.server.retrycache.statistics.expirytime = 100μs (default)
2022-09-01 11:51:07,024 [pool-240-thread-1] INFO  server.RaftServerConfigKeys (ConfUtils.java:logGet(46)) - raft.server.log.appender.install.snapshot.enabled = false (custom)
2022-09-01 11:51:07,025 [pool-240-thread-1] INFO  server.RaftServerConfigKeys (ConfUtils.java:logGet(46)) - raft.server.threadpool.server.cached = true (default)
2022-09-01 11:51:07,025 [pool-240-thread-1] INFO  server.RaftServerConfigKeys (ConfUtils.java:logGet(46)) - raft.server.threadpool.server.size = 0 (default)
2022-09-01 11:51:07,025 [pool-240-thread-1] INFO  server.RaftServerConfigKeys (ConfUtils.java:logGet(46)) - raft.server.threadpool.client.cached = true (default)
2022-09-01 11:51:07,025 [pool-240-thread-1] INFO  server.RaftServerConfigKeys (ConfUtils.java:logGet(46)) - raft.server.threadpool.client.size = 0 (default)
2022-09-01 11:51:07,025 [pool-240-thread-1] INFO  server.RaftServer$Division (RaftServerImpl.java:start(310)) - 53230697-4daa-462d-80e4-75ca566b1cfd@group-6CF85882097C: start as a follower, conf=-1: [53230697-4daa-462d-80e4-75ca566b1cfd|rpc:127.0.0.1:39827|priority:1], old=null
2022-09-01 11:51:07,025 [pool-240-thread-1] INFO  server.RaftServer$Division (RaftServerImpl.java:setRole(299)) - 53230697-4daa-462d-80e4-75ca566b1cfd@group-6CF85882097C: changes role from      null to FOLLOWER at term 0 for startAsFollower
2022-09-01 11:51:07,025 [pool-240-thread-1] INFO  impl.RoleInfo (RoleInfo.java:updateAndGet(139)) - 53230697-4daa-462d-80e4-75ca566b1cfd: start 53230697-4daa-462d-80e4-75ca566b1cfd@group-6CF85882097C-FollowerState
2022-09-01 11:51:07,028 [pool-240-thread-1] INFO  util.JmxRegister (JmxRegister.java:tryRegister(44)) - Successfully registered JMX Bean with object name Ratis:service=RaftServer,group=group-6CF85882097C,id=53230697-4daa-462d-80e4-75ca566b1cfd
2022-09-01 11:51:07,030 [Command processor thread] INFO  ratis.XceiverServerRatis (XceiverServerRatis.java:addGroup(765)) - Created group PipelineID=ec0eea24-4069-46ff-bb98-6cf85882097c
2022-09-01 11:51:07,030 [Command processor thread] INFO  commandhandler.CreatePipelineCommandHandler (CreatePipelineCommandHandler.java:handle(113)) - Created Pipeline RATIS ONE PipelineID=ec0eea24-4069-46ff-bb98-6cf85882097c.
2022-09-01 11:51:07,044 [76b5452b-5401-496a-924e-e3833b3fb27e@group-1ED43301BCE6-StateMachineUpdater] INFO  safemode.HealthyPipelineSafeModeRule (HealthyPipelineSafeModeRule.java:initializeRule(165)) - Refreshed total pipeline count is 0, healthy pipeline threshold count is 1
2022-09-01 11:51:07,045 [EventQueue-OpenPipelineForHealthyPipelineSafeModeRule] INFO  safemode.SCMSafeModeManager (HealthyPipelineSafeModeRule.java:process(137)) - SCM in safe mode. Healthy pipelines reported count is 0, required healthy pipeline reported count is 1
2022-09-01 11:51:07,053 [56131482-92e3-4731-b18b-d0972f1f7686@group-1ED43301BCE6-StateMachineUpdater] INFO  safemode.HealthyPipelineSafeModeRule (HealthyPipelineSafeModeRule.java:initializeRule(165)) - Refreshed total pipeline count is 0, healthy pipeline threshold count is 1
2022-09-01 11:51:07,063 [5ae0c8ef-e091-4d1b-9d6c-68c2daa287ce@group-1ED43301BCE6-StateMachineUpdater] INFO  safemode.HealthyPipelineSafeModeRule (HealthyPipelineSafeModeRule.java:initializeRule(165)) - Refreshed total pipeline count is 0, healthy pipeline threshold count is 1
2022-09-01 11:51:07,993 [Listener at 127.0.0.1/40551] INFO  ozone.MiniOzoneClusterImpl (MiniOzoneClusterImpl.java:lambda$waitForClusterToBeReady$0(216)) - Nodes are ready. Got 3 of 3 DN Heartbeats.
2022-09-01 11:51:07,993 [Listener at 127.0.0.1/40551] INFO  ozone.MiniOzoneClusterImpl (MiniOzoneClusterImpl.java:lambda$waitForClusterToBeReady$0(219)) - Waiting for cluster to exit safe mode
2022-09-01 11:51:07,993 [Listener at 127.0.0.1/40551] INFO  ozone.MiniOzoneClusterImpl (MiniOzoneClusterImpl.java:lambda$waitForClusterToBeReady$0(221)) - SCM became leader
2022-09-01 11:51:08,993 [Listener at 127.0.0.1/40551] INFO  ozone.MiniOzoneClusterImpl (MiniOzoneClusterImpl.java:lambda$waitForClusterToBeReady$0(216)) - Nodes are ready. Got 3 of 3 DN Heartbeats.
2022-09-01 11:51:08,994 [Listener at 127.0.0.1/40551] INFO  ozone.MiniOzoneClusterImpl (MiniOzoneClusterImpl.java:lambda$waitForClusterToBeReady$0(219)) - Waiting for cluster to exit safe mode
2022-09-01 11:51:08,994 [Listener at 127.0.0.1/40551] INFO  ozone.MiniOzoneClusterImpl (MiniOzoneClusterImpl.java:lambda$waitForClusterToBeReady$0(221)) - SCM became leader
2022-09-01 11:51:09,994 [Listener at 127.0.0.1/40551] INFO  ozone.MiniOzoneClusterImpl (MiniOzoneClusterImpl.java:lambda$waitForClusterToBeReady$0(216)) - Nodes are ready. Got 3 of 3 DN Heartbeats.
2022-09-01 11:51:09,994 [Listener at 127.0.0.1/40551] INFO  ozone.MiniOzoneClusterImpl (MiniOzoneClusterImpl.java:lambda$waitForClusterToBeReady$0(219)) - Waiting for cluster to exit safe mode
2022-09-01 11:51:09,994 [Listener at 127.0.0.1/40551] INFO  ozone.MiniOzoneClusterImpl (MiniOzoneClusterImpl.java:lambda$waitForClusterToBeReady$0(221)) - SCM became leader
2022-09-01 11:51:10,995 [Listener at 127.0.0.1/40551] INFO  ozone.MiniOzoneClusterImpl (MiniOzoneClusterImpl.java:lambda$waitForClusterToBeReady$0(216)) - Nodes are ready. Got 3 of 3 DN Heartbeats.
2022-09-01 11:51:10,995 [Listener at 127.0.0.1/40551] INFO  ozone.MiniOzoneClusterImpl (MiniOzoneClusterImpl.java:lambda$waitForClusterToBeReady$0(219)) - Waiting for cluster to exit safe mode
2022-09-01 11:51:10,995 [Listener at 127.0.0.1/40551] INFO  ozone.MiniOzoneClusterImpl (MiniOzoneClusterImpl.java:lambda$waitForClusterToBeReady$0(221)) - SCM became leader
2022-09-01 11:51:11,416 [19f1ba4d-0ac4-417a-a768-c4a6f2a4cb21@group-E09716C36438-FollowerState] INFO  impl.FollowerState (FollowerState.java:run(143)) - 19f1ba4d-0ac4-417a-a768-c4a6f2a4cb21@group-E09716C36438-FollowerState: change to CANDIDATE, lastRpcElapsedTime:5135216717ns, electionTimeout:5122ms
2022-09-01 11:51:11,416 [19f1ba4d-0ac4-417a-a768-c4a6f2a4cb21@group-E09716C36438-FollowerState] INFO  impl.RoleInfo (RoleInfo.java:shutdownFollowerState(110)) - 19f1ba4d-0ac4-417a-a768-c4a6f2a4cb21: shutdown 19f1ba4d-0ac4-417a-a768-c4a6f2a4cb21@group-E09716C36438-FollowerState
2022-09-01 11:51:11,416 [19f1ba4d-0ac4-417a-a768-c4a6f2a4cb21@group-E09716C36438-FollowerState] INFO  server.RaftServer$Division (RaftServerImpl.java:setRole(299)) - 19f1ba4d-0ac4-417a-a768-c4a6f2a4cb21@group-E09716C36438: changes role from  FOLLOWER to CANDIDATE at term 0 for changeToCandidate
2022-09-01 11:51:11,416 [19f1ba4d-0ac4-417a-a768-c4a6f2a4cb21@group-E09716C36438-FollowerState] INFO  server.RaftServerConfigKeys (ConfUtils.java:logGet(46)) - raft.server.leaderelection.pre-vote = false (custom)
2022-09-01 11:51:11,417 [19f1ba4d-0ac4-417a-a768-c4a6f2a4cb21@group-E09716C36438-FollowerState] INFO  impl.RoleInfo (RoleInfo.java:updateAndGet(139)) - 19f1ba4d-0ac4-417a-a768-c4a6f2a4cb21: start 19f1ba4d-0ac4-417a-a768-c4a6f2a4cb21@group-E09716C36438-LeaderElection8
2022-09-01 11:51:11,422 [19f1ba4d-0ac4-417a-a768-c4a6f2a4cb21@group-E09716C36438-LeaderElection8] INFO  impl.LeaderElection (LeaderElection.java:askForVotes(310)) - 19f1ba4d-0ac4-417a-a768-c4a6f2a4cb21@group-E09716C36438-LeaderElection8 ELECTION round 0: submit vote requests at term 1 for -1: [19f1ba4d-0ac4-417a-a768-c4a6f2a4cb21|rpc:127.0.0.1:36057|priority:1], old=null
2022-09-01 11:51:11,422 [19f1ba4d-0ac4-417a-a768-c4a6f2a4cb21@group-E09716C36438-LeaderElection8] INFO  impl.LeaderElection (LeaderElection.java:askForVotes(312)) - 19f1ba4d-0ac4-417a-a768-c4a6f2a4cb21@group-E09716C36438-LeaderElection8 ELECTION round 0: result PASSED (term=1)
2022-09-01 11:51:11,422 [19f1ba4d-0ac4-417a-a768-c4a6f2a4cb21@group-E09716C36438-LeaderElection8] INFO  impl.RoleInfo (RoleInfo.java:shutdownLeaderElection(130)) - 19f1ba4d-0ac4-417a-a768-c4a6f2a4cb21: shutdown 19f1ba4d-0ac4-417a-a768-c4a6f2a4cb21@group-E09716C36438-LeaderElection8
2022-09-01 11:51:11,422 [19f1ba4d-0ac4-417a-a768-c4a6f2a4cb21@group-E09716C36438-LeaderElection8] INFO  server.RaftServer$Division (RaftServerImpl.java:setRole(299)) - 19f1ba4d-0ac4-417a-a768-c4a6f2a4cb21@group-E09716C36438: changes role from CANDIDATE to LEADER at term 1 for changeToLeader
2022-09-01 11:51:11,422 [19f1ba4d-0ac4-417a-a768-c4a6f2a4cb21@group-E09716C36438-LeaderElection8] INFO  ratis.XceiverServerRatis (XceiverServerRatis.java:handleLeaderChangedNotification(863)) - Leader change notification received for group: group-E09716C36438 with new leaderId: 19f1ba4d-0ac4-417a-a768-c4a6f2a4cb21
2022-09-01 11:51:11,423 [19f1ba4d-0ac4-417a-a768-c4a6f2a4cb21@group-E09716C36438-LeaderElection8] INFO  server.RaftServer$Division (ServerState.java:setLeader(287)) - 19f1ba4d-0ac4-417a-a768-c4a6f2a4cb21@group-E09716C36438: change Leader from null to 19f1ba4d-0ac4-417a-a768-c4a6f2a4cb21 at term 1 for becomeLeader, leader elected after 5197ms
2022-09-01 11:51:11,423 [19f1ba4d-0ac4-417a-a768-c4a6f2a4cb21@group-E09716C36438-LeaderElection8] INFO  server.RaftServerConfigKeys (ConfUtils.java:logGet(46)) - raft.server.staging.catchup.gap = 1000 (default)
2022-09-01 11:51:11,423 [19f1ba4d-0ac4-417a-a768-c4a6f2a4cb21@group-E09716C36438-LeaderElection8] INFO  server.RaftServerConfigKeys (ConfUtils.java:logGet(46)) - raft.server.write.element-limit = 1024 (custom)
2022-09-01 11:51:11,423 [19f1ba4d-0ac4-417a-a768-c4a6f2a4cb21@group-E09716C36438-LeaderElection8] INFO  server.RaftServerConfigKeys (ConfUtils.java:logGet(46)) - raft.server.write.byte-limit = 1024 M (=1073741824) (custom)
2022-09-01 11:51:11,424 [19f1ba4d-0ac4-417a-a768-c4a6f2a4cb21@group-E09716C36438-LeaderElection8] INFO  server.RaftServerConfigKeys (ConfUtils.java:logGet(46)) - raft.server.watch.timeout = 180s (custom)
2022-09-01 11:51:11,424 [19f1ba4d-0ac4-417a-a768-c4a6f2a4cb21@group-E09716C36438-LeaderElection8] INFO  server.RaftServerConfigKeys (ConfUtils.java:logGet(46)) - raft.server.watch.timeout.denomination = 1s (default)
2022-09-01 11:51:11,424 [19f1ba4d-0ac4-417a-a768-c4a6f2a4cb21@group-E09716C36438-LeaderElection8] INFO  server.RaftServerConfigKeys (ConfUtils.java:logGet(46)) - raft.server.watch.element-limit = 65536 (default)
2022-09-01 11:51:11,424 [19f1ba4d-0ac4-417a-a768-c4a6f2a4cb21@group-E09716C36438-LeaderElection8] INFO  server.RaftServerConfigKeys (ConfUtils.java:logGet(46)) - raft.server.write.element-limit = 1024 (custom)
2022-09-01 11:51:11,424 [19f1ba4d-0ac4-417a-a768-c4a6f2a4cb21@group-E09716C36438-LeaderElection8] INFO  server.RaftServerConfigKeys (ConfUtils.java:logGet(46)) - raft.server.write.follower.gap.ratio.max = -1.0 (default)
2022-09-01 11:51:11,424 [19f1ba4d-0ac4-417a-a768-c4a6f2a4cb21@group-E09716C36438-LeaderElection8] INFO  impl.RoleInfo (RoleInfo.java:updateAndGet(139)) - 19f1ba4d-0ac4-417a-a768-c4a6f2a4cb21: start 19f1ba4d-0ac4-417a-a768-c4a6f2a4cb21@group-E09716C36438-LeaderStateImpl
2022-09-01 11:51:11,425 [19f1ba4d-0ac4-417a-a768-c4a6f2a4cb21@group-E09716C36438-LeaderElection8] INFO  segmented.SegmentedRaftLogWorker (SegmentedRaftLogWorker.java:startLogSegment(425)) - 19f1ba4d-0ac4-417a-a768-c4a6f2a4cb21@group-E09716C36438-SegmentedRaftLogWorker: Starting segment from index:0
2022-09-01 11:51:11,426 [EventQueue-OpenPipelineForHealthyPipelineSafeModeRule] INFO  safemode.SCMSafeModeManager (HealthyPipelineSafeModeRule.java:process(137)) - SCM in safe mode. Healthy pipelines reported count is 0, required healthy pipeline reported count is 1
2022-09-01 11:51:11,426 [19f1ba4d-0ac4-417a-a768-c4a6f2a4cb21@group-E09716C36438-SegmentedRaftLogWorker] INFO  segmented.SegmentedRaftLogWorker (SegmentedRaftLogWorker.java:execute(629)) - 19f1ba4d-0ac4-417a-a768-c4a6f2a4cb21@group-E09716C36438-SegmentedRaftLogWorker: created new log segment /home/runner/work/ozone/ozone/hadoop-ozone/integration-test/target/test-dir/MiniOzoneClusterImpl-a1c451f0-9b10-458f-87dd-1ed43301bce6/datanode-0/data/ratis/ef5542ee-4c74-4864-92fe-e09716c36438/current/log_inprogress_0
2022-09-01 11:51:11,428 [EventQueue-OpenPipelineForHealthyPipelineSafeModeRule] INFO  safemode.SCMSafeModeManager (HealthyPipelineSafeModeRule.java:process(137)) - SCM in safe mode. Healthy pipelines reported count is 0, required healthy pipeline reported count is 1
2022-09-01 11:51:11,428 [EventQueue-OpenPipelineForHealthyPipelineSafeModeRule] INFO  safemode.SCMSafeModeManager (HealthyPipelineSafeModeRule.java:process(137)) - SCM in safe mode. Healthy pipelines reported count is 0, required healthy pipeline reported count is 1
2022-09-01 11:51:11,432 [19f1ba4d-0ac4-417a-a768-c4a6f2a4cb21@group-E09716C36438-LeaderElection8] INFO  server.RaftServer$Division (ServerState.java:setRaftConf(393)) - 19f1ba4d-0ac4-417a-a768-c4a6f2a4cb21@group-E09716C36438: set configuration 0: [19f1ba4d-0ac4-417a-a768-c4a6f2a4cb21|rpc:127.0.0.1:36057|dataStream:|priority:1], old=null
2022-09-01 11:51:11,460 [19f1ba4d-0ac4-417a-a768-c4a6f2a4cb21@group-0BBC7BF12F67-FollowerState] INFO  impl.FollowerState (FollowerState.java:run(143)) - 19f1ba4d-0ac4-417a-a768-c4a6f2a4cb21@group-0BBC7BF12F67-FollowerState: change to CANDIDATE, lastRpcElapsedTime:5104705231ns, electionTimeout:5100ms
2022-09-01 11:51:11,460 [19f1ba4d-0ac4-417a-a768-c4a6f2a4cb21@group-0BBC7BF12F67-FollowerState] INFO  impl.RoleInfo (RoleInfo.java:shutdownFollowerState(110)) - 19f1ba4d-0ac4-417a-a768-c4a6f2a4cb21: shutdown 19f1ba4d-0ac4-417a-a768-c4a6f2a4cb21@group-0BBC7BF12F67-FollowerState
2022-09-01 11:51:11,460 [19f1ba4d-0ac4-417a-a768-c4a6f2a4cb21@group-0BBC7BF12F67-FollowerState] INFO  server.RaftServer$Division (RaftServerImpl.java:setRole(299)) - 19f1ba4d-0ac4-417a-a768-c4a6f2a4cb21@group-0BBC7BF12F67: changes role from  FOLLOWER to CANDIDATE at term 0 for changeToCandidate
2022-09-01 11:51:11,460 [19f1ba4d-0ac4-417a-a768-c4a6f2a4cb21@group-0BBC7BF12F67-FollowerState] INFO  server.RaftServerConfigKeys (ConfUtils.java:logGet(46)) - raft.server.leaderelection.pre-vote = false (custom)
2022-09-01 11:51:11,460 [19f1ba4d-0ac4-417a-a768-c4a6f2a4cb21@group-0BBC7BF12F67-FollowerState] INFO  impl.RoleInfo (RoleInfo.java:updateAndGet(139)) - 19f1ba4d-0ac4-417a-a768-c4a6f2a4cb21: start 19f1ba4d-0ac4-417a-a768-c4a6f2a4cb21@group-0BBC7BF12F67-LeaderElection9
2022-09-01 11:51:11,462 [53230697-4daa-462d-80e4-75ca566b1cfd@group-0BBC7BF12F67-FollowerState] INFO  impl.FollowerState (FollowerState.java:run(143)) - 53230697-4daa-462d-80e4-75ca566b1cfd@group-0BBC7BF12F67-FollowerState: change to CANDIDATE, lastRpcElapsedTime:5006990497ns, electionTimeout:5005ms
2022-09-01 11:51:11,462 [53230697-4daa-462d-80e4-75ca566b1cfd@group-0BBC7BF12F67-FollowerState] INFO  impl.RoleInfo (RoleInfo.java:shutdownFollowerState(110)) - 53230697-4daa-462d-80e4-75ca566b1cfd: shutdown 53230697-4daa-462d-80e4-75ca566b1cfd@group-0BBC7BF12F67-FollowerState
2022-09-01 11:51:11,462 [53230697-4daa-462d-80e4-75ca566b1cfd@group-0BBC7BF12F67-FollowerState] INFO  server.RaftServer$Division (RaftServerImpl.java:setRole(299)) - 53230697-4daa-462d-80e4-75ca566b1cfd@group-0BBC7BF12F67: changes role from  FOLLOWER to CANDIDATE at term 0 for changeToCandidate
2022-09-01 11:51:11,462 [53230697-4daa-462d-80e4-75ca566b1cfd@group-0BBC7BF12F67-FollowerState] INFO  server.RaftServerConfigKeys (ConfUtils.java:logGet(46)) - raft.server.leaderelection.pre-vote = false (custom)
2022-09-01 11:51:11,463 [53230697-4daa-462d-80e4-75ca566b1cfd@group-0BBC7BF12F67-FollowerState] INFO  impl.RoleInfo (RoleInfo.java:updateAndGet(139)) - 53230697-4daa-462d-80e4-75ca566b1cfd: start 53230697-4daa-462d-80e4-75ca566b1cfd@group-0BBC7BF12F67-LeaderElection10
2022-09-01 11:51:11,466 [53230697-4daa-462d-80e4-75ca566b1cfd@group-0BBC7BF12F67-LeaderElection10] INFO  impl.LeaderElection (LeaderElection.java:askForVotes(310)) - 53230697-4daa-462d-80e4-75ca566b1cfd@group-0BBC7BF12F67-LeaderElection10 ELECTION round 0: submit vote requests at term 1 for -1: [953192fd-2d2b-4a2c-9bab-3b1036121bcc|rpc:127.0.0.1:45107|dataStream:|priority:0, 19f1ba4d-0ac4-417a-a768-c4a6f2a4cb21|rpc:127.0.0.1:36057|dataStream:|priority:1, 53230697-4daa-462d-80e4-75ca566b1cfd|rpc:127.0.0.1:39827|dataStream:|priority:0], old=null
2022-09-01 11:51:11,466 [19f1ba4d-0ac4-417a-a768-c4a6f2a4cb21@group-0BBC7BF12F67-LeaderElection9] INFO  impl.LeaderElection (LeaderElection.java:askForVotes(310)) - 19f1ba4d-0ac4-417a-a768-c4a6f2a4cb21@group-0BBC7BF12F67-LeaderElection9 ELECTION round 0: submit vote requests at term 1 for -1: [953192fd-2d2b-4a2c-9bab-3b1036121bcc|rpc:127.0.0.1:45107|priority:0, 19f1ba4d-0ac4-417a-a768-c4a6f2a4cb21|rpc:127.0.0.1:36057|priority:1, 53230697-4daa-462d-80e4-75ca566b1cfd|rpc:127.0.0.1:39827|priority:0], old=null
2022-09-01 11:51:11,489 [grpc-default-executor-1] INFO  server.RaftServer$Division (RaftServerImpl.java:requestVote(1152)) - 19f1ba4d-0ac4-417a-a768-c4a6f2a4cb21@group-0BBC7BF12F67: receive requestVote(ELECTION, 53230697-4daa-462d-80e4-75ca566b1cfd, group-0BBC7BF12F67, 1, (t:0, i:0))
2022-09-01 11:51:11,489 [grpc-default-executor-1] INFO  impl.VoteContext (VoteContext.java:log(48)) - 19f1ba4d-0ac4-417a-a768-c4a6f2a4cb21@group-0BBC7BF12F67-CANDIDATE: reject ELECTION from 53230697-4daa-462d-80e4-75ca566b1cfd: already has voted for 19f1ba4d-0ac4-417a-a768-c4a6f2a4cb21 at current term 1
2022-09-01 11:51:11,489 [grpc-default-executor-1] INFO  server.RaftServer$Division (RaftServerImpl.java:requestVote(1184)) - 19f1ba4d-0ac4-417a-a768-c4a6f2a4cb21@group-0BBC7BF12F67 replies to ELECTION vote request: 53230697-4daa-462d-80e4-75ca566b1cfd<-19f1ba4d-0ac4-417a-a768-c4a6f2a4cb21#0:FAIL-t1. Peer's state: 19f1ba4d-0ac4-417a-a768-c4a6f2a4cb21@group-0BBC7BF12F67:t1, leader=null, voted=19f1ba4d-0ac4-417a-a768-c4a6f2a4cb21, raftlog=19f1ba4d-0ac4-417a-a768-c4a6f2a4cb21@group-0BBC7BF12F67-SegmentedRaftLog:OPENED:c-1, conf=-1: [953192fd-2d2b-4a2c-9bab-3b1036121bcc|rpc:127.0.0.1:45107|priority:0, 19f1ba4d-0ac4-417a-a768-c4a6f2a4cb21|rpc:127.0.0.1:36057|priority:1, 53230697-4daa-462d-80e4-75ca566b1cfd|rpc:127.0.0.1:39827|priority:0], old=null
2022-09-01 11:51:11,489 [grpc-default-executor-0] INFO  server.RaftServer$Division (RaftServerImpl.java:requestVote(1152)) - 953192fd-2d2b-4a2c-9bab-3b1036121bcc@group-0BBC7BF12F67: receive requestVote(ELECTION, 19f1ba4d-0ac4-417a-a768-c4a6f2a4cb21, group-0BBC7BF12F67, 1, (t:0, i:0))
2022-09-01 11:51:11,489 [grpc-default-executor-0] INFO  impl.VoteContext (VoteContext.java:log(48)) - 953192fd-2d2b-4a2c-9bab-3b1036121bcc@group-0BBC7BF12F67-FOLLOWER: accept ELECTION from 19f1ba4d-0ac4-417a-a768-c4a6f2a4cb21: our priority 0 <= candidate's priority 1
2022-09-01 11:51:11,490 [grpc-default-executor-0] INFO  server.RaftServer$Division (RaftServerImpl.java:setRole(299)) - 953192fd-2d2b-4a2c-9bab-3b1036121bcc@group-0BBC7BF12F67: changes role from  FOLLOWER to FOLLOWER at term 1 for candidate:19f1ba4d-0ac4-417a-a768-c4a6f2a4cb21
2022-09-01 11:51:11,490 [grpc-default-executor-0] INFO  impl.RoleInfo (RoleInfo.java:shutdownFollowerState(110)) - 953192fd-2d2b-4a2c-9bab-3b1036121bcc: shutdown 953192fd-2d2b-4a2c-9bab-3b1036121bcc@group-0BBC7BF12F67-FollowerState
2022-09-01 11:51:11,490 [953192fd-2d2b-4a2c-9bab-3b1036121bcc@group-0BBC7BF12F67-FollowerState] INFO  impl.FollowerState (FollowerState.java:run(152)) - 953192fd-2d2b-4a2c-9bab-3b1036121bcc@group-0BBC7BF12F67-FollowerState was interrupted
2022-09-01 11:51:11,490 [grpc-default-executor-0] INFO  impl.RoleInfo (RoleInfo.java:updateAndGet(139)) - 953192fd-2d2b-4a2c-9bab-3b1036121bcc: start 953192fd-2d2b-4a2c-9bab-3b1036121bcc@group-0BBC7BF12F67-FollowerState
2022-09-01 11:51:11,497 [grpc-default-executor-0] INFO  server.RaftServer$Division (RaftServerImpl.java:requestVote(1184)) - 953192fd-2d2b-4a2c-9bab-3b1036121bcc@group-0BBC7BF12F67 replies to ELECTION vote request: 19f1ba4d-0ac4-417a-a768-c4a6f2a4cb21<-953192fd-2d2b-4a2c-9bab-3b1036121bcc#0:OK-t1. Peer's state: 953192fd-2d2b-4a2c-9bab-3b1036121bcc@group-0BBC7BF12F67:t1, leader=null, voted=19f1ba4d-0ac4-417a-a768-c4a6f2a4cb21, raftlog=953192fd-2d2b-4a2c-9bab-3b1036121bcc@group-0BBC7BF12F67-SegmentedRaftLog:OPENED:c-1, conf=-1: [953192fd-2d2b-4a2c-9bab-3b1036121bcc|rpc:127.0.0.1:45107|dataStream:|priority:0, 19f1ba4d-0ac4-417a-a768-c4a6f2a4cb21|rpc:127.0.0.1:36057|dataStream:|priority:1, 53230697-4daa-462d-80e4-75ca566b1cfd|rpc:127.0.0.1:39827|dataStream:|priority:0], old=null
2022-09-01 11:51:11,503 [53230697-4daa-462d-80e4-75ca566b1cfd@group-0BBC7BF12F67-LeaderElection10] INFO  impl.LeaderElection (LeaderElection.java:logAndReturn(90)) - 53230697-4daa-462d-80e4-75ca566b1cfd@group-0BBC7BF12F67-LeaderElection10: ELECTION REJECTED received 1 response(s) and 0 exception(s):
2022-09-01 11:51:11,503 [53230697-4daa-462d-80e4-75ca566b1cfd@group-0BBC7BF12F67-LeaderElection10] INFO  impl.LeaderElection (LeaderElection.java:logAndReturn(94)) -   Response 0: 53230697-4daa-462d-80e4-75ca566b1cfd<-19f1ba4d-0ac4-417a-a768-c4a6f2a4cb21#0:FAIL-t1
2022-09-01 11:51:11,503 [53230697-4daa-462d-80e4-75ca566b1cfd@group-0BBC7BF12F67-LeaderElection10] INFO  impl.LeaderElection (LeaderElection.java:askForVotes(312)) - 53230697-4daa-462d-80e4-75ca566b1cfd@group-0BBC7BF12F67-LeaderElection10 ELECTION round 0: result REJECTED
2022-09-01 11:51:11,503 [53230697-4daa-462d-80e4-75ca566b1cfd@group-0BBC7BF12F67-LeaderElection10] INFO  server.RaftServer$Division (RaftServerImpl.java:setRole(299)) - 53230697-4daa-462d-80e4-75ca566b1cfd@group-0BBC7BF12F67: changes role from CANDIDATE to FOLLOWER at term 1 for REJECTED
2022-09-01 11:51:11,503 [53230697-4daa-462d-80e4-75ca566b1cfd@group-0BBC7BF12F67-LeaderElection10] INFO  impl.RoleInfo (RoleInfo.java:shutdownLeaderElection(130)) - 53230697-4daa-462d-80e4-75ca566b1cfd: shutdown 53230697-4daa-462d-80e4-75ca566b1cfd@group-0BBC7BF12F67-LeaderElection10
2022-09-01 11:51:11,504 [53230697-4daa-462d-80e4-75ca566b1cfd@group-0BBC7BF12F67-LeaderElection10] INFO  impl.RoleInfo (RoleInfo.java:updateAndGet(139)) - 53230697-4daa-462d-80e4-75ca566b1cfd: start 53230697-4daa-462d-80e4-75ca566b1cfd@group-0BBC7BF12F67-FollowerState
2022-09-01 11:51:11,513 [grpc-default-executor-1] INFO  server.RaftServer$Division (RaftServerImpl.java:requestVote(1152)) - 53230697-4daa-462d-80e4-75ca566b1cfd@group-0BBC7BF12F67: receive requestVote(ELECTION, 19f1ba4d-0ac4-417a-a768-c4a6f2a4cb21, group-0BBC7BF12F67, 1, (t:0, i:0))
2022-09-01 11:51:11,513 [grpc-default-executor-1] INFO  impl.VoteContext (VoteContext.java:log(48)) - 53230697-4daa-462d-80e4-75ca566b1cfd@group-0BBC7BF12F67-FOLLOWER: reject ELECTION from 19f1ba4d-0ac4-417a-a768-c4a6f2a4cb21: already has voted for 53230697-4daa-462d-80e4-75ca566b1cfd at current term 1
2022-09-01 11:51:11,513 [grpc-default-executor-1] INFO  server.RaftServer$Division (RaftServerImpl.java:requestVote(1184)) - 53230697-4daa-462d-80e4-75ca566b1cfd@group-0BBC7BF12F67 replies to ELECTION vote request: 19f1ba4d-0ac4-417a-a768-c4a6f2a4cb21<-53230697-4daa-462d-80e4-75ca566b1cfd#0:FAIL-t1. Peer's state: 53230697-4daa-462d-80e4-75ca566b1cfd@group-0BBC7BF12F67:t1, leader=null, voted=53230697-4daa-462d-80e4-75ca566b1cfd, raftlog=53230697-4daa-462d-80e4-75ca566b1cfd@group-0BBC7BF12F67-SegmentedRaftLog:OPENED:c-1, conf=-1: [953192fd-2d2b-4a2c-9bab-3b1036121bcc|rpc:127.0.0.1:45107|dataStream:|priority:0, 19f1ba4d-0ac4-417a-a768-c4a6f2a4cb21|rpc:127.0.0.1:36057|dataStream:|priority:1, 53230697-4daa-462d-80e4-75ca566b1cfd|rpc:127.0.0.1:39827|dataStream:|priority:0], old=null
2022-09-01 11:51:11,514 [19f1ba4d-0ac4-417a-a768-c4a6f2a4cb21@group-0BBC7BF12F67-LeaderElection9] INFO  impl.LeaderElection (LeaderElection.java:logAndReturn(90)) - 19f1ba4d-0ac4-417a-a768-c4a6f2a4cb21@group-0BBC7BF12F67-LeaderElection9: ELECTION PASSED received 1 response(s) and 0 exception(s):
2022-09-01 11:51:11,514 [19f1ba4d-0ac4-417a-a768-c4a6f2a4cb21@group-0BBC7BF12F67-LeaderElection9] INFO  impl.LeaderElection (LeaderElection.java:logAndReturn(94)) -   Response 0: 19f1ba4d-0ac4-417a-a768-c4a6f2a4cb21<-953192fd-2d2b-4a2c-9bab-3b1036121bcc#0:OK-t1
2022-09-01 11:51:11,514 [19f1ba4d-0ac4-417a-a768-c4a6f2a4cb21@group-0BBC7BF12F67-LeaderElection9] INFO  impl.LeaderElection (LeaderElection.java:askForVotes(312)) - 19f1ba4d-0ac4-417a-a768-c4a6f2a4cb21@group-0BBC7BF12F67-LeaderElection9 ELECTION round 0: result PASSED
2022-09-01 11:51:11,514 [19f1ba4d-0ac4-417a-a768-c4a6f2a4cb21@group-0BBC7BF12F67-LeaderElection9] INFO  impl.RoleInfo (RoleInfo.java:shutdownLeaderElection(130)) - 19f1ba4d-0ac4-417a-a768-c4a6f2a4cb21: shutdown 19f1ba4d-0ac4-417a-a768-c4a6f2a4cb21@group-0BBC7BF12F67-LeaderElection9
2022-09-01 11:51:11,514 [19f1ba4d-0ac4-417a-a768-c4a6f2a4cb21@group-0BBC7BF12F67-LeaderElection9] INFO  server.RaftServer$Division (RaftServerImpl.java:setRole(299)) - 19f1ba4d-0ac4-417a-a768-c4a6f2a4cb21@group-0BBC7BF12F67: changes role from CANDIDATE to LEADER at term 1 for changeToLeader
2022-09-01 11:51:11,514 [19f1ba4d-0ac4-417a-a768-c4a6f2a4cb21@group-0BBC7BF12F67-LeaderElection9] INFO  ratis.XceiverServerRatis (XceiverServerRatis.java:handleLeaderChangedNotification(863)) - Leader change notification received for group: group-0BBC7BF12F67 with new leaderId: 19f1ba4d-0ac4-417a-a768-c4a6f2a4cb21
2022-09-01 11:51:11,515 [19f1ba4d-0ac4-417a-a768-c4a6f2a4cb21@group-0BBC7BF12F67-LeaderElection9] INFO  server.RaftServer$Division (ServerState.java:setLeader(287)) - 19f1ba4d-0ac4-417a-a768-c4a6f2a4cb21@group-0BBC7BF12F67: change Leader from null to 19f1ba4d-0ac4-417a-a768-c4a6f2a4cb21 at term 1 for becomeLeader, leader elected after 5181ms
2022-09-01 11:51:11,515 [19f1ba4d-0ac4-417a-a768-c4a6f2a4cb21@group-0BBC7BF12F67-LeaderElection9] INFO  server.RaftServerConfigKeys (ConfUtils.java:logGet(46)) - raft.server.staging.catchup.gap = 1000 (default)
2022-09-01 11:51:11,515 [19f1ba4d-0ac4-417a-a768-c4a6f2a4cb21@group-0BBC7BF12F67-LeaderElection9] INFO  server.RaftServerConfigKeys (ConfUtils.java:logGet(46)) - raft.server.write.element-limit = 1024 (custom)
2022-09-01 11:51:11,515 [19f1ba4d-0ac4-417a-a768-c4a6f2a4cb21@group-0BBC7BF12F67-LeaderElection9] INFO  server.RaftServerConfigKeys (ConfUtils.java:logGet(46)) - raft.server.write.byte-limit = 1024 M (=1073741824) (custom)
2022-09-01 11:51:11,515 [19f1ba4d-0ac4-417a-a768-c4a6f2a4cb21@group-0BBC7BF12F67-LeaderElection9] INFO  server.RaftServerConfigKeys (ConfUtils.java:logGet(46)) - raft.server.watch.timeout = 180s (custom)
2022-09-01 11:51:11,516 [19f1ba4d-0ac4-417a-a768-c4a6f2a4cb21@group-0BBC7BF12F67-LeaderElection9] INFO  server.RaftServerConfigKeys (ConfUtils.java:logGet(46)) - raft.server.watch.timeout.denomination = 1s (default)
2022-09-01 11:51:11,516 [19f1ba4d-0ac4-417a-a768-c4a6f2a4cb21@group-0BBC7BF12F67-LeaderElection9] INFO  server.RaftServerConfigKeys (ConfUtils.java:logGet(46)) - raft.server.watch.element-limit = 65536 (default)
2022-09-01 11:51:11,516 [19f1ba4d-0ac4-417a-a768-c4a6f2a4cb21@group-0BBC7BF12F67-LeaderElection9] INFO  server.RaftServerConfigKeys (ConfUtils.java:logGet(46)) - raft.server.write.element-limit = 1024 (custom)
2022-09-01 11:51:11,516 [19f1ba4d-0ac4-417a-a768-c4a6f2a4cb21@group-0BBC7BF12F67-LeaderElection9] INFO  server.RaftServerConfigKeys (ConfUtils.java:logGet(46)) - raft.server.write.follower.gap.ratio.max = -1.0 (default)
2022-09-01 11:51:11,517 [EventQueue-PipelineReportForPipelineReportHandler] INFO  pipeline.PipelineManagerImpl (PipelineManagerImpl.java:openPipeline(367)) - Pipeline Pipeline[ Id: a2a432df-31b3-4847-b515-0bbc7bf12f67, Nodes: 53230697-4daa-462d-80e4-75ca566b1cfd{ip: 127.0.0.1, host: localhost, ports: [REPLICATION=40437, RATIS=39827, RATIS_ADMIN=39827, RATIS_SERVER=39827, STANDALONE=35517], networkLocation: /default-rack, certSerialId: null, persistedOpState: IN_SERVICE, persistedOpStateExpiryEpochSec: 0}953192fd-2d2b-4a2c-9bab-3b1036121bcc{ip: 127.0.0.1, host: localhost, ports: [REPLICATION=39523, RATIS=45107, RATIS_ADMIN=45107, RATIS_SERVER=45107, STANDALONE=33643], networkLocation: /default-rack, certSerialId: null, persistedOpState: IN_SERVICE, persistedOpStateExpiryEpochSec: 0}19f1ba4d-0ac4-417a-a768-c4a6f2a4cb21{ip: 127.0.0.1, host: localhost, ports: [REPLICATION=43663, RATIS=36057, RATIS_ADMIN=36057, RATIS_SERVER=36057, STANDALONE=37635], networkLocation: /default-rack, certSerialId: null, persistedOpState: IN_SERVICE, persistedOpStateExpiryEpochSec: 0}, ReplicationConfig: RATIS/THREE, State:ALLOCATED, leaderId:19f1ba4d-0ac4-417a-a768-c4a6f2a4cb21, CreationTimestamp2022-09-01T11:51:04.022Z[Etc/UTC]] moved to OPEN state
2022-09-01 11:51:11,520 [EventQueue-PipelineReportForPipelineReportHandler] INFO  pipeline.PipelineManagerImpl (PipelineManagerImpl.java:openPipeline(367)) - Pipeline Pipeline[ Id: a2a432df-31b3-4847-b515-0bbc7bf12f67, Nodes: 53230697-4daa-462d-80e4-75ca566b1cfd{ip: 127.0.0.1, host: localhost, ports: [REPLICATION=40437, RATIS=39827, RATIS_ADMIN=39827, RATIS_SERVER=39827, STANDALONE=35517], networkLocation: /default-rack, certSerialId: null, persistedOpState: IN_SERVICE, persistedOpStateExpiryEpochSec: 0}953192fd-2d2b-4a2c-9bab-3b1036121bcc{ip: 127.0.0.1, host: localhost, ports: [REPLICATION=39523, RATIS=45107, RATIS_ADMIN=45107, RATIS_SERVER=45107, STANDALONE=33643], networkLocation: /default-rack, certSerialId: null, persistedOpState: IN_SERVICE, persistedOpStateExpiryEpochSec: 0}19f1ba4d-0ac4-417a-a768-c4a6f2a4cb21{ip: 127.0.0.1, host: localhost, ports: [REPLICATION=43663, RATIS=36057, RATIS_ADMIN=36057, RATIS_SERVER=36057, STANDALONE=37635], networkLocation: /default-rack, certSerialId: null, persistedOpState: IN_SERVICE, persistedOpStateExpiryEpochSec: 0}, ReplicationConfig: RATIS/THREE, State:ALLOCATED, leaderId:19f1ba4d-0ac4-417a-a768-c4a6f2a4cb21, CreationTimestamp2022-09-01T11:51:04.022Z[Etc/UTC]] moved to OPEN state
2022-09-01 11:51:11,521 [grpc-default-executor-0] INFO  server.RaftServer$Division (RaftServerImpl.java:requestVote(1152)) - 953192fd-2d2b-4a2c-9bab-3b1036121bcc@group-0BBC7BF12F67: receive requestVote(ELECTION, 53230697-4daa-462d-80e4-75ca566b1cfd, group-0BBC7BF12F67, 1, (t:0, i:0))
2022-09-01 11:51:11,524 [19f1ba4d-0ac4-417a-a768-c4a6f2a4cb21@group-0BBC7BF12F67-LeaderElection9] INFO  server.RaftServerConfigKeys (ConfUtils.java:logGet(46)) - raft.server.log.appender.snapshot.chunk.size.max = 16MB (=16777216) (default)
2022-09-01 11:51:11,525 [19f1ba4d-0ac4-417a-a768-c4a6f2a4cb21@group-0BBC7BF12F67-LeaderElection9] INFO  server.RaftServerConfigKeys (ConfUtils.java:logGet(46)) - raft.server.log.appender.buffer.byte-limit = 33554432 (custom)
2022-09-01 11:51:11,525 [19f1ba4d-0ac4-417a-a768-c4a6f2a4cb21@group-0BBC7BF12F67-LeaderElection9] INFO  server.RaftServerConfigKeys (ConfUtils.java:logGet(46)) - raft.server.log.appender.buffer.element-limit = 1 (custom)
2022-09-01 11:51:11,525 [19f1ba4d-0ac4-417a-a768-c4a6f2a4cb21@group-0BBC7BF12F67-LeaderElection9] INFO  grpc.GrpcConfigKeys (ConfUtils.java:logGet(46)) - raft.grpc.server.leader.outstanding.appends.max = 128 (default)
2022-09-01 11:51:11,525 [19f1ba4d-0ac4-417a-a768-c4a6f2a4cb21@group-0BBC7BF12F67-LeaderElection9] INFO  server.RaftServerConfigKeys (ConfUtils.java:logGet(46)) - raft.server.rpc.request.timeout = 60s (custom)
2022-09-01 11:51:11,525 [19f1ba4d-0ac4-417a-a768-c4a6f2a4cb21@group-0BBC7BF12F67-LeaderElection9] INFO  server.RaftServerConfigKeys (ConfUtils.java:logGet(46)) - raft.server.log.appender.install.snapshot.enabled = false (custom)
2022-09-01 11:51:11,524 [grpc-default-executor-0] INFO  impl.VoteContext (VoteContext.java:log(48)) - 953192fd-2d2b-4a2c-9bab-3b1036121bcc@group-0BBC7BF12F67-FOLLOWER: reject ELECTION from 53230697-4daa-462d-80e4-75ca566b1cfd: already has voted for 19f1ba4d-0ac4-417a-a768-c4a6f2a4cb21 at current term 1
2022-09-01 11:51:11,527 [grpc-default-executor-0] INFO  server.RaftServer$Division (RaftServerImpl.java:requestVote(1184)) - 953192fd-2d2b-4a2c-9bab-3b1036121bcc@group-0BBC7BF12F67 replies to ELECTION vote request: 53230697-4daa-462d-80e4-75ca566b1cfd<-953192fd-2d2b-4a2c-9bab-3b1036121bcc#0:FAIL-t1. Peer's state: 953192fd-2d2b-4a2c-9bab-3b1036121bcc@group-0BBC7BF12F67:t1, leader=null, voted=19f1ba4d-0ac4-417a-a768-c4a6f2a4cb21, raftlog=953192fd-2d2b-4a2c-9bab-3b1036121bcc@group-0BBC7BF12F67-SegmentedRaftLog:OPENED:c-1, conf=-1: [953192fd-2d2b-4a2c-9bab-3b1036121bcc|rpc:127.0.0.1:45107|dataStream:|priority:0, 19f1ba4d-0ac4-417a-a768-c4a6f2a4cb21|rpc:127.0.0.1:36057|dataStream:|priority:1, 53230697-4daa-462d-80e4-75ca566b1cfd|rpc:127.0.0.1:39827|dataStream:|priority:0], old=null
2022-09-01 11:51:11,525 [EventQueue-OpenPipelineForHealthyPipelineSafeModeRule] INFO  safemode.SCMSafeModeManager (HealthyPipelineSafeModeRule.java:process(137)) - SCM in safe mode. Healthy pipelines reported count is 0, required healthy pipeline reported count is 1
2022-09-01 11:51:11,528 [EventQueue-PipelineReportForPipelineReportHandler] INFO  pipeline.PipelineManagerImpl (PipelineManagerImpl.java:openPipeline(367)) - Pipeline Pipeline[ Id: a2a432df-31b3-4847-b515-0bbc7bf12f67, Nodes: 53230697-4daa-462d-80e4-75ca566b1cfd{ip: 127.0.0.1, host: localhost, ports: [REPLICATION=40437, RATIS=39827, RATIS_ADMIN=39827, RATIS_SERVER=39827, STANDALONE=35517], networkLocation: /default-rack, certSerialId: null, persistedOpState: IN_SERVICE, persistedOpStateExpiryEpochSec: 0}953192fd-2d2b-4a2c-9bab-3b1036121bcc{ip: 127.0.0.1, host: localhost, ports: [REPLICATION=39523, RATIS=45107, RATIS_ADMIN=45107, RATIS_SERVER=45107, STANDALONE=33643], networkLocation: /default-rack, certSerialId: null, persistedOpState: IN_SERVICE, persistedOpStateExpiryEpochSec: 0}19f1ba4d-0ac4-417a-a768-c4a6f2a4cb21{ip: 127.0.0.1, host: localhost, ports: [REPLICATION=43663, RATIS=36057, RATIS_ADMIN=36057, RATIS_SERVER=36057, STANDALONE=37635], networkLocation: /default-rack, certSerialId: null, persistedOpState: IN_SERVICE, persistedOpStateExpiryEpochSec: 0}, ReplicationConfig: RATIS/THREE, State:ALLOCATED, leaderId:19f1ba4d-0ac4-417a-a768-c4a6f2a4cb21, CreationTimestamp2022-09-01T11:51:04.022Z[Etc/UTC]] moved to OPEN state
2022-09-01 11:51:11,530 [EventQueue-OpenPipelineForHealthyPipelineSafeModeRule] INFO  safemode.SCMSafeModeManager (HealthyPipelineSafeModeRule.java:process(137)) - SCM in safe mode. Healthy pipelines reported count is 0, required healthy pipeline reported count is 1
2022-09-01 11:51:11,532 [19f1ba4d-0ac4-417a-a768-c4a6f2a4cb21@group-0BBC7BF12F67-LeaderElection9] INFO  server.RaftServerConfigKeys (ConfUtils.java:logGet(46)) - raft.server.log.appender.snapshot.chunk.size.max = 16MB (=16777216) (default)
2022-09-01 11:51:11,532 [19f1ba4d-0ac4-417a-a768-c4a6f2a4cb21@group-0BBC7BF12F67-LeaderElection9] INFO  server.RaftServerConfigKeys (ConfUtils.java:logGet(46)) - raft.server.log.appender.buffer.byte-limit = 33554432 (custom)
2022-09-01 11:51:11,532 [19f1ba4d-0ac4-417a-a768-c4a6f2a4cb21@group-0BBC7BF12F67-LeaderElection9] INFO  server.RaftServerConfigKeys (ConfUtils.java:logGet(46)) - raft.server.log.appender.buffer.element-limit = 1 (custom)
2022-09-01 11:51:11,534 [19f1ba4d-0ac4-417a-a768-c4a6f2a4cb21@group-0BBC7BF12F67-LeaderElection9] INFO  grpc.GrpcConfigKeys (ConfUtils.java:logGet(46)) - raft.grpc.server.leader.outstanding.appends.max = 128 (default)
2022-09-01 11:51:11,534 [19f1ba4d-0ac4-417a-a768-c4a6f2a4cb21@group-0BBC7BF12F67-LeaderElection9] INFO  server.RaftServerConfigKeys (ConfUtils.java:logGet(46)) - raft.server.rpc.request.timeout = 60s (custom)
2022-09-01 11:51:11,534 [19f1ba4d-0ac4-417a-a768-c4a6f2a4cb21@group-0BBC7BF12F67-LeaderElection9] INFO  server.RaftServerConfigKeys (ConfUtils.java:logGet(46)) - raft.server.log.appender.install.snapshot.enabled = false (custom)
2022-09-01 11:51:11,536 [76b5452b-5401-496a-924e-e3833b3fb27e@group-1ED43301BCE6-StateMachineUpdater] INFO  safemode.HealthyPipelineSafeModeRule (HealthyPipelineSafeModeRule.java:initializeRule(165)) - Refreshed total pipeline count is 1, healthy pipeline threshold count is 1
2022-09-01 11:51:11,537 [EventQueue-OpenPipelineForHealthyPipelineSafeModeRule] INFO  safemode.SCMSafeModeManager (HealthyPipelineSafeModeRule.java:process(137)) - SCM in safe mode. Healthy pipelines reported count is 1, required healthy pipeline reported count is 1
2022-09-01 11:51:11,537 [EventQueue-OpenPipelineForHealthyPipelineSafeModeRule] INFO  safemode.SCMSafeModeManager (SCMSafeModeManager.java:validateSafeModeExitRules(204)) - HealthyPipelineSafeModeRule rule is successfully validated
2022-09-01 11:51:11,537 [EventQueue-OpenPipelineForHealthyPipelineSafeModeRule] INFO  safemode.SCMSafeModeManager (SCMSafeModeManager.java:validateSafeModeExitRules(219)) - ScmSafeModeManager, all rules are successfully validated
2022-09-01 11:51:11,537 [EventQueue-OpenPipelineForHealthyPipelineSafeModeRule] INFO  safemode.SCMSafeModeManager (SCMSafeModeManager.java:exitSafeMode(248)) - SCM exiting safe mode.
2022-09-01 11:51:11,537 [EventQueue-OpenPipelineForHealthyPipelineSafeModeRule] WARN  events.EventQueue (EventQueue.java:fireEvent(216)) - No event handler registered for event TypedEvent{payloadType=SafeModeStatus, name='Safe mode status'}
2022-09-01 11:51:11,537 [EventQueue-OpenPipelineForHealthyPipelineSafeModeRule] INFO  ha.SCMContext (SCMContext.java:updateSafeModeStatus(228)) - Update SafeModeStatus from SafeModeStatus{safeModeStatus=true, preCheckPassed=true} to SafeModeStatus{safeModeStatus=false, preCheckPassed=true}.
2022-09-01 11:51:11,537 [EventQueue-OpenPipelineForHealthyPipelineSafeModeRule] INFO  BackgroundPipelineScrubber (BackgroundSCMService.java:notifyStatusChanged(82)) - Service BackgroundPipelineScrubber transitions to RUNNING.
2022-09-01 11:51:11,537 [EventQueue-OpenPipelineForHealthyPipelineSafeModeRule] INFO  ExpiredContainerReplicaOpScrubber (BackgroundSCMService.java:notifyStatusChanged(82)) - Service ExpiredContainerReplicaOpScrubber transitions to RUNNING.
2022-09-01 11:51:11,537 [EventQueue-OpenPipelineForHealthyPipelineSafeModeRule] INFO  UnderReplicatedQueueThread (BackgroundSCMService.java:notifyStatusChanged(82)) - Service UnderReplicatedQueueThread transitions to RUNNING.
2022-09-01 11:51:11,537 [EventQueue-OpenPipelineForHealthyPipelineSafeModeRule] INFO  OverReplicatedQueueThread (BackgroundSCMService.java:notifyStatusChanged(82)) - Service OverReplicatedQueueThread transitions to RUNNING.
2022-09-01 11:51:11,537 [EventQueue-OpenPipelineForHealthyPipelineSafeModeRule] INFO  replication.ReplicationManager (ReplicationManager.java:notifyStatusChanged(764)) - Service ReplicationManager transitions to RUNNING.
2022-09-01 11:51:11,538 [19f1ba4d-0ac4-417a-a768-c4a6f2a4cb21@group-0BBC7BF12F67-LeaderElection9] INFO  impl.RoleInfo (RoleInfo.java:updateAndGet(139)) - 19f1ba4d-0ac4-417a-a768-c4a6f2a4cb21: start 19f1ba4d-0ac4-417a-a768-c4a6f2a4cb21@group-0BBC7BF12F67-LeaderStateImpl
2022-09-01 11:51:11,538 [19f1ba4d-0ac4-417a-a768-c4a6f2a4cb21@group-0BBC7BF12F67-LeaderElection9] INFO  segmented.SegmentedRaftLogWorker (SegmentedRaftLogWorker.java:startLogSegment(425)) - 19f1ba4d-0ac4-417a-a768-c4a6f2a4cb21@group-0BBC7BF12F67-SegmentedRaftLogWorker: Starting segment from index:0
2022-09-01 11:51:11,541 [19f1ba4d-0ac4-417a-a768-c4a6f2a4cb21@group-0BBC7BF12F67-SegmentedRaftLogWorker] INFO  segmented.SegmentedRaftLogWorker (SegmentedRaftLogWorker.java:execute(629)) - 19f1ba4d-0ac4-417a-a768-c4a6f2a4cb21@group-0BBC7BF12F67-SegmentedRaftLogWorker: created new log segment /home/runner/work/ozone/ozone/hadoop-ozone/integration-test/target/test-dir/MiniOzoneClusterImpl-a1c451f0-9b10-458f-87dd-1ed43301bce6/datanode-0/data/ratis/a2a432df-31b3-4847-b515-0bbc7bf12f67/current/log_inprogress_0
2022-09-01 11:51:11,546 [5ae0c8ef-e091-4d1b-9d6c-68c2daa287ce@group-1ED43301BCE6-StateMachineUpdater] INFO  safemode.HealthyPipelineSafeModeRule (HealthyPipelineSafeModeRule.java:initializeRule(165)) - Refreshed total pipeline count is 1, healthy pipeline threshold count is 1
2022-09-01 11:51:11,548 [19f1ba4d-0ac4-417a-a768-c4a6f2a4cb21@group-0BBC7BF12F67-LeaderElection9] INFO  server.RaftServer$Division (ServerState.java:setRaftConf(393)) - 19f1ba4d-0ac4-417a-a768-c4a6f2a4cb21@group-0BBC7BF12F67: set configuration 0: [953192fd-2d2b-4a2c-9bab-3b1036121bcc|rpc:127.0.0.1:45107|dataStream:|priority:0, 19f1ba4d-0ac4-417a-a768-c4a6f2a4cb21|rpc:127.0.0.1:36057|dataStream:|priority:1, 53230697-4daa-462d-80e4-75ca566b1cfd|rpc:127.0.0.1:39827|dataStream:|priority:0], old=null
2022-09-01 11:51:11,549 [56131482-92e3-4731-b18b-d0972f1f7686@group-1ED43301BCE6-StateMachineUpdater] INFO  safemode.HealthyPipelineSafeModeRule (HealthyPipelineSafeModeRule.java:initializeRule(165)) - Refreshed total pipeline count is 1, healthy pipeline threshold count is 1
2022-09-01 11:51:11,551 [EventQueue-OpenPipelineForHealthyPipelineSafeModeRule] WARN  balancer.ContainerBalancer (ContainerBalancer.java:shouldRun(925)) - Could not find persisted configuration for ContainerBalancer when checking if ContainerBalancer should run. ContainerBalancer should not run now.
2022-09-01 11:51:11,553 [53230697-4daa-462d-80e4-75ca566b1cfd-server-thread1] INFO  ratis.XceiverServerRatis (XceiverServerRatis.java:handleLeaderChangedNotification(863)) - Leader change notification received for group: group-0BBC7BF12F67 with new leaderId: 19f1ba4d-0ac4-417a-a768-c4a6f2a4cb21
2022-09-01 11:51:11,553 [53230697-4daa-462d-80e4-75ca566b1cfd-server-thread1] INFO  server.RaftServer$Division (ServerState.java:setLeader(287)) - 53230697-4daa-462d-80e4-75ca566b1cfd@group-0BBC7BF12F67: change Leader from null to 19f1ba4d-0ac4-417a-a768-c4a6f2a4cb21 at term 1 for appendEntries, leader elected after 5113ms
2022-09-01 11:51:11,563 [53230697-4daa-462d-80e4-75ca566b1cfd-server-thread1] INFO  server.RaftServer$Division (ServerState.java:setRaftConf(393)) - 53230697-4daa-462d-80e4-75ca566b1cfd@group-0BBC7BF12F67: set configuration 0: [953192fd-2d2b-4a2c-9bab-3b1036121bcc|rpc:127.0.0.1:45107|dataStream:|priority:0, 19f1ba4d-0ac4-417a-a768-c4a6f2a4cb21|rpc:127.0.0.1:36057|dataStream:|priority:1, 53230697-4daa-462d-80e4-75ca566b1cfd|rpc:127.0.0.1:39827|dataStream:|priority:0], old=null
2022-09-01 11:51:11,563 [53230697-4daa-462d-80e4-75ca566b1cfd-server-thread1] INFO  segmented.SegmentedRaftLogWorker (SegmentedRaftLogWorker.java:startLogSegment(425)) - 53230697-4daa-462d-80e4-75ca566b1cfd@group-0BBC7BF12F67-SegmentedRaftLogWorker: Starting segment from index:0
2022-09-01 11:51:11,566 [953192fd-2d2b-4a2c-9bab-3b1036121bcc-server-thread1] INFO  ratis.XceiverServerRatis (XceiverServerRatis.java:handleLeaderChangedNotification(863)) - Leader change notification received for group: group-0BBC7BF12F67 with new leaderId: 19f1ba4d-0ac4-417a-a768-c4a6f2a4cb21
2022-09-01 11:51:11,566 [953192fd-2d2b-4a2c-9bab-3b1036121bcc-server-thread1] INFO  server.RaftServer$Division (ServerState.java:setLeader(287)) - 953192fd-2d2b-4a2c-9bab-3b1036121bcc@group-0BBC7BF12F67: change Leader from null to 19f1ba4d-0ac4-417a-a768-c4a6f2a4cb21 at term 1 for appendEntries, leader elected after 5057ms
2022-09-01 11:51:11,568 [53230697-4daa-462d-80e4-75ca566b1cfd@group-0BBC7BF12F67-SegmentedRaftLogWorker] INFO  segmented.SegmentedRaftLogWorker (SegmentedRaftLogWorker.java:execute(629)) - 53230697-4daa-462d-80e4-75ca566b1cfd@group-0BBC7BF12F67-SegmentedRaftLogWorker: created new log segment /home/runner/work/ozone/ozone/hadoop-ozone/integration-test/target/test-dir/MiniOzoneClusterImpl-a1c451f0-9b10-458f-87dd-1ed43301bce6/datanode-2/data/ratis/a2a432df-31b3-4847-b515-0bbc7bf12f67/current/log_inprogress_0
2022-09-01 11:51:11,575 [953192fd-2d2b-4a2c-9bab-3b1036121bcc-server-thread2] INFO  server.RaftServer$Division (ServerState.java:setRaftConf(393)) - 953192fd-2d2b-4a2c-9bab-3b1036121bcc@group-0BBC7BF12F67: set configuration 0: [953192fd-2d2b-4a2c-9bab-3b1036121bcc|rpc:127.0.0.1:45107|dataStream:|priority:0, 19f1ba4d-0ac4-417a-a768-c4a6f2a4cb21|rpc:127.0.0.1:36057|dataStream:|priority:1, 53230697-4daa-462d-80e4-75ca566b1cfd|rpc:127.0.0.1:39827|dataStream:|priority:0], old=null
2022-09-01 11:51:11,575 [19f1ba4d-0ac4-417a-a768-c4a6f2a4cb21@group-BBBFE33D87BA-FollowerState] INFO  impl.FollowerState (FollowerState.java:run(143)) - 19f1ba4d-0ac4-417a-a768-c4a6f2a4cb21@group-BBBFE33D87BA-FollowerState: change to CANDIDATE, lastRpcElapsedTime:5020683267ns, electionTimeout:5017ms
2022-09-01 11:51:11,576 [953192fd-2d2b-4a2c-9bab-3b1036121bcc-server-thread2] INFO  segmented.SegmentedRaftLogWorker (SegmentedRaftLogWorker.java:startLogSegment(425)) - 953192fd-2d2b-4a2c-9bab-3b1036121bcc@group-0BBC7BF12F67-SegmentedRaftLogWorker: Starting segment from index:0
2022-09-01 11:51:11,576 [19f1ba4d-0ac4-417a-a768-c4a6f2a4cb21@group-BBBFE33D87BA-FollowerState] INFO  impl.RoleInfo (RoleInfo.java:shutdownFollowerState(110)) - 19f1ba4d-0ac4-417a-a768-c4a6f2a4cb21: shutdown 19f1ba4d-0ac4-417a-a768-c4a6f2a4cb21@group-BBBFE33D87BA-FollowerState
2022-09-01 11:51:11,577 [19f1ba4d-0ac4-417a-a768-c4a6f2a4cb21@group-BBBFE33D87BA-FollowerState] INFO  server.RaftServer$Division (RaftServerImpl.java:setRole(299)) - 19f1ba4d-0ac4-417a-a768-c4a6f2a4cb21@group-BBBFE33D87BA: changes role from  FOLLOWER to CANDIDATE at term 0 for changeToCandidate
2022-09-01 11:51:11,577 [19f1ba4d-0ac4-417a-a768-c4a6f2a4cb21@group-BBBFE33D87BA-FollowerState] INFO  server.RaftServerConfigKeys (ConfUtils.java:logGet(46)) - raft.server.leaderelection.pre-vote = false (custom)
2022-09-01 11:51:11,577 [19f1ba4d-0ac4-417a-a768-c4a6f2a4cb21@group-BBBFE33D87BA-FollowerState] INFO  impl.RoleInfo (RoleInfo.java:updateAndGet(139)) - 19f1ba4d-0ac4-417a-a768-c4a6f2a4cb21: start 19f1ba4d-0ac4-417a-a768-c4a6f2a4cb21@group-BBBFE33D87BA-LeaderElection11
2022-09-01 11:51:11,579 [953192fd-2d2b-4a2c-9bab-3b1036121bcc@group-0BBC7BF12F67-SegmentedRaftLogWorker] INFO  segmented.SegmentedRaftLogWorker (SegmentedRaftLogWorker.java:execute(629)) - 953192fd-2d2b-4a2c-9bab-3b1036121bcc@group-0BBC7BF12F67-SegmentedRaftLogWorker: created new log segment /home/runner/work/ozone/ozone/hadoop-ozone/integration-test/target/test-dir/MiniOzoneClusterImpl-a1c451f0-9b10-458f-87dd-1ed43301bce6/datanode-1/data/ratis/a2a432df-31b3-4847-b515-0bbc7bf12f67/current/log_inprogress_0
2022-09-01 11:51:11,581 [19f1ba4d-0ac4-417a-a768-c4a6f2a4cb21@group-BBBFE33D87BA-LeaderElection11] INFO  impl.LeaderElection (LeaderElection.java:askForVotes(310)) - 19f1ba4d-0ac4-417a-a768-c4a6f2a4cb21@group-BBBFE33D87BA-LeaderElection11 ELECTION round 0: submit vote requests at term 1 for -1: [953192fd-2d2b-4a2c-9bab-3b1036121bcc|rpc:127.0.0.1:45107|priority:0, 19f1ba4d-0ac4-417a-a768-c4a6f2a4cb21|rpc:127.0.0.1:36057|priority:0, 53230697-4daa-462d-80e4-75ca566b1cfd|rpc:127.0.0.1:39827|priority:1], old=null
2022-09-01 11:51:11,587 [grpc-default-executor-3] INFO  server.RaftServer$Division (RaftServerImpl.java:requestVote(1152)) - 953192fd-2d2b-4a2c-9bab-3b1036121bcc@group-BBBFE33D87BA: receive requestVote(ELECTION, 19f1ba4d-0ac4-417a-a768-c4a6f2a4cb21, group-BBBFE33D87BA, 1, (t:0, i:0))
2022-09-01 11:51:11,587 [grpc-default-executor-3] INFO  impl.VoteContext (VoteContext.java:log(48)) - 953192fd-2d2b-4a2c-9bab-3b1036121bcc@group-BBBFE33D87BA-FOLLOWER: accept ELECTION from 19f1ba4d-0ac4-417a-a768-c4a6f2a4cb21: our priority 0 <= candidate's priority 0
2022-09-01 11:51:11,587 [grpc-default-executor-3] INFO  server.RaftServer$Division (RaftServerImpl.java:setRole(299)) - 953192fd-2d2b-4a2c-9bab-3b1036121bcc@group-BBBFE33D87BA: changes role from  FOLLOWER to FOLLOWER at term 1 for candidate:19f1ba4d-0ac4-417a-a768-c4a6f2a4cb21
2022-09-01 11:51:11,587 [grpc-default-executor-3] INFO  impl.RoleInfo (RoleInfo.java:shutdownFollowerState(110)) - 953192fd-2d2b-4a2c-9bab-3b1036121bcc: shutdown 953192fd-2d2b-4a2c-9bab-3b1036121bcc@group-BBBFE33D87BA-FollowerState
2022-09-01 11:51:11,587 [grpc-default-executor-3] INFO  impl.RoleInfo (RoleInfo.java:updateAndGet(139)) - 953192fd-2d2b-4a2c-9bab-3b1036121bcc: start 953192fd-2d2b-4a2c-9bab-3b1036121bcc@group-BBBFE33D87BA-FollowerState
2022-09-01 11:51:11,587 [953192fd-2d2b-4a2c-9bab-3b1036121bcc@group-BBBFE33D87BA-FollowerState] INFO  impl.FollowerState (FollowerState.java:run(152)) - 953192fd-2d2b-4a2c-9bab-3b1036121bcc@group-BBBFE33D87BA-FollowerState was interrupted
2022-09-01 11:51:11,590 [grpc-default-executor-3] INFO  server.RaftServer$Division (RaftServerImpl.java:requestVote(1184)) - 953192fd-2d2b-4a2c-9bab-3b1036121bcc@group-BBBFE33D87BA replies to ELECTION vote request: 19f1ba4d-0ac4-417a-a768-c4a6f2a4cb21<-953192fd-2d2b-4a2c-9bab-3b1036121bcc#0:OK-t1. Peer's state: 953192fd-2d2b-4a2c-9bab-3b1036121bcc@group-BBBFE33D87BA:t1, leader=null, voted=19f1ba4d-0ac4-417a-a768-c4a6f2a4cb21, raftlog=953192fd-2d2b-4a2c-9bab-3b1036121bcc@group-BBBFE33D87BA-SegmentedRaftLog:OPENED:c-1, conf=-1: [953192fd-2d2b-4a2c-9bab-3b1036121bcc|rpc:127.0.0.1:45107|dataStream:|priority:0, 19f1ba4d-0ac4-417a-a768-c4a6f2a4cb21|rpc:127.0.0.1:36057|dataStream:|priority:0, 53230697-4daa-462d-80e4-75ca566b1cfd|rpc:127.0.0.1:39827|dataStream:|priority:1], old=null
2022-09-01 11:51:11,601 [grpc-default-executor-3] INFO  server.RaftServer$Division (RaftServerImpl.java:requestVote(1152)) - 53230697-4daa-462d-80e4-75ca566b1cfd@group-BBBFE33D87BA: receive requestVote(ELECTION, 19f1ba4d-0ac4-417a-a768-c4a6f2a4cb21, group-BBBFE33D87BA, 1, (t:0, i:0))
2022-09-01 11:51:11,601 [grpc-default-executor-3] INFO  impl.VoteContext (VoteContext.java:log(48)) - 53230697-4daa-462d-80e4-75ca566b1cfd@group-BBBFE33D87BA-FOLLOWER: reject ELECTION from 19f1ba4d-0ac4-417a-a768-c4a6f2a4cb21: our priority 1 > candidate's priority 0
2022-09-01 11:51:11,601 [grpc-default-executor-3] INFO  server.RaftServer$Division (RaftServerImpl.java:setRole(299)) - 53230697-4daa-462d-80e4-75ca566b1cfd@group-BBBFE33D87BA: changes role from  FOLLOWER to FOLLOWER at term 1 for candidate:19f1ba4d-0ac4-417a-a768-c4a6f2a4cb21
2022-09-01 11:51:11,602 [grpc-default-executor-3] INFO  impl.RoleInfo (RoleInfo.java:shutdownFollowerState(110)) - 53230697-4daa-462d-80e4-75ca566b1cfd: shutdown 53230697-4daa-462d-80e4-75ca566b1cfd@group-BBBFE33D87BA-FollowerState
2022-09-01 11:51:11,602 [53230697-4daa-462d-80e4-75ca566b1cfd@group-BBBFE33D87BA-FollowerState] INFO  impl.FollowerState (FollowerState.java:run(152)) - 53230697-4daa-462d-80e4-75ca566b1cfd@group-BBBFE33D87BA-FollowerState was interrupted
2022-09-01 11:51:11,602 [grpc-default-executor-3] INFO  impl.RoleInfo (RoleInfo.java:updateAndGet(139)) - 53230697-4daa-462d-80e4-75ca566b1cfd: start 53230697-4daa-462d-80e4-75ca566b1cfd@group-BBBFE33D87BA-FollowerState
2022-09-01 11:51:11,605 [grpc-default-executor-3] INFO  server.RaftServer$Division (RaftServerImpl.java:requestVote(1184)) - 53230697-4daa-462d-80e4-75ca566b1cfd@group-BBBFE33D87BA replies to ELECTION vote request: 19f1ba4d-0ac4-417a-a768-c4a6f2a4cb21<-53230697-4daa-462d-80e4-75ca566b1cfd#0:FAIL-t1. Peer's state: 53230697-4daa-462d-80e4-75ca566b1cfd@group-BBBFE33D87BA:t1, leader=null, voted=null, raftlog=53230697-4daa-462d-80e4-75ca566b1cfd@group-BBBFE33D87BA-SegmentedRaftLog:OPENED:c-1, conf=-1: [953192fd-2d2b-4a2c-9bab-3b1036121bcc|rpc:127.0.0.1:45107|dataStream:|priority:0, 19f1ba4d-0ac4-417a-a768-c4a6f2a4cb21|rpc:127.0.0.1:36057|dataStream:|priority:0, 53230697-4daa-462d-80e4-75ca566b1cfd|rpc:127.0.0.1:39827|dataStream:|priority:1], old=null
2022-09-01 11:51:11,607 [19f1ba4d-0ac4-417a-a768-c4a6f2a4cb21@group-BBBFE33D87BA-LeaderElection11] INFO  impl.LeaderElection (LeaderElection.java:logAndReturn(90)) - 19f1ba4d-0ac4-417a-a768-c4a6f2a4cb21@group-BBBFE33D87BA-LeaderElection11: ELECTION REJECTED received 2 response(s) and 0 exception(s):
2022-09-01 11:51:11,607 [19f1ba4d-0ac4-417a-a768-c4a6f2a4cb21@group-BBBFE33D87BA-LeaderElection11] INFO  impl.LeaderElection (LeaderElection.java:logAndReturn(94)) -   Response 0: 19f1ba4d-0ac4-417a-a768-c4a6f2a4cb21<-953192fd-2d2b-4a2c-9bab-3b1036121bcc#0:OK-t1
2022-09-01 11:51:11,607 [19f1ba4d-0ac4-417a-a768-c4a6f2a4cb21@group-BBBFE33D87BA-LeaderElection11] INFO  impl.LeaderElection (LeaderElection.java:logAndReturn(94)) -   Response 1: 19f1ba4d-0ac4-417a-a768-c4a6f2a4cb21<-53230697-4daa-462d-80e4-75ca566b1cfd#0:FAIL-t1
2022-09-01 11:51:11,607 [19f1ba4d-0ac4-417a-a768-c4a6f2a4cb21@group-BBBFE33D87BA-LeaderElection11] INFO  impl.LeaderElection (LeaderElection.java:askForVotes(312)) - 19f1ba4d-0ac4-417a-a768-c4a6f2a4cb21@group-BBBFE33D87BA-LeaderElection11 ELECTION round 0: result REJECTED
2022-09-01 11:51:11,607 [19f1ba4d-0ac4-417a-a768-c4a6f2a4cb21@group-BBBFE33D87BA-LeaderElection11] INFO  server.RaftServer$Division (RaftServerImpl.java:setRole(299)) - 19f1ba4d-0ac4-417a-a768-c4a6f2a4cb21@group-BBBFE33D87BA: changes role from CANDIDATE to FOLLOWER at term 1 for REJECTED
2022-09-01 11:51:11,607 [19f1ba4d-0ac4-417a-a768-c4a6f2a4cb21@group-BBBFE33D87BA-LeaderElection11] INFO  impl.RoleInfo (RoleInfo.java:shutdownLeaderElection(130)) - 19f1ba4d-0ac4-417a-a768-c4a6f2a4cb21: shutdown 19f1ba4d-0ac4-417a-a768-c4a6f2a4cb21@group-BBBFE33D87BA-LeaderElection11
2022-09-01 11:51:11,607 [19f1ba4d-0ac4-417a-a768-c4a6f2a4cb21@group-BBBFE33D87BA-LeaderElection11] INFO  impl.RoleInfo (RoleInfo.java:updateAndGet(139)) - 19f1ba4d-0ac4-417a-a768-c4a6f2a4cb21: start 19f1ba4d-0ac4-417a-a768-c4a6f2a4cb21@group-BBBFE33D87BA-FollowerState
2022-09-01 11:51:11,778 [953192fd-2d2b-4a2c-9bab-3b1036121bcc@group-BF164CD48D00-FollowerState] INFO  impl.FollowerState (FollowerState.java:run(143)) - 953192fd-2d2b-4a2c-9bab-3b1036121bcc@group-BF164CD48D00-FollowerState: change to CANDIDATE, lastRpcElapsedTime:5059015547ns, electionTimeout:5041ms
2022-09-01 11:51:11,778 [953192fd-2d2b-4a2c-9bab-3b1036121bcc@group-BF164CD48D00-FollowerState] INFO  impl.RoleInfo (RoleInfo.java:shutdownFollowerState(110)) - 953192fd-2d2b-4a2c-9bab-3b1036121bcc: shutdown 953192fd-2d2b-4a2c-9bab-3b1036121bcc@group-BF164CD48D00-FollowerState
2022-09-01 11:51:11,778 [953192fd-2d2b-4a2c-9bab-3b1036121bcc@group-BF164CD48D00-FollowerState] INFO  server.RaftServer$Division (RaftServerImpl.java:setRole(299)) - 953192fd-2d2b-4a2c-9bab-3b1036121bcc@group-BF164CD48D00: changes role from  FOLLOWER to CANDIDATE at term 0 for changeToCandidate
2022-09-01 11:51:11,778 [953192fd-2d2b-4a2c-9bab-3b1036121bcc@group-BF164CD48D00-FollowerState] INFO  server.RaftServerConfigKeys (ConfUtils.java:logGet(46)) - raft.server.leaderelection.pre-vote = false (custom)
2022-09-01 11:51:11,778 [953192fd-2d2b-4a2c-9bab-3b1036121bcc@group-BF164CD48D00-FollowerState] INFO  impl.RoleInfo (RoleInfo.java:updateAndGet(139)) - 953192fd-2d2b-4a2c-9bab-3b1036121bcc: start 953192fd-2d2b-4a2c-9bab-3b1036121bcc@group-BF164CD48D00-LeaderElection12
2022-09-01 11:51:11,788 [953192fd-2d2b-4a2c-9bab-3b1036121bcc@group-BF164CD48D00-LeaderElection12] INFO  impl.LeaderElection (LeaderElection.java:askForVotes(310)) - 953192fd-2d2b-4a2c-9bab-3b1036121bcc@group-BF164CD48D00-LeaderElection12 ELECTION round 0: submit vote requests at term 1 for -1: [953192fd-2d2b-4a2c-9bab-3b1036121bcc|rpc:127.0.0.1:45107|priority:1], old=null
2022-09-01 11:51:11,789 [953192fd-2d2b-4a2c-9bab-3b1036121bcc@group-BF164CD48D00-LeaderElection12] INFO  impl.LeaderElection (LeaderElection.java:askForVotes(312)) - 953192fd-2d2b-4a2c-9bab-3b1036121bcc@group-BF164CD48D00-LeaderElection12 ELECTION round 0: result PASSED (term=1)
2022-09-01 11:51:11,789 [953192fd-2d2b-4a2c-9bab-3b1036121bcc@group-BF164CD48D00-LeaderElection12] INFO  impl.RoleInfo (RoleInfo.java:shutdownLeaderElection(130)) - 953192fd-2d2b-4a2c-9bab-3b1036121bcc: shutdown 953192fd-2d2b-4a2c-9bab-3b1036121bcc@group-BF164CD48D00-LeaderElection12
2022-09-01 11:51:11,789 [953192fd-2d2b-4a2c-9bab-3b1036121bcc@group-BF164CD48D00-LeaderElection12] INFO  server.RaftServer$Division (RaftServerImpl.java:setRole(299)) - 953192fd-2d2b-4a2c-9bab-3b1036121bcc@group-BF164CD48D00: changes role from CANDIDATE to LEADER at term 1 for changeToLeader
2022-09-01 11:51:11,789 [953192fd-2d2b-4a2c-9bab-3b1036121bcc@group-BF164CD48D00-LeaderElection12] INFO  ratis.XceiverServerRatis (XceiverServerRatis.java:handleLeaderChangedNotification(863)) - Leader change notification received for group: group-BF164CD48D00 with new leaderId: 953192fd-2d2b-4a2c-9bab-3b1036121bcc
2022-09-01 11:51:11,789 [953192fd-2d2b-4a2c-9bab-3b1036121bcc@group-BF164CD48D00-LeaderElection12] INFO  server.RaftServer$Division (ServerState.java:setLeader(287)) - 953192fd-2d2b-4a2c-9bab-3b1036121bcc@group-BF164CD48D00: change Leader from null to 953192fd-2d2b-4a2c-9bab-3b1036121bcc at term 1 for becomeLeader, leader elected after 5113ms
2022-09-01 11:51:11,789 [953192fd-2d2b-4a2c-9bab-3b1036121bcc@group-BF164CD48D00-LeaderElection12] INFO  server.RaftServerConfigKeys (ConfUtils.java:logGet(46)) - raft.server.staging.catchup.gap = 1000 (default)
2022-09-01 11:51:11,792 [953192fd-2d2b-4a2c-9bab-3b1036121bcc@group-BF164CD48D00-LeaderElection12] INFO  server.RaftServerConfigKeys (ConfUtils.java:logGet(46)) - raft.server.write.element-limit = 1024 (custom)
2022-09-01 11:51:11,792 [953192fd-2d2b-4a2c-9bab-3b1036121bcc@group-BF164CD48D00-LeaderElection12] INFO  server.RaftServerConfigKeys (ConfUtils.java:logGet(46)) - raft.server.write.byte-limit = 1024 M (=1073741824) (custom)
2022-09-01 11:51:11,792 [953192fd-2d2b-4a2c-9bab-3b1036121bcc@group-BF164CD48D00-LeaderElection12] INFO  server.RaftServerConfigKeys (ConfUtils.java:logGet(46)) - raft.server.watch.timeout = 180s (custom)
2022-09-01 11:51:11,792 [953192fd-2d2b-4a2c-9bab-3b1036121bcc@group-BF164CD48D00-LeaderElection12] INFO  server.RaftServerConfigKeys (ConfUtils.java:logGet(46)) - raft.server.watch.timeout.denomination = 1s (default)
2022-09-01 11:51:11,792 [953192fd-2d2b-4a2c-9bab-3b1036121bcc@group-BF164CD48D00-LeaderElection12] INFO  server.RaftServerConfigKeys (ConfUtils.java:logGet(46)) - raft.server.watch.element-limit = 65536 (default)
2022-09-01 11:51:11,792 [953192fd-2d2b-4a2c-9bab-3b1036121bcc@group-BF164CD48D00-LeaderElection12] INFO  server.RaftServerConfigKeys (ConfUtils.java:logGet(46)) - raft.server.write.element-limit = 1024 (custom)
2022-09-01 11:51:11,793 [953192fd-2d2b-4a2c-9bab-3b1036121bcc@group-BF164CD48D00-LeaderElection12] INFO  server.RaftServerConfigKeys (ConfUtils.java:logGet(46)) - raft.server.write.follower.gap.ratio.max = -1.0 (default)
2022-09-01 11:51:11,793 [953192fd-2d2b-4a2c-9bab-3b1036121bcc@group-BF164CD48D00-LeaderElection12] INFO  impl.RoleInfo (RoleInfo.java:updateAndGet(139)) - 953192fd-2d2b-4a2c-9bab-3b1036121bcc: start 953192fd-2d2b-4a2c-9bab-3b1036121bcc@group-BF164CD48D00-LeaderStateImpl
2022-09-01 11:51:11,793 [EventQueue-OpenPipelineForHealthyPipelineSafeModeRule] INFO  safemode.SCMSafeModeManager (HealthyPipelineSafeModeRule.java:process(137)) - SCM in safe mode. Healthy pipelines reported count is 1, required healthy pipeline reported count is 1
2022-09-01 11:51:11,793 [EventQueue-OpenPipelineForHealthyPipelineSafeModeRule] INFO  safemode.SCMSafeModeManager (SCMSafeModeManager.java:validateSafeModeExitRules(204)) - HealthyPipelineSafeModeRule rule is successfully validated
2022-09-01 11:51:11,793 [EventQueue-OpenPipelineForHealthyPipelineSafeModeRule] INFO  safemode.SCMSafeModeManager (SCMSafeModeManager.java:validateSafeModeExitRules(219)) - ScmSafeModeManager, all rules are successfully validated
2022-09-01 11:51:11,793 [EventQueue-OpenPipelineForHealthyPipelineSafeModeRule] INFO  safemode.SCMSafeModeManager (SCMSafeModeManager.java:exitSafeMode(248)) - SCM exiting safe mode.
2022-09-01 11:51:11,793 [953192fd-2d2b-4a2c-9bab-3b1036121bcc@group-BF164CD48D00-LeaderElection12] INFO  segmented.SegmentedRaftLogWorker (SegmentedRaftLogWorker.java:startLogSegment(425)) - 953192fd-2d2b-4a2c-9bab-3b1036121bcc@group-BF164CD48D00-SegmentedRaftLogWorker: Starting segment from index:0
2022-09-01 11:51:11,793 [EventQueue-OpenPipelineForHealthyPipelineSafeModeRule] WARN  events.EventQueue (EventQueue.java:fireEvent(216)) - No event handler registered for event TypedEvent{payloadType=SafeModeStatus, name='Safe mode status'}
2022-09-01 11:51:11,793 [EventQueue-OpenPipelineForHealthyPipelineSafeModeRule] INFO  ha.SCMContext (SCMContext.java:updateSafeModeStatus(228)) - Update SafeModeStatus from SafeModeStatus{safeModeStatus=true, preCheckPassed=true} to SafeModeStatus{safeModeStatus=false, preCheckPassed=true}.
2022-09-01 11:51:11,795 [EventQueue-OpenPipelineForHealthyPipelineSafeModeRule] INFO  safemode.SCMSafeModeManager (HealthyPipelineSafeModeRule.java:process(137)) - SCM in safe mode. Healthy pipelines reported count is 1, required healthy pipeline reported count is 1
2022-09-01 11:51:11,795 [EventQueue-OpenPipelineForHealthyPipelineSafeModeRule] INFO  safemode.SCMSafeModeManager (SCMSafeModeManager.java:validateSafeModeExitRules(204)) - HealthyPipelineSafeModeRule rule is successfully validated
2022-09-01 11:51:11,795 [EventQueue-OpenPipelineForHealthyPipelineSafeModeRule] INFO  safemode.SCMSafeModeManager (SCMSafeModeManager.java:validateSafeModeExitRules(219)) - ScmSafeModeManager, all rules are successfully validated
2022-09-01 11:51:11,795 [EventQueue-OpenPipelineForHealthyPipelineSafeModeRule] INFO  safemode.SCMSafeModeManager (SCMSafeModeManager.java:exitSafeMode(248)) - SCM exiting safe mode.
2022-09-01 11:51:11,795 [EventQueue-OpenPipelineForHealthyPipelineSafeModeRule] WARN  events.EventQueue (EventQueue.java:fireEvent(216)) - No event handler registered for event TypedEvent{payloadType=SafeModeStatus, name='Safe mode status'}
2022-09-01 11:51:11,801 [953192fd-2d2b-4a2c-9bab-3b1036121bcc@group-BF164CD48D00-LeaderElection12] INFO  server.RaftServer$Division (ServerState.java:setRaftConf(393)) - 953192fd-2d2b-4a2c-9bab-3b1036121bcc@group-BF164CD48D00: set configuration 0: [953192fd-2d2b-4a2c-9bab-3b1036121bcc|rpc:127.0.0.1:45107|dataStream:|priority:1], old=null
2022-09-01 11:51:11,801 [EventQueue-OpenPipelineForHealthyPipelineSafeModeRule] INFO  ha.SCMContext (SCMContext.java:updateSafeModeStatus(228)) - Update SafeModeStatus from SafeModeStatus{safeModeStatus=true, preCheckPassed=true} to SafeModeStatus{safeModeStatus=false, preCheckPassed=true}.
2022-09-01 11:51:11,802 [953192fd-2d2b-4a2c-9bab-3b1036121bcc@group-BF164CD48D00-SegmentedRaftLogWorker] INFO  segmented.SegmentedRaftLogWorker (SegmentedRaftLogWorker.java:execute(629)) - 953192fd-2d2b-4a2c-9bab-3b1036121bcc@group-BF164CD48D00-SegmentedRaftLogWorker: created new log segment /home/runner/work/ozone/ozone/hadoop-ozone/integration-test/target/test-dir/MiniOzoneClusterImpl-a1c451f0-9b10-458f-87dd-1ed43301bce6/datanode-1/data/ratis/41dd1771-e2d2-418a-83fe-bf164cd48d00/current/log_inprogress_0
2022-09-01 11:51:11,995 [Listener at 127.0.0.1/40551] INFO  ozone.MiniOzoneClusterImpl (MiniOzoneClusterImpl.java:lambda$waitForClusterToBeReady$0(216)) - Nodes are ready. Got 3 of 3 DN Heartbeats.
2022-09-01 11:51:11,995 [Listener at 127.0.0.1/40551] INFO  ozone.MiniOzoneClusterImpl (MiniOzoneClusterImpl.java:lambda$waitForClusterToBeReady$0(219)) - Cluster exits safe mode
2022-09-01 11:51:11,995 [Listener at 127.0.0.1/40551] INFO  ozone.MiniOzoneClusterImpl (MiniOzoneClusterImpl.java:lambda$waitForClusterToBeReady$0(221)) - SCM became leader
2022-09-01 11:51:12,116 [53230697-4daa-462d-80e4-75ca566b1cfd@group-6CF85882097C-FollowerState] INFO  impl.FollowerState (FollowerState.java:run(143)) - 53230697-4daa-462d-80e4-75ca566b1cfd@group-6CF85882097C-FollowerState: change to CANDIDATE, lastRpcElapsedTime:5091086444ns, electionTimeout:5086ms
2022-09-01 11:51:12,116 [53230697-4daa-462d-80e4-75ca566b1cfd@group-6CF85882097C-FollowerState] INFO  impl.RoleInfo (RoleInfo.java:shutdownFollowerState(110)) - 53230697-4daa-462d-80e4-75ca566b1cfd: shutdown 53230697-4daa-462d-80e4-75ca566b1cfd@group-6CF85882097C-FollowerState
2022-09-01 11:51:12,117 [53230697-4daa-462d-80e4-75ca566b1cfd@group-6CF85882097C-FollowerState] INFO  server.RaftServer$Division (RaftServerImpl.java:setRole(299)) - 53230697-4daa-462d-80e4-75ca566b1cfd@group-6CF85882097C: changes role from  FOLLOWER to CANDIDATE at term 0 for changeToCandidate
2022-09-01 11:51:12,117 [53230697-4daa-462d-80e4-75ca566b1cfd@group-6CF85882097C-FollowerState] INFO  server.RaftServerConfigKeys (ConfUtils.java:logGet(46)) - raft.server.leaderelection.pre-vote = false (custom)
2022-09-01 11:51:12,117 [53230697-4daa-462d-80e4-75ca566b1cfd@group-6CF85882097C-FollowerState] INFO  impl.RoleInfo (RoleInfo.java:updateAndGet(139)) - 53230697-4daa-462d-80e4-75ca566b1cfd: start 53230697-4daa-462d-80e4-75ca566b1cfd@group-6CF85882097C-LeaderElection13
2022-09-01 11:51:12,138 [53230697-4daa-462d-80e4-75ca566b1cfd@group-6CF85882097C-LeaderElection13] INFO  impl.LeaderElection (LeaderElection.java:askForVotes(310)) - 53230697-4daa-462d-80e4-75ca566b1cfd@group-6CF85882097C-LeaderElection13 ELECTION round 0: submit vote requests at term 1 for -1: [53230697-4daa-462d-80e4-75ca566b1cfd|rpc:127.0.0.1:39827|priority:1], old=null
2022-09-01 11:51:12,139 [53230697-4daa-462d-80e4-75ca566b1cfd@group-6CF85882097C-LeaderElection13] INFO  impl.LeaderElection (LeaderElection.java:askForVotes(312)) - 53230697-4daa-462d-80e4-75ca566b1cfd@group-6CF85882097C-LeaderElection13 ELECTION round 0: result PASSED (term=1)
2022-09-01 11:51:12,139 [53230697-4daa-462d-80e4-75ca566b1cfd@group-6CF85882097C-LeaderElection13] INFO  impl.RoleInfo (RoleInfo.java:shutdownLeaderElection(130)) - 53230697-4daa-462d-80e4-75ca566b1cfd: shutdown 53230697-4daa-462d-80e4-75ca566b1cfd@group-6CF85882097C-LeaderElection13
2022-09-01 11:51:12,139 [53230697-4daa-462d-80e4-75ca566b1cfd@group-6CF85882097C-LeaderElection13] INFO  server.RaftServer$Division (RaftServerImpl.java:setRole(299)) - 53230697-4daa-462d-80e4-75ca566b1cfd@group-6CF85882097C: changes role from CANDIDATE to LEADER at term 1 for changeToLeader
2022-09-01 11:51:12,139 [53230697-4daa-462d-80e4-75ca566b1cfd@group-6CF85882097C-LeaderElection13] INFO  ratis.XceiverServerRatis (XceiverServerRatis.java:handleLeaderChangedNotification(863)) - Leader change notification received for group: group-6CF85882097C with new leaderId: 53230697-4daa-462d-80e4-75ca566b1cfd
2022-09-01 11:51:12,139 [53230697-4daa-462d-80e4-75ca566b1cfd@group-6CF85882097C-LeaderElection13] INFO  server.RaftServer$Division (ServerState.java:setLeader(287)) - 53230697-4daa-462d-80e4-75ca566b1cfd@group-6CF85882097C: change Leader from null to 53230697-4daa-462d-80e4-75ca566b1cfd at term 1 for becomeLeader, leader elected after 5130ms
2022-09-01 11:51:12,139 [53230697-4daa-462d-80e4-75ca566b1cfd@group-6CF85882097C-LeaderElection13] INFO  server.RaftServerConfigKeys (ConfUtils.java:logGet(46)) - raft.server.staging.catchup.gap = 1000 (default)
2022-09-01 11:51:12,139 [53230697-4daa-462d-80e4-75ca566b1cfd@group-6CF85882097C-LeaderElection13] INFO  server.RaftServerConfigKeys (ConfUtils.java:logGet(46)) - raft.server.write.element-limit = 1024 (custom)
2022-09-01 11:51:12,139 [53230697-4daa-462d-80e4-75ca566b1cfd@group-6CF85882097C-LeaderElection13] INFO  server.RaftServerConfigKeys (ConfUtils.java:logGet(46)) - raft.server.write.byte-limit = 1024 M (=1073741824) (custom)
2022-09-01 11:51:12,140 [53230697-4daa-462d-80e4-75ca566b1cfd@group-6CF85882097C-LeaderElection13] INFO  server.RaftServerConfigKeys (ConfUtils.java:logGet(46)) - raft.server.watch.timeout = 180s (custom)
2022-09-01 11:51:12,140 [53230697-4daa-462d-80e4-75ca566b1cfd@group-6CF85882097C-LeaderElection13] INFO  server.RaftServerConfigKeys (ConfUtils.java:logGet(46)) - raft.server.watch.timeout.denomination = 1s (default)
2022-09-01 11:51:12,140 [53230697-4daa-462d-80e4-75ca566b1cfd@group-6CF85882097C-LeaderElection13] INFO  server.RaftServerConfigKeys (ConfUtils.java:logGet(46)) - raft.server.watch.element-limit = 65536 (default)
2022-09-01 11:51:12,140 [53230697-4daa-462d-80e4-75ca566b1cfd@group-6CF85882097C-LeaderElection13] INFO  server.RaftServerConfigKeys (ConfUtils.java:logGet(46)) - raft.server.write.element-limit = 1024 (custom)
2022-09-01 11:51:12,140 [53230697-4daa-462d-80e4-75ca566b1cfd@group-6CF85882097C-LeaderElection13] INFO  server.RaftServerConfigKeys (ConfUtils.java:logGet(46)) - raft.server.write.follower.gap.ratio.max = -1.0 (default)
2022-09-01 11:51:12,140 [53230697-4daa-462d-80e4-75ca566b1cfd@group-6CF85882097C-LeaderElection13] INFO  impl.RoleInfo (RoleInfo.java:updateAndGet(139)) - 53230697-4daa-462d-80e4-75ca566b1cfd: start 53230697-4daa-462d-80e4-75ca566b1cfd@group-6CF85882097C-LeaderStateImpl
2022-09-01 11:51:12,141 [53230697-4daa-462d-80e4-75ca566b1cfd@group-6CF85882097C-LeaderElection13] INFO  segmented.SegmentedRaftLogWorker (SegmentedRaftLogWorker.java:startLogSegment(425)) - 53230697-4daa-462d-80e4-75ca566b1cfd@group-6CF85882097C-SegmentedRaftLogWorker: Starting segment from index:0
2022-09-01 11:51:12,148 [53230697-4daa-462d-80e4-75ca566b1cfd@group-6CF85882097C-SegmentedRaftLogWorker] INFO  segmented.SegmentedRaftLogWorker (SegmentedRaftLogWorker.java:execute(629)) - 53230697-4daa-462d-80e4-75ca566b1cfd@group-6CF85882097C-SegmentedRaftLogWorker: created new log segment /home/runner/work/ozone/ozone/hadoop-ozone/integration-test/target/test-dir/MiniOzoneClusterImpl-a1c451f0-9b10-458f-87dd-1ed43301bce6/datanode-2/data/ratis/ec0eea24-4069-46ff-bb98-6cf85882097c/current/log_inprogress_0
2022-09-01 11:51:12,160 [53230697-4daa-462d-80e4-75ca566b1cfd@group-6CF85882097C-LeaderElection13] INFO  server.RaftServer$Division (ServerState.java:setRaftConf(393)) - 53230697-4daa-462d-80e4-75ca566b1cfd@group-6CF85882097C: set configuration 0: [53230697-4daa-462d-80e4-75ca566b1cfd|rpc:127.0.0.1:39827|dataStream:|priority:1], old=null
2022-09-01 11:51:12,561 [IPC Server handler 6 on default port 43033] INFO  ha.SCMNodeInfo (SCMNodeInfo.java:getPort(197)) - ConfigKey ozone.scm.client.address is deprecated, For configuring different ports for each SCM use PortConfigKey ozone.scm.client.port appended with serviceId and nodeId
2022-09-01 11:51:12,561 [IPC Server handler 6 on default port 43033] INFO  ha.SCMNodeInfo (SCMNodeInfo.java:getPort(197)) - ConfigKey ozone.scm.block.client.address is deprecated, For configuring different ports for each SCM use PortConfigKey ozone.scm.block.client.port appended with serviceId and nodeId
2022-09-01 11:51:12,561 [IPC Server handler 6 on default port 43033] INFO  ha.SCMNodeInfo (SCMNodeInfo.java:getPort(197)) - ConfigKey ozone.scm.datanode.address is deprecated, For configuring different ports for each SCM use PortConfigKey ozone.scm.datanode.port appended with serviceId and nodeId
2022-09-01 11:51:12,561 [IPC Server handler 6 on default port 43033] INFO  ha.SCMNodeInfo (SCMNodeInfo.java:getPort(197)) - ConfigKey ozone.scm.client.address is deprecated, For configuring different ports for each SCM use PortConfigKey ozone.scm.client.port appended with serviceId and nodeId
2022-09-01 11:51:12,561 [IPC Server handler 6 on default port 43033] INFO  ha.SCMNodeInfo (SCMNodeInfo.java:getPort(197)) - ConfigKey ozone.scm.block.client.address is deprecated, For configuring different ports for each SCM use PortConfigKey ozone.scm.block.client.port appended with serviceId and nodeId
2022-09-01 11:51:12,561 [IPC Server handler 6 on default port 43033] INFO  ha.SCMNodeInfo (SCMNodeInfo.java:getPort(197)) - ConfigKey ozone.scm.datanode.address is deprecated, For configuring different ports for each SCM use PortConfigKey ozone.scm.datanode.port appended with serviceId and nodeId
2022-09-01 11:51:12,562 [IPC Server handler 6 on default port 43033] INFO  ha.SCMNodeInfo (SCMNodeInfo.java:getPort(197)) - ConfigKey ozone.scm.client.address is deprecated, For configuring different ports for each SCM use PortConfigKey ozone.scm.client.port appended with serviceId and nodeId
2022-09-01 11:51:12,562 [IPC Server handler 6 on default port 43033] INFO  ha.SCMNodeInfo (SCMNodeInfo.java:getPort(197)) - ConfigKey ozone.scm.block.client.address is deprecated, For configuring different ports for each SCM use PortConfigKey ozone.scm.block.client.port appended with serviceId and nodeId
2022-09-01 11:51:12,562 [IPC Server handler 6 on default port 43033] INFO  ha.SCMNodeInfo (SCMNodeInfo.java:getPort(197)) - ConfigKey ozone.scm.datanode.address is deprecated, For configuring different ports for each SCM use PortConfigKey ozone.scm.datanode.port appended with serviceId and nodeId
2022-09-01 11:51:12,577 [Listener at 127.0.0.1/40551] INFO  rpc.RpcClient (RpcClient.java:createVolume(471)) - Creating Volume: b414c810-8fd7-4e76-a907-971900722166, with runner as owner and space quota set to -1 bytes, counts quota set to -1
2022-09-01 11:51:12,615 [OM StateMachine ApplyTransaction Thread - 0] INFO  volume.OMVolumeCreateRequest (OMVolumeCreateRequest.java:validateAndUpdateCache(195)) - created volume:b414c810-8fd7-4e76-a907-971900722166 for user:runner
2022-09-01 11:51:12,617 [OM StateMachine ApplyTransaction Thread - 0] INFO  volume.OMVolumeCreateRequest (OMVolumeCreateRequest.java:validateAndUpdateCache(195)) - created volume:b414c810-8fd7-4e76-a907-971900722166 for user:runner
2022-09-01 11:51:12,620 [OM StateMachine ApplyTransaction Thread - 0] INFO  volume.OMVolumeCreateRequest (OMVolumeCreateRequest.java:validateAndUpdateCache(195)) - created volume:b414c810-8fd7-4e76-a907-971900722166 for user:runner
2022-09-01 11:51:12,657 [Listener at 127.0.0.1/40551] INFO  rpc.RpcClient (RpcClient.java:createBucket(674)) - Creating Bucket: b414c810-8fd7-4e76-a907-971900722166/23d8410a-5747-4ca4-91ab-72b3accb9a67, with server-side default bucket layout, runner as owner, Versioning false, Storage Type set to DISK and Encryption set to false 
2022-09-01 11:51:12,686 [OM StateMachine ApplyTransaction Thread - 0] INFO  bucket.OMBucketCreateRequest (OMBucketCreateRequest.java:validateAndUpdateCache(260)) - created bucket: 23d8410a-5747-4ca4-91ab-72b3accb9a67 of layout LEGACY in volume: b414c810-8fd7-4e76-a907-971900722166
2022-09-01 11:51:12,686 [OM StateMachine ApplyTransaction Thread - 0] INFO  bucket.OMBucketCreateRequest (OMBucketCreateRequest.java:validateAndUpdateCache(260)) - created bucket: 23d8410a-5747-4ca4-91ab-72b3accb9a67 of layout LEGACY in volume: b414c810-8fd7-4e76-a907-971900722166
2022-09-01 11:51:12,687 [Listener at 127.0.0.1/40551] INFO  ozone.MiniOzoneHAClusterImpl (MiniOzoneHAClusterImpl.java:stop(312)) - Stopping the OzoneManager omNode-3
2022-09-01 11:51:12,687 [Listener at 127.0.0.1/40551] INFO  om.OzoneManager (OzoneManager.java:stop(2027)) - omNode-3[localhost:40551]: Stopping Ozone Manager
2022-09-01 11:51:12,687 [Listener at 127.0.0.1/40551] INFO  ipc.Server (Server.java:stop(3414)) - Stopping server on 40551
2022-09-01 11:51:12,695 [IPC Server listener on 40551] INFO  ipc.Server (Server.java:run(1376)) - Stopping IPC Server listener on 40551
2022-09-01 11:51:12,696 [OM StateMachine ApplyTransaction Thread - 0] INFO  bucket.OMBucketCreateRequest (OMBucketCreateRequest.java:validateAndUpdateCache(260)) - created bucket: 23d8410a-5747-4ca4-91ab-72b3accb9a67 of layout LEGACY in volume: b414c810-8fd7-4e76-a907-971900722166
2022-09-01 11:51:12,698 [Listener at 127.0.0.1/40551] INFO  server.RaftServer (RaftServerProxy.java:lambda$close$7(398)) - omNode-3: close
2022-09-01 11:51:12,698 [Listener at 127.0.0.1/40551] INFO  server.RaftServer$Division (RaftServerImpl.java:lambda$close$4(434)) - omNode-3@group-6C22E66A003A: shutdown
2022-09-01 11:51:12,698 [Listener at 127.0.0.1/40551] INFO  util.JmxRegister (JmxRegister.java:unregister(73)) - Successfully un-registered JMX Bean with object name Ratis:service=RaftServer,group=group-6C22E66A003A,id=omNode-3
2022-09-01 11:51:12,699 [Listener at 127.0.0.1/40551] INFO  impl.RoleInfo (RoleInfo.java:shutdownFollowerState(110)) - omNode-3: shutdown omNode-3@group-6C22E66A003A-FollowerState
2022-09-01 11:51:12,699 [Listener at 127.0.0.1/40551] INFO  impl.StateMachineUpdater (StateMachineUpdater.java:stopAndJoin(153)) - omNode-3@group-6C22E66A003A-StateMachineUpdater: set stopIndex = 5
2022-09-01 11:51:12,699 [omNode-3@group-6C22E66A003A-StateMachineUpdater] INFO  ratis.OzoneManagerStateMachine (OzoneManagerStateMachine.java:takeSnapshot(441)) - Current Snapshot Index (t:4, i:5)
2022-09-01 11:51:12,699 [omNode-3@group-6C22E66A003A-FollowerState] INFO  impl.FollowerState (FollowerState.java:run(152)) - omNode-3@group-6C22E66A003A-FollowerState was interrupted
2022-09-01 11:51:12,700 [omNode-3@group-6C22E66A003A-StateMachineUpdater] INFO  impl.StateMachineUpdater (StateMachineUpdater.java:takeSnapshot(287)) - omNode-3@group-6C22E66A003A-StateMachineUpdater: Took a snapshot at index 5
2022-09-01 11:51:12,700 [omNode-3@group-6C22E66A003A-StateMachineUpdater] INFO  impl.StateMachineUpdater (StateMachineUpdater.java:lambda$new$0(92)) - omNode-3@group-6C22E66A003A-StateMachineUpdater: snapshotIndex: updateIncreasingly -1 -> 5
2022-09-01 11:51:12,700 [omNode-3@group-6C22E66A003A-StateMachineUpdater] INFO  ratis.OzoneManagerStateMachine (OzoneManagerStateMachine.java:close(495)) - StateMachine has shutdown. Shutdown OzoneManager if not already shutdown.
2022-09-01 11:51:12,700 [omNode-3@group-6C22E66A003A-StateMachineUpdater] INFO  ratis.OzoneManagerDoubleBuffer (OzoneManagerDoubleBuffer.java:stop(466)) - Stopping OMDoubleBuffer flush thread
2022-09-01 11:51:12,700 [OMDoubleBufferFlushThread] INFO  ratis.OzoneManagerDoubleBuffer (OzoneManagerDoubleBuffer.java:flushTransactions(385)) - OMDoubleBuffer flush thread OMDoubleBufferFlushThread is interrupted and will exit.
2022-09-01 11:51:12,702 [IPC Server Responder] INFO  ipc.Server (Server.java:run(1512)) - Stopping IPC Server Responder
2022-09-01 11:51:12,708 [Listener at 127.0.0.1/40551] INFO  server.RaftServer$Division (ServerState.java:close(429)) - omNode-3@group-6C22E66A003A: closes. applyIndex: 5
2022-09-01 11:51:12,709 [omNode-3@group-6C22E66A003A-SegmentedRaftLogWorker] INFO  segmented.SegmentedRaftLogWorker (SegmentedRaftLogWorker.java:run(336)) - omNode-3@group-6C22E66A003A-SegmentedRaftLogWorker was interrupted, exiting. There are 0 tasks remaining in the queue.
2022-09-01 11:51:12,712 [Listener at 127.0.0.1/40551] INFO  segmented.SegmentedRaftLogWorker (SegmentedRaftLogWorker.java:close(246)) - omNode-3@group-6C22E66A003A-SegmentedRaftLogWorker close()
2022-09-01 11:51:12,714 [Listener at 127.0.0.1/40551] INFO  server.GrpcService (GrpcService.java:closeImpl(269)) - omNode-3: shutdown server with port 34139 now
2022-09-01 11:51:12,723 [grpc-default-executor-0] WARN  server.GrpcServerProtocolService (LogUtils.java:warn(122)) - omNode-3: installSnapshot onError, lastRequest: omNode-2->omNode-3#90-t4,previous=(t:4, i:5),leaderCommit=5,initializing? true,entries: size=1, first=(t:4, i:6), METADATAENTRY(c:5): org.apache.ratis.thirdparty.io.grpc.StatusRuntimeException: CANCELLED: client cancelled
2022-09-01 11:51:12,729 [Listener at 127.0.0.1/40551] INFO  server.GrpcService (GrpcService.java:closeImpl(278)) - omNode-3: shutdown server with port 34139 successfully
2022-09-01 11:51:12,730 [org.apache.ratis.util.JvmPauseMonitor$$Lambda$519/975069640@fae530f] INFO  util.JvmPauseMonitor (JvmPauseMonitor.java:run(109)) - JvmPauseMonitor-omNode-3: Stopped
2022-09-01 11:51:12,731 [Listener at 127.0.0.1/40551] INFO  ratis.OzoneManagerStateMachine (OzoneManagerStateMachine.java:close(495)) - StateMachine has shutdown. Shutdown OzoneManager if not already shutdown.
2022-09-01 11:51:12,731 [Listener at 127.0.0.1/40551] INFO  ratis.OzoneManagerDoubleBuffer (OzoneManagerDoubleBuffer.java:stop(478)) - OMDoubleBuffer flush thread is not running.
2022-09-01 11:51:12,731 [Listener at 127.0.0.1/40551] INFO  utils.BackgroundService (BackgroundService.java:shutdown(141)) - Shutting down service KeyDeletingService
2022-09-01 11:51:12,731 [grpc-default-executor-0] WARN  server.GrpcLogAppender (LogUtils.java:warn(122)) - omNode-2@group-6C22E66A003A->omNode-3-AppendLogResponseHandler: Failed appendEntries: org.apache.ratis.thirdparty.io.grpc.StatusRuntimeException: CANCELLED: RST_STREAM closed stream. HTTP/2 error code: CANCEL
2022-09-01 11:51:12,731 [grpc-default-executor-0] INFO  leader.FollowerInfo (FollowerInfoImpl.java:lambda$new$0(48)) - omNode-2@group-6C22E66A003A->omNode-3: nextIndex: updateUnconditionally 7 -> 6
2022-09-01 11:51:12,731 [Listener at 127.0.0.1/40551] INFO  utils.BackgroundService (BackgroundService.java:shutdown(141)) - Shutting down service DirectoryDeletingService
2022-09-01 11:51:12,732 [Listener at 127.0.0.1/40551] INFO  utils.BackgroundService (BackgroundService.java:shutdown(141)) - Shutting down service OpenKeyCleanupService
2022-09-01 11:51:12,734 [Listener at 127.0.0.1/40551] INFO  handler.ContextHandler (ContextHandler.java:doStop(1153)) - Stopped o.e.j.w.WebAppContext@5edf2d0c{ozoneManager,/,null,STOPPED}{file:/home/runner/work/ozone/ozone/hadoop-ozone/integration-test/target/test-classes/webapps/ozoneManager}
2022-09-01 11:51:12,739 [Listener at 127.0.0.1/40551] INFO  server.AbstractConnector (AbstractConnector.java:doStop(381)) - Stopped ServerConnector@56db378b{HTTP/1.1, (http/1.1)}{0.0.0.0:44569}
2022-09-01 11:51:12,739 [Listener at 127.0.0.1/40551] INFO  server.session (HouseKeeper.java:stopScavenging(149)) - node0 Stopped scavenging
2022-09-01 11:51:12,740 [Listener at 127.0.0.1/40551] INFO  handler.ContextHandler (ContextHandler.java:doStop(1153)) - Stopped o.e.j.s.ServletContextHandler@2765478{static,/static,file:///home/runner/work/ozone/ozone/hadoop-ozone/integration-test/target/test-classes/webapps/static,STOPPED}
2022-09-01 11:51:12,740 [Listener at 127.0.0.1/40551] INFO  handler.ContextHandler (ContextHandler.java:doStop(1153)) - Stopped o.e.j.s.ServletContextHandler@2a29cf61{logs,/logs,file:///home/runner/work/ozone/ozone/hadoop-ozone/integration-test/target/log,STOPPED}
2022-09-01 11:51:12,748 [grpc-default-executor-3] WARN  server.GrpcLogAppender (LogUtils.java:warn(122)) - omNode-2@group-6C22E66A003A->omNode-3-AppendLogResponseHandler: Failed appendEntries: org.apache.ratis.thirdparty.io.grpc.StatusRuntimeException: UNAVAILABLE: io exception
2022-09-01 11:51:12,749 [grpc-default-executor-3] INFO  leader.FollowerInfo (FollowerInfoImpl.java:lambda$new$0(48)) - omNode-2@group-6C22E66A003A->omNode-3: nextIndex: updateUnconditionally 7 -> 6
2022-09-01 11:51:12,749 [Listener at 127.0.0.1/40551] INFO  ozone.MiniOzoneHAClusterImpl (MiniOzoneHAClusterImpl.java:stop(312)) - Stopping the OzoneManager omNode-1
2022-09-01 11:51:12,749 [Listener at 127.0.0.1/40551] INFO  om.OzoneManager (OzoneManager.java:stop(2027)) - omNode-1[localhost:45665]: Stopping Ozone Manager
2022-09-01 11:51:12,751 [Listener at 127.0.0.1/40551] INFO  ipc.Server (Server.java:stop(3414)) - Stopping server on 45665
2022-09-01 11:51:12,757 [IPC Server Responder] INFO  ipc.Server (Server.java:run(1512)) - Stopping IPC Server Responder
2022-09-01 11:51:12,757 [IPC Server listener on 45665] INFO  ipc.Server (Server.java:run(1376)) - Stopping IPC Server listener on 45665
2022-09-01 11:51:12,759 [Listener at 127.0.0.1/40551] INFO  server.RaftServer (RaftServerProxy.java:lambda$close$7(398)) - omNode-1: close
2022-09-01 11:51:12,759 [Listener at 127.0.0.1/40551] INFO  server.RaftServer$Division (RaftServerImpl.java:lambda$close$4(434)) - omNode-1@group-6C22E66A003A: shutdown
2022-09-01 11:51:12,759 [Listener at 127.0.0.1/40551] INFO  util.JmxRegister (JmxRegister.java:unregister(73)) - Successfully un-registered JMX Bean with object name Ratis:service=RaftServer,group=group-6C22E66A003A,id=omNode-1
2022-09-01 11:51:12,759 [Listener at 127.0.0.1/40551] INFO  impl.RoleInfo (RoleInfo.java:shutdownFollowerState(110)) - omNode-1: shutdown omNode-1@group-6C22E66A003A-FollowerState
2022-09-01 11:51:12,759 [Listener at 127.0.0.1/40551] INFO  impl.StateMachineUpdater (StateMachineUpdater.java:stopAndJoin(153)) - omNode-1@group-6C22E66A003A-StateMachineUpdater: set stopIndex = 5
2022-09-01 11:51:12,759 [omNode-1@group-6C22E66A003A-StateMachineUpdater] INFO  ratis.OzoneManagerStateMachine (OzoneManagerStateMachine.java:takeSnapshot(441)) - Current Snapshot Index (t:4, i:5)
2022-09-01 11:51:12,760 [omNode-1@group-6C22E66A003A-StateMachineUpdater] INFO  impl.StateMachineUpdater (StateMachineUpdater.java:takeSnapshot(287)) - omNode-1@group-6C22E66A003A-StateMachineUpdater: Took a snapshot at index 5
2022-09-01 11:51:12,760 [omNode-1@group-6C22E66A003A-StateMachineUpdater] INFO  impl.StateMachineUpdater (StateMachineUpdater.java:lambda$new$0(92)) - omNode-1@group-6C22E66A003A-StateMachineUpdater: snapshotIndex: updateIncreasingly -1 -> 5
2022-09-01 11:51:12,760 [omNode-1@group-6C22E66A003A-StateMachineUpdater] INFO  ratis.OzoneManagerStateMachine (OzoneManagerStateMachine.java:close(495)) - StateMachine has shutdown. Shutdown OzoneManager if not already shutdown.
2022-09-01 11:51:12,760 [omNode-1@group-6C22E66A003A-StateMachineUpdater] INFO  ratis.OzoneManagerDoubleBuffer (OzoneManagerDoubleBuffer.java:stop(466)) - Stopping OMDoubleBuffer flush thread
2022-09-01 11:51:12,760 [OMDoubleBufferFlushThread] INFO  ratis.OzoneManagerDoubleBuffer (OzoneManagerDoubleBuffer.java:flushTransactions(385)) - OMDoubleBuffer flush thread OMDoubleBufferFlushThread is interrupted and will exit.
2022-09-01 11:51:12,759 [omNode-1@group-6C22E66A003A-FollowerState] INFO  impl.FollowerState (FollowerState.java:run(152)) - omNode-1@group-6C22E66A003A-FollowerState was interrupted
2022-09-01 11:51:12,761 [Listener at 127.0.0.1/40551] INFO  server.RaftServer$Division (ServerState.java:close(429)) - omNode-1@group-6C22E66A003A: closes. applyIndex: 5
2022-09-01 11:51:12,762 [omNode-1@group-6C22E66A003A-SegmentedRaftLogWorker] INFO  segmented.SegmentedRaftLogWorker (SegmentedRaftLogWorker.java:run(336)) - omNode-1@group-6C22E66A003A-SegmentedRaftLogWorker was interrupted, exiting. There are 0 tasks remaining in the queue.
2022-09-01 11:51:12,763 [Listener at 127.0.0.1/40551] INFO  segmented.SegmentedRaftLogWorker (SegmentedRaftLogWorker.java:close(246)) - omNode-1@group-6C22E66A003A-SegmentedRaftLogWorker close()
2022-09-01 11:51:12,765 [Listener at 127.0.0.1/40551] INFO  server.GrpcService (GrpcService.java:closeImpl(269)) - omNode-1: shutdown server with port 33865 now
2022-09-01 11:51:12,766 [grpc-default-executor-0] WARN  server.GrpcServerProtocolService (LogUtils.java:warn(122)) - omNode-1: installSnapshot onError, lastRequest: omNode-2->omNode-1#96-t4,previous=(t:4, i:5),leaderCommit=5,initializing? true,entries: size=1, first=(t:4, i:6), METADATAENTRY(c:5): org.apache.ratis.thirdparty.io.grpc.StatusRuntimeException: CANCELLED: client cancelled
2022-09-01 11:51:12,767 [grpc-default-executor-3] WARN  server.GrpcLogAppender (LogUtils.java:warn(122)) - omNode-2@group-6C22E66A003A->omNode-1-AppendLogResponseHandler: Failed appendEntries: org.apache.ratis.thirdparty.io.grpc.StatusRuntimeException: CANCELLED: RST_STREAM closed stream. HTTP/2 error code: CANCEL
2022-09-01 11:51:12,767 [grpc-default-executor-3] INFO  leader.FollowerInfo (FollowerInfoImpl.java:lambda$new$0(48)) - omNode-2@group-6C22E66A003A->omNode-1: nextIndex: updateUnconditionally 7 -> 6
2022-09-01 11:51:12,773 [Listener at 127.0.0.1/40551] INFO  server.GrpcService (GrpcService.java:closeImpl(278)) - omNode-1: shutdown server with port 33865 successfully
2022-09-01 11:51:12,773 [grpc-default-executor-3] WARN  server.GrpcLogAppender (LogUtils.java:warn(122)) - omNode-2@group-6C22E66A003A->omNode-1-AppendLogResponseHandler: Failed appendEntries: org.apache.ratis.thirdparty.io.grpc.StatusRuntimeException: UNAVAILABLE: io exception
2022-09-01 11:51:12,774 [org.apache.ratis.util.JvmPauseMonitor$$Lambda$519/975069640@37aa6008] INFO  util.JvmPauseMonitor (JvmPauseMonitor.java:run(109)) - JvmPauseMonitor-omNode-1: Stopped
2022-09-01 11:51:12,774 [grpc-default-executor-3] INFO  leader.FollowerInfo (FollowerInfoImpl.java:lambda$new$0(48)) - omNode-2@group-6C22E66A003A->omNode-1: nextIndex: updateUnconditionally 7 -> 6
2022-09-01 11:51:12,780 [Listener at 127.0.0.1/40551] INFO  ratis.OzoneManagerStateMachine (OzoneManagerStateMachine.java:close(495)) - StateMachine has shutdown. Shutdown OzoneManager if not already shutdown.
2022-09-01 11:51:12,780 [Listener at 127.0.0.1/40551] INFO  ratis.OzoneManagerDoubleBuffer (OzoneManagerDoubleBuffer.java:stop(478)) - OMDoubleBuffer flush thread is not running.
2022-09-01 11:51:12,780 [Listener at 127.0.0.1/40551] INFO  utils.BackgroundService (BackgroundService.java:shutdown(141)) - Shutting down service KeyDeletingService
2022-09-01 11:51:12,780 [Listener at 127.0.0.1/40551] INFO  utils.BackgroundService (BackgroundService.java:shutdown(141)) - Shutting down service DirectoryDeletingService
2022-09-01 11:51:12,780 [Listener at 127.0.0.1/40551] INFO  utils.BackgroundService (BackgroundService.java:shutdown(141)) - Shutting down service OpenKeyCleanupService
2022-09-01 11:51:12,781 [Listener at 127.0.0.1/40551] INFO  handler.ContextHandler (ContextHandler.java:doStop(1153)) - Stopped o.e.j.w.WebAppContext@23bf3675{ozoneManager,/,null,STOPPED}{file:/home/runner/work/ozone/ozone/hadoop-ozone/integration-test/target/test-classes/webapps/ozoneManager}
2022-09-01 11:51:12,782 [Listener at 127.0.0.1/40551] INFO  server.AbstractConnector (AbstractConnector.java:doStop(381)) - Stopped ServerConnector@8162dbf{HTTP/1.1, (http/1.1)}{0.0.0.0:44771}
2022-09-01 11:51:12,782 [Listener at 127.0.0.1/40551] INFO  server.session (HouseKeeper.java:stopScavenging(149)) - node0 Stopped scavenging
2022-09-01 11:51:12,782 [Listener at 127.0.0.1/40551] INFO  handler.ContextHandler (ContextHandler.java:doStop(1153)) - Stopped o.e.j.s.ServletContextHandler@5cd8ffc6{static,/static,file:///home/runner/work/ozone/ozone/hadoop-ozone/integration-test/target/test-classes/webapps/static,STOPPED}
2022-09-01 11:51:12,782 [Listener at 127.0.0.1/40551] INFO  handler.ContextHandler (ContextHandler.java:doStop(1153)) - Stopped o.e.j.s.ServletContextHandler@5e708650{logs,/logs,file:///home/runner/work/ozone/ozone/hadoop-ozone/integration-test/target/log,STOPPED}
2022-09-01 11:51:12,784 [Listener at 127.0.0.1/40551] INFO  ozone.MiniOzoneHAClusterImpl (MiniOzoneHAClusterImpl.java:stop(312)) - Stopping the OzoneManager omNode-2
2022-09-01 11:51:12,784 [Listener at 127.0.0.1/40551] INFO  om.OzoneManager (OzoneManager.java:stop(2027)) - omNode-2[localhost:43033]: Stopping Ozone Manager
2022-09-01 11:51:12,784 [Listener at 127.0.0.1/40551] INFO  ipc.Server (Server.java:stop(3414)) - Stopping server on 43033
2022-09-01 11:51:12,788 [IPC Server Responder] INFO  ipc.Server (Server.java:run(1512)) - Stopping IPC Server Responder
2022-09-01 11:51:12,788 [IPC Server listener on 43033] INFO  ipc.Server (Server.java:run(1376)) - Stopping IPC Server listener on 43033
2022-09-01 11:51:12,789 [Listener at 127.0.0.1/40551] INFO  server.RaftServer (RaftServerProxy.java:lambda$close$7(398)) - omNode-2: close
2022-09-01 11:51:12,789 [Listener at 127.0.0.1/40551] INFO  server.RaftServer$Division (RaftServerImpl.java:lambda$close$4(434)) - omNode-2@group-6C22E66A003A: shutdown
2022-09-01 11:51:12,792 [Listener at 127.0.0.1/40551] INFO  util.JmxRegister (JmxRegister.java:unregister(73)) - Successfully un-registered JMX Bean with object name Ratis:service=RaftServer,group=group-6C22E66A003A,id=omNode-2
2022-09-01 11:51:12,792 [Listener at 127.0.0.1/40551] INFO  impl.RoleInfo (RoleInfo.java:shutdownLeaderState(93)) - omNode-2: shutdown omNode-2@group-6C22E66A003A-LeaderStateImpl
2022-09-01 11:51:12,792 [omNode-2@group-6C22E66A003A->omNode-3-GrpcLogAppender-LogAppenderDaemon] WARN  server.GrpcLogAppender (GrpcLogAppender.java:mayWait(171)) - omNode-2@group-6C22E66A003A->omNode-3-GrpcLogAppender: Wait interrupted by java.lang.InterruptedException
2022-09-01 11:51:12,792 [Listener at 127.0.0.1/40551] INFO  impl.PendingRequests (PendingRequests.java:sendNotLeaderResponses(282)) - omNode-2@group-6C22E66A003A-PendingRequests: sendNotLeaderResponses
2022-09-01 11:51:12,792 [omNode-2@group-6C22E66A003A->omNode-1-GrpcLogAppender-LogAppenderDaemon] WARN  server.GrpcLogAppender (GrpcLogAppender.java:mayWait(171)) - omNode-2@group-6C22E66A003A->omNode-1-GrpcLogAppender: Wait interrupted by java.lang.InterruptedException
2022-09-01 11:51:12,802 [omNode-2@group-6C22E66A003A-StateMachineUpdater] INFO  ratis.OzoneManagerStateMachine (OzoneManagerStateMachine.java:takeSnapshot(441)) - Current Snapshot Index (t:4, i:6)
2022-09-01 11:51:12,802 [omNode-2@group-6C22E66A003A-StateMachineUpdater] INFO  impl.StateMachineUpdater (StateMachineUpdater.java:takeSnapshot(287)) - omNode-2@group-6C22E66A003A-StateMachineUpdater: Took a snapshot at index 6
2022-09-01 11:51:12,802 [omNode-2@group-6C22E66A003A-StateMachineUpdater] INFO  impl.StateMachineUpdater (StateMachineUpdater.java:lambda$new$0(92)) - omNode-2@group-6C22E66A003A-StateMachineUpdater: snapshotIndex: updateIncreasingly -1 -> 6
2022-09-01 11:51:12,802 [omNode-2@group-6C22E66A003A-StateMachineUpdater] INFO  ratis.OzoneManagerStateMachine (OzoneManagerStateMachine.java:close(495)) - StateMachine has shutdown. Shutdown OzoneManager if not already shutdown.
2022-09-01 11:51:12,802 [omNode-2@group-6C22E66A003A-StateMachineUpdater] INFO  ratis.OzoneManagerDoubleBuffer (OzoneManagerDoubleBuffer.java:stop(466)) - Stopping OMDoubleBuffer flush thread
2022-09-01 11:51:12,802 [Listener at 127.0.0.1/40551] INFO  impl.StateMachineUpdater (StateMachineUpdater.java:stopAndJoin(153)) - omNode-2@group-6C22E66A003A-StateMachineUpdater: set stopIndex = 6
2022-09-01 11:51:12,803 [OMDoubleBufferFlushThread] INFO  ratis.OzoneManagerDoubleBuffer (OzoneManagerDoubleBuffer.java:flushTransactions(385)) - OMDoubleBuffer flush thread OMDoubleBufferFlushThread is interrupted and will exit.
2022-09-01 11:51:12,804 [Listener at 127.0.0.1/40551] INFO  server.RaftServer$Division (ServerState.java:close(429)) - omNode-2@group-6C22E66A003A: closes. applyIndex: 6
2022-09-01 11:51:12,804 [omNode-2@group-6C22E66A003A-SegmentedRaftLogWorker] INFO  segmented.SegmentedRaftLogWorker (SegmentedRaftLogWorker.java:run(336)) - omNode-2@group-6C22E66A003A-SegmentedRaftLogWorker was interrupted, exiting. There are 0 tasks remaining in the queue.
2022-09-01 11:51:12,805 [Listener at 127.0.0.1/40551] INFO  segmented.SegmentedRaftLogWorker (SegmentedRaftLogWorker.java:close(246)) - omNode-2@group-6C22E66A003A-SegmentedRaftLogWorker close()
2022-09-01 11:51:12,807 [Listener at 127.0.0.1/40551] INFO  server.GrpcService (GrpcService.java:closeImpl(269)) - omNode-2: shutdown server with port 46587 now
2022-09-01 11:51:12,811 [Listener at 127.0.0.1/40551] INFO  server.GrpcService (GrpcService.java:closeImpl(278)) - omNode-2: shutdown server with port 46587 successfully
2022-09-01 11:51:12,815 [org.apache.ratis.util.JvmPauseMonitor$$Lambda$519/975069640@1754bbf6] INFO  util.JvmPauseMonitor (JvmPauseMonitor.java:run(109)) - JvmPauseMonitor-omNode-2: Stopped
2022-09-01 11:51:12,815 [Listener at 127.0.0.1/40551] INFO  ratis.OzoneManagerStateMachine (OzoneManagerStateMachine.java:close(495)) - StateMachine has shutdown. Shutdown OzoneManager if not already shutdown.
2022-09-01 11:51:12,815 [Listener at 127.0.0.1/40551] INFO  ratis.OzoneManagerDoubleBuffer (OzoneManagerDoubleBuffer.java:stop(478)) - OMDoubleBuffer flush thread is not running.
2022-09-01 11:51:12,815 [Listener at 127.0.0.1/40551] INFO  utils.BackgroundService (BackgroundService.java:shutdown(141)) - Shutting down service KeyDeletingService
2022-09-01 11:51:12,815 [Listener at 127.0.0.1/40551] INFO  utils.BackgroundService (BackgroundService.java:shutdown(141)) - Shutting down service DirectoryDeletingService
2022-09-01 11:51:12,815 [Listener at 127.0.0.1/40551] INFO  utils.BackgroundService (BackgroundService.java:shutdown(141)) - Shutting down service OpenKeyCleanupService
2022-09-01 11:51:12,816 [Listener at 127.0.0.1/40551] INFO  handler.ContextHandler (ContextHandler.java:doStop(1153)) - Stopped o.e.j.w.WebAppContext@42630138{ozoneManager,/,null,STOPPED}{file:/home/runner/work/ozone/ozone/hadoop-ozone/integration-test/target/test-classes/webapps/ozoneManager}
2022-09-01 11:51:12,817 [Listener at 127.0.0.1/40551] INFO  server.AbstractConnector (AbstractConnector.java:doStop(381)) - Stopped ServerConnector@275ff9bc{HTTP/1.1, (http/1.1)}{0.0.0.0:46107}
2022-09-01 11:51:12,817 [Listener at 127.0.0.1/40551] INFO  server.session (HouseKeeper.java:stopScavenging(149)) - node0 Stopped scavenging
2022-09-01 11:51:12,817 [Listener at 127.0.0.1/40551] INFO  handler.ContextHandler (ContextHandler.java:doStop(1153)) - Stopped o.e.j.s.ServletContextHandler@72ab5f11{static,/static,file:///home/runner/work/ozone/ozone/hadoop-ozone/integration-test/target/test-classes/webapps/static,STOPPED}
2022-09-01 11:51:12,817 [Listener at 127.0.0.1/40551] INFO  handler.ContextHandler (ContextHandler.java:doStop(1153)) - Stopped o.e.j.s.ServletContextHandler@502bbeee{logs,/logs,file:///home/runner/work/ozone/ozone/hadoop-ozone/integration-test/target/log,STOPPED}
2022-09-01 11:51:12,821 [Listener at 127.0.0.1/40551] INFO  ozone.MiniOzoneHAClusterImpl (MiniOzoneHAClusterImpl.java:stop(320)) - Stopping the StorageContainerManager 56131482-92e3-4731-b18b-d0972f1f7686
2022-09-01 11:51:12,821 [Listener at 127.0.0.1/40551] INFO  server.StorageContainerManager (StorageContainerManager.java:stop(1558)) - Container Balancer is not running.
2022-09-01 11:51:12,821 [Listener at 127.0.0.1/40551] INFO  server.StorageContainerManager (StorageContainerManager.java:stop(1565)) - Stopping Replication Manager Service.
2022-09-01 11:51:12,821 [Listener at 127.0.0.1/40551] INFO  replication.ReplicationManager (ReplicationManager.java:stop(241)) - Stopping Replication Monitor Thread.
2022-09-01 11:51:12,822 [Listener at 127.0.0.1/40551] INFO  server.StorageContainerManager (StorageContainerManager.java:stop(1572)) - Stopping the Datanode Admin Monitor.
2022-09-01 11:51:12,822 [ReplicationMonitor] INFO  replication.ReplicationManager (ReplicationManager.java:run(545)) - Replication Monitor Thread is stopped
2022-09-01 11:51:12,822 [Listener at 127.0.0.1/40551] INFO  server.StorageContainerManager (StorageContainerManager.java:stop(1579)) - Stopping Lease Manager of the command watchers
2022-09-01 11:51:12,822 [Listener at 127.0.0.1/40551] INFO  server.StorageContainerManager (StorageContainerManager.java:stop(1586)) - Stopping datanode service RPC server
2022-09-01 11:51:12,822 [Listener at 127.0.0.1/40551] INFO  server.SCMDatanodeProtocolServer (SCMDatanodeProtocolServer.java:stop(414)) - Stopping the RPC server for DataNodes
2022-09-01 11:51:12,822 [Listener at 127.0.0.1/40551] INFO  ipc.Server (Server.java:stop(3414)) - Stopping server on 38463
2022-09-01 11:51:12,824 [IPC Server listener on 38463] INFO  ipc.Server (Server.java:run(1376)) - Stopping IPC Server listener on 38463
2022-09-01 11:51:12,826 [IPC Server Responder] INFO  ipc.Server (Server.java:run(1512)) - Stopping IPC Server Responder
2022-09-01 11:51:12,831 [SCM Heartbeat Processing Thread - 0] WARN  node.NodeStateManager (NodeStateManager.java:scheduleNextHealthCheck(870)) - Current Thread is interrupted, shutting down HB processing thread for Node Manager.
2022-09-01 11:51:12,832 [Listener at 127.0.0.1/40551] INFO  server.StorageContainerManager (StorageContainerManager.java:stop(1594)) - Stopping block service RPC server
2022-09-01 11:51:12,832 [Listener at 127.0.0.1/40551] INFO  server.SCMBlockProtocolServer (SCMBlockProtocolServer.java:stop(161)) - Stopping the RPC server for Block Protocol
2022-09-01 11:51:12,832 [Listener at 127.0.0.1/40551] INFO  ipc.Server (Server.java:stop(3414)) - Stopping server on 40239
2022-09-01 11:51:12,836 [IPC Server listener on 40239] INFO  ipc.Server (Server.java:run(1376)) - Stopping IPC Server listener on 40239
2022-09-01 11:51:12,836 [Listener at 127.0.0.1/40551] INFO  server.StorageContainerManager (StorageContainerManager.java:stop(1601)) - Stopping the StorageContainerLocationProtocol RPC server
2022-09-01 11:51:12,836 [IPC Server Responder] INFO  ipc.Server (Server.java:run(1512)) - Stopping IPC Server Responder
2022-09-01 11:51:12,836 [Listener at 127.0.0.1/40551] INFO  server.SCMClientProtocolServer (SCMClientProtocolServer.java:stop(179)) - Stopping the RPC server for Client Protocol
2022-09-01 11:51:12,836 [Listener at 127.0.0.1/40551] INFO  ipc.Server (Server.java:stop(3414)) - Stopping server on 36101
2022-09-01 11:51:12,838 [IPC Server listener on 36101] INFO  ipc.Server (Server.java:run(1376)) - Stopping IPC Server listener on 36101
2022-09-01 11:51:12,839 [IPC Server Responder] INFO  ipc.Server (Server.java:run(1512)) - Stopping IPC Server Responder
2022-09-01 11:51:12,839 [Listener at 127.0.0.1/40551] INFO  server.StorageContainerManager (StorageContainerManager.java:stop(1608)) - Stopping Storage Container Manager HTTP server.
2022-09-01 11:51:12,839 [Listener at 127.0.0.1/40551] INFO  handler.ContextHandler (ContextHandler.java:doStop(1153)) - Stopped o.e.j.w.WebAppContext@7fe6886{scm,/,null,STOPPED}{file:/home/runner/work/ozone/ozone/hadoop-ozone/integration-test/target/test-classes/webapps/scm}
2022-09-01 11:51:12,843 [Listener at 127.0.0.1/40551] INFO  server.AbstractConnector (AbstractConnector.java:doStop(381)) - Stopped ServerConnector@2b52e47d{HTTP/1.1, (http/1.1)}{0.0.0.0:38069}
2022-09-01 11:51:12,843 [Listener at 127.0.0.1/40551] INFO  server.session (HouseKeeper.java:stopScavenging(149)) - node0 Stopped scavenging
2022-09-01 11:51:12,844 [Listener at 127.0.0.1/40551] INFO  handler.ContextHandler (ContextHandler.java:doStop(1153)) - Stopped o.e.j.s.ServletContextHandler@2e89fdcb{static,/static,file:///home/runner/work/ozone/ozone/hadoop-ozone/integration-test/target/test-classes/webapps/static,STOPPED}
2022-09-01 11:51:12,844 [Listener at 127.0.0.1/40551] INFO  handler.ContextHandler (ContextHandler.java:doStop(1153)) - Stopped o.e.j.s.ServletContextHandler@77061e94{logs,/logs,file:///home/runner/work/ozone/ozone/hadoop-ozone/integration-test/target/log,STOPPED}
2022-09-01 11:51:12,845 [Listener at 127.0.0.1/40551] INFO  server.StorageContainerManager (StorageContainerManager.java:stop(1614)) - Stopping SCM LayoutVersionManager Service.
2022-09-01 11:51:12,845 [Listener at 127.0.0.1/40551] INFO  server.StorageContainerManager (StorageContainerManager.java:stop(1622)) - Stopping Block Manager Service.
2022-09-01 11:51:12,845 [Listener at 127.0.0.1/40551] INFO  utils.BackgroundService (BackgroundService.java:shutdown(141)) - Shutting down service SCMBlockDeletingService
2022-09-01 11:51:12,845 [Listener at 127.0.0.1/40551] INFO  utils.BackgroundService (BackgroundService.java:shutdown(141)) - Shutting down service SCMBlockDeletingService
2022-09-01 11:51:12,845 [Listener at 127.0.0.1/40551] INFO  server.StorageContainerManager (StorageContainerManager.java:stop(1649)) - Stopping SCM Event Queue.
2022-09-01 11:51:12,848 [Listener at 127.0.0.1/40551] INFO  server.StorageContainerManager (StorageContainerManager.java:stop(1660)) - Stopping SCM HA services.
2022-09-01 11:51:12,848 [Listener at 127.0.0.1/40551] INFO  ha.SCMRatisServerImpl (SCMRatisServerImpl.java:stop(237)) - stopping ratis server 0.0.0.0:46585
2022-09-01 11:51:12,848 [Listener at 127.0.0.1/40551] INFO  server.RaftServer (RaftServerProxy.java:lambda$close$7(398)) - 56131482-92e3-4731-b18b-d0972f1f7686: close
2022-09-01 11:51:12,848 [Listener at 127.0.0.1/40551] INFO  server.RaftServer$Division (RaftServerImpl.java:lambda$close$4(434)) - 56131482-92e3-4731-b18b-d0972f1f7686@group-1ED43301BCE6: shutdown
2022-09-01 11:51:12,848 [Listener at 127.0.0.1/40551] INFO  util.JmxRegister (JmxRegister.java:unregister(73)) - Successfully un-registered JMX Bean with object name Ratis:service=RaftServer,group=group-1ED43301BCE6,id=56131482-92e3-4731-b18b-d0972f1f7686
2022-09-01 11:51:12,849 [Listener at 127.0.0.1/40551] INFO  impl.RoleInfo (RoleInfo.java:shutdownFollowerState(110)) - 56131482-92e3-4731-b18b-d0972f1f7686: shutdown 56131482-92e3-4731-b18b-d0972f1f7686@group-1ED43301BCE6-FollowerState
2022-09-01 11:51:12,849 [56131482-92e3-4731-b18b-d0972f1f7686@group-1ED43301BCE6-FollowerState] INFO  impl.FollowerState (FollowerState.java:run(152)) - 56131482-92e3-4731-b18b-d0972f1f7686@group-1ED43301BCE6-FollowerState was interrupted
2022-09-01 11:51:12,849 [56131482-92e3-4731-b18b-d0972f1f7686@group-1ED43301BCE6-StateMachineUpdater] INFO  ha.SCMStateMachine (SCMStateMachine.java:takeSnapshot(297)) - Current Snapshot Index 27, takeSnapshot took 0 ms
2022-09-01 11:51:12,849 [56131482-92e3-4731-b18b-d0972f1f7686@group-1ED43301BCE6-StateMachineUpdater] INFO  impl.StateMachineUpdater (StateMachineUpdater.java:takeSnapshot(287)) - 56131482-92e3-4731-b18b-d0972f1f7686@group-1ED43301BCE6-StateMachineUpdater: Took a snapshot at index 27
2022-09-01 11:51:12,849 [56131482-92e3-4731-b18b-d0972f1f7686@group-1ED43301BCE6-StateMachineUpdater] INFO  impl.StateMachineUpdater (StateMachineUpdater.java:lambda$new$0(92)) - 56131482-92e3-4731-b18b-d0972f1f7686@group-1ED43301BCE6-StateMachineUpdater: snapshotIndex: updateIncreasingly -1 -> 27
2022-09-01 11:51:12,850 [56131482-92e3-4731-b18b-d0972f1f7686@group-1ED43301BCE6-StateMachineUpdater] INFO  server.StorageContainerManager (StorageContainerManager.java:stop(1558)) - Container Balancer is not running.
2022-09-01 11:51:12,850 [56131482-92e3-4731-b18b-d0972f1f7686@group-1ED43301BCE6-StateMachineUpdater] INFO  server.StorageContainerManager (StorageContainerManager.java:stop(1565)) - Stopping Replication Manager Service.
2022-09-01 11:51:12,850 [56131482-92e3-4731-b18b-d0972f1f7686@group-1ED43301BCE6-StateMachineUpdater] INFO  replication.ReplicationManager (ReplicationManager.java:stop(247)) - Replication Monitor Thread is not running.
2022-09-01 11:51:12,850 [56131482-92e3-4731-b18b-d0972f1f7686@group-1ED43301BCE6-StateMachineUpdater] INFO  server.StorageContainerManager (StorageContainerManager.java:stop(1572)) - Stopping the Datanode Admin Monitor.
2022-09-01 11:51:12,850 [56131482-92e3-4731-b18b-d0972f1f7686@group-1ED43301BCE6-StateMachineUpdater] INFO  server.StorageContainerManager (StorageContainerManager.java:stop(1579)) - Stopping Lease Manager of the command watchers
2022-09-01 11:51:12,850 [56131482-92e3-4731-b18b-d0972f1f7686@group-1ED43301BCE6-StateMachineUpdater] ERROR server.StorageContainerManager (StorageContainerManager.java:stop(1582)) - Lease Manager of the command watchers stop failed
2022-09-01 11:51:12,850 [56131482-92e3-4731-b18b-d0972f1f7686@group-1ED43301BCE6-StateMachineUpdater] INFO  server.StorageContainerManager (StorageContainerManager.java:stop(1586)) - Stopping datanode service RPC server
2022-09-01 11:51:12,850 [56131482-92e3-4731-b18b-d0972f1f7686@group-1ED43301BCE6-StateMachineUpdater] INFO  server.SCMDatanodeProtocolServer (SCMDatanodeProtocolServer.java:stop(414)) - Stopping the RPC server for DataNodes
2022-09-01 11:51:12,850 [56131482-92e3-4731-b18b-d0972f1f7686@group-1ED43301BCE6-StateMachineUpdater] INFO  ipc.Server (Server.java:stop(3414)) - Stopping server on 38463
2022-09-01 11:51:12,850 [56131482-92e3-4731-b18b-d0972f1f7686@group-1ED43301BCE6-StateMachineUpdater] INFO  server.StorageContainerManager (StorageContainerManager.java:stop(1594)) - Stopping block service RPC server
2022-09-01 11:51:12,850 [56131482-92e3-4731-b18b-d0972f1f7686@group-1ED43301BCE6-StateMachineUpdater] INFO  server.SCMBlockProtocolServer (SCMBlockProtocolServer.java:stop(161)) - Stopping the RPC server for Block Protocol
2022-09-01 11:51:12,850 [56131482-92e3-4731-b18b-d0972f1f7686@group-1ED43301BCE6-StateMachineUpdater] INFO  ipc.Server (Server.java:stop(3414)) - Stopping server on 40239
2022-09-01 11:51:12,850 [56131482-92e3-4731-b18b-d0972f1f7686@group-1ED43301BCE6-StateMachineUpdater] INFO  server.StorageContainerManager (StorageContainerManager.java:stop(1601)) - Stopping the StorageContainerLocationProtocol RPC server
2022-09-01 11:51:12,852 [56131482-92e3-4731-b18b-d0972f1f7686@group-1ED43301BCE6-StateMachineUpdater] INFO  server.SCMClientProtocolServer (SCMClientProtocolServer.java:stop(179)) - Stopping the RPC server for Client Protocol
2022-09-01 11:51:12,852 [56131482-92e3-4731-b18b-d0972f1f7686@group-1ED43301BCE6-StateMachineUpdater] INFO  ipc.Server (Server.java:stop(3414)) - Stopping server on 36101
2022-09-01 11:51:12,853 [56131482-92e3-4731-b18b-d0972f1f7686@group-1ED43301BCE6-StateMachineUpdater] INFO  server.StorageContainerManager (StorageContainerManager.java:stop(1608)) - Stopping Storage Container Manager HTTP server.
2022-09-01 11:51:12,853 [Listener at 127.0.0.1/40551] INFO  impl.StateMachineUpdater (StateMachineUpdater.java:stopAndJoin(153)) - 56131482-92e3-4731-b18b-d0972f1f7686@group-1ED43301BCE6-StateMachineUpdater: set stopIndex = 27
2022-09-01 11:51:12,854 [56131482-92e3-4731-b18b-d0972f1f7686@group-1ED43301BCE6-StateMachineUpdater] INFO  server.StorageContainerManager (StorageContainerManager.java:stop(1614)) - Stopping SCM LayoutVersionManager Service.
2022-09-01 11:51:12,854 [56131482-92e3-4731-b18b-d0972f1f7686@group-1ED43301BCE6-StateMachineUpdater] INFO  server.StorageContainerManager (StorageContainerManager.java:stop(1622)) - Stopping Block Manager Service.
2022-09-01 11:51:12,854 [56131482-92e3-4731-b18b-d0972f1f7686@group-1ED43301BCE6-StateMachineUpdater] INFO  utils.BackgroundService (BackgroundService.java:shutdown(141)) - Shutting down service SCMBlockDeletingService
2022-09-01 11:51:12,854 [56131482-92e3-4731-b18b-d0972f1f7686@group-1ED43301BCE6-StateMachineUpdater] INFO  utils.BackgroundService (BackgroundService.java:shutdown(141)) - Shutting down service SCMBlockDeletingService
2022-09-01 11:51:12,854 [56131482-92e3-4731-b18b-d0972f1f7686@group-1ED43301BCE6-StateMachineUpdater] INFO  server.StorageContainerManager (StorageContainerManager.java:stop(1649)) - Stopping SCM Event Queue.
2022-09-01 11:51:12,854 [56131482-92e3-4731-b18b-d0972f1f7686@group-1ED43301BCE6-StateMachineUpdater] INFO  server.StorageContainerManager (StorageContainerManager.java:stop(1660)) - Stopping SCM HA services.
2022-09-01 11:51:12,854 [56131482-92e3-4731-b18b-d0972f1f7686@group-1ED43301BCE6-StateMachineUpdater] INFO  ha.SCMRatisServerImpl (SCMRatisServerImpl.java:stop(237)) - stopping ratis server 0.0.0.0:46585
2022-09-01 11:51:12,855 [org.apache.ratis.util.JvmPauseMonitor$$Lambda$519/975069640@4e7759e4] INFO  util.JvmPauseMonitor (JvmPauseMonitor.java:run(109)) - JvmPauseMonitor-56131482-92e3-4731-b18b-d0972f1f7686: Stopped
2022-09-01 11:51:12,855 [56131482-92e3-4731-b18b-d0972f1f7686@group-1ED43301BCE6-StateMachineUpdater] INFO  pipeline.BackgroundPipelineCreator (BackgroundPipelineCreator.java:stop(149)) - Stopping RatisPipelineUtilsThread.
2022-09-01 11:51:12,856 [RatisPipelineUtilsThread - 0] WARN  pipeline.BackgroundPipelineCreator (BackgroundPipelineCreator.java:run(180)) - RatisPipelineUtilsThread is interrupted.
2022-09-01 11:51:12,856 [56131482-92e3-4731-b18b-d0972f1f7686@group-1ED43301BCE6-StateMachineUpdater] INFO  BackgroundPipelineScrubber (BackgroundSCMService.java:stop(131)) - Stopping BackgroundPipelineScrubber Service.
2022-09-01 11:51:12,856 [BackgroundPipelineScrubberThread] WARN  BackgroundPipelineScrubber (BackgroundSCMService.java:run(115)) - BackgroundPipelineScrubber is interrupted, exit
2022-09-01 11:51:12,857 [56131482-92e3-4731-b18b-d0972f1f7686@group-1ED43301BCE6-StateMachineUpdater] INFO  server.StorageContainerManager (StorageContainerManager.java:stop(1670)) - Stopping SCM MetadataStore.
2022-09-01 11:51:12,858 [56131482-92e3-4731-b18b-d0972f1f7686@group-1ED43301BCE6-StateMachineUpdater] INFO  impl.MetricsSystemImpl (MetricsSystemImpl.java:stop(210)) - Stopping HddsDatanode metrics system...
2022-09-01 11:51:12,877 [prometheus] INFO  impl.MetricsSinkAdapter (MetricsSinkAdapter.java:publishMetricsFromQueue(141)) - prometheus thread interrupted.
2022-09-01 11:51:12,878 [56131482-92e3-4731-b18b-d0972f1f7686@group-1ED43301BCE6-StateMachineUpdater] INFO  impl.MetricsSystemImpl (MetricsSystemImpl.java:stop(216)) - HddsDatanode metrics system stopped.
2022-09-01 11:51:12,879 [56131482-92e3-4731-b18b-d0972f1f7686@group-1ED43301BCE6-StateMachineUpdater] ERROR server.StorageContainerManager (ExitUtils.java:terminate(133)) - Terminating with exit status 1: scm statemachine is closed by ratis, terminate SCM
2022-09-01 11:51:12,880 [56131482-92e3-4731-b18b-d0972f1f7686@group-1ED43301BCE6-StateMachineUpdater] WARN  impl.StateMachineUpdater (StateMachineUpdater.java:stop(137)) - 56131482-92e3-4731-b18b-d0972f1f7686@group-1ED43301BCE6-StateMachineUpdater: Failed to close SCMStateMachine SCMStateMachine:56131482-92e3-4731-b18b-d0972f1f7686:group-1ED43301BCE6
org.apache.ratis.util.ExitUtils$ExitException: scm statemachine is closed by ratis, terminate SCM
	at org.apache.ratis.util.ExitUtils.terminate(ExitUtils.java:141)
	at org.apache.ratis.util.ExitUtils.terminate(ExitUtils.java:151)
	at org.apache.ratis.util.ExitUtils.terminate(ExitUtils.java:155)
	at org.apache.hadoop.hdds.scm.server.StorageContainerManager.shutDown(StorageContainerManager.java:1686)
	at org.apache.hadoop.hdds.scm.ha.SCMStateMachine.close(SCMStateMachine.java:403)
	at org.apache.ratis.server.impl.StateMachineUpdater.stop(StateMachineUpdater.java:134)
	at org.apache.ratis.server.impl.StateMachineUpdater.run(StateMachineUpdater.java:187)
	at java.lang.Thread.run(Thread.java:750)
2022-09-01 11:51:12,881 [Listener at 127.0.0.1/40551] INFO  server.RaftServer$Division (ServerState.java:close(429)) - 56131482-92e3-4731-b18b-d0972f1f7686@group-1ED43301BCE6: closes. applyIndex: 26
2022-09-01 11:51:12,881 [56131482-92e3-4731-b18b-d0972f1f7686@group-1ED43301BCE6-SegmentedRaftLogWorker] INFO  segmented.SegmentedRaftLogWorker (SegmentedRaftLogWorker.java:run(336)) - 56131482-92e3-4731-b18b-d0972f1f7686@group-1ED43301BCE6-SegmentedRaftLogWorker was interrupted, exiting. There are 0 tasks remaining in the queue.
2022-09-01 11:51:12,885 [Listener at 127.0.0.1/40551] INFO  segmented.SegmentedRaftLogWorker (SegmentedRaftLogWorker.java:close(246)) - 56131482-92e3-4731-b18b-d0972f1f7686@group-1ED43301BCE6-SegmentedRaftLogWorker close()
2022-09-01 11:51:12,887 [Listener at 127.0.0.1/40551] INFO  server.GrpcService (GrpcService.java:closeImpl(269)) - 56131482-92e3-4731-b18b-d0972f1f7686: shutdown server with port 46585 now
2022-09-01 11:51:12,889 [grpc-default-executor-3] WARN  server.GrpcLogAppender (LogUtils.java:warn(122)) - 76b5452b-5401-496a-924e-e3833b3fb27e@group-1ED43301BCE6->56131482-92e3-4731-b18b-d0972f1f7686-AppendLogResponseHandler: Failed appendEntries: org.apache.ratis.thirdparty.io.grpc.StatusRuntimeException: CANCELLED: RST_STREAM closed stream. HTTP/2 error code: CANCEL
2022-09-01 11:51:12,890 [grpc-default-executor-3] INFO  leader.FollowerInfo (FollowerInfoImpl.java:lambda$new$0(48)) - 76b5452b-5401-496a-924e-e3833b3fb27e@group-1ED43301BCE6->56131482-92e3-4731-b18b-d0972f1f7686: nextIndex: updateUnconditionally 29 -> 28
2022-09-01 11:51:12,890 [grpc-default-executor-0] WARN  server.GrpcServerProtocolService (LogUtils.java:warn(122)) - 56131482-92e3-4731-b18b-d0972f1f7686: installSnapshot onError, lastRequest: 76b5452b-5401-496a-924e-e3833b3fb27e->56131482-92e3-4731-b18b-d0972f1f7686#953-t2,previous=(t:2, i:27),leaderCommit=27,initializing? true,entries: size=1, first=(t:2, i:28), METADATAENTRY(c:27): org.apache.ratis.thirdparty.io.grpc.StatusRuntimeException: CANCELLED: client cancelled
2022-09-01 11:51:12,890 [Listener at 127.0.0.1/40551] INFO  server.GrpcService (GrpcService.java:closeImpl(278)) - 56131482-92e3-4731-b18b-d0972f1f7686: shutdown server with port 46585 successfully
2022-09-01 11:51:12,890 [Listener at 127.0.0.1/40551] WARN  pipeline.BackgroundPipelineCreator (BackgroundPipelineCreator.java:stop(145)) - RatisPipelineUtilsThread is not running, just ignore.
2022-09-01 11:51:12,890 [Listener at 127.0.0.1/40551] INFO  BackgroundPipelineScrubber (BackgroundSCMService.java:stop(126)) - BackgroundPipelineScrubber Service is not running, skip stop.
2022-09-01 11:51:12,890 [Listener at 127.0.0.1/40551] INFO  server.StorageContainerManager (StorageContainerManager.java:stop(1670)) - Stopping SCM MetadataStore.
2022-09-01 11:51:12,890 [Listener at 127.0.0.1/40551] INFO  impl.MetricsSystemImpl (MetricsSystemImpl.java:stop(205)) - HddsDatanode metrics system stopped (again)
2022-09-01 11:51:12,890 [Listener at 127.0.0.1/40551] INFO  ozone.MiniOzoneHAClusterImpl (MiniOzoneHAClusterImpl.java:stop(320)) - Stopping the StorageContainerManager 5ae0c8ef-e091-4d1b-9d6c-68c2daa287ce
2022-09-01 11:51:12,891 [Listener at 127.0.0.1/40551] INFO  server.StorageContainerManager (StorageContainerManager.java:stop(1558)) - Container Balancer is not running.
2022-09-01 11:51:12,891 [Listener at 127.0.0.1/40551] INFO  server.StorageContainerManager (StorageContainerManager.java:stop(1565)) - Stopping Replication Manager Service.
2022-09-01 11:51:12,891 [Listener at 127.0.0.1/40551] INFO  replication.ReplicationManager (ReplicationManager.java:stop(241)) - Stopping Replication Monitor Thread.
2022-09-01 11:51:12,891 [Listener at 127.0.0.1/40551] INFO  server.StorageContainerManager (StorageContainerManager.java:stop(1572)) - Stopping the Datanode Admin Monitor.
2022-09-01 11:51:12,891 [ReplicationMonitor] INFO  replication.ReplicationManager (ReplicationManager.java:run(545)) - Replication Monitor Thread is stopped
2022-09-01 11:51:12,891 [Listener at 127.0.0.1/40551] INFO  server.StorageContainerManager (StorageContainerManager.java:stop(1579)) - Stopping Lease Manager of the command watchers
2022-09-01 11:51:12,891 [Listener at 127.0.0.1/40551] INFO  server.StorageContainerManager (StorageContainerManager.java:stop(1586)) - Stopping datanode service RPC server
2022-09-01 11:51:12,891 [Listener at 127.0.0.1/40551] INFO  server.SCMDatanodeProtocolServer (SCMDatanodeProtocolServer.java:stop(414)) - Stopping the RPC server for DataNodes
2022-09-01 11:51:12,891 [Listener at 127.0.0.1/40551] INFO  ipc.Server (Server.java:stop(3414)) - Stopping server on 41671
2022-09-01 11:51:12,898 [grpc-default-executor-3] WARN  server.GrpcLogAppender (LogUtils.java:warn(122)) - 76b5452b-5401-496a-924e-e3833b3fb27e@group-1ED43301BCE6->56131482-92e3-4731-b18b-d0972f1f7686-AppendLogResponseHandler: Failed appendEntries: org.apache.ratis.thirdparty.io.grpc.StatusRuntimeException: UNAVAILABLE: io exception
2022-09-01 11:51:12,898 [grpc-default-executor-3] INFO  leader.FollowerInfo (FollowerInfoImpl.java:lambda$new$0(48)) - 76b5452b-5401-496a-924e-e3833b3fb27e@group-1ED43301BCE6->56131482-92e3-4731-b18b-d0972f1f7686: nextIndex: updateUnconditionally 29 -> 28
2022-09-01 11:51:12,902 [IPC Server listener on 41671] INFO  ipc.Server (Server.java:run(1376)) - Stopping IPC Server listener on 41671
2022-09-01 11:51:12,902 [IPC Server Responder] INFO  ipc.Server (Server.java:run(1512)) - Stopping IPC Server Responder
2022-09-01 11:51:12,931 [SCM Heartbeat Processing Thread - 0] WARN  node.NodeStateManager (NodeStateManager.java:scheduleNextHealthCheck(870)) - Current Thread is interrupted, shutting down HB processing thread for Node Manager.
2022-09-01 11:51:12,932 [Listener at 127.0.0.1/40551] INFO  server.StorageContainerManager (StorageContainerManager.java:stop(1594)) - Stopping block service RPC server
2022-09-01 11:51:12,932 [Listener at 127.0.0.1/40551] INFO  server.SCMBlockProtocolServer (SCMBlockProtocolServer.java:stop(161)) - Stopping the RPC server for Block Protocol
2022-09-01 11:51:12,932 [Listener at 127.0.0.1/40551] INFO  ipc.Server (Server.java:stop(3414)) - Stopping server on 35923
2022-09-01 11:51:12,934 [Listener at 127.0.0.1/40551] INFO  server.StorageContainerManager (StorageContainerManager.java:stop(1601)) - Stopping the StorageContainerLocationProtocol RPC server
2022-09-01 11:51:12,935 [Listener at 127.0.0.1/40551] INFO  server.SCMClientProtocolServer (SCMClientProtocolServer.java:stop(179)) - Stopping the RPC server for Client Protocol
2022-09-01 11:51:12,935 [Listener at 127.0.0.1/40551] INFO  ipc.Server (Server.java:stop(3414)) - Stopping server on 43687
2022-09-01 11:51:12,935 [IPC Server listener on 35923] INFO  ipc.Server (Server.java:run(1376)) - Stopping IPC Server listener on 35923
2022-09-01 11:51:12,934 [IPC Server Responder] INFO  ipc.Server (Server.java:run(1512)) - Stopping IPC Server Responder
2022-09-01 11:51:12,937 [IPC Server listener on 43687] INFO  ipc.Server (Server.java:run(1376)) - Stopping IPC Server listener on 43687
2022-09-01 11:51:12,937 [IPC Server Responder] INFO  ipc.Server (Server.java:run(1512)) - Stopping IPC Server Responder
2022-09-01 11:51:12,937 [Listener at 127.0.0.1/40551] INFO  server.StorageContainerManager (StorageContainerManager.java:stop(1608)) - Stopping Storage Container Manager HTTP server.
2022-09-01 11:51:12,939 [Listener at 127.0.0.1/40551] INFO  handler.ContextHandler (ContextHandler.java:doStop(1153)) - Stopped o.e.j.w.WebAppContext@db0a86b{scm,/,null,STOPPED}{file:/home/runner/work/ozone/ozone/hadoop-ozone/integration-test/target/test-classes/webapps/scm}
2022-09-01 11:51:12,941 [Listener at 127.0.0.1/40551] INFO  server.AbstractConnector (AbstractConnector.java:doStop(381)) - Stopped ServerConnector@1e61a84{HTTP/1.1, (http/1.1)}{0.0.0.0:44285}
2022-09-01 11:51:12,941 [Listener at 127.0.0.1/40551] INFO  server.session (HouseKeeper.java:stopScavenging(149)) - node0 Stopped scavenging
2022-09-01 11:51:12,941 [Listener at 127.0.0.1/40551] INFO  handler.ContextHandler (ContextHandler.java:doStop(1153)) - Stopped o.e.j.s.ServletContextHandler@45ed9459{static,/static,file:///home/runner/work/ozone/ozone/hadoop-ozone/integration-test/target/test-classes/webapps/static,STOPPED}
2022-09-01 11:51:12,941 [Listener at 127.0.0.1/40551] INFO  handler.ContextHandler (ContextHandler.java:doStop(1153)) - Stopped o.e.j.s.ServletContextHandler@4aae6c1{logs,/logs,file:///home/runner/work/ozone/ozone/hadoop-ozone/integration-test/target/log,STOPPED}
2022-09-01 11:51:12,942 [Listener at 127.0.0.1/40551] INFO  server.StorageContainerManager (StorageContainerManager.java:stop(1614)) - Stopping SCM LayoutVersionManager Service.
2022-09-01 11:51:12,942 [Listener at 127.0.0.1/40551] INFO  server.StorageContainerManager (StorageContainerManager.java:stop(1622)) - Stopping Block Manager Service.
2022-09-01 11:51:12,942 [Listener at 127.0.0.1/40551] INFO  utils.BackgroundService (BackgroundService.java:shutdown(141)) - Shutting down service SCMBlockDeletingService
2022-09-01 11:51:12,942 [Listener at 127.0.0.1/40551] INFO  utils.BackgroundService (BackgroundService.java:shutdown(141)) - Shutting down service SCMBlockDeletingService
2022-09-01 11:51:12,943 [Listener at 127.0.0.1/40551] INFO  server.StorageContainerManager (StorageContainerManager.java:stop(1649)) - Stopping SCM Event Queue.
2022-09-01 11:51:12,945 [Listener at 127.0.0.1/40551] INFO  server.StorageContainerManager (StorageContainerManager.java:stop(1660)) - Stopping SCM HA services.
2022-09-01 11:51:12,945 [Listener at 127.0.0.1/40551] INFO  ha.SCMRatisServerImpl (SCMRatisServerImpl.java:stop(237)) - stopping ratis server 0.0.0.0:38491
2022-09-01 11:51:12,946 [Listener at 127.0.0.1/40551] INFO  server.RaftServer (RaftServerProxy.java:lambda$close$7(398)) - 5ae0c8ef-e091-4d1b-9d6c-68c2daa287ce: close
2022-09-01 11:51:12,946 [Listener at 127.0.0.1/40551] INFO  server.RaftServer$Division (RaftServerImpl.java:lambda$close$4(434)) - 5ae0c8ef-e091-4d1b-9d6c-68c2daa287ce@group-1ED43301BCE6: shutdown
2022-09-01 11:51:12,946 [Listener at 127.0.0.1/40551] INFO  util.JmxRegister (JmxRegister.java:unregister(73)) - Successfully un-registered JMX Bean with object name Ratis:service=RaftServer,group=group-1ED43301BCE6,id=5ae0c8ef-e091-4d1b-9d6c-68c2daa287ce
2022-09-01 11:51:12,946 [Listener at 127.0.0.1/40551] INFO  impl.RoleInfo (RoleInfo.java:shutdownFollowerState(110)) - 5ae0c8ef-e091-4d1b-9d6c-68c2daa287ce: shutdown 5ae0c8ef-e091-4d1b-9d6c-68c2daa287ce@group-1ED43301BCE6-FollowerState
2022-09-01 11:51:12,946 [5ae0c8ef-e091-4d1b-9d6c-68c2daa287ce@group-1ED43301BCE6-FollowerState] INFO  impl.FollowerState (FollowerState.java:run(152)) - 5ae0c8ef-e091-4d1b-9d6c-68c2daa287ce@group-1ED43301BCE6-FollowerState was interrupted
2022-09-01 11:51:12,946 [Listener at 127.0.0.1/40551] INFO  impl.StateMachineUpdater (StateMachineUpdater.java:stopAndJoin(153)) - 5ae0c8ef-e091-4d1b-9d6c-68c2daa287ce@group-1ED43301BCE6-StateMachineUpdater: set stopIndex = 27
2022-09-01 11:51:12,947 [5ae0c8ef-e091-4d1b-9d6c-68c2daa287ce@group-1ED43301BCE6-StateMachineUpdater] INFO  ha.SCMStateMachine (SCMStateMachine.java:takeSnapshot(297)) - Current Snapshot Index 27, takeSnapshot took 1 ms
2022-09-01 11:51:12,947 [5ae0c8ef-e091-4d1b-9d6c-68c2daa287ce@group-1ED43301BCE6-StateMachineUpdater] INFO  impl.StateMachineUpdater (StateMachineUpdater.java:takeSnapshot(287)) - 5ae0c8ef-e091-4d1b-9d6c-68c2daa287ce@group-1ED43301BCE6-StateMachineUpdater: Took a snapshot at index 27
2022-09-01 11:51:12,947 [5ae0c8ef-e091-4d1b-9d6c-68c2daa287ce@group-1ED43301BCE6-StateMachineUpdater] INFO  impl.StateMachineUpdater (StateMachineUpdater.java:lambda$new$0(92)) - 5ae0c8ef-e091-4d1b-9d6c-68c2daa287ce@group-1ED43301BCE6-StateMachineUpdater: snapshotIndex: updateIncreasingly -1 -> 27
2022-09-01 11:51:12,947 [5ae0c8ef-e091-4d1b-9d6c-68c2daa287ce@group-1ED43301BCE6-StateMachineUpdater] INFO  server.StorageContainerManager (StorageContainerManager.java:stop(1558)) - Container Balancer is not running.
2022-09-01 11:51:12,947 [5ae0c8ef-e091-4d1b-9d6c-68c2daa287ce@group-1ED43301BCE6-StateMachineUpdater] INFO  server.StorageContainerManager (StorageContainerManager.java:stop(1565)) - Stopping Replication Manager Service.
2022-09-01 11:51:12,947 [5ae0c8ef-e091-4d1b-9d6c-68c2daa287ce@group-1ED43301BCE6-StateMachineUpdater] INFO  replication.ReplicationManager (ReplicationManager.java:stop(247)) - Replication Monitor Thread is not running.
2022-09-01 11:51:12,947 [5ae0c8ef-e091-4d1b-9d6c-68c2daa287ce@group-1ED43301BCE6-StateMachineUpdater] INFO  server.StorageContainerManager (StorageContainerManager.java:stop(1572)) - Stopping the Datanode Admin Monitor.
2022-09-01 11:51:12,947 [5ae0c8ef-e091-4d1b-9d6c-68c2daa287ce@group-1ED43301BCE6-StateMachineUpdater] INFO  server.StorageContainerManager (StorageContainerManager.java:stop(1579)) - Stopping Lease Manager of the command watchers
2022-09-01 11:51:12,947 [5ae0c8ef-e091-4d1b-9d6c-68c2daa287ce@group-1ED43301BCE6-StateMachineUpdater] ERROR server.StorageContainerManager (StorageContainerManager.java:stop(1582)) - Lease Manager of the command watchers stop failed
2022-09-01 11:51:12,947 [5ae0c8ef-e091-4d1b-9d6c-68c2daa287ce@group-1ED43301BCE6-StateMachineUpdater] INFO  server.StorageContainerManager (StorageContainerManager.java:stop(1586)) - Stopping datanode service RPC server
2022-09-01 11:51:12,947 [5ae0c8ef-e091-4d1b-9d6c-68c2daa287ce@group-1ED43301BCE6-StateMachineUpdater] INFO  server.SCMDatanodeProtocolServer (SCMDatanodeProtocolServer.java:stop(414)) - Stopping the RPC server for DataNodes
2022-09-01 11:51:12,947 [5ae0c8ef-e091-4d1b-9d6c-68c2daa287ce@group-1ED43301BCE6-StateMachineUpdater] INFO  ipc.Server (Server.java:stop(3414)) - Stopping server on 41671
2022-09-01 11:51:12,948 [5ae0c8ef-e091-4d1b-9d6c-68c2daa287ce@group-1ED43301BCE6-StateMachineUpdater] INFO  server.StorageContainerManager (StorageContainerManager.java:stop(1594)) - Stopping block service RPC server
2022-09-01 11:51:12,948 [5ae0c8ef-e091-4d1b-9d6c-68c2daa287ce@group-1ED43301BCE6-StateMachineUpdater] INFO  server.SCMBlockProtocolServer (SCMBlockProtocolServer.java:stop(161)) - Stopping the RPC server for Block Protocol
2022-09-01 11:51:12,948 [5ae0c8ef-e091-4d1b-9d6c-68c2daa287ce@group-1ED43301BCE6-StateMachineUpdater] INFO  ipc.Server (Server.java:stop(3414)) - Stopping server on 35923
2022-09-01 11:51:12,948 [5ae0c8ef-e091-4d1b-9d6c-68c2daa287ce@group-1ED43301BCE6-StateMachineUpdater] INFO  server.StorageContainerManager (StorageContainerManager.java:stop(1601)) - Stopping the StorageContainerLocationProtocol RPC server
2022-09-01 11:51:12,948 [5ae0c8ef-e091-4d1b-9d6c-68c2daa287ce@group-1ED43301BCE6-StateMachineUpdater] INFO  server.SCMClientProtocolServer (SCMClientProtocolServer.java:stop(179)) - Stopping the RPC server for Client Protocol
2022-09-01 11:51:12,948 [5ae0c8ef-e091-4d1b-9d6c-68c2daa287ce@group-1ED43301BCE6-StateMachineUpdater] INFO  ipc.Server (Server.java:stop(3414)) - Stopping server on 43687
2022-09-01 11:51:12,948 [5ae0c8ef-e091-4d1b-9d6c-68c2daa287ce@group-1ED43301BCE6-StateMachineUpdater] INFO  server.StorageContainerManager (StorageContainerManager.java:stop(1608)) - Stopping Storage Container Manager HTTP server.
2022-09-01 11:51:12,948 [5ae0c8ef-e091-4d1b-9d6c-68c2daa287ce@group-1ED43301BCE6-StateMachineUpdater] INFO  server.StorageContainerManager (StorageContainerManager.java:stop(1614)) - Stopping SCM LayoutVersionManager Service.
2022-09-01 11:51:12,948 [5ae0c8ef-e091-4d1b-9d6c-68c2daa287ce@group-1ED43301BCE6-StateMachineUpdater] INFO  server.StorageContainerManager (StorageContainerManager.java:stop(1622)) - Stopping Block Manager Service.
2022-09-01 11:51:12,948 [5ae0c8ef-e091-4d1b-9d6c-68c2daa287ce@group-1ED43301BCE6-StateMachineUpdater] INFO  utils.BackgroundService (BackgroundService.java:shutdown(141)) - Shutting down service SCMBlockDeletingService
2022-09-01 11:51:12,949 [5ae0c8ef-e091-4d1b-9d6c-68c2daa287ce@group-1ED43301BCE6-StateMachineUpdater] INFO  utils.BackgroundService (BackgroundService.java:shutdown(141)) - Shutting down service SCMBlockDeletingService
2022-09-01 11:51:12,949 [5ae0c8ef-e091-4d1b-9d6c-68c2daa287ce@group-1ED43301BCE6-StateMachineUpdater] INFO  server.StorageContainerManager (StorageContainerManager.java:stop(1649)) - Stopping SCM Event Queue.
2022-09-01 11:51:12,949 [5ae0c8ef-e091-4d1b-9d6c-68c2daa287ce@group-1ED43301BCE6-StateMachineUpdater] INFO  server.StorageContainerManager (StorageContainerManager.java:stop(1660)) - Stopping SCM HA services.
2022-09-01 11:51:12,949 [5ae0c8ef-e091-4d1b-9d6c-68c2daa287ce@group-1ED43301BCE6-StateMachineUpdater] INFO  ha.SCMRatisServerImpl (SCMRatisServerImpl.java:stop(237)) - stopping ratis server 0.0.0.0:38491
2022-09-01 11:51:12,949 [org.apache.ratis.util.JvmPauseMonitor$$Lambda$519/975069640@72c8b830] INFO  util.JvmPauseMonitor (JvmPauseMonitor.java:run(109)) - JvmPauseMonitor-5ae0c8ef-e091-4d1b-9d6c-68c2daa287ce: Stopped
2022-09-01 11:51:12,950 [5ae0c8ef-e091-4d1b-9d6c-68c2daa287ce@group-1ED43301BCE6-StateMachineUpdater] INFO  pipeline.BackgroundPipelineCreator (BackgroundPipelineCreator.java:stop(149)) - Stopping RatisPipelineUtilsThread.
2022-09-01 11:51:12,950 [RatisPipelineUtilsThread - 0] WARN  pipeline.BackgroundPipelineCreator (BackgroundPipelineCreator.java:run(180)) - RatisPipelineUtilsThread is interrupted.
2022-09-01 11:51:12,950 [5ae0c8ef-e091-4d1b-9d6c-68c2daa287ce@group-1ED43301BCE6-StateMachineUpdater] INFO  BackgroundPipelineScrubber (BackgroundSCMService.java:stop(131)) - Stopping BackgroundPipelineScrubber Service.
2022-09-01 11:51:12,951 [BackgroundPipelineScrubberThread] WARN  BackgroundPipelineScrubber (BackgroundSCMService.java:run(115)) - BackgroundPipelineScrubber is interrupted, exit
2022-09-01 11:51:12,951 [5ae0c8ef-e091-4d1b-9d6c-68c2daa287ce@group-1ED43301BCE6-StateMachineUpdater] INFO  server.StorageContainerManager (StorageContainerManager.java:stop(1670)) - Stopping SCM MetadataStore.
2022-09-01 11:51:12,953 [5ae0c8ef-e091-4d1b-9d6c-68c2daa287ce@group-1ED43301BCE6-StateMachineUpdater] INFO  impl.MetricsSystemImpl (MetricsSystemImpl.java:stop(205)) - HddsDatanode metrics system stopped (again)
2022-09-01 11:51:12,953 [5ae0c8ef-e091-4d1b-9d6c-68c2daa287ce@group-1ED43301BCE6-StateMachineUpdater] ERROR server.StorageContainerManager (ExitUtils.java:terminate(133)) - Terminating with exit status 1: scm statemachine is closed by ratis, terminate SCM
2022-09-01 11:51:12,953 [5ae0c8ef-e091-4d1b-9d6c-68c2daa287ce@group-1ED43301BCE6-StateMachineUpdater] WARN  impl.StateMachineUpdater (StateMachineUpdater.java:stop(137)) - 5ae0c8ef-e091-4d1b-9d6c-68c2daa287ce@group-1ED43301BCE6-StateMachineUpdater: Failed to close SCMStateMachine SCMStateMachine:5ae0c8ef-e091-4d1b-9d6c-68c2daa287ce:group-1ED43301BCE6
org.apache.ratis.util.ExitUtils$ExitException: scm statemachine is closed by ratis, terminate SCM
	at org.apache.ratis.util.ExitUtils.terminate(ExitUtils.java:141)
	at org.apache.ratis.util.ExitUtils.terminate(ExitUtils.java:151)
	at org.apache.ratis.util.ExitUtils.terminate(ExitUtils.java:155)
	at org.apache.hadoop.hdds.scm.server.StorageContainerManager.shutDown(StorageContainerManager.java:1686)
	at org.apache.hadoop.hdds.scm.ha.SCMStateMachine.close(SCMStateMachine.java:403)
	at org.apache.ratis.server.impl.StateMachineUpdater.stop(StateMachineUpdater.java:134)
	at org.apache.ratis.server.impl.StateMachineUpdater.run(StateMachineUpdater.java:187)
	at java.lang.Thread.run(Thread.java:750)
2022-09-01 11:51:12,953 [Listener at 127.0.0.1/40551] INFO  server.RaftServer$Division (ServerState.java:close(429)) - 5ae0c8ef-e091-4d1b-9d6c-68c2daa287ce@group-1ED43301BCE6: closes. applyIndex: 26
2022-09-01 11:51:12,954 [5ae0c8ef-e091-4d1b-9d6c-68c2daa287ce@group-1ED43301BCE6-SegmentedRaftLogWorker] INFO  segmented.SegmentedRaftLogWorker (SegmentedRaftLogWorker.java:run(336)) - 5ae0c8ef-e091-4d1b-9d6c-68c2daa287ce@group-1ED43301BCE6-SegmentedRaftLogWorker was interrupted, exiting. There are 0 tasks remaining in the queue.
2022-09-01 11:51:12,955 [Listener at 127.0.0.1/40551] INFO  segmented.SegmentedRaftLogWorker (SegmentedRaftLogWorker.java:close(246)) - 5ae0c8ef-e091-4d1b-9d6c-68c2daa287ce@group-1ED43301BCE6-SegmentedRaftLogWorker close()
2022-09-01 11:51:12,957 [Listener at 127.0.0.1/40551] INFO  server.GrpcService (GrpcService.java:closeImpl(269)) - 5ae0c8ef-e091-4d1b-9d6c-68c2daa287ce: shutdown server with port 38491 now
2022-09-01 11:51:12,959 [grpc-default-executor-0] WARN  server.GrpcServerProtocolService (LogUtils.java:warn(122)) - 5ae0c8ef-e091-4d1b-9d6c-68c2daa287ce: installSnapshot onError, lastRequest: 76b5452b-5401-496a-924e-e3833b3fb27e->5ae0c8ef-e091-4d1b-9d6c-68c2daa287ce#893-t2,previous=(t:2, i:27),leaderCommit=27,initializing? true,entries: size=1, first=(t:2, i:28), METADATAENTRY(c:27): org.apache.ratis.thirdparty.io.grpc.StatusRuntimeException: CANCELLED: client cancelled
2022-09-01 11:51:12,959 [grpc-default-executor-1] WARN  server.GrpcLogAppender (LogUtils.java:warn(122)) - 76b5452b-5401-496a-924e-e3833b3fb27e@group-1ED43301BCE6->5ae0c8ef-e091-4d1b-9d6c-68c2daa287ce-AppendLogResponseHandler: Failed appendEntries: org.apache.ratis.thirdparty.io.grpc.StatusRuntimeException: CANCELLED: RST_STREAM closed stream. HTTP/2 error code: CANCEL
2022-09-01 11:51:12,959 [grpc-default-executor-1] INFO  leader.FollowerInfo (FollowerInfoImpl.java:lambda$new$0(48)) - 76b5452b-5401-496a-924e-e3833b3fb27e@group-1ED43301BCE6->5ae0c8ef-e091-4d1b-9d6c-68c2daa287ce: nextIndex: updateUnconditionally 29 -> 28
2022-09-01 11:51:12,964 [Listener at 127.0.0.1/40551] INFO  server.GrpcService (GrpcService.java:closeImpl(278)) - 5ae0c8ef-e091-4d1b-9d6c-68c2daa287ce: shutdown server with port 38491 successfully
2022-09-01 11:51:12,964 [Listener at 127.0.0.1/40551] WARN  pipeline.BackgroundPipelineCreator (BackgroundPipelineCreator.java:stop(145)) - RatisPipelineUtilsThread is not running, just ignore.
2022-09-01 11:51:12,964 [Listener at 127.0.0.1/40551] INFO  BackgroundPipelineScrubber (BackgroundSCMService.java:stop(126)) - BackgroundPipelineScrubber Service is not running, skip stop.
2022-09-01 11:51:12,964 [Listener at 127.0.0.1/40551] INFO  server.StorageContainerManager (StorageContainerManager.java:stop(1670)) - Stopping SCM MetadataStore.
2022-09-01 11:51:12,964 [Listener at 127.0.0.1/40551] INFO  impl.MetricsSystemImpl (MetricsSystemImpl.java:stop(205)) - HddsDatanode metrics system stopped (again)
2022-09-01 11:51:12,965 [Listener at 127.0.0.1/40551] INFO  ozone.MiniOzoneHAClusterImpl (MiniOzoneHAClusterImpl.java:stop(320)) - Stopping the StorageContainerManager 76b5452b-5401-496a-924e-e3833b3fb27e
2022-09-01 11:51:12,965 [Listener at 127.0.0.1/40551] INFO  server.StorageContainerManager (StorageContainerManager.java:stop(1558)) - Container Balancer is not running.
2022-09-01 11:51:12,965 [Listener at 127.0.0.1/40551] INFO  server.StorageContainerManager (StorageContainerManager.java:stop(1565)) - Stopping Replication Manager Service.
2022-09-01 11:51:12,965 [Listener at 127.0.0.1/40551] INFO  replication.ReplicationManager (ReplicationManager.java:stop(241)) - Stopping Replication Monitor Thread.
2022-09-01 11:51:12,965 [Listener at 127.0.0.1/40551] INFO  server.StorageContainerManager (StorageContainerManager.java:stop(1572)) - Stopping the Datanode Admin Monitor.
2022-09-01 11:51:12,965 [Listener at 127.0.0.1/40551] INFO  server.StorageContainerManager (StorageContainerManager.java:stop(1579)) - Stopping Lease Manager of the command watchers
2022-09-01 11:51:12,965 [ReplicationMonitor] INFO  replication.ReplicationManager (ReplicationManager.java:run(545)) - Replication Monitor Thread is stopped
2022-09-01 11:51:12,965 [Listener at 127.0.0.1/40551] INFO  server.StorageContainerManager (StorageContainerManager.java:stop(1586)) - Stopping datanode service RPC server
2022-09-01 11:51:12,965 [Listener at 127.0.0.1/40551] INFO  server.SCMDatanodeProtocolServer (SCMDatanodeProtocolServer.java:stop(414)) - Stopping the RPC server for DataNodes
2022-09-01 11:51:12,965 [Listener at 127.0.0.1/40551] INFO  ipc.Server (Server.java:stop(3414)) - Stopping server on 42041
2022-09-01 11:51:12,970 [grpc-default-executor-1] WARN  server.GrpcLogAppender (LogUtils.java:warn(122)) - 76b5452b-5401-496a-924e-e3833b3fb27e@group-1ED43301BCE6->5ae0c8ef-e091-4d1b-9d6c-68c2daa287ce-AppendLogResponseHandler: Failed appendEntries: org.apache.ratis.thirdparty.io.grpc.StatusRuntimeException: UNAVAILABLE: io exception
2022-09-01 11:51:12,970 [grpc-default-executor-1] INFO  leader.FollowerInfo (FollowerInfoImpl.java:lambda$new$0(48)) - 76b5452b-5401-496a-924e-e3833b3fb27e@group-1ED43301BCE6->5ae0c8ef-e091-4d1b-9d6c-68c2daa287ce: nextIndex: updateUnconditionally 29 -> 28
2022-09-01 11:51:12,976 [IPC Server listener on 42041] INFO  ipc.Server (Server.java:run(1376)) - Stopping IPC Server listener on 42041
2022-09-01 11:51:12,977 [IPC Server Responder] INFO  ipc.Server (Server.java:run(1512)) - Stopping IPC Server Responder
2022-09-01 11:51:13,144 [EndpointStateMachine task thread for /127.0.0.1:41671 - 0 ] WARN  statemachine.EndpointStateMachine (EndpointStateMachine.java:logIfNeeded(241)) - Unable to communicate to SCM server at 127.0.0.1:41671 for past 0 seconds.
java.io.EOFException: End of File Exception between local host is: "fv-az459-356/10.1.1.61"; destination host is: "localhost":41671; : java.io.EOFException; For more details see:  http://wiki.apache.org/hadoop/EOFException
	at sun.reflect.NativeConstructorAccessorImpl.newInstance0(Native Method)
	at sun.reflect.NativeConstructorAccessorImpl.newInstance(NativeConstructorAccessorImpl.java:62)
	at sun.reflect.DelegatingConstructorAccessorImpl.newInstance(DelegatingConstructorAccessorImpl.java:45)
	at java.lang.reflect.Constructor.newInstance(Constructor.java:423)
	at org.apache.hadoop.net.NetUtils.wrapWithMessage(NetUtils.java:913)
	at org.apache.hadoop.net.NetUtils.wrapException(NetUtils.java:862)
	at org.apache.hadoop.ipc.Client.getRpcResponse(Client.java:1577)
	at org.apache.hadoop.ipc.Client.call(Client.java:1519)
	at org.apache.hadoop.ipc.Client.call(Client.java:1416)
	at org.apache.hadoop.ipc.ProtobufRpcEngine$Invoker.invoke(ProtobufRpcEngine.java:236)
	at org.apache.hadoop.ipc.ProtobufRpcEngine$Invoker.invoke(ProtobufRpcEngine.java:123)
	at com.sun.proxy.$Proxy51.submitRequest(Unknown Source)
	at org.apache.hadoop.ozone.protocolPB.StorageContainerDatanodeProtocolClientSideTranslatorPB.submitRequest(StorageContainerDatanodeProtocolClientSideTranslatorPB.java:117)
	at org.apache.hadoop.ozone.protocolPB.StorageContainerDatanodeProtocolClientSideTranslatorPB.sendHeartbeat(StorageContainerDatanodeProtocolClientSideTranslatorPB.java:149)
	at org.apache.hadoop.ozone.container.common.states.endpoint.HeartbeatEndpointTask.call(HeartbeatEndpointTask.java:185)
	at org.apache.hadoop.ozone.container.common.states.endpoint.HeartbeatEndpointTask.call(HeartbeatEndpointTask.java:87)
	at java.util.concurrent.FutureTask.run(FutureTask.java:266)
	at java.util.concurrent.ThreadPoolExecutor.runWorker(ThreadPoolExecutor.java:1149)
	at java.util.concurrent.ThreadPoolExecutor$Worker.run(ThreadPoolExecutor.java:624)
	at java.lang.Thread.run(Thread.java:750)
Caused by: java.io.EOFException
	at java.io.DataInputStream.readInt(DataInputStream.java:392)
	at org.apache.hadoop.ipc.Client$IpcStreams.readResponse(Client.java:1892)
	at org.apache.hadoop.ipc.Client$Connection.receiveRpcResponse(Client.java:1202)
	at org.apache.hadoop.ipc.Client$Connection.run(Client.java:1098)
2022-09-01 11:51:13,145 [EndpointStateMachine task thread for /127.0.0.1:42041 - 0 ] WARN  statemachine.EndpointStateMachine (EndpointStateMachine.java:logIfNeeded(241)) - Unable to communicate to SCM server at 127.0.0.1:42041 for past 0 seconds.
java.io.EOFException: End of File Exception between local host is: "fv-az459-356/10.1.1.61"; destination host is: "localhost":42041; : java.io.EOFException; For more details see:  http://wiki.apache.org/hadoop/EOFException
	at sun.reflect.NativeConstructorAccessorImpl.newInstance0(Native Method)
	at sun.reflect.NativeConstructorAccessorImpl.newInstance(NativeConstructorAccessorImpl.java:62)
	at sun.reflect.DelegatingConstructorAccessorImpl.newInstance(DelegatingConstructorAccessorImpl.java:45)
	at java.lang.reflect.Constructor.newInstance(Constructor.java:423)
	at org.apache.hadoop.net.NetUtils.wrapWithMessage(NetUtils.java:913)
	at org.apache.hadoop.net.NetUtils.wrapException(NetUtils.java:862)
	at org.apache.hadoop.ipc.Client.getRpcResponse(Client.java:1577)
	at org.apache.hadoop.ipc.Client.call(Client.java:1519)
	at org.apache.hadoop.ipc.Client.call(Client.java:1416)
	at org.apache.hadoop.ipc.ProtobufRpcEngine$Invoker.invoke(ProtobufRpcEngine.java:236)
	at org.apache.hadoop.ipc.ProtobufRpcEngine$Invoker.invoke(ProtobufRpcEngine.java:123)
	at com.sun.proxy.$Proxy51.submitRequest(Unknown Source)
	at org.apache.hadoop.ozone.protocolPB.StorageContainerDatanodeProtocolClientSideTranslatorPB.submitRequest(StorageContainerDatanodeProtocolClientSideTranslatorPB.java:117)
	at org.apache.hadoop.ozone.protocolPB.StorageContainerDatanodeProtocolClientSideTranslatorPB.sendHeartbeat(StorageContainerDatanodeProtocolClientSideTranslatorPB.java:149)
	at org.apache.hadoop.ozone.container.common.states.endpoint.HeartbeatEndpointTask.call(HeartbeatEndpointTask.java:185)
	at org.apache.hadoop.ozone.container.common.states.endpoint.HeartbeatEndpointTask.call(HeartbeatEndpointTask.java:87)
	at java.util.concurrent.FutureTask.run(FutureTask.java:266)
	at java.util.concurrent.ThreadPoolExecutor.runWorker(ThreadPoolExecutor.java:1149)
	at java.util.concurrent.ThreadPoolExecutor$Worker.run(ThreadPoolExecutor.java:624)
	at java.lang.Thread.run(Thread.java:750)
Caused by: java.io.EOFException
	at java.io.DataInputStream.readInt(DataInputStream.java:392)
	at org.apache.hadoop.ipc.Client$IpcStreams.readResponse(Client.java:1892)
	at org.apache.hadoop.ipc.Client$Connection.receiveRpcResponse(Client.java:1202)
	at org.apache.hadoop.ipc.Client$Connection.run(Client.java:1098)
2022-09-01 11:51:13,145 [EndpointStateMachine task thread for /127.0.0.1:38463 - 0 ] WARN  statemachine.EndpointStateMachine (EndpointStateMachine.java:logIfNeeded(241)) - Unable to communicate to SCM server at 127.0.0.1:38463 for past 0 seconds.
java.io.EOFException: End of File Exception between local host is: "fv-az459-356/10.1.1.61"; destination host is: "localhost":38463; : java.io.EOFException; For more details see:  http://wiki.apache.org/hadoop/EOFException
	at sun.reflect.NativeConstructorAccessorImpl.newInstance0(Native Method)
	at sun.reflect.NativeConstructorAccessorImpl.newInstance(NativeConstructorAccessorImpl.java:62)
	at sun.reflect.DelegatingConstructorAccessorImpl.newInstance(DelegatingConstructorAccessorImpl.java:45)
	at java.lang.reflect.Constructor.newInstance(Constructor.java:423)
	at org.apache.hadoop.net.NetUtils.wrapWithMessage(NetUtils.java:913)
	at org.apache.hadoop.net.NetUtils.wrapException(NetUtils.java:862)
	at org.apache.hadoop.ipc.Client.getRpcResponse(Client.java:1577)
	at org.apache.hadoop.ipc.Client.call(Client.java:1519)
	at org.apache.hadoop.ipc.Client.call(Client.java:1416)
	at org.apache.hadoop.ipc.ProtobufRpcEngine$Invoker.invoke(ProtobufRpcEngine.java:236)
	at org.apache.hadoop.ipc.ProtobufRpcEngine$Invoker.invoke(ProtobufRpcEngine.java:123)
	at com.sun.proxy.$Proxy51.submitRequest(Unknown Source)
	at org.apache.hadoop.ozone.protocolPB.StorageContainerDatanodeProtocolClientSideTranslatorPB.submitRequest(StorageContainerDatanodeProtocolClientSideTranslatorPB.java:117)
	at org.apache.hadoop.ozone.protocolPB.StorageContainerDatanodeProtocolClientSideTranslatorPB.sendHeartbeat(StorageContainerDatanodeProtocolClientSideTranslatorPB.java:149)
	at org.apache.hadoop.ozone.container.common.states.endpoint.HeartbeatEndpointTask.call(HeartbeatEndpointTask.java:185)
	at org.apache.hadoop.ozone.container.common.states.endpoint.HeartbeatEndpointTask.call(HeartbeatEndpointTask.java:87)
	at java.util.concurrent.FutureTask.run(FutureTask.java:266)
	at java.util.concurrent.ThreadPoolExecutor.runWorker(ThreadPoolExecutor.java:1149)
	at java.util.concurrent.ThreadPoolExecutor$Worker.run(ThreadPoolExecutor.java:624)
	at java.lang.Thread.run(Thread.java:750)
Caused by: java.io.EOFException
	at java.io.DataInputStream.readInt(DataInputStream.java:392)
	at org.apache.hadoop.ipc.Client$IpcStreams.readResponse(Client.java:1892)
	at org.apache.hadoop.ipc.Client$Connection.receiveRpcResponse(Client.java:1202)
	at org.apache.hadoop.ipc.Client$Connection.run(Client.java:1098)
2022-09-01 11:51:14,052 [grpc-default-executor-1] WARN  server.GrpcLogAppender (LogUtils.java:warn(122)) - 76b5452b-5401-496a-924e-e3833b3fb27e@group-1ED43301BCE6->5ae0c8ef-e091-4d1b-9d6c-68c2daa287ce-AppendLogResponseHandler: Failed appendEntries: org.apache.ratis.thirdparty.io.grpc.StatusRuntimeException: UNAVAILABLE: io exception
2022-09-01 11:51:14,053 [grpc-default-executor-1] INFO  leader.FollowerInfo (FollowerInfoImpl.java:lambda$new$0(48)) - 76b5452b-5401-496a-924e-e3833b3fb27e@group-1ED43301BCE6->5ae0c8ef-e091-4d1b-9d6c-68c2daa287ce: nextIndex: updateUnconditionally 29 -> 28
2022-09-01 11:51:14,054 [grpc-default-executor-1] WARN  server.GrpcLogAppender (LogUtils.java:warn(122)) - 76b5452b-5401-496a-924e-e3833b3fb27e@group-1ED43301BCE6->56131482-92e3-4731-b18b-d0972f1f7686-AppendLogResponseHandler: Failed appendEntries: org.apache.ratis.thirdparty.io.grpc.StatusRuntimeException: UNAVAILABLE: io exception
2022-09-01 11:51:14,055 [grpc-default-executor-1] INFO  leader.FollowerInfo (FollowerInfoImpl.java:lambda$new$0(48)) - 76b5452b-5401-496a-924e-e3833b3fb27e@group-1ED43301BCE6->56131482-92e3-4731-b18b-d0972f1f7686: nextIndex: updateUnconditionally 29 -> 28
2022-09-01 11:51:14,518 [EndpointStateMachine task thread for /127.0.0.1:42041 - 0 ] INFO  ipc.Client (Client.java:handleConnectionFailure(977)) - Retrying connect to server: localhost/127.0.0.1:42041. Already tried 0 time(s); retry policy is RetryUpToMaximumCountWithFixedSleep(maxRetries=15, sleepTime=1000 MILLISECONDS)
2022-09-01 11:51:14,518 [EndpointStateMachine task thread for /127.0.0.1:41671 - 0 ] INFO  ipc.Client (Client.java:handleConnectionFailure(977)) - Retrying connect to server: localhost/127.0.0.1:41671. Already tried 0 time(s); retry policy is RetryUpToMaximumCountWithFixedSleep(maxRetries=15, sleepTime=1000 MILLISECONDS)
2022-09-01 11:51:14,518 [EndpointStateMachine task thread for /127.0.0.1:38463 - 0 ] INFO  ipc.Client (Client.java:handleConnectionFailure(977)) - Retrying connect to server: localhost/127.0.0.1:38463. Already tried 0 time(s); retry policy is RetryUpToMaximumCountWithFixedSleep(maxRetries=15, sleepTime=1000 MILLISECONDS)
2022-09-01 11:51:15,303 [grpc-default-executor-1] WARN  server.GrpcLogAppender (LogUtils.java:warn(122)) - 76b5452b-5401-496a-924e-e3833b3fb27e@group-1ED43301BCE6->5ae0c8ef-e091-4d1b-9d6c-68c2daa287ce-AppendLogResponseHandler: Failed appendEntries: org.apache.ratis.thirdparty.io.grpc.StatusRuntimeException: UNAVAILABLE: io exception
2022-09-01 11:51:15,304 [grpc-default-executor-1] INFO  leader.FollowerInfo (FollowerInfoImpl.java:lambda$new$0(48)) - 76b5452b-5401-496a-924e-e3833b3fb27e@group-1ED43301BCE6->5ae0c8ef-e091-4d1b-9d6c-68c2daa287ce: nextIndex: updateUnconditionally 29 -> 28
2022-09-01 11:51:15,304 [grpc-default-executor-1] WARN  server.GrpcLogAppender (LogUtils.java:warn(122)) - 76b5452b-5401-496a-924e-e3833b3fb27e@group-1ED43301BCE6->56131482-92e3-4731-b18b-d0972f1f7686-AppendLogResponseHandler: Failed appendEntries: org.apache.ratis.thirdparty.io.grpc.StatusRuntimeException: UNAVAILABLE: io exception
2022-09-01 11:51:15,305 [grpc-default-executor-1] INFO  leader.FollowerInfo (FollowerInfoImpl.java:lambda$new$0(48)) - 76b5452b-5401-496a-924e-e3833b3fb27e@group-1ED43301BCE6->56131482-92e3-4731-b18b-d0972f1f7686: nextIndex: updateUnconditionally 29 -> 28
2022-09-01 11:51:15,506 [SCM Heartbeat Processing Thread - 0] WARN  node.NodeStateManager (NodeStateManager.java:scheduleNextHealthCheck(870)) - Current Thread is interrupted, shutting down HB processing thread for Node Manager.
2022-09-01 11:51:15,506 [Listener at 127.0.0.1/40551] INFO  server.StorageContainerManager (StorageContainerManager.java:stop(1594)) - Stopping block service RPC server
2022-09-01 11:51:15,506 [Listener at 127.0.0.1/40551] INFO  server.SCMBlockProtocolServer (SCMBlockProtocolServer.java:stop(161)) - Stopping the RPC server for Block Protocol
2022-09-01 11:51:15,506 [Listener at 127.0.0.1/40551] INFO  ipc.Server (Server.java:stop(3414)) - Stopping server on 45865
2022-09-01 11:51:15,509 [Listener at 127.0.0.1/40551] INFO  server.StorageContainerManager (StorageContainerManager.java:stop(1601)) - Stopping the StorageContainerLocationProtocol RPC server
2022-09-01 11:51:15,509 [Listener at 127.0.0.1/40551] INFO  server.SCMClientProtocolServer (SCMClientProtocolServer.java:stop(179)) - Stopping the RPC server for Client Protocol
2022-09-01 11:51:15,509 [Listener at 127.0.0.1/40551] INFO  ipc.Server (Server.java:stop(3414)) - Stopping server on 41613
2022-09-01 11:51:15,510 [IPC Server Responder] INFO  ipc.Server (Server.java:run(1512)) - Stopping IPC Server Responder
2022-09-01 11:51:15,512 [IPC Server listener on 45865] INFO  ipc.Server (Server.java:run(1376)) - Stopping IPC Server listener on 45865
2022-09-01 11:51:15,518 [EndpointStateMachine task thread for /127.0.0.1:41671 - 0 ] INFO  ipc.Client (Client.java:handleConnectionFailure(977)) - Retrying connect to server: localhost/127.0.0.1:41671. Already tried 1 time(s); retry policy is RetryUpToMaximumCountWithFixedSleep(maxRetries=15, sleepTime=1000 MILLISECONDS)
2022-09-01 11:51:15,518 [EndpointStateMachine task thread for /127.0.0.1:42041 - 0 ] INFO  ipc.Client (Client.java:handleConnectionFailure(977)) - Retrying connect to server: localhost/127.0.0.1:42041. Already tried 1 time(s); retry policy is RetryUpToMaximumCountWithFixedSleep(maxRetries=15, sleepTime=1000 MILLISECONDS)
2022-09-01 11:51:15,519 [EndpointStateMachine task thread for /127.0.0.1:38463 - 0 ] INFO  ipc.Client (Client.java:handleConnectionFailure(977)) - Retrying connect to server: localhost/127.0.0.1:38463. Already tried 1 time(s); retry policy is RetryUpToMaximumCountWithFixedSleep(maxRetries=15, sleepTime=1000 MILLISECONDS)
2022-09-01 11:51:15,518 [Datanode State Machine Daemon Thread] ERROR datanode.RunningDatanodeState (RunningDatanodeState.java:computeNextContainerState(207)) - Error in executing end point task.
java.util.concurrent.ExecutionException: java.util.concurrent.TimeoutException
	at java.util.concurrent.FutureTask.report(FutureTask.java:122)
	at java.util.concurrent.FutureTask.get(FutureTask.java:192)
	at org.apache.hadoop.ozone.container.common.states.datanode.RunningDatanodeState.computeNextContainerState(RunningDatanodeState.java:199)
	at org.apache.hadoop.ozone.container.common.states.datanode.RunningDatanodeState.await(RunningDatanodeState.java:239)
	at org.apache.hadoop.ozone.container.common.states.datanode.RunningDatanodeState.await(RunningDatanodeState.java:50)
	at org.apache.hadoop.ozone.container.common.statemachine.StateContext.execute(StateContext.java:660)
	at org.apache.hadoop.ozone.container.common.statemachine.DatanodeStateMachine.startStateMachineThread(DatanodeStateMachine.java:298)
	at org.apache.hadoop.ozone.container.common.statemachine.DatanodeStateMachine.lambda$startDaemon$0(DatanodeStateMachine.java:493)
	at java.lang.Thread.run(Thread.java:750)
Caused by: java.util.concurrent.TimeoutException
	at java.util.concurrent.FutureTask.get(FutureTask.java:205)
	at org.apache.hadoop.ozone.container.common.states.datanode.RunningDatanodeState.lambda$execute$0(RunningDatanodeState.java:157)
	at java.util.concurrent.FutureTask.run(FutureTask.java:266)
	at java.util.concurrent.Executors$RunnableAdapter.call(Executors.java:511)
	at java.util.concurrent.FutureTask.run(FutureTask.java:266)
	at java.util.concurrent.ThreadPoolExecutor.runWorker(ThreadPoolExecutor.java:1149)
	at java.util.concurrent.ThreadPoolExecutor$Worker.run(ThreadPoolExecutor.java:624)
	... 1 more
2022-09-01 11:51:15,529 [IPC Server listener on 41613] INFO  ipc.Server (Server.java:run(1376)) - Stopping IPC Server listener on 41613
2022-09-01 11:51:15,530 [IPC Server Responder] INFO  ipc.Server (Server.java:run(1512)) - Stopping IPC Server Responder
2022-09-01 11:51:15,530 [Listener at 127.0.0.1/40551] INFO  server.StorageContainerManager (StorageContainerManager.java:stop(1608)) - Stopping Storage Container Manager HTTP server.
2022-09-01 11:51:15,531 [Listener at 127.0.0.1/40551] INFO  handler.ContextHandler (ContextHandler.java:doStop(1153)) - Stopped o.e.j.w.WebAppContext@4732eca{scm,/,null,STOPPED}{file:/home/runner/work/ozone/ozone/hadoop-ozone/integration-test/target/test-classes/webapps/scm}
2022-09-01 11:51:15,532 [Listener at 127.0.0.1/40551] INFO  server.AbstractConnector (AbstractConnector.java:doStop(381)) - Stopped ServerConnector@4cf20f43{HTTP/1.1, (http/1.1)}{0.0.0.0:37775}
2022-09-01 11:51:15,532 [Listener at 127.0.0.1/40551] INFO  server.session (HouseKeeper.java:stopScavenging(149)) - node0 Stopped scavenging
2022-09-01 11:51:15,532 [Listener at 127.0.0.1/40551] INFO  handler.ContextHandler (ContextHandler.java:doStop(1153)) - Stopped o.e.j.s.ServletContextHandler@34faa8{static,/static,file:///home/runner/work/ozone/ozone/hadoop-ozone/integration-test/target/test-classes/webapps/static,STOPPED}
2022-09-01 11:51:15,532 [Listener at 127.0.0.1/40551] INFO  handler.ContextHandler (ContextHandler.java:doStop(1153)) - Stopped o.e.j.s.ServletContextHandler@77e4d7bf{logs,/logs,file:///home/runner/work/ozone/ozone/hadoop-ozone/integration-test/target/log,STOPPED}
2022-09-01 11:51:15,533 [Listener at 127.0.0.1/40551] INFO  server.StorageContainerManager (StorageContainerManager.java:stop(1614)) - Stopping SCM LayoutVersionManager Service.
2022-09-01 11:51:15,533 [Listener at 127.0.0.1/40551] INFO  server.StorageContainerManager (StorageContainerManager.java:stop(1622)) - Stopping Block Manager Service.
2022-09-01 11:51:15,533 [Listener at 127.0.0.1/40551] INFO  utils.BackgroundService (BackgroundService.java:shutdown(141)) - Shutting down service SCMBlockDeletingService
2022-09-01 11:51:15,533 [Listener at 127.0.0.1/40551] INFO  utils.BackgroundService (BackgroundService.java:shutdown(141)) - Shutting down service SCMBlockDeletingService
2022-09-01 11:51:15,534 [Listener at 127.0.0.1/40551] INFO  server.StorageContainerManager (StorageContainerManager.java:stop(1649)) - Stopping SCM Event Queue.
2022-09-01 11:51:15,535 [Listener at 127.0.0.1/40551] INFO  server.StorageContainerManager (StorageContainerManager.java:stop(1660)) - Stopping SCM HA services.
2022-09-01 11:51:15,535 [Listener at 127.0.0.1/40551] INFO  ha.SCMRatisServerImpl (SCMRatisServerImpl.java:stop(237)) - stopping ratis server 0.0.0.0:44617
2022-09-01 11:51:15,536 [Listener at 127.0.0.1/40551] INFO  server.RaftServer (RaftServerProxy.java:lambda$close$7(398)) - 76b5452b-5401-496a-924e-e3833b3fb27e: close
2022-09-01 11:51:15,536 [Listener at 127.0.0.1/40551] INFO  server.RaftServer$Division (RaftServerImpl.java:lambda$close$4(434)) - 76b5452b-5401-496a-924e-e3833b3fb27e@group-1ED43301BCE6: shutdown
2022-09-01 11:51:15,536 [Listener at 127.0.0.1/40551] INFO  util.JmxRegister (JmxRegister.java:unregister(73)) - Successfully un-registered JMX Bean with object name Ratis:service=RaftServer,group=group-1ED43301BCE6,id=76b5452b-5401-496a-924e-e3833b3fb27e
2022-09-01 11:51:15,536 [Listener at 127.0.0.1/40551] INFO  impl.RoleInfo (RoleInfo.java:shutdownLeaderState(93)) - 76b5452b-5401-496a-924e-e3833b3fb27e: shutdown 76b5452b-5401-496a-924e-e3833b3fb27e@group-1ED43301BCE6-LeaderStateImpl
2022-09-01 11:51:15,536 [76b5452b-5401-496a-924e-e3833b3fb27e@group-1ED43301BCE6->56131482-92e3-4731-b18b-d0972f1f7686-GrpcLogAppender-LogAppenderDaemon] WARN  server.GrpcLogAppender (GrpcLogAppender.java:mayWait(171)) - 76b5452b-5401-496a-924e-e3833b3fb27e@group-1ED43301BCE6->56131482-92e3-4731-b18b-d0972f1f7686-GrpcLogAppender: Wait interrupted by java.lang.InterruptedException
2022-09-01 11:51:15,536 [76b5452b-5401-496a-924e-e3833b3fb27e@group-1ED43301BCE6->5ae0c8ef-e091-4d1b-9d6c-68c2daa287ce-GrpcLogAppender-LogAppenderDaemon] WARN  server.GrpcLogAppender (GrpcLogAppender.java:mayWait(171)) - 76b5452b-5401-496a-924e-e3833b3fb27e@group-1ED43301BCE6->5ae0c8ef-e091-4d1b-9d6c-68c2daa287ce-GrpcLogAppender: Wait interrupted by java.lang.InterruptedException
2022-09-01 11:51:15,536 [Listener at 127.0.0.1/40551] INFO  impl.PendingRequests (PendingRequests.java:sendNotLeaderResponses(282)) - 76b5452b-5401-496a-924e-e3833b3fb27e@group-1ED43301BCE6-PendingRequests: sendNotLeaderResponses
2022-09-01 11:51:15,537 [Listener at 127.0.0.1/40551] INFO  ha.SCMStateMachine (SCMStateMachine.java:notifyNotLeader(190)) - current leader SCM steps down.
2022-09-01 11:51:15,537 [Listener at 127.0.0.1/40551] INFO  ha.SCMContext (SCMContext.java:updateLeaderAndTerm(99)) - update <isLeader,term> from <true,2> to <false,0>
2022-09-01 11:51:15,537 [Listener at 127.0.0.1/40551] INFO  ha.SCMContext (SCMContext.java:updateLeaderAndTerm(106)) - update <isLeaderReady> from <false> to <false>
2022-09-01 11:51:15,538 [Listener at 127.0.0.1/40551] INFO  BackgroundPipelineScrubber (BackgroundSCMService.java:notifyStatusChanged(88)) - Service BackgroundPipelineScrubber transitions to PAUSING.
2022-09-01 11:51:15,538 [Listener at 127.0.0.1/40551] INFO  ExpiredContainerReplicaOpScrubber (BackgroundSCMService.java:notifyStatusChanged(88)) - Service ExpiredContainerReplicaOpScrubber transitions to PAUSING.
2022-09-01 11:51:15,538 [Listener at 127.0.0.1/40551] INFO  UnderReplicatedQueueThread (BackgroundSCMService.java:notifyStatusChanged(88)) - Service UnderReplicatedQueueThread transitions to PAUSING.
2022-09-01 11:51:15,538 [Listener at 127.0.0.1/40551] INFO  OverReplicatedQueueThread (BackgroundSCMService.java:notifyStatusChanged(88)) - Service OverReplicatedQueueThread transitions to PAUSING.
2022-09-01 11:51:15,539 [Listener at 127.0.0.1/40551] INFO  impl.StateMachineUpdater (StateMachineUpdater.java:stopAndJoin(153)) - 76b5452b-5401-496a-924e-e3833b3fb27e@group-1ED43301BCE6-StateMachineUpdater: set stopIndex = 28
2022-09-01 11:51:15,539 [76b5452b-5401-496a-924e-e3833b3fb27e@group-1ED43301BCE6-StateMachineUpdater] INFO  ha.SCMStateMachine (SCMStateMachine.java:takeSnapshot(297)) - Current Snapshot Index 28, takeSnapshot took 0 ms
2022-09-01 11:51:15,539 [76b5452b-5401-496a-924e-e3833b3fb27e@group-1ED43301BCE6-StateMachineUpdater] INFO  impl.StateMachineUpdater (StateMachineUpdater.java:takeSnapshot(287)) - 76b5452b-5401-496a-924e-e3833b3fb27e@group-1ED43301BCE6-StateMachineUpdater: Took a snapshot at index 28
2022-09-01 11:51:15,539 [76b5452b-5401-496a-924e-e3833b3fb27e@group-1ED43301BCE6-StateMachineUpdater] INFO  impl.StateMachineUpdater (StateMachineUpdater.java:lambda$new$0(92)) - 76b5452b-5401-496a-924e-e3833b3fb27e@group-1ED43301BCE6-StateMachineUpdater: snapshotIndex: updateIncreasingly -1 -> 28
2022-09-01 11:51:15,540 [76b5452b-5401-496a-924e-e3833b3fb27e@group-1ED43301BCE6-StateMachineUpdater] INFO  server.StorageContainerManager (StorageContainerManager.java:stop(1558)) - Container Balancer is not running.
2022-09-01 11:51:15,540 [76b5452b-5401-496a-924e-e3833b3fb27e@group-1ED43301BCE6-StateMachineUpdater] INFO  server.StorageContainerManager (StorageContainerManager.java:stop(1565)) - Stopping Replication Manager Service.
2022-09-01 11:51:15,540 [76b5452b-5401-496a-924e-e3833b3fb27e@group-1ED43301BCE6-StateMachineUpdater] INFO  replication.ReplicationManager (ReplicationManager.java:stop(247)) - Replication Monitor Thread is not running.
2022-09-01 11:51:15,540 [76b5452b-5401-496a-924e-e3833b3fb27e@group-1ED43301BCE6-StateMachineUpdater] INFO  server.StorageContainerManager (StorageContainerManager.java:stop(1572)) - Stopping the Datanode Admin Monitor.
2022-09-01 11:51:15,540 [76b5452b-5401-496a-924e-e3833b3fb27e@group-1ED43301BCE6-StateMachineUpdater] INFO  server.StorageContainerManager (StorageContainerManager.java:stop(1579)) - Stopping Lease Manager of the command watchers
2022-09-01 11:51:15,540 [76b5452b-5401-496a-924e-e3833b3fb27e@group-1ED43301BCE6-StateMachineUpdater] ERROR server.StorageContainerManager (StorageContainerManager.java:stop(1582)) - Lease Manager of the command watchers stop failed
2022-09-01 11:51:15,540 [76b5452b-5401-496a-924e-e3833b3fb27e@group-1ED43301BCE6-StateMachineUpdater] INFO  server.StorageContainerManager (StorageContainerManager.java:stop(1586)) - Stopping datanode service RPC server
2022-09-01 11:51:15,540 [76b5452b-5401-496a-924e-e3833b3fb27e@group-1ED43301BCE6-StateMachineUpdater] INFO  server.SCMDatanodeProtocolServer (SCMDatanodeProtocolServer.java:stop(414)) - Stopping the RPC server for DataNodes
2022-09-01 11:51:15,540 [76b5452b-5401-496a-924e-e3833b3fb27e@group-1ED43301BCE6-StateMachineUpdater] INFO  ipc.Server (Server.java:stop(3414)) - Stopping server on 42041
2022-09-01 11:51:15,540 [76b5452b-5401-496a-924e-e3833b3fb27e@group-1ED43301BCE6-StateMachineUpdater] INFO  server.StorageContainerManager (StorageContainerManager.java:stop(1594)) - Stopping block service RPC server
2022-09-01 11:51:15,540 [76b5452b-5401-496a-924e-e3833b3fb27e@group-1ED43301BCE6-StateMachineUpdater] INFO  server.SCMBlockProtocolServer (SCMBlockProtocolServer.java:stop(161)) - Stopping the RPC server for Block Protocol
2022-09-01 11:51:15,540 [76b5452b-5401-496a-924e-e3833b3fb27e@group-1ED43301BCE6-StateMachineUpdater] INFO  ipc.Server (Server.java:stop(3414)) - Stopping server on 45865
2022-09-01 11:51:15,540 [76b5452b-5401-496a-924e-e3833b3fb27e@group-1ED43301BCE6-StateMachineUpdater] INFO  server.StorageContainerManager (StorageContainerManager.java:stop(1601)) - Stopping the StorageContainerLocationProtocol RPC server
2022-09-01 11:51:15,540 [76b5452b-5401-496a-924e-e3833b3fb27e@group-1ED43301BCE6-StateMachineUpdater] INFO  server.SCMClientProtocolServer (SCMClientProtocolServer.java:stop(179)) - Stopping the RPC server for Client Protocol
2022-09-01 11:51:15,540 [76b5452b-5401-496a-924e-e3833b3fb27e@group-1ED43301BCE6-StateMachineUpdater] INFO  ipc.Server (Server.java:stop(3414)) - Stopping server on 41613
2022-09-01 11:51:15,540 [76b5452b-5401-496a-924e-e3833b3fb27e@group-1ED43301BCE6-StateMachineUpdater] INFO  server.StorageContainerManager (StorageContainerManager.java:stop(1608)) - Stopping Storage Container Manager HTTP server.
2022-09-01 11:51:15,541 [76b5452b-5401-496a-924e-e3833b3fb27e@group-1ED43301BCE6-StateMachineUpdater] INFO  server.StorageContainerManager (StorageContainerManager.java:stop(1614)) - Stopping SCM LayoutVersionManager Service.
2022-09-01 11:51:15,541 [76b5452b-5401-496a-924e-e3833b3fb27e@group-1ED43301BCE6-StateMachineUpdater] INFO  server.StorageContainerManager (StorageContainerManager.java:stop(1622)) - Stopping Block Manager Service.
2022-09-01 11:51:15,541 [76b5452b-5401-496a-924e-e3833b3fb27e@group-1ED43301BCE6-StateMachineUpdater] INFO  utils.BackgroundService (BackgroundService.java:shutdown(141)) - Shutting down service SCMBlockDeletingService
2022-09-01 11:51:15,541 [76b5452b-5401-496a-924e-e3833b3fb27e@group-1ED43301BCE6-StateMachineUpdater] INFO  utils.BackgroundService (BackgroundService.java:shutdown(141)) - Shutting down service SCMBlockDeletingService
2022-09-01 11:51:15,541 [76b5452b-5401-496a-924e-e3833b3fb27e@group-1ED43301BCE6-StateMachineUpdater] INFO  server.StorageContainerManager (StorageContainerManager.java:stop(1649)) - Stopping SCM Event Queue.
2022-09-01 11:51:15,541 [76b5452b-5401-496a-924e-e3833b3fb27e@group-1ED43301BCE6-StateMachineUpdater] INFO  server.StorageContainerManager (StorageContainerManager.java:stop(1660)) - Stopping SCM HA services.
2022-09-01 11:51:15,541 [76b5452b-5401-496a-924e-e3833b3fb27e@group-1ED43301BCE6-StateMachineUpdater] INFO  ha.SCMRatisServerImpl (SCMRatisServerImpl.java:stop(237)) - stopping ratis server 0.0.0.0:44617
2022-09-01 11:51:15,541 [org.apache.ratis.util.JvmPauseMonitor$$Lambda$519/975069640@12c198d1] INFO  util.JvmPauseMonitor (JvmPauseMonitor.java:run(109)) - JvmPauseMonitor-76b5452b-5401-496a-924e-e3833b3fb27e: Stopped
2022-09-01 11:51:15,542 [76b5452b-5401-496a-924e-e3833b3fb27e@group-1ED43301BCE6-StateMachineUpdater] INFO  pipeline.BackgroundPipelineCreator (BackgroundPipelineCreator.java:stop(149)) - Stopping RatisPipelineUtilsThread.
2022-09-01 11:51:15,542 [RatisPipelineUtilsThread - 0] WARN  pipeline.BackgroundPipelineCreator (BackgroundPipelineCreator.java:run(180)) - RatisPipelineUtilsThread is interrupted.
2022-09-01 11:51:15,542 [BackgroundPipelineScrubberThread] WARN  BackgroundPipelineScrubber (BackgroundSCMService.java:run(115)) - BackgroundPipelineScrubber is interrupted, exit
2022-09-01 11:51:15,542 [76b5452b-5401-496a-924e-e3833b3fb27e@group-1ED43301BCE6-StateMachineUpdater] INFO  BackgroundPipelineScrubber (BackgroundSCMService.java:stop(131)) - Stopping BackgroundPipelineScrubber Service.
2022-09-01 11:51:15,542 [76b5452b-5401-496a-924e-e3833b3fb27e@group-1ED43301BCE6-StateMachineUpdater] INFO  server.StorageContainerManager (StorageContainerManager.java:stop(1670)) - Stopping SCM MetadataStore.
2022-09-01 11:51:15,544 [76b5452b-5401-496a-924e-e3833b3fb27e@group-1ED43301BCE6-StateMachineUpdater] INFO  impl.MetricsSystemImpl (MetricsSystemImpl.java:stop(205)) - HddsDatanode metrics system stopped (again)
2022-09-01 11:51:15,544 [76b5452b-5401-496a-924e-e3833b3fb27e@group-1ED43301BCE6-StateMachineUpdater] ERROR server.StorageContainerManager (ExitUtils.java:terminate(133)) - Terminating with exit status 1: scm statemachine is closed by ratis, terminate SCM
2022-09-01 11:51:15,544 [76b5452b-5401-496a-924e-e3833b3fb27e@group-1ED43301BCE6-StateMachineUpdater] WARN  impl.StateMachineUpdater (StateMachineUpdater.java:stop(137)) - 76b5452b-5401-496a-924e-e3833b3fb27e@group-1ED43301BCE6-StateMachineUpdater: Failed to close SCMStateMachine SCMStateMachine:76b5452b-5401-496a-924e-e3833b3fb27e:group-1ED43301BCE6
org.apache.ratis.util.ExitUtils$ExitException: scm statemachine is closed by ratis, terminate SCM
	at org.apache.ratis.util.ExitUtils.terminate(ExitUtils.java:141)
	at org.apache.ratis.util.ExitUtils.terminate(ExitUtils.java:151)
	at org.apache.ratis.util.ExitUtils.terminate(ExitUtils.java:155)
	at org.apache.hadoop.hdds.scm.server.StorageContainerManager.shutDown(StorageContainerManager.java:1686)
	at org.apache.hadoop.hdds.scm.ha.SCMStateMachine.close(SCMStateMachine.java:403)
	at org.apache.ratis.server.impl.StateMachineUpdater.stop(StateMachineUpdater.java:134)
	at org.apache.ratis.server.impl.StateMachineUpdater.run(StateMachineUpdater.java:187)
	at java.lang.Thread.run(Thread.java:750)
2022-09-01 11:51:15,545 [Listener at 127.0.0.1/40551] INFO  server.RaftServer$Division (ServerState.java:close(429)) - 76b5452b-5401-496a-924e-e3833b3fb27e@group-1ED43301BCE6: closes. applyIndex: 28
2022-09-01 11:51:15,545 [76b5452b-5401-496a-924e-e3833b3fb27e@group-1ED43301BCE6-SegmentedRaftLogWorker] INFO  segmented.SegmentedRaftLogWorker (SegmentedRaftLogWorker.java:run(336)) - 76b5452b-5401-496a-924e-e3833b3fb27e@group-1ED43301BCE6-SegmentedRaftLogWorker was interrupted, exiting. There are 0 tasks remaining in the queue.
2022-09-01 11:51:15,546 [Listener at 127.0.0.1/40551] INFO  segmented.SegmentedRaftLogWorker (SegmentedRaftLogWorker.java:close(246)) - 76b5452b-5401-496a-924e-e3833b3fb27e@group-1ED43301BCE6-SegmentedRaftLogWorker close()
2022-09-01 11:51:15,547 [Listener at 127.0.0.1/40551] INFO  server.GrpcService (GrpcService.java:closeImpl(269)) - 76b5452b-5401-496a-924e-e3833b3fb27e: shutdown server with port 44617 now
2022-09-01 11:51:15,553 [Listener at 127.0.0.1/40551] INFO  server.GrpcService (GrpcService.java:closeImpl(278)) - 76b5452b-5401-496a-924e-e3833b3fb27e: shutdown server with port 44617 successfully
2022-09-01 11:51:15,553 [Listener at 127.0.0.1/40551] WARN  pipeline.BackgroundPipelineCreator (BackgroundPipelineCreator.java:stop(145)) - RatisPipelineUtilsThread is not running, just ignore.
2022-09-01 11:51:15,553 [Listener at 127.0.0.1/40551] INFO  BackgroundPipelineScrubber (BackgroundSCMService.java:stop(126)) - BackgroundPipelineScrubber Service is not running, skip stop.
2022-09-01 11:51:15,553 [Listener at 127.0.0.1/40551] INFO  server.StorageContainerManager (StorageContainerManager.java:stop(1670)) - Stopping SCM MetadataStore.
2022-09-01 11:51:15,553 [Listener at 127.0.0.1/40551] INFO  impl.MetricsSystemImpl (MetricsSystemImpl.java:stop(205)) - HddsDatanode metrics system stopped (again)
2022-09-01 11:51:15,553 [Listener at 127.0.0.1/40551] INFO  ozone.MiniOzoneClusterImpl (MiniOzoneClusterImpl.java:stop(463)) - Stopping the Mini Ozone Cluster
2022-09-01 11:51:15,553 [Listener at 127.0.0.1/40551] INFO  ozone.MiniOzoneClusterImpl (MiniOzoneClusterImpl.java:stopDatanodes(522)) - Stopping the HddsDatanodes
2022-09-01 11:51:15,790 [Datanode State Machine Daemon Thread] WARN  statemachine.StateContext (StateContext.java:setState(252)) - Ignore disallowed transition from SHUTDOWN to RUNNING
2022-09-01 11:51:16,142 [Datanode State Machine Daemon Thread] ERROR datanode.RunningDatanodeState (RunningDatanodeState.java:computeNextContainerState(207)) - Error in executing end point task.
java.util.concurrent.ExecutionException: java.util.concurrent.TimeoutException
	at java.util.concurrent.FutureTask.report(FutureTask.java:122)
	at java.util.concurrent.FutureTask.get(FutureTask.java:192)
	at org.apache.hadoop.ozone.container.common.states.datanode.RunningDatanodeState.computeNextContainerState(RunningDatanodeState.java:199)
	at org.apache.hadoop.ozone.container.common.states.datanode.RunningDatanodeState.await(RunningDatanodeState.java:239)
	at org.apache.hadoop.ozone.container.common.states.datanode.RunningDatanodeState.await(RunningDatanodeState.java:50)
	at org.apache.hadoop.ozone.container.common.statemachine.StateContext.execute(StateContext.java:660)
	at org.apache.hadoop.ozone.container.common.statemachine.DatanodeStateMachine.startStateMachineThread(DatanodeStateMachine.java:298)
	at org.apache.hadoop.ozone.container.common.statemachine.DatanodeStateMachine.lambda$startDaemon$0(DatanodeStateMachine.java:493)
	at java.lang.Thread.run(Thread.java:750)
Caused by: java.util.concurrent.TimeoutException
	at java.util.concurrent.FutureTask.get(FutureTask.java:205)
	at org.apache.hadoop.ozone.container.common.states.datanode.RunningDatanodeState.lambda$execute$0(RunningDatanodeState.java:157)
	at java.util.concurrent.FutureTask.run(FutureTask.java:266)
	at java.util.concurrent.Executors$RunnableAdapter.call(Executors.java:511)
	at java.util.concurrent.FutureTask.run(FutureTask.java:266)
	at java.util.concurrent.ThreadPoolExecutor.runWorker(ThreadPoolExecutor.java:1149)
	at java.util.concurrent.ThreadPoolExecutor$Worker.run(ThreadPoolExecutor.java:624)
	... 1 more
2022-09-01 11:51:16,519 [EndpointStateMachine task thread for /127.0.0.1:41671 - 0 ] INFO  ipc.Client (Client.java:handleConnectionFailure(977)) - Retrying connect to server: localhost/127.0.0.1:41671. Already tried 2 time(s); retry policy is RetryUpToMaximumCountWithFixedSleep(maxRetries=15, sleepTime=1000 MILLISECONDS)
2022-09-01 11:51:16,519 [EndpointStateMachine task thread for /127.0.0.1:42041 - 0 ] INFO  ipc.Client (Client.java:handleConnectionFailure(977)) - Retrying connect to server: localhost/127.0.0.1:42041. Already tried 2 time(s); retry policy is RetryUpToMaximumCountWithFixedSleep(maxRetries=15, sleepTime=1000 MILLISECONDS)
2022-09-01 11:51:16,519 [EndpointStateMachine task thread for /127.0.0.1:38463 - 0 ] INFO  ipc.Client (Client.java:handleConnectionFailure(977)) - Retrying connect to server: localhost/127.0.0.1:38463. Already tried 2 time(s); retry policy is RetryUpToMaximumCountWithFixedSleep(maxRetries=15, sleepTime=1000 MILLISECONDS)
2022-09-01 11:51:16,523 [Datanode State Machine Daemon Thread] ERROR datanode.RunningDatanodeState (RunningDatanodeState.java:computeNextContainerState(207)) - Error in executing end point task.
java.util.concurrent.ExecutionException: java.util.concurrent.TimeoutException
	at java.util.concurrent.FutureTask.report(FutureTask.java:122)
	at java.util.concurrent.FutureTask.get(FutureTask.java:192)
	at org.apache.hadoop.ozone.container.common.states.datanode.RunningDatanodeState.computeNextContainerState(RunningDatanodeState.java:199)
	at org.apache.hadoop.ozone.container.common.states.datanode.RunningDatanodeState.await(RunningDatanodeState.java:239)
	at org.apache.hadoop.ozone.container.common.states.datanode.RunningDatanodeState.await(RunningDatanodeState.java:50)
	at org.apache.hadoop.ozone.container.common.statemachine.StateContext.execute(StateContext.java:660)
	at org.apache.hadoop.ozone.container.common.statemachine.DatanodeStateMachine.startStateMachineThread(DatanodeStateMachine.java:298)
	at org.apache.hadoop.ozone.container.common.statemachine.DatanodeStateMachine.lambda$startDaemon$0(DatanodeStateMachine.java:493)
	at java.lang.Thread.run(Thread.java:750)
Caused by: java.util.concurrent.TimeoutException
	at java.util.concurrent.FutureTask.get(FutureTask.java:205)
	at org.apache.hadoop.ozone.container.common.states.datanode.RunningDatanodeState.lambda$execute$0(RunningDatanodeState.java:157)
	at java.util.concurrent.FutureTask.run(FutureTask.java:266)
	at java.util.concurrent.Executors$RunnableAdapter.call(Executors.java:511)
	at java.util.concurrent.FutureTask.run(FutureTask.java:266)
	at java.util.concurrent.ThreadPoolExecutor.runWorker(ThreadPoolExecutor.java:1149)
	at java.util.concurrent.ThreadPoolExecutor$Worker.run(ThreadPoolExecutor.java:624)
	... 1 more
2022-09-01 11:51:16,523 [Datanode State Machine Daemon Thread] WARN  statemachine.StateContext (StateContext.java:setState(252)) - Ignore disallowed transition from SHUTDOWN to RUNNING
2022-09-01 11:51:16,680 [53230697-4daa-462d-80e4-75ca566b1cfd@group-BBBFE33D87BA-FollowerState] INFO  impl.FollowerState (FollowerState.java:run(143)) - 53230697-4daa-462d-80e4-75ca566b1cfd@group-BBBFE33D87BA-FollowerState: change to CANDIDATE, lastRpcElapsedTime:5078493707ns, electionTimeout:5077ms
2022-09-01 11:51:16,681 [53230697-4daa-462d-80e4-75ca566b1cfd@group-BBBFE33D87BA-FollowerState] INFO  impl.RoleInfo (RoleInfo.java:shutdownFollowerState(110)) - 53230697-4daa-462d-80e4-75ca566b1cfd: shutdown 53230697-4daa-462d-80e4-75ca566b1cfd@group-BBBFE33D87BA-FollowerState
2022-09-01 11:51:16,681 [53230697-4daa-462d-80e4-75ca566b1cfd@group-BBBFE33D87BA-FollowerState] INFO  server.RaftServer$Division (RaftServerImpl.java:setRole(299)) - 53230697-4daa-462d-80e4-75ca566b1cfd@group-BBBFE33D87BA: changes role from  FOLLOWER to CANDIDATE at term 1 for changeToCandidate
2022-09-01 11:51:16,681 [53230697-4daa-462d-80e4-75ca566b1cfd@group-BBBFE33D87BA-FollowerState] INFO  server.RaftServerConfigKeys (ConfUtils.java:logGet(46)) - raft.server.leaderelection.pre-vote = false (custom)
2022-09-01 11:51:16,681 [53230697-4daa-462d-80e4-75ca566b1cfd@group-BBBFE33D87BA-FollowerState] INFO  impl.RoleInfo (RoleInfo.java:updateAndGet(139)) - 53230697-4daa-462d-80e4-75ca566b1cfd: start 53230697-4daa-462d-80e4-75ca566b1cfd@group-BBBFE33D87BA-LeaderElection14
2022-09-01 11:51:16,684 [53230697-4daa-462d-80e4-75ca566b1cfd@group-BBBFE33D87BA-LeaderElection14] INFO  impl.LeaderElection (LeaderElection.java:askForVotes(310)) - 53230697-4daa-462d-80e4-75ca566b1cfd@group-BBBFE33D87BA-LeaderElection14 ELECTION round 0: submit vote requests at term 2 for -1: [953192fd-2d2b-4a2c-9bab-3b1036121bcc|rpc:127.0.0.1:45107|dataStream:|priority:0, 19f1ba4d-0ac4-417a-a768-c4a6f2a4cb21|rpc:127.0.0.1:36057|dataStream:|priority:0, 53230697-4daa-462d-80e4-75ca566b1cfd|rpc:127.0.0.1:39827|dataStream:|priority:1], old=null
2022-09-01 11:51:16,690 [grpc-default-executor-1] INFO  server.RaftServer$Division (RaftServerImpl.java:requestVote(1152)) - 953192fd-2d2b-4a2c-9bab-3b1036121bcc@group-BBBFE33D87BA: receive requestVote(ELECTION, 53230697-4daa-462d-80e4-75ca566b1cfd, group-BBBFE33D87BA, 2, (t:0, i:0))
2022-09-01 11:51:16,691 [grpc-default-executor-0] INFO  server.RaftServer$Division (RaftServerImpl.java:requestVote(1152)) - 19f1ba4d-0ac4-417a-a768-c4a6f2a4cb21@group-BBBFE33D87BA: receive requestVote(ELECTION, 53230697-4daa-462d-80e4-75ca566b1cfd, group-BBBFE33D87BA, 2, (t:0, i:0))
2022-09-01 11:51:16,691 [grpc-default-executor-0] INFO  impl.VoteContext (VoteContext.java:log(48)) - 19f1ba4d-0ac4-417a-a768-c4a6f2a4cb21@group-BBBFE33D87BA-FOLLOWER: accept ELECTION from 53230697-4daa-462d-80e4-75ca566b1cfd: our priority 0 <= candidate's priority 1
2022-09-01 11:51:16,691 [grpc-default-executor-0] INFO  server.RaftServer$Division (RaftServerImpl.java:setRole(299)) - 19f1ba4d-0ac4-417a-a768-c4a6f2a4cb21@group-BBBFE33D87BA: changes role from  FOLLOWER to FOLLOWER at term 2 for candidate:53230697-4daa-462d-80e4-75ca566b1cfd
2022-09-01 11:51:16,692 [grpc-default-executor-0] INFO  impl.RoleInfo (RoleInfo.java:shutdownFollowerState(110)) - 19f1ba4d-0ac4-417a-a768-c4a6f2a4cb21: shutdown 19f1ba4d-0ac4-417a-a768-c4a6f2a4cb21@group-BBBFE33D87BA-FollowerState
2022-09-01 11:51:16,692 [grpc-default-executor-0] INFO  impl.RoleInfo (RoleInfo.java:updateAndGet(139)) - 19f1ba4d-0ac4-417a-a768-c4a6f2a4cb21: start 19f1ba4d-0ac4-417a-a768-c4a6f2a4cb21@group-BBBFE33D87BA-FollowerState
2022-09-01 11:51:16,692 [19f1ba4d-0ac4-417a-a768-c4a6f2a4cb21@group-BBBFE33D87BA-FollowerState] INFO  impl.FollowerState (FollowerState.java:run(152)) - 19f1ba4d-0ac4-417a-a768-c4a6f2a4cb21@group-BBBFE33D87BA-FollowerState was interrupted
2022-09-01 11:51:16,692 [grpc-default-executor-1] INFO  impl.VoteContext (VoteContext.java:log(48)) - 953192fd-2d2b-4a2c-9bab-3b1036121bcc@group-BBBFE33D87BA-FOLLOWER: accept ELECTION from 53230697-4daa-462d-80e4-75ca566b1cfd: our priority 0 <= candidate's priority 1
2022-09-01 11:51:16,692 [grpc-default-executor-1] INFO  server.RaftServer$Division (RaftServerImpl.java:setRole(299)) - 953192fd-2d2b-4a2c-9bab-3b1036121bcc@group-BBBFE33D87BA: changes role from  FOLLOWER to FOLLOWER at term 2 for candidate:53230697-4daa-462d-80e4-75ca566b1cfd
2022-09-01 11:51:16,692 [grpc-default-executor-1] INFO  impl.RoleInfo (RoleInfo.java:shutdownFollowerState(110)) - 953192fd-2d2b-4a2c-9bab-3b1036121bcc: shutdown 953192fd-2d2b-4a2c-9bab-3b1036121bcc@group-BBBFE33D87BA-FollowerState
2022-09-01 11:51:16,693 [953192fd-2d2b-4a2c-9bab-3b1036121bcc@group-BBBFE33D87BA-FollowerState] INFO  impl.FollowerState (FollowerState.java:run(152)) - 953192fd-2d2b-4a2c-9bab-3b1036121bcc@group-BBBFE33D87BA-FollowerState was interrupted
2022-09-01 11:51:16,693 [grpc-default-executor-1] INFO  impl.RoleInfo (RoleInfo.java:updateAndGet(139)) - 953192fd-2d2b-4a2c-9bab-3b1036121bcc: start 953192fd-2d2b-4a2c-9bab-3b1036121bcc@group-BBBFE33D87BA-FollowerState
2022-09-01 11:51:16,695 [grpc-default-executor-0] INFO  server.RaftServer$Division (RaftServerImpl.java:requestVote(1184)) - 19f1ba4d-0ac4-417a-a768-c4a6f2a4cb21@group-BBBFE33D87BA replies to ELECTION vote request: 53230697-4daa-462d-80e4-75ca566b1cfd<-19f1ba4d-0ac4-417a-a768-c4a6f2a4cb21#0:OK-t2. Peer's state: 19f1ba4d-0ac4-417a-a768-c4a6f2a4cb21@group-BBBFE33D87BA:t2, leader=null, voted=53230697-4daa-462d-80e4-75ca566b1cfd, raftlog=19f1ba4d-0ac4-417a-a768-c4a6f2a4cb21@group-BBBFE33D87BA-SegmentedRaftLog:OPENED:c-1, conf=-1: [953192fd-2d2b-4a2c-9bab-3b1036121bcc|rpc:127.0.0.1:45107|priority:0, 19f1ba4d-0ac4-417a-a768-c4a6f2a4cb21|rpc:127.0.0.1:36057|priority:0, 53230697-4daa-462d-80e4-75ca566b1cfd|rpc:127.0.0.1:39827|priority:1], old=null
2022-09-01 11:51:16,696 [grpc-default-executor-1] INFO  server.RaftServer$Division (RaftServerImpl.java:requestVote(1184)) - 953192fd-2d2b-4a2c-9bab-3b1036121bcc@group-BBBFE33D87BA replies to ELECTION vote request: 53230697-4daa-462d-80e4-75ca566b1cfd<-953192fd-2d2b-4a2c-9bab-3b1036121bcc#0:OK-t2. Peer's state: 953192fd-2d2b-4a2c-9bab-3b1036121bcc@group-BBBFE33D87BA:t2, leader=null, voted=53230697-4daa-462d-80e4-75ca566b1cfd, raftlog=953192fd-2d2b-4a2c-9bab-3b1036121bcc@group-BBBFE33D87BA-SegmentedRaftLog:OPENED:c-1, conf=-1: [953192fd-2d2b-4a2c-9bab-3b1036121bcc|rpc:127.0.0.1:45107|dataStream:|priority:0, 19f1ba4d-0ac4-417a-a768-c4a6f2a4cb21|rpc:127.0.0.1:36057|dataStream:|priority:0, 53230697-4daa-462d-80e4-75ca566b1cfd|rpc:127.0.0.1:39827|dataStream:|priority:1], old=null
2022-09-01 11:51:16,697 [53230697-4daa-462d-80e4-75ca566b1cfd@group-BBBFE33D87BA-LeaderElection14] INFO  impl.LeaderElection (LeaderElection.java:logAndReturn(90)) - 53230697-4daa-462d-80e4-75ca566b1cfd@group-BBBFE33D87BA-LeaderElection14: ELECTION PASSED received 1 response(s) and 0 exception(s):
2022-09-01 11:51:16,697 [53230697-4daa-462d-80e4-75ca566b1cfd@group-BBBFE33D87BA-LeaderElection14] INFO  impl.LeaderElection (LeaderElection.java:logAndReturn(94)) -   Response 0: 53230697-4daa-462d-80e4-75ca566b1cfd<-19f1ba4d-0ac4-417a-a768-c4a6f2a4cb21#0:OK-t2
2022-09-01 11:51:16,697 [53230697-4daa-462d-80e4-75ca566b1cfd@group-BBBFE33D87BA-LeaderElection14] INFO  impl.LeaderElection (LeaderElection.java:askForVotes(312)) - 53230697-4daa-462d-80e4-75ca566b1cfd@group-BBBFE33D87BA-LeaderElection14 ELECTION round 0: result PASSED
2022-09-01 11:51:16,697 [53230697-4daa-462d-80e4-75ca566b1cfd@group-BBBFE33D87BA-LeaderElection14] INFO  impl.RoleInfo (RoleInfo.java:shutdownLeaderElection(130)) - 53230697-4daa-462d-80e4-75ca566b1cfd: shutdown 53230697-4daa-462d-80e4-75ca566b1cfd@group-BBBFE33D87BA-LeaderElection14
2022-09-01 11:51:16,697 [53230697-4daa-462d-80e4-75ca566b1cfd@group-BBBFE33D87BA-LeaderElection14] INFO  server.RaftServer$Division (RaftServerImpl.java:setRole(299)) - 53230697-4daa-462d-80e4-75ca566b1cfd@group-BBBFE33D87BA: changes role from CANDIDATE to LEADER at term 2 for changeToLeader
2022-09-01 11:51:16,697 [53230697-4daa-462d-80e4-75ca566b1cfd@group-BBBFE33D87BA-LeaderElection14] INFO  ratis.XceiverServerRatis (XceiverServerRatis.java:handleLeaderChangedNotification(863)) - Leader change notification received for group: group-BBBFE33D87BA with new leaderId: 53230697-4daa-462d-80e4-75ca566b1cfd
2022-09-01 11:51:16,697 [53230697-4daa-462d-80e4-75ca566b1cfd@group-BBBFE33D87BA-LeaderElection14] INFO  server.RaftServer$Division (ServerState.java:setLeader(287)) - 53230697-4daa-462d-80e4-75ca566b1cfd@group-BBBFE33D87BA: change Leader from null to 53230697-4daa-462d-80e4-75ca566b1cfd at term 2 for becomeLeader, leader elected after 10042ms
2022-09-01 11:51:16,697 [53230697-4daa-462d-80e4-75ca566b1cfd@group-BBBFE33D87BA-LeaderElection14] INFO  server.RaftServerConfigKeys (ConfUtils.java:logGet(46)) - raft.server.staging.catchup.gap = 1000 (default)
2022-09-01 11:51:16,698 [53230697-4daa-462d-80e4-75ca566b1cfd@group-BBBFE33D87BA-LeaderElection14] INFO  server.RaftServerConfigKeys (ConfUtils.java:logGet(46)) - raft.server.write.element-limit = 1024 (custom)
2022-09-01 11:51:16,698 [53230697-4daa-462d-80e4-75ca566b1cfd@group-BBBFE33D87BA-LeaderElection14] INFO  server.RaftServerConfigKeys (ConfUtils.java:logGet(46)) - raft.server.write.byte-limit = 1024 M (=1073741824) (custom)
2022-09-01 11:51:16,698 [53230697-4daa-462d-80e4-75ca566b1cfd@group-BBBFE33D87BA-LeaderElection14] INFO  server.RaftServerConfigKeys (ConfUtils.java:logGet(46)) - raft.server.watch.timeout = 180s (custom)
2022-09-01 11:51:16,698 [53230697-4daa-462d-80e4-75ca566b1cfd@group-BBBFE33D87BA-LeaderElection14] INFO  server.RaftServerConfigKeys (ConfUtils.java:logGet(46)) - raft.server.watch.timeout.denomination = 1s (default)
2022-09-01 11:51:16,698 [53230697-4daa-462d-80e4-75ca566b1cfd@group-BBBFE33D87BA-LeaderElection14] INFO  server.RaftServerConfigKeys (ConfUtils.java:logGet(46)) - raft.server.watch.element-limit = 65536 (default)
2022-09-01 11:51:16,698 [53230697-4daa-462d-80e4-75ca566b1cfd@group-BBBFE33D87BA-LeaderElection14] INFO  server.RaftServerConfigKeys (ConfUtils.java:logGet(46)) - raft.server.write.element-limit = 1024 (custom)
2022-09-01 11:51:16,698 [53230697-4daa-462d-80e4-75ca566b1cfd@group-BBBFE33D87BA-LeaderElection14] INFO  server.RaftServerConfigKeys (ConfUtils.java:logGet(46)) - raft.server.write.follower.gap.ratio.max = -1.0 (default)
2022-09-01 11:51:16,699 [53230697-4daa-462d-80e4-75ca566b1cfd@group-BBBFE33D87BA-LeaderElection14] INFO  server.RaftServerConfigKeys (ConfUtils.java:logGet(46)) - raft.server.log.appender.snapshot.chunk.size.max = 16MB (=16777216) (default)
2022-09-01 11:51:16,699 [53230697-4daa-462d-80e4-75ca566b1cfd@group-BBBFE33D87BA-LeaderElection14] INFO  server.RaftServerConfigKeys (ConfUtils.java:logGet(46)) - raft.server.log.appender.buffer.byte-limit = 33554432 (custom)
2022-09-01 11:51:16,699 [53230697-4daa-462d-80e4-75ca566b1cfd@group-BBBFE33D87BA-LeaderElection14] INFO  server.RaftServerConfigKeys (ConfUtils.java:logGet(46)) - raft.server.log.appender.buffer.element-limit = 1 (custom)
2022-09-01 11:51:16,700 [53230697-4daa-462d-80e4-75ca566b1cfd@group-BBBFE33D87BA-LeaderElection14] INFO  grpc.GrpcConfigKeys (ConfUtils.java:logGet(46)) - raft.grpc.server.leader.outstanding.appends.max = 128 (default)
2022-09-01 11:51:16,700 [53230697-4daa-462d-80e4-75ca566b1cfd@group-BBBFE33D87BA-LeaderElection14] INFO  server.RaftServerConfigKeys (ConfUtils.java:logGet(46)) - raft.server.rpc.request.timeout = 60s (custom)
2022-09-01 11:51:16,700 [53230697-4daa-462d-80e4-75ca566b1cfd@group-BBBFE33D87BA-LeaderElection14] INFO  server.RaftServerConfigKeys (ConfUtils.java:logGet(46)) - raft.server.log.appender.install.snapshot.enabled = false (custom)
2022-09-01 11:51:16,701 [53230697-4daa-462d-80e4-75ca566b1cfd@group-BBBFE33D87BA-LeaderElection14] INFO  server.RaftServerConfigKeys (ConfUtils.java:logGet(46)) - raft.server.log.appender.snapshot.chunk.size.max = 16MB (=16777216) (default)
2022-09-01 11:51:16,701 [53230697-4daa-462d-80e4-75ca566b1cfd@group-BBBFE33D87BA-LeaderElection14] INFO  server.RaftServerConfigKeys (ConfUtils.java:logGet(46)) - raft.server.log.appender.buffer.byte-limit = 33554432 (custom)
2022-09-01 11:51:16,701 [53230697-4daa-462d-80e4-75ca566b1cfd@group-BBBFE33D87BA-LeaderElection14] INFO  server.RaftServerConfigKeys (ConfUtils.java:logGet(46)) - raft.server.log.appender.buffer.element-limit = 1 (custom)
2022-09-01 11:51:16,701 [53230697-4daa-462d-80e4-75ca566b1cfd@group-BBBFE33D87BA-LeaderElection14] INFO  grpc.GrpcConfigKeys (ConfUtils.java:logGet(46)) - raft.grpc.server.leader.outstanding.appends.max = 128 (default)
2022-09-01 11:51:16,701 [53230697-4daa-462d-80e4-75ca566b1cfd@group-BBBFE33D87BA-LeaderElection14] INFO  server.RaftServerConfigKeys (ConfUtils.java:logGet(46)) - raft.server.rpc.request.timeout = 60s (custom)
2022-09-01 11:51:16,701 [53230697-4daa-462d-80e4-75ca566b1cfd@group-BBBFE33D87BA-LeaderElection14] INFO  server.RaftServerConfigKeys (ConfUtils.java:logGet(46)) - raft.server.log.appender.install.snapshot.enabled = false (custom)
2022-09-01 11:51:16,701 [53230697-4daa-462d-80e4-75ca566b1cfd@group-BBBFE33D87BA-LeaderElection14] INFO  impl.RoleInfo (RoleInfo.java:updateAndGet(139)) - 53230697-4daa-462d-80e4-75ca566b1cfd: start 53230697-4daa-462d-80e4-75ca566b1cfd@group-BBBFE33D87BA-LeaderStateImpl
2022-09-01 11:51:16,702 [53230697-4daa-462d-80e4-75ca566b1cfd@group-BBBFE33D87BA-LeaderElection14] INFO  segmented.SegmentedRaftLogWorker (SegmentedRaftLogWorker.java:startLogSegment(425)) - 53230697-4daa-462d-80e4-75ca566b1cfd@group-BBBFE33D87BA-SegmentedRaftLogWorker: Starting segment from index:0
2022-09-01 11:51:16,706 [53230697-4daa-462d-80e4-75ca566b1cfd@group-BBBFE33D87BA-SegmentedRaftLogWorker] INFO  segmented.SegmentedRaftLogWorker (SegmentedRaftLogWorker.java:execute(629)) - 53230697-4daa-462d-80e4-75ca566b1cfd@group-BBBFE33D87BA-SegmentedRaftLogWorker: created new log segment /home/runner/work/ozone/ozone/hadoop-ozone/integration-test/target/test-dir/MiniOzoneClusterImpl-a1c451f0-9b10-458f-87dd-1ed43301bce6/datanode-2/data/ratis/9b7c563b-ab3b-4ffc-aa74-bbbfe33d87ba/current/log_inprogress_0
2022-09-01 11:51:16,711 [53230697-4daa-462d-80e4-75ca566b1cfd@group-BBBFE33D87BA-LeaderElection14] INFO  server.RaftServer$Division (ServerState.java:setRaftConf(393)) - 53230697-4daa-462d-80e4-75ca566b1cfd@group-BBBFE33D87BA: set configuration 0: [953192fd-2d2b-4a2c-9bab-3b1036121bcc|rpc:127.0.0.1:45107|dataStream:|priority:0, 19f1ba4d-0ac4-417a-a768-c4a6f2a4cb21|rpc:127.0.0.1:36057|dataStream:|priority:0, 53230697-4daa-462d-80e4-75ca566b1cfd|rpc:127.0.0.1:39827|dataStream:|priority:1], old=null
2022-09-01 11:51:16,719 [953192fd-2d2b-4a2c-9bab-3b1036121bcc-server-thread1] INFO  ratis.XceiverServerRatis (XceiverServerRatis.java:handleLeaderChangedNotification(863)) - Leader change notification received for group: group-BBBFE33D87BA with new leaderId: 53230697-4daa-462d-80e4-75ca566b1cfd
2022-09-01 11:51:16,719 [953192fd-2d2b-4a2c-9bab-3b1036121bcc-server-thread1] INFO  server.RaftServer$Division (ServerState.java:setLeader(287)) - 953192fd-2d2b-4a2c-9bab-3b1036121bcc@group-BBBFE33D87BA: change Leader from null to 53230697-4daa-462d-80e4-75ca566b1cfd at term 2 for appendEntries, leader elected after 10130ms
2022-09-01 11:51:16,722 [19f1ba4d-0ac4-417a-a768-c4a6f2a4cb21-server-thread1] INFO  ratis.XceiverServerRatis (XceiverServerRatis.java:handleLeaderChangedNotification(863)) - Leader change notification received for group: group-BBBFE33D87BA with new leaderId: 53230697-4daa-462d-80e4-75ca566b1cfd
2022-09-01 11:51:16,723 [19f1ba4d-0ac4-417a-a768-c4a6f2a4cb21-server-thread1] INFO  server.RaftServer$Division (ServerState.java:setLeader(287)) - 19f1ba4d-0ac4-417a-a768-c4a6f2a4cb21@group-BBBFE33D87BA: change Leader from null to 53230697-4daa-462d-80e4-75ca566b1cfd at term 2 for appendEntries, leader elected after 10182ms
2022-09-01 11:51:16,732 [19f1ba4d-0ac4-417a-a768-c4a6f2a4cb21-server-thread1] INFO  server.RaftServer$Division (ServerState.java:setRaftConf(393)) - 19f1ba4d-0ac4-417a-a768-c4a6f2a4cb21@group-BBBFE33D87BA: set configuration 0: [953192fd-2d2b-4a2c-9bab-3b1036121bcc|rpc:127.0.0.1:45107|dataStream:|priority:0, 19f1ba4d-0ac4-417a-a768-c4a6f2a4cb21|rpc:127.0.0.1:36057|dataStream:|priority:0, 53230697-4daa-462d-80e4-75ca566b1cfd|rpc:127.0.0.1:39827|dataStream:|priority:1], old=null
2022-09-01 11:51:16,732 [19f1ba4d-0ac4-417a-a768-c4a6f2a4cb21-server-thread1] INFO  segmented.SegmentedRaftLogWorker (SegmentedRaftLogWorker.java:startLogSegment(425)) - 19f1ba4d-0ac4-417a-a768-c4a6f2a4cb21@group-BBBFE33D87BA-SegmentedRaftLogWorker: Starting segment from index:0
2022-09-01 11:51:16,733 [953192fd-2d2b-4a2c-9bab-3b1036121bcc-server-thread2] INFO  server.RaftServer$Division (ServerState.java:setRaftConf(393)) - 953192fd-2d2b-4a2c-9bab-3b1036121bcc@group-BBBFE33D87BA: set configuration 0: [953192fd-2d2b-4a2c-9bab-3b1036121bcc|rpc:127.0.0.1:45107|dataStream:|priority:0, 19f1ba4d-0ac4-417a-a768-c4a6f2a4cb21|rpc:127.0.0.1:36057|dataStream:|priority:0, 53230697-4daa-462d-80e4-75ca566b1cfd|rpc:127.0.0.1:39827|dataStream:|priority:1], old=null
2022-09-01 11:51:16,733 [953192fd-2d2b-4a2c-9bab-3b1036121bcc-server-thread2] INFO  segmented.SegmentedRaftLogWorker (SegmentedRaftLogWorker.java:startLogSegment(425)) - 953192fd-2d2b-4a2c-9bab-3b1036121bcc@group-BBBFE33D87BA-SegmentedRaftLogWorker: Starting segment from index:0
2022-09-01 11:51:16,735 [19f1ba4d-0ac4-417a-a768-c4a6f2a4cb21@group-BBBFE33D87BA-SegmentedRaftLogWorker] INFO  segmented.SegmentedRaftLogWorker (SegmentedRaftLogWorker.java:execute(629)) - 19f1ba4d-0ac4-417a-a768-c4a6f2a4cb21@group-BBBFE33D87BA-SegmentedRaftLogWorker: created new log segment /home/runner/work/ozone/ozone/hadoop-ozone/integration-test/target/test-dir/MiniOzoneClusterImpl-a1c451f0-9b10-458f-87dd-1ed43301bce6/datanode-0/data/ratis/9b7c563b-ab3b-4ffc-aa74-bbbfe33d87ba/current/log_inprogress_0
2022-09-01 11:51:16,735 [953192fd-2d2b-4a2c-9bab-3b1036121bcc@group-BBBFE33D87BA-SegmentedRaftLogWorker] INFO  segmented.SegmentedRaftLogWorker (SegmentedRaftLogWorker.java:execute(629)) - 953192fd-2d2b-4a2c-9bab-3b1036121bcc@group-BBBFE33D87BA-SegmentedRaftLogWorker: created new log segment /home/runner/work/ozone/ozone/hadoop-ozone/integration-test/target/test-dir/MiniOzoneClusterImpl-a1c451f0-9b10-458f-87dd-1ed43301bce6/datanode-1/data/ratis/9b7c563b-ab3b-4ffc-aa74-bbbfe33d87ba/current/log_inprogress_0
2022-09-01 11:51:17,520 [EndpointStateMachine task thread for /127.0.0.1:41671 - 0 ] INFO  ipc.Client (Client.java:handleConnectionFailure(977)) - Retrying connect to server: localhost/127.0.0.1:41671. Already tried 3 time(s); retry policy is RetryUpToMaximumCountWithFixedSleep(maxRetries=15, sleepTime=1000 MILLISECONDS)
2022-09-01 11:51:17,520 [EndpointStateMachine task thread for /127.0.0.1:38463 - 0 ] INFO  ipc.Client (Client.java:handleConnectionFailure(977)) - Retrying connect to server: localhost/127.0.0.1:38463. Already tried 3 time(s); retry policy is RetryUpToMaximumCountWithFixedSleep(maxRetries=15, sleepTime=1000 MILLISECONDS)
2022-09-01 11:51:17,520 [EndpointStateMachine task thread for /127.0.0.1:42041 - 0 ] INFO  ipc.Client (Client.java:handleConnectionFailure(977)) - Retrying connect to server: localhost/127.0.0.1:42041. Already tried 3 time(s); retry policy is RetryUpToMaximumCountWithFixedSleep(maxRetries=15, sleepTime=1000 MILLISECONDS)
2022-09-01 11:51:18,520 [EndpointStateMachine task thread for /127.0.0.1:41671 - 0 ] INFO  ipc.Client (Client.java:handleConnectionFailure(977)) - Retrying connect to server: localhost/127.0.0.1:41671. Already tried 4 time(s); retry policy is RetryUpToMaximumCountWithFixedSleep(maxRetries=15, sleepTime=1000 MILLISECONDS)
2022-09-01 11:51:18,521 [EndpointStateMachine task thread for /127.0.0.1:42041 - 0 ] INFO  ipc.Client (Client.java:handleConnectionFailure(977)) - Retrying connect to server: localhost/127.0.0.1:42041. Already tried 4 time(s); retry policy is RetryUpToMaximumCountWithFixedSleep(maxRetries=15, sleepTime=1000 MILLISECONDS)
2022-09-01 11:51:18,521 [EndpointStateMachine task thread for /127.0.0.1:38463 - 0 ] INFO  ipc.Client (Client.java:handleConnectionFailure(977)) - Retrying connect to server: localhost/127.0.0.1:38463. Already tried 4 time(s); retry policy is RetryUpToMaximumCountWithFixedSleep(maxRetries=15, sleepTime=1000 MILLISECONDS)
2022-09-01 11:51:19,521 [EndpointStateMachine task thread for /127.0.0.1:41671 - 0 ] INFO  ipc.Client (Client.java:handleConnectionFailure(977)) - Retrying connect to server: localhost/127.0.0.1:41671. Already tried 5 time(s); retry policy is RetryUpToMaximumCountWithFixedSleep(maxRetries=15, sleepTime=1000 MILLISECONDS)
2022-09-01 11:51:19,521 [EndpointStateMachine task thread for /127.0.0.1:38463 - 0 ] INFO  ipc.Client (Client.java:handleConnectionFailure(977)) - Retrying connect to server: localhost/127.0.0.1:38463. Already tried 5 time(s); retry policy is RetryUpToMaximumCountWithFixedSleep(maxRetries=15, sleepTime=1000 MILLISECONDS)
2022-09-01 11:51:19,521 [EndpointStateMachine task thread for /127.0.0.1:42041 - 0 ] INFO  ipc.Client (Client.java:handleConnectionFailure(977)) - Retrying connect to server: localhost/127.0.0.1:42041. Already tried 5 time(s); retry policy is RetryUpToMaximumCountWithFixedSleep(maxRetries=15, sleepTime=1000 MILLISECONDS)
2022-09-01 11:51:20,522 [EndpointStateMachine task thread for /127.0.0.1:41671 - 0 ] INFO  ipc.Client (Client.java:handleConnectionFailure(977)) - Retrying connect to server: localhost/127.0.0.1:41671. Already tried 6 time(s); retry policy is RetryUpToMaximumCountWithFixedSleep(maxRetries=15, sleepTime=1000 MILLISECONDS)
2022-09-01 11:51:20,522 [EndpointStateMachine task thread for /127.0.0.1:38463 - 0 ] INFO  ipc.Client (Client.java:handleConnectionFailure(977)) - Retrying connect to server: localhost/127.0.0.1:38463. Already tried 6 time(s); retry policy is RetryUpToMaximumCountWithFixedSleep(maxRetries=15, sleepTime=1000 MILLISECONDS)
2022-09-01 11:51:20,523 [EndpointStateMachine task thread for /127.0.0.1:42041 - 0 ] INFO  ipc.Client (Client.java:handleConnectionFailure(977)) - Retrying connect to server: localhost/127.0.0.1:42041. Already tried 6 time(s); retry policy is RetryUpToMaximumCountWithFixedSleep(maxRetries=15, sleepTime=1000 MILLISECONDS)
2022-09-01 11:51:20,556 [Listener at 127.0.0.1/40551] INFO  ozoneimpl.OzoneContainer (OzoneContainer.java:stop(400)) - Attempting to stop container services.
2022-09-01 11:51:20,556 [ForkJoinPool.commonPool-worker-0] INFO  ozoneimpl.OzoneContainer (OzoneContainer.java:stop(400)) - Attempting to stop container services.
2022-09-01 11:51:20,556 [ForkJoinPool.commonPool-worker-0] INFO  server.RaftServer (RaftServerProxy.java:lambda$close$7(398)) - 19f1ba4d-0ac4-417a-a768-c4a6f2a4cb21: close
2022-09-01 11:51:20,557 [ForkJoinPool.commonPool-worker-0] INFO  server.RaftServer$Division (RaftServerImpl.java:lambda$close$4(434)) - 19f1ba4d-0ac4-417a-a768-c4a6f2a4cb21@group-0BBC7BF12F67: shutdown
2022-09-01 11:51:20,557 [ForkJoinPool.commonPool-worker-0] INFO  util.JmxRegister (JmxRegister.java:unregister(73)) - Successfully un-registered JMX Bean with object name Ratis:service=RaftServer,group=group-0BBC7BF12F67,id=19f1ba4d-0ac4-417a-a768-c4a6f2a4cb21
2022-09-01 11:51:20,557 [ForkJoinPool.commonPool-worker-0] INFO  impl.RoleInfo (RoleInfo.java:shutdownLeaderState(93)) - 19f1ba4d-0ac4-417a-a768-c4a6f2a4cb21: shutdown 19f1ba4d-0ac4-417a-a768-c4a6f2a4cb21@group-0BBC7BF12F67-LeaderStateImpl
2022-09-01 11:51:20,557 [ForkJoinPool.commonPool-worker-0] INFO  impl.PendingRequests (PendingRequests.java:sendNotLeaderResponses(282)) - 19f1ba4d-0ac4-417a-a768-c4a6f2a4cb21@group-0BBC7BF12F67-PendingRequests: sendNotLeaderResponses
2022-09-01 11:51:20,558 [ForkJoinPool.commonPool-worker-0] INFO  impl.StateMachineUpdater (StateMachineUpdater.java:stopAndJoin(153)) - 19f1ba4d-0ac4-417a-a768-c4a6f2a4cb21@group-0BBC7BF12F67-StateMachineUpdater: set stopIndex = 0
2022-09-01 11:51:20,558 [Listener at 127.0.0.1/40551] INFO  server.RaftServer (RaftServerProxy.java:lambda$close$7(398)) - 953192fd-2d2b-4a2c-9bab-3b1036121bcc: close
2022-09-01 11:51:20,558 [Listener at 127.0.0.1/40551] INFO  server.RaftServer$Division (RaftServerImpl.java:lambda$close$4(434)) - 953192fd-2d2b-4a2c-9bab-3b1036121bcc@group-0BBC7BF12F67: shutdown
2022-09-01 11:51:20,558 [19f1ba4d-0ac4-417a-a768-c4a6f2a4cb21@group-0BBC7BF12F67-StateMachineUpdater] INFO  ratis.ContainerStateMachine (ContainerStateMachine.java:takeSnapshot(304)) - group-0BBC7BF12F67: Taking a snapshot at:(t:1, i:0) file /home/runner/work/ozone/ozone/hadoop-ozone/integration-test/target/test-dir/MiniOzoneClusterImpl-a1c451f0-9b10-458f-87dd-1ed43301bce6/datanode-0/data/ratis/a2a432df-31b3-4847-b515-0bbc7bf12f67/sm/snapshot.1_0
2022-09-01 11:51:20,558 [Listener at 127.0.0.1/40551] INFO  util.JmxRegister (JmxRegister.java:unregister(73)) - Successfully un-registered JMX Bean with object name Ratis:service=RaftServer,group=group-0BBC7BF12F67,id=953192fd-2d2b-4a2c-9bab-3b1036121bcc
2022-09-01 11:51:20,558 [Listener at 127.0.0.1/40551] INFO  impl.RoleInfo (RoleInfo.java:shutdownFollowerState(110)) - 953192fd-2d2b-4a2c-9bab-3b1036121bcc: shutdown 953192fd-2d2b-4a2c-9bab-3b1036121bcc@group-0BBC7BF12F67-FollowerState
2022-09-01 11:51:20,558 [Listener at 127.0.0.1/40551] INFO  impl.StateMachineUpdater (StateMachineUpdater.java:stopAndJoin(153)) - 953192fd-2d2b-4a2c-9bab-3b1036121bcc@group-0BBC7BF12F67-StateMachineUpdater: set stopIndex = 0
2022-09-01 11:51:20,559 [953192fd-2d2b-4a2c-9bab-3b1036121bcc@group-0BBC7BF12F67-StateMachineUpdater] INFO  ratis.ContainerStateMachine (ContainerStateMachine.java:takeSnapshot(304)) - group-0BBC7BF12F67: Taking a snapshot at:(t:1, i:0) file /home/runner/work/ozone/ozone/hadoop-ozone/integration-test/target/test-dir/MiniOzoneClusterImpl-a1c451f0-9b10-458f-87dd-1ed43301bce6/datanode-1/data/ratis/a2a432df-31b3-4847-b515-0bbc7bf12f67/sm/snapshot.1_0
2022-09-01 11:51:20,558 [953192fd-2d2b-4a2c-9bab-3b1036121bcc@group-0BBC7BF12F67-FollowerState] INFO  impl.FollowerState (FollowerState.java:run(152)) - 953192fd-2d2b-4a2c-9bab-3b1036121bcc@group-0BBC7BF12F67-FollowerState was interrupted
2022-09-01 11:51:20,561 [19f1ba4d-0ac4-417a-a768-c4a6f2a4cb21@group-0BBC7BF12F67->953192fd-2d2b-4a2c-9bab-3b1036121bcc-GrpcLogAppender-LogAppenderDaemon] WARN  server.GrpcLogAppender (GrpcLogAppender.java:mayWait(171)) - 19f1ba4d-0ac4-417a-a768-c4a6f2a4cb21@group-0BBC7BF12F67->953192fd-2d2b-4a2c-9bab-3b1036121bcc-GrpcLogAppender: Wait interrupted by java.lang.InterruptedException
2022-09-01 11:51:20,561 [19f1ba4d-0ac4-417a-a768-c4a6f2a4cb21@group-0BBC7BF12F67->53230697-4daa-462d-80e4-75ca566b1cfd-GrpcLogAppender-LogAppenderDaemon] WARN  server.GrpcLogAppender (GrpcLogAppender.java:mayWait(171)) - 19f1ba4d-0ac4-417a-a768-c4a6f2a4cb21@group-0BBC7BF12F67->53230697-4daa-462d-80e4-75ca566b1cfd-GrpcLogAppender: Wait interrupted by java.lang.InterruptedException
2022-09-01 11:51:20,562 [grpc-default-executor-3] INFO  server.GrpcServerProtocolService (GrpcServerProtocolService.java:onCompleted(140)) - 953192fd-2d2b-4a2c-9bab-3b1036121bcc: Completed APPEND_ENTRIES, lastRequest: 19f1ba4d-0ac4-417a-a768-c4a6f2a4cb21->953192fd-2d2b-4a2c-9bab-3b1036121bcc#1-t1,previous=(t:0, i:0),leaderCommit=-1,initializing? true,entries: size=1, first=(t:1, i:0), CONFIGURATIONENTRY
2022-09-01 11:51:20,562 [grpc-default-executor-1] INFO  server.GrpcServerProtocolService (GrpcServerProtocolService.java:onCompleted(140)) - 53230697-4daa-462d-80e4-75ca566b1cfd: Completed APPEND_ENTRIES, lastRequest: 19f1ba4d-0ac4-417a-a768-c4a6f2a4cb21->53230697-4daa-462d-80e4-75ca566b1cfd#1-t1,previous=(t:0, i:0),leaderCommit=0,initializing? true,entries: size=1, first=(t:1, i:0), CONFIGURATIONENTRY
2022-09-01 11:51:20,562 [grpc-default-executor-1] INFO  server.GrpcLogAppender (GrpcLogAppender.java:onCompleted(339)) - 19f1ba4d-0ac4-417a-a768-c4a6f2a4cb21@group-0BBC7BF12F67->953192fd-2d2b-4a2c-9bab-3b1036121bcc-AppendLogResponseHandler: follower responses appendEntries COMPLETED
2022-09-01 11:51:20,563 [grpc-default-executor-1] INFO  leader.FollowerInfo (FollowerInfoImpl.java:lambda$new$0(48)) - 19f1ba4d-0ac4-417a-a768-c4a6f2a4cb21@group-0BBC7BF12F67->953192fd-2d2b-4a2c-9bab-3b1036121bcc: nextIndex: updateUnconditionally 1 -> 0
2022-09-01 11:51:20,563 [grpc-default-executor-3] INFO  server.GrpcLogAppender (GrpcLogAppender.java:onCompleted(339)) - 19f1ba4d-0ac4-417a-a768-c4a6f2a4cb21@group-0BBC7BF12F67->53230697-4daa-462d-80e4-75ca566b1cfd-AppendLogResponseHandler: follower responses appendEntries COMPLETED
2022-09-01 11:51:20,563 [grpc-default-executor-3] INFO  leader.FollowerInfo (FollowerInfoImpl.java:lambda$new$0(48)) - 19f1ba4d-0ac4-417a-a768-c4a6f2a4cb21@group-0BBC7BF12F67->53230697-4daa-462d-80e4-75ca566b1cfd: nextIndex: updateUnconditionally 1 -> 0
2022-09-01 11:51:20,593 [953192fd-2d2b-4a2c-9bab-3b1036121bcc@group-0BBC7BF12F67-StateMachineUpdater] INFO  ratis.ContainerStateMachine (ContainerStateMachine.java:takeSnapshot(315)) - group-0BBC7BF12F67: Finished taking a snapshot at:(t:1, i:0) file:/home/runner/work/ozone/ozone/hadoop-ozone/integration-test/target/test-dir/MiniOzoneClusterImpl-a1c451f0-9b10-458f-87dd-1ed43301bce6/datanode-1/data/ratis/a2a432df-31b3-4847-b515-0bbc7bf12f67/sm/snapshot.1_0 took: 35 ms
2022-09-01 11:51:20,595 [953192fd-2d2b-4a2c-9bab-3b1036121bcc@group-0BBC7BF12F67-StateMachineUpdater] INFO  impl.StateMachineUpdater (StateMachineUpdater.java:takeSnapshot(287)) - 953192fd-2d2b-4a2c-9bab-3b1036121bcc@group-0BBC7BF12F67-StateMachineUpdater: Took a snapshot at index 0
2022-09-01 11:51:20,595 [953192fd-2d2b-4a2c-9bab-3b1036121bcc@group-0BBC7BF12F67-StateMachineUpdater] INFO  impl.StateMachineUpdater (StateMachineUpdater.java:lambda$new$0(92)) - 953192fd-2d2b-4a2c-9bab-3b1036121bcc@group-0BBC7BF12F67-StateMachineUpdater: snapshotIndex: updateIncreasingly -1 -> 0
2022-09-01 11:51:20,595 [19f1ba4d-0ac4-417a-a768-c4a6f2a4cb21@group-0BBC7BF12F67-StateMachineUpdater] INFO  ratis.ContainerStateMachine (ContainerStateMachine.java:takeSnapshot(315)) - group-0BBC7BF12F67: Finished taking a snapshot at:(t:1, i:0) file:/home/runner/work/ozone/ozone/hadoop-ozone/integration-test/target/test-dir/MiniOzoneClusterImpl-a1c451f0-9b10-458f-87dd-1ed43301bce6/datanode-0/data/ratis/a2a432df-31b3-4847-b515-0bbc7bf12f67/sm/snapshot.1_0 took: 36 ms
2022-09-01 11:51:20,595 [Listener at 127.0.0.1/40551] INFO  server.RaftServer$Division (ServerState.java:close(429)) - 953192fd-2d2b-4a2c-9bab-3b1036121bcc@group-0BBC7BF12F67: closes. applyIndex: 0
2022-09-01 11:51:20,596 [19f1ba4d-0ac4-417a-a768-c4a6f2a4cb21@group-0BBC7BF12F67-StateMachineUpdater] INFO  impl.StateMachineUpdater (StateMachineUpdater.java:takeSnapshot(287)) - 19f1ba4d-0ac4-417a-a768-c4a6f2a4cb21@group-0BBC7BF12F67-StateMachineUpdater: Took a snapshot at index 0
2022-09-01 11:51:20,596 [953192fd-2d2b-4a2c-9bab-3b1036121bcc@group-0BBC7BF12F67-SegmentedRaftLogWorker] INFO  segmented.SegmentedRaftLogWorker (SegmentedRaftLogWorker.java:run(336)) - 953192fd-2d2b-4a2c-9bab-3b1036121bcc@group-0BBC7BF12F67-SegmentedRaftLogWorker was interrupted, exiting. There are 0 tasks remaining in the queue.
2022-09-01 11:51:20,596 [19f1ba4d-0ac4-417a-a768-c4a6f2a4cb21@group-0BBC7BF12F67-StateMachineUpdater] INFO  impl.StateMachineUpdater (StateMachineUpdater.java:lambda$new$0(92)) - 19f1ba4d-0ac4-417a-a768-c4a6f2a4cb21@group-0BBC7BF12F67-StateMachineUpdater: snapshotIndex: updateIncreasingly -1 -> 0
2022-09-01 11:51:20,597 [Listener at 127.0.0.1/40551] INFO  segmented.SegmentedRaftLogWorker (SegmentedRaftLogWorker.java:close(246)) - 953192fd-2d2b-4a2c-9bab-3b1036121bcc@group-0BBC7BF12F67-SegmentedRaftLogWorker close()
2022-09-01 11:51:20,597 [ForkJoinPool.commonPool-worker-0] INFO  server.RaftServer$Division (ServerState.java:close(429)) - 19f1ba4d-0ac4-417a-a768-c4a6f2a4cb21@group-0BBC7BF12F67: closes. applyIndex: 0
2022-09-01 11:51:20,598 [19f1ba4d-0ac4-417a-a768-c4a6f2a4cb21@group-0BBC7BF12F67-SegmentedRaftLogWorker] INFO  segmented.SegmentedRaftLogWorker (SegmentedRaftLogWorker.java:run(336)) - 19f1ba4d-0ac4-417a-a768-c4a6f2a4cb21@group-0BBC7BF12F67-SegmentedRaftLogWorker was interrupted, exiting. There are 0 tasks remaining in the queue.
2022-09-01 11:51:20,599 [ForkJoinPool.commonPool-worker-0] INFO  segmented.SegmentedRaftLogWorker (SegmentedRaftLogWorker.java:close(246)) - 19f1ba4d-0ac4-417a-a768-c4a6f2a4cb21@group-0BBC7BF12F67-SegmentedRaftLogWorker close()
2022-09-01 11:51:20,600 [Listener at 127.0.0.1/40551] INFO  server.RaftServer$Division (RaftServerImpl.java:lambda$close$4(434)) - 953192fd-2d2b-4a2c-9bab-3b1036121bcc@group-BF164CD48D00: shutdown
2022-09-01 11:51:20,600 [Listener at 127.0.0.1/40551] INFO  util.JmxRegister (JmxRegister.java:unregister(73)) - Successfully un-registered JMX Bean with object name Ratis:service=RaftServer,group=group-BF164CD48D00,id=953192fd-2d2b-4a2c-9bab-3b1036121bcc
2022-09-01 11:51:20,601 [Listener at 127.0.0.1/40551] INFO  impl.RoleInfo (RoleInfo.java:shutdownLeaderState(93)) - 953192fd-2d2b-4a2c-9bab-3b1036121bcc: shutdown 953192fd-2d2b-4a2c-9bab-3b1036121bcc@group-BF164CD48D00-LeaderStateImpl
2022-09-01 11:51:20,601 [Listener at 127.0.0.1/40551] INFO  impl.PendingRequests (PendingRequests.java:sendNotLeaderResponses(282)) - 953192fd-2d2b-4a2c-9bab-3b1036121bcc@group-BF164CD48D00-PendingRequests: sendNotLeaderResponses
2022-09-01 11:51:20,601 [ForkJoinPool.commonPool-worker-0] INFO  server.RaftServer$Division (RaftServerImpl.java:lambda$close$4(434)) - 19f1ba4d-0ac4-417a-a768-c4a6f2a4cb21@group-E09716C36438: shutdown
2022-09-01 11:51:20,601 [ForkJoinPool.commonPool-worker-0] INFO  util.JmxRegister (JmxRegister.java:unregister(73)) - Successfully un-registered JMX Bean with object name Ratis:service=RaftServer,group=group-E09716C36438,id=19f1ba4d-0ac4-417a-a768-c4a6f2a4cb21
2022-09-01 11:51:20,601 [ForkJoinPool.commonPool-worker-0] INFO  impl.RoleInfo (RoleInfo.java:shutdownLeaderState(93)) - 19f1ba4d-0ac4-417a-a768-c4a6f2a4cb21: shutdown 19f1ba4d-0ac4-417a-a768-c4a6f2a4cb21@group-E09716C36438-LeaderStateImpl
2022-09-01 11:51:20,602 [ForkJoinPool.commonPool-worker-0] INFO  impl.PendingRequests (PendingRequests.java:sendNotLeaderResponses(282)) - 19f1ba4d-0ac4-417a-a768-c4a6f2a4cb21@group-E09716C36438-PendingRequests: sendNotLeaderResponses
2022-09-01 11:51:20,602 [ForkJoinPool.commonPool-worker-0] INFO  impl.StateMachineUpdater (StateMachineUpdater.java:stopAndJoin(153)) - 19f1ba4d-0ac4-417a-a768-c4a6f2a4cb21@group-E09716C36438-StateMachineUpdater: set stopIndex = 0
2022-09-01 11:51:20,602 [19f1ba4d-0ac4-417a-a768-c4a6f2a4cb21@group-E09716C36438-StateMachineUpdater] INFO  ratis.ContainerStateMachine (ContainerStateMachine.java:takeSnapshot(304)) - group-E09716C36438: Taking a snapshot at:(t:1, i:0) file /home/runner/work/ozone/ozone/hadoop-ozone/integration-test/target/test-dir/MiniOzoneClusterImpl-a1c451f0-9b10-458f-87dd-1ed43301bce6/datanode-0/data/ratis/ef5542ee-4c74-4864-92fe-e09716c36438/sm/snapshot.1_0
2022-09-01 11:51:20,603 [Listener at 127.0.0.1/40551] INFO  impl.StateMachineUpdater (StateMachineUpdater.java:stopAndJoin(153)) - 953192fd-2d2b-4a2c-9bab-3b1036121bcc@group-BF164CD48D00-StateMachineUpdater: set stopIndex = 0
2022-09-01 11:51:20,603 [953192fd-2d2b-4a2c-9bab-3b1036121bcc@group-BF164CD48D00-StateMachineUpdater] INFO  ratis.ContainerStateMachine (ContainerStateMachine.java:takeSnapshot(304)) - group-BF164CD48D00: Taking a snapshot at:(t:1, i:0) file /home/runner/work/ozone/ozone/hadoop-ozone/integration-test/target/test-dir/MiniOzoneClusterImpl-a1c451f0-9b10-458f-87dd-1ed43301bce6/datanode-1/data/ratis/41dd1771-e2d2-418a-83fe-bf164cd48d00/sm/snapshot.1_0
2022-09-01 11:51:20,603 [19f1ba4d-0ac4-417a-a768-c4a6f2a4cb21@group-E09716C36438-StateMachineUpdater] INFO  ratis.ContainerStateMachine (ContainerStateMachine.java:takeSnapshot(315)) - group-E09716C36438: Finished taking a snapshot at:(t:1, i:0) file:/home/runner/work/ozone/ozone/hadoop-ozone/integration-test/target/test-dir/MiniOzoneClusterImpl-a1c451f0-9b10-458f-87dd-1ed43301bce6/datanode-0/data/ratis/ef5542ee-4c74-4864-92fe-e09716c36438/sm/snapshot.1_0 took: 1 ms
2022-09-01 11:51:20,604 [19f1ba4d-0ac4-417a-a768-c4a6f2a4cb21@group-E09716C36438-StateMachineUpdater] INFO  impl.StateMachineUpdater (StateMachineUpdater.java:takeSnapshot(287)) - 19f1ba4d-0ac4-417a-a768-c4a6f2a4cb21@group-E09716C36438-StateMachineUpdater: Took a snapshot at index 0
2022-09-01 11:51:20,604 [19f1ba4d-0ac4-417a-a768-c4a6f2a4cb21@group-E09716C36438-StateMachineUpdater] INFO  impl.StateMachineUpdater (StateMachineUpdater.java:lambda$new$0(92)) - 19f1ba4d-0ac4-417a-a768-c4a6f2a4cb21@group-E09716C36438-StateMachineUpdater: snapshotIndex: updateIncreasingly -1 -> 0
2022-09-01 11:51:20,605 [953192fd-2d2b-4a2c-9bab-3b1036121bcc@group-BF164CD48D00-StateMachineUpdater] INFO  ratis.ContainerStateMachine (ContainerStateMachine.java:takeSnapshot(315)) - group-BF164CD48D00: Finished taking a snapshot at:(t:1, i:0) file:/home/runner/work/ozone/ozone/hadoop-ozone/integration-test/target/test-dir/MiniOzoneClusterImpl-a1c451f0-9b10-458f-87dd-1ed43301bce6/datanode-1/data/ratis/41dd1771-e2d2-418a-83fe-bf164cd48d00/sm/snapshot.1_0 took: 1 ms
2022-09-01 11:51:20,605 [953192fd-2d2b-4a2c-9bab-3b1036121bcc@group-BF164CD48D00-StateMachineUpdater] INFO  impl.StateMachineUpdater (StateMachineUpdater.java:takeSnapshot(287)) - 953192fd-2d2b-4a2c-9bab-3b1036121bcc@group-BF164CD48D00-StateMachineUpdater: Took a snapshot at index 0
2022-09-01 11:51:20,605 [953192fd-2d2b-4a2c-9bab-3b1036121bcc@group-BF164CD48D00-StateMachineUpdater] INFO  impl.StateMachineUpdater (StateMachineUpdater.java:lambda$new$0(92)) - 953192fd-2d2b-4a2c-9bab-3b1036121bcc@group-BF164CD48D00-StateMachineUpdater: snapshotIndex: updateIncreasingly -1 -> 0
2022-09-01 11:51:20,608 [ForkJoinPool.commonPool-worker-0] INFO  server.RaftServer$Division (ServerState.java:close(429)) - 19f1ba4d-0ac4-417a-a768-c4a6f2a4cb21@group-E09716C36438: closes. applyIndex: 0
2022-09-01 11:51:20,608 [19f1ba4d-0ac4-417a-a768-c4a6f2a4cb21@group-E09716C36438-SegmentedRaftLogWorker] INFO  segmented.SegmentedRaftLogWorker (SegmentedRaftLogWorker.java:run(336)) - 19f1ba4d-0ac4-417a-a768-c4a6f2a4cb21@group-E09716C36438-SegmentedRaftLogWorker was interrupted, exiting. There are 0 tasks remaining in the queue.
2022-09-01 11:51:20,608 [Listener at 127.0.0.1/40551] INFO  server.RaftServer$Division (ServerState.java:close(429)) - 953192fd-2d2b-4a2c-9bab-3b1036121bcc@group-BF164CD48D00: closes. applyIndex: 0
2022-09-01 11:51:20,608 [953192fd-2d2b-4a2c-9bab-3b1036121bcc@group-BF164CD48D00-SegmentedRaftLogWorker] INFO  segmented.SegmentedRaftLogWorker (SegmentedRaftLogWorker.java:run(336)) - 953192fd-2d2b-4a2c-9bab-3b1036121bcc@group-BF164CD48D00-SegmentedRaftLogWorker was interrupted, exiting. There are 0 tasks remaining in the queue.
2022-09-01 11:51:20,610 [ForkJoinPool.commonPool-worker-0] INFO  segmented.SegmentedRaftLogWorker (SegmentedRaftLogWorker.java:close(246)) - 19f1ba4d-0ac4-417a-a768-c4a6f2a4cb21@group-E09716C36438-SegmentedRaftLogWorker close()
2022-09-01 11:51:20,610 [Listener at 127.0.0.1/40551] INFO  segmented.SegmentedRaftLogWorker (SegmentedRaftLogWorker.java:close(246)) - 953192fd-2d2b-4a2c-9bab-3b1036121bcc@group-BF164CD48D00-SegmentedRaftLogWorker close()
2022-09-01 11:51:20,611 [Listener at 127.0.0.1/40551] INFO  server.RaftServer$Division (RaftServerImpl.java:lambda$close$4(434)) - 953192fd-2d2b-4a2c-9bab-3b1036121bcc@group-BBBFE33D87BA: shutdown
2022-09-01 11:51:20,611 [ForkJoinPool.commonPool-worker-0] INFO  server.RaftServer$Division (RaftServerImpl.java:lambda$close$4(434)) - 19f1ba4d-0ac4-417a-a768-c4a6f2a4cb21@group-BBBFE33D87BA: shutdown
2022-09-01 11:51:20,611 [Listener at 127.0.0.1/40551] INFO  util.JmxRegister (JmxRegister.java:unregister(73)) - Successfully un-registered JMX Bean with object name Ratis:service=RaftServer,group=group-BBBFE33D87BA,id=953192fd-2d2b-4a2c-9bab-3b1036121bcc
2022-09-01 11:51:20,611 [Listener at 127.0.0.1/40551] INFO  impl.RoleInfo (RoleInfo.java:shutdownFollowerState(110)) - 953192fd-2d2b-4a2c-9bab-3b1036121bcc: shutdown 953192fd-2d2b-4a2c-9bab-3b1036121bcc@group-BBBFE33D87BA-FollowerState
2022-09-01 11:51:20,611 [953192fd-2d2b-4a2c-9bab-3b1036121bcc@group-BBBFE33D87BA-FollowerState] INFO  impl.FollowerState (FollowerState.java:run(152)) - 953192fd-2d2b-4a2c-9bab-3b1036121bcc@group-BBBFE33D87BA-FollowerState was interrupted
2022-09-01 11:51:20,611 [ForkJoinPool.commonPool-worker-0] INFO  util.JmxRegister (JmxRegister.java:unregister(73)) - Successfully un-registered JMX Bean with object name Ratis:service=RaftServer,group=group-BBBFE33D87BA,id=19f1ba4d-0ac4-417a-a768-c4a6f2a4cb21
2022-09-01 11:51:20,611 [953192fd-2d2b-4a2c-9bab-3b1036121bcc@group-BBBFE33D87BA-StateMachineUpdater] INFO  ratis.ContainerStateMachine (ContainerStateMachine.java:takeSnapshot(304)) - group-BBBFE33D87BA: Taking a snapshot at:(t:2, i:0) file /home/runner/work/ozone/ozone/hadoop-ozone/integration-test/target/test-dir/MiniOzoneClusterImpl-a1c451f0-9b10-458f-87dd-1ed43301bce6/datanode-1/data/ratis/9b7c563b-ab3b-4ffc-aa74-bbbfe33d87ba/sm/snapshot.2_0
2022-09-01 11:51:20,611 [ForkJoinPool.commonPool-worker-0] INFO  impl.RoleInfo (RoleInfo.java:shutdownFollowerState(110)) - 19f1ba4d-0ac4-417a-a768-c4a6f2a4cb21: shutdown 19f1ba4d-0ac4-417a-a768-c4a6f2a4cb21@group-BBBFE33D87BA-FollowerState
2022-09-01 11:51:20,612 [Listener at 127.0.0.1/40551] INFO  impl.StateMachineUpdater (StateMachineUpdater.java:stopAndJoin(153)) - 953192fd-2d2b-4a2c-9bab-3b1036121bcc@group-BBBFE33D87BA-StateMachineUpdater: set stopIndex = 0
2022-09-01 11:51:20,612 [19f1ba4d-0ac4-417a-a768-c4a6f2a4cb21@group-BBBFE33D87BA-StateMachineUpdater] INFO  ratis.ContainerStateMachine (ContainerStateMachine.java:takeSnapshot(304)) - group-BBBFE33D87BA: Taking a snapshot at:(t:2, i:0) file /home/runner/work/ozone/ozone/hadoop-ozone/integration-test/target/test-dir/MiniOzoneClusterImpl-a1c451f0-9b10-458f-87dd-1ed43301bce6/datanode-0/data/ratis/9b7c563b-ab3b-4ffc-aa74-bbbfe33d87ba/sm/snapshot.2_0
2022-09-01 11:51:20,612 [ForkJoinPool.commonPool-worker-0] INFO  impl.StateMachineUpdater (StateMachineUpdater.java:stopAndJoin(153)) - 19f1ba4d-0ac4-417a-a768-c4a6f2a4cb21@group-BBBFE33D87BA-StateMachineUpdater: set stopIndex = 0
2022-09-01 11:51:20,612 [19f1ba4d-0ac4-417a-a768-c4a6f2a4cb21@group-BBBFE33D87BA-FollowerState] INFO  impl.FollowerState (FollowerState.java:run(152)) - 19f1ba4d-0ac4-417a-a768-c4a6f2a4cb21@group-BBBFE33D87BA-FollowerState was interrupted
2022-09-01 11:51:20,613 [953192fd-2d2b-4a2c-9bab-3b1036121bcc@group-BBBFE33D87BA-StateMachineUpdater] INFO  ratis.ContainerStateMachine (ContainerStateMachine.java:takeSnapshot(315)) - group-BBBFE33D87BA: Finished taking a snapshot at:(t:2, i:0) file:/home/runner/work/ozone/ozone/hadoop-ozone/integration-test/target/test-dir/MiniOzoneClusterImpl-a1c451f0-9b10-458f-87dd-1ed43301bce6/datanode-1/data/ratis/9b7c563b-ab3b-4ffc-aa74-bbbfe33d87ba/sm/snapshot.2_0 took: 2 ms
2022-09-01 11:51:20,613 [953192fd-2d2b-4a2c-9bab-3b1036121bcc@group-BBBFE33D87BA-StateMachineUpdater] INFO  impl.StateMachineUpdater (StateMachineUpdater.java:takeSnapshot(287)) - 953192fd-2d2b-4a2c-9bab-3b1036121bcc@group-BBBFE33D87BA-StateMachineUpdater: Took a snapshot at index 0
2022-09-01 11:51:20,614 [953192fd-2d2b-4a2c-9bab-3b1036121bcc@group-BBBFE33D87BA-StateMachineUpdater] INFO  impl.StateMachineUpdater (StateMachineUpdater.java:lambda$new$0(92)) - 953192fd-2d2b-4a2c-9bab-3b1036121bcc@group-BBBFE33D87BA-StateMachineUpdater: snapshotIndex: updateIncreasingly -1 -> 0
2022-09-01 11:51:20,614 [19f1ba4d-0ac4-417a-a768-c4a6f2a4cb21@group-BBBFE33D87BA-StateMachineUpdater] INFO  ratis.ContainerStateMachine (ContainerStateMachine.java:takeSnapshot(315)) - group-BBBFE33D87BA: Finished taking a snapshot at:(t:2, i:0) file:/home/runner/work/ozone/ozone/hadoop-ozone/integration-test/target/test-dir/MiniOzoneClusterImpl-a1c451f0-9b10-458f-87dd-1ed43301bce6/datanode-0/data/ratis/9b7c563b-ab3b-4ffc-aa74-bbbfe33d87ba/sm/snapshot.2_0 took: 1 ms
2022-09-01 11:51:20,614 [Listener at 127.0.0.1/40551] INFO  server.RaftServer$Division (ServerState.java:close(429)) - 953192fd-2d2b-4a2c-9bab-3b1036121bcc@group-BBBFE33D87BA: closes. applyIndex: 0
2022-09-01 11:51:20,615 [19f1ba4d-0ac4-417a-a768-c4a6f2a4cb21@group-BBBFE33D87BA-StateMachineUpdater] INFO  impl.StateMachineUpdater (StateMachineUpdater.java:takeSnapshot(287)) - 19f1ba4d-0ac4-417a-a768-c4a6f2a4cb21@group-BBBFE33D87BA-StateMachineUpdater: Took a snapshot at index 0
2022-09-01 11:51:20,615 [19f1ba4d-0ac4-417a-a768-c4a6f2a4cb21@group-BBBFE33D87BA-StateMachineUpdater] INFO  impl.StateMachineUpdater (StateMachineUpdater.java:lambda$new$0(92)) - 19f1ba4d-0ac4-417a-a768-c4a6f2a4cb21@group-BBBFE33D87BA-StateMachineUpdater: snapshotIndex: updateIncreasingly -1 -> 0
2022-09-01 11:51:20,615 [ForkJoinPool.commonPool-worker-0] INFO  server.RaftServer$Division (ServerState.java:close(429)) - 19f1ba4d-0ac4-417a-a768-c4a6f2a4cb21@group-BBBFE33D87BA: closes. applyIndex: 0
2022-09-01 11:51:20,615 [953192fd-2d2b-4a2c-9bab-3b1036121bcc@group-BBBFE33D87BA-SegmentedRaftLogWorker] INFO  segmented.SegmentedRaftLogWorker (SegmentedRaftLogWorker.java:run(336)) - 953192fd-2d2b-4a2c-9bab-3b1036121bcc@group-BBBFE33D87BA-SegmentedRaftLogWorker was interrupted, exiting. There are 0 tasks remaining in the queue.
2022-09-01 11:51:20,615 [19f1ba4d-0ac4-417a-a768-c4a6f2a4cb21@group-BBBFE33D87BA-SegmentedRaftLogWorker] INFO  segmented.SegmentedRaftLogWorker (SegmentedRaftLogWorker.java:run(336)) - 19f1ba4d-0ac4-417a-a768-c4a6f2a4cb21@group-BBBFE33D87BA-SegmentedRaftLogWorker was interrupted, exiting. There are 0 tasks remaining in the queue.
2022-09-01 11:51:20,620 [ForkJoinPool.commonPool-worker-0] INFO  segmented.SegmentedRaftLogWorker (SegmentedRaftLogWorker.java:close(246)) - 19f1ba4d-0ac4-417a-a768-c4a6f2a4cb21@group-BBBFE33D87BA-SegmentedRaftLogWorker close()
2022-09-01 11:51:20,621 [ForkJoinPool.commonPool-worker-0] INFO  server.GrpcService (GrpcService.java:closeImpl(269)) - 19f1ba4d-0ac4-417a-a768-c4a6f2a4cb21: shutdown server with port 36057 now
2022-09-01 11:51:20,621 [Listener at 127.0.0.1/40551] INFO  segmented.SegmentedRaftLogWorker (SegmentedRaftLogWorker.java:close(246)) - 953192fd-2d2b-4a2c-9bab-3b1036121bcc@group-BBBFE33D87BA-SegmentedRaftLogWorker close()
2022-09-01 11:51:20,622 [grpc-default-executor-3] WARN  server.GrpcServerProtocolService (LogUtils.java:warn(122)) - 19f1ba4d-0ac4-417a-a768-c4a6f2a4cb21: installSnapshot onError, lastRequest: 53230697-4daa-462d-80e4-75ca566b1cfd->19f1ba4d-0ac4-417a-a768-c4a6f2a4cb21#1-t2,previous=(t:0, i:0),leaderCommit=0,initializing? true,entries: size=1, first=(t:2, i:0), CONFIGURATIONENTRY: org.apache.ratis.thirdparty.io.grpc.StatusRuntimeException: CANCELLED: client cancelled
2022-09-01 11:51:20,623 [Listener at 127.0.0.1/40551] INFO  server.GrpcService (GrpcService.java:closeImpl(269)) - 953192fd-2d2b-4a2c-9bab-3b1036121bcc: shutdown server with port 45107 now
2022-09-01 11:51:20,634 [grpc-default-executor-0] WARN  server.GrpcServerProtocolService (LogUtils.java:warn(122)) - 953192fd-2d2b-4a2c-9bab-3b1036121bcc: installSnapshot onError, lastRequest: 53230697-4daa-462d-80e4-75ca566b1cfd->953192fd-2d2b-4a2c-9bab-3b1036121bcc#1-t2,previous=(t:0, i:0),leaderCommit=-1,initializing? true,entries: size=1, first=(t:2, i:0), CONFIGURATIONENTRY: org.apache.ratis.thirdparty.io.grpc.StatusRuntimeException: CANCELLED: client cancelled
2022-09-01 11:51:20,636 [grpc-default-executor-1] WARN  server.GrpcLogAppender (LogUtils.java:warn(122)) - 53230697-4daa-462d-80e4-75ca566b1cfd@group-BBBFE33D87BA->19f1ba4d-0ac4-417a-a768-c4a6f2a4cb21-AppendLogResponseHandler: Failed appendEntries: org.apache.ratis.thirdparty.io.grpc.StatusRuntimeException: CANCELLED: RST_STREAM closed stream. HTTP/2 error code: CANCEL
2022-09-01 11:51:20,636 [grpc-default-executor-1] WARN  server.GrpcLogAppender (GrpcLogAppender.java:resetClient(111)) - 53230697-4daa-462d-80e4-75ca566b1cfd@group-BBBFE33D87BA->19f1ba4d-0ac4-417a-a768-c4a6f2a4cb21-GrpcLogAppender: Leader has not got in touch with Follower 53230697-4daa-462d-80e4-75ca566b1cfd@group-BBBFE33D87BA->19f1ba4d-0ac4-417a-a768-c4a6f2a4cb21(c0,m0,n1, attendVote=true, lastRpcSendTime=1391, lastRpcResponseTime=1389) yet, just keep nextIndex unchanged and retry.
2022-09-01 11:51:20,638 [grpc-default-executor-3] WARN  server.GrpcLogAppender (LogUtils.java:warn(122)) - 53230697-4daa-462d-80e4-75ca566b1cfd@group-BBBFE33D87BA->953192fd-2d2b-4a2c-9bab-3b1036121bcc-AppendLogResponseHandler: Failed appendEntries: org.apache.ratis.thirdparty.io.grpc.StatusRuntimeException: CANCELLED: RST_STREAM closed stream. HTTP/2 error code: CANCEL
2022-09-01 11:51:20,638 [grpc-default-executor-3] WARN  server.GrpcLogAppender (GrpcLogAppender.java:resetClient(111)) - 53230697-4daa-462d-80e4-75ca566b1cfd@group-BBBFE33D87BA->953192fd-2d2b-4a2c-9bab-3b1036121bcc-GrpcLogAppender: Leader has not got in touch with Follower 53230697-4daa-462d-80e4-75ca566b1cfd@group-BBBFE33D87BA->953192fd-2d2b-4a2c-9bab-3b1036121bcc(c0,m0,n1, attendVote=true, lastRpcSendTime=1393, lastRpcResponseTime=1391) yet, just keep nextIndex unchanged and retry.
2022-09-01 11:51:20,640 [ForkJoinPool.commonPool-worker-0] INFO  server.GrpcService (GrpcService.java:closeImpl(278)) - 19f1ba4d-0ac4-417a-a768-c4a6f2a4cb21: shutdown server with port 36057 successfully
2022-09-01 11:51:20,640 [org.apache.ratis.util.JvmPauseMonitor$$Lambda$519/975069640@ef0ce15] INFO  util.JvmPauseMonitor (JvmPauseMonitor.java:run(109)) - JvmPauseMonitor-19f1ba4d-0ac4-417a-a768-c4a6f2a4cb21: Stopped
2022-09-01 11:51:20,671 [Listener at 127.0.0.1/40551] INFO  server.GrpcService (GrpcService.java:closeImpl(278)) - 953192fd-2d2b-4a2c-9bab-3b1036121bcc: shutdown server with port 45107 successfully
2022-09-01 11:51:20,672 [org.apache.ratis.util.JvmPauseMonitor$$Lambda$519/975069640@1049aca5] INFO  util.JvmPauseMonitor (JvmPauseMonitor.java:run(109)) - JvmPauseMonitor-953192fd-2d2b-4a2c-9bab-3b1036121bcc: Stopped
2022-09-01 11:51:21,523 [EndpointStateMachine task thread for /127.0.0.1:41671 - 0 ] INFO  ipc.Client (Client.java:handleConnectionFailure(977)) - Retrying connect to server: localhost/127.0.0.1:41671. Already tried 7 time(s); retry policy is RetryUpToMaximumCountWithFixedSleep(maxRetries=15, sleepTime=1000 MILLISECONDS)
2022-09-01 11:51:21,523 [EndpointStateMachine task thread for /127.0.0.1:38463 - 0 ] INFO  ipc.Client (Client.java:handleConnectionFailure(977)) - Retrying connect to server: localhost/127.0.0.1:38463. Already tried 7 time(s); retry policy is RetryUpToMaximumCountWithFixedSleep(maxRetries=15, sleepTime=1000 MILLISECONDS)
2022-09-01 11:51:21,523 [EndpointStateMachine task thread for /127.0.0.1:42041 - 0 ] INFO  ipc.Client (Client.java:handleConnectionFailure(977)) - Retrying connect to server: localhost/127.0.0.1:42041. Already tried 7 time(s); retry policy is RetryUpToMaximumCountWithFixedSleep(maxRetries=15, sleepTime=1000 MILLISECONDS)
2022-09-01 11:51:21,750 [grpc-default-executor-1] WARN  server.GrpcLogAppender (LogUtils.java:warn(122)) - 53230697-4daa-462d-80e4-75ca566b1cfd@group-BBBFE33D87BA->19f1ba4d-0ac4-417a-a768-c4a6f2a4cb21-AppendLogResponseHandler: Failed appendEntries: org.apache.ratis.thirdparty.io.grpc.StatusRuntimeException: UNAVAILABLE: io exception
2022-09-01 11:51:21,751 [grpc-default-executor-1] WARN  server.GrpcLogAppender (GrpcLogAppender.java:resetClient(111)) - 53230697-4daa-462d-80e4-75ca566b1cfd@group-BBBFE33D87BA->19f1ba4d-0ac4-417a-a768-c4a6f2a4cb21-GrpcLogAppender: Leader has not got in touch with Follower 53230697-4daa-462d-80e4-75ca566b1cfd@group-BBBFE33D87BA->19f1ba4d-0ac4-417a-a768-c4a6f2a4cb21(c0,m0,n1, attendVote=true, lastRpcSendTime=2, lastRpcResponseTime=2504) yet, just keep nextIndex unchanged and retry.
2022-09-01 11:51:21,753 [grpc-default-executor-1] WARN  server.GrpcLogAppender (LogUtils.java:warn(122)) - 53230697-4daa-462d-80e4-75ca566b1cfd@group-BBBFE33D87BA->953192fd-2d2b-4a2c-9bab-3b1036121bcc-AppendLogResponseHandler: Failed appendEntries: org.apache.ratis.thirdparty.io.grpc.StatusRuntimeException: UNAVAILABLE: io exception
2022-09-01 11:51:21,753 [grpc-default-executor-1] WARN  server.GrpcLogAppender (GrpcLogAppender.java:resetClient(111)) - 53230697-4daa-462d-80e4-75ca566b1cfd@group-BBBFE33D87BA->953192fd-2d2b-4a2c-9bab-3b1036121bcc-GrpcLogAppender: Leader has not got in touch with Follower 53230697-4daa-462d-80e4-75ca566b1cfd@group-BBBFE33D87BA->953192fd-2d2b-4a2c-9bab-3b1036121bcc(c0,m0,n1, attendVote=true, lastRpcSendTime=0, lastRpcResponseTime=2506) yet, just keep nextIndex unchanged and retry.
2022-09-01 11:51:22,524 [EndpointStateMachine task thread for /127.0.0.1:41671 - 0 ] INFO  ipc.Client (Client.java:handleConnectionFailure(977)) - Retrying connect to server: localhost/127.0.0.1:41671. Already tried 8 time(s); retry policy is RetryUpToMaximumCountWithFixedSleep(maxRetries=15, sleepTime=1000 MILLISECONDS)
2022-09-01 11:51:22,524 [EndpointStateMachine task thread for /127.0.0.1:38463 - 0 ] INFO  ipc.Client (Client.java:handleConnectionFailure(977)) - Retrying connect to server: localhost/127.0.0.1:38463. Already tried 8 time(s); retry policy is RetryUpToMaximumCountWithFixedSleep(maxRetries=15, sleepTime=1000 MILLISECONDS)
2022-09-01 11:51:22,524 [EndpointStateMachine task thread for /127.0.0.1:42041 - 0 ] INFO  ipc.Client (Client.java:handleConnectionFailure(977)) - Retrying connect to server: localhost/127.0.0.1:42041. Already tried 8 time(s); retry policy is RetryUpToMaximumCountWithFixedSleep(maxRetries=15, sleepTime=1000 MILLISECONDS)
2022-09-01 11:51:22,718 [ForkJoinPool.commonPool-worker-0] INFO  utils.BackgroundService (BackgroundService.java:shutdown(141)) - Shutting down service BlockDeletingService
2022-09-01 11:51:22,719 [ForkJoinPool.commonPool-worker-0] INFO  utils.BackgroundService (BackgroundService.java:shutdown(141)) - Shutting down service StaleRecoveringContainerScrubbingService
2022-09-01 11:51:22,719 [Listener at 127.0.0.1/40551] INFO  utils.BackgroundService (BackgroundService.java:shutdown(141)) - Shutting down service BlockDeletingService
2022-09-01 11:51:22,721 [Listener at 127.0.0.1/40551] INFO  utils.BackgroundService (BackgroundService.java:shutdown(141)) - Shutting down service StaleRecoveringContainerScrubbingService
2022-09-01 11:51:22,999 [grpc-default-executor-1] WARN  server.GrpcLogAppender (LogUtils.java:warn(122)) - 53230697-4daa-462d-80e4-75ca566b1cfd@group-BBBFE33D87BA->19f1ba4d-0ac4-417a-a768-c4a6f2a4cb21-AppendLogResponseHandler: Failed appendEntries: org.apache.ratis.thirdparty.io.grpc.StatusRuntimeException: UNAVAILABLE: io exception
2022-09-01 11:51:22,999 [grpc-default-executor-1] WARN  server.GrpcLogAppender (GrpcLogAppender.java:resetClient(111)) - 53230697-4daa-462d-80e4-75ca566b1cfd@group-BBBFE33D87BA->19f1ba4d-0ac4-417a-a768-c4a6f2a4cb21-GrpcLogAppender: Leader has not got in touch with Follower 53230697-4daa-462d-80e4-75ca566b1cfd@group-BBBFE33D87BA->19f1ba4d-0ac4-417a-a768-c4a6f2a4cb21(c0,m0,n1, attendVote=true, lastRpcSendTime=0, lastRpcResponseTime=3752) yet, just keep nextIndex unchanged and retry.
2022-09-01 11:51:23,004 [grpc-default-executor-1] WARN  server.GrpcLogAppender (LogUtils.java:warn(122)) - 53230697-4daa-462d-80e4-75ca566b1cfd@group-BBBFE33D87BA->953192fd-2d2b-4a2c-9bab-3b1036121bcc-AppendLogResponseHandler: Failed appendEntries: org.apache.ratis.thirdparty.io.grpc.StatusRuntimeException: UNAVAILABLE: io exception
2022-09-01 11:51:23,004 [grpc-default-executor-1] WARN  server.GrpcLogAppender (GrpcLogAppender.java:resetClient(111)) - 53230697-4daa-462d-80e4-75ca566b1cfd@group-BBBFE33D87BA->953192fd-2d2b-4a2c-9bab-3b1036121bcc-GrpcLogAppender: Leader has not got in touch with Follower 53230697-4daa-462d-80e4-75ca566b1cfd@group-BBBFE33D87BA->953192fd-2d2b-4a2c-9bab-3b1036121bcc(c0,m0,n1, attendVote=true, lastRpcSendTime=1251, lastRpcResponseTime=3756) yet, just keep nextIndex unchanged and retry.
2022-09-01 11:51:23,529 [EndpointStateMachine task thread for /127.0.0.1:41671 - 0 ] INFO  ipc.Client (Client.java:handleConnectionFailure(977)) - Retrying connect to server: localhost/127.0.0.1:41671. Already tried 9 time(s); retry policy is RetryUpToMaximumCountWithFixedSleep(maxRetries=15, sleepTime=1000 MILLISECONDS)
2022-09-01 11:51:23,529 [EndpointStateMachine task thread for /127.0.0.1:42041 - 0 ] INFO  ipc.Client (Client.java:handleConnectionFailure(977)) - Retrying connect to server: localhost/127.0.0.1:42041. Already tried 9 time(s); retry policy is RetryUpToMaximumCountWithFixedSleep(maxRetries=15, sleepTime=1000 MILLISECONDS)
2022-09-01 11:51:23,529 [EndpointStateMachine task thread for /127.0.0.1:38463 - 0 ] INFO  ipc.Client (Client.java:handleConnectionFailure(977)) - Retrying connect to server: localhost/127.0.0.1:38463. Already tried 9 time(s); retry policy is RetryUpToMaximumCountWithFixedSleep(maxRetries=15, sleepTime=1000 MILLISECONDS)
2022-09-01 11:51:24,250 [grpc-default-executor-1] WARN  server.GrpcLogAppender (LogUtils.java:warn(122)) - 53230697-4daa-462d-80e4-75ca566b1cfd@group-BBBFE33D87BA->19f1ba4d-0ac4-417a-a768-c4a6f2a4cb21-AppendLogResponseHandler: Failed appendEntries: org.apache.ratis.thirdparty.io.grpc.StatusRuntimeException: UNAVAILABLE: io exception
2022-09-01 11:51:24,251 [grpc-default-executor-1] WARN  server.GrpcLogAppender (GrpcLogAppender.java:resetClient(111)) - 53230697-4daa-462d-80e4-75ca566b1cfd@group-BBBFE33D87BA->19f1ba4d-0ac4-417a-a768-c4a6f2a4cb21-GrpcLogAppender: Leader has not got in touch with Follower 53230697-4daa-462d-80e4-75ca566b1cfd@group-BBBFE33D87BA->19f1ba4d-0ac4-417a-a768-c4a6f2a4cb21(c0,m0,n1, attendVote=true, lastRpcSendTime=1252, lastRpcResponseTime=5004) yet, just keep nextIndex unchanged and retry.
2022-09-01 11:51:24,259 [grpc-default-executor-1] WARN  server.GrpcLogAppender (LogUtils.java:warn(122)) - 53230697-4daa-462d-80e4-75ca566b1cfd@group-BBBFE33D87BA->953192fd-2d2b-4a2c-9bab-3b1036121bcc-AppendLogResponseHandler: Failed appendEntries: org.apache.ratis.thirdparty.io.grpc.StatusRuntimeException: UNAVAILABLE: io exception
2022-09-01 11:51:24,260 [grpc-default-executor-1] WARN  server.GrpcLogAppender (GrpcLogAppender.java:resetClient(111)) - 53230697-4daa-462d-80e4-75ca566b1cfd@group-BBBFE33D87BA->953192fd-2d2b-4a2c-9bab-3b1036121bcc-GrpcLogAppender: Leader has not got in touch with Follower 53230697-4daa-462d-80e4-75ca566b1cfd@group-BBBFE33D87BA->953192fd-2d2b-4a2c-9bab-3b1036121bcc(c0,m0,n1, attendVote=true, lastRpcSendTime=0, lastRpcResponseTime=5012) yet, just keep nextIndex unchanged and retry.
2022-09-01 11:51:24,530 [EndpointStateMachine task thread for /127.0.0.1:41671 - 0 ] INFO  ipc.Client (Client.java:handleConnectionFailure(977)) - Retrying connect to server: localhost/127.0.0.1:41671. Already tried 10 time(s); retry policy is RetryUpToMaximumCountWithFixedSleep(maxRetries=15, sleepTime=1000 MILLISECONDS)
2022-09-01 11:51:24,530 [EndpointStateMachine task thread for /127.0.0.1:42041 - 0 ] INFO  ipc.Client (Client.java:handleConnectionFailure(977)) - Retrying connect to server: localhost/127.0.0.1:42041. Already tried 10 time(s); retry policy is RetryUpToMaximumCountWithFixedSleep(maxRetries=15, sleepTime=1000 MILLISECONDS)
2022-09-01 11:51:24,530 [EndpointStateMachine task thread for /127.0.0.1:38463 - 0 ] INFO  ipc.Client (Client.java:handleConnectionFailure(977)) - Retrying connect to server: localhost/127.0.0.1:38463. Already tried 10 time(s); retry policy is RetryUpToMaximumCountWithFixedSleep(maxRetries=15, sleepTime=1000 MILLISECONDS)
2022-09-01 11:51:24,701 [Datanode State Machine Daemon Thread] ERROR datanode.RunningDatanodeState (RunningDatanodeState.java:computeNextContainerState(207)) - Error in executing end point task.
java.util.concurrent.ExecutionException: java.util.concurrent.TimeoutException
	at java.util.concurrent.FutureTask.report(FutureTask.java:122)
	at java.util.concurrent.FutureTask.get(FutureTask.java:192)
	at org.apache.hadoop.ozone.container.common.states.datanode.RunningDatanodeState.computeNextContainerState(RunningDatanodeState.java:199)
	at org.apache.hadoop.ozone.container.common.states.datanode.RunningDatanodeState.await(RunningDatanodeState.java:239)
	at org.apache.hadoop.ozone.container.common.states.datanode.RunningDatanodeState.await(RunningDatanodeState.java:50)
	at org.apache.hadoop.ozone.container.common.statemachine.StateContext.execute(StateContext.java:660)
	at org.apache.hadoop.ozone.container.common.statemachine.DatanodeStateMachine.startStateMachineThread(DatanodeStateMachine.java:298)
	at org.apache.hadoop.ozone.container.common.statemachine.DatanodeStateMachine.lambda$startDaemon$0(DatanodeStateMachine.java:493)
	at java.lang.Thread.run(Thread.java:750)
Caused by: java.util.concurrent.TimeoutException
	at java.util.concurrent.FutureTask.get(FutureTask.java:205)
	at org.apache.hadoop.ozone.container.common.states.datanode.RunningDatanodeState.lambda$execute$0(RunningDatanodeState.java:157)
	at java.util.concurrent.FutureTask.run(FutureTask.java:266)
	at java.util.concurrent.Executors$RunnableAdapter.call(Executors.java:511)
	at java.util.concurrent.FutureTask.run(FutureTask.java:266)
	at java.util.concurrent.ThreadPoolExecutor.runWorker(ThreadPoolExecutor.java:1149)
	at java.util.concurrent.ThreadPoolExecutor$Worker.run(ThreadPoolExecutor.java:624)
	... 1 more
2022-09-01 11:51:25,507 [grpc-default-executor-1] WARN  server.GrpcLogAppender (LogUtils.java:warn(122)) - 53230697-4daa-462d-80e4-75ca566b1cfd@group-BBBFE33D87BA->19f1ba4d-0ac4-417a-a768-c4a6f2a4cb21-AppendLogResponseHandler: Failed appendEntries: org.apache.ratis.thirdparty.io.grpc.StatusRuntimeException: UNAVAILABLE: io exception
2022-09-01 11:51:25,508 [grpc-default-executor-1] WARN  server.GrpcLogAppender (GrpcLogAppender.java:resetClient(111)) - 53230697-4daa-462d-80e4-75ca566b1cfd@group-BBBFE33D87BA->19f1ba4d-0ac4-417a-a768-c4a6f2a4cb21-GrpcLogAppender: Leader has not got in touch with Follower 53230697-4daa-462d-80e4-75ca566b1cfd@group-BBBFE33D87BA->19f1ba4d-0ac4-417a-a768-c4a6f2a4cb21(c0,m0,n1, attendVote=true, lastRpcSendTime=0, lastRpcResponseTime=6261) yet, just keep nextIndex unchanged and retry.
2022-09-01 11:51:25,512 [grpc-default-executor-1] WARN  server.GrpcLogAppender (LogUtils.java:warn(122)) - 53230697-4daa-462d-80e4-75ca566b1cfd@group-BBBFE33D87BA->953192fd-2d2b-4a2c-9bab-3b1036121bcc-AppendLogResponseHandler: Failed appendEntries: org.apache.ratis.thirdparty.io.grpc.StatusRuntimeException: UNAVAILABLE: io exception
2022-09-01 11:51:25,513 [grpc-default-executor-1] WARN  server.GrpcLogAppender (GrpcLogAppender.java:resetClient(111)) - 53230697-4daa-462d-80e4-75ca566b1cfd@group-BBBFE33D87BA->953192fd-2d2b-4a2c-9bab-3b1036121bcc-GrpcLogAppender: Leader has not got in touch with Follower 53230697-4daa-462d-80e4-75ca566b1cfd@group-BBBFE33D87BA->953192fd-2d2b-4a2c-9bab-3b1036121bcc(c0,m0,n1, attendVote=true, lastRpcSendTime=1253, lastRpcResponseTime=6265) yet, just keep nextIndex unchanged and retry.
2022-09-01 11:51:25,530 [EndpointStateMachine task thread for /127.0.0.1:41671 - 0 ] INFO  ipc.Client (Client.java:handleConnectionFailure(977)) - Retrying connect to server: localhost/127.0.0.1:41671. Already tried 11 time(s); retry policy is RetryUpToMaximumCountWithFixedSleep(maxRetries=15, sleepTime=1000 MILLISECONDS)
2022-09-01 11:51:25,530 [EndpointStateMachine task thread for /127.0.0.1:42041 - 0 ] INFO  ipc.Client (Client.java:handleConnectionFailure(977)) - Retrying connect to server: localhost/127.0.0.1:42041. Already tried 11 time(s); retry policy is RetryUpToMaximumCountWithFixedSleep(maxRetries=15, sleepTime=1000 MILLISECONDS)
2022-09-01 11:51:25,531 [EndpointStateMachine task thread for /127.0.0.1:38463 - 0 ] INFO  ipc.Client (Client.java:handleConnectionFailure(977)) - Retrying connect to server: localhost/127.0.0.1:38463. Already tried 11 time(s); retry policy is RetryUpToMaximumCountWithFixedSleep(maxRetries=15, sleepTime=1000 MILLISECONDS)
2022-09-01 11:51:25,736 [Listener at 127.0.0.1/40551] INFO  statemachine.DatanodeStateMachine (DatanodeStateMachine.java:stopDaemon(580)) - Ozone container server stopped.
2022-09-01 11:51:25,747 [Listener at 127.0.0.1/40551] INFO  handler.ContextHandler (ContextHandler.java:doStop(1153)) - Stopped o.e.j.w.WebAppContext@78a69565{hddsDatanode,/,null,STOPPED}{jar:file:/home/runner/.m2/repository/org/apache/ozone/hdds-container-service/1.3.0-SNAPSHOT/hdds-container-service-1.3.0-SNAPSHOT.jar!/webapps/hddsDatanode}
2022-09-01 11:51:25,761 [ForkJoinPool.commonPool-worker-0] INFO  statemachine.DatanodeStateMachine (DatanodeStateMachine.java:stopDaemon(580)) - Ozone container server stopped.
2022-09-01 11:51:25,766 [Listener at 127.0.0.1/40551] INFO  server.AbstractConnector (AbstractConnector.java:doStop(381)) - Stopped ServerConnector@bffb77d{HTTP/1.1, (http/1.1)}{0.0.0.0:0}
2022-09-01 11:51:25,766 [Listener at 127.0.0.1/40551] INFO  server.session (HouseKeeper.java:stopScavenging(149)) - node0 Stopped scavenging
2022-09-01 11:51:25,766 [Listener at 127.0.0.1/40551] INFO  handler.ContextHandler (ContextHandler.java:doStop(1153)) - Stopped o.e.j.s.ServletContextHandler@7cf6aec7{static,/static,jar:file:/home/runner/.m2/repository/org/apache/ozone/hdds-container-service/1.3.0-SNAPSHOT/hdds-container-service-1.3.0-SNAPSHOT.jar!/webapps/static,STOPPED}
2022-09-01 11:51:25,766 [Listener at 127.0.0.1/40551] INFO  handler.ContextHandler (ContextHandler.java:doStop(1153)) - Stopped o.e.j.s.ServletContextHandler@6fde4a90{logs,/logs,file:///home/runner/work/ozone/ozone/hadoop-ozone/integration-test/target/log,STOPPED}
2022-09-01 11:51:25,808 [ForkJoinPool.commonPool-worker-0] INFO  handler.ContextHandler (ContextHandler.java:doStop(1153)) - Stopped o.e.j.w.WebAppContext@3e9c1f5b{hddsDatanode,/,null,STOPPED}{jar:file:/home/runner/.m2/repository/org/apache/ozone/hdds-container-service/1.3.0-SNAPSHOT/hdds-container-service-1.3.0-SNAPSHOT.jar!/webapps/hddsDatanode}
2022-09-01 11:51:25,808 [ForkJoinPool.commonPool-worker-0] INFO  server.AbstractConnector (AbstractConnector.java:doStop(381)) - Stopped ServerConnector@4cdee215{HTTP/1.1, (http/1.1)}{0.0.0.0:0}
2022-09-01 11:51:25,808 [ForkJoinPool.commonPool-worker-0] INFO  server.session (HouseKeeper.java:stopScavenging(149)) - node0 Stopped scavenging
2022-09-01 11:51:25,814 [ForkJoinPool.commonPool-worker-0] INFO  handler.ContextHandler (ContextHandler.java:doStop(1153)) - Stopped o.e.j.s.ServletContextHandler@131d70e{static,/static,jar:file:/home/runner/.m2/repository/org/apache/ozone/hdds-container-service/1.3.0-SNAPSHOT/hdds-container-service-1.3.0-SNAPSHOT.jar!/webapps/static,STOPPED}
2022-09-01 11:51:25,814 [ForkJoinPool.commonPool-worker-0] INFO  handler.ContextHandler (ContextHandler.java:doStop(1153)) - Stopped o.e.j.s.ServletContextHandler@53c3d0ff{logs,/logs,file:///home/runner/work/ozone/ozone/hadoop-ozone/integration-test/target/log,STOPPED}
2022-09-01 11:51:26,531 [EndpointStateMachine task thread for /127.0.0.1:41671 - 0 ] INFO  ipc.Client (Client.java:handleConnectionFailure(977)) - Retrying connect to server: localhost/127.0.0.1:41671. Already tried 12 time(s); retry policy is RetryUpToMaximumCountWithFixedSleep(maxRetries=15, sleepTime=1000 MILLISECONDS)
2022-09-01 11:51:26,531 [EndpointStateMachine task thread for /127.0.0.1:38463 - 0 ] INFO  ipc.Client (Client.java:handleConnectionFailure(977)) - Retrying connect to server: localhost/127.0.0.1:38463. Already tried 12 time(s); retry policy is RetryUpToMaximumCountWithFixedSleep(maxRetries=15, sleepTime=1000 MILLISECONDS)
2022-09-01 11:51:26,531 [EndpointStateMachine task thread for /127.0.0.1:42041 - 0 ] INFO  ipc.Client (Client.java:handleConnectionFailure(977)) - Retrying connect to server: localhost/127.0.0.1:42041. Already tried 12 time(s); retry policy is RetryUpToMaximumCountWithFixedSleep(maxRetries=15, sleepTime=1000 MILLISECONDS)
2022-09-01 11:51:26,639 [53230697-4daa-462d-80e4-75ca566b1cfd@group-0BBC7BF12F67-FollowerState] INFO  impl.FollowerState (FollowerState.java:run(143)) - 53230697-4daa-462d-80e4-75ca566b1cfd@group-0BBC7BF12F67-FollowerState: change to CANDIDATE, lastRpcElapsedTime:7550909806ns, electionTimeout:5003ms
2022-09-01 11:51:26,639 [53230697-4daa-462d-80e4-75ca566b1cfd@group-0BBC7BF12F67-FollowerState] INFO  impl.RoleInfo (RoleInfo.java:shutdownFollowerState(110)) - 53230697-4daa-462d-80e4-75ca566b1cfd: shutdown 53230697-4daa-462d-80e4-75ca566b1cfd@group-0BBC7BF12F67-FollowerState
2022-09-01 11:51:26,639 [53230697-4daa-462d-80e4-75ca566b1cfd@group-0BBC7BF12F67-FollowerState] INFO  server.RaftServer$Division (RaftServerImpl.java:setRole(299)) - 53230697-4daa-462d-80e4-75ca566b1cfd@group-0BBC7BF12F67: changes role from  FOLLOWER to CANDIDATE at term 1 for changeToCandidate
2022-09-01 11:51:26,639 [53230697-4daa-462d-80e4-75ca566b1cfd@group-0BBC7BF12F67-FollowerState] INFO  server.RaftServerConfigKeys (ConfUtils.java:logGet(46)) - raft.server.leaderelection.pre-vote = false (custom)
2022-09-01 11:51:26,639 [53230697-4daa-462d-80e4-75ca566b1cfd@group-0BBC7BF12F67-FollowerState] INFO  impl.RoleInfo (RoleInfo.java:updateAndGet(139)) - 53230697-4daa-462d-80e4-75ca566b1cfd: start 53230697-4daa-462d-80e4-75ca566b1cfd@group-0BBC7BF12F67-LeaderElection15
2022-09-01 11:51:26,648 [53230697-4daa-462d-80e4-75ca566b1cfd@group-0BBC7BF12F67-LeaderElection15] INFO  server.RaftServer$Division (ServerState.java:setLeader(287)) - 53230697-4daa-462d-80e4-75ca566b1cfd@group-0BBC7BF12F67: change Leader from 19f1ba4d-0ac4-417a-a768-c4a6f2a4cb21 to null at term 1 for ELECTION
2022-09-01 11:51:26,651 [53230697-4daa-462d-80e4-75ca566b1cfd@group-0BBC7BF12F67-LeaderElection15] INFO  impl.LeaderElection (LeaderElection.java:askForVotes(310)) - 53230697-4daa-462d-80e4-75ca566b1cfd@group-0BBC7BF12F67-LeaderElection15 ELECTION round 0: submit vote requests at term 2 for 0: [953192fd-2d2b-4a2c-9bab-3b1036121bcc|rpc:127.0.0.1:45107|dataStream:|priority:0, 19f1ba4d-0ac4-417a-a768-c4a6f2a4cb21|rpc:127.0.0.1:36057|dataStream:|priority:1, 53230697-4daa-462d-80e4-75ca566b1cfd|rpc:127.0.0.1:39827|dataStream:|priority:0], old=null
2022-09-01 11:51:26,667 [53230697-4daa-462d-80e4-75ca566b1cfd@group-0BBC7BF12F67-LeaderElection15] INFO  impl.LeaderElection (LogUtils.java:infoOrTrace(137)) - 53230697-4daa-462d-80e4-75ca566b1cfd@group-0BBC7BF12F67-LeaderElection15 got exception when requesting votes: java.util.concurrent.ExecutionException: org.apache.ratis.thirdparty.io.grpc.StatusRuntimeException: UNAVAILABLE: io exception
2022-09-01 11:51:26,668 [53230697-4daa-462d-80e4-75ca566b1cfd@group-0BBC7BF12F67-LeaderElection15] INFO  impl.LeaderElection (LogUtils.java:infoOrTrace(137)) - 53230697-4daa-462d-80e4-75ca566b1cfd@group-0BBC7BF12F67-LeaderElection15 got exception when requesting votes: java.util.concurrent.ExecutionException: org.apache.ratis.thirdparty.io.grpc.StatusRuntimeException: UNAVAILABLE: io exception
2022-09-01 11:51:26,668 [53230697-4daa-462d-80e4-75ca566b1cfd@group-0BBC7BF12F67-LeaderElection15] INFO  impl.LeaderElection (LeaderElection.java:logAndReturn(90)) - 53230697-4daa-462d-80e4-75ca566b1cfd@group-0BBC7BF12F67-LeaderElection15: ELECTION REJECTED received 0 response(s) and 2 exception(s):
2022-09-01 11:51:26,668 [53230697-4daa-462d-80e4-75ca566b1cfd@group-0BBC7BF12F67-LeaderElection15] INFO  impl.LeaderElection (LogUtils.java:infoOrTrace(137)) -   Exception 0: java.util.concurrent.ExecutionException: org.apache.ratis.thirdparty.io.grpc.StatusRuntimeException: UNAVAILABLE: io exception
2022-09-01 11:51:26,668 [53230697-4daa-462d-80e4-75ca566b1cfd@group-0BBC7BF12F67-LeaderElection15] INFO  impl.LeaderElection (LogUtils.java:infoOrTrace(137)) -   Exception 1: java.util.concurrent.ExecutionException: org.apache.ratis.thirdparty.io.grpc.StatusRuntimeException: UNAVAILABLE: io exception
2022-09-01 11:51:26,668 [53230697-4daa-462d-80e4-75ca566b1cfd@group-0BBC7BF12F67-LeaderElection15] INFO  impl.LeaderElection (LeaderElection.java:askForVotes(312)) - 53230697-4daa-462d-80e4-75ca566b1cfd@group-0BBC7BF12F67-LeaderElection15 ELECTION round 0: result REJECTED
2022-09-01 11:51:26,668 [53230697-4daa-462d-80e4-75ca566b1cfd@group-0BBC7BF12F67-LeaderElection15] INFO  server.RaftServer$Division (RaftServerImpl.java:setRole(299)) - 53230697-4daa-462d-80e4-75ca566b1cfd@group-0BBC7BF12F67: changes role from CANDIDATE to FOLLOWER at term 2 for REJECTED
2022-09-01 11:51:26,668 [53230697-4daa-462d-80e4-75ca566b1cfd@group-0BBC7BF12F67-LeaderElection15] INFO  impl.RoleInfo (RoleInfo.java:shutdownLeaderElection(130)) - 53230697-4daa-462d-80e4-75ca566b1cfd: shutdown 53230697-4daa-462d-80e4-75ca566b1cfd@group-0BBC7BF12F67-LeaderElection15
2022-09-01 11:51:26,668 [53230697-4daa-462d-80e4-75ca566b1cfd@group-0BBC7BF12F67-LeaderElection15] INFO  impl.RoleInfo (RoleInfo.java:updateAndGet(139)) - 53230697-4daa-462d-80e4-75ca566b1cfd: start 53230697-4daa-462d-80e4-75ca566b1cfd@group-0BBC7BF12F67-FollowerState
2022-09-01 11:51:26,703 [Datanode State Machine Daemon Thread] WARN  statemachine.StateContext (StateContext.java:setState(252)) - Ignore disallowed transition from SHUTDOWN to RUNNING
2022-09-01 11:51:26,760 [grpc-default-executor-1] WARN  server.GrpcLogAppender (LogUtils.java:warn(122)) - 53230697-4daa-462d-80e4-75ca566b1cfd@group-BBBFE33D87BA->19f1ba4d-0ac4-417a-a768-c4a6f2a4cb21-AppendLogResponseHandler: Failed appendEntries: org.apache.ratis.thirdparty.io.grpc.StatusRuntimeException: UNAVAILABLE: io exception
2022-09-01 11:51:26,761 [grpc-default-executor-1] WARN  server.GrpcLogAppender (GrpcLogAppender.java:resetClient(111)) - 53230697-4daa-462d-80e4-75ca566b1cfd@group-BBBFE33D87BA->19f1ba4d-0ac4-417a-a768-c4a6f2a4cb21-GrpcLogAppender: Leader has not got in touch with Follower 53230697-4daa-462d-80e4-75ca566b1cfd@group-BBBFE33D87BA->19f1ba4d-0ac4-417a-a768-c4a6f2a4cb21(c0,m0,n1, attendVote=true, lastRpcSendTime=1253, lastRpcResponseTime=7514) yet, just keep nextIndex unchanged and retry.
2022-09-01 11:51:26,768 [grpc-default-executor-1] WARN  server.GrpcLogAppender (LogUtils.java:warn(122)) - 53230697-4daa-462d-80e4-75ca566b1cfd@group-BBBFE33D87BA->953192fd-2d2b-4a2c-9bab-3b1036121bcc-AppendLogResponseHandler: Failed appendEntries: org.apache.ratis.thirdparty.io.grpc.StatusRuntimeException: UNAVAILABLE: io exception
2022-09-01 11:51:26,768 [grpc-default-executor-1] WARN  server.GrpcLogAppender (GrpcLogAppender.java:resetClient(111)) - 53230697-4daa-462d-80e4-75ca566b1cfd@group-BBBFE33D87BA->953192fd-2d2b-4a2c-9bab-3b1036121bcc-GrpcLogAppender: Leader has not got in touch with Follower 53230697-4daa-462d-80e4-75ca566b1cfd@group-BBBFE33D87BA->953192fd-2d2b-4a2c-9bab-3b1036121bcc(c0,m0,n1, attendVote=true, lastRpcSendTime=1254, lastRpcResponseTime=7520) yet, just keep nextIndex unchanged and retry.
2022-09-01 11:51:27,119 [53230697-4daa-462d-80e4-75ca566b1cfd@group-BBBFE33D87BA-LeaderStateImpl] WARN  server.RaftServer$Division (LeaderStateImpl.java:checkLeadership(1018)) - 53230697-4daa-462d-80e4-75ca566b1cfd@group-BBBFE33D87BA-LeaderStateImpl: Lost leadership on term: 2. Election timeout: 5200ms. In charge for: 10422ms. Conf: 0: [953192fd-2d2b-4a2c-9bab-3b1036121bcc|rpc:127.0.0.1:45107|dataStream:|priority:0, 19f1ba4d-0ac4-417a-a768-c4a6f2a4cb21|rpc:127.0.0.1:36057|dataStream:|priority:0, 53230697-4daa-462d-80e4-75ca566b1cfd|rpc:127.0.0.1:39827|dataStream:|priority:1], old=null
2022-09-01 11:51:27,120 [53230697-4daa-462d-80e4-75ca566b1cfd@group-BBBFE33D87BA-LeaderStateImpl] WARN  server.RaftServer$Division (LeaderStateImpl.java:lambda$checkLeadership$17(1022)) - Follower 53230697-4daa-462d-80e4-75ca566b1cfd@group-BBBFE33D87BA->953192fd-2d2b-4a2c-9bab-3b1036121bcc(c0,m0,n1, attendVote=true, lastRpcSendTime=351, lastRpcResponseTime=7873)
2022-09-01 11:51:27,120 [53230697-4daa-462d-80e4-75ca566b1cfd@group-BBBFE33D87BA-LeaderStateImpl] WARN  server.RaftServer$Division (LeaderStateImpl.java:lambda$checkLeadership$17(1022)) - Follower 53230697-4daa-462d-80e4-75ca566b1cfd@group-BBBFE33D87BA->19f1ba4d-0ac4-417a-a768-c4a6f2a4cb21(c0,m0,n1, attendVote=true, lastRpcSendTime=358, lastRpcResponseTime=7873)
2022-09-01 11:51:27,121 [53230697-4daa-462d-80e4-75ca566b1cfd@group-BBBFE33D87BA-LeaderStateImpl] INFO  server.RaftServer$Division (RaftServerImpl.java:setRole(299)) - 53230697-4daa-462d-80e4-75ca566b1cfd@group-BBBFE33D87BA: changes role from    LEADER to FOLLOWER at term 2 for StepDownReason:LOST_MAJORITY_HEARTBEATS
2022-09-01 11:51:27,121 [53230697-4daa-462d-80e4-75ca566b1cfd@group-BBBFE33D87BA-LeaderStateImpl] INFO  impl.RoleInfo (RoleInfo.java:shutdownLeaderState(93)) - 53230697-4daa-462d-80e4-75ca566b1cfd: shutdown 53230697-4daa-462d-80e4-75ca566b1cfd@group-BBBFE33D87BA-LeaderStateImpl
2022-09-01 11:51:27,121 [53230697-4daa-462d-80e4-75ca566b1cfd@group-BBBFE33D87BA-LeaderStateImpl] INFO  impl.PendingRequests (PendingRequests.java:sendNotLeaderResponses(282)) - 53230697-4daa-462d-80e4-75ca566b1cfd@group-BBBFE33D87BA-PendingRequests: sendNotLeaderResponses
2022-09-01 11:51:27,121 [53230697-4daa-462d-80e4-75ca566b1cfd@group-BBBFE33D87BA-LeaderStateImpl] INFO  impl.RoleInfo (RoleInfo.java:updateAndGet(139)) - 53230697-4daa-462d-80e4-75ca566b1cfd: start 53230697-4daa-462d-80e4-75ca566b1cfd@group-BBBFE33D87BA-FollowerState
2022-09-01 11:51:27,532 [EndpointStateMachine task thread for /127.0.0.1:41671 - 0 ] INFO  ipc.Client (Client.java:handleConnectionFailure(977)) - Retrying connect to server: localhost/127.0.0.1:41671. Already tried 13 time(s); retry policy is RetryUpToMaximumCountWithFixedSleep(maxRetries=15, sleepTime=1000 MILLISECONDS)
2022-09-01 11:51:27,532 [EndpointStateMachine task thread for /127.0.0.1:42041 - 0 ] INFO  ipc.Client (Client.java:handleConnectionFailure(977)) - Retrying connect to server: localhost/127.0.0.1:42041. Already tried 13 time(s); retry policy is RetryUpToMaximumCountWithFixedSleep(maxRetries=15, sleepTime=1000 MILLISECONDS)
2022-09-01 11:51:27,532 [EndpointStateMachine task thread for /127.0.0.1:38463 - 0 ] INFO  ipc.Client (Client.java:handleConnectionFailure(977)) - Retrying connect to server: localhost/127.0.0.1:38463. Already tried 13 time(s); retry policy is RetryUpToMaximumCountWithFixedSleep(maxRetries=15, sleepTime=1000 MILLISECONDS)
2022-09-01 11:51:28,532 [EndpointStateMachine task thread for /127.0.0.1:41671 - 0 ] INFO  ipc.Client (Client.java:handleConnectionFailure(977)) - Retrying connect to server: localhost/127.0.0.1:41671. Already tried 14 time(s); retry policy is RetryUpToMaximumCountWithFixedSleep(maxRetries=15, sleepTime=1000 MILLISECONDS)
2022-09-01 11:51:28,533 [EndpointStateMachine task thread for /127.0.0.1:41671 - 0 ] WARN  statemachine.EndpointStateMachine (EndpointStateMachine.java:logIfNeeded(241)) - Unable to communicate to SCM server at localhost:41671 for past 0 seconds.
java.net.ConnectException: Call From fv-az459-356/10.1.1.61 to localhost:41671 failed on connection exception: java.net.ConnectException: Connection refused; For more details see:  http://wiki.apache.org/hadoop/ConnectionRefused
	at sun.reflect.NativeConstructorAccessorImpl.newInstance0(Native Method)
	at sun.reflect.NativeConstructorAccessorImpl.newInstance(NativeConstructorAccessorImpl.java:62)
	at sun.reflect.DelegatingConstructorAccessorImpl.newInstance(DelegatingConstructorAccessorImpl.java:45)
	at java.lang.reflect.Constructor.newInstance(Constructor.java:423)
	at org.apache.hadoop.net.NetUtils.wrapWithMessage(NetUtils.java:913)
	at org.apache.hadoop.net.NetUtils.wrapException(NetUtils.java:828)
	at org.apache.hadoop.ipc.Client.getRpcResponse(Client.java:1577)
	at org.apache.hadoop.ipc.Client.call(Client.java:1519)
	at org.apache.hadoop.ipc.Client.call(Client.java:1416)
	at org.apache.hadoop.ipc.ProtobufRpcEngine$Invoker.invoke(ProtobufRpcEngine.java:236)
	at org.apache.hadoop.ipc.ProtobufRpcEngine$Invoker.invoke(ProtobufRpcEngine.java:123)
	at com.sun.proxy.$Proxy51.submitRequest(Unknown Source)
	at org.apache.hadoop.ozone.protocolPB.StorageContainerDatanodeProtocolClientSideTranslatorPB.submitRequest(StorageContainerDatanodeProtocolClientSideTranslatorPB.java:117)
	at org.apache.hadoop.ozone.protocolPB.StorageContainerDatanodeProtocolClientSideTranslatorPB.sendHeartbeat(StorageContainerDatanodeProtocolClientSideTranslatorPB.java:149)
	at org.apache.hadoop.ozone.container.common.states.endpoint.HeartbeatEndpointTask.call(HeartbeatEndpointTask.java:185)
	at org.apache.hadoop.ozone.container.common.states.endpoint.HeartbeatEndpointTask.call(HeartbeatEndpointTask.java:87)
	at java.util.concurrent.FutureTask.run(FutureTask.java:266)
	at java.util.concurrent.ThreadPoolExecutor.runWorker(ThreadPoolExecutor.java:1149)
	at java.util.concurrent.ThreadPoolExecutor$Worker.run(ThreadPoolExecutor.java:624)
	at java.lang.Thread.run(Thread.java:750)
Caused by: java.net.ConnectException: Connection refused
	at sun.nio.ch.SocketChannelImpl.checkConnect(Native Method)
	at sun.nio.ch.SocketChannelImpl.finishConnect(SocketChannelImpl.java:716)
	at org.apache.hadoop.net.SocketIOWithTimeout.connect(SocketIOWithTimeout.java:206)
	at org.apache.hadoop.net.NetUtils.connect(NetUtils.java:586)
	at org.apache.hadoop.ipc.Client$Connection.setupConnection(Client.java:701)
	at org.apache.hadoop.ipc.Client$Connection.setupIOstreams(Client.java:822)
	at org.apache.hadoop.ipc.Client$Connection.access$3800(Client.java:414)
	at org.apache.hadoop.ipc.Client.getConnection(Client.java:1647)
	at org.apache.hadoop.ipc.Client.call(Client.java:1463)
	... 12 more
2022-09-01 11:51:28,538 [EndpointStateMachine task thread for /127.0.0.1:42041 - 0 ] INFO  ipc.Client (Client.java:handleConnectionFailure(977)) - Retrying connect to server: localhost/127.0.0.1:42041. Already tried 14 time(s); retry policy is RetryUpToMaximumCountWithFixedSleep(maxRetries=15, sleepTime=1000 MILLISECONDS)
2022-09-01 11:51:28,539 [EndpointStateMachine task thread for /127.0.0.1:42041 - 0 ] WARN  statemachine.EndpointStateMachine (EndpointStateMachine.java:logIfNeeded(241)) - Unable to communicate to SCM server at localhost:42041 for past 0 seconds.
java.net.ConnectException: Call From fv-az459-356/10.1.1.61 to localhost:42041 failed on connection exception: java.net.ConnectException: Connection refused; For more details see:  http://wiki.apache.org/hadoop/ConnectionRefused
	at sun.reflect.NativeConstructorAccessorImpl.newInstance0(Native Method)
	at sun.reflect.NativeConstructorAccessorImpl.newInstance(NativeConstructorAccessorImpl.java:62)
	at sun.reflect.DelegatingConstructorAccessorImpl.newInstance(DelegatingConstructorAccessorImpl.java:45)
	at java.lang.reflect.Constructor.newInstance(Constructor.java:423)
	at org.apache.hadoop.net.NetUtils.wrapWithMessage(NetUtils.java:913)
	at org.apache.hadoop.net.NetUtils.wrapException(NetUtils.java:828)
	at org.apache.hadoop.ipc.Client.getRpcResponse(Client.java:1577)
	at org.apache.hadoop.ipc.Client.call(Client.java:1519)
	at org.apache.hadoop.ipc.Client.call(Client.java:1416)
	at org.apache.hadoop.ipc.ProtobufRpcEngine$Invoker.invoke(ProtobufRpcEngine.java:236)
	at org.apache.hadoop.ipc.ProtobufRpcEngine$Invoker.invoke(ProtobufRpcEngine.java:123)
	at com.sun.proxy.$Proxy51.submitRequest(Unknown Source)
	at org.apache.hadoop.ozone.protocolPB.StorageContainerDatanodeProtocolClientSideTranslatorPB.submitRequest(StorageContainerDatanodeProtocolClientSideTranslatorPB.java:117)
	at org.apache.hadoop.ozone.protocolPB.StorageContainerDatanodeProtocolClientSideTranslatorPB.sendHeartbeat(StorageContainerDatanodeProtocolClientSideTranslatorPB.java:149)
	at org.apache.hadoop.ozone.container.common.states.endpoint.HeartbeatEndpointTask.call(HeartbeatEndpointTask.java:185)
	at org.apache.hadoop.ozone.container.common.states.endpoint.HeartbeatEndpointTask.call(HeartbeatEndpointTask.java:87)
	at java.util.concurrent.FutureTask.run(FutureTask.java:266)
	at java.util.concurrent.ThreadPoolExecutor.runWorker(ThreadPoolExecutor.java:1149)
	at java.util.concurrent.ThreadPoolExecutor$Worker.run(ThreadPoolExecutor.java:624)
	at java.lang.Thread.run(Thread.java:750)
Caused by: java.net.ConnectException: Connection refused
	at sun.nio.ch.SocketChannelImpl.checkConnect(Native Method)
	at sun.nio.ch.SocketChannelImpl.finishConnect(SocketChannelImpl.java:716)
	at org.apache.hadoop.net.SocketIOWithTimeout.connect(SocketIOWithTimeout.java:206)
	at org.apache.hadoop.net.NetUtils.connect(NetUtils.java:586)
	at org.apache.hadoop.ipc.Client$Connection.setupConnection(Client.java:701)
	at org.apache.hadoop.ipc.Client$Connection.setupIOstreams(Client.java:822)
	at org.apache.hadoop.ipc.Client$Connection.access$3800(Client.java:414)
	at org.apache.hadoop.ipc.Client.getConnection(Client.java:1647)
	at org.apache.hadoop.ipc.Client.call(Client.java:1463)
	... 12 more
2022-09-01 11:51:28,539 [EndpointStateMachine task thread for /127.0.0.1:38463 - 0 ] INFO  ipc.Client (Client.java:handleConnectionFailure(977)) - Retrying connect to server: localhost/127.0.0.1:38463. Already tried 14 time(s); retry policy is RetryUpToMaximumCountWithFixedSleep(maxRetries=15, sleepTime=1000 MILLISECONDS)
2022-09-01 11:51:28,540 [EndpointStateMachine task thread for /127.0.0.1:38463 - 0 ] WARN  statemachine.EndpointStateMachine (EndpointStateMachine.java:logIfNeeded(241)) - Unable to communicate to SCM server at localhost:38463 for past 0 seconds.
java.net.ConnectException: Call From fv-az459-356/10.1.1.61 to localhost:38463 failed on connection exception: java.net.ConnectException: Connection refused; For more details see:  http://wiki.apache.org/hadoop/ConnectionRefused
	at sun.reflect.NativeConstructorAccessorImpl.newInstance0(Native Method)
	at sun.reflect.NativeConstructorAccessorImpl.newInstance(NativeConstructorAccessorImpl.java:62)
	at sun.reflect.DelegatingConstructorAccessorImpl.newInstance(DelegatingConstructorAccessorImpl.java:45)
	at java.lang.reflect.Constructor.newInstance(Constructor.java:423)
	at org.apache.hadoop.net.NetUtils.wrapWithMessage(NetUtils.java:913)
	at org.apache.hadoop.net.NetUtils.wrapException(NetUtils.java:828)
	at org.apache.hadoop.ipc.Client.getRpcResponse(Client.java:1577)
	at org.apache.hadoop.ipc.Client.call(Client.java:1519)
	at org.apache.hadoop.ipc.Client.call(Client.java:1416)
	at org.apache.hadoop.ipc.ProtobufRpcEngine$Invoker.invoke(ProtobufRpcEngine.java:236)
	at org.apache.hadoop.ipc.ProtobufRpcEngine$Invoker.invoke(ProtobufRpcEngine.java:123)
	at com.sun.proxy.$Proxy51.submitRequest(Unknown Source)
	at org.apache.hadoop.ozone.protocolPB.StorageContainerDatanodeProtocolClientSideTranslatorPB.submitRequest(StorageContainerDatanodeProtocolClientSideTranslatorPB.java:117)
	at org.apache.hadoop.ozone.protocolPB.StorageContainerDatanodeProtocolClientSideTranslatorPB.sendHeartbeat(StorageContainerDatanodeProtocolClientSideTranslatorPB.java:149)
	at org.apache.hadoop.ozone.container.common.states.endpoint.HeartbeatEndpointTask.call(HeartbeatEndpointTask.java:185)
	at org.apache.hadoop.ozone.container.common.states.endpoint.HeartbeatEndpointTask.call(HeartbeatEndpointTask.java:87)
	at java.util.concurrent.FutureTask.run(FutureTask.java:266)
	at java.util.concurrent.ThreadPoolExecutor.runWorker(ThreadPoolExecutor.java:1149)
	at java.util.concurrent.ThreadPoolExecutor$Worker.run(ThreadPoolExecutor.java:624)
	at java.lang.Thread.run(Thread.java:750)
Caused by: java.net.ConnectException: Connection refused
	at sun.nio.ch.SocketChannelImpl.checkConnect(Native Method)
	at sun.nio.ch.SocketChannelImpl.finishConnect(SocketChannelImpl.java:716)
	at org.apache.hadoop.net.SocketIOWithTimeout.connect(SocketIOWithTimeout.java:206)
	at org.apache.hadoop.net.NetUtils.connect(NetUtils.java:586)
	at org.apache.hadoop.ipc.Client$Connection.setupConnection(Client.java:701)
	at org.apache.hadoop.ipc.Client$Connection.setupIOstreams(Client.java:822)
	at org.apache.hadoop.ipc.Client$Connection.access$3800(Client.java:414)
	at org.apache.hadoop.ipc.Client.getConnection(Client.java:1647)
	at org.apache.hadoop.ipc.Client.call(Client.java:1463)
	... 12 more
2022-09-01 11:51:29,545 [EndpointStateMachine task thread for /127.0.0.1:41671 - 0 ] INFO  ipc.Client (Client.java:handleConnectionFailure(977)) - Retrying connect to server: localhost/127.0.0.1:41671. Already tried 0 time(s); retry policy is RetryUpToMaximumCountWithFixedSleep(maxRetries=15, sleepTime=1000 MILLISECONDS)
2022-09-01 11:51:29,548 [EndpointStateMachine task thread for /127.0.0.1:42041 - 0 ] INFO  ipc.Client (Client.java:handleConnectionFailure(977)) - Retrying connect to server: localhost/127.0.0.1:42041. Already tried 0 time(s); retry policy is RetryUpToMaximumCountWithFixedSleep(maxRetries=15, sleepTime=1000 MILLISECONDS)
2022-09-01 11:51:29,548 [EndpointStateMachine task thread for /127.0.0.1:38463 - 0 ] INFO  ipc.Client (Client.java:handleConnectionFailure(977)) - Retrying connect to server: localhost/127.0.0.1:38463. Already tried 0 time(s); retry policy is RetryUpToMaximumCountWithFixedSleep(maxRetries=15, sleepTime=1000 MILLISECONDS)
2022-09-01 11:51:30,545 [EndpointStateMachine task thread for /127.0.0.1:41671 - 0 ] INFO  ipc.Client (Client.java:handleConnectionFailure(977)) - Retrying connect to server: localhost/127.0.0.1:41671. Already tried 1 time(s); retry policy is RetryUpToMaximumCountWithFixedSleep(maxRetries=15, sleepTime=1000 MILLISECONDS)
2022-09-01 11:51:30,548 [EndpointStateMachine task thread for /127.0.0.1:42041 - 0 ] INFO  ipc.Client (Client.java:handleConnectionFailure(977)) - Retrying connect to server: localhost/127.0.0.1:42041. Already tried 1 time(s); retry policy is RetryUpToMaximumCountWithFixedSleep(maxRetries=15, sleepTime=1000 MILLISECONDS)
2022-09-01 11:51:30,549 [EndpointStateMachine task thread for /127.0.0.1:38463 - 0 ] INFO  ipc.Client (Client.java:handleConnectionFailure(977)) - Retrying connect to server: localhost/127.0.0.1:38463. Already tried 1 time(s); retry policy is RetryUpToMaximumCountWithFixedSleep(maxRetries=15, sleepTime=1000 MILLISECONDS)
2022-09-01 11:51:30,780 [Listener at 127.0.0.1/40551] INFO  ozoneimpl.OzoneContainer (OzoneContainer.java:stop(400)) - Attempting to stop container services.
2022-09-01 11:51:30,781 [Listener at 127.0.0.1/40551] INFO  server.RaftServer (RaftServerProxy.java:lambda$close$7(398)) - 53230697-4daa-462d-80e4-75ca566b1cfd: close
2022-09-01 11:51:30,787 [Listener at 127.0.0.1/40551] INFO  server.RaftServer$Division (RaftServerImpl.java:lambda$close$4(434)) - 53230697-4daa-462d-80e4-75ca566b1cfd@group-0BBC7BF12F67: shutdown
2022-09-01 11:51:30,788 [Listener at 127.0.0.1/40551] INFO  util.JmxRegister (JmxRegister.java:unregister(73)) - Successfully un-registered JMX Bean with object name Ratis:service=RaftServer,group=group-0BBC7BF12F67,id=53230697-4daa-462d-80e4-75ca566b1cfd
2022-09-01 11:51:30,788 [Listener at 127.0.0.1/40551] INFO  impl.RoleInfo (RoleInfo.java:shutdownFollowerState(110)) - 53230697-4daa-462d-80e4-75ca566b1cfd: shutdown 53230697-4daa-462d-80e4-75ca566b1cfd@group-0BBC7BF12F67-FollowerState
2022-09-01 11:51:30,788 [Listener at 127.0.0.1/40551] INFO  impl.StateMachineUpdater (StateMachineUpdater.java:stopAndJoin(153)) - 53230697-4daa-462d-80e4-75ca566b1cfd@group-0BBC7BF12F67-StateMachineUpdater: set stopIndex = 0
2022-09-01 11:51:30,788 [53230697-4daa-462d-80e4-75ca566b1cfd@group-0BBC7BF12F67-FollowerState] INFO  impl.FollowerState (FollowerState.java:run(152)) - 53230697-4daa-462d-80e4-75ca566b1cfd@group-0BBC7BF12F67-FollowerState was interrupted
2022-09-01 11:51:30,788 [ForkJoinPool.commonPool-worker-1] INFO  server.RaftServer$Division (RaftServerImpl.java:lambda$close$4(434)) - 53230697-4daa-462d-80e4-75ca566b1cfd@group-BBBFE33D87BA: shutdown
2022-09-01 11:51:30,789 [ForkJoinPool.commonPool-worker-1] INFO  util.JmxRegister (JmxRegister.java:unregister(73)) - Successfully un-registered JMX Bean with object name Ratis:service=RaftServer,group=group-BBBFE33D87BA,id=53230697-4daa-462d-80e4-75ca566b1cfd
2022-09-01 11:51:30,789 [ForkJoinPool.commonPool-worker-1] INFO  impl.RoleInfo (RoleInfo.java:shutdownFollowerState(110)) - 53230697-4daa-462d-80e4-75ca566b1cfd: shutdown 53230697-4daa-462d-80e4-75ca566b1cfd@group-BBBFE33D87BA-FollowerState
2022-09-01 11:51:30,789 [53230697-4daa-462d-80e4-75ca566b1cfd@group-0BBC7BF12F67-StateMachineUpdater] INFO  ratis.ContainerStateMachine (ContainerStateMachine.java:takeSnapshot(304)) - group-0BBC7BF12F67: Taking a snapshot at:(t:1, i:0) file /home/runner/work/ozone/ozone/hadoop-ozone/integration-test/target/test-dir/MiniOzoneClusterImpl-a1c451f0-9b10-458f-87dd-1ed43301bce6/datanode-2/data/ratis/a2a432df-31b3-4847-b515-0bbc7bf12f67/sm/snapshot.1_0
2022-09-01 11:51:30,789 [53230697-4daa-462d-80e4-75ca566b1cfd@group-BBBFE33D87BA-FollowerState] INFO  impl.FollowerState (FollowerState.java:run(152)) - 53230697-4daa-462d-80e4-75ca566b1cfd@group-BBBFE33D87BA-FollowerState was interrupted
2022-09-01 11:51:30,790 [53230697-4daa-462d-80e4-75ca566b1cfd@group-BBBFE33D87BA-StateMachineUpdater] INFO  ratis.ContainerStateMachine (ContainerStateMachine.java:takeSnapshot(304)) - group-BBBFE33D87BA: Taking a snapshot at:(t:2, i:0) file /home/runner/work/ozone/ozone/hadoop-ozone/integration-test/target/test-dir/MiniOzoneClusterImpl-a1c451f0-9b10-458f-87dd-1ed43301bce6/datanode-2/data/ratis/9b7c563b-ab3b-4ffc-aa74-bbbfe33d87ba/sm/snapshot.2_0
2022-09-01 11:51:30,790 [ForkJoinPool.commonPool-worker-1] INFO  impl.StateMachineUpdater (StateMachineUpdater.java:stopAndJoin(153)) - 53230697-4daa-462d-80e4-75ca566b1cfd@group-BBBFE33D87BA-StateMachineUpdater: set stopIndex = 0
2022-09-01 11:51:30,791 [53230697-4daa-462d-80e4-75ca566b1cfd@group-0BBC7BF12F67-StateMachineUpdater] INFO  ratis.ContainerStateMachine (ContainerStateMachine.java:takeSnapshot(315)) - group-0BBC7BF12F67: Finished taking a snapshot at:(t:1, i:0) file:/home/runner/work/ozone/ozone/hadoop-ozone/integration-test/target/test-dir/MiniOzoneClusterImpl-a1c451f0-9b10-458f-87dd-1ed43301bce6/datanode-2/data/ratis/a2a432df-31b3-4847-b515-0bbc7bf12f67/sm/snapshot.1_0 took: 1 ms
2022-09-01 11:51:30,791 [53230697-4daa-462d-80e4-75ca566b1cfd@group-0BBC7BF12F67-StateMachineUpdater] INFO  impl.StateMachineUpdater (StateMachineUpdater.java:takeSnapshot(287)) - 53230697-4daa-462d-80e4-75ca566b1cfd@group-0BBC7BF12F67-StateMachineUpdater: Took a snapshot at index 0
2022-09-01 11:51:30,791 [53230697-4daa-462d-80e4-75ca566b1cfd@group-0BBC7BF12F67-StateMachineUpdater] INFO  impl.StateMachineUpdater (StateMachineUpdater.java:lambda$new$0(92)) - 53230697-4daa-462d-80e4-75ca566b1cfd@group-0BBC7BF12F67-StateMachineUpdater: snapshotIndex: updateIncreasingly -1 -> 0
2022-09-01 11:51:30,791 [53230697-4daa-462d-80e4-75ca566b1cfd@group-BBBFE33D87BA-StateMachineUpdater] INFO  ratis.ContainerStateMachine (ContainerStateMachine.java:takeSnapshot(315)) - group-BBBFE33D87BA: Finished taking a snapshot at:(t:2, i:0) file:/home/runner/work/ozone/ozone/hadoop-ozone/integration-test/target/test-dir/MiniOzoneClusterImpl-a1c451f0-9b10-458f-87dd-1ed43301bce6/datanode-2/data/ratis/9b7c563b-ab3b-4ffc-aa74-bbbfe33d87ba/sm/snapshot.2_0 took: 1 ms
2022-09-01 11:51:30,791 [53230697-4daa-462d-80e4-75ca566b1cfd@group-BBBFE33D87BA-StateMachineUpdater] INFO  impl.StateMachineUpdater (StateMachineUpdater.java:takeSnapshot(287)) - 53230697-4daa-462d-80e4-75ca566b1cfd@group-BBBFE33D87BA-StateMachineUpdater: Took a snapshot at index 0
2022-09-01 11:51:30,792 [53230697-4daa-462d-80e4-75ca566b1cfd@group-BBBFE33D87BA-StateMachineUpdater] INFO  impl.StateMachineUpdater (StateMachineUpdater.java:lambda$new$0(92)) - 53230697-4daa-462d-80e4-75ca566b1cfd@group-BBBFE33D87BA-StateMachineUpdater: snapshotIndex: updateIncreasingly -1 -> 0
2022-09-01 11:51:30,792 [ForkJoinPool.commonPool-worker-1] INFO  server.RaftServer$Division (ServerState.java:close(429)) - 53230697-4daa-462d-80e4-75ca566b1cfd@group-BBBFE33D87BA: closes. applyIndex: 0
2022-09-01 11:51:30,792 [53230697-4daa-462d-80e4-75ca566b1cfd@group-BBBFE33D87BA-SegmentedRaftLogWorker] INFO  segmented.SegmentedRaftLogWorker (SegmentedRaftLogWorker.java:run(336)) - 53230697-4daa-462d-80e4-75ca566b1cfd@group-BBBFE33D87BA-SegmentedRaftLogWorker was interrupted, exiting. There are 0 tasks remaining in the queue.
2022-09-01 11:51:30,792 [Listener at 127.0.0.1/40551] INFO  server.RaftServer$Division (ServerState.java:close(429)) - 53230697-4daa-462d-80e4-75ca566b1cfd@group-0BBC7BF12F67: closes. applyIndex: 0
2022-09-01 11:51:30,793 [53230697-4daa-462d-80e4-75ca566b1cfd@group-0BBC7BF12F67-SegmentedRaftLogWorker] INFO  segmented.SegmentedRaftLogWorker (SegmentedRaftLogWorker.java:run(336)) - 53230697-4daa-462d-80e4-75ca566b1cfd@group-0BBC7BF12F67-SegmentedRaftLogWorker was interrupted, exiting. There are 0 tasks remaining in the queue.
2022-09-01 11:51:30,793 [Listener at 127.0.0.1/40551] INFO  segmented.SegmentedRaftLogWorker (SegmentedRaftLogWorker.java:close(246)) - 53230697-4daa-462d-80e4-75ca566b1cfd@group-0BBC7BF12F67-SegmentedRaftLogWorker close()
2022-09-01 11:51:30,793 [ForkJoinPool.commonPool-worker-1] INFO  segmented.SegmentedRaftLogWorker (SegmentedRaftLogWorker.java:close(246)) - 53230697-4daa-462d-80e4-75ca566b1cfd@group-BBBFE33D87BA-SegmentedRaftLogWorker close()
2022-09-01 11:51:30,794 [Listener at 127.0.0.1/40551] INFO  server.RaftServer$Division (RaftServerImpl.java:lambda$close$4(434)) - 53230697-4daa-462d-80e4-75ca566b1cfd@group-6CF85882097C: shutdown
2022-09-01 11:51:30,794 [Listener at 127.0.0.1/40551] INFO  util.JmxRegister (JmxRegister.java:unregister(73)) - Successfully un-registered JMX Bean with object name Ratis:service=RaftServer,group=group-6CF85882097C,id=53230697-4daa-462d-80e4-75ca566b1cfd
2022-09-01 11:51:30,794 [Listener at 127.0.0.1/40551] INFO  impl.RoleInfo (RoleInfo.java:shutdownLeaderState(93)) - 53230697-4daa-462d-80e4-75ca566b1cfd: shutdown 53230697-4daa-462d-80e4-75ca566b1cfd@group-6CF85882097C-LeaderStateImpl
2022-09-01 11:51:30,794 [Listener at 127.0.0.1/40551] INFO  impl.PendingRequests (PendingRequests.java:sendNotLeaderResponses(282)) - 53230697-4daa-462d-80e4-75ca566b1cfd@group-6CF85882097C-PendingRequests: sendNotLeaderResponses
2022-09-01 11:51:30,795 [Listener at 127.0.0.1/40551] INFO  impl.StateMachineUpdater (StateMachineUpdater.java:stopAndJoin(153)) - 53230697-4daa-462d-80e4-75ca566b1cfd@group-6CF85882097C-StateMachineUpdater: set stopIndex = 0
2022-09-01 11:51:30,796 [53230697-4daa-462d-80e4-75ca566b1cfd@group-6CF85882097C-StateMachineUpdater] INFO  ratis.ContainerStateMachine (ContainerStateMachine.java:takeSnapshot(304)) - group-6CF85882097C: Taking a snapshot at:(t:1, i:0) file /home/runner/work/ozone/ozone/hadoop-ozone/integration-test/target/test-dir/MiniOzoneClusterImpl-a1c451f0-9b10-458f-87dd-1ed43301bce6/datanode-2/data/ratis/ec0eea24-4069-46ff-bb98-6cf85882097c/sm/snapshot.1_0
2022-09-01 11:51:30,797 [53230697-4daa-462d-80e4-75ca566b1cfd@group-6CF85882097C-StateMachineUpdater] INFO  ratis.ContainerStateMachine (ContainerStateMachine.java:takeSnapshot(315)) - group-6CF85882097C: Finished taking a snapshot at:(t:1, i:0) file:/home/runner/work/ozone/ozone/hadoop-ozone/integration-test/target/test-dir/MiniOzoneClusterImpl-a1c451f0-9b10-458f-87dd-1ed43301bce6/datanode-2/data/ratis/ec0eea24-4069-46ff-bb98-6cf85882097c/sm/snapshot.1_0 took: 1 ms
2022-09-01 11:51:30,797 [53230697-4daa-462d-80e4-75ca566b1cfd@group-6CF85882097C-StateMachineUpdater] INFO  impl.StateMachineUpdater (StateMachineUpdater.java:takeSnapshot(287)) - 53230697-4daa-462d-80e4-75ca566b1cfd@group-6CF85882097C-StateMachineUpdater: Took a snapshot at index 0
2022-09-01 11:51:30,797 [53230697-4daa-462d-80e4-75ca566b1cfd@group-6CF85882097C-StateMachineUpdater] INFO  impl.StateMachineUpdater (StateMachineUpdater.java:lambda$new$0(92)) - 53230697-4daa-462d-80e4-75ca566b1cfd@group-6CF85882097C-StateMachineUpdater: snapshotIndex: updateIncreasingly -1 -> 0
2022-09-01 11:51:30,797 [Listener at 127.0.0.1/40551] INFO  server.RaftServer$Division (ServerState.java:close(429)) - 53230697-4daa-462d-80e4-75ca566b1cfd@group-6CF85882097C: closes. applyIndex: 0
2022-09-01 11:51:30,797 [53230697-4daa-462d-80e4-75ca566b1cfd@group-6CF85882097C-SegmentedRaftLogWorker] INFO  segmented.SegmentedRaftLogWorker (SegmentedRaftLogWorker.java:run(336)) - 53230697-4daa-462d-80e4-75ca566b1cfd@group-6CF85882097C-SegmentedRaftLogWorker was interrupted, exiting. There are 0 tasks remaining in the queue.
2022-09-01 11:51:30,798 [Listener at 127.0.0.1/40551] INFO  segmented.SegmentedRaftLogWorker (SegmentedRaftLogWorker.java:close(246)) - 53230697-4daa-462d-80e4-75ca566b1cfd@group-6CF85882097C-SegmentedRaftLogWorker close()
2022-09-01 11:51:30,798 [Listener at 127.0.0.1/40551] INFO  server.GrpcService (GrpcService.java:closeImpl(269)) - 53230697-4daa-462d-80e4-75ca566b1cfd: shutdown server with port 39827 now
2022-09-01 11:51:30,808 [Listener at 127.0.0.1/40551] INFO  server.GrpcService (GrpcService.java:closeImpl(278)) - 53230697-4daa-462d-80e4-75ca566b1cfd: shutdown server with port 39827 successfully
2022-09-01 11:51:30,809 [org.apache.ratis.util.JvmPauseMonitor$$Lambda$519/975069640@29645cd2] INFO  util.JvmPauseMonitor (JvmPauseMonitor.java:run(109)) - JvmPauseMonitor-53230697-4daa-462d-80e4-75ca566b1cfd: Stopped
2022-09-01 11:51:31,546 [EndpointStateMachine task thread for /127.0.0.1:41671 - 0 ] INFO  ipc.Client (Client.java:handleConnectionFailure(977)) - Retrying connect to server: localhost/127.0.0.1:41671. Already tried 2 time(s); retry policy is RetryUpToMaximumCountWithFixedSleep(maxRetries=15, sleepTime=1000 MILLISECONDS)
2022-09-01 11:51:31,549 [EndpointStateMachine task thread for /127.0.0.1:42041 - 0 ] INFO  ipc.Client (Client.java:handleConnectionFailure(977)) - Retrying connect to server: localhost/127.0.0.1:42041. Already tried 2 time(s); retry policy is RetryUpToMaximumCountWithFixedSleep(maxRetries=15, sleepTime=1000 MILLISECONDS)
2022-09-01 11:51:31,549 [EndpointStateMachine task thread for /127.0.0.1:38463 - 0 ] INFO  ipc.Client (Client.java:handleConnectionFailure(977)) - Retrying connect to server: localhost/127.0.0.1:38463. Already tried 2 time(s); retry policy is RetryUpToMaximumCountWithFixedSleep(maxRetries=15, sleepTime=1000 MILLISECONDS)
2022-09-01 11:51:32,547 [EndpointStateMachine task thread for /127.0.0.1:41671 - 0 ] INFO  ipc.Client (Client.java:handleConnectionFailure(977)) - Retrying connect to server: localhost/127.0.0.1:41671. Already tried 3 time(s); retry policy is RetryUpToMaximumCountWithFixedSleep(maxRetries=15, sleepTime=1000 MILLISECONDS)
2022-09-01 11:51:32,549 [EndpointStateMachine task thread for /127.0.0.1:42041 - 0 ] INFO  ipc.Client (Client.java:handleConnectionFailure(977)) - Retrying connect to server: localhost/127.0.0.1:42041. Already tried 3 time(s); retry policy is RetryUpToMaximumCountWithFixedSleep(maxRetries=15, sleepTime=1000 MILLISECONDS)
2022-09-01 11:51:32,550 [EndpointStateMachine task thread for /127.0.0.1:38463 - 0 ] INFO  ipc.Client (Client.java:handleConnectionFailure(977)) - Retrying connect to server: localhost/127.0.0.1:38463. Already tried 3 time(s); retry policy is RetryUpToMaximumCountWithFixedSleep(maxRetries=15, sleepTime=1000 MILLISECONDS)
2022-09-01 11:51:32,831 [Listener at 127.0.0.1/40551] INFO  utils.BackgroundService (BackgroundService.java:shutdown(141)) - Shutting down service BlockDeletingService
2022-09-01 11:51:32,834 [Listener at 127.0.0.1/40551] INFO  utils.BackgroundService (BackgroundService.java:shutdown(141)) - Shutting down service StaleRecoveringContainerScrubbingService
2022-09-01 11:51:33,548 [EndpointStateMachine task thread for /127.0.0.1:41671 - 0 ] INFO  ipc.Client (Client.java:handleConnectionFailure(977)) - Retrying connect to server: localhost/127.0.0.1:41671. Already tried 4 time(s); retry policy is RetryUpToMaximumCountWithFixedSleep(maxRetries=15, sleepTime=1000 MILLISECONDS)
2022-09-01 11:51:33,550 [EndpointStateMachine task thread for /127.0.0.1:42041 - 0 ] INFO  ipc.Client (Client.java:handleConnectionFailure(977)) - Retrying connect to server: localhost/127.0.0.1:42041. Already tried 4 time(s); retry policy is RetryUpToMaximumCountWithFixedSleep(maxRetries=15, sleepTime=1000 MILLISECONDS)
2022-09-01 11:51:33,551 [EndpointStateMachine task thread for /127.0.0.1:38463 - 0 ] INFO  ipc.Client (Client.java:handleConnectionFailure(977)) - Retrying connect to server: localhost/127.0.0.1:38463. Already tried 4 time(s); retry policy is RetryUpToMaximumCountWithFixedSleep(maxRetries=15, sleepTime=1000 MILLISECONDS)
2022-09-01 11:51:34,548 [EndpointStateMachine task thread for /127.0.0.1:41671 - 0 ] INFO  ipc.Client (Client.java:handleConnectionFailure(977)) - Retrying connect to server: localhost/127.0.0.1:41671. Already tried 5 time(s); retry policy is RetryUpToMaximumCountWithFixedSleep(maxRetries=15, sleepTime=1000 MILLISECONDS)
2022-09-01 11:51:34,550 [EndpointStateMachine task thread for /127.0.0.1:42041 - 0 ] INFO  ipc.Client (Client.java:handleConnectionFailure(977)) - Retrying connect to server: localhost/127.0.0.1:42041. Already tried 5 time(s); retry policy is RetryUpToMaximumCountWithFixedSleep(maxRetries=15, sleepTime=1000 MILLISECONDS)
2022-09-01 11:51:34,552 [EndpointStateMachine task thread for /127.0.0.1:38463 - 0 ] INFO  ipc.Client (Client.java:handleConnectionFailure(977)) - Retrying connect to server: localhost/127.0.0.1:38463. Already tried 5 time(s); retry policy is RetryUpToMaximumCountWithFixedSleep(maxRetries=15, sleepTime=1000 MILLISECONDS)
2022-09-01 11:51:35,550 [EndpointStateMachine task thread for /127.0.0.1:41671 - 0 ] INFO  ipc.Client (Client.java:handleConnectionFailure(977)) - Retrying connect to server: localhost/127.0.0.1:41671. Already tried 6 time(s); retry policy is RetryUpToMaximumCountWithFixedSleep(maxRetries=15, sleepTime=1000 MILLISECONDS)
2022-09-01 11:51:35,551 [EndpointStateMachine task thread for /127.0.0.1:42041 - 0 ] INFO  ipc.Client (Client.java:handleConnectionFailure(977)) - Retrying connect to server: localhost/127.0.0.1:42041. Already tried 6 time(s); retry policy is RetryUpToMaximumCountWithFixedSleep(maxRetries=15, sleepTime=1000 MILLISECONDS)
2022-09-01 11:51:35,553 [EndpointStateMachine task thread for /127.0.0.1:38463 - 0 ] INFO  ipc.Client (Client.java:handleConnectionFailure(977)) - Retrying connect to server: localhost/127.0.0.1:38463. Already tried 6 time(s); retry policy is RetryUpToMaximumCountWithFixedSleep(maxRetries=15, sleepTime=1000 MILLISECONDS)
2022-09-01 11:51:35,835 [Listener at 127.0.0.1/40551] INFO  statemachine.DatanodeStateMachine (DatanodeStateMachine.java:stopDaemon(580)) - Ozone container server stopped.
2022-09-01 11:51:35,847 [Listener at 127.0.0.1/40551] INFO  handler.ContextHandler (ContextHandler.java:doStop(1153)) - Stopped o.e.j.w.WebAppContext@2e1035d1{hddsDatanode,/,null,STOPPED}{jar:file:/home/runner/.m2/repository/org/apache/ozone/hdds-container-service/1.3.0-SNAPSHOT/hdds-container-service-1.3.0-SNAPSHOT.jar!/webapps/hddsDatanode}
2022-09-01 11:51:35,852 [Listener at 127.0.0.1/40551] INFO  server.AbstractConnector (AbstractConnector.java:doStop(381)) - Stopped ServerConnector@66805cb8{HTTP/1.1, (http/1.1)}{0.0.0.0:0}
2022-09-01 11:51:35,852 [Listener at 127.0.0.1/40551] INFO  server.session (HouseKeeper.java:stopScavenging(149)) - node0 Stopped scavenging
2022-09-01 11:51:35,852 [Listener at 127.0.0.1/40551] INFO  handler.ContextHandler (ContextHandler.java:doStop(1153)) - Stopped o.e.j.s.ServletContextHandler@7d396501{static,/static,jar:file:/home/runner/.m2/repository/org/apache/ozone/hdds-container-service/1.3.0-SNAPSHOT/hdds-container-service-1.3.0-SNAPSHOT.jar!/webapps/static,STOPPED}
2022-09-01 11:51:35,853 [Listener at 127.0.0.1/40551] INFO  handler.ContextHandler (ContextHandler.java:doStop(1153)) - Stopped o.e.j.s.ServletContextHandler@10b42b63{logs,/logs,file:///home/runner/work/ozone/ozone/hadoop-ozone/integration-test/target/log,STOPPED}
2022-09-01 11:51:36,550 [EndpointStateMachine task thread for /127.0.0.1:41671 - 0 ] INFO  ipc.Client (Client.java:handleConnectionFailure(977)) - Retrying connect to server: localhost/127.0.0.1:41671. Already tried 7 time(s); retry policy is RetryUpToMaximumCountWithFixedSleep(maxRetries=15, sleepTime=1000 MILLISECONDS)
2022-09-01 11:51:36,552 [EndpointStateMachine task thread for /127.0.0.1:42041 - 0 ] INFO  ipc.Client (Client.java:handleConnectionFailure(977)) - Retrying connect to server: localhost/127.0.0.1:42041. Already tried 7 time(s); retry policy is RetryUpToMaximumCountWithFixedSleep(maxRetries=15, sleepTime=1000 MILLISECONDS)
2022-09-01 11:51:36,554 [EndpointStateMachine task thread for /127.0.0.1:38463 - 0 ] INFO  ipc.Client (Client.java:handleConnectionFailure(977)) - Retrying connect to server: localhost/127.0.0.1:38463. Already tried 7 time(s); retry policy is RetryUpToMaximumCountWithFixedSleep(maxRetries=15, sleepTime=1000 MILLISECONDS)
2022-09-01 11:51:37,551 [EndpointStateMachine task thread for /127.0.0.1:41671 - 0 ] INFO  ipc.Client (Client.java:handleConnectionFailure(977)) - Retrying connect to server: localhost/127.0.0.1:41671. Already tried 8 time(s); retry policy is RetryUpToMaximumCountWithFixedSleep(maxRetries=15, sleepTime=1000 MILLISECONDS)
2022-09-01 11:51:37,552 [EndpointStateMachine task thread for /127.0.0.1:42041 - 0 ] INFO  ipc.Client (Client.java:handleConnectionFailure(977)) - Retrying connect to server: localhost/127.0.0.1:42041. Already tried 8 time(s); retry policy is RetryUpToMaximumCountWithFixedSleep(maxRetries=15, sleepTime=1000 MILLISECONDS)
2022-09-01 11:51:37,554 [EndpointStateMachine task thread for /127.0.0.1:38463 - 0 ] INFO  ipc.Client (Client.java:handleConnectionFailure(977)) - Retrying connect to server: localhost/127.0.0.1:38463. Already tried 8 time(s); retry policy is RetryUpToMaximumCountWithFixedSleep(maxRetries=15, sleepTime=1000 MILLISECONDS)
2022-09-01 11:51:38,552 [EndpointStateMachine task thread for /127.0.0.1:41671 - 0 ] INFO  ipc.Client (Client.java:handleConnectionFailure(977)) - Retrying connect to server: localhost/127.0.0.1:41671. Already tried 9 time(s); retry policy is RetryUpToMaximumCountWithFixedSleep(maxRetries=15, sleepTime=1000 MILLISECONDS)
2022-09-01 11:51:38,553 [EndpointStateMachine task thread for /127.0.0.1:42041 - 0 ] INFO  ipc.Client (Client.java:handleConnectionFailure(977)) - Retrying connect to server: localhost/127.0.0.1:42041. Already tried 9 time(s); retry policy is RetryUpToMaximumCountWithFixedSleep(maxRetries=15, sleepTime=1000 MILLISECONDS)
2022-09-01 11:51:38,554 [EndpointStateMachine task thread for /127.0.0.1:38463 - 0 ] INFO  ipc.Client (Client.java:handleConnectionFailure(977)) - Retrying connect to server: localhost/127.0.0.1:38463. Already tried 9 time(s); retry policy is RetryUpToMaximumCountWithFixedSleep(maxRetries=15, sleepTime=1000 MILLISECONDS)
2022-09-01 11:51:39,553 [EndpointStateMachine task thread for /127.0.0.1:41671 - 0 ] INFO  ipc.Client (Client.java:handleConnectionFailure(977)) - Retrying connect to server: localhost/127.0.0.1:41671. Already tried 10 time(s); retry policy is RetryUpToMaximumCountWithFixedSleep(maxRetries=15, sleepTime=1000 MILLISECONDS)
2022-09-01 11:51:39,553 [EndpointStateMachine task thread for /127.0.0.1:42041 - 0 ] INFO  ipc.Client (Client.java:handleConnectionFailure(977)) - Retrying connect to server: localhost/127.0.0.1:42041. Already tried 10 time(s); retry policy is RetryUpToMaximumCountWithFixedSleep(maxRetries=15, sleepTime=1000 MILLISECONDS)
2022-09-01 11:51:39,555 [EndpointStateMachine task thread for /127.0.0.1:38463 - 0 ] INFO  ipc.Client (Client.java:handleConnectionFailure(977)) - Retrying connect to server: localhost/127.0.0.1:38463. Already tried 10 time(s); retry policy is RetryUpToMaximumCountWithFixedSleep(maxRetries=15, sleepTime=1000 MILLISECONDS)
2022-09-01 11:51:40,554 [EndpointStateMachine task thread for /127.0.0.1:41671 - 0 ] INFO  ipc.Client (Client.java:handleConnectionFailure(977)) - Retrying connect to server: localhost/127.0.0.1:41671. Already tried 11 time(s); retry policy is RetryUpToMaximumCountWithFixedSleep(maxRetries=15, sleepTime=1000 MILLISECONDS)
2022-09-01 11:51:40,554 [EndpointStateMachine task thread for /127.0.0.1:42041 - 0 ] INFO  ipc.Client (Client.java:handleConnectionFailure(977)) - Retrying connect to server: localhost/127.0.0.1:42041. Already tried 11 time(s); retry policy is RetryUpToMaximumCountWithFixedSleep(maxRetries=15, sleepTime=1000 MILLISECONDS)
2022-09-01 11:51:40,555 [EndpointStateMachine task thread for /127.0.0.1:38463 - 0 ] INFO  ipc.Client (Client.java:handleConnectionFailure(977)) - Retrying connect to server: localhost/127.0.0.1:38463. Already tried 11 time(s); retry policy is RetryUpToMaximumCountWithFixedSleep(maxRetries=15, sleepTime=1000 MILLISECONDS)
2022-09-01 11:51:41,554 [EndpointStateMachine task thread for /127.0.0.1:41671 - 0 ] INFO  ipc.Client (Client.java:handleConnectionFailure(977)) - Retrying connect to server: localhost/127.0.0.1:41671. Already tried 12 time(s); retry policy is RetryUpToMaximumCountWithFixedSleep(maxRetries=15, sleepTime=1000 MILLISECONDS)
2022-09-01 11:51:41,555 [EndpointStateMachine task thread for /127.0.0.1:42041 - 0 ] INFO  ipc.Client (Client.java:handleConnectionFailure(977)) - Retrying connect to server: localhost/127.0.0.1:42041. Already tried 12 time(s); retry policy is RetryUpToMaximumCountWithFixedSleep(maxRetries=15, sleepTime=1000 MILLISECONDS)
2022-09-01 11:51:41,556 [EndpointStateMachine task thread for /127.0.0.1:38463 - 0 ] INFO  ipc.Client (Client.java:handleConnectionFailure(977)) - Retrying connect to server: localhost/127.0.0.1:38463. Already tried 12 time(s); retry policy is RetryUpToMaximumCountWithFixedSleep(maxRetries=15, sleepTime=1000 MILLISECONDS)
2022-09-01 11:51:42,555 [EndpointStateMachine task thread for /127.0.0.1:41671 - 0 ] INFO  ipc.Client (Client.java:handleConnectionFailure(977)) - Retrying connect to server: localhost/127.0.0.1:41671. Already tried 13 time(s); retry policy is RetryUpToMaximumCountWithFixedSleep(maxRetries=15, sleepTime=1000 MILLISECONDS)
2022-09-01 11:51:42,556 [EndpointStateMachine task thread for /127.0.0.1:42041 - 0 ] INFO  ipc.Client (Client.java:handleConnectionFailure(977)) - Retrying connect to server: localhost/127.0.0.1:42041. Already tried 13 time(s); retry policy is RetryUpToMaximumCountWithFixedSleep(maxRetries=15, sleepTime=1000 MILLISECONDS)
2022-09-01 11:51:42,557 [EndpointStateMachine task thread for /127.0.0.1:38463 - 0 ] INFO  ipc.Client (Client.java:handleConnectionFailure(977)) - Retrying connect to server: localhost/127.0.0.1:38463. Already tried 13 time(s); retry policy is RetryUpToMaximumCountWithFixedSleep(maxRetries=15, sleepTime=1000 MILLISECONDS)
2022-09-01 11:51:43,556 [EndpointStateMachine task thread for /127.0.0.1:41671 - 0 ] INFO  ipc.Client (Client.java:handleConnectionFailure(977)) - Retrying connect to server: localhost/127.0.0.1:41671. Already tried 14 time(s); retry policy is RetryUpToMaximumCountWithFixedSleep(maxRetries=15, sleepTime=1000 MILLISECONDS)
2022-09-01 11:51:43,558 [EndpointStateMachine task thread for /127.0.0.1:42041 - 0 ] INFO  ipc.Client (Client.java:handleConnectionFailure(977)) - Retrying connect to server: localhost/127.0.0.1:42041. Already tried 14 time(s); retry policy is RetryUpToMaximumCountWithFixedSleep(maxRetries=15, sleepTime=1000 MILLISECONDS)
2022-09-01 11:51:43,558 [EndpointStateMachine task thread for /127.0.0.1:42041 - 0 ] WARN  statemachine.EndpointStateMachine (EndpointStateMachine.java:logIfNeeded(241)) - Unable to communicate to SCM server at localhost:42041 for past 0 seconds.
java.net.ConnectException: Call From fv-az459-356/10.1.1.61 to localhost:42041 failed on connection exception: java.net.ConnectException: Connection refused; For more details see:  http://wiki.apache.org/hadoop/ConnectionRefused
	at sun.reflect.NativeConstructorAccessorImpl.newInstance0(Native Method)
	at sun.reflect.NativeConstructorAccessorImpl.newInstance(NativeConstructorAccessorImpl.java:62)
	at sun.reflect.DelegatingConstructorAccessorImpl.newInstance(DelegatingConstructorAccessorImpl.java:45)
	at java.lang.reflect.Constructor.newInstance(Constructor.java:423)
	at org.apache.hadoop.net.NetUtils.wrapWithMessage(NetUtils.java:913)
	at org.apache.hadoop.net.NetUtils.wrapException(NetUtils.java:828)
	at org.apache.hadoop.ipc.Client.getRpcResponse(Client.java:1577)
	at org.apache.hadoop.ipc.Client.call(Client.java:1519)
	at org.apache.hadoop.ipc.Client.call(Client.java:1416)
	at org.apache.hadoop.ipc.ProtobufRpcEngine$Invoker.invoke(ProtobufRpcEngine.java:236)
	at org.apache.hadoop.ipc.ProtobufRpcEngine$Invoker.invoke(ProtobufRpcEngine.java:123)
	at com.sun.proxy.$Proxy51.submitRequest(Unknown Source)
	at org.apache.hadoop.ozone.protocolPB.StorageContainerDatanodeProtocolClientSideTranslatorPB.submitRequest(StorageContainerDatanodeProtocolClientSideTranslatorPB.java:117)
	at org.apache.hadoop.ozone.protocolPB.StorageContainerDatanodeProtocolClientSideTranslatorPB.sendHeartbeat(StorageContainerDatanodeProtocolClientSideTranslatorPB.java:149)
	at org.apache.hadoop.ozone.container.common.states.endpoint.HeartbeatEndpointTask.call(HeartbeatEndpointTask.java:185)
	at org.apache.hadoop.ozone.container.common.states.endpoint.HeartbeatEndpointTask.call(HeartbeatEndpointTask.java:87)
	at java.util.concurrent.FutureTask.run(FutureTask.java:266)
	at java.util.concurrent.ThreadPoolExecutor.runWorker(ThreadPoolExecutor.java:1149)
	at java.util.concurrent.ThreadPoolExecutor$Worker.run(ThreadPoolExecutor.java:624)
	at java.lang.Thread.run(Thread.java:750)
Caused by: java.net.ConnectException: Connection refused
	at sun.nio.ch.SocketChannelImpl.checkConnect(Native Method)
	at sun.nio.ch.SocketChannelImpl.finishConnect(SocketChannelImpl.java:716)
	at org.apache.hadoop.net.SocketIOWithTimeout.connect(SocketIOWithTimeout.java:206)
	at org.apache.hadoop.net.NetUtils.connect(NetUtils.java:586)
	at org.apache.hadoop.ipc.Client$Connection.setupConnection(Client.java:701)
	at org.apache.hadoop.ipc.Client$Connection.setupIOstreams(Client.java:822)
	at org.apache.hadoop.ipc.Client$Connection.access$3800(Client.java:414)
	at org.apache.hadoop.ipc.Client.getConnection(Client.java:1647)
	at org.apache.hadoop.ipc.Client.call(Client.java:1463)
	... 12 more
2022-09-01 11:51:43,559 [EndpointStateMachine task thread for /127.0.0.1:38463 - 0 ] INFO  ipc.Client (Client.java:handleConnectionFailure(977)) - Retrying connect to server: localhost/127.0.0.1:38463. Already tried 14 time(s); retry policy is RetryUpToMaximumCountWithFixedSleep(maxRetries=15, sleepTime=1000 MILLISECONDS)
2022-09-01 11:51:43,559 [EndpointStateMachine task thread for /127.0.0.1:38463 - 0 ] WARN  statemachine.EndpointStateMachine (EndpointStateMachine.java:logIfNeeded(241)) - Unable to communicate to SCM server at localhost:38463 for past 0 seconds.
java.net.ConnectException: Call From fv-az459-356/10.1.1.61 to localhost:38463 failed on connection exception: java.net.ConnectException: Connection refused; For more details see:  http://wiki.apache.org/hadoop/ConnectionRefused
	at sun.reflect.NativeConstructorAccessorImpl.newInstance0(Native Method)
	at sun.reflect.NativeConstructorAccessorImpl.newInstance(NativeConstructorAccessorImpl.java:62)
	at sun.reflect.DelegatingConstructorAccessorImpl.newInstance(DelegatingConstructorAccessorImpl.java:45)
	at java.lang.reflect.Constructor.newInstance(Constructor.java:423)
	at org.apache.hadoop.net.NetUtils.wrapWithMessage(NetUtils.java:913)
	at org.apache.hadoop.net.NetUtils.wrapException(NetUtils.java:828)
	at org.apache.hadoop.ipc.Client.getRpcResponse(Client.java:1577)
	at org.apache.hadoop.ipc.Client.call(Client.java:1519)
	at org.apache.hadoop.ipc.Client.call(Client.java:1416)
	at org.apache.hadoop.ipc.ProtobufRpcEngine$Invoker.invoke(ProtobufRpcEngine.java:236)
	at org.apache.hadoop.ipc.ProtobufRpcEngine$Invoker.invoke(ProtobufRpcEngine.java:123)
	at com.sun.proxy.$Proxy51.submitRequest(Unknown Source)
	at org.apache.hadoop.ozone.protocolPB.StorageContainerDatanodeProtocolClientSideTranslatorPB.submitRequest(StorageContainerDatanodeProtocolClientSideTranslatorPB.java:117)
	at org.apache.hadoop.ozone.protocolPB.StorageContainerDatanodeProtocolClientSideTranslatorPB.sendHeartbeat(StorageContainerDatanodeProtocolClientSideTranslatorPB.java:149)
	at org.apache.hadoop.ozone.container.common.states.endpoint.HeartbeatEndpointTask.call(HeartbeatEndpointTask.java:185)
	at org.apache.hadoop.ozone.container.common.states.endpoint.HeartbeatEndpointTask.call(HeartbeatEndpointTask.java:87)
	at java.util.concurrent.FutureTask.run(FutureTask.java:266)
	at java.util.concurrent.ThreadPoolExecutor.runWorker(ThreadPoolExecutor.java:1149)
	at java.util.concurrent.ThreadPoolExecutor$Worker.run(ThreadPoolExecutor.java:624)
	at java.lang.Thread.run(Thread.java:750)
Caused by: java.net.ConnectException: Connection refused
	at sun.nio.ch.SocketChannelImpl.checkConnect(Native Method)
	at sun.nio.ch.SocketChannelImpl.finishConnect(SocketChannelImpl.java:716)
	at org.apache.hadoop.net.SocketIOWithTimeout.connect(SocketIOWithTimeout.java:206)
	at org.apache.hadoop.net.NetUtils.connect(NetUtils.java:586)
	at org.apache.hadoop.ipc.Client$Connection.setupConnection(Client.java:701)
	at org.apache.hadoop.ipc.Client$Connection.setupIOstreams(Client.java:822)
	at org.apache.hadoop.ipc.Client$Connection.access$3800(Client.java:414)
	at org.apache.hadoop.ipc.Client.getConnection(Client.java:1647)
	at org.apache.hadoop.ipc.Client.call(Client.java:1463)
	... 12 more
2022-09-01 11:51:44,558 [EndpointStateMachine task thread for /127.0.0.1:41671 - 0 ] INFO  ipc.Client (Client.java:handleConnectionFailure(977)) - Retrying connect to server: localhost/127.0.0.1:41671. Already tried 0 time(s); retry policy is RetryUpToMaximumCountWithFixedSleep(maxRetries=15, sleepTime=1000 MILLISECONDS)
2022-09-01 11:51:44,559 [EndpointStateMachine task thread for /127.0.0.1:42041 - 0 ] INFO  ipc.Client (Client.java:handleConnectionFailure(977)) - Retrying connect to server: localhost/127.0.0.1:42041. Already tried 0 time(s); retry policy is RetryUpToMaximumCountWithFixedSleep(maxRetries=15, sleepTime=1000 MILLISECONDS)
2022-09-01 11:51:44,562 [EndpointStateMachine task thread for /127.0.0.1:38463 - 0 ] INFO  ipc.Client (Client.java:handleConnectionFailure(977)) - Retrying connect to server: localhost/127.0.0.1:38463. Already tried 0 time(s); retry policy is RetryUpToMaximumCountWithFixedSleep(maxRetries=15, sleepTime=1000 MILLISECONDS)
2022-09-01 11:51:45,558 [EndpointStateMachine task thread for /127.0.0.1:41671 - 0 ] INFO  ipc.Client (Client.java:handleConnectionFailure(977)) - Retrying connect to server: localhost/127.0.0.1:41671. Already tried 1 time(s); retry policy is RetryUpToMaximumCountWithFixedSleep(maxRetries=15, sleepTime=1000 MILLISECONDS)
2022-09-01 11:51:45,559 [EndpointStateMachine task thread for /127.0.0.1:42041 - 0 ] INFO  ipc.Client (Client.java:handleConnectionFailure(977)) - Retrying connect to server: localhost/127.0.0.1:42041. Already tried 1 time(s); retry policy is RetryUpToMaximumCountWithFixedSleep(maxRetries=15, sleepTime=1000 MILLISECONDS)
2022-09-01 11:51:45,563 [EndpointStateMachine task thread for /127.0.0.1:38463 - 0 ] INFO  ipc.Client (Client.java:handleConnectionFailure(977)) - Retrying connect to server: localhost/127.0.0.1:38463. Already tried 1 time(s); retry policy is RetryUpToMaximumCountWithFixedSleep(maxRetries=15, sleepTime=1000 MILLISECONDS)
2022-09-01 11:51:46,559 [EndpointStateMachine task thread for /127.0.0.1:41671 - 0 ] INFO  ipc.Client (Client.java:handleConnectionFailure(977)) - Retrying connect to server: localhost/127.0.0.1:41671. Already tried 2 time(s); retry policy is RetryUpToMaximumCountWithFixedSleep(maxRetries=15, sleepTime=1000 MILLISECONDS)
2022-09-01 11:51:46,560 [EndpointStateMachine task thread for /127.0.0.1:42041 - 0 ] INFO  ipc.Client (Client.java:handleConnectionFailure(977)) - Retrying connect to server: localhost/127.0.0.1:42041. Already tried 2 time(s); retry policy is RetryUpToMaximumCountWithFixedSleep(maxRetries=15, sleepTime=1000 MILLISECONDS)
2022-09-01 11:51:46,563 [EndpointStateMachine task thread for /127.0.0.1:38463 - 0 ] INFO  ipc.Client (Client.java:handleConnectionFailure(977)) - Retrying connect to server: localhost/127.0.0.1:38463. Already tried 2 time(s); retry policy is RetryUpToMaximumCountWithFixedSleep(maxRetries=15, sleepTime=1000 MILLISECONDS)
2022-09-01 11:51:47,560 [EndpointStateMachine task thread for /127.0.0.1:41671 - 0 ] INFO  ipc.Client (Client.java:handleConnectionFailure(977)) - Retrying connect to server: localhost/127.0.0.1:41671. Already tried 3 time(s); retry policy is RetryUpToMaximumCountWithFixedSleep(maxRetries=15, sleepTime=1000 MILLISECONDS)
2022-09-01 11:51:47,560 [EndpointStateMachine task thread for /127.0.0.1:42041 - 0 ] INFO  ipc.Client (Client.java:handleConnectionFailure(977)) - Retrying connect to server: localhost/127.0.0.1:42041. Already tried 3 time(s); retry policy is RetryUpToMaximumCountWithFixedSleep(maxRetries=15, sleepTime=1000 MILLISECONDS)
2022-09-01 11:51:47,564 [EndpointStateMachine task thread for /127.0.0.1:38463 - 0 ] INFO  ipc.Client (Client.java:handleConnectionFailure(977)) - Retrying connect to server: localhost/127.0.0.1:38463. Already tried 3 time(s); retry policy is RetryUpToMaximumCountWithFixedSleep(maxRetries=15, sleepTime=1000 MILLISECONDS)
2022-09-01 11:51:48,561 [EndpointStateMachine task thread for /127.0.0.1:41671 - 0 ] INFO  ipc.Client (Client.java:handleConnectionFailure(977)) - Retrying connect to server: localhost/127.0.0.1:41671. Already tried 4 time(s); retry policy is RetryUpToMaximumCountWithFixedSleep(maxRetries=15, sleepTime=1000 MILLISECONDS)
2022-09-01 11:51:48,561 [EndpointStateMachine task thread for /127.0.0.1:42041 - 0 ] INFO  ipc.Client (Client.java:handleConnectionFailure(977)) - Retrying connect to server: localhost/127.0.0.1:42041. Already tried 4 time(s); retry policy is RetryUpToMaximumCountWithFixedSleep(maxRetries=15, sleepTime=1000 MILLISECONDS)
2022-09-01 11:51:48,565 [EndpointStateMachine task thread for /127.0.0.1:38463 - 0 ] INFO  ipc.Client (Client.java:handleConnectionFailure(977)) - Retrying connect to server: localhost/127.0.0.1:38463. Already tried 4 time(s); retry policy is RetryUpToMaximumCountWithFixedSleep(maxRetries=15, sleepTime=1000 MILLISECONDS)
2022-09-01 11:51:49,561 [EndpointStateMachine task thread for /127.0.0.1:41671 - 0 ] INFO  ipc.Client (Client.java:handleConnectionFailure(977)) - Retrying connect to server: localhost/127.0.0.1:41671. Already tried 5 time(s); retry policy is RetryUpToMaximumCountWithFixedSleep(maxRetries=15, sleepTime=1000 MILLISECONDS)
2022-09-01 11:51:49,565 [EndpointStateMachine task thread for /127.0.0.1:42041 - 0 ] INFO  ipc.Client (Client.java:handleConnectionFailure(977)) - Retrying connect to server: localhost/127.0.0.1:42041. Already tried 5 time(s); retry policy is RetryUpToMaximumCountWithFixedSleep(maxRetries=15, sleepTime=1000 MILLISECONDS)
2022-09-01 11:51:49,575 [EndpointStateMachine task thread for /127.0.0.1:38463 - 0 ] INFO  ipc.Client (Client.java:handleConnectionFailure(977)) - Retrying connect to server: localhost/127.0.0.1:38463. Already tried 5 time(s); retry policy is RetryUpToMaximumCountWithFixedSleep(maxRetries=15, sleepTime=1000 MILLISECONDS)
2022-09-01 11:51:50,562 [EndpointStateMachine task thread for /127.0.0.1:41671 - 0 ] INFO  ipc.Client (Client.java:handleConnectionFailure(977)) - Retrying connect to server: localhost/127.0.0.1:41671. Already tried 6 time(s); retry policy is RetryUpToMaximumCountWithFixedSleep(maxRetries=15, sleepTime=1000 MILLISECONDS)
2022-09-01 11:51:50,566 [EndpointStateMachine task thread for /127.0.0.1:42041 - 0 ] INFO  ipc.Client (Client.java:handleConnectionFailure(977)) - Retrying connect to server: localhost/127.0.0.1:42041. Already tried 6 time(s); retry policy is RetryUpToMaximumCountWithFixedSleep(maxRetries=15, sleepTime=1000 MILLISECONDS)
2022-09-01 11:51:50,576 [EndpointStateMachine task thread for /127.0.0.1:38463 - 0 ] INFO  ipc.Client (Client.java:handleConnectionFailure(977)) - Retrying connect to server: localhost/127.0.0.1:38463. Already tried 6 time(s); retry policy is RetryUpToMaximumCountWithFixedSleep(maxRetries=15, sleepTime=1000 MILLISECONDS)
2022-09-01 11:51:50,898 [Listener at 127.0.0.1/40551] INFO  ozone.MiniOzoneClusterImpl (MiniOzoneClusterImpl.java:shutdown(448)) - Shutting down the Mini Ozone Cluster
2022-09-01 11:51:50,901 [Listener at 127.0.0.1/40551] INFO  ozone.MiniOzoneHAClusterImpl (MiniOzoneHAClusterImpl.java:stop(312)) - Stopping the OzoneManager omNode-3
2022-09-01 11:51:50,901 [Listener at 127.0.0.1/40551] INFO  om.OzoneManager (OzoneManager.java:stop(2027)) - omNode-3[localhost:40551]: Stopping Ozone Manager
2022-09-01 11:51:50,901 [Listener at 127.0.0.1/40551] INFO  ozone.MiniOzoneHAClusterImpl (MiniOzoneHAClusterImpl.java:stop(312)) - Stopping the OzoneManager omNode-1
2022-09-01 11:51:50,901 [Listener at 127.0.0.1/40551] INFO  om.OzoneManager (OzoneManager.java:stop(2027)) - omNode-1[localhost:45665]: Stopping Ozone Manager
2022-09-01 11:51:50,901 [Listener at 127.0.0.1/40551] INFO  ozone.MiniOzoneHAClusterImpl (MiniOzoneHAClusterImpl.java:stop(312)) - Stopping the OzoneManager omNode-2
2022-09-01 11:51:50,901 [Listener at 127.0.0.1/40551] INFO  om.OzoneManager (OzoneManager.java:stop(2027)) - omNode-2[localhost:43033]: Stopping Ozone Manager
2022-09-01 11:51:50,901 [Listener at 127.0.0.1/40551] INFO  ozone.MiniOzoneHAClusterImpl (MiniOzoneHAClusterImpl.java:stop(320)) - Stopping the StorageContainerManager 56131482-92e3-4731-b18b-d0972f1f7686
2022-09-01 11:51:50,901 [Listener at 127.0.0.1/40551] INFO  server.StorageContainerManager (StorageContainerManager.java:stop(1558)) - Container Balancer is not running.
2022-09-01 11:51:50,901 [Listener at 127.0.0.1/40551] INFO  server.StorageContainerManager (StorageContainerManager.java:stop(1565)) - Stopping Replication Manager Service.
2022-09-01 11:51:50,901 [Listener at 127.0.0.1/40551] INFO  replication.ReplicationManager (ReplicationManager.java:stop(247)) - Replication Monitor Thread is not running.
2022-09-01 11:51:50,901 [Listener at 127.0.0.1/40551] INFO  server.StorageContainerManager (StorageContainerManager.java:stop(1572)) - Stopping the Datanode Admin Monitor.
2022-09-01 11:51:50,901 [Listener at 127.0.0.1/40551] INFO  server.StorageContainerManager (StorageContainerManager.java:stop(1579)) - Stopping Lease Manager of the command watchers
2022-09-01 11:51:50,901 [Listener at 127.0.0.1/40551] ERROR server.StorageContainerManager (StorageContainerManager.java:stop(1582)) - Lease Manager of the command watchers stop failed
2022-09-01 11:51:50,901 [Listener at 127.0.0.1/40551] INFO  server.StorageContainerManager (StorageContainerManager.java:stop(1586)) - Stopping datanode service RPC server
2022-09-01 11:51:50,901 [Listener at 127.0.0.1/40551] INFO  server.SCMDatanodeProtocolServer (SCMDatanodeProtocolServer.java:stop(414)) - Stopping the RPC server for DataNodes
2022-09-01 11:51:50,901 [Listener at 127.0.0.1/40551] INFO  ipc.Server (Server.java:stop(3414)) - Stopping server on 38463
2022-09-01 11:51:50,902 [Listener at 127.0.0.1/40551] INFO  server.StorageContainerManager (StorageContainerManager.java:stop(1594)) - Stopping block service RPC server
2022-09-01 11:51:50,902 [Listener at 127.0.0.1/40551] INFO  server.SCMBlockProtocolServer (SCMBlockProtocolServer.java:stop(161)) - Stopping the RPC server for Block Protocol
2022-09-01 11:51:50,902 [Listener at 127.0.0.1/40551] INFO  ipc.Server (Server.java:stop(3414)) - Stopping server on 40239
2022-09-01 11:51:50,902 [Listener at 127.0.0.1/40551] INFO  server.StorageContainerManager (StorageContainerManager.java:stop(1601)) - Stopping the StorageContainerLocationProtocol RPC server
2022-09-01 11:51:50,902 [Listener at 127.0.0.1/40551] INFO  server.SCMClientProtocolServer (SCMClientProtocolServer.java:stop(179)) - Stopping the RPC server for Client Protocol
2022-09-01 11:51:50,902 [Listener at 127.0.0.1/40551] INFO  ipc.Server (Server.java:stop(3414)) - Stopping server on 36101
2022-09-01 11:51:50,902 [Listener at 127.0.0.1/40551] INFO  server.StorageContainerManager (StorageContainerManager.java:stop(1608)) - Stopping Storage Container Manager HTTP server.
2022-09-01 11:51:50,902 [Listener at 127.0.0.1/40551] INFO  server.StorageContainerManager (StorageContainerManager.java:stop(1614)) - Stopping SCM LayoutVersionManager Service.
2022-09-01 11:51:50,902 [Listener at 127.0.0.1/40551] INFO  server.StorageContainerManager (StorageContainerManager.java:stop(1622)) - Stopping Block Manager Service.
2022-09-01 11:51:50,902 [Listener at 127.0.0.1/40551] INFO  utils.BackgroundService (BackgroundService.java:shutdown(141)) - Shutting down service SCMBlockDeletingService
2022-09-01 11:51:50,902 [Listener at 127.0.0.1/40551] INFO  utils.BackgroundService (BackgroundService.java:shutdown(141)) - Shutting down service SCMBlockDeletingService
2022-09-01 11:51:50,902 [Listener at 127.0.0.1/40551] INFO  server.StorageContainerManager (StorageContainerManager.java:stop(1649)) - Stopping SCM Event Queue.
2022-09-01 11:51:50,902 [Listener at 127.0.0.1/40551] INFO  server.StorageContainerManager (StorageContainerManager.java:stop(1660)) - Stopping SCM HA services.
2022-09-01 11:51:50,902 [Listener at 127.0.0.1/40551] INFO  ha.SCMRatisServerImpl (SCMRatisServerImpl.java:stop(237)) - stopping ratis server 0.0.0.0:46585
2022-09-01 11:51:50,903 [Listener at 127.0.0.1/40551] WARN  pipeline.BackgroundPipelineCreator (BackgroundPipelineCreator.java:stop(145)) - RatisPipelineUtilsThread is not running, just ignore.
2022-09-01 11:51:50,903 [Listener at 127.0.0.1/40551] INFO  BackgroundPipelineScrubber (BackgroundSCMService.java:stop(126)) - BackgroundPipelineScrubber Service is not running, skip stop.
2022-09-01 11:51:50,903 [Listener at 127.0.0.1/40551] INFO  server.StorageContainerManager (StorageContainerManager.java:stop(1670)) - Stopping SCM MetadataStore.
2022-09-01 11:51:50,903 [Listener at 127.0.0.1/40551] INFO  impl.MetricsSystemImpl (MetricsSystemImpl.java:stop(205)) - HddsDatanode metrics system stopped (again)
2022-09-01 11:51:50,903 [Listener at 127.0.0.1/40551] INFO  ozone.MiniOzoneHAClusterImpl (MiniOzoneHAClusterImpl.java:stop(320)) - Stopping the StorageContainerManager 5ae0c8ef-e091-4d1b-9d6c-68c2daa287ce
2022-09-01 11:51:50,903 [Listener at 127.0.0.1/40551] INFO  server.StorageContainerManager (StorageContainerManager.java:stop(1558)) - Container Balancer is not running.
2022-09-01 11:51:50,903 [Listener at 127.0.0.1/40551] INFO  server.StorageContainerManager (StorageContainerManager.java:stop(1565)) - Stopping Replication Manager Service.
2022-09-01 11:51:50,903 [Listener at 127.0.0.1/40551] INFO  replication.ReplicationManager (ReplicationManager.java:stop(247)) - Replication Monitor Thread is not running.
2022-09-01 11:51:50,903 [Listener at 127.0.0.1/40551] INFO  server.StorageContainerManager (StorageContainerManager.java:stop(1572)) - Stopping the Datanode Admin Monitor.
2022-09-01 11:51:50,903 [Listener at 127.0.0.1/40551] INFO  server.StorageContainerManager (StorageContainerManager.java:stop(1579)) - Stopping Lease Manager of the command watchers
2022-09-01 11:51:50,903 [Listener at 127.0.0.1/40551] ERROR server.StorageContainerManager (StorageContainerManager.java:stop(1582)) - Lease Manager of the command watchers stop failed
2022-09-01 11:51:50,903 [Listener at 127.0.0.1/40551] INFO  server.StorageContainerManager (StorageContainerManager.java:stop(1586)) - Stopping datanode service RPC server
2022-09-01 11:51:50,903 [Listener at 127.0.0.1/40551] INFO  server.SCMDatanodeProtocolServer (SCMDatanodeProtocolServer.java:stop(414)) - Stopping the RPC server for DataNodes
2022-09-01 11:51:50,903 [Listener at 127.0.0.1/40551] INFO  ipc.Server (Server.java:stop(3414)) - Stopping server on 41671
2022-09-01 11:51:50,903 [Listener at 127.0.0.1/40551] INFO  server.StorageContainerManager (StorageContainerManager.java:stop(1594)) - Stopping block service RPC server
2022-09-01 11:51:50,903 [Listener at 127.0.0.1/40551] INFO  server.SCMBlockProtocolServer (SCMBlockProtocolServer.java:stop(161)) - Stopping the RPC server for Block Protocol
2022-09-01 11:51:50,903 [Listener at 127.0.0.1/40551] INFO  ipc.Server (Server.java:stop(3414)) - Stopping server on 35923
2022-09-01 11:51:50,903 [Listener at 127.0.0.1/40551] INFO  server.StorageContainerManager (StorageContainerManager.java:stop(1601)) - Stopping the StorageContainerLocationProtocol RPC server
2022-09-01 11:51:50,904 [Listener at 127.0.0.1/40551] INFO  server.SCMClientProtocolServer (SCMClientProtocolServer.java:stop(179)) - Stopping the RPC server for Client Protocol
2022-09-01 11:51:50,904 [Listener at 127.0.0.1/40551] INFO  ipc.Server (Server.java:stop(3414)) - Stopping server on 43687
2022-09-01 11:51:50,904 [Listener at 127.0.0.1/40551] INFO  server.StorageContainerManager (StorageContainerManager.java:stop(1608)) - Stopping Storage Container Manager HTTP server.
2022-09-01 11:51:50,904 [Listener at 127.0.0.1/40551] INFO  server.StorageContainerManager (StorageContainerManager.java:stop(1614)) - Stopping SCM LayoutVersionManager Service.
2022-09-01 11:51:50,904 [Listener at 127.0.0.1/40551] INFO  server.StorageContainerManager (StorageContainerManager.java:stop(1622)) - Stopping Block Manager Service.
2022-09-01 11:51:50,904 [Listener at 127.0.0.1/40551] INFO  utils.BackgroundService (BackgroundService.java:shutdown(141)) - Shutting down service SCMBlockDeletingService
2022-09-01 11:51:50,904 [Listener at 127.0.0.1/40551] INFO  utils.BackgroundService (BackgroundService.java:shutdown(141)) - Shutting down service SCMBlockDeletingService
2022-09-01 11:51:50,904 [Listener at 127.0.0.1/40551] INFO  server.StorageContainerManager (StorageContainerManager.java:stop(1649)) - Stopping SCM Event Queue.
2022-09-01 11:51:50,915 [Listener at 127.0.0.1/40551] INFO  server.StorageContainerManager (StorageContainerManager.java:stop(1660)) - Stopping SCM HA services.
2022-09-01 11:51:50,916 [Listener at 127.0.0.1/40551] INFO  ha.SCMRatisServerImpl (SCMRatisServerImpl.java:stop(237)) - stopping ratis server 0.0.0.0:38491
2022-09-01 11:51:50,916 [Listener at 127.0.0.1/40551] WARN  pipeline.BackgroundPipelineCreator (BackgroundPipelineCreator.java:stop(145)) - RatisPipelineUtilsThread is not running, just ignore.
2022-09-01 11:51:50,916 [Listener at 127.0.0.1/40551] INFO  BackgroundPipelineScrubber (BackgroundSCMService.java:stop(126)) - BackgroundPipelineScrubber Service is not running, skip stop.
2022-09-01 11:51:50,916 [Listener at 127.0.0.1/40551] INFO  server.StorageContainerManager (StorageContainerManager.java:stop(1670)) - Stopping SCM MetadataStore.
2022-09-01 11:51:50,916 [Listener at 127.0.0.1/40551] INFO  impl.MetricsSystemImpl (MetricsSystemImpl.java:stop(205)) - HddsDatanode metrics system stopped (again)
2022-09-01 11:51:50,916 [Listener at 127.0.0.1/40551] INFO  ozone.MiniOzoneHAClusterImpl (MiniOzoneHAClusterImpl.java:stop(320)) - Stopping the StorageContainerManager 76b5452b-5401-496a-924e-e3833b3fb27e
2022-09-01 11:51:50,916 [Listener at 127.0.0.1/40551] INFO  server.StorageContainerManager (StorageContainerManager.java:stop(1558)) - Container Balancer is not running.
2022-09-01 11:51:50,916 [Listener at 127.0.0.1/40551] INFO  server.StorageContainerManager (StorageContainerManager.java:stop(1565)) - Stopping Replication Manager Service.
2022-09-01 11:51:50,916 [Listener at 127.0.0.1/40551] INFO  replication.ReplicationManager (ReplicationManager.java:stop(247)) - Replication Monitor Thread is not running.
2022-09-01 11:51:50,916 [Listener at 127.0.0.1/40551] INFO  server.StorageContainerManager (StorageContainerManager.java:stop(1572)) - Stopping the Datanode Admin Monitor.
2022-09-01 11:51:50,916 [Listener at 127.0.0.1/40551] INFO  server.StorageContainerManager (StorageContainerManager.java:stop(1579)) - Stopping Lease Manager of the command watchers
2022-09-01 11:51:50,916 [Listener at 127.0.0.1/40551] ERROR server.StorageContainerManager (StorageContainerManager.java:stop(1582)) - Lease Manager of the command watchers stop failed
2022-09-01 11:51:50,916 [Listener at 127.0.0.1/40551] INFO  server.StorageContainerManager (StorageContainerManager.java:stop(1586)) - Stopping datanode service RPC server
2022-09-01 11:51:50,916 [Listener at 127.0.0.1/40551] INFO  server.SCMDatanodeProtocolServer (SCMDatanodeProtocolServer.java:stop(414)) - Stopping the RPC server for DataNodes
2022-09-01 11:51:50,916 [Listener at 127.0.0.1/40551] INFO  ipc.Server (Server.java:stop(3414)) - Stopping server on 42041
2022-09-01 11:51:50,916 [Listener at 127.0.0.1/40551] INFO  server.StorageContainerManager (StorageContainerManager.java:stop(1594)) - Stopping block service RPC server
2022-09-01 11:51:50,916 [Listener at 127.0.0.1/40551] INFO  server.SCMBlockProtocolServer (SCMBlockProtocolServer.java:stop(161)) - Stopping the RPC server for Block Protocol
2022-09-01 11:51:50,916 [Listener at 127.0.0.1/40551] INFO  ipc.Server (Server.java:stop(3414)) - Stopping server on 45865
2022-09-01 11:51:50,917 [Listener at 127.0.0.1/40551] INFO  server.StorageContainerManager (StorageContainerManager.java:stop(1601)) - Stopping the StorageContainerLocationProtocol RPC server
2022-09-01 11:51:50,917 [Listener at 127.0.0.1/40551] INFO  server.SCMClientProtocolServer (SCMClientProtocolServer.java:stop(179)) - Stopping the RPC server for Client Protocol
2022-09-01 11:51:50,917 [Listener at 127.0.0.1/40551] INFO  ipc.Server (Server.java:stop(3414)) - Stopping server on 41613
2022-09-01 11:51:50,917 [Listener at 127.0.0.1/40551] INFO  server.StorageContainerManager (StorageContainerManager.java:stop(1608)) - Stopping Storage Container Manager HTTP server.
2022-09-01 11:51:50,917 [Listener at 127.0.0.1/40551] INFO  server.StorageContainerManager (StorageContainerManager.java:stop(1614)) - Stopping SCM LayoutVersionManager Service.
2022-09-01 11:51:50,917 [Listener at 127.0.0.1/40551] INFO  server.StorageContainerManager (StorageContainerManager.java:stop(1622)) - Stopping Block Manager Service.
2022-09-01 11:51:50,917 [Listener at 127.0.0.1/40551] INFO  utils.BackgroundService (BackgroundService.java:shutdown(141)) - Shutting down service SCMBlockDeletingService
2022-09-01 11:51:50,917 [Listener at 127.0.0.1/40551] INFO  utils.BackgroundService (BackgroundService.java:shutdown(141)) - Shutting down service SCMBlockDeletingService
2022-09-01 11:51:50,917 [Listener at 127.0.0.1/40551] INFO  server.StorageContainerManager (StorageContainerManager.java:stop(1649)) - Stopping SCM Event Queue.
2022-09-01 11:51:50,918 [Listener at 127.0.0.1/40551] INFO  server.StorageContainerManager (StorageContainerManager.java:stop(1660)) - Stopping SCM HA services.
2022-09-01 11:51:50,918 [Listener at 127.0.0.1/40551] INFO  ha.SCMRatisServerImpl (SCMRatisServerImpl.java:stop(237)) - stopping ratis server 0.0.0.0:44617
2022-09-01 11:51:50,918 [Listener at 127.0.0.1/40551] WARN  pipeline.BackgroundPipelineCreator (BackgroundPipelineCreator.java:stop(145)) - RatisPipelineUtilsThread is not running, just ignore.
2022-09-01 11:51:50,918 [Listener at 127.0.0.1/40551] INFO  BackgroundPipelineScrubber (BackgroundSCMService.java:stop(126)) - BackgroundPipelineScrubber Service is not running, skip stop.
2022-09-01 11:51:50,918 [Listener at 127.0.0.1/40551] INFO  server.StorageContainerManager (StorageContainerManager.java:stop(1670)) - Stopping SCM MetadataStore.
2022-09-01 11:51:50,918 [Listener at 127.0.0.1/40551] INFO  impl.MetricsSystemImpl (MetricsSystemImpl.java:stop(205)) - HddsDatanode metrics system stopped (again)
2022-09-01 11:51:50,918 [Listener at 127.0.0.1/40551] INFO  ozone.MiniOzoneClusterImpl (MiniOzoneClusterImpl.java:stop(463)) - Stopping the Mini Ozone Cluster
2022-09-01 11:51:50,918 [Listener at 127.0.0.1/40551] INFO  ozone.MiniOzoneClusterImpl (MiniOzoneClusterImpl.java:stopDatanodes(522)) - Stopping the HddsDatanodes
]]></system-out>
  </testcase>
</testsuite>