<?xml version="1.0" encoding="UTF-8"?>
<testsuite xmlns:xsi="http://www.w3.org/2001/XMLSchema-instance" xsi:noNamespaceSchemaLocation="https://maven.apache.org/surefire/maven-surefire-plugin/xsd/surefire-test-report-3.0.xsd" version="3.0" name="org.apache.hadoop.fs.ozone.TestOzoneFileSystem" time="404.653" tests="136" errors="1" skipped="0" failures="0">
  <properties>
    <property name="awt.toolkit" value="sun.awt.X11.XToolkit"/>
    <property name="file.encoding.pkg" value="sun.io"/>
    <property name="java.specification.version" value="1.8"/>
    <property name="sun.cpu.isalist" value=""/>
    <property name="sun.jnu.encoding" value="UTF-8"/>
    <property name="java.class.path" value="/home/runner/work/ozone/ozone/hadoop-ozone/integration-test/target/test-classes:/home/runner/work/ozone/ozone/hadoop-ozone/integration-test/target/classes:/home/runner/.m2/repository/org/apache/ozone/ozone-common/1.3.0-SNAPSHOT/ozone-common-1.3.0-SNAPSHOT.jar:/home/runner/.m2/repository/io/grpc/grpc-netty/1.44.0/grpc-netty-1.44.0.jar:/home/runner/.m2/repository/io/grpc/grpc-core/1.44.0/grpc-core-1.44.0.jar:/home/runner/.m2/repository/com/google/android/annotations/4.1.1.4/annotations-4.1.1.4.jar:/home/runner/.m2/repository/org/codehaus/mojo/animal-sniffer-annotations/1.19/animal-sniffer-annotations-1.19.jar:/home/runner/.m2/repository/com/google/errorprone/error_prone_annotations/2.2.0/error_prone_annotations-2.2.0.jar:/home/runner/.m2/repository/io/perfmark/perfmark-api/0.23.0/perfmark-api-0.23.0.jar:/home/runner/.m2/repository/io/netty/netty-codec-http2/4.1.74.Final/netty-codec-http2-4.1.74.Final.jar:/home/runner/.m2/repository/io/netty/netty-common/4.1.74.Final/netty-common-4.1.74.Final.jar:/home/runner/.m2/repository/io/netty/netty-buffer/4.1.74.Final/netty-buffer-4.1.74.Final.jar:/home/runner/.m2/repository/io/netty/netty-codec-http/4.1.74.Final/netty-codec-http-4.1.74.Final.jar:/home/runner/.m2/repository/io/netty/netty-handler-proxy/4.1.74.Final/netty-handler-proxy-4.1.74.Final.jar:/home/runner/.m2/repository/io/netty/netty-codec-socks/4.1.74.Final/netty-codec-socks-4.1.74.Final.jar:/home/runner/.m2/repository/io/netty/netty-tcnative-boringssl-static/2.0.48.Final/netty-tcnative-boringssl-static-2.0.48.Final.jar:/home/runner/.m2/repository/io/netty/netty-tcnative-classes/2.0.48.Final/netty-tcnative-classes-2.0.48.Final.jar:/home/runner/.m2/repository/io/netty/netty-tcnative/2.0.48.Final/netty-tcnative-2.0.48.Final.jar:/home/runner/.m2/repository/org/apache/commons/commons-compress/1.21/commons-compress-1.21.jar:/home/runner/.m2/repository/org/apache/ozone/hdds-common/1.3.0-SNAPSHOT/hdds-common-1.3.0-SNAPSHOT.jar:/home/runner/.m2/repository/org/apache/ozone/hdds-client/1.3.0-SNAPSHOT/hdds-client-1.3.0-SNAPSHOT.jar:/home/runner/.m2/repository/org/apache/ozone/ozone-interface-client/1.3.0-SNAPSHOT/ozone-interface-client-1.3.0-SNAPSHOT.jar:/home/runner/.m2/repository/org/apache/ozone/hdds-test-utils/1.3.0-SNAPSHOT/hdds-test-utils-1.3.0-SNAPSHOT.jar:/home/runner/.m2/repository/com/google/guava/guava/31.1-jre/guava-31.1-jre.jar:/home/runner/.m2/repository/com/google/guava/failureaccess/1.0.1/failureaccess-1.0.1.jar:/home/runner/.m2/repository/com/google/guava/listenablefuture/9999.0-empty-to-avoid-conflict-with-guava/listenablefuture-9999.0-empty-to-avoid-conflict-with-guava.jar:/home/runner/.m2/repository/com/google/code/findbugs/jsr305/3.0.0/jsr305-3.0.0.jar:/home/runner/.m2/repository/org/checkerframework/checker-qual/3.12.0/checker-qual-3.12.0.jar:/home/runner/.m2/repository/com/google/j2objc/j2objc-annotations/1.3/j2objc-annotations-1.3.jar:/home/runner/.m2/repository/commons-io/commons-io/2.11.0/commons-io-2.11.0.jar:/home/runner/.m2/repository/commons-logging/commons-logging/1.2/commons-logging-1.2.jar:/home/runner/.m2/repository/log4j/log4j/1.2.17/log4j-1.2.17.jar:/home/runner/.m2/repository/org/slf4j/slf4j-api/1.7.30/slf4j-api-1.7.30.jar:/home/runner/.m2/repository/org/apache/ozone/hdds-server-scm/1.3.0-SNAPSHOT/hdds-server-scm-1.3.0-SNAPSHOT.jar:/home/runner/.m2/repository/org/apache/ozone/hdds-container-service/1.3.0-SNAPSHOT/hdds-container-service-1.3.0-SNAPSHOT.jar:/home/runner/.m2/repository/org/apache/ozone/hdds-hadoop-dependency-server/1.3.0-SNAPSHOT/hdds-hadoop-dependency-server-1.3.0-SNAPSHOT.jar:/home/runner/.m2/repository/org/apache/hadoop/hadoop-hdfs/3.3.1/hadoop-hdfs-3.3.1.jar:/home/runner/.m2/repository/org/apache/ozone/hdds-server-framework/1.3.0-SNAPSHOT/hdds-server-framework-1.3.0-SNAPSHOT.jar:/home/runner/.m2/repository/org/apache/ozone/hdds-interface-server/1.3.0-SNAPSHOT/hdds-interface-server-1.3.0-SNAPSHOT.jar:/home/runner/.m2/repository/org/apache/logging/log4j/log4j-core/2.17.1/log4j-core-2.17.1.jar:/home/runner/.m2/repository/com/lmax/disruptor/3.4.2/disruptor-3.4.2.jar:/home/runner/.m2/repository/org/eclipse/jetty/jetty-servlet/9.4.43.v20210629/jetty-servlet-9.4.43.v20210629.jar:/home/runner/.m2/repository/org/eclipse/jetty/jetty-security/9.4.43.v20210629/jetty-security-9.4.43.v20210629.jar:/home/runner/.m2/repository/org/rocksdb/rocksdbjni/6.29.5/rocksdbjni-6.29.5.jar:/home/runner/.m2/repository/io/prometheus/simpleclient_dropwizard/0.7.0/simpleclient_dropwizard-0.7.0.jar:/home/runner/.m2/repository/io/prometheus/simpleclient/0.7.0/simpleclient-0.7.0.jar:/home/runner/.m2/repository/io/prometheus/simpleclient_common/0.7.0/simpleclient_common-0.7.0.jar:/home/runner/.m2/repository/io/dropwizard/metrics/metrics-core/3.2.4/metrics-core-3.2.4.jar:/home/runner/.m2/repository/org/apache/hadoop/hadoop-hdfs-client/3.3.1/hadoop-hdfs-client-3.3.1.jar:/home/runner/.m2/repository/org/bouncycastle/bcprov-jdk15on/1.67/bcprov-jdk15on-1.67.jar:/home/runner/.m2/repository/com/google/protobuf/protobuf-java/2.5.0/protobuf-java-2.5.0.jar:/home/runner/.m2/repository/org/apache/ozone/ozone-manager/1.3.0-SNAPSHOT/ozone-manager-1.3.0-SNAPSHOT.jar:/home/runner/.m2/repository/org/aspectj/aspectjrt/1.9.7/aspectjrt-1.9.7.jar:/home/runner/.m2/repository/org/aspectj/aspectjweaver/1.9.7/aspectjweaver-1.9.7.jar:/home/runner/.m2/repository/org/apache/ozone/hdds-interface-client/1.3.0-SNAPSHOT/hdds-interface-client-1.3.0-SNAPSHOT.jar:/home/runner/.m2/repository/org/apache/hadoop/thirdparty/hadoop-shaded-protobuf_3_7/1.1.1/hadoop-shaded-protobuf_3_7-1.1.1.jar:/home/runner/.m2/repository/org/apache/ozone/ozone-interface-storage/1.3.0-SNAPSHOT/ozone-interface-storage-1.3.0-SNAPSHOT.jar:/home/runner/.m2/repository/org/reflections/reflections/0.9.11/reflections-0.9.11.jar:/home/runner/.m2/repository/com/sun/jersey/jersey-client/1.19/jersey-client-1.19.jar:/home/runner/.m2/repository/org/apache/ranger/ranger-intg/3.0.0-SNAPSHOT/ranger-intg-3.0.0-SNAPSHOT.jar:/home/runner/.m2/repository/org/apache/ranger/ranger-plugins-common/3.0.0-SNAPSHOT/ranger-plugins-common-3.0.0-SNAPSHOT.jar:/home/runner/.m2/repository/commons-lang/commons-lang/2.6/commons-lang-2.6.jar:/home/runner/.m2/repository/org/codehaus/jackson/jackson-jaxrs/1.9.13/jackson-jaxrs-1.9.13.jar:/home/runner/.m2/repository/org/apache/ranger/ranger-plugins-cred/3.0.0-SNAPSHOT/ranger-plugins-cred-3.0.0-SNAPSHOT.jar:/home/runner/.m2/repository/org/apache/ranger/ranger-plugins-audit/3.0.0-SNAPSHOT/ranger-plugins-audit-3.0.0-SNAPSHOT.jar:/home/runner/.m2/repository/org/apache/kafka/kafka-clients/2.8.1/kafka-clients-2.8.1.jar:/home/runner/.m2/repository/com/github/luben/zstd-jni/1.4.9-1/zstd-jni-1.4.9-1.jar:/home/runner/.m2/repository/org/apache/solr/solr-solrj/8.6.3/solr-solrj-8.6.3.jar:/home/runner/.m2/repository/org/eclipse/jetty/jetty-client/9.4.44.v20210927/jetty-client-9.4.44.v20210927.jar:/home/runner/.m2/repository/org/apache/httpcomponents/httpmime/4.5.13/httpmime-4.5.13.jar:/home/runner/.m2/repository/org/apache/httpcomponents/httpcore-nio/4.4.14/httpcore-nio-4.4.14.jar:/home/runner/.m2/repository/org/apache/httpcomponents/httpasyncclient/4.1.4/httpasyncclient-4.1.4.jar:/home/runner/.m2/repository/com/carrotsearch/hppc/0.8.0/hppc-0.8.0.jar:/home/runner/.m2/repository/org/apache/hive/hive-storage-api/2.7.2/hive-storage-api-2.7.2.jar:/home/runner/.m2/repository/org/apache/orc/orc-core/1.5.8/orc-core-1.5.8.jar:/home/runner/.m2/repository/com/amazonaws/aws-java-sdk-bundle/1.12.125/aws-java-sdk-bundle-1.12.125.jar:/home/runner/.m2/repository/net/java/dev/jna/jna/5.2.0/jna-5.2.0.jar:/home/runner/.m2/repository/net/java/dev/jna/jna-platform/5.2.0/jna-platform-5.2.0.jar:/home/runner/.m2/repository/com/kstruct/gethostname4j/0.0.2/gethostname4j-0.0.2.jar:/home/runner/.m2/repository/org/apache/ranger/ranger-plugin-classloader/3.0.0-SNAPSHOT/ranger-plugin-classloader-3.0.0-SNAPSHOT.jar:/home/runner/.m2/repository/org/apache/hadoop/hadoop-minikdc/3.3.1/hadoop-minikdc-3.3.1.jar:/home/runner/.m2/repository/org/apache/kerby/kerb-simplekdc/1.0.1/kerb-simplekdc-1.0.1.jar:/home/runner/.m2/repository/org/apache/kerby/kerb-client/1.0.1/kerb-client-1.0.1.jar:/home/runner/.m2/repository/org/apache/kerby/kerby-config/1.0.1/kerby-config-1.0.1.jar:/home/runner/.m2/repository/org/apache/kerby/kerb-common/1.0.1/kerb-common-1.0.1.jar:/home/runner/.m2/repository/org/apache/kerby/kerb-crypto/1.0.1/kerb-crypto-1.0.1.jar:/home/runner/.m2/repository/org/apache/kerby/kerb-util/1.0.1/kerb-util-1.0.1.jar:/home/runner/.m2/repository/org/apache/kerby/token-provider/1.0.1/token-provider-1.0.1.jar:/home/runner/.m2/repository/org/apache/kerby/kerb-admin/1.0.1/kerb-admin-1.0.1.jar:/home/runner/.m2/repository/org/apache/kerby/kerb-server/1.0.1/kerb-server-1.0.1.jar:/home/runner/.m2/repository/org/apache/kerby/kerb-identity/1.0.1/kerb-identity-1.0.1.jar:/home/runner/.m2/repository/org/apache/kerby/kerby-xdr/1.0.1/kerby-xdr-1.0.1.jar:/home/runner/.m2/repository/org/slf4j/slf4j-log4j12/1.7.30/slf4j-log4j12-1.7.30.jar:/home/runner/.m2/repository/org/apache/ozone/ozone-s3gateway/1.3.0-SNAPSHOT/ozone-s3gateway-1.3.0-SNAPSHOT.jar:/home/runner/.m2/repository/org/javassist/javassist/3.21.0-GA/javassist-3.21.0-GA.jar:/home/runner/.m2/repository/org/jboss/weld/servlet/weld-servlet/2.4.7.Final/weld-servlet-2.4.7.Final.jar:/home/runner/.m2/repository/org/glassfish/jersey/containers/jersey-container-servlet-core/2.33/jersey-container-servlet-core-2.33.jar:/home/runner/.m2/repository/org/glassfish/hk2/external/jakarta.inject/2.6.1/jakarta.inject-2.6.1.jar:/home/runner/.m2/repository/org/glassfish/jersey/core/jersey-common/2.33/jersey-common-2.33.jar:/home/runner/.m2/repository/jakarta/ws/rs/jakarta.ws.rs-api/2.1.6/jakarta.ws.rs-api-2.1.6.jar:/home/runner/.m2/repository/org/glassfish/jersey/ext/cdi/jersey-cdi1x/2.33/jersey-cdi1x-2.33.jar:/home/runner/.m2/repository/org/glassfish/jersey/inject/jersey-hk2/2.33/jersey-hk2-2.33.jar:/home/runner/.m2/repository/org/glassfish/hk2/hk2-locator/2.6.1/hk2-locator-2.6.1.jar:/home/runner/.m2/repository/org/glassfish/jersey/media/jersey-media-jaxb/2.33/jersey-media-jaxb-2.33.jar:/home/runner/.m2/repository/org/glassfish/hk2/osgi-resource-locator/1.0.3/osgi-resource-locator-1.0.3.jar:/home/runner/.m2/repository/org/glassfish/hk2/hk2-api/2.5.0/hk2-api-2.5.0.jar:/home/runner/.m2/repository/org/glassfish/hk2/hk2-utils/2.5.0/hk2-utils-2.5.0.jar:/home/runner/.m2/repository/org/glassfish/hk2/external/aopalliance-repackaged/2.5.0/aopalliance-repackaged-2.5.0.jar:/home/runner/.m2/repository/com/fasterxml/jackson/dataformat/jackson-dataformat-xml/2.13.2/jackson-dataformat-xml-2.13.2.jar:/home/runner/.m2/repository/com/fasterxml/jackson/core/jackson-core/2.13.2/jackson-core-2.13.2.jar:/home/runner/.m2/repository/org/codehaus/woodstox/stax2-api/3.1.4/stax2-api-3.1.4.jar:/home/runner/.m2/repository/com/fasterxml/woodstox/woodstox-core/5.0.3/woodstox-core-5.0.3.jar:/home/runner/.m2/repository/com/fasterxml/jackson/module/jackson-module-jaxb-annotations/2.13.2/jackson-module-jaxb-annotations-2.13.2.jar:/home/runner/.m2/repository/jakarta/xml/bind/jakarta.xml.bind-api/2.3.3/jakarta.xml.bind-api-2.3.3.jar:/home/runner/.m2/repository/jakarta/activation/jakarta.activation-api/1.2.1/jakarta.activation-api-1.2.1.jar:/home/runner/.m2/repository/javax/enterprise/cdi-api/1.2/cdi-api-1.2.jar:/home/runner/.m2/repository/javax/el/javax.el-api/3.0.0/javax.el-api-3.0.0.jar:/home/runner/.m2/repository/javax/interceptor/javax.interceptor-api/1.2/javax.interceptor-api-1.2.jar:/home/runner/.m2/repository/javax/inject/javax.inject/1/javax.inject-1.jar:/home/runner/.m2/repository/javax/xml/bind/jaxb-api/2.3.0/jaxb-api-2.3.0.jar:/home/runner/.m2/repository/org/glassfish/jaxb/jaxb-runtime/2.3.0.1/jaxb-runtime-2.3.0.1.jar:/home/runner/.m2/repository/org/glassfish/jaxb/jaxb-core/2.3.0.1/jaxb-core-2.3.0.1.jar:/home/runner/.m2/repository/org/glassfish/jaxb/txw2/2.3.0.1/txw2-2.3.0.1.jar:/home/runner/.m2/repository/com/sun/istack/istack-commons-runtime/3.0.5/istack-commons-runtime-3.0.5.jar:/home/runner/.m2/repository/org/jvnet/staxex/stax-ex/1.7.8/stax-ex-1.7.8.jar:/home/runner/.m2/repository/com/sun/xml/fastinfoset/FastInfoset/1.2.13/FastInfoset-1.2.13.jar:/home/runner/.m2/repository/javax/activation/activation/1.1.1/activation-1.1.1.jar:/home/runner/.m2/repository/io/grpc/grpc-protobuf/1.44.0/grpc-protobuf-1.44.0.jar:/home/runner/.m2/repository/io/grpc/grpc-api/1.44.0/grpc-api-1.44.0.jar:/home/runner/.m2/repository/io/grpc/grpc-context/1.44.0/grpc-context-1.44.0.jar:/home/runner/.m2/repository/com/google/api/grpc/proto-google-common-protos/2.0.1/proto-google-common-protos-2.0.1.jar:/home/runner/.m2/repository/io/grpc/grpc-protobuf-lite/1.44.0/grpc-protobuf-lite-1.44.0.jar:/home/runner/.m2/repository/io/grpc/grpc-stub/1.44.0/grpc-stub-1.44.0.jar:/home/runner/.m2/repository/io/netty/netty-transport/4.1.74.Final/netty-transport-4.1.74.Final.jar:/home/runner/.m2/repository/io/netty/netty-resolver/4.1.74.Final/netty-resolver-4.1.74.Final.jar:/home/runner/.m2/repository/org/apache/ozone/ozone-csi/1.3.0-SNAPSHOT/ozone-csi-1.3.0-SNAPSHOT.jar:/home/runner/.m2/repository/com/google/protobuf/protobuf-java-util/3.19.2/protobuf-java-util-3.19.2.jar:/home/runner/.m2/repository/com/google/code/gson/gson/2.8.9/gson-2.8.9.jar:/home/runner/.m2/repository/org/apache/ozone/hdds-config/1.3.0-SNAPSHOT/hdds-config-1.3.0-SNAPSHOT.jar:/home/runner/.m2/repository/io/netty/netty-transport-native-epoll/4.1.74.Final/netty-transport-native-epoll-4.1.74.Final-linux-x86_64.jar:/home/runner/.m2/repository/io/netty/netty-transport-classes-epoll/4.1.74.Final/netty-transport-classes-epoll-4.1.74.Final.jar:/home/runner/.m2/repository/io/netty/netty-transport-native-unix-common/4.1.74.Final/netty-transport-native-unix-common-4.1.74.Final.jar:/home/runner/.m2/repository/org/apache/ozone/ozone-recon/1.3.0-SNAPSHOT/ozone-recon-1.3.0-SNAPSHOT.jar:/home/runner/.m2/repository/org/apache/ozone/ozone-reconcodegen/1.3.0-SNAPSHOT/ozone-reconcodegen-1.3.0-SNAPSHOT.jar:/home/runner/.m2/repository/com/google/inject/extensions/guice-multibindings/4.0/guice-multibindings-4.0.jar:/home/runner/.m2/repository/com/google/inject/guice/4.0/guice-4.0.jar:/home/runner/.m2/repository/aopalliance/aopalliance/1.0/aopalliance-1.0.jar:/home/runner/.m2/repository/com/google/inject/extensions/guice-assistedinject/4.0/guice-assistedinject-4.0.jar:/home/runner/.m2/repository/com/google/inject/extensions/guice-servlet/4.0/guice-servlet-4.0.jar:/home/runner/.m2/repository/org/glassfish/jersey/containers/jersey-container-servlet/2.33/jersey-container-servlet-2.33.jar:/home/runner/.m2/repository/org/glassfish/hk2/guice-bridge/2.5.0/guice-bridge-2.5.0.jar:/home/runner/.m2/repository/org/glassfish/jersey/core/jersey-server/2.33/jersey-server-2.33.jar:/home/runner/.m2/repository/org/glassfish/jersey/core/jersey-client/2.33/jersey-client-2.33.jar:/home/runner/.m2/repository/jakarta/annotation/jakarta.annotation-api/1.3.5/jakarta.annotation-api-1.3.5.jar:/home/runner/.m2/repository/jakarta/validation/jakarta.validation-api/2.0.2/jakarta.validation-api-2.0.2.jar:/home/runner/.m2/repository/org/glassfish/jersey/media/jersey-media-json-jackson/2.33/jersey-media-json-jackson-2.33.jar:/home/runner/.m2/repository/org/glassfish/jersey/ext/jersey-entity-filtering/2.33/jersey-entity-filtering-2.33.jar:/home/runner/.m2/repository/org/jooq/jooq/3.11.10/jooq-3.11.10.jar:/home/runner/.m2/repository/org/jooq/jooq-meta/3.11.10/jooq-meta-3.11.10.jar:/home/runner/.m2/repository/org/jooq/jooq-codegen/3.11.10/jooq-codegen-3.11.10.jar:/home/runner/.m2/repository/com/jolbox/bonecp/0.8.0.RELEASE/bonecp-0.8.0.RELEASE.jar:/home/runner/.m2/repository/org/apache/derby/derby/10.14.2.0/derby-10.14.2.0.jar:/home/runner/.m2/repository/org/xerial/sqlite-jdbc/3.25.2/sqlite-jdbc-3.25.2.jar:/home/runner/.m2/repository/org/springframework/spring-jdbc/5.2.20.RELEASE/spring-jdbc-5.2.20.RELEASE.jar:/home/runner/.m2/repository/org/springframework/spring-beans/5.2.20.RELEASE/spring-beans-5.2.20.RELEASE.jar:/home/runner/.m2/repository/org/springframework/spring-core/5.2.20.RELEASE/spring-core-5.2.20.RELEASE.jar:/home/runner/.m2/repository/org/springframework/spring-jcl/5.2.20.RELEASE/spring-jcl-5.2.20.RELEASE.jar:/home/runner/.m2/repository/org/springframework/spring-tx/5.2.20.RELEASE/spring-tx-5.2.20.RELEASE.jar:/home/runner/.m2/repository/org/apache/ozone/ozone-client/1.3.0-SNAPSHOT/ozone-client-1.3.0-SNAPSHOT.jar:/home/runner/.m2/repository/org/apache/ozone/hdds-erasurecode/1.3.0-SNAPSHOT/hdds-erasurecode-1.3.0-SNAPSHOT.jar:/home/runner/.m2/repository/com/github/spotbugs/spotbugs-annotations/3.1.12/spotbugs-annotations-3.1.12.jar:/home/runner/.m2/repository/org/apache/ozone/ozone-filesystem/1.3.0-SNAPSHOT/ozone-filesystem-1.3.0-SNAPSHOT.jar:/home/runner/.m2/repository/org/apache/ozone/ozone-filesystem-common/1.3.0-SNAPSHOT/ozone-filesystem-common-1.3.0-SNAPSHOT.jar:/home/runner/.m2/repository/org/apache/ozone/ozone-tools/1.3.0-SNAPSHOT/ozone-tools-1.3.0-SNAPSHOT.jar:/home/runner/.m2/repository/org/apache/ratis/ratis-tools/2.3.0/ratis-tools-2.3.0.jar:/home/runner/.m2/repository/com/amazonaws/aws-java-sdk-core/1.12.124/aws-java-sdk-core-1.12.124.jar:/home/runner/.m2/repository/org/apache/httpcomponents/httpclient/4.5.13/httpclient-4.5.13.jar:/home/runner/.m2/repository/org/apache/httpcomponents/httpcore/4.4.13/httpcore-4.4.13.jar:/home/runner/.m2/repository/software/amazon/ion/ion-java/1.0.2/ion-java-1.0.2.jar:/home/runner/.m2/repository/com/fasterxml/jackson/dataformat/jackson-dataformat-cbor/2.13.2/jackson-dataformat-cbor-2.13.2.jar:/home/runner/.m2/repository/joda-time/joda-time/2.8.1/joda-time-2.8.1.jar:/home/runner/.m2/repository/com/amazonaws/aws-java-sdk-s3/1.12.124/aws-java-sdk-s3-1.12.124.jar:/home/runner/.m2/repository/com/amazonaws/aws-java-sdk-kms/1.12.124/aws-java-sdk-kms-1.12.124.jar:/home/runner/.m2/repository/com/amazonaws/jmespath-java/1.12.124/jmespath-java-1.12.124.jar:/home/runner/.m2/repository/org/kohsuke/metainf-services/metainf-services/1.8/metainf-services-1.8.jar:/home/runner/.m2/repository/org/apache/ozone/hdds-tools/1.3.0-SNAPSHOT/hdds-tools-1.3.0-SNAPSHOT.jar:/home/runner/.m2/repository/commons-cli/commons-cli/1.2/commons-cli-1.2.jar:/home/runner/.m2/repository/org/apache/commons/commons-lang3/3.7/commons-lang3-3.7.jar:/home/runner/.m2/repository/org/apache/ozone/ozone-manager/1.3.0-SNAPSHOT/ozone-manager-1.3.0-SNAPSHOT-tests.jar:/home/runner/.m2/repository/org/apache/ozone/hdds-common/1.3.0-SNAPSHOT/hdds-common-1.3.0-SNAPSHOT-tests.jar:/home/runner/.m2/repository/org/apache/ozone/hdds-hadoop-dependency-client/1.3.0-SNAPSHOT/hdds-hadoop-dependency-client-1.3.0-SNAPSHOT.jar:/home/runner/.m2/repository/info/picocli/picocli/4.6.1/picocli-4.6.1.jar:/home/runner/.m2/repository/com/fasterxml/jackson/core/jackson-annotations/2.13.2/jackson-annotations-2.13.2.jar:/home/runner/.m2/repository/com/fasterxml/jackson/datatype/jackson-datatype-jsr310/2.13.2/jackson-datatype-jsr310-2.13.2.jar:/home/runner/.m2/repository/javax/annotation/javax.annotation-api/1.2/javax.annotation-api-1.2.jar:/home/runner/.m2/repository/org/apache/ratis/ratis-server/2.3.0/ratis-server-2.3.0.jar:/home/runner/.m2/repository/org/apache/ratis/ratis-client/2.3.0/ratis-client-2.3.0.jar:/home/runner/.m2/repository/org/apache/ratis/ratis-server-api/2.3.0/ratis-server-api-2.3.0.jar:/home/runner/.m2/repository/org/apache/ratis/ratis-metrics/2.3.0/ratis-metrics-2.3.0.jar:/home/runner/.m2/repository/org/apache/ratis/ratis-netty/2.3.0/ratis-netty-2.3.0.jar:/home/runner/.m2/repository/org/apache/ratis/ratis-grpc/2.3.0/ratis-grpc-2.3.0.jar:/home/runner/.m2/repository/org/apache/logging/log4j/log4j-api/2.17.1/log4j-api-2.17.1.jar:/home/runner/.m2/repository/org/apache/commons/commons-pool2/2.6.0/commons-pool2-2.6.0.jar:/home/runner/.m2/repository/org/bouncycastle/bcpkix-jdk15on/1.67/bcpkix-jdk15on-1.67.jar:/home/runner/.m2/repository/commons-validator/commons-validator/1.6/commons-validator-1.6.jar:/home/runner/.m2/repository/commons-beanutils/commons-beanutils/1.9.4/commons-beanutils-1.9.4.jar:/home/runner/.m2/repository/commons-digester/commons-digester/1.8.1/commons-digester-1.8.1.jar:/home/runner/.m2/repository/commons-collections/commons-collections/3.2.2/commons-collections-3.2.2.jar:/home/runner/.m2/repository/io/jaegertracing/jaeger-client/1.6.0/jaeger-client-1.6.0.jar:/home/runner/.m2/repository/io/jaegertracing/jaeger-thrift/1.6.0/jaeger-thrift-1.6.0.jar:/home/runner/.m2/repository/org/apache/thrift/libthrift/0.14.1/libthrift-0.14.1.jar:/home/runner/.m2/repository/com/squareup/okhttp3/okhttp/4.9.0/okhttp-4.9.0.jar:/home/runner/.m2/repository/com/squareup/okio/okio/2.8.0/okio-2.8.0.jar:/home/runner/.m2/repository/io/jaegertracing/jaeger-core/1.6.0/jaeger-core-1.6.0.jar:/home/runner/.m2/repository/io/jaegertracing/jaeger-tracerresolver/1.6.0/jaeger-tracerresolver-1.6.0.jar:/home/runner/.m2/repository/io/opentracing/contrib/opentracing-tracerresolver/0.1.8/opentracing-tracerresolver-0.1.8.jar:/home/runner/.m2/repository/org/jetbrains/kotlin/kotlin-stdlib/1.6.21/kotlin-stdlib-1.6.21.jar:/home/runner/.m2/repository/org/jetbrains/kotlin/kotlin-stdlib-common/1.6.21/kotlin-stdlib-common-1.6.21.jar:/home/runner/.m2/repository/org/jetbrains/annotations/13.0/annotations-13.0.jar:/home/runner/.m2/repository/io/opentracing/opentracing-util/0.33.0/opentracing-util-0.33.0.jar:/home/runner/.m2/repository/io/opentracing/opentracing-api/0.33.0/opentracing-api-0.33.0.jar:/home/runner/.m2/repository/io/opentracing/opentracing-noop/0.33.0/opentracing-noop-0.33.0.jar:/home/runner/.m2/repository/org/yaml/snakeyaml/1.26/snakeyaml-1.26.jar:/home/runner/.m2/repository/org/apache/ozone/hdds-interface-admin/1.3.0-SNAPSHOT/hdds-interface-admin-1.3.0-SNAPSHOT.jar:/home/runner/.m2/repository/junit/junit/4.13.1/junit-4.13.1.jar:/home/runner/.m2/repository/org/hamcrest/hamcrest-core/1.3/hamcrest-core-1.3.jar:/home/runner/.m2/repository/org/junit/jupiter/junit-jupiter-api/5.8.2/junit-jupiter-api-5.8.2.jar:/home/runner/.m2/repository/org/opentest4j/opentest4j/1.2.0/opentest4j-1.2.0.jar:/home/runner/.m2/repository/org/junit/platform/junit-platform-commons/1.8.2/junit-platform-commons-1.8.2.jar:/home/runner/.m2/repository/org/apiguardian/apiguardian-api/1.1.2/apiguardian-api-1.1.2.jar:/home/runner/.m2/repository/org/junit/jupiter/junit-jupiter-params/5.8.2/junit-jupiter-params-5.8.2.jar:/home/runner/.m2/repository/org/junit/jupiter/junit-jupiter-migrationsupport/5.8.2/junit-jupiter-migrationsupport-5.8.2.jar:/home/runner/.m2/repository/org/junit/jupiter/junit-jupiter-engine/5.8.2/junit-jupiter-engine-5.8.2.jar:/home/runner/.m2/repository/org/junit/platform/junit-platform-engine/1.8.2/junit-platform-engine-1.8.2.jar:/home/runner/.m2/repository/org/junit/vintage/junit-vintage-engine/5.8.2/junit-vintage-engine-5.8.2.jar:/home/runner/.m2/repository/org/junit/platform/junit-platform-launcher/1.8.2/junit-platform-launcher-1.8.2.jar:/home/runner/.m2/repository/org/mockito/mockito-core/2.28.2/mockito-core-2.28.2.jar:/home/runner/.m2/repository/net/bytebuddy/byte-buddy/1.9.10/byte-buddy-1.9.10.jar:/home/runner/.m2/repository/net/bytebuddy/byte-buddy-agent/1.9.10/byte-buddy-agent-1.9.10.jar:/home/runner/.m2/repository/org/objenesis/objenesis/1.0/objenesis-1.0.jar:/home/runner/.m2/repository/org/apache/hadoop/hadoop-kms/3.3.1/hadoop-kms-3.3.1.jar:/home/runner/.m2/repository/org/apache/hadoop/hadoop-auth/3.3.1/hadoop-auth-3.3.1.jar:/home/runner/.m2/repository/com/nimbusds/nimbus-jose-jwt/7.9/nimbus-jose-jwt-7.9.jar:/home/runner/.m2/repository/com/github/stephenc/jcip/jcip-annotations/1.0-1/jcip-annotations-1.0-1.jar:/home/runner/.m2/repository/net/minidev/json-smart/2.4.7/json-smart-2.4.7.jar:/home/runner/.m2/repository/net/minidev/accessors-smart/2.4.7/accessors-smart-2.4.7.jar:/home/runner/.m2/repository/org/ow2/asm/asm/5.0.4/asm-5.0.4.jar:/home/runner/.m2/repository/org/apache/zookeeper/zookeeper/3.5.6/zookeeper-3.5.6.jar:/home/runner/.m2/repository/org/apache/zookeeper/zookeeper-jute/3.5.6/zookeeper-jute-3.5.6.jar:/home/runner/.m2/repository/org/apache/yetus/audience-annotations/0.5.0/audience-annotations-0.5.0.jar:/home/runner/.m2/repository/org/apache/curator/curator-framework/4.2.0/curator-framework-4.2.0.jar:/home/runner/.m2/repository/org/apache/hadoop/thirdparty/hadoop-shaded-guava/1.1.1/hadoop-shaded-guava-1.1.1.jar:/home/runner/.m2/repository/com/sun/jersey/jersey-core/1.19/jersey-core-1.19.jar:/home/runner/.m2/repository/javax/ws/rs/jsr311-api/1.1.1/jsr311-api-1.1.1.jar:/home/runner/.m2/repository/com/sun/jersey/jersey-server/1.19/jersey-server-1.19.jar:/home/runner/.m2/repository/javax/servlet/javax.servlet-api/3.1.0/javax.servlet-api-3.1.0.jar:/home/runner/.m2/repository/org/eclipse/jetty/jetty-server/9.4.43.v20210629/jetty-server-9.4.43.v20210629.jar:/home/runner/.m2/repository/org/eclipse/jetty/jetty-http/9.4.43.v20210629/jetty-http-9.4.43.v20210629.jar:/home/runner/.m2/repository/org/eclipse/jetty/jetty-io/9.4.43.v20210629/jetty-io-9.4.43.v20210629.jar:/home/runner/.m2/repository/org/eclipse/jetty/jetty-webapp/9.4.43.v20210629/jetty-webapp-9.4.43.v20210629.jar:/home/runner/.m2/repository/org/eclipse/jetty/jetty-xml/9.4.43.v20210629/jetty-xml-9.4.43.v20210629.jar:/home/runner/.m2/repository/org/apache/hadoop/hadoop-common/3.3.1/hadoop-common-3.3.1.jar:/home/runner/.m2/repository/org/apache/commons/commons-math3/3.1.1/commons-math3-3.1.1.jar:/home/runner/.m2/repository/commons-net/commons-net/3.6/commons-net-3.6.jar:/home/runner/.m2/repository/com/sun/jersey/jersey-servlet/1.19/jersey-servlet-1.19.jar:/home/runner/.m2/repository/com/sun/jersey/jersey-json/1.19/jersey-json-1.19.jar:/home/runner/.m2/repository/org/codehaus/jettison/jettison/1.1/jettison-1.1.jar:/home/runner/.m2/repository/com/sun/xml/bind/jaxb-impl/2.2.3-1/jaxb-impl-2.2.3-1.jar:/home/runner/.m2/repository/org/codehaus/jackson/jackson-xc/1.9.2/jackson-xc-1.9.2.jar:/home/runner/.m2/repository/org/apache/commons/commons-configuration2/2.1.1/commons-configuration2-2.1.1.jar:/home/runner/.m2/repository/org/apache/commons/commons-text/1.4/commons-text-1.4.jar:/home/runner/.m2/repository/com/google/re2j/re2j/1.1/re2j-1.1.jar:/home/runner/.m2/repository/com/jcraft/jsch/0.1.54/jsch-0.1.54.jar:/home/runner/.m2/repository/org/apache/curator/curator-client/4.2.0/curator-client-4.2.0.jar:/home/runner/.m2/repository/org/apache/curator/curator-recipes/4.2.0/curator-recipes-4.2.0.jar:/home/runner/.m2/repository/org/apache/kerby/kerb-core/1.0.1/kerb-core-1.0.1.jar:/home/runner/.m2/repository/org/apache/kerby/kerby-pkix/1.0.1/kerby-pkix-1.0.1.jar:/home/runner/.m2/repository/org/apache/kerby/kerby-asn1/1.0.1/kerby-asn1-1.0.1.jar:/home/runner/.m2/repository/org/apache/kerby/kerby-util/1.0.1/kerby-util-1.0.1.jar:/home/runner/.m2/repository/dnsjava/dnsjava/2.1.7/dnsjava-2.1.7.jar:/home/runner/.m2/repository/org/xerial/snappy/snappy-java/1.1.8.2/snappy-java-1.1.8.2.jar:/home/runner/.m2/repository/org/slf4j/jul-to-slf4j/1.7.30/jul-to-slf4j-1.7.30.jar:/home/runner/.m2/repository/org/eclipse/jetty/jetty-util/9.4.43.v20210629/jetty-util-9.4.43.v20210629.jar:/home/runner/.m2/repository/com/fasterxml/jackson/core/jackson-databind/2.13.2.2/jackson-databind-2.13.2.2.jar:/home/runner/.m2/repository/org/apache/hadoop/hadoop-kms/3.3.1/hadoop-kms-3.3.1-tests.jar:/home/runner/.m2/repository/org/apache/ozone/hdds-server-scm/1.3.0-SNAPSHOT/hdds-server-scm-1.3.0-SNAPSHOT-tests.jar:/home/runner/.m2/repository/org/apache/ozone/hdds-container-service/1.3.0-SNAPSHOT/hdds-container-service-1.3.0-SNAPSHOT-tests.jar:/home/runner/.m2/repository/commons-codec/commons-codec/1.11/commons-codec-1.11.jar:/home/runner/.m2/repository/io/netty/netty-codec/4.1.74.Final/netty-codec-4.1.74.Final.jar:/home/runner/.m2/repository/io/netty/netty-handler/4.1.74.Final/netty-handler-4.1.74.Final.jar:/home/runner/.m2/repository/org/apache/ozone/hdds-hadoop-dependency-test/1.3.0-SNAPSHOT/hdds-hadoop-dependency-test-1.3.0-SNAPSHOT.jar:/home/runner/.m2/repository/org/apache/hadoop/hadoop-common/3.3.1/hadoop-common-3.3.1-tests.jar:/home/runner/.m2/repository/org/assertj/assertj-core/3.12.2/assertj-core-3.12.2.jar:/home/runner/.m2/repository/org/apache/hadoop/hadoop-hdfs/3.3.1/hadoop-hdfs-3.3.1-tests.jar:/home/runner/.m2/repository/org/eclipse/jetty/jetty-util-ajax/9.4.43.v20210629/jetty-util-ajax-9.4.43.v20210629.jar:/home/runner/.m2/repository/commons-daemon/commons-daemon/1.0.13/commons-daemon-1.0.13.jar:/home/runner/.m2/repository/io/netty/netty/3.10.6.Final/netty-3.10.6.Final.jar:/home/runner/.m2/repository/io/netty/netty-all/4.1.74.Final/netty-all-4.1.74.Final.jar:/home/runner/.m2/repository/io/netty/netty-codec-dns/4.1.74.Final/netty-codec-dns-4.1.74.Final.jar:/home/runner/.m2/repository/io/netty/netty-codec-haproxy/4.1.74.Final/netty-codec-haproxy-4.1.74.Final.jar:/home/runner/.m2/repository/io/netty/netty-codec-memcache/4.1.74.Final/netty-codec-memcache-4.1.74.Final.jar:/home/runner/.m2/repository/io/netty/netty-codec-mqtt/4.1.74.Final/netty-codec-mqtt-4.1.74.Final.jar:/home/runner/.m2/repository/io/netty/netty-codec-redis/4.1.74.Final/netty-codec-redis-4.1.74.Final.jar:/home/runner/.m2/repository/io/netty/netty-codec-smtp/4.1.74.Final/netty-codec-smtp-4.1.74.Final.jar:/home/runner/.m2/repository/io/netty/netty-codec-stomp/4.1.74.Final/netty-codec-stomp-4.1.74.Final.jar:/home/runner/.m2/repository/io/netty/netty-codec-xml/4.1.74.Final/netty-codec-xml-4.1.74.Final.jar:/home/runner/.m2/repository/io/netty/netty-resolver-dns/4.1.74.Final/netty-resolver-dns-4.1.74.Final.jar:/home/runner/.m2/repository/io/netty/netty-transport-rxtx/4.1.74.Final/netty-transport-rxtx-4.1.74.Final.jar:/home/runner/.m2/repository/io/netty/netty-transport-sctp/4.1.74.Final/netty-transport-sctp-4.1.74.Final.jar:/home/runner/.m2/repository/io/netty/netty-transport-udt/4.1.74.Final/netty-transport-udt-4.1.74.Final.jar:/home/runner/.m2/repository/io/netty/netty-transport-classes-kqueue/4.1.74.Final/netty-transport-classes-kqueue-4.1.74.Final.jar:/home/runner/.m2/repository/io/netty/netty-resolver-dns-classes-macos/4.1.74.Final/netty-resolver-dns-classes-macos-4.1.74.Final.jar:/home/runner/.m2/repository/io/netty/netty-transport-native-epoll/4.1.74.Final/netty-transport-native-epoll-4.1.74.Final-linux-aarch_64.jar:/home/runner/.m2/repository/io/netty/netty-transport-native-kqueue/4.1.74.Final/netty-transport-native-kqueue-4.1.74.Final-osx-x86_64.jar:/home/runner/.m2/repository/io/netty/netty-transport-native-kqueue/4.1.74.Final/netty-transport-native-kqueue-4.1.74.Final-osx-aarch_64.jar:/home/runner/.m2/repository/io/netty/netty-resolver-dns-native-macos/4.1.74.Final/netty-resolver-dns-native-macos-4.1.74.Final-osx-x86_64.jar:/home/runner/.m2/repository/io/netty/netty-resolver-dns-native-macos/4.1.74.Final/netty-resolver-dns-native-macos-4.1.74.Final-osx-aarch_64.jar:/home/runner/.m2/repository/org/apache/htrace/htrace-core4/4.1.0-incubating/htrace-core4-4.1.0-incubating.jar:/home/runner/.m2/repository/org/fusesource/leveldbjni/leveldbjni-all/1.8/leveldbjni-all-1.8.jar:/home/runner/.m2/repository/org/apache/hadoop/hadoop-distcp/3.3.1/hadoop-distcp-3.3.1.jar:/home/runner/.m2/repository/org/apache/hadoop/hadoop-mapreduce-client-jobclient/3.3.1/hadoop-mapreduce-client-jobclient-3.3.1.jar:/home/runner/.m2/repository/org/apache/hadoop/hadoop-mapreduce-client-common/3.3.1/hadoop-mapreduce-client-common-3.3.1.jar:/home/runner/.m2/repository/org/apache/hadoop/hadoop-yarn-common/3.3.1/hadoop-yarn-common-3.3.1.jar:/home/runner/.m2/repository/org/apache/hadoop/hadoop-yarn-api/3.3.1/hadoop-yarn-api-3.3.1.jar:/home/runner/.m2/repository/com/sun/jersey/contribs/jersey-guice/1.19/jersey-guice-1.19.jar:/home/runner/.m2/repository/com/fasterxml/jackson/jaxrs/jackson-jaxrs-json-provider/2.13.2/jackson-jaxrs-json-provider-2.13.2.jar:/home/runner/.m2/repository/com/fasterxml/jackson/jaxrs/jackson-jaxrs-base/2.13.2/jackson-jaxrs-base-2.13.2.jar:/home/runner/.m2/repository/org/apache/hadoop/hadoop-yarn-client/3.3.1/hadoop-yarn-client-3.3.1.jar:/home/runner/.m2/repository/org/eclipse/jetty/websocket/websocket-client/9.4.40.v20210413/websocket-client-9.4.40.v20210413.jar:/home/runner/.m2/repository/org/eclipse/jetty/websocket/websocket-common/9.4.40.v20210413/websocket-common-9.4.40.v20210413.jar:/home/runner/.m2/repository/org/eclipse/jetty/websocket/websocket-api/9.4.40.v20210413/websocket-api-9.4.40.v20210413.jar:/home/runner/.m2/repository/org/jline/jline/3.9.0/jline-3.9.0.jar:/home/runner/.m2/repository/org/apache/hadoop/hadoop-mapreduce-client-core/3.3.1/hadoop-mapreduce-client-core-3.3.1.jar:/home/runner/.m2/repository/org/apache/avro/avro/1.7.7/avro-1.7.7.jar:/home/runner/.m2/repository/org/codehaus/jackson/jackson-core-asl/1.9.13/jackson-core-asl-1.9.13.jar:/home/runner/.m2/repository/org/codehaus/jackson/jackson-mapper-asl/1.9.13/jackson-mapper-asl-1.9.13.jar:/home/runner/.m2/repository/com/thoughtworks/paranamer/paranamer/2.3/paranamer-2.3.jar:/home/runner/.m2/repository/org/apache/hadoop/hadoop-annotations/3.3.1/hadoop-annotations-3.3.1.jar:/usr/lib/jvm/temurin-8-jdk-amd64/jre/../lib/tools.jar:/home/runner/.m2/repository/org/apache/hadoop/hadoop-distcp/3.3.1/hadoop-distcp-3.3.1-tests.jar:/home/runner/.m2/repository/org/apache/ratis/ratis-common/2.3.0/ratis-common-2.3.0.jar:/home/runner/.m2/repository/org/apache/ratis/ratis-thirdparty-misc/1.0.0/ratis-thirdparty-misc-1.0.0.jar:/home/runner/.m2/repository/org/apache/ratis/ratis-proto/2.3.0/ratis-proto-2.3.0.jar:/home/runner/.m2/repository/org/apache/ozone/ozone-annotation-processing/1.3.0-SNAPSHOT/ozone-annotation-processing-1.3.0-SNAPSHOT.jar:"/>
    <property name="java.vm.vendor" value="Temurin"/>
    <property name="sun.arch.data.model" value="64"/>
    <property name="test.build.dir" value="/home/runner/work/ozone/ozone/hadoop-ozone/integration-test/target/test-dir"/>
    <property name="test.cache.data" value=""/>
    <property name="java.vendor.url" value="https://adoptium.net/"/>
    <property name="user.timezone" value="Etc/UTC"/>
    <property name="java.vm.specification.version" value="1.8"/>
    <property name="os.name" value="Linux"/>
    <property name="test.build.data" value="/home/runner/work/ozone/ozone/hadoop-ozone/integration-test/target/test-dir"/>
    <property name="sun.java.launcher" value="SUN_STANDARD"/>
    <property name="sun.boot.library.path" value="/usr/lib/jvm/temurin-8-jdk-amd64/jre/lib/amd64"/>
    <property name="sun.java.command" value="/home/runner/work/ozone/ozone/hadoop-ozone/integration-test/target/surefire/surefirebooter4641444657904120031.jar /home/runner/work/ozone/ozone/hadoop-ozone/integration-test/target/surefire 2022-06-24T23-38-09_415-jvmRun1 surefire6214651503780134667tmp surefire_66440960491417322025tmp"/>
    <property name="surefire.test.class.path" value="/home/runner/work/ozone/ozone/hadoop-ozone/integration-test/target/test-classes:/home/runner/work/ozone/ozone/hadoop-ozone/integration-test/target/classes:/home/runner/.m2/repository/org/apache/ozone/ozone-common/1.3.0-SNAPSHOT/ozone-common-1.3.0-SNAPSHOT.jar:/home/runner/.m2/repository/io/grpc/grpc-netty/1.44.0/grpc-netty-1.44.0.jar:/home/runner/.m2/repository/io/grpc/grpc-core/1.44.0/grpc-core-1.44.0.jar:/home/runner/.m2/repository/com/google/android/annotations/4.1.1.4/annotations-4.1.1.4.jar:/home/runner/.m2/repository/org/codehaus/mojo/animal-sniffer-annotations/1.19/animal-sniffer-annotations-1.19.jar:/home/runner/.m2/repository/com/google/errorprone/error_prone_annotations/2.2.0/error_prone_annotations-2.2.0.jar:/home/runner/.m2/repository/io/perfmark/perfmark-api/0.23.0/perfmark-api-0.23.0.jar:/home/runner/.m2/repository/io/netty/netty-codec-http2/4.1.74.Final/netty-codec-http2-4.1.74.Final.jar:/home/runner/.m2/repository/io/netty/netty-common/4.1.74.Final/netty-common-4.1.74.Final.jar:/home/runner/.m2/repository/io/netty/netty-buffer/4.1.74.Final/netty-buffer-4.1.74.Final.jar:/home/runner/.m2/repository/io/netty/netty-codec-http/4.1.74.Final/netty-codec-http-4.1.74.Final.jar:/home/runner/.m2/repository/io/netty/netty-handler-proxy/4.1.74.Final/netty-handler-proxy-4.1.74.Final.jar:/home/runner/.m2/repository/io/netty/netty-codec-socks/4.1.74.Final/netty-codec-socks-4.1.74.Final.jar:/home/runner/.m2/repository/io/netty/netty-tcnative-boringssl-static/2.0.48.Final/netty-tcnative-boringssl-static-2.0.48.Final.jar:/home/runner/.m2/repository/io/netty/netty-tcnative-classes/2.0.48.Final/netty-tcnative-classes-2.0.48.Final.jar:/home/runner/.m2/repository/io/netty/netty-tcnative/2.0.48.Final/netty-tcnative-2.0.48.Final.jar:/home/runner/.m2/repository/org/apache/commons/commons-compress/1.21/commons-compress-1.21.jar:/home/runner/.m2/repository/org/apache/ozone/hdds-common/1.3.0-SNAPSHOT/hdds-common-1.3.0-SNAPSHOT.jar:/home/runner/.m2/repository/org/apache/ozone/hdds-client/1.3.0-SNAPSHOT/hdds-client-1.3.0-SNAPSHOT.jar:/home/runner/.m2/repository/org/apache/ozone/ozone-interface-client/1.3.0-SNAPSHOT/ozone-interface-client-1.3.0-SNAPSHOT.jar:/home/runner/.m2/repository/org/apache/ozone/hdds-test-utils/1.3.0-SNAPSHOT/hdds-test-utils-1.3.0-SNAPSHOT.jar:/home/runner/.m2/repository/com/google/guava/guava/31.1-jre/guava-31.1-jre.jar:/home/runner/.m2/repository/com/google/guava/failureaccess/1.0.1/failureaccess-1.0.1.jar:/home/runner/.m2/repository/com/google/guava/listenablefuture/9999.0-empty-to-avoid-conflict-with-guava/listenablefuture-9999.0-empty-to-avoid-conflict-with-guava.jar:/home/runner/.m2/repository/com/google/code/findbugs/jsr305/3.0.0/jsr305-3.0.0.jar:/home/runner/.m2/repository/org/checkerframework/checker-qual/3.12.0/checker-qual-3.12.0.jar:/home/runner/.m2/repository/com/google/j2objc/j2objc-annotations/1.3/j2objc-annotations-1.3.jar:/home/runner/.m2/repository/commons-io/commons-io/2.11.0/commons-io-2.11.0.jar:/home/runner/.m2/repository/commons-logging/commons-logging/1.2/commons-logging-1.2.jar:/home/runner/.m2/repository/log4j/log4j/1.2.17/log4j-1.2.17.jar:/home/runner/.m2/repository/org/slf4j/slf4j-api/1.7.30/slf4j-api-1.7.30.jar:/home/runner/.m2/repository/org/apache/ozone/hdds-server-scm/1.3.0-SNAPSHOT/hdds-server-scm-1.3.0-SNAPSHOT.jar:/home/runner/.m2/repository/org/apache/ozone/hdds-container-service/1.3.0-SNAPSHOT/hdds-container-service-1.3.0-SNAPSHOT.jar:/home/runner/.m2/repository/org/apache/ozone/hdds-hadoop-dependency-server/1.3.0-SNAPSHOT/hdds-hadoop-dependency-server-1.3.0-SNAPSHOT.jar:/home/runner/.m2/repository/org/apache/hadoop/hadoop-hdfs/3.3.1/hadoop-hdfs-3.3.1.jar:/home/runner/.m2/repository/org/apache/ozone/hdds-server-framework/1.3.0-SNAPSHOT/hdds-server-framework-1.3.0-SNAPSHOT.jar:/home/runner/.m2/repository/org/apache/ozone/hdds-interface-server/1.3.0-SNAPSHOT/hdds-interface-server-1.3.0-SNAPSHOT.jar:/home/runner/.m2/repository/org/apache/logging/log4j/log4j-core/2.17.1/log4j-core-2.17.1.jar:/home/runner/.m2/repository/com/lmax/disruptor/3.4.2/disruptor-3.4.2.jar:/home/runner/.m2/repository/org/eclipse/jetty/jetty-servlet/9.4.43.v20210629/jetty-servlet-9.4.43.v20210629.jar:/home/runner/.m2/repository/org/eclipse/jetty/jetty-security/9.4.43.v20210629/jetty-security-9.4.43.v20210629.jar:/home/runner/.m2/repository/org/rocksdb/rocksdbjni/6.29.5/rocksdbjni-6.29.5.jar:/home/runner/.m2/repository/io/prometheus/simpleclient_dropwizard/0.7.0/simpleclient_dropwizard-0.7.0.jar:/home/runner/.m2/repository/io/prometheus/simpleclient/0.7.0/simpleclient-0.7.0.jar:/home/runner/.m2/repository/io/prometheus/simpleclient_common/0.7.0/simpleclient_common-0.7.0.jar:/home/runner/.m2/repository/io/dropwizard/metrics/metrics-core/3.2.4/metrics-core-3.2.4.jar:/home/runner/.m2/repository/org/apache/hadoop/hadoop-hdfs-client/3.3.1/hadoop-hdfs-client-3.3.1.jar:/home/runner/.m2/repository/org/bouncycastle/bcprov-jdk15on/1.67/bcprov-jdk15on-1.67.jar:/home/runner/.m2/repository/com/google/protobuf/protobuf-java/2.5.0/protobuf-java-2.5.0.jar:/home/runner/.m2/repository/org/apache/ozone/ozone-manager/1.3.0-SNAPSHOT/ozone-manager-1.3.0-SNAPSHOT.jar:/home/runner/.m2/repository/org/aspectj/aspectjrt/1.9.7/aspectjrt-1.9.7.jar:/home/runner/.m2/repository/org/aspectj/aspectjweaver/1.9.7/aspectjweaver-1.9.7.jar:/home/runner/.m2/repository/org/apache/ozone/hdds-interface-client/1.3.0-SNAPSHOT/hdds-interface-client-1.3.0-SNAPSHOT.jar:/home/runner/.m2/repository/org/apache/hadoop/thirdparty/hadoop-shaded-protobuf_3_7/1.1.1/hadoop-shaded-protobuf_3_7-1.1.1.jar:/home/runner/.m2/repository/org/apache/ozone/ozone-interface-storage/1.3.0-SNAPSHOT/ozone-interface-storage-1.3.0-SNAPSHOT.jar:/home/runner/.m2/repository/org/reflections/reflections/0.9.11/reflections-0.9.11.jar:/home/runner/.m2/repository/com/sun/jersey/jersey-client/1.19/jersey-client-1.19.jar:/home/runner/.m2/repository/org/apache/ranger/ranger-intg/3.0.0-SNAPSHOT/ranger-intg-3.0.0-SNAPSHOT.jar:/home/runner/.m2/repository/org/apache/ranger/ranger-plugins-common/3.0.0-SNAPSHOT/ranger-plugins-common-3.0.0-SNAPSHOT.jar:/home/runner/.m2/repository/commons-lang/commons-lang/2.6/commons-lang-2.6.jar:/home/runner/.m2/repository/org/codehaus/jackson/jackson-jaxrs/1.9.13/jackson-jaxrs-1.9.13.jar:/home/runner/.m2/repository/org/apache/ranger/ranger-plugins-cred/3.0.0-SNAPSHOT/ranger-plugins-cred-3.0.0-SNAPSHOT.jar:/home/runner/.m2/repository/org/apache/ranger/ranger-plugins-audit/3.0.0-SNAPSHOT/ranger-plugins-audit-3.0.0-SNAPSHOT.jar:/home/runner/.m2/repository/org/apache/kafka/kafka-clients/2.8.1/kafka-clients-2.8.1.jar:/home/runner/.m2/repository/com/github/luben/zstd-jni/1.4.9-1/zstd-jni-1.4.9-1.jar:/home/runner/.m2/repository/org/apache/solr/solr-solrj/8.6.3/solr-solrj-8.6.3.jar:/home/runner/.m2/repository/org/eclipse/jetty/jetty-client/9.4.44.v20210927/jetty-client-9.4.44.v20210927.jar:/home/runner/.m2/repository/org/apache/httpcomponents/httpmime/4.5.13/httpmime-4.5.13.jar:/home/runner/.m2/repository/org/apache/httpcomponents/httpcore-nio/4.4.14/httpcore-nio-4.4.14.jar:/home/runner/.m2/repository/org/apache/httpcomponents/httpasyncclient/4.1.4/httpasyncclient-4.1.4.jar:/home/runner/.m2/repository/com/carrotsearch/hppc/0.8.0/hppc-0.8.0.jar:/home/runner/.m2/repository/org/apache/hive/hive-storage-api/2.7.2/hive-storage-api-2.7.2.jar:/home/runner/.m2/repository/org/apache/orc/orc-core/1.5.8/orc-core-1.5.8.jar:/home/runner/.m2/repository/com/amazonaws/aws-java-sdk-bundle/1.12.125/aws-java-sdk-bundle-1.12.125.jar:/home/runner/.m2/repository/net/java/dev/jna/jna/5.2.0/jna-5.2.0.jar:/home/runner/.m2/repository/net/java/dev/jna/jna-platform/5.2.0/jna-platform-5.2.0.jar:/home/runner/.m2/repository/com/kstruct/gethostname4j/0.0.2/gethostname4j-0.0.2.jar:/home/runner/.m2/repository/org/apache/ranger/ranger-plugin-classloader/3.0.0-SNAPSHOT/ranger-plugin-classloader-3.0.0-SNAPSHOT.jar:/home/runner/.m2/repository/org/apache/hadoop/hadoop-minikdc/3.3.1/hadoop-minikdc-3.3.1.jar:/home/runner/.m2/repository/org/apache/kerby/kerb-simplekdc/1.0.1/kerb-simplekdc-1.0.1.jar:/home/runner/.m2/repository/org/apache/kerby/kerb-client/1.0.1/kerb-client-1.0.1.jar:/home/runner/.m2/repository/org/apache/kerby/kerby-config/1.0.1/kerby-config-1.0.1.jar:/home/runner/.m2/repository/org/apache/kerby/kerb-common/1.0.1/kerb-common-1.0.1.jar:/home/runner/.m2/repository/org/apache/kerby/kerb-crypto/1.0.1/kerb-crypto-1.0.1.jar:/home/runner/.m2/repository/org/apache/kerby/kerb-util/1.0.1/kerb-util-1.0.1.jar:/home/runner/.m2/repository/org/apache/kerby/token-provider/1.0.1/token-provider-1.0.1.jar:/home/runner/.m2/repository/org/apache/kerby/kerb-admin/1.0.1/kerb-admin-1.0.1.jar:/home/runner/.m2/repository/org/apache/kerby/kerb-server/1.0.1/kerb-server-1.0.1.jar:/home/runner/.m2/repository/org/apache/kerby/kerb-identity/1.0.1/kerb-identity-1.0.1.jar:/home/runner/.m2/repository/org/apache/kerby/kerby-xdr/1.0.1/kerby-xdr-1.0.1.jar:/home/runner/.m2/repository/org/slf4j/slf4j-log4j12/1.7.30/slf4j-log4j12-1.7.30.jar:/home/runner/.m2/repository/org/apache/ozone/ozone-s3gateway/1.3.0-SNAPSHOT/ozone-s3gateway-1.3.0-SNAPSHOT.jar:/home/runner/.m2/repository/org/javassist/javassist/3.21.0-GA/javassist-3.21.0-GA.jar:/home/runner/.m2/repository/org/jboss/weld/servlet/weld-servlet/2.4.7.Final/weld-servlet-2.4.7.Final.jar:/home/runner/.m2/repository/org/glassfish/jersey/containers/jersey-container-servlet-core/2.33/jersey-container-servlet-core-2.33.jar:/home/runner/.m2/repository/org/glassfish/hk2/external/jakarta.inject/2.6.1/jakarta.inject-2.6.1.jar:/home/runner/.m2/repository/org/glassfish/jersey/core/jersey-common/2.33/jersey-common-2.33.jar:/home/runner/.m2/repository/jakarta/ws/rs/jakarta.ws.rs-api/2.1.6/jakarta.ws.rs-api-2.1.6.jar:/home/runner/.m2/repository/org/glassfish/jersey/ext/cdi/jersey-cdi1x/2.33/jersey-cdi1x-2.33.jar:/home/runner/.m2/repository/org/glassfish/jersey/inject/jersey-hk2/2.33/jersey-hk2-2.33.jar:/home/runner/.m2/repository/org/glassfish/hk2/hk2-locator/2.6.1/hk2-locator-2.6.1.jar:/home/runner/.m2/repository/org/glassfish/jersey/media/jersey-media-jaxb/2.33/jersey-media-jaxb-2.33.jar:/home/runner/.m2/repository/org/glassfish/hk2/osgi-resource-locator/1.0.3/osgi-resource-locator-1.0.3.jar:/home/runner/.m2/repository/org/glassfish/hk2/hk2-api/2.5.0/hk2-api-2.5.0.jar:/home/runner/.m2/repository/org/glassfish/hk2/hk2-utils/2.5.0/hk2-utils-2.5.0.jar:/home/runner/.m2/repository/org/glassfish/hk2/external/aopalliance-repackaged/2.5.0/aopalliance-repackaged-2.5.0.jar:/home/runner/.m2/repository/com/fasterxml/jackson/dataformat/jackson-dataformat-xml/2.13.2/jackson-dataformat-xml-2.13.2.jar:/home/runner/.m2/repository/com/fasterxml/jackson/core/jackson-core/2.13.2/jackson-core-2.13.2.jar:/home/runner/.m2/repository/org/codehaus/woodstox/stax2-api/3.1.4/stax2-api-3.1.4.jar:/home/runner/.m2/repository/com/fasterxml/woodstox/woodstox-core/5.0.3/woodstox-core-5.0.3.jar:/home/runner/.m2/repository/com/fasterxml/jackson/module/jackson-module-jaxb-annotations/2.13.2/jackson-module-jaxb-annotations-2.13.2.jar:/home/runner/.m2/repository/jakarta/xml/bind/jakarta.xml.bind-api/2.3.3/jakarta.xml.bind-api-2.3.3.jar:/home/runner/.m2/repository/jakarta/activation/jakarta.activation-api/1.2.1/jakarta.activation-api-1.2.1.jar:/home/runner/.m2/repository/javax/enterprise/cdi-api/1.2/cdi-api-1.2.jar:/home/runner/.m2/repository/javax/el/javax.el-api/3.0.0/javax.el-api-3.0.0.jar:/home/runner/.m2/repository/javax/interceptor/javax.interceptor-api/1.2/javax.interceptor-api-1.2.jar:/home/runner/.m2/repository/javax/inject/javax.inject/1/javax.inject-1.jar:/home/runner/.m2/repository/javax/xml/bind/jaxb-api/2.3.0/jaxb-api-2.3.0.jar:/home/runner/.m2/repository/org/glassfish/jaxb/jaxb-runtime/2.3.0.1/jaxb-runtime-2.3.0.1.jar:/home/runner/.m2/repository/org/glassfish/jaxb/jaxb-core/2.3.0.1/jaxb-core-2.3.0.1.jar:/home/runner/.m2/repository/org/glassfish/jaxb/txw2/2.3.0.1/txw2-2.3.0.1.jar:/home/runner/.m2/repository/com/sun/istack/istack-commons-runtime/3.0.5/istack-commons-runtime-3.0.5.jar:/home/runner/.m2/repository/org/jvnet/staxex/stax-ex/1.7.8/stax-ex-1.7.8.jar:/home/runner/.m2/repository/com/sun/xml/fastinfoset/FastInfoset/1.2.13/FastInfoset-1.2.13.jar:/home/runner/.m2/repository/javax/activation/activation/1.1.1/activation-1.1.1.jar:/home/runner/.m2/repository/io/grpc/grpc-protobuf/1.44.0/grpc-protobuf-1.44.0.jar:/home/runner/.m2/repository/io/grpc/grpc-api/1.44.0/grpc-api-1.44.0.jar:/home/runner/.m2/repository/io/grpc/grpc-context/1.44.0/grpc-context-1.44.0.jar:/home/runner/.m2/repository/com/google/api/grpc/proto-google-common-protos/2.0.1/proto-google-common-protos-2.0.1.jar:/home/runner/.m2/repository/io/grpc/grpc-protobuf-lite/1.44.0/grpc-protobuf-lite-1.44.0.jar:/home/runner/.m2/repository/io/grpc/grpc-stub/1.44.0/grpc-stub-1.44.0.jar:/home/runner/.m2/repository/io/netty/netty-transport/4.1.74.Final/netty-transport-4.1.74.Final.jar:/home/runner/.m2/repository/io/netty/netty-resolver/4.1.74.Final/netty-resolver-4.1.74.Final.jar:/home/runner/.m2/repository/org/apache/ozone/ozone-csi/1.3.0-SNAPSHOT/ozone-csi-1.3.0-SNAPSHOT.jar:/home/runner/.m2/repository/com/google/protobuf/protobuf-java-util/3.19.2/protobuf-java-util-3.19.2.jar:/home/runner/.m2/repository/com/google/code/gson/gson/2.8.9/gson-2.8.9.jar:/home/runner/.m2/repository/org/apache/ozone/hdds-config/1.3.0-SNAPSHOT/hdds-config-1.3.0-SNAPSHOT.jar:/home/runner/.m2/repository/io/netty/netty-transport-native-epoll/4.1.74.Final/netty-transport-native-epoll-4.1.74.Final-linux-x86_64.jar:/home/runner/.m2/repository/io/netty/netty-transport-classes-epoll/4.1.74.Final/netty-transport-classes-epoll-4.1.74.Final.jar:/home/runner/.m2/repository/io/netty/netty-transport-native-unix-common/4.1.74.Final/netty-transport-native-unix-common-4.1.74.Final.jar:/home/runner/.m2/repository/org/apache/ozone/ozone-recon/1.3.0-SNAPSHOT/ozone-recon-1.3.0-SNAPSHOT.jar:/home/runner/.m2/repository/org/apache/ozone/ozone-reconcodegen/1.3.0-SNAPSHOT/ozone-reconcodegen-1.3.0-SNAPSHOT.jar:/home/runner/.m2/repository/com/google/inject/extensions/guice-multibindings/4.0/guice-multibindings-4.0.jar:/home/runner/.m2/repository/com/google/inject/guice/4.0/guice-4.0.jar:/home/runner/.m2/repository/aopalliance/aopalliance/1.0/aopalliance-1.0.jar:/home/runner/.m2/repository/com/google/inject/extensions/guice-assistedinject/4.0/guice-assistedinject-4.0.jar:/home/runner/.m2/repository/com/google/inject/extensions/guice-servlet/4.0/guice-servlet-4.0.jar:/home/runner/.m2/repository/org/glassfish/jersey/containers/jersey-container-servlet/2.33/jersey-container-servlet-2.33.jar:/home/runner/.m2/repository/org/glassfish/hk2/guice-bridge/2.5.0/guice-bridge-2.5.0.jar:/home/runner/.m2/repository/org/glassfish/jersey/core/jersey-server/2.33/jersey-server-2.33.jar:/home/runner/.m2/repository/org/glassfish/jersey/core/jersey-client/2.33/jersey-client-2.33.jar:/home/runner/.m2/repository/jakarta/annotation/jakarta.annotation-api/1.3.5/jakarta.annotation-api-1.3.5.jar:/home/runner/.m2/repository/jakarta/validation/jakarta.validation-api/2.0.2/jakarta.validation-api-2.0.2.jar:/home/runner/.m2/repository/org/glassfish/jersey/media/jersey-media-json-jackson/2.33/jersey-media-json-jackson-2.33.jar:/home/runner/.m2/repository/org/glassfish/jersey/ext/jersey-entity-filtering/2.33/jersey-entity-filtering-2.33.jar:/home/runner/.m2/repository/org/jooq/jooq/3.11.10/jooq-3.11.10.jar:/home/runner/.m2/repository/org/jooq/jooq-meta/3.11.10/jooq-meta-3.11.10.jar:/home/runner/.m2/repository/org/jooq/jooq-codegen/3.11.10/jooq-codegen-3.11.10.jar:/home/runner/.m2/repository/com/jolbox/bonecp/0.8.0.RELEASE/bonecp-0.8.0.RELEASE.jar:/home/runner/.m2/repository/org/apache/derby/derby/10.14.2.0/derby-10.14.2.0.jar:/home/runner/.m2/repository/org/xerial/sqlite-jdbc/3.25.2/sqlite-jdbc-3.25.2.jar:/home/runner/.m2/repository/org/springframework/spring-jdbc/5.2.20.RELEASE/spring-jdbc-5.2.20.RELEASE.jar:/home/runner/.m2/repository/org/springframework/spring-beans/5.2.20.RELEASE/spring-beans-5.2.20.RELEASE.jar:/home/runner/.m2/repository/org/springframework/spring-core/5.2.20.RELEASE/spring-core-5.2.20.RELEASE.jar:/home/runner/.m2/repository/org/springframework/spring-jcl/5.2.20.RELEASE/spring-jcl-5.2.20.RELEASE.jar:/home/runner/.m2/repository/org/springframework/spring-tx/5.2.20.RELEASE/spring-tx-5.2.20.RELEASE.jar:/home/runner/.m2/repository/org/apache/ozone/ozone-client/1.3.0-SNAPSHOT/ozone-client-1.3.0-SNAPSHOT.jar:/home/runner/.m2/repository/org/apache/ozone/hdds-erasurecode/1.3.0-SNAPSHOT/hdds-erasurecode-1.3.0-SNAPSHOT.jar:/home/runner/.m2/repository/com/github/spotbugs/spotbugs-annotations/3.1.12/spotbugs-annotations-3.1.12.jar:/home/runner/.m2/repository/org/apache/ozone/ozone-filesystem/1.3.0-SNAPSHOT/ozone-filesystem-1.3.0-SNAPSHOT.jar:/home/runner/.m2/repository/org/apache/ozone/ozone-filesystem-common/1.3.0-SNAPSHOT/ozone-filesystem-common-1.3.0-SNAPSHOT.jar:/home/runner/.m2/repository/org/apache/ozone/ozone-tools/1.3.0-SNAPSHOT/ozone-tools-1.3.0-SNAPSHOT.jar:/home/runner/.m2/repository/org/apache/ratis/ratis-tools/2.3.0/ratis-tools-2.3.0.jar:/home/runner/.m2/repository/com/amazonaws/aws-java-sdk-core/1.12.124/aws-java-sdk-core-1.12.124.jar:/home/runner/.m2/repository/org/apache/httpcomponents/httpclient/4.5.13/httpclient-4.5.13.jar:/home/runner/.m2/repository/org/apache/httpcomponents/httpcore/4.4.13/httpcore-4.4.13.jar:/home/runner/.m2/repository/software/amazon/ion/ion-java/1.0.2/ion-java-1.0.2.jar:/home/runner/.m2/repository/com/fasterxml/jackson/dataformat/jackson-dataformat-cbor/2.13.2/jackson-dataformat-cbor-2.13.2.jar:/home/runner/.m2/repository/joda-time/joda-time/2.8.1/joda-time-2.8.1.jar:/home/runner/.m2/repository/com/amazonaws/aws-java-sdk-s3/1.12.124/aws-java-sdk-s3-1.12.124.jar:/home/runner/.m2/repository/com/amazonaws/aws-java-sdk-kms/1.12.124/aws-java-sdk-kms-1.12.124.jar:/home/runner/.m2/repository/com/amazonaws/jmespath-java/1.12.124/jmespath-java-1.12.124.jar:/home/runner/.m2/repository/org/kohsuke/metainf-services/metainf-services/1.8/metainf-services-1.8.jar:/home/runner/.m2/repository/org/apache/ozone/hdds-tools/1.3.0-SNAPSHOT/hdds-tools-1.3.0-SNAPSHOT.jar:/home/runner/.m2/repository/commons-cli/commons-cli/1.2/commons-cli-1.2.jar:/home/runner/.m2/repository/org/apache/commons/commons-lang3/3.7/commons-lang3-3.7.jar:/home/runner/.m2/repository/org/apache/ozone/ozone-manager/1.3.0-SNAPSHOT/ozone-manager-1.3.0-SNAPSHOT-tests.jar:/home/runner/.m2/repository/org/apache/ozone/hdds-common/1.3.0-SNAPSHOT/hdds-common-1.3.0-SNAPSHOT-tests.jar:/home/runner/.m2/repository/org/apache/ozone/hdds-hadoop-dependency-client/1.3.0-SNAPSHOT/hdds-hadoop-dependency-client-1.3.0-SNAPSHOT.jar:/home/runner/.m2/repository/info/picocli/picocli/4.6.1/picocli-4.6.1.jar:/home/runner/.m2/repository/com/fasterxml/jackson/core/jackson-annotations/2.13.2/jackson-annotations-2.13.2.jar:/home/runner/.m2/repository/com/fasterxml/jackson/datatype/jackson-datatype-jsr310/2.13.2/jackson-datatype-jsr310-2.13.2.jar:/home/runner/.m2/repository/javax/annotation/javax.annotation-api/1.2/javax.annotation-api-1.2.jar:/home/runner/.m2/repository/org/apache/ratis/ratis-server/2.3.0/ratis-server-2.3.0.jar:/home/runner/.m2/repository/org/apache/ratis/ratis-client/2.3.0/ratis-client-2.3.0.jar:/home/runner/.m2/repository/org/apache/ratis/ratis-server-api/2.3.0/ratis-server-api-2.3.0.jar:/home/runner/.m2/repository/org/apache/ratis/ratis-metrics/2.3.0/ratis-metrics-2.3.0.jar:/home/runner/.m2/repository/org/apache/ratis/ratis-netty/2.3.0/ratis-netty-2.3.0.jar:/home/runner/.m2/repository/org/apache/ratis/ratis-grpc/2.3.0/ratis-grpc-2.3.0.jar:/home/runner/.m2/repository/org/apache/logging/log4j/log4j-api/2.17.1/log4j-api-2.17.1.jar:/home/runner/.m2/repository/org/apache/commons/commons-pool2/2.6.0/commons-pool2-2.6.0.jar:/home/runner/.m2/repository/org/bouncycastle/bcpkix-jdk15on/1.67/bcpkix-jdk15on-1.67.jar:/home/runner/.m2/repository/commons-validator/commons-validator/1.6/commons-validator-1.6.jar:/home/runner/.m2/repository/commons-beanutils/commons-beanutils/1.9.4/commons-beanutils-1.9.4.jar:/home/runner/.m2/repository/commons-digester/commons-digester/1.8.1/commons-digester-1.8.1.jar:/home/runner/.m2/repository/commons-collections/commons-collections/3.2.2/commons-collections-3.2.2.jar:/home/runner/.m2/repository/io/jaegertracing/jaeger-client/1.6.0/jaeger-client-1.6.0.jar:/home/runner/.m2/repository/io/jaegertracing/jaeger-thrift/1.6.0/jaeger-thrift-1.6.0.jar:/home/runner/.m2/repository/org/apache/thrift/libthrift/0.14.1/libthrift-0.14.1.jar:/home/runner/.m2/repository/com/squareup/okhttp3/okhttp/4.9.0/okhttp-4.9.0.jar:/home/runner/.m2/repository/com/squareup/okio/okio/2.8.0/okio-2.8.0.jar:/home/runner/.m2/repository/io/jaegertracing/jaeger-core/1.6.0/jaeger-core-1.6.0.jar:/home/runner/.m2/repository/io/jaegertracing/jaeger-tracerresolver/1.6.0/jaeger-tracerresolver-1.6.0.jar:/home/runner/.m2/repository/io/opentracing/contrib/opentracing-tracerresolver/0.1.8/opentracing-tracerresolver-0.1.8.jar:/home/runner/.m2/repository/org/jetbrains/kotlin/kotlin-stdlib/1.6.21/kotlin-stdlib-1.6.21.jar:/home/runner/.m2/repository/org/jetbrains/kotlin/kotlin-stdlib-common/1.6.21/kotlin-stdlib-common-1.6.21.jar:/home/runner/.m2/repository/org/jetbrains/annotations/13.0/annotations-13.0.jar:/home/runner/.m2/repository/io/opentracing/opentracing-util/0.33.0/opentracing-util-0.33.0.jar:/home/runner/.m2/repository/io/opentracing/opentracing-api/0.33.0/opentracing-api-0.33.0.jar:/home/runner/.m2/repository/io/opentracing/opentracing-noop/0.33.0/opentracing-noop-0.33.0.jar:/home/runner/.m2/repository/org/yaml/snakeyaml/1.26/snakeyaml-1.26.jar:/home/runner/.m2/repository/org/apache/ozone/hdds-interface-admin/1.3.0-SNAPSHOT/hdds-interface-admin-1.3.0-SNAPSHOT.jar:/home/runner/.m2/repository/junit/junit/4.13.1/junit-4.13.1.jar:/home/runner/.m2/repository/org/hamcrest/hamcrest-core/1.3/hamcrest-core-1.3.jar:/home/runner/.m2/repository/org/junit/jupiter/junit-jupiter-api/5.8.2/junit-jupiter-api-5.8.2.jar:/home/runner/.m2/repository/org/opentest4j/opentest4j/1.2.0/opentest4j-1.2.0.jar:/home/runner/.m2/repository/org/junit/platform/junit-platform-commons/1.8.2/junit-platform-commons-1.8.2.jar:/home/runner/.m2/repository/org/apiguardian/apiguardian-api/1.1.2/apiguardian-api-1.1.2.jar:/home/runner/.m2/repository/org/junit/jupiter/junit-jupiter-params/5.8.2/junit-jupiter-params-5.8.2.jar:/home/runner/.m2/repository/org/junit/jupiter/junit-jupiter-migrationsupport/5.8.2/junit-jupiter-migrationsupport-5.8.2.jar:/home/runner/.m2/repository/org/junit/jupiter/junit-jupiter-engine/5.8.2/junit-jupiter-engine-5.8.2.jar:/home/runner/.m2/repository/org/junit/platform/junit-platform-engine/1.8.2/junit-platform-engine-1.8.2.jar:/home/runner/.m2/repository/org/junit/vintage/junit-vintage-engine/5.8.2/junit-vintage-engine-5.8.2.jar:/home/runner/.m2/repository/org/junit/platform/junit-platform-launcher/1.8.2/junit-platform-launcher-1.8.2.jar:/home/runner/.m2/repository/org/mockito/mockito-core/2.28.2/mockito-core-2.28.2.jar:/home/runner/.m2/repository/net/bytebuddy/byte-buddy/1.9.10/byte-buddy-1.9.10.jar:/home/runner/.m2/repository/net/bytebuddy/byte-buddy-agent/1.9.10/byte-buddy-agent-1.9.10.jar:/home/runner/.m2/repository/org/objenesis/objenesis/1.0/objenesis-1.0.jar:/home/runner/.m2/repository/org/apache/hadoop/hadoop-kms/3.3.1/hadoop-kms-3.3.1.jar:/home/runner/.m2/repository/org/apache/hadoop/hadoop-auth/3.3.1/hadoop-auth-3.3.1.jar:/home/runner/.m2/repository/com/nimbusds/nimbus-jose-jwt/7.9/nimbus-jose-jwt-7.9.jar:/home/runner/.m2/repository/com/github/stephenc/jcip/jcip-annotations/1.0-1/jcip-annotations-1.0-1.jar:/home/runner/.m2/repository/net/minidev/json-smart/2.4.7/json-smart-2.4.7.jar:/home/runner/.m2/repository/net/minidev/accessors-smart/2.4.7/accessors-smart-2.4.7.jar:/home/runner/.m2/repository/org/ow2/asm/asm/5.0.4/asm-5.0.4.jar:/home/runner/.m2/repository/org/apache/zookeeper/zookeeper/3.5.6/zookeeper-3.5.6.jar:/home/runner/.m2/repository/org/apache/zookeeper/zookeeper-jute/3.5.6/zookeeper-jute-3.5.6.jar:/home/runner/.m2/repository/org/apache/yetus/audience-annotations/0.5.0/audience-annotations-0.5.0.jar:/home/runner/.m2/repository/org/apache/curator/curator-framework/4.2.0/curator-framework-4.2.0.jar:/home/runner/.m2/repository/org/apache/hadoop/thirdparty/hadoop-shaded-guava/1.1.1/hadoop-shaded-guava-1.1.1.jar:/home/runner/.m2/repository/com/sun/jersey/jersey-core/1.19/jersey-core-1.19.jar:/home/runner/.m2/repository/javax/ws/rs/jsr311-api/1.1.1/jsr311-api-1.1.1.jar:/home/runner/.m2/repository/com/sun/jersey/jersey-server/1.19/jersey-server-1.19.jar:/home/runner/.m2/repository/javax/servlet/javax.servlet-api/3.1.0/javax.servlet-api-3.1.0.jar:/home/runner/.m2/repository/org/eclipse/jetty/jetty-server/9.4.43.v20210629/jetty-server-9.4.43.v20210629.jar:/home/runner/.m2/repository/org/eclipse/jetty/jetty-http/9.4.43.v20210629/jetty-http-9.4.43.v20210629.jar:/home/runner/.m2/repository/org/eclipse/jetty/jetty-io/9.4.43.v20210629/jetty-io-9.4.43.v20210629.jar:/home/runner/.m2/repository/org/eclipse/jetty/jetty-webapp/9.4.43.v20210629/jetty-webapp-9.4.43.v20210629.jar:/home/runner/.m2/repository/org/eclipse/jetty/jetty-xml/9.4.43.v20210629/jetty-xml-9.4.43.v20210629.jar:/home/runner/.m2/repository/org/apache/hadoop/hadoop-common/3.3.1/hadoop-common-3.3.1.jar:/home/runner/.m2/repository/org/apache/commons/commons-math3/3.1.1/commons-math3-3.1.1.jar:/home/runner/.m2/repository/commons-net/commons-net/3.6/commons-net-3.6.jar:/home/runner/.m2/repository/com/sun/jersey/jersey-servlet/1.19/jersey-servlet-1.19.jar:/home/runner/.m2/repository/com/sun/jersey/jersey-json/1.19/jersey-json-1.19.jar:/home/runner/.m2/repository/org/codehaus/jettison/jettison/1.1/jettison-1.1.jar:/home/runner/.m2/repository/com/sun/xml/bind/jaxb-impl/2.2.3-1/jaxb-impl-2.2.3-1.jar:/home/runner/.m2/repository/org/codehaus/jackson/jackson-xc/1.9.2/jackson-xc-1.9.2.jar:/home/runner/.m2/repository/org/apache/commons/commons-configuration2/2.1.1/commons-configuration2-2.1.1.jar:/home/runner/.m2/repository/org/apache/commons/commons-text/1.4/commons-text-1.4.jar:/home/runner/.m2/repository/com/google/re2j/re2j/1.1/re2j-1.1.jar:/home/runner/.m2/repository/com/jcraft/jsch/0.1.54/jsch-0.1.54.jar:/home/runner/.m2/repository/org/apache/curator/curator-client/4.2.0/curator-client-4.2.0.jar:/home/runner/.m2/repository/org/apache/curator/curator-recipes/4.2.0/curator-recipes-4.2.0.jar:/home/runner/.m2/repository/org/apache/kerby/kerb-core/1.0.1/kerb-core-1.0.1.jar:/home/runner/.m2/repository/org/apache/kerby/kerby-pkix/1.0.1/kerby-pkix-1.0.1.jar:/home/runner/.m2/repository/org/apache/kerby/kerby-asn1/1.0.1/kerby-asn1-1.0.1.jar:/home/runner/.m2/repository/org/apache/kerby/kerby-util/1.0.1/kerby-util-1.0.1.jar:/home/runner/.m2/repository/dnsjava/dnsjava/2.1.7/dnsjava-2.1.7.jar:/home/runner/.m2/repository/org/xerial/snappy/snappy-java/1.1.8.2/snappy-java-1.1.8.2.jar:/home/runner/.m2/repository/org/slf4j/jul-to-slf4j/1.7.30/jul-to-slf4j-1.7.30.jar:/home/runner/.m2/repository/org/eclipse/jetty/jetty-util/9.4.43.v20210629/jetty-util-9.4.43.v20210629.jar:/home/runner/.m2/repository/com/fasterxml/jackson/core/jackson-databind/2.13.2.2/jackson-databind-2.13.2.2.jar:/home/runner/.m2/repository/org/apache/hadoop/hadoop-kms/3.3.1/hadoop-kms-3.3.1-tests.jar:/home/runner/.m2/repository/org/apache/ozone/hdds-server-scm/1.3.0-SNAPSHOT/hdds-server-scm-1.3.0-SNAPSHOT-tests.jar:/home/runner/.m2/repository/org/apache/ozone/hdds-container-service/1.3.0-SNAPSHOT/hdds-container-service-1.3.0-SNAPSHOT-tests.jar:/home/runner/.m2/repository/commons-codec/commons-codec/1.11/commons-codec-1.11.jar:/home/runner/.m2/repository/io/netty/netty-codec/4.1.74.Final/netty-codec-4.1.74.Final.jar:/home/runner/.m2/repository/io/netty/netty-handler/4.1.74.Final/netty-handler-4.1.74.Final.jar:/home/runner/.m2/repository/org/apache/ozone/hdds-hadoop-dependency-test/1.3.0-SNAPSHOT/hdds-hadoop-dependency-test-1.3.0-SNAPSHOT.jar:/home/runner/.m2/repository/org/apache/hadoop/hadoop-common/3.3.1/hadoop-common-3.3.1-tests.jar:/home/runner/.m2/repository/org/assertj/assertj-core/3.12.2/assertj-core-3.12.2.jar:/home/runner/.m2/repository/org/apache/hadoop/hadoop-hdfs/3.3.1/hadoop-hdfs-3.3.1-tests.jar:/home/runner/.m2/repository/org/eclipse/jetty/jetty-util-ajax/9.4.43.v20210629/jetty-util-ajax-9.4.43.v20210629.jar:/home/runner/.m2/repository/commons-daemon/commons-daemon/1.0.13/commons-daemon-1.0.13.jar:/home/runner/.m2/repository/io/netty/netty/3.10.6.Final/netty-3.10.6.Final.jar:/home/runner/.m2/repository/io/netty/netty-all/4.1.74.Final/netty-all-4.1.74.Final.jar:/home/runner/.m2/repository/io/netty/netty-codec-dns/4.1.74.Final/netty-codec-dns-4.1.74.Final.jar:/home/runner/.m2/repository/io/netty/netty-codec-haproxy/4.1.74.Final/netty-codec-haproxy-4.1.74.Final.jar:/home/runner/.m2/repository/io/netty/netty-codec-memcache/4.1.74.Final/netty-codec-memcache-4.1.74.Final.jar:/home/runner/.m2/repository/io/netty/netty-codec-mqtt/4.1.74.Final/netty-codec-mqtt-4.1.74.Final.jar:/home/runner/.m2/repository/io/netty/netty-codec-redis/4.1.74.Final/netty-codec-redis-4.1.74.Final.jar:/home/runner/.m2/repository/io/netty/netty-codec-smtp/4.1.74.Final/netty-codec-smtp-4.1.74.Final.jar:/home/runner/.m2/repository/io/netty/netty-codec-stomp/4.1.74.Final/netty-codec-stomp-4.1.74.Final.jar:/home/runner/.m2/repository/io/netty/netty-codec-xml/4.1.74.Final/netty-codec-xml-4.1.74.Final.jar:/home/runner/.m2/repository/io/netty/netty-resolver-dns/4.1.74.Final/netty-resolver-dns-4.1.74.Final.jar:/home/runner/.m2/repository/io/netty/netty-transport-rxtx/4.1.74.Final/netty-transport-rxtx-4.1.74.Final.jar:/home/runner/.m2/repository/io/netty/netty-transport-sctp/4.1.74.Final/netty-transport-sctp-4.1.74.Final.jar:/home/runner/.m2/repository/io/netty/netty-transport-udt/4.1.74.Final/netty-transport-udt-4.1.74.Final.jar:/home/runner/.m2/repository/io/netty/netty-transport-classes-kqueue/4.1.74.Final/netty-transport-classes-kqueue-4.1.74.Final.jar:/home/runner/.m2/repository/io/netty/netty-resolver-dns-classes-macos/4.1.74.Final/netty-resolver-dns-classes-macos-4.1.74.Final.jar:/home/runner/.m2/repository/io/netty/netty-transport-native-epoll/4.1.74.Final/netty-transport-native-epoll-4.1.74.Final-linux-aarch_64.jar:/home/runner/.m2/repository/io/netty/netty-transport-native-kqueue/4.1.74.Final/netty-transport-native-kqueue-4.1.74.Final-osx-x86_64.jar:/home/runner/.m2/repository/io/netty/netty-transport-native-kqueue/4.1.74.Final/netty-transport-native-kqueue-4.1.74.Final-osx-aarch_64.jar:/home/runner/.m2/repository/io/netty/netty-resolver-dns-native-macos/4.1.74.Final/netty-resolver-dns-native-macos-4.1.74.Final-osx-x86_64.jar:/home/runner/.m2/repository/io/netty/netty-resolver-dns-native-macos/4.1.74.Final/netty-resolver-dns-native-macos-4.1.74.Final-osx-aarch_64.jar:/home/runner/.m2/repository/org/apache/htrace/htrace-core4/4.1.0-incubating/htrace-core4-4.1.0-incubating.jar:/home/runner/.m2/repository/org/fusesource/leveldbjni/leveldbjni-all/1.8/leveldbjni-all-1.8.jar:/home/runner/.m2/repository/org/apache/hadoop/hadoop-distcp/3.3.1/hadoop-distcp-3.3.1.jar:/home/runner/.m2/repository/org/apache/hadoop/hadoop-mapreduce-client-jobclient/3.3.1/hadoop-mapreduce-client-jobclient-3.3.1.jar:/home/runner/.m2/repository/org/apache/hadoop/hadoop-mapreduce-client-common/3.3.1/hadoop-mapreduce-client-common-3.3.1.jar:/home/runner/.m2/repository/org/apache/hadoop/hadoop-yarn-common/3.3.1/hadoop-yarn-common-3.3.1.jar:/home/runner/.m2/repository/org/apache/hadoop/hadoop-yarn-api/3.3.1/hadoop-yarn-api-3.3.1.jar:/home/runner/.m2/repository/com/sun/jersey/contribs/jersey-guice/1.19/jersey-guice-1.19.jar:/home/runner/.m2/repository/com/fasterxml/jackson/jaxrs/jackson-jaxrs-json-provider/2.13.2/jackson-jaxrs-json-provider-2.13.2.jar:/home/runner/.m2/repository/com/fasterxml/jackson/jaxrs/jackson-jaxrs-base/2.13.2/jackson-jaxrs-base-2.13.2.jar:/home/runner/.m2/repository/org/apache/hadoop/hadoop-yarn-client/3.3.1/hadoop-yarn-client-3.3.1.jar:/home/runner/.m2/repository/org/eclipse/jetty/websocket/websocket-client/9.4.40.v20210413/websocket-client-9.4.40.v20210413.jar:/home/runner/.m2/repository/org/eclipse/jetty/websocket/websocket-common/9.4.40.v20210413/websocket-common-9.4.40.v20210413.jar:/home/runner/.m2/repository/org/eclipse/jetty/websocket/websocket-api/9.4.40.v20210413/websocket-api-9.4.40.v20210413.jar:/home/runner/.m2/repository/org/jline/jline/3.9.0/jline-3.9.0.jar:/home/runner/.m2/repository/org/apache/hadoop/hadoop-mapreduce-client-core/3.3.1/hadoop-mapreduce-client-core-3.3.1.jar:/home/runner/.m2/repository/org/apache/avro/avro/1.7.7/avro-1.7.7.jar:/home/runner/.m2/repository/org/codehaus/jackson/jackson-core-asl/1.9.13/jackson-core-asl-1.9.13.jar:/home/runner/.m2/repository/org/codehaus/jackson/jackson-mapper-asl/1.9.13/jackson-mapper-asl-1.9.13.jar:/home/runner/.m2/repository/com/thoughtworks/paranamer/paranamer/2.3/paranamer-2.3.jar:/home/runner/.m2/repository/org/apache/hadoop/hadoop-annotations/3.3.1/hadoop-annotations-3.3.1.jar:/usr/lib/jvm/temurin-8-jdk-amd64/jre/../lib/tools.jar:/home/runner/.m2/repository/org/apache/hadoop/hadoop-distcp/3.3.1/hadoop-distcp-3.3.1-tests.jar:/home/runner/.m2/repository/org/apache/ratis/ratis-common/2.3.0/ratis-common-2.3.0.jar:/home/runner/.m2/repository/org/apache/ratis/ratis-thirdparty-misc/1.0.0/ratis-thirdparty-misc-1.0.0.jar:/home/runner/.m2/repository/org/apache/ratis/ratis-proto/2.3.0/ratis-proto-2.3.0.jar:/home/runner/.m2/repository/org/apache/ozone/ozone-annotation-processing/1.3.0-SNAPSHOT/ozone-annotation-processing-1.3.0-SNAPSHOT.jar:"/>
    <property name="sun.cpu.endian" value="little"/>
    <property name="user.home" value="/home/runner"/>
    <property name="user.language" value="en"/>
    <property name="java.specification.vendor" value="Oracle Corporation"/>
    <property name="java.home" value="/usr/lib/jvm/temurin-8-jdk-amd64/jre"/>
    <property name="java.security.krb5.conf" value="/home/runner/work/ozone/ozone/hadoop-ozone/integration-test/target/test-classes/krb5.conf"/>
    <property name="basedir" value="/home/runner/work/ozone/ozone/hadoop-ozone/integration-test"/>
    <property name="file.separator" value="/"/>
    <property name="line.separator" value="&#10;"/>
    <property name="java.vm.specification.vendor" value="Oracle Corporation"/>
    <property name="java.specification.name" value="Java Platform API Specification"/>
    <property name="java.awt.graphicsenv" value="sun.awt.X11GraphicsEnvironment"/>
    <property name="skip.installnpx" value="true"/>
    <property name="surefire.real.class.path" value="/home/runner/work/ozone/ozone/hadoop-ozone/integration-test/target/surefire/surefirebooter4641444657904120031.jar:/home/runner/.m2/repository/org/jacoco/org.jacoco.agent/0.8.5/org.jacoco.agent-0.8.5-runtime.jar"/>
    <property name="hadoop.log.dir" value="/home/runner/work/ozone/ozone/hadoop-ozone/integration-test/target/log"/>
    <property name="sun.boot.class.path" value="/usr/lib/jvm/temurin-8-jdk-amd64/jre/lib/resources.jar:/usr/lib/jvm/temurin-8-jdk-amd64/jre/lib/rt.jar:/usr/lib/jvm/temurin-8-jdk-amd64/jre/lib/sunrsasign.jar:/usr/lib/jvm/temurin-8-jdk-amd64/jre/lib/jsse.jar:/usr/lib/jvm/temurin-8-jdk-amd64/jre/lib/jce.jar:/usr/lib/jvm/temurin-8-jdk-amd64/jre/lib/charsets.jar:/usr/lib/jvm/temurin-8-jdk-amd64/jre/lib/jfr.jar:/usr/lib/jvm/temurin-8-jdk-amd64/jre/classes"/>
    <property name="sun.management.compiler" value="HotSpot 64-Bit Tiered Compilers"/>
    <property name="skip.npx" value="true"/>
    <property name="java.runtime.version" value="1.8.0_332-b09"/>
    <property name="java.net.preferIPv4Stack" value="true"/>
    <property name="user.name" value="runner"/>
    <property name="path.separator" value=":"/>
    <property name="java.security.egd" value="file:///dev/urandom"/>
    <property name="os.version" value="5.4.0-1085-azure"/>
    <property name="java.endorsed.dirs" value="/usr/lib/jvm/temurin-8-jdk-amd64/jre/lib/endorsed"/>
    <property name="java.runtime.name" value="OpenJDK Runtime Environment"/>
    <property name="file.encoding" value="UTF-8"/>
    <property name="java.vm.name" value="OpenJDK 64-Bit Server VM"/>
    <property name="test.build.webapps" value=""/>
    <property name="localRepository" value="/home/runner/.m2/repository"/>
    <property name="jetty.git.hash" value="526006ecfa3af7f1a27ef3a288e2bef7ea9dd7e8"/>
    <property name="java.vendor.url.bug" value="https://github.com/adoptium/adoptium-support/issues"/>
    <property name="java.io.tmpdir" value="/tmp"/>
    <property name="require.test.libhadoop" value=""/>
    <property name="java.version" value="1.8.0_332"/>
    <property name="user.dir" value="/home/runner/work/ozone/ozone/hadoop-ozone/integration-test"/>
    <property name="os.arch" value="amd64"/>
    <property name="java.vm.specification.name" value="Java Virtual Machine Specification"/>
    <property name="test.build.classes" value="/home/runner/work/ozone/ozone/hadoop-ozone/integration-test/target/test-classes"/>
    <property name="java.awt.printerjob" value="sun.print.PSPrinterJob"/>
    <property name="sun.os.patch.level" value="unknown"/>
    <property name="hadoop.tmp.dir" value="/home/runner/work/ozone/ozone/hadoop-ozone/integration-test/target/tmp"/>
    <property name="java.library.path" value="/usr/java/packages/lib/amd64:/usr/lib64:/lib64:/lib:/usr/lib"/>
    <property name="java.vm.info" value="mixed mode"/>
    <property name="java.vendor" value="Temurin"/>
    <property name="java.vm.version" value="25.332-b09"/>
    <property name="java.ext.dirs" value="/usr/lib/jvm/temurin-8-jdk-amd64/jre/lib/ext:/usr/java/packages/lib/ext"/>
    <property name="sun.io.unicode.encoding" value="UnicodeLittle"/>
    <property name="java.class.version" value="52.0"/>
  </properties>
  <testcase name="testGetTrashRoot" classname="TestOzoneFileSystem" time="31.528">
    <system-out><![CDATA[2022-06-24 23:44:47,997 [main] WARN  server.ServerUtils (ServerUtils.java:getScmDbDir(148)) - ozone.scm.db.dirs is not configured. We recommend adding this setting. Falling back to ozone.metadata.dirs instead.
2022-06-24 23:44:48,076 [main] WARN  server.ServerUtils (ServerUtils.java:getScmDbDir(148)) - ozone.scm.db.dirs is not configured. We recommend adding this setting. Falling back to ozone.metadata.dirs instead.
2022-06-24 23:44:48,080 [main] INFO  ha.SCMHANodeDetails (SCMHANodeDetails.java:loadSCMHAConfig(209)) - ServiceID for StorageContainerManager is null
2022-06-24 23:44:48,092 [main] WARN  ha.SCMHANodeDetails (SCMHANodeDetails.java:validateSCMHAConfig(182)) - Invalid config ozone.scm.ratis.enable. The config was not specified, but the default value true conflicts with the expected config value false. Falling back to the expected value. Current State of SCM: SCM is running in Non-HA without Ratis Ratis SCM -> Non Ratis SCM or Non HA SCM -> HA SCM is not supported
2022-06-24 23:44:48,092 [main] INFO  ha.SCMHANodeDetails (SCMHANodeDetails.java:loadSCMHAConfig(214)) - ozone.scm.default.service.id is not defined, falling back to ozone.scm.service.ids to find serviceID for StorageContainerManager if it is HA enabled cluster
2022-06-24 23:44:48,602 [main] WARN  utils.HAUtils (HAUtils.java:getMetaDir(342)) - ozone.scm.db.dirs is not configured. We recommend adding this setting. Falling back to ozone.metadata.dirs instead.
2022-06-24 23:44:48,806 [main] WARN  db.DBStoreBuilder (DBStoreBuilder.java:applyDBDefinition(145)) - ozone.scm.db.dirs is not configured. We recommend adding this setting. Falling back to ozone.metadata.dirs instead.
2022-06-24 23:44:49,018 [main] INFO  net.NodeSchemaLoader (NodeSchemaLoader.java:loadSchemaFromFile(129)) - Loading schema from [jar:file:/home/runner/.m2/repository/org/apache/ozone/hdds-common/1.3.0-SNAPSHOT/hdds-common-1.3.0-SNAPSHOT.jar!/network-topology-default.xml]
2022-06-24 23:44:49,019 [main] INFO  net.NodeSchemaLoader (NodeSchemaLoader.java:loadSchema(176)) - Loading network topology layer schema file
2022-06-24 23:44:49,069 [main] INFO  metrics.MetricRegistries (MetricRegistriesLoader.java:load(64)) - Loaded MetricRegistries class org.apache.ratis.metrics.impl.MetricRegistriesImpl
2022-06-24 23:44:49,080 [main] INFO  upgrade.AbstractLayoutVersionManager (AbstractLayoutVersionManager.java:init(82)) - Initializing Layout version manager with metadata layout = DATANODE_SCHEMA_V3 (version = 4), software layout = DATANODE_SCHEMA_V3 (version = 4)
2022-06-24 23:44:49,326 [main] INFO  reflections.Reflections (Reflections.java:scan(232)) - Reflections took 148 ms to scan 7 urls, producing 131 keys and 316 values 
2022-06-24 23:44:49,435 [main] INFO  ha.SequenceIdGenerator (SequenceIdGenerator.java:upgradeToSequenceId(347)) - upgrade localId to 109611004723200000
2022-06-24 23:44:49,435 [main] INFO  ha.SequenceIdGenerator (SequenceIdGenerator.java:upgradeToSequenceId(357)) - upgrade delTxnId to 0
2022-06-24 23:44:49,439 [main] INFO  ha.SequenceIdGenerator (SequenceIdGenerator.java:upgradeToSequenceId(374)) - upgrade containerId to 0
2022-06-24 23:44:49,441 [main] INFO  ha.SequenceIdGenerator (SequenceIdGenerator.java:<init>(218)) - Init the HA SequenceIdGenerator.
2022-06-24 23:44:49,484 [main] WARN  server.ServerUtils (ServerUtils.java:sanitizeUserArgs(73)) - ozone.scm.stale.node.interval value = 300000 is larger than max = 100000 based on the key value of ozone.scm.heartbeat.thread.interval, reset to the max value 100000.
2022-06-24 23:44:49,485 [main] WARN  server.ServerUtils (ServerUtils.java:sanitizeUserArgs(73)) - ozone.scm.stale.node.interval value = 300000 is larger than max = 100000 based on the key value of ozone.scm.heartbeat.thread.interval, reset to the max value 100000.
2022-06-24 23:44:49,492 [main] INFO  node.SCMNodeManager (SCMNodeManager.java:<init>(149)) - Entering startup safe mode.
2022-06-24 23:44:49,563 [main] INFO  algorithms.ContainerPlacementPolicyFactory (ContainerPlacementPolicyFactory.java:getPolicyInternal(86)) - Create container placement policy of type org.apache.hadoop.hdds.scm.container.placement.algorithms.SCMContainerPlacementRandom
2022-06-24 23:44:49,583 [main] INFO  pipeline.PipelineStateManagerImpl (PipelineStateManagerImpl.java:initialize(78)) - No pipeline exists in current db
2022-06-24 23:44:49,622 [main] INFO  algorithms.LeaderChoosePolicyFactory (LeaderChoosePolicyFactory.java:getPolicy(57)) - Create leader choose policy of type org.apache.hadoop.hdds.scm.pipeline.leader.choose.algorithms.MinLeaderCountChoosePolicy
2022-06-24 23:44:49,623 [main] INFO  algorithms.ContainerPlacementPolicyFactory (ContainerPlacementPolicyFactory.java:getPolicyInternal(86)) - Create container placement policy of type org.apache.hadoop.hdds.scm.container.placement.algorithms.SCMContainerPlacementRackScatter
2022-06-24 23:44:49,629 [main] INFO  pipeline.BackgroundPipelineCreator (BackgroundPipelineCreator.java:start(127)) - Starting RatisPipelineUtilsThread.
2022-06-24 23:44:49,634 [main] INFO  BackgroundPipelineScrubber (BackgroundSCMService.java:start(68)) - Starting BackgroundPipelineScrubber Service.
2022-06-24 23:44:49,635 [main] INFO  ha.SCMServiceManager (SCMServiceManager.java:register(42)) - Registering service BackgroundPipelineCreator.
2022-06-24 23:44:49,635 [main] INFO  ha.SCMServiceManager (SCMServiceManager.java:register(42)) - Registering service BackgroundPipelineScrubber.
2022-06-24 23:44:49,644 [main] INFO  ExpiredContainerReplicaOpScrubber (BackgroundSCMService.java:start(68)) - Starting ExpiredContainerReplicaOpScrubber Service.
2022-06-24 23:44:49,647 [main] INFO  ha.SCMServiceManager (SCMServiceManager.java:register(42)) - Registering service ExpiredContainerReplicaOpScrubber.
2022-06-24 23:44:49,679 [main] INFO  algorithms.PipelineChoosePolicyFactory (PipelineChoosePolicyFactory.java:createPipelineChoosePolicyFromClass(73)) - Create pipeline choose policy of type org.apache.hadoop.hdds.scm.pipeline.choose.algorithms.RandomPipelineChoosePolicy
2022-06-24 23:44:49,702 [main] INFO  ha.SCMServiceManager (SCMServiceManager.java:register(42)) - Registering service SCMBlockDeletingService.
2022-06-24 23:44:49,732 [main] INFO  ha.SCMServiceManager (SCMServiceManager.java:register(42)) - Registering service ReplicationManager.
2022-06-24 23:44:49,733 [main] INFO  replication.ReplicationManager (ReplicationManager.java:start(179)) - Starting Replication Monitor Thread.
2022-06-24 23:44:49,754 [ReplicationMonitor] INFO  replication.ReplicationManager (ReplicationManager.java:processAll(228)) - Replication Manager is not ready to run until 3000ms after safemode exit
2022-06-24 23:44:49,756 [main] INFO  safemode.ContainerSafeModeRule (ContainerSafeModeRule.java:<init>(89)) - containers with one replica threshold count 0
2022-06-24 23:44:49,766 [main] INFO  safemode.HealthyPipelineSafeModeRule (HealthyPipelineSafeModeRule.java:initializeRule(156)) - Total pipeline count is 0, healthy pipeline threshold count is 1
2022-06-24 23:44:49,770 [main] INFO  safemode.OneReplicaPipelineSafeModeRule (OneReplicaPipelineSafeModeRule.java:initializeRule(180)) - Total pipeline count is 0, pipeline's with at least one datanode reported threshold count is 0
2022-06-24 23:44:50,090 [main] INFO  audit.AuditLogger (AuditLogger.java:refreshDebugCmdSet(120)) - Refresh DebugCmdSet for SCMAudit to [].
2022-06-24 23:44:50,122 [main] INFO  ipc.CallQueueManager (CallQueueManager.java:<init>(90)) - Using callQueue: class java.util.concurrent.LinkedBlockingQueue, queueCapacity: 2000, scheduler: class org.apache.hadoop.ipc.DefaultRpcScheduler, ipcBackoff: false.
2022-06-24 23:44:50,161 [Socket Reader #1 for port 0] INFO  ipc.Server (Server.java:run(1265)) - Starting Socket Reader #1 for port 0
2022-06-24 23:44:50,215 [Listener at 0.0.0.0/42479] INFO  audit.AuditLogger (AuditLogger.java:refreshDebugCmdSet(120)) - Refresh DebugCmdSet for SCMAudit to [].
2022-06-24 23:44:50,220 [Listener at 0.0.0.0/42479] INFO  ipc.CallQueueManager (CallQueueManager.java:<init>(90)) - Using callQueue: class java.util.concurrent.LinkedBlockingQueue, queueCapacity: 2000, scheduler: class org.apache.hadoop.ipc.DefaultRpcScheduler, ipcBackoff: false.
2022-06-24 23:44:50,221 [Socket Reader #1 for port 0] INFO  ipc.Server (Server.java:run(1265)) - Starting Socket Reader #1 for port 0
2022-06-24 23:44:50,247 [Listener at 0.0.0.0/39163] INFO  audit.AuditLogger (AuditLogger.java:refreshDebugCmdSet(120)) - Refresh DebugCmdSet for SCMAudit to [].
2022-06-24 23:44:50,258 [Listener at 0.0.0.0/39163] INFO  ipc.CallQueueManager (CallQueueManager.java:<init>(90)) - Using callQueue: class java.util.concurrent.LinkedBlockingQueue, queueCapacity: 2000, scheduler: class org.apache.hadoop.ipc.DefaultRpcScheduler, ipcBackoff: false.
2022-06-24 23:44:50,263 [Socket Reader #1 for port 0] INFO  ipc.Server (Server.java:run(1265)) - Starting Socket Reader #1 for port 0
2022-06-24 23:44:50,329 [Listener at 0.0.0.0/38399] INFO  ha.SCMServiceManager (SCMServiceManager.java:register(42)) - Registering service ContainerBalancer.
2022-06-24 23:44:50,331 [Listener at 0.0.0.0/38399] INFO  server.StorageContainerManager (StorageContainerManager.java:<init>(400)) - 
Container Balancer status:
Key                            Value
Running                        false
Container Balancer Configuration values:
Key                                                Value
Threshold                                          10
Max Datanodes to Involve per Iteration(percent)    20
Max Size to Move per Iteration                     500GB
Max Size Entering Target per Iteration             26GB
Max Size Leaving Source per Iteration              26GB

2022-06-24 23:44:50,333 [Listener at 0.0.0.0/38399] WARN  events.EventQueue (EventQueue.java:fireEvent(216)) - No event handler registered for event TypedEvent{payloadType=SafeModeStatus, name='Safe mode status'}
2022-06-24 23:44:50,333 [Listener at 0.0.0.0/38399] INFO  ha.SCMContext (SCMContext.java:updateSafeModeStatus(228)) - Update SafeModeStatus from SafeModeStatus{safeModeStatus=true, preCheckPassed=false} to SafeModeStatus{safeModeStatus=true, preCheckPassed=false}.
2022-06-24 23:44:50,336 [Listener at 0.0.0.0/38399] INFO  server.StorageContainerManager (StorageContainerManager.java:start(1418)) - StorageContainerLocationProtocol RPC server is listening at /0.0.0.0:38399
2022-06-24 23:44:50,421 [Listener at 0.0.0.0/38399] WARN  impl.MetricsConfig (MetricsConfig.java:loadFirst(136)) - Cannot locate configuration: tried hadoop-metrics2-storagecontainermanager.properties,hadoop-metrics2.properties
2022-06-24 23:44:50,437 [Listener at 0.0.0.0/38399] INFO  impl.MetricsSystemImpl (MetricsSystemImpl.java:startTimer(378)) - Scheduled Metric snapshot period at 10 second(s).
2022-06-24 23:44:50,437 [Listener at 0.0.0.0/38399] INFO  impl.MetricsSystemImpl (MetricsSystemImpl.java:start(191)) - StorageContainerManager metrics system started
2022-06-24 23:44:50,735 [Listener at 0.0.0.0/38399] INFO  server.SCMClientProtocolServer (SCMClientProtocolServer.java:start(169)) - RPC server for Client  is listening at /0.0.0.0:38399
2022-06-24 23:44:50,739 [IPC Server Responder] INFO  ipc.Server (Server.java:run(1507)) - IPC Server Responder: starting
2022-06-24 23:44:50,740 [IPC Server listener on 0] INFO  ipc.Server (Server.java:run(1344)) - IPC Server listener on 0: starting
2022-06-24 23:44:50,747 [Listener at 0.0.0.0/38399] INFO  server.StorageContainerManager (StorageContainerManager.java:start(1433)) - ScmBlockLocationProtocol RPC server is listening at /0.0.0.0:39163
2022-06-24 23:44:50,748 [Listener at 0.0.0.0/38399] INFO  server.SCMBlockProtocolServer (SCMBlockProtocolServer.java:start(151)) - RPC server for Block Protocol is listening at /0.0.0.0:39163
2022-06-24 23:44:50,748 [IPC Server Responder] INFO  ipc.Server (Server.java:run(1507)) - IPC Server Responder: starting
2022-06-24 23:44:50,749 [IPC Server listener on 0] INFO  ipc.Server (Server.java:run(1344)) - IPC Server listener on 0: starting
2022-06-24 23:44:50,751 [Listener at 0.0.0.0/38399] INFO  server.SCMDatanodeProtocolServer (SCMDatanodeProtocolServer.java:start(185)) - ScmDatanodeProtocol RPC server for DataNodes is listening at /0.0.0.0:42479
2022-06-24 23:44:50,752 [IPC Server Responder] INFO  ipc.Server (Server.java:run(1507)) - IPC Server Responder: starting
2022-06-24 23:44:50,753 [IPC Server listener on 0] INFO  ipc.Server (Server.java:run(1344)) - IPC Server listener on 0: starting
2022-06-24 23:44:50,765 [org.apache.hadoop.util.JvmPauseMonitor$Monitor@33060020] INFO  util.JvmPauseMonitor (JvmPauseMonitor.java:run(188)) - Starting JVM pause monitor
2022-06-24 23:44:50,784 [Listener at 0.0.0.0/38399] INFO  http.BaseHttpServer (BaseHttpServer.java:newHttpServer2BuilderForOzone(209)) - Starting Web-server for scm at: http://0.0.0.0:0
2022-06-24 23:44:50,784 [Listener at 0.0.0.0/38399] INFO  http.BaseHttpServer (BaseHttpServer.java:<init>(107)) - Hadoop Security Enabled: false Ozone Security Enabled: false Ozone HTTP Security Enabled: false 
2022-06-24 23:44:50,811 [Listener at 0.0.0.0/38399] INFO  util.log (Log.java:initialized(170)) - Logging initialized @4391ms to org.eclipse.jetty.util.log.Slf4jLog
2022-06-24 23:44:50,922 [Listener at 0.0.0.0/38399] INFO  server.AuthenticationFilter (AuthenticationFilter.java:constructSecretProvider(240)) - Unable to initialize FileSignerSecretProvider, falling back to use random secrets.
2022-06-24 23:44:50,928 [Listener at 0.0.0.0/38399] WARN  http.HttpRequestLog (HttpRequestLog.java:getRequestLog(103)) - Jetty request log can only be enabled using Log4j
2022-06-24 23:44:50,935 [Listener at 0.0.0.0/38399] INFO  http.HttpServer2 (HttpServer2.java:addGlobalFilter(1029)) - Added global filter 'safety' (class=org.apache.hadoop.hdds.server.http.HttpServer2$QuotingInputFilter)
2022-06-24 23:44:50,938 [Listener at 0.0.0.0/38399] INFO  http.HttpServer2 (HttpServer2.java:addFilter(1005)) - Added filter static_user_filter (class=org.apache.hadoop.http.lib.StaticUserWebFilter$StaticUserFilter) to context scm
2022-06-24 23:44:50,938 [Listener at 0.0.0.0/38399] INFO  http.HttpServer2 (HttpServer2.java:addFilter(1013)) - Added filter static_user_filter (class=org.apache.hadoop.http.lib.StaticUserWebFilter$StaticUserFilter) to context static
2022-06-24 23:44:50,938 [Listener at 0.0.0.0/38399] INFO  http.HttpServer2 (HttpServer2.java:addFilter(1013)) - Added filter static_user_filter (class=org.apache.hadoop.http.lib.StaticUserWebFilter$StaticUserFilter) to context logs
2022-06-24 23:44:50,983 [Listener at 0.0.0.0/38399] INFO  http.HttpServer2 (HttpServer2.java:bindListener(1248)) - Jetty bound to port 33017
2022-06-24 23:44:50,986 [Listener at 0.0.0.0/38399] INFO  server.Server (Server.java:doStart(375)) - jetty-9.4.43.v20210629; built: 2021-06-30T11:07:22.254Z; git: 526006ecfa3af7f1a27ef3a288e2bef7ea9dd7e8; jvm 1.8.0_332-b09
2022-06-24 23:44:51,020 [Listener at 0.0.0.0/38399] INFO  server.session (DefaultSessionIdManager.java:doStart(334)) - DefaultSessionIdManager workerName=node0
2022-06-24 23:44:51,020 [Listener at 0.0.0.0/38399] INFO  server.session (DefaultSessionIdManager.java:doStart(339)) - No SessionScavenger set, using defaults
2022-06-24 23:44:51,022 [Listener at 0.0.0.0/38399] INFO  server.session (HouseKeeper.java:startScavenging(132)) - node0 Scavenging every 600000ms
2022-06-24 23:44:51,037 [Listener at 0.0.0.0/38399] INFO  handler.ContextHandler (ContextHandler.java:doStart(915)) - Started o.e.j.s.ServletContextHandler@360d3f47{logs,/logs,file:///home/runner/work/ozone/ozone/hadoop-ozone/integration-test/target/log,AVAILABLE}
2022-06-24 23:44:51,037 [Listener at 0.0.0.0/38399] INFO  handler.ContextHandler (ContextHandler.java:doStart(915)) - Started o.e.j.s.ServletContextHandler@37aea657{static,/static,file:///home/runner/work/ozone/ozone/hadoop-ozone/integration-test/target/test-classes/webapps/static,AVAILABLE}
2022-06-24 23:44:51,090 [Listener at 0.0.0.0/38399] INFO  handler.ContextHandler (ContextHandler.java:doStart(915)) - Started o.e.j.w.WebAppContext@6cac0334{scm,/,file:///home/runner/work/ozone/ozone/hadoop-ozone/integration-test/target/test-classes/webapps/scm/,AVAILABLE}{file:/home/runner/work/ozone/ozone/hadoop-ozone/integration-test/target/test-classes/webapps/scm}
2022-06-24 23:44:51,098 [Listener at 0.0.0.0/38399] INFO  server.AbstractConnector (AbstractConnector.java:doStart(331)) - Started ServerConnector@61ec2cb5{HTTP/1.1, (http/1.1)}{0.0.0.0:33017}
2022-06-24 23:44:51,099 [Listener at 0.0.0.0/38399] INFO  server.Server (Server.java:doStart(415)) - Started @4679ms
2022-06-24 23:44:51,101 [Listener at 0.0.0.0/38399] INFO  impl.MetricsSinkAdapter (MetricsSinkAdapter.java:start(204)) - Sink prometheus started
2022-06-24 23:44:51,102 [Listener at 0.0.0.0/38399] INFO  impl.MetricsSystemImpl (MetricsSystemImpl.java:registerSink(305)) - Registered sink prometheus
2022-06-24 23:44:51,103 [Listener at 0.0.0.0/38399] INFO  http.BaseHttpServer (BaseHttpServer.java:updateConnectorAddress(329)) - HTTP server of scm listening at http://0.0.0.0:33017
2022-06-24 23:44:51,104 [Listener at 0.0.0.0/38399] WARN  server.ServerUtils (ServerUtils.java:getDBPath(225)) - ozone.om.db.dirs is not configured. We recommend adding this setting. Falling back to ozone.metadata.dirs instead.
2022-06-24 23:44:51,155 [Listener at 0.0.0.0/38399] INFO  audit.AuditLogger (AuditLogger.java:refreshDebugCmdSet(120)) - Refresh DebugCmdSet for OMAudit to [].
2022-06-24 23:44:51,247 [Listener at 0.0.0.0/38399] INFO  ha.OMHANodeDetails (OMHANodeDetails.java:loadOMHAConfig(115)) - ozone.om.internal.service.id is not defined, falling back to ozone.om.service.ids to find serviceID for OzoneManager if it is HA enabled cluster
2022-06-24 23:44:51,250 [Listener at 0.0.0.0/38399] INFO  ha.OMHANodeDetails (OMHANodeDetails.java:loadOMHAConfig(226)) - Configuration does not have ozone.om.address set. Falling back to the default OM address /127.0.0.1:0
2022-06-24 23:44:51,250 [Listener at 0.0.0.0/38399] INFO  ha.OMHANodeDetails (OMHANodeDetails.java:getOMNodeDetailsForNonHA(254)) - OM Service ID is not set. Setting it to the default ID: omServiceIdDefault
2022-06-24 23:44:51,250 [Listener at 0.0.0.0/38399] INFO  ha.OMHANodeDetails (OMHANodeDetails.java:getOMNodeDetailsForNonHA(261)) - OM Node ID is not set. Setting it to the default ID: om1
2022-06-24 23:44:51,254 [Listener at 0.0.0.0/38399] WARN  server.ServerUtils (ServerUtils.java:getDBPath(225)) - ozone.om.db.dirs is not configured. We recommend adding this setting. Falling back to ozone.metadata.dirs instead.
2022-06-24 23:44:51,256 [Listener at 0.0.0.0/38399] INFO  upgrade.AbstractLayoutVersionManager (AbstractLayoutVersionManager.java:init(82)) - Initializing Layout version manager with metadata layout = MULTITENANCY_SCHEMA (version = 3), software layout = MULTITENANCY_SCHEMA (version = 3)
2022-06-24 23:44:51,350 [Listener at 0.0.0.0/38399] INFO  reflections.Reflections (Reflections.java:scan(232)) - Reflections took 89 ms to scan 2 urls, producing 152 keys and 429 values [using 2 cores]
2022-06-24 23:44:51,359 [Listener at 0.0.0.0/38399] INFO  upgrade.OMLayoutVersionManager (OMLayoutVersionManager.java:lambda$0(115)) - Skipping Upgrade Action MockOmUpgradeAction since it has been finalized.
2022-06-24 23:44:51,360 [Listener at 0.0.0.0/38399] WARN  server.ServerUtils (ServerUtils.java:getDBPath(225)) - ozone.om.db.dirs is not configured. We recommend adding this setting. Falling back to ozone.metadata.dirs instead.
2022-06-24 23:44:51,515 [Listener at 0.0.0.0/38399] INFO  proxy.SCMBlockLocationFailoverProxyProvider (SCMBlockLocationFailoverProxyProvider.java:<init>(114)) - Created block location fail-over proxy with 1 nodes: [nodeId=scmNodeId,nodeAddress=/0.0.0.0:39163]
2022-06-24 23:44:51,538 [Listener at 0.0.0.0/38399] INFO  proxy.SCMBlockLocationFailoverProxyProvider (SCMBlockLocationFailoverProxyProvider.java:<init>(114)) - Created block location fail-over proxy with 1 nodes: [nodeId=scmNodeId,nodeAddress=/0.0.0.0:39163]
2022-06-24 23:44:51,758 [Listener at 0.0.0.0/38399] WARN  server.ServerUtils (ServerUtils.java:getDBPath(225)) - ozone.om.db.dirs is not configured. We recommend adding this setting. Falling back to ozone.metadata.dirs instead.
2022-06-24 23:44:51,764 [Listener at 0.0.0.0/38399] INFO  codec.OmKeyInfoCodec (OmKeyInfoCodec.java:<init>(49)) - OmKeyInfoCodec ignorePipeline = true
2022-06-24 23:44:51,765 [Listener at 0.0.0.0/38399] INFO  codec.RepeatedOmKeyInfoCodec (RepeatedOmKeyInfoCodec.java:<init>(41)) - RepeatedOmKeyInfoCodec ignorePipeline = true
2022-06-24 23:44:51,952 [Listener at 0.0.0.0/38399] INFO  om.OzoneManager (OzoneManager.java:instantiateServices(692)) - S3 Multi-Tenancy is disabled
2022-06-24 23:44:52,031 [Listener at 0.0.0.0/38399] INFO  om.OzoneManager (OzoneManager.java:addS3GVolumeToDB(4259)) - Created Volume s3v With Owner runner required for S3Gateway operations.
2022-06-24 23:44:52,111 [Listener at 0.0.0.0/38399] WARN  server.ServerUtils (ServerUtils.java:getDefaultRatisDirectory(237)) - Storage directory for Ratis is not configured. It is a good idea to map this to an SSD disk. Falling back to ozone.metadata.dirs
2022-06-24 23:44:52,111 [Listener at 0.0.0.0/38399] WARN  utils.OzoneManagerRatisUtils (OzoneManagerRatisUtils.java:getOMRatisSnapshotDirectory(431)) - ozone.om.ratis.snapshot.dir is not configured. Falling back to ozone.metadata.dirs config
2022-06-24 23:44:52,132 [Listener at 0.0.0.0/38399] WARN  server.ServerUtils (ServerUtils.java:getDefaultRatisDirectory(237)) - Storage directory for Ratis is not configured. It is a good idea to map this to an SSD disk. Falling back to ozone.metadata.dirs
2022-06-24 23:44:52,167 [Listener at 0.0.0.0/38399] INFO  ratis.OzoneManagerRatisServer (OzoneManagerRatisServer.java:<init>(159)) - Instantiating OM Ratis server with groupID: omServiceIdDefault and peers: localhost:9872
2022-06-24 23:44:52,176 [Listener at 0.0.0.0/38399] INFO  ratis.OzoneManagerStateMachine (OzoneManagerStateMachine.java:loadSnapshotInfoFromDB(632)) - LastAppliedIndex is set from TransactionInfo from OM DB as (t:0, i:~)
2022-06-24 23:44:52,239 [Listener at 0.0.0.0/38399] INFO  server.RaftServer (ConfUtils.java:logGet(46)) - raft.rpc.type = GRPC (default)
2022-06-24 23:44:52,326 [Listener at 0.0.0.0/38399] INFO  grpc.GrpcFactory (GrpcFactory.java:checkPooledByteBufAllocatorUseCacheForAllThreads(48)) - PERFORMANCE WARNING: useCacheForAllThreads is true that may cause Netty to create a lot garbage objects and, as a result, trigger GC.
	It is recommended to disable useCacheForAllThreads by setting -Dorg.apache.ratis.thirdparty.io.netty.allocator.useCacheForAllThreads=false in command line.
2022-06-24 23:44:52,330 [Listener at 0.0.0.0/38399] INFO  grpc.GrpcConfigKeys (ConfUtils.java:logGet(46)) - raft.grpc.admin.port = -1 (default)
2022-06-24 23:44:52,331 [Listener at 0.0.0.0/38399] INFO  grpc.GrpcConfigKeys (ConfUtils.java:logGet(46)) - raft.grpc.server.port = 9872 (custom)
2022-06-24 23:44:52,331 [Listener at 0.0.0.0/38399] INFO  grpc.GrpcConfigKeys (ConfUtils.java:logGet(46)) - raft.grpc.client.port = -1 (default)
2022-06-24 23:44:52,332 [Listener at 0.0.0.0/38399] INFO  grpc.GrpcConfigKeys (ConfUtils.java:logGet(46)) - raft.grpc.server.port = 9872 (custom)
2022-06-24 23:44:52,332 [Listener at 0.0.0.0/38399] INFO  grpc.GrpcConfigKeys (ConfUtils.java:logGet(46)) - raft.grpc.server.port = 9872 (custom)
2022-06-24 23:44:52,334 [Listener at 0.0.0.0/38399] INFO  server.GrpcService (ConfUtils.java:logGet(46)) - raft.grpc.message.size.max = 33554432 (custom)
2022-06-24 23:44:52,335 [Listener at 0.0.0.0/38399] INFO  server.RaftServerConfigKeys (ConfUtils.java:logGet(46)) - raft.server.log.appender.buffer.byte-limit = 33554432 (custom)
2022-06-24 23:44:52,336 [Listener at 0.0.0.0/38399] INFO  server.GrpcService (ConfUtils.java:logGet(46)) - raft.grpc.flow.control.window = 1MB (=1048576) (default)
2022-06-24 23:44:52,336 [Listener at 0.0.0.0/38399] INFO  server.RaftServerConfigKeys (ConfUtils.java:logGet(46)) - raft.server.rpc.request.timeout = 3000ms (default)
2022-06-24 23:44:52,355 [Listener at 0.0.0.0/38399] INFO  grpc.GrpcConfigKeys (ConfUtils.java:logGet(46)) - raft.grpc.server.async.request.thread.pool.cached = true (default)
2022-06-24 23:44:52,357 [Listener at 0.0.0.0/38399] INFO  grpc.GrpcConfigKeys (ConfUtils.java:logGet(46)) - raft.grpc.server.async.request.thread.pool.size = 32 (default)
2022-06-24 23:44:52,687 [Listener at 0.0.0.0/38399] INFO  impl.DataStreamServerImpl (ConfUtils.java:logGet(46)) - raft.datastream.type = DISABLED (default)
2022-06-24 23:44:52,691 [Listener at 0.0.0.0/38399] INFO  server.RaftServerConfigKeys (ConfUtils.java:logGet(46)) - raft.server.threadpool.proxy.cached = true (default)
2022-06-24 23:44:52,692 [Listener at 0.0.0.0/38399] INFO  server.RaftServerConfigKeys (ConfUtils.java:logGet(46)) - raft.server.threadpool.proxy.size = 0 (default)
2022-06-24 23:44:52,693 [Listener at 0.0.0.0/38399] INFO  server.RaftServerConfigKeys (ConfUtils.java:logGet(46)) - raft.server.rpc.slowness.timeout = 120s (custom)
2022-06-24 23:44:52,693 [Listener at 0.0.0.0/38399] INFO  server.RaftServerConfigKeys (ConfUtils.java:logGet(46)) - raft.server.leaderelection.leader.step-down.wait-time = 10s (default)
2022-06-24 23:44:52,698 [Listener at 0.0.0.0/38399] INFO  server.RaftServerConfigKeys (ConfUtils.java:logGet(46)) - raft.server.storage.dir = [/home/runner/work/ozone/ozone/hadoop-ozone/integration-test/target/test-dir/MiniOzoneClusterImpl-85de49eb-2ce1-4613-814a-bfb310a11337/ozone-meta/ratis] (custom)
2022-06-24 23:44:52,707 [Listener at 0.0.0.0/38399] INFO  server.RaftServer (RaftServerProxy.java:addNew(96)) - om1: addNew group-C5BA1605619E:[om1|rpc:localhost:9872|priority:0] returns group-C5BA1605619E:java.util.concurrent.CompletableFuture@74a8d26c[Not completed]
2022-06-24 23:44:52,707 [Listener at 0.0.0.0/38399] INFO  om.OzoneManager (OzoneManager.java:initializeRatisServer(1961)) - OzoneManager Ratis server initialized at port 9872
2022-06-24 23:44:52,733 [Listener at 0.0.0.0/38399] INFO  om.OzoneManager (OzoneManager.java:getRpcServer(1081)) - Creating RPC Server
2022-06-24 23:44:52,746 [pool-55-thread-1] INFO  server.RaftServer$Division (RaftServerImpl.java:<init>(190)) - om1: new RaftServerImpl for group-C5BA1605619E:[om1|rpc:localhost:9872|priority:0] with OzoneManagerStateMachine:uninitialized
2022-06-24 23:44:52,748 [pool-55-thread-1] INFO  server.RaftServerConfigKeys (ConfUtils.java:logGet(46)) - raft.server.rpc.timeout.min = 1s (custom)
2022-06-24 23:44:52,751 [pool-55-thread-1] INFO  server.RaftServerConfigKeys (ConfUtils.java:logGet(46)) - raft.server.rpc.timeout.max = 1200ms (custom)
2022-06-24 23:44:52,751 [pool-55-thread-1] INFO  server.RaftServerConfigKeys (ConfUtils.java:logGet(46)) - raft.server.rpc.sleep.time = 25ms (default)
2022-06-24 23:44:52,751 [pool-55-thread-1] INFO  server.RaftServerConfigKeys (ConfUtils.java:logGet(46)) - raft.server.rpc.slowness.timeout = 120s (custom)
2022-06-24 23:44:52,751 [pool-55-thread-1] INFO  server.RaftServerConfigKeys (ConfUtils.java:logGet(46)) - raft.server.leaderelection.leader.step-down.wait-time = 10s (default)
2022-06-24 23:44:52,751 [pool-55-thread-1] INFO  server.RaftServerConfigKeys (ConfUtils.java:logGet(46)) - raft.server.sleep.deviation.threshold = 300ms (default)
2022-06-24 23:44:52,769 [pool-55-thread-1] INFO  server.RaftServer$Division (ServerState.java:<init>(107)) - om1@group-C5BA1605619E: ConfigurationManager, init=-1: [om1|rpc:localhost:9872|priority:0], old=null, confs=<EMPTY_MAP>
2022-06-24 23:44:52,769 [pool-55-thread-1] INFO  server.RaftServerConfigKeys (ConfUtils.java:logGet(46)) - raft.server.storage.dir = [/home/runner/work/ozone/ozone/hadoop-ozone/integration-test/target/test-dir/MiniOzoneClusterImpl-85de49eb-2ce1-4613-814a-bfb310a11337/ozone-meta/ratis] (custom)
2022-06-24 23:44:52,776 [pool-55-thread-1] INFO  server.RaftServerConfigKeys (ConfUtils.java:logGet(46)) - raft.server.log.corruption.policy = EXCEPTION (default)
2022-06-24 23:44:52,777 [pool-55-thread-1] INFO  server.RaftServerConfigKeys (ConfUtils.java:logGet(46)) - raft.server.storage.free-space.min = 0MB (=0) (default)
2022-06-24 23:44:52,778 [pool-55-thread-1] INFO  storage.RaftStorageDirectory (RaftStorageDirectoryImpl.java:analyzeStorage(135)) - The storage directory /home/runner/work/ozone/ozone/hadoop-ozone/integration-test/target/test-dir/MiniOzoneClusterImpl-85de49eb-2ce1-4613-814a-bfb310a11337/ozone-meta/ratis/bf265839-605b-3f16-9796-c5ba1605619e does not exist. Creating ...
2022-06-24 23:44:52,807 [pool-55-thread-1] INFO  storage.RaftStorageDirectory (RaftStorageDirectoryImpl.java:tryLock(230)) - Lock on /home/runner/work/ozone/ozone/hadoop-ozone/integration-test/target/test-dir/MiniOzoneClusterImpl-85de49eb-2ce1-4613-814a-bfb310a11337/ozone-meta/ratis/bf265839-605b-3f16-9796-c5ba1605619e/in_use.lock acquired by nodename 11308@fv-az21-224
2022-06-24 23:44:52,823 [pool-55-thread-1] INFO  storage.RaftStorage (RaftStorageImpl.java:format(89)) - Storage directory /home/runner/work/ozone/ozone/hadoop-ozone/integration-test/target/test-dir/MiniOzoneClusterImpl-85de49eb-2ce1-4613-814a-bfb310a11337/ozone-meta/ratis/bf265839-605b-3f16-9796-c5ba1605619e has been successfully formatted.
2022-06-24 23:44:52,835 [pool-55-thread-1] INFO  server.RaftServerConfigKeys (ConfUtils.java:logGet(46)) - raft.server.notification.no-leader.timeout = 120s (custom)
2022-06-24 23:44:52,837 [pool-55-thread-1] INFO  server.RaftServerConfigKeys (ConfUtils.java:logGet(46)) - raft.server.log.use.memory = false (default)
2022-06-24 23:44:52,856 [pool-55-thread-1] INFO  server.RaftServerConfigKeys (ConfUtils.java:logGet(46)) - raft.server.log.purge.gap = 1000000 (custom)
2022-06-24 23:44:52,856 [pool-55-thread-1] INFO  server.RaftServerConfigKeys (ConfUtils.java:logGet(46)) - raft.server.log.appender.buffer.byte-limit = 33554432 (custom)
2022-06-24 23:44:52,859 [pool-55-thread-1] INFO  server.RaftServerConfigKeys (ConfUtils.java:logGet(46)) - raft.server.log.statemachine.data.read.timeout = 1000ms (default)
2022-06-24 23:44:52,903 [pool-55-thread-1] INFO  server.RaftServerConfigKeys (ConfUtils.java:logGet(46)) - raft.server.log.segment.size.max = 4194304 (custom)
2022-06-24 23:44:52,941 [pool-55-thread-1] INFO  server.RaftServerConfigKeys (ConfUtils.java:logGet(46)) - raft.server.log.segment.cache.num.max = 2 (custom)
2022-06-24 23:44:52,941 [pool-55-thread-1] INFO  server.RaftServerConfigKeys (ConfUtils.java:logGet(46)) - raft.server.log.segment.cache.size.max = 200MB (=209715200) (default)
2022-06-24 23:44:52,951 [pool-55-thread-1] INFO  segmented.SegmentedRaftLogWorker (SegmentedRaftLogWorker.java:<init>(187)) - new om1@group-C5BA1605619E-SegmentedRaftLogWorker for RaftStorageImpl:Storage Directory /home/runner/work/ozone/ozone/hadoop-ozone/integration-test/target/test-dir/MiniOzoneClusterImpl-85de49eb-2ce1-4613-814a-bfb310a11337/ozone-meta/ratis/bf265839-605b-3f16-9796-c5ba1605619e
2022-06-24 23:44:52,952 [pool-55-thread-1] INFO  server.RaftServerConfigKeys (ConfUtils.java:logGet(46)) - raft.server.log.queue.byte-limit = 64MB (=67108864) (default)
2022-06-24 23:44:52,952 [pool-55-thread-1] INFO  server.RaftServerConfigKeys (ConfUtils.java:logGet(46)) - raft.server.log.queue.element-limit = 4096 (default)
2022-06-24 23:44:52,953 [pool-55-thread-1] INFO  server.RaftServerConfigKeys (ConfUtils.java:logGet(46)) - raft.server.log.segment.size.max = 4194304 (custom)
2022-06-24 23:44:52,954 [pool-55-thread-1] INFO  server.RaftServerConfigKeys (ConfUtils.java:logGet(46)) - raft.server.log.preallocated.size = 4194304 (custom)
2022-06-24 23:44:52,954 [pool-55-thread-1] INFO  server.RaftServerConfigKeys (ConfUtils.java:logGet(46)) - raft.server.log.force.sync.num = 128 (default)
2022-06-24 23:44:52,956 [pool-55-thread-1] INFO  server.RaftServerConfigKeys (ConfUtils.java:logGet(46)) - raft.server.log.statemachine.data.sync = true (default)
2022-06-24 23:44:52,956 [pool-55-thread-1] INFO  server.RaftServerConfigKeys (ConfUtils.java:logGet(46)) - raft.server.log.statemachine.data.sync.timeout = 10s (default)
2022-06-24 23:44:52,967 [pool-55-thread-1] INFO  server.RaftServerConfigKeys (ConfUtils.java:logGet(46)) - raft.server.log.statemachine.data.sync.timeout.retry = -1 (default)
2022-06-24 23:44:52,990 [pool-55-thread-1] INFO  server.RaftServerConfigKeys (ConfUtils.java:logGet(46)) - raft.server.log.write.buffer.size = 64KB (=65536) (default)
2022-06-24 23:44:52,990 [pool-55-thread-1] INFO  server.RaftServerConfigKeys (ConfUtils.java:logGet(46)) - raft.server.log.unsafe-flush.enabled = false (default)
2022-06-24 23:44:52,992 [pool-55-thread-1] INFO  server.RaftServerConfigKeys (ConfUtils.java:logGet(46)) - raft.server.log.statemachine.data.caching.enabled = false (default)
2022-06-24 23:44:52,999 [pool-55-thread-1] INFO  segmented.SegmentedRaftLogWorker (SegmentedRaftLogWorker.java:lambda$new$0(135)) - om1@group-C5BA1605619E-SegmentedRaftLogWorker: flushIndex: setUnconditionally 0 -> -1
2022-06-24 23:44:53,000 [pool-55-thread-1] INFO  segmented.SegmentedRaftLogWorker (SegmentedRaftLogWorker.java:lambda$new$0(135)) - om1@group-C5BA1605619E-SegmentedRaftLogWorker: safeCacheEvictIndex: setUnconditionally 0 -> -1
2022-06-24 23:44:53,006 [pool-55-thread-1] INFO  server.RaftServerConfigKeys (ConfUtils.java:logGet(46)) - raft.server.snapshot.auto.trigger.enabled = true (custom)
2022-06-24 23:44:53,007 [pool-55-thread-1] INFO  server.RaftServerConfigKeys (ConfUtils.java:logGet(46)) - raft.server.snapshot.auto.trigger.threshold = 400000 (default)
2022-06-24 23:44:53,007 [pool-55-thread-1] INFO  server.RaftServerConfigKeys (ConfUtils.java:logGet(46)) - raft.server.snapshot.retention.file.num = -1 (default)
2022-06-24 23:44:53,008 [pool-55-thread-1] INFO  server.RaftServerConfigKeys (ConfUtils.java:logGet(46)) - raft.server.log.purge.upto.snapshot.index = true (custom)
2022-06-24 23:44:53,010 [pool-55-thread-1] INFO  server.RaftServerConfigKeys (ConfUtils.java:logGet(46)) - raft.server.retrycache.expirytime = 300s (custom)
2022-06-24 23:44:53,010 [pool-55-thread-1] INFO  server.RaftServerConfigKeys (ConfUtils.java:logGet(46)) - raft.server.retrycache.statistics.expirytime = 100μs (default)
2022-06-24 23:44:53,140 [pool-55-thread-1] INFO  server.RaftServerConfigKeys (ConfUtils.java:logGet(46)) - raft.server.log.appender.install.snapshot.enabled = false (custom)
2022-06-24 23:44:53,140 [pool-55-thread-1] INFO  server.RaftServerConfigKeys (ConfUtils.java:logGet(46)) - raft.server.threadpool.server.cached = true (default)
2022-06-24 23:44:53,140 [pool-55-thread-1] INFO  server.RaftServerConfigKeys (ConfUtils.java:logGet(46)) - raft.server.threadpool.server.size = 0 (default)
2022-06-24 23:44:53,141 [pool-55-thread-1] INFO  server.RaftServerConfigKeys (ConfUtils.java:logGet(46)) - raft.server.threadpool.client.cached = true (default)
2022-06-24 23:44:53,141 [pool-55-thread-1] INFO  server.RaftServerConfigKeys (ConfUtils.java:logGet(46)) - raft.server.threadpool.client.size = 0 (default)
2022-06-24 23:44:53,612 [Listener at 0.0.0.0/38399] INFO  reflections.Reflections (Reflections.java:scan(232)) - Reflections took 807 ms to scan 19 urls, producing 66 keys and 4066 values [using 2 cores]
2022-06-24 23:44:53,777 [Listener at 0.0.0.0/38399] INFO  ipc.CallQueueManager (CallQueueManager.java:<init>(90)) - Using callQueue: class java.util.concurrent.LinkedBlockingQueue, queueCapacity: 2000, scheduler: class org.apache.hadoop.ipc.DefaultRpcScheduler, ipcBackoff: false.
2022-06-24 23:44:53,777 [Socket Reader #1 for port 0] INFO  ipc.Server (Server.java:run(1265)) - Starting Socket Reader #1 for port 0
2022-06-24 23:44:53,814 [Listener at 127.0.0.1/44795] INFO  impl.MetricsSystemImpl (MetricsSystemImpl.java:init(158)) - OzoneManager metrics system started (again)
2022-06-24 23:44:53,827 [Listener at 127.0.0.1/44795] INFO  om.OzoneManager (OzoneManager.java:start(1465)) - OzoneManager RPC server is listening at localhost/127.0.0.1:44795
2022-06-24 23:44:53,828 [Listener at 127.0.0.1/44795] INFO  ratis.OzoneManagerRatisServer (OzoneManagerRatisServer.java:start(554)) - Starting OzoneManagerRatisServer om1 at port 9872
2022-06-24 23:44:53,830 [om1-impl-thread1] INFO  server.RaftServer$Division (RaftServerImpl.java:start(310)) - om1@group-C5BA1605619E: start as a follower, conf=-1: [om1|rpc:localhost:9872|priority:0], old=null
2022-06-24 23:44:53,831 [om1-impl-thread1] INFO  server.RaftServer$Division (RaftServerImpl.java:setRole(299)) - om1@group-C5BA1605619E: changes role from      null to FOLLOWER at term 0 for startAsFollower
2022-06-24 23:44:53,832 [om1-impl-thread1] INFO  impl.RoleInfo (RoleInfo.java:updateAndGet(139)) - om1: start om1@group-C5BA1605619E-FollowerState
2022-06-24 23:44:53,833 [om1-impl-thread1] INFO  util.JmxRegister (JmxRegister.java:tryRegister(44)) - Successfully registered JMX Bean with object name Ratis:service=RaftServer,group=group-C5BA1605619E,id=om1
2022-06-24 23:44:53,840 [Listener at 127.0.0.1/44795] INFO  server.RaftServer (RaftServerProxy.java:lambda$start$6(382)) - om1: start RPC server
2022-06-24 23:44:53,905 [Listener at 127.0.0.1/44795] INFO  server.GrpcService (GrpcService.java:startImpl(260)) - om1: GrpcService started, listening on 9872
2022-06-24 23:44:53,908 [Listener at 127.0.0.1/44795] INFO  om.OzoneManager (OzoneManager.java:start(1481)) - Version File has different layout version (3) than OM DB (null). That is expected if this OM has never been finalized to a newer layout version.
2022-06-24 23:44:53,910 [org.apache.ratis.util.JvmPauseMonitor$$Lambda$627/395666382@6584b606] INFO  util.JvmPauseMonitor (JvmPauseMonitor.java:run(103)) - JvmPauseMonitor-om1: Started
2022-06-24 23:44:53,928 [Listener at 127.0.0.1/44795] INFO  http.BaseHttpServer (BaseHttpServer.java:newHttpServer2BuilderForOzone(209)) - Starting Web-server for ozoneManager at: http://0.0.0.0:0
2022-06-24 23:44:53,928 [Listener at 127.0.0.1/44795] INFO  http.BaseHttpServer (BaseHttpServer.java:<init>(107)) - Hadoop Security Enabled: false Ozone Security Enabled: false Ozone HTTP Security Enabled: false 
2022-06-24 23:44:53,930 [Listener at 127.0.0.1/44795] INFO  server.AuthenticationFilter (AuthenticationFilter.java:constructSecretProvider(240)) - Unable to initialize FileSignerSecretProvider, falling back to use random secrets.
2022-06-24 23:44:53,939 [Listener at 127.0.0.1/44795] WARN  http.HttpRequestLog (HttpRequestLog.java:getRequestLog(103)) - Jetty request log can only be enabled using Log4j
2022-06-24 23:44:53,941 [Listener at 127.0.0.1/44795] INFO  http.HttpServer2 (HttpServer2.java:addGlobalFilter(1029)) - Added global filter 'safety' (class=org.apache.hadoop.hdds.server.http.HttpServer2$QuotingInputFilter)
2022-06-24 23:44:53,942 [Listener at 127.0.0.1/44795] INFO  http.HttpServer2 (HttpServer2.java:addFilter(1005)) - Added filter static_user_filter (class=org.apache.hadoop.http.lib.StaticUserWebFilter$StaticUserFilter) to context ozoneManager
2022-06-24 23:44:53,942 [Listener at 127.0.0.1/44795] INFO  http.HttpServer2 (HttpServer2.java:addFilter(1013)) - Added filter static_user_filter (class=org.apache.hadoop.http.lib.StaticUserWebFilter$StaticUserFilter) to context logs
2022-06-24 23:44:53,942 [Listener at 127.0.0.1/44795] INFO  http.HttpServer2 (HttpServer2.java:addFilter(1013)) - Added filter static_user_filter (class=org.apache.hadoop.http.lib.StaticUserWebFilter$StaticUserFilter) to context static
2022-06-24 23:44:53,944 [Listener at 127.0.0.1/44795] INFO  http.HttpServer2 (HttpServer2.java:bindListener(1248)) - Jetty bound to port 34125
2022-06-24 23:44:53,945 [Listener at 127.0.0.1/44795] INFO  server.Server (Server.java:doStart(375)) - jetty-9.4.43.v20210629; built: 2021-06-30T11:07:22.254Z; git: 526006ecfa3af7f1a27ef3a288e2bef7ea9dd7e8; jvm 1.8.0_332-b09
2022-06-24 23:44:53,953 [Listener at 127.0.0.1/44795] INFO  server.session (DefaultSessionIdManager.java:doStart(334)) - DefaultSessionIdManager workerName=node0
2022-06-24 23:44:53,953 [Listener at 127.0.0.1/44795] INFO  server.session (DefaultSessionIdManager.java:doStart(339)) - No SessionScavenger set, using defaults
2022-06-24 23:44:53,953 [Listener at 127.0.0.1/44795] INFO  server.session (HouseKeeper.java:startScavenging(132)) - node0 Scavenging every 600000ms
2022-06-24 23:44:53,956 [Listener at 127.0.0.1/44795] INFO  handler.ContextHandler (ContextHandler.java:doStart(915)) - Started o.e.j.s.ServletContextHandler@4926f6d6{logs,/logs,file:///home/runner/work/ozone/ozone/hadoop-ozone/integration-test/target/log,AVAILABLE}
2022-06-24 23:44:53,957 [Listener at 127.0.0.1/44795] INFO  handler.ContextHandler (ContextHandler.java:doStart(915)) - Started o.e.j.s.ServletContextHandler@78f28dbb{static,/static,file:///home/runner/work/ozone/ozone/hadoop-ozone/integration-test/target/test-classes/webapps/static,AVAILABLE}
2022-06-24 23:44:53,961 [Listener at 127.0.0.1/44795] INFO  handler.ContextHandler (ContextHandler.java:doStart(915)) - Started o.e.j.w.WebAppContext@504d9fd1{ozoneManager,/,file:///home/runner/work/ozone/ozone/hadoop-ozone/integration-test/target/test-classes/webapps/ozoneManager/,AVAILABLE}{file:/home/runner/work/ozone/ozone/hadoop-ozone/integration-test/target/test-classes/webapps/ozoneManager}
2022-06-24 23:44:53,966 [Listener at 127.0.0.1/44795] INFO  server.AbstractConnector (AbstractConnector.java:doStart(331)) - Started ServerConnector@77187c70{HTTP/1.1, (http/1.1)}{0.0.0.0:34125}
2022-06-24 23:44:53,966 [Listener at 127.0.0.1/44795] INFO  server.Server (Server.java:doStart(415)) - Started @7546ms
2022-06-24 23:44:53,966 [Listener at 127.0.0.1/44795] WARN  impl.MetricsSystemImpl (MetricsSystemImpl.java:register(279)) - Sink prometheus already exists!
2022-06-24 23:44:53,967 [Listener at 127.0.0.1/44795] INFO  http.BaseHttpServer (BaseHttpServer.java:updateConnectorAddress(329)) - HTTP server of ozoneManager listening at http://0.0.0.0:34125
2022-06-24 23:44:53,967 [IPC Server Responder] INFO  ipc.Server (Server.java:run(1507)) - IPC Server Responder: starting
2022-06-24 23:44:53,968 [IPC Server listener on 0] INFO  ipc.Server (Server.java:run(1344)) - IPC Server listener on 0: starting
2022-06-24 23:44:54,015 [Listener at 127.0.0.1/44795] INFO  om.TrashPolicyOzone (TrashPolicyOzone.java:<init>(178)) - Ozone Manager trash configuration: Deletion interval = 0 minutes, Emptier interval = 0 minutes.
2022-06-24 23:44:54,031 [org.apache.hadoop.util.JvmPauseMonitor$Monitor@4bfdd751] INFO  util.JvmPauseMonitor (JvmPauseMonitor.java:run(188)) - Starting JVM pause monitor
2022-06-24 23:44:54,220 [Listener at 127.0.0.1/44795] WARN  impl.MetricRegistriesImpl (MetricRegistriesImpl.java:addReporterRegistration(111)) - New reporters are added after registries were created. Some metrics will be missing from the reporter. Please add reporter before adding any new registry.
2022-06-24 23:44:54,221 [Listener at 127.0.0.1/44795] WARN  impl.MetricRegistriesImpl (MetricRegistriesImpl.java:addReporterRegistration(111)) - New reporters are added after registries were created. Some metrics will be missing from the reporter. Please add reporter before adding any new registry.
2022-06-24 23:44:54,221 [Listener at 127.0.0.1/44795] INFO  impl.MetricsSystemImpl (MetricsSystemImpl.java:init(158)) - HddsDatanode metrics system started (again)
2022-06-24 23:44:54,238 [Listener at 127.0.0.1/44795] INFO  ozone.HddsDatanodeService (HddsDatanodeService.java:start(236)) - HddsDatanodeService host:fv-az21-224.v4iizcarkezebbfea14bcgzyke.bx.internal.cloudapp.net ip:10.1.0.24
2022-06-24 23:44:54,273 [Listener at 127.0.0.1/44795] INFO  upgrade.AbstractLayoutVersionManager (AbstractLayoutVersionManager.java:init(82)) - Initializing Layout version manager with metadata layout = DATANODE_SCHEMA_V3 (version = 4), software layout = DATANODE_SCHEMA_V3 (version = 4)
2022-06-24 23:44:54,318 [Listener at 127.0.0.1/44795] INFO  reflections.Reflections (Reflections.java:scan(232)) - Reflections took 44 ms to scan 7 urls, producing 131 keys and 316 values 
2022-06-24 23:44:54,321 [Listener at 127.0.0.1/44795] INFO  statemachine.DatanodeStateMachine (DatanodeStateMachine.java:getEndPointTaskThreadPoolSize(237)) - Datanode State Machine Task Thread Pool size 2
2022-06-24 23:44:54,378 [Listener at 127.0.0.1/44795] INFO  volume.HddsVolume (HddsVolume.java:<init>(116)) - Creating HddsVolume: /home/runner/work/ozone/ozone/hadoop-ozone/integration-test/target/test-dir/MiniOzoneClusterImpl-85de49eb-2ce1-4613-814a-bfb310a11337/datanode-0/data-0/containers/hdds of storage type : DISK capacity : 9223372036854775807
2022-06-24 23:44:54,381 [Listener at 127.0.0.1/44795] INFO  volume.MutableVolumeSet (MutableVolumeSet.java:initializeVolumeSet(174)) - Added Volume : /home/runner/work/ozone/ozone/hadoop-ozone/integration-test/target/test-dir/MiniOzoneClusterImpl-85de49eb-2ce1-4613-814a-bfb310a11337/datanode-0/data-0/containers/hdds to VolumeSet
2022-06-24 23:44:54,382 [Listener at 127.0.0.1/44795] INFO  volume.ThrottledAsyncChecker (ThrottledAsyncChecker.java:schedule(141)) - Scheduling a check for /home/runner/work/ozone/ozone/hadoop-ozone/integration-test/target/test-dir/MiniOzoneClusterImpl-85de49eb-2ce1-4613-814a-bfb310a11337/datanode-0/data-0/containers/hdds
2022-06-24 23:44:54,407 [Listener at 127.0.0.1/44795] INFO  volume.StorageVolumeChecker (StorageVolumeChecker.java:checkAllVolumes(202)) - Scheduled health check for volume /home/runner/work/ozone/ozone/hadoop-ozone/integration-test/target/test-dir/MiniOzoneClusterImpl-85de49eb-2ce1-4613-814a-bfb310a11337/datanode-0/data-0/containers/hdds
2022-06-24 23:44:54,424 [Listener at 127.0.0.1/44795] INFO  volume.MutableVolumeSet (MutableVolumeSet.java:initializeVolumeSet(174)) - Added Volume : /home/runner/work/ozone/ozone/hadoop-ozone/integration-test/target/test-dir/MiniOzoneClusterImpl-85de49eb-2ce1-4613-814a-bfb310a11337/datanode-0/data/ratis to VolumeSet
2022-06-24 23:44:54,425 [Listener at 127.0.0.1/44795] INFO  volume.ThrottledAsyncChecker (ThrottledAsyncChecker.java:schedule(141)) - Scheduling a check for /home/runner/work/ozone/ozone/hadoop-ozone/integration-test/target/test-dir/MiniOzoneClusterImpl-85de49eb-2ce1-4613-814a-bfb310a11337/datanode-0/data/ratis
2022-06-24 23:44:54,425 [Listener at 127.0.0.1/44795] INFO  volume.StorageVolumeChecker (StorageVolumeChecker.java:checkAllVolumes(202)) - Scheduled health check for volume /home/runner/work/ozone/ozone/hadoop-ozone/integration-test/target/test-dir/MiniOzoneClusterImpl-85de49eb-2ce1-4613-814a-bfb310a11337/datanode-0/data/ratis
2022-06-24 23:44:54,446 [Thread-134] INFO  ozoneimpl.ContainerReader (ContainerReader.java:readVolume(172)) - Finish verifying containers on volume /home/runner/work/ozone/ozone/hadoop-ozone/integration-test/target/test-dir/MiniOzoneClusterImpl-85de49eb-2ce1-4613-814a-bfb310a11337/datanode-0/data-0/containers/hdds
2022-06-24 23:44:54,446 [Listener at 127.0.0.1/44795] INFO  ozoneimpl.OzoneContainer (OzoneContainer.java:buildContainerSet(266)) - Build ContainerSet costs 0s
2022-06-24 23:44:54,491 [Listener at 127.0.0.1/44795] INFO  audit.AuditLogger (AuditLogger.java:refreshDebugCmdSet(120)) - Refresh DebugCmdSet for DNAudit to [].
2022-06-24 23:44:54,518 [Listener at 127.0.0.1/44795] INFO  server.RaftServer (ConfUtils.java:logGet(46)) - raft.rpc.type = GRPC (default)
2022-06-24 23:44:54,518 [Listener at 127.0.0.1/44795] INFO  grpc.GrpcFactory (GrpcFactory.java:checkPooledByteBufAllocatorUseCacheForAllThreads(48)) - PERFORMANCE WARNING: useCacheForAllThreads is true that may cause Netty to create a lot garbage objects and, as a result, trigger GC.
	It is recommended to disable useCacheForAllThreads by setting -Dorg.apache.ratis.thirdparty.io.netty.allocator.useCacheForAllThreads=false in command line.
2022-06-24 23:44:54,518 [Listener at 127.0.0.1/44795] INFO  grpc.GrpcConfigKeys (ConfUtils.java:logGet(46)) - raft.grpc.admin.port = 0 (custom)
2022-06-24 23:44:54,519 [Listener at 127.0.0.1/44795] INFO  grpc.GrpcConfigKeys (ConfUtils.java:logGet(46)) - raft.grpc.client.port = 0 (custom)
2022-06-24 23:44:54,519 [Listener at 127.0.0.1/44795] INFO  grpc.GrpcConfigKeys (ConfUtils.java:logGet(46)) - raft.grpc.server.port = 0 (default)
2022-06-24 23:44:54,519 [Listener at 127.0.0.1/44795] INFO  server.GrpcService (ConfUtils.java:logGet(46)) - raft.grpc.message.size.max = 32MB (=33554432) (custom)
2022-06-24 23:44:54,519 [Listener at 127.0.0.1/44795] INFO  server.RaftServerConfigKeys (ConfUtils.java:logGet(46)) - raft.server.log.appender.buffer.byte-limit = 33554432 (custom)
2022-06-24 23:44:54,519 [Listener at 127.0.0.1/44795] INFO  server.GrpcService (ConfUtils.java:logGet(46)) - raft.grpc.flow.control.window = 5MB (=5242880) (custom)
2022-06-24 23:44:54,519 [Listener at 127.0.0.1/44795] INFO  server.RaftServerConfigKeys (ConfUtils.java:logGet(46)) - raft.server.rpc.request.timeout = 60s (custom)
2022-06-24 23:44:54,520 [Listener at 127.0.0.1/44795] INFO  grpc.GrpcConfigKeys (ConfUtils.java:logGet(46)) - raft.grpc.server.async.request.thread.pool.cached = true (default)
2022-06-24 23:44:54,520 [Listener at 127.0.0.1/44795] INFO  grpc.GrpcConfigKeys (ConfUtils.java:logGet(46)) - raft.grpc.server.async.request.thread.pool.size = 32 (default)
2022-06-24 23:44:54,521 [Listener at 127.0.0.1/44795] INFO  impl.DataStreamServerImpl (ConfUtils.java:logGet(46)) - raft.datastream.type = DISABLED (default)
2022-06-24 23:44:54,521 [Listener at 127.0.0.1/44795] INFO  server.RaftServerConfigKeys (ConfUtils.java:logGet(46)) - raft.server.threadpool.proxy.cached = true (default)
2022-06-24 23:44:54,521 [Listener at 127.0.0.1/44795] INFO  server.RaftServerConfigKeys (ConfUtils.java:logGet(46)) - raft.server.threadpool.proxy.size = 0 (default)
2022-06-24 23:44:54,522 [Listener at 127.0.0.1/44795] INFO  server.RaftServerConfigKeys (ConfUtils.java:logGet(46)) - raft.server.rpc.slowness.timeout = 300s (custom)
2022-06-24 23:44:54,522 [Listener at 127.0.0.1/44795] INFO  server.RaftServerConfigKeys (ConfUtils.java:logGet(46)) - raft.server.leaderelection.leader.step-down.wait-time = 10s (default)
2022-06-24 23:44:54,522 [Listener at 127.0.0.1/44795] INFO  server.RaftServerConfigKeys (ConfUtils.java:logGet(46)) - raft.server.storage.dir = [/home/runner/work/ozone/ozone/hadoop-ozone/integration-test/target/test-dir/MiniOzoneClusterImpl-85de49eb-2ce1-4613-814a-bfb310a11337/datanode-0/data/ratis] (custom)
2022-06-24 23:44:54,542 [Listener at 127.0.0.1/44795] INFO  server.XceiverServerGrpc (XceiverServerGrpc.java:<init>(132)) - GrpcServer channel type EpollServerSocketChannel
2022-06-24 23:44:54,610 [Listener at 127.0.0.1/44795] INFO  http.BaseHttpServer (BaseHttpServer.java:newHttpServer2BuilderForOzone(209)) - Starting Web-server for hddsDatanode at: http://0.0.0.0:0
2022-06-24 23:44:54,610 [Listener at 127.0.0.1/44795] INFO  http.BaseHttpServer (BaseHttpServer.java:<init>(107)) - Hadoop Security Enabled: false Ozone Security Enabled: false Ozone HTTP Security Enabled: false 
2022-06-24 23:44:54,613 [Listener at 127.0.0.1/44795] INFO  server.AuthenticationFilter (AuthenticationFilter.java:constructSecretProvider(240)) - Unable to initialize FileSignerSecretProvider, falling back to use random secrets.
2022-06-24 23:44:54,614 [Listener at 127.0.0.1/44795] WARN  http.HttpRequestLog (HttpRequestLog.java:getRequestLog(103)) - Jetty request log can only be enabled using Log4j
2022-06-24 23:44:54,616 [Listener at 127.0.0.1/44795] INFO  http.HttpServer2 (HttpServer2.java:addGlobalFilter(1029)) - Added global filter 'safety' (class=org.apache.hadoop.hdds.server.http.HttpServer2$QuotingInputFilter)
2022-06-24 23:44:54,617 [Listener at 127.0.0.1/44795] INFO  http.HttpServer2 (HttpServer2.java:addFilter(1005)) - Added filter static_user_filter (class=org.apache.hadoop.http.lib.StaticUserWebFilter$StaticUserFilter) to context hddsDatanode
2022-06-24 23:44:54,617 [Listener at 127.0.0.1/44795] INFO  http.HttpServer2 (HttpServer2.java:addFilter(1013)) - Added filter static_user_filter (class=org.apache.hadoop.http.lib.StaticUserWebFilter$StaticUserFilter) to context static
2022-06-24 23:44:54,617 [Listener at 127.0.0.1/44795] INFO  http.HttpServer2 (HttpServer2.java:addFilter(1013)) - Added filter static_user_filter (class=org.apache.hadoop.http.lib.StaticUserWebFilter$StaticUserFilter) to context logs
2022-06-24 23:44:54,618 [Listener at 127.0.0.1/44795] INFO  http.HttpServer2 (HttpServer2.java:bindListener(1248)) - Jetty bound to port 36447
2022-06-24 23:44:54,618 [Listener at 127.0.0.1/44795] INFO  server.Server (Server.java:doStart(375)) - jetty-9.4.43.v20210629; built: 2021-06-30T11:07:22.254Z; git: 526006ecfa3af7f1a27ef3a288e2bef7ea9dd7e8; jvm 1.8.0_332-b09
2022-06-24 23:44:54,622 [Listener at 127.0.0.1/44795] INFO  server.session (DefaultSessionIdManager.java:doStart(334)) - DefaultSessionIdManager workerName=node0
2022-06-24 23:44:54,622 [Listener at 127.0.0.1/44795] INFO  server.session (DefaultSessionIdManager.java:doStart(339)) - No SessionScavenger set, using defaults
2022-06-24 23:44:54,622 [Listener at 127.0.0.1/44795] INFO  server.session (HouseKeeper.java:startScavenging(132)) - node0 Scavenging every 660000ms
2022-06-24 23:44:54,624 [Listener at 127.0.0.1/44795] INFO  handler.ContextHandler (ContextHandler.java:doStart(915)) - Started o.e.j.s.ServletContextHandler@43aeca02{logs,/logs,file:///home/runner/work/ozone/ozone/hadoop-ozone/integration-test/target/log,AVAILABLE}
2022-06-24 23:44:54,624 [Listener at 127.0.0.1/44795] INFO  handler.ContextHandler (ContextHandler.java:doStart(915)) - Started o.e.j.s.ServletContextHandler@754ecc69{static,/static,jar:file:/home/runner/.m2/repository/org/apache/ozone/hdds-container-service/1.3.0-SNAPSHOT/hdds-container-service-1.3.0-SNAPSHOT.jar!/webapps/static,AVAILABLE}
2022-06-24 23:44:54,832 [Listener at 127.0.0.1/44795] INFO  handler.ContextHandler (ContextHandler.java:doStart(915)) - Started o.e.j.w.WebAppContext@762618bb{hddsDatanode,/,file:///tmp/jetty-0_0_0_0-36447-hdds-container-service-1_3_0-SNAPSHOT_jar-_-any-4571920075920225868/webapp/,AVAILABLE}{jar:file:/home/runner/.m2/repository/org/apache/ozone/hdds-container-service/1.3.0-SNAPSHOT/hdds-container-service-1.3.0-SNAPSHOT.jar!/webapps/hddsDatanode}
2022-06-24 23:44:54,834 [Listener at 127.0.0.1/44795] INFO  server.AbstractConnector (AbstractConnector.java:doStart(331)) - Started ServerConnector@229d81e3{HTTP/1.1, (http/1.1)}{0.0.0.0:36447}
2022-06-24 23:44:54,835 [Listener at 127.0.0.1/44795] INFO  server.Server (Server.java:doStart(415)) - Started @8415ms
2022-06-24 23:44:54,835 [Listener at 127.0.0.1/44795] WARN  impl.MetricsSystemImpl (MetricsSystemImpl.java:register(279)) - Sink prometheus already exists!
2022-06-24 23:44:54,835 [Listener at 127.0.0.1/44795] INFO  http.BaseHttpServer (BaseHttpServer.java:updateConnectorAddress(329)) - HTTP server of hddsDatanode listening at http://0.0.0.0:36447
2022-06-24 23:44:54,838 [Listener at 127.0.0.1/44795] WARN  impl.MetricRegistriesImpl (MetricRegistriesImpl.java:addReporterRegistration(111)) - New reporters are added after registries were created. Some metrics will be missing from the reporter. Please add reporter before adding any new registry.
2022-06-24 23:44:54,839 [Listener at 127.0.0.1/44795] WARN  impl.MetricRegistriesImpl (MetricRegistriesImpl.java:addReporterRegistration(111)) - New reporters are added after registries were created. Some metrics will be missing from the reporter. Please add reporter before adding any new registry.
2022-06-24 23:44:54,839 [Listener at 127.0.0.1/44795] INFO  impl.MetricsSystemImpl (MetricsSystemImpl.java:init(158)) - HddsDatanode metrics system started (again)
2022-06-24 23:44:54,842 [om1@group-C5BA1605619E-FollowerState] INFO  impl.FollowerState (FollowerState.java:run(143)) - om1@group-C5BA1605619E-FollowerState: change to CANDIDATE, lastRpcElapsedTime:1009787811ns, electionTimeout:1000ms
2022-06-24 23:44:54,843 [om1@group-C5BA1605619E-FollowerState] INFO  impl.RoleInfo (RoleInfo.java:shutdownFollowerState(110)) - om1: shutdown om1@group-C5BA1605619E-FollowerState
2022-06-24 23:44:54,847 [om1@group-C5BA1605619E-FollowerState] INFO  server.RaftServer$Division (RaftServerImpl.java:setRole(299)) - om1@group-C5BA1605619E: changes role from  FOLLOWER to CANDIDATE at term 0 for changeToCandidate
2022-06-24 23:44:54,850 [om1@group-C5BA1605619E-FollowerState] INFO  server.RaftServerConfigKeys (ConfUtils.java:logGet(46)) - raft.server.leaderelection.pre-vote = false (custom)
2022-06-24 23:44:54,850 [om1@group-C5BA1605619E-FollowerState] INFO  impl.RoleInfo (RoleInfo.java:updateAndGet(139)) - om1: start om1@group-C5BA1605619E-LeaderElection1
2022-06-24 23:44:54,858 [Datanode State Machine Daemon Thread] INFO  statemachine.DatanodeStateMachine (DatanodeStateMachine.java:lambda$startDaemon$0(492)) - Ozone container server started.
2022-06-24 23:44:54,862 [Listener at 127.0.0.1/44795] INFO  ozone.HddsDatanodeService (HddsDatanodeService.java:start(236)) - HddsDatanodeService host:fv-az21-224.v4iizcarkezebbfea14bcgzyke.bx.internal.cloudapp.net ip:10.1.0.24
2022-06-24 23:44:54,864 [om1@group-C5BA1605619E-LeaderElection1] INFO  impl.LeaderElection (LeaderElection.java:askForVotes(310)) - om1@group-C5BA1605619E-LeaderElection1 ELECTION round 0: submit vote requests at term 1 for -1: [om1|rpc:localhost:9872|priority:0], old=null
2022-06-24 23:44:54,866 [om1@group-C5BA1605619E-LeaderElection1] INFO  impl.LeaderElection (LeaderElection.java:askForVotes(312)) - om1@group-C5BA1605619E-LeaderElection1 ELECTION round 0: result PASSED (term=1)
2022-06-24 23:44:54,866 [om1@group-C5BA1605619E-LeaderElection1] INFO  impl.RoleInfo (RoleInfo.java:shutdownLeaderElection(130)) - om1: shutdown om1@group-C5BA1605619E-LeaderElection1
2022-06-24 23:44:54,867 [om1@group-C5BA1605619E-LeaderElection1] INFO  server.RaftServer$Division (RaftServerImpl.java:setRole(299)) - om1@group-C5BA1605619E: changes role from CANDIDATE to LEADER at term 1 for changeToLeader
2022-06-24 23:44:54,867 [om1@group-C5BA1605619E-LeaderElection1] INFO  server.RaftServer$Division (ServerState.java:setLeader(287)) - om1@group-C5BA1605619E: change Leader from null to om1 at term 1 for becomeLeader, leader elected after 2033ms
2022-06-24 23:44:54,898 [om1@group-C5BA1605619E-LeaderElection1] INFO  server.RaftServerConfigKeys (ConfUtils.java:logGet(46)) - raft.server.staging.catchup.gap = 1000 (default)
2022-06-24 23:44:54,909 [org.apache.hadoop.util.JvmPauseMonitor$Monitor@1fb50199] INFO  util.JvmPauseMonitor (JvmPauseMonitor.java:run(188)) - Starting JVM pause monitor
2022-06-24 23:44:54,913 [om1@group-C5BA1605619E-LeaderElection1] INFO  server.RaftServerConfigKeys (ConfUtils.java:logGet(46)) - raft.server.write.element-limit = 4096 (default)
2022-06-24 23:44:54,914 [om1@group-C5BA1605619E-LeaderElection1] INFO  server.RaftServerConfigKeys (ConfUtils.java:logGet(46)) - raft.server.write.byte-limit = 64MB (=67108864) (default)
2022-06-24 23:44:54,938 [om1@group-C5BA1605619E-LeaderElection1] INFO  server.RaftServerConfigKeys (ConfUtils.java:logGet(46)) - raft.server.watch.timeout = 10s (default)
2022-06-24 23:44:54,938 [om1@group-C5BA1605619E-LeaderElection1] INFO  server.RaftServerConfigKeys (ConfUtils.java:logGet(46)) - raft.server.watch.timeout.denomination = 1s (default)
2022-06-24 23:44:54,941 [om1@group-C5BA1605619E-LeaderElection1] INFO  server.RaftServerConfigKeys (ConfUtils.java:logGet(46)) - raft.server.watch.element-limit = 65536 (default)
2022-06-24 23:44:54,949 [Listener at 127.0.0.1/44795] INFO  upgrade.AbstractLayoutVersionManager (AbstractLayoutVersionManager.java:init(82)) - Initializing Layout version manager with metadata layout = DATANODE_SCHEMA_V3 (version = 4), software layout = DATANODE_SCHEMA_V3 (version = 4)
2022-06-24 23:44:54,960 [om1@group-C5BA1605619E-LeaderElection1] INFO  server.RaftServerConfigKeys (ConfUtils.java:logGet(46)) - raft.server.write.element-limit = 4096 (default)
2022-06-24 23:44:54,963 [om1@group-C5BA1605619E-LeaderElection1] INFO  server.RaftServerConfigKeys (ConfUtils.java:logGet(46)) - raft.server.write.follower.gap.ratio.max = -1.0 (default)
2022-06-24 23:44:54,969 [om1@group-C5BA1605619E-LeaderElection1] INFO  impl.RoleInfo (RoleInfo.java:updateAndGet(139)) - om1: start om1@group-C5BA1605619E-LeaderStateImpl
2022-06-24 23:44:55,042 [Listener at 127.0.0.1/44795] INFO  reflections.Reflections (Reflections.java:scan(232)) - Reflections took 91 ms to scan 7 urls, producing 131 keys and 316 values 
2022-06-24 23:44:55,044 [Listener at 127.0.0.1/44795] INFO  statemachine.DatanodeStateMachine (DatanodeStateMachine.java:getEndPointTaskThreadPoolSize(237)) - Datanode State Machine Task Thread Pool size 2
2022-06-24 23:44:55,063 [Listener at 127.0.0.1/44795] INFO  volume.HddsVolume (HddsVolume.java:<init>(116)) - Creating HddsVolume: /home/runner/work/ozone/ozone/hadoop-ozone/integration-test/target/test-dir/MiniOzoneClusterImpl-85de49eb-2ce1-4613-814a-bfb310a11337/datanode-1/data-0/containers/hdds of storage type : DISK capacity : 9223372036854775807
2022-06-24 23:44:55,063 [Listener at 127.0.0.1/44795] INFO  volume.MutableVolumeSet (MutableVolumeSet.java:initializeVolumeSet(174)) - Added Volume : /home/runner/work/ozone/ozone/hadoop-ozone/integration-test/target/test-dir/MiniOzoneClusterImpl-85de49eb-2ce1-4613-814a-bfb310a11337/datanode-1/data-0/containers/hdds to VolumeSet
2022-06-24 23:44:55,063 [Listener at 127.0.0.1/44795] INFO  volume.ThrottledAsyncChecker (ThrottledAsyncChecker.java:schedule(141)) - Scheduling a check for /home/runner/work/ozone/ozone/hadoop-ozone/integration-test/target/test-dir/MiniOzoneClusterImpl-85de49eb-2ce1-4613-814a-bfb310a11337/datanode-1/data-0/containers/hdds
2022-06-24 23:44:55,065 [Listener at 127.0.0.1/44795] INFO  volume.StorageVolumeChecker (StorageVolumeChecker.java:checkAllVolumes(202)) - Scheduled health check for volume /home/runner/work/ozone/ozone/hadoop-ozone/integration-test/target/test-dir/MiniOzoneClusterImpl-85de49eb-2ce1-4613-814a-bfb310a11337/datanode-1/data-0/containers/hdds
2022-06-24 23:44:55,061 [om1@group-C5BA1605619E-LeaderElection1] INFO  segmented.SegmentedRaftLogWorker (SegmentedRaftLogWorker.java:startLogSegment(425)) - om1@group-C5BA1605619E-SegmentedRaftLogWorker: Starting segment from index:0
2022-06-24 23:44:55,100 [Listener at 127.0.0.1/44795] INFO  volume.MutableVolumeSet (MutableVolumeSet.java:initializeVolumeSet(174)) - Added Volume : /home/runner/work/ozone/ozone/hadoop-ozone/integration-test/target/test-dir/MiniOzoneClusterImpl-85de49eb-2ce1-4613-814a-bfb310a11337/datanode-1/data/ratis to VolumeSet
2022-06-24 23:44:55,107 [Listener at 127.0.0.1/44795] INFO  volume.ThrottledAsyncChecker (ThrottledAsyncChecker.java:schedule(141)) - Scheduling a check for /home/runner/work/ozone/ozone/hadoop-ozone/integration-test/target/test-dir/MiniOzoneClusterImpl-85de49eb-2ce1-4613-814a-bfb310a11337/datanode-1/data/ratis
2022-06-24 23:44:55,107 [Listener at 127.0.0.1/44795] INFO  volume.StorageVolumeChecker (StorageVolumeChecker.java:checkAllVolumes(202)) - Scheduled health check for volume /home/runner/work/ozone/ozone/hadoop-ozone/integration-test/target/test-dir/MiniOzoneClusterImpl-85de49eb-2ce1-4613-814a-bfb310a11337/datanode-1/data/ratis
2022-06-24 23:44:55,145 [Thread-149] INFO  ozoneimpl.ContainerReader (ContainerReader.java:readVolume(172)) - Finish verifying containers on volume /home/runner/work/ozone/ozone/hadoop-ozone/integration-test/target/test-dir/MiniOzoneClusterImpl-85de49eb-2ce1-4613-814a-bfb310a11337/datanode-1/data-0/containers/hdds
2022-06-24 23:44:55,159 [Listener at 127.0.0.1/44795] INFO  ozoneimpl.OzoneContainer (OzoneContainer.java:buildContainerSet(266)) - Build ContainerSet costs 0s
2022-06-24 23:44:55,162 [Listener at 127.0.0.1/44795] INFO  server.RaftServer (ConfUtils.java:logGet(46)) - raft.rpc.type = GRPC (default)
2022-06-24 23:44:55,163 [Listener at 127.0.0.1/44795] INFO  grpc.GrpcFactory (GrpcFactory.java:checkPooledByteBufAllocatorUseCacheForAllThreads(48)) - PERFORMANCE WARNING: useCacheForAllThreads is true that may cause Netty to create a lot garbage objects and, as a result, trigger GC.
	It is recommended to disable useCacheForAllThreads by setting -Dorg.apache.ratis.thirdparty.io.netty.allocator.useCacheForAllThreads=false in command line.
2022-06-24 23:44:55,164 [Listener at 127.0.0.1/44795] INFO  grpc.GrpcConfigKeys (ConfUtils.java:logGet(46)) - raft.grpc.admin.port = 0 (custom)
2022-06-24 23:44:55,164 [Listener at 127.0.0.1/44795] INFO  grpc.GrpcConfigKeys (ConfUtils.java:logGet(46)) - raft.grpc.client.port = 0 (custom)
2022-06-24 23:44:55,164 [Listener at 127.0.0.1/44795] INFO  grpc.GrpcConfigKeys (ConfUtils.java:logGet(46)) - raft.grpc.server.port = 0 (default)
2022-06-24 23:44:55,164 [Listener at 127.0.0.1/44795] INFO  server.GrpcService (ConfUtils.java:logGet(46)) - raft.grpc.message.size.max = 32MB (=33554432) (custom)
2022-06-24 23:44:55,164 [Listener at 127.0.0.1/44795] INFO  server.RaftServerConfigKeys (ConfUtils.java:logGet(46)) - raft.server.log.appender.buffer.byte-limit = 33554432 (custom)
2022-06-24 23:44:55,164 [Listener at 127.0.0.1/44795] INFO  server.GrpcService (ConfUtils.java:logGet(46)) - raft.grpc.flow.control.window = 5MB (=5242880) (custom)
2022-06-24 23:44:55,168 [Listener at 127.0.0.1/44795] INFO  server.RaftServerConfigKeys (ConfUtils.java:logGet(46)) - raft.server.rpc.request.timeout = 60s (custom)
2022-06-24 23:44:55,169 [Listener at 127.0.0.1/44795] INFO  grpc.GrpcConfigKeys (ConfUtils.java:logGet(46)) - raft.grpc.server.async.request.thread.pool.cached = true (default)
2022-06-24 23:44:55,169 [Listener at 127.0.0.1/44795] INFO  grpc.GrpcConfigKeys (ConfUtils.java:logGet(46)) - raft.grpc.server.async.request.thread.pool.size = 32 (default)
2022-06-24 23:44:55,177 [om1@group-C5BA1605619E-LeaderElection1] INFO  server.RaftServer$Division (ServerState.java:setRaftConf(393)) - om1@group-C5BA1605619E: set configuration 0: [om1|rpc:localhost:9872|admin:|client:|dataStream:|priority:0], old=null
2022-06-24 23:44:55,177 [Listener at 127.0.0.1/44795] INFO  impl.DataStreamServerImpl (ConfUtils.java:logGet(46)) - raft.datastream.type = DISABLED (default)
2022-06-24 23:44:55,178 [Listener at 127.0.0.1/44795] INFO  server.RaftServerConfigKeys (ConfUtils.java:logGet(46)) - raft.server.threadpool.proxy.cached = true (default)
2022-06-24 23:44:55,178 [Listener at 127.0.0.1/44795] INFO  server.RaftServerConfigKeys (ConfUtils.java:logGet(46)) - raft.server.threadpool.proxy.size = 0 (default)
2022-06-24 23:44:55,178 [Listener at 127.0.0.1/44795] INFO  server.RaftServerConfigKeys (ConfUtils.java:logGet(46)) - raft.server.rpc.slowness.timeout = 300s (custom)
2022-06-24 23:44:55,178 [Listener at 127.0.0.1/44795] INFO  server.RaftServerConfigKeys (ConfUtils.java:logGet(46)) - raft.server.leaderelection.leader.step-down.wait-time = 10s (default)
2022-06-24 23:44:55,178 [Listener at 127.0.0.1/44795] INFO  server.RaftServerConfigKeys (ConfUtils.java:logGet(46)) - raft.server.storage.dir = [/home/runner/work/ozone/ozone/hadoop-ozone/integration-test/target/test-dir/MiniOzoneClusterImpl-85de49eb-2ce1-4613-814a-bfb310a11337/datanode-1/data/ratis] (custom)
2022-06-24 23:44:55,188 [Listener at 127.0.0.1/44795] INFO  server.XceiverServerGrpc (XceiverServerGrpc.java:<init>(132)) - GrpcServer channel type EpollServerSocketChannel
2022-06-24 23:44:55,191 [Datanode State Machine Task Thread - 0] INFO  datanode.InitDatanodeState (InitDatanodeState.java:persistContainerDatanodeDetails(138)) - DatanodeDetails is persisted to /home/runner/work/ozone/ozone/hadoop-ozone/integration-test/target/test-dir/MiniOzoneClusterImpl-85de49eb-2ce1-4613-814a-bfb310a11337/datanode-0/meta/datanode.id
2022-06-24 23:44:55,212 [Listener at 127.0.0.1/44795] INFO  http.BaseHttpServer (BaseHttpServer.java:newHttpServer2BuilderForOzone(209)) - Starting Web-server for hddsDatanode at: http://0.0.0.0:0
2022-06-24 23:44:55,212 [Listener at 127.0.0.1/44795] INFO  http.BaseHttpServer (BaseHttpServer.java:<init>(107)) - Hadoop Security Enabled: false Ozone Security Enabled: false Ozone HTTP Security Enabled: false 
2022-06-24 23:44:55,213 [Listener at 127.0.0.1/44795] INFO  server.AuthenticationFilter (AuthenticationFilter.java:constructSecretProvider(240)) - Unable to initialize FileSignerSecretProvider, falling back to use random secrets.
2022-06-24 23:44:55,223 [Listener at 127.0.0.1/44795] WARN  http.HttpRequestLog (HttpRequestLog.java:getRequestLog(103)) - Jetty request log can only be enabled using Log4j
2022-06-24 23:44:55,224 [Listener at 127.0.0.1/44795] INFO  http.HttpServer2 (HttpServer2.java:addGlobalFilter(1029)) - Added global filter 'safety' (class=org.apache.hadoop.hdds.server.http.HttpServer2$QuotingInputFilter)
2022-06-24 23:44:55,226 [Listener at 127.0.0.1/44795] INFO  http.HttpServer2 (HttpServer2.java:addFilter(1005)) - Added filter static_user_filter (class=org.apache.hadoop.http.lib.StaticUserWebFilter$StaticUserFilter) to context hddsDatanode
2022-06-24 23:44:55,226 [Listener at 127.0.0.1/44795] INFO  http.HttpServer2 (HttpServer2.java:addFilter(1013)) - Added filter static_user_filter (class=org.apache.hadoop.http.lib.StaticUserWebFilter$StaticUserFilter) to context static
2022-06-24 23:44:55,227 [Listener at 127.0.0.1/44795] INFO  http.HttpServer2 (HttpServer2.java:addFilter(1013)) - Added filter static_user_filter (class=org.apache.hadoop.http.lib.StaticUserWebFilter$StaticUserFilter) to context logs
2022-06-24 23:44:55,227 [Listener at 127.0.0.1/44795] INFO  http.HttpServer2 (HttpServer2.java:bindListener(1248)) - Jetty bound to port 42865
2022-06-24 23:44:55,227 [Listener at 127.0.0.1/44795] INFO  server.Server (Server.java:doStart(375)) - jetty-9.4.43.v20210629; built: 2021-06-30T11:07:22.254Z; git: 526006ecfa3af7f1a27ef3a288e2bef7ea9dd7e8; jvm 1.8.0_332-b09
2022-06-24 23:44:55,251 [Listener at 127.0.0.1/44795] INFO  server.session (DefaultSessionIdManager.java:doStart(334)) - DefaultSessionIdManager workerName=node0
2022-06-24 23:44:55,251 [Listener at 127.0.0.1/44795] INFO  server.session (DefaultSessionIdManager.java:doStart(339)) - No SessionScavenger set, using defaults
2022-06-24 23:44:55,251 [Listener at 127.0.0.1/44795] INFO  server.session (HouseKeeper.java:startScavenging(132)) - node0 Scavenging every 600000ms
2022-06-24 23:44:55,252 [Listener at 127.0.0.1/44795] INFO  handler.ContextHandler (ContextHandler.java:doStart(915)) - Started o.e.j.s.ServletContextHandler@668f84ad{logs,/logs,file:///home/runner/work/ozone/ozone/hadoop-ozone/integration-test/target/log,AVAILABLE}
2022-06-24 23:44:55,253 [Listener at 127.0.0.1/44795] INFO  handler.ContextHandler (ContextHandler.java:doStart(915)) - Started o.e.j.s.ServletContextHandler@4bbaaf1b{static,/static,jar:file:/home/runner/.m2/repository/org/apache/ozone/hdds-container-service/1.3.0-SNAPSHOT/hdds-container-service-1.3.0-SNAPSHOT.jar!/webapps/static,AVAILABLE}
2022-06-24 23:44:55,258 [om1@group-C5BA1605619E-SegmentedRaftLogWorker] INFO  segmented.SegmentedRaftLogWorker (SegmentedRaftLogWorker.java:execute(629)) - om1@group-C5BA1605619E-SegmentedRaftLogWorker: created new log segment /home/runner/work/ozone/ozone/hadoop-ozone/integration-test/target/test-dir/MiniOzoneClusterImpl-85de49eb-2ce1-4613-814a-bfb310a11337/ozone-meta/ratis/bf265839-605b-3f16-9796-c5ba1605619e/current/log_inprogress_0
2022-06-24 23:44:55,418 [om1@group-C5BA1605619E-StateMachineUpdater] INFO  ratis.OzoneManagerStateMachine (OzoneManagerStateMachine.java:notifyConfigurationChanged(192)) - Received Configuration change notification from Ratis. New Peer list:
[id: "om1"
address: "localhost:9872"
]
2022-06-24 23:44:55,467 [Listener at 127.0.0.1/44795] INFO  handler.ContextHandler (ContextHandler.java:doStart(915)) - Started o.e.j.w.WebAppContext@68613002{hddsDatanode,/,file:///tmp/jetty-0_0_0_0-42865-hdds-container-service-1_3_0-SNAPSHOT_jar-_-any-8911269065370606105/webapp/,AVAILABLE}{jar:file:/home/runner/.m2/repository/org/apache/ozone/hdds-container-service/1.3.0-SNAPSHOT/hdds-container-service-1.3.0-SNAPSHOT.jar!/webapps/hddsDatanode}
2022-06-24 23:44:55,470 [Listener at 127.0.0.1/44795] INFO  server.AbstractConnector (AbstractConnector.java:doStart(331)) - Started ServerConnector@1d6a0c26{HTTP/1.1, (http/1.1)}{0.0.0.0:42865}
2022-06-24 23:44:55,470 [Listener at 127.0.0.1/44795] INFO  server.Server (Server.java:doStart(415)) - Started @9050ms
2022-06-24 23:44:55,470 [Listener at 127.0.0.1/44795] WARN  impl.MetricsSystemImpl (MetricsSystemImpl.java:register(279)) - Sink prometheus already exists!
2022-06-24 23:44:55,471 [Listener at 127.0.0.1/44795] INFO  http.BaseHttpServer (BaseHttpServer.java:updateConnectorAddress(329)) - HTTP server of hddsDatanode listening at http://0.0.0.0:42865
2022-06-24 23:44:55,471 [Listener at 127.0.0.1/44795] WARN  impl.MetricRegistriesImpl (MetricRegistriesImpl.java:addReporterRegistration(111)) - New reporters are added after registries were created. Some metrics will be missing from the reporter. Please add reporter before adding any new registry.
2022-06-24 23:44:55,471 [Listener at 127.0.0.1/44795] WARN  impl.MetricRegistriesImpl (MetricRegistriesImpl.java:addReporterRegistration(111)) - New reporters are added after registries were created. Some metrics will be missing from the reporter. Please add reporter before adding any new registry.
2022-06-24 23:44:55,472 [Listener at 127.0.0.1/44795] INFO  impl.MetricsSystemImpl (MetricsSystemImpl.java:init(158)) - HddsDatanode metrics system started (again)
2022-06-24 23:44:55,479 [Datanode State Machine Daemon Thread] INFO  statemachine.DatanodeStateMachine (DatanodeStateMachine.java:lambda$startDaemon$0(492)) - Ozone container server started.
2022-06-24 23:44:55,486 [org.apache.hadoop.util.JvmPauseMonitor$Monitor@2e8efc75] INFO  util.JvmPauseMonitor (JvmPauseMonitor.java:run(188)) - Starting JVM pause monitor
2022-06-24 23:44:55,498 [Datanode State Machine Task Thread - 0] INFO  datanode.InitDatanodeState (InitDatanodeState.java:persistContainerDatanodeDetails(138)) - DatanodeDetails is persisted to /home/runner/work/ozone/ozone/hadoop-ozone/integration-test/target/test-dir/MiniOzoneClusterImpl-85de49eb-2ce1-4613-814a-bfb310a11337/datanode-1/meta/datanode.id
2022-06-24 23:44:55,500 [Listener at 127.0.0.1/44795] INFO  ozone.HddsDatanodeService (HddsDatanodeService.java:start(236)) - HddsDatanodeService host:fv-az21-224.v4iizcarkezebbfea14bcgzyke.bx.internal.cloudapp.net ip:10.1.0.24
2022-06-24 23:44:55,534 [Listener at 127.0.0.1/44795] INFO  upgrade.AbstractLayoutVersionManager (AbstractLayoutVersionManager.java:init(82)) - Initializing Layout version manager with metadata layout = DATANODE_SCHEMA_V3 (version = 4), software layout = DATANODE_SCHEMA_V3 (version = 4)
2022-06-24 23:44:55,580 [Listener at 127.0.0.1/44795] INFO  reflections.Reflections (Reflections.java:scan(232)) - Reflections took 43 ms to scan 7 urls, producing 131 keys and 316 values 
2022-06-24 23:44:55,583 [Listener at 127.0.0.1/44795] INFO  statemachine.DatanodeStateMachine (DatanodeStateMachine.java:getEndPointTaskThreadPoolSize(237)) - Datanode State Machine Task Thread Pool size 2
2022-06-24 23:44:55,592 [Listener at 127.0.0.1/44795] INFO  volume.HddsVolume (HddsVolume.java:<init>(116)) - Creating HddsVolume: /home/runner/work/ozone/ozone/hadoop-ozone/integration-test/target/test-dir/MiniOzoneClusterImpl-85de49eb-2ce1-4613-814a-bfb310a11337/datanode-2/data-0/containers/hdds of storage type : DISK capacity : 9223372036854775807
2022-06-24 23:44:55,593 [Listener at 127.0.0.1/44795] INFO  volume.MutableVolumeSet (MutableVolumeSet.java:initializeVolumeSet(174)) - Added Volume : /home/runner/work/ozone/ozone/hadoop-ozone/integration-test/target/test-dir/MiniOzoneClusterImpl-85de49eb-2ce1-4613-814a-bfb310a11337/datanode-2/data-0/containers/hdds to VolumeSet
2022-06-24 23:44:55,593 [Listener at 127.0.0.1/44795] INFO  volume.ThrottledAsyncChecker (ThrottledAsyncChecker.java:schedule(141)) - Scheduling a check for /home/runner/work/ozone/ozone/hadoop-ozone/integration-test/target/test-dir/MiniOzoneClusterImpl-85de49eb-2ce1-4613-814a-bfb310a11337/datanode-2/data-0/containers/hdds
2022-06-24 23:44:55,599 [Listener at 127.0.0.1/44795] INFO  volume.StorageVolumeChecker (StorageVolumeChecker.java:checkAllVolumes(202)) - Scheduled health check for volume /home/runner/work/ozone/ozone/hadoop-ozone/integration-test/target/test-dir/MiniOzoneClusterImpl-85de49eb-2ce1-4613-814a-bfb310a11337/datanode-2/data-0/containers/hdds
2022-06-24 23:44:55,612 [Listener at 127.0.0.1/44795] INFO  volume.MutableVolumeSet (MutableVolumeSet.java:initializeVolumeSet(174)) - Added Volume : /home/runner/work/ozone/ozone/hadoop-ozone/integration-test/target/test-dir/MiniOzoneClusterImpl-85de49eb-2ce1-4613-814a-bfb310a11337/datanode-2/data/ratis to VolumeSet
2022-06-24 23:44:55,612 [Listener at 127.0.0.1/44795] INFO  volume.ThrottledAsyncChecker (ThrottledAsyncChecker.java:schedule(141)) - Scheduling a check for /home/runner/work/ozone/ozone/hadoop-ozone/integration-test/target/test-dir/MiniOzoneClusterImpl-85de49eb-2ce1-4613-814a-bfb310a11337/datanode-2/data/ratis
2022-06-24 23:44:55,612 [Listener at 127.0.0.1/44795] INFO  volume.StorageVolumeChecker (StorageVolumeChecker.java:checkAllVolumes(202)) - Scheduled health check for volume /home/runner/work/ozone/ozone/hadoop-ozone/integration-test/target/test-dir/MiniOzoneClusterImpl-85de49eb-2ce1-4613-814a-bfb310a11337/datanode-2/data/ratis
2022-06-24 23:44:55,626 [Thread-162] INFO  ozoneimpl.ContainerReader (ContainerReader.java:readVolume(172)) - Finish verifying containers on volume /home/runner/work/ozone/ozone/hadoop-ozone/integration-test/target/test-dir/MiniOzoneClusterImpl-85de49eb-2ce1-4613-814a-bfb310a11337/datanode-2/data-0/containers/hdds
2022-06-24 23:44:55,626 [Listener at 127.0.0.1/44795] INFO  ozoneimpl.OzoneContainer (OzoneContainer.java:buildContainerSet(266)) - Build ContainerSet costs 0s
2022-06-24 23:44:55,630 [Listener at 127.0.0.1/44795] INFO  server.RaftServer (ConfUtils.java:logGet(46)) - raft.rpc.type = GRPC (default)
2022-06-24 23:44:55,630 [Listener at 127.0.0.1/44795] INFO  grpc.GrpcFactory (GrpcFactory.java:checkPooledByteBufAllocatorUseCacheForAllThreads(48)) - PERFORMANCE WARNING: useCacheForAllThreads is true that may cause Netty to create a lot garbage objects and, as a result, trigger GC.
	It is recommended to disable useCacheForAllThreads by setting -Dorg.apache.ratis.thirdparty.io.netty.allocator.useCacheForAllThreads=false in command line.
2022-06-24 23:44:55,630 [Listener at 127.0.0.1/44795] INFO  grpc.GrpcConfigKeys (ConfUtils.java:logGet(46)) - raft.grpc.admin.port = 0 (custom)
2022-06-24 23:44:55,630 [Listener at 127.0.0.1/44795] INFO  grpc.GrpcConfigKeys (ConfUtils.java:logGet(46)) - raft.grpc.client.port = 0 (custom)
2022-06-24 23:44:55,631 [Listener at 127.0.0.1/44795] INFO  grpc.GrpcConfigKeys (ConfUtils.java:logGet(46)) - raft.grpc.server.port = 0 (default)
2022-06-24 23:44:55,631 [Listener at 127.0.0.1/44795] INFO  server.GrpcService (ConfUtils.java:logGet(46)) - raft.grpc.message.size.max = 32MB (=33554432) (custom)
2022-06-24 23:44:55,632 [Listener at 127.0.0.1/44795] INFO  server.RaftServerConfigKeys (ConfUtils.java:logGet(46)) - raft.server.log.appender.buffer.byte-limit = 33554432 (custom)
2022-06-24 23:44:55,633 [Listener at 127.0.0.1/44795] INFO  server.GrpcService (ConfUtils.java:logGet(46)) - raft.grpc.flow.control.window = 5MB (=5242880) (custom)
2022-06-24 23:44:55,633 [Listener at 127.0.0.1/44795] INFO  server.RaftServerConfigKeys (ConfUtils.java:logGet(46)) - raft.server.rpc.request.timeout = 60s (custom)
2022-06-24 23:44:55,633 [Listener at 127.0.0.1/44795] INFO  grpc.GrpcConfigKeys (ConfUtils.java:logGet(46)) - raft.grpc.server.async.request.thread.pool.cached = true (default)
2022-06-24 23:44:55,634 [Listener at 127.0.0.1/44795] INFO  grpc.GrpcConfigKeys (ConfUtils.java:logGet(46)) - raft.grpc.server.async.request.thread.pool.size = 32 (default)
2022-06-24 23:44:55,636 [Listener at 127.0.0.1/44795] INFO  impl.DataStreamServerImpl (ConfUtils.java:logGet(46)) - raft.datastream.type = DISABLED (default)
2022-06-24 23:44:55,636 [Listener at 127.0.0.1/44795] INFO  server.RaftServerConfigKeys (ConfUtils.java:logGet(46)) - raft.server.threadpool.proxy.cached = true (default)
2022-06-24 23:44:55,639 [Listener at 127.0.0.1/44795] INFO  server.RaftServerConfigKeys (ConfUtils.java:logGet(46)) - raft.server.threadpool.proxy.size = 0 (default)
2022-06-24 23:44:55,640 [Listener at 127.0.0.1/44795] INFO  server.RaftServerConfigKeys (ConfUtils.java:logGet(46)) - raft.server.rpc.slowness.timeout = 300s (custom)
2022-06-24 23:44:55,640 [Listener at 127.0.0.1/44795] INFO  server.RaftServerConfigKeys (ConfUtils.java:logGet(46)) - raft.server.leaderelection.leader.step-down.wait-time = 10s (default)
2022-06-24 23:44:55,640 [Listener at 127.0.0.1/44795] INFO  server.RaftServerConfigKeys (ConfUtils.java:logGet(46)) - raft.server.storage.dir = [/home/runner/work/ozone/ozone/hadoop-ozone/integration-test/target/test-dir/MiniOzoneClusterImpl-85de49eb-2ce1-4613-814a-bfb310a11337/datanode-2/data/ratis] (custom)
2022-06-24 23:44:55,643 [Listener at 127.0.0.1/44795] INFO  server.XceiverServerGrpc (XceiverServerGrpc.java:<init>(132)) - GrpcServer channel type EpollServerSocketChannel
2022-06-24 23:44:55,647 [Listener at 127.0.0.1/44795] INFO  http.BaseHttpServer (BaseHttpServer.java:newHttpServer2BuilderForOzone(209)) - Starting Web-server for hddsDatanode at: http://0.0.0.0:0
2022-06-24 23:44:55,648 [Listener at 127.0.0.1/44795] INFO  http.BaseHttpServer (BaseHttpServer.java:<init>(107)) - Hadoop Security Enabled: false Ozone Security Enabled: false Ozone HTTP Security Enabled: false 
2022-06-24 23:44:55,649 [Listener at 127.0.0.1/44795] INFO  server.AuthenticationFilter (AuthenticationFilter.java:constructSecretProvider(240)) - Unable to initialize FileSignerSecretProvider, falling back to use random secrets.
2022-06-24 23:44:55,651 [Listener at 127.0.0.1/44795] WARN  http.HttpRequestLog (HttpRequestLog.java:getRequestLog(103)) - Jetty request log can only be enabled using Log4j
2022-06-24 23:44:55,652 [Listener at 127.0.0.1/44795] INFO  http.HttpServer2 (HttpServer2.java:addGlobalFilter(1029)) - Added global filter 'safety' (class=org.apache.hadoop.hdds.server.http.HttpServer2$QuotingInputFilter)
2022-06-24 23:44:55,653 [Listener at 127.0.0.1/44795] INFO  http.HttpServer2 (HttpServer2.java:addFilter(1005)) - Added filter static_user_filter (class=org.apache.hadoop.http.lib.StaticUserWebFilter$StaticUserFilter) to context hddsDatanode
2022-06-24 23:44:55,653 [Listener at 127.0.0.1/44795] INFO  http.HttpServer2 (HttpServer2.java:addFilter(1013)) - Added filter static_user_filter (class=org.apache.hadoop.http.lib.StaticUserWebFilter$StaticUserFilter) to context logs
2022-06-24 23:44:55,653 [Listener at 127.0.0.1/44795] INFO  http.HttpServer2 (HttpServer2.java:addFilter(1013)) - Added filter static_user_filter (class=org.apache.hadoop.http.lib.StaticUserWebFilter$StaticUserFilter) to context static
2022-06-24 23:44:55,655 [Listener at 127.0.0.1/44795] INFO  http.HttpServer2 (HttpServer2.java:bindListener(1248)) - Jetty bound to port 37309
2022-06-24 23:44:55,655 [Listener at 127.0.0.1/44795] INFO  server.Server (Server.java:doStart(375)) - jetty-9.4.43.v20210629; built: 2021-06-30T11:07:22.254Z; git: 526006ecfa3af7f1a27ef3a288e2bef7ea9dd7e8; jvm 1.8.0_332-b09
2022-06-24 23:44:55,657 [Listener at 127.0.0.1/44795] INFO  server.session (DefaultSessionIdManager.java:doStart(334)) - DefaultSessionIdManager workerName=node0
2022-06-24 23:44:55,657 [Listener at 127.0.0.1/44795] INFO  server.session (DefaultSessionIdManager.java:doStart(339)) - No SessionScavenger set, using defaults
2022-06-24 23:44:55,657 [Listener at 127.0.0.1/44795] INFO  server.session (HouseKeeper.java:startScavenging(132)) - node0 Scavenging every 600000ms
2022-06-24 23:44:55,658 [Listener at 127.0.0.1/44795] INFO  handler.ContextHandler (ContextHandler.java:doStart(915)) - Started o.e.j.s.ServletContextHandler@2a0dda9e{logs,/logs,file:///home/runner/work/ozone/ozone/hadoop-ozone/integration-test/target/log,AVAILABLE}
2022-06-24 23:44:55,659 [Listener at 127.0.0.1/44795] INFO  handler.ContextHandler (ContextHandler.java:doStart(915)) - Started o.e.j.s.ServletContextHandler@2741f66d{static,/static,jar:file:/home/runner/.m2/repository/org/apache/ozone/hdds-container-service/1.3.0-SNAPSHOT/hdds-container-service-1.3.0-SNAPSHOT.jar!/webapps/static,AVAILABLE}
2022-06-24 23:44:55,837 [Listener at 127.0.0.1/44795] INFO  handler.ContextHandler (ContextHandler.java:doStart(915)) - Started o.e.j.w.WebAppContext@2aae170c{hddsDatanode,/,file:///tmp/jetty-0_0_0_0-37309-hdds-container-service-1_3_0-SNAPSHOT_jar-_-any-1738613392920462070/webapp/,AVAILABLE}{jar:file:/home/runner/.m2/repository/org/apache/ozone/hdds-container-service/1.3.0-SNAPSHOT/hdds-container-service-1.3.0-SNAPSHOT.jar!/webapps/hddsDatanode}
2022-06-24 23:44:55,838 [Listener at 127.0.0.1/44795] INFO  server.AbstractConnector (AbstractConnector.java:doStart(331)) - Started ServerConnector@6eb668b7{HTTP/1.1, (http/1.1)}{0.0.0.0:37309}
2022-06-24 23:44:55,839 [Listener at 127.0.0.1/44795] INFO  server.Server (Server.java:doStart(415)) - Started @9419ms
2022-06-24 23:44:55,839 [Listener at 127.0.0.1/44795] WARN  impl.MetricsSystemImpl (MetricsSystemImpl.java:register(279)) - Sink prometheus already exists!
2022-06-24 23:44:55,840 [Listener at 127.0.0.1/44795] INFO  http.BaseHttpServer (BaseHttpServer.java:updateConnectorAddress(329)) - HTTP server of hddsDatanode listening at http://0.0.0.0:37309
2022-06-24 23:44:55,841 [Listener at 127.0.0.1/44795] WARN  impl.MetricRegistriesImpl (MetricRegistriesImpl.java:addReporterRegistration(111)) - New reporters are added after registries were created. Some metrics will be missing from the reporter. Please add reporter before adding any new registry.
2022-06-24 23:44:55,841 [Listener at 127.0.0.1/44795] WARN  impl.MetricRegistriesImpl (MetricRegistriesImpl.java:addReporterRegistration(111)) - New reporters are added after registries were created. Some metrics will be missing from the reporter. Please add reporter before adding any new registry.
2022-06-24 23:44:55,841 [Listener at 127.0.0.1/44795] INFO  impl.MetricsSystemImpl (MetricsSystemImpl.java:init(158)) - HddsDatanode metrics system started (again)
2022-06-24 23:44:55,848 [Datanode State Machine Daemon Thread] INFO  statemachine.DatanodeStateMachine (DatanodeStateMachine.java:lambda$startDaemon$0(492)) - Ozone container server started.
2022-06-24 23:44:55,853 [Listener at 127.0.0.1/44795] INFO  ozone.HddsDatanodeService (HddsDatanodeService.java:start(236)) - HddsDatanodeService host:fv-az21-224.v4iizcarkezebbfea14bcgzyke.bx.internal.cloudapp.net ip:10.1.0.24
2022-06-24 23:44:55,865 [org.apache.hadoop.util.JvmPauseMonitor$Monitor@20d39fd0] INFO  util.JvmPauseMonitor (JvmPauseMonitor.java:run(188)) - Starting JVM pause monitor
2022-06-24 23:44:55,869 [Datanode State Machine Task Thread - 0] INFO  datanode.InitDatanodeState (InitDatanodeState.java:persistContainerDatanodeDetails(138)) - DatanodeDetails is persisted to /home/runner/work/ozone/ozone/hadoop-ozone/integration-test/target/test-dir/MiniOzoneClusterImpl-85de49eb-2ce1-4613-814a-bfb310a11337/datanode-2/meta/datanode.id
2022-06-24 23:44:55,881 [Listener at 127.0.0.1/44795] INFO  upgrade.AbstractLayoutVersionManager (AbstractLayoutVersionManager.java:init(82)) - Initializing Layout version manager with metadata layout = DATANODE_SCHEMA_V3 (version = 4), software layout = DATANODE_SCHEMA_V3 (version = 4)
2022-06-24 23:44:55,929 [Listener at 127.0.0.1/44795] INFO  reflections.Reflections (Reflections.java:scan(232)) - Reflections took 44 ms to scan 7 urls, producing 131 keys and 316 values 
2022-06-24 23:44:55,933 [Listener at 127.0.0.1/44795] INFO  statemachine.DatanodeStateMachine (DatanodeStateMachine.java:getEndPointTaskThreadPoolSize(237)) - Datanode State Machine Task Thread Pool size 2
2022-06-24 23:44:55,937 [Listener at 127.0.0.1/44795] INFO  volume.HddsVolume (HddsVolume.java:<init>(116)) - Creating HddsVolume: /home/runner/work/ozone/ozone/hadoop-ozone/integration-test/target/test-dir/MiniOzoneClusterImpl-85de49eb-2ce1-4613-814a-bfb310a11337/datanode-3/data-0/containers/hdds of storage type : DISK capacity : 9223372036854775807
2022-06-24 23:44:55,937 [Listener at 127.0.0.1/44795] INFO  volume.MutableVolumeSet (MutableVolumeSet.java:initializeVolumeSet(174)) - Added Volume : /home/runner/work/ozone/ozone/hadoop-ozone/integration-test/target/test-dir/MiniOzoneClusterImpl-85de49eb-2ce1-4613-814a-bfb310a11337/datanode-3/data-0/containers/hdds to VolumeSet
2022-06-24 23:44:55,938 [Listener at 127.0.0.1/44795] INFO  volume.ThrottledAsyncChecker (ThrottledAsyncChecker.java:schedule(141)) - Scheduling a check for /home/runner/work/ozone/ozone/hadoop-ozone/integration-test/target/test-dir/MiniOzoneClusterImpl-85de49eb-2ce1-4613-814a-bfb310a11337/datanode-3/data-0/containers/hdds
2022-06-24 23:44:55,938 [Listener at 127.0.0.1/44795] INFO  volume.StorageVolumeChecker (StorageVolumeChecker.java:checkAllVolumes(202)) - Scheduled health check for volume /home/runner/work/ozone/ozone/hadoop-ozone/integration-test/target/test-dir/MiniOzoneClusterImpl-85de49eb-2ce1-4613-814a-bfb310a11337/datanode-3/data-0/containers/hdds
2022-06-24 23:44:55,950 [Listener at 127.0.0.1/44795] INFO  volume.MutableVolumeSet (MutableVolumeSet.java:initializeVolumeSet(174)) - Added Volume : /home/runner/work/ozone/ozone/hadoop-ozone/integration-test/target/test-dir/MiniOzoneClusterImpl-85de49eb-2ce1-4613-814a-bfb310a11337/datanode-3/data/ratis to VolumeSet
2022-06-24 23:44:55,950 [Listener at 127.0.0.1/44795] INFO  volume.ThrottledAsyncChecker (ThrottledAsyncChecker.java:schedule(141)) - Scheduling a check for /home/runner/work/ozone/ozone/hadoop-ozone/integration-test/target/test-dir/MiniOzoneClusterImpl-85de49eb-2ce1-4613-814a-bfb310a11337/datanode-3/data/ratis
2022-06-24 23:44:55,950 [Listener at 127.0.0.1/44795] INFO  volume.StorageVolumeChecker (StorageVolumeChecker.java:checkAllVolumes(202)) - Scheduled health check for volume /home/runner/work/ozone/ozone/hadoop-ozone/integration-test/target/test-dir/MiniOzoneClusterImpl-85de49eb-2ce1-4613-814a-bfb310a11337/datanode-3/data/ratis
2022-06-24 23:44:55,965 [Thread-175] INFO  ozoneimpl.ContainerReader (ContainerReader.java:readVolume(172)) - Finish verifying containers on volume /home/runner/work/ozone/ozone/hadoop-ozone/integration-test/target/test-dir/MiniOzoneClusterImpl-85de49eb-2ce1-4613-814a-bfb310a11337/datanode-3/data-0/containers/hdds
2022-06-24 23:44:55,965 [Listener at 127.0.0.1/44795] INFO  ozoneimpl.OzoneContainer (OzoneContainer.java:buildContainerSet(266)) - Build ContainerSet costs 0s
2022-06-24 23:44:55,977 [Listener at 127.0.0.1/44795] INFO  server.RaftServer (ConfUtils.java:logGet(46)) - raft.rpc.type = GRPC (default)
2022-06-24 23:44:55,978 [Listener at 127.0.0.1/44795] INFO  grpc.GrpcFactory (GrpcFactory.java:checkPooledByteBufAllocatorUseCacheForAllThreads(48)) - PERFORMANCE WARNING: useCacheForAllThreads is true that may cause Netty to create a lot garbage objects and, as a result, trigger GC.
	It is recommended to disable useCacheForAllThreads by setting -Dorg.apache.ratis.thirdparty.io.netty.allocator.useCacheForAllThreads=false in command line.
2022-06-24 23:44:55,978 [Listener at 127.0.0.1/44795] INFO  grpc.GrpcConfigKeys (ConfUtils.java:logGet(46)) - raft.grpc.admin.port = 0 (custom)
2022-06-24 23:44:55,978 [Listener at 127.0.0.1/44795] INFO  grpc.GrpcConfigKeys (ConfUtils.java:logGet(46)) - raft.grpc.client.port = 0 (custom)
2022-06-24 23:44:55,978 [Listener at 127.0.0.1/44795] INFO  grpc.GrpcConfigKeys (ConfUtils.java:logGet(46)) - raft.grpc.server.port = 0 (default)
2022-06-24 23:44:55,978 [Listener at 127.0.0.1/44795] INFO  server.GrpcService (ConfUtils.java:logGet(46)) - raft.grpc.message.size.max = 32MB (=33554432) (custom)
2022-06-24 23:44:55,978 [Listener at 127.0.0.1/44795] INFO  server.RaftServerConfigKeys (ConfUtils.java:logGet(46)) - raft.server.log.appender.buffer.byte-limit = 33554432 (custom)
2022-06-24 23:44:55,978 [Listener at 127.0.0.1/44795] INFO  server.GrpcService (ConfUtils.java:logGet(46)) - raft.grpc.flow.control.window = 5MB (=5242880) (custom)
2022-06-24 23:44:55,978 [Listener at 127.0.0.1/44795] INFO  server.RaftServerConfigKeys (ConfUtils.java:logGet(46)) - raft.server.rpc.request.timeout = 60s (custom)
2022-06-24 23:44:55,979 [Listener at 127.0.0.1/44795] INFO  grpc.GrpcConfigKeys (ConfUtils.java:logGet(46)) - raft.grpc.server.async.request.thread.pool.cached = true (default)
2022-06-24 23:44:55,979 [Listener at 127.0.0.1/44795] INFO  grpc.GrpcConfigKeys (ConfUtils.java:logGet(46)) - raft.grpc.server.async.request.thread.pool.size = 32 (default)
2022-06-24 23:44:55,980 [Listener at 127.0.0.1/44795] INFO  impl.DataStreamServerImpl (ConfUtils.java:logGet(46)) - raft.datastream.type = DISABLED (default)
2022-06-24 23:44:55,981 [Listener at 127.0.0.1/44795] INFO  server.RaftServerConfigKeys (ConfUtils.java:logGet(46)) - raft.server.threadpool.proxy.cached = true (default)
2022-06-24 23:44:55,981 [Listener at 127.0.0.1/44795] INFO  server.RaftServerConfigKeys (ConfUtils.java:logGet(46)) - raft.server.threadpool.proxy.size = 0 (default)
2022-06-24 23:44:55,981 [Listener at 127.0.0.1/44795] INFO  server.RaftServerConfigKeys (ConfUtils.java:logGet(46)) - raft.server.rpc.slowness.timeout = 300s (custom)
2022-06-24 23:44:55,981 [Listener at 127.0.0.1/44795] INFO  server.RaftServerConfigKeys (ConfUtils.java:logGet(46)) - raft.server.leaderelection.leader.step-down.wait-time = 10s (default)
2022-06-24 23:44:55,981 [Listener at 127.0.0.1/44795] INFO  server.RaftServerConfigKeys (ConfUtils.java:logGet(46)) - raft.server.storage.dir = [/home/runner/work/ozone/ozone/hadoop-ozone/integration-test/target/test-dir/MiniOzoneClusterImpl-85de49eb-2ce1-4613-814a-bfb310a11337/datanode-3/data/ratis] (custom)
2022-06-24 23:44:55,983 [Listener at 127.0.0.1/44795] INFO  server.XceiverServerGrpc (XceiverServerGrpc.java:<init>(132)) - GrpcServer channel type EpollServerSocketChannel
2022-06-24 23:44:55,987 [Listener at 127.0.0.1/44795] INFO  http.BaseHttpServer (BaseHttpServer.java:newHttpServer2BuilderForOzone(209)) - Starting Web-server for hddsDatanode at: http://0.0.0.0:0
2022-06-24 23:44:55,988 [Listener at 127.0.0.1/44795] INFO  http.BaseHttpServer (BaseHttpServer.java:<init>(107)) - Hadoop Security Enabled: false Ozone Security Enabled: false Ozone HTTP Security Enabled: false 
2022-06-24 23:44:55,989 [Listener at 127.0.0.1/44795] INFO  server.AuthenticationFilter (AuthenticationFilter.java:constructSecretProvider(240)) - Unable to initialize FileSignerSecretProvider, falling back to use random secrets.
2022-06-24 23:44:55,990 [Listener at 127.0.0.1/44795] WARN  http.HttpRequestLog (HttpRequestLog.java:getRequestLog(103)) - Jetty request log can only be enabled using Log4j
2022-06-24 23:44:55,991 [Listener at 127.0.0.1/44795] INFO  http.HttpServer2 (HttpServer2.java:addGlobalFilter(1029)) - Added global filter 'safety' (class=org.apache.hadoop.hdds.server.http.HttpServer2$QuotingInputFilter)
2022-06-24 23:44:55,992 [Listener at 127.0.0.1/44795] INFO  http.HttpServer2 (HttpServer2.java:addFilter(1005)) - Added filter static_user_filter (class=org.apache.hadoop.http.lib.StaticUserWebFilter$StaticUserFilter) to context hddsDatanode
2022-06-24 23:44:55,992 [Listener at 127.0.0.1/44795] INFO  http.HttpServer2 (HttpServer2.java:addFilter(1013)) - Added filter static_user_filter (class=org.apache.hadoop.http.lib.StaticUserWebFilter$StaticUserFilter) to context logs
2022-06-24 23:44:55,992 [Listener at 127.0.0.1/44795] INFO  http.HttpServer2 (HttpServer2.java:addFilter(1013)) - Added filter static_user_filter (class=org.apache.hadoop.http.lib.StaticUserWebFilter$StaticUserFilter) to context static
2022-06-24 23:44:55,993 [Listener at 127.0.0.1/44795] INFO  http.HttpServer2 (HttpServer2.java:bindListener(1248)) - Jetty bound to port 37375
2022-06-24 23:44:55,993 [Listener at 127.0.0.1/44795] INFO  server.Server (Server.java:doStart(375)) - jetty-9.4.43.v20210629; built: 2021-06-30T11:07:22.254Z; git: 526006ecfa3af7f1a27ef3a288e2bef7ea9dd7e8; jvm 1.8.0_332-b09
2022-06-24 23:44:56,001 [Listener at 127.0.0.1/44795] INFO  server.session (DefaultSessionIdManager.java:doStart(334)) - DefaultSessionIdManager workerName=node0
2022-06-24 23:44:56,001 [Listener at 127.0.0.1/44795] INFO  server.session (DefaultSessionIdManager.java:doStart(339)) - No SessionScavenger set, using defaults
2022-06-24 23:44:56,001 [Listener at 127.0.0.1/44795] INFO  server.session (HouseKeeper.java:startScavenging(132)) - node0 Scavenging every 600000ms
2022-06-24 23:44:56,002 [Listener at 127.0.0.1/44795] INFO  handler.ContextHandler (ContextHandler.java:doStart(915)) - Started o.e.j.s.ServletContextHandler@66023b3{logs,/logs,file:///home/runner/work/ozone/ozone/hadoop-ozone/integration-test/target/log,AVAILABLE}
2022-06-24 23:44:56,002 [Listener at 127.0.0.1/44795] INFO  handler.ContextHandler (ContextHandler.java:doStart(915)) - Started o.e.j.s.ServletContextHandler@811dc82{static,/static,jar:file:/home/runner/.m2/repository/org/apache/ozone/hdds-container-service/1.3.0-SNAPSHOT/hdds-container-service-1.3.0-SNAPSHOT.jar!/webapps/static,AVAILABLE}
2022-06-24 23:44:56,169 [Listener at 127.0.0.1/44795] INFO  handler.ContextHandler (ContextHandler.java:doStart(915)) - Started o.e.j.w.WebAppContext@d1eb341{hddsDatanode,/,file:///tmp/jetty-0_0_0_0-37375-hdds-container-service-1_3_0-SNAPSHOT_jar-_-any-804674926153587052/webapp/,AVAILABLE}{jar:file:/home/runner/.m2/repository/org/apache/ozone/hdds-container-service/1.3.0-SNAPSHOT/hdds-container-service-1.3.0-SNAPSHOT.jar!/webapps/hddsDatanode}
2022-06-24 23:44:56,170 [Listener at 127.0.0.1/44795] INFO  server.AbstractConnector (AbstractConnector.java:doStart(331)) - Started ServerConnector@194a8a09{HTTP/1.1, (http/1.1)}{0.0.0.0:37375}
2022-06-24 23:44:56,171 [Listener at 127.0.0.1/44795] INFO  server.Server (Server.java:doStart(415)) - Started @9751ms
2022-06-24 23:44:56,171 [Listener at 127.0.0.1/44795] WARN  impl.MetricsSystemImpl (MetricsSystemImpl.java:register(279)) - Sink prometheus already exists!
2022-06-24 23:44:56,171 [Listener at 127.0.0.1/44795] INFO  http.BaseHttpServer (BaseHttpServer.java:updateConnectorAddress(329)) - HTTP server of hddsDatanode listening at http://0.0.0.0:37375
2022-06-24 23:44:56,172 [Listener at 127.0.0.1/44795] WARN  impl.MetricRegistriesImpl (MetricRegistriesImpl.java:addReporterRegistration(111)) - New reporters are added after registries were created. Some metrics will be missing from the reporter. Please add reporter before adding any new registry.
2022-06-24 23:44:56,172 [Listener at 127.0.0.1/44795] WARN  impl.MetricRegistriesImpl (MetricRegistriesImpl.java:addReporterRegistration(111)) - New reporters are added after registries were created. Some metrics will be missing from the reporter. Please add reporter before adding any new registry.
2022-06-24 23:44:56,172 [Listener at 127.0.0.1/44795] INFO  impl.MetricsSystemImpl (MetricsSystemImpl.java:init(158)) - HddsDatanode metrics system started (again)
2022-06-24 23:44:56,179 [Datanode State Machine Daemon Thread] INFO  statemachine.DatanodeStateMachine (DatanodeStateMachine.java:lambda$startDaemon$0(492)) - Ozone container server started.
2022-06-24 23:44:56,185 [Listener at 127.0.0.1/44795] INFO  ozone.HddsDatanodeService (HddsDatanodeService.java:start(236)) - HddsDatanodeService host:fv-az21-224.v4iizcarkezebbfea14bcgzyke.bx.internal.cloudapp.net ip:10.1.0.24
2022-06-24 23:44:56,185 [org.apache.hadoop.util.JvmPauseMonitor$Monitor@116817d0] INFO  util.JvmPauseMonitor (JvmPauseMonitor.java:run(188)) - Starting JVM pause monitor
2022-06-24 23:44:56,189 [Datanode State Machine Task Thread - 0] INFO  datanode.InitDatanodeState (InitDatanodeState.java:persistContainerDatanodeDetails(138)) - DatanodeDetails is persisted to /home/runner/work/ozone/ozone/hadoop-ozone/integration-test/target/test-dir/MiniOzoneClusterImpl-85de49eb-2ce1-4613-814a-bfb310a11337/datanode-3/meta/datanode.id
2022-06-24 23:44:56,209 [Listener at 127.0.0.1/44795] INFO  upgrade.AbstractLayoutVersionManager (AbstractLayoutVersionManager.java:init(82)) - Initializing Layout version manager with metadata layout = DATANODE_SCHEMA_V3 (version = 4), software layout = DATANODE_SCHEMA_V3 (version = 4)
2022-06-24 23:44:56,254 [Listener at 127.0.0.1/44795] INFO  reflections.Reflections (Reflections.java:scan(232)) - Reflections took 44 ms to scan 7 urls, producing 131 keys and 316 values 
2022-06-24 23:44:56,256 [Listener at 127.0.0.1/44795] INFO  statemachine.DatanodeStateMachine (DatanodeStateMachine.java:getEndPointTaskThreadPoolSize(237)) - Datanode State Machine Task Thread Pool size 2
2022-06-24 23:44:56,259 [Listener at 127.0.0.1/44795] INFO  volume.HddsVolume (HddsVolume.java:<init>(116)) - Creating HddsVolume: /home/runner/work/ozone/ozone/hadoop-ozone/integration-test/target/test-dir/MiniOzoneClusterImpl-85de49eb-2ce1-4613-814a-bfb310a11337/datanode-4/data-0/containers/hdds of storage type : DISK capacity : 9223372036854775807
2022-06-24 23:44:56,259 [Listener at 127.0.0.1/44795] INFO  volume.MutableVolumeSet (MutableVolumeSet.java:initializeVolumeSet(174)) - Added Volume : /home/runner/work/ozone/ozone/hadoop-ozone/integration-test/target/test-dir/MiniOzoneClusterImpl-85de49eb-2ce1-4613-814a-bfb310a11337/datanode-4/data-0/containers/hdds to VolumeSet
2022-06-24 23:44:56,259 [Listener at 127.0.0.1/44795] INFO  volume.ThrottledAsyncChecker (ThrottledAsyncChecker.java:schedule(141)) - Scheduling a check for /home/runner/work/ozone/ozone/hadoop-ozone/integration-test/target/test-dir/MiniOzoneClusterImpl-85de49eb-2ce1-4613-814a-bfb310a11337/datanode-4/data-0/containers/hdds
2022-06-24 23:44:56,260 [Listener at 127.0.0.1/44795] INFO  volume.StorageVolumeChecker (StorageVolumeChecker.java:checkAllVolumes(202)) - Scheduled health check for volume /home/runner/work/ozone/ozone/hadoop-ozone/integration-test/target/test-dir/MiniOzoneClusterImpl-85de49eb-2ce1-4613-814a-bfb310a11337/datanode-4/data-0/containers/hdds
2022-06-24 23:44:56,271 [Listener at 127.0.0.1/44795] INFO  volume.MutableVolumeSet (MutableVolumeSet.java:initializeVolumeSet(174)) - Added Volume : /home/runner/work/ozone/ozone/hadoop-ozone/integration-test/target/test-dir/MiniOzoneClusterImpl-85de49eb-2ce1-4613-814a-bfb310a11337/datanode-4/data/ratis to VolumeSet
2022-06-24 23:44:56,272 [Listener at 127.0.0.1/44795] INFO  volume.ThrottledAsyncChecker (ThrottledAsyncChecker.java:schedule(141)) - Scheduling a check for /home/runner/work/ozone/ozone/hadoop-ozone/integration-test/target/test-dir/MiniOzoneClusterImpl-85de49eb-2ce1-4613-814a-bfb310a11337/datanode-4/data/ratis
2022-06-24 23:44:56,272 [Listener at 127.0.0.1/44795] INFO  volume.StorageVolumeChecker (StorageVolumeChecker.java:checkAllVolumes(202)) - Scheduled health check for volume /home/runner/work/ozone/ozone/hadoop-ozone/integration-test/target/test-dir/MiniOzoneClusterImpl-85de49eb-2ce1-4613-814a-bfb310a11337/datanode-4/data/ratis
2022-06-24 23:44:56,283 [Thread-188] INFO  ozoneimpl.ContainerReader (ContainerReader.java:readVolume(172)) - Finish verifying containers on volume /home/runner/work/ozone/ozone/hadoop-ozone/integration-test/target/test-dir/MiniOzoneClusterImpl-85de49eb-2ce1-4613-814a-bfb310a11337/datanode-4/data-0/containers/hdds
2022-06-24 23:44:56,283 [Listener at 127.0.0.1/44795] INFO  ozoneimpl.OzoneContainer (OzoneContainer.java:buildContainerSet(266)) - Build ContainerSet costs 0s
2022-06-24 23:44:56,286 [Listener at 127.0.0.1/44795] INFO  server.RaftServer (ConfUtils.java:logGet(46)) - raft.rpc.type = GRPC (default)
2022-06-24 23:44:56,286 [Listener at 127.0.0.1/44795] INFO  grpc.GrpcFactory (GrpcFactory.java:checkPooledByteBufAllocatorUseCacheForAllThreads(48)) - PERFORMANCE WARNING: useCacheForAllThreads is true that may cause Netty to create a lot garbage objects and, as a result, trigger GC.
	It is recommended to disable useCacheForAllThreads by setting -Dorg.apache.ratis.thirdparty.io.netty.allocator.useCacheForAllThreads=false in command line.
2022-06-24 23:44:56,287 [Listener at 127.0.0.1/44795] INFO  grpc.GrpcConfigKeys (ConfUtils.java:logGet(46)) - raft.grpc.admin.port = 0 (custom)
2022-06-24 23:44:56,287 [Listener at 127.0.0.1/44795] INFO  grpc.GrpcConfigKeys (ConfUtils.java:logGet(46)) - raft.grpc.client.port = 0 (custom)
2022-06-24 23:44:56,287 [Listener at 127.0.0.1/44795] INFO  grpc.GrpcConfigKeys (ConfUtils.java:logGet(46)) - raft.grpc.server.port = 0 (default)
2022-06-24 23:44:56,288 [Listener at 127.0.0.1/44795] INFO  server.GrpcService (ConfUtils.java:logGet(46)) - raft.grpc.message.size.max = 32MB (=33554432) (custom)
2022-06-24 23:44:56,288 [Listener at 127.0.0.1/44795] INFO  server.RaftServerConfigKeys (ConfUtils.java:logGet(46)) - raft.server.log.appender.buffer.byte-limit = 33554432 (custom)
2022-06-24 23:44:56,288 [Listener at 127.0.0.1/44795] INFO  server.GrpcService (ConfUtils.java:logGet(46)) - raft.grpc.flow.control.window = 5MB (=5242880) (custom)
2022-06-24 23:44:56,288 [Listener at 127.0.0.1/44795] INFO  server.RaftServerConfigKeys (ConfUtils.java:logGet(46)) - raft.server.rpc.request.timeout = 60s (custom)
2022-06-24 23:44:56,288 [Listener at 127.0.0.1/44795] INFO  grpc.GrpcConfigKeys (ConfUtils.java:logGet(46)) - raft.grpc.server.async.request.thread.pool.cached = true (default)
2022-06-24 23:44:56,288 [Listener at 127.0.0.1/44795] INFO  grpc.GrpcConfigKeys (ConfUtils.java:logGet(46)) - raft.grpc.server.async.request.thread.pool.size = 32 (default)
2022-06-24 23:44:56,290 [Listener at 127.0.0.1/44795] INFO  impl.DataStreamServerImpl (ConfUtils.java:logGet(46)) - raft.datastream.type = DISABLED (default)
2022-06-24 23:44:56,290 [Listener at 127.0.0.1/44795] INFO  server.RaftServerConfigKeys (ConfUtils.java:logGet(46)) - raft.server.threadpool.proxy.cached = true (default)
2022-06-24 23:44:56,290 [Listener at 127.0.0.1/44795] INFO  server.RaftServerConfigKeys (ConfUtils.java:logGet(46)) - raft.server.threadpool.proxy.size = 0 (default)
2022-06-24 23:44:56,290 [Listener at 127.0.0.1/44795] INFO  server.RaftServerConfigKeys (ConfUtils.java:logGet(46)) - raft.server.rpc.slowness.timeout = 300s (custom)
2022-06-24 23:44:56,290 [Listener at 127.0.0.1/44795] INFO  server.RaftServerConfigKeys (ConfUtils.java:logGet(46)) - raft.server.leaderelection.leader.step-down.wait-time = 10s (default)
2022-06-24 23:44:56,290 [Listener at 127.0.0.1/44795] INFO  server.RaftServerConfigKeys (ConfUtils.java:logGet(46)) - raft.server.storage.dir = [/home/runner/work/ozone/ozone/hadoop-ozone/integration-test/target/test-dir/MiniOzoneClusterImpl-85de49eb-2ce1-4613-814a-bfb310a11337/datanode-4/data/ratis] (custom)
2022-06-24 23:44:56,292 [Listener at 127.0.0.1/44795] INFO  server.XceiverServerGrpc (XceiverServerGrpc.java:<init>(132)) - GrpcServer channel type EpollServerSocketChannel
2022-06-24 23:44:56,295 [Listener at 127.0.0.1/44795] INFO  http.BaseHttpServer (BaseHttpServer.java:newHttpServer2BuilderForOzone(209)) - Starting Web-server for hddsDatanode at: http://0.0.0.0:0
2022-06-24 23:44:56,296 [Listener at 127.0.0.1/44795] INFO  http.BaseHttpServer (BaseHttpServer.java:<init>(107)) - Hadoop Security Enabled: false Ozone Security Enabled: false Ozone HTTP Security Enabled: false 
2022-06-24 23:44:56,297 [Listener at 127.0.0.1/44795] INFO  server.AuthenticationFilter (AuthenticationFilter.java:constructSecretProvider(240)) - Unable to initialize FileSignerSecretProvider, falling back to use random secrets.
2022-06-24 23:44:56,298 [Listener at 127.0.0.1/44795] WARN  http.HttpRequestLog (HttpRequestLog.java:getRequestLog(103)) - Jetty request log can only be enabled using Log4j
2022-06-24 23:44:56,299 [Listener at 127.0.0.1/44795] INFO  http.HttpServer2 (HttpServer2.java:addGlobalFilter(1029)) - Added global filter 'safety' (class=org.apache.hadoop.hdds.server.http.HttpServer2$QuotingInputFilter)
2022-06-24 23:44:56,300 [Listener at 127.0.0.1/44795] INFO  http.HttpServer2 (HttpServer2.java:addFilter(1005)) - Added filter static_user_filter (class=org.apache.hadoop.http.lib.StaticUserWebFilter$StaticUserFilter) to context hddsDatanode
2022-06-24 23:44:56,300 [Listener at 127.0.0.1/44795] INFO  http.HttpServer2 (HttpServer2.java:addFilter(1013)) - Added filter static_user_filter (class=org.apache.hadoop.http.lib.StaticUserWebFilter$StaticUserFilter) to context logs
2022-06-24 23:44:56,300 [Listener at 127.0.0.1/44795] INFO  http.HttpServer2 (HttpServer2.java:addFilter(1013)) - Added filter static_user_filter (class=org.apache.hadoop.http.lib.StaticUserWebFilter$StaticUserFilter) to context static
2022-06-24 23:44:56,301 [Listener at 127.0.0.1/44795] INFO  http.HttpServer2 (HttpServer2.java:bindListener(1248)) - Jetty bound to port 45579
2022-06-24 23:44:56,301 [Listener at 127.0.0.1/44795] INFO  server.Server (Server.java:doStart(375)) - jetty-9.4.43.v20210629; built: 2021-06-30T11:07:22.254Z; git: 526006ecfa3af7f1a27ef3a288e2bef7ea9dd7e8; jvm 1.8.0_332-b09
2022-06-24 23:44:56,307 [Listener at 127.0.0.1/44795] INFO  server.session (DefaultSessionIdManager.java:doStart(334)) - DefaultSessionIdManager workerName=node0
2022-06-24 23:44:56,308 [Listener at 127.0.0.1/44795] INFO  server.session (DefaultSessionIdManager.java:doStart(339)) - No SessionScavenger set, using defaults
2022-06-24 23:44:56,308 [Listener at 127.0.0.1/44795] INFO  server.session (HouseKeeper.java:startScavenging(132)) - node0 Scavenging every 660000ms
2022-06-24 23:44:56,309 [Listener at 127.0.0.1/44795] INFO  handler.ContextHandler (ContextHandler.java:doStart(915)) - Started o.e.j.s.ServletContextHandler@b6d99bc{logs,/logs,file:///home/runner/work/ozone/ozone/hadoop-ozone/integration-test/target/log,AVAILABLE}
2022-06-24 23:44:56,309 [Listener at 127.0.0.1/44795] INFO  handler.ContextHandler (ContextHandler.java:doStart(915)) - Started o.e.j.s.ServletContextHandler@4d6c93fd{static,/static,jar:file:/home/runner/.m2/repository/org/apache/ozone/hdds-container-service/1.3.0-SNAPSHOT/hdds-container-service-1.3.0-SNAPSHOT.jar!/webapps/static,AVAILABLE}
2022-06-24 23:44:56,474 [Listener at 127.0.0.1/44795] INFO  handler.ContextHandler (ContextHandler.java:doStart(915)) - Started o.e.j.w.WebAppContext@7f9c22ac{hddsDatanode,/,file:///tmp/jetty-0_0_0_0-45579-hdds-container-service-1_3_0-SNAPSHOT_jar-_-any-4870569619377779464/webapp/,AVAILABLE}{jar:file:/home/runner/.m2/repository/org/apache/ozone/hdds-container-service/1.3.0-SNAPSHOT/hdds-container-service-1.3.0-SNAPSHOT.jar!/webapps/hddsDatanode}
2022-06-24 23:44:56,476 [Listener at 127.0.0.1/44795] INFO  server.AbstractConnector (AbstractConnector.java:doStart(331)) - Started ServerConnector@40783a1c{HTTP/1.1, (http/1.1)}{0.0.0.0:45579}
2022-06-24 23:44:56,476 [Listener at 127.0.0.1/44795] INFO  server.Server (Server.java:doStart(415)) - Started @10057ms
2022-06-24 23:44:56,476 [Listener at 127.0.0.1/44795] WARN  impl.MetricsSystemImpl (MetricsSystemImpl.java:register(279)) - Sink prometheus already exists!
2022-06-24 23:44:56,477 [Listener at 127.0.0.1/44795] INFO  http.BaseHttpServer (BaseHttpServer.java:updateConnectorAddress(329)) - HTTP server of hddsDatanode listening at http://0.0.0.0:45579
2022-06-24 23:44:56,477 [Datanode State Machine Daemon Thread] INFO  statemachine.DatanodeStateMachine (DatanodeStateMachine.java:lambda$startDaemon$0(492)) - Ozone container server started.
2022-06-24 23:44:56,481 [Listener at 127.0.0.1/44795] INFO  ozone.MiniOzoneClusterImpl (MiniOzoneClusterImpl.java:lambda$waitForClusterToBeReady$0(223)) - Waiting for nodes to be ready. Got 0 of 5 DN Heartbeats.
2022-06-24 23:44:56,481 [Listener at 127.0.0.1/44795] INFO  ozone.MiniOzoneClusterImpl (MiniOzoneClusterImpl.java:lambda$waitForClusterToBeReady$0(226)) - Waiting for cluster to exit safe mode
2022-06-24 23:44:56,481 [Listener at 127.0.0.1/44795] INFO  ozone.MiniOzoneClusterImpl (MiniOzoneClusterImpl.java:lambda$waitForClusterToBeReady$0(228)) - SCM became leader
2022-06-24 23:44:56,495 [org.apache.hadoop.util.JvmPauseMonitor$Monitor@359b47e7] INFO  util.JvmPauseMonitor (JvmPauseMonitor.java:run(188)) - Starting JVM pause monitor
2022-06-24 23:44:56,499 [Datanode State Machine Task Thread - 0] INFO  datanode.InitDatanodeState (InitDatanodeState.java:persistContainerDatanodeDetails(138)) - DatanodeDetails is persisted to /home/runner/work/ozone/ozone/hadoop-ozone/integration-test/target/test-dir/MiniOzoneClusterImpl-85de49eb-2ce1-4613-814a-bfb310a11337/datanode-4/meta/datanode.id
2022-06-24 23:44:57,049 [EndpointStateMachine task thread for /0.0.0.0:42479 - 0 ] INFO  volume.HddsVolume (HddsVolume.java:createDbStore(309)) - SchemaV3 db is created and loaded at /home/runner/work/ozone/ozone/hadoop-ozone/integration-test/target/test-dir/MiniOzoneClusterImpl-85de49eb-2ce1-4613-814a-bfb310a11337/datanode-0/data-0/containers/hdds/85de49eb-2ce1-4613-814a-bfb310a11337/DS-16249d13-a6e5-4c9e-b406-a1bb4e256aea/container.db for volume DS-16249d13-a6e5-4c9e-b406-a1bb4e256aea
2022-06-24 23:44:57,053 [EndpointStateMachine task thread for /0.0.0.0:42479 - 0 ] INFO  volume.HddsVolume (HddsVolume.java:closeDbStore(340)) - SchemaV3 db is stopped at /home/runner/work/ozone/ozone/hadoop-ozone/integration-test/target/test-dir/MiniOzoneClusterImpl-85de49eb-2ce1-4613-814a-bfb310a11337/datanode-0/data-0/containers/hdds/85de49eb-2ce1-4613-814a-bfb310a11337/DS-16249d13-a6e5-4c9e-b406-a1bb4e256aea/container.db for volume DS-16249d13-a6e5-4c9e-b406-a1bb4e256aea
2022-06-24 23:44:57,053 [EndpointStateMachine task thread for /0.0.0.0:42479 - 0 ] INFO  ozoneimpl.OzoneContainer (OzoneContainer.java:start(344)) - Attempting to start container services.
2022-06-24 23:44:57,056 [EndpointStateMachine task thread for /0.0.0.0:42479 - 0 ] INFO  ozoneimpl.OzoneContainer (OzoneContainer.java:startContainerScrub(279)) - Background container scanner has been disabled.
2022-06-24 23:44:57,058 [EndpointStateMachine task thread for /0.0.0.0:42479 - 0 ] INFO  replication.ReplicationServer (ReplicationServer.java:start(111)) - ReplicationServer is started using port 35287
2022-06-24 23:44:57,060 [EndpointStateMachine task thread for /0.0.0.0:42479 - 0 ] INFO  ratis.XceiverServerRatis (XceiverServerRatis.java:start(481)) - Starting XceiverServerRatis 1cd66e73-07f1-4729-a00f-873523f7ad93
2022-06-24 23:44:57,063 [EndpointStateMachine task thread for /0.0.0.0:42479 - 0 ] INFO  server.RaftServer (RaftServerProxy.java:lambda$start$6(382)) - 1cd66e73-07f1-4729-a00f-873523f7ad93: start RPC server
2022-06-24 23:44:57,069 [EndpointStateMachine task thread for /0.0.0.0:42479 - 0 ] INFO  server.GrpcService (GrpcService.java:startImpl(260)) - 1cd66e73-07f1-4729-a00f-873523f7ad93: GrpcService started, listening on 46017
2022-06-24 23:44:57,070 [EndpointStateMachine task thread for /0.0.0.0:42479 - 0 ] INFO  ratis.XceiverServerRatis (XceiverServerRatis.java:getRealPort(502)) - XceiverServerRatis 1cd66e73-07f1-4729-a00f-873523f7ad93 is started using port 46017 for RATIS
2022-06-24 23:44:57,070 [EndpointStateMachine task thread for /0.0.0.0:42479 - 0 ] INFO  ratis.XceiverServerRatis (XceiverServerRatis.java:getRealPort(502)) - XceiverServerRatis 1cd66e73-07f1-4729-a00f-873523f7ad93 is started using port 46017 for RATIS_ADMIN
2022-06-24 23:44:57,070 [EndpointStateMachine task thread for /0.0.0.0:42479 - 0 ] INFO  ratis.XceiverServerRatis (XceiverServerRatis.java:getRealPort(502)) - XceiverServerRatis 1cd66e73-07f1-4729-a00f-873523f7ad93 is started using port 46017 for RATIS_SERVER
2022-06-24 23:44:57,070 [org.apache.ratis.util.JvmPauseMonitor$$Lambda$627/395666382@7470dde4] INFO  util.JvmPauseMonitor (JvmPauseMonitor.java:run(103)) - JvmPauseMonitor-1cd66e73-07f1-4729-a00f-873523f7ad93: Started
2022-06-24 23:44:57,077 [EndpointStateMachine task thread for /0.0.0.0:42479 - 0 ] INFO  server.XceiverServerGrpc (XceiverServerGrpc.java:start(180)) - XceiverServerGrpc 1cd66e73-07f1-4729-a00f-873523f7ad93 is started using port 41541
2022-06-24 23:44:57,481 [Listener at 127.0.0.1/44795] INFO  ozone.MiniOzoneClusterImpl (MiniOzoneClusterImpl.java:lambda$waitForClusterToBeReady$0(223)) - Waiting for nodes to be ready. Got 0 of 5 DN Heartbeats.
2022-06-24 23:44:57,481 [Listener at 127.0.0.1/44795] INFO  ozone.MiniOzoneClusterImpl (MiniOzoneClusterImpl.java:lambda$waitForClusterToBeReady$0(226)) - Waiting for cluster to exit safe mode
2022-06-24 23:44:57,481 [Listener at 127.0.0.1/44795] INFO  ozone.MiniOzoneClusterImpl (MiniOzoneClusterImpl.java:lambda$waitForClusterToBeReady$0(228)) - SCM became leader
2022-06-24 23:44:57,530 [EndpointStateMachine task thread for /0.0.0.0:42479 - 0 ] INFO  volume.HddsVolume (HddsVolume.java:createDbStore(309)) - SchemaV3 db is created and loaded at /home/runner/work/ozone/ozone/hadoop-ozone/integration-test/target/test-dir/MiniOzoneClusterImpl-85de49eb-2ce1-4613-814a-bfb310a11337/datanode-1/data-0/containers/hdds/85de49eb-2ce1-4613-814a-bfb310a11337/DS-579d33d8-340d-4a25-8294-43c05c7fe9fa/container.db for volume DS-579d33d8-340d-4a25-8294-43c05c7fe9fa
2022-06-24 23:44:57,530 [EndpointStateMachine task thread for /0.0.0.0:42479 - 0 ] INFO  volume.HddsVolume (HddsVolume.java:closeDbStore(340)) - SchemaV3 db is stopped at /home/runner/work/ozone/ozone/hadoop-ozone/integration-test/target/test-dir/MiniOzoneClusterImpl-85de49eb-2ce1-4613-814a-bfb310a11337/datanode-1/data-0/containers/hdds/85de49eb-2ce1-4613-814a-bfb310a11337/DS-579d33d8-340d-4a25-8294-43c05c7fe9fa/container.db for volume DS-579d33d8-340d-4a25-8294-43c05c7fe9fa
2022-06-24 23:44:57,530 [EndpointStateMachine task thread for /0.0.0.0:42479 - 0 ] INFO  ozoneimpl.OzoneContainer (OzoneContainer.java:start(344)) - Attempting to start container services.
2022-06-24 23:44:57,531 [EndpointStateMachine task thread for /0.0.0.0:42479 - 0 ] INFO  ozoneimpl.OzoneContainer (OzoneContainer.java:startContainerScrub(279)) - Background container scanner has been disabled.
2022-06-24 23:44:57,535 [EndpointStateMachine task thread for /0.0.0.0:42479 - 0 ] INFO  replication.ReplicationServer (ReplicationServer.java:start(111)) - ReplicationServer is started using port 45717
2022-06-24 23:44:57,535 [EndpointStateMachine task thread for /0.0.0.0:42479 - 0 ] INFO  ratis.XceiverServerRatis (XceiverServerRatis.java:start(481)) - Starting XceiverServerRatis 18423a42-f8bb-48b0-9845-301087e2fcde
2022-06-24 23:44:57,539 [EndpointStateMachine task thread for /0.0.0.0:42479 - 0 ] INFO  server.RaftServer (RaftServerProxy.java:lambda$start$6(382)) - 18423a42-f8bb-48b0-9845-301087e2fcde: start RPC server
2022-06-24 23:44:57,541 [EndpointStateMachine task thread for /0.0.0.0:42479 - 0 ] INFO  server.GrpcService (GrpcService.java:startImpl(260)) - 18423a42-f8bb-48b0-9845-301087e2fcde: GrpcService started, listening on 45671
2022-06-24 23:44:57,542 [EndpointStateMachine task thread for /0.0.0.0:42479 - 0 ] INFO  ratis.XceiverServerRatis (XceiverServerRatis.java:getRealPort(502)) - XceiverServerRatis 18423a42-f8bb-48b0-9845-301087e2fcde is started using port 45671 for RATIS
2022-06-24 23:44:57,542 [EndpointStateMachine task thread for /0.0.0.0:42479 - 0 ] INFO  ratis.XceiverServerRatis (XceiverServerRatis.java:getRealPort(502)) - XceiverServerRatis 18423a42-f8bb-48b0-9845-301087e2fcde is started using port 45671 for RATIS_ADMIN
2022-06-24 23:44:57,542 [EndpointStateMachine task thread for /0.0.0.0:42479 - 0 ] INFO  ratis.XceiverServerRatis (XceiverServerRatis.java:getRealPort(502)) - XceiverServerRatis 18423a42-f8bb-48b0-9845-301087e2fcde is started using port 45671 for RATIS_SERVER
2022-06-24 23:44:57,543 [org.apache.ratis.util.JvmPauseMonitor$$Lambda$627/395666382@3ba45f19] INFO  util.JvmPauseMonitor (JvmPauseMonitor.java:run(103)) - JvmPauseMonitor-18423a42-f8bb-48b0-9845-301087e2fcde: Started
2022-06-24 23:44:57,548 [EndpointStateMachine task thread for /0.0.0.0:42479 - 0 ] INFO  server.XceiverServerGrpc (XceiverServerGrpc.java:start(180)) - XceiverServerGrpc 18423a42-f8bb-48b0-9845-301087e2fcde is started using port 36383
2022-06-24 23:44:57,896 [EndpointStateMachine task thread for /0.0.0.0:42479 - 0 ] INFO  volume.HddsVolume (HddsVolume.java:createDbStore(309)) - SchemaV3 db is created and loaded at /home/runner/work/ozone/ozone/hadoop-ozone/integration-test/target/test-dir/MiniOzoneClusterImpl-85de49eb-2ce1-4613-814a-bfb310a11337/datanode-2/data-0/containers/hdds/85de49eb-2ce1-4613-814a-bfb310a11337/DS-c791be3d-7e79-4e98-a08c-5e7ae63d59d1/container.db for volume DS-c791be3d-7e79-4e98-a08c-5e7ae63d59d1
2022-06-24 23:44:57,896 [EndpointStateMachine task thread for /0.0.0.0:42479 - 0 ] INFO  volume.HddsVolume (HddsVolume.java:closeDbStore(340)) - SchemaV3 db is stopped at /home/runner/work/ozone/ozone/hadoop-ozone/integration-test/target/test-dir/MiniOzoneClusterImpl-85de49eb-2ce1-4613-814a-bfb310a11337/datanode-2/data-0/containers/hdds/85de49eb-2ce1-4613-814a-bfb310a11337/DS-c791be3d-7e79-4e98-a08c-5e7ae63d59d1/container.db for volume DS-c791be3d-7e79-4e98-a08c-5e7ae63d59d1
2022-06-24 23:44:57,896 [EndpointStateMachine task thread for /0.0.0.0:42479 - 0 ] INFO  ozoneimpl.OzoneContainer (OzoneContainer.java:start(344)) - Attempting to start container services.
2022-06-24 23:44:57,897 [EndpointStateMachine task thread for /0.0.0.0:42479 - 0 ] INFO  ozoneimpl.OzoneContainer (OzoneContainer.java:startContainerScrub(279)) - Background container scanner has been disabled.
2022-06-24 23:44:57,899 [EndpointStateMachine task thread for /0.0.0.0:42479 - 0 ] INFO  replication.ReplicationServer (ReplicationServer.java:start(111)) - ReplicationServer is started using port 38909
2022-06-24 23:44:57,899 [EndpointStateMachine task thread for /0.0.0.0:42479 - 0 ] INFO  ratis.XceiverServerRatis (XceiverServerRatis.java:start(481)) - Starting XceiverServerRatis c0c3f727-3a57-4cf2-9ef3-302a01638126
2022-06-24 23:44:57,900 [EndpointStateMachine task thread for /0.0.0.0:42479 - 0 ] INFO  server.RaftServer (RaftServerProxy.java:lambda$start$6(382)) - c0c3f727-3a57-4cf2-9ef3-302a01638126: start RPC server
2022-06-24 23:44:57,907 [EndpointStateMachine task thread for /0.0.0.0:42479 - 0 ] INFO  server.GrpcService (GrpcService.java:startImpl(260)) - c0c3f727-3a57-4cf2-9ef3-302a01638126: GrpcService started, listening on 32921
2022-06-24 23:44:57,908 [EndpointStateMachine task thread for /0.0.0.0:42479 - 0 ] INFO  ratis.XceiverServerRatis (XceiverServerRatis.java:getRealPort(502)) - XceiverServerRatis c0c3f727-3a57-4cf2-9ef3-302a01638126 is started using port 32921 for RATIS
2022-06-24 23:44:57,908 [EndpointStateMachine task thread for /0.0.0.0:42479 - 0 ] INFO  ratis.XceiverServerRatis (XceiverServerRatis.java:getRealPort(502)) - XceiverServerRatis c0c3f727-3a57-4cf2-9ef3-302a01638126 is started using port 32921 for RATIS_ADMIN
2022-06-24 23:44:57,908 [EndpointStateMachine task thread for /0.0.0.0:42479 - 0 ] INFO  ratis.XceiverServerRatis (XceiverServerRatis.java:getRealPort(502)) - XceiverServerRatis c0c3f727-3a57-4cf2-9ef3-302a01638126 is started using port 32921 for RATIS_SERVER
2022-06-24 23:44:57,908 [org.apache.ratis.util.JvmPauseMonitor$$Lambda$627/395666382@5e9af74e] INFO  util.JvmPauseMonitor (JvmPauseMonitor.java:run(103)) - JvmPauseMonitor-c0c3f727-3a57-4cf2-9ef3-302a01638126: Started
2022-06-24 23:44:57,913 [EndpointStateMachine task thread for /0.0.0.0:42479 - 0 ] INFO  server.XceiverServerGrpc (XceiverServerGrpc.java:start(180)) - XceiverServerGrpc c0c3f727-3a57-4cf2-9ef3-302a01638126 is started using port 35853
2022-06-24 23:44:58,229 [EndpointStateMachine task thread for /0.0.0.0:42479 - 0 ] INFO  volume.HddsVolume (HddsVolume.java:createDbStore(309)) - SchemaV3 db is created and loaded at /home/runner/work/ozone/ozone/hadoop-ozone/integration-test/target/test-dir/MiniOzoneClusterImpl-85de49eb-2ce1-4613-814a-bfb310a11337/datanode-3/data-0/containers/hdds/85de49eb-2ce1-4613-814a-bfb310a11337/DS-f2eaec83-c644-4cf7-a219-d79ead8005ae/container.db for volume DS-f2eaec83-c644-4cf7-a219-d79ead8005ae
2022-06-24 23:44:58,230 [EndpointStateMachine task thread for /0.0.0.0:42479 - 0 ] INFO  volume.HddsVolume (HddsVolume.java:closeDbStore(340)) - SchemaV3 db is stopped at /home/runner/work/ozone/ozone/hadoop-ozone/integration-test/target/test-dir/MiniOzoneClusterImpl-85de49eb-2ce1-4613-814a-bfb310a11337/datanode-3/data-0/containers/hdds/85de49eb-2ce1-4613-814a-bfb310a11337/DS-f2eaec83-c644-4cf7-a219-d79ead8005ae/container.db for volume DS-f2eaec83-c644-4cf7-a219-d79ead8005ae
2022-06-24 23:44:58,230 [EndpointStateMachine task thread for /0.0.0.0:42479 - 0 ] INFO  ozoneimpl.OzoneContainer (OzoneContainer.java:start(344)) - Attempting to start container services.
2022-06-24 23:44:58,230 [EndpointStateMachine task thread for /0.0.0.0:42479 - 0 ] INFO  ozoneimpl.OzoneContainer (OzoneContainer.java:startContainerScrub(279)) - Background container scanner has been disabled.
2022-06-24 23:44:58,232 [EndpointStateMachine task thread for /0.0.0.0:42479 - 0 ] INFO  replication.ReplicationServer (ReplicationServer.java:start(111)) - ReplicationServer is started using port 34231
2022-06-24 23:44:58,233 [EndpointStateMachine task thread for /0.0.0.0:42479 - 0 ] INFO  ratis.XceiverServerRatis (XceiverServerRatis.java:start(481)) - Starting XceiverServerRatis 81e412cb-c007-41b2-a8bf-200042a7632d
2022-06-24 23:44:58,235 [EndpointStateMachine task thread for /0.0.0.0:42479 - 0 ] INFO  server.RaftServer (RaftServerProxy.java:lambda$start$6(382)) - 81e412cb-c007-41b2-a8bf-200042a7632d: start RPC server
2022-06-24 23:44:58,237 [EndpointStateMachine task thread for /0.0.0.0:42479 - 0 ] INFO  server.GrpcService (GrpcService.java:startImpl(260)) - 81e412cb-c007-41b2-a8bf-200042a7632d: GrpcService started, listening on 40693
2022-06-24 23:44:58,239 [EndpointStateMachine task thread for /0.0.0.0:42479 - 0 ] INFO  ratis.XceiverServerRatis (XceiverServerRatis.java:getRealPort(502)) - XceiverServerRatis 81e412cb-c007-41b2-a8bf-200042a7632d is started using port 40693 for RATIS
2022-06-24 23:44:58,239 [EndpointStateMachine task thread for /0.0.0.0:42479 - 0 ] INFO  ratis.XceiverServerRatis (XceiverServerRatis.java:getRealPort(502)) - XceiverServerRatis 81e412cb-c007-41b2-a8bf-200042a7632d is started using port 40693 for RATIS_ADMIN
2022-06-24 23:44:58,239 [EndpointStateMachine task thread for /0.0.0.0:42479 - 0 ] INFO  ratis.XceiverServerRatis (XceiverServerRatis.java:getRealPort(502)) - XceiverServerRatis 81e412cb-c007-41b2-a8bf-200042a7632d is started using port 40693 for RATIS_SERVER
2022-06-24 23:44:58,240 [org.apache.ratis.util.JvmPauseMonitor$$Lambda$627/395666382@713a5c1] INFO  util.JvmPauseMonitor (JvmPauseMonitor.java:run(103)) - JvmPauseMonitor-81e412cb-c007-41b2-a8bf-200042a7632d: Started
2022-06-24 23:44:58,242 [EndpointStateMachine task thread for /0.0.0.0:42479 - 0 ] INFO  server.XceiverServerGrpc (XceiverServerGrpc.java:start(180)) - XceiverServerGrpc 81e412cb-c007-41b2-a8bf-200042a7632d is started using port 39103
2022-06-24 23:44:58,482 [Listener at 127.0.0.1/44795] INFO  ozone.MiniOzoneClusterImpl (MiniOzoneClusterImpl.java:lambda$waitForClusterToBeReady$0(223)) - Waiting for nodes to be ready. Got 0 of 5 DN Heartbeats.
2022-06-24 23:44:58,482 [Listener at 127.0.0.1/44795] INFO  ozone.MiniOzoneClusterImpl (MiniOzoneClusterImpl.java:lambda$waitForClusterToBeReady$0(226)) - Waiting for cluster to exit safe mode
2022-06-24 23:44:58,482 [Listener at 127.0.0.1/44795] INFO  ozone.MiniOzoneClusterImpl (MiniOzoneClusterImpl.java:lambda$waitForClusterToBeReady$0(228)) - SCM became leader
2022-06-24 23:44:58,529 [EndpointStateMachine task thread for /0.0.0.0:42479 - 0 ] INFO  volume.HddsVolume (HddsVolume.java:createDbStore(309)) - SchemaV3 db is created and loaded at /home/runner/work/ozone/ozone/hadoop-ozone/integration-test/target/test-dir/MiniOzoneClusterImpl-85de49eb-2ce1-4613-814a-bfb310a11337/datanode-4/data-0/containers/hdds/85de49eb-2ce1-4613-814a-bfb310a11337/DS-7c7dc432-8e2a-44dc-9f9b-a03c739c4275/container.db for volume DS-7c7dc432-8e2a-44dc-9f9b-a03c739c4275
2022-06-24 23:44:58,529 [EndpointStateMachine task thread for /0.0.0.0:42479 - 0 ] INFO  volume.HddsVolume (HddsVolume.java:closeDbStore(340)) - SchemaV3 db is stopped at /home/runner/work/ozone/ozone/hadoop-ozone/integration-test/target/test-dir/MiniOzoneClusterImpl-85de49eb-2ce1-4613-814a-bfb310a11337/datanode-4/data-0/containers/hdds/85de49eb-2ce1-4613-814a-bfb310a11337/DS-7c7dc432-8e2a-44dc-9f9b-a03c739c4275/container.db for volume DS-7c7dc432-8e2a-44dc-9f9b-a03c739c4275
2022-06-24 23:44:58,530 [EndpointStateMachine task thread for /0.0.0.0:42479 - 0 ] INFO  ozoneimpl.OzoneContainer (OzoneContainer.java:start(344)) - Attempting to start container services.
2022-06-24 23:44:58,530 [EndpointStateMachine task thread for /0.0.0.0:42479 - 0 ] INFO  ozoneimpl.OzoneContainer (OzoneContainer.java:startContainerScrub(279)) - Background container scanner has been disabled.
2022-06-24 23:44:58,532 [EndpointStateMachine task thread for /0.0.0.0:42479 - 0 ] INFO  replication.ReplicationServer (ReplicationServer.java:start(111)) - ReplicationServer is started using port 44381
2022-06-24 23:44:58,533 [EndpointStateMachine task thread for /0.0.0.0:42479 - 0 ] INFO  ratis.XceiverServerRatis (XceiverServerRatis.java:start(481)) - Starting XceiverServerRatis 195e3a17-4c6d-4f40-b013-a6f8b27716a1
2022-06-24 23:44:58,533 [EndpointStateMachine task thread for /0.0.0.0:42479 - 0 ] INFO  server.RaftServer (RaftServerProxy.java:lambda$start$6(382)) - 195e3a17-4c6d-4f40-b013-a6f8b27716a1: start RPC server
2022-06-24 23:44:58,534 [EndpointStateMachine task thread for /0.0.0.0:42479 - 0 ] INFO  server.GrpcService (GrpcService.java:startImpl(260)) - 195e3a17-4c6d-4f40-b013-a6f8b27716a1: GrpcService started, listening on 38197
2022-06-24 23:44:58,535 [EndpointStateMachine task thread for /0.0.0.0:42479 - 0 ] INFO  ratis.XceiverServerRatis (XceiverServerRatis.java:getRealPort(502)) - XceiverServerRatis 195e3a17-4c6d-4f40-b013-a6f8b27716a1 is started using port 38197 for RATIS
2022-06-24 23:44:58,535 [EndpointStateMachine task thread for /0.0.0.0:42479 - 0 ] INFO  ratis.XceiverServerRatis (XceiverServerRatis.java:getRealPort(502)) - XceiverServerRatis 195e3a17-4c6d-4f40-b013-a6f8b27716a1 is started using port 38197 for RATIS_ADMIN
2022-06-24 23:44:58,535 [EndpointStateMachine task thread for /0.0.0.0:42479 - 0 ] INFO  ratis.XceiverServerRatis (XceiverServerRatis.java:getRealPort(502)) - XceiverServerRatis 195e3a17-4c6d-4f40-b013-a6f8b27716a1 is started using port 38197 for RATIS_SERVER
2022-06-24 23:44:58,535 [org.apache.ratis.util.JvmPauseMonitor$$Lambda$627/395666382@5ecd6488] INFO  util.JvmPauseMonitor (JvmPauseMonitor.java:run(103)) - JvmPauseMonitor-195e3a17-4c6d-4f40-b013-a6f8b27716a1: Started
2022-06-24 23:44:58,538 [EndpointStateMachine task thread for /0.0.0.0:42479 - 0 ] INFO  server.XceiverServerGrpc (XceiverServerGrpc.java:start(180)) - XceiverServerGrpc 195e3a17-4c6d-4f40-b013-a6f8b27716a1 is started using port 45083
2022-06-24 23:44:58,946 [IPC Server handler 0 on default port 42479] INFO  net.NetworkTopologyImpl (NetworkTopologyImpl.java:add(112)) - Added a new node: /default-rack/1cd66e73-07f1-4729-a00f-873523f7ad93
2022-06-24 23:44:58,948 [IPC Server handler 0 on default port 42479] INFO  node.SCMNodeManager (SCMNodeManager.java:register(397)) - Registered Data node : 1cd66e73-07f1-4729-a00f-873523f7ad93{ip: 10.1.0.24, host: fv-az21-224.v4iizcarkezebbfea14bcgzyke.bx.internal.cloudapp.net, ports: [REPLICATION=35287, RATIS=46017, RATIS_ADMIN=46017, RATIS_SERVER=46017, STANDALONE=41541], networkLocation: /default-rack, certSerialId: null, persistedOpState: null, persistedOpStateExpiryEpochSec: 0}
2022-06-24 23:44:58,952 [EventQueue-NewNodeForNewNodeHandler] INFO  pipeline.BackgroundPipelineCreator (BackgroundPipelineCreator.java:notifyEventTriggered(275)) - trigger a one-shot run on RatisPipelineUtilsThread.
2022-06-24 23:44:58,962 [RatisPipelineUtilsThread - 0] INFO  pipeline.RatisPipelineProvider (RatisPipelineProvider.java:lambda$create$0(195)) - Sending CreatePipelineCommand for pipeline:PipelineID=d92e3780-5c7a-419a-9812-948803c488c1 to datanode:1cd66e73-07f1-4729-a00f-873523f7ad93
2022-06-24 23:44:58,962 [EventQueue-NodeRegistrationContainerReportForContainerSafeModeRule] INFO  safemode.SCMSafeModeManager (SCMSafeModeManager.java:validateSafeModeExitRules(204)) - ContainerSafeModeRule rule is successfully validated
2022-06-24 23:44:58,963 [EventQueue-NodeRegistrationContainerReportForDataNodeSafeModeRule] INFO  safemode.SCMSafeModeManager (DataNodeSafeModeRule.java:process(71)) - SCM in safe mode. 1 DataNodes registered, 3 required.
2022-06-24 23:44:58,963 [EventQueue-PipelineReportForOneReplicaPipelineSafeModeRule] INFO  safemode.SCMSafeModeManager (SCMSafeModeManager.java:validateSafeModeExitRules(204)) - AtleastOneDatanodeReportedRule rule is successfully validated
2022-06-24 23:44:58,975 [RatisPipelineUtilsThread - 0] INFO  pipeline.PipelineStateManagerImpl (PipelineStateManagerImpl.java:addPipeline(101)) - Created pipeline Pipeline[ Id: d92e3780-5c7a-419a-9812-948803c488c1, Nodes: 1cd66e73-07f1-4729-a00f-873523f7ad93{ip: 10.1.0.24, host: fv-az21-224.v4iizcarkezebbfea14bcgzyke.bx.internal.cloudapp.net, ports: [REPLICATION=35287, RATIS=46017, RATIS_ADMIN=46017, RATIS_SERVER=46017, STANDALONE=41541], networkLocation: /default-rack, certSerialId: null, persistedOpState: IN_SERVICE, persistedOpStateExpiryEpochSec: 0}, ReplicationConfig: RATIS/ONE, State:ALLOCATED, leaderId:, CreationTimestamp2022-06-24T23:44:58.958Z[Etc/UTC]].
2022-06-24 23:44:59,483 [Listener at 127.0.0.1/44795] INFO  ozone.MiniOzoneClusterImpl (MiniOzoneClusterImpl.java:lambda$waitForClusterToBeReady$0(223)) - Waiting for nodes to be ready. Got 1 of 5 DN Heartbeats.
2022-06-24 23:44:59,483 [Listener at 127.0.0.1/44795] INFO  ozone.MiniOzoneClusterImpl (MiniOzoneClusterImpl.java:lambda$waitForClusterToBeReady$0(226)) - Waiting for cluster to exit safe mode
2022-06-24 23:44:59,483 [Listener at 127.0.0.1/44795] INFO  ozone.MiniOzoneClusterImpl (MiniOzoneClusterImpl.java:lambda$waitForClusterToBeReady$0(228)) - SCM became leader
2022-06-24 23:44:59,489 [IPC Server handler 2 on default port 42479] INFO  net.NetworkTopologyImpl (NetworkTopologyImpl.java:add(112)) - Added a new node: /default-rack/18423a42-f8bb-48b0-9845-301087e2fcde
2022-06-24 23:44:59,490 [IPC Server handler 2 on default port 42479] INFO  node.SCMNodeManager (SCMNodeManager.java:register(397)) - Registered Data node : 18423a42-f8bb-48b0-9845-301087e2fcde{ip: 10.1.0.24, host: fv-az21-224.v4iizcarkezebbfea14bcgzyke.bx.internal.cloudapp.net, ports: [REPLICATION=45717, RATIS=45671, RATIS_ADMIN=45671, RATIS_SERVER=45671, STANDALONE=36383], networkLocation: /default-rack, certSerialId: null, persistedOpState: null, persistedOpStateExpiryEpochSec: 0}
2022-06-24 23:44:59,491 [EventQueue-NewNodeForNewNodeHandler] INFO  pipeline.BackgroundPipelineCreator (BackgroundPipelineCreator.java:notifyEventTriggered(275)) - trigger a one-shot run on RatisPipelineUtilsThread.
2022-06-24 23:44:59,491 [EventQueue-NodeRegistrationContainerReportForDataNodeSafeModeRule] INFO  safemode.SCMSafeModeManager (DataNodeSafeModeRule.java:process(71)) - SCM in safe mode. 2 DataNodes registered, 3 required.
2022-06-24 23:44:59,492 [RatisPipelineUtilsThread - 0] INFO  pipeline.RatisPipelineProvider (RatisPipelineProvider.java:lambda$create$0(195)) - Sending CreatePipelineCommand for pipeline:PipelineID=83151976-0cfc-4fcf-b184-fb7c752e7519 to datanode:18423a42-f8bb-48b0-9845-301087e2fcde
2022-06-24 23:44:59,493 [RatisPipelineUtilsThread - 0] INFO  pipeline.PipelineStateManagerImpl (PipelineStateManagerImpl.java:addPipeline(101)) - Created pipeline Pipeline[ Id: 83151976-0cfc-4fcf-b184-fb7c752e7519, Nodes: 18423a42-f8bb-48b0-9845-301087e2fcde{ip: 10.1.0.24, host: fv-az21-224.v4iizcarkezebbfea14bcgzyke.bx.internal.cloudapp.net, ports: [REPLICATION=45717, RATIS=45671, RATIS_ADMIN=45671, RATIS_SERVER=45671, STANDALONE=36383], networkLocation: /default-rack, certSerialId: null, persistedOpState: IN_SERVICE, persistedOpStateExpiryEpochSec: 0}, ReplicationConfig: RATIS/ONE, State:ALLOCATED, leaderId:, CreationTimestamp2022-06-24T23:44:59.492Z[Etc/UTC]].
2022-06-24 23:44:59,865 [IPC Server handler 1 on default port 42479] INFO  net.NetworkTopologyImpl (NetworkTopologyImpl.java:add(112)) - Added a new node: /default-rack/c0c3f727-3a57-4cf2-9ef3-302a01638126
2022-06-24 23:44:59,865 [IPC Server handler 1 on default port 42479] INFO  node.SCMNodeManager (SCMNodeManager.java:register(397)) - Registered Data node : c0c3f727-3a57-4cf2-9ef3-302a01638126{ip: 10.1.0.24, host: fv-az21-224.v4iizcarkezebbfea14bcgzyke.bx.internal.cloudapp.net, ports: [REPLICATION=38909, RATIS=32921, RATIS_ADMIN=32921, RATIS_SERVER=32921, STANDALONE=35853], networkLocation: /default-rack, certSerialId: null, persistedOpState: null, persistedOpStateExpiryEpochSec: 0}
2022-06-24 23:44:59,865 [EventQueue-NewNodeForNewNodeHandler] INFO  pipeline.BackgroundPipelineCreator (BackgroundPipelineCreator.java:notifyEventTriggered(275)) - trigger a one-shot run on RatisPipelineUtilsThread.
2022-06-24 23:44:59,866 [EventQueue-NodeRegistrationContainerReportForDataNodeSafeModeRule] INFO  safemode.SCMSafeModeManager (DataNodeSafeModeRule.java:process(71)) - SCM in safe mode. 3 DataNodes registered, 3 required.
2022-06-24 23:44:59,867 [RatisPipelineUtilsThread - 0] INFO  pipeline.RatisPipelineProvider (RatisPipelineProvider.java:lambda$create$0(195)) - Sending CreatePipelineCommand for pipeline:PipelineID=981b9a80-7b1b-4242-a17c-9499243c0d3b to datanode:c0c3f727-3a57-4cf2-9ef3-302a01638126
2022-06-24 23:44:59,867 [EventQueue-NodeRegistrationContainerReportForDataNodeSafeModeRule] INFO  safemode.SCMSafeModeManager (SCMSafeModeManager.java:validateSafeModeExitRules(204)) - DataNodeSafeModeRule rule is successfully validated
2022-06-24 23:44:59,867 [RatisPipelineUtilsThread - 0] INFO  pipeline.PipelineStateManagerImpl (PipelineStateManagerImpl.java:addPipeline(101)) - Created pipeline Pipeline[ Id: 981b9a80-7b1b-4242-a17c-9499243c0d3b, Nodes: c0c3f727-3a57-4cf2-9ef3-302a01638126{ip: 10.1.0.24, host: fv-az21-224.v4iizcarkezebbfea14bcgzyke.bx.internal.cloudapp.net, ports: [REPLICATION=38909, RATIS=32921, RATIS_ADMIN=32921, RATIS_SERVER=32921, STANDALONE=35853], networkLocation: /default-rack, certSerialId: null, persistedOpState: IN_SERVICE, persistedOpStateExpiryEpochSec: 0}, ReplicationConfig: RATIS/ONE, State:ALLOCATED, leaderId:, CreationTimestamp2022-06-24T23:44:59.866Z[Etc/UTC]].
2022-06-24 23:44:59,867 [EventQueue-NodeRegistrationContainerReportForDataNodeSafeModeRule] INFO  safemode.SCMSafeModeManager (SCMSafeModeManager.java:completePreCheck(233)) - All SCM safe mode pre check rules have passed
2022-06-24 23:44:59,868 [EventQueue-NodeRegistrationContainerReportForDataNodeSafeModeRule] WARN  events.EventQueue (EventQueue.java:fireEvent(216)) - No event handler registered for event TypedEvent{payloadType=SafeModeStatus, name='Safe mode status'}
2022-06-24 23:44:59,868 [EventQueue-NodeRegistrationContainerReportForDataNodeSafeModeRule] INFO  ha.SCMContext (SCMContext.java:updateSafeModeStatus(228)) - Update SafeModeStatus from SafeModeStatus{safeModeStatus=true, preCheckPassed=false} to SafeModeStatus{safeModeStatus=true, preCheckPassed=true}.
2022-06-24 23:44:59,868 [EventQueue-NodeRegistrationContainerReportForDataNodeSafeModeRule] INFO  pipeline.BackgroundPipelineCreator (BackgroundPipelineCreator.java:notifyEventTriggered(275)) - trigger a one-shot run on RatisPipelineUtilsThread.
2022-06-24 23:44:59,871 [RatisPipelineUtilsThread - 0] INFO  pipeline.RatisPipelineProvider (RatisPipelineProvider.java:lambda$create$0(195)) - Sending CreatePipelineCommand for pipeline:PipelineID=ef3eb1a0-c051-4623-9f43-1bf5799665a0 to datanode:1cd66e73-07f1-4729-a00f-873523f7ad93
2022-06-24 23:44:59,872 [RatisPipelineUtilsThread - 0] INFO  pipeline.RatisPipelineProvider (RatisPipelineProvider.java:lambda$create$0(195)) - Sending CreatePipelineCommand for pipeline:PipelineID=ef3eb1a0-c051-4623-9f43-1bf5799665a0 to datanode:c0c3f727-3a57-4cf2-9ef3-302a01638126
2022-06-24 23:44:59,872 [RatisPipelineUtilsThread - 0] INFO  pipeline.RatisPipelineProvider (RatisPipelineProvider.java:lambda$create$0(195)) - Sending CreatePipelineCommand for pipeline:PipelineID=ef3eb1a0-c051-4623-9f43-1bf5799665a0 to datanode:18423a42-f8bb-48b0-9845-301087e2fcde
2022-06-24 23:44:59,872 [RatisPipelineUtilsThread - 0] INFO  pipeline.PipelineStateManagerImpl (PipelineStateManagerImpl.java:addPipeline(101)) - Created pipeline Pipeline[ Id: ef3eb1a0-c051-4623-9f43-1bf5799665a0, Nodes: 1cd66e73-07f1-4729-a00f-873523f7ad93{ip: 10.1.0.24, host: fv-az21-224.v4iizcarkezebbfea14bcgzyke.bx.internal.cloudapp.net, ports: [REPLICATION=35287, RATIS=46017, RATIS_ADMIN=46017, RATIS_SERVER=46017, STANDALONE=41541], networkLocation: /default-rack, certSerialId: null, persistedOpState: IN_SERVICE, persistedOpStateExpiryEpochSec: 0}c0c3f727-3a57-4cf2-9ef3-302a01638126{ip: 10.1.0.24, host: fv-az21-224.v4iizcarkezebbfea14bcgzyke.bx.internal.cloudapp.net, ports: [REPLICATION=38909, RATIS=32921, RATIS_ADMIN=32921, RATIS_SERVER=32921, STANDALONE=35853], networkLocation: /default-rack, certSerialId: null, persistedOpState: IN_SERVICE, persistedOpStateExpiryEpochSec: 0}18423a42-f8bb-48b0-9845-301087e2fcde{ip: 10.1.0.24, host: fv-az21-224.v4iizcarkezebbfea14bcgzyke.bx.internal.cloudapp.net, ports: [REPLICATION=45717, RATIS=45671, RATIS_ADMIN=45671, RATIS_SERVER=45671, STANDALONE=36383], networkLocation: /default-rack, certSerialId: null, persistedOpState: IN_SERVICE, persistedOpStateExpiryEpochSec: 0}, ReplicationConfig: RATIS/THREE, State:ALLOCATED, leaderId:, CreationTimestamp2022-06-24T23:44:59.871Z[Etc/UTC]].
2022-06-24 23:44:59,873 [RatisPipelineUtilsThread - 0] INFO  pipeline.RatisPipelineProvider (RatisPipelineProvider.java:lambda$create$0(195)) - Sending CreatePipelineCommand for pipeline:PipelineID=997d2440-d3f2-4afe-baa1-776f56fa1288 to datanode:18423a42-f8bb-48b0-9845-301087e2fcde
2022-06-24 23:44:59,873 [RatisPipelineUtilsThread - 0] INFO  pipeline.RatisPipelineProvider (RatisPipelineProvider.java:lambda$create$0(195)) - Sending CreatePipelineCommand for pipeline:PipelineID=997d2440-d3f2-4afe-baa1-776f56fa1288 to datanode:c0c3f727-3a57-4cf2-9ef3-302a01638126
2022-06-24 23:44:59,873 [RatisPipelineUtilsThread - 0] INFO  pipeline.RatisPipelineProvider (RatisPipelineProvider.java:lambda$create$0(195)) - Sending CreatePipelineCommand for pipeline:PipelineID=997d2440-d3f2-4afe-baa1-776f56fa1288 to datanode:1cd66e73-07f1-4729-a00f-873523f7ad93
2022-06-24 23:44:59,874 [RatisPipelineUtilsThread - 0] INFO  pipeline.PipelineStateManagerImpl (PipelineStateManagerImpl.java:addPipeline(101)) - Created pipeline Pipeline[ Id: 997d2440-d3f2-4afe-baa1-776f56fa1288, Nodes: 18423a42-f8bb-48b0-9845-301087e2fcde{ip: 10.1.0.24, host: fv-az21-224.v4iizcarkezebbfea14bcgzyke.bx.internal.cloudapp.net, ports: [REPLICATION=45717, RATIS=45671, RATIS_ADMIN=45671, RATIS_SERVER=45671, STANDALONE=36383], networkLocation: /default-rack, certSerialId: null, persistedOpState: IN_SERVICE, persistedOpStateExpiryEpochSec: 0}c0c3f727-3a57-4cf2-9ef3-302a01638126{ip: 10.1.0.24, host: fv-az21-224.v4iizcarkezebbfea14bcgzyke.bx.internal.cloudapp.net, ports: [REPLICATION=38909, RATIS=32921, RATIS_ADMIN=32921, RATIS_SERVER=32921, STANDALONE=35853], networkLocation: /default-rack, certSerialId: null, persistedOpState: IN_SERVICE, persistedOpStateExpiryEpochSec: 0}1cd66e73-07f1-4729-a00f-873523f7ad93{ip: 10.1.0.24, host: fv-az21-224.v4iizcarkezebbfea14bcgzyke.bx.internal.cloudapp.net, ports: [REPLICATION=35287, RATIS=46017, RATIS_ADMIN=46017, RATIS_SERVER=46017, STANDALONE=41541], networkLocation: /default-rack, certSerialId: null, persistedOpState: IN_SERVICE, persistedOpStateExpiryEpochSec: 0}, ReplicationConfig: RATIS/THREE, State:ALLOCATED, leaderId:, CreationTimestamp2022-06-24T23:44:59.873Z[Etc/UTC]].
2022-06-24 23:44:59,875 [RatisPipelineUtilsThread - 0] INFO  pipeline.PipelineManagerImpl (PipelineManagerImpl.java:recordMetricsForPipeline(780)) - Pipeline: PipelineID=997d2440-d3f2-4afe-baa1-776f56fa1288 contains same datanodes as previous pipelines: PipelineID=ef3eb1a0-c051-4623-9f43-1bf5799665a0 nodeIds: 18423a42-f8bb-48b0-9845-301087e2fcde, c0c3f727-3a57-4cf2-9ef3-302a01638126, 1cd66e73-07f1-4729-a00f-873523f7ad93
2022-06-24 23:45:00,188 [IPC Server handler 2 on default port 42479] INFO  net.NetworkTopologyImpl (NetworkTopologyImpl.java:add(112)) - Added a new node: /default-rack/81e412cb-c007-41b2-a8bf-200042a7632d
2022-06-24 23:45:00,189 [IPC Server handler 2 on default port 42479] INFO  node.SCMNodeManager (SCMNodeManager.java:register(397)) - Registered Data node : 81e412cb-c007-41b2-a8bf-200042a7632d{ip: 10.1.0.24, host: fv-az21-224.v4iizcarkezebbfea14bcgzyke.bx.internal.cloudapp.net, ports: [REPLICATION=34231, RATIS=40693, RATIS_ADMIN=40693, RATIS_SERVER=40693, STANDALONE=39103], networkLocation: /default-rack, certSerialId: null, persistedOpState: null, persistedOpStateExpiryEpochSec: 0}
2022-06-24 23:45:00,189 [EventQueue-NewNodeForNewNodeHandler] INFO  pipeline.BackgroundPipelineCreator (BackgroundPipelineCreator.java:notifyEventTriggered(275)) - trigger a one-shot run on RatisPipelineUtilsThread.
2022-06-24 23:45:00,190 [RatisPipelineUtilsThread - 0] INFO  pipeline.RatisPipelineProvider (RatisPipelineProvider.java:lambda$create$0(195)) - Sending CreatePipelineCommand for pipeline:PipelineID=9c6f29b1-61b3-418c-a7c4-a23e767a082c to datanode:81e412cb-c007-41b2-a8bf-200042a7632d
2022-06-24 23:45:00,193 [RatisPipelineUtilsThread - 0] INFO  pipeline.PipelineStateManagerImpl (PipelineStateManagerImpl.java:addPipeline(101)) - Created pipeline Pipeline[ Id: 9c6f29b1-61b3-418c-a7c4-a23e767a082c, Nodes: 81e412cb-c007-41b2-a8bf-200042a7632d{ip: 10.1.0.24, host: fv-az21-224.v4iizcarkezebbfea14bcgzyke.bx.internal.cloudapp.net, ports: [REPLICATION=34231, RATIS=40693, RATIS_ADMIN=40693, RATIS_SERVER=40693, STANDALONE=39103], networkLocation: /default-rack, certSerialId: null, persistedOpState: IN_SERVICE, persistedOpStateExpiryEpochSec: 0}, ReplicationConfig: RATIS/ONE, State:ALLOCATED, leaderId:, CreationTimestamp2022-06-24T23:45:00.190Z[Etc/UTC]].
2022-06-24 23:45:00,483 [Listener at 127.0.0.1/44795] INFO  ozone.MiniOzoneClusterImpl (MiniOzoneClusterImpl.java:lambda$waitForClusterToBeReady$0(223)) - Waiting for nodes to be ready. Got 4 of 5 DN Heartbeats.
2022-06-24 23:45:00,484 [Listener at 127.0.0.1/44795] INFO  ozone.MiniOzoneClusterImpl (MiniOzoneClusterImpl.java:lambda$waitForClusterToBeReady$0(226)) - Waiting for cluster to exit safe mode
2022-06-24 23:45:00,484 [Listener at 127.0.0.1/44795] INFO  ozone.MiniOzoneClusterImpl (MiniOzoneClusterImpl.java:lambda$waitForClusterToBeReady$0(228)) - SCM became leader
2022-06-24 23:45:00,499 [IPC Server handler 4 on default port 42479] INFO  net.NetworkTopologyImpl (NetworkTopologyImpl.java:add(112)) - Added a new node: /default-rack/195e3a17-4c6d-4f40-b013-a6f8b27716a1
2022-06-24 23:45:00,500 [IPC Server handler 4 on default port 42479] INFO  node.SCMNodeManager (SCMNodeManager.java:register(397)) - Registered Data node : 195e3a17-4c6d-4f40-b013-a6f8b27716a1{ip: 10.1.0.24, host: fv-az21-224.v4iizcarkezebbfea14bcgzyke.bx.internal.cloudapp.net, ports: [REPLICATION=44381, RATIS=38197, RATIS_ADMIN=38197, RATIS_SERVER=38197, STANDALONE=45083], networkLocation: /default-rack, certSerialId: null, persistedOpState: null, persistedOpStateExpiryEpochSec: 0}
2022-06-24 23:45:00,500 [EventQueue-NewNodeForNewNodeHandler] INFO  pipeline.BackgroundPipelineCreator (BackgroundPipelineCreator.java:notifyEventTriggered(275)) - trigger a one-shot run on RatisPipelineUtilsThread.
2022-06-24 23:45:00,501 [RatisPipelineUtilsThread - 0] INFO  pipeline.RatisPipelineProvider (RatisPipelineProvider.java:lambda$create$0(195)) - Sending CreatePipelineCommand for pipeline:PipelineID=b2d230eb-73f3-4365-83c1-8abc1d4e2a2a to datanode:195e3a17-4c6d-4f40-b013-a6f8b27716a1
2022-06-24 23:45:00,502 [RatisPipelineUtilsThread - 0] INFO  pipeline.PipelineStateManagerImpl (PipelineStateManagerImpl.java:addPipeline(101)) - Created pipeline Pipeline[ Id: b2d230eb-73f3-4365-83c1-8abc1d4e2a2a, Nodes: 195e3a17-4c6d-4f40-b013-a6f8b27716a1{ip: 10.1.0.24, host: fv-az21-224.v4iizcarkezebbfea14bcgzyke.bx.internal.cloudapp.net, ports: [REPLICATION=44381, RATIS=38197, RATIS_ADMIN=38197, RATIS_SERVER=38197, STANDALONE=45083], networkLocation: /default-rack, certSerialId: null, persistedOpState: IN_SERVICE, persistedOpStateExpiryEpochSec: 0}, ReplicationConfig: RATIS/ONE, State:ALLOCATED, leaderId:, CreationTimestamp2022-06-24T23:45:00.501Z[Etc/UTC]].
2022-06-24 23:45:01,484 [Listener at 127.0.0.1/44795] INFO  ozone.MiniOzoneClusterImpl (MiniOzoneClusterImpl.java:lambda$waitForClusterToBeReady$0(223)) - Nodes are ready. Got 5 of 5 DN Heartbeats.
2022-06-24 23:45:01,484 [Listener at 127.0.0.1/44795] INFO  ozone.MiniOzoneClusterImpl (MiniOzoneClusterImpl.java:lambda$waitForClusterToBeReady$0(226)) - Waiting for cluster to exit safe mode
2022-06-24 23:45:01,485 [Listener at 127.0.0.1/44795] INFO  ozone.MiniOzoneClusterImpl (MiniOzoneClusterImpl.java:lambda$waitForClusterToBeReady$0(228)) - SCM became leader
2022-06-24 23:45:01,941 [Command processor thread] INFO  server.RaftServer (RaftServerProxy.java:addNew(96)) - 1cd66e73-07f1-4729-a00f-873523f7ad93: addNew group-948803C488C1:[1cd66e73-07f1-4729-a00f-873523f7ad93|rpc:10.1.0.24:46017|priority:1] returns group-948803C488C1:java.util.concurrent.CompletableFuture@542090e6[Not completed]
2022-06-24 23:45:01,954 [pool-73-thread-1] INFO  server.RaftServer$Division (RaftServerImpl.java:<init>(190)) - 1cd66e73-07f1-4729-a00f-873523f7ad93: new RaftServerImpl for group-948803C488C1:[1cd66e73-07f1-4729-a00f-873523f7ad93|rpc:10.1.0.24:46017|priority:1] with ContainerStateMachine:uninitialized
2022-06-24 23:45:01,954 [pool-73-thread-1] INFO  server.RaftServerConfigKeys (ConfUtils.java:logGet(46)) - raft.server.rpc.timeout.min = 5s (custom)
2022-06-24 23:45:01,954 [pool-73-thread-1] INFO  server.RaftServerConfigKeys (ConfUtils.java:logGet(46)) - raft.server.rpc.timeout.max = 5200ms (custom)
2022-06-24 23:45:01,954 [pool-73-thread-1] INFO  server.RaftServerConfigKeys (ConfUtils.java:logGet(46)) - raft.server.rpc.sleep.time = 25ms (default)
2022-06-24 23:45:01,954 [pool-73-thread-1] INFO  server.RaftServerConfigKeys (ConfUtils.java:logGet(46)) - raft.server.rpc.slowness.timeout = 300s (custom)
2022-06-24 23:45:01,954 [pool-73-thread-1] INFO  server.RaftServerConfigKeys (ConfUtils.java:logGet(46)) - raft.server.leaderelection.leader.step-down.wait-time = 10s (default)
2022-06-24 23:45:01,954 [pool-73-thread-1] INFO  server.RaftServerConfigKeys (ConfUtils.java:logGet(46)) - raft.server.sleep.deviation.threshold = 300ms (default)
2022-06-24 23:45:01,954 [pool-73-thread-1] INFO  server.RaftServer$Division (ServerState.java:<init>(107)) - 1cd66e73-07f1-4729-a00f-873523f7ad93@group-948803C488C1: ConfigurationManager, init=-1: [1cd66e73-07f1-4729-a00f-873523f7ad93|rpc:10.1.0.24:46017|priority:1], old=null, confs=<EMPTY_MAP>
2022-06-24 23:45:01,954 [pool-73-thread-1] INFO  server.RaftServerConfigKeys (ConfUtils.java:logGet(46)) - raft.server.storage.dir = [/home/runner/work/ozone/ozone/hadoop-ozone/integration-test/target/test-dir/MiniOzoneClusterImpl-85de49eb-2ce1-4613-814a-bfb310a11337/datanode-0/data/ratis] (custom)
2022-06-24 23:45:01,954 [pool-73-thread-1] INFO  server.RaftServerConfigKeys (ConfUtils.java:logGet(46)) - raft.server.log.corruption.policy = EXCEPTION (default)
2022-06-24 23:45:01,954 [pool-73-thread-1] INFO  server.RaftServerConfigKeys (ConfUtils.java:logGet(46)) - raft.server.storage.free-space.min = 0MB (=0) (default)
2022-06-24 23:45:01,955 [pool-73-thread-1] INFO  storage.RaftStorageDirectory (RaftStorageDirectoryImpl.java:analyzeStorage(135)) - The storage directory /home/runner/work/ozone/ozone/hadoop-ozone/integration-test/target/test-dir/MiniOzoneClusterImpl-85de49eb-2ce1-4613-814a-bfb310a11337/datanode-0/data/ratis/d92e3780-5c7a-419a-9812-948803c488c1 does not exist. Creating ...
2022-06-24 23:45:01,957 [pool-73-thread-1] INFO  storage.RaftStorageDirectory (RaftStorageDirectoryImpl.java:tryLock(230)) - Lock on /home/runner/work/ozone/ozone/hadoop-ozone/integration-test/target/test-dir/MiniOzoneClusterImpl-85de49eb-2ce1-4613-814a-bfb310a11337/datanode-0/data/ratis/d92e3780-5c7a-419a-9812-948803c488c1/in_use.lock acquired by nodename 11308@fv-az21-224
2022-06-24 23:45:01,958 [pool-73-thread-1] INFO  storage.RaftStorage (RaftStorageImpl.java:format(89)) - Storage directory /home/runner/work/ozone/ozone/hadoop-ozone/integration-test/target/test-dir/MiniOzoneClusterImpl-85de49eb-2ce1-4613-814a-bfb310a11337/datanode-0/data/ratis/d92e3780-5c7a-419a-9812-948803c488c1 has been successfully formatted.
2022-06-24 23:45:01,962 [pool-73-thread-1] INFO  ratis.ContainerStateMachine (ContainerStateMachine.java:loadSnapshot(236)) - group-948803C488C1: The snapshot info is null. Setting the last applied indexto:(t:0, i:~)
2022-06-24 23:45:01,962 [pool-73-thread-1] INFO  server.RaftServerConfigKeys (ConfUtils.java:logGet(46)) - raft.server.notification.no-leader.timeout = 300s (custom)
2022-06-24 23:45:01,962 [pool-73-thread-1] INFO  server.RaftServerConfigKeys (ConfUtils.java:logGet(46)) - raft.server.log.use.memory = false (default)
2022-06-24 23:45:01,962 [pool-73-thread-1] INFO  server.RaftServerConfigKeys (ConfUtils.java:logGet(46)) - raft.server.log.purge.gap = 1000000 (custom)
2022-06-24 23:45:01,962 [pool-73-thread-1] INFO  server.RaftServerConfigKeys (ConfUtils.java:logGet(46)) - raft.server.log.appender.buffer.byte-limit = 33554432 (custom)
2022-06-24 23:45:01,962 [pool-73-thread-1] INFO  server.RaftServerConfigKeys (ConfUtils.java:logGet(46)) - raft.server.log.statemachine.data.read.timeout = 1000ms (default)
2022-06-24 23:45:01,962 [pool-73-thread-1] INFO  server.RaftServerConfigKeys (ConfUtils.java:logGet(46)) - raft.server.log.segment.size.max = 1048576 (custom)
2022-06-24 23:45:01,963 [pool-73-thread-1] INFO  server.RaftServerConfigKeys (ConfUtils.java:logGet(46)) - raft.server.log.segment.cache.num.max = 2 (custom)
2022-06-24 23:45:01,963 [pool-73-thread-1] INFO  server.RaftServerConfigKeys (ConfUtils.java:logGet(46)) - raft.server.log.segment.cache.size.max = 200MB (=209715200) (default)
2022-06-24 23:45:01,963 [pool-73-thread-1] INFO  segmented.SegmentedRaftLogWorker (SegmentedRaftLogWorker.java:<init>(187)) - new 1cd66e73-07f1-4729-a00f-873523f7ad93@group-948803C488C1-SegmentedRaftLogWorker for RaftStorageImpl:Storage Directory /home/runner/work/ozone/ozone/hadoop-ozone/integration-test/target/test-dir/MiniOzoneClusterImpl-85de49eb-2ce1-4613-814a-bfb310a11337/datanode-0/data/ratis/d92e3780-5c7a-419a-9812-948803c488c1
2022-06-24 23:45:01,963 [pool-73-thread-1] INFO  server.RaftServerConfigKeys (ConfUtils.java:logGet(46)) - raft.server.log.queue.byte-limit = 4294967296 (custom)
2022-06-24 23:45:01,963 [pool-73-thread-1] INFO  server.RaftServerConfigKeys (ConfUtils.java:logGet(46)) - raft.server.log.queue.element-limit = 1024 (custom)
2022-06-24 23:45:01,963 [pool-73-thread-1] INFO  server.RaftServerConfigKeys (ConfUtils.java:logGet(46)) - raft.server.log.segment.size.max = 1048576 (custom)
2022-06-24 23:45:01,964 [pool-73-thread-1] INFO  server.RaftServerConfigKeys (ConfUtils.java:logGet(46)) - raft.server.log.preallocated.size = 16384 (custom)
2022-06-24 23:45:01,964 [pool-73-thread-1] INFO  server.RaftServerConfigKeys (ConfUtils.java:logGet(46)) - raft.server.log.force.sync.num = 128 (default)
2022-06-24 23:45:01,964 [pool-73-thread-1] INFO  server.RaftServerConfigKeys (ConfUtils.java:logGet(46)) - raft.server.log.statemachine.data.sync = true (default)
2022-06-24 23:45:01,964 [pool-73-thread-1] INFO  server.RaftServerConfigKeys (ConfUtils.java:logGet(46)) - raft.server.log.statemachine.data.sync.timeout = 10s (default)
2022-06-24 23:45:01,964 [pool-73-thread-1] INFO  server.RaftServerConfigKeys (ConfUtils.java:logGet(46)) - raft.server.log.statemachine.data.sync.timeout.retry = -1 (default)
2022-06-24 23:45:01,965 [pool-73-thread-1] INFO  server.RaftServerConfigKeys (ConfUtils.java:logGet(46)) - raft.server.log.write.buffer.size = 1048576 (custom)
2022-06-24 23:45:01,966 [pool-73-thread-1] INFO  server.RaftServerConfigKeys (ConfUtils.java:logGet(46)) - raft.server.log.unsafe-flush.enabled = false (default)
2022-06-24 23:45:01,966 [pool-73-thread-1] INFO  server.RaftServerConfigKeys (ConfUtils.java:logGet(46)) - raft.server.log.statemachine.data.caching.enabled = true (custom)
2022-06-24 23:45:01,966 [pool-73-thread-1] INFO  segmented.SegmentedRaftLogWorker (SegmentedRaftLogWorker.java:lambda$new$0(135)) - 1cd66e73-07f1-4729-a00f-873523f7ad93@group-948803C488C1-SegmentedRaftLogWorker: flushIndex: setUnconditionally 0 -> -1
2022-06-24 23:45:01,966 [pool-73-thread-1] INFO  segmented.SegmentedRaftLogWorker (SegmentedRaftLogWorker.java:lambda$new$0(135)) - 1cd66e73-07f1-4729-a00f-873523f7ad93@group-948803C488C1-SegmentedRaftLogWorker: safeCacheEvictIndex: setUnconditionally 0 -> -1
2022-06-24 23:45:01,966 [pool-73-thread-1] INFO  server.RaftServerConfigKeys (ConfUtils.java:logGet(46)) - raft.server.snapshot.auto.trigger.enabled = true (custom)
2022-06-24 23:45:01,966 [pool-73-thread-1] INFO  server.RaftServerConfigKeys (ConfUtils.java:logGet(46)) - raft.server.snapshot.auto.trigger.threshold = 10000 (custom)
2022-06-24 23:45:01,967 [pool-73-thread-1] INFO  server.RaftServerConfigKeys (ConfUtils.java:logGet(46)) - raft.server.snapshot.retention.file.num = 5 (custom)
2022-06-24 23:45:01,967 [pool-73-thread-1] INFO  server.RaftServerConfigKeys (ConfUtils.java:logGet(46)) - raft.server.log.purge.upto.snapshot.index = false (default)
2022-06-24 23:45:01,967 [pool-73-thread-1] INFO  server.RaftServerConfigKeys (ConfUtils.java:logGet(46)) - raft.server.retrycache.expirytime = 600000ms (custom)
2022-06-24 23:45:01,967 [pool-73-thread-1] INFO  server.RaftServerConfigKeys (ConfUtils.java:logGet(46)) - raft.server.retrycache.statistics.expirytime = 100μs (default)
2022-06-24 23:45:01,969 [pool-73-thread-1] INFO  server.RaftServerConfigKeys (ConfUtils.java:logGet(46)) - raft.server.log.appender.install.snapshot.enabled = false (custom)
2022-06-24 23:45:01,969 [pool-73-thread-1] INFO  server.RaftServerConfigKeys (ConfUtils.java:logGet(46)) - raft.server.threadpool.server.cached = true (default)
2022-06-24 23:45:01,969 [pool-73-thread-1] INFO  server.RaftServerConfigKeys (ConfUtils.java:logGet(46)) - raft.server.threadpool.server.size = 0 (default)
2022-06-24 23:45:01,969 [pool-73-thread-1] INFO  server.RaftServerConfigKeys (ConfUtils.java:logGet(46)) - raft.server.threadpool.client.cached = true (default)
2022-06-24 23:45:01,969 [pool-73-thread-1] INFO  server.RaftServerConfigKeys (ConfUtils.java:logGet(46)) - raft.server.threadpool.client.size = 0 (default)
2022-06-24 23:45:01,969 [pool-73-thread-1] INFO  server.RaftServer$Division (RaftServerImpl.java:start(310)) - 1cd66e73-07f1-4729-a00f-873523f7ad93@group-948803C488C1: start as a follower, conf=-1: [1cd66e73-07f1-4729-a00f-873523f7ad93|rpc:10.1.0.24:46017|priority:1], old=null
2022-06-24 23:45:01,969 [pool-73-thread-1] INFO  server.RaftServer$Division (RaftServerImpl.java:setRole(299)) - 1cd66e73-07f1-4729-a00f-873523f7ad93@group-948803C488C1: changes role from      null to FOLLOWER at term 0 for startAsFollower
2022-06-24 23:45:01,969 [pool-73-thread-1] INFO  impl.RoleInfo (RoleInfo.java:updateAndGet(139)) - 1cd66e73-07f1-4729-a00f-873523f7ad93: start 1cd66e73-07f1-4729-a00f-873523f7ad93@group-948803C488C1-FollowerState
2022-06-24 23:45:01,985 [EventQueue-PipelineReportForPipelineReportHandler] INFO  pipeline.PipelineManagerImpl (PipelineManagerImpl.java:openPipeline(358)) - Pipeline Pipeline[ Id: d92e3780-5c7a-419a-9812-948803c488c1, Nodes: 1cd66e73-07f1-4729-a00f-873523f7ad93{ip: 10.1.0.24, host: fv-az21-224.v4iizcarkezebbfea14bcgzyke.bx.internal.cloudapp.net, ports: [REPLICATION=35287, RATIS=46017, RATIS_ADMIN=46017, RATIS_SERVER=46017, STANDALONE=41541], networkLocation: /default-rack, certSerialId: null, persistedOpState: IN_SERVICE, persistedOpStateExpiryEpochSec: 0}, ReplicationConfig: RATIS/ONE, State:ALLOCATED, leaderId:1cd66e73-07f1-4729-a00f-873523f7ad93, CreationTimestamp2022-06-24T23:44:58.958Z[Etc/UTC]] moved to OPEN state
2022-06-24 23:45:01,983 [pool-73-thread-1] INFO  util.JmxRegister (JmxRegister.java:tryRegister(44)) - Successfully registered JMX Bean with object name Ratis:service=RaftServer,group=group-948803C488C1,id=1cd66e73-07f1-4729-a00f-873523f7ad93
2022-06-24 23:45:01,993 [EventQueue-OpenPipelineForHealthyPipelineSafeModeRule] INFO  safemode.SCMSafeModeManager (HealthyPipelineSafeModeRule.java:process(124)) - SCM in safe mode. Healthy pipelines reported count is 0, required healthy pipeline reported count is 1
2022-06-24 23:45:01,998 [Command processor thread] INFO  ratis.XceiverServerRatis (XceiverServerRatis.java:addGroup(765)) - Created group PipelineID=d92e3780-5c7a-419a-9812-948803c488c1
2022-06-24 23:45:01,999 [Command processor thread] INFO  commandhandler.CreatePipelineCommandHandler (CreatePipelineCommandHandler.java:handle(113)) - Created Pipeline RATIS ONE PipelineID=d92e3780-5c7a-419a-9812-948803c488c1.
2022-06-24 23:45:01,999 [Command processor thread] INFO  server.RaftServer (RaftServerProxy.java:addNew(96)) - 1cd66e73-07f1-4729-a00f-873523f7ad93: addNew group-1BF5799665A0:[1cd66e73-07f1-4729-a00f-873523f7ad93|rpc:10.1.0.24:46017|priority:0, 18423a42-f8bb-48b0-9845-301087e2fcde|rpc:10.1.0.24:45671|priority:1, c0c3f727-3a57-4cf2-9ef3-302a01638126|rpc:10.1.0.24:32921|priority:0] returns group-1BF5799665A0:java.util.concurrent.CompletableFuture@628abcb3[Not completed]
2022-06-24 23:45:02,000 [pool-73-thread-1] INFO  server.RaftServer$Division (RaftServerImpl.java:<init>(190)) - 1cd66e73-07f1-4729-a00f-873523f7ad93: new RaftServerImpl for group-1BF5799665A0:[1cd66e73-07f1-4729-a00f-873523f7ad93|rpc:10.1.0.24:46017|priority:0, 18423a42-f8bb-48b0-9845-301087e2fcde|rpc:10.1.0.24:45671|priority:1, c0c3f727-3a57-4cf2-9ef3-302a01638126|rpc:10.1.0.24:32921|priority:0] with ContainerStateMachine:uninitialized
2022-06-24 23:45:02,001 [pool-73-thread-1] INFO  server.RaftServerConfigKeys (ConfUtils.java:logGet(46)) - raft.server.rpc.timeout.min = 5s (custom)
2022-06-24 23:45:02,001 [pool-73-thread-1] INFO  server.RaftServerConfigKeys (ConfUtils.java:logGet(46)) - raft.server.rpc.timeout.max = 5200ms (custom)
2022-06-24 23:45:02,001 [pool-73-thread-1] INFO  server.RaftServerConfigKeys (ConfUtils.java:logGet(46)) - raft.server.rpc.sleep.time = 25ms (default)
2022-06-24 23:45:02,001 [pool-73-thread-1] INFO  server.RaftServerConfigKeys (ConfUtils.java:logGet(46)) - raft.server.rpc.slowness.timeout = 300s (custom)
2022-06-24 23:45:02,001 [pool-73-thread-1] INFO  server.RaftServerConfigKeys (ConfUtils.java:logGet(46)) - raft.server.leaderelection.leader.step-down.wait-time = 10s (default)
2022-06-24 23:45:02,001 [pool-73-thread-1] INFO  server.RaftServerConfigKeys (ConfUtils.java:logGet(46)) - raft.server.sleep.deviation.threshold = 300ms (default)
2022-06-24 23:45:02,001 [pool-73-thread-1] INFO  server.RaftServer$Division (ServerState.java:<init>(107)) - 1cd66e73-07f1-4729-a00f-873523f7ad93@group-1BF5799665A0: ConfigurationManager, init=-1: [1cd66e73-07f1-4729-a00f-873523f7ad93|rpc:10.1.0.24:46017|priority:0, 18423a42-f8bb-48b0-9845-301087e2fcde|rpc:10.1.0.24:45671|priority:1, c0c3f727-3a57-4cf2-9ef3-302a01638126|rpc:10.1.0.24:32921|priority:0], old=null, confs=<EMPTY_MAP>
2022-06-24 23:45:02,001 [pool-73-thread-1] INFO  server.RaftServerConfigKeys (ConfUtils.java:logGet(46)) - raft.server.storage.dir = [/home/runner/work/ozone/ozone/hadoop-ozone/integration-test/target/test-dir/MiniOzoneClusterImpl-85de49eb-2ce1-4613-814a-bfb310a11337/datanode-0/data/ratis] (custom)
2022-06-24 23:45:02,001 [pool-73-thread-1] INFO  server.RaftServerConfigKeys (ConfUtils.java:logGet(46)) - raft.server.log.corruption.policy = EXCEPTION (default)
2022-06-24 23:45:02,001 [pool-73-thread-1] INFO  server.RaftServerConfigKeys (ConfUtils.java:logGet(46)) - raft.server.storage.free-space.min = 0MB (=0) (default)
2022-06-24 23:45:02,001 [pool-73-thread-1] INFO  storage.RaftStorageDirectory (RaftStorageDirectoryImpl.java:analyzeStorage(135)) - The storage directory /home/runner/work/ozone/ozone/hadoop-ozone/integration-test/target/test-dir/MiniOzoneClusterImpl-85de49eb-2ce1-4613-814a-bfb310a11337/datanode-0/data/ratis/ef3eb1a0-c051-4623-9f43-1bf5799665a0 does not exist. Creating ...
2022-06-24 23:45:02,002 [pool-73-thread-1] INFO  storage.RaftStorageDirectory (RaftStorageDirectoryImpl.java:tryLock(230)) - Lock on /home/runner/work/ozone/ozone/hadoop-ozone/integration-test/target/test-dir/MiniOzoneClusterImpl-85de49eb-2ce1-4613-814a-bfb310a11337/datanode-0/data/ratis/ef3eb1a0-c051-4623-9f43-1bf5799665a0/in_use.lock acquired by nodename 11308@fv-az21-224
2022-06-24 23:45:02,004 [pool-73-thread-1] INFO  storage.RaftStorage (RaftStorageImpl.java:format(89)) - Storage directory /home/runner/work/ozone/ozone/hadoop-ozone/integration-test/target/test-dir/MiniOzoneClusterImpl-85de49eb-2ce1-4613-814a-bfb310a11337/datanode-0/data/ratis/ef3eb1a0-c051-4623-9f43-1bf5799665a0 has been successfully formatted.
2022-06-24 23:45:02,006 [pool-73-thread-1] INFO  ratis.ContainerStateMachine (ContainerStateMachine.java:loadSnapshot(236)) - group-1BF5799665A0: The snapshot info is null. Setting the last applied indexto:(t:0, i:~)
2022-06-24 23:45:02,007 [pool-73-thread-1] INFO  server.RaftServerConfigKeys (ConfUtils.java:logGet(46)) - raft.server.notification.no-leader.timeout = 300s (custom)
2022-06-24 23:45:02,008 [pool-73-thread-1] INFO  server.RaftServerConfigKeys (ConfUtils.java:logGet(46)) - raft.server.log.use.memory = false (default)
2022-06-24 23:45:02,008 [pool-73-thread-1] INFO  server.RaftServerConfigKeys (ConfUtils.java:logGet(46)) - raft.server.log.purge.gap = 1000000 (custom)
2022-06-24 23:45:02,008 [pool-73-thread-1] INFO  server.RaftServerConfigKeys (ConfUtils.java:logGet(46)) - raft.server.log.appender.buffer.byte-limit = 33554432 (custom)
2022-06-24 23:45:02,008 [pool-73-thread-1] INFO  server.RaftServerConfigKeys (ConfUtils.java:logGet(46)) - raft.server.log.statemachine.data.read.timeout = 1000ms (default)
2022-06-24 23:45:02,008 [pool-73-thread-1] INFO  server.RaftServerConfigKeys (ConfUtils.java:logGet(46)) - raft.server.log.segment.size.max = 1048576 (custom)
2022-06-24 23:45:02,009 [pool-73-thread-1] INFO  server.RaftServerConfigKeys (ConfUtils.java:logGet(46)) - raft.server.log.segment.cache.num.max = 2 (custom)
2022-06-24 23:45:02,009 [pool-73-thread-1] INFO  server.RaftServerConfigKeys (ConfUtils.java:logGet(46)) - raft.server.log.segment.cache.size.max = 200MB (=209715200) (default)
2022-06-24 23:45:02,009 [pool-73-thread-1] INFO  segmented.SegmentedRaftLogWorker (SegmentedRaftLogWorker.java:<init>(187)) - new 1cd66e73-07f1-4729-a00f-873523f7ad93@group-1BF5799665A0-SegmentedRaftLogWorker for RaftStorageImpl:Storage Directory /home/runner/work/ozone/ozone/hadoop-ozone/integration-test/target/test-dir/MiniOzoneClusterImpl-85de49eb-2ce1-4613-814a-bfb310a11337/datanode-0/data/ratis/ef3eb1a0-c051-4623-9f43-1bf5799665a0
2022-06-24 23:45:02,009 [pool-73-thread-1] INFO  server.RaftServerConfigKeys (ConfUtils.java:logGet(46)) - raft.server.log.queue.byte-limit = 4294967296 (custom)
2022-06-24 23:45:02,009 [pool-73-thread-1] INFO  server.RaftServerConfigKeys (ConfUtils.java:logGet(46)) - raft.server.log.queue.element-limit = 1024 (custom)
2022-06-24 23:45:02,009 [pool-73-thread-1] INFO  server.RaftServerConfigKeys (ConfUtils.java:logGet(46)) - raft.server.log.segment.size.max = 1048576 (custom)
2022-06-24 23:45:02,009 [pool-73-thread-1] INFO  server.RaftServerConfigKeys (ConfUtils.java:logGet(46)) - raft.server.log.preallocated.size = 16384 (custom)
2022-06-24 23:45:02,009 [pool-73-thread-1] INFO  server.RaftServerConfigKeys (ConfUtils.java:logGet(46)) - raft.server.log.force.sync.num = 128 (default)
2022-06-24 23:45:02,009 [pool-73-thread-1] INFO  server.RaftServerConfigKeys (ConfUtils.java:logGet(46)) - raft.server.log.statemachine.data.sync = true (default)
2022-06-24 23:45:02,009 [pool-73-thread-1] INFO  server.RaftServerConfigKeys (ConfUtils.java:logGet(46)) - raft.server.log.statemachine.data.sync.timeout = 10s (default)
2022-06-24 23:45:02,009 [pool-73-thread-1] INFO  server.RaftServerConfigKeys (ConfUtils.java:logGet(46)) - raft.server.log.statemachine.data.sync.timeout.retry = -1 (default)
2022-06-24 23:45:02,011 [pool-73-thread-1] INFO  server.RaftServerConfigKeys (ConfUtils.java:logGet(46)) - raft.server.log.write.buffer.size = 1048576 (custom)
2022-06-24 23:45:02,011 [pool-73-thread-1] INFO  server.RaftServerConfigKeys (ConfUtils.java:logGet(46)) - raft.server.log.unsafe-flush.enabled = false (default)
2022-06-24 23:45:02,011 [pool-73-thread-1] INFO  server.RaftServerConfigKeys (ConfUtils.java:logGet(46)) - raft.server.log.statemachine.data.caching.enabled = true (custom)
2022-06-24 23:45:02,012 [pool-73-thread-1] INFO  segmented.SegmentedRaftLogWorker (SegmentedRaftLogWorker.java:lambda$new$0(135)) - 1cd66e73-07f1-4729-a00f-873523f7ad93@group-1BF5799665A0-SegmentedRaftLogWorker: flushIndex: setUnconditionally 0 -> -1
2022-06-24 23:45:02,012 [pool-73-thread-1] INFO  segmented.SegmentedRaftLogWorker (SegmentedRaftLogWorker.java:lambda$new$0(135)) - 1cd66e73-07f1-4729-a00f-873523f7ad93@group-1BF5799665A0-SegmentedRaftLogWorker: safeCacheEvictIndex: setUnconditionally 0 -> -1
2022-06-24 23:45:02,012 [pool-73-thread-1] INFO  server.RaftServerConfigKeys (ConfUtils.java:logGet(46)) - raft.server.snapshot.auto.trigger.enabled = true (custom)
2022-06-24 23:45:02,012 [pool-73-thread-1] INFO  server.RaftServerConfigKeys (ConfUtils.java:logGet(46)) - raft.server.snapshot.auto.trigger.threshold = 10000 (custom)
2022-06-24 23:45:02,012 [pool-73-thread-1] INFO  server.RaftServerConfigKeys (ConfUtils.java:logGet(46)) - raft.server.snapshot.retention.file.num = 5 (custom)
2022-06-24 23:45:02,012 [pool-73-thread-1] INFO  server.RaftServerConfigKeys (ConfUtils.java:logGet(46)) - raft.server.log.purge.upto.snapshot.index = false (default)
2022-06-24 23:45:02,012 [pool-73-thread-1] INFO  server.RaftServerConfigKeys (ConfUtils.java:logGet(46)) - raft.server.retrycache.expirytime = 600000ms (custom)
2022-06-24 23:45:02,012 [pool-73-thread-1] INFO  server.RaftServerConfigKeys (ConfUtils.java:logGet(46)) - raft.server.retrycache.statistics.expirytime = 100μs (default)
2022-06-24 23:45:02,014 [pool-73-thread-1] INFO  server.RaftServerConfigKeys (ConfUtils.java:logGet(46)) - raft.server.log.appender.install.snapshot.enabled = false (custom)
2022-06-24 23:45:02,014 [pool-73-thread-1] INFO  server.RaftServerConfigKeys (ConfUtils.java:logGet(46)) - raft.server.threadpool.server.cached = true (default)
2022-06-24 23:45:02,014 [pool-73-thread-1] INFO  server.RaftServerConfigKeys (ConfUtils.java:logGet(46)) - raft.server.threadpool.server.size = 0 (default)
2022-06-24 23:45:02,014 [pool-73-thread-1] INFO  server.RaftServerConfigKeys (ConfUtils.java:logGet(46)) - raft.server.threadpool.client.cached = true (default)
2022-06-24 23:45:02,014 [pool-73-thread-1] INFO  server.RaftServerConfigKeys (ConfUtils.java:logGet(46)) - raft.server.threadpool.client.size = 0 (default)
2022-06-24 23:45:02,014 [pool-73-thread-1] INFO  server.RaftServer$Division (RaftServerImpl.java:start(310)) - 1cd66e73-07f1-4729-a00f-873523f7ad93@group-1BF5799665A0: start as a follower, conf=-1: [1cd66e73-07f1-4729-a00f-873523f7ad93|rpc:10.1.0.24:46017|priority:0, 18423a42-f8bb-48b0-9845-301087e2fcde|rpc:10.1.0.24:45671|priority:1, c0c3f727-3a57-4cf2-9ef3-302a01638126|rpc:10.1.0.24:32921|priority:0], old=null
2022-06-24 23:45:02,014 [pool-73-thread-1] INFO  server.RaftServer$Division (RaftServerImpl.java:setRole(299)) - 1cd66e73-07f1-4729-a00f-873523f7ad93@group-1BF5799665A0: changes role from      null to FOLLOWER at term 0 for startAsFollower
2022-06-24 23:45:02,014 [pool-73-thread-1] INFO  impl.RoleInfo (RoleInfo.java:updateAndGet(139)) - 1cd66e73-07f1-4729-a00f-873523f7ad93: start 1cd66e73-07f1-4729-a00f-873523f7ad93@group-1BF5799665A0-FollowerState
2022-06-24 23:45:02,015 [EventQueue-OpenPipelineForHealthyPipelineSafeModeRule] INFO  safemode.SCMSafeModeManager (HealthyPipelineSafeModeRule.java:process(124)) - SCM in safe mode. Healthy pipelines reported count is 0, required healthy pipeline reported count is 1
2022-06-24 23:45:02,015 [pool-73-thread-1] INFO  util.JmxRegister (JmxRegister.java:tryRegister(44)) - Successfully registered JMX Bean with object name Ratis:service=RaftServer,group=group-1BF5799665A0,id=1cd66e73-07f1-4729-a00f-873523f7ad93
2022-06-24 23:45:02,016 [Command processor thread] INFO  ratis.XceiverServerRatis (XceiverServerRatis.java:addGroup(765)) - Created group PipelineID=ef3eb1a0-c051-4623-9f43-1bf5799665a0
2022-06-24 23:45:02,485 [Listener at 127.0.0.1/44795] INFO  ozone.MiniOzoneClusterImpl (MiniOzoneClusterImpl.java:lambda$waitForClusterToBeReady$0(223)) - Nodes are ready. Got 5 of 5 DN Heartbeats.
2022-06-24 23:45:02,485 [Listener at 127.0.0.1/44795] INFO  ozone.MiniOzoneClusterImpl (MiniOzoneClusterImpl.java:lambda$waitForClusterToBeReady$0(226)) - Waiting for cluster to exit safe mode
2022-06-24 23:45:02,486 [Listener at 127.0.0.1/44795] INFO  ozone.MiniOzoneClusterImpl (MiniOzoneClusterImpl.java:lambda$waitForClusterToBeReady$0(228)) - SCM became leader
2022-06-24 23:45:02,490 [Command processor thread] INFO  server.RaftServer (RaftServerProxy.java:addNew(96)) - 18423a42-f8bb-48b0-9845-301087e2fcde: addNew group-FB7C752E7519:[18423a42-f8bb-48b0-9845-301087e2fcde|rpc:10.1.0.24:45671|priority:1] returns group-FB7C752E7519:java.util.concurrent.CompletableFuture@79158e40[Not completed]
2022-06-24 23:45:02,505 [pool-96-thread-1] INFO  server.RaftServer$Division (RaftServerImpl.java:<init>(190)) - 18423a42-f8bb-48b0-9845-301087e2fcde: new RaftServerImpl for group-FB7C752E7519:[18423a42-f8bb-48b0-9845-301087e2fcde|rpc:10.1.0.24:45671|priority:1] with ContainerStateMachine:uninitialized
2022-06-24 23:45:02,505 [pool-96-thread-1] INFO  server.RaftServerConfigKeys (ConfUtils.java:logGet(46)) - raft.server.rpc.timeout.min = 5s (custom)
2022-06-24 23:45:02,505 [pool-96-thread-1] INFO  server.RaftServerConfigKeys (ConfUtils.java:logGet(46)) - raft.server.rpc.timeout.max = 5200ms (custom)
2022-06-24 23:45:02,505 [pool-96-thread-1] INFO  server.RaftServerConfigKeys (ConfUtils.java:logGet(46)) - raft.server.rpc.sleep.time = 25ms (default)
2022-06-24 23:45:02,505 [pool-96-thread-1] INFO  server.RaftServerConfigKeys (ConfUtils.java:logGet(46)) - raft.server.rpc.slowness.timeout = 300s (custom)
2022-06-24 23:45:02,505 [pool-96-thread-1] INFO  server.RaftServerConfigKeys (ConfUtils.java:logGet(46)) - raft.server.leaderelection.leader.step-down.wait-time = 10s (default)
2022-06-24 23:45:02,505 [pool-96-thread-1] INFO  server.RaftServerConfigKeys (ConfUtils.java:logGet(46)) - raft.server.sleep.deviation.threshold = 300ms (default)
2022-06-24 23:45:02,505 [pool-96-thread-1] INFO  server.RaftServer$Division (ServerState.java:<init>(107)) - 18423a42-f8bb-48b0-9845-301087e2fcde@group-FB7C752E7519: ConfigurationManager, init=-1: [18423a42-f8bb-48b0-9845-301087e2fcde|rpc:10.1.0.24:45671|priority:1], old=null, confs=<EMPTY_MAP>
2022-06-24 23:45:02,505 [pool-96-thread-1] INFO  server.RaftServerConfigKeys (ConfUtils.java:logGet(46)) - raft.server.storage.dir = [/home/runner/work/ozone/ozone/hadoop-ozone/integration-test/target/test-dir/MiniOzoneClusterImpl-85de49eb-2ce1-4613-814a-bfb310a11337/datanode-1/data/ratis] (custom)
2022-06-24 23:45:02,506 [pool-96-thread-1] INFO  server.RaftServerConfigKeys (ConfUtils.java:logGet(46)) - raft.server.log.corruption.policy = EXCEPTION (default)
2022-06-24 23:45:02,506 [pool-96-thread-1] INFO  server.RaftServerConfigKeys (ConfUtils.java:logGet(46)) - raft.server.storage.free-space.min = 0MB (=0) (default)
2022-06-24 23:45:02,506 [pool-96-thread-1] INFO  storage.RaftStorageDirectory (RaftStorageDirectoryImpl.java:analyzeStorage(135)) - The storage directory /home/runner/work/ozone/ozone/hadoop-ozone/integration-test/target/test-dir/MiniOzoneClusterImpl-85de49eb-2ce1-4613-814a-bfb310a11337/datanode-1/data/ratis/83151976-0cfc-4fcf-b184-fb7c752e7519 does not exist. Creating ...
2022-06-24 23:45:02,507 [pool-96-thread-1] INFO  storage.RaftStorageDirectory (RaftStorageDirectoryImpl.java:tryLock(230)) - Lock on /home/runner/work/ozone/ozone/hadoop-ozone/integration-test/target/test-dir/MiniOzoneClusterImpl-85de49eb-2ce1-4613-814a-bfb310a11337/datanode-1/data/ratis/83151976-0cfc-4fcf-b184-fb7c752e7519/in_use.lock acquired by nodename 11308@fv-az21-224
2022-06-24 23:45:02,511 [pool-96-thread-1] INFO  storage.RaftStorage (RaftStorageImpl.java:format(89)) - Storage directory /home/runner/work/ozone/ozone/hadoop-ozone/integration-test/target/test-dir/MiniOzoneClusterImpl-85de49eb-2ce1-4613-814a-bfb310a11337/datanode-1/data/ratis/83151976-0cfc-4fcf-b184-fb7c752e7519 has been successfully formatted.
2022-06-24 23:45:02,513 [pool-96-thread-1] INFO  ratis.ContainerStateMachine (ContainerStateMachine.java:loadSnapshot(236)) - group-FB7C752E7519: The snapshot info is null. Setting the last applied indexto:(t:0, i:~)
2022-06-24 23:45:02,514 [pool-96-thread-1] INFO  server.RaftServerConfigKeys (ConfUtils.java:logGet(46)) - raft.server.notification.no-leader.timeout = 300s (custom)
2022-06-24 23:45:02,514 [pool-96-thread-1] INFO  server.RaftServerConfigKeys (ConfUtils.java:logGet(46)) - raft.server.log.use.memory = false (default)
2022-06-24 23:45:02,514 [pool-96-thread-1] INFO  server.RaftServerConfigKeys (ConfUtils.java:logGet(46)) - raft.server.log.purge.gap = 1000000 (custom)
2022-06-24 23:45:02,514 [pool-96-thread-1] INFO  server.RaftServerConfigKeys (ConfUtils.java:logGet(46)) - raft.server.log.appender.buffer.byte-limit = 33554432 (custom)
2022-06-24 23:45:02,515 [pool-96-thread-1] INFO  server.RaftServerConfigKeys (ConfUtils.java:logGet(46)) - raft.server.log.statemachine.data.read.timeout = 1000ms (default)
2022-06-24 23:45:02,515 [pool-96-thread-1] INFO  server.RaftServerConfigKeys (ConfUtils.java:logGet(46)) - raft.server.log.segment.size.max = 1048576 (custom)
2022-06-24 23:45:02,516 [pool-96-thread-1] INFO  server.RaftServerConfigKeys (ConfUtils.java:logGet(46)) - raft.server.log.segment.cache.num.max = 2 (custom)
2022-06-24 23:45:02,516 [pool-96-thread-1] INFO  server.RaftServerConfigKeys (ConfUtils.java:logGet(46)) - raft.server.log.segment.cache.size.max = 200MB (=209715200) (default)
2022-06-24 23:45:02,516 [pool-96-thread-1] INFO  segmented.SegmentedRaftLogWorker (SegmentedRaftLogWorker.java:<init>(187)) - new 18423a42-f8bb-48b0-9845-301087e2fcde@group-FB7C752E7519-SegmentedRaftLogWorker for RaftStorageImpl:Storage Directory /home/runner/work/ozone/ozone/hadoop-ozone/integration-test/target/test-dir/MiniOzoneClusterImpl-85de49eb-2ce1-4613-814a-bfb310a11337/datanode-1/data/ratis/83151976-0cfc-4fcf-b184-fb7c752e7519
2022-06-24 23:45:02,516 [pool-96-thread-1] INFO  server.RaftServerConfigKeys (ConfUtils.java:logGet(46)) - raft.server.log.queue.byte-limit = 4294967296 (custom)
2022-06-24 23:45:02,516 [pool-96-thread-1] INFO  server.RaftServerConfigKeys (ConfUtils.java:logGet(46)) - raft.server.log.queue.element-limit = 1024 (custom)
2022-06-24 23:45:02,516 [pool-96-thread-1] INFO  server.RaftServerConfigKeys (ConfUtils.java:logGet(46)) - raft.server.log.segment.size.max = 1048576 (custom)
2022-06-24 23:45:02,516 [pool-96-thread-1] INFO  server.RaftServerConfigKeys (ConfUtils.java:logGet(46)) - raft.server.log.preallocated.size = 16384 (custom)
2022-06-24 23:45:02,516 [pool-96-thread-1] INFO  server.RaftServerConfigKeys (ConfUtils.java:logGet(46)) - raft.server.log.force.sync.num = 128 (default)
2022-06-24 23:45:02,516 [pool-96-thread-1] INFO  server.RaftServerConfigKeys (ConfUtils.java:logGet(46)) - raft.server.log.statemachine.data.sync = true (default)
2022-06-24 23:45:02,516 [pool-96-thread-1] INFO  server.RaftServerConfigKeys (ConfUtils.java:logGet(46)) - raft.server.log.statemachine.data.sync.timeout = 10s (default)
2022-06-24 23:45:02,516 [pool-96-thread-1] INFO  server.RaftServerConfigKeys (ConfUtils.java:logGet(46)) - raft.server.log.statemachine.data.sync.timeout.retry = -1 (default)
2022-06-24 23:45:02,518 [pool-96-thread-1] INFO  server.RaftServerConfigKeys (ConfUtils.java:logGet(46)) - raft.server.log.write.buffer.size = 1048576 (custom)
2022-06-24 23:45:02,518 [pool-96-thread-1] INFO  server.RaftServerConfigKeys (ConfUtils.java:logGet(46)) - raft.server.log.unsafe-flush.enabled = false (default)
2022-06-24 23:45:02,518 [pool-96-thread-1] INFO  server.RaftServerConfigKeys (ConfUtils.java:logGet(46)) - raft.server.log.statemachine.data.caching.enabled = true (custom)
2022-06-24 23:45:02,519 [pool-96-thread-1] INFO  segmented.SegmentedRaftLogWorker (SegmentedRaftLogWorker.java:lambda$new$0(135)) - 18423a42-f8bb-48b0-9845-301087e2fcde@group-FB7C752E7519-SegmentedRaftLogWorker: flushIndex: setUnconditionally 0 -> -1
2022-06-24 23:45:02,519 [pool-96-thread-1] INFO  segmented.SegmentedRaftLogWorker (SegmentedRaftLogWorker.java:lambda$new$0(135)) - 18423a42-f8bb-48b0-9845-301087e2fcde@group-FB7C752E7519-SegmentedRaftLogWorker: safeCacheEvictIndex: setUnconditionally 0 -> -1
2022-06-24 23:45:02,532 [pool-96-thread-1] INFO  server.RaftServerConfigKeys (ConfUtils.java:logGet(46)) - raft.server.snapshot.auto.trigger.enabled = true (custom)
2022-06-24 23:45:02,532 [pool-96-thread-1] INFO  server.RaftServerConfigKeys (ConfUtils.java:logGet(46)) - raft.server.snapshot.auto.trigger.threshold = 10000 (custom)
2022-06-24 23:45:02,532 [pool-96-thread-1] INFO  server.RaftServerConfigKeys (ConfUtils.java:logGet(46)) - raft.server.snapshot.retention.file.num = 5 (custom)
2022-06-24 23:45:02,532 [pool-96-thread-1] INFO  server.RaftServerConfigKeys (ConfUtils.java:logGet(46)) - raft.server.log.purge.upto.snapshot.index = false (default)
2022-06-24 23:45:02,532 [pool-96-thread-1] INFO  server.RaftServerConfigKeys (ConfUtils.java:logGet(46)) - raft.server.retrycache.expirytime = 600000ms (custom)
2022-06-24 23:45:02,532 [pool-96-thread-1] INFO  server.RaftServerConfigKeys (ConfUtils.java:logGet(46)) - raft.server.retrycache.statistics.expirytime = 100μs (default)
2022-06-24 23:45:02,535 [EventQueue-PipelineReportForPipelineReportHandler] INFO  pipeline.PipelineManagerImpl (PipelineManagerImpl.java:openPipeline(358)) - Pipeline Pipeline[ Id: 83151976-0cfc-4fcf-b184-fb7c752e7519, Nodes: 18423a42-f8bb-48b0-9845-301087e2fcde{ip: 10.1.0.24, host: fv-az21-224.v4iizcarkezebbfea14bcgzyke.bx.internal.cloudapp.net, ports: [REPLICATION=45717, RATIS=45671, RATIS_ADMIN=45671, RATIS_SERVER=45671, STANDALONE=36383], networkLocation: /default-rack, certSerialId: null, persistedOpState: IN_SERVICE, persistedOpStateExpiryEpochSec: 0}, ReplicationConfig: RATIS/ONE, State:ALLOCATED, leaderId:18423a42-f8bb-48b0-9845-301087e2fcde, CreationTimestamp2022-06-24T23:44:59.492Z[Etc/UTC]] moved to OPEN state
2022-06-24 23:45:02,539 [EventQueue-OpenPipelineForHealthyPipelineSafeModeRule] INFO  safemode.SCMSafeModeManager (HealthyPipelineSafeModeRule.java:process(124)) - SCM in safe mode. Healthy pipelines reported count is 0, required healthy pipeline reported count is 1
2022-06-24 23:45:02,543 [pool-96-thread-1] INFO  server.RaftServerConfigKeys (ConfUtils.java:logGet(46)) - raft.server.log.appender.install.snapshot.enabled = false (custom)
2022-06-24 23:45:02,543 [pool-96-thread-1] INFO  server.RaftServerConfigKeys (ConfUtils.java:logGet(46)) - raft.server.threadpool.server.cached = true (default)
2022-06-24 23:45:02,543 [pool-96-thread-1] INFO  server.RaftServerConfigKeys (ConfUtils.java:logGet(46)) - raft.server.threadpool.server.size = 0 (default)
2022-06-24 23:45:02,544 [pool-96-thread-1] INFO  server.RaftServerConfigKeys (ConfUtils.java:logGet(46)) - raft.server.threadpool.client.cached = true (default)
2022-06-24 23:45:02,545 [pool-96-thread-1] INFO  server.RaftServerConfigKeys (ConfUtils.java:logGet(46)) - raft.server.threadpool.client.size = 0 (default)
2022-06-24 23:45:02,545 [pool-96-thread-1] INFO  server.RaftServer$Division (RaftServerImpl.java:start(310)) - 18423a42-f8bb-48b0-9845-301087e2fcde@group-FB7C752E7519: start as a follower, conf=-1: [18423a42-f8bb-48b0-9845-301087e2fcde|rpc:10.1.0.24:45671|priority:1], old=null
2022-06-24 23:45:02,545 [pool-96-thread-1] INFO  server.RaftServer$Division (RaftServerImpl.java:setRole(299)) - 18423a42-f8bb-48b0-9845-301087e2fcde@group-FB7C752E7519: changes role from      null to FOLLOWER at term 0 for startAsFollower
2022-06-24 23:45:02,545 [pool-96-thread-1] INFO  impl.RoleInfo (RoleInfo.java:updateAndGet(139)) - 18423a42-f8bb-48b0-9845-301087e2fcde: start 18423a42-f8bb-48b0-9845-301087e2fcde@group-FB7C752E7519-FollowerState
2022-06-24 23:45:02,546 [pool-96-thread-1] INFO  util.JmxRegister (JmxRegister.java:tryRegister(44)) - Successfully registered JMX Bean with object name Ratis:service=RaftServer,group=group-FB7C752E7519,id=18423a42-f8bb-48b0-9845-301087e2fcde
2022-06-24 23:45:02,551 [Command processor thread] INFO  ratis.XceiverServerRatis (XceiverServerRatis.java:addGroup(765)) - Created group PipelineID=83151976-0cfc-4fcf-b184-fb7c752e7519
2022-06-24 23:45:02,552 [Command processor thread] INFO  commandhandler.CreatePipelineCommandHandler (CreatePipelineCommandHandler.java:handle(113)) - Created Pipeline RATIS ONE PipelineID=83151976-0cfc-4fcf-b184-fb7c752e7519.
2022-06-24 23:45:02,552 [Command processor thread] INFO  server.RaftServer (RaftServerProxy.java:addNew(96)) - 18423a42-f8bb-48b0-9845-301087e2fcde: addNew group-1BF5799665A0:[1cd66e73-07f1-4729-a00f-873523f7ad93|rpc:10.1.0.24:46017|priority:0, 18423a42-f8bb-48b0-9845-301087e2fcde|rpc:10.1.0.24:45671|priority:1, c0c3f727-3a57-4cf2-9ef3-302a01638126|rpc:10.1.0.24:32921|priority:0] returns group-1BF5799665A0:java.util.concurrent.CompletableFuture@7d2a15ba[Not completed]
2022-06-24 23:45:02,553 [pool-96-thread-1] INFO  server.RaftServer$Division (RaftServerImpl.java:<init>(190)) - 18423a42-f8bb-48b0-9845-301087e2fcde: new RaftServerImpl for group-1BF5799665A0:[1cd66e73-07f1-4729-a00f-873523f7ad93|rpc:10.1.0.24:46017|priority:0, 18423a42-f8bb-48b0-9845-301087e2fcde|rpc:10.1.0.24:45671|priority:1, c0c3f727-3a57-4cf2-9ef3-302a01638126|rpc:10.1.0.24:32921|priority:0] with ContainerStateMachine:uninitialized
2022-06-24 23:45:02,553 [pool-96-thread-1] INFO  server.RaftServerConfigKeys (ConfUtils.java:logGet(46)) - raft.server.rpc.timeout.min = 5s (custom)
2022-06-24 23:45:02,553 [pool-96-thread-1] INFO  server.RaftServerConfigKeys (ConfUtils.java:logGet(46)) - raft.server.rpc.timeout.max = 5200ms (custom)
2022-06-24 23:45:02,553 [pool-96-thread-1] INFO  server.RaftServerConfigKeys (ConfUtils.java:logGet(46)) - raft.server.rpc.sleep.time = 25ms (default)
2022-06-24 23:45:02,553 [pool-96-thread-1] INFO  server.RaftServerConfigKeys (ConfUtils.java:logGet(46)) - raft.server.rpc.slowness.timeout = 300s (custom)
2022-06-24 23:45:02,553 [pool-96-thread-1] INFO  server.RaftServerConfigKeys (ConfUtils.java:logGet(46)) - raft.server.leaderelection.leader.step-down.wait-time = 10s (default)
2022-06-24 23:45:02,553 [pool-96-thread-1] INFO  server.RaftServerConfigKeys (ConfUtils.java:logGet(46)) - raft.server.sleep.deviation.threshold = 300ms (default)
2022-06-24 23:45:02,553 [pool-96-thread-1] INFO  server.RaftServer$Division (ServerState.java:<init>(107)) - 18423a42-f8bb-48b0-9845-301087e2fcde@group-1BF5799665A0: ConfigurationManager, init=-1: [1cd66e73-07f1-4729-a00f-873523f7ad93|rpc:10.1.0.24:46017|priority:0, 18423a42-f8bb-48b0-9845-301087e2fcde|rpc:10.1.0.24:45671|priority:1, c0c3f727-3a57-4cf2-9ef3-302a01638126|rpc:10.1.0.24:32921|priority:0], old=null, confs=<EMPTY_MAP>
2022-06-24 23:45:02,553 [pool-96-thread-1] INFO  server.RaftServerConfigKeys (ConfUtils.java:logGet(46)) - raft.server.storage.dir = [/home/runner/work/ozone/ozone/hadoop-ozone/integration-test/target/test-dir/MiniOzoneClusterImpl-85de49eb-2ce1-4613-814a-bfb310a11337/datanode-1/data/ratis] (custom)
2022-06-24 23:45:02,554 [pool-96-thread-1] INFO  server.RaftServerConfigKeys (ConfUtils.java:logGet(46)) - raft.server.log.corruption.policy = EXCEPTION (default)
2022-06-24 23:45:02,554 [pool-96-thread-1] INFO  server.RaftServerConfigKeys (ConfUtils.java:logGet(46)) - raft.server.storage.free-space.min = 0MB (=0) (default)
2022-06-24 23:45:02,554 [pool-96-thread-1] INFO  storage.RaftStorageDirectory (RaftStorageDirectoryImpl.java:analyzeStorage(135)) - The storage directory /home/runner/work/ozone/ozone/hadoop-ozone/integration-test/target/test-dir/MiniOzoneClusterImpl-85de49eb-2ce1-4613-814a-bfb310a11337/datanode-1/data/ratis/ef3eb1a0-c051-4623-9f43-1bf5799665a0 does not exist. Creating ...
2022-06-24 23:45:02,555 [pool-96-thread-1] INFO  storage.RaftStorageDirectory (RaftStorageDirectoryImpl.java:tryLock(230)) - Lock on /home/runner/work/ozone/ozone/hadoop-ozone/integration-test/target/test-dir/MiniOzoneClusterImpl-85de49eb-2ce1-4613-814a-bfb310a11337/datanode-1/data/ratis/ef3eb1a0-c051-4623-9f43-1bf5799665a0/in_use.lock acquired by nodename 11308@fv-az21-224
2022-06-24 23:45:02,557 [pool-96-thread-1] INFO  storage.RaftStorage (RaftStorageImpl.java:format(89)) - Storage directory /home/runner/work/ozone/ozone/hadoop-ozone/integration-test/target/test-dir/MiniOzoneClusterImpl-85de49eb-2ce1-4613-814a-bfb310a11337/datanode-1/data/ratis/ef3eb1a0-c051-4623-9f43-1bf5799665a0 has been successfully formatted.
2022-06-24 23:45:02,558 [pool-96-thread-1] INFO  ratis.ContainerStateMachine (ContainerStateMachine.java:loadSnapshot(236)) - group-1BF5799665A0: The snapshot info is null. Setting the last applied indexto:(t:0, i:~)
2022-06-24 23:45:02,558 [pool-96-thread-1] INFO  server.RaftServerConfigKeys (ConfUtils.java:logGet(46)) - raft.server.notification.no-leader.timeout = 300s (custom)
2022-06-24 23:45:02,559 [pool-96-thread-1] INFO  server.RaftServerConfigKeys (ConfUtils.java:logGet(46)) - raft.server.log.use.memory = false (default)
2022-06-24 23:45:02,559 [pool-96-thread-1] INFO  server.RaftServerConfigKeys (ConfUtils.java:logGet(46)) - raft.server.log.purge.gap = 1000000 (custom)
2022-06-24 23:45:02,559 [pool-96-thread-1] INFO  server.RaftServerConfigKeys (ConfUtils.java:logGet(46)) - raft.server.log.appender.buffer.byte-limit = 33554432 (custom)
2022-06-24 23:45:02,559 [pool-96-thread-1] INFO  server.RaftServerConfigKeys (ConfUtils.java:logGet(46)) - raft.server.log.statemachine.data.read.timeout = 1000ms (default)
2022-06-24 23:45:02,560 [EventQueue-OpenPipelineForHealthyPipelineSafeModeRule] INFO  safemode.SCMSafeModeManager (HealthyPipelineSafeModeRule.java:process(124)) - SCM in safe mode. Healthy pipelines reported count is 0, required healthy pipeline reported count is 1
2022-06-24 23:45:02,561 [pool-96-thread-1] INFO  server.RaftServerConfigKeys (ConfUtils.java:logGet(46)) - raft.server.log.segment.size.max = 1048576 (custom)
2022-06-24 23:45:02,561 [pool-96-thread-1] INFO  server.RaftServerConfigKeys (ConfUtils.java:logGet(46)) - raft.server.log.segment.cache.num.max = 2 (custom)
2022-06-24 23:45:02,561 [pool-96-thread-1] INFO  server.RaftServerConfigKeys (ConfUtils.java:logGet(46)) - raft.server.log.segment.cache.size.max = 200MB (=209715200) (default)
2022-06-24 23:45:02,562 [pool-96-thread-1] INFO  segmented.SegmentedRaftLogWorker (SegmentedRaftLogWorker.java:<init>(187)) - new 18423a42-f8bb-48b0-9845-301087e2fcde@group-1BF5799665A0-SegmentedRaftLogWorker for RaftStorageImpl:Storage Directory /home/runner/work/ozone/ozone/hadoop-ozone/integration-test/target/test-dir/MiniOzoneClusterImpl-85de49eb-2ce1-4613-814a-bfb310a11337/datanode-1/data/ratis/ef3eb1a0-c051-4623-9f43-1bf5799665a0
2022-06-24 23:45:02,562 [pool-96-thread-1] INFO  server.RaftServerConfigKeys (ConfUtils.java:logGet(46)) - raft.server.log.queue.byte-limit = 4294967296 (custom)
2022-06-24 23:45:02,562 [pool-96-thread-1] INFO  server.RaftServerConfigKeys (ConfUtils.java:logGet(46)) - raft.server.log.queue.element-limit = 1024 (custom)
2022-06-24 23:45:02,562 [pool-96-thread-1] INFO  server.RaftServerConfigKeys (ConfUtils.java:logGet(46)) - raft.server.log.segment.size.max = 1048576 (custom)
2022-06-24 23:45:02,562 [pool-96-thread-1] INFO  server.RaftServerConfigKeys (ConfUtils.java:logGet(46)) - raft.server.log.preallocated.size = 16384 (custom)
2022-06-24 23:45:02,562 [pool-96-thread-1] INFO  server.RaftServerConfigKeys (ConfUtils.java:logGet(46)) - raft.server.log.force.sync.num = 128 (default)
2022-06-24 23:45:02,562 [pool-96-thread-1] INFO  server.RaftServerConfigKeys (ConfUtils.java:logGet(46)) - raft.server.log.statemachine.data.sync = true (default)
2022-06-24 23:45:02,562 [pool-96-thread-1] INFO  server.RaftServerConfigKeys (ConfUtils.java:logGet(46)) - raft.server.log.statemachine.data.sync.timeout = 10s (default)
2022-06-24 23:45:02,562 [pool-96-thread-1] INFO  server.RaftServerConfigKeys (ConfUtils.java:logGet(46)) - raft.server.log.statemachine.data.sync.timeout.retry = -1 (default)
2022-06-24 23:45:02,563 [pool-96-thread-1] INFO  server.RaftServerConfigKeys (ConfUtils.java:logGet(46)) - raft.server.log.write.buffer.size = 1048576 (custom)
2022-06-24 23:45:02,564 [pool-96-thread-1] INFO  server.RaftServerConfigKeys (ConfUtils.java:logGet(46)) - raft.server.log.unsafe-flush.enabled = false (default)
2022-06-24 23:45:02,564 [pool-96-thread-1] INFO  server.RaftServerConfigKeys (ConfUtils.java:logGet(46)) - raft.server.log.statemachine.data.caching.enabled = true (custom)
2022-06-24 23:45:02,564 [pool-96-thread-1] INFO  segmented.SegmentedRaftLogWorker (SegmentedRaftLogWorker.java:lambda$new$0(135)) - 18423a42-f8bb-48b0-9845-301087e2fcde@group-1BF5799665A0-SegmentedRaftLogWorker: flushIndex: setUnconditionally 0 -> -1
2022-06-24 23:45:02,564 [pool-96-thread-1] INFO  segmented.SegmentedRaftLogWorker (SegmentedRaftLogWorker.java:lambda$new$0(135)) - 18423a42-f8bb-48b0-9845-301087e2fcde@group-1BF5799665A0-SegmentedRaftLogWorker: safeCacheEvictIndex: setUnconditionally 0 -> -1
2022-06-24 23:45:02,564 [pool-96-thread-1] INFO  server.RaftServerConfigKeys (ConfUtils.java:logGet(46)) - raft.server.snapshot.auto.trigger.enabled = true (custom)
2022-06-24 23:45:02,564 [pool-96-thread-1] INFO  server.RaftServerConfigKeys (ConfUtils.java:logGet(46)) - raft.server.snapshot.auto.trigger.threshold = 10000 (custom)
2022-06-24 23:45:02,564 [pool-96-thread-1] INFO  server.RaftServerConfigKeys (ConfUtils.java:logGet(46)) - raft.server.snapshot.retention.file.num = 5 (custom)
2022-06-24 23:45:02,564 [pool-96-thread-1] INFO  server.RaftServerConfigKeys (ConfUtils.java:logGet(46)) - raft.server.log.purge.upto.snapshot.index = false (default)
2022-06-24 23:45:02,564 [pool-96-thread-1] INFO  server.RaftServerConfigKeys (ConfUtils.java:logGet(46)) - raft.server.retrycache.expirytime = 600000ms (custom)
2022-06-24 23:45:02,564 [pool-96-thread-1] INFO  server.RaftServerConfigKeys (ConfUtils.java:logGet(46)) - raft.server.retrycache.statistics.expirytime = 100μs (default)
2022-06-24 23:45:02,566 [pool-96-thread-1] INFO  server.RaftServerConfigKeys (ConfUtils.java:logGet(46)) - raft.server.log.appender.install.snapshot.enabled = false (custom)
2022-06-24 23:45:02,566 [pool-96-thread-1] INFO  server.RaftServerConfigKeys (ConfUtils.java:logGet(46)) - raft.server.threadpool.server.cached = true (default)
2022-06-24 23:45:02,566 [pool-96-thread-1] INFO  server.RaftServerConfigKeys (ConfUtils.java:logGet(46)) - raft.server.threadpool.server.size = 0 (default)
2022-06-24 23:45:02,566 [pool-96-thread-1] INFO  server.RaftServerConfigKeys (ConfUtils.java:logGet(46)) - raft.server.threadpool.client.cached = true (default)
2022-06-24 23:45:02,566 [pool-96-thread-1] INFO  server.RaftServerConfigKeys (ConfUtils.java:logGet(46)) - raft.server.threadpool.client.size = 0 (default)
2022-06-24 23:45:02,566 [pool-96-thread-1] INFO  server.RaftServer$Division (RaftServerImpl.java:start(310)) - 18423a42-f8bb-48b0-9845-301087e2fcde@group-1BF5799665A0: start as a follower, conf=-1: [1cd66e73-07f1-4729-a00f-873523f7ad93|rpc:10.1.0.24:46017|priority:0, 18423a42-f8bb-48b0-9845-301087e2fcde|rpc:10.1.0.24:45671|priority:1, c0c3f727-3a57-4cf2-9ef3-302a01638126|rpc:10.1.0.24:32921|priority:0], old=null
2022-06-24 23:45:02,566 [pool-96-thread-1] INFO  server.RaftServer$Division (RaftServerImpl.java:setRole(299)) - 18423a42-f8bb-48b0-9845-301087e2fcde@group-1BF5799665A0: changes role from      null to FOLLOWER at term 0 for startAsFollower
2022-06-24 23:45:02,566 [pool-96-thread-1] INFO  impl.RoleInfo (RoleInfo.java:updateAndGet(139)) - 18423a42-f8bb-48b0-9845-301087e2fcde: start 18423a42-f8bb-48b0-9845-301087e2fcde@group-1BF5799665A0-FollowerState
2022-06-24 23:45:02,567 [pool-96-thread-1] INFO  util.JmxRegister (JmxRegister.java:tryRegister(44)) - Successfully registered JMX Bean with object name Ratis:service=RaftServer,group=group-1BF5799665A0,id=18423a42-f8bb-48b0-9845-301087e2fcde
2022-06-24 23:45:02,567 [Command processor thread] INFO  ratis.XceiverServerRatis (XceiverServerRatis.java:addGroup(765)) - Created group PipelineID=ef3eb1a0-c051-4623-9f43-1bf5799665a0
2022-06-24 23:45:02,590 [grpc-default-executor-0] INFO  server.RaftServer (RaftServerProxy.java:addNew(96)) - c0c3f727-3a57-4cf2-9ef3-302a01638126: addNew group-1BF5799665A0:[1cd66e73-07f1-4729-a00f-873523f7ad93|rpc:10.1.0.24:46017|dataStream:|priority:0, 18423a42-f8bb-48b0-9845-301087e2fcde|rpc:10.1.0.24:45671|dataStream:|priority:1, c0c3f727-3a57-4cf2-9ef3-302a01638126|rpc:10.1.0.24:32921|dataStream:|priority:0] returns group-1BF5799665A0:java.util.concurrent.CompletableFuture@3ac74d1[Not completed]
2022-06-24 23:45:02,598 [pool-119-thread-1] INFO  server.RaftServer$Division (RaftServerImpl.java:<init>(190)) - c0c3f727-3a57-4cf2-9ef3-302a01638126: new RaftServerImpl for group-1BF5799665A0:[1cd66e73-07f1-4729-a00f-873523f7ad93|rpc:10.1.0.24:46017|dataStream:|priority:0, 18423a42-f8bb-48b0-9845-301087e2fcde|rpc:10.1.0.24:45671|dataStream:|priority:1, c0c3f727-3a57-4cf2-9ef3-302a01638126|rpc:10.1.0.24:32921|dataStream:|priority:0] with ContainerStateMachine:uninitialized
2022-06-24 23:45:02,598 [pool-119-thread-1] INFO  server.RaftServerConfigKeys (ConfUtils.java:logGet(46)) - raft.server.rpc.timeout.min = 5s (custom)
2022-06-24 23:45:02,598 [pool-119-thread-1] INFO  server.RaftServerConfigKeys (ConfUtils.java:logGet(46)) - raft.server.rpc.timeout.max = 5200ms (custom)
2022-06-24 23:45:02,598 [pool-119-thread-1] INFO  server.RaftServerConfigKeys (ConfUtils.java:logGet(46)) - raft.server.rpc.sleep.time = 25ms (default)
2022-06-24 23:45:02,598 [pool-119-thread-1] INFO  server.RaftServerConfigKeys (ConfUtils.java:logGet(46)) - raft.server.rpc.slowness.timeout = 300s (custom)
2022-06-24 23:45:02,598 [pool-119-thread-1] INFO  server.RaftServerConfigKeys (ConfUtils.java:logGet(46)) - raft.server.leaderelection.leader.step-down.wait-time = 10s (default)
2022-06-24 23:45:02,598 [pool-119-thread-1] INFO  server.RaftServerConfigKeys (ConfUtils.java:logGet(46)) - raft.server.sleep.deviation.threshold = 300ms (default)
2022-06-24 23:45:02,598 [pool-119-thread-1] INFO  server.RaftServer$Division (ServerState.java:<init>(107)) - c0c3f727-3a57-4cf2-9ef3-302a01638126@group-1BF5799665A0: ConfigurationManager, init=-1: [1cd66e73-07f1-4729-a00f-873523f7ad93|rpc:10.1.0.24:46017|dataStream:|priority:0, 18423a42-f8bb-48b0-9845-301087e2fcde|rpc:10.1.0.24:45671|dataStream:|priority:1, c0c3f727-3a57-4cf2-9ef3-302a01638126|rpc:10.1.0.24:32921|dataStream:|priority:0], old=null, confs=<EMPTY_MAP>
2022-06-24 23:45:02,599 [pool-119-thread-1] INFO  server.RaftServerConfigKeys (ConfUtils.java:logGet(46)) - raft.server.storage.dir = [/home/runner/work/ozone/ozone/hadoop-ozone/integration-test/target/test-dir/MiniOzoneClusterImpl-85de49eb-2ce1-4613-814a-bfb310a11337/datanode-2/data/ratis] (custom)
2022-06-24 23:45:02,600 [pool-119-thread-1] INFO  server.RaftServerConfigKeys (ConfUtils.java:logGet(46)) - raft.server.log.corruption.policy = EXCEPTION (default)
2022-06-24 23:45:02,600 [pool-119-thread-1] INFO  server.RaftServerConfigKeys (ConfUtils.java:logGet(46)) - raft.server.storage.free-space.min = 0MB (=0) (default)
2022-06-24 23:45:02,600 [pool-119-thread-1] INFO  storage.RaftStorageDirectory (RaftStorageDirectoryImpl.java:analyzeStorage(135)) - The storage directory /home/runner/work/ozone/ozone/hadoop-ozone/integration-test/target/test-dir/MiniOzoneClusterImpl-85de49eb-2ce1-4613-814a-bfb310a11337/datanode-2/data/ratis/ef3eb1a0-c051-4623-9f43-1bf5799665a0 does not exist. Creating ...
2022-06-24 23:45:02,602 [pool-119-thread-1] INFO  storage.RaftStorageDirectory (RaftStorageDirectoryImpl.java:tryLock(230)) - Lock on /home/runner/work/ozone/ozone/hadoop-ozone/integration-test/target/test-dir/MiniOzoneClusterImpl-85de49eb-2ce1-4613-814a-bfb310a11337/datanode-2/data/ratis/ef3eb1a0-c051-4623-9f43-1bf5799665a0/in_use.lock acquired by nodename 11308@fv-az21-224
2022-06-24 23:45:02,603 [pool-119-thread-1] INFO  storage.RaftStorage (RaftStorageImpl.java:format(89)) - Storage directory /home/runner/work/ozone/ozone/hadoop-ozone/integration-test/target/test-dir/MiniOzoneClusterImpl-85de49eb-2ce1-4613-814a-bfb310a11337/datanode-2/data/ratis/ef3eb1a0-c051-4623-9f43-1bf5799665a0 has been successfully formatted.
2022-06-24 23:45:02,609 [pool-119-thread-1] INFO  ratis.ContainerStateMachine (ContainerStateMachine.java:loadSnapshot(236)) - group-1BF5799665A0: The snapshot info is null. Setting the last applied indexto:(t:0, i:~)
2022-06-24 23:45:02,610 [pool-119-thread-1] INFO  server.RaftServerConfigKeys (ConfUtils.java:logGet(46)) - raft.server.notification.no-leader.timeout = 300s (custom)
2022-06-24 23:45:02,610 [pool-119-thread-1] INFO  server.RaftServerConfigKeys (ConfUtils.java:logGet(46)) - raft.server.log.use.memory = false (default)
2022-06-24 23:45:02,610 [pool-119-thread-1] INFO  server.RaftServerConfigKeys (ConfUtils.java:logGet(46)) - raft.server.log.purge.gap = 1000000 (custom)
2022-06-24 23:45:02,610 [pool-119-thread-1] INFO  server.RaftServerConfigKeys (ConfUtils.java:logGet(46)) - raft.server.log.appender.buffer.byte-limit = 33554432 (custom)
2022-06-24 23:45:02,610 [pool-119-thread-1] INFO  server.RaftServerConfigKeys (ConfUtils.java:logGet(46)) - raft.server.log.statemachine.data.read.timeout = 1000ms (default)
2022-06-24 23:45:02,610 [pool-119-thread-1] INFO  server.RaftServerConfigKeys (ConfUtils.java:logGet(46)) - raft.server.log.segment.size.max = 1048576 (custom)
2022-06-24 23:45:02,611 [pool-119-thread-1] INFO  server.RaftServerConfigKeys (ConfUtils.java:logGet(46)) - raft.server.log.segment.cache.num.max = 2 (custom)
2022-06-24 23:45:02,611 [pool-119-thread-1] INFO  server.RaftServerConfigKeys (ConfUtils.java:logGet(46)) - raft.server.log.segment.cache.size.max = 200MB (=209715200) (default)
2022-06-24 23:45:02,611 [pool-119-thread-1] INFO  segmented.SegmentedRaftLogWorker (SegmentedRaftLogWorker.java:<init>(187)) - new c0c3f727-3a57-4cf2-9ef3-302a01638126@group-1BF5799665A0-SegmentedRaftLogWorker for RaftStorageImpl:Storage Directory /home/runner/work/ozone/ozone/hadoop-ozone/integration-test/target/test-dir/MiniOzoneClusterImpl-85de49eb-2ce1-4613-814a-bfb310a11337/datanode-2/data/ratis/ef3eb1a0-c051-4623-9f43-1bf5799665a0
2022-06-24 23:45:02,611 [pool-119-thread-1] INFO  server.RaftServerConfigKeys (ConfUtils.java:logGet(46)) - raft.server.log.queue.byte-limit = 4294967296 (custom)
2022-06-24 23:45:02,611 [pool-119-thread-1] INFO  server.RaftServerConfigKeys (ConfUtils.java:logGet(46)) - raft.server.log.queue.element-limit = 1024 (custom)
2022-06-24 23:45:02,611 [pool-119-thread-1] INFO  server.RaftServerConfigKeys (ConfUtils.java:logGet(46)) - raft.server.log.segment.size.max = 1048576 (custom)
2022-06-24 23:45:02,611 [pool-119-thread-1] INFO  server.RaftServerConfigKeys (ConfUtils.java:logGet(46)) - raft.server.log.preallocated.size = 16384 (custom)
2022-06-24 23:45:02,611 [pool-119-thread-1] INFO  server.RaftServerConfigKeys (ConfUtils.java:logGet(46)) - raft.server.log.force.sync.num = 128 (default)
2022-06-24 23:45:02,611 [pool-119-thread-1] INFO  server.RaftServerConfigKeys (ConfUtils.java:logGet(46)) - raft.server.log.statemachine.data.sync = true (default)
2022-06-24 23:45:02,611 [pool-119-thread-1] INFO  server.RaftServerConfigKeys (ConfUtils.java:logGet(46)) - raft.server.log.statemachine.data.sync.timeout = 10s (default)
2022-06-24 23:45:02,611 [pool-119-thread-1] INFO  server.RaftServerConfigKeys (ConfUtils.java:logGet(46)) - raft.server.log.statemachine.data.sync.timeout.retry = -1 (default)
2022-06-24 23:45:02,612 [pool-119-thread-1] INFO  server.RaftServerConfigKeys (ConfUtils.java:logGet(46)) - raft.server.log.write.buffer.size = 1048576 (custom)
2022-06-24 23:45:02,613 [pool-119-thread-1] INFO  server.RaftServerConfigKeys (ConfUtils.java:logGet(46)) - raft.server.log.unsafe-flush.enabled = false (default)
2022-06-24 23:45:02,613 [pool-119-thread-1] INFO  server.RaftServerConfigKeys (ConfUtils.java:logGet(46)) - raft.server.log.statemachine.data.caching.enabled = true (custom)
2022-06-24 23:45:02,613 [pool-119-thread-1] INFO  segmented.SegmentedRaftLogWorker (SegmentedRaftLogWorker.java:lambda$new$0(135)) - c0c3f727-3a57-4cf2-9ef3-302a01638126@group-1BF5799665A0-SegmentedRaftLogWorker: flushIndex: setUnconditionally 0 -> -1
2022-06-24 23:45:02,613 [pool-119-thread-1] INFO  segmented.SegmentedRaftLogWorker (SegmentedRaftLogWorker.java:lambda$new$0(135)) - c0c3f727-3a57-4cf2-9ef3-302a01638126@group-1BF5799665A0-SegmentedRaftLogWorker: safeCacheEvictIndex: setUnconditionally 0 -> -1
2022-06-24 23:45:02,631 [pool-119-thread-1] INFO  server.RaftServerConfigKeys (ConfUtils.java:logGet(46)) - raft.server.snapshot.auto.trigger.enabled = true (custom)
2022-06-24 23:45:02,631 [pool-119-thread-1] INFO  server.RaftServerConfigKeys (ConfUtils.java:logGet(46)) - raft.server.snapshot.auto.trigger.threshold = 10000 (custom)
2022-06-24 23:45:02,631 [pool-119-thread-1] INFO  server.RaftServerConfigKeys (ConfUtils.java:logGet(46)) - raft.server.snapshot.retention.file.num = 5 (custom)
2022-06-24 23:45:02,631 [pool-119-thread-1] INFO  server.RaftServerConfigKeys (ConfUtils.java:logGet(46)) - raft.server.log.purge.upto.snapshot.index = false (default)
2022-06-24 23:45:02,631 [pool-119-thread-1] INFO  server.RaftServerConfigKeys (ConfUtils.java:logGet(46)) - raft.server.retrycache.expirytime = 600000ms (custom)
2022-06-24 23:45:02,631 [pool-119-thread-1] INFO  server.RaftServerConfigKeys (ConfUtils.java:logGet(46)) - raft.server.retrycache.statistics.expirytime = 100μs (default)
2022-06-24 23:45:02,633 [pool-119-thread-1] INFO  server.RaftServerConfigKeys (ConfUtils.java:logGet(46)) - raft.server.log.appender.install.snapshot.enabled = false (custom)
2022-06-24 23:45:02,633 [pool-119-thread-1] INFO  server.RaftServerConfigKeys (ConfUtils.java:logGet(46)) - raft.server.threadpool.server.cached = true (default)
2022-06-24 23:45:02,633 [pool-119-thread-1] INFO  server.RaftServerConfigKeys (ConfUtils.java:logGet(46)) - raft.server.threadpool.server.size = 0 (default)
2022-06-24 23:45:02,633 [pool-119-thread-1] INFO  server.RaftServerConfigKeys (ConfUtils.java:logGet(46)) - raft.server.threadpool.client.cached = true (default)
2022-06-24 23:45:02,633 [pool-119-thread-1] INFO  server.RaftServerConfigKeys (ConfUtils.java:logGet(46)) - raft.server.threadpool.client.size = 0 (default)
2022-06-24 23:45:02,633 [pool-119-thread-1] INFO  server.RaftServer$Division (RaftServerImpl.java:start(310)) - c0c3f727-3a57-4cf2-9ef3-302a01638126@group-1BF5799665A0: start as a follower, conf=-1: [1cd66e73-07f1-4729-a00f-873523f7ad93|rpc:10.1.0.24:46017|dataStream:|priority:0, 18423a42-f8bb-48b0-9845-301087e2fcde|rpc:10.1.0.24:45671|dataStream:|priority:1, c0c3f727-3a57-4cf2-9ef3-302a01638126|rpc:10.1.0.24:32921|dataStream:|priority:0], old=null
2022-06-24 23:45:02,633 [pool-119-thread-1] INFO  server.RaftServer$Division (RaftServerImpl.java:setRole(299)) - c0c3f727-3a57-4cf2-9ef3-302a01638126@group-1BF5799665A0: changes role from      null to FOLLOWER at term 0 for startAsFollower
2022-06-24 23:45:02,634 [pool-119-thread-1] INFO  impl.RoleInfo (RoleInfo.java:updateAndGet(139)) - c0c3f727-3a57-4cf2-9ef3-302a01638126: start c0c3f727-3a57-4cf2-9ef3-302a01638126@group-1BF5799665A0-FollowerState
2022-06-24 23:45:02,635 [pool-119-thread-1] INFO  util.JmxRegister (JmxRegister.java:tryRegister(44)) - Successfully registered JMX Bean with object name Ratis:service=RaftServer,group=group-1BF5799665A0,id=c0c3f727-3a57-4cf2-9ef3-302a01638126
2022-06-24 23:45:02,727 [Command processor thread] INFO  commandhandler.CreatePipelineCommandHandler (CreatePipelineCommandHandler.java:handle(113)) - Created Pipeline RATIS THREE PipelineID=ef3eb1a0-c051-4623-9f43-1bf5799665a0.
2022-06-24 23:45:02,727 [Command processor thread] INFO  server.RaftServer (RaftServerProxy.java:addNew(96)) - 18423a42-f8bb-48b0-9845-301087e2fcde: addNew group-776F56FA1288:[1cd66e73-07f1-4729-a00f-873523f7ad93|rpc:10.1.0.24:46017|priority:1, 18423a42-f8bb-48b0-9845-301087e2fcde|rpc:10.1.0.24:45671|priority:0, c0c3f727-3a57-4cf2-9ef3-302a01638126|rpc:10.1.0.24:32921|priority:0] returns group-776F56FA1288:java.util.concurrent.CompletableFuture@29de0601[Not completed]
2022-06-24 23:45:02,729 [pool-96-thread-1] INFO  server.RaftServer$Division (RaftServerImpl.java:<init>(190)) - 18423a42-f8bb-48b0-9845-301087e2fcde: new RaftServerImpl for group-776F56FA1288:[1cd66e73-07f1-4729-a00f-873523f7ad93|rpc:10.1.0.24:46017|priority:1, 18423a42-f8bb-48b0-9845-301087e2fcde|rpc:10.1.0.24:45671|priority:0, c0c3f727-3a57-4cf2-9ef3-302a01638126|rpc:10.1.0.24:32921|priority:0] with ContainerStateMachine:uninitialized
2022-06-24 23:45:02,729 [pool-96-thread-1] INFO  server.RaftServerConfigKeys (ConfUtils.java:logGet(46)) - raft.server.rpc.timeout.min = 5s (custom)
2022-06-24 23:45:02,729 [pool-96-thread-1] INFO  server.RaftServerConfigKeys (ConfUtils.java:logGet(46)) - raft.server.rpc.timeout.max = 5200ms (custom)
2022-06-24 23:45:02,729 [pool-96-thread-1] INFO  server.RaftServerConfigKeys (ConfUtils.java:logGet(46)) - raft.server.rpc.sleep.time = 25ms (default)
2022-06-24 23:45:02,730 [pool-96-thread-1] INFO  server.RaftServerConfigKeys (ConfUtils.java:logGet(46)) - raft.server.rpc.slowness.timeout = 300s (custom)
2022-06-24 23:45:02,730 [pool-96-thread-1] INFO  server.RaftServerConfigKeys (ConfUtils.java:logGet(46)) - raft.server.leaderelection.leader.step-down.wait-time = 10s (default)
2022-06-24 23:45:02,730 [pool-96-thread-1] INFO  server.RaftServerConfigKeys (ConfUtils.java:logGet(46)) - raft.server.sleep.deviation.threshold = 300ms (default)
2022-06-24 23:45:02,730 [pool-96-thread-1] INFO  server.RaftServer$Division (ServerState.java:<init>(107)) - 18423a42-f8bb-48b0-9845-301087e2fcde@group-776F56FA1288: ConfigurationManager, init=-1: [1cd66e73-07f1-4729-a00f-873523f7ad93|rpc:10.1.0.24:46017|priority:1, 18423a42-f8bb-48b0-9845-301087e2fcde|rpc:10.1.0.24:45671|priority:0, c0c3f727-3a57-4cf2-9ef3-302a01638126|rpc:10.1.0.24:32921|priority:0], old=null, confs=<EMPTY_MAP>
2022-06-24 23:45:02,730 [pool-96-thread-1] INFO  server.RaftServerConfigKeys (ConfUtils.java:logGet(46)) - raft.server.storage.dir = [/home/runner/work/ozone/ozone/hadoop-ozone/integration-test/target/test-dir/MiniOzoneClusterImpl-85de49eb-2ce1-4613-814a-bfb310a11337/datanode-1/data/ratis] (custom)
2022-06-24 23:45:02,730 [pool-96-thread-1] INFO  server.RaftServerConfigKeys (ConfUtils.java:logGet(46)) - raft.server.log.corruption.policy = EXCEPTION (default)
2022-06-24 23:45:02,730 [pool-96-thread-1] INFO  server.RaftServerConfigKeys (ConfUtils.java:logGet(46)) - raft.server.storage.free-space.min = 0MB (=0) (default)
2022-06-24 23:45:02,730 [pool-96-thread-1] INFO  storage.RaftStorageDirectory (RaftStorageDirectoryImpl.java:analyzeStorage(135)) - The storage directory /home/runner/work/ozone/ozone/hadoop-ozone/integration-test/target/test-dir/MiniOzoneClusterImpl-85de49eb-2ce1-4613-814a-bfb310a11337/datanode-1/data/ratis/997d2440-d3f2-4afe-baa1-776f56fa1288 does not exist. Creating ...
2022-06-24 23:45:02,731 [pool-96-thread-1] INFO  storage.RaftStorageDirectory (RaftStorageDirectoryImpl.java:tryLock(230)) - Lock on /home/runner/work/ozone/ozone/hadoop-ozone/integration-test/target/test-dir/MiniOzoneClusterImpl-85de49eb-2ce1-4613-814a-bfb310a11337/datanode-1/data/ratis/997d2440-d3f2-4afe-baa1-776f56fa1288/in_use.lock acquired by nodename 11308@fv-az21-224
2022-06-24 23:45:02,732 [pool-96-thread-1] INFO  storage.RaftStorage (RaftStorageImpl.java:format(89)) - Storage directory /home/runner/work/ozone/ozone/hadoop-ozone/integration-test/target/test-dir/MiniOzoneClusterImpl-85de49eb-2ce1-4613-814a-bfb310a11337/datanode-1/data/ratis/997d2440-d3f2-4afe-baa1-776f56fa1288 has been successfully formatted.
2022-06-24 23:45:02,733 [pool-96-thread-1] INFO  ratis.ContainerStateMachine (ContainerStateMachine.java:loadSnapshot(236)) - group-776F56FA1288: The snapshot info is null. Setting the last applied indexto:(t:0, i:~)
2022-06-24 23:45:02,734 [pool-96-thread-1] INFO  server.RaftServerConfigKeys (ConfUtils.java:logGet(46)) - raft.server.notification.no-leader.timeout = 300s (custom)
2022-06-24 23:45:02,734 [pool-96-thread-1] INFO  server.RaftServerConfigKeys (ConfUtils.java:logGet(46)) - raft.server.log.use.memory = false (default)
2022-06-24 23:45:02,734 [pool-96-thread-1] INFO  server.RaftServerConfigKeys (ConfUtils.java:logGet(46)) - raft.server.log.purge.gap = 1000000 (custom)
2022-06-24 23:45:02,734 [pool-96-thread-1] INFO  server.RaftServerConfigKeys (ConfUtils.java:logGet(46)) - raft.server.log.appender.buffer.byte-limit = 33554432 (custom)
2022-06-24 23:45:02,734 [pool-96-thread-1] INFO  server.RaftServerConfigKeys (ConfUtils.java:logGet(46)) - raft.server.log.statemachine.data.read.timeout = 1000ms (default)
2022-06-24 23:45:02,734 [pool-96-thread-1] INFO  server.RaftServerConfigKeys (ConfUtils.java:logGet(46)) - raft.server.log.segment.size.max = 1048576 (custom)
2022-06-24 23:45:02,734 [pool-96-thread-1] INFO  server.RaftServerConfigKeys (ConfUtils.java:logGet(46)) - raft.server.log.segment.cache.num.max = 2 (custom)
2022-06-24 23:45:02,734 [pool-96-thread-1] INFO  server.RaftServerConfigKeys (ConfUtils.java:logGet(46)) - raft.server.log.segment.cache.size.max = 200MB (=209715200) (default)
2022-06-24 23:45:02,734 [pool-96-thread-1] INFO  segmented.SegmentedRaftLogWorker (SegmentedRaftLogWorker.java:<init>(187)) - new 18423a42-f8bb-48b0-9845-301087e2fcde@group-776F56FA1288-SegmentedRaftLogWorker for RaftStorageImpl:Storage Directory /home/runner/work/ozone/ozone/hadoop-ozone/integration-test/target/test-dir/MiniOzoneClusterImpl-85de49eb-2ce1-4613-814a-bfb310a11337/datanode-1/data/ratis/997d2440-d3f2-4afe-baa1-776f56fa1288
2022-06-24 23:45:02,734 [pool-96-thread-1] INFO  server.RaftServerConfigKeys (ConfUtils.java:logGet(46)) - raft.server.log.queue.byte-limit = 4294967296 (custom)
2022-06-24 23:45:02,735 [pool-96-thread-1] INFO  server.RaftServerConfigKeys (ConfUtils.java:logGet(46)) - raft.server.log.queue.element-limit = 1024 (custom)
2022-06-24 23:45:02,735 [pool-96-thread-1] INFO  server.RaftServerConfigKeys (ConfUtils.java:logGet(46)) - raft.server.log.segment.size.max = 1048576 (custom)
2022-06-24 23:45:02,735 [pool-96-thread-1] INFO  server.RaftServerConfigKeys (ConfUtils.java:logGet(46)) - raft.server.log.preallocated.size = 16384 (custom)
2022-06-24 23:45:02,735 [pool-96-thread-1] INFO  server.RaftServerConfigKeys (ConfUtils.java:logGet(46)) - raft.server.log.force.sync.num = 128 (default)
2022-06-24 23:45:02,735 [pool-96-thread-1] INFO  server.RaftServerConfigKeys (ConfUtils.java:logGet(46)) - raft.server.log.statemachine.data.sync = true (default)
2022-06-24 23:45:02,735 [pool-96-thread-1] INFO  server.RaftServerConfigKeys (ConfUtils.java:logGet(46)) - raft.server.log.statemachine.data.sync.timeout = 10s (default)
2022-06-24 23:45:02,738 [EventQueue-OpenPipelineForHealthyPipelineSafeModeRule] INFO  safemode.SCMSafeModeManager (HealthyPipelineSafeModeRule.java:process(124)) - SCM in safe mode. Healthy pipelines reported count is 0, required healthy pipeline reported count is 1
2022-06-24 23:45:02,739 [pool-96-thread-1] INFO  server.RaftServerConfigKeys (ConfUtils.java:logGet(46)) - raft.server.log.statemachine.data.sync.timeout.retry = -1 (default)
2022-06-24 23:45:02,742 [pool-96-thread-1] INFO  server.RaftServerConfigKeys (ConfUtils.java:logGet(46)) - raft.server.log.write.buffer.size = 1048576 (custom)
2022-06-24 23:45:02,743 [pool-96-thread-1] INFO  server.RaftServerConfigKeys (ConfUtils.java:logGet(46)) - raft.server.log.unsafe-flush.enabled = false (default)
2022-06-24 23:45:02,743 [pool-96-thread-1] INFO  server.RaftServerConfigKeys (ConfUtils.java:logGet(46)) - raft.server.log.statemachine.data.caching.enabled = true (custom)
2022-06-24 23:45:02,743 [pool-96-thread-1] INFO  segmented.SegmentedRaftLogWorker (SegmentedRaftLogWorker.java:lambda$new$0(135)) - 18423a42-f8bb-48b0-9845-301087e2fcde@group-776F56FA1288-SegmentedRaftLogWorker: flushIndex: setUnconditionally 0 -> -1
2022-06-24 23:45:02,743 [pool-96-thread-1] INFO  segmented.SegmentedRaftLogWorker (SegmentedRaftLogWorker.java:lambda$new$0(135)) - 18423a42-f8bb-48b0-9845-301087e2fcde@group-776F56FA1288-SegmentedRaftLogWorker: safeCacheEvictIndex: setUnconditionally 0 -> -1
2022-06-24 23:45:02,747 [pool-96-thread-1] INFO  server.RaftServerConfigKeys (ConfUtils.java:logGet(46)) - raft.server.snapshot.auto.trigger.enabled = true (custom)
2022-06-24 23:45:02,747 [pool-96-thread-1] INFO  server.RaftServerConfigKeys (ConfUtils.java:logGet(46)) - raft.server.snapshot.auto.trigger.threshold = 10000 (custom)
2022-06-24 23:45:02,747 [pool-96-thread-1] INFO  server.RaftServerConfigKeys (ConfUtils.java:logGet(46)) - raft.server.snapshot.retention.file.num = 5 (custom)
2022-06-24 23:45:02,747 [pool-96-thread-1] INFO  server.RaftServerConfigKeys (ConfUtils.java:logGet(46)) - raft.server.log.purge.upto.snapshot.index = false (default)
2022-06-24 23:45:02,747 [pool-96-thread-1] INFO  server.RaftServerConfigKeys (ConfUtils.java:logGet(46)) - raft.server.retrycache.expirytime = 600000ms (custom)
2022-06-24 23:45:02,747 [pool-96-thread-1] INFO  server.RaftServerConfigKeys (ConfUtils.java:logGet(46)) - raft.server.retrycache.statistics.expirytime = 100μs (default)
2022-06-24 23:45:02,748 [pool-96-thread-1] INFO  server.RaftServerConfigKeys (ConfUtils.java:logGet(46)) - raft.server.log.appender.install.snapshot.enabled = false (custom)
2022-06-24 23:45:02,752 [pool-96-thread-1] INFO  server.RaftServerConfigKeys (ConfUtils.java:logGet(46)) - raft.server.threadpool.server.cached = true (default)
2022-06-24 23:45:02,752 [pool-96-thread-1] INFO  server.RaftServerConfigKeys (ConfUtils.java:logGet(46)) - raft.server.threadpool.server.size = 0 (default)
2022-06-24 23:45:02,752 [pool-96-thread-1] INFO  server.RaftServerConfigKeys (ConfUtils.java:logGet(46)) - raft.server.threadpool.client.cached = true (default)
2022-06-24 23:45:02,752 [pool-96-thread-1] INFO  server.RaftServerConfigKeys (ConfUtils.java:logGet(46)) - raft.server.threadpool.client.size = 0 (default)
2022-06-24 23:45:02,752 [pool-96-thread-1] INFO  server.RaftServer$Division (RaftServerImpl.java:start(310)) - 18423a42-f8bb-48b0-9845-301087e2fcde@group-776F56FA1288: start as a follower, conf=-1: [1cd66e73-07f1-4729-a00f-873523f7ad93|rpc:10.1.0.24:46017|priority:1, 18423a42-f8bb-48b0-9845-301087e2fcde|rpc:10.1.0.24:45671|priority:0, c0c3f727-3a57-4cf2-9ef3-302a01638126|rpc:10.1.0.24:32921|priority:0], old=null
2022-06-24 23:45:02,752 [pool-96-thread-1] INFO  server.RaftServer$Division (RaftServerImpl.java:setRole(299)) - 18423a42-f8bb-48b0-9845-301087e2fcde@group-776F56FA1288: changes role from      null to FOLLOWER at term 0 for startAsFollower
2022-06-24 23:45:02,752 [pool-96-thread-1] INFO  impl.RoleInfo (RoleInfo.java:updateAndGet(139)) - 18423a42-f8bb-48b0-9845-301087e2fcde: start 18423a42-f8bb-48b0-9845-301087e2fcde@group-776F56FA1288-FollowerState
2022-06-24 23:45:02,755 [pool-96-thread-1] INFO  util.JmxRegister (JmxRegister.java:tryRegister(44)) - Successfully registered JMX Bean with object name Ratis:service=RaftServer,group=group-776F56FA1288,id=18423a42-f8bb-48b0-9845-301087e2fcde
2022-06-24 23:45:02,759 [Command processor thread] INFO  ratis.XceiverServerRatis (XceiverServerRatis.java:addGroup(765)) - Created group PipelineID=997d2440-d3f2-4afe-baa1-776f56fa1288
2022-06-24 23:45:02,771 [Command processor thread] INFO  commandhandler.CreatePipelineCommandHandler (CreatePipelineCommandHandler.java:handle(113)) - Created Pipeline RATIS THREE PipelineID=ef3eb1a0-c051-4623-9f43-1bf5799665a0.
2022-06-24 23:45:02,772 [Command processor thread] INFO  server.RaftServer (RaftServerProxy.java:addNew(96)) - 1cd66e73-07f1-4729-a00f-873523f7ad93: addNew group-776F56FA1288:[1cd66e73-07f1-4729-a00f-873523f7ad93|rpc:10.1.0.24:46017|priority:1, 18423a42-f8bb-48b0-9845-301087e2fcde|rpc:10.1.0.24:45671|priority:0, c0c3f727-3a57-4cf2-9ef3-302a01638126|rpc:10.1.0.24:32921|priority:0] returns group-776F56FA1288:java.util.concurrent.CompletableFuture@67b8dae6[Not completed]
2022-06-24 23:45:02,777 [grpc-default-executor-0] INFO  server.RaftServer (RaftServerProxy.java:addNew(96)) - c0c3f727-3a57-4cf2-9ef3-302a01638126: addNew group-776F56FA1288:[1cd66e73-07f1-4729-a00f-873523f7ad93|rpc:10.1.0.24:46017|dataStream:|priority:1, 18423a42-f8bb-48b0-9845-301087e2fcde|rpc:10.1.0.24:45671|dataStream:|priority:0, c0c3f727-3a57-4cf2-9ef3-302a01638126|rpc:10.1.0.24:32921|dataStream:|priority:0] returns group-776F56FA1288:java.util.concurrent.CompletableFuture@1e4f2ea1[Not completed]
2022-06-24 23:45:02,778 [pool-73-thread-1] INFO  server.RaftServer$Division (RaftServerImpl.java:<init>(190)) - 1cd66e73-07f1-4729-a00f-873523f7ad93: new RaftServerImpl for group-776F56FA1288:[1cd66e73-07f1-4729-a00f-873523f7ad93|rpc:10.1.0.24:46017|priority:1, 18423a42-f8bb-48b0-9845-301087e2fcde|rpc:10.1.0.24:45671|priority:0, c0c3f727-3a57-4cf2-9ef3-302a01638126|rpc:10.1.0.24:32921|priority:0] with ContainerStateMachine:uninitialized
2022-06-24 23:45:02,778 [pool-73-thread-1] INFO  server.RaftServerConfigKeys (ConfUtils.java:logGet(46)) - raft.server.rpc.timeout.min = 5s (custom)
2022-06-24 23:45:02,778 [pool-73-thread-1] INFO  server.RaftServerConfigKeys (ConfUtils.java:logGet(46)) - raft.server.rpc.timeout.max = 5200ms (custom)
2022-06-24 23:45:02,778 [pool-73-thread-1] INFO  server.RaftServerConfigKeys (ConfUtils.java:logGet(46)) - raft.server.rpc.sleep.time = 25ms (default)
2022-06-24 23:45:02,778 [pool-73-thread-1] INFO  server.RaftServerConfigKeys (ConfUtils.java:logGet(46)) - raft.server.rpc.slowness.timeout = 300s (custom)
2022-06-24 23:45:02,778 [pool-73-thread-1] INFO  server.RaftServerConfigKeys (ConfUtils.java:logGet(46)) - raft.server.leaderelection.leader.step-down.wait-time = 10s (default)
2022-06-24 23:45:02,778 [pool-73-thread-1] INFO  server.RaftServerConfigKeys (ConfUtils.java:logGet(46)) - raft.server.sleep.deviation.threshold = 300ms (default)
2022-06-24 23:45:02,778 [pool-73-thread-1] INFO  server.RaftServer$Division (ServerState.java:<init>(107)) - 1cd66e73-07f1-4729-a00f-873523f7ad93@group-776F56FA1288: ConfigurationManager, init=-1: [1cd66e73-07f1-4729-a00f-873523f7ad93|rpc:10.1.0.24:46017|priority:1, 18423a42-f8bb-48b0-9845-301087e2fcde|rpc:10.1.0.24:45671|priority:0, c0c3f727-3a57-4cf2-9ef3-302a01638126|rpc:10.1.0.24:32921|priority:0], old=null, confs=<EMPTY_MAP>
2022-06-24 23:45:02,779 [pool-73-thread-1] INFO  server.RaftServerConfigKeys (ConfUtils.java:logGet(46)) - raft.server.storage.dir = [/home/runner/work/ozone/ozone/hadoop-ozone/integration-test/target/test-dir/MiniOzoneClusterImpl-85de49eb-2ce1-4613-814a-bfb310a11337/datanode-0/data/ratis] (custom)
2022-06-24 23:45:02,779 [pool-73-thread-1] INFO  server.RaftServerConfigKeys (ConfUtils.java:logGet(46)) - raft.server.log.corruption.policy = EXCEPTION (default)
2022-06-24 23:45:02,779 [pool-73-thread-1] INFO  server.RaftServerConfigKeys (ConfUtils.java:logGet(46)) - raft.server.storage.free-space.min = 0MB (=0) (default)
2022-06-24 23:45:02,780 [pool-73-thread-1] INFO  storage.RaftStorageDirectory (RaftStorageDirectoryImpl.java:analyzeStorage(135)) - The storage directory /home/runner/work/ozone/ozone/hadoop-ozone/integration-test/target/test-dir/MiniOzoneClusterImpl-85de49eb-2ce1-4613-814a-bfb310a11337/datanode-0/data/ratis/997d2440-d3f2-4afe-baa1-776f56fa1288 does not exist. Creating ...
2022-06-24 23:45:02,779 [pool-119-thread-1] INFO  server.RaftServer$Division (RaftServerImpl.java:<init>(190)) - c0c3f727-3a57-4cf2-9ef3-302a01638126: new RaftServerImpl for group-776F56FA1288:[1cd66e73-07f1-4729-a00f-873523f7ad93|rpc:10.1.0.24:46017|dataStream:|priority:1, 18423a42-f8bb-48b0-9845-301087e2fcde|rpc:10.1.0.24:45671|dataStream:|priority:0, c0c3f727-3a57-4cf2-9ef3-302a01638126|rpc:10.1.0.24:32921|dataStream:|priority:0] with ContainerStateMachine:uninitialized
2022-06-24 23:45:02,780 [pool-119-thread-1] INFO  server.RaftServerConfigKeys (ConfUtils.java:logGet(46)) - raft.server.rpc.timeout.min = 5s (custom)
2022-06-24 23:45:02,780 [pool-119-thread-1] INFO  server.RaftServerConfigKeys (ConfUtils.java:logGet(46)) - raft.server.rpc.timeout.max = 5200ms (custom)
2022-06-24 23:45:02,780 [pool-119-thread-1] INFO  server.RaftServerConfigKeys (ConfUtils.java:logGet(46)) - raft.server.rpc.sleep.time = 25ms (default)
2022-06-24 23:45:02,780 [pool-119-thread-1] INFO  server.RaftServerConfigKeys (ConfUtils.java:logGet(46)) - raft.server.rpc.slowness.timeout = 300s (custom)
2022-06-24 23:45:02,780 [pool-119-thread-1] INFO  server.RaftServerConfigKeys (ConfUtils.java:logGet(46)) - raft.server.leaderelection.leader.step-down.wait-time = 10s (default)
2022-06-24 23:45:02,780 [pool-119-thread-1] INFO  server.RaftServerConfigKeys (ConfUtils.java:logGet(46)) - raft.server.sleep.deviation.threshold = 300ms (default)
2022-06-24 23:45:02,780 [pool-119-thread-1] INFO  server.RaftServer$Division (ServerState.java:<init>(107)) - c0c3f727-3a57-4cf2-9ef3-302a01638126@group-776F56FA1288: ConfigurationManager, init=-1: [1cd66e73-07f1-4729-a00f-873523f7ad93|rpc:10.1.0.24:46017|dataStream:|priority:1, 18423a42-f8bb-48b0-9845-301087e2fcde|rpc:10.1.0.24:45671|dataStream:|priority:0, c0c3f727-3a57-4cf2-9ef3-302a01638126|rpc:10.1.0.24:32921|dataStream:|priority:0], old=null, confs=<EMPTY_MAP>
2022-06-24 23:45:02,781 [pool-119-thread-1] INFO  server.RaftServerConfigKeys (ConfUtils.java:logGet(46)) - raft.server.storage.dir = [/home/runner/work/ozone/ozone/hadoop-ozone/integration-test/target/test-dir/MiniOzoneClusterImpl-85de49eb-2ce1-4613-814a-bfb310a11337/datanode-2/data/ratis] (custom)
2022-06-24 23:45:02,781 [pool-119-thread-1] INFO  server.RaftServerConfigKeys (ConfUtils.java:logGet(46)) - raft.server.log.corruption.policy = EXCEPTION (default)
2022-06-24 23:45:02,781 [pool-119-thread-1] INFO  server.RaftServerConfigKeys (ConfUtils.java:logGet(46)) - raft.server.storage.free-space.min = 0MB (=0) (default)
2022-06-24 23:45:02,781 [pool-119-thread-1] INFO  storage.RaftStorageDirectory (RaftStorageDirectoryImpl.java:analyzeStorage(135)) - The storage directory /home/runner/work/ozone/ozone/hadoop-ozone/integration-test/target/test-dir/MiniOzoneClusterImpl-85de49eb-2ce1-4613-814a-bfb310a11337/datanode-2/data/ratis/997d2440-d3f2-4afe-baa1-776f56fa1288 does not exist. Creating ...
2022-06-24 23:45:02,782 [pool-119-thread-1] INFO  storage.RaftStorageDirectory (RaftStorageDirectoryImpl.java:tryLock(230)) - Lock on /home/runner/work/ozone/ozone/hadoop-ozone/integration-test/target/test-dir/MiniOzoneClusterImpl-85de49eb-2ce1-4613-814a-bfb310a11337/datanode-2/data/ratis/997d2440-d3f2-4afe-baa1-776f56fa1288/in_use.lock acquired by nodename 11308@fv-az21-224
2022-06-24 23:45:02,782 [pool-73-thread-1] INFO  storage.RaftStorageDirectory (RaftStorageDirectoryImpl.java:tryLock(230)) - Lock on /home/runner/work/ozone/ozone/hadoop-ozone/integration-test/target/test-dir/MiniOzoneClusterImpl-85de49eb-2ce1-4613-814a-bfb310a11337/datanode-0/data/ratis/997d2440-d3f2-4afe-baa1-776f56fa1288/in_use.lock acquired by nodename 11308@fv-az21-224
2022-06-24 23:45:02,783 [pool-119-thread-1] INFO  storage.RaftStorage (RaftStorageImpl.java:format(89)) - Storage directory /home/runner/work/ozone/ozone/hadoop-ozone/integration-test/target/test-dir/MiniOzoneClusterImpl-85de49eb-2ce1-4613-814a-bfb310a11337/datanode-2/data/ratis/997d2440-d3f2-4afe-baa1-776f56fa1288 has been successfully formatted.
2022-06-24 23:45:02,783 [pool-73-thread-1] INFO  storage.RaftStorage (RaftStorageImpl.java:format(89)) - Storage directory /home/runner/work/ozone/ozone/hadoop-ozone/integration-test/target/test-dir/MiniOzoneClusterImpl-85de49eb-2ce1-4613-814a-bfb310a11337/datanode-0/data/ratis/997d2440-d3f2-4afe-baa1-776f56fa1288 has been successfully formatted.
2022-06-24 23:45:02,786 [pool-73-thread-1] INFO  ratis.ContainerStateMachine (ContainerStateMachine.java:loadSnapshot(236)) - group-776F56FA1288: The snapshot info is null. Setting the last applied indexto:(t:0, i:~)
2022-06-24 23:45:02,786 [pool-73-thread-1] INFO  server.RaftServerConfigKeys (ConfUtils.java:logGet(46)) - raft.server.notification.no-leader.timeout = 300s (custom)
2022-06-24 23:45:02,786 [pool-73-thread-1] INFO  server.RaftServerConfigKeys (ConfUtils.java:logGet(46)) - raft.server.log.use.memory = false (default)
2022-06-24 23:45:02,786 [pool-73-thread-1] INFO  server.RaftServerConfigKeys (ConfUtils.java:logGet(46)) - raft.server.log.purge.gap = 1000000 (custom)
2022-06-24 23:45:02,786 [pool-73-thread-1] INFO  server.RaftServerConfigKeys (ConfUtils.java:logGet(46)) - raft.server.log.appender.buffer.byte-limit = 33554432 (custom)
2022-06-24 23:45:02,786 [pool-119-thread-1] INFO  ratis.ContainerStateMachine (ContainerStateMachine.java:loadSnapshot(236)) - group-776F56FA1288: The snapshot info is null. Setting the last applied indexto:(t:0, i:~)
2022-06-24 23:45:02,788 [EventQueue-OpenPipelineForHealthyPipelineSafeModeRule] INFO  safemode.SCMSafeModeManager (HealthyPipelineSafeModeRule.java:process(124)) - SCM in safe mode. Healthy pipelines reported count is 0, required healthy pipeline reported count is 1
2022-06-24 23:45:02,789 [pool-73-thread-1] INFO  server.RaftServerConfigKeys (ConfUtils.java:logGet(46)) - raft.server.log.statemachine.data.read.timeout = 1000ms (default)
2022-06-24 23:45:02,789 [pool-119-thread-1] INFO  server.RaftServerConfigKeys (ConfUtils.java:logGet(46)) - raft.server.notification.no-leader.timeout = 300s (custom)
2022-06-24 23:45:02,791 [pool-73-thread-1] INFO  server.RaftServerConfigKeys (ConfUtils.java:logGet(46)) - raft.server.log.segment.size.max = 1048576 (custom)
2022-06-24 23:45:02,791 [pool-119-thread-1] INFO  server.RaftServerConfigKeys (ConfUtils.java:logGet(46)) - raft.server.log.use.memory = false (default)
2022-06-24 23:45:02,791 [pool-119-thread-1] INFO  server.RaftServerConfigKeys (ConfUtils.java:logGet(46)) - raft.server.log.purge.gap = 1000000 (custom)
2022-06-24 23:45:02,791 [pool-119-thread-1] INFO  server.RaftServerConfigKeys (ConfUtils.java:logGet(46)) - raft.server.log.appender.buffer.byte-limit = 33554432 (custom)
2022-06-24 23:45:02,791 [pool-119-thread-1] INFO  server.RaftServerConfigKeys (ConfUtils.java:logGet(46)) - raft.server.log.statemachine.data.read.timeout = 1000ms (default)
2022-06-24 23:45:02,791 [pool-73-thread-1] INFO  server.RaftServerConfigKeys (ConfUtils.java:logGet(46)) - raft.server.log.segment.cache.num.max = 2 (custom)
2022-06-24 23:45:02,791 [pool-73-thread-1] INFO  server.RaftServerConfigKeys (ConfUtils.java:logGet(46)) - raft.server.log.segment.cache.size.max = 200MB (=209715200) (default)
2022-06-24 23:45:02,791 [pool-119-thread-1] INFO  server.RaftServerConfigKeys (ConfUtils.java:logGet(46)) - raft.server.log.segment.size.max = 1048576 (custom)
2022-06-24 23:45:02,791 [pool-73-thread-1] INFO  segmented.SegmentedRaftLogWorker (SegmentedRaftLogWorker.java:<init>(187)) - new 1cd66e73-07f1-4729-a00f-873523f7ad93@group-776F56FA1288-SegmentedRaftLogWorker for RaftStorageImpl:Storage Directory /home/runner/work/ozone/ozone/hadoop-ozone/integration-test/target/test-dir/MiniOzoneClusterImpl-85de49eb-2ce1-4613-814a-bfb310a11337/datanode-0/data/ratis/997d2440-d3f2-4afe-baa1-776f56fa1288
2022-06-24 23:45:02,792 [pool-73-thread-1] INFO  server.RaftServerConfigKeys (ConfUtils.java:logGet(46)) - raft.server.log.queue.byte-limit = 4294967296 (custom)
2022-06-24 23:45:02,792 [pool-73-thread-1] INFO  server.RaftServerConfigKeys (ConfUtils.java:logGet(46)) - raft.server.log.queue.element-limit = 1024 (custom)
2022-06-24 23:45:02,792 [pool-73-thread-1] INFO  server.RaftServerConfigKeys (ConfUtils.java:logGet(46)) - raft.server.log.segment.size.max = 1048576 (custom)
2022-06-24 23:45:02,792 [pool-73-thread-1] INFO  server.RaftServerConfigKeys (ConfUtils.java:logGet(46)) - raft.server.log.preallocated.size = 16384 (custom)
2022-06-24 23:45:02,792 [pool-73-thread-1] INFO  server.RaftServerConfigKeys (ConfUtils.java:logGet(46)) - raft.server.log.force.sync.num = 128 (default)
2022-06-24 23:45:02,792 [pool-119-thread-1] INFO  server.RaftServerConfigKeys (ConfUtils.java:logGet(46)) - raft.server.log.segment.cache.num.max = 2 (custom)
2022-06-24 23:45:02,792 [pool-73-thread-1] INFO  server.RaftServerConfigKeys (ConfUtils.java:logGet(46)) - raft.server.log.statemachine.data.sync = true (default)
2022-06-24 23:45:02,792 [pool-119-thread-1] INFO  server.RaftServerConfigKeys (ConfUtils.java:logGet(46)) - raft.server.log.segment.cache.size.max = 200MB (=209715200) (default)
2022-06-24 23:45:02,792 [pool-73-thread-1] INFO  server.RaftServerConfigKeys (ConfUtils.java:logGet(46)) - raft.server.log.statemachine.data.sync.timeout = 10s (default)
2022-06-24 23:45:02,792 [pool-119-thread-1] INFO  segmented.SegmentedRaftLogWorker (SegmentedRaftLogWorker.java:<init>(187)) - new c0c3f727-3a57-4cf2-9ef3-302a01638126@group-776F56FA1288-SegmentedRaftLogWorker for RaftStorageImpl:Storage Directory /home/runner/work/ozone/ozone/hadoop-ozone/integration-test/target/test-dir/MiniOzoneClusterImpl-85de49eb-2ce1-4613-814a-bfb310a11337/datanode-2/data/ratis/997d2440-d3f2-4afe-baa1-776f56fa1288
2022-06-24 23:45:02,792 [pool-73-thread-1] INFO  server.RaftServerConfigKeys (ConfUtils.java:logGet(46)) - raft.server.log.statemachine.data.sync.timeout.retry = -1 (default)
2022-06-24 23:45:02,792 [pool-119-thread-1] INFO  server.RaftServerConfigKeys (ConfUtils.java:logGet(46)) - raft.server.log.queue.byte-limit = 4294967296 (custom)
2022-06-24 23:45:02,792 [pool-119-thread-1] INFO  server.RaftServerConfigKeys (ConfUtils.java:logGet(46)) - raft.server.log.queue.element-limit = 1024 (custom)
2022-06-24 23:45:02,792 [pool-119-thread-1] INFO  server.RaftServerConfigKeys (ConfUtils.java:logGet(46)) - raft.server.log.segment.size.max = 1048576 (custom)
2022-06-24 23:45:02,792 [pool-119-thread-1] INFO  server.RaftServerConfigKeys (ConfUtils.java:logGet(46)) - raft.server.log.preallocated.size = 16384 (custom)
2022-06-24 23:45:02,792 [pool-119-thread-1] INFO  server.RaftServerConfigKeys (ConfUtils.java:logGet(46)) - raft.server.log.force.sync.num = 128 (default)
2022-06-24 23:45:02,792 [pool-119-thread-1] INFO  server.RaftServerConfigKeys (ConfUtils.java:logGet(46)) - raft.server.log.statemachine.data.sync = true (default)
2022-06-24 23:45:02,792 [pool-119-thread-1] INFO  server.RaftServerConfigKeys (ConfUtils.java:logGet(46)) - raft.server.log.statemachine.data.sync.timeout = 10s (default)
2022-06-24 23:45:02,792 [pool-119-thread-1] INFO  server.RaftServerConfigKeys (ConfUtils.java:logGet(46)) - raft.server.log.statemachine.data.sync.timeout.retry = -1 (default)
2022-06-24 23:45:02,793 [pool-73-thread-1] INFO  server.RaftServerConfigKeys (ConfUtils.java:logGet(46)) - raft.server.log.write.buffer.size = 1048576 (custom)
2022-06-24 23:45:02,793 [pool-119-thread-1] INFO  server.RaftServerConfigKeys (ConfUtils.java:logGet(46)) - raft.server.log.write.buffer.size = 1048576 (custom)
2022-06-24 23:45:02,794 [pool-73-thread-1] INFO  server.RaftServerConfigKeys (ConfUtils.java:logGet(46)) - raft.server.log.unsafe-flush.enabled = false (default)
2022-06-24 23:45:02,794 [pool-73-thread-1] INFO  server.RaftServerConfigKeys (ConfUtils.java:logGet(46)) - raft.server.log.statemachine.data.caching.enabled = true (custom)
2022-06-24 23:45:02,794 [pool-73-thread-1] INFO  segmented.SegmentedRaftLogWorker (SegmentedRaftLogWorker.java:lambda$new$0(135)) - 1cd66e73-07f1-4729-a00f-873523f7ad93@group-776F56FA1288-SegmentedRaftLogWorker: flushIndex: setUnconditionally 0 -> -1
2022-06-24 23:45:02,794 [pool-73-thread-1] INFO  segmented.SegmentedRaftLogWorker (SegmentedRaftLogWorker.java:lambda$new$0(135)) - 1cd66e73-07f1-4729-a00f-873523f7ad93@group-776F56FA1288-SegmentedRaftLogWorker: safeCacheEvictIndex: setUnconditionally 0 -> -1
2022-06-24 23:45:02,794 [pool-119-thread-1] INFO  server.RaftServerConfigKeys (ConfUtils.java:logGet(46)) - raft.server.log.unsafe-flush.enabled = false (default)
2022-06-24 23:45:02,794 [pool-119-thread-1] INFO  server.RaftServerConfigKeys (ConfUtils.java:logGet(46)) - raft.server.log.statemachine.data.caching.enabled = true (custom)
2022-06-24 23:45:02,794 [pool-119-thread-1] INFO  segmented.SegmentedRaftLogWorker (SegmentedRaftLogWorker.java:lambda$new$0(135)) - c0c3f727-3a57-4cf2-9ef3-302a01638126@group-776F56FA1288-SegmentedRaftLogWorker: flushIndex: setUnconditionally 0 -> -1
2022-06-24 23:45:02,794 [pool-119-thread-1] INFO  segmented.SegmentedRaftLogWorker (SegmentedRaftLogWorker.java:lambda$new$0(135)) - c0c3f727-3a57-4cf2-9ef3-302a01638126@group-776F56FA1288-SegmentedRaftLogWorker: safeCacheEvictIndex: setUnconditionally 0 -> -1
2022-06-24 23:45:02,795 [pool-73-thread-1] INFO  server.RaftServerConfigKeys (ConfUtils.java:logGet(46)) - raft.server.snapshot.auto.trigger.enabled = true (custom)
2022-06-24 23:45:02,795 [pool-73-thread-1] INFO  server.RaftServerConfigKeys (ConfUtils.java:logGet(46)) - raft.server.snapshot.auto.trigger.threshold = 10000 (custom)
2022-06-24 23:45:02,795 [pool-73-thread-1] INFO  server.RaftServerConfigKeys (ConfUtils.java:logGet(46)) - raft.server.snapshot.retention.file.num = 5 (custom)
2022-06-24 23:45:02,795 [pool-73-thread-1] INFO  server.RaftServerConfigKeys (ConfUtils.java:logGet(46)) - raft.server.log.purge.upto.snapshot.index = false (default)
2022-06-24 23:45:02,795 [pool-119-thread-1] INFO  server.RaftServerConfigKeys (ConfUtils.java:logGet(46)) - raft.server.snapshot.auto.trigger.enabled = true (custom)
2022-06-24 23:45:02,795 [pool-119-thread-1] INFO  server.RaftServerConfigKeys (ConfUtils.java:logGet(46)) - raft.server.snapshot.auto.trigger.threshold = 10000 (custom)
2022-06-24 23:45:02,795 [pool-119-thread-1] INFO  server.RaftServerConfigKeys (ConfUtils.java:logGet(46)) - raft.server.snapshot.retention.file.num = 5 (custom)
2022-06-24 23:45:02,795 [pool-119-thread-1] INFO  server.RaftServerConfigKeys (ConfUtils.java:logGet(46)) - raft.server.log.purge.upto.snapshot.index = false (default)
2022-06-24 23:45:02,795 [pool-119-thread-1] INFO  server.RaftServerConfigKeys (ConfUtils.java:logGet(46)) - raft.server.retrycache.expirytime = 600000ms (custom)
2022-06-24 23:45:02,795 [pool-119-thread-1] INFO  server.RaftServerConfigKeys (ConfUtils.java:logGet(46)) - raft.server.retrycache.statistics.expirytime = 100μs (default)
2022-06-24 23:45:02,795 [pool-73-thread-1] INFO  server.RaftServerConfigKeys (ConfUtils.java:logGet(46)) - raft.server.retrycache.expirytime = 600000ms (custom)
2022-06-24 23:45:02,795 [pool-73-thread-1] INFO  server.RaftServerConfigKeys (ConfUtils.java:logGet(46)) - raft.server.retrycache.statistics.expirytime = 100μs (default)
2022-06-24 23:45:02,796 [pool-73-thread-1] INFO  server.RaftServerConfigKeys (ConfUtils.java:logGet(46)) - raft.server.log.appender.install.snapshot.enabled = false (custom)
2022-06-24 23:45:02,796 [pool-73-thread-1] INFO  server.RaftServerConfigKeys (ConfUtils.java:logGet(46)) - raft.server.threadpool.server.cached = true (default)
2022-06-24 23:45:02,796 [pool-73-thread-1] INFO  server.RaftServerConfigKeys (ConfUtils.java:logGet(46)) - raft.server.threadpool.server.size = 0 (default)
2022-06-24 23:45:02,796 [pool-73-thread-1] INFO  server.RaftServerConfigKeys (ConfUtils.java:logGet(46)) - raft.server.threadpool.client.cached = true (default)
2022-06-24 23:45:02,796 [pool-73-thread-1] INFO  server.RaftServerConfigKeys (ConfUtils.java:logGet(46)) - raft.server.threadpool.client.size = 0 (default)
2022-06-24 23:45:02,796 [pool-73-thread-1] INFO  server.RaftServer$Division (RaftServerImpl.java:start(310)) - 1cd66e73-07f1-4729-a00f-873523f7ad93@group-776F56FA1288: start as a follower, conf=-1: [1cd66e73-07f1-4729-a00f-873523f7ad93|rpc:10.1.0.24:46017|priority:1, 18423a42-f8bb-48b0-9845-301087e2fcde|rpc:10.1.0.24:45671|priority:0, c0c3f727-3a57-4cf2-9ef3-302a01638126|rpc:10.1.0.24:32921|priority:0], old=null
2022-06-24 23:45:02,796 [pool-73-thread-1] INFO  server.RaftServer$Division (RaftServerImpl.java:setRole(299)) - 1cd66e73-07f1-4729-a00f-873523f7ad93@group-776F56FA1288: changes role from      null to FOLLOWER at term 0 for startAsFollower
2022-06-24 23:45:02,797 [pool-73-thread-1] INFO  impl.RoleInfo (RoleInfo.java:updateAndGet(139)) - 1cd66e73-07f1-4729-a00f-873523f7ad93: start 1cd66e73-07f1-4729-a00f-873523f7ad93@group-776F56FA1288-FollowerState
2022-06-24 23:45:02,797 [pool-73-thread-1] INFO  util.JmxRegister (JmxRegister.java:tryRegister(44)) - Successfully registered JMX Bean with object name Ratis:service=RaftServer,group=group-776F56FA1288,id=1cd66e73-07f1-4729-a00f-873523f7ad93
2022-06-24 23:45:02,798 [pool-119-thread-1] INFO  server.RaftServerConfigKeys (ConfUtils.java:logGet(46)) - raft.server.log.appender.install.snapshot.enabled = false (custom)
2022-06-24 23:45:02,798 [pool-119-thread-1] INFO  server.RaftServerConfigKeys (ConfUtils.java:logGet(46)) - raft.server.threadpool.server.cached = true (default)
2022-06-24 23:45:02,798 [pool-119-thread-1] INFO  server.RaftServerConfigKeys (ConfUtils.java:logGet(46)) - raft.server.threadpool.server.size = 0 (default)
2022-06-24 23:45:02,798 [pool-119-thread-1] INFO  server.RaftServerConfigKeys (ConfUtils.java:logGet(46)) - raft.server.threadpool.client.cached = true (default)
2022-06-24 23:45:02,798 [pool-119-thread-1] INFO  server.RaftServerConfigKeys (ConfUtils.java:logGet(46)) - raft.server.threadpool.client.size = 0 (default)
2022-06-24 23:45:02,798 [pool-119-thread-1] INFO  server.RaftServer$Division (RaftServerImpl.java:start(310)) - c0c3f727-3a57-4cf2-9ef3-302a01638126@group-776F56FA1288: start as a follower, conf=-1: [1cd66e73-07f1-4729-a00f-873523f7ad93|rpc:10.1.0.24:46017|dataStream:|priority:1, 18423a42-f8bb-48b0-9845-301087e2fcde|rpc:10.1.0.24:45671|dataStream:|priority:0, c0c3f727-3a57-4cf2-9ef3-302a01638126|rpc:10.1.0.24:32921|dataStream:|priority:0], old=null
2022-06-24 23:45:02,798 [pool-119-thread-1] INFO  server.RaftServer$Division (RaftServerImpl.java:setRole(299)) - c0c3f727-3a57-4cf2-9ef3-302a01638126@group-776F56FA1288: changes role from      null to FOLLOWER at term 0 for startAsFollower
2022-06-24 23:45:02,798 [pool-119-thread-1] INFO  impl.RoleInfo (RoleInfo.java:updateAndGet(139)) - c0c3f727-3a57-4cf2-9ef3-302a01638126: start c0c3f727-3a57-4cf2-9ef3-302a01638126@group-776F56FA1288-FollowerState
2022-06-24 23:45:02,798 [pool-119-thread-1] INFO  util.JmxRegister (JmxRegister.java:tryRegister(44)) - Successfully registered JMX Bean with object name Ratis:service=RaftServer,group=group-776F56FA1288,id=c0c3f727-3a57-4cf2-9ef3-302a01638126
2022-06-24 23:45:02,799 [Command processor thread] INFO  ratis.XceiverServerRatis (XceiverServerRatis.java:addGroup(765)) - Created group PipelineID=997d2440-d3f2-4afe-baa1-776f56fa1288
2022-06-24 23:45:02,856 [Command processor thread] INFO  commandhandler.CreatePipelineCommandHandler (CreatePipelineCommandHandler.java:handle(113)) - Created Pipeline RATIS THREE PipelineID=997d2440-d3f2-4afe-baa1-776f56fa1288.
2022-06-24 23:45:02,864 [Command processor thread] INFO  server.RaftServer (RaftServerProxy.java:addNew(96)) - c0c3f727-3a57-4cf2-9ef3-302a01638126: addNew group-9499243C0D3B:[c0c3f727-3a57-4cf2-9ef3-302a01638126|rpc:10.1.0.24:32921|priority:1] returns group-9499243C0D3B:java.util.concurrent.CompletableFuture@48c2ba9a[Not completed]
2022-06-24 23:45:02,865 [pool-119-thread-1] INFO  server.RaftServer$Division (RaftServerImpl.java:<init>(190)) - c0c3f727-3a57-4cf2-9ef3-302a01638126: new RaftServerImpl for group-9499243C0D3B:[c0c3f727-3a57-4cf2-9ef3-302a01638126|rpc:10.1.0.24:32921|priority:1] with ContainerStateMachine:uninitialized
2022-06-24 23:45:02,865 [pool-119-thread-1] INFO  server.RaftServerConfigKeys (ConfUtils.java:logGet(46)) - raft.server.rpc.timeout.min = 5s (custom)
2022-06-24 23:45:02,866 [pool-119-thread-1] INFO  server.RaftServerConfigKeys (ConfUtils.java:logGet(46)) - raft.server.rpc.timeout.max = 5200ms (custom)
2022-06-24 23:45:02,866 [pool-119-thread-1] INFO  server.RaftServerConfigKeys (ConfUtils.java:logGet(46)) - raft.server.rpc.sleep.time = 25ms (default)
2022-06-24 23:45:02,866 [pool-119-thread-1] INFO  server.RaftServerConfigKeys (ConfUtils.java:logGet(46)) - raft.server.rpc.slowness.timeout = 300s (custom)
2022-06-24 23:45:02,866 [pool-119-thread-1] INFO  server.RaftServerConfigKeys (ConfUtils.java:logGet(46)) - raft.server.leaderelection.leader.step-down.wait-time = 10s (default)
2022-06-24 23:45:02,866 [pool-119-thread-1] INFO  server.RaftServerConfigKeys (ConfUtils.java:logGet(46)) - raft.server.sleep.deviation.threshold = 300ms (default)
2022-06-24 23:45:02,866 [pool-119-thread-1] INFO  server.RaftServer$Division (ServerState.java:<init>(107)) - c0c3f727-3a57-4cf2-9ef3-302a01638126@group-9499243C0D3B: ConfigurationManager, init=-1: [c0c3f727-3a57-4cf2-9ef3-302a01638126|rpc:10.1.0.24:32921|priority:1], old=null, confs=<EMPTY_MAP>
2022-06-24 23:45:02,866 [pool-119-thread-1] INFO  server.RaftServerConfigKeys (ConfUtils.java:logGet(46)) - raft.server.storage.dir = [/home/runner/work/ozone/ozone/hadoop-ozone/integration-test/target/test-dir/MiniOzoneClusterImpl-85de49eb-2ce1-4613-814a-bfb310a11337/datanode-2/data/ratis] (custom)
2022-06-24 23:45:02,866 [pool-119-thread-1] INFO  server.RaftServerConfigKeys (ConfUtils.java:logGet(46)) - raft.server.log.corruption.policy = EXCEPTION (default)
2022-06-24 23:45:02,866 [pool-119-thread-1] INFO  server.RaftServerConfigKeys (ConfUtils.java:logGet(46)) - raft.server.storage.free-space.min = 0MB (=0) (default)
2022-06-24 23:45:02,866 [pool-119-thread-1] INFO  storage.RaftStorageDirectory (RaftStorageDirectoryImpl.java:analyzeStorage(135)) - The storage directory /home/runner/work/ozone/ozone/hadoop-ozone/integration-test/target/test-dir/MiniOzoneClusterImpl-85de49eb-2ce1-4613-814a-bfb310a11337/datanode-2/data/ratis/981b9a80-7b1b-4242-a17c-9499243c0d3b does not exist. Creating ...
2022-06-24 23:45:02,867 [pool-119-thread-1] INFO  storage.RaftStorageDirectory (RaftStorageDirectoryImpl.java:tryLock(230)) - Lock on /home/runner/work/ozone/ozone/hadoop-ozone/integration-test/target/test-dir/MiniOzoneClusterImpl-85de49eb-2ce1-4613-814a-bfb310a11337/datanode-2/data/ratis/981b9a80-7b1b-4242-a17c-9499243c0d3b/in_use.lock acquired by nodename 11308@fv-az21-224
2022-06-24 23:45:02,870 [pool-119-thread-1] INFO  storage.RaftStorage (RaftStorageImpl.java:format(89)) - Storage directory /home/runner/work/ozone/ozone/hadoop-ozone/integration-test/target/test-dir/MiniOzoneClusterImpl-85de49eb-2ce1-4613-814a-bfb310a11337/datanode-2/data/ratis/981b9a80-7b1b-4242-a17c-9499243c0d3b has been successfully formatted.
2022-06-24 23:45:02,870 [pool-119-thread-1] INFO  ratis.ContainerStateMachine (ContainerStateMachine.java:loadSnapshot(236)) - group-9499243C0D3B: The snapshot info is null. Setting the last applied indexto:(t:0, i:~)
2022-06-24 23:45:02,870 [pool-119-thread-1] INFO  server.RaftServerConfigKeys (ConfUtils.java:logGet(46)) - raft.server.notification.no-leader.timeout = 300s (custom)
2022-06-24 23:45:02,870 [pool-119-thread-1] INFO  server.RaftServerConfigKeys (ConfUtils.java:logGet(46)) - raft.server.log.use.memory = false (default)
2022-06-24 23:45:02,870 [pool-119-thread-1] INFO  server.RaftServerConfigKeys (ConfUtils.java:logGet(46)) - raft.server.log.purge.gap = 1000000 (custom)
2022-06-24 23:45:02,871 [pool-119-thread-1] INFO  server.RaftServerConfigKeys (ConfUtils.java:logGet(46)) - raft.server.log.appender.buffer.byte-limit = 33554432 (custom)
2022-06-24 23:45:02,871 [pool-119-thread-1] INFO  server.RaftServerConfigKeys (ConfUtils.java:logGet(46)) - raft.server.log.statemachine.data.read.timeout = 1000ms (default)
2022-06-24 23:45:02,871 [pool-119-thread-1] INFO  server.RaftServerConfigKeys (ConfUtils.java:logGet(46)) - raft.server.log.segment.size.max = 1048576 (custom)
2022-06-24 23:45:02,871 [pool-119-thread-1] INFO  server.RaftServerConfigKeys (ConfUtils.java:logGet(46)) - raft.server.log.segment.cache.num.max = 2 (custom)
2022-06-24 23:45:02,871 [pool-119-thread-1] INFO  server.RaftServerConfigKeys (ConfUtils.java:logGet(46)) - raft.server.log.segment.cache.size.max = 200MB (=209715200) (default)
2022-06-24 23:45:02,871 [pool-119-thread-1] INFO  segmented.SegmentedRaftLogWorker (SegmentedRaftLogWorker.java:<init>(187)) - new c0c3f727-3a57-4cf2-9ef3-302a01638126@group-9499243C0D3B-SegmentedRaftLogWorker for RaftStorageImpl:Storage Directory /home/runner/work/ozone/ozone/hadoop-ozone/integration-test/target/test-dir/MiniOzoneClusterImpl-85de49eb-2ce1-4613-814a-bfb310a11337/datanode-2/data/ratis/981b9a80-7b1b-4242-a17c-9499243c0d3b
2022-06-24 23:45:02,871 [pool-119-thread-1] INFO  server.RaftServerConfigKeys (ConfUtils.java:logGet(46)) - raft.server.log.queue.byte-limit = 4294967296 (custom)
2022-06-24 23:45:02,871 [pool-119-thread-1] INFO  server.RaftServerConfigKeys (ConfUtils.java:logGet(46)) - raft.server.log.queue.element-limit = 1024 (custom)
2022-06-24 23:45:02,871 [pool-119-thread-1] INFO  server.RaftServerConfigKeys (ConfUtils.java:logGet(46)) - raft.server.log.segment.size.max = 1048576 (custom)
2022-06-24 23:45:02,871 [pool-119-thread-1] INFO  server.RaftServerConfigKeys (ConfUtils.java:logGet(46)) - raft.server.log.preallocated.size = 16384 (custom)
2022-06-24 23:45:02,871 [pool-119-thread-1] INFO  server.RaftServerConfigKeys (ConfUtils.java:logGet(46)) - raft.server.log.force.sync.num = 128 (default)
2022-06-24 23:45:02,871 [pool-119-thread-1] INFO  server.RaftServerConfigKeys (ConfUtils.java:logGet(46)) - raft.server.log.statemachine.data.sync = true (default)
2022-06-24 23:45:02,872 [pool-119-thread-1] INFO  server.RaftServerConfigKeys (ConfUtils.java:logGet(46)) - raft.server.log.statemachine.data.sync.timeout = 10s (default)
2022-06-24 23:45:02,872 [pool-119-thread-1] INFO  server.RaftServerConfigKeys (ConfUtils.java:logGet(46)) - raft.server.log.statemachine.data.sync.timeout.retry = -1 (default)
2022-06-24 23:45:02,878 [pool-119-thread-1] INFO  server.RaftServerConfigKeys (ConfUtils.java:logGet(46)) - raft.server.log.write.buffer.size = 1048576 (custom)
2022-06-24 23:45:02,878 [pool-119-thread-1] INFO  server.RaftServerConfigKeys (ConfUtils.java:logGet(46)) - raft.server.log.unsafe-flush.enabled = false (default)
2022-06-24 23:45:02,878 [pool-119-thread-1] INFO  server.RaftServerConfigKeys (ConfUtils.java:logGet(46)) - raft.server.log.statemachine.data.caching.enabled = true (custom)
2022-06-24 23:45:02,879 [pool-119-thread-1] INFO  segmented.SegmentedRaftLogWorker (SegmentedRaftLogWorker.java:lambda$new$0(135)) - c0c3f727-3a57-4cf2-9ef3-302a01638126@group-9499243C0D3B-SegmentedRaftLogWorker: flushIndex: setUnconditionally 0 -> -1
2022-06-24 23:45:02,879 [pool-119-thread-1] INFO  segmented.SegmentedRaftLogWorker (SegmentedRaftLogWorker.java:lambda$new$0(135)) - c0c3f727-3a57-4cf2-9ef3-302a01638126@group-9499243C0D3B-SegmentedRaftLogWorker: safeCacheEvictIndex: setUnconditionally 0 -> -1
2022-06-24 23:45:02,879 [pool-119-thread-1] INFO  server.RaftServerConfigKeys (ConfUtils.java:logGet(46)) - raft.server.snapshot.auto.trigger.enabled = true (custom)
2022-06-24 23:45:02,879 [pool-119-thread-1] INFO  server.RaftServerConfigKeys (ConfUtils.java:logGet(46)) - raft.server.snapshot.auto.trigger.threshold = 10000 (custom)
2022-06-24 23:45:02,879 [pool-119-thread-1] INFO  server.RaftServerConfigKeys (ConfUtils.java:logGet(46)) - raft.server.snapshot.retention.file.num = 5 (custom)
2022-06-24 23:45:02,879 [pool-119-thread-1] INFO  server.RaftServerConfigKeys (ConfUtils.java:logGet(46)) - raft.server.log.purge.upto.snapshot.index = false (default)
2022-06-24 23:45:02,879 [pool-119-thread-1] INFO  server.RaftServerConfigKeys (ConfUtils.java:logGet(46)) - raft.server.retrycache.expirytime = 600000ms (custom)
2022-06-24 23:45:02,886 [Command processor thread] INFO  commandhandler.CreatePipelineCommandHandler (CreatePipelineCommandHandler.java:handle(113)) - Created Pipeline RATIS THREE PipelineID=997d2440-d3f2-4afe-baa1-776f56fa1288.
2022-06-24 23:45:02,886 [pool-119-thread-1] INFO  server.RaftServerConfigKeys (ConfUtils.java:logGet(46)) - raft.server.retrycache.statistics.expirytime = 100μs (default)
2022-06-24 23:45:02,888 [EventQueue-PipelineReportForPipelineReportHandler] INFO  pipeline.PipelineManagerImpl (PipelineManagerImpl.java:openPipeline(358)) - Pipeline Pipeline[ Id: 981b9a80-7b1b-4242-a17c-9499243c0d3b, Nodes: c0c3f727-3a57-4cf2-9ef3-302a01638126{ip: 10.1.0.24, host: fv-az21-224.v4iizcarkezebbfea14bcgzyke.bx.internal.cloudapp.net, ports: [REPLICATION=38909, RATIS=32921, RATIS_ADMIN=32921, RATIS_SERVER=32921, STANDALONE=35853], networkLocation: /default-rack, certSerialId: null, persistedOpState: IN_SERVICE, persistedOpStateExpiryEpochSec: 0}, ReplicationConfig: RATIS/ONE, State:ALLOCATED, leaderId:c0c3f727-3a57-4cf2-9ef3-302a01638126, CreationTimestamp2022-06-24T23:44:59.866Z[Etc/UTC]] moved to OPEN state
2022-06-24 23:45:02,889 [EventQueue-OpenPipelineForHealthyPipelineSafeModeRule] INFO  safemode.SCMSafeModeManager (HealthyPipelineSafeModeRule.java:process(124)) - SCM in safe mode. Healthy pipelines reported count is 0, required healthy pipeline reported count is 1
2022-06-24 23:45:02,889 [pool-119-thread-1] INFO  server.RaftServerConfigKeys (ConfUtils.java:logGet(46)) - raft.server.log.appender.install.snapshot.enabled = false (custom)
2022-06-24 23:45:02,890 [pool-119-thread-1] INFO  server.RaftServerConfigKeys (ConfUtils.java:logGet(46)) - raft.server.threadpool.server.cached = true (default)
2022-06-24 23:45:02,890 [pool-119-thread-1] INFO  server.RaftServerConfigKeys (ConfUtils.java:logGet(46)) - raft.server.threadpool.server.size = 0 (default)
2022-06-24 23:45:02,890 [pool-119-thread-1] INFO  server.RaftServerConfigKeys (ConfUtils.java:logGet(46)) - raft.server.threadpool.client.cached = true (default)
2022-06-24 23:45:02,890 [pool-119-thread-1] INFO  server.RaftServerConfigKeys (ConfUtils.java:logGet(46)) - raft.server.threadpool.client.size = 0 (default)
2022-06-24 23:45:02,891 [pool-119-thread-1] INFO  server.RaftServer$Division (RaftServerImpl.java:start(310)) - c0c3f727-3a57-4cf2-9ef3-302a01638126@group-9499243C0D3B: start as a follower, conf=-1: [c0c3f727-3a57-4cf2-9ef3-302a01638126|rpc:10.1.0.24:32921|priority:1], old=null
2022-06-24 23:45:02,891 [pool-119-thread-1] INFO  server.RaftServer$Division (RaftServerImpl.java:setRole(299)) - c0c3f727-3a57-4cf2-9ef3-302a01638126@group-9499243C0D3B: changes role from      null to FOLLOWER at term 0 for startAsFollower
2022-06-24 23:45:02,891 [pool-119-thread-1] INFO  impl.RoleInfo (RoleInfo.java:updateAndGet(139)) - c0c3f727-3a57-4cf2-9ef3-302a01638126: start c0c3f727-3a57-4cf2-9ef3-302a01638126@group-9499243C0D3B-FollowerState
2022-06-24 23:45:02,891 [pool-119-thread-1] INFO  util.JmxRegister (JmxRegister.java:tryRegister(44)) - Successfully registered JMX Bean with object name Ratis:service=RaftServer,group=group-9499243C0D3B,id=c0c3f727-3a57-4cf2-9ef3-302a01638126
2022-06-24 23:45:02,892 [Command processor thread] INFO  ratis.XceiverServerRatis (XceiverServerRatis.java:addGroup(765)) - Created group PipelineID=981b9a80-7b1b-4242-a17c-9499243c0d3b
2022-06-24 23:45:02,892 [Command processor thread] INFO  commandhandler.CreatePipelineCommandHandler (CreatePipelineCommandHandler.java:handle(113)) - Created Pipeline RATIS ONE PipelineID=981b9a80-7b1b-4242-a17c-9499243c0d3b.
2022-06-24 23:45:03,187 [Command processor thread] INFO  server.RaftServer (RaftServerProxy.java:addNew(96)) - 81e412cb-c007-41b2-a8bf-200042a7632d: addNew group-A23E767A082C:[81e412cb-c007-41b2-a8bf-200042a7632d|rpc:10.1.0.24:40693|priority:1] returns group-A23E767A082C:java.util.concurrent.CompletableFuture@6b11de2c[Not completed]
2022-06-24 23:45:03,192 [pool-142-thread-1] INFO  server.RaftServer$Division (RaftServerImpl.java:<init>(190)) - 81e412cb-c007-41b2-a8bf-200042a7632d: new RaftServerImpl for group-A23E767A082C:[81e412cb-c007-41b2-a8bf-200042a7632d|rpc:10.1.0.24:40693|priority:1] with ContainerStateMachine:uninitialized
2022-06-24 23:45:03,192 [pool-142-thread-1] INFO  server.RaftServerConfigKeys (ConfUtils.java:logGet(46)) - raft.server.rpc.timeout.min = 5s (custom)
2022-06-24 23:45:03,192 [pool-142-thread-1] INFO  server.RaftServerConfigKeys (ConfUtils.java:logGet(46)) - raft.server.rpc.timeout.max = 5200ms (custom)
2022-06-24 23:45:03,192 [pool-142-thread-1] INFO  server.RaftServerConfigKeys (ConfUtils.java:logGet(46)) - raft.server.rpc.sleep.time = 25ms (default)
2022-06-24 23:45:03,192 [pool-142-thread-1] INFO  server.RaftServerConfigKeys (ConfUtils.java:logGet(46)) - raft.server.rpc.slowness.timeout = 300s (custom)
2022-06-24 23:45:03,192 [pool-142-thread-1] INFO  server.RaftServerConfigKeys (ConfUtils.java:logGet(46)) - raft.server.leaderelection.leader.step-down.wait-time = 10s (default)
2022-06-24 23:45:03,192 [pool-142-thread-1] INFO  server.RaftServerConfigKeys (ConfUtils.java:logGet(46)) - raft.server.sleep.deviation.threshold = 300ms (default)
2022-06-24 23:45:03,192 [pool-142-thread-1] INFO  server.RaftServer$Division (ServerState.java:<init>(107)) - 81e412cb-c007-41b2-a8bf-200042a7632d@group-A23E767A082C: ConfigurationManager, init=-1: [81e412cb-c007-41b2-a8bf-200042a7632d|rpc:10.1.0.24:40693|priority:1], old=null, confs=<EMPTY_MAP>
2022-06-24 23:45:03,192 [pool-142-thread-1] INFO  server.RaftServerConfigKeys (ConfUtils.java:logGet(46)) - raft.server.storage.dir = [/home/runner/work/ozone/ozone/hadoop-ozone/integration-test/target/test-dir/MiniOzoneClusterImpl-85de49eb-2ce1-4613-814a-bfb310a11337/datanode-3/data/ratis] (custom)
2022-06-24 23:45:03,193 [pool-142-thread-1] INFO  server.RaftServerConfigKeys (ConfUtils.java:logGet(46)) - raft.server.log.corruption.policy = EXCEPTION (default)
2022-06-24 23:45:03,193 [pool-142-thread-1] INFO  server.RaftServerConfigKeys (ConfUtils.java:logGet(46)) - raft.server.storage.free-space.min = 0MB (=0) (default)
2022-06-24 23:45:03,193 [pool-142-thread-1] INFO  storage.RaftStorageDirectory (RaftStorageDirectoryImpl.java:analyzeStorage(135)) - The storage directory /home/runner/work/ozone/ozone/hadoop-ozone/integration-test/target/test-dir/MiniOzoneClusterImpl-85de49eb-2ce1-4613-814a-bfb310a11337/datanode-3/data/ratis/9c6f29b1-61b3-418c-a7c4-a23e767a082c does not exist. Creating ...
2022-06-24 23:45:03,194 [pool-142-thread-1] INFO  storage.RaftStorageDirectory (RaftStorageDirectoryImpl.java:tryLock(230)) - Lock on /home/runner/work/ozone/ozone/hadoop-ozone/integration-test/target/test-dir/MiniOzoneClusterImpl-85de49eb-2ce1-4613-814a-bfb310a11337/datanode-3/data/ratis/9c6f29b1-61b3-418c-a7c4-a23e767a082c/in_use.lock acquired by nodename 11308@fv-az21-224
2022-06-24 23:45:03,195 [pool-142-thread-1] INFO  storage.RaftStorage (RaftStorageImpl.java:format(89)) - Storage directory /home/runner/work/ozone/ozone/hadoop-ozone/integration-test/target/test-dir/MiniOzoneClusterImpl-85de49eb-2ce1-4613-814a-bfb310a11337/datanode-3/data/ratis/9c6f29b1-61b3-418c-a7c4-a23e767a082c has been successfully formatted.
2022-06-24 23:45:03,196 [pool-142-thread-1] INFO  ratis.ContainerStateMachine (ContainerStateMachine.java:loadSnapshot(236)) - group-A23E767A082C: The snapshot info is null. Setting the last applied indexto:(t:0, i:~)
2022-06-24 23:45:03,196 [pool-142-thread-1] INFO  server.RaftServerConfigKeys (ConfUtils.java:logGet(46)) - raft.server.notification.no-leader.timeout = 300s (custom)
2022-06-24 23:45:03,196 [pool-142-thread-1] INFO  server.RaftServerConfigKeys (ConfUtils.java:logGet(46)) - raft.server.log.use.memory = false (default)
2022-06-24 23:45:03,196 [pool-142-thread-1] INFO  server.RaftServerConfigKeys (ConfUtils.java:logGet(46)) - raft.server.log.purge.gap = 1000000 (custom)
2022-06-24 23:45:03,196 [pool-142-thread-1] INFO  server.RaftServerConfigKeys (ConfUtils.java:logGet(46)) - raft.server.log.appender.buffer.byte-limit = 33554432 (custom)
2022-06-24 23:45:03,196 [pool-142-thread-1] INFO  server.RaftServerConfigKeys (ConfUtils.java:logGet(46)) - raft.server.log.statemachine.data.read.timeout = 1000ms (default)
2022-06-24 23:45:03,197 [pool-142-thread-1] INFO  server.RaftServerConfigKeys (ConfUtils.java:logGet(46)) - raft.server.log.segment.size.max = 1048576 (custom)
2022-06-24 23:45:03,198 [pool-142-thread-1] INFO  server.RaftServerConfigKeys (ConfUtils.java:logGet(46)) - raft.server.log.segment.cache.num.max = 2 (custom)
2022-06-24 23:45:03,198 [pool-142-thread-1] INFO  server.RaftServerConfigKeys (ConfUtils.java:logGet(46)) - raft.server.log.segment.cache.size.max = 200MB (=209715200) (default)
2022-06-24 23:45:03,198 [pool-142-thread-1] INFO  segmented.SegmentedRaftLogWorker (SegmentedRaftLogWorker.java:<init>(187)) - new 81e412cb-c007-41b2-a8bf-200042a7632d@group-A23E767A082C-SegmentedRaftLogWorker for RaftStorageImpl:Storage Directory /home/runner/work/ozone/ozone/hadoop-ozone/integration-test/target/test-dir/MiniOzoneClusterImpl-85de49eb-2ce1-4613-814a-bfb310a11337/datanode-3/data/ratis/9c6f29b1-61b3-418c-a7c4-a23e767a082c
2022-06-24 23:45:03,198 [pool-142-thread-1] INFO  server.RaftServerConfigKeys (ConfUtils.java:logGet(46)) - raft.server.log.queue.byte-limit = 4294967296 (custom)
2022-06-24 23:45:03,198 [pool-142-thread-1] INFO  server.RaftServerConfigKeys (ConfUtils.java:logGet(46)) - raft.server.log.queue.element-limit = 1024 (custom)
2022-06-24 23:45:03,198 [pool-142-thread-1] INFO  server.RaftServerConfigKeys (ConfUtils.java:logGet(46)) - raft.server.log.segment.size.max = 1048576 (custom)
2022-06-24 23:45:03,198 [pool-142-thread-1] INFO  server.RaftServerConfigKeys (ConfUtils.java:logGet(46)) - raft.server.log.preallocated.size = 16384 (custom)
2022-06-24 23:45:03,198 [pool-142-thread-1] INFO  server.RaftServerConfigKeys (ConfUtils.java:logGet(46)) - raft.server.log.force.sync.num = 128 (default)
2022-06-24 23:45:03,198 [pool-142-thread-1] INFO  server.RaftServerConfigKeys (ConfUtils.java:logGet(46)) - raft.server.log.statemachine.data.sync = true (default)
2022-06-24 23:45:03,198 [pool-142-thread-1] INFO  server.RaftServerConfigKeys (ConfUtils.java:logGet(46)) - raft.server.log.statemachine.data.sync.timeout = 10s (default)
2022-06-24 23:45:03,198 [pool-142-thread-1] INFO  server.RaftServerConfigKeys (ConfUtils.java:logGet(46)) - raft.server.log.statemachine.data.sync.timeout.retry = -1 (default)
2022-06-24 23:45:03,199 [pool-142-thread-1] INFO  server.RaftServerConfigKeys (ConfUtils.java:logGet(46)) - raft.server.log.write.buffer.size = 1048576 (custom)
2022-06-24 23:45:03,200 [pool-142-thread-1] INFO  server.RaftServerConfigKeys (ConfUtils.java:logGet(46)) - raft.server.log.unsafe-flush.enabled = false (default)
2022-06-24 23:45:03,200 [pool-142-thread-1] INFO  server.RaftServerConfigKeys (ConfUtils.java:logGet(46)) - raft.server.log.statemachine.data.caching.enabled = true (custom)
2022-06-24 23:45:03,200 [pool-142-thread-1] INFO  segmented.SegmentedRaftLogWorker (SegmentedRaftLogWorker.java:lambda$new$0(135)) - 81e412cb-c007-41b2-a8bf-200042a7632d@group-A23E767A082C-SegmentedRaftLogWorker: flushIndex: setUnconditionally 0 -> -1
2022-06-24 23:45:03,200 [pool-142-thread-1] INFO  segmented.SegmentedRaftLogWorker (SegmentedRaftLogWorker.java:lambda$new$0(135)) - 81e412cb-c007-41b2-a8bf-200042a7632d@group-A23E767A082C-SegmentedRaftLogWorker: safeCacheEvictIndex: setUnconditionally 0 -> -1
2022-06-24 23:45:03,203 [EventQueue-PipelineReportForPipelineReportHandler] INFO  pipeline.PipelineManagerImpl (PipelineManagerImpl.java:openPipeline(358)) - Pipeline Pipeline[ Id: 9c6f29b1-61b3-418c-a7c4-a23e767a082c, Nodes: 81e412cb-c007-41b2-a8bf-200042a7632d{ip: 10.1.0.24, host: fv-az21-224.v4iizcarkezebbfea14bcgzyke.bx.internal.cloudapp.net, ports: [REPLICATION=34231, RATIS=40693, RATIS_ADMIN=40693, RATIS_SERVER=40693, STANDALONE=39103], networkLocation: /default-rack, certSerialId: null, persistedOpState: IN_SERVICE, persistedOpStateExpiryEpochSec: 0}, ReplicationConfig: RATIS/ONE, State:ALLOCATED, leaderId:81e412cb-c007-41b2-a8bf-200042a7632d, CreationTimestamp2022-06-24T23:45:00.190Z[Etc/UTC]] moved to OPEN state
2022-06-24 23:45:03,204 [EventQueue-OpenPipelineForHealthyPipelineSafeModeRule] INFO  safemode.SCMSafeModeManager (HealthyPipelineSafeModeRule.java:process(124)) - SCM in safe mode. Healthy pipelines reported count is 0, required healthy pipeline reported count is 1
2022-06-24 23:45:03,205 [pool-142-thread-1] INFO  server.RaftServerConfigKeys (ConfUtils.java:logGet(46)) - raft.server.snapshot.auto.trigger.enabled = true (custom)
2022-06-24 23:45:03,205 [pool-142-thread-1] INFO  server.RaftServerConfigKeys (ConfUtils.java:logGet(46)) - raft.server.snapshot.auto.trigger.threshold = 10000 (custom)
2022-06-24 23:45:03,205 [pool-142-thread-1] INFO  server.RaftServerConfigKeys (ConfUtils.java:logGet(46)) - raft.server.snapshot.retention.file.num = 5 (custom)
2022-06-24 23:45:03,206 [pool-142-thread-1] INFO  server.RaftServerConfigKeys (ConfUtils.java:logGet(46)) - raft.server.log.purge.upto.snapshot.index = false (default)
2022-06-24 23:45:03,206 [pool-142-thread-1] INFO  server.RaftServerConfigKeys (ConfUtils.java:logGet(46)) - raft.server.retrycache.expirytime = 600000ms (custom)
2022-06-24 23:45:03,206 [pool-142-thread-1] INFO  server.RaftServerConfigKeys (ConfUtils.java:logGet(46)) - raft.server.retrycache.statistics.expirytime = 100μs (default)
2022-06-24 23:45:03,207 [pool-142-thread-1] INFO  server.RaftServerConfigKeys (ConfUtils.java:logGet(46)) - raft.server.log.appender.install.snapshot.enabled = false (custom)
2022-06-24 23:45:03,207 [pool-142-thread-1] INFO  server.RaftServerConfigKeys (ConfUtils.java:logGet(46)) - raft.server.threadpool.server.cached = true (default)
2022-06-24 23:45:03,207 [pool-142-thread-1] INFO  server.RaftServerConfigKeys (ConfUtils.java:logGet(46)) - raft.server.threadpool.server.size = 0 (default)
2022-06-24 23:45:03,207 [pool-142-thread-1] INFO  server.RaftServerConfigKeys (ConfUtils.java:logGet(46)) - raft.server.threadpool.client.cached = true (default)
2022-06-24 23:45:03,207 [pool-142-thread-1] INFO  server.RaftServerConfigKeys (ConfUtils.java:logGet(46)) - raft.server.threadpool.client.size = 0 (default)
2022-06-24 23:45:03,207 [pool-142-thread-1] INFO  server.RaftServer$Division (RaftServerImpl.java:start(310)) - 81e412cb-c007-41b2-a8bf-200042a7632d@group-A23E767A082C: start as a follower, conf=-1: [81e412cb-c007-41b2-a8bf-200042a7632d|rpc:10.1.0.24:40693|priority:1], old=null
2022-06-24 23:45:03,207 [pool-142-thread-1] INFO  server.RaftServer$Division (RaftServerImpl.java:setRole(299)) - 81e412cb-c007-41b2-a8bf-200042a7632d@group-A23E767A082C: changes role from      null to FOLLOWER at term 0 for startAsFollower
2022-06-24 23:45:03,207 [pool-142-thread-1] INFO  impl.RoleInfo (RoleInfo.java:updateAndGet(139)) - 81e412cb-c007-41b2-a8bf-200042a7632d: start 81e412cb-c007-41b2-a8bf-200042a7632d@group-A23E767A082C-FollowerState
2022-06-24 23:45:03,208 [pool-142-thread-1] INFO  util.JmxRegister (JmxRegister.java:tryRegister(44)) - Successfully registered JMX Bean with object name Ratis:service=RaftServer,group=group-A23E767A082C,id=81e412cb-c007-41b2-a8bf-200042a7632d
2022-06-24 23:45:03,209 [Command processor thread] INFO  ratis.XceiverServerRatis (XceiverServerRatis.java:addGroup(765)) - Created group PipelineID=9c6f29b1-61b3-418c-a7c4-a23e767a082c
2022-06-24 23:45:03,209 [Command processor thread] INFO  commandhandler.CreatePipelineCommandHandler (CreatePipelineCommandHandler.java:handle(113)) - Created Pipeline RATIS ONE PipelineID=9c6f29b1-61b3-418c-a7c4-a23e767a082c.
2022-06-24 23:45:03,486 [Listener at 127.0.0.1/44795] INFO  ozone.MiniOzoneClusterImpl (MiniOzoneClusterImpl.java:lambda$waitForClusterToBeReady$0(223)) - Nodes are ready. Got 5 of 5 DN Heartbeats.
2022-06-24 23:45:03,487 [Listener at 127.0.0.1/44795] INFO  ozone.MiniOzoneClusterImpl (MiniOzoneClusterImpl.java:lambda$waitForClusterToBeReady$0(226)) - Waiting for cluster to exit safe mode
2022-06-24 23:45:03,487 [Listener at 127.0.0.1/44795] INFO  ozone.MiniOzoneClusterImpl (MiniOzoneClusterImpl.java:lambda$waitForClusterToBeReady$0(228)) - SCM became leader
2022-06-24 23:45:03,496 [Command processor thread] INFO  server.RaftServer (RaftServerProxy.java:addNew(96)) - 195e3a17-4c6d-4f40-b013-a6f8b27716a1: addNew group-8ABC1D4E2A2A:[195e3a17-4c6d-4f40-b013-a6f8b27716a1|rpc:10.1.0.24:38197|priority:1] returns group-8ABC1D4E2A2A:java.util.concurrent.CompletableFuture@3c4a22a[Not completed]
2022-06-24 23:45:03,500 [pool-165-thread-1] INFO  server.RaftServer$Division (RaftServerImpl.java:<init>(190)) - 195e3a17-4c6d-4f40-b013-a6f8b27716a1: new RaftServerImpl for group-8ABC1D4E2A2A:[195e3a17-4c6d-4f40-b013-a6f8b27716a1|rpc:10.1.0.24:38197|priority:1] with ContainerStateMachine:uninitialized
2022-06-24 23:45:03,500 [pool-165-thread-1] INFO  server.RaftServerConfigKeys (ConfUtils.java:logGet(46)) - raft.server.rpc.timeout.min = 5s (custom)
2022-06-24 23:45:03,500 [pool-165-thread-1] INFO  server.RaftServerConfigKeys (ConfUtils.java:logGet(46)) - raft.server.rpc.timeout.max = 5200ms (custom)
2022-06-24 23:45:03,500 [pool-165-thread-1] INFO  server.RaftServerConfigKeys (ConfUtils.java:logGet(46)) - raft.server.rpc.sleep.time = 25ms (default)
2022-06-24 23:45:03,500 [pool-165-thread-1] INFO  server.RaftServerConfigKeys (ConfUtils.java:logGet(46)) - raft.server.rpc.slowness.timeout = 300s (custom)
2022-06-24 23:45:03,500 [pool-165-thread-1] INFO  server.RaftServerConfigKeys (ConfUtils.java:logGet(46)) - raft.server.leaderelection.leader.step-down.wait-time = 10s (default)
2022-06-24 23:45:03,500 [pool-165-thread-1] INFO  server.RaftServerConfigKeys (ConfUtils.java:logGet(46)) - raft.server.sleep.deviation.threshold = 300ms (default)
2022-06-24 23:45:03,500 [pool-165-thread-1] INFO  server.RaftServer$Division (ServerState.java:<init>(107)) - 195e3a17-4c6d-4f40-b013-a6f8b27716a1@group-8ABC1D4E2A2A: ConfigurationManager, init=-1: [195e3a17-4c6d-4f40-b013-a6f8b27716a1|rpc:10.1.0.24:38197|priority:1], old=null, confs=<EMPTY_MAP>
2022-06-24 23:45:03,500 [pool-165-thread-1] INFO  server.RaftServerConfigKeys (ConfUtils.java:logGet(46)) - raft.server.storage.dir = [/home/runner/work/ozone/ozone/hadoop-ozone/integration-test/target/test-dir/MiniOzoneClusterImpl-85de49eb-2ce1-4613-814a-bfb310a11337/datanode-4/data/ratis] (custom)
2022-06-24 23:45:03,500 [pool-165-thread-1] INFO  server.RaftServerConfigKeys (ConfUtils.java:logGet(46)) - raft.server.log.corruption.policy = EXCEPTION (default)
2022-06-24 23:45:03,500 [pool-165-thread-1] INFO  server.RaftServerConfigKeys (ConfUtils.java:logGet(46)) - raft.server.storage.free-space.min = 0MB (=0) (default)
2022-06-24 23:45:03,500 [pool-165-thread-1] INFO  storage.RaftStorageDirectory (RaftStorageDirectoryImpl.java:analyzeStorage(135)) - The storage directory /home/runner/work/ozone/ozone/hadoop-ozone/integration-test/target/test-dir/MiniOzoneClusterImpl-85de49eb-2ce1-4613-814a-bfb310a11337/datanode-4/data/ratis/b2d230eb-73f3-4365-83c1-8abc1d4e2a2a does not exist. Creating ...
2022-06-24 23:45:03,502 [pool-165-thread-1] INFO  storage.RaftStorageDirectory (RaftStorageDirectoryImpl.java:tryLock(230)) - Lock on /home/runner/work/ozone/ozone/hadoop-ozone/integration-test/target/test-dir/MiniOzoneClusterImpl-85de49eb-2ce1-4613-814a-bfb310a11337/datanode-4/data/ratis/b2d230eb-73f3-4365-83c1-8abc1d4e2a2a/in_use.lock acquired by nodename 11308@fv-az21-224
2022-06-24 23:45:03,503 [pool-165-thread-1] INFO  storage.RaftStorage (RaftStorageImpl.java:format(89)) - Storage directory /home/runner/work/ozone/ozone/hadoop-ozone/integration-test/target/test-dir/MiniOzoneClusterImpl-85de49eb-2ce1-4613-814a-bfb310a11337/datanode-4/data/ratis/b2d230eb-73f3-4365-83c1-8abc1d4e2a2a has been successfully formatted.
2022-06-24 23:45:03,504 [pool-165-thread-1] INFO  ratis.ContainerStateMachine (ContainerStateMachine.java:loadSnapshot(236)) - group-8ABC1D4E2A2A: The snapshot info is null. Setting the last applied indexto:(t:0, i:~)
2022-06-24 23:45:03,504 [pool-165-thread-1] INFO  server.RaftServerConfigKeys (ConfUtils.java:logGet(46)) - raft.server.notification.no-leader.timeout = 300s (custom)
2022-06-24 23:45:03,504 [pool-165-thread-1] INFO  server.RaftServerConfigKeys (ConfUtils.java:logGet(46)) - raft.server.log.use.memory = false (default)
2022-06-24 23:45:03,505 [pool-165-thread-1] INFO  server.RaftServerConfigKeys (ConfUtils.java:logGet(46)) - raft.server.log.purge.gap = 1000000 (custom)
2022-06-24 23:45:03,505 [pool-165-thread-1] INFO  server.RaftServerConfigKeys (ConfUtils.java:logGet(46)) - raft.server.log.appender.buffer.byte-limit = 33554432 (custom)
2022-06-24 23:45:03,505 [pool-165-thread-1] INFO  server.RaftServerConfigKeys (ConfUtils.java:logGet(46)) - raft.server.log.statemachine.data.read.timeout = 1000ms (default)
2022-06-24 23:45:03,506 [EventQueue-PipelineReportForPipelineReportHandler] INFO  pipeline.PipelineManagerImpl (PipelineManagerImpl.java:openPipeline(358)) - Pipeline Pipeline[ Id: b2d230eb-73f3-4365-83c1-8abc1d4e2a2a, Nodes: 195e3a17-4c6d-4f40-b013-a6f8b27716a1{ip: 10.1.0.24, host: fv-az21-224.v4iizcarkezebbfea14bcgzyke.bx.internal.cloudapp.net, ports: [REPLICATION=44381, RATIS=38197, RATIS_ADMIN=38197, RATIS_SERVER=38197, STANDALONE=45083], networkLocation: /default-rack, certSerialId: null, persistedOpState: IN_SERVICE, persistedOpStateExpiryEpochSec: 0}, ReplicationConfig: RATIS/ONE, State:ALLOCATED, leaderId:195e3a17-4c6d-4f40-b013-a6f8b27716a1, CreationTimestamp2022-06-24T23:45:00.501Z[Etc/UTC]] moved to OPEN state
2022-06-24 23:45:03,507 [EventQueue-OpenPipelineForHealthyPipelineSafeModeRule] INFO  safemode.SCMSafeModeManager (HealthyPipelineSafeModeRule.java:process(124)) - SCM in safe mode. Healthy pipelines reported count is 0, required healthy pipeline reported count is 1
2022-06-24 23:45:03,507 [pool-165-thread-1] INFO  server.RaftServerConfigKeys (ConfUtils.java:logGet(46)) - raft.server.log.segment.size.max = 1048576 (custom)
2022-06-24 23:45:03,508 [pool-165-thread-1] INFO  server.RaftServerConfigKeys (ConfUtils.java:logGet(46)) - raft.server.log.segment.cache.num.max = 2 (custom)
2022-06-24 23:45:03,508 [pool-165-thread-1] INFO  server.RaftServerConfigKeys (ConfUtils.java:logGet(46)) - raft.server.log.segment.cache.size.max = 200MB (=209715200) (default)
2022-06-24 23:45:03,508 [pool-165-thread-1] INFO  segmented.SegmentedRaftLogWorker (SegmentedRaftLogWorker.java:<init>(187)) - new 195e3a17-4c6d-4f40-b013-a6f8b27716a1@group-8ABC1D4E2A2A-SegmentedRaftLogWorker for RaftStorageImpl:Storage Directory /home/runner/work/ozone/ozone/hadoop-ozone/integration-test/target/test-dir/MiniOzoneClusterImpl-85de49eb-2ce1-4613-814a-bfb310a11337/datanode-4/data/ratis/b2d230eb-73f3-4365-83c1-8abc1d4e2a2a
2022-06-24 23:45:03,508 [pool-165-thread-1] INFO  server.RaftServerConfigKeys (ConfUtils.java:logGet(46)) - raft.server.log.queue.byte-limit = 4294967296 (custom)
2022-06-24 23:45:03,508 [pool-165-thread-1] INFO  server.RaftServerConfigKeys (ConfUtils.java:logGet(46)) - raft.server.log.queue.element-limit = 1024 (custom)
2022-06-24 23:45:03,508 [pool-165-thread-1] INFO  server.RaftServerConfigKeys (ConfUtils.java:logGet(46)) - raft.server.log.segment.size.max = 1048576 (custom)
2022-06-24 23:45:03,508 [pool-165-thread-1] INFO  server.RaftServerConfigKeys (ConfUtils.java:logGet(46)) - raft.server.log.preallocated.size = 16384 (custom)
2022-06-24 23:45:03,508 [pool-165-thread-1] INFO  server.RaftServerConfigKeys (ConfUtils.java:logGet(46)) - raft.server.log.force.sync.num = 128 (default)
2022-06-24 23:45:03,508 [pool-165-thread-1] INFO  server.RaftServerConfigKeys (ConfUtils.java:logGet(46)) - raft.server.log.statemachine.data.sync = true (default)
2022-06-24 23:45:03,508 [pool-165-thread-1] INFO  server.RaftServerConfigKeys (ConfUtils.java:logGet(46)) - raft.server.log.statemachine.data.sync.timeout = 10s (default)
2022-06-24 23:45:03,508 [pool-165-thread-1] INFO  server.RaftServerConfigKeys (ConfUtils.java:logGet(46)) - raft.server.log.statemachine.data.sync.timeout.retry = -1 (default)
2022-06-24 23:45:03,509 [pool-165-thread-1] INFO  server.RaftServerConfigKeys (ConfUtils.java:logGet(46)) - raft.server.log.write.buffer.size = 1048576 (custom)
2022-06-24 23:45:03,510 [pool-165-thread-1] INFO  server.RaftServerConfigKeys (ConfUtils.java:logGet(46)) - raft.server.log.unsafe-flush.enabled = false (default)
2022-06-24 23:45:03,510 [pool-165-thread-1] INFO  server.RaftServerConfigKeys (ConfUtils.java:logGet(46)) - raft.server.log.statemachine.data.caching.enabled = true (custom)
2022-06-24 23:45:03,510 [pool-165-thread-1] INFO  segmented.SegmentedRaftLogWorker (SegmentedRaftLogWorker.java:lambda$new$0(135)) - 195e3a17-4c6d-4f40-b013-a6f8b27716a1@group-8ABC1D4E2A2A-SegmentedRaftLogWorker: flushIndex: setUnconditionally 0 -> -1
2022-06-24 23:45:03,510 [pool-165-thread-1] INFO  segmented.SegmentedRaftLogWorker (SegmentedRaftLogWorker.java:lambda$new$0(135)) - 195e3a17-4c6d-4f40-b013-a6f8b27716a1@group-8ABC1D4E2A2A-SegmentedRaftLogWorker: safeCacheEvictIndex: setUnconditionally 0 -> -1
2022-06-24 23:45:03,512 [pool-165-thread-1] INFO  server.RaftServerConfigKeys (ConfUtils.java:logGet(46)) - raft.server.snapshot.auto.trigger.enabled = true (custom)
2022-06-24 23:45:03,512 [pool-165-thread-1] INFO  server.RaftServerConfigKeys (ConfUtils.java:logGet(46)) - raft.server.snapshot.auto.trigger.threshold = 10000 (custom)
2022-06-24 23:45:03,512 [pool-165-thread-1] INFO  server.RaftServerConfigKeys (ConfUtils.java:logGet(46)) - raft.server.snapshot.retention.file.num = 5 (custom)
2022-06-24 23:45:03,512 [pool-165-thread-1] INFO  server.RaftServerConfigKeys (ConfUtils.java:logGet(46)) - raft.server.log.purge.upto.snapshot.index = false (default)
2022-06-24 23:45:03,512 [pool-165-thread-1] INFO  server.RaftServerConfigKeys (ConfUtils.java:logGet(46)) - raft.server.retrycache.expirytime = 600000ms (custom)
2022-06-24 23:45:03,512 [pool-165-thread-1] INFO  server.RaftServerConfigKeys (ConfUtils.java:logGet(46)) - raft.server.retrycache.statistics.expirytime = 100μs (default)
2022-06-24 23:45:03,515 [pool-165-thread-1] INFO  server.RaftServerConfigKeys (ConfUtils.java:logGet(46)) - raft.server.log.appender.install.snapshot.enabled = false (custom)
2022-06-24 23:45:03,515 [pool-165-thread-1] INFO  server.RaftServerConfigKeys (ConfUtils.java:logGet(46)) - raft.server.threadpool.server.cached = true (default)
2022-06-24 23:45:03,515 [pool-165-thread-1] INFO  server.RaftServerConfigKeys (ConfUtils.java:logGet(46)) - raft.server.threadpool.server.size = 0 (default)
2022-06-24 23:45:03,515 [pool-165-thread-1] INFO  server.RaftServerConfigKeys (ConfUtils.java:logGet(46)) - raft.server.threadpool.client.cached = true (default)
2022-06-24 23:45:03,515 [pool-165-thread-1] INFO  server.RaftServerConfigKeys (ConfUtils.java:logGet(46)) - raft.server.threadpool.client.size = 0 (default)
2022-06-24 23:45:03,516 [pool-165-thread-1] INFO  server.RaftServer$Division (RaftServerImpl.java:start(310)) - 195e3a17-4c6d-4f40-b013-a6f8b27716a1@group-8ABC1D4E2A2A: start as a follower, conf=-1: [195e3a17-4c6d-4f40-b013-a6f8b27716a1|rpc:10.1.0.24:38197|priority:1], old=null
2022-06-24 23:45:03,516 [pool-165-thread-1] INFO  server.RaftServer$Division (RaftServerImpl.java:setRole(299)) - 195e3a17-4c6d-4f40-b013-a6f8b27716a1@group-8ABC1D4E2A2A: changes role from      null to FOLLOWER at term 0 for startAsFollower
2022-06-24 23:45:03,516 [pool-165-thread-1] INFO  impl.RoleInfo (RoleInfo.java:updateAndGet(139)) - 195e3a17-4c6d-4f40-b013-a6f8b27716a1: start 195e3a17-4c6d-4f40-b013-a6f8b27716a1@group-8ABC1D4E2A2A-FollowerState
2022-06-24 23:45:03,516 [pool-165-thread-1] INFO  util.JmxRegister (JmxRegister.java:tryRegister(44)) - Successfully registered JMX Bean with object name Ratis:service=RaftServer,group=group-8ABC1D4E2A2A,id=195e3a17-4c6d-4f40-b013-a6f8b27716a1
2022-06-24 23:45:03,517 [Command processor thread] INFO  ratis.XceiverServerRatis (XceiverServerRatis.java:addGroup(765)) - Created group PipelineID=b2d230eb-73f3-4365-83c1-8abc1d4e2a2a
2022-06-24 23:45:03,517 [Command processor thread] INFO  commandhandler.CreatePipelineCommandHandler (CreatePipelineCommandHandler.java:handle(113)) - Created Pipeline RATIS ONE PipelineID=b2d230eb-73f3-4365-83c1-8abc1d4e2a2a.
2022-06-24 23:45:04,487 [Listener at 127.0.0.1/44795] INFO  ozone.MiniOzoneClusterImpl (MiniOzoneClusterImpl.java:lambda$waitForClusterToBeReady$0(223)) - Nodes are ready. Got 5 of 5 DN Heartbeats.
2022-06-24 23:45:04,487 [Listener at 127.0.0.1/44795] INFO  ozone.MiniOzoneClusterImpl (MiniOzoneClusterImpl.java:lambda$waitForClusterToBeReady$0(226)) - Waiting for cluster to exit safe mode
2022-06-24 23:45:04,488 [Listener at 127.0.0.1/44795] INFO  ozone.MiniOzoneClusterImpl (MiniOzoneClusterImpl.java:lambda$waitForClusterToBeReady$0(228)) - SCM became leader
2022-06-24 23:45:05,488 [Listener at 127.0.0.1/44795] INFO  ozone.MiniOzoneClusterImpl (MiniOzoneClusterImpl.java:lambda$waitForClusterToBeReady$0(223)) - Nodes are ready. Got 5 of 5 DN Heartbeats.
2022-06-24 23:45:05,488 [Listener at 127.0.0.1/44795] INFO  ozone.MiniOzoneClusterImpl (MiniOzoneClusterImpl.java:lambda$waitForClusterToBeReady$0(226)) - Waiting for cluster to exit safe mode
2022-06-24 23:45:05,488 [Listener at 127.0.0.1/44795] INFO  ozone.MiniOzoneClusterImpl (MiniOzoneClusterImpl.java:lambda$waitForClusterToBeReady$0(228)) - SCM became leader
2022-06-24 23:45:06,489 [Listener at 127.0.0.1/44795] INFO  ozone.MiniOzoneClusterImpl (MiniOzoneClusterImpl.java:lambda$waitForClusterToBeReady$0(223)) - Nodes are ready. Got 5 of 5 DN Heartbeats.
2022-06-24 23:45:06,489 [Listener at 127.0.0.1/44795] INFO  ozone.MiniOzoneClusterImpl (MiniOzoneClusterImpl.java:lambda$waitForClusterToBeReady$0(226)) - Waiting for cluster to exit safe mode
2022-06-24 23:45:06,489 [Listener at 127.0.0.1/44795] INFO  ozone.MiniOzoneClusterImpl (MiniOzoneClusterImpl.java:lambda$waitForClusterToBeReady$0(228)) - SCM became leader
2022-06-24 23:45:07,048 [1cd66e73-07f1-4729-a00f-873523f7ad93@group-1BF5799665A0-FollowerState] INFO  impl.FollowerState (FollowerState.java:run(143)) - 1cd66e73-07f1-4729-a00f-873523f7ad93@group-1BF5799665A0-FollowerState: change to CANDIDATE, lastRpcElapsedTime:5033323003ns, electionTimeout:5032ms
2022-06-24 23:45:07,048 [1cd66e73-07f1-4729-a00f-873523f7ad93@group-1BF5799665A0-FollowerState] INFO  impl.RoleInfo (RoleInfo.java:shutdownFollowerState(110)) - 1cd66e73-07f1-4729-a00f-873523f7ad93: shutdown 1cd66e73-07f1-4729-a00f-873523f7ad93@group-1BF5799665A0-FollowerState
2022-06-24 23:45:07,048 [1cd66e73-07f1-4729-a00f-873523f7ad93@group-1BF5799665A0-FollowerState] INFO  server.RaftServer$Division (RaftServerImpl.java:setRole(299)) - 1cd66e73-07f1-4729-a00f-873523f7ad93@group-1BF5799665A0: changes role from  FOLLOWER to CANDIDATE at term 0 for changeToCandidate
2022-06-24 23:45:07,049 [1cd66e73-07f1-4729-a00f-873523f7ad93@group-1BF5799665A0-FollowerState] INFO  server.RaftServerConfigKeys (ConfUtils.java:logGet(46)) - raft.server.leaderelection.pre-vote = false (custom)
2022-06-24 23:45:07,049 [1cd66e73-07f1-4729-a00f-873523f7ad93@group-1BF5799665A0-FollowerState] INFO  impl.RoleInfo (RoleInfo.java:updateAndGet(139)) - 1cd66e73-07f1-4729-a00f-873523f7ad93: start 1cd66e73-07f1-4729-a00f-873523f7ad93@group-1BF5799665A0-LeaderElection2
2022-06-24 23:45:07,058 [1cd66e73-07f1-4729-a00f-873523f7ad93@group-1BF5799665A0-LeaderElection2] INFO  impl.LeaderElection (LeaderElection.java:askForVotes(310)) - 1cd66e73-07f1-4729-a00f-873523f7ad93@group-1BF5799665A0-LeaderElection2 ELECTION round 0: submit vote requests at term 1 for -1: [1cd66e73-07f1-4729-a00f-873523f7ad93|rpc:10.1.0.24:46017|priority:0, 18423a42-f8bb-48b0-9845-301087e2fcde|rpc:10.1.0.24:45671|priority:1, c0c3f727-3a57-4cf2-9ef3-302a01638126|rpc:10.1.0.24:32921|priority:0], old=null
2022-06-24 23:45:07,090 [grpc-default-executor-1] INFO  server.RaftServer$Division (RaftServerImpl.java:requestVote(1152)) - c0c3f727-3a57-4cf2-9ef3-302a01638126@group-1BF5799665A0: receive requestVote(ELECTION, 1cd66e73-07f1-4729-a00f-873523f7ad93, group-1BF5799665A0, 1, (t:0, i:0))
2022-06-24 23:45:07,092 [grpc-default-executor-1] INFO  impl.VoteContext (VoteContext.java:log(48)) - c0c3f727-3a57-4cf2-9ef3-302a01638126@group-1BF5799665A0-FOLLOWER: accept ELECTION from 1cd66e73-07f1-4729-a00f-873523f7ad93: our priority 0 <= candidate's priority 0
2022-06-24 23:45:07,092 [grpc-default-executor-1] INFO  server.RaftServer$Division (RaftServerImpl.java:setRole(299)) - c0c3f727-3a57-4cf2-9ef3-302a01638126@group-1BF5799665A0: changes role from  FOLLOWER to FOLLOWER at term 1 for candidate:1cd66e73-07f1-4729-a00f-873523f7ad93
2022-06-24 23:45:07,092 [grpc-default-executor-1] INFO  impl.RoleInfo (RoleInfo.java:shutdownFollowerState(110)) - c0c3f727-3a57-4cf2-9ef3-302a01638126: shutdown c0c3f727-3a57-4cf2-9ef3-302a01638126@group-1BF5799665A0-FollowerState
2022-06-24 23:45:07,093 [grpc-default-executor-1] INFO  impl.RoleInfo (RoleInfo.java:updateAndGet(139)) - c0c3f727-3a57-4cf2-9ef3-302a01638126: start c0c3f727-3a57-4cf2-9ef3-302a01638126@group-1BF5799665A0-FollowerState
2022-06-24 23:45:07,093 [grpc-default-executor-0] INFO  server.RaftServer$Division (RaftServerImpl.java:requestVote(1152)) - 18423a42-f8bb-48b0-9845-301087e2fcde@group-1BF5799665A0: receive requestVote(ELECTION, 1cd66e73-07f1-4729-a00f-873523f7ad93, group-1BF5799665A0, 1, (t:0, i:0))
2022-06-24 23:45:07,093 [c0c3f727-3a57-4cf2-9ef3-302a01638126@group-1BF5799665A0-FollowerState] INFO  impl.FollowerState (FollowerState.java:run(152)) - c0c3f727-3a57-4cf2-9ef3-302a01638126@group-1BF5799665A0-FollowerState was interrupted
2022-06-24 23:45:07,093 [grpc-default-executor-0] INFO  impl.VoteContext (VoteContext.java:log(48)) - 18423a42-f8bb-48b0-9845-301087e2fcde@group-1BF5799665A0-FOLLOWER: reject ELECTION from 1cd66e73-07f1-4729-a00f-873523f7ad93: our priority 1 > candidate's priority 0
2022-06-24 23:45:07,099 [grpc-default-executor-0] INFO  server.RaftServer$Division (RaftServerImpl.java:setRole(299)) - 18423a42-f8bb-48b0-9845-301087e2fcde@group-1BF5799665A0: changes role from  FOLLOWER to FOLLOWER at term 1 for candidate:1cd66e73-07f1-4729-a00f-873523f7ad93
2022-06-24 23:45:07,100 [grpc-default-executor-0] INFO  impl.RoleInfo (RoleInfo.java:shutdownFollowerState(110)) - 18423a42-f8bb-48b0-9845-301087e2fcde: shutdown 18423a42-f8bb-48b0-9845-301087e2fcde@group-1BF5799665A0-FollowerState
2022-06-24 23:45:07,100 [grpc-default-executor-0] INFO  impl.RoleInfo (RoleInfo.java:updateAndGet(139)) - 18423a42-f8bb-48b0-9845-301087e2fcde: start 18423a42-f8bb-48b0-9845-301087e2fcde@group-1BF5799665A0-FollowerState
2022-06-24 23:45:07,101 [18423a42-f8bb-48b0-9845-301087e2fcde@group-1BF5799665A0-FollowerState] INFO  impl.FollowerState (FollowerState.java:run(152)) - 18423a42-f8bb-48b0-9845-301087e2fcde@group-1BF5799665A0-FollowerState was interrupted
2022-06-24 23:45:07,105 [grpc-default-executor-0] INFO  server.RaftServer$Division (RaftServerImpl.java:requestVote(1184)) - 18423a42-f8bb-48b0-9845-301087e2fcde@group-1BF5799665A0 replies to ELECTION vote request: 1cd66e73-07f1-4729-a00f-873523f7ad93<-18423a42-f8bb-48b0-9845-301087e2fcde#0:FAIL-t1. Peer's state: 18423a42-f8bb-48b0-9845-301087e2fcde@group-1BF5799665A0:t1, leader=null, voted=null, raftlog=18423a42-f8bb-48b0-9845-301087e2fcde@group-1BF5799665A0-SegmentedRaftLog:OPENED:c-1, conf=-1: [1cd66e73-07f1-4729-a00f-873523f7ad93|rpc:10.1.0.24:46017|priority:0, 18423a42-f8bb-48b0-9845-301087e2fcde|rpc:10.1.0.24:45671|priority:1, c0c3f727-3a57-4cf2-9ef3-302a01638126|rpc:10.1.0.24:32921|priority:0], old=null
2022-06-24 23:45:07,109 [1cd66e73-07f1-4729-a00f-873523f7ad93@group-1BF5799665A0-LeaderElection2] INFO  impl.LeaderElection (LeaderElection.java:logAndReturn(90)) - 1cd66e73-07f1-4729-a00f-873523f7ad93@group-1BF5799665A0-LeaderElection2: ELECTION REJECTED received 1 response(s) and 0 exception(s):
2022-06-24 23:45:07,109 [1cd66e73-07f1-4729-a00f-873523f7ad93@group-1BF5799665A0-LeaderElection2] INFO  impl.LeaderElection (LeaderElection.java:logAndReturn(94)) -   Response 0: 1cd66e73-07f1-4729-a00f-873523f7ad93<-18423a42-f8bb-48b0-9845-301087e2fcde#0:FAIL-t1
2022-06-24 23:45:07,110 [1cd66e73-07f1-4729-a00f-873523f7ad93@group-1BF5799665A0-LeaderElection2] INFO  impl.LeaderElection (LeaderElection.java:askForVotes(312)) - 1cd66e73-07f1-4729-a00f-873523f7ad93@group-1BF5799665A0-LeaderElection2 ELECTION round 0: result REJECTED
2022-06-24 23:45:07,110 [1cd66e73-07f1-4729-a00f-873523f7ad93@group-1BF5799665A0-LeaderElection2] INFO  server.RaftServer$Division (RaftServerImpl.java:setRole(299)) - 1cd66e73-07f1-4729-a00f-873523f7ad93@group-1BF5799665A0: changes role from CANDIDATE to FOLLOWER at term 1 for REJECTED
2022-06-24 23:45:07,110 [1cd66e73-07f1-4729-a00f-873523f7ad93@group-1BF5799665A0-LeaderElection2] INFO  impl.RoleInfo (RoleInfo.java:shutdownLeaderElection(130)) - 1cd66e73-07f1-4729-a00f-873523f7ad93: shutdown 1cd66e73-07f1-4729-a00f-873523f7ad93@group-1BF5799665A0-LeaderElection2
2022-06-24 23:45:07,110 [1cd66e73-07f1-4729-a00f-873523f7ad93@group-1BF5799665A0-LeaderElection2] INFO  impl.RoleInfo (RoleInfo.java:updateAndGet(139)) - 1cd66e73-07f1-4729-a00f-873523f7ad93: start 1cd66e73-07f1-4729-a00f-873523f7ad93@group-1BF5799665A0-FollowerState
2022-06-24 23:45:07,111 [grpc-default-executor-1] INFO  server.RaftServer$Division (RaftServerImpl.java:requestVote(1184)) - c0c3f727-3a57-4cf2-9ef3-302a01638126@group-1BF5799665A0 replies to ELECTION vote request: 1cd66e73-07f1-4729-a00f-873523f7ad93<-c0c3f727-3a57-4cf2-9ef3-302a01638126#0:OK-t1. Peer's state: c0c3f727-3a57-4cf2-9ef3-302a01638126@group-1BF5799665A0:t1, leader=null, voted=1cd66e73-07f1-4729-a00f-873523f7ad93, raftlog=c0c3f727-3a57-4cf2-9ef3-302a01638126@group-1BF5799665A0-SegmentedRaftLog:OPENED:c-1, conf=-1: [1cd66e73-07f1-4729-a00f-873523f7ad93|rpc:10.1.0.24:46017|dataStream:|priority:0, 18423a42-f8bb-48b0-9845-301087e2fcde|rpc:10.1.0.24:45671|dataStream:|priority:1, c0c3f727-3a57-4cf2-9ef3-302a01638126|rpc:10.1.0.24:32921|dataStream:|priority:0], old=null
2022-06-24 23:45:07,135 [1cd66e73-07f1-4729-a00f-873523f7ad93@group-948803C488C1-FollowerState] INFO  impl.FollowerState (FollowerState.java:run(143)) - 1cd66e73-07f1-4729-a00f-873523f7ad93@group-948803C488C1-FollowerState: change to CANDIDATE, lastRpcElapsedTime:5165780187ns, electionTimeout:5152ms
2022-06-24 23:45:07,135 [1cd66e73-07f1-4729-a00f-873523f7ad93@group-948803C488C1-FollowerState] INFO  impl.RoleInfo (RoleInfo.java:shutdownFollowerState(110)) - 1cd66e73-07f1-4729-a00f-873523f7ad93: shutdown 1cd66e73-07f1-4729-a00f-873523f7ad93@group-948803C488C1-FollowerState
2022-06-24 23:45:07,135 [1cd66e73-07f1-4729-a00f-873523f7ad93@group-948803C488C1-FollowerState] INFO  server.RaftServer$Division (RaftServerImpl.java:setRole(299)) - 1cd66e73-07f1-4729-a00f-873523f7ad93@group-948803C488C1: changes role from  FOLLOWER to CANDIDATE at term 0 for changeToCandidate
2022-06-24 23:45:07,135 [1cd66e73-07f1-4729-a00f-873523f7ad93@group-948803C488C1-FollowerState] INFO  server.RaftServerConfigKeys (ConfUtils.java:logGet(46)) - raft.server.leaderelection.pre-vote = false (custom)
2022-06-24 23:45:07,135 [1cd66e73-07f1-4729-a00f-873523f7ad93@group-948803C488C1-FollowerState] INFO  impl.RoleInfo (RoleInfo.java:updateAndGet(139)) - 1cd66e73-07f1-4729-a00f-873523f7ad93: start 1cd66e73-07f1-4729-a00f-873523f7ad93@group-948803C488C1-LeaderElection3
2022-06-24 23:45:07,143 [1cd66e73-07f1-4729-a00f-873523f7ad93@group-948803C488C1-LeaderElection3] INFO  impl.LeaderElection (LeaderElection.java:askForVotes(310)) - 1cd66e73-07f1-4729-a00f-873523f7ad93@group-948803C488C1-LeaderElection3 ELECTION round 0: submit vote requests at term 1 for -1: [1cd66e73-07f1-4729-a00f-873523f7ad93|rpc:10.1.0.24:46017|priority:1], old=null
2022-06-24 23:45:07,143 [1cd66e73-07f1-4729-a00f-873523f7ad93@group-948803C488C1-LeaderElection3] INFO  impl.LeaderElection (LeaderElection.java:askForVotes(312)) - 1cd66e73-07f1-4729-a00f-873523f7ad93@group-948803C488C1-LeaderElection3 ELECTION round 0: result PASSED (term=1)
2022-06-24 23:45:07,143 [1cd66e73-07f1-4729-a00f-873523f7ad93@group-948803C488C1-LeaderElection3] INFO  impl.RoleInfo (RoleInfo.java:shutdownLeaderElection(130)) - 1cd66e73-07f1-4729-a00f-873523f7ad93: shutdown 1cd66e73-07f1-4729-a00f-873523f7ad93@group-948803C488C1-LeaderElection3
2022-06-24 23:45:07,143 [1cd66e73-07f1-4729-a00f-873523f7ad93@group-948803C488C1-LeaderElection3] INFO  server.RaftServer$Division (RaftServerImpl.java:setRole(299)) - 1cd66e73-07f1-4729-a00f-873523f7ad93@group-948803C488C1: changes role from CANDIDATE to LEADER at term 1 for changeToLeader
2022-06-24 23:45:07,143 [1cd66e73-07f1-4729-a00f-873523f7ad93@group-948803C488C1-LeaderElection3] INFO  ratis.XceiverServerRatis (XceiverServerRatis.java:handleLeaderChangedNotification(863)) - Leader change notification received for group: group-948803C488C1 with new leaderId: 1cd66e73-07f1-4729-a00f-873523f7ad93
2022-06-24 23:45:07,143 [1cd66e73-07f1-4729-a00f-873523f7ad93@group-948803C488C1-LeaderElection3] INFO  server.RaftServer$Division (ServerState.java:setLeader(287)) - 1cd66e73-07f1-4729-a00f-873523f7ad93@group-948803C488C1: change Leader from null to 1cd66e73-07f1-4729-a00f-873523f7ad93 at term 1 for becomeLeader, leader elected after 5181ms
2022-06-24 23:45:07,144 [1cd66e73-07f1-4729-a00f-873523f7ad93@group-948803C488C1-LeaderElection3] INFO  server.RaftServerConfigKeys (ConfUtils.java:logGet(46)) - raft.server.staging.catchup.gap = 1000 (default)
2022-06-24 23:45:07,145 [1cd66e73-07f1-4729-a00f-873523f7ad93@group-948803C488C1-LeaderElection3] INFO  server.RaftServerConfigKeys (ConfUtils.java:logGet(46)) - raft.server.write.element-limit = 1024 (custom)
2022-06-24 23:45:07,145 [1cd66e73-07f1-4729-a00f-873523f7ad93@group-948803C488C1-LeaderElection3] INFO  server.RaftServerConfigKeys (ConfUtils.java:logGet(46)) - raft.server.write.byte-limit = 1024 M (=1073741824) (custom)
2022-06-24 23:45:07,146 [EventQueue-OpenPipelineForHealthyPipelineSafeModeRule] INFO  safemode.SCMSafeModeManager (HealthyPipelineSafeModeRule.java:process(124)) - SCM in safe mode. Healthy pipelines reported count is 0, required healthy pipeline reported count is 1
2022-06-24 23:45:07,146 [1cd66e73-07f1-4729-a00f-873523f7ad93@group-948803C488C1-LeaderElection3] INFO  server.RaftServerConfigKeys (ConfUtils.java:logGet(46)) - raft.server.watch.timeout = 180s (custom)
2022-06-24 23:45:07,146 [1cd66e73-07f1-4729-a00f-873523f7ad93@group-948803C488C1-LeaderElection3] INFO  server.RaftServerConfigKeys (ConfUtils.java:logGet(46)) - raft.server.watch.timeout.denomination = 1s (default)
2022-06-24 23:45:07,146 [1cd66e73-07f1-4729-a00f-873523f7ad93@group-948803C488C1-LeaderElection3] INFO  server.RaftServerConfigKeys (ConfUtils.java:logGet(46)) - raft.server.watch.element-limit = 65536 (default)
2022-06-24 23:45:07,146 [1cd66e73-07f1-4729-a00f-873523f7ad93@group-948803C488C1-LeaderElection3] INFO  server.RaftServerConfigKeys (ConfUtils.java:logGet(46)) - raft.server.write.element-limit = 1024 (custom)
2022-06-24 23:45:07,146 [1cd66e73-07f1-4729-a00f-873523f7ad93@group-948803C488C1-LeaderElection3] INFO  server.RaftServerConfigKeys (ConfUtils.java:logGet(46)) - raft.server.write.follower.gap.ratio.max = -1.0 (default)
2022-06-24 23:45:07,146 [1cd66e73-07f1-4729-a00f-873523f7ad93@group-948803C488C1-LeaderElection3] INFO  impl.RoleInfo (RoleInfo.java:updateAndGet(139)) - 1cd66e73-07f1-4729-a00f-873523f7ad93: start 1cd66e73-07f1-4729-a00f-873523f7ad93@group-948803C488C1-LeaderStateImpl
2022-06-24 23:45:07,147 [1cd66e73-07f1-4729-a00f-873523f7ad93@group-948803C488C1-LeaderElection3] INFO  segmented.SegmentedRaftLogWorker (SegmentedRaftLogWorker.java:startLogSegment(425)) - 1cd66e73-07f1-4729-a00f-873523f7ad93@group-948803C488C1-SegmentedRaftLogWorker: Starting segment from index:0
2022-06-24 23:45:07,148 [1cd66e73-07f1-4729-a00f-873523f7ad93@group-948803C488C1-SegmentedRaftLogWorker] INFO  segmented.SegmentedRaftLogWorker (SegmentedRaftLogWorker.java:execute(629)) - 1cd66e73-07f1-4729-a00f-873523f7ad93@group-948803C488C1-SegmentedRaftLogWorker: created new log segment /home/runner/work/ozone/ozone/hadoop-ozone/integration-test/target/test-dir/MiniOzoneClusterImpl-85de49eb-2ce1-4613-814a-bfb310a11337/datanode-0/data/ratis/d92e3780-5c7a-419a-9812-948803c488c1/current/log_inprogress_0
2022-06-24 23:45:07,149 [1cd66e73-07f1-4729-a00f-873523f7ad93@group-948803C488C1-LeaderElection3] INFO  server.RaftServer$Division (ServerState.java:setRaftConf(393)) - 1cd66e73-07f1-4729-a00f-873523f7ad93@group-948803C488C1: set configuration 0: [1cd66e73-07f1-4729-a00f-873523f7ad93|rpc:10.1.0.24:46017|dataStream:|priority:1], old=null
2022-06-24 23:45:07,490 [Listener at 127.0.0.1/44795] INFO  ozone.MiniOzoneClusterImpl (MiniOzoneClusterImpl.java:lambda$waitForClusterToBeReady$0(223)) - Nodes are ready. Got 5 of 5 DN Heartbeats.
2022-06-24 23:45:07,490 [Listener at 127.0.0.1/44795] INFO  ozone.MiniOzoneClusterImpl (MiniOzoneClusterImpl.java:lambda$waitForClusterToBeReady$0(226)) - Waiting for cluster to exit safe mode
2022-06-24 23:45:07,490 [Listener at 127.0.0.1/44795] INFO  ozone.MiniOzoneClusterImpl (MiniOzoneClusterImpl.java:lambda$waitForClusterToBeReady$0(228)) - SCM became leader
2022-06-24 23:45:07,627 [18423a42-f8bb-48b0-9845-301087e2fcde@group-FB7C752E7519-FollowerState] INFO  impl.FollowerState (FollowerState.java:run(143)) - 18423a42-f8bb-48b0-9845-301087e2fcde@group-FB7C752E7519-FollowerState: change to CANDIDATE, lastRpcElapsedTime:5081326990ns, electionTimeout:5080ms
2022-06-24 23:45:07,627 [18423a42-f8bb-48b0-9845-301087e2fcde@group-FB7C752E7519-FollowerState] INFO  impl.RoleInfo (RoleInfo.java:shutdownFollowerState(110)) - 18423a42-f8bb-48b0-9845-301087e2fcde: shutdown 18423a42-f8bb-48b0-9845-301087e2fcde@group-FB7C752E7519-FollowerState
2022-06-24 23:45:07,627 [18423a42-f8bb-48b0-9845-301087e2fcde@group-FB7C752E7519-FollowerState] INFO  server.RaftServer$Division (RaftServerImpl.java:setRole(299)) - 18423a42-f8bb-48b0-9845-301087e2fcde@group-FB7C752E7519: changes role from  FOLLOWER to CANDIDATE at term 0 for changeToCandidate
2022-06-24 23:45:07,627 [18423a42-f8bb-48b0-9845-301087e2fcde@group-FB7C752E7519-FollowerState] INFO  server.RaftServerConfigKeys (ConfUtils.java:logGet(46)) - raft.server.leaderelection.pre-vote = false (custom)
2022-06-24 23:45:07,627 [18423a42-f8bb-48b0-9845-301087e2fcde@group-FB7C752E7519-FollowerState] INFO  impl.RoleInfo (RoleInfo.java:updateAndGet(139)) - 18423a42-f8bb-48b0-9845-301087e2fcde: start 18423a42-f8bb-48b0-9845-301087e2fcde@group-FB7C752E7519-LeaderElection4
2022-06-24 23:45:07,631 [18423a42-f8bb-48b0-9845-301087e2fcde@group-FB7C752E7519-LeaderElection4] INFO  impl.LeaderElection (LeaderElection.java:askForVotes(310)) - 18423a42-f8bb-48b0-9845-301087e2fcde@group-FB7C752E7519-LeaderElection4 ELECTION round 0: submit vote requests at term 1 for -1: [18423a42-f8bb-48b0-9845-301087e2fcde|rpc:10.1.0.24:45671|priority:1], old=null
2022-06-24 23:45:07,632 [18423a42-f8bb-48b0-9845-301087e2fcde@group-FB7C752E7519-LeaderElection4] INFO  impl.LeaderElection (LeaderElection.java:askForVotes(312)) - 18423a42-f8bb-48b0-9845-301087e2fcde@group-FB7C752E7519-LeaderElection4 ELECTION round 0: result PASSED (term=1)
2022-06-24 23:45:07,632 [18423a42-f8bb-48b0-9845-301087e2fcde@group-FB7C752E7519-LeaderElection4] INFO  impl.RoleInfo (RoleInfo.java:shutdownLeaderElection(130)) - 18423a42-f8bb-48b0-9845-301087e2fcde: shutdown 18423a42-f8bb-48b0-9845-301087e2fcde@group-FB7C752E7519-LeaderElection4
2022-06-24 23:45:07,632 [18423a42-f8bb-48b0-9845-301087e2fcde@group-FB7C752E7519-LeaderElection4] INFO  server.RaftServer$Division (RaftServerImpl.java:setRole(299)) - 18423a42-f8bb-48b0-9845-301087e2fcde@group-FB7C752E7519: changes role from CANDIDATE to LEADER at term 1 for changeToLeader
2022-06-24 23:45:07,632 [18423a42-f8bb-48b0-9845-301087e2fcde@group-FB7C752E7519-LeaderElection4] INFO  ratis.XceiverServerRatis (XceiverServerRatis.java:handleLeaderChangedNotification(863)) - Leader change notification received for group: group-FB7C752E7519 with new leaderId: 18423a42-f8bb-48b0-9845-301087e2fcde
2022-06-24 23:45:07,632 [18423a42-f8bb-48b0-9845-301087e2fcde@group-FB7C752E7519-LeaderElection4] INFO  server.RaftServer$Division (ServerState.java:setLeader(287)) - 18423a42-f8bb-48b0-9845-301087e2fcde@group-FB7C752E7519: change Leader from null to 18423a42-f8bb-48b0-9845-301087e2fcde at term 1 for becomeLeader, leader elected after 5117ms
2022-06-24 23:45:07,632 [18423a42-f8bb-48b0-9845-301087e2fcde@group-FB7C752E7519-LeaderElection4] INFO  server.RaftServerConfigKeys (ConfUtils.java:logGet(46)) - raft.server.staging.catchup.gap = 1000 (default)
2022-06-24 23:45:07,633 [18423a42-f8bb-48b0-9845-301087e2fcde@group-FB7C752E7519-LeaderElection4] INFO  server.RaftServerConfigKeys (ConfUtils.java:logGet(46)) - raft.server.write.element-limit = 1024 (custom)
2022-06-24 23:45:07,633 [18423a42-f8bb-48b0-9845-301087e2fcde@group-FB7C752E7519-LeaderElection4] INFO  server.RaftServerConfigKeys (ConfUtils.java:logGet(46)) - raft.server.write.byte-limit = 1024 M (=1073741824) (custom)
2022-06-24 23:45:07,633 [18423a42-f8bb-48b0-9845-301087e2fcde@group-FB7C752E7519-LeaderElection4] INFO  server.RaftServerConfigKeys (ConfUtils.java:logGet(46)) - raft.server.watch.timeout = 180s (custom)
2022-06-24 23:45:07,633 [18423a42-f8bb-48b0-9845-301087e2fcde@group-FB7C752E7519-LeaderElection4] INFO  server.RaftServerConfigKeys (ConfUtils.java:logGet(46)) - raft.server.watch.timeout.denomination = 1s (default)
2022-06-24 23:45:07,633 [18423a42-f8bb-48b0-9845-301087e2fcde@group-FB7C752E7519-LeaderElection4] INFO  server.RaftServerConfigKeys (ConfUtils.java:logGet(46)) - raft.server.watch.element-limit = 65536 (default)
2022-06-24 23:45:07,634 [18423a42-f8bb-48b0-9845-301087e2fcde@group-FB7C752E7519-LeaderElection4] INFO  server.RaftServerConfigKeys (ConfUtils.java:logGet(46)) - raft.server.write.element-limit = 1024 (custom)
2022-06-24 23:45:07,634 [18423a42-f8bb-48b0-9845-301087e2fcde@group-FB7C752E7519-LeaderElection4] INFO  server.RaftServerConfigKeys (ConfUtils.java:logGet(46)) - raft.server.write.follower.gap.ratio.max = -1.0 (default)
2022-06-24 23:45:07,634 [18423a42-f8bb-48b0-9845-301087e2fcde@group-FB7C752E7519-LeaderElection4] INFO  impl.RoleInfo (RoleInfo.java:updateAndGet(139)) - 18423a42-f8bb-48b0-9845-301087e2fcde: start 18423a42-f8bb-48b0-9845-301087e2fcde@group-FB7C752E7519-LeaderStateImpl
2022-06-24 23:45:07,634 [18423a42-f8bb-48b0-9845-301087e2fcde@group-FB7C752E7519-LeaderElection4] INFO  segmented.SegmentedRaftLogWorker (SegmentedRaftLogWorker.java:startLogSegment(425)) - 18423a42-f8bb-48b0-9845-301087e2fcde@group-FB7C752E7519-SegmentedRaftLogWorker: Starting segment from index:0
2022-06-24 23:45:07,636 [EventQueue-OpenPipelineForHealthyPipelineSafeModeRule] INFO  safemode.SCMSafeModeManager (HealthyPipelineSafeModeRule.java:process(124)) - SCM in safe mode. Healthy pipelines reported count is 0, required healthy pipeline reported count is 1
2022-06-24 23:45:07,636 [18423a42-f8bb-48b0-9845-301087e2fcde@group-FB7C752E7519-SegmentedRaftLogWorker] INFO  segmented.SegmentedRaftLogWorker (SegmentedRaftLogWorker.java:execute(629)) - 18423a42-f8bb-48b0-9845-301087e2fcde@group-FB7C752E7519-SegmentedRaftLogWorker: created new log segment /home/runner/work/ozone/ozone/hadoop-ozone/integration-test/target/test-dir/MiniOzoneClusterImpl-85de49eb-2ce1-4613-814a-bfb310a11337/datanode-1/data/ratis/83151976-0cfc-4fcf-b184-fb7c752e7519/current/log_inprogress_0
2022-06-24 23:45:07,639 [18423a42-f8bb-48b0-9845-301087e2fcde@group-FB7C752E7519-LeaderElection4] INFO  server.RaftServer$Division (ServerState.java:setRaftConf(393)) - 18423a42-f8bb-48b0-9845-301087e2fcde@group-FB7C752E7519: set configuration 0: [18423a42-f8bb-48b0-9845-301087e2fcde|rpc:10.1.0.24:45671|dataStream:|priority:1], old=null
2022-06-24 23:45:07,762 [18423a42-f8bb-48b0-9845-301087e2fcde@group-776F56FA1288-FollowerState] INFO  impl.FollowerState (FollowerState.java:run(143)) - 18423a42-f8bb-48b0-9845-301087e2fcde@group-776F56FA1288-FollowerState: change to CANDIDATE, lastRpcElapsedTime:5010130941ns, electionTimeout:5003ms
2022-06-24 23:45:07,762 [18423a42-f8bb-48b0-9845-301087e2fcde@group-776F56FA1288-FollowerState] INFO  impl.RoleInfo (RoleInfo.java:shutdownFollowerState(110)) - 18423a42-f8bb-48b0-9845-301087e2fcde: shutdown 18423a42-f8bb-48b0-9845-301087e2fcde@group-776F56FA1288-FollowerState
2022-06-24 23:45:07,763 [18423a42-f8bb-48b0-9845-301087e2fcde@group-776F56FA1288-FollowerState] INFO  server.RaftServer$Division (RaftServerImpl.java:setRole(299)) - 18423a42-f8bb-48b0-9845-301087e2fcde@group-776F56FA1288: changes role from  FOLLOWER to CANDIDATE at term 0 for changeToCandidate
2022-06-24 23:45:07,763 [18423a42-f8bb-48b0-9845-301087e2fcde@group-776F56FA1288-FollowerState] INFO  server.RaftServerConfigKeys (ConfUtils.java:logGet(46)) - raft.server.leaderelection.pre-vote = false (custom)
2022-06-24 23:45:07,763 [18423a42-f8bb-48b0-9845-301087e2fcde@group-776F56FA1288-FollowerState] INFO  impl.RoleInfo (RoleInfo.java:updateAndGet(139)) - 18423a42-f8bb-48b0-9845-301087e2fcde: start 18423a42-f8bb-48b0-9845-301087e2fcde@group-776F56FA1288-LeaderElection5
2022-06-24 23:45:07,767 [18423a42-f8bb-48b0-9845-301087e2fcde@group-776F56FA1288-LeaderElection5] INFO  impl.LeaderElection (LeaderElection.java:askForVotes(310)) - 18423a42-f8bb-48b0-9845-301087e2fcde@group-776F56FA1288-LeaderElection5 ELECTION round 0: submit vote requests at term 1 for -1: [1cd66e73-07f1-4729-a00f-873523f7ad93|rpc:10.1.0.24:46017|priority:1, 18423a42-f8bb-48b0-9845-301087e2fcde|rpc:10.1.0.24:45671|priority:0, c0c3f727-3a57-4cf2-9ef3-302a01638126|rpc:10.1.0.24:32921|priority:0], old=null
2022-06-24 23:45:07,782 [grpc-default-executor-1] INFO  server.RaftServer$Division (RaftServerImpl.java:requestVote(1152)) - c0c3f727-3a57-4cf2-9ef3-302a01638126@group-776F56FA1288: receive requestVote(ELECTION, 18423a42-f8bb-48b0-9845-301087e2fcde, group-776F56FA1288, 1, (t:0, i:0))
2022-06-24 23:45:07,783 [grpc-default-executor-1] INFO  impl.VoteContext (VoteContext.java:log(48)) - c0c3f727-3a57-4cf2-9ef3-302a01638126@group-776F56FA1288-FOLLOWER: accept ELECTION from 18423a42-f8bb-48b0-9845-301087e2fcde: our priority 0 <= candidate's priority 0
2022-06-24 23:45:07,783 [grpc-default-executor-1] INFO  server.RaftServer$Division (RaftServerImpl.java:setRole(299)) - c0c3f727-3a57-4cf2-9ef3-302a01638126@group-776F56FA1288: changes role from  FOLLOWER to FOLLOWER at term 1 for candidate:18423a42-f8bb-48b0-9845-301087e2fcde
2022-06-24 23:45:07,783 [grpc-default-executor-1] INFO  impl.RoleInfo (RoleInfo.java:shutdownFollowerState(110)) - c0c3f727-3a57-4cf2-9ef3-302a01638126: shutdown c0c3f727-3a57-4cf2-9ef3-302a01638126@group-776F56FA1288-FollowerState
2022-06-24 23:45:07,783 [grpc-default-executor-1] INFO  impl.RoleInfo (RoleInfo.java:updateAndGet(139)) - c0c3f727-3a57-4cf2-9ef3-302a01638126: start c0c3f727-3a57-4cf2-9ef3-302a01638126@group-776F56FA1288-FollowerState
2022-06-24 23:45:07,783 [c0c3f727-3a57-4cf2-9ef3-302a01638126@group-776F56FA1288-FollowerState] INFO  impl.FollowerState (FollowerState.java:run(152)) - c0c3f727-3a57-4cf2-9ef3-302a01638126@group-776F56FA1288-FollowerState was interrupted
2022-06-24 23:45:07,794 [grpc-default-executor-0] INFO  server.RaftServer$Division (RaftServerImpl.java:requestVote(1152)) - 1cd66e73-07f1-4729-a00f-873523f7ad93@group-776F56FA1288: receive requestVote(ELECTION, 18423a42-f8bb-48b0-9845-301087e2fcde, group-776F56FA1288, 1, (t:0, i:0))
2022-06-24 23:45:07,794 [grpc-default-executor-1] INFO  server.RaftServer$Division (RaftServerImpl.java:requestVote(1184)) - c0c3f727-3a57-4cf2-9ef3-302a01638126@group-776F56FA1288 replies to ELECTION vote request: 18423a42-f8bb-48b0-9845-301087e2fcde<-c0c3f727-3a57-4cf2-9ef3-302a01638126#0:OK-t1. Peer's state: c0c3f727-3a57-4cf2-9ef3-302a01638126@group-776F56FA1288:t1, leader=null, voted=18423a42-f8bb-48b0-9845-301087e2fcde, raftlog=c0c3f727-3a57-4cf2-9ef3-302a01638126@group-776F56FA1288-SegmentedRaftLog:OPENED:c-1, conf=-1: [1cd66e73-07f1-4729-a00f-873523f7ad93|rpc:10.1.0.24:46017|dataStream:|priority:1, 18423a42-f8bb-48b0-9845-301087e2fcde|rpc:10.1.0.24:45671|dataStream:|priority:0, c0c3f727-3a57-4cf2-9ef3-302a01638126|rpc:10.1.0.24:32921|dataStream:|priority:0], old=null
2022-06-24 23:45:07,794 [grpc-default-executor-0] INFO  impl.VoteContext (VoteContext.java:log(48)) - 1cd66e73-07f1-4729-a00f-873523f7ad93@group-776F56FA1288-FOLLOWER: reject ELECTION from 18423a42-f8bb-48b0-9845-301087e2fcde: our priority 1 > candidate's priority 0
2022-06-24 23:45:07,795 [grpc-default-executor-0] INFO  server.RaftServer$Division (RaftServerImpl.java:setRole(299)) - 1cd66e73-07f1-4729-a00f-873523f7ad93@group-776F56FA1288: changes role from  FOLLOWER to FOLLOWER at term 1 for candidate:18423a42-f8bb-48b0-9845-301087e2fcde
2022-06-24 23:45:07,795 [grpc-default-executor-0] INFO  impl.RoleInfo (RoleInfo.java:shutdownFollowerState(110)) - 1cd66e73-07f1-4729-a00f-873523f7ad93: shutdown 1cd66e73-07f1-4729-a00f-873523f7ad93@group-776F56FA1288-FollowerState
2022-06-24 23:45:07,795 [grpc-default-executor-0] INFO  impl.RoleInfo (RoleInfo.java:updateAndGet(139)) - 1cd66e73-07f1-4729-a00f-873523f7ad93: start 1cd66e73-07f1-4729-a00f-873523f7ad93@group-776F56FA1288-FollowerState
2022-06-24 23:45:07,795 [1cd66e73-07f1-4729-a00f-873523f7ad93@group-776F56FA1288-FollowerState] INFO  impl.FollowerState (FollowerState.java:run(152)) - 1cd66e73-07f1-4729-a00f-873523f7ad93@group-776F56FA1288-FollowerState was interrupted
2022-06-24 23:45:07,797 [grpc-default-executor-0] INFO  server.RaftServer$Division (RaftServerImpl.java:requestVote(1184)) - 1cd66e73-07f1-4729-a00f-873523f7ad93@group-776F56FA1288 replies to ELECTION vote request: 18423a42-f8bb-48b0-9845-301087e2fcde<-1cd66e73-07f1-4729-a00f-873523f7ad93#0:FAIL-t1. Peer's state: 1cd66e73-07f1-4729-a00f-873523f7ad93@group-776F56FA1288:t1, leader=null, voted=null, raftlog=1cd66e73-07f1-4729-a00f-873523f7ad93@group-776F56FA1288-SegmentedRaftLog:OPENED:c-1, conf=-1: [1cd66e73-07f1-4729-a00f-873523f7ad93|rpc:10.1.0.24:46017|priority:1, 18423a42-f8bb-48b0-9845-301087e2fcde|rpc:10.1.0.24:45671|priority:0, c0c3f727-3a57-4cf2-9ef3-302a01638126|rpc:10.1.0.24:32921|priority:0], old=null
2022-06-24 23:45:07,798 [18423a42-f8bb-48b0-9845-301087e2fcde@group-776F56FA1288-LeaderElection5] INFO  impl.LeaderElection (LeaderElection.java:logAndReturn(90)) - 18423a42-f8bb-48b0-9845-301087e2fcde@group-776F56FA1288-LeaderElection5: ELECTION REJECTED received 2 response(s) and 0 exception(s):
2022-06-24 23:45:07,798 [18423a42-f8bb-48b0-9845-301087e2fcde@group-776F56FA1288-LeaderElection5] INFO  impl.LeaderElection (LeaderElection.java:logAndReturn(94)) -   Response 0: 18423a42-f8bb-48b0-9845-301087e2fcde<-1cd66e73-07f1-4729-a00f-873523f7ad93#0:FAIL-t1
2022-06-24 23:45:07,798 [18423a42-f8bb-48b0-9845-301087e2fcde@group-776F56FA1288-LeaderElection5] INFO  impl.LeaderElection (LeaderElection.java:logAndReturn(94)) -   Response 1: 18423a42-f8bb-48b0-9845-301087e2fcde<-c0c3f727-3a57-4cf2-9ef3-302a01638126#0:OK-t1
2022-06-24 23:45:07,798 [18423a42-f8bb-48b0-9845-301087e2fcde@group-776F56FA1288-LeaderElection5] INFO  impl.LeaderElection (LeaderElection.java:askForVotes(312)) - 18423a42-f8bb-48b0-9845-301087e2fcde@group-776F56FA1288-LeaderElection5 ELECTION round 0: result REJECTED
2022-06-24 23:45:07,798 [18423a42-f8bb-48b0-9845-301087e2fcde@group-776F56FA1288-LeaderElection5] INFO  server.RaftServer$Division (RaftServerImpl.java:setRole(299)) - 18423a42-f8bb-48b0-9845-301087e2fcde@group-776F56FA1288: changes role from CANDIDATE to FOLLOWER at term 1 for REJECTED
2022-06-24 23:45:07,798 [18423a42-f8bb-48b0-9845-301087e2fcde@group-776F56FA1288-LeaderElection5] INFO  impl.RoleInfo (RoleInfo.java:shutdownLeaderElection(130)) - 18423a42-f8bb-48b0-9845-301087e2fcde: shutdown 18423a42-f8bb-48b0-9845-301087e2fcde@group-776F56FA1288-LeaderElection5
2022-06-24 23:45:07,798 [18423a42-f8bb-48b0-9845-301087e2fcde@group-776F56FA1288-LeaderElection5] INFO  impl.RoleInfo (RoleInfo.java:updateAndGet(139)) - 18423a42-f8bb-48b0-9845-301087e2fcde: start 18423a42-f8bb-48b0-9845-301087e2fcde@group-776F56FA1288-FollowerState
2022-06-24 23:45:08,056 [c0c3f727-3a57-4cf2-9ef3-302a01638126@group-9499243C0D3B-FollowerState] INFO  impl.FollowerState (FollowerState.java:run(143)) - c0c3f727-3a57-4cf2-9ef3-302a01638126@group-9499243C0D3B-FollowerState: change to CANDIDATE, lastRpcElapsedTime:5165459258ns, electionTimeout:5165ms
2022-06-24 23:45:08,057 [c0c3f727-3a57-4cf2-9ef3-302a01638126@group-9499243C0D3B-FollowerState] INFO  impl.RoleInfo (RoleInfo.java:shutdownFollowerState(110)) - c0c3f727-3a57-4cf2-9ef3-302a01638126: shutdown c0c3f727-3a57-4cf2-9ef3-302a01638126@group-9499243C0D3B-FollowerState
2022-06-24 23:45:08,058 [c0c3f727-3a57-4cf2-9ef3-302a01638126@group-9499243C0D3B-FollowerState] INFO  server.RaftServer$Division (RaftServerImpl.java:setRole(299)) - c0c3f727-3a57-4cf2-9ef3-302a01638126@group-9499243C0D3B: changes role from  FOLLOWER to CANDIDATE at term 0 for changeToCandidate
2022-06-24 23:45:08,058 [c0c3f727-3a57-4cf2-9ef3-302a01638126@group-9499243C0D3B-FollowerState] INFO  server.RaftServerConfigKeys (ConfUtils.java:logGet(46)) - raft.server.leaderelection.pre-vote = false (custom)
2022-06-24 23:45:08,058 [c0c3f727-3a57-4cf2-9ef3-302a01638126@group-9499243C0D3B-FollowerState] INFO  impl.RoleInfo (RoleInfo.java:updateAndGet(139)) - c0c3f727-3a57-4cf2-9ef3-302a01638126: start c0c3f727-3a57-4cf2-9ef3-302a01638126@group-9499243C0D3B-LeaderElection6
2022-06-24 23:45:08,061 [c0c3f727-3a57-4cf2-9ef3-302a01638126@group-9499243C0D3B-LeaderElection6] INFO  impl.LeaderElection (LeaderElection.java:askForVotes(310)) - c0c3f727-3a57-4cf2-9ef3-302a01638126@group-9499243C0D3B-LeaderElection6 ELECTION round 0: submit vote requests at term 1 for -1: [c0c3f727-3a57-4cf2-9ef3-302a01638126|rpc:10.1.0.24:32921|priority:1], old=null
2022-06-24 23:45:08,061 [c0c3f727-3a57-4cf2-9ef3-302a01638126@group-9499243C0D3B-LeaderElection6] INFO  impl.LeaderElection (LeaderElection.java:askForVotes(312)) - c0c3f727-3a57-4cf2-9ef3-302a01638126@group-9499243C0D3B-LeaderElection6 ELECTION round 0: result PASSED (term=1)
2022-06-24 23:45:08,062 [c0c3f727-3a57-4cf2-9ef3-302a01638126@group-9499243C0D3B-LeaderElection6] INFO  impl.RoleInfo (RoleInfo.java:shutdownLeaderElection(130)) - c0c3f727-3a57-4cf2-9ef3-302a01638126: shutdown c0c3f727-3a57-4cf2-9ef3-302a01638126@group-9499243C0D3B-LeaderElection6
2022-06-24 23:45:08,062 [c0c3f727-3a57-4cf2-9ef3-302a01638126@group-9499243C0D3B-LeaderElection6] INFO  server.RaftServer$Division (RaftServerImpl.java:setRole(299)) - c0c3f727-3a57-4cf2-9ef3-302a01638126@group-9499243C0D3B: changes role from CANDIDATE to LEADER at term 1 for changeToLeader
2022-06-24 23:45:08,062 [c0c3f727-3a57-4cf2-9ef3-302a01638126@group-9499243C0D3B-LeaderElection6] INFO  ratis.XceiverServerRatis (XceiverServerRatis.java:handleLeaderChangedNotification(863)) - Leader change notification received for group: group-9499243C0D3B with new leaderId: c0c3f727-3a57-4cf2-9ef3-302a01638126
2022-06-24 23:45:08,062 [c0c3f727-3a57-4cf2-9ef3-302a01638126@group-9499243C0D3B-LeaderElection6] INFO  server.RaftServer$Division (ServerState.java:setLeader(287)) - c0c3f727-3a57-4cf2-9ef3-302a01638126@group-9499243C0D3B: change Leader from null to c0c3f727-3a57-4cf2-9ef3-302a01638126 at term 1 for becomeLeader, leader elected after 5191ms
2022-06-24 23:45:08,062 [c0c3f727-3a57-4cf2-9ef3-302a01638126@group-9499243C0D3B-LeaderElection6] INFO  server.RaftServerConfigKeys (ConfUtils.java:logGet(46)) - raft.server.staging.catchup.gap = 1000 (default)
2022-06-24 23:45:08,063 [c0c3f727-3a57-4cf2-9ef3-302a01638126@group-9499243C0D3B-LeaderElection6] INFO  server.RaftServerConfigKeys (ConfUtils.java:logGet(46)) - raft.server.write.element-limit = 1024 (custom)
2022-06-24 23:45:08,063 [c0c3f727-3a57-4cf2-9ef3-302a01638126@group-9499243C0D3B-LeaderElection6] INFO  server.RaftServerConfigKeys (ConfUtils.java:logGet(46)) - raft.server.write.byte-limit = 1024 M (=1073741824) (custom)
2022-06-24 23:45:08,063 [c0c3f727-3a57-4cf2-9ef3-302a01638126@group-9499243C0D3B-LeaderElection6] INFO  server.RaftServerConfigKeys (ConfUtils.java:logGet(46)) - raft.server.watch.timeout = 180s (custom)
2022-06-24 23:45:08,063 [c0c3f727-3a57-4cf2-9ef3-302a01638126@group-9499243C0D3B-LeaderElection6] INFO  server.RaftServerConfigKeys (ConfUtils.java:logGet(46)) - raft.server.watch.timeout.denomination = 1s (default)
2022-06-24 23:45:08,063 [c0c3f727-3a57-4cf2-9ef3-302a01638126@group-9499243C0D3B-LeaderElection6] INFO  server.RaftServerConfigKeys (ConfUtils.java:logGet(46)) - raft.server.watch.element-limit = 65536 (default)
2022-06-24 23:45:08,063 [c0c3f727-3a57-4cf2-9ef3-302a01638126@group-9499243C0D3B-LeaderElection6] INFO  server.RaftServerConfigKeys (ConfUtils.java:logGet(46)) - raft.server.write.element-limit = 1024 (custom)
2022-06-24 23:45:08,063 [c0c3f727-3a57-4cf2-9ef3-302a01638126@group-9499243C0D3B-LeaderElection6] INFO  server.RaftServerConfigKeys (ConfUtils.java:logGet(46)) - raft.server.write.follower.gap.ratio.max = -1.0 (default)
2022-06-24 23:45:08,063 [c0c3f727-3a57-4cf2-9ef3-302a01638126@group-9499243C0D3B-LeaderElection6] INFO  impl.RoleInfo (RoleInfo.java:updateAndGet(139)) - c0c3f727-3a57-4cf2-9ef3-302a01638126: start c0c3f727-3a57-4cf2-9ef3-302a01638126@group-9499243C0D3B-LeaderStateImpl
2022-06-24 23:45:08,064 [c0c3f727-3a57-4cf2-9ef3-302a01638126@group-9499243C0D3B-LeaderElection6] INFO  segmented.SegmentedRaftLogWorker (SegmentedRaftLogWorker.java:startLogSegment(425)) - c0c3f727-3a57-4cf2-9ef3-302a01638126@group-9499243C0D3B-SegmentedRaftLogWorker: Starting segment from index:0
2022-06-24 23:45:08,064 [EventQueue-OpenPipelineForHealthyPipelineSafeModeRule] INFO  safemode.SCMSafeModeManager (HealthyPipelineSafeModeRule.java:process(124)) - SCM in safe mode. Healthy pipelines reported count is 0, required healthy pipeline reported count is 1
2022-06-24 23:45:08,067 [c0c3f727-3a57-4cf2-9ef3-302a01638126@group-9499243C0D3B-SegmentedRaftLogWorker] INFO  segmented.SegmentedRaftLogWorker (SegmentedRaftLogWorker.java:execute(629)) - c0c3f727-3a57-4cf2-9ef3-302a01638126@group-9499243C0D3B-SegmentedRaftLogWorker: created new log segment /home/runner/work/ozone/ozone/hadoop-ozone/integration-test/target/test-dir/MiniOzoneClusterImpl-85de49eb-2ce1-4613-814a-bfb310a11337/datanode-2/data/ratis/981b9a80-7b1b-4242-a17c-9499243c0d3b/current/log_inprogress_0
2022-06-24 23:45:08,068 [c0c3f727-3a57-4cf2-9ef3-302a01638126@group-9499243C0D3B-LeaderElection6] INFO  server.RaftServer$Division (ServerState.java:setRaftConf(393)) - c0c3f727-3a57-4cf2-9ef3-302a01638126@group-9499243C0D3B: set configuration 0: [c0c3f727-3a57-4cf2-9ef3-302a01638126|rpc:10.1.0.24:32921|dataStream:|priority:1], old=null
2022-06-24 23:45:08,258 [81e412cb-c007-41b2-a8bf-200042a7632d@group-A23E767A082C-FollowerState] INFO  impl.FollowerState (FollowerState.java:run(143)) - 81e412cb-c007-41b2-a8bf-200042a7632d@group-A23E767A082C-FollowerState: change to CANDIDATE, lastRpcElapsedTime:5050675752ns, electionTimeout:5049ms
2022-06-24 23:45:08,258 [81e412cb-c007-41b2-a8bf-200042a7632d@group-A23E767A082C-FollowerState] INFO  impl.RoleInfo (RoleInfo.java:shutdownFollowerState(110)) - 81e412cb-c007-41b2-a8bf-200042a7632d: shutdown 81e412cb-c007-41b2-a8bf-200042a7632d@group-A23E767A082C-FollowerState
2022-06-24 23:45:08,258 [81e412cb-c007-41b2-a8bf-200042a7632d@group-A23E767A082C-FollowerState] INFO  server.RaftServer$Division (RaftServerImpl.java:setRole(299)) - 81e412cb-c007-41b2-a8bf-200042a7632d@group-A23E767A082C: changes role from  FOLLOWER to CANDIDATE at term 0 for changeToCandidate
2022-06-24 23:45:08,258 [81e412cb-c007-41b2-a8bf-200042a7632d@group-A23E767A082C-FollowerState] INFO  server.RaftServerConfigKeys (ConfUtils.java:logGet(46)) - raft.server.leaderelection.pre-vote = false (custom)
2022-06-24 23:45:08,258 [81e412cb-c007-41b2-a8bf-200042a7632d@group-A23E767A082C-FollowerState] INFO  impl.RoleInfo (RoleInfo.java:updateAndGet(139)) - 81e412cb-c007-41b2-a8bf-200042a7632d: start 81e412cb-c007-41b2-a8bf-200042a7632d@group-A23E767A082C-LeaderElection7
2022-06-24 23:45:08,263 [81e412cb-c007-41b2-a8bf-200042a7632d@group-A23E767A082C-LeaderElection7] INFO  impl.LeaderElection (LeaderElection.java:askForVotes(310)) - 81e412cb-c007-41b2-a8bf-200042a7632d@group-A23E767A082C-LeaderElection7 ELECTION round 0: submit vote requests at term 1 for -1: [81e412cb-c007-41b2-a8bf-200042a7632d|rpc:10.1.0.24:40693|priority:1], old=null
2022-06-24 23:45:08,263 [81e412cb-c007-41b2-a8bf-200042a7632d@group-A23E767A082C-LeaderElection7] INFO  impl.LeaderElection (LeaderElection.java:askForVotes(312)) - 81e412cb-c007-41b2-a8bf-200042a7632d@group-A23E767A082C-LeaderElection7 ELECTION round 0: result PASSED (term=1)
2022-06-24 23:45:08,263 [81e412cb-c007-41b2-a8bf-200042a7632d@group-A23E767A082C-LeaderElection7] INFO  impl.RoleInfo (RoleInfo.java:shutdownLeaderElection(130)) - 81e412cb-c007-41b2-a8bf-200042a7632d: shutdown 81e412cb-c007-41b2-a8bf-200042a7632d@group-A23E767A082C-LeaderElection7
2022-06-24 23:45:08,263 [81e412cb-c007-41b2-a8bf-200042a7632d@group-A23E767A082C-LeaderElection7] INFO  server.RaftServer$Division (RaftServerImpl.java:setRole(299)) - 81e412cb-c007-41b2-a8bf-200042a7632d@group-A23E767A082C: changes role from CANDIDATE to LEADER at term 1 for changeToLeader
2022-06-24 23:45:08,263 [81e412cb-c007-41b2-a8bf-200042a7632d@group-A23E767A082C-LeaderElection7] INFO  ratis.XceiverServerRatis (XceiverServerRatis.java:handleLeaderChangedNotification(863)) - Leader change notification received for group: group-A23E767A082C with new leaderId: 81e412cb-c007-41b2-a8bf-200042a7632d
2022-06-24 23:45:08,263 [81e412cb-c007-41b2-a8bf-200042a7632d@group-A23E767A082C-LeaderElection7] INFO  server.RaftServer$Division (ServerState.java:setLeader(287)) - 81e412cb-c007-41b2-a8bf-200042a7632d@group-A23E767A082C: change Leader from null to 81e412cb-c007-41b2-a8bf-200042a7632d at term 1 for becomeLeader, leader elected after 5066ms
2022-06-24 23:45:08,263 [81e412cb-c007-41b2-a8bf-200042a7632d@group-A23E767A082C-LeaderElection7] INFO  server.RaftServerConfigKeys (ConfUtils.java:logGet(46)) - raft.server.staging.catchup.gap = 1000 (default)
2022-06-24 23:45:08,264 [81e412cb-c007-41b2-a8bf-200042a7632d@group-A23E767A082C-LeaderElection7] INFO  server.RaftServerConfigKeys (ConfUtils.java:logGet(46)) - raft.server.write.element-limit = 1024 (custom)
2022-06-24 23:45:08,264 [81e412cb-c007-41b2-a8bf-200042a7632d@group-A23E767A082C-LeaderElection7] INFO  server.RaftServerConfigKeys (ConfUtils.java:logGet(46)) - raft.server.write.byte-limit = 1024 M (=1073741824) (custom)
2022-06-24 23:45:08,264 [81e412cb-c007-41b2-a8bf-200042a7632d@group-A23E767A082C-LeaderElection7] INFO  server.RaftServerConfigKeys (ConfUtils.java:logGet(46)) - raft.server.watch.timeout = 180s (custom)
2022-06-24 23:45:08,264 [81e412cb-c007-41b2-a8bf-200042a7632d@group-A23E767A082C-LeaderElection7] INFO  server.RaftServerConfigKeys (ConfUtils.java:logGet(46)) - raft.server.watch.timeout.denomination = 1s (default)
2022-06-24 23:45:08,264 [81e412cb-c007-41b2-a8bf-200042a7632d@group-A23E767A082C-LeaderElection7] INFO  server.RaftServerConfigKeys (ConfUtils.java:logGet(46)) - raft.server.watch.element-limit = 65536 (default)
2022-06-24 23:45:08,264 [81e412cb-c007-41b2-a8bf-200042a7632d@group-A23E767A082C-LeaderElection7] INFO  server.RaftServerConfigKeys (ConfUtils.java:logGet(46)) - raft.server.write.element-limit = 1024 (custom)
2022-06-24 23:45:08,265 [EventQueue-OpenPipelineForHealthyPipelineSafeModeRule] INFO  safemode.SCMSafeModeManager (HealthyPipelineSafeModeRule.java:process(124)) - SCM in safe mode. Healthy pipelines reported count is 0, required healthy pipeline reported count is 1
2022-06-24 23:45:08,265 [81e412cb-c007-41b2-a8bf-200042a7632d@group-A23E767A082C-LeaderElection7] INFO  server.RaftServerConfigKeys (ConfUtils.java:logGet(46)) - raft.server.write.follower.gap.ratio.max = -1.0 (default)
2022-06-24 23:45:08,265 [81e412cb-c007-41b2-a8bf-200042a7632d@group-A23E767A082C-LeaderElection7] INFO  impl.RoleInfo (RoleInfo.java:updateAndGet(139)) - 81e412cb-c007-41b2-a8bf-200042a7632d: start 81e412cb-c007-41b2-a8bf-200042a7632d@group-A23E767A082C-LeaderStateImpl
2022-06-24 23:45:08,265 [81e412cb-c007-41b2-a8bf-200042a7632d@group-A23E767A082C-LeaderElection7] INFO  segmented.SegmentedRaftLogWorker (SegmentedRaftLogWorker.java:startLogSegment(425)) - 81e412cb-c007-41b2-a8bf-200042a7632d@group-A23E767A082C-SegmentedRaftLogWorker: Starting segment from index:0
2022-06-24 23:45:08,267 [81e412cb-c007-41b2-a8bf-200042a7632d@group-A23E767A082C-SegmentedRaftLogWorker] INFO  segmented.SegmentedRaftLogWorker (SegmentedRaftLogWorker.java:execute(629)) - 81e412cb-c007-41b2-a8bf-200042a7632d@group-A23E767A082C-SegmentedRaftLogWorker: created new log segment /home/runner/work/ozone/ozone/hadoop-ozone/integration-test/target/test-dir/MiniOzoneClusterImpl-85de49eb-2ce1-4613-814a-bfb310a11337/datanode-3/data/ratis/9c6f29b1-61b3-418c-a7c4-a23e767a082c/current/log_inprogress_0
2022-06-24 23:45:08,267 [81e412cb-c007-41b2-a8bf-200042a7632d@group-A23E767A082C-LeaderElection7] INFO  server.RaftServer$Division (ServerState.java:setRaftConf(393)) - 81e412cb-c007-41b2-a8bf-200042a7632d@group-A23E767A082C: set configuration 0: [81e412cb-c007-41b2-a8bf-200042a7632d|rpc:10.1.0.24:40693|dataStream:|priority:1], old=null
2022-06-24 23:45:08,490 [Listener at 127.0.0.1/44795] INFO  ozone.MiniOzoneClusterImpl (MiniOzoneClusterImpl.java:lambda$waitForClusterToBeReady$0(223)) - Nodes are ready. Got 5 of 5 DN Heartbeats.
2022-06-24 23:45:08,491 [Listener at 127.0.0.1/44795] INFO  ozone.MiniOzoneClusterImpl (MiniOzoneClusterImpl.java:lambda$waitForClusterToBeReady$0(226)) - Waiting for cluster to exit safe mode
2022-06-24 23:45:08,491 [Listener at 127.0.0.1/44795] INFO  ozone.MiniOzoneClusterImpl (MiniOzoneClusterImpl.java:lambda$waitForClusterToBeReady$0(228)) - SCM became leader
2022-06-24 23:45:08,692 [195e3a17-4c6d-4f40-b013-a6f8b27716a1@group-8ABC1D4E2A2A-FollowerState] INFO  impl.FollowerState (FollowerState.java:run(143)) - 195e3a17-4c6d-4f40-b013-a6f8b27716a1@group-8ABC1D4E2A2A-FollowerState: change to CANDIDATE, lastRpcElapsedTime:5176043651ns, electionTimeout:5175ms
2022-06-24 23:45:08,692 [195e3a17-4c6d-4f40-b013-a6f8b27716a1@group-8ABC1D4E2A2A-FollowerState] INFO  impl.RoleInfo (RoleInfo.java:shutdownFollowerState(110)) - 195e3a17-4c6d-4f40-b013-a6f8b27716a1: shutdown 195e3a17-4c6d-4f40-b013-a6f8b27716a1@group-8ABC1D4E2A2A-FollowerState
2022-06-24 23:45:08,692 [195e3a17-4c6d-4f40-b013-a6f8b27716a1@group-8ABC1D4E2A2A-FollowerState] INFO  server.RaftServer$Division (RaftServerImpl.java:setRole(299)) - 195e3a17-4c6d-4f40-b013-a6f8b27716a1@group-8ABC1D4E2A2A: changes role from  FOLLOWER to CANDIDATE at term 0 for changeToCandidate
2022-06-24 23:45:08,692 [195e3a17-4c6d-4f40-b013-a6f8b27716a1@group-8ABC1D4E2A2A-FollowerState] INFO  server.RaftServerConfigKeys (ConfUtils.java:logGet(46)) - raft.server.leaderelection.pre-vote = false (custom)
2022-06-24 23:45:08,692 [195e3a17-4c6d-4f40-b013-a6f8b27716a1@group-8ABC1D4E2A2A-FollowerState] INFO  impl.RoleInfo (RoleInfo.java:updateAndGet(139)) - 195e3a17-4c6d-4f40-b013-a6f8b27716a1: start 195e3a17-4c6d-4f40-b013-a6f8b27716a1@group-8ABC1D4E2A2A-LeaderElection8
2022-06-24 23:45:08,696 [195e3a17-4c6d-4f40-b013-a6f8b27716a1@group-8ABC1D4E2A2A-LeaderElection8] INFO  impl.LeaderElection (LeaderElection.java:askForVotes(310)) - 195e3a17-4c6d-4f40-b013-a6f8b27716a1@group-8ABC1D4E2A2A-LeaderElection8 ELECTION round 0: submit vote requests at term 1 for -1: [195e3a17-4c6d-4f40-b013-a6f8b27716a1|rpc:10.1.0.24:38197|priority:1], old=null
2022-06-24 23:45:08,696 [195e3a17-4c6d-4f40-b013-a6f8b27716a1@group-8ABC1D4E2A2A-LeaderElection8] INFO  impl.LeaderElection (LeaderElection.java:askForVotes(312)) - 195e3a17-4c6d-4f40-b013-a6f8b27716a1@group-8ABC1D4E2A2A-LeaderElection8 ELECTION round 0: result PASSED (term=1)
2022-06-24 23:45:08,696 [195e3a17-4c6d-4f40-b013-a6f8b27716a1@group-8ABC1D4E2A2A-LeaderElection8] INFO  impl.RoleInfo (RoleInfo.java:shutdownLeaderElection(130)) - 195e3a17-4c6d-4f40-b013-a6f8b27716a1: shutdown 195e3a17-4c6d-4f40-b013-a6f8b27716a1@group-8ABC1D4E2A2A-LeaderElection8
2022-06-24 23:45:08,696 [195e3a17-4c6d-4f40-b013-a6f8b27716a1@group-8ABC1D4E2A2A-LeaderElection8] INFO  server.RaftServer$Division (RaftServerImpl.java:setRole(299)) - 195e3a17-4c6d-4f40-b013-a6f8b27716a1@group-8ABC1D4E2A2A: changes role from CANDIDATE to LEADER at term 1 for changeToLeader
2022-06-24 23:45:08,697 [195e3a17-4c6d-4f40-b013-a6f8b27716a1@group-8ABC1D4E2A2A-LeaderElection8] INFO  ratis.XceiverServerRatis (XceiverServerRatis.java:handleLeaderChangedNotification(863)) - Leader change notification received for group: group-8ABC1D4E2A2A with new leaderId: 195e3a17-4c6d-4f40-b013-a6f8b27716a1
2022-06-24 23:45:08,699 [195e3a17-4c6d-4f40-b013-a6f8b27716a1@group-8ABC1D4E2A2A-LeaderElection8] INFO  server.RaftServer$Division (ServerState.java:setLeader(287)) - 195e3a17-4c6d-4f40-b013-a6f8b27716a1@group-8ABC1D4E2A2A: change Leader from null to 195e3a17-4c6d-4f40-b013-a6f8b27716a1 at term 1 for becomeLeader, leader elected after 5192ms
2022-06-24 23:45:08,699 [195e3a17-4c6d-4f40-b013-a6f8b27716a1@group-8ABC1D4E2A2A-LeaderElection8] INFO  server.RaftServerConfigKeys (ConfUtils.java:logGet(46)) - raft.server.staging.catchup.gap = 1000 (default)
2022-06-24 23:45:08,699 [195e3a17-4c6d-4f40-b013-a6f8b27716a1@group-8ABC1D4E2A2A-LeaderElection8] INFO  server.RaftServerConfigKeys (ConfUtils.java:logGet(46)) - raft.server.write.element-limit = 1024 (custom)
2022-06-24 23:45:08,699 [195e3a17-4c6d-4f40-b013-a6f8b27716a1@group-8ABC1D4E2A2A-LeaderElection8] INFO  server.RaftServerConfigKeys (ConfUtils.java:logGet(46)) - raft.server.write.byte-limit = 1024 M (=1073741824) (custom)
2022-06-24 23:45:08,700 [195e3a17-4c6d-4f40-b013-a6f8b27716a1@group-8ABC1D4E2A2A-LeaderElection8] INFO  server.RaftServerConfigKeys (ConfUtils.java:logGet(46)) - raft.server.watch.timeout = 180s (custom)
2022-06-24 23:45:08,700 [195e3a17-4c6d-4f40-b013-a6f8b27716a1@group-8ABC1D4E2A2A-LeaderElection8] INFO  server.RaftServerConfigKeys (ConfUtils.java:logGet(46)) - raft.server.watch.timeout.denomination = 1s (default)
2022-06-24 23:45:08,700 [195e3a17-4c6d-4f40-b013-a6f8b27716a1@group-8ABC1D4E2A2A-LeaderElection8] INFO  server.RaftServerConfigKeys (ConfUtils.java:logGet(46)) - raft.server.watch.element-limit = 65536 (default)
2022-06-24 23:45:08,700 [195e3a17-4c6d-4f40-b013-a6f8b27716a1@group-8ABC1D4E2A2A-LeaderElection8] INFO  server.RaftServerConfigKeys (ConfUtils.java:logGet(46)) - raft.server.write.element-limit = 1024 (custom)
2022-06-24 23:45:08,700 [195e3a17-4c6d-4f40-b013-a6f8b27716a1@group-8ABC1D4E2A2A-LeaderElection8] INFO  server.RaftServerConfigKeys (ConfUtils.java:logGet(46)) - raft.server.write.follower.gap.ratio.max = -1.0 (default)
2022-06-24 23:45:08,700 [195e3a17-4c6d-4f40-b013-a6f8b27716a1@group-8ABC1D4E2A2A-LeaderElection8] INFO  impl.RoleInfo (RoleInfo.java:updateAndGet(139)) - 195e3a17-4c6d-4f40-b013-a6f8b27716a1: start 195e3a17-4c6d-4f40-b013-a6f8b27716a1@group-8ABC1D4E2A2A-LeaderStateImpl
2022-06-24 23:45:08,700 [195e3a17-4c6d-4f40-b013-a6f8b27716a1@group-8ABC1D4E2A2A-LeaderElection8] INFO  segmented.SegmentedRaftLogWorker (SegmentedRaftLogWorker.java:startLogSegment(425)) - 195e3a17-4c6d-4f40-b013-a6f8b27716a1@group-8ABC1D4E2A2A-SegmentedRaftLogWorker: Starting segment from index:0
2022-06-24 23:45:08,701 [EventQueue-OpenPipelineForHealthyPipelineSafeModeRule] INFO  safemode.SCMSafeModeManager (HealthyPipelineSafeModeRule.java:process(124)) - SCM in safe mode. Healthy pipelines reported count is 0, required healthy pipeline reported count is 1
2022-06-24 23:45:08,703 [195e3a17-4c6d-4f40-b013-a6f8b27716a1@group-8ABC1D4E2A2A-SegmentedRaftLogWorker] INFO  segmented.SegmentedRaftLogWorker (SegmentedRaftLogWorker.java:execute(629)) - 195e3a17-4c6d-4f40-b013-a6f8b27716a1@group-8ABC1D4E2A2A-SegmentedRaftLogWorker: created new log segment /home/runner/work/ozone/ozone/hadoop-ozone/integration-test/target/test-dir/MiniOzoneClusterImpl-85de49eb-2ce1-4613-814a-bfb310a11337/datanode-4/data/ratis/b2d230eb-73f3-4365-83c1-8abc1d4e2a2a/current/log_inprogress_0
2022-06-24 23:45:08,708 [195e3a17-4c6d-4f40-b013-a6f8b27716a1@group-8ABC1D4E2A2A-LeaderElection8] INFO  server.RaftServer$Division (ServerState.java:setRaftConf(393)) - 195e3a17-4c6d-4f40-b013-a6f8b27716a1@group-8ABC1D4E2A2A: set configuration 0: [195e3a17-4c6d-4f40-b013-a6f8b27716a1|rpc:10.1.0.24:38197|dataStream:|priority:1], old=null
2022-06-24 23:45:09,491 [Listener at 127.0.0.1/44795] INFO  ozone.MiniOzoneClusterImpl (MiniOzoneClusterImpl.java:lambda$waitForClusterToBeReady$0(223)) - Nodes are ready. Got 5 of 5 DN Heartbeats.
2022-06-24 23:45:09,491 [Listener at 127.0.0.1/44795] INFO  ozone.MiniOzoneClusterImpl (MiniOzoneClusterImpl.java:lambda$waitForClusterToBeReady$0(226)) - Waiting for cluster to exit safe mode
2022-06-24 23:45:09,491 [Listener at 127.0.0.1/44795] INFO  ozone.MiniOzoneClusterImpl (MiniOzoneClusterImpl.java:lambda$waitForClusterToBeReady$0(228)) - SCM became leader
2022-06-24 23:45:10,492 [Listener at 127.0.0.1/44795] INFO  ozone.MiniOzoneClusterImpl (MiniOzoneClusterImpl.java:lambda$waitForClusterToBeReady$0(223)) - Nodes are ready. Got 5 of 5 DN Heartbeats.
2022-06-24 23:45:10,492 [Listener at 127.0.0.1/44795] INFO  ozone.MiniOzoneClusterImpl (MiniOzoneClusterImpl.java:lambda$waitForClusterToBeReady$0(226)) - Waiting for cluster to exit safe mode
2022-06-24 23:45:10,492 [Listener at 127.0.0.1/44795] INFO  ozone.MiniOzoneClusterImpl (MiniOzoneClusterImpl.java:lambda$waitForClusterToBeReady$0(228)) - SCM became leader
2022-06-24 23:45:11,492 [Listener at 127.0.0.1/44795] INFO  ozone.MiniOzoneClusterImpl (MiniOzoneClusterImpl.java:lambda$waitForClusterToBeReady$0(223)) - Nodes are ready. Got 5 of 5 DN Heartbeats.
2022-06-24 23:45:11,493 [Listener at 127.0.0.1/44795] INFO  ozone.MiniOzoneClusterImpl (MiniOzoneClusterImpl.java:lambda$waitForClusterToBeReady$0(226)) - Waiting for cluster to exit safe mode
2022-06-24 23:45:11,493 [Listener at 127.0.0.1/44795] INFO  ozone.MiniOzoneClusterImpl (MiniOzoneClusterImpl.java:lambda$waitForClusterToBeReady$0(228)) - SCM became leader
2022-06-24 23:45:12,151 [1cd66e73-07f1-4729-a00f-873523f7ad93@group-1BF5799665A0-FollowerState] INFO  impl.FollowerState (FollowerState.java:run(143)) - 1cd66e73-07f1-4729-a00f-873523f7ad93@group-1BF5799665A0-FollowerState: change to CANDIDATE, lastRpcElapsedTime:5041284850ns, electionTimeout:5041ms
2022-06-24 23:45:12,152 [1cd66e73-07f1-4729-a00f-873523f7ad93@group-1BF5799665A0-FollowerState] INFO  impl.RoleInfo (RoleInfo.java:shutdownFollowerState(110)) - 1cd66e73-07f1-4729-a00f-873523f7ad93: shutdown 1cd66e73-07f1-4729-a00f-873523f7ad93@group-1BF5799665A0-FollowerState
2022-06-24 23:45:12,152 [1cd66e73-07f1-4729-a00f-873523f7ad93@group-1BF5799665A0-FollowerState] INFO  server.RaftServer$Division (RaftServerImpl.java:setRole(299)) - 1cd66e73-07f1-4729-a00f-873523f7ad93@group-1BF5799665A0: changes role from  FOLLOWER to CANDIDATE at term 1 for changeToCandidate
2022-06-24 23:45:12,152 [1cd66e73-07f1-4729-a00f-873523f7ad93@group-1BF5799665A0-FollowerState] INFO  server.RaftServerConfigKeys (ConfUtils.java:logGet(46)) - raft.server.leaderelection.pre-vote = false (custom)
2022-06-24 23:45:12,152 [1cd66e73-07f1-4729-a00f-873523f7ad93@group-1BF5799665A0-FollowerState] INFO  impl.RoleInfo (RoleInfo.java:updateAndGet(139)) - 1cd66e73-07f1-4729-a00f-873523f7ad93: start 1cd66e73-07f1-4729-a00f-873523f7ad93@group-1BF5799665A0-LeaderElection9
2022-06-24 23:45:12,156 [1cd66e73-07f1-4729-a00f-873523f7ad93@group-1BF5799665A0-LeaderElection9] INFO  impl.LeaderElection (LeaderElection.java:askForVotes(310)) - 1cd66e73-07f1-4729-a00f-873523f7ad93@group-1BF5799665A0-LeaderElection9 ELECTION round 0: submit vote requests at term 2 for -1: [1cd66e73-07f1-4729-a00f-873523f7ad93|rpc:10.1.0.24:46017|priority:0, 18423a42-f8bb-48b0-9845-301087e2fcde|rpc:10.1.0.24:45671|priority:1, c0c3f727-3a57-4cf2-9ef3-302a01638126|rpc:10.1.0.24:32921|priority:0], old=null
2022-06-24 23:45:12,161 [grpc-default-executor-0] INFO  server.RaftServer$Division (RaftServerImpl.java:requestVote(1152)) - 18423a42-f8bb-48b0-9845-301087e2fcde@group-1BF5799665A0: receive requestVote(ELECTION, 1cd66e73-07f1-4729-a00f-873523f7ad93, group-1BF5799665A0, 2, (t:0, i:0))
2022-06-24 23:45:12,161 [grpc-default-executor-1] INFO  server.RaftServer$Division (RaftServerImpl.java:requestVote(1152)) - c0c3f727-3a57-4cf2-9ef3-302a01638126@group-1BF5799665A0: receive requestVote(ELECTION, 1cd66e73-07f1-4729-a00f-873523f7ad93, group-1BF5799665A0, 2, (t:0, i:0))
2022-06-24 23:45:12,162 [grpc-default-executor-1] INFO  impl.VoteContext (VoteContext.java:log(48)) - c0c3f727-3a57-4cf2-9ef3-302a01638126@group-1BF5799665A0-FOLLOWER: accept ELECTION from 1cd66e73-07f1-4729-a00f-873523f7ad93: our priority 0 <= candidate's priority 0
2022-06-24 23:45:12,162 [grpc-default-executor-1] INFO  server.RaftServer$Division (RaftServerImpl.java:setRole(299)) - c0c3f727-3a57-4cf2-9ef3-302a01638126@group-1BF5799665A0: changes role from  FOLLOWER to FOLLOWER at term 2 for candidate:1cd66e73-07f1-4729-a00f-873523f7ad93
2022-06-24 23:45:12,162 [grpc-default-executor-1] INFO  impl.RoleInfo (RoleInfo.java:shutdownFollowerState(110)) - c0c3f727-3a57-4cf2-9ef3-302a01638126: shutdown c0c3f727-3a57-4cf2-9ef3-302a01638126@group-1BF5799665A0-FollowerState
2022-06-24 23:45:12,162 [grpc-default-executor-1] INFO  impl.RoleInfo (RoleInfo.java:updateAndGet(139)) - c0c3f727-3a57-4cf2-9ef3-302a01638126: start c0c3f727-3a57-4cf2-9ef3-302a01638126@group-1BF5799665A0-FollowerState
2022-06-24 23:45:12,162 [c0c3f727-3a57-4cf2-9ef3-302a01638126@group-1BF5799665A0-FollowerState] INFO  impl.FollowerState (FollowerState.java:run(152)) - c0c3f727-3a57-4cf2-9ef3-302a01638126@group-1BF5799665A0-FollowerState was interrupted
2022-06-24 23:45:12,161 [grpc-default-executor-0] INFO  impl.VoteContext (VoteContext.java:log(48)) - 18423a42-f8bb-48b0-9845-301087e2fcde@group-1BF5799665A0-FOLLOWER: reject ELECTION from 1cd66e73-07f1-4729-a00f-873523f7ad93: our priority 1 > candidate's priority 0
2022-06-24 23:45:12,162 [grpc-default-executor-0] INFO  server.RaftServer$Division (RaftServerImpl.java:setRole(299)) - 18423a42-f8bb-48b0-9845-301087e2fcde@group-1BF5799665A0: changes role from  FOLLOWER to FOLLOWER at term 2 for candidate:1cd66e73-07f1-4729-a00f-873523f7ad93
2022-06-24 23:45:12,162 [grpc-default-executor-0] INFO  impl.RoleInfo (RoleInfo.java:shutdownFollowerState(110)) - 18423a42-f8bb-48b0-9845-301087e2fcde: shutdown 18423a42-f8bb-48b0-9845-301087e2fcde@group-1BF5799665A0-FollowerState
2022-06-24 23:45:12,169 [grpc-default-executor-0] INFO  impl.RoleInfo (RoleInfo.java:updateAndGet(139)) - 18423a42-f8bb-48b0-9845-301087e2fcde: start 18423a42-f8bb-48b0-9845-301087e2fcde@group-1BF5799665A0-FollowerState
2022-06-24 23:45:12,169 [18423a42-f8bb-48b0-9845-301087e2fcde@group-1BF5799665A0-FollowerState] INFO  impl.FollowerState (FollowerState.java:run(152)) - 18423a42-f8bb-48b0-9845-301087e2fcde@group-1BF5799665A0-FollowerState was interrupted
2022-06-24 23:45:12,171 [grpc-default-executor-1] INFO  server.RaftServer$Division (RaftServerImpl.java:requestVote(1184)) - c0c3f727-3a57-4cf2-9ef3-302a01638126@group-1BF5799665A0 replies to ELECTION vote request: 1cd66e73-07f1-4729-a00f-873523f7ad93<-c0c3f727-3a57-4cf2-9ef3-302a01638126#0:OK-t2. Peer's state: c0c3f727-3a57-4cf2-9ef3-302a01638126@group-1BF5799665A0:t2, leader=null, voted=1cd66e73-07f1-4729-a00f-873523f7ad93, raftlog=c0c3f727-3a57-4cf2-9ef3-302a01638126@group-1BF5799665A0-SegmentedRaftLog:OPENED:c-1, conf=-1: [1cd66e73-07f1-4729-a00f-873523f7ad93|rpc:10.1.0.24:46017|dataStream:|priority:0, 18423a42-f8bb-48b0-9845-301087e2fcde|rpc:10.1.0.24:45671|dataStream:|priority:1, c0c3f727-3a57-4cf2-9ef3-302a01638126|rpc:10.1.0.24:32921|dataStream:|priority:0], old=null
2022-06-24 23:45:12,172 [grpc-default-executor-0] INFO  server.RaftServer$Division (RaftServerImpl.java:requestVote(1184)) - 18423a42-f8bb-48b0-9845-301087e2fcde@group-1BF5799665A0 replies to ELECTION vote request: 1cd66e73-07f1-4729-a00f-873523f7ad93<-18423a42-f8bb-48b0-9845-301087e2fcde#0:FAIL-t2. Peer's state: 18423a42-f8bb-48b0-9845-301087e2fcde@group-1BF5799665A0:t2, leader=null, voted=null, raftlog=18423a42-f8bb-48b0-9845-301087e2fcde@group-1BF5799665A0-SegmentedRaftLog:OPENED:c-1, conf=-1: [1cd66e73-07f1-4729-a00f-873523f7ad93|rpc:10.1.0.24:46017|priority:0, 18423a42-f8bb-48b0-9845-301087e2fcde|rpc:10.1.0.24:45671|priority:1, c0c3f727-3a57-4cf2-9ef3-302a01638126|rpc:10.1.0.24:32921|priority:0], old=null
2022-06-24 23:45:12,173 [1cd66e73-07f1-4729-a00f-873523f7ad93@group-1BF5799665A0-LeaderElection9] INFO  impl.LeaderElection (LeaderElection.java:logAndReturn(90)) - 1cd66e73-07f1-4729-a00f-873523f7ad93@group-1BF5799665A0-LeaderElection9: ELECTION REJECTED received 2 response(s) and 0 exception(s):
2022-06-24 23:45:12,174 [1cd66e73-07f1-4729-a00f-873523f7ad93@group-1BF5799665A0-LeaderElection9] INFO  impl.LeaderElection (LeaderElection.java:logAndReturn(94)) -   Response 0: 1cd66e73-07f1-4729-a00f-873523f7ad93<-18423a42-f8bb-48b0-9845-301087e2fcde#0:FAIL-t2
2022-06-24 23:45:12,174 [1cd66e73-07f1-4729-a00f-873523f7ad93@group-1BF5799665A0-LeaderElection9] INFO  impl.LeaderElection (LeaderElection.java:logAndReturn(94)) -   Response 1: 1cd66e73-07f1-4729-a00f-873523f7ad93<-c0c3f727-3a57-4cf2-9ef3-302a01638126#0:OK-t2
2022-06-24 23:45:12,174 [1cd66e73-07f1-4729-a00f-873523f7ad93@group-1BF5799665A0-LeaderElection9] INFO  impl.LeaderElection (LeaderElection.java:askForVotes(312)) - 1cd66e73-07f1-4729-a00f-873523f7ad93@group-1BF5799665A0-LeaderElection9 ELECTION round 0: result REJECTED
2022-06-24 23:45:12,174 [1cd66e73-07f1-4729-a00f-873523f7ad93@group-1BF5799665A0-LeaderElection9] INFO  server.RaftServer$Division (RaftServerImpl.java:setRole(299)) - 1cd66e73-07f1-4729-a00f-873523f7ad93@group-1BF5799665A0: changes role from CANDIDATE to FOLLOWER at term 2 for REJECTED
2022-06-24 23:45:12,174 [1cd66e73-07f1-4729-a00f-873523f7ad93@group-1BF5799665A0-LeaderElection9] INFO  impl.RoleInfo (RoleInfo.java:shutdownLeaderElection(130)) - 1cd66e73-07f1-4729-a00f-873523f7ad93: shutdown 1cd66e73-07f1-4729-a00f-873523f7ad93@group-1BF5799665A0-LeaderElection9
2022-06-24 23:45:12,174 [1cd66e73-07f1-4729-a00f-873523f7ad93@group-1BF5799665A0-LeaderElection9] INFO  impl.RoleInfo (RoleInfo.java:updateAndGet(139)) - 1cd66e73-07f1-4729-a00f-873523f7ad93: start 1cd66e73-07f1-4729-a00f-873523f7ad93@group-1BF5799665A0-FollowerState
2022-06-24 23:45:12,493 [Listener at 127.0.0.1/44795] INFO  ozone.MiniOzoneClusterImpl (MiniOzoneClusterImpl.java:lambda$waitForClusterToBeReady$0(223)) - Nodes are ready. Got 5 of 5 DN Heartbeats.
2022-06-24 23:45:12,494 [Listener at 127.0.0.1/44795] INFO  ozone.MiniOzoneClusterImpl (MiniOzoneClusterImpl.java:lambda$waitForClusterToBeReady$0(226)) - Waiting for cluster to exit safe mode
2022-06-24 23:45:12,494 [Listener at 127.0.0.1/44795] INFO  ozone.MiniOzoneClusterImpl (MiniOzoneClusterImpl.java:lambda$waitForClusterToBeReady$0(228)) - SCM became leader
2022-06-24 23:45:12,959 [1cd66e73-07f1-4729-a00f-873523f7ad93@group-776F56FA1288-FollowerState] INFO  impl.FollowerState (FollowerState.java:run(143)) - 1cd66e73-07f1-4729-a00f-873523f7ad93@group-776F56FA1288-FollowerState: change to CANDIDATE, lastRpcElapsedTime:5164503016ns, electionTimeout:5161ms
2022-06-24 23:45:12,960 [1cd66e73-07f1-4729-a00f-873523f7ad93@group-776F56FA1288-FollowerState] INFO  impl.RoleInfo (RoleInfo.java:shutdownFollowerState(110)) - 1cd66e73-07f1-4729-a00f-873523f7ad93: shutdown 1cd66e73-07f1-4729-a00f-873523f7ad93@group-776F56FA1288-FollowerState
2022-06-24 23:45:12,960 [1cd66e73-07f1-4729-a00f-873523f7ad93@group-776F56FA1288-FollowerState] INFO  server.RaftServer$Division (RaftServerImpl.java:setRole(299)) - 1cd66e73-07f1-4729-a00f-873523f7ad93@group-776F56FA1288: changes role from  FOLLOWER to CANDIDATE at term 1 for changeToCandidate
2022-06-24 23:45:12,960 [1cd66e73-07f1-4729-a00f-873523f7ad93@group-776F56FA1288-FollowerState] INFO  server.RaftServerConfigKeys (ConfUtils.java:logGet(46)) - raft.server.leaderelection.pre-vote = false (custom)
2022-06-24 23:45:12,960 [1cd66e73-07f1-4729-a00f-873523f7ad93@group-776F56FA1288-FollowerState] INFO  impl.RoleInfo (RoleInfo.java:updateAndGet(139)) - 1cd66e73-07f1-4729-a00f-873523f7ad93: start 1cd66e73-07f1-4729-a00f-873523f7ad93@group-776F56FA1288-LeaderElection10
2022-06-24 23:45:12,961 [c0c3f727-3a57-4cf2-9ef3-302a01638126@group-776F56FA1288-FollowerState] INFO  impl.FollowerState (FollowerState.java:run(143)) - c0c3f727-3a57-4cf2-9ef3-302a01638126@group-776F56FA1288-FollowerState: change to CANDIDATE, lastRpcElapsedTime:5166314834ns, electionTimeout:5165ms
2022-06-24 23:45:12,961 [c0c3f727-3a57-4cf2-9ef3-302a01638126@group-776F56FA1288-FollowerState] INFO  impl.RoleInfo (RoleInfo.java:shutdownFollowerState(110)) - c0c3f727-3a57-4cf2-9ef3-302a01638126: shutdown c0c3f727-3a57-4cf2-9ef3-302a01638126@group-776F56FA1288-FollowerState
2022-06-24 23:45:12,961 [c0c3f727-3a57-4cf2-9ef3-302a01638126@group-776F56FA1288-FollowerState] INFO  server.RaftServer$Division (RaftServerImpl.java:setRole(299)) - c0c3f727-3a57-4cf2-9ef3-302a01638126@group-776F56FA1288: changes role from  FOLLOWER to CANDIDATE at term 1 for changeToCandidate
2022-06-24 23:45:12,961 [18423a42-f8bb-48b0-9845-301087e2fcde@group-776F56FA1288-FollowerState] INFO  impl.FollowerState (FollowerState.java:run(143)) - 18423a42-f8bb-48b0-9845-301087e2fcde@group-776F56FA1288-FollowerState: change to CANDIDATE, lastRpcElapsedTime:5163007300ns, electionTimeout:5154ms
2022-06-24 23:45:12,962 [18423a42-f8bb-48b0-9845-301087e2fcde@group-776F56FA1288-FollowerState] INFO  impl.RoleInfo (RoleInfo.java:shutdownFollowerState(110)) - 18423a42-f8bb-48b0-9845-301087e2fcde: shutdown 18423a42-f8bb-48b0-9845-301087e2fcde@group-776F56FA1288-FollowerState
2022-06-24 23:45:12,962 [18423a42-f8bb-48b0-9845-301087e2fcde@group-776F56FA1288-FollowerState] INFO  server.RaftServer$Division (RaftServerImpl.java:setRole(299)) - 18423a42-f8bb-48b0-9845-301087e2fcde@group-776F56FA1288: changes role from  FOLLOWER to CANDIDATE at term 1 for changeToCandidate
2022-06-24 23:45:12,962 [18423a42-f8bb-48b0-9845-301087e2fcde@group-776F56FA1288-FollowerState] INFO  server.RaftServerConfigKeys (ConfUtils.java:logGet(46)) - raft.server.leaderelection.pre-vote = false (custom)
2022-06-24 23:45:12,962 [18423a42-f8bb-48b0-9845-301087e2fcde@group-776F56FA1288-FollowerState] INFO  impl.RoleInfo (RoleInfo.java:updateAndGet(139)) - 18423a42-f8bb-48b0-9845-301087e2fcde: start 18423a42-f8bb-48b0-9845-301087e2fcde@group-776F56FA1288-LeaderElection12
2022-06-24 23:45:12,963 [c0c3f727-3a57-4cf2-9ef3-302a01638126@group-776F56FA1288-FollowerState] INFO  server.RaftServerConfigKeys (ConfUtils.java:logGet(46)) - raft.server.leaderelection.pre-vote = false (custom)
2022-06-24 23:45:12,963 [c0c3f727-3a57-4cf2-9ef3-302a01638126@group-776F56FA1288-FollowerState] INFO  impl.RoleInfo (RoleInfo.java:updateAndGet(139)) - c0c3f727-3a57-4cf2-9ef3-302a01638126: start c0c3f727-3a57-4cf2-9ef3-302a01638126@group-776F56FA1288-LeaderElection11
2022-06-24 23:45:12,965 [1cd66e73-07f1-4729-a00f-873523f7ad93@group-776F56FA1288-LeaderElection10] INFO  impl.LeaderElection (LeaderElection.java:askForVotes(310)) - 1cd66e73-07f1-4729-a00f-873523f7ad93@group-776F56FA1288-LeaderElection10 ELECTION round 0: submit vote requests at term 2 for -1: [1cd66e73-07f1-4729-a00f-873523f7ad93|rpc:10.1.0.24:46017|priority:1, 18423a42-f8bb-48b0-9845-301087e2fcde|rpc:10.1.0.24:45671|priority:0, c0c3f727-3a57-4cf2-9ef3-302a01638126|rpc:10.1.0.24:32921|priority:0], old=null
2022-06-24 23:45:12,965 [18423a42-f8bb-48b0-9845-301087e2fcde@group-776F56FA1288-LeaderElection12] INFO  impl.LeaderElection (LeaderElection.java:askForVotes(310)) - 18423a42-f8bb-48b0-9845-301087e2fcde@group-776F56FA1288-LeaderElection12 ELECTION round 0: submit vote requests at term 2 for -1: [1cd66e73-07f1-4729-a00f-873523f7ad93|rpc:10.1.0.24:46017|priority:1, 18423a42-f8bb-48b0-9845-301087e2fcde|rpc:10.1.0.24:45671|priority:0, c0c3f727-3a57-4cf2-9ef3-302a01638126|rpc:10.1.0.24:32921|priority:0], old=null
2022-06-24 23:45:12,968 [c0c3f727-3a57-4cf2-9ef3-302a01638126@group-776F56FA1288-LeaderElection11] INFO  impl.LeaderElection (LeaderElection.java:askForVotes(310)) - c0c3f727-3a57-4cf2-9ef3-302a01638126@group-776F56FA1288-LeaderElection11 ELECTION round 0: submit vote requests at term 2 for -1: [1cd66e73-07f1-4729-a00f-873523f7ad93|rpc:10.1.0.24:46017|dataStream:|priority:1, 18423a42-f8bb-48b0-9845-301087e2fcde|rpc:10.1.0.24:45671|dataStream:|priority:0, c0c3f727-3a57-4cf2-9ef3-302a01638126|rpc:10.1.0.24:32921|dataStream:|priority:0], old=null
2022-06-24 23:45:12,975 [grpc-default-executor-0] INFO  server.RaftServer$Division (RaftServerImpl.java:requestVote(1152)) - 18423a42-f8bb-48b0-9845-301087e2fcde@group-776F56FA1288: receive requestVote(ELECTION, 1cd66e73-07f1-4729-a00f-873523f7ad93, group-776F56FA1288, 2, (t:0, i:0))
2022-06-24 23:45:12,979 [grpc-default-executor-0] INFO  impl.VoteContext (VoteContext.java:log(48)) - 18423a42-f8bb-48b0-9845-301087e2fcde@group-776F56FA1288-CANDIDATE: reject ELECTION from 1cd66e73-07f1-4729-a00f-873523f7ad93: already has voted for 18423a42-f8bb-48b0-9845-301087e2fcde at current term 2
2022-06-24 23:45:12,979 [grpc-default-executor-0] INFO  server.RaftServer$Division (RaftServerImpl.java:requestVote(1184)) - 18423a42-f8bb-48b0-9845-301087e2fcde@group-776F56FA1288 replies to ELECTION vote request: 1cd66e73-07f1-4729-a00f-873523f7ad93<-18423a42-f8bb-48b0-9845-301087e2fcde#0:FAIL-t2. Peer's state: 18423a42-f8bb-48b0-9845-301087e2fcde@group-776F56FA1288:t2, leader=null, voted=18423a42-f8bb-48b0-9845-301087e2fcde, raftlog=18423a42-f8bb-48b0-9845-301087e2fcde@group-776F56FA1288-SegmentedRaftLog:OPENED:c-1, conf=-1: [1cd66e73-07f1-4729-a00f-873523f7ad93|rpc:10.1.0.24:46017|priority:1, 18423a42-f8bb-48b0-9845-301087e2fcde|rpc:10.1.0.24:45671|priority:0, c0c3f727-3a57-4cf2-9ef3-302a01638126|rpc:10.1.0.24:32921|priority:0], old=null
2022-06-24 23:45:12,983 [grpc-default-executor-1] INFO  server.RaftServer$Division (RaftServerImpl.java:requestVote(1152)) - 1cd66e73-07f1-4729-a00f-873523f7ad93@group-776F56FA1288: receive requestVote(ELECTION, 18423a42-f8bb-48b0-9845-301087e2fcde, group-776F56FA1288, 2, (t:0, i:0))
2022-06-24 23:45:12,987 [grpc-default-executor-1] INFO  impl.VoteContext (VoteContext.java:log(48)) - 1cd66e73-07f1-4729-a00f-873523f7ad93@group-776F56FA1288-CANDIDATE: reject ELECTION from 18423a42-f8bb-48b0-9845-301087e2fcde: already has voted for 1cd66e73-07f1-4729-a00f-873523f7ad93 at current term 2
2022-06-24 23:45:12,987 [grpc-default-executor-1] INFO  server.RaftServer$Division (RaftServerImpl.java:requestVote(1184)) - 1cd66e73-07f1-4729-a00f-873523f7ad93@group-776F56FA1288 replies to ELECTION vote request: 18423a42-f8bb-48b0-9845-301087e2fcde<-1cd66e73-07f1-4729-a00f-873523f7ad93#0:FAIL-t2. Peer's state: 1cd66e73-07f1-4729-a00f-873523f7ad93@group-776F56FA1288:t2, leader=null, voted=1cd66e73-07f1-4729-a00f-873523f7ad93, raftlog=1cd66e73-07f1-4729-a00f-873523f7ad93@group-776F56FA1288-SegmentedRaftLog:OPENED:c-1, conf=-1: [1cd66e73-07f1-4729-a00f-873523f7ad93|rpc:10.1.0.24:46017|priority:1, 18423a42-f8bb-48b0-9845-301087e2fcde|rpc:10.1.0.24:45671|priority:0, c0c3f727-3a57-4cf2-9ef3-302a01638126|rpc:10.1.0.24:32921|priority:0], old=null
2022-06-24 23:45:12,983 [grpc-default-executor-0] INFO  server.RaftServer$Division (RaftServerImpl.java:requestVote(1152)) - c0c3f727-3a57-4cf2-9ef3-302a01638126@group-776F56FA1288: receive requestVote(ELECTION, 1cd66e73-07f1-4729-a00f-873523f7ad93, group-776F56FA1288, 2, (t:0, i:0))
2022-06-24 23:45:12,989 [grpc-default-executor-0] INFO  impl.VoteContext (VoteContext.java:log(48)) - c0c3f727-3a57-4cf2-9ef3-302a01638126@group-776F56FA1288-CANDIDATE: reject ELECTION from 1cd66e73-07f1-4729-a00f-873523f7ad93: already has voted for c0c3f727-3a57-4cf2-9ef3-302a01638126 at current term 2
2022-06-24 23:45:12,990 [grpc-default-executor-0] INFO  server.RaftServer$Division (RaftServerImpl.java:requestVote(1184)) - c0c3f727-3a57-4cf2-9ef3-302a01638126@group-776F56FA1288 replies to ELECTION vote request: 1cd66e73-07f1-4729-a00f-873523f7ad93<-c0c3f727-3a57-4cf2-9ef3-302a01638126#0:FAIL-t2. Peer's state: c0c3f727-3a57-4cf2-9ef3-302a01638126@group-776F56FA1288:t2, leader=null, voted=c0c3f727-3a57-4cf2-9ef3-302a01638126, raftlog=c0c3f727-3a57-4cf2-9ef3-302a01638126@group-776F56FA1288-SegmentedRaftLog:OPENED:c-1, conf=-1: [1cd66e73-07f1-4729-a00f-873523f7ad93|rpc:10.1.0.24:46017|dataStream:|priority:1, 18423a42-f8bb-48b0-9845-301087e2fcde|rpc:10.1.0.24:45671|dataStream:|priority:0, c0c3f727-3a57-4cf2-9ef3-302a01638126|rpc:10.1.0.24:32921|dataStream:|priority:0], old=null
2022-06-24 23:45:12,991 [grpc-default-executor-1] INFO  server.RaftServer$Division (RaftServerImpl.java:requestVote(1152)) - c0c3f727-3a57-4cf2-9ef3-302a01638126@group-776F56FA1288: receive requestVote(ELECTION, 18423a42-f8bb-48b0-9845-301087e2fcde, group-776F56FA1288, 2, (t:0, i:0))
2022-06-24 23:45:12,992 [1cd66e73-07f1-4729-a00f-873523f7ad93@group-776F56FA1288-LeaderElection10] INFO  impl.LeaderElection (LeaderElection.java:logAndReturn(90)) - 1cd66e73-07f1-4729-a00f-873523f7ad93@group-776F56FA1288-LeaderElection10: ELECTION REJECTED received 2 response(s) and 0 exception(s):
2022-06-24 23:45:12,995 [18423a42-f8bb-48b0-9845-301087e2fcde@group-776F56FA1288-LeaderElection12] INFO  impl.LeaderElection (LeaderElection.java:logAndReturn(90)) - 18423a42-f8bb-48b0-9845-301087e2fcde@group-776F56FA1288-LeaderElection12: ELECTION REJECTED received 1 response(s) and 0 exception(s):
2022-06-24 23:45:12,996 [18423a42-f8bb-48b0-9845-301087e2fcde@group-776F56FA1288-LeaderElection12] INFO  impl.LeaderElection (LeaderElection.java:logAndReturn(94)) -   Response 0: 18423a42-f8bb-48b0-9845-301087e2fcde<-1cd66e73-07f1-4729-a00f-873523f7ad93#0:FAIL-t2
2022-06-24 23:45:12,996 [18423a42-f8bb-48b0-9845-301087e2fcde@group-776F56FA1288-LeaderElection12] INFO  impl.LeaderElection (LeaderElection.java:askForVotes(312)) - 18423a42-f8bb-48b0-9845-301087e2fcde@group-776F56FA1288-LeaderElection12 ELECTION round 0: result REJECTED
2022-06-24 23:45:12,996 [18423a42-f8bb-48b0-9845-301087e2fcde@group-776F56FA1288-LeaderElection12] INFO  server.RaftServer$Division (RaftServerImpl.java:setRole(299)) - 18423a42-f8bb-48b0-9845-301087e2fcde@group-776F56FA1288: changes role from CANDIDATE to FOLLOWER at term 2 for REJECTED
2022-06-24 23:45:12,996 [18423a42-f8bb-48b0-9845-301087e2fcde@group-776F56FA1288-LeaderElection12] INFO  impl.RoleInfo (RoleInfo.java:shutdownLeaderElection(130)) - 18423a42-f8bb-48b0-9845-301087e2fcde: shutdown 18423a42-f8bb-48b0-9845-301087e2fcde@group-776F56FA1288-LeaderElection12
2022-06-24 23:45:12,996 [18423a42-f8bb-48b0-9845-301087e2fcde@group-776F56FA1288-LeaderElection12] INFO  impl.RoleInfo (RoleInfo.java:updateAndGet(139)) - 18423a42-f8bb-48b0-9845-301087e2fcde: start 18423a42-f8bb-48b0-9845-301087e2fcde@group-776F56FA1288-FollowerState
2022-06-24 23:45:12,995 [grpc-default-executor-0] INFO  server.RaftServer$Division (RaftServerImpl.java:requestVote(1152)) - 1cd66e73-07f1-4729-a00f-873523f7ad93@group-776F56FA1288: receive requestVote(ELECTION, c0c3f727-3a57-4cf2-9ef3-302a01638126, group-776F56FA1288, 2, (t:0, i:0))
2022-06-24 23:45:12,996 [grpc-default-executor-0] INFO  impl.VoteContext (VoteContext.java:log(48)) - 1cd66e73-07f1-4729-a00f-873523f7ad93@group-776F56FA1288-CANDIDATE: reject ELECTION from c0c3f727-3a57-4cf2-9ef3-302a01638126: already has voted for 1cd66e73-07f1-4729-a00f-873523f7ad93 at current term 2
2022-06-24 23:45:12,996 [grpc-default-executor-0] INFO  server.RaftServer$Division (RaftServerImpl.java:requestVote(1184)) - 1cd66e73-07f1-4729-a00f-873523f7ad93@group-776F56FA1288 replies to ELECTION vote request: c0c3f727-3a57-4cf2-9ef3-302a01638126<-1cd66e73-07f1-4729-a00f-873523f7ad93#0:FAIL-t2. Peer's state: 1cd66e73-07f1-4729-a00f-873523f7ad93@group-776F56FA1288:t2, leader=null, voted=1cd66e73-07f1-4729-a00f-873523f7ad93, raftlog=1cd66e73-07f1-4729-a00f-873523f7ad93@group-776F56FA1288-SegmentedRaftLog:OPENED:c-1, conf=-1: [1cd66e73-07f1-4729-a00f-873523f7ad93|rpc:10.1.0.24:46017|priority:1, 18423a42-f8bb-48b0-9845-301087e2fcde|rpc:10.1.0.24:45671|priority:0, c0c3f727-3a57-4cf2-9ef3-302a01638126|rpc:10.1.0.24:32921|priority:0], old=null
2022-06-24 23:45:12,995 [grpc-default-executor-1] INFO  impl.VoteContext (VoteContext.java:log(48)) - c0c3f727-3a57-4cf2-9ef3-302a01638126@group-776F56FA1288-CANDIDATE: reject ELECTION from 18423a42-f8bb-48b0-9845-301087e2fcde: already has voted for c0c3f727-3a57-4cf2-9ef3-302a01638126 at current term 2
2022-06-24 23:45:12,996 [grpc-default-executor-1] INFO  server.RaftServer$Division (RaftServerImpl.java:requestVote(1184)) - c0c3f727-3a57-4cf2-9ef3-302a01638126@group-776F56FA1288 replies to ELECTION vote request: 18423a42-f8bb-48b0-9845-301087e2fcde<-c0c3f727-3a57-4cf2-9ef3-302a01638126#0:FAIL-t2. Peer's state: c0c3f727-3a57-4cf2-9ef3-302a01638126@group-776F56FA1288:t2, leader=null, voted=c0c3f727-3a57-4cf2-9ef3-302a01638126, raftlog=c0c3f727-3a57-4cf2-9ef3-302a01638126@group-776F56FA1288-SegmentedRaftLog:OPENED:c-1, conf=-1: [1cd66e73-07f1-4729-a00f-873523f7ad93|rpc:10.1.0.24:46017|dataStream:|priority:1, 18423a42-f8bb-48b0-9845-301087e2fcde|rpc:10.1.0.24:45671|dataStream:|priority:0, c0c3f727-3a57-4cf2-9ef3-302a01638126|rpc:10.1.0.24:32921|dataStream:|priority:0], old=null
2022-06-24 23:45:12,996 [1cd66e73-07f1-4729-a00f-873523f7ad93@group-776F56FA1288-LeaderElection10] INFO  impl.LeaderElection (LeaderElection.java:logAndReturn(94)) -   Response 0: 1cd66e73-07f1-4729-a00f-873523f7ad93<-18423a42-f8bb-48b0-9845-301087e2fcde#0:FAIL-t2
2022-06-24 23:45:13,005 [1cd66e73-07f1-4729-a00f-873523f7ad93@group-776F56FA1288-LeaderElection10] INFO  impl.LeaderElection (LeaderElection.java:logAndReturn(94)) -   Response 1: 1cd66e73-07f1-4729-a00f-873523f7ad93<-c0c3f727-3a57-4cf2-9ef3-302a01638126#0:FAIL-t2
2022-06-24 23:45:13,005 [1cd66e73-07f1-4729-a00f-873523f7ad93@group-776F56FA1288-LeaderElection10] INFO  impl.LeaderElection (LeaderElection.java:askForVotes(312)) - 1cd66e73-07f1-4729-a00f-873523f7ad93@group-776F56FA1288-LeaderElection10 ELECTION round 0: result REJECTED
2022-06-24 23:45:13,005 [1cd66e73-07f1-4729-a00f-873523f7ad93@group-776F56FA1288-LeaderElection10] INFO  server.RaftServer$Division (RaftServerImpl.java:setRole(299)) - 1cd66e73-07f1-4729-a00f-873523f7ad93@group-776F56FA1288: changes role from CANDIDATE to FOLLOWER at term 2 for REJECTED
2022-06-24 23:45:13,005 [1cd66e73-07f1-4729-a00f-873523f7ad93@group-776F56FA1288-LeaderElection10] INFO  impl.RoleInfo (RoleInfo.java:shutdownLeaderElection(130)) - 1cd66e73-07f1-4729-a00f-873523f7ad93: shutdown 1cd66e73-07f1-4729-a00f-873523f7ad93@group-776F56FA1288-LeaderElection10
2022-06-24 23:45:13,005 [1cd66e73-07f1-4729-a00f-873523f7ad93@group-776F56FA1288-LeaderElection10] INFO  impl.RoleInfo (RoleInfo.java:updateAndGet(139)) - 1cd66e73-07f1-4729-a00f-873523f7ad93: start 1cd66e73-07f1-4729-a00f-873523f7ad93@group-776F56FA1288-FollowerState
2022-06-24 23:45:13,007 [c0c3f727-3a57-4cf2-9ef3-302a01638126@group-776F56FA1288-LeaderElection11] INFO  impl.LeaderElection (LeaderElection.java:logAndReturn(90)) - c0c3f727-3a57-4cf2-9ef3-302a01638126@group-776F56FA1288-LeaderElection11: ELECTION REJECTED received 1 response(s) and 0 exception(s):
2022-06-24 23:45:13,011 [c0c3f727-3a57-4cf2-9ef3-302a01638126@group-776F56FA1288-LeaderElection11] INFO  impl.LeaderElection (LeaderElection.java:logAndReturn(94)) -   Response 0: c0c3f727-3a57-4cf2-9ef3-302a01638126<-1cd66e73-07f1-4729-a00f-873523f7ad93#0:FAIL-t2
2022-06-24 23:45:13,011 [c0c3f727-3a57-4cf2-9ef3-302a01638126@group-776F56FA1288-LeaderElection11] INFO  impl.LeaderElection (LeaderElection.java:askForVotes(312)) - c0c3f727-3a57-4cf2-9ef3-302a01638126@group-776F56FA1288-LeaderElection11 ELECTION round 0: result REJECTED
2022-06-24 23:45:13,011 [c0c3f727-3a57-4cf2-9ef3-302a01638126@group-776F56FA1288-LeaderElection11] INFO  server.RaftServer$Division (RaftServerImpl.java:setRole(299)) - c0c3f727-3a57-4cf2-9ef3-302a01638126@group-776F56FA1288: changes role from CANDIDATE to FOLLOWER at term 2 for REJECTED
2022-06-24 23:45:13,011 [c0c3f727-3a57-4cf2-9ef3-302a01638126@group-776F56FA1288-LeaderElection11] INFO  impl.RoleInfo (RoleInfo.java:shutdownLeaderElection(130)) - c0c3f727-3a57-4cf2-9ef3-302a01638126: shutdown c0c3f727-3a57-4cf2-9ef3-302a01638126@group-776F56FA1288-LeaderElection11
2022-06-24 23:45:13,011 [c0c3f727-3a57-4cf2-9ef3-302a01638126@group-776F56FA1288-LeaderElection11] INFO  impl.RoleInfo (RoleInfo.java:updateAndGet(139)) - c0c3f727-3a57-4cf2-9ef3-302a01638126: start c0c3f727-3a57-4cf2-9ef3-302a01638126@group-776F56FA1288-FollowerState
2022-06-24 23:45:13,018 [grpc-default-executor-2] INFO  server.RaftServer$Division (RaftServerImpl.java:requestVote(1152)) - 18423a42-f8bb-48b0-9845-301087e2fcde@group-776F56FA1288: receive requestVote(ELECTION, c0c3f727-3a57-4cf2-9ef3-302a01638126, group-776F56FA1288, 2, (t:0, i:0))
2022-06-24 23:45:13,018 [grpc-default-executor-2] INFO  impl.VoteContext (VoteContext.java:log(48)) - 18423a42-f8bb-48b0-9845-301087e2fcde@group-776F56FA1288-FOLLOWER: reject ELECTION from c0c3f727-3a57-4cf2-9ef3-302a01638126: already has voted for 18423a42-f8bb-48b0-9845-301087e2fcde at current term 2
2022-06-24 23:45:13,018 [grpc-default-executor-2] INFO  server.RaftServer$Division (RaftServerImpl.java:requestVote(1184)) - 18423a42-f8bb-48b0-9845-301087e2fcde@group-776F56FA1288 replies to ELECTION vote request: c0c3f727-3a57-4cf2-9ef3-302a01638126<-18423a42-f8bb-48b0-9845-301087e2fcde#0:FAIL-t2. Peer's state: 18423a42-f8bb-48b0-9845-301087e2fcde@group-776F56FA1288:t2, leader=null, voted=18423a42-f8bb-48b0-9845-301087e2fcde, raftlog=18423a42-f8bb-48b0-9845-301087e2fcde@group-776F56FA1288-SegmentedRaftLog:OPENED:c-1, conf=-1: [1cd66e73-07f1-4729-a00f-873523f7ad93|rpc:10.1.0.24:46017|priority:1, 18423a42-f8bb-48b0-9845-301087e2fcde|rpc:10.1.0.24:45671|priority:0, c0c3f727-3a57-4cf2-9ef3-302a01638126|rpc:10.1.0.24:32921|priority:0], old=null
2022-06-24 23:45:13,495 [Listener at 127.0.0.1/44795] INFO  ozone.MiniOzoneClusterImpl (MiniOzoneClusterImpl.java:lambda$waitForClusterToBeReady$0(223)) - Nodes are ready. Got 5 of 5 DN Heartbeats.
2022-06-24 23:45:13,495 [Listener at 127.0.0.1/44795] INFO  ozone.MiniOzoneClusterImpl (MiniOzoneClusterImpl.java:lambda$waitForClusterToBeReady$0(226)) - Waiting for cluster to exit safe mode
2022-06-24 23:45:13,495 [Listener at 127.0.0.1/44795] INFO  ozone.MiniOzoneClusterImpl (MiniOzoneClusterImpl.java:lambda$waitForClusterToBeReady$0(228)) - SCM became leader
2022-06-24 23:45:14,495 [Listener at 127.0.0.1/44795] INFO  ozone.MiniOzoneClusterImpl (MiniOzoneClusterImpl.java:lambda$waitForClusterToBeReady$0(223)) - Nodes are ready. Got 5 of 5 DN Heartbeats.
2022-06-24 23:45:14,496 [Listener at 127.0.0.1/44795] INFO  ozone.MiniOzoneClusterImpl (MiniOzoneClusterImpl.java:lambda$waitForClusterToBeReady$0(226)) - Waiting for cluster to exit safe mode
2022-06-24 23:45:14,496 [Listener at 127.0.0.1/44795] INFO  ozone.MiniOzoneClusterImpl (MiniOzoneClusterImpl.java:lambda$waitForClusterToBeReady$0(228)) - SCM became leader
2022-06-24 23:45:15,496 [Listener at 127.0.0.1/44795] INFO  ozone.MiniOzoneClusterImpl (MiniOzoneClusterImpl.java:lambda$waitForClusterToBeReady$0(223)) - Nodes are ready. Got 5 of 5 DN Heartbeats.
2022-06-24 23:45:15,496 [Listener at 127.0.0.1/44795] INFO  ozone.MiniOzoneClusterImpl (MiniOzoneClusterImpl.java:lambda$waitForClusterToBeReady$0(226)) - Waiting for cluster to exit safe mode
2022-06-24 23:45:15,496 [Listener at 127.0.0.1/44795] INFO  ozone.MiniOzoneClusterImpl (MiniOzoneClusterImpl.java:lambda$waitForClusterToBeReady$0(228)) - SCM became leader
2022-06-24 23:45:16,497 [Listener at 127.0.0.1/44795] INFO  ozone.MiniOzoneClusterImpl (MiniOzoneClusterImpl.java:lambda$waitForClusterToBeReady$0(223)) - Nodes are ready. Got 5 of 5 DN Heartbeats.
2022-06-24 23:45:16,497 [Listener at 127.0.0.1/44795] INFO  ozone.MiniOzoneClusterImpl (MiniOzoneClusterImpl.java:lambda$waitForClusterToBeReady$0(226)) - Waiting for cluster to exit safe mode
2022-06-24 23:45:16,497 [Listener at 127.0.0.1/44795] INFO  ozone.MiniOzoneClusterImpl (MiniOzoneClusterImpl.java:lambda$waitForClusterToBeReady$0(228)) - SCM became leader
2022-06-24 23:45:17,214 [1cd66e73-07f1-4729-a00f-873523f7ad93@group-1BF5799665A0-FollowerState] INFO  impl.FollowerState (FollowerState.java:run(143)) - 1cd66e73-07f1-4729-a00f-873523f7ad93@group-1BF5799665A0-FollowerState: change to CANDIDATE, lastRpcElapsedTime:5039873607ns, electionTimeout:5039ms
2022-06-24 23:45:17,216 [1cd66e73-07f1-4729-a00f-873523f7ad93@group-1BF5799665A0-FollowerState] INFO  impl.RoleInfo (RoleInfo.java:shutdownFollowerState(110)) - 1cd66e73-07f1-4729-a00f-873523f7ad93: shutdown 1cd66e73-07f1-4729-a00f-873523f7ad93@group-1BF5799665A0-FollowerState
2022-06-24 23:45:17,216 [1cd66e73-07f1-4729-a00f-873523f7ad93@group-1BF5799665A0-FollowerState] INFO  server.RaftServer$Division (RaftServerImpl.java:setRole(299)) - 1cd66e73-07f1-4729-a00f-873523f7ad93@group-1BF5799665A0: changes role from  FOLLOWER to CANDIDATE at term 2 for changeToCandidate
2022-06-24 23:45:17,216 [1cd66e73-07f1-4729-a00f-873523f7ad93@group-1BF5799665A0-FollowerState] INFO  server.RaftServerConfigKeys (ConfUtils.java:logGet(46)) - raft.server.leaderelection.pre-vote = false (custom)
2022-06-24 23:45:17,216 [1cd66e73-07f1-4729-a00f-873523f7ad93@group-1BF5799665A0-FollowerState] INFO  impl.RoleInfo (RoleInfo.java:updateAndGet(139)) - 1cd66e73-07f1-4729-a00f-873523f7ad93: start 1cd66e73-07f1-4729-a00f-873523f7ad93@group-1BF5799665A0-LeaderElection13
2022-06-24 23:45:17,219 [1cd66e73-07f1-4729-a00f-873523f7ad93@group-1BF5799665A0-LeaderElection13] INFO  impl.LeaderElection (LeaderElection.java:askForVotes(310)) - 1cd66e73-07f1-4729-a00f-873523f7ad93@group-1BF5799665A0-LeaderElection13 ELECTION round 0: submit vote requests at term 3 for -1: [1cd66e73-07f1-4729-a00f-873523f7ad93|rpc:10.1.0.24:46017|priority:0, 18423a42-f8bb-48b0-9845-301087e2fcde|rpc:10.1.0.24:45671|priority:1, c0c3f727-3a57-4cf2-9ef3-302a01638126|rpc:10.1.0.24:32921|priority:0], old=null
2022-06-24 23:45:17,224 [grpc-default-executor-2] INFO  server.RaftServer$Division (RaftServerImpl.java:requestVote(1152)) - c0c3f727-3a57-4cf2-9ef3-302a01638126@group-1BF5799665A0: receive requestVote(ELECTION, 1cd66e73-07f1-4729-a00f-873523f7ad93, group-1BF5799665A0, 3, (t:0, i:0))
2022-06-24 23:45:17,224 [grpc-default-executor-2] INFO  impl.VoteContext (VoteContext.java:log(48)) - c0c3f727-3a57-4cf2-9ef3-302a01638126@group-1BF5799665A0-FOLLOWER: accept ELECTION from 1cd66e73-07f1-4729-a00f-873523f7ad93: our priority 0 <= candidate's priority 0
2022-06-24 23:45:17,224 [grpc-default-executor-2] INFO  server.RaftServer$Division (RaftServerImpl.java:setRole(299)) - c0c3f727-3a57-4cf2-9ef3-302a01638126@group-1BF5799665A0: changes role from  FOLLOWER to FOLLOWER at term 3 for candidate:1cd66e73-07f1-4729-a00f-873523f7ad93
2022-06-24 23:45:17,224 [grpc-default-executor-2] INFO  impl.RoleInfo (RoleInfo.java:shutdownFollowerState(110)) - c0c3f727-3a57-4cf2-9ef3-302a01638126: shutdown c0c3f727-3a57-4cf2-9ef3-302a01638126@group-1BF5799665A0-FollowerState
2022-06-24 23:45:17,224 [grpc-default-executor-2] INFO  impl.RoleInfo (RoleInfo.java:updateAndGet(139)) - c0c3f727-3a57-4cf2-9ef3-302a01638126: start c0c3f727-3a57-4cf2-9ef3-302a01638126@group-1BF5799665A0-FollowerState
2022-06-24 23:45:17,224 [c0c3f727-3a57-4cf2-9ef3-302a01638126@group-1BF5799665A0-FollowerState] INFO  impl.FollowerState (FollowerState.java:run(152)) - c0c3f727-3a57-4cf2-9ef3-302a01638126@group-1BF5799665A0-FollowerState was interrupted
2022-06-24 23:45:17,224 [grpc-default-executor-1] INFO  server.RaftServer$Division (RaftServerImpl.java:requestVote(1152)) - 18423a42-f8bb-48b0-9845-301087e2fcde@group-1BF5799665A0: receive requestVote(ELECTION, 1cd66e73-07f1-4729-a00f-873523f7ad93, group-1BF5799665A0, 3, (t:0, i:0))
2022-06-24 23:45:17,226 [grpc-default-executor-1] INFO  impl.VoteContext (VoteContext.java:log(48)) - 18423a42-f8bb-48b0-9845-301087e2fcde@group-1BF5799665A0-FOLLOWER: reject ELECTION from 1cd66e73-07f1-4729-a00f-873523f7ad93: our priority 1 > candidate's priority 0
2022-06-24 23:45:17,226 [grpc-default-executor-1] INFO  server.RaftServer$Division (RaftServerImpl.java:setRole(299)) - 18423a42-f8bb-48b0-9845-301087e2fcde@group-1BF5799665A0: changes role from  FOLLOWER to FOLLOWER at term 3 for candidate:1cd66e73-07f1-4729-a00f-873523f7ad93
2022-06-24 23:45:17,226 [grpc-default-executor-1] INFO  impl.RoleInfo (RoleInfo.java:shutdownFollowerState(110)) - 18423a42-f8bb-48b0-9845-301087e2fcde: shutdown 18423a42-f8bb-48b0-9845-301087e2fcde@group-1BF5799665A0-FollowerState
2022-06-24 23:45:17,227 [grpc-default-executor-1] INFO  impl.RoleInfo (RoleInfo.java:updateAndGet(139)) - 18423a42-f8bb-48b0-9845-301087e2fcde: start 18423a42-f8bb-48b0-9845-301087e2fcde@group-1BF5799665A0-FollowerState
2022-06-24 23:45:17,227 [18423a42-f8bb-48b0-9845-301087e2fcde@group-1BF5799665A0-FollowerState] INFO  impl.FollowerState (FollowerState.java:run(152)) - 18423a42-f8bb-48b0-9845-301087e2fcde@group-1BF5799665A0-FollowerState was interrupted
2022-06-24 23:45:17,228 [grpc-default-executor-1] INFO  server.RaftServer$Division (RaftServerImpl.java:requestVote(1184)) - 18423a42-f8bb-48b0-9845-301087e2fcde@group-1BF5799665A0 replies to ELECTION vote request: 1cd66e73-07f1-4729-a00f-873523f7ad93<-18423a42-f8bb-48b0-9845-301087e2fcde#0:FAIL-t3. Peer's state: 18423a42-f8bb-48b0-9845-301087e2fcde@group-1BF5799665A0:t3, leader=null, voted=null, raftlog=18423a42-f8bb-48b0-9845-301087e2fcde@group-1BF5799665A0-SegmentedRaftLog:OPENED:c-1, conf=-1: [1cd66e73-07f1-4729-a00f-873523f7ad93|rpc:10.1.0.24:46017|priority:0, 18423a42-f8bb-48b0-9845-301087e2fcde|rpc:10.1.0.24:45671|priority:1, c0c3f727-3a57-4cf2-9ef3-302a01638126|rpc:10.1.0.24:32921|priority:0], old=null
2022-06-24 23:45:17,228 [grpc-default-executor-2] INFO  server.RaftServer$Division (RaftServerImpl.java:requestVote(1184)) - c0c3f727-3a57-4cf2-9ef3-302a01638126@group-1BF5799665A0 replies to ELECTION vote request: 1cd66e73-07f1-4729-a00f-873523f7ad93<-c0c3f727-3a57-4cf2-9ef3-302a01638126#0:OK-t3. Peer's state: c0c3f727-3a57-4cf2-9ef3-302a01638126@group-1BF5799665A0:t3, leader=null, voted=1cd66e73-07f1-4729-a00f-873523f7ad93, raftlog=c0c3f727-3a57-4cf2-9ef3-302a01638126@group-1BF5799665A0-SegmentedRaftLog:OPENED:c-1, conf=-1: [1cd66e73-07f1-4729-a00f-873523f7ad93|rpc:10.1.0.24:46017|dataStream:|priority:0, 18423a42-f8bb-48b0-9845-301087e2fcde|rpc:10.1.0.24:45671|dataStream:|priority:1, c0c3f727-3a57-4cf2-9ef3-302a01638126|rpc:10.1.0.24:32921|dataStream:|priority:0], old=null
2022-06-24 23:45:17,232 [1cd66e73-07f1-4729-a00f-873523f7ad93@group-1BF5799665A0-LeaderElection13] INFO  impl.LeaderElection (LeaderElection.java:logAndReturn(90)) - 1cd66e73-07f1-4729-a00f-873523f7ad93@group-1BF5799665A0-LeaderElection13: ELECTION REJECTED received 1 response(s) and 0 exception(s):
2022-06-24 23:45:17,233 [1cd66e73-07f1-4729-a00f-873523f7ad93@group-1BF5799665A0-LeaderElection13] INFO  impl.LeaderElection (LeaderElection.java:logAndReturn(94)) -   Response 0: 1cd66e73-07f1-4729-a00f-873523f7ad93<-18423a42-f8bb-48b0-9845-301087e2fcde#0:FAIL-t3
2022-06-24 23:45:17,233 [1cd66e73-07f1-4729-a00f-873523f7ad93@group-1BF5799665A0-LeaderElection13] INFO  impl.LeaderElection (LeaderElection.java:askForVotes(312)) - 1cd66e73-07f1-4729-a00f-873523f7ad93@group-1BF5799665A0-LeaderElection13 ELECTION round 0: result REJECTED
2022-06-24 23:45:17,235 [1cd66e73-07f1-4729-a00f-873523f7ad93@group-1BF5799665A0-LeaderElection13] INFO  server.RaftServer$Division (RaftServerImpl.java:setRole(299)) - 1cd66e73-07f1-4729-a00f-873523f7ad93@group-1BF5799665A0: changes role from CANDIDATE to FOLLOWER at term 3 for REJECTED
2022-06-24 23:45:17,235 [1cd66e73-07f1-4729-a00f-873523f7ad93@group-1BF5799665A0-LeaderElection13] INFO  impl.RoleInfo (RoleInfo.java:shutdownLeaderElection(130)) - 1cd66e73-07f1-4729-a00f-873523f7ad93: shutdown 1cd66e73-07f1-4729-a00f-873523f7ad93@group-1BF5799665A0-LeaderElection13
2022-06-24 23:45:17,235 [1cd66e73-07f1-4729-a00f-873523f7ad93@group-1BF5799665A0-LeaderElection13] INFO  impl.RoleInfo (RoleInfo.java:updateAndGet(139)) - 1cd66e73-07f1-4729-a00f-873523f7ad93: start 1cd66e73-07f1-4729-a00f-873523f7ad93@group-1BF5799665A0-FollowerState
2022-06-24 23:45:17,498 [Listener at 127.0.0.1/44795] INFO  ozone.MiniOzoneClusterImpl (MiniOzoneClusterImpl.java:lambda$waitForClusterToBeReady$0(223)) - Nodes are ready. Got 5 of 5 DN Heartbeats.
2022-06-24 23:45:17,499 [Listener at 127.0.0.1/44795] INFO  ozone.MiniOzoneClusterImpl (MiniOzoneClusterImpl.java:lambda$waitForClusterToBeReady$0(226)) - Waiting for cluster to exit safe mode
2022-06-24 23:45:17,499 [Listener at 127.0.0.1/44795] INFO  ozone.MiniOzoneClusterImpl (MiniOzoneClusterImpl.java:lambda$waitForClusterToBeReady$0(228)) - SCM became leader
2022-06-24 23:45:18,069 [1cd66e73-07f1-4729-a00f-873523f7ad93@group-776F56FA1288-FollowerState] INFO  impl.FollowerState (FollowerState.java:run(143)) - 1cd66e73-07f1-4729-a00f-873523f7ad93@group-776F56FA1288-FollowerState: change to CANDIDATE, lastRpcElapsedTime:5063629832ns, electionTimeout:5061ms
2022-06-24 23:45:18,069 [1cd66e73-07f1-4729-a00f-873523f7ad93@group-776F56FA1288-FollowerState] INFO  impl.RoleInfo (RoleInfo.java:shutdownFollowerState(110)) - 1cd66e73-07f1-4729-a00f-873523f7ad93: shutdown 1cd66e73-07f1-4729-a00f-873523f7ad93@group-776F56FA1288-FollowerState
2022-06-24 23:45:18,069 [1cd66e73-07f1-4729-a00f-873523f7ad93@group-776F56FA1288-FollowerState] INFO  server.RaftServer$Division (RaftServerImpl.java:setRole(299)) - 1cd66e73-07f1-4729-a00f-873523f7ad93@group-776F56FA1288: changes role from  FOLLOWER to CANDIDATE at term 2 for changeToCandidate
2022-06-24 23:45:18,069 [1cd66e73-07f1-4729-a00f-873523f7ad93@group-776F56FA1288-FollowerState] INFO  server.RaftServerConfigKeys (ConfUtils.java:logGet(46)) - raft.server.leaderelection.pre-vote = false (custom)
2022-06-24 23:45:18,069 [1cd66e73-07f1-4729-a00f-873523f7ad93@group-776F56FA1288-FollowerState] INFO  impl.RoleInfo (RoleInfo.java:updateAndGet(139)) - 1cd66e73-07f1-4729-a00f-873523f7ad93: start 1cd66e73-07f1-4729-a00f-873523f7ad93@group-776F56FA1288-LeaderElection14
2022-06-24 23:45:18,072 [1cd66e73-07f1-4729-a00f-873523f7ad93@group-776F56FA1288-LeaderElection14] INFO  impl.LeaderElection (LeaderElection.java:askForVotes(310)) - 1cd66e73-07f1-4729-a00f-873523f7ad93@group-776F56FA1288-LeaderElection14 ELECTION round 0: submit vote requests at term 3 for -1: [1cd66e73-07f1-4729-a00f-873523f7ad93|rpc:10.1.0.24:46017|priority:1, 18423a42-f8bb-48b0-9845-301087e2fcde|rpc:10.1.0.24:45671|priority:0, c0c3f727-3a57-4cf2-9ef3-302a01638126|rpc:10.1.0.24:32921|priority:0], old=null
2022-06-24 23:45:18,078 [grpc-default-executor-2] INFO  server.RaftServer$Division (RaftServerImpl.java:requestVote(1152)) - c0c3f727-3a57-4cf2-9ef3-302a01638126@group-776F56FA1288: receive requestVote(ELECTION, 1cd66e73-07f1-4729-a00f-873523f7ad93, group-776F56FA1288, 3, (t:0, i:0))
2022-06-24 23:45:18,079 [grpc-default-executor-2] INFO  impl.VoteContext (VoteContext.java:log(48)) - c0c3f727-3a57-4cf2-9ef3-302a01638126@group-776F56FA1288-FOLLOWER: accept ELECTION from 1cd66e73-07f1-4729-a00f-873523f7ad93: our priority 0 <= candidate's priority 1
2022-06-24 23:45:18,079 [grpc-default-executor-2] INFO  server.RaftServer$Division (RaftServerImpl.java:setRole(299)) - c0c3f727-3a57-4cf2-9ef3-302a01638126@group-776F56FA1288: changes role from  FOLLOWER to FOLLOWER at term 3 for candidate:1cd66e73-07f1-4729-a00f-873523f7ad93
2022-06-24 23:45:18,079 [grpc-default-executor-2] INFO  impl.RoleInfo (RoleInfo.java:shutdownFollowerState(110)) - c0c3f727-3a57-4cf2-9ef3-302a01638126: shutdown c0c3f727-3a57-4cf2-9ef3-302a01638126@group-776F56FA1288-FollowerState
2022-06-24 23:45:18,079 [c0c3f727-3a57-4cf2-9ef3-302a01638126@group-776F56FA1288-FollowerState] INFO  impl.FollowerState (FollowerState.java:run(152)) - c0c3f727-3a57-4cf2-9ef3-302a01638126@group-776F56FA1288-FollowerState was interrupted
2022-06-24 23:45:18,079 [grpc-default-executor-1] INFO  server.RaftServer$Division (RaftServerImpl.java:requestVote(1152)) - 18423a42-f8bb-48b0-9845-301087e2fcde@group-776F56FA1288: receive requestVote(ELECTION, 1cd66e73-07f1-4729-a00f-873523f7ad93, group-776F56FA1288, 3, (t:0, i:0))
2022-06-24 23:45:18,079 [grpc-default-executor-1] INFO  impl.VoteContext (VoteContext.java:log(48)) - 18423a42-f8bb-48b0-9845-301087e2fcde@group-776F56FA1288-FOLLOWER: accept ELECTION from 1cd66e73-07f1-4729-a00f-873523f7ad93: our priority 0 <= candidate's priority 1
2022-06-24 23:45:18,079 [grpc-default-executor-1] INFO  server.RaftServer$Division (RaftServerImpl.java:setRole(299)) - 18423a42-f8bb-48b0-9845-301087e2fcde@group-776F56FA1288: changes role from  FOLLOWER to FOLLOWER at term 3 for candidate:1cd66e73-07f1-4729-a00f-873523f7ad93
2022-06-24 23:45:18,079 [grpc-default-executor-1] INFO  impl.RoleInfo (RoleInfo.java:shutdownFollowerState(110)) - 18423a42-f8bb-48b0-9845-301087e2fcde: shutdown 18423a42-f8bb-48b0-9845-301087e2fcde@group-776F56FA1288-FollowerState
2022-06-24 23:45:18,079 [grpc-default-executor-1] INFO  impl.RoleInfo (RoleInfo.java:updateAndGet(139)) - 18423a42-f8bb-48b0-9845-301087e2fcde: start 18423a42-f8bb-48b0-9845-301087e2fcde@group-776F56FA1288-FollowerState
2022-06-24 23:45:18,079 [18423a42-f8bb-48b0-9845-301087e2fcde@group-776F56FA1288-FollowerState] INFO  impl.FollowerState (FollowerState.java:run(152)) - 18423a42-f8bb-48b0-9845-301087e2fcde@group-776F56FA1288-FollowerState was interrupted
2022-06-24 23:45:18,079 [grpc-default-executor-2] INFO  impl.RoleInfo (RoleInfo.java:updateAndGet(139)) - c0c3f727-3a57-4cf2-9ef3-302a01638126: start c0c3f727-3a57-4cf2-9ef3-302a01638126@group-776F56FA1288-FollowerState
2022-06-24 23:45:18,082 [grpc-default-executor-1] INFO  server.RaftServer$Division (RaftServerImpl.java:requestVote(1184)) - 18423a42-f8bb-48b0-9845-301087e2fcde@group-776F56FA1288 replies to ELECTION vote request: 1cd66e73-07f1-4729-a00f-873523f7ad93<-18423a42-f8bb-48b0-9845-301087e2fcde#0:OK-t3. Peer's state: 18423a42-f8bb-48b0-9845-301087e2fcde@group-776F56FA1288:t3, leader=null, voted=1cd66e73-07f1-4729-a00f-873523f7ad93, raftlog=18423a42-f8bb-48b0-9845-301087e2fcde@group-776F56FA1288-SegmentedRaftLog:OPENED:c-1, conf=-1: [1cd66e73-07f1-4729-a00f-873523f7ad93|rpc:10.1.0.24:46017|priority:1, 18423a42-f8bb-48b0-9845-301087e2fcde|rpc:10.1.0.24:45671|priority:0, c0c3f727-3a57-4cf2-9ef3-302a01638126|rpc:10.1.0.24:32921|priority:0], old=null
2022-06-24 23:45:18,082 [grpc-default-executor-2] INFO  server.RaftServer$Division (RaftServerImpl.java:requestVote(1184)) - c0c3f727-3a57-4cf2-9ef3-302a01638126@group-776F56FA1288 replies to ELECTION vote request: 1cd66e73-07f1-4729-a00f-873523f7ad93<-c0c3f727-3a57-4cf2-9ef3-302a01638126#0:OK-t3. Peer's state: c0c3f727-3a57-4cf2-9ef3-302a01638126@group-776F56FA1288:t3, leader=null, voted=1cd66e73-07f1-4729-a00f-873523f7ad93, raftlog=c0c3f727-3a57-4cf2-9ef3-302a01638126@group-776F56FA1288-SegmentedRaftLog:OPENED:c-1, conf=-1: [1cd66e73-07f1-4729-a00f-873523f7ad93|rpc:10.1.0.24:46017|dataStream:|priority:1, 18423a42-f8bb-48b0-9845-301087e2fcde|rpc:10.1.0.24:45671|dataStream:|priority:0, c0c3f727-3a57-4cf2-9ef3-302a01638126|rpc:10.1.0.24:32921|dataStream:|priority:0], old=null
2022-06-24 23:45:18,086 [1cd66e73-07f1-4729-a00f-873523f7ad93@group-776F56FA1288-LeaderElection14] INFO  impl.LeaderElection (LeaderElection.java:logAndReturn(90)) - 1cd66e73-07f1-4729-a00f-873523f7ad93@group-776F56FA1288-LeaderElection14: ELECTION PASSED received 1 response(s) and 0 exception(s):
2022-06-24 23:45:18,087 [1cd66e73-07f1-4729-a00f-873523f7ad93@group-776F56FA1288-LeaderElection14] INFO  impl.LeaderElection (LeaderElection.java:logAndReturn(94)) -   Response 0: 1cd66e73-07f1-4729-a00f-873523f7ad93<-18423a42-f8bb-48b0-9845-301087e2fcde#0:OK-t3
2022-06-24 23:45:18,087 [1cd66e73-07f1-4729-a00f-873523f7ad93@group-776F56FA1288-LeaderElection14] INFO  impl.LeaderElection (LeaderElection.java:askForVotes(312)) - 1cd66e73-07f1-4729-a00f-873523f7ad93@group-776F56FA1288-LeaderElection14 ELECTION round 0: result PASSED
2022-06-24 23:45:18,087 [1cd66e73-07f1-4729-a00f-873523f7ad93@group-776F56FA1288-LeaderElection14] INFO  impl.RoleInfo (RoleInfo.java:shutdownLeaderElection(130)) - 1cd66e73-07f1-4729-a00f-873523f7ad93: shutdown 1cd66e73-07f1-4729-a00f-873523f7ad93@group-776F56FA1288-LeaderElection14
2022-06-24 23:45:18,087 [1cd66e73-07f1-4729-a00f-873523f7ad93@group-776F56FA1288-LeaderElection14] INFO  server.RaftServer$Division (RaftServerImpl.java:setRole(299)) - 1cd66e73-07f1-4729-a00f-873523f7ad93@group-776F56FA1288: changes role from CANDIDATE to LEADER at term 3 for changeToLeader
2022-06-24 23:45:18,087 [1cd66e73-07f1-4729-a00f-873523f7ad93@group-776F56FA1288-LeaderElection14] INFO  ratis.XceiverServerRatis (XceiverServerRatis.java:handleLeaderChangedNotification(863)) - Leader change notification received for group: group-776F56FA1288 with new leaderId: 1cd66e73-07f1-4729-a00f-873523f7ad93
2022-06-24 23:45:18,087 [1cd66e73-07f1-4729-a00f-873523f7ad93@group-776F56FA1288-LeaderElection14] INFO  server.RaftServer$Division (ServerState.java:setLeader(287)) - 1cd66e73-07f1-4729-a00f-873523f7ad93@group-776F56FA1288: change Leader from null to 1cd66e73-07f1-4729-a00f-873523f7ad93 at term 3 for becomeLeader, leader elected after 15301ms
2022-06-24 23:45:18,087 [1cd66e73-07f1-4729-a00f-873523f7ad93@group-776F56FA1288-LeaderElection14] INFO  server.RaftServerConfigKeys (ConfUtils.java:logGet(46)) - raft.server.staging.catchup.gap = 1000 (default)
2022-06-24 23:45:18,088 [1cd66e73-07f1-4729-a00f-873523f7ad93@group-776F56FA1288-LeaderElection14] INFO  server.RaftServerConfigKeys (ConfUtils.java:logGet(46)) - raft.server.write.element-limit = 1024 (custom)
2022-06-24 23:45:18,088 [1cd66e73-07f1-4729-a00f-873523f7ad93@group-776F56FA1288-LeaderElection14] INFO  server.RaftServerConfigKeys (ConfUtils.java:logGet(46)) - raft.server.write.byte-limit = 1024 M (=1073741824) (custom)
2022-06-24 23:45:18,088 [1cd66e73-07f1-4729-a00f-873523f7ad93@group-776F56FA1288-LeaderElection14] INFO  server.RaftServerConfigKeys (ConfUtils.java:logGet(46)) - raft.server.watch.timeout = 180s (custom)
2022-06-24 23:45:18,088 [1cd66e73-07f1-4729-a00f-873523f7ad93@group-776F56FA1288-LeaderElection14] INFO  server.RaftServerConfigKeys (ConfUtils.java:logGet(46)) - raft.server.watch.timeout.denomination = 1s (default)
2022-06-24 23:45:18,088 [1cd66e73-07f1-4729-a00f-873523f7ad93@group-776F56FA1288-LeaderElection14] INFO  server.RaftServerConfigKeys (ConfUtils.java:logGet(46)) - raft.server.watch.element-limit = 65536 (default)
2022-06-24 23:45:18,088 [1cd66e73-07f1-4729-a00f-873523f7ad93@group-776F56FA1288-LeaderElection14] INFO  server.RaftServerConfigKeys (ConfUtils.java:logGet(46)) - raft.server.write.element-limit = 1024 (custom)
2022-06-24 23:45:18,088 [1cd66e73-07f1-4729-a00f-873523f7ad93@group-776F56FA1288-LeaderElection14] INFO  server.RaftServerConfigKeys (ConfUtils.java:logGet(46)) - raft.server.write.follower.gap.ratio.max = -1.0 (default)
2022-06-24 23:45:18,092 [EventQueue-PipelineReportForPipelineReportHandler] INFO  pipeline.PipelineManagerImpl (PipelineManagerImpl.java:openPipeline(358)) - Pipeline Pipeline[ Id: 997d2440-d3f2-4afe-baa1-776f56fa1288, Nodes: 18423a42-f8bb-48b0-9845-301087e2fcde{ip: 10.1.0.24, host: fv-az21-224.v4iizcarkezebbfea14bcgzyke.bx.internal.cloudapp.net, ports: [REPLICATION=45717, RATIS=45671, RATIS_ADMIN=45671, RATIS_SERVER=45671, STANDALONE=36383], networkLocation: /default-rack, certSerialId: null, persistedOpState: IN_SERVICE, persistedOpStateExpiryEpochSec: 0}c0c3f727-3a57-4cf2-9ef3-302a01638126{ip: 10.1.0.24, host: fv-az21-224.v4iizcarkezebbfea14bcgzyke.bx.internal.cloudapp.net, ports: [REPLICATION=38909, RATIS=32921, RATIS_ADMIN=32921, RATIS_SERVER=32921, STANDALONE=35853], networkLocation: /default-rack, certSerialId: null, persistedOpState: IN_SERVICE, persistedOpStateExpiryEpochSec: 0}1cd66e73-07f1-4729-a00f-873523f7ad93{ip: 10.1.0.24, host: fv-az21-224.v4iizcarkezebbfea14bcgzyke.bx.internal.cloudapp.net, ports: [REPLICATION=35287, RATIS=46017, RATIS_ADMIN=46017, RATIS_SERVER=46017, STANDALONE=41541], networkLocation: /default-rack, certSerialId: null, persistedOpState: IN_SERVICE, persistedOpStateExpiryEpochSec: 0}, ReplicationConfig: RATIS/THREE, State:ALLOCATED, leaderId:1cd66e73-07f1-4729-a00f-873523f7ad93, CreationTimestamp2022-06-24T23:44:59.873Z[Etc/UTC]] moved to OPEN state
2022-06-24 23:45:18,095 [EventQueue-OpenPipelineForHealthyPipelineSafeModeRule] INFO  safemode.SCMSafeModeManager (HealthyPipelineSafeModeRule.java:process(124)) - SCM in safe mode. Healthy pipelines reported count is 0, required healthy pipeline reported count is 1
2022-06-24 23:45:18,097 [EventQueue-OpenPipelineForHealthyPipelineSafeModeRule] INFO  safemode.SCMSafeModeManager (HealthyPipelineSafeModeRule.java:process(124)) - SCM in safe mode. Healthy pipelines reported count is 1, required healthy pipeline reported count is 1
2022-06-24 23:45:18,097 [EventQueue-OpenPipelineForHealthyPipelineSafeModeRule] INFO  safemode.SCMSafeModeManager (SCMSafeModeManager.java:validateSafeModeExitRules(204)) - HealthyPipelineSafeModeRule rule is successfully validated
2022-06-24 23:45:18,097 [EventQueue-OpenPipelineForHealthyPipelineSafeModeRule] INFO  safemode.SCMSafeModeManager (SCMSafeModeManager.java:validateSafeModeExitRules(219)) - ScmSafeModeManager, all rules are successfully validated
2022-06-24 23:45:18,097 [EventQueue-OpenPipelineForHealthyPipelineSafeModeRule] INFO  safemode.SCMSafeModeManager (SCMSafeModeManager.java:exitSafeMode(248)) - SCM exiting safe mode.
2022-06-24 23:45:18,097 [EventQueue-OpenPipelineForHealthyPipelineSafeModeRule] WARN  events.EventQueue (EventQueue.java:fireEvent(216)) - No event handler registered for event TypedEvent{payloadType=SafeModeStatus, name='Safe mode status'}
2022-06-24 23:45:18,097 [EventQueue-OpenPipelineForHealthyPipelineSafeModeRule] INFO  ha.SCMContext (SCMContext.java:updateSafeModeStatus(228)) - Update SafeModeStatus from SafeModeStatus{safeModeStatus=true, preCheckPassed=true} to SafeModeStatus{safeModeStatus=false, preCheckPassed=true}.
2022-06-24 23:45:18,097 [EventQueue-OpenPipelineForHealthyPipelineSafeModeRule] INFO  pipeline.BackgroundPipelineCreator (BackgroundPipelineCreator.java:notifyStatusChanged(253)) - Service BackgroundPipelineCreator transitions to RUNNING.
2022-06-24 23:45:18,097 [EventQueue-OpenPipelineForHealthyPipelineSafeModeRule] INFO  BackgroundPipelineScrubber (BackgroundSCMService.java:notifyStatusChanged(82)) - Service BackgroundPipelineScrubber transitions to RUNNING.
2022-06-24 23:45:18,097 [EventQueue-OpenPipelineForHealthyPipelineSafeModeRule] INFO  ExpiredContainerReplicaOpScrubber (BackgroundSCMService.java:notifyStatusChanged(82)) - Service ExpiredContainerReplicaOpScrubber transitions to RUNNING.
2022-06-24 23:45:18,098 [EventQueue-OpenPipelineForHealthyPipelineSafeModeRule] INFO  replication.ReplicationManager (ReplicationManager.java:notifyStatusChanged(372)) - Service ReplicationManager transitions to RUNNING.
2022-06-24 23:45:18,098 [EventQueue-OpenPipelineForHealthyPipelineSafeModeRule] WARN  balancer.ContainerBalancer (ContainerBalancer.java:shouldRun(875)) - Could not find persisted configuration for ContainerBalancer when checking if ContainerBalancer should run. ContainerBalancer should not run now.
2022-06-24 23:45:18,100 [1cd66e73-07f1-4729-a00f-873523f7ad93@group-776F56FA1288-LeaderElection14] INFO  server.RaftServerConfigKeys (ConfUtils.java:logGet(46)) - raft.server.log.appender.snapshot.chunk.size.max = 16MB (=16777216) (default)
2022-06-24 23:45:18,101 [1cd66e73-07f1-4729-a00f-873523f7ad93@group-776F56FA1288-LeaderElection14] INFO  server.RaftServerConfigKeys (ConfUtils.java:logGet(46)) - raft.server.log.appender.buffer.byte-limit = 33554432 (custom)
2022-06-24 23:45:18,101 [1cd66e73-07f1-4729-a00f-873523f7ad93@group-776F56FA1288-LeaderElection14] INFO  server.RaftServerConfigKeys (ConfUtils.java:logGet(46)) - raft.server.log.appender.buffer.element-limit = 1 (custom)
2022-06-24 23:45:18,104 [1cd66e73-07f1-4729-a00f-873523f7ad93@group-776F56FA1288-LeaderElection14] INFO  grpc.GrpcConfigKeys (ConfUtils.java:logGet(46)) - raft.grpc.server.leader.outstanding.appends.max = 128 (default)
2022-06-24 23:45:18,104 [1cd66e73-07f1-4729-a00f-873523f7ad93@group-776F56FA1288-LeaderElection14] INFO  server.RaftServerConfigKeys (ConfUtils.java:logGet(46)) - raft.server.rpc.request.timeout = 60s (custom)
2022-06-24 23:45:18,104 [1cd66e73-07f1-4729-a00f-873523f7ad93@group-776F56FA1288-LeaderElection14] INFO  server.RaftServerConfigKeys (ConfUtils.java:logGet(46)) - raft.server.log.appender.install.snapshot.enabled = false (custom)
2022-06-24 23:45:18,106 [1cd66e73-07f1-4729-a00f-873523f7ad93@group-776F56FA1288-LeaderElection14] INFO  server.RaftServerConfigKeys (ConfUtils.java:logGet(46)) - raft.server.log.appender.snapshot.chunk.size.max = 16MB (=16777216) (default)
2022-06-24 23:45:18,106 [1cd66e73-07f1-4729-a00f-873523f7ad93@group-776F56FA1288-LeaderElection14] INFO  server.RaftServerConfigKeys (ConfUtils.java:logGet(46)) - raft.server.log.appender.buffer.byte-limit = 33554432 (custom)
2022-06-24 23:45:18,106 [1cd66e73-07f1-4729-a00f-873523f7ad93@group-776F56FA1288-LeaderElection14] INFO  server.RaftServerConfigKeys (ConfUtils.java:logGet(46)) - raft.server.log.appender.buffer.element-limit = 1 (custom)
2022-06-24 23:45:18,106 [1cd66e73-07f1-4729-a00f-873523f7ad93@group-776F56FA1288-LeaderElection14] INFO  grpc.GrpcConfigKeys (ConfUtils.java:logGet(46)) - raft.grpc.server.leader.outstanding.appends.max = 128 (default)
2022-06-24 23:45:18,106 [1cd66e73-07f1-4729-a00f-873523f7ad93@group-776F56FA1288-LeaderElection14] INFO  server.RaftServerConfigKeys (ConfUtils.java:logGet(46)) - raft.server.rpc.request.timeout = 60s (custom)
2022-06-24 23:45:18,106 [1cd66e73-07f1-4729-a00f-873523f7ad93@group-776F56FA1288-LeaderElection14] INFO  server.RaftServerConfigKeys (ConfUtils.java:logGet(46)) - raft.server.log.appender.install.snapshot.enabled = false (custom)
2022-06-24 23:45:18,107 [1cd66e73-07f1-4729-a00f-873523f7ad93@group-776F56FA1288-LeaderElection14] INFO  impl.RoleInfo (RoleInfo.java:updateAndGet(139)) - 1cd66e73-07f1-4729-a00f-873523f7ad93: start 1cd66e73-07f1-4729-a00f-873523f7ad93@group-776F56FA1288-LeaderStateImpl
2022-06-24 23:45:18,108 [1cd66e73-07f1-4729-a00f-873523f7ad93@group-776F56FA1288-LeaderElection14] INFO  segmented.SegmentedRaftLogWorker (SegmentedRaftLogWorker.java:startLogSegment(425)) - 1cd66e73-07f1-4729-a00f-873523f7ad93@group-776F56FA1288-SegmentedRaftLogWorker: Starting segment from index:0
2022-06-24 23:45:18,109 [1cd66e73-07f1-4729-a00f-873523f7ad93@group-776F56FA1288-SegmentedRaftLogWorker] INFO  segmented.SegmentedRaftLogWorker (SegmentedRaftLogWorker.java:execute(629)) - 1cd66e73-07f1-4729-a00f-873523f7ad93@group-776F56FA1288-SegmentedRaftLogWorker: created new log segment /home/runner/work/ozone/ozone/hadoop-ozone/integration-test/target/test-dir/MiniOzoneClusterImpl-85de49eb-2ce1-4613-814a-bfb310a11337/datanode-0/data/ratis/997d2440-d3f2-4afe-baa1-776f56fa1288/current/log_inprogress_0
2022-06-24 23:45:18,147 [1cd66e73-07f1-4729-a00f-873523f7ad93@group-776F56FA1288-LeaderElection14] INFO  server.RaftServer$Division (ServerState.java:setRaftConf(393)) - 1cd66e73-07f1-4729-a00f-873523f7ad93@group-776F56FA1288: set configuration 0: [1cd66e73-07f1-4729-a00f-873523f7ad93|rpc:10.1.0.24:46017|dataStream:|priority:1, 18423a42-f8bb-48b0-9845-301087e2fcde|rpc:10.1.0.24:45671|dataStream:|priority:0, c0c3f727-3a57-4cf2-9ef3-302a01638126|rpc:10.1.0.24:32921|dataStream:|priority:0], old=null
2022-06-24 23:45:18,188 [c0c3f727-3a57-4cf2-9ef3-302a01638126-server-thread1] INFO  ratis.XceiverServerRatis (XceiverServerRatis.java:handleLeaderChangedNotification(863)) - Leader change notification received for group: group-776F56FA1288 with new leaderId: 1cd66e73-07f1-4729-a00f-873523f7ad93
2022-06-24 23:45:18,188 [c0c3f727-3a57-4cf2-9ef3-302a01638126-server-thread1] INFO  server.RaftServer$Division (ServerState.java:setLeader(287)) - c0c3f727-3a57-4cf2-9ef3-302a01638126@group-776F56FA1288: change Leader from null to 1cd66e73-07f1-4729-a00f-873523f7ad93 at term 3 for appendEntries, leader elected after 15398ms
2022-06-24 23:45:18,190 [18423a42-f8bb-48b0-9845-301087e2fcde-server-thread1] INFO  ratis.XceiverServerRatis (XceiverServerRatis.java:handleLeaderChangedNotification(863)) - Leader change notification received for group: group-776F56FA1288 with new leaderId: 1cd66e73-07f1-4729-a00f-873523f7ad93
2022-06-24 23:45:18,190 [18423a42-f8bb-48b0-9845-301087e2fcde-server-thread1] INFO  server.RaftServer$Division (ServerState.java:setLeader(287)) - 18423a42-f8bb-48b0-9845-301087e2fcde@group-776F56FA1288: change Leader from null to 1cd66e73-07f1-4729-a00f-873523f7ad93 at term 3 for appendEntries, leader elected after 15456ms
2022-06-24 23:45:18,215 [18423a42-f8bb-48b0-9845-301087e2fcde-server-thread1] INFO  server.RaftServer$Division (ServerState.java:setRaftConf(393)) - 18423a42-f8bb-48b0-9845-301087e2fcde@group-776F56FA1288: set configuration 0: [1cd66e73-07f1-4729-a00f-873523f7ad93|rpc:10.1.0.24:46017|dataStream:|priority:1, 18423a42-f8bb-48b0-9845-301087e2fcde|rpc:10.1.0.24:45671|dataStream:|priority:0, c0c3f727-3a57-4cf2-9ef3-302a01638126|rpc:10.1.0.24:32921|dataStream:|priority:0], old=null
2022-06-24 23:45:18,215 [18423a42-f8bb-48b0-9845-301087e2fcde-server-thread1] INFO  segmented.SegmentedRaftLogWorker (SegmentedRaftLogWorker.java:startLogSegment(425)) - 18423a42-f8bb-48b0-9845-301087e2fcde@group-776F56FA1288-SegmentedRaftLogWorker: Starting segment from index:0
2022-06-24 23:45:18,215 [c0c3f727-3a57-4cf2-9ef3-302a01638126-server-thread1] INFO  server.RaftServer$Division (ServerState.java:setRaftConf(393)) - c0c3f727-3a57-4cf2-9ef3-302a01638126@group-776F56FA1288: set configuration 0: [1cd66e73-07f1-4729-a00f-873523f7ad93|rpc:10.1.0.24:46017|dataStream:|priority:1, 18423a42-f8bb-48b0-9845-301087e2fcde|rpc:10.1.0.24:45671|dataStream:|priority:0, c0c3f727-3a57-4cf2-9ef3-302a01638126|rpc:10.1.0.24:32921|dataStream:|priority:0], old=null
2022-06-24 23:45:18,216 [c0c3f727-3a57-4cf2-9ef3-302a01638126-server-thread1] INFO  segmented.SegmentedRaftLogWorker (SegmentedRaftLogWorker.java:startLogSegment(425)) - c0c3f727-3a57-4cf2-9ef3-302a01638126@group-776F56FA1288-SegmentedRaftLogWorker: Starting segment from index:0
2022-06-24 23:45:18,216 [18423a42-f8bb-48b0-9845-301087e2fcde@group-776F56FA1288-SegmentedRaftLogWorker] INFO  segmented.SegmentedRaftLogWorker (SegmentedRaftLogWorker.java:execute(629)) - 18423a42-f8bb-48b0-9845-301087e2fcde@group-776F56FA1288-SegmentedRaftLogWorker: created new log segment /home/runner/work/ozone/ozone/hadoop-ozone/integration-test/target/test-dir/MiniOzoneClusterImpl-85de49eb-2ce1-4613-814a-bfb310a11337/datanode-1/data/ratis/997d2440-d3f2-4afe-baa1-776f56fa1288/current/log_inprogress_0
2022-06-24 23:45:18,218 [c0c3f727-3a57-4cf2-9ef3-302a01638126@group-776F56FA1288-SegmentedRaftLogWorker] INFO  segmented.SegmentedRaftLogWorker (SegmentedRaftLogWorker.java:execute(629)) - c0c3f727-3a57-4cf2-9ef3-302a01638126@group-776F56FA1288-SegmentedRaftLogWorker: created new log segment /home/runner/work/ozone/ozone/hadoop-ozone/integration-test/target/test-dir/MiniOzoneClusterImpl-85de49eb-2ce1-4613-814a-bfb310a11337/datanode-2/data/ratis/997d2440-d3f2-4afe-baa1-776f56fa1288/current/log_inprogress_0
2022-06-24 23:45:18,499 [Listener at 127.0.0.1/44795] INFO  ozone.MiniOzoneClusterImpl (MiniOzoneClusterImpl.java:lambda$waitForClusterToBeReady$0(223)) - Nodes are ready. Got 5 of 5 DN Heartbeats.
2022-06-24 23:45:18,500 [Listener at 127.0.0.1/44795] INFO  ozone.MiniOzoneClusterImpl (MiniOzoneClusterImpl.java:lambda$waitForClusterToBeReady$0(226)) - Cluster exits safe mode
2022-06-24 23:45:18,500 [Listener at 127.0.0.1/44795] INFO  ozone.MiniOzoneClusterImpl (MiniOzoneClusterImpl.java:lambda$waitForClusterToBeReady$0(228)) - SCM became leader
2022-06-24 23:45:18,953 [Listener at 127.0.0.1/44795] INFO  rpc.RpcClient (RpcClient.java:createVolume(466)) - Creating Volume: volume84730, with user72405 as owner and space quota set to -1 bytes, counts quota set to -1
2022-06-24 23:45:19,003 [OM StateMachine ApplyTransaction Thread - 0] INFO  volume.OMVolumeCreateRequest (OMVolumeCreateRequest.java:validateAndUpdateCache(195)) - created volume:volume84730 for user:user72405
2022-06-24 23:45:19,031 [Listener at 127.0.0.1/44795] INFO  rpc.RpcClient (RpcClient.java:createBucket(666)) - Creating Bucket: volume84730/bucket91502, with the Bucket Layout LEGACY, runner as owner, Versioning false, Storage Type set to DISK and Encryption set to false 
2022-06-24 23:45:19,048 [OM StateMachine ApplyTransaction Thread - 0] INFO  bucket.OMBucketCreateRequest (OMBucketCreateRequest.java:validateAndUpdateCache(260)) - created bucket: bucket91502 of layout LEGACY in volume: volume84730
]]></system-out>
  </testcase>
  <testcase name="testGetTrashRoot" classname="TestOzoneFileSystem" time="47.27">
    <system-out><![CDATA[2022-06-24 23:45:38,900 [Listener at 127.0.0.1/44795] INFO  ozone.MiniOzoneClusterImpl (MiniOzoneClusterImpl.java:shutdown(460)) - Shutting down the Mini Ozone Cluster
2022-06-24 23:45:38,900 [Listener at 127.0.0.1/44795] INFO  ozone.MiniOzoneClusterImpl (MiniOzoneClusterImpl.java:stop(475)) - Stopping the Mini Ozone Cluster
2022-06-24 23:45:38,901 [Listener at 127.0.0.1/44795] INFO  ozone.MiniOzoneClusterImpl (MiniOzoneClusterImpl.java:stopOM(557)) - Stopping the OzoneManager
2022-06-24 23:45:38,901 [Listener at 127.0.0.1/44795] INFO  om.OzoneManager (OzoneManager.java:stop(2020)) - om1[localhost:0]: Stopping Ozone Manager
2022-06-24 23:45:38,902 [Listener at 127.0.0.1/44795] INFO  ipc.Server (Server.java:stop(3414)) - Stopping server on 44795
2022-06-24 23:45:38,908 [IPC Server listener on 0] INFO  ipc.Server (Server.java:run(1376)) - Stopping IPC Server listener on 0
2022-06-24 23:45:38,909 [IPC Server Responder] INFO  ipc.Server (Server.java:run(1512)) - Stopping IPC Server Responder
2022-06-24 23:45:38,910 [Listener at 127.0.0.1/44795] INFO  server.RaftServer (RaftServerProxy.java:lambda$close$7(398)) - om1: close
2022-06-24 23:45:38,911 [Listener at 127.0.0.1/44795] INFO  server.RaftServer$Division (RaftServerImpl.java:lambda$close$4(434)) - om1@group-C5BA1605619E: shutdown
2022-06-24 23:45:38,911 [Listener at 127.0.0.1/44795] INFO  util.JmxRegister (JmxRegister.java:unregister(73)) - Successfully un-registered JMX Bean with object name Ratis:service=RaftServer,group=group-C5BA1605619E,id=om1
2022-06-24 23:45:38,911 [Listener at 127.0.0.1/44795] INFO  impl.RoleInfo (RoleInfo.java:shutdownLeaderState(93)) - om1: shutdown om1@group-C5BA1605619E-LeaderStateImpl
2022-06-24 23:45:38,912 [Listener at 127.0.0.1/44795] INFO  impl.PendingRequests (PendingRequests.java:sendNotLeaderResponses(282)) - om1@group-C5BA1605619E-PendingRequests: sendNotLeaderResponses
2022-06-24 23:45:38,915 [om1@group-C5BA1605619E-StateMachineUpdater] INFO  ratis.OzoneManagerStateMachine (OzoneManagerStateMachine.java:takeSnapshot(441)) - Current Snapshot Index (t:1, i:10306)
2022-06-24 23:45:38,917 [om1@group-C5BA1605619E-StateMachineUpdater] INFO  impl.StateMachineUpdater (StateMachineUpdater.java:takeSnapshot(287)) - om1@group-C5BA1605619E-StateMachineUpdater: Took a snapshot at index 10306
2022-06-24 23:45:38,917 [om1@group-C5BA1605619E-StateMachineUpdater] INFO  impl.StateMachineUpdater (StateMachineUpdater.java:lambda$new$0(92)) - om1@group-C5BA1605619E-StateMachineUpdater: snapshotIndex: updateIncreasingly -1 -> 10306
2022-06-24 23:45:38,917 [om1@group-C5BA1605619E-StateMachineUpdater] INFO  ratis.OzoneManagerStateMachine (OzoneManagerStateMachine.java:close(495)) - StateMachine has shutdown. Shutdown OzoneManager if not already shutdown.
2022-06-24 23:45:38,917 [om1@group-C5BA1605619E-StateMachineUpdater] INFO  ratis.OzoneManagerDoubleBuffer (OzoneManagerDoubleBuffer.java:stop(465)) - Stopping OMDoubleBuffer flush thread
2022-06-24 23:45:38,918 [Listener at 127.0.0.1/44795] INFO  impl.StateMachineUpdater (StateMachineUpdater.java:stopAndJoin(153)) - om1@group-C5BA1605619E-StateMachineUpdater: set stopIndex = 10306
2022-06-24 23:45:38,918 [OMDoubleBufferFlushThread] INFO  ratis.OzoneManagerDoubleBuffer (OzoneManagerDoubleBuffer.java:flushTransactions(385)) - OMDoubleBuffer flush thread OMDoubleBufferFlushThread is interrupted and will exit.
2022-06-24 23:45:38,920 [Listener at 127.0.0.1/44795] INFO  server.RaftServer$Division (ServerState.java:close(429)) - om1@group-C5BA1605619E: closes. applyIndex: 10306
2022-06-24 23:45:38,925 [om1@group-C5BA1605619E-SegmentedRaftLogWorker] INFO  segmented.SegmentedRaftLogWorker (SegmentedRaftLogWorker.java:run(336)) - om1@group-C5BA1605619E-SegmentedRaftLogWorker was interrupted, exiting. There are 0 tasks remaining in the queue.
2022-06-24 23:45:38,926 [Listener at 127.0.0.1/44795] INFO  segmented.SegmentedRaftLogWorker (SegmentedRaftLogWorker.java:close(246)) - om1@group-C5BA1605619E-SegmentedRaftLogWorker close()
2022-06-24 23:45:38,928 [Listener at 127.0.0.1/44795] INFO  server.GrpcService (GrpcService.java:closeImpl(269)) - om1: shutdown server with port 9872 now
2022-06-24 23:45:38,936 [Listener at 127.0.0.1/44795] INFO  server.GrpcService (GrpcService.java:closeImpl(278)) - om1: shutdown server with port 9872 successfully
2022-06-24 23:45:38,936 [org.apache.ratis.util.JvmPauseMonitor$$Lambda$627/395666382@6584b606] INFO  util.JvmPauseMonitor (JvmPauseMonitor.java:run(109)) - JvmPauseMonitor-om1: Stopped
2022-06-24 23:45:38,937 [Listener at 127.0.0.1/44795] INFO  ratis.OzoneManagerStateMachine (OzoneManagerStateMachine.java:close(495)) - StateMachine has shutdown. Shutdown OzoneManager if not already shutdown.
2022-06-24 23:45:38,937 [Listener at 127.0.0.1/44795] INFO  ratis.OzoneManagerDoubleBuffer (OzoneManagerDoubleBuffer.java:stop(477)) - OMDoubleBuffer flush thread is not running.
2022-06-24 23:45:38,937 [Listener at 127.0.0.1/44795] INFO  utils.BackgroundService (BackgroundService.java:shutdown(132)) - Shutting down service KeyDeletingService
2022-06-24 23:45:38,937 [Listener at 127.0.0.1/44795] INFO  utils.BackgroundService (BackgroundService.java:shutdown(132)) - Shutting down service DirectoryDeletingService
2022-06-24 23:45:38,938 [Listener at 127.0.0.1/44795] INFO  utils.BackgroundService (BackgroundService.java:shutdown(132)) - Shutting down service OpenKeyCleanupService
2022-06-24 23:45:38,941 [Listener at 127.0.0.1/44795] INFO  handler.ContextHandler (ContextHandler.java:doStop(1153)) - Stopped o.e.j.w.WebAppContext@504d9fd1{ozoneManager,/,null,STOPPED}{file:/home/runner/work/ozone/ozone/hadoop-ozone/integration-test/target/test-classes/webapps/ozoneManager}
2022-06-24 23:45:38,945 [Listener at 127.0.0.1/44795] INFO  server.AbstractConnector (AbstractConnector.java:doStop(381)) - Stopped ServerConnector@77187c70{HTTP/1.1, (http/1.1)}{0.0.0.0:0}
2022-06-24 23:45:38,945 [Listener at 127.0.0.1/44795] INFO  server.session (HouseKeeper.java:stopScavenging(149)) - node0 Stopped scavenging
2022-06-24 23:45:38,945 [Listener at 127.0.0.1/44795] INFO  handler.ContextHandler (ContextHandler.java:doStop(1153)) - Stopped o.e.j.s.ServletContextHandler@78f28dbb{static,/static,file:///home/runner/work/ozone/ozone/hadoop-ozone/integration-test/target/test-classes/webapps/static,STOPPED}
2022-06-24 23:45:38,946 [Listener at 127.0.0.1/44795] INFO  handler.ContextHandler (ContextHandler.java:doStop(1153)) - Stopped o.e.j.s.ServletContextHandler@4926f6d6{logs,/logs,file:///home/runner/work/ozone/ozone/hadoop-ozone/integration-test/target/log,STOPPED}
2022-06-24 23:45:38,947 [Trash Emptier] ERROR om.TrashPolicyOzone (TrashPolicyOzone.java:run(251)) - Error attempting to shutdown
java.lang.InterruptedException
	at java.util.concurrent.locks.AbstractQueuedSynchronizer$ConditionObject.awaitNanos(AbstractQueuedSynchronizer.java:2067)
	at java.util.concurrent.ThreadPoolExecutor.awaitTermination(ThreadPoolExecutor.java:1475)
	at org.apache.hadoop.ozone.om.TrashPolicyOzone$Emptier.run(TrashPolicyOzone.java:249)
	at java.lang.Thread.run(Thread.java:750)
2022-06-24 23:45:38,948 [Trash Emptier] ERROR util.ExitUtils (ExitUtils.java:terminate(133)) - Terminating with exit status -1: Thread[Trash Emptier,5,main] has thrown an uncaught exception
java.lang.UnsupportedOperationException: fs.getUri() not implemented in TrashOzoneFileSystem
	at org.apache.hadoop.ozone.om.TrashOzoneFileSystem.getUri(TrashOzoneFileSystem.java:126)
	at org.apache.hadoop.fs.FileSystem.close(FileSystem.java:2592)
	at org.apache.hadoop.ozone.om.TrashPolicyOzone$Emptier.run(TrashPolicyOzone.java:243)
	at java.lang.Thread.run(Thread.java:750)
2022-06-24 23:45:38,949 [Listener at 127.0.0.1/44795] INFO  ozone.MiniOzoneClusterImpl (MiniOzoneClusterImpl.java:stopDatanodes(534)) - Stopping the HddsDatanodes
2022-06-24 23:45:43,955 [Listener at 127.0.0.1/44795] INFO  ozoneimpl.OzoneContainer (OzoneContainer.java:stop(365)) - Attempting to stop container services.
2022-06-24 23:45:43,955 [ForkJoinPool.commonPool-worker-1] INFO  ozoneimpl.OzoneContainer (OzoneContainer.java:stop(365)) - Attempting to stop container services.
2022-06-24 23:45:43,959 [ForkJoinPool.commonPool-worker-1] INFO  server.RaftServer (RaftServerProxy.java:lambda$close$7(398)) - 18423a42-f8bb-48b0-9845-301087e2fcde: close
2022-06-24 23:45:43,960 [ForkJoinPool.commonPool-worker-1] INFO  server.RaftServer$Division (RaftServerImpl.java:lambda$close$4(434)) - 18423a42-f8bb-48b0-9845-301087e2fcde@group-1BF5799665A0: shutdown
2022-06-24 23:45:43,960 [Listener at 127.0.0.1/44795] INFO  server.RaftServer (RaftServerProxy.java:lambda$close$7(398)) - c0c3f727-3a57-4cf2-9ef3-302a01638126: close
2022-06-24 23:45:43,960 [ForkJoinPool.commonPool-worker-1] INFO  util.JmxRegister (JmxRegister.java:unregister(73)) - Successfully un-registered JMX Bean with object name Ratis:service=RaftServer,group=group-1BF5799665A0,id=18423a42-f8bb-48b0-9845-301087e2fcde
2022-06-24 23:45:43,960 [Listener at 127.0.0.1/44795] INFO  server.RaftServer$Division (RaftServerImpl.java:lambda$close$4(434)) - c0c3f727-3a57-4cf2-9ef3-302a01638126@group-9499243C0D3B: shutdown
2022-06-24 23:45:43,960 [ForkJoinPool.commonPool-worker-1] INFO  impl.RoleInfo (RoleInfo.java:shutdownLeaderState(93)) - 18423a42-f8bb-48b0-9845-301087e2fcde: shutdown 18423a42-f8bb-48b0-9845-301087e2fcde@group-1BF5799665A0-LeaderStateImpl
2022-06-24 23:45:43,960 [Listener at 127.0.0.1/44795] INFO  util.JmxRegister (JmxRegister.java:unregister(73)) - Successfully un-registered JMX Bean with object name Ratis:service=RaftServer,group=group-9499243C0D3B,id=c0c3f727-3a57-4cf2-9ef3-302a01638126
2022-06-24 23:45:43,961 [18423a42-f8bb-48b0-9845-301087e2fcde@group-1BF5799665A0->1cd66e73-07f1-4729-a00f-873523f7ad93-GrpcLogAppender-LogAppenderDaemon] WARN  server.GrpcLogAppender (GrpcLogAppender.java:mayWait(171)) - 18423a42-f8bb-48b0-9845-301087e2fcde@group-1BF5799665A0->1cd66e73-07f1-4729-a00f-873523f7ad93-GrpcLogAppender: Wait interrupted by java.lang.InterruptedException
2022-06-24 23:45:43,962 [grpc-default-executor-1] INFO  server.GrpcServerProtocolService (GrpcServerProtocolService.java:onCompleted(140)) - 1cd66e73-07f1-4729-a00f-873523f7ad93: Completed APPEND_ENTRIES, lastRequest: 18423a42-f8bb-48b0-9845-301087e2fcde->1cd66e73-07f1-4729-a00f-873523f7ad93#255-t4,previous=(t:4, i:3),leaderCommit=2,initializing? true,entries: size=1, first=(t:4, i:4), METADATAENTRY(c:2)
2022-06-24 23:45:43,961 [ForkJoinPool.commonPool-worker-1] INFO  impl.PendingRequests (PendingRequests.java:sendNotLeaderResponses(282)) - 18423a42-f8bb-48b0-9845-301087e2fcde@group-1BF5799665A0-PendingRequests: sendNotLeaderResponses
2022-06-24 23:45:43,968 [Listener at 127.0.0.1/44795] INFO  impl.RoleInfo (RoleInfo.java:shutdownLeaderState(93)) - c0c3f727-3a57-4cf2-9ef3-302a01638126: shutdown c0c3f727-3a57-4cf2-9ef3-302a01638126@group-9499243C0D3B-LeaderStateImpl
2022-06-24 23:45:43,969 [Listener at 127.0.0.1/44795] INFO  impl.PendingRequests (PendingRequests.java:sendNotLeaderResponses(282)) - c0c3f727-3a57-4cf2-9ef3-302a01638126@group-9499243C0D3B-PendingRequests: sendNotLeaderResponses
2022-06-24 23:45:43,968 [18423a42-f8bb-48b0-9845-301087e2fcde@group-1BF5799665A0->c0c3f727-3a57-4cf2-9ef3-302a01638126-GrpcLogAppender-LogAppenderDaemon] WARN  server.GrpcLogAppender (GrpcLogAppender.java:mayWait(171)) - 18423a42-f8bb-48b0-9845-301087e2fcde@group-1BF5799665A0->c0c3f727-3a57-4cf2-9ef3-302a01638126-GrpcLogAppender: Wait interrupted by java.lang.InterruptedException
2022-06-24 23:45:43,968 [grpc-default-executor-3] INFO  server.GrpcLogAppender (GrpcLogAppender.java:onCompleted(339)) - 18423a42-f8bb-48b0-9845-301087e2fcde@group-1BF5799665A0->1cd66e73-07f1-4729-a00f-873523f7ad93-AppendLogResponseHandler: follower responses appendEntries COMPLETED
2022-06-24 23:45:43,972 [18423a42-f8bb-48b0-9845-301087e2fcde@group-1BF5799665A0-StateMachineUpdater] INFO  ratis.ContainerStateMachine (ContainerStateMachine.java:takeSnapshot(304)) - group-1BF5799665A0: Taking a snapshot at:(t:4, i:4) file /home/runner/work/ozone/ozone/hadoop-ozone/integration-test/target/test-dir/MiniOzoneClusterImpl-85de49eb-2ce1-4613-814a-bfb310a11337/datanode-1/data/ratis/ef3eb1a0-c051-4623-9f43-1bf5799665a0/sm/snapshot.4_4
2022-06-24 23:45:43,971 [ForkJoinPool.commonPool-worker-1] INFO  impl.StateMachineUpdater (StateMachineUpdater.java:stopAndJoin(153)) - 18423a42-f8bb-48b0-9845-301087e2fcde@group-1BF5799665A0-StateMachineUpdater: set stopIndex = 4
2022-06-24 23:45:43,975 [grpc-default-executor-3] INFO  leader.FollowerInfo (FollowerInfoImpl.java:lambda$new$0(48)) - 18423a42-f8bb-48b0-9845-301087e2fcde@group-1BF5799665A0->1cd66e73-07f1-4729-a00f-873523f7ad93: nextIndex: updateUnconditionally 5 -> 4
2022-06-24 23:45:43,983 [c0c3f727-3a57-4cf2-9ef3-302a01638126@group-9499243C0D3B-StateMachineUpdater] INFO  ratis.ContainerStateMachine (ContainerStateMachine.java:takeSnapshot(304)) - group-9499243C0D3B: Taking a snapshot at:(t:1, i:0) file /home/runner/work/ozone/ozone/hadoop-ozone/integration-test/target/test-dir/MiniOzoneClusterImpl-85de49eb-2ce1-4613-814a-bfb310a11337/datanode-2/data/ratis/981b9a80-7b1b-4242-a17c-9499243c0d3b/sm/snapshot.1_0
2022-06-24 23:45:43,983 [Listener at 127.0.0.1/44795] INFO  impl.StateMachineUpdater (StateMachineUpdater.java:stopAndJoin(153)) - c0c3f727-3a57-4cf2-9ef3-302a01638126@group-9499243C0D3B-StateMachineUpdater: set stopIndex = 0
2022-06-24 23:45:43,979 [grpc-default-executor-3] INFO  server.GrpcServerProtocolService (GrpcServerProtocolService.java:onCompleted(140)) - c0c3f727-3a57-4cf2-9ef3-302a01638126: Completed APPEND_ENTRIES, lastRequest: 18423a42-f8bb-48b0-9845-301087e2fcde->c0c3f727-3a57-4cf2-9ef3-302a01638126#8-t4,previous=(t:4, i:3),leaderCommit=2,initializing? true,entries: size=1, first=(t:4, i:4), METADATAENTRY(c:2)
2022-06-24 23:45:43,985 [grpc-default-executor-1] INFO  server.GrpcLogAppender (GrpcLogAppender.java:onCompleted(339)) - 18423a42-f8bb-48b0-9845-301087e2fcde@group-1BF5799665A0->c0c3f727-3a57-4cf2-9ef3-302a01638126-AppendLogResponseHandler: follower responses appendEntries COMPLETED
2022-06-24 23:45:43,985 [grpc-default-executor-1] INFO  leader.FollowerInfo (FollowerInfoImpl.java:lambda$new$0(48)) - 18423a42-f8bb-48b0-9845-301087e2fcde@group-1BF5799665A0->c0c3f727-3a57-4cf2-9ef3-302a01638126: nextIndex: updateUnconditionally 5 -> 4
2022-06-24 23:45:44,009 [c0c3f727-3a57-4cf2-9ef3-302a01638126@group-9499243C0D3B-StateMachineUpdater] INFO  ratis.ContainerStateMachine (ContainerStateMachine.java:takeSnapshot(315)) - group-9499243C0D3B: Finished taking a snapshot at:(t:1, i:0) file:/home/runner/work/ozone/ozone/hadoop-ozone/integration-test/target/test-dir/MiniOzoneClusterImpl-85de49eb-2ce1-4613-814a-bfb310a11337/datanode-2/data/ratis/981b9a80-7b1b-4242-a17c-9499243c0d3b/sm/snapshot.1_0 took: 26 ms
2022-06-24 23:45:44,010 [18423a42-f8bb-48b0-9845-301087e2fcde@group-1BF5799665A0-StateMachineUpdater] INFO  ratis.ContainerStateMachine (ContainerStateMachine.java:takeSnapshot(315)) - group-1BF5799665A0: Finished taking a snapshot at:(t:4, i:4) file:/home/runner/work/ozone/ozone/hadoop-ozone/integration-test/target/test-dir/MiniOzoneClusterImpl-85de49eb-2ce1-4613-814a-bfb310a11337/datanode-1/data/ratis/ef3eb1a0-c051-4623-9f43-1bf5799665a0/sm/snapshot.4_4 took: 38 ms
2022-06-24 23:45:44,011 [18423a42-f8bb-48b0-9845-301087e2fcde@group-1BF5799665A0-StateMachineUpdater] INFO  impl.StateMachineUpdater (StateMachineUpdater.java:takeSnapshot(287)) - 18423a42-f8bb-48b0-9845-301087e2fcde@group-1BF5799665A0-StateMachineUpdater: Took a snapshot at index 4
2022-06-24 23:45:44,011 [c0c3f727-3a57-4cf2-9ef3-302a01638126@group-9499243C0D3B-StateMachineUpdater] INFO  impl.StateMachineUpdater (StateMachineUpdater.java:takeSnapshot(287)) - c0c3f727-3a57-4cf2-9ef3-302a01638126@group-9499243C0D3B-StateMachineUpdater: Took a snapshot at index 0
2022-06-24 23:45:44,011 [18423a42-f8bb-48b0-9845-301087e2fcde@group-1BF5799665A0-StateMachineUpdater] INFO  impl.StateMachineUpdater (StateMachineUpdater.java:lambda$new$0(92)) - 18423a42-f8bb-48b0-9845-301087e2fcde@group-1BF5799665A0-StateMachineUpdater: snapshotIndex: updateIncreasingly -1 -> 4
2022-06-24 23:45:44,011 [c0c3f727-3a57-4cf2-9ef3-302a01638126@group-9499243C0D3B-StateMachineUpdater] INFO  impl.StateMachineUpdater (StateMachineUpdater.java:lambda$new$0(92)) - c0c3f727-3a57-4cf2-9ef3-302a01638126@group-9499243C0D3B-StateMachineUpdater: snapshotIndex: updateIncreasingly -1 -> 0
2022-06-24 23:45:44,016 [Listener at 127.0.0.1/44795] INFO  server.RaftServer$Division (ServerState.java:close(429)) - c0c3f727-3a57-4cf2-9ef3-302a01638126@group-9499243C0D3B: closes. applyIndex: 0
2022-06-24 23:45:44,016 [c0c3f727-3a57-4cf2-9ef3-302a01638126@group-9499243C0D3B-SegmentedRaftLogWorker] INFO  segmented.SegmentedRaftLogWorker (SegmentedRaftLogWorker.java:run(336)) - c0c3f727-3a57-4cf2-9ef3-302a01638126@group-9499243C0D3B-SegmentedRaftLogWorker was interrupted, exiting. There are 0 tasks remaining in the queue.
2022-06-24 23:45:44,017 [ForkJoinPool.commonPool-worker-1] INFO  server.RaftServer$Division (ServerState.java:close(429)) - 18423a42-f8bb-48b0-9845-301087e2fcde@group-1BF5799665A0: closes. applyIndex: 4
2022-06-24 23:45:44,017 [18423a42-f8bb-48b0-9845-301087e2fcde@group-1BF5799665A0-SegmentedRaftLogWorker] INFO  segmented.SegmentedRaftLogWorker (SegmentedRaftLogWorker.java:run(336)) - 18423a42-f8bb-48b0-9845-301087e2fcde@group-1BF5799665A0-SegmentedRaftLogWorker was interrupted, exiting. There are 0 tasks remaining in the queue.
2022-06-24 23:45:44,021 [Listener at 127.0.0.1/44795] INFO  segmented.SegmentedRaftLogWorker (SegmentedRaftLogWorker.java:close(246)) - c0c3f727-3a57-4cf2-9ef3-302a01638126@group-9499243C0D3B-SegmentedRaftLogWorker close()
2022-06-24 23:45:44,022 [ForkJoinPool.commonPool-worker-1] INFO  segmented.SegmentedRaftLogWorker (SegmentedRaftLogWorker.java:close(246)) - 18423a42-f8bb-48b0-9845-301087e2fcde@group-1BF5799665A0-SegmentedRaftLogWorker close()
2022-06-24 23:45:44,022 [Listener at 127.0.0.1/44795] INFO  server.RaftServer$Division (RaftServerImpl.java:lambda$close$4(434)) - c0c3f727-3a57-4cf2-9ef3-302a01638126@group-1BF5799665A0: shutdown
2022-06-24 23:45:44,023 [Listener at 127.0.0.1/44795] INFO  util.JmxRegister (JmxRegister.java:unregister(73)) - Successfully un-registered JMX Bean with object name Ratis:service=RaftServer,group=group-1BF5799665A0,id=c0c3f727-3a57-4cf2-9ef3-302a01638126
2022-06-24 23:45:44,023 [Listener at 127.0.0.1/44795] INFO  impl.RoleInfo (RoleInfo.java:shutdownFollowerState(110)) - c0c3f727-3a57-4cf2-9ef3-302a01638126: shutdown c0c3f727-3a57-4cf2-9ef3-302a01638126@group-1BF5799665A0-FollowerState
2022-06-24 23:45:44,023 [Listener at 127.0.0.1/44795] INFO  impl.StateMachineUpdater (StateMachineUpdater.java:stopAndJoin(153)) - c0c3f727-3a57-4cf2-9ef3-302a01638126@group-1BF5799665A0-StateMachineUpdater: set stopIndex = 4
2022-06-24 23:45:44,023 [c0c3f727-3a57-4cf2-9ef3-302a01638126@group-1BF5799665A0-FollowerState] INFO  impl.FollowerState (FollowerState.java:run(152)) - c0c3f727-3a57-4cf2-9ef3-302a01638126@group-1BF5799665A0-FollowerState was interrupted
2022-06-24 23:45:44,023 [c0c3f727-3a57-4cf2-9ef3-302a01638126@group-1BF5799665A0-StateMachineUpdater] INFO  ratis.ContainerStateMachine (ContainerStateMachine.java:takeSnapshot(304)) - group-1BF5799665A0: Taking a snapshot at:(t:4, i:4) file /home/runner/work/ozone/ozone/hadoop-ozone/integration-test/target/test-dir/MiniOzoneClusterImpl-85de49eb-2ce1-4613-814a-bfb310a11337/datanode-2/data/ratis/ef3eb1a0-c051-4623-9f43-1bf5799665a0/sm/snapshot.4_4
2022-06-24 23:45:44,024 [ForkJoinPool.commonPool-worker-1] INFO  server.RaftServer$Division (RaftServerImpl.java:lambda$close$4(434)) - 18423a42-f8bb-48b0-9845-301087e2fcde@group-776F56FA1288: shutdown
2022-06-24 23:45:44,025 [ForkJoinPool.commonPool-worker-1] INFO  util.JmxRegister (JmxRegister.java:unregister(73)) - Successfully un-registered JMX Bean with object name Ratis:service=RaftServer,group=group-776F56FA1288,id=18423a42-f8bb-48b0-9845-301087e2fcde
2022-06-24 23:45:44,025 [ForkJoinPool.commonPool-worker-1] INFO  impl.RoleInfo (RoleInfo.java:shutdownFollowerState(110)) - 18423a42-f8bb-48b0-9845-301087e2fcde: shutdown 18423a42-f8bb-48b0-9845-301087e2fcde@group-776F56FA1288-FollowerState
2022-06-24 23:45:44,025 [ForkJoinPool.commonPool-worker-1] INFO  impl.StateMachineUpdater (StateMachineUpdater.java:stopAndJoin(153)) - 18423a42-f8bb-48b0-9845-301087e2fcde@group-776F56FA1288-StateMachineUpdater: set stopIndex = 26
2022-06-24 23:45:44,025 [18423a42-f8bb-48b0-9845-301087e2fcde@group-776F56FA1288-FollowerState] INFO  impl.FollowerState (FollowerState.java:run(152)) - 18423a42-f8bb-48b0-9845-301087e2fcde@group-776F56FA1288-FollowerState was interrupted
2022-06-24 23:45:44,025 [18423a42-f8bb-48b0-9845-301087e2fcde@group-776F56FA1288-StateMachineUpdater] INFO  ratis.ContainerStateMachine (ContainerStateMachine.java:takeSnapshot(304)) - group-776F56FA1288: Taking a snapshot at:(t:3, i:26) file /home/runner/work/ozone/ozone/hadoop-ozone/integration-test/target/test-dir/MiniOzoneClusterImpl-85de49eb-2ce1-4613-814a-bfb310a11337/datanode-1/data/ratis/997d2440-d3f2-4afe-baa1-776f56fa1288/sm/snapshot.3_26
2022-06-24 23:45:44,025 [c0c3f727-3a57-4cf2-9ef3-302a01638126@group-1BF5799665A0-StateMachineUpdater] INFO  ratis.ContainerStateMachine (ContainerStateMachine.java:takeSnapshot(315)) - group-1BF5799665A0: Finished taking a snapshot at:(t:4, i:4) file:/home/runner/work/ozone/ozone/hadoop-ozone/integration-test/target/test-dir/MiniOzoneClusterImpl-85de49eb-2ce1-4613-814a-bfb310a11337/datanode-2/data/ratis/ef3eb1a0-c051-4623-9f43-1bf5799665a0/sm/snapshot.4_4 took: 2 ms
2022-06-24 23:45:44,025 [c0c3f727-3a57-4cf2-9ef3-302a01638126@group-1BF5799665A0-StateMachineUpdater] INFO  impl.StateMachineUpdater (StateMachineUpdater.java:takeSnapshot(287)) - c0c3f727-3a57-4cf2-9ef3-302a01638126@group-1BF5799665A0-StateMachineUpdater: Took a snapshot at index 4
2022-06-24 23:45:44,025 [c0c3f727-3a57-4cf2-9ef3-302a01638126@group-1BF5799665A0-StateMachineUpdater] INFO  impl.StateMachineUpdater (StateMachineUpdater.java:lambda$new$0(92)) - c0c3f727-3a57-4cf2-9ef3-302a01638126@group-1BF5799665A0-StateMachineUpdater: snapshotIndex: updateIncreasingly -1 -> 4
2022-06-24 23:45:44,027 [Listener at 127.0.0.1/44795] INFO  server.RaftServer$Division (ServerState.java:close(429)) - c0c3f727-3a57-4cf2-9ef3-302a01638126@group-1BF5799665A0: closes. applyIndex: 4
2022-06-24 23:45:44,027 [c0c3f727-3a57-4cf2-9ef3-302a01638126@group-1BF5799665A0-SegmentedRaftLogWorker] INFO  segmented.SegmentedRaftLogWorker (SegmentedRaftLogWorker.java:run(336)) - c0c3f727-3a57-4cf2-9ef3-302a01638126@group-1BF5799665A0-SegmentedRaftLogWorker was interrupted, exiting. There are 0 tasks remaining in the queue.
2022-06-24 23:45:44,028 [18423a42-f8bb-48b0-9845-301087e2fcde@group-776F56FA1288-StateMachineUpdater] INFO  ratis.ContainerStateMachine (ContainerStateMachine.java:takeSnapshot(315)) - group-776F56FA1288: Finished taking a snapshot at:(t:3, i:26) file:/home/runner/work/ozone/ozone/hadoop-ozone/integration-test/target/test-dir/MiniOzoneClusterImpl-85de49eb-2ce1-4613-814a-bfb310a11337/datanode-1/data/ratis/997d2440-d3f2-4afe-baa1-776f56fa1288/sm/snapshot.3_26 took: 3 ms
2022-06-24 23:45:44,028 [18423a42-f8bb-48b0-9845-301087e2fcde@group-776F56FA1288-StateMachineUpdater] INFO  impl.StateMachineUpdater (StateMachineUpdater.java:takeSnapshot(287)) - 18423a42-f8bb-48b0-9845-301087e2fcde@group-776F56FA1288-StateMachineUpdater: Took a snapshot at index 26
2022-06-24 23:45:44,028 [18423a42-f8bb-48b0-9845-301087e2fcde@group-776F56FA1288-StateMachineUpdater] INFO  impl.StateMachineUpdater (StateMachineUpdater.java:lambda$new$0(92)) - 18423a42-f8bb-48b0-9845-301087e2fcde@group-776F56FA1288-StateMachineUpdater: snapshotIndex: updateIncreasingly -1 -> 26
2022-06-24 23:45:44,029 [ForkJoinPool.commonPool-worker-1] INFO  server.RaftServer$Division (ServerState.java:close(429)) - 18423a42-f8bb-48b0-9845-301087e2fcde@group-776F56FA1288: closes. applyIndex: 26
2022-06-24 23:45:44,029 [18423a42-f8bb-48b0-9845-301087e2fcde@group-776F56FA1288-SegmentedRaftLogWorker] INFO  segmented.SegmentedRaftLogWorker (SegmentedRaftLogWorker.java:run(336)) - 18423a42-f8bb-48b0-9845-301087e2fcde@group-776F56FA1288-SegmentedRaftLogWorker was interrupted, exiting. There are 0 tasks remaining in the queue.
2022-06-24 23:45:44,030 [Listener at 127.0.0.1/44795] INFO  segmented.SegmentedRaftLogWorker (SegmentedRaftLogWorker.java:close(246)) - c0c3f727-3a57-4cf2-9ef3-302a01638126@group-1BF5799665A0-SegmentedRaftLogWorker close()
2022-06-24 23:45:44,033 [ForkJoinPool.commonPool-worker-1] INFO  segmented.SegmentedRaftLogWorker (SegmentedRaftLogWorker.java:close(246)) - 18423a42-f8bb-48b0-9845-301087e2fcde@group-776F56FA1288-SegmentedRaftLogWorker close()
2022-06-24 23:45:44,033 [Listener at 127.0.0.1/44795] INFO  server.RaftServer$Division (RaftServerImpl.java:lambda$close$4(434)) - c0c3f727-3a57-4cf2-9ef3-302a01638126@group-776F56FA1288: shutdown
2022-06-24 23:45:44,033 [Listener at 127.0.0.1/44795] INFO  util.JmxRegister (JmxRegister.java:unregister(73)) - Successfully un-registered JMX Bean with object name Ratis:service=RaftServer,group=group-776F56FA1288,id=c0c3f727-3a57-4cf2-9ef3-302a01638126
2022-06-24 23:45:44,033 [Listener at 127.0.0.1/44795] INFO  impl.RoleInfo (RoleInfo.java:shutdownFollowerState(110)) - c0c3f727-3a57-4cf2-9ef3-302a01638126: shutdown c0c3f727-3a57-4cf2-9ef3-302a01638126@group-776F56FA1288-FollowerState
2022-06-24 23:45:44,034 [Listener at 127.0.0.1/44795] INFO  impl.StateMachineUpdater (StateMachineUpdater.java:stopAndJoin(153)) - c0c3f727-3a57-4cf2-9ef3-302a01638126@group-776F56FA1288-StateMachineUpdater: set stopIndex = 26
2022-06-24 23:45:44,034 [c0c3f727-3a57-4cf2-9ef3-302a01638126@group-776F56FA1288-FollowerState] INFO  impl.FollowerState (FollowerState.java:run(152)) - c0c3f727-3a57-4cf2-9ef3-302a01638126@group-776F56FA1288-FollowerState was interrupted
2022-06-24 23:45:44,034 [ForkJoinPool.commonPool-worker-1] INFO  server.RaftServer$Division (RaftServerImpl.java:lambda$close$4(434)) - 18423a42-f8bb-48b0-9845-301087e2fcde@group-FB7C752E7519: shutdown
2022-06-24 23:45:44,034 [ForkJoinPool.commonPool-worker-1] INFO  util.JmxRegister (JmxRegister.java:unregister(73)) - Successfully un-registered JMX Bean with object name Ratis:service=RaftServer,group=group-FB7C752E7519,id=18423a42-f8bb-48b0-9845-301087e2fcde
2022-06-24 23:45:44,035 [c0c3f727-3a57-4cf2-9ef3-302a01638126@group-776F56FA1288-StateMachineUpdater] INFO  ratis.ContainerStateMachine (ContainerStateMachine.java:takeSnapshot(304)) - group-776F56FA1288: Taking a snapshot at:(t:3, i:26) file /home/runner/work/ozone/ozone/hadoop-ozone/integration-test/target/test-dir/MiniOzoneClusterImpl-85de49eb-2ce1-4613-814a-bfb310a11337/datanode-2/data/ratis/997d2440-d3f2-4afe-baa1-776f56fa1288/sm/snapshot.3_26
2022-06-24 23:45:44,035 [ForkJoinPool.commonPool-worker-1] INFO  impl.RoleInfo (RoleInfo.java:shutdownLeaderState(93)) - 18423a42-f8bb-48b0-9845-301087e2fcde: shutdown 18423a42-f8bb-48b0-9845-301087e2fcde@group-FB7C752E7519-LeaderStateImpl
2022-06-24 23:45:44,035 [ForkJoinPool.commonPool-worker-1] INFO  impl.PendingRequests (PendingRequests.java:sendNotLeaderResponses(282)) - 18423a42-f8bb-48b0-9845-301087e2fcde@group-FB7C752E7519-PendingRequests: sendNotLeaderResponses
2022-06-24 23:45:44,035 [ForkJoinPool.commonPool-worker-1] INFO  impl.StateMachineUpdater (StateMachineUpdater.java:stopAndJoin(153)) - 18423a42-f8bb-48b0-9845-301087e2fcde@group-FB7C752E7519-StateMachineUpdater: set stopIndex = 0
2022-06-24 23:45:44,035 [18423a42-f8bb-48b0-9845-301087e2fcde@group-FB7C752E7519-StateMachineUpdater] INFO  ratis.ContainerStateMachine (ContainerStateMachine.java:takeSnapshot(304)) - group-FB7C752E7519: Taking a snapshot at:(t:1, i:0) file /home/runner/work/ozone/ozone/hadoop-ozone/integration-test/target/test-dir/MiniOzoneClusterImpl-85de49eb-2ce1-4613-814a-bfb310a11337/datanode-1/data/ratis/83151976-0cfc-4fcf-b184-fb7c752e7519/sm/snapshot.1_0
2022-06-24 23:45:44,036 [18423a42-f8bb-48b0-9845-301087e2fcde@group-FB7C752E7519-StateMachineUpdater] INFO  ratis.ContainerStateMachine (ContainerStateMachine.java:takeSnapshot(315)) - group-FB7C752E7519: Finished taking a snapshot at:(t:1, i:0) file:/home/runner/work/ozone/ozone/hadoop-ozone/integration-test/target/test-dir/MiniOzoneClusterImpl-85de49eb-2ce1-4613-814a-bfb310a11337/datanode-1/data/ratis/83151976-0cfc-4fcf-b184-fb7c752e7519/sm/snapshot.1_0 took: 1 ms
2022-06-24 23:45:44,036 [18423a42-f8bb-48b0-9845-301087e2fcde@group-FB7C752E7519-StateMachineUpdater] INFO  impl.StateMachineUpdater (StateMachineUpdater.java:takeSnapshot(287)) - 18423a42-f8bb-48b0-9845-301087e2fcde@group-FB7C752E7519-StateMachineUpdater: Took a snapshot at index 0
2022-06-24 23:45:44,036 [18423a42-f8bb-48b0-9845-301087e2fcde@group-FB7C752E7519-StateMachineUpdater] INFO  impl.StateMachineUpdater (StateMachineUpdater.java:lambda$new$0(92)) - 18423a42-f8bb-48b0-9845-301087e2fcde@group-FB7C752E7519-StateMachineUpdater: snapshotIndex: updateIncreasingly -1 -> 0
2022-06-24 23:45:44,037 [c0c3f727-3a57-4cf2-9ef3-302a01638126@group-776F56FA1288-StateMachineUpdater] INFO  ratis.ContainerStateMachine (ContainerStateMachine.java:takeSnapshot(315)) - group-776F56FA1288: Finished taking a snapshot at:(t:3, i:26) file:/home/runner/work/ozone/ozone/hadoop-ozone/integration-test/target/test-dir/MiniOzoneClusterImpl-85de49eb-2ce1-4613-814a-bfb310a11337/datanode-2/data/ratis/997d2440-d3f2-4afe-baa1-776f56fa1288/sm/snapshot.3_26 took: 3 ms
2022-06-24 23:45:44,037 [c0c3f727-3a57-4cf2-9ef3-302a01638126@group-776F56FA1288-StateMachineUpdater] INFO  impl.StateMachineUpdater (StateMachineUpdater.java:takeSnapshot(287)) - c0c3f727-3a57-4cf2-9ef3-302a01638126@group-776F56FA1288-StateMachineUpdater: Took a snapshot at index 26
2022-06-24 23:45:44,037 [c0c3f727-3a57-4cf2-9ef3-302a01638126@group-776F56FA1288-StateMachineUpdater] INFO  impl.StateMachineUpdater (StateMachineUpdater.java:lambda$new$0(92)) - c0c3f727-3a57-4cf2-9ef3-302a01638126@group-776F56FA1288-StateMachineUpdater: snapshotIndex: updateIncreasingly -1 -> 26
2022-06-24 23:45:44,038 [ForkJoinPool.commonPool-worker-1] INFO  server.RaftServer$Division (ServerState.java:close(429)) - 18423a42-f8bb-48b0-9845-301087e2fcde@group-FB7C752E7519: closes. applyIndex: 0
2022-06-24 23:45:44,038 [18423a42-f8bb-48b0-9845-301087e2fcde@group-FB7C752E7519-SegmentedRaftLogWorker] INFO  segmented.SegmentedRaftLogWorker (SegmentedRaftLogWorker.java:run(336)) - 18423a42-f8bb-48b0-9845-301087e2fcde@group-FB7C752E7519-SegmentedRaftLogWorker was interrupted, exiting. There are 0 tasks remaining in the queue.
2022-06-24 23:45:44,038 [ForkJoinPool.commonPool-worker-1] INFO  segmented.SegmentedRaftLogWorker (SegmentedRaftLogWorker.java:close(246)) - 18423a42-f8bb-48b0-9845-301087e2fcde@group-FB7C752E7519-SegmentedRaftLogWorker close()
2022-06-24 23:45:44,039 [Listener at 127.0.0.1/44795] INFO  server.RaftServer$Division (ServerState.java:close(429)) - c0c3f727-3a57-4cf2-9ef3-302a01638126@group-776F56FA1288: closes. applyIndex: 26
2022-06-24 23:45:44,039 [ForkJoinPool.commonPool-worker-1] INFO  server.GrpcService (GrpcService.java:closeImpl(269)) - 18423a42-f8bb-48b0-9845-301087e2fcde: shutdown server with port 45671 now
2022-06-24 23:45:44,039 [c0c3f727-3a57-4cf2-9ef3-302a01638126@group-776F56FA1288-SegmentedRaftLogWorker] INFO  segmented.SegmentedRaftLogWorker (SegmentedRaftLogWorker.java:run(336)) - c0c3f727-3a57-4cf2-9ef3-302a01638126@group-776F56FA1288-SegmentedRaftLogWorker was interrupted, exiting. There are 0 tasks remaining in the queue.
2022-06-24 23:45:44,045 [Listener at 127.0.0.1/44795] INFO  segmented.SegmentedRaftLogWorker (SegmentedRaftLogWorker.java:close(246)) - c0c3f727-3a57-4cf2-9ef3-302a01638126@group-776F56FA1288-SegmentedRaftLogWorker close()
2022-06-24 23:45:44,046 [Listener at 127.0.0.1/44795] INFO  server.GrpcService (GrpcService.java:closeImpl(269)) - c0c3f727-3a57-4cf2-9ef3-302a01638126: shutdown server with port 32921 now
2022-06-24 23:45:44,048 [grpc-default-executor-1] WARN  server.GrpcServerProtocolService (LogUtils.java:warn(122)) - 18423a42-f8bb-48b0-9845-301087e2fcde: installSnapshot onError, lastRequest: 1cd66e73-07f1-4729-a00f-873523f7ad93->18423a42-f8bb-48b0-9845-301087e2fcde#118-t3,previous=(t:3, i:25),leaderCommit=24,initializing? true,entries: size=1, first=(t:3, i:26), METADATAENTRY(c:24): org.apache.ratis.thirdparty.io.grpc.StatusRuntimeException: CANCELLED: client cancelled
2022-06-24 23:45:44,049 [grpc-default-executor-0] WARN  server.GrpcServerProtocolService (LogUtils.java:warn(122)) - c0c3f727-3a57-4cf2-9ef3-302a01638126: installSnapshot onError, lastRequest: 1cd66e73-07f1-4729-a00f-873523f7ad93->c0c3f727-3a57-4cf2-9ef3-302a01638126#124-t3,previous=(t:3, i:25),leaderCommit=24,initializing? true,entries: size=1, first=(t:3, i:26), METADATAENTRY(c:24): org.apache.ratis.thirdparty.io.grpc.StatusRuntimeException: CANCELLED: client cancelled
2022-06-24 23:45:44,053 [ForkJoinPool.commonPool-worker-1] INFO  server.GrpcService (GrpcService.java:closeImpl(278)) - 18423a42-f8bb-48b0-9845-301087e2fcde: shutdown server with port 45671 successfully
2022-06-24 23:45:44,053 [org.apache.ratis.util.JvmPauseMonitor$$Lambda$627/395666382@3ba45f19] INFO  util.JvmPauseMonitor (JvmPauseMonitor.java:run(109)) - JvmPauseMonitor-18423a42-f8bb-48b0-9845-301087e2fcde: Stopped
2022-06-24 23:45:44,251 [org.apache.ratis.util.JvmPauseMonitor$$Lambda$627/395666382@7470dde4] WARN  util.JvmPauseMonitor (JvmPauseMonitor.java:detectPause(124)) - JvmPauseMonitor-1cd66e73-07f1-4729-a00f-873523f7ad93: Detected pause in JVM or host machine (eg GC): pause of approximately 158225659ns.
GC pool 'PS MarkSweep' had collection(s): count=1 time=161ms
GC pool 'PS Scavenge' had collection(s): count=1 time=25ms
2022-06-24 23:45:44,257 [grpc-default-executor-3] WARN  server.GrpcLogAppender (LogUtils.java:warn(122)) - 1cd66e73-07f1-4729-a00f-873523f7ad93@group-776F56FA1288->18423a42-f8bb-48b0-9845-301087e2fcde-AppendLogResponseHandler: Failed appendEntries: org.apache.ratis.thirdparty.io.grpc.StatusRuntimeException: CANCELLED: RST_STREAM closed stream. HTTP/2 error code: CANCEL
2022-06-24 23:45:44,257 [grpc-default-executor-3] INFO  leader.FollowerInfo (FollowerInfoImpl.java:lambda$new$0(48)) - 1cd66e73-07f1-4729-a00f-873523f7ad93@group-776F56FA1288->18423a42-f8bb-48b0-9845-301087e2fcde: nextIndex: updateUnconditionally 27 -> 26
2022-06-24 23:45:44,258 [grpc-default-executor-0] WARN  server.GrpcLogAppender (LogUtils.java:warn(122)) - 1cd66e73-07f1-4729-a00f-873523f7ad93@group-776F56FA1288->c0c3f727-3a57-4cf2-9ef3-302a01638126-AppendLogResponseHandler: Failed appendEntries: org.apache.ratis.thirdparty.io.grpc.StatusRuntimeException: CANCELLED: RST_STREAM closed stream. HTTP/2 error code: CANCEL
2022-06-24 23:45:44,259 [grpc-default-executor-0] INFO  leader.FollowerInfo (FollowerInfoImpl.java:lambda$new$0(48)) - 1cd66e73-07f1-4729-a00f-873523f7ad93@group-776F56FA1288->c0c3f727-3a57-4cf2-9ef3-302a01638126: nextIndex: updateUnconditionally 27 -> 26
2022-06-24 23:45:44,263 [Listener at 127.0.0.1/44795] INFO  server.GrpcService (GrpcService.java:closeImpl(278)) - c0c3f727-3a57-4cf2-9ef3-302a01638126: shutdown server with port 32921 successfully
2022-06-24 23:45:44,264 [org.apache.ratis.util.JvmPauseMonitor$$Lambda$627/395666382@5e9af74e] INFO  util.JvmPauseMonitor (JvmPauseMonitor.java:run(109)) - JvmPauseMonitor-c0c3f727-3a57-4cf2-9ef3-302a01638126: Stopped
2022-06-24 23:45:44,277 [grpc-default-executor-0] WARN  server.GrpcLogAppender (LogUtils.java:warn(122)) - 1cd66e73-07f1-4729-a00f-873523f7ad93@group-776F56FA1288->18423a42-f8bb-48b0-9845-301087e2fcde-AppendLogResponseHandler: Failed appendEntries: org.apache.ratis.thirdparty.io.grpc.StatusRuntimeException: UNAVAILABLE: io exception
2022-06-24 23:45:44,278 [grpc-default-executor-0] INFO  leader.FollowerInfo (FollowerInfoImpl.java:lambda$new$0(48)) - 1cd66e73-07f1-4729-a00f-873523f7ad93@group-776F56FA1288->18423a42-f8bb-48b0-9845-301087e2fcde: nextIndex: updateUnconditionally 27 -> 26
2022-06-24 23:45:44,279 [grpc-default-executor-0] WARN  server.GrpcLogAppender (LogUtils.java:warn(122)) - 1cd66e73-07f1-4729-a00f-873523f7ad93@group-776F56FA1288->c0c3f727-3a57-4cf2-9ef3-302a01638126-AppendLogResponseHandler: Failed appendEntries: org.apache.ratis.thirdparty.io.grpc.StatusRuntimeException: UNAVAILABLE: io exception
2022-06-24 23:45:44,279 [grpc-default-executor-0] INFO  leader.FollowerInfo (FollowerInfoImpl.java:lambda$new$0(48)) - 1cd66e73-07f1-4729-a00f-873523f7ad93@group-776F56FA1288->c0c3f727-3a57-4cf2-9ef3-302a01638126: nextIndex: updateUnconditionally 27 -> 26
2022-06-24 23:45:45,699 [grpc-default-executor-0] WARN  server.GrpcLogAppender (LogUtils.java:warn(122)) - 1cd66e73-07f1-4729-a00f-873523f7ad93@group-776F56FA1288->c0c3f727-3a57-4cf2-9ef3-302a01638126-AppendLogResponseHandler: Failed appendEntries: org.apache.ratis.thirdparty.io.grpc.StatusRuntimeException: UNAVAILABLE: io exception
2022-06-24 23:45:45,701 [grpc-default-executor-0] INFO  leader.FollowerInfo (FollowerInfoImpl.java:lambda$new$0(48)) - 1cd66e73-07f1-4729-a00f-873523f7ad93@group-776F56FA1288->c0c3f727-3a57-4cf2-9ef3-302a01638126: nextIndex: updateUnconditionally 27 -> 26
2022-06-24 23:45:45,710 [grpc-default-executor-0] WARN  server.GrpcLogAppender (LogUtils.java:warn(122)) - 1cd66e73-07f1-4729-a00f-873523f7ad93@group-776F56FA1288->18423a42-f8bb-48b0-9845-301087e2fcde-AppendLogResponseHandler: Failed appendEntries: org.apache.ratis.thirdparty.io.grpc.StatusRuntimeException: UNAVAILABLE: io exception
2022-06-24 23:45:45,711 [grpc-default-executor-0] INFO  leader.FollowerInfo (FollowerInfoImpl.java:lambda$new$0(48)) - 1cd66e73-07f1-4729-a00f-873523f7ad93@group-776F56FA1288->18423a42-f8bb-48b0-9845-301087e2fcde: nextIndex: updateUnconditionally 27 -> 26
2022-06-24 23:45:46,070 [ForkJoinPool.commonPool-worker-1] INFO  utils.BackgroundService (BackgroundService.java:shutdown(132)) - Shutting down service BlockDeletingService
2022-06-24 23:45:46,287 [Listener at 127.0.0.1/44795] INFO  utils.BackgroundService (BackgroundService.java:shutdown(132)) - Shutting down service BlockDeletingService
2022-06-24 23:45:46,950 [grpc-default-executor-0] WARN  server.GrpcLogAppender (LogUtils.java:warn(122)) - 1cd66e73-07f1-4729-a00f-873523f7ad93@group-776F56FA1288->c0c3f727-3a57-4cf2-9ef3-302a01638126-AppendLogResponseHandler: Failed appendEntries: org.apache.ratis.thirdparty.io.grpc.StatusRuntimeException: UNAVAILABLE: io exception
2022-06-24 23:45:46,951 [grpc-default-executor-0] INFO  leader.FollowerInfo (FollowerInfoImpl.java:lambda$new$0(48)) - 1cd66e73-07f1-4729-a00f-873523f7ad93@group-776F56FA1288->c0c3f727-3a57-4cf2-9ef3-302a01638126: nextIndex: updateUnconditionally 27 -> 26
2022-06-24 23:45:46,961 [grpc-default-executor-0] WARN  server.GrpcLogAppender (LogUtils.java:warn(122)) - 1cd66e73-07f1-4729-a00f-873523f7ad93@group-776F56FA1288->18423a42-f8bb-48b0-9845-301087e2fcde-AppendLogResponseHandler: Failed appendEntries: org.apache.ratis.thirdparty.io.grpc.StatusRuntimeException: UNAVAILABLE: io exception
2022-06-24 23:45:46,961 [grpc-default-executor-0] INFO  leader.FollowerInfo (FollowerInfoImpl.java:lambda$new$0(48)) - 1cd66e73-07f1-4729-a00f-873523f7ad93@group-776F56FA1288->18423a42-f8bb-48b0-9845-301087e2fcde: nextIndex: updateUnconditionally 27 -> 26
2022-06-24 23:45:48,201 [grpc-default-executor-0] WARN  server.GrpcLogAppender (LogUtils.java:warn(122)) - 1cd66e73-07f1-4729-a00f-873523f7ad93@group-776F56FA1288->c0c3f727-3a57-4cf2-9ef3-302a01638126-AppendLogResponseHandler: Failed appendEntries: org.apache.ratis.thirdparty.io.grpc.StatusRuntimeException: UNAVAILABLE: io exception
2022-06-24 23:45:48,202 [grpc-default-executor-0] INFO  leader.FollowerInfo (FollowerInfoImpl.java:lambda$new$0(48)) - 1cd66e73-07f1-4729-a00f-873523f7ad93@group-776F56FA1288->c0c3f727-3a57-4cf2-9ef3-302a01638126: nextIndex: updateUnconditionally 27 -> 26
2022-06-24 23:45:48,211 [grpc-default-executor-0] WARN  server.GrpcLogAppender (LogUtils.java:warn(122)) - 1cd66e73-07f1-4729-a00f-873523f7ad93@group-776F56FA1288->18423a42-f8bb-48b0-9845-301087e2fcde-AppendLogResponseHandler: Failed appendEntries: org.apache.ratis.thirdparty.io.grpc.StatusRuntimeException: UNAVAILABLE: io exception
2022-06-24 23:45:48,212 [grpc-default-executor-0] INFO  leader.FollowerInfo (FollowerInfoImpl.java:lambda$new$0(48)) - 1cd66e73-07f1-4729-a00f-873523f7ad93@group-776F56FA1288->18423a42-f8bb-48b0-9845-301087e2fcde: nextIndex: updateUnconditionally 27 -> 26
2022-06-24 23:45:49,079 [ForkJoinPool.commonPool-worker-1] INFO  statemachine.DatanodeStateMachine (DatanodeStateMachine.java:stopDaemon(580)) - Ozone container server stopped.
2022-06-24 23:45:49,103 [ForkJoinPool.commonPool-worker-1] INFO  handler.ContextHandler (ContextHandler.java:doStop(1153)) - Stopped o.e.j.w.WebAppContext@68613002{hddsDatanode,/,null,STOPPED}{jar:file:/home/runner/.m2/repository/org/apache/ozone/hdds-container-service/1.3.0-SNAPSHOT/hdds-container-service-1.3.0-SNAPSHOT.jar!/webapps/hddsDatanode}
2022-06-24 23:45:49,104 [ForkJoinPool.commonPool-worker-1] INFO  server.AbstractConnector (AbstractConnector.java:doStop(381)) - Stopped ServerConnector@1d6a0c26{HTTP/1.1, (http/1.1)}{0.0.0.0:0}
2022-06-24 23:45:49,105 [ForkJoinPool.commonPool-worker-1] INFO  server.session (HouseKeeper.java:stopScavenging(149)) - node0 Stopped scavenging
2022-06-24 23:45:49,106 [ForkJoinPool.commonPool-worker-1] INFO  handler.ContextHandler (ContextHandler.java:doStop(1153)) - Stopped o.e.j.s.ServletContextHandler@4bbaaf1b{static,/static,jar:file:/home/runner/.m2/repository/org/apache/ozone/hdds-container-service/1.3.0-SNAPSHOT/hdds-container-service-1.3.0-SNAPSHOT.jar!/webapps/static,STOPPED}
2022-06-24 23:45:49,106 [ForkJoinPool.commonPool-worker-1] INFO  handler.ContextHandler (ContextHandler.java:doStop(1153)) - Stopped o.e.j.s.ServletContextHandler@668f84ad{logs,/logs,file:///home/runner/work/ozone/ozone/hadoop-ozone/integration-test/target/log,STOPPED}
2022-06-24 23:45:49,292 [Listener at 127.0.0.1/44795] INFO  statemachine.DatanodeStateMachine (DatanodeStateMachine.java:stopDaemon(580)) - Ozone container server stopped.
2022-06-24 23:45:49,300 [Listener at 127.0.0.1/44795] INFO  handler.ContextHandler (ContextHandler.java:doStop(1153)) - Stopped o.e.j.w.WebAppContext@2aae170c{hddsDatanode,/,null,STOPPED}{jar:file:/home/runner/.m2/repository/org/apache/ozone/hdds-container-service/1.3.0-SNAPSHOT/hdds-container-service-1.3.0-SNAPSHOT.jar!/webapps/hddsDatanode}
2022-06-24 23:45:49,307 [Listener at 127.0.0.1/44795] INFO  server.AbstractConnector (AbstractConnector.java:doStop(381)) - Stopped ServerConnector@6eb668b7{HTTP/1.1, (http/1.1)}{0.0.0.0:0}
2022-06-24 23:45:49,308 [Listener at 127.0.0.1/44795] INFO  server.session (HouseKeeper.java:stopScavenging(149)) - node0 Stopped scavenging
2022-06-24 23:45:49,308 [Listener at 127.0.0.1/44795] INFO  handler.ContextHandler (ContextHandler.java:doStop(1153)) - Stopped o.e.j.s.ServletContextHandler@2741f66d{static,/static,jar:file:/home/runner/.m2/repository/org/apache/ozone/hdds-container-service/1.3.0-SNAPSHOT/hdds-container-service-1.3.0-SNAPSHOT.jar!/webapps/static,STOPPED}
2022-06-24 23:45:49,308 [Listener at 127.0.0.1/44795] INFO  handler.ContextHandler (ContextHandler.java:doStop(1153)) - Stopped o.e.j.s.ServletContextHandler@2a0dda9e{logs,/logs,file:///home/runner/work/ozone/ozone/hadoop-ozone/integration-test/target/log,STOPPED}
2022-06-24 23:45:49,451 [grpc-default-executor-0] WARN  server.GrpcLogAppender (LogUtils.java:warn(122)) - 1cd66e73-07f1-4729-a00f-873523f7ad93@group-776F56FA1288->c0c3f727-3a57-4cf2-9ef3-302a01638126-AppendLogResponseHandler: Failed appendEntries: org.apache.ratis.thirdparty.io.grpc.StatusRuntimeException: UNAVAILABLE: io exception
2022-06-24 23:45:49,452 [grpc-default-executor-0] INFO  leader.FollowerInfo (FollowerInfoImpl.java:lambda$new$0(48)) - 1cd66e73-07f1-4729-a00f-873523f7ad93@group-776F56FA1288->c0c3f727-3a57-4cf2-9ef3-302a01638126: nextIndex: updateUnconditionally 27 -> 26
2022-06-24 23:45:49,463 [grpc-default-executor-0] WARN  server.GrpcLogAppender (LogUtils.java:warn(122)) - 1cd66e73-07f1-4729-a00f-873523f7ad93@group-776F56FA1288->18423a42-f8bb-48b0-9845-301087e2fcde-AppendLogResponseHandler: Failed appendEntries: org.apache.ratis.thirdparty.io.grpc.StatusRuntimeException: UNAVAILABLE: io exception
2022-06-24 23:45:49,463 [grpc-default-executor-0] INFO  leader.FollowerInfo (FollowerInfoImpl.java:lambda$new$0(48)) - 1cd66e73-07f1-4729-a00f-873523f7ad93@group-776F56FA1288->18423a42-f8bb-48b0-9845-301087e2fcde: nextIndex: updateUnconditionally 27 -> 26
2022-06-24 23:45:50,702 [grpc-default-executor-0] WARN  server.GrpcLogAppender (LogUtils.java:warn(122)) - 1cd66e73-07f1-4729-a00f-873523f7ad93@group-776F56FA1288->c0c3f727-3a57-4cf2-9ef3-302a01638126-AppendLogResponseHandler: Failed appendEntries: org.apache.ratis.thirdparty.io.grpc.StatusRuntimeException: UNAVAILABLE: io exception
2022-06-24 23:45:50,704 [grpc-default-executor-0] INFO  leader.FollowerInfo (FollowerInfoImpl.java:lambda$new$0(48)) - 1cd66e73-07f1-4729-a00f-873523f7ad93@group-776F56FA1288->c0c3f727-3a57-4cf2-9ef3-302a01638126: nextIndex: updateUnconditionally 27 -> 26
2022-06-24 23:45:50,712 [grpc-default-executor-0] WARN  server.GrpcLogAppender (LogUtils.java:warn(122)) - 1cd66e73-07f1-4729-a00f-873523f7ad93@group-776F56FA1288->18423a42-f8bb-48b0-9845-301087e2fcde-AppendLogResponseHandler: Failed appendEntries: org.apache.ratis.thirdparty.io.grpc.StatusRuntimeException: UNAVAILABLE: io exception
2022-06-24 23:45:50,713 [grpc-default-executor-0] INFO  leader.FollowerInfo (FollowerInfoImpl.java:lambda$new$0(48)) - 1cd66e73-07f1-4729-a00f-873523f7ad93@group-776F56FA1288->18423a42-f8bb-48b0-9845-301087e2fcde: nextIndex: updateUnconditionally 27 -> 26
2022-06-24 23:45:51,857 [1cd66e73-07f1-4729-a00f-873523f7ad93@group-776F56FA1288-LeaderStateImpl] WARN  server.RaftServer$Division (LeaderStateImpl.java:checkLeadership(1018)) - 1cd66e73-07f1-4729-a00f-873523f7ad93@group-776F56FA1288-LeaderStateImpl: Lost leadership on term: 3. Election timeout: 5200ms. In charge for: 33770ms. Conf: 0: [1cd66e73-07f1-4729-a00f-873523f7ad93|rpc:10.1.0.24:46017|dataStream:|priority:1, 18423a42-f8bb-48b0-9845-301087e2fcde|rpc:10.1.0.24:45671|dataStream:|priority:0, c0c3f727-3a57-4cf2-9ef3-302a01638126|rpc:10.1.0.24:32921|dataStream:|priority:0], old=null
2022-06-24 23:45:51,858 [1cd66e73-07f1-4729-a00f-873523f7ad93@group-776F56FA1288-LeaderStateImpl] WARN  server.RaftServer$Division (LeaderStateImpl.java:lambda$checkLeadership$17(1022)) - Follower 1cd66e73-07f1-4729-a00f-873523f7ad93@group-776F56FA1288->18423a42-f8bb-48b0-9845-301087e2fcde(c26,m26,n26, attendVote=true, lastRpcSendTime=1145, lastRpcResponseTime=8648)
2022-06-24 23:45:51,858 [1cd66e73-07f1-4729-a00f-873523f7ad93@group-776F56FA1288-LeaderStateImpl] WARN  server.RaftServer$Division (LeaderStateImpl.java:lambda$checkLeadership$17(1022)) - Follower 1cd66e73-07f1-4729-a00f-873523f7ad93@group-776F56FA1288->c0c3f727-3a57-4cf2-9ef3-302a01638126(c26,m26,n26, attendVote=true, lastRpcSendTime=1156, lastRpcResponseTime=8660)
2022-06-24 23:45:51,858 [1cd66e73-07f1-4729-a00f-873523f7ad93@group-776F56FA1288-LeaderStateImpl] INFO  server.RaftServer$Division (RaftServerImpl.java:setRole(299)) - 1cd66e73-07f1-4729-a00f-873523f7ad93@group-776F56FA1288: changes role from    LEADER to FOLLOWER at term 3 for StepDownReason:LOST_MAJORITY_HEARTBEATS
2022-06-24 23:45:51,858 [1cd66e73-07f1-4729-a00f-873523f7ad93@group-776F56FA1288-LeaderStateImpl] INFO  impl.RoleInfo (RoleInfo.java:shutdownLeaderState(93)) - 1cd66e73-07f1-4729-a00f-873523f7ad93: shutdown 1cd66e73-07f1-4729-a00f-873523f7ad93@group-776F56FA1288-LeaderStateImpl
2022-06-24 23:45:51,859 [1cd66e73-07f1-4729-a00f-873523f7ad93@group-776F56FA1288->18423a42-f8bb-48b0-9845-301087e2fcde-GrpcLogAppender-LogAppenderDaemon] WARN  server.GrpcLogAppender (GrpcLogAppender.java:mayWait(171)) - 1cd66e73-07f1-4729-a00f-873523f7ad93@group-776F56FA1288->18423a42-f8bb-48b0-9845-301087e2fcde-GrpcLogAppender: Wait interrupted by java.lang.InterruptedException
2022-06-24 23:45:51,859 [1cd66e73-07f1-4729-a00f-873523f7ad93@group-776F56FA1288->c0c3f727-3a57-4cf2-9ef3-302a01638126-GrpcLogAppender-LogAppenderDaemon] WARN  server.GrpcLogAppender (GrpcLogAppender.java:mayWait(171)) - 1cd66e73-07f1-4729-a00f-873523f7ad93@group-776F56FA1288->c0c3f727-3a57-4cf2-9ef3-302a01638126-GrpcLogAppender: Wait interrupted by java.lang.InterruptedException
2022-06-24 23:45:51,860 [1cd66e73-07f1-4729-a00f-873523f7ad93@group-776F56FA1288-LeaderStateImpl] INFO  impl.PendingRequests (PendingRequests.java:sendNotLeaderResponses(282)) - 1cd66e73-07f1-4729-a00f-873523f7ad93@group-776F56FA1288-PendingRequests: sendNotLeaderResponses
2022-06-24 23:45:51,867 [1cd66e73-07f1-4729-a00f-873523f7ad93@group-776F56FA1288-LeaderStateImpl] INFO  impl.RoleInfo (RoleInfo.java:updateAndGet(139)) - 1cd66e73-07f1-4729-a00f-873523f7ad93: start 1cd66e73-07f1-4729-a00f-873523f7ad93@group-776F56FA1288-FollowerState
2022-06-24 23:45:52,947 [1cd66e73-07f1-4729-a00f-873523f7ad93@group-1BF5799665A0-FollowerState] INFO  impl.FollowerState (FollowerState.java:run(143)) - 1cd66e73-07f1-4729-a00f-873523f7ad93@group-1BF5799665A0-FollowerState: change to CANDIDATE, lastRpcElapsedTime:9152195822ns, electionTimeout:5160ms
2022-06-24 23:45:52,947 [1cd66e73-07f1-4729-a00f-873523f7ad93@group-1BF5799665A0-FollowerState] INFO  impl.RoleInfo (RoleInfo.java:shutdownFollowerState(110)) - 1cd66e73-07f1-4729-a00f-873523f7ad93: shutdown 1cd66e73-07f1-4729-a00f-873523f7ad93@group-1BF5799665A0-FollowerState
2022-06-24 23:45:52,947 [1cd66e73-07f1-4729-a00f-873523f7ad93@group-1BF5799665A0-FollowerState] INFO  server.RaftServer$Division (RaftServerImpl.java:setRole(299)) - 1cd66e73-07f1-4729-a00f-873523f7ad93@group-1BF5799665A0: changes role from  FOLLOWER to CANDIDATE at term 4 for changeToCandidate
2022-06-24 23:45:52,947 [1cd66e73-07f1-4729-a00f-873523f7ad93@group-1BF5799665A0-FollowerState] INFO  server.RaftServerConfigKeys (ConfUtils.java:logGet(46)) - raft.server.leaderelection.pre-vote = false (custom)
2022-06-24 23:45:52,947 [1cd66e73-07f1-4729-a00f-873523f7ad93@group-1BF5799665A0-FollowerState] INFO  impl.RoleInfo (RoleInfo.java:updateAndGet(139)) - 1cd66e73-07f1-4729-a00f-873523f7ad93: start 1cd66e73-07f1-4729-a00f-873523f7ad93@group-1BF5799665A0-LeaderElection16
2022-06-24 23:45:52,957 [1cd66e73-07f1-4729-a00f-873523f7ad93@group-1BF5799665A0-LeaderElection16] INFO  server.RaftServer$Division (ServerState.java:setLeader(287)) - 1cd66e73-07f1-4729-a00f-873523f7ad93@group-1BF5799665A0: change Leader from 18423a42-f8bb-48b0-9845-301087e2fcde to null at term 4 for ELECTION
2022-06-24 23:45:52,963 [1cd66e73-07f1-4729-a00f-873523f7ad93@group-1BF5799665A0-LeaderElection16] INFO  impl.LeaderElection (LeaderElection.java:askForVotes(310)) - 1cd66e73-07f1-4729-a00f-873523f7ad93@group-1BF5799665A0-LeaderElection16 ELECTION round 0: submit vote requests at term 5 for 0: [1cd66e73-07f1-4729-a00f-873523f7ad93|rpc:10.1.0.24:46017|dataStream:|priority:0, 18423a42-f8bb-48b0-9845-301087e2fcde|rpc:10.1.0.24:45671|dataStream:|priority:1, c0c3f727-3a57-4cf2-9ef3-302a01638126|rpc:10.1.0.24:32921|dataStream:|priority:0], old=null
2022-06-24 23:45:52,975 [1cd66e73-07f1-4729-a00f-873523f7ad93@group-1BF5799665A0-LeaderElection16] INFO  impl.LeaderElection (LogUtils.java:infoOrTrace(137)) - 1cd66e73-07f1-4729-a00f-873523f7ad93@group-1BF5799665A0-LeaderElection16 got exception when requesting votes: java.util.concurrent.ExecutionException: org.apache.ratis.thirdparty.io.grpc.StatusRuntimeException: UNAVAILABLE: io exception
2022-06-24 23:45:52,976 [1cd66e73-07f1-4729-a00f-873523f7ad93@group-1BF5799665A0-LeaderElection16] INFO  impl.LeaderElection (LogUtils.java:infoOrTrace(137)) - 1cd66e73-07f1-4729-a00f-873523f7ad93@group-1BF5799665A0-LeaderElection16 got exception when requesting votes: java.util.concurrent.ExecutionException: org.apache.ratis.thirdparty.io.grpc.StatusRuntimeException: UNAVAILABLE: io exception
2022-06-24 23:45:52,976 [1cd66e73-07f1-4729-a00f-873523f7ad93@group-1BF5799665A0-LeaderElection16] INFO  impl.LeaderElection (LeaderElection.java:logAndReturn(90)) - 1cd66e73-07f1-4729-a00f-873523f7ad93@group-1BF5799665A0-LeaderElection16: ELECTION REJECTED received 0 response(s) and 2 exception(s):
2022-06-24 23:45:52,976 [1cd66e73-07f1-4729-a00f-873523f7ad93@group-1BF5799665A0-LeaderElection16] INFO  impl.LeaderElection (LogUtils.java:infoOrTrace(137)) -   Exception 0: java.util.concurrent.ExecutionException: org.apache.ratis.thirdparty.io.grpc.StatusRuntimeException: UNAVAILABLE: io exception
2022-06-24 23:45:52,976 [1cd66e73-07f1-4729-a00f-873523f7ad93@group-1BF5799665A0-LeaderElection16] INFO  impl.LeaderElection (LogUtils.java:infoOrTrace(137)) -   Exception 1: java.util.concurrent.ExecutionException: org.apache.ratis.thirdparty.io.grpc.StatusRuntimeException: UNAVAILABLE: io exception
2022-06-24 23:45:52,976 [1cd66e73-07f1-4729-a00f-873523f7ad93@group-1BF5799665A0-LeaderElection16] INFO  impl.LeaderElection (LeaderElection.java:askForVotes(312)) - 1cd66e73-07f1-4729-a00f-873523f7ad93@group-1BF5799665A0-LeaderElection16 ELECTION round 0: result REJECTED
2022-06-24 23:45:52,977 [1cd66e73-07f1-4729-a00f-873523f7ad93@group-1BF5799665A0-LeaderElection16] INFO  server.RaftServer$Division (RaftServerImpl.java:setRole(299)) - 1cd66e73-07f1-4729-a00f-873523f7ad93@group-1BF5799665A0: changes role from CANDIDATE to FOLLOWER at term 5 for REJECTED
2022-06-24 23:45:52,978 [1cd66e73-07f1-4729-a00f-873523f7ad93@group-1BF5799665A0-LeaderElection16] INFO  impl.RoleInfo (RoleInfo.java:shutdownLeaderElection(130)) - 1cd66e73-07f1-4729-a00f-873523f7ad93: shutdown 1cd66e73-07f1-4729-a00f-873523f7ad93@group-1BF5799665A0-LeaderElection16
2022-06-24 23:45:52,978 [1cd66e73-07f1-4729-a00f-873523f7ad93@group-1BF5799665A0-LeaderElection16] INFO  impl.RoleInfo (RoleInfo.java:updateAndGet(139)) - 1cd66e73-07f1-4729-a00f-873523f7ad93: start 1cd66e73-07f1-4729-a00f-873523f7ad93@group-1BF5799665A0-FollowerState
2022-06-24 23:45:54,110 [ForkJoinPool.commonPool-worker-1] INFO  ozoneimpl.OzoneContainer (OzoneContainer.java:stop(365)) - Attempting to stop container services.
2022-06-24 23:45:54,111 [ForkJoinPool.commonPool-worker-1] INFO  server.RaftServer (RaftServerProxy.java:lambda$close$7(398)) - 1cd66e73-07f1-4729-a00f-873523f7ad93: close
2022-06-24 23:45:54,111 [ForkJoinPool.commonPool-worker-1] INFO  server.RaftServer$Division (RaftServerImpl.java:lambda$close$4(434)) - 1cd66e73-07f1-4729-a00f-873523f7ad93@group-948803C488C1: shutdown
2022-06-24 23:45:54,111 [ForkJoinPool.commonPool-worker-1] INFO  util.JmxRegister (JmxRegister.java:unregister(73)) - Successfully un-registered JMX Bean with object name Ratis:service=RaftServer,group=group-948803C488C1,id=1cd66e73-07f1-4729-a00f-873523f7ad93
2022-06-24 23:45:54,111 [ForkJoinPool.commonPool-worker-1] INFO  impl.RoleInfo (RoleInfo.java:shutdownLeaderState(93)) - 1cd66e73-07f1-4729-a00f-873523f7ad93: shutdown 1cd66e73-07f1-4729-a00f-873523f7ad93@group-948803C488C1-LeaderStateImpl
2022-06-24 23:45:54,115 [ForkJoinPool.commonPool-worker-1] INFO  impl.PendingRequests (PendingRequests.java:sendNotLeaderResponses(282)) - 1cd66e73-07f1-4729-a00f-873523f7ad93@group-948803C488C1-PendingRequests: sendNotLeaderResponses
2022-06-24 23:45:54,115 [ForkJoinPool.commonPool-worker-1] INFO  impl.StateMachineUpdater (StateMachineUpdater.java:stopAndJoin(153)) - 1cd66e73-07f1-4729-a00f-873523f7ad93@group-948803C488C1-StateMachineUpdater: set stopIndex = 0
2022-06-24 23:45:54,116 [1cd66e73-07f1-4729-a00f-873523f7ad93@group-948803C488C1-StateMachineUpdater] INFO  ratis.ContainerStateMachine (ContainerStateMachine.java:takeSnapshot(304)) - group-948803C488C1: Taking a snapshot at:(t:1, i:0) file /home/runner/work/ozone/ozone/hadoop-ozone/integration-test/target/test-dir/MiniOzoneClusterImpl-85de49eb-2ce1-4613-814a-bfb310a11337/datanode-0/data/ratis/d92e3780-5c7a-419a-9812-948803c488c1/sm/snapshot.1_0
2022-06-24 23:45:54,117 [1cd66e73-07f1-4729-a00f-873523f7ad93@group-948803C488C1-StateMachineUpdater] INFO  ratis.ContainerStateMachine (ContainerStateMachine.java:takeSnapshot(315)) - group-948803C488C1: Finished taking a snapshot at:(t:1, i:0) file:/home/runner/work/ozone/ozone/hadoop-ozone/integration-test/target/test-dir/MiniOzoneClusterImpl-85de49eb-2ce1-4613-814a-bfb310a11337/datanode-0/data/ratis/d92e3780-5c7a-419a-9812-948803c488c1/sm/snapshot.1_0 took: 2 ms
2022-06-24 23:45:54,117 [1cd66e73-07f1-4729-a00f-873523f7ad93@group-948803C488C1-StateMachineUpdater] INFO  impl.StateMachineUpdater (StateMachineUpdater.java:takeSnapshot(287)) - 1cd66e73-07f1-4729-a00f-873523f7ad93@group-948803C488C1-StateMachineUpdater: Took a snapshot at index 0
2022-06-24 23:45:54,117 [1cd66e73-07f1-4729-a00f-873523f7ad93@group-948803C488C1-StateMachineUpdater] INFO  impl.StateMachineUpdater (StateMachineUpdater.java:lambda$new$0(92)) - 1cd66e73-07f1-4729-a00f-873523f7ad93@group-948803C488C1-StateMachineUpdater: snapshotIndex: updateIncreasingly -1 -> 0
2022-06-24 23:45:54,118 [ForkJoinPool.commonPool-worker-1] INFO  server.RaftServer$Division (ServerState.java:close(429)) - 1cd66e73-07f1-4729-a00f-873523f7ad93@group-948803C488C1: closes. applyIndex: 0
2022-06-24 23:45:54,118 [1cd66e73-07f1-4729-a00f-873523f7ad93@group-948803C488C1-SegmentedRaftLogWorker] INFO  segmented.SegmentedRaftLogWorker (SegmentedRaftLogWorker.java:run(336)) - 1cd66e73-07f1-4729-a00f-873523f7ad93@group-948803C488C1-SegmentedRaftLogWorker was interrupted, exiting. There are 0 tasks remaining in the queue.
2022-06-24 23:45:54,118 [ForkJoinPool.commonPool-worker-1] INFO  segmented.SegmentedRaftLogWorker (SegmentedRaftLogWorker.java:close(246)) - 1cd66e73-07f1-4729-a00f-873523f7ad93@group-948803C488C1-SegmentedRaftLogWorker close()
2022-06-24 23:45:54,119 [ForkJoinPool.commonPool-worker-1] INFO  server.RaftServer$Division (RaftServerImpl.java:lambda$close$4(434)) - 1cd66e73-07f1-4729-a00f-873523f7ad93@group-1BF5799665A0: shutdown
2022-06-24 23:45:54,119 [ForkJoinPool.commonPool-worker-1] INFO  util.JmxRegister (JmxRegister.java:unregister(73)) - Successfully un-registered JMX Bean with object name Ratis:service=RaftServer,group=group-1BF5799665A0,id=1cd66e73-07f1-4729-a00f-873523f7ad93
2022-06-24 23:45:54,119 [ForkJoinPool.commonPool-worker-1] INFO  impl.RoleInfo (RoleInfo.java:shutdownFollowerState(110)) - 1cd66e73-07f1-4729-a00f-873523f7ad93: shutdown 1cd66e73-07f1-4729-a00f-873523f7ad93@group-1BF5799665A0-FollowerState
2022-06-24 23:45:54,120 [ForkJoinPool.commonPool-worker-1] INFO  impl.StateMachineUpdater (StateMachineUpdater.java:stopAndJoin(153)) - 1cd66e73-07f1-4729-a00f-873523f7ad93@group-1BF5799665A0-StateMachineUpdater: set stopIndex = 4
2022-06-24 23:45:54,120 [1cd66e73-07f1-4729-a00f-873523f7ad93@group-1BF5799665A0-FollowerState] INFO  impl.FollowerState (FollowerState.java:run(152)) - 1cd66e73-07f1-4729-a00f-873523f7ad93@group-1BF5799665A0-FollowerState was interrupted
2022-06-24 23:45:54,120 [1cd66e73-07f1-4729-a00f-873523f7ad93@group-1BF5799665A0-StateMachineUpdater] INFO  ratis.ContainerStateMachine (ContainerStateMachine.java:takeSnapshot(304)) - group-1BF5799665A0: Taking a snapshot at:(t:4, i:4) file /home/runner/work/ozone/ozone/hadoop-ozone/integration-test/target/test-dir/MiniOzoneClusterImpl-85de49eb-2ce1-4613-814a-bfb310a11337/datanode-0/data/ratis/ef3eb1a0-c051-4623-9f43-1bf5799665a0/sm/snapshot.4_4
2022-06-24 23:45:54,133 [1cd66e73-07f1-4729-a00f-873523f7ad93@group-1BF5799665A0-StateMachineUpdater] INFO  ratis.ContainerStateMachine (ContainerStateMachine.java:takeSnapshot(315)) - group-1BF5799665A0: Finished taking a snapshot at:(t:4, i:4) file:/home/runner/work/ozone/ozone/hadoop-ozone/integration-test/target/test-dir/MiniOzoneClusterImpl-85de49eb-2ce1-4613-814a-bfb310a11337/datanode-0/data/ratis/ef3eb1a0-c051-4623-9f43-1bf5799665a0/sm/snapshot.4_4 took: 13 ms
2022-06-24 23:45:54,134 [1cd66e73-07f1-4729-a00f-873523f7ad93@group-1BF5799665A0-StateMachineUpdater] INFO  impl.StateMachineUpdater (StateMachineUpdater.java:takeSnapshot(287)) - 1cd66e73-07f1-4729-a00f-873523f7ad93@group-1BF5799665A0-StateMachineUpdater: Took a snapshot at index 4
2022-06-24 23:45:54,134 [1cd66e73-07f1-4729-a00f-873523f7ad93@group-1BF5799665A0-StateMachineUpdater] INFO  impl.StateMachineUpdater (StateMachineUpdater.java:lambda$new$0(92)) - 1cd66e73-07f1-4729-a00f-873523f7ad93@group-1BF5799665A0-StateMachineUpdater: snapshotIndex: updateIncreasingly -1 -> 4
2022-06-24 23:45:54,134 [ForkJoinPool.commonPool-worker-1] INFO  server.RaftServer$Division (ServerState.java:close(429)) - 1cd66e73-07f1-4729-a00f-873523f7ad93@group-1BF5799665A0: closes. applyIndex: 4
2022-06-24 23:45:54,134 [1cd66e73-07f1-4729-a00f-873523f7ad93@group-1BF5799665A0-SegmentedRaftLogWorker] INFO  segmented.SegmentedRaftLogWorker (SegmentedRaftLogWorker.java:run(336)) - 1cd66e73-07f1-4729-a00f-873523f7ad93@group-1BF5799665A0-SegmentedRaftLogWorker was interrupted, exiting. There are 0 tasks remaining in the queue.
2022-06-24 23:45:54,135 [ForkJoinPool.commonPool-worker-1] INFO  segmented.SegmentedRaftLogWorker (SegmentedRaftLogWorker.java:close(246)) - 1cd66e73-07f1-4729-a00f-873523f7ad93@group-1BF5799665A0-SegmentedRaftLogWorker close()
2022-06-24 23:45:54,136 [ForkJoinPool.commonPool-worker-1] INFO  server.RaftServer$Division (RaftServerImpl.java:lambda$close$4(434)) - 1cd66e73-07f1-4729-a00f-873523f7ad93@group-776F56FA1288: shutdown
2022-06-24 23:45:54,136 [ForkJoinPool.commonPool-worker-1] INFO  util.JmxRegister (JmxRegister.java:unregister(73)) - Successfully un-registered JMX Bean with object name Ratis:service=RaftServer,group=group-776F56FA1288,id=1cd66e73-07f1-4729-a00f-873523f7ad93
2022-06-24 23:45:54,136 [ForkJoinPool.commonPool-worker-1] INFO  impl.RoleInfo (RoleInfo.java:shutdownFollowerState(110)) - 1cd66e73-07f1-4729-a00f-873523f7ad93: shutdown 1cd66e73-07f1-4729-a00f-873523f7ad93@group-776F56FA1288-FollowerState
2022-06-24 23:45:54,136 [ForkJoinPool.commonPool-worker-1] INFO  impl.StateMachineUpdater (StateMachineUpdater.java:stopAndJoin(153)) - 1cd66e73-07f1-4729-a00f-873523f7ad93@group-776F56FA1288-StateMachineUpdater: set stopIndex = 26
2022-06-24 23:45:54,136 [1cd66e73-07f1-4729-a00f-873523f7ad93@group-776F56FA1288-FollowerState] INFO  impl.FollowerState (FollowerState.java:run(152)) - 1cd66e73-07f1-4729-a00f-873523f7ad93@group-776F56FA1288-FollowerState was interrupted
2022-06-24 23:45:54,137 [1cd66e73-07f1-4729-a00f-873523f7ad93@group-776F56FA1288-StateMachineUpdater] INFO  ratis.ContainerStateMachine (ContainerStateMachine.java:takeSnapshot(304)) - group-776F56FA1288: Taking a snapshot at:(t:3, i:26) file /home/runner/work/ozone/ozone/hadoop-ozone/integration-test/target/test-dir/MiniOzoneClusterImpl-85de49eb-2ce1-4613-814a-bfb310a11337/datanode-0/data/ratis/997d2440-d3f2-4afe-baa1-776f56fa1288/sm/snapshot.3_26
2022-06-24 23:45:54,138 [1cd66e73-07f1-4729-a00f-873523f7ad93@group-776F56FA1288-StateMachineUpdater] INFO  ratis.ContainerStateMachine (ContainerStateMachine.java:takeSnapshot(315)) - group-776F56FA1288: Finished taking a snapshot at:(t:3, i:26) file:/home/runner/work/ozone/ozone/hadoop-ozone/integration-test/target/test-dir/MiniOzoneClusterImpl-85de49eb-2ce1-4613-814a-bfb310a11337/datanode-0/data/ratis/997d2440-d3f2-4afe-baa1-776f56fa1288/sm/snapshot.3_26 took: 2 ms
2022-06-24 23:45:54,138 [1cd66e73-07f1-4729-a00f-873523f7ad93@group-776F56FA1288-StateMachineUpdater] INFO  impl.StateMachineUpdater (StateMachineUpdater.java:takeSnapshot(287)) - 1cd66e73-07f1-4729-a00f-873523f7ad93@group-776F56FA1288-StateMachineUpdater: Took a snapshot at index 26
2022-06-24 23:45:54,138 [1cd66e73-07f1-4729-a00f-873523f7ad93@group-776F56FA1288-StateMachineUpdater] INFO  impl.StateMachineUpdater (StateMachineUpdater.java:lambda$new$0(92)) - 1cd66e73-07f1-4729-a00f-873523f7ad93@group-776F56FA1288-StateMachineUpdater: snapshotIndex: updateIncreasingly -1 -> 26
2022-06-24 23:45:54,139 [ForkJoinPool.commonPool-worker-1] INFO  server.RaftServer$Division (ServerState.java:close(429)) - 1cd66e73-07f1-4729-a00f-873523f7ad93@group-776F56FA1288: closes. applyIndex: 26
2022-06-24 23:45:54,139 [1cd66e73-07f1-4729-a00f-873523f7ad93@group-776F56FA1288-SegmentedRaftLogWorker] INFO  segmented.SegmentedRaftLogWorker (SegmentedRaftLogWorker.java:run(336)) - 1cd66e73-07f1-4729-a00f-873523f7ad93@group-776F56FA1288-SegmentedRaftLogWorker was interrupted, exiting. There are 0 tasks remaining in the queue.
2022-06-24 23:45:54,140 [ForkJoinPool.commonPool-worker-1] INFO  segmented.SegmentedRaftLogWorker (SegmentedRaftLogWorker.java:close(246)) - 1cd66e73-07f1-4729-a00f-873523f7ad93@group-776F56FA1288-SegmentedRaftLogWorker close()
2022-06-24 23:45:54,140 [ForkJoinPool.commonPool-worker-1] INFO  server.GrpcService (GrpcService.java:closeImpl(269)) - 1cd66e73-07f1-4729-a00f-873523f7ad93: shutdown server with port 46017 now
2022-06-24 23:45:54,142 [grpc-default-executor-3] WARN  server.GrpcClientProtocolService (LogUtils.java:warn(122)) - 1-UnorderedRequestStreamObserver1: onError: org.apache.ratis.thirdparty.io.grpc.StatusRuntimeException: CANCELLED: client cancelled
2022-06-24 23:45:54,143 [ForkJoinPool.commonPool-worker-1] INFO  server.GrpcService (GrpcService.java:closeImpl(278)) - 1cd66e73-07f1-4729-a00f-873523f7ad93: shutdown server with port 46017 successfully
2022-06-24 23:45:54,151 [org.apache.ratis.util.JvmPauseMonitor$$Lambda$627/395666382@7470dde4] INFO  util.JvmPauseMonitor (JvmPauseMonitor.java:run(109)) - JvmPauseMonitor-1cd66e73-07f1-4729-a00f-873523f7ad93: Stopped
2022-06-24 23:45:54,311 [Listener at 127.0.0.1/44795] INFO  ozoneimpl.OzoneContainer (OzoneContainer.java:stop(365)) - Attempting to stop container services.
2022-06-24 23:45:54,312 [Listener at 127.0.0.1/44795] INFO  server.RaftServer (RaftServerProxy.java:lambda$close$7(398)) - 195e3a17-4c6d-4f40-b013-a6f8b27716a1: close
2022-06-24 23:45:54,312 [Listener at 127.0.0.1/44795] INFO  server.RaftServer$Division (RaftServerImpl.java:lambda$close$4(434)) - 195e3a17-4c6d-4f40-b013-a6f8b27716a1@group-8ABC1D4E2A2A: shutdown
2022-06-24 23:45:54,312 [Listener at 127.0.0.1/44795] INFO  util.JmxRegister (JmxRegister.java:unregister(73)) - Successfully un-registered JMX Bean with object name Ratis:service=RaftServer,group=group-8ABC1D4E2A2A,id=195e3a17-4c6d-4f40-b013-a6f8b27716a1
2022-06-24 23:45:54,312 [Listener at 127.0.0.1/44795] INFO  impl.RoleInfo (RoleInfo.java:shutdownLeaderState(93)) - 195e3a17-4c6d-4f40-b013-a6f8b27716a1: shutdown 195e3a17-4c6d-4f40-b013-a6f8b27716a1@group-8ABC1D4E2A2A-LeaderStateImpl
2022-06-24 23:45:54,312 [Listener at 127.0.0.1/44795] INFO  impl.PendingRequests (PendingRequests.java:sendNotLeaderResponses(282)) - 195e3a17-4c6d-4f40-b013-a6f8b27716a1@group-8ABC1D4E2A2A-PendingRequests: sendNotLeaderResponses
2022-06-24 23:45:54,313 [Listener at 127.0.0.1/44795] INFO  impl.StateMachineUpdater (StateMachineUpdater.java:stopAndJoin(153)) - 195e3a17-4c6d-4f40-b013-a6f8b27716a1@group-8ABC1D4E2A2A-StateMachineUpdater: set stopIndex = 0
2022-06-24 23:45:54,315 [195e3a17-4c6d-4f40-b013-a6f8b27716a1@group-8ABC1D4E2A2A-StateMachineUpdater] INFO  ratis.ContainerStateMachine (ContainerStateMachine.java:takeSnapshot(304)) - group-8ABC1D4E2A2A: Taking a snapshot at:(t:1, i:0) file /home/runner/work/ozone/ozone/hadoop-ozone/integration-test/target/test-dir/MiniOzoneClusterImpl-85de49eb-2ce1-4613-814a-bfb310a11337/datanode-4/data/ratis/b2d230eb-73f3-4365-83c1-8abc1d4e2a2a/sm/snapshot.1_0
2022-06-24 23:45:54,316 [195e3a17-4c6d-4f40-b013-a6f8b27716a1@group-8ABC1D4E2A2A-StateMachineUpdater] INFO  ratis.ContainerStateMachine (ContainerStateMachine.java:takeSnapshot(315)) - group-8ABC1D4E2A2A: Finished taking a snapshot at:(t:1, i:0) file:/home/runner/work/ozone/ozone/hadoop-ozone/integration-test/target/test-dir/MiniOzoneClusterImpl-85de49eb-2ce1-4613-814a-bfb310a11337/datanode-4/data/ratis/b2d230eb-73f3-4365-83c1-8abc1d4e2a2a/sm/snapshot.1_0 took: 3 ms
2022-06-24 23:45:54,316 [195e3a17-4c6d-4f40-b013-a6f8b27716a1@group-8ABC1D4E2A2A-StateMachineUpdater] INFO  impl.StateMachineUpdater (StateMachineUpdater.java:takeSnapshot(287)) - 195e3a17-4c6d-4f40-b013-a6f8b27716a1@group-8ABC1D4E2A2A-StateMachineUpdater: Took a snapshot at index 0
2022-06-24 23:45:54,316 [195e3a17-4c6d-4f40-b013-a6f8b27716a1@group-8ABC1D4E2A2A-StateMachineUpdater] INFO  impl.StateMachineUpdater (StateMachineUpdater.java:lambda$new$0(92)) - 195e3a17-4c6d-4f40-b013-a6f8b27716a1@group-8ABC1D4E2A2A-StateMachineUpdater: snapshotIndex: updateIncreasingly -1 -> 0
2022-06-24 23:45:54,317 [Listener at 127.0.0.1/44795] INFO  server.RaftServer$Division (ServerState.java:close(429)) - 195e3a17-4c6d-4f40-b013-a6f8b27716a1@group-8ABC1D4E2A2A: closes. applyIndex: 0
2022-06-24 23:45:54,317 [195e3a17-4c6d-4f40-b013-a6f8b27716a1@group-8ABC1D4E2A2A-SegmentedRaftLogWorker] INFO  segmented.SegmentedRaftLogWorker (SegmentedRaftLogWorker.java:run(336)) - 195e3a17-4c6d-4f40-b013-a6f8b27716a1@group-8ABC1D4E2A2A-SegmentedRaftLogWorker was interrupted, exiting. There are 0 tasks remaining in the queue.
2022-06-24 23:45:54,317 [Listener at 127.0.0.1/44795] INFO  segmented.SegmentedRaftLogWorker (SegmentedRaftLogWorker.java:close(246)) - 195e3a17-4c6d-4f40-b013-a6f8b27716a1@group-8ABC1D4E2A2A-SegmentedRaftLogWorker close()
2022-06-24 23:45:54,318 [Listener at 127.0.0.1/44795] INFO  server.GrpcService (GrpcService.java:closeImpl(269)) - 195e3a17-4c6d-4f40-b013-a6f8b27716a1: shutdown server with port 38197 now
2022-06-24 23:45:54,318 [Listener at 127.0.0.1/44795] INFO  server.GrpcService (GrpcService.java:closeImpl(278)) - 195e3a17-4c6d-4f40-b013-a6f8b27716a1: shutdown server with port 38197 successfully
2022-06-24 23:45:54,318 [org.apache.ratis.util.JvmPauseMonitor$$Lambda$627/395666382@5ecd6488] INFO  util.JvmPauseMonitor (JvmPauseMonitor.java:run(109)) - JvmPauseMonitor-195e3a17-4c6d-4f40-b013-a6f8b27716a1: Stopped
2022-06-24 23:45:56,176 [ForkJoinPool.commonPool-worker-1] INFO  utils.BackgroundService (BackgroundService.java:shutdown(132)) - Shutting down service BlockDeletingService
2022-06-24 23:45:56,323 [Listener at 127.0.0.1/44795] INFO  utils.BackgroundService (BackgroundService.java:shutdown(132)) - Shutting down service BlockDeletingService
2022-06-24 23:45:59,178 [ForkJoinPool.commonPool-worker-1] INFO  statemachine.DatanodeStateMachine (DatanodeStateMachine.java:stopDaemon(580)) - Ozone container server stopped.
2022-06-24 23:45:59,199 [ForkJoinPool.commonPool-worker-1] INFO  handler.ContextHandler (ContextHandler.java:doStop(1153)) - Stopped o.e.j.w.WebAppContext@762618bb{hddsDatanode,/,null,STOPPED}{jar:file:/home/runner/.m2/repository/org/apache/ozone/hdds-container-service/1.3.0-SNAPSHOT/hdds-container-service-1.3.0-SNAPSHOT.jar!/webapps/hddsDatanode}
2022-06-24 23:45:59,203 [ForkJoinPool.commonPool-worker-1] INFO  server.AbstractConnector (AbstractConnector.java:doStop(381)) - Stopped ServerConnector@229d81e3{HTTP/1.1, (http/1.1)}{0.0.0.0:0}
2022-06-24 23:45:59,203 [ForkJoinPool.commonPool-worker-1] INFO  server.session (HouseKeeper.java:stopScavenging(149)) - node0 Stopped scavenging
2022-06-24 23:45:59,216 [ForkJoinPool.commonPool-worker-1] INFO  handler.ContextHandler (ContextHandler.java:doStop(1153)) - Stopped o.e.j.s.ServletContextHandler@754ecc69{static,/static,jar:file:/home/runner/.m2/repository/org/apache/ozone/hdds-container-service/1.3.0-SNAPSHOT/hdds-container-service-1.3.0-SNAPSHOT.jar!/webapps/static,STOPPED}
2022-06-24 23:45:59,217 [ForkJoinPool.commonPool-worker-1] INFO  handler.ContextHandler (ContextHandler.java:doStop(1153)) - Stopped o.e.j.s.ServletContextHandler@43aeca02{logs,/logs,file:///home/runner/work/ozone/ozone/hadoop-ozone/integration-test/target/log,STOPPED}
2022-06-24 23:45:59,329 [Listener at 127.0.0.1/44795] INFO  statemachine.DatanodeStateMachine (DatanodeStateMachine.java:stopDaemon(580)) - Ozone container server stopped.
2022-06-24 23:45:59,336 [Listener at 127.0.0.1/44795] INFO  handler.ContextHandler (ContextHandler.java:doStop(1153)) - Stopped o.e.j.w.WebAppContext@7f9c22ac{hddsDatanode,/,null,STOPPED}{jar:file:/home/runner/.m2/repository/org/apache/ozone/hdds-container-service/1.3.0-SNAPSHOT/hdds-container-service-1.3.0-SNAPSHOT.jar!/webapps/hddsDatanode}
2022-06-24 23:45:59,342 [Listener at 127.0.0.1/44795] INFO  server.AbstractConnector (AbstractConnector.java:doStop(381)) - Stopped ServerConnector@40783a1c{HTTP/1.1, (http/1.1)}{0.0.0.0:0}
2022-06-24 23:45:59,342 [Listener at 127.0.0.1/44795] INFO  server.session (HouseKeeper.java:stopScavenging(149)) - node0 Stopped scavenging
2022-06-24 23:45:59,342 [Listener at 127.0.0.1/44795] INFO  handler.ContextHandler (ContextHandler.java:doStop(1153)) - Stopped o.e.j.s.ServletContextHandler@4d6c93fd{static,/static,jar:file:/home/runner/.m2/repository/org/apache/ozone/hdds-container-service/1.3.0-SNAPSHOT/hdds-container-service-1.3.0-SNAPSHOT.jar!/webapps/static,STOPPED}
2022-06-24 23:45:59,342 [Listener at 127.0.0.1/44795] INFO  handler.ContextHandler (ContextHandler.java:doStop(1153)) - Stopped o.e.j.s.ServletContextHandler@b6d99bc{logs,/logs,file:///home/runner/work/ozone/ozone/hadoop-ozone/integration-test/target/log,STOPPED}
2022-06-24 23:46:04,219 [ForkJoinPool.commonPool-worker-1] INFO  ozoneimpl.OzoneContainer (OzoneContainer.java:stop(365)) - Attempting to stop container services.
2022-06-24 23:46:04,223 [ForkJoinPool.commonPool-worker-1] INFO  server.RaftServer (RaftServerProxy.java:lambda$close$7(398)) - 81e412cb-c007-41b2-a8bf-200042a7632d: close
2022-06-24 23:46:04,223 [ForkJoinPool.commonPool-worker-1] INFO  server.RaftServer$Division (RaftServerImpl.java:lambda$close$4(434)) - 81e412cb-c007-41b2-a8bf-200042a7632d@group-A23E767A082C: shutdown
2022-06-24 23:46:04,223 [ForkJoinPool.commonPool-worker-1] INFO  util.JmxRegister (JmxRegister.java:unregister(73)) - Successfully un-registered JMX Bean with object name Ratis:service=RaftServer,group=group-A23E767A082C,id=81e412cb-c007-41b2-a8bf-200042a7632d
2022-06-24 23:46:04,223 [ForkJoinPool.commonPool-worker-1] INFO  impl.RoleInfo (RoleInfo.java:shutdownLeaderState(93)) - 81e412cb-c007-41b2-a8bf-200042a7632d: shutdown 81e412cb-c007-41b2-a8bf-200042a7632d@group-A23E767A082C-LeaderStateImpl
2022-06-24 23:46:04,223 [ForkJoinPool.commonPool-worker-1] INFO  impl.PendingRequests (PendingRequests.java:sendNotLeaderResponses(282)) - 81e412cb-c007-41b2-a8bf-200042a7632d@group-A23E767A082C-PendingRequests: sendNotLeaderResponses
2022-06-24 23:46:04,224 [ForkJoinPool.commonPool-worker-1] INFO  impl.StateMachineUpdater (StateMachineUpdater.java:stopAndJoin(153)) - 81e412cb-c007-41b2-a8bf-200042a7632d@group-A23E767A082C-StateMachineUpdater: set stopIndex = 0
2022-06-24 23:46:04,224 [81e412cb-c007-41b2-a8bf-200042a7632d@group-A23E767A082C-StateMachineUpdater] INFO  ratis.ContainerStateMachine (ContainerStateMachine.java:takeSnapshot(304)) - group-A23E767A082C: Taking a snapshot at:(t:1, i:0) file /home/runner/work/ozone/ozone/hadoop-ozone/integration-test/target/test-dir/MiniOzoneClusterImpl-85de49eb-2ce1-4613-814a-bfb310a11337/datanode-3/data/ratis/9c6f29b1-61b3-418c-a7c4-a23e767a082c/sm/snapshot.1_0
2022-06-24 23:46:04,232 [81e412cb-c007-41b2-a8bf-200042a7632d@group-A23E767A082C-StateMachineUpdater] INFO  ratis.ContainerStateMachine (ContainerStateMachine.java:takeSnapshot(315)) - group-A23E767A082C: Finished taking a snapshot at:(t:1, i:0) file:/home/runner/work/ozone/ozone/hadoop-ozone/integration-test/target/test-dir/MiniOzoneClusterImpl-85de49eb-2ce1-4613-814a-bfb310a11337/datanode-3/data/ratis/9c6f29b1-61b3-418c-a7c4-a23e767a082c/sm/snapshot.1_0 took: 8 ms
2022-06-24 23:46:04,232 [81e412cb-c007-41b2-a8bf-200042a7632d@group-A23E767A082C-StateMachineUpdater] INFO  impl.StateMachineUpdater (StateMachineUpdater.java:takeSnapshot(287)) - 81e412cb-c007-41b2-a8bf-200042a7632d@group-A23E767A082C-StateMachineUpdater: Took a snapshot at index 0
2022-06-24 23:46:04,232 [81e412cb-c007-41b2-a8bf-200042a7632d@group-A23E767A082C-StateMachineUpdater] INFO  impl.StateMachineUpdater (StateMachineUpdater.java:lambda$new$0(92)) - 81e412cb-c007-41b2-a8bf-200042a7632d@group-A23E767A082C-StateMachineUpdater: snapshotIndex: updateIncreasingly -1 -> 0
2022-06-24 23:46:04,233 [ForkJoinPool.commonPool-worker-1] INFO  server.RaftServer$Division (ServerState.java:close(429)) - 81e412cb-c007-41b2-a8bf-200042a7632d@group-A23E767A082C: closes. applyIndex: 0
2022-06-24 23:46:04,233 [81e412cb-c007-41b2-a8bf-200042a7632d@group-A23E767A082C-SegmentedRaftLogWorker] INFO  segmented.SegmentedRaftLogWorker (SegmentedRaftLogWorker.java:run(336)) - 81e412cb-c007-41b2-a8bf-200042a7632d@group-A23E767A082C-SegmentedRaftLogWorker was interrupted, exiting. There are 0 tasks remaining in the queue.
2022-06-24 23:46:04,233 [ForkJoinPool.commonPool-worker-1] INFO  segmented.SegmentedRaftLogWorker (SegmentedRaftLogWorker.java:close(246)) - 81e412cb-c007-41b2-a8bf-200042a7632d@group-A23E767A082C-SegmentedRaftLogWorker close()
2022-06-24 23:46:04,243 [ForkJoinPool.commonPool-worker-1] INFO  server.GrpcService (GrpcService.java:closeImpl(269)) - 81e412cb-c007-41b2-a8bf-200042a7632d: shutdown server with port 40693 now
2022-06-24 23:46:04,264 [ForkJoinPool.commonPool-worker-1] INFO  server.GrpcService (GrpcService.java:closeImpl(278)) - 81e412cb-c007-41b2-a8bf-200042a7632d: shutdown server with port 40693 successfully
2022-06-24 23:46:04,264 [org.apache.ratis.util.JvmPauseMonitor$$Lambda$627/395666382@713a5c1] INFO  util.JvmPauseMonitor (JvmPauseMonitor.java:run(109)) - JvmPauseMonitor-81e412cb-c007-41b2-a8bf-200042a7632d: Stopped
2022-06-24 23:46:06,281 [ForkJoinPool.commonPool-worker-1] INFO  utils.BackgroundService (BackgroundService.java:shutdown(132)) - Shutting down service BlockDeletingService
2022-06-24 23:46:09,303 [ForkJoinPool.commonPool-worker-1] INFO  statemachine.DatanodeStateMachine (DatanodeStateMachine.java:stopDaemon(580)) - Ozone container server stopped.
2022-06-24 23:46:09,347 [ForkJoinPool.commonPool-worker-1] INFO  handler.ContextHandler (ContextHandler.java:doStop(1153)) - Stopped o.e.j.w.WebAppContext@d1eb341{hddsDatanode,/,null,STOPPED}{jar:file:/home/runner/.m2/repository/org/apache/ozone/hdds-container-service/1.3.0-SNAPSHOT/hdds-container-service-1.3.0-SNAPSHOT.jar!/webapps/hddsDatanode}
2022-06-24 23:46:09,349 [ForkJoinPool.commonPool-worker-1] INFO  server.AbstractConnector (AbstractConnector.java:doStop(381)) - Stopped ServerConnector@194a8a09{HTTP/1.1, (http/1.1)}{0.0.0.0:0}
2022-06-24 23:46:09,349 [ForkJoinPool.commonPool-worker-1] INFO  server.session (HouseKeeper.java:stopScavenging(149)) - node0 Stopped scavenging
2022-06-24 23:46:09,350 [ForkJoinPool.commonPool-worker-1] INFO  handler.ContextHandler (ContextHandler.java:doStop(1153)) - Stopped o.e.j.s.ServletContextHandler@811dc82{static,/static,jar:file:/home/runner/.m2/repository/org/apache/ozone/hdds-container-service/1.3.0-SNAPSHOT/hdds-container-service-1.3.0-SNAPSHOT.jar!/webapps/static,STOPPED}
2022-06-24 23:46:09,350 [ForkJoinPool.commonPool-worker-1] INFO  handler.ContextHandler (ContextHandler.java:doStop(1153)) - Stopped o.e.j.s.ServletContextHandler@66023b3{logs,/logs,file:///home/runner/work/ozone/ozone/hadoop-ozone/integration-test/target/log,STOPPED}
2022-06-24 23:46:09,352 [Listener at 127.0.0.1/44795] INFO  ozone.MiniOzoneClusterImpl (MiniOzoneClusterImpl.java:stopSCM(549)) - Stopping the StorageContainerManager
2022-06-24 23:46:09,352 [Listener at 127.0.0.1/44795] INFO  server.StorageContainerManager (StorageContainerManager.java:stop(1510)) - Container Balancer is not running.
2022-06-24 23:46:09,352 [Listener at 127.0.0.1/44795] INFO  server.StorageContainerManager (StorageContainerManager.java:stop(1517)) - Stopping Replication Manager Service.
2022-06-24 23:46:09,352 [Listener at 127.0.0.1/44795] INFO  replication.ReplicationManager (ReplicationManager.java:stop(212)) - Stopping Replication Monitor Thread.
2022-06-24 23:46:09,352 [Listener at 127.0.0.1/44795] INFO  server.StorageContainerManager (StorageContainerManager.java:stop(1524)) - Stopping the Datanode Admin Monitor.
2022-06-24 23:46:09,353 [ReplicationMonitor] INFO  replication.ReplicationManager (ReplicationManager.java:run(270)) - Replication Monitor Thread is stopped
2022-06-24 23:46:09,353 [Listener at 127.0.0.1/44795] INFO  server.StorageContainerManager (StorageContainerManager.java:stop(1531)) - Stopping Lease Manager of the command watchers
2022-06-24 23:46:09,353 [Listener at 127.0.0.1/44795] INFO  server.StorageContainerManager (StorageContainerManager.java:stop(1538)) - Stopping datanode service RPC server
2022-06-24 23:46:09,353 [Listener at 127.0.0.1/44795] INFO  server.SCMDatanodeProtocolServer (SCMDatanodeProtocolServer.java:stop(408)) - Stopping the RPC server for DataNodes
2022-06-24 23:46:09,353 [Listener at 127.0.0.1/44795] INFO  ipc.Server (Server.java:stop(3414)) - Stopping server on 42479
2022-06-24 23:46:09,354 [IPC Server Responder] INFO  ipc.Server (Server.java:run(1512)) - Stopping IPC Server Responder
2022-06-24 23:46:09,355 [IPC Server listener on 0] INFO  ipc.Server (Server.java:run(1376)) - Stopping IPC Server listener on 0
2022-06-24 23:46:09,415 [SCM Heartbeat Processing Thread - 0] WARN  node.NodeStateManager (NodeStateManager.java:scheduleNextHealthCheck(870)) - Current Thread is interrupted, shutting down HB processing thread for Node Manager.
2022-06-24 23:46:09,415 [Listener at 127.0.0.1/44795] INFO  server.StorageContainerManager (StorageContainerManager.java:stop(1546)) - Stopping block service RPC server
2022-06-24 23:46:09,416 [Listener at 127.0.0.1/44795] INFO  server.SCMBlockProtocolServer (SCMBlockProtocolServer.java:stop(160)) - Stopping the RPC server for Block Protocol
2022-06-24 23:46:09,416 [Listener at 127.0.0.1/44795] INFO  ipc.Server (Server.java:stop(3414)) - Stopping server on 39163
2022-06-24 23:46:09,418 [Listener at 127.0.0.1/44795] INFO  server.StorageContainerManager (StorageContainerManager.java:stop(1553)) - Stopping the StorageContainerLocationProtocol RPC server
2022-06-24 23:46:09,418 [Listener at 127.0.0.1/44795] INFO  server.SCMClientProtocolServer (SCMClientProtocolServer.java:stop(178)) - Stopping the RPC server for Client Protocol
2022-06-24 23:46:09,418 [Listener at 127.0.0.1/44795] INFO  ipc.Server (Server.java:stop(3414)) - Stopping server on 38399
2022-06-24 23:46:09,418 [IPC Server Responder] INFO  ipc.Server (Server.java:run(1512)) - Stopping IPC Server Responder
2022-06-24 23:46:09,419 [IPC Server listener on 0] INFO  ipc.Server (Server.java:run(1376)) - Stopping IPC Server listener on 0
2022-06-24 23:46:09,420 [Listener at 127.0.0.1/44795] INFO  server.StorageContainerManager (StorageContainerManager.java:stop(1560)) - Stopping Storage Container Manager HTTP server.
2022-06-24 23:46:09,421 [Listener at 127.0.0.1/44795] INFO  handler.ContextHandler (ContextHandler.java:doStop(1153)) - Stopped o.e.j.w.WebAppContext@6cac0334{scm,/,null,STOPPED}{file:/home/runner/work/ozone/ozone/hadoop-ozone/integration-test/target/test-classes/webapps/scm}
2022-06-24 23:46:09,421 [IPC Server Responder] INFO  ipc.Server (Server.java:run(1512)) - Stopping IPC Server Responder
2022-06-24 23:46:09,422 [IPC Server listener on 0] INFO  ipc.Server (Server.java:run(1376)) - Stopping IPC Server listener on 0
2022-06-24 23:46:09,422 [Listener at 127.0.0.1/44795] INFO  server.AbstractConnector (AbstractConnector.java:doStop(381)) - Stopped ServerConnector@61ec2cb5{HTTP/1.1, (http/1.1)}{0.0.0.0:0}
2022-06-24 23:46:09,422 [Listener at 127.0.0.1/44795] INFO  server.session (HouseKeeper.java:stopScavenging(149)) - node0 Stopped scavenging
2022-06-24 23:46:09,422 [Listener at 127.0.0.1/44795] INFO  handler.ContextHandler (ContextHandler.java:doStop(1153)) - Stopped o.e.j.s.ServletContextHandler@37aea657{static,/static,file:///home/runner/work/ozone/ozone/hadoop-ozone/integration-test/target/test-classes/webapps/static,STOPPED}
2022-06-24 23:46:09,423 [Listener at 127.0.0.1/44795] INFO  handler.ContextHandler (ContextHandler.java:doStop(1153)) - Stopped o.e.j.s.ServletContextHandler@360d3f47{logs,/logs,file:///home/runner/work/ozone/ozone/hadoop-ozone/integration-test/target/log,STOPPED}
2022-06-24 23:46:09,432 [Listener at 127.0.0.1/44795] INFO  server.StorageContainerManager (StorageContainerManager.java:stop(1571)) - Stopping Block Manager Service.
2022-06-24 23:46:09,433 [Listener at 127.0.0.1/44795] INFO  utils.BackgroundService (BackgroundService.java:shutdown(132)) - Shutting down service SCMBlockDeletingService
2022-06-24 23:46:09,433 [Listener at 127.0.0.1/44795] INFO  utils.BackgroundService (BackgroundService.java:shutdown(132)) - Shutting down service SCMBlockDeletingService
2022-06-24 23:46:09,433 [Listener at 127.0.0.1/44795] INFO  server.StorageContainerManager (StorageContainerManager.java:stop(1598)) - Stopping SCM Event Queue.
2022-06-24 23:46:09,443 [Listener at 127.0.0.1/44795] INFO  server.StorageContainerManager (StorageContainerManager.java:stop(1609)) - Stopping SCM HA services.
2022-06-24 23:46:09,443 [Listener at 127.0.0.1/44795] INFO  pipeline.BackgroundPipelineCreator (BackgroundPipelineCreator.java:stop(152)) - Stopping RatisPipelineUtilsThread.
2022-06-24 23:46:09,443 [RatisPipelineUtilsThread - 0] WARN  pipeline.BackgroundPipelineCreator (BackgroundPipelineCreator.java:run(179)) - RatisPipelineUtilsThread is interrupted.
2022-06-24 23:46:09,443 [BackgroundPipelineScrubberThread] WARN  BackgroundPipelineScrubber (BackgroundSCMService.java:run(110)) - BackgroundPipelineScrubber is interrupted, exit
2022-06-24 23:46:09,444 [Listener at 127.0.0.1/44795] INFO  BackgroundPipelineScrubber (BackgroundSCMService.java:stop(126)) - Stopping BackgroundPipelineScrubber Service.
2022-06-24 23:46:09,444 [Listener at 127.0.0.1/44795] INFO  server.StorageContainerManager (StorageContainerManager.java:stop(1619)) - Stopping SCM MetadataStore.
2022-06-24 23:46:09,447 [Listener at 127.0.0.1/44795] INFO  impl.MetricsSystemImpl (MetricsSystemImpl.java:stop(210)) - Stopping XceiverClientMetrics metrics system...
2022-06-24 23:46:09,456 [prometheus] INFO  impl.MetricsSinkAdapter (MetricsSinkAdapter.java:publishMetricsFromQueue(141)) - prometheus thread interrupted.
2022-06-24 23:46:09,456 [Listener at 127.0.0.1/44795] INFO  impl.MetricsSystemImpl (MetricsSystemImpl.java:stop(216)) - XceiverClientMetrics metrics system stopped.
2022-06-24 23:46:09,675 [Listener at 127.0.0.1/44795] WARN  server.ServerUtils (ServerUtils.java:getScmDbDir(148)) - ozone.scm.db.dirs is not configured. We recommend adding this setting. Falling back to ozone.metadata.dirs instead.
2022-06-24 23:46:09,691 [Listener at 127.0.0.1/44795] WARN  server.ServerUtils (ServerUtils.java:getScmDbDir(148)) - ozone.scm.db.dirs is not configured. We recommend adding this setting. Falling back to ozone.metadata.dirs instead.
2022-06-24 23:46:09,691 [Listener at 127.0.0.1/44795] INFO  ha.SCMHANodeDetails (SCMHANodeDetails.java:loadSCMHAConfig(209)) - ServiceID for StorageContainerManager is null
2022-06-24 23:46:09,691 [Listener at 127.0.0.1/44795] INFO  ha.SCMHANodeDetails (SCMHANodeDetails.java:loadSCMHAConfig(214)) - ozone.scm.default.service.id is not defined, falling back to ozone.scm.service.ids to find serviceID for StorageContainerManager if it is HA enabled cluster
2022-06-24 23:46:09,692 [Listener at 127.0.0.1/44795] WARN  utils.HAUtils (HAUtils.java:getMetaDir(342)) - ozone.scm.db.dirs is not configured. We recommend adding this setting. Falling back to ozone.metadata.dirs instead.
2022-06-24 23:46:09,693 [Listener at 127.0.0.1/44795] WARN  db.DBStoreBuilder (DBStoreBuilder.java:applyDBDefinition(145)) - ozone.scm.db.dirs is not configured. We recommend adding this setting. Falling back to ozone.metadata.dirs instead.
2022-06-24 23:46:09,936 [Listener at 127.0.0.1/44795] INFO  net.NodeSchemaLoader (NodeSchemaLoader.java:loadSchemaFromFile(129)) - Loading schema from [jar:file:/home/runner/.m2/repository/org/apache/ozone/hdds-common/1.3.0-SNAPSHOT/hdds-common-1.3.0-SNAPSHOT.jar!/network-topology-default.xml]
2022-06-24 23:46:09,936 [Listener at 127.0.0.1/44795] INFO  net.NodeSchemaLoader (NodeSchemaLoader.java:loadSchema(176)) - Loading network topology layer schema file
2022-06-24 23:46:09,961 [Listener at 127.0.0.1/44795] INFO  upgrade.AbstractLayoutVersionManager (AbstractLayoutVersionManager.java:init(82)) - Initializing Layout version manager with metadata layout = DATANODE_SCHEMA_V3 (version = 4), software layout = DATANODE_SCHEMA_V3 (version = 4)
2022-06-24 23:46:10,087 [Listener at 127.0.0.1/44795] INFO  reflections.Reflections (Reflections.java:scan(232)) - Reflections took 120 ms to scan 7 urls, producing 131 keys and 316 values 
2022-06-24 23:46:10,099 [Listener at 127.0.0.1/44795] INFO  ha.SequenceIdGenerator (SequenceIdGenerator.java:upgradeToSequenceId(347)) - upgrade localId to 109611004723200000
2022-06-24 23:46:10,099 [Listener at 127.0.0.1/44795] INFO  ha.SequenceIdGenerator (SequenceIdGenerator.java:upgradeToSequenceId(357)) - upgrade delTxnId to 0
2022-06-24 23:46:10,099 [Listener at 127.0.0.1/44795] INFO  ha.SequenceIdGenerator (SequenceIdGenerator.java:upgradeToSequenceId(374)) - upgrade containerId to 0
2022-06-24 23:46:10,100 [Listener at 127.0.0.1/44795] INFO  ha.SequenceIdGenerator (SequenceIdGenerator.java:<init>(218)) - Init the HA SequenceIdGenerator.
2022-06-24 23:46:10,106 [Listener at 127.0.0.1/44795] WARN  server.ServerUtils (ServerUtils.java:sanitizeUserArgs(73)) - ozone.scm.stale.node.interval value = 300000 is larger than max = 100000 based on the key value of ozone.scm.heartbeat.thread.interval, reset to the max value 100000.
2022-06-24 23:46:10,106 [Listener at 127.0.0.1/44795] WARN  server.ServerUtils (ServerUtils.java:sanitizeUserArgs(73)) - ozone.scm.stale.node.interval value = 300000 is larger than max = 100000 based on the key value of ozone.scm.heartbeat.thread.interval, reset to the max value 100000.
2022-06-24 23:46:10,111 [Listener at 127.0.0.1/44795] INFO  node.SCMNodeManager (SCMNodeManager.java:<init>(149)) - Entering startup safe mode.
2022-06-24 23:46:10,111 [Listener at 127.0.0.1/44795] INFO  algorithms.ContainerPlacementPolicyFactory (ContainerPlacementPolicyFactory.java:getPolicyInternal(86)) - Create container placement policy of type org.apache.hadoop.hdds.scm.container.placement.algorithms.SCMContainerPlacementRandom
2022-06-24 23:46:10,112 [Listener at 127.0.0.1/44795] INFO  pipeline.PipelineStateManagerImpl (PipelineStateManagerImpl.java:initialize(78)) - No pipeline exists in current db
2022-06-24 23:46:10,112 [Listener at 127.0.0.1/44795] INFO  algorithms.LeaderChoosePolicyFactory (LeaderChoosePolicyFactory.java:getPolicy(57)) - Create leader choose policy of type org.apache.hadoop.hdds.scm.pipeline.leader.choose.algorithms.MinLeaderCountChoosePolicy
2022-06-24 23:46:10,112 [Listener at 127.0.0.1/44795] INFO  algorithms.ContainerPlacementPolicyFactory (ContainerPlacementPolicyFactory.java:getPolicyInternal(86)) - Create container placement policy of type org.apache.hadoop.hdds.scm.container.placement.algorithms.SCMContainerPlacementRackScatter
2022-06-24 23:46:10,113 [Listener at 127.0.0.1/44795] INFO  pipeline.BackgroundPipelineCreator (BackgroundPipelineCreator.java:start(127)) - Starting RatisPipelineUtilsThread.
2022-06-24 23:46:10,119 [Listener at 127.0.0.1/44795] INFO  BackgroundPipelineScrubber (BackgroundSCMService.java:start(68)) - Starting BackgroundPipelineScrubber Service.
2022-06-24 23:46:10,133 [Listener at 127.0.0.1/44795] INFO  ha.SCMServiceManager (SCMServiceManager.java:register(42)) - Registering service BackgroundPipelineCreator.
2022-06-24 23:46:10,133 [Listener at 127.0.0.1/44795] INFO  ha.SCMServiceManager (SCMServiceManager.java:register(42)) - Registering service BackgroundPipelineScrubber.
2022-06-24 23:46:10,134 [Listener at 127.0.0.1/44795] INFO  ExpiredContainerReplicaOpScrubber (BackgroundSCMService.java:start(68)) - Starting ExpiredContainerReplicaOpScrubber Service.
2022-06-24 23:46:10,143 [Listener at 127.0.0.1/44795] INFO  ha.SCMServiceManager (SCMServiceManager.java:register(42)) - Registering service ExpiredContainerReplicaOpScrubber.
2022-06-24 23:46:10,144 [Listener at 127.0.0.1/44795] INFO  algorithms.PipelineChoosePolicyFactory (PipelineChoosePolicyFactory.java:createPipelineChoosePolicyFromClass(73)) - Create pipeline choose policy of type org.apache.hadoop.hdds.scm.pipeline.choose.algorithms.RandomPipelineChoosePolicy
2022-06-24 23:46:10,144 [Listener at 127.0.0.1/44795] INFO  ha.SCMServiceManager (SCMServiceManager.java:register(42)) - Registering service SCMBlockDeletingService.
2022-06-24 23:46:10,145 [Listener at 127.0.0.1/44795] INFO  ha.SCMServiceManager (SCMServiceManager.java:register(42)) - Registering service ReplicationManager.
2022-06-24 23:46:10,145 [Listener at 127.0.0.1/44795] INFO  replication.ReplicationManager (ReplicationManager.java:start(179)) - Starting Replication Monitor Thread.
2022-06-24 23:46:10,167 [Listener at 127.0.0.1/44795] INFO  safemode.ContainerSafeModeRule (ContainerSafeModeRule.java:<init>(89)) - containers with one replica threshold count 0
2022-06-24 23:46:10,167 [Listener at 127.0.0.1/44795] INFO  safemode.HealthyPipelineSafeModeRule (HealthyPipelineSafeModeRule.java:initializeRule(156)) - Total pipeline count is 0, healthy pipeline threshold count is 1
2022-06-24 23:46:10,168 [Listener at 127.0.0.1/44795] INFO  safemode.OneReplicaPipelineSafeModeRule (OneReplicaPipelineSafeModeRule.java:initializeRule(180)) - Total pipeline count is 0, pipeline's with at least one datanode reported threshold count is 0
2022-06-24 23:46:10,173 [ReplicationMonitor] INFO  replication.ReplicationManager (ReplicationManager.java:processAll(228)) - Replication Manager is not ready to run until 3000ms after safemode exit
2022-06-24 23:46:10,180 [Listener at 127.0.0.1/44795] INFO  ipc.CallQueueManager (CallQueueManager.java:<init>(90)) - Using callQueue: class java.util.concurrent.LinkedBlockingQueue, queueCapacity: 2000, scheduler: class org.apache.hadoop.ipc.DefaultRpcScheduler, ipcBackoff: false.
2022-06-24 23:46:10,183 [Socket Reader #1 for port 0] INFO  ipc.Server (Server.java:run(1265)) - Starting Socket Reader #1 for port 0
2022-06-24 23:46:10,189 [Listener at 0.0.0.0/44953] INFO  ipc.CallQueueManager (CallQueueManager.java:<init>(90)) - Using callQueue: class java.util.concurrent.LinkedBlockingQueue, queueCapacity: 2000, scheduler: class org.apache.hadoop.ipc.DefaultRpcScheduler, ipcBackoff: false.
2022-06-24 23:46:10,199 [Socket Reader #1 for port 0] INFO  ipc.Server (Server.java:run(1265)) - Starting Socket Reader #1 for port 0
2022-06-24 23:46:10,201 [Listener at 0.0.0.0/40687] INFO  ipc.CallQueueManager (CallQueueManager.java:<init>(90)) - Using callQueue: class java.util.concurrent.LinkedBlockingQueue, queueCapacity: 2000, scheduler: class org.apache.hadoop.ipc.DefaultRpcScheduler, ipcBackoff: false.
2022-06-24 23:46:10,207 [Socket Reader #1 for port 0] INFO  ipc.Server (Server.java:run(1265)) - Starting Socket Reader #1 for port 0
2022-06-24 23:46:10,267 [Listener at 0.0.0.0/33935] INFO  ha.SCMServiceManager (SCMServiceManager.java:register(42)) - Registering service ContainerBalancer.
2022-06-24 23:46:10,267 [Listener at 0.0.0.0/33935] INFO  server.StorageContainerManager (StorageContainerManager.java:<init>(400)) - 
Container Balancer status:
Key                            Value
Running                        false
Container Balancer Configuration values:
Key                                                Value
Threshold                                          10
Max Datanodes to Involve per Iteration(percent)    20
Max Size to Move per Iteration                     500GB
Max Size Entering Target per Iteration             26GB
Max Size Leaving Source per Iteration              26GB

2022-06-24 23:46:10,267 [Listener at 0.0.0.0/33935] WARN  events.EventQueue (EventQueue.java:fireEvent(216)) - No event handler registered for event TypedEvent{payloadType=SafeModeStatus, name='Safe mode status'}
2022-06-24 23:46:10,267 [Listener at 0.0.0.0/33935] INFO  ha.SCMContext (SCMContext.java:updateSafeModeStatus(228)) - Update SafeModeStatus from SafeModeStatus{safeModeStatus=true, preCheckPassed=false} to SafeModeStatus{safeModeStatus=true, preCheckPassed=false}.
2022-06-24 23:46:10,268 [Listener at 0.0.0.0/33935] INFO  server.StorageContainerManager (StorageContainerManager.java:start(1418)) - StorageContainerLocationProtocol RPC server is listening at /0.0.0.0:33935
2022-06-24 23:46:10,269 [Listener at 0.0.0.0/33935] WARN  impl.MetricsConfig (MetricsConfig.java:loadFirst(136)) - Cannot locate configuration: tried hadoop-metrics2-storagecontainermanager.properties,hadoop-metrics2.properties
2022-06-24 23:46:10,279 [Listener at 0.0.0.0/33935] INFO  impl.MetricsSystemImpl (MetricsSystemImpl.java:startTimer(378)) - Scheduled Metric snapshot period at 10 second(s).
2022-06-24 23:46:10,279 [Listener at 0.0.0.0/33935] INFO  impl.MetricsSystemImpl (MetricsSystemImpl.java:start(191)) - StorageContainerManager metrics system started
2022-06-24 23:46:10,302 [Listener at 0.0.0.0/33935] INFO  impl.MetricsSinkAdapter (MetricsSinkAdapter.java:start(204)) - Sink prometheus started
2022-06-24 23:46:10,307 [Listener at 0.0.0.0/33935] INFO  impl.MetricsSystemImpl (MetricsSystemImpl.java:registerSink(305)) - Registered sink prometheus
2022-06-24 23:46:10,363 [Listener at 0.0.0.0/33935] INFO  server.SCMClientProtocolServer (SCMClientProtocolServer.java:start(169)) - RPC server for Client  is listening at /0.0.0.0:33935
2022-06-24 23:46:10,400 [IPC Server Responder] INFO  ipc.Server (Server.java:run(1507)) - IPC Server Responder: starting
2022-06-24 23:46:10,400 [IPC Server listener on 0] INFO  ipc.Server (Server.java:run(1344)) - IPC Server listener on 0: starting
2022-06-24 23:46:10,402 [Listener at 0.0.0.0/33935] INFO  server.StorageContainerManager (StorageContainerManager.java:start(1433)) - ScmBlockLocationProtocol RPC server is listening at /0.0.0.0:40687
2022-06-24 23:46:10,403 [Listener at 0.0.0.0/33935] INFO  server.SCMBlockProtocolServer (SCMBlockProtocolServer.java:start(151)) - RPC server for Block Protocol is listening at /0.0.0.0:40687
2022-06-24 23:46:10,414 [IPC Server Responder] INFO  ipc.Server (Server.java:run(1507)) - IPC Server Responder: starting
2022-06-24 23:46:10,426 [IPC Server listener on 0] INFO  ipc.Server (Server.java:run(1344)) - IPC Server listener on 0: starting
2022-06-24 23:46:10,503 [Listener at 0.0.0.0/33935] INFO  server.SCMDatanodeProtocolServer (SCMDatanodeProtocolServer.java:start(185)) - ScmDatanodeProtocol RPC server for DataNodes is listening at /0.0.0.0:44953
2022-06-24 23:46:10,504 [IPC Server Responder] INFO  ipc.Server (Server.java:run(1507)) - IPC Server Responder: starting
2022-06-24 23:46:10,505 [IPC Server listener on 0] INFO  ipc.Server (Server.java:run(1344)) - IPC Server listener on 0: starting
2022-06-24 23:46:10,522 [Listener at 0.0.0.0/33935] INFO  http.BaseHttpServer (BaseHttpServer.java:newHttpServer2BuilderForOzone(209)) - Starting Web-server for scm at: http://0.0.0.0:0
2022-06-24 23:46:10,522 [Listener at 0.0.0.0/33935] INFO  http.BaseHttpServer (BaseHttpServer.java:<init>(107)) - Hadoop Security Enabled: false Ozone Security Enabled: false Ozone HTTP Security Enabled: false 
2022-06-24 23:46:10,537 [org.apache.hadoop.util.JvmPauseMonitor$Monitor@b7ee72e] INFO  util.JvmPauseMonitor (JvmPauseMonitor.java:run(188)) - Starting JVM pause monitor
2022-06-24 23:46:10,538 [Listener at 0.0.0.0/33935] INFO  server.AuthenticationFilter (AuthenticationFilter.java:constructSecretProvider(240)) - Unable to initialize FileSignerSecretProvider, falling back to use random secrets.
2022-06-24 23:46:10,543 [Listener at 0.0.0.0/33935] WARN  http.HttpRequestLog (HttpRequestLog.java:getRequestLog(103)) - Jetty request log can only be enabled using Log4j
2022-06-24 23:46:10,545 [Listener at 0.0.0.0/33935] INFO  http.HttpServer2 (HttpServer2.java:addGlobalFilter(1029)) - Added global filter 'safety' (class=org.apache.hadoop.hdds.server.http.HttpServer2$QuotingInputFilter)
2022-06-24 23:46:10,545 [Listener at 0.0.0.0/33935] INFO  http.HttpServer2 (HttpServer2.java:addFilter(1005)) - Added filter static_user_filter (class=org.apache.hadoop.http.lib.StaticUserWebFilter$StaticUserFilter) to context scm
2022-06-24 23:46:10,546 [Listener at 0.0.0.0/33935] INFO  http.HttpServer2 (HttpServer2.java:addFilter(1013)) - Added filter static_user_filter (class=org.apache.hadoop.http.lib.StaticUserWebFilter$StaticUserFilter) to context static
2022-06-24 23:46:10,546 [Listener at 0.0.0.0/33935] INFO  http.HttpServer2 (HttpServer2.java:addFilter(1013)) - Added filter static_user_filter (class=org.apache.hadoop.http.lib.StaticUserWebFilter$StaticUserFilter) to context logs
2022-06-24 23:46:10,551 [Listener at 0.0.0.0/33935] INFO  http.HttpServer2 (HttpServer2.java:bindListener(1248)) - Jetty bound to port 38637
2022-06-24 23:46:10,551 [Listener at 0.0.0.0/33935] INFO  server.Server (Server.java:doStart(375)) - jetty-9.4.43.v20210629; built: 2021-06-30T11:07:22.254Z; git: 526006ecfa3af7f1a27ef3a288e2bef7ea9dd7e8; jvm 1.8.0_332-b09
2022-06-24 23:46:10,566 [Listener at 0.0.0.0/33935] INFO  server.session (DefaultSessionIdManager.java:doStart(334)) - DefaultSessionIdManager workerName=node0
2022-06-24 23:46:10,566 [Listener at 0.0.0.0/33935] INFO  server.session (DefaultSessionIdManager.java:doStart(339)) - No SessionScavenger set, using defaults
2022-06-24 23:46:10,566 [Listener at 0.0.0.0/33935] INFO  server.session (HouseKeeper.java:startScavenging(132)) - node0 Scavenging every 660000ms
2022-06-24 23:46:10,567 [Listener at 0.0.0.0/33935] INFO  handler.ContextHandler (ContextHandler.java:doStart(915)) - Started o.e.j.s.ServletContextHandler@74394ad4{logs,/logs,file:///home/runner/work/ozone/ozone/hadoop-ozone/integration-test/target/log,AVAILABLE}
2022-06-24 23:46:10,567 [Listener at 0.0.0.0/33935] INFO  handler.ContextHandler (ContextHandler.java:doStart(915)) - Started o.e.j.s.ServletContextHandler@6968c139{static,/static,file:///home/runner/work/ozone/ozone/hadoop-ozone/integration-test/target/test-classes/webapps/static,AVAILABLE}
2022-06-24 23:46:10,580 [Listener at 0.0.0.0/33935] INFO  handler.ContextHandler (ContextHandler.java:doStart(915)) - Started o.e.j.w.WebAppContext@6cf1b064{scm,/,file:///home/runner/work/ozone/ozone/hadoop-ozone/integration-test/target/test-classes/webapps/scm/,AVAILABLE}{file:/home/runner/work/ozone/ozone/hadoop-ozone/integration-test/target/test-classes/webapps/scm}
2022-06-24 23:46:10,595 [Listener at 0.0.0.0/33935] INFO  server.AbstractConnector (AbstractConnector.java:doStart(331)) - Started ServerConnector@750ff293{HTTP/1.1, (http/1.1)}{0.0.0.0:38637}
2022-06-24 23:46:10,595 [Listener at 0.0.0.0/33935] INFO  server.Server (Server.java:doStart(415)) - Started @84176ms
2022-06-24 23:46:10,596 [Listener at 0.0.0.0/33935] WARN  impl.MetricsSystemImpl (MetricsSystemImpl.java:register(279)) - Sink prometheus already exists!
2022-06-24 23:46:10,599 [Listener at 0.0.0.0/33935] INFO  http.BaseHttpServer (BaseHttpServer.java:updateConnectorAddress(329)) - HTTP server of scm listening at http://0.0.0.0:38637
2022-06-24 23:46:10,599 [Listener at 0.0.0.0/33935] WARN  server.ServerUtils (ServerUtils.java:getDBPath(225)) - ozone.om.db.dirs is not configured. We recommend adding this setting. Falling back to ozone.metadata.dirs instead.
2022-06-24 23:46:10,601 [Listener at 0.0.0.0/33935] INFO  ha.OMHANodeDetails (OMHANodeDetails.java:loadOMHAConfig(115)) - ozone.om.internal.service.id is not defined, falling back to ozone.om.service.ids to find serviceID for OzoneManager if it is HA enabled cluster
2022-06-24 23:46:10,601 [Listener at 0.0.0.0/33935] INFO  ha.OMHANodeDetails (OMHANodeDetails.java:loadOMHAConfig(226)) - Configuration does not have ozone.om.address set. Falling back to the default OM address /127.0.0.1:0
2022-06-24 23:46:10,601 [Listener at 0.0.0.0/33935] INFO  ha.OMHANodeDetails (OMHANodeDetails.java:getOMNodeDetailsForNonHA(254)) - OM Service ID is not set. Setting it to the default ID: omServiceIdDefault
2022-06-24 23:46:10,601 [Listener at 0.0.0.0/33935] INFO  ha.OMHANodeDetails (OMHANodeDetails.java:getOMNodeDetailsForNonHA(261)) - OM Node ID is not set. Setting it to the default ID: om1
2022-06-24 23:46:10,607 [Listener at 0.0.0.0/33935] WARN  server.ServerUtils (ServerUtils.java:getDBPath(225)) - ozone.om.db.dirs is not configured. We recommend adding this setting. Falling back to ozone.metadata.dirs instead.
2022-06-24 23:46:10,615 [Listener at 0.0.0.0/33935] INFO  upgrade.AbstractLayoutVersionManager (AbstractLayoutVersionManager.java:init(82)) - Initializing Layout version manager with metadata layout = MULTITENANCY_SCHEMA (version = 3), software layout = MULTITENANCY_SCHEMA (version = 3)
2022-06-24 23:46:10,794 [Listener at 0.0.0.0/33935] INFO  reflections.Reflections (Reflections.java:scan(232)) - Reflections took 178 ms to scan 2 urls, producing 152 keys and 429 values [using 2 cores]
2022-06-24 23:46:10,794 [Listener at 0.0.0.0/33935] INFO  upgrade.OMLayoutVersionManager (OMLayoutVersionManager.java:lambda$0(115)) - Skipping Upgrade Action MockOmUpgradeAction since it has been finalized.
2022-06-24 23:46:10,794 [Listener at 0.0.0.0/33935] WARN  server.ServerUtils (ServerUtils.java:getDBPath(225)) - ozone.om.db.dirs is not configured. We recommend adding this setting. Falling back to ozone.metadata.dirs instead.
2022-06-24 23:46:10,795 [Listener at 0.0.0.0/33935] INFO  proxy.SCMBlockLocationFailoverProxyProvider (SCMBlockLocationFailoverProxyProvider.java:<init>(114)) - Created block location fail-over proxy with 1 nodes: [nodeId=scmNodeId,nodeAddress=/0.0.0.0:40687]
2022-06-24 23:46:10,796 [Listener at 0.0.0.0/33935] INFO  proxy.SCMBlockLocationFailoverProxyProvider (SCMBlockLocationFailoverProxyProvider.java:<init>(114)) - Created block location fail-over proxy with 1 nodes: [nodeId=scmNodeId,nodeAddress=/0.0.0.0:40687]
2022-06-24 23:46:10,824 [Listener at 0.0.0.0/33935] WARN  server.ServerUtils (ServerUtils.java:getDBPath(225)) - ozone.om.db.dirs is not configured. We recommend adding this setting. Falling back to ozone.metadata.dirs instead.
2022-06-24 23:46:10,825 [Listener at 0.0.0.0/33935] INFO  codec.OmKeyInfoCodec (OmKeyInfoCodec.java:<init>(49)) - OmKeyInfoCodec ignorePipeline = true
2022-06-24 23:46:10,825 [Listener at 0.0.0.0/33935] INFO  codec.RepeatedOmKeyInfoCodec (RepeatedOmKeyInfoCodec.java:<init>(41)) - RepeatedOmKeyInfoCodec ignorePipeline = true
2022-06-24 23:46:11,163 [Listener at 0.0.0.0/33935] INFO  om.OzoneManager (OzoneManager.java:instantiateServices(692)) - S3 Multi-Tenancy is disabled
2022-06-24 23:46:11,179 [Listener at 0.0.0.0/33935] INFO  om.OzoneManager (OzoneManager.java:addS3GVolumeToDB(4259)) - Created Volume s3v With Owner runner required for S3Gateway operations.
2022-06-24 23:46:11,181 [Listener at 0.0.0.0/33935] INFO  om.OzoneManager (OzoneManager.java:getRpcServer(1081)) - Creating RPC Server
2022-06-24 23:46:12,010 [Listener at 0.0.0.0/33935] INFO  reflections.Reflections (Reflections.java:scan(232)) - Reflections took 810 ms to scan 19 urls, producing 66 keys and 4066 values [using 2 cores]
2022-06-24 23:46:12,013 [Listener at 0.0.0.0/33935] INFO  ipc.CallQueueManager (CallQueueManager.java:<init>(90)) - Using callQueue: class java.util.concurrent.LinkedBlockingQueue, queueCapacity: 2000, scheduler: class org.apache.hadoop.ipc.DefaultRpcScheduler, ipcBackoff: false.
2022-06-24 23:46:12,019 [Socket Reader #1 for port 0] INFO  ipc.Server (Server.java:run(1265)) - Starting Socket Reader #1 for port 0
2022-06-24 23:46:12,057 [Listener at 127.0.0.1/34097] INFO  impl.MetricsSystemImpl (MetricsSystemImpl.java:init(158)) - OzoneManager metrics system started (again)
2022-06-24 23:46:12,068 [Listener at 127.0.0.1/34097] INFO  om.OzoneManager (OzoneManager.java:start(1465)) - OzoneManager RPC server is listening at localhost/127.0.0.1:34097
2022-06-24 23:46:12,068 [Listener at 127.0.0.1/34097] INFO  om.OzoneManager (OzoneManager.java:start(1481)) - Version File has different layout version (3) than OM DB (null). That is expected if this OM has never been finalized to a newer layout version.
2022-06-24 23:46:12,071 [Listener at 127.0.0.1/34097] INFO  http.BaseHttpServer (BaseHttpServer.java:newHttpServer2BuilderForOzone(209)) - Starting Web-server for ozoneManager at: http://0.0.0.0:0
2022-06-24 23:46:12,071 [Listener at 127.0.0.1/34097] INFO  http.BaseHttpServer (BaseHttpServer.java:<init>(107)) - Hadoop Security Enabled: false Ozone Security Enabled: false Ozone HTTP Security Enabled: false 
2022-06-24 23:46:12,072 [Listener at 127.0.0.1/34097] INFO  server.AuthenticationFilter (AuthenticationFilter.java:constructSecretProvider(240)) - Unable to initialize FileSignerSecretProvider, falling back to use random secrets.
2022-06-24 23:46:12,072 [Listener at 127.0.0.1/34097] WARN  http.HttpRequestLog (HttpRequestLog.java:getRequestLog(103)) - Jetty request log can only be enabled using Log4j
2022-06-24 23:46:12,074 [Listener at 127.0.0.1/34097] INFO  http.HttpServer2 (HttpServer2.java:addGlobalFilter(1029)) - Added global filter 'safety' (class=org.apache.hadoop.hdds.server.http.HttpServer2$QuotingInputFilter)
2022-06-24 23:46:12,074 [Listener at 127.0.0.1/34097] INFO  http.HttpServer2 (HttpServer2.java:addFilter(1005)) - Added filter static_user_filter (class=org.apache.hadoop.http.lib.StaticUserWebFilter$StaticUserFilter) to context ozoneManager
2022-06-24 23:46:12,075 [Listener at 127.0.0.1/34097] INFO  http.HttpServer2 (HttpServer2.java:addFilter(1013)) - Added filter static_user_filter (class=org.apache.hadoop.http.lib.StaticUserWebFilter$StaticUserFilter) to context logs
2022-06-24 23:46:12,075 [Listener at 127.0.0.1/34097] INFO  http.HttpServer2 (HttpServer2.java:addFilter(1013)) - Added filter static_user_filter (class=org.apache.hadoop.http.lib.StaticUserWebFilter$StaticUserFilter) to context static
2022-06-24 23:46:12,075 [Listener at 127.0.0.1/34097] INFO  http.HttpServer2 (HttpServer2.java:bindListener(1248)) - Jetty bound to port 43121
2022-06-24 23:46:12,075 [Listener at 127.0.0.1/34097] INFO  server.Server (Server.java:doStart(375)) - jetty-9.4.43.v20210629; built: 2021-06-30T11:07:22.254Z; git: 526006ecfa3af7f1a27ef3a288e2bef7ea9dd7e8; jvm 1.8.0_332-b09
2022-06-24 23:46:12,077 [Listener at 127.0.0.1/34097] INFO  server.session (DefaultSessionIdManager.java:doStart(334)) - DefaultSessionIdManager workerName=node0
2022-06-24 23:46:12,077 [Listener at 127.0.0.1/34097] INFO  server.session (DefaultSessionIdManager.java:doStart(339)) - No SessionScavenger set, using defaults
2022-06-24 23:46:12,077 [Listener at 127.0.0.1/34097] INFO  server.session (HouseKeeper.java:startScavenging(132)) - node0 Scavenging every 600000ms
2022-06-24 23:46:12,078 [Listener at 127.0.0.1/34097] INFO  handler.ContextHandler (ContextHandler.java:doStart(915)) - Started o.e.j.s.ServletContextHandler@45cceeeb{logs,/logs,file:///home/runner/work/ozone/ozone/hadoop-ozone/integration-test/target/log,AVAILABLE}
2022-06-24 23:46:12,078 [Listener at 127.0.0.1/34097] INFO  handler.ContextHandler (ContextHandler.java:doStart(915)) - Started o.e.j.s.ServletContextHandler@2a810a2d{static,/static,file:///home/runner/work/ozone/ozone/hadoop-ozone/integration-test/target/test-classes/webapps/static,AVAILABLE}
2022-06-24 23:46:12,081 [Listener at 127.0.0.1/34097] INFO  handler.ContextHandler (ContextHandler.java:doStart(915)) - Started o.e.j.w.WebAppContext@3179f8eb{ozoneManager,/,file:///home/runner/work/ozone/ozone/hadoop-ozone/integration-test/target/test-classes/webapps/ozoneManager/,AVAILABLE}{file:/home/runner/work/ozone/ozone/hadoop-ozone/integration-test/target/test-classes/webapps/ozoneManager}
2022-06-24 23:46:12,083 [Listener at 127.0.0.1/34097] INFO  server.AbstractConnector (AbstractConnector.java:doStart(331)) - Started ServerConnector@6de74550{HTTP/1.1, (http/1.1)}{0.0.0.0:43121}
2022-06-24 23:46:12,083 [Listener at 127.0.0.1/34097] INFO  server.Server (Server.java:doStart(415)) - Started @85664ms
2022-06-24 23:46:12,083 [Listener at 127.0.0.1/34097] WARN  impl.MetricsSystemImpl (MetricsSystemImpl.java:register(279)) - Sink prometheus already exists!
2022-06-24 23:46:12,091 [Listener at 127.0.0.1/34097] INFO  http.BaseHttpServer (BaseHttpServer.java:updateConnectorAddress(329)) - HTTP server of ozoneManager listening at http://0.0.0.0:43121
2022-06-24 23:46:12,099 [IPC Server Responder] INFO  ipc.Server (Server.java:run(1507)) - IPC Server Responder: starting
2022-06-24 23:46:12,114 [IPC Server listener on 0] INFO  ipc.Server (Server.java:run(1344)) - IPC Server listener on 0: starting
2022-06-24 23:46:12,157 [Listener at 127.0.0.1/34097] INFO  om.TrashPolicyOzone (TrashPolicyOzone.java:<init>(178)) - Ozone Manager trash configuration: Deletion interval = 0 minutes, Emptier interval = 0 minutes.
2022-06-24 23:46:12,174 [org.apache.hadoop.util.JvmPauseMonitor$Monitor@3516b79e] INFO  util.JvmPauseMonitor (JvmPauseMonitor.java:run(188)) - Starting JVM pause monitor
2022-06-24 23:46:12,196 [Listener at 127.0.0.1/34097] INFO  impl.MetricsSystemImpl (MetricsSystemImpl.java:init(158)) - HddsDatanode metrics system started (again)
2022-06-24 23:46:12,235 [Listener at 127.0.0.1/34097] INFO  ozone.HddsDatanodeService (HddsDatanodeService.java:start(236)) - HddsDatanodeService host:fv-az21-224.v4iizcarkezebbfea14bcgzyke.bx.internal.cloudapp.net ip:10.1.0.24
2022-06-24 23:46:12,267 [Listener at 127.0.0.1/34097] INFO  upgrade.AbstractLayoutVersionManager (AbstractLayoutVersionManager.java:init(82)) - Initializing Layout version manager with metadata layout = DATANODE_SCHEMA_V3 (version = 4), software layout = DATANODE_SCHEMA_V3 (version = 4)
2022-06-24 23:46:12,365 [Listener at 127.0.0.1/34097] INFO  reflections.Reflections (Reflections.java:scan(232)) - Reflections took 97 ms to scan 7 urls, producing 131 keys and 316 values 
2022-06-24 23:46:12,381 [Listener at 127.0.0.1/34097] INFO  statemachine.DatanodeStateMachine (DatanodeStateMachine.java:getEndPointTaskThreadPoolSize(237)) - Datanode State Machine Task Thread Pool size 2
2022-06-24 23:46:12,386 [Listener at 127.0.0.1/34097] INFO  volume.HddsVolume (HddsVolume.java:<init>(116)) - Creating HddsVolume: /home/runner/work/ozone/ozone/hadoop-ozone/integration-test/target/test-dir/MiniOzoneClusterImpl-1c97b964-6e84-44a1-9571-366444e105f6/datanode-0/data-0/containers/hdds of storage type : DISK capacity : 9223372036854775807
2022-06-24 23:46:12,386 [Listener at 127.0.0.1/34097] INFO  volume.MutableVolumeSet (MutableVolumeSet.java:initializeVolumeSet(174)) - Added Volume : /home/runner/work/ozone/ozone/hadoop-ozone/integration-test/target/test-dir/MiniOzoneClusterImpl-1c97b964-6e84-44a1-9571-366444e105f6/datanode-0/data-0/containers/hdds to VolumeSet
2022-06-24 23:46:12,386 [Listener at 127.0.0.1/34097] INFO  volume.ThrottledAsyncChecker (ThrottledAsyncChecker.java:schedule(141)) - Scheduling a check for /home/runner/work/ozone/ozone/hadoop-ozone/integration-test/target/test-dir/MiniOzoneClusterImpl-1c97b964-6e84-44a1-9571-366444e105f6/datanode-0/data-0/containers/hdds
2022-06-24 23:46:12,387 [Listener at 127.0.0.1/34097] INFO  volume.StorageVolumeChecker (StorageVolumeChecker.java:checkAllVolumes(202)) - Scheduled health check for volume /home/runner/work/ozone/ozone/hadoop-ozone/integration-test/target/test-dir/MiniOzoneClusterImpl-1c97b964-6e84-44a1-9571-366444e105f6/datanode-0/data-0/containers/hdds
2022-06-24 23:46:12,406 [Listener at 127.0.0.1/34097] INFO  volume.MutableVolumeSet (MutableVolumeSet.java:initializeVolumeSet(174)) - Added Volume : /home/runner/work/ozone/ozone/hadoop-ozone/integration-test/target/test-dir/MiniOzoneClusterImpl-1c97b964-6e84-44a1-9571-366444e105f6/datanode-0/data/ratis to VolumeSet
2022-06-24 23:46:12,406 [Listener at 127.0.0.1/34097] INFO  volume.ThrottledAsyncChecker (ThrottledAsyncChecker.java:schedule(141)) - Scheduling a check for /home/runner/work/ozone/ozone/hadoop-ozone/integration-test/target/test-dir/MiniOzoneClusterImpl-1c97b964-6e84-44a1-9571-366444e105f6/datanode-0/data/ratis
2022-06-24 23:46:12,409 [Listener at 127.0.0.1/34097] INFO  volume.StorageVolumeChecker (StorageVolumeChecker.java:checkAllVolumes(202)) - Scheduled health check for volume /home/runner/work/ozone/ozone/hadoop-ozone/integration-test/target/test-dir/MiniOzoneClusterImpl-1c97b964-6e84-44a1-9571-366444e105f6/datanode-0/data/ratis
2022-06-24 23:46:12,451 [Thread-577] INFO  ozoneimpl.ContainerReader (ContainerReader.java:readVolume(172)) - Finish verifying containers on volume /home/runner/work/ozone/ozone/hadoop-ozone/integration-test/target/test-dir/MiniOzoneClusterImpl-1c97b964-6e84-44a1-9571-366444e105f6/datanode-0/data-0/containers/hdds
2022-06-24 23:46:12,451 [Listener at 127.0.0.1/34097] INFO  ozoneimpl.OzoneContainer (OzoneContainer.java:buildContainerSet(266)) - Build ContainerSet costs 0s
2022-06-24 23:46:12,453 [Listener at 127.0.0.1/34097] INFO  server.RaftServer (ConfUtils.java:logGet(46)) - raft.rpc.type = GRPC (default)
2022-06-24 23:46:12,453 [Listener at 127.0.0.1/34097] INFO  grpc.GrpcFactory (GrpcFactory.java:checkPooledByteBufAllocatorUseCacheForAllThreads(48)) - PERFORMANCE WARNING: useCacheForAllThreads is true that may cause Netty to create a lot garbage objects and, as a result, trigger GC.
	It is recommended to disable useCacheForAllThreads by setting -Dorg.apache.ratis.thirdparty.io.netty.allocator.useCacheForAllThreads=false in command line.
2022-06-24 23:46:12,454 [Listener at 127.0.0.1/34097] INFO  grpc.GrpcConfigKeys (ConfUtils.java:logGet(46)) - raft.grpc.admin.port = 0 (custom)
2022-06-24 23:46:12,454 [Listener at 127.0.0.1/34097] INFO  grpc.GrpcConfigKeys (ConfUtils.java:logGet(46)) - raft.grpc.client.port = 0 (custom)
2022-06-24 23:46:12,454 [Listener at 127.0.0.1/34097] INFO  grpc.GrpcConfigKeys (ConfUtils.java:logGet(46)) - raft.grpc.server.port = 0 (default)
2022-06-24 23:46:12,454 [Listener at 127.0.0.1/34097] INFO  server.GrpcService (ConfUtils.java:logGet(46)) - raft.grpc.message.size.max = 32MB (=33554432) (custom)
2022-06-24 23:46:12,454 [Listener at 127.0.0.1/34097] INFO  server.RaftServerConfigKeys (ConfUtils.java:logGet(46)) - raft.server.log.appender.buffer.byte-limit = 33554432 (custom)
2022-06-24 23:46:12,454 [Listener at 127.0.0.1/34097] INFO  server.GrpcService (ConfUtils.java:logGet(46)) - raft.grpc.flow.control.window = 5MB (=5242880) (custom)
2022-06-24 23:46:12,454 [Listener at 127.0.0.1/34097] INFO  server.RaftServerConfigKeys (ConfUtils.java:logGet(46)) - raft.server.rpc.request.timeout = 60s (custom)
2022-06-24 23:46:12,454 [Listener at 127.0.0.1/34097] INFO  grpc.GrpcConfigKeys (ConfUtils.java:logGet(46)) - raft.grpc.server.async.request.thread.pool.cached = true (default)
2022-06-24 23:46:12,454 [Listener at 127.0.0.1/34097] INFO  grpc.GrpcConfigKeys (ConfUtils.java:logGet(46)) - raft.grpc.server.async.request.thread.pool.size = 32 (default)
2022-06-24 23:46:12,456 [Listener at 127.0.0.1/34097] INFO  impl.DataStreamServerImpl (ConfUtils.java:logGet(46)) - raft.datastream.type = DISABLED (default)
2022-06-24 23:46:12,456 [Listener at 127.0.0.1/34097] INFO  server.RaftServerConfigKeys (ConfUtils.java:logGet(46)) - raft.server.threadpool.proxy.cached = true (default)
2022-06-24 23:46:12,456 [Listener at 127.0.0.1/34097] INFO  server.RaftServerConfigKeys (ConfUtils.java:logGet(46)) - raft.server.threadpool.proxy.size = 0 (default)
2022-06-24 23:46:12,456 [Listener at 127.0.0.1/34097] INFO  server.RaftServerConfigKeys (ConfUtils.java:logGet(46)) - raft.server.rpc.slowness.timeout = 300s (custom)
2022-06-24 23:46:12,456 [Listener at 127.0.0.1/34097] INFO  server.RaftServerConfigKeys (ConfUtils.java:logGet(46)) - raft.server.leaderelection.leader.step-down.wait-time = 10s (default)
2022-06-24 23:46:12,457 [Listener at 127.0.0.1/34097] INFO  server.RaftServerConfigKeys (ConfUtils.java:logGet(46)) - raft.server.storage.dir = [/home/runner/work/ozone/ozone/hadoop-ozone/integration-test/target/test-dir/MiniOzoneClusterImpl-1c97b964-6e84-44a1-9571-366444e105f6/datanode-0/data/ratis] (custom)
2022-06-24 23:46:12,484 [Listener at 127.0.0.1/34097] INFO  server.XceiverServerGrpc (XceiverServerGrpc.java:<init>(132)) - GrpcServer channel type EpollServerSocketChannel
2022-06-24 23:46:12,500 [Listener at 127.0.0.1/34097] INFO  http.BaseHttpServer (BaseHttpServer.java:newHttpServer2BuilderForOzone(209)) - Starting Web-server for hddsDatanode at: http://0.0.0.0:0
2022-06-24 23:46:12,500 [Listener at 127.0.0.1/34097] INFO  http.BaseHttpServer (BaseHttpServer.java:<init>(107)) - Hadoop Security Enabled: false Ozone Security Enabled: false Ozone HTTP Security Enabled: false 
2022-06-24 23:46:12,501 [Listener at 127.0.0.1/34097] INFO  server.AuthenticationFilter (AuthenticationFilter.java:constructSecretProvider(240)) - Unable to initialize FileSignerSecretProvider, falling back to use random secrets.
2022-06-24 23:46:12,505 [Listener at 127.0.0.1/34097] WARN  http.HttpRequestLog (HttpRequestLog.java:getRequestLog(103)) - Jetty request log can only be enabled using Log4j
2022-06-24 23:46:12,507 [Listener at 127.0.0.1/34097] INFO  http.HttpServer2 (HttpServer2.java:addGlobalFilter(1029)) - Added global filter 'safety' (class=org.apache.hadoop.hdds.server.http.HttpServer2$QuotingInputFilter)
2022-06-24 23:46:12,507 [Listener at 127.0.0.1/34097] INFO  http.HttpServer2 (HttpServer2.java:addFilter(1005)) - Added filter static_user_filter (class=org.apache.hadoop.http.lib.StaticUserWebFilter$StaticUserFilter) to context hddsDatanode
2022-06-24 23:46:12,507 [Listener at 127.0.0.1/34097] INFO  http.HttpServer2 (HttpServer2.java:addFilter(1013)) - Added filter static_user_filter (class=org.apache.hadoop.http.lib.StaticUserWebFilter$StaticUserFilter) to context logs
2022-06-24 23:46:12,507 [Listener at 127.0.0.1/34097] INFO  http.HttpServer2 (HttpServer2.java:addFilter(1013)) - Added filter static_user_filter (class=org.apache.hadoop.http.lib.StaticUserWebFilter$StaticUserFilter) to context static
2022-06-24 23:46:12,508 [Listener at 127.0.0.1/34097] INFO  http.HttpServer2 (HttpServer2.java:bindListener(1248)) - Jetty bound to port 37665
2022-06-24 23:46:12,508 [Listener at 127.0.0.1/34097] INFO  server.Server (Server.java:doStart(375)) - jetty-9.4.43.v20210629; built: 2021-06-30T11:07:22.254Z; git: 526006ecfa3af7f1a27ef3a288e2bef7ea9dd7e8; jvm 1.8.0_332-b09
2022-06-24 23:46:12,512 [Listener at 127.0.0.1/34097] INFO  server.session (DefaultSessionIdManager.java:doStart(334)) - DefaultSessionIdManager workerName=node0
2022-06-24 23:46:12,512 [Listener at 127.0.0.1/34097] INFO  server.session (DefaultSessionIdManager.java:doStart(339)) - No SessionScavenger set, using defaults
2022-06-24 23:46:12,512 [Listener at 127.0.0.1/34097] INFO  server.session (HouseKeeper.java:startScavenging(132)) - node0 Scavenging every 660000ms
2022-06-24 23:46:12,518 [Listener at 127.0.0.1/34097] INFO  handler.ContextHandler (ContextHandler.java:doStart(915)) - Started o.e.j.s.ServletContextHandler@1701be39{logs,/logs,file:///home/runner/work/ozone/ozone/hadoop-ozone/integration-test/target/log,AVAILABLE}
2022-06-24 23:46:12,518 [Listener at 127.0.0.1/34097] INFO  handler.ContextHandler (ContextHandler.java:doStart(915)) - Started o.e.j.s.ServletContextHandler@332b8c77{static,/static,jar:file:/home/runner/.m2/repository/org/apache/ozone/hdds-container-service/1.3.0-SNAPSHOT/hdds-container-service-1.3.0-SNAPSHOT.jar!/webapps/static,AVAILABLE}
2022-06-24 23:46:12,888 [Listener at 127.0.0.1/34097] INFO  handler.ContextHandler (ContextHandler.java:doStart(915)) - Started o.e.j.w.WebAppContext@3d52a67f{hddsDatanode,/,file:///tmp/jetty-0_0_0_0-37665-hdds-container-service-1_3_0-SNAPSHOT_jar-_-any-3427006151616168947/webapp/,AVAILABLE}{jar:file:/home/runner/.m2/repository/org/apache/ozone/hdds-container-service/1.3.0-SNAPSHOT/hdds-container-service-1.3.0-SNAPSHOT.jar!/webapps/hddsDatanode}
2022-06-24 23:46:12,894 [Listener at 127.0.0.1/34097] INFO  server.AbstractConnector (AbstractConnector.java:doStart(331)) - Started ServerConnector@6540b81e{HTTP/1.1, (http/1.1)}{0.0.0.0:37665}
2022-06-24 23:46:12,894 [Listener at 127.0.0.1/34097] INFO  server.Server (Server.java:doStart(415)) - Started @86474ms
2022-06-24 23:46:12,894 [Listener at 127.0.0.1/34097] WARN  impl.MetricsSystemImpl (MetricsSystemImpl.java:register(279)) - Sink prometheus already exists!
2022-06-24 23:46:12,896 [Listener at 127.0.0.1/34097] INFO  http.BaseHttpServer (BaseHttpServer.java:updateConnectorAddress(329)) - HTTP server of hddsDatanode listening at http://0.0.0.0:37665
2022-06-24 23:46:12,903 [Listener at 127.0.0.1/34097] INFO  impl.MetricsSystemImpl (MetricsSystemImpl.java:init(158)) - HddsDatanode metrics system started (again)
2022-06-24 23:46:12,909 [Datanode State Machine Daemon Thread] INFO  statemachine.DatanodeStateMachine (DatanodeStateMachine.java:lambda$startDaemon$0(492)) - Ozone container server started.
2022-06-24 23:46:12,944 [org.apache.hadoop.util.JvmPauseMonitor$Monitor@5a74fb2d] INFO  util.JvmPauseMonitor (JvmPauseMonitor.java:run(188)) - Starting JVM pause monitor
2022-06-24 23:46:12,956 [Datanode State Machine Task Thread - 0] INFO  datanode.InitDatanodeState (InitDatanodeState.java:persistContainerDatanodeDetails(138)) - DatanodeDetails is persisted to /home/runner/work/ozone/ozone/hadoop-ozone/integration-test/target/test-dir/MiniOzoneClusterImpl-1c97b964-6e84-44a1-9571-366444e105f6/datanode-0/meta/datanode.id
2022-06-24 23:46:12,970 [Listener at 127.0.0.1/34097] INFO  ozone.HddsDatanodeService (HddsDatanodeService.java:start(236)) - HddsDatanodeService host:fv-az21-224.v4iizcarkezebbfea14bcgzyke.bx.internal.cloudapp.net ip:10.1.0.24
2022-06-24 23:46:13,005 [Listener at 127.0.0.1/34097] INFO  upgrade.AbstractLayoutVersionManager (AbstractLayoutVersionManager.java:init(82)) - Initializing Layout version manager with metadata layout = DATANODE_SCHEMA_V3 (version = 4), software layout = DATANODE_SCHEMA_V3 (version = 4)
2022-06-24 23:46:13,137 [Listener at 127.0.0.1/34097] INFO  reflections.Reflections (Reflections.java:scan(232)) - Reflections took 131 ms to scan 7 urls, producing 131 keys and 316 values 
2022-06-24 23:46:13,146 [Listener at 127.0.0.1/34097] INFO  statemachine.DatanodeStateMachine (DatanodeStateMachine.java:getEndPointTaskThreadPoolSize(237)) - Datanode State Machine Task Thread Pool size 2
2022-06-24 23:46:13,164 [Listener at 127.0.0.1/34097] INFO  volume.HddsVolume (HddsVolume.java:<init>(116)) - Creating HddsVolume: /home/runner/work/ozone/ozone/hadoop-ozone/integration-test/target/test-dir/MiniOzoneClusterImpl-1c97b964-6e84-44a1-9571-366444e105f6/datanode-1/data-0/containers/hdds of storage type : DISK capacity : 9223372036854775807
2022-06-24 23:46:13,164 [Listener at 127.0.0.1/34097] INFO  volume.MutableVolumeSet (MutableVolumeSet.java:initializeVolumeSet(174)) - Added Volume : /home/runner/work/ozone/ozone/hadoop-ozone/integration-test/target/test-dir/MiniOzoneClusterImpl-1c97b964-6e84-44a1-9571-366444e105f6/datanode-1/data-0/containers/hdds to VolumeSet
2022-06-24 23:46:13,164 [Listener at 127.0.0.1/34097] INFO  volume.ThrottledAsyncChecker (ThrottledAsyncChecker.java:schedule(141)) - Scheduling a check for /home/runner/work/ozone/ozone/hadoop-ozone/integration-test/target/test-dir/MiniOzoneClusterImpl-1c97b964-6e84-44a1-9571-366444e105f6/datanode-1/data-0/containers/hdds
2022-06-24 23:46:13,172 [Listener at 127.0.0.1/34097] INFO  volume.StorageVolumeChecker (StorageVolumeChecker.java:checkAllVolumes(202)) - Scheduled health check for volume /home/runner/work/ozone/ozone/hadoop-ozone/integration-test/target/test-dir/MiniOzoneClusterImpl-1c97b964-6e84-44a1-9571-366444e105f6/datanode-1/data-0/containers/hdds
2022-06-24 23:46:13,195 [Listener at 127.0.0.1/34097] INFO  volume.MutableVolumeSet (MutableVolumeSet.java:initializeVolumeSet(174)) - Added Volume : /home/runner/work/ozone/ozone/hadoop-ozone/integration-test/target/test-dir/MiniOzoneClusterImpl-1c97b964-6e84-44a1-9571-366444e105f6/datanode-1/data/ratis to VolumeSet
2022-06-24 23:46:13,195 [Listener at 127.0.0.1/34097] INFO  volume.ThrottledAsyncChecker (ThrottledAsyncChecker.java:schedule(141)) - Scheduling a check for /home/runner/work/ozone/ozone/hadoop-ozone/integration-test/target/test-dir/MiniOzoneClusterImpl-1c97b964-6e84-44a1-9571-366444e105f6/datanode-1/data/ratis
2022-06-24 23:46:13,195 [Listener at 127.0.0.1/34097] INFO  volume.StorageVolumeChecker (StorageVolumeChecker.java:checkAllVolumes(202)) - Scheduled health check for volume /home/runner/work/ozone/ozone/hadoop-ozone/integration-test/target/test-dir/MiniOzoneClusterImpl-1c97b964-6e84-44a1-9571-366444e105f6/datanode-1/data/ratis
2022-06-24 23:46:13,222 [Thread-590] INFO  ozoneimpl.ContainerReader (ContainerReader.java:readVolume(172)) - Finish verifying containers on volume /home/runner/work/ozone/ozone/hadoop-ozone/integration-test/target/test-dir/MiniOzoneClusterImpl-1c97b964-6e84-44a1-9571-366444e105f6/datanode-1/data-0/containers/hdds
2022-06-24 23:46:13,236 [Listener at 127.0.0.1/34097] INFO  ozoneimpl.OzoneContainer (OzoneContainer.java:buildContainerSet(266)) - Build ContainerSet costs 0s
2022-06-24 23:46:13,238 [Listener at 127.0.0.1/34097] INFO  server.RaftServer (ConfUtils.java:logGet(46)) - raft.rpc.type = GRPC (default)
2022-06-24 23:46:13,238 [Listener at 127.0.0.1/34097] INFO  grpc.GrpcFactory (GrpcFactory.java:checkPooledByteBufAllocatorUseCacheForAllThreads(48)) - PERFORMANCE WARNING: useCacheForAllThreads is true that may cause Netty to create a lot garbage objects and, as a result, trigger GC.
	It is recommended to disable useCacheForAllThreads by setting -Dorg.apache.ratis.thirdparty.io.netty.allocator.useCacheForAllThreads=false in command line.
2022-06-24 23:46:13,238 [Listener at 127.0.0.1/34097] INFO  grpc.GrpcConfigKeys (ConfUtils.java:logGet(46)) - raft.grpc.admin.port = 0 (custom)
2022-06-24 23:46:13,238 [Listener at 127.0.0.1/34097] INFO  grpc.GrpcConfigKeys (ConfUtils.java:logGet(46)) - raft.grpc.client.port = 0 (custom)
2022-06-24 23:46:13,239 [Listener at 127.0.0.1/34097] INFO  grpc.GrpcConfigKeys (ConfUtils.java:logGet(46)) - raft.grpc.server.port = 0 (default)
2022-06-24 23:46:13,239 [Listener at 127.0.0.1/34097] INFO  server.GrpcService (ConfUtils.java:logGet(46)) - raft.grpc.message.size.max = 32MB (=33554432) (custom)
2022-06-24 23:46:13,243 [Listener at 127.0.0.1/34097] INFO  server.RaftServerConfigKeys (ConfUtils.java:logGet(46)) - raft.server.log.appender.buffer.byte-limit = 33554432 (custom)
2022-06-24 23:46:13,243 [Listener at 127.0.0.1/34097] INFO  server.GrpcService (ConfUtils.java:logGet(46)) - raft.grpc.flow.control.window = 5MB (=5242880) (custom)
2022-06-24 23:46:13,243 [Listener at 127.0.0.1/34097] INFO  server.RaftServerConfigKeys (ConfUtils.java:logGet(46)) - raft.server.rpc.request.timeout = 60s (custom)
2022-06-24 23:46:13,243 [Listener at 127.0.0.1/34097] INFO  grpc.GrpcConfigKeys (ConfUtils.java:logGet(46)) - raft.grpc.server.async.request.thread.pool.cached = true (default)
2022-06-24 23:46:13,243 [Listener at 127.0.0.1/34097] INFO  grpc.GrpcConfigKeys (ConfUtils.java:logGet(46)) - raft.grpc.server.async.request.thread.pool.size = 32 (default)
2022-06-24 23:46:13,245 [Listener at 127.0.0.1/34097] INFO  impl.DataStreamServerImpl (ConfUtils.java:logGet(46)) - raft.datastream.type = DISABLED (default)
2022-06-24 23:46:13,245 [Listener at 127.0.0.1/34097] INFO  server.RaftServerConfigKeys (ConfUtils.java:logGet(46)) - raft.server.threadpool.proxy.cached = true (default)
2022-06-24 23:46:13,245 [Listener at 127.0.0.1/34097] INFO  server.RaftServerConfigKeys (ConfUtils.java:logGet(46)) - raft.server.threadpool.proxy.size = 0 (default)
2022-06-24 23:46:13,245 [Listener at 127.0.0.1/34097] INFO  server.RaftServerConfigKeys (ConfUtils.java:logGet(46)) - raft.server.rpc.slowness.timeout = 300s (custom)
2022-06-24 23:46:13,245 [Listener at 127.0.0.1/34097] INFO  server.RaftServerConfigKeys (ConfUtils.java:logGet(46)) - raft.server.leaderelection.leader.step-down.wait-time = 10s (default)
2022-06-24 23:46:13,245 [Listener at 127.0.0.1/34097] INFO  server.RaftServerConfigKeys (ConfUtils.java:logGet(46)) - raft.server.storage.dir = [/home/runner/work/ozone/ozone/hadoop-ozone/integration-test/target/test-dir/MiniOzoneClusterImpl-1c97b964-6e84-44a1-9571-366444e105f6/datanode-1/data/ratis] (custom)
2022-06-24 23:46:13,252 [Listener at 127.0.0.1/34097] INFO  server.XceiverServerGrpc (XceiverServerGrpc.java:<init>(132)) - GrpcServer channel type EpollServerSocketChannel
2022-06-24 23:46:13,267 [Listener at 127.0.0.1/34097] INFO  http.BaseHttpServer (BaseHttpServer.java:newHttpServer2BuilderForOzone(209)) - Starting Web-server for hddsDatanode at: http://0.0.0.0:0
2022-06-24 23:46:13,267 [Listener at 127.0.0.1/34097] INFO  http.BaseHttpServer (BaseHttpServer.java:<init>(107)) - Hadoop Security Enabled: false Ozone Security Enabled: false Ozone HTTP Security Enabled: false 
2022-06-24 23:46:13,268 [Listener at 127.0.0.1/34097] INFO  server.AuthenticationFilter (AuthenticationFilter.java:constructSecretProvider(240)) - Unable to initialize FileSignerSecretProvider, falling back to use random secrets.
2022-06-24 23:46:13,276 [Listener at 127.0.0.1/34097] WARN  http.HttpRequestLog (HttpRequestLog.java:getRequestLog(103)) - Jetty request log can only be enabled using Log4j
2022-06-24 23:46:13,277 [Listener at 127.0.0.1/34097] INFO  http.HttpServer2 (HttpServer2.java:addGlobalFilter(1029)) - Added global filter 'safety' (class=org.apache.hadoop.hdds.server.http.HttpServer2$QuotingInputFilter)
2022-06-24 23:46:13,278 [Listener at 127.0.0.1/34097] INFO  http.HttpServer2 (HttpServer2.java:addFilter(1005)) - Added filter static_user_filter (class=org.apache.hadoop.http.lib.StaticUserWebFilter$StaticUserFilter) to context hddsDatanode
2022-06-24 23:46:13,278 [Listener at 127.0.0.1/34097] INFO  http.HttpServer2 (HttpServer2.java:addFilter(1013)) - Added filter static_user_filter (class=org.apache.hadoop.http.lib.StaticUserWebFilter$StaticUserFilter) to context static
2022-06-24 23:46:13,278 [Listener at 127.0.0.1/34097] INFO  http.HttpServer2 (HttpServer2.java:addFilter(1013)) - Added filter static_user_filter (class=org.apache.hadoop.http.lib.StaticUserWebFilter$StaticUserFilter) to context logs
2022-06-24 23:46:13,279 [Listener at 127.0.0.1/34097] INFO  http.HttpServer2 (HttpServer2.java:bindListener(1248)) - Jetty bound to port 36405
2022-06-24 23:46:13,279 [Listener at 127.0.0.1/34097] INFO  server.Server (Server.java:doStart(375)) - jetty-9.4.43.v20210629; built: 2021-06-30T11:07:22.254Z; git: 526006ecfa3af7f1a27ef3a288e2bef7ea9dd7e8; jvm 1.8.0_332-b09
2022-06-24 23:46:13,292 [Listener at 127.0.0.1/34097] INFO  server.session (DefaultSessionIdManager.java:doStart(334)) - DefaultSessionIdManager workerName=node0
2022-06-24 23:46:13,292 [Listener at 127.0.0.1/34097] INFO  server.session (DefaultSessionIdManager.java:doStart(339)) - No SessionScavenger set, using defaults
2022-06-24 23:46:13,293 [Listener at 127.0.0.1/34097] INFO  server.session (HouseKeeper.java:startScavenging(132)) - node0 Scavenging every 600000ms
2022-06-24 23:46:13,293 [Listener at 127.0.0.1/34097] INFO  handler.ContextHandler (ContextHandler.java:doStart(915)) - Started o.e.j.s.ServletContextHandler@71977db0{logs,/logs,file:///home/runner/work/ozone/ozone/hadoop-ozone/integration-test/target/log,AVAILABLE}
2022-06-24 23:46:13,294 [Listener at 127.0.0.1/34097] INFO  handler.ContextHandler (ContextHandler.java:doStart(915)) - Started o.e.j.s.ServletContextHandler@5346b657{static,/static,jar:file:/home/runner/.m2/repository/org/apache/ozone/hdds-container-service/1.3.0-SNAPSHOT/hdds-container-service-1.3.0-SNAPSHOT.jar!/webapps/static,AVAILABLE}
2022-06-24 23:46:13,589 [Listener at 127.0.0.1/34097] INFO  handler.ContextHandler (ContextHandler.java:doStart(915)) - Started o.e.j.w.WebAppContext@527cc0c1{hddsDatanode,/,file:///tmp/jetty-0_0_0_0-36405-hdds-container-service-1_3_0-SNAPSHOT_jar-_-any-4660371156789621877/webapp/,AVAILABLE}{jar:file:/home/runner/.m2/repository/org/apache/ozone/hdds-container-service/1.3.0-SNAPSHOT/hdds-container-service-1.3.0-SNAPSHOT.jar!/webapps/hddsDatanode}
2022-06-24 23:46:13,590 [Listener at 127.0.0.1/34097] INFO  server.AbstractConnector (AbstractConnector.java:doStart(331)) - Started ServerConnector@57555ba9{HTTP/1.1, (http/1.1)}{0.0.0.0:36405}
2022-06-24 23:46:13,590 [Listener at 127.0.0.1/34097] INFO  server.Server (Server.java:doStart(415)) - Started @87171ms
2022-06-24 23:46:13,590 [Listener at 127.0.0.1/34097] WARN  impl.MetricsSystemImpl (MetricsSystemImpl.java:register(279)) - Sink prometheus already exists!
2022-06-24 23:46:13,607 [Listener at 127.0.0.1/34097] INFO  http.BaseHttpServer (BaseHttpServer.java:updateConnectorAddress(329)) - HTTP server of hddsDatanode listening at http://0.0.0.0:36405
2022-06-24 23:46:13,615 [Listener at 127.0.0.1/34097] INFO  impl.MetricsSystemImpl (MetricsSystemImpl.java:init(158)) - HddsDatanode metrics system started (again)
2022-06-24 23:46:13,635 [Datanode State Machine Daemon Thread] INFO  statemachine.DatanodeStateMachine (DatanodeStateMachine.java:lambda$startDaemon$0(492)) - Ozone container server started.
2022-06-24 23:46:13,647 [Listener at 127.0.0.1/34097] INFO  ozone.HddsDatanodeService (HddsDatanodeService.java:start(236)) - HddsDatanodeService host:fv-az21-224.v4iizcarkezebbfea14bcgzyke.bx.internal.cloudapp.net ip:10.1.0.24
2022-06-24 23:46:13,715 [Datanode State Machine Task Thread - 0] INFO  datanode.InitDatanodeState (InitDatanodeState.java:persistContainerDatanodeDetails(138)) - DatanodeDetails is persisted to /home/runner/work/ozone/ozone/hadoop-ozone/integration-test/target/test-dir/MiniOzoneClusterImpl-1c97b964-6e84-44a1-9571-366444e105f6/datanode-1/meta/datanode.id
2022-06-24 23:46:13,732 [org.apache.hadoop.util.JvmPauseMonitor$Monitor@6e3bb385] INFO  util.JvmPauseMonitor (JvmPauseMonitor.java:run(188)) - Starting JVM pause monitor
2022-06-24 23:46:13,735 [Listener at 127.0.0.1/34097] INFO  upgrade.AbstractLayoutVersionManager (AbstractLayoutVersionManager.java:init(82)) - Initializing Layout version manager with metadata layout = DATANODE_SCHEMA_V3 (version = 4), software layout = DATANODE_SCHEMA_V3 (version = 4)
2022-06-24 23:46:13,835 [Listener at 127.0.0.1/34097] INFO  reflections.Reflections (Reflections.java:scan(232)) - Reflections took 99 ms to scan 7 urls, producing 131 keys and 316 values 
2022-06-24 23:46:13,838 [Listener at 127.0.0.1/34097] INFO  statemachine.DatanodeStateMachine (DatanodeStateMachine.java:getEndPointTaskThreadPoolSize(237)) - Datanode State Machine Task Thread Pool size 2
2022-06-24 23:46:13,859 [Listener at 127.0.0.1/34097] INFO  volume.HddsVolume (HddsVolume.java:<init>(116)) - Creating HddsVolume: /home/runner/work/ozone/ozone/hadoop-ozone/integration-test/target/test-dir/MiniOzoneClusterImpl-1c97b964-6e84-44a1-9571-366444e105f6/datanode-2/data-0/containers/hdds of storage type : DISK capacity : 9223372036854775807
2022-06-24 23:46:13,859 [Listener at 127.0.0.1/34097] INFO  volume.MutableVolumeSet (MutableVolumeSet.java:initializeVolumeSet(174)) - Added Volume : /home/runner/work/ozone/ozone/hadoop-ozone/integration-test/target/test-dir/MiniOzoneClusterImpl-1c97b964-6e84-44a1-9571-366444e105f6/datanode-2/data-0/containers/hdds to VolumeSet
2022-06-24 23:46:13,859 [Listener at 127.0.0.1/34097] INFO  volume.ThrottledAsyncChecker (ThrottledAsyncChecker.java:schedule(141)) - Scheduling a check for /home/runner/work/ozone/ozone/hadoop-ozone/integration-test/target/test-dir/MiniOzoneClusterImpl-1c97b964-6e84-44a1-9571-366444e105f6/datanode-2/data-0/containers/hdds
2022-06-24 23:46:13,881 [Listener at 127.0.0.1/34097] INFO  volume.StorageVolumeChecker (StorageVolumeChecker.java:checkAllVolumes(202)) - Scheduled health check for volume /home/runner/work/ozone/ozone/hadoop-ozone/integration-test/target/test-dir/MiniOzoneClusterImpl-1c97b964-6e84-44a1-9571-366444e105f6/datanode-2/data-0/containers/hdds
2022-06-24 23:46:13,906 [Listener at 127.0.0.1/34097] INFO  volume.MutableVolumeSet (MutableVolumeSet.java:initializeVolumeSet(174)) - Added Volume : /home/runner/work/ozone/ozone/hadoop-ozone/integration-test/target/test-dir/MiniOzoneClusterImpl-1c97b964-6e84-44a1-9571-366444e105f6/datanode-2/data/ratis to VolumeSet
2022-06-24 23:46:13,906 [Listener at 127.0.0.1/34097] INFO  volume.ThrottledAsyncChecker (ThrottledAsyncChecker.java:schedule(141)) - Scheduling a check for /home/runner/work/ozone/ozone/hadoop-ozone/integration-test/target/test-dir/MiniOzoneClusterImpl-1c97b964-6e84-44a1-9571-366444e105f6/datanode-2/data/ratis
2022-06-24 23:46:13,907 [Listener at 127.0.0.1/34097] INFO  volume.StorageVolumeChecker (StorageVolumeChecker.java:checkAllVolumes(202)) - Scheduled health check for volume /home/runner/work/ozone/ozone/hadoop-ozone/integration-test/target/test-dir/MiniOzoneClusterImpl-1c97b964-6e84-44a1-9571-366444e105f6/datanode-2/data/ratis
2022-06-24 23:46:13,975 [Thread-603] INFO  ozoneimpl.ContainerReader (ContainerReader.java:readVolume(172)) - Finish verifying containers on volume /home/runner/work/ozone/ozone/hadoop-ozone/integration-test/target/test-dir/MiniOzoneClusterImpl-1c97b964-6e84-44a1-9571-366444e105f6/datanode-2/data-0/containers/hdds
2022-06-24 23:46:13,976 [Listener at 127.0.0.1/34097] INFO  ozoneimpl.OzoneContainer (OzoneContainer.java:buildContainerSet(266)) - Build ContainerSet costs 0s
2022-06-24 23:46:13,978 [Listener at 127.0.0.1/34097] INFO  server.RaftServer (ConfUtils.java:logGet(46)) - raft.rpc.type = GRPC (default)
2022-06-24 23:46:13,978 [Listener at 127.0.0.1/34097] INFO  grpc.GrpcFactory (GrpcFactory.java:checkPooledByteBufAllocatorUseCacheForAllThreads(48)) - PERFORMANCE WARNING: useCacheForAllThreads is true that may cause Netty to create a lot garbage objects and, as a result, trigger GC.
	It is recommended to disable useCacheForAllThreads by setting -Dorg.apache.ratis.thirdparty.io.netty.allocator.useCacheForAllThreads=false in command line.
2022-06-24 23:46:13,978 [Listener at 127.0.0.1/34097] INFO  grpc.GrpcConfigKeys (ConfUtils.java:logGet(46)) - raft.grpc.admin.port = 0 (custom)
2022-06-24 23:46:13,978 [Listener at 127.0.0.1/34097] INFO  grpc.GrpcConfigKeys (ConfUtils.java:logGet(46)) - raft.grpc.client.port = 0 (custom)
2022-06-24 23:46:13,979 [Listener at 127.0.0.1/34097] INFO  grpc.GrpcConfigKeys (ConfUtils.java:logGet(46)) - raft.grpc.server.port = 0 (default)
2022-06-24 23:46:13,979 [Listener at 127.0.0.1/34097] INFO  server.GrpcService (ConfUtils.java:logGet(46)) - raft.grpc.message.size.max = 32MB (=33554432) (custom)
2022-06-24 23:46:13,979 [Listener at 127.0.0.1/34097] INFO  server.RaftServerConfigKeys (ConfUtils.java:logGet(46)) - raft.server.log.appender.buffer.byte-limit = 33554432 (custom)
2022-06-24 23:46:13,983 [Listener at 127.0.0.1/34097] INFO  server.GrpcService (ConfUtils.java:logGet(46)) - raft.grpc.flow.control.window = 5MB (=5242880) (custom)
2022-06-24 23:46:13,983 [Listener at 127.0.0.1/34097] INFO  server.RaftServerConfigKeys (ConfUtils.java:logGet(46)) - raft.server.rpc.request.timeout = 60s (custom)
2022-06-24 23:46:13,983 [Listener at 127.0.0.1/34097] INFO  grpc.GrpcConfigKeys (ConfUtils.java:logGet(46)) - raft.grpc.server.async.request.thread.pool.cached = true (default)
2022-06-24 23:46:13,986 [Listener at 127.0.0.1/34097] INFO  grpc.GrpcConfigKeys (ConfUtils.java:logGet(46)) - raft.grpc.server.async.request.thread.pool.size = 32 (default)
2022-06-24 23:46:13,988 [Listener at 127.0.0.1/34097] INFO  impl.DataStreamServerImpl (ConfUtils.java:logGet(46)) - raft.datastream.type = DISABLED (default)
2022-06-24 23:46:13,988 [Listener at 127.0.0.1/34097] INFO  server.RaftServerConfigKeys (ConfUtils.java:logGet(46)) - raft.server.threadpool.proxy.cached = true (default)
2022-06-24 23:46:13,988 [Listener at 127.0.0.1/34097] INFO  server.RaftServerConfigKeys (ConfUtils.java:logGet(46)) - raft.server.threadpool.proxy.size = 0 (default)
2022-06-24 23:46:13,988 [Listener at 127.0.0.1/34097] INFO  server.RaftServerConfigKeys (ConfUtils.java:logGet(46)) - raft.server.rpc.slowness.timeout = 300s (custom)
2022-06-24 23:46:13,988 [Listener at 127.0.0.1/34097] INFO  server.RaftServerConfigKeys (ConfUtils.java:logGet(46)) - raft.server.leaderelection.leader.step-down.wait-time = 10s (default)
2022-06-24 23:46:13,988 [Listener at 127.0.0.1/34097] INFO  server.RaftServerConfigKeys (ConfUtils.java:logGet(46)) - raft.server.storage.dir = [/home/runner/work/ozone/ozone/hadoop-ozone/integration-test/target/test-dir/MiniOzoneClusterImpl-1c97b964-6e84-44a1-9571-366444e105f6/datanode-2/data/ratis] (custom)
2022-06-24 23:46:13,995 [Listener at 127.0.0.1/34097] INFO  server.XceiverServerGrpc (XceiverServerGrpc.java:<init>(132)) - GrpcServer channel type EpollServerSocketChannel
2022-06-24 23:46:14,017 [Listener at 127.0.0.1/34097] INFO  http.BaseHttpServer (BaseHttpServer.java:newHttpServer2BuilderForOzone(209)) - Starting Web-server for hddsDatanode at: http://0.0.0.0:0
2022-06-24 23:46:14,018 [Listener at 127.0.0.1/34097] INFO  http.BaseHttpServer (BaseHttpServer.java:<init>(107)) - Hadoop Security Enabled: false Ozone Security Enabled: false Ozone HTTP Security Enabled: false 
2022-06-24 23:46:14,019 [Listener at 127.0.0.1/34097] INFO  server.AuthenticationFilter (AuthenticationFilter.java:constructSecretProvider(240)) - Unable to initialize FileSignerSecretProvider, falling back to use random secrets.
2022-06-24 23:46:14,019 [Listener at 127.0.0.1/34097] WARN  http.HttpRequestLog (HttpRequestLog.java:getRequestLog(103)) - Jetty request log can only be enabled using Log4j
2022-06-24 23:46:14,021 [Listener at 127.0.0.1/34097] INFO  http.HttpServer2 (HttpServer2.java:addGlobalFilter(1029)) - Added global filter 'safety' (class=org.apache.hadoop.hdds.server.http.HttpServer2$QuotingInputFilter)
2022-06-24 23:46:14,022 [Listener at 127.0.0.1/34097] INFO  http.HttpServer2 (HttpServer2.java:addFilter(1005)) - Added filter static_user_filter (class=org.apache.hadoop.http.lib.StaticUserWebFilter$StaticUserFilter) to context hddsDatanode
2022-06-24 23:46:14,022 [Listener at 127.0.0.1/34097] INFO  http.HttpServer2 (HttpServer2.java:addFilter(1013)) - Added filter static_user_filter (class=org.apache.hadoop.http.lib.StaticUserWebFilter$StaticUserFilter) to context logs
2022-06-24 23:46:14,022 [Listener at 127.0.0.1/34097] INFO  http.HttpServer2 (HttpServer2.java:addFilter(1013)) - Added filter static_user_filter (class=org.apache.hadoop.http.lib.StaticUserWebFilter$StaticUserFilter) to context static
2022-06-24 23:46:14,023 [Listener at 127.0.0.1/34097] INFO  http.HttpServer2 (HttpServer2.java:bindListener(1248)) - Jetty bound to port 38221
2022-06-24 23:46:14,023 [Listener at 127.0.0.1/34097] INFO  server.Server (Server.java:doStart(375)) - jetty-9.4.43.v20210629; built: 2021-06-30T11:07:22.254Z; git: 526006ecfa3af7f1a27ef3a288e2bef7ea9dd7e8; jvm 1.8.0_332-b09
2022-06-24 23:46:14,040 [Listener at 127.0.0.1/34097] INFO  server.session (DefaultSessionIdManager.java:doStart(334)) - DefaultSessionIdManager workerName=node0
2022-06-24 23:46:14,040 [Listener at 127.0.0.1/34097] INFO  server.session (DefaultSessionIdManager.java:doStart(339)) - No SessionScavenger set, using defaults
2022-06-24 23:46:14,040 [Listener at 127.0.0.1/34097] INFO  server.session (HouseKeeper.java:startScavenging(132)) - node0 Scavenging every 660000ms
2022-06-24 23:46:14,041 [Listener at 127.0.0.1/34097] INFO  handler.ContextHandler (ContextHandler.java:doStart(915)) - Started o.e.j.s.ServletContextHandler@17fcb15a{logs,/logs,file:///home/runner/work/ozone/ozone/hadoop-ozone/integration-test/target/log,AVAILABLE}
2022-06-24 23:46:14,041 [Listener at 127.0.0.1/34097] INFO  handler.ContextHandler (ContextHandler.java:doStart(915)) - Started o.e.j.s.ServletContextHandler@17cb53ed{static,/static,jar:file:/home/runner/.m2/repository/org/apache/ozone/hdds-container-service/1.3.0-SNAPSHOT/hdds-container-service-1.3.0-SNAPSHOT.jar!/webapps/static,AVAILABLE}
2022-06-24 23:46:14,410 [Listener at 127.0.0.1/34097] INFO  handler.ContextHandler (ContextHandler.java:doStart(915)) - Started o.e.j.w.WebAppContext@6de6f7cd{hddsDatanode,/,file:///tmp/jetty-0_0_0_0-38221-hdds-container-service-1_3_0-SNAPSHOT_jar-_-any-498530401602655285/webapp/,AVAILABLE}{jar:file:/home/runner/.m2/repository/org/apache/ozone/hdds-container-service/1.3.0-SNAPSHOT/hdds-container-service-1.3.0-SNAPSHOT.jar!/webapps/hddsDatanode}
2022-06-24 23:46:14,415 [Listener at 127.0.0.1/34097] INFO  server.AbstractConnector (AbstractConnector.java:doStart(331)) - Started ServerConnector@32d44570{HTTP/1.1, (http/1.1)}{0.0.0.0:38221}
2022-06-24 23:46:14,415 [Listener at 127.0.0.1/34097] INFO  server.Server (Server.java:doStart(415)) - Started @87996ms
2022-06-24 23:46:14,416 [Listener at 127.0.0.1/34097] WARN  impl.MetricsSystemImpl (MetricsSystemImpl.java:register(279)) - Sink prometheus already exists!
2022-06-24 23:46:14,416 [Listener at 127.0.0.1/34097] INFO  http.BaseHttpServer (BaseHttpServer.java:updateConnectorAddress(329)) - HTTP server of hddsDatanode listening at http://0.0.0.0:38221
2022-06-24 23:46:14,417 [Listener at 127.0.0.1/34097] INFO  impl.MetricsSystemImpl (MetricsSystemImpl.java:init(158)) - HddsDatanode metrics system started (again)
2022-06-24 23:46:14,435 [Datanode State Machine Daemon Thread] INFO  statemachine.DatanodeStateMachine (DatanodeStateMachine.java:lambda$startDaemon$0(492)) - Ozone container server started.
2022-06-24 23:46:14,500 [org.apache.hadoop.util.JvmPauseMonitor$Monitor@adde6a0] INFO  util.JvmPauseMonitor (JvmPauseMonitor.java:run(188)) - Starting JVM pause monitor
2022-06-24 23:46:14,511 [Listener at 127.0.0.1/34097] INFO  ozone.HddsDatanodeService (HddsDatanodeService.java:start(236)) - HddsDatanodeService host:fv-az21-224.v4iizcarkezebbfea14bcgzyke.bx.internal.cloudapp.net ip:10.1.0.24
2022-06-24 23:46:14,520 [Datanode State Machine Task Thread - 0] INFO  datanode.InitDatanodeState (InitDatanodeState.java:persistContainerDatanodeDetails(138)) - DatanodeDetails is persisted to /home/runner/work/ozone/ozone/hadoop-ozone/integration-test/target/test-dir/MiniOzoneClusterImpl-1c97b964-6e84-44a1-9571-366444e105f6/datanode-2/meta/datanode.id
2022-06-24 23:46:14,541 [Listener at 127.0.0.1/34097] INFO  upgrade.AbstractLayoutVersionManager (AbstractLayoutVersionManager.java:init(82)) - Initializing Layout version manager with metadata layout = DATANODE_SCHEMA_V3 (version = 4), software layout = DATANODE_SCHEMA_V3 (version = 4)
2022-06-24 23:46:14,651 [Listener at 127.0.0.1/34097] INFO  reflections.Reflections (Reflections.java:scan(232)) - Reflections took 109 ms to scan 7 urls, producing 131 keys and 316 values 
2022-06-24 23:46:14,652 [Listener at 127.0.0.1/34097] INFO  statemachine.DatanodeStateMachine (DatanodeStateMachine.java:getEndPointTaskThreadPoolSize(237)) - Datanode State Machine Task Thread Pool size 2
2022-06-24 23:46:14,654 [Listener at 127.0.0.1/34097] INFO  volume.HddsVolume (HddsVolume.java:<init>(116)) - Creating HddsVolume: /home/runner/work/ozone/ozone/hadoop-ozone/integration-test/target/test-dir/MiniOzoneClusterImpl-1c97b964-6e84-44a1-9571-366444e105f6/datanode-3/data-0/containers/hdds of storage type : DISK capacity : 9223372036854775807
2022-06-24 23:46:14,654 [Listener at 127.0.0.1/34097] INFO  volume.MutableVolumeSet (MutableVolumeSet.java:initializeVolumeSet(174)) - Added Volume : /home/runner/work/ozone/ozone/hadoop-ozone/integration-test/target/test-dir/MiniOzoneClusterImpl-1c97b964-6e84-44a1-9571-366444e105f6/datanode-3/data-0/containers/hdds to VolumeSet
2022-06-24 23:46:14,654 [Listener at 127.0.0.1/34097] INFO  volume.ThrottledAsyncChecker (ThrottledAsyncChecker.java:schedule(141)) - Scheduling a check for /home/runner/work/ozone/ozone/hadoop-ozone/integration-test/target/test-dir/MiniOzoneClusterImpl-1c97b964-6e84-44a1-9571-366444e105f6/datanode-3/data-0/containers/hdds
2022-06-24 23:46:14,655 [Listener at 127.0.0.1/34097] INFO  volume.StorageVolumeChecker (StorageVolumeChecker.java:checkAllVolumes(202)) - Scheduled health check for volume /home/runner/work/ozone/ozone/hadoop-ozone/integration-test/target/test-dir/MiniOzoneClusterImpl-1c97b964-6e84-44a1-9571-366444e105f6/datanode-3/data-0/containers/hdds
2022-06-24 23:46:14,673 [Listener at 127.0.0.1/34097] INFO  volume.MutableVolumeSet (MutableVolumeSet.java:initializeVolumeSet(174)) - Added Volume : /home/runner/work/ozone/ozone/hadoop-ozone/integration-test/target/test-dir/MiniOzoneClusterImpl-1c97b964-6e84-44a1-9571-366444e105f6/datanode-3/data/ratis to VolumeSet
2022-06-24 23:46:14,673 [Listener at 127.0.0.1/34097] INFO  volume.ThrottledAsyncChecker (ThrottledAsyncChecker.java:schedule(141)) - Scheduling a check for /home/runner/work/ozone/ozone/hadoop-ozone/integration-test/target/test-dir/MiniOzoneClusterImpl-1c97b964-6e84-44a1-9571-366444e105f6/datanode-3/data/ratis
2022-06-24 23:46:14,673 [Listener at 127.0.0.1/34097] INFO  volume.StorageVolumeChecker (StorageVolumeChecker.java:checkAllVolumes(202)) - Scheduled health check for volume /home/runner/work/ozone/ozone/hadoop-ozone/integration-test/target/test-dir/MiniOzoneClusterImpl-1c97b964-6e84-44a1-9571-366444e105f6/datanode-3/data/ratis
2022-06-24 23:46:14,720 [Thread-616] INFO  ozoneimpl.ContainerReader (ContainerReader.java:readVolume(172)) - Finish verifying containers on volume /home/runner/work/ozone/ozone/hadoop-ozone/integration-test/target/test-dir/MiniOzoneClusterImpl-1c97b964-6e84-44a1-9571-366444e105f6/datanode-3/data-0/containers/hdds
2022-06-24 23:46:14,731 [Listener at 127.0.0.1/34097] INFO  ozoneimpl.OzoneContainer (OzoneContainer.java:buildContainerSet(266)) - Build ContainerSet costs 0s
2022-06-24 23:46:14,733 [Listener at 127.0.0.1/34097] INFO  server.RaftServer (ConfUtils.java:logGet(46)) - raft.rpc.type = GRPC (default)
2022-06-24 23:46:14,733 [Listener at 127.0.0.1/34097] INFO  grpc.GrpcFactory (GrpcFactory.java:checkPooledByteBufAllocatorUseCacheForAllThreads(48)) - PERFORMANCE WARNING: useCacheForAllThreads is true that may cause Netty to create a lot garbage objects and, as a result, trigger GC.
	It is recommended to disable useCacheForAllThreads by setting -Dorg.apache.ratis.thirdparty.io.netty.allocator.useCacheForAllThreads=false in command line.
2022-06-24 23:46:14,733 [Listener at 127.0.0.1/34097] INFO  grpc.GrpcConfigKeys (ConfUtils.java:logGet(46)) - raft.grpc.admin.port = 0 (custom)
2022-06-24 23:46:14,733 [Listener at 127.0.0.1/34097] INFO  grpc.GrpcConfigKeys (ConfUtils.java:logGet(46)) - raft.grpc.client.port = 0 (custom)
2022-06-24 23:46:14,734 [Listener at 127.0.0.1/34097] INFO  grpc.GrpcConfigKeys (ConfUtils.java:logGet(46)) - raft.grpc.server.port = 0 (default)
2022-06-24 23:46:14,734 [Listener at 127.0.0.1/34097] INFO  server.GrpcService (ConfUtils.java:logGet(46)) - raft.grpc.message.size.max = 32MB (=33554432) (custom)
2022-06-24 23:46:14,734 [Listener at 127.0.0.1/34097] INFO  server.RaftServerConfigKeys (ConfUtils.java:logGet(46)) - raft.server.log.appender.buffer.byte-limit = 33554432 (custom)
2022-06-24 23:46:14,734 [Listener at 127.0.0.1/34097] INFO  server.GrpcService (ConfUtils.java:logGet(46)) - raft.grpc.flow.control.window = 5MB (=5242880) (custom)
2022-06-24 23:46:14,734 [Listener at 127.0.0.1/34097] INFO  server.RaftServerConfigKeys (ConfUtils.java:logGet(46)) - raft.server.rpc.request.timeout = 60s (custom)
2022-06-24 23:46:14,734 [Listener at 127.0.0.1/34097] INFO  grpc.GrpcConfigKeys (ConfUtils.java:logGet(46)) - raft.grpc.server.async.request.thread.pool.cached = true (default)
2022-06-24 23:46:14,734 [Listener at 127.0.0.1/34097] INFO  grpc.GrpcConfigKeys (ConfUtils.java:logGet(46)) - raft.grpc.server.async.request.thread.pool.size = 32 (default)
2022-06-24 23:46:14,735 [Listener at 127.0.0.1/34097] INFO  impl.DataStreamServerImpl (ConfUtils.java:logGet(46)) - raft.datastream.type = DISABLED (default)
2022-06-24 23:46:14,735 [Listener at 127.0.0.1/34097] INFO  server.RaftServerConfigKeys (ConfUtils.java:logGet(46)) - raft.server.threadpool.proxy.cached = true (default)
2022-06-24 23:46:14,736 [Listener at 127.0.0.1/34097] INFO  server.RaftServerConfigKeys (ConfUtils.java:logGet(46)) - raft.server.threadpool.proxy.size = 0 (default)
2022-06-24 23:46:14,736 [Listener at 127.0.0.1/34097] INFO  server.RaftServerConfigKeys (ConfUtils.java:logGet(46)) - raft.server.rpc.slowness.timeout = 300s (custom)
2022-06-24 23:46:14,736 [Listener at 127.0.0.1/34097] INFO  server.RaftServerConfigKeys (ConfUtils.java:logGet(46)) - raft.server.leaderelection.leader.step-down.wait-time = 10s (default)
2022-06-24 23:46:14,736 [Listener at 127.0.0.1/34097] INFO  server.RaftServerConfigKeys (ConfUtils.java:logGet(46)) - raft.server.storage.dir = [/home/runner/work/ozone/ozone/hadoop-ozone/integration-test/target/test-dir/MiniOzoneClusterImpl-1c97b964-6e84-44a1-9571-366444e105f6/datanode-3/data/ratis] (custom)
2022-06-24 23:46:14,737 [Listener at 127.0.0.1/34097] INFO  server.XceiverServerGrpc (XceiverServerGrpc.java:<init>(132)) - GrpcServer channel type EpollServerSocketChannel
2022-06-24 23:46:14,740 [Listener at 127.0.0.1/34097] INFO  http.BaseHttpServer (BaseHttpServer.java:newHttpServer2BuilderForOzone(209)) - Starting Web-server for hddsDatanode at: http://0.0.0.0:0
2022-06-24 23:46:14,740 [Listener at 127.0.0.1/34097] INFO  http.BaseHttpServer (BaseHttpServer.java:<init>(107)) - Hadoop Security Enabled: false Ozone Security Enabled: false Ozone HTTP Security Enabled: false 
2022-06-24 23:46:14,741 [Listener at 127.0.0.1/34097] INFO  server.AuthenticationFilter (AuthenticationFilter.java:constructSecretProvider(240)) - Unable to initialize FileSignerSecretProvider, falling back to use random secrets.
2022-06-24 23:46:14,759 [Listener at 127.0.0.1/34097] WARN  http.HttpRequestLog (HttpRequestLog.java:getRequestLog(103)) - Jetty request log can only be enabled using Log4j
2022-06-24 23:46:14,760 [Listener at 127.0.0.1/34097] INFO  http.HttpServer2 (HttpServer2.java:addGlobalFilter(1029)) - Added global filter 'safety' (class=org.apache.hadoop.hdds.server.http.HttpServer2$QuotingInputFilter)
2022-06-24 23:46:14,761 [Listener at 127.0.0.1/34097] INFO  http.HttpServer2 (HttpServer2.java:addFilter(1005)) - Added filter static_user_filter (class=org.apache.hadoop.http.lib.StaticUserWebFilter$StaticUserFilter) to context hddsDatanode
2022-06-24 23:46:14,761 [Listener at 127.0.0.1/34097] INFO  http.HttpServer2 (HttpServer2.java:addFilter(1013)) - Added filter static_user_filter (class=org.apache.hadoop.http.lib.StaticUserWebFilter$StaticUserFilter) to context logs
2022-06-24 23:46:14,761 [Listener at 127.0.0.1/34097] INFO  http.HttpServer2 (HttpServer2.java:addFilter(1013)) - Added filter static_user_filter (class=org.apache.hadoop.http.lib.StaticUserWebFilter$StaticUserFilter) to context static
2022-06-24 23:46:14,762 [Listener at 127.0.0.1/34097] INFO  http.HttpServer2 (HttpServer2.java:bindListener(1248)) - Jetty bound to port 46025
2022-06-24 23:46:14,762 [Listener at 127.0.0.1/34097] INFO  server.Server (Server.java:doStart(375)) - jetty-9.4.43.v20210629; built: 2021-06-30T11:07:22.254Z; git: 526006ecfa3af7f1a27ef3a288e2bef7ea9dd7e8; jvm 1.8.0_332-b09
2022-06-24 23:46:14,776 [Listener at 127.0.0.1/34097] INFO  server.session (DefaultSessionIdManager.java:doStart(334)) - DefaultSessionIdManager workerName=node0
2022-06-24 23:46:14,776 [Listener at 127.0.0.1/34097] INFO  server.session (DefaultSessionIdManager.java:doStart(339)) - No SessionScavenger set, using defaults
2022-06-24 23:46:14,776 [Listener at 127.0.0.1/34097] INFO  server.session (HouseKeeper.java:startScavenging(132)) - node0 Scavenging every 660000ms
2022-06-24 23:46:14,777 [Listener at 127.0.0.1/34097] INFO  handler.ContextHandler (ContextHandler.java:doStart(915)) - Started o.e.j.s.ServletContextHandler@25a5a278{logs,/logs,file:///home/runner/work/ozone/ozone/hadoop-ozone/integration-test/target/log,AVAILABLE}
2022-06-24 23:46:14,777 [Listener at 127.0.0.1/34097] INFO  handler.ContextHandler (ContextHandler.java:doStart(915)) - Started o.e.j.s.ServletContextHandler@5caebb63{static,/static,jar:file:/home/runner/.m2/repository/org/apache/ozone/hdds-container-service/1.3.0-SNAPSHOT/hdds-container-service-1.3.0-SNAPSHOT.jar!/webapps/static,AVAILABLE}
2022-06-24 23:46:15,037 [EndpointStateMachine task thread for /0.0.0.0:44953 - 0 ] INFO  volume.HddsVolume (HddsVolume.java:createDbStore(309)) - SchemaV3 db is created and loaded at /home/runner/work/ozone/ozone/hadoop-ozone/integration-test/target/test-dir/MiniOzoneClusterImpl-1c97b964-6e84-44a1-9571-366444e105f6/datanode-0/data-0/containers/hdds/1c97b964-6e84-44a1-9571-366444e105f6/DS-4493b5f9-4424-4e3f-b703-08ec6e1037ae/container.db for volume DS-4493b5f9-4424-4e3f-b703-08ec6e1037ae
2022-06-24 23:46:15,051 [EndpointStateMachine task thread for /0.0.0.0:44953 - 0 ] INFO  volume.HddsVolume (HddsVolume.java:closeDbStore(340)) - SchemaV3 db is stopped at /home/runner/work/ozone/ozone/hadoop-ozone/integration-test/target/test-dir/MiniOzoneClusterImpl-1c97b964-6e84-44a1-9571-366444e105f6/datanode-0/data-0/containers/hdds/1c97b964-6e84-44a1-9571-366444e105f6/DS-4493b5f9-4424-4e3f-b703-08ec6e1037ae/container.db for volume DS-4493b5f9-4424-4e3f-b703-08ec6e1037ae
2022-06-24 23:46:15,051 [EndpointStateMachine task thread for /0.0.0.0:44953 - 0 ] INFO  ozoneimpl.OzoneContainer (OzoneContainer.java:start(344)) - Attempting to start container services.
2022-06-24 23:46:15,051 [EndpointStateMachine task thread for /0.0.0.0:44953 - 0 ] INFO  ozoneimpl.OzoneContainer (OzoneContainer.java:startContainerScrub(279)) - Background container scanner has been disabled.
2022-06-24 23:46:15,072 [EndpointStateMachine task thread for /0.0.0.0:44953 - 0 ] INFO  replication.ReplicationServer (ReplicationServer.java:start(111)) - ReplicationServer is started using port 37931
2022-06-24 23:46:15,072 [EndpointStateMachine task thread for /0.0.0.0:44953 - 0 ] INFO  ratis.XceiverServerRatis (XceiverServerRatis.java:start(481)) - Starting XceiverServerRatis c8d3b1b7-e2cb-467c-92f2-e834465c7bf5
2022-06-24 23:46:15,073 [EndpointStateMachine task thread for /0.0.0.0:44953 - 0 ] INFO  server.RaftServer (RaftServerProxy.java:lambda$start$6(382)) - c8d3b1b7-e2cb-467c-92f2-e834465c7bf5: start RPC server
2022-06-24 23:46:15,079 [EndpointStateMachine task thread for /0.0.0.0:44953 - 0 ] INFO  server.GrpcService (GrpcService.java:startImpl(260)) - c8d3b1b7-e2cb-467c-92f2-e834465c7bf5: GrpcService started, listening on 45959
2022-06-24 23:46:15,080 [EndpointStateMachine task thread for /0.0.0.0:44953 - 0 ] INFO  ratis.XceiverServerRatis (XceiverServerRatis.java:getRealPort(502)) - XceiverServerRatis c8d3b1b7-e2cb-467c-92f2-e834465c7bf5 is started using port 45959 for RATIS
2022-06-24 23:46:15,080 [EndpointStateMachine task thread for /0.0.0.0:44953 - 0 ] INFO  ratis.XceiverServerRatis (XceiverServerRatis.java:getRealPort(502)) - XceiverServerRatis c8d3b1b7-e2cb-467c-92f2-e834465c7bf5 is started using port 45959 for RATIS_ADMIN
2022-06-24 23:46:15,080 [org.apache.ratis.util.JvmPauseMonitor$$Lambda$627/395666382@4f8587ee] INFO  util.JvmPauseMonitor (JvmPauseMonitor.java:run(103)) - JvmPauseMonitor-c8d3b1b7-e2cb-467c-92f2-e834465c7bf5: Started
2022-06-24 23:46:15,080 [EndpointStateMachine task thread for /0.0.0.0:44953 - 0 ] INFO  ratis.XceiverServerRatis (XceiverServerRatis.java:getRealPort(502)) - XceiverServerRatis c8d3b1b7-e2cb-467c-92f2-e834465c7bf5 is started using port 45959 for RATIS_SERVER
2022-06-24 23:46:15,102 [EndpointStateMachine task thread for /0.0.0.0:44953 - 0 ] INFO  server.XceiverServerGrpc (XceiverServerGrpc.java:start(180)) - XceiverServerGrpc c8d3b1b7-e2cb-467c-92f2-e834465c7bf5 is started using port 34671
2022-06-24 23:46:15,193 [Listener at 127.0.0.1/34097] INFO  handler.ContextHandler (ContextHandler.java:doStart(915)) - Started o.e.j.w.WebAppContext@440086{hddsDatanode,/,file:///tmp/jetty-0_0_0_0-46025-hdds-container-service-1_3_0-SNAPSHOT_jar-_-any-1105773832975334557/webapp/,AVAILABLE}{jar:file:/home/runner/.m2/repository/org/apache/ozone/hdds-container-service/1.3.0-SNAPSHOT/hdds-container-service-1.3.0-SNAPSHOT.jar!/webapps/hddsDatanode}
2022-06-24 23:46:15,196 [Listener at 127.0.0.1/34097] INFO  server.AbstractConnector (AbstractConnector.java:doStart(331)) - Started ServerConnector@70116a3{HTTP/1.1, (http/1.1)}{0.0.0.0:46025}
2022-06-24 23:46:15,196 [Listener at 127.0.0.1/34097] INFO  server.Server (Server.java:doStart(415)) - Started @88777ms
2022-06-24 23:46:15,196 [Listener at 127.0.0.1/34097] WARN  impl.MetricsSystemImpl (MetricsSystemImpl.java:register(279)) - Sink prometheus already exists!
2022-06-24 23:46:15,197 [Listener at 127.0.0.1/34097] INFO  http.BaseHttpServer (BaseHttpServer.java:updateConnectorAddress(329)) - HTTP server of hddsDatanode listening at http://0.0.0.0:46025
2022-06-24 23:46:15,198 [Listener at 127.0.0.1/34097] INFO  impl.MetricsSystemImpl (MetricsSystemImpl.java:init(158)) - HddsDatanode metrics system started (again)
2022-06-24 23:46:15,205 [Datanode State Machine Daemon Thread] INFO  statemachine.DatanodeStateMachine (DatanodeStateMachine.java:lambda$startDaemon$0(492)) - Ozone container server started.
2022-06-24 23:46:15,220 [Listener at 127.0.0.1/34097] INFO  ozone.HddsDatanodeService (HddsDatanodeService.java:start(236)) - HddsDatanodeService host:fv-az21-224.v4iizcarkezebbfea14bcgzyke.bx.internal.cloudapp.net ip:10.1.0.24
2022-06-24 23:46:15,267 [Listener at 127.0.0.1/34097] INFO  upgrade.AbstractLayoutVersionManager (AbstractLayoutVersionManager.java:init(82)) - Initializing Layout version manager with metadata layout = DATANODE_SCHEMA_V3 (version = 4), software layout = DATANODE_SCHEMA_V3 (version = 4)
2022-06-24 23:46:15,289 [org.apache.hadoop.util.JvmPauseMonitor$Monitor@9395d90] INFO  util.JvmPauseMonitor (JvmPauseMonitor.java:run(188)) - Starting JVM pause monitor
2022-06-24 23:46:15,300 [Datanode State Machine Task Thread - 0] INFO  datanode.InitDatanodeState (InitDatanodeState.java:persistContainerDatanodeDetails(138)) - DatanodeDetails is persisted to /home/runner/work/ozone/ozone/hadoop-ozone/integration-test/target/test-dir/MiniOzoneClusterImpl-1c97b964-6e84-44a1-9571-366444e105f6/datanode-3/meta/datanode.id
2022-06-24 23:46:15,349 [Listener at 127.0.0.1/34097] INFO  reflections.Reflections (Reflections.java:scan(232)) - Reflections took 70 ms to scan 7 urls, producing 131 keys and 316 values 
2022-06-24 23:46:15,350 [Listener at 127.0.0.1/34097] INFO  statemachine.DatanodeStateMachine (DatanodeStateMachine.java:getEndPointTaskThreadPoolSize(237)) - Datanode State Machine Task Thread Pool size 2
2022-06-24 23:46:15,352 [Listener at 127.0.0.1/34097] INFO  volume.HddsVolume (HddsVolume.java:<init>(116)) - Creating HddsVolume: /home/runner/work/ozone/ozone/hadoop-ozone/integration-test/target/test-dir/MiniOzoneClusterImpl-1c97b964-6e84-44a1-9571-366444e105f6/datanode-4/data-0/containers/hdds of storage type : DISK capacity : 9223372036854775807
2022-06-24 23:46:15,352 [Listener at 127.0.0.1/34097] INFO  volume.MutableVolumeSet (MutableVolumeSet.java:initializeVolumeSet(174)) - Added Volume : /home/runner/work/ozone/ozone/hadoop-ozone/integration-test/target/test-dir/MiniOzoneClusterImpl-1c97b964-6e84-44a1-9571-366444e105f6/datanode-4/data-0/containers/hdds to VolumeSet
2022-06-24 23:46:15,352 [Listener at 127.0.0.1/34097] INFO  volume.ThrottledAsyncChecker (ThrottledAsyncChecker.java:schedule(141)) - Scheduling a check for /home/runner/work/ozone/ozone/hadoop-ozone/integration-test/target/test-dir/MiniOzoneClusterImpl-1c97b964-6e84-44a1-9571-366444e105f6/datanode-4/data-0/containers/hdds
2022-06-24 23:46:15,353 [Listener at 127.0.0.1/34097] INFO  volume.StorageVolumeChecker (StorageVolumeChecker.java:checkAllVolumes(202)) - Scheduled health check for volume /home/runner/work/ozone/ozone/hadoop-ozone/integration-test/target/test-dir/MiniOzoneClusterImpl-1c97b964-6e84-44a1-9571-366444e105f6/datanode-4/data-0/containers/hdds
2022-06-24 23:46:15,365 [Listener at 127.0.0.1/34097] INFO  volume.MutableVolumeSet (MutableVolumeSet.java:initializeVolumeSet(174)) - Added Volume : /home/runner/work/ozone/ozone/hadoop-ozone/integration-test/target/test-dir/MiniOzoneClusterImpl-1c97b964-6e84-44a1-9571-366444e105f6/datanode-4/data/ratis to VolumeSet
2022-06-24 23:46:15,365 [Listener at 127.0.0.1/34097] INFO  volume.ThrottledAsyncChecker (ThrottledAsyncChecker.java:schedule(141)) - Scheduling a check for /home/runner/work/ozone/ozone/hadoop-ozone/integration-test/target/test-dir/MiniOzoneClusterImpl-1c97b964-6e84-44a1-9571-366444e105f6/datanode-4/data/ratis
2022-06-24 23:46:15,365 [Listener at 127.0.0.1/34097] INFO  volume.StorageVolumeChecker (StorageVolumeChecker.java:checkAllVolumes(202)) - Scheduled health check for volume /home/runner/work/ozone/ozone/hadoop-ozone/integration-test/target/test-dir/MiniOzoneClusterImpl-1c97b964-6e84-44a1-9571-366444e105f6/datanode-4/data/ratis
2022-06-24 23:46:15,376 [Thread-633] INFO  ozoneimpl.ContainerReader (ContainerReader.java:readVolume(172)) - Finish verifying containers on volume /home/runner/work/ozone/ozone/hadoop-ozone/integration-test/target/test-dir/MiniOzoneClusterImpl-1c97b964-6e84-44a1-9571-366444e105f6/datanode-4/data-0/containers/hdds
2022-06-24 23:46:15,376 [Listener at 127.0.0.1/34097] INFO  ozoneimpl.OzoneContainer (OzoneContainer.java:buildContainerSet(266)) - Build ContainerSet costs 0s
2022-06-24 23:46:15,378 [Listener at 127.0.0.1/34097] INFO  server.RaftServer (ConfUtils.java:logGet(46)) - raft.rpc.type = GRPC (default)
2022-06-24 23:46:15,378 [Listener at 127.0.0.1/34097] INFO  grpc.GrpcFactory (GrpcFactory.java:checkPooledByteBufAllocatorUseCacheForAllThreads(48)) - PERFORMANCE WARNING: useCacheForAllThreads is true that may cause Netty to create a lot garbage objects and, as a result, trigger GC.
	It is recommended to disable useCacheForAllThreads by setting -Dorg.apache.ratis.thirdparty.io.netty.allocator.useCacheForAllThreads=false in command line.
2022-06-24 23:46:15,378 [Listener at 127.0.0.1/34097] INFO  grpc.GrpcConfigKeys (ConfUtils.java:logGet(46)) - raft.grpc.admin.port = 0 (custom)
2022-06-24 23:46:15,378 [Listener at 127.0.0.1/34097] INFO  grpc.GrpcConfigKeys (ConfUtils.java:logGet(46)) - raft.grpc.client.port = 0 (custom)
2022-06-24 23:46:15,378 [Listener at 127.0.0.1/34097] INFO  grpc.GrpcConfigKeys (ConfUtils.java:logGet(46)) - raft.grpc.server.port = 0 (default)
2022-06-24 23:46:15,378 [Listener at 127.0.0.1/34097] INFO  server.GrpcService (ConfUtils.java:logGet(46)) - raft.grpc.message.size.max = 32MB (=33554432) (custom)
2022-06-24 23:46:15,378 [Listener at 127.0.0.1/34097] INFO  server.RaftServerConfigKeys (ConfUtils.java:logGet(46)) - raft.server.log.appender.buffer.byte-limit = 33554432 (custom)
2022-06-24 23:46:15,378 [Listener at 127.0.0.1/34097] INFO  server.GrpcService (ConfUtils.java:logGet(46)) - raft.grpc.flow.control.window = 5MB (=5242880) (custom)
2022-06-24 23:46:15,379 [Listener at 127.0.0.1/34097] INFO  server.RaftServerConfigKeys (ConfUtils.java:logGet(46)) - raft.server.rpc.request.timeout = 60s (custom)
2022-06-24 23:46:15,379 [Listener at 127.0.0.1/34097] INFO  grpc.GrpcConfigKeys (ConfUtils.java:logGet(46)) - raft.grpc.server.async.request.thread.pool.cached = true (default)
2022-06-24 23:46:15,379 [Listener at 127.0.0.1/34097] INFO  grpc.GrpcConfigKeys (ConfUtils.java:logGet(46)) - raft.grpc.server.async.request.thread.pool.size = 32 (default)
2022-06-24 23:46:15,384 [Listener at 127.0.0.1/34097] INFO  impl.DataStreamServerImpl (ConfUtils.java:logGet(46)) - raft.datastream.type = DISABLED (default)
2022-06-24 23:46:15,384 [Listener at 127.0.0.1/34097] INFO  server.RaftServerConfigKeys (ConfUtils.java:logGet(46)) - raft.server.threadpool.proxy.cached = true (default)
2022-06-24 23:46:15,384 [Listener at 127.0.0.1/34097] INFO  server.RaftServerConfigKeys (ConfUtils.java:logGet(46)) - raft.server.threadpool.proxy.size = 0 (default)
2022-06-24 23:46:15,384 [Listener at 127.0.0.1/34097] INFO  server.RaftServerConfigKeys (ConfUtils.java:logGet(46)) - raft.server.rpc.slowness.timeout = 300s (custom)
2022-06-24 23:46:15,385 [Listener at 127.0.0.1/34097] INFO  server.RaftServerConfigKeys (ConfUtils.java:logGet(46)) - raft.server.leaderelection.leader.step-down.wait-time = 10s (default)
2022-06-24 23:46:15,385 [Listener at 127.0.0.1/34097] INFO  server.RaftServerConfigKeys (ConfUtils.java:logGet(46)) - raft.server.storage.dir = [/home/runner/work/ozone/ozone/hadoop-ozone/integration-test/target/test-dir/MiniOzoneClusterImpl-1c97b964-6e84-44a1-9571-366444e105f6/datanode-4/data/ratis] (custom)
2022-06-24 23:46:15,386 [Listener at 127.0.0.1/34097] INFO  server.XceiverServerGrpc (XceiverServerGrpc.java:<init>(132)) - GrpcServer channel type EpollServerSocketChannel
2022-06-24 23:46:15,389 [Listener at 127.0.0.1/34097] INFO  http.BaseHttpServer (BaseHttpServer.java:newHttpServer2BuilderForOzone(209)) - Starting Web-server for hddsDatanode at: http://0.0.0.0:0
2022-06-24 23:46:15,389 [Listener at 127.0.0.1/34097] INFO  http.BaseHttpServer (BaseHttpServer.java:<init>(107)) - Hadoop Security Enabled: false Ozone Security Enabled: false Ozone HTTP Security Enabled: false 
2022-06-24 23:46:15,390 [Listener at 127.0.0.1/34097] INFO  server.AuthenticationFilter (AuthenticationFilter.java:constructSecretProvider(240)) - Unable to initialize FileSignerSecretProvider, falling back to use random secrets.
2022-06-24 23:46:15,395 [Listener at 127.0.0.1/34097] WARN  http.HttpRequestLog (HttpRequestLog.java:getRequestLog(103)) - Jetty request log can only be enabled using Log4j
2022-06-24 23:46:15,396 [Listener at 127.0.0.1/34097] INFO  http.HttpServer2 (HttpServer2.java:addGlobalFilter(1029)) - Added global filter 'safety' (class=org.apache.hadoop.hdds.server.http.HttpServer2$QuotingInputFilter)
2022-06-24 23:46:15,397 [Listener at 127.0.0.1/34097] INFO  http.HttpServer2 (HttpServer2.java:addFilter(1005)) - Added filter static_user_filter (class=org.apache.hadoop.http.lib.StaticUserWebFilter$StaticUserFilter) to context hddsDatanode
2022-06-24 23:46:15,397 [Listener at 127.0.0.1/34097] INFO  http.HttpServer2 (HttpServer2.java:addFilter(1013)) - Added filter static_user_filter (class=org.apache.hadoop.http.lib.StaticUserWebFilter$StaticUserFilter) to context logs
2022-06-24 23:46:15,397 [Listener at 127.0.0.1/34097] INFO  http.HttpServer2 (HttpServer2.java:addFilter(1013)) - Added filter static_user_filter (class=org.apache.hadoop.http.lib.StaticUserWebFilter$StaticUserFilter) to context static
2022-06-24 23:46:15,398 [Listener at 127.0.0.1/34097] INFO  http.HttpServer2 (HttpServer2.java:bindListener(1248)) - Jetty bound to port 46093
2022-06-24 23:46:15,398 [Listener at 127.0.0.1/34097] INFO  server.Server (Server.java:doStart(375)) - jetty-9.4.43.v20210629; built: 2021-06-30T11:07:22.254Z; git: 526006ecfa3af7f1a27ef3a288e2bef7ea9dd7e8; jvm 1.8.0_332-b09
2022-06-24 23:46:15,435 [Listener at 127.0.0.1/34097] INFO  server.session (DefaultSessionIdManager.java:doStart(334)) - DefaultSessionIdManager workerName=node0
2022-06-24 23:46:15,435 [Listener at 127.0.0.1/34097] INFO  server.session (DefaultSessionIdManager.java:doStart(339)) - No SessionScavenger set, using defaults
2022-06-24 23:46:15,435 [Listener at 127.0.0.1/34097] INFO  server.session (HouseKeeper.java:startScavenging(132)) - node0 Scavenging every 600000ms
2022-06-24 23:46:15,436 [Listener at 127.0.0.1/34097] INFO  handler.ContextHandler (ContextHandler.java:doStart(915)) - Started o.e.j.s.ServletContextHandler@7fea956b{logs,/logs,file:///home/runner/work/ozone/ozone/hadoop-ozone/integration-test/target/log,AVAILABLE}
2022-06-24 23:46:15,436 [Listener at 127.0.0.1/34097] INFO  handler.ContextHandler (ContextHandler.java:doStart(915)) - Started o.e.j.s.ServletContextHandler@2d55df70{static,/static,jar:file:/home/runner/.m2/repository/org/apache/ozone/hdds-container-service/1.3.0-SNAPSHOT/hdds-container-service-1.3.0-SNAPSHOT.jar!/webapps/static,AVAILABLE}
2022-06-24 23:46:15,777 [Listener at 127.0.0.1/34097] INFO  handler.ContextHandler (ContextHandler.java:doStart(915)) - Started o.e.j.w.WebAppContext@7d3304f0{hddsDatanode,/,file:///tmp/jetty-0_0_0_0-46093-hdds-container-service-1_3_0-SNAPSHOT_jar-_-any-1041483085419329972/webapp/,AVAILABLE}{jar:file:/home/runner/.m2/repository/org/apache/ozone/hdds-container-service/1.3.0-SNAPSHOT/hdds-container-service-1.3.0-SNAPSHOT.jar!/webapps/hddsDatanode}
2022-06-24 23:46:15,787 [Listener at 127.0.0.1/34097] INFO  server.AbstractConnector (AbstractConnector.java:doStart(331)) - Started ServerConnector@57ac128c{HTTP/1.1, (http/1.1)}{0.0.0.0:46093}
2022-06-24 23:46:15,787 [Listener at 127.0.0.1/34097] INFO  server.Server (Server.java:doStart(415)) - Started @89367ms
2022-06-24 23:46:15,789 [Listener at 127.0.0.1/34097] WARN  impl.MetricsSystemImpl (MetricsSystemImpl.java:register(279)) - Sink prometheus already exists!
2022-06-24 23:46:15,793 [Listener at 127.0.0.1/34097] INFO  http.BaseHttpServer (BaseHttpServer.java:updateConnectorAddress(329)) - HTTP server of hddsDatanode listening at http://0.0.0.0:46093
2022-06-24 23:46:15,798 [Listener at 127.0.0.1/34097] INFO  ozone.MiniOzoneClusterImpl (MiniOzoneClusterImpl.java:lambda$waitForClusterToBeReady$0(223)) - Waiting for nodes to be ready. Got 0 of 5 DN Heartbeats.
2022-06-24 23:46:15,799 [Listener at 127.0.0.1/34097] INFO  ozone.MiniOzoneClusterImpl (MiniOzoneClusterImpl.java:lambda$waitForClusterToBeReady$0(226)) - Waiting for cluster to exit safe mode
2022-06-24 23:46:15,799 [Listener at 127.0.0.1/34097] INFO  ozone.MiniOzoneClusterImpl (MiniOzoneClusterImpl.java:lambda$waitForClusterToBeReady$0(228)) - SCM became leader
2022-06-24 23:46:15,801 [Datanode State Machine Daemon Thread] INFO  statemachine.DatanodeStateMachine (DatanodeStateMachine.java:lambda$startDaemon$0(492)) - Ozone container server started.
2022-06-24 23:46:15,822 [EndpointStateMachine task thread for /0.0.0.0:44953 - 0 ] INFO  volume.HddsVolume (HddsVolume.java:createDbStore(309)) - SchemaV3 db is created and loaded at /home/runner/work/ozone/ozone/hadoop-ozone/integration-test/target/test-dir/MiniOzoneClusterImpl-1c97b964-6e84-44a1-9571-366444e105f6/datanode-1/data-0/containers/hdds/1c97b964-6e84-44a1-9571-366444e105f6/DS-bbedc14d-e0c2-436e-bd08-4ee5c82d251e/container.db for volume DS-bbedc14d-e0c2-436e-bd08-4ee5c82d251e
2022-06-24 23:46:15,852 [EndpointStateMachine task thread for /0.0.0.0:44953 - 0 ] INFO  volume.HddsVolume (HddsVolume.java:closeDbStore(340)) - SchemaV3 db is stopped at /home/runner/work/ozone/ozone/hadoop-ozone/integration-test/target/test-dir/MiniOzoneClusterImpl-1c97b964-6e84-44a1-9571-366444e105f6/datanode-1/data-0/containers/hdds/1c97b964-6e84-44a1-9571-366444e105f6/DS-bbedc14d-e0c2-436e-bd08-4ee5c82d251e/container.db for volume DS-bbedc14d-e0c2-436e-bd08-4ee5c82d251e
2022-06-24 23:46:15,852 [EndpointStateMachine task thread for /0.0.0.0:44953 - 0 ] INFO  ozoneimpl.OzoneContainer (OzoneContainer.java:start(344)) - Attempting to start container services.
2022-06-24 23:46:15,852 [EndpointStateMachine task thread for /0.0.0.0:44953 - 0 ] INFO  ozoneimpl.OzoneContainer (OzoneContainer.java:startContainerScrub(279)) - Background container scanner has been disabled.
2022-06-24 23:46:15,860 [EndpointStateMachine task thread for /0.0.0.0:44953 - 0 ] INFO  replication.ReplicationServer (ReplicationServer.java:start(111)) - ReplicationServer is started using port 45683
2022-06-24 23:46:15,861 [org.apache.hadoop.util.JvmPauseMonitor$Monitor@7021ecf8] INFO  util.JvmPauseMonitor (JvmPauseMonitor.java:run(188)) - Starting JVM pause monitor
2022-06-24 23:46:15,863 [EndpointStateMachine task thread for /0.0.0.0:44953 - 0 ] INFO  ratis.XceiverServerRatis (XceiverServerRatis.java:start(481)) - Starting XceiverServerRatis 8e270ae6-3b8a-4b8d-ba53-7f31af20a9eb
2022-06-24 23:46:15,883 [EndpointStateMachine task thread for /0.0.0.0:44953 - 0 ] INFO  server.RaftServer (RaftServerProxy.java:lambda$start$6(382)) - 8e270ae6-3b8a-4b8d-ba53-7f31af20a9eb: start RPC server
2022-06-24 23:46:15,895 [EndpointStateMachine task thread for /0.0.0.0:44953 - 0 ] INFO  server.GrpcService (GrpcService.java:startImpl(260)) - 8e270ae6-3b8a-4b8d-ba53-7f31af20a9eb: GrpcService started, listening on 34827
2022-06-24 23:46:15,895 [EndpointStateMachine task thread for /0.0.0.0:44953 - 0 ] INFO  ratis.XceiverServerRatis (XceiverServerRatis.java:getRealPort(502)) - XceiverServerRatis 8e270ae6-3b8a-4b8d-ba53-7f31af20a9eb is started using port 34827 for RATIS
2022-06-24 23:46:15,895 [EndpointStateMachine task thread for /0.0.0.0:44953 - 0 ] INFO  ratis.XceiverServerRatis (XceiverServerRatis.java:getRealPort(502)) - XceiverServerRatis 8e270ae6-3b8a-4b8d-ba53-7f31af20a9eb is started using port 34827 for RATIS_ADMIN
2022-06-24 23:46:15,895 [EndpointStateMachine task thread for /0.0.0.0:44953 - 0 ] INFO  ratis.XceiverServerRatis (XceiverServerRatis.java:getRealPort(502)) - XceiverServerRatis 8e270ae6-3b8a-4b8d-ba53-7f31af20a9eb is started using port 34827 for RATIS_SERVER
2022-06-24 23:46:15,895 [org.apache.ratis.util.JvmPauseMonitor$$Lambda$627/395666382@73366db2] INFO  util.JvmPauseMonitor (JvmPauseMonitor.java:run(103)) - JvmPauseMonitor-8e270ae6-3b8a-4b8d-ba53-7f31af20a9eb: Started
2022-06-24 23:46:15,896 [Datanode State Machine Task Thread - 0] INFO  datanode.InitDatanodeState (InitDatanodeState.java:persistContainerDatanodeDetails(138)) - DatanodeDetails is persisted to /home/runner/work/ozone/ozone/hadoop-ozone/integration-test/target/test-dir/MiniOzoneClusterImpl-1c97b964-6e84-44a1-9571-366444e105f6/datanode-4/meta/datanode.id
2022-06-24 23:46:15,922 [EndpointStateMachine task thread for /0.0.0.0:44953 - 0 ] INFO  server.XceiverServerGrpc (XceiverServerGrpc.java:start(180)) - XceiverServerGrpc 8e270ae6-3b8a-4b8d-ba53-7f31af20a9eb is started using port 37589
2022-06-24 23:46:16,570 [EndpointStateMachine task thread for /0.0.0.0:44953 - 0 ] INFO  volume.HddsVolume (HddsVolume.java:createDbStore(309)) - SchemaV3 db is created and loaded at /home/runner/work/ozone/ozone/hadoop-ozone/integration-test/target/test-dir/MiniOzoneClusterImpl-1c97b964-6e84-44a1-9571-366444e105f6/datanode-2/data-0/containers/hdds/1c97b964-6e84-44a1-9571-366444e105f6/DS-be367734-4a8d-448f-b454-16302a6761f3/container.db for volume DS-be367734-4a8d-448f-b454-16302a6761f3
2022-06-24 23:46:16,570 [EndpointStateMachine task thread for /0.0.0.0:44953 - 0 ] INFO  volume.HddsVolume (HddsVolume.java:closeDbStore(340)) - SchemaV3 db is stopped at /home/runner/work/ozone/ozone/hadoop-ozone/integration-test/target/test-dir/MiniOzoneClusterImpl-1c97b964-6e84-44a1-9571-366444e105f6/datanode-2/data-0/containers/hdds/1c97b964-6e84-44a1-9571-366444e105f6/DS-be367734-4a8d-448f-b454-16302a6761f3/container.db for volume DS-be367734-4a8d-448f-b454-16302a6761f3
2022-06-24 23:46:16,571 [EndpointStateMachine task thread for /0.0.0.0:44953 - 0 ] INFO  ozoneimpl.OzoneContainer (OzoneContainer.java:start(344)) - Attempting to start container services.
2022-06-24 23:46:16,571 [EndpointStateMachine task thread for /0.0.0.0:44953 - 0 ] INFO  ozoneimpl.OzoneContainer (OzoneContainer.java:startContainerScrub(279)) - Background container scanner has been disabled.
2022-06-24 23:46:16,577 [EndpointStateMachine task thread for /0.0.0.0:44953 - 0 ] INFO  replication.ReplicationServer (ReplicationServer.java:start(111)) - ReplicationServer is started using port 37633
2022-06-24 23:46:16,583 [EndpointStateMachine task thread for /0.0.0.0:44953 - 0 ] INFO  ratis.XceiverServerRatis (XceiverServerRatis.java:start(481)) - Starting XceiverServerRatis d25249de-707f-41fb-b0bd-e849b78f575c
2022-06-24 23:46:16,594 [EndpointStateMachine task thread for /0.0.0.0:44953 - 0 ] INFO  server.RaftServer (RaftServerProxy.java:lambda$start$6(382)) - d25249de-707f-41fb-b0bd-e849b78f575c: start RPC server
2022-06-24 23:46:16,609 [EndpointStateMachine task thread for /0.0.0.0:44953 - 0 ] INFO  server.GrpcService (GrpcService.java:startImpl(260)) - d25249de-707f-41fb-b0bd-e849b78f575c: GrpcService started, listening on 36285
2022-06-24 23:46:16,619 [EndpointStateMachine task thread for /0.0.0.0:44953 - 0 ] INFO  ratis.XceiverServerRatis (XceiverServerRatis.java:getRealPort(502)) - XceiverServerRatis d25249de-707f-41fb-b0bd-e849b78f575c is started using port 36285 for RATIS
2022-06-24 23:46:16,619 [EndpointStateMachine task thread for /0.0.0.0:44953 - 0 ] INFO  ratis.XceiverServerRatis (XceiverServerRatis.java:getRealPort(502)) - XceiverServerRatis d25249de-707f-41fb-b0bd-e849b78f575c is started using port 36285 for RATIS_ADMIN
2022-06-24 23:46:16,619 [EndpointStateMachine task thread for /0.0.0.0:44953 - 0 ] INFO  ratis.XceiverServerRatis (XceiverServerRatis.java:getRealPort(502)) - XceiverServerRatis d25249de-707f-41fb-b0bd-e849b78f575c is started using port 36285 for RATIS_SERVER
2022-06-24 23:46:16,619 [org.apache.ratis.util.JvmPauseMonitor$$Lambda$627/395666382@43e7c82e] INFO  util.JvmPauseMonitor (JvmPauseMonitor.java:run(103)) - JvmPauseMonitor-d25249de-707f-41fb-b0bd-e849b78f575c: Started
2022-06-24 23:46:16,657 [EndpointStateMachine task thread for /0.0.0.0:44953 - 0 ] INFO  server.XceiverServerGrpc (XceiverServerGrpc.java:start(180)) - XceiverServerGrpc d25249de-707f-41fb-b0bd-e849b78f575c is started using port 45851
2022-06-24 23:46:16,799 [Listener at 127.0.0.1/34097] INFO  ozone.MiniOzoneClusterImpl (MiniOzoneClusterImpl.java:lambda$waitForClusterToBeReady$0(223)) - Waiting for nodes to be ready. Got 0 of 5 DN Heartbeats.
2022-06-24 23:46:16,799 [Listener at 127.0.0.1/34097] INFO  ozone.MiniOzoneClusterImpl (MiniOzoneClusterImpl.java:lambda$waitForClusterToBeReady$0(226)) - Waiting for cluster to exit safe mode
2022-06-24 23:46:16,799 [Listener at 127.0.0.1/34097] INFO  ozone.MiniOzoneClusterImpl (MiniOzoneClusterImpl.java:lambda$waitForClusterToBeReady$0(228)) - SCM became leader
2022-06-24 23:46:16,950 [IPC Server handler 2 on default port 44953] INFO  net.NetworkTopologyImpl (NetworkTopologyImpl.java:add(112)) - Added a new node: /default-rack/c8d3b1b7-e2cb-467c-92f2-e834465c7bf5
2022-06-24 23:46:16,950 [IPC Server handler 2 on default port 44953] INFO  node.SCMNodeManager (SCMNodeManager.java:register(397)) - Registered Data node : c8d3b1b7-e2cb-467c-92f2-e834465c7bf5{ip: 10.1.0.24, host: fv-az21-224.v4iizcarkezebbfea14bcgzyke.bx.internal.cloudapp.net, ports: [REPLICATION=37931, RATIS=45959, RATIS_ADMIN=45959, RATIS_SERVER=45959, STANDALONE=34671], networkLocation: /default-rack, certSerialId: null, persistedOpState: null, persistedOpStateExpiryEpochSec: 0}
2022-06-24 23:46:16,955 [EventQueue-NodeRegistrationContainerReportForContainerSafeModeRule] INFO  safemode.SCMSafeModeManager (SCMSafeModeManager.java:validateSafeModeExitRules(204)) - ContainerSafeModeRule rule is successfully validated
2022-06-24 23:46:16,956 [EventQueue-NodeRegistrationContainerReportForDataNodeSafeModeRule] INFO  safemode.SCMSafeModeManager (DataNodeSafeModeRule.java:process(71)) - SCM in safe mode. 1 DataNodes registered, 3 required.
2022-06-24 23:46:16,965 [EventQueue-NewNodeForNewNodeHandler] INFO  pipeline.BackgroundPipelineCreator (BackgroundPipelineCreator.java:notifyEventTriggered(275)) - trigger a one-shot run on RatisPipelineUtilsThread.
2022-06-24 23:46:16,965 [RatisPipelineUtilsThread - 0] INFO  pipeline.RatisPipelineProvider (RatisPipelineProvider.java:lambda$create$0(195)) - Sending CreatePipelineCommand for pipeline:PipelineID=c331adb0-60d7-441a-ad63-53e7d689c16e to datanode:c8d3b1b7-e2cb-467c-92f2-e834465c7bf5
2022-06-24 23:46:16,966 [EventQueue-PipelineReportForOneReplicaPipelineSafeModeRule] INFO  safemode.SCMSafeModeManager (SCMSafeModeManager.java:validateSafeModeExitRules(204)) - AtleastOneDatanodeReportedRule rule is successfully validated
2022-06-24 23:46:16,966 [RatisPipelineUtilsThread - 0] INFO  pipeline.PipelineStateManagerImpl (PipelineStateManagerImpl.java:addPipeline(101)) - Created pipeline Pipeline[ Id: c331adb0-60d7-441a-ad63-53e7d689c16e, Nodes: c8d3b1b7-e2cb-467c-92f2-e834465c7bf5{ip: 10.1.0.24, host: fv-az21-224.v4iizcarkezebbfea14bcgzyke.bx.internal.cloudapp.net, ports: [REPLICATION=37931, RATIS=45959, RATIS_ADMIN=45959, RATIS_SERVER=45959, STANDALONE=34671], networkLocation: /default-rack, certSerialId: null, persistedOpState: IN_SERVICE, persistedOpStateExpiryEpochSec: 0}, ReplicationConfig: RATIS/ONE, State:ALLOCATED, leaderId:, CreationTimestamp2022-06-24T23:46:16.965Z[Etc/UTC]].
2022-06-24 23:46:17,362 [EndpointStateMachine task thread for /0.0.0.0:44953 - 0 ] INFO  volume.HddsVolume (HddsVolume.java:createDbStore(309)) - SchemaV3 db is created and loaded at /home/runner/work/ozone/ozone/hadoop-ozone/integration-test/target/test-dir/MiniOzoneClusterImpl-1c97b964-6e84-44a1-9571-366444e105f6/datanode-3/data-0/containers/hdds/1c97b964-6e84-44a1-9571-366444e105f6/DS-ce37036d-2800-477b-a81b-629d6f03c7ff/container.db for volume DS-ce37036d-2800-477b-a81b-629d6f03c7ff
2022-06-24 23:46:17,364 [EndpointStateMachine task thread for /0.0.0.0:44953 - 0 ] INFO  volume.HddsVolume (HddsVolume.java:closeDbStore(340)) - SchemaV3 db is stopped at /home/runner/work/ozone/ozone/hadoop-ozone/integration-test/target/test-dir/MiniOzoneClusterImpl-1c97b964-6e84-44a1-9571-366444e105f6/datanode-3/data-0/containers/hdds/1c97b964-6e84-44a1-9571-366444e105f6/DS-ce37036d-2800-477b-a81b-629d6f03c7ff/container.db for volume DS-ce37036d-2800-477b-a81b-629d6f03c7ff
2022-06-24 23:46:17,364 [EndpointStateMachine task thread for /0.0.0.0:44953 - 0 ] INFO  ozoneimpl.OzoneContainer (OzoneContainer.java:start(344)) - Attempting to start container services.
2022-06-24 23:46:17,364 [EndpointStateMachine task thread for /0.0.0.0:44953 - 0 ] INFO  ozoneimpl.OzoneContainer (OzoneContainer.java:startContainerScrub(279)) - Background container scanner has been disabled.
2022-06-24 23:46:17,378 [EndpointStateMachine task thread for /0.0.0.0:44953 - 0 ] INFO  replication.ReplicationServer (ReplicationServer.java:start(111)) - ReplicationServer is started using port 40033
2022-06-24 23:46:17,395 [EndpointStateMachine task thread for /0.0.0.0:44953 - 0 ] INFO  ratis.XceiverServerRatis (XceiverServerRatis.java:start(481)) - Starting XceiverServerRatis aa2ccac3-0f7f-4c15-9b2c-c814dca127e1
2022-06-24 23:46:17,413 [EndpointStateMachine task thread for /0.0.0.0:44953 - 0 ] INFO  server.RaftServer (RaftServerProxy.java:lambda$start$6(382)) - aa2ccac3-0f7f-4c15-9b2c-c814dca127e1: start RPC server
2022-06-24 23:46:17,417 [EndpointStateMachine task thread for /0.0.0.0:44953 - 0 ] INFO  server.GrpcService (GrpcService.java:startImpl(260)) - aa2ccac3-0f7f-4c15-9b2c-c814dca127e1: GrpcService started, listening on 36121
2022-06-24 23:46:17,417 [EndpointStateMachine task thread for /0.0.0.0:44953 - 0 ] INFO  ratis.XceiverServerRatis (XceiverServerRatis.java:getRealPort(502)) - XceiverServerRatis aa2ccac3-0f7f-4c15-9b2c-c814dca127e1 is started using port 36121 for RATIS
2022-06-24 23:46:17,417 [EndpointStateMachine task thread for /0.0.0.0:44953 - 0 ] INFO  ratis.XceiverServerRatis (XceiverServerRatis.java:getRealPort(502)) - XceiverServerRatis aa2ccac3-0f7f-4c15-9b2c-c814dca127e1 is started using port 36121 for RATIS_ADMIN
2022-06-24 23:46:17,417 [EndpointStateMachine task thread for /0.0.0.0:44953 - 0 ] INFO  ratis.XceiverServerRatis (XceiverServerRatis.java:getRealPort(502)) - XceiverServerRatis aa2ccac3-0f7f-4c15-9b2c-c814dca127e1 is started using port 36121 for RATIS_SERVER
2022-06-24 23:46:17,417 [org.apache.ratis.util.JvmPauseMonitor$$Lambda$627/395666382@699d3147] INFO  util.JvmPauseMonitor (JvmPauseMonitor.java:run(103)) - JvmPauseMonitor-aa2ccac3-0f7f-4c15-9b2c-c814dca127e1: Started
2022-06-24 23:46:17,441 [EndpointStateMachine task thread for /0.0.0.0:44953 - 0 ] INFO  server.XceiverServerGrpc (XceiverServerGrpc.java:start(180)) - XceiverServerGrpc aa2ccac3-0f7f-4c15-9b2c-c814dca127e1 is started using port 46401
2022-06-24 23:46:17,715 [IPC Server handler 0 on default port 44953] INFO  net.NetworkTopologyImpl (NetworkTopologyImpl.java:add(112)) - Added a new node: /default-rack/8e270ae6-3b8a-4b8d-ba53-7f31af20a9eb
2022-06-24 23:46:17,716 [IPC Server handler 0 on default port 44953] INFO  node.SCMNodeManager (SCMNodeManager.java:register(397)) - Registered Data node : 8e270ae6-3b8a-4b8d-ba53-7f31af20a9eb{ip: 10.1.0.24, host: fv-az21-224.v4iizcarkezebbfea14bcgzyke.bx.internal.cloudapp.net, ports: [REPLICATION=45683, RATIS=34827, RATIS_ADMIN=34827, RATIS_SERVER=34827, STANDALONE=37589], networkLocation: /default-rack, certSerialId: null, persistedOpState: null, persistedOpStateExpiryEpochSec: 0}
2022-06-24 23:46:17,716 [EventQueue-NewNodeForNewNodeHandler] INFO  pipeline.BackgroundPipelineCreator (BackgroundPipelineCreator.java:notifyEventTriggered(275)) - trigger a one-shot run on RatisPipelineUtilsThread.
2022-06-24 23:46:17,731 [EventQueue-NodeRegistrationContainerReportForDataNodeSafeModeRule] INFO  safemode.SCMSafeModeManager (DataNodeSafeModeRule.java:process(71)) - SCM in safe mode. 2 DataNodes registered, 3 required.
2022-06-24 23:46:17,732 [RatisPipelineUtilsThread - 0] INFO  pipeline.RatisPipelineProvider (RatisPipelineProvider.java:lambda$create$0(195)) - Sending CreatePipelineCommand for pipeline:PipelineID=67918bad-d837-4ce7-8acf-8418d65a5c39 to datanode:8e270ae6-3b8a-4b8d-ba53-7f31af20a9eb
2022-06-24 23:46:17,733 [RatisPipelineUtilsThread - 0] INFO  pipeline.PipelineStateManagerImpl (PipelineStateManagerImpl.java:addPipeline(101)) - Created pipeline Pipeline[ Id: 67918bad-d837-4ce7-8acf-8418d65a5c39, Nodes: 8e270ae6-3b8a-4b8d-ba53-7f31af20a9eb{ip: 10.1.0.24, host: fv-az21-224.v4iizcarkezebbfea14bcgzyke.bx.internal.cloudapp.net, ports: [REPLICATION=45683, RATIS=34827, RATIS_ADMIN=34827, RATIS_SERVER=34827, STANDALONE=37589], networkLocation: /default-rack, certSerialId: null, persistedOpState: IN_SERVICE, persistedOpStateExpiryEpochSec: 0}, ReplicationConfig: RATIS/ONE, State:ALLOCATED, leaderId:, CreationTimestamp2022-06-24T23:46:17.732Z[Etc/UTC]].
2022-06-24 23:46:17,800 [Listener at 127.0.0.1/34097] INFO  ozone.MiniOzoneClusterImpl (MiniOzoneClusterImpl.java:lambda$waitForClusterToBeReady$0(223)) - Waiting for nodes to be ready. Got 2 of 5 DN Heartbeats.
2022-06-24 23:46:17,800 [Listener at 127.0.0.1/34097] INFO  ozone.MiniOzoneClusterImpl (MiniOzoneClusterImpl.java:lambda$waitForClusterToBeReady$0(226)) - Waiting for cluster to exit safe mode
2022-06-24 23:46:17,800 [Listener at 127.0.0.1/34097] INFO  ozone.MiniOzoneClusterImpl (MiniOzoneClusterImpl.java:lambda$waitForClusterToBeReady$0(228)) - SCM became leader
2022-06-24 23:46:17,926 [EndpointStateMachine task thread for /0.0.0.0:44953 - 0 ] INFO  volume.HddsVolume (HddsVolume.java:createDbStore(309)) - SchemaV3 db is created and loaded at /home/runner/work/ozone/ozone/hadoop-ozone/integration-test/target/test-dir/MiniOzoneClusterImpl-1c97b964-6e84-44a1-9571-366444e105f6/datanode-4/data-0/containers/hdds/1c97b964-6e84-44a1-9571-366444e105f6/DS-5440af7f-d810-4dcb-9ffe-a41c5f1e1c9a/container.db for volume DS-5440af7f-d810-4dcb-9ffe-a41c5f1e1c9a
2022-06-24 23:46:17,927 [EndpointStateMachine task thread for /0.0.0.0:44953 - 0 ] INFO  volume.HddsVolume (HddsVolume.java:closeDbStore(340)) - SchemaV3 db is stopped at /home/runner/work/ozone/ozone/hadoop-ozone/integration-test/target/test-dir/MiniOzoneClusterImpl-1c97b964-6e84-44a1-9571-366444e105f6/datanode-4/data-0/containers/hdds/1c97b964-6e84-44a1-9571-366444e105f6/DS-5440af7f-d810-4dcb-9ffe-a41c5f1e1c9a/container.db for volume DS-5440af7f-d810-4dcb-9ffe-a41c5f1e1c9a
2022-06-24 23:46:17,927 [EndpointStateMachine task thread for /0.0.0.0:44953 - 0 ] INFO  ozoneimpl.OzoneContainer (OzoneContainer.java:start(344)) - Attempting to start container services.
2022-06-24 23:46:17,927 [EndpointStateMachine task thread for /0.0.0.0:44953 - 0 ] INFO  ozoneimpl.OzoneContainer (OzoneContainer.java:startContainerScrub(279)) - Background container scanner has been disabled.
2022-06-24 23:46:17,943 [EndpointStateMachine task thread for /0.0.0.0:44953 - 0 ] INFO  replication.ReplicationServer (ReplicationServer.java:start(111)) - ReplicationServer is started using port 33797
2022-06-24 23:46:17,945 [EndpointStateMachine task thread for /0.0.0.0:44953 - 0 ] INFO  ratis.XceiverServerRatis (XceiverServerRatis.java:start(481)) - Starting XceiverServerRatis bc644b0c-0e4b-489d-a6ba-eb86566737d4
2022-06-24 23:46:17,945 [EndpointStateMachine task thread for /0.0.0.0:44953 - 0 ] INFO  server.RaftServer (RaftServerProxy.java:lambda$start$6(382)) - bc644b0c-0e4b-489d-a6ba-eb86566737d4: start RPC server
2022-06-24 23:46:17,953 [EndpointStateMachine task thread for /0.0.0.0:44953 - 0 ] INFO  server.GrpcService (GrpcService.java:startImpl(260)) - bc644b0c-0e4b-489d-a6ba-eb86566737d4: GrpcService started, listening on 41849
2022-06-24 23:46:17,953 [EndpointStateMachine task thread for /0.0.0.0:44953 - 0 ] INFO  ratis.XceiverServerRatis (XceiverServerRatis.java:getRealPort(502)) - XceiverServerRatis bc644b0c-0e4b-489d-a6ba-eb86566737d4 is started using port 41849 for RATIS
2022-06-24 23:46:17,953 [EndpointStateMachine task thread for /0.0.0.0:44953 - 0 ] INFO  ratis.XceiverServerRatis (XceiverServerRatis.java:getRealPort(502)) - XceiverServerRatis bc644b0c-0e4b-489d-a6ba-eb86566737d4 is started using port 41849 for RATIS_ADMIN
2022-06-24 23:46:17,953 [EndpointStateMachine task thread for /0.0.0.0:44953 - 0 ] INFO  ratis.XceiverServerRatis (XceiverServerRatis.java:getRealPort(502)) - XceiverServerRatis bc644b0c-0e4b-489d-a6ba-eb86566737d4 is started using port 41849 for RATIS_SERVER
2022-06-24 23:46:17,953 [org.apache.ratis.util.JvmPauseMonitor$$Lambda$627/395666382@32239ade] INFO  util.JvmPauseMonitor (JvmPauseMonitor.java:run(103)) - JvmPauseMonitor-bc644b0c-0e4b-489d-a6ba-eb86566737d4: Started
2022-06-24 23:46:17,973 [EndpointStateMachine task thread for /0.0.0.0:44953 - 0 ] INFO  server.XceiverServerGrpc (XceiverServerGrpc.java:start(180)) - XceiverServerGrpc bc644b0c-0e4b-489d-a6ba-eb86566737d4 is started using port 43015
2022-06-24 23:46:18,504 [IPC Server handler 4 on default port 44953] INFO  net.NetworkTopologyImpl (NetworkTopologyImpl.java:add(112)) - Added a new node: /default-rack/d25249de-707f-41fb-b0bd-e849b78f575c
2022-06-24 23:46:18,504 [IPC Server handler 4 on default port 44953] INFO  node.SCMNodeManager (SCMNodeManager.java:register(397)) - Registered Data node : d25249de-707f-41fb-b0bd-e849b78f575c{ip: 10.1.0.24, host: fv-az21-224.v4iizcarkezebbfea14bcgzyke.bx.internal.cloudapp.net, ports: [REPLICATION=37633, RATIS=36285, RATIS_ADMIN=36285, RATIS_SERVER=36285, STANDALONE=45851], networkLocation: /default-rack, certSerialId: null, persistedOpState: null, persistedOpStateExpiryEpochSec: 0}
2022-06-24 23:46:18,505 [EventQueue-NewNodeForNewNodeHandler] INFO  pipeline.BackgroundPipelineCreator (BackgroundPipelineCreator.java:notifyEventTriggered(275)) - trigger a one-shot run on RatisPipelineUtilsThread.
2022-06-24 23:46:18,510 [RatisPipelineUtilsThread - 0] INFO  pipeline.RatisPipelineProvider (RatisPipelineProvider.java:lambda$create$0(195)) - Sending CreatePipelineCommand for pipeline:PipelineID=20936ca7-b905-4cf0-ad86-04c2ab29a0cb to datanode:d25249de-707f-41fb-b0bd-e849b78f575c
2022-06-24 23:46:18,511 [RatisPipelineUtilsThread - 0] INFO  pipeline.PipelineStateManagerImpl (PipelineStateManagerImpl.java:addPipeline(101)) - Created pipeline Pipeline[ Id: 20936ca7-b905-4cf0-ad86-04c2ab29a0cb, Nodes: d25249de-707f-41fb-b0bd-e849b78f575c{ip: 10.1.0.24, host: fv-az21-224.v4iizcarkezebbfea14bcgzyke.bx.internal.cloudapp.net, ports: [REPLICATION=37633, RATIS=36285, RATIS_ADMIN=36285, RATIS_SERVER=36285, STANDALONE=45851], networkLocation: /default-rack, certSerialId: null, persistedOpState: IN_SERVICE, persistedOpStateExpiryEpochSec: 0}, ReplicationConfig: RATIS/ONE, State:ALLOCATED, leaderId:, CreationTimestamp2022-06-24T23:46:18.510Z[Etc/UTC]].
2022-06-24 23:46:18,511 [EventQueue-NodeRegistrationContainerReportForDataNodeSafeModeRule] INFO  safemode.SCMSafeModeManager (DataNodeSafeModeRule.java:process(71)) - SCM in safe mode. 3 DataNodes registered, 3 required.
2022-06-24 23:46:18,511 [EventQueue-NodeRegistrationContainerReportForDataNodeSafeModeRule] INFO  safemode.SCMSafeModeManager (SCMSafeModeManager.java:validateSafeModeExitRules(204)) - DataNodeSafeModeRule rule is successfully validated
2022-06-24 23:46:18,511 [EventQueue-NodeRegistrationContainerReportForDataNodeSafeModeRule] INFO  safemode.SCMSafeModeManager (SCMSafeModeManager.java:completePreCheck(233)) - All SCM safe mode pre check rules have passed
2022-06-24 23:46:18,511 [EventQueue-NodeRegistrationContainerReportForDataNodeSafeModeRule] WARN  events.EventQueue (EventQueue.java:fireEvent(216)) - No event handler registered for event TypedEvent{payloadType=SafeModeStatus, name='Safe mode status'}
2022-06-24 23:46:18,511 [EventQueue-NodeRegistrationContainerReportForDataNodeSafeModeRule] INFO  ha.SCMContext (SCMContext.java:updateSafeModeStatus(228)) - Update SafeModeStatus from SafeModeStatus{safeModeStatus=true, preCheckPassed=false} to SafeModeStatus{safeModeStatus=true, preCheckPassed=true}.
2022-06-24 23:46:18,511 [EventQueue-NodeRegistrationContainerReportForDataNodeSafeModeRule] INFO  pipeline.BackgroundPipelineCreator (BackgroundPipelineCreator.java:notifyEventTriggered(275)) - trigger a one-shot run on RatisPipelineUtilsThread.
2022-06-24 23:46:18,512 [RatisPipelineUtilsThread - 0] INFO  pipeline.RatisPipelineProvider (RatisPipelineProvider.java:lambda$create$0(195)) - Sending CreatePipelineCommand for pipeline:PipelineID=410ad4d1-ad0b-41c3-a567-523abdbb2f30 to datanode:c8d3b1b7-e2cb-467c-92f2-e834465c7bf5
2022-06-24 23:46:18,512 [RatisPipelineUtilsThread - 0] INFO  pipeline.RatisPipelineProvider (RatisPipelineProvider.java:lambda$create$0(195)) - Sending CreatePipelineCommand for pipeline:PipelineID=410ad4d1-ad0b-41c3-a567-523abdbb2f30 to datanode:d25249de-707f-41fb-b0bd-e849b78f575c
2022-06-24 23:46:18,512 [RatisPipelineUtilsThread - 0] INFO  pipeline.RatisPipelineProvider (RatisPipelineProvider.java:lambda$create$0(195)) - Sending CreatePipelineCommand for pipeline:PipelineID=410ad4d1-ad0b-41c3-a567-523abdbb2f30 to datanode:8e270ae6-3b8a-4b8d-ba53-7f31af20a9eb
2022-06-24 23:46:18,513 [RatisPipelineUtilsThread - 0] INFO  pipeline.PipelineStateManagerImpl (PipelineStateManagerImpl.java:addPipeline(101)) - Created pipeline Pipeline[ Id: 410ad4d1-ad0b-41c3-a567-523abdbb2f30, Nodes: c8d3b1b7-e2cb-467c-92f2-e834465c7bf5{ip: 10.1.0.24, host: fv-az21-224.v4iizcarkezebbfea14bcgzyke.bx.internal.cloudapp.net, ports: [REPLICATION=37931, RATIS=45959, RATIS_ADMIN=45959, RATIS_SERVER=45959, STANDALONE=34671], networkLocation: /default-rack, certSerialId: null, persistedOpState: IN_SERVICE, persistedOpStateExpiryEpochSec: 0}d25249de-707f-41fb-b0bd-e849b78f575c{ip: 10.1.0.24, host: fv-az21-224.v4iizcarkezebbfea14bcgzyke.bx.internal.cloudapp.net, ports: [REPLICATION=37633, RATIS=36285, RATIS_ADMIN=36285, RATIS_SERVER=36285, STANDALONE=45851], networkLocation: /default-rack, certSerialId: null, persistedOpState: IN_SERVICE, persistedOpStateExpiryEpochSec: 0}8e270ae6-3b8a-4b8d-ba53-7f31af20a9eb{ip: 10.1.0.24, host: fv-az21-224.v4iizcarkezebbfea14bcgzyke.bx.internal.cloudapp.net, ports: [REPLICATION=45683, RATIS=34827, RATIS_ADMIN=34827, RATIS_SERVER=34827, STANDALONE=37589], networkLocation: /default-rack, certSerialId: null, persistedOpState: IN_SERVICE, persistedOpStateExpiryEpochSec: 0}, ReplicationConfig: RATIS/THREE, State:ALLOCATED, leaderId:, CreationTimestamp2022-06-24T23:46:18.512Z[Etc/UTC]].
2022-06-24 23:46:18,513 [RatisPipelineUtilsThread - 0] INFO  pipeline.RatisPipelineProvider (RatisPipelineProvider.java:lambda$create$0(195)) - Sending CreatePipelineCommand for pipeline:PipelineID=9900d6f9-93af-45af-be90-2e3355f2685f to datanode:d25249de-707f-41fb-b0bd-e849b78f575c
2022-06-24 23:46:18,513 [RatisPipelineUtilsThread - 0] INFO  pipeline.RatisPipelineProvider (RatisPipelineProvider.java:lambda$create$0(195)) - Sending CreatePipelineCommand for pipeline:PipelineID=9900d6f9-93af-45af-be90-2e3355f2685f to datanode:c8d3b1b7-e2cb-467c-92f2-e834465c7bf5
2022-06-24 23:46:18,513 [RatisPipelineUtilsThread - 0] INFO  pipeline.RatisPipelineProvider (RatisPipelineProvider.java:lambda$create$0(195)) - Sending CreatePipelineCommand for pipeline:PipelineID=9900d6f9-93af-45af-be90-2e3355f2685f to datanode:8e270ae6-3b8a-4b8d-ba53-7f31af20a9eb
2022-06-24 23:46:18,513 [RatisPipelineUtilsThread - 0] INFO  pipeline.PipelineStateManagerImpl (PipelineStateManagerImpl.java:addPipeline(101)) - Created pipeline Pipeline[ Id: 9900d6f9-93af-45af-be90-2e3355f2685f, Nodes: d25249de-707f-41fb-b0bd-e849b78f575c{ip: 10.1.0.24, host: fv-az21-224.v4iizcarkezebbfea14bcgzyke.bx.internal.cloudapp.net, ports: [REPLICATION=37633, RATIS=36285, RATIS_ADMIN=36285, RATIS_SERVER=36285, STANDALONE=45851], networkLocation: /default-rack, certSerialId: null, persistedOpState: IN_SERVICE, persistedOpStateExpiryEpochSec: 0}c8d3b1b7-e2cb-467c-92f2-e834465c7bf5{ip: 10.1.0.24, host: fv-az21-224.v4iizcarkezebbfea14bcgzyke.bx.internal.cloudapp.net, ports: [REPLICATION=37931, RATIS=45959, RATIS_ADMIN=45959, RATIS_SERVER=45959, STANDALONE=34671], networkLocation: /default-rack, certSerialId: null, persistedOpState: IN_SERVICE, persistedOpStateExpiryEpochSec: 0}8e270ae6-3b8a-4b8d-ba53-7f31af20a9eb{ip: 10.1.0.24, host: fv-az21-224.v4iizcarkezebbfea14bcgzyke.bx.internal.cloudapp.net, ports: [REPLICATION=45683, RATIS=34827, RATIS_ADMIN=34827, RATIS_SERVER=34827, STANDALONE=37589], networkLocation: /default-rack, certSerialId: null, persistedOpState: IN_SERVICE, persistedOpStateExpiryEpochSec: 0}, ReplicationConfig: RATIS/THREE, State:ALLOCATED, leaderId:, CreationTimestamp2022-06-24T23:46:18.513Z[Etc/UTC]].
2022-06-24 23:46:18,514 [RatisPipelineUtilsThread - 0] INFO  pipeline.PipelineManagerImpl (PipelineManagerImpl.java:recordMetricsForPipeline(780)) - Pipeline: PipelineID=9900d6f9-93af-45af-be90-2e3355f2685f contains same datanodes as previous pipelines: PipelineID=410ad4d1-ad0b-41c3-a567-523abdbb2f30 nodeIds: d25249de-707f-41fb-b0bd-e849b78f575c, c8d3b1b7-e2cb-467c-92f2-e834465c7bf5, 8e270ae6-3b8a-4b8d-ba53-7f31af20a9eb
2022-06-24 23:46:18,801 [Listener at 127.0.0.1/34097] INFO  ozone.MiniOzoneClusterImpl (MiniOzoneClusterImpl.java:lambda$waitForClusterToBeReady$0(223)) - Waiting for nodes to be ready. Got 3 of 5 DN Heartbeats.
2022-06-24 23:46:18,801 [Listener at 127.0.0.1/34097] INFO  ozone.MiniOzoneClusterImpl (MiniOzoneClusterImpl.java:lambda$waitForClusterToBeReady$0(226)) - Waiting for cluster to exit safe mode
2022-06-24 23:46:18,801 [Listener at 127.0.0.1/34097] INFO  ozone.MiniOzoneClusterImpl (MiniOzoneClusterImpl.java:lambda$waitForClusterToBeReady$0(228)) - SCM became leader
2022-06-24 23:46:19,288 [IPC Server handler 5 on default port 44953] INFO  net.NetworkTopologyImpl (NetworkTopologyImpl.java:add(112)) - Added a new node: /default-rack/aa2ccac3-0f7f-4c15-9b2c-c814dca127e1
2022-06-24 23:46:19,288 [IPC Server handler 5 on default port 44953] INFO  node.SCMNodeManager (SCMNodeManager.java:register(397)) - Registered Data node : aa2ccac3-0f7f-4c15-9b2c-c814dca127e1{ip: 10.1.0.24, host: fv-az21-224.v4iizcarkezebbfea14bcgzyke.bx.internal.cloudapp.net, ports: [REPLICATION=40033, RATIS=36121, RATIS_ADMIN=36121, RATIS_SERVER=36121, STANDALONE=46401], networkLocation: /default-rack, certSerialId: null, persistedOpState: null, persistedOpStateExpiryEpochSec: 0}
2022-06-24 23:46:19,290 [EventQueue-NewNodeForNewNodeHandler] INFO  pipeline.BackgroundPipelineCreator (BackgroundPipelineCreator.java:notifyEventTriggered(275)) - trigger a one-shot run on RatisPipelineUtilsThread.
2022-06-24 23:46:19,290 [RatisPipelineUtilsThread - 0] INFO  pipeline.RatisPipelineProvider (RatisPipelineProvider.java:lambda$create$0(195)) - Sending CreatePipelineCommand for pipeline:PipelineID=8982bc99-82ef-4920-9d7b-5ad547b25bbc to datanode:aa2ccac3-0f7f-4c15-9b2c-c814dca127e1
2022-06-24 23:46:19,292 [RatisPipelineUtilsThread - 0] INFO  pipeline.PipelineStateManagerImpl (PipelineStateManagerImpl.java:addPipeline(101)) - Created pipeline Pipeline[ Id: 8982bc99-82ef-4920-9d7b-5ad547b25bbc, Nodes: aa2ccac3-0f7f-4c15-9b2c-c814dca127e1{ip: 10.1.0.24, host: fv-az21-224.v4iizcarkezebbfea14bcgzyke.bx.internal.cloudapp.net, ports: [REPLICATION=40033, RATIS=36121, RATIS_ADMIN=36121, RATIS_SERVER=36121, STANDALONE=46401], networkLocation: /default-rack, certSerialId: null, persistedOpState: IN_SERVICE, persistedOpStateExpiryEpochSec: 0}, ReplicationConfig: RATIS/ONE, State:ALLOCATED, leaderId:, CreationTimestamp2022-06-24T23:46:19.290Z[Etc/UTC]].
2022-06-24 23:46:19,801 [Listener at 127.0.0.1/34097] INFO  ozone.MiniOzoneClusterImpl (MiniOzoneClusterImpl.java:lambda$waitForClusterToBeReady$0(223)) - Waiting for nodes to be ready. Got 4 of 5 DN Heartbeats.
2022-06-24 23:46:19,801 [Listener at 127.0.0.1/34097] INFO  ozone.MiniOzoneClusterImpl (MiniOzoneClusterImpl.java:lambda$waitForClusterToBeReady$0(226)) - Waiting for cluster to exit safe mode
2022-06-24 23:46:19,801 [Listener at 127.0.0.1/34097] INFO  ozone.MiniOzoneClusterImpl (MiniOzoneClusterImpl.java:lambda$waitForClusterToBeReady$0(228)) - SCM became leader
2022-06-24 23:46:19,863 [IPC Server handler 3 on default port 44953] INFO  net.NetworkTopologyImpl (NetworkTopologyImpl.java:add(112)) - Added a new node: /default-rack/bc644b0c-0e4b-489d-a6ba-eb86566737d4
2022-06-24 23:46:19,863 [IPC Server handler 3 on default port 44953] INFO  node.SCMNodeManager (SCMNodeManager.java:register(397)) - Registered Data node : bc644b0c-0e4b-489d-a6ba-eb86566737d4{ip: 10.1.0.24, host: fv-az21-224.v4iizcarkezebbfea14bcgzyke.bx.internal.cloudapp.net, ports: [REPLICATION=33797, RATIS=41849, RATIS_ADMIN=41849, RATIS_SERVER=41849, STANDALONE=43015], networkLocation: /default-rack, certSerialId: null, persistedOpState: null, persistedOpStateExpiryEpochSec: 0}
2022-06-24 23:46:19,863 [EventQueue-NewNodeForNewNodeHandler] INFO  pipeline.BackgroundPipelineCreator (BackgroundPipelineCreator.java:notifyEventTriggered(275)) - trigger a one-shot run on RatisPipelineUtilsThread.
2022-06-24 23:46:19,864 [RatisPipelineUtilsThread - 0] INFO  pipeline.RatisPipelineProvider (RatisPipelineProvider.java:lambda$create$0(195)) - Sending CreatePipelineCommand for pipeline:PipelineID=7ed083d5-eecf-49e0-b24f-9a59d736e471 to datanode:bc644b0c-0e4b-489d-a6ba-eb86566737d4
2022-06-24 23:46:19,864 [RatisPipelineUtilsThread - 0] INFO  pipeline.PipelineStateManagerImpl (PipelineStateManagerImpl.java:addPipeline(101)) - Created pipeline Pipeline[ Id: 7ed083d5-eecf-49e0-b24f-9a59d736e471, Nodes: bc644b0c-0e4b-489d-a6ba-eb86566737d4{ip: 10.1.0.24, host: fv-az21-224.v4iizcarkezebbfea14bcgzyke.bx.internal.cloudapp.net, ports: [REPLICATION=33797, RATIS=41849, RATIS_ADMIN=41849, RATIS_SERVER=41849, STANDALONE=43015], networkLocation: /default-rack, certSerialId: null, persistedOpState: IN_SERVICE, persistedOpStateExpiryEpochSec: 0}, ReplicationConfig: RATIS/ONE, State:ALLOCATED, leaderId:, CreationTimestamp2022-06-24T23:46:19.864Z[Etc/UTC]].
2022-06-24 23:46:19,951 [Command processor thread] INFO  server.RaftServer (RaftServerProxy.java:addNew(96)) - c8d3b1b7-e2cb-467c-92f2-e834465c7bf5: addNew group-53E7D689C16E:[c8d3b1b7-e2cb-467c-92f2-e834465c7bf5|rpc:10.1.0.24:45959|priority:1] returns group-53E7D689C16E:java.util.concurrent.CompletableFuture@17aa7816[Not completed]
2022-06-24 23:46:19,954 [pool-312-thread-1] INFO  server.RaftServer$Division (RaftServerImpl.java:<init>(190)) - c8d3b1b7-e2cb-467c-92f2-e834465c7bf5: new RaftServerImpl for group-53E7D689C16E:[c8d3b1b7-e2cb-467c-92f2-e834465c7bf5|rpc:10.1.0.24:45959|priority:1] with ContainerStateMachine:uninitialized
2022-06-24 23:46:19,954 [pool-312-thread-1] INFO  server.RaftServerConfigKeys (ConfUtils.java:logGet(46)) - raft.server.rpc.timeout.min = 5s (custom)
2022-06-24 23:46:19,954 [pool-312-thread-1] INFO  server.RaftServerConfigKeys (ConfUtils.java:logGet(46)) - raft.server.rpc.timeout.max = 5200ms (custom)
2022-06-24 23:46:19,954 [pool-312-thread-1] INFO  server.RaftServerConfigKeys (ConfUtils.java:logGet(46)) - raft.server.rpc.sleep.time = 25ms (default)
2022-06-24 23:46:19,954 [pool-312-thread-1] INFO  server.RaftServerConfigKeys (ConfUtils.java:logGet(46)) - raft.server.rpc.slowness.timeout = 300s (custom)
2022-06-24 23:46:19,954 [pool-312-thread-1] INFO  server.RaftServerConfigKeys (ConfUtils.java:logGet(46)) - raft.server.leaderelection.leader.step-down.wait-time = 10s (default)
2022-06-24 23:46:19,954 [pool-312-thread-1] INFO  server.RaftServerConfigKeys (ConfUtils.java:logGet(46)) - raft.server.sleep.deviation.threshold = 300ms (default)
2022-06-24 23:46:19,954 [pool-312-thread-1] INFO  server.RaftServer$Division (ServerState.java:<init>(107)) - c8d3b1b7-e2cb-467c-92f2-e834465c7bf5@group-53E7D689C16E: ConfigurationManager, init=-1: [c8d3b1b7-e2cb-467c-92f2-e834465c7bf5|rpc:10.1.0.24:45959|priority:1], old=null, confs=<EMPTY_MAP>
2022-06-24 23:46:19,954 [pool-312-thread-1] INFO  server.RaftServerConfigKeys (ConfUtils.java:logGet(46)) - raft.server.storage.dir = [/home/runner/work/ozone/ozone/hadoop-ozone/integration-test/target/test-dir/MiniOzoneClusterImpl-1c97b964-6e84-44a1-9571-366444e105f6/datanode-0/data/ratis] (custom)
2022-06-24 23:46:19,954 [pool-312-thread-1] INFO  server.RaftServerConfigKeys (ConfUtils.java:logGet(46)) - raft.server.log.corruption.policy = EXCEPTION (default)
2022-06-24 23:46:19,955 [pool-312-thread-1] INFO  server.RaftServerConfigKeys (ConfUtils.java:logGet(46)) - raft.server.storage.free-space.min = 0MB (=0) (default)
2022-06-24 23:46:19,955 [pool-312-thread-1] INFO  storage.RaftStorageDirectory (RaftStorageDirectoryImpl.java:analyzeStorage(135)) - The storage directory /home/runner/work/ozone/ozone/hadoop-ozone/integration-test/target/test-dir/MiniOzoneClusterImpl-1c97b964-6e84-44a1-9571-366444e105f6/datanode-0/data/ratis/c331adb0-60d7-441a-ad63-53e7d689c16e does not exist. Creating ...
2022-06-24 23:46:19,956 [pool-312-thread-1] INFO  storage.RaftStorageDirectory (RaftStorageDirectoryImpl.java:tryLock(230)) - Lock on /home/runner/work/ozone/ozone/hadoop-ozone/integration-test/target/test-dir/MiniOzoneClusterImpl-1c97b964-6e84-44a1-9571-366444e105f6/datanode-0/data/ratis/c331adb0-60d7-441a-ad63-53e7d689c16e/in_use.lock acquired by nodename 11308@fv-az21-224
2022-06-24 23:46:19,958 [pool-312-thread-1] INFO  storage.RaftStorage (RaftStorageImpl.java:format(89)) - Storage directory /home/runner/work/ozone/ozone/hadoop-ozone/integration-test/target/test-dir/MiniOzoneClusterImpl-1c97b964-6e84-44a1-9571-366444e105f6/datanode-0/data/ratis/c331adb0-60d7-441a-ad63-53e7d689c16e has been successfully formatted.
2022-06-24 23:46:19,967 [EventQueue-PipelineReportForPipelineReportHandler] INFO  pipeline.PipelineManagerImpl (PipelineManagerImpl.java:openPipeline(358)) - Pipeline Pipeline[ Id: c331adb0-60d7-441a-ad63-53e7d689c16e, Nodes: c8d3b1b7-e2cb-467c-92f2-e834465c7bf5{ip: 10.1.0.24, host: fv-az21-224.v4iizcarkezebbfea14bcgzyke.bx.internal.cloudapp.net, ports: [REPLICATION=37931, RATIS=45959, RATIS_ADMIN=45959, RATIS_SERVER=45959, STANDALONE=34671], networkLocation: /default-rack, certSerialId: null, persistedOpState: IN_SERVICE, persistedOpStateExpiryEpochSec: 0}, ReplicationConfig: RATIS/ONE, State:ALLOCATED, leaderId:c8d3b1b7-e2cb-467c-92f2-e834465c7bf5, CreationTimestamp2022-06-24T23:46:16.965Z[Etc/UTC]] moved to OPEN state
2022-06-24 23:46:19,975 [pool-312-thread-1] INFO  ratis.ContainerStateMachine (ContainerStateMachine.java:loadSnapshot(236)) - group-53E7D689C16E: The snapshot info is null. Setting the last applied indexto:(t:0, i:~)
2022-06-24 23:46:19,975 [pool-312-thread-1] INFO  server.RaftServerConfigKeys (ConfUtils.java:logGet(46)) - raft.server.notification.no-leader.timeout = 300s (custom)
2022-06-24 23:46:19,975 [pool-312-thread-1] INFO  server.RaftServerConfigKeys (ConfUtils.java:logGet(46)) - raft.server.log.use.memory = false (default)
2022-06-24 23:46:19,975 [pool-312-thread-1] INFO  server.RaftServerConfigKeys (ConfUtils.java:logGet(46)) - raft.server.log.purge.gap = 1000000 (custom)
2022-06-24 23:46:19,975 [pool-312-thread-1] INFO  server.RaftServerConfigKeys (ConfUtils.java:logGet(46)) - raft.server.log.appender.buffer.byte-limit = 33554432 (custom)
2022-06-24 23:46:19,975 [pool-312-thread-1] INFO  server.RaftServerConfigKeys (ConfUtils.java:logGet(46)) - raft.server.log.statemachine.data.read.timeout = 1000ms (default)
2022-06-24 23:46:19,976 [pool-312-thread-1] INFO  server.RaftServerConfigKeys (ConfUtils.java:logGet(46)) - raft.server.log.segment.size.max = 1048576 (custom)
2022-06-24 23:46:19,977 [pool-312-thread-1] INFO  server.RaftServerConfigKeys (ConfUtils.java:logGet(46)) - raft.server.log.segment.cache.num.max = 2 (custom)
2022-06-24 23:46:19,977 [pool-312-thread-1] INFO  server.RaftServerConfigKeys (ConfUtils.java:logGet(46)) - raft.server.log.segment.cache.size.max = 200MB (=209715200) (default)
2022-06-24 23:46:19,977 [pool-312-thread-1] INFO  segmented.SegmentedRaftLogWorker (SegmentedRaftLogWorker.java:<init>(187)) - new c8d3b1b7-e2cb-467c-92f2-e834465c7bf5@group-53E7D689C16E-SegmentedRaftLogWorker for RaftStorageImpl:Storage Directory /home/runner/work/ozone/ozone/hadoop-ozone/integration-test/target/test-dir/MiniOzoneClusterImpl-1c97b964-6e84-44a1-9571-366444e105f6/datanode-0/data/ratis/c331adb0-60d7-441a-ad63-53e7d689c16e
2022-06-24 23:46:19,977 [pool-312-thread-1] INFO  server.RaftServerConfigKeys (ConfUtils.java:logGet(46)) - raft.server.log.queue.byte-limit = 4294967296 (custom)
2022-06-24 23:46:19,977 [pool-312-thread-1] INFO  server.RaftServerConfigKeys (ConfUtils.java:logGet(46)) - raft.server.log.queue.element-limit = 1024 (custom)
2022-06-24 23:46:19,977 [pool-312-thread-1] INFO  server.RaftServerConfigKeys (ConfUtils.java:logGet(46)) - raft.server.log.segment.size.max = 1048576 (custom)
2022-06-24 23:46:19,980 [pool-312-thread-1] INFO  server.RaftServerConfigKeys (ConfUtils.java:logGet(46)) - raft.server.log.preallocated.size = 16384 (custom)
2022-06-24 23:46:19,980 [pool-312-thread-1] INFO  server.RaftServerConfigKeys (ConfUtils.java:logGet(46)) - raft.server.log.force.sync.num = 128 (default)
2022-06-24 23:46:19,980 [pool-312-thread-1] INFO  server.RaftServerConfigKeys (ConfUtils.java:logGet(46)) - raft.server.log.statemachine.data.sync = true (default)
2022-06-24 23:46:19,980 [pool-312-thread-1] INFO  server.RaftServerConfigKeys (ConfUtils.java:logGet(46)) - raft.server.log.statemachine.data.sync.timeout = 10s (default)
2022-06-24 23:46:19,980 [pool-312-thread-1] INFO  server.RaftServerConfigKeys (ConfUtils.java:logGet(46)) - raft.server.log.statemachine.data.sync.timeout.retry = -1 (default)
2022-06-24 23:46:19,981 [pool-312-thread-1] INFO  server.RaftServerConfigKeys (ConfUtils.java:logGet(46)) - raft.server.log.write.buffer.size = 1048576 (custom)
2022-06-24 23:46:19,982 [pool-312-thread-1] INFO  server.RaftServerConfigKeys (ConfUtils.java:logGet(46)) - raft.server.log.unsafe-flush.enabled = false (default)
2022-06-24 23:46:19,982 [pool-312-thread-1] INFO  server.RaftServerConfigKeys (ConfUtils.java:logGet(46)) - raft.server.log.statemachine.data.caching.enabled = true (custom)
2022-06-24 23:46:19,982 [pool-312-thread-1] INFO  segmented.SegmentedRaftLogWorker (SegmentedRaftLogWorker.java:lambda$new$0(135)) - c8d3b1b7-e2cb-467c-92f2-e834465c7bf5@group-53E7D689C16E-SegmentedRaftLogWorker: flushIndex: setUnconditionally 0 -> -1
2022-06-24 23:46:19,982 [pool-312-thread-1] INFO  segmented.SegmentedRaftLogWorker (SegmentedRaftLogWorker.java:lambda$new$0(135)) - c8d3b1b7-e2cb-467c-92f2-e834465c7bf5@group-53E7D689C16E-SegmentedRaftLogWorker: safeCacheEvictIndex: setUnconditionally 0 -> -1
2022-06-24 23:46:19,995 [EventQueue-OpenPipelineForHealthyPipelineSafeModeRule] INFO  safemode.SCMSafeModeManager (HealthyPipelineSafeModeRule.java:process(124)) - SCM in safe mode. Healthy pipelines reported count is 0, required healthy pipeline reported count is 1
2022-06-24 23:46:20,003 [pool-312-thread-1] INFO  server.RaftServerConfigKeys (ConfUtils.java:logGet(46)) - raft.server.snapshot.auto.trigger.enabled = true (custom)
2022-06-24 23:46:20,003 [pool-312-thread-1] INFO  server.RaftServerConfigKeys (ConfUtils.java:logGet(46)) - raft.server.snapshot.auto.trigger.threshold = 10000 (custom)
2022-06-24 23:46:20,003 [pool-312-thread-1] INFO  server.RaftServerConfigKeys (ConfUtils.java:logGet(46)) - raft.server.snapshot.retention.file.num = 5 (custom)
2022-06-24 23:46:20,003 [pool-312-thread-1] INFO  server.RaftServerConfigKeys (ConfUtils.java:logGet(46)) - raft.server.log.purge.upto.snapshot.index = false (default)
2022-06-24 23:46:20,003 [pool-312-thread-1] INFO  server.RaftServerConfigKeys (ConfUtils.java:logGet(46)) - raft.server.retrycache.expirytime = 600000ms (custom)
2022-06-24 23:46:20,003 [pool-312-thread-1] INFO  server.RaftServerConfigKeys (ConfUtils.java:logGet(46)) - raft.server.retrycache.statistics.expirytime = 100μs (default)
2022-06-24 23:46:20,005 [pool-312-thread-1] INFO  server.RaftServerConfigKeys (ConfUtils.java:logGet(46)) - raft.server.log.appender.install.snapshot.enabled = false (custom)
2022-06-24 23:46:20,005 [pool-312-thread-1] INFO  server.RaftServerConfigKeys (ConfUtils.java:logGet(46)) - raft.server.threadpool.server.cached = true (default)
2022-06-24 23:46:20,005 [pool-312-thread-1] INFO  server.RaftServerConfigKeys (ConfUtils.java:logGet(46)) - raft.server.threadpool.server.size = 0 (default)
2022-06-24 23:46:20,005 [pool-312-thread-1] INFO  server.RaftServerConfigKeys (ConfUtils.java:logGet(46)) - raft.server.threadpool.client.cached = true (default)
2022-06-24 23:46:20,005 [pool-312-thread-1] INFO  server.RaftServerConfigKeys (ConfUtils.java:logGet(46)) - raft.server.threadpool.client.size = 0 (default)
2022-06-24 23:46:20,005 [pool-312-thread-1] INFO  server.RaftServer$Division (RaftServerImpl.java:start(310)) - c8d3b1b7-e2cb-467c-92f2-e834465c7bf5@group-53E7D689C16E: start as a follower, conf=-1: [c8d3b1b7-e2cb-467c-92f2-e834465c7bf5|rpc:10.1.0.24:45959|priority:1], old=null
2022-06-24 23:46:20,005 [pool-312-thread-1] INFO  server.RaftServer$Division (RaftServerImpl.java:setRole(299)) - c8d3b1b7-e2cb-467c-92f2-e834465c7bf5@group-53E7D689C16E: changes role from      null to FOLLOWER at term 0 for startAsFollower
2022-06-24 23:46:20,005 [pool-312-thread-1] INFO  impl.RoleInfo (RoleInfo.java:updateAndGet(139)) - c8d3b1b7-e2cb-467c-92f2-e834465c7bf5: start c8d3b1b7-e2cb-467c-92f2-e834465c7bf5@group-53E7D689C16E-FollowerState
2022-06-24 23:46:20,012 [pool-312-thread-1] INFO  util.JmxRegister (JmxRegister.java:tryRegister(44)) - Successfully registered JMX Bean with object name Ratis:service=RaftServer,group=group-53E7D689C16E,id=c8d3b1b7-e2cb-467c-92f2-e834465c7bf5
2022-06-24 23:46:20,030 [Command processor thread] INFO  ratis.XceiverServerRatis (XceiverServerRatis.java:addGroup(765)) - Created group PipelineID=c331adb0-60d7-441a-ad63-53e7d689c16e
2022-06-24 23:46:20,030 [Command processor thread] INFO  commandhandler.CreatePipelineCommandHandler (CreatePipelineCommandHandler.java:handle(113)) - Created Pipeline RATIS ONE PipelineID=c331adb0-60d7-441a-ad63-53e7d689c16e.
2022-06-24 23:46:20,030 [Command processor thread] INFO  server.RaftServer (RaftServerProxy.java:addNew(96)) - c8d3b1b7-e2cb-467c-92f2-e834465c7bf5: addNew group-523ABDBB2F30:[8e270ae6-3b8a-4b8d-ba53-7f31af20a9eb|rpc:10.1.0.24:34827|priority:0, c8d3b1b7-e2cb-467c-92f2-e834465c7bf5|rpc:10.1.0.24:45959|priority:1, d25249de-707f-41fb-b0bd-e849b78f575c|rpc:10.1.0.24:36285|priority:0] returns group-523ABDBB2F30:java.util.concurrent.CompletableFuture@1395ee3b[Not completed]
2022-06-24 23:46:20,031 [pool-312-thread-1] INFO  server.RaftServer$Division (RaftServerImpl.java:<init>(190)) - c8d3b1b7-e2cb-467c-92f2-e834465c7bf5: new RaftServerImpl for group-523ABDBB2F30:[8e270ae6-3b8a-4b8d-ba53-7f31af20a9eb|rpc:10.1.0.24:34827|priority:0, c8d3b1b7-e2cb-467c-92f2-e834465c7bf5|rpc:10.1.0.24:45959|priority:1, d25249de-707f-41fb-b0bd-e849b78f575c|rpc:10.1.0.24:36285|priority:0] with ContainerStateMachine:uninitialized
2022-06-24 23:46:20,032 [pool-312-thread-1] INFO  server.RaftServerConfigKeys (ConfUtils.java:logGet(46)) - raft.server.rpc.timeout.min = 5s (custom)
2022-06-24 23:46:20,032 [pool-312-thread-1] INFO  server.RaftServerConfigKeys (ConfUtils.java:logGet(46)) - raft.server.rpc.timeout.max = 5200ms (custom)
2022-06-24 23:46:20,032 [pool-312-thread-1] INFO  server.RaftServerConfigKeys (ConfUtils.java:logGet(46)) - raft.server.rpc.sleep.time = 25ms (default)
2022-06-24 23:46:20,032 [pool-312-thread-1] INFO  server.RaftServerConfigKeys (ConfUtils.java:logGet(46)) - raft.server.rpc.slowness.timeout = 300s (custom)
2022-06-24 23:46:20,032 [pool-312-thread-1] INFO  server.RaftServerConfigKeys (ConfUtils.java:logGet(46)) - raft.server.leaderelection.leader.step-down.wait-time = 10s (default)
2022-06-24 23:46:20,032 [pool-312-thread-1] INFO  server.RaftServerConfigKeys (ConfUtils.java:logGet(46)) - raft.server.sleep.deviation.threshold = 300ms (default)
2022-06-24 23:46:20,032 [pool-312-thread-1] INFO  server.RaftServer$Division (ServerState.java:<init>(107)) - c8d3b1b7-e2cb-467c-92f2-e834465c7bf5@group-523ABDBB2F30: ConfigurationManager, init=-1: [8e270ae6-3b8a-4b8d-ba53-7f31af20a9eb|rpc:10.1.0.24:34827|priority:0, c8d3b1b7-e2cb-467c-92f2-e834465c7bf5|rpc:10.1.0.24:45959|priority:1, d25249de-707f-41fb-b0bd-e849b78f575c|rpc:10.1.0.24:36285|priority:0], old=null, confs=<EMPTY_MAP>
2022-06-24 23:46:20,032 [pool-312-thread-1] INFO  server.RaftServerConfigKeys (ConfUtils.java:logGet(46)) - raft.server.storage.dir = [/home/runner/work/ozone/ozone/hadoop-ozone/integration-test/target/test-dir/MiniOzoneClusterImpl-1c97b964-6e84-44a1-9571-366444e105f6/datanode-0/data/ratis] (custom)
2022-06-24 23:46:20,032 [pool-312-thread-1] INFO  server.RaftServerConfigKeys (ConfUtils.java:logGet(46)) - raft.server.log.corruption.policy = EXCEPTION (default)
2022-06-24 23:46:20,032 [pool-312-thread-1] INFO  server.RaftServerConfigKeys (ConfUtils.java:logGet(46)) - raft.server.storage.free-space.min = 0MB (=0) (default)
2022-06-24 23:46:20,032 [pool-312-thread-1] INFO  storage.RaftStorageDirectory (RaftStorageDirectoryImpl.java:analyzeStorage(135)) - The storage directory /home/runner/work/ozone/ozone/hadoop-ozone/integration-test/target/test-dir/MiniOzoneClusterImpl-1c97b964-6e84-44a1-9571-366444e105f6/datanode-0/data/ratis/410ad4d1-ad0b-41c3-a567-523abdbb2f30 does not exist. Creating ...
2022-06-24 23:46:20,033 [pool-312-thread-1] INFO  storage.RaftStorageDirectory (RaftStorageDirectoryImpl.java:tryLock(230)) - Lock on /home/runner/work/ozone/ozone/hadoop-ozone/integration-test/target/test-dir/MiniOzoneClusterImpl-1c97b964-6e84-44a1-9571-366444e105f6/datanode-0/data/ratis/410ad4d1-ad0b-41c3-a567-523abdbb2f30/in_use.lock acquired by nodename 11308@fv-az21-224
2022-06-24 23:46:20,034 [pool-312-thread-1] INFO  storage.RaftStorage (RaftStorageImpl.java:format(89)) - Storage directory /home/runner/work/ozone/ozone/hadoop-ozone/integration-test/target/test-dir/MiniOzoneClusterImpl-1c97b964-6e84-44a1-9571-366444e105f6/datanode-0/data/ratis/410ad4d1-ad0b-41c3-a567-523abdbb2f30 has been successfully formatted.
2022-06-24 23:46:20,034 [pool-312-thread-1] INFO  ratis.ContainerStateMachine (ContainerStateMachine.java:loadSnapshot(236)) - group-523ABDBB2F30: The snapshot info is null. Setting the last applied indexto:(t:0, i:~)
2022-06-24 23:46:20,035 [pool-312-thread-1] INFO  server.RaftServerConfigKeys (ConfUtils.java:logGet(46)) - raft.server.notification.no-leader.timeout = 300s (custom)
2022-06-24 23:46:20,035 [pool-312-thread-1] INFO  server.RaftServerConfigKeys (ConfUtils.java:logGet(46)) - raft.server.log.use.memory = false (default)
2022-06-24 23:46:20,035 [pool-312-thread-1] INFO  server.RaftServerConfigKeys (ConfUtils.java:logGet(46)) - raft.server.log.purge.gap = 1000000 (custom)
2022-06-24 23:46:20,035 [pool-312-thread-1] INFO  server.RaftServerConfigKeys (ConfUtils.java:logGet(46)) - raft.server.log.appender.buffer.byte-limit = 33554432 (custom)
2022-06-24 23:46:20,035 [pool-312-thread-1] INFO  server.RaftServerConfigKeys (ConfUtils.java:logGet(46)) - raft.server.log.statemachine.data.read.timeout = 1000ms (default)
2022-06-24 23:46:20,039 [EventQueue-OpenPipelineForHealthyPipelineSafeModeRule] INFO  safemode.SCMSafeModeManager (HealthyPipelineSafeModeRule.java:process(124)) - SCM in safe mode. Healthy pipelines reported count is 0, required healthy pipeline reported count is 1
2022-06-24 23:46:20,039 [pool-312-thread-1] INFO  server.RaftServerConfigKeys (ConfUtils.java:logGet(46)) - raft.server.log.segment.size.max = 1048576 (custom)
2022-06-24 23:46:20,040 [pool-312-thread-1] INFO  server.RaftServerConfigKeys (ConfUtils.java:logGet(46)) - raft.server.log.segment.cache.num.max = 2 (custom)
2022-06-24 23:46:20,040 [pool-312-thread-1] INFO  server.RaftServerConfigKeys (ConfUtils.java:logGet(46)) - raft.server.log.segment.cache.size.max = 200MB (=209715200) (default)
2022-06-24 23:46:20,040 [pool-312-thread-1] INFO  segmented.SegmentedRaftLogWorker (SegmentedRaftLogWorker.java:<init>(187)) - new c8d3b1b7-e2cb-467c-92f2-e834465c7bf5@group-523ABDBB2F30-SegmentedRaftLogWorker for RaftStorageImpl:Storage Directory /home/runner/work/ozone/ozone/hadoop-ozone/integration-test/target/test-dir/MiniOzoneClusterImpl-1c97b964-6e84-44a1-9571-366444e105f6/datanode-0/data/ratis/410ad4d1-ad0b-41c3-a567-523abdbb2f30
2022-06-24 23:46:20,040 [pool-312-thread-1] INFO  server.RaftServerConfigKeys (ConfUtils.java:logGet(46)) - raft.server.log.queue.byte-limit = 4294967296 (custom)
2022-06-24 23:46:20,040 [pool-312-thread-1] INFO  server.RaftServerConfigKeys (ConfUtils.java:logGet(46)) - raft.server.log.queue.element-limit = 1024 (custom)
2022-06-24 23:46:20,040 [pool-312-thread-1] INFO  server.RaftServerConfigKeys (ConfUtils.java:logGet(46)) - raft.server.log.segment.size.max = 1048576 (custom)
2022-06-24 23:46:20,040 [pool-312-thread-1] INFO  server.RaftServerConfigKeys (ConfUtils.java:logGet(46)) - raft.server.log.preallocated.size = 16384 (custom)
2022-06-24 23:46:20,040 [pool-312-thread-1] INFO  server.RaftServerConfigKeys (ConfUtils.java:logGet(46)) - raft.server.log.force.sync.num = 128 (default)
2022-06-24 23:46:20,040 [pool-312-thread-1] INFO  server.RaftServerConfigKeys (ConfUtils.java:logGet(46)) - raft.server.log.statemachine.data.sync = true (default)
2022-06-24 23:46:20,040 [pool-312-thread-1] INFO  server.RaftServerConfigKeys (ConfUtils.java:logGet(46)) - raft.server.log.statemachine.data.sync.timeout = 10s (default)
2022-06-24 23:46:20,040 [pool-312-thread-1] INFO  server.RaftServerConfigKeys (ConfUtils.java:logGet(46)) - raft.server.log.statemachine.data.sync.timeout.retry = -1 (default)
2022-06-24 23:46:20,041 [pool-312-thread-1] INFO  server.RaftServerConfigKeys (ConfUtils.java:logGet(46)) - raft.server.log.write.buffer.size = 1048576 (custom)
2022-06-24 23:46:20,041 [pool-312-thread-1] INFO  server.RaftServerConfigKeys (ConfUtils.java:logGet(46)) - raft.server.log.unsafe-flush.enabled = false (default)
2022-06-24 23:46:20,041 [pool-312-thread-1] INFO  server.RaftServerConfigKeys (ConfUtils.java:logGet(46)) - raft.server.log.statemachine.data.caching.enabled = true (custom)
2022-06-24 23:46:20,041 [pool-312-thread-1] INFO  segmented.SegmentedRaftLogWorker (SegmentedRaftLogWorker.java:lambda$new$0(135)) - c8d3b1b7-e2cb-467c-92f2-e834465c7bf5@group-523ABDBB2F30-SegmentedRaftLogWorker: flushIndex: setUnconditionally 0 -> -1
2022-06-24 23:46:20,041 [pool-312-thread-1] INFO  segmented.SegmentedRaftLogWorker (SegmentedRaftLogWorker.java:lambda$new$0(135)) - c8d3b1b7-e2cb-467c-92f2-e834465c7bf5@group-523ABDBB2F30-SegmentedRaftLogWorker: safeCacheEvictIndex: setUnconditionally 0 -> -1
2022-06-24 23:46:20,051 [pool-312-thread-1] INFO  server.RaftServerConfigKeys (ConfUtils.java:logGet(46)) - raft.server.snapshot.auto.trigger.enabled = true (custom)
2022-06-24 23:46:20,051 [pool-312-thread-1] INFO  server.RaftServerConfigKeys (ConfUtils.java:logGet(46)) - raft.server.snapshot.auto.trigger.threshold = 10000 (custom)
2022-06-24 23:46:20,051 [pool-312-thread-1] INFO  server.RaftServerConfigKeys (ConfUtils.java:logGet(46)) - raft.server.snapshot.retention.file.num = 5 (custom)
2022-06-24 23:46:20,051 [pool-312-thread-1] INFO  server.RaftServerConfigKeys (ConfUtils.java:logGet(46)) - raft.server.log.purge.upto.snapshot.index = false (default)
2022-06-24 23:46:20,051 [pool-312-thread-1] INFO  server.RaftServerConfigKeys (ConfUtils.java:logGet(46)) - raft.server.retrycache.expirytime = 600000ms (custom)
2022-06-24 23:46:20,051 [pool-312-thread-1] INFO  server.RaftServerConfigKeys (ConfUtils.java:logGet(46)) - raft.server.retrycache.statistics.expirytime = 100μs (default)
2022-06-24 23:46:20,052 [pool-312-thread-1] INFO  server.RaftServerConfigKeys (ConfUtils.java:logGet(46)) - raft.server.log.appender.install.snapshot.enabled = false (custom)
2022-06-24 23:46:20,052 [pool-312-thread-1] INFO  server.RaftServerConfigKeys (ConfUtils.java:logGet(46)) - raft.server.threadpool.server.cached = true (default)
2022-06-24 23:46:20,052 [pool-312-thread-1] INFO  server.RaftServerConfigKeys (ConfUtils.java:logGet(46)) - raft.server.threadpool.server.size = 0 (default)
2022-06-24 23:46:20,052 [pool-312-thread-1] INFO  server.RaftServerConfigKeys (ConfUtils.java:logGet(46)) - raft.server.threadpool.client.cached = true (default)
2022-06-24 23:46:20,052 [pool-312-thread-1] INFO  server.RaftServerConfigKeys (ConfUtils.java:logGet(46)) - raft.server.threadpool.client.size = 0 (default)
2022-06-24 23:46:20,052 [pool-312-thread-1] INFO  server.RaftServer$Division (RaftServerImpl.java:start(310)) - c8d3b1b7-e2cb-467c-92f2-e834465c7bf5@group-523ABDBB2F30: start as a follower, conf=-1: [8e270ae6-3b8a-4b8d-ba53-7f31af20a9eb|rpc:10.1.0.24:34827|priority:0, c8d3b1b7-e2cb-467c-92f2-e834465c7bf5|rpc:10.1.0.24:45959|priority:1, d25249de-707f-41fb-b0bd-e849b78f575c|rpc:10.1.0.24:36285|priority:0], old=null
2022-06-24 23:46:20,052 [pool-312-thread-1] INFO  server.RaftServer$Division (RaftServerImpl.java:setRole(299)) - c8d3b1b7-e2cb-467c-92f2-e834465c7bf5@group-523ABDBB2F30: changes role from      null to FOLLOWER at term 0 for startAsFollower
2022-06-24 23:46:20,053 [pool-312-thread-1] INFO  impl.RoleInfo (RoleInfo.java:updateAndGet(139)) - c8d3b1b7-e2cb-467c-92f2-e834465c7bf5: start c8d3b1b7-e2cb-467c-92f2-e834465c7bf5@group-523ABDBB2F30-FollowerState
2022-06-24 23:46:20,061 [pool-312-thread-1] INFO  util.JmxRegister (JmxRegister.java:tryRegister(44)) - Successfully registered JMX Bean with object name Ratis:service=RaftServer,group=group-523ABDBB2F30,id=c8d3b1b7-e2cb-467c-92f2-e834465c7bf5
2022-06-24 23:46:20,067 [Command processor thread] INFO  ratis.XceiverServerRatis (XceiverServerRatis.java:addGroup(765)) - Created group PipelineID=410ad4d1-ad0b-41c3-a567-523abdbb2f30
2022-06-24 23:46:20,147 [grpc-default-executor-0] INFO  server.RaftServer (RaftServerProxy.java:addNew(96)) - d25249de-707f-41fb-b0bd-e849b78f575c: addNew group-523ABDBB2F30:[8e270ae6-3b8a-4b8d-ba53-7f31af20a9eb|rpc:10.1.0.24:34827|dataStream:|priority:0, c8d3b1b7-e2cb-467c-92f2-e834465c7bf5|rpc:10.1.0.24:45959|dataStream:|priority:1, d25249de-707f-41fb-b0bd-e849b78f575c|rpc:10.1.0.24:36285|dataStream:|priority:0] returns group-523ABDBB2F30:java.util.concurrent.CompletableFuture@47ee17e3[Not completed]
2022-06-24 23:46:20,156 [pool-358-thread-1] INFO  server.RaftServer$Division (RaftServerImpl.java:<init>(190)) - d25249de-707f-41fb-b0bd-e849b78f575c: new RaftServerImpl for group-523ABDBB2F30:[8e270ae6-3b8a-4b8d-ba53-7f31af20a9eb|rpc:10.1.0.24:34827|dataStream:|priority:0, c8d3b1b7-e2cb-467c-92f2-e834465c7bf5|rpc:10.1.0.24:45959|dataStream:|priority:1, d25249de-707f-41fb-b0bd-e849b78f575c|rpc:10.1.0.24:36285|dataStream:|priority:0] with ContainerStateMachine:uninitialized
2022-06-24 23:46:20,156 [pool-358-thread-1] INFO  server.RaftServerConfigKeys (ConfUtils.java:logGet(46)) - raft.server.rpc.timeout.min = 5s (custom)
2022-06-24 23:46:20,156 [pool-358-thread-1] INFO  server.RaftServerConfigKeys (ConfUtils.java:logGet(46)) - raft.server.rpc.timeout.max = 5200ms (custom)
2022-06-24 23:46:20,156 [pool-358-thread-1] INFO  server.RaftServerConfigKeys (ConfUtils.java:logGet(46)) - raft.server.rpc.sleep.time = 25ms (default)
2022-06-24 23:46:20,156 [pool-358-thread-1] INFO  server.RaftServerConfigKeys (ConfUtils.java:logGet(46)) - raft.server.rpc.slowness.timeout = 300s (custom)
2022-06-24 23:46:20,156 [pool-358-thread-1] INFO  server.RaftServerConfigKeys (ConfUtils.java:logGet(46)) - raft.server.leaderelection.leader.step-down.wait-time = 10s (default)
2022-06-24 23:46:20,156 [pool-358-thread-1] INFO  server.RaftServerConfigKeys (ConfUtils.java:logGet(46)) - raft.server.sleep.deviation.threshold = 300ms (default)
2022-06-24 23:46:20,156 [pool-358-thread-1] INFO  server.RaftServer$Division (ServerState.java:<init>(107)) - d25249de-707f-41fb-b0bd-e849b78f575c@group-523ABDBB2F30: ConfigurationManager, init=-1: [8e270ae6-3b8a-4b8d-ba53-7f31af20a9eb|rpc:10.1.0.24:34827|dataStream:|priority:0, c8d3b1b7-e2cb-467c-92f2-e834465c7bf5|rpc:10.1.0.24:45959|dataStream:|priority:1, d25249de-707f-41fb-b0bd-e849b78f575c|rpc:10.1.0.24:36285|dataStream:|priority:0], old=null, confs=<EMPTY_MAP>
2022-06-24 23:46:20,156 [pool-358-thread-1] INFO  server.RaftServerConfigKeys (ConfUtils.java:logGet(46)) - raft.server.storage.dir = [/home/runner/work/ozone/ozone/hadoop-ozone/integration-test/target/test-dir/MiniOzoneClusterImpl-1c97b964-6e84-44a1-9571-366444e105f6/datanode-2/data/ratis] (custom)
2022-06-24 23:46:20,156 [pool-358-thread-1] INFO  server.RaftServerConfigKeys (ConfUtils.java:logGet(46)) - raft.server.log.corruption.policy = EXCEPTION (default)
2022-06-24 23:46:20,156 [pool-358-thread-1] INFO  server.RaftServerConfigKeys (ConfUtils.java:logGet(46)) - raft.server.storage.free-space.min = 0MB (=0) (default)
2022-06-24 23:46:20,157 [pool-358-thread-1] INFO  storage.RaftStorageDirectory (RaftStorageDirectoryImpl.java:analyzeStorage(135)) - The storage directory /home/runner/work/ozone/ozone/hadoop-ozone/integration-test/target/test-dir/MiniOzoneClusterImpl-1c97b964-6e84-44a1-9571-366444e105f6/datanode-2/data/ratis/410ad4d1-ad0b-41c3-a567-523abdbb2f30 does not exist. Creating ...
2022-06-24 23:46:20,163 [pool-358-thread-1] INFO  storage.RaftStorageDirectory (RaftStorageDirectoryImpl.java:tryLock(230)) - Lock on /home/runner/work/ozone/ozone/hadoop-ozone/integration-test/target/test-dir/MiniOzoneClusterImpl-1c97b964-6e84-44a1-9571-366444e105f6/datanode-2/data/ratis/410ad4d1-ad0b-41c3-a567-523abdbb2f30/in_use.lock acquired by nodename 11308@fv-az21-224
2022-06-24 23:46:20,167 [pool-358-thread-1] INFO  storage.RaftStorage (RaftStorageImpl.java:format(89)) - Storage directory /home/runner/work/ozone/ozone/hadoop-ozone/integration-test/target/test-dir/MiniOzoneClusterImpl-1c97b964-6e84-44a1-9571-366444e105f6/datanode-2/data/ratis/410ad4d1-ad0b-41c3-a567-523abdbb2f30 has been successfully formatted.
2022-06-24 23:46:20,168 [pool-358-thread-1] INFO  ratis.ContainerStateMachine (ContainerStateMachine.java:loadSnapshot(236)) - group-523ABDBB2F30: The snapshot info is null. Setting the last applied indexto:(t:0, i:~)
2022-06-24 23:46:20,168 [pool-358-thread-1] INFO  server.RaftServerConfigKeys (ConfUtils.java:logGet(46)) - raft.server.notification.no-leader.timeout = 300s (custom)
2022-06-24 23:46:20,182 [pool-358-thread-1] INFO  server.RaftServerConfigKeys (ConfUtils.java:logGet(46)) - raft.server.log.use.memory = false (default)
2022-06-24 23:46:20,182 [pool-358-thread-1] INFO  server.RaftServerConfigKeys (ConfUtils.java:logGet(46)) - raft.server.log.purge.gap = 1000000 (custom)
2022-06-24 23:46:20,182 [pool-358-thread-1] INFO  server.RaftServerConfigKeys (ConfUtils.java:logGet(46)) - raft.server.log.appender.buffer.byte-limit = 33554432 (custom)
2022-06-24 23:46:20,182 [pool-358-thread-1] INFO  server.RaftServerConfigKeys (ConfUtils.java:logGet(46)) - raft.server.log.statemachine.data.read.timeout = 1000ms (default)
2022-06-24 23:46:20,183 [pool-358-thread-1] INFO  server.RaftServerConfigKeys (ConfUtils.java:logGet(46)) - raft.server.log.segment.size.max = 1048576 (custom)
2022-06-24 23:46:20,183 [pool-358-thread-1] INFO  server.RaftServerConfigKeys (ConfUtils.java:logGet(46)) - raft.server.log.segment.cache.num.max = 2 (custom)
2022-06-24 23:46:20,183 [pool-358-thread-1] INFO  server.RaftServerConfigKeys (ConfUtils.java:logGet(46)) - raft.server.log.segment.cache.size.max = 200MB (=209715200) (default)
2022-06-24 23:46:20,183 [pool-358-thread-1] INFO  segmented.SegmentedRaftLogWorker (SegmentedRaftLogWorker.java:<init>(187)) - new d25249de-707f-41fb-b0bd-e849b78f575c@group-523ABDBB2F30-SegmentedRaftLogWorker for RaftStorageImpl:Storage Directory /home/runner/work/ozone/ozone/hadoop-ozone/integration-test/target/test-dir/MiniOzoneClusterImpl-1c97b964-6e84-44a1-9571-366444e105f6/datanode-2/data/ratis/410ad4d1-ad0b-41c3-a567-523abdbb2f30
2022-06-24 23:46:20,183 [pool-358-thread-1] INFO  server.RaftServerConfigKeys (ConfUtils.java:logGet(46)) - raft.server.log.queue.byte-limit = 4294967296 (custom)
2022-06-24 23:46:20,183 [pool-358-thread-1] INFO  server.RaftServerConfigKeys (ConfUtils.java:logGet(46)) - raft.server.log.queue.element-limit = 1024 (custom)
2022-06-24 23:46:20,183 [pool-358-thread-1] INFO  server.RaftServerConfigKeys (ConfUtils.java:logGet(46)) - raft.server.log.segment.size.max = 1048576 (custom)
2022-06-24 23:46:20,183 [pool-358-thread-1] INFO  server.RaftServerConfigKeys (ConfUtils.java:logGet(46)) - raft.server.log.preallocated.size = 16384 (custom)
2022-06-24 23:46:20,183 [pool-358-thread-1] INFO  server.RaftServerConfigKeys (ConfUtils.java:logGet(46)) - raft.server.log.force.sync.num = 128 (default)
2022-06-24 23:46:20,183 [pool-358-thread-1] INFO  server.RaftServerConfigKeys (ConfUtils.java:logGet(46)) - raft.server.log.statemachine.data.sync = true (default)
2022-06-24 23:46:20,183 [pool-358-thread-1] INFO  server.RaftServerConfigKeys (ConfUtils.java:logGet(46)) - raft.server.log.statemachine.data.sync.timeout = 10s (default)
2022-06-24 23:46:20,183 [pool-358-thread-1] INFO  server.RaftServerConfigKeys (ConfUtils.java:logGet(46)) - raft.server.log.statemachine.data.sync.timeout.retry = -1 (default)
2022-06-24 23:46:20,184 [pool-358-thread-1] INFO  server.RaftServerConfigKeys (ConfUtils.java:logGet(46)) - raft.server.log.write.buffer.size = 1048576 (custom)
2022-06-24 23:46:20,184 [pool-358-thread-1] INFO  server.RaftServerConfigKeys (ConfUtils.java:logGet(46)) - raft.server.log.unsafe-flush.enabled = false (default)
2022-06-24 23:46:20,184 [pool-358-thread-1] INFO  server.RaftServerConfigKeys (ConfUtils.java:logGet(46)) - raft.server.log.statemachine.data.caching.enabled = true (custom)
2022-06-24 23:46:20,185 [pool-358-thread-1] INFO  segmented.SegmentedRaftLogWorker (SegmentedRaftLogWorker.java:lambda$new$0(135)) - d25249de-707f-41fb-b0bd-e849b78f575c@group-523ABDBB2F30-SegmentedRaftLogWorker: flushIndex: setUnconditionally 0 -> -1
2022-06-24 23:46:20,185 [pool-358-thread-1] INFO  segmented.SegmentedRaftLogWorker (SegmentedRaftLogWorker.java:lambda$new$0(135)) - d25249de-707f-41fb-b0bd-e849b78f575c@group-523ABDBB2F30-SegmentedRaftLogWorker: safeCacheEvictIndex: setUnconditionally 0 -> -1
2022-06-24 23:46:20,192 [pool-358-thread-1] INFO  server.RaftServerConfigKeys (ConfUtils.java:logGet(46)) - raft.server.snapshot.auto.trigger.enabled = true (custom)
2022-06-24 23:46:20,192 [pool-358-thread-1] INFO  server.RaftServerConfigKeys (ConfUtils.java:logGet(46)) - raft.server.snapshot.auto.trigger.threshold = 10000 (custom)
2022-06-24 23:46:20,192 [pool-358-thread-1] INFO  server.RaftServerConfigKeys (ConfUtils.java:logGet(46)) - raft.server.snapshot.retention.file.num = 5 (custom)
2022-06-24 23:46:20,192 [pool-358-thread-1] INFO  server.RaftServerConfigKeys (ConfUtils.java:logGet(46)) - raft.server.log.purge.upto.snapshot.index = false (default)
2022-06-24 23:46:20,192 [pool-358-thread-1] INFO  server.RaftServerConfigKeys (ConfUtils.java:logGet(46)) - raft.server.retrycache.expirytime = 600000ms (custom)
2022-06-24 23:46:20,192 [pool-358-thread-1] INFO  server.RaftServerConfigKeys (ConfUtils.java:logGet(46)) - raft.server.retrycache.statistics.expirytime = 100μs (default)
2022-06-24 23:46:20,195 [pool-358-thread-1] INFO  server.RaftServerConfigKeys (ConfUtils.java:logGet(46)) - raft.server.log.appender.install.snapshot.enabled = false (custom)
2022-06-24 23:46:20,195 [pool-358-thread-1] INFO  server.RaftServerConfigKeys (ConfUtils.java:logGet(46)) - raft.server.threadpool.server.cached = true (default)
2022-06-24 23:46:20,195 [pool-358-thread-1] INFO  server.RaftServerConfigKeys (ConfUtils.java:logGet(46)) - raft.server.threadpool.server.size = 0 (default)
2022-06-24 23:46:20,195 [pool-358-thread-1] INFO  server.RaftServerConfigKeys (ConfUtils.java:logGet(46)) - raft.server.threadpool.client.cached = true (default)
2022-06-24 23:46:20,195 [pool-358-thread-1] INFO  server.RaftServerConfigKeys (ConfUtils.java:logGet(46)) - raft.server.threadpool.client.size = 0 (default)
2022-06-24 23:46:20,195 [pool-358-thread-1] INFO  server.RaftServer$Division (RaftServerImpl.java:start(310)) - d25249de-707f-41fb-b0bd-e849b78f575c@group-523ABDBB2F30: start as a follower, conf=-1: [8e270ae6-3b8a-4b8d-ba53-7f31af20a9eb|rpc:10.1.0.24:34827|dataStream:|priority:0, c8d3b1b7-e2cb-467c-92f2-e834465c7bf5|rpc:10.1.0.24:45959|dataStream:|priority:1, d25249de-707f-41fb-b0bd-e849b78f575c|rpc:10.1.0.24:36285|dataStream:|priority:0], old=null
2022-06-24 23:46:20,195 [pool-358-thread-1] INFO  server.RaftServer$Division (RaftServerImpl.java:setRole(299)) - d25249de-707f-41fb-b0bd-e849b78f575c@group-523ABDBB2F30: changes role from      null to FOLLOWER at term 0 for startAsFollower
2022-06-24 23:46:20,195 [pool-358-thread-1] INFO  impl.RoleInfo (RoleInfo.java:updateAndGet(139)) - d25249de-707f-41fb-b0bd-e849b78f575c: start d25249de-707f-41fb-b0bd-e849b78f575c@group-523ABDBB2F30-FollowerState
2022-06-24 23:46:20,203 [pool-358-thread-1] INFO  util.JmxRegister (JmxRegister.java:tryRegister(44)) - Successfully registered JMX Bean with object name Ratis:service=RaftServer,group=group-523ABDBB2F30,id=d25249de-707f-41fb-b0bd-e849b78f575c
2022-06-24 23:46:20,299 [grpc-default-executor-0] INFO  server.RaftServer (RaftServerProxy.java:addNew(96)) - 8e270ae6-3b8a-4b8d-ba53-7f31af20a9eb: addNew group-523ABDBB2F30:[8e270ae6-3b8a-4b8d-ba53-7f31af20a9eb|rpc:10.1.0.24:34827|dataStream:|priority:0, c8d3b1b7-e2cb-467c-92f2-e834465c7bf5|rpc:10.1.0.24:45959|dataStream:|priority:1, d25249de-707f-41fb-b0bd-e849b78f575c|rpc:10.1.0.24:36285|dataStream:|priority:0] returns group-523ABDBB2F30:java.util.concurrent.CompletableFuture@2d0fe6ae[Not completed]
2022-06-24 23:46:20,382 [pool-335-thread-1] INFO  server.RaftServer$Division (RaftServerImpl.java:<init>(190)) - 8e270ae6-3b8a-4b8d-ba53-7f31af20a9eb: new RaftServerImpl for group-523ABDBB2F30:[8e270ae6-3b8a-4b8d-ba53-7f31af20a9eb|rpc:10.1.0.24:34827|dataStream:|priority:0, c8d3b1b7-e2cb-467c-92f2-e834465c7bf5|rpc:10.1.0.24:45959|dataStream:|priority:1, d25249de-707f-41fb-b0bd-e849b78f575c|rpc:10.1.0.24:36285|dataStream:|priority:0] with ContainerStateMachine:uninitialized
2022-06-24 23:46:20,382 [pool-335-thread-1] INFO  server.RaftServerConfigKeys (ConfUtils.java:logGet(46)) - raft.server.rpc.timeout.min = 5s (custom)
2022-06-24 23:46:20,382 [pool-335-thread-1] INFO  server.RaftServerConfigKeys (ConfUtils.java:logGet(46)) - raft.server.rpc.timeout.max = 5200ms (custom)
2022-06-24 23:46:20,382 [pool-335-thread-1] INFO  server.RaftServerConfigKeys (ConfUtils.java:logGet(46)) - raft.server.rpc.sleep.time = 25ms (default)
2022-06-24 23:46:20,382 [pool-335-thread-1] INFO  server.RaftServerConfigKeys (ConfUtils.java:logGet(46)) - raft.server.rpc.slowness.timeout = 300s (custom)
2022-06-24 23:46:20,382 [pool-335-thread-1] INFO  server.RaftServerConfigKeys (ConfUtils.java:logGet(46)) - raft.server.leaderelection.leader.step-down.wait-time = 10s (default)
2022-06-24 23:46:20,382 [pool-335-thread-1] INFO  server.RaftServerConfigKeys (ConfUtils.java:logGet(46)) - raft.server.sleep.deviation.threshold = 300ms (default)
2022-06-24 23:46:20,382 [pool-335-thread-1] INFO  server.RaftServer$Division (ServerState.java:<init>(107)) - 8e270ae6-3b8a-4b8d-ba53-7f31af20a9eb@group-523ABDBB2F30: ConfigurationManager, init=-1: [8e270ae6-3b8a-4b8d-ba53-7f31af20a9eb|rpc:10.1.0.24:34827|dataStream:|priority:0, c8d3b1b7-e2cb-467c-92f2-e834465c7bf5|rpc:10.1.0.24:45959|dataStream:|priority:1, d25249de-707f-41fb-b0bd-e849b78f575c|rpc:10.1.0.24:36285|dataStream:|priority:0], old=null, confs=<EMPTY_MAP>
2022-06-24 23:46:20,382 [pool-335-thread-1] INFO  server.RaftServerConfigKeys (ConfUtils.java:logGet(46)) - raft.server.storage.dir = [/home/runner/work/ozone/ozone/hadoop-ozone/integration-test/target/test-dir/MiniOzoneClusterImpl-1c97b964-6e84-44a1-9571-366444e105f6/datanode-1/data/ratis] (custom)
2022-06-24 23:46:20,382 [pool-335-thread-1] INFO  server.RaftServerConfigKeys (ConfUtils.java:logGet(46)) - raft.server.log.corruption.policy = EXCEPTION (default)
2022-06-24 23:46:20,382 [pool-335-thread-1] INFO  server.RaftServerConfigKeys (ConfUtils.java:logGet(46)) - raft.server.storage.free-space.min = 0MB (=0) (default)
2022-06-24 23:46:20,383 [pool-335-thread-1] INFO  storage.RaftStorageDirectory (RaftStorageDirectoryImpl.java:analyzeStorage(135)) - The storage directory /home/runner/work/ozone/ozone/hadoop-ozone/integration-test/target/test-dir/MiniOzoneClusterImpl-1c97b964-6e84-44a1-9571-366444e105f6/datanode-1/data/ratis/410ad4d1-ad0b-41c3-a567-523abdbb2f30 does not exist. Creating ...
2022-06-24 23:46:20,410 [pool-335-thread-1] INFO  storage.RaftStorageDirectory (RaftStorageDirectoryImpl.java:tryLock(230)) - Lock on /home/runner/work/ozone/ozone/hadoop-ozone/integration-test/target/test-dir/MiniOzoneClusterImpl-1c97b964-6e84-44a1-9571-366444e105f6/datanode-1/data/ratis/410ad4d1-ad0b-41c3-a567-523abdbb2f30/in_use.lock acquired by nodename 11308@fv-az21-224
2022-06-24 23:46:20,438 [pool-335-thread-1] INFO  storage.RaftStorage (RaftStorageImpl.java:format(89)) - Storage directory /home/runner/work/ozone/ozone/hadoop-ozone/integration-test/target/test-dir/MiniOzoneClusterImpl-1c97b964-6e84-44a1-9571-366444e105f6/datanode-1/data/ratis/410ad4d1-ad0b-41c3-a567-523abdbb2f30 has been successfully formatted.
2022-06-24 23:46:20,447 [pool-335-thread-1] INFO  ratis.ContainerStateMachine (ContainerStateMachine.java:loadSnapshot(236)) - group-523ABDBB2F30: The snapshot info is null. Setting the last applied indexto:(t:0, i:~)
2022-06-24 23:46:20,447 [pool-335-thread-1] INFO  server.RaftServerConfigKeys (ConfUtils.java:logGet(46)) - raft.server.notification.no-leader.timeout = 300s (custom)
2022-06-24 23:46:20,447 [pool-335-thread-1] INFO  server.RaftServerConfigKeys (ConfUtils.java:logGet(46)) - raft.server.log.use.memory = false (default)
2022-06-24 23:46:20,447 [pool-335-thread-1] INFO  server.RaftServerConfigKeys (ConfUtils.java:logGet(46)) - raft.server.log.purge.gap = 1000000 (custom)
2022-06-24 23:46:20,447 [pool-335-thread-1] INFO  server.RaftServerConfigKeys (ConfUtils.java:logGet(46)) - raft.server.log.appender.buffer.byte-limit = 33554432 (custom)
2022-06-24 23:46:20,447 [pool-335-thread-1] INFO  server.RaftServerConfigKeys (ConfUtils.java:logGet(46)) - raft.server.log.statemachine.data.read.timeout = 1000ms (default)
2022-06-24 23:46:20,447 [pool-335-thread-1] INFO  server.RaftServerConfigKeys (ConfUtils.java:logGet(46)) - raft.server.log.segment.size.max = 1048576 (custom)
2022-06-24 23:46:20,448 [pool-335-thread-1] INFO  server.RaftServerConfigKeys (ConfUtils.java:logGet(46)) - raft.server.log.segment.cache.num.max = 2 (custom)
2022-06-24 23:46:20,448 [pool-335-thread-1] INFO  server.RaftServerConfigKeys (ConfUtils.java:logGet(46)) - raft.server.log.segment.cache.size.max = 200MB (=209715200) (default)
2022-06-24 23:46:20,448 [pool-335-thread-1] INFO  segmented.SegmentedRaftLogWorker (SegmentedRaftLogWorker.java:<init>(187)) - new 8e270ae6-3b8a-4b8d-ba53-7f31af20a9eb@group-523ABDBB2F30-SegmentedRaftLogWorker for RaftStorageImpl:Storage Directory /home/runner/work/ozone/ozone/hadoop-ozone/integration-test/target/test-dir/MiniOzoneClusterImpl-1c97b964-6e84-44a1-9571-366444e105f6/datanode-1/data/ratis/410ad4d1-ad0b-41c3-a567-523abdbb2f30
2022-06-24 23:46:20,448 [pool-335-thread-1] INFO  server.RaftServerConfigKeys (ConfUtils.java:logGet(46)) - raft.server.log.queue.byte-limit = 4294967296 (custom)
2022-06-24 23:46:20,448 [pool-335-thread-1] INFO  server.RaftServerConfigKeys (ConfUtils.java:logGet(46)) - raft.server.log.queue.element-limit = 1024 (custom)
2022-06-24 23:46:20,448 [pool-335-thread-1] INFO  server.RaftServerConfigKeys (ConfUtils.java:logGet(46)) - raft.server.log.segment.size.max = 1048576 (custom)
2022-06-24 23:46:20,448 [pool-335-thread-1] INFO  server.RaftServerConfigKeys (ConfUtils.java:logGet(46)) - raft.server.log.preallocated.size = 16384 (custom)
2022-06-24 23:46:20,448 [pool-335-thread-1] INFO  server.RaftServerConfigKeys (ConfUtils.java:logGet(46)) - raft.server.log.force.sync.num = 128 (default)
2022-06-24 23:46:20,448 [pool-335-thread-1] INFO  server.RaftServerConfigKeys (ConfUtils.java:logGet(46)) - raft.server.log.statemachine.data.sync = true (default)
2022-06-24 23:46:20,448 [pool-335-thread-1] INFO  server.RaftServerConfigKeys (ConfUtils.java:logGet(46)) - raft.server.log.statemachine.data.sync.timeout = 10s (default)
2022-06-24 23:46:20,448 [pool-335-thread-1] INFO  server.RaftServerConfigKeys (ConfUtils.java:logGet(46)) - raft.server.log.statemachine.data.sync.timeout.retry = -1 (default)
2022-06-24 23:46:20,463 [pool-335-thread-1] INFO  server.RaftServerConfigKeys (ConfUtils.java:logGet(46)) - raft.server.log.write.buffer.size = 1048576 (custom)
2022-06-24 23:46:20,463 [pool-335-thread-1] INFO  server.RaftServerConfigKeys (ConfUtils.java:logGet(46)) - raft.server.log.unsafe-flush.enabled = false (default)
2022-06-24 23:46:20,463 [pool-335-thread-1] INFO  server.RaftServerConfigKeys (ConfUtils.java:logGet(46)) - raft.server.log.statemachine.data.caching.enabled = true (custom)
2022-06-24 23:46:20,463 [pool-335-thread-1] INFO  segmented.SegmentedRaftLogWorker (SegmentedRaftLogWorker.java:lambda$new$0(135)) - 8e270ae6-3b8a-4b8d-ba53-7f31af20a9eb@group-523ABDBB2F30-SegmentedRaftLogWorker: flushIndex: setUnconditionally 0 -> -1
2022-06-24 23:46:20,463 [pool-335-thread-1] INFO  segmented.SegmentedRaftLogWorker (SegmentedRaftLogWorker.java:lambda$new$0(135)) - 8e270ae6-3b8a-4b8d-ba53-7f31af20a9eb@group-523ABDBB2F30-SegmentedRaftLogWorker: safeCacheEvictIndex: setUnconditionally 0 -> -1
2022-06-24 23:46:20,475 [pool-335-thread-1] INFO  server.RaftServerConfigKeys (ConfUtils.java:logGet(46)) - raft.server.snapshot.auto.trigger.enabled = true (custom)
2022-06-24 23:46:20,475 [pool-335-thread-1] INFO  server.RaftServerConfigKeys (ConfUtils.java:logGet(46)) - raft.server.snapshot.auto.trigger.threshold = 10000 (custom)
2022-06-24 23:46:20,475 [pool-335-thread-1] INFO  server.RaftServerConfigKeys (ConfUtils.java:logGet(46)) - raft.server.snapshot.retention.file.num = 5 (custom)
2022-06-24 23:46:20,475 [pool-335-thread-1] INFO  server.RaftServerConfigKeys (ConfUtils.java:logGet(46)) - raft.server.log.purge.upto.snapshot.index = false (default)
2022-06-24 23:46:20,475 [pool-335-thread-1] INFO  server.RaftServerConfigKeys (ConfUtils.java:logGet(46)) - raft.server.retrycache.expirytime = 600000ms (custom)
2022-06-24 23:46:20,475 [pool-335-thread-1] INFO  server.RaftServerConfigKeys (ConfUtils.java:logGet(46)) - raft.server.retrycache.statistics.expirytime = 100μs (default)
2022-06-24 23:46:20,476 [pool-335-thread-1] INFO  server.RaftServerConfigKeys (ConfUtils.java:logGet(46)) - raft.server.log.appender.install.snapshot.enabled = false (custom)
2022-06-24 23:46:20,476 [pool-335-thread-1] INFO  server.RaftServerConfigKeys (ConfUtils.java:logGet(46)) - raft.server.threadpool.server.cached = true (default)
2022-06-24 23:46:20,476 [pool-335-thread-1] INFO  server.RaftServerConfigKeys (ConfUtils.java:logGet(46)) - raft.server.threadpool.server.size = 0 (default)
2022-06-24 23:46:20,476 [pool-335-thread-1] INFO  server.RaftServerConfigKeys (ConfUtils.java:logGet(46)) - raft.server.threadpool.client.cached = true (default)
2022-06-24 23:46:20,476 [pool-335-thread-1] INFO  server.RaftServerConfigKeys (ConfUtils.java:logGet(46)) - raft.server.threadpool.client.size = 0 (default)
2022-06-24 23:46:20,477 [pool-335-thread-1] INFO  server.RaftServer$Division (RaftServerImpl.java:start(310)) - 8e270ae6-3b8a-4b8d-ba53-7f31af20a9eb@group-523ABDBB2F30: start as a follower, conf=-1: [8e270ae6-3b8a-4b8d-ba53-7f31af20a9eb|rpc:10.1.0.24:34827|dataStream:|priority:0, c8d3b1b7-e2cb-467c-92f2-e834465c7bf5|rpc:10.1.0.24:45959|dataStream:|priority:1, d25249de-707f-41fb-b0bd-e849b78f575c|rpc:10.1.0.24:36285|dataStream:|priority:0], old=null
2022-06-24 23:46:20,477 [pool-335-thread-1] INFO  server.RaftServer$Division (RaftServerImpl.java:setRole(299)) - 8e270ae6-3b8a-4b8d-ba53-7f31af20a9eb@group-523ABDBB2F30: changes role from      null to FOLLOWER at term 0 for startAsFollower
2022-06-24 23:46:20,477 [pool-335-thread-1] INFO  impl.RoleInfo (RoleInfo.java:updateAndGet(139)) - 8e270ae6-3b8a-4b8d-ba53-7f31af20a9eb: start 8e270ae6-3b8a-4b8d-ba53-7f31af20a9eb@group-523ABDBB2F30-FollowerState
2022-06-24 23:46:20,483 [pool-335-thread-1] INFO  util.JmxRegister (JmxRegister.java:tryRegister(44)) - Successfully registered JMX Bean with object name Ratis:service=RaftServer,group=group-523ABDBB2F30,id=8e270ae6-3b8a-4b8d-ba53-7f31af20a9eb
2022-06-24 23:46:20,523 [Command processor thread] INFO  commandhandler.CreatePipelineCommandHandler (CreatePipelineCommandHandler.java:handle(113)) - Created Pipeline RATIS THREE PipelineID=410ad4d1-ad0b-41c3-a567-523abdbb2f30.
2022-06-24 23:46:20,524 [Command processor thread] INFO  server.RaftServer (RaftServerProxy.java:addNew(96)) - c8d3b1b7-e2cb-467c-92f2-e834465c7bf5: addNew group-2E3355F2685F:[8e270ae6-3b8a-4b8d-ba53-7f31af20a9eb|rpc:10.1.0.24:34827|priority:0, c8d3b1b7-e2cb-467c-92f2-e834465c7bf5|rpc:10.1.0.24:45959|priority:0, d25249de-707f-41fb-b0bd-e849b78f575c|rpc:10.1.0.24:36285|priority:1] returns group-2E3355F2685F:java.util.concurrent.CompletableFuture@c1755f7[Not completed]
2022-06-24 23:46:20,525 [pool-312-thread-1] INFO  server.RaftServer$Division (RaftServerImpl.java:<init>(190)) - c8d3b1b7-e2cb-467c-92f2-e834465c7bf5: new RaftServerImpl for group-2E3355F2685F:[8e270ae6-3b8a-4b8d-ba53-7f31af20a9eb|rpc:10.1.0.24:34827|priority:0, c8d3b1b7-e2cb-467c-92f2-e834465c7bf5|rpc:10.1.0.24:45959|priority:0, d25249de-707f-41fb-b0bd-e849b78f575c|rpc:10.1.0.24:36285|priority:1] with ContainerStateMachine:uninitialized
2022-06-24 23:46:20,525 [pool-312-thread-1] INFO  server.RaftServerConfigKeys (ConfUtils.java:logGet(46)) - raft.server.rpc.timeout.min = 5s (custom)
2022-06-24 23:46:20,525 [pool-312-thread-1] INFO  server.RaftServerConfigKeys (ConfUtils.java:logGet(46)) - raft.server.rpc.timeout.max = 5200ms (custom)
2022-06-24 23:46:20,525 [pool-312-thread-1] INFO  server.RaftServerConfigKeys (ConfUtils.java:logGet(46)) - raft.server.rpc.sleep.time = 25ms (default)
2022-06-24 23:46:20,525 [pool-312-thread-1] INFO  server.RaftServerConfigKeys (ConfUtils.java:logGet(46)) - raft.server.rpc.slowness.timeout = 300s (custom)
2022-06-24 23:46:20,525 [pool-312-thread-1] INFO  server.RaftServerConfigKeys (ConfUtils.java:logGet(46)) - raft.server.leaderelection.leader.step-down.wait-time = 10s (default)
2022-06-24 23:46:20,525 [pool-312-thread-1] INFO  server.RaftServerConfigKeys (ConfUtils.java:logGet(46)) - raft.server.sleep.deviation.threshold = 300ms (default)
2022-06-24 23:46:20,525 [pool-312-thread-1] INFO  server.RaftServer$Division (ServerState.java:<init>(107)) - c8d3b1b7-e2cb-467c-92f2-e834465c7bf5@group-2E3355F2685F: ConfigurationManager, init=-1: [8e270ae6-3b8a-4b8d-ba53-7f31af20a9eb|rpc:10.1.0.24:34827|priority:0, c8d3b1b7-e2cb-467c-92f2-e834465c7bf5|rpc:10.1.0.24:45959|priority:0, d25249de-707f-41fb-b0bd-e849b78f575c|rpc:10.1.0.24:36285|priority:1], old=null, confs=<EMPTY_MAP>
2022-06-24 23:46:20,525 [pool-312-thread-1] INFO  server.RaftServerConfigKeys (ConfUtils.java:logGet(46)) - raft.server.storage.dir = [/home/runner/work/ozone/ozone/hadoop-ozone/integration-test/target/test-dir/MiniOzoneClusterImpl-1c97b964-6e84-44a1-9571-366444e105f6/datanode-0/data/ratis] (custom)
2022-06-24 23:46:20,525 [pool-312-thread-1] INFO  server.RaftServerConfigKeys (ConfUtils.java:logGet(46)) - raft.server.log.corruption.policy = EXCEPTION (default)
2022-06-24 23:46:20,525 [pool-312-thread-1] INFO  server.RaftServerConfigKeys (ConfUtils.java:logGet(46)) - raft.server.storage.free-space.min = 0MB (=0) (default)
2022-06-24 23:46:20,525 [pool-312-thread-1] INFO  storage.RaftStorageDirectory (RaftStorageDirectoryImpl.java:analyzeStorage(135)) - The storage directory /home/runner/work/ozone/ozone/hadoop-ozone/integration-test/target/test-dir/MiniOzoneClusterImpl-1c97b964-6e84-44a1-9571-366444e105f6/datanode-0/data/ratis/9900d6f9-93af-45af-be90-2e3355f2685f does not exist. Creating ...
2022-06-24 23:46:20,532 [pool-312-thread-1] INFO  storage.RaftStorageDirectory (RaftStorageDirectoryImpl.java:tryLock(230)) - Lock on /home/runner/work/ozone/ozone/hadoop-ozone/integration-test/target/test-dir/MiniOzoneClusterImpl-1c97b964-6e84-44a1-9571-366444e105f6/datanode-0/data/ratis/9900d6f9-93af-45af-be90-2e3355f2685f/in_use.lock acquired by nodename 11308@fv-az21-224
2022-06-24 23:46:20,533 [pool-312-thread-1] INFO  storage.RaftStorage (RaftStorageImpl.java:format(89)) - Storage directory /home/runner/work/ozone/ozone/hadoop-ozone/integration-test/target/test-dir/MiniOzoneClusterImpl-1c97b964-6e84-44a1-9571-366444e105f6/datanode-0/data/ratis/9900d6f9-93af-45af-be90-2e3355f2685f has been successfully formatted.
2022-06-24 23:46:20,534 [pool-312-thread-1] INFO  ratis.ContainerStateMachine (ContainerStateMachine.java:loadSnapshot(236)) - group-2E3355F2685F: The snapshot info is null. Setting the last applied indexto:(t:0, i:~)
2022-06-24 23:46:20,534 [pool-312-thread-1] INFO  server.RaftServerConfigKeys (ConfUtils.java:logGet(46)) - raft.server.notification.no-leader.timeout = 300s (custom)
2022-06-24 23:46:20,534 [pool-312-thread-1] INFO  server.RaftServerConfigKeys (ConfUtils.java:logGet(46)) - raft.server.log.use.memory = false (default)
2022-06-24 23:46:20,534 [pool-312-thread-1] INFO  server.RaftServerConfigKeys (ConfUtils.java:logGet(46)) - raft.server.log.purge.gap = 1000000 (custom)
2022-06-24 23:46:20,534 [pool-312-thread-1] INFO  server.RaftServerConfigKeys (ConfUtils.java:logGet(46)) - raft.server.log.appender.buffer.byte-limit = 33554432 (custom)
2022-06-24 23:46:20,534 [pool-312-thread-1] INFO  server.RaftServerConfigKeys (ConfUtils.java:logGet(46)) - raft.server.log.statemachine.data.read.timeout = 1000ms (default)
2022-06-24 23:46:20,534 [pool-312-thread-1] INFO  server.RaftServerConfigKeys (ConfUtils.java:logGet(46)) - raft.server.log.segment.size.max = 1048576 (custom)
2022-06-24 23:46:20,534 [pool-312-thread-1] INFO  server.RaftServerConfigKeys (ConfUtils.java:logGet(46)) - raft.server.log.segment.cache.num.max = 2 (custom)
2022-06-24 23:46:20,535 [pool-312-thread-1] INFO  server.RaftServerConfigKeys (ConfUtils.java:logGet(46)) - raft.server.log.segment.cache.size.max = 200MB (=209715200) (default)
2022-06-24 23:46:20,535 [pool-312-thread-1] INFO  segmented.SegmentedRaftLogWorker (SegmentedRaftLogWorker.java:<init>(187)) - new c8d3b1b7-e2cb-467c-92f2-e834465c7bf5@group-2E3355F2685F-SegmentedRaftLogWorker for RaftStorageImpl:Storage Directory /home/runner/work/ozone/ozone/hadoop-ozone/integration-test/target/test-dir/MiniOzoneClusterImpl-1c97b964-6e84-44a1-9571-366444e105f6/datanode-0/data/ratis/9900d6f9-93af-45af-be90-2e3355f2685f
2022-06-24 23:46:20,535 [pool-312-thread-1] INFO  server.RaftServerConfigKeys (ConfUtils.java:logGet(46)) - raft.server.log.queue.byte-limit = 4294967296 (custom)
2022-06-24 23:46:20,535 [pool-312-thread-1] INFO  server.RaftServerConfigKeys (ConfUtils.java:logGet(46)) - raft.server.log.queue.element-limit = 1024 (custom)
2022-06-24 23:46:20,535 [pool-312-thread-1] INFO  server.RaftServerConfigKeys (ConfUtils.java:logGet(46)) - raft.server.log.segment.size.max = 1048576 (custom)
2022-06-24 23:46:20,535 [pool-312-thread-1] INFO  server.RaftServerConfigKeys (ConfUtils.java:logGet(46)) - raft.server.log.preallocated.size = 16384 (custom)
2022-06-24 23:46:20,535 [pool-312-thread-1] INFO  server.RaftServerConfigKeys (ConfUtils.java:logGet(46)) - raft.server.log.force.sync.num = 128 (default)
2022-06-24 23:46:20,536 [pool-312-thread-1] INFO  server.RaftServerConfigKeys (ConfUtils.java:logGet(46)) - raft.server.log.statemachine.data.sync = true (default)
2022-06-24 23:46:20,536 [pool-312-thread-1] INFO  server.RaftServerConfigKeys (ConfUtils.java:logGet(46)) - raft.server.log.statemachine.data.sync.timeout = 10s (default)
2022-06-24 23:46:20,536 [pool-312-thread-1] INFO  server.RaftServerConfigKeys (ConfUtils.java:logGet(46)) - raft.server.log.statemachine.data.sync.timeout.retry = -1 (default)
2022-06-24 23:46:20,537 [pool-312-thread-1] INFO  server.RaftServerConfigKeys (ConfUtils.java:logGet(46)) - raft.server.log.write.buffer.size = 1048576 (custom)
2022-06-24 23:46:20,537 [pool-312-thread-1] INFO  server.RaftServerConfigKeys (ConfUtils.java:logGet(46)) - raft.server.log.unsafe-flush.enabled = false (default)
2022-06-24 23:46:20,537 [pool-312-thread-1] INFO  server.RaftServerConfigKeys (ConfUtils.java:logGet(46)) - raft.server.log.statemachine.data.caching.enabled = true (custom)
2022-06-24 23:46:20,538 [pool-312-thread-1] INFO  segmented.SegmentedRaftLogWorker (SegmentedRaftLogWorker.java:lambda$new$0(135)) - c8d3b1b7-e2cb-467c-92f2-e834465c7bf5@group-2E3355F2685F-SegmentedRaftLogWorker: flushIndex: setUnconditionally 0 -> -1
2022-06-24 23:46:20,538 [pool-312-thread-1] INFO  segmented.SegmentedRaftLogWorker (SegmentedRaftLogWorker.java:lambda$new$0(135)) - c8d3b1b7-e2cb-467c-92f2-e834465c7bf5@group-2E3355F2685F-SegmentedRaftLogWorker: safeCacheEvictIndex: setUnconditionally 0 -> -1
2022-06-24 23:46:20,539 [pool-312-thread-1] INFO  server.RaftServerConfigKeys (ConfUtils.java:logGet(46)) - raft.server.snapshot.auto.trigger.enabled = true (custom)
2022-06-24 23:46:20,539 [pool-312-thread-1] INFO  server.RaftServerConfigKeys (ConfUtils.java:logGet(46)) - raft.server.snapshot.auto.trigger.threshold = 10000 (custom)
2022-06-24 23:46:20,539 [pool-312-thread-1] INFO  server.RaftServerConfigKeys (ConfUtils.java:logGet(46)) - raft.server.snapshot.retention.file.num = 5 (custom)
2022-06-24 23:46:20,539 [pool-312-thread-1] INFO  server.RaftServerConfigKeys (ConfUtils.java:logGet(46)) - raft.server.log.purge.upto.snapshot.index = false (default)
2022-06-24 23:46:20,539 [pool-312-thread-1] INFO  server.RaftServerConfigKeys (ConfUtils.java:logGet(46)) - raft.server.retrycache.expirytime = 600000ms (custom)
2022-06-24 23:46:20,539 [pool-312-thread-1] INFO  server.RaftServerConfigKeys (ConfUtils.java:logGet(46)) - raft.server.retrycache.statistics.expirytime = 100μs (default)
2022-06-24 23:46:20,540 [pool-312-thread-1] INFO  server.RaftServerConfigKeys (ConfUtils.java:logGet(46)) - raft.server.log.appender.install.snapshot.enabled = false (custom)
2022-06-24 23:46:20,540 [pool-312-thread-1] INFO  server.RaftServerConfigKeys (ConfUtils.java:logGet(46)) - raft.server.threadpool.server.cached = true (default)
2022-06-24 23:46:20,540 [pool-312-thread-1] INFO  server.RaftServerConfigKeys (ConfUtils.java:logGet(46)) - raft.server.threadpool.server.size = 0 (default)
2022-06-24 23:46:20,540 [pool-312-thread-1] INFO  server.RaftServerConfigKeys (ConfUtils.java:logGet(46)) - raft.server.threadpool.client.cached = true (default)
2022-06-24 23:46:20,540 [pool-312-thread-1] INFO  server.RaftServerConfigKeys (ConfUtils.java:logGet(46)) - raft.server.threadpool.client.size = 0 (default)
2022-06-24 23:46:20,540 [pool-312-thread-1] INFO  server.RaftServer$Division (RaftServerImpl.java:start(310)) - c8d3b1b7-e2cb-467c-92f2-e834465c7bf5@group-2E3355F2685F: start as a follower, conf=-1: [8e270ae6-3b8a-4b8d-ba53-7f31af20a9eb|rpc:10.1.0.24:34827|priority:0, c8d3b1b7-e2cb-467c-92f2-e834465c7bf5|rpc:10.1.0.24:45959|priority:0, d25249de-707f-41fb-b0bd-e849b78f575c|rpc:10.1.0.24:36285|priority:1], old=null
2022-06-24 23:46:20,540 [pool-312-thread-1] INFO  server.RaftServer$Division (RaftServerImpl.java:setRole(299)) - c8d3b1b7-e2cb-467c-92f2-e834465c7bf5@group-2E3355F2685F: changes role from      null to FOLLOWER at term 0 for startAsFollower
2022-06-24 23:46:20,540 [pool-312-thread-1] INFO  impl.RoleInfo (RoleInfo.java:updateAndGet(139)) - c8d3b1b7-e2cb-467c-92f2-e834465c7bf5: start c8d3b1b7-e2cb-467c-92f2-e834465c7bf5@group-2E3355F2685F-FollowerState
2022-06-24 23:46:20,554 [pool-312-thread-1] INFO  util.JmxRegister (JmxRegister.java:tryRegister(44)) - Successfully registered JMX Bean with object name Ratis:service=RaftServer,group=group-2E3355F2685F,id=c8d3b1b7-e2cb-467c-92f2-e834465c7bf5
2022-06-24 23:46:20,558 [Command processor thread] INFO  ratis.XceiverServerRatis (XceiverServerRatis.java:addGroup(765)) - Created group PipelineID=9900d6f9-93af-45af-be90-2e3355f2685f
2022-06-24 23:46:20,567 [EventQueue-OpenPipelineForHealthyPipelineSafeModeRule] INFO  safemode.SCMSafeModeManager (HealthyPipelineSafeModeRule.java:process(124)) - SCM in safe mode. Healthy pipelines reported count is 0, required healthy pipeline reported count is 1
2022-06-24 23:46:20,595 [grpc-default-executor-0] INFO  server.RaftServer (RaftServerProxy.java:addNew(96)) - d25249de-707f-41fb-b0bd-e849b78f575c: addNew group-2E3355F2685F:[8e270ae6-3b8a-4b8d-ba53-7f31af20a9eb|rpc:10.1.0.24:34827|dataStream:|priority:0, c8d3b1b7-e2cb-467c-92f2-e834465c7bf5|rpc:10.1.0.24:45959|dataStream:|priority:0, d25249de-707f-41fb-b0bd-e849b78f575c|rpc:10.1.0.24:36285|dataStream:|priority:1] returns group-2E3355F2685F:java.util.concurrent.CompletableFuture@46500163[Not completed]
2022-06-24 23:46:20,596 [pool-358-thread-1] INFO  server.RaftServer$Division (RaftServerImpl.java:<init>(190)) - d25249de-707f-41fb-b0bd-e849b78f575c: new RaftServerImpl for group-2E3355F2685F:[8e270ae6-3b8a-4b8d-ba53-7f31af20a9eb|rpc:10.1.0.24:34827|dataStream:|priority:0, c8d3b1b7-e2cb-467c-92f2-e834465c7bf5|rpc:10.1.0.24:45959|dataStream:|priority:0, d25249de-707f-41fb-b0bd-e849b78f575c|rpc:10.1.0.24:36285|dataStream:|priority:1] with ContainerStateMachine:uninitialized
2022-06-24 23:46:20,596 [pool-358-thread-1] INFO  server.RaftServerConfigKeys (ConfUtils.java:logGet(46)) - raft.server.rpc.timeout.min = 5s (custom)
2022-06-24 23:46:20,596 [pool-358-thread-1] INFO  server.RaftServerConfigKeys (ConfUtils.java:logGet(46)) - raft.server.rpc.timeout.max = 5200ms (custom)
2022-06-24 23:46:20,596 [pool-358-thread-1] INFO  server.RaftServerConfigKeys (ConfUtils.java:logGet(46)) - raft.server.rpc.sleep.time = 25ms (default)
2022-06-24 23:46:20,596 [pool-358-thread-1] INFO  server.RaftServerConfigKeys (ConfUtils.java:logGet(46)) - raft.server.rpc.slowness.timeout = 300s (custom)
2022-06-24 23:46:20,596 [pool-358-thread-1] INFO  server.RaftServerConfigKeys (ConfUtils.java:logGet(46)) - raft.server.leaderelection.leader.step-down.wait-time = 10s (default)
2022-06-24 23:46:20,596 [pool-358-thread-1] INFO  server.RaftServerConfigKeys (ConfUtils.java:logGet(46)) - raft.server.sleep.deviation.threshold = 300ms (default)
2022-06-24 23:46:20,596 [pool-358-thread-1] INFO  server.RaftServer$Division (ServerState.java:<init>(107)) - d25249de-707f-41fb-b0bd-e849b78f575c@group-2E3355F2685F: ConfigurationManager, init=-1: [8e270ae6-3b8a-4b8d-ba53-7f31af20a9eb|rpc:10.1.0.24:34827|dataStream:|priority:0, c8d3b1b7-e2cb-467c-92f2-e834465c7bf5|rpc:10.1.0.24:45959|dataStream:|priority:0, d25249de-707f-41fb-b0bd-e849b78f575c|rpc:10.1.0.24:36285|dataStream:|priority:1], old=null, confs=<EMPTY_MAP>
2022-06-24 23:46:20,597 [pool-358-thread-1] INFO  server.RaftServerConfigKeys (ConfUtils.java:logGet(46)) - raft.server.storage.dir = [/home/runner/work/ozone/ozone/hadoop-ozone/integration-test/target/test-dir/MiniOzoneClusterImpl-1c97b964-6e84-44a1-9571-366444e105f6/datanode-2/data/ratis] (custom)
2022-06-24 23:46:20,597 [pool-358-thread-1] INFO  server.RaftServerConfigKeys (ConfUtils.java:logGet(46)) - raft.server.log.corruption.policy = EXCEPTION (default)
2022-06-24 23:46:20,597 [pool-358-thread-1] INFO  server.RaftServerConfigKeys (ConfUtils.java:logGet(46)) - raft.server.storage.free-space.min = 0MB (=0) (default)
2022-06-24 23:46:20,597 [pool-358-thread-1] INFO  storage.RaftStorageDirectory (RaftStorageDirectoryImpl.java:analyzeStorage(135)) - The storage directory /home/runner/work/ozone/ozone/hadoop-ozone/integration-test/target/test-dir/MiniOzoneClusterImpl-1c97b964-6e84-44a1-9571-366444e105f6/datanode-2/data/ratis/9900d6f9-93af-45af-be90-2e3355f2685f does not exist. Creating ...
2022-06-24 23:46:20,598 [pool-358-thread-1] INFO  storage.RaftStorageDirectory (RaftStorageDirectoryImpl.java:tryLock(230)) - Lock on /home/runner/work/ozone/ozone/hadoop-ozone/integration-test/target/test-dir/MiniOzoneClusterImpl-1c97b964-6e84-44a1-9571-366444e105f6/datanode-2/data/ratis/9900d6f9-93af-45af-be90-2e3355f2685f/in_use.lock acquired by nodename 11308@fv-az21-224
2022-06-24 23:46:20,599 [pool-358-thread-1] INFO  storage.RaftStorage (RaftStorageImpl.java:format(89)) - Storage directory /home/runner/work/ozone/ozone/hadoop-ozone/integration-test/target/test-dir/MiniOzoneClusterImpl-1c97b964-6e84-44a1-9571-366444e105f6/datanode-2/data/ratis/9900d6f9-93af-45af-be90-2e3355f2685f has been successfully formatted.
2022-06-24 23:46:20,600 [pool-358-thread-1] INFO  ratis.ContainerStateMachine (ContainerStateMachine.java:loadSnapshot(236)) - group-2E3355F2685F: The snapshot info is null. Setting the last applied indexto:(t:0, i:~)
2022-06-24 23:46:20,600 [pool-358-thread-1] INFO  server.RaftServerConfigKeys (ConfUtils.java:logGet(46)) - raft.server.notification.no-leader.timeout = 300s (custom)
2022-06-24 23:46:20,600 [pool-358-thread-1] INFO  server.RaftServerConfigKeys (ConfUtils.java:logGet(46)) - raft.server.log.use.memory = false (default)
2022-06-24 23:46:20,600 [pool-358-thread-1] INFO  server.RaftServerConfigKeys (ConfUtils.java:logGet(46)) - raft.server.log.purge.gap = 1000000 (custom)
2022-06-24 23:46:20,600 [pool-358-thread-1] INFO  server.RaftServerConfigKeys (ConfUtils.java:logGet(46)) - raft.server.log.appender.buffer.byte-limit = 33554432 (custom)
2022-06-24 23:46:20,600 [pool-358-thread-1] INFO  server.RaftServerConfigKeys (ConfUtils.java:logGet(46)) - raft.server.log.statemachine.data.read.timeout = 1000ms (default)
2022-06-24 23:46:20,600 [pool-358-thread-1] INFO  server.RaftServerConfigKeys (ConfUtils.java:logGet(46)) - raft.server.log.segment.size.max = 1048576 (custom)
2022-06-24 23:46:20,601 [pool-358-thread-1] INFO  server.RaftServerConfigKeys (ConfUtils.java:logGet(46)) - raft.server.log.segment.cache.num.max = 2 (custom)
2022-06-24 23:46:20,601 [pool-358-thread-1] INFO  server.RaftServerConfigKeys (ConfUtils.java:logGet(46)) - raft.server.log.segment.cache.size.max = 200MB (=209715200) (default)
2022-06-24 23:46:20,601 [pool-358-thread-1] INFO  segmented.SegmentedRaftLogWorker (SegmentedRaftLogWorker.java:<init>(187)) - new d25249de-707f-41fb-b0bd-e849b78f575c@group-2E3355F2685F-SegmentedRaftLogWorker for RaftStorageImpl:Storage Directory /home/runner/work/ozone/ozone/hadoop-ozone/integration-test/target/test-dir/MiniOzoneClusterImpl-1c97b964-6e84-44a1-9571-366444e105f6/datanode-2/data/ratis/9900d6f9-93af-45af-be90-2e3355f2685f
2022-06-24 23:46:20,601 [pool-358-thread-1] INFO  server.RaftServerConfigKeys (ConfUtils.java:logGet(46)) - raft.server.log.queue.byte-limit = 4294967296 (custom)
2022-06-24 23:46:20,601 [pool-358-thread-1] INFO  server.RaftServerConfigKeys (ConfUtils.java:logGet(46)) - raft.server.log.queue.element-limit = 1024 (custom)
2022-06-24 23:46:20,601 [pool-358-thread-1] INFO  server.RaftServerConfigKeys (ConfUtils.java:logGet(46)) - raft.server.log.segment.size.max = 1048576 (custom)
2022-06-24 23:46:20,601 [pool-358-thread-1] INFO  server.RaftServerConfigKeys (ConfUtils.java:logGet(46)) - raft.server.log.preallocated.size = 16384 (custom)
2022-06-24 23:46:20,601 [pool-358-thread-1] INFO  server.RaftServerConfigKeys (ConfUtils.java:logGet(46)) - raft.server.log.force.sync.num = 128 (default)
2022-06-24 23:46:20,601 [pool-358-thread-1] INFO  server.RaftServerConfigKeys (ConfUtils.java:logGet(46)) - raft.server.log.statemachine.data.sync = true (default)
2022-06-24 23:46:20,601 [pool-358-thread-1] INFO  server.RaftServerConfigKeys (ConfUtils.java:logGet(46)) - raft.server.log.statemachine.data.sync.timeout = 10s (default)
2022-06-24 23:46:20,601 [pool-358-thread-1] INFO  server.RaftServerConfigKeys (ConfUtils.java:logGet(46)) - raft.server.log.statemachine.data.sync.timeout.retry = -1 (default)
2022-06-24 23:46:20,602 [pool-358-thread-1] INFO  server.RaftServerConfigKeys (ConfUtils.java:logGet(46)) - raft.server.log.write.buffer.size = 1048576 (custom)
2022-06-24 23:46:20,602 [pool-358-thread-1] INFO  server.RaftServerConfigKeys (ConfUtils.java:logGet(46)) - raft.server.log.unsafe-flush.enabled = false (default)
2022-06-24 23:46:20,602 [pool-358-thread-1] INFO  server.RaftServerConfigKeys (ConfUtils.java:logGet(46)) - raft.server.log.statemachine.data.caching.enabled = true (custom)
2022-06-24 23:46:20,602 [pool-358-thread-1] INFO  segmented.SegmentedRaftLogWorker (SegmentedRaftLogWorker.java:lambda$new$0(135)) - d25249de-707f-41fb-b0bd-e849b78f575c@group-2E3355F2685F-SegmentedRaftLogWorker: flushIndex: setUnconditionally 0 -> -1
2022-06-24 23:46:20,602 [pool-358-thread-1] INFO  segmented.SegmentedRaftLogWorker (SegmentedRaftLogWorker.java:lambda$new$0(135)) - d25249de-707f-41fb-b0bd-e849b78f575c@group-2E3355F2685F-SegmentedRaftLogWorker: safeCacheEvictIndex: setUnconditionally 0 -> -1
2022-06-24 23:46:20,609 [pool-358-thread-1] INFO  server.RaftServerConfigKeys (ConfUtils.java:logGet(46)) - raft.server.snapshot.auto.trigger.enabled = true (custom)
2022-06-24 23:46:20,609 [pool-358-thread-1] INFO  server.RaftServerConfigKeys (ConfUtils.java:logGet(46)) - raft.server.snapshot.auto.trigger.threshold = 10000 (custom)
2022-06-24 23:46:20,610 [pool-358-thread-1] INFO  server.RaftServerConfigKeys (ConfUtils.java:logGet(46)) - raft.server.snapshot.retention.file.num = 5 (custom)
2022-06-24 23:46:20,610 [pool-358-thread-1] INFO  server.RaftServerConfigKeys (ConfUtils.java:logGet(46)) - raft.server.log.purge.upto.snapshot.index = false (default)
2022-06-24 23:46:20,610 [pool-358-thread-1] INFO  server.RaftServerConfigKeys (ConfUtils.java:logGet(46)) - raft.server.retrycache.expirytime = 600000ms (custom)
2022-06-24 23:46:20,610 [pool-358-thread-1] INFO  server.RaftServerConfigKeys (ConfUtils.java:logGet(46)) - raft.server.retrycache.statistics.expirytime = 100μs (default)
2022-06-24 23:46:20,611 [pool-358-thread-1] INFO  server.RaftServerConfigKeys (ConfUtils.java:logGet(46)) - raft.server.log.appender.install.snapshot.enabled = false (custom)
2022-06-24 23:46:20,611 [pool-358-thread-1] INFO  server.RaftServerConfigKeys (ConfUtils.java:logGet(46)) - raft.server.threadpool.server.cached = true (default)
2022-06-24 23:46:20,611 [pool-358-thread-1] INFO  server.RaftServerConfigKeys (ConfUtils.java:logGet(46)) - raft.server.threadpool.server.size = 0 (default)
2022-06-24 23:46:20,611 [pool-358-thread-1] INFO  server.RaftServerConfigKeys (ConfUtils.java:logGet(46)) - raft.server.threadpool.client.cached = true (default)
2022-06-24 23:46:20,611 [pool-358-thread-1] INFO  server.RaftServerConfigKeys (ConfUtils.java:logGet(46)) - raft.server.threadpool.client.size = 0 (default)
2022-06-24 23:46:20,611 [pool-358-thread-1] INFO  server.RaftServer$Division (RaftServerImpl.java:start(310)) - d25249de-707f-41fb-b0bd-e849b78f575c@group-2E3355F2685F: start as a follower, conf=-1: [8e270ae6-3b8a-4b8d-ba53-7f31af20a9eb|rpc:10.1.0.24:34827|dataStream:|priority:0, c8d3b1b7-e2cb-467c-92f2-e834465c7bf5|rpc:10.1.0.24:45959|dataStream:|priority:0, d25249de-707f-41fb-b0bd-e849b78f575c|rpc:10.1.0.24:36285|dataStream:|priority:1], old=null
2022-06-24 23:46:20,611 [pool-358-thread-1] INFO  server.RaftServer$Division (RaftServerImpl.java:setRole(299)) - d25249de-707f-41fb-b0bd-e849b78f575c@group-2E3355F2685F: changes role from      null to FOLLOWER at term 0 for startAsFollower
2022-06-24 23:46:20,611 [pool-358-thread-1] INFO  impl.RoleInfo (RoleInfo.java:updateAndGet(139)) - d25249de-707f-41fb-b0bd-e849b78f575c: start d25249de-707f-41fb-b0bd-e849b78f575c@group-2E3355F2685F-FollowerState
2022-06-24 23:46:20,620 [pool-358-thread-1] INFO  util.JmxRegister (JmxRegister.java:tryRegister(44)) - Successfully registered JMX Bean with object name Ratis:service=RaftServer,group=group-2E3355F2685F,id=d25249de-707f-41fb-b0bd-e849b78f575c
2022-06-24 23:46:20,662 [grpc-default-executor-0] INFO  server.RaftServer (RaftServerProxy.java:addNew(96)) - 8e270ae6-3b8a-4b8d-ba53-7f31af20a9eb: addNew group-2E3355F2685F:[8e270ae6-3b8a-4b8d-ba53-7f31af20a9eb|rpc:10.1.0.24:34827|dataStream:|priority:0, c8d3b1b7-e2cb-467c-92f2-e834465c7bf5|rpc:10.1.0.24:45959|dataStream:|priority:0, d25249de-707f-41fb-b0bd-e849b78f575c|rpc:10.1.0.24:36285|dataStream:|priority:1] returns group-2E3355F2685F:java.util.concurrent.CompletableFuture@257b5fdd[Not completed]
2022-06-24 23:46:20,663 [pool-335-thread-1] INFO  server.RaftServer$Division (RaftServerImpl.java:<init>(190)) - 8e270ae6-3b8a-4b8d-ba53-7f31af20a9eb: new RaftServerImpl for group-2E3355F2685F:[8e270ae6-3b8a-4b8d-ba53-7f31af20a9eb|rpc:10.1.0.24:34827|dataStream:|priority:0, c8d3b1b7-e2cb-467c-92f2-e834465c7bf5|rpc:10.1.0.24:45959|dataStream:|priority:0, d25249de-707f-41fb-b0bd-e849b78f575c|rpc:10.1.0.24:36285|dataStream:|priority:1] with ContainerStateMachine:uninitialized
2022-06-24 23:46:20,663 [pool-335-thread-1] INFO  server.RaftServerConfigKeys (ConfUtils.java:logGet(46)) - raft.server.rpc.timeout.min = 5s (custom)
2022-06-24 23:46:20,663 [pool-335-thread-1] INFO  server.RaftServerConfigKeys (ConfUtils.java:logGet(46)) - raft.server.rpc.timeout.max = 5200ms (custom)
2022-06-24 23:46:20,663 [pool-335-thread-1] INFO  server.RaftServerConfigKeys (ConfUtils.java:logGet(46)) - raft.server.rpc.sleep.time = 25ms (default)
2022-06-24 23:46:20,663 [pool-335-thread-1] INFO  server.RaftServerConfigKeys (ConfUtils.java:logGet(46)) - raft.server.rpc.slowness.timeout = 300s (custom)
2022-06-24 23:46:20,663 [pool-335-thread-1] INFO  server.RaftServerConfigKeys (ConfUtils.java:logGet(46)) - raft.server.leaderelection.leader.step-down.wait-time = 10s (default)
2022-06-24 23:46:20,663 [pool-335-thread-1] INFO  server.RaftServerConfigKeys (ConfUtils.java:logGet(46)) - raft.server.sleep.deviation.threshold = 300ms (default)
2022-06-24 23:46:20,663 [pool-335-thread-1] INFO  server.RaftServer$Division (ServerState.java:<init>(107)) - 8e270ae6-3b8a-4b8d-ba53-7f31af20a9eb@group-2E3355F2685F: ConfigurationManager, init=-1: [8e270ae6-3b8a-4b8d-ba53-7f31af20a9eb|rpc:10.1.0.24:34827|dataStream:|priority:0, c8d3b1b7-e2cb-467c-92f2-e834465c7bf5|rpc:10.1.0.24:45959|dataStream:|priority:0, d25249de-707f-41fb-b0bd-e849b78f575c|rpc:10.1.0.24:36285|dataStream:|priority:1], old=null, confs=<EMPTY_MAP>
2022-06-24 23:46:20,663 [pool-335-thread-1] INFO  server.RaftServerConfigKeys (ConfUtils.java:logGet(46)) - raft.server.storage.dir = [/home/runner/work/ozone/ozone/hadoop-ozone/integration-test/target/test-dir/MiniOzoneClusterImpl-1c97b964-6e84-44a1-9571-366444e105f6/datanode-1/data/ratis] (custom)
2022-06-24 23:46:20,663 [pool-335-thread-1] INFO  server.RaftServerConfigKeys (ConfUtils.java:logGet(46)) - raft.server.log.corruption.policy = EXCEPTION (default)
2022-06-24 23:46:20,664 [pool-335-thread-1] INFO  server.RaftServerConfigKeys (ConfUtils.java:logGet(46)) - raft.server.storage.free-space.min = 0MB (=0) (default)
2022-06-24 23:46:20,664 [pool-335-thread-1] INFO  storage.RaftStorageDirectory (RaftStorageDirectoryImpl.java:analyzeStorage(135)) - The storage directory /home/runner/work/ozone/ozone/hadoop-ozone/integration-test/target/test-dir/MiniOzoneClusterImpl-1c97b964-6e84-44a1-9571-366444e105f6/datanode-1/data/ratis/9900d6f9-93af-45af-be90-2e3355f2685f does not exist. Creating ...
2022-06-24 23:46:20,665 [pool-335-thread-1] INFO  storage.RaftStorageDirectory (RaftStorageDirectoryImpl.java:tryLock(230)) - Lock on /home/runner/work/ozone/ozone/hadoop-ozone/integration-test/target/test-dir/MiniOzoneClusterImpl-1c97b964-6e84-44a1-9571-366444e105f6/datanode-1/data/ratis/9900d6f9-93af-45af-be90-2e3355f2685f/in_use.lock acquired by nodename 11308@fv-az21-224
2022-06-24 23:46:20,666 [pool-335-thread-1] INFO  storage.RaftStorage (RaftStorageImpl.java:format(89)) - Storage directory /home/runner/work/ozone/ozone/hadoop-ozone/integration-test/target/test-dir/MiniOzoneClusterImpl-1c97b964-6e84-44a1-9571-366444e105f6/datanode-1/data/ratis/9900d6f9-93af-45af-be90-2e3355f2685f has been successfully formatted.
2022-06-24 23:46:20,666 [pool-335-thread-1] INFO  ratis.ContainerStateMachine (ContainerStateMachine.java:loadSnapshot(236)) - group-2E3355F2685F: The snapshot info is null. Setting the last applied indexto:(t:0, i:~)
2022-06-24 23:46:20,666 [pool-335-thread-1] INFO  server.RaftServerConfigKeys (ConfUtils.java:logGet(46)) - raft.server.notification.no-leader.timeout = 300s (custom)
2022-06-24 23:46:20,666 [pool-335-thread-1] INFO  server.RaftServerConfigKeys (ConfUtils.java:logGet(46)) - raft.server.log.use.memory = false (default)
2022-06-24 23:46:20,666 [pool-335-thread-1] INFO  server.RaftServerConfigKeys (ConfUtils.java:logGet(46)) - raft.server.log.purge.gap = 1000000 (custom)
2022-06-24 23:46:20,666 [pool-335-thread-1] INFO  server.RaftServerConfigKeys (ConfUtils.java:logGet(46)) - raft.server.log.appender.buffer.byte-limit = 33554432 (custom)
2022-06-24 23:46:20,666 [pool-335-thread-1] INFO  server.RaftServerConfigKeys (ConfUtils.java:logGet(46)) - raft.server.log.statemachine.data.read.timeout = 1000ms (default)
2022-06-24 23:46:20,666 [pool-335-thread-1] INFO  server.RaftServerConfigKeys (ConfUtils.java:logGet(46)) - raft.server.log.segment.size.max = 1048576 (custom)
2022-06-24 23:46:20,667 [pool-335-thread-1] INFO  server.RaftServerConfigKeys (ConfUtils.java:logGet(46)) - raft.server.log.segment.cache.num.max = 2 (custom)
2022-06-24 23:46:20,667 [pool-335-thread-1] INFO  server.RaftServerConfigKeys (ConfUtils.java:logGet(46)) - raft.server.log.segment.cache.size.max = 200MB (=209715200) (default)
2022-06-24 23:46:20,667 [pool-335-thread-1] INFO  segmented.SegmentedRaftLogWorker (SegmentedRaftLogWorker.java:<init>(187)) - new 8e270ae6-3b8a-4b8d-ba53-7f31af20a9eb@group-2E3355F2685F-SegmentedRaftLogWorker for RaftStorageImpl:Storage Directory /home/runner/work/ozone/ozone/hadoop-ozone/integration-test/target/test-dir/MiniOzoneClusterImpl-1c97b964-6e84-44a1-9571-366444e105f6/datanode-1/data/ratis/9900d6f9-93af-45af-be90-2e3355f2685f
2022-06-24 23:46:20,668 [pool-335-thread-1] INFO  server.RaftServerConfigKeys (ConfUtils.java:logGet(46)) - raft.server.log.queue.byte-limit = 4294967296 (custom)
2022-06-24 23:46:20,668 [pool-335-thread-1] INFO  server.RaftServerConfigKeys (ConfUtils.java:logGet(46)) - raft.server.log.queue.element-limit = 1024 (custom)
2022-06-24 23:46:20,668 [pool-335-thread-1] INFO  server.RaftServerConfigKeys (ConfUtils.java:logGet(46)) - raft.server.log.segment.size.max = 1048576 (custom)
2022-06-24 23:46:20,668 [pool-335-thread-1] INFO  server.RaftServerConfigKeys (ConfUtils.java:logGet(46)) - raft.server.log.preallocated.size = 16384 (custom)
2022-06-24 23:46:20,668 [pool-335-thread-1] INFO  server.RaftServerConfigKeys (ConfUtils.java:logGet(46)) - raft.server.log.force.sync.num = 128 (default)
2022-06-24 23:46:20,668 [pool-335-thread-1] INFO  server.RaftServerConfigKeys (ConfUtils.java:logGet(46)) - raft.server.log.statemachine.data.sync = true (default)
2022-06-24 23:46:20,668 [pool-335-thread-1] INFO  server.RaftServerConfigKeys (ConfUtils.java:logGet(46)) - raft.server.log.statemachine.data.sync.timeout = 10s (default)
2022-06-24 23:46:20,668 [pool-335-thread-1] INFO  server.RaftServerConfigKeys (ConfUtils.java:logGet(46)) - raft.server.log.statemachine.data.sync.timeout.retry = -1 (default)
2022-06-24 23:46:20,669 [pool-335-thread-1] INFO  server.RaftServerConfigKeys (ConfUtils.java:logGet(46)) - raft.server.log.write.buffer.size = 1048576 (custom)
2022-06-24 23:46:20,669 [pool-335-thread-1] INFO  server.RaftServerConfigKeys (ConfUtils.java:logGet(46)) - raft.server.log.unsafe-flush.enabled = false (default)
2022-06-24 23:46:20,670 [pool-335-thread-1] INFO  server.RaftServerConfigKeys (ConfUtils.java:logGet(46)) - raft.server.log.statemachine.data.caching.enabled = true (custom)
2022-06-24 23:46:20,671 [pool-335-thread-1] INFO  segmented.SegmentedRaftLogWorker (SegmentedRaftLogWorker.java:lambda$new$0(135)) - 8e270ae6-3b8a-4b8d-ba53-7f31af20a9eb@group-2E3355F2685F-SegmentedRaftLogWorker: flushIndex: setUnconditionally 0 -> -1
2022-06-24 23:46:20,671 [pool-335-thread-1] INFO  segmented.SegmentedRaftLogWorker (SegmentedRaftLogWorker.java:lambda$new$0(135)) - 8e270ae6-3b8a-4b8d-ba53-7f31af20a9eb@group-2E3355F2685F-SegmentedRaftLogWorker: safeCacheEvictIndex: setUnconditionally 0 -> -1
2022-06-24 23:46:20,675 [pool-335-thread-1] INFO  server.RaftServerConfigKeys (ConfUtils.java:logGet(46)) - raft.server.snapshot.auto.trigger.enabled = true (custom)
2022-06-24 23:46:20,675 [pool-335-thread-1] INFO  server.RaftServerConfigKeys (ConfUtils.java:logGet(46)) - raft.server.snapshot.auto.trigger.threshold = 10000 (custom)
2022-06-24 23:46:20,675 [pool-335-thread-1] INFO  server.RaftServerConfigKeys (ConfUtils.java:logGet(46)) - raft.server.snapshot.retention.file.num = 5 (custom)
2022-06-24 23:46:20,677 [pool-335-thread-1] INFO  server.RaftServerConfigKeys (ConfUtils.java:logGet(46)) - raft.server.log.purge.upto.snapshot.index = false (default)
2022-06-24 23:46:20,677 [pool-335-thread-1] INFO  server.RaftServerConfigKeys (ConfUtils.java:logGet(46)) - raft.server.retrycache.expirytime = 600000ms (custom)
2022-06-24 23:46:20,677 [pool-335-thread-1] INFO  server.RaftServerConfigKeys (ConfUtils.java:logGet(46)) - raft.server.retrycache.statistics.expirytime = 100μs (default)
2022-06-24 23:46:20,678 [pool-335-thread-1] INFO  server.RaftServerConfigKeys (ConfUtils.java:logGet(46)) - raft.server.log.appender.install.snapshot.enabled = false (custom)
2022-06-24 23:46:20,678 [pool-335-thread-1] INFO  server.RaftServerConfigKeys (ConfUtils.java:logGet(46)) - raft.server.threadpool.server.cached = true (default)
2022-06-24 23:46:20,678 [pool-335-thread-1] INFO  server.RaftServerConfigKeys (ConfUtils.java:logGet(46)) - raft.server.threadpool.server.size = 0 (default)
2022-06-24 23:46:20,678 [pool-335-thread-1] INFO  server.RaftServerConfigKeys (ConfUtils.java:logGet(46)) - raft.server.threadpool.client.cached = true (default)
2022-06-24 23:46:20,678 [pool-335-thread-1] INFO  server.RaftServerConfigKeys (ConfUtils.java:logGet(46)) - raft.server.threadpool.client.size = 0 (default)
2022-06-24 23:46:20,679 [pool-335-thread-1] INFO  server.RaftServer$Division (RaftServerImpl.java:start(310)) - 8e270ae6-3b8a-4b8d-ba53-7f31af20a9eb@group-2E3355F2685F: start as a follower, conf=-1: [8e270ae6-3b8a-4b8d-ba53-7f31af20a9eb|rpc:10.1.0.24:34827|dataStream:|priority:0, c8d3b1b7-e2cb-467c-92f2-e834465c7bf5|rpc:10.1.0.24:45959|dataStream:|priority:0, d25249de-707f-41fb-b0bd-e849b78f575c|rpc:10.1.0.24:36285|dataStream:|priority:1], old=null
2022-06-24 23:46:20,679 [pool-335-thread-1] INFO  server.RaftServer$Division (RaftServerImpl.java:setRole(299)) - 8e270ae6-3b8a-4b8d-ba53-7f31af20a9eb@group-2E3355F2685F: changes role from      null to FOLLOWER at term 0 for startAsFollower
2022-06-24 23:46:20,679 [pool-335-thread-1] INFO  impl.RoleInfo (RoleInfo.java:updateAndGet(139)) - 8e270ae6-3b8a-4b8d-ba53-7f31af20a9eb: start 8e270ae6-3b8a-4b8d-ba53-7f31af20a9eb@group-2E3355F2685F-FollowerState
2022-06-24 23:46:20,687 [pool-335-thread-1] INFO  util.JmxRegister (JmxRegister.java:tryRegister(44)) - Successfully registered JMX Bean with object name Ratis:service=RaftServer,group=group-2E3355F2685F,id=8e270ae6-3b8a-4b8d-ba53-7f31af20a9eb
2022-06-24 23:46:20,705 [Command processor thread] INFO  commandhandler.CreatePipelineCommandHandler (CreatePipelineCommandHandler.java:handle(113)) - Created Pipeline RATIS THREE PipelineID=9900d6f9-93af-45af-be90-2e3355f2685f.
2022-06-24 23:46:20,723 [Command processor thread] INFO  server.RaftServer (RaftServerProxy.java:addNew(96)) - 8e270ae6-3b8a-4b8d-ba53-7f31af20a9eb: addNew group-8418D65A5C39:[8e270ae6-3b8a-4b8d-ba53-7f31af20a9eb|rpc:10.1.0.24:34827|priority:1] returns group-8418D65A5C39:java.util.concurrent.CompletableFuture@4e5ca54c[Not completed]
2022-06-24 23:46:20,724 [pool-335-thread-1] INFO  server.RaftServer$Division (RaftServerImpl.java:<init>(190)) - 8e270ae6-3b8a-4b8d-ba53-7f31af20a9eb: new RaftServerImpl for group-8418D65A5C39:[8e270ae6-3b8a-4b8d-ba53-7f31af20a9eb|rpc:10.1.0.24:34827|priority:1] with ContainerStateMachine:uninitialized
2022-06-24 23:46:20,724 [pool-335-thread-1] INFO  server.RaftServerConfigKeys (ConfUtils.java:logGet(46)) - raft.server.rpc.timeout.min = 5s (custom)
2022-06-24 23:46:20,724 [pool-335-thread-1] INFO  server.RaftServerConfigKeys (ConfUtils.java:logGet(46)) - raft.server.rpc.timeout.max = 5200ms (custom)
2022-06-24 23:46:20,724 [pool-335-thread-1] INFO  server.RaftServerConfigKeys (ConfUtils.java:logGet(46)) - raft.server.rpc.sleep.time = 25ms (default)
2022-06-24 23:46:20,724 [pool-335-thread-1] INFO  server.RaftServerConfigKeys (ConfUtils.java:logGet(46)) - raft.server.rpc.slowness.timeout = 300s (custom)
2022-06-24 23:46:20,724 [pool-335-thread-1] INFO  server.RaftServerConfigKeys (ConfUtils.java:logGet(46)) - raft.server.leaderelection.leader.step-down.wait-time = 10s (default)
2022-06-24 23:46:20,724 [pool-335-thread-1] INFO  server.RaftServerConfigKeys (ConfUtils.java:logGet(46)) - raft.server.sleep.deviation.threshold = 300ms (default)
2022-06-24 23:46:20,724 [pool-335-thread-1] INFO  server.RaftServer$Division (ServerState.java:<init>(107)) - 8e270ae6-3b8a-4b8d-ba53-7f31af20a9eb@group-8418D65A5C39: ConfigurationManager, init=-1: [8e270ae6-3b8a-4b8d-ba53-7f31af20a9eb|rpc:10.1.0.24:34827|priority:1], old=null, confs=<EMPTY_MAP>
2022-06-24 23:46:20,724 [pool-335-thread-1] INFO  server.RaftServerConfigKeys (ConfUtils.java:logGet(46)) - raft.server.storage.dir = [/home/runner/work/ozone/ozone/hadoop-ozone/integration-test/target/test-dir/MiniOzoneClusterImpl-1c97b964-6e84-44a1-9571-366444e105f6/datanode-1/data/ratis] (custom)
2022-06-24 23:46:20,725 [pool-335-thread-1] INFO  server.RaftServerConfigKeys (ConfUtils.java:logGet(46)) - raft.server.log.corruption.policy = EXCEPTION (default)
2022-06-24 23:46:20,725 [pool-335-thread-1] INFO  server.RaftServerConfigKeys (ConfUtils.java:logGet(46)) - raft.server.storage.free-space.min = 0MB (=0) (default)
2022-06-24 23:46:20,725 [pool-335-thread-1] INFO  storage.RaftStorageDirectory (RaftStorageDirectoryImpl.java:analyzeStorage(135)) - The storage directory /home/runner/work/ozone/ozone/hadoop-ozone/integration-test/target/test-dir/MiniOzoneClusterImpl-1c97b964-6e84-44a1-9571-366444e105f6/datanode-1/data/ratis/67918bad-d837-4ce7-8acf-8418d65a5c39 does not exist. Creating ...
2022-06-24 23:46:20,730 [pool-335-thread-1] INFO  storage.RaftStorageDirectory (RaftStorageDirectoryImpl.java:tryLock(230)) - Lock on /home/runner/work/ozone/ozone/hadoop-ozone/integration-test/target/test-dir/MiniOzoneClusterImpl-1c97b964-6e84-44a1-9571-366444e105f6/datanode-1/data/ratis/67918bad-d837-4ce7-8acf-8418d65a5c39/in_use.lock acquired by nodename 11308@fv-az21-224
2022-06-24 23:46:20,731 [pool-335-thread-1] INFO  storage.RaftStorage (RaftStorageImpl.java:format(89)) - Storage directory /home/runner/work/ozone/ozone/hadoop-ozone/integration-test/target/test-dir/MiniOzoneClusterImpl-1c97b964-6e84-44a1-9571-366444e105f6/datanode-1/data/ratis/67918bad-d837-4ce7-8acf-8418d65a5c39 has been successfully formatted.
2022-06-24 23:46:20,731 [pool-335-thread-1] INFO  ratis.ContainerStateMachine (ContainerStateMachine.java:loadSnapshot(236)) - group-8418D65A5C39: The snapshot info is null. Setting the last applied indexto:(t:0, i:~)
2022-06-24 23:46:20,731 [pool-335-thread-1] INFO  server.RaftServerConfigKeys (ConfUtils.java:logGet(46)) - raft.server.notification.no-leader.timeout = 300s (custom)
2022-06-24 23:46:20,731 [pool-335-thread-1] INFO  server.RaftServerConfigKeys (ConfUtils.java:logGet(46)) - raft.server.log.use.memory = false (default)
2022-06-24 23:46:20,731 [pool-335-thread-1] INFO  server.RaftServerConfigKeys (ConfUtils.java:logGet(46)) - raft.server.log.purge.gap = 1000000 (custom)
2022-06-24 23:46:20,731 [pool-335-thread-1] INFO  server.RaftServerConfigKeys (ConfUtils.java:logGet(46)) - raft.server.log.appender.buffer.byte-limit = 33554432 (custom)
2022-06-24 23:46:20,731 [pool-335-thread-1] INFO  server.RaftServerConfigKeys (ConfUtils.java:logGet(46)) - raft.server.log.statemachine.data.read.timeout = 1000ms (default)
2022-06-24 23:46:20,732 [pool-335-thread-1] INFO  server.RaftServerConfigKeys (ConfUtils.java:logGet(46)) - raft.server.log.segment.size.max = 1048576 (custom)
2022-06-24 23:46:20,732 [EventQueue-PipelineReportForPipelineReportHandler] INFO  pipeline.PipelineManagerImpl (PipelineManagerImpl.java:openPipeline(358)) - Pipeline Pipeline[ Id: 67918bad-d837-4ce7-8acf-8418d65a5c39, Nodes: 8e270ae6-3b8a-4b8d-ba53-7f31af20a9eb{ip: 10.1.0.24, host: fv-az21-224.v4iizcarkezebbfea14bcgzyke.bx.internal.cloudapp.net, ports: [REPLICATION=45683, RATIS=34827, RATIS_ADMIN=34827, RATIS_SERVER=34827, STANDALONE=37589], networkLocation: /default-rack, certSerialId: null, persistedOpState: IN_SERVICE, persistedOpStateExpiryEpochSec: 0}, ReplicationConfig: RATIS/ONE, State:ALLOCATED, leaderId:8e270ae6-3b8a-4b8d-ba53-7f31af20a9eb, CreationTimestamp2022-06-24T23:46:17.732Z[Etc/UTC]] moved to OPEN state
2022-06-24 23:46:20,733 [EventQueue-OpenPipelineForHealthyPipelineSafeModeRule] INFO  safemode.SCMSafeModeManager (HealthyPipelineSafeModeRule.java:process(124)) - SCM in safe mode. Healthy pipelines reported count is 0, required healthy pipeline reported count is 1
2022-06-24 23:46:20,733 [pool-335-thread-1] INFO  server.RaftServerConfigKeys (ConfUtils.java:logGet(46)) - raft.server.log.segment.cache.num.max = 2 (custom)
2022-06-24 23:46:20,733 [pool-335-thread-1] INFO  server.RaftServerConfigKeys (ConfUtils.java:logGet(46)) - raft.server.log.segment.cache.size.max = 200MB (=209715200) (default)
2022-06-24 23:46:20,733 [pool-335-thread-1] INFO  segmented.SegmentedRaftLogWorker (SegmentedRaftLogWorker.java:<init>(187)) - new 8e270ae6-3b8a-4b8d-ba53-7f31af20a9eb@group-8418D65A5C39-SegmentedRaftLogWorker for RaftStorageImpl:Storage Directory /home/runner/work/ozone/ozone/hadoop-ozone/integration-test/target/test-dir/MiniOzoneClusterImpl-1c97b964-6e84-44a1-9571-366444e105f6/datanode-1/data/ratis/67918bad-d837-4ce7-8acf-8418d65a5c39
2022-06-24 23:46:20,733 [pool-335-thread-1] INFO  server.RaftServerConfigKeys (ConfUtils.java:logGet(46)) - raft.server.log.queue.byte-limit = 4294967296 (custom)
2022-06-24 23:46:20,733 [pool-335-thread-1] INFO  server.RaftServerConfigKeys (ConfUtils.java:logGet(46)) - raft.server.log.queue.element-limit = 1024 (custom)
2022-06-24 23:46:20,733 [pool-335-thread-1] INFO  server.RaftServerConfigKeys (ConfUtils.java:logGet(46)) - raft.server.log.segment.size.max = 1048576 (custom)
2022-06-24 23:46:20,733 [pool-335-thread-1] INFO  server.RaftServerConfigKeys (ConfUtils.java:logGet(46)) - raft.server.log.preallocated.size = 16384 (custom)
2022-06-24 23:46:20,733 [pool-335-thread-1] INFO  server.RaftServerConfigKeys (ConfUtils.java:logGet(46)) - raft.server.log.force.sync.num = 128 (default)
2022-06-24 23:46:20,733 [pool-335-thread-1] INFO  server.RaftServerConfigKeys (ConfUtils.java:logGet(46)) - raft.server.log.statemachine.data.sync = true (default)
2022-06-24 23:46:20,733 [pool-335-thread-1] INFO  server.RaftServerConfigKeys (ConfUtils.java:logGet(46)) - raft.server.log.statemachine.data.sync.timeout = 10s (default)
2022-06-24 23:46:20,733 [pool-335-thread-1] INFO  server.RaftServerConfigKeys (ConfUtils.java:logGet(46)) - raft.server.log.statemachine.data.sync.timeout.retry = -1 (default)
2022-06-24 23:46:20,734 [pool-335-thread-1] INFO  server.RaftServerConfigKeys (ConfUtils.java:logGet(46)) - raft.server.log.write.buffer.size = 1048576 (custom)
2022-06-24 23:46:20,735 [pool-335-thread-1] INFO  server.RaftServerConfigKeys (ConfUtils.java:logGet(46)) - raft.server.log.unsafe-flush.enabled = false (default)
2022-06-24 23:46:20,735 [pool-335-thread-1] INFO  server.RaftServerConfigKeys (ConfUtils.java:logGet(46)) - raft.server.log.statemachine.data.caching.enabled = true (custom)
2022-06-24 23:46:20,735 [pool-335-thread-1] INFO  segmented.SegmentedRaftLogWorker (SegmentedRaftLogWorker.java:lambda$new$0(135)) - 8e270ae6-3b8a-4b8d-ba53-7f31af20a9eb@group-8418D65A5C39-SegmentedRaftLogWorker: flushIndex: setUnconditionally 0 -> -1
2022-06-24 23:46:20,735 [pool-335-thread-1] INFO  segmented.SegmentedRaftLogWorker (SegmentedRaftLogWorker.java:lambda$new$0(135)) - 8e270ae6-3b8a-4b8d-ba53-7f31af20a9eb@group-8418D65A5C39-SegmentedRaftLogWorker: safeCacheEvictIndex: setUnconditionally 0 -> -1
2022-06-24 23:46:20,751 [pool-335-thread-1] INFO  server.RaftServerConfigKeys (ConfUtils.java:logGet(46)) - raft.server.snapshot.auto.trigger.enabled = true (custom)
2022-06-24 23:46:20,751 [pool-335-thread-1] INFO  server.RaftServerConfigKeys (ConfUtils.java:logGet(46)) - raft.server.snapshot.auto.trigger.threshold = 10000 (custom)
2022-06-24 23:46:20,751 [pool-335-thread-1] INFO  server.RaftServerConfigKeys (ConfUtils.java:logGet(46)) - raft.server.snapshot.retention.file.num = 5 (custom)
2022-06-24 23:46:20,751 [pool-335-thread-1] INFO  server.RaftServerConfigKeys (ConfUtils.java:logGet(46)) - raft.server.log.purge.upto.snapshot.index = false (default)
2022-06-24 23:46:20,751 [pool-335-thread-1] INFO  server.RaftServerConfigKeys (ConfUtils.java:logGet(46)) - raft.server.retrycache.expirytime = 600000ms (custom)
2022-06-24 23:46:20,751 [pool-335-thread-1] INFO  server.RaftServerConfigKeys (ConfUtils.java:logGet(46)) - raft.server.retrycache.statistics.expirytime = 100μs (default)
2022-06-24 23:46:20,752 [pool-335-thread-1] INFO  server.RaftServerConfigKeys (ConfUtils.java:logGet(46)) - raft.server.log.appender.install.snapshot.enabled = false (custom)
2022-06-24 23:46:20,752 [pool-335-thread-1] INFO  server.RaftServerConfigKeys (ConfUtils.java:logGet(46)) - raft.server.threadpool.server.cached = true (default)
2022-06-24 23:46:20,752 [pool-335-thread-1] INFO  server.RaftServerConfigKeys (ConfUtils.java:logGet(46)) - raft.server.threadpool.server.size = 0 (default)
2022-06-24 23:46:20,752 [pool-335-thread-1] INFO  server.RaftServerConfigKeys (ConfUtils.java:logGet(46)) - raft.server.threadpool.client.cached = true (default)
2022-06-24 23:46:20,752 [pool-335-thread-1] INFO  server.RaftServerConfigKeys (ConfUtils.java:logGet(46)) - raft.server.threadpool.client.size = 0 (default)
2022-06-24 23:46:20,752 [pool-335-thread-1] INFO  server.RaftServer$Division (RaftServerImpl.java:start(310)) - 8e270ae6-3b8a-4b8d-ba53-7f31af20a9eb@group-8418D65A5C39: start as a follower, conf=-1: [8e270ae6-3b8a-4b8d-ba53-7f31af20a9eb|rpc:10.1.0.24:34827|priority:1], old=null
2022-06-24 23:46:20,752 [pool-335-thread-1] INFO  server.RaftServer$Division (RaftServerImpl.java:setRole(299)) - 8e270ae6-3b8a-4b8d-ba53-7f31af20a9eb@group-8418D65A5C39: changes role from      null to FOLLOWER at term 0 for startAsFollower
2022-06-24 23:46:20,752 [pool-335-thread-1] INFO  impl.RoleInfo (RoleInfo.java:updateAndGet(139)) - 8e270ae6-3b8a-4b8d-ba53-7f31af20a9eb: start 8e270ae6-3b8a-4b8d-ba53-7f31af20a9eb@group-8418D65A5C39-FollowerState
2022-06-24 23:46:20,758 [pool-335-thread-1] INFO  util.JmxRegister (JmxRegister.java:tryRegister(44)) - Successfully registered JMX Bean with object name Ratis:service=RaftServer,group=group-8418D65A5C39,id=8e270ae6-3b8a-4b8d-ba53-7f31af20a9eb
2022-06-24 23:46:20,759 [Command processor thread] INFO  ratis.XceiverServerRatis (XceiverServerRatis.java:addGroup(765)) - Created group PipelineID=67918bad-d837-4ce7-8acf-8418d65a5c39
2022-06-24 23:46:20,759 [Command processor thread] INFO  commandhandler.CreatePipelineCommandHandler (CreatePipelineCommandHandler.java:handle(113)) - Created Pipeline RATIS ONE PipelineID=67918bad-d837-4ce7-8acf-8418d65a5c39.
2022-06-24 23:46:20,802 [Listener at 127.0.0.1/34097] INFO  ozone.MiniOzoneClusterImpl (MiniOzoneClusterImpl.java:lambda$waitForClusterToBeReady$0(223)) - Nodes are ready. Got 5 of 5 DN Heartbeats.
2022-06-24 23:46:20,802 [Listener at 127.0.0.1/34097] INFO  ozone.MiniOzoneClusterImpl (MiniOzoneClusterImpl.java:lambda$waitForClusterToBeReady$0(226)) - Waiting for cluster to exit safe mode
2022-06-24 23:46:20,802 [Listener at 127.0.0.1/34097] INFO  ozone.MiniOzoneClusterImpl (MiniOzoneClusterImpl.java:lambda$waitForClusterToBeReady$0(228)) - SCM became leader
2022-06-24 23:46:21,501 [Command processor thread] INFO  server.RaftServer (RaftServerProxy.java:addNew(96)) - d25249de-707f-41fb-b0bd-e849b78f575c: addNew group-04C2AB29A0CB:[d25249de-707f-41fb-b0bd-e849b78f575c|rpc:10.1.0.24:36285|priority:1] returns group-04C2AB29A0CB:java.util.concurrent.CompletableFuture@373f79b8[Not completed]
2022-06-24 23:46:21,525 [pool-358-thread-1] INFO  server.RaftServer$Division (RaftServerImpl.java:<init>(190)) - d25249de-707f-41fb-b0bd-e849b78f575c: new RaftServerImpl for group-04C2AB29A0CB:[d25249de-707f-41fb-b0bd-e849b78f575c|rpc:10.1.0.24:36285|priority:1] with ContainerStateMachine:uninitialized
2022-06-24 23:46:21,525 [pool-358-thread-1] INFO  server.RaftServerConfigKeys (ConfUtils.java:logGet(46)) - raft.server.rpc.timeout.min = 5s (custom)
2022-06-24 23:46:21,525 [pool-358-thread-1] INFO  server.RaftServerConfigKeys (ConfUtils.java:logGet(46)) - raft.server.rpc.timeout.max = 5200ms (custom)
2022-06-24 23:46:21,525 [pool-358-thread-1] INFO  server.RaftServerConfigKeys (ConfUtils.java:logGet(46)) - raft.server.rpc.sleep.time = 25ms (default)
2022-06-24 23:46:21,525 [pool-358-thread-1] INFO  server.RaftServerConfigKeys (ConfUtils.java:logGet(46)) - raft.server.rpc.slowness.timeout = 300s (custom)
2022-06-24 23:46:21,525 [pool-358-thread-1] INFO  server.RaftServerConfigKeys (ConfUtils.java:logGet(46)) - raft.server.leaderelection.leader.step-down.wait-time = 10s (default)
2022-06-24 23:46:21,525 [pool-358-thread-1] INFO  server.RaftServerConfigKeys (ConfUtils.java:logGet(46)) - raft.server.sleep.deviation.threshold = 300ms (default)
2022-06-24 23:46:21,525 [pool-358-thread-1] INFO  server.RaftServer$Division (ServerState.java:<init>(107)) - d25249de-707f-41fb-b0bd-e849b78f575c@group-04C2AB29A0CB: ConfigurationManager, init=-1: [d25249de-707f-41fb-b0bd-e849b78f575c|rpc:10.1.0.24:36285|priority:1], old=null, confs=<EMPTY_MAP>
2022-06-24 23:46:21,525 [pool-358-thread-1] INFO  server.RaftServerConfigKeys (ConfUtils.java:logGet(46)) - raft.server.storage.dir = [/home/runner/work/ozone/ozone/hadoop-ozone/integration-test/target/test-dir/MiniOzoneClusterImpl-1c97b964-6e84-44a1-9571-366444e105f6/datanode-2/data/ratis] (custom)
2022-06-24 23:46:21,526 [pool-358-thread-1] INFO  server.RaftServerConfigKeys (ConfUtils.java:logGet(46)) - raft.server.log.corruption.policy = EXCEPTION (default)
2022-06-24 23:46:21,526 [pool-358-thread-1] INFO  server.RaftServerConfigKeys (ConfUtils.java:logGet(46)) - raft.server.storage.free-space.min = 0MB (=0) (default)
2022-06-24 23:46:21,526 [pool-358-thread-1] INFO  storage.RaftStorageDirectory (RaftStorageDirectoryImpl.java:analyzeStorage(135)) - The storage directory /home/runner/work/ozone/ozone/hadoop-ozone/integration-test/target/test-dir/MiniOzoneClusterImpl-1c97b964-6e84-44a1-9571-366444e105f6/datanode-2/data/ratis/20936ca7-b905-4cf0-ad86-04c2ab29a0cb does not exist. Creating ...
2022-06-24 23:46:21,527 [pool-358-thread-1] INFO  storage.RaftStorageDirectory (RaftStorageDirectoryImpl.java:tryLock(230)) - Lock on /home/runner/work/ozone/ozone/hadoop-ozone/integration-test/target/test-dir/MiniOzoneClusterImpl-1c97b964-6e84-44a1-9571-366444e105f6/datanode-2/data/ratis/20936ca7-b905-4cf0-ad86-04c2ab29a0cb/in_use.lock acquired by nodename 11308@fv-az21-224
2022-06-24 23:46:21,529 [pool-358-thread-1] INFO  storage.RaftStorage (RaftStorageImpl.java:format(89)) - Storage directory /home/runner/work/ozone/ozone/hadoop-ozone/integration-test/target/test-dir/MiniOzoneClusterImpl-1c97b964-6e84-44a1-9571-366444e105f6/datanode-2/data/ratis/20936ca7-b905-4cf0-ad86-04c2ab29a0cb has been successfully formatted.
2022-06-24 23:46:21,529 [pool-358-thread-1] INFO  ratis.ContainerStateMachine (ContainerStateMachine.java:loadSnapshot(236)) - group-04C2AB29A0CB: The snapshot info is null. Setting the last applied indexto:(t:0, i:~)
2022-06-24 23:46:21,529 [pool-358-thread-1] INFO  server.RaftServerConfigKeys (ConfUtils.java:logGet(46)) - raft.server.notification.no-leader.timeout = 300s (custom)
2022-06-24 23:46:21,529 [pool-358-thread-1] INFO  server.RaftServerConfigKeys (ConfUtils.java:logGet(46)) - raft.server.log.use.memory = false (default)
2022-06-24 23:46:21,530 [pool-358-thread-1] INFO  server.RaftServerConfigKeys (ConfUtils.java:logGet(46)) - raft.server.log.purge.gap = 1000000 (custom)
2022-06-24 23:46:21,530 [pool-358-thread-1] INFO  server.RaftServerConfigKeys (ConfUtils.java:logGet(46)) - raft.server.log.appender.buffer.byte-limit = 33554432 (custom)
2022-06-24 23:46:21,531 [pool-358-thread-1] INFO  server.RaftServerConfigKeys (ConfUtils.java:logGet(46)) - raft.server.log.statemachine.data.read.timeout = 1000ms (default)
2022-06-24 23:46:21,531 [pool-358-thread-1] INFO  server.RaftServerConfigKeys (ConfUtils.java:logGet(46)) - raft.server.log.segment.size.max = 1048576 (custom)
2022-06-24 23:46:21,530 [EventQueue-PipelineReportForPipelineReportHandler] INFO  pipeline.PipelineManagerImpl (PipelineManagerImpl.java:openPipeline(358)) - Pipeline Pipeline[ Id: 20936ca7-b905-4cf0-ad86-04c2ab29a0cb, Nodes: d25249de-707f-41fb-b0bd-e849b78f575c{ip: 10.1.0.24, host: fv-az21-224.v4iizcarkezebbfea14bcgzyke.bx.internal.cloudapp.net, ports: [REPLICATION=37633, RATIS=36285, RATIS_ADMIN=36285, RATIS_SERVER=36285, STANDALONE=45851], networkLocation: /default-rack, certSerialId: null, persistedOpState: IN_SERVICE, persistedOpStateExpiryEpochSec: 0}, ReplicationConfig: RATIS/ONE, State:ALLOCATED, leaderId:d25249de-707f-41fb-b0bd-e849b78f575c, CreationTimestamp2022-06-24T23:46:18.510Z[Etc/UTC]] moved to OPEN state
2022-06-24 23:46:21,539 [pool-358-thread-1] INFO  server.RaftServerConfigKeys (ConfUtils.java:logGet(46)) - raft.server.log.segment.cache.num.max = 2 (custom)
2022-06-24 23:46:21,539 [pool-358-thread-1] INFO  server.RaftServerConfigKeys (ConfUtils.java:logGet(46)) - raft.server.log.segment.cache.size.max = 200MB (=209715200) (default)
2022-06-24 23:46:21,539 [pool-358-thread-1] INFO  segmented.SegmentedRaftLogWorker (SegmentedRaftLogWorker.java:<init>(187)) - new d25249de-707f-41fb-b0bd-e849b78f575c@group-04C2AB29A0CB-SegmentedRaftLogWorker for RaftStorageImpl:Storage Directory /home/runner/work/ozone/ozone/hadoop-ozone/integration-test/target/test-dir/MiniOzoneClusterImpl-1c97b964-6e84-44a1-9571-366444e105f6/datanode-2/data/ratis/20936ca7-b905-4cf0-ad86-04c2ab29a0cb
2022-06-24 23:46:21,540 [pool-358-thread-1] INFO  server.RaftServerConfigKeys (ConfUtils.java:logGet(46)) - raft.server.log.queue.byte-limit = 4294967296 (custom)
2022-06-24 23:46:21,540 [pool-358-thread-1] INFO  server.RaftServerConfigKeys (ConfUtils.java:logGet(46)) - raft.server.log.queue.element-limit = 1024 (custom)
2022-06-24 23:46:21,540 [pool-358-thread-1] INFO  server.RaftServerConfigKeys (ConfUtils.java:logGet(46)) - raft.server.log.segment.size.max = 1048576 (custom)
2022-06-24 23:46:21,540 [pool-358-thread-1] INFO  server.RaftServerConfigKeys (ConfUtils.java:logGet(46)) - raft.server.log.preallocated.size = 16384 (custom)
2022-06-24 23:46:21,540 [pool-358-thread-1] INFO  server.RaftServerConfigKeys (ConfUtils.java:logGet(46)) - raft.server.log.force.sync.num = 128 (default)
2022-06-24 23:46:21,540 [pool-358-thread-1] INFO  server.RaftServerConfigKeys (ConfUtils.java:logGet(46)) - raft.server.log.statemachine.data.sync = true (default)
2022-06-24 23:46:21,540 [pool-358-thread-1] INFO  server.RaftServerConfigKeys (ConfUtils.java:logGet(46)) - raft.server.log.statemachine.data.sync.timeout = 10s (default)
2022-06-24 23:46:21,540 [pool-358-thread-1] INFO  server.RaftServerConfigKeys (ConfUtils.java:logGet(46)) - raft.server.log.statemachine.data.sync.timeout.retry = -1 (default)
2022-06-24 23:46:21,541 [pool-358-thread-1] INFO  server.RaftServerConfigKeys (ConfUtils.java:logGet(46)) - raft.server.log.write.buffer.size = 1048576 (custom)
2022-06-24 23:46:21,541 [pool-358-thread-1] INFO  server.RaftServerConfigKeys (ConfUtils.java:logGet(46)) - raft.server.log.unsafe-flush.enabled = false (default)
2022-06-24 23:46:21,541 [pool-358-thread-1] INFO  server.RaftServerConfigKeys (ConfUtils.java:logGet(46)) - raft.server.log.statemachine.data.caching.enabled = true (custom)
2022-06-24 23:46:21,541 [pool-358-thread-1] INFO  segmented.SegmentedRaftLogWorker (SegmentedRaftLogWorker.java:lambda$new$0(135)) - d25249de-707f-41fb-b0bd-e849b78f575c@group-04C2AB29A0CB-SegmentedRaftLogWorker: flushIndex: setUnconditionally 0 -> -1
2022-06-24 23:46:21,541 [pool-358-thread-1] INFO  segmented.SegmentedRaftLogWorker (SegmentedRaftLogWorker.java:lambda$new$0(135)) - d25249de-707f-41fb-b0bd-e849b78f575c@group-04C2AB29A0CB-SegmentedRaftLogWorker: safeCacheEvictIndex: setUnconditionally 0 -> -1
2022-06-24 23:46:21,543 [EventQueue-OpenPipelineForHealthyPipelineSafeModeRule] INFO  safemode.SCMSafeModeManager (HealthyPipelineSafeModeRule.java:process(124)) - SCM in safe mode. Healthy pipelines reported count is 0, required healthy pipeline reported count is 1
2022-06-24 23:46:21,555 [pool-358-thread-1] INFO  server.RaftServerConfigKeys (ConfUtils.java:logGet(46)) - raft.server.snapshot.auto.trigger.enabled = true (custom)
2022-06-24 23:46:21,555 [pool-358-thread-1] INFO  server.RaftServerConfigKeys (ConfUtils.java:logGet(46)) - raft.server.snapshot.auto.trigger.threshold = 10000 (custom)
2022-06-24 23:46:21,555 [pool-358-thread-1] INFO  server.RaftServerConfigKeys (ConfUtils.java:logGet(46)) - raft.server.snapshot.retention.file.num = 5 (custom)
2022-06-24 23:46:21,555 [pool-358-thread-1] INFO  server.RaftServerConfigKeys (ConfUtils.java:logGet(46)) - raft.server.log.purge.upto.snapshot.index = false (default)
2022-06-24 23:46:21,555 [pool-358-thread-1] INFO  server.RaftServerConfigKeys (ConfUtils.java:logGet(46)) - raft.server.retrycache.expirytime = 600000ms (custom)
2022-06-24 23:46:21,555 [pool-358-thread-1] INFO  server.RaftServerConfigKeys (ConfUtils.java:logGet(46)) - raft.server.retrycache.statistics.expirytime = 100μs (default)
2022-06-24 23:46:21,556 [pool-358-thread-1] INFO  server.RaftServerConfigKeys (ConfUtils.java:logGet(46)) - raft.server.log.appender.install.snapshot.enabled = false (custom)
2022-06-24 23:46:21,556 [pool-358-thread-1] INFO  server.RaftServerConfigKeys (ConfUtils.java:logGet(46)) - raft.server.threadpool.server.cached = true (default)
2022-06-24 23:46:21,556 [pool-358-thread-1] INFO  server.RaftServerConfigKeys (ConfUtils.java:logGet(46)) - raft.server.threadpool.server.size = 0 (default)
2022-06-24 23:46:21,556 [pool-358-thread-1] INFO  server.RaftServerConfigKeys (ConfUtils.java:logGet(46)) - raft.server.threadpool.client.cached = true (default)
2022-06-24 23:46:21,556 [pool-358-thread-1] INFO  server.RaftServerConfigKeys (ConfUtils.java:logGet(46)) - raft.server.threadpool.client.size = 0 (default)
2022-06-24 23:46:21,556 [pool-358-thread-1] INFO  server.RaftServer$Division (RaftServerImpl.java:start(310)) - d25249de-707f-41fb-b0bd-e849b78f575c@group-04C2AB29A0CB: start as a follower, conf=-1: [d25249de-707f-41fb-b0bd-e849b78f575c|rpc:10.1.0.24:36285|priority:1], old=null
2022-06-24 23:46:21,556 [pool-358-thread-1] INFO  server.RaftServer$Division (RaftServerImpl.java:setRole(299)) - d25249de-707f-41fb-b0bd-e849b78f575c@group-04C2AB29A0CB: changes role from      null to FOLLOWER at term 0 for startAsFollower
2022-06-24 23:46:21,557 [pool-358-thread-1] INFO  impl.RoleInfo (RoleInfo.java:updateAndGet(139)) - d25249de-707f-41fb-b0bd-e849b78f575c: start d25249de-707f-41fb-b0bd-e849b78f575c@group-04C2AB29A0CB-FollowerState
2022-06-24 23:46:21,557 [pool-358-thread-1] INFO  util.JmxRegister (JmxRegister.java:tryRegister(44)) - Successfully registered JMX Bean with object name Ratis:service=RaftServer,group=group-04C2AB29A0CB,id=d25249de-707f-41fb-b0bd-e849b78f575c
2022-06-24 23:46:21,561 [Command processor thread] INFO  ratis.XceiverServerRatis (XceiverServerRatis.java:addGroup(765)) - Created group PipelineID=20936ca7-b905-4cf0-ad86-04c2ab29a0cb
2022-06-24 23:46:21,561 [Command processor thread] INFO  commandhandler.CreatePipelineCommandHandler (CreatePipelineCommandHandler.java:handle(113)) - Created Pipeline RATIS ONE PipelineID=20936ca7-b905-4cf0-ad86-04c2ab29a0cb.
2022-06-24 23:46:21,802 [Listener at 127.0.0.1/34097] INFO  ozone.MiniOzoneClusterImpl (MiniOzoneClusterImpl.java:lambda$waitForClusterToBeReady$0(223)) - Nodes are ready. Got 5 of 5 DN Heartbeats.
2022-06-24 23:46:21,802 [Listener at 127.0.0.1/34097] INFO  ozone.MiniOzoneClusterImpl (MiniOzoneClusterImpl.java:lambda$waitForClusterToBeReady$0(226)) - Waiting for cluster to exit safe mode
2022-06-24 23:46:21,802 [Listener at 127.0.0.1/34097] INFO  ozone.MiniOzoneClusterImpl (MiniOzoneClusterImpl.java:lambda$waitForClusterToBeReady$0(228)) - SCM became leader
2022-06-24 23:46:22,289 [Command processor thread] INFO  server.RaftServer (RaftServerProxy.java:addNew(96)) - aa2ccac3-0f7f-4c15-9b2c-c814dca127e1: addNew group-5AD547B25BBC:[aa2ccac3-0f7f-4c15-9b2c-c814dca127e1|rpc:10.1.0.24:36121|priority:1] returns group-5AD547B25BBC:java.util.concurrent.CompletableFuture@116c2ec9[Not completed]
2022-06-24 23:46:22,297 [pool-381-thread-1] INFO  server.RaftServer$Division (RaftServerImpl.java:<init>(190)) - aa2ccac3-0f7f-4c15-9b2c-c814dca127e1: new RaftServerImpl for group-5AD547B25BBC:[aa2ccac3-0f7f-4c15-9b2c-c814dca127e1|rpc:10.1.0.24:36121|priority:1] with ContainerStateMachine:uninitialized
2022-06-24 23:46:22,297 [pool-381-thread-1] INFO  server.RaftServerConfigKeys (ConfUtils.java:logGet(46)) - raft.server.rpc.timeout.min = 5s (custom)
2022-06-24 23:46:22,297 [pool-381-thread-1] INFO  server.RaftServerConfigKeys (ConfUtils.java:logGet(46)) - raft.server.rpc.timeout.max = 5200ms (custom)
2022-06-24 23:46:22,297 [pool-381-thread-1] INFO  server.RaftServerConfigKeys (ConfUtils.java:logGet(46)) - raft.server.rpc.sleep.time = 25ms (default)
2022-06-24 23:46:22,297 [pool-381-thread-1] INFO  server.RaftServerConfigKeys (ConfUtils.java:logGet(46)) - raft.server.rpc.slowness.timeout = 300s (custom)
2022-06-24 23:46:22,297 [pool-381-thread-1] INFO  server.RaftServerConfigKeys (ConfUtils.java:logGet(46)) - raft.server.leaderelection.leader.step-down.wait-time = 10s (default)
2022-06-24 23:46:22,297 [pool-381-thread-1] INFO  server.RaftServerConfigKeys (ConfUtils.java:logGet(46)) - raft.server.sleep.deviation.threshold = 300ms (default)
2022-06-24 23:46:22,297 [pool-381-thread-1] INFO  server.RaftServer$Division (ServerState.java:<init>(107)) - aa2ccac3-0f7f-4c15-9b2c-c814dca127e1@group-5AD547B25BBC: ConfigurationManager, init=-1: [aa2ccac3-0f7f-4c15-9b2c-c814dca127e1|rpc:10.1.0.24:36121|priority:1], old=null, confs=<EMPTY_MAP>
2022-06-24 23:46:22,297 [pool-381-thread-1] INFO  server.RaftServerConfigKeys (ConfUtils.java:logGet(46)) - raft.server.storage.dir = [/home/runner/work/ozone/ozone/hadoop-ozone/integration-test/target/test-dir/MiniOzoneClusterImpl-1c97b964-6e84-44a1-9571-366444e105f6/datanode-3/data/ratis] (custom)
2022-06-24 23:46:22,298 [pool-381-thread-1] INFO  server.RaftServerConfigKeys (ConfUtils.java:logGet(46)) - raft.server.log.corruption.policy = EXCEPTION (default)
2022-06-24 23:46:22,298 [pool-381-thread-1] INFO  server.RaftServerConfigKeys (ConfUtils.java:logGet(46)) - raft.server.storage.free-space.min = 0MB (=0) (default)
2022-06-24 23:46:22,298 [pool-381-thread-1] INFO  storage.RaftStorageDirectory (RaftStorageDirectoryImpl.java:analyzeStorage(135)) - The storage directory /home/runner/work/ozone/ozone/hadoop-ozone/integration-test/target/test-dir/MiniOzoneClusterImpl-1c97b964-6e84-44a1-9571-366444e105f6/datanode-3/data/ratis/8982bc99-82ef-4920-9d7b-5ad547b25bbc does not exist. Creating ...
2022-06-24 23:46:22,307 [pool-381-thread-1] INFO  storage.RaftStorageDirectory (RaftStorageDirectoryImpl.java:tryLock(230)) - Lock on /home/runner/work/ozone/ozone/hadoop-ozone/integration-test/target/test-dir/MiniOzoneClusterImpl-1c97b964-6e84-44a1-9571-366444e105f6/datanode-3/data/ratis/8982bc99-82ef-4920-9d7b-5ad547b25bbc/in_use.lock acquired by nodename 11308@fv-az21-224
2022-06-24 23:46:22,314 [pool-381-thread-1] INFO  storage.RaftStorage (RaftStorageImpl.java:format(89)) - Storage directory /home/runner/work/ozone/ozone/hadoop-ozone/integration-test/target/test-dir/MiniOzoneClusterImpl-1c97b964-6e84-44a1-9571-366444e105f6/datanode-3/data/ratis/8982bc99-82ef-4920-9d7b-5ad547b25bbc has been successfully formatted.
2022-06-24 23:46:22,323 [pool-381-thread-1] INFO  ratis.ContainerStateMachine (ContainerStateMachine.java:loadSnapshot(236)) - group-5AD547B25BBC: The snapshot info is null. Setting the last applied indexto:(t:0, i:~)
2022-06-24 23:46:22,323 [pool-381-thread-1] INFO  server.RaftServerConfigKeys (ConfUtils.java:logGet(46)) - raft.server.notification.no-leader.timeout = 300s (custom)
2022-06-24 23:46:22,323 [pool-381-thread-1] INFO  server.RaftServerConfigKeys (ConfUtils.java:logGet(46)) - raft.server.log.use.memory = false (default)
2022-06-24 23:46:22,323 [pool-381-thread-1] INFO  server.RaftServerConfigKeys (ConfUtils.java:logGet(46)) - raft.server.log.purge.gap = 1000000 (custom)
2022-06-24 23:46:22,323 [pool-381-thread-1] INFO  server.RaftServerConfigKeys (ConfUtils.java:logGet(46)) - raft.server.log.appender.buffer.byte-limit = 33554432 (custom)
2022-06-24 23:46:22,323 [pool-381-thread-1] INFO  server.RaftServerConfigKeys (ConfUtils.java:logGet(46)) - raft.server.log.statemachine.data.read.timeout = 1000ms (default)
2022-06-24 23:46:22,323 [pool-381-thread-1] INFO  server.RaftServerConfigKeys (ConfUtils.java:logGet(46)) - raft.server.log.segment.size.max = 1048576 (custom)
2022-06-24 23:46:22,324 [pool-381-thread-1] INFO  server.RaftServerConfigKeys (ConfUtils.java:logGet(46)) - raft.server.log.segment.cache.num.max = 2 (custom)
2022-06-24 23:46:22,324 [pool-381-thread-1] INFO  server.RaftServerConfigKeys (ConfUtils.java:logGet(46)) - raft.server.log.segment.cache.size.max = 200MB (=209715200) (default)
2022-06-24 23:46:22,324 [pool-381-thread-1] INFO  segmented.SegmentedRaftLogWorker (SegmentedRaftLogWorker.java:<init>(187)) - new aa2ccac3-0f7f-4c15-9b2c-c814dca127e1@group-5AD547B25BBC-SegmentedRaftLogWorker for RaftStorageImpl:Storage Directory /home/runner/work/ozone/ozone/hadoop-ozone/integration-test/target/test-dir/MiniOzoneClusterImpl-1c97b964-6e84-44a1-9571-366444e105f6/datanode-3/data/ratis/8982bc99-82ef-4920-9d7b-5ad547b25bbc
2022-06-24 23:46:22,324 [pool-381-thread-1] INFO  server.RaftServerConfigKeys (ConfUtils.java:logGet(46)) - raft.server.log.queue.byte-limit = 4294967296 (custom)
2022-06-24 23:46:22,324 [pool-381-thread-1] INFO  server.RaftServerConfigKeys (ConfUtils.java:logGet(46)) - raft.server.log.queue.element-limit = 1024 (custom)
2022-06-24 23:46:22,324 [pool-381-thread-1] INFO  server.RaftServerConfigKeys (ConfUtils.java:logGet(46)) - raft.server.log.segment.size.max = 1048576 (custom)
2022-06-24 23:46:22,324 [pool-381-thread-1] INFO  server.RaftServerConfigKeys (ConfUtils.java:logGet(46)) - raft.server.log.preallocated.size = 16384 (custom)
2022-06-24 23:46:22,324 [pool-381-thread-1] INFO  server.RaftServerConfigKeys (ConfUtils.java:logGet(46)) - raft.server.log.force.sync.num = 128 (default)
2022-06-24 23:46:22,324 [pool-381-thread-1] INFO  server.RaftServerConfigKeys (ConfUtils.java:logGet(46)) - raft.server.log.statemachine.data.sync = true (default)
2022-06-24 23:46:22,324 [pool-381-thread-1] INFO  server.RaftServerConfigKeys (ConfUtils.java:logGet(46)) - raft.server.log.statemachine.data.sync.timeout = 10s (default)
2022-06-24 23:46:22,324 [pool-381-thread-1] INFO  server.RaftServerConfigKeys (ConfUtils.java:logGet(46)) - raft.server.log.statemachine.data.sync.timeout.retry = -1 (default)
2022-06-24 23:46:22,325 [pool-381-thread-1] INFO  server.RaftServerConfigKeys (ConfUtils.java:logGet(46)) - raft.server.log.write.buffer.size = 1048576 (custom)
2022-06-24 23:46:22,325 [pool-381-thread-1] INFO  server.RaftServerConfigKeys (ConfUtils.java:logGet(46)) - raft.server.log.unsafe-flush.enabled = false (default)
2022-06-24 23:46:22,325 [pool-381-thread-1] INFO  server.RaftServerConfigKeys (ConfUtils.java:logGet(46)) - raft.server.log.statemachine.data.caching.enabled = true (custom)
2022-06-24 23:46:22,325 [pool-381-thread-1] INFO  segmented.SegmentedRaftLogWorker (SegmentedRaftLogWorker.java:lambda$new$0(135)) - aa2ccac3-0f7f-4c15-9b2c-c814dca127e1@group-5AD547B25BBC-SegmentedRaftLogWorker: flushIndex: setUnconditionally 0 -> -1
2022-06-24 23:46:22,325 [pool-381-thread-1] INFO  segmented.SegmentedRaftLogWorker (SegmentedRaftLogWorker.java:lambda$new$0(135)) - aa2ccac3-0f7f-4c15-9b2c-c814dca127e1@group-5AD547B25BBC-SegmentedRaftLogWorker: safeCacheEvictIndex: setUnconditionally 0 -> -1
2022-06-24 23:46:22,332 [EventQueue-PipelineReportForPipelineReportHandler] INFO  pipeline.PipelineManagerImpl (PipelineManagerImpl.java:openPipeline(358)) - Pipeline Pipeline[ Id: 8982bc99-82ef-4920-9d7b-5ad547b25bbc, Nodes: aa2ccac3-0f7f-4c15-9b2c-c814dca127e1{ip: 10.1.0.24, host: fv-az21-224.v4iizcarkezebbfea14bcgzyke.bx.internal.cloudapp.net, ports: [REPLICATION=40033, RATIS=36121, RATIS_ADMIN=36121, RATIS_SERVER=36121, STANDALONE=46401], networkLocation: /default-rack, certSerialId: null, persistedOpState: IN_SERVICE, persistedOpStateExpiryEpochSec: 0}, ReplicationConfig: RATIS/ONE, State:ALLOCATED, leaderId:aa2ccac3-0f7f-4c15-9b2c-c814dca127e1, CreationTimestamp2022-06-24T23:46:19.290Z[Etc/UTC]] moved to OPEN state
2022-06-24 23:46:22,333 [EventQueue-OpenPipelineForHealthyPipelineSafeModeRule] INFO  safemode.SCMSafeModeManager (HealthyPipelineSafeModeRule.java:process(124)) - SCM in safe mode. Healthy pipelines reported count is 0, required healthy pipeline reported count is 1
2022-06-24 23:46:22,337 [pool-381-thread-1] INFO  server.RaftServerConfigKeys (ConfUtils.java:logGet(46)) - raft.server.snapshot.auto.trigger.enabled = true (custom)
2022-06-24 23:46:22,337 [pool-381-thread-1] INFO  server.RaftServerConfigKeys (ConfUtils.java:logGet(46)) - raft.server.snapshot.auto.trigger.threshold = 10000 (custom)
2022-06-24 23:46:22,337 [pool-381-thread-1] INFO  server.RaftServerConfigKeys (ConfUtils.java:logGet(46)) - raft.server.snapshot.retention.file.num = 5 (custom)
2022-06-24 23:46:22,337 [pool-381-thread-1] INFO  server.RaftServerConfigKeys (ConfUtils.java:logGet(46)) - raft.server.log.purge.upto.snapshot.index = false (default)
2022-06-24 23:46:22,337 [pool-381-thread-1] INFO  server.RaftServerConfigKeys (ConfUtils.java:logGet(46)) - raft.server.retrycache.expirytime = 600000ms (custom)
2022-06-24 23:46:22,337 [pool-381-thread-1] INFO  server.RaftServerConfigKeys (ConfUtils.java:logGet(46)) - raft.server.retrycache.statistics.expirytime = 100μs (default)
2022-06-24 23:46:22,344 [pool-381-thread-1] INFO  server.RaftServerConfigKeys (ConfUtils.java:logGet(46)) - raft.server.log.appender.install.snapshot.enabled = false (custom)
2022-06-24 23:46:22,344 [pool-381-thread-1] INFO  server.RaftServerConfigKeys (ConfUtils.java:logGet(46)) - raft.server.threadpool.server.cached = true (default)
2022-06-24 23:46:22,344 [pool-381-thread-1] INFO  server.RaftServerConfigKeys (ConfUtils.java:logGet(46)) - raft.server.threadpool.server.size = 0 (default)
2022-06-24 23:46:22,344 [pool-381-thread-1] INFO  server.RaftServerConfigKeys (ConfUtils.java:logGet(46)) - raft.server.threadpool.client.cached = true (default)
2022-06-24 23:46:22,344 [pool-381-thread-1] INFO  server.RaftServerConfigKeys (ConfUtils.java:logGet(46)) - raft.server.threadpool.client.size = 0 (default)
2022-06-24 23:46:22,344 [pool-381-thread-1] INFO  server.RaftServer$Division (RaftServerImpl.java:start(310)) - aa2ccac3-0f7f-4c15-9b2c-c814dca127e1@group-5AD547B25BBC: start as a follower, conf=-1: [aa2ccac3-0f7f-4c15-9b2c-c814dca127e1|rpc:10.1.0.24:36121|priority:1], old=null
2022-06-24 23:46:22,344 [pool-381-thread-1] INFO  server.RaftServer$Division (RaftServerImpl.java:setRole(299)) - aa2ccac3-0f7f-4c15-9b2c-c814dca127e1@group-5AD547B25BBC: changes role from      null to FOLLOWER at term 0 for startAsFollower
2022-06-24 23:46:22,344 [pool-381-thread-1] INFO  impl.RoleInfo (RoleInfo.java:updateAndGet(139)) - aa2ccac3-0f7f-4c15-9b2c-c814dca127e1: start aa2ccac3-0f7f-4c15-9b2c-c814dca127e1@group-5AD547B25BBC-FollowerState
2022-06-24 23:46:22,359 [pool-381-thread-1] INFO  util.JmxRegister (JmxRegister.java:tryRegister(44)) - Successfully registered JMX Bean with object name Ratis:service=RaftServer,group=group-5AD547B25BBC,id=aa2ccac3-0f7f-4c15-9b2c-c814dca127e1
2022-06-24 23:46:22,363 [Command processor thread] INFO  ratis.XceiverServerRatis (XceiverServerRatis.java:addGroup(765)) - Created group PipelineID=8982bc99-82ef-4920-9d7b-5ad547b25bbc
2022-06-24 23:46:22,363 [Command processor thread] INFO  commandhandler.CreatePipelineCommandHandler (CreatePipelineCommandHandler.java:handle(113)) - Created Pipeline RATIS ONE PipelineID=8982bc99-82ef-4920-9d7b-5ad547b25bbc.
2022-06-24 23:46:22,803 [Listener at 127.0.0.1/34097] INFO  ozone.MiniOzoneClusterImpl (MiniOzoneClusterImpl.java:lambda$waitForClusterToBeReady$0(223)) - Nodes are ready. Got 5 of 5 DN Heartbeats.
2022-06-24 23:46:22,803 [Listener at 127.0.0.1/34097] INFO  ozone.MiniOzoneClusterImpl (MiniOzoneClusterImpl.java:lambda$waitForClusterToBeReady$0(226)) - Waiting for cluster to exit safe mode
2022-06-24 23:46:22,803 [Listener at 127.0.0.1/34097] INFO  ozone.MiniOzoneClusterImpl (MiniOzoneClusterImpl.java:lambda$waitForClusterToBeReady$0(228)) - SCM became leader
2022-06-24 23:46:22,863 [Command processor thread] INFO  server.RaftServer (RaftServerProxy.java:addNew(96)) - bc644b0c-0e4b-489d-a6ba-eb86566737d4: addNew group-9A59D736E471:[bc644b0c-0e4b-489d-a6ba-eb86566737d4|rpc:10.1.0.24:41849|priority:1] returns group-9A59D736E471:java.util.concurrent.CompletableFuture@7a1a33f2[Not completed]
2022-06-24 23:46:22,876 [pool-409-thread-1] INFO  server.RaftServer$Division (RaftServerImpl.java:<init>(190)) - bc644b0c-0e4b-489d-a6ba-eb86566737d4: new RaftServerImpl for group-9A59D736E471:[bc644b0c-0e4b-489d-a6ba-eb86566737d4|rpc:10.1.0.24:41849|priority:1] with ContainerStateMachine:uninitialized
2022-06-24 23:46:22,876 [pool-409-thread-1] INFO  server.RaftServerConfigKeys (ConfUtils.java:logGet(46)) - raft.server.rpc.timeout.min = 5s (custom)
2022-06-24 23:46:22,876 [pool-409-thread-1] INFO  server.RaftServerConfigKeys (ConfUtils.java:logGet(46)) - raft.server.rpc.timeout.max = 5200ms (custom)
2022-06-24 23:46:22,876 [pool-409-thread-1] INFO  server.RaftServerConfigKeys (ConfUtils.java:logGet(46)) - raft.server.rpc.sleep.time = 25ms (default)
2022-06-24 23:46:22,876 [pool-409-thread-1] INFO  server.RaftServerConfigKeys (ConfUtils.java:logGet(46)) - raft.server.rpc.slowness.timeout = 300s (custom)
2022-06-24 23:46:22,876 [pool-409-thread-1] INFO  server.RaftServerConfigKeys (ConfUtils.java:logGet(46)) - raft.server.leaderelection.leader.step-down.wait-time = 10s (default)
2022-06-24 23:46:22,876 [pool-409-thread-1] INFO  server.RaftServerConfigKeys (ConfUtils.java:logGet(46)) - raft.server.sleep.deviation.threshold = 300ms (default)
2022-06-24 23:46:22,876 [pool-409-thread-1] INFO  server.RaftServer$Division (ServerState.java:<init>(107)) - bc644b0c-0e4b-489d-a6ba-eb86566737d4@group-9A59D736E471: ConfigurationManager, init=-1: [bc644b0c-0e4b-489d-a6ba-eb86566737d4|rpc:10.1.0.24:41849|priority:1], old=null, confs=<EMPTY_MAP>
2022-06-24 23:46:22,876 [pool-409-thread-1] INFO  server.RaftServerConfigKeys (ConfUtils.java:logGet(46)) - raft.server.storage.dir = [/home/runner/work/ozone/ozone/hadoop-ozone/integration-test/target/test-dir/MiniOzoneClusterImpl-1c97b964-6e84-44a1-9571-366444e105f6/datanode-4/data/ratis] (custom)
2022-06-24 23:46:22,876 [pool-409-thread-1] INFO  server.RaftServerConfigKeys (ConfUtils.java:logGet(46)) - raft.server.log.corruption.policy = EXCEPTION (default)
2022-06-24 23:46:22,876 [pool-409-thread-1] INFO  server.RaftServerConfigKeys (ConfUtils.java:logGet(46)) - raft.server.storage.free-space.min = 0MB (=0) (default)
2022-06-24 23:46:22,877 [pool-409-thread-1] INFO  storage.RaftStorageDirectory (RaftStorageDirectoryImpl.java:analyzeStorage(135)) - The storage directory /home/runner/work/ozone/ozone/hadoop-ozone/integration-test/target/test-dir/MiniOzoneClusterImpl-1c97b964-6e84-44a1-9571-366444e105f6/datanode-4/data/ratis/7ed083d5-eecf-49e0-b24f-9a59d736e471 does not exist. Creating ...
2022-06-24 23:46:22,880 [pool-409-thread-1] INFO  storage.RaftStorageDirectory (RaftStorageDirectoryImpl.java:tryLock(230)) - Lock on /home/runner/work/ozone/ozone/hadoop-ozone/integration-test/target/test-dir/MiniOzoneClusterImpl-1c97b964-6e84-44a1-9571-366444e105f6/datanode-4/data/ratis/7ed083d5-eecf-49e0-b24f-9a59d736e471/in_use.lock acquired by nodename 11308@fv-az21-224
2022-06-24 23:46:22,882 [pool-409-thread-1] INFO  storage.RaftStorage (RaftStorageImpl.java:format(89)) - Storage directory /home/runner/work/ozone/ozone/hadoop-ozone/integration-test/target/test-dir/MiniOzoneClusterImpl-1c97b964-6e84-44a1-9571-366444e105f6/datanode-4/data/ratis/7ed083d5-eecf-49e0-b24f-9a59d736e471 has been successfully formatted.
2022-06-24 23:46:22,895 [pool-409-thread-1] INFO  ratis.ContainerStateMachine (ContainerStateMachine.java:loadSnapshot(236)) - group-9A59D736E471: The snapshot info is null. Setting the last applied indexto:(t:0, i:~)
2022-06-24 23:46:22,895 [pool-409-thread-1] INFO  server.RaftServerConfigKeys (ConfUtils.java:logGet(46)) - raft.server.notification.no-leader.timeout = 300s (custom)
2022-06-24 23:46:22,895 [pool-409-thread-1] INFO  server.RaftServerConfigKeys (ConfUtils.java:logGet(46)) - raft.server.log.use.memory = false (default)
2022-06-24 23:46:22,895 [pool-409-thread-1] INFO  server.RaftServerConfigKeys (ConfUtils.java:logGet(46)) - raft.server.log.purge.gap = 1000000 (custom)
2022-06-24 23:46:22,895 [pool-409-thread-1] INFO  server.RaftServerConfigKeys (ConfUtils.java:logGet(46)) - raft.server.log.appender.buffer.byte-limit = 33554432 (custom)
2022-06-24 23:46:22,895 [pool-409-thread-1] INFO  server.RaftServerConfigKeys (ConfUtils.java:logGet(46)) - raft.server.log.statemachine.data.read.timeout = 1000ms (default)
2022-06-24 23:46:22,896 [pool-409-thread-1] INFO  server.RaftServerConfigKeys (ConfUtils.java:logGet(46)) - raft.server.log.segment.size.max = 1048576 (custom)
2022-06-24 23:46:22,896 [pool-409-thread-1] INFO  server.RaftServerConfigKeys (ConfUtils.java:logGet(46)) - raft.server.log.segment.cache.num.max = 2 (custom)
2022-06-24 23:46:22,896 [pool-409-thread-1] INFO  server.RaftServerConfigKeys (ConfUtils.java:logGet(46)) - raft.server.log.segment.cache.size.max = 200MB (=209715200) (default)
2022-06-24 23:46:22,896 [pool-409-thread-1] INFO  segmented.SegmentedRaftLogWorker (SegmentedRaftLogWorker.java:<init>(187)) - new bc644b0c-0e4b-489d-a6ba-eb86566737d4@group-9A59D736E471-SegmentedRaftLogWorker for RaftStorageImpl:Storage Directory /home/runner/work/ozone/ozone/hadoop-ozone/integration-test/target/test-dir/MiniOzoneClusterImpl-1c97b964-6e84-44a1-9571-366444e105f6/datanode-4/data/ratis/7ed083d5-eecf-49e0-b24f-9a59d736e471
2022-06-24 23:46:22,896 [pool-409-thread-1] INFO  server.RaftServerConfigKeys (ConfUtils.java:logGet(46)) - raft.server.log.queue.byte-limit = 4294967296 (custom)
2022-06-24 23:46:22,896 [pool-409-thread-1] INFO  server.RaftServerConfigKeys (ConfUtils.java:logGet(46)) - raft.server.log.queue.element-limit = 1024 (custom)
2022-06-24 23:46:22,896 [pool-409-thread-1] INFO  server.RaftServerConfigKeys (ConfUtils.java:logGet(46)) - raft.server.log.segment.size.max = 1048576 (custom)
2022-06-24 23:46:22,896 [pool-409-thread-1] INFO  server.RaftServerConfigKeys (ConfUtils.java:logGet(46)) - raft.server.log.preallocated.size = 16384 (custom)
2022-06-24 23:46:22,896 [pool-409-thread-1] INFO  server.RaftServerConfigKeys (ConfUtils.java:logGet(46)) - raft.server.log.force.sync.num = 128 (default)
2022-06-24 23:46:22,896 [pool-409-thread-1] INFO  server.RaftServerConfigKeys (ConfUtils.java:logGet(46)) - raft.server.log.statemachine.data.sync = true (default)
2022-06-24 23:46:22,896 [pool-409-thread-1] INFO  server.RaftServerConfigKeys (ConfUtils.java:logGet(46)) - raft.server.log.statemachine.data.sync.timeout = 10s (default)
2022-06-24 23:46:22,896 [pool-409-thread-1] INFO  server.RaftServerConfigKeys (ConfUtils.java:logGet(46)) - raft.server.log.statemachine.data.sync.timeout.retry = -1 (default)
2022-06-24 23:46:22,897 [pool-409-thread-1] INFO  server.RaftServerConfigKeys (ConfUtils.java:logGet(46)) - raft.server.log.write.buffer.size = 1048576 (custom)
2022-06-24 23:46:22,897 [pool-409-thread-1] INFO  server.RaftServerConfigKeys (ConfUtils.java:logGet(46)) - raft.server.log.unsafe-flush.enabled = false (default)
2022-06-24 23:46:22,897 [pool-409-thread-1] INFO  server.RaftServerConfigKeys (ConfUtils.java:logGet(46)) - raft.server.log.statemachine.data.caching.enabled = true (custom)
2022-06-24 23:46:22,897 [pool-409-thread-1] INFO  segmented.SegmentedRaftLogWorker (SegmentedRaftLogWorker.java:lambda$new$0(135)) - bc644b0c-0e4b-489d-a6ba-eb86566737d4@group-9A59D736E471-SegmentedRaftLogWorker: flushIndex: setUnconditionally 0 -> -1
2022-06-24 23:46:22,898 [pool-409-thread-1] INFO  segmented.SegmentedRaftLogWorker (SegmentedRaftLogWorker.java:lambda$new$0(135)) - bc644b0c-0e4b-489d-a6ba-eb86566737d4@group-9A59D736E471-SegmentedRaftLogWorker: safeCacheEvictIndex: setUnconditionally 0 -> -1
2022-06-24 23:46:22,902 [EventQueue-PipelineReportForPipelineReportHandler] INFO  pipeline.PipelineManagerImpl (PipelineManagerImpl.java:openPipeline(358)) - Pipeline Pipeline[ Id: 7ed083d5-eecf-49e0-b24f-9a59d736e471, Nodes: bc644b0c-0e4b-489d-a6ba-eb86566737d4{ip: 10.1.0.24, host: fv-az21-224.v4iizcarkezebbfea14bcgzyke.bx.internal.cloudapp.net, ports: [REPLICATION=33797, RATIS=41849, RATIS_ADMIN=41849, RATIS_SERVER=41849, STANDALONE=43015], networkLocation: /default-rack, certSerialId: null, persistedOpState: IN_SERVICE, persistedOpStateExpiryEpochSec: 0}, ReplicationConfig: RATIS/ONE, State:ALLOCATED, leaderId:bc644b0c-0e4b-489d-a6ba-eb86566737d4, CreationTimestamp2022-06-24T23:46:19.864Z[Etc/UTC]] moved to OPEN state
2022-06-24 23:46:22,903 [EventQueue-OpenPipelineForHealthyPipelineSafeModeRule] INFO  safemode.SCMSafeModeManager (HealthyPipelineSafeModeRule.java:process(124)) - SCM in safe mode. Healthy pipelines reported count is 0, required healthy pipeline reported count is 1
2022-06-24 23:46:22,918 [pool-409-thread-1] INFO  server.RaftServerConfigKeys (ConfUtils.java:logGet(46)) - raft.server.snapshot.auto.trigger.enabled = true (custom)
2022-06-24 23:46:22,918 [pool-409-thread-1] INFO  server.RaftServerConfigKeys (ConfUtils.java:logGet(46)) - raft.server.snapshot.auto.trigger.threshold = 10000 (custom)
2022-06-24 23:46:22,918 [pool-409-thread-1] INFO  server.RaftServerConfigKeys (ConfUtils.java:logGet(46)) - raft.server.snapshot.retention.file.num = 5 (custom)
2022-06-24 23:46:22,918 [pool-409-thread-1] INFO  server.RaftServerConfigKeys (ConfUtils.java:logGet(46)) - raft.server.log.purge.upto.snapshot.index = false (default)
2022-06-24 23:46:22,918 [pool-409-thread-1] INFO  server.RaftServerConfigKeys (ConfUtils.java:logGet(46)) - raft.server.retrycache.expirytime = 600000ms (custom)
2022-06-24 23:46:22,918 [pool-409-thread-1] INFO  server.RaftServerConfigKeys (ConfUtils.java:logGet(46)) - raft.server.retrycache.statistics.expirytime = 100μs (default)
2022-06-24 23:46:22,919 [pool-409-thread-1] INFO  server.RaftServerConfigKeys (ConfUtils.java:logGet(46)) - raft.server.log.appender.install.snapshot.enabled = false (custom)
2022-06-24 23:46:22,919 [pool-409-thread-1] INFO  server.RaftServerConfigKeys (ConfUtils.java:logGet(46)) - raft.server.threadpool.server.cached = true (default)
2022-06-24 23:46:22,919 [pool-409-thread-1] INFO  server.RaftServerConfigKeys (ConfUtils.java:logGet(46)) - raft.server.threadpool.server.size = 0 (default)
2022-06-24 23:46:22,919 [pool-409-thread-1] INFO  server.RaftServerConfigKeys (ConfUtils.java:logGet(46)) - raft.server.threadpool.client.cached = true (default)
2022-06-24 23:46:22,919 [pool-409-thread-1] INFO  server.RaftServerConfigKeys (ConfUtils.java:logGet(46)) - raft.server.threadpool.client.size = 0 (default)
2022-06-24 23:46:22,919 [pool-409-thread-1] INFO  server.RaftServer$Division (RaftServerImpl.java:start(310)) - bc644b0c-0e4b-489d-a6ba-eb86566737d4@group-9A59D736E471: start as a follower, conf=-1: [bc644b0c-0e4b-489d-a6ba-eb86566737d4|rpc:10.1.0.24:41849|priority:1], old=null
2022-06-24 23:46:22,919 [pool-409-thread-1] INFO  server.RaftServer$Division (RaftServerImpl.java:setRole(299)) - bc644b0c-0e4b-489d-a6ba-eb86566737d4@group-9A59D736E471: changes role from      null to FOLLOWER at term 0 for startAsFollower
2022-06-24 23:46:22,919 [pool-409-thread-1] INFO  impl.RoleInfo (RoleInfo.java:updateAndGet(139)) - bc644b0c-0e4b-489d-a6ba-eb86566737d4: start bc644b0c-0e4b-489d-a6ba-eb86566737d4@group-9A59D736E471-FollowerState
2022-06-24 23:46:22,927 [pool-409-thread-1] INFO  util.JmxRegister (JmxRegister.java:tryRegister(44)) - Successfully registered JMX Bean with object name Ratis:service=RaftServer,group=group-9A59D736E471,id=bc644b0c-0e4b-489d-a6ba-eb86566737d4
2022-06-24 23:46:22,935 [Command processor thread] INFO  ratis.XceiverServerRatis (XceiverServerRatis.java:addGroup(765)) - Created group PipelineID=7ed083d5-eecf-49e0-b24f-9a59d736e471
2022-06-24 23:46:22,935 [Command processor thread] INFO  commandhandler.CreatePipelineCommandHandler (CreatePipelineCommandHandler.java:handle(113)) - Created Pipeline RATIS ONE PipelineID=7ed083d5-eecf-49e0-b24f-9a59d736e471.
2022-06-24 23:46:23,803 [Listener at 127.0.0.1/34097] INFO  ozone.MiniOzoneClusterImpl (MiniOzoneClusterImpl.java:lambda$waitForClusterToBeReady$0(223)) - Nodes are ready. Got 5 of 5 DN Heartbeats.
2022-06-24 23:46:23,804 [Listener at 127.0.0.1/34097] INFO  ozone.MiniOzoneClusterImpl (MiniOzoneClusterImpl.java:lambda$waitForClusterToBeReady$0(226)) - Waiting for cluster to exit safe mode
2022-06-24 23:46:23,804 [Listener at 127.0.0.1/34097] INFO  ozone.MiniOzoneClusterImpl (MiniOzoneClusterImpl.java:lambda$waitForClusterToBeReady$0(228)) - SCM became leader
2022-06-24 23:46:24,804 [Listener at 127.0.0.1/34097] INFO  ozone.MiniOzoneClusterImpl (MiniOzoneClusterImpl.java:lambda$waitForClusterToBeReady$0(223)) - Nodes are ready. Got 5 of 5 DN Heartbeats.
2022-06-24 23:46:24,804 [Listener at 127.0.0.1/34097] INFO  ozone.MiniOzoneClusterImpl (MiniOzoneClusterImpl.java:lambda$waitForClusterToBeReady$0(226)) - Waiting for cluster to exit safe mode
2022-06-24 23:46:24,804 [Listener at 127.0.0.1/34097] INFO  ozone.MiniOzoneClusterImpl (MiniOzoneClusterImpl.java:lambda$waitForClusterToBeReady$0(228)) - SCM became leader
2022-06-24 23:46:25,039 [c8d3b1b7-e2cb-467c-92f2-e834465c7bf5@group-53E7D689C16E-FollowerState] INFO  impl.FollowerState (FollowerState.java:run(143)) - c8d3b1b7-e2cb-467c-92f2-e834465c7bf5@group-53E7D689C16E-FollowerState: change to CANDIDATE, lastRpcElapsedTime:5033983328ns, electionTimeout:5024ms
2022-06-24 23:46:25,039 [c8d3b1b7-e2cb-467c-92f2-e834465c7bf5@group-53E7D689C16E-FollowerState] INFO  impl.RoleInfo (RoleInfo.java:shutdownFollowerState(110)) - c8d3b1b7-e2cb-467c-92f2-e834465c7bf5: shutdown c8d3b1b7-e2cb-467c-92f2-e834465c7bf5@group-53E7D689C16E-FollowerState
2022-06-24 23:46:25,039 [c8d3b1b7-e2cb-467c-92f2-e834465c7bf5@group-53E7D689C16E-FollowerState] INFO  server.RaftServer$Division (RaftServerImpl.java:setRole(299)) - c8d3b1b7-e2cb-467c-92f2-e834465c7bf5@group-53E7D689C16E: changes role from  FOLLOWER to CANDIDATE at term 0 for changeToCandidate
2022-06-24 23:46:25,040 [c8d3b1b7-e2cb-467c-92f2-e834465c7bf5@group-53E7D689C16E-FollowerState] INFO  server.RaftServerConfigKeys (ConfUtils.java:logGet(46)) - raft.server.leaderelection.pre-vote = false (custom)
2022-06-24 23:46:25,040 [c8d3b1b7-e2cb-467c-92f2-e834465c7bf5@group-53E7D689C16E-FollowerState] INFO  impl.RoleInfo (RoleInfo.java:updateAndGet(139)) - c8d3b1b7-e2cb-467c-92f2-e834465c7bf5: start c8d3b1b7-e2cb-467c-92f2-e834465c7bf5@group-53E7D689C16E-LeaderElection17
2022-06-24 23:46:25,069 [c8d3b1b7-e2cb-467c-92f2-e834465c7bf5@group-53E7D689C16E-LeaderElection17] INFO  impl.LeaderElection (LeaderElection.java:askForVotes(310)) - c8d3b1b7-e2cb-467c-92f2-e834465c7bf5@group-53E7D689C16E-LeaderElection17 ELECTION round 0: submit vote requests at term 1 for -1: [c8d3b1b7-e2cb-467c-92f2-e834465c7bf5|rpc:10.1.0.24:45959|priority:1], old=null
2022-06-24 23:46:25,070 [c8d3b1b7-e2cb-467c-92f2-e834465c7bf5@group-53E7D689C16E-LeaderElection17] INFO  impl.LeaderElection (LeaderElection.java:askForVotes(312)) - c8d3b1b7-e2cb-467c-92f2-e834465c7bf5@group-53E7D689C16E-LeaderElection17 ELECTION round 0: result PASSED (term=1)
2022-06-24 23:46:25,070 [c8d3b1b7-e2cb-467c-92f2-e834465c7bf5@group-53E7D689C16E-LeaderElection17] INFO  impl.RoleInfo (RoleInfo.java:shutdownLeaderElection(130)) - c8d3b1b7-e2cb-467c-92f2-e834465c7bf5: shutdown c8d3b1b7-e2cb-467c-92f2-e834465c7bf5@group-53E7D689C16E-LeaderElection17
2022-06-24 23:46:25,070 [c8d3b1b7-e2cb-467c-92f2-e834465c7bf5@group-53E7D689C16E-LeaderElection17] INFO  server.RaftServer$Division (RaftServerImpl.java:setRole(299)) - c8d3b1b7-e2cb-467c-92f2-e834465c7bf5@group-53E7D689C16E: changes role from CANDIDATE to LEADER at term 1 for changeToLeader
2022-06-24 23:46:25,070 [c8d3b1b7-e2cb-467c-92f2-e834465c7bf5@group-53E7D689C16E-LeaderElection17] INFO  ratis.XceiverServerRatis (XceiverServerRatis.java:handleLeaderChangedNotification(863)) - Leader change notification received for group: group-53E7D689C16E with new leaderId: c8d3b1b7-e2cb-467c-92f2-e834465c7bf5
2022-06-24 23:46:25,075 [EventQueue-OpenPipelineForHealthyPipelineSafeModeRule] INFO  safemode.SCMSafeModeManager (HealthyPipelineSafeModeRule.java:process(124)) - SCM in safe mode. Healthy pipelines reported count is 0, required healthy pipeline reported count is 1
2022-06-24 23:46:25,075 [c8d3b1b7-e2cb-467c-92f2-e834465c7bf5@group-53E7D689C16E-LeaderElection17] INFO  server.RaftServer$Division (ServerState.java:setLeader(287)) - c8d3b1b7-e2cb-467c-92f2-e834465c7bf5@group-53E7D689C16E: change Leader from null to c8d3b1b7-e2cb-467c-92f2-e834465c7bf5 at term 1 for becomeLeader, leader elected after 5094ms
2022-06-24 23:46:25,075 [c8d3b1b7-e2cb-467c-92f2-e834465c7bf5@group-53E7D689C16E-LeaderElection17] INFO  server.RaftServerConfigKeys (ConfUtils.java:logGet(46)) - raft.server.staging.catchup.gap = 1000 (default)
2022-06-24 23:46:25,076 [c8d3b1b7-e2cb-467c-92f2-e834465c7bf5@group-53E7D689C16E-LeaderElection17] INFO  server.RaftServerConfigKeys (ConfUtils.java:logGet(46)) - raft.server.write.element-limit = 1024 (custom)
2022-06-24 23:46:25,076 [c8d3b1b7-e2cb-467c-92f2-e834465c7bf5@group-53E7D689C16E-LeaderElection17] INFO  server.RaftServerConfigKeys (ConfUtils.java:logGet(46)) - raft.server.write.byte-limit = 1024 M (=1073741824) (custom)
2022-06-24 23:46:25,087 [c8d3b1b7-e2cb-467c-92f2-e834465c7bf5@group-53E7D689C16E-LeaderElection17] INFO  server.RaftServerConfigKeys (ConfUtils.java:logGet(46)) - raft.server.watch.timeout = 180s (custom)
2022-06-24 23:46:25,087 [c8d3b1b7-e2cb-467c-92f2-e834465c7bf5@group-53E7D689C16E-LeaderElection17] INFO  server.RaftServerConfigKeys (ConfUtils.java:logGet(46)) - raft.server.watch.timeout.denomination = 1s (default)
2022-06-24 23:46:25,087 [c8d3b1b7-e2cb-467c-92f2-e834465c7bf5@group-53E7D689C16E-LeaderElection17] INFO  server.RaftServerConfigKeys (ConfUtils.java:logGet(46)) - raft.server.watch.element-limit = 65536 (default)
2022-06-24 23:46:25,087 [c8d3b1b7-e2cb-467c-92f2-e834465c7bf5@group-53E7D689C16E-LeaderElection17] INFO  server.RaftServerConfigKeys (ConfUtils.java:logGet(46)) - raft.server.write.element-limit = 1024 (custom)
2022-06-24 23:46:25,087 [c8d3b1b7-e2cb-467c-92f2-e834465c7bf5@group-53E7D689C16E-LeaderElection17] INFO  server.RaftServerConfigKeys (ConfUtils.java:logGet(46)) - raft.server.write.follower.gap.ratio.max = -1.0 (default)
2022-06-24 23:46:25,088 [c8d3b1b7-e2cb-467c-92f2-e834465c7bf5@group-53E7D689C16E-LeaderElection17] INFO  impl.RoleInfo (RoleInfo.java:updateAndGet(139)) - c8d3b1b7-e2cb-467c-92f2-e834465c7bf5: start c8d3b1b7-e2cb-467c-92f2-e834465c7bf5@group-53E7D689C16E-LeaderStateImpl
2022-06-24 23:46:25,088 [c8d3b1b7-e2cb-467c-92f2-e834465c7bf5@group-53E7D689C16E-LeaderElection17] INFO  segmented.SegmentedRaftLogWorker (SegmentedRaftLogWorker.java:startLogSegment(425)) - c8d3b1b7-e2cb-467c-92f2-e834465c7bf5@group-53E7D689C16E-SegmentedRaftLogWorker: Starting segment from index:0
2022-06-24 23:46:25,091 [c8d3b1b7-e2cb-467c-92f2-e834465c7bf5@group-53E7D689C16E-SegmentedRaftLogWorker] INFO  segmented.SegmentedRaftLogWorker (SegmentedRaftLogWorker.java:execute(629)) - c8d3b1b7-e2cb-467c-92f2-e834465c7bf5@group-53E7D689C16E-SegmentedRaftLogWorker: created new log segment /home/runner/work/ozone/ozone/hadoop-ozone/integration-test/target/test-dir/MiniOzoneClusterImpl-1c97b964-6e84-44a1-9571-366444e105f6/datanode-0/data/ratis/c331adb0-60d7-441a-ad63-53e7d689c16e/current/log_inprogress_0
2022-06-24 23:46:25,100 [c8d3b1b7-e2cb-467c-92f2-e834465c7bf5@group-53E7D689C16E-LeaderElection17] INFO  server.RaftServer$Division (ServerState.java:setRaftConf(393)) - c8d3b1b7-e2cb-467c-92f2-e834465c7bf5@group-53E7D689C16E: set configuration 0: [c8d3b1b7-e2cb-467c-92f2-e834465c7bf5|rpc:10.1.0.24:45959|dataStream:|priority:1], old=null
2022-06-24 23:46:25,133 [c8d3b1b7-e2cb-467c-92f2-e834465c7bf5@group-523ABDBB2F30-FollowerState] INFO  impl.FollowerState (FollowerState.java:run(143)) - c8d3b1b7-e2cb-467c-92f2-e834465c7bf5@group-523ABDBB2F30-FollowerState: change to CANDIDATE, lastRpcElapsedTime:5080009794ns, electionTimeout:5071ms
2022-06-24 23:46:25,133 [c8d3b1b7-e2cb-467c-92f2-e834465c7bf5@group-523ABDBB2F30-FollowerState] INFO  impl.RoleInfo (RoleInfo.java:shutdownFollowerState(110)) - c8d3b1b7-e2cb-467c-92f2-e834465c7bf5: shutdown c8d3b1b7-e2cb-467c-92f2-e834465c7bf5@group-523ABDBB2F30-FollowerState
2022-06-24 23:46:25,133 [c8d3b1b7-e2cb-467c-92f2-e834465c7bf5@group-523ABDBB2F30-FollowerState] INFO  server.RaftServer$Division (RaftServerImpl.java:setRole(299)) - c8d3b1b7-e2cb-467c-92f2-e834465c7bf5@group-523ABDBB2F30: changes role from  FOLLOWER to CANDIDATE at term 0 for changeToCandidate
2022-06-24 23:46:25,133 [c8d3b1b7-e2cb-467c-92f2-e834465c7bf5@group-523ABDBB2F30-FollowerState] INFO  server.RaftServerConfigKeys (ConfUtils.java:logGet(46)) - raft.server.leaderelection.pre-vote = false (custom)
2022-06-24 23:46:25,133 [c8d3b1b7-e2cb-467c-92f2-e834465c7bf5@group-523ABDBB2F30-FollowerState] INFO  impl.RoleInfo (RoleInfo.java:updateAndGet(139)) - c8d3b1b7-e2cb-467c-92f2-e834465c7bf5: start c8d3b1b7-e2cb-467c-92f2-e834465c7bf5@group-523ABDBB2F30-LeaderElection18
2022-06-24 23:46:25,160 [c8d3b1b7-e2cb-467c-92f2-e834465c7bf5@group-523ABDBB2F30-LeaderElection18] INFO  impl.LeaderElection (LeaderElection.java:askForVotes(310)) - c8d3b1b7-e2cb-467c-92f2-e834465c7bf5@group-523ABDBB2F30-LeaderElection18 ELECTION round 0: submit vote requests at term 1 for -1: [8e270ae6-3b8a-4b8d-ba53-7f31af20a9eb|rpc:10.1.0.24:34827|priority:0, c8d3b1b7-e2cb-467c-92f2-e834465c7bf5|rpc:10.1.0.24:45959|priority:1, d25249de-707f-41fb-b0bd-e849b78f575c|rpc:10.1.0.24:36285|priority:0], old=null
2022-06-24 23:46:25,201 [grpc-default-executor-0] INFO  server.RaftServer$Division (RaftServerImpl.java:requestVote(1152)) - d25249de-707f-41fb-b0bd-e849b78f575c@group-523ABDBB2F30: receive requestVote(ELECTION, c8d3b1b7-e2cb-467c-92f2-e834465c7bf5, group-523ABDBB2F30, 1, (t:0, i:0))
2022-06-24 23:46:25,201 [grpc-default-executor-0] INFO  impl.VoteContext (VoteContext.java:log(48)) - d25249de-707f-41fb-b0bd-e849b78f575c@group-523ABDBB2F30-FOLLOWER: accept ELECTION from c8d3b1b7-e2cb-467c-92f2-e834465c7bf5: our priority 0 <= candidate's priority 1
2022-06-24 23:46:25,201 [grpc-default-executor-0] INFO  server.RaftServer$Division (RaftServerImpl.java:setRole(299)) - d25249de-707f-41fb-b0bd-e849b78f575c@group-523ABDBB2F30: changes role from  FOLLOWER to FOLLOWER at term 1 for candidate:c8d3b1b7-e2cb-467c-92f2-e834465c7bf5
2022-06-24 23:46:25,201 [grpc-default-executor-0] INFO  impl.RoleInfo (RoleInfo.java:shutdownFollowerState(110)) - d25249de-707f-41fb-b0bd-e849b78f575c: shutdown d25249de-707f-41fb-b0bd-e849b78f575c@group-523ABDBB2F30-FollowerState
2022-06-24 23:46:25,201 [grpc-default-executor-0] INFO  impl.RoleInfo (RoleInfo.java:updateAndGet(139)) - d25249de-707f-41fb-b0bd-e849b78f575c: start d25249de-707f-41fb-b0bd-e849b78f575c@group-523ABDBB2F30-FollowerState
2022-06-24 23:46:25,201 [d25249de-707f-41fb-b0bd-e849b78f575c@group-523ABDBB2F30-FollowerState] INFO  impl.FollowerState (FollowerState.java:run(152)) - d25249de-707f-41fb-b0bd-e849b78f575c@group-523ABDBB2F30-FollowerState was interrupted
2022-06-24 23:46:25,207 [grpc-default-executor-0] INFO  server.RaftServer$Division (RaftServerImpl.java:requestVote(1184)) - d25249de-707f-41fb-b0bd-e849b78f575c@group-523ABDBB2F30 replies to ELECTION vote request: c8d3b1b7-e2cb-467c-92f2-e834465c7bf5<-d25249de-707f-41fb-b0bd-e849b78f575c#0:OK-t1. Peer's state: d25249de-707f-41fb-b0bd-e849b78f575c@group-523ABDBB2F30:t1, leader=null, voted=c8d3b1b7-e2cb-467c-92f2-e834465c7bf5, raftlog=d25249de-707f-41fb-b0bd-e849b78f575c@group-523ABDBB2F30-SegmentedRaftLog:OPENED:c-1, conf=-1: [8e270ae6-3b8a-4b8d-ba53-7f31af20a9eb|rpc:10.1.0.24:34827|dataStream:|priority:0, c8d3b1b7-e2cb-467c-92f2-e834465c7bf5|rpc:10.1.0.24:45959|dataStream:|priority:1, d25249de-707f-41fb-b0bd-e849b78f575c|rpc:10.1.0.24:36285|dataStream:|priority:0], old=null
2022-06-24 23:46:25,208 [c8d3b1b7-e2cb-467c-92f2-e834465c7bf5@group-523ABDBB2F30-LeaderElection18] INFO  impl.LeaderElection (LeaderElection.java:logAndReturn(90)) - c8d3b1b7-e2cb-467c-92f2-e834465c7bf5@group-523ABDBB2F30-LeaderElection18: ELECTION PASSED received 1 response(s) and 0 exception(s):
2022-06-24 23:46:25,208 [c8d3b1b7-e2cb-467c-92f2-e834465c7bf5@group-523ABDBB2F30-LeaderElection18] INFO  impl.LeaderElection (LeaderElection.java:logAndReturn(94)) -   Response 0: c8d3b1b7-e2cb-467c-92f2-e834465c7bf5<-d25249de-707f-41fb-b0bd-e849b78f575c#0:OK-t1
2022-06-24 23:46:25,208 [c8d3b1b7-e2cb-467c-92f2-e834465c7bf5@group-523ABDBB2F30-LeaderElection18] INFO  impl.LeaderElection (LeaderElection.java:askForVotes(312)) - c8d3b1b7-e2cb-467c-92f2-e834465c7bf5@group-523ABDBB2F30-LeaderElection18 ELECTION round 0: result PASSED
2022-06-24 23:46:25,208 [c8d3b1b7-e2cb-467c-92f2-e834465c7bf5@group-523ABDBB2F30-LeaderElection18] INFO  impl.RoleInfo (RoleInfo.java:shutdownLeaderElection(130)) - c8d3b1b7-e2cb-467c-92f2-e834465c7bf5: shutdown c8d3b1b7-e2cb-467c-92f2-e834465c7bf5@group-523ABDBB2F30-LeaderElection18
2022-06-24 23:46:25,208 [c8d3b1b7-e2cb-467c-92f2-e834465c7bf5@group-523ABDBB2F30-LeaderElection18] INFO  server.RaftServer$Division (RaftServerImpl.java:setRole(299)) - c8d3b1b7-e2cb-467c-92f2-e834465c7bf5@group-523ABDBB2F30: changes role from CANDIDATE to LEADER at term 1 for changeToLeader
2022-06-24 23:46:25,208 [c8d3b1b7-e2cb-467c-92f2-e834465c7bf5@group-523ABDBB2F30-LeaderElection18] INFO  ratis.XceiverServerRatis (XceiverServerRatis.java:handleLeaderChangedNotification(863)) - Leader change notification received for group: group-523ABDBB2F30 with new leaderId: c8d3b1b7-e2cb-467c-92f2-e834465c7bf5
2022-06-24 23:46:25,209 [c8d3b1b7-e2cb-467c-92f2-e834465c7bf5@group-523ABDBB2F30-LeaderElection18] INFO  server.RaftServer$Division (ServerState.java:setLeader(287)) - c8d3b1b7-e2cb-467c-92f2-e834465c7bf5@group-523ABDBB2F30: change Leader from null to c8d3b1b7-e2cb-467c-92f2-e834465c7bf5 at term 1 for becomeLeader, leader elected after 5173ms
2022-06-24 23:46:25,209 [c8d3b1b7-e2cb-467c-92f2-e834465c7bf5@group-523ABDBB2F30-LeaderElection18] INFO  server.RaftServerConfigKeys (ConfUtils.java:logGet(46)) - raft.server.staging.catchup.gap = 1000 (default)
2022-06-24 23:46:25,209 [c8d3b1b7-e2cb-467c-92f2-e834465c7bf5@group-523ABDBB2F30-LeaderElection18] INFO  server.RaftServerConfigKeys (ConfUtils.java:logGet(46)) - raft.server.write.element-limit = 1024 (custom)
2022-06-24 23:46:25,209 [c8d3b1b7-e2cb-467c-92f2-e834465c7bf5@group-523ABDBB2F30-LeaderElection18] INFO  server.RaftServerConfigKeys (ConfUtils.java:logGet(46)) - raft.server.write.byte-limit = 1024 M (=1073741824) (custom)
2022-06-24 23:46:25,209 [c8d3b1b7-e2cb-467c-92f2-e834465c7bf5@group-523ABDBB2F30-LeaderElection18] INFO  server.RaftServerConfigKeys (ConfUtils.java:logGet(46)) - raft.server.watch.timeout = 180s (custom)
2022-06-24 23:46:25,209 [c8d3b1b7-e2cb-467c-92f2-e834465c7bf5@group-523ABDBB2F30-LeaderElection18] INFO  server.RaftServerConfigKeys (ConfUtils.java:logGet(46)) - raft.server.watch.timeout.denomination = 1s (default)
2022-06-24 23:46:25,209 [c8d3b1b7-e2cb-467c-92f2-e834465c7bf5@group-523ABDBB2F30-LeaderElection18] INFO  server.RaftServerConfigKeys (ConfUtils.java:logGet(46)) - raft.server.watch.element-limit = 65536 (default)
2022-06-24 23:46:25,209 [c8d3b1b7-e2cb-467c-92f2-e834465c7bf5@group-523ABDBB2F30-LeaderElection18] INFO  server.RaftServerConfigKeys (ConfUtils.java:logGet(46)) - raft.server.write.element-limit = 1024 (custom)
2022-06-24 23:46:25,210 [c8d3b1b7-e2cb-467c-92f2-e834465c7bf5@group-523ABDBB2F30-LeaderElection18] INFO  server.RaftServerConfigKeys (ConfUtils.java:logGet(46)) - raft.server.write.follower.gap.ratio.max = -1.0 (default)
2022-06-24 23:46:25,210 [c8d3b1b7-e2cb-467c-92f2-e834465c7bf5@group-523ABDBB2F30-LeaderElection18] INFO  server.RaftServerConfigKeys (ConfUtils.java:logGet(46)) - raft.server.log.appender.snapshot.chunk.size.max = 16MB (=16777216) (default)
2022-06-24 23:46:25,210 [c8d3b1b7-e2cb-467c-92f2-e834465c7bf5@group-523ABDBB2F30-LeaderElection18] INFO  server.RaftServerConfigKeys (ConfUtils.java:logGet(46)) - raft.server.log.appender.buffer.byte-limit = 33554432 (custom)
2022-06-24 23:46:25,210 [c8d3b1b7-e2cb-467c-92f2-e834465c7bf5@group-523ABDBB2F30-LeaderElection18] INFO  server.RaftServerConfigKeys (ConfUtils.java:logGet(46)) - raft.server.log.appender.buffer.element-limit = 1 (custom)
2022-06-24 23:46:25,210 [c8d3b1b7-e2cb-467c-92f2-e834465c7bf5@group-523ABDBB2F30-LeaderElection18] INFO  grpc.GrpcConfigKeys (ConfUtils.java:logGet(46)) - raft.grpc.server.leader.outstanding.appends.max = 128 (default)
2022-06-24 23:46:25,210 [c8d3b1b7-e2cb-467c-92f2-e834465c7bf5@group-523ABDBB2F30-LeaderElection18] INFO  server.RaftServerConfigKeys (ConfUtils.java:logGet(46)) - raft.server.rpc.request.timeout = 60s (custom)
2022-06-24 23:46:25,210 [c8d3b1b7-e2cb-467c-92f2-e834465c7bf5@group-523ABDBB2F30-LeaderElection18] INFO  server.RaftServerConfigKeys (ConfUtils.java:logGet(46)) - raft.server.log.appender.install.snapshot.enabled = false (custom)
2022-06-24 23:46:25,213 [EventQueue-PipelineReportForPipelineReportHandler] INFO  pipeline.PipelineManagerImpl (PipelineManagerImpl.java:openPipeline(358)) - Pipeline Pipeline[ Id: 410ad4d1-ad0b-41c3-a567-523abdbb2f30, Nodes: c8d3b1b7-e2cb-467c-92f2-e834465c7bf5{ip: 10.1.0.24, host: fv-az21-224.v4iizcarkezebbfea14bcgzyke.bx.internal.cloudapp.net, ports: [REPLICATION=37931, RATIS=45959, RATIS_ADMIN=45959, RATIS_SERVER=45959, STANDALONE=34671], networkLocation: /default-rack, certSerialId: null, persistedOpState: IN_SERVICE, persistedOpStateExpiryEpochSec: 0}d25249de-707f-41fb-b0bd-e849b78f575c{ip: 10.1.0.24, host: fv-az21-224.v4iizcarkezebbfea14bcgzyke.bx.internal.cloudapp.net, ports: [REPLICATION=37633, RATIS=36285, RATIS_ADMIN=36285, RATIS_SERVER=36285, STANDALONE=45851], networkLocation: /default-rack, certSerialId: null, persistedOpState: IN_SERVICE, persistedOpStateExpiryEpochSec: 0}8e270ae6-3b8a-4b8d-ba53-7f31af20a9eb{ip: 10.1.0.24, host: fv-az21-224.v4iizcarkezebbfea14bcgzyke.bx.internal.cloudapp.net, ports: [REPLICATION=45683, RATIS=34827, RATIS_ADMIN=34827, RATIS_SERVER=34827, STANDALONE=37589], networkLocation: /default-rack, certSerialId: null, persistedOpState: IN_SERVICE, persistedOpStateExpiryEpochSec: 0}, ReplicationConfig: RATIS/THREE, State:ALLOCATED, leaderId:c8d3b1b7-e2cb-467c-92f2-e834465c7bf5, CreationTimestamp2022-06-24T23:46:18.512Z[Etc/UTC]] moved to OPEN state
2022-06-24 23:46:25,213 [EventQueue-OpenPipelineForHealthyPipelineSafeModeRule] INFO  safemode.SCMSafeModeManager (HealthyPipelineSafeModeRule.java:process(124)) - SCM in safe mode. Healthy pipelines reported count is 1, required healthy pipeline reported count is 1
2022-06-24 23:46:25,213 [EventQueue-OpenPipelineForHealthyPipelineSafeModeRule] INFO  safemode.SCMSafeModeManager (SCMSafeModeManager.java:validateSafeModeExitRules(204)) - HealthyPipelineSafeModeRule rule is successfully validated
2022-06-24 23:46:25,213 [EventQueue-OpenPipelineForHealthyPipelineSafeModeRule] INFO  safemode.SCMSafeModeManager (SCMSafeModeManager.java:validateSafeModeExitRules(219)) - ScmSafeModeManager, all rules are successfully validated
2022-06-24 23:46:25,213 [EventQueue-OpenPipelineForHealthyPipelineSafeModeRule] INFO  safemode.SCMSafeModeManager (SCMSafeModeManager.java:exitSafeMode(248)) - SCM exiting safe mode.
2022-06-24 23:46:25,213 [EventQueue-OpenPipelineForHealthyPipelineSafeModeRule] WARN  events.EventQueue (EventQueue.java:fireEvent(216)) - No event handler registered for event TypedEvent{payloadType=SafeModeStatus, name='Safe mode status'}
2022-06-24 23:46:25,213 [EventQueue-OpenPipelineForHealthyPipelineSafeModeRule] INFO  ha.SCMContext (SCMContext.java:updateSafeModeStatus(228)) - Update SafeModeStatus from SafeModeStatus{safeModeStatus=true, preCheckPassed=true} to SafeModeStatus{safeModeStatus=false, preCheckPassed=true}.
2022-06-24 23:46:25,213 [EventQueue-OpenPipelineForHealthyPipelineSafeModeRule] INFO  pipeline.BackgroundPipelineCreator (BackgroundPipelineCreator.java:notifyStatusChanged(253)) - Service BackgroundPipelineCreator transitions to RUNNING.
2022-06-24 23:46:25,213 [EventQueue-OpenPipelineForHealthyPipelineSafeModeRule] INFO  BackgroundPipelineScrubber (BackgroundSCMService.java:notifyStatusChanged(82)) - Service BackgroundPipelineScrubber transitions to RUNNING.
2022-06-24 23:46:25,213 [EventQueue-OpenPipelineForHealthyPipelineSafeModeRule] INFO  ExpiredContainerReplicaOpScrubber (BackgroundSCMService.java:notifyStatusChanged(82)) - Service ExpiredContainerReplicaOpScrubber transitions to RUNNING.
2022-06-24 23:46:25,213 [EventQueue-OpenPipelineForHealthyPipelineSafeModeRule] INFO  replication.ReplicationManager (ReplicationManager.java:notifyStatusChanged(372)) - Service ReplicationManager transitions to RUNNING.
2022-06-24 23:46:25,214 [EventQueue-OpenPipelineForHealthyPipelineSafeModeRule] WARN  balancer.ContainerBalancer (ContainerBalancer.java:shouldRun(875)) - Could not find persisted configuration for ContainerBalancer when checking if ContainerBalancer should run. ContainerBalancer should not run now.
2022-06-24 23:46:25,215 [c8d3b1b7-e2cb-467c-92f2-e834465c7bf5@group-523ABDBB2F30-LeaderElection18] INFO  server.RaftServerConfigKeys (ConfUtils.java:logGet(46)) - raft.server.log.appender.snapshot.chunk.size.max = 16MB (=16777216) (default)
2022-06-24 23:46:25,215 [c8d3b1b7-e2cb-467c-92f2-e834465c7bf5@group-523ABDBB2F30-LeaderElection18] INFO  server.RaftServerConfigKeys (ConfUtils.java:logGet(46)) - raft.server.log.appender.buffer.byte-limit = 33554432 (custom)
2022-06-24 23:46:25,215 [c8d3b1b7-e2cb-467c-92f2-e834465c7bf5@group-523ABDBB2F30-LeaderElection18] INFO  server.RaftServerConfigKeys (ConfUtils.java:logGet(46)) - raft.server.log.appender.buffer.element-limit = 1 (custom)
2022-06-24 23:46:25,215 [c8d3b1b7-e2cb-467c-92f2-e834465c7bf5@group-523ABDBB2F30-LeaderElection18] INFO  grpc.GrpcConfigKeys (ConfUtils.java:logGet(46)) - raft.grpc.server.leader.outstanding.appends.max = 128 (default)
2022-06-24 23:46:25,215 [c8d3b1b7-e2cb-467c-92f2-e834465c7bf5@group-523ABDBB2F30-LeaderElection18] INFO  server.RaftServerConfigKeys (ConfUtils.java:logGet(46)) - raft.server.rpc.request.timeout = 60s (custom)
2022-06-24 23:46:25,216 [c8d3b1b7-e2cb-467c-92f2-e834465c7bf5@group-523ABDBB2F30-LeaderElection18] INFO  server.RaftServerConfigKeys (ConfUtils.java:logGet(46)) - raft.server.log.appender.install.snapshot.enabled = false (custom)
2022-06-24 23:46:25,217 [c8d3b1b7-e2cb-467c-92f2-e834465c7bf5@group-523ABDBB2F30-LeaderElection18] INFO  impl.RoleInfo (RoleInfo.java:updateAndGet(139)) - c8d3b1b7-e2cb-467c-92f2-e834465c7bf5: start c8d3b1b7-e2cb-467c-92f2-e834465c7bf5@group-523ABDBB2F30-LeaderStateImpl
2022-06-24 23:46:25,223 [c8d3b1b7-e2cb-467c-92f2-e834465c7bf5@group-523ABDBB2F30-LeaderElection18] INFO  segmented.SegmentedRaftLogWorker (SegmentedRaftLogWorker.java:startLogSegment(425)) - c8d3b1b7-e2cb-467c-92f2-e834465c7bf5@group-523ABDBB2F30-SegmentedRaftLogWorker: Starting segment from index:0
2022-06-24 23:46:25,224 [c8d3b1b7-e2cb-467c-92f2-e834465c7bf5@group-523ABDBB2F30-SegmentedRaftLogWorker] INFO  segmented.SegmentedRaftLogWorker (SegmentedRaftLogWorker.java:execute(629)) - c8d3b1b7-e2cb-467c-92f2-e834465c7bf5@group-523ABDBB2F30-SegmentedRaftLogWorker: created new log segment /home/runner/work/ozone/ozone/hadoop-ozone/integration-test/target/test-dir/MiniOzoneClusterImpl-1c97b964-6e84-44a1-9571-366444e105f6/datanode-0/data/ratis/410ad4d1-ad0b-41c3-a567-523abdbb2f30/current/log_inprogress_0
2022-06-24 23:46:25,242 [c8d3b1b7-e2cb-467c-92f2-e834465c7bf5@group-523ABDBB2F30-LeaderElection18] INFO  server.RaftServer$Division (ServerState.java:setRaftConf(393)) - c8d3b1b7-e2cb-467c-92f2-e834465c7bf5@group-523ABDBB2F30: set configuration 0: [8e270ae6-3b8a-4b8d-ba53-7f31af20a9eb|rpc:10.1.0.24:34827|dataStream:|priority:0, c8d3b1b7-e2cb-467c-92f2-e834465c7bf5|rpc:10.1.0.24:45959|dataStream:|priority:1, d25249de-707f-41fb-b0bd-e849b78f575c|rpc:10.1.0.24:36285|dataStream:|priority:0], old=null
2022-06-24 23:46:25,275 [grpc-default-executor-0] INFO  server.RaftServer$Division (RaftServerImpl.java:requestVote(1152)) - 8e270ae6-3b8a-4b8d-ba53-7f31af20a9eb@group-523ABDBB2F30: receive requestVote(ELECTION, c8d3b1b7-e2cb-467c-92f2-e834465c7bf5, group-523ABDBB2F30, 1, (t:0, i:0))
2022-06-24 23:46:25,275 [grpc-default-executor-0] INFO  impl.VoteContext (VoteContext.java:log(48)) - 8e270ae6-3b8a-4b8d-ba53-7f31af20a9eb@group-523ABDBB2F30-FOLLOWER: accept ELECTION from c8d3b1b7-e2cb-467c-92f2-e834465c7bf5: our priority 0 <= candidate's priority 1
2022-06-24 23:46:25,275 [grpc-default-executor-0] INFO  server.RaftServer$Division (RaftServerImpl.java:setRole(299)) - 8e270ae6-3b8a-4b8d-ba53-7f31af20a9eb@group-523ABDBB2F30: changes role from  FOLLOWER to FOLLOWER at term 1 for candidate:c8d3b1b7-e2cb-467c-92f2-e834465c7bf5
2022-06-24 23:46:25,275 [grpc-default-executor-0] INFO  impl.RoleInfo (RoleInfo.java:shutdownFollowerState(110)) - 8e270ae6-3b8a-4b8d-ba53-7f31af20a9eb: shutdown 8e270ae6-3b8a-4b8d-ba53-7f31af20a9eb@group-523ABDBB2F30-FollowerState
2022-06-24 23:46:25,276 [grpc-default-executor-0] INFO  impl.RoleInfo (RoleInfo.java:updateAndGet(139)) - 8e270ae6-3b8a-4b8d-ba53-7f31af20a9eb: start 8e270ae6-3b8a-4b8d-ba53-7f31af20a9eb@group-523ABDBB2F30-FollowerState
2022-06-24 23:46:25,276 [8e270ae6-3b8a-4b8d-ba53-7f31af20a9eb@group-523ABDBB2F30-FollowerState] INFO  impl.FollowerState (FollowerState.java:run(152)) - 8e270ae6-3b8a-4b8d-ba53-7f31af20a9eb@group-523ABDBB2F30-FollowerState was interrupted
2022-06-24 23:46:25,282 [grpc-default-executor-0] INFO  server.RaftServer$Division (RaftServerImpl.java:requestVote(1184)) - 8e270ae6-3b8a-4b8d-ba53-7f31af20a9eb@group-523ABDBB2F30 replies to ELECTION vote request: c8d3b1b7-e2cb-467c-92f2-e834465c7bf5<-8e270ae6-3b8a-4b8d-ba53-7f31af20a9eb#0:OK-t1. Peer's state: 8e270ae6-3b8a-4b8d-ba53-7f31af20a9eb@group-523ABDBB2F30:t1, leader=null, voted=c8d3b1b7-e2cb-467c-92f2-e834465c7bf5, raftlog=8e270ae6-3b8a-4b8d-ba53-7f31af20a9eb@group-523ABDBB2F30-SegmentedRaftLog:OPENED:c-1, conf=-1: [8e270ae6-3b8a-4b8d-ba53-7f31af20a9eb|rpc:10.1.0.24:34827|dataStream:|priority:0, c8d3b1b7-e2cb-467c-92f2-e834465c7bf5|rpc:10.1.0.24:45959|dataStream:|priority:1, d25249de-707f-41fb-b0bd-e849b78f575c|rpc:10.1.0.24:36285|dataStream:|priority:0], old=null
2022-06-24 23:46:25,311 [8e270ae6-3b8a-4b8d-ba53-7f31af20a9eb-server-thread1] INFO  ratis.XceiverServerRatis (XceiverServerRatis.java:handleLeaderChangedNotification(863)) - Leader change notification received for group: group-523ABDBB2F30 with new leaderId: c8d3b1b7-e2cb-467c-92f2-e834465c7bf5
2022-06-24 23:46:25,311 [8e270ae6-3b8a-4b8d-ba53-7f31af20a9eb-server-thread1] INFO  server.RaftServer$Division (ServerState.java:setLeader(287)) - 8e270ae6-3b8a-4b8d-ba53-7f31af20a9eb@group-523ABDBB2F30: change Leader from null to c8d3b1b7-e2cb-467c-92f2-e834465c7bf5 at term 1 for appendEntries, leader elected after 4863ms
2022-06-24 23:46:25,335 [d25249de-707f-41fb-b0bd-e849b78f575c-server-thread1] INFO  ratis.XceiverServerRatis (XceiverServerRatis.java:handleLeaderChangedNotification(863)) - Leader change notification received for group: group-523ABDBB2F30 with new leaderId: c8d3b1b7-e2cb-467c-92f2-e834465c7bf5
2022-06-24 23:46:25,336 [d25249de-707f-41fb-b0bd-e849b78f575c-server-thread1] INFO  server.RaftServer$Division (ServerState.java:setLeader(287)) - d25249de-707f-41fb-b0bd-e849b78f575c@group-523ABDBB2F30: change Leader from null to c8d3b1b7-e2cb-467c-92f2-e834465c7bf5 at term 1 for appendEntries, leader elected after 5167ms
2022-06-24 23:46:25,356 [8e270ae6-3b8a-4b8d-ba53-7f31af20a9eb-server-thread1] INFO  server.RaftServer$Division (ServerState.java:setRaftConf(393)) - 8e270ae6-3b8a-4b8d-ba53-7f31af20a9eb@group-523ABDBB2F30: set configuration 0: [8e270ae6-3b8a-4b8d-ba53-7f31af20a9eb|rpc:10.1.0.24:34827|dataStream:|priority:0, c8d3b1b7-e2cb-467c-92f2-e834465c7bf5|rpc:10.1.0.24:45959|dataStream:|priority:1, d25249de-707f-41fb-b0bd-e849b78f575c|rpc:10.1.0.24:36285|dataStream:|priority:0], old=null
2022-06-24 23:46:25,357 [8e270ae6-3b8a-4b8d-ba53-7f31af20a9eb-server-thread1] INFO  segmented.SegmentedRaftLogWorker (SegmentedRaftLogWorker.java:startLogSegment(425)) - 8e270ae6-3b8a-4b8d-ba53-7f31af20a9eb@group-523ABDBB2F30-SegmentedRaftLogWorker: Starting segment from index:0
2022-06-24 23:46:25,361 [d25249de-707f-41fb-b0bd-e849b78f575c-server-thread1] INFO  server.RaftServer$Division (ServerState.java:setRaftConf(393)) - d25249de-707f-41fb-b0bd-e849b78f575c@group-523ABDBB2F30: set configuration 0: [8e270ae6-3b8a-4b8d-ba53-7f31af20a9eb|rpc:10.1.0.24:34827|dataStream:|priority:0, c8d3b1b7-e2cb-467c-92f2-e834465c7bf5|rpc:10.1.0.24:45959|dataStream:|priority:1, d25249de-707f-41fb-b0bd-e849b78f575c|rpc:10.1.0.24:36285|dataStream:|priority:0], old=null
2022-06-24 23:46:25,361 [d25249de-707f-41fb-b0bd-e849b78f575c-server-thread1] INFO  segmented.SegmentedRaftLogWorker (SegmentedRaftLogWorker.java:startLogSegment(425)) - d25249de-707f-41fb-b0bd-e849b78f575c@group-523ABDBB2F30-SegmentedRaftLogWorker: Starting segment from index:0
2022-06-24 23:46:25,367 [d25249de-707f-41fb-b0bd-e849b78f575c@group-523ABDBB2F30-SegmentedRaftLogWorker] INFO  segmented.SegmentedRaftLogWorker (SegmentedRaftLogWorker.java:execute(629)) - d25249de-707f-41fb-b0bd-e849b78f575c@group-523ABDBB2F30-SegmentedRaftLogWorker: created new log segment /home/runner/work/ozone/ozone/hadoop-ozone/integration-test/target/test-dir/MiniOzoneClusterImpl-1c97b964-6e84-44a1-9571-366444e105f6/datanode-2/data/ratis/410ad4d1-ad0b-41c3-a567-523abdbb2f30/current/log_inprogress_0
2022-06-24 23:46:25,390 [8e270ae6-3b8a-4b8d-ba53-7f31af20a9eb@group-523ABDBB2F30-SegmentedRaftLogWorker] INFO  segmented.SegmentedRaftLogWorker (SegmentedRaftLogWorker.java:execute(629)) - 8e270ae6-3b8a-4b8d-ba53-7f31af20a9eb@group-523ABDBB2F30-SegmentedRaftLogWorker: created new log segment /home/runner/work/ozone/ozone/hadoop-ozone/integration-test/target/test-dir/MiniOzoneClusterImpl-1c97b964-6e84-44a1-9571-366444e105f6/datanode-1/data/ratis/410ad4d1-ad0b-41c3-a567-523abdbb2f30/current/log_inprogress_0
2022-06-24 23:46:25,632 [c8d3b1b7-e2cb-467c-92f2-e834465c7bf5@group-2E3355F2685F-FollowerState] INFO  impl.FollowerState (FollowerState.java:run(143)) - c8d3b1b7-e2cb-467c-92f2-e834465c7bf5@group-2E3355F2685F-FollowerState: change to CANDIDATE, lastRpcElapsedTime:5091274101ns, electionTimeout:5077ms
2022-06-24 23:46:25,632 [c8d3b1b7-e2cb-467c-92f2-e834465c7bf5@group-2E3355F2685F-FollowerState] INFO  impl.RoleInfo (RoleInfo.java:shutdownFollowerState(110)) - c8d3b1b7-e2cb-467c-92f2-e834465c7bf5: shutdown c8d3b1b7-e2cb-467c-92f2-e834465c7bf5@group-2E3355F2685F-FollowerState
2022-06-24 23:46:25,632 [c8d3b1b7-e2cb-467c-92f2-e834465c7bf5@group-2E3355F2685F-FollowerState] INFO  server.RaftServer$Division (RaftServerImpl.java:setRole(299)) - c8d3b1b7-e2cb-467c-92f2-e834465c7bf5@group-2E3355F2685F: changes role from  FOLLOWER to CANDIDATE at term 0 for changeToCandidate
2022-06-24 23:46:25,632 [c8d3b1b7-e2cb-467c-92f2-e834465c7bf5@group-2E3355F2685F-FollowerState] INFO  server.RaftServerConfigKeys (ConfUtils.java:logGet(46)) - raft.server.leaderelection.pre-vote = false (custom)
2022-06-24 23:46:25,632 [c8d3b1b7-e2cb-467c-92f2-e834465c7bf5@group-2E3355F2685F-FollowerState] INFO  impl.RoleInfo (RoleInfo.java:updateAndGet(139)) - c8d3b1b7-e2cb-467c-92f2-e834465c7bf5: start c8d3b1b7-e2cb-467c-92f2-e834465c7bf5@group-2E3355F2685F-LeaderElection19
2022-06-24 23:46:25,636 [d25249de-707f-41fb-b0bd-e849b78f575c@group-2E3355F2685F-FollowerState] INFO  impl.FollowerState (FollowerState.java:run(143)) - d25249de-707f-41fb-b0bd-e849b78f575c@group-2E3355F2685F-FollowerState: change to CANDIDATE, lastRpcElapsedTime:5024951628ns, electionTimeout:5015ms
2022-06-24 23:46:25,636 [d25249de-707f-41fb-b0bd-e849b78f575c@group-2E3355F2685F-FollowerState] INFO  impl.RoleInfo (RoleInfo.java:shutdownFollowerState(110)) - d25249de-707f-41fb-b0bd-e849b78f575c: shutdown d25249de-707f-41fb-b0bd-e849b78f575c@group-2E3355F2685F-FollowerState
2022-06-24 23:46:25,636 [d25249de-707f-41fb-b0bd-e849b78f575c@group-2E3355F2685F-FollowerState] INFO  server.RaftServer$Division (RaftServerImpl.java:setRole(299)) - d25249de-707f-41fb-b0bd-e849b78f575c@group-2E3355F2685F: changes role from  FOLLOWER to CANDIDATE at term 0 for changeToCandidate
2022-06-24 23:46:25,649 [d25249de-707f-41fb-b0bd-e849b78f575c@group-2E3355F2685F-FollowerState] INFO  server.RaftServerConfigKeys (ConfUtils.java:logGet(46)) - raft.server.leaderelection.pre-vote = false (custom)
2022-06-24 23:46:25,649 [d25249de-707f-41fb-b0bd-e849b78f575c@group-2E3355F2685F-FollowerState] INFO  impl.RoleInfo (RoleInfo.java:updateAndGet(139)) - d25249de-707f-41fb-b0bd-e849b78f575c: start d25249de-707f-41fb-b0bd-e849b78f575c@group-2E3355F2685F-LeaderElection20
2022-06-24 23:46:25,674 [c8d3b1b7-e2cb-467c-92f2-e834465c7bf5@group-2E3355F2685F-LeaderElection19] INFO  impl.LeaderElection (LeaderElection.java:askForVotes(310)) - c8d3b1b7-e2cb-467c-92f2-e834465c7bf5@group-2E3355F2685F-LeaderElection19 ELECTION round 0: submit vote requests at term 1 for -1: [8e270ae6-3b8a-4b8d-ba53-7f31af20a9eb|rpc:10.1.0.24:34827|priority:0, c8d3b1b7-e2cb-467c-92f2-e834465c7bf5|rpc:10.1.0.24:45959|priority:0, d25249de-707f-41fb-b0bd-e849b78f575c|rpc:10.1.0.24:36285|priority:1], old=null
2022-06-24 23:46:25,676 [d25249de-707f-41fb-b0bd-e849b78f575c@group-2E3355F2685F-LeaderElection20] INFO  impl.LeaderElection (LeaderElection.java:askForVotes(310)) - d25249de-707f-41fb-b0bd-e849b78f575c@group-2E3355F2685F-LeaderElection20 ELECTION round 0: submit vote requests at term 1 for -1: [8e270ae6-3b8a-4b8d-ba53-7f31af20a9eb|rpc:10.1.0.24:34827|dataStream:|priority:0, c8d3b1b7-e2cb-467c-92f2-e834465c7bf5|rpc:10.1.0.24:45959|dataStream:|priority:0, d25249de-707f-41fb-b0bd-e849b78f575c|rpc:10.1.0.24:36285|dataStream:|priority:1], old=null
2022-06-24 23:46:25,749 [grpc-default-executor-2] INFO  server.RaftServer$Division (RaftServerImpl.java:requestVote(1152)) - 8e270ae6-3b8a-4b8d-ba53-7f31af20a9eb@group-2E3355F2685F: receive requestVote(ELECTION, c8d3b1b7-e2cb-467c-92f2-e834465c7bf5, group-2E3355F2685F, 1, (t:0, i:0))
2022-06-24 23:46:25,749 [grpc-default-executor-2] INFO  impl.VoteContext (VoteContext.java:log(48)) - 8e270ae6-3b8a-4b8d-ba53-7f31af20a9eb@group-2E3355F2685F-FOLLOWER: accept ELECTION from c8d3b1b7-e2cb-467c-92f2-e834465c7bf5: our priority 0 <= candidate's priority 0
2022-06-24 23:46:25,749 [grpc-default-executor-2] INFO  server.RaftServer$Division (RaftServerImpl.java:setRole(299)) - 8e270ae6-3b8a-4b8d-ba53-7f31af20a9eb@group-2E3355F2685F: changes role from  FOLLOWER to FOLLOWER at term 1 for candidate:c8d3b1b7-e2cb-467c-92f2-e834465c7bf5
2022-06-24 23:46:25,750 [grpc-default-executor-2] INFO  impl.RoleInfo (RoleInfo.java:shutdownFollowerState(110)) - 8e270ae6-3b8a-4b8d-ba53-7f31af20a9eb: shutdown 8e270ae6-3b8a-4b8d-ba53-7f31af20a9eb@group-2E3355F2685F-FollowerState
2022-06-24 23:46:25,750 [grpc-default-executor-2] INFO  impl.RoleInfo (RoleInfo.java:updateAndGet(139)) - 8e270ae6-3b8a-4b8d-ba53-7f31af20a9eb: start 8e270ae6-3b8a-4b8d-ba53-7f31af20a9eb@group-2E3355F2685F-FollowerState
2022-06-24 23:46:25,750 [8e270ae6-3b8a-4b8d-ba53-7f31af20a9eb@group-2E3355F2685F-FollowerState] INFO  impl.FollowerState (FollowerState.java:run(152)) - 8e270ae6-3b8a-4b8d-ba53-7f31af20a9eb@group-2E3355F2685F-FollowerState was interrupted
2022-06-24 23:46:25,758 [grpc-default-executor-2] INFO  server.RaftServer$Division (RaftServerImpl.java:requestVote(1184)) - 8e270ae6-3b8a-4b8d-ba53-7f31af20a9eb@group-2E3355F2685F replies to ELECTION vote request: c8d3b1b7-e2cb-467c-92f2-e834465c7bf5<-8e270ae6-3b8a-4b8d-ba53-7f31af20a9eb#0:OK-t1. Peer's state: 8e270ae6-3b8a-4b8d-ba53-7f31af20a9eb@group-2E3355F2685F:t1, leader=null, voted=c8d3b1b7-e2cb-467c-92f2-e834465c7bf5, raftlog=8e270ae6-3b8a-4b8d-ba53-7f31af20a9eb@group-2E3355F2685F-SegmentedRaftLog:OPENED:c-1, conf=-1: [8e270ae6-3b8a-4b8d-ba53-7f31af20a9eb|rpc:10.1.0.24:34827|dataStream:|priority:0, c8d3b1b7-e2cb-467c-92f2-e834465c7bf5|rpc:10.1.0.24:45959|dataStream:|priority:0, d25249de-707f-41fb-b0bd-e849b78f575c|rpc:10.1.0.24:36285|dataStream:|priority:1], old=null
2022-06-24 23:46:25,773 [grpc-default-executor-3] INFO  server.RaftServer$Division (RaftServerImpl.java:requestVote(1152)) - d25249de-707f-41fb-b0bd-e849b78f575c@group-2E3355F2685F: receive requestVote(ELECTION, c8d3b1b7-e2cb-467c-92f2-e834465c7bf5, group-2E3355F2685F, 1, (t:0, i:0))
2022-06-24 23:46:25,774 [grpc-default-executor-3] INFO  impl.VoteContext (VoteContext.java:log(48)) - d25249de-707f-41fb-b0bd-e849b78f575c@group-2E3355F2685F-CANDIDATE: reject ELECTION from c8d3b1b7-e2cb-467c-92f2-e834465c7bf5: already has voted for d25249de-707f-41fb-b0bd-e849b78f575c at current term 1
2022-06-24 23:46:25,774 [grpc-default-executor-3] INFO  server.RaftServer$Division (RaftServerImpl.java:requestVote(1184)) - d25249de-707f-41fb-b0bd-e849b78f575c@group-2E3355F2685F replies to ELECTION vote request: c8d3b1b7-e2cb-467c-92f2-e834465c7bf5<-d25249de-707f-41fb-b0bd-e849b78f575c#0:FAIL-t1. Peer's state: d25249de-707f-41fb-b0bd-e849b78f575c@group-2E3355F2685F:t1, leader=null, voted=d25249de-707f-41fb-b0bd-e849b78f575c, raftlog=d25249de-707f-41fb-b0bd-e849b78f575c@group-2E3355F2685F-SegmentedRaftLog:OPENED:c-1, conf=-1: [8e270ae6-3b8a-4b8d-ba53-7f31af20a9eb|rpc:10.1.0.24:34827|dataStream:|priority:0, c8d3b1b7-e2cb-467c-92f2-e834465c7bf5|rpc:10.1.0.24:45959|dataStream:|priority:0, d25249de-707f-41fb-b0bd-e849b78f575c|rpc:10.1.0.24:36285|dataStream:|priority:1], old=null
2022-06-24 23:46:25,780 [c8d3b1b7-e2cb-467c-92f2-e834465c7bf5@group-2E3355F2685F-LeaderElection19] INFO  impl.LeaderElection (LeaderElection.java:logAndReturn(90)) - c8d3b1b7-e2cb-467c-92f2-e834465c7bf5@group-2E3355F2685F-LeaderElection19: ELECTION REJECTED received 2 response(s) and 0 exception(s):
2022-06-24 23:46:25,780 [c8d3b1b7-e2cb-467c-92f2-e834465c7bf5@group-2E3355F2685F-LeaderElection19] INFO  impl.LeaderElection (LeaderElection.java:logAndReturn(94)) -   Response 0: c8d3b1b7-e2cb-467c-92f2-e834465c7bf5<-8e270ae6-3b8a-4b8d-ba53-7f31af20a9eb#0:OK-t1
2022-06-24 23:46:25,780 [c8d3b1b7-e2cb-467c-92f2-e834465c7bf5@group-2E3355F2685F-LeaderElection19] INFO  impl.LeaderElection (LeaderElection.java:logAndReturn(94)) -   Response 1: c8d3b1b7-e2cb-467c-92f2-e834465c7bf5<-d25249de-707f-41fb-b0bd-e849b78f575c#0:FAIL-t1
2022-06-24 23:46:25,780 [c8d3b1b7-e2cb-467c-92f2-e834465c7bf5@group-2E3355F2685F-LeaderElection19] INFO  impl.LeaderElection (LeaderElection.java:askForVotes(312)) - c8d3b1b7-e2cb-467c-92f2-e834465c7bf5@group-2E3355F2685F-LeaderElection19 ELECTION round 0: result REJECTED
2022-06-24 23:46:25,780 [c8d3b1b7-e2cb-467c-92f2-e834465c7bf5@group-2E3355F2685F-LeaderElection19] INFO  server.RaftServer$Division (RaftServerImpl.java:setRole(299)) - c8d3b1b7-e2cb-467c-92f2-e834465c7bf5@group-2E3355F2685F: changes role from CANDIDATE to FOLLOWER at term 1 for REJECTED
2022-06-24 23:46:25,780 [c8d3b1b7-e2cb-467c-92f2-e834465c7bf5@group-2E3355F2685F-LeaderElection19] INFO  impl.RoleInfo (RoleInfo.java:shutdownLeaderElection(130)) - c8d3b1b7-e2cb-467c-92f2-e834465c7bf5: shutdown c8d3b1b7-e2cb-467c-92f2-e834465c7bf5@group-2E3355F2685F-LeaderElection19
2022-06-24 23:46:25,780 [c8d3b1b7-e2cb-467c-92f2-e834465c7bf5@group-2E3355F2685F-LeaderElection19] INFO  impl.RoleInfo (RoleInfo.java:updateAndGet(139)) - c8d3b1b7-e2cb-467c-92f2-e834465c7bf5: start c8d3b1b7-e2cb-467c-92f2-e834465c7bf5@group-2E3355F2685F-FollowerState
2022-06-24 23:46:25,808 [Listener at 127.0.0.1/34097] INFO  ozone.MiniOzoneClusterImpl (MiniOzoneClusterImpl.java:lambda$waitForClusterToBeReady$0(223)) - Nodes are ready. Got 5 of 5 DN Heartbeats.
2022-06-24 23:46:25,808 [Listener at 127.0.0.1/34097] INFO  ozone.MiniOzoneClusterImpl (MiniOzoneClusterImpl.java:lambda$waitForClusterToBeReady$0(226)) - Cluster exits safe mode
2022-06-24 23:46:25,808 [Listener at 127.0.0.1/34097] INFO  ozone.MiniOzoneClusterImpl (MiniOzoneClusterImpl.java:lambda$waitForClusterToBeReady$0(228)) - SCM became leader
2022-06-24 23:46:25,830 [grpc-default-executor-3] INFO  server.RaftServer$Division (RaftServerImpl.java:requestVote(1152)) - 8e270ae6-3b8a-4b8d-ba53-7f31af20a9eb@group-2E3355F2685F: receive requestVote(ELECTION, d25249de-707f-41fb-b0bd-e849b78f575c, group-2E3355F2685F, 1, (t:0, i:0))
2022-06-24 23:46:25,833 [grpc-default-executor-2] INFO  server.RaftServer$Division (RaftServerImpl.java:requestVote(1152)) - c8d3b1b7-e2cb-467c-92f2-e834465c7bf5@group-2E3355F2685F: receive requestVote(ELECTION, d25249de-707f-41fb-b0bd-e849b78f575c, group-2E3355F2685F, 1, (t:0, i:0))
2022-06-24 23:46:25,833 [grpc-default-executor-2] INFO  impl.VoteContext (VoteContext.java:log(48)) - c8d3b1b7-e2cb-467c-92f2-e834465c7bf5@group-2E3355F2685F-FOLLOWER: reject ELECTION from d25249de-707f-41fb-b0bd-e849b78f575c: already has voted for c8d3b1b7-e2cb-467c-92f2-e834465c7bf5 at current term 1
2022-06-24 23:46:25,833 [grpc-default-executor-2] INFO  server.RaftServer$Division (RaftServerImpl.java:requestVote(1184)) - c8d3b1b7-e2cb-467c-92f2-e834465c7bf5@group-2E3355F2685F replies to ELECTION vote request: d25249de-707f-41fb-b0bd-e849b78f575c<-c8d3b1b7-e2cb-467c-92f2-e834465c7bf5#0:FAIL-t1. Peer's state: c8d3b1b7-e2cb-467c-92f2-e834465c7bf5@group-2E3355F2685F:t1, leader=null, voted=c8d3b1b7-e2cb-467c-92f2-e834465c7bf5, raftlog=c8d3b1b7-e2cb-467c-92f2-e834465c7bf5@group-2E3355F2685F-SegmentedRaftLog:OPENED:c-1, conf=-1: [8e270ae6-3b8a-4b8d-ba53-7f31af20a9eb|rpc:10.1.0.24:34827|priority:0, c8d3b1b7-e2cb-467c-92f2-e834465c7bf5|rpc:10.1.0.24:45959|priority:0, d25249de-707f-41fb-b0bd-e849b78f575c|rpc:10.1.0.24:36285|priority:1], old=null
2022-06-24 23:46:25,833 [grpc-default-executor-3] INFO  impl.VoteContext (VoteContext.java:log(48)) - 8e270ae6-3b8a-4b8d-ba53-7f31af20a9eb@group-2E3355F2685F-FOLLOWER: reject ELECTION from d25249de-707f-41fb-b0bd-e849b78f575c: already has voted for c8d3b1b7-e2cb-467c-92f2-e834465c7bf5 at current term 1
2022-06-24 23:46:25,834 [grpc-default-executor-3] INFO  server.RaftServer$Division (RaftServerImpl.java:requestVote(1184)) - 8e270ae6-3b8a-4b8d-ba53-7f31af20a9eb@group-2E3355F2685F replies to ELECTION vote request: d25249de-707f-41fb-b0bd-e849b78f575c<-8e270ae6-3b8a-4b8d-ba53-7f31af20a9eb#0:FAIL-t1. Peer's state: 8e270ae6-3b8a-4b8d-ba53-7f31af20a9eb@group-2E3355F2685F:t1, leader=null, voted=c8d3b1b7-e2cb-467c-92f2-e834465c7bf5, raftlog=8e270ae6-3b8a-4b8d-ba53-7f31af20a9eb@group-2E3355F2685F-SegmentedRaftLog:OPENED:c-1, conf=-1: [8e270ae6-3b8a-4b8d-ba53-7f31af20a9eb|rpc:10.1.0.24:34827|dataStream:|priority:0, c8d3b1b7-e2cb-467c-92f2-e834465c7bf5|rpc:10.1.0.24:45959|dataStream:|priority:0, d25249de-707f-41fb-b0bd-e849b78f575c|rpc:10.1.0.24:36285|dataStream:|priority:1], old=null
2022-06-24 23:46:25,843 [d25249de-707f-41fb-b0bd-e849b78f575c@group-2E3355F2685F-LeaderElection20] INFO  impl.LeaderElection (LeaderElection.java:logAndReturn(90)) - d25249de-707f-41fb-b0bd-e849b78f575c@group-2E3355F2685F-LeaderElection20: ELECTION REJECTED received 2 response(s) and 0 exception(s):
2022-06-24 23:46:25,843 [d25249de-707f-41fb-b0bd-e849b78f575c@group-2E3355F2685F-LeaderElection20] INFO  impl.LeaderElection (LeaderElection.java:logAndReturn(94)) -   Response 0: d25249de-707f-41fb-b0bd-e849b78f575c<-8e270ae6-3b8a-4b8d-ba53-7f31af20a9eb#0:FAIL-t1
2022-06-24 23:46:25,843 [d25249de-707f-41fb-b0bd-e849b78f575c@group-2E3355F2685F-LeaderElection20] INFO  impl.LeaderElection (LeaderElection.java:logAndReturn(94)) -   Response 1: d25249de-707f-41fb-b0bd-e849b78f575c<-c8d3b1b7-e2cb-467c-92f2-e834465c7bf5#0:FAIL-t1
2022-06-24 23:46:25,843 [d25249de-707f-41fb-b0bd-e849b78f575c@group-2E3355F2685F-LeaderElection20] INFO  impl.LeaderElection (LeaderElection.java:askForVotes(312)) - d25249de-707f-41fb-b0bd-e849b78f575c@group-2E3355F2685F-LeaderElection20 ELECTION round 0: result REJECTED
2022-06-24 23:46:25,843 [d25249de-707f-41fb-b0bd-e849b78f575c@group-2E3355F2685F-LeaderElection20] INFO  server.RaftServer$Division (RaftServerImpl.java:setRole(299)) - d25249de-707f-41fb-b0bd-e849b78f575c@group-2E3355F2685F: changes role from CANDIDATE to FOLLOWER at term 1 for REJECTED
2022-06-24 23:46:25,843 [d25249de-707f-41fb-b0bd-e849b78f575c@group-2E3355F2685F-LeaderElection20] INFO  impl.RoleInfo (RoleInfo.java:shutdownLeaderElection(130)) - d25249de-707f-41fb-b0bd-e849b78f575c: shutdown d25249de-707f-41fb-b0bd-e849b78f575c@group-2E3355F2685F-LeaderElection20
2022-06-24 23:46:25,843 [d25249de-707f-41fb-b0bd-e849b78f575c@group-2E3355F2685F-LeaderElection20] INFO  impl.RoleInfo (RoleInfo.java:updateAndGet(139)) - d25249de-707f-41fb-b0bd-e849b78f575c: start d25249de-707f-41fb-b0bd-e849b78f575c@group-2E3355F2685F-FollowerState
2022-06-24 23:46:25,890 [8e270ae6-3b8a-4b8d-ba53-7f31af20a9eb@group-8418D65A5C39-FollowerState] INFO  impl.FollowerState (FollowerState.java:run(143)) - 8e270ae6-3b8a-4b8d-ba53-7f31af20a9eb@group-8418D65A5C39-FollowerState: change to CANDIDATE, lastRpcElapsedTime:5137472366ns, electionTimeout:5123ms
2022-06-24 23:46:25,890 [8e270ae6-3b8a-4b8d-ba53-7f31af20a9eb@group-8418D65A5C39-FollowerState] INFO  impl.RoleInfo (RoleInfo.java:shutdownFollowerState(110)) - 8e270ae6-3b8a-4b8d-ba53-7f31af20a9eb: shutdown 8e270ae6-3b8a-4b8d-ba53-7f31af20a9eb@group-8418D65A5C39-FollowerState
2022-06-24 23:46:25,890 [8e270ae6-3b8a-4b8d-ba53-7f31af20a9eb@group-8418D65A5C39-FollowerState] INFO  server.RaftServer$Division (RaftServerImpl.java:setRole(299)) - 8e270ae6-3b8a-4b8d-ba53-7f31af20a9eb@group-8418D65A5C39: changes role from  FOLLOWER to CANDIDATE at term 0 for changeToCandidate
2022-06-24 23:46:25,890 [8e270ae6-3b8a-4b8d-ba53-7f31af20a9eb@group-8418D65A5C39-FollowerState] INFO  server.RaftServerConfigKeys (ConfUtils.java:logGet(46)) - raft.server.leaderelection.pre-vote = false (custom)
2022-06-24 23:46:25,891 [8e270ae6-3b8a-4b8d-ba53-7f31af20a9eb@group-8418D65A5C39-FollowerState] INFO  impl.RoleInfo (RoleInfo.java:updateAndGet(139)) - 8e270ae6-3b8a-4b8d-ba53-7f31af20a9eb: start 8e270ae6-3b8a-4b8d-ba53-7f31af20a9eb@group-8418D65A5C39-LeaderElection21
2022-06-24 23:46:25,951 [8e270ae6-3b8a-4b8d-ba53-7f31af20a9eb@group-8418D65A5C39-LeaderElection21] INFO  impl.LeaderElection (LeaderElection.java:askForVotes(310)) - 8e270ae6-3b8a-4b8d-ba53-7f31af20a9eb@group-8418D65A5C39-LeaderElection21 ELECTION round 0: submit vote requests at term 1 for -1: [8e270ae6-3b8a-4b8d-ba53-7f31af20a9eb|rpc:10.1.0.24:34827|priority:1], old=null
2022-06-24 23:46:25,951 [8e270ae6-3b8a-4b8d-ba53-7f31af20a9eb@group-8418D65A5C39-LeaderElection21] INFO  impl.LeaderElection (LeaderElection.java:askForVotes(312)) - 8e270ae6-3b8a-4b8d-ba53-7f31af20a9eb@group-8418D65A5C39-LeaderElection21 ELECTION round 0: result PASSED (term=1)
2022-06-24 23:46:25,951 [8e270ae6-3b8a-4b8d-ba53-7f31af20a9eb@group-8418D65A5C39-LeaderElection21] INFO  impl.RoleInfo (RoleInfo.java:shutdownLeaderElection(130)) - 8e270ae6-3b8a-4b8d-ba53-7f31af20a9eb: shutdown 8e270ae6-3b8a-4b8d-ba53-7f31af20a9eb@group-8418D65A5C39-LeaderElection21
2022-06-24 23:46:25,951 [8e270ae6-3b8a-4b8d-ba53-7f31af20a9eb@group-8418D65A5C39-LeaderElection21] INFO  server.RaftServer$Division (RaftServerImpl.java:setRole(299)) - 8e270ae6-3b8a-4b8d-ba53-7f31af20a9eb@group-8418D65A5C39: changes role from CANDIDATE to LEADER at term 1 for changeToLeader
2022-06-24 23:46:25,951 [8e270ae6-3b8a-4b8d-ba53-7f31af20a9eb@group-8418D65A5C39-LeaderElection21] INFO  ratis.XceiverServerRatis (XceiverServerRatis.java:handleLeaderChangedNotification(863)) - Leader change notification received for group: group-8418D65A5C39 with new leaderId: 8e270ae6-3b8a-4b8d-ba53-7f31af20a9eb
2022-06-24 23:46:25,951 [8e270ae6-3b8a-4b8d-ba53-7f31af20a9eb@group-8418D65A5C39-LeaderElection21] INFO  server.RaftServer$Division (ServerState.java:setLeader(287)) - 8e270ae6-3b8a-4b8d-ba53-7f31af20a9eb@group-8418D65A5C39: change Leader from null to 8e270ae6-3b8a-4b8d-ba53-7f31af20a9eb at term 1 for becomeLeader, leader elected after 5220ms
2022-06-24 23:46:25,951 [8e270ae6-3b8a-4b8d-ba53-7f31af20a9eb@group-8418D65A5C39-LeaderElection21] INFO  server.RaftServerConfigKeys (ConfUtils.java:logGet(46)) - raft.server.staging.catchup.gap = 1000 (default)
2022-06-24 23:46:25,952 [8e270ae6-3b8a-4b8d-ba53-7f31af20a9eb@group-8418D65A5C39-LeaderElection21] INFO  server.RaftServerConfigKeys (ConfUtils.java:logGet(46)) - raft.server.write.element-limit = 1024 (custom)
2022-06-24 23:46:25,952 [8e270ae6-3b8a-4b8d-ba53-7f31af20a9eb@group-8418D65A5C39-LeaderElection21] INFO  server.RaftServerConfigKeys (ConfUtils.java:logGet(46)) - raft.server.write.byte-limit = 1024 M (=1073741824) (custom)
2022-06-24 23:46:25,952 [8e270ae6-3b8a-4b8d-ba53-7f31af20a9eb@group-8418D65A5C39-LeaderElection21] INFO  server.RaftServerConfigKeys (ConfUtils.java:logGet(46)) - raft.server.watch.timeout = 180s (custom)
2022-06-24 23:46:25,952 [8e270ae6-3b8a-4b8d-ba53-7f31af20a9eb@group-8418D65A5C39-LeaderElection21] INFO  server.RaftServerConfigKeys (ConfUtils.java:logGet(46)) - raft.server.watch.timeout.denomination = 1s (default)
2022-06-24 23:46:25,952 [8e270ae6-3b8a-4b8d-ba53-7f31af20a9eb@group-8418D65A5C39-LeaderElection21] INFO  server.RaftServerConfigKeys (ConfUtils.java:logGet(46)) - raft.server.watch.element-limit = 65536 (default)
2022-06-24 23:46:25,952 [8e270ae6-3b8a-4b8d-ba53-7f31af20a9eb@group-8418D65A5C39-LeaderElection21] INFO  server.RaftServerConfigKeys (ConfUtils.java:logGet(46)) - raft.server.write.element-limit = 1024 (custom)
2022-06-24 23:46:25,952 [8e270ae6-3b8a-4b8d-ba53-7f31af20a9eb@group-8418D65A5C39-LeaderElection21] INFO  server.RaftServerConfigKeys (ConfUtils.java:logGet(46)) - raft.server.write.follower.gap.ratio.max = -1.0 (default)
2022-06-24 23:46:25,953 [8e270ae6-3b8a-4b8d-ba53-7f31af20a9eb@group-8418D65A5C39-LeaderElection21] INFO  impl.RoleInfo (RoleInfo.java:updateAndGet(139)) - 8e270ae6-3b8a-4b8d-ba53-7f31af20a9eb: start 8e270ae6-3b8a-4b8d-ba53-7f31af20a9eb@group-8418D65A5C39-LeaderStateImpl
2022-06-24 23:46:25,953 [8e270ae6-3b8a-4b8d-ba53-7f31af20a9eb@group-8418D65A5C39-LeaderElection21] INFO  segmented.SegmentedRaftLogWorker (SegmentedRaftLogWorker.java:startLogSegment(425)) - 8e270ae6-3b8a-4b8d-ba53-7f31af20a9eb@group-8418D65A5C39-SegmentedRaftLogWorker: Starting segment from index:0
2022-06-24 23:46:25,955 [8e270ae6-3b8a-4b8d-ba53-7f31af20a9eb@group-8418D65A5C39-SegmentedRaftLogWorker] INFO  segmented.SegmentedRaftLogWorker (SegmentedRaftLogWorker.java:execute(629)) - 8e270ae6-3b8a-4b8d-ba53-7f31af20a9eb@group-8418D65A5C39-SegmentedRaftLogWorker: created new log segment /home/runner/work/ozone/ozone/hadoop-ozone/integration-test/target/test-dir/MiniOzoneClusterImpl-1c97b964-6e84-44a1-9571-366444e105f6/datanode-1/data/ratis/67918bad-d837-4ce7-8acf-8418d65a5c39/current/log_inprogress_0
2022-06-24 23:46:25,973 [8e270ae6-3b8a-4b8d-ba53-7f31af20a9eb@group-8418D65A5C39-LeaderElection21] INFO  server.RaftServer$Division (ServerState.java:setRaftConf(393)) - 8e270ae6-3b8a-4b8d-ba53-7f31af20a9eb@group-8418D65A5C39: set configuration 0: [8e270ae6-3b8a-4b8d-ba53-7f31af20a9eb|rpc:10.1.0.24:34827|dataStream:|priority:1], old=null
2022-06-24 23:46:25,985 [Listener at 127.0.0.1/34097] INFO  rpc.RpcClient (RpcClient.java:createVolume(466)) - Creating Volume: volume05206, with user22976 as owner and space quota set to -1 bytes, counts quota set to -1
2022-06-24 23:46:26,001 [IPC Server handler 0 on default port 34097] INFO  volume.OMVolumeCreateRequest (OMVolumeCreateRequest.java:validateAndUpdateCache(195)) - created volume:volume05206 for user:user22976
2022-06-24 23:46:26,032 [Listener at 127.0.0.1/34097] INFO  rpc.RpcClient (RpcClient.java:createBucket(666)) - Creating Bucket: volume05206/bucket45514, with the Bucket Layout LEGACY, runner as owner, Versioning false, Storage Type set to DISK and Encryption set to false 
2022-06-24 23:46:26,040 [IPC Server handler 5 on default port 34097] INFO  bucket.OMBucketCreateRequest (OMBucketCreateRequest.java:validateAndUpdateCache(260)) - created bucket: bucket45514 of layout LEGACY in volume: volume05206
]]></system-out>
  </testcase>
  <testcase name="testGetTrashRoot" classname="TestOzoneFileSystem" time="48.845">
    <system-out><![CDATA[2022-06-24 23:46:42,162 [Listener at 127.0.0.1/34097] INFO  ozone.MiniOzoneClusterImpl (MiniOzoneClusterImpl.java:shutdown(460)) - Shutting down the Mini Ozone Cluster
2022-06-24 23:46:42,163 [Listener at 127.0.0.1/34097] INFO  ozone.MiniOzoneClusterImpl (MiniOzoneClusterImpl.java:stop(475)) - Stopping the Mini Ozone Cluster
2022-06-24 23:46:42,163 [Listener at 127.0.0.1/34097] INFO  ozone.MiniOzoneClusterImpl (MiniOzoneClusterImpl.java:stopOM(557)) - Stopping the OzoneManager
2022-06-24 23:46:42,163 [Listener at 127.0.0.1/34097] INFO  om.OzoneManager (OzoneManager.java:stop(2020)) - om1[localhost:0]: Stopping Ozone Manager
2022-06-24 23:46:42,163 [Listener at 127.0.0.1/34097] INFO  ipc.Server (Server.java:stop(3414)) - Stopping server on 34097
2022-06-24 23:46:42,191 [IPC Server listener on 0] INFO  ipc.Server (Server.java:run(1376)) - Stopping IPC Server listener on 0
2022-06-24 23:46:42,191 [Listener at 127.0.0.1/34097] INFO  ratis.OzoneManagerDoubleBuffer (OzoneManagerDoubleBuffer.java:stop(465)) - Stopping OMDoubleBuffer flush thread
2022-06-24 23:46:42,192 [OMDoubleBufferFlushThread] INFO  ratis.OzoneManagerDoubleBuffer (OzoneManagerDoubleBuffer.java:flushTransactions(385)) - OMDoubleBuffer flush thread OMDoubleBufferFlushThread is interrupted and will exit.
2022-06-24 23:46:42,192 [Listener at 127.0.0.1/34097] INFO  utils.BackgroundService (BackgroundService.java:shutdown(132)) - Shutting down service KeyDeletingService
2022-06-24 23:46:42,192 [IPC Server Responder] INFO  ipc.Server (Server.java:run(1512)) - Stopping IPC Server Responder
2022-06-24 23:46:42,193 [Listener at 127.0.0.1/34097] INFO  utils.BackgroundService (BackgroundService.java:shutdown(132)) - Shutting down service DirectoryDeletingService
2022-06-24 23:46:42,193 [Listener at 127.0.0.1/34097] INFO  utils.BackgroundService (BackgroundService.java:shutdown(132)) - Shutting down service OpenKeyCleanupService
2022-06-24 23:46:42,194 [Listener at 127.0.0.1/34097] INFO  handler.ContextHandler (ContextHandler.java:doStop(1153)) - Stopped o.e.j.w.WebAppContext@3179f8eb{ozoneManager,/,null,STOPPED}{file:/home/runner/work/ozone/ozone/hadoop-ozone/integration-test/target/test-classes/webapps/ozoneManager}
2022-06-24 23:46:42,194 [Listener at 127.0.0.1/34097] INFO  server.AbstractConnector (AbstractConnector.java:doStop(381)) - Stopped ServerConnector@6de74550{HTTP/1.1, (http/1.1)}{0.0.0.0:0}
2022-06-24 23:46:42,194 [Listener at 127.0.0.1/34097] INFO  server.session (HouseKeeper.java:stopScavenging(149)) - node0 Stopped scavenging
2022-06-24 23:46:42,195 [Listener at 127.0.0.1/34097] INFO  handler.ContextHandler (ContextHandler.java:doStop(1153)) - Stopped o.e.j.s.ServletContextHandler@2a810a2d{static,/static,file:///home/runner/work/ozone/ozone/hadoop-ozone/integration-test/target/test-classes/webapps/static,STOPPED}
2022-06-24 23:46:42,195 [Listener at 127.0.0.1/34097] INFO  handler.ContextHandler (ContextHandler.java:doStop(1153)) - Stopped o.e.j.s.ServletContextHandler@45cceeeb{logs,/logs,file:///home/runner/work/ozone/ozone/hadoop-ozone/integration-test/target/log,STOPPED}
2022-06-24 23:46:42,200 [Trash Emptier] ERROR om.TrashPolicyOzone (TrashPolicyOzone.java:run(251)) - Error attempting to shutdown
java.lang.InterruptedException
	at java.util.concurrent.locks.AbstractQueuedSynchronizer$ConditionObject.awaitNanos(AbstractQueuedSynchronizer.java:2067)
	at java.util.concurrent.ThreadPoolExecutor.awaitTermination(ThreadPoolExecutor.java:1475)
	at org.apache.hadoop.ozone.om.TrashPolicyOzone$Emptier.run(TrashPolicyOzone.java:249)
	at java.lang.Thread.run(Thread.java:750)
2022-06-24 23:46:42,200 [Trash Emptier] ERROR util.ExitUtils (ExitUtils.java:terminate(133)) - Terminating with exit status -1: Thread[Trash Emptier,5,main] has thrown an uncaught exception
java.lang.UnsupportedOperationException: fs.getUri() not implemented in TrashOzoneFileSystem
	at org.apache.hadoop.ozone.om.TrashOzoneFileSystem.getUri(TrashOzoneFileSystem.java:126)
	at org.apache.hadoop.fs.FileSystem.close(FileSystem.java:2592)
	at org.apache.hadoop.ozone.om.TrashPolicyOzone$Emptier.run(TrashPolicyOzone.java:243)
	at java.lang.Thread.run(Thread.java:750)
2022-06-24 23:46:42,212 [Listener at 127.0.0.1/34097] INFO  ozone.MiniOzoneClusterImpl (MiniOzoneClusterImpl.java:stopDatanodes(534)) - Stopping the HddsDatanodes
2022-06-24 23:46:46,624 [8e270ae6-3b8a-4b8d-ba53-7f31af20a9eb@group-2E3355F2685F-FollowerState] INFO  impl.FollowerState (FollowerState.java:run(143)) - 8e270ae6-3b8a-4b8d-ba53-7f31af20a9eb@group-2E3355F2685F-FollowerState: change to CANDIDATE, lastRpcElapsedTime:5114597050ns, electionTimeout:5094ms
2022-06-24 23:46:46,624 [8e270ae6-3b8a-4b8d-ba53-7f31af20a9eb@group-2E3355F2685F-FollowerState] INFO  impl.RoleInfo (RoleInfo.java:shutdownFollowerState(110)) - 8e270ae6-3b8a-4b8d-ba53-7f31af20a9eb: shutdown 8e270ae6-3b8a-4b8d-ba53-7f31af20a9eb@group-2E3355F2685F-FollowerState
2022-06-24 23:46:46,624 [8e270ae6-3b8a-4b8d-ba53-7f31af20a9eb@group-2E3355F2685F-FollowerState] INFO  server.RaftServer$Division (RaftServerImpl.java:setRole(299)) - 8e270ae6-3b8a-4b8d-ba53-7f31af20a9eb@group-2E3355F2685F: changes role from  FOLLOWER to CANDIDATE at term 4 for changeToCandidate
2022-06-24 23:46:46,624 [8e270ae6-3b8a-4b8d-ba53-7f31af20a9eb@group-2E3355F2685F-FollowerState] INFO  server.RaftServerConfigKeys (ConfUtils.java:logGet(46)) - raft.server.leaderelection.pre-vote = false (custom)
2022-06-24 23:46:46,624 [8e270ae6-3b8a-4b8d-ba53-7f31af20a9eb@group-2E3355F2685F-FollowerState] INFO  impl.RoleInfo (RoleInfo.java:updateAndGet(139)) - 8e270ae6-3b8a-4b8d-ba53-7f31af20a9eb: start 8e270ae6-3b8a-4b8d-ba53-7f31af20a9eb@group-2E3355F2685F-LeaderElection33
2022-06-24 23:46:46,643 [8e270ae6-3b8a-4b8d-ba53-7f31af20a9eb@group-2E3355F2685F-LeaderElection33] INFO  impl.LeaderElection (LeaderElection.java:askForVotes(310)) - 8e270ae6-3b8a-4b8d-ba53-7f31af20a9eb@group-2E3355F2685F-LeaderElection33 ELECTION round 0: submit vote requests at term 5 for -1: [8e270ae6-3b8a-4b8d-ba53-7f31af20a9eb|rpc:10.1.0.24:34827|dataStream:|priority:0, c8d3b1b7-e2cb-467c-92f2-e834465c7bf5|rpc:10.1.0.24:45959|dataStream:|priority:0, d25249de-707f-41fb-b0bd-e849b78f575c|rpc:10.1.0.24:36285|dataStream:|priority:1], old=null
2022-06-24 23:46:46,650 [grpc-default-executor-1] INFO  server.RaftServer$Division (RaftServerImpl.java:requestVote(1152)) - c8d3b1b7-e2cb-467c-92f2-e834465c7bf5@group-2E3355F2685F: receive requestVote(ELECTION, 8e270ae6-3b8a-4b8d-ba53-7f31af20a9eb, group-2E3355F2685F, 5, (t:0, i:0))
2022-06-24 23:46:46,650 [grpc-default-executor-1] INFO  impl.VoteContext (VoteContext.java:log(48)) - c8d3b1b7-e2cb-467c-92f2-e834465c7bf5@group-2E3355F2685F-FOLLOWER: accept ELECTION from 8e270ae6-3b8a-4b8d-ba53-7f31af20a9eb: our priority 0 <= candidate's priority 0
2022-06-24 23:46:46,650 [grpc-default-executor-1] INFO  server.RaftServer$Division (RaftServerImpl.java:setRole(299)) - c8d3b1b7-e2cb-467c-92f2-e834465c7bf5@group-2E3355F2685F: changes role from  FOLLOWER to FOLLOWER at term 5 for candidate:8e270ae6-3b8a-4b8d-ba53-7f31af20a9eb
2022-06-24 23:46:46,650 [grpc-default-executor-1] INFO  impl.RoleInfo (RoleInfo.java:shutdownFollowerState(110)) - c8d3b1b7-e2cb-467c-92f2-e834465c7bf5: shutdown c8d3b1b7-e2cb-467c-92f2-e834465c7bf5@group-2E3355F2685F-FollowerState
2022-06-24 23:46:46,651 [grpc-default-executor-1] INFO  impl.RoleInfo (RoleInfo.java:updateAndGet(139)) - c8d3b1b7-e2cb-467c-92f2-e834465c7bf5: start c8d3b1b7-e2cb-467c-92f2-e834465c7bf5@group-2E3355F2685F-FollowerState
2022-06-24 23:46:46,651 [c8d3b1b7-e2cb-467c-92f2-e834465c7bf5@group-2E3355F2685F-FollowerState] INFO  impl.FollowerState (FollowerState.java:run(152)) - c8d3b1b7-e2cb-467c-92f2-e834465c7bf5@group-2E3355F2685F-FollowerState was interrupted
2022-06-24 23:46:46,663 [grpc-default-executor-1] INFO  server.RaftServer$Division (RaftServerImpl.java:requestVote(1184)) - c8d3b1b7-e2cb-467c-92f2-e834465c7bf5@group-2E3355F2685F replies to ELECTION vote request: 8e270ae6-3b8a-4b8d-ba53-7f31af20a9eb<-c8d3b1b7-e2cb-467c-92f2-e834465c7bf5#0:OK-t5. Peer's state: c8d3b1b7-e2cb-467c-92f2-e834465c7bf5@group-2E3355F2685F:t5, leader=null, voted=8e270ae6-3b8a-4b8d-ba53-7f31af20a9eb, raftlog=c8d3b1b7-e2cb-467c-92f2-e834465c7bf5@group-2E3355F2685F-SegmentedRaftLog:OPENED:c-1, conf=-1: [8e270ae6-3b8a-4b8d-ba53-7f31af20a9eb|rpc:10.1.0.24:34827|priority:0, c8d3b1b7-e2cb-467c-92f2-e834465c7bf5|rpc:10.1.0.24:45959|priority:0, d25249de-707f-41fb-b0bd-e849b78f575c|rpc:10.1.0.24:36285|priority:1], old=null
2022-06-24 23:46:46,666 [d25249de-707f-41fb-b0bd-e849b78f575c@group-2E3355F2685F-FollowerState] INFO  impl.FollowerState (FollowerState.java:run(143)) - d25249de-707f-41fb-b0bd-e849b78f575c@group-2E3355F2685F-FollowerState: change to CANDIDATE, lastRpcElapsedTime:5169802605ns, electionTimeout:5164ms
2022-06-24 23:46:46,666 [d25249de-707f-41fb-b0bd-e849b78f575c@group-2E3355F2685F-FollowerState] INFO  impl.RoleInfo (RoleInfo.java:shutdownFollowerState(110)) - d25249de-707f-41fb-b0bd-e849b78f575c: shutdown d25249de-707f-41fb-b0bd-e849b78f575c@group-2E3355F2685F-FollowerState
2022-06-24 23:46:46,666 [d25249de-707f-41fb-b0bd-e849b78f575c@group-2E3355F2685F-FollowerState] INFO  server.RaftServer$Division (RaftServerImpl.java:setRole(299)) - d25249de-707f-41fb-b0bd-e849b78f575c@group-2E3355F2685F: changes role from  FOLLOWER to CANDIDATE at term 4 for changeToCandidate
2022-06-24 23:46:46,666 [d25249de-707f-41fb-b0bd-e849b78f575c@group-2E3355F2685F-FollowerState] INFO  server.RaftServerConfigKeys (ConfUtils.java:logGet(46)) - raft.server.leaderelection.pre-vote = false (custom)
2022-06-24 23:46:46,666 [d25249de-707f-41fb-b0bd-e849b78f575c@group-2E3355F2685F-FollowerState] INFO  impl.RoleInfo (RoleInfo.java:updateAndGet(139)) - d25249de-707f-41fb-b0bd-e849b78f575c: start d25249de-707f-41fb-b0bd-e849b78f575c@group-2E3355F2685F-LeaderElection34
2022-06-24 23:46:46,689 [grpc-default-executor-2] INFO  server.RaftServer$Division (RaftServerImpl.java:requestVote(1152)) - d25249de-707f-41fb-b0bd-e849b78f575c@group-2E3355F2685F: receive requestVote(ELECTION, 8e270ae6-3b8a-4b8d-ba53-7f31af20a9eb, group-2E3355F2685F, 5, (t:0, i:0))
2022-06-24 23:46:46,689 [grpc-default-executor-2] INFO  impl.VoteContext (VoteContext.java:log(48)) - d25249de-707f-41fb-b0bd-e849b78f575c@group-2E3355F2685F-CANDIDATE: reject ELECTION from 8e270ae6-3b8a-4b8d-ba53-7f31af20a9eb: our priority 1 > candidate's priority 0
2022-06-24 23:46:46,689 [grpc-default-executor-2] INFO  server.RaftServer$Division (RaftServerImpl.java:setRole(299)) - d25249de-707f-41fb-b0bd-e849b78f575c@group-2E3355F2685F: changes role from CANDIDATE to FOLLOWER at term 5 for candidate:8e270ae6-3b8a-4b8d-ba53-7f31af20a9eb
2022-06-24 23:46:46,689 [grpc-default-executor-2] INFO  impl.RoleInfo (RoleInfo.java:shutdownLeaderElection(130)) - d25249de-707f-41fb-b0bd-e849b78f575c: shutdown d25249de-707f-41fb-b0bd-e849b78f575c@group-2E3355F2685F-LeaderElection34
2022-06-24 23:46:46,689 [grpc-default-executor-2] INFO  impl.RoleInfo (RoleInfo.java:updateAndGet(139)) - d25249de-707f-41fb-b0bd-e849b78f575c: start d25249de-707f-41fb-b0bd-e849b78f575c@group-2E3355F2685F-FollowerState
2022-06-24 23:46:46,694 [d25249de-707f-41fb-b0bd-e849b78f575c@group-2E3355F2685F-LeaderElection34] INFO  impl.LeaderElection (LeaderElection.java:run(231)) - d25249de-707f-41fb-b0bd-e849b78f575c@group-2E3355F2685F-LeaderElection34: skip running since this is already CLOSING
2022-06-24 23:46:46,696 [grpc-default-executor-2] INFO  server.RaftServer$Division (RaftServerImpl.java:requestVote(1184)) - d25249de-707f-41fb-b0bd-e849b78f575c@group-2E3355F2685F replies to ELECTION vote request: 8e270ae6-3b8a-4b8d-ba53-7f31af20a9eb<-d25249de-707f-41fb-b0bd-e849b78f575c#0:FAIL-t5. Peer's state: d25249de-707f-41fb-b0bd-e849b78f575c@group-2E3355F2685F:t5, leader=null, voted=null, raftlog=d25249de-707f-41fb-b0bd-e849b78f575c@group-2E3355F2685F-SegmentedRaftLog:OPENED:c-1, conf=-1: [8e270ae6-3b8a-4b8d-ba53-7f31af20a9eb|rpc:10.1.0.24:34827|dataStream:|priority:0, c8d3b1b7-e2cb-467c-92f2-e834465c7bf5|rpc:10.1.0.24:45959|dataStream:|priority:0, d25249de-707f-41fb-b0bd-e849b78f575c|rpc:10.1.0.24:36285|dataStream:|priority:1], old=null
2022-06-24 23:46:46,699 [8e270ae6-3b8a-4b8d-ba53-7f31af20a9eb@group-2E3355F2685F-LeaderElection33] INFO  impl.LeaderElection (LeaderElection.java:logAndReturn(90)) - 8e270ae6-3b8a-4b8d-ba53-7f31af20a9eb@group-2E3355F2685F-LeaderElection33: ELECTION REJECTED received 2 response(s) and 0 exception(s):
2022-06-24 23:46:46,699 [8e270ae6-3b8a-4b8d-ba53-7f31af20a9eb@group-2E3355F2685F-LeaderElection33] INFO  impl.LeaderElection (LeaderElection.java:logAndReturn(94)) -   Response 0: 8e270ae6-3b8a-4b8d-ba53-7f31af20a9eb<-c8d3b1b7-e2cb-467c-92f2-e834465c7bf5#0:OK-t5
2022-06-24 23:46:46,699 [8e270ae6-3b8a-4b8d-ba53-7f31af20a9eb@group-2E3355F2685F-LeaderElection33] INFO  impl.LeaderElection (LeaderElection.java:logAndReturn(94)) -   Response 1: 8e270ae6-3b8a-4b8d-ba53-7f31af20a9eb<-d25249de-707f-41fb-b0bd-e849b78f575c#0:FAIL-t5
2022-06-24 23:46:46,699 [8e270ae6-3b8a-4b8d-ba53-7f31af20a9eb@group-2E3355F2685F-LeaderElection33] INFO  impl.LeaderElection (LeaderElection.java:askForVotes(312)) - 8e270ae6-3b8a-4b8d-ba53-7f31af20a9eb@group-2E3355F2685F-LeaderElection33 ELECTION round 0: result REJECTED
2022-06-24 23:46:46,699 [8e270ae6-3b8a-4b8d-ba53-7f31af20a9eb@group-2E3355F2685F-LeaderElection33] INFO  server.RaftServer$Division (RaftServerImpl.java:setRole(299)) - 8e270ae6-3b8a-4b8d-ba53-7f31af20a9eb@group-2E3355F2685F: changes role from CANDIDATE to FOLLOWER at term 5 for REJECTED
2022-06-24 23:46:46,699 [8e270ae6-3b8a-4b8d-ba53-7f31af20a9eb@group-2E3355F2685F-LeaderElection33] INFO  impl.RoleInfo (RoleInfo.java:shutdownLeaderElection(130)) - 8e270ae6-3b8a-4b8d-ba53-7f31af20a9eb: shutdown 8e270ae6-3b8a-4b8d-ba53-7f31af20a9eb@group-2E3355F2685F-LeaderElection33
2022-06-24 23:46:46,699 [8e270ae6-3b8a-4b8d-ba53-7f31af20a9eb@group-2E3355F2685F-LeaderElection33] INFO  impl.RoleInfo (RoleInfo.java:updateAndGet(139)) - 8e270ae6-3b8a-4b8d-ba53-7f31af20a9eb: start 8e270ae6-3b8a-4b8d-ba53-7f31af20a9eb@group-2E3355F2685F-FollowerState
2022-06-24 23:46:47,221 [ForkJoinPool.commonPool-worker-1] INFO  ozoneimpl.OzoneContainer (OzoneContainer.java:stop(365)) - Attempting to stop container services.
2022-06-24 23:46:47,222 [ForkJoinPool.commonPool-worker-1] INFO  server.RaftServer (RaftServerProxy.java:lambda$close$7(398)) - 8e270ae6-3b8a-4b8d-ba53-7f31af20a9eb: close
2022-06-24 23:46:47,223 [ForkJoinPool.commonPool-worker-1] INFO  server.RaftServer$Division (RaftServerImpl.java:lambda$close$4(434)) - 8e270ae6-3b8a-4b8d-ba53-7f31af20a9eb@group-523ABDBB2F30: shutdown
2022-06-24 23:46:47,223 [ForkJoinPool.commonPool-worker-1] INFO  util.JmxRegister (JmxRegister.java:unregister(73)) - Successfully un-registered JMX Bean with object name Ratis:service=RaftServer,group=group-523ABDBB2F30,id=8e270ae6-3b8a-4b8d-ba53-7f31af20a9eb
2022-06-24 23:46:47,223 [ForkJoinPool.commonPool-worker-1] INFO  impl.RoleInfo (RoleInfo.java:shutdownFollowerState(110)) - 8e270ae6-3b8a-4b8d-ba53-7f31af20a9eb: shutdown 8e270ae6-3b8a-4b8d-ba53-7f31af20a9eb@group-523ABDBB2F30-FollowerState
2022-06-24 23:46:47,223 [ForkJoinPool.commonPool-worker-1] INFO  impl.StateMachineUpdater (StateMachineUpdater.java:stopAndJoin(153)) - 8e270ae6-3b8a-4b8d-ba53-7f31af20a9eb@group-523ABDBB2F30-StateMachineUpdater: set stopIndex = 29
2022-06-24 23:46:47,223 [8e270ae6-3b8a-4b8d-ba53-7f31af20a9eb@group-523ABDBB2F30-FollowerState] INFO  impl.FollowerState (FollowerState.java:run(152)) - 8e270ae6-3b8a-4b8d-ba53-7f31af20a9eb@group-523ABDBB2F30-FollowerState was interrupted
2022-06-24 23:46:47,223 [8e270ae6-3b8a-4b8d-ba53-7f31af20a9eb@group-523ABDBB2F30-StateMachineUpdater] INFO  ratis.ContainerStateMachine (ContainerStateMachine.java:takeSnapshot(304)) - group-523ABDBB2F30: Taking a snapshot at:(t:1, i:29) file /home/runner/work/ozone/ozone/hadoop-ozone/integration-test/target/test-dir/MiniOzoneClusterImpl-1c97b964-6e84-44a1-9571-366444e105f6/datanode-1/data/ratis/410ad4d1-ad0b-41c3-a567-523abdbb2f30/sm/snapshot.1_29
2022-06-24 23:46:47,224 [Listener at 127.0.0.1/34097] INFO  ozoneimpl.OzoneContainer (OzoneContainer.java:stop(365)) - Attempting to stop container services.
2022-06-24 23:46:47,225 [8e270ae6-3b8a-4b8d-ba53-7f31af20a9eb@group-523ABDBB2F30-StateMachineUpdater] INFO  ratis.ContainerStateMachine (ContainerStateMachine.java:takeSnapshot(315)) - group-523ABDBB2F30: Finished taking a snapshot at:(t:1, i:29) file:/home/runner/work/ozone/ozone/hadoop-ozone/integration-test/target/test-dir/MiniOzoneClusterImpl-1c97b964-6e84-44a1-9571-366444e105f6/datanode-1/data/ratis/410ad4d1-ad0b-41c3-a567-523abdbb2f30/sm/snapshot.1_29 took: 2 ms
2022-06-24 23:46:47,225 [Listener at 127.0.0.1/34097] INFO  server.RaftServer (RaftServerProxy.java:lambda$close$7(398)) - d25249de-707f-41fb-b0bd-e849b78f575c: close
2022-06-24 23:46:47,225 [8e270ae6-3b8a-4b8d-ba53-7f31af20a9eb@group-523ABDBB2F30-StateMachineUpdater] INFO  impl.StateMachineUpdater (StateMachineUpdater.java:takeSnapshot(287)) - 8e270ae6-3b8a-4b8d-ba53-7f31af20a9eb@group-523ABDBB2F30-StateMachineUpdater: Took a snapshot at index 29
2022-06-24 23:46:47,225 [Listener at 127.0.0.1/34097] INFO  server.RaftServer$Division (RaftServerImpl.java:lambda$close$4(434)) - d25249de-707f-41fb-b0bd-e849b78f575c@group-523ABDBB2F30: shutdown
2022-06-24 23:46:47,225 [8e270ae6-3b8a-4b8d-ba53-7f31af20a9eb@group-523ABDBB2F30-StateMachineUpdater] INFO  impl.StateMachineUpdater (StateMachineUpdater.java:lambda$new$0(92)) - 8e270ae6-3b8a-4b8d-ba53-7f31af20a9eb@group-523ABDBB2F30-StateMachineUpdater: snapshotIndex: updateIncreasingly -1 -> 29
2022-06-24 23:46:47,225 [Listener at 127.0.0.1/34097] INFO  util.JmxRegister (JmxRegister.java:unregister(73)) - Successfully un-registered JMX Bean with object name Ratis:service=RaftServer,group=group-523ABDBB2F30,id=d25249de-707f-41fb-b0bd-e849b78f575c
2022-06-24 23:46:47,226 [Listener at 127.0.0.1/34097] INFO  impl.RoleInfo (RoleInfo.java:shutdownFollowerState(110)) - d25249de-707f-41fb-b0bd-e849b78f575c: shutdown d25249de-707f-41fb-b0bd-e849b78f575c@group-523ABDBB2F30-FollowerState
2022-06-24 23:46:47,226 [ForkJoinPool.commonPool-worker-1] INFO  server.RaftServer$Division (ServerState.java:close(429)) - 8e270ae6-3b8a-4b8d-ba53-7f31af20a9eb@group-523ABDBB2F30: closes. applyIndex: 29
2022-06-24 23:46:47,226 [8e270ae6-3b8a-4b8d-ba53-7f31af20a9eb@group-523ABDBB2F30-SegmentedRaftLogWorker] INFO  segmented.SegmentedRaftLogWorker (SegmentedRaftLogWorker.java:run(336)) - 8e270ae6-3b8a-4b8d-ba53-7f31af20a9eb@group-523ABDBB2F30-SegmentedRaftLogWorker was interrupted, exiting. There are 0 tasks remaining in the queue.
2022-06-24 23:46:47,227 [ForkJoinPool.commonPool-worker-1] INFO  segmented.SegmentedRaftLogWorker (SegmentedRaftLogWorker.java:close(246)) - 8e270ae6-3b8a-4b8d-ba53-7f31af20a9eb@group-523ABDBB2F30-SegmentedRaftLogWorker close()
2022-06-24 23:46:47,229 [ForkJoinPool.commonPool-worker-1] INFO  server.RaftServer$Division (RaftServerImpl.java:lambda$close$4(434)) - 8e270ae6-3b8a-4b8d-ba53-7f31af20a9eb@group-2E3355F2685F: shutdown
2022-06-24 23:46:47,229 [ForkJoinPool.commonPool-worker-1] INFO  util.JmxRegister (JmxRegister.java:unregister(73)) - Successfully un-registered JMX Bean with object name Ratis:service=RaftServer,group=group-2E3355F2685F,id=8e270ae6-3b8a-4b8d-ba53-7f31af20a9eb
2022-06-24 23:46:47,229 [ForkJoinPool.commonPool-worker-1] INFO  impl.RoleInfo (RoleInfo.java:shutdownFollowerState(110)) - 8e270ae6-3b8a-4b8d-ba53-7f31af20a9eb: shutdown 8e270ae6-3b8a-4b8d-ba53-7f31af20a9eb@group-2E3355F2685F-FollowerState
2022-06-24 23:46:47,229 [ForkJoinPool.commonPool-worker-1] INFO  impl.StateMachineUpdater (StateMachineUpdater.java:stopAndJoin(153)) - 8e270ae6-3b8a-4b8d-ba53-7f31af20a9eb@group-2E3355F2685F-StateMachineUpdater: set stopIndex = -1
2022-06-24 23:46:47,229 [8e270ae6-3b8a-4b8d-ba53-7f31af20a9eb@group-2E3355F2685F-FollowerState] INFO  impl.FollowerState (FollowerState.java:run(152)) - 8e270ae6-3b8a-4b8d-ba53-7f31af20a9eb@group-2E3355F2685F-FollowerState was interrupted
2022-06-24 23:46:47,230 [d25249de-707f-41fb-b0bd-e849b78f575c@group-523ABDBB2F30-FollowerState] INFO  impl.FollowerState (FollowerState.java:run(152)) - d25249de-707f-41fb-b0bd-e849b78f575c@group-523ABDBB2F30-FollowerState was interrupted
2022-06-24 23:46:47,230 [Listener at 127.0.0.1/34097] INFO  impl.StateMachineUpdater (StateMachineUpdater.java:stopAndJoin(153)) - d25249de-707f-41fb-b0bd-e849b78f575c@group-523ABDBB2F30-StateMachineUpdater: set stopIndex = 29
2022-06-24 23:46:47,231 [d25249de-707f-41fb-b0bd-e849b78f575c@group-523ABDBB2F30-StateMachineUpdater] INFO  ratis.ContainerStateMachine (ContainerStateMachine.java:takeSnapshot(304)) - group-523ABDBB2F30: Taking a snapshot at:(t:1, i:29) file /home/runner/work/ozone/ozone/hadoop-ozone/integration-test/target/test-dir/MiniOzoneClusterImpl-1c97b964-6e84-44a1-9571-366444e105f6/datanode-2/data/ratis/410ad4d1-ad0b-41c3-a567-523abdbb2f30/sm/snapshot.1_29
2022-06-24 23:46:47,231 [ForkJoinPool.commonPool-worker-1] INFO  server.RaftServer$Division (ServerState.java:close(429)) - 8e270ae6-3b8a-4b8d-ba53-7f31af20a9eb@group-2E3355F2685F: closes. applyIndex: -1
2022-06-24 23:46:47,231 [8e270ae6-3b8a-4b8d-ba53-7f31af20a9eb@group-2E3355F2685F-SegmentedRaftLogWorker] INFO  segmented.SegmentedRaftLogWorker (SegmentedRaftLogWorker.java:run(336)) - 8e270ae6-3b8a-4b8d-ba53-7f31af20a9eb@group-2E3355F2685F-SegmentedRaftLogWorker was interrupted, exiting. There are 0 tasks remaining in the queue.
2022-06-24 23:46:47,231 [ForkJoinPool.commonPool-worker-1] INFO  segmented.SegmentedRaftLogWorker (SegmentedRaftLogWorker.java:close(246)) - 8e270ae6-3b8a-4b8d-ba53-7f31af20a9eb@group-2E3355F2685F-SegmentedRaftLogWorker close()
2022-06-24 23:46:47,233 [ForkJoinPool.commonPool-worker-1] INFO  server.RaftServer$Division (RaftServerImpl.java:lambda$close$4(434)) - 8e270ae6-3b8a-4b8d-ba53-7f31af20a9eb@group-8418D65A5C39: shutdown
2022-06-24 23:46:47,233 [ForkJoinPool.commonPool-worker-1] INFO  util.JmxRegister (JmxRegister.java:unregister(73)) - Successfully un-registered JMX Bean with object name Ratis:service=RaftServer,group=group-8418D65A5C39,id=8e270ae6-3b8a-4b8d-ba53-7f31af20a9eb
2022-06-24 23:46:47,233 [ForkJoinPool.commonPool-worker-1] INFO  impl.RoleInfo (RoleInfo.java:shutdownLeaderState(93)) - 8e270ae6-3b8a-4b8d-ba53-7f31af20a9eb: shutdown 8e270ae6-3b8a-4b8d-ba53-7f31af20a9eb@group-8418D65A5C39-LeaderStateImpl
2022-06-24 23:46:47,233 [ForkJoinPool.commonPool-worker-1] INFO  impl.PendingRequests (PendingRequests.java:sendNotLeaderResponses(282)) - 8e270ae6-3b8a-4b8d-ba53-7f31af20a9eb@group-8418D65A5C39-PendingRequests: sendNotLeaderResponses
2022-06-24 23:46:47,238 [ForkJoinPool.commonPool-worker-1] INFO  impl.StateMachineUpdater (StateMachineUpdater.java:stopAndJoin(153)) - 8e270ae6-3b8a-4b8d-ba53-7f31af20a9eb@group-8418D65A5C39-StateMachineUpdater: set stopIndex = 0
2022-06-24 23:46:47,238 [d25249de-707f-41fb-b0bd-e849b78f575c@group-523ABDBB2F30-StateMachineUpdater] INFO  ratis.ContainerStateMachine (ContainerStateMachine.java:takeSnapshot(315)) - group-523ABDBB2F30: Finished taking a snapshot at:(t:1, i:29) file:/home/runner/work/ozone/ozone/hadoop-ozone/integration-test/target/test-dir/MiniOzoneClusterImpl-1c97b964-6e84-44a1-9571-366444e105f6/datanode-2/data/ratis/410ad4d1-ad0b-41c3-a567-523abdbb2f30/sm/snapshot.1_29 took: 7 ms
2022-06-24 23:46:47,239 [d25249de-707f-41fb-b0bd-e849b78f575c@group-523ABDBB2F30-StateMachineUpdater] INFO  impl.StateMachineUpdater (StateMachineUpdater.java:takeSnapshot(287)) - d25249de-707f-41fb-b0bd-e849b78f575c@group-523ABDBB2F30-StateMachineUpdater: Took a snapshot at index 29
2022-06-24 23:46:47,239 [d25249de-707f-41fb-b0bd-e849b78f575c@group-523ABDBB2F30-StateMachineUpdater] INFO  impl.StateMachineUpdater (StateMachineUpdater.java:lambda$new$0(92)) - d25249de-707f-41fb-b0bd-e849b78f575c@group-523ABDBB2F30-StateMachineUpdater: snapshotIndex: updateIncreasingly -1 -> 29
2022-06-24 23:46:47,239 [8e270ae6-3b8a-4b8d-ba53-7f31af20a9eb@group-8418D65A5C39-StateMachineUpdater] INFO  ratis.ContainerStateMachine (ContainerStateMachine.java:takeSnapshot(304)) - group-8418D65A5C39: Taking a snapshot at:(t:1, i:0) file /home/runner/work/ozone/ozone/hadoop-ozone/integration-test/target/test-dir/MiniOzoneClusterImpl-1c97b964-6e84-44a1-9571-366444e105f6/datanode-1/data/ratis/67918bad-d837-4ce7-8acf-8418d65a5c39/sm/snapshot.1_0
2022-06-24 23:46:47,240 [Listener at 127.0.0.1/34097] INFO  server.RaftServer$Division (ServerState.java:close(429)) - d25249de-707f-41fb-b0bd-e849b78f575c@group-523ABDBB2F30: closes. applyIndex: 29
2022-06-24 23:46:47,240 [d25249de-707f-41fb-b0bd-e849b78f575c@group-523ABDBB2F30-SegmentedRaftLogWorker] INFO  segmented.SegmentedRaftLogWorker (SegmentedRaftLogWorker.java:run(336)) - d25249de-707f-41fb-b0bd-e849b78f575c@group-523ABDBB2F30-SegmentedRaftLogWorker was interrupted, exiting. There are 0 tasks remaining in the queue.
2022-06-24 23:46:47,240 [8e270ae6-3b8a-4b8d-ba53-7f31af20a9eb@group-8418D65A5C39-StateMachineUpdater] INFO  ratis.ContainerStateMachine (ContainerStateMachine.java:takeSnapshot(315)) - group-8418D65A5C39: Finished taking a snapshot at:(t:1, i:0) file:/home/runner/work/ozone/ozone/hadoop-ozone/integration-test/target/test-dir/MiniOzoneClusterImpl-1c97b964-6e84-44a1-9571-366444e105f6/datanode-1/data/ratis/67918bad-d837-4ce7-8acf-8418d65a5c39/sm/snapshot.1_0 took: 1 ms
2022-06-24 23:46:47,241 [8e270ae6-3b8a-4b8d-ba53-7f31af20a9eb@group-8418D65A5C39-StateMachineUpdater] INFO  impl.StateMachineUpdater (StateMachineUpdater.java:takeSnapshot(287)) - 8e270ae6-3b8a-4b8d-ba53-7f31af20a9eb@group-8418D65A5C39-StateMachineUpdater: Took a snapshot at index 0
2022-06-24 23:46:47,241 [8e270ae6-3b8a-4b8d-ba53-7f31af20a9eb@group-8418D65A5C39-StateMachineUpdater] INFO  impl.StateMachineUpdater (StateMachineUpdater.java:lambda$new$0(92)) - 8e270ae6-3b8a-4b8d-ba53-7f31af20a9eb@group-8418D65A5C39-StateMachineUpdater: snapshotIndex: updateIncreasingly -1 -> 0
2022-06-24 23:46:47,241 [ForkJoinPool.commonPool-worker-1] INFO  server.RaftServer$Division (ServerState.java:close(429)) - 8e270ae6-3b8a-4b8d-ba53-7f31af20a9eb@group-8418D65A5C39: closes. applyIndex: 0
2022-06-24 23:46:47,241 [8e270ae6-3b8a-4b8d-ba53-7f31af20a9eb@group-8418D65A5C39-SegmentedRaftLogWorker] INFO  segmented.SegmentedRaftLogWorker (SegmentedRaftLogWorker.java:run(336)) - 8e270ae6-3b8a-4b8d-ba53-7f31af20a9eb@group-8418D65A5C39-SegmentedRaftLogWorker was interrupted, exiting. There are 0 tasks remaining in the queue.
2022-06-24 23:46:47,242 [Listener at 127.0.0.1/34097] INFO  segmented.SegmentedRaftLogWorker (SegmentedRaftLogWorker.java:close(246)) - d25249de-707f-41fb-b0bd-e849b78f575c@group-523ABDBB2F30-SegmentedRaftLogWorker close()
2022-06-24 23:46:47,246 [ForkJoinPool.commonPool-worker-1] INFO  segmented.SegmentedRaftLogWorker (SegmentedRaftLogWorker.java:close(246)) - 8e270ae6-3b8a-4b8d-ba53-7f31af20a9eb@group-8418D65A5C39-SegmentedRaftLogWorker close()
2022-06-24 23:46:47,248 [ForkJoinPool.commonPool-worker-1] INFO  server.GrpcService (GrpcService.java:closeImpl(269)) - 8e270ae6-3b8a-4b8d-ba53-7f31af20a9eb: shutdown server with port 34827 now
2022-06-24 23:46:47,248 [Listener at 127.0.0.1/34097] INFO  server.RaftServer$Division (RaftServerImpl.java:lambda$close$4(434)) - d25249de-707f-41fb-b0bd-e849b78f575c@group-2E3355F2685F: shutdown
2022-06-24 23:46:47,249 [grpc-default-executor-1] WARN  server.GrpcServerProtocolService (LogUtils.java:warn(122)) - 8e270ae6-3b8a-4b8d-ba53-7f31af20a9eb: installSnapshot onError, lastRequest: c8d3b1b7-e2cb-467c-92f2-e834465c7bf5->8e270ae6-3b8a-4b8d-ba53-7f31af20a9eb#387-t1,previous=(t:1, i:28),leaderCommit=27,initializing? true,entries: size=1, first=(t:1, i:29), METADATAENTRY(c:27): org.apache.ratis.thirdparty.io.grpc.StatusRuntimeException: CANCELLED: client cancelled
2022-06-24 23:46:47,250 [grpc-default-executor-2] WARN  server.GrpcLogAppender (LogUtils.java:warn(122)) - c8d3b1b7-e2cb-467c-92f2-e834465c7bf5@group-523ABDBB2F30->8e270ae6-3b8a-4b8d-ba53-7f31af20a9eb-AppendLogResponseHandler: Failed appendEntries: org.apache.ratis.thirdparty.io.grpc.StatusRuntimeException: CANCELLED: RST_STREAM closed stream. HTTP/2 error code: CANCEL
2022-06-24 23:46:47,251 [grpc-default-executor-2] INFO  leader.FollowerInfo (FollowerInfoImpl.java:lambda$new$0(48)) - c8d3b1b7-e2cb-467c-92f2-e834465c7bf5@group-523ABDBB2F30->8e270ae6-3b8a-4b8d-ba53-7f31af20a9eb: nextIndex: updateUnconditionally 30 -> 29
2022-06-24 23:46:47,251 [Listener at 127.0.0.1/34097] INFO  util.JmxRegister (JmxRegister.java:unregister(73)) - Successfully un-registered JMX Bean with object name Ratis:service=RaftServer,group=group-2E3355F2685F,id=d25249de-707f-41fb-b0bd-e849b78f575c
2022-06-24 23:46:47,251 [Listener at 127.0.0.1/34097] INFO  impl.RoleInfo (RoleInfo.java:shutdownFollowerState(110)) - d25249de-707f-41fb-b0bd-e849b78f575c: shutdown d25249de-707f-41fb-b0bd-e849b78f575c@group-2E3355F2685F-FollowerState
2022-06-24 23:46:47,251 [Listener at 127.0.0.1/34097] INFO  impl.StateMachineUpdater (StateMachineUpdater.java:stopAndJoin(153)) - d25249de-707f-41fb-b0bd-e849b78f575c@group-2E3355F2685F-StateMachineUpdater: set stopIndex = -1
2022-06-24 23:46:47,251 [d25249de-707f-41fb-b0bd-e849b78f575c@group-2E3355F2685F-FollowerState] INFO  impl.FollowerState (FollowerState.java:run(152)) - d25249de-707f-41fb-b0bd-e849b78f575c@group-2E3355F2685F-FollowerState was interrupted
2022-06-24 23:46:47,256 [Listener at 127.0.0.1/34097] INFO  server.RaftServer$Division (ServerState.java:close(429)) - d25249de-707f-41fb-b0bd-e849b78f575c@group-2E3355F2685F: closes. applyIndex: -1
2022-06-24 23:46:47,258 [d25249de-707f-41fb-b0bd-e849b78f575c@group-2E3355F2685F-SegmentedRaftLogWorker] INFO  segmented.SegmentedRaftLogWorker (SegmentedRaftLogWorker.java:run(336)) - d25249de-707f-41fb-b0bd-e849b78f575c@group-2E3355F2685F-SegmentedRaftLogWorker was interrupted, exiting. There are 0 tasks remaining in the queue.
2022-06-24 23:46:47,259 [Listener at 127.0.0.1/34097] INFO  segmented.SegmentedRaftLogWorker (SegmentedRaftLogWorker.java:close(246)) - d25249de-707f-41fb-b0bd-e849b78f575c@group-2E3355F2685F-SegmentedRaftLogWorker close()
2022-06-24 23:46:47,267 [ForkJoinPool.commonPool-worker-1] INFO  server.GrpcService (GrpcService.java:closeImpl(278)) - 8e270ae6-3b8a-4b8d-ba53-7f31af20a9eb: shutdown server with port 34827 successfully
2022-06-24 23:46:47,271 [org.apache.ratis.util.JvmPauseMonitor$$Lambda$627/395666382@73366db2] INFO  util.JvmPauseMonitor (JvmPauseMonitor.java:run(109)) - JvmPauseMonitor-8e270ae6-3b8a-4b8d-ba53-7f31af20a9eb: Stopped
2022-06-24 23:46:47,271 [Listener at 127.0.0.1/34097] INFO  server.RaftServer$Division (RaftServerImpl.java:lambda$close$4(434)) - d25249de-707f-41fb-b0bd-e849b78f575c@group-04C2AB29A0CB: shutdown
2022-06-24 23:46:47,271 [Listener at 127.0.0.1/34097] INFO  util.JmxRegister (JmxRegister.java:unregister(73)) - Successfully un-registered JMX Bean with object name Ratis:service=RaftServer,group=group-04C2AB29A0CB,id=d25249de-707f-41fb-b0bd-e849b78f575c
2022-06-24 23:46:47,271 [Listener at 127.0.0.1/34097] INFO  impl.RoleInfo (RoleInfo.java:shutdownLeaderState(93)) - d25249de-707f-41fb-b0bd-e849b78f575c: shutdown d25249de-707f-41fb-b0bd-e849b78f575c@group-04C2AB29A0CB-LeaderStateImpl
2022-06-24 23:46:47,271 [Listener at 127.0.0.1/34097] INFO  impl.PendingRequests (PendingRequests.java:sendNotLeaderResponses(282)) - d25249de-707f-41fb-b0bd-e849b78f575c@group-04C2AB29A0CB-PendingRequests: sendNotLeaderResponses
2022-06-24 23:46:47,272 [Listener at 127.0.0.1/34097] INFO  impl.StateMachineUpdater (StateMachineUpdater.java:stopAndJoin(153)) - d25249de-707f-41fb-b0bd-e849b78f575c@group-04C2AB29A0CB-StateMachineUpdater: set stopIndex = 0
2022-06-24 23:46:47,272 [d25249de-707f-41fb-b0bd-e849b78f575c@group-04C2AB29A0CB-StateMachineUpdater] INFO  ratis.ContainerStateMachine (ContainerStateMachine.java:takeSnapshot(304)) - group-04C2AB29A0CB: Taking a snapshot at:(t:1, i:0) file /home/runner/work/ozone/ozone/hadoop-ozone/integration-test/target/test-dir/MiniOzoneClusterImpl-1c97b964-6e84-44a1-9571-366444e105f6/datanode-2/data/ratis/20936ca7-b905-4cf0-ad86-04c2ab29a0cb/sm/snapshot.1_0
2022-06-24 23:46:47,272 [grpc-default-executor-2] WARN  server.GrpcLogAppender (LogUtils.java:warn(122)) - c8d3b1b7-e2cb-467c-92f2-e834465c7bf5@group-523ABDBB2F30->8e270ae6-3b8a-4b8d-ba53-7f31af20a9eb-AppendLogResponseHandler: Failed appendEntries: org.apache.ratis.thirdparty.io.grpc.StatusRuntimeException: UNAVAILABLE: io exception
2022-06-24 23:46:47,279 [d25249de-707f-41fb-b0bd-e849b78f575c@group-04C2AB29A0CB-StateMachineUpdater] INFO  ratis.ContainerStateMachine (ContainerStateMachine.java:takeSnapshot(315)) - group-04C2AB29A0CB: Finished taking a snapshot at:(t:1, i:0) file:/home/runner/work/ozone/ozone/hadoop-ozone/integration-test/target/test-dir/MiniOzoneClusterImpl-1c97b964-6e84-44a1-9571-366444e105f6/datanode-2/data/ratis/20936ca7-b905-4cf0-ad86-04c2ab29a0cb/sm/snapshot.1_0 took: 7 ms
2022-06-24 23:46:47,279 [d25249de-707f-41fb-b0bd-e849b78f575c@group-04C2AB29A0CB-StateMachineUpdater] INFO  impl.StateMachineUpdater (StateMachineUpdater.java:takeSnapshot(287)) - d25249de-707f-41fb-b0bd-e849b78f575c@group-04C2AB29A0CB-StateMachineUpdater: Took a snapshot at index 0
2022-06-24 23:46:47,279 [d25249de-707f-41fb-b0bd-e849b78f575c@group-04C2AB29A0CB-StateMachineUpdater] INFO  impl.StateMachineUpdater (StateMachineUpdater.java:lambda$new$0(92)) - d25249de-707f-41fb-b0bd-e849b78f575c@group-04C2AB29A0CB-StateMachineUpdater: snapshotIndex: updateIncreasingly -1 -> 0
2022-06-24 23:46:47,279 [grpc-default-executor-2] INFO  leader.FollowerInfo (FollowerInfoImpl.java:lambda$new$0(48)) - c8d3b1b7-e2cb-467c-92f2-e834465c7bf5@group-523ABDBB2F30->8e270ae6-3b8a-4b8d-ba53-7f31af20a9eb: nextIndex: updateUnconditionally 30 -> 29
2022-06-24 23:46:47,280 [Listener at 127.0.0.1/34097] INFO  server.RaftServer$Division (ServerState.java:close(429)) - d25249de-707f-41fb-b0bd-e849b78f575c@group-04C2AB29A0CB: closes. applyIndex: 0
2022-06-24 23:46:47,280 [d25249de-707f-41fb-b0bd-e849b78f575c@group-04C2AB29A0CB-SegmentedRaftLogWorker] INFO  segmented.SegmentedRaftLogWorker (SegmentedRaftLogWorker.java:run(336)) - d25249de-707f-41fb-b0bd-e849b78f575c@group-04C2AB29A0CB-SegmentedRaftLogWorker was interrupted, exiting. There are 0 tasks remaining in the queue.
2022-06-24 23:46:47,280 [Listener at 127.0.0.1/34097] INFO  segmented.SegmentedRaftLogWorker (SegmentedRaftLogWorker.java:close(246)) - d25249de-707f-41fb-b0bd-e849b78f575c@group-04C2AB29A0CB-SegmentedRaftLogWorker close()
2022-06-24 23:46:47,288 [Listener at 127.0.0.1/34097] INFO  server.GrpcService (GrpcService.java:closeImpl(269)) - d25249de-707f-41fb-b0bd-e849b78f575c: shutdown server with port 36285 now
2022-06-24 23:46:47,289 [grpc-default-executor-1] WARN  server.GrpcServerProtocolService (LogUtils.java:warn(122)) - d25249de-707f-41fb-b0bd-e849b78f575c: installSnapshot onError, lastRequest: c8d3b1b7-e2cb-467c-92f2-e834465c7bf5->d25249de-707f-41fb-b0bd-e849b78f575c#469-t1,previous=(t:1, i:28),leaderCommit=27,initializing? true,entries: size=1, first=(t:1, i:29), METADATAENTRY(c:27): org.apache.ratis.thirdparty.io.grpc.StatusRuntimeException: CANCELLED: client cancelled
2022-06-24 23:46:47,289 [grpc-default-executor-3] WARN  server.GrpcLogAppender (LogUtils.java:warn(122)) - c8d3b1b7-e2cb-467c-92f2-e834465c7bf5@group-523ABDBB2F30->d25249de-707f-41fb-b0bd-e849b78f575c-AppendLogResponseHandler: Failed appendEntries: org.apache.ratis.thirdparty.io.grpc.StatusRuntimeException: CANCELLED: RST_STREAM closed stream. HTTP/2 error code: CANCEL
2022-06-24 23:46:47,289 [grpc-default-executor-3] INFO  leader.FollowerInfo (FollowerInfoImpl.java:lambda$new$0(48)) - c8d3b1b7-e2cb-467c-92f2-e834465c7bf5@group-523ABDBB2F30->d25249de-707f-41fb-b0bd-e849b78f575c: nextIndex: updateUnconditionally 30 -> 29
2022-06-24 23:46:47,295 [Listener at 127.0.0.1/34097] INFO  server.GrpcService (GrpcService.java:closeImpl(278)) - d25249de-707f-41fb-b0bd-e849b78f575c: shutdown server with port 36285 successfully
2022-06-24 23:46:47,295 [org.apache.ratis.util.JvmPauseMonitor$$Lambda$627/395666382@43e7c82e] INFO  util.JvmPauseMonitor (JvmPauseMonitor.java:run(109)) - JvmPauseMonitor-d25249de-707f-41fb-b0bd-e849b78f575c: Stopped
2022-06-24 23:46:47,298 [grpc-default-executor-3] WARN  server.GrpcLogAppender (LogUtils.java:warn(122)) - c8d3b1b7-e2cb-467c-92f2-e834465c7bf5@group-523ABDBB2F30->d25249de-707f-41fb-b0bd-e849b78f575c-AppendLogResponseHandler: Failed appendEntries: org.apache.ratis.thirdparty.io.grpc.StatusRuntimeException: UNAVAILABLE: io exception
2022-06-24 23:46:47,298 [grpc-default-executor-3] INFO  leader.FollowerInfo (FollowerInfoImpl.java:lambda$new$0(48)) - c8d3b1b7-e2cb-467c-92f2-e834465c7bf5@group-523ABDBB2F30->d25249de-707f-41fb-b0bd-e849b78f575c: nextIndex: updateUnconditionally 30 -> 29
2022-06-24 23:46:48,019 [grpc-default-executor-3] WARN  server.GrpcLogAppender (LogUtils.java:warn(122)) - c8d3b1b7-e2cb-467c-92f2-e834465c7bf5@group-523ABDBB2F30->d25249de-707f-41fb-b0bd-e849b78f575c-AppendLogResponseHandler: Failed appendEntries: org.apache.ratis.thirdparty.io.grpc.StatusRuntimeException: UNAVAILABLE: io exception
2022-06-24 23:46:48,020 [grpc-default-executor-3] INFO  leader.FollowerInfo (FollowerInfoImpl.java:lambda$new$0(48)) - c8d3b1b7-e2cb-467c-92f2-e834465c7bf5@group-523ABDBB2F30->d25249de-707f-41fb-b0bd-e849b78f575c: nextIndex: updateUnconditionally 30 -> 29
2022-06-24 23:46:48,046 [grpc-default-executor-3] WARN  server.GrpcLogAppender (LogUtils.java:warn(122)) - c8d3b1b7-e2cb-467c-92f2-e834465c7bf5@group-523ABDBB2F30->8e270ae6-3b8a-4b8d-ba53-7f31af20a9eb-AppendLogResponseHandler: Failed appendEntries: org.apache.ratis.thirdparty.io.grpc.StatusRuntimeException: UNAVAILABLE: io exception
2022-06-24 23:46:48,047 [grpc-default-executor-3] INFO  leader.FollowerInfo (FollowerInfoImpl.java:lambda$new$0(48)) - c8d3b1b7-e2cb-467c-92f2-e834465c7bf5@group-523ABDBB2F30->8e270ae6-3b8a-4b8d-ba53-7f31af20a9eb: nextIndex: updateUnconditionally 30 -> 29
2022-06-24 23:46:49,270 [grpc-default-executor-3] WARN  server.GrpcLogAppender (LogUtils.java:warn(122)) - c8d3b1b7-e2cb-467c-92f2-e834465c7bf5@group-523ABDBB2F30->d25249de-707f-41fb-b0bd-e849b78f575c-AppendLogResponseHandler: Failed appendEntries: org.apache.ratis.thirdparty.io.grpc.StatusRuntimeException: UNAVAILABLE: io exception
2022-06-24 23:46:49,270 [grpc-default-executor-3] INFO  leader.FollowerInfo (FollowerInfoImpl.java:lambda$new$0(48)) - c8d3b1b7-e2cb-467c-92f2-e834465c7bf5@group-523ABDBB2F30->d25249de-707f-41fb-b0bd-e849b78f575c: nextIndex: updateUnconditionally 30 -> 29
2022-06-24 23:46:49,297 [grpc-default-executor-3] WARN  server.GrpcLogAppender (LogUtils.java:warn(122)) - c8d3b1b7-e2cb-467c-92f2-e834465c7bf5@group-523ABDBB2F30->8e270ae6-3b8a-4b8d-ba53-7f31af20a9eb-AppendLogResponseHandler: Failed appendEntries: org.apache.ratis.thirdparty.io.grpc.StatusRuntimeException: UNAVAILABLE: io exception
2022-06-24 23:46:49,297 [grpc-default-executor-3] INFO  leader.FollowerInfo (FollowerInfoImpl.java:lambda$new$0(48)) - c8d3b1b7-e2cb-467c-92f2-e834465c7bf5@group-523ABDBB2F30->8e270ae6-3b8a-4b8d-ba53-7f31af20a9eb: nextIndex: updateUnconditionally 30 -> 29
2022-06-24 23:46:49,339 [ForkJoinPool.commonPool-worker-1] INFO  utils.BackgroundService (BackgroundService.java:shutdown(132)) - Shutting down service BlockDeletingService
2022-06-24 23:46:49,363 [Listener at 127.0.0.1/34097] INFO  utils.BackgroundService (BackgroundService.java:shutdown(132)) - Shutting down service BlockDeletingService
2022-06-24 23:46:50,520 [grpc-default-executor-3] WARN  server.GrpcLogAppender (LogUtils.java:warn(122)) - c8d3b1b7-e2cb-467c-92f2-e834465c7bf5@group-523ABDBB2F30->d25249de-707f-41fb-b0bd-e849b78f575c-AppendLogResponseHandler: Failed appendEntries: org.apache.ratis.thirdparty.io.grpc.StatusRuntimeException: UNAVAILABLE: io exception
2022-06-24 23:46:50,521 [grpc-default-executor-3] INFO  leader.FollowerInfo (FollowerInfoImpl.java:lambda$new$0(48)) - c8d3b1b7-e2cb-467c-92f2-e834465c7bf5@group-523ABDBB2F30->d25249de-707f-41fb-b0bd-e849b78f575c: nextIndex: updateUnconditionally 30 -> 29
2022-06-24 23:46:50,547 [grpc-default-executor-3] WARN  server.GrpcLogAppender (LogUtils.java:warn(122)) - c8d3b1b7-e2cb-467c-92f2-e834465c7bf5@group-523ABDBB2F30->8e270ae6-3b8a-4b8d-ba53-7f31af20a9eb-AppendLogResponseHandler: Failed appendEntries: org.apache.ratis.thirdparty.io.grpc.StatusRuntimeException: UNAVAILABLE: io exception
2022-06-24 23:46:50,548 [grpc-default-executor-3] INFO  leader.FollowerInfo (FollowerInfoImpl.java:lambda$new$0(48)) - c8d3b1b7-e2cb-467c-92f2-e834465c7bf5@group-523ABDBB2F30->8e270ae6-3b8a-4b8d-ba53-7f31af20a9eb: nextIndex: updateUnconditionally 30 -> 29
2022-06-24 23:46:51,671 [c8d3b1b7-e2cb-467c-92f2-e834465c7bf5@group-2E3355F2685F-FollowerState] INFO  impl.FollowerState (FollowerState.java:run(143)) - c8d3b1b7-e2cb-467c-92f2-e834465c7bf5@group-2E3355F2685F-FollowerState: change to CANDIDATE, lastRpcElapsedTime:5007261506ns, electionTimeout:5006ms
2022-06-24 23:46:51,671 [c8d3b1b7-e2cb-467c-92f2-e834465c7bf5@group-2E3355F2685F-FollowerState] INFO  impl.RoleInfo (RoleInfo.java:shutdownFollowerState(110)) - c8d3b1b7-e2cb-467c-92f2-e834465c7bf5: shutdown c8d3b1b7-e2cb-467c-92f2-e834465c7bf5@group-2E3355F2685F-FollowerState
2022-06-24 23:46:51,671 [c8d3b1b7-e2cb-467c-92f2-e834465c7bf5@group-2E3355F2685F-FollowerState] INFO  server.RaftServer$Division (RaftServerImpl.java:setRole(299)) - c8d3b1b7-e2cb-467c-92f2-e834465c7bf5@group-2E3355F2685F: changes role from  FOLLOWER to CANDIDATE at term 5 for changeToCandidate
2022-06-24 23:46:51,671 [c8d3b1b7-e2cb-467c-92f2-e834465c7bf5@group-2E3355F2685F-FollowerState] INFO  server.RaftServerConfigKeys (ConfUtils.java:logGet(46)) - raft.server.leaderelection.pre-vote = false (custom)
2022-06-24 23:46:51,671 [c8d3b1b7-e2cb-467c-92f2-e834465c7bf5@group-2E3355F2685F-FollowerState] INFO  impl.RoleInfo (RoleInfo.java:updateAndGet(139)) - c8d3b1b7-e2cb-467c-92f2-e834465c7bf5: start c8d3b1b7-e2cb-467c-92f2-e834465c7bf5@group-2E3355F2685F-LeaderElection35
2022-06-24 23:46:51,711 [c8d3b1b7-e2cb-467c-92f2-e834465c7bf5@group-2E3355F2685F-LeaderElection35] INFO  impl.LeaderElection (LeaderElection.java:askForVotes(310)) - c8d3b1b7-e2cb-467c-92f2-e834465c7bf5@group-2E3355F2685F-LeaderElection35 ELECTION round 0: submit vote requests at term 6 for -1: [8e270ae6-3b8a-4b8d-ba53-7f31af20a9eb|rpc:10.1.0.24:34827|priority:0, c8d3b1b7-e2cb-467c-92f2-e834465c7bf5|rpc:10.1.0.24:45959|priority:0, d25249de-707f-41fb-b0bd-e849b78f575c|rpc:10.1.0.24:36285|priority:1], old=null
2022-06-24 23:46:51,735 [c8d3b1b7-e2cb-467c-92f2-e834465c7bf5@group-2E3355F2685F-LeaderElection35] INFO  impl.LeaderElection (LogUtils.java:infoOrTrace(137)) - c8d3b1b7-e2cb-467c-92f2-e834465c7bf5@group-2E3355F2685F-LeaderElection35 got exception when requesting votes: java.util.concurrent.ExecutionException: org.apache.ratis.thirdparty.io.grpc.StatusRuntimeException: UNAVAILABLE: io exception
2022-06-24 23:46:51,736 [c8d3b1b7-e2cb-467c-92f2-e834465c7bf5@group-2E3355F2685F-LeaderElection35] INFO  impl.LeaderElection (LogUtils.java:infoOrTrace(137)) - c8d3b1b7-e2cb-467c-92f2-e834465c7bf5@group-2E3355F2685F-LeaderElection35 got exception when requesting votes: java.util.concurrent.ExecutionException: org.apache.ratis.thirdparty.io.grpc.StatusRuntimeException: UNAVAILABLE: io exception
2022-06-24 23:46:51,736 [c8d3b1b7-e2cb-467c-92f2-e834465c7bf5@group-2E3355F2685F-LeaderElection35] INFO  impl.LeaderElection (LeaderElection.java:logAndReturn(90)) - c8d3b1b7-e2cb-467c-92f2-e834465c7bf5@group-2E3355F2685F-LeaderElection35: ELECTION REJECTED received 0 response(s) and 2 exception(s):
2022-06-24 23:46:51,736 [c8d3b1b7-e2cb-467c-92f2-e834465c7bf5@group-2E3355F2685F-LeaderElection35] INFO  impl.LeaderElection (LogUtils.java:infoOrTrace(137)) -   Exception 0: java.util.concurrent.ExecutionException: org.apache.ratis.thirdparty.io.grpc.StatusRuntimeException: UNAVAILABLE: io exception
2022-06-24 23:46:51,736 [c8d3b1b7-e2cb-467c-92f2-e834465c7bf5@group-2E3355F2685F-LeaderElection35] INFO  impl.LeaderElection (LogUtils.java:infoOrTrace(137)) -   Exception 1: java.util.concurrent.ExecutionException: org.apache.ratis.thirdparty.io.grpc.StatusRuntimeException: UNAVAILABLE: io exception
2022-06-24 23:46:51,736 [c8d3b1b7-e2cb-467c-92f2-e834465c7bf5@group-2E3355F2685F-LeaderElection35] INFO  impl.LeaderElection (LeaderElection.java:askForVotes(312)) - c8d3b1b7-e2cb-467c-92f2-e834465c7bf5@group-2E3355F2685F-LeaderElection35 ELECTION round 0: result REJECTED
2022-06-24 23:46:51,736 [c8d3b1b7-e2cb-467c-92f2-e834465c7bf5@group-2E3355F2685F-LeaderElection35] INFO  server.RaftServer$Division (RaftServerImpl.java:setRole(299)) - c8d3b1b7-e2cb-467c-92f2-e834465c7bf5@group-2E3355F2685F: changes role from CANDIDATE to FOLLOWER at term 6 for REJECTED
2022-06-24 23:46:51,736 [c8d3b1b7-e2cb-467c-92f2-e834465c7bf5@group-2E3355F2685F-LeaderElection35] INFO  impl.RoleInfo (RoleInfo.java:shutdownLeaderElection(130)) - c8d3b1b7-e2cb-467c-92f2-e834465c7bf5: shutdown c8d3b1b7-e2cb-467c-92f2-e834465c7bf5@group-2E3355F2685F-LeaderElection35
2022-06-24 23:46:51,736 [c8d3b1b7-e2cb-467c-92f2-e834465c7bf5@group-2E3355F2685F-LeaderElection35] INFO  impl.RoleInfo (RoleInfo.java:updateAndGet(139)) - c8d3b1b7-e2cb-467c-92f2-e834465c7bf5: start c8d3b1b7-e2cb-467c-92f2-e834465c7bf5@group-2E3355F2685F-FollowerState
2022-06-24 23:46:51,771 [grpc-default-executor-3] WARN  server.GrpcLogAppender (LogUtils.java:warn(122)) - c8d3b1b7-e2cb-467c-92f2-e834465c7bf5@group-523ABDBB2F30->d25249de-707f-41fb-b0bd-e849b78f575c-AppendLogResponseHandler: Failed appendEntries: org.apache.ratis.thirdparty.io.grpc.StatusRuntimeException: UNAVAILABLE: io exception
2022-06-24 23:46:51,772 [grpc-default-executor-3] INFO  leader.FollowerInfo (FollowerInfoImpl.java:lambda$new$0(48)) - c8d3b1b7-e2cb-467c-92f2-e834465c7bf5@group-523ABDBB2F30->d25249de-707f-41fb-b0bd-e849b78f575c: nextIndex: updateUnconditionally 30 -> 29
2022-06-24 23:46:51,798 [grpc-default-executor-3] WARN  server.GrpcLogAppender (LogUtils.java:warn(122)) - c8d3b1b7-e2cb-467c-92f2-e834465c7bf5@group-523ABDBB2F30->8e270ae6-3b8a-4b8d-ba53-7f31af20a9eb-AppendLogResponseHandler: Failed appendEntries: org.apache.ratis.thirdparty.io.grpc.StatusRuntimeException: UNAVAILABLE: io exception
2022-06-24 23:46:51,799 [grpc-default-executor-3] INFO  leader.FollowerInfo (FollowerInfoImpl.java:lambda$new$0(48)) - c8d3b1b7-e2cb-467c-92f2-e834465c7bf5@group-523ABDBB2F30->8e270ae6-3b8a-4b8d-ba53-7f31af20a9eb: nextIndex: updateUnconditionally 30 -> 29
2022-06-24 23:46:52,373 [ForkJoinPool.commonPool-worker-1] INFO  statemachine.DatanodeStateMachine (DatanodeStateMachine.java:stopDaemon(580)) - Ozone container server stopped.
2022-06-24 23:46:52,374 [Listener at 127.0.0.1/34097] INFO  statemachine.DatanodeStateMachine (DatanodeStateMachine.java:stopDaemon(580)) - Ozone container server stopped.
2022-06-24 23:46:52,400 [Listener at 127.0.0.1/34097] INFO  handler.ContextHandler (ContextHandler.java:doStop(1153)) - Stopped o.e.j.w.WebAppContext@6de6f7cd{hddsDatanode,/,null,STOPPED}{jar:file:/home/runner/.m2/repository/org/apache/ozone/hdds-container-service/1.3.0-SNAPSHOT/hdds-container-service-1.3.0-SNAPSHOT.jar!/webapps/hddsDatanode}
2022-06-24 23:46:52,418 [ForkJoinPool.commonPool-worker-1] INFO  handler.ContextHandler (ContextHandler.java:doStop(1153)) - Stopped o.e.j.w.WebAppContext@527cc0c1{hddsDatanode,/,null,STOPPED}{jar:file:/home/runner/.m2/repository/org/apache/ozone/hdds-container-service/1.3.0-SNAPSHOT/hdds-container-service-1.3.0-SNAPSHOT.jar!/webapps/hddsDatanode}
2022-06-24 23:46:52,419 [ForkJoinPool.commonPool-worker-1] INFO  server.AbstractConnector (AbstractConnector.java:doStop(381)) - Stopped ServerConnector@57555ba9{HTTP/1.1, (http/1.1)}{0.0.0.0:0}
2022-06-24 23:46:52,419 [ForkJoinPool.commonPool-worker-1] INFO  server.session (HouseKeeper.java:stopScavenging(149)) - node0 Stopped scavenging
2022-06-24 23:46:52,444 [Listener at 127.0.0.1/34097] INFO  server.AbstractConnector (AbstractConnector.java:doStop(381)) - Stopped ServerConnector@32d44570{HTTP/1.1, (http/1.1)}{0.0.0.0:0}
2022-06-24 23:46:52,444 [Listener at 127.0.0.1/34097] INFO  server.session (HouseKeeper.java:stopScavenging(149)) - node0 Stopped scavenging
2022-06-24 23:46:52,444 [Listener at 127.0.0.1/34097] INFO  handler.ContextHandler (ContextHandler.java:doStop(1153)) - Stopped o.e.j.s.ServletContextHandler@17cb53ed{static,/static,jar:file:/home/runner/.m2/repository/org/apache/ozone/hdds-container-service/1.3.0-SNAPSHOT/hdds-container-service-1.3.0-SNAPSHOT.jar!/webapps/static,STOPPED}
2022-06-24 23:46:52,445 [Listener at 127.0.0.1/34097] INFO  handler.ContextHandler (ContextHandler.java:doStop(1153)) - Stopped o.e.j.s.ServletContextHandler@17fcb15a{logs,/logs,file:///home/runner/work/ozone/ozone/hadoop-ozone/integration-test/target/log,STOPPED}
2022-06-24 23:46:52,449 [ForkJoinPool.commonPool-worker-1] INFO  handler.ContextHandler (ContextHandler.java:doStop(1153)) - Stopped o.e.j.s.ServletContextHandler@5346b657{static,/static,jar:file:/home/runner/.m2/repository/org/apache/ozone/hdds-container-service/1.3.0-SNAPSHOT/hdds-container-service-1.3.0-SNAPSHOT.jar!/webapps/static,STOPPED}
2022-06-24 23:46:52,459 [ForkJoinPool.commonPool-worker-1] INFO  handler.ContextHandler (ContextHandler.java:doStop(1153)) - Stopped o.e.j.s.ServletContextHandler@71977db0{logs,/logs,file:///home/runner/work/ozone/ozone/hadoop-ozone/integration-test/target/log,STOPPED}
2022-06-24 23:46:53,024 [grpc-default-executor-3] WARN  server.GrpcLogAppender (LogUtils.java:warn(122)) - c8d3b1b7-e2cb-467c-92f2-e834465c7bf5@group-523ABDBB2F30->d25249de-707f-41fb-b0bd-e849b78f575c-AppendLogResponseHandler: Failed appendEntries: org.apache.ratis.thirdparty.io.grpc.StatusRuntimeException: UNAVAILABLE: io exception
2022-06-24 23:46:53,024 [grpc-default-executor-3] INFO  leader.FollowerInfo (FollowerInfoImpl.java:lambda$new$0(48)) - c8d3b1b7-e2cb-467c-92f2-e834465c7bf5@group-523ABDBB2F30->d25249de-707f-41fb-b0bd-e849b78f575c: nextIndex: updateUnconditionally 30 -> 29
2022-06-24 23:46:53,053 [grpc-default-executor-3] WARN  server.GrpcLogAppender (LogUtils.java:warn(122)) - c8d3b1b7-e2cb-467c-92f2-e834465c7bf5@group-523ABDBB2F30->8e270ae6-3b8a-4b8d-ba53-7f31af20a9eb-AppendLogResponseHandler: Failed appendEntries: org.apache.ratis.thirdparty.io.grpc.StatusRuntimeException: UNAVAILABLE: io exception
2022-06-24 23:46:53,054 [grpc-default-executor-3] INFO  leader.FollowerInfo (FollowerInfoImpl.java:lambda$new$0(48)) - c8d3b1b7-e2cb-467c-92f2-e834465c7bf5@group-523ABDBB2F30->8e270ae6-3b8a-4b8d-ba53-7f31af20a9eb: nextIndex: updateUnconditionally 30 -> 29
2022-06-24 23:46:53,792 [c8d3b1b7-e2cb-467c-92f2-e834465c7bf5@group-523ABDBB2F30-LeaderStateImpl] WARN  server.RaftServer$Division (LeaderStateImpl.java:checkLeadership(1018)) - c8d3b1b7-e2cb-467c-92f2-e834465c7bf5@group-523ABDBB2F30-LeaderStateImpl: Lost leadership on term: 1. Election timeout: 5200ms. In charge for: 28583ms. Conf: 0: [8e270ae6-3b8a-4b8d-ba53-7f31af20a9eb|rpc:10.1.0.24:34827|dataStream:|priority:0, c8d3b1b7-e2cb-467c-92f2-e834465c7bf5|rpc:10.1.0.24:45959|dataStream:|priority:1, d25249de-707f-41fb-b0bd-e849b78f575c|rpc:10.1.0.24:36285|dataStream:|priority:0], old=null
2022-06-24 23:46:53,792 [c8d3b1b7-e2cb-467c-92f2-e834465c7bf5@group-523ABDBB2F30-LeaderStateImpl] WARN  server.RaftServer$Division (LeaderStateImpl.java:lambda$checkLeadership$17(1022)) - Follower c8d3b1b7-e2cb-467c-92f2-e834465c7bf5@group-523ABDBB2F30->8e270ae6-3b8a-4b8d-ba53-7f31af20a9eb(c29,m29,n29, attendVote=true, lastRpcSendTime=740, lastRpcResponseTime=8246)
2022-06-24 23:46:53,792 [c8d3b1b7-e2cb-467c-92f2-e834465c7bf5@group-523ABDBB2F30-LeaderStateImpl] WARN  server.RaftServer$Division (LeaderStateImpl.java:lambda$checkLeadership$17(1022)) - Follower c8d3b1b7-e2cb-467c-92f2-e834465c7bf5@group-523ABDBB2F30->d25249de-707f-41fb-b0bd-e849b78f575c(c29,m29,n29, attendVote=true, lastRpcSendTime=768, lastRpcResponseTime=8275)
2022-06-24 23:46:53,792 [c8d3b1b7-e2cb-467c-92f2-e834465c7bf5@group-523ABDBB2F30-LeaderStateImpl] INFO  server.RaftServer$Division (RaftServerImpl.java:setRole(299)) - c8d3b1b7-e2cb-467c-92f2-e834465c7bf5@group-523ABDBB2F30: changes role from    LEADER to FOLLOWER at term 1 for StepDownReason:LOST_MAJORITY_HEARTBEATS
2022-06-24 23:46:53,792 [c8d3b1b7-e2cb-467c-92f2-e834465c7bf5@group-523ABDBB2F30-LeaderStateImpl] INFO  impl.RoleInfo (RoleInfo.java:shutdownLeaderState(93)) - c8d3b1b7-e2cb-467c-92f2-e834465c7bf5: shutdown c8d3b1b7-e2cb-467c-92f2-e834465c7bf5@group-523ABDBB2F30-LeaderStateImpl
2022-06-24 23:46:53,793 [c8d3b1b7-e2cb-467c-92f2-e834465c7bf5@group-523ABDBB2F30-LeaderStateImpl] INFO  impl.PendingRequests (PendingRequests.java:sendNotLeaderResponses(282)) - c8d3b1b7-e2cb-467c-92f2-e834465c7bf5@group-523ABDBB2F30-PendingRequests: sendNotLeaderResponses
2022-06-24 23:46:53,793 [c8d3b1b7-e2cb-467c-92f2-e834465c7bf5@group-523ABDBB2F30->8e270ae6-3b8a-4b8d-ba53-7f31af20a9eb-GrpcLogAppender-LogAppenderDaemon] WARN  server.GrpcLogAppender (GrpcLogAppender.java:mayWait(171)) - c8d3b1b7-e2cb-467c-92f2-e834465c7bf5@group-523ABDBB2F30->8e270ae6-3b8a-4b8d-ba53-7f31af20a9eb-GrpcLogAppender: Wait interrupted by java.lang.InterruptedException
2022-06-24 23:46:53,793 [c8d3b1b7-e2cb-467c-92f2-e834465c7bf5@group-523ABDBB2F30->d25249de-707f-41fb-b0bd-e849b78f575c-GrpcLogAppender-LogAppenderDaemon] WARN  server.GrpcLogAppender (GrpcLogAppender.java:mayWait(171)) - c8d3b1b7-e2cb-467c-92f2-e834465c7bf5@group-523ABDBB2F30->d25249de-707f-41fb-b0bd-e849b78f575c-GrpcLogAppender: Wait interrupted by java.lang.InterruptedException
2022-06-24 23:46:53,798 [c8d3b1b7-e2cb-467c-92f2-e834465c7bf5@group-523ABDBB2F30-LeaderStateImpl] INFO  impl.RoleInfo (RoleInfo.java:updateAndGet(139)) - c8d3b1b7-e2cb-467c-92f2-e834465c7bf5: start c8d3b1b7-e2cb-467c-92f2-e834465c7bf5@group-523ABDBB2F30-FollowerState
2022-06-24 23:46:56,858 [c8d3b1b7-e2cb-467c-92f2-e834465c7bf5@group-2E3355F2685F-FollowerState] INFO  impl.FollowerState (FollowerState.java:run(143)) - c8d3b1b7-e2cb-467c-92f2-e834465c7bf5@group-2E3355F2685F-FollowerState: change to CANDIDATE, lastRpcElapsedTime:5122039698ns, electionTimeout:5075ms
2022-06-24 23:46:56,858 [c8d3b1b7-e2cb-467c-92f2-e834465c7bf5@group-2E3355F2685F-FollowerState] INFO  impl.RoleInfo (RoleInfo.java:shutdownFollowerState(110)) - c8d3b1b7-e2cb-467c-92f2-e834465c7bf5: shutdown c8d3b1b7-e2cb-467c-92f2-e834465c7bf5@group-2E3355F2685F-FollowerState
2022-06-24 23:46:56,858 [c8d3b1b7-e2cb-467c-92f2-e834465c7bf5@group-2E3355F2685F-FollowerState] INFO  server.RaftServer$Division (RaftServerImpl.java:setRole(299)) - c8d3b1b7-e2cb-467c-92f2-e834465c7bf5@group-2E3355F2685F: changes role from  FOLLOWER to CANDIDATE at term 6 for changeToCandidate
2022-06-24 23:46:56,858 [c8d3b1b7-e2cb-467c-92f2-e834465c7bf5@group-2E3355F2685F-FollowerState] INFO  server.RaftServerConfigKeys (ConfUtils.java:logGet(46)) - raft.server.leaderelection.pre-vote = false (custom)
2022-06-24 23:46:56,858 [c8d3b1b7-e2cb-467c-92f2-e834465c7bf5@group-2E3355F2685F-FollowerState] INFO  impl.RoleInfo (RoleInfo.java:updateAndGet(139)) - c8d3b1b7-e2cb-467c-92f2-e834465c7bf5: start c8d3b1b7-e2cb-467c-92f2-e834465c7bf5@group-2E3355F2685F-LeaderElection36
2022-06-24 23:46:56,896 [c8d3b1b7-e2cb-467c-92f2-e834465c7bf5@group-2E3355F2685F-LeaderElection36] INFO  impl.LeaderElection (LeaderElection.java:askForVotes(310)) - c8d3b1b7-e2cb-467c-92f2-e834465c7bf5@group-2E3355F2685F-LeaderElection36 ELECTION round 0: submit vote requests at term 7 for -1: [8e270ae6-3b8a-4b8d-ba53-7f31af20a9eb|rpc:10.1.0.24:34827|priority:0, c8d3b1b7-e2cb-467c-92f2-e834465c7bf5|rpc:10.1.0.24:45959|priority:0, d25249de-707f-41fb-b0bd-e849b78f575c|rpc:10.1.0.24:36285|priority:1], old=null
2022-06-24 23:46:56,912 [c8d3b1b7-e2cb-467c-92f2-e834465c7bf5@group-2E3355F2685F-LeaderElection36] INFO  impl.LeaderElection (LogUtils.java:infoOrTrace(137)) - c8d3b1b7-e2cb-467c-92f2-e834465c7bf5@group-2E3355F2685F-LeaderElection36 got exception when requesting votes: java.util.concurrent.ExecutionException: org.apache.ratis.thirdparty.io.grpc.StatusRuntimeException: UNAVAILABLE: io exception
2022-06-24 23:46:56,912 [c8d3b1b7-e2cb-467c-92f2-e834465c7bf5@group-2E3355F2685F-LeaderElection36] INFO  impl.LeaderElection (LogUtils.java:infoOrTrace(137)) - c8d3b1b7-e2cb-467c-92f2-e834465c7bf5@group-2E3355F2685F-LeaderElection36 got exception when requesting votes: java.util.concurrent.ExecutionException: org.apache.ratis.thirdparty.io.grpc.StatusRuntimeException: UNAVAILABLE: io exception
2022-06-24 23:46:56,912 [c8d3b1b7-e2cb-467c-92f2-e834465c7bf5@group-2E3355F2685F-LeaderElection36] INFO  impl.LeaderElection (LeaderElection.java:logAndReturn(90)) - c8d3b1b7-e2cb-467c-92f2-e834465c7bf5@group-2E3355F2685F-LeaderElection36: ELECTION REJECTED received 0 response(s) and 2 exception(s):
2022-06-24 23:46:56,912 [c8d3b1b7-e2cb-467c-92f2-e834465c7bf5@group-2E3355F2685F-LeaderElection36] INFO  impl.LeaderElection (LogUtils.java:infoOrTrace(137)) -   Exception 0: java.util.concurrent.ExecutionException: org.apache.ratis.thirdparty.io.grpc.StatusRuntimeException: UNAVAILABLE: io exception
2022-06-24 23:46:56,912 [c8d3b1b7-e2cb-467c-92f2-e834465c7bf5@group-2E3355F2685F-LeaderElection36] INFO  impl.LeaderElection (LogUtils.java:infoOrTrace(137)) -   Exception 1: java.util.concurrent.ExecutionException: org.apache.ratis.thirdparty.io.grpc.StatusRuntimeException: UNAVAILABLE: io exception
2022-06-24 23:46:56,913 [c8d3b1b7-e2cb-467c-92f2-e834465c7bf5@group-2E3355F2685F-LeaderElection36] INFO  impl.LeaderElection (LeaderElection.java:askForVotes(312)) - c8d3b1b7-e2cb-467c-92f2-e834465c7bf5@group-2E3355F2685F-LeaderElection36 ELECTION round 0: result REJECTED
2022-06-24 23:46:56,919 [c8d3b1b7-e2cb-467c-92f2-e834465c7bf5@group-2E3355F2685F-LeaderElection36] INFO  server.RaftServer$Division (RaftServerImpl.java:setRole(299)) - c8d3b1b7-e2cb-467c-92f2-e834465c7bf5@group-2E3355F2685F: changes role from CANDIDATE to FOLLOWER at term 7 for REJECTED
2022-06-24 23:46:56,919 [c8d3b1b7-e2cb-467c-92f2-e834465c7bf5@group-2E3355F2685F-LeaderElection36] INFO  impl.RoleInfo (RoleInfo.java:shutdownLeaderElection(130)) - c8d3b1b7-e2cb-467c-92f2-e834465c7bf5: shutdown c8d3b1b7-e2cb-467c-92f2-e834465c7bf5@group-2E3355F2685F-LeaderElection36
2022-06-24 23:46:56,919 [c8d3b1b7-e2cb-467c-92f2-e834465c7bf5@group-2E3355F2685F-LeaderElection36] INFO  impl.RoleInfo (RoleInfo.java:updateAndGet(139)) - c8d3b1b7-e2cb-467c-92f2-e834465c7bf5: start c8d3b1b7-e2cb-467c-92f2-e834465c7bf5@group-2E3355F2685F-FollowerState
2022-06-24 23:46:57,451 [Listener at 127.0.0.1/34097] INFO  ozoneimpl.OzoneContainer (OzoneContainer.java:stop(365)) - Attempting to stop container services.
2022-06-24 23:46:57,453 [Listener at 127.0.0.1/34097] INFO  server.RaftServer (RaftServerProxy.java:lambda$close$7(398)) - bc644b0c-0e4b-489d-a6ba-eb86566737d4: close
2022-06-24 23:46:57,454 [Listener at 127.0.0.1/34097] INFO  server.RaftServer$Division (RaftServerImpl.java:lambda$close$4(434)) - bc644b0c-0e4b-489d-a6ba-eb86566737d4@group-9A59D736E471: shutdown
2022-06-24 23:46:57,454 [Listener at 127.0.0.1/34097] INFO  util.JmxRegister (JmxRegister.java:unregister(73)) - Successfully un-registered JMX Bean with object name Ratis:service=RaftServer,group=group-9A59D736E471,id=bc644b0c-0e4b-489d-a6ba-eb86566737d4
2022-06-24 23:46:57,454 [Listener at 127.0.0.1/34097] INFO  impl.RoleInfo (RoleInfo.java:shutdownLeaderState(93)) - bc644b0c-0e4b-489d-a6ba-eb86566737d4: shutdown bc644b0c-0e4b-489d-a6ba-eb86566737d4@group-9A59D736E471-LeaderStateImpl
2022-06-24 23:46:57,454 [Listener at 127.0.0.1/34097] INFO  impl.PendingRequests (PendingRequests.java:sendNotLeaderResponses(282)) - bc644b0c-0e4b-489d-a6ba-eb86566737d4@group-9A59D736E471-PendingRequests: sendNotLeaderResponses
2022-06-24 23:46:57,455 [Listener at 127.0.0.1/34097] INFO  impl.StateMachineUpdater (StateMachineUpdater.java:stopAndJoin(153)) - bc644b0c-0e4b-489d-a6ba-eb86566737d4@group-9A59D736E471-StateMachineUpdater: set stopIndex = 0
2022-06-24 23:46:57,456 [bc644b0c-0e4b-489d-a6ba-eb86566737d4@group-9A59D736E471-StateMachineUpdater] INFO  ratis.ContainerStateMachine (ContainerStateMachine.java:takeSnapshot(304)) - group-9A59D736E471: Taking a snapshot at:(t:1, i:0) file /home/runner/work/ozone/ozone/hadoop-ozone/integration-test/target/test-dir/MiniOzoneClusterImpl-1c97b964-6e84-44a1-9571-366444e105f6/datanode-4/data/ratis/7ed083d5-eecf-49e0-b24f-9a59d736e471/sm/snapshot.1_0
2022-06-24 23:46:57,458 [bc644b0c-0e4b-489d-a6ba-eb86566737d4@group-9A59D736E471-StateMachineUpdater] INFO  ratis.ContainerStateMachine (ContainerStateMachine.java:takeSnapshot(315)) - group-9A59D736E471: Finished taking a snapshot at:(t:1, i:0) file:/home/runner/work/ozone/ozone/hadoop-ozone/integration-test/target/test-dir/MiniOzoneClusterImpl-1c97b964-6e84-44a1-9571-366444e105f6/datanode-4/data/ratis/7ed083d5-eecf-49e0-b24f-9a59d736e471/sm/snapshot.1_0 took: 2 ms
2022-06-24 23:46:57,458 [bc644b0c-0e4b-489d-a6ba-eb86566737d4@group-9A59D736E471-StateMachineUpdater] INFO  impl.StateMachineUpdater (StateMachineUpdater.java:takeSnapshot(287)) - bc644b0c-0e4b-489d-a6ba-eb86566737d4@group-9A59D736E471-StateMachineUpdater: Took a snapshot at index 0
2022-06-24 23:46:57,458 [bc644b0c-0e4b-489d-a6ba-eb86566737d4@group-9A59D736E471-StateMachineUpdater] INFO  impl.StateMachineUpdater (StateMachineUpdater.java:lambda$new$0(92)) - bc644b0c-0e4b-489d-a6ba-eb86566737d4@group-9A59D736E471-StateMachineUpdater: snapshotIndex: updateIncreasingly -1 -> 0
2022-06-24 23:46:57,458 [Listener at 127.0.0.1/34097] INFO  server.RaftServer$Division (ServerState.java:close(429)) - bc644b0c-0e4b-489d-a6ba-eb86566737d4@group-9A59D736E471: closes. applyIndex: 0
2022-06-24 23:46:57,458 [bc644b0c-0e4b-489d-a6ba-eb86566737d4@group-9A59D736E471-SegmentedRaftLogWorker] INFO  segmented.SegmentedRaftLogWorker (SegmentedRaftLogWorker.java:run(336)) - bc644b0c-0e4b-489d-a6ba-eb86566737d4@group-9A59D736E471-SegmentedRaftLogWorker was interrupted, exiting. There are 0 tasks remaining in the queue.
2022-06-24 23:46:57,459 [Listener at 127.0.0.1/34097] INFO  segmented.SegmentedRaftLogWorker (SegmentedRaftLogWorker.java:close(246)) - bc644b0c-0e4b-489d-a6ba-eb86566737d4@group-9A59D736E471-SegmentedRaftLogWorker close()
2022-06-24 23:46:57,461 [ForkJoinPool.commonPool-worker-1] INFO  ozoneimpl.OzoneContainer (OzoneContainer.java:stop(365)) - Attempting to stop container services.
2022-06-24 23:46:57,462 [ForkJoinPool.commonPool-worker-1] INFO  server.RaftServer (RaftServerProxy.java:lambda$close$7(398)) - c8d3b1b7-e2cb-467c-92f2-e834465c7bf5: close
2022-06-24 23:46:57,463 [ForkJoinPool.commonPool-worker-1] INFO  server.RaftServer$Division (RaftServerImpl.java:lambda$close$4(434)) - c8d3b1b7-e2cb-467c-92f2-e834465c7bf5@group-523ABDBB2F30: shutdown
2022-06-24 23:46:57,463 [ForkJoinPool.commonPool-worker-1] INFO  util.JmxRegister (JmxRegister.java:unregister(73)) - Successfully un-registered JMX Bean with object name Ratis:service=RaftServer,group=group-523ABDBB2F30,id=c8d3b1b7-e2cb-467c-92f2-e834465c7bf5
2022-06-24 23:46:57,463 [ForkJoinPool.commonPool-worker-1] INFO  impl.RoleInfo (RoleInfo.java:shutdownFollowerState(110)) - c8d3b1b7-e2cb-467c-92f2-e834465c7bf5: shutdown c8d3b1b7-e2cb-467c-92f2-e834465c7bf5@group-523ABDBB2F30-FollowerState
2022-06-24 23:46:57,463 [ForkJoinPool.commonPool-worker-1] INFO  impl.StateMachineUpdater (StateMachineUpdater.java:stopAndJoin(153)) - c8d3b1b7-e2cb-467c-92f2-e834465c7bf5@group-523ABDBB2F30-StateMachineUpdater: set stopIndex = 29
2022-06-24 23:46:57,463 [c8d3b1b7-e2cb-467c-92f2-e834465c7bf5@group-523ABDBB2F30-FollowerState] INFO  impl.FollowerState (FollowerState.java:run(152)) - c8d3b1b7-e2cb-467c-92f2-e834465c7bf5@group-523ABDBB2F30-FollowerState was interrupted
2022-06-24 23:46:57,463 [c8d3b1b7-e2cb-467c-92f2-e834465c7bf5@group-523ABDBB2F30-StateMachineUpdater] INFO  ratis.ContainerStateMachine (ContainerStateMachine.java:takeSnapshot(304)) - group-523ABDBB2F30: Taking a snapshot at:(t:1, i:29) file /home/runner/work/ozone/ozone/hadoop-ozone/integration-test/target/test-dir/MiniOzoneClusterImpl-1c97b964-6e84-44a1-9571-366444e105f6/datanode-0/data/ratis/410ad4d1-ad0b-41c3-a567-523abdbb2f30/sm/snapshot.1_29
2022-06-24 23:46:57,465 [c8d3b1b7-e2cb-467c-92f2-e834465c7bf5@group-523ABDBB2F30-StateMachineUpdater] INFO  ratis.ContainerStateMachine (ContainerStateMachine.java:takeSnapshot(315)) - group-523ABDBB2F30: Finished taking a snapshot at:(t:1, i:29) file:/home/runner/work/ozone/ozone/hadoop-ozone/integration-test/target/test-dir/MiniOzoneClusterImpl-1c97b964-6e84-44a1-9571-366444e105f6/datanode-0/data/ratis/410ad4d1-ad0b-41c3-a567-523abdbb2f30/sm/snapshot.1_29 took: 2 ms
2022-06-24 23:46:57,465 [c8d3b1b7-e2cb-467c-92f2-e834465c7bf5@group-523ABDBB2F30-StateMachineUpdater] INFO  impl.StateMachineUpdater (StateMachineUpdater.java:takeSnapshot(287)) - c8d3b1b7-e2cb-467c-92f2-e834465c7bf5@group-523ABDBB2F30-StateMachineUpdater: Took a snapshot at index 29
2022-06-24 23:46:57,465 [c8d3b1b7-e2cb-467c-92f2-e834465c7bf5@group-523ABDBB2F30-StateMachineUpdater] INFO  impl.StateMachineUpdater (StateMachineUpdater.java:lambda$new$0(92)) - c8d3b1b7-e2cb-467c-92f2-e834465c7bf5@group-523ABDBB2F30-StateMachineUpdater: snapshotIndex: updateIncreasingly -1 -> 29
2022-06-24 23:46:57,466 [ForkJoinPool.commonPool-worker-1] INFO  server.RaftServer$Division (ServerState.java:close(429)) - c8d3b1b7-e2cb-467c-92f2-e834465c7bf5@group-523ABDBB2F30: closes. applyIndex: 29
2022-06-24 23:46:57,466 [c8d3b1b7-e2cb-467c-92f2-e834465c7bf5@group-523ABDBB2F30-SegmentedRaftLogWorker] INFO  segmented.SegmentedRaftLogWorker (SegmentedRaftLogWorker.java:run(336)) - c8d3b1b7-e2cb-467c-92f2-e834465c7bf5@group-523ABDBB2F30-SegmentedRaftLogWorker was interrupted, exiting. There are 0 tasks remaining in the queue.
2022-06-24 23:46:57,466 [ForkJoinPool.commonPool-worker-1] INFO  segmented.SegmentedRaftLogWorker (SegmentedRaftLogWorker.java:close(246)) - c8d3b1b7-e2cb-467c-92f2-e834465c7bf5@group-523ABDBB2F30-SegmentedRaftLogWorker close()
2022-06-24 23:46:57,475 [Listener at 127.0.0.1/34097] INFO  server.GrpcService (GrpcService.java:closeImpl(269)) - bc644b0c-0e4b-489d-a6ba-eb86566737d4: shutdown server with port 41849 now
2022-06-24 23:46:57,475 [Listener at 127.0.0.1/34097] INFO  server.GrpcService (GrpcService.java:closeImpl(278)) - bc644b0c-0e4b-489d-a6ba-eb86566737d4: shutdown server with port 41849 successfully
2022-06-24 23:46:57,476 [ForkJoinPool.commonPool-worker-1] INFO  server.RaftServer$Division (RaftServerImpl.java:lambda$close$4(434)) - c8d3b1b7-e2cb-467c-92f2-e834465c7bf5@group-2E3355F2685F: shutdown
2022-06-24 23:46:57,476 [ForkJoinPool.commonPool-worker-1] INFO  util.JmxRegister (JmxRegister.java:unregister(73)) - Successfully un-registered JMX Bean with object name Ratis:service=RaftServer,group=group-2E3355F2685F,id=c8d3b1b7-e2cb-467c-92f2-e834465c7bf5
2022-06-24 23:46:57,476 [ForkJoinPool.commonPool-worker-1] INFO  impl.RoleInfo (RoleInfo.java:shutdownFollowerState(110)) - c8d3b1b7-e2cb-467c-92f2-e834465c7bf5: shutdown c8d3b1b7-e2cb-467c-92f2-e834465c7bf5@group-2E3355F2685F-FollowerState
2022-06-24 23:46:57,476 [org.apache.ratis.util.JvmPauseMonitor$$Lambda$627/395666382@32239ade] INFO  util.JvmPauseMonitor (JvmPauseMonitor.java:run(109)) - JvmPauseMonitor-bc644b0c-0e4b-489d-a6ba-eb86566737d4: Stopped
2022-06-24 23:46:57,479 [c8d3b1b7-e2cb-467c-92f2-e834465c7bf5@group-2E3355F2685F-FollowerState] INFO  impl.FollowerState (FollowerState.java:run(152)) - c8d3b1b7-e2cb-467c-92f2-e834465c7bf5@group-2E3355F2685F-FollowerState was interrupted
2022-06-24 23:46:57,480 [ForkJoinPool.commonPool-worker-1] INFO  impl.StateMachineUpdater (StateMachineUpdater.java:stopAndJoin(153)) - c8d3b1b7-e2cb-467c-92f2-e834465c7bf5@group-2E3355F2685F-StateMachineUpdater: set stopIndex = -1
2022-06-24 23:46:57,480 [ForkJoinPool.commonPool-worker-1] INFO  server.RaftServer$Division (ServerState.java:close(429)) - c8d3b1b7-e2cb-467c-92f2-e834465c7bf5@group-2E3355F2685F: closes. applyIndex: -1
2022-06-24 23:46:57,480 [c8d3b1b7-e2cb-467c-92f2-e834465c7bf5@group-2E3355F2685F-SegmentedRaftLogWorker] INFO  segmented.SegmentedRaftLogWorker (SegmentedRaftLogWorker.java:run(336)) - c8d3b1b7-e2cb-467c-92f2-e834465c7bf5@group-2E3355F2685F-SegmentedRaftLogWorker was interrupted, exiting. There are 0 tasks remaining in the queue.
2022-06-24 23:46:57,480 [ForkJoinPool.commonPool-worker-1] INFO  segmented.SegmentedRaftLogWorker (SegmentedRaftLogWorker.java:close(246)) - c8d3b1b7-e2cb-467c-92f2-e834465c7bf5@group-2E3355F2685F-SegmentedRaftLogWorker close()
2022-06-24 23:46:57,481 [ForkJoinPool.commonPool-worker-1] INFO  server.RaftServer$Division (RaftServerImpl.java:lambda$close$4(434)) - c8d3b1b7-e2cb-467c-92f2-e834465c7bf5@group-53E7D689C16E: shutdown
2022-06-24 23:46:57,481 [ForkJoinPool.commonPool-worker-1] INFO  util.JmxRegister (JmxRegister.java:unregister(73)) - Successfully un-registered JMX Bean with object name Ratis:service=RaftServer,group=group-53E7D689C16E,id=c8d3b1b7-e2cb-467c-92f2-e834465c7bf5
2022-06-24 23:46:57,481 [ForkJoinPool.commonPool-worker-1] INFO  impl.RoleInfo (RoleInfo.java:shutdownLeaderState(93)) - c8d3b1b7-e2cb-467c-92f2-e834465c7bf5: shutdown c8d3b1b7-e2cb-467c-92f2-e834465c7bf5@group-53E7D689C16E-LeaderStateImpl
2022-06-24 23:46:57,481 [ForkJoinPool.commonPool-worker-1] INFO  impl.PendingRequests (PendingRequests.java:sendNotLeaderResponses(282)) - c8d3b1b7-e2cb-467c-92f2-e834465c7bf5@group-53E7D689C16E-PendingRequests: sendNotLeaderResponses
2022-06-24 23:46:57,481 [ForkJoinPool.commonPool-worker-1] INFO  impl.StateMachineUpdater (StateMachineUpdater.java:stopAndJoin(153)) - c8d3b1b7-e2cb-467c-92f2-e834465c7bf5@group-53E7D689C16E-StateMachineUpdater: set stopIndex = 0
2022-06-24 23:46:57,481 [c8d3b1b7-e2cb-467c-92f2-e834465c7bf5@group-53E7D689C16E-StateMachineUpdater] INFO  ratis.ContainerStateMachine (ContainerStateMachine.java:takeSnapshot(304)) - group-53E7D689C16E: Taking a snapshot at:(t:1, i:0) file /home/runner/work/ozone/ozone/hadoop-ozone/integration-test/target/test-dir/MiniOzoneClusterImpl-1c97b964-6e84-44a1-9571-366444e105f6/datanode-0/data/ratis/c331adb0-60d7-441a-ad63-53e7d689c16e/sm/snapshot.1_0
2022-06-24 23:46:57,483 [c8d3b1b7-e2cb-467c-92f2-e834465c7bf5@group-53E7D689C16E-StateMachineUpdater] INFO  ratis.ContainerStateMachine (ContainerStateMachine.java:takeSnapshot(315)) - group-53E7D689C16E: Finished taking a snapshot at:(t:1, i:0) file:/home/runner/work/ozone/ozone/hadoop-ozone/integration-test/target/test-dir/MiniOzoneClusterImpl-1c97b964-6e84-44a1-9571-366444e105f6/datanode-0/data/ratis/c331adb0-60d7-441a-ad63-53e7d689c16e/sm/snapshot.1_0 took: 1 ms
2022-06-24 23:46:57,483 [c8d3b1b7-e2cb-467c-92f2-e834465c7bf5@group-53E7D689C16E-StateMachineUpdater] INFO  impl.StateMachineUpdater (StateMachineUpdater.java:takeSnapshot(287)) - c8d3b1b7-e2cb-467c-92f2-e834465c7bf5@group-53E7D689C16E-StateMachineUpdater: Took a snapshot at index 0
2022-06-24 23:46:57,483 [c8d3b1b7-e2cb-467c-92f2-e834465c7bf5@group-53E7D689C16E-StateMachineUpdater] INFO  impl.StateMachineUpdater (StateMachineUpdater.java:lambda$new$0(92)) - c8d3b1b7-e2cb-467c-92f2-e834465c7bf5@group-53E7D689C16E-StateMachineUpdater: snapshotIndex: updateIncreasingly -1 -> 0
2022-06-24 23:46:57,483 [ForkJoinPool.commonPool-worker-1] INFO  server.RaftServer$Division (ServerState.java:close(429)) - c8d3b1b7-e2cb-467c-92f2-e834465c7bf5@group-53E7D689C16E: closes. applyIndex: 0
2022-06-24 23:46:57,483 [c8d3b1b7-e2cb-467c-92f2-e834465c7bf5@group-53E7D689C16E-SegmentedRaftLogWorker] INFO  segmented.SegmentedRaftLogWorker (SegmentedRaftLogWorker.java:run(336)) - c8d3b1b7-e2cb-467c-92f2-e834465c7bf5@group-53E7D689C16E-SegmentedRaftLogWorker was interrupted, exiting. There are 0 tasks remaining in the queue.
2022-06-24 23:46:57,483 [ForkJoinPool.commonPool-worker-1] INFO  segmented.SegmentedRaftLogWorker (SegmentedRaftLogWorker.java:close(246)) - c8d3b1b7-e2cb-467c-92f2-e834465c7bf5@group-53E7D689C16E-SegmentedRaftLogWorker close()
2022-06-24 23:46:57,484 [ForkJoinPool.commonPool-worker-1] INFO  server.GrpcService (GrpcService.java:closeImpl(269)) - c8d3b1b7-e2cb-467c-92f2-e834465c7bf5: shutdown server with port 45959 now
2022-06-24 23:46:57,492 [grpc-default-executor-1] WARN  server.GrpcClientProtocolService (LogUtils.java:warn(122)) - 1-UnorderedRequestStreamObserver1: onError: org.apache.ratis.thirdparty.io.grpc.StatusRuntimeException: CANCELLED: client cancelled
2022-06-24 23:46:57,507 [ForkJoinPool.commonPool-worker-1] INFO  server.GrpcService (GrpcService.java:closeImpl(278)) - c8d3b1b7-e2cb-467c-92f2-e834465c7bf5: shutdown server with port 45959 successfully
2022-06-24 23:46:57,531 [org.apache.ratis.util.JvmPauseMonitor$$Lambda$627/395666382@4f8587ee] INFO  util.JvmPauseMonitor (JvmPauseMonitor.java:run(109)) - JvmPauseMonitor-c8d3b1b7-e2cb-467c-92f2-e834465c7bf5: Stopped
2022-06-24 23:46:59,554 [ForkJoinPool.commonPool-worker-1] INFO  utils.BackgroundService (BackgroundService.java:shutdown(132)) - Shutting down service BlockDeletingService
2022-06-24 23:46:59,565 [Listener at 127.0.0.1/34097] INFO  utils.BackgroundService (BackgroundService.java:shutdown(132)) - Shutting down service BlockDeletingService
2022-06-24 23:47:02,556 [ForkJoinPool.commonPool-worker-1] INFO  statemachine.DatanodeStateMachine (DatanodeStateMachine.java:stopDaemon(580)) - Ozone container server stopped.
2022-06-24 23:47:02,567 [Listener at 127.0.0.1/34097] INFO  statemachine.DatanodeStateMachine (DatanodeStateMachine.java:stopDaemon(580)) - Ozone container server stopped.
2022-06-24 23:47:02,582 [Listener at 127.0.0.1/34097] INFO  handler.ContextHandler (ContextHandler.java:doStop(1153)) - Stopped o.e.j.w.WebAppContext@7d3304f0{hddsDatanode,/,null,STOPPED}{jar:file:/home/runner/.m2/repository/org/apache/ozone/hdds-container-service/1.3.0-SNAPSHOT/hdds-container-service-1.3.0-SNAPSHOT.jar!/webapps/hddsDatanode}
2022-06-24 23:47:02,607 [ForkJoinPool.commonPool-worker-1] INFO  handler.ContextHandler (ContextHandler.java:doStop(1153)) - Stopped o.e.j.w.WebAppContext@3d52a67f{hddsDatanode,/,null,STOPPED}{jar:file:/home/runner/.m2/repository/org/apache/ozone/hdds-container-service/1.3.0-SNAPSHOT/hdds-container-service-1.3.0-SNAPSHOT.jar!/webapps/hddsDatanode}
2022-06-24 23:47:02,610 [Listener at 127.0.0.1/34097] INFO  server.AbstractConnector (AbstractConnector.java:doStop(381)) - Stopped ServerConnector@57ac128c{HTTP/1.1, (http/1.1)}{0.0.0.0:0}
2022-06-24 23:47:02,610 [Listener at 127.0.0.1/34097] INFO  server.session (HouseKeeper.java:stopScavenging(149)) - node0 Stopped scavenging
2022-06-24 23:47:02,610 [Listener at 127.0.0.1/34097] INFO  handler.ContextHandler (ContextHandler.java:doStop(1153)) - Stopped o.e.j.s.ServletContextHandler@2d55df70{static,/static,jar:file:/home/runner/.m2/repository/org/apache/ozone/hdds-container-service/1.3.0-SNAPSHOT/hdds-container-service-1.3.0-SNAPSHOT.jar!/webapps/static,STOPPED}
2022-06-24 23:47:02,611 [Listener at 127.0.0.1/34097] INFO  handler.ContextHandler (ContextHandler.java:doStop(1153)) - Stopped o.e.j.s.ServletContextHandler@7fea956b{logs,/logs,file:///home/runner/work/ozone/ozone/hadoop-ozone/integration-test/target/log,STOPPED}
2022-06-24 23:47:02,611 [ForkJoinPool.commonPool-worker-1] INFO  server.AbstractConnector (AbstractConnector.java:doStop(381)) - Stopped ServerConnector@6540b81e{HTTP/1.1, (http/1.1)}{0.0.0.0:0}
2022-06-24 23:47:02,611 [ForkJoinPool.commonPool-worker-1] INFO  server.session (HouseKeeper.java:stopScavenging(149)) - node0 Stopped scavenging
2022-06-24 23:47:02,615 [ForkJoinPool.commonPool-worker-1] INFO  handler.ContextHandler (ContextHandler.java:doStop(1153)) - Stopped o.e.j.s.ServletContextHandler@332b8c77{static,/static,jar:file:/home/runner/.m2/repository/org/apache/ozone/hdds-container-service/1.3.0-SNAPSHOT/hdds-container-service-1.3.0-SNAPSHOT.jar!/webapps/static,STOPPED}
2022-06-24 23:47:02,615 [ForkJoinPool.commonPool-worker-1] INFO  handler.ContextHandler (ContextHandler.java:doStop(1153)) - Stopped o.e.j.s.ServletContextHandler@1701be39{logs,/logs,file:///home/runner/work/ozone/ozone/hadoop-ozone/integration-test/target/log,STOPPED}
2022-06-24 23:47:07,623 [ForkJoinPool.commonPool-worker-1] INFO  ozoneimpl.OzoneContainer (OzoneContainer.java:stop(365)) - Attempting to stop container services.
2022-06-24 23:47:07,624 [ForkJoinPool.commonPool-worker-1] INFO  server.RaftServer (RaftServerProxy.java:lambda$close$7(398)) - aa2ccac3-0f7f-4c15-9b2c-c814dca127e1: close
2022-06-24 23:47:07,624 [ForkJoinPool.commonPool-worker-1] INFO  server.RaftServer$Division (RaftServerImpl.java:lambda$close$4(434)) - aa2ccac3-0f7f-4c15-9b2c-c814dca127e1@group-5AD547B25BBC: shutdown
2022-06-24 23:47:07,624 [ForkJoinPool.commonPool-worker-1] INFO  util.JmxRegister (JmxRegister.java:unregister(73)) - Successfully un-registered JMX Bean with object name Ratis:service=RaftServer,group=group-5AD547B25BBC,id=aa2ccac3-0f7f-4c15-9b2c-c814dca127e1
2022-06-24 23:47:07,624 [ForkJoinPool.commonPool-worker-1] INFO  impl.RoleInfo (RoleInfo.java:shutdownLeaderState(93)) - aa2ccac3-0f7f-4c15-9b2c-c814dca127e1: shutdown aa2ccac3-0f7f-4c15-9b2c-c814dca127e1@group-5AD547B25BBC-LeaderStateImpl
2022-06-24 23:47:07,624 [ForkJoinPool.commonPool-worker-1] INFO  impl.PendingRequests (PendingRequests.java:sendNotLeaderResponses(282)) - aa2ccac3-0f7f-4c15-9b2c-c814dca127e1@group-5AD547B25BBC-PendingRequests: sendNotLeaderResponses
2022-06-24 23:47:07,625 [ForkJoinPool.commonPool-worker-1] INFO  impl.StateMachineUpdater (StateMachineUpdater.java:stopAndJoin(153)) - aa2ccac3-0f7f-4c15-9b2c-c814dca127e1@group-5AD547B25BBC-StateMachineUpdater: set stopIndex = 0
2022-06-24 23:47:07,628 [aa2ccac3-0f7f-4c15-9b2c-c814dca127e1@group-5AD547B25BBC-StateMachineUpdater] INFO  ratis.ContainerStateMachine (ContainerStateMachine.java:takeSnapshot(304)) - group-5AD547B25BBC: Taking a snapshot at:(t:1, i:0) file /home/runner/work/ozone/ozone/hadoop-ozone/integration-test/target/test-dir/MiniOzoneClusterImpl-1c97b964-6e84-44a1-9571-366444e105f6/datanode-3/data/ratis/8982bc99-82ef-4920-9d7b-5ad547b25bbc/sm/snapshot.1_0
2022-06-24 23:47:07,636 [aa2ccac3-0f7f-4c15-9b2c-c814dca127e1@group-5AD547B25BBC-StateMachineUpdater] INFO  ratis.ContainerStateMachine (ContainerStateMachine.java:takeSnapshot(315)) - group-5AD547B25BBC: Finished taking a snapshot at:(t:1, i:0) file:/home/runner/work/ozone/ozone/hadoop-ozone/integration-test/target/test-dir/MiniOzoneClusterImpl-1c97b964-6e84-44a1-9571-366444e105f6/datanode-3/data/ratis/8982bc99-82ef-4920-9d7b-5ad547b25bbc/sm/snapshot.1_0 took: 9 ms
2022-06-24 23:47:07,637 [aa2ccac3-0f7f-4c15-9b2c-c814dca127e1@group-5AD547B25BBC-StateMachineUpdater] INFO  impl.StateMachineUpdater (StateMachineUpdater.java:takeSnapshot(287)) - aa2ccac3-0f7f-4c15-9b2c-c814dca127e1@group-5AD547B25BBC-StateMachineUpdater: Took a snapshot at index 0
2022-06-24 23:47:07,637 [aa2ccac3-0f7f-4c15-9b2c-c814dca127e1@group-5AD547B25BBC-StateMachineUpdater] INFO  impl.StateMachineUpdater (StateMachineUpdater.java:lambda$new$0(92)) - aa2ccac3-0f7f-4c15-9b2c-c814dca127e1@group-5AD547B25BBC-StateMachineUpdater: snapshotIndex: updateIncreasingly -1 -> 0
2022-06-24 23:47:07,637 [ForkJoinPool.commonPool-worker-1] INFO  server.RaftServer$Division (ServerState.java:close(429)) - aa2ccac3-0f7f-4c15-9b2c-c814dca127e1@group-5AD547B25BBC: closes. applyIndex: 0
2022-06-24 23:47:07,637 [aa2ccac3-0f7f-4c15-9b2c-c814dca127e1@group-5AD547B25BBC-SegmentedRaftLogWorker] INFO  segmented.SegmentedRaftLogWorker (SegmentedRaftLogWorker.java:run(336)) - aa2ccac3-0f7f-4c15-9b2c-c814dca127e1@group-5AD547B25BBC-SegmentedRaftLogWorker was interrupted, exiting. There are 0 tasks remaining in the queue.
2022-06-24 23:47:07,637 [ForkJoinPool.commonPool-worker-1] INFO  segmented.SegmentedRaftLogWorker (SegmentedRaftLogWorker.java:close(246)) - aa2ccac3-0f7f-4c15-9b2c-c814dca127e1@group-5AD547B25BBC-SegmentedRaftLogWorker close()
2022-06-24 23:47:07,637 [ForkJoinPool.commonPool-worker-1] INFO  server.GrpcService (GrpcService.java:closeImpl(269)) - aa2ccac3-0f7f-4c15-9b2c-c814dca127e1: shutdown server with port 36121 now
2022-06-24 23:47:07,651 [ForkJoinPool.commonPool-worker-1] INFO  server.GrpcService (GrpcService.java:closeImpl(278)) - aa2ccac3-0f7f-4c15-9b2c-c814dca127e1: shutdown server with port 36121 successfully
2022-06-24 23:47:07,651 [org.apache.ratis.util.JvmPauseMonitor$$Lambda$627/395666382@699d3147] INFO  util.JvmPauseMonitor (JvmPauseMonitor.java:run(109)) - JvmPauseMonitor-aa2ccac3-0f7f-4c15-9b2c-c814dca127e1: Stopped
2022-06-24 23:47:09,695 [ForkJoinPool.commonPool-worker-1] INFO  utils.BackgroundService (BackgroundService.java:shutdown(132)) - Shutting down service BlockDeletingService
2022-06-24 23:47:12,707 [ForkJoinPool.commonPool-worker-1] INFO  statemachine.DatanodeStateMachine (DatanodeStateMachine.java:stopDaemon(580)) - Ozone container server stopped.
2022-06-24 23:47:12,731 [ForkJoinPool.commonPool-worker-1] INFO  handler.ContextHandler (ContextHandler.java:doStop(1153)) - Stopped o.e.j.w.WebAppContext@440086{hddsDatanode,/,null,STOPPED}{jar:file:/home/runner/.m2/repository/org/apache/ozone/hdds-container-service/1.3.0-SNAPSHOT/hdds-container-service-1.3.0-SNAPSHOT.jar!/webapps/hddsDatanode}
2022-06-24 23:47:12,734 [ForkJoinPool.commonPool-worker-1] INFO  server.AbstractConnector (AbstractConnector.java:doStop(381)) - Stopped ServerConnector@70116a3{HTTP/1.1, (http/1.1)}{0.0.0.0:0}
2022-06-24 23:47:12,734 [ForkJoinPool.commonPool-worker-1] INFO  server.session (HouseKeeper.java:stopScavenging(149)) - node0 Stopped scavenging
2022-06-24 23:47:12,745 [ForkJoinPool.commonPool-worker-1] INFO  handler.ContextHandler (ContextHandler.java:doStop(1153)) - Stopped o.e.j.s.ServletContextHandler@5caebb63{static,/static,jar:file:/home/runner/.m2/repository/org/apache/ozone/hdds-container-service/1.3.0-SNAPSHOT/hdds-container-service-1.3.0-SNAPSHOT.jar!/webapps/static,STOPPED}
2022-06-24 23:47:12,761 [ForkJoinPool.commonPool-worker-1] INFO  handler.ContextHandler (ContextHandler.java:doStop(1153)) - Stopped o.e.j.s.ServletContextHandler@25a5a278{logs,/logs,file:///home/runner/work/ozone/ozone/hadoop-ozone/integration-test/target/log,STOPPED}
2022-06-24 23:47:12,762 [Listener at 127.0.0.1/34097] INFO  ozone.MiniOzoneClusterImpl (MiniOzoneClusterImpl.java:stopSCM(549)) - Stopping the StorageContainerManager
2022-06-24 23:47:12,762 [Listener at 127.0.0.1/34097] INFO  server.StorageContainerManager (StorageContainerManager.java:stop(1510)) - Container Balancer is not running.
2022-06-24 23:47:12,762 [Listener at 127.0.0.1/34097] INFO  server.StorageContainerManager (StorageContainerManager.java:stop(1517)) - Stopping Replication Manager Service.
2022-06-24 23:47:12,763 [Listener at 127.0.0.1/34097] INFO  replication.ReplicationManager (ReplicationManager.java:stop(212)) - Stopping Replication Monitor Thread.
2022-06-24 23:47:12,763 [Listener at 127.0.0.1/34097] INFO  server.StorageContainerManager (StorageContainerManager.java:stop(1524)) - Stopping the Datanode Admin Monitor.
2022-06-24 23:47:12,763 [Listener at 127.0.0.1/34097] INFO  server.StorageContainerManager (StorageContainerManager.java:stop(1531)) - Stopping Lease Manager of the command watchers
2022-06-24 23:47:12,763 [Listener at 127.0.0.1/34097] INFO  server.StorageContainerManager (StorageContainerManager.java:stop(1538)) - Stopping datanode service RPC server
2022-06-24 23:47:12,763 [Listener at 127.0.0.1/34097] INFO  server.SCMDatanodeProtocolServer (SCMDatanodeProtocolServer.java:stop(408)) - Stopping the RPC server for DataNodes
2022-06-24 23:47:12,763 [Listener at 127.0.0.1/34097] INFO  ipc.Server (Server.java:stop(3414)) - Stopping server on 44953
2022-06-24 23:47:12,763 [ReplicationMonitor] INFO  replication.ReplicationManager (ReplicationManager.java:run(270)) - Replication Monitor Thread is stopped
2022-06-24 23:47:12,767 [IPC Server listener on 0] INFO  ipc.Server (Server.java:run(1376)) - Stopping IPC Server listener on 0
2022-06-24 23:47:12,767 [IPC Server Responder] INFO  ipc.Server (Server.java:run(1512)) - Stopping IPC Server Responder
2022-06-24 23:47:12,856 [SCM Heartbeat Processing Thread - 0] WARN  node.NodeStateManager (NodeStateManager.java:scheduleNextHealthCheck(870)) - Current Thread is interrupted, shutting down HB processing thread for Node Manager.
2022-06-24 23:47:12,858 [Listener at 127.0.0.1/34097] INFO  server.StorageContainerManager (StorageContainerManager.java:stop(1546)) - Stopping block service RPC server
2022-06-24 23:47:12,858 [Listener at 127.0.0.1/34097] INFO  server.SCMBlockProtocolServer (SCMBlockProtocolServer.java:stop(160)) - Stopping the RPC server for Block Protocol
2022-06-24 23:47:12,858 [Listener at 127.0.0.1/34097] INFO  ipc.Server (Server.java:stop(3414)) - Stopping server on 40687
2022-06-24 23:47:12,873 [IPC Server listener on 0] INFO  ipc.Server (Server.java:run(1376)) - Stopping IPC Server listener on 0
2022-06-24 23:47:12,899 [Listener at 127.0.0.1/34097] INFO  server.StorageContainerManager (StorageContainerManager.java:stop(1553)) - Stopping the StorageContainerLocationProtocol RPC server
2022-06-24 23:47:12,899 [Listener at 127.0.0.1/34097] INFO  server.SCMClientProtocolServer (SCMClientProtocolServer.java:stop(178)) - Stopping the RPC server for Client Protocol
2022-06-24 23:47:12,899 [Listener at 127.0.0.1/34097] INFO  ipc.Server (Server.java:stop(3414)) - Stopping server on 33935
2022-06-24 23:47:12,899 [IPC Server Responder] INFO  ipc.Server (Server.java:run(1512)) - Stopping IPC Server Responder
2022-06-24 23:47:12,903 [IPC Server Responder] INFO  ipc.Server (Server.java:run(1512)) - Stopping IPC Server Responder
2022-06-24 23:47:12,903 [Listener at 127.0.0.1/34097] INFO  server.StorageContainerManager (StorageContainerManager.java:stop(1560)) - Stopping Storage Container Manager HTTP server.
2022-06-24 23:47:12,904 [Listener at 127.0.0.1/34097] INFO  handler.ContextHandler (ContextHandler.java:doStop(1153)) - Stopped o.e.j.w.WebAppContext@6cf1b064{scm,/,null,STOPPED}{file:/home/runner/work/ozone/ozone/hadoop-ozone/integration-test/target/test-classes/webapps/scm}
2022-06-24 23:47:12,904 [IPC Server listener on 0] INFO  ipc.Server (Server.java:run(1376)) - Stopping IPC Server listener on 0
2022-06-24 23:47:12,905 [Listener at 127.0.0.1/34097] INFO  server.AbstractConnector (AbstractConnector.java:doStop(381)) - Stopped ServerConnector@750ff293{HTTP/1.1, (http/1.1)}{0.0.0.0:0}
2022-06-24 23:47:12,905 [Listener at 127.0.0.1/34097] INFO  server.session (HouseKeeper.java:stopScavenging(149)) - node0 Stopped scavenging
2022-06-24 23:47:12,905 [Listener at 127.0.0.1/34097] INFO  handler.ContextHandler (ContextHandler.java:doStop(1153)) - Stopped o.e.j.s.ServletContextHandler@6968c139{static,/static,file:///home/runner/work/ozone/ozone/hadoop-ozone/integration-test/target/test-classes/webapps/static,STOPPED}
2022-06-24 23:47:12,905 [Listener at 127.0.0.1/34097] INFO  handler.ContextHandler (ContextHandler.java:doStop(1153)) - Stopped o.e.j.s.ServletContextHandler@74394ad4{logs,/logs,file:///home/runner/work/ozone/ozone/hadoop-ozone/integration-test/target/log,STOPPED}
2022-06-24 23:47:12,927 [Listener at 127.0.0.1/34097] INFO  server.StorageContainerManager (StorageContainerManager.java:stop(1571)) - Stopping Block Manager Service.
2022-06-24 23:47:12,927 [Listener at 127.0.0.1/34097] INFO  utils.BackgroundService (BackgroundService.java:shutdown(132)) - Shutting down service SCMBlockDeletingService
2022-06-24 23:47:12,927 [Listener at 127.0.0.1/34097] INFO  utils.BackgroundService (BackgroundService.java:shutdown(132)) - Shutting down service SCMBlockDeletingService
2022-06-24 23:47:12,927 [Listener at 127.0.0.1/34097] INFO  server.StorageContainerManager (StorageContainerManager.java:stop(1598)) - Stopping SCM Event Queue.
2022-06-24 23:47:12,928 [Listener at 127.0.0.1/34097] INFO  server.StorageContainerManager (StorageContainerManager.java:stop(1609)) - Stopping SCM HA services.
2022-06-24 23:47:12,928 [Listener at 127.0.0.1/34097] INFO  pipeline.BackgroundPipelineCreator (BackgroundPipelineCreator.java:stop(152)) - Stopping RatisPipelineUtilsThread.
2022-06-24 23:47:12,928 [RatisPipelineUtilsThread - 0] WARN  pipeline.BackgroundPipelineCreator (BackgroundPipelineCreator.java:run(179)) - RatisPipelineUtilsThread is interrupted.
2022-06-24 23:47:12,936 [Listener at 127.0.0.1/34097] INFO  BackgroundPipelineScrubber (BackgroundSCMService.java:stop(126)) - Stopping BackgroundPipelineScrubber Service.
2022-06-24 23:47:12,936 [Listener at 127.0.0.1/34097] INFO  server.StorageContainerManager (StorageContainerManager.java:stop(1619)) - Stopping SCM MetadataStore.
2022-06-24 23:47:12,937 [BackgroundPipelineScrubberThread] WARN  BackgroundPipelineScrubber (BackgroundSCMService.java:run(110)) - BackgroundPipelineScrubber is interrupted, exit
2022-06-24 23:47:12,938 [Listener at 127.0.0.1/34097] INFO  impl.MetricsSystemImpl (MetricsSystemImpl.java:stop(210)) - Stopping HddsDatanode metrics system...
2022-06-24 23:47:12,957 [prometheus] INFO  impl.MetricsSinkAdapter (MetricsSinkAdapter.java:publishMetricsFromQueue(141)) - prometheus thread interrupted.
2022-06-24 23:47:12,957 [Listener at 127.0.0.1/34097] INFO  impl.MetricsSystemImpl (MetricsSystemImpl.java:stop(216)) - HddsDatanode metrics system stopped.
2022-06-24 23:47:13,174 [Listener at 127.0.0.1/34097] WARN  server.ServerUtils (ServerUtils.java:getScmDbDir(148)) - ozone.scm.db.dirs is not configured. We recommend adding this setting. Falling back to ozone.metadata.dirs instead.
2022-06-24 23:47:13,184 [Listener at 127.0.0.1/34097] WARN  server.ServerUtils (ServerUtils.java:getScmDbDir(148)) - ozone.scm.db.dirs is not configured. We recommend adding this setting. Falling back to ozone.metadata.dirs instead.
2022-06-24 23:47:13,184 [Listener at 127.0.0.1/34097] INFO  ha.SCMHANodeDetails (SCMHANodeDetails.java:loadSCMHAConfig(209)) - ServiceID for StorageContainerManager is null
2022-06-24 23:47:13,184 [Listener at 127.0.0.1/34097] INFO  ha.SCMHANodeDetails (SCMHANodeDetails.java:loadSCMHAConfig(214)) - ozone.scm.default.service.id is not defined, falling back to ozone.scm.service.ids to find serviceID for StorageContainerManager if it is HA enabled cluster
2022-06-24 23:47:13,185 [Listener at 127.0.0.1/34097] WARN  utils.HAUtils (HAUtils.java:getMetaDir(342)) - ozone.scm.db.dirs is not configured. We recommend adding this setting. Falling back to ozone.metadata.dirs instead.
2022-06-24 23:47:13,186 [Listener at 127.0.0.1/34097] WARN  db.DBStoreBuilder (DBStoreBuilder.java:applyDBDefinition(145)) - ozone.scm.db.dirs is not configured. We recommend adding this setting. Falling back to ozone.metadata.dirs instead.
2022-06-24 23:47:13,535 [Listener at 127.0.0.1/34097] INFO  net.NodeSchemaLoader (NodeSchemaLoader.java:loadSchemaFromFile(129)) - Loading schema from [jar:file:/home/runner/.m2/repository/org/apache/ozone/hdds-common/1.3.0-SNAPSHOT/hdds-common-1.3.0-SNAPSHOT.jar!/network-topology-default.xml]
2022-06-24 23:47:13,535 [Listener at 127.0.0.1/34097] INFO  net.NodeSchemaLoader (NodeSchemaLoader.java:loadSchema(176)) - Loading network topology layer schema file
2022-06-24 23:47:13,537 [Listener at 127.0.0.1/34097] INFO  upgrade.AbstractLayoutVersionManager (AbstractLayoutVersionManager.java:init(82)) - Initializing Layout version manager with metadata layout = DATANODE_SCHEMA_V3 (version = 4), software layout = DATANODE_SCHEMA_V3 (version = 4)
2022-06-24 23:47:13,614 [Listener at 127.0.0.1/34097] INFO  reflections.Reflections (Reflections.java:scan(232)) - Reflections took 75 ms to scan 7 urls, producing 131 keys and 316 values 
2022-06-24 23:47:13,616 [Listener at 127.0.0.1/34097] INFO  ha.SequenceIdGenerator (SequenceIdGenerator.java:upgradeToSequenceId(347)) - upgrade localId to 109611004723200000
2022-06-24 23:47:13,616 [Listener at 127.0.0.1/34097] INFO  ha.SequenceIdGenerator (SequenceIdGenerator.java:upgradeToSequenceId(357)) - upgrade delTxnId to 0
2022-06-24 23:47:13,616 [Listener at 127.0.0.1/34097] INFO  ha.SequenceIdGenerator (SequenceIdGenerator.java:upgradeToSequenceId(374)) - upgrade containerId to 0
2022-06-24 23:47:13,616 [Listener at 127.0.0.1/34097] INFO  ha.SequenceIdGenerator (SequenceIdGenerator.java:<init>(218)) - Init the HA SequenceIdGenerator.
2022-06-24 23:47:13,617 [Listener at 127.0.0.1/34097] WARN  server.ServerUtils (ServerUtils.java:sanitizeUserArgs(73)) - ozone.scm.stale.node.interval value = 300000 is larger than max = 100000 based on the key value of ozone.scm.heartbeat.thread.interval, reset to the max value 100000.
2022-06-24 23:47:13,617 [Listener at 127.0.0.1/34097] WARN  server.ServerUtils (ServerUtils.java:sanitizeUserArgs(73)) - ozone.scm.stale.node.interval value = 300000 is larger than max = 100000 based on the key value of ozone.scm.heartbeat.thread.interval, reset to the max value 100000.
2022-06-24 23:47:13,617 [Listener at 127.0.0.1/34097] INFO  node.SCMNodeManager (SCMNodeManager.java:<init>(149)) - Entering startup safe mode.
2022-06-24 23:47:13,618 [Listener at 127.0.0.1/34097] INFO  algorithms.ContainerPlacementPolicyFactory (ContainerPlacementPolicyFactory.java:getPolicyInternal(86)) - Create container placement policy of type org.apache.hadoop.hdds.scm.container.placement.algorithms.SCMContainerPlacementRandom
2022-06-24 23:47:13,618 [Listener at 127.0.0.1/34097] INFO  pipeline.PipelineStateManagerImpl (PipelineStateManagerImpl.java:initialize(78)) - No pipeline exists in current db
2022-06-24 23:47:13,618 [Listener at 127.0.0.1/34097] INFO  algorithms.LeaderChoosePolicyFactory (LeaderChoosePolicyFactory.java:getPolicy(57)) - Create leader choose policy of type org.apache.hadoop.hdds.scm.pipeline.leader.choose.algorithms.MinLeaderCountChoosePolicy
2022-06-24 23:47:13,618 [Listener at 127.0.0.1/34097] INFO  algorithms.ContainerPlacementPolicyFactory (ContainerPlacementPolicyFactory.java:getPolicyInternal(86)) - Create container placement policy of type org.apache.hadoop.hdds.scm.container.placement.algorithms.SCMContainerPlacementRackScatter
2022-06-24 23:47:13,618 [Listener at 127.0.0.1/34097] INFO  pipeline.BackgroundPipelineCreator (BackgroundPipelineCreator.java:start(127)) - Starting RatisPipelineUtilsThread.
2022-06-24 23:47:13,619 [Listener at 127.0.0.1/34097] INFO  BackgroundPipelineScrubber (BackgroundSCMService.java:start(68)) - Starting BackgroundPipelineScrubber Service.
2022-06-24 23:47:13,651 [Listener at 127.0.0.1/34097] INFO  ha.SCMServiceManager (SCMServiceManager.java:register(42)) - Registering service BackgroundPipelineCreator.
2022-06-24 23:47:13,651 [Listener at 127.0.0.1/34097] INFO  ha.SCMServiceManager (SCMServiceManager.java:register(42)) - Registering service BackgroundPipelineScrubber.
2022-06-24 23:47:13,651 [Listener at 127.0.0.1/34097] INFO  ExpiredContainerReplicaOpScrubber (BackgroundSCMService.java:start(68)) - Starting ExpiredContainerReplicaOpScrubber Service.
2022-06-24 23:47:13,655 [Listener at 127.0.0.1/34097] INFO  ha.SCMServiceManager (SCMServiceManager.java:register(42)) - Registering service ExpiredContainerReplicaOpScrubber.
2022-06-24 23:47:13,656 [Listener at 127.0.0.1/34097] INFO  algorithms.PipelineChoosePolicyFactory (PipelineChoosePolicyFactory.java:createPipelineChoosePolicyFromClass(73)) - Create pipeline choose policy of type org.apache.hadoop.hdds.scm.pipeline.choose.algorithms.RandomPipelineChoosePolicy
2022-06-24 23:47:13,657 [Listener at 127.0.0.1/34097] INFO  ha.SCMServiceManager (SCMServiceManager.java:register(42)) - Registering service SCMBlockDeletingService.
2022-06-24 23:47:13,657 [Listener at 127.0.0.1/34097] INFO  ha.SCMServiceManager (SCMServiceManager.java:register(42)) - Registering service ReplicationManager.
2022-06-24 23:47:13,657 [Listener at 127.0.0.1/34097] INFO  replication.ReplicationManager (ReplicationManager.java:start(179)) - Starting Replication Monitor Thread.
2022-06-24 23:47:13,661 [Listener at 127.0.0.1/34097] INFO  safemode.ContainerSafeModeRule (ContainerSafeModeRule.java:<init>(89)) - containers with one replica threshold count 0
2022-06-24 23:47:13,662 [Listener at 127.0.0.1/34097] INFO  safemode.HealthyPipelineSafeModeRule (HealthyPipelineSafeModeRule.java:initializeRule(156)) - Total pipeline count is 0, healthy pipeline threshold count is 1
2022-06-24 23:47:13,662 [Listener at 127.0.0.1/34097] INFO  safemode.OneReplicaPipelineSafeModeRule (OneReplicaPipelineSafeModeRule.java:initializeRule(180)) - Total pipeline count is 0, pipeline's with at least one datanode reported threshold count is 0
2022-06-24 23:47:13,664 [Listener at 127.0.0.1/34097] INFO  ipc.CallQueueManager (CallQueueManager.java:<init>(90)) - Using callQueue: class java.util.concurrent.LinkedBlockingQueue, queueCapacity: 2000, scheduler: class org.apache.hadoop.ipc.DefaultRpcScheduler, ipcBackoff: false.
2022-06-24 23:47:13,665 [Socket Reader #1 for port 0] INFO  ipc.Server (Server.java:run(1265)) - Starting Socket Reader #1 for port 0
2022-06-24 23:47:13,665 [Listener at 0.0.0.0/41993] INFO  ipc.CallQueueManager (CallQueueManager.java:<init>(90)) - Using callQueue: class java.util.concurrent.LinkedBlockingQueue, queueCapacity: 2000, scheduler: class org.apache.hadoop.ipc.DefaultRpcScheduler, ipcBackoff: false.
2022-06-24 23:47:13,666 [Socket Reader #1 for port 0] INFO  ipc.Server (Server.java:run(1265)) - Starting Socket Reader #1 for port 0
2022-06-24 23:47:13,666 [Listener at 0.0.0.0/35985] INFO  ipc.CallQueueManager (CallQueueManager.java:<init>(90)) - Using callQueue: class java.util.concurrent.LinkedBlockingQueue, queueCapacity: 2000, scheduler: class org.apache.hadoop.ipc.DefaultRpcScheduler, ipcBackoff: false.
2022-06-24 23:47:13,667 [Socket Reader #1 for port 0] INFO  ipc.Server (Server.java:run(1265)) - Starting Socket Reader #1 for port 0
2022-06-24 23:47:13,676 [ReplicationMonitor] INFO  replication.ReplicationManager (ReplicationManager.java:processAll(228)) - Replication Manager is not ready to run until 3000ms after safemode exit
2022-06-24 23:47:13,706 [Listener at 0.0.0.0/40713] INFO  ha.SCMServiceManager (SCMServiceManager.java:register(42)) - Registering service ContainerBalancer.
2022-06-24 23:47:13,706 [Listener at 0.0.0.0/40713] INFO  server.StorageContainerManager (StorageContainerManager.java:<init>(400)) - 
Container Balancer status:
Key                            Value
Running                        false
Container Balancer Configuration values:
Key                                                Value
Threshold                                          10
Max Datanodes to Involve per Iteration(percent)    20
Max Size to Move per Iteration                     500GB
Max Size Entering Target per Iteration             26GB
Max Size Leaving Source per Iteration              26GB

2022-06-24 23:47:13,707 [Listener at 0.0.0.0/40713] WARN  events.EventQueue (EventQueue.java:fireEvent(216)) - No event handler registered for event TypedEvent{payloadType=SafeModeStatus, name='Safe mode status'}
2022-06-24 23:47:13,707 [Listener at 0.0.0.0/40713] INFO  ha.SCMContext (SCMContext.java:updateSafeModeStatus(228)) - Update SafeModeStatus from SafeModeStatus{safeModeStatus=true, preCheckPassed=false} to SafeModeStatus{safeModeStatus=true, preCheckPassed=false}.
2022-06-24 23:47:13,751 [Listener at 0.0.0.0/40713] INFO  server.StorageContainerManager (StorageContainerManager.java:start(1418)) - StorageContainerLocationProtocol RPC server is listening at /0.0.0.0:40713
2022-06-24 23:47:13,753 [Listener at 0.0.0.0/40713] WARN  impl.MetricsConfig (MetricsConfig.java:loadFirst(136)) - Cannot locate configuration: tried hadoop-metrics2-storagecontainermanager.properties,hadoop-metrics2.properties
2022-06-24 23:47:13,759 [Listener at 0.0.0.0/40713] INFO  impl.MetricsSystemImpl (MetricsSystemImpl.java:startTimer(378)) - Scheduled Metric snapshot period at 10 second(s).
2022-06-24 23:47:13,759 [Listener at 0.0.0.0/40713] INFO  impl.MetricsSystemImpl (MetricsSystemImpl.java:start(191)) - StorageContainerManager metrics system started
2022-06-24 23:47:13,825 [Listener at 0.0.0.0/40713] INFO  impl.MetricsSinkAdapter (MetricsSinkAdapter.java:start(204)) - Sink prometheus started
2022-06-24 23:47:13,825 [Listener at 0.0.0.0/40713] INFO  impl.MetricsSystemImpl (MetricsSystemImpl.java:registerSink(305)) - Registered sink prometheus
2022-06-24 23:47:13,911 [Listener at 0.0.0.0/40713] INFO  server.SCMClientProtocolServer (SCMClientProtocolServer.java:start(169)) - RPC server for Client  is listening at /0.0.0.0:40713
2022-06-24 23:47:13,926 [IPC Server Responder] INFO  ipc.Server (Server.java:run(1507)) - IPC Server Responder: starting
2022-06-24 23:47:13,930 [IPC Server listener on 0] INFO  ipc.Server (Server.java:run(1344)) - IPC Server listener on 0: starting
2022-06-24 23:47:13,978 [Listener at 0.0.0.0/40713] INFO  server.StorageContainerManager (StorageContainerManager.java:start(1433)) - ScmBlockLocationProtocol RPC server is listening at /0.0.0.0:35985
2022-06-24 23:47:13,979 [Listener at 0.0.0.0/40713] INFO  server.SCMBlockProtocolServer (SCMBlockProtocolServer.java:start(151)) - RPC server for Block Protocol is listening at /0.0.0.0:35985
2022-06-24 23:47:13,979 [IPC Server Responder] INFO  ipc.Server (Server.java:run(1507)) - IPC Server Responder: starting
2022-06-24 23:47:13,990 [IPC Server listener on 0] INFO  ipc.Server (Server.java:run(1344)) - IPC Server listener on 0: starting
2022-06-24 23:47:14,066 [Listener at 0.0.0.0/40713] INFO  server.SCMDatanodeProtocolServer (SCMDatanodeProtocolServer.java:start(185)) - ScmDatanodeProtocol RPC server for DataNodes is listening at /0.0.0.0:41993
2022-06-24 23:47:14,080 [IPC Server Responder] INFO  ipc.Server (Server.java:run(1507)) - IPC Server Responder: starting
2022-06-24 23:47:14,099 [IPC Server listener on 0] INFO  ipc.Server (Server.java:run(1344)) - IPC Server listener on 0: starting
2022-06-24 23:47:14,133 [Listener at 0.0.0.0/40713] INFO  http.BaseHttpServer (BaseHttpServer.java:newHttpServer2BuilderForOzone(209)) - Starting Web-server for scm at: http://0.0.0.0:0
2022-06-24 23:47:14,133 [Listener at 0.0.0.0/40713] INFO  http.BaseHttpServer (BaseHttpServer.java:<init>(107)) - Hadoop Security Enabled: false Ozone Security Enabled: false Ozone HTTP Security Enabled: false 
2022-06-24 23:47:14,145 [org.apache.hadoop.util.JvmPauseMonitor$Monitor@460d42b9] INFO  util.JvmPauseMonitor (JvmPauseMonitor.java:run(188)) - Starting JVM pause monitor
2022-06-24 23:47:14,171 [Listener at 0.0.0.0/40713] INFO  server.AuthenticationFilter (AuthenticationFilter.java:constructSecretProvider(240)) - Unable to initialize FileSignerSecretProvider, falling back to use random secrets.
2022-06-24 23:47:14,188 [Listener at 0.0.0.0/40713] WARN  http.HttpRequestLog (HttpRequestLog.java:getRequestLog(103)) - Jetty request log can only be enabled using Log4j
2022-06-24 23:47:14,189 [Listener at 0.0.0.0/40713] INFO  http.HttpServer2 (HttpServer2.java:addGlobalFilter(1029)) - Added global filter 'safety' (class=org.apache.hadoop.hdds.server.http.HttpServer2$QuotingInputFilter)
2022-06-24 23:47:14,190 [Listener at 0.0.0.0/40713] INFO  http.HttpServer2 (HttpServer2.java:addFilter(1005)) - Added filter static_user_filter (class=org.apache.hadoop.http.lib.StaticUserWebFilter$StaticUserFilter) to context scm
2022-06-24 23:47:14,190 [Listener at 0.0.0.0/40713] INFO  http.HttpServer2 (HttpServer2.java:addFilter(1013)) - Added filter static_user_filter (class=org.apache.hadoop.http.lib.StaticUserWebFilter$StaticUserFilter) to context logs
2022-06-24 23:47:14,190 [Listener at 0.0.0.0/40713] INFO  http.HttpServer2 (HttpServer2.java:addFilter(1013)) - Added filter static_user_filter (class=org.apache.hadoop.http.lib.StaticUserWebFilter$StaticUserFilter) to context static
2022-06-24 23:47:14,190 [Listener at 0.0.0.0/40713] INFO  http.HttpServer2 (HttpServer2.java:bindListener(1248)) - Jetty bound to port 40127
2022-06-24 23:47:14,191 [Listener at 0.0.0.0/40713] INFO  server.Server (Server.java:doStart(375)) - jetty-9.4.43.v20210629; built: 2021-06-30T11:07:22.254Z; git: 526006ecfa3af7f1a27ef3a288e2bef7ea9dd7e8; jvm 1.8.0_332-b09
2022-06-24 23:47:14,192 [Listener at 0.0.0.0/40713] INFO  server.session (DefaultSessionIdManager.java:doStart(334)) - DefaultSessionIdManager workerName=node0
2022-06-24 23:47:14,192 [Listener at 0.0.0.0/40713] INFO  server.session (DefaultSessionIdManager.java:doStart(339)) - No SessionScavenger set, using defaults
2022-06-24 23:47:14,192 [Listener at 0.0.0.0/40713] INFO  server.session (HouseKeeper.java:startScavenging(132)) - node0 Scavenging every 660000ms
2022-06-24 23:47:14,193 [Listener at 0.0.0.0/40713] INFO  handler.ContextHandler (ContextHandler.java:doStart(915)) - Started o.e.j.s.ServletContextHandler@7b9528a7{logs,/logs,file:///home/runner/work/ozone/ozone/hadoop-ozone/integration-test/target/log,AVAILABLE}
2022-06-24 23:47:14,193 [Listener at 0.0.0.0/40713] INFO  handler.ContextHandler (ContextHandler.java:doStart(915)) - Started o.e.j.s.ServletContextHandler@3f17e012{static,/static,file:///home/runner/work/ozone/ozone/hadoop-ozone/integration-test/target/test-classes/webapps/static,AVAILABLE}
2022-06-24 23:47:14,196 [Listener at 0.0.0.0/40713] INFO  handler.ContextHandler (ContextHandler.java:doStart(915)) - Started o.e.j.w.WebAppContext@57c5c818{scm,/,file:///home/runner/work/ozone/ozone/hadoop-ozone/integration-test/target/test-classes/webapps/scm/,AVAILABLE}{file:/home/runner/work/ozone/ozone/hadoop-ozone/integration-test/target/test-classes/webapps/scm}
2022-06-24 23:47:14,215 [Listener at 0.0.0.0/40713] INFO  server.AbstractConnector (AbstractConnector.java:doStart(331)) - Started ServerConnector@5d88617d{HTTP/1.1, (http/1.1)}{0.0.0.0:40127}
2022-06-24 23:47:14,216 [Listener at 0.0.0.0/40713] INFO  server.Server (Server.java:doStart(415)) - Started @147796ms
2022-06-24 23:47:14,216 [Listener at 0.0.0.0/40713] WARN  impl.MetricsSystemImpl (MetricsSystemImpl.java:register(279)) - Sink prometheus already exists!
2022-06-24 23:47:14,217 [Listener at 0.0.0.0/40713] INFO  http.BaseHttpServer (BaseHttpServer.java:updateConnectorAddress(329)) - HTTP server of scm listening at http://0.0.0.0:40127
2022-06-24 23:47:14,217 [Listener at 0.0.0.0/40713] WARN  server.ServerUtils (ServerUtils.java:getDBPath(225)) - ozone.om.db.dirs is not configured. We recommend adding this setting. Falling back to ozone.metadata.dirs instead.
2022-06-24 23:47:14,218 [Listener at 0.0.0.0/40713] INFO  ha.OMHANodeDetails (OMHANodeDetails.java:loadOMHAConfig(115)) - ozone.om.internal.service.id is not defined, falling back to ozone.om.service.ids to find serviceID for OzoneManager if it is HA enabled cluster
2022-06-24 23:47:14,218 [Listener at 0.0.0.0/40713] INFO  ha.OMHANodeDetails (OMHANodeDetails.java:loadOMHAConfig(226)) - Configuration does not have ozone.om.address set. Falling back to the default OM address /127.0.0.1:0
2022-06-24 23:47:14,218 [Listener at 0.0.0.0/40713] INFO  ha.OMHANodeDetails (OMHANodeDetails.java:getOMNodeDetailsForNonHA(254)) - OM Service ID is not set. Setting it to the default ID: omServiceIdDefault
2022-06-24 23:47:14,218 [Listener at 0.0.0.0/40713] INFO  ha.OMHANodeDetails (OMHANodeDetails.java:getOMNodeDetailsForNonHA(261)) - OM Node ID is not set. Setting it to the default ID: om1
2022-06-24 23:47:14,219 [Listener at 0.0.0.0/40713] WARN  server.ServerUtils (ServerUtils.java:getDBPath(225)) - ozone.om.db.dirs is not configured. We recommend adding this setting. Falling back to ozone.metadata.dirs instead.
2022-06-24 23:47:14,219 [Listener at 0.0.0.0/40713] INFO  upgrade.AbstractLayoutVersionManager (AbstractLayoutVersionManager.java:init(82)) - Initializing Layout version manager with metadata layout = MULTITENANCY_SCHEMA (version = 3), software layout = MULTITENANCY_SCHEMA (version = 3)
2022-06-24 23:47:14,373 [Listener at 0.0.0.0/40713] INFO  reflections.Reflections (Reflections.java:scan(232)) - Reflections took 153 ms to scan 2 urls, producing 152 keys and 429 values [using 2 cores]
2022-06-24 23:47:14,374 [Listener at 0.0.0.0/40713] INFO  upgrade.OMLayoutVersionManager (OMLayoutVersionManager.java:lambda$0(115)) - Skipping Upgrade Action MockOmUpgradeAction since it has been finalized.
2022-06-24 23:47:14,374 [Listener at 0.0.0.0/40713] WARN  server.ServerUtils (ServerUtils.java:getDBPath(225)) - ozone.om.db.dirs is not configured. We recommend adding this setting. Falling back to ozone.metadata.dirs instead.
2022-06-24 23:47:14,375 [Listener at 0.0.0.0/40713] INFO  proxy.SCMBlockLocationFailoverProxyProvider (SCMBlockLocationFailoverProxyProvider.java:<init>(114)) - Created block location fail-over proxy with 1 nodes: [nodeId=scmNodeId,nodeAddress=/0.0.0.0:35985]
2022-06-24 23:47:14,376 [Listener at 0.0.0.0/40713] INFO  proxy.SCMBlockLocationFailoverProxyProvider (SCMBlockLocationFailoverProxyProvider.java:<init>(114)) - Created block location fail-over proxy with 1 nodes: [nodeId=scmNodeId,nodeAddress=/0.0.0.0:35985]
2022-06-24 23:47:14,436 [Listener at 0.0.0.0/40713] WARN  server.ServerUtils (ServerUtils.java:getDBPath(225)) - ozone.om.db.dirs is not configured. We recommend adding this setting. Falling back to ozone.metadata.dirs instead.
2022-06-24 23:47:14,436 [Listener at 0.0.0.0/40713] INFO  codec.OmKeyInfoCodec (OmKeyInfoCodec.java:<init>(49)) - OmKeyInfoCodec ignorePipeline = true
2022-06-24 23:47:14,437 [Listener at 0.0.0.0/40713] INFO  codec.RepeatedOmKeyInfoCodec (RepeatedOmKeyInfoCodec.java:<init>(41)) - RepeatedOmKeyInfoCodec ignorePipeline = true
2022-06-24 23:47:14,798 [Listener at 0.0.0.0/40713] INFO  om.OzoneManager (OzoneManager.java:instantiateServices(692)) - S3 Multi-Tenancy is disabled
2022-06-24 23:47:14,799 [Listener at 0.0.0.0/40713] INFO  om.OzoneManager (OzoneManager.java:addS3GVolumeToDB(4259)) - Created Volume s3v With Owner runner required for S3Gateway operations.
2022-06-24 23:47:14,800 [Listener at 0.0.0.0/40713] WARN  server.ServerUtils (ServerUtils.java:getDefaultRatisDirectory(237)) - Storage directory for Ratis is not configured. It is a good idea to map this to an SSD disk. Falling back to ozone.metadata.dirs
2022-06-24 23:47:14,800 [Listener at 0.0.0.0/40713] WARN  utils.OzoneManagerRatisUtils (OzoneManagerRatisUtils.java:getOMRatisSnapshotDirectory(431)) - ozone.om.ratis.snapshot.dir is not configured. Falling back to ozone.metadata.dirs config
2022-06-24 23:47:14,800 [Listener at 0.0.0.0/40713] WARN  server.ServerUtils (ServerUtils.java:getDefaultRatisDirectory(237)) - Storage directory for Ratis is not configured. It is a good idea to map this to an SSD disk. Falling back to ozone.metadata.dirs
2022-06-24 23:47:14,801 [Listener at 0.0.0.0/40713] INFO  ratis.OzoneManagerRatisServer (OzoneManagerRatisServer.java:<init>(159)) - Instantiating OM Ratis server with groupID: omServiceIdDefault and peers: localhost:9872
2022-06-24 23:47:14,802 [Listener at 0.0.0.0/40713] INFO  ratis.OzoneManagerStateMachine (OzoneManagerStateMachine.java:loadSnapshotInfoFromDB(632)) - LastAppliedIndex is set from TransactionInfo from OM DB as (t:0, i:~)
2022-06-24 23:47:14,802 [Listener at 0.0.0.0/40713] INFO  server.RaftServer (ConfUtils.java:logGet(46)) - raft.rpc.type = GRPC (default)
2022-06-24 23:47:14,802 [Listener at 0.0.0.0/40713] INFO  grpc.GrpcFactory (GrpcFactory.java:checkPooledByteBufAllocatorUseCacheForAllThreads(48)) - PERFORMANCE WARNING: useCacheForAllThreads is true that may cause Netty to create a lot garbage objects and, as a result, trigger GC.
	It is recommended to disable useCacheForAllThreads by setting -Dorg.apache.ratis.thirdparty.io.netty.allocator.useCacheForAllThreads=false in command line.
2022-06-24 23:47:14,802 [Listener at 0.0.0.0/40713] INFO  grpc.GrpcConfigKeys (ConfUtils.java:logGet(46)) - raft.grpc.admin.port = -1 (default)
2022-06-24 23:47:14,802 [Listener at 0.0.0.0/40713] INFO  grpc.GrpcConfigKeys (ConfUtils.java:logGet(46)) - raft.grpc.server.port = 9872 (custom)
2022-06-24 23:47:14,802 [Listener at 0.0.0.0/40713] INFO  grpc.GrpcConfigKeys (ConfUtils.java:logGet(46)) - raft.grpc.client.port = -1 (default)
2022-06-24 23:47:14,802 [Listener at 0.0.0.0/40713] INFO  grpc.GrpcConfigKeys (ConfUtils.java:logGet(46)) - raft.grpc.server.port = 9872 (custom)
2022-06-24 23:47:14,803 [Listener at 0.0.0.0/40713] INFO  grpc.GrpcConfigKeys (ConfUtils.java:logGet(46)) - raft.grpc.server.port = 9872 (custom)
2022-06-24 23:47:14,803 [Listener at 0.0.0.0/40713] INFO  server.GrpcService (ConfUtils.java:logGet(46)) - raft.grpc.message.size.max = 33554432 (custom)
2022-06-24 23:47:14,803 [Listener at 0.0.0.0/40713] INFO  server.RaftServerConfigKeys (ConfUtils.java:logGet(46)) - raft.server.log.appender.buffer.byte-limit = 33554432 (custom)
2022-06-24 23:47:14,803 [Listener at 0.0.0.0/40713] INFO  server.GrpcService (ConfUtils.java:logGet(46)) - raft.grpc.flow.control.window = 1MB (=1048576) (default)
2022-06-24 23:47:14,803 [Listener at 0.0.0.0/40713] INFO  server.RaftServerConfigKeys (ConfUtils.java:logGet(46)) - raft.server.rpc.request.timeout = 3000ms (default)
2022-06-24 23:47:14,803 [Listener at 0.0.0.0/40713] INFO  grpc.GrpcConfigKeys (ConfUtils.java:logGet(46)) - raft.grpc.server.async.request.thread.pool.cached = true (default)
2022-06-24 23:47:14,803 [Listener at 0.0.0.0/40713] INFO  grpc.GrpcConfigKeys (ConfUtils.java:logGet(46)) - raft.grpc.server.async.request.thread.pool.size = 32 (default)
2022-06-24 23:47:14,805 [Listener at 0.0.0.0/40713] INFO  impl.DataStreamServerImpl (ConfUtils.java:logGet(46)) - raft.datastream.type = DISABLED (default)
2022-06-24 23:47:14,805 [Listener at 0.0.0.0/40713] INFO  server.RaftServerConfigKeys (ConfUtils.java:logGet(46)) - raft.server.threadpool.proxy.cached = true (default)
2022-06-24 23:47:14,805 [Listener at 0.0.0.0/40713] INFO  server.RaftServerConfigKeys (ConfUtils.java:logGet(46)) - raft.server.threadpool.proxy.size = 0 (default)
2022-06-24 23:47:14,805 [Listener at 0.0.0.0/40713] INFO  server.RaftServerConfigKeys (ConfUtils.java:logGet(46)) - raft.server.rpc.slowness.timeout = 120s (custom)
2022-06-24 23:47:14,805 [Listener at 0.0.0.0/40713] INFO  server.RaftServerConfigKeys (ConfUtils.java:logGet(46)) - raft.server.leaderelection.leader.step-down.wait-time = 10s (default)
2022-06-24 23:47:14,805 [Listener at 0.0.0.0/40713] INFO  server.RaftServerConfigKeys (ConfUtils.java:logGet(46)) - raft.server.storage.dir = [/home/runner/work/ozone/ozone/hadoop-ozone/integration-test/target/test-dir/MiniOzoneClusterImpl-579f371f-51d7-44c0-bf7c-5cb5e6cf7bc4/ozone-meta/ratis] (custom)
2022-06-24 23:47:14,823 [Listener at 0.0.0.0/40713] INFO  server.RaftServer (RaftServerProxy.java:addNew(96)) - om1: addNew group-C5BA1605619E:[om1|rpc:localhost:9872|priority:0] returns group-C5BA1605619E:java.util.concurrent.CompletableFuture@74d9fd6c[Not completed]
2022-06-24 23:47:14,823 [Listener at 0.0.0.0/40713] INFO  om.OzoneManager (OzoneManager.java:initializeRatisServer(1961)) - OzoneManager Ratis server initialized at port 9872
2022-06-24 23:47:14,824 [Listener at 0.0.0.0/40713] INFO  om.OzoneManager (OzoneManager.java:getRpcServer(1081)) - Creating RPC Server
2022-06-24 23:47:14,825 [pool-528-thread-1] INFO  server.RaftServer$Division (RaftServerImpl.java:<init>(190)) - om1: new RaftServerImpl for group-C5BA1605619E:[om1|rpc:localhost:9872|priority:0] with OzoneManagerStateMachine:uninitialized
2022-06-24 23:47:14,826 [pool-528-thread-1] INFO  server.RaftServerConfigKeys (ConfUtils.java:logGet(46)) - raft.server.rpc.timeout.min = 1s (custom)
2022-06-24 23:47:14,826 [pool-528-thread-1] INFO  server.RaftServerConfigKeys (ConfUtils.java:logGet(46)) - raft.server.rpc.timeout.max = 1200ms (custom)
2022-06-24 23:47:14,826 [pool-528-thread-1] INFO  server.RaftServerConfigKeys (ConfUtils.java:logGet(46)) - raft.server.rpc.sleep.time = 25ms (default)
2022-06-24 23:47:14,826 [pool-528-thread-1] INFO  server.RaftServerConfigKeys (ConfUtils.java:logGet(46)) - raft.server.rpc.slowness.timeout = 120s (custom)
2022-06-24 23:47:14,826 [pool-528-thread-1] INFO  server.RaftServerConfigKeys (ConfUtils.java:logGet(46)) - raft.server.leaderelection.leader.step-down.wait-time = 10s (default)
2022-06-24 23:47:14,826 [pool-528-thread-1] INFO  server.RaftServerConfigKeys (ConfUtils.java:logGet(46)) - raft.server.sleep.deviation.threshold = 300ms (default)
2022-06-24 23:47:14,826 [pool-528-thread-1] INFO  server.RaftServer$Division (ServerState.java:<init>(107)) - om1@group-C5BA1605619E: ConfigurationManager, init=-1: [om1|rpc:localhost:9872|priority:0], old=null, confs=<EMPTY_MAP>
2022-06-24 23:47:14,826 [pool-528-thread-1] INFO  server.RaftServerConfigKeys (ConfUtils.java:logGet(46)) - raft.server.storage.dir = [/home/runner/work/ozone/ozone/hadoop-ozone/integration-test/target/test-dir/MiniOzoneClusterImpl-579f371f-51d7-44c0-bf7c-5cb5e6cf7bc4/ozone-meta/ratis] (custom)
2022-06-24 23:47:14,826 [pool-528-thread-1] INFO  server.RaftServerConfigKeys (ConfUtils.java:logGet(46)) - raft.server.log.corruption.policy = EXCEPTION (default)
2022-06-24 23:47:14,826 [pool-528-thread-1] INFO  server.RaftServerConfigKeys (ConfUtils.java:logGet(46)) - raft.server.storage.free-space.min = 0MB (=0) (default)
2022-06-24 23:47:14,826 [pool-528-thread-1] INFO  storage.RaftStorageDirectory (RaftStorageDirectoryImpl.java:analyzeStorage(135)) - The storage directory /home/runner/work/ozone/ozone/hadoop-ozone/integration-test/target/test-dir/MiniOzoneClusterImpl-579f371f-51d7-44c0-bf7c-5cb5e6cf7bc4/ozone-meta/ratis/bf265839-605b-3f16-9796-c5ba1605619e does not exist. Creating ...
2022-06-24 23:47:14,835 [pool-528-thread-1] INFO  storage.RaftStorageDirectory (RaftStorageDirectoryImpl.java:tryLock(230)) - Lock on /home/runner/work/ozone/ozone/hadoop-ozone/integration-test/target/test-dir/MiniOzoneClusterImpl-579f371f-51d7-44c0-bf7c-5cb5e6cf7bc4/ozone-meta/ratis/bf265839-605b-3f16-9796-c5ba1605619e/in_use.lock acquired by nodename 11308@fv-az21-224
2022-06-24 23:47:14,856 [pool-528-thread-1] INFO  storage.RaftStorage (RaftStorageImpl.java:format(89)) - Storage directory /home/runner/work/ozone/ozone/hadoop-ozone/integration-test/target/test-dir/MiniOzoneClusterImpl-579f371f-51d7-44c0-bf7c-5cb5e6cf7bc4/ozone-meta/ratis/bf265839-605b-3f16-9796-c5ba1605619e has been successfully formatted.
2022-06-24 23:47:14,856 [pool-528-thread-1] INFO  server.RaftServerConfigKeys (ConfUtils.java:logGet(46)) - raft.server.notification.no-leader.timeout = 120s (custom)
2022-06-24 23:47:14,856 [pool-528-thread-1] INFO  server.RaftServerConfigKeys (ConfUtils.java:logGet(46)) - raft.server.log.use.memory = false (default)
2022-06-24 23:47:14,856 [pool-528-thread-1] INFO  server.RaftServerConfigKeys (ConfUtils.java:logGet(46)) - raft.server.log.purge.gap = 1000000 (custom)
2022-06-24 23:47:14,856 [pool-528-thread-1] INFO  server.RaftServerConfigKeys (ConfUtils.java:logGet(46)) - raft.server.log.appender.buffer.byte-limit = 33554432 (custom)
2022-06-24 23:47:14,856 [pool-528-thread-1] INFO  server.RaftServerConfigKeys (ConfUtils.java:logGet(46)) - raft.server.log.statemachine.data.read.timeout = 1000ms (default)
2022-06-24 23:47:14,857 [pool-528-thread-1] INFO  server.RaftServerConfigKeys (ConfUtils.java:logGet(46)) - raft.server.log.segment.size.max = 4194304 (custom)
2022-06-24 23:47:14,857 [pool-528-thread-1] INFO  server.RaftServerConfigKeys (ConfUtils.java:logGet(46)) - raft.server.log.segment.cache.num.max = 2 (custom)
2022-06-24 23:47:14,857 [pool-528-thread-1] INFO  server.RaftServerConfigKeys (ConfUtils.java:logGet(46)) - raft.server.log.segment.cache.size.max = 200MB (=209715200) (default)
2022-06-24 23:47:14,857 [pool-528-thread-1] INFO  segmented.SegmentedRaftLogWorker (SegmentedRaftLogWorker.java:<init>(187)) - new om1@group-C5BA1605619E-SegmentedRaftLogWorker for RaftStorageImpl:Storage Directory /home/runner/work/ozone/ozone/hadoop-ozone/integration-test/target/test-dir/MiniOzoneClusterImpl-579f371f-51d7-44c0-bf7c-5cb5e6cf7bc4/ozone-meta/ratis/bf265839-605b-3f16-9796-c5ba1605619e
2022-06-24 23:47:14,857 [pool-528-thread-1] INFO  server.RaftServerConfigKeys (ConfUtils.java:logGet(46)) - raft.server.log.queue.byte-limit = 64MB (=67108864) (default)
2022-06-24 23:47:14,857 [pool-528-thread-1] INFO  server.RaftServerConfigKeys (ConfUtils.java:logGet(46)) - raft.server.log.queue.element-limit = 4096 (default)
2022-06-24 23:47:14,857 [pool-528-thread-1] INFO  server.RaftServerConfigKeys (ConfUtils.java:logGet(46)) - raft.server.log.segment.size.max = 4194304 (custom)
2022-06-24 23:47:14,857 [pool-528-thread-1] INFO  server.RaftServerConfigKeys (ConfUtils.java:logGet(46)) - raft.server.log.preallocated.size = 4194304 (custom)
2022-06-24 23:47:14,857 [pool-528-thread-1] INFO  server.RaftServerConfigKeys (ConfUtils.java:logGet(46)) - raft.server.log.force.sync.num = 128 (default)
2022-06-24 23:47:14,857 [pool-528-thread-1] INFO  server.RaftServerConfigKeys (ConfUtils.java:logGet(46)) - raft.server.log.statemachine.data.sync = true (default)
2022-06-24 23:47:14,857 [pool-528-thread-1] INFO  server.RaftServerConfigKeys (ConfUtils.java:logGet(46)) - raft.server.log.statemachine.data.sync.timeout = 10s (default)
2022-06-24 23:47:14,857 [pool-528-thread-1] INFO  server.RaftServerConfigKeys (ConfUtils.java:logGet(46)) - raft.server.log.statemachine.data.sync.timeout.retry = -1 (default)
2022-06-24 23:47:14,895 [pool-528-thread-1] INFO  server.RaftServerConfigKeys (ConfUtils.java:logGet(46)) - raft.server.log.write.buffer.size = 64KB (=65536) (default)
2022-06-24 23:47:14,896 [pool-528-thread-1] INFO  server.RaftServerConfigKeys (ConfUtils.java:logGet(46)) - raft.server.log.unsafe-flush.enabled = false (default)
2022-06-24 23:47:14,896 [pool-528-thread-1] INFO  server.RaftServerConfigKeys (ConfUtils.java:logGet(46)) - raft.server.log.statemachine.data.caching.enabled = false (default)
2022-06-24 23:47:14,896 [pool-528-thread-1] INFO  segmented.SegmentedRaftLogWorker (SegmentedRaftLogWorker.java:lambda$new$0(135)) - om1@group-C5BA1605619E-SegmentedRaftLogWorker: flushIndex: setUnconditionally 0 -> -1
2022-06-24 23:47:14,896 [pool-528-thread-1] INFO  segmented.SegmentedRaftLogWorker (SegmentedRaftLogWorker.java:lambda$new$0(135)) - om1@group-C5BA1605619E-SegmentedRaftLogWorker: safeCacheEvictIndex: setUnconditionally 0 -> -1
2022-06-24 23:47:14,907 [pool-528-thread-1] INFO  server.RaftServerConfigKeys (ConfUtils.java:logGet(46)) - raft.server.snapshot.auto.trigger.enabled = true (custom)
2022-06-24 23:47:14,907 [pool-528-thread-1] INFO  server.RaftServerConfigKeys (ConfUtils.java:logGet(46)) - raft.server.snapshot.auto.trigger.threshold = 400000 (default)
2022-06-24 23:47:14,907 [pool-528-thread-1] INFO  server.RaftServerConfigKeys (ConfUtils.java:logGet(46)) - raft.server.snapshot.retention.file.num = -1 (default)
2022-06-24 23:47:14,907 [pool-528-thread-1] INFO  server.RaftServerConfigKeys (ConfUtils.java:logGet(46)) - raft.server.log.purge.upto.snapshot.index = true (custom)
2022-06-24 23:47:14,907 [pool-528-thread-1] INFO  server.RaftServerConfigKeys (ConfUtils.java:logGet(46)) - raft.server.retrycache.expirytime = 300s (custom)
2022-06-24 23:47:14,907 [pool-528-thread-1] INFO  server.RaftServerConfigKeys (ConfUtils.java:logGet(46)) - raft.server.retrycache.statistics.expirytime = 100μs (default)
2022-06-24 23:47:14,908 [pool-528-thread-1] INFO  server.RaftServerConfigKeys (ConfUtils.java:logGet(46)) - raft.server.log.appender.install.snapshot.enabled = false (custom)
2022-06-24 23:47:14,908 [pool-528-thread-1] INFO  server.RaftServerConfigKeys (ConfUtils.java:logGet(46)) - raft.server.threadpool.server.cached = true (default)
2022-06-24 23:47:14,908 [pool-528-thread-1] INFO  server.RaftServerConfigKeys (ConfUtils.java:logGet(46)) - raft.server.threadpool.server.size = 0 (default)
2022-06-24 23:47:14,908 [pool-528-thread-1] INFO  server.RaftServerConfigKeys (ConfUtils.java:logGet(46)) - raft.server.threadpool.client.cached = true (default)
2022-06-24 23:47:14,908 [pool-528-thread-1] INFO  server.RaftServerConfigKeys (ConfUtils.java:logGet(46)) - raft.server.threadpool.client.size = 0 (default)
2022-06-24 23:47:15,772 [Listener at 0.0.0.0/40713] INFO  reflections.Reflections (Reflections.java:scan(232)) - Reflections took 947 ms to scan 19 urls, producing 66 keys and 4066 values [using 2 cores]
2022-06-24 23:47:15,773 [Listener at 0.0.0.0/40713] INFO  ipc.CallQueueManager (CallQueueManager.java:<init>(90)) - Using callQueue: class java.util.concurrent.LinkedBlockingQueue, queueCapacity: 2000, scheduler: class org.apache.hadoop.ipc.DefaultRpcScheduler, ipcBackoff: false.
2022-06-24 23:47:15,779 [Socket Reader #1 for port 0] INFO  ipc.Server (Server.java:run(1265)) - Starting Socket Reader #1 for port 0
2022-06-24 23:47:15,848 [Listener at 127.0.0.1/33165] INFO  impl.MetricsSystemImpl (MetricsSystemImpl.java:init(158)) - OzoneManager metrics system started (again)
2022-06-24 23:47:15,912 [Listener at 127.0.0.1/33165] INFO  om.OzoneManager (OzoneManager.java:start(1465)) - OzoneManager RPC server is listening at localhost/127.0.0.1:33165
2022-06-24 23:47:15,912 [Listener at 127.0.0.1/33165] INFO  ratis.OzoneManagerRatisServer (OzoneManagerRatisServer.java:start(554)) - Starting OzoneManagerRatisServer om1 at port 9872
2022-06-24 23:47:15,913 [om1-impl-thread1] INFO  server.RaftServer$Division (RaftServerImpl.java:start(310)) - om1@group-C5BA1605619E: start as a follower, conf=-1: [om1|rpc:localhost:9872|priority:0], old=null
2022-06-24 23:47:15,913 [om1-impl-thread1] INFO  server.RaftServer$Division (RaftServerImpl.java:setRole(299)) - om1@group-C5BA1605619E: changes role from      null to FOLLOWER at term 0 for startAsFollower
2022-06-24 23:47:15,913 [om1-impl-thread1] INFO  impl.RoleInfo (RoleInfo.java:updateAndGet(139)) - om1: start om1@group-C5BA1605619E-FollowerState
2022-06-24 23:47:15,914 [om1-impl-thread1] INFO  util.JmxRegister (JmxRegister.java:tryRegister(44)) - Successfully registered JMX Bean with object name Ratis:service=RaftServer,group=group-C5BA1605619E,id=om1
2022-06-24 23:47:15,918 [Listener at 127.0.0.1/33165] INFO  server.RaftServer (RaftServerProxy.java:lambda$start$6(382)) - om1: start RPC server
2022-06-24 23:47:15,971 [Listener at 127.0.0.1/33165] INFO  server.GrpcService (GrpcService.java:startImpl(260)) - om1: GrpcService started, listening on 9872
2022-06-24 23:47:15,977 [Listener at 127.0.0.1/33165] INFO  om.OzoneManager (OzoneManager.java:start(1481)) - Version File has different layout version (3) than OM DB (null). That is expected if this OM has never been finalized to a newer layout version.
2022-06-24 23:47:15,978 [org.apache.ratis.util.JvmPauseMonitor$$Lambda$627/395666382@1d1062b9] INFO  util.JvmPauseMonitor (JvmPauseMonitor.java:run(103)) - JvmPauseMonitor-om1: Started
2022-06-24 23:47:16,003 [Listener at 127.0.0.1/33165] INFO  http.BaseHttpServer (BaseHttpServer.java:newHttpServer2BuilderForOzone(209)) - Starting Web-server for ozoneManager at: http://0.0.0.0:0
2022-06-24 23:47:16,003 [Listener at 127.0.0.1/33165] INFO  http.BaseHttpServer (BaseHttpServer.java:<init>(107)) - Hadoop Security Enabled: false Ozone Security Enabled: false Ozone HTTP Security Enabled: false 
2022-06-24 23:47:16,005 [Listener at 127.0.0.1/33165] INFO  server.AuthenticationFilter (AuthenticationFilter.java:constructSecretProvider(240)) - Unable to initialize FileSignerSecretProvider, falling back to use random secrets.
2022-06-24 23:47:16,019 [Listener at 127.0.0.1/33165] WARN  http.HttpRequestLog (HttpRequestLog.java:getRequestLog(103)) - Jetty request log can only be enabled using Log4j
2022-06-24 23:47:16,028 [Listener at 127.0.0.1/33165] INFO  http.HttpServer2 (HttpServer2.java:addGlobalFilter(1029)) - Added global filter 'safety' (class=org.apache.hadoop.hdds.server.http.HttpServer2$QuotingInputFilter)
2022-06-24 23:47:16,029 [Listener at 127.0.0.1/33165] INFO  http.HttpServer2 (HttpServer2.java:addFilter(1005)) - Added filter static_user_filter (class=org.apache.hadoop.http.lib.StaticUserWebFilter$StaticUserFilter) to context ozoneManager
2022-06-24 23:47:16,029 [Listener at 127.0.0.1/33165] INFO  http.HttpServer2 (HttpServer2.java:addFilter(1013)) - Added filter static_user_filter (class=org.apache.hadoop.http.lib.StaticUserWebFilter$StaticUserFilter) to context logs
2022-06-24 23:47:16,029 [Listener at 127.0.0.1/33165] INFO  http.HttpServer2 (HttpServer2.java:addFilter(1013)) - Added filter static_user_filter (class=org.apache.hadoop.http.lib.StaticUserWebFilter$StaticUserFilter) to context static
2022-06-24 23:47:16,030 [Listener at 127.0.0.1/33165] INFO  http.HttpServer2 (HttpServer2.java:bindListener(1248)) - Jetty bound to port 46605
2022-06-24 23:47:16,030 [Listener at 127.0.0.1/33165] INFO  server.Server (Server.java:doStart(375)) - jetty-9.4.43.v20210629; built: 2021-06-30T11:07:22.254Z; git: 526006ecfa3af7f1a27ef3a288e2bef7ea9dd7e8; jvm 1.8.0_332-b09
2022-06-24 23:47:16,032 [Listener at 127.0.0.1/33165] INFO  server.session (DefaultSessionIdManager.java:doStart(334)) - DefaultSessionIdManager workerName=node0
2022-06-24 23:47:16,032 [Listener at 127.0.0.1/33165] INFO  server.session (DefaultSessionIdManager.java:doStart(339)) - No SessionScavenger set, using defaults
2022-06-24 23:47:16,032 [Listener at 127.0.0.1/33165] INFO  server.session (HouseKeeper.java:startScavenging(132)) - node0 Scavenging every 660000ms
2022-06-24 23:47:16,033 [Listener at 127.0.0.1/33165] INFO  handler.ContextHandler (ContextHandler.java:doStart(915)) - Started o.e.j.s.ServletContextHandler@16ab05a1{logs,/logs,file:///home/runner/work/ozone/ozone/hadoop-ozone/integration-test/target/log,AVAILABLE}
2022-06-24 23:47:16,034 [Listener at 127.0.0.1/33165] INFO  handler.ContextHandler (ContextHandler.java:doStart(915)) - Started o.e.j.s.ServletContextHandler@59e2bcdc{static,/static,file:///home/runner/work/ozone/ozone/hadoop-ozone/integration-test/target/test-classes/webapps/static,AVAILABLE}
2022-06-24 23:47:16,037 [Listener at 127.0.0.1/33165] INFO  handler.ContextHandler (ContextHandler.java:doStart(915)) - Started o.e.j.w.WebAppContext@6b0f37dd{ozoneManager,/,file:///home/runner/work/ozone/ozone/hadoop-ozone/integration-test/target/test-classes/webapps/ozoneManager/,AVAILABLE}{file:/home/runner/work/ozone/ozone/hadoop-ozone/integration-test/target/test-classes/webapps/ozoneManager}
2022-06-24 23:47:16,067 [Listener at 127.0.0.1/33165] INFO  server.AbstractConnector (AbstractConnector.java:doStart(331)) - Started ServerConnector@630f95fc{HTTP/1.1, (http/1.1)}{0.0.0.0:46605}
2022-06-24 23:47:16,067 [Listener at 127.0.0.1/33165] INFO  server.Server (Server.java:doStart(415)) - Started @149648ms
2022-06-24 23:47:16,067 [Listener at 127.0.0.1/33165] WARN  impl.MetricsSystemImpl (MetricsSystemImpl.java:register(279)) - Sink prometheus already exists!
2022-06-24 23:47:16,079 [Listener at 127.0.0.1/33165] INFO  http.BaseHttpServer (BaseHttpServer.java:updateConnectorAddress(329)) - HTTP server of ozoneManager listening at http://0.0.0.0:46605
2022-06-24 23:47:16,104 [IPC Server Responder] INFO  ipc.Server (Server.java:run(1507)) - IPC Server Responder: starting
2022-06-24 23:47:16,136 [Listener at 127.0.0.1/33165] INFO  om.TrashPolicyOzone (TrashPolicyOzone.java:<init>(178)) - Ozone Manager trash configuration: Deletion interval = 0 minutes, Emptier interval = 0 minutes.
2022-06-24 23:47:16,151 [org.apache.hadoop.util.JvmPauseMonitor$Monitor@40486321] INFO  util.JvmPauseMonitor (JvmPauseMonitor.java:run(188)) - Starting JVM pause monitor
2022-06-24 23:47:16,156 [IPC Server listener on 0] INFO  ipc.Server (Server.java:run(1344)) - IPC Server listener on 0: starting
2022-06-24 23:47:16,208 [Listener at 127.0.0.1/33165] WARN  impl.MetricRegistriesImpl (MetricRegistriesImpl.java:addReporterRegistration(111)) - New reporters are added after registries were created. Some metrics will be missing from the reporter. Please add reporter before adding any new registry.
2022-06-24 23:47:16,208 [Listener at 127.0.0.1/33165] WARN  impl.MetricRegistriesImpl (MetricRegistriesImpl.java:addReporterRegistration(111)) - New reporters are added after registries were created. Some metrics will be missing from the reporter. Please add reporter before adding any new registry.
2022-06-24 23:47:16,208 [Listener at 127.0.0.1/33165] INFO  impl.MetricsSystemImpl (MetricsSystemImpl.java:init(158)) - HddsDatanode metrics system started (again)
2022-06-24 23:47:16,250 [Listener at 127.0.0.1/33165] INFO  ozone.HddsDatanodeService (HddsDatanodeService.java:start(236)) - HddsDatanodeService host:fv-az21-224.v4iizcarkezebbfea14bcgzyke.bx.internal.cloudapp.net ip:10.1.0.24
2022-06-24 23:47:16,310 [Listener at 127.0.0.1/33165] INFO  upgrade.AbstractLayoutVersionManager (AbstractLayoutVersionManager.java:init(82)) - Initializing Layout version manager with metadata layout = DATANODE_SCHEMA_V3 (version = 4), software layout = DATANODE_SCHEMA_V3 (version = 4)
2022-06-24 23:47:16,377 [Listener at 127.0.0.1/33165] INFO  reflections.Reflections (Reflections.java:scan(232)) - Reflections took 65 ms to scan 7 urls, producing 131 keys and 316 values 
2022-06-24 23:47:16,379 [Listener at 127.0.0.1/33165] INFO  statemachine.DatanodeStateMachine (DatanodeStateMachine.java:getEndPointTaskThreadPoolSize(237)) - Datanode State Machine Task Thread Pool size 2
2022-06-24 23:47:16,383 [Listener at 127.0.0.1/33165] INFO  volume.HddsVolume (HddsVolume.java:<init>(116)) - Creating HddsVolume: /home/runner/work/ozone/ozone/hadoop-ozone/integration-test/target/test-dir/MiniOzoneClusterImpl-579f371f-51d7-44c0-bf7c-5cb5e6cf7bc4/datanode-0/data-0/containers/hdds of storage type : DISK capacity : 9223372036854775807
2022-06-24 23:47:16,383 [Listener at 127.0.0.1/33165] INFO  volume.MutableVolumeSet (MutableVolumeSet.java:initializeVolumeSet(174)) - Added Volume : /home/runner/work/ozone/ozone/hadoop-ozone/integration-test/target/test-dir/MiniOzoneClusterImpl-579f371f-51d7-44c0-bf7c-5cb5e6cf7bc4/datanode-0/data-0/containers/hdds to VolumeSet
2022-06-24 23:47:16,384 [Listener at 127.0.0.1/33165] INFO  volume.ThrottledAsyncChecker (ThrottledAsyncChecker.java:schedule(141)) - Scheduling a check for /home/runner/work/ozone/ozone/hadoop-ozone/integration-test/target/test-dir/MiniOzoneClusterImpl-579f371f-51d7-44c0-bf7c-5cb5e6cf7bc4/datanode-0/data-0/containers/hdds
2022-06-24 23:47:16,390 [Listener at 127.0.0.1/33165] INFO  volume.StorageVolumeChecker (StorageVolumeChecker.java:checkAllVolumes(202)) - Scheduled health check for volume /home/runner/work/ozone/ozone/hadoop-ozone/integration-test/target/test-dir/MiniOzoneClusterImpl-579f371f-51d7-44c0-bf7c-5cb5e6cf7bc4/datanode-0/data-0/containers/hdds
2022-06-24 23:47:16,413 [Listener at 127.0.0.1/33165] INFO  volume.MutableVolumeSet (MutableVolumeSet.java:initializeVolumeSet(174)) - Added Volume : /home/runner/work/ozone/ozone/hadoop-ozone/integration-test/target/test-dir/MiniOzoneClusterImpl-579f371f-51d7-44c0-bf7c-5cb5e6cf7bc4/datanode-0/data/ratis to VolumeSet
2022-06-24 23:47:16,421 [Listener at 127.0.0.1/33165] INFO  volume.ThrottledAsyncChecker (ThrottledAsyncChecker.java:schedule(141)) - Scheduling a check for /home/runner/work/ozone/ozone/hadoop-ozone/integration-test/target/test-dir/MiniOzoneClusterImpl-579f371f-51d7-44c0-bf7c-5cb5e6cf7bc4/datanode-0/data/ratis
2022-06-24 23:47:16,421 [Listener at 127.0.0.1/33165] INFO  volume.StorageVolumeChecker (StorageVolumeChecker.java:checkAllVolumes(202)) - Scheduled health check for volume /home/runner/work/ozone/ozone/hadoop-ozone/integration-test/target/test-dir/MiniOzoneClusterImpl-579f371f-51d7-44c0-bf7c-5cb5e6cf7bc4/datanode-0/data/ratis
2022-06-24 23:47:16,458 [Thread-989] INFO  ozoneimpl.ContainerReader (ContainerReader.java:readVolume(172)) - Finish verifying containers on volume /home/runner/work/ozone/ozone/hadoop-ozone/integration-test/target/test-dir/MiniOzoneClusterImpl-579f371f-51d7-44c0-bf7c-5cb5e6cf7bc4/datanode-0/data-0/containers/hdds
2022-06-24 23:47:16,458 [Listener at 127.0.0.1/33165] INFO  ozoneimpl.OzoneContainer (OzoneContainer.java:buildContainerSet(266)) - Build ContainerSet costs 0s
2022-06-24 23:47:16,460 [Listener at 127.0.0.1/33165] INFO  server.RaftServer (ConfUtils.java:logGet(46)) - raft.rpc.type = GRPC (default)
2022-06-24 23:47:16,460 [Listener at 127.0.0.1/33165] INFO  grpc.GrpcFactory (GrpcFactory.java:checkPooledByteBufAllocatorUseCacheForAllThreads(48)) - PERFORMANCE WARNING: useCacheForAllThreads is true that may cause Netty to create a lot garbage objects and, as a result, trigger GC.
	It is recommended to disable useCacheForAllThreads by setting -Dorg.apache.ratis.thirdparty.io.netty.allocator.useCacheForAllThreads=false in command line.
2022-06-24 23:47:16,460 [Listener at 127.0.0.1/33165] INFO  grpc.GrpcConfigKeys (ConfUtils.java:logGet(46)) - raft.grpc.admin.port = 0 (custom)
2022-06-24 23:47:16,460 [Listener at 127.0.0.1/33165] INFO  grpc.GrpcConfigKeys (ConfUtils.java:logGet(46)) - raft.grpc.client.port = 0 (custom)
2022-06-24 23:47:16,460 [Listener at 127.0.0.1/33165] INFO  grpc.GrpcConfigKeys (ConfUtils.java:logGet(46)) - raft.grpc.server.port = 0 (default)
2022-06-24 23:47:16,460 [Listener at 127.0.0.1/33165] INFO  server.GrpcService (ConfUtils.java:logGet(46)) - raft.grpc.message.size.max = 32MB (=33554432) (custom)
2022-06-24 23:47:16,461 [Listener at 127.0.0.1/33165] INFO  server.RaftServerConfigKeys (ConfUtils.java:logGet(46)) - raft.server.log.appender.buffer.byte-limit = 33554432 (custom)
2022-06-24 23:47:16,461 [Listener at 127.0.0.1/33165] INFO  server.GrpcService (ConfUtils.java:logGet(46)) - raft.grpc.flow.control.window = 5MB (=5242880) (custom)
2022-06-24 23:47:16,461 [Listener at 127.0.0.1/33165] INFO  server.RaftServerConfigKeys (ConfUtils.java:logGet(46)) - raft.server.rpc.request.timeout = 60s (custom)
2022-06-24 23:47:16,461 [Listener at 127.0.0.1/33165] INFO  grpc.GrpcConfigKeys (ConfUtils.java:logGet(46)) - raft.grpc.server.async.request.thread.pool.cached = true (default)
2022-06-24 23:47:16,461 [Listener at 127.0.0.1/33165] INFO  grpc.GrpcConfigKeys (ConfUtils.java:logGet(46)) - raft.grpc.server.async.request.thread.pool.size = 32 (default)
2022-06-24 23:47:16,462 [Listener at 127.0.0.1/33165] INFO  impl.DataStreamServerImpl (ConfUtils.java:logGet(46)) - raft.datastream.type = DISABLED (default)
2022-06-24 23:47:16,462 [Listener at 127.0.0.1/33165] INFO  server.RaftServerConfigKeys (ConfUtils.java:logGet(46)) - raft.server.threadpool.proxy.cached = true (default)
2022-06-24 23:47:16,462 [Listener at 127.0.0.1/33165] INFO  server.RaftServerConfigKeys (ConfUtils.java:logGet(46)) - raft.server.threadpool.proxy.size = 0 (default)
2022-06-24 23:47:16,462 [Listener at 127.0.0.1/33165] INFO  server.RaftServerConfigKeys (ConfUtils.java:logGet(46)) - raft.server.rpc.slowness.timeout = 300s (custom)
2022-06-24 23:47:16,463 [Listener at 127.0.0.1/33165] INFO  server.RaftServerConfigKeys (ConfUtils.java:logGet(46)) - raft.server.leaderelection.leader.step-down.wait-time = 10s (default)
2022-06-24 23:47:16,463 [Listener at 127.0.0.1/33165] INFO  server.RaftServerConfigKeys (ConfUtils.java:logGet(46)) - raft.server.storage.dir = [/home/runner/work/ozone/ozone/hadoop-ozone/integration-test/target/test-dir/MiniOzoneClusterImpl-579f371f-51d7-44c0-bf7c-5cb5e6cf7bc4/datanode-0/data/ratis] (custom)
2022-06-24 23:47:16,464 [Listener at 127.0.0.1/33165] INFO  server.XceiverServerGrpc (XceiverServerGrpc.java:<init>(132)) - GrpcServer channel type EpollServerSocketChannel
2022-06-24 23:47:16,477 [Listener at 127.0.0.1/33165] INFO  http.BaseHttpServer (BaseHttpServer.java:newHttpServer2BuilderForOzone(209)) - Starting Web-server for hddsDatanode at: http://0.0.0.0:0
2022-06-24 23:47:16,477 [Listener at 127.0.0.1/33165] INFO  http.BaseHttpServer (BaseHttpServer.java:<init>(107)) - Hadoop Security Enabled: false Ozone Security Enabled: false Ozone HTTP Security Enabled: false 
2022-06-24 23:47:16,478 [Listener at 127.0.0.1/33165] INFO  server.AuthenticationFilter (AuthenticationFilter.java:constructSecretProvider(240)) - Unable to initialize FileSignerSecretProvider, falling back to use random secrets.
2022-06-24 23:47:16,480 [Listener at 127.0.0.1/33165] WARN  http.HttpRequestLog (HttpRequestLog.java:getRequestLog(103)) - Jetty request log can only be enabled using Log4j
2022-06-24 23:47:16,481 [Listener at 127.0.0.1/33165] INFO  http.HttpServer2 (HttpServer2.java:addGlobalFilter(1029)) - Added global filter 'safety' (class=org.apache.hadoop.hdds.server.http.HttpServer2$QuotingInputFilter)
2022-06-24 23:47:16,481 [Listener at 127.0.0.1/33165] INFO  http.HttpServer2 (HttpServer2.java:addFilter(1005)) - Added filter static_user_filter (class=org.apache.hadoop.http.lib.StaticUserWebFilter$StaticUserFilter) to context hddsDatanode
2022-06-24 23:47:16,481 [Listener at 127.0.0.1/33165] INFO  http.HttpServer2 (HttpServer2.java:addFilter(1013)) - Added filter static_user_filter (class=org.apache.hadoop.http.lib.StaticUserWebFilter$StaticUserFilter) to context logs
2022-06-24 23:47:16,481 [Listener at 127.0.0.1/33165] INFO  http.HttpServer2 (HttpServer2.java:addFilter(1013)) - Added filter static_user_filter (class=org.apache.hadoop.http.lib.StaticUserWebFilter$StaticUserFilter) to context static
2022-06-24 23:47:16,482 [Listener at 127.0.0.1/33165] INFO  http.HttpServer2 (HttpServer2.java:bindListener(1248)) - Jetty bound to port 37453
2022-06-24 23:47:16,482 [Listener at 127.0.0.1/33165] INFO  server.Server (Server.java:doStart(375)) - jetty-9.4.43.v20210629; built: 2021-06-30T11:07:22.254Z; git: 526006ecfa3af7f1a27ef3a288e2bef7ea9dd7e8; jvm 1.8.0_332-b09
2022-06-24 23:47:16,539 [Listener at 127.0.0.1/33165] INFO  server.session (DefaultSessionIdManager.java:doStart(334)) - DefaultSessionIdManager workerName=node0
2022-06-24 23:47:16,539 [Listener at 127.0.0.1/33165] INFO  server.session (DefaultSessionIdManager.java:doStart(339)) - No SessionScavenger set, using defaults
2022-06-24 23:47:16,540 [Listener at 127.0.0.1/33165] INFO  server.session (HouseKeeper.java:startScavenging(132)) - node0 Scavenging every 600000ms
2022-06-24 23:47:16,541 [Listener at 127.0.0.1/33165] INFO  handler.ContextHandler (ContextHandler.java:doStart(915)) - Started o.e.j.s.ServletContextHandler@749ad467{logs,/logs,file:///home/runner/work/ozone/ozone/hadoop-ozone/integration-test/target/log,AVAILABLE}
2022-06-24 23:47:16,542 [Listener at 127.0.0.1/33165] INFO  handler.ContextHandler (ContextHandler.java:doStart(915)) - Started o.e.j.s.ServletContextHandler@1bd3906e{static,/static,jar:file:/home/runner/.m2/repository/org/apache/ozone/hdds-container-service/1.3.0-SNAPSHOT/hdds-container-service-1.3.0-SNAPSHOT.jar!/webapps/static,AVAILABLE}
2022-06-24 23:47:16,934 [Listener at 127.0.0.1/33165] INFO  handler.ContextHandler (ContextHandler.java:doStart(915)) - Started o.e.j.w.WebAppContext@422cb504{hddsDatanode,/,file:///tmp/jetty-0_0_0_0-37453-hdds-container-service-1_3_0-SNAPSHOT_jar-_-any-5112656065546827788/webapp/,AVAILABLE}{jar:file:/home/runner/.m2/repository/org/apache/ozone/hdds-container-service/1.3.0-SNAPSHOT/hdds-container-service-1.3.0-SNAPSHOT.jar!/webapps/hddsDatanode}
2022-06-24 23:47:16,942 [Listener at 127.0.0.1/33165] INFO  server.AbstractConnector (AbstractConnector.java:doStart(331)) - Started ServerConnector@25a7fc5{HTTP/1.1, (http/1.1)}{0.0.0.0:37453}
2022-06-24 23:47:16,942 [Listener at 127.0.0.1/33165] INFO  server.Server (Server.java:doStart(415)) - Started @150523ms
2022-06-24 23:47:16,942 [Listener at 127.0.0.1/33165] WARN  impl.MetricsSystemImpl (MetricsSystemImpl.java:register(279)) - Sink prometheus already exists!
2022-06-24 23:47:16,963 [Listener at 127.0.0.1/33165] INFO  http.BaseHttpServer (BaseHttpServer.java:updateConnectorAddress(329)) - HTTP server of hddsDatanode listening at http://0.0.0.0:37453
2022-06-24 23:47:16,967 [Listener at 127.0.0.1/33165] WARN  impl.MetricRegistriesImpl (MetricRegistriesImpl.java:addReporterRegistration(111)) - New reporters are added after registries were created. Some metrics will be missing from the reporter. Please add reporter before adding any new registry.
2022-06-24 23:47:16,967 [Listener at 127.0.0.1/33165] WARN  impl.MetricRegistriesImpl (MetricRegistriesImpl.java:addReporterRegistration(111)) - New reporters are added after registries were created. Some metrics will be missing from the reporter. Please add reporter before adding any new registry.
2022-06-24 23:47:16,967 [Listener at 127.0.0.1/33165] INFO  impl.MetricsSystemImpl (MetricsSystemImpl.java:init(158)) - HddsDatanode metrics system started (again)
2022-06-24 23:47:16,971 [Datanode State Machine Daemon Thread] INFO  statemachine.DatanodeStateMachine (DatanodeStateMachine.java:lambda$startDaemon$0(492)) - Ozone container server started.
2022-06-24 23:47:17,023 [om1@group-C5BA1605619E-FollowerState] INFO  impl.FollowerState (FollowerState.java:run(143)) - om1@group-C5BA1605619E-FollowerState: change to CANDIDATE, lastRpcElapsedTime:1110049321ns, electionTimeout:1107ms
2022-06-24 23:47:17,023 [om1@group-C5BA1605619E-FollowerState] INFO  impl.RoleInfo (RoleInfo.java:shutdownFollowerState(110)) - om1: shutdown om1@group-C5BA1605619E-FollowerState
2022-06-24 23:47:17,023 [om1@group-C5BA1605619E-FollowerState] INFO  server.RaftServer$Division (RaftServerImpl.java:setRole(299)) - om1@group-C5BA1605619E: changes role from  FOLLOWER to CANDIDATE at term 0 for changeToCandidate
2022-06-24 23:47:17,048 [Listener at 127.0.0.1/33165] INFO  ozone.HddsDatanodeService (HddsDatanodeService.java:start(236)) - HddsDatanodeService host:fv-az21-224.v4iizcarkezebbfea14bcgzyke.bx.internal.cloudapp.net ip:10.1.0.24
2022-06-24 23:47:17,055 [org.apache.hadoop.util.JvmPauseMonitor$Monitor@17a5d825] INFO  util.JvmPauseMonitor (JvmPauseMonitor.java:run(188)) - Starting JVM pause monitor
2022-06-24 23:47:17,067 [om1@group-C5BA1605619E-FollowerState] INFO  server.RaftServerConfigKeys (ConfUtils.java:logGet(46)) - raft.server.leaderelection.pre-vote = false (custom)
2022-06-24 23:47:17,067 [om1@group-C5BA1605619E-FollowerState] INFO  impl.RoleInfo (RoleInfo.java:updateAndGet(139)) - om1: start om1@group-C5BA1605619E-LeaderElection37
2022-06-24 23:47:17,075 [Datanode State Machine Task Thread - 0] INFO  datanode.InitDatanodeState (InitDatanodeState.java:persistContainerDatanodeDetails(138)) - DatanodeDetails is persisted to /home/runner/work/ozone/ozone/hadoop-ozone/integration-test/target/test-dir/MiniOzoneClusterImpl-579f371f-51d7-44c0-bf7c-5cb5e6cf7bc4/datanode-0/meta/datanode.id
2022-06-24 23:47:17,100 [om1@group-C5BA1605619E-LeaderElection37] INFO  impl.LeaderElection (LeaderElection.java:askForVotes(310)) - om1@group-C5BA1605619E-LeaderElection37 ELECTION round 0: submit vote requests at term 1 for -1: [om1|rpc:localhost:9872|priority:0], old=null
2022-06-24 23:47:17,100 [om1@group-C5BA1605619E-LeaderElection37] INFO  impl.LeaderElection (LeaderElection.java:askForVotes(312)) - om1@group-C5BA1605619E-LeaderElection37 ELECTION round 0: result PASSED (term=1)
2022-06-24 23:47:17,100 [om1@group-C5BA1605619E-LeaderElection37] INFO  impl.RoleInfo (RoleInfo.java:shutdownLeaderElection(130)) - om1: shutdown om1@group-C5BA1605619E-LeaderElection37
2022-06-24 23:47:17,100 [om1@group-C5BA1605619E-LeaderElection37] INFO  server.RaftServer$Division (RaftServerImpl.java:setRole(299)) - om1@group-C5BA1605619E: changes role from CANDIDATE to LEADER at term 1 for changeToLeader
2022-06-24 23:47:17,100 [om1@group-C5BA1605619E-LeaderElection37] INFO  server.RaftServer$Division (ServerState.java:setLeader(287)) - om1@group-C5BA1605619E: change Leader from null to om1 at term 1 for becomeLeader, leader elected after 2244ms
2022-06-24 23:47:17,101 [om1@group-C5BA1605619E-LeaderElection37] INFO  server.RaftServerConfigKeys (ConfUtils.java:logGet(46)) - raft.server.staging.catchup.gap = 1000 (default)
2022-06-24 23:47:17,101 [om1@group-C5BA1605619E-LeaderElection37] INFO  server.RaftServerConfigKeys (ConfUtils.java:logGet(46)) - raft.server.write.element-limit = 4096 (default)
2022-06-24 23:47:17,101 [om1@group-C5BA1605619E-LeaderElection37] INFO  server.RaftServerConfigKeys (ConfUtils.java:logGet(46)) - raft.server.write.byte-limit = 64MB (=67108864) (default)
2022-06-24 23:47:17,101 [om1@group-C5BA1605619E-LeaderElection37] INFO  server.RaftServerConfigKeys (ConfUtils.java:logGet(46)) - raft.server.watch.timeout = 10s (default)
2022-06-24 23:47:17,101 [om1@group-C5BA1605619E-LeaderElection37] INFO  server.RaftServerConfigKeys (ConfUtils.java:logGet(46)) - raft.server.watch.timeout.denomination = 1s (default)
2022-06-24 23:47:17,101 [om1@group-C5BA1605619E-LeaderElection37] INFO  server.RaftServerConfigKeys (ConfUtils.java:logGet(46)) - raft.server.watch.element-limit = 65536 (default)
2022-06-24 23:47:17,101 [om1@group-C5BA1605619E-LeaderElection37] INFO  server.RaftServerConfigKeys (ConfUtils.java:logGet(46)) - raft.server.write.element-limit = 4096 (default)
2022-06-24 23:47:17,101 [om1@group-C5BA1605619E-LeaderElection37] INFO  server.RaftServerConfigKeys (ConfUtils.java:logGet(46)) - raft.server.write.follower.gap.ratio.max = -1.0 (default)
2022-06-24 23:47:17,101 [om1@group-C5BA1605619E-LeaderElection37] INFO  impl.RoleInfo (RoleInfo.java:updateAndGet(139)) - om1: start om1@group-C5BA1605619E-LeaderStateImpl
2022-06-24 23:47:17,102 [om1@group-C5BA1605619E-LeaderElection37] INFO  segmented.SegmentedRaftLogWorker (SegmentedRaftLogWorker.java:startLogSegment(425)) - om1@group-C5BA1605619E-SegmentedRaftLogWorker: Starting segment from index:0
2022-06-24 23:47:17,113 [Listener at 127.0.0.1/33165] INFO  upgrade.AbstractLayoutVersionManager (AbstractLayoutVersionManager.java:init(82)) - Initializing Layout version manager with metadata layout = DATANODE_SCHEMA_V3 (version = 4), software layout = DATANODE_SCHEMA_V3 (version = 4)
2022-06-24 23:47:17,119 [om1@group-C5BA1605619E-LeaderElection37] INFO  server.RaftServer$Division (ServerState.java:setRaftConf(393)) - om1@group-C5BA1605619E: set configuration 0: [om1|rpc:localhost:9872|admin:|client:|dataStream:|priority:0], old=null
2022-06-24 23:47:17,128 [om1@group-C5BA1605619E-SegmentedRaftLogWorker] INFO  segmented.SegmentedRaftLogWorker (SegmentedRaftLogWorker.java:execute(629)) - om1@group-C5BA1605619E-SegmentedRaftLogWorker: created new log segment /home/runner/work/ozone/ozone/hadoop-ozone/integration-test/target/test-dir/MiniOzoneClusterImpl-579f371f-51d7-44c0-bf7c-5cb5e6cf7bc4/ozone-meta/ratis/bf265839-605b-3f16-9796-c5ba1605619e/current/log_inprogress_0
2022-06-24 23:47:17,135 [om1@group-C5BA1605619E-StateMachineUpdater] INFO  ratis.OzoneManagerStateMachine (OzoneManagerStateMachine.java:notifyConfigurationChanged(192)) - Received Configuration change notification from Ratis. New Peer list:
[id: "om1"
address: "localhost:9872"
]
2022-06-24 23:47:17,253 [Listener at 127.0.0.1/33165] INFO  reflections.Reflections (Reflections.java:scan(232)) - Reflections took 138 ms to scan 7 urls, producing 131 keys and 316 values 
2022-06-24 23:47:17,256 [Listener at 127.0.0.1/33165] INFO  statemachine.DatanodeStateMachine (DatanodeStateMachine.java:getEndPointTaskThreadPoolSize(237)) - Datanode State Machine Task Thread Pool size 2
2022-06-24 23:47:17,271 [Listener at 127.0.0.1/33165] INFO  volume.HddsVolume (HddsVolume.java:<init>(116)) - Creating HddsVolume: /home/runner/work/ozone/ozone/hadoop-ozone/integration-test/target/test-dir/MiniOzoneClusterImpl-579f371f-51d7-44c0-bf7c-5cb5e6cf7bc4/datanode-1/data-0/containers/hdds of storage type : DISK capacity : 9223372036854775807
2022-06-24 23:47:17,272 [Listener at 127.0.0.1/33165] INFO  volume.MutableVolumeSet (MutableVolumeSet.java:initializeVolumeSet(174)) - Added Volume : /home/runner/work/ozone/ozone/hadoop-ozone/integration-test/target/test-dir/MiniOzoneClusterImpl-579f371f-51d7-44c0-bf7c-5cb5e6cf7bc4/datanode-1/data-0/containers/hdds to VolumeSet
2022-06-24 23:47:17,272 [Listener at 127.0.0.1/33165] INFO  volume.ThrottledAsyncChecker (ThrottledAsyncChecker.java:schedule(141)) - Scheduling a check for /home/runner/work/ozone/ozone/hadoop-ozone/integration-test/target/test-dir/MiniOzoneClusterImpl-579f371f-51d7-44c0-bf7c-5cb5e6cf7bc4/datanode-1/data-0/containers/hdds
2022-06-24 23:47:17,288 [Listener at 127.0.0.1/33165] INFO  volume.StorageVolumeChecker (StorageVolumeChecker.java:checkAllVolumes(202)) - Scheduled health check for volume /home/runner/work/ozone/ozone/hadoop-ozone/integration-test/target/test-dir/MiniOzoneClusterImpl-579f371f-51d7-44c0-bf7c-5cb5e6cf7bc4/datanode-1/data-0/containers/hdds
2022-06-24 23:47:17,300 [Listener at 127.0.0.1/33165] INFO  volume.MutableVolumeSet (MutableVolumeSet.java:initializeVolumeSet(174)) - Added Volume : /home/runner/work/ozone/ozone/hadoop-ozone/integration-test/target/test-dir/MiniOzoneClusterImpl-579f371f-51d7-44c0-bf7c-5cb5e6cf7bc4/datanode-1/data/ratis to VolumeSet
2022-06-24 23:47:17,300 [Listener at 127.0.0.1/33165] INFO  volume.ThrottledAsyncChecker (ThrottledAsyncChecker.java:schedule(141)) - Scheduling a check for /home/runner/work/ozone/ozone/hadoop-ozone/integration-test/target/test-dir/MiniOzoneClusterImpl-579f371f-51d7-44c0-bf7c-5cb5e6cf7bc4/datanode-1/data/ratis
2022-06-24 23:47:17,300 [Listener at 127.0.0.1/33165] INFO  volume.StorageVolumeChecker (StorageVolumeChecker.java:checkAllVolumes(202)) - Scheduled health check for volume /home/runner/work/ozone/ozone/hadoop-ozone/integration-test/target/test-dir/MiniOzoneClusterImpl-579f371f-51d7-44c0-bf7c-5cb5e6cf7bc4/datanode-1/data/ratis
2022-06-24 23:47:17,325 [Thread-1004] INFO  ozoneimpl.ContainerReader (ContainerReader.java:readVolume(172)) - Finish verifying containers on volume /home/runner/work/ozone/ozone/hadoop-ozone/integration-test/target/test-dir/MiniOzoneClusterImpl-579f371f-51d7-44c0-bf7c-5cb5e6cf7bc4/datanode-1/data-0/containers/hdds
2022-06-24 23:47:17,325 [Listener at 127.0.0.1/33165] INFO  ozoneimpl.OzoneContainer (OzoneContainer.java:buildContainerSet(266)) - Build ContainerSet costs 0s
2022-06-24 23:47:17,327 [Listener at 127.0.0.1/33165] INFO  server.RaftServer (ConfUtils.java:logGet(46)) - raft.rpc.type = GRPC (default)
2022-06-24 23:47:17,328 [Listener at 127.0.0.1/33165] INFO  grpc.GrpcFactory (GrpcFactory.java:checkPooledByteBufAllocatorUseCacheForAllThreads(48)) - PERFORMANCE WARNING: useCacheForAllThreads is true that may cause Netty to create a lot garbage objects and, as a result, trigger GC.
	It is recommended to disable useCacheForAllThreads by setting -Dorg.apache.ratis.thirdparty.io.netty.allocator.useCacheForAllThreads=false in command line.
2022-06-24 23:47:17,328 [Listener at 127.0.0.1/33165] INFO  grpc.GrpcConfigKeys (ConfUtils.java:logGet(46)) - raft.grpc.admin.port = 0 (custom)
2022-06-24 23:47:17,328 [Listener at 127.0.0.1/33165] INFO  grpc.GrpcConfigKeys (ConfUtils.java:logGet(46)) - raft.grpc.client.port = 0 (custom)
2022-06-24 23:47:17,328 [Listener at 127.0.0.1/33165] INFO  grpc.GrpcConfigKeys (ConfUtils.java:logGet(46)) - raft.grpc.server.port = 0 (default)
2022-06-24 23:47:17,328 [Listener at 127.0.0.1/33165] INFO  server.GrpcService (ConfUtils.java:logGet(46)) - raft.grpc.message.size.max = 32MB (=33554432) (custom)
2022-06-24 23:47:17,328 [Listener at 127.0.0.1/33165] INFO  server.RaftServerConfigKeys (ConfUtils.java:logGet(46)) - raft.server.log.appender.buffer.byte-limit = 33554432 (custom)
2022-06-24 23:47:17,328 [Listener at 127.0.0.1/33165] INFO  server.GrpcService (ConfUtils.java:logGet(46)) - raft.grpc.flow.control.window = 5MB (=5242880) (custom)
2022-06-24 23:47:17,328 [Listener at 127.0.0.1/33165] INFO  server.RaftServerConfigKeys (ConfUtils.java:logGet(46)) - raft.server.rpc.request.timeout = 60s (custom)
2022-06-24 23:47:17,329 [Listener at 127.0.0.1/33165] INFO  grpc.GrpcConfigKeys (ConfUtils.java:logGet(46)) - raft.grpc.server.async.request.thread.pool.cached = true (default)
2022-06-24 23:47:17,329 [Listener at 127.0.0.1/33165] INFO  grpc.GrpcConfigKeys (ConfUtils.java:logGet(46)) - raft.grpc.server.async.request.thread.pool.size = 32 (default)
2022-06-24 23:47:17,330 [Listener at 127.0.0.1/33165] INFO  impl.DataStreamServerImpl (ConfUtils.java:logGet(46)) - raft.datastream.type = DISABLED (default)
2022-06-24 23:47:17,330 [Listener at 127.0.0.1/33165] INFO  server.RaftServerConfigKeys (ConfUtils.java:logGet(46)) - raft.server.threadpool.proxy.cached = true (default)
2022-06-24 23:47:17,330 [Listener at 127.0.0.1/33165] INFO  server.RaftServerConfigKeys (ConfUtils.java:logGet(46)) - raft.server.threadpool.proxy.size = 0 (default)
2022-06-24 23:47:17,330 [Listener at 127.0.0.1/33165] INFO  server.RaftServerConfigKeys (ConfUtils.java:logGet(46)) - raft.server.rpc.slowness.timeout = 300s (custom)
2022-06-24 23:47:17,330 [Listener at 127.0.0.1/33165] INFO  server.RaftServerConfigKeys (ConfUtils.java:logGet(46)) - raft.server.leaderelection.leader.step-down.wait-time = 10s (default)
2022-06-24 23:47:17,330 [Listener at 127.0.0.1/33165] INFO  server.RaftServerConfigKeys (ConfUtils.java:logGet(46)) - raft.server.storage.dir = [/home/runner/work/ozone/ozone/hadoop-ozone/integration-test/target/test-dir/MiniOzoneClusterImpl-579f371f-51d7-44c0-bf7c-5cb5e6cf7bc4/datanode-1/data/ratis] (custom)
2022-06-24 23:47:17,370 [Listener at 127.0.0.1/33165] INFO  server.XceiverServerGrpc (XceiverServerGrpc.java:<init>(132)) - GrpcServer channel type EpollServerSocketChannel
2022-06-24 23:47:17,383 [Listener at 127.0.0.1/33165] INFO  http.BaseHttpServer (BaseHttpServer.java:newHttpServer2BuilderForOzone(209)) - Starting Web-server for hddsDatanode at: http://0.0.0.0:0
2022-06-24 23:47:17,383 [Listener at 127.0.0.1/33165] INFO  http.BaseHttpServer (BaseHttpServer.java:<init>(107)) - Hadoop Security Enabled: false Ozone Security Enabled: false Ozone HTTP Security Enabled: false 
2022-06-24 23:47:17,384 [Listener at 127.0.0.1/33165] INFO  server.AuthenticationFilter (AuthenticationFilter.java:constructSecretProvider(240)) - Unable to initialize FileSignerSecretProvider, falling back to use random secrets.
2022-06-24 23:47:17,411 [Listener at 127.0.0.1/33165] WARN  http.HttpRequestLog (HttpRequestLog.java:getRequestLog(103)) - Jetty request log can only be enabled using Log4j
2022-06-24 23:47:17,412 [Listener at 127.0.0.1/33165] INFO  http.HttpServer2 (HttpServer2.java:addGlobalFilter(1029)) - Added global filter 'safety' (class=org.apache.hadoop.hdds.server.http.HttpServer2$QuotingInputFilter)
2022-06-24 23:47:17,413 [Listener at 127.0.0.1/33165] INFO  http.HttpServer2 (HttpServer2.java:addFilter(1005)) - Added filter static_user_filter (class=org.apache.hadoop.http.lib.StaticUserWebFilter$StaticUserFilter) to context hddsDatanode
2022-06-24 23:47:17,413 [Listener at 127.0.0.1/33165] INFO  http.HttpServer2 (HttpServer2.java:addFilter(1013)) - Added filter static_user_filter (class=org.apache.hadoop.http.lib.StaticUserWebFilter$StaticUserFilter) to context static
2022-06-24 23:47:17,413 [Listener at 127.0.0.1/33165] INFO  http.HttpServer2 (HttpServer2.java:addFilter(1013)) - Added filter static_user_filter (class=org.apache.hadoop.http.lib.StaticUserWebFilter$StaticUserFilter) to context logs
2022-06-24 23:47:17,414 [Listener at 127.0.0.1/33165] INFO  http.HttpServer2 (HttpServer2.java:bindListener(1248)) - Jetty bound to port 43353
2022-06-24 23:47:17,414 [Listener at 127.0.0.1/33165] INFO  server.Server (Server.java:doStart(375)) - jetty-9.4.43.v20210629; built: 2021-06-30T11:07:22.254Z; git: 526006ecfa3af7f1a27ef3a288e2bef7ea9dd7e8; jvm 1.8.0_332-b09
2022-06-24 23:47:17,488 [Listener at 127.0.0.1/33165] INFO  server.session (DefaultSessionIdManager.java:doStart(334)) - DefaultSessionIdManager workerName=node0
2022-06-24 23:47:17,488 [Listener at 127.0.0.1/33165] INFO  server.session (DefaultSessionIdManager.java:doStart(339)) - No SessionScavenger set, using defaults
2022-06-24 23:47:17,489 [Listener at 127.0.0.1/33165] INFO  server.session (HouseKeeper.java:startScavenging(132)) - node0 Scavenging every 660000ms
2022-06-24 23:47:17,494 [Listener at 127.0.0.1/33165] INFO  handler.ContextHandler (ContextHandler.java:doStart(915)) - Started o.e.j.s.ServletContextHandler@6549398{logs,/logs,file:///home/runner/work/ozone/ozone/hadoop-ozone/integration-test/target/log,AVAILABLE}
2022-06-24 23:47:17,494 [Listener at 127.0.0.1/33165] INFO  handler.ContextHandler (ContextHandler.java:doStart(915)) - Started o.e.j.s.ServletContextHandler@28f05506{static,/static,jar:file:/home/runner/.m2/repository/org/apache/ozone/hdds-container-service/1.3.0-SNAPSHOT/hdds-container-service-1.3.0-SNAPSHOT.jar!/webapps/static,AVAILABLE}
2022-06-24 23:47:17,827 [Listener at 127.0.0.1/33165] INFO  handler.ContextHandler (ContextHandler.java:doStart(915)) - Started o.e.j.w.WebAppContext@6dbed05{hddsDatanode,/,file:///tmp/jetty-0_0_0_0-43353-hdds-container-service-1_3_0-SNAPSHOT_jar-_-any-4829112295464626040/webapp/,AVAILABLE}{jar:file:/home/runner/.m2/repository/org/apache/ozone/hdds-container-service/1.3.0-SNAPSHOT/hdds-container-service-1.3.0-SNAPSHOT.jar!/webapps/hddsDatanode}
2022-06-24 23:47:17,838 [Listener at 127.0.0.1/33165] INFO  server.AbstractConnector (AbstractConnector.java:doStart(331)) - Started ServerConnector@5de1b3ee{HTTP/1.1, (http/1.1)}{0.0.0.0:43353}
2022-06-24 23:47:17,838 [Listener at 127.0.0.1/33165] INFO  server.Server (Server.java:doStart(415)) - Started @151419ms
2022-06-24 23:47:17,838 [Listener at 127.0.0.1/33165] WARN  impl.MetricsSystemImpl (MetricsSystemImpl.java:register(279)) - Sink prometheus already exists!
2022-06-24 23:47:17,844 [Listener at 127.0.0.1/33165] INFO  http.BaseHttpServer (BaseHttpServer.java:updateConnectorAddress(329)) - HTTP server of hddsDatanode listening at http://0.0.0.0:43353
2022-06-24 23:47:17,853 [Listener at 127.0.0.1/33165] WARN  impl.MetricRegistriesImpl (MetricRegistriesImpl.java:addReporterRegistration(111)) - New reporters are added after registries were created. Some metrics will be missing from the reporter. Please add reporter before adding any new registry.
2022-06-24 23:47:17,853 [Listener at 127.0.0.1/33165] WARN  impl.MetricRegistriesImpl (MetricRegistriesImpl.java:addReporterRegistration(111)) - New reporters are added after registries were created. Some metrics will be missing from the reporter. Please add reporter before adding any new registry.
2022-06-24 23:47:17,853 [Listener at 127.0.0.1/33165] INFO  impl.MetricsSystemImpl (MetricsSystemImpl.java:init(158)) - HddsDatanode metrics system started (again)
2022-06-24 23:47:17,859 [Datanode State Machine Daemon Thread] INFO  statemachine.DatanodeStateMachine (DatanodeStateMachine.java:lambda$startDaemon$0(492)) - Ozone container server started.
2022-06-24 23:47:17,900 [Listener at 127.0.0.1/33165] INFO  ozone.HddsDatanodeService (HddsDatanodeService.java:start(236)) - HddsDatanodeService host:fv-az21-224.v4iizcarkezebbfea14bcgzyke.bx.internal.cloudapp.net ip:10.1.0.24
2022-06-24 23:47:17,925 [org.apache.hadoop.util.JvmPauseMonitor$Monitor@4651ea07] INFO  util.JvmPauseMonitor (JvmPauseMonitor.java:run(188)) - Starting JVM pause monitor
2022-06-24 23:47:17,960 [Datanode State Machine Task Thread - 0] INFO  datanode.InitDatanodeState (InitDatanodeState.java:persistContainerDatanodeDetails(138)) - DatanodeDetails is persisted to /home/runner/work/ozone/ozone/hadoop-ozone/integration-test/target/test-dir/MiniOzoneClusterImpl-579f371f-51d7-44c0-bf7c-5cb5e6cf7bc4/datanode-1/meta/datanode.id
2022-06-24 23:47:17,968 [Listener at 127.0.0.1/33165] INFO  upgrade.AbstractLayoutVersionManager (AbstractLayoutVersionManager.java:init(82)) - Initializing Layout version manager with metadata layout = DATANODE_SCHEMA_V3 (version = 4), software layout = DATANODE_SCHEMA_V3 (version = 4)
2022-06-24 23:47:18,055 [Listener at 127.0.0.1/33165] INFO  reflections.Reflections (Reflections.java:scan(232)) - Reflections took 86 ms to scan 7 urls, producing 131 keys and 316 values 
2022-06-24 23:47:18,058 [Listener at 127.0.0.1/33165] INFO  statemachine.DatanodeStateMachine (DatanodeStateMachine.java:getEndPointTaskThreadPoolSize(237)) - Datanode State Machine Task Thread Pool size 2
2022-06-24 23:47:18,059 [Listener at 127.0.0.1/33165] INFO  volume.HddsVolume (HddsVolume.java:<init>(116)) - Creating HddsVolume: /home/runner/work/ozone/ozone/hadoop-ozone/integration-test/target/test-dir/MiniOzoneClusterImpl-579f371f-51d7-44c0-bf7c-5cb5e6cf7bc4/datanode-2/data-0/containers/hdds of storage type : DISK capacity : 9223372036854775807
2022-06-24 23:47:18,060 [Listener at 127.0.0.1/33165] INFO  volume.MutableVolumeSet (MutableVolumeSet.java:initializeVolumeSet(174)) - Added Volume : /home/runner/work/ozone/ozone/hadoop-ozone/integration-test/target/test-dir/MiniOzoneClusterImpl-579f371f-51d7-44c0-bf7c-5cb5e6cf7bc4/datanode-2/data-0/containers/hdds to VolumeSet
2022-06-24 23:47:18,060 [Listener at 127.0.0.1/33165] INFO  volume.ThrottledAsyncChecker (ThrottledAsyncChecker.java:schedule(141)) - Scheduling a check for /home/runner/work/ozone/ozone/hadoop-ozone/integration-test/target/test-dir/MiniOzoneClusterImpl-579f371f-51d7-44c0-bf7c-5cb5e6cf7bc4/datanode-2/data-0/containers/hdds
2022-06-24 23:47:18,060 [Listener at 127.0.0.1/33165] INFO  volume.StorageVolumeChecker (StorageVolumeChecker.java:checkAllVolumes(202)) - Scheduled health check for volume /home/runner/work/ozone/ozone/hadoop-ozone/integration-test/target/test-dir/MiniOzoneClusterImpl-579f371f-51d7-44c0-bf7c-5cb5e6cf7bc4/datanode-2/data-0/containers/hdds
2022-06-24 23:47:18,090 [Listener at 127.0.0.1/33165] INFO  volume.MutableVolumeSet (MutableVolumeSet.java:initializeVolumeSet(174)) - Added Volume : /home/runner/work/ozone/ozone/hadoop-ozone/integration-test/target/test-dir/MiniOzoneClusterImpl-579f371f-51d7-44c0-bf7c-5cb5e6cf7bc4/datanode-2/data/ratis to VolumeSet
2022-06-24 23:47:18,099 [Listener at 127.0.0.1/33165] INFO  volume.ThrottledAsyncChecker (ThrottledAsyncChecker.java:schedule(141)) - Scheduling a check for /home/runner/work/ozone/ozone/hadoop-ozone/integration-test/target/test-dir/MiniOzoneClusterImpl-579f371f-51d7-44c0-bf7c-5cb5e6cf7bc4/datanode-2/data/ratis
2022-06-24 23:47:18,099 [Listener at 127.0.0.1/33165] INFO  volume.StorageVolumeChecker (StorageVolumeChecker.java:checkAllVolumes(202)) - Scheduled health check for volume /home/runner/work/ozone/ozone/hadoop-ozone/integration-test/target/test-dir/MiniOzoneClusterImpl-579f371f-51d7-44c0-bf7c-5cb5e6cf7bc4/datanode-2/data/ratis
2022-06-24 23:47:18,163 [Thread-1017] INFO  ozoneimpl.ContainerReader (ContainerReader.java:readVolume(172)) - Finish verifying containers on volume /home/runner/work/ozone/ozone/hadoop-ozone/integration-test/target/test-dir/MiniOzoneClusterImpl-579f371f-51d7-44c0-bf7c-5cb5e6cf7bc4/datanode-2/data-0/containers/hdds
2022-06-24 23:47:18,164 [Listener at 127.0.0.1/33165] INFO  ozoneimpl.OzoneContainer (OzoneContainer.java:buildContainerSet(266)) - Build ContainerSet costs 0s
2022-06-24 23:47:18,167 [Listener at 127.0.0.1/33165] INFO  server.RaftServer (ConfUtils.java:logGet(46)) - raft.rpc.type = GRPC (default)
2022-06-24 23:47:18,170 [Listener at 127.0.0.1/33165] INFO  grpc.GrpcFactory (GrpcFactory.java:checkPooledByteBufAllocatorUseCacheForAllThreads(48)) - PERFORMANCE WARNING: useCacheForAllThreads is true that may cause Netty to create a lot garbage objects and, as a result, trigger GC.
	It is recommended to disable useCacheForAllThreads by setting -Dorg.apache.ratis.thirdparty.io.netty.allocator.useCacheForAllThreads=false in command line.
2022-06-24 23:47:18,176 [Listener at 127.0.0.1/33165] INFO  grpc.GrpcConfigKeys (ConfUtils.java:logGet(46)) - raft.grpc.admin.port = 0 (custom)
2022-06-24 23:47:18,176 [Listener at 127.0.0.1/33165] INFO  grpc.GrpcConfigKeys (ConfUtils.java:logGet(46)) - raft.grpc.client.port = 0 (custom)
2022-06-24 23:47:18,176 [Listener at 127.0.0.1/33165] INFO  grpc.GrpcConfigKeys (ConfUtils.java:logGet(46)) - raft.grpc.server.port = 0 (default)
2022-06-24 23:47:18,176 [Listener at 127.0.0.1/33165] INFO  server.GrpcService (ConfUtils.java:logGet(46)) - raft.grpc.message.size.max = 32MB (=33554432) (custom)
2022-06-24 23:47:18,177 [Listener at 127.0.0.1/33165] INFO  server.RaftServerConfigKeys (ConfUtils.java:logGet(46)) - raft.server.log.appender.buffer.byte-limit = 33554432 (custom)
2022-06-24 23:47:18,177 [Listener at 127.0.0.1/33165] INFO  server.GrpcService (ConfUtils.java:logGet(46)) - raft.grpc.flow.control.window = 5MB (=5242880) (custom)
2022-06-24 23:47:18,177 [Listener at 127.0.0.1/33165] INFO  server.RaftServerConfigKeys (ConfUtils.java:logGet(46)) - raft.server.rpc.request.timeout = 60s (custom)
2022-06-24 23:47:18,177 [Listener at 127.0.0.1/33165] INFO  grpc.GrpcConfigKeys (ConfUtils.java:logGet(46)) - raft.grpc.server.async.request.thread.pool.cached = true (default)
2022-06-24 23:47:18,177 [Listener at 127.0.0.1/33165] INFO  grpc.GrpcConfigKeys (ConfUtils.java:logGet(46)) - raft.grpc.server.async.request.thread.pool.size = 32 (default)
2022-06-24 23:47:18,178 [Listener at 127.0.0.1/33165] INFO  impl.DataStreamServerImpl (ConfUtils.java:logGet(46)) - raft.datastream.type = DISABLED (default)
2022-06-24 23:47:18,179 [Listener at 127.0.0.1/33165] INFO  server.RaftServerConfigKeys (ConfUtils.java:logGet(46)) - raft.server.threadpool.proxy.cached = true (default)
2022-06-24 23:47:18,179 [Listener at 127.0.0.1/33165] INFO  server.RaftServerConfigKeys (ConfUtils.java:logGet(46)) - raft.server.threadpool.proxy.size = 0 (default)
2022-06-24 23:47:18,179 [Listener at 127.0.0.1/33165] INFO  server.RaftServerConfigKeys (ConfUtils.java:logGet(46)) - raft.server.rpc.slowness.timeout = 300s (custom)
2022-06-24 23:47:18,180 [Listener at 127.0.0.1/33165] INFO  server.RaftServerConfigKeys (ConfUtils.java:logGet(46)) - raft.server.leaderelection.leader.step-down.wait-time = 10s (default)
2022-06-24 23:47:18,180 [Listener at 127.0.0.1/33165] INFO  server.RaftServerConfigKeys (ConfUtils.java:logGet(46)) - raft.server.storage.dir = [/home/runner/work/ozone/ozone/hadoop-ozone/integration-test/target/test-dir/MiniOzoneClusterImpl-579f371f-51d7-44c0-bf7c-5cb5e6cf7bc4/datanode-2/data/ratis] (custom)
2022-06-24 23:47:18,192 [Listener at 127.0.0.1/33165] INFO  server.XceiverServerGrpc (XceiverServerGrpc.java:<init>(132)) - GrpcServer channel type EpollServerSocketChannel
2022-06-24 23:47:18,197 [Listener at 127.0.0.1/33165] INFO  http.BaseHttpServer (BaseHttpServer.java:newHttpServer2BuilderForOzone(209)) - Starting Web-server for hddsDatanode at: http://0.0.0.0:0
2022-06-24 23:47:18,197 [Listener at 127.0.0.1/33165] INFO  http.BaseHttpServer (BaseHttpServer.java:<init>(107)) - Hadoop Security Enabled: false Ozone Security Enabled: false Ozone HTTP Security Enabled: false 
2022-06-24 23:47:18,198 [Listener at 127.0.0.1/33165] INFO  server.AuthenticationFilter (AuthenticationFilter.java:constructSecretProvider(240)) - Unable to initialize FileSignerSecretProvider, falling back to use random secrets.
2022-06-24 23:47:18,208 [Listener at 127.0.0.1/33165] WARN  http.HttpRequestLog (HttpRequestLog.java:getRequestLog(103)) - Jetty request log can only be enabled using Log4j
2022-06-24 23:47:18,209 [Listener at 127.0.0.1/33165] INFO  http.HttpServer2 (HttpServer2.java:addGlobalFilter(1029)) - Added global filter 'safety' (class=org.apache.hadoop.hdds.server.http.HttpServer2$QuotingInputFilter)
2022-06-24 23:47:18,237 [Listener at 127.0.0.1/33165] INFO  http.HttpServer2 (HttpServer2.java:addFilter(1005)) - Added filter static_user_filter (class=org.apache.hadoop.http.lib.StaticUserWebFilter$StaticUserFilter) to context hddsDatanode
2022-06-24 23:47:18,238 [Listener at 127.0.0.1/33165] INFO  http.HttpServer2 (HttpServer2.java:addFilter(1013)) - Added filter static_user_filter (class=org.apache.hadoop.http.lib.StaticUserWebFilter$StaticUserFilter) to context static
2022-06-24 23:47:18,238 [Listener at 127.0.0.1/33165] INFO  http.HttpServer2 (HttpServer2.java:addFilter(1013)) - Added filter static_user_filter (class=org.apache.hadoop.http.lib.StaticUserWebFilter$StaticUserFilter) to context logs
2022-06-24 23:47:18,238 [Listener at 127.0.0.1/33165] INFO  http.HttpServer2 (HttpServer2.java:bindListener(1248)) - Jetty bound to port 41335
2022-06-24 23:47:18,239 [Listener at 127.0.0.1/33165] INFO  server.Server (Server.java:doStart(375)) - jetty-9.4.43.v20210629; built: 2021-06-30T11:07:22.254Z; git: 526006ecfa3af7f1a27ef3a288e2bef7ea9dd7e8; jvm 1.8.0_332-b09
2022-06-24 23:47:18,249 [Listener at 127.0.0.1/33165] INFO  server.session (DefaultSessionIdManager.java:doStart(334)) - DefaultSessionIdManager workerName=node0
2022-06-24 23:47:18,249 [Listener at 127.0.0.1/33165] INFO  server.session (DefaultSessionIdManager.java:doStart(339)) - No SessionScavenger set, using defaults
2022-06-24 23:47:18,249 [Listener at 127.0.0.1/33165] INFO  server.session (HouseKeeper.java:startScavenging(132)) - node0 Scavenging every 600000ms
2022-06-24 23:47:18,251 [Listener at 127.0.0.1/33165] INFO  handler.ContextHandler (ContextHandler.java:doStart(915)) - Started o.e.j.s.ServletContextHandler@eaccef{logs,/logs,file:///home/runner/work/ozone/ozone/hadoop-ozone/integration-test/target/log,AVAILABLE}
2022-06-24 23:47:18,251 [Listener at 127.0.0.1/33165] INFO  handler.ContextHandler (ContextHandler.java:doStart(915)) - Started o.e.j.s.ServletContextHandler@36823961{static,/static,jar:file:/home/runner/.m2/repository/org/apache/ozone/hdds-container-service/1.3.0-SNAPSHOT/hdds-container-service-1.3.0-SNAPSHOT.jar!/webapps/static,AVAILABLE}
2022-06-24 23:47:18,490 [Listener at 127.0.0.1/33165] INFO  handler.ContextHandler (ContextHandler.java:doStart(915)) - Started o.e.j.w.WebAppContext@299b1a1c{hddsDatanode,/,file:///tmp/jetty-0_0_0_0-41335-hdds-container-service-1_3_0-SNAPSHOT_jar-_-any-3454353761750295739/webapp/,AVAILABLE}{jar:file:/home/runner/.m2/repository/org/apache/ozone/hdds-container-service/1.3.0-SNAPSHOT/hdds-container-service-1.3.0-SNAPSHOT.jar!/webapps/hddsDatanode}
2022-06-24 23:47:18,494 [Listener at 127.0.0.1/33165] INFO  server.AbstractConnector (AbstractConnector.java:doStart(331)) - Started ServerConnector@1007d7b1{HTTP/1.1, (http/1.1)}{0.0.0.0:41335}
2022-06-24 23:47:18,503 [Listener at 127.0.0.1/33165] INFO  server.Server (Server.java:doStart(415)) - Started @152083ms
2022-06-24 23:47:18,503 [Listener at 127.0.0.1/33165] WARN  impl.MetricsSystemImpl (MetricsSystemImpl.java:register(279)) - Sink prometheus already exists!
2022-06-24 23:47:18,504 [Listener at 127.0.0.1/33165] INFO  http.BaseHttpServer (BaseHttpServer.java:updateConnectorAddress(329)) - HTTP server of hddsDatanode listening at http://0.0.0.0:41335
2022-06-24 23:47:18,505 [Listener at 127.0.0.1/33165] WARN  impl.MetricRegistriesImpl (MetricRegistriesImpl.java:addReporterRegistration(111)) - New reporters are added after registries were created. Some metrics will be missing from the reporter. Please add reporter before adding any new registry.
2022-06-24 23:47:18,505 [Listener at 127.0.0.1/33165] WARN  impl.MetricRegistriesImpl (MetricRegistriesImpl.java:addReporterRegistration(111)) - New reporters are added after registries were created. Some metrics will be missing from the reporter. Please add reporter before adding any new registry.
2022-06-24 23:47:18,505 [Listener at 127.0.0.1/33165] INFO  impl.MetricsSystemImpl (MetricsSystemImpl.java:init(158)) - HddsDatanode metrics system started (again)
2022-06-24 23:47:18,523 [Datanode State Machine Daemon Thread] INFO  statemachine.DatanodeStateMachine (DatanodeStateMachine.java:lambda$startDaemon$0(492)) - Ozone container server started.
2022-06-24 23:47:18,576 [org.apache.hadoop.util.JvmPauseMonitor$Monitor@a72b65a] INFO  util.JvmPauseMonitor (JvmPauseMonitor.java:run(188)) - Starting JVM pause monitor
2022-06-24 23:47:18,585 [Datanode State Machine Task Thread - 0] INFO  datanode.InitDatanodeState (InitDatanodeState.java:persistContainerDatanodeDetails(138)) - DatanodeDetails is persisted to /home/runner/work/ozone/ozone/hadoop-ozone/integration-test/target/test-dir/MiniOzoneClusterImpl-579f371f-51d7-44c0-bf7c-5cb5e6cf7bc4/datanode-2/meta/datanode.id
2022-06-24 23:47:18,590 [Listener at 127.0.0.1/33165] INFO  ozone.HddsDatanodeService (HddsDatanodeService.java:start(236)) - HddsDatanodeService host:fv-az21-224.v4iizcarkezebbfea14bcgzyke.bx.internal.cloudapp.net ip:10.1.0.24
2022-06-24 23:47:18,675 [Listener at 127.0.0.1/33165] INFO  upgrade.AbstractLayoutVersionManager (AbstractLayoutVersionManager.java:init(82)) - Initializing Layout version manager with metadata layout = DATANODE_SCHEMA_V3 (version = 4), software layout = DATANODE_SCHEMA_V3 (version = 4)
2022-06-24 23:47:18,819 [Listener at 127.0.0.1/33165] INFO  reflections.Reflections (Reflections.java:scan(232)) - Reflections took 135 ms to scan 7 urls, producing 131 keys and 316 values 
2022-06-24 23:47:18,820 [Listener at 127.0.0.1/33165] INFO  statemachine.DatanodeStateMachine (DatanodeStateMachine.java:getEndPointTaskThreadPoolSize(237)) - Datanode State Machine Task Thread Pool size 2
2022-06-24 23:47:18,872 [Listener at 127.0.0.1/33165] INFO  volume.HddsVolume (HddsVolume.java:<init>(116)) - Creating HddsVolume: /home/runner/work/ozone/ozone/hadoop-ozone/integration-test/target/test-dir/MiniOzoneClusterImpl-579f371f-51d7-44c0-bf7c-5cb5e6cf7bc4/datanode-3/data-0/containers/hdds of storage type : DISK capacity : 9223372036854775807
2022-06-24 23:47:18,873 [Listener at 127.0.0.1/33165] INFO  volume.MutableVolumeSet (MutableVolumeSet.java:initializeVolumeSet(174)) - Added Volume : /home/runner/work/ozone/ozone/hadoop-ozone/integration-test/target/test-dir/MiniOzoneClusterImpl-579f371f-51d7-44c0-bf7c-5cb5e6cf7bc4/datanode-3/data-0/containers/hdds to VolumeSet
2022-06-24 23:47:18,873 [Listener at 127.0.0.1/33165] INFO  volume.ThrottledAsyncChecker (ThrottledAsyncChecker.java:schedule(141)) - Scheduling a check for /home/runner/work/ozone/ozone/hadoop-ozone/integration-test/target/test-dir/MiniOzoneClusterImpl-579f371f-51d7-44c0-bf7c-5cb5e6cf7bc4/datanode-3/data-0/containers/hdds
2022-06-24 23:47:18,885 [Listener at 127.0.0.1/33165] INFO  volume.StorageVolumeChecker (StorageVolumeChecker.java:checkAllVolumes(202)) - Scheduled health check for volume /home/runner/work/ozone/ozone/hadoop-ozone/integration-test/target/test-dir/MiniOzoneClusterImpl-579f371f-51d7-44c0-bf7c-5cb5e6cf7bc4/datanode-3/data-0/containers/hdds
2022-06-24 23:47:18,921 [Listener at 127.0.0.1/33165] INFO  volume.MutableVolumeSet (MutableVolumeSet.java:initializeVolumeSet(174)) - Added Volume : /home/runner/work/ozone/ozone/hadoop-ozone/integration-test/target/test-dir/MiniOzoneClusterImpl-579f371f-51d7-44c0-bf7c-5cb5e6cf7bc4/datanode-3/data/ratis to VolumeSet
2022-06-24 23:47:18,921 [Listener at 127.0.0.1/33165] INFO  volume.ThrottledAsyncChecker (ThrottledAsyncChecker.java:schedule(141)) - Scheduling a check for /home/runner/work/ozone/ozone/hadoop-ozone/integration-test/target/test-dir/MiniOzoneClusterImpl-579f371f-51d7-44c0-bf7c-5cb5e6cf7bc4/datanode-3/data/ratis
2022-06-24 23:47:18,934 [Listener at 127.0.0.1/33165] INFO  volume.StorageVolumeChecker (StorageVolumeChecker.java:checkAllVolumes(202)) - Scheduled health check for volume /home/runner/work/ozone/ozone/hadoop-ozone/integration-test/target/test-dir/MiniOzoneClusterImpl-579f371f-51d7-44c0-bf7c-5cb5e6cf7bc4/datanode-3/data/ratis
2022-06-24 23:47:18,991 [Thread-1030] INFO  ozoneimpl.ContainerReader (ContainerReader.java:readVolume(172)) - Finish verifying containers on volume /home/runner/work/ozone/ozone/hadoop-ozone/integration-test/target/test-dir/MiniOzoneClusterImpl-579f371f-51d7-44c0-bf7c-5cb5e6cf7bc4/datanode-3/data-0/containers/hdds
2022-06-24 23:47:18,991 [Listener at 127.0.0.1/33165] INFO  ozoneimpl.OzoneContainer (OzoneContainer.java:buildContainerSet(266)) - Build ContainerSet costs 0s
2022-06-24 23:47:19,002 [Listener at 127.0.0.1/33165] INFO  server.RaftServer (ConfUtils.java:logGet(46)) - raft.rpc.type = GRPC (default)
2022-06-24 23:47:19,002 [Listener at 127.0.0.1/33165] INFO  grpc.GrpcFactory (GrpcFactory.java:checkPooledByteBufAllocatorUseCacheForAllThreads(48)) - PERFORMANCE WARNING: useCacheForAllThreads is true that may cause Netty to create a lot garbage objects and, as a result, trigger GC.
	It is recommended to disable useCacheForAllThreads by setting -Dorg.apache.ratis.thirdparty.io.netty.allocator.useCacheForAllThreads=false in command line.
2022-06-24 23:47:19,002 [Listener at 127.0.0.1/33165] INFO  grpc.GrpcConfigKeys (ConfUtils.java:logGet(46)) - raft.grpc.admin.port = 0 (custom)
2022-06-24 23:47:19,002 [Listener at 127.0.0.1/33165] INFO  grpc.GrpcConfigKeys (ConfUtils.java:logGet(46)) - raft.grpc.client.port = 0 (custom)
2022-06-24 23:47:19,002 [Listener at 127.0.0.1/33165] INFO  grpc.GrpcConfigKeys (ConfUtils.java:logGet(46)) - raft.grpc.server.port = 0 (default)
2022-06-24 23:47:19,003 [Listener at 127.0.0.1/33165] INFO  server.GrpcService (ConfUtils.java:logGet(46)) - raft.grpc.message.size.max = 32MB (=33554432) (custom)
2022-06-24 23:47:19,003 [Listener at 127.0.0.1/33165] INFO  server.RaftServerConfigKeys (ConfUtils.java:logGet(46)) - raft.server.log.appender.buffer.byte-limit = 33554432 (custom)
2022-06-24 23:47:19,003 [Listener at 127.0.0.1/33165] INFO  server.GrpcService (ConfUtils.java:logGet(46)) - raft.grpc.flow.control.window = 5MB (=5242880) (custom)
2022-06-24 23:47:19,003 [Listener at 127.0.0.1/33165] INFO  server.RaftServerConfigKeys (ConfUtils.java:logGet(46)) - raft.server.rpc.request.timeout = 60s (custom)
2022-06-24 23:47:19,004 [Listener at 127.0.0.1/33165] INFO  grpc.GrpcConfigKeys (ConfUtils.java:logGet(46)) - raft.grpc.server.async.request.thread.pool.cached = true (default)
2022-06-24 23:47:19,004 [Listener at 127.0.0.1/33165] INFO  grpc.GrpcConfigKeys (ConfUtils.java:logGet(46)) - raft.grpc.server.async.request.thread.pool.size = 32 (default)
2022-06-24 23:47:19,012 [Listener at 127.0.0.1/33165] INFO  impl.DataStreamServerImpl (ConfUtils.java:logGet(46)) - raft.datastream.type = DISABLED (default)
2022-06-24 23:47:19,012 [Listener at 127.0.0.1/33165] INFO  server.RaftServerConfigKeys (ConfUtils.java:logGet(46)) - raft.server.threadpool.proxy.cached = true (default)
2022-06-24 23:47:19,013 [Listener at 127.0.0.1/33165] INFO  server.RaftServerConfigKeys (ConfUtils.java:logGet(46)) - raft.server.threadpool.proxy.size = 0 (default)
2022-06-24 23:47:19,013 [Listener at 127.0.0.1/33165] INFO  server.RaftServerConfigKeys (ConfUtils.java:logGet(46)) - raft.server.rpc.slowness.timeout = 300s (custom)
2022-06-24 23:47:19,013 [Listener at 127.0.0.1/33165] INFO  server.RaftServerConfigKeys (ConfUtils.java:logGet(46)) - raft.server.leaderelection.leader.step-down.wait-time = 10s (default)
2022-06-24 23:47:19,013 [Listener at 127.0.0.1/33165] INFO  server.RaftServerConfigKeys (ConfUtils.java:logGet(46)) - raft.server.storage.dir = [/home/runner/work/ozone/ozone/hadoop-ozone/integration-test/target/test-dir/MiniOzoneClusterImpl-579f371f-51d7-44c0-bf7c-5cb5e6cf7bc4/datanode-3/data/ratis] (custom)
2022-06-24 23:47:19,019 [Listener at 127.0.0.1/33165] INFO  server.XceiverServerGrpc (XceiverServerGrpc.java:<init>(132)) - GrpcServer channel type EpollServerSocketChannel
2022-06-24 23:47:19,023 [Listener at 127.0.0.1/33165] INFO  http.BaseHttpServer (BaseHttpServer.java:newHttpServer2BuilderForOzone(209)) - Starting Web-server for hddsDatanode at: http://0.0.0.0:0
2022-06-24 23:47:19,023 [Listener at 127.0.0.1/33165] INFO  http.BaseHttpServer (BaseHttpServer.java:<init>(107)) - Hadoop Security Enabled: false Ozone Security Enabled: false Ozone HTTP Security Enabled: false 
2022-06-24 23:47:19,031 [Listener at 127.0.0.1/33165] INFO  server.AuthenticationFilter (AuthenticationFilter.java:constructSecretProvider(240)) - Unable to initialize FileSignerSecretProvider, falling back to use random secrets.
2022-06-24 23:47:19,043 [Listener at 127.0.0.1/33165] WARN  http.HttpRequestLog (HttpRequestLog.java:getRequestLog(103)) - Jetty request log can only be enabled using Log4j
2022-06-24 23:47:19,044 [Listener at 127.0.0.1/33165] INFO  http.HttpServer2 (HttpServer2.java:addGlobalFilter(1029)) - Added global filter 'safety' (class=org.apache.hadoop.hdds.server.http.HttpServer2$QuotingInputFilter)
2022-06-24 23:47:19,044 [Listener at 127.0.0.1/33165] INFO  http.HttpServer2 (HttpServer2.java:addFilter(1005)) - Added filter static_user_filter (class=org.apache.hadoop.http.lib.StaticUserWebFilter$StaticUserFilter) to context hddsDatanode
2022-06-24 23:47:19,045 [Listener at 127.0.0.1/33165] INFO  http.HttpServer2 (HttpServer2.java:addFilter(1013)) - Added filter static_user_filter (class=org.apache.hadoop.http.lib.StaticUserWebFilter$StaticUserFilter) to context static
2022-06-24 23:47:19,045 [Listener at 127.0.0.1/33165] INFO  http.HttpServer2 (HttpServer2.java:addFilter(1013)) - Added filter static_user_filter (class=org.apache.hadoop.http.lib.StaticUserWebFilter$StaticUserFilter) to context logs
2022-06-24 23:47:19,045 [Listener at 127.0.0.1/33165] INFO  http.HttpServer2 (HttpServer2.java:bindListener(1248)) - Jetty bound to port 32769
2022-06-24 23:47:19,045 [Listener at 127.0.0.1/33165] INFO  server.Server (Server.java:doStart(375)) - jetty-9.4.43.v20210629; built: 2021-06-30T11:07:22.254Z; git: 526006ecfa3af7f1a27ef3a288e2bef7ea9dd7e8; jvm 1.8.0_332-b09
2022-06-24 23:47:19,074 [Listener at 127.0.0.1/33165] INFO  server.session (DefaultSessionIdManager.java:doStart(334)) - DefaultSessionIdManager workerName=node0
2022-06-24 23:47:19,074 [Listener at 127.0.0.1/33165] INFO  server.session (DefaultSessionIdManager.java:doStart(339)) - No SessionScavenger set, using defaults
2022-06-24 23:47:19,078 [Listener at 127.0.0.1/33165] INFO  server.session (HouseKeeper.java:startScavenging(132)) - node0 Scavenging every 600000ms
2022-06-24 23:47:19,084 [Listener at 127.0.0.1/33165] INFO  handler.ContextHandler (ContextHandler.java:doStart(915)) - Started o.e.j.s.ServletContextHandler@5dbad5d5{logs,/logs,file:///home/runner/work/ozone/ozone/hadoop-ozone/integration-test/target/log,AVAILABLE}
2022-06-24 23:47:19,084 [Listener at 127.0.0.1/33165] INFO  handler.ContextHandler (ContextHandler.java:doStart(915)) - Started o.e.j.s.ServletContextHandler@7ccc0319{static,/static,jar:file:/home/runner/.m2/repository/org/apache/ozone/hdds-container-service/1.3.0-SNAPSHOT/hdds-container-service-1.3.0-SNAPSHOT.jar!/webapps/static,AVAILABLE}
2022-06-24 23:47:19,255 [EndpointStateMachine task thread for /0.0.0.0:41993 - 0 ] INFO  volume.HddsVolume (HddsVolume.java:createDbStore(309)) - SchemaV3 db is created and loaded at /home/runner/work/ozone/ozone/hadoop-ozone/integration-test/target/test-dir/MiniOzoneClusterImpl-579f371f-51d7-44c0-bf7c-5cb5e6cf7bc4/datanode-0/data-0/containers/hdds/579f371f-51d7-44c0-bf7c-5cb5e6cf7bc4/DS-83a17cba-cb24-41d7-8509-2bef1537a4c0/container.db for volume DS-83a17cba-cb24-41d7-8509-2bef1537a4c0
2022-06-24 23:47:19,263 [EndpointStateMachine task thread for /0.0.0.0:41993 - 0 ] INFO  volume.HddsVolume (HddsVolume.java:closeDbStore(340)) - SchemaV3 db is stopped at /home/runner/work/ozone/ozone/hadoop-ozone/integration-test/target/test-dir/MiniOzoneClusterImpl-579f371f-51d7-44c0-bf7c-5cb5e6cf7bc4/datanode-0/data-0/containers/hdds/579f371f-51d7-44c0-bf7c-5cb5e6cf7bc4/DS-83a17cba-cb24-41d7-8509-2bef1537a4c0/container.db for volume DS-83a17cba-cb24-41d7-8509-2bef1537a4c0
2022-06-24 23:47:19,263 [EndpointStateMachine task thread for /0.0.0.0:41993 - 0 ] INFO  ozoneimpl.OzoneContainer (OzoneContainer.java:start(344)) - Attempting to start container services.
2022-06-24 23:47:19,263 [EndpointStateMachine task thread for /0.0.0.0:41993 - 0 ] INFO  ozoneimpl.OzoneContainer (OzoneContainer.java:startContainerScrub(279)) - Background container scanner has been disabled.
2022-06-24 23:47:19,287 [EndpointStateMachine task thread for /0.0.0.0:41993 - 0 ] INFO  replication.ReplicationServer (ReplicationServer.java:start(111)) - ReplicationServer is started using port 36737
2022-06-24 23:47:19,288 [EndpointStateMachine task thread for /0.0.0.0:41993 - 0 ] INFO  ratis.XceiverServerRatis (XceiverServerRatis.java:start(481)) - Starting XceiverServerRatis b721671c-f2e0-4f32-a472-e04e394ae124
2022-06-24 23:47:19,291 [EndpointStateMachine task thread for /0.0.0.0:41993 - 0 ] INFO  server.RaftServer (RaftServerProxy.java:lambda$start$6(382)) - b721671c-f2e0-4f32-a472-e04e394ae124: start RPC server
2022-06-24 23:47:19,293 [EndpointStateMachine task thread for /0.0.0.0:41993 - 0 ] INFO  server.GrpcService (GrpcService.java:startImpl(260)) - b721671c-f2e0-4f32-a472-e04e394ae124: GrpcService started, listening on 41813
2022-06-24 23:47:19,293 [EndpointStateMachine task thread for /0.0.0.0:41993 - 0 ] INFO  ratis.XceiverServerRatis (XceiverServerRatis.java:getRealPort(502)) - XceiverServerRatis b721671c-f2e0-4f32-a472-e04e394ae124 is started using port 41813 for RATIS
2022-06-24 23:47:19,293 [EndpointStateMachine task thread for /0.0.0.0:41993 - 0 ] INFO  ratis.XceiverServerRatis (XceiverServerRatis.java:getRealPort(502)) - XceiverServerRatis b721671c-f2e0-4f32-a472-e04e394ae124 is started using port 41813 for RATIS_ADMIN
2022-06-24 23:47:19,293 [EndpointStateMachine task thread for /0.0.0.0:41993 - 0 ] INFO  ratis.XceiverServerRatis (XceiverServerRatis.java:getRealPort(502)) - XceiverServerRatis b721671c-f2e0-4f32-a472-e04e394ae124 is started using port 41813 for RATIS_SERVER
2022-06-24 23:47:19,294 [org.apache.ratis.util.JvmPauseMonitor$$Lambda$627/395666382@7fe1a894] INFO  util.JvmPauseMonitor (JvmPauseMonitor.java:run(103)) - JvmPauseMonitor-b721671c-f2e0-4f32-a472-e04e394ae124: Started
2022-06-24 23:47:19,367 [EndpointStateMachine task thread for /0.0.0.0:41993 - 0 ] INFO  server.XceiverServerGrpc (XceiverServerGrpc.java:start(180)) - XceiverServerGrpc b721671c-f2e0-4f32-a472-e04e394ae124 is started using port 43985
2022-06-24 23:47:19,620 [Listener at 127.0.0.1/33165] INFO  handler.ContextHandler (ContextHandler.java:doStart(915)) - Started o.e.j.w.WebAppContext@7ef7baad{hddsDatanode,/,file:///tmp/jetty-0_0_0_0-32769-hdds-container-service-1_3_0-SNAPSHOT_jar-_-any-666128452525204606/webapp/,AVAILABLE}{jar:file:/home/runner/.m2/repository/org/apache/ozone/hdds-container-service/1.3.0-SNAPSHOT/hdds-container-service-1.3.0-SNAPSHOT.jar!/webapps/hddsDatanode}
2022-06-24 23:47:19,625 [Listener at 127.0.0.1/33165] INFO  server.AbstractConnector (AbstractConnector.java:doStart(331)) - Started ServerConnector@7528966c{HTTP/1.1, (http/1.1)}{0.0.0.0:32769}
2022-06-24 23:47:19,626 [Listener at 127.0.0.1/33165] INFO  server.Server (Server.java:doStart(415)) - Started @153206ms
2022-06-24 23:47:19,626 [Listener at 127.0.0.1/33165] WARN  impl.MetricsSystemImpl (MetricsSystemImpl.java:register(279)) - Sink prometheus already exists!
2022-06-24 23:47:19,640 [Listener at 127.0.0.1/33165] INFO  http.BaseHttpServer (BaseHttpServer.java:updateConnectorAddress(329)) - HTTP server of hddsDatanode listening at http://0.0.0.0:32769
2022-06-24 23:47:19,640 [Listener at 127.0.0.1/33165] WARN  impl.MetricRegistriesImpl (MetricRegistriesImpl.java:addReporterRegistration(111)) - New reporters are added after registries were created. Some metrics will be missing from the reporter. Please add reporter before adding any new registry.
2022-06-24 23:47:19,640 [Listener at 127.0.0.1/33165] WARN  impl.MetricRegistriesImpl (MetricRegistriesImpl.java:addReporterRegistration(111)) - New reporters are added after registries were created. Some metrics will be missing from the reporter. Please add reporter before adding any new registry.
2022-06-24 23:47:19,641 [Listener at 127.0.0.1/33165] INFO  impl.MetricsSystemImpl (MetricsSystemImpl.java:init(158)) - HddsDatanode metrics system started (again)
2022-06-24 23:47:19,660 [Datanode State Machine Daemon Thread] INFO  statemachine.DatanodeStateMachine (DatanodeStateMachine.java:lambda$startDaemon$0(492)) - Ozone container server started.
2022-06-24 23:47:19,715 [org.apache.hadoop.util.JvmPauseMonitor$Monitor@4e9b1492] INFO  util.JvmPauseMonitor (JvmPauseMonitor.java:run(188)) - Starting JVM pause monitor
2022-06-24 23:47:19,728 [Listener at 127.0.0.1/33165] INFO  ozone.HddsDatanodeService (HddsDatanodeService.java:start(236)) - HddsDatanodeService host:fv-az21-224.v4iizcarkezebbfea14bcgzyke.bx.internal.cloudapp.net ip:10.1.0.24
2022-06-24 23:47:19,737 [Datanode State Machine Task Thread - 0] INFO  datanode.InitDatanodeState (InitDatanodeState.java:persistContainerDatanodeDetails(138)) - DatanodeDetails is persisted to /home/runner/work/ozone/ozone/hadoop-ozone/integration-test/target/test-dir/MiniOzoneClusterImpl-579f371f-51d7-44c0-bf7c-5cb5e6cf7bc4/datanode-3/meta/datanode.id
2022-06-24 23:47:19,781 [Listener at 127.0.0.1/33165] INFO  upgrade.AbstractLayoutVersionManager (AbstractLayoutVersionManager.java:init(82)) - Initializing Layout version manager with metadata layout = DATANODE_SCHEMA_V3 (version = 4), software layout = DATANODE_SCHEMA_V3 (version = 4)
2022-06-24 23:47:19,893 [Listener at 127.0.0.1/33165] INFO  reflections.Reflections (Reflections.java:scan(232)) - Reflections took 104 ms to scan 7 urls, producing 131 keys and 316 values 
2022-06-24 23:47:19,897 [Listener at 127.0.0.1/33165] INFO  statemachine.DatanodeStateMachine (DatanodeStateMachine.java:getEndPointTaskThreadPoolSize(237)) - Datanode State Machine Task Thread Pool size 2
2022-06-24 23:47:19,898 [Listener at 127.0.0.1/33165] INFO  volume.HddsVolume (HddsVolume.java:<init>(116)) - Creating HddsVolume: /home/runner/work/ozone/ozone/hadoop-ozone/integration-test/target/test-dir/MiniOzoneClusterImpl-579f371f-51d7-44c0-bf7c-5cb5e6cf7bc4/datanode-4/data-0/containers/hdds of storage type : DISK capacity : 9223372036854775807
2022-06-24 23:47:19,898 [Listener at 127.0.0.1/33165] INFO  volume.MutableVolumeSet (MutableVolumeSet.java:initializeVolumeSet(174)) - Added Volume : /home/runner/work/ozone/ozone/hadoop-ozone/integration-test/target/test-dir/MiniOzoneClusterImpl-579f371f-51d7-44c0-bf7c-5cb5e6cf7bc4/datanode-4/data-0/containers/hdds to VolumeSet
2022-06-24 23:47:19,899 [Listener at 127.0.0.1/33165] INFO  volume.ThrottledAsyncChecker (ThrottledAsyncChecker.java:schedule(141)) - Scheduling a check for /home/runner/work/ozone/ozone/hadoop-ozone/integration-test/target/test-dir/MiniOzoneClusterImpl-579f371f-51d7-44c0-bf7c-5cb5e6cf7bc4/datanode-4/data-0/containers/hdds
2022-06-24 23:47:19,899 [Listener at 127.0.0.1/33165] INFO  volume.StorageVolumeChecker (StorageVolumeChecker.java:checkAllVolumes(202)) - Scheduled health check for volume /home/runner/work/ozone/ozone/hadoop-ozone/integration-test/target/test-dir/MiniOzoneClusterImpl-579f371f-51d7-44c0-bf7c-5cb5e6cf7bc4/datanode-4/data-0/containers/hdds
2022-06-24 23:47:19,914 [Listener at 127.0.0.1/33165] INFO  volume.MutableVolumeSet (MutableVolumeSet.java:initializeVolumeSet(174)) - Added Volume : /home/runner/work/ozone/ozone/hadoop-ozone/integration-test/target/test-dir/MiniOzoneClusterImpl-579f371f-51d7-44c0-bf7c-5cb5e6cf7bc4/datanode-4/data/ratis to VolumeSet
2022-06-24 23:47:19,914 [Listener at 127.0.0.1/33165] INFO  volume.ThrottledAsyncChecker (ThrottledAsyncChecker.java:schedule(141)) - Scheduling a check for /home/runner/work/ozone/ozone/hadoop-ozone/integration-test/target/test-dir/MiniOzoneClusterImpl-579f371f-51d7-44c0-bf7c-5cb5e6cf7bc4/datanode-4/data/ratis
2022-06-24 23:47:19,914 [Listener at 127.0.0.1/33165] INFO  volume.StorageVolumeChecker (StorageVolumeChecker.java:checkAllVolumes(202)) - Scheduled health check for volume /home/runner/work/ozone/ozone/hadoop-ozone/integration-test/target/test-dir/MiniOzoneClusterImpl-579f371f-51d7-44c0-bf7c-5cb5e6cf7bc4/datanode-4/data/ratis
2022-06-24 23:47:20,015 [Thread-1047] INFO  ozoneimpl.ContainerReader (ContainerReader.java:readVolume(172)) - Finish verifying containers on volume /home/runner/work/ozone/ozone/hadoop-ozone/integration-test/target/test-dir/MiniOzoneClusterImpl-579f371f-51d7-44c0-bf7c-5cb5e6cf7bc4/datanode-4/data-0/containers/hdds
2022-06-24 23:47:20,015 [Listener at 127.0.0.1/33165] INFO  ozoneimpl.OzoneContainer (OzoneContainer.java:buildContainerSet(266)) - Build ContainerSet costs 0s
2022-06-24 23:47:20,019 [Listener at 127.0.0.1/33165] INFO  server.RaftServer (ConfUtils.java:logGet(46)) - raft.rpc.type = GRPC (default)
2022-06-24 23:47:20,019 [Listener at 127.0.0.1/33165] INFO  grpc.GrpcFactory (GrpcFactory.java:checkPooledByteBufAllocatorUseCacheForAllThreads(48)) - PERFORMANCE WARNING: useCacheForAllThreads is true that may cause Netty to create a lot garbage objects and, as a result, trigger GC.
	It is recommended to disable useCacheForAllThreads by setting -Dorg.apache.ratis.thirdparty.io.netty.allocator.useCacheForAllThreads=false in command line.
2022-06-24 23:47:20,019 [Listener at 127.0.0.1/33165] INFO  grpc.GrpcConfigKeys (ConfUtils.java:logGet(46)) - raft.grpc.admin.port = 0 (custom)
2022-06-24 23:47:20,019 [Listener at 127.0.0.1/33165] INFO  grpc.GrpcConfigKeys (ConfUtils.java:logGet(46)) - raft.grpc.client.port = 0 (custom)
2022-06-24 23:47:20,019 [Listener at 127.0.0.1/33165] INFO  grpc.GrpcConfigKeys (ConfUtils.java:logGet(46)) - raft.grpc.server.port = 0 (default)
2022-06-24 23:47:20,019 [Listener at 127.0.0.1/33165] INFO  server.GrpcService (ConfUtils.java:logGet(46)) - raft.grpc.message.size.max = 32MB (=33554432) (custom)
2022-06-24 23:47:20,019 [Listener at 127.0.0.1/33165] INFO  server.RaftServerConfigKeys (ConfUtils.java:logGet(46)) - raft.server.log.appender.buffer.byte-limit = 33554432 (custom)
2022-06-24 23:47:20,020 [Listener at 127.0.0.1/33165] INFO  server.GrpcService (ConfUtils.java:logGet(46)) - raft.grpc.flow.control.window = 5MB (=5242880) (custom)
2022-06-24 23:47:20,020 [Listener at 127.0.0.1/33165] INFO  server.RaftServerConfigKeys (ConfUtils.java:logGet(46)) - raft.server.rpc.request.timeout = 60s (custom)
2022-06-24 23:47:20,020 [Listener at 127.0.0.1/33165] INFO  grpc.GrpcConfigKeys (ConfUtils.java:logGet(46)) - raft.grpc.server.async.request.thread.pool.cached = true (default)
2022-06-24 23:47:20,020 [Listener at 127.0.0.1/33165] INFO  grpc.GrpcConfigKeys (ConfUtils.java:logGet(46)) - raft.grpc.server.async.request.thread.pool.size = 32 (default)
2022-06-24 23:47:20,021 [Listener at 127.0.0.1/33165] INFO  impl.DataStreamServerImpl (ConfUtils.java:logGet(46)) - raft.datastream.type = DISABLED (default)
2022-06-24 23:47:20,021 [Listener at 127.0.0.1/33165] INFO  server.RaftServerConfigKeys (ConfUtils.java:logGet(46)) - raft.server.threadpool.proxy.cached = true (default)
2022-06-24 23:47:20,022 [Listener at 127.0.0.1/33165] INFO  server.RaftServerConfigKeys (ConfUtils.java:logGet(46)) - raft.server.threadpool.proxy.size = 0 (default)
2022-06-24 23:47:20,022 [Listener at 127.0.0.1/33165] INFO  server.RaftServerConfigKeys (ConfUtils.java:logGet(46)) - raft.server.rpc.slowness.timeout = 300s (custom)
2022-06-24 23:47:20,022 [Listener at 127.0.0.1/33165] INFO  server.RaftServerConfigKeys (ConfUtils.java:logGet(46)) - raft.server.leaderelection.leader.step-down.wait-time = 10s (default)
2022-06-24 23:47:20,022 [Listener at 127.0.0.1/33165] INFO  server.RaftServerConfigKeys (ConfUtils.java:logGet(46)) - raft.server.storage.dir = [/home/runner/work/ozone/ozone/hadoop-ozone/integration-test/target/test-dir/MiniOzoneClusterImpl-579f371f-51d7-44c0-bf7c-5cb5e6cf7bc4/datanode-4/data/ratis] (custom)
2022-06-24 23:47:20,041 [Listener at 127.0.0.1/33165] INFO  server.XceiverServerGrpc (XceiverServerGrpc.java:<init>(132)) - GrpcServer channel type EpollServerSocketChannel
2022-06-24 23:47:20,078 [EndpointStateMachine task thread for /0.0.0.0:41993 - 0 ] INFO  volume.HddsVolume (HddsVolume.java:createDbStore(309)) - SchemaV3 db is created and loaded at /home/runner/work/ozone/ozone/hadoop-ozone/integration-test/target/test-dir/MiniOzoneClusterImpl-579f371f-51d7-44c0-bf7c-5cb5e6cf7bc4/datanode-1/data-0/containers/hdds/579f371f-51d7-44c0-bf7c-5cb5e6cf7bc4/DS-08acb219-9e65-43a0-8873-7595ec9ec2d4/container.db for volume DS-08acb219-9e65-43a0-8873-7595ec9ec2d4
2022-06-24 23:47:20,087 [Listener at 127.0.0.1/33165] INFO  http.BaseHttpServer (BaseHttpServer.java:newHttpServer2BuilderForOzone(209)) - Starting Web-server for hddsDatanode at: http://0.0.0.0:0
2022-06-24 23:47:20,087 [Listener at 127.0.0.1/33165] INFO  http.BaseHttpServer (BaseHttpServer.java:<init>(107)) - Hadoop Security Enabled: false Ozone Security Enabled: false Ozone HTTP Security Enabled: false 
2022-06-24 23:47:20,088 [Listener at 127.0.0.1/33165] INFO  server.AuthenticationFilter (AuthenticationFilter.java:constructSecretProvider(240)) - Unable to initialize FileSignerSecretProvider, falling back to use random secrets.
2022-06-24 23:47:20,089 [EndpointStateMachine task thread for /0.0.0.0:41993 - 0 ] INFO  volume.HddsVolume (HddsVolume.java:closeDbStore(340)) - SchemaV3 db is stopped at /home/runner/work/ozone/ozone/hadoop-ozone/integration-test/target/test-dir/MiniOzoneClusterImpl-579f371f-51d7-44c0-bf7c-5cb5e6cf7bc4/datanode-1/data-0/containers/hdds/579f371f-51d7-44c0-bf7c-5cb5e6cf7bc4/DS-08acb219-9e65-43a0-8873-7595ec9ec2d4/container.db for volume DS-08acb219-9e65-43a0-8873-7595ec9ec2d4
2022-06-24 23:47:20,089 [EndpointStateMachine task thread for /0.0.0.0:41993 - 0 ] INFO  ozoneimpl.OzoneContainer (OzoneContainer.java:start(344)) - Attempting to start container services.
2022-06-24 23:47:20,089 [EndpointStateMachine task thread for /0.0.0.0:41993 - 0 ] INFO  ozoneimpl.OzoneContainer (OzoneContainer.java:startContainerScrub(279)) - Background container scanner has been disabled.
2022-06-24 23:47:20,092 [Listener at 127.0.0.1/33165] WARN  http.HttpRequestLog (HttpRequestLog.java:getRequestLog(103)) - Jetty request log can only be enabled using Log4j
2022-06-24 23:47:20,098 [Listener at 127.0.0.1/33165] INFO  http.HttpServer2 (HttpServer2.java:addGlobalFilter(1029)) - Added global filter 'safety' (class=org.apache.hadoop.hdds.server.http.HttpServer2$QuotingInputFilter)
2022-06-24 23:47:20,098 [Listener at 127.0.0.1/33165] INFO  http.HttpServer2 (HttpServer2.java:addFilter(1005)) - Added filter static_user_filter (class=org.apache.hadoop.http.lib.StaticUserWebFilter$StaticUserFilter) to context hddsDatanode
2022-06-24 23:47:20,098 [Listener at 127.0.0.1/33165] INFO  http.HttpServer2 (HttpServer2.java:addFilter(1013)) - Added filter static_user_filter (class=org.apache.hadoop.http.lib.StaticUserWebFilter$StaticUserFilter) to context logs
2022-06-24 23:47:20,098 [Listener at 127.0.0.1/33165] INFO  http.HttpServer2 (HttpServer2.java:addFilter(1013)) - Added filter static_user_filter (class=org.apache.hadoop.http.lib.StaticUserWebFilter$StaticUserFilter) to context static
2022-06-24 23:47:20,099 [Listener at 127.0.0.1/33165] INFO  http.HttpServer2 (HttpServer2.java:bindListener(1248)) - Jetty bound to port 36405
2022-06-24 23:47:20,103 [Listener at 127.0.0.1/33165] INFO  server.Server (Server.java:doStart(375)) - jetty-9.4.43.v20210629; built: 2021-06-30T11:07:22.254Z; git: 526006ecfa3af7f1a27ef3a288e2bef7ea9dd7e8; jvm 1.8.0_332-b09
2022-06-24 23:47:20,103 [EndpointStateMachine task thread for /0.0.0.0:41993 - 0 ] INFO  replication.ReplicationServer (ReplicationServer.java:start(111)) - ReplicationServer is started using port 43265
2022-06-24 23:47:20,122 [Listener at 127.0.0.1/33165] INFO  server.session (DefaultSessionIdManager.java:doStart(334)) - DefaultSessionIdManager workerName=node0
2022-06-24 23:47:20,122 [Listener at 127.0.0.1/33165] INFO  server.session (DefaultSessionIdManager.java:doStart(339)) - No SessionScavenger set, using defaults
2022-06-24 23:47:20,122 [Listener at 127.0.0.1/33165] INFO  server.session (HouseKeeper.java:startScavenging(132)) - node0 Scavenging every 660000ms
2022-06-24 23:47:20,123 [Listener at 127.0.0.1/33165] INFO  handler.ContextHandler (ContextHandler.java:doStart(915)) - Started o.e.j.s.ServletContextHandler@5e31df0a{logs,/logs,file:///home/runner/work/ozone/ozone/hadoop-ozone/integration-test/target/log,AVAILABLE}
2022-06-24 23:47:20,123 [Listener at 127.0.0.1/33165] INFO  handler.ContextHandler (ContextHandler.java:doStart(915)) - Started o.e.j.s.ServletContextHandler@67fb8066{static,/static,jar:file:/home/runner/.m2/repository/org/apache/ozone/hdds-container-service/1.3.0-SNAPSHOT/hdds-container-service-1.3.0-SNAPSHOT.jar!/webapps/static,AVAILABLE}
2022-06-24 23:47:20,134 [EndpointStateMachine task thread for /0.0.0.0:41993 - 0 ] INFO  ratis.XceiverServerRatis (XceiverServerRatis.java:start(481)) - Starting XceiverServerRatis 66188e3b-2de6-4632-9636-fbf530af5e5e
2022-06-24 23:47:20,135 [EndpointStateMachine task thread for /0.0.0.0:41993 - 0 ] INFO  server.RaftServer (RaftServerProxy.java:lambda$start$6(382)) - 66188e3b-2de6-4632-9636-fbf530af5e5e: start RPC server
2022-06-24 23:47:20,149 [EndpointStateMachine task thread for /0.0.0.0:41993 - 0 ] INFO  server.GrpcService (GrpcService.java:startImpl(260)) - 66188e3b-2de6-4632-9636-fbf530af5e5e: GrpcService started, listening on 44805
2022-06-24 23:47:20,149 [EndpointStateMachine task thread for /0.0.0.0:41993 - 0 ] INFO  ratis.XceiverServerRatis (XceiverServerRatis.java:getRealPort(502)) - XceiverServerRatis 66188e3b-2de6-4632-9636-fbf530af5e5e is started using port 44805 for RATIS
2022-06-24 23:47:20,149 [EndpointStateMachine task thread for /0.0.0.0:41993 - 0 ] INFO  ratis.XceiverServerRatis (XceiverServerRatis.java:getRealPort(502)) - XceiverServerRatis 66188e3b-2de6-4632-9636-fbf530af5e5e is started using port 44805 for RATIS_ADMIN
2022-06-24 23:47:20,149 [EndpointStateMachine task thread for /0.0.0.0:41993 - 0 ] INFO  ratis.XceiverServerRatis (XceiverServerRatis.java:getRealPort(502)) - XceiverServerRatis 66188e3b-2de6-4632-9636-fbf530af5e5e is started using port 44805 for RATIS_SERVER
2022-06-24 23:47:20,223 [org.apache.ratis.util.JvmPauseMonitor$$Lambda$627/395666382@464bb47f] INFO  util.JvmPauseMonitor (JvmPauseMonitor.java:run(103)) - JvmPauseMonitor-66188e3b-2de6-4632-9636-fbf530af5e5e: Started
2022-06-24 23:47:20,247 [EndpointStateMachine task thread for /0.0.0.0:41993 - 0 ] INFO  server.XceiverServerGrpc (XceiverServerGrpc.java:start(180)) - XceiverServerGrpc 66188e3b-2de6-4632-9636-fbf530af5e5e is started using port 44845
2022-06-24 23:47:20,576 [Listener at 127.0.0.1/33165] INFO  handler.ContextHandler (ContextHandler.java:doStart(915)) - Started o.e.j.w.WebAppContext@6223136{hddsDatanode,/,file:///tmp/jetty-0_0_0_0-36405-hdds-container-service-1_3_0-SNAPSHOT_jar-_-any-8621135807538072070/webapp/,AVAILABLE}{jar:file:/home/runner/.m2/repository/org/apache/ozone/hdds-container-service/1.3.0-SNAPSHOT/hdds-container-service-1.3.0-SNAPSHOT.jar!/webapps/hddsDatanode}
2022-06-24 23:47:20,614 [Listener at 127.0.0.1/33165] INFO  server.AbstractConnector (AbstractConnector.java:doStart(331)) - Started ServerConnector@37f63be5{HTTP/1.1, (http/1.1)}{0.0.0.0:36405}
2022-06-24 23:47:20,614 [Listener at 127.0.0.1/33165] INFO  server.Server (Server.java:doStart(415)) - Started @154194ms
2022-06-24 23:47:20,614 [Listener at 127.0.0.1/33165] WARN  impl.MetricsSystemImpl (MetricsSystemImpl.java:register(279)) - Sink prometheus already exists!
2022-06-24 23:47:20,617 [Listener at 127.0.0.1/33165] INFO  http.BaseHttpServer (BaseHttpServer.java:updateConnectorAddress(329)) - HTTP server of hddsDatanode listening at http://0.0.0.0:36405
2022-06-24 23:47:20,648 [Listener at 127.0.0.1/33165] INFO  ozone.MiniOzoneClusterImpl (MiniOzoneClusterImpl.java:lambda$waitForClusterToBeReady$0(223)) - Waiting for nodes to be ready. Got 0 of 5 DN Heartbeats.
2022-06-24 23:47:20,648 [Listener at 127.0.0.1/33165] INFO  ozone.MiniOzoneClusterImpl (MiniOzoneClusterImpl.java:lambda$waitForClusterToBeReady$0(226)) - Waiting for cluster to exit safe mode
2022-06-24 23:47:20,648 [Listener at 127.0.0.1/33165] INFO  ozone.MiniOzoneClusterImpl (MiniOzoneClusterImpl.java:lambda$waitForClusterToBeReady$0(228)) - SCM became leader
2022-06-24 23:47:20,650 [Datanode State Machine Daemon Thread] INFO  statemachine.DatanodeStateMachine (DatanodeStateMachine.java:lambda$startDaemon$0(492)) - Ozone container server started.
2022-06-24 23:47:20,671 [org.apache.hadoop.util.JvmPauseMonitor$Monitor@650df721] INFO  util.JvmPauseMonitor (JvmPauseMonitor.java:run(188)) - Starting JVM pause monitor
2022-06-24 23:47:20,680 [Datanode State Machine Task Thread - 0] INFO  datanode.InitDatanodeState (InitDatanodeState.java:persistContainerDatanodeDetails(138)) - DatanodeDetails is persisted to /home/runner/work/ozone/ozone/hadoop-ozone/integration-test/target/test-dir/MiniOzoneClusterImpl-579f371f-51d7-44c0-bf7c-5cb5e6cf7bc4/datanode-4/meta/datanode.id
2022-06-24 23:47:20,787 [EndpointStateMachine task thread for /0.0.0.0:41993 - 0 ] INFO  volume.HddsVolume (HddsVolume.java:createDbStore(309)) - SchemaV3 db is created and loaded at /home/runner/work/ozone/ozone/hadoop-ozone/integration-test/target/test-dir/MiniOzoneClusterImpl-579f371f-51d7-44c0-bf7c-5cb5e6cf7bc4/datanode-2/data-0/containers/hdds/579f371f-51d7-44c0-bf7c-5cb5e6cf7bc4/DS-0e3fe431-1633-4ee7-8532-0792eeebf316/container.db for volume DS-0e3fe431-1633-4ee7-8532-0792eeebf316
2022-06-24 23:47:20,788 [EndpointStateMachine task thread for /0.0.0.0:41993 - 0 ] INFO  volume.HddsVolume (HddsVolume.java:closeDbStore(340)) - SchemaV3 db is stopped at /home/runner/work/ozone/ozone/hadoop-ozone/integration-test/target/test-dir/MiniOzoneClusterImpl-579f371f-51d7-44c0-bf7c-5cb5e6cf7bc4/datanode-2/data-0/containers/hdds/579f371f-51d7-44c0-bf7c-5cb5e6cf7bc4/DS-0e3fe431-1633-4ee7-8532-0792eeebf316/container.db for volume DS-0e3fe431-1633-4ee7-8532-0792eeebf316
2022-06-24 23:47:20,788 [EndpointStateMachine task thread for /0.0.0.0:41993 - 0 ] INFO  ozoneimpl.OzoneContainer (OzoneContainer.java:start(344)) - Attempting to start container services.
2022-06-24 23:47:20,788 [EndpointStateMachine task thread for /0.0.0.0:41993 - 0 ] INFO  ozoneimpl.OzoneContainer (OzoneContainer.java:startContainerScrub(279)) - Background container scanner has been disabled.
2022-06-24 23:47:20,810 [EndpointStateMachine task thread for /0.0.0.0:41993 - 0 ] INFO  replication.ReplicationServer (ReplicationServer.java:start(111)) - ReplicationServer is started using port 44005
2022-06-24 23:47:20,821 [EndpointStateMachine task thread for /0.0.0.0:41993 - 0 ] INFO  ratis.XceiverServerRatis (XceiverServerRatis.java:start(481)) - Starting XceiverServerRatis 4178a181-7a8b-49ec-906e-515996c40b3d
2022-06-24 23:47:20,827 [EndpointStateMachine task thread for /0.0.0.0:41993 - 0 ] INFO  server.RaftServer (RaftServerProxy.java:lambda$start$6(382)) - 4178a181-7a8b-49ec-906e-515996c40b3d: start RPC server
2022-06-24 23:47:20,840 [EndpointStateMachine task thread for /0.0.0.0:41993 - 0 ] INFO  server.GrpcService (GrpcService.java:startImpl(260)) - 4178a181-7a8b-49ec-906e-515996c40b3d: GrpcService started, listening on 37729
2022-06-24 23:47:20,840 [EndpointStateMachine task thread for /0.0.0.0:41993 - 0 ] INFO  ratis.XceiverServerRatis (XceiverServerRatis.java:getRealPort(502)) - XceiverServerRatis 4178a181-7a8b-49ec-906e-515996c40b3d is started using port 37729 for RATIS
2022-06-24 23:47:20,840 [EndpointStateMachine task thread for /0.0.0.0:41993 - 0 ] INFO  ratis.XceiverServerRatis (XceiverServerRatis.java:getRealPort(502)) - XceiverServerRatis 4178a181-7a8b-49ec-906e-515996c40b3d is started using port 37729 for RATIS_ADMIN
2022-06-24 23:47:20,841 [EndpointStateMachine task thread for /0.0.0.0:41993 - 0 ] INFO  ratis.XceiverServerRatis (XceiverServerRatis.java:getRealPort(502)) - XceiverServerRatis 4178a181-7a8b-49ec-906e-515996c40b3d is started using port 37729 for RATIS_SERVER
2022-06-24 23:47:20,841 [org.apache.ratis.util.JvmPauseMonitor$$Lambda$627/395666382@7821e406] INFO  util.JvmPauseMonitor (JvmPauseMonitor.java:run(103)) - JvmPauseMonitor-4178a181-7a8b-49ec-906e-515996c40b3d: Started
2022-06-24 23:47:20,851 [EndpointStateMachine task thread for /0.0.0.0:41993 - 0 ] INFO  server.XceiverServerGrpc (XceiverServerGrpc.java:start(180)) - XceiverServerGrpc 4178a181-7a8b-49ec-906e-515996c40b3d is started using port 34841
2022-06-24 23:47:21,059 [IPC Server handler 1 on default port 41993] INFO  net.NetworkTopologyImpl (NetworkTopologyImpl.java:add(112)) - Added a new node: /default-rack/b721671c-f2e0-4f32-a472-e04e394ae124
2022-06-24 23:47:21,060 [IPC Server handler 1 on default port 41993] INFO  node.SCMNodeManager (SCMNodeManager.java:register(397)) - Registered Data node : b721671c-f2e0-4f32-a472-e04e394ae124{ip: 10.1.0.24, host: fv-az21-224.v4iizcarkezebbfea14bcgzyke.bx.internal.cloudapp.net, ports: [REPLICATION=36737, RATIS=41813, RATIS_ADMIN=41813, RATIS_SERVER=41813, STANDALONE=43985], networkLocation: /default-rack, certSerialId: null, persistedOpState: null, persistedOpStateExpiryEpochSec: 0}
2022-06-24 23:47:21,065 [EventQueue-NodeRegistrationContainerReportForDataNodeSafeModeRule] INFO  safemode.SCMSafeModeManager (DataNodeSafeModeRule.java:process(71)) - SCM in safe mode. 1 DataNodes registered, 3 required.
2022-06-24 23:47:21,065 [EventQueue-NodeRegistrationContainerReportForContainerSafeModeRule] INFO  safemode.SCMSafeModeManager (SCMSafeModeManager.java:validateSafeModeExitRules(204)) - ContainerSafeModeRule rule is successfully validated
2022-06-24 23:47:21,073 [EventQueue-NewNodeForNewNodeHandler] INFO  pipeline.BackgroundPipelineCreator (BackgroundPipelineCreator.java:notifyEventTriggered(275)) - trigger a one-shot run on RatisPipelineUtilsThread.
2022-06-24 23:47:21,073 [RatisPipelineUtilsThread - 0] INFO  pipeline.RatisPipelineProvider (RatisPipelineProvider.java:lambda$create$0(195)) - Sending CreatePipelineCommand for pipeline:PipelineID=cf8ef9aa-2031-403c-acc1-7b346ae8608f to datanode:b721671c-f2e0-4f32-a472-e04e394ae124
2022-06-24 23:47:21,073 [EventQueue-PipelineReportForOneReplicaPipelineSafeModeRule] INFO  safemode.SCMSafeModeManager (SCMSafeModeManager.java:validateSafeModeExitRules(204)) - AtleastOneDatanodeReportedRule rule is successfully validated
2022-06-24 23:47:21,075 [RatisPipelineUtilsThread - 0] INFO  pipeline.PipelineStateManagerImpl (PipelineStateManagerImpl.java:addPipeline(101)) - Created pipeline Pipeline[ Id: cf8ef9aa-2031-403c-acc1-7b346ae8608f, Nodes: b721671c-f2e0-4f32-a472-e04e394ae124{ip: 10.1.0.24, host: fv-az21-224.v4iizcarkezebbfea14bcgzyke.bx.internal.cloudapp.net, ports: [REPLICATION=36737, RATIS=41813, RATIS_ADMIN=41813, RATIS_SERVER=41813, STANDALONE=43985], networkLocation: /default-rack, certSerialId: null, persistedOpState: IN_SERVICE, persistedOpStateExpiryEpochSec: 0}, ReplicationConfig: RATIS/ONE, State:ALLOCATED, leaderId:, CreationTimestamp2022-06-24T23:47:21.073Z[Etc/UTC]].
2022-06-24 23:47:21,649 [Listener at 127.0.0.1/33165] INFO  ozone.MiniOzoneClusterImpl (MiniOzoneClusterImpl.java:lambda$waitForClusterToBeReady$0(223)) - Waiting for nodes to be ready. Got 1 of 5 DN Heartbeats.
2022-06-24 23:47:21,649 [Listener at 127.0.0.1/33165] INFO  ozone.MiniOzoneClusterImpl (MiniOzoneClusterImpl.java:lambda$waitForClusterToBeReady$0(226)) - Waiting for cluster to exit safe mode
2022-06-24 23:47:21,649 [Listener at 127.0.0.1/33165] INFO  ozone.MiniOzoneClusterImpl (MiniOzoneClusterImpl.java:lambda$waitForClusterToBeReady$0(228)) - SCM became leader
2022-06-24 23:47:21,821 [EndpointStateMachine task thread for /0.0.0.0:41993 - 0 ] INFO  volume.HddsVolume (HddsVolume.java:createDbStore(309)) - SchemaV3 db is created and loaded at /home/runner/work/ozone/ozone/hadoop-ozone/integration-test/target/test-dir/MiniOzoneClusterImpl-579f371f-51d7-44c0-bf7c-5cb5e6cf7bc4/datanode-3/data-0/containers/hdds/579f371f-51d7-44c0-bf7c-5cb5e6cf7bc4/DS-9cc1cb20-2b4d-4f37-bd0c-ae74ff806a74/container.db for volume DS-9cc1cb20-2b4d-4f37-bd0c-ae74ff806a74
2022-06-24 23:47:21,822 [EndpointStateMachine task thread for /0.0.0.0:41993 - 0 ] INFO  volume.HddsVolume (HddsVolume.java:closeDbStore(340)) - SchemaV3 db is stopped at /home/runner/work/ozone/ozone/hadoop-ozone/integration-test/target/test-dir/MiniOzoneClusterImpl-579f371f-51d7-44c0-bf7c-5cb5e6cf7bc4/datanode-3/data-0/containers/hdds/579f371f-51d7-44c0-bf7c-5cb5e6cf7bc4/DS-9cc1cb20-2b4d-4f37-bd0c-ae74ff806a74/container.db for volume DS-9cc1cb20-2b4d-4f37-bd0c-ae74ff806a74
2022-06-24 23:47:21,822 [EndpointStateMachine task thread for /0.0.0.0:41993 - 0 ] INFO  ozoneimpl.OzoneContainer (OzoneContainer.java:start(344)) - Attempting to start container services.
2022-06-24 23:47:21,822 [EndpointStateMachine task thread for /0.0.0.0:41993 - 0 ] INFO  ozoneimpl.OzoneContainer (OzoneContainer.java:startContainerScrub(279)) - Background container scanner has been disabled.
2022-06-24 23:47:21,851 [EndpointStateMachine task thread for /0.0.0.0:41993 - 0 ] INFO  replication.ReplicationServer (ReplicationServer.java:start(111)) - ReplicationServer is started using port 43229
2022-06-24 23:47:21,851 [EndpointStateMachine task thread for /0.0.0.0:41993 - 0 ] INFO  ratis.XceiverServerRatis (XceiverServerRatis.java:start(481)) - Starting XceiverServerRatis 87fb9657-1567-464e-bbce-51798844cbf7
2022-06-24 23:47:21,852 [EndpointStateMachine task thread for /0.0.0.0:41993 - 0 ] INFO  server.RaftServer (RaftServerProxy.java:lambda$start$6(382)) - 87fb9657-1567-464e-bbce-51798844cbf7: start RPC server
2022-06-24 23:47:21,861 [EndpointStateMachine task thread for /0.0.0.0:41993 - 0 ] INFO  server.GrpcService (GrpcService.java:startImpl(260)) - 87fb9657-1567-464e-bbce-51798844cbf7: GrpcService started, listening on 44643
2022-06-24 23:47:21,880 [EndpointStateMachine task thread for /0.0.0.0:41993 - 0 ] INFO  ratis.XceiverServerRatis (XceiverServerRatis.java:getRealPort(502)) - XceiverServerRatis 87fb9657-1567-464e-bbce-51798844cbf7 is started using port 44643 for RATIS
2022-06-24 23:47:21,880 [EndpointStateMachine task thread for /0.0.0.0:41993 - 0 ] INFO  ratis.XceiverServerRatis (XceiverServerRatis.java:getRealPort(502)) - XceiverServerRatis 87fb9657-1567-464e-bbce-51798844cbf7 is started using port 44643 for RATIS_ADMIN
2022-06-24 23:47:21,880 [EndpointStateMachine task thread for /0.0.0.0:41993 - 0 ] INFO  ratis.XceiverServerRatis (XceiverServerRatis.java:getRealPort(502)) - XceiverServerRatis 87fb9657-1567-464e-bbce-51798844cbf7 is started using port 44643 for RATIS_SERVER
2022-06-24 23:47:21,881 [org.apache.ratis.util.JvmPauseMonitor$$Lambda$627/395666382@20c6deeb] INFO  util.JvmPauseMonitor (JvmPauseMonitor.java:run(103)) - JvmPauseMonitor-87fb9657-1567-464e-bbce-51798844cbf7: Started
2022-06-24 23:47:21,904 [EndpointStateMachine task thread for /0.0.0.0:41993 - 0 ] INFO  server.XceiverServerGrpc (XceiverServerGrpc.java:start(180)) - XceiverServerGrpc 87fb9657-1567-464e-bbce-51798844cbf7 is started using port 33177
2022-06-24 23:47:21,938 [IPC Server handler 2 on default port 41993] INFO  net.NetworkTopologyImpl (NetworkTopologyImpl.java:add(112)) - Added a new node: /default-rack/66188e3b-2de6-4632-9636-fbf530af5e5e
2022-06-24 23:47:21,938 [IPC Server handler 2 on default port 41993] INFO  node.SCMNodeManager (SCMNodeManager.java:register(397)) - Registered Data node : 66188e3b-2de6-4632-9636-fbf530af5e5e{ip: 10.1.0.24, host: fv-az21-224.v4iizcarkezebbfea14bcgzyke.bx.internal.cloudapp.net, ports: [REPLICATION=43265, RATIS=44805, RATIS_ADMIN=44805, RATIS_SERVER=44805, STANDALONE=44845], networkLocation: /default-rack, certSerialId: null, persistedOpState: null, persistedOpStateExpiryEpochSec: 0}
2022-06-24 23:47:21,938 [EventQueue-NewNodeForNewNodeHandler] INFO  pipeline.BackgroundPipelineCreator (BackgroundPipelineCreator.java:notifyEventTriggered(275)) - trigger a one-shot run on RatisPipelineUtilsThread.
2022-06-24 23:47:21,939 [EventQueue-NodeRegistrationContainerReportForDataNodeSafeModeRule] INFO  safemode.SCMSafeModeManager (DataNodeSafeModeRule.java:process(71)) - SCM in safe mode. 2 DataNodes registered, 3 required.
2022-06-24 23:47:21,951 [RatisPipelineUtilsThread - 0] INFO  pipeline.RatisPipelineProvider (RatisPipelineProvider.java:lambda$create$0(195)) - Sending CreatePipelineCommand for pipeline:PipelineID=815cfa3c-4d40-45d9-bc84-4b049b5241b0 to datanode:66188e3b-2de6-4632-9636-fbf530af5e5e
2022-06-24 23:47:21,951 [RatisPipelineUtilsThread - 0] INFO  pipeline.PipelineStateManagerImpl (PipelineStateManagerImpl.java:addPipeline(101)) - Created pipeline Pipeline[ Id: 815cfa3c-4d40-45d9-bc84-4b049b5241b0, Nodes: 66188e3b-2de6-4632-9636-fbf530af5e5e{ip: 10.1.0.24, host: fv-az21-224.v4iizcarkezebbfea14bcgzyke.bx.internal.cloudapp.net, ports: [REPLICATION=43265, RATIS=44805, RATIS_ADMIN=44805, RATIS_SERVER=44805, STANDALONE=44845], networkLocation: /default-rack, certSerialId: null, persistedOpState: IN_SERVICE, persistedOpStateExpiryEpochSec: 0}, ReplicationConfig: RATIS/ONE, State:ALLOCATED, leaderId:, CreationTimestamp2022-06-24T23:47:21.951Z[Etc/UTC]].
2022-06-24 23:47:22,612 [IPC Server handler 0 on default port 41993] INFO  net.NetworkTopologyImpl (NetworkTopologyImpl.java:add(112)) - Added a new node: /default-rack/4178a181-7a8b-49ec-906e-515996c40b3d
2022-06-24 23:47:22,612 [IPC Server handler 0 on default port 41993] INFO  node.SCMNodeManager (SCMNodeManager.java:register(397)) - Registered Data node : 4178a181-7a8b-49ec-906e-515996c40b3d{ip: 10.1.0.24, host: fv-az21-224.v4iizcarkezebbfea14bcgzyke.bx.internal.cloudapp.net, ports: [REPLICATION=44005, RATIS=37729, RATIS_ADMIN=37729, RATIS_SERVER=37729, STANDALONE=34841], networkLocation: /default-rack, certSerialId: null, persistedOpState: null, persistedOpStateExpiryEpochSec: 0}
2022-06-24 23:47:22,612 [EventQueue-NewNodeForNewNodeHandler] INFO  pipeline.BackgroundPipelineCreator (BackgroundPipelineCreator.java:notifyEventTriggered(275)) - trigger a one-shot run on RatisPipelineUtilsThread.
2022-06-24 23:47:22,623 [RatisPipelineUtilsThread - 0] INFO  pipeline.RatisPipelineProvider (RatisPipelineProvider.java:lambda$create$0(195)) - Sending CreatePipelineCommand for pipeline:PipelineID=d99eb60d-1411-48e0-9efd-faa04f5864eb to datanode:4178a181-7a8b-49ec-906e-515996c40b3d
2022-06-24 23:47:22,624 [EventQueue-NodeRegistrationContainerReportForDataNodeSafeModeRule] INFO  safemode.SCMSafeModeManager (DataNodeSafeModeRule.java:process(71)) - SCM in safe mode. 3 DataNodes registered, 3 required.
2022-06-24 23:47:22,624 [EventQueue-NodeRegistrationContainerReportForDataNodeSafeModeRule] INFO  safemode.SCMSafeModeManager (SCMSafeModeManager.java:validateSafeModeExitRules(204)) - DataNodeSafeModeRule rule is successfully validated
2022-06-24 23:47:22,624 [EventQueue-NodeRegistrationContainerReportForDataNodeSafeModeRule] INFO  safemode.SCMSafeModeManager (SCMSafeModeManager.java:completePreCheck(233)) - All SCM safe mode pre check rules have passed
2022-06-24 23:47:22,624 [EventQueue-NodeRegistrationContainerReportForDataNodeSafeModeRule] WARN  events.EventQueue (EventQueue.java:fireEvent(216)) - No event handler registered for event TypedEvent{payloadType=SafeModeStatus, name='Safe mode status'}
2022-06-24 23:47:22,624 [EventQueue-NodeRegistrationContainerReportForDataNodeSafeModeRule] INFO  ha.SCMContext (SCMContext.java:updateSafeModeStatus(228)) - Update SafeModeStatus from SafeModeStatus{safeModeStatus=true, preCheckPassed=false} to SafeModeStatus{safeModeStatus=true, preCheckPassed=true}.
2022-06-24 23:47:22,624 [EventQueue-NodeRegistrationContainerReportForDataNodeSafeModeRule] INFO  pipeline.BackgroundPipelineCreator (BackgroundPipelineCreator.java:notifyEventTriggered(275)) - trigger a one-shot run on RatisPipelineUtilsThread.
2022-06-24 23:47:22,624 [RatisPipelineUtilsThread - 0] INFO  pipeline.PipelineStateManagerImpl (PipelineStateManagerImpl.java:addPipeline(101)) - Created pipeline Pipeline[ Id: d99eb60d-1411-48e0-9efd-faa04f5864eb, Nodes: 4178a181-7a8b-49ec-906e-515996c40b3d{ip: 10.1.0.24, host: fv-az21-224.v4iizcarkezebbfea14bcgzyke.bx.internal.cloudapp.net, ports: [REPLICATION=44005, RATIS=37729, RATIS_ADMIN=37729, RATIS_SERVER=37729, STANDALONE=34841], networkLocation: /default-rack, certSerialId: null, persistedOpState: IN_SERVICE, persistedOpStateExpiryEpochSec: 0}, ReplicationConfig: RATIS/ONE, State:ALLOCATED, leaderId:, CreationTimestamp2022-06-24T23:47:22.623Z[Etc/UTC]].
2022-06-24 23:47:22,624 [RatisPipelineUtilsThread - 0] INFO  pipeline.RatisPipelineProvider (RatisPipelineProvider.java:lambda$create$0(195)) - Sending CreatePipelineCommand for pipeline:PipelineID=f1577632-2f66-451e-a2db-8d797caee693 to datanode:4178a181-7a8b-49ec-906e-515996c40b3d
2022-06-24 23:47:22,625 [RatisPipelineUtilsThread - 0] INFO  pipeline.RatisPipelineProvider (RatisPipelineProvider.java:lambda$create$0(195)) - Sending CreatePipelineCommand for pipeline:PipelineID=f1577632-2f66-451e-a2db-8d797caee693 to datanode:66188e3b-2de6-4632-9636-fbf530af5e5e
2022-06-24 23:47:22,625 [RatisPipelineUtilsThread - 0] INFO  pipeline.RatisPipelineProvider (RatisPipelineProvider.java:lambda$create$0(195)) - Sending CreatePipelineCommand for pipeline:PipelineID=f1577632-2f66-451e-a2db-8d797caee693 to datanode:b721671c-f2e0-4f32-a472-e04e394ae124
2022-06-24 23:47:22,625 [RatisPipelineUtilsThread - 0] INFO  pipeline.PipelineStateManagerImpl (PipelineStateManagerImpl.java:addPipeline(101)) - Created pipeline Pipeline[ Id: f1577632-2f66-451e-a2db-8d797caee693, Nodes: 4178a181-7a8b-49ec-906e-515996c40b3d{ip: 10.1.0.24, host: fv-az21-224.v4iizcarkezebbfea14bcgzyke.bx.internal.cloudapp.net, ports: [REPLICATION=44005, RATIS=37729, RATIS_ADMIN=37729, RATIS_SERVER=37729, STANDALONE=34841], networkLocation: /default-rack, certSerialId: null, persistedOpState: IN_SERVICE, persistedOpStateExpiryEpochSec: 0}66188e3b-2de6-4632-9636-fbf530af5e5e{ip: 10.1.0.24, host: fv-az21-224.v4iizcarkezebbfea14bcgzyke.bx.internal.cloudapp.net, ports: [REPLICATION=43265, RATIS=44805, RATIS_ADMIN=44805, RATIS_SERVER=44805, STANDALONE=44845], networkLocation: /default-rack, certSerialId: null, persistedOpState: IN_SERVICE, persistedOpStateExpiryEpochSec: 0}b721671c-f2e0-4f32-a472-e04e394ae124{ip: 10.1.0.24, host: fv-az21-224.v4iizcarkezebbfea14bcgzyke.bx.internal.cloudapp.net, ports: [REPLICATION=36737, RATIS=41813, RATIS_ADMIN=41813, RATIS_SERVER=41813, STANDALONE=43985], networkLocation: /default-rack, certSerialId: null, persistedOpState: IN_SERVICE, persistedOpStateExpiryEpochSec: 0}, ReplicationConfig: RATIS/THREE, State:ALLOCATED, leaderId:, CreationTimestamp2022-06-24T23:47:22.624Z[Etc/UTC]].
2022-06-24 23:47:22,625 [RatisPipelineUtilsThread - 0] INFO  pipeline.RatisPipelineProvider (RatisPipelineProvider.java:lambda$create$0(195)) - Sending CreatePipelineCommand for pipeline:PipelineID=5743b342-640f-4931-9abd-9c7b42edd3a2 to datanode:b721671c-f2e0-4f32-a472-e04e394ae124
2022-06-24 23:47:22,625 [RatisPipelineUtilsThread - 0] INFO  pipeline.RatisPipelineProvider (RatisPipelineProvider.java:lambda$create$0(195)) - Sending CreatePipelineCommand for pipeline:PipelineID=5743b342-640f-4931-9abd-9c7b42edd3a2 to datanode:66188e3b-2de6-4632-9636-fbf530af5e5e
2022-06-24 23:47:22,625 [RatisPipelineUtilsThread - 0] INFO  pipeline.RatisPipelineProvider (RatisPipelineProvider.java:lambda$create$0(195)) - Sending CreatePipelineCommand for pipeline:PipelineID=5743b342-640f-4931-9abd-9c7b42edd3a2 to datanode:4178a181-7a8b-49ec-906e-515996c40b3d
2022-06-24 23:47:22,626 [RatisPipelineUtilsThread - 0] INFO  pipeline.PipelineStateManagerImpl (PipelineStateManagerImpl.java:addPipeline(101)) - Created pipeline Pipeline[ Id: 5743b342-640f-4931-9abd-9c7b42edd3a2, Nodes: b721671c-f2e0-4f32-a472-e04e394ae124{ip: 10.1.0.24, host: fv-az21-224.v4iizcarkezebbfea14bcgzyke.bx.internal.cloudapp.net, ports: [REPLICATION=36737, RATIS=41813, RATIS_ADMIN=41813, RATIS_SERVER=41813, STANDALONE=43985], networkLocation: /default-rack, certSerialId: null, persistedOpState: IN_SERVICE, persistedOpStateExpiryEpochSec: 0}66188e3b-2de6-4632-9636-fbf530af5e5e{ip: 10.1.0.24, host: fv-az21-224.v4iizcarkezebbfea14bcgzyke.bx.internal.cloudapp.net, ports: [REPLICATION=43265, RATIS=44805, RATIS_ADMIN=44805, RATIS_SERVER=44805, STANDALONE=44845], networkLocation: /default-rack, certSerialId: null, persistedOpState: IN_SERVICE, persistedOpStateExpiryEpochSec: 0}4178a181-7a8b-49ec-906e-515996c40b3d{ip: 10.1.0.24, host: fv-az21-224.v4iizcarkezebbfea14bcgzyke.bx.internal.cloudapp.net, ports: [REPLICATION=44005, RATIS=37729, RATIS_ADMIN=37729, RATIS_SERVER=37729, STANDALONE=34841], networkLocation: /default-rack, certSerialId: null, persistedOpState: IN_SERVICE, persistedOpStateExpiryEpochSec: 0}, ReplicationConfig: RATIS/THREE, State:ALLOCATED, leaderId:, CreationTimestamp2022-06-24T23:47:22.625Z[Etc/UTC]].
2022-06-24 23:47:22,626 [RatisPipelineUtilsThread - 0] INFO  pipeline.PipelineManagerImpl (PipelineManagerImpl.java:recordMetricsForPipeline(780)) - Pipeline: PipelineID=5743b342-640f-4931-9abd-9c7b42edd3a2 contains same datanodes as previous pipelines: PipelineID=f1577632-2f66-451e-a2db-8d797caee693 nodeIds: b721671c-f2e0-4f32-a472-e04e394ae124, 66188e3b-2de6-4632-9636-fbf530af5e5e, 4178a181-7a8b-49ec-906e-515996c40b3d
2022-06-24 23:47:22,649 [Listener at 127.0.0.1/33165] INFO  ozone.MiniOzoneClusterImpl (MiniOzoneClusterImpl.java:lambda$waitForClusterToBeReady$0(223)) - Waiting for nodes to be ready. Got 3 of 5 DN Heartbeats.
2022-06-24 23:47:22,649 [Listener at 127.0.0.1/33165] INFO  ozone.MiniOzoneClusterImpl (MiniOzoneClusterImpl.java:lambda$waitForClusterToBeReady$0(226)) - Waiting for cluster to exit safe mode
2022-06-24 23:47:22,649 [Listener at 127.0.0.1/33165] INFO  ozone.MiniOzoneClusterImpl (MiniOzoneClusterImpl.java:lambda$waitForClusterToBeReady$0(228)) - SCM became leader
2022-06-24 23:47:22,790 [EndpointStateMachine task thread for /0.0.0.0:41993 - 0 ] INFO  volume.HddsVolume (HddsVolume.java:createDbStore(309)) - SchemaV3 db is created and loaded at /home/runner/work/ozone/ozone/hadoop-ozone/integration-test/target/test-dir/MiniOzoneClusterImpl-579f371f-51d7-44c0-bf7c-5cb5e6cf7bc4/datanode-4/data-0/containers/hdds/579f371f-51d7-44c0-bf7c-5cb5e6cf7bc4/DS-652e3968-f386-41c4-8af1-faa54eb28bbc/container.db for volume DS-652e3968-f386-41c4-8af1-faa54eb28bbc
2022-06-24 23:47:22,791 [EndpointStateMachine task thread for /0.0.0.0:41993 - 0 ] INFO  volume.HddsVolume (HddsVolume.java:closeDbStore(340)) - SchemaV3 db is stopped at /home/runner/work/ozone/ozone/hadoop-ozone/integration-test/target/test-dir/MiniOzoneClusterImpl-579f371f-51d7-44c0-bf7c-5cb5e6cf7bc4/datanode-4/data-0/containers/hdds/579f371f-51d7-44c0-bf7c-5cb5e6cf7bc4/DS-652e3968-f386-41c4-8af1-faa54eb28bbc/container.db for volume DS-652e3968-f386-41c4-8af1-faa54eb28bbc
2022-06-24 23:47:22,791 [EndpointStateMachine task thread for /0.0.0.0:41993 - 0 ] INFO  ozoneimpl.OzoneContainer (OzoneContainer.java:start(344)) - Attempting to start container services.
2022-06-24 23:47:22,791 [EndpointStateMachine task thread for /0.0.0.0:41993 - 0 ] INFO  ozoneimpl.OzoneContainer (OzoneContainer.java:startContainerScrub(279)) - Background container scanner has been disabled.
2022-06-24 23:47:22,836 [EndpointStateMachine task thread for /0.0.0.0:41993 - 0 ] INFO  replication.ReplicationServer (ReplicationServer.java:start(111)) - ReplicationServer is started using port 45649
2022-06-24 23:47:22,872 [EndpointStateMachine task thread for /0.0.0.0:41993 - 0 ] INFO  ratis.XceiverServerRatis (XceiverServerRatis.java:start(481)) - Starting XceiverServerRatis 51490d26-ad7a-4947-a556-931448a53f1d
2022-06-24 23:47:22,892 [EndpointStateMachine task thread for /0.0.0.0:41993 - 0 ] INFO  server.RaftServer (RaftServerProxy.java:lambda$start$6(382)) - 51490d26-ad7a-4947-a556-931448a53f1d: start RPC server
2022-06-24 23:47:22,927 [EndpointStateMachine task thread for /0.0.0.0:41993 - 0 ] INFO  server.GrpcService (GrpcService.java:startImpl(260)) - 51490d26-ad7a-4947-a556-931448a53f1d: GrpcService started, listening on 46001
2022-06-24 23:47:22,928 [EndpointStateMachine task thread for /0.0.0.0:41993 - 0 ] INFO  ratis.XceiverServerRatis (XceiverServerRatis.java:getRealPort(502)) - XceiverServerRatis 51490d26-ad7a-4947-a556-931448a53f1d is started using port 46001 for RATIS
2022-06-24 23:47:22,928 [EndpointStateMachine task thread for /0.0.0.0:41993 - 0 ] INFO  ratis.XceiverServerRatis (XceiverServerRatis.java:getRealPort(502)) - XceiverServerRatis 51490d26-ad7a-4947-a556-931448a53f1d is started using port 46001 for RATIS_ADMIN
2022-06-24 23:47:22,928 [EndpointStateMachine task thread for /0.0.0.0:41993 - 0 ] INFO  ratis.XceiverServerRatis (XceiverServerRatis.java:getRealPort(502)) - XceiverServerRatis 51490d26-ad7a-4947-a556-931448a53f1d is started using port 46001 for RATIS_SERVER
2022-06-24 23:47:22,928 [org.apache.ratis.util.JvmPauseMonitor$$Lambda$627/395666382@610ab4e7] INFO  util.JvmPauseMonitor (JvmPauseMonitor.java:run(103)) - JvmPauseMonitor-51490d26-ad7a-4947-a556-931448a53f1d: Started
2022-06-24 23:47:22,951 [EndpointStateMachine task thread for /0.0.0.0:41993 - 0 ] INFO  server.XceiverServerGrpc (XceiverServerGrpc.java:start(180)) - XceiverServerGrpc 51490d26-ad7a-4947-a556-931448a53f1d is started using port 44459
2022-06-24 23:47:23,650 [Listener at 127.0.0.1/33165] INFO  ozone.MiniOzoneClusterImpl (MiniOzoneClusterImpl.java:lambda$waitForClusterToBeReady$0(223)) - Waiting for nodes to be ready. Got 3 of 5 DN Heartbeats.
2022-06-24 23:47:23,650 [Listener at 127.0.0.1/33165] INFO  ozone.MiniOzoneClusterImpl (MiniOzoneClusterImpl.java:lambda$waitForClusterToBeReady$0(226)) - Waiting for cluster to exit safe mode
2022-06-24 23:47:23,651 [Listener at 127.0.0.1/33165] INFO  ozone.MiniOzoneClusterImpl (MiniOzoneClusterImpl.java:lambda$waitForClusterToBeReady$0(228)) - SCM became leader
2022-06-24 23:47:23,716 [IPC Server handler 2 on default port 41993] INFO  net.NetworkTopologyImpl (NetworkTopologyImpl.java:add(112)) - Added a new node: /default-rack/87fb9657-1567-464e-bbce-51798844cbf7
2022-06-24 23:47:23,716 [IPC Server handler 2 on default port 41993] INFO  node.SCMNodeManager (SCMNodeManager.java:register(397)) - Registered Data node : 87fb9657-1567-464e-bbce-51798844cbf7{ip: 10.1.0.24, host: fv-az21-224.v4iizcarkezebbfea14bcgzyke.bx.internal.cloudapp.net, ports: [REPLICATION=43229, RATIS=44643, RATIS_ADMIN=44643, RATIS_SERVER=44643, STANDALONE=33177], networkLocation: /default-rack, certSerialId: null, persistedOpState: null, persistedOpStateExpiryEpochSec: 0}
2022-06-24 23:47:23,716 [EventQueue-NewNodeForNewNodeHandler] INFO  pipeline.BackgroundPipelineCreator (BackgroundPipelineCreator.java:notifyEventTriggered(275)) - trigger a one-shot run on RatisPipelineUtilsThread.
2022-06-24 23:47:23,717 [RatisPipelineUtilsThread - 0] INFO  pipeline.RatisPipelineProvider (RatisPipelineProvider.java:lambda$create$0(195)) - Sending CreatePipelineCommand for pipeline:PipelineID=bc4460fc-0603-4433-ad8a-b48b88ebab1d to datanode:87fb9657-1567-464e-bbce-51798844cbf7
2022-06-24 23:47:23,717 [RatisPipelineUtilsThread - 0] INFO  pipeline.PipelineStateManagerImpl (PipelineStateManagerImpl.java:addPipeline(101)) - Created pipeline Pipeline[ Id: bc4460fc-0603-4433-ad8a-b48b88ebab1d, Nodes: 87fb9657-1567-464e-bbce-51798844cbf7{ip: 10.1.0.24, host: fv-az21-224.v4iizcarkezebbfea14bcgzyke.bx.internal.cloudapp.net, ports: [REPLICATION=43229, RATIS=44643, RATIS_ADMIN=44643, RATIS_SERVER=44643, STANDALONE=33177], networkLocation: /default-rack, certSerialId: null, persistedOpState: IN_SERVICE, persistedOpStateExpiryEpochSec: 0}, ReplicationConfig: RATIS/ONE, State:ALLOCATED, leaderId:, CreationTimestamp2022-06-24T23:47:23.717Z[Etc/UTC]].
2022-06-24 23:47:24,057 [Command processor thread] INFO  server.RaftServer (RaftServerProxy.java:addNew(96)) - b721671c-f2e0-4f32-a472-e04e394ae124: addNew group-7B346AE8608F:[b721671c-f2e0-4f32-a472-e04e394ae124|rpc:10.1.0.24:41813|priority:1] returns group-7B346AE8608F:java.util.concurrent.CompletableFuture@206063d3[Not completed]
2022-06-24 23:47:24,068 [pool-544-thread-1] INFO  server.RaftServer$Division (RaftServerImpl.java:<init>(190)) - b721671c-f2e0-4f32-a472-e04e394ae124: new RaftServerImpl for group-7B346AE8608F:[b721671c-f2e0-4f32-a472-e04e394ae124|rpc:10.1.0.24:41813|priority:1] with ContainerStateMachine:uninitialized
2022-06-24 23:47:24,068 [pool-544-thread-1] INFO  server.RaftServerConfigKeys (ConfUtils.java:logGet(46)) - raft.server.rpc.timeout.min = 5s (custom)
2022-06-24 23:47:24,069 [pool-544-thread-1] INFO  server.RaftServerConfigKeys (ConfUtils.java:logGet(46)) - raft.server.rpc.timeout.max = 5200ms (custom)
2022-06-24 23:47:24,069 [pool-544-thread-1] INFO  server.RaftServerConfigKeys (ConfUtils.java:logGet(46)) - raft.server.rpc.sleep.time = 25ms (default)
2022-06-24 23:47:24,069 [pool-544-thread-1] INFO  server.RaftServerConfigKeys (ConfUtils.java:logGet(46)) - raft.server.rpc.slowness.timeout = 300s (custom)
2022-06-24 23:47:24,069 [pool-544-thread-1] INFO  server.RaftServerConfigKeys (ConfUtils.java:logGet(46)) - raft.server.leaderelection.leader.step-down.wait-time = 10s (default)
2022-06-24 23:47:24,069 [pool-544-thread-1] INFO  server.RaftServerConfigKeys (ConfUtils.java:logGet(46)) - raft.server.sleep.deviation.threshold = 300ms (default)
2022-06-24 23:47:24,069 [pool-544-thread-1] INFO  server.RaftServer$Division (ServerState.java:<init>(107)) - b721671c-f2e0-4f32-a472-e04e394ae124@group-7B346AE8608F: ConfigurationManager, init=-1: [b721671c-f2e0-4f32-a472-e04e394ae124|rpc:10.1.0.24:41813|priority:1], old=null, confs=<EMPTY_MAP>
2022-06-24 23:47:24,069 [pool-544-thread-1] INFO  server.RaftServerConfigKeys (ConfUtils.java:logGet(46)) - raft.server.storage.dir = [/home/runner/work/ozone/ozone/hadoop-ozone/integration-test/target/test-dir/MiniOzoneClusterImpl-579f371f-51d7-44c0-bf7c-5cb5e6cf7bc4/datanode-0/data/ratis] (custom)
2022-06-24 23:47:24,069 [pool-544-thread-1] INFO  server.RaftServerConfigKeys (ConfUtils.java:logGet(46)) - raft.server.log.corruption.policy = EXCEPTION (default)
2022-06-24 23:47:24,069 [pool-544-thread-1] INFO  server.RaftServerConfigKeys (ConfUtils.java:logGet(46)) - raft.server.storage.free-space.min = 0MB (=0) (default)
2022-06-24 23:47:24,069 [pool-544-thread-1] INFO  storage.RaftStorageDirectory (RaftStorageDirectoryImpl.java:analyzeStorage(135)) - The storage directory /home/runner/work/ozone/ozone/hadoop-ozone/integration-test/target/test-dir/MiniOzoneClusterImpl-579f371f-51d7-44c0-bf7c-5cb5e6cf7bc4/datanode-0/data/ratis/cf8ef9aa-2031-403c-acc1-7b346ae8608f does not exist. Creating ...
2022-06-24 23:47:24,074 [pool-544-thread-1] INFO  storage.RaftStorageDirectory (RaftStorageDirectoryImpl.java:tryLock(230)) - Lock on /home/runner/work/ozone/ozone/hadoop-ozone/integration-test/target/test-dir/MiniOzoneClusterImpl-579f371f-51d7-44c0-bf7c-5cb5e6cf7bc4/datanode-0/data/ratis/cf8ef9aa-2031-403c-acc1-7b346ae8608f/in_use.lock acquired by nodename 11308@fv-az21-224
2022-06-24 23:47:24,075 [pool-544-thread-1] INFO  storage.RaftStorage (RaftStorageImpl.java:format(89)) - Storage directory /home/runner/work/ozone/ozone/hadoop-ozone/integration-test/target/test-dir/MiniOzoneClusterImpl-579f371f-51d7-44c0-bf7c-5cb5e6cf7bc4/datanode-0/data/ratis/cf8ef9aa-2031-403c-acc1-7b346ae8608f has been successfully formatted.
2022-06-24 23:47:24,080 [EventQueue-PipelineReportForPipelineReportHandler] INFO  pipeline.PipelineManagerImpl (PipelineManagerImpl.java:openPipeline(358)) - Pipeline Pipeline[ Id: cf8ef9aa-2031-403c-acc1-7b346ae8608f, Nodes: b721671c-f2e0-4f32-a472-e04e394ae124{ip: 10.1.0.24, host: fv-az21-224.v4iizcarkezebbfea14bcgzyke.bx.internal.cloudapp.net, ports: [REPLICATION=36737, RATIS=41813, RATIS_ADMIN=41813, RATIS_SERVER=41813, STANDALONE=43985], networkLocation: /default-rack, certSerialId: null, persistedOpState: IN_SERVICE, persistedOpStateExpiryEpochSec: 0}, ReplicationConfig: RATIS/ONE, State:ALLOCATED, leaderId:b721671c-f2e0-4f32-a472-e04e394ae124, CreationTimestamp2022-06-24T23:47:21.073Z[Etc/UTC]] moved to OPEN state
2022-06-24 23:47:24,087 [pool-544-thread-1] INFO  ratis.ContainerStateMachine (ContainerStateMachine.java:loadSnapshot(236)) - group-7B346AE8608F: The snapshot info is null. Setting the last applied indexto:(t:0, i:~)
2022-06-24 23:47:24,104 [pool-544-thread-1] INFO  server.RaftServerConfigKeys (ConfUtils.java:logGet(46)) - raft.server.notification.no-leader.timeout = 300s (custom)
2022-06-24 23:47:24,104 [pool-544-thread-1] INFO  server.RaftServerConfigKeys (ConfUtils.java:logGet(46)) - raft.server.log.use.memory = false (default)
2022-06-24 23:47:24,104 [pool-544-thread-1] INFO  server.RaftServerConfigKeys (ConfUtils.java:logGet(46)) - raft.server.log.purge.gap = 1000000 (custom)
2022-06-24 23:47:24,104 [pool-544-thread-1] INFO  server.RaftServerConfigKeys (ConfUtils.java:logGet(46)) - raft.server.log.appender.buffer.byte-limit = 33554432 (custom)
2022-06-24 23:47:24,104 [pool-544-thread-1] INFO  server.RaftServerConfigKeys (ConfUtils.java:logGet(46)) - raft.server.log.statemachine.data.read.timeout = 1000ms (default)
2022-06-24 23:47:24,105 [pool-544-thread-1] INFO  server.RaftServerConfigKeys (ConfUtils.java:logGet(46)) - raft.server.log.segment.size.max = 1048576 (custom)
2022-06-24 23:47:24,105 [pool-544-thread-1] INFO  server.RaftServerConfigKeys (ConfUtils.java:logGet(46)) - raft.server.log.segment.cache.num.max = 2 (custom)
2022-06-24 23:47:24,105 [pool-544-thread-1] INFO  server.RaftServerConfigKeys (ConfUtils.java:logGet(46)) - raft.server.log.segment.cache.size.max = 200MB (=209715200) (default)
2022-06-24 23:47:24,105 [pool-544-thread-1] INFO  segmented.SegmentedRaftLogWorker (SegmentedRaftLogWorker.java:<init>(187)) - new b721671c-f2e0-4f32-a472-e04e394ae124@group-7B346AE8608F-SegmentedRaftLogWorker for RaftStorageImpl:Storage Directory /home/runner/work/ozone/ozone/hadoop-ozone/integration-test/target/test-dir/MiniOzoneClusterImpl-579f371f-51d7-44c0-bf7c-5cb5e6cf7bc4/datanode-0/data/ratis/cf8ef9aa-2031-403c-acc1-7b346ae8608f
2022-06-24 23:47:24,105 [pool-544-thread-1] INFO  server.RaftServerConfigKeys (ConfUtils.java:logGet(46)) - raft.server.log.queue.byte-limit = 4294967296 (custom)
2022-06-24 23:47:24,105 [pool-544-thread-1] INFO  server.RaftServerConfigKeys (ConfUtils.java:logGet(46)) - raft.server.log.queue.element-limit = 1024 (custom)
2022-06-24 23:47:24,105 [pool-544-thread-1] INFO  server.RaftServerConfigKeys (ConfUtils.java:logGet(46)) - raft.server.log.segment.size.max = 1048576 (custom)
2022-06-24 23:47:24,105 [pool-544-thread-1] INFO  server.RaftServerConfigKeys (ConfUtils.java:logGet(46)) - raft.server.log.preallocated.size = 16384 (custom)
2022-06-24 23:47:24,105 [pool-544-thread-1] INFO  server.RaftServerConfigKeys (ConfUtils.java:logGet(46)) - raft.server.log.force.sync.num = 128 (default)
2022-06-24 23:47:24,105 [pool-544-thread-1] INFO  server.RaftServerConfigKeys (ConfUtils.java:logGet(46)) - raft.server.log.statemachine.data.sync = true (default)
2022-06-24 23:47:24,105 [pool-544-thread-1] INFO  server.RaftServerConfigKeys (ConfUtils.java:logGet(46)) - raft.server.log.statemachine.data.sync.timeout = 10s (default)
2022-06-24 23:47:24,105 [pool-544-thread-1] INFO  server.RaftServerConfigKeys (ConfUtils.java:logGet(46)) - raft.server.log.statemachine.data.sync.timeout.retry = -1 (default)
2022-06-24 23:47:24,106 [pool-544-thread-1] INFO  server.RaftServerConfigKeys (ConfUtils.java:logGet(46)) - raft.server.log.write.buffer.size = 1048576 (custom)
2022-06-24 23:47:24,108 [pool-544-thread-1] INFO  server.RaftServerConfigKeys (ConfUtils.java:logGet(46)) - raft.server.log.unsafe-flush.enabled = false (default)
2022-06-24 23:47:24,108 [pool-544-thread-1] INFO  server.RaftServerConfigKeys (ConfUtils.java:logGet(46)) - raft.server.log.statemachine.data.caching.enabled = true (custom)
2022-06-24 23:47:24,108 [pool-544-thread-1] INFO  segmented.SegmentedRaftLogWorker (SegmentedRaftLogWorker.java:lambda$new$0(135)) - b721671c-f2e0-4f32-a472-e04e394ae124@group-7B346AE8608F-SegmentedRaftLogWorker: flushIndex: setUnconditionally 0 -> -1
2022-06-24 23:47:24,108 [pool-544-thread-1] INFO  segmented.SegmentedRaftLogWorker (SegmentedRaftLogWorker.java:lambda$new$0(135)) - b721671c-f2e0-4f32-a472-e04e394ae124@group-7B346AE8608F-SegmentedRaftLogWorker: safeCacheEvictIndex: setUnconditionally 0 -> -1
2022-06-24 23:47:24,115 [pool-544-thread-1] INFO  server.RaftServerConfigKeys (ConfUtils.java:logGet(46)) - raft.server.snapshot.auto.trigger.enabled = true (custom)
2022-06-24 23:47:24,115 [pool-544-thread-1] INFO  server.RaftServerConfigKeys (ConfUtils.java:logGet(46)) - raft.server.snapshot.auto.trigger.threshold = 10000 (custom)
2022-06-24 23:47:24,115 [pool-544-thread-1] INFO  server.RaftServerConfigKeys (ConfUtils.java:logGet(46)) - raft.server.snapshot.retention.file.num = 5 (custom)
2022-06-24 23:47:24,115 [pool-544-thread-1] INFO  server.RaftServerConfigKeys (ConfUtils.java:logGet(46)) - raft.server.log.purge.upto.snapshot.index = false (default)
2022-06-24 23:47:24,115 [pool-544-thread-1] INFO  server.RaftServerConfigKeys (ConfUtils.java:logGet(46)) - raft.server.retrycache.expirytime = 600000ms (custom)
2022-06-24 23:47:24,115 [pool-544-thread-1] INFO  server.RaftServerConfigKeys (ConfUtils.java:logGet(46)) - raft.server.retrycache.statistics.expirytime = 100μs (default)
2022-06-24 23:47:24,116 [pool-544-thread-1] INFO  server.RaftServerConfigKeys (ConfUtils.java:logGet(46)) - raft.server.log.appender.install.snapshot.enabled = false (custom)
2022-06-24 23:47:24,116 [pool-544-thread-1] INFO  server.RaftServerConfigKeys (ConfUtils.java:logGet(46)) - raft.server.threadpool.server.cached = true (default)
2022-06-24 23:47:24,116 [pool-544-thread-1] INFO  server.RaftServerConfigKeys (ConfUtils.java:logGet(46)) - raft.server.threadpool.server.size = 0 (default)
2022-06-24 23:47:24,116 [pool-544-thread-1] INFO  server.RaftServerConfigKeys (ConfUtils.java:logGet(46)) - raft.server.threadpool.client.cached = true (default)
2022-06-24 23:47:24,117 [pool-544-thread-1] INFO  server.RaftServerConfigKeys (ConfUtils.java:logGet(46)) - raft.server.threadpool.client.size = 0 (default)
2022-06-24 23:47:24,117 [pool-544-thread-1] INFO  server.RaftServer$Division (RaftServerImpl.java:start(310)) - b721671c-f2e0-4f32-a472-e04e394ae124@group-7B346AE8608F: start as a follower, conf=-1: [b721671c-f2e0-4f32-a472-e04e394ae124|rpc:10.1.0.24:41813|priority:1], old=null
2022-06-24 23:47:24,117 [pool-544-thread-1] INFO  server.RaftServer$Division (RaftServerImpl.java:setRole(299)) - b721671c-f2e0-4f32-a472-e04e394ae124@group-7B346AE8608F: changes role from      null to FOLLOWER at term 0 for startAsFollower
2022-06-24 23:47:24,117 [pool-544-thread-1] INFO  impl.RoleInfo (RoleInfo.java:updateAndGet(139)) - b721671c-f2e0-4f32-a472-e04e394ae124: start b721671c-f2e0-4f32-a472-e04e394ae124@group-7B346AE8608F-FollowerState
2022-06-24 23:47:24,117 [EventQueue-OpenPipelineForHealthyPipelineSafeModeRule] INFO  safemode.SCMSafeModeManager (HealthyPipelineSafeModeRule.java:process(124)) - SCM in safe mode. Healthy pipelines reported count is 0, required healthy pipeline reported count is 1
2022-06-24 23:47:24,123 [pool-544-thread-1] INFO  util.JmxRegister (JmxRegister.java:tryRegister(44)) - Successfully registered JMX Bean with object name Ratis:service=RaftServer,group=group-7B346AE8608F,id=b721671c-f2e0-4f32-a472-e04e394ae124
2022-06-24 23:47:24,130 [Command processor thread] INFO  ratis.XceiverServerRatis (XceiverServerRatis.java:addGroup(765)) - Created group PipelineID=cf8ef9aa-2031-403c-acc1-7b346ae8608f
2022-06-24 23:47:24,130 [Command processor thread] INFO  commandhandler.CreatePipelineCommandHandler (CreatePipelineCommandHandler.java:handle(113)) - Created Pipeline RATIS ONE PipelineID=cf8ef9aa-2031-403c-acc1-7b346ae8608f.
2022-06-24 23:47:24,130 [Command processor thread] INFO  server.RaftServer (RaftServerProxy.java:addNew(96)) - b721671c-f2e0-4f32-a472-e04e394ae124: addNew group-8D797CAEE693:[b721671c-f2e0-4f32-a472-e04e394ae124|rpc:10.1.0.24:41813|priority:0, 66188e3b-2de6-4632-9636-fbf530af5e5e|rpc:10.1.0.24:44805|priority:0, 4178a181-7a8b-49ec-906e-515996c40b3d|rpc:10.1.0.24:37729|priority:1] returns group-8D797CAEE693:java.util.concurrent.CompletableFuture@245fe307[Not completed]
2022-06-24 23:47:24,135 [pool-544-thread-1] INFO  server.RaftServer$Division (RaftServerImpl.java:<init>(190)) - b721671c-f2e0-4f32-a472-e04e394ae124: new RaftServerImpl for group-8D797CAEE693:[b721671c-f2e0-4f32-a472-e04e394ae124|rpc:10.1.0.24:41813|priority:0, 66188e3b-2de6-4632-9636-fbf530af5e5e|rpc:10.1.0.24:44805|priority:0, 4178a181-7a8b-49ec-906e-515996c40b3d|rpc:10.1.0.24:37729|priority:1] with ContainerStateMachine:uninitialized
2022-06-24 23:47:24,135 [pool-544-thread-1] INFO  server.RaftServerConfigKeys (ConfUtils.java:logGet(46)) - raft.server.rpc.timeout.min = 5s (custom)
2022-06-24 23:47:24,135 [pool-544-thread-1] INFO  server.RaftServerConfigKeys (ConfUtils.java:logGet(46)) - raft.server.rpc.timeout.max = 5200ms (custom)
2022-06-24 23:47:24,135 [pool-544-thread-1] INFO  server.RaftServerConfigKeys (ConfUtils.java:logGet(46)) - raft.server.rpc.sleep.time = 25ms (default)
2022-06-24 23:47:24,135 [pool-544-thread-1] INFO  server.RaftServerConfigKeys (ConfUtils.java:logGet(46)) - raft.server.rpc.slowness.timeout = 300s (custom)
2022-06-24 23:47:24,135 [pool-544-thread-1] INFO  server.RaftServerConfigKeys (ConfUtils.java:logGet(46)) - raft.server.leaderelection.leader.step-down.wait-time = 10s (default)
2022-06-24 23:47:24,137 [pool-544-thread-1] INFO  server.RaftServerConfigKeys (ConfUtils.java:logGet(46)) - raft.server.sleep.deviation.threshold = 300ms (default)
2022-06-24 23:47:24,138 [pool-544-thread-1] INFO  server.RaftServer$Division (ServerState.java:<init>(107)) - b721671c-f2e0-4f32-a472-e04e394ae124@group-8D797CAEE693: ConfigurationManager, init=-1: [b721671c-f2e0-4f32-a472-e04e394ae124|rpc:10.1.0.24:41813|priority:0, 66188e3b-2de6-4632-9636-fbf530af5e5e|rpc:10.1.0.24:44805|priority:0, 4178a181-7a8b-49ec-906e-515996c40b3d|rpc:10.1.0.24:37729|priority:1], old=null, confs=<EMPTY_MAP>
2022-06-24 23:47:24,138 [pool-544-thread-1] INFO  server.RaftServerConfigKeys (ConfUtils.java:logGet(46)) - raft.server.storage.dir = [/home/runner/work/ozone/ozone/hadoop-ozone/integration-test/target/test-dir/MiniOzoneClusterImpl-579f371f-51d7-44c0-bf7c-5cb5e6cf7bc4/datanode-0/data/ratis] (custom)
2022-06-24 23:47:24,138 [pool-544-thread-1] INFO  server.RaftServerConfigKeys (ConfUtils.java:logGet(46)) - raft.server.log.corruption.policy = EXCEPTION (default)
2022-06-24 23:47:24,138 [pool-544-thread-1] INFO  server.RaftServerConfigKeys (ConfUtils.java:logGet(46)) - raft.server.storage.free-space.min = 0MB (=0) (default)
2022-06-24 23:47:24,138 [pool-544-thread-1] INFO  storage.RaftStorageDirectory (RaftStorageDirectoryImpl.java:analyzeStorage(135)) - The storage directory /home/runner/work/ozone/ozone/hadoop-ozone/integration-test/target/test-dir/MiniOzoneClusterImpl-579f371f-51d7-44c0-bf7c-5cb5e6cf7bc4/datanode-0/data/ratis/f1577632-2f66-451e-a2db-8d797caee693 does not exist. Creating ...
2022-06-24 23:47:24,139 [pool-544-thread-1] INFO  storage.RaftStorageDirectory (RaftStorageDirectoryImpl.java:tryLock(230)) - Lock on /home/runner/work/ozone/ozone/hadoop-ozone/integration-test/target/test-dir/MiniOzoneClusterImpl-579f371f-51d7-44c0-bf7c-5cb5e6cf7bc4/datanode-0/data/ratis/f1577632-2f66-451e-a2db-8d797caee693/in_use.lock acquired by nodename 11308@fv-az21-224
2022-06-24 23:47:24,141 [pool-544-thread-1] INFO  storage.RaftStorage (RaftStorageImpl.java:format(89)) - Storage directory /home/runner/work/ozone/ozone/hadoop-ozone/integration-test/target/test-dir/MiniOzoneClusterImpl-579f371f-51d7-44c0-bf7c-5cb5e6cf7bc4/datanode-0/data/ratis/f1577632-2f66-451e-a2db-8d797caee693 has been successfully formatted.
2022-06-24 23:47:24,141 [pool-544-thread-1] INFO  ratis.ContainerStateMachine (ContainerStateMachine.java:loadSnapshot(236)) - group-8D797CAEE693: The snapshot info is null. Setting the last applied indexto:(t:0, i:~)
2022-06-24 23:47:24,141 [pool-544-thread-1] INFO  server.RaftServerConfigKeys (ConfUtils.java:logGet(46)) - raft.server.notification.no-leader.timeout = 300s (custom)
2022-06-24 23:47:24,141 [pool-544-thread-1] INFO  server.RaftServerConfigKeys (ConfUtils.java:logGet(46)) - raft.server.log.use.memory = false (default)
2022-06-24 23:47:24,142 [pool-544-thread-1] INFO  server.RaftServerConfigKeys (ConfUtils.java:logGet(46)) - raft.server.log.purge.gap = 1000000 (custom)
2022-06-24 23:47:24,142 [pool-544-thread-1] INFO  server.RaftServerConfigKeys (ConfUtils.java:logGet(46)) - raft.server.log.appender.buffer.byte-limit = 33554432 (custom)
2022-06-24 23:47:24,142 [pool-544-thread-1] INFO  server.RaftServerConfigKeys (ConfUtils.java:logGet(46)) - raft.server.log.statemachine.data.read.timeout = 1000ms (default)
2022-06-24 23:47:24,142 [pool-544-thread-1] INFO  server.RaftServerConfigKeys (ConfUtils.java:logGet(46)) - raft.server.log.segment.size.max = 1048576 (custom)
2022-06-24 23:47:24,142 [pool-544-thread-1] INFO  server.RaftServerConfigKeys (ConfUtils.java:logGet(46)) - raft.server.log.segment.cache.num.max = 2 (custom)
2022-06-24 23:47:24,142 [pool-544-thread-1] INFO  server.RaftServerConfigKeys (ConfUtils.java:logGet(46)) - raft.server.log.segment.cache.size.max = 200MB (=209715200) (default)
2022-06-24 23:47:24,142 [EventQueue-OpenPipelineForHealthyPipelineSafeModeRule] INFO  safemode.SCMSafeModeManager (HealthyPipelineSafeModeRule.java:process(124)) - SCM in safe mode. Healthy pipelines reported count is 0, required healthy pipeline reported count is 1
2022-06-24 23:47:24,143 [pool-544-thread-1] INFO  segmented.SegmentedRaftLogWorker (SegmentedRaftLogWorker.java:<init>(187)) - new b721671c-f2e0-4f32-a472-e04e394ae124@group-8D797CAEE693-SegmentedRaftLogWorker for RaftStorageImpl:Storage Directory /home/runner/work/ozone/ozone/hadoop-ozone/integration-test/target/test-dir/MiniOzoneClusterImpl-579f371f-51d7-44c0-bf7c-5cb5e6cf7bc4/datanode-0/data/ratis/f1577632-2f66-451e-a2db-8d797caee693
2022-06-24 23:47:24,143 [pool-544-thread-1] INFO  server.RaftServerConfigKeys (ConfUtils.java:logGet(46)) - raft.server.log.queue.byte-limit = 4294967296 (custom)
2022-06-24 23:47:24,143 [pool-544-thread-1] INFO  server.RaftServerConfigKeys (ConfUtils.java:logGet(46)) - raft.server.log.queue.element-limit = 1024 (custom)
2022-06-24 23:47:24,143 [pool-544-thread-1] INFO  server.RaftServerConfigKeys (ConfUtils.java:logGet(46)) - raft.server.log.segment.size.max = 1048576 (custom)
2022-06-24 23:47:24,143 [pool-544-thread-1] INFO  server.RaftServerConfigKeys (ConfUtils.java:logGet(46)) - raft.server.log.preallocated.size = 16384 (custom)
2022-06-24 23:47:24,143 [pool-544-thread-1] INFO  server.RaftServerConfigKeys (ConfUtils.java:logGet(46)) - raft.server.log.force.sync.num = 128 (default)
2022-06-24 23:47:24,143 [pool-544-thread-1] INFO  server.RaftServerConfigKeys (ConfUtils.java:logGet(46)) - raft.server.log.statemachine.data.sync = true (default)
2022-06-24 23:47:24,143 [pool-544-thread-1] INFO  server.RaftServerConfigKeys (ConfUtils.java:logGet(46)) - raft.server.log.statemachine.data.sync.timeout = 10s (default)
2022-06-24 23:47:24,143 [pool-544-thread-1] INFO  server.RaftServerConfigKeys (ConfUtils.java:logGet(46)) - raft.server.log.statemachine.data.sync.timeout.retry = -1 (default)
2022-06-24 23:47:24,144 [pool-544-thread-1] INFO  server.RaftServerConfigKeys (ConfUtils.java:logGet(46)) - raft.server.log.write.buffer.size = 1048576 (custom)
2022-06-24 23:47:24,144 [pool-544-thread-1] INFO  server.RaftServerConfigKeys (ConfUtils.java:logGet(46)) - raft.server.log.unsafe-flush.enabled = false (default)
2022-06-24 23:47:24,144 [pool-544-thread-1] INFO  server.RaftServerConfigKeys (ConfUtils.java:logGet(46)) - raft.server.log.statemachine.data.caching.enabled = true (custom)
2022-06-24 23:47:24,145 [pool-544-thread-1] INFO  segmented.SegmentedRaftLogWorker (SegmentedRaftLogWorker.java:lambda$new$0(135)) - b721671c-f2e0-4f32-a472-e04e394ae124@group-8D797CAEE693-SegmentedRaftLogWorker: flushIndex: setUnconditionally 0 -> -1
2022-06-24 23:47:24,145 [pool-544-thread-1] INFO  segmented.SegmentedRaftLogWorker (SegmentedRaftLogWorker.java:lambda$new$0(135)) - b721671c-f2e0-4f32-a472-e04e394ae124@group-8D797CAEE693-SegmentedRaftLogWorker: safeCacheEvictIndex: setUnconditionally 0 -> -1
2022-06-24 23:47:24,171 [pool-544-thread-1] INFO  server.RaftServerConfigKeys (ConfUtils.java:logGet(46)) - raft.server.snapshot.auto.trigger.enabled = true (custom)
2022-06-24 23:47:24,171 [pool-544-thread-1] INFO  server.RaftServerConfigKeys (ConfUtils.java:logGet(46)) - raft.server.snapshot.auto.trigger.threshold = 10000 (custom)
2022-06-24 23:47:24,171 [pool-544-thread-1] INFO  server.RaftServerConfigKeys (ConfUtils.java:logGet(46)) - raft.server.snapshot.retention.file.num = 5 (custom)
2022-06-24 23:47:24,171 [pool-544-thread-1] INFO  server.RaftServerConfigKeys (ConfUtils.java:logGet(46)) - raft.server.log.purge.upto.snapshot.index = false (default)
2022-06-24 23:47:24,171 [pool-544-thread-1] INFO  server.RaftServerConfigKeys (ConfUtils.java:logGet(46)) - raft.server.retrycache.expirytime = 600000ms (custom)
2022-06-24 23:47:24,171 [pool-544-thread-1] INFO  server.RaftServerConfigKeys (ConfUtils.java:logGet(46)) - raft.server.retrycache.statistics.expirytime = 100μs (default)
2022-06-24 23:47:24,172 [pool-544-thread-1] INFO  server.RaftServerConfigKeys (ConfUtils.java:logGet(46)) - raft.server.log.appender.install.snapshot.enabled = false (custom)
2022-06-24 23:47:24,172 [pool-544-thread-1] INFO  server.RaftServerConfigKeys (ConfUtils.java:logGet(46)) - raft.server.threadpool.server.cached = true (default)
2022-06-24 23:47:24,173 [pool-544-thread-1] INFO  server.RaftServerConfigKeys (ConfUtils.java:logGet(46)) - raft.server.threadpool.server.size = 0 (default)
2022-06-24 23:47:24,173 [pool-544-thread-1] INFO  server.RaftServerConfigKeys (ConfUtils.java:logGet(46)) - raft.server.threadpool.client.cached = true (default)
2022-06-24 23:47:24,173 [pool-544-thread-1] INFO  server.RaftServerConfigKeys (ConfUtils.java:logGet(46)) - raft.server.threadpool.client.size = 0 (default)
2022-06-24 23:47:24,173 [pool-544-thread-1] INFO  server.RaftServer$Division (RaftServerImpl.java:start(310)) - b721671c-f2e0-4f32-a472-e04e394ae124@group-8D797CAEE693: start as a follower, conf=-1: [b721671c-f2e0-4f32-a472-e04e394ae124|rpc:10.1.0.24:41813|priority:0, 66188e3b-2de6-4632-9636-fbf530af5e5e|rpc:10.1.0.24:44805|priority:0, 4178a181-7a8b-49ec-906e-515996c40b3d|rpc:10.1.0.24:37729|priority:1], old=null
2022-06-24 23:47:24,173 [pool-544-thread-1] INFO  server.RaftServer$Division (RaftServerImpl.java:setRole(299)) - b721671c-f2e0-4f32-a472-e04e394ae124@group-8D797CAEE693: changes role from      null to FOLLOWER at term 0 for startAsFollower
2022-06-24 23:47:24,173 [pool-544-thread-1] INFO  impl.RoleInfo (RoleInfo.java:updateAndGet(139)) - b721671c-f2e0-4f32-a472-e04e394ae124: start b721671c-f2e0-4f32-a472-e04e394ae124@group-8D797CAEE693-FollowerState
2022-06-24 23:47:24,176 [pool-544-thread-1] INFO  util.JmxRegister (JmxRegister.java:tryRegister(44)) - Successfully registered JMX Bean with object name Ratis:service=RaftServer,group=group-8D797CAEE693,id=b721671c-f2e0-4f32-a472-e04e394ae124
2022-06-24 23:47:24,196 [Command processor thread] INFO  ratis.XceiverServerRatis (XceiverServerRatis.java:addGroup(765)) - Created group PipelineID=f1577632-2f66-451e-a2db-8d797caee693
2022-06-24 23:47:24,327 [grpc-default-executor-0] INFO  server.RaftServer (RaftServerProxy.java:addNew(96)) - 4178a181-7a8b-49ec-906e-515996c40b3d: addNew group-8D797CAEE693:[b721671c-f2e0-4f32-a472-e04e394ae124|rpc:10.1.0.24:41813|dataStream:|priority:0, 66188e3b-2de6-4632-9636-fbf530af5e5e|rpc:10.1.0.24:44805|dataStream:|priority:0, 4178a181-7a8b-49ec-906e-515996c40b3d|rpc:10.1.0.24:37729|dataStream:|priority:1] returns group-8D797CAEE693:java.util.concurrent.CompletableFuture@5a86563a[Not completed]
2022-06-24 23:47:24,331 [pool-590-thread-1] INFO  server.RaftServer$Division (RaftServerImpl.java:<init>(190)) - 4178a181-7a8b-49ec-906e-515996c40b3d: new RaftServerImpl for group-8D797CAEE693:[b721671c-f2e0-4f32-a472-e04e394ae124|rpc:10.1.0.24:41813|dataStream:|priority:0, 66188e3b-2de6-4632-9636-fbf530af5e5e|rpc:10.1.0.24:44805|dataStream:|priority:0, 4178a181-7a8b-49ec-906e-515996c40b3d|rpc:10.1.0.24:37729|dataStream:|priority:1] with ContainerStateMachine:uninitialized
2022-06-24 23:47:24,331 [pool-590-thread-1] INFO  server.RaftServerConfigKeys (ConfUtils.java:logGet(46)) - raft.server.rpc.timeout.min = 5s (custom)
2022-06-24 23:47:24,331 [pool-590-thread-1] INFO  server.RaftServerConfigKeys (ConfUtils.java:logGet(46)) - raft.server.rpc.timeout.max = 5200ms (custom)
2022-06-24 23:47:24,331 [pool-590-thread-1] INFO  server.RaftServerConfigKeys (ConfUtils.java:logGet(46)) - raft.server.rpc.sleep.time = 25ms (default)
2022-06-24 23:47:24,331 [pool-590-thread-1] INFO  server.RaftServerConfigKeys (ConfUtils.java:logGet(46)) - raft.server.rpc.slowness.timeout = 300s (custom)
2022-06-24 23:47:24,331 [pool-590-thread-1] INFO  server.RaftServerConfigKeys (ConfUtils.java:logGet(46)) - raft.server.leaderelection.leader.step-down.wait-time = 10s (default)
2022-06-24 23:47:24,331 [pool-590-thread-1] INFO  server.RaftServerConfigKeys (ConfUtils.java:logGet(46)) - raft.server.sleep.deviation.threshold = 300ms (default)
2022-06-24 23:47:24,331 [pool-590-thread-1] INFO  server.RaftServer$Division (ServerState.java:<init>(107)) - 4178a181-7a8b-49ec-906e-515996c40b3d@group-8D797CAEE693: ConfigurationManager, init=-1: [b721671c-f2e0-4f32-a472-e04e394ae124|rpc:10.1.0.24:41813|dataStream:|priority:0, 66188e3b-2de6-4632-9636-fbf530af5e5e|rpc:10.1.0.24:44805|dataStream:|priority:0, 4178a181-7a8b-49ec-906e-515996c40b3d|rpc:10.1.0.24:37729|dataStream:|priority:1], old=null, confs=<EMPTY_MAP>
2022-06-24 23:47:24,331 [pool-590-thread-1] INFO  server.RaftServerConfigKeys (ConfUtils.java:logGet(46)) - raft.server.storage.dir = [/home/runner/work/ozone/ozone/hadoop-ozone/integration-test/target/test-dir/MiniOzoneClusterImpl-579f371f-51d7-44c0-bf7c-5cb5e6cf7bc4/datanode-2/data/ratis] (custom)
2022-06-24 23:47:24,332 [pool-590-thread-1] INFO  server.RaftServerConfigKeys (ConfUtils.java:logGet(46)) - raft.server.log.corruption.policy = EXCEPTION (default)
2022-06-24 23:47:24,332 [pool-590-thread-1] INFO  server.RaftServerConfigKeys (ConfUtils.java:logGet(46)) - raft.server.storage.free-space.min = 0MB (=0) (default)
2022-06-24 23:47:24,332 [pool-590-thread-1] INFO  storage.RaftStorageDirectory (RaftStorageDirectoryImpl.java:analyzeStorage(135)) - The storage directory /home/runner/work/ozone/ozone/hadoop-ozone/integration-test/target/test-dir/MiniOzoneClusterImpl-579f371f-51d7-44c0-bf7c-5cb5e6cf7bc4/datanode-2/data/ratis/f1577632-2f66-451e-a2db-8d797caee693 does not exist. Creating ...
2022-06-24 23:47:24,343 [pool-590-thread-1] INFO  storage.RaftStorageDirectory (RaftStorageDirectoryImpl.java:tryLock(230)) - Lock on /home/runner/work/ozone/ozone/hadoop-ozone/integration-test/target/test-dir/MiniOzoneClusterImpl-579f371f-51d7-44c0-bf7c-5cb5e6cf7bc4/datanode-2/data/ratis/f1577632-2f66-451e-a2db-8d797caee693/in_use.lock acquired by nodename 11308@fv-az21-224
2022-06-24 23:47:24,348 [pool-590-thread-1] INFO  storage.RaftStorage (RaftStorageImpl.java:format(89)) - Storage directory /home/runner/work/ozone/ozone/hadoop-ozone/integration-test/target/test-dir/MiniOzoneClusterImpl-579f371f-51d7-44c0-bf7c-5cb5e6cf7bc4/datanode-2/data/ratis/f1577632-2f66-451e-a2db-8d797caee693 has been successfully formatted.
2022-06-24 23:47:24,349 [pool-590-thread-1] INFO  ratis.ContainerStateMachine (ContainerStateMachine.java:loadSnapshot(236)) - group-8D797CAEE693: The snapshot info is null. Setting the last applied indexto:(t:0, i:~)
2022-06-24 23:47:24,351 [pool-590-thread-1] INFO  server.RaftServerConfigKeys (ConfUtils.java:logGet(46)) - raft.server.notification.no-leader.timeout = 300s (custom)
2022-06-24 23:47:24,351 [pool-590-thread-1] INFO  server.RaftServerConfigKeys (ConfUtils.java:logGet(46)) - raft.server.log.use.memory = false (default)
2022-06-24 23:47:24,351 [pool-590-thread-1] INFO  server.RaftServerConfigKeys (ConfUtils.java:logGet(46)) - raft.server.log.purge.gap = 1000000 (custom)
2022-06-24 23:47:24,352 [pool-590-thread-1] INFO  server.RaftServerConfigKeys (ConfUtils.java:logGet(46)) - raft.server.log.appender.buffer.byte-limit = 33554432 (custom)
2022-06-24 23:47:24,352 [pool-590-thread-1] INFO  server.RaftServerConfigKeys (ConfUtils.java:logGet(46)) - raft.server.log.statemachine.data.read.timeout = 1000ms (default)
2022-06-24 23:47:24,352 [pool-590-thread-1] INFO  server.RaftServerConfigKeys (ConfUtils.java:logGet(46)) - raft.server.log.segment.size.max = 1048576 (custom)
2022-06-24 23:47:24,352 [pool-590-thread-1] INFO  server.RaftServerConfigKeys (ConfUtils.java:logGet(46)) - raft.server.log.segment.cache.num.max = 2 (custom)
2022-06-24 23:47:24,352 [pool-590-thread-1] INFO  server.RaftServerConfigKeys (ConfUtils.java:logGet(46)) - raft.server.log.segment.cache.size.max = 200MB (=209715200) (default)
2022-06-24 23:47:24,352 [pool-590-thread-1] INFO  segmented.SegmentedRaftLogWorker (SegmentedRaftLogWorker.java:<init>(187)) - new 4178a181-7a8b-49ec-906e-515996c40b3d@group-8D797CAEE693-SegmentedRaftLogWorker for RaftStorageImpl:Storage Directory /home/runner/work/ozone/ozone/hadoop-ozone/integration-test/target/test-dir/MiniOzoneClusterImpl-579f371f-51d7-44c0-bf7c-5cb5e6cf7bc4/datanode-2/data/ratis/f1577632-2f66-451e-a2db-8d797caee693
2022-06-24 23:47:24,352 [pool-590-thread-1] INFO  server.RaftServerConfigKeys (ConfUtils.java:logGet(46)) - raft.server.log.queue.byte-limit = 4294967296 (custom)
2022-06-24 23:47:24,352 [pool-590-thread-1] INFO  server.RaftServerConfigKeys (ConfUtils.java:logGet(46)) - raft.server.log.queue.element-limit = 1024 (custom)
2022-06-24 23:47:24,352 [pool-590-thread-1] INFO  server.RaftServerConfigKeys (ConfUtils.java:logGet(46)) - raft.server.log.segment.size.max = 1048576 (custom)
2022-06-24 23:47:24,352 [pool-590-thread-1] INFO  server.RaftServerConfigKeys (ConfUtils.java:logGet(46)) - raft.server.log.preallocated.size = 16384 (custom)
2022-06-24 23:47:24,352 [pool-590-thread-1] INFO  server.RaftServerConfigKeys (ConfUtils.java:logGet(46)) - raft.server.log.force.sync.num = 128 (default)
2022-06-24 23:47:24,352 [pool-590-thread-1] INFO  server.RaftServerConfigKeys (ConfUtils.java:logGet(46)) - raft.server.log.statemachine.data.sync = true (default)
2022-06-24 23:47:24,353 [pool-590-thread-1] INFO  server.RaftServerConfigKeys (ConfUtils.java:logGet(46)) - raft.server.log.statemachine.data.sync.timeout = 10s (default)
2022-06-24 23:47:24,353 [pool-590-thread-1] INFO  server.RaftServerConfigKeys (ConfUtils.java:logGet(46)) - raft.server.log.statemachine.data.sync.timeout.retry = -1 (default)
2022-06-24 23:47:24,353 [pool-590-thread-1] INFO  server.RaftServerConfigKeys (ConfUtils.java:logGet(46)) - raft.server.log.write.buffer.size = 1048576 (custom)
2022-06-24 23:47:24,354 [pool-590-thread-1] INFO  server.RaftServerConfigKeys (ConfUtils.java:logGet(46)) - raft.server.log.unsafe-flush.enabled = false (default)
2022-06-24 23:47:24,354 [pool-590-thread-1] INFO  server.RaftServerConfigKeys (ConfUtils.java:logGet(46)) - raft.server.log.statemachine.data.caching.enabled = true (custom)
2022-06-24 23:47:24,354 [pool-590-thread-1] INFO  segmented.SegmentedRaftLogWorker (SegmentedRaftLogWorker.java:lambda$new$0(135)) - 4178a181-7a8b-49ec-906e-515996c40b3d@group-8D797CAEE693-SegmentedRaftLogWorker: flushIndex: setUnconditionally 0 -> -1
2022-06-24 23:47:24,354 [pool-590-thread-1] INFO  segmented.SegmentedRaftLogWorker (SegmentedRaftLogWorker.java:lambda$new$0(135)) - 4178a181-7a8b-49ec-906e-515996c40b3d@group-8D797CAEE693-SegmentedRaftLogWorker: safeCacheEvictIndex: setUnconditionally 0 -> -1
2022-06-24 23:47:24,354 [pool-590-thread-1] INFO  server.RaftServerConfigKeys (ConfUtils.java:logGet(46)) - raft.server.snapshot.auto.trigger.enabled = true (custom)
2022-06-24 23:47:24,354 [pool-590-thread-1] INFO  server.RaftServerConfigKeys (ConfUtils.java:logGet(46)) - raft.server.snapshot.auto.trigger.threshold = 10000 (custom)
2022-06-24 23:47:24,354 [pool-590-thread-1] INFO  server.RaftServerConfigKeys (ConfUtils.java:logGet(46)) - raft.server.snapshot.retention.file.num = 5 (custom)
2022-06-24 23:47:24,354 [pool-590-thread-1] INFO  server.RaftServerConfigKeys (ConfUtils.java:logGet(46)) - raft.server.log.purge.upto.snapshot.index = false (default)
2022-06-24 23:47:24,354 [pool-590-thread-1] INFO  server.RaftServerConfigKeys (ConfUtils.java:logGet(46)) - raft.server.retrycache.expirytime = 600000ms (custom)
2022-06-24 23:47:24,354 [pool-590-thread-1] INFO  server.RaftServerConfigKeys (ConfUtils.java:logGet(46)) - raft.server.retrycache.statistics.expirytime = 100μs (default)
2022-06-24 23:47:24,356 [pool-590-thread-1] INFO  server.RaftServerConfigKeys (ConfUtils.java:logGet(46)) - raft.server.log.appender.install.snapshot.enabled = false (custom)
2022-06-24 23:47:24,356 [pool-590-thread-1] INFO  server.RaftServerConfigKeys (ConfUtils.java:logGet(46)) - raft.server.threadpool.server.cached = true (default)
2022-06-24 23:47:24,356 [pool-590-thread-1] INFO  server.RaftServerConfigKeys (ConfUtils.java:logGet(46)) - raft.server.threadpool.server.size = 0 (default)
2022-06-24 23:47:24,356 [pool-590-thread-1] INFO  server.RaftServerConfigKeys (ConfUtils.java:logGet(46)) - raft.server.threadpool.client.cached = true (default)
2022-06-24 23:47:24,356 [pool-590-thread-1] INFO  server.RaftServerConfigKeys (ConfUtils.java:logGet(46)) - raft.server.threadpool.client.size = 0 (default)
2022-06-24 23:47:24,356 [pool-590-thread-1] INFO  server.RaftServer$Division (RaftServerImpl.java:start(310)) - 4178a181-7a8b-49ec-906e-515996c40b3d@group-8D797CAEE693: start as a follower, conf=-1: [b721671c-f2e0-4f32-a472-e04e394ae124|rpc:10.1.0.24:41813|dataStream:|priority:0, 66188e3b-2de6-4632-9636-fbf530af5e5e|rpc:10.1.0.24:44805|dataStream:|priority:0, 4178a181-7a8b-49ec-906e-515996c40b3d|rpc:10.1.0.24:37729|dataStream:|priority:1], old=null
2022-06-24 23:47:24,356 [pool-590-thread-1] INFO  server.RaftServer$Division (RaftServerImpl.java:setRole(299)) - 4178a181-7a8b-49ec-906e-515996c40b3d@group-8D797CAEE693: changes role from      null to FOLLOWER at term 0 for startAsFollower
2022-06-24 23:47:24,356 [pool-590-thread-1] INFO  impl.RoleInfo (RoleInfo.java:updateAndGet(139)) - 4178a181-7a8b-49ec-906e-515996c40b3d: start 4178a181-7a8b-49ec-906e-515996c40b3d@group-8D797CAEE693-FollowerState
2022-06-24 23:47:24,356 [pool-590-thread-1] INFO  util.JmxRegister (JmxRegister.java:tryRegister(44)) - Successfully registered JMX Bean with object name Ratis:service=RaftServer,group=group-8D797CAEE693,id=4178a181-7a8b-49ec-906e-515996c40b3d
2022-06-24 23:47:24,439 [grpc-default-executor-0] INFO  server.RaftServer (RaftServerProxy.java:addNew(96)) - 66188e3b-2de6-4632-9636-fbf530af5e5e: addNew group-8D797CAEE693:[b721671c-f2e0-4f32-a472-e04e394ae124|rpc:10.1.0.24:41813|dataStream:|priority:0, 66188e3b-2de6-4632-9636-fbf530af5e5e|rpc:10.1.0.24:44805|dataStream:|priority:0, 4178a181-7a8b-49ec-906e-515996c40b3d|rpc:10.1.0.24:37729|dataStream:|priority:1] returns group-8D797CAEE693:java.util.concurrent.CompletableFuture@3fc65562[Not completed]
2022-06-24 23:47:24,475 [pool-567-thread-1] INFO  server.RaftServer$Division (RaftServerImpl.java:<init>(190)) - 66188e3b-2de6-4632-9636-fbf530af5e5e: new RaftServerImpl for group-8D797CAEE693:[b721671c-f2e0-4f32-a472-e04e394ae124|rpc:10.1.0.24:41813|dataStream:|priority:0, 66188e3b-2de6-4632-9636-fbf530af5e5e|rpc:10.1.0.24:44805|dataStream:|priority:0, 4178a181-7a8b-49ec-906e-515996c40b3d|rpc:10.1.0.24:37729|dataStream:|priority:1] with ContainerStateMachine:uninitialized
2022-06-24 23:47:24,475 [pool-567-thread-1] INFO  server.RaftServerConfigKeys (ConfUtils.java:logGet(46)) - raft.server.rpc.timeout.min = 5s (custom)
2022-06-24 23:47:24,475 [pool-567-thread-1] INFO  server.RaftServerConfigKeys (ConfUtils.java:logGet(46)) - raft.server.rpc.timeout.max = 5200ms (custom)
2022-06-24 23:47:24,475 [pool-567-thread-1] INFO  server.RaftServerConfigKeys (ConfUtils.java:logGet(46)) - raft.server.rpc.sleep.time = 25ms (default)
2022-06-24 23:47:24,476 [pool-567-thread-1] INFO  server.RaftServerConfigKeys (ConfUtils.java:logGet(46)) - raft.server.rpc.slowness.timeout = 300s (custom)
2022-06-24 23:47:24,476 [pool-567-thread-1] INFO  server.RaftServerConfigKeys (ConfUtils.java:logGet(46)) - raft.server.leaderelection.leader.step-down.wait-time = 10s (default)
2022-06-24 23:47:24,476 [pool-567-thread-1] INFO  server.RaftServerConfigKeys (ConfUtils.java:logGet(46)) - raft.server.sleep.deviation.threshold = 300ms (default)
2022-06-24 23:47:24,476 [pool-567-thread-1] INFO  server.RaftServer$Division (ServerState.java:<init>(107)) - 66188e3b-2de6-4632-9636-fbf530af5e5e@group-8D797CAEE693: ConfigurationManager, init=-1: [b721671c-f2e0-4f32-a472-e04e394ae124|rpc:10.1.0.24:41813|dataStream:|priority:0, 66188e3b-2de6-4632-9636-fbf530af5e5e|rpc:10.1.0.24:44805|dataStream:|priority:0, 4178a181-7a8b-49ec-906e-515996c40b3d|rpc:10.1.0.24:37729|dataStream:|priority:1], old=null, confs=<EMPTY_MAP>
2022-06-24 23:47:24,476 [pool-567-thread-1] INFO  server.RaftServerConfigKeys (ConfUtils.java:logGet(46)) - raft.server.storage.dir = [/home/runner/work/ozone/ozone/hadoop-ozone/integration-test/target/test-dir/MiniOzoneClusterImpl-579f371f-51d7-44c0-bf7c-5cb5e6cf7bc4/datanode-1/data/ratis] (custom)
2022-06-24 23:47:24,476 [pool-567-thread-1] INFO  server.RaftServerConfigKeys (ConfUtils.java:logGet(46)) - raft.server.log.corruption.policy = EXCEPTION (default)
2022-06-24 23:47:24,476 [pool-567-thread-1] INFO  server.RaftServerConfigKeys (ConfUtils.java:logGet(46)) - raft.server.storage.free-space.min = 0MB (=0) (default)
2022-06-24 23:47:24,476 [pool-567-thread-1] INFO  storage.RaftStorageDirectory (RaftStorageDirectoryImpl.java:analyzeStorage(135)) - The storage directory /home/runner/work/ozone/ozone/hadoop-ozone/integration-test/target/test-dir/MiniOzoneClusterImpl-579f371f-51d7-44c0-bf7c-5cb5e6cf7bc4/datanode-1/data/ratis/f1577632-2f66-451e-a2db-8d797caee693 does not exist. Creating ...
2022-06-24 23:47:24,480 [pool-567-thread-1] INFO  storage.RaftStorageDirectory (RaftStorageDirectoryImpl.java:tryLock(230)) - Lock on /home/runner/work/ozone/ozone/hadoop-ozone/integration-test/target/test-dir/MiniOzoneClusterImpl-579f371f-51d7-44c0-bf7c-5cb5e6cf7bc4/datanode-1/data/ratis/f1577632-2f66-451e-a2db-8d797caee693/in_use.lock acquired by nodename 11308@fv-az21-224
2022-06-24 23:47:24,481 [pool-567-thread-1] INFO  storage.RaftStorage (RaftStorageImpl.java:format(89)) - Storage directory /home/runner/work/ozone/ozone/hadoop-ozone/integration-test/target/test-dir/MiniOzoneClusterImpl-579f371f-51d7-44c0-bf7c-5cb5e6cf7bc4/datanode-1/data/ratis/f1577632-2f66-451e-a2db-8d797caee693 has been successfully formatted.
2022-06-24 23:47:24,484 [pool-567-thread-1] INFO  ratis.ContainerStateMachine (ContainerStateMachine.java:loadSnapshot(236)) - group-8D797CAEE693: The snapshot info is null. Setting the last applied indexto:(t:0, i:~)
2022-06-24 23:47:24,484 [pool-567-thread-1] INFO  server.RaftServerConfigKeys (ConfUtils.java:logGet(46)) - raft.server.notification.no-leader.timeout = 300s (custom)
2022-06-24 23:47:24,484 [pool-567-thread-1] INFO  server.RaftServerConfigKeys (ConfUtils.java:logGet(46)) - raft.server.log.use.memory = false (default)
2022-06-24 23:47:24,485 [pool-567-thread-1] INFO  server.RaftServerConfigKeys (ConfUtils.java:logGet(46)) - raft.server.log.purge.gap = 1000000 (custom)
2022-06-24 23:47:24,485 [pool-567-thread-1] INFO  server.RaftServerConfigKeys (ConfUtils.java:logGet(46)) - raft.server.log.appender.buffer.byte-limit = 33554432 (custom)
2022-06-24 23:47:24,485 [pool-567-thread-1] INFO  server.RaftServerConfigKeys (ConfUtils.java:logGet(46)) - raft.server.log.statemachine.data.read.timeout = 1000ms (default)
2022-06-24 23:47:24,485 [pool-567-thread-1] INFO  server.RaftServerConfigKeys (ConfUtils.java:logGet(46)) - raft.server.log.segment.size.max = 1048576 (custom)
2022-06-24 23:47:24,485 [pool-567-thread-1] INFO  server.RaftServerConfigKeys (ConfUtils.java:logGet(46)) - raft.server.log.segment.cache.num.max = 2 (custom)
2022-06-24 23:47:24,486 [pool-567-thread-1] INFO  server.RaftServerConfigKeys (ConfUtils.java:logGet(46)) - raft.server.log.segment.cache.size.max = 200MB (=209715200) (default)
2022-06-24 23:47:24,486 [pool-567-thread-1] INFO  segmented.SegmentedRaftLogWorker (SegmentedRaftLogWorker.java:<init>(187)) - new 66188e3b-2de6-4632-9636-fbf530af5e5e@group-8D797CAEE693-SegmentedRaftLogWorker for RaftStorageImpl:Storage Directory /home/runner/work/ozone/ozone/hadoop-ozone/integration-test/target/test-dir/MiniOzoneClusterImpl-579f371f-51d7-44c0-bf7c-5cb5e6cf7bc4/datanode-1/data/ratis/f1577632-2f66-451e-a2db-8d797caee693
2022-06-24 23:47:24,486 [pool-567-thread-1] INFO  server.RaftServerConfigKeys (ConfUtils.java:logGet(46)) - raft.server.log.queue.byte-limit = 4294967296 (custom)
2022-06-24 23:47:24,486 [pool-567-thread-1] INFO  server.RaftServerConfigKeys (ConfUtils.java:logGet(46)) - raft.server.log.queue.element-limit = 1024 (custom)
2022-06-24 23:47:24,486 [pool-567-thread-1] INFO  server.RaftServerConfigKeys (ConfUtils.java:logGet(46)) - raft.server.log.segment.size.max = 1048576 (custom)
2022-06-24 23:47:24,486 [pool-567-thread-1] INFO  server.RaftServerConfigKeys (ConfUtils.java:logGet(46)) - raft.server.log.preallocated.size = 16384 (custom)
2022-06-24 23:47:24,490 [pool-567-thread-1] INFO  server.RaftServerConfigKeys (ConfUtils.java:logGet(46)) - raft.server.log.force.sync.num = 128 (default)
2022-06-24 23:47:24,490 [pool-567-thread-1] INFO  server.RaftServerConfigKeys (ConfUtils.java:logGet(46)) - raft.server.log.statemachine.data.sync = true (default)
2022-06-24 23:47:24,490 [pool-567-thread-1] INFO  server.RaftServerConfigKeys (ConfUtils.java:logGet(46)) - raft.server.log.statemachine.data.sync.timeout = 10s (default)
2022-06-24 23:47:24,490 [pool-567-thread-1] INFO  server.RaftServerConfigKeys (ConfUtils.java:logGet(46)) - raft.server.log.statemachine.data.sync.timeout.retry = -1 (default)
2022-06-24 23:47:24,491 [pool-567-thread-1] INFO  server.RaftServerConfigKeys (ConfUtils.java:logGet(46)) - raft.server.log.write.buffer.size = 1048576 (custom)
2022-06-24 23:47:24,491 [pool-567-thread-1] INFO  server.RaftServerConfigKeys (ConfUtils.java:logGet(46)) - raft.server.log.unsafe-flush.enabled = false (default)
2022-06-24 23:47:24,491 [pool-567-thread-1] INFO  server.RaftServerConfigKeys (ConfUtils.java:logGet(46)) - raft.server.log.statemachine.data.caching.enabled = true (custom)
2022-06-24 23:47:24,492 [pool-567-thread-1] INFO  segmented.SegmentedRaftLogWorker (SegmentedRaftLogWorker.java:lambda$new$0(135)) - 66188e3b-2de6-4632-9636-fbf530af5e5e@group-8D797CAEE693-SegmentedRaftLogWorker: flushIndex: setUnconditionally 0 -> -1
2022-06-24 23:47:24,492 [pool-567-thread-1] INFO  segmented.SegmentedRaftLogWorker (SegmentedRaftLogWorker.java:lambda$new$0(135)) - 66188e3b-2de6-4632-9636-fbf530af5e5e@group-8D797CAEE693-SegmentedRaftLogWorker: safeCacheEvictIndex: setUnconditionally 0 -> -1
2022-06-24 23:47:24,496 [pool-567-thread-1] INFO  server.RaftServerConfigKeys (ConfUtils.java:logGet(46)) - raft.server.snapshot.auto.trigger.enabled = true (custom)
2022-06-24 23:47:24,496 [pool-567-thread-1] INFO  server.RaftServerConfigKeys (ConfUtils.java:logGet(46)) - raft.server.snapshot.auto.trigger.threshold = 10000 (custom)
2022-06-24 23:47:24,496 [pool-567-thread-1] INFO  server.RaftServerConfigKeys (ConfUtils.java:logGet(46)) - raft.server.snapshot.retention.file.num = 5 (custom)
2022-06-24 23:47:24,496 [pool-567-thread-1] INFO  server.RaftServerConfigKeys (ConfUtils.java:logGet(46)) - raft.server.log.purge.upto.snapshot.index = false (default)
2022-06-24 23:47:24,496 [pool-567-thread-1] INFO  server.RaftServerConfigKeys (ConfUtils.java:logGet(46)) - raft.server.retrycache.expirytime = 600000ms (custom)
2022-06-24 23:47:24,496 [pool-567-thread-1] INFO  server.RaftServerConfigKeys (ConfUtils.java:logGet(46)) - raft.server.retrycache.statistics.expirytime = 100μs (default)
2022-06-24 23:47:24,498 [pool-567-thread-1] INFO  server.RaftServerConfigKeys (ConfUtils.java:logGet(46)) - raft.server.log.appender.install.snapshot.enabled = false (custom)
2022-06-24 23:47:24,498 [pool-567-thread-1] INFO  server.RaftServerConfigKeys (ConfUtils.java:logGet(46)) - raft.server.threadpool.server.cached = true (default)
2022-06-24 23:47:24,498 [pool-567-thread-1] INFO  server.RaftServerConfigKeys (ConfUtils.java:logGet(46)) - raft.server.threadpool.server.size = 0 (default)
2022-06-24 23:47:24,498 [pool-567-thread-1] INFO  server.RaftServerConfigKeys (ConfUtils.java:logGet(46)) - raft.server.threadpool.client.cached = true (default)
2022-06-24 23:47:24,498 [pool-567-thread-1] INFO  server.RaftServerConfigKeys (ConfUtils.java:logGet(46)) - raft.server.threadpool.client.size = 0 (default)
2022-06-24 23:47:24,498 [pool-567-thread-1] INFO  server.RaftServer$Division (RaftServerImpl.java:start(310)) - 66188e3b-2de6-4632-9636-fbf530af5e5e@group-8D797CAEE693: start as a follower, conf=-1: [b721671c-f2e0-4f32-a472-e04e394ae124|rpc:10.1.0.24:41813|dataStream:|priority:0, 66188e3b-2de6-4632-9636-fbf530af5e5e|rpc:10.1.0.24:44805|dataStream:|priority:0, 4178a181-7a8b-49ec-906e-515996c40b3d|rpc:10.1.0.24:37729|dataStream:|priority:1], old=null
2022-06-24 23:47:24,498 [pool-567-thread-1] INFO  server.RaftServer$Division (RaftServerImpl.java:setRole(299)) - 66188e3b-2de6-4632-9636-fbf530af5e5e@group-8D797CAEE693: changes role from      null to FOLLOWER at term 0 for startAsFollower
2022-06-24 23:47:24,498 [pool-567-thread-1] INFO  impl.RoleInfo (RoleInfo.java:updateAndGet(139)) - 66188e3b-2de6-4632-9636-fbf530af5e5e: start 66188e3b-2de6-4632-9636-fbf530af5e5e@group-8D797CAEE693-FollowerState
2022-06-24 23:47:24,498 [pool-567-thread-1] INFO  util.JmxRegister (JmxRegister.java:tryRegister(44)) - Successfully registered JMX Bean with object name Ratis:service=RaftServer,group=group-8D797CAEE693,id=66188e3b-2de6-4632-9636-fbf530af5e5e
2022-06-24 23:47:24,528 [Command processor thread] INFO  commandhandler.CreatePipelineCommandHandler (CreatePipelineCommandHandler.java:handle(113)) - Created Pipeline RATIS THREE PipelineID=f1577632-2f66-451e-a2db-8d797caee693.
2022-06-24 23:47:24,528 [Command processor thread] INFO  server.RaftServer (RaftServerProxy.java:addNew(96)) - b721671c-f2e0-4f32-a472-e04e394ae124: addNew group-9C7B42EDD3A2:[b721671c-f2e0-4f32-a472-e04e394ae124|rpc:10.1.0.24:41813|priority:0, 66188e3b-2de6-4632-9636-fbf530af5e5e|rpc:10.1.0.24:44805|priority:1, 4178a181-7a8b-49ec-906e-515996c40b3d|rpc:10.1.0.24:37729|priority:0] returns group-9C7B42EDD3A2:java.util.concurrent.CompletableFuture@5dad0f80[Not completed]
2022-06-24 23:47:24,529 [pool-544-thread-1] INFO  server.RaftServer$Division (RaftServerImpl.java:<init>(190)) - b721671c-f2e0-4f32-a472-e04e394ae124: new RaftServerImpl for group-9C7B42EDD3A2:[b721671c-f2e0-4f32-a472-e04e394ae124|rpc:10.1.0.24:41813|priority:0, 66188e3b-2de6-4632-9636-fbf530af5e5e|rpc:10.1.0.24:44805|priority:1, 4178a181-7a8b-49ec-906e-515996c40b3d|rpc:10.1.0.24:37729|priority:0] with ContainerStateMachine:uninitialized
2022-06-24 23:47:24,529 [pool-544-thread-1] INFO  server.RaftServerConfigKeys (ConfUtils.java:logGet(46)) - raft.server.rpc.timeout.min = 5s (custom)
2022-06-24 23:47:24,529 [pool-544-thread-1] INFO  server.RaftServerConfigKeys (ConfUtils.java:logGet(46)) - raft.server.rpc.timeout.max = 5200ms (custom)
2022-06-24 23:47:24,529 [pool-544-thread-1] INFO  server.RaftServerConfigKeys (ConfUtils.java:logGet(46)) - raft.server.rpc.sleep.time = 25ms (default)
2022-06-24 23:47:24,529 [pool-544-thread-1] INFO  server.RaftServerConfigKeys (ConfUtils.java:logGet(46)) - raft.server.rpc.slowness.timeout = 300s (custom)
2022-06-24 23:47:24,529 [pool-544-thread-1] INFO  server.RaftServerConfigKeys (ConfUtils.java:logGet(46)) - raft.server.leaderelection.leader.step-down.wait-time = 10s (default)
2022-06-24 23:47:24,529 [pool-544-thread-1] INFO  server.RaftServerConfigKeys (ConfUtils.java:logGet(46)) - raft.server.sleep.deviation.threshold = 300ms (default)
2022-06-24 23:47:24,529 [pool-544-thread-1] INFO  server.RaftServer$Division (ServerState.java:<init>(107)) - b721671c-f2e0-4f32-a472-e04e394ae124@group-9C7B42EDD3A2: ConfigurationManager, init=-1: [b721671c-f2e0-4f32-a472-e04e394ae124|rpc:10.1.0.24:41813|priority:0, 66188e3b-2de6-4632-9636-fbf530af5e5e|rpc:10.1.0.24:44805|priority:1, 4178a181-7a8b-49ec-906e-515996c40b3d|rpc:10.1.0.24:37729|priority:0], old=null, confs=<EMPTY_MAP>
2022-06-24 23:47:24,529 [pool-544-thread-1] INFO  server.RaftServerConfigKeys (ConfUtils.java:logGet(46)) - raft.server.storage.dir = [/home/runner/work/ozone/ozone/hadoop-ozone/integration-test/target/test-dir/MiniOzoneClusterImpl-579f371f-51d7-44c0-bf7c-5cb5e6cf7bc4/datanode-0/data/ratis] (custom)
2022-06-24 23:47:24,529 [pool-544-thread-1] INFO  server.RaftServerConfigKeys (ConfUtils.java:logGet(46)) - raft.server.log.corruption.policy = EXCEPTION (default)
2022-06-24 23:47:24,529 [pool-544-thread-1] INFO  server.RaftServerConfigKeys (ConfUtils.java:logGet(46)) - raft.server.storage.free-space.min = 0MB (=0) (default)
2022-06-24 23:47:24,530 [pool-544-thread-1] INFO  storage.RaftStorageDirectory (RaftStorageDirectoryImpl.java:analyzeStorage(135)) - The storage directory /home/runner/work/ozone/ozone/hadoop-ozone/integration-test/target/test-dir/MiniOzoneClusterImpl-579f371f-51d7-44c0-bf7c-5cb5e6cf7bc4/datanode-0/data/ratis/5743b342-640f-4931-9abd-9c7b42edd3a2 does not exist. Creating ...
2022-06-24 23:47:24,531 [pool-544-thread-1] INFO  storage.RaftStorageDirectory (RaftStorageDirectoryImpl.java:tryLock(230)) - Lock on /home/runner/work/ozone/ozone/hadoop-ozone/integration-test/target/test-dir/MiniOzoneClusterImpl-579f371f-51d7-44c0-bf7c-5cb5e6cf7bc4/datanode-0/data/ratis/5743b342-640f-4931-9abd-9c7b42edd3a2/in_use.lock acquired by nodename 11308@fv-az21-224
2022-06-24 23:47:24,532 [pool-544-thread-1] INFO  storage.RaftStorage (RaftStorageImpl.java:format(89)) - Storage directory /home/runner/work/ozone/ozone/hadoop-ozone/integration-test/target/test-dir/MiniOzoneClusterImpl-579f371f-51d7-44c0-bf7c-5cb5e6cf7bc4/datanode-0/data/ratis/5743b342-640f-4931-9abd-9c7b42edd3a2 has been successfully formatted.
2022-06-24 23:47:24,533 [pool-544-thread-1] INFO  ratis.ContainerStateMachine (ContainerStateMachine.java:loadSnapshot(236)) - group-9C7B42EDD3A2: The snapshot info is null. Setting the last applied indexto:(t:0, i:~)
2022-06-24 23:47:24,533 [pool-544-thread-1] INFO  server.RaftServerConfigKeys (ConfUtils.java:logGet(46)) - raft.server.notification.no-leader.timeout = 300s (custom)
2022-06-24 23:47:24,533 [pool-544-thread-1] INFO  server.RaftServerConfigKeys (ConfUtils.java:logGet(46)) - raft.server.log.use.memory = false (default)
2022-06-24 23:47:24,534 [pool-544-thread-1] INFO  server.RaftServerConfigKeys (ConfUtils.java:logGet(46)) - raft.server.log.purge.gap = 1000000 (custom)
2022-06-24 23:47:24,534 [pool-544-thread-1] INFO  server.RaftServerConfigKeys (ConfUtils.java:logGet(46)) - raft.server.log.appender.buffer.byte-limit = 33554432 (custom)
2022-06-24 23:47:24,534 [pool-544-thread-1] INFO  server.RaftServerConfigKeys (ConfUtils.java:logGet(46)) - raft.server.log.statemachine.data.read.timeout = 1000ms (default)
2022-06-24 23:47:24,534 [pool-544-thread-1] INFO  server.RaftServerConfigKeys (ConfUtils.java:logGet(46)) - raft.server.log.segment.size.max = 1048576 (custom)
2022-06-24 23:47:24,534 [pool-544-thread-1] INFO  server.RaftServerConfigKeys (ConfUtils.java:logGet(46)) - raft.server.log.segment.cache.num.max = 2 (custom)
2022-06-24 23:47:24,534 [pool-544-thread-1] INFO  server.RaftServerConfigKeys (ConfUtils.java:logGet(46)) - raft.server.log.segment.cache.size.max = 200MB (=209715200) (default)
2022-06-24 23:47:24,534 [pool-544-thread-1] INFO  segmented.SegmentedRaftLogWorker (SegmentedRaftLogWorker.java:<init>(187)) - new b721671c-f2e0-4f32-a472-e04e394ae124@group-9C7B42EDD3A2-SegmentedRaftLogWorker for RaftStorageImpl:Storage Directory /home/runner/work/ozone/ozone/hadoop-ozone/integration-test/target/test-dir/MiniOzoneClusterImpl-579f371f-51d7-44c0-bf7c-5cb5e6cf7bc4/datanode-0/data/ratis/5743b342-640f-4931-9abd-9c7b42edd3a2
2022-06-24 23:47:24,534 [pool-544-thread-1] INFO  server.RaftServerConfigKeys (ConfUtils.java:logGet(46)) - raft.server.log.queue.byte-limit = 4294967296 (custom)
2022-06-24 23:47:24,534 [pool-544-thread-1] INFO  server.RaftServerConfigKeys (ConfUtils.java:logGet(46)) - raft.server.log.queue.element-limit = 1024 (custom)
2022-06-24 23:47:24,534 [pool-544-thread-1] INFO  server.RaftServerConfigKeys (ConfUtils.java:logGet(46)) - raft.server.log.segment.size.max = 1048576 (custom)
2022-06-24 23:47:24,534 [pool-544-thread-1] INFO  server.RaftServerConfigKeys (ConfUtils.java:logGet(46)) - raft.server.log.preallocated.size = 16384 (custom)
2022-06-24 23:47:24,534 [pool-544-thread-1] INFO  server.RaftServerConfigKeys (ConfUtils.java:logGet(46)) - raft.server.log.force.sync.num = 128 (default)
2022-06-24 23:47:24,535 [pool-544-thread-1] INFO  server.RaftServerConfigKeys (ConfUtils.java:logGet(46)) - raft.server.log.statemachine.data.sync = true (default)
2022-06-24 23:47:24,535 [pool-544-thread-1] INFO  server.RaftServerConfigKeys (ConfUtils.java:logGet(46)) - raft.server.log.statemachine.data.sync.timeout = 10s (default)
2022-06-24 23:47:24,535 [pool-544-thread-1] INFO  server.RaftServerConfigKeys (ConfUtils.java:logGet(46)) - raft.server.log.statemachine.data.sync.timeout.retry = -1 (default)
2022-06-24 23:47:24,534 [EventQueue-OpenPipelineForHealthyPipelineSafeModeRule] INFO  safemode.SCMSafeModeManager (HealthyPipelineSafeModeRule.java:process(124)) - SCM in safe mode. Healthy pipelines reported count is 0, required healthy pipeline reported count is 1
2022-06-24 23:47:24,535 [pool-544-thread-1] INFO  server.RaftServerConfigKeys (ConfUtils.java:logGet(46)) - raft.server.log.write.buffer.size = 1048576 (custom)
2022-06-24 23:47:24,536 [pool-544-thread-1] INFO  server.RaftServerConfigKeys (ConfUtils.java:logGet(46)) - raft.server.log.unsafe-flush.enabled = false (default)
2022-06-24 23:47:24,536 [pool-544-thread-1] INFO  server.RaftServerConfigKeys (ConfUtils.java:logGet(46)) - raft.server.log.statemachine.data.caching.enabled = true (custom)
2022-06-24 23:47:24,536 [pool-544-thread-1] INFO  segmented.SegmentedRaftLogWorker (SegmentedRaftLogWorker.java:lambda$new$0(135)) - b721671c-f2e0-4f32-a472-e04e394ae124@group-9C7B42EDD3A2-SegmentedRaftLogWorker: flushIndex: setUnconditionally 0 -> -1
2022-06-24 23:47:24,536 [pool-544-thread-1] INFO  segmented.SegmentedRaftLogWorker (SegmentedRaftLogWorker.java:lambda$new$0(135)) - b721671c-f2e0-4f32-a472-e04e394ae124@group-9C7B42EDD3A2-SegmentedRaftLogWorker: safeCacheEvictIndex: setUnconditionally 0 -> -1
2022-06-24 23:47:24,551 [pool-544-thread-1] INFO  server.RaftServerConfigKeys (ConfUtils.java:logGet(46)) - raft.server.snapshot.auto.trigger.enabled = true (custom)
2022-06-24 23:47:24,551 [pool-544-thread-1] INFO  server.RaftServerConfigKeys (ConfUtils.java:logGet(46)) - raft.server.snapshot.auto.trigger.threshold = 10000 (custom)
2022-06-24 23:47:24,551 [pool-544-thread-1] INFO  server.RaftServerConfigKeys (ConfUtils.java:logGet(46)) - raft.server.snapshot.retention.file.num = 5 (custom)
2022-06-24 23:47:24,551 [pool-544-thread-1] INFO  server.RaftServerConfigKeys (ConfUtils.java:logGet(46)) - raft.server.log.purge.upto.snapshot.index = false (default)
2022-06-24 23:47:24,551 [pool-544-thread-1] INFO  server.RaftServerConfigKeys (ConfUtils.java:logGet(46)) - raft.server.retrycache.expirytime = 600000ms (custom)
2022-06-24 23:47:24,551 [pool-544-thread-1] INFO  server.RaftServerConfigKeys (ConfUtils.java:logGet(46)) - raft.server.retrycache.statistics.expirytime = 100μs (default)
2022-06-24 23:47:24,552 [pool-544-thread-1] INFO  server.RaftServerConfigKeys (ConfUtils.java:logGet(46)) - raft.server.log.appender.install.snapshot.enabled = false (custom)
2022-06-24 23:47:24,552 [pool-544-thread-1] INFO  server.RaftServerConfigKeys (ConfUtils.java:logGet(46)) - raft.server.threadpool.server.cached = true (default)
2022-06-24 23:47:24,552 [pool-544-thread-1] INFO  server.RaftServerConfigKeys (ConfUtils.java:logGet(46)) - raft.server.threadpool.server.size = 0 (default)
2022-06-24 23:47:24,552 [pool-544-thread-1] INFO  server.RaftServerConfigKeys (ConfUtils.java:logGet(46)) - raft.server.threadpool.client.cached = true (default)
2022-06-24 23:47:24,552 [pool-544-thread-1] INFO  server.RaftServerConfigKeys (ConfUtils.java:logGet(46)) - raft.server.threadpool.client.size = 0 (default)
2022-06-24 23:47:24,552 [pool-544-thread-1] INFO  server.RaftServer$Division (RaftServerImpl.java:start(310)) - b721671c-f2e0-4f32-a472-e04e394ae124@group-9C7B42EDD3A2: start as a follower, conf=-1: [b721671c-f2e0-4f32-a472-e04e394ae124|rpc:10.1.0.24:41813|priority:0, 66188e3b-2de6-4632-9636-fbf530af5e5e|rpc:10.1.0.24:44805|priority:1, 4178a181-7a8b-49ec-906e-515996c40b3d|rpc:10.1.0.24:37729|priority:0], old=null
2022-06-24 23:47:24,552 [pool-544-thread-1] INFO  server.RaftServer$Division (RaftServerImpl.java:setRole(299)) - b721671c-f2e0-4f32-a472-e04e394ae124@group-9C7B42EDD3A2: changes role from      null to FOLLOWER at term 0 for startAsFollower
2022-06-24 23:47:24,552 [pool-544-thread-1] INFO  impl.RoleInfo (RoleInfo.java:updateAndGet(139)) - b721671c-f2e0-4f32-a472-e04e394ae124: start b721671c-f2e0-4f32-a472-e04e394ae124@group-9C7B42EDD3A2-FollowerState
2022-06-24 23:47:24,553 [pool-544-thread-1] INFO  util.JmxRegister (JmxRegister.java:tryRegister(44)) - Successfully registered JMX Bean with object name Ratis:service=RaftServer,group=group-9C7B42EDD3A2,id=b721671c-f2e0-4f32-a472-e04e394ae124
2022-06-24 23:47:24,557 [Command processor thread] INFO  ratis.XceiverServerRatis (XceiverServerRatis.java:addGroup(765)) - Created group PipelineID=5743b342-640f-4931-9abd-9c7b42edd3a2
2022-06-24 23:47:24,594 [grpc-default-executor-0] INFO  server.RaftServer (RaftServerProxy.java:addNew(96)) - 66188e3b-2de6-4632-9636-fbf530af5e5e: addNew group-9C7B42EDD3A2:[b721671c-f2e0-4f32-a472-e04e394ae124|rpc:10.1.0.24:41813|dataStream:|priority:0, 66188e3b-2de6-4632-9636-fbf530af5e5e|rpc:10.1.0.24:44805|dataStream:|priority:1, 4178a181-7a8b-49ec-906e-515996c40b3d|rpc:10.1.0.24:37729|dataStream:|priority:0] returns group-9C7B42EDD3A2:java.util.concurrent.CompletableFuture@53b3f83c[Not completed]
2022-06-24 23:47:24,595 [pool-567-thread-1] INFO  server.RaftServer$Division (RaftServerImpl.java:<init>(190)) - 66188e3b-2de6-4632-9636-fbf530af5e5e: new RaftServerImpl for group-9C7B42EDD3A2:[b721671c-f2e0-4f32-a472-e04e394ae124|rpc:10.1.0.24:41813|dataStream:|priority:0, 66188e3b-2de6-4632-9636-fbf530af5e5e|rpc:10.1.0.24:44805|dataStream:|priority:1, 4178a181-7a8b-49ec-906e-515996c40b3d|rpc:10.1.0.24:37729|dataStream:|priority:0] with ContainerStateMachine:uninitialized
2022-06-24 23:47:24,595 [pool-567-thread-1] INFO  server.RaftServerConfigKeys (ConfUtils.java:logGet(46)) - raft.server.rpc.timeout.min = 5s (custom)
2022-06-24 23:47:24,595 [pool-567-thread-1] INFO  server.RaftServerConfigKeys (ConfUtils.java:logGet(46)) - raft.server.rpc.timeout.max = 5200ms (custom)
2022-06-24 23:47:24,595 [pool-567-thread-1] INFO  server.RaftServerConfigKeys (ConfUtils.java:logGet(46)) - raft.server.rpc.sleep.time = 25ms (default)
2022-06-24 23:47:24,595 [pool-567-thread-1] INFO  server.RaftServerConfigKeys (ConfUtils.java:logGet(46)) - raft.server.rpc.slowness.timeout = 300s (custom)
2022-06-24 23:47:24,595 [pool-567-thread-1] INFO  server.RaftServerConfigKeys (ConfUtils.java:logGet(46)) - raft.server.leaderelection.leader.step-down.wait-time = 10s (default)
2022-06-24 23:47:24,595 [pool-567-thread-1] INFO  server.RaftServerConfigKeys (ConfUtils.java:logGet(46)) - raft.server.sleep.deviation.threshold = 300ms (default)
2022-06-24 23:47:24,595 [pool-567-thread-1] INFO  server.RaftServer$Division (ServerState.java:<init>(107)) - 66188e3b-2de6-4632-9636-fbf530af5e5e@group-9C7B42EDD3A2: ConfigurationManager, init=-1: [b721671c-f2e0-4f32-a472-e04e394ae124|rpc:10.1.0.24:41813|dataStream:|priority:0, 66188e3b-2de6-4632-9636-fbf530af5e5e|rpc:10.1.0.24:44805|dataStream:|priority:1, 4178a181-7a8b-49ec-906e-515996c40b3d|rpc:10.1.0.24:37729|dataStream:|priority:0], old=null, confs=<EMPTY_MAP>
2022-06-24 23:47:24,595 [pool-567-thread-1] INFO  server.RaftServerConfigKeys (ConfUtils.java:logGet(46)) - raft.server.storage.dir = [/home/runner/work/ozone/ozone/hadoop-ozone/integration-test/target/test-dir/MiniOzoneClusterImpl-579f371f-51d7-44c0-bf7c-5cb5e6cf7bc4/datanode-1/data/ratis] (custom)
2022-06-24 23:47:24,595 [pool-567-thread-1] INFO  server.RaftServerConfigKeys (ConfUtils.java:logGet(46)) - raft.server.log.corruption.policy = EXCEPTION (default)
2022-06-24 23:47:24,595 [pool-567-thread-1] INFO  server.RaftServerConfigKeys (ConfUtils.java:logGet(46)) - raft.server.storage.free-space.min = 0MB (=0) (default)
2022-06-24 23:47:24,595 [pool-567-thread-1] INFO  storage.RaftStorageDirectory (RaftStorageDirectoryImpl.java:analyzeStorage(135)) - The storage directory /home/runner/work/ozone/ozone/hadoop-ozone/integration-test/target/test-dir/MiniOzoneClusterImpl-579f371f-51d7-44c0-bf7c-5cb5e6cf7bc4/datanode-1/data/ratis/5743b342-640f-4931-9abd-9c7b42edd3a2 does not exist. Creating ...
2022-06-24 23:47:24,597 [pool-567-thread-1] INFO  storage.RaftStorageDirectory (RaftStorageDirectoryImpl.java:tryLock(230)) - Lock on /home/runner/work/ozone/ozone/hadoop-ozone/integration-test/target/test-dir/MiniOzoneClusterImpl-579f371f-51d7-44c0-bf7c-5cb5e6cf7bc4/datanode-1/data/ratis/5743b342-640f-4931-9abd-9c7b42edd3a2/in_use.lock acquired by nodename 11308@fv-az21-224
2022-06-24 23:47:24,598 [pool-567-thread-1] INFO  storage.RaftStorage (RaftStorageImpl.java:format(89)) - Storage directory /home/runner/work/ozone/ozone/hadoop-ozone/integration-test/target/test-dir/MiniOzoneClusterImpl-579f371f-51d7-44c0-bf7c-5cb5e6cf7bc4/datanode-1/data/ratis/5743b342-640f-4931-9abd-9c7b42edd3a2 has been successfully formatted.
2022-06-24 23:47:24,599 [pool-567-thread-1] INFO  ratis.ContainerStateMachine (ContainerStateMachine.java:loadSnapshot(236)) - group-9C7B42EDD3A2: The snapshot info is null. Setting the last applied indexto:(t:0, i:~)
2022-06-24 23:47:24,599 [pool-567-thread-1] INFO  server.RaftServerConfigKeys (ConfUtils.java:logGet(46)) - raft.server.notification.no-leader.timeout = 300s (custom)
2022-06-24 23:47:24,599 [pool-567-thread-1] INFO  server.RaftServerConfigKeys (ConfUtils.java:logGet(46)) - raft.server.log.use.memory = false (default)
2022-06-24 23:47:24,599 [pool-567-thread-1] INFO  server.RaftServerConfigKeys (ConfUtils.java:logGet(46)) - raft.server.log.purge.gap = 1000000 (custom)
2022-06-24 23:47:24,599 [pool-567-thread-1] INFO  server.RaftServerConfigKeys (ConfUtils.java:logGet(46)) - raft.server.log.appender.buffer.byte-limit = 33554432 (custom)
2022-06-24 23:47:24,599 [pool-567-thread-1] INFO  server.RaftServerConfigKeys (ConfUtils.java:logGet(46)) - raft.server.log.statemachine.data.read.timeout = 1000ms (default)
2022-06-24 23:47:24,599 [pool-567-thread-1] INFO  server.RaftServerConfigKeys (ConfUtils.java:logGet(46)) - raft.server.log.segment.size.max = 1048576 (custom)
2022-06-24 23:47:24,600 [pool-567-thread-1] INFO  server.RaftServerConfigKeys (ConfUtils.java:logGet(46)) - raft.server.log.segment.cache.num.max = 2 (custom)
2022-06-24 23:47:24,600 [pool-567-thread-1] INFO  server.RaftServerConfigKeys (ConfUtils.java:logGet(46)) - raft.server.log.segment.cache.size.max = 200MB (=209715200) (default)
2022-06-24 23:47:24,600 [pool-567-thread-1] INFO  segmented.SegmentedRaftLogWorker (SegmentedRaftLogWorker.java:<init>(187)) - new 66188e3b-2de6-4632-9636-fbf530af5e5e@group-9C7B42EDD3A2-SegmentedRaftLogWorker for RaftStorageImpl:Storage Directory /home/runner/work/ozone/ozone/hadoop-ozone/integration-test/target/test-dir/MiniOzoneClusterImpl-579f371f-51d7-44c0-bf7c-5cb5e6cf7bc4/datanode-1/data/ratis/5743b342-640f-4931-9abd-9c7b42edd3a2
2022-06-24 23:47:24,600 [pool-567-thread-1] INFO  server.RaftServerConfigKeys (ConfUtils.java:logGet(46)) - raft.server.log.queue.byte-limit = 4294967296 (custom)
2022-06-24 23:47:24,600 [pool-567-thread-1] INFO  server.RaftServerConfigKeys (ConfUtils.java:logGet(46)) - raft.server.log.queue.element-limit = 1024 (custom)
2022-06-24 23:47:24,600 [pool-567-thread-1] INFO  server.RaftServerConfigKeys (ConfUtils.java:logGet(46)) - raft.server.log.segment.size.max = 1048576 (custom)
2022-06-24 23:47:24,600 [pool-567-thread-1] INFO  server.RaftServerConfigKeys (ConfUtils.java:logGet(46)) - raft.server.log.preallocated.size = 16384 (custom)
2022-06-24 23:47:24,600 [pool-567-thread-1] INFO  server.RaftServerConfigKeys (ConfUtils.java:logGet(46)) - raft.server.log.force.sync.num = 128 (default)
2022-06-24 23:47:24,600 [pool-567-thread-1] INFO  server.RaftServerConfigKeys (ConfUtils.java:logGet(46)) - raft.server.log.statemachine.data.sync = true (default)
2022-06-24 23:47:24,600 [pool-567-thread-1] INFO  server.RaftServerConfigKeys (ConfUtils.java:logGet(46)) - raft.server.log.statemachine.data.sync.timeout = 10s (default)
2022-06-24 23:47:24,600 [pool-567-thread-1] INFO  server.RaftServerConfigKeys (ConfUtils.java:logGet(46)) - raft.server.log.statemachine.data.sync.timeout.retry = -1 (default)
2022-06-24 23:47:24,601 [pool-567-thread-1] INFO  server.RaftServerConfigKeys (ConfUtils.java:logGet(46)) - raft.server.log.write.buffer.size = 1048576 (custom)
2022-06-24 23:47:24,602 [pool-567-thread-1] INFO  server.RaftServerConfigKeys (ConfUtils.java:logGet(46)) - raft.server.log.unsafe-flush.enabled = false (default)
2022-06-24 23:47:24,602 [pool-567-thread-1] INFO  server.RaftServerConfigKeys (ConfUtils.java:logGet(46)) - raft.server.log.statemachine.data.caching.enabled = true (custom)
2022-06-24 23:47:24,602 [pool-567-thread-1] INFO  segmented.SegmentedRaftLogWorker (SegmentedRaftLogWorker.java:lambda$new$0(135)) - 66188e3b-2de6-4632-9636-fbf530af5e5e@group-9C7B42EDD3A2-SegmentedRaftLogWorker: flushIndex: setUnconditionally 0 -> -1
2022-06-24 23:47:24,602 [pool-567-thread-1] INFO  segmented.SegmentedRaftLogWorker (SegmentedRaftLogWorker.java:lambda$new$0(135)) - 66188e3b-2de6-4632-9636-fbf530af5e5e@group-9C7B42EDD3A2-SegmentedRaftLogWorker: safeCacheEvictIndex: setUnconditionally 0 -> -1
2022-06-24 23:47:24,611 [pool-567-thread-1] INFO  server.RaftServerConfigKeys (ConfUtils.java:logGet(46)) - raft.server.snapshot.auto.trigger.enabled = true (custom)
2022-06-24 23:47:24,611 [pool-567-thread-1] INFO  server.RaftServerConfigKeys (ConfUtils.java:logGet(46)) - raft.server.snapshot.auto.trigger.threshold = 10000 (custom)
2022-06-24 23:47:24,611 [pool-567-thread-1] INFO  server.RaftServerConfigKeys (ConfUtils.java:logGet(46)) - raft.server.snapshot.retention.file.num = 5 (custom)
2022-06-24 23:47:24,611 [pool-567-thread-1] INFO  server.RaftServerConfigKeys (ConfUtils.java:logGet(46)) - raft.server.log.purge.upto.snapshot.index = false (default)
2022-06-24 23:47:24,611 [pool-567-thread-1] INFO  server.RaftServerConfigKeys (ConfUtils.java:logGet(46)) - raft.server.retrycache.expirytime = 600000ms (custom)
2022-06-24 23:47:24,611 [pool-567-thread-1] INFO  server.RaftServerConfigKeys (ConfUtils.java:logGet(46)) - raft.server.retrycache.statistics.expirytime = 100μs (default)
2022-06-24 23:47:24,612 [pool-567-thread-1] INFO  server.RaftServerConfigKeys (ConfUtils.java:logGet(46)) - raft.server.log.appender.install.snapshot.enabled = false (custom)
2022-06-24 23:47:24,612 [pool-567-thread-1] INFO  server.RaftServerConfigKeys (ConfUtils.java:logGet(46)) - raft.server.threadpool.server.cached = true (default)
2022-06-24 23:47:24,612 [pool-567-thread-1] INFO  server.RaftServerConfigKeys (ConfUtils.java:logGet(46)) - raft.server.threadpool.server.size = 0 (default)
2022-06-24 23:47:24,612 [pool-567-thread-1] INFO  server.RaftServerConfigKeys (ConfUtils.java:logGet(46)) - raft.server.threadpool.client.cached = true (default)
2022-06-24 23:47:24,612 [pool-567-thread-1] INFO  server.RaftServerConfigKeys (ConfUtils.java:logGet(46)) - raft.server.threadpool.client.size = 0 (default)
2022-06-24 23:47:24,612 [pool-567-thread-1] INFO  server.RaftServer$Division (RaftServerImpl.java:start(310)) - 66188e3b-2de6-4632-9636-fbf530af5e5e@group-9C7B42EDD3A2: start as a follower, conf=-1: [b721671c-f2e0-4f32-a472-e04e394ae124|rpc:10.1.0.24:41813|dataStream:|priority:0, 66188e3b-2de6-4632-9636-fbf530af5e5e|rpc:10.1.0.24:44805|dataStream:|priority:1, 4178a181-7a8b-49ec-906e-515996c40b3d|rpc:10.1.0.24:37729|dataStream:|priority:0], old=null
2022-06-24 23:47:24,612 [pool-567-thread-1] INFO  server.RaftServer$Division (RaftServerImpl.java:setRole(299)) - 66188e3b-2de6-4632-9636-fbf530af5e5e@group-9C7B42EDD3A2: changes role from      null to FOLLOWER at term 0 for startAsFollower
2022-06-24 23:47:24,613 [pool-567-thread-1] INFO  impl.RoleInfo (RoleInfo.java:updateAndGet(139)) - 66188e3b-2de6-4632-9636-fbf530af5e5e: start 66188e3b-2de6-4632-9636-fbf530af5e5e@group-9C7B42EDD3A2-FollowerState
2022-06-24 23:47:24,633 [pool-567-thread-1] INFO  util.JmxRegister (JmxRegister.java:tryRegister(44)) - Successfully registered JMX Bean with object name Ratis:service=RaftServer,group=group-9C7B42EDD3A2,id=66188e3b-2de6-4632-9636-fbf530af5e5e
2022-06-24 23:47:24,657 [Listener at 127.0.0.1/33165] INFO  ozone.MiniOzoneClusterImpl (MiniOzoneClusterImpl.java:lambda$waitForClusterToBeReady$0(223)) - Waiting for nodes to be ready. Got 4 of 5 DN Heartbeats.
2022-06-24 23:47:24,658 [Listener at 127.0.0.1/33165] INFO  ozone.MiniOzoneClusterImpl (MiniOzoneClusterImpl.java:lambda$waitForClusterToBeReady$0(226)) - Waiting for cluster to exit safe mode
2022-06-24 23:47:24,658 [Listener at 127.0.0.1/33165] INFO  ozone.MiniOzoneClusterImpl (MiniOzoneClusterImpl.java:lambda$waitForClusterToBeReady$0(228)) - SCM became leader
2022-06-24 23:47:24,693 [grpc-default-executor-0] INFO  server.RaftServer (RaftServerProxy.java:addNew(96)) - 4178a181-7a8b-49ec-906e-515996c40b3d: addNew group-9C7B42EDD3A2:[b721671c-f2e0-4f32-a472-e04e394ae124|rpc:10.1.0.24:41813|dataStream:|priority:0, 66188e3b-2de6-4632-9636-fbf530af5e5e|rpc:10.1.0.24:44805|dataStream:|priority:1, 4178a181-7a8b-49ec-906e-515996c40b3d|rpc:10.1.0.24:37729|dataStream:|priority:0] returns group-9C7B42EDD3A2:java.util.concurrent.CompletableFuture@620e1ccf[Not completed]
2022-06-24 23:47:24,694 [pool-590-thread-1] INFO  server.RaftServer$Division (RaftServerImpl.java:<init>(190)) - 4178a181-7a8b-49ec-906e-515996c40b3d: new RaftServerImpl for group-9C7B42EDD3A2:[b721671c-f2e0-4f32-a472-e04e394ae124|rpc:10.1.0.24:41813|dataStream:|priority:0, 66188e3b-2de6-4632-9636-fbf530af5e5e|rpc:10.1.0.24:44805|dataStream:|priority:1, 4178a181-7a8b-49ec-906e-515996c40b3d|rpc:10.1.0.24:37729|dataStream:|priority:0] with ContainerStateMachine:uninitialized
2022-06-24 23:47:24,694 [pool-590-thread-1] INFO  server.RaftServerConfigKeys (ConfUtils.java:logGet(46)) - raft.server.rpc.timeout.min = 5s (custom)
2022-06-24 23:47:24,694 [pool-590-thread-1] INFO  server.RaftServerConfigKeys (ConfUtils.java:logGet(46)) - raft.server.rpc.timeout.max = 5200ms (custom)
2022-06-24 23:47:24,694 [pool-590-thread-1] INFO  server.RaftServerConfigKeys (ConfUtils.java:logGet(46)) - raft.server.rpc.sleep.time = 25ms (default)
2022-06-24 23:47:24,694 [pool-590-thread-1] INFO  server.RaftServerConfigKeys (ConfUtils.java:logGet(46)) - raft.server.rpc.slowness.timeout = 300s (custom)
2022-06-24 23:47:24,694 [pool-590-thread-1] INFO  server.RaftServerConfigKeys (ConfUtils.java:logGet(46)) - raft.server.leaderelection.leader.step-down.wait-time = 10s (default)
2022-06-24 23:47:24,694 [pool-590-thread-1] INFO  server.RaftServerConfigKeys (ConfUtils.java:logGet(46)) - raft.server.sleep.deviation.threshold = 300ms (default)
2022-06-24 23:47:24,694 [pool-590-thread-1] INFO  server.RaftServer$Division (ServerState.java:<init>(107)) - 4178a181-7a8b-49ec-906e-515996c40b3d@group-9C7B42EDD3A2: ConfigurationManager, init=-1: [b721671c-f2e0-4f32-a472-e04e394ae124|rpc:10.1.0.24:41813|dataStream:|priority:0, 66188e3b-2de6-4632-9636-fbf530af5e5e|rpc:10.1.0.24:44805|dataStream:|priority:1, 4178a181-7a8b-49ec-906e-515996c40b3d|rpc:10.1.0.24:37729|dataStream:|priority:0], old=null, confs=<EMPTY_MAP>
2022-06-24 23:47:24,694 [pool-590-thread-1] INFO  server.RaftServerConfigKeys (ConfUtils.java:logGet(46)) - raft.server.storage.dir = [/home/runner/work/ozone/ozone/hadoop-ozone/integration-test/target/test-dir/MiniOzoneClusterImpl-579f371f-51d7-44c0-bf7c-5cb5e6cf7bc4/datanode-2/data/ratis] (custom)
2022-06-24 23:47:24,695 [pool-590-thread-1] INFO  server.RaftServerConfigKeys (ConfUtils.java:logGet(46)) - raft.server.log.corruption.policy = EXCEPTION (default)
2022-06-24 23:47:24,695 [pool-590-thread-1] INFO  server.RaftServerConfigKeys (ConfUtils.java:logGet(46)) - raft.server.storage.free-space.min = 0MB (=0) (default)
2022-06-24 23:47:24,695 [pool-590-thread-1] INFO  storage.RaftStorageDirectory (RaftStorageDirectoryImpl.java:analyzeStorage(135)) - The storage directory /home/runner/work/ozone/ozone/hadoop-ozone/integration-test/target/test-dir/MiniOzoneClusterImpl-579f371f-51d7-44c0-bf7c-5cb5e6cf7bc4/datanode-2/data/ratis/5743b342-640f-4931-9abd-9c7b42edd3a2 does not exist. Creating ...
2022-06-24 23:47:24,696 [pool-590-thread-1] INFO  storage.RaftStorageDirectory (RaftStorageDirectoryImpl.java:tryLock(230)) - Lock on /home/runner/work/ozone/ozone/hadoop-ozone/integration-test/target/test-dir/MiniOzoneClusterImpl-579f371f-51d7-44c0-bf7c-5cb5e6cf7bc4/datanode-2/data/ratis/5743b342-640f-4931-9abd-9c7b42edd3a2/in_use.lock acquired by nodename 11308@fv-az21-224
2022-06-24 23:47:24,698 [IPC Server handler 17 on default port 41993] INFO  net.NetworkTopologyImpl (NetworkTopologyImpl.java:add(112)) - Added a new node: /default-rack/51490d26-ad7a-4947-a556-931448a53f1d
2022-06-24 23:47:24,698 [IPC Server handler 17 on default port 41993] INFO  node.SCMNodeManager (SCMNodeManager.java:register(397)) - Registered Data node : 51490d26-ad7a-4947-a556-931448a53f1d{ip: 10.1.0.24, host: fv-az21-224.v4iizcarkezebbfea14bcgzyke.bx.internal.cloudapp.net, ports: [REPLICATION=45649, RATIS=46001, RATIS_ADMIN=46001, RATIS_SERVER=46001, STANDALONE=44459], networkLocation: /default-rack, certSerialId: null, persistedOpState: null, persistedOpStateExpiryEpochSec: 0}
2022-06-24 23:47:24,700 [EventQueue-NewNodeForNewNodeHandler] INFO  pipeline.BackgroundPipelineCreator (BackgroundPipelineCreator.java:notifyEventTriggered(275)) - trigger a one-shot run on RatisPipelineUtilsThread.
2022-06-24 23:47:24,700 [RatisPipelineUtilsThread - 0] INFO  pipeline.RatisPipelineProvider (RatisPipelineProvider.java:lambda$create$0(195)) - Sending CreatePipelineCommand for pipeline:PipelineID=63e47816-0c37-45db-9588-d5300f8c0bf2 to datanode:51490d26-ad7a-4947-a556-931448a53f1d
2022-06-24 23:47:24,701 [RatisPipelineUtilsThread - 0] INFO  pipeline.PipelineStateManagerImpl (PipelineStateManagerImpl.java:addPipeline(101)) - Created pipeline Pipeline[ Id: 63e47816-0c37-45db-9588-d5300f8c0bf2, Nodes: 51490d26-ad7a-4947-a556-931448a53f1d{ip: 10.1.0.24, host: fv-az21-224.v4iizcarkezebbfea14bcgzyke.bx.internal.cloudapp.net, ports: [REPLICATION=45649, RATIS=46001, RATIS_ADMIN=46001, RATIS_SERVER=46001, STANDALONE=44459], networkLocation: /default-rack, certSerialId: null, persistedOpState: IN_SERVICE, persistedOpStateExpiryEpochSec: 0}, ReplicationConfig: RATIS/ONE, State:ALLOCATED, leaderId:, CreationTimestamp2022-06-24T23:47:24.700Z[Etc/UTC]].
2022-06-24 23:47:24,701 [pool-590-thread-1] INFO  storage.RaftStorage (RaftStorageImpl.java:format(89)) - Storage directory /home/runner/work/ozone/ozone/hadoop-ozone/integration-test/target/test-dir/MiniOzoneClusterImpl-579f371f-51d7-44c0-bf7c-5cb5e6cf7bc4/datanode-2/data/ratis/5743b342-640f-4931-9abd-9c7b42edd3a2 has been successfully formatted.
2022-06-24 23:47:24,719 [pool-590-thread-1] INFO  ratis.ContainerStateMachine (ContainerStateMachine.java:loadSnapshot(236)) - group-9C7B42EDD3A2: The snapshot info is null. Setting the last applied indexto:(t:0, i:~)
2022-06-24 23:47:24,719 [pool-590-thread-1] INFO  server.RaftServerConfigKeys (ConfUtils.java:logGet(46)) - raft.server.notification.no-leader.timeout = 300s (custom)
2022-06-24 23:47:24,719 [pool-590-thread-1] INFO  server.RaftServerConfigKeys (ConfUtils.java:logGet(46)) - raft.server.log.use.memory = false (default)
2022-06-24 23:47:24,719 [pool-590-thread-1] INFO  server.RaftServerConfigKeys (ConfUtils.java:logGet(46)) - raft.server.log.purge.gap = 1000000 (custom)
2022-06-24 23:47:24,719 [pool-590-thread-1] INFO  server.RaftServerConfigKeys (ConfUtils.java:logGet(46)) - raft.server.log.appender.buffer.byte-limit = 33554432 (custom)
2022-06-24 23:47:24,719 [pool-590-thread-1] INFO  server.RaftServerConfigKeys (ConfUtils.java:logGet(46)) - raft.server.log.statemachine.data.read.timeout = 1000ms (default)
2022-06-24 23:47:24,719 [pool-590-thread-1] INFO  server.RaftServerConfigKeys (ConfUtils.java:logGet(46)) - raft.server.log.segment.size.max = 1048576 (custom)
2022-06-24 23:47:24,720 [pool-590-thread-1] INFO  server.RaftServerConfigKeys (ConfUtils.java:logGet(46)) - raft.server.log.segment.cache.num.max = 2 (custom)
2022-06-24 23:47:24,720 [pool-590-thread-1] INFO  server.RaftServerConfigKeys (ConfUtils.java:logGet(46)) - raft.server.log.segment.cache.size.max = 200MB (=209715200) (default)
2022-06-24 23:47:24,720 [pool-590-thread-1] INFO  segmented.SegmentedRaftLogWorker (SegmentedRaftLogWorker.java:<init>(187)) - new 4178a181-7a8b-49ec-906e-515996c40b3d@group-9C7B42EDD3A2-SegmentedRaftLogWorker for RaftStorageImpl:Storage Directory /home/runner/work/ozone/ozone/hadoop-ozone/integration-test/target/test-dir/MiniOzoneClusterImpl-579f371f-51d7-44c0-bf7c-5cb5e6cf7bc4/datanode-2/data/ratis/5743b342-640f-4931-9abd-9c7b42edd3a2
2022-06-24 23:47:24,720 [pool-590-thread-1] INFO  server.RaftServerConfigKeys (ConfUtils.java:logGet(46)) - raft.server.log.queue.byte-limit = 4294967296 (custom)
2022-06-24 23:47:24,720 [pool-590-thread-1] INFO  server.RaftServerConfigKeys (ConfUtils.java:logGet(46)) - raft.server.log.queue.element-limit = 1024 (custom)
2022-06-24 23:47:24,720 [pool-590-thread-1] INFO  server.RaftServerConfigKeys (ConfUtils.java:logGet(46)) - raft.server.log.segment.size.max = 1048576 (custom)
2022-06-24 23:47:24,720 [pool-590-thread-1] INFO  server.RaftServerConfigKeys (ConfUtils.java:logGet(46)) - raft.server.log.preallocated.size = 16384 (custom)
2022-06-24 23:47:24,720 [pool-590-thread-1] INFO  server.RaftServerConfigKeys (ConfUtils.java:logGet(46)) - raft.server.log.force.sync.num = 128 (default)
2022-06-24 23:47:24,720 [pool-590-thread-1] INFO  server.RaftServerConfigKeys (ConfUtils.java:logGet(46)) - raft.server.log.statemachine.data.sync = true (default)
2022-06-24 23:47:24,720 [pool-590-thread-1] INFO  server.RaftServerConfigKeys (ConfUtils.java:logGet(46)) - raft.server.log.statemachine.data.sync.timeout = 10s (default)
2022-06-24 23:47:24,720 [pool-590-thread-1] INFO  server.RaftServerConfigKeys (ConfUtils.java:logGet(46)) - raft.server.log.statemachine.data.sync.timeout.retry = -1 (default)
2022-06-24 23:47:24,721 [pool-590-thread-1] INFO  server.RaftServerConfigKeys (ConfUtils.java:logGet(46)) - raft.server.log.write.buffer.size = 1048576 (custom)
2022-06-24 23:47:24,722 [pool-590-thread-1] INFO  server.RaftServerConfigKeys (ConfUtils.java:logGet(46)) - raft.server.log.unsafe-flush.enabled = false (default)
2022-06-24 23:47:24,722 [pool-590-thread-1] INFO  server.RaftServerConfigKeys (ConfUtils.java:logGet(46)) - raft.server.log.statemachine.data.caching.enabled = true (custom)
2022-06-24 23:47:24,722 [pool-590-thread-1] INFO  segmented.SegmentedRaftLogWorker (SegmentedRaftLogWorker.java:lambda$new$0(135)) - 4178a181-7a8b-49ec-906e-515996c40b3d@group-9C7B42EDD3A2-SegmentedRaftLogWorker: flushIndex: setUnconditionally 0 -> -1
2022-06-24 23:47:24,722 [pool-590-thread-1] INFO  segmented.SegmentedRaftLogWorker (SegmentedRaftLogWorker.java:lambda$new$0(135)) - 4178a181-7a8b-49ec-906e-515996c40b3d@group-9C7B42EDD3A2-SegmentedRaftLogWorker: safeCacheEvictIndex: setUnconditionally 0 -> -1
2022-06-24 23:47:24,722 [pool-590-thread-1] INFO  server.RaftServerConfigKeys (ConfUtils.java:logGet(46)) - raft.server.snapshot.auto.trigger.enabled = true (custom)
2022-06-24 23:47:24,723 [pool-590-thread-1] INFO  server.RaftServerConfigKeys (ConfUtils.java:logGet(46)) - raft.server.snapshot.auto.trigger.threshold = 10000 (custom)
2022-06-24 23:47:24,723 [pool-590-thread-1] INFO  server.RaftServerConfigKeys (ConfUtils.java:logGet(46)) - raft.server.snapshot.retention.file.num = 5 (custom)
2022-06-24 23:47:24,723 [pool-590-thread-1] INFO  server.RaftServerConfigKeys (ConfUtils.java:logGet(46)) - raft.server.log.purge.upto.snapshot.index = false (default)
2022-06-24 23:47:24,723 [pool-590-thread-1] INFO  server.RaftServerConfigKeys (ConfUtils.java:logGet(46)) - raft.server.retrycache.expirytime = 600000ms (custom)
2022-06-24 23:47:24,723 [pool-590-thread-1] INFO  server.RaftServerConfigKeys (ConfUtils.java:logGet(46)) - raft.server.retrycache.statistics.expirytime = 100μs (default)
2022-06-24 23:47:24,724 [pool-590-thread-1] INFO  server.RaftServerConfigKeys (ConfUtils.java:logGet(46)) - raft.server.log.appender.install.snapshot.enabled = false (custom)
2022-06-24 23:47:24,724 [pool-590-thread-1] INFO  server.RaftServerConfigKeys (ConfUtils.java:logGet(46)) - raft.server.threadpool.server.cached = true (default)
2022-06-24 23:47:24,724 [pool-590-thread-1] INFO  server.RaftServerConfigKeys (ConfUtils.java:logGet(46)) - raft.server.threadpool.server.size = 0 (default)
2022-06-24 23:47:24,724 [pool-590-thread-1] INFO  server.RaftServerConfigKeys (ConfUtils.java:logGet(46)) - raft.server.threadpool.client.cached = true (default)
2022-06-24 23:47:24,724 [pool-590-thread-1] INFO  server.RaftServerConfigKeys (ConfUtils.java:logGet(46)) - raft.server.threadpool.client.size = 0 (default)
2022-06-24 23:47:24,724 [pool-590-thread-1] INFO  server.RaftServer$Division (RaftServerImpl.java:start(310)) - 4178a181-7a8b-49ec-906e-515996c40b3d@group-9C7B42EDD3A2: start as a follower, conf=-1: [b721671c-f2e0-4f32-a472-e04e394ae124|rpc:10.1.0.24:41813|dataStream:|priority:0, 66188e3b-2de6-4632-9636-fbf530af5e5e|rpc:10.1.0.24:44805|dataStream:|priority:1, 4178a181-7a8b-49ec-906e-515996c40b3d|rpc:10.1.0.24:37729|dataStream:|priority:0], old=null
2022-06-24 23:47:24,724 [pool-590-thread-1] INFO  server.RaftServer$Division (RaftServerImpl.java:setRole(299)) - 4178a181-7a8b-49ec-906e-515996c40b3d@group-9C7B42EDD3A2: changes role from      null to FOLLOWER at term 0 for startAsFollower
2022-06-24 23:47:24,724 [pool-590-thread-1] INFO  impl.RoleInfo (RoleInfo.java:updateAndGet(139)) - 4178a181-7a8b-49ec-906e-515996c40b3d: start 4178a181-7a8b-49ec-906e-515996c40b3d@group-9C7B42EDD3A2-FollowerState
2022-06-24 23:47:24,728 [pool-590-thread-1] INFO  util.JmxRegister (JmxRegister.java:tryRegister(44)) - Successfully registered JMX Bean with object name Ratis:service=RaftServer,group=group-9C7B42EDD3A2,id=4178a181-7a8b-49ec-906e-515996c40b3d
2022-06-24 23:47:24,752 [Command processor thread] INFO  commandhandler.CreatePipelineCommandHandler (CreatePipelineCommandHandler.java:handle(113)) - Created Pipeline RATIS THREE PipelineID=5743b342-640f-4931-9abd-9c7b42edd3a2.
2022-06-24 23:47:24,924 [Command processor thread] INFO  server.RaftServer (RaftServerProxy.java:addNew(96)) - 66188e3b-2de6-4632-9636-fbf530af5e5e: addNew group-4B049B5241B0:[66188e3b-2de6-4632-9636-fbf530af5e5e|rpc:10.1.0.24:44805|priority:1] returns group-4B049B5241B0:java.util.concurrent.CompletableFuture@1b4cf1cd[Not completed]
2022-06-24 23:47:24,925 [pool-567-thread-1] INFO  server.RaftServer$Division (RaftServerImpl.java:<init>(190)) - 66188e3b-2de6-4632-9636-fbf530af5e5e: new RaftServerImpl for group-4B049B5241B0:[66188e3b-2de6-4632-9636-fbf530af5e5e|rpc:10.1.0.24:44805|priority:1] with ContainerStateMachine:uninitialized
2022-06-24 23:47:24,925 [pool-567-thread-1] INFO  server.RaftServerConfigKeys (ConfUtils.java:logGet(46)) - raft.server.rpc.timeout.min = 5s (custom)
2022-06-24 23:47:24,925 [pool-567-thread-1] INFO  server.RaftServerConfigKeys (ConfUtils.java:logGet(46)) - raft.server.rpc.timeout.max = 5200ms (custom)
2022-06-24 23:47:24,926 [pool-567-thread-1] INFO  server.RaftServerConfigKeys (ConfUtils.java:logGet(46)) - raft.server.rpc.sleep.time = 25ms (default)
2022-06-24 23:47:24,926 [pool-567-thread-1] INFO  server.RaftServerConfigKeys (ConfUtils.java:logGet(46)) - raft.server.rpc.slowness.timeout = 300s (custom)
2022-06-24 23:47:24,926 [pool-567-thread-1] INFO  server.RaftServerConfigKeys (ConfUtils.java:logGet(46)) - raft.server.leaderelection.leader.step-down.wait-time = 10s (default)
2022-06-24 23:47:24,926 [pool-567-thread-1] INFO  server.RaftServerConfigKeys (ConfUtils.java:logGet(46)) - raft.server.sleep.deviation.threshold = 300ms (default)
2022-06-24 23:47:24,926 [pool-567-thread-1] INFO  server.RaftServer$Division (ServerState.java:<init>(107)) - 66188e3b-2de6-4632-9636-fbf530af5e5e@group-4B049B5241B0: ConfigurationManager, init=-1: [66188e3b-2de6-4632-9636-fbf530af5e5e|rpc:10.1.0.24:44805|priority:1], old=null, confs=<EMPTY_MAP>
2022-06-24 23:47:24,926 [pool-567-thread-1] INFO  server.RaftServerConfigKeys (ConfUtils.java:logGet(46)) - raft.server.storage.dir = [/home/runner/work/ozone/ozone/hadoop-ozone/integration-test/target/test-dir/MiniOzoneClusterImpl-579f371f-51d7-44c0-bf7c-5cb5e6cf7bc4/datanode-1/data/ratis] (custom)
2022-06-24 23:47:24,926 [pool-567-thread-1] INFO  server.RaftServerConfigKeys (ConfUtils.java:logGet(46)) - raft.server.log.corruption.policy = EXCEPTION (default)
2022-06-24 23:47:24,926 [pool-567-thread-1] INFO  server.RaftServerConfigKeys (ConfUtils.java:logGet(46)) - raft.server.storage.free-space.min = 0MB (=0) (default)
2022-06-24 23:47:24,926 [pool-567-thread-1] INFO  storage.RaftStorageDirectory (RaftStorageDirectoryImpl.java:analyzeStorage(135)) - The storage directory /home/runner/work/ozone/ozone/hadoop-ozone/integration-test/target/test-dir/MiniOzoneClusterImpl-579f371f-51d7-44c0-bf7c-5cb5e6cf7bc4/datanode-1/data/ratis/815cfa3c-4d40-45d9-bc84-4b049b5241b0 does not exist. Creating ...
2022-06-24 23:47:24,928 [pool-567-thread-1] INFO  storage.RaftStorageDirectory (RaftStorageDirectoryImpl.java:tryLock(230)) - Lock on /home/runner/work/ozone/ozone/hadoop-ozone/integration-test/target/test-dir/MiniOzoneClusterImpl-579f371f-51d7-44c0-bf7c-5cb5e6cf7bc4/datanode-1/data/ratis/815cfa3c-4d40-45d9-bc84-4b049b5241b0/in_use.lock acquired by nodename 11308@fv-az21-224
2022-06-24 23:47:24,929 [pool-567-thread-1] INFO  storage.RaftStorage (RaftStorageImpl.java:format(89)) - Storage directory /home/runner/work/ozone/ozone/hadoop-ozone/integration-test/target/test-dir/MiniOzoneClusterImpl-579f371f-51d7-44c0-bf7c-5cb5e6cf7bc4/datanode-1/data/ratis/815cfa3c-4d40-45d9-bc84-4b049b5241b0 has been successfully formatted.
2022-06-24 23:47:24,931 [EventQueue-PipelineReportForPipelineReportHandler] INFO  pipeline.PipelineManagerImpl (PipelineManagerImpl.java:openPipeline(358)) - Pipeline Pipeline[ Id: 815cfa3c-4d40-45d9-bc84-4b049b5241b0, Nodes: 66188e3b-2de6-4632-9636-fbf530af5e5e{ip: 10.1.0.24, host: fv-az21-224.v4iizcarkezebbfea14bcgzyke.bx.internal.cloudapp.net, ports: [REPLICATION=43265, RATIS=44805, RATIS_ADMIN=44805, RATIS_SERVER=44805, STANDALONE=44845], networkLocation: /default-rack, certSerialId: null, persistedOpState: IN_SERVICE, persistedOpStateExpiryEpochSec: 0}, ReplicationConfig: RATIS/ONE, State:ALLOCATED, leaderId:66188e3b-2de6-4632-9636-fbf530af5e5e, CreationTimestamp2022-06-24T23:47:21.951Z[Etc/UTC]] moved to OPEN state
2022-06-24 23:47:24,932 [EventQueue-OpenPipelineForHealthyPipelineSafeModeRule] INFO  safemode.SCMSafeModeManager (HealthyPipelineSafeModeRule.java:process(124)) - SCM in safe mode. Healthy pipelines reported count is 0, required healthy pipeline reported count is 1
2022-06-24 23:47:24,932 [pool-567-thread-1] INFO  ratis.ContainerStateMachine (ContainerStateMachine.java:loadSnapshot(236)) - group-4B049B5241B0: The snapshot info is null. Setting the last applied indexto:(t:0, i:~)
2022-06-24 23:47:24,933 [pool-567-thread-1] INFO  server.RaftServerConfigKeys (ConfUtils.java:logGet(46)) - raft.server.notification.no-leader.timeout = 300s (custom)
2022-06-24 23:47:24,933 [pool-567-thread-1] INFO  server.RaftServerConfigKeys (ConfUtils.java:logGet(46)) - raft.server.log.use.memory = false (default)
2022-06-24 23:47:24,933 [pool-567-thread-1] INFO  server.RaftServerConfigKeys (ConfUtils.java:logGet(46)) - raft.server.log.purge.gap = 1000000 (custom)
2022-06-24 23:47:24,933 [pool-567-thread-1] INFO  server.RaftServerConfigKeys (ConfUtils.java:logGet(46)) - raft.server.log.appender.buffer.byte-limit = 33554432 (custom)
2022-06-24 23:47:24,933 [pool-567-thread-1] INFO  server.RaftServerConfigKeys (ConfUtils.java:logGet(46)) - raft.server.log.statemachine.data.read.timeout = 1000ms (default)
2022-06-24 23:47:24,933 [pool-567-thread-1] INFO  server.RaftServerConfigKeys (ConfUtils.java:logGet(46)) - raft.server.log.segment.size.max = 1048576 (custom)
2022-06-24 23:47:24,933 [pool-567-thread-1] INFO  server.RaftServerConfigKeys (ConfUtils.java:logGet(46)) - raft.server.log.segment.cache.num.max = 2 (custom)
2022-06-24 23:47:24,933 [pool-567-thread-1] INFO  server.RaftServerConfigKeys (ConfUtils.java:logGet(46)) - raft.server.log.segment.cache.size.max = 200MB (=209715200) (default)
2022-06-24 23:47:24,933 [pool-567-thread-1] INFO  segmented.SegmentedRaftLogWorker (SegmentedRaftLogWorker.java:<init>(187)) - new 66188e3b-2de6-4632-9636-fbf530af5e5e@group-4B049B5241B0-SegmentedRaftLogWorker for RaftStorageImpl:Storage Directory /home/runner/work/ozone/ozone/hadoop-ozone/integration-test/target/test-dir/MiniOzoneClusterImpl-579f371f-51d7-44c0-bf7c-5cb5e6cf7bc4/datanode-1/data/ratis/815cfa3c-4d40-45d9-bc84-4b049b5241b0
2022-06-24 23:47:24,934 [pool-567-thread-1] INFO  server.RaftServerConfigKeys (ConfUtils.java:logGet(46)) - raft.server.log.queue.byte-limit = 4294967296 (custom)
2022-06-24 23:47:24,934 [pool-567-thread-1] INFO  server.RaftServerConfigKeys (ConfUtils.java:logGet(46)) - raft.server.log.queue.element-limit = 1024 (custom)
2022-06-24 23:47:24,934 [pool-567-thread-1] INFO  server.RaftServerConfigKeys (ConfUtils.java:logGet(46)) - raft.server.log.segment.size.max = 1048576 (custom)
2022-06-24 23:47:24,934 [pool-567-thread-1] INFO  server.RaftServerConfigKeys (ConfUtils.java:logGet(46)) - raft.server.log.preallocated.size = 16384 (custom)
2022-06-24 23:47:24,934 [pool-567-thread-1] INFO  server.RaftServerConfigKeys (ConfUtils.java:logGet(46)) - raft.server.log.force.sync.num = 128 (default)
2022-06-24 23:47:24,934 [pool-567-thread-1] INFO  server.RaftServerConfigKeys (ConfUtils.java:logGet(46)) - raft.server.log.statemachine.data.sync = true (default)
2022-06-24 23:47:24,934 [pool-567-thread-1] INFO  server.RaftServerConfigKeys (ConfUtils.java:logGet(46)) - raft.server.log.statemachine.data.sync.timeout = 10s (default)
2022-06-24 23:47:24,934 [pool-567-thread-1] INFO  server.RaftServerConfigKeys (ConfUtils.java:logGet(46)) - raft.server.log.statemachine.data.sync.timeout.retry = -1 (default)
2022-06-24 23:47:24,942 [pool-567-thread-1] INFO  server.RaftServerConfigKeys (ConfUtils.java:logGet(46)) - raft.server.log.write.buffer.size = 1048576 (custom)
2022-06-24 23:47:24,943 [pool-567-thread-1] INFO  server.RaftServerConfigKeys (ConfUtils.java:logGet(46)) - raft.server.log.unsafe-flush.enabled = false (default)
2022-06-24 23:47:24,943 [pool-567-thread-1] INFO  server.RaftServerConfigKeys (ConfUtils.java:logGet(46)) - raft.server.log.statemachine.data.caching.enabled = true (custom)
2022-06-24 23:47:24,943 [pool-567-thread-1] INFO  segmented.SegmentedRaftLogWorker (SegmentedRaftLogWorker.java:lambda$new$0(135)) - 66188e3b-2de6-4632-9636-fbf530af5e5e@group-4B049B5241B0-SegmentedRaftLogWorker: flushIndex: setUnconditionally 0 -> -1
2022-06-24 23:47:24,943 [pool-567-thread-1] INFO  segmented.SegmentedRaftLogWorker (SegmentedRaftLogWorker.java:lambda$new$0(135)) - 66188e3b-2de6-4632-9636-fbf530af5e5e@group-4B049B5241B0-SegmentedRaftLogWorker: safeCacheEvictIndex: setUnconditionally 0 -> -1
2022-06-24 23:47:24,948 [pool-567-thread-1] INFO  server.RaftServerConfigKeys (ConfUtils.java:logGet(46)) - raft.server.snapshot.auto.trigger.enabled = true (custom)
2022-06-24 23:47:24,948 [pool-567-thread-1] INFO  server.RaftServerConfigKeys (ConfUtils.java:logGet(46)) - raft.server.snapshot.auto.trigger.threshold = 10000 (custom)
2022-06-24 23:47:24,948 [pool-567-thread-1] INFO  server.RaftServerConfigKeys (ConfUtils.java:logGet(46)) - raft.server.snapshot.retention.file.num = 5 (custom)
2022-06-24 23:47:24,948 [pool-567-thread-1] INFO  server.RaftServerConfigKeys (ConfUtils.java:logGet(46)) - raft.server.log.purge.upto.snapshot.index = false (default)
2022-06-24 23:47:24,948 [pool-567-thread-1] INFO  server.RaftServerConfigKeys (ConfUtils.java:logGet(46)) - raft.server.retrycache.expirytime = 600000ms (custom)
2022-06-24 23:47:24,948 [pool-567-thread-1] INFO  server.RaftServerConfigKeys (ConfUtils.java:logGet(46)) - raft.server.retrycache.statistics.expirytime = 100μs (default)
2022-06-24 23:47:24,949 [pool-567-thread-1] INFO  server.RaftServerConfigKeys (ConfUtils.java:logGet(46)) - raft.server.log.appender.install.snapshot.enabled = false (custom)
2022-06-24 23:47:24,949 [pool-567-thread-1] INFO  server.RaftServerConfigKeys (ConfUtils.java:logGet(46)) - raft.server.threadpool.server.cached = true (default)
2022-06-24 23:47:24,949 [pool-567-thread-1] INFO  server.RaftServerConfigKeys (ConfUtils.java:logGet(46)) - raft.server.threadpool.server.size = 0 (default)
2022-06-24 23:47:24,949 [pool-567-thread-1] INFO  server.RaftServerConfigKeys (ConfUtils.java:logGet(46)) - raft.server.threadpool.client.cached = true (default)
2022-06-24 23:47:24,949 [pool-567-thread-1] INFO  server.RaftServerConfigKeys (ConfUtils.java:logGet(46)) - raft.server.threadpool.client.size = 0 (default)
2022-06-24 23:47:24,950 [pool-567-thread-1] INFO  server.RaftServer$Division (RaftServerImpl.java:start(310)) - 66188e3b-2de6-4632-9636-fbf530af5e5e@group-4B049B5241B0: start as a follower, conf=-1: [66188e3b-2de6-4632-9636-fbf530af5e5e|rpc:10.1.0.24:44805|priority:1], old=null
2022-06-24 23:47:24,950 [pool-567-thread-1] INFO  server.RaftServer$Division (RaftServerImpl.java:setRole(299)) - 66188e3b-2de6-4632-9636-fbf530af5e5e@group-4B049B5241B0: changes role from      null to FOLLOWER at term 0 for startAsFollower
2022-06-24 23:47:24,950 [pool-567-thread-1] INFO  impl.RoleInfo (RoleInfo.java:updateAndGet(139)) - 66188e3b-2de6-4632-9636-fbf530af5e5e: start 66188e3b-2de6-4632-9636-fbf530af5e5e@group-4B049B5241B0-FollowerState
2022-06-24 23:47:24,953 [pool-567-thread-1] INFO  util.JmxRegister (JmxRegister.java:tryRegister(44)) - Successfully registered JMX Bean with object name Ratis:service=RaftServer,group=group-4B049B5241B0,id=66188e3b-2de6-4632-9636-fbf530af5e5e
2022-06-24 23:47:24,953 [Command processor thread] INFO  ratis.XceiverServerRatis (XceiverServerRatis.java:addGroup(765)) - Created group PipelineID=815cfa3c-4d40-45d9-bc84-4b049b5241b0
2022-06-24 23:47:24,953 [Command processor thread] INFO  commandhandler.CreatePipelineCommandHandler (CreatePipelineCommandHandler.java:handle(113)) - Created Pipeline RATIS ONE PipelineID=815cfa3c-4d40-45d9-bc84-4b049b5241b0.
2022-06-24 23:47:25,610 [Command processor thread] INFO  server.RaftServer (RaftServerProxy.java:addNew(96)) - 4178a181-7a8b-49ec-906e-515996c40b3d: addNew group-FAA04F5864EB:[4178a181-7a8b-49ec-906e-515996c40b3d|rpc:10.1.0.24:37729|priority:1] returns group-FAA04F5864EB:java.util.concurrent.CompletableFuture@76d0b617[Not completed]
2022-06-24 23:47:25,611 [pool-590-thread-1] INFO  server.RaftServer$Division (RaftServerImpl.java:<init>(190)) - 4178a181-7a8b-49ec-906e-515996c40b3d: new RaftServerImpl for group-FAA04F5864EB:[4178a181-7a8b-49ec-906e-515996c40b3d|rpc:10.1.0.24:37729|priority:1] with ContainerStateMachine:uninitialized
2022-06-24 23:47:25,611 [pool-590-thread-1] INFO  server.RaftServerConfigKeys (ConfUtils.java:logGet(46)) - raft.server.rpc.timeout.min = 5s (custom)
2022-06-24 23:47:25,611 [pool-590-thread-1] INFO  server.RaftServerConfigKeys (ConfUtils.java:logGet(46)) - raft.server.rpc.timeout.max = 5200ms (custom)
2022-06-24 23:47:25,611 [pool-590-thread-1] INFO  server.RaftServerConfigKeys (ConfUtils.java:logGet(46)) - raft.server.rpc.sleep.time = 25ms (default)
2022-06-24 23:47:25,611 [pool-590-thread-1] INFO  server.RaftServerConfigKeys (ConfUtils.java:logGet(46)) - raft.server.rpc.slowness.timeout = 300s (custom)
2022-06-24 23:47:25,611 [pool-590-thread-1] INFO  server.RaftServerConfigKeys (ConfUtils.java:logGet(46)) - raft.server.leaderelection.leader.step-down.wait-time = 10s (default)
2022-06-24 23:47:25,611 [pool-590-thread-1] INFO  server.RaftServerConfigKeys (ConfUtils.java:logGet(46)) - raft.server.sleep.deviation.threshold = 300ms (default)
2022-06-24 23:47:25,611 [pool-590-thread-1] INFO  server.RaftServer$Division (ServerState.java:<init>(107)) - 4178a181-7a8b-49ec-906e-515996c40b3d@group-FAA04F5864EB: ConfigurationManager, init=-1: [4178a181-7a8b-49ec-906e-515996c40b3d|rpc:10.1.0.24:37729|priority:1], old=null, confs=<EMPTY_MAP>
2022-06-24 23:47:25,611 [pool-590-thread-1] INFO  server.RaftServerConfigKeys (ConfUtils.java:logGet(46)) - raft.server.storage.dir = [/home/runner/work/ozone/ozone/hadoop-ozone/integration-test/target/test-dir/MiniOzoneClusterImpl-579f371f-51d7-44c0-bf7c-5cb5e6cf7bc4/datanode-2/data/ratis] (custom)
2022-06-24 23:47:25,611 [pool-590-thread-1] INFO  server.RaftServerConfigKeys (ConfUtils.java:logGet(46)) - raft.server.log.corruption.policy = EXCEPTION (default)
2022-06-24 23:47:25,611 [pool-590-thread-1] INFO  server.RaftServerConfigKeys (ConfUtils.java:logGet(46)) - raft.server.storage.free-space.min = 0MB (=0) (default)
2022-06-24 23:47:25,611 [pool-590-thread-1] INFO  storage.RaftStorageDirectory (RaftStorageDirectoryImpl.java:analyzeStorage(135)) - The storage directory /home/runner/work/ozone/ozone/hadoop-ozone/integration-test/target/test-dir/MiniOzoneClusterImpl-579f371f-51d7-44c0-bf7c-5cb5e6cf7bc4/datanode-2/data/ratis/d99eb60d-1411-48e0-9efd-faa04f5864eb does not exist. Creating ...
2022-06-24 23:47:25,612 [pool-590-thread-1] INFO  storage.RaftStorageDirectory (RaftStorageDirectoryImpl.java:tryLock(230)) - Lock on /home/runner/work/ozone/ozone/hadoop-ozone/integration-test/target/test-dir/MiniOzoneClusterImpl-579f371f-51d7-44c0-bf7c-5cb5e6cf7bc4/datanode-2/data/ratis/d99eb60d-1411-48e0-9efd-faa04f5864eb/in_use.lock acquired by nodename 11308@fv-az21-224
2022-06-24 23:47:25,616 [pool-590-thread-1] INFO  storage.RaftStorage (RaftStorageImpl.java:format(89)) - Storage directory /home/runner/work/ozone/ozone/hadoop-ozone/integration-test/target/test-dir/MiniOzoneClusterImpl-579f371f-51d7-44c0-bf7c-5cb5e6cf7bc4/datanode-2/data/ratis/d99eb60d-1411-48e0-9efd-faa04f5864eb has been successfully formatted.
2022-06-24 23:47:25,616 [pool-590-thread-1] INFO  ratis.ContainerStateMachine (ContainerStateMachine.java:loadSnapshot(236)) - group-FAA04F5864EB: The snapshot info is null. Setting the last applied indexto:(t:0, i:~)
2022-06-24 23:47:25,616 [pool-590-thread-1] INFO  server.RaftServerConfigKeys (ConfUtils.java:logGet(46)) - raft.server.notification.no-leader.timeout = 300s (custom)
2022-06-24 23:47:25,616 [pool-590-thread-1] INFO  server.RaftServerConfigKeys (ConfUtils.java:logGet(46)) - raft.server.log.use.memory = false (default)
2022-06-24 23:47:25,617 [pool-590-thread-1] INFO  server.RaftServerConfigKeys (ConfUtils.java:logGet(46)) - raft.server.log.purge.gap = 1000000 (custom)
2022-06-24 23:47:25,617 [pool-590-thread-1] INFO  server.RaftServerConfigKeys (ConfUtils.java:logGet(46)) - raft.server.log.appender.buffer.byte-limit = 33554432 (custom)
2022-06-24 23:47:25,617 [pool-590-thread-1] INFO  server.RaftServerConfigKeys (ConfUtils.java:logGet(46)) - raft.server.log.statemachine.data.read.timeout = 1000ms (default)
2022-06-24 23:47:25,617 [pool-590-thread-1] INFO  server.RaftServerConfigKeys (ConfUtils.java:logGet(46)) - raft.server.log.segment.size.max = 1048576 (custom)
2022-06-24 23:47:25,617 [EventQueue-PipelineReportForPipelineReportHandler] INFO  pipeline.PipelineManagerImpl (PipelineManagerImpl.java:openPipeline(358)) - Pipeline Pipeline[ Id: d99eb60d-1411-48e0-9efd-faa04f5864eb, Nodes: 4178a181-7a8b-49ec-906e-515996c40b3d{ip: 10.1.0.24, host: fv-az21-224.v4iizcarkezebbfea14bcgzyke.bx.internal.cloudapp.net, ports: [REPLICATION=44005, RATIS=37729, RATIS_ADMIN=37729, RATIS_SERVER=37729, STANDALONE=34841], networkLocation: /default-rack, certSerialId: null, persistedOpState: IN_SERVICE, persistedOpStateExpiryEpochSec: 0}, ReplicationConfig: RATIS/ONE, State:ALLOCATED, leaderId:4178a181-7a8b-49ec-906e-515996c40b3d, CreationTimestamp2022-06-24T23:47:22.623Z[Etc/UTC]] moved to OPEN state
2022-06-24 23:47:25,618 [EventQueue-OpenPipelineForHealthyPipelineSafeModeRule] INFO  safemode.SCMSafeModeManager (HealthyPipelineSafeModeRule.java:process(124)) - SCM in safe mode. Healthy pipelines reported count is 0, required healthy pipeline reported count is 1
2022-06-24 23:47:25,618 [pool-590-thread-1] INFO  server.RaftServerConfigKeys (ConfUtils.java:logGet(46)) - raft.server.log.segment.cache.num.max = 2 (custom)
2022-06-24 23:47:25,618 [pool-590-thread-1] INFO  server.RaftServerConfigKeys (ConfUtils.java:logGet(46)) - raft.server.log.segment.cache.size.max = 200MB (=209715200) (default)
2022-06-24 23:47:25,618 [pool-590-thread-1] INFO  segmented.SegmentedRaftLogWorker (SegmentedRaftLogWorker.java:<init>(187)) - new 4178a181-7a8b-49ec-906e-515996c40b3d@group-FAA04F5864EB-SegmentedRaftLogWorker for RaftStorageImpl:Storage Directory /home/runner/work/ozone/ozone/hadoop-ozone/integration-test/target/test-dir/MiniOzoneClusterImpl-579f371f-51d7-44c0-bf7c-5cb5e6cf7bc4/datanode-2/data/ratis/d99eb60d-1411-48e0-9efd-faa04f5864eb
2022-06-24 23:47:25,618 [pool-590-thread-1] INFO  server.RaftServerConfigKeys (ConfUtils.java:logGet(46)) - raft.server.log.queue.byte-limit = 4294967296 (custom)
2022-06-24 23:47:25,618 [pool-590-thread-1] INFO  server.RaftServerConfigKeys (ConfUtils.java:logGet(46)) - raft.server.log.queue.element-limit = 1024 (custom)
2022-06-24 23:47:25,618 [pool-590-thread-1] INFO  server.RaftServerConfigKeys (ConfUtils.java:logGet(46)) - raft.server.log.segment.size.max = 1048576 (custom)
2022-06-24 23:47:25,618 [pool-590-thread-1] INFO  server.RaftServerConfigKeys (ConfUtils.java:logGet(46)) - raft.server.log.preallocated.size = 16384 (custom)
2022-06-24 23:47:25,619 [pool-590-thread-1] INFO  server.RaftServerConfigKeys (ConfUtils.java:logGet(46)) - raft.server.log.force.sync.num = 128 (default)
2022-06-24 23:47:25,619 [pool-590-thread-1] INFO  server.RaftServerConfigKeys (ConfUtils.java:logGet(46)) - raft.server.log.statemachine.data.sync = true (default)
2022-06-24 23:47:25,619 [pool-590-thread-1] INFO  server.RaftServerConfigKeys (ConfUtils.java:logGet(46)) - raft.server.log.statemachine.data.sync.timeout = 10s (default)
2022-06-24 23:47:25,619 [pool-590-thread-1] INFO  server.RaftServerConfigKeys (ConfUtils.java:logGet(46)) - raft.server.log.statemachine.data.sync.timeout.retry = -1 (default)
2022-06-24 23:47:25,619 [pool-590-thread-1] INFO  server.RaftServerConfigKeys (ConfUtils.java:logGet(46)) - raft.server.log.write.buffer.size = 1048576 (custom)
2022-06-24 23:47:25,620 [pool-590-thread-1] INFO  server.RaftServerConfigKeys (ConfUtils.java:logGet(46)) - raft.server.log.unsafe-flush.enabled = false (default)
2022-06-24 23:47:25,620 [pool-590-thread-1] INFO  server.RaftServerConfigKeys (ConfUtils.java:logGet(46)) - raft.server.log.statemachine.data.caching.enabled = true (custom)
2022-06-24 23:47:25,620 [pool-590-thread-1] INFO  segmented.SegmentedRaftLogWorker (SegmentedRaftLogWorker.java:lambda$new$0(135)) - 4178a181-7a8b-49ec-906e-515996c40b3d@group-FAA04F5864EB-SegmentedRaftLogWorker: flushIndex: setUnconditionally 0 -> -1
2022-06-24 23:47:25,620 [pool-590-thread-1] INFO  segmented.SegmentedRaftLogWorker (SegmentedRaftLogWorker.java:lambda$new$0(135)) - 4178a181-7a8b-49ec-906e-515996c40b3d@group-FAA04F5864EB-SegmentedRaftLogWorker: safeCacheEvictIndex: setUnconditionally 0 -> -1
2022-06-24 23:47:25,624 [pool-590-thread-1] INFO  server.RaftServerConfigKeys (ConfUtils.java:logGet(46)) - raft.server.snapshot.auto.trigger.enabled = true (custom)
2022-06-24 23:47:25,624 [pool-590-thread-1] INFO  server.RaftServerConfigKeys (ConfUtils.java:logGet(46)) - raft.server.snapshot.auto.trigger.threshold = 10000 (custom)
2022-06-24 23:47:25,624 [pool-590-thread-1] INFO  server.RaftServerConfigKeys (ConfUtils.java:logGet(46)) - raft.server.snapshot.retention.file.num = 5 (custom)
2022-06-24 23:47:25,624 [pool-590-thread-1] INFO  server.RaftServerConfigKeys (ConfUtils.java:logGet(46)) - raft.server.log.purge.upto.snapshot.index = false (default)
2022-06-24 23:47:25,624 [pool-590-thread-1] INFO  server.RaftServerConfigKeys (ConfUtils.java:logGet(46)) - raft.server.retrycache.expirytime = 600000ms (custom)
2022-06-24 23:47:25,624 [pool-590-thread-1] INFO  server.RaftServerConfigKeys (ConfUtils.java:logGet(46)) - raft.server.retrycache.statistics.expirytime = 100μs (default)
2022-06-24 23:47:25,625 [pool-590-thread-1] INFO  server.RaftServerConfigKeys (ConfUtils.java:logGet(46)) - raft.server.log.appender.install.snapshot.enabled = false (custom)
2022-06-24 23:47:25,625 [pool-590-thread-1] INFO  server.RaftServerConfigKeys (ConfUtils.java:logGet(46)) - raft.server.threadpool.server.cached = true (default)
2022-06-24 23:47:25,625 [pool-590-thread-1] INFO  server.RaftServerConfigKeys (ConfUtils.java:logGet(46)) - raft.server.threadpool.server.size = 0 (default)
2022-06-24 23:47:25,625 [pool-590-thread-1] INFO  server.RaftServerConfigKeys (ConfUtils.java:logGet(46)) - raft.server.threadpool.client.cached = true (default)
2022-06-24 23:47:25,625 [pool-590-thread-1] INFO  server.RaftServerConfigKeys (ConfUtils.java:logGet(46)) - raft.server.threadpool.client.size = 0 (default)
2022-06-24 23:47:25,625 [pool-590-thread-1] INFO  server.RaftServer$Division (RaftServerImpl.java:start(310)) - 4178a181-7a8b-49ec-906e-515996c40b3d@group-FAA04F5864EB: start as a follower, conf=-1: [4178a181-7a8b-49ec-906e-515996c40b3d|rpc:10.1.0.24:37729|priority:1], old=null
2022-06-24 23:47:25,625 [pool-590-thread-1] INFO  server.RaftServer$Division (RaftServerImpl.java:setRole(299)) - 4178a181-7a8b-49ec-906e-515996c40b3d@group-FAA04F5864EB: changes role from      null to FOLLOWER at term 0 for startAsFollower
2022-06-24 23:47:25,626 [pool-590-thread-1] INFO  impl.RoleInfo (RoleInfo.java:updateAndGet(139)) - 4178a181-7a8b-49ec-906e-515996c40b3d: start 4178a181-7a8b-49ec-906e-515996c40b3d@group-FAA04F5864EB-FollowerState
2022-06-24 23:47:25,626 [pool-590-thread-1] INFO  util.JmxRegister (JmxRegister.java:tryRegister(44)) - Successfully registered JMX Bean with object name Ratis:service=RaftServer,group=group-FAA04F5864EB,id=4178a181-7a8b-49ec-906e-515996c40b3d
2022-06-24 23:47:25,626 [Command processor thread] INFO  ratis.XceiverServerRatis (XceiverServerRatis.java:addGroup(765)) - Created group PipelineID=d99eb60d-1411-48e0-9efd-faa04f5864eb
2022-06-24 23:47:25,627 [Command processor thread] INFO  commandhandler.CreatePipelineCommandHandler (CreatePipelineCommandHandler.java:handle(113)) - Created Pipeline RATIS ONE PipelineID=d99eb60d-1411-48e0-9efd-faa04f5864eb.
2022-06-24 23:47:25,658 [Listener at 127.0.0.1/33165] INFO  ozone.MiniOzoneClusterImpl (MiniOzoneClusterImpl.java:lambda$waitForClusterToBeReady$0(223)) - Nodes are ready. Got 5 of 5 DN Heartbeats.
2022-06-24 23:47:25,658 [Listener at 127.0.0.1/33165] INFO  ozone.MiniOzoneClusterImpl (MiniOzoneClusterImpl.java:lambda$waitForClusterToBeReady$0(226)) - Waiting for cluster to exit safe mode
2022-06-24 23:47:25,658 [Listener at 127.0.0.1/33165] INFO  ozone.MiniOzoneClusterImpl (MiniOzoneClusterImpl.java:lambda$waitForClusterToBeReady$0(228)) - SCM became leader
2022-06-24 23:47:26,658 [Listener at 127.0.0.1/33165] INFO  ozone.MiniOzoneClusterImpl (MiniOzoneClusterImpl.java:lambda$waitForClusterToBeReady$0(223)) - Nodes are ready. Got 5 of 5 DN Heartbeats.
2022-06-24 23:47:26,659 [Listener at 127.0.0.1/33165] INFO  ozone.MiniOzoneClusterImpl (MiniOzoneClusterImpl.java:lambda$waitForClusterToBeReady$0(226)) - Waiting for cluster to exit safe mode
2022-06-24 23:47:26,659 [Listener at 127.0.0.1/33165] INFO  ozone.MiniOzoneClusterImpl (MiniOzoneClusterImpl.java:lambda$waitForClusterToBeReady$0(228)) - SCM became leader
2022-06-24 23:47:26,715 [Command processor thread] INFO  server.RaftServer (RaftServerProxy.java:addNew(96)) - 87fb9657-1567-464e-bbce-51798844cbf7: addNew group-B48B88EBAB1D:[87fb9657-1567-464e-bbce-51798844cbf7|rpc:10.1.0.24:44643|priority:1] returns group-B48B88EBAB1D:java.util.concurrent.CompletableFuture@6599953c[Not completed]
2022-06-24 23:47:26,720 [pool-613-thread-1] INFO  server.RaftServer$Division (RaftServerImpl.java:<init>(190)) - 87fb9657-1567-464e-bbce-51798844cbf7: new RaftServerImpl for group-B48B88EBAB1D:[87fb9657-1567-464e-bbce-51798844cbf7|rpc:10.1.0.24:44643|priority:1] with ContainerStateMachine:uninitialized
2022-06-24 23:47:26,720 [pool-613-thread-1] INFO  server.RaftServerConfigKeys (ConfUtils.java:logGet(46)) - raft.server.rpc.timeout.min = 5s (custom)
2022-06-24 23:47:26,720 [pool-613-thread-1] INFO  server.RaftServerConfigKeys (ConfUtils.java:logGet(46)) - raft.server.rpc.timeout.max = 5200ms (custom)
2022-06-24 23:47:26,720 [pool-613-thread-1] INFO  server.RaftServerConfigKeys (ConfUtils.java:logGet(46)) - raft.server.rpc.sleep.time = 25ms (default)
2022-06-24 23:47:26,720 [pool-613-thread-1] INFO  server.RaftServerConfigKeys (ConfUtils.java:logGet(46)) - raft.server.rpc.slowness.timeout = 300s (custom)
2022-06-24 23:47:26,720 [pool-613-thread-1] INFO  server.RaftServerConfigKeys (ConfUtils.java:logGet(46)) - raft.server.leaderelection.leader.step-down.wait-time = 10s (default)
2022-06-24 23:47:26,720 [pool-613-thread-1] INFO  server.RaftServerConfigKeys (ConfUtils.java:logGet(46)) - raft.server.sleep.deviation.threshold = 300ms (default)
2022-06-24 23:47:26,720 [pool-613-thread-1] INFO  server.RaftServer$Division (ServerState.java:<init>(107)) - 87fb9657-1567-464e-bbce-51798844cbf7@group-B48B88EBAB1D: ConfigurationManager, init=-1: [87fb9657-1567-464e-bbce-51798844cbf7|rpc:10.1.0.24:44643|priority:1], old=null, confs=<EMPTY_MAP>
2022-06-24 23:47:26,720 [pool-613-thread-1] INFO  server.RaftServerConfigKeys (ConfUtils.java:logGet(46)) - raft.server.storage.dir = [/home/runner/work/ozone/ozone/hadoop-ozone/integration-test/target/test-dir/MiniOzoneClusterImpl-579f371f-51d7-44c0-bf7c-5cb5e6cf7bc4/datanode-3/data/ratis] (custom)
2022-06-24 23:47:26,720 [pool-613-thread-1] INFO  server.RaftServerConfigKeys (ConfUtils.java:logGet(46)) - raft.server.log.corruption.policy = EXCEPTION (default)
2022-06-24 23:47:26,720 [pool-613-thread-1] INFO  server.RaftServerConfigKeys (ConfUtils.java:logGet(46)) - raft.server.storage.free-space.min = 0MB (=0) (default)
2022-06-24 23:47:26,720 [pool-613-thread-1] INFO  storage.RaftStorageDirectory (RaftStorageDirectoryImpl.java:analyzeStorage(135)) - The storage directory /home/runner/work/ozone/ozone/hadoop-ozone/integration-test/target/test-dir/MiniOzoneClusterImpl-579f371f-51d7-44c0-bf7c-5cb5e6cf7bc4/datanode-3/data/ratis/bc4460fc-0603-4433-ad8a-b48b88ebab1d does not exist. Creating ...
2022-06-24 23:47:26,732 [pool-613-thread-1] INFO  storage.RaftStorageDirectory (RaftStorageDirectoryImpl.java:tryLock(230)) - Lock on /home/runner/work/ozone/ozone/hadoop-ozone/integration-test/target/test-dir/MiniOzoneClusterImpl-579f371f-51d7-44c0-bf7c-5cb5e6cf7bc4/datanode-3/data/ratis/bc4460fc-0603-4433-ad8a-b48b88ebab1d/in_use.lock acquired by nodename 11308@fv-az21-224
2022-06-24 23:47:26,737 [pool-613-thread-1] INFO  storage.RaftStorage (RaftStorageImpl.java:format(89)) - Storage directory /home/runner/work/ozone/ozone/hadoop-ozone/integration-test/target/test-dir/MiniOzoneClusterImpl-579f371f-51d7-44c0-bf7c-5cb5e6cf7bc4/datanode-3/data/ratis/bc4460fc-0603-4433-ad8a-b48b88ebab1d has been successfully formatted.
2022-06-24 23:47:26,754 [pool-613-thread-1] INFO  ratis.ContainerStateMachine (ContainerStateMachine.java:loadSnapshot(236)) - group-B48B88EBAB1D: The snapshot info is null. Setting the last applied indexto:(t:0, i:~)
2022-06-24 23:47:26,755 [EventQueue-PipelineReportForPipelineReportHandler] INFO  pipeline.PipelineManagerImpl (PipelineManagerImpl.java:openPipeline(358)) - Pipeline Pipeline[ Id: bc4460fc-0603-4433-ad8a-b48b88ebab1d, Nodes: 87fb9657-1567-464e-bbce-51798844cbf7{ip: 10.1.0.24, host: fv-az21-224.v4iizcarkezebbfea14bcgzyke.bx.internal.cloudapp.net, ports: [REPLICATION=43229, RATIS=44643, RATIS_ADMIN=44643, RATIS_SERVER=44643, STANDALONE=33177], networkLocation: /default-rack, certSerialId: null, persistedOpState: IN_SERVICE, persistedOpStateExpiryEpochSec: 0}, ReplicationConfig: RATIS/ONE, State:ALLOCATED, leaderId:87fb9657-1567-464e-bbce-51798844cbf7, CreationTimestamp2022-06-24T23:47:23.717Z[Etc/UTC]] moved to OPEN state
2022-06-24 23:47:26,756 [EventQueue-OpenPipelineForHealthyPipelineSafeModeRule] INFO  safemode.SCMSafeModeManager (HealthyPipelineSafeModeRule.java:process(124)) - SCM in safe mode. Healthy pipelines reported count is 0, required healthy pipeline reported count is 1
2022-06-24 23:47:26,759 [pool-613-thread-1] INFO  server.RaftServerConfigKeys (ConfUtils.java:logGet(46)) - raft.server.notification.no-leader.timeout = 300s (custom)
2022-06-24 23:47:26,759 [pool-613-thread-1] INFO  server.RaftServerConfigKeys (ConfUtils.java:logGet(46)) - raft.server.log.use.memory = false (default)
2022-06-24 23:47:26,759 [pool-613-thread-1] INFO  server.RaftServerConfigKeys (ConfUtils.java:logGet(46)) - raft.server.log.purge.gap = 1000000 (custom)
2022-06-24 23:47:26,760 [pool-613-thread-1] INFO  server.RaftServerConfigKeys (ConfUtils.java:logGet(46)) - raft.server.log.appender.buffer.byte-limit = 33554432 (custom)
2022-06-24 23:47:26,760 [pool-613-thread-1] INFO  server.RaftServerConfigKeys (ConfUtils.java:logGet(46)) - raft.server.log.statemachine.data.read.timeout = 1000ms (default)
2022-06-24 23:47:26,760 [pool-613-thread-1] INFO  server.RaftServerConfigKeys (ConfUtils.java:logGet(46)) - raft.server.log.segment.size.max = 1048576 (custom)
2022-06-24 23:47:26,760 [pool-613-thread-1] INFO  server.RaftServerConfigKeys (ConfUtils.java:logGet(46)) - raft.server.log.segment.cache.num.max = 2 (custom)
2022-06-24 23:47:26,760 [pool-613-thread-1] INFO  server.RaftServerConfigKeys (ConfUtils.java:logGet(46)) - raft.server.log.segment.cache.size.max = 200MB (=209715200) (default)
2022-06-24 23:47:26,760 [pool-613-thread-1] INFO  segmented.SegmentedRaftLogWorker (SegmentedRaftLogWorker.java:<init>(187)) - new 87fb9657-1567-464e-bbce-51798844cbf7@group-B48B88EBAB1D-SegmentedRaftLogWorker for RaftStorageImpl:Storage Directory /home/runner/work/ozone/ozone/hadoop-ozone/integration-test/target/test-dir/MiniOzoneClusterImpl-579f371f-51d7-44c0-bf7c-5cb5e6cf7bc4/datanode-3/data/ratis/bc4460fc-0603-4433-ad8a-b48b88ebab1d
2022-06-24 23:47:26,760 [pool-613-thread-1] INFO  server.RaftServerConfigKeys (ConfUtils.java:logGet(46)) - raft.server.log.queue.byte-limit = 4294967296 (custom)
2022-06-24 23:47:26,760 [pool-613-thread-1] INFO  server.RaftServerConfigKeys (ConfUtils.java:logGet(46)) - raft.server.log.queue.element-limit = 1024 (custom)
2022-06-24 23:47:26,760 [pool-613-thread-1] INFO  server.RaftServerConfigKeys (ConfUtils.java:logGet(46)) - raft.server.log.segment.size.max = 1048576 (custom)
2022-06-24 23:47:26,760 [pool-613-thread-1] INFO  server.RaftServerConfigKeys (ConfUtils.java:logGet(46)) - raft.server.log.preallocated.size = 16384 (custom)
2022-06-24 23:47:26,760 [pool-613-thread-1] INFO  server.RaftServerConfigKeys (ConfUtils.java:logGet(46)) - raft.server.log.force.sync.num = 128 (default)
2022-06-24 23:47:26,760 [pool-613-thread-1] INFO  server.RaftServerConfigKeys (ConfUtils.java:logGet(46)) - raft.server.log.statemachine.data.sync = true (default)
2022-06-24 23:47:26,760 [pool-613-thread-1] INFO  server.RaftServerConfigKeys (ConfUtils.java:logGet(46)) - raft.server.log.statemachine.data.sync.timeout = 10s (default)
2022-06-24 23:47:26,760 [pool-613-thread-1] INFO  server.RaftServerConfigKeys (ConfUtils.java:logGet(46)) - raft.server.log.statemachine.data.sync.timeout.retry = -1 (default)
2022-06-24 23:47:26,761 [pool-613-thread-1] INFO  server.RaftServerConfigKeys (ConfUtils.java:logGet(46)) - raft.server.log.write.buffer.size = 1048576 (custom)
2022-06-24 23:47:26,762 [pool-613-thread-1] INFO  server.RaftServerConfigKeys (ConfUtils.java:logGet(46)) - raft.server.log.unsafe-flush.enabled = false (default)
2022-06-24 23:47:26,762 [pool-613-thread-1] INFO  server.RaftServerConfigKeys (ConfUtils.java:logGet(46)) - raft.server.log.statemachine.data.caching.enabled = true (custom)
2022-06-24 23:47:26,762 [pool-613-thread-1] INFO  segmented.SegmentedRaftLogWorker (SegmentedRaftLogWorker.java:lambda$new$0(135)) - 87fb9657-1567-464e-bbce-51798844cbf7@group-B48B88EBAB1D-SegmentedRaftLogWorker: flushIndex: setUnconditionally 0 -> -1
2022-06-24 23:47:26,762 [pool-613-thread-1] INFO  segmented.SegmentedRaftLogWorker (SegmentedRaftLogWorker.java:lambda$new$0(135)) - 87fb9657-1567-464e-bbce-51798844cbf7@group-B48B88EBAB1D-SegmentedRaftLogWorker: safeCacheEvictIndex: setUnconditionally 0 -> -1
2022-06-24 23:47:26,769 [pool-613-thread-1] INFO  server.RaftServerConfigKeys (ConfUtils.java:logGet(46)) - raft.server.snapshot.auto.trigger.enabled = true (custom)
2022-06-24 23:47:26,769 [pool-613-thread-1] INFO  server.RaftServerConfigKeys (ConfUtils.java:logGet(46)) - raft.server.snapshot.auto.trigger.threshold = 10000 (custom)
2022-06-24 23:47:26,769 [pool-613-thread-1] INFO  server.RaftServerConfigKeys (ConfUtils.java:logGet(46)) - raft.server.snapshot.retention.file.num = 5 (custom)
2022-06-24 23:47:26,769 [pool-613-thread-1] INFO  server.RaftServerConfigKeys (ConfUtils.java:logGet(46)) - raft.server.log.purge.upto.snapshot.index = false (default)
2022-06-24 23:47:26,769 [pool-613-thread-1] INFO  server.RaftServerConfigKeys (ConfUtils.java:logGet(46)) - raft.server.retrycache.expirytime = 600000ms (custom)
2022-06-24 23:47:26,769 [pool-613-thread-1] INFO  server.RaftServerConfigKeys (ConfUtils.java:logGet(46)) - raft.server.retrycache.statistics.expirytime = 100μs (default)
2022-06-24 23:47:26,770 [pool-613-thread-1] INFO  server.RaftServerConfigKeys (ConfUtils.java:logGet(46)) - raft.server.log.appender.install.snapshot.enabled = false (custom)
2022-06-24 23:47:26,770 [pool-613-thread-1] INFO  server.RaftServerConfigKeys (ConfUtils.java:logGet(46)) - raft.server.threadpool.server.cached = true (default)
2022-06-24 23:47:26,770 [pool-613-thread-1] INFO  server.RaftServerConfigKeys (ConfUtils.java:logGet(46)) - raft.server.threadpool.server.size = 0 (default)
2022-06-24 23:47:26,770 [pool-613-thread-1] INFO  server.RaftServerConfigKeys (ConfUtils.java:logGet(46)) - raft.server.threadpool.client.cached = true (default)
2022-06-24 23:47:26,770 [pool-613-thread-1] INFO  server.RaftServerConfigKeys (ConfUtils.java:logGet(46)) - raft.server.threadpool.client.size = 0 (default)
2022-06-24 23:47:26,771 [pool-613-thread-1] INFO  server.RaftServer$Division (RaftServerImpl.java:start(310)) - 87fb9657-1567-464e-bbce-51798844cbf7@group-B48B88EBAB1D: start as a follower, conf=-1: [87fb9657-1567-464e-bbce-51798844cbf7|rpc:10.1.0.24:44643|priority:1], old=null
2022-06-24 23:47:26,771 [pool-613-thread-1] INFO  server.RaftServer$Division (RaftServerImpl.java:setRole(299)) - 87fb9657-1567-464e-bbce-51798844cbf7@group-B48B88EBAB1D: changes role from      null to FOLLOWER at term 0 for startAsFollower
2022-06-24 23:47:26,771 [pool-613-thread-1] INFO  impl.RoleInfo (RoleInfo.java:updateAndGet(139)) - 87fb9657-1567-464e-bbce-51798844cbf7: start 87fb9657-1567-464e-bbce-51798844cbf7@group-B48B88EBAB1D-FollowerState
2022-06-24 23:47:26,779 [pool-613-thread-1] INFO  util.JmxRegister (JmxRegister.java:tryRegister(44)) - Successfully registered JMX Bean with object name Ratis:service=RaftServer,group=group-B48B88EBAB1D,id=87fb9657-1567-464e-bbce-51798844cbf7
2022-06-24 23:47:26,806 [Command processor thread] INFO  ratis.XceiverServerRatis (XceiverServerRatis.java:addGroup(765)) - Created group PipelineID=bc4460fc-0603-4433-ad8a-b48b88ebab1d
2022-06-24 23:47:26,806 [Command processor thread] INFO  commandhandler.CreatePipelineCommandHandler (CreatePipelineCommandHandler.java:handle(113)) - Created Pipeline RATIS ONE PipelineID=bc4460fc-0603-4433-ad8a-b48b88ebab1d.
2022-06-24 23:47:27,659 [Listener at 127.0.0.1/33165] INFO  ozone.MiniOzoneClusterImpl (MiniOzoneClusterImpl.java:lambda$waitForClusterToBeReady$0(223)) - Nodes are ready. Got 5 of 5 DN Heartbeats.
2022-06-24 23:47:27,659 [Listener at 127.0.0.1/33165] INFO  ozone.MiniOzoneClusterImpl (MiniOzoneClusterImpl.java:lambda$waitForClusterToBeReady$0(226)) - Waiting for cluster to exit safe mode
2022-06-24 23:47:27,659 [Listener at 127.0.0.1/33165] INFO  ozone.MiniOzoneClusterImpl (MiniOzoneClusterImpl.java:lambda$waitForClusterToBeReady$0(228)) - SCM became leader
2022-06-24 23:47:27,669 [Command processor thread] INFO  server.RaftServer (RaftServerProxy.java:addNew(96)) - 51490d26-ad7a-4947-a556-931448a53f1d: addNew group-D5300F8C0BF2:[51490d26-ad7a-4947-a556-931448a53f1d|rpc:10.1.0.24:46001|priority:1] returns group-D5300F8C0BF2:java.util.concurrent.CompletableFuture@5831344c[Not completed]
2022-06-24 23:47:27,682 [pool-640-thread-1] INFO  server.RaftServer$Division (RaftServerImpl.java:<init>(190)) - 51490d26-ad7a-4947-a556-931448a53f1d: new RaftServerImpl for group-D5300F8C0BF2:[51490d26-ad7a-4947-a556-931448a53f1d|rpc:10.1.0.24:46001|priority:1] with ContainerStateMachine:uninitialized
2022-06-24 23:47:27,682 [pool-640-thread-1] INFO  server.RaftServerConfigKeys (ConfUtils.java:logGet(46)) - raft.server.rpc.timeout.min = 5s (custom)
2022-06-24 23:47:27,682 [pool-640-thread-1] INFO  server.RaftServerConfigKeys (ConfUtils.java:logGet(46)) - raft.server.rpc.timeout.max = 5200ms (custom)
2022-06-24 23:47:27,682 [pool-640-thread-1] INFO  server.RaftServerConfigKeys (ConfUtils.java:logGet(46)) - raft.server.rpc.sleep.time = 25ms (default)
2022-06-24 23:47:27,682 [pool-640-thread-1] INFO  server.RaftServerConfigKeys (ConfUtils.java:logGet(46)) - raft.server.rpc.slowness.timeout = 300s (custom)
2022-06-24 23:47:27,682 [pool-640-thread-1] INFO  server.RaftServerConfigKeys (ConfUtils.java:logGet(46)) - raft.server.leaderelection.leader.step-down.wait-time = 10s (default)
2022-06-24 23:47:27,682 [pool-640-thread-1] INFO  server.RaftServerConfigKeys (ConfUtils.java:logGet(46)) - raft.server.sleep.deviation.threshold = 300ms (default)
2022-06-24 23:47:27,682 [pool-640-thread-1] INFO  server.RaftServer$Division (ServerState.java:<init>(107)) - 51490d26-ad7a-4947-a556-931448a53f1d@group-D5300F8C0BF2: ConfigurationManager, init=-1: [51490d26-ad7a-4947-a556-931448a53f1d|rpc:10.1.0.24:46001|priority:1], old=null, confs=<EMPTY_MAP>
2022-06-24 23:47:27,683 [pool-640-thread-1] INFO  server.RaftServerConfigKeys (ConfUtils.java:logGet(46)) - raft.server.storage.dir = [/home/runner/work/ozone/ozone/hadoop-ozone/integration-test/target/test-dir/MiniOzoneClusterImpl-579f371f-51d7-44c0-bf7c-5cb5e6cf7bc4/datanode-4/data/ratis] (custom)
2022-06-24 23:47:27,683 [pool-640-thread-1] INFO  server.RaftServerConfigKeys (ConfUtils.java:logGet(46)) - raft.server.log.corruption.policy = EXCEPTION (default)
2022-06-24 23:47:27,683 [pool-640-thread-1] INFO  server.RaftServerConfigKeys (ConfUtils.java:logGet(46)) - raft.server.storage.free-space.min = 0MB (=0) (default)
2022-06-24 23:47:27,683 [pool-640-thread-1] INFO  storage.RaftStorageDirectory (RaftStorageDirectoryImpl.java:analyzeStorage(135)) - The storage directory /home/runner/work/ozone/ozone/hadoop-ozone/integration-test/target/test-dir/MiniOzoneClusterImpl-579f371f-51d7-44c0-bf7c-5cb5e6cf7bc4/datanode-4/data/ratis/63e47816-0c37-45db-9588-d5300f8c0bf2 does not exist. Creating ...
2022-06-24 23:47:27,685 [pool-640-thread-1] INFO  storage.RaftStorageDirectory (RaftStorageDirectoryImpl.java:tryLock(230)) - Lock on /home/runner/work/ozone/ozone/hadoop-ozone/integration-test/target/test-dir/MiniOzoneClusterImpl-579f371f-51d7-44c0-bf7c-5cb5e6cf7bc4/datanode-4/data/ratis/63e47816-0c37-45db-9588-d5300f8c0bf2/in_use.lock acquired by nodename 11308@fv-az21-224
2022-06-24 23:47:27,686 [pool-640-thread-1] INFO  storage.RaftStorage (RaftStorageImpl.java:format(89)) - Storage directory /home/runner/work/ozone/ozone/hadoop-ozone/integration-test/target/test-dir/MiniOzoneClusterImpl-579f371f-51d7-44c0-bf7c-5cb5e6cf7bc4/datanode-4/data/ratis/63e47816-0c37-45db-9588-d5300f8c0bf2 has been successfully formatted.
2022-06-24 23:47:27,699 [pool-640-thread-1] INFO  ratis.ContainerStateMachine (ContainerStateMachine.java:loadSnapshot(236)) - group-D5300F8C0BF2: The snapshot info is null. Setting the last applied indexto:(t:0, i:~)
2022-06-24 23:47:27,700 [EventQueue-PipelineReportForPipelineReportHandler] INFO  pipeline.PipelineManagerImpl (PipelineManagerImpl.java:openPipeline(358)) - Pipeline Pipeline[ Id: 63e47816-0c37-45db-9588-d5300f8c0bf2, Nodes: 51490d26-ad7a-4947-a556-931448a53f1d{ip: 10.1.0.24, host: fv-az21-224.v4iizcarkezebbfea14bcgzyke.bx.internal.cloudapp.net, ports: [REPLICATION=45649, RATIS=46001, RATIS_ADMIN=46001, RATIS_SERVER=46001, STANDALONE=44459], networkLocation: /default-rack, certSerialId: null, persistedOpState: IN_SERVICE, persistedOpStateExpiryEpochSec: 0}, ReplicationConfig: RATIS/ONE, State:ALLOCATED, leaderId:51490d26-ad7a-4947-a556-931448a53f1d, CreationTimestamp2022-06-24T23:47:24.700Z[Etc/UTC]] moved to OPEN state
2022-06-24 23:47:27,700 [EventQueue-OpenPipelineForHealthyPipelineSafeModeRule] INFO  safemode.SCMSafeModeManager (HealthyPipelineSafeModeRule.java:process(124)) - SCM in safe mode. Healthy pipelines reported count is 0, required healthy pipeline reported count is 1
2022-06-24 23:47:27,701 [pool-640-thread-1] INFO  server.RaftServerConfigKeys (ConfUtils.java:logGet(46)) - raft.server.notification.no-leader.timeout = 300s (custom)
2022-06-24 23:47:27,701 [pool-640-thread-1] INFO  server.RaftServerConfigKeys (ConfUtils.java:logGet(46)) - raft.server.log.use.memory = false (default)
2022-06-24 23:47:27,701 [pool-640-thread-1] INFO  server.RaftServerConfigKeys (ConfUtils.java:logGet(46)) - raft.server.log.purge.gap = 1000000 (custom)
2022-06-24 23:47:27,701 [pool-640-thread-1] INFO  server.RaftServerConfigKeys (ConfUtils.java:logGet(46)) - raft.server.log.appender.buffer.byte-limit = 33554432 (custom)
2022-06-24 23:47:27,701 [pool-640-thread-1] INFO  server.RaftServerConfigKeys (ConfUtils.java:logGet(46)) - raft.server.log.statemachine.data.read.timeout = 1000ms (default)
2022-06-24 23:47:27,703 [pool-640-thread-1] INFO  server.RaftServerConfigKeys (ConfUtils.java:logGet(46)) - raft.server.log.segment.size.max = 1048576 (custom)
2022-06-24 23:47:27,703 [pool-640-thread-1] INFO  server.RaftServerConfigKeys (ConfUtils.java:logGet(46)) - raft.server.log.segment.cache.num.max = 2 (custom)
2022-06-24 23:47:27,703 [pool-640-thread-1] INFO  server.RaftServerConfigKeys (ConfUtils.java:logGet(46)) - raft.server.log.segment.cache.size.max = 200MB (=209715200) (default)
2022-06-24 23:47:27,703 [pool-640-thread-1] INFO  segmented.SegmentedRaftLogWorker (SegmentedRaftLogWorker.java:<init>(187)) - new 51490d26-ad7a-4947-a556-931448a53f1d@group-D5300F8C0BF2-SegmentedRaftLogWorker for RaftStorageImpl:Storage Directory /home/runner/work/ozone/ozone/hadoop-ozone/integration-test/target/test-dir/MiniOzoneClusterImpl-579f371f-51d7-44c0-bf7c-5cb5e6cf7bc4/datanode-4/data/ratis/63e47816-0c37-45db-9588-d5300f8c0bf2
2022-06-24 23:47:27,703 [pool-640-thread-1] INFO  server.RaftServerConfigKeys (ConfUtils.java:logGet(46)) - raft.server.log.queue.byte-limit = 4294967296 (custom)
2022-06-24 23:47:27,703 [pool-640-thread-1] INFO  server.RaftServerConfigKeys (ConfUtils.java:logGet(46)) - raft.server.log.queue.element-limit = 1024 (custom)
2022-06-24 23:47:27,703 [pool-640-thread-1] INFO  server.RaftServerConfigKeys (ConfUtils.java:logGet(46)) - raft.server.log.segment.size.max = 1048576 (custom)
2022-06-24 23:47:27,704 [pool-640-thread-1] INFO  server.RaftServerConfigKeys (ConfUtils.java:logGet(46)) - raft.server.log.preallocated.size = 16384 (custom)
2022-06-24 23:47:27,704 [pool-640-thread-1] INFO  server.RaftServerConfigKeys (ConfUtils.java:logGet(46)) - raft.server.log.force.sync.num = 128 (default)
2022-06-24 23:47:27,704 [pool-640-thread-1] INFO  server.RaftServerConfigKeys (ConfUtils.java:logGet(46)) - raft.server.log.statemachine.data.sync = true (default)
2022-06-24 23:47:27,704 [pool-640-thread-1] INFO  server.RaftServerConfigKeys (ConfUtils.java:logGet(46)) - raft.server.log.statemachine.data.sync.timeout = 10s (default)
2022-06-24 23:47:27,704 [pool-640-thread-1] INFO  server.RaftServerConfigKeys (ConfUtils.java:logGet(46)) - raft.server.log.statemachine.data.sync.timeout.retry = -1 (default)
2022-06-24 23:47:27,707 [pool-640-thread-1] INFO  server.RaftServerConfigKeys (ConfUtils.java:logGet(46)) - raft.server.log.write.buffer.size = 1048576 (custom)
2022-06-24 23:47:27,708 [pool-640-thread-1] INFO  server.RaftServerConfigKeys (ConfUtils.java:logGet(46)) - raft.server.log.unsafe-flush.enabled = false (default)
2022-06-24 23:47:27,708 [pool-640-thread-1] INFO  server.RaftServerConfigKeys (ConfUtils.java:logGet(46)) - raft.server.log.statemachine.data.caching.enabled = true (custom)
2022-06-24 23:47:27,708 [pool-640-thread-1] INFO  segmented.SegmentedRaftLogWorker (SegmentedRaftLogWorker.java:lambda$new$0(135)) - 51490d26-ad7a-4947-a556-931448a53f1d@group-D5300F8C0BF2-SegmentedRaftLogWorker: flushIndex: setUnconditionally 0 -> -1
2022-06-24 23:47:27,708 [pool-640-thread-1] INFO  segmented.SegmentedRaftLogWorker (SegmentedRaftLogWorker.java:lambda$new$0(135)) - 51490d26-ad7a-4947-a556-931448a53f1d@group-D5300F8C0BF2-SegmentedRaftLogWorker: safeCacheEvictIndex: setUnconditionally 0 -> -1
2022-06-24 23:47:27,719 [pool-640-thread-1] INFO  server.RaftServerConfigKeys (ConfUtils.java:logGet(46)) - raft.server.snapshot.auto.trigger.enabled = true (custom)
2022-06-24 23:47:27,719 [pool-640-thread-1] INFO  server.RaftServerConfigKeys (ConfUtils.java:logGet(46)) - raft.server.snapshot.auto.trigger.threshold = 10000 (custom)
2022-06-24 23:47:27,719 [pool-640-thread-1] INFO  server.RaftServerConfigKeys (ConfUtils.java:logGet(46)) - raft.server.snapshot.retention.file.num = 5 (custom)
2022-06-24 23:47:27,719 [pool-640-thread-1] INFO  server.RaftServerConfigKeys (ConfUtils.java:logGet(46)) - raft.server.log.purge.upto.snapshot.index = false (default)
2022-06-24 23:47:27,719 [pool-640-thread-1] INFO  server.RaftServerConfigKeys (ConfUtils.java:logGet(46)) - raft.server.retrycache.expirytime = 600000ms (custom)
2022-06-24 23:47:27,719 [pool-640-thread-1] INFO  server.RaftServerConfigKeys (ConfUtils.java:logGet(46)) - raft.server.retrycache.statistics.expirytime = 100μs (default)
2022-06-24 23:47:27,720 [pool-640-thread-1] INFO  server.RaftServerConfigKeys (ConfUtils.java:logGet(46)) - raft.server.log.appender.install.snapshot.enabled = false (custom)
2022-06-24 23:47:27,720 [pool-640-thread-1] INFO  server.RaftServerConfigKeys (ConfUtils.java:logGet(46)) - raft.server.threadpool.server.cached = true (default)
2022-06-24 23:47:27,720 [pool-640-thread-1] INFO  server.RaftServerConfigKeys (ConfUtils.java:logGet(46)) - raft.server.threadpool.server.size = 0 (default)
2022-06-24 23:47:27,720 [pool-640-thread-1] INFO  server.RaftServerConfigKeys (ConfUtils.java:logGet(46)) - raft.server.threadpool.client.cached = true (default)
2022-06-24 23:47:27,720 [pool-640-thread-1] INFO  server.RaftServerConfigKeys (ConfUtils.java:logGet(46)) - raft.server.threadpool.client.size = 0 (default)
2022-06-24 23:47:27,720 [pool-640-thread-1] INFO  server.RaftServer$Division (RaftServerImpl.java:start(310)) - 51490d26-ad7a-4947-a556-931448a53f1d@group-D5300F8C0BF2: start as a follower, conf=-1: [51490d26-ad7a-4947-a556-931448a53f1d|rpc:10.1.0.24:46001|priority:1], old=null
2022-06-24 23:47:27,720 [pool-640-thread-1] INFO  server.RaftServer$Division (RaftServerImpl.java:setRole(299)) - 51490d26-ad7a-4947-a556-931448a53f1d@group-D5300F8C0BF2: changes role from      null to FOLLOWER at term 0 for startAsFollower
2022-06-24 23:47:27,721 [pool-640-thread-1] INFO  impl.RoleInfo (RoleInfo.java:updateAndGet(139)) - 51490d26-ad7a-4947-a556-931448a53f1d: start 51490d26-ad7a-4947-a556-931448a53f1d@group-D5300F8C0BF2-FollowerState
2022-06-24 23:47:27,727 [pool-640-thread-1] INFO  util.JmxRegister (JmxRegister.java:tryRegister(44)) - Successfully registered JMX Bean with object name Ratis:service=RaftServer,group=group-D5300F8C0BF2,id=51490d26-ad7a-4947-a556-931448a53f1d
2022-06-24 23:47:27,728 [Command processor thread] INFO  ratis.XceiverServerRatis (XceiverServerRatis.java:addGroup(765)) - Created group PipelineID=63e47816-0c37-45db-9588-d5300f8c0bf2
2022-06-24 23:47:27,728 [Command processor thread] INFO  commandhandler.CreatePipelineCommandHandler (CreatePipelineCommandHandler.java:handle(113)) - Created Pipeline RATIS ONE PipelineID=63e47816-0c37-45db-9588-d5300f8c0bf2.
2022-06-24 23:47:28,660 [Listener at 127.0.0.1/33165] INFO  ozone.MiniOzoneClusterImpl (MiniOzoneClusterImpl.java:lambda$waitForClusterToBeReady$0(223)) - Nodes are ready. Got 5 of 5 DN Heartbeats.
2022-06-24 23:47:28,660 [Listener at 127.0.0.1/33165] INFO  ozone.MiniOzoneClusterImpl (MiniOzoneClusterImpl.java:lambda$waitForClusterToBeReady$0(226)) - Waiting for cluster to exit safe mode
2022-06-24 23:47:28,660 [Listener at 127.0.0.1/33165] INFO  ozone.MiniOzoneClusterImpl (MiniOzoneClusterImpl.java:lambda$waitForClusterToBeReady$0(228)) - SCM became leader
2022-06-24 23:47:29,182 [b721671c-f2e0-4f32-a472-e04e394ae124@group-8D797CAEE693-FollowerState] INFO  impl.FollowerState (FollowerState.java:run(143)) - b721671c-f2e0-4f32-a472-e04e394ae124@group-8D797CAEE693-FollowerState: change to CANDIDATE, lastRpcElapsedTime:5008820043ns, electionTimeout:5005ms
2022-06-24 23:47:29,182 [b721671c-f2e0-4f32-a472-e04e394ae124@group-8D797CAEE693-FollowerState] INFO  impl.RoleInfo (RoleInfo.java:shutdownFollowerState(110)) - b721671c-f2e0-4f32-a472-e04e394ae124: shutdown b721671c-f2e0-4f32-a472-e04e394ae124@group-8D797CAEE693-FollowerState
2022-06-24 23:47:29,182 [b721671c-f2e0-4f32-a472-e04e394ae124@group-8D797CAEE693-FollowerState] INFO  server.RaftServer$Division (RaftServerImpl.java:setRole(299)) - b721671c-f2e0-4f32-a472-e04e394ae124@group-8D797CAEE693: changes role from  FOLLOWER to CANDIDATE at term 0 for changeToCandidate
2022-06-24 23:47:29,182 [b721671c-f2e0-4f32-a472-e04e394ae124@group-8D797CAEE693-FollowerState] INFO  server.RaftServerConfigKeys (ConfUtils.java:logGet(46)) - raft.server.leaderelection.pre-vote = false (custom)
2022-06-24 23:47:29,182 [b721671c-f2e0-4f32-a472-e04e394ae124@group-8D797CAEE693-FollowerState] INFO  impl.RoleInfo (RoleInfo.java:updateAndGet(139)) - b721671c-f2e0-4f32-a472-e04e394ae124: start b721671c-f2e0-4f32-a472-e04e394ae124@group-8D797CAEE693-LeaderElection38
2022-06-24 23:47:29,216 [b721671c-f2e0-4f32-a472-e04e394ae124@group-8D797CAEE693-LeaderElection38] INFO  impl.LeaderElection (LeaderElection.java:askForVotes(310)) - b721671c-f2e0-4f32-a472-e04e394ae124@group-8D797CAEE693-LeaderElection38 ELECTION round 0: submit vote requests at term 1 for -1: [b721671c-f2e0-4f32-a472-e04e394ae124|rpc:10.1.0.24:41813|priority:0, 66188e3b-2de6-4632-9636-fbf530af5e5e|rpc:10.1.0.24:44805|priority:0, 4178a181-7a8b-49ec-906e-515996c40b3d|rpc:10.1.0.24:37729|priority:1], old=null
2022-06-24 23:47:29,251 [grpc-default-executor-0] INFO  server.RaftServer$Division (RaftServerImpl.java:requestVote(1152)) - 4178a181-7a8b-49ec-906e-515996c40b3d@group-8D797CAEE693: receive requestVote(ELECTION, b721671c-f2e0-4f32-a472-e04e394ae124, group-8D797CAEE693, 1, (t:0, i:0))
2022-06-24 23:47:29,251 [grpc-default-executor-0] INFO  impl.VoteContext (VoteContext.java:log(48)) - 4178a181-7a8b-49ec-906e-515996c40b3d@group-8D797CAEE693-FOLLOWER: reject ELECTION from b721671c-f2e0-4f32-a472-e04e394ae124: our priority 1 > candidate's priority 0
2022-06-24 23:47:29,251 [grpc-default-executor-0] INFO  server.RaftServer$Division (RaftServerImpl.java:setRole(299)) - 4178a181-7a8b-49ec-906e-515996c40b3d@group-8D797CAEE693: changes role from  FOLLOWER to FOLLOWER at term 1 for candidate:b721671c-f2e0-4f32-a472-e04e394ae124
2022-06-24 23:47:29,251 [grpc-default-executor-0] INFO  impl.RoleInfo (RoleInfo.java:shutdownFollowerState(110)) - 4178a181-7a8b-49ec-906e-515996c40b3d: shutdown 4178a181-7a8b-49ec-906e-515996c40b3d@group-8D797CAEE693-FollowerState
2022-06-24 23:47:29,251 [grpc-default-executor-0] INFO  impl.RoleInfo (RoleInfo.java:updateAndGet(139)) - 4178a181-7a8b-49ec-906e-515996c40b3d: start 4178a181-7a8b-49ec-906e-515996c40b3d@group-8D797CAEE693-FollowerState
2022-06-24 23:47:29,251 [4178a181-7a8b-49ec-906e-515996c40b3d@group-8D797CAEE693-FollowerState] INFO  impl.FollowerState (FollowerState.java:run(152)) - 4178a181-7a8b-49ec-906e-515996c40b3d@group-8D797CAEE693-FollowerState was interrupted
2022-06-24 23:47:29,261 [grpc-default-executor-0] INFO  server.RaftServer$Division (RaftServerImpl.java:requestVote(1184)) - 4178a181-7a8b-49ec-906e-515996c40b3d@group-8D797CAEE693 replies to ELECTION vote request: b721671c-f2e0-4f32-a472-e04e394ae124<-4178a181-7a8b-49ec-906e-515996c40b3d#0:FAIL-t1. Peer's state: 4178a181-7a8b-49ec-906e-515996c40b3d@group-8D797CAEE693:t1, leader=null, voted=null, raftlog=4178a181-7a8b-49ec-906e-515996c40b3d@group-8D797CAEE693-SegmentedRaftLog:OPENED:c-1, conf=-1: [b721671c-f2e0-4f32-a472-e04e394ae124|rpc:10.1.0.24:41813|dataStream:|priority:0, 66188e3b-2de6-4632-9636-fbf530af5e5e|rpc:10.1.0.24:44805|dataStream:|priority:0, 4178a181-7a8b-49ec-906e-515996c40b3d|rpc:10.1.0.24:37729|dataStream:|priority:1], old=null
2022-06-24 23:47:29,265 [b721671c-f2e0-4f32-a472-e04e394ae124@group-7B346AE8608F-FollowerState] INFO  impl.FollowerState (FollowerState.java:run(143)) - b721671c-f2e0-4f32-a472-e04e394ae124@group-7B346AE8608F-FollowerState: change to CANDIDATE, lastRpcElapsedTime:5148320342ns, electionTimeout:5141ms
2022-06-24 23:47:29,265 [b721671c-f2e0-4f32-a472-e04e394ae124@group-7B346AE8608F-FollowerState] INFO  impl.RoleInfo (RoleInfo.java:shutdownFollowerState(110)) - b721671c-f2e0-4f32-a472-e04e394ae124: shutdown b721671c-f2e0-4f32-a472-e04e394ae124@group-7B346AE8608F-FollowerState
2022-06-24 23:47:29,265 [b721671c-f2e0-4f32-a472-e04e394ae124@group-7B346AE8608F-FollowerState] INFO  server.RaftServer$Division (RaftServerImpl.java:setRole(299)) - b721671c-f2e0-4f32-a472-e04e394ae124@group-7B346AE8608F: changes role from  FOLLOWER to CANDIDATE at term 0 for changeToCandidate
2022-06-24 23:47:29,265 [b721671c-f2e0-4f32-a472-e04e394ae124@group-7B346AE8608F-FollowerState] INFO  server.RaftServerConfigKeys (ConfUtils.java:logGet(46)) - raft.server.leaderelection.pre-vote = false (custom)
2022-06-24 23:47:29,265 [b721671c-f2e0-4f32-a472-e04e394ae124@group-7B346AE8608F-FollowerState] INFO  impl.RoleInfo (RoleInfo.java:updateAndGet(139)) - b721671c-f2e0-4f32-a472-e04e394ae124: start b721671c-f2e0-4f32-a472-e04e394ae124@group-7B346AE8608F-LeaderElection39
2022-06-24 23:47:29,283 [b721671c-f2e0-4f32-a472-e04e394ae124@group-8D797CAEE693-LeaderElection38] INFO  impl.LeaderElection (LeaderElection.java:logAndReturn(90)) - b721671c-f2e0-4f32-a472-e04e394ae124@group-8D797CAEE693-LeaderElection38: ELECTION REJECTED received 1 response(s) and 0 exception(s):
2022-06-24 23:47:29,283 [b721671c-f2e0-4f32-a472-e04e394ae124@group-8D797CAEE693-LeaderElection38] INFO  impl.LeaderElection (LeaderElection.java:logAndReturn(94)) -   Response 0: b721671c-f2e0-4f32-a472-e04e394ae124<-4178a181-7a8b-49ec-906e-515996c40b3d#0:FAIL-t1
2022-06-24 23:47:29,283 [b721671c-f2e0-4f32-a472-e04e394ae124@group-8D797CAEE693-LeaderElection38] INFO  impl.LeaderElection (LeaderElection.java:askForVotes(312)) - b721671c-f2e0-4f32-a472-e04e394ae124@group-8D797CAEE693-LeaderElection38 ELECTION round 0: result REJECTED
2022-06-24 23:47:29,283 [b721671c-f2e0-4f32-a472-e04e394ae124@group-8D797CAEE693-LeaderElection38] INFO  server.RaftServer$Division (RaftServerImpl.java:setRole(299)) - b721671c-f2e0-4f32-a472-e04e394ae124@group-8D797CAEE693: changes role from CANDIDATE to FOLLOWER at term 1 for REJECTED
2022-06-24 23:47:29,283 [b721671c-f2e0-4f32-a472-e04e394ae124@group-8D797CAEE693-LeaderElection38] INFO  impl.RoleInfo (RoleInfo.java:shutdownLeaderElection(130)) - b721671c-f2e0-4f32-a472-e04e394ae124: shutdown b721671c-f2e0-4f32-a472-e04e394ae124@group-8D797CAEE693-LeaderElection38
2022-06-24 23:47:29,283 [b721671c-f2e0-4f32-a472-e04e394ae124@group-8D797CAEE693-LeaderElection38] INFO  impl.RoleInfo (RoleInfo.java:updateAndGet(139)) - b721671c-f2e0-4f32-a472-e04e394ae124: start b721671c-f2e0-4f32-a472-e04e394ae124@group-8D797CAEE693-FollowerState
2022-06-24 23:47:29,336 [grpc-default-executor-0] INFO  server.RaftServer$Division (RaftServerImpl.java:requestVote(1152)) - 66188e3b-2de6-4632-9636-fbf530af5e5e@group-8D797CAEE693: receive requestVote(ELECTION, b721671c-f2e0-4f32-a472-e04e394ae124, group-8D797CAEE693, 1, (t:0, i:0))
2022-06-24 23:47:29,336 [grpc-default-executor-0] INFO  impl.VoteContext (VoteContext.java:log(48)) - 66188e3b-2de6-4632-9636-fbf530af5e5e@group-8D797CAEE693-FOLLOWER: accept ELECTION from b721671c-f2e0-4f32-a472-e04e394ae124: our priority 0 <= candidate's priority 0
2022-06-24 23:47:29,336 [grpc-default-executor-0] INFO  server.RaftServer$Division (RaftServerImpl.java:setRole(299)) - 66188e3b-2de6-4632-9636-fbf530af5e5e@group-8D797CAEE693: changes role from  FOLLOWER to FOLLOWER at term 1 for candidate:b721671c-f2e0-4f32-a472-e04e394ae124
2022-06-24 23:47:29,336 [grpc-default-executor-0] INFO  impl.RoleInfo (RoleInfo.java:shutdownFollowerState(110)) - 66188e3b-2de6-4632-9636-fbf530af5e5e: shutdown 66188e3b-2de6-4632-9636-fbf530af5e5e@group-8D797CAEE693-FollowerState
2022-06-24 23:47:29,336 [66188e3b-2de6-4632-9636-fbf530af5e5e@group-8D797CAEE693-FollowerState] INFO  impl.FollowerState (FollowerState.java:run(152)) - 66188e3b-2de6-4632-9636-fbf530af5e5e@group-8D797CAEE693-FollowerState was interrupted
2022-06-24 23:47:29,337 [grpc-default-executor-0] INFO  impl.RoleInfo (RoleInfo.java:updateAndGet(139)) - 66188e3b-2de6-4632-9636-fbf530af5e5e: start 66188e3b-2de6-4632-9636-fbf530af5e5e@group-8D797CAEE693-FollowerState
2022-06-24 23:47:29,339 [b721671c-f2e0-4f32-a472-e04e394ae124@group-7B346AE8608F-LeaderElection39] INFO  impl.LeaderElection (LeaderElection.java:askForVotes(310)) - b721671c-f2e0-4f32-a472-e04e394ae124@group-7B346AE8608F-LeaderElection39 ELECTION round 0: submit vote requests at term 1 for -1: [b721671c-f2e0-4f32-a472-e04e394ae124|rpc:10.1.0.24:41813|priority:1], old=null
2022-06-24 23:47:29,339 [b721671c-f2e0-4f32-a472-e04e394ae124@group-7B346AE8608F-LeaderElection39] INFO  impl.LeaderElection (LeaderElection.java:askForVotes(312)) - b721671c-f2e0-4f32-a472-e04e394ae124@group-7B346AE8608F-LeaderElection39 ELECTION round 0: result PASSED (term=1)
2022-06-24 23:47:29,339 [b721671c-f2e0-4f32-a472-e04e394ae124@group-7B346AE8608F-LeaderElection39] INFO  impl.RoleInfo (RoleInfo.java:shutdownLeaderElection(130)) - b721671c-f2e0-4f32-a472-e04e394ae124: shutdown b721671c-f2e0-4f32-a472-e04e394ae124@group-7B346AE8608F-LeaderElection39
2022-06-24 23:47:29,339 [b721671c-f2e0-4f32-a472-e04e394ae124@group-7B346AE8608F-LeaderElection39] INFO  server.RaftServer$Division (RaftServerImpl.java:setRole(299)) - b721671c-f2e0-4f32-a472-e04e394ae124@group-7B346AE8608F: changes role from CANDIDATE to LEADER at term 1 for changeToLeader
2022-06-24 23:47:29,339 [b721671c-f2e0-4f32-a472-e04e394ae124@group-7B346AE8608F-LeaderElection39] INFO  ratis.XceiverServerRatis (XceiverServerRatis.java:handleLeaderChangedNotification(863)) - Leader change notification received for group: group-7B346AE8608F with new leaderId: b721671c-f2e0-4f32-a472-e04e394ae124
2022-06-24 23:47:29,350 [b721671c-f2e0-4f32-a472-e04e394ae124@group-7B346AE8608F-LeaderElection39] INFO  server.RaftServer$Division (ServerState.java:setLeader(287)) - b721671c-f2e0-4f32-a472-e04e394ae124@group-7B346AE8608F: change Leader from null to b721671c-f2e0-4f32-a472-e04e394ae124 at term 1 for becomeLeader, leader elected after 5235ms
2022-06-24 23:47:29,350 [b721671c-f2e0-4f32-a472-e04e394ae124@group-7B346AE8608F-LeaderElection39] INFO  server.RaftServerConfigKeys (ConfUtils.java:logGet(46)) - raft.server.staging.catchup.gap = 1000 (default)
2022-06-24 23:47:29,350 [b721671c-f2e0-4f32-a472-e04e394ae124@group-7B346AE8608F-LeaderElection39] INFO  server.RaftServerConfigKeys (ConfUtils.java:logGet(46)) - raft.server.write.element-limit = 1024 (custom)
2022-06-24 23:47:29,350 [b721671c-f2e0-4f32-a472-e04e394ae124@group-7B346AE8608F-LeaderElection39] INFO  server.RaftServerConfigKeys (ConfUtils.java:logGet(46)) - raft.server.write.byte-limit = 1024 M (=1073741824) (custom)
2022-06-24 23:47:29,350 [b721671c-f2e0-4f32-a472-e04e394ae124@group-7B346AE8608F-LeaderElection39] INFO  server.RaftServerConfigKeys (ConfUtils.java:logGet(46)) - raft.server.watch.timeout = 180s (custom)
2022-06-24 23:47:29,350 [b721671c-f2e0-4f32-a472-e04e394ae124@group-7B346AE8608F-LeaderElection39] INFO  server.RaftServerConfigKeys (ConfUtils.java:logGet(46)) - raft.server.watch.timeout.denomination = 1s (default)
2022-06-24 23:47:29,351 [b721671c-f2e0-4f32-a472-e04e394ae124@group-7B346AE8608F-LeaderElection39] INFO  server.RaftServerConfigKeys (ConfUtils.java:logGet(46)) - raft.server.watch.element-limit = 65536 (default)
2022-06-24 23:47:29,351 [b721671c-f2e0-4f32-a472-e04e394ae124@group-7B346AE8608F-LeaderElection39] INFO  server.RaftServerConfigKeys (ConfUtils.java:logGet(46)) - raft.server.write.element-limit = 1024 (custom)
2022-06-24 23:47:29,351 [b721671c-f2e0-4f32-a472-e04e394ae124@group-7B346AE8608F-LeaderElection39] INFO  server.RaftServerConfigKeys (ConfUtils.java:logGet(46)) - raft.server.write.follower.gap.ratio.max = -1.0 (default)
2022-06-24 23:47:29,351 [b721671c-f2e0-4f32-a472-e04e394ae124@group-7B346AE8608F-LeaderElection39] INFO  impl.RoleInfo (RoleInfo.java:updateAndGet(139)) - b721671c-f2e0-4f32-a472-e04e394ae124: start b721671c-f2e0-4f32-a472-e04e394ae124@group-7B346AE8608F-LeaderStateImpl
2022-06-24 23:47:29,351 [b721671c-f2e0-4f32-a472-e04e394ae124@group-7B346AE8608F-LeaderElection39] INFO  segmented.SegmentedRaftLogWorker (SegmentedRaftLogWorker.java:startLogSegment(425)) - b721671c-f2e0-4f32-a472-e04e394ae124@group-7B346AE8608F-SegmentedRaftLogWorker: Starting segment from index:0
2022-06-24 23:47:29,352 [EventQueue-OpenPipelineForHealthyPipelineSafeModeRule] INFO  safemode.SCMSafeModeManager (HealthyPipelineSafeModeRule.java:process(124)) - SCM in safe mode. Healthy pipelines reported count is 0, required healthy pipeline reported count is 1
2022-06-24 23:47:29,353 [grpc-default-executor-0] INFO  server.RaftServer$Division (RaftServerImpl.java:requestVote(1184)) - 66188e3b-2de6-4632-9636-fbf530af5e5e@group-8D797CAEE693 replies to ELECTION vote request: b721671c-f2e0-4f32-a472-e04e394ae124<-66188e3b-2de6-4632-9636-fbf530af5e5e#0:OK-t1. Peer's state: 66188e3b-2de6-4632-9636-fbf530af5e5e@group-8D797CAEE693:t1, leader=null, voted=b721671c-f2e0-4f32-a472-e04e394ae124, raftlog=66188e3b-2de6-4632-9636-fbf530af5e5e@group-8D797CAEE693-SegmentedRaftLog:OPENED:c-1, conf=-1: [b721671c-f2e0-4f32-a472-e04e394ae124|rpc:10.1.0.24:41813|dataStream:|priority:0, 66188e3b-2de6-4632-9636-fbf530af5e5e|rpc:10.1.0.24:44805|dataStream:|priority:0, 4178a181-7a8b-49ec-906e-515996c40b3d|rpc:10.1.0.24:37729|dataStream:|priority:1], old=null
2022-06-24 23:47:29,354 [b721671c-f2e0-4f32-a472-e04e394ae124@group-7B346AE8608F-SegmentedRaftLogWorker] INFO  segmented.SegmentedRaftLogWorker (SegmentedRaftLogWorker.java:execute(629)) - b721671c-f2e0-4f32-a472-e04e394ae124@group-7B346AE8608F-SegmentedRaftLogWorker: created new log segment /home/runner/work/ozone/ozone/hadoop-ozone/integration-test/target/test-dir/MiniOzoneClusterImpl-579f371f-51d7-44c0-bf7c-5cb5e6cf7bc4/datanode-0/data/ratis/cf8ef9aa-2031-403c-acc1-7b346ae8608f/current/log_inprogress_0
2022-06-24 23:47:29,359 [b721671c-f2e0-4f32-a472-e04e394ae124@group-7B346AE8608F-LeaderElection39] INFO  server.RaftServer$Division (ServerState.java:setRaftConf(393)) - b721671c-f2e0-4f32-a472-e04e394ae124@group-7B346AE8608F: set configuration 0: [b721671c-f2e0-4f32-a472-e04e394ae124|rpc:10.1.0.24:41813|dataStream:|priority:1], old=null
2022-06-24 23:47:29,662 [Listener at 127.0.0.1/33165] INFO  ozone.MiniOzoneClusterImpl (MiniOzoneClusterImpl.java:lambda$waitForClusterToBeReady$0(223)) - Nodes are ready. Got 5 of 5 DN Heartbeats.
2022-06-24 23:47:29,662 [Listener at 127.0.0.1/33165] INFO  ozone.MiniOzoneClusterImpl (MiniOzoneClusterImpl.java:lambda$waitForClusterToBeReady$0(226)) - Waiting for cluster to exit safe mode
2022-06-24 23:47:29,663 [Listener at 127.0.0.1/33165] INFO  ozone.MiniOzoneClusterImpl (MiniOzoneClusterImpl.java:lambda$waitForClusterToBeReady$0(228)) - SCM became leader
2022-06-24 23:47:29,680 [66188e3b-2de6-4632-9636-fbf530af5e5e@group-9C7B42EDD3A2-FollowerState] INFO  impl.FollowerState (FollowerState.java:run(143)) - 66188e3b-2de6-4632-9636-fbf530af5e5e@group-9C7B42EDD3A2-FollowerState: change to CANDIDATE, lastRpcElapsedTime:5067793191ns, electionTimeout:5047ms
2022-06-24 23:47:29,681 [66188e3b-2de6-4632-9636-fbf530af5e5e@group-9C7B42EDD3A2-FollowerState] INFO  impl.RoleInfo (RoleInfo.java:shutdownFollowerState(110)) - 66188e3b-2de6-4632-9636-fbf530af5e5e: shutdown 66188e3b-2de6-4632-9636-fbf530af5e5e@group-9C7B42EDD3A2-FollowerState
2022-06-24 23:47:29,681 [66188e3b-2de6-4632-9636-fbf530af5e5e@group-9C7B42EDD3A2-FollowerState] INFO  server.RaftServer$Division (RaftServerImpl.java:setRole(299)) - 66188e3b-2de6-4632-9636-fbf530af5e5e@group-9C7B42EDD3A2: changes role from  FOLLOWER to CANDIDATE at term 0 for changeToCandidate
2022-06-24 23:47:29,681 [66188e3b-2de6-4632-9636-fbf530af5e5e@group-9C7B42EDD3A2-FollowerState] INFO  server.RaftServerConfigKeys (ConfUtils.java:logGet(46)) - raft.server.leaderelection.pre-vote = false (custom)
2022-06-24 23:47:29,681 [66188e3b-2de6-4632-9636-fbf530af5e5e@group-9C7B42EDD3A2-FollowerState] INFO  impl.RoleInfo (RoleInfo.java:updateAndGet(139)) - 66188e3b-2de6-4632-9636-fbf530af5e5e: start 66188e3b-2de6-4632-9636-fbf530af5e5e@group-9C7B42EDD3A2-LeaderElection40
2022-06-24 23:47:29,684 [b721671c-f2e0-4f32-a472-e04e394ae124@group-9C7B42EDD3A2-FollowerState] INFO  impl.FollowerState (FollowerState.java:run(143)) - b721671c-f2e0-4f32-a472-e04e394ae124@group-9C7B42EDD3A2-FollowerState: change to CANDIDATE, lastRpcElapsedTime:5131471958ns, electionTimeout:5130ms
2022-06-24 23:47:29,684 [b721671c-f2e0-4f32-a472-e04e394ae124@group-9C7B42EDD3A2-FollowerState] INFO  impl.RoleInfo (RoleInfo.java:shutdownFollowerState(110)) - b721671c-f2e0-4f32-a472-e04e394ae124: shutdown b721671c-f2e0-4f32-a472-e04e394ae124@group-9C7B42EDD3A2-FollowerState
2022-06-24 23:47:29,684 [b721671c-f2e0-4f32-a472-e04e394ae124@group-9C7B42EDD3A2-FollowerState] INFO  server.RaftServer$Division (RaftServerImpl.java:setRole(299)) - b721671c-f2e0-4f32-a472-e04e394ae124@group-9C7B42EDD3A2: changes role from  FOLLOWER to CANDIDATE at term 0 for changeToCandidate
2022-06-24 23:47:29,692 [b721671c-f2e0-4f32-a472-e04e394ae124@group-9C7B42EDD3A2-FollowerState] INFO  server.RaftServerConfigKeys (ConfUtils.java:logGet(46)) - raft.server.leaderelection.pre-vote = false (custom)
2022-06-24 23:47:29,692 [b721671c-f2e0-4f32-a472-e04e394ae124@group-9C7B42EDD3A2-FollowerState] INFO  impl.RoleInfo (RoleInfo.java:updateAndGet(139)) - b721671c-f2e0-4f32-a472-e04e394ae124: start b721671c-f2e0-4f32-a472-e04e394ae124@group-9C7B42EDD3A2-LeaderElection41
2022-06-24 23:47:29,729 [66188e3b-2de6-4632-9636-fbf530af5e5e@group-9C7B42EDD3A2-LeaderElection40] INFO  impl.LeaderElection (LeaderElection.java:askForVotes(310)) - 66188e3b-2de6-4632-9636-fbf530af5e5e@group-9C7B42EDD3A2-LeaderElection40 ELECTION round 0: submit vote requests at term 1 for -1: [b721671c-f2e0-4f32-a472-e04e394ae124|rpc:10.1.0.24:41813|dataStream:|priority:0, 66188e3b-2de6-4632-9636-fbf530af5e5e|rpc:10.1.0.24:44805|dataStream:|priority:1, 4178a181-7a8b-49ec-906e-515996c40b3d|rpc:10.1.0.24:37729|dataStream:|priority:0], old=null
2022-06-24 23:47:29,729 [b721671c-f2e0-4f32-a472-e04e394ae124@group-9C7B42EDD3A2-LeaderElection41] INFO  impl.LeaderElection (LeaderElection.java:askForVotes(310)) - b721671c-f2e0-4f32-a472-e04e394ae124@group-9C7B42EDD3A2-LeaderElection41 ELECTION round 0: submit vote requests at term 1 for -1: [b721671c-f2e0-4f32-a472-e04e394ae124|rpc:10.1.0.24:41813|priority:0, 66188e3b-2de6-4632-9636-fbf530af5e5e|rpc:10.1.0.24:44805|priority:1, 4178a181-7a8b-49ec-906e-515996c40b3d|rpc:10.1.0.24:37729|priority:0], old=null
2022-06-24 23:47:29,794 [4178a181-7a8b-49ec-906e-515996c40b3d@group-9C7B42EDD3A2-FollowerState] INFO  impl.FollowerState (FollowerState.java:run(143)) - 4178a181-7a8b-49ec-906e-515996c40b3d@group-9C7B42EDD3A2-FollowerState: change to CANDIDATE, lastRpcElapsedTime:5069904514ns, electionTimeout:5065ms
2022-06-24 23:47:29,794 [4178a181-7a8b-49ec-906e-515996c40b3d@group-9C7B42EDD3A2-FollowerState] INFO  impl.RoleInfo (RoleInfo.java:shutdownFollowerState(110)) - 4178a181-7a8b-49ec-906e-515996c40b3d: shutdown 4178a181-7a8b-49ec-906e-515996c40b3d@group-9C7B42EDD3A2-FollowerState
2022-06-24 23:47:29,794 [4178a181-7a8b-49ec-906e-515996c40b3d@group-9C7B42EDD3A2-FollowerState] INFO  server.RaftServer$Division (RaftServerImpl.java:setRole(299)) - 4178a181-7a8b-49ec-906e-515996c40b3d@group-9C7B42EDD3A2: changes role from  FOLLOWER to CANDIDATE at term 0 for changeToCandidate
2022-06-24 23:47:29,797 [4178a181-7a8b-49ec-906e-515996c40b3d@group-9C7B42EDD3A2-FollowerState] INFO  server.RaftServerConfigKeys (ConfUtils.java:logGet(46)) - raft.server.leaderelection.pre-vote = false (custom)
2022-06-24 23:47:29,797 [4178a181-7a8b-49ec-906e-515996c40b3d@group-9C7B42EDD3A2-FollowerState] INFO  impl.RoleInfo (RoleInfo.java:updateAndGet(139)) - 4178a181-7a8b-49ec-906e-515996c40b3d: start 4178a181-7a8b-49ec-906e-515996c40b3d@group-9C7B42EDD3A2-LeaderElection42
2022-06-24 23:47:29,803 [grpc-default-executor-0] INFO  server.RaftServer$Division (RaftServerImpl.java:requestVote(1152)) - 4178a181-7a8b-49ec-906e-515996c40b3d@group-9C7B42EDD3A2: receive requestVote(ELECTION, 66188e3b-2de6-4632-9636-fbf530af5e5e, group-9C7B42EDD3A2, 1, (t:0, i:0))
2022-06-24 23:47:29,803 [grpc-default-executor-1] INFO  server.RaftServer$Division (RaftServerImpl.java:requestVote(1152)) - b721671c-f2e0-4f32-a472-e04e394ae124@group-9C7B42EDD3A2: receive requestVote(ELECTION, 66188e3b-2de6-4632-9636-fbf530af5e5e, group-9C7B42EDD3A2, 1, (t:0, i:0))
2022-06-24 23:47:29,803 [grpc-default-executor-1] INFO  impl.VoteContext (VoteContext.java:log(48)) - b721671c-f2e0-4f32-a472-e04e394ae124@group-9C7B42EDD3A2-CANDIDATE: reject ELECTION from 66188e3b-2de6-4632-9636-fbf530af5e5e: already has voted for b721671c-f2e0-4f32-a472-e04e394ae124 at current term 1
2022-06-24 23:47:29,803 [grpc-default-executor-1] INFO  server.RaftServer$Division (RaftServerImpl.java:requestVote(1184)) - b721671c-f2e0-4f32-a472-e04e394ae124@group-9C7B42EDD3A2 replies to ELECTION vote request: 66188e3b-2de6-4632-9636-fbf530af5e5e<-b721671c-f2e0-4f32-a472-e04e394ae124#0:FAIL-t1. Peer's state: b721671c-f2e0-4f32-a472-e04e394ae124@group-9C7B42EDD3A2:t1, leader=null, voted=b721671c-f2e0-4f32-a472-e04e394ae124, raftlog=b721671c-f2e0-4f32-a472-e04e394ae124@group-9C7B42EDD3A2-SegmentedRaftLog:OPENED:c-1, conf=-1: [b721671c-f2e0-4f32-a472-e04e394ae124|rpc:10.1.0.24:41813|priority:0, 66188e3b-2de6-4632-9636-fbf530af5e5e|rpc:10.1.0.24:44805|priority:1, 4178a181-7a8b-49ec-906e-515996c40b3d|rpc:10.1.0.24:37729|priority:0], old=null
2022-06-24 23:47:29,827 [grpc-default-executor-0] INFO  impl.VoteContext (VoteContext.java:log(48)) - 4178a181-7a8b-49ec-906e-515996c40b3d@group-9C7B42EDD3A2-CANDIDATE: accept ELECTION from 66188e3b-2de6-4632-9636-fbf530af5e5e: our priority 0 <= candidate's priority 1
2022-06-24 23:47:29,828 [grpc-default-executor-2] INFO  server.RaftServer$Division (RaftServerImpl.java:requestVote(1152)) - 66188e3b-2de6-4632-9636-fbf530af5e5e@group-9C7B42EDD3A2: receive requestVote(ELECTION, b721671c-f2e0-4f32-a472-e04e394ae124, group-9C7B42EDD3A2, 1, (t:0, i:0))
2022-06-24 23:47:29,832 [grpc-default-executor-2] INFO  impl.VoteContext (VoteContext.java:log(48)) - 66188e3b-2de6-4632-9636-fbf530af5e5e@group-9C7B42EDD3A2-CANDIDATE: reject ELECTION from b721671c-f2e0-4f32-a472-e04e394ae124: already has voted for 66188e3b-2de6-4632-9636-fbf530af5e5e at current term 1
2022-06-24 23:47:29,832 [grpc-default-executor-2] INFO  server.RaftServer$Division (RaftServerImpl.java:requestVote(1184)) - 66188e3b-2de6-4632-9636-fbf530af5e5e@group-9C7B42EDD3A2 replies to ELECTION vote request: b721671c-f2e0-4f32-a472-e04e394ae124<-66188e3b-2de6-4632-9636-fbf530af5e5e#0:FAIL-t1. Peer's state: 66188e3b-2de6-4632-9636-fbf530af5e5e@group-9C7B42EDD3A2:t1, leader=null, voted=66188e3b-2de6-4632-9636-fbf530af5e5e, raftlog=66188e3b-2de6-4632-9636-fbf530af5e5e@group-9C7B42EDD3A2-SegmentedRaftLog:OPENED:c-1, conf=-1: [b721671c-f2e0-4f32-a472-e04e394ae124|rpc:10.1.0.24:41813|dataStream:|priority:0, 66188e3b-2de6-4632-9636-fbf530af5e5e|rpc:10.1.0.24:44805|dataStream:|priority:1, 4178a181-7a8b-49ec-906e-515996c40b3d|rpc:10.1.0.24:37729|dataStream:|priority:0], old=null
2022-06-24 23:47:29,832 [b721671c-f2e0-4f32-a472-e04e394ae124@group-9C7B42EDD3A2-LeaderElection41] INFO  impl.LeaderElection (LeaderElection.java:logAndReturn(90)) - b721671c-f2e0-4f32-a472-e04e394ae124@group-9C7B42EDD3A2-LeaderElection41: ELECTION REJECTED received 1 response(s) and 0 exception(s):
2022-06-24 23:47:29,833 [b721671c-f2e0-4f32-a472-e04e394ae124@group-9C7B42EDD3A2-LeaderElection41] INFO  impl.LeaderElection (LeaderElection.java:logAndReturn(94)) -   Response 0: b721671c-f2e0-4f32-a472-e04e394ae124<-66188e3b-2de6-4632-9636-fbf530af5e5e#0:FAIL-t1
2022-06-24 23:47:29,833 [b721671c-f2e0-4f32-a472-e04e394ae124@group-9C7B42EDD3A2-LeaderElection41] INFO  impl.LeaderElection (LeaderElection.java:askForVotes(312)) - b721671c-f2e0-4f32-a472-e04e394ae124@group-9C7B42EDD3A2-LeaderElection41 ELECTION round 0: result REJECTED
2022-06-24 23:47:29,833 [b721671c-f2e0-4f32-a472-e04e394ae124@group-9C7B42EDD3A2-LeaderElection41] INFO  server.RaftServer$Division (RaftServerImpl.java:setRole(299)) - b721671c-f2e0-4f32-a472-e04e394ae124@group-9C7B42EDD3A2: changes role from CANDIDATE to FOLLOWER at term 1 for REJECTED
2022-06-24 23:47:29,833 [b721671c-f2e0-4f32-a472-e04e394ae124@group-9C7B42EDD3A2-LeaderElection41] INFO  impl.RoleInfo (RoleInfo.java:shutdownLeaderElection(130)) - b721671c-f2e0-4f32-a472-e04e394ae124: shutdown b721671c-f2e0-4f32-a472-e04e394ae124@group-9C7B42EDD3A2-LeaderElection41
2022-06-24 23:47:29,833 [b721671c-f2e0-4f32-a472-e04e394ae124@group-9C7B42EDD3A2-LeaderElection41] INFO  impl.RoleInfo (RoleInfo.java:updateAndGet(139)) - b721671c-f2e0-4f32-a472-e04e394ae124: start b721671c-f2e0-4f32-a472-e04e394ae124@group-9C7B42EDD3A2-FollowerState
2022-06-24 23:47:29,833 [grpc-default-executor-1] INFO  server.RaftServer$Division (RaftServerImpl.java:requestVote(1152)) - 4178a181-7a8b-49ec-906e-515996c40b3d@group-9C7B42EDD3A2: receive requestVote(ELECTION, b721671c-f2e0-4f32-a472-e04e394ae124, group-9C7B42EDD3A2, 1, (t:0, i:0))
2022-06-24 23:47:29,828 [grpc-default-executor-0] INFO  server.RaftServer$Division (RaftServerImpl.java:setRole(299)) - 4178a181-7a8b-49ec-906e-515996c40b3d@group-9C7B42EDD3A2: changes role from CANDIDATE to FOLLOWER at term 1 for candidate:66188e3b-2de6-4632-9636-fbf530af5e5e
2022-06-24 23:47:29,851 [grpc-default-executor-0] INFO  impl.RoleInfo (RoleInfo.java:shutdownLeaderElection(130)) - 4178a181-7a8b-49ec-906e-515996c40b3d: shutdown 4178a181-7a8b-49ec-906e-515996c40b3d@group-9C7B42EDD3A2-LeaderElection42
2022-06-24 23:47:29,851 [grpc-default-executor-0] INFO  impl.RoleInfo (RoleInfo.java:updateAndGet(139)) - 4178a181-7a8b-49ec-906e-515996c40b3d: start 4178a181-7a8b-49ec-906e-515996c40b3d@group-9C7B42EDD3A2-FollowerState
2022-06-24 23:47:29,853 [grpc-default-executor-0] INFO  server.RaftServer$Division (RaftServerImpl.java:requestVote(1184)) - 4178a181-7a8b-49ec-906e-515996c40b3d@group-9C7B42EDD3A2 replies to ELECTION vote request: 66188e3b-2de6-4632-9636-fbf530af5e5e<-4178a181-7a8b-49ec-906e-515996c40b3d#0:OK-t1. Peer's state: 4178a181-7a8b-49ec-906e-515996c40b3d@group-9C7B42EDD3A2:t1, leader=null, voted=66188e3b-2de6-4632-9636-fbf530af5e5e, raftlog=4178a181-7a8b-49ec-906e-515996c40b3d@group-9C7B42EDD3A2-SegmentedRaftLog:OPENED:c-1, conf=-1: [b721671c-f2e0-4f32-a472-e04e394ae124|rpc:10.1.0.24:41813|dataStream:|priority:0, 66188e3b-2de6-4632-9636-fbf530af5e5e|rpc:10.1.0.24:44805|dataStream:|priority:1, 4178a181-7a8b-49ec-906e-515996c40b3d|rpc:10.1.0.24:37729|dataStream:|priority:0], old=null
2022-06-24 23:47:29,853 [grpc-default-executor-1] INFO  impl.VoteContext (VoteContext.java:log(48)) - 4178a181-7a8b-49ec-906e-515996c40b3d@group-9C7B42EDD3A2-FOLLOWER: reject ELECTION from b721671c-f2e0-4f32-a472-e04e394ae124: already has voted for 66188e3b-2de6-4632-9636-fbf530af5e5e at current term 1
2022-06-24 23:47:29,853 [grpc-default-executor-1] INFO  server.RaftServer$Division (RaftServerImpl.java:requestVote(1184)) - 4178a181-7a8b-49ec-906e-515996c40b3d@group-9C7B42EDD3A2 replies to ELECTION vote request: b721671c-f2e0-4f32-a472-e04e394ae124<-4178a181-7a8b-49ec-906e-515996c40b3d#0:FAIL-t1. Peer's state: 4178a181-7a8b-49ec-906e-515996c40b3d@group-9C7B42EDD3A2:t1, leader=null, voted=66188e3b-2de6-4632-9636-fbf530af5e5e, raftlog=4178a181-7a8b-49ec-906e-515996c40b3d@group-9C7B42EDD3A2-SegmentedRaftLog:OPENED:c-1, conf=-1: [b721671c-f2e0-4f32-a472-e04e394ae124|rpc:10.1.0.24:41813|dataStream:|priority:0, 66188e3b-2de6-4632-9636-fbf530af5e5e|rpc:10.1.0.24:44805|dataStream:|priority:1, 4178a181-7a8b-49ec-906e-515996c40b3d|rpc:10.1.0.24:37729|dataStream:|priority:0], old=null
2022-06-24 23:47:29,880 [66188e3b-2de6-4632-9636-fbf530af5e5e@group-9C7B42EDD3A2-LeaderElection40] INFO  impl.LeaderElection (LeaderElection.java:logAndReturn(90)) - 66188e3b-2de6-4632-9636-fbf530af5e5e@group-9C7B42EDD3A2-LeaderElection40: ELECTION PASSED received 2 response(s) and 0 exception(s):
2022-06-24 23:47:29,880 [66188e3b-2de6-4632-9636-fbf530af5e5e@group-9C7B42EDD3A2-LeaderElection40] INFO  impl.LeaderElection (LeaderElection.java:logAndReturn(94)) -   Response 0: 66188e3b-2de6-4632-9636-fbf530af5e5e<-b721671c-f2e0-4f32-a472-e04e394ae124#0:FAIL-t1
2022-06-24 23:47:29,881 [66188e3b-2de6-4632-9636-fbf530af5e5e@group-9C7B42EDD3A2-LeaderElection40] INFO  impl.LeaderElection (LeaderElection.java:logAndReturn(94)) -   Response 1: 66188e3b-2de6-4632-9636-fbf530af5e5e<-4178a181-7a8b-49ec-906e-515996c40b3d#0:OK-t1
2022-06-24 23:47:29,881 [66188e3b-2de6-4632-9636-fbf530af5e5e@group-9C7B42EDD3A2-LeaderElection40] INFO  impl.LeaderElection (LeaderElection.java:askForVotes(312)) - 66188e3b-2de6-4632-9636-fbf530af5e5e@group-9C7B42EDD3A2-LeaderElection40 ELECTION round 0: result PASSED
2022-06-24 23:47:29,881 [66188e3b-2de6-4632-9636-fbf530af5e5e@group-9C7B42EDD3A2-LeaderElection40] INFO  impl.RoleInfo (RoleInfo.java:shutdownLeaderElection(130)) - 66188e3b-2de6-4632-9636-fbf530af5e5e: shutdown 66188e3b-2de6-4632-9636-fbf530af5e5e@group-9C7B42EDD3A2-LeaderElection40
2022-06-24 23:47:29,881 [66188e3b-2de6-4632-9636-fbf530af5e5e@group-9C7B42EDD3A2-LeaderElection40] INFO  server.RaftServer$Division (RaftServerImpl.java:setRole(299)) - 66188e3b-2de6-4632-9636-fbf530af5e5e@group-9C7B42EDD3A2: changes role from CANDIDATE to LEADER at term 1 for changeToLeader
2022-06-24 23:47:29,881 [66188e3b-2de6-4632-9636-fbf530af5e5e@group-9C7B42EDD3A2-LeaderElection40] INFO  ratis.XceiverServerRatis (XceiverServerRatis.java:handleLeaderChangedNotification(863)) - Leader change notification received for group: group-9C7B42EDD3A2 with new leaderId: 66188e3b-2de6-4632-9636-fbf530af5e5e
2022-06-24 23:47:29,881 [66188e3b-2de6-4632-9636-fbf530af5e5e@group-9C7B42EDD3A2-LeaderElection40] INFO  server.RaftServer$Division (ServerState.java:setLeader(287)) - 66188e3b-2de6-4632-9636-fbf530af5e5e@group-9C7B42EDD3A2: change Leader from null to 66188e3b-2de6-4632-9636-fbf530af5e5e at term 1 for becomeLeader, leader elected after 5281ms
2022-06-24 23:47:29,881 [66188e3b-2de6-4632-9636-fbf530af5e5e@group-9C7B42EDD3A2-LeaderElection40] INFO  server.RaftServerConfigKeys (ConfUtils.java:logGet(46)) - raft.server.staging.catchup.gap = 1000 (default)
2022-06-24 23:47:29,881 [66188e3b-2de6-4632-9636-fbf530af5e5e@group-9C7B42EDD3A2-LeaderElection40] INFO  server.RaftServerConfigKeys (ConfUtils.java:logGet(46)) - raft.server.write.element-limit = 1024 (custom)
2022-06-24 23:47:29,881 [66188e3b-2de6-4632-9636-fbf530af5e5e@group-9C7B42EDD3A2-LeaderElection40] INFO  server.RaftServerConfigKeys (ConfUtils.java:logGet(46)) - raft.server.write.byte-limit = 1024 M (=1073741824) (custom)
2022-06-24 23:47:29,881 [66188e3b-2de6-4632-9636-fbf530af5e5e@group-9C7B42EDD3A2-LeaderElection40] INFO  server.RaftServerConfigKeys (ConfUtils.java:logGet(46)) - raft.server.watch.timeout = 180s (custom)
2022-06-24 23:47:29,881 [66188e3b-2de6-4632-9636-fbf530af5e5e@group-9C7B42EDD3A2-LeaderElection40] INFO  server.RaftServerConfigKeys (ConfUtils.java:logGet(46)) - raft.server.watch.timeout.denomination = 1s (default)
2022-06-24 23:47:29,882 [66188e3b-2de6-4632-9636-fbf530af5e5e@group-9C7B42EDD3A2-LeaderElection40] INFO  server.RaftServerConfigKeys (ConfUtils.java:logGet(46)) - raft.server.watch.element-limit = 65536 (default)
2022-06-24 23:47:29,882 [66188e3b-2de6-4632-9636-fbf530af5e5e@group-9C7B42EDD3A2-LeaderElection40] INFO  server.RaftServerConfigKeys (ConfUtils.java:logGet(46)) - raft.server.write.element-limit = 1024 (custom)
2022-06-24 23:47:29,882 [66188e3b-2de6-4632-9636-fbf530af5e5e@group-9C7B42EDD3A2-LeaderElection40] INFO  server.RaftServerConfigKeys (ConfUtils.java:logGet(46)) - raft.server.write.follower.gap.ratio.max = -1.0 (default)
2022-06-24 23:47:29,882 [66188e3b-2de6-4632-9636-fbf530af5e5e@group-9C7B42EDD3A2-LeaderElection40] INFO  server.RaftServerConfigKeys (ConfUtils.java:logGet(46)) - raft.server.log.appender.snapshot.chunk.size.max = 16MB (=16777216) (default)
2022-06-24 23:47:29,882 [66188e3b-2de6-4632-9636-fbf530af5e5e@group-9C7B42EDD3A2-LeaderElection40] INFO  server.RaftServerConfigKeys (ConfUtils.java:logGet(46)) - raft.server.log.appender.buffer.byte-limit = 33554432 (custom)
2022-06-24 23:47:29,882 [66188e3b-2de6-4632-9636-fbf530af5e5e@group-9C7B42EDD3A2-LeaderElection40] INFO  server.RaftServerConfigKeys (ConfUtils.java:logGet(46)) - raft.server.log.appender.buffer.element-limit = 1 (custom)
2022-06-24 23:47:29,882 [66188e3b-2de6-4632-9636-fbf530af5e5e@group-9C7B42EDD3A2-LeaderElection40] INFO  grpc.GrpcConfigKeys (ConfUtils.java:logGet(46)) - raft.grpc.server.leader.outstanding.appends.max = 128 (default)
2022-06-24 23:47:29,883 [66188e3b-2de6-4632-9636-fbf530af5e5e@group-9C7B42EDD3A2-LeaderElection40] INFO  server.RaftServerConfigKeys (ConfUtils.java:logGet(46)) - raft.server.rpc.request.timeout = 60s (custom)
2022-06-24 23:47:29,883 [66188e3b-2de6-4632-9636-fbf530af5e5e@group-9C7B42EDD3A2-LeaderElection40] INFO  server.RaftServerConfigKeys (ConfUtils.java:logGet(46)) - raft.server.log.appender.install.snapshot.enabled = false (custom)
2022-06-24 23:47:29,883 [EventQueue-PipelineReportForPipelineReportHandler] INFO  pipeline.PipelineManagerImpl (PipelineManagerImpl.java:openPipeline(358)) - Pipeline Pipeline[ Id: 5743b342-640f-4931-9abd-9c7b42edd3a2, Nodes: b721671c-f2e0-4f32-a472-e04e394ae124{ip: 10.1.0.24, host: fv-az21-224.v4iizcarkezebbfea14bcgzyke.bx.internal.cloudapp.net, ports: [REPLICATION=36737, RATIS=41813, RATIS_ADMIN=41813, RATIS_SERVER=41813, STANDALONE=43985], networkLocation: /default-rack, certSerialId: null, persistedOpState: IN_SERVICE, persistedOpStateExpiryEpochSec: 0}66188e3b-2de6-4632-9636-fbf530af5e5e{ip: 10.1.0.24, host: fv-az21-224.v4iizcarkezebbfea14bcgzyke.bx.internal.cloudapp.net, ports: [REPLICATION=43265, RATIS=44805, RATIS_ADMIN=44805, RATIS_SERVER=44805, STANDALONE=44845], networkLocation: /default-rack, certSerialId: null, persistedOpState: IN_SERVICE, persistedOpStateExpiryEpochSec: 0}4178a181-7a8b-49ec-906e-515996c40b3d{ip: 10.1.0.24, host: fv-az21-224.v4iizcarkezebbfea14bcgzyke.bx.internal.cloudapp.net, ports: [REPLICATION=44005, RATIS=37729, RATIS_ADMIN=37729, RATIS_SERVER=37729, STANDALONE=34841], networkLocation: /default-rack, certSerialId: null, persistedOpState: IN_SERVICE, persistedOpStateExpiryEpochSec: 0}, ReplicationConfig: RATIS/THREE, State:ALLOCATED, leaderId:66188e3b-2de6-4632-9636-fbf530af5e5e, CreationTimestamp2022-06-24T23:47:22.625Z[Etc/UTC]] moved to OPEN state
2022-06-24 23:47:29,884 [EventQueue-OpenPipelineForHealthyPipelineSafeModeRule] INFO  safemode.SCMSafeModeManager (HealthyPipelineSafeModeRule.java:process(124)) - SCM in safe mode. Healthy pipelines reported count is 1, required healthy pipeline reported count is 1
2022-06-24 23:47:29,884 [EventQueue-OpenPipelineForHealthyPipelineSafeModeRule] INFO  safemode.SCMSafeModeManager (SCMSafeModeManager.java:validateSafeModeExitRules(204)) - HealthyPipelineSafeModeRule rule is successfully validated
2022-06-24 23:47:29,884 [EventQueue-OpenPipelineForHealthyPipelineSafeModeRule] INFO  safemode.SCMSafeModeManager (SCMSafeModeManager.java:validateSafeModeExitRules(219)) - ScmSafeModeManager, all rules are successfully validated
2022-06-24 23:47:29,884 [EventQueue-OpenPipelineForHealthyPipelineSafeModeRule] INFO  safemode.SCMSafeModeManager (SCMSafeModeManager.java:exitSafeMode(248)) - SCM exiting safe mode.
2022-06-24 23:47:29,884 [EventQueue-OpenPipelineForHealthyPipelineSafeModeRule] WARN  events.EventQueue (EventQueue.java:fireEvent(216)) - No event handler registered for event TypedEvent{payloadType=SafeModeStatus, name='Safe mode status'}
2022-06-24 23:47:29,884 [EventQueue-OpenPipelineForHealthyPipelineSafeModeRule] INFO  ha.SCMContext (SCMContext.java:updateSafeModeStatus(228)) - Update SafeModeStatus from SafeModeStatus{safeModeStatus=true, preCheckPassed=true} to SafeModeStatus{safeModeStatus=false, preCheckPassed=true}.
2022-06-24 23:47:29,884 [EventQueue-OpenPipelineForHealthyPipelineSafeModeRule] INFO  pipeline.BackgroundPipelineCreator (BackgroundPipelineCreator.java:notifyStatusChanged(253)) - Service BackgroundPipelineCreator transitions to RUNNING.
2022-06-24 23:47:29,884 [EventQueue-OpenPipelineForHealthyPipelineSafeModeRule] INFO  BackgroundPipelineScrubber (BackgroundSCMService.java:notifyStatusChanged(82)) - Service BackgroundPipelineScrubber transitions to RUNNING.
2022-06-24 23:47:29,884 [EventQueue-OpenPipelineForHealthyPipelineSafeModeRule] INFO  ExpiredContainerReplicaOpScrubber (BackgroundSCMService.java:notifyStatusChanged(82)) - Service ExpiredContainerReplicaOpScrubber transitions to RUNNING.
2022-06-24 23:47:29,884 [EventQueue-OpenPipelineForHealthyPipelineSafeModeRule] INFO  replication.ReplicationManager (ReplicationManager.java:notifyStatusChanged(372)) - Service ReplicationManager transitions to RUNNING.
2022-06-24 23:47:29,884 [EventQueue-OpenPipelineForHealthyPipelineSafeModeRule] WARN  balancer.ContainerBalancer (ContainerBalancer.java:shouldRun(875)) - Could not find persisted configuration for ContainerBalancer when checking if ContainerBalancer should run. ContainerBalancer should not run now.
2022-06-24 23:47:29,884 [66188e3b-2de6-4632-9636-fbf530af5e5e@group-9C7B42EDD3A2-LeaderElection40] INFO  server.RaftServerConfigKeys (ConfUtils.java:logGet(46)) - raft.server.log.appender.snapshot.chunk.size.max = 16MB (=16777216) (default)
2022-06-24 23:47:29,885 [66188e3b-2de6-4632-9636-fbf530af5e5e@group-9C7B42EDD3A2-LeaderElection40] INFO  server.RaftServerConfigKeys (ConfUtils.java:logGet(46)) - raft.server.log.appender.buffer.byte-limit = 33554432 (custom)
2022-06-24 23:47:29,885 [66188e3b-2de6-4632-9636-fbf530af5e5e@group-9C7B42EDD3A2-LeaderElection40] INFO  server.RaftServerConfigKeys (ConfUtils.java:logGet(46)) - raft.server.log.appender.buffer.element-limit = 1 (custom)
2022-06-24 23:47:29,885 [66188e3b-2de6-4632-9636-fbf530af5e5e@group-9C7B42EDD3A2-LeaderElection40] INFO  grpc.GrpcConfigKeys (ConfUtils.java:logGet(46)) - raft.grpc.server.leader.outstanding.appends.max = 128 (default)
2022-06-24 23:47:29,885 [66188e3b-2de6-4632-9636-fbf530af5e5e@group-9C7B42EDD3A2-LeaderElection40] INFO  server.RaftServerConfigKeys (ConfUtils.java:logGet(46)) - raft.server.rpc.request.timeout = 60s (custom)
2022-06-24 23:47:29,885 [66188e3b-2de6-4632-9636-fbf530af5e5e@group-9C7B42EDD3A2-LeaderElection40] INFO  server.RaftServerConfigKeys (ConfUtils.java:logGet(46)) - raft.server.log.appender.install.snapshot.enabled = false (custom)
2022-06-24 23:47:29,885 [66188e3b-2de6-4632-9636-fbf530af5e5e@group-9C7B42EDD3A2-LeaderElection40] INFO  impl.RoleInfo (RoleInfo.java:updateAndGet(139)) - 66188e3b-2de6-4632-9636-fbf530af5e5e: start 66188e3b-2de6-4632-9636-fbf530af5e5e@group-9C7B42EDD3A2-LeaderStateImpl
2022-06-24 23:47:29,885 [66188e3b-2de6-4632-9636-fbf530af5e5e@group-9C7B42EDD3A2-LeaderElection40] INFO  segmented.SegmentedRaftLogWorker (SegmentedRaftLogWorker.java:startLogSegment(425)) - 66188e3b-2de6-4632-9636-fbf530af5e5e@group-9C7B42EDD3A2-SegmentedRaftLogWorker: Starting segment from index:0
2022-06-24 23:47:29,887 [66188e3b-2de6-4632-9636-fbf530af5e5e@group-9C7B42EDD3A2-SegmentedRaftLogWorker] INFO  segmented.SegmentedRaftLogWorker (SegmentedRaftLogWorker.java:execute(629)) - 66188e3b-2de6-4632-9636-fbf530af5e5e@group-9C7B42EDD3A2-SegmentedRaftLogWorker: created new log segment /home/runner/work/ozone/ozone/hadoop-ozone/integration-test/target/test-dir/MiniOzoneClusterImpl-579f371f-51d7-44c0-bf7c-5cb5e6cf7bc4/datanode-1/data/ratis/5743b342-640f-4931-9abd-9c7b42edd3a2/current/log_inprogress_0
2022-06-24 23:47:29,892 [66188e3b-2de6-4632-9636-fbf530af5e5e@group-9C7B42EDD3A2-LeaderElection40] INFO  server.RaftServer$Division (ServerState.java:setRaftConf(393)) - 66188e3b-2de6-4632-9636-fbf530af5e5e@group-9C7B42EDD3A2: set configuration 0: [b721671c-f2e0-4f32-a472-e04e394ae124|rpc:10.1.0.24:41813|dataStream:|priority:0, 66188e3b-2de6-4632-9636-fbf530af5e5e|rpc:10.1.0.24:44805|dataStream:|priority:1, 4178a181-7a8b-49ec-906e-515996c40b3d|rpc:10.1.0.24:37729|dataStream:|priority:0], old=null
2022-06-24 23:47:29,923 [4178a181-7a8b-49ec-906e-515996c40b3d-server-thread1] INFO  ratis.XceiverServerRatis (XceiverServerRatis.java:handleLeaderChangedNotification(863)) - Leader change notification received for group: group-9C7B42EDD3A2 with new leaderId: 66188e3b-2de6-4632-9636-fbf530af5e5e
2022-06-24 23:47:29,923 [4178a181-7a8b-49ec-906e-515996c40b3d-server-thread1] INFO  server.RaftServer$Division (ServerState.java:setLeader(287)) - 4178a181-7a8b-49ec-906e-515996c40b3d@group-9C7B42EDD3A2: change Leader from null to 66188e3b-2de6-4632-9636-fbf530af5e5e at term 1 for appendEntries, leader elected after 5204ms
2022-06-24 23:47:29,932 [b721671c-f2e0-4f32-a472-e04e394ae124-server-thread1] INFO  ratis.XceiverServerRatis (XceiverServerRatis.java:handleLeaderChangedNotification(863)) - Leader change notification received for group: group-9C7B42EDD3A2 with new leaderId: 66188e3b-2de6-4632-9636-fbf530af5e5e
2022-06-24 23:47:29,932 [b721671c-f2e0-4f32-a472-e04e394ae124-server-thread1] INFO  server.RaftServer$Division (ServerState.java:setLeader(287)) - b721671c-f2e0-4f32-a472-e04e394ae124@group-9C7B42EDD3A2: change Leader from null to 66188e3b-2de6-4632-9636-fbf530af5e5e at term 1 for appendEntries, leader elected after 5398ms
2022-06-24 23:47:29,941 [4178a181-7a8b-49ec-906e-515996c40b3d-server-thread1] INFO  server.RaftServer$Division (ServerState.java:setRaftConf(393)) - 4178a181-7a8b-49ec-906e-515996c40b3d@group-9C7B42EDD3A2: set configuration 0: [b721671c-f2e0-4f32-a472-e04e394ae124|rpc:10.1.0.24:41813|dataStream:|priority:0, 66188e3b-2de6-4632-9636-fbf530af5e5e|rpc:10.1.0.24:44805|dataStream:|priority:1, 4178a181-7a8b-49ec-906e-515996c40b3d|rpc:10.1.0.24:37729|dataStream:|priority:0], old=null
2022-06-24 23:47:29,941 [4178a181-7a8b-49ec-906e-515996c40b3d-server-thread1] INFO  segmented.SegmentedRaftLogWorker (SegmentedRaftLogWorker.java:startLogSegment(425)) - 4178a181-7a8b-49ec-906e-515996c40b3d@group-9C7B42EDD3A2-SegmentedRaftLogWorker: Starting segment from index:0
2022-06-24 23:47:29,942 [4178a181-7a8b-49ec-906e-515996c40b3d@group-9C7B42EDD3A2-SegmentedRaftLogWorker] INFO  segmented.SegmentedRaftLogWorker (SegmentedRaftLogWorker.java:execute(629)) - 4178a181-7a8b-49ec-906e-515996c40b3d@group-9C7B42EDD3A2-SegmentedRaftLogWorker: created new log segment /home/runner/work/ozone/ozone/hadoop-ozone/integration-test/target/test-dir/MiniOzoneClusterImpl-579f371f-51d7-44c0-bf7c-5cb5e6cf7bc4/datanode-2/data/ratis/5743b342-640f-4931-9abd-9c7b42edd3a2/current/log_inprogress_0
2022-06-24 23:47:29,962 [66188e3b-2de6-4632-9636-fbf530af5e5e@group-4B049B5241B0-FollowerState] INFO  impl.FollowerState (FollowerState.java:run(143)) - 66188e3b-2de6-4632-9636-fbf530af5e5e@group-4B049B5241B0-FollowerState: change to CANDIDATE, lastRpcElapsedTime:5012531153ns, electionTimeout:5009ms
2022-06-24 23:47:29,962 [66188e3b-2de6-4632-9636-fbf530af5e5e@group-4B049B5241B0-FollowerState] INFO  impl.RoleInfo (RoleInfo.java:shutdownFollowerState(110)) - 66188e3b-2de6-4632-9636-fbf530af5e5e: shutdown 66188e3b-2de6-4632-9636-fbf530af5e5e@group-4B049B5241B0-FollowerState
2022-06-24 23:47:29,962 [66188e3b-2de6-4632-9636-fbf530af5e5e@group-4B049B5241B0-FollowerState] INFO  server.RaftServer$Division (RaftServerImpl.java:setRole(299)) - 66188e3b-2de6-4632-9636-fbf530af5e5e@group-4B049B5241B0: changes role from  FOLLOWER to CANDIDATE at term 0 for changeToCandidate
2022-06-24 23:47:29,962 [66188e3b-2de6-4632-9636-fbf530af5e5e@group-4B049B5241B0-FollowerState] INFO  server.RaftServerConfigKeys (ConfUtils.java:logGet(46)) - raft.server.leaderelection.pre-vote = false (custom)
2022-06-24 23:47:29,963 [66188e3b-2de6-4632-9636-fbf530af5e5e@group-4B049B5241B0-FollowerState] INFO  impl.RoleInfo (RoleInfo.java:updateAndGet(139)) - 66188e3b-2de6-4632-9636-fbf530af5e5e: start 66188e3b-2de6-4632-9636-fbf530af5e5e@group-4B049B5241B0-LeaderElection43
2022-06-24 23:47:29,976 [b721671c-f2e0-4f32-a472-e04e394ae124-server-thread1] INFO  server.RaftServer$Division (ServerState.java:setRaftConf(393)) - b721671c-f2e0-4f32-a472-e04e394ae124@group-9C7B42EDD3A2: set configuration 0: [b721671c-f2e0-4f32-a472-e04e394ae124|rpc:10.1.0.24:41813|dataStream:|priority:0, 66188e3b-2de6-4632-9636-fbf530af5e5e|rpc:10.1.0.24:44805|dataStream:|priority:1, 4178a181-7a8b-49ec-906e-515996c40b3d|rpc:10.1.0.24:37729|dataStream:|priority:0], old=null
2022-06-24 23:47:29,976 [b721671c-f2e0-4f32-a472-e04e394ae124-server-thread1] INFO  segmented.SegmentedRaftLogWorker (SegmentedRaftLogWorker.java:startLogSegment(425)) - b721671c-f2e0-4f32-a472-e04e394ae124@group-9C7B42EDD3A2-SegmentedRaftLogWorker: Starting segment from index:0
2022-06-24 23:47:29,978 [b721671c-f2e0-4f32-a472-e04e394ae124@group-9C7B42EDD3A2-SegmentedRaftLogWorker] INFO  segmented.SegmentedRaftLogWorker (SegmentedRaftLogWorker.java:execute(629)) - b721671c-f2e0-4f32-a472-e04e394ae124@group-9C7B42EDD3A2-SegmentedRaftLogWorker: created new log segment /home/runner/work/ozone/ozone/hadoop-ozone/integration-test/target/test-dir/MiniOzoneClusterImpl-579f371f-51d7-44c0-bf7c-5cb5e6cf7bc4/datanode-0/data/ratis/5743b342-640f-4931-9abd-9c7b42edd3a2/current/log_inprogress_0
2022-06-24 23:47:30,012 [66188e3b-2de6-4632-9636-fbf530af5e5e@group-4B049B5241B0-LeaderElection43] INFO  impl.LeaderElection (LeaderElection.java:askForVotes(310)) - 66188e3b-2de6-4632-9636-fbf530af5e5e@group-4B049B5241B0-LeaderElection43 ELECTION round 0: submit vote requests at term 1 for -1: [66188e3b-2de6-4632-9636-fbf530af5e5e|rpc:10.1.0.24:44805|priority:1], old=null
2022-06-24 23:47:30,012 [66188e3b-2de6-4632-9636-fbf530af5e5e@group-4B049B5241B0-LeaderElection43] INFO  impl.LeaderElection (LeaderElection.java:askForVotes(312)) - 66188e3b-2de6-4632-9636-fbf530af5e5e@group-4B049B5241B0-LeaderElection43 ELECTION round 0: result PASSED (term=1)
2022-06-24 23:47:30,012 [66188e3b-2de6-4632-9636-fbf530af5e5e@group-4B049B5241B0-LeaderElection43] INFO  impl.RoleInfo (RoleInfo.java:shutdownLeaderElection(130)) - 66188e3b-2de6-4632-9636-fbf530af5e5e: shutdown 66188e3b-2de6-4632-9636-fbf530af5e5e@group-4B049B5241B0-LeaderElection43
2022-06-24 23:47:30,012 [66188e3b-2de6-4632-9636-fbf530af5e5e@group-4B049B5241B0-LeaderElection43] INFO  server.RaftServer$Division (RaftServerImpl.java:setRole(299)) - 66188e3b-2de6-4632-9636-fbf530af5e5e@group-4B049B5241B0: changes role from CANDIDATE to LEADER at term 1 for changeToLeader
2022-06-24 23:47:30,012 [66188e3b-2de6-4632-9636-fbf530af5e5e@group-4B049B5241B0-LeaderElection43] INFO  ratis.XceiverServerRatis (XceiverServerRatis.java:handleLeaderChangedNotification(863)) - Leader change notification received for group: group-4B049B5241B0 with new leaderId: 66188e3b-2de6-4632-9636-fbf530af5e5e
2022-06-24 23:47:30,012 [66188e3b-2de6-4632-9636-fbf530af5e5e@group-4B049B5241B0-LeaderElection43] INFO  server.RaftServer$Division (ServerState.java:setLeader(287)) - 66188e3b-2de6-4632-9636-fbf530af5e5e@group-4B049B5241B0: change Leader from null to 66188e3b-2de6-4632-9636-fbf530af5e5e at term 1 for becomeLeader, leader elected after 5079ms
2022-06-24 23:47:30,012 [66188e3b-2de6-4632-9636-fbf530af5e5e@group-4B049B5241B0-LeaderElection43] INFO  server.RaftServerConfigKeys (ConfUtils.java:logGet(46)) - raft.server.staging.catchup.gap = 1000 (default)
2022-06-24 23:47:30,013 [66188e3b-2de6-4632-9636-fbf530af5e5e@group-4B049B5241B0-LeaderElection43] INFO  server.RaftServerConfigKeys (ConfUtils.java:logGet(46)) - raft.server.write.element-limit = 1024 (custom)
2022-06-24 23:47:30,013 [66188e3b-2de6-4632-9636-fbf530af5e5e@group-4B049B5241B0-LeaderElection43] INFO  server.RaftServerConfigKeys (ConfUtils.java:logGet(46)) - raft.server.write.byte-limit = 1024 M (=1073741824) (custom)
2022-06-24 23:47:30,013 [66188e3b-2de6-4632-9636-fbf530af5e5e@group-4B049B5241B0-LeaderElection43] INFO  server.RaftServerConfigKeys (ConfUtils.java:logGet(46)) - raft.server.watch.timeout = 180s (custom)
2022-06-24 23:47:30,013 [66188e3b-2de6-4632-9636-fbf530af5e5e@group-4B049B5241B0-LeaderElection43] INFO  server.RaftServerConfigKeys (ConfUtils.java:logGet(46)) - raft.server.watch.timeout.denomination = 1s (default)
2022-06-24 23:47:30,013 [66188e3b-2de6-4632-9636-fbf530af5e5e@group-4B049B5241B0-LeaderElection43] INFO  server.RaftServerConfigKeys (ConfUtils.java:logGet(46)) - raft.server.watch.element-limit = 65536 (default)
2022-06-24 23:47:30,013 [66188e3b-2de6-4632-9636-fbf530af5e5e@group-4B049B5241B0-LeaderElection43] INFO  server.RaftServerConfigKeys (ConfUtils.java:logGet(46)) - raft.server.write.element-limit = 1024 (custom)
2022-06-24 23:47:30,013 [66188e3b-2de6-4632-9636-fbf530af5e5e@group-4B049B5241B0-LeaderElection43] INFO  server.RaftServerConfigKeys (ConfUtils.java:logGet(46)) - raft.server.write.follower.gap.ratio.max = -1.0 (default)
2022-06-24 23:47:30,013 [66188e3b-2de6-4632-9636-fbf530af5e5e@group-4B049B5241B0-LeaderElection43] INFO  impl.RoleInfo (RoleInfo.java:updateAndGet(139)) - 66188e3b-2de6-4632-9636-fbf530af5e5e: start 66188e3b-2de6-4632-9636-fbf530af5e5e@group-4B049B5241B0-LeaderStateImpl
2022-06-24 23:47:30,014 [66188e3b-2de6-4632-9636-fbf530af5e5e@group-4B049B5241B0-LeaderElection43] INFO  segmented.SegmentedRaftLogWorker (SegmentedRaftLogWorker.java:startLogSegment(425)) - 66188e3b-2de6-4632-9636-fbf530af5e5e@group-4B049B5241B0-SegmentedRaftLogWorker: Starting segment from index:0
2022-06-24 23:47:30,016 [66188e3b-2de6-4632-9636-fbf530af5e5e@group-4B049B5241B0-SegmentedRaftLogWorker] INFO  segmented.SegmentedRaftLogWorker (SegmentedRaftLogWorker.java:execute(629)) - 66188e3b-2de6-4632-9636-fbf530af5e5e@group-4B049B5241B0-SegmentedRaftLogWorker: created new log segment /home/runner/work/ozone/ozone/hadoop-ozone/integration-test/target/test-dir/MiniOzoneClusterImpl-579f371f-51d7-44c0-bf7c-5cb5e6cf7bc4/datanode-1/data/ratis/815cfa3c-4d40-45d9-bc84-4b049b5241b0/current/log_inprogress_0
2022-06-24 23:47:30,022 [66188e3b-2de6-4632-9636-fbf530af5e5e@group-4B049B5241B0-LeaderElection43] INFO  server.RaftServer$Division (ServerState.java:setRaftConf(393)) - 66188e3b-2de6-4632-9636-fbf530af5e5e@group-4B049B5241B0: set configuration 0: [66188e3b-2de6-4632-9636-fbf530af5e5e|rpc:10.1.0.24:44805|dataStream:|priority:1], old=null
2022-06-24 23:47:30,663 [Listener at 127.0.0.1/33165] INFO  ozone.MiniOzoneClusterImpl (MiniOzoneClusterImpl.java:lambda$waitForClusterToBeReady$0(223)) - Nodes are ready. Got 5 of 5 DN Heartbeats.
2022-06-24 23:47:30,663 [Listener at 127.0.0.1/33165] INFO  ozone.MiniOzoneClusterImpl (MiniOzoneClusterImpl.java:lambda$waitForClusterToBeReady$0(226)) - Cluster exits safe mode
2022-06-24 23:47:30,663 [Listener at 127.0.0.1/33165] INFO  ozone.MiniOzoneClusterImpl (MiniOzoneClusterImpl.java:lambda$waitForClusterToBeReady$0(228)) - SCM became leader
2022-06-24 23:47:30,719 [4178a181-7a8b-49ec-906e-515996c40b3d@group-FAA04F5864EB-FollowerState] INFO  impl.FollowerState (FollowerState.java:run(143)) - 4178a181-7a8b-49ec-906e-515996c40b3d@group-FAA04F5864EB-FollowerState: change to CANDIDATE, lastRpcElapsedTime:5093908454ns, electionTimeout:5093ms
2022-06-24 23:47:30,720 [4178a181-7a8b-49ec-906e-515996c40b3d@group-FAA04F5864EB-FollowerState] INFO  impl.RoleInfo (RoleInfo.java:shutdownFollowerState(110)) - 4178a181-7a8b-49ec-906e-515996c40b3d: shutdown 4178a181-7a8b-49ec-906e-515996c40b3d@group-FAA04F5864EB-FollowerState
2022-06-24 23:47:30,720 [4178a181-7a8b-49ec-906e-515996c40b3d@group-FAA04F5864EB-FollowerState] INFO  server.RaftServer$Division (RaftServerImpl.java:setRole(299)) - 4178a181-7a8b-49ec-906e-515996c40b3d@group-FAA04F5864EB: changes role from  FOLLOWER to CANDIDATE at term 0 for changeToCandidate
2022-06-24 23:47:30,720 [4178a181-7a8b-49ec-906e-515996c40b3d@group-FAA04F5864EB-FollowerState] INFO  server.RaftServerConfigKeys (ConfUtils.java:logGet(46)) - raft.server.leaderelection.pre-vote = false (custom)
2022-06-24 23:47:30,720 [4178a181-7a8b-49ec-906e-515996c40b3d@group-FAA04F5864EB-FollowerState] INFO  impl.RoleInfo (RoleInfo.java:updateAndGet(139)) - 4178a181-7a8b-49ec-906e-515996c40b3d: start 4178a181-7a8b-49ec-906e-515996c40b3d@group-FAA04F5864EB-LeaderElection44
2022-06-24 23:47:30,756 [4178a181-7a8b-49ec-906e-515996c40b3d@group-FAA04F5864EB-LeaderElection44] INFO  impl.LeaderElection (LeaderElection.java:askForVotes(310)) - 4178a181-7a8b-49ec-906e-515996c40b3d@group-FAA04F5864EB-LeaderElection44 ELECTION round 0: submit vote requests at term 1 for -1: [4178a181-7a8b-49ec-906e-515996c40b3d|rpc:10.1.0.24:37729|priority:1], old=null
2022-06-24 23:47:30,756 [4178a181-7a8b-49ec-906e-515996c40b3d@group-FAA04F5864EB-LeaderElection44] INFO  impl.LeaderElection (LeaderElection.java:askForVotes(312)) - 4178a181-7a8b-49ec-906e-515996c40b3d@group-FAA04F5864EB-LeaderElection44 ELECTION round 0: result PASSED (term=1)
2022-06-24 23:47:30,756 [4178a181-7a8b-49ec-906e-515996c40b3d@group-FAA04F5864EB-LeaderElection44] INFO  impl.RoleInfo (RoleInfo.java:shutdownLeaderElection(130)) - 4178a181-7a8b-49ec-906e-515996c40b3d: shutdown 4178a181-7a8b-49ec-906e-515996c40b3d@group-FAA04F5864EB-LeaderElection44
2022-06-24 23:47:30,756 [4178a181-7a8b-49ec-906e-515996c40b3d@group-FAA04F5864EB-LeaderElection44] INFO  server.RaftServer$Division (RaftServerImpl.java:setRole(299)) - 4178a181-7a8b-49ec-906e-515996c40b3d@group-FAA04F5864EB: changes role from CANDIDATE to LEADER at term 1 for changeToLeader
2022-06-24 23:47:30,756 [4178a181-7a8b-49ec-906e-515996c40b3d@group-FAA04F5864EB-LeaderElection44] INFO  ratis.XceiverServerRatis (XceiverServerRatis.java:handleLeaderChangedNotification(863)) - Leader change notification received for group: group-FAA04F5864EB with new leaderId: 4178a181-7a8b-49ec-906e-515996c40b3d
2022-06-24 23:47:30,757 [4178a181-7a8b-49ec-906e-515996c40b3d@group-FAA04F5864EB-LeaderElection44] INFO  server.RaftServer$Division (ServerState.java:setLeader(287)) - 4178a181-7a8b-49ec-906e-515996c40b3d@group-FAA04F5864EB: change Leader from null to 4178a181-7a8b-49ec-906e-515996c40b3d at term 1 for becomeLeader, leader elected after 5139ms
2022-06-24 23:47:30,757 [4178a181-7a8b-49ec-906e-515996c40b3d@group-FAA04F5864EB-LeaderElection44] INFO  server.RaftServerConfigKeys (ConfUtils.java:logGet(46)) - raft.server.staging.catchup.gap = 1000 (default)
2022-06-24 23:47:30,763 [4178a181-7a8b-49ec-906e-515996c40b3d@group-FAA04F5864EB-LeaderElection44] INFO  server.RaftServerConfigKeys (ConfUtils.java:logGet(46)) - raft.server.write.element-limit = 1024 (custom)
2022-06-24 23:47:30,763 [4178a181-7a8b-49ec-906e-515996c40b3d@group-FAA04F5864EB-LeaderElection44] INFO  server.RaftServerConfigKeys (ConfUtils.java:logGet(46)) - raft.server.write.byte-limit = 1024 M (=1073741824) (custom)
2022-06-24 23:47:30,764 [4178a181-7a8b-49ec-906e-515996c40b3d@group-FAA04F5864EB-LeaderElection44] INFO  server.RaftServerConfigKeys (ConfUtils.java:logGet(46)) - raft.server.watch.timeout = 180s (custom)
2022-06-24 23:47:30,764 [4178a181-7a8b-49ec-906e-515996c40b3d@group-FAA04F5864EB-LeaderElection44] INFO  server.RaftServerConfigKeys (ConfUtils.java:logGet(46)) - raft.server.watch.timeout.denomination = 1s (default)
2022-06-24 23:47:30,764 [4178a181-7a8b-49ec-906e-515996c40b3d@group-FAA04F5864EB-LeaderElection44] INFO  server.RaftServerConfigKeys (ConfUtils.java:logGet(46)) - raft.server.watch.element-limit = 65536 (default)
2022-06-24 23:47:30,764 [4178a181-7a8b-49ec-906e-515996c40b3d@group-FAA04F5864EB-LeaderElection44] INFO  server.RaftServerConfigKeys (ConfUtils.java:logGet(46)) - raft.server.write.element-limit = 1024 (custom)
2022-06-24 23:47:30,764 [4178a181-7a8b-49ec-906e-515996c40b3d@group-FAA04F5864EB-LeaderElection44] INFO  server.RaftServerConfigKeys (ConfUtils.java:logGet(46)) - raft.server.write.follower.gap.ratio.max = -1.0 (default)
2022-06-24 23:47:30,764 [4178a181-7a8b-49ec-906e-515996c40b3d@group-FAA04F5864EB-LeaderElection44] INFO  impl.RoleInfo (RoleInfo.java:updateAndGet(139)) - 4178a181-7a8b-49ec-906e-515996c40b3d: start 4178a181-7a8b-49ec-906e-515996c40b3d@group-FAA04F5864EB-LeaderStateImpl
2022-06-24 23:47:30,764 [4178a181-7a8b-49ec-906e-515996c40b3d@group-FAA04F5864EB-LeaderElection44] INFO  segmented.SegmentedRaftLogWorker (SegmentedRaftLogWorker.java:startLogSegment(425)) - 4178a181-7a8b-49ec-906e-515996c40b3d@group-FAA04F5864EB-SegmentedRaftLogWorker: Starting segment from index:0
2022-06-24 23:47:30,787 [4178a181-7a8b-49ec-906e-515996c40b3d@group-FAA04F5864EB-SegmentedRaftLogWorker] INFO  segmented.SegmentedRaftLogWorker (SegmentedRaftLogWorker.java:execute(629)) - 4178a181-7a8b-49ec-906e-515996c40b3d@group-FAA04F5864EB-SegmentedRaftLogWorker: created new log segment /home/runner/work/ozone/ozone/hadoop-ozone/integration-test/target/test-dir/MiniOzoneClusterImpl-579f371f-51d7-44c0-bf7c-5cb5e6cf7bc4/datanode-2/data/ratis/d99eb60d-1411-48e0-9efd-faa04f5864eb/current/log_inprogress_0
2022-06-24 23:47:30,818 [4178a181-7a8b-49ec-906e-515996c40b3d@group-FAA04F5864EB-LeaderElection44] INFO  server.RaftServer$Division (ServerState.java:setRaftConf(393)) - 4178a181-7a8b-49ec-906e-515996c40b3d@group-FAA04F5864EB: set configuration 0: [4178a181-7a8b-49ec-906e-515996c40b3d|rpc:10.1.0.24:37729|dataStream:|priority:1], old=null
2022-06-24 23:47:30,855 [Listener at 127.0.0.1/33165] INFO  rpc.RpcClient (RpcClient.java:createVolume(466)) - Creating Volume: volume99794, with user19153 as owner and space quota set to -1 bytes, counts quota set to -1
2022-06-24 23:47:30,870 [OM StateMachine ApplyTransaction Thread - 0] INFO  volume.OMVolumeCreateRequest (OMVolumeCreateRequest.java:validateAndUpdateCache(195)) - created volume:volume99794 for user:user19153
2022-06-24 23:47:30,903 [Listener at 127.0.0.1/33165] INFO  rpc.RpcClient (RpcClient.java:createBucket(666)) - Creating Bucket: volume99794/bucket10019, with the Bucket Layout LEGACY, runner as owner, Versioning false, Storage Type set to DISK and Encryption set to false 
2022-06-24 23:47:30,919 [OM StateMachine ApplyTransaction Thread - 0] INFO  bucket.OMBucketCreateRequest (OMBucketCreateRequest.java:validateAndUpdateCache(260)) - created bucket: bucket10019 of layout LEGACY in volume: volume99794
]]></system-out>
  </testcase>
  <testcase name="testGetTrashRoot" classname="TestOzoneFileSystem" time="49.655">
    <system-out><![CDATA[2022-06-24 23:49:50,039 [Listener at 127.0.0.1/33165] INFO  ozone.MiniOzoneClusterImpl (MiniOzoneClusterImpl.java:shutdown(460)) - Shutting down the Mini Ozone Cluster
2022-06-24 23:49:50,039 [Listener at 127.0.0.1/33165] INFO  ozone.MiniOzoneClusterImpl (MiniOzoneClusterImpl.java:stop(475)) - Stopping the Mini Ozone Cluster
2022-06-24 23:49:50,039 [Listener at 127.0.0.1/33165] INFO  ozone.MiniOzoneClusterImpl (MiniOzoneClusterImpl.java:stopOM(557)) - Stopping the OzoneManager
2022-06-24 23:49:50,039 [Listener at 127.0.0.1/33165] INFO  om.OzoneManager (OzoneManager.java:stop(2020)) - om1[localhost:0]: Stopping Ozone Manager
2022-06-24 23:49:50,040 [Listener at 127.0.0.1/33165] INFO  ipc.Server (Server.java:stop(3414)) - Stopping server on 33165
2022-06-24 23:49:50,044 [Listener at 127.0.0.1/33165] INFO  server.RaftServer (RaftServerProxy.java:lambda$close$7(398)) - om1: close
2022-06-24 23:49:50,045 [Listener at 127.0.0.1/33165] INFO  server.RaftServer$Division (RaftServerImpl.java:lambda$close$4(434)) - om1@group-C5BA1605619E: shutdown
2022-06-24 23:49:50,045 [Listener at 127.0.0.1/33165] INFO  util.JmxRegister (JmxRegister.java:unregister(73)) - Successfully un-registered JMX Bean with object name Ratis:service=RaftServer,group=group-C5BA1605619E,id=om1
2022-06-24 23:49:50,045 [Listener at 127.0.0.1/33165] INFO  impl.RoleInfo (RoleInfo.java:shutdownLeaderState(93)) - om1: shutdown om1@group-C5BA1605619E-LeaderStateImpl
2022-06-24 23:49:50,045 [Listener at 127.0.0.1/33165] INFO  impl.PendingRequests (PendingRequests.java:sendNotLeaderResponses(282)) - om1@group-C5BA1605619E-PendingRequests: sendNotLeaderResponses
2022-06-24 23:49:50,049 [Listener at 127.0.0.1/33165] INFO  impl.StateMachineUpdater (StateMachineUpdater.java:stopAndJoin(153)) - om1@group-C5BA1605619E-StateMachineUpdater: set stopIndex = 10302
2022-06-24 23:49:50,049 [om1@group-C5BA1605619E-StateMachineUpdater] INFO  ratis.OzoneManagerStateMachine (OzoneManagerStateMachine.java:takeSnapshot(441)) - Current Snapshot Index (t:1, i:10302)
2022-06-24 23:49:50,049 [om1@group-C5BA1605619E-StateMachineUpdater] INFO  impl.StateMachineUpdater (StateMachineUpdater.java:takeSnapshot(287)) - om1@group-C5BA1605619E-StateMachineUpdater: Took a snapshot at index 10302
2022-06-24 23:49:50,049 [om1@group-C5BA1605619E-StateMachineUpdater] INFO  impl.StateMachineUpdater (StateMachineUpdater.java:lambda$new$0(92)) - om1@group-C5BA1605619E-StateMachineUpdater: snapshotIndex: updateIncreasingly -1 -> 10302
2022-06-24 23:49:50,049 [om1@group-C5BA1605619E-StateMachineUpdater] INFO  ratis.OzoneManagerStateMachine (OzoneManagerStateMachine.java:close(495)) - StateMachine has shutdown. Shutdown OzoneManager if not already shutdown.
2022-06-24 23:49:50,049 [om1@group-C5BA1605619E-StateMachineUpdater] INFO  ratis.OzoneManagerDoubleBuffer (OzoneManagerDoubleBuffer.java:stop(465)) - Stopping OMDoubleBuffer flush thread
2022-06-24 23:49:50,049 [OMDoubleBufferFlushThread] INFO  ratis.OzoneManagerDoubleBuffer (OzoneManagerDoubleBuffer.java:flushTransactions(385)) - OMDoubleBuffer flush thread OMDoubleBufferFlushThread is interrupted and will exit.
2022-06-24 23:49:50,050 [Listener at 127.0.0.1/33165] INFO  server.RaftServer$Division (ServerState.java:close(429)) - om1@group-C5BA1605619E: closes. applyIndex: 10302
2022-06-24 23:49:50,051 [om1@group-C5BA1605619E-SegmentedRaftLogWorker] INFO  segmented.SegmentedRaftLogWorker (SegmentedRaftLogWorker.java:run(336)) - om1@group-C5BA1605619E-SegmentedRaftLogWorker was interrupted, exiting. There are 0 tasks remaining in the queue.
2022-06-24 23:49:50,053 [Listener at 127.0.0.1/33165] INFO  segmented.SegmentedRaftLogWorker (SegmentedRaftLogWorker.java:close(246)) - om1@group-C5BA1605619E-SegmentedRaftLogWorker close()
2022-06-24 23:49:50,054 [Listener at 127.0.0.1/33165] INFO  server.GrpcService (GrpcService.java:closeImpl(269)) - om1: shutdown server with port 9872 now
2022-06-24 23:49:50,059 [Listener at 127.0.0.1/33165] INFO  server.GrpcService (GrpcService.java:closeImpl(278)) - om1: shutdown server with port 9872 successfully
2022-06-24 23:49:50,059 [org.apache.ratis.util.JvmPauseMonitor$$Lambda$627/395666382@1d1062b9] INFO  util.JvmPauseMonitor (JvmPauseMonitor.java:run(109)) - JvmPauseMonitor-om1: Stopped
2022-06-24 23:49:50,059 [Listener at 127.0.0.1/33165] INFO  ratis.OzoneManagerStateMachine (OzoneManagerStateMachine.java:close(495)) - StateMachine has shutdown. Shutdown OzoneManager if not already shutdown.
2022-06-24 23:49:50,059 [Listener at 127.0.0.1/33165] INFO  ratis.OzoneManagerDoubleBuffer (OzoneManagerDoubleBuffer.java:stop(477)) - OMDoubleBuffer flush thread is not running.
2022-06-24 23:49:50,059 [Listener at 127.0.0.1/33165] INFO  utils.BackgroundService (BackgroundService.java:shutdown(132)) - Shutting down service KeyDeletingService
2022-06-24 23:49:50,060 [Listener at 127.0.0.1/33165] INFO  utils.BackgroundService (BackgroundService.java:shutdown(132)) - Shutting down service DirectoryDeletingService
2022-06-24 23:49:50,060 [Listener at 127.0.0.1/33165] INFO  utils.BackgroundService (BackgroundService.java:shutdown(132)) - Shutting down service OpenKeyCleanupService
2022-06-24 23:49:50,061 [Listener at 127.0.0.1/33165] INFO  handler.ContextHandler (ContextHandler.java:doStop(1153)) - Stopped o.e.j.w.WebAppContext@6b0f37dd{ozoneManager,/,null,STOPPED}{file:/home/runner/work/ozone/ozone/hadoop-ozone/integration-test/target/test-classes/webapps/ozoneManager}
2022-06-24 23:49:50,061 [Listener at 127.0.0.1/33165] INFO  server.AbstractConnector (AbstractConnector.java:doStop(381)) - Stopped ServerConnector@630f95fc{HTTP/1.1, (http/1.1)}{0.0.0.0:0}
2022-06-24 23:49:50,061 [Listener at 127.0.0.1/33165] INFO  server.session (HouseKeeper.java:stopScavenging(149)) - node0 Stopped scavenging
2022-06-24 23:49:50,065 [IPC Server Responder] INFO  ipc.Server (Server.java:run(1512)) - Stopping IPC Server Responder
2022-06-24 23:49:50,065 [IPC Server listener on 0] INFO  ipc.Server (Server.java:run(1376)) - Stopping IPC Server listener on 0
2022-06-24 23:49:50,074 [Listener at 127.0.0.1/33165] INFO  handler.ContextHandler (ContextHandler.java:doStop(1153)) - Stopped o.e.j.s.ServletContextHandler@59e2bcdc{static,/static,file:///home/runner/work/ozone/ozone/hadoop-ozone/integration-test/target/test-classes/webapps/static,STOPPED}
2022-06-24 23:49:50,074 [Listener at 127.0.0.1/33165] INFO  handler.ContextHandler (ContextHandler.java:doStop(1153)) - Stopped o.e.j.s.ServletContextHandler@16ab05a1{logs,/logs,file:///home/runner/work/ozone/ozone/hadoop-ozone/integration-test/target/log,STOPPED}
2022-06-24 23:49:50,094 [Listener at 127.0.0.1/33165] INFO  ozone.MiniOzoneClusterImpl (MiniOzoneClusterImpl.java:stopDatanodes(534)) - Stopping the HddsDatanodes
2022-06-24 23:49:50,108 [Trash Emptier] ERROR om.TrashPolicyOzone (TrashPolicyOzone.java:run(251)) - Error attempting to shutdown
java.lang.InterruptedException
	at java.util.concurrent.locks.AbstractQueuedSynchronizer$ConditionObject.awaitNanos(AbstractQueuedSynchronizer.java:2067)
	at java.util.concurrent.ThreadPoolExecutor.awaitTermination(ThreadPoolExecutor.java:1475)
	at org.apache.hadoop.ozone.om.TrashPolicyOzone$Emptier.run(TrashPolicyOzone.java:249)
	at java.lang.Thread.run(Thread.java:750)
2022-06-24 23:49:50,108 [Trash Emptier] ERROR util.ExitUtils (ExitUtils.java:terminate(133)) - Terminating with exit status -1: Thread[Trash Emptier,5,main] has thrown an uncaught exception
java.lang.UnsupportedOperationException: fs.getUri() not implemented in TrashOzoneFileSystem
	at org.apache.hadoop.ozone.om.TrashOzoneFileSystem.getUri(TrashOzoneFileSystem.java:126)
	at org.apache.hadoop.fs.FileSystem.close(FileSystem.java:2592)
	at org.apache.hadoop.ozone.om.TrashPolicyOzone$Emptier.run(TrashPolicyOzone.java:243)
	at java.lang.Thread.run(Thread.java:750)
2022-06-24 23:49:55,107 [ForkJoinPool.commonPool-worker-0] INFO  ozoneimpl.OzoneContainer (OzoneContainer.java:stop(365)) - Attempting to stop container services.
2022-06-24 23:49:55,115 [ForkJoinPool.commonPool-worker-0] INFO  server.RaftServer (RaftServerProxy.java:lambda$close$7(398)) - 66188e3b-2de6-4632-9636-fbf530af5e5e: close
2022-06-24 23:49:55,116 [ForkJoinPool.commonPool-worker-0] INFO  server.RaftServer$Division (RaftServerImpl.java:lambda$close$4(434)) - 66188e3b-2de6-4632-9636-fbf530af5e5e@group-8D797CAEE693: shutdown
2022-06-24 23:49:55,116 [ForkJoinPool.commonPool-worker-0] INFO  util.JmxRegister (JmxRegister.java:unregister(73)) - Successfully un-registered JMX Bean with object name Ratis:service=RaftServer,group=group-8D797CAEE693,id=66188e3b-2de6-4632-9636-fbf530af5e5e
2022-06-24 23:49:55,116 [ForkJoinPool.commonPool-worker-0] INFO  impl.RoleInfo (RoleInfo.java:shutdownFollowerState(110)) - 66188e3b-2de6-4632-9636-fbf530af5e5e: shutdown 66188e3b-2de6-4632-9636-fbf530af5e5e@group-8D797CAEE693-FollowerState
2022-06-24 23:49:55,116 [ForkJoinPool.commonPool-worker-0] INFO  impl.StateMachineUpdater (StateMachineUpdater.java:stopAndJoin(153)) - 66188e3b-2de6-4632-9636-fbf530af5e5e@group-8D797CAEE693-StateMachineUpdater: set stopIndex = 4
2022-06-24 23:49:55,116 [66188e3b-2de6-4632-9636-fbf530af5e5e@group-8D797CAEE693-FollowerState] INFO  impl.FollowerState (FollowerState.java:run(152)) - 66188e3b-2de6-4632-9636-fbf530af5e5e@group-8D797CAEE693-FollowerState was interrupted
2022-06-24 23:49:55,116 [66188e3b-2de6-4632-9636-fbf530af5e5e@group-8D797CAEE693-StateMachineUpdater] INFO  ratis.ContainerStateMachine (ContainerStateMachine.java:takeSnapshot(304)) - group-8D797CAEE693: Taking a snapshot at:(t:3, i:4) file /home/runner/work/ozone/ozone/hadoop-ozone/integration-test/target/test-dir/MiniOzoneClusterImpl-579f371f-51d7-44c0-bf7c-5cb5e6cf7bc4/datanode-1/data/ratis/f1577632-2f66-451e-a2db-8d797caee693/sm/snapshot.3_4
2022-06-24 23:49:55,118 [66188e3b-2de6-4632-9636-fbf530af5e5e@group-8D797CAEE693-StateMachineUpdater] INFO  ratis.ContainerStateMachine (ContainerStateMachine.java:takeSnapshot(315)) - group-8D797CAEE693: Finished taking a snapshot at:(t:3, i:4) file:/home/runner/work/ozone/ozone/hadoop-ozone/integration-test/target/test-dir/MiniOzoneClusterImpl-579f371f-51d7-44c0-bf7c-5cb5e6cf7bc4/datanode-1/data/ratis/f1577632-2f66-451e-a2db-8d797caee693/sm/snapshot.3_4 took: 2 ms
2022-06-24 23:49:55,118 [66188e3b-2de6-4632-9636-fbf530af5e5e@group-8D797CAEE693-StateMachineUpdater] INFO  impl.StateMachineUpdater (StateMachineUpdater.java:takeSnapshot(287)) - 66188e3b-2de6-4632-9636-fbf530af5e5e@group-8D797CAEE693-StateMachineUpdater: Took a snapshot at index 4
2022-06-24 23:49:55,118 [66188e3b-2de6-4632-9636-fbf530af5e5e@group-8D797CAEE693-StateMachineUpdater] INFO  impl.StateMachineUpdater (StateMachineUpdater.java:lambda$new$0(92)) - 66188e3b-2de6-4632-9636-fbf530af5e5e@group-8D797CAEE693-StateMachineUpdater: snapshotIndex: updateIncreasingly -1 -> 4
2022-06-24 23:49:55,119 [ForkJoinPool.commonPool-worker-0] INFO  server.RaftServer$Division (ServerState.java:close(429)) - 66188e3b-2de6-4632-9636-fbf530af5e5e@group-8D797CAEE693: closes. applyIndex: 4
2022-06-24 23:49:55,119 [66188e3b-2de6-4632-9636-fbf530af5e5e@group-8D797CAEE693-SegmentedRaftLogWorker] INFO  segmented.SegmentedRaftLogWorker (SegmentedRaftLogWorker.java:run(336)) - 66188e3b-2de6-4632-9636-fbf530af5e5e@group-8D797CAEE693-SegmentedRaftLogWorker was interrupted, exiting. There are 0 tasks remaining in the queue.
2022-06-24 23:49:55,125 [ForkJoinPool.commonPool-worker-0] INFO  segmented.SegmentedRaftLogWorker (SegmentedRaftLogWorker.java:close(246)) - 66188e3b-2de6-4632-9636-fbf530af5e5e@group-8D797CAEE693-SegmentedRaftLogWorker close()
2022-06-24 23:49:55,130 [ForkJoinPool.commonPool-worker-0] INFO  server.RaftServer$Division (RaftServerImpl.java:lambda$close$4(434)) - 66188e3b-2de6-4632-9636-fbf530af5e5e@group-9C7B42EDD3A2: shutdown
2022-06-24 23:49:55,130 [ForkJoinPool.commonPool-worker-0] INFO  util.JmxRegister (JmxRegister.java:unregister(73)) - Successfully un-registered JMX Bean with object name Ratis:service=RaftServer,group=group-9C7B42EDD3A2,id=66188e3b-2de6-4632-9636-fbf530af5e5e
2022-06-24 23:49:55,130 [ForkJoinPool.commonPool-worker-0] INFO  impl.RoleInfo (RoleInfo.java:shutdownLeaderState(93)) - 66188e3b-2de6-4632-9636-fbf530af5e5e: shutdown 66188e3b-2de6-4632-9636-fbf530af5e5e@group-9C7B42EDD3A2-LeaderStateImpl
2022-06-24 23:49:55,131 [ForkJoinPool.commonPool-worker-0] INFO  impl.PendingRequests (PendingRequests.java:sendNotLeaderResponses(282)) - 66188e3b-2de6-4632-9636-fbf530af5e5e@group-9C7B42EDD3A2-PendingRequests: sendNotLeaderResponses
2022-06-24 23:49:55,131 [Listener at 127.0.0.1/33165] INFO  ozoneimpl.OzoneContainer (OzoneContainer.java:stop(365)) - Attempting to stop container services.
2022-06-24 23:49:55,134 [Listener at 127.0.0.1/33165] INFO  server.RaftServer (RaftServerProxy.java:lambda$close$7(398)) - 4178a181-7a8b-49ec-906e-515996c40b3d: close
2022-06-24 23:49:55,135 [Listener at 127.0.0.1/33165] INFO  server.RaftServer$Division (RaftServerImpl.java:lambda$close$4(434)) - 4178a181-7a8b-49ec-906e-515996c40b3d@group-8D797CAEE693: shutdown
2022-06-24 23:49:55,135 [Listener at 127.0.0.1/33165] INFO  util.JmxRegister (JmxRegister.java:unregister(73)) - Successfully un-registered JMX Bean with object name Ratis:service=RaftServer,group=group-8D797CAEE693,id=4178a181-7a8b-49ec-906e-515996c40b3d
2022-06-24 23:49:55,135 [Listener at 127.0.0.1/33165] INFO  impl.RoleInfo (RoleInfo.java:shutdownLeaderState(93)) - 4178a181-7a8b-49ec-906e-515996c40b3d: shutdown 4178a181-7a8b-49ec-906e-515996c40b3d@group-8D797CAEE693-LeaderStateImpl
2022-06-24 23:49:55,135 [Listener at 127.0.0.1/33165] INFO  impl.PendingRequests (PendingRequests.java:sendNotLeaderResponses(282)) - 4178a181-7a8b-49ec-906e-515996c40b3d@group-8D797CAEE693-PendingRequests: sendNotLeaderResponses
2022-06-24 23:49:55,137 [66188e3b-2de6-4632-9636-fbf530af5e5e@group-9C7B42EDD3A2->b721671c-f2e0-4f32-a472-e04e394ae124-GrpcLogAppender-LogAppenderDaemon] WARN  server.GrpcLogAppender (GrpcLogAppender.java:mayWait(171)) - 66188e3b-2de6-4632-9636-fbf530af5e5e@group-9C7B42EDD3A2->b721671c-f2e0-4f32-a472-e04e394ae124-GrpcLogAppender: Wait interrupted by java.lang.InterruptedException
2022-06-24 23:49:55,137 [4178a181-7a8b-49ec-906e-515996c40b3d@group-8D797CAEE693->66188e3b-2de6-4632-9636-fbf530af5e5e-GrpcLogAppender-LogAppenderDaemon] WARN  server.GrpcLogAppender (GrpcLogAppender.java:mayWait(171)) - 4178a181-7a8b-49ec-906e-515996c40b3d@group-8D797CAEE693->66188e3b-2de6-4632-9636-fbf530af5e5e-GrpcLogAppender: Wait interrupted by java.lang.InterruptedException
2022-06-24 23:49:55,137 [4178a181-7a8b-49ec-906e-515996c40b3d@group-8D797CAEE693->b721671c-f2e0-4f32-a472-e04e394ae124-GrpcLogAppender-LogAppenderDaemon] WARN  server.GrpcLogAppender (GrpcLogAppender.java:mayWait(171)) - 4178a181-7a8b-49ec-906e-515996c40b3d@group-8D797CAEE693->b721671c-f2e0-4f32-a472-e04e394ae124-GrpcLogAppender: Wait interrupted by java.lang.InterruptedException
2022-06-24 23:49:55,138 [grpc-default-executor-2] INFO  server.GrpcServerProtocolService (GrpcServerProtocolService.java:onCompleted(140)) - b721671c-f2e0-4f32-a472-e04e394ae124: Completed APPEND_ENTRIES, lastRequest: 66188e3b-2de6-4632-9636-fbf530af5e5e->b721671c-f2e0-4f32-a472-e04e394ae124#140-t1,previous=(t:1, i:24),leaderCommit=23,initializing? true,entries: size=1, first=(t:1, i:25), METADATAENTRY(c:23)
2022-06-24 23:49:55,139 [grpc-default-executor-5] INFO  server.GrpcLogAppender (GrpcLogAppender.java:onCompleted(339)) - 66188e3b-2de6-4632-9636-fbf530af5e5e@group-9C7B42EDD3A2->b721671c-f2e0-4f32-a472-e04e394ae124-AppendLogResponseHandler: follower responses appendEntries COMPLETED
2022-06-24 23:49:55,139 [grpc-default-executor-5] INFO  leader.FollowerInfo (FollowerInfoImpl.java:lambda$new$0(48)) - 66188e3b-2de6-4632-9636-fbf530af5e5e@group-9C7B42EDD3A2->b721671c-f2e0-4f32-a472-e04e394ae124: nextIndex: updateUnconditionally 26 -> 25
2022-06-24 23:49:55,139 [grpc-default-executor-2] INFO  server.GrpcServerProtocolService (GrpcServerProtocolService.java:onCompleted(140)) - b721671c-f2e0-4f32-a472-e04e394ae124: Completed APPEND_ENTRIES, lastRequest: 4178a181-7a8b-49ec-906e-515996c40b3d->b721671c-f2e0-4f32-a472-e04e394ae124#55-t3,previous=(t:3, i:3),leaderCommit=2,initializing? true,entries: size=1, first=(t:3, i:4), METADATAENTRY(c:2)
2022-06-24 23:49:55,140 [grpc-default-executor-5] INFO  server.GrpcLogAppender (GrpcLogAppender.java:onCompleted(339)) - 4178a181-7a8b-49ec-906e-515996c40b3d@group-8D797CAEE693->b721671c-f2e0-4f32-a472-e04e394ae124-AppendLogResponseHandler: follower responses appendEntries COMPLETED
2022-06-24 23:49:55,140 [grpc-default-executor-5] INFO  leader.FollowerInfo (FollowerInfoImpl.java:lambda$new$0(48)) - 4178a181-7a8b-49ec-906e-515996c40b3d@group-8D797CAEE693->b721671c-f2e0-4f32-a472-e04e394ae124: nextIndex: updateUnconditionally 5 -> 4
2022-06-24 23:49:55,140 [grpc-default-executor-6] INFO  server.GrpcServerProtocolService (GrpcServerProtocolService.java:onCompleted(140)) - 66188e3b-2de6-4632-9636-fbf530af5e5e: Completed APPEND_ENTRIES, lastRequest: 4178a181-7a8b-49ec-906e-515996c40b3d->66188e3b-2de6-4632-9636-fbf530af5e5e#57-t3,previous=(t:3, i:3),leaderCommit=2,initializing? true,entries: size=1, first=(t:3, i:4), METADATAENTRY(c:2)
2022-06-24 23:49:55,140 [66188e3b-2de6-4632-9636-fbf530af5e5e@group-9C7B42EDD3A2->4178a181-7a8b-49ec-906e-515996c40b3d-GrpcLogAppender-LogAppenderDaemon] WARN  server.GrpcLogAppender (GrpcLogAppender.java:mayWait(171)) - 66188e3b-2de6-4632-9636-fbf530af5e5e@group-9C7B42EDD3A2->4178a181-7a8b-49ec-906e-515996c40b3d-GrpcLogAppender: Wait interrupted by java.lang.InterruptedException
2022-06-24 23:49:55,141 [grpc-default-executor-5] INFO  server.GrpcLogAppender (GrpcLogAppender.java:onCompleted(339)) - 4178a181-7a8b-49ec-906e-515996c40b3d@group-8D797CAEE693->66188e3b-2de6-4632-9636-fbf530af5e5e-AppendLogResponseHandler: follower responses appendEntries COMPLETED
2022-06-24 23:49:55,141 [grpc-default-executor-5] INFO  leader.FollowerInfo (FollowerInfoImpl.java:lambda$new$0(48)) - 4178a181-7a8b-49ec-906e-515996c40b3d@group-8D797CAEE693->66188e3b-2de6-4632-9636-fbf530af5e5e: nextIndex: updateUnconditionally 5 -> 4
2022-06-24 23:49:55,163 [grpc-default-executor-7] INFO  server.GrpcServerProtocolService (GrpcServerProtocolService.java:onCompleted(140)) - 4178a181-7a8b-49ec-906e-515996c40b3d: Completed APPEND_ENTRIES, lastRequest: 66188e3b-2de6-4632-9636-fbf530af5e5e->4178a181-7a8b-49ec-906e-515996c40b3d#139-t1,previous=(t:1, i:24),leaderCommit=23,initializing? true,entries: size=1, first=(t:1, i:25), METADATAENTRY(c:23)
2022-06-24 23:49:55,165 [grpc-default-executor-5] INFO  server.GrpcLogAppender (GrpcLogAppender.java:onCompleted(339)) - 66188e3b-2de6-4632-9636-fbf530af5e5e@group-9C7B42EDD3A2->4178a181-7a8b-49ec-906e-515996c40b3d-AppendLogResponseHandler: follower responses appendEntries COMPLETED
2022-06-24 23:49:55,165 [grpc-default-executor-5] INFO  leader.FollowerInfo (FollowerInfoImpl.java:lambda$new$0(48)) - 66188e3b-2de6-4632-9636-fbf530af5e5e@group-9C7B42EDD3A2->4178a181-7a8b-49ec-906e-515996c40b3d: nextIndex: updateUnconditionally 26 -> 25
2022-06-24 23:49:55,169 [ForkJoinPool.commonPool-worker-0] INFO  impl.StateMachineUpdater (StateMachineUpdater.java:stopAndJoin(153)) - 66188e3b-2de6-4632-9636-fbf530af5e5e@group-9C7B42EDD3A2-StateMachineUpdater: set stopIndex = 25
2022-06-24 23:49:55,171 [66188e3b-2de6-4632-9636-fbf530af5e5e@group-9C7B42EDD3A2-StateMachineUpdater] INFO  ratis.ContainerStateMachine (ContainerStateMachine.java:takeSnapshot(304)) - group-9C7B42EDD3A2: Taking a snapshot at:(t:1, i:25) file /home/runner/work/ozone/ozone/hadoop-ozone/integration-test/target/test-dir/MiniOzoneClusterImpl-579f371f-51d7-44c0-bf7c-5cb5e6cf7bc4/datanode-1/data/ratis/5743b342-640f-4931-9abd-9c7b42edd3a2/sm/snapshot.1_25
2022-06-24 23:49:55,173 [Listener at 127.0.0.1/33165] INFO  impl.StateMachineUpdater (StateMachineUpdater.java:stopAndJoin(153)) - 4178a181-7a8b-49ec-906e-515996c40b3d@group-8D797CAEE693-StateMachineUpdater: set stopIndex = 4
2022-06-24 23:49:55,174 [4178a181-7a8b-49ec-906e-515996c40b3d@group-8D797CAEE693-StateMachineUpdater] INFO  ratis.ContainerStateMachine (ContainerStateMachine.java:takeSnapshot(304)) - group-8D797CAEE693: Taking a snapshot at:(t:3, i:4) file /home/runner/work/ozone/ozone/hadoop-ozone/integration-test/target/test-dir/MiniOzoneClusterImpl-579f371f-51d7-44c0-bf7c-5cb5e6cf7bc4/datanode-2/data/ratis/f1577632-2f66-451e-a2db-8d797caee693/sm/snapshot.3_4
2022-06-24 23:49:55,175 [4178a181-7a8b-49ec-906e-515996c40b3d@group-8D797CAEE693-StateMachineUpdater] INFO  ratis.ContainerStateMachine (ContainerStateMachine.java:takeSnapshot(315)) - group-8D797CAEE693: Finished taking a snapshot at:(t:3, i:4) file:/home/runner/work/ozone/ozone/hadoop-ozone/integration-test/target/test-dir/MiniOzoneClusterImpl-579f371f-51d7-44c0-bf7c-5cb5e6cf7bc4/datanode-2/data/ratis/f1577632-2f66-451e-a2db-8d797caee693/sm/snapshot.3_4 took: 2 ms
2022-06-24 23:49:55,175 [4178a181-7a8b-49ec-906e-515996c40b3d@group-8D797CAEE693-StateMachineUpdater] INFO  impl.StateMachineUpdater (StateMachineUpdater.java:takeSnapshot(287)) - 4178a181-7a8b-49ec-906e-515996c40b3d@group-8D797CAEE693-StateMachineUpdater: Took a snapshot at index 4
2022-06-24 23:49:55,175 [4178a181-7a8b-49ec-906e-515996c40b3d@group-8D797CAEE693-StateMachineUpdater] INFO  impl.StateMachineUpdater (StateMachineUpdater.java:lambda$new$0(92)) - 4178a181-7a8b-49ec-906e-515996c40b3d@group-8D797CAEE693-StateMachineUpdater: snapshotIndex: updateIncreasingly -1 -> 4
2022-06-24 23:49:55,179 [Listener at 127.0.0.1/33165] INFO  server.RaftServer$Division (ServerState.java:close(429)) - 4178a181-7a8b-49ec-906e-515996c40b3d@group-8D797CAEE693: closes. applyIndex: 4
2022-06-24 23:49:55,183 [4178a181-7a8b-49ec-906e-515996c40b3d@group-8D797CAEE693-SegmentedRaftLogWorker] INFO  segmented.SegmentedRaftLogWorker (SegmentedRaftLogWorker.java:run(336)) - 4178a181-7a8b-49ec-906e-515996c40b3d@group-8D797CAEE693-SegmentedRaftLogWorker was interrupted, exiting. There are 0 tasks remaining in the queue.
2022-06-24 23:49:55,190 [Listener at 127.0.0.1/33165] INFO  segmented.SegmentedRaftLogWorker (SegmentedRaftLogWorker.java:close(246)) - 4178a181-7a8b-49ec-906e-515996c40b3d@group-8D797CAEE693-SegmentedRaftLogWorker close()
2022-06-24 23:49:55,198 [Listener at 127.0.0.1/33165] INFO  server.RaftServer$Division (RaftServerImpl.java:lambda$close$4(434)) - 4178a181-7a8b-49ec-906e-515996c40b3d@group-9C7B42EDD3A2: shutdown
2022-06-24 23:49:55,199 [Listener at 127.0.0.1/33165] INFO  util.JmxRegister (JmxRegister.java:unregister(73)) - Successfully un-registered JMX Bean with object name Ratis:service=RaftServer,group=group-9C7B42EDD3A2,id=4178a181-7a8b-49ec-906e-515996c40b3d
2022-06-24 23:49:55,199 [Listener at 127.0.0.1/33165] INFO  impl.RoleInfo (RoleInfo.java:shutdownFollowerState(110)) - 4178a181-7a8b-49ec-906e-515996c40b3d: shutdown 4178a181-7a8b-49ec-906e-515996c40b3d@group-9C7B42EDD3A2-FollowerState
2022-06-24 23:49:55,199 [Listener at 127.0.0.1/33165] INFO  impl.StateMachineUpdater (StateMachineUpdater.java:stopAndJoin(153)) - 4178a181-7a8b-49ec-906e-515996c40b3d@group-9C7B42EDD3A2-StateMachineUpdater: set stopIndex = 25
2022-06-24 23:49:55,199 [4178a181-7a8b-49ec-906e-515996c40b3d@group-9C7B42EDD3A2-StateMachineUpdater] INFO  ratis.ContainerStateMachine (ContainerStateMachine.java:takeSnapshot(304)) - group-9C7B42EDD3A2: Taking a snapshot at:(t:1, i:25) file /home/runner/work/ozone/ozone/hadoop-ozone/integration-test/target/test-dir/MiniOzoneClusterImpl-579f371f-51d7-44c0-bf7c-5cb5e6cf7bc4/datanode-2/data/ratis/5743b342-640f-4931-9abd-9c7b42edd3a2/sm/snapshot.1_25
2022-06-24 23:49:55,199 [4178a181-7a8b-49ec-906e-515996c40b3d@group-9C7B42EDD3A2-FollowerState] INFO  impl.FollowerState (FollowerState.java:run(152)) - 4178a181-7a8b-49ec-906e-515996c40b3d@group-9C7B42EDD3A2-FollowerState was interrupted
2022-06-24 23:49:55,200 [4178a181-7a8b-49ec-906e-515996c40b3d@group-9C7B42EDD3A2-StateMachineUpdater] INFO  ratis.ContainerStateMachine (ContainerStateMachine.java:takeSnapshot(315)) - group-9C7B42EDD3A2: Finished taking a snapshot at:(t:1, i:25) file:/home/runner/work/ozone/ozone/hadoop-ozone/integration-test/target/test-dir/MiniOzoneClusterImpl-579f371f-51d7-44c0-bf7c-5cb5e6cf7bc4/datanode-2/data/ratis/5743b342-640f-4931-9abd-9c7b42edd3a2/sm/snapshot.1_25 took: 1 ms
2022-06-24 23:49:55,200 [4178a181-7a8b-49ec-906e-515996c40b3d@group-9C7B42EDD3A2-StateMachineUpdater] INFO  impl.StateMachineUpdater (StateMachineUpdater.java:takeSnapshot(287)) - 4178a181-7a8b-49ec-906e-515996c40b3d@group-9C7B42EDD3A2-StateMachineUpdater: Took a snapshot at index 25
2022-06-24 23:49:55,201 [4178a181-7a8b-49ec-906e-515996c40b3d@group-9C7B42EDD3A2-StateMachineUpdater] INFO  impl.StateMachineUpdater (StateMachineUpdater.java:lambda$new$0(92)) - 4178a181-7a8b-49ec-906e-515996c40b3d@group-9C7B42EDD3A2-StateMachineUpdater: snapshotIndex: updateIncreasingly -1 -> 25
2022-06-24 23:49:55,203 [66188e3b-2de6-4632-9636-fbf530af5e5e@group-9C7B42EDD3A2-StateMachineUpdater] INFO  ratis.ContainerStateMachine (ContainerStateMachine.java:takeSnapshot(315)) - group-9C7B42EDD3A2: Finished taking a snapshot at:(t:1, i:25) file:/home/runner/work/ozone/ozone/hadoop-ozone/integration-test/target/test-dir/MiniOzoneClusterImpl-579f371f-51d7-44c0-bf7c-5cb5e6cf7bc4/datanode-1/data/ratis/5743b342-640f-4931-9abd-9c7b42edd3a2/sm/snapshot.1_25 took: 33 ms
2022-06-24 23:49:55,203 [66188e3b-2de6-4632-9636-fbf530af5e5e@group-9C7B42EDD3A2-StateMachineUpdater] INFO  impl.StateMachineUpdater (StateMachineUpdater.java:takeSnapshot(287)) - 66188e3b-2de6-4632-9636-fbf530af5e5e@group-9C7B42EDD3A2-StateMachineUpdater: Took a snapshot at index 25
2022-06-24 23:49:55,203 [66188e3b-2de6-4632-9636-fbf530af5e5e@group-9C7B42EDD3A2-StateMachineUpdater] INFO  impl.StateMachineUpdater (StateMachineUpdater.java:lambda$new$0(92)) - 66188e3b-2de6-4632-9636-fbf530af5e5e@group-9C7B42EDD3A2-StateMachineUpdater: snapshotIndex: updateIncreasingly -1 -> 25
2022-06-24 23:49:55,203 [ForkJoinPool.commonPool-worker-0] INFO  server.RaftServer$Division (ServerState.java:close(429)) - 66188e3b-2de6-4632-9636-fbf530af5e5e@group-9C7B42EDD3A2: closes. applyIndex: 25
2022-06-24 23:49:55,204 [Listener at 127.0.0.1/33165] INFO  server.RaftServer$Division (ServerState.java:close(429)) - 4178a181-7a8b-49ec-906e-515996c40b3d@group-9C7B42EDD3A2: closes. applyIndex: 25
2022-06-24 23:49:55,204 [66188e3b-2de6-4632-9636-fbf530af5e5e@group-9C7B42EDD3A2-SegmentedRaftLogWorker] INFO  segmented.SegmentedRaftLogWorker (SegmentedRaftLogWorker.java:run(336)) - 66188e3b-2de6-4632-9636-fbf530af5e5e@group-9C7B42EDD3A2-SegmentedRaftLogWorker was interrupted, exiting. There are 0 tasks remaining in the queue.
2022-06-24 23:49:55,204 [4178a181-7a8b-49ec-906e-515996c40b3d@group-9C7B42EDD3A2-SegmentedRaftLogWorker] INFO  segmented.SegmentedRaftLogWorker (SegmentedRaftLogWorker.java:run(336)) - 4178a181-7a8b-49ec-906e-515996c40b3d@group-9C7B42EDD3A2-SegmentedRaftLogWorker was interrupted, exiting. There are 0 tasks remaining in the queue.
2022-06-24 23:49:55,213 [Listener at 127.0.0.1/33165] INFO  segmented.SegmentedRaftLogWorker (SegmentedRaftLogWorker.java:close(246)) - 4178a181-7a8b-49ec-906e-515996c40b3d@group-9C7B42EDD3A2-SegmentedRaftLogWorker close()
2022-06-24 23:49:55,223 [ForkJoinPool.commonPool-worker-0] INFO  segmented.SegmentedRaftLogWorker (SegmentedRaftLogWorker.java:close(246)) - 66188e3b-2de6-4632-9636-fbf530af5e5e@group-9C7B42EDD3A2-SegmentedRaftLogWorker close()
2022-06-24 23:49:55,247 [Listener at 127.0.0.1/33165] INFO  server.RaftServer$Division (RaftServerImpl.java:lambda$close$4(434)) - 4178a181-7a8b-49ec-906e-515996c40b3d@group-FAA04F5864EB: shutdown
2022-06-24 23:49:55,247 [Listener at 127.0.0.1/33165] INFO  util.JmxRegister (JmxRegister.java:unregister(73)) - Successfully un-registered JMX Bean with object name Ratis:service=RaftServer,group=group-FAA04F5864EB,id=4178a181-7a8b-49ec-906e-515996c40b3d
2022-06-24 23:49:55,247 [Listener at 127.0.0.1/33165] INFO  impl.RoleInfo (RoleInfo.java:shutdownLeaderState(93)) - 4178a181-7a8b-49ec-906e-515996c40b3d: shutdown 4178a181-7a8b-49ec-906e-515996c40b3d@group-FAA04F5864EB-LeaderStateImpl
2022-06-24 23:49:55,247 [Listener at 127.0.0.1/33165] INFO  impl.PendingRequests (PendingRequests.java:sendNotLeaderResponses(282)) - 4178a181-7a8b-49ec-906e-515996c40b3d@group-FAA04F5864EB-PendingRequests: sendNotLeaderResponses
2022-06-24 23:49:55,248 [Listener at 127.0.0.1/33165] INFO  impl.StateMachineUpdater (StateMachineUpdater.java:stopAndJoin(153)) - 4178a181-7a8b-49ec-906e-515996c40b3d@group-FAA04F5864EB-StateMachineUpdater: set stopIndex = 0
2022-06-24 23:49:55,251 [4178a181-7a8b-49ec-906e-515996c40b3d@group-FAA04F5864EB-StateMachineUpdater] INFO  ratis.ContainerStateMachine (ContainerStateMachine.java:takeSnapshot(304)) - group-FAA04F5864EB: Taking a snapshot at:(t:1, i:0) file /home/runner/work/ozone/ozone/hadoop-ozone/integration-test/target/test-dir/MiniOzoneClusterImpl-579f371f-51d7-44c0-bf7c-5cb5e6cf7bc4/datanode-2/data/ratis/d99eb60d-1411-48e0-9efd-faa04f5864eb/sm/snapshot.1_0
2022-06-24 23:49:55,252 [ForkJoinPool.commonPool-worker-0] INFO  server.RaftServer$Division (RaftServerImpl.java:lambda$close$4(434)) - 66188e3b-2de6-4632-9636-fbf530af5e5e@group-4B049B5241B0: shutdown
2022-06-24 23:49:55,252 [ForkJoinPool.commonPool-worker-0] INFO  util.JmxRegister (JmxRegister.java:unregister(73)) - Successfully un-registered JMX Bean with object name Ratis:service=RaftServer,group=group-4B049B5241B0,id=66188e3b-2de6-4632-9636-fbf530af5e5e
2022-06-24 23:49:55,253 [ForkJoinPool.commonPool-worker-0] INFO  impl.RoleInfo (RoleInfo.java:shutdownLeaderState(93)) - 66188e3b-2de6-4632-9636-fbf530af5e5e: shutdown 66188e3b-2de6-4632-9636-fbf530af5e5e@group-4B049B5241B0-LeaderStateImpl
2022-06-24 23:49:55,253 [ForkJoinPool.commonPool-worker-0] INFO  impl.PendingRequests (PendingRequests.java:sendNotLeaderResponses(282)) - 66188e3b-2de6-4632-9636-fbf530af5e5e@group-4B049B5241B0-PendingRequests: sendNotLeaderResponses
2022-06-24 23:49:55,252 [4178a181-7a8b-49ec-906e-515996c40b3d@group-FAA04F5864EB-StateMachineUpdater] INFO  ratis.ContainerStateMachine (ContainerStateMachine.java:takeSnapshot(315)) - group-FAA04F5864EB: Finished taking a snapshot at:(t:1, i:0) file:/home/runner/work/ozone/ozone/hadoop-ozone/integration-test/target/test-dir/MiniOzoneClusterImpl-579f371f-51d7-44c0-bf7c-5cb5e6cf7bc4/datanode-2/data/ratis/d99eb60d-1411-48e0-9efd-faa04f5864eb/sm/snapshot.1_0 took: 1 ms
2022-06-24 23:49:55,253 [4178a181-7a8b-49ec-906e-515996c40b3d@group-FAA04F5864EB-StateMachineUpdater] INFO  impl.StateMachineUpdater (StateMachineUpdater.java:takeSnapshot(287)) - 4178a181-7a8b-49ec-906e-515996c40b3d@group-FAA04F5864EB-StateMachineUpdater: Took a snapshot at index 0
2022-06-24 23:49:55,253 [4178a181-7a8b-49ec-906e-515996c40b3d@group-FAA04F5864EB-StateMachineUpdater] INFO  impl.StateMachineUpdater (StateMachineUpdater.java:lambda$new$0(92)) - 4178a181-7a8b-49ec-906e-515996c40b3d@group-FAA04F5864EB-StateMachineUpdater: snapshotIndex: updateIncreasingly -1 -> 0
2022-06-24 23:49:55,253 [Listener at 127.0.0.1/33165] INFO  server.RaftServer$Division (ServerState.java:close(429)) - 4178a181-7a8b-49ec-906e-515996c40b3d@group-FAA04F5864EB: closes. applyIndex: 0
2022-06-24 23:49:55,254 [4178a181-7a8b-49ec-906e-515996c40b3d@group-FAA04F5864EB-SegmentedRaftLogWorker] INFO  segmented.SegmentedRaftLogWorker (SegmentedRaftLogWorker.java:run(336)) - 4178a181-7a8b-49ec-906e-515996c40b3d@group-FAA04F5864EB-SegmentedRaftLogWorker was interrupted, exiting. There are 0 tasks remaining in the queue.
2022-06-24 23:49:55,254 [Listener at 127.0.0.1/33165] INFO  segmented.SegmentedRaftLogWorker (SegmentedRaftLogWorker.java:close(246)) - 4178a181-7a8b-49ec-906e-515996c40b3d@group-FAA04F5864EB-SegmentedRaftLogWorker close()
2022-06-24 23:49:55,259 [Listener at 127.0.0.1/33165] INFO  server.GrpcService (GrpcService.java:closeImpl(269)) - 4178a181-7a8b-49ec-906e-515996c40b3d: shutdown server with port 37729 now
2022-06-24 23:49:55,270 [ForkJoinPool.commonPool-worker-0] INFO  impl.StateMachineUpdater (StateMachineUpdater.java:stopAndJoin(153)) - 66188e3b-2de6-4632-9636-fbf530af5e5e@group-4B049B5241B0-StateMachineUpdater: set stopIndex = 0
2022-06-24 23:49:55,270 [66188e3b-2de6-4632-9636-fbf530af5e5e@group-4B049B5241B0-StateMachineUpdater] INFO  ratis.ContainerStateMachine (ContainerStateMachine.java:takeSnapshot(304)) - group-4B049B5241B0: Taking a snapshot at:(t:1, i:0) file /home/runner/work/ozone/ozone/hadoop-ozone/integration-test/target/test-dir/MiniOzoneClusterImpl-579f371f-51d7-44c0-bf7c-5cb5e6cf7bc4/datanode-1/data/ratis/815cfa3c-4d40-45d9-bc84-4b049b5241b0/sm/snapshot.1_0
2022-06-24 23:49:55,271 [grpc-default-executor-6] WARN  server.GrpcClientProtocolService (LogUtils.java:warn(122)) - 1-UnorderedRequestStreamObserver1: onError: org.apache.ratis.thirdparty.io.grpc.StatusRuntimeException: CANCELLED: client cancelled
2022-06-24 23:49:55,271 [66188e3b-2de6-4632-9636-fbf530af5e5e@group-4B049B5241B0-StateMachineUpdater] INFO  ratis.ContainerStateMachine (ContainerStateMachine.java:takeSnapshot(315)) - group-4B049B5241B0: Finished taking a snapshot at:(t:1, i:0) file:/home/runner/work/ozone/ozone/hadoop-ozone/integration-test/target/test-dir/MiniOzoneClusterImpl-579f371f-51d7-44c0-bf7c-5cb5e6cf7bc4/datanode-1/data/ratis/815cfa3c-4d40-45d9-bc84-4b049b5241b0/sm/snapshot.1_0 took: 1 ms
2022-06-24 23:49:55,272 [66188e3b-2de6-4632-9636-fbf530af5e5e@group-4B049B5241B0-StateMachineUpdater] INFO  impl.StateMachineUpdater (StateMachineUpdater.java:takeSnapshot(287)) - 66188e3b-2de6-4632-9636-fbf530af5e5e@group-4B049B5241B0-StateMachineUpdater: Took a snapshot at index 0
2022-06-24 23:49:55,272 [66188e3b-2de6-4632-9636-fbf530af5e5e@group-4B049B5241B0-StateMachineUpdater] INFO  impl.StateMachineUpdater (StateMachineUpdater.java:lambda$new$0(92)) - 66188e3b-2de6-4632-9636-fbf530af5e5e@group-4B049B5241B0-StateMachineUpdater: snapshotIndex: updateIncreasingly -1 -> 0
2022-06-24 23:49:55,272 [ForkJoinPool.commonPool-worker-0] INFO  server.RaftServer$Division (ServerState.java:close(429)) - 66188e3b-2de6-4632-9636-fbf530af5e5e@group-4B049B5241B0: closes. applyIndex: 0
2022-06-24 23:49:55,272 [66188e3b-2de6-4632-9636-fbf530af5e5e@group-4B049B5241B0-SegmentedRaftLogWorker] INFO  segmented.SegmentedRaftLogWorker (SegmentedRaftLogWorker.java:run(336)) - 66188e3b-2de6-4632-9636-fbf530af5e5e@group-4B049B5241B0-SegmentedRaftLogWorker was interrupted, exiting. There are 0 tasks remaining in the queue.
2022-06-24 23:49:55,272 [ForkJoinPool.commonPool-worker-0] INFO  segmented.SegmentedRaftLogWorker (SegmentedRaftLogWorker.java:close(246)) - 66188e3b-2de6-4632-9636-fbf530af5e5e@group-4B049B5241B0-SegmentedRaftLogWorker close()
2022-06-24 23:49:55,281 [ForkJoinPool.commonPool-worker-0] INFO  server.GrpcService (GrpcService.java:closeImpl(269)) - 66188e3b-2de6-4632-9636-fbf530af5e5e: shutdown server with port 44805 now
2022-06-24 23:49:55,292 [Listener at 127.0.0.1/33165] INFO  server.GrpcService (GrpcService.java:closeImpl(278)) - 4178a181-7a8b-49ec-906e-515996c40b3d: shutdown server with port 37729 successfully
2022-06-24 23:49:55,293 [ForkJoinPool.commonPool-worker-0] INFO  server.GrpcService (GrpcService.java:closeImpl(278)) - 66188e3b-2de6-4632-9636-fbf530af5e5e: shutdown server with port 44805 successfully
2022-06-24 23:49:55,295 [org.apache.ratis.util.JvmPauseMonitor$$Lambda$627/395666382@464bb47f] INFO  util.JvmPauseMonitor (JvmPauseMonitor.java:run(109)) - JvmPauseMonitor-66188e3b-2de6-4632-9636-fbf530af5e5e: Stopped
2022-06-24 23:49:55,303 [org.apache.ratis.util.JvmPauseMonitor$$Lambda$627/395666382@7821e406] INFO  util.JvmPauseMonitor (JvmPauseMonitor.java:run(109)) - JvmPauseMonitor-4178a181-7a8b-49ec-906e-515996c40b3d: Stopped
2022-06-24 23:49:57,359 [Listener at 127.0.0.1/33165] INFO  utils.BackgroundService (BackgroundService.java:shutdown(132)) - Shutting down service BlockDeletingService
2022-06-24 23:49:57,395 [ForkJoinPool.commonPool-worker-0] INFO  utils.BackgroundService (BackgroundService.java:shutdown(132)) - Shutting down service BlockDeletingService
2022-06-24 23:50:00,400 [Listener at 127.0.0.1/33165] INFO  statemachine.DatanodeStateMachine (DatanodeStateMachine.java:stopDaemon(580)) - Ozone container server stopped.
2022-06-24 23:50:00,408 [ForkJoinPool.commonPool-worker-0] INFO  statemachine.DatanodeStateMachine (DatanodeStateMachine.java:stopDaemon(580)) - Ozone container server stopped.
2022-06-24 23:50:00,436 [Listener at 127.0.0.1/33165] INFO  handler.ContextHandler (ContextHandler.java:doStop(1153)) - Stopped o.e.j.w.WebAppContext@299b1a1c{hddsDatanode,/,null,STOPPED}{jar:file:/home/runner/.m2/repository/org/apache/ozone/hdds-container-service/1.3.0-SNAPSHOT/hdds-container-service-1.3.0-SNAPSHOT.jar!/webapps/hddsDatanode}
2022-06-24 23:50:00,446 [Listener at 127.0.0.1/33165] INFO  server.AbstractConnector (AbstractConnector.java:doStop(381)) - Stopped ServerConnector@1007d7b1{HTTP/1.1, (http/1.1)}{0.0.0.0:0}
2022-06-24 23:50:00,446 [Listener at 127.0.0.1/33165] INFO  server.session (HouseKeeper.java:stopScavenging(149)) - node0 Stopped scavenging
2022-06-24 23:50:00,446 [Listener at 127.0.0.1/33165] INFO  handler.ContextHandler (ContextHandler.java:doStop(1153)) - Stopped o.e.j.s.ServletContextHandler@36823961{static,/static,jar:file:/home/runner/.m2/repository/org/apache/ozone/hdds-container-service/1.3.0-SNAPSHOT/hdds-container-service-1.3.0-SNAPSHOT.jar!/webapps/static,STOPPED}
2022-06-24 23:50:00,446 [Listener at 127.0.0.1/33165] INFO  handler.ContextHandler (ContextHandler.java:doStop(1153)) - Stopped o.e.j.s.ServletContextHandler@eaccef{logs,/logs,file:///home/runner/work/ozone/ozone/hadoop-ozone/integration-test/target/log,STOPPED}
2022-06-24 23:50:00,460 [ForkJoinPool.commonPool-worker-0] INFO  handler.ContextHandler (ContextHandler.java:doStop(1153)) - Stopped o.e.j.w.WebAppContext@6dbed05{hddsDatanode,/,null,STOPPED}{jar:file:/home/runner/.m2/repository/org/apache/ozone/hdds-container-service/1.3.0-SNAPSHOT/hdds-container-service-1.3.0-SNAPSHOT.jar!/webapps/hddsDatanode}
2022-06-24 23:50:00,460 [ForkJoinPool.commonPool-worker-0] INFO  server.AbstractConnector (AbstractConnector.java:doStop(381)) - Stopped ServerConnector@5de1b3ee{HTTP/1.1, (http/1.1)}{0.0.0.0:0}
2022-06-24 23:50:00,460 [ForkJoinPool.commonPool-worker-0] INFO  server.session (HouseKeeper.java:stopScavenging(149)) - node0 Stopped scavenging
2022-06-24 23:50:00,463 [ForkJoinPool.commonPool-worker-0] INFO  handler.ContextHandler (ContextHandler.java:doStop(1153)) - Stopped o.e.j.s.ServletContextHandler@28f05506{static,/static,jar:file:/home/runner/.m2/repository/org/apache/ozone/hdds-container-service/1.3.0-SNAPSHOT/hdds-container-service-1.3.0-SNAPSHOT.jar!/webapps/static,STOPPED}
2022-06-24 23:50:00,463 [ForkJoinPool.commonPool-worker-0] INFO  handler.ContextHandler (ContextHandler.java:doStop(1153)) - Stopped o.e.j.s.ServletContextHandler@6549398{logs,/logs,file:///home/runner/work/ozone/ozone/hadoop-ozone/integration-test/target/log,STOPPED}
2022-06-24 23:50:02,776 [b721671c-f2e0-4f32-a472-e04e394ae124@group-8D797CAEE693-FollowerState] INFO  impl.FollowerState (FollowerState.java:run(143)) - b721671c-f2e0-4f32-a472-e04e394ae124@group-8D797CAEE693-FollowerState: change to CANDIDATE, lastRpcElapsedTime:9549399204ns, electionTimeout:5171ms
2022-06-24 23:50:02,776 [b721671c-f2e0-4f32-a472-e04e394ae124@group-8D797CAEE693-FollowerState] INFO  impl.RoleInfo (RoleInfo.java:shutdownFollowerState(110)) - b721671c-f2e0-4f32-a472-e04e394ae124: shutdown b721671c-f2e0-4f32-a472-e04e394ae124@group-8D797CAEE693-FollowerState
2022-06-24 23:50:02,776 [b721671c-f2e0-4f32-a472-e04e394ae124@group-8D797CAEE693-FollowerState] INFO  server.RaftServer$Division (RaftServerImpl.java:setRole(299)) - b721671c-f2e0-4f32-a472-e04e394ae124@group-8D797CAEE693: changes role from  FOLLOWER to CANDIDATE at term 3 for changeToCandidate
2022-06-24 23:50:02,776 [b721671c-f2e0-4f32-a472-e04e394ae124@group-8D797CAEE693-FollowerState] INFO  server.RaftServerConfigKeys (ConfUtils.java:logGet(46)) - raft.server.leaderelection.pre-vote = false (custom)
2022-06-24 23:50:02,777 [b721671c-f2e0-4f32-a472-e04e394ae124@group-8D797CAEE693-FollowerState] INFO  impl.RoleInfo (RoleInfo.java:updateAndGet(139)) - b721671c-f2e0-4f32-a472-e04e394ae124: start b721671c-f2e0-4f32-a472-e04e394ae124@group-8D797CAEE693-LeaderElection51
2022-06-24 23:50:02,782 [b721671c-f2e0-4f32-a472-e04e394ae124@group-8D797CAEE693-LeaderElection51] INFO  server.RaftServer$Division (ServerState.java:setLeader(287)) - b721671c-f2e0-4f32-a472-e04e394ae124@group-8D797CAEE693: change Leader from 4178a181-7a8b-49ec-906e-515996c40b3d to null at term 3 for ELECTION
2022-06-24 23:50:02,792 [b721671c-f2e0-4f32-a472-e04e394ae124@group-8D797CAEE693-LeaderElection51] INFO  impl.LeaderElection (LeaderElection.java:askForVotes(310)) - b721671c-f2e0-4f32-a472-e04e394ae124@group-8D797CAEE693-LeaderElection51 ELECTION round 0: submit vote requests at term 4 for 0: [b721671c-f2e0-4f32-a472-e04e394ae124|rpc:10.1.0.24:41813|dataStream:|priority:0, 66188e3b-2de6-4632-9636-fbf530af5e5e|rpc:10.1.0.24:44805|dataStream:|priority:0, 4178a181-7a8b-49ec-906e-515996c40b3d|rpc:10.1.0.24:37729|dataStream:|priority:1], old=null
2022-06-24 23:50:02,855 [b721671c-f2e0-4f32-a472-e04e394ae124@group-9C7B42EDD3A2-FollowerState] INFO  impl.FollowerState (FollowerState.java:run(143)) - b721671c-f2e0-4f32-a472-e04e394ae124@group-9C7B42EDD3A2-FollowerState: change to CANDIDATE, lastRpcElapsedTime:9473186420ns, electionTimeout:5164ms
2022-06-24 23:50:02,856 [b721671c-f2e0-4f32-a472-e04e394ae124@group-9C7B42EDD3A2-FollowerState] INFO  impl.RoleInfo (RoleInfo.java:shutdownFollowerState(110)) - b721671c-f2e0-4f32-a472-e04e394ae124: shutdown b721671c-f2e0-4f32-a472-e04e394ae124@group-9C7B42EDD3A2-FollowerState
2022-06-24 23:50:02,856 [b721671c-f2e0-4f32-a472-e04e394ae124@group-9C7B42EDD3A2-FollowerState] INFO  server.RaftServer$Division (RaftServerImpl.java:setRole(299)) - b721671c-f2e0-4f32-a472-e04e394ae124@group-9C7B42EDD3A2: changes role from  FOLLOWER to CANDIDATE at term 1 for changeToCandidate
2022-06-24 23:50:02,856 [b721671c-f2e0-4f32-a472-e04e394ae124@group-9C7B42EDD3A2-FollowerState] INFO  server.RaftServerConfigKeys (ConfUtils.java:logGet(46)) - raft.server.leaderelection.pre-vote = false (custom)
2022-06-24 23:50:02,856 [b721671c-f2e0-4f32-a472-e04e394ae124@group-9C7B42EDD3A2-FollowerState] INFO  impl.RoleInfo (RoleInfo.java:updateAndGet(139)) - b721671c-f2e0-4f32-a472-e04e394ae124: start b721671c-f2e0-4f32-a472-e04e394ae124@group-9C7B42EDD3A2-LeaderElection52
2022-06-24 23:50:02,872 [b721671c-f2e0-4f32-a472-e04e394ae124@group-9C7B42EDD3A2-LeaderElection52] INFO  server.RaftServer$Division (ServerState.java:setLeader(287)) - b721671c-f2e0-4f32-a472-e04e394ae124@group-9C7B42EDD3A2: change Leader from 66188e3b-2de6-4632-9636-fbf530af5e5e to null at term 1 for ELECTION
2022-06-24 23:50:02,875 [b721671c-f2e0-4f32-a472-e04e394ae124@group-9C7B42EDD3A2-LeaderElection52] INFO  impl.LeaderElection (LeaderElection.java:askForVotes(310)) - b721671c-f2e0-4f32-a472-e04e394ae124@group-9C7B42EDD3A2-LeaderElection52 ELECTION round 0: submit vote requests at term 2 for 0: [b721671c-f2e0-4f32-a472-e04e394ae124|rpc:10.1.0.24:41813|dataStream:|priority:0, 66188e3b-2de6-4632-9636-fbf530af5e5e|rpc:10.1.0.24:44805|dataStream:|priority:1, 4178a181-7a8b-49ec-906e-515996c40b3d|rpc:10.1.0.24:37729|dataStream:|priority:0], old=null
2022-06-24 23:50:02,909 [b721671c-f2e0-4f32-a472-e04e394ae124@group-8D797CAEE693-LeaderElection51] INFO  impl.LeaderElection (LogUtils.java:infoOrTrace(137)) - b721671c-f2e0-4f32-a472-e04e394ae124@group-8D797CAEE693-LeaderElection51 got exception when requesting votes: java.util.concurrent.ExecutionException: org.apache.ratis.thirdparty.io.grpc.StatusRuntimeException: UNAVAILABLE: io exception
2022-06-24 23:50:02,910 [b721671c-f2e0-4f32-a472-e04e394ae124@group-8D797CAEE693-LeaderElection51] INFO  impl.LeaderElection (LogUtils.java:infoOrTrace(137)) - b721671c-f2e0-4f32-a472-e04e394ae124@group-8D797CAEE693-LeaderElection51 got exception when requesting votes: java.util.concurrent.ExecutionException: org.apache.ratis.thirdparty.io.grpc.StatusRuntimeException: UNAVAILABLE: io exception
2022-06-24 23:50:02,910 [b721671c-f2e0-4f32-a472-e04e394ae124@group-8D797CAEE693-LeaderElection51] INFO  impl.LeaderElection (LeaderElection.java:logAndReturn(90)) - b721671c-f2e0-4f32-a472-e04e394ae124@group-8D797CAEE693-LeaderElection51: ELECTION REJECTED received 0 response(s) and 2 exception(s):
2022-06-24 23:50:02,910 [b721671c-f2e0-4f32-a472-e04e394ae124@group-8D797CAEE693-LeaderElection51] INFO  impl.LeaderElection (LogUtils.java:infoOrTrace(137)) -   Exception 0: java.util.concurrent.ExecutionException: org.apache.ratis.thirdparty.io.grpc.StatusRuntimeException: UNAVAILABLE: io exception
2022-06-24 23:50:02,910 [b721671c-f2e0-4f32-a472-e04e394ae124@group-8D797CAEE693-LeaderElection51] INFO  impl.LeaderElection (LogUtils.java:infoOrTrace(137)) -   Exception 1: java.util.concurrent.ExecutionException: org.apache.ratis.thirdparty.io.grpc.StatusRuntimeException: UNAVAILABLE: io exception
2022-06-24 23:50:02,910 [b721671c-f2e0-4f32-a472-e04e394ae124@group-8D797CAEE693-LeaderElection51] INFO  impl.LeaderElection (LeaderElection.java:askForVotes(312)) - b721671c-f2e0-4f32-a472-e04e394ae124@group-8D797CAEE693-LeaderElection51 ELECTION round 0: result REJECTED
2022-06-24 23:50:02,910 [b721671c-f2e0-4f32-a472-e04e394ae124@group-8D797CAEE693-LeaderElection51] INFO  server.RaftServer$Division (RaftServerImpl.java:setRole(299)) - b721671c-f2e0-4f32-a472-e04e394ae124@group-8D797CAEE693: changes role from CANDIDATE to FOLLOWER at term 4 for REJECTED
2022-06-24 23:50:02,910 [b721671c-f2e0-4f32-a472-e04e394ae124@group-8D797CAEE693-LeaderElection51] INFO  impl.RoleInfo (RoleInfo.java:shutdownLeaderElection(130)) - b721671c-f2e0-4f32-a472-e04e394ae124: shutdown b721671c-f2e0-4f32-a472-e04e394ae124@group-8D797CAEE693-LeaderElection51
2022-06-24 23:50:02,910 [b721671c-f2e0-4f32-a472-e04e394ae124@group-8D797CAEE693-LeaderElection51] INFO  impl.RoleInfo (RoleInfo.java:updateAndGet(139)) - b721671c-f2e0-4f32-a472-e04e394ae124: start b721671c-f2e0-4f32-a472-e04e394ae124@group-8D797CAEE693-FollowerState
2022-06-24 23:50:02,931 [b721671c-f2e0-4f32-a472-e04e394ae124@group-9C7B42EDD3A2-LeaderElection52] INFO  impl.LeaderElection (LogUtils.java:infoOrTrace(137)) - b721671c-f2e0-4f32-a472-e04e394ae124@group-9C7B42EDD3A2-LeaderElection52 got exception when requesting votes: java.util.concurrent.ExecutionException: org.apache.ratis.thirdparty.io.grpc.StatusRuntimeException: UNAVAILABLE: io exception
2022-06-24 23:50:02,931 [b721671c-f2e0-4f32-a472-e04e394ae124@group-9C7B42EDD3A2-LeaderElection52] INFO  impl.LeaderElection (LogUtils.java:infoOrTrace(137)) - b721671c-f2e0-4f32-a472-e04e394ae124@group-9C7B42EDD3A2-LeaderElection52 got exception when requesting votes: java.util.concurrent.ExecutionException: org.apache.ratis.thirdparty.io.grpc.StatusRuntimeException: UNAVAILABLE: io exception
2022-06-24 23:50:02,931 [b721671c-f2e0-4f32-a472-e04e394ae124@group-9C7B42EDD3A2-LeaderElection52] INFO  impl.LeaderElection (LeaderElection.java:logAndReturn(90)) - b721671c-f2e0-4f32-a472-e04e394ae124@group-9C7B42EDD3A2-LeaderElection52: ELECTION REJECTED received 0 response(s) and 2 exception(s):
2022-06-24 23:50:02,931 [b721671c-f2e0-4f32-a472-e04e394ae124@group-9C7B42EDD3A2-LeaderElection52] INFO  impl.LeaderElection (LogUtils.java:infoOrTrace(137)) -   Exception 0: java.util.concurrent.ExecutionException: org.apache.ratis.thirdparty.io.grpc.StatusRuntimeException: UNAVAILABLE: io exception
2022-06-24 23:50:02,931 [b721671c-f2e0-4f32-a472-e04e394ae124@group-9C7B42EDD3A2-LeaderElection52] INFO  impl.LeaderElection (LogUtils.java:infoOrTrace(137)) -   Exception 1: java.util.concurrent.ExecutionException: org.apache.ratis.thirdparty.io.grpc.StatusRuntimeException: UNAVAILABLE: io exception
2022-06-24 23:50:02,931 [b721671c-f2e0-4f32-a472-e04e394ae124@group-9C7B42EDD3A2-LeaderElection52] INFO  impl.LeaderElection (LeaderElection.java:askForVotes(312)) - b721671c-f2e0-4f32-a472-e04e394ae124@group-9C7B42EDD3A2-LeaderElection52 ELECTION round 0: result REJECTED
2022-06-24 23:50:02,931 [b721671c-f2e0-4f32-a472-e04e394ae124@group-9C7B42EDD3A2-LeaderElection52] INFO  server.RaftServer$Division (RaftServerImpl.java:setRole(299)) - b721671c-f2e0-4f32-a472-e04e394ae124@group-9C7B42EDD3A2: changes role from CANDIDATE to FOLLOWER at term 2 for REJECTED
2022-06-24 23:50:02,931 [b721671c-f2e0-4f32-a472-e04e394ae124@group-9C7B42EDD3A2-LeaderElection52] INFO  impl.RoleInfo (RoleInfo.java:shutdownLeaderElection(130)) - b721671c-f2e0-4f32-a472-e04e394ae124: shutdown b721671c-f2e0-4f32-a472-e04e394ae124@group-9C7B42EDD3A2-LeaderElection52
2022-06-24 23:50:02,931 [b721671c-f2e0-4f32-a472-e04e394ae124@group-9C7B42EDD3A2-LeaderElection52] INFO  impl.RoleInfo (RoleInfo.java:updateAndGet(139)) - b721671c-f2e0-4f32-a472-e04e394ae124: start b721671c-f2e0-4f32-a472-e04e394ae124@group-9C7B42EDD3A2-FollowerState
2022-06-24 23:50:05,465 [ForkJoinPool.commonPool-worker-0] INFO  ozoneimpl.OzoneContainer (OzoneContainer.java:stop(365)) - Attempting to stop container services.
2022-06-24 23:50:05,466 [ForkJoinPool.commonPool-worker-0] INFO  server.RaftServer (RaftServerProxy.java:lambda$close$7(398)) - b721671c-f2e0-4f32-a472-e04e394ae124: close
2022-06-24 23:50:05,467 [ForkJoinPool.commonPool-worker-0] INFO  server.RaftServer$Division (RaftServerImpl.java:lambda$close$4(434)) - b721671c-f2e0-4f32-a472-e04e394ae124@group-8D797CAEE693: shutdown
2022-06-24 23:50:05,468 [ForkJoinPool.commonPool-worker-0] INFO  util.JmxRegister (JmxRegister.java:unregister(73)) - Successfully un-registered JMX Bean with object name Ratis:service=RaftServer,group=group-8D797CAEE693,id=b721671c-f2e0-4f32-a472-e04e394ae124
2022-06-24 23:50:05,468 [ForkJoinPool.commonPool-worker-0] INFO  impl.RoleInfo (RoleInfo.java:shutdownFollowerState(110)) - b721671c-f2e0-4f32-a472-e04e394ae124: shutdown b721671c-f2e0-4f32-a472-e04e394ae124@group-8D797CAEE693-FollowerState
2022-06-24 23:50:05,468 [ForkJoinPool.commonPool-worker-0] INFO  impl.StateMachineUpdater (StateMachineUpdater.java:stopAndJoin(153)) - b721671c-f2e0-4f32-a472-e04e394ae124@group-8D797CAEE693-StateMachineUpdater: set stopIndex = 4
2022-06-24 23:50:05,468 [b721671c-f2e0-4f32-a472-e04e394ae124@group-8D797CAEE693-FollowerState] INFO  impl.FollowerState (FollowerState.java:run(152)) - b721671c-f2e0-4f32-a472-e04e394ae124@group-8D797CAEE693-FollowerState was interrupted
2022-06-24 23:50:05,473 [Listener at 127.0.0.1/33165] INFO  ozoneimpl.OzoneContainer (OzoneContainer.java:stop(365)) - Attempting to stop container services.
2022-06-24 23:50:05,474 [Listener at 127.0.0.1/33165] INFO  server.RaftServer (RaftServerProxy.java:lambda$close$7(398)) - 51490d26-ad7a-4947-a556-931448a53f1d: close
2022-06-24 23:50:05,474 [Listener at 127.0.0.1/33165] INFO  server.RaftServer$Division (RaftServerImpl.java:lambda$close$4(434)) - 51490d26-ad7a-4947-a556-931448a53f1d@group-D5300F8C0BF2: shutdown
2022-06-24 23:50:05,474 [Listener at 127.0.0.1/33165] INFO  util.JmxRegister (JmxRegister.java:unregister(73)) - Successfully un-registered JMX Bean with object name Ratis:service=RaftServer,group=group-D5300F8C0BF2,id=51490d26-ad7a-4947-a556-931448a53f1d
2022-06-24 23:50:05,474 [Listener at 127.0.0.1/33165] INFO  impl.RoleInfo (RoleInfo.java:shutdownLeaderState(93)) - 51490d26-ad7a-4947-a556-931448a53f1d: shutdown 51490d26-ad7a-4947-a556-931448a53f1d@group-D5300F8C0BF2-LeaderStateImpl
2022-06-24 23:50:05,474 [Listener at 127.0.0.1/33165] INFO  impl.PendingRequests (PendingRequests.java:sendNotLeaderResponses(282)) - 51490d26-ad7a-4947-a556-931448a53f1d@group-D5300F8C0BF2-PendingRequests: sendNotLeaderResponses
2022-06-24 23:50:05,475 [Listener at 127.0.0.1/33165] INFO  impl.StateMachineUpdater (StateMachineUpdater.java:stopAndJoin(153)) - 51490d26-ad7a-4947-a556-931448a53f1d@group-D5300F8C0BF2-StateMachineUpdater: set stopIndex = 0
2022-06-24 23:50:05,475 [51490d26-ad7a-4947-a556-931448a53f1d@group-D5300F8C0BF2-StateMachineUpdater] INFO  ratis.ContainerStateMachine (ContainerStateMachine.java:takeSnapshot(304)) - group-D5300F8C0BF2: Taking a snapshot at:(t:1, i:0) file /home/runner/work/ozone/ozone/hadoop-ozone/integration-test/target/test-dir/MiniOzoneClusterImpl-579f371f-51d7-44c0-bf7c-5cb5e6cf7bc4/datanode-4/data/ratis/63e47816-0c37-45db-9588-d5300f8c0bf2/sm/snapshot.1_0
2022-06-24 23:50:05,477 [51490d26-ad7a-4947-a556-931448a53f1d@group-D5300F8C0BF2-StateMachineUpdater] INFO  ratis.ContainerStateMachine (ContainerStateMachine.java:takeSnapshot(315)) - group-D5300F8C0BF2: Finished taking a snapshot at:(t:1, i:0) file:/home/runner/work/ozone/ozone/hadoop-ozone/integration-test/target/test-dir/MiniOzoneClusterImpl-579f371f-51d7-44c0-bf7c-5cb5e6cf7bc4/datanode-4/data/ratis/63e47816-0c37-45db-9588-d5300f8c0bf2/sm/snapshot.1_0 took: 1 ms
2022-06-24 23:50:05,477 [51490d26-ad7a-4947-a556-931448a53f1d@group-D5300F8C0BF2-StateMachineUpdater] INFO  impl.StateMachineUpdater (StateMachineUpdater.java:takeSnapshot(287)) - 51490d26-ad7a-4947-a556-931448a53f1d@group-D5300F8C0BF2-StateMachineUpdater: Took a snapshot at index 0
2022-06-24 23:50:05,477 [51490d26-ad7a-4947-a556-931448a53f1d@group-D5300F8C0BF2-StateMachineUpdater] INFO  impl.StateMachineUpdater (StateMachineUpdater.java:lambda$new$0(92)) - 51490d26-ad7a-4947-a556-931448a53f1d@group-D5300F8C0BF2-StateMachineUpdater: snapshotIndex: updateIncreasingly -1 -> 0
2022-06-24 23:50:05,477 [Listener at 127.0.0.1/33165] INFO  server.RaftServer$Division (ServerState.java:close(429)) - 51490d26-ad7a-4947-a556-931448a53f1d@group-D5300F8C0BF2: closes. applyIndex: 0
2022-06-24 23:50:05,478 [51490d26-ad7a-4947-a556-931448a53f1d@group-D5300F8C0BF2-SegmentedRaftLogWorker] INFO  segmented.SegmentedRaftLogWorker (SegmentedRaftLogWorker.java:run(336)) - 51490d26-ad7a-4947-a556-931448a53f1d@group-D5300F8C0BF2-SegmentedRaftLogWorker was interrupted, exiting. There are 0 tasks remaining in the queue.
2022-06-24 23:50:05,478 [Listener at 127.0.0.1/33165] INFO  segmented.SegmentedRaftLogWorker (SegmentedRaftLogWorker.java:close(246)) - 51490d26-ad7a-4947-a556-931448a53f1d@group-D5300F8C0BF2-SegmentedRaftLogWorker close()
2022-06-24 23:50:05,480 [Listener at 127.0.0.1/33165] INFO  server.GrpcService (GrpcService.java:closeImpl(269)) - 51490d26-ad7a-4947-a556-931448a53f1d: shutdown server with port 46001 now
2022-06-24 23:50:05,480 [Listener at 127.0.0.1/33165] INFO  server.GrpcService (GrpcService.java:closeImpl(278)) - 51490d26-ad7a-4947-a556-931448a53f1d: shutdown server with port 46001 successfully
2022-06-24 23:50:05,481 [org.apache.ratis.util.JvmPauseMonitor$$Lambda$627/395666382@610ab4e7] INFO  util.JvmPauseMonitor (JvmPauseMonitor.java:run(109)) - JvmPauseMonitor-51490d26-ad7a-4947-a556-931448a53f1d: Stopped
2022-06-24 23:50:05,491 [b721671c-f2e0-4f32-a472-e04e394ae124@group-8D797CAEE693-StateMachineUpdater] INFO  ratis.ContainerStateMachine (ContainerStateMachine.java:takeSnapshot(304)) - group-8D797CAEE693: Taking a snapshot at:(t:3, i:4) file /home/runner/work/ozone/ozone/hadoop-ozone/integration-test/target/test-dir/MiniOzoneClusterImpl-579f371f-51d7-44c0-bf7c-5cb5e6cf7bc4/datanode-0/data/ratis/f1577632-2f66-451e-a2db-8d797caee693/sm/snapshot.3_4
2022-06-24 23:50:05,496 [b721671c-f2e0-4f32-a472-e04e394ae124@group-8D797CAEE693-StateMachineUpdater] INFO  ratis.ContainerStateMachine (ContainerStateMachine.java:takeSnapshot(315)) - group-8D797CAEE693: Finished taking a snapshot at:(t:3, i:4) file:/home/runner/work/ozone/ozone/hadoop-ozone/integration-test/target/test-dir/MiniOzoneClusterImpl-579f371f-51d7-44c0-bf7c-5cb5e6cf7bc4/datanode-0/data/ratis/f1577632-2f66-451e-a2db-8d797caee693/sm/snapshot.3_4 took: 5 ms
2022-06-24 23:50:05,496 [b721671c-f2e0-4f32-a472-e04e394ae124@group-8D797CAEE693-StateMachineUpdater] INFO  impl.StateMachineUpdater (StateMachineUpdater.java:takeSnapshot(287)) - b721671c-f2e0-4f32-a472-e04e394ae124@group-8D797CAEE693-StateMachineUpdater: Took a snapshot at index 4
2022-06-24 23:50:05,496 [b721671c-f2e0-4f32-a472-e04e394ae124@group-8D797CAEE693-StateMachineUpdater] INFO  impl.StateMachineUpdater (StateMachineUpdater.java:lambda$new$0(92)) - b721671c-f2e0-4f32-a472-e04e394ae124@group-8D797CAEE693-StateMachineUpdater: snapshotIndex: updateIncreasingly -1 -> 4
2022-06-24 23:50:05,501 [ForkJoinPool.commonPool-worker-0] INFO  server.RaftServer$Division (ServerState.java:close(429)) - b721671c-f2e0-4f32-a472-e04e394ae124@group-8D797CAEE693: closes. applyIndex: 4
2022-06-24 23:50:05,501 [b721671c-f2e0-4f32-a472-e04e394ae124@group-8D797CAEE693-SegmentedRaftLogWorker] INFO  segmented.SegmentedRaftLogWorker (SegmentedRaftLogWorker.java:run(336)) - b721671c-f2e0-4f32-a472-e04e394ae124@group-8D797CAEE693-SegmentedRaftLogWorker was interrupted, exiting. There are 0 tasks remaining in the queue.
2022-06-24 23:50:05,501 [ForkJoinPool.commonPool-worker-0] INFO  segmented.SegmentedRaftLogWorker (SegmentedRaftLogWorker.java:close(246)) - b721671c-f2e0-4f32-a472-e04e394ae124@group-8D797CAEE693-SegmentedRaftLogWorker close()
2022-06-24 23:50:05,503 [ForkJoinPool.commonPool-worker-0] INFO  server.RaftServer$Division (RaftServerImpl.java:lambda$close$4(434)) - b721671c-f2e0-4f32-a472-e04e394ae124@group-9C7B42EDD3A2: shutdown
2022-06-24 23:50:05,503 [ForkJoinPool.commonPool-worker-0] INFO  util.JmxRegister (JmxRegister.java:unregister(73)) - Successfully un-registered JMX Bean with object name Ratis:service=RaftServer,group=group-9C7B42EDD3A2,id=b721671c-f2e0-4f32-a472-e04e394ae124
2022-06-24 23:50:05,503 [ForkJoinPool.commonPool-worker-0] INFO  impl.RoleInfo (RoleInfo.java:shutdownFollowerState(110)) - b721671c-f2e0-4f32-a472-e04e394ae124: shutdown b721671c-f2e0-4f32-a472-e04e394ae124@group-9C7B42EDD3A2-FollowerState
2022-06-24 23:50:05,503 [b721671c-f2e0-4f32-a472-e04e394ae124@group-9C7B42EDD3A2-FollowerState] INFO  impl.FollowerState (FollowerState.java:run(152)) - b721671c-f2e0-4f32-a472-e04e394ae124@group-9C7B42EDD3A2-FollowerState was interrupted
2022-06-24 23:50:05,503 [ForkJoinPool.commonPool-worker-0] INFO  impl.StateMachineUpdater (StateMachineUpdater.java:stopAndJoin(153)) - b721671c-f2e0-4f32-a472-e04e394ae124@group-9C7B42EDD3A2-StateMachineUpdater: set stopIndex = 25
2022-06-24 23:50:05,503 [b721671c-f2e0-4f32-a472-e04e394ae124@group-9C7B42EDD3A2-StateMachineUpdater] INFO  ratis.ContainerStateMachine (ContainerStateMachine.java:takeSnapshot(304)) - group-9C7B42EDD3A2: Taking a snapshot at:(t:1, i:25) file /home/runner/work/ozone/ozone/hadoop-ozone/integration-test/target/test-dir/MiniOzoneClusterImpl-579f371f-51d7-44c0-bf7c-5cb5e6cf7bc4/datanode-0/data/ratis/5743b342-640f-4931-9abd-9c7b42edd3a2/sm/snapshot.1_25
2022-06-24 23:50:05,505 [b721671c-f2e0-4f32-a472-e04e394ae124@group-9C7B42EDD3A2-StateMachineUpdater] INFO  ratis.ContainerStateMachine (ContainerStateMachine.java:takeSnapshot(315)) - group-9C7B42EDD3A2: Finished taking a snapshot at:(t:1, i:25) file:/home/runner/work/ozone/ozone/hadoop-ozone/integration-test/target/test-dir/MiniOzoneClusterImpl-579f371f-51d7-44c0-bf7c-5cb5e6cf7bc4/datanode-0/data/ratis/5743b342-640f-4931-9abd-9c7b42edd3a2/sm/snapshot.1_25 took: 2 ms
2022-06-24 23:50:05,505 [b721671c-f2e0-4f32-a472-e04e394ae124@group-9C7B42EDD3A2-StateMachineUpdater] INFO  impl.StateMachineUpdater (StateMachineUpdater.java:takeSnapshot(287)) - b721671c-f2e0-4f32-a472-e04e394ae124@group-9C7B42EDD3A2-StateMachineUpdater: Took a snapshot at index 25
2022-06-24 23:50:05,505 [b721671c-f2e0-4f32-a472-e04e394ae124@group-9C7B42EDD3A2-StateMachineUpdater] INFO  impl.StateMachineUpdater (StateMachineUpdater.java:lambda$new$0(92)) - b721671c-f2e0-4f32-a472-e04e394ae124@group-9C7B42EDD3A2-StateMachineUpdater: snapshotIndex: updateIncreasingly -1 -> 25
2022-06-24 23:50:05,506 [ForkJoinPool.commonPool-worker-0] INFO  server.RaftServer$Division (ServerState.java:close(429)) - b721671c-f2e0-4f32-a472-e04e394ae124@group-9C7B42EDD3A2: closes. applyIndex: 25
2022-06-24 23:50:05,506 [b721671c-f2e0-4f32-a472-e04e394ae124@group-9C7B42EDD3A2-SegmentedRaftLogWorker] INFO  segmented.SegmentedRaftLogWorker (SegmentedRaftLogWorker.java:run(336)) - b721671c-f2e0-4f32-a472-e04e394ae124@group-9C7B42EDD3A2-SegmentedRaftLogWorker was interrupted, exiting. There are 0 tasks remaining in the queue.
2022-06-24 23:50:05,506 [ForkJoinPool.commonPool-worker-0] INFO  segmented.SegmentedRaftLogWorker (SegmentedRaftLogWorker.java:close(246)) - b721671c-f2e0-4f32-a472-e04e394ae124@group-9C7B42EDD3A2-SegmentedRaftLogWorker close()
2022-06-24 23:50:05,526 [ForkJoinPool.commonPool-worker-0] INFO  server.RaftServer$Division (RaftServerImpl.java:lambda$close$4(434)) - b721671c-f2e0-4f32-a472-e04e394ae124@group-7B346AE8608F: shutdown
2022-06-24 23:50:05,526 [ForkJoinPool.commonPool-worker-0] INFO  util.JmxRegister (JmxRegister.java:unregister(73)) - Successfully un-registered JMX Bean with object name Ratis:service=RaftServer,group=group-7B346AE8608F,id=b721671c-f2e0-4f32-a472-e04e394ae124
2022-06-24 23:50:05,526 [ForkJoinPool.commonPool-worker-0] INFO  impl.RoleInfo (RoleInfo.java:shutdownLeaderState(93)) - b721671c-f2e0-4f32-a472-e04e394ae124: shutdown b721671c-f2e0-4f32-a472-e04e394ae124@group-7B346AE8608F-LeaderStateImpl
2022-06-24 23:50:05,526 [ForkJoinPool.commonPool-worker-0] INFO  impl.PendingRequests (PendingRequests.java:sendNotLeaderResponses(282)) - b721671c-f2e0-4f32-a472-e04e394ae124@group-7B346AE8608F-PendingRequests: sendNotLeaderResponses
2022-06-24 23:50:05,527 [ForkJoinPool.commonPool-worker-0] INFO  impl.StateMachineUpdater (StateMachineUpdater.java:stopAndJoin(153)) - b721671c-f2e0-4f32-a472-e04e394ae124@group-7B346AE8608F-StateMachineUpdater: set stopIndex = 0
2022-06-24 23:50:05,527 [b721671c-f2e0-4f32-a472-e04e394ae124@group-7B346AE8608F-StateMachineUpdater] INFO  ratis.ContainerStateMachine (ContainerStateMachine.java:takeSnapshot(304)) - group-7B346AE8608F: Taking a snapshot at:(t:1, i:0) file /home/runner/work/ozone/ozone/hadoop-ozone/integration-test/target/test-dir/MiniOzoneClusterImpl-579f371f-51d7-44c0-bf7c-5cb5e6cf7bc4/datanode-0/data/ratis/cf8ef9aa-2031-403c-acc1-7b346ae8608f/sm/snapshot.1_0
2022-06-24 23:50:05,529 [b721671c-f2e0-4f32-a472-e04e394ae124@group-7B346AE8608F-StateMachineUpdater] INFO  ratis.ContainerStateMachine (ContainerStateMachine.java:takeSnapshot(315)) - group-7B346AE8608F: Finished taking a snapshot at:(t:1, i:0) file:/home/runner/work/ozone/ozone/hadoop-ozone/integration-test/target/test-dir/MiniOzoneClusterImpl-579f371f-51d7-44c0-bf7c-5cb5e6cf7bc4/datanode-0/data/ratis/cf8ef9aa-2031-403c-acc1-7b346ae8608f/sm/snapshot.1_0 took: 2 ms
2022-06-24 23:50:05,529 [b721671c-f2e0-4f32-a472-e04e394ae124@group-7B346AE8608F-StateMachineUpdater] INFO  impl.StateMachineUpdater (StateMachineUpdater.java:takeSnapshot(287)) - b721671c-f2e0-4f32-a472-e04e394ae124@group-7B346AE8608F-StateMachineUpdater: Took a snapshot at index 0
2022-06-24 23:50:05,529 [b721671c-f2e0-4f32-a472-e04e394ae124@group-7B346AE8608F-StateMachineUpdater] INFO  impl.StateMachineUpdater (StateMachineUpdater.java:lambda$new$0(92)) - b721671c-f2e0-4f32-a472-e04e394ae124@group-7B346AE8608F-StateMachineUpdater: snapshotIndex: updateIncreasingly -1 -> 0
2022-06-24 23:50:05,534 [ForkJoinPool.commonPool-worker-0] INFO  server.RaftServer$Division (ServerState.java:close(429)) - b721671c-f2e0-4f32-a472-e04e394ae124@group-7B346AE8608F: closes. applyIndex: 0
2022-06-24 23:50:05,535 [b721671c-f2e0-4f32-a472-e04e394ae124@group-7B346AE8608F-SegmentedRaftLogWorker] INFO  segmented.SegmentedRaftLogWorker (SegmentedRaftLogWorker.java:run(336)) - b721671c-f2e0-4f32-a472-e04e394ae124@group-7B346AE8608F-SegmentedRaftLogWorker was interrupted, exiting. There are 0 tasks remaining in the queue.
2022-06-24 23:50:05,535 [ForkJoinPool.commonPool-worker-0] INFO  segmented.SegmentedRaftLogWorker (SegmentedRaftLogWorker.java:close(246)) - b721671c-f2e0-4f32-a472-e04e394ae124@group-7B346AE8608F-SegmentedRaftLogWorker close()
2022-06-24 23:50:05,557 [ForkJoinPool.commonPool-worker-0] INFO  server.GrpcService (GrpcService.java:closeImpl(269)) - b721671c-f2e0-4f32-a472-e04e394ae124: shutdown server with port 41813 now
2022-06-24 23:50:05,558 [ForkJoinPool.commonPool-worker-0] INFO  server.GrpcService (GrpcService.java:closeImpl(278)) - b721671c-f2e0-4f32-a472-e04e394ae124: shutdown server with port 41813 successfully
2022-06-24 23:50:05,558 [org.apache.ratis.util.JvmPauseMonitor$$Lambda$627/395666382@7fe1a894] INFO  util.JvmPauseMonitor (JvmPauseMonitor.java:run(109)) - JvmPauseMonitor-b721671c-f2e0-4f32-a472-e04e394ae124: Stopped
2022-06-24 23:50:07,500 [Listener at 127.0.0.1/33165] INFO  utils.BackgroundService (BackgroundService.java:shutdown(132)) - Shutting down service BlockDeletingService
2022-06-24 23:50:07,606 [ForkJoinPool.commonPool-worker-0] INFO  utils.BackgroundService (BackgroundService.java:shutdown(132)) - Shutting down service BlockDeletingService
2022-06-24 23:50:10,553 [Listener at 127.0.0.1/33165] INFO  statemachine.DatanodeStateMachine (DatanodeStateMachine.java:stopDaemon(580)) - Ozone container server stopped.
2022-06-24 23:50:10,572 [Listener at 127.0.0.1/33165] INFO  handler.ContextHandler (ContextHandler.java:doStop(1153)) - Stopped o.e.j.w.WebAppContext@6223136{hddsDatanode,/,null,STOPPED}{jar:file:/home/runner/.m2/repository/org/apache/ozone/hdds-container-service/1.3.0-SNAPSHOT/hdds-container-service-1.3.0-SNAPSHOT.jar!/webapps/hddsDatanode}
2022-06-24 23:50:10,587 [Listener at 127.0.0.1/33165] INFO  server.AbstractConnector (AbstractConnector.java:doStop(381)) - Stopped ServerConnector@37f63be5{HTTP/1.1, (http/1.1)}{0.0.0.0:0}
2022-06-24 23:50:10,587 [Listener at 127.0.0.1/33165] INFO  server.session (HouseKeeper.java:stopScavenging(149)) - node0 Stopped scavenging
2022-06-24 23:50:10,588 [Listener at 127.0.0.1/33165] INFO  handler.ContextHandler (ContextHandler.java:doStop(1153)) - Stopped o.e.j.s.ServletContextHandler@67fb8066{static,/static,jar:file:/home/runner/.m2/repository/org/apache/ozone/hdds-container-service/1.3.0-SNAPSHOT/hdds-container-service-1.3.0-SNAPSHOT.jar!/webapps/static,STOPPED}
2022-06-24 23:50:10,588 [Listener at 127.0.0.1/33165] INFO  handler.ContextHandler (ContextHandler.java:doStop(1153)) - Stopped o.e.j.s.ServletContextHandler@5e31df0a{logs,/logs,file:///home/runner/work/ozone/ozone/hadoop-ozone/integration-test/target/log,STOPPED}
2022-06-24 23:50:10,619 [ForkJoinPool.commonPool-worker-0] INFO  statemachine.DatanodeStateMachine (DatanodeStateMachine.java:stopDaemon(580)) - Ozone container server stopped.
2022-06-24 23:50:10,677 [ForkJoinPool.commonPool-worker-0] INFO  handler.ContextHandler (ContextHandler.java:doStop(1153)) - Stopped o.e.j.w.WebAppContext@422cb504{hddsDatanode,/,null,STOPPED}{jar:file:/home/runner/.m2/repository/org/apache/ozone/hdds-container-service/1.3.0-SNAPSHOT/hdds-container-service-1.3.0-SNAPSHOT.jar!/webapps/hddsDatanode}
2022-06-24 23:50:10,684 [ForkJoinPool.commonPool-worker-0] INFO  server.AbstractConnector (AbstractConnector.java:doStop(381)) - Stopped ServerConnector@25a7fc5{HTTP/1.1, (http/1.1)}{0.0.0.0:0}
2022-06-24 23:50:10,684 [ForkJoinPool.commonPool-worker-0] INFO  server.session (HouseKeeper.java:stopScavenging(149)) - node0 Stopped scavenging
2022-06-24 23:50:10,684 [ForkJoinPool.commonPool-worker-0] INFO  handler.ContextHandler (ContextHandler.java:doStop(1153)) - Stopped o.e.j.s.ServletContextHandler@1bd3906e{static,/static,jar:file:/home/runner/.m2/repository/org/apache/ozone/hdds-container-service/1.3.0-SNAPSHOT/hdds-container-service-1.3.0-SNAPSHOT.jar!/webapps/static,STOPPED}
2022-06-24 23:50:10,685 [ForkJoinPool.commonPool-worker-0] INFO  handler.ContextHandler (ContextHandler.java:doStop(1153)) - Stopped o.e.j.s.ServletContextHandler@749ad467{logs,/logs,file:///home/runner/work/ozone/ozone/hadoop-ozone/integration-test/target/log,STOPPED}
2022-06-24 23:50:15,593 [Listener at 127.0.0.1/33165] INFO  ozoneimpl.OzoneContainer (OzoneContainer.java:stop(365)) - Attempting to stop container services.
2022-06-24 23:50:15,596 [Listener at 127.0.0.1/33165] INFO  server.RaftServer (RaftServerProxy.java:lambda$close$7(398)) - 87fb9657-1567-464e-bbce-51798844cbf7: close
2022-06-24 23:50:15,597 [Listener at 127.0.0.1/33165] INFO  server.RaftServer$Division (RaftServerImpl.java:lambda$close$4(434)) - 87fb9657-1567-464e-bbce-51798844cbf7@group-B48B88EBAB1D: shutdown
2022-06-24 23:50:15,597 [Listener at 127.0.0.1/33165] INFO  util.JmxRegister (JmxRegister.java:unregister(73)) - Successfully un-registered JMX Bean with object name Ratis:service=RaftServer,group=group-B48B88EBAB1D,id=87fb9657-1567-464e-bbce-51798844cbf7
2022-06-24 23:50:15,597 [Listener at 127.0.0.1/33165] INFO  impl.RoleInfo (RoleInfo.java:shutdownLeaderState(93)) - 87fb9657-1567-464e-bbce-51798844cbf7: shutdown 87fb9657-1567-464e-bbce-51798844cbf7@group-B48B88EBAB1D-LeaderStateImpl
2022-06-24 23:50:15,597 [Listener at 127.0.0.1/33165] INFO  impl.PendingRequests (PendingRequests.java:sendNotLeaderResponses(282)) - 87fb9657-1567-464e-bbce-51798844cbf7@group-B48B88EBAB1D-PendingRequests: sendNotLeaderResponses
2022-06-24 23:50:15,598 [Listener at 127.0.0.1/33165] INFO  impl.StateMachineUpdater (StateMachineUpdater.java:stopAndJoin(153)) - 87fb9657-1567-464e-bbce-51798844cbf7@group-B48B88EBAB1D-StateMachineUpdater: set stopIndex = 0
2022-06-24 23:50:15,598 [87fb9657-1567-464e-bbce-51798844cbf7@group-B48B88EBAB1D-StateMachineUpdater] INFO  ratis.ContainerStateMachine (ContainerStateMachine.java:takeSnapshot(304)) - group-B48B88EBAB1D: Taking a snapshot at:(t:1, i:0) file /home/runner/work/ozone/ozone/hadoop-ozone/integration-test/target/test-dir/MiniOzoneClusterImpl-579f371f-51d7-44c0-bf7c-5cb5e6cf7bc4/datanode-3/data/ratis/bc4460fc-0603-4433-ad8a-b48b88ebab1d/sm/snapshot.1_0
2022-06-24 23:50:15,600 [87fb9657-1567-464e-bbce-51798844cbf7@group-B48B88EBAB1D-StateMachineUpdater] INFO  ratis.ContainerStateMachine (ContainerStateMachine.java:takeSnapshot(315)) - group-B48B88EBAB1D: Finished taking a snapshot at:(t:1, i:0) file:/home/runner/work/ozone/ozone/hadoop-ozone/integration-test/target/test-dir/MiniOzoneClusterImpl-579f371f-51d7-44c0-bf7c-5cb5e6cf7bc4/datanode-3/data/ratis/bc4460fc-0603-4433-ad8a-b48b88ebab1d/sm/snapshot.1_0 took: 2 ms
2022-06-24 23:50:15,600 [87fb9657-1567-464e-bbce-51798844cbf7@group-B48B88EBAB1D-StateMachineUpdater] INFO  impl.StateMachineUpdater (StateMachineUpdater.java:takeSnapshot(287)) - 87fb9657-1567-464e-bbce-51798844cbf7@group-B48B88EBAB1D-StateMachineUpdater: Took a snapshot at index 0
2022-06-24 23:50:15,600 [87fb9657-1567-464e-bbce-51798844cbf7@group-B48B88EBAB1D-StateMachineUpdater] INFO  impl.StateMachineUpdater (StateMachineUpdater.java:lambda$new$0(92)) - 87fb9657-1567-464e-bbce-51798844cbf7@group-B48B88EBAB1D-StateMachineUpdater: snapshotIndex: updateIncreasingly -1 -> 0
2022-06-24 23:50:15,601 [Listener at 127.0.0.1/33165] INFO  server.RaftServer$Division (ServerState.java:close(429)) - 87fb9657-1567-464e-bbce-51798844cbf7@group-B48B88EBAB1D: closes. applyIndex: 0
2022-06-24 23:50:15,603 [87fb9657-1567-464e-bbce-51798844cbf7@group-B48B88EBAB1D-SegmentedRaftLogWorker] INFO  segmented.SegmentedRaftLogWorker (SegmentedRaftLogWorker.java:run(336)) - 87fb9657-1567-464e-bbce-51798844cbf7@group-B48B88EBAB1D-SegmentedRaftLogWorker was interrupted, exiting. There are 0 tasks remaining in the queue.
2022-06-24 23:50:15,604 [Listener at 127.0.0.1/33165] INFO  segmented.SegmentedRaftLogWorker (SegmentedRaftLogWorker.java:close(246)) - 87fb9657-1567-464e-bbce-51798844cbf7@group-B48B88EBAB1D-SegmentedRaftLogWorker close()
2022-06-24 23:50:15,631 [Listener at 127.0.0.1/33165] INFO  server.GrpcService (GrpcService.java:closeImpl(269)) - 87fb9657-1567-464e-bbce-51798844cbf7: shutdown server with port 44643 now
2022-06-24 23:50:15,636 [Listener at 127.0.0.1/33165] INFO  server.GrpcService (GrpcService.java:closeImpl(278)) - 87fb9657-1567-464e-bbce-51798844cbf7: shutdown server with port 44643 successfully
2022-06-24 23:50:15,640 [org.apache.ratis.util.JvmPauseMonitor$$Lambda$627/395666382@20c6deeb] INFO  util.JvmPauseMonitor (JvmPauseMonitor.java:run(109)) - JvmPauseMonitor-87fb9657-1567-464e-bbce-51798844cbf7: Stopped
2022-06-24 23:50:17,676 [Listener at 127.0.0.1/33165] INFO  utils.BackgroundService (BackgroundService.java:shutdown(132)) - Shutting down service BlockDeletingService
2022-06-24 23:50:20,683 [Listener at 127.0.0.1/33165] INFO  statemachine.DatanodeStateMachine (DatanodeStateMachine.java:stopDaemon(580)) - Ozone container server stopped.
2022-06-24 23:50:20,704 [Listener at 127.0.0.1/33165] INFO  handler.ContextHandler (ContextHandler.java:doStop(1153)) - Stopped o.e.j.w.WebAppContext@7ef7baad{hddsDatanode,/,null,STOPPED}{jar:file:/home/runner/.m2/repository/org/apache/ozone/hdds-container-service/1.3.0-SNAPSHOT/hdds-container-service-1.3.0-SNAPSHOT.jar!/webapps/hddsDatanode}
2022-06-24 23:50:20,732 [Listener at 127.0.0.1/33165] INFO  server.AbstractConnector (AbstractConnector.java:doStop(381)) - Stopped ServerConnector@7528966c{HTTP/1.1, (http/1.1)}{0.0.0.0:0}
2022-06-24 23:50:20,732 [Listener at 127.0.0.1/33165] INFO  server.session (HouseKeeper.java:stopScavenging(149)) - node0 Stopped scavenging
2022-06-24 23:50:20,732 [Listener at 127.0.0.1/33165] INFO  handler.ContextHandler (ContextHandler.java:doStop(1153)) - Stopped o.e.j.s.ServletContextHandler@7ccc0319{static,/static,jar:file:/home/runner/.m2/repository/org/apache/ozone/hdds-container-service/1.3.0-SNAPSHOT/hdds-container-service-1.3.0-SNAPSHOT.jar!/webapps/static,STOPPED}
2022-06-24 23:50:20,733 [Listener at 127.0.0.1/33165] INFO  handler.ContextHandler (ContextHandler.java:doStop(1153)) - Stopped o.e.j.s.ServletContextHandler@5dbad5d5{logs,/logs,file:///home/runner/work/ozone/ozone/hadoop-ozone/integration-test/target/log,STOPPED}
2022-06-24 23:50:20,740 [Listener at 127.0.0.1/33165] INFO  ozone.MiniOzoneClusterImpl (MiniOzoneClusterImpl.java:stopSCM(549)) - Stopping the StorageContainerManager
2022-06-24 23:50:20,741 [Listener at 127.0.0.1/33165] INFO  server.StorageContainerManager (StorageContainerManager.java:stop(1510)) - Container Balancer is not running.
2022-06-24 23:50:20,741 [Listener at 127.0.0.1/33165] INFO  server.StorageContainerManager (StorageContainerManager.java:stop(1517)) - Stopping Replication Manager Service.
2022-06-24 23:50:20,741 [Listener at 127.0.0.1/33165] INFO  replication.ReplicationManager (ReplicationManager.java:stop(212)) - Stopping Replication Monitor Thread.
2022-06-24 23:50:20,741 [ReplicationMonitor] INFO  replication.ReplicationManager (ReplicationManager.java:run(270)) - Replication Monitor Thread is stopped
2022-06-24 23:50:20,741 [Listener at 127.0.0.1/33165] INFO  server.StorageContainerManager (StorageContainerManager.java:stop(1524)) - Stopping the Datanode Admin Monitor.
2022-06-24 23:50:20,742 [Listener at 127.0.0.1/33165] INFO  server.StorageContainerManager (StorageContainerManager.java:stop(1531)) - Stopping Lease Manager of the command watchers
2022-06-24 23:50:20,742 [Listener at 127.0.0.1/33165] INFO  server.StorageContainerManager (StorageContainerManager.java:stop(1538)) - Stopping datanode service RPC server
2022-06-24 23:50:20,742 [Listener at 127.0.0.1/33165] INFO  server.SCMDatanodeProtocolServer (SCMDatanodeProtocolServer.java:stop(408)) - Stopping the RPC server for DataNodes
2022-06-24 23:50:20,742 [Listener at 127.0.0.1/33165] INFO  ipc.Server (Server.java:stop(3414)) - Stopping server on 41993
2022-06-24 23:50:20,747 [IPC Server Responder] INFO  ipc.Server (Server.java:run(1512)) - Stopping IPC Server Responder
2022-06-24 23:50:20,767 [IPC Server listener on 0] INFO  ipc.Server (Server.java:run(1376)) - Stopping IPC Server listener on 0
2022-06-24 23:50:20,791 [SCM Heartbeat Processing Thread - 0] WARN  node.NodeStateManager (NodeStateManager.java:scheduleNextHealthCheck(870)) - Current Thread is interrupted, shutting down HB processing thread for Node Manager.
2022-06-24 23:50:20,791 [Listener at 127.0.0.1/33165] INFO  server.StorageContainerManager (StorageContainerManager.java:stop(1546)) - Stopping block service RPC server
2022-06-24 23:50:20,792 [Listener at 127.0.0.1/33165] INFO  server.SCMBlockProtocolServer (SCMBlockProtocolServer.java:stop(160)) - Stopping the RPC server for Block Protocol
2022-06-24 23:50:20,792 [Listener at 127.0.0.1/33165] INFO  ipc.Server (Server.java:stop(3414)) - Stopping server on 35985
2022-06-24 23:50:20,831 [IPC Server listener on 0] INFO  ipc.Server (Server.java:run(1376)) - Stopping IPC Server listener on 0
2022-06-24 23:50:20,831 [Listener at 127.0.0.1/33165] INFO  server.StorageContainerManager (StorageContainerManager.java:stop(1553)) - Stopping the StorageContainerLocationProtocol RPC server
2022-06-24 23:50:20,831 [Listener at 127.0.0.1/33165] INFO  server.SCMClientProtocolServer (SCMClientProtocolServer.java:stop(178)) - Stopping the RPC server for Client Protocol
2022-06-24 23:50:20,831 [Listener at 127.0.0.1/33165] INFO  ipc.Server (Server.java:stop(3414)) - Stopping server on 40713
2022-06-24 23:50:20,832 [IPC Server Responder] INFO  ipc.Server (Server.java:run(1512)) - Stopping IPC Server Responder
2022-06-24 23:50:20,834 [Listener at 127.0.0.1/33165] INFO  server.StorageContainerManager (StorageContainerManager.java:stop(1560)) - Stopping Storage Container Manager HTTP server.
2022-06-24 23:50:20,834 [Listener at 127.0.0.1/33165] INFO  handler.ContextHandler (ContextHandler.java:doStop(1153)) - Stopped o.e.j.w.WebAppContext@57c5c818{scm,/,null,STOPPED}{file:/home/runner/work/ozone/ozone/hadoop-ozone/integration-test/target/test-classes/webapps/scm}
2022-06-24 23:50:20,835 [IPC Server listener on 0] INFO  ipc.Server (Server.java:run(1376)) - Stopping IPC Server listener on 0
2022-06-24 23:50:20,835 [IPC Server Responder] INFO  ipc.Server (Server.java:run(1512)) - Stopping IPC Server Responder
2022-06-24 23:50:20,837 [Listener at 127.0.0.1/33165] INFO  server.AbstractConnector (AbstractConnector.java:doStop(381)) - Stopped ServerConnector@5d88617d{HTTP/1.1, (http/1.1)}{0.0.0.0:0}
2022-06-24 23:50:20,837 [Listener at 127.0.0.1/33165] INFO  server.session (HouseKeeper.java:stopScavenging(149)) - node0 Stopped scavenging
2022-06-24 23:50:20,837 [Listener at 127.0.0.1/33165] INFO  handler.ContextHandler (ContextHandler.java:doStop(1153)) - Stopped o.e.j.s.ServletContextHandler@3f17e012{static,/static,file:///home/runner/work/ozone/ozone/hadoop-ozone/integration-test/target/test-classes/webapps/static,STOPPED}
2022-06-24 23:50:20,850 [Listener at 127.0.0.1/33165] INFO  handler.ContextHandler (ContextHandler.java:doStop(1153)) - Stopped o.e.j.s.ServletContextHandler@7b9528a7{logs,/logs,file:///home/runner/work/ozone/ozone/hadoop-ozone/integration-test/target/log,STOPPED}
2022-06-24 23:50:20,853 [Listener at 127.0.0.1/33165] INFO  server.StorageContainerManager (StorageContainerManager.java:stop(1571)) - Stopping Block Manager Service.
2022-06-24 23:50:20,853 [Listener at 127.0.0.1/33165] INFO  utils.BackgroundService (BackgroundService.java:shutdown(132)) - Shutting down service SCMBlockDeletingService
2022-06-24 23:50:20,854 [Listener at 127.0.0.1/33165] INFO  utils.BackgroundService (BackgroundService.java:shutdown(132)) - Shutting down service SCMBlockDeletingService
2022-06-24 23:50:20,854 [Listener at 127.0.0.1/33165] INFO  server.StorageContainerManager (StorageContainerManager.java:stop(1598)) - Stopping SCM Event Queue.
2022-06-24 23:50:20,859 [Listener at 127.0.0.1/33165] INFO  server.StorageContainerManager (StorageContainerManager.java:stop(1609)) - Stopping SCM HA services.
2022-06-24 23:50:20,859 [Listener at 127.0.0.1/33165] INFO  pipeline.BackgroundPipelineCreator (BackgroundPipelineCreator.java:stop(152)) - Stopping RatisPipelineUtilsThread.
2022-06-24 23:50:20,859 [RatisPipelineUtilsThread - 0] WARN  pipeline.BackgroundPipelineCreator (BackgroundPipelineCreator.java:run(179)) - RatisPipelineUtilsThread is interrupted.
2022-06-24 23:50:20,859 [BackgroundPipelineScrubberThread] WARN  BackgroundPipelineScrubber (BackgroundSCMService.java:run(110)) - BackgroundPipelineScrubber is interrupted, exit
2022-06-24 23:50:20,859 [Listener at 127.0.0.1/33165] INFO  BackgroundPipelineScrubber (BackgroundSCMService.java:stop(126)) - Stopping BackgroundPipelineScrubber Service.
2022-06-24 23:50:20,860 [Listener at 127.0.0.1/33165] INFO  server.StorageContainerManager (StorageContainerManager.java:stop(1619)) - Stopping SCM MetadataStore.
2022-06-24 23:50:20,871 [Listener at 127.0.0.1/33165] INFO  impl.MetricsSystemImpl (MetricsSystemImpl.java:stop(210)) - Stopping HddsDatanode metrics system...
2022-06-24 23:50:20,921 [prometheus] INFO  impl.MetricsSinkAdapter (MetricsSinkAdapter.java:publishMetricsFromQueue(141)) - prometheus thread interrupted.
2022-06-24 23:50:20,921 [Listener at 127.0.0.1/33165] INFO  impl.MetricsSystemImpl (MetricsSystemImpl.java:stop(216)) - HddsDatanode metrics system stopped.
2022-06-24 23:50:21,288 [Listener at 127.0.0.1/33165] WARN  server.ServerUtils (ServerUtils.java:getScmDbDir(148)) - ozone.scm.db.dirs is not configured. We recommend adding this setting. Falling back to ozone.metadata.dirs instead.
2022-06-24 23:50:21,299 [Listener at 127.0.0.1/33165] WARN  server.ServerUtils (ServerUtils.java:getScmDbDir(148)) - ozone.scm.db.dirs is not configured. We recommend adding this setting. Falling back to ozone.metadata.dirs instead.
2022-06-24 23:50:21,299 [Listener at 127.0.0.1/33165] INFO  ha.SCMHANodeDetails (SCMHANodeDetails.java:loadSCMHAConfig(209)) - ServiceID for StorageContainerManager is null
2022-06-24 23:50:21,299 [Listener at 127.0.0.1/33165] INFO  ha.SCMHANodeDetails (SCMHANodeDetails.java:loadSCMHAConfig(214)) - ozone.scm.default.service.id is not defined, falling back to ozone.scm.service.ids to find serviceID for StorageContainerManager if it is HA enabled cluster
2022-06-24 23:50:21,300 [Listener at 127.0.0.1/33165] WARN  utils.HAUtils (HAUtils.java:getMetaDir(342)) - ozone.scm.db.dirs is not configured. We recommend adding this setting. Falling back to ozone.metadata.dirs instead.
2022-06-24 23:50:21,301 [Listener at 127.0.0.1/33165] WARN  db.DBStoreBuilder (DBStoreBuilder.java:applyDBDefinition(145)) - ozone.scm.db.dirs is not configured. We recommend adding this setting. Falling back to ozone.metadata.dirs instead.
2022-06-24 23:50:21,606 [Listener at 127.0.0.1/33165] INFO  net.NodeSchemaLoader (NodeSchemaLoader.java:loadSchemaFromFile(129)) - Loading schema from [jar:file:/home/runner/.m2/repository/org/apache/ozone/hdds-common/1.3.0-SNAPSHOT/hdds-common-1.3.0-SNAPSHOT.jar!/network-topology-default.xml]
2022-06-24 23:50:21,606 [Listener at 127.0.0.1/33165] INFO  net.NodeSchemaLoader (NodeSchemaLoader.java:loadSchema(176)) - Loading network topology layer schema file
2022-06-24 23:50:21,610 [Listener at 127.0.0.1/33165] INFO  upgrade.AbstractLayoutVersionManager (AbstractLayoutVersionManager.java:init(82)) - Initializing Layout version manager with metadata layout = DATANODE_SCHEMA_V3 (version = 4), software layout = DATANODE_SCHEMA_V3 (version = 4)
2022-06-24 23:50:21,750 [Listener at 127.0.0.1/33165] INFO  reflections.Reflections (Reflections.java:scan(232)) - Reflections took 139 ms to scan 7 urls, producing 131 keys and 316 values 
2022-06-24 23:50:21,785 [Listener at 127.0.0.1/33165] INFO  ha.SequenceIdGenerator (SequenceIdGenerator.java:upgradeToSequenceId(347)) - upgrade localId to 109611004723200000
2022-06-24 23:50:21,786 [Listener at 127.0.0.1/33165] INFO  ha.SequenceIdGenerator (SequenceIdGenerator.java:upgradeToSequenceId(357)) - upgrade delTxnId to 0
2022-06-24 23:50:21,786 [Listener at 127.0.0.1/33165] INFO  ha.SequenceIdGenerator (SequenceIdGenerator.java:upgradeToSequenceId(374)) - upgrade containerId to 0
2022-06-24 23:50:21,788 [Listener at 127.0.0.1/33165] INFO  ha.SequenceIdGenerator (SequenceIdGenerator.java:<init>(218)) - Init the HA SequenceIdGenerator.
2022-06-24 23:50:21,789 [Listener at 127.0.0.1/33165] WARN  server.ServerUtils (ServerUtils.java:sanitizeUserArgs(73)) - ozone.scm.stale.node.interval value = 300000 is larger than max = 100000 based on the key value of ozone.scm.heartbeat.thread.interval, reset to the max value 100000.
2022-06-24 23:50:21,789 [Listener at 127.0.0.1/33165] WARN  server.ServerUtils (ServerUtils.java:sanitizeUserArgs(73)) - ozone.scm.stale.node.interval value = 300000 is larger than max = 100000 based on the key value of ozone.scm.heartbeat.thread.interval, reset to the max value 100000.
2022-06-24 23:50:21,806 [Listener at 127.0.0.1/33165] INFO  node.SCMNodeManager (SCMNodeManager.java:<init>(149)) - Entering startup safe mode.
2022-06-24 23:50:21,806 [Listener at 127.0.0.1/33165] INFO  algorithms.ContainerPlacementPolicyFactory (ContainerPlacementPolicyFactory.java:getPolicyInternal(86)) - Create container placement policy of type org.apache.hadoop.hdds.scm.container.placement.algorithms.SCMContainerPlacementRandom
2022-06-24 23:50:21,806 [Listener at 127.0.0.1/33165] INFO  pipeline.PipelineStateManagerImpl (PipelineStateManagerImpl.java:initialize(78)) - No pipeline exists in current db
2022-06-24 23:50:21,807 [Listener at 127.0.0.1/33165] INFO  algorithms.LeaderChoosePolicyFactory (LeaderChoosePolicyFactory.java:getPolicy(57)) - Create leader choose policy of type org.apache.hadoop.hdds.scm.pipeline.leader.choose.algorithms.MinLeaderCountChoosePolicy
2022-06-24 23:50:21,807 [Listener at 127.0.0.1/33165] INFO  algorithms.ContainerPlacementPolicyFactory (ContainerPlacementPolicyFactory.java:getPolicyInternal(86)) - Create container placement policy of type org.apache.hadoop.hdds.scm.container.placement.algorithms.SCMContainerPlacementRackScatter
2022-06-24 23:50:21,807 [Listener at 127.0.0.1/33165] INFO  pipeline.BackgroundPipelineCreator (BackgroundPipelineCreator.java:start(127)) - Starting RatisPipelineUtilsThread.
2022-06-24 23:50:21,820 [Listener at 127.0.0.1/33165] INFO  BackgroundPipelineScrubber (BackgroundSCMService.java:start(68)) - Starting BackgroundPipelineScrubber Service.
2022-06-24 23:50:21,821 [Listener at 127.0.0.1/33165] INFO  ha.SCMServiceManager (SCMServiceManager.java:register(42)) - Registering service BackgroundPipelineCreator.
2022-06-24 23:50:21,821 [Listener at 127.0.0.1/33165] INFO  ha.SCMServiceManager (SCMServiceManager.java:register(42)) - Registering service BackgroundPipelineScrubber.
2022-06-24 23:50:21,821 [Listener at 127.0.0.1/33165] INFO  ExpiredContainerReplicaOpScrubber (BackgroundSCMService.java:start(68)) - Starting ExpiredContainerReplicaOpScrubber Service.
2022-06-24 23:50:21,821 [Listener at 127.0.0.1/33165] INFO  ha.SCMServiceManager (SCMServiceManager.java:register(42)) - Registering service ExpiredContainerReplicaOpScrubber.
2022-06-24 23:50:21,822 [Listener at 127.0.0.1/33165] INFO  algorithms.PipelineChoosePolicyFactory (PipelineChoosePolicyFactory.java:createPipelineChoosePolicyFromClass(73)) - Create pipeline choose policy of type org.apache.hadoop.hdds.scm.pipeline.choose.algorithms.RandomPipelineChoosePolicy
2022-06-24 23:50:21,822 [Listener at 127.0.0.1/33165] INFO  ha.SCMServiceManager (SCMServiceManager.java:register(42)) - Registering service SCMBlockDeletingService.
2022-06-24 23:50:21,823 [Listener at 127.0.0.1/33165] INFO  ha.SCMServiceManager (SCMServiceManager.java:register(42)) - Registering service ReplicationManager.
2022-06-24 23:50:21,823 [Listener at 127.0.0.1/33165] INFO  replication.ReplicationManager (ReplicationManager.java:start(179)) - Starting Replication Monitor Thread.
2022-06-24 23:50:21,823 [Listener at 127.0.0.1/33165] INFO  safemode.ContainerSafeModeRule (ContainerSafeModeRule.java:<init>(89)) - containers with one replica threshold count 0
2022-06-24 23:50:21,823 [Listener at 127.0.0.1/33165] INFO  safemode.HealthyPipelineSafeModeRule (HealthyPipelineSafeModeRule.java:initializeRule(156)) - Total pipeline count is 0, healthy pipeline threshold count is 1
2022-06-24 23:50:21,824 [Listener at 127.0.0.1/33165] INFO  safemode.OneReplicaPipelineSafeModeRule (OneReplicaPipelineSafeModeRule.java:initializeRule(180)) - Total pipeline count is 0, pipeline's with at least one datanode reported threshold count is 0
2022-06-24 23:50:21,824 [Listener at 127.0.0.1/33165] INFO  ipc.CallQueueManager (CallQueueManager.java:<init>(90)) - Using callQueue: class java.util.concurrent.LinkedBlockingQueue, queueCapacity: 2000, scheduler: class org.apache.hadoop.ipc.DefaultRpcScheduler, ipcBackoff: false.
2022-06-24 23:50:21,825 [Socket Reader #1 for port 0] INFO  ipc.Server (Server.java:run(1265)) - Starting Socket Reader #1 for port 0
2022-06-24 23:50:21,825 [Listener at 0.0.0.0/34755] INFO  ipc.CallQueueManager (CallQueueManager.java:<init>(90)) - Using callQueue: class java.util.concurrent.LinkedBlockingQueue, queueCapacity: 2000, scheduler: class org.apache.hadoop.ipc.DefaultRpcScheduler, ipcBackoff: false.
2022-06-24 23:50:21,826 [Socket Reader #1 for port 0] INFO  ipc.Server (Server.java:run(1265)) - Starting Socket Reader #1 for port 0
2022-06-24 23:50:21,827 [Listener at 0.0.0.0/35115] INFO  ipc.CallQueueManager (CallQueueManager.java:<init>(90)) - Using callQueue: class java.util.concurrent.LinkedBlockingQueue, queueCapacity: 2000, scheduler: class org.apache.hadoop.ipc.DefaultRpcScheduler, ipcBackoff: false.
2022-06-24 23:50:21,839 [Socket Reader #1 for port 0] INFO  ipc.Server (Server.java:run(1265)) - Starting Socket Reader #1 for port 0
2022-06-24 23:50:21,859 [ReplicationMonitor] INFO  replication.ReplicationManager (ReplicationManager.java:processAll(228)) - Replication Manager is not ready to run until 3000ms after safemode exit
2022-06-24 23:50:21,957 [Listener at 0.0.0.0/35989] INFO  ha.SCMServiceManager (SCMServiceManager.java:register(42)) - Registering service ContainerBalancer.
2022-06-24 23:50:21,957 [Listener at 0.0.0.0/35989] INFO  server.StorageContainerManager (StorageContainerManager.java:<init>(400)) - 
Container Balancer status:
Key                            Value
Running                        false
Container Balancer Configuration values:
Key                                                Value
Threshold                                          10
Max Datanodes to Involve per Iteration(percent)    20
Max Size to Move per Iteration                     500GB
Max Size Entering Target per Iteration             26GB
Max Size Leaving Source per Iteration              26GB

2022-06-24 23:50:21,958 [Listener at 0.0.0.0/35989] WARN  events.EventQueue (EventQueue.java:fireEvent(216)) - No event handler registered for event TypedEvent{payloadType=SafeModeStatus, name='Safe mode status'}
2022-06-24 23:50:21,958 [Listener at 0.0.0.0/35989] INFO  ha.SCMContext (SCMContext.java:updateSafeModeStatus(228)) - Update SafeModeStatus from SafeModeStatus{safeModeStatus=true, preCheckPassed=false} to SafeModeStatus{safeModeStatus=true, preCheckPassed=false}.
2022-06-24 23:50:21,958 [Listener at 0.0.0.0/35989] INFO  server.StorageContainerManager (StorageContainerManager.java:start(1418)) - StorageContainerLocationProtocol RPC server is listening at /0.0.0.0:35989
2022-06-24 23:50:21,969 [Listener at 0.0.0.0/35989] WARN  impl.MetricsConfig (MetricsConfig.java:loadFirst(136)) - Cannot locate configuration: tried hadoop-metrics2-storagecontainermanager.properties,hadoop-metrics2.properties
2022-06-24 23:50:21,971 [Listener at 0.0.0.0/35989] INFO  impl.MetricsSystemImpl (MetricsSystemImpl.java:startTimer(378)) - Scheduled Metric snapshot period at 10 second(s).
2022-06-24 23:50:21,971 [Listener at 0.0.0.0/35989] INFO  impl.MetricsSystemImpl (MetricsSystemImpl.java:start(191)) - StorageContainerManager metrics system started
2022-06-24 23:50:22,039 [Listener at 0.0.0.0/35989] INFO  impl.MetricsSinkAdapter (MetricsSinkAdapter.java:start(204)) - Sink prometheus started
2022-06-24 23:50:22,039 [Listener at 0.0.0.0/35989] INFO  impl.MetricsSystemImpl (MetricsSystemImpl.java:registerSink(305)) - Registered sink prometheus
2022-06-24 23:50:22,078 [Listener at 0.0.0.0/35989] INFO  server.SCMClientProtocolServer (SCMClientProtocolServer.java:start(169)) - RPC server for Client  is listening at /0.0.0.0:35989
2022-06-24 23:50:22,079 [IPC Server Responder] INFO  ipc.Server (Server.java:run(1507)) - IPC Server Responder: starting
2022-06-24 23:50:22,079 [IPC Server listener on 0] INFO  ipc.Server (Server.java:run(1344)) - IPC Server listener on 0: starting
2022-06-24 23:50:22,081 [Listener at 0.0.0.0/35989] INFO  server.StorageContainerManager (StorageContainerManager.java:start(1433)) - ScmBlockLocationProtocol RPC server is listening at /0.0.0.0:35115
2022-06-24 23:50:22,082 [Listener at 0.0.0.0/35989] INFO  server.SCMBlockProtocolServer (SCMBlockProtocolServer.java:start(151)) - RPC server for Block Protocol is listening at /0.0.0.0:35115
2022-06-24 23:50:22,082 [IPC Server Responder] INFO  ipc.Server (Server.java:run(1507)) - IPC Server Responder: starting
2022-06-24 23:50:22,082 [IPC Server listener on 0] INFO  ipc.Server (Server.java:run(1344)) - IPC Server listener on 0: starting
2022-06-24 23:50:22,130 [Listener at 0.0.0.0/35989] INFO  server.SCMDatanodeProtocolServer (SCMDatanodeProtocolServer.java:start(185)) - ScmDatanodeProtocol RPC server for DataNodes is listening at /0.0.0.0:34755
2022-06-24 23:50:22,130 [IPC Server Responder] INFO  ipc.Server (Server.java:run(1507)) - IPC Server Responder: starting
2022-06-24 23:50:22,131 [IPC Server listener on 0] INFO  ipc.Server (Server.java:run(1344)) - IPC Server listener on 0: starting
2022-06-24 23:50:22,157 [Listener at 0.0.0.0/35989] INFO  http.BaseHttpServer (BaseHttpServer.java:newHttpServer2BuilderForOzone(209)) - Starting Web-server for scm at: http://0.0.0.0:0
2022-06-24 23:50:22,157 [Listener at 0.0.0.0/35989] INFO  http.BaseHttpServer (BaseHttpServer.java:<init>(107)) - Hadoop Security Enabled: false Ozone Security Enabled: false Ozone HTTP Security Enabled: false 
2022-06-24 23:50:22,158 [Listener at 0.0.0.0/35989] INFO  server.AuthenticationFilter (AuthenticationFilter.java:constructSecretProvider(240)) - Unable to initialize FileSignerSecretProvider, falling back to use random secrets.
2022-06-24 23:50:22,179 [Listener at 0.0.0.0/35989] WARN  http.HttpRequestLog (HttpRequestLog.java:getRequestLog(103)) - Jetty request log can only be enabled using Log4j
2022-06-24 23:50:22,180 [Listener at 0.0.0.0/35989] INFO  http.HttpServer2 (HttpServer2.java:addGlobalFilter(1029)) - Added global filter 'safety' (class=org.apache.hadoop.hdds.server.http.HttpServer2$QuotingInputFilter)
2022-06-24 23:50:22,181 [Listener at 0.0.0.0/35989] INFO  http.HttpServer2 (HttpServer2.java:addFilter(1005)) - Added filter static_user_filter (class=org.apache.hadoop.http.lib.StaticUserWebFilter$StaticUserFilter) to context scm
2022-06-24 23:50:22,181 [Listener at 0.0.0.0/35989] INFO  http.HttpServer2 (HttpServer2.java:addFilter(1013)) - Added filter static_user_filter (class=org.apache.hadoop.http.lib.StaticUserWebFilter$StaticUserFilter) to context static
2022-06-24 23:50:22,181 [Listener at 0.0.0.0/35989] INFO  http.HttpServer2 (HttpServer2.java:addFilter(1013)) - Added filter static_user_filter (class=org.apache.hadoop.http.lib.StaticUserWebFilter$StaticUserFilter) to context logs
2022-06-24 23:50:22,182 [Listener at 0.0.0.0/35989] INFO  http.HttpServer2 (HttpServer2.java:bindListener(1248)) - Jetty bound to port 34671
2022-06-24 23:50:22,182 [Listener at 0.0.0.0/35989] INFO  server.Server (Server.java:doStart(375)) - jetty-9.4.43.v20210629; built: 2021-06-30T11:07:22.254Z; git: 526006ecfa3af7f1a27ef3a288e2bef7ea9dd7e8; jvm 1.8.0_332-b09
2022-06-24 23:50:22,251 [org.apache.hadoop.util.JvmPauseMonitor$Monitor@75292204] INFO  util.JvmPauseMonitor (JvmPauseMonitor.java:run(188)) - Starting JVM pause monitor
2022-06-24 23:50:22,334 [Listener at 0.0.0.0/35989] INFO  server.session (DefaultSessionIdManager.java:doStart(334)) - DefaultSessionIdManager workerName=node0
2022-06-24 23:50:22,334 [Listener at 0.0.0.0/35989] INFO  server.session (DefaultSessionIdManager.java:doStart(339)) - No SessionScavenger set, using defaults
2022-06-24 23:50:22,334 [Listener at 0.0.0.0/35989] INFO  server.session (HouseKeeper.java:startScavenging(132)) - node0 Scavenging every 660000ms
2022-06-24 23:50:22,362 [Listener at 0.0.0.0/35989] INFO  handler.ContextHandler (ContextHandler.java:doStart(915)) - Started o.e.j.s.ServletContextHandler@70b0812a{logs,/logs,file:///home/runner/work/ozone/ozone/hadoop-ozone/integration-test/target/log,AVAILABLE}
2022-06-24 23:50:22,363 [Listener at 0.0.0.0/35989] INFO  handler.ContextHandler (ContextHandler.java:doStart(915)) - Started o.e.j.s.ServletContextHandler@2297b3e1{static,/static,file:///home/runner/work/ozone/ozone/hadoop-ozone/integration-test/target/test-classes/webapps/static,AVAILABLE}
2022-06-24 23:50:22,366 [Listener at 0.0.0.0/35989] INFO  handler.ContextHandler (ContextHandler.java:doStart(915)) - Started o.e.j.w.WebAppContext@20b5e5a4{scm,/,file:///home/runner/work/ozone/ozone/hadoop-ozone/integration-test/target/test-classes/webapps/scm/,AVAILABLE}{file:/home/runner/work/ozone/ozone/hadoop-ozone/integration-test/target/test-classes/webapps/scm}
2022-06-24 23:50:22,376 [Listener at 0.0.0.0/35989] INFO  server.AbstractConnector (AbstractConnector.java:doStart(331)) - Started ServerConnector@7ea5fe91{HTTP/1.1, (http/1.1)}{0.0.0.0:34671}
2022-06-24 23:50:22,376 [Listener at 0.0.0.0/35989] INFO  server.Server (Server.java:doStart(415)) - Started @335956ms
2022-06-24 23:50:22,376 [Listener at 0.0.0.0/35989] WARN  impl.MetricsSystemImpl (MetricsSystemImpl.java:register(279)) - Sink prometheus already exists!
2022-06-24 23:50:22,381 [Listener at 0.0.0.0/35989] INFO  http.BaseHttpServer (BaseHttpServer.java:updateConnectorAddress(329)) - HTTP server of scm listening at http://0.0.0.0:34671
2022-06-24 23:50:22,381 [Listener at 0.0.0.0/35989] WARN  server.ServerUtils (ServerUtils.java:getDBPath(225)) - ozone.om.db.dirs is not configured. We recommend adding this setting. Falling back to ozone.metadata.dirs instead.
2022-06-24 23:50:22,387 [Listener at 0.0.0.0/35989] INFO  ha.OMHANodeDetails (OMHANodeDetails.java:loadOMHAConfig(115)) - ozone.om.internal.service.id is not defined, falling back to ozone.om.service.ids to find serviceID for OzoneManager if it is HA enabled cluster
2022-06-24 23:50:22,387 [Listener at 0.0.0.0/35989] INFO  ha.OMHANodeDetails (OMHANodeDetails.java:loadOMHAConfig(226)) - Configuration does not have ozone.om.address set. Falling back to the default OM address /127.0.0.1:0
2022-06-24 23:50:22,387 [Listener at 0.0.0.0/35989] INFO  ha.OMHANodeDetails (OMHANodeDetails.java:getOMNodeDetailsForNonHA(254)) - OM Service ID is not set. Setting it to the default ID: omServiceIdDefault
2022-06-24 23:50:22,387 [Listener at 0.0.0.0/35989] INFO  ha.OMHANodeDetails (OMHANodeDetails.java:getOMNodeDetailsForNonHA(261)) - OM Node ID is not set. Setting it to the default ID: om1
2022-06-24 23:50:22,388 [Listener at 0.0.0.0/35989] WARN  server.ServerUtils (ServerUtils.java:getDBPath(225)) - ozone.om.db.dirs is not configured. We recommend adding this setting. Falling back to ozone.metadata.dirs instead.
2022-06-24 23:50:22,388 [Listener at 0.0.0.0/35989] INFO  upgrade.AbstractLayoutVersionManager (AbstractLayoutVersionManager.java:init(82)) - Initializing Layout version manager with metadata layout = MULTITENANCY_SCHEMA (version = 3), software layout = MULTITENANCY_SCHEMA (version = 3)
2022-06-24 23:50:22,711 [Listener at 0.0.0.0/35989] INFO  reflections.Reflections (Reflections.java:scan(232)) - Reflections took 322 ms to scan 2 urls, producing 152 keys and 429 values [using 2 cores]
2022-06-24 23:50:22,711 [Listener at 0.0.0.0/35989] INFO  upgrade.OMLayoutVersionManager (OMLayoutVersionManager.java:lambda$0(115)) - Skipping Upgrade Action MockOmUpgradeAction since it has been finalized.
2022-06-24 23:50:22,711 [Listener at 0.0.0.0/35989] WARN  server.ServerUtils (ServerUtils.java:getDBPath(225)) - ozone.om.db.dirs is not configured. We recommend adding this setting. Falling back to ozone.metadata.dirs instead.
2022-06-24 23:50:22,712 [Listener at 0.0.0.0/35989] INFO  proxy.SCMBlockLocationFailoverProxyProvider (SCMBlockLocationFailoverProxyProvider.java:<init>(114)) - Created block location fail-over proxy with 1 nodes: [nodeId=scmNodeId,nodeAddress=/0.0.0.0:35115]
2022-06-24 23:50:22,748 [Listener at 0.0.0.0/35989] INFO  proxy.SCMBlockLocationFailoverProxyProvider (SCMBlockLocationFailoverProxyProvider.java:<init>(114)) - Created block location fail-over proxy with 1 nodes: [nodeId=scmNodeId,nodeAddress=/0.0.0.0:35115]
2022-06-24 23:50:22,804 [Listener at 0.0.0.0/35989] WARN  server.ServerUtils (ServerUtils.java:getDBPath(225)) - ozone.om.db.dirs is not configured. We recommend adding this setting. Falling back to ozone.metadata.dirs instead.
2022-06-24 23:50:22,805 [Listener at 0.0.0.0/35989] INFO  codec.OmKeyInfoCodec (OmKeyInfoCodec.java:<init>(49)) - OmKeyInfoCodec ignorePipeline = true
2022-06-24 23:50:22,805 [Listener at 0.0.0.0/35989] INFO  codec.RepeatedOmKeyInfoCodec (RepeatedOmKeyInfoCodec.java:<init>(41)) - RepeatedOmKeyInfoCodec ignorePipeline = true
2022-06-24 23:50:23,394 [Listener at 0.0.0.0/35989] INFO  om.OzoneManager (OzoneManager.java:instantiateServices(692)) - S3 Multi-Tenancy is disabled
2022-06-24 23:50:23,513 [Listener at 0.0.0.0/35989] INFO  om.OzoneManager (OzoneManager.java:addS3GVolumeToDB(4259)) - Created Volume s3v With Owner runner required for S3Gateway operations.
2022-06-24 23:50:23,514 [Listener at 0.0.0.0/35989] INFO  om.OzoneManager (OzoneManager.java:getRpcServer(1081)) - Creating RPC Server
2022-06-24 23:50:24,848 [Listener at 0.0.0.0/35989] INFO  reflections.Reflections (Reflections.java:scan(232)) - Reflections took 1333 ms to scan 19 urls, producing 66 keys and 4066 values [using 2 cores]
2022-06-24 23:50:24,850 [Listener at 0.0.0.0/35989] INFO  ipc.CallQueueManager (CallQueueManager.java:<init>(90)) - Using callQueue: class java.util.concurrent.LinkedBlockingQueue, queueCapacity: 2000, scheduler: class org.apache.hadoop.ipc.DefaultRpcScheduler, ipcBackoff: false.
2022-06-24 23:50:24,851 [Socket Reader #1 for port 0] INFO  ipc.Server (Server.java:run(1265)) - Starting Socket Reader #1 for port 0
2022-06-24 23:50:24,949 [Listener at 127.0.0.1/33563] INFO  impl.MetricsSystemImpl (MetricsSystemImpl.java:init(158)) - OzoneManager metrics system started (again)
2022-06-24 23:50:24,969 [Listener at 127.0.0.1/33563] INFO  om.OzoneManager (OzoneManager.java:start(1465)) - OzoneManager RPC server is listening at localhost/127.0.0.1:33563
2022-06-24 23:50:24,969 [Listener at 127.0.0.1/33563] INFO  om.OzoneManager (OzoneManager.java:start(1481)) - Version File has different layout version (3) than OM DB (null). That is expected if this OM has never been finalized to a newer layout version.
2022-06-24 23:50:24,974 [Listener at 127.0.0.1/33563] INFO  http.BaseHttpServer (BaseHttpServer.java:newHttpServer2BuilderForOzone(209)) - Starting Web-server for ozoneManager at: http://0.0.0.0:0
2022-06-24 23:50:24,974 [Listener at 127.0.0.1/33563] INFO  http.BaseHttpServer (BaseHttpServer.java:<init>(107)) - Hadoop Security Enabled: false Ozone Security Enabled: false Ozone HTTP Security Enabled: false 
2022-06-24 23:50:24,975 [Listener at 127.0.0.1/33563] INFO  server.AuthenticationFilter (AuthenticationFilter.java:constructSecretProvider(240)) - Unable to initialize FileSignerSecretProvider, falling back to use random secrets.
2022-06-24 23:50:24,979 [Listener at 127.0.0.1/33563] WARN  http.HttpRequestLog (HttpRequestLog.java:getRequestLog(103)) - Jetty request log can only be enabled using Log4j
2022-06-24 23:50:24,980 [Listener at 127.0.0.1/33563] INFO  http.HttpServer2 (HttpServer2.java:addGlobalFilter(1029)) - Added global filter 'safety' (class=org.apache.hadoop.hdds.server.http.HttpServer2$QuotingInputFilter)
2022-06-24 23:50:24,981 [Listener at 127.0.0.1/33563] INFO  http.HttpServer2 (HttpServer2.java:addFilter(1005)) - Added filter static_user_filter (class=org.apache.hadoop.http.lib.StaticUserWebFilter$StaticUserFilter) to context ozoneManager
2022-06-24 23:50:24,981 [Listener at 127.0.0.1/33563] INFO  http.HttpServer2 (HttpServer2.java:addFilter(1013)) - Added filter static_user_filter (class=org.apache.hadoop.http.lib.StaticUserWebFilter$StaticUserFilter) to context logs
2022-06-24 23:50:24,981 [Listener at 127.0.0.1/33563] INFO  http.HttpServer2 (HttpServer2.java:addFilter(1013)) - Added filter static_user_filter (class=org.apache.hadoop.http.lib.StaticUserWebFilter$StaticUserFilter) to context static
2022-06-24 23:50:24,981 [Listener at 127.0.0.1/33563] INFO  http.HttpServer2 (HttpServer2.java:bindListener(1248)) - Jetty bound to port 45697
2022-06-24 23:50:24,981 [Listener at 127.0.0.1/33563] INFO  server.Server (Server.java:doStart(375)) - jetty-9.4.43.v20210629; built: 2021-06-30T11:07:22.254Z; git: 526006ecfa3af7f1a27ef3a288e2bef7ea9dd7e8; jvm 1.8.0_332-b09
2022-06-24 23:50:25,009 [Listener at 127.0.0.1/33563] INFO  server.session (DefaultSessionIdManager.java:doStart(334)) - DefaultSessionIdManager workerName=node0
2022-06-24 23:50:25,010 [Listener at 127.0.0.1/33563] INFO  server.session (DefaultSessionIdManager.java:doStart(339)) - No SessionScavenger set, using defaults
2022-06-24 23:50:25,010 [Listener at 127.0.0.1/33563] INFO  server.session (HouseKeeper.java:startScavenging(132)) - node0 Scavenging every 660000ms
2022-06-24 23:50:25,011 [Listener at 127.0.0.1/33563] INFO  handler.ContextHandler (ContextHandler.java:doStart(915)) - Started o.e.j.s.ServletContextHandler@45502ba2{logs,/logs,file:///home/runner/work/ozone/ozone/hadoop-ozone/integration-test/target/log,AVAILABLE}
2022-06-24 23:50:25,011 [Listener at 127.0.0.1/33563] INFO  handler.ContextHandler (ContextHandler.java:doStart(915)) - Started o.e.j.s.ServletContextHandler@2367ee3a{static,/static,file:///home/runner/work/ozone/ozone/hadoop-ozone/integration-test/target/test-classes/webapps/static,AVAILABLE}
2022-06-24 23:50:25,014 [Listener at 127.0.0.1/33563] INFO  handler.ContextHandler (ContextHandler.java:doStart(915)) - Started o.e.j.w.WebAppContext@6e4290eb{ozoneManager,/,file:///home/runner/work/ozone/ozone/hadoop-ozone/integration-test/target/test-classes/webapps/ozoneManager/,AVAILABLE}{file:/home/runner/work/ozone/ozone/hadoop-ozone/integration-test/target/test-classes/webapps/ozoneManager}
2022-06-24 23:50:25,030 [Listener at 127.0.0.1/33563] INFO  server.AbstractConnector (AbstractConnector.java:doStart(331)) - Started ServerConnector@57c620ee{HTTP/1.1, (http/1.1)}{0.0.0.0:45697}
2022-06-24 23:50:25,031 [Listener at 127.0.0.1/33563] INFO  server.Server (Server.java:doStart(415)) - Started @338611ms
2022-06-24 23:50:25,031 [Listener at 127.0.0.1/33563] WARN  impl.MetricsSystemImpl (MetricsSystemImpl.java:register(279)) - Sink prometheus already exists!
2022-06-24 23:50:25,031 [Listener at 127.0.0.1/33563] INFO  http.BaseHttpServer (BaseHttpServer.java:updateConnectorAddress(329)) - HTTP server of ozoneManager listening at http://0.0.0.0:45697
2022-06-24 23:50:25,035 [IPC Server Responder] INFO  ipc.Server (Server.java:run(1507)) - IPC Server Responder: starting
2022-06-24 23:50:25,037 [IPC Server listener on 0] INFO  ipc.Server (Server.java:run(1344)) - IPC Server listener on 0: starting
2022-06-24 23:50:25,064 [Listener at 127.0.0.1/33563] INFO  om.TrashPolicyOzone (TrashPolicyOzone.java:<init>(178)) - Ozone Manager trash configuration: Deletion interval = 0 minutes, Emptier interval = 0 minutes.
2022-06-24 23:50:25,118 [org.apache.hadoop.util.JvmPauseMonitor$Monitor@3a8973ca] INFO  util.JvmPauseMonitor (JvmPauseMonitor.java:run(188)) - Starting JVM pause monitor
2022-06-24 23:50:25,163 [Listener at 127.0.0.1/33563] INFO  impl.MetricsSystemImpl (MetricsSystemImpl.java:init(158)) - HddsDatanode metrics system started (again)
2022-06-24 23:50:25,183 [Listener at 127.0.0.1/33563] INFO  ozone.HddsDatanodeService (HddsDatanodeService.java:start(236)) - HddsDatanodeService host:fv-az21-224.v4iizcarkezebbfea14bcgzyke.bx.internal.cloudapp.net ip:10.1.0.24
2022-06-24 23:50:25,249 [Listener at 127.0.0.1/33563] INFO  upgrade.AbstractLayoutVersionManager (AbstractLayoutVersionManager.java:init(82)) - Initializing Layout version manager with metadata layout = DATANODE_SCHEMA_V3 (version = 4), software layout = DATANODE_SCHEMA_V3 (version = 4)
2022-06-24 23:50:25,332 [Listener at 127.0.0.1/33563] INFO  reflections.Reflections (Reflections.java:scan(232)) - Reflections took 81 ms to scan 7 urls, producing 131 keys and 316 values 
2022-06-24 23:50:25,333 [Listener at 127.0.0.1/33563] INFO  statemachine.DatanodeStateMachine (DatanodeStateMachine.java:getEndPointTaskThreadPoolSize(237)) - Datanode State Machine Task Thread Pool size 2
2022-06-24 23:50:25,335 [Listener at 127.0.0.1/33563] INFO  volume.HddsVolume (HddsVolume.java:<init>(116)) - Creating HddsVolume: /home/runner/work/ozone/ozone/hadoop-ozone/integration-test/target/test-dir/MiniOzoneClusterImpl-fde6c995-fd32-43d9-9d96-6dc5d052cd3d/datanode-0/data-0/containers/hdds of storage type : DISK capacity : 9223372036854775807
2022-06-24 23:50:25,336 [Listener at 127.0.0.1/33563] INFO  volume.MutableVolumeSet (MutableVolumeSet.java:initializeVolumeSet(174)) - Added Volume : /home/runner/work/ozone/ozone/hadoop-ozone/integration-test/target/test-dir/MiniOzoneClusterImpl-fde6c995-fd32-43d9-9d96-6dc5d052cd3d/datanode-0/data-0/containers/hdds to VolumeSet
2022-06-24 23:50:25,336 [Listener at 127.0.0.1/33563] INFO  volume.ThrottledAsyncChecker (ThrottledAsyncChecker.java:schedule(141)) - Scheduling a check for /home/runner/work/ozone/ozone/hadoop-ozone/integration-test/target/test-dir/MiniOzoneClusterImpl-fde6c995-fd32-43d9-9d96-6dc5d052cd3d/datanode-0/data-0/containers/hdds
2022-06-24 23:50:25,336 [Listener at 127.0.0.1/33563] INFO  volume.StorageVolumeChecker (StorageVolumeChecker.java:checkAllVolumes(202)) - Scheduled health check for volume /home/runner/work/ozone/ozone/hadoop-ozone/integration-test/target/test-dir/MiniOzoneClusterImpl-fde6c995-fd32-43d9-9d96-6dc5d052cd3d/datanode-0/data-0/containers/hdds
2022-06-24 23:50:25,352 [Listener at 127.0.0.1/33563] INFO  volume.MutableVolumeSet (MutableVolumeSet.java:initializeVolumeSet(174)) - Added Volume : /home/runner/work/ozone/ozone/hadoop-ozone/integration-test/target/test-dir/MiniOzoneClusterImpl-fde6c995-fd32-43d9-9d96-6dc5d052cd3d/datanode-0/data/ratis to VolumeSet
2022-06-24 23:50:25,352 [Listener at 127.0.0.1/33563] INFO  volume.ThrottledAsyncChecker (ThrottledAsyncChecker.java:schedule(141)) - Scheduling a check for /home/runner/work/ozone/ozone/hadoop-ozone/integration-test/target/test-dir/MiniOzoneClusterImpl-fde6c995-fd32-43d9-9d96-6dc5d052cd3d/datanode-0/data/ratis
2022-06-24 23:50:25,371 [Listener at 127.0.0.1/33563] INFO  volume.StorageVolumeChecker (StorageVolumeChecker.java:checkAllVolumes(202)) - Scheduled health check for volume /home/runner/work/ozone/ozone/hadoop-ozone/integration-test/target/test-dir/MiniOzoneClusterImpl-fde6c995-fd32-43d9-9d96-6dc5d052cd3d/datanode-0/data/ratis
2022-06-24 23:50:25,394 [Thread-1611] INFO  ozoneimpl.ContainerReader (ContainerReader.java:readVolume(172)) - Finish verifying containers on volume /home/runner/work/ozone/ozone/hadoop-ozone/integration-test/target/test-dir/MiniOzoneClusterImpl-fde6c995-fd32-43d9-9d96-6dc5d052cd3d/datanode-0/data-0/containers/hdds
2022-06-24 23:50:25,394 [Listener at 127.0.0.1/33563] INFO  ozoneimpl.OzoneContainer (OzoneContainer.java:buildContainerSet(266)) - Build ContainerSet costs 0s
2022-06-24 23:50:25,401 [Listener at 127.0.0.1/33563] INFO  server.RaftServer (ConfUtils.java:logGet(46)) - raft.rpc.type = GRPC (default)
2022-06-24 23:50:25,401 [Listener at 127.0.0.1/33563] INFO  grpc.GrpcFactory (GrpcFactory.java:checkPooledByteBufAllocatorUseCacheForAllThreads(48)) - PERFORMANCE WARNING: useCacheForAllThreads is true that may cause Netty to create a lot garbage objects and, as a result, trigger GC.
	It is recommended to disable useCacheForAllThreads by setting -Dorg.apache.ratis.thirdparty.io.netty.allocator.useCacheForAllThreads=false in command line.
2022-06-24 23:50:25,401 [Listener at 127.0.0.1/33563] INFO  grpc.GrpcConfigKeys (ConfUtils.java:logGet(46)) - raft.grpc.admin.port = 0 (custom)
2022-06-24 23:50:25,401 [Listener at 127.0.0.1/33563] INFO  grpc.GrpcConfigKeys (ConfUtils.java:logGet(46)) - raft.grpc.client.port = 0 (custom)
2022-06-24 23:50:25,401 [Listener at 127.0.0.1/33563] INFO  grpc.GrpcConfigKeys (ConfUtils.java:logGet(46)) - raft.grpc.server.port = 0 (default)
2022-06-24 23:50:25,401 [Listener at 127.0.0.1/33563] INFO  server.GrpcService (ConfUtils.java:logGet(46)) - raft.grpc.message.size.max = 32MB (=33554432) (custom)
2022-06-24 23:50:25,401 [Listener at 127.0.0.1/33563] INFO  server.RaftServerConfigKeys (ConfUtils.java:logGet(46)) - raft.server.log.appender.buffer.byte-limit = 33554432 (custom)
2022-06-24 23:50:25,401 [Listener at 127.0.0.1/33563] INFO  server.GrpcService (ConfUtils.java:logGet(46)) - raft.grpc.flow.control.window = 5MB (=5242880) (custom)
2022-06-24 23:50:25,402 [Listener at 127.0.0.1/33563] INFO  server.RaftServerConfigKeys (ConfUtils.java:logGet(46)) - raft.server.rpc.request.timeout = 60s (custom)
2022-06-24 23:50:25,402 [Listener at 127.0.0.1/33563] INFO  grpc.GrpcConfigKeys (ConfUtils.java:logGet(46)) - raft.grpc.server.async.request.thread.pool.cached = true (default)
2022-06-24 23:50:25,402 [Listener at 127.0.0.1/33563] INFO  grpc.GrpcConfigKeys (ConfUtils.java:logGet(46)) - raft.grpc.server.async.request.thread.pool.size = 32 (default)
2022-06-24 23:50:25,418 [Listener at 127.0.0.1/33563] INFO  impl.DataStreamServerImpl (ConfUtils.java:logGet(46)) - raft.datastream.type = DISABLED (default)
2022-06-24 23:50:25,418 [Listener at 127.0.0.1/33563] INFO  server.RaftServerConfigKeys (ConfUtils.java:logGet(46)) - raft.server.threadpool.proxy.cached = true (default)
2022-06-24 23:50:25,419 [Listener at 127.0.0.1/33563] INFO  server.RaftServerConfigKeys (ConfUtils.java:logGet(46)) - raft.server.threadpool.proxy.size = 0 (default)
2022-06-24 23:50:25,419 [Listener at 127.0.0.1/33563] INFO  server.RaftServerConfigKeys (ConfUtils.java:logGet(46)) - raft.server.rpc.slowness.timeout = 300s (custom)
2022-06-24 23:50:25,419 [Listener at 127.0.0.1/33563] INFO  server.RaftServerConfigKeys (ConfUtils.java:logGet(46)) - raft.server.leaderelection.leader.step-down.wait-time = 10s (default)
2022-06-24 23:50:25,419 [Listener at 127.0.0.1/33563] INFO  server.RaftServerConfigKeys (ConfUtils.java:logGet(46)) - raft.server.storage.dir = [/home/runner/work/ozone/ozone/hadoop-ozone/integration-test/target/test-dir/MiniOzoneClusterImpl-fde6c995-fd32-43d9-9d96-6dc5d052cd3d/datanode-0/data/ratis] (custom)
2022-06-24 23:50:25,449 [Listener at 127.0.0.1/33563] INFO  server.XceiverServerGrpc (XceiverServerGrpc.java:<init>(132)) - GrpcServer channel type EpollServerSocketChannel
2022-06-24 23:50:25,471 [Listener at 127.0.0.1/33563] INFO  http.BaseHttpServer (BaseHttpServer.java:newHttpServer2BuilderForOzone(209)) - Starting Web-server for hddsDatanode at: http://0.0.0.0:0
2022-06-24 23:50:25,471 [Listener at 127.0.0.1/33563] INFO  http.BaseHttpServer (BaseHttpServer.java:<init>(107)) - Hadoop Security Enabled: false Ozone Security Enabled: false Ozone HTTP Security Enabled: false 
2022-06-24 23:50:25,472 [Listener at 127.0.0.1/33563] INFO  server.AuthenticationFilter (AuthenticationFilter.java:constructSecretProvider(240)) - Unable to initialize FileSignerSecretProvider, falling back to use random secrets.
2022-06-24 23:50:25,474 [Listener at 127.0.0.1/33563] WARN  http.HttpRequestLog (HttpRequestLog.java:getRequestLog(103)) - Jetty request log can only be enabled using Log4j
2022-06-24 23:50:25,476 [Listener at 127.0.0.1/33563] INFO  http.HttpServer2 (HttpServer2.java:addGlobalFilter(1029)) - Added global filter 'safety' (class=org.apache.hadoop.hdds.server.http.HttpServer2$QuotingInputFilter)
2022-06-24 23:50:25,476 [Listener at 127.0.0.1/33563] INFO  http.HttpServer2 (HttpServer2.java:addFilter(1005)) - Added filter static_user_filter (class=org.apache.hadoop.http.lib.StaticUserWebFilter$StaticUserFilter) to context hddsDatanode
2022-06-24 23:50:25,476 [Listener at 127.0.0.1/33563] INFO  http.HttpServer2 (HttpServer2.java:addFilter(1013)) - Added filter static_user_filter (class=org.apache.hadoop.http.lib.StaticUserWebFilter$StaticUserFilter) to context logs
2022-06-24 23:50:25,476 [Listener at 127.0.0.1/33563] INFO  http.HttpServer2 (HttpServer2.java:addFilter(1013)) - Added filter static_user_filter (class=org.apache.hadoop.http.lib.StaticUserWebFilter$StaticUserFilter) to context static
2022-06-24 23:50:25,477 [Listener at 127.0.0.1/33563] INFO  http.HttpServer2 (HttpServer2.java:bindListener(1248)) - Jetty bound to port 44733
2022-06-24 23:50:25,477 [Listener at 127.0.0.1/33563] INFO  server.Server (Server.java:doStart(375)) - jetty-9.4.43.v20210629; built: 2021-06-30T11:07:22.254Z; git: 526006ecfa3af7f1a27ef3a288e2bef7ea9dd7e8; jvm 1.8.0_332-b09
2022-06-24 23:50:25,478 [Listener at 127.0.0.1/33563] INFO  server.session (DefaultSessionIdManager.java:doStart(334)) - DefaultSessionIdManager workerName=node0
2022-06-24 23:50:25,478 [Listener at 127.0.0.1/33563] INFO  server.session (DefaultSessionIdManager.java:doStart(339)) - No SessionScavenger set, using defaults
2022-06-24 23:50:25,478 [Listener at 127.0.0.1/33563] INFO  server.session (HouseKeeper.java:startScavenging(132)) - node0 Scavenging every 660000ms
2022-06-24 23:50:25,479 [Listener at 127.0.0.1/33563] INFO  handler.ContextHandler (ContextHandler.java:doStart(915)) - Started o.e.j.s.ServletContextHandler@3350b609{logs,/logs,file:///home/runner/work/ozone/ozone/hadoop-ozone/integration-test/target/log,AVAILABLE}
2022-06-24 23:50:25,479 [Listener at 127.0.0.1/33563] INFO  handler.ContextHandler (ContextHandler.java:doStart(915)) - Started o.e.j.s.ServletContextHandler@549367ca{static,/static,jar:file:/home/runner/.m2/repository/org/apache/ozone/hdds-container-service/1.3.0-SNAPSHOT/hdds-container-service-1.3.0-SNAPSHOT.jar!/webapps/static,AVAILABLE}
2022-06-24 23:50:26,048 [Listener at 127.0.0.1/33563] INFO  handler.ContextHandler (ContextHandler.java:doStart(915)) - Started o.e.j.w.WebAppContext@c37d43e{hddsDatanode,/,file:///tmp/jetty-0_0_0_0-44733-hdds-container-service-1_3_0-SNAPSHOT_jar-_-any-1828855418125455479/webapp/,AVAILABLE}{jar:file:/home/runner/.m2/repository/org/apache/ozone/hdds-container-service/1.3.0-SNAPSHOT/hdds-container-service-1.3.0-SNAPSHOT.jar!/webapps/hddsDatanode}
2022-06-24 23:50:26,072 [Listener at 127.0.0.1/33563] INFO  server.AbstractConnector (AbstractConnector.java:doStart(331)) - Started ServerConnector@7012b0c1{HTTP/1.1, (http/1.1)}{0.0.0.0:44733}
2022-06-24 23:50:26,072 [Listener at 127.0.0.1/33563] INFO  server.Server (Server.java:doStart(415)) - Started @339653ms
2022-06-24 23:50:26,072 [Listener at 127.0.0.1/33563] WARN  impl.MetricsSystemImpl (MetricsSystemImpl.java:register(279)) - Sink prometheus already exists!
2022-06-24 23:50:26,073 [Listener at 127.0.0.1/33563] INFO  http.BaseHttpServer (BaseHttpServer.java:updateConnectorAddress(329)) - HTTP server of hddsDatanode listening at http://0.0.0.0:44733
2022-06-24 23:50:26,083 [Datanode State Machine Daemon Thread] INFO  statemachine.DatanodeStateMachine (DatanodeStateMachine.java:lambda$startDaemon$0(492)) - Ozone container server started.
2022-06-24 23:50:26,094 [Listener at 127.0.0.1/33563] INFO  impl.MetricsSystemImpl (MetricsSystemImpl.java:init(158)) - HddsDatanode metrics system started (again)
2022-06-24 23:50:26,146 [Listener at 127.0.0.1/33563] INFO  ozone.HddsDatanodeService (HddsDatanodeService.java:start(236)) - HddsDatanodeService host:fv-az21-224.v4iizcarkezebbfea14bcgzyke.bx.internal.cloudapp.net ip:10.1.0.24
2022-06-24 23:50:26,180 [org.apache.hadoop.util.JvmPauseMonitor$Monitor@33a7f208] INFO  util.JvmPauseMonitor (JvmPauseMonitor.java:run(188)) - Starting JVM pause monitor
2022-06-24 23:50:26,199 [Datanode State Machine Task Thread - 0] INFO  datanode.InitDatanodeState (InitDatanodeState.java:persistContainerDatanodeDetails(138)) - DatanodeDetails is persisted to /home/runner/work/ozone/ozone/hadoop-ozone/integration-test/target/test-dir/MiniOzoneClusterImpl-fde6c995-fd32-43d9-9d96-6dc5d052cd3d/datanode-0/meta/datanode.id
2022-06-24 23:50:26,201 [Listener at 127.0.0.1/33563] INFO  upgrade.AbstractLayoutVersionManager (AbstractLayoutVersionManager.java:init(82)) - Initializing Layout version manager with metadata layout = DATANODE_SCHEMA_V3 (version = 4), software layout = DATANODE_SCHEMA_V3 (version = 4)
2022-06-24 23:50:26,307 [Listener at 127.0.0.1/33563] INFO  reflections.Reflections (Reflections.java:scan(232)) - Reflections took 104 ms to scan 7 urls, producing 131 keys and 316 values 
2022-06-24 23:50:26,308 [Listener at 127.0.0.1/33563] INFO  statemachine.DatanodeStateMachine (DatanodeStateMachine.java:getEndPointTaskThreadPoolSize(237)) - Datanode State Machine Task Thread Pool size 2
2022-06-24 23:50:26,333 [Listener at 127.0.0.1/33563] INFO  volume.HddsVolume (HddsVolume.java:<init>(116)) - Creating HddsVolume: /home/runner/work/ozone/ozone/hadoop-ozone/integration-test/target/test-dir/MiniOzoneClusterImpl-fde6c995-fd32-43d9-9d96-6dc5d052cd3d/datanode-1/data-0/containers/hdds of storage type : DISK capacity : 9223372036854775807
2022-06-24 23:50:26,333 [Listener at 127.0.0.1/33563] INFO  volume.MutableVolumeSet (MutableVolumeSet.java:initializeVolumeSet(174)) - Added Volume : /home/runner/work/ozone/ozone/hadoop-ozone/integration-test/target/test-dir/MiniOzoneClusterImpl-fde6c995-fd32-43d9-9d96-6dc5d052cd3d/datanode-1/data-0/containers/hdds to VolumeSet
2022-06-24 23:50:26,334 [Listener at 127.0.0.1/33563] INFO  volume.ThrottledAsyncChecker (ThrottledAsyncChecker.java:schedule(141)) - Scheduling a check for /home/runner/work/ozone/ozone/hadoop-ozone/integration-test/target/test-dir/MiniOzoneClusterImpl-fde6c995-fd32-43d9-9d96-6dc5d052cd3d/datanode-1/data-0/containers/hdds
2022-06-24 23:50:26,334 [Listener at 127.0.0.1/33563] INFO  volume.StorageVolumeChecker (StorageVolumeChecker.java:checkAllVolumes(202)) - Scheduled health check for volume /home/runner/work/ozone/ozone/hadoop-ozone/integration-test/target/test-dir/MiniOzoneClusterImpl-fde6c995-fd32-43d9-9d96-6dc5d052cd3d/datanode-1/data-0/containers/hdds
2022-06-24 23:50:26,367 [Listener at 127.0.0.1/33563] INFO  volume.MutableVolumeSet (MutableVolumeSet.java:initializeVolumeSet(174)) - Added Volume : /home/runner/work/ozone/ozone/hadoop-ozone/integration-test/target/test-dir/MiniOzoneClusterImpl-fde6c995-fd32-43d9-9d96-6dc5d052cd3d/datanode-1/data/ratis to VolumeSet
2022-06-24 23:50:26,368 [Listener at 127.0.0.1/33563] INFO  volume.ThrottledAsyncChecker (ThrottledAsyncChecker.java:schedule(141)) - Scheduling a check for /home/runner/work/ozone/ozone/hadoop-ozone/integration-test/target/test-dir/MiniOzoneClusterImpl-fde6c995-fd32-43d9-9d96-6dc5d052cd3d/datanode-1/data/ratis
2022-06-24 23:50:26,368 [Listener at 127.0.0.1/33563] INFO  volume.StorageVolumeChecker (StorageVolumeChecker.java:checkAllVolumes(202)) - Scheduled health check for volume /home/runner/work/ozone/ozone/hadoop-ozone/integration-test/target/test-dir/MiniOzoneClusterImpl-fde6c995-fd32-43d9-9d96-6dc5d052cd3d/datanode-1/data/ratis
2022-06-24 23:50:26,426 [Thread-1624] INFO  ozoneimpl.ContainerReader (ContainerReader.java:readVolume(172)) - Finish verifying containers on volume /home/runner/work/ozone/ozone/hadoop-ozone/integration-test/target/test-dir/MiniOzoneClusterImpl-fde6c995-fd32-43d9-9d96-6dc5d052cd3d/datanode-1/data-0/containers/hdds
2022-06-24 23:50:26,426 [Listener at 127.0.0.1/33563] INFO  ozoneimpl.OzoneContainer (OzoneContainer.java:buildContainerSet(266)) - Build ContainerSet costs 0s
2022-06-24 23:50:26,431 [Listener at 127.0.0.1/33563] INFO  server.RaftServer (ConfUtils.java:logGet(46)) - raft.rpc.type = GRPC (default)
2022-06-24 23:50:26,431 [Listener at 127.0.0.1/33563] INFO  grpc.GrpcFactory (GrpcFactory.java:checkPooledByteBufAllocatorUseCacheForAllThreads(48)) - PERFORMANCE WARNING: useCacheForAllThreads is true that may cause Netty to create a lot garbage objects and, as a result, trigger GC.
	It is recommended to disable useCacheForAllThreads by setting -Dorg.apache.ratis.thirdparty.io.netty.allocator.useCacheForAllThreads=false in command line.
2022-06-24 23:50:26,431 [Listener at 127.0.0.1/33563] INFO  grpc.GrpcConfigKeys (ConfUtils.java:logGet(46)) - raft.grpc.admin.port = 0 (custom)
2022-06-24 23:50:26,431 [Listener at 127.0.0.1/33563] INFO  grpc.GrpcConfigKeys (ConfUtils.java:logGet(46)) - raft.grpc.client.port = 0 (custom)
2022-06-24 23:50:26,435 [Listener at 127.0.0.1/33563] INFO  grpc.GrpcConfigKeys (ConfUtils.java:logGet(46)) - raft.grpc.server.port = 0 (default)
2022-06-24 23:50:26,435 [Listener at 127.0.0.1/33563] INFO  server.GrpcService (ConfUtils.java:logGet(46)) - raft.grpc.message.size.max = 32MB (=33554432) (custom)
2022-06-24 23:50:26,435 [Listener at 127.0.0.1/33563] INFO  server.RaftServerConfigKeys (ConfUtils.java:logGet(46)) - raft.server.log.appender.buffer.byte-limit = 33554432 (custom)
2022-06-24 23:50:26,435 [Listener at 127.0.0.1/33563] INFO  server.GrpcService (ConfUtils.java:logGet(46)) - raft.grpc.flow.control.window = 5MB (=5242880) (custom)
2022-06-24 23:50:26,435 [Listener at 127.0.0.1/33563] INFO  server.RaftServerConfigKeys (ConfUtils.java:logGet(46)) - raft.server.rpc.request.timeout = 60s (custom)
2022-06-24 23:50:26,435 [Listener at 127.0.0.1/33563] INFO  grpc.GrpcConfigKeys (ConfUtils.java:logGet(46)) - raft.grpc.server.async.request.thread.pool.cached = true (default)
2022-06-24 23:50:26,436 [Listener at 127.0.0.1/33563] INFO  grpc.GrpcConfigKeys (ConfUtils.java:logGet(46)) - raft.grpc.server.async.request.thread.pool.size = 32 (default)
2022-06-24 23:50:26,437 [Listener at 127.0.0.1/33563] INFO  impl.DataStreamServerImpl (ConfUtils.java:logGet(46)) - raft.datastream.type = DISABLED (default)
2022-06-24 23:50:26,437 [Listener at 127.0.0.1/33563] INFO  server.RaftServerConfigKeys (ConfUtils.java:logGet(46)) - raft.server.threadpool.proxy.cached = true (default)
2022-06-24 23:50:26,437 [Listener at 127.0.0.1/33563] INFO  server.RaftServerConfigKeys (ConfUtils.java:logGet(46)) - raft.server.threadpool.proxy.size = 0 (default)
2022-06-24 23:50:26,437 [Listener at 127.0.0.1/33563] INFO  server.RaftServerConfigKeys (ConfUtils.java:logGet(46)) - raft.server.rpc.slowness.timeout = 300s (custom)
2022-06-24 23:50:26,437 [Listener at 127.0.0.1/33563] INFO  server.RaftServerConfigKeys (ConfUtils.java:logGet(46)) - raft.server.leaderelection.leader.step-down.wait-time = 10s (default)
2022-06-24 23:50:26,437 [Listener at 127.0.0.1/33563] INFO  server.RaftServerConfigKeys (ConfUtils.java:logGet(46)) - raft.server.storage.dir = [/home/runner/work/ozone/ozone/hadoop-ozone/integration-test/target/test-dir/MiniOzoneClusterImpl-fde6c995-fd32-43d9-9d96-6dc5d052cd3d/datanode-1/data/ratis] (custom)
2022-06-24 23:50:26,439 [Listener at 127.0.0.1/33563] INFO  server.XceiverServerGrpc (XceiverServerGrpc.java:<init>(132)) - GrpcServer channel type EpollServerSocketChannel
2022-06-24 23:50:26,441 [Listener at 127.0.0.1/33563] INFO  http.BaseHttpServer (BaseHttpServer.java:newHttpServer2BuilderForOzone(209)) - Starting Web-server for hddsDatanode at: http://0.0.0.0:0
2022-06-24 23:50:26,441 [Listener at 127.0.0.1/33563] INFO  http.BaseHttpServer (BaseHttpServer.java:<init>(107)) - Hadoop Security Enabled: false Ozone Security Enabled: false Ozone HTTP Security Enabled: false 
2022-06-24 23:50:26,442 [Listener at 127.0.0.1/33563] INFO  server.AuthenticationFilter (AuthenticationFilter.java:constructSecretProvider(240)) - Unable to initialize FileSignerSecretProvider, falling back to use random secrets.
2022-06-24 23:50:26,465 [Listener at 127.0.0.1/33563] WARN  http.HttpRequestLog (HttpRequestLog.java:getRequestLog(103)) - Jetty request log can only be enabled using Log4j
2022-06-24 23:50:26,466 [Listener at 127.0.0.1/33563] INFO  http.HttpServer2 (HttpServer2.java:addGlobalFilter(1029)) - Added global filter 'safety' (class=org.apache.hadoop.hdds.server.http.HttpServer2$QuotingInputFilter)
2022-06-24 23:50:26,466 [Listener at 127.0.0.1/33563] INFO  http.HttpServer2 (HttpServer2.java:addFilter(1005)) - Added filter static_user_filter (class=org.apache.hadoop.http.lib.StaticUserWebFilter$StaticUserFilter) to context hddsDatanode
2022-06-24 23:50:26,466 [Listener at 127.0.0.1/33563] INFO  http.HttpServer2 (HttpServer2.java:addFilter(1013)) - Added filter static_user_filter (class=org.apache.hadoop.http.lib.StaticUserWebFilter$StaticUserFilter) to context logs
2022-06-24 23:50:26,466 [Listener at 127.0.0.1/33563] INFO  http.HttpServer2 (HttpServer2.java:addFilter(1013)) - Added filter static_user_filter (class=org.apache.hadoop.http.lib.StaticUserWebFilter$StaticUserFilter) to context static
2022-06-24 23:50:26,467 [Listener at 127.0.0.1/33563] INFO  http.HttpServer2 (HttpServer2.java:bindListener(1248)) - Jetty bound to port 35657
2022-06-24 23:50:26,467 [Listener at 127.0.0.1/33563] INFO  server.Server (Server.java:doStart(375)) - jetty-9.4.43.v20210629; built: 2021-06-30T11:07:22.254Z; git: 526006ecfa3af7f1a27ef3a288e2bef7ea9dd7e8; jvm 1.8.0_332-b09
2022-06-24 23:50:26,468 [Listener at 127.0.0.1/33563] INFO  server.session (DefaultSessionIdManager.java:doStart(334)) - DefaultSessionIdManager workerName=node0
2022-06-24 23:50:26,468 [Listener at 127.0.0.1/33563] INFO  server.session (DefaultSessionIdManager.java:doStart(339)) - No SessionScavenger set, using defaults
2022-06-24 23:50:26,469 [Listener at 127.0.0.1/33563] INFO  server.session (HouseKeeper.java:startScavenging(132)) - node0 Scavenging every 660000ms
2022-06-24 23:50:26,489 [Listener at 127.0.0.1/33563] INFO  handler.ContextHandler (ContextHandler.java:doStart(915)) - Started o.e.j.s.ServletContextHandler@71a4d0a5{logs,/logs,file:///home/runner/work/ozone/ozone/hadoop-ozone/integration-test/target/log,AVAILABLE}
2022-06-24 23:50:26,489 [Listener at 127.0.0.1/33563] INFO  handler.ContextHandler (ContextHandler.java:doStart(915)) - Started o.e.j.s.ServletContextHandler@7f42ffb7{static,/static,jar:file:/home/runner/.m2/repository/org/apache/ozone/hdds-container-service/1.3.0-SNAPSHOT/hdds-container-service-1.3.0-SNAPSHOT.jar!/webapps/static,AVAILABLE}
2022-06-24 23:50:27,034 [Listener at 127.0.0.1/33563] INFO  handler.ContextHandler (ContextHandler.java:doStart(915)) - Started o.e.j.w.WebAppContext@65289aa1{hddsDatanode,/,file:///tmp/jetty-0_0_0_0-35657-hdds-container-service-1_3_0-SNAPSHOT_jar-_-any-4259649583960238486/webapp/,AVAILABLE}{jar:file:/home/runner/.m2/repository/org/apache/ozone/hdds-container-service/1.3.0-SNAPSHOT/hdds-container-service-1.3.0-SNAPSHOT.jar!/webapps/hddsDatanode}
2022-06-24 23:50:27,048 [Listener at 127.0.0.1/33563] INFO  server.AbstractConnector (AbstractConnector.java:doStart(331)) - Started ServerConnector@7b69c865{HTTP/1.1, (http/1.1)}{0.0.0.0:35657}
2022-06-24 23:50:27,049 [Listener at 127.0.0.1/33563] INFO  server.Server (Server.java:doStart(415)) - Started @340629ms
2022-06-24 23:50:27,049 [Listener at 127.0.0.1/33563] WARN  impl.MetricsSystemImpl (MetricsSystemImpl.java:register(279)) - Sink prometheus already exists!
2022-06-24 23:50:27,049 [Listener at 127.0.0.1/33563] INFO  http.BaseHttpServer (BaseHttpServer.java:updateConnectorAddress(329)) - HTTP server of hddsDatanode listening at http://0.0.0.0:35657
2022-06-24 23:50:27,060 [Listener at 127.0.0.1/33563] INFO  impl.MetricsSystemImpl (MetricsSystemImpl.java:init(158)) - HddsDatanode metrics system started (again)
2022-06-24 23:50:27,068 [Datanode State Machine Daemon Thread] INFO  statemachine.DatanodeStateMachine (DatanodeStateMachine.java:lambda$startDaemon$0(492)) - Ozone container server started.
2022-06-24 23:50:27,115 [org.apache.hadoop.util.JvmPauseMonitor$Monitor@7c0790db] INFO  util.JvmPauseMonitor (JvmPauseMonitor.java:run(188)) - Starting JVM pause monitor
2022-06-24 23:50:27,124 [Listener at 127.0.0.1/33563] INFO  ozone.HddsDatanodeService (HddsDatanodeService.java:start(236)) - HddsDatanodeService host:fv-az21-224.v4iizcarkezebbfea14bcgzyke.bx.internal.cloudapp.net ip:10.1.0.24
2022-06-24 23:50:27,132 [Datanode State Machine Task Thread - 0] INFO  datanode.InitDatanodeState (InitDatanodeState.java:persistContainerDatanodeDetails(138)) - DatanodeDetails is persisted to /home/runner/work/ozone/ozone/hadoop-ozone/integration-test/target/test-dir/MiniOzoneClusterImpl-fde6c995-fd32-43d9-9d96-6dc5d052cd3d/datanode-1/meta/datanode.id
2022-06-24 23:50:27,205 [Listener at 127.0.0.1/33563] INFO  upgrade.AbstractLayoutVersionManager (AbstractLayoutVersionManager.java:init(82)) - Initializing Layout version manager with metadata layout = DATANODE_SCHEMA_V3 (version = 4), software layout = DATANODE_SCHEMA_V3 (version = 4)
2022-06-24 23:50:27,361 [Listener at 127.0.0.1/33563] INFO  reflections.Reflections (Reflections.java:scan(232)) - Reflections took 155 ms to scan 7 urls, producing 131 keys and 316 values 
2022-06-24 23:50:27,367 [Listener at 127.0.0.1/33563] INFO  statemachine.DatanodeStateMachine (DatanodeStateMachine.java:getEndPointTaskThreadPoolSize(237)) - Datanode State Machine Task Thread Pool size 2
2022-06-24 23:50:27,393 [Listener at 127.0.0.1/33563] INFO  volume.HddsVolume (HddsVolume.java:<init>(116)) - Creating HddsVolume: /home/runner/work/ozone/ozone/hadoop-ozone/integration-test/target/test-dir/MiniOzoneClusterImpl-fde6c995-fd32-43d9-9d96-6dc5d052cd3d/datanode-2/data-0/containers/hdds of storage type : DISK capacity : 9223372036854775807
2022-06-24 23:50:27,393 [Listener at 127.0.0.1/33563] INFO  volume.MutableVolumeSet (MutableVolumeSet.java:initializeVolumeSet(174)) - Added Volume : /home/runner/work/ozone/ozone/hadoop-ozone/integration-test/target/test-dir/MiniOzoneClusterImpl-fde6c995-fd32-43d9-9d96-6dc5d052cd3d/datanode-2/data-0/containers/hdds to VolumeSet
2022-06-24 23:50:27,393 [Listener at 127.0.0.1/33563] INFO  volume.ThrottledAsyncChecker (ThrottledAsyncChecker.java:schedule(141)) - Scheduling a check for /home/runner/work/ozone/ozone/hadoop-ozone/integration-test/target/test-dir/MiniOzoneClusterImpl-fde6c995-fd32-43d9-9d96-6dc5d052cd3d/datanode-2/data-0/containers/hdds
2022-06-24 23:50:27,424 [Listener at 127.0.0.1/33563] INFO  volume.StorageVolumeChecker (StorageVolumeChecker.java:checkAllVolumes(202)) - Scheduled health check for volume /home/runner/work/ozone/ozone/hadoop-ozone/integration-test/target/test-dir/MiniOzoneClusterImpl-fde6c995-fd32-43d9-9d96-6dc5d052cd3d/datanode-2/data-0/containers/hdds
2022-06-24 23:50:27,473 [Listener at 127.0.0.1/33563] INFO  volume.MutableVolumeSet (MutableVolumeSet.java:initializeVolumeSet(174)) - Added Volume : /home/runner/work/ozone/ozone/hadoop-ozone/integration-test/target/test-dir/MiniOzoneClusterImpl-fde6c995-fd32-43d9-9d96-6dc5d052cd3d/datanode-2/data/ratis to VolumeSet
2022-06-24 23:50:27,473 [Listener at 127.0.0.1/33563] INFO  volume.ThrottledAsyncChecker (ThrottledAsyncChecker.java:schedule(141)) - Scheduling a check for /home/runner/work/ozone/ozone/hadoop-ozone/integration-test/target/test-dir/MiniOzoneClusterImpl-fde6c995-fd32-43d9-9d96-6dc5d052cd3d/datanode-2/data/ratis
2022-06-24 23:50:27,490 [Listener at 127.0.0.1/33563] INFO  volume.StorageVolumeChecker (StorageVolumeChecker.java:checkAllVolumes(202)) - Scheduled health check for volume /home/runner/work/ozone/ozone/hadoop-ozone/integration-test/target/test-dir/MiniOzoneClusterImpl-fde6c995-fd32-43d9-9d96-6dc5d052cd3d/datanode-2/data/ratis
2022-06-24 23:50:27,543 [Thread-1637] INFO  ozoneimpl.ContainerReader (ContainerReader.java:readVolume(172)) - Finish verifying containers on volume /home/runner/work/ozone/ozone/hadoop-ozone/integration-test/target/test-dir/MiniOzoneClusterImpl-fde6c995-fd32-43d9-9d96-6dc5d052cd3d/datanode-2/data-0/containers/hdds
2022-06-24 23:50:27,543 [Listener at 127.0.0.1/33563] INFO  ozoneimpl.OzoneContainer (OzoneContainer.java:buildContainerSet(266)) - Build ContainerSet costs 0s
2022-06-24 23:50:27,545 [Listener at 127.0.0.1/33563] INFO  server.RaftServer (ConfUtils.java:logGet(46)) - raft.rpc.type = GRPC (default)
2022-06-24 23:50:27,546 [Listener at 127.0.0.1/33563] INFO  grpc.GrpcFactory (GrpcFactory.java:checkPooledByteBufAllocatorUseCacheForAllThreads(48)) - PERFORMANCE WARNING: useCacheForAllThreads is true that may cause Netty to create a lot garbage objects and, as a result, trigger GC.
	It is recommended to disable useCacheForAllThreads by setting -Dorg.apache.ratis.thirdparty.io.netty.allocator.useCacheForAllThreads=false in command line.
2022-06-24 23:50:27,546 [Listener at 127.0.0.1/33563] INFO  grpc.GrpcConfigKeys (ConfUtils.java:logGet(46)) - raft.grpc.admin.port = 0 (custom)
2022-06-24 23:50:27,546 [Listener at 127.0.0.1/33563] INFO  grpc.GrpcConfigKeys (ConfUtils.java:logGet(46)) - raft.grpc.client.port = 0 (custom)
2022-06-24 23:50:27,546 [Listener at 127.0.0.1/33563] INFO  grpc.GrpcConfigKeys (ConfUtils.java:logGet(46)) - raft.grpc.server.port = 0 (default)
2022-06-24 23:50:27,546 [Listener at 127.0.0.1/33563] INFO  server.GrpcService (ConfUtils.java:logGet(46)) - raft.grpc.message.size.max = 32MB (=33554432) (custom)
2022-06-24 23:50:27,546 [Listener at 127.0.0.1/33563] INFO  server.RaftServerConfigKeys (ConfUtils.java:logGet(46)) - raft.server.log.appender.buffer.byte-limit = 33554432 (custom)
2022-06-24 23:50:27,546 [Listener at 127.0.0.1/33563] INFO  server.GrpcService (ConfUtils.java:logGet(46)) - raft.grpc.flow.control.window = 5MB (=5242880) (custom)
2022-06-24 23:50:27,546 [Listener at 127.0.0.1/33563] INFO  server.RaftServerConfigKeys (ConfUtils.java:logGet(46)) - raft.server.rpc.request.timeout = 60s (custom)
2022-06-24 23:50:27,546 [Listener at 127.0.0.1/33563] INFO  grpc.GrpcConfigKeys (ConfUtils.java:logGet(46)) - raft.grpc.server.async.request.thread.pool.cached = true (default)
2022-06-24 23:50:27,546 [Listener at 127.0.0.1/33563] INFO  grpc.GrpcConfigKeys (ConfUtils.java:logGet(46)) - raft.grpc.server.async.request.thread.pool.size = 32 (default)
2022-06-24 23:50:27,548 [Listener at 127.0.0.1/33563] INFO  impl.DataStreamServerImpl (ConfUtils.java:logGet(46)) - raft.datastream.type = DISABLED (default)
2022-06-24 23:50:27,548 [Listener at 127.0.0.1/33563] INFO  server.RaftServerConfigKeys (ConfUtils.java:logGet(46)) - raft.server.threadpool.proxy.cached = true (default)
2022-06-24 23:50:27,548 [Listener at 127.0.0.1/33563] INFO  server.RaftServerConfigKeys (ConfUtils.java:logGet(46)) - raft.server.threadpool.proxy.size = 0 (default)
2022-06-24 23:50:27,548 [Listener at 127.0.0.1/33563] INFO  server.RaftServerConfigKeys (ConfUtils.java:logGet(46)) - raft.server.rpc.slowness.timeout = 300s (custom)
2022-06-24 23:50:27,548 [Listener at 127.0.0.1/33563] INFO  server.RaftServerConfigKeys (ConfUtils.java:logGet(46)) - raft.server.leaderelection.leader.step-down.wait-time = 10s (default)
2022-06-24 23:50:27,548 [Listener at 127.0.0.1/33563] INFO  server.RaftServerConfigKeys (ConfUtils.java:logGet(46)) - raft.server.storage.dir = [/home/runner/work/ozone/ozone/hadoop-ozone/integration-test/target/test-dir/MiniOzoneClusterImpl-fde6c995-fd32-43d9-9d96-6dc5d052cd3d/datanode-2/data/ratis] (custom)
2022-06-24 23:50:27,550 [Listener at 127.0.0.1/33563] INFO  server.XceiverServerGrpc (XceiverServerGrpc.java:<init>(132)) - GrpcServer channel type EpollServerSocketChannel
2022-06-24 23:50:27,565 [Listener at 127.0.0.1/33563] INFO  http.BaseHttpServer (BaseHttpServer.java:newHttpServer2BuilderForOzone(209)) - Starting Web-server for hddsDatanode at: http://0.0.0.0:0
2022-06-24 23:50:27,565 [Listener at 127.0.0.1/33563] INFO  http.BaseHttpServer (BaseHttpServer.java:<init>(107)) - Hadoop Security Enabled: false Ozone Security Enabled: false Ozone HTTP Security Enabled: false 
2022-06-24 23:50:27,566 [Listener at 127.0.0.1/33563] INFO  server.AuthenticationFilter (AuthenticationFilter.java:constructSecretProvider(240)) - Unable to initialize FileSignerSecretProvider, falling back to use random secrets.
2022-06-24 23:50:27,587 [Listener at 127.0.0.1/33563] WARN  http.HttpRequestLog (HttpRequestLog.java:getRequestLog(103)) - Jetty request log can only be enabled using Log4j
2022-06-24 23:50:27,624 [Listener at 127.0.0.1/33563] INFO  http.HttpServer2 (HttpServer2.java:addGlobalFilter(1029)) - Added global filter 'safety' (class=org.apache.hadoop.hdds.server.http.HttpServer2$QuotingInputFilter)
2022-06-24 23:50:27,624 [Listener at 127.0.0.1/33563] INFO  http.HttpServer2 (HttpServer2.java:addFilter(1005)) - Added filter static_user_filter (class=org.apache.hadoop.http.lib.StaticUserWebFilter$StaticUserFilter) to context hddsDatanode
2022-06-24 23:50:27,625 [Listener at 127.0.0.1/33563] INFO  http.HttpServer2 (HttpServer2.java:addFilter(1013)) - Added filter static_user_filter (class=org.apache.hadoop.http.lib.StaticUserWebFilter$StaticUserFilter) to context logs
2022-06-24 23:50:27,625 [Listener at 127.0.0.1/33563] INFO  http.HttpServer2 (HttpServer2.java:addFilter(1013)) - Added filter static_user_filter (class=org.apache.hadoop.http.lib.StaticUserWebFilter$StaticUserFilter) to context static
2022-06-24 23:50:27,625 [Listener at 127.0.0.1/33563] INFO  http.HttpServer2 (HttpServer2.java:bindListener(1248)) - Jetty bound to port 35111
2022-06-24 23:50:27,625 [Listener at 127.0.0.1/33563] INFO  server.Server (Server.java:doStart(375)) - jetty-9.4.43.v20210629; built: 2021-06-30T11:07:22.254Z; git: 526006ecfa3af7f1a27ef3a288e2bef7ea9dd7e8; jvm 1.8.0_332-b09
2022-06-24 23:50:27,629 [Listener at 127.0.0.1/33563] INFO  server.session (DefaultSessionIdManager.java:doStart(334)) - DefaultSessionIdManager workerName=node0
2022-06-24 23:50:27,629 [Listener at 127.0.0.1/33563] INFO  server.session (DefaultSessionIdManager.java:doStart(339)) - No SessionScavenger set, using defaults
2022-06-24 23:50:27,630 [Listener at 127.0.0.1/33563] INFO  server.session (HouseKeeper.java:startScavenging(132)) - node0 Scavenging every 600000ms
2022-06-24 23:50:27,630 [Listener at 127.0.0.1/33563] INFO  handler.ContextHandler (ContextHandler.java:doStart(915)) - Started o.e.j.s.ServletContextHandler@4877ad41{logs,/logs,file:///home/runner/work/ozone/ozone/hadoop-ozone/integration-test/target/log,AVAILABLE}
2022-06-24 23:50:27,630 [Listener at 127.0.0.1/33563] INFO  handler.ContextHandler (ContextHandler.java:doStart(915)) - Started o.e.j.s.ServletContextHandler@372f1140{static,/static,jar:file:/home/runner/.m2/repository/org/apache/ozone/hdds-container-service/1.3.0-SNAPSHOT/hdds-container-service-1.3.0-SNAPSHOT.jar!/webapps/static,AVAILABLE}
2022-06-24 23:50:27,971 [Listener at 127.0.0.1/33563] INFO  handler.ContextHandler (ContextHandler.java:doStart(915)) - Started o.e.j.w.WebAppContext@57773693{hddsDatanode,/,file:///tmp/jetty-0_0_0_0-35111-hdds-container-service-1_3_0-SNAPSHOT_jar-_-any-7256320991109446746/webapp/,AVAILABLE}{jar:file:/home/runner/.m2/repository/org/apache/ozone/hdds-container-service/1.3.0-SNAPSHOT/hdds-container-service-1.3.0-SNAPSHOT.jar!/webapps/hddsDatanode}
2022-06-24 23:50:27,995 [Listener at 127.0.0.1/33563] INFO  server.AbstractConnector (AbstractConnector.java:doStart(331)) - Started ServerConnector@388f46eb{HTTP/1.1, (http/1.1)}{0.0.0.0:35111}
2022-06-24 23:50:27,995 [Listener at 127.0.0.1/33563] INFO  server.Server (Server.java:doStart(415)) - Started @341575ms
2022-06-24 23:50:27,995 [Listener at 127.0.0.1/33563] WARN  impl.MetricsSystemImpl (MetricsSystemImpl.java:register(279)) - Sink prometheus already exists!
2022-06-24 23:50:27,996 [Listener at 127.0.0.1/33563] INFO  http.BaseHttpServer (BaseHttpServer.java:updateConnectorAddress(329)) - HTTP server of hddsDatanode listening at http://0.0.0.0:35111
2022-06-24 23:50:28,007 [Listener at 127.0.0.1/33563] INFO  impl.MetricsSystemImpl (MetricsSystemImpl.java:init(158)) - HddsDatanode metrics system started (again)
2022-06-24 23:50:28,035 [Datanode State Machine Daemon Thread] INFO  statemachine.DatanodeStateMachine (DatanodeStateMachine.java:lambda$startDaemon$0(492)) - Ozone container server started.
2022-06-24 23:50:28,066 [Listener at 127.0.0.1/33563] INFO  ozone.HddsDatanodeService (HddsDatanodeService.java:start(236)) - HddsDatanodeService host:fv-az21-224.v4iizcarkezebbfea14bcgzyke.bx.internal.cloudapp.net ip:10.1.0.24
2022-06-24 23:50:28,086 [org.apache.hadoop.util.JvmPauseMonitor$Monitor@7d674128] INFO  util.JvmPauseMonitor (JvmPauseMonitor.java:run(188)) - Starting JVM pause monitor
2022-06-24 23:50:28,104 [Listener at 127.0.0.1/33563] INFO  upgrade.AbstractLayoutVersionManager (AbstractLayoutVersionManager.java:init(82)) - Initializing Layout version manager with metadata layout = DATANODE_SCHEMA_V3 (version = 4), software layout = DATANODE_SCHEMA_V3 (version = 4)
2022-06-24 23:50:28,111 [Datanode State Machine Task Thread - 0] INFO  datanode.InitDatanodeState (InitDatanodeState.java:persistContainerDatanodeDetails(138)) - DatanodeDetails is persisted to /home/runner/work/ozone/ozone/hadoop-ozone/integration-test/target/test-dir/MiniOzoneClusterImpl-fde6c995-fd32-43d9-9d96-6dc5d052cd3d/datanode-2/meta/datanode.id
2022-06-24 23:50:28,158 [Listener at 127.0.0.1/33563] INFO  reflections.Reflections (Reflections.java:scan(232)) - Reflections took 53 ms to scan 7 urls, producing 131 keys and 316 values 
2022-06-24 23:50:28,163 [Listener at 127.0.0.1/33563] INFO  statemachine.DatanodeStateMachine (DatanodeStateMachine.java:getEndPointTaskThreadPoolSize(237)) - Datanode State Machine Task Thread Pool size 2
2022-06-24 23:50:28,185 [Listener at 127.0.0.1/33563] INFO  volume.HddsVolume (HddsVolume.java:<init>(116)) - Creating HddsVolume: /home/runner/work/ozone/ozone/hadoop-ozone/integration-test/target/test-dir/MiniOzoneClusterImpl-fde6c995-fd32-43d9-9d96-6dc5d052cd3d/datanode-3/data-0/containers/hdds of storage type : DISK capacity : 9223372036854775807
2022-06-24 23:50:28,185 [Listener at 127.0.0.1/33563] INFO  volume.MutableVolumeSet (MutableVolumeSet.java:initializeVolumeSet(174)) - Added Volume : /home/runner/work/ozone/ozone/hadoop-ozone/integration-test/target/test-dir/MiniOzoneClusterImpl-fde6c995-fd32-43d9-9d96-6dc5d052cd3d/datanode-3/data-0/containers/hdds to VolumeSet
2022-06-24 23:50:28,185 [Listener at 127.0.0.1/33563] INFO  volume.ThrottledAsyncChecker (ThrottledAsyncChecker.java:schedule(141)) - Scheduling a check for /home/runner/work/ozone/ozone/hadoop-ozone/integration-test/target/test-dir/MiniOzoneClusterImpl-fde6c995-fd32-43d9-9d96-6dc5d052cd3d/datanode-3/data-0/containers/hdds
2022-06-24 23:50:28,202 [Listener at 127.0.0.1/33563] INFO  volume.StorageVolumeChecker (StorageVolumeChecker.java:checkAllVolumes(202)) - Scheduled health check for volume /home/runner/work/ozone/ozone/hadoop-ozone/integration-test/target/test-dir/MiniOzoneClusterImpl-fde6c995-fd32-43d9-9d96-6dc5d052cd3d/datanode-3/data-0/containers/hdds
2022-06-24 23:50:28,314 [Listener at 127.0.0.1/33563] INFO  volume.MutableVolumeSet (MutableVolumeSet.java:initializeVolumeSet(174)) - Added Volume : /home/runner/work/ozone/ozone/hadoop-ozone/integration-test/target/test-dir/MiniOzoneClusterImpl-fde6c995-fd32-43d9-9d96-6dc5d052cd3d/datanode-3/data/ratis to VolumeSet
2022-06-24 23:50:28,315 [Listener at 127.0.0.1/33563] INFO  volume.ThrottledAsyncChecker (ThrottledAsyncChecker.java:schedule(141)) - Scheduling a check for /home/runner/work/ozone/ozone/hadoop-ozone/integration-test/target/test-dir/MiniOzoneClusterImpl-fde6c995-fd32-43d9-9d96-6dc5d052cd3d/datanode-3/data/ratis
2022-06-24 23:50:28,318 [Listener at 127.0.0.1/33563] INFO  volume.StorageVolumeChecker (StorageVolumeChecker.java:checkAllVolumes(202)) - Scheduled health check for volume /home/runner/work/ozone/ozone/hadoop-ozone/integration-test/target/test-dir/MiniOzoneClusterImpl-fde6c995-fd32-43d9-9d96-6dc5d052cd3d/datanode-3/data/ratis
2022-06-24 23:50:28,375 [Thread-1651] INFO  ozoneimpl.ContainerReader (ContainerReader.java:readVolume(172)) - Finish verifying containers on volume /home/runner/work/ozone/ozone/hadoop-ozone/integration-test/target/test-dir/MiniOzoneClusterImpl-fde6c995-fd32-43d9-9d96-6dc5d052cd3d/datanode-3/data-0/containers/hdds
2022-06-24 23:50:28,375 [Listener at 127.0.0.1/33563] INFO  ozoneimpl.OzoneContainer (OzoneContainer.java:buildContainerSet(266)) - Build ContainerSet costs 0s
2022-06-24 23:50:28,399 [Listener at 127.0.0.1/33563] INFO  server.RaftServer (ConfUtils.java:logGet(46)) - raft.rpc.type = GRPC (default)
2022-06-24 23:50:28,406 [Listener at 127.0.0.1/33563] INFO  grpc.GrpcFactory (GrpcFactory.java:checkPooledByteBufAllocatorUseCacheForAllThreads(48)) - PERFORMANCE WARNING: useCacheForAllThreads is true that may cause Netty to create a lot garbage objects and, as a result, trigger GC.
	It is recommended to disable useCacheForAllThreads by setting -Dorg.apache.ratis.thirdparty.io.netty.allocator.useCacheForAllThreads=false in command line.
2022-06-24 23:50:28,407 [Listener at 127.0.0.1/33563] INFO  grpc.GrpcConfigKeys (ConfUtils.java:logGet(46)) - raft.grpc.admin.port = 0 (custom)
2022-06-24 23:50:28,407 [Listener at 127.0.0.1/33563] INFO  grpc.GrpcConfigKeys (ConfUtils.java:logGet(46)) - raft.grpc.client.port = 0 (custom)
2022-06-24 23:50:28,407 [Listener at 127.0.0.1/33563] INFO  grpc.GrpcConfigKeys (ConfUtils.java:logGet(46)) - raft.grpc.server.port = 0 (default)
2022-06-24 23:50:28,407 [Listener at 127.0.0.1/33563] INFO  server.GrpcService (ConfUtils.java:logGet(46)) - raft.grpc.message.size.max = 32MB (=33554432) (custom)
2022-06-24 23:50:28,409 [Listener at 127.0.0.1/33563] INFO  server.RaftServerConfigKeys (ConfUtils.java:logGet(46)) - raft.server.log.appender.buffer.byte-limit = 33554432 (custom)
2022-06-24 23:50:28,409 [Listener at 127.0.0.1/33563] INFO  server.GrpcService (ConfUtils.java:logGet(46)) - raft.grpc.flow.control.window = 5MB (=5242880) (custom)
2022-06-24 23:50:28,411 [Listener at 127.0.0.1/33563] INFO  server.RaftServerConfigKeys (ConfUtils.java:logGet(46)) - raft.server.rpc.request.timeout = 60s (custom)
2022-06-24 23:50:28,411 [Listener at 127.0.0.1/33563] INFO  grpc.GrpcConfigKeys (ConfUtils.java:logGet(46)) - raft.grpc.server.async.request.thread.pool.cached = true (default)
2022-06-24 23:50:28,411 [Listener at 127.0.0.1/33563] INFO  grpc.GrpcConfigKeys (ConfUtils.java:logGet(46)) - raft.grpc.server.async.request.thread.pool.size = 32 (default)
2022-06-24 23:50:28,412 [Listener at 127.0.0.1/33563] INFO  impl.DataStreamServerImpl (ConfUtils.java:logGet(46)) - raft.datastream.type = DISABLED (default)
2022-06-24 23:50:28,412 [Listener at 127.0.0.1/33563] INFO  server.RaftServerConfigKeys (ConfUtils.java:logGet(46)) - raft.server.threadpool.proxy.cached = true (default)
2022-06-24 23:50:28,413 [Listener at 127.0.0.1/33563] INFO  server.RaftServerConfigKeys (ConfUtils.java:logGet(46)) - raft.server.threadpool.proxy.size = 0 (default)
2022-06-24 23:50:28,413 [Listener at 127.0.0.1/33563] INFO  server.RaftServerConfigKeys (ConfUtils.java:logGet(46)) - raft.server.rpc.slowness.timeout = 300s (custom)
2022-06-24 23:50:28,413 [Listener at 127.0.0.1/33563] INFO  server.RaftServerConfigKeys (ConfUtils.java:logGet(46)) - raft.server.leaderelection.leader.step-down.wait-time = 10s (default)
2022-06-24 23:50:28,413 [Listener at 127.0.0.1/33563] INFO  server.RaftServerConfigKeys (ConfUtils.java:logGet(46)) - raft.server.storage.dir = [/home/runner/work/ozone/ozone/hadoop-ozone/integration-test/target/test-dir/MiniOzoneClusterImpl-fde6c995-fd32-43d9-9d96-6dc5d052cd3d/datanode-3/data/ratis] (custom)
2022-06-24 23:50:28,438 [Listener at 127.0.0.1/33563] INFO  server.XceiverServerGrpc (XceiverServerGrpc.java:<init>(132)) - GrpcServer channel type EpollServerSocketChannel
2022-06-24 23:50:28,441 [Listener at 127.0.0.1/33563] INFO  http.BaseHttpServer (BaseHttpServer.java:newHttpServer2BuilderForOzone(209)) - Starting Web-server for hddsDatanode at: http://0.0.0.0:0
2022-06-24 23:50:28,441 [Listener at 127.0.0.1/33563] INFO  http.BaseHttpServer (BaseHttpServer.java:<init>(107)) - Hadoop Security Enabled: false Ozone Security Enabled: false Ozone HTTP Security Enabled: false 
2022-06-24 23:50:28,444 [Listener at 127.0.0.1/33563] INFO  server.AuthenticationFilter (AuthenticationFilter.java:constructSecretProvider(240)) - Unable to initialize FileSignerSecretProvider, falling back to use random secrets.
2022-06-24 23:50:28,449 [Listener at 127.0.0.1/33563] WARN  http.HttpRequestLog (HttpRequestLog.java:getRequestLog(103)) - Jetty request log can only be enabled using Log4j
2022-06-24 23:50:28,450 [Listener at 127.0.0.1/33563] INFO  http.HttpServer2 (HttpServer2.java:addGlobalFilter(1029)) - Added global filter 'safety' (class=org.apache.hadoop.hdds.server.http.HttpServer2$QuotingInputFilter)
2022-06-24 23:50:28,450 [Listener at 127.0.0.1/33563] INFO  http.HttpServer2 (HttpServer2.java:addFilter(1005)) - Added filter static_user_filter (class=org.apache.hadoop.http.lib.StaticUserWebFilter$StaticUserFilter) to context hddsDatanode
2022-06-24 23:50:28,450 [Listener at 127.0.0.1/33563] INFO  http.HttpServer2 (HttpServer2.java:addFilter(1013)) - Added filter static_user_filter (class=org.apache.hadoop.http.lib.StaticUserWebFilter$StaticUserFilter) to context logs
2022-06-24 23:50:28,450 [Listener at 127.0.0.1/33563] INFO  http.HttpServer2 (HttpServer2.java:addFilter(1013)) - Added filter static_user_filter (class=org.apache.hadoop.http.lib.StaticUserWebFilter$StaticUserFilter) to context static
2022-06-24 23:50:28,456 [EndpointStateMachine task thread for /0.0.0.0:34755 - 0 ] INFO  volume.HddsVolume (HddsVolume.java:createDbStore(309)) - SchemaV3 db is created and loaded at /home/runner/work/ozone/ozone/hadoop-ozone/integration-test/target/test-dir/MiniOzoneClusterImpl-fde6c995-fd32-43d9-9d96-6dc5d052cd3d/datanode-0/data-0/containers/hdds/fde6c995-fd32-43d9-9d96-6dc5d052cd3d/DS-d7e7e049-f055-4f54-acfb-5278ba789288/container.db for volume DS-d7e7e049-f055-4f54-acfb-5278ba789288
2022-06-24 23:50:28,485 [Listener at 127.0.0.1/33563] INFO  http.HttpServer2 (HttpServer2.java:bindListener(1248)) - Jetty bound to port 37379
2022-06-24 23:50:28,485 [Listener at 127.0.0.1/33563] INFO  server.Server (Server.java:doStart(375)) - jetty-9.4.43.v20210629; built: 2021-06-30T11:07:22.254Z; git: 526006ecfa3af7f1a27ef3a288e2bef7ea9dd7e8; jvm 1.8.0_332-b09
2022-06-24 23:50:28,516 [Listener at 127.0.0.1/33563] INFO  server.session (DefaultSessionIdManager.java:doStart(334)) - DefaultSessionIdManager workerName=node0
2022-06-24 23:50:28,517 [Listener at 127.0.0.1/33563] INFO  server.session (DefaultSessionIdManager.java:doStart(339)) - No SessionScavenger set, using defaults
2022-06-24 23:50:28,517 [Listener at 127.0.0.1/33563] INFO  server.session (HouseKeeper.java:startScavenging(132)) - node0 Scavenging every 600000ms
2022-06-24 23:50:28,517 [Listener at 127.0.0.1/33563] INFO  handler.ContextHandler (ContextHandler.java:doStart(915)) - Started o.e.j.s.ServletContextHandler@7c16463f{logs,/logs,file:///home/runner/work/ozone/ozone/hadoop-ozone/integration-test/target/log,AVAILABLE}
2022-06-24 23:50:28,518 [Listener at 127.0.0.1/33563] INFO  handler.ContextHandler (ContextHandler.java:doStart(915)) - Started o.e.j.s.ServletContextHandler@546e20d5{static,/static,jar:file:/home/runner/.m2/repository/org/apache/ozone/hdds-container-service/1.3.0-SNAPSHOT/hdds-container-service-1.3.0-SNAPSHOT.jar!/webapps/static,AVAILABLE}
2022-06-24 23:50:28,527 [EndpointStateMachine task thread for /0.0.0.0:34755 - 0 ] INFO  volume.HddsVolume (HddsVolume.java:closeDbStore(340)) - SchemaV3 db is stopped at /home/runner/work/ozone/ozone/hadoop-ozone/integration-test/target/test-dir/MiniOzoneClusterImpl-fde6c995-fd32-43d9-9d96-6dc5d052cd3d/datanode-0/data-0/containers/hdds/fde6c995-fd32-43d9-9d96-6dc5d052cd3d/DS-d7e7e049-f055-4f54-acfb-5278ba789288/container.db for volume DS-d7e7e049-f055-4f54-acfb-5278ba789288
2022-06-24 23:50:28,527 [EndpointStateMachine task thread for /0.0.0.0:34755 - 0 ] INFO  ozoneimpl.OzoneContainer (OzoneContainer.java:start(344)) - Attempting to start container services.
2022-06-24 23:50:28,528 [EndpointStateMachine task thread for /0.0.0.0:34755 - 0 ] INFO  ozoneimpl.OzoneContainer (OzoneContainer.java:startContainerScrub(279)) - Background container scanner has been disabled.
2022-06-24 23:50:28,613 [EndpointStateMachine task thread for /0.0.0.0:34755 - 0 ] INFO  replication.ReplicationServer (ReplicationServer.java:start(111)) - ReplicationServer is started using port 46179
2022-06-24 23:50:28,614 [EndpointStateMachine task thread for /0.0.0.0:34755 - 0 ] INFO  ratis.XceiverServerRatis (XceiverServerRatis.java:start(481)) - Starting XceiverServerRatis e0e9d4ea-e5ff-4cfc-8100-64ee9cc1170c
2022-06-24 23:50:28,619 [EndpointStateMachine task thread for /0.0.0.0:34755 - 0 ] INFO  server.RaftServer (RaftServerProxy.java:lambda$start$6(382)) - e0e9d4ea-e5ff-4cfc-8100-64ee9cc1170c: start RPC server
2022-06-24 23:50:28,636 [EndpointStateMachine task thread for /0.0.0.0:34755 - 0 ] INFO  server.GrpcService (GrpcService.java:startImpl(260)) - e0e9d4ea-e5ff-4cfc-8100-64ee9cc1170c: GrpcService started, listening on 37185
2022-06-24 23:50:28,639 [EndpointStateMachine task thread for /0.0.0.0:34755 - 0 ] INFO  ratis.XceiverServerRatis (XceiverServerRatis.java:getRealPort(502)) - XceiverServerRatis e0e9d4ea-e5ff-4cfc-8100-64ee9cc1170c is started using port 37185 for RATIS
2022-06-24 23:50:28,639 [EndpointStateMachine task thread for /0.0.0.0:34755 - 0 ] INFO  ratis.XceiverServerRatis (XceiverServerRatis.java:getRealPort(502)) - XceiverServerRatis e0e9d4ea-e5ff-4cfc-8100-64ee9cc1170c is started using port 37185 for RATIS_ADMIN
2022-06-24 23:50:28,639 [EndpointStateMachine task thread for /0.0.0.0:34755 - 0 ] INFO  ratis.XceiverServerRatis (XceiverServerRatis.java:getRealPort(502)) - XceiverServerRatis e0e9d4ea-e5ff-4cfc-8100-64ee9cc1170c is started using port 37185 for RATIS_SERVER
2022-06-24 23:50:28,639 [org.apache.ratis.util.JvmPauseMonitor$$Lambda$627/395666382@2a2c3406] INFO  util.JvmPauseMonitor (JvmPauseMonitor.java:run(103)) - JvmPauseMonitor-e0e9d4ea-e5ff-4cfc-8100-64ee9cc1170c: Started
2022-06-24 23:50:28,695 [EndpointStateMachine task thread for /0.0.0.0:34755 - 0 ] INFO  server.XceiverServerGrpc (XceiverServerGrpc.java:start(180)) - XceiverServerGrpc e0e9d4ea-e5ff-4cfc-8100-64ee9cc1170c is started using port 44191
2022-06-24 23:50:29,191 [Listener at 127.0.0.1/33563] INFO  handler.ContextHandler (ContextHandler.java:doStart(915)) - Started o.e.j.w.WebAppContext@35fa8b9b{hddsDatanode,/,file:///tmp/jetty-0_0_0_0-37379-hdds-container-service-1_3_0-SNAPSHOT_jar-_-any-7139428043977686785/webapp/,AVAILABLE}{jar:file:/home/runner/.m2/repository/org/apache/ozone/hdds-container-service/1.3.0-SNAPSHOT/hdds-container-service-1.3.0-SNAPSHOT.jar!/webapps/hddsDatanode}
2022-06-24 23:50:29,230 [Listener at 127.0.0.1/33563] INFO  server.AbstractConnector (AbstractConnector.java:doStart(331)) - Started ServerConnector@4d547e41{HTTP/1.1, (http/1.1)}{0.0.0.0:37379}
2022-06-24 23:50:29,231 [Listener at 127.0.0.1/33563] INFO  server.Server (Server.java:doStart(415)) - Started @342811ms
2022-06-24 23:50:29,231 [Listener at 127.0.0.1/33563] WARN  impl.MetricsSystemImpl (MetricsSystemImpl.java:register(279)) - Sink prometheus already exists!
2022-06-24 23:50:29,232 [Listener at 127.0.0.1/33563] INFO  http.BaseHttpServer (BaseHttpServer.java:updateConnectorAddress(329)) - HTTP server of hddsDatanode listening at http://0.0.0.0:37379
2022-06-24 23:50:29,235 [Listener at 127.0.0.1/33563] INFO  impl.MetricsSystemImpl (MetricsSystemImpl.java:init(158)) - HddsDatanode metrics system started (again)
2022-06-24 23:50:29,237 [Datanode State Machine Daemon Thread] INFO  statemachine.DatanodeStateMachine (DatanodeStateMachine.java:lambda$startDaemon$0(492)) - Ozone container server started.
2022-06-24 23:50:29,283 [EndpointStateMachine task thread for /0.0.0.0:34755 - 0 ] INFO  volume.HddsVolume (HddsVolume.java:createDbStore(309)) - SchemaV3 db is created and loaded at /home/runner/work/ozone/ozone/hadoop-ozone/integration-test/target/test-dir/MiniOzoneClusterImpl-fde6c995-fd32-43d9-9d96-6dc5d052cd3d/datanode-1/data-0/containers/hdds/fde6c995-fd32-43d9-9d96-6dc5d052cd3d/DS-6987f318-ded8-445a-b064-be5ccb3dafb5/container.db for volume DS-6987f318-ded8-445a-b064-be5ccb3dafb5
2022-06-24 23:50:29,284 [EndpointStateMachine task thread for /0.0.0.0:34755 - 0 ] INFO  volume.HddsVolume (HddsVolume.java:closeDbStore(340)) - SchemaV3 db is stopped at /home/runner/work/ozone/ozone/hadoop-ozone/integration-test/target/test-dir/MiniOzoneClusterImpl-fde6c995-fd32-43d9-9d96-6dc5d052cd3d/datanode-1/data-0/containers/hdds/fde6c995-fd32-43d9-9d96-6dc5d052cd3d/DS-6987f318-ded8-445a-b064-be5ccb3dafb5/container.db for volume DS-6987f318-ded8-445a-b064-be5ccb3dafb5
2022-06-24 23:50:29,284 [EndpointStateMachine task thread for /0.0.0.0:34755 - 0 ] INFO  ozoneimpl.OzoneContainer (OzoneContainer.java:start(344)) - Attempting to start container services.
2022-06-24 23:50:29,284 [EndpointStateMachine task thread for /0.0.0.0:34755 - 0 ] INFO  ozoneimpl.OzoneContainer (OzoneContainer.java:startContainerScrub(279)) - Background container scanner has been disabled.
2022-06-24 23:50:29,303 [org.apache.hadoop.util.JvmPauseMonitor$Monitor@16e5d467] INFO  util.JvmPauseMonitor (JvmPauseMonitor.java:run(188)) - Starting JVM pause monitor
2022-06-24 23:50:29,332 [Listener at 127.0.0.1/33563] INFO  ozone.HddsDatanodeService (HddsDatanodeService.java:start(236)) - HddsDatanodeService host:fv-az21-224.v4iizcarkezebbfea14bcgzyke.bx.internal.cloudapp.net ip:10.1.0.24
2022-06-24 23:50:29,337 [EndpointStateMachine task thread for /0.0.0.0:34755 - 0 ] INFO  replication.ReplicationServer (ReplicationServer.java:start(111)) - ReplicationServer is started using port 34437
2022-06-24 23:50:29,337 [EndpointStateMachine task thread for /0.0.0.0:34755 - 0 ] INFO  ratis.XceiverServerRatis (XceiverServerRatis.java:start(481)) - Starting XceiverServerRatis e4b7c23e-ae07-4399-b4c7-5433903d8f4c
2022-06-24 23:50:29,343 [EndpointStateMachine task thread for /0.0.0.0:34755 - 0 ] INFO  server.RaftServer (RaftServerProxy.java:lambda$start$6(382)) - e4b7c23e-ae07-4399-b4c7-5433903d8f4c: start RPC server
2022-06-24 23:50:29,356 [Datanode State Machine Task Thread - 0] INFO  datanode.InitDatanodeState (InitDatanodeState.java:persistContainerDatanodeDetails(138)) - DatanodeDetails is persisted to /home/runner/work/ozone/ozone/hadoop-ozone/integration-test/target/test-dir/MiniOzoneClusterImpl-fde6c995-fd32-43d9-9d96-6dc5d052cd3d/datanode-3/meta/datanode.id
2022-06-24 23:50:29,363 [EndpointStateMachine task thread for /0.0.0.0:34755 - 0 ] INFO  server.GrpcService (GrpcService.java:startImpl(260)) - e4b7c23e-ae07-4399-b4c7-5433903d8f4c: GrpcService started, listening on 37801
2022-06-24 23:50:29,367 [EndpointStateMachine task thread for /0.0.0.0:34755 - 0 ] INFO  ratis.XceiverServerRatis (XceiverServerRatis.java:getRealPort(502)) - XceiverServerRatis e4b7c23e-ae07-4399-b4c7-5433903d8f4c is started using port 37801 for RATIS
2022-06-24 23:50:29,367 [EndpointStateMachine task thread for /0.0.0.0:34755 - 0 ] INFO  ratis.XceiverServerRatis (XceiverServerRatis.java:getRealPort(502)) - XceiverServerRatis e4b7c23e-ae07-4399-b4c7-5433903d8f4c is started using port 37801 for RATIS_ADMIN
2022-06-24 23:50:29,367 [EndpointStateMachine task thread for /0.0.0.0:34755 - 0 ] INFO  ratis.XceiverServerRatis (XceiverServerRatis.java:getRealPort(502)) - XceiverServerRatis e4b7c23e-ae07-4399-b4c7-5433903d8f4c is started using port 37801 for RATIS_SERVER
2022-06-24 23:50:29,367 [org.apache.ratis.util.JvmPauseMonitor$$Lambda$627/395666382@22660eff] INFO  util.JvmPauseMonitor (JvmPauseMonitor.java:run(103)) - JvmPauseMonitor-e4b7c23e-ae07-4399-b4c7-5433903d8f4c: Started
2022-06-24 23:50:29,401 [EndpointStateMachine task thread for /0.0.0.0:34755 - 0 ] INFO  server.XceiverServerGrpc (XceiverServerGrpc.java:start(180)) - XceiverServerGrpc e4b7c23e-ae07-4399-b4c7-5433903d8f4c is started using port 37619
2022-06-24 23:50:29,434 [Listener at 127.0.0.1/33563] INFO  upgrade.AbstractLayoutVersionManager (AbstractLayoutVersionManager.java:init(82)) - Initializing Layout version manager with metadata layout = DATANODE_SCHEMA_V3 (version = 4), software layout = DATANODE_SCHEMA_V3 (version = 4)
2022-06-24 23:50:29,556 [Listener at 127.0.0.1/33563] INFO  reflections.Reflections (Reflections.java:scan(232)) - Reflections took 106 ms to scan 7 urls, producing 131 keys and 316 values 
2022-06-24 23:50:29,558 [Listener at 127.0.0.1/33563] INFO  statemachine.DatanodeStateMachine (DatanodeStateMachine.java:getEndPointTaskThreadPoolSize(237)) - Datanode State Machine Task Thread Pool size 2
2022-06-24 23:50:29,559 [Listener at 127.0.0.1/33563] INFO  volume.HddsVolume (HddsVolume.java:<init>(116)) - Creating HddsVolume: /home/runner/work/ozone/ozone/hadoop-ozone/integration-test/target/test-dir/MiniOzoneClusterImpl-fde6c995-fd32-43d9-9d96-6dc5d052cd3d/datanode-4/data-0/containers/hdds of storage type : DISK capacity : 9223372036854775807
2022-06-24 23:50:29,559 [Listener at 127.0.0.1/33563] INFO  volume.MutableVolumeSet (MutableVolumeSet.java:initializeVolumeSet(174)) - Added Volume : /home/runner/work/ozone/ozone/hadoop-ozone/integration-test/target/test-dir/MiniOzoneClusterImpl-fde6c995-fd32-43d9-9d96-6dc5d052cd3d/datanode-4/data-0/containers/hdds to VolumeSet
2022-06-24 23:50:29,559 [Listener at 127.0.0.1/33563] INFO  volume.ThrottledAsyncChecker (ThrottledAsyncChecker.java:schedule(141)) - Scheduling a check for /home/runner/work/ozone/ozone/hadoop-ozone/integration-test/target/test-dir/MiniOzoneClusterImpl-fde6c995-fd32-43d9-9d96-6dc5d052cd3d/datanode-4/data-0/containers/hdds
2022-06-24 23:50:29,590 [Listener at 127.0.0.1/33563] INFO  volume.StorageVolumeChecker (StorageVolumeChecker.java:checkAllVolumes(202)) - Scheduled health check for volume /home/runner/work/ozone/ozone/hadoop-ozone/integration-test/target/test-dir/MiniOzoneClusterImpl-fde6c995-fd32-43d9-9d96-6dc5d052cd3d/datanode-4/data-0/containers/hdds
2022-06-24 23:50:29,619 [Listener at 127.0.0.1/33563] INFO  volume.MutableVolumeSet (MutableVolumeSet.java:initializeVolumeSet(174)) - Added Volume : /home/runner/work/ozone/ozone/hadoop-ozone/integration-test/target/test-dir/MiniOzoneClusterImpl-fde6c995-fd32-43d9-9d96-6dc5d052cd3d/datanode-4/data/ratis to VolumeSet
2022-06-24 23:50:29,619 [Listener at 127.0.0.1/33563] INFO  volume.ThrottledAsyncChecker (ThrottledAsyncChecker.java:schedule(141)) - Scheduling a check for /home/runner/work/ozone/ozone/hadoop-ozone/integration-test/target/test-dir/MiniOzoneClusterImpl-fde6c995-fd32-43d9-9d96-6dc5d052cd3d/datanode-4/data/ratis
2022-06-24 23:50:29,620 [Listener at 127.0.0.1/33563] INFO  volume.StorageVolumeChecker (StorageVolumeChecker.java:checkAllVolumes(202)) - Scheduled health check for volume /home/runner/work/ozone/ozone/hadoop-ozone/integration-test/target/test-dir/MiniOzoneClusterImpl-fde6c995-fd32-43d9-9d96-6dc5d052cd3d/datanode-4/data/ratis
2022-06-24 23:50:29,687 [Thread-1670] INFO  ozoneimpl.ContainerReader (ContainerReader.java:readVolume(172)) - Finish verifying containers on volume /home/runner/work/ozone/ozone/hadoop-ozone/integration-test/target/test-dir/MiniOzoneClusterImpl-fde6c995-fd32-43d9-9d96-6dc5d052cd3d/datanode-4/data-0/containers/hdds
2022-06-24 23:50:29,687 [Listener at 127.0.0.1/33563] INFO  ozoneimpl.OzoneContainer (OzoneContainer.java:buildContainerSet(266)) - Build ContainerSet costs 0s
2022-06-24 23:50:29,689 [Listener at 127.0.0.1/33563] INFO  server.RaftServer (ConfUtils.java:logGet(46)) - raft.rpc.type = GRPC (default)
2022-06-24 23:50:29,689 [Listener at 127.0.0.1/33563] INFO  grpc.GrpcFactory (GrpcFactory.java:checkPooledByteBufAllocatorUseCacheForAllThreads(48)) - PERFORMANCE WARNING: useCacheForAllThreads is true that may cause Netty to create a lot garbage objects and, as a result, trigger GC.
	It is recommended to disable useCacheForAllThreads by setting -Dorg.apache.ratis.thirdparty.io.netty.allocator.useCacheForAllThreads=false in command line.
2022-06-24 23:50:29,689 [Listener at 127.0.0.1/33563] INFO  grpc.GrpcConfigKeys (ConfUtils.java:logGet(46)) - raft.grpc.admin.port = 0 (custom)
2022-06-24 23:50:29,689 [Listener at 127.0.0.1/33563] INFO  grpc.GrpcConfigKeys (ConfUtils.java:logGet(46)) - raft.grpc.client.port = 0 (custom)
2022-06-24 23:50:29,689 [Listener at 127.0.0.1/33563] INFO  grpc.GrpcConfigKeys (ConfUtils.java:logGet(46)) - raft.grpc.server.port = 0 (default)
2022-06-24 23:50:29,690 [Listener at 127.0.0.1/33563] INFO  server.GrpcService (ConfUtils.java:logGet(46)) - raft.grpc.message.size.max = 32MB (=33554432) (custom)
2022-06-24 23:50:29,690 [Listener at 127.0.0.1/33563] INFO  server.RaftServerConfigKeys (ConfUtils.java:logGet(46)) - raft.server.log.appender.buffer.byte-limit = 33554432 (custom)
2022-06-24 23:50:29,690 [Listener at 127.0.0.1/33563] INFO  server.GrpcService (ConfUtils.java:logGet(46)) - raft.grpc.flow.control.window = 5MB (=5242880) (custom)
2022-06-24 23:50:29,690 [Listener at 127.0.0.1/33563] INFO  server.RaftServerConfigKeys (ConfUtils.java:logGet(46)) - raft.server.rpc.request.timeout = 60s (custom)
2022-06-24 23:50:29,690 [Listener at 127.0.0.1/33563] INFO  grpc.GrpcConfigKeys (ConfUtils.java:logGet(46)) - raft.grpc.server.async.request.thread.pool.cached = true (default)
2022-06-24 23:50:29,690 [Listener at 127.0.0.1/33563] INFO  grpc.GrpcConfigKeys (ConfUtils.java:logGet(46)) - raft.grpc.server.async.request.thread.pool.size = 32 (default)
2022-06-24 23:50:29,691 [Listener at 127.0.0.1/33563] INFO  impl.DataStreamServerImpl (ConfUtils.java:logGet(46)) - raft.datastream.type = DISABLED (default)
2022-06-24 23:50:29,691 [Listener at 127.0.0.1/33563] INFO  server.RaftServerConfigKeys (ConfUtils.java:logGet(46)) - raft.server.threadpool.proxy.cached = true (default)
2022-06-24 23:50:29,692 [Listener at 127.0.0.1/33563] INFO  server.RaftServerConfigKeys (ConfUtils.java:logGet(46)) - raft.server.threadpool.proxy.size = 0 (default)
2022-06-24 23:50:29,692 [Listener at 127.0.0.1/33563] INFO  server.RaftServerConfigKeys (ConfUtils.java:logGet(46)) - raft.server.rpc.slowness.timeout = 300s (custom)
2022-06-24 23:50:29,692 [Listener at 127.0.0.1/33563] INFO  server.RaftServerConfigKeys (ConfUtils.java:logGet(46)) - raft.server.leaderelection.leader.step-down.wait-time = 10s (default)
2022-06-24 23:50:29,692 [Listener at 127.0.0.1/33563] INFO  server.RaftServerConfigKeys (ConfUtils.java:logGet(46)) - raft.server.storage.dir = [/home/runner/work/ozone/ozone/hadoop-ozone/integration-test/target/test-dir/MiniOzoneClusterImpl-fde6c995-fd32-43d9-9d96-6dc5d052cd3d/datanode-4/data/ratis] (custom)
2022-06-24 23:50:29,693 [Listener at 127.0.0.1/33563] INFO  server.XceiverServerGrpc (XceiverServerGrpc.java:<init>(132)) - GrpcServer channel type EpollServerSocketChannel
2022-06-24 23:50:29,695 [Listener at 127.0.0.1/33563] INFO  http.BaseHttpServer (BaseHttpServer.java:newHttpServer2BuilderForOzone(209)) - Starting Web-server for hddsDatanode at: http://0.0.0.0:0
2022-06-24 23:50:29,696 [Listener at 127.0.0.1/33563] INFO  http.BaseHttpServer (BaseHttpServer.java:<init>(107)) - Hadoop Security Enabled: false Ozone Security Enabled: false Ozone HTTP Security Enabled: false 
2022-06-24 23:50:29,696 [Listener at 127.0.0.1/33563] INFO  server.AuthenticationFilter (AuthenticationFilter.java:constructSecretProvider(240)) - Unable to initialize FileSignerSecretProvider, falling back to use random secrets.
2022-06-24 23:50:29,697 [Listener at 127.0.0.1/33563] WARN  http.HttpRequestLog (HttpRequestLog.java:getRequestLog(103)) - Jetty request log can only be enabled using Log4j
2022-06-24 23:50:29,698 [Listener at 127.0.0.1/33563] INFO  http.HttpServer2 (HttpServer2.java:addGlobalFilter(1029)) - Added global filter 'safety' (class=org.apache.hadoop.hdds.server.http.HttpServer2$QuotingInputFilter)
2022-06-24 23:50:29,699 [Listener at 127.0.0.1/33563] INFO  http.HttpServer2 (HttpServer2.java:addFilter(1005)) - Added filter static_user_filter (class=org.apache.hadoop.http.lib.StaticUserWebFilter$StaticUserFilter) to context hddsDatanode
2022-06-24 23:50:29,699 [Listener at 127.0.0.1/33563] INFO  http.HttpServer2 (HttpServer2.java:addFilter(1013)) - Added filter static_user_filter (class=org.apache.hadoop.http.lib.StaticUserWebFilter$StaticUserFilter) to context logs
2022-06-24 23:50:29,699 [Listener at 127.0.0.1/33563] INFO  http.HttpServer2 (HttpServer2.java:addFilter(1013)) - Added filter static_user_filter (class=org.apache.hadoop.http.lib.StaticUserWebFilter$StaticUserFilter) to context static
2022-06-24 23:50:29,700 [Listener at 127.0.0.1/33563] INFO  http.HttpServer2 (HttpServer2.java:bindListener(1248)) - Jetty bound to port 36065
2022-06-24 23:50:29,700 [Listener at 127.0.0.1/33563] INFO  server.Server (Server.java:doStart(375)) - jetty-9.4.43.v20210629; built: 2021-06-30T11:07:22.254Z; git: 526006ecfa3af7f1a27ef3a288e2bef7ea9dd7e8; jvm 1.8.0_332-b09
2022-06-24 23:50:29,703 [Listener at 127.0.0.1/33563] INFO  server.session (DefaultSessionIdManager.java:doStart(334)) - DefaultSessionIdManager workerName=node0
2022-06-24 23:50:29,703 [Listener at 127.0.0.1/33563] INFO  server.session (DefaultSessionIdManager.java:doStart(339)) - No SessionScavenger set, using defaults
2022-06-24 23:50:29,703 [Listener at 127.0.0.1/33563] INFO  server.session (HouseKeeper.java:startScavenging(132)) - node0 Scavenging every 600000ms
2022-06-24 23:50:29,704 [Listener at 127.0.0.1/33563] INFO  handler.ContextHandler (ContextHandler.java:doStart(915)) - Started o.e.j.s.ServletContextHandler@4adadfec{logs,/logs,file:///home/runner/work/ozone/ozone/hadoop-ozone/integration-test/target/log,AVAILABLE}
2022-06-24 23:50:29,704 [Listener at 127.0.0.1/33563] INFO  handler.ContextHandler (ContextHandler.java:doStart(915)) - Started o.e.j.s.ServletContextHandler@58b39bce{static,/static,jar:file:/home/runner/.m2/repository/org/apache/ozone/hdds-container-service/1.3.0-SNAPSHOT/hdds-container-service-1.3.0-SNAPSHOT.jar!/webapps/static,AVAILABLE}
2022-06-24 23:50:30,160 [Listener at 127.0.0.1/33563] INFO  handler.ContextHandler (ContextHandler.java:doStart(915)) - Started o.e.j.w.WebAppContext@1025c56c{hddsDatanode,/,file:///tmp/jetty-0_0_0_0-36065-hdds-container-service-1_3_0-SNAPSHOT_jar-_-any-747199957883662239/webapp/,AVAILABLE}{jar:file:/home/runner/.m2/repository/org/apache/ozone/hdds-container-service/1.3.0-SNAPSHOT/hdds-container-service-1.3.0-SNAPSHOT.jar!/webapps/hddsDatanode}
2022-06-24 23:50:30,184 [IPC Server handler 0 on default port 34755] INFO  net.NetworkTopologyImpl (NetworkTopologyImpl.java:add(112)) - Added a new node: /default-rack/e0e9d4ea-e5ff-4cfc-8100-64ee9cc1170c
2022-06-24 23:50:30,184 [IPC Server handler 0 on default port 34755] INFO  node.SCMNodeManager (SCMNodeManager.java:register(397)) - Registered Data node : e0e9d4ea-e5ff-4cfc-8100-64ee9cc1170c{ip: 10.1.0.24, host: fv-az21-224.v4iizcarkezebbfea14bcgzyke.bx.internal.cloudapp.net, ports: [REPLICATION=46179, RATIS=37185, RATIS_ADMIN=37185, RATIS_SERVER=37185, STANDALONE=44191], networkLocation: /default-rack, certSerialId: null, persistedOpState: null, persistedOpStateExpiryEpochSec: 0}
2022-06-24 23:50:30,199 [EndpointStateMachine task thread for /0.0.0.0:34755 - 0 ] INFO  volume.HddsVolume (HddsVolume.java:createDbStore(309)) - SchemaV3 db is created and loaded at /home/runner/work/ozone/ozone/hadoop-ozone/integration-test/target/test-dir/MiniOzoneClusterImpl-fde6c995-fd32-43d9-9d96-6dc5d052cd3d/datanode-2/data-0/containers/hdds/fde6c995-fd32-43d9-9d96-6dc5d052cd3d/DS-2ceb4c23-758e-4031-8170-58b7195f05d1/container.db for volume DS-2ceb4c23-758e-4031-8170-58b7195f05d1
2022-06-24 23:50:30,222 [EventQueue-NodeRegistrationContainerReportForContainerSafeModeRule] INFO  safemode.SCMSafeModeManager (SCMSafeModeManager.java:validateSafeModeExitRules(204)) - ContainerSafeModeRule rule is successfully validated
2022-06-24 23:50:30,223 [EventQueue-NodeRegistrationContainerReportForDataNodeSafeModeRule] INFO  safemode.SCMSafeModeManager (DataNodeSafeModeRule.java:process(71)) - SCM in safe mode. 1 DataNodes registered, 3 required.
2022-06-24 23:50:30,241 [EndpointStateMachine task thread for /0.0.0.0:34755 - 0 ] INFO  volume.HddsVolume (HddsVolume.java:closeDbStore(340)) - SchemaV3 db is stopped at /home/runner/work/ozone/ozone/hadoop-ozone/integration-test/target/test-dir/MiniOzoneClusterImpl-fde6c995-fd32-43d9-9d96-6dc5d052cd3d/datanode-2/data-0/containers/hdds/fde6c995-fd32-43d9-9d96-6dc5d052cd3d/DS-2ceb4c23-758e-4031-8170-58b7195f05d1/container.db for volume DS-2ceb4c23-758e-4031-8170-58b7195f05d1
2022-06-24 23:50:30,242 [EndpointStateMachine task thread for /0.0.0.0:34755 - 0 ] INFO  ozoneimpl.OzoneContainer (OzoneContainer.java:start(344)) - Attempting to start container services.
2022-06-24 23:50:30,242 [EndpointStateMachine task thread for /0.0.0.0:34755 - 0 ] INFO  ozoneimpl.OzoneContainer (OzoneContainer.java:startContainerScrub(279)) - Background container scanner has been disabled.
2022-06-24 23:50:30,247 [Listener at 127.0.0.1/33563] INFO  server.AbstractConnector (AbstractConnector.java:doStart(331)) - Started ServerConnector@15825e43{HTTP/1.1, (http/1.1)}{0.0.0.0:36065}
2022-06-24 23:50:30,247 [Listener at 127.0.0.1/33563] INFO  server.Server (Server.java:doStart(415)) - Started @343827ms
2022-06-24 23:50:30,247 [Listener at 127.0.0.1/33563] WARN  impl.MetricsSystemImpl (MetricsSystemImpl.java:register(279)) - Sink prometheus already exists!
2022-06-24 23:50:30,263 [Listener at 127.0.0.1/33563] INFO  http.BaseHttpServer (BaseHttpServer.java:updateConnectorAddress(329)) - HTTP server of hddsDatanode listening at http://0.0.0.0:36065
2022-06-24 23:50:30,264 [Listener at 127.0.0.1/33563] INFO  ozone.MiniOzoneClusterImpl (MiniOzoneClusterImpl.java:lambda$waitForClusterToBeReady$0(223)) - Waiting for nodes to be ready. Got 1 of 5 DN Heartbeats.
2022-06-24 23:50:30,264 [Listener at 127.0.0.1/33563] INFO  ozone.MiniOzoneClusterImpl (MiniOzoneClusterImpl.java:lambda$waitForClusterToBeReady$0(226)) - Waiting for cluster to exit safe mode
2022-06-24 23:50:30,264 [Listener at 127.0.0.1/33563] INFO  ozone.MiniOzoneClusterImpl (MiniOzoneClusterImpl.java:lambda$waitForClusterToBeReady$0(228)) - SCM became leader
2022-06-24 23:50:30,274 [EventQueue-PipelineReportForOneReplicaPipelineSafeModeRule] INFO  safemode.SCMSafeModeManager (SCMSafeModeManager.java:validateSafeModeExitRules(204)) - AtleastOneDatanodeReportedRule rule is successfully validated
2022-06-24 23:50:30,275 [EventQueue-NewNodeForNewNodeHandler] INFO  pipeline.BackgroundPipelineCreator (BackgroundPipelineCreator.java:notifyEventTriggered(275)) - trigger a one-shot run on RatisPipelineUtilsThread.
2022-06-24 23:50:30,303 [EndpointStateMachine task thread for /0.0.0.0:34755 - 0 ] INFO  replication.ReplicationServer (ReplicationServer.java:start(111)) - ReplicationServer is started using port 40551
2022-06-24 23:50:30,323 [EndpointStateMachine task thread for /0.0.0.0:34755 - 0 ] INFO  ratis.XceiverServerRatis (XceiverServerRatis.java:start(481)) - Starting XceiverServerRatis aaaf6e37-99bf-4100-a292-78f58d03488b
2022-06-24 23:50:30,337 [EndpointStateMachine task thread for /0.0.0.0:34755 - 0 ] INFO  server.RaftServer (RaftServerProxy.java:lambda$start$6(382)) - aaaf6e37-99bf-4100-a292-78f58d03488b: start RPC server
2022-06-24 23:50:30,338 [Datanode State Machine Daemon Thread] INFO  statemachine.DatanodeStateMachine (DatanodeStateMachine.java:lambda$startDaemon$0(492)) - Ozone container server started.
2022-06-24 23:50:30,338 [RatisPipelineUtilsThread - 0] INFO  pipeline.RatisPipelineProvider (RatisPipelineProvider.java:lambda$create$0(195)) - Sending CreatePipelineCommand for pipeline:PipelineID=e5772be6-40e8-44a6-8386-9da329729b66 to datanode:e0e9d4ea-e5ff-4cfc-8100-64ee9cc1170c
2022-06-24 23:50:30,339 [RatisPipelineUtilsThread - 0] INFO  pipeline.PipelineStateManagerImpl (PipelineStateManagerImpl.java:addPipeline(101)) - Created pipeline Pipeline[ Id: e5772be6-40e8-44a6-8386-9da329729b66, Nodes: e0e9d4ea-e5ff-4cfc-8100-64ee9cc1170c{ip: 10.1.0.24, host: fv-az21-224.v4iizcarkezebbfea14bcgzyke.bx.internal.cloudapp.net, ports: [REPLICATION=46179, RATIS=37185, RATIS_ADMIN=37185, RATIS_SERVER=37185, STANDALONE=44191], networkLocation: /default-rack, certSerialId: null, persistedOpState: IN_SERVICE, persistedOpStateExpiryEpochSec: 0}, ReplicationConfig: RATIS/ONE, State:ALLOCATED, leaderId:, CreationTimestamp2022-06-24T23:50:30.338Z[Etc/UTC]].
2022-06-24 23:50:30,411 [org.apache.hadoop.util.JvmPauseMonitor$Monitor@7732c65e] INFO  util.JvmPauseMonitor (JvmPauseMonitor.java:run(188)) - Starting JVM pause monitor
2022-06-24 23:50:30,419 [EndpointStateMachine task thread for /0.0.0.0:34755 - 0 ] INFO  server.GrpcService (GrpcService.java:startImpl(260)) - aaaf6e37-99bf-4100-a292-78f58d03488b: GrpcService started, listening on 32839
2022-06-24 23:50:30,431 [EndpointStateMachine task thread for /0.0.0.0:34755 - 0 ] INFO  ratis.XceiverServerRatis (XceiverServerRatis.java:getRealPort(502)) - XceiverServerRatis aaaf6e37-99bf-4100-a292-78f58d03488b is started using port 32839 for RATIS
2022-06-24 23:50:30,431 [EndpointStateMachine task thread for /0.0.0.0:34755 - 0 ] INFO  ratis.XceiverServerRatis (XceiverServerRatis.java:getRealPort(502)) - XceiverServerRatis aaaf6e37-99bf-4100-a292-78f58d03488b is started using port 32839 for RATIS_ADMIN
2022-06-24 23:50:30,431 [EndpointStateMachine task thread for /0.0.0.0:34755 - 0 ] INFO  ratis.XceiverServerRatis (XceiverServerRatis.java:getRealPort(502)) - XceiverServerRatis aaaf6e37-99bf-4100-a292-78f58d03488b is started using port 32839 for RATIS_SERVER
2022-06-24 23:50:30,431 [org.apache.ratis.util.JvmPauseMonitor$$Lambda$627/395666382@6840e76e] INFO  util.JvmPauseMonitor (JvmPauseMonitor.java:run(103)) - JvmPauseMonitor-aaaf6e37-99bf-4100-a292-78f58d03488b: Started
2022-06-24 23:50:30,448 [Datanode State Machine Task Thread - 0] INFO  datanode.InitDatanodeState (InitDatanodeState.java:persistContainerDatanodeDetails(138)) - DatanodeDetails is persisted to /home/runner/work/ozone/ozone/hadoop-ozone/integration-test/target/test-dir/MiniOzoneClusterImpl-fde6c995-fd32-43d9-9d96-6dc5d052cd3d/datanode-4/meta/datanode.id
2022-06-24 23:50:30,491 [EndpointStateMachine task thread for /0.0.0.0:34755 - 0 ] INFO  server.XceiverServerGrpc (XceiverServerGrpc.java:start(180)) - XceiverServerGrpc aaaf6e37-99bf-4100-a292-78f58d03488b is started using port 33413
2022-06-24 23:50:31,116 [IPC Server handler 1 on default port 34755] INFO  net.NetworkTopologyImpl (NetworkTopologyImpl.java:add(112)) - Added a new node: /default-rack/e4b7c23e-ae07-4399-b4c7-5433903d8f4c
2022-06-24 23:50:31,116 [IPC Server handler 1 on default port 34755] INFO  node.SCMNodeManager (SCMNodeManager.java:register(397)) - Registered Data node : e4b7c23e-ae07-4399-b4c7-5433903d8f4c{ip: 10.1.0.24, host: fv-az21-224.v4iizcarkezebbfea14bcgzyke.bx.internal.cloudapp.net, ports: [REPLICATION=34437, RATIS=37801, RATIS_ADMIN=37801, RATIS_SERVER=37801, STANDALONE=37619], networkLocation: /default-rack, certSerialId: null, persistedOpState: null, persistedOpStateExpiryEpochSec: 0}
2022-06-24 23:50:31,117 [EventQueue-NewNodeForNewNodeHandler] INFO  pipeline.BackgroundPipelineCreator (BackgroundPipelineCreator.java:notifyEventTriggered(275)) - trigger a one-shot run on RatisPipelineUtilsThread.
2022-06-24 23:50:31,157 [RatisPipelineUtilsThread - 0] INFO  pipeline.RatisPipelineProvider (RatisPipelineProvider.java:lambda$create$0(195)) - Sending CreatePipelineCommand for pipeline:PipelineID=7ee92b31-17d9-40ba-adfa-f43fb6e5ef52 to datanode:e4b7c23e-ae07-4399-b4c7-5433903d8f4c
2022-06-24 23:50:31,158 [EventQueue-NodeRegistrationContainerReportForDataNodeSafeModeRule] INFO  safemode.SCMSafeModeManager (DataNodeSafeModeRule.java:process(71)) - SCM in safe mode. 2 DataNodes registered, 3 required.
2022-06-24 23:50:31,158 [RatisPipelineUtilsThread - 0] INFO  pipeline.PipelineStateManagerImpl (PipelineStateManagerImpl.java:addPipeline(101)) - Created pipeline Pipeline[ Id: 7ee92b31-17d9-40ba-adfa-f43fb6e5ef52, Nodes: e4b7c23e-ae07-4399-b4c7-5433903d8f4c{ip: 10.1.0.24, host: fv-az21-224.v4iizcarkezebbfea14bcgzyke.bx.internal.cloudapp.net, ports: [REPLICATION=34437, RATIS=37801, RATIS_ADMIN=37801, RATIS_SERVER=37801, STANDALONE=37619], networkLocation: /default-rack, certSerialId: null, persistedOpState: IN_SERVICE, persistedOpStateExpiryEpochSec: 0}, ReplicationConfig: RATIS/ONE, State:ALLOCATED, leaderId:, CreationTimestamp2022-06-24T23:50:31.157Z[Etc/UTC]].
2022-06-24 23:50:31,264 [Listener at 127.0.0.1/33563] INFO  ozone.MiniOzoneClusterImpl (MiniOzoneClusterImpl.java:lambda$waitForClusterToBeReady$0(223)) - Waiting for nodes to be ready. Got 2 of 5 DN Heartbeats.
2022-06-24 23:50:31,264 [Listener at 127.0.0.1/33563] INFO  ozone.MiniOzoneClusterImpl (MiniOzoneClusterImpl.java:lambda$waitForClusterToBeReady$0(226)) - Waiting for cluster to exit safe mode
2022-06-24 23:50:31,264 [Listener at 127.0.0.1/33563] INFO  ozone.MiniOzoneClusterImpl (MiniOzoneClusterImpl.java:lambda$waitForClusterToBeReady$0(228)) - SCM became leader
2022-06-24 23:50:31,393 [EndpointStateMachine task thread for /0.0.0.0:34755 - 0 ] INFO  volume.HddsVolume (HddsVolume.java:createDbStore(309)) - SchemaV3 db is created and loaded at /home/runner/work/ozone/ozone/hadoop-ozone/integration-test/target/test-dir/MiniOzoneClusterImpl-fde6c995-fd32-43d9-9d96-6dc5d052cd3d/datanode-3/data-0/containers/hdds/fde6c995-fd32-43d9-9d96-6dc5d052cd3d/DS-567936a9-77e7-4736-a4c3-f2e2966142bf/container.db for volume DS-567936a9-77e7-4736-a4c3-f2e2966142bf
2022-06-24 23:50:31,393 [EndpointStateMachine task thread for /0.0.0.0:34755 - 0 ] INFO  volume.HddsVolume (HddsVolume.java:closeDbStore(340)) - SchemaV3 db is stopped at /home/runner/work/ozone/ozone/hadoop-ozone/integration-test/target/test-dir/MiniOzoneClusterImpl-fde6c995-fd32-43d9-9d96-6dc5d052cd3d/datanode-3/data-0/containers/hdds/fde6c995-fd32-43d9-9d96-6dc5d052cd3d/DS-567936a9-77e7-4736-a4c3-f2e2966142bf/container.db for volume DS-567936a9-77e7-4736-a4c3-f2e2966142bf
2022-06-24 23:50:31,394 [EndpointStateMachine task thread for /0.0.0.0:34755 - 0 ] INFO  ozoneimpl.OzoneContainer (OzoneContainer.java:start(344)) - Attempting to start container services.
2022-06-24 23:50:31,419 [EndpointStateMachine task thread for /0.0.0.0:34755 - 0 ] INFO  ozoneimpl.OzoneContainer (OzoneContainer.java:startContainerScrub(279)) - Background container scanner has been disabled.
2022-06-24 23:50:31,434 [EndpointStateMachine task thread for /0.0.0.0:34755 - 0 ] INFO  replication.ReplicationServer (ReplicationServer.java:start(111)) - ReplicationServer is started using port 35473
2022-06-24 23:50:31,445 [EndpointStateMachine task thread for /0.0.0.0:34755 - 0 ] INFO  ratis.XceiverServerRatis (XceiverServerRatis.java:start(481)) - Starting XceiverServerRatis 3b15d008-52c9-47ea-9020-002e7e4220a9
2022-06-24 23:50:31,465 [EndpointStateMachine task thread for /0.0.0.0:34755 - 0 ] INFO  server.RaftServer (RaftServerProxy.java:lambda$start$6(382)) - 3b15d008-52c9-47ea-9020-002e7e4220a9: start RPC server
2022-06-24 23:50:31,491 [EndpointStateMachine task thread for /0.0.0.0:34755 - 0 ] INFO  server.GrpcService (GrpcService.java:startImpl(260)) - 3b15d008-52c9-47ea-9020-002e7e4220a9: GrpcService started, listening on 37413
2022-06-24 23:50:31,492 [EndpointStateMachine task thread for /0.0.0.0:34755 - 0 ] INFO  ratis.XceiverServerRatis (XceiverServerRatis.java:getRealPort(502)) - XceiverServerRatis 3b15d008-52c9-47ea-9020-002e7e4220a9 is started using port 37413 for RATIS
2022-06-24 23:50:31,492 [EndpointStateMachine task thread for /0.0.0.0:34755 - 0 ] INFO  ratis.XceiverServerRatis (XceiverServerRatis.java:getRealPort(502)) - XceiverServerRatis 3b15d008-52c9-47ea-9020-002e7e4220a9 is started using port 37413 for RATIS_ADMIN
2022-06-24 23:50:31,492 [EndpointStateMachine task thread for /0.0.0.0:34755 - 0 ] INFO  ratis.XceiverServerRatis (XceiverServerRatis.java:getRealPort(502)) - XceiverServerRatis 3b15d008-52c9-47ea-9020-002e7e4220a9 is started using port 37413 for RATIS_SERVER
2022-06-24 23:50:31,492 [org.apache.ratis.util.JvmPauseMonitor$$Lambda$627/395666382@7dde7738] INFO  util.JvmPauseMonitor (JvmPauseMonitor.java:run(103)) - JvmPauseMonitor-3b15d008-52c9-47ea-9020-002e7e4220a9: Started
2022-06-24 23:50:31,588 [EndpointStateMachine task thread for /0.0.0.0:34755 - 0 ] INFO  server.XceiverServerGrpc (XceiverServerGrpc.java:start(180)) - XceiverServerGrpc 3b15d008-52c9-47ea-9020-002e7e4220a9 is started using port 33267
2022-06-24 23:50:32,091 [IPC Server handler 3 on default port 34755] INFO  net.NetworkTopologyImpl (NetworkTopologyImpl.java:add(112)) - Added a new node: /default-rack/aaaf6e37-99bf-4100-a292-78f58d03488b
2022-06-24 23:50:32,091 [IPC Server handler 3 on default port 34755] INFO  node.SCMNodeManager (SCMNodeManager.java:register(397)) - Registered Data node : aaaf6e37-99bf-4100-a292-78f58d03488b{ip: 10.1.0.24, host: fv-az21-224.v4iizcarkezebbfea14bcgzyke.bx.internal.cloudapp.net, ports: [REPLICATION=40551, RATIS=32839, RATIS_ADMIN=32839, RATIS_SERVER=32839, STANDALONE=33413], networkLocation: /default-rack, certSerialId: null, persistedOpState: null, persistedOpStateExpiryEpochSec: 0}
2022-06-24 23:50:32,092 [EventQueue-NewNodeForNewNodeHandler] INFO  pipeline.BackgroundPipelineCreator (BackgroundPipelineCreator.java:notifyEventTriggered(275)) - trigger a one-shot run on RatisPipelineUtilsThread.
2022-06-24 23:50:32,098 [EventQueue-NodeRegistrationContainerReportForDataNodeSafeModeRule] INFO  safemode.SCMSafeModeManager (DataNodeSafeModeRule.java:process(71)) - SCM in safe mode. 3 DataNodes registered, 3 required.
2022-06-24 23:50:32,098 [EventQueue-NodeRegistrationContainerReportForDataNodeSafeModeRule] INFO  safemode.SCMSafeModeManager (SCMSafeModeManager.java:validateSafeModeExitRules(204)) - DataNodeSafeModeRule rule is successfully validated
2022-06-24 23:50:32,098 [EventQueue-NodeRegistrationContainerReportForDataNodeSafeModeRule] INFO  safemode.SCMSafeModeManager (SCMSafeModeManager.java:completePreCheck(233)) - All SCM safe mode pre check rules have passed
2022-06-24 23:50:32,098 [EventQueue-NodeRegistrationContainerReportForDataNodeSafeModeRule] WARN  events.EventQueue (EventQueue.java:fireEvent(216)) - No event handler registered for event TypedEvent{payloadType=SafeModeStatus, name='Safe mode status'}
2022-06-24 23:50:32,098 [EventQueue-NodeRegistrationContainerReportForDataNodeSafeModeRule] INFO  ha.SCMContext (SCMContext.java:updateSafeModeStatus(228)) - Update SafeModeStatus from SafeModeStatus{safeModeStatus=true, preCheckPassed=false} to SafeModeStatus{safeModeStatus=true, preCheckPassed=true}.
2022-06-24 23:50:32,098 [EventQueue-NodeRegistrationContainerReportForDataNodeSafeModeRule] INFO  pipeline.BackgroundPipelineCreator (BackgroundPipelineCreator.java:notifyEventTriggered(275)) - trigger a one-shot run on RatisPipelineUtilsThread.
2022-06-24 23:50:32,110 [RatisPipelineUtilsThread - 0] INFO  pipeline.RatisPipelineProvider (RatisPipelineProvider.java:lambda$create$0(195)) - Sending CreatePipelineCommand for pipeline:PipelineID=f917e9fd-4b85-4e4f-a1d2-cb40ccebc39a to datanode:aaaf6e37-99bf-4100-a292-78f58d03488b
2022-06-24 23:50:32,111 [RatisPipelineUtilsThread - 0] INFO  pipeline.PipelineStateManagerImpl (PipelineStateManagerImpl.java:addPipeline(101)) - Created pipeline Pipeline[ Id: f917e9fd-4b85-4e4f-a1d2-cb40ccebc39a, Nodes: aaaf6e37-99bf-4100-a292-78f58d03488b{ip: 10.1.0.24, host: fv-az21-224.v4iizcarkezebbfea14bcgzyke.bx.internal.cloudapp.net, ports: [REPLICATION=40551, RATIS=32839, RATIS_ADMIN=32839, RATIS_SERVER=32839, STANDALONE=33413], networkLocation: /default-rack, certSerialId: null, persistedOpState: IN_SERVICE, persistedOpStateExpiryEpochSec: 0}, ReplicationConfig: RATIS/ONE, State:ALLOCATED, leaderId:, CreationTimestamp2022-06-24T23:50:32.110Z[Etc/UTC]].
2022-06-24 23:50:32,111 [RatisPipelineUtilsThread - 0] INFO  pipeline.RatisPipelineProvider (RatisPipelineProvider.java:lambda$create$0(195)) - Sending CreatePipelineCommand for pipeline:PipelineID=f9af55ac-a2e8-4e73-8ca3-7301c1c6e889 to datanode:e0e9d4ea-e5ff-4cfc-8100-64ee9cc1170c
2022-06-24 23:50:32,111 [RatisPipelineUtilsThread - 0] INFO  pipeline.RatisPipelineProvider (RatisPipelineProvider.java:lambda$create$0(195)) - Sending CreatePipelineCommand for pipeline:PipelineID=f9af55ac-a2e8-4e73-8ca3-7301c1c6e889 to datanode:aaaf6e37-99bf-4100-a292-78f58d03488b
2022-06-24 23:50:32,111 [RatisPipelineUtilsThread - 0] INFO  pipeline.RatisPipelineProvider (RatisPipelineProvider.java:lambda$create$0(195)) - Sending CreatePipelineCommand for pipeline:PipelineID=f9af55ac-a2e8-4e73-8ca3-7301c1c6e889 to datanode:e4b7c23e-ae07-4399-b4c7-5433903d8f4c
2022-06-24 23:50:32,111 [RatisPipelineUtilsThread - 0] INFO  pipeline.PipelineStateManagerImpl (PipelineStateManagerImpl.java:addPipeline(101)) - Created pipeline Pipeline[ Id: f9af55ac-a2e8-4e73-8ca3-7301c1c6e889, Nodes: e0e9d4ea-e5ff-4cfc-8100-64ee9cc1170c{ip: 10.1.0.24, host: fv-az21-224.v4iizcarkezebbfea14bcgzyke.bx.internal.cloudapp.net, ports: [REPLICATION=46179, RATIS=37185, RATIS_ADMIN=37185, RATIS_SERVER=37185, STANDALONE=44191], networkLocation: /default-rack, certSerialId: null, persistedOpState: IN_SERVICE, persistedOpStateExpiryEpochSec: 0}aaaf6e37-99bf-4100-a292-78f58d03488b{ip: 10.1.0.24, host: fv-az21-224.v4iizcarkezebbfea14bcgzyke.bx.internal.cloudapp.net, ports: [REPLICATION=40551, RATIS=32839, RATIS_ADMIN=32839, RATIS_SERVER=32839, STANDALONE=33413], networkLocation: /default-rack, certSerialId: null, persistedOpState: IN_SERVICE, persistedOpStateExpiryEpochSec: 0}e4b7c23e-ae07-4399-b4c7-5433903d8f4c{ip: 10.1.0.24, host: fv-az21-224.v4iizcarkezebbfea14bcgzyke.bx.internal.cloudapp.net, ports: [REPLICATION=34437, RATIS=37801, RATIS_ADMIN=37801, RATIS_SERVER=37801, STANDALONE=37619], networkLocation: /default-rack, certSerialId: null, persistedOpState: IN_SERVICE, persistedOpStateExpiryEpochSec: 0}, ReplicationConfig: RATIS/THREE, State:ALLOCATED, leaderId:, CreationTimestamp2022-06-24T23:50:32.111Z[Etc/UTC]].
2022-06-24 23:50:32,112 [RatisPipelineUtilsThread - 0] INFO  pipeline.RatisPipelineProvider (RatisPipelineProvider.java:lambda$create$0(195)) - Sending CreatePipelineCommand for pipeline:PipelineID=11ed04e3-e629-4a28-9b8b-b4568c3885f6 to datanode:e0e9d4ea-e5ff-4cfc-8100-64ee9cc1170c
2022-06-24 23:50:32,112 [RatisPipelineUtilsThread - 0] INFO  pipeline.RatisPipelineProvider (RatisPipelineProvider.java:lambda$create$0(195)) - Sending CreatePipelineCommand for pipeline:PipelineID=11ed04e3-e629-4a28-9b8b-b4568c3885f6 to datanode:aaaf6e37-99bf-4100-a292-78f58d03488b
2022-06-24 23:50:32,112 [RatisPipelineUtilsThread - 0] INFO  pipeline.RatisPipelineProvider (RatisPipelineProvider.java:lambda$create$0(195)) - Sending CreatePipelineCommand for pipeline:PipelineID=11ed04e3-e629-4a28-9b8b-b4568c3885f6 to datanode:e4b7c23e-ae07-4399-b4c7-5433903d8f4c
2022-06-24 23:50:32,112 [RatisPipelineUtilsThread - 0] INFO  pipeline.PipelineStateManagerImpl (PipelineStateManagerImpl.java:addPipeline(101)) - Created pipeline Pipeline[ Id: 11ed04e3-e629-4a28-9b8b-b4568c3885f6, Nodes: e0e9d4ea-e5ff-4cfc-8100-64ee9cc1170c{ip: 10.1.0.24, host: fv-az21-224.v4iizcarkezebbfea14bcgzyke.bx.internal.cloudapp.net, ports: [REPLICATION=46179, RATIS=37185, RATIS_ADMIN=37185, RATIS_SERVER=37185, STANDALONE=44191], networkLocation: /default-rack, certSerialId: null, persistedOpState: IN_SERVICE, persistedOpStateExpiryEpochSec: 0}aaaf6e37-99bf-4100-a292-78f58d03488b{ip: 10.1.0.24, host: fv-az21-224.v4iizcarkezebbfea14bcgzyke.bx.internal.cloudapp.net, ports: [REPLICATION=40551, RATIS=32839, RATIS_ADMIN=32839, RATIS_SERVER=32839, STANDALONE=33413], networkLocation: /default-rack, certSerialId: null, persistedOpState: IN_SERVICE, persistedOpStateExpiryEpochSec: 0}e4b7c23e-ae07-4399-b4c7-5433903d8f4c{ip: 10.1.0.24, host: fv-az21-224.v4iizcarkezebbfea14bcgzyke.bx.internal.cloudapp.net, ports: [REPLICATION=34437, RATIS=37801, RATIS_ADMIN=37801, RATIS_SERVER=37801, STANDALONE=37619], networkLocation: /default-rack, certSerialId: null, persistedOpState: IN_SERVICE, persistedOpStateExpiryEpochSec: 0}, ReplicationConfig: RATIS/THREE, State:ALLOCATED, leaderId:, CreationTimestamp2022-06-24T23:50:32.112Z[Etc/UTC]].
2022-06-24 23:50:32,112 [RatisPipelineUtilsThread - 0] INFO  pipeline.PipelineManagerImpl (PipelineManagerImpl.java:recordMetricsForPipeline(780)) - Pipeline: PipelineID=11ed04e3-e629-4a28-9b8b-b4568c3885f6 contains same datanodes as previous pipelines: PipelineID=f9af55ac-a2e8-4e73-8ca3-7301c1c6e889 nodeIds: e0e9d4ea-e5ff-4cfc-8100-64ee9cc1170c, aaaf6e37-99bf-4100-a292-78f58d03488b, e4b7c23e-ae07-4399-b4c7-5433903d8f4c
2022-06-24 23:50:32,265 [Listener at 127.0.0.1/33563] INFO  ozone.MiniOzoneClusterImpl (MiniOzoneClusterImpl.java:lambda$waitForClusterToBeReady$0(223)) - Waiting for nodes to be ready. Got 3 of 5 DN Heartbeats.
2022-06-24 23:50:32,266 [Listener at 127.0.0.1/33563] INFO  ozone.MiniOzoneClusterImpl (MiniOzoneClusterImpl.java:lambda$waitForClusterToBeReady$0(226)) - Waiting for cluster to exit safe mode
2022-06-24 23:50:32,266 [Listener at 127.0.0.1/33563] INFO  ozone.MiniOzoneClusterImpl (MiniOzoneClusterImpl.java:lambda$waitForClusterToBeReady$0(228)) - SCM became leader
2022-06-24 23:50:32,527 [EndpointStateMachine task thread for /0.0.0.0:34755 - 0 ] INFO  volume.HddsVolume (HddsVolume.java:createDbStore(309)) - SchemaV3 db is created and loaded at /home/runner/work/ozone/ozone/hadoop-ozone/integration-test/target/test-dir/MiniOzoneClusterImpl-fde6c995-fd32-43d9-9d96-6dc5d052cd3d/datanode-4/data-0/containers/hdds/fde6c995-fd32-43d9-9d96-6dc5d052cd3d/DS-5aa44311-f067-4d62-8d05-795dfe9f7bcf/container.db for volume DS-5aa44311-f067-4d62-8d05-795dfe9f7bcf
2022-06-24 23:50:32,531 [EndpointStateMachine task thread for /0.0.0.0:34755 - 0 ] INFO  volume.HddsVolume (HddsVolume.java:closeDbStore(340)) - SchemaV3 db is stopped at /home/runner/work/ozone/ozone/hadoop-ozone/integration-test/target/test-dir/MiniOzoneClusterImpl-fde6c995-fd32-43d9-9d96-6dc5d052cd3d/datanode-4/data-0/containers/hdds/fde6c995-fd32-43d9-9d96-6dc5d052cd3d/DS-5aa44311-f067-4d62-8d05-795dfe9f7bcf/container.db for volume DS-5aa44311-f067-4d62-8d05-795dfe9f7bcf
2022-06-24 23:50:32,531 [EndpointStateMachine task thread for /0.0.0.0:34755 - 0 ] INFO  ozoneimpl.OzoneContainer (OzoneContainer.java:start(344)) - Attempting to start container services.
2022-06-24 23:50:32,531 [EndpointStateMachine task thread for /0.0.0.0:34755 - 0 ] INFO  ozoneimpl.OzoneContainer (OzoneContainer.java:startContainerScrub(279)) - Background container scanner has been disabled.
2022-06-24 23:50:32,576 [EndpointStateMachine task thread for /0.0.0.0:34755 - 0 ] INFO  replication.ReplicationServer (ReplicationServer.java:start(111)) - ReplicationServer is started using port 34575
2022-06-24 23:50:32,587 [EndpointStateMachine task thread for /0.0.0.0:34755 - 0 ] INFO  ratis.XceiverServerRatis (XceiverServerRatis.java:start(481)) - Starting XceiverServerRatis 4ea7895b-7402-4f6e-ade6-0ab134f10ef5
2022-06-24 23:50:32,610 [EndpointStateMachine task thread for /0.0.0.0:34755 - 0 ] INFO  server.RaftServer (RaftServerProxy.java:lambda$start$6(382)) - 4ea7895b-7402-4f6e-ade6-0ab134f10ef5: start RPC server
2022-06-24 23:50:32,621 [EndpointStateMachine task thread for /0.0.0.0:34755 - 0 ] INFO  server.GrpcService (GrpcService.java:startImpl(260)) - 4ea7895b-7402-4f6e-ade6-0ab134f10ef5: GrpcService started, listening on 35267
2022-06-24 23:50:32,621 [EndpointStateMachine task thread for /0.0.0.0:34755 - 0 ] INFO  ratis.XceiverServerRatis (XceiverServerRatis.java:getRealPort(502)) - XceiverServerRatis 4ea7895b-7402-4f6e-ade6-0ab134f10ef5 is started using port 35267 for RATIS
2022-06-24 23:50:32,621 [EndpointStateMachine task thread for /0.0.0.0:34755 - 0 ] INFO  ratis.XceiverServerRatis (XceiverServerRatis.java:getRealPort(502)) - XceiverServerRatis 4ea7895b-7402-4f6e-ade6-0ab134f10ef5 is started using port 35267 for RATIS_ADMIN
2022-06-24 23:50:32,621 [EndpointStateMachine task thread for /0.0.0.0:34755 - 0 ] INFO  ratis.XceiverServerRatis (XceiverServerRatis.java:getRealPort(502)) - XceiverServerRatis 4ea7895b-7402-4f6e-ade6-0ab134f10ef5 is started using port 35267 for RATIS_SERVER
2022-06-24 23:50:32,622 [org.apache.ratis.util.JvmPauseMonitor$$Lambda$627/395666382@37198c9] INFO  util.JvmPauseMonitor (JvmPauseMonitor.java:run(103)) - JvmPauseMonitor-4ea7895b-7402-4f6e-ade6-0ab134f10ef5: Started
2022-06-24 23:50:32,685 [EndpointStateMachine task thread for /0.0.0.0:34755 - 0 ] INFO  server.XceiverServerGrpc (XceiverServerGrpc.java:start(180)) - XceiverServerGrpc 4ea7895b-7402-4f6e-ade6-0ab134f10ef5 is started using port 41205
2022-06-24 23:50:33,181 [Command processor thread] INFO  server.RaftServer (RaftServerProxy.java:addNew(96)) - e0e9d4ea-e5ff-4cfc-8100-64ee9cc1170c: addNew group-9DA329729B66:[e0e9d4ea-e5ff-4cfc-8100-64ee9cc1170c|rpc:10.1.0.24:37185|priority:1] returns group-9DA329729B66:java.util.concurrent.CompletableFuture@480a258a[Not completed]
2022-06-24 23:50:33,228 [pool-783-thread-1] INFO  server.RaftServer$Division (RaftServerImpl.java:<init>(190)) - e0e9d4ea-e5ff-4cfc-8100-64ee9cc1170c: new RaftServerImpl for group-9DA329729B66:[e0e9d4ea-e5ff-4cfc-8100-64ee9cc1170c|rpc:10.1.0.24:37185|priority:1] with ContainerStateMachine:uninitialized
2022-06-24 23:50:33,228 [pool-783-thread-1] INFO  server.RaftServerConfigKeys (ConfUtils.java:logGet(46)) - raft.server.rpc.timeout.min = 5s (custom)
2022-06-24 23:50:33,228 [pool-783-thread-1] INFO  server.RaftServerConfigKeys (ConfUtils.java:logGet(46)) - raft.server.rpc.timeout.max = 5200ms (custom)
2022-06-24 23:50:33,228 [pool-783-thread-1] INFO  server.RaftServerConfigKeys (ConfUtils.java:logGet(46)) - raft.server.rpc.sleep.time = 25ms (default)
2022-06-24 23:50:33,228 [pool-783-thread-1] INFO  server.RaftServerConfigKeys (ConfUtils.java:logGet(46)) - raft.server.rpc.slowness.timeout = 300s (custom)
2022-06-24 23:50:33,228 [pool-783-thread-1] INFO  server.RaftServerConfigKeys (ConfUtils.java:logGet(46)) - raft.server.leaderelection.leader.step-down.wait-time = 10s (default)
2022-06-24 23:50:33,228 [pool-783-thread-1] INFO  server.RaftServerConfigKeys (ConfUtils.java:logGet(46)) - raft.server.sleep.deviation.threshold = 300ms (default)
2022-06-24 23:50:33,228 [pool-783-thread-1] INFO  server.RaftServer$Division (ServerState.java:<init>(107)) - e0e9d4ea-e5ff-4cfc-8100-64ee9cc1170c@group-9DA329729B66: ConfigurationManager, init=-1: [e0e9d4ea-e5ff-4cfc-8100-64ee9cc1170c|rpc:10.1.0.24:37185|priority:1], old=null, confs=<EMPTY_MAP>
2022-06-24 23:50:33,228 [pool-783-thread-1] INFO  server.RaftServerConfigKeys (ConfUtils.java:logGet(46)) - raft.server.storage.dir = [/home/runner/work/ozone/ozone/hadoop-ozone/integration-test/target/test-dir/MiniOzoneClusterImpl-fde6c995-fd32-43d9-9d96-6dc5d052cd3d/datanode-0/data/ratis] (custom)
2022-06-24 23:50:33,228 [pool-783-thread-1] INFO  server.RaftServerConfigKeys (ConfUtils.java:logGet(46)) - raft.server.log.corruption.policy = EXCEPTION (default)
2022-06-24 23:50:33,228 [pool-783-thread-1] INFO  server.RaftServerConfigKeys (ConfUtils.java:logGet(46)) - raft.server.storage.free-space.min = 0MB (=0) (default)
2022-06-24 23:50:33,229 [pool-783-thread-1] INFO  storage.RaftStorageDirectory (RaftStorageDirectoryImpl.java:analyzeStorage(135)) - The storage directory /home/runner/work/ozone/ozone/hadoop-ozone/integration-test/target/test-dir/MiniOzoneClusterImpl-fde6c995-fd32-43d9-9d96-6dc5d052cd3d/datanode-0/data/ratis/e5772be6-40e8-44a6-8386-9da329729b66 does not exist. Creating ...
2022-06-24 23:50:33,241 [pool-783-thread-1] INFO  storage.RaftStorageDirectory (RaftStorageDirectoryImpl.java:tryLock(230)) - Lock on /home/runner/work/ozone/ozone/hadoop-ozone/integration-test/target/test-dir/MiniOzoneClusterImpl-fde6c995-fd32-43d9-9d96-6dc5d052cd3d/datanode-0/data/ratis/e5772be6-40e8-44a6-8386-9da329729b66/in_use.lock acquired by nodename 11308@fv-az21-224
2022-06-24 23:50:33,251 [pool-783-thread-1] INFO  storage.RaftStorage (RaftStorageImpl.java:format(89)) - Storage directory /home/runner/work/ozone/ozone/hadoop-ozone/integration-test/target/test-dir/MiniOzoneClusterImpl-fde6c995-fd32-43d9-9d96-6dc5d052cd3d/datanode-0/data/ratis/e5772be6-40e8-44a6-8386-9da329729b66 has been successfully formatted.
2022-06-24 23:50:33,266 [Listener at 127.0.0.1/33563] INFO  ozone.MiniOzoneClusterImpl (MiniOzoneClusterImpl.java:lambda$waitForClusterToBeReady$0(223)) - Waiting for nodes to be ready. Got 3 of 5 DN Heartbeats.
2022-06-24 23:50:33,266 [Listener at 127.0.0.1/33563] INFO  ozone.MiniOzoneClusterImpl (MiniOzoneClusterImpl.java:lambda$waitForClusterToBeReady$0(226)) - Waiting for cluster to exit safe mode
2022-06-24 23:50:33,266 [Listener at 127.0.0.1/33563] INFO  ozone.MiniOzoneClusterImpl (MiniOzoneClusterImpl.java:lambda$waitForClusterToBeReady$0(228)) - SCM became leader
2022-06-24 23:50:33,276 [pool-783-thread-1] INFO  ratis.ContainerStateMachine (ContainerStateMachine.java:loadSnapshot(236)) - group-9DA329729B66: The snapshot info is null. Setting the last applied indexto:(t:0, i:~)
2022-06-24 23:50:33,277 [pool-783-thread-1] INFO  server.RaftServerConfigKeys (ConfUtils.java:logGet(46)) - raft.server.notification.no-leader.timeout = 300s (custom)
2022-06-24 23:50:33,277 [pool-783-thread-1] INFO  server.RaftServerConfigKeys (ConfUtils.java:logGet(46)) - raft.server.log.use.memory = false (default)
2022-06-24 23:50:33,277 [pool-783-thread-1] INFO  server.RaftServerConfigKeys (ConfUtils.java:logGet(46)) - raft.server.log.purge.gap = 1000000 (custom)
2022-06-24 23:50:33,277 [pool-783-thread-1] INFO  server.RaftServerConfigKeys (ConfUtils.java:logGet(46)) - raft.server.log.appender.buffer.byte-limit = 33554432 (custom)
2022-06-24 23:50:33,277 [pool-783-thread-1] INFO  server.RaftServerConfigKeys (ConfUtils.java:logGet(46)) - raft.server.log.statemachine.data.read.timeout = 1000ms (default)
2022-06-24 23:50:33,277 [pool-783-thread-1] INFO  server.RaftServerConfigKeys (ConfUtils.java:logGet(46)) - raft.server.log.segment.size.max = 1048576 (custom)
2022-06-24 23:50:33,278 [pool-783-thread-1] INFO  server.RaftServerConfigKeys (ConfUtils.java:logGet(46)) - raft.server.log.segment.cache.num.max = 2 (custom)
2022-06-24 23:50:33,278 [pool-783-thread-1] INFO  server.RaftServerConfigKeys (ConfUtils.java:logGet(46)) - raft.server.log.segment.cache.size.max = 200MB (=209715200) (default)
2022-06-24 23:50:33,278 [pool-783-thread-1] INFO  segmented.SegmentedRaftLogWorker (SegmentedRaftLogWorker.java:<init>(187)) - new e0e9d4ea-e5ff-4cfc-8100-64ee9cc1170c@group-9DA329729B66-SegmentedRaftLogWorker for RaftStorageImpl:Storage Directory /home/runner/work/ozone/ozone/hadoop-ozone/integration-test/target/test-dir/MiniOzoneClusterImpl-fde6c995-fd32-43d9-9d96-6dc5d052cd3d/datanode-0/data/ratis/e5772be6-40e8-44a6-8386-9da329729b66
2022-06-24 23:50:33,278 [pool-783-thread-1] INFO  server.RaftServerConfigKeys (ConfUtils.java:logGet(46)) - raft.server.log.queue.byte-limit = 4294967296 (custom)
2022-06-24 23:50:33,278 [pool-783-thread-1] INFO  server.RaftServerConfigKeys (ConfUtils.java:logGet(46)) - raft.server.log.queue.element-limit = 1024 (custom)
2022-06-24 23:50:33,278 [pool-783-thread-1] INFO  server.RaftServerConfigKeys (ConfUtils.java:logGet(46)) - raft.server.log.segment.size.max = 1048576 (custom)
2022-06-24 23:50:33,278 [pool-783-thread-1] INFO  server.RaftServerConfigKeys (ConfUtils.java:logGet(46)) - raft.server.log.preallocated.size = 16384 (custom)
2022-06-24 23:50:33,278 [pool-783-thread-1] INFO  server.RaftServerConfigKeys (ConfUtils.java:logGet(46)) - raft.server.log.force.sync.num = 128 (default)
2022-06-24 23:50:33,278 [pool-783-thread-1] INFO  server.RaftServerConfigKeys (ConfUtils.java:logGet(46)) - raft.server.log.statemachine.data.sync = true (default)
2022-06-24 23:50:33,281 [EventQueue-PipelineReportForPipelineReportHandler] INFO  pipeline.PipelineManagerImpl (PipelineManagerImpl.java:openPipeline(358)) - Pipeline Pipeline[ Id: e5772be6-40e8-44a6-8386-9da329729b66, Nodes: e0e9d4ea-e5ff-4cfc-8100-64ee9cc1170c{ip: 10.1.0.24, host: fv-az21-224.v4iizcarkezebbfea14bcgzyke.bx.internal.cloudapp.net, ports: [REPLICATION=46179, RATIS=37185, RATIS_ADMIN=37185, RATIS_SERVER=37185, STANDALONE=44191], networkLocation: /default-rack, certSerialId: null, persistedOpState: IN_SERVICE, persistedOpStateExpiryEpochSec: 0}, ReplicationConfig: RATIS/ONE, State:ALLOCATED, leaderId:e0e9d4ea-e5ff-4cfc-8100-64ee9cc1170c, CreationTimestamp2022-06-24T23:50:30.338Z[Etc/UTC]] moved to OPEN state
2022-06-24 23:50:33,290 [pool-783-thread-1] INFO  server.RaftServerConfigKeys (ConfUtils.java:logGet(46)) - raft.server.log.statemachine.data.sync.timeout = 10s (default)
2022-06-24 23:50:33,290 [pool-783-thread-1] INFO  server.RaftServerConfigKeys (ConfUtils.java:logGet(46)) - raft.server.log.statemachine.data.sync.timeout.retry = -1 (default)
2022-06-24 23:50:33,291 [pool-783-thread-1] INFO  server.RaftServerConfigKeys (ConfUtils.java:logGet(46)) - raft.server.log.write.buffer.size = 1048576 (custom)
2022-06-24 23:50:33,291 [pool-783-thread-1] INFO  server.RaftServerConfigKeys (ConfUtils.java:logGet(46)) - raft.server.log.unsafe-flush.enabled = false (default)
2022-06-24 23:50:33,291 [pool-783-thread-1] INFO  server.RaftServerConfigKeys (ConfUtils.java:logGet(46)) - raft.server.log.statemachine.data.caching.enabled = true (custom)
2022-06-24 23:50:33,292 [pool-783-thread-1] INFO  segmented.SegmentedRaftLogWorker (SegmentedRaftLogWorker.java:lambda$new$0(135)) - e0e9d4ea-e5ff-4cfc-8100-64ee9cc1170c@group-9DA329729B66-SegmentedRaftLogWorker: flushIndex: setUnconditionally 0 -> -1
2022-06-24 23:50:33,292 [pool-783-thread-1] INFO  segmented.SegmentedRaftLogWorker (SegmentedRaftLogWorker.java:lambda$new$0(135)) - e0e9d4ea-e5ff-4cfc-8100-64ee9cc1170c@group-9DA329729B66-SegmentedRaftLogWorker: safeCacheEvictIndex: setUnconditionally 0 -> -1
2022-06-24 23:50:33,297 [pool-783-thread-1] INFO  server.RaftServerConfigKeys (ConfUtils.java:logGet(46)) - raft.server.snapshot.auto.trigger.enabled = true (custom)
2022-06-24 23:50:33,297 [pool-783-thread-1] INFO  server.RaftServerConfigKeys (ConfUtils.java:logGet(46)) - raft.server.snapshot.auto.trigger.threshold = 10000 (custom)
2022-06-24 23:50:33,297 [pool-783-thread-1] INFO  server.RaftServerConfigKeys (ConfUtils.java:logGet(46)) - raft.server.snapshot.retention.file.num = 5 (custom)
2022-06-24 23:50:33,297 [pool-783-thread-1] INFO  server.RaftServerConfigKeys (ConfUtils.java:logGet(46)) - raft.server.log.purge.upto.snapshot.index = false (default)
2022-06-24 23:50:33,297 [pool-783-thread-1] INFO  server.RaftServerConfigKeys (ConfUtils.java:logGet(46)) - raft.server.retrycache.expirytime = 600000ms (custom)
2022-06-24 23:50:33,297 [pool-783-thread-1] INFO  server.RaftServerConfigKeys (ConfUtils.java:logGet(46)) - raft.server.retrycache.statistics.expirytime = 100μs (default)
2022-06-24 23:50:33,299 [pool-783-thread-1] INFO  server.RaftServerConfigKeys (ConfUtils.java:logGet(46)) - raft.server.log.appender.install.snapshot.enabled = false (custom)
2022-06-24 23:50:33,299 [pool-783-thread-1] INFO  server.RaftServerConfigKeys (ConfUtils.java:logGet(46)) - raft.server.threadpool.server.cached = true (default)
2022-06-24 23:50:33,299 [pool-783-thread-1] INFO  server.RaftServerConfigKeys (ConfUtils.java:logGet(46)) - raft.server.threadpool.server.size = 0 (default)
2022-06-24 23:50:33,299 [pool-783-thread-1] INFO  server.RaftServerConfigKeys (ConfUtils.java:logGet(46)) - raft.server.threadpool.client.cached = true (default)
2022-06-24 23:50:33,299 [pool-783-thread-1] INFO  server.RaftServerConfigKeys (ConfUtils.java:logGet(46)) - raft.server.threadpool.client.size = 0 (default)
2022-06-24 23:50:33,304 [pool-783-thread-1] INFO  server.RaftServer$Division (RaftServerImpl.java:start(310)) - e0e9d4ea-e5ff-4cfc-8100-64ee9cc1170c@group-9DA329729B66: start as a follower, conf=-1: [e0e9d4ea-e5ff-4cfc-8100-64ee9cc1170c|rpc:10.1.0.24:37185|priority:1], old=null
2022-06-24 23:50:33,304 [pool-783-thread-1] INFO  server.RaftServer$Division (RaftServerImpl.java:setRole(299)) - e0e9d4ea-e5ff-4cfc-8100-64ee9cc1170c@group-9DA329729B66: changes role from      null to FOLLOWER at term 0 for startAsFollower
2022-06-24 23:50:33,304 [pool-783-thread-1] INFO  impl.RoleInfo (RoleInfo.java:updateAndGet(139)) - e0e9d4ea-e5ff-4cfc-8100-64ee9cc1170c: start e0e9d4ea-e5ff-4cfc-8100-64ee9cc1170c@group-9DA329729B66-FollowerState
2022-06-24 23:50:33,305 [IPC Server handler 3 on default port 34755] INFO  net.NetworkTopologyImpl (NetworkTopologyImpl.java:add(112)) - Added a new node: /default-rack/3b15d008-52c9-47ea-9020-002e7e4220a9
2022-06-24 23:50:33,305 [IPC Server handler 3 on default port 34755] INFO  node.SCMNodeManager (SCMNodeManager.java:register(397)) - Registered Data node : 3b15d008-52c9-47ea-9020-002e7e4220a9{ip: 10.1.0.24, host: fv-az21-224.v4iizcarkezebbfea14bcgzyke.bx.internal.cloudapp.net, ports: [REPLICATION=35473, RATIS=37413, RATIS_ADMIN=37413, RATIS_SERVER=37413, STANDALONE=33267], networkLocation: /default-rack, certSerialId: null, persistedOpState: null, persistedOpStateExpiryEpochSec: 0}
2022-06-24 23:50:33,306 [EventQueue-NewNodeForNewNodeHandler] INFO  pipeline.BackgroundPipelineCreator (BackgroundPipelineCreator.java:notifyEventTriggered(275)) - trigger a one-shot run on RatisPipelineUtilsThread.
2022-06-24 23:50:33,306 [RatisPipelineUtilsThread - 0] INFO  pipeline.RatisPipelineProvider (RatisPipelineProvider.java:lambda$create$0(195)) - Sending CreatePipelineCommand for pipeline:PipelineID=50a959ec-9a96-4bf4-9859-7c9b075bf0fd to datanode:3b15d008-52c9-47ea-9020-002e7e4220a9
2022-06-24 23:50:33,306 [RatisPipelineUtilsThread - 0] INFO  pipeline.PipelineStateManagerImpl (PipelineStateManagerImpl.java:addPipeline(101)) - Created pipeline Pipeline[ Id: 50a959ec-9a96-4bf4-9859-7c9b075bf0fd, Nodes: 3b15d008-52c9-47ea-9020-002e7e4220a9{ip: 10.1.0.24, host: fv-az21-224.v4iizcarkezebbfea14bcgzyke.bx.internal.cloudapp.net, ports: [REPLICATION=35473, RATIS=37413, RATIS_ADMIN=37413, RATIS_SERVER=37413, STANDALONE=33267], networkLocation: /default-rack, certSerialId: null, persistedOpState: IN_SERVICE, persistedOpStateExpiryEpochSec: 0}, ReplicationConfig: RATIS/ONE, State:ALLOCATED, leaderId:, CreationTimestamp2022-06-24T23:50:33.306Z[Etc/UTC]].
2022-06-24 23:50:33,323 [pool-783-thread-1] INFO  util.JmxRegister (JmxRegister.java:tryRegister(44)) - Successfully registered JMX Bean with object name Ratis:service=RaftServer,group=group-9DA329729B66,id=e0e9d4ea-e5ff-4cfc-8100-64ee9cc1170c
2022-06-24 23:50:33,333 [EventQueue-OpenPipelineForHealthyPipelineSafeModeRule] INFO  safemode.SCMSafeModeManager (HealthyPipelineSafeModeRule.java:process(124)) - SCM in safe mode. Healthy pipelines reported count is 0, required healthy pipeline reported count is 1
2022-06-24 23:50:33,335 [Command processor thread] INFO  ratis.XceiverServerRatis (XceiverServerRatis.java:addGroup(765)) - Created group PipelineID=e5772be6-40e8-44a6-8386-9da329729b66
2022-06-24 23:50:33,335 [Command processor thread] INFO  commandhandler.CreatePipelineCommandHandler (CreatePipelineCommandHandler.java:handle(113)) - Created Pipeline RATIS ONE PipelineID=e5772be6-40e8-44a6-8386-9da329729b66.
2022-06-24 23:50:33,335 [Command processor thread] INFO  server.RaftServer (RaftServerProxy.java:addNew(96)) - e0e9d4ea-e5ff-4cfc-8100-64ee9cc1170c: addNew group-7301C1C6E889:[e4b7c23e-ae07-4399-b4c7-5433903d8f4c|rpc:10.1.0.24:37801|priority:1, e0e9d4ea-e5ff-4cfc-8100-64ee9cc1170c|rpc:10.1.0.24:37185|priority:0, aaaf6e37-99bf-4100-a292-78f58d03488b|rpc:10.1.0.24:32839|priority:0] returns group-7301C1C6E889:java.util.concurrent.CompletableFuture@4c35a853[Not completed]
2022-06-24 23:50:33,336 [pool-783-thread-1] INFO  server.RaftServer$Division (RaftServerImpl.java:<init>(190)) - e0e9d4ea-e5ff-4cfc-8100-64ee9cc1170c: new RaftServerImpl for group-7301C1C6E889:[e4b7c23e-ae07-4399-b4c7-5433903d8f4c|rpc:10.1.0.24:37801|priority:1, e0e9d4ea-e5ff-4cfc-8100-64ee9cc1170c|rpc:10.1.0.24:37185|priority:0, aaaf6e37-99bf-4100-a292-78f58d03488b|rpc:10.1.0.24:32839|priority:0] with ContainerStateMachine:uninitialized
2022-06-24 23:50:33,336 [pool-783-thread-1] INFO  server.RaftServerConfigKeys (ConfUtils.java:logGet(46)) - raft.server.rpc.timeout.min = 5s (custom)
2022-06-24 23:50:33,336 [pool-783-thread-1] INFO  server.RaftServerConfigKeys (ConfUtils.java:logGet(46)) - raft.server.rpc.timeout.max = 5200ms (custom)
2022-06-24 23:50:33,336 [pool-783-thread-1] INFO  server.RaftServerConfigKeys (ConfUtils.java:logGet(46)) - raft.server.rpc.sleep.time = 25ms (default)
2022-06-24 23:50:33,336 [pool-783-thread-1] INFO  server.RaftServerConfigKeys (ConfUtils.java:logGet(46)) - raft.server.rpc.slowness.timeout = 300s (custom)
2022-06-24 23:50:33,336 [pool-783-thread-1] INFO  server.RaftServerConfigKeys (ConfUtils.java:logGet(46)) - raft.server.leaderelection.leader.step-down.wait-time = 10s (default)
2022-06-24 23:50:33,336 [pool-783-thread-1] INFO  server.RaftServerConfigKeys (ConfUtils.java:logGet(46)) - raft.server.sleep.deviation.threshold = 300ms (default)
2022-06-24 23:50:33,336 [pool-783-thread-1] INFO  server.RaftServer$Division (ServerState.java:<init>(107)) - e0e9d4ea-e5ff-4cfc-8100-64ee9cc1170c@group-7301C1C6E889: ConfigurationManager, init=-1: [e4b7c23e-ae07-4399-b4c7-5433903d8f4c|rpc:10.1.0.24:37801|priority:1, e0e9d4ea-e5ff-4cfc-8100-64ee9cc1170c|rpc:10.1.0.24:37185|priority:0, aaaf6e37-99bf-4100-a292-78f58d03488b|rpc:10.1.0.24:32839|priority:0], old=null, confs=<EMPTY_MAP>
2022-06-24 23:50:33,337 [pool-783-thread-1] INFO  server.RaftServerConfigKeys (ConfUtils.java:logGet(46)) - raft.server.storage.dir = [/home/runner/work/ozone/ozone/hadoop-ozone/integration-test/target/test-dir/MiniOzoneClusterImpl-fde6c995-fd32-43d9-9d96-6dc5d052cd3d/datanode-0/data/ratis] (custom)
2022-06-24 23:50:33,337 [pool-783-thread-1] INFO  server.RaftServerConfigKeys (ConfUtils.java:logGet(46)) - raft.server.log.corruption.policy = EXCEPTION (default)
2022-06-24 23:50:33,337 [pool-783-thread-1] INFO  server.RaftServerConfigKeys (ConfUtils.java:logGet(46)) - raft.server.storage.free-space.min = 0MB (=0) (default)
2022-06-24 23:50:33,337 [pool-783-thread-1] INFO  storage.RaftStorageDirectory (RaftStorageDirectoryImpl.java:analyzeStorage(135)) - The storage directory /home/runner/work/ozone/ozone/hadoop-ozone/integration-test/target/test-dir/MiniOzoneClusterImpl-fde6c995-fd32-43d9-9d96-6dc5d052cd3d/datanode-0/data/ratis/f9af55ac-a2e8-4e73-8ca3-7301c1c6e889 does not exist. Creating ...
2022-06-24 23:50:33,342 [pool-783-thread-1] INFO  storage.RaftStorageDirectory (RaftStorageDirectoryImpl.java:tryLock(230)) - Lock on /home/runner/work/ozone/ozone/hadoop-ozone/integration-test/target/test-dir/MiniOzoneClusterImpl-fde6c995-fd32-43d9-9d96-6dc5d052cd3d/datanode-0/data/ratis/f9af55ac-a2e8-4e73-8ca3-7301c1c6e889/in_use.lock acquired by nodename 11308@fv-az21-224
2022-06-24 23:50:33,345 [pool-783-thread-1] INFO  storage.RaftStorage (RaftStorageImpl.java:format(89)) - Storage directory /home/runner/work/ozone/ozone/hadoop-ozone/integration-test/target/test-dir/MiniOzoneClusterImpl-fde6c995-fd32-43d9-9d96-6dc5d052cd3d/datanode-0/data/ratis/f9af55ac-a2e8-4e73-8ca3-7301c1c6e889 has been successfully formatted.
2022-06-24 23:50:33,346 [pool-783-thread-1] INFO  ratis.ContainerStateMachine (ContainerStateMachine.java:loadSnapshot(236)) - group-7301C1C6E889: The snapshot info is null. Setting the last applied indexto:(t:0, i:~)
2022-06-24 23:50:33,346 [pool-783-thread-1] INFO  server.RaftServerConfigKeys (ConfUtils.java:logGet(46)) - raft.server.notification.no-leader.timeout = 300s (custom)
2022-06-24 23:50:33,346 [pool-783-thread-1] INFO  server.RaftServerConfigKeys (ConfUtils.java:logGet(46)) - raft.server.log.use.memory = false (default)
2022-06-24 23:50:33,346 [pool-783-thread-1] INFO  server.RaftServerConfigKeys (ConfUtils.java:logGet(46)) - raft.server.log.purge.gap = 1000000 (custom)
2022-06-24 23:50:33,346 [pool-783-thread-1] INFO  server.RaftServerConfigKeys (ConfUtils.java:logGet(46)) - raft.server.log.appender.buffer.byte-limit = 33554432 (custom)
2022-06-24 23:50:33,346 [pool-783-thread-1] INFO  server.RaftServerConfigKeys (ConfUtils.java:logGet(46)) - raft.server.log.statemachine.data.read.timeout = 1000ms (default)
2022-06-24 23:50:33,347 [pool-783-thread-1] INFO  server.RaftServerConfigKeys (ConfUtils.java:logGet(46)) - raft.server.log.segment.size.max = 1048576 (custom)
2022-06-24 23:50:33,348 [EventQueue-OpenPipelineForHealthyPipelineSafeModeRule] INFO  safemode.SCMSafeModeManager (HealthyPipelineSafeModeRule.java:process(124)) - SCM in safe mode. Healthy pipelines reported count is 0, required healthy pipeline reported count is 1
2022-06-24 23:50:33,353 [pool-783-thread-1] INFO  server.RaftServerConfigKeys (ConfUtils.java:logGet(46)) - raft.server.log.segment.cache.num.max = 2 (custom)
2022-06-24 23:50:33,353 [pool-783-thread-1] INFO  server.RaftServerConfigKeys (ConfUtils.java:logGet(46)) - raft.server.log.segment.cache.size.max = 200MB (=209715200) (default)
2022-06-24 23:50:33,353 [pool-783-thread-1] INFO  segmented.SegmentedRaftLogWorker (SegmentedRaftLogWorker.java:<init>(187)) - new e0e9d4ea-e5ff-4cfc-8100-64ee9cc1170c@group-7301C1C6E889-SegmentedRaftLogWorker for RaftStorageImpl:Storage Directory /home/runner/work/ozone/ozone/hadoop-ozone/integration-test/target/test-dir/MiniOzoneClusterImpl-fde6c995-fd32-43d9-9d96-6dc5d052cd3d/datanode-0/data/ratis/f9af55ac-a2e8-4e73-8ca3-7301c1c6e889
2022-06-24 23:50:33,353 [pool-783-thread-1] INFO  server.RaftServerConfigKeys (ConfUtils.java:logGet(46)) - raft.server.log.queue.byte-limit = 4294967296 (custom)
2022-06-24 23:50:33,353 [pool-783-thread-1] INFO  server.RaftServerConfigKeys (ConfUtils.java:logGet(46)) - raft.server.log.queue.element-limit = 1024 (custom)
2022-06-24 23:50:33,353 [pool-783-thread-1] INFO  server.RaftServerConfigKeys (ConfUtils.java:logGet(46)) - raft.server.log.segment.size.max = 1048576 (custom)
2022-06-24 23:50:33,353 [pool-783-thread-1] INFO  server.RaftServerConfigKeys (ConfUtils.java:logGet(46)) - raft.server.log.preallocated.size = 16384 (custom)
2022-06-24 23:50:33,353 [pool-783-thread-1] INFO  server.RaftServerConfigKeys (ConfUtils.java:logGet(46)) - raft.server.log.force.sync.num = 128 (default)
2022-06-24 23:50:33,353 [pool-783-thread-1] INFO  server.RaftServerConfigKeys (ConfUtils.java:logGet(46)) - raft.server.log.statemachine.data.sync = true (default)
2022-06-24 23:50:33,353 [pool-783-thread-1] INFO  server.RaftServerConfigKeys (ConfUtils.java:logGet(46)) - raft.server.log.statemachine.data.sync.timeout = 10s (default)
2022-06-24 23:50:33,353 [pool-783-thread-1] INFO  server.RaftServerConfigKeys (ConfUtils.java:logGet(46)) - raft.server.log.statemachine.data.sync.timeout.retry = -1 (default)
2022-06-24 23:50:33,354 [pool-783-thread-1] INFO  server.RaftServerConfigKeys (ConfUtils.java:logGet(46)) - raft.server.log.write.buffer.size = 1048576 (custom)
2022-06-24 23:50:33,354 [pool-783-thread-1] INFO  server.RaftServerConfigKeys (ConfUtils.java:logGet(46)) - raft.server.log.unsafe-flush.enabled = false (default)
2022-06-24 23:50:33,354 [pool-783-thread-1] INFO  server.RaftServerConfigKeys (ConfUtils.java:logGet(46)) - raft.server.log.statemachine.data.caching.enabled = true (custom)
2022-06-24 23:50:33,355 [pool-783-thread-1] INFO  segmented.SegmentedRaftLogWorker (SegmentedRaftLogWorker.java:lambda$new$0(135)) - e0e9d4ea-e5ff-4cfc-8100-64ee9cc1170c@group-7301C1C6E889-SegmentedRaftLogWorker: flushIndex: setUnconditionally 0 -> -1
2022-06-24 23:50:33,355 [pool-783-thread-1] INFO  segmented.SegmentedRaftLogWorker (SegmentedRaftLogWorker.java:lambda$new$0(135)) - e0e9d4ea-e5ff-4cfc-8100-64ee9cc1170c@group-7301C1C6E889-SegmentedRaftLogWorker: safeCacheEvictIndex: setUnconditionally 0 -> -1
2022-06-24 23:50:33,361 [pool-783-thread-1] INFO  server.RaftServerConfigKeys (ConfUtils.java:logGet(46)) - raft.server.snapshot.auto.trigger.enabled = true (custom)
2022-06-24 23:50:33,361 [pool-783-thread-1] INFO  server.RaftServerConfigKeys (ConfUtils.java:logGet(46)) - raft.server.snapshot.auto.trigger.threshold = 10000 (custom)
2022-06-24 23:50:33,361 [pool-783-thread-1] INFO  server.RaftServerConfigKeys (ConfUtils.java:logGet(46)) - raft.server.snapshot.retention.file.num = 5 (custom)
2022-06-24 23:50:33,361 [pool-783-thread-1] INFO  server.RaftServerConfigKeys (ConfUtils.java:logGet(46)) - raft.server.log.purge.upto.snapshot.index = false (default)
2022-06-24 23:50:33,361 [pool-783-thread-1] INFO  server.RaftServerConfigKeys (ConfUtils.java:logGet(46)) - raft.server.retrycache.expirytime = 600000ms (custom)
2022-06-24 23:50:33,361 [pool-783-thread-1] INFO  server.RaftServerConfigKeys (ConfUtils.java:logGet(46)) - raft.server.retrycache.statistics.expirytime = 100μs (default)
2022-06-24 23:50:33,365 [pool-783-thread-1] INFO  server.RaftServerConfigKeys (ConfUtils.java:logGet(46)) - raft.server.log.appender.install.snapshot.enabled = false (custom)
2022-06-24 23:50:33,365 [pool-783-thread-1] INFO  server.RaftServerConfigKeys (ConfUtils.java:logGet(46)) - raft.server.threadpool.server.cached = true (default)
2022-06-24 23:50:33,365 [pool-783-thread-1] INFO  server.RaftServerConfigKeys (ConfUtils.java:logGet(46)) - raft.server.threadpool.server.size = 0 (default)
2022-06-24 23:50:33,365 [pool-783-thread-1] INFO  server.RaftServerConfigKeys (ConfUtils.java:logGet(46)) - raft.server.threadpool.client.cached = true (default)
2022-06-24 23:50:33,365 [pool-783-thread-1] INFO  server.RaftServerConfigKeys (ConfUtils.java:logGet(46)) - raft.server.threadpool.client.size = 0 (default)
2022-06-24 23:50:33,365 [pool-783-thread-1] INFO  server.RaftServer$Division (RaftServerImpl.java:start(310)) - e0e9d4ea-e5ff-4cfc-8100-64ee9cc1170c@group-7301C1C6E889: start as a follower, conf=-1: [e4b7c23e-ae07-4399-b4c7-5433903d8f4c|rpc:10.1.0.24:37801|priority:1, e0e9d4ea-e5ff-4cfc-8100-64ee9cc1170c|rpc:10.1.0.24:37185|priority:0, aaaf6e37-99bf-4100-a292-78f58d03488b|rpc:10.1.0.24:32839|priority:0], old=null
2022-06-24 23:50:33,365 [pool-783-thread-1] INFO  server.RaftServer$Division (RaftServerImpl.java:setRole(299)) - e0e9d4ea-e5ff-4cfc-8100-64ee9cc1170c@group-7301C1C6E889: changes role from      null to FOLLOWER at term 0 for startAsFollower
2022-06-24 23:50:33,366 [pool-783-thread-1] INFO  impl.RoleInfo (RoleInfo.java:updateAndGet(139)) - e0e9d4ea-e5ff-4cfc-8100-64ee9cc1170c: start e0e9d4ea-e5ff-4cfc-8100-64ee9cc1170c@group-7301C1C6E889-FollowerState
2022-06-24 23:50:33,371 [pool-783-thread-1] INFO  util.JmxRegister (JmxRegister.java:tryRegister(44)) - Successfully registered JMX Bean with object name Ratis:service=RaftServer,group=group-7301C1C6E889,id=e0e9d4ea-e5ff-4cfc-8100-64ee9cc1170c
2022-06-24 23:50:33,373 [Command processor thread] INFO  ratis.XceiverServerRatis (XceiverServerRatis.java:addGroup(765)) - Created group PipelineID=f9af55ac-a2e8-4e73-8ca3-7301c1c6e889
2022-06-24 23:50:33,416 [grpc-default-executor-0] INFO  server.RaftServer (RaftServerProxy.java:addNew(96)) - aaaf6e37-99bf-4100-a292-78f58d03488b: addNew group-7301C1C6E889:[e4b7c23e-ae07-4399-b4c7-5433903d8f4c|rpc:10.1.0.24:37801|dataStream:|priority:1, e0e9d4ea-e5ff-4cfc-8100-64ee9cc1170c|rpc:10.1.0.24:37185|dataStream:|priority:0, aaaf6e37-99bf-4100-a292-78f58d03488b|rpc:10.1.0.24:32839|dataStream:|priority:0] returns group-7301C1C6E889:java.util.concurrent.CompletableFuture@212d9061[Not completed]
2022-06-24 23:50:33,434 [pool-829-thread-1] INFO  server.RaftServer$Division (RaftServerImpl.java:<init>(190)) - aaaf6e37-99bf-4100-a292-78f58d03488b: new RaftServerImpl for group-7301C1C6E889:[e4b7c23e-ae07-4399-b4c7-5433903d8f4c|rpc:10.1.0.24:37801|dataStream:|priority:1, e0e9d4ea-e5ff-4cfc-8100-64ee9cc1170c|rpc:10.1.0.24:37185|dataStream:|priority:0, aaaf6e37-99bf-4100-a292-78f58d03488b|rpc:10.1.0.24:32839|dataStream:|priority:0] with ContainerStateMachine:uninitialized
2022-06-24 23:50:33,434 [pool-829-thread-1] INFO  server.RaftServerConfigKeys (ConfUtils.java:logGet(46)) - raft.server.rpc.timeout.min = 5s (custom)
2022-06-24 23:50:33,434 [pool-829-thread-1] INFO  server.RaftServerConfigKeys (ConfUtils.java:logGet(46)) - raft.server.rpc.timeout.max = 5200ms (custom)
2022-06-24 23:50:33,435 [pool-829-thread-1] INFO  server.RaftServerConfigKeys (ConfUtils.java:logGet(46)) - raft.server.rpc.sleep.time = 25ms (default)
2022-06-24 23:50:33,435 [pool-829-thread-1] INFO  server.RaftServerConfigKeys (ConfUtils.java:logGet(46)) - raft.server.rpc.slowness.timeout = 300s (custom)
2022-06-24 23:50:33,435 [pool-829-thread-1] INFO  server.RaftServerConfigKeys (ConfUtils.java:logGet(46)) - raft.server.leaderelection.leader.step-down.wait-time = 10s (default)
2022-06-24 23:50:33,435 [pool-829-thread-1] INFO  server.RaftServerConfigKeys (ConfUtils.java:logGet(46)) - raft.server.sleep.deviation.threshold = 300ms (default)
2022-06-24 23:50:33,435 [pool-829-thread-1] INFO  server.RaftServer$Division (ServerState.java:<init>(107)) - aaaf6e37-99bf-4100-a292-78f58d03488b@group-7301C1C6E889: ConfigurationManager, init=-1: [e4b7c23e-ae07-4399-b4c7-5433903d8f4c|rpc:10.1.0.24:37801|dataStream:|priority:1, e0e9d4ea-e5ff-4cfc-8100-64ee9cc1170c|rpc:10.1.0.24:37185|dataStream:|priority:0, aaaf6e37-99bf-4100-a292-78f58d03488b|rpc:10.1.0.24:32839|dataStream:|priority:0], old=null, confs=<EMPTY_MAP>
2022-06-24 23:50:33,435 [pool-829-thread-1] INFO  server.RaftServerConfigKeys (ConfUtils.java:logGet(46)) - raft.server.storage.dir = [/home/runner/work/ozone/ozone/hadoop-ozone/integration-test/target/test-dir/MiniOzoneClusterImpl-fde6c995-fd32-43d9-9d96-6dc5d052cd3d/datanode-2/data/ratis] (custom)
2022-06-24 23:50:33,435 [pool-829-thread-1] INFO  server.RaftServerConfigKeys (ConfUtils.java:logGet(46)) - raft.server.log.corruption.policy = EXCEPTION (default)
2022-06-24 23:50:33,435 [pool-829-thread-1] INFO  server.RaftServerConfigKeys (ConfUtils.java:logGet(46)) - raft.server.storage.free-space.min = 0MB (=0) (default)
2022-06-24 23:50:33,435 [pool-829-thread-1] INFO  storage.RaftStorageDirectory (RaftStorageDirectoryImpl.java:analyzeStorage(135)) - The storage directory /home/runner/work/ozone/ozone/hadoop-ozone/integration-test/target/test-dir/MiniOzoneClusterImpl-fde6c995-fd32-43d9-9d96-6dc5d052cd3d/datanode-2/data/ratis/f9af55ac-a2e8-4e73-8ca3-7301c1c6e889 does not exist. Creating ...
2022-06-24 23:50:33,436 [pool-829-thread-1] INFO  storage.RaftStorageDirectory (RaftStorageDirectoryImpl.java:tryLock(230)) - Lock on /home/runner/work/ozone/ozone/hadoop-ozone/integration-test/target/test-dir/MiniOzoneClusterImpl-fde6c995-fd32-43d9-9d96-6dc5d052cd3d/datanode-2/data/ratis/f9af55ac-a2e8-4e73-8ca3-7301c1c6e889/in_use.lock acquired by nodename 11308@fv-az21-224
2022-06-24 23:50:33,443 [pool-829-thread-1] INFO  storage.RaftStorage (RaftStorageImpl.java:format(89)) - Storage directory /home/runner/work/ozone/ozone/hadoop-ozone/integration-test/target/test-dir/MiniOzoneClusterImpl-fde6c995-fd32-43d9-9d96-6dc5d052cd3d/datanode-2/data/ratis/f9af55ac-a2e8-4e73-8ca3-7301c1c6e889 has been successfully formatted.
2022-06-24 23:50:33,461 [pool-829-thread-1] INFO  ratis.ContainerStateMachine (ContainerStateMachine.java:loadSnapshot(236)) - group-7301C1C6E889: The snapshot info is null. Setting the last applied indexto:(t:0, i:~)
2022-06-24 23:50:33,461 [pool-829-thread-1] INFO  server.RaftServerConfigKeys (ConfUtils.java:logGet(46)) - raft.server.notification.no-leader.timeout = 300s (custom)
2022-06-24 23:50:33,461 [pool-829-thread-1] INFO  server.RaftServerConfigKeys (ConfUtils.java:logGet(46)) - raft.server.log.use.memory = false (default)
2022-06-24 23:50:33,461 [pool-829-thread-1] INFO  server.RaftServerConfigKeys (ConfUtils.java:logGet(46)) - raft.server.log.purge.gap = 1000000 (custom)
2022-06-24 23:50:33,461 [pool-829-thread-1] INFO  server.RaftServerConfigKeys (ConfUtils.java:logGet(46)) - raft.server.log.appender.buffer.byte-limit = 33554432 (custom)
2022-06-24 23:50:33,462 [pool-829-thread-1] INFO  server.RaftServerConfigKeys (ConfUtils.java:logGet(46)) - raft.server.log.statemachine.data.read.timeout = 1000ms (default)
2022-06-24 23:50:33,462 [pool-829-thread-1] INFO  server.RaftServerConfigKeys (ConfUtils.java:logGet(46)) - raft.server.log.segment.size.max = 1048576 (custom)
2022-06-24 23:50:33,462 [pool-829-thread-1] INFO  server.RaftServerConfigKeys (ConfUtils.java:logGet(46)) - raft.server.log.segment.cache.num.max = 2 (custom)
2022-06-24 23:50:33,462 [pool-829-thread-1] INFO  server.RaftServerConfigKeys (ConfUtils.java:logGet(46)) - raft.server.log.segment.cache.size.max = 200MB (=209715200) (default)
2022-06-24 23:50:33,462 [pool-829-thread-1] INFO  segmented.SegmentedRaftLogWorker (SegmentedRaftLogWorker.java:<init>(187)) - new aaaf6e37-99bf-4100-a292-78f58d03488b@group-7301C1C6E889-SegmentedRaftLogWorker for RaftStorageImpl:Storage Directory /home/runner/work/ozone/ozone/hadoop-ozone/integration-test/target/test-dir/MiniOzoneClusterImpl-fde6c995-fd32-43d9-9d96-6dc5d052cd3d/datanode-2/data/ratis/f9af55ac-a2e8-4e73-8ca3-7301c1c6e889
2022-06-24 23:50:33,462 [pool-829-thread-1] INFO  server.RaftServerConfigKeys (ConfUtils.java:logGet(46)) - raft.server.log.queue.byte-limit = 4294967296 (custom)
2022-06-24 23:50:33,462 [pool-829-thread-1] INFO  server.RaftServerConfigKeys (ConfUtils.java:logGet(46)) - raft.server.log.queue.element-limit = 1024 (custom)
2022-06-24 23:50:33,462 [pool-829-thread-1] INFO  server.RaftServerConfigKeys (ConfUtils.java:logGet(46)) - raft.server.log.segment.size.max = 1048576 (custom)
2022-06-24 23:50:33,462 [pool-829-thread-1] INFO  server.RaftServerConfigKeys (ConfUtils.java:logGet(46)) - raft.server.log.preallocated.size = 16384 (custom)
2022-06-24 23:50:33,462 [pool-829-thread-1] INFO  server.RaftServerConfigKeys (ConfUtils.java:logGet(46)) - raft.server.log.force.sync.num = 128 (default)
2022-06-24 23:50:33,462 [pool-829-thread-1] INFO  server.RaftServerConfigKeys (ConfUtils.java:logGet(46)) - raft.server.log.statemachine.data.sync = true (default)
2022-06-24 23:50:33,463 [pool-829-thread-1] INFO  server.RaftServerConfigKeys (ConfUtils.java:logGet(46)) - raft.server.log.statemachine.data.sync.timeout = 10s (default)
2022-06-24 23:50:33,463 [pool-829-thread-1] INFO  server.RaftServerConfigKeys (ConfUtils.java:logGet(46)) - raft.server.log.statemachine.data.sync.timeout.retry = -1 (default)
2022-06-24 23:50:33,464 [pool-829-thread-1] INFO  server.RaftServerConfigKeys (ConfUtils.java:logGet(46)) - raft.server.log.write.buffer.size = 1048576 (custom)
2022-06-24 23:50:33,464 [pool-829-thread-1] INFO  server.RaftServerConfigKeys (ConfUtils.java:logGet(46)) - raft.server.log.unsafe-flush.enabled = false (default)
2022-06-24 23:50:33,464 [pool-829-thread-1] INFO  server.RaftServerConfigKeys (ConfUtils.java:logGet(46)) - raft.server.log.statemachine.data.caching.enabled = true (custom)
2022-06-24 23:50:33,464 [pool-829-thread-1] INFO  segmented.SegmentedRaftLogWorker (SegmentedRaftLogWorker.java:lambda$new$0(135)) - aaaf6e37-99bf-4100-a292-78f58d03488b@group-7301C1C6E889-SegmentedRaftLogWorker: flushIndex: setUnconditionally 0 -> -1
2022-06-24 23:50:33,464 [pool-829-thread-1] INFO  segmented.SegmentedRaftLogWorker (SegmentedRaftLogWorker.java:lambda$new$0(135)) - aaaf6e37-99bf-4100-a292-78f58d03488b@group-7301C1C6E889-SegmentedRaftLogWorker: safeCacheEvictIndex: setUnconditionally 0 -> -1
2022-06-24 23:50:33,467 [pool-829-thread-1] INFO  server.RaftServerConfigKeys (ConfUtils.java:logGet(46)) - raft.server.snapshot.auto.trigger.enabled = true (custom)
2022-06-24 23:50:33,467 [pool-829-thread-1] INFO  server.RaftServerConfigKeys (ConfUtils.java:logGet(46)) - raft.server.snapshot.auto.trigger.threshold = 10000 (custom)
2022-06-24 23:50:33,467 [pool-829-thread-1] INFO  server.RaftServerConfigKeys (ConfUtils.java:logGet(46)) - raft.server.snapshot.retention.file.num = 5 (custom)
2022-06-24 23:50:33,467 [pool-829-thread-1] INFO  server.RaftServerConfigKeys (ConfUtils.java:logGet(46)) - raft.server.log.purge.upto.snapshot.index = false (default)
2022-06-24 23:50:33,467 [pool-829-thread-1] INFO  server.RaftServerConfigKeys (ConfUtils.java:logGet(46)) - raft.server.retrycache.expirytime = 600000ms (custom)
2022-06-24 23:50:33,467 [pool-829-thread-1] INFO  server.RaftServerConfigKeys (ConfUtils.java:logGet(46)) - raft.server.retrycache.statistics.expirytime = 100μs (default)
2022-06-24 23:50:33,468 [pool-829-thread-1] INFO  server.RaftServerConfigKeys (ConfUtils.java:logGet(46)) - raft.server.log.appender.install.snapshot.enabled = false (custom)
2022-06-24 23:50:33,468 [pool-829-thread-1] INFO  server.RaftServerConfigKeys (ConfUtils.java:logGet(46)) - raft.server.threadpool.server.cached = true (default)
2022-06-24 23:50:33,468 [pool-829-thread-1] INFO  server.RaftServerConfigKeys (ConfUtils.java:logGet(46)) - raft.server.threadpool.server.size = 0 (default)
2022-06-24 23:50:33,469 [pool-829-thread-1] INFO  server.RaftServerConfigKeys (ConfUtils.java:logGet(46)) - raft.server.threadpool.client.cached = true (default)
2022-06-24 23:50:33,469 [pool-829-thread-1] INFO  server.RaftServerConfigKeys (ConfUtils.java:logGet(46)) - raft.server.threadpool.client.size = 0 (default)
2022-06-24 23:50:33,469 [pool-829-thread-1] INFO  server.RaftServer$Division (RaftServerImpl.java:start(310)) - aaaf6e37-99bf-4100-a292-78f58d03488b@group-7301C1C6E889: start as a follower, conf=-1: [e4b7c23e-ae07-4399-b4c7-5433903d8f4c|rpc:10.1.0.24:37801|dataStream:|priority:1, e0e9d4ea-e5ff-4cfc-8100-64ee9cc1170c|rpc:10.1.0.24:37185|dataStream:|priority:0, aaaf6e37-99bf-4100-a292-78f58d03488b|rpc:10.1.0.24:32839|dataStream:|priority:0], old=null
2022-06-24 23:50:33,469 [pool-829-thread-1] INFO  server.RaftServer$Division (RaftServerImpl.java:setRole(299)) - aaaf6e37-99bf-4100-a292-78f58d03488b@group-7301C1C6E889: changes role from      null to FOLLOWER at term 0 for startAsFollower
2022-06-24 23:50:33,469 [pool-829-thread-1] INFO  impl.RoleInfo (RoleInfo.java:updateAndGet(139)) - aaaf6e37-99bf-4100-a292-78f58d03488b: start aaaf6e37-99bf-4100-a292-78f58d03488b@group-7301C1C6E889-FollowerState
2022-06-24 23:50:33,469 [pool-829-thread-1] INFO  util.JmxRegister (JmxRegister.java:tryRegister(44)) - Successfully registered JMX Bean with object name Ratis:service=RaftServer,group=group-7301C1C6E889,id=aaaf6e37-99bf-4100-a292-78f58d03488b
2022-06-24 23:50:33,530 [grpc-default-executor-0] INFO  server.RaftServer (RaftServerProxy.java:addNew(96)) - e4b7c23e-ae07-4399-b4c7-5433903d8f4c: addNew group-7301C1C6E889:[e4b7c23e-ae07-4399-b4c7-5433903d8f4c|rpc:10.1.0.24:37801|dataStream:|priority:1, e0e9d4ea-e5ff-4cfc-8100-64ee9cc1170c|rpc:10.1.0.24:37185|dataStream:|priority:0, aaaf6e37-99bf-4100-a292-78f58d03488b|rpc:10.1.0.24:32839|dataStream:|priority:0] returns group-7301C1C6E889:java.util.concurrent.CompletableFuture@39a2866e[Not completed]
2022-06-24 23:50:33,542 [pool-806-thread-1] INFO  server.RaftServer$Division (RaftServerImpl.java:<init>(190)) - e4b7c23e-ae07-4399-b4c7-5433903d8f4c: new RaftServerImpl for group-7301C1C6E889:[e4b7c23e-ae07-4399-b4c7-5433903d8f4c|rpc:10.1.0.24:37801|dataStream:|priority:1, e0e9d4ea-e5ff-4cfc-8100-64ee9cc1170c|rpc:10.1.0.24:37185|dataStream:|priority:0, aaaf6e37-99bf-4100-a292-78f58d03488b|rpc:10.1.0.24:32839|dataStream:|priority:0] with ContainerStateMachine:uninitialized
2022-06-24 23:50:33,542 [pool-806-thread-1] INFO  server.RaftServerConfigKeys (ConfUtils.java:logGet(46)) - raft.server.rpc.timeout.min = 5s (custom)
2022-06-24 23:50:33,542 [pool-806-thread-1] INFO  server.RaftServerConfigKeys (ConfUtils.java:logGet(46)) - raft.server.rpc.timeout.max = 5200ms (custom)
2022-06-24 23:50:33,542 [pool-806-thread-1] INFO  server.RaftServerConfigKeys (ConfUtils.java:logGet(46)) - raft.server.rpc.sleep.time = 25ms (default)
2022-06-24 23:50:33,542 [pool-806-thread-1] INFO  server.RaftServerConfigKeys (ConfUtils.java:logGet(46)) - raft.server.rpc.slowness.timeout = 300s (custom)
2022-06-24 23:50:33,542 [pool-806-thread-1] INFO  server.RaftServerConfigKeys (ConfUtils.java:logGet(46)) - raft.server.leaderelection.leader.step-down.wait-time = 10s (default)
2022-06-24 23:50:33,542 [pool-806-thread-1] INFO  server.RaftServerConfigKeys (ConfUtils.java:logGet(46)) - raft.server.sleep.deviation.threshold = 300ms (default)
2022-06-24 23:50:33,542 [pool-806-thread-1] INFO  server.RaftServer$Division (ServerState.java:<init>(107)) - e4b7c23e-ae07-4399-b4c7-5433903d8f4c@group-7301C1C6E889: ConfigurationManager, init=-1: [e4b7c23e-ae07-4399-b4c7-5433903d8f4c|rpc:10.1.0.24:37801|dataStream:|priority:1, e0e9d4ea-e5ff-4cfc-8100-64ee9cc1170c|rpc:10.1.0.24:37185|dataStream:|priority:0, aaaf6e37-99bf-4100-a292-78f58d03488b|rpc:10.1.0.24:32839|dataStream:|priority:0], old=null, confs=<EMPTY_MAP>
2022-06-24 23:50:33,542 [pool-806-thread-1] INFO  server.RaftServerConfigKeys (ConfUtils.java:logGet(46)) - raft.server.storage.dir = [/home/runner/work/ozone/ozone/hadoop-ozone/integration-test/target/test-dir/MiniOzoneClusterImpl-fde6c995-fd32-43d9-9d96-6dc5d052cd3d/datanode-1/data/ratis] (custom)
2022-06-24 23:50:33,543 [pool-806-thread-1] INFO  server.RaftServerConfigKeys (ConfUtils.java:logGet(46)) - raft.server.log.corruption.policy = EXCEPTION (default)
2022-06-24 23:50:33,543 [pool-806-thread-1] INFO  server.RaftServerConfigKeys (ConfUtils.java:logGet(46)) - raft.server.storage.free-space.min = 0MB (=0) (default)
2022-06-24 23:50:33,543 [pool-806-thread-1] INFO  storage.RaftStorageDirectory (RaftStorageDirectoryImpl.java:analyzeStorage(135)) - The storage directory /home/runner/work/ozone/ozone/hadoop-ozone/integration-test/target/test-dir/MiniOzoneClusterImpl-fde6c995-fd32-43d9-9d96-6dc5d052cd3d/datanode-1/data/ratis/f9af55ac-a2e8-4e73-8ca3-7301c1c6e889 does not exist. Creating ...
2022-06-24 23:50:33,545 [pool-806-thread-1] INFO  storage.RaftStorageDirectory (RaftStorageDirectoryImpl.java:tryLock(230)) - Lock on /home/runner/work/ozone/ozone/hadoop-ozone/integration-test/target/test-dir/MiniOzoneClusterImpl-fde6c995-fd32-43d9-9d96-6dc5d052cd3d/datanode-1/data/ratis/f9af55ac-a2e8-4e73-8ca3-7301c1c6e889/in_use.lock acquired by nodename 11308@fv-az21-224
2022-06-24 23:50:33,558 [pool-806-thread-1] INFO  storage.RaftStorage (RaftStorageImpl.java:format(89)) - Storage directory /home/runner/work/ozone/ozone/hadoop-ozone/integration-test/target/test-dir/MiniOzoneClusterImpl-fde6c995-fd32-43d9-9d96-6dc5d052cd3d/datanode-1/data/ratis/f9af55ac-a2e8-4e73-8ca3-7301c1c6e889 has been successfully formatted.
2022-06-24 23:50:33,579 [pool-806-thread-1] INFO  ratis.ContainerStateMachine (ContainerStateMachine.java:loadSnapshot(236)) - group-7301C1C6E889: The snapshot info is null. Setting the last applied indexto:(t:0, i:~)
2022-06-24 23:50:33,579 [pool-806-thread-1] INFO  server.RaftServerConfigKeys (ConfUtils.java:logGet(46)) - raft.server.notification.no-leader.timeout = 300s (custom)
2022-06-24 23:50:33,579 [pool-806-thread-1] INFO  server.RaftServerConfigKeys (ConfUtils.java:logGet(46)) - raft.server.log.use.memory = false (default)
2022-06-24 23:50:33,579 [pool-806-thread-1] INFO  server.RaftServerConfigKeys (ConfUtils.java:logGet(46)) - raft.server.log.purge.gap = 1000000 (custom)
2022-06-24 23:50:33,579 [pool-806-thread-1] INFO  server.RaftServerConfigKeys (ConfUtils.java:logGet(46)) - raft.server.log.appender.buffer.byte-limit = 33554432 (custom)
2022-06-24 23:50:33,579 [pool-806-thread-1] INFO  server.RaftServerConfigKeys (ConfUtils.java:logGet(46)) - raft.server.log.statemachine.data.read.timeout = 1000ms (default)
2022-06-24 23:50:33,580 [pool-806-thread-1] INFO  server.RaftServerConfigKeys (ConfUtils.java:logGet(46)) - raft.server.log.segment.size.max = 1048576 (custom)
2022-06-24 23:50:33,580 [pool-806-thread-1] INFO  server.RaftServerConfigKeys (ConfUtils.java:logGet(46)) - raft.server.log.segment.cache.num.max = 2 (custom)
2022-06-24 23:50:33,580 [pool-806-thread-1] INFO  server.RaftServerConfigKeys (ConfUtils.java:logGet(46)) - raft.server.log.segment.cache.size.max = 200MB (=209715200) (default)
2022-06-24 23:50:33,580 [pool-806-thread-1] INFO  segmented.SegmentedRaftLogWorker (SegmentedRaftLogWorker.java:<init>(187)) - new e4b7c23e-ae07-4399-b4c7-5433903d8f4c@group-7301C1C6E889-SegmentedRaftLogWorker for RaftStorageImpl:Storage Directory /home/runner/work/ozone/ozone/hadoop-ozone/integration-test/target/test-dir/MiniOzoneClusterImpl-fde6c995-fd32-43d9-9d96-6dc5d052cd3d/datanode-1/data/ratis/f9af55ac-a2e8-4e73-8ca3-7301c1c6e889
2022-06-24 23:50:33,580 [pool-806-thread-1] INFO  server.RaftServerConfigKeys (ConfUtils.java:logGet(46)) - raft.server.log.queue.byte-limit = 4294967296 (custom)
2022-06-24 23:50:33,580 [pool-806-thread-1] INFO  server.RaftServerConfigKeys (ConfUtils.java:logGet(46)) - raft.server.log.queue.element-limit = 1024 (custom)
2022-06-24 23:50:33,580 [pool-806-thread-1] INFO  server.RaftServerConfigKeys (ConfUtils.java:logGet(46)) - raft.server.log.segment.size.max = 1048576 (custom)
2022-06-24 23:50:33,580 [pool-806-thread-1] INFO  server.RaftServerConfigKeys (ConfUtils.java:logGet(46)) - raft.server.log.preallocated.size = 16384 (custom)
2022-06-24 23:50:33,580 [pool-806-thread-1] INFO  server.RaftServerConfigKeys (ConfUtils.java:logGet(46)) - raft.server.log.force.sync.num = 128 (default)
2022-06-24 23:50:33,580 [pool-806-thread-1] INFO  server.RaftServerConfigKeys (ConfUtils.java:logGet(46)) - raft.server.log.statemachine.data.sync = true (default)
2022-06-24 23:50:33,580 [pool-806-thread-1] INFO  server.RaftServerConfigKeys (ConfUtils.java:logGet(46)) - raft.server.log.statemachine.data.sync.timeout = 10s (default)
2022-06-24 23:50:33,580 [pool-806-thread-1] INFO  server.RaftServerConfigKeys (ConfUtils.java:logGet(46)) - raft.server.log.statemachine.data.sync.timeout.retry = -1 (default)
2022-06-24 23:50:33,583 [pool-806-thread-1] INFO  server.RaftServerConfigKeys (ConfUtils.java:logGet(46)) - raft.server.log.write.buffer.size = 1048576 (custom)
2022-06-24 23:50:33,583 [pool-806-thread-1] INFO  server.RaftServerConfigKeys (ConfUtils.java:logGet(46)) - raft.server.log.unsafe-flush.enabled = false (default)
2022-06-24 23:50:33,583 [pool-806-thread-1] INFO  server.RaftServerConfigKeys (ConfUtils.java:logGet(46)) - raft.server.log.statemachine.data.caching.enabled = true (custom)
2022-06-24 23:50:33,583 [pool-806-thread-1] INFO  segmented.SegmentedRaftLogWorker (SegmentedRaftLogWorker.java:lambda$new$0(135)) - e4b7c23e-ae07-4399-b4c7-5433903d8f4c@group-7301C1C6E889-SegmentedRaftLogWorker: flushIndex: setUnconditionally 0 -> -1
2022-06-24 23:50:33,583 [pool-806-thread-1] INFO  segmented.SegmentedRaftLogWorker (SegmentedRaftLogWorker.java:lambda$new$0(135)) - e4b7c23e-ae07-4399-b4c7-5433903d8f4c@group-7301C1C6E889-SegmentedRaftLogWorker: safeCacheEvictIndex: setUnconditionally 0 -> -1
2022-06-24 23:50:33,593 [pool-806-thread-1] INFO  server.RaftServerConfigKeys (ConfUtils.java:logGet(46)) - raft.server.snapshot.auto.trigger.enabled = true (custom)
2022-06-24 23:50:33,593 [pool-806-thread-1] INFO  server.RaftServerConfigKeys (ConfUtils.java:logGet(46)) - raft.server.snapshot.auto.trigger.threshold = 10000 (custom)
2022-06-24 23:50:33,593 [pool-806-thread-1] INFO  server.RaftServerConfigKeys (ConfUtils.java:logGet(46)) - raft.server.snapshot.retention.file.num = 5 (custom)
2022-06-24 23:50:33,593 [pool-806-thread-1] INFO  server.RaftServerConfigKeys (ConfUtils.java:logGet(46)) - raft.server.log.purge.upto.snapshot.index = false (default)
2022-06-24 23:50:33,593 [pool-806-thread-1] INFO  server.RaftServerConfigKeys (ConfUtils.java:logGet(46)) - raft.server.retrycache.expirytime = 600000ms (custom)
2022-06-24 23:50:33,593 [pool-806-thread-1] INFO  server.RaftServerConfigKeys (ConfUtils.java:logGet(46)) - raft.server.retrycache.statistics.expirytime = 100μs (default)
2022-06-24 23:50:33,595 [pool-806-thread-1] INFO  server.RaftServerConfigKeys (ConfUtils.java:logGet(46)) - raft.server.log.appender.install.snapshot.enabled = false (custom)
2022-06-24 23:50:33,595 [pool-806-thread-1] INFO  server.RaftServerConfigKeys (ConfUtils.java:logGet(46)) - raft.server.threadpool.server.cached = true (default)
2022-06-24 23:50:33,595 [pool-806-thread-1] INFO  server.RaftServerConfigKeys (ConfUtils.java:logGet(46)) - raft.server.threadpool.server.size = 0 (default)
2022-06-24 23:50:33,595 [pool-806-thread-1] INFO  server.RaftServerConfigKeys (ConfUtils.java:logGet(46)) - raft.server.threadpool.client.cached = true (default)
2022-06-24 23:50:33,595 [pool-806-thread-1] INFO  server.RaftServerConfigKeys (ConfUtils.java:logGet(46)) - raft.server.threadpool.client.size = 0 (default)
2022-06-24 23:50:33,595 [pool-806-thread-1] INFO  server.RaftServer$Division (RaftServerImpl.java:start(310)) - e4b7c23e-ae07-4399-b4c7-5433903d8f4c@group-7301C1C6E889: start as a follower, conf=-1: [e4b7c23e-ae07-4399-b4c7-5433903d8f4c|rpc:10.1.0.24:37801|dataStream:|priority:1, e0e9d4ea-e5ff-4cfc-8100-64ee9cc1170c|rpc:10.1.0.24:37185|dataStream:|priority:0, aaaf6e37-99bf-4100-a292-78f58d03488b|rpc:10.1.0.24:32839|dataStream:|priority:0], old=null
2022-06-24 23:50:33,595 [pool-806-thread-1] INFO  server.RaftServer$Division (RaftServerImpl.java:setRole(299)) - e4b7c23e-ae07-4399-b4c7-5433903d8f4c@group-7301C1C6E889: changes role from      null to FOLLOWER at term 0 for startAsFollower
2022-06-24 23:50:33,595 [pool-806-thread-1] INFO  impl.RoleInfo (RoleInfo.java:updateAndGet(139)) - e4b7c23e-ae07-4399-b4c7-5433903d8f4c: start e4b7c23e-ae07-4399-b4c7-5433903d8f4c@group-7301C1C6E889-FollowerState
2022-06-24 23:50:33,601 [pool-806-thread-1] INFO  util.JmxRegister (JmxRegister.java:tryRegister(44)) - Successfully registered JMX Bean with object name Ratis:service=RaftServer,group=group-7301C1C6E889,id=e4b7c23e-ae07-4399-b4c7-5433903d8f4c
2022-06-24 23:50:33,610 [Command processor thread] INFO  commandhandler.CreatePipelineCommandHandler (CreatePipelineCommandHandler.java:handle(113)) - Created Pipeline RATIS THREE PipelineID=f9af55ac-a2e8-4e73-8ca3-7301c1c6e889.
2022-06-24 23:50:33,610 [Command processor thread] INFO  server.RaftServer (RaftServerProxy.java:addNew(96)) - e0e9d4ea-e5ff-4cfc-8100-64ee9cc1170c: addNew group-B4568C3885F6:[e4b7c23e-ae07-4399-b4c7-5433903d8f4c|rpc:10.1.0.24:37801|priority:0, e0e9d4ea-e5ff-4cfc-8100-64ee9cc1170c|rpc:10.1.0.24:37185|priority:1, aaaf6e37-99bf-4100-a292-78f58d03488b|rpc:10.1.0.24:32839|priority:0] returns group-B4568C3885F6:java.util.concurrent.CompletableFuture@3e752815[Not completed]
2022-06-24 23:50:33,611 [pool-783-thread-1] INFO  server.RaftServer$Division (RaftServerImpl.java:<init>(190)) - e0e9d4ea-e5ff-4cfc-8100-64ee9cc1170c: new RaftServerImpl for group-B4568C3885F6:[e4b7c23e-ae07-4399-b4c7-5433903d8f4c|rpc:10.1.0.24:37801|priority:0, e0e9d4ea-e5ff-4cfc-8100-64ee9cc1170c|rpc:10.1.0.24:37185|priority:1, aaaf6e37-99bf-4100-a292-78f58d03488b|rpc:10.1.0.24:32839|priority:0] with ContainerStateMachine:uninitialized
2022-06-24 23:50:33,611 [pool-783-thread-1] INFO  server.RaftServerConfigKeys (ConfUtils.java:logGet(46)) - raft.server.rpc.timeout.min = 5s (custom)
2022-06-24 23:50:33,611 [pool-783-thread-1] INFO  server.RaftServerConfigKeys (ConfUtils.java:logGet(46)) - raft.server.rpc.timeout.max = 5200ms (custom)
2022-06-24 23:50:33,611 [pool-783-thread-1] INFO  server.RaftServerConfigKeys (ConfUtils.java:logGet(46)) - raft.server.rpc.sleep.time = 25ms (default)
2022-06-24 23:50:33,611 [pool-783-thread-1] INFO  server.RaftServerConfigKeys (ConfUtils.java:logGet(46)) - raft.server.rpc.slowness.timeout = 300s (custom)
2022-06-24 23:50:33,611 [pool-783-thread-1] INFO  server.RaftServerConfigKeys (ConfUtils.java:logGet(46)) - raft.server.leaderelection.leader.step-down.wait-time = 10s (default)
2022-06-24 23:50:33,611 [pool-783-thread-1] INFO  server.RaftServerConfigKeys (ConfUtils.java:logGet(46)) - raft.server.sleep.deviation.threshold = 300ms (default)
2022-06-24 23:50:33,611 [pool-783-thread-1] INFO  server.RaftServer$Division (ServerState.java:<init>(107)) - e0e9d4ea-e5ff-4cfc-8100-64ee9cc1170c@group-B4568C3885F6: ConfigurationManager, init=-1: [e4b7c23e-ae07-4399-b4c7-5433903d8f4c|rpc:10.1.0.24:37801|priority:0, e0e9d4ea-e5ff-4cfc-8100-64ee9cc1170c|rpc:10.1.0.24:37185|priority:1, aaaf6e37-99bf-4100-a292-78f58d03488b|rpc:10.1.0.24:32839|priority:0], old=null, confs=<EMPTY_MAP>
2022-06-24 23:50:33,611 [pool-783-thread-1] INFO  server.RaftServerConfigKeys (ConfUtils.java:logGet(46)) - raft.server.storage.dir = [/home/runner/work/ozone/ozone/hadoop-ozone/integration-test/target/test-dir/MiniOzoneClusterImpl-fde6c995-fd32-43d9-9d96-6dc5d052cd3d/datanode-0/data/ratis] (custom)
2022-06-24 23:50:33,611 [pool-783-thread-1] INFO  server.RaftServerConfigKeys (ConfUtils.java:logGet(46)) - raft.server.log.corruption.policy = EXCEPTION (default)
2022-06-24 23:50:33,612 [pool-783-thread-1] INFO  server.RaftServerConfigKeys (ConfUtils.java:logGet(46)) - raft.server.storage.free-space.min = 0MB (=0) (default)
2022-06-24 23:50:33,612 [pool-783-thread-1] INFO  storage.RaftStorageDirectory (RaftStorageDirectoryImpl.java:analyzeStorage(135)) - The storage directory /home/runner/work/ozone/ozone/hadoop-ozone/integration-test/target/test-dir/MiniOzoneClusterImpl-fde6c995-fd32-43d9-9d96-6dc5d052cd3d/datanode-0/data/ratis/11ed04e3-e629-4a28-9b8b-b4568c3885f6 does not exist. Creating ...
2022-06-24 23:50:33,619 [pool-783-thread-1] INFO  storage.RaftStorageDirectory (RaftStorageDirectoryImpl.java:tryLock(230)) - Lock on /home/runner/work/ozone/ozone/hadoop-ozone/integration-test/target/test-dir/MiniOzoneClusterImpl-fde6c995-fd32-43d9-9d96-6dc5d052cd3d/datanode-0/data/ratis/11ed04e3-e629-4a28-9b8b-b4568c3885f6/in_use.lock acquired by nodename 11308@fv-az21-224
2022-06-24 23:50:33,624 [pool-783-thread-1] INFO  storage.RaftStorage (RaftStorageImpl.java:format(89)) - Storage directory /home/runner/work/ozone/ozone/hadoop-ozone/integration-test/target/test-dir/MiniOzoneClusterImpl-fde6c995-fd32-43d9-9d96-6dc5d052cd3d/datanode-0/data/ratis/11ed04e3-e629-4a28-9b8b-b4568c3885f6 has been successfully formatted.
2022-06-24 23:50:33,630 [pool-783-thread-1] INFO  ratis.ContainerStateMachine (ContainerStateMachine.java:loadSnapshot(236)) - group-B4568C3885F6: The snapshot info is null. Setting the last applied indexto:(t:0, i:~)
2022-06-24 23:50:33,631 [pool-783-thread-1] INFO  server.RaftServerConfigKeys (ConfUtils.java:logGet(46)) - raft.server.notification.no-leader.timeout = 300s (custom)
2022-06-24 23:50:33,631 [pool-783-thread-1] INFO  server.RaftServerConfigKeys (ConfUtils.java:logGet(46)) - raft.server.log.use.memory = false (default)
2022-06-24 23:50:33,631 [pool-783-thread-1] INFO  server.RaftServerConfigKeys (ConfUtils.java:logGet(46)) - raft.server.log.purge.gap = 1000000 (custom)
2022-06-24 23:50:33,631 [pool-783-thread-1] INFO  server.RaftServerConfigKeys (ConfUtils.java:logGet(46)) - raft.server.log.appender.buffer.byte-limit = 33554432 (custom)
2022-06-24 23:50:33,631 [pool-783-thread-1] INFO  server.RaftServerConfigKeys (ConfUtils.java:logGet(46)) - raft.server.log.statemachine.data.read.timeout = 1000ms (default)
2022-06-24 23:50:33,632 [EventQueue-OpenPipelineForHealthyPipelineSafeModeRule] INFO  safemode.SCMSafeModeManager (HealthyPipelineSafeModeRule.java:process(124)) - SCM in safe mode. Healthy pipelines reported count is 0, required healthy pipeline reported count is 1
2022-06-24 23:50:33,635 [pool-783-thread-1] INFO  server.RaftServerConfigKeys (ConfUtils.java:logGet(46)) - raft.server.log.segment.size.max = 1048576 (custom)
2022-06-24 23:50:33,635 [pool-783-thread-1] INFO  server.RaftServerConfigKeys (ConfUtils.java:logGet(46)) - raft.server.log.segment.cache.num.max = 2 (custom)
2022-06-24 23:50:33,635 [pool-783-thread-1] INFO  server.RaftServerConfigKeys (ConfUtils.java:logGet(46)) - raft.server.log.segment.cache.size.max = 200MB (=209715200) (default)
2022-06-24 23:50:33,635 [pool-783-thread-1] INFO  segmented.SegmentedRaftLogWorker (SegmentedRaftLogWorker.java:<init>(187)) - new e0e9d4ea-e5ff-4cfc-8100-64ee9cc1170c@group-B4568C3885F6-SegmentedRaftLogWorker for RaftStorageImpl:Storage Directory /home/runner/work/ozone/ozone/hadoop-ozone/integration-test/target/test-dir/MiniOzoneClusterImpl-fde6c995-fd32-43d9-9d96-6dc5d052cd3d/datanode-0/data/ratis/11ed04e3-e629-4a28-9b8b-b4568c3885f6
2022-06-24 23:50:33,635 [pool-783-thread-1] INFO  server.RaftServerConfigKeys (ConfUtils.java:logGet(46)) - raft.server.log.queue.byte-limit = 4294967296 (custom)
2022-06-24 23:50:33,635 [pool-783-thread-1] INFO  server.RaftServerConfigKeys (ConfUtils.java:logGet(46)) - raft.server.log.queue.element-limit = 1024 (custom)
2022-06-24 23:50:33,635 [pool-783-thread-1] INFO  server.RaftServerConfigKeys (ConfUtils.java:logGet(46)) - raft.server.log.segment.size.max = 1048576 (custom)
2022-06-24 23:50:33,635 [pool-783-thread-1] INFO  server.RaftServerConfigKeys (ConfUtils.java:logGet(46)) - raft.server.log.preallocated.size = 16384 (custom)
2022-06-24 23:50:33,635 [pool-783-thread-1] INFO  server.RaftServerConfigKeys (ConfUtils.java:logGet(46)) - raft.server.log.force.sync.num = 128 (default)
2022-06-24 23:50:33,635 [pool-783-thread-1] INFO  server.RaftServerConfigKeys (ConfUtils.java:logGet(46)) - raft.server.log.statemachine.data.sync = true (default)
2022-06-24 23:50:33,635 [pool-783-thread-1] INFO  server.RaftServerConfigKeys (ConfUtils.java:logGet(46)) - raft.server.log.statemachine.data.sync.timeout = 10s (default)
2022-06-24 23:50:33,635 [pool-783-thread-1] INFO  server.RaftServerConfigKeys (ConfUtils.java:logGet(46)) - raft.server.log.statemachine.data.sync.timeout.retry = -1 (default)
2022-06-24 23:50:33,636 [pool-783-thread-1] INFO  server.RaftServerConfigKeys (ConfUtils.java:logGet(46)) - raft.server.log.write.buffer.size = 1048576 (custom)
2022-06-24 23:50:33,637 [pool-783-thread-1] INFO  server.RaftServerConfigKeys (ConfUtils.java:logGet(46)) - raft.server.log.unsafe-flush.enabled = false (default)
2022-06-24 23:50:33,637 [pool-783-thread-1] INFO  server.RaftServerConfigKeys (ConfUtils.java:logGet(46)) - raft.server.log.statemachine.data.caching.enabled = true (custom)
2022-06-24 23:50:33,637 [pool-783-thread-1] INFO  segmented.SegmentedRaftLogWorker (SegmentedRaftLogWorker.java:lambda$new$0(135)) - e0e9d4ea-e5ff-4cfc-8100-64ee9cc1170c@group-B4568C3885F6-SegmentedRaftLogWorker: flushIndex: setUnconditionally 0 -> -1
2022-06-24 23:50:33,637 [pool-783-thread-1] INFO  segmented.SegmentedRaftLogWorker (SegmentedRaftLogWorker.java:lambda$new$0(135)) - e0e9d4ea-e5ff-4cfc-8100-64ee9cc1170c@group-B4568C3885F6-SegmentedRaftLogWorker: safeCacheEvictIndex: setUnconditionally 0 -> -1
2022-06-24 23:50:33,639 [pool-783-thread-1] INFO  server.RaftServerConfigKeys (ConfUtils.java:logGet(46)) - raft.server.snapshot.auto.trigger.enabled = true (custom)
2022-06-24 23:50:33,639 [pool-783-thread-1] INFO  server.RaftServerConfigKeys (ConfUtils.java:logGet(46)) - raft.server.snapshot.auto.trigger.threshold = 10000 (custom)
2022-06-24 23:50:33,639 [pool-783-thread-1] INFO  server.RaftServerConfigKeys (ConfUtils.java:logGet(46)) - raft.server.snapshot.retention.file.num = 5 (custom)
2022-06-24 23:50:33,639 [pool-783-thread-1] INFO  server.RaftServerConfigKeys (ConfUtils.java:logGet(46)) - raft.server.log.purge.upto.snapshot.index = false (default)
2022-06-24 23:50:33,640 [pool-783-thread-1] INFO  server.RaftServerConfigKeys (ConfUtils.java:logGet(46)) - raft.server.retrycache.expirytime = 600000ms (custom)
2022-06-24 23:50:33,640 [pool-783-thread-1] INFO  server.RaftServerConfigKeys (ConfUtils.java:logGet(46)) - raft.server.retrycache.statistics.expirytime = 100μs (default)
2022-06-24 23:50:33,641 [pool-783-thread-1] INFO  server.RaftServerConfigKeys (ConfUtils.java:logGet(46)) - raft.server.log.appender.install.snapshot.enabled = false (custom)
2022-06-24 23:50:33,641 [pool-783-thread-1] INFO  server.RaftServerConfigKeys (ConfUtils.java:logGet(46)) - raft.server.threadpool.server.cached = true (default)
2022-06-24 23:50:33,641 [pool-783-thread-1] INFO  server.RaftServerConfigKeys (ConfUtils.java:logGet(46)) - raft.server.threadpool.server.size = 0 (default)
2022-06-24 23:50:33,641 [pool-783-thread-1] INFO  server.RaftServerConfigKeys (ConfUtils.java:logGet(46)) - raft.server.threadpool.client.cached = true (default)
2022-06-24 23:50:33,641 [pool-783-thread-1] INFO  server.RaftServerConfigKeys (ConfUtils.java:logGet(46)) - raft.server.threadpool.client.size = 0 (default)
2022-06-24 23:50:33,641 [pool-783-thread-1] INFO  server.RaftServer$Division (RaftServerImpl.java:start(310)) - e0e9d4ea-e5ff-4cfc-8100-64ee9cc1170c@group-B4568C3885F6: start as a follower, conf=-1: [e4b7c23e-ae07-4399-b4c7-5433903d8f4c|rpc:10.1.0.24:37801|priority:0, e0e9d4ea-e5ff-4cfc-8100-64ee9cc1170c|rpc:10.1.0.24:37185|priority:1, aaaf6e37-99bf-4100-a292-78f58d03488b|rpc:10.1.0.24:32839|priority:0], old=null
2022-06-24 23:50:33,641 [pool-783-thread-1] INFO  server.RaftServer$Division (RaftServerImpl.java:setRole(299)) - e0e9d4ea-e5ff-4cfc-8100-64ee9cc1170c@group-B4568C3885F6: changes role from      null to FOLLOWER at term 0 for startAsFollower
2022-06-24 23:50:33,641 [pool-783-thread-1] INFO  impl.RoleInfo (RoleInfo.java:updateAndGet(139)) - e0e9d4ea-e5ff-4cfc-8100-64ee9cc1170c: start e0e9d4ea-e5ff-4cfc-8100-64ee9cc1170c@group-B4568C3885F6-FollowerState
2022-06-24 23:50:33,648 [pool-783-thread-1] INFO  util.JmxRegister (JmxRegister.java:tryRegister(44)) - Successfully registered JMX Bean with object name Ratis:service=RaftServer,group=group-B4568C3885F6,id=e0e9d4ea-e5ff-4cfc-8100-64ee9cc1170c
2022-06-24 23:50:33,649 [Command processor thread] INFO  ratis.XceiverServerRatis (XceiverServerRatis.java:addGroup(765)) - Created group PipelineID=11ed04e3-e629-4a28-9b8b-b4568c3885f6
2022-06-24 23:50:33,737 [grpc-default-executor-0] INFO  server.RaftServer (RaftServerProxy.java:addNew(96)) - aaaf6e37-99bf-4100-a292-78f58d03488b: addNew group-B4568C3885F6:[e4b7c23e-ae07-4399-b4c7-5433903d8f4c|rpc:10.1.0.24:37801|dataStream:|priority:0, e0e9d4ea-e5ff-4cfc-8100-64ee9cc1170c|rpc:10.1.0.24:37185|dataStream:|priority:1, aaaf6e37-99bf-4100-a292-78f58d03488b|rpc:10.1.0.24:32839|dataStream:|priority:0] returns group-B4568C3885F6:java.util.concurrent.CompletableFuture@4dc7bc9a[Not completed]
2022-06-24 23:50:33,738 [pool-829-thread-1] INFO  server.RaftServer$Division (RaftServerImpl.java:<init>(190)) - aaaf6e37-99bf-4100-a292-78f58d03488b: new RaftServerImpl for group-B4568C3885F6:[e4b7c23e-ae07-4399-b4c7-5433903d8f4c|rpc:10.1.0.24:37801|dataStream:|priority:0, e0e9d4ea-e5ff-4cfc-8100-64ee9cc1170c|rpc:10.1.0.24:37185|dataStream:|priority:1, aaaf6e37-99bf-4100-a292-78f58d03488b|rpc:10.1.0.24:32839|dataStream:|priority:0] with ContainerStateMachine:uninitialized
2022-06-24 23:50:33,738 [pool-829-thread-1] INFO  server.RaftServerConfigKeys (ConfUtils.java:logGet(46)) - raft.server.rpc.timeout.min = 5s (custom)
2022-06-24 23:50:33,738 [pool-829-thread-1] INFO  server.RaftServerConfigKeys (ConfUtils.java:logGet(46)) - raft.server.rpc.timeout.max = 5200ms (custom)
2022-06-24 23:50:33,738 [pool-829-thread-1] INFO  server.RaftServerConfigKeys (ConfUtils.java:logGet(46)) - raft.server.rpc.sleep.time = 25ms (default)
2022-06-24 23:50:33,738 [pool-829-thread-1] INFO  server.RaftServerConfigKeys (ConfUtils.java:logGet(46)) - raft.server.rpc.slowness.timeout = 300s (custom)
2022-06-24 23:50:33,738 [pool-829-thread-1] INFO  server.RaftServerConfigKeys (ConfUtils.java:logGet(46)) - raft.server.leaderelection.leader.step-down.wait-time = 10s (default)
2022-06-24 23:50:33,738 [pool-829-thread-1] INFO  server.RaftServerConfigKeys (ConfUtils.java:logGet(46)) - raft.server.sleep.deviation.threshold = 300ms (default)
2022-06-24 23:50:33,738 [pool-829-thread-1] INFO  server.RaftServer$Division (ServerState.java:<init>(107)) - aaaf6e37-99bf-4100-a292-78f58d03488b@group-B4568C3885F6: ConfigurationManager, init=-1: [e4b7c23e-ae07-4399-b4c7-5433903d8f4c|rpc:10.1.0.24:37801|dataStream:|priority:0, e0e9d4ea-e5ff-4cfc-8100-64ee9cc1170c|rpc:10.1.0.24:37185|dataStream:|priority:1, aaaf6e37-99bf-4100-a292-78f58d03488b|rpc:10.1.0.24:32839|dataStream:|priority:0], old=null, confs=<EMPTY_MAP>
2022-06-24 23:50:33,738 [pool-829-thread-1] INFO  server.RaftServerConfigKeys (ConfUtils.java:logGet(46)) - raft.server.storage.dir = [/home/runner/work/ozone/ozone/hadoop-ozone/integration-test/target/test-dir/MiniOzoneClusterImpl-fde6c995-fd32-43d9-9d96-6dc5d052cd3d/datanode-2/data/ratis] (custom)
2022-06-24 23:50:33,738 [pool-829-thread-1] INFO  server.RaftServerConfigKeys (ConfUtils.java:logGet(46)) - raft.server.log.corruption.policy = EXCEPTION (default)
2022-06-24 23:50:33,739 [pool-829-thread-1] INFO  server.RaftServerConfigKeys (ConfUtils.java:logGet(46)) - raft.server.storage.free-space.min = 0MB (=0) (default)
2022-06-24 23:50:33,739 [pool-829-thread-1] INFO  storage.RaftStorageDirectory (RaftStorageDirectoryImpl.java:analyzeStorage(135)) - The storage directory /home/runner/work/ozone/ozone/hadoop-ozone/integration-test/target/test-dir/MiniOzoneClusterImpl-fde6c995-fd32-43d9-9d96-6dc5d052cd3d/datanode-2/data/ratis/11ed04e3-e629-4a28-9b8b-b4568c3885f6 does not exist. Creating ...
2022-06-24 23:50:33,740 [pool-829-thread-1] INFO  storage.RaftStorageDirectory (RaftStorageDirectoryImpl.java:tryLock(230)) - Lock on /home/runner/work/ozone/ozone/hadoop-ozone/integration-test/target/test-dir/MiniOzoneClusterImpl-fde6c995-fd32-43d9-9d96-6dc5d052cd3d/datanode-2/data/ratis/11ed04e3-e629-4a28-9b8b-b4568c3885f6/in_use.lock acquired by nodename 11308@fv-az21-224
2022-06-24 23:50:33,743 [pool-829-thread-1] INFO  storage.RaftStorage (RaftStorageImpl.java:format(89)) - Storage directory /home/runner/work/ozone/ozone/hadoop-ozone/integration-test/target/test-dir/MiniOzoneClusterImpl-fde6c995-fd32-43d9-9d96-6dc5d052cd3d/datanode-2/data/ratis/11ed04e3-e629-4a28-9b8b-b4568c3885f6 has been successfully formatted.
2022-06-24 23:50:33,743 [pool-829-thread-1] INFO  ratis.ContainerStateMachine (ContainerStateMachine.java:loadSnapshot(236)) - group-B4568C3885F6: The snapshot info is null. Setting the last applied indexto:(t:0, i:~)
2022-06-24 23:50:33,744 [pool-829-thread-1] INFO  server.RaftServerConfigKeys (ConfUtils.java:logGet(46)) - raft.server.notification.no-leader.timeout = 300s (custom)
2022-06-24 23:50:33,744 [pool-829-thread-1] INFO  server.RaftServerConfigKeys (ConfUtils.java:logGet(46)) - raft.server.log.use.memory = false (default)
2022-06-24 23:50:33,744 [pool-829-thread-1] INFO  server.RaftServerConfigKeys (ConfUtils.java:logGet(46)) - raft.server.log.purge.gap = 1000000 (custom)
2022-06-24 23:50:33,744 [pool-829-thread-1] INFO  server.RaftServerConfigKeys (ConfUtils.java:logGet(46)) - raft.server.log.appender.buffer.byte-limit = 33554432 (custom)
2022-06-24 23:50:33,744 [pool-829-thread-1] INFO  server.RaftServerConfigKeys (ConfUtils.java:logGet(46)) - raft.server.log.statemachine.data.read.timeout = 1000ms (default)
2022-06-24 23:50:33,744 [pool-829-thread-1] INFO  server.RaftServerConfigKeys (ConfUtils.java:logGet(46)) - raft.server.log.segment.size.max = 1048576 (custom)
2022-06-24 23:50:33,745 [pool-829-thread-1] INFO  server.RaftServerConfigKeys (ConfUtils.java:logGet(46)) - raft.server.log.segment.cache.num.max = 2 (custom)
2022-06-24 23:50:33,745 [pool-829-thread-1] INFO  server.RaftServerConfigKeys (ConfUtils.java:logGet(46)) - raft.server.log.segment.cache.size.max = 200MB (=209715200) (default)
2022-06-24 23:50:33,745 [pool-829-thread-1] INFO  segmented.SegmentedRaftLogWorker (SegmentedRaftLogWorker.java:<init>(187)) - new aaaf6e37-99bf-4100-a292-78f58d03488b@group-B4568C3885F6-SegmentedRaftLogWorker for RaftStorageImpl:Storage Directory /home/runner/work/ozone/ozone/hadoop-ozone/integration-test/target/test-dir/MiniOzoneClusterImpl-fde6c995-fd32-43d9-9d96-6dc5d052cd3d/datanode-2/data/ratis/11ed04e3-e629-4a28-9b8b-b4568c3885f6
2022-06-24 23:50:33,745 [pool-829-thread-1] INFO  server.RaftServerConfigKeys (ConfUtils.java:logGet(46)) - raft.server.log.queue.byte-limit = 4294967296 (custom)
2022-06-24 23:50:33,745 [pool-829-thread-1] INFO  server.RaftServerConfigKeys (ConfUtils.java:logGet(46)) - raft.server.log.queue.element-limit = 1024 (custom)
2022-06-24 23:50:33,745 [pool-829-thread-1] INFO  server.RaftServerConfigKeys (ConfUtils.java:logGet(46)) - raft.server.log.segment.size.max = 1048576 (custom)
2022-06-24 23:50:33,745 [pool-829-thread-1] INFO  server.RaftServerConfigKeys (ConfUtils.java:logGet(46)) - raft.server.log.preallocated.size = 16384 (custom)
2022-06-24 23:50:33,745 [pool-829-thread-1] INFO  server.RaftServerConfigKeys (ConfUtils.java:logGet(46)) - raft.server.log.force.sync.num = 128 (default)
2022-06-24 23:50:33,745 [pool-829-thread-1] INFO  server.RaftServerConfigKeys (ConfUtils.java:logGet(46)) - raft.server.log.statemachine.data.sync = true (default)
2022-06-24 23:50:33,745 [pool-829-thread-1] INFO  server.RaftServerConfigKeys (ConfUtils.java:logGet(46)) - raft.server.log.statemachine.data.sync.timeout = 10s (default)
2022-06-24 23:50:33,745 [pool-829-thread-1] INFO  server.RaftServerConfigKeys (ConfUtils.java:logGet(46)) - raft.server.log.statemachine.data.sync.timeout.retry = -1 (default)
2022-06-24 23:50:33,746 [pool-829-thread-1] INFO  server.RaftServerConfigKeys (ConfUtils.java:logGet(46)) - raft.server.log.write.buffer.size = 1048576 (custom)
2022-06-24 23:50:33,746 [pool-829-thread-1] INFO  server.RaftServerConfigKeys (ConfUtils.java:logGet(46)) - raft.server.log.unsafe-flush.enabled = false (default)
2022-06-24 23:50:33,746 [pool-829-thread-1] INFO  server.RaftServerConfigKeys (ConfUtils.java:logGet(46)) - raft.server.log.statemachine.data.caching.enabled = true (custom)
2022-06-24 23:50:33,746 [pool-829-thread-1] INFO  segmented.SegmentedRaftLogWorker (SegmentedRaftLogWorker.java:lambda$new$0(135)) - aaaf6e37-99bf-4100-a292-78f58d03488b@group-B4568C3885F6-SegmentedRaftLogWorker: flushIndex: setUnconditionally 0 -> -1
2022-06-24 23:50:33,746 [pool-829-thread-1] INFO  segmented.SegmentedRaftLogWorker (SegmentedRaftLogWorker.java:lambda$new$0(135)) - aaaf6e37-99bf-4100-a292-78f58d03488b@group-B4568C3885F6-SegmentedRaftLogWorker: safeCacheEvictIndex: setUnconditionally 0 -> -1
2022-06-24 23:50:33,758 [pool-829-thread-1] INFO  server.RaftServerConfigKeys (ConfUtils.java:logGet(46)) - raft.server.snapshot.auto.trigger.enabled = true (custom)
2022-06-24 23:50:33,758 [pool-829-thread-1] INFO  server.RaftServerConfigKeys (ConfUtils.java:logGet(46)) - raft.server.snapshot.auto.trigger.threshold = 10000 (custom)
2022-06-24 23:50:33,758 [pool-829-thread-1] INFO  server.RaftServerConfigKeys (ConfUtils.java:logGet(46)) - raft.server.snapshot.retention.file.num = 5 (custom)
2022-06-24 23:50:33,758 [pool-829-thread-1] INFO  server.RaftServerConfigKeys (ConfUtils.java:logGet(46)) - raft.server.log.purge.upto.snapshot.index = false (default)
2022-06-24 23:50:33,758 [pool-829-thread-1] INFO  server.RaftServerConfigKeys (ConfUtils.java:logGet(46)) - raft.server.retrycache.expirytime = 600000ms (custom)
2022-06-24 23:50:33,758 [pool-829-thread-1] INFO  server.RaftServerConfigKeys (ConfUtils.java:logGet(46)) - raft.server.retrycache.statistics.expirytime = 100μs (default)
2022-06-24 23:50:33,760 [pool-829-thread-1] INFO  server.RaftServerConfigKeys (ConfUtils.java:logGet(46)) - raft.server.log.appender.install.snapshot.enabled = false (custom)
2022-06-24 23:50:33,760 [pool-829-thread-1] INFO  server.RaftServerConfigKeys (ConfUtils.java:logGet(46)) - raft.server.threadpool.server.cached = true (default)
2022-06-24 23:50:33,760 [pool-829-thread-1] INFO  server.RaftServerConfigKeys (ConfUtils.java:logGet(46)) - raft.server.threadpool.server.size = 0 (default)
2022-06-24 23:50:33,760 [pool-829-thread-1] INFO  server.RaftServerConfigKeys (ConfUtils.java:logGet(46)) - raft.server.threadpool.client.cached = true (default)
2022-06-24 23:50:33,760 [pool-829-thread-1] INFO  server.RaftServerConfigKeys (ConfUtils.java:logGet(46)) - raft.server.threadpool.client.size = 0 (default)
2022-06-24 23:50:33,760 [pool-829-thread-1] INFO  server.RaftServer$Division (RaftServerImpl.java:start(310)) - aaaf6e37-99bf-4100-a292-78f58d03488b@group-B4568C3885F6: start as a follower, conf=-1: [e4b7c23e-ae07-4399-b4c7-5433903d8f4c|rpc:10.1.0.24:37801|dataStream:|priority:0, e0e9d4ea-e5ff-4cfc-8100-64ee9cc1170c|rpc:10.1.0.24:37185|dataStream:|priority:1, aaaf6e37-99bf-4100-a292-78f58d03488b|rpc:10.1.0.24:32839|dataStream:|priority:0], old=null
2022-06-24 23:50:33,760 [pool-829-thread-1] INFO  server.RaftServer$Division (RaftServerImpl.java:setRole(299)) - aaaf6e37-99bf-4100-a292-78f58d03488b@group-B4568C3885F6: changes role from      null to FOLLOWER at term 0 for startAsFollower
2022-06-24 23:50:33,760 [pool-829-thread-1] INFO  impl.RoleInfo (RoleInfo.java:updateAndGet(139)) - aaaf6e37-99bf-4100-a292-78f58d03488b: start aaaf6e37-99bf-4100-a292-78f58d03488b@group-B4568C3885F6-FollowerState
2022-06-24 23:50:33,764 [pool-829-thread-1] INFO  util.JmxRegister (JmxRegister.java:tryRegister(44)) - Successfully registered JMX Bean with object name Ratis:service=RaftServer,group=group-B4568C3885F6,id=aaaf6e37-99bf-4100-a292-78f58d03488b
2022-06-24 23:50:33,846 [grpc-default-executor-0] INFO  server.RaftServer (RaftServerProxy.java:addNew(96)) - e4b7c23e-ae07-4399-b4c7-5433903d8f4c: addNew group-B4568C3885F6:[e4b7c23e-ae07-4399-b4c7-5433903d8f4c|rpc:10.1.0.24:37801|dataStream:|priority:0, e0e9d4ea-e5ff-4cfc-8100-64ee9cc1170c|rpc:10.1.0.24:37185|dataStream:|priority:1, aaaf6e37-99bf-4100-a292-78f58d03488b|rpc:10.1.0.24:32839|dataStream:|priority:0] returns group-B4568C3885F6:java.util.concurrent.CompletableFuture@48b79c7b[Not completed]
2022-06-24 23:50:33,847 [pool-806-thread-1] INFO  server.RaftServer$Division (RaftServerImpl.java:<init>(190)) - e4b7c23e-ae07-4399-b4c7-5433903d8f4c: new RaftServerImpl for group-B4568C3885F6:[e4b7c23e-ae07-4399-b4c7-5433903d8f4c|rpc:10.1.0.24:37801|dataStream:|priority:0, e0e9d4ea-e5ff-4cfc-8100-64ee9cc1170c|rpc:10.1.0.24:37185|dataStream:|priority:1, aaaf6e37-99bf-4100-a292-78f58d03488b|rpc:10.1.0.24:32839|dataStream:|priority:0] with ContainerStateMachine:uninitialized
2022-06-24 23:50:33,847 [pool-806-thread-1] INFO  server.RaftServerConfigKeys (ConfUtils.java:logGet(46)) - raft.server.rpc.timeout.min = 5s (custom)
2022-06-24 23:50:33,847 [pool-806-thread-1] INFO  server.RaftServerConfigKeys (ConfUtils.java:logGet(46)) - raft.server.rpc.timeout.max = 5200ms (custom)
2022-06-24 23:50:33,847 [pool-806-thread-1] INFO  server.RaftServerConfigKeys (ConfUtils.java:logGet(46)) - raft.server.rpc.sleep.time = 25ms (default)
2022-06-24 23:50:33,847 [pool-806-thread-1] INFO  server.RaftServerConfigKeys (ConfUtils.java:logGet(46)) - raft.server.rpc.slowness.timeout = 300s (custom)
2022-06-24 23:50:33,847 [pool-806-thread-1] INFO  server.RaftServerConfigKeys (ConfUtils.java:logGet(46)) - raft.server.leaderelection.leader.step-down.wait-time = 10s (default)
2022-06-24 23:50:33,847 [pool-806-thread-1] INFO  server.RaftServerConfigKeys (ConfUtils.java:logGet(46)) - raft.server.sleep.deviation.threshold = 300ms (default)
2022-06-24 23:50:33,847 [pool-806-thread-1] INFO  server.RaftServer$Division (ServerState.java:<init>(107)) - e4b7c23e-ae07-4399-b4c7-5433903d8f4c@group-B4568C3885F6: ConfigurationManager, init=-1: [e4b7c23e-ae07-4399-b4c7-5433903d8f4c|rpc:10.1.0.24:37801|dataStream:|priority:0, e0e9d4ea-e5ff-4cfc-8100-64ee9cc1170c|rpc:10.1.0.24:37185|dataStream:|priority:1, aaaf6e37-99bf-4100-a292-78f58d03488b|rpc:10.1.0.24:32839|dataStream:|priority:0], old=null, confs=<EMPTY_MAP>
2022-06-24 23:50:33,848 [pool-806-thread-1] INFO  server.RaftServerConfigKeys (ConfUtils.java:logGet(46)) - raft.server.storage.dir = [/home/runner/work/ozone/ozone/hadoop-ozone/integration-test/target/test-dir/MiniOzoneClusterImpl-fde6c995-fd32-43d9-9d96-6dc5d052cd3d/datanode-1/data/ratis] (custom)
2022-06-24 23:50:33,848 [pool-806-thread-1] INFO  server.RaftServerConfigKeys (ConfUtils.java:logGet(46)) - raft.server.log.corruption.policy = EXCEPTION (default)
2022-06-24 23:50:33,848 [pool-806-thread-1] INFO  server.RaftServerConfigKeys (ConfUtils.java:logGet(46)) - raft.server.storage.free-space.min = 0MB (=0) (default)
2022-06-24 23:50:33,848 [pool-806-thread-1] INFO  storage.RaftStorageDirectory (RaftStorageDirectoryImpl.java:analyzeStorage(135)) - The storage directory /home/runner/work/ozone/ozone/hadoop-ozone/integration-test/target/test-dir/MiniOzoneClusterImpl-fde6c995-fd32-43d9-9d96-6dc5d052cd3d/datanode-1/data/ratis/11ed04e3-e629-4a28-9b8b-b4568c3885f6 does not exist. Creating ...
2022-06-24 23:50:33,859 [pool-806-thread-1] INFO  storage.RaftStorageDirectory (RaftStorageDirectoryImpl.java:tryLock(230)) - Lock on /home/runner/work/ozone/ozone/hadoop-ozone/integration-test/target/test-dir/MiniOzoneClusterImpl-fde6c995-fd32-43d9-9d96-6dc5d052cd3d/datanode-1/data/ratis/11ed04e3-e629-4a28-9b8b-b4568c3885f6/in_use.lock acquired by nodename 11308@fv-az21-224
2022-06-24 23:50:33,867 [pool-806-thread-1] INFO  storage.RaftStorage (RaftStorageImpl.java:format(89)) - Storage directory /home/runner/work/ozone/ozone/hadoop-ozone/integration-test/target/test-dir/MiniOzoneClusterImpl-fde6c995-fd32-43d9-9d96-6dc5d052cd3d/datanode-1/data/ratis/11ed04e3-e629-4a28-9b8b-b4568c3885f6 has been successfully formatted.
2022-06-24 23:50:33,868 [pool-806-thread-1] INFO  ratis.ContainerStateMachine (ContainerStateMachine.java:loadSnapshot(236)) - group-B4568C3885F6: The snapshot info is null. Setting the last applied indexto:(t:0, i:~)
2022-06-24 23:50:33,868 [pool-806-thread-1] INFO  server.RaftServerConfigKeys (ConfUtils.java:logGet(46)) - raft.server.notification.no-leader.timeout = 300s (custom)
2022-06-24 23:50:33,868 [pool-806-thread-1] INFO  server.RaftServerConfigKeys (ConfUtils.java:logGet(46)) - raft.server.log.use.memory = false (default)
2022-06-24 23:50:33,868 [pool-806-thread-1] INFO  server.RaftServerConfigKeys (ConfUtils.java:logGet(46)) - raft.server.log.purge.gap = 1000000 (custom)
2022-06-24 23:50:33,868 [pool-806-thread-1] INFO  server.RaftServerConfigKeys (ConfUtils.java:logGet(46)) - raft.server.log.appender.buffer.byte-limit = 33554432 (custom)
2022-06-24 23:50:33,868 [pool-806-thread-1] INFO  server.RaftServerConfigKeys (ConfUtils.java:logGet(46)) - raft.server.log.statemachine.data.read.timeout = 1000ms (default)
2022-06-24 23:50:33,868 [pool-806-thread-1] INFO  server.RaftServerConfigKeys (ConfUtils.java:logGet(46)) - raft.server.log.segment.size.max = 1048576 (custom)
2022-06-24 23:50:33,869 [pool-806-thread-1] INFO  server.RaftServerConfigKeys (ConfUtils.java:logGet(46)) - raft.server.log.segment.cache.num.max = 2 (custom)
2022-06-24 23:50:33,869 [pool-806-thread-1] INFO  server.RaftServerConfigKeys (ConfUtils.java:logGet(46)) - raft.server.log.segment.cache.size.max = 200MB (=209715200) (default)
2022-06-24 23:50:33,869 [pool-806-thread-1] INFO  segmented.SegmentedRaftLogWorker (SegmentedRaftLogWorker.java:<init>(187)) - new e4b7c23e-ae07-4399-b4c7-5433903d8f4c@group-B4568C3885F6-SegmentedRaftLogWorker for RaftStorageImpl:Storage Directory /home/runner/work/ozone/ozone/hadoop-ozone/integration-test/target/test-dir/MiniOzoneClusterImpl-fde6c995-fd32-43d9-9d96-6dc5d052cd3d/datanode-1/data/ratis/11ed04e3-e629-4a28-9b8b-b4568c3885f6
2022-06-24 23:50:33,869 [pool-806-thread-1] INFO  server.RaftServerConfigKeys (ConfUtils.java:logGet(46)) - raft.server.log.queue.byte-limit = 4294967296 (custom)
2022-06-24 23:50:33,869 [pool-806-thread-1] INFO  server.RaftServerConfigKeys (ConfUtils.java:logGet(46)) - raft.server.log.queue.element-limit = 1024 (custom)
2022-06-24 23:50:33,869 [pool-806-thread-1] INFO  server.RaftServerConfigKeys (ConfUtils.java:logGet(46)) - raft.server.log.segment.size.max = 1048576 (custom)
2022-06-24 23:50:33,869 [pool-806-thread-1] INFO  server.RaftServerConfigKeys (ConfUtils.java:logGet(46)) - raft.server.log.preallocated.size = 16384 (custom)
2022-06-24 23:50:33,869 [pool-806-thread-1] INFO  server.RaftServerConfigKeys (ConfUtils.java:logGet(46)) - raft.server.log.force.sync.num = 128 (default)
2022-06-24 23:50:33,869 [pool-806-thread-1] INFO  server.RaftServerConfigKeys (ConfUtils.java:logGet(46)) - raft.server.log.statemachine.data.sync = true (default)
2022-06-24 23:50:33,869 [pool-806-thread-1] INFO  server.RaftServerConfigKeys (ConfUtils.java:logGet(46)) - raft.server.log.statemachine.data.sync.timeout = 10s (default)
2022-06-24 23:50:33,869 [pool-806-thread-1] INFO  server.RaftServerConfigKeys (ConfUtils.java:logGet(46)) - raft.server.log.statemachine.data.sync.timeout.retry = -1 (default)
2022-06-24 23:50:33,870 [pool-806-thread-1] INFO  server.RaftServerConfigKeys (ConfUtils.java:logGet(46)) - raft.server.log.write.buffer.size = 1048576 (custom)
2022-06-24 23:50:33,870 [pool-806-thread-1] INFO  server.RaftServerConfigKeys (ConfUtils.java:logGet(46)) - raft.server.log.unsafe-flush.enabled = false (default)
2022-06-24 23:50:33,870 [pool-806-thread-1] INFO  server.RaftServerConfigKeys (ConfUtils.java:logGet(46)) - raft.server.log.statemachine.data.caching.enabled = true (custom)
2022-06-24 23:50:33,870 [pool-806-thread-1] INFO  segmented.SegmentedRaftLogWorker (SegmentedRaftLogWorker.java:lambda$new$0(135)) - e4b7c23e-ae07-4399-b4c7-5433903d8f4c@group-B4568C3885F6-SegmentedRaftLogWorker: flushIndex: setUnconditionally 0 -> -1
2022-06-24 23:50:33,870 [pool-806-thread-1] INFO  segmented.SegmentedRaftLogWorker (SegmentedRaftLogWorker.java:lambda$new$0(135)) - e4b7c23e-ae07-4399-b4c7-5433903d8f4c@group-B4568C3885F6-SegmentedRaftLogWorker: safeCacheEvictIndex: setUnconditionally 0 -> -1
2022-06-24 23:50:33,889 [pool-806-thread-1] INFO  server.RaftServerConfigKeys (ConfUtils.java:logGet(46)) - raft.server.snapshot.auto.trigger.enabled = true (custom)
2022-06-24 23:50:33,889 [pool-806-thread-1] INFO  server.RaftServerConfigKeys (ConfUtils.java:logGet(46)) - raft.server.snapshot.auto.trigger.threshold = 10000 (custom)
2022-06-24 23:50:33,889 [pool-806-thread-1] INFO  server.RaftServerConfigKeys (ConfUtils.java:logGet(46)) - raft.server.snapshot.retention.file.num = 5 (custom)
2022-06-24 23:50:33,889 [pool-806-thread-1] INFO  server.RaftServerConfigKeys (ConfUtils.java:logGet(46)) - raft.server.log.purge.upto.snapshot.index = false (default)
2022-06-24 23:50:33,889 [pool-806-thread-1] INFO  server.RaftServerConfigKeys (ConfUtils.java:logGet(46)) - raft.server.retrycache.expirytime = 600000ms (custom)
2022-06-24 23:50:33,889 [pool-806-thread-1] INFO  server.RaftServerConfigKeys (ConfUtils.java:logGet(46)) - raft.server.retrycache.statistics.expirytime = 100μs (default)
2022-06-24 23:50:33,890 [pool-806-thread-1] INFO  server.RaftServerConfigKeys (ConfUtils.java:logGet(46)) - raft.server.log.appender.install.snapshot.enabled = false (custom)
2022-06-24 23:50:33,890 [pool-806-thread-1] INFO  server.RaftServerConfigKeys (ConfUtils.java:logGet(46)) - raft.server.threadpool.server.cached = true (default)
2022-06-24 23:50:33,890 [pool-806-thread-1] INFO  server.RaftServerConfigKeys (ConfUtils.java:logGet(46)) - raft.server.threadpool.server.size = 0 (default)
2022-06-24 23:50:33,890 [pool-806-thread-1] INFO  server.RaftServerConfigKeys (ConfUtils.java:logGet(46)) - raft.server.threadpool.client.cached = true (default)
2022-06-24 23:50:33,891 [pool-806-thread-1] INFO  server.RaftServerConfigKeys (ConfUtils.java:logGet(46)) - raft.server.threadpool.client.size = 0 (default)
2022-06-24 23:50:33,891 [pool-806-thread-1] INFO  server.RaftServer$Division (RaftServerImpl.java:start(310)) - e4b7c23e-ae07-4399-b4c7-5433903d8f4c@group-B4568C3885F6: start as a follower, conf=-1: [e4b7c23e-ae07-4399-b4c7-5433903d8f4c|rpc:10.1.0.24:37801|dataStream:|priority:0, e0e9d4ea-e5ff-4cfc-8100-64ee9cc1170c|rpc:10.1.0.24:37185|dataStream:|priority:1, aaaf6e37-99bf-4100-a292-78f58d03488b|rpc:10.1.0.24:32839|dataStream:|priority:0], old=null
2022-06-24 23:50:33,891 [pool-806-thread-1] INFO  server.RaftServer$Division (RaftServerImpl.java:setRole(299)) - e4b7c23e-ae07-4399-b4c7-5433903d8f4c@group-B4568C3885F6: changes role from      null to FOLLOWER at term 0 for startAsFollower
2022-06-24 23:50:33,891 [pool-806-thread-1] INFO  impl.RoleInfo (RoleInfo.java:updateAndGet(139)) - e4b7c23e-ae07-4399-b4c7-5433903d8f4c: start e4b7c23e-ae07-4399-b4c7-5433903d8f4c@group-B4568C3885F6-FollowerState
2022-06-24 23:50:33,896 [pool-806-thread-1] INFO  util.JmxRegister (JmxRegister.java:tryRegister(44)) - Successfully registered JMX Bean with object name Ratis:service=RaftServer,group=group-B4568C3885F6,id=e4b7c23e-ae07-4399-b4c7-5433903d8f4c
2022-06-24 23:50:33,951 [Command processor thread] INFO  commandhandler.CreatePipelineCommandHandler (CreatePipelineCommandHandler.java:handle(113)) - Created Pipeline RATIS THREE PipelineID=11ed04e3-e629-4a28-9b8b-b4568c3885f6.
2022-06-24 23:50:34,115 [Command processor thread] INFO  server.RaftServer (RaftServerProxy.java:addNew(96)) - e4b7c23e-ae07-4399-b4c7-5433903d8f4c: addNew group-F43FB6E5EF52:[e4b7c23e-ae07-4399-b4c7-5433903d8f4c|rpc:10.1.0.24:37801|priority:1] returns group-F43FB6E5EF52:java.util.concurrent.CompletableFuture@129e487e[Not completed]
2022-06-24 23:50:34,116 [pool-806-thread-1] INFO  server.RaftServer$Division (RaftServerImpl.java:<init>(190)) - e4b7c23e-ae07-4399-b4c7-5433903d8f4c: new RaftServerImpl for group-F43FB6E5EF52:[e4b7c23e-ae07-4399-b4c7-5433903d8f4c|rpc:10.1.0.24:37801|priority:1] with ContainerStateMachine:uninitialized
2022-06-24 23:50:34,116 [pool-806-thread-1] INFO  server.RaftServerConfigKeys (ConfUtils.java:logGet(46)) - raft.server.rpc.timeout.min = 5s (custom)
2022-06-24 23:50:34,116 [pool-806-thread-1] INFO  server.RaftServerConfigKeys (ConfUtils.java:logGet(46)) - raft.server.rpc.timeout.max = 5200ms (custom)
2022-06-24 23:50:34,116 [pool-806-thread-1] INFO  server.RaftServerConfigKeys (ConfUtils.java:logGet(46)) - raft.server.rpc.sleep.time = 25ms (default)
2022-06-24 23:50:34,116 [pool-806-thread-1] INFO  server.RaftServerConfigKeys (ConfUtils.java:logGet(46)) - raft.server.rpc.slowness.timeout = 300s (custom)
2022-06-24 23:50:34,116 [pool-806-thread-1] INFO  server.RaftServerConfigKeys (ConfUtils.java:logGet(46)) - raft.server.leaderelection.leader.step-down.wait-time = 10s (default)
2022-06-24 23:50:34,116 [pool-806-thread-1] INFO  server.RaftServerConfigKeys (ConfUtils.java:logGet(46)) - raft.server.sleep.deviation.threshold = 300ms (default)
2022-06-24 23:50:34,116 [pool-806-thread-1] INFO  server.RaftServer$Division (ServerState.java:<init>(107)) - e4b7c23e-ae07-4399-b4c7-5433903d8f4c@group-F43FB6E5EF52: ConfigurationManager, init=-1: [e4b7c23e-ae07-4399-b4c7-5433903d8f4c|rpc:10.1.0.24:37801|priority:1], old=null, confs=<EMPTY_MAP>
2022-06-24 23:50:34,117 [pool-806-thread-1] INFO  server.RaftServerConfigKeys (ConfUtils.java:logGet(46)) - raft.server.storage.dir = [/home/runner/work/ozone/ozone/hadoop-ozone/integration-test/target/test-dir/MiniOzoneClusterImpl-fde6c995-fd32-43d9-9d96-6dc5d052cd3d/datanode-1/data/ratis] (custom)
2022-06-24 23:50:34,117 [pool-806-thread-1] INFO  server.RaftServerConfigKeys (ConfUtils.java:logGet(46)) - raft.server.log.corruption.policy = EXCEPTION (default)
2022-06-24 23:50:34,117 [pool-806-thread-1] INFO  server.RaftServerConfigKeys (ConfUtils.java:logGet(46)) - raft.server.storage.free-space.min = 0MB (=0) (default)
2022-06-24 23:50:34,117 [pool-806-thread-1] INFO  storage.RaftStorageDirectory (RaftStorageDirectoryImpl.java:analyzeStorage(135)) - The storage directory /home/runner/work/ozone/ozone/hadoop-ozone/integration-test/target/test-dir/MiniOzoneClusterImpl-fde6c995-fd32-43d9-9d96-6dc5d052cd3d/datanode-1/data/ratis/7ee92b31-17d9-40ba-adfa-f43fb6e5ef52 does not exist. Creating ...
2022-06-24 23:50:34,119 [pool-806-thread-1] INFO  storage.RaftStorageDirectory (RaftStorageDirectoryImpl.java:tryLock(230)) - Lock on /home/runner/work/ozone/ozone/hadoop-ozone/integration-test/target/test-dir/MiniOzoneClusterImpl-fde6c995-fd32-43d9-9d96-6dc5d052cd3d/datanode-1/data/ratis/7ee92b31-17d9-40ba-adfa-f43fb6e5ef52/in_use.lock acquired by nodename 11308@fv-az21-224
2022-06-24 23:50:34,128 [pool-806-thread-1] INFO  storage.RaftStorage (RaftStorageImpl.java:format(89)) - Storage directory /home/runner/work/ozone/ozone/hadoop-ozone/integration-test/target/test-dir/MiniOzoneClusterImpl-fde6c995-fd32-43d9-9d96-6dc5d052cd3d/datanode-1/data/ratis/7ee92b31-17d9-40ba-adfa-f43fb6e5ef52 has been successfully formatted.
2022-06-24 23:50:34,128 [pool-806-thread-1] INFO  ratis.ContainerStateMachine (ContainerStateMachine.java:loadSnapshot(236)) - group-F43FB6E5EF52: The snapshot info is null. Setting the last applied indexto:(t:0, i:~)
2022-06-24 23:50:34,128 [pool-806-thread-1] INFO  server.RaftServerConfigKeys (ConfUtils.java:logGet(46)) - raft.server.notification.no-leader.timeout = 300s (custom)
2022-06-24 23:50:34,128 [pool-806-thread-1] INFO  server.RaftServerConfigKeys (ConfUtils.java:logGet(46)) - raft.server.log.use.memory = false (default)
2022-06-24 23:50:34,128 [pool-806-thread-1] INFO  server.RaftServerConfigKeys (ConfUtils.java:logGet(46)) - raft.server.log.purge.gap = 1000000 (custom)
2022-06-24 23:50:34,128 [pool-806-thread-1] INFO  server.RaftServerConfigKeys (ConfUtils.java:logGet(46)) - raft.server.log.appender.buffer.byte-limit = 33554432 (custom)
2022-06-24 23:50:34,128 [pool-806-thread-1] INFO  server.RaftServerConfigKeys (ConfUtils.java:logGet(46)) - raft.server.log.statemachine.data.read.timeout = 1000ms (default)
2022-06-24 23:50:34,128 [pool-806-thread-1] INFO  server.RaftServerConfigKeys (ConfUtils.java:logGet(46)) - raft.server.log.segment.size.max = 1048576 (custom)
2022-06-24 23:50:34,129 [pool-806-thread-1] INFO  server.RaftServerConfigKeys (ConfUtils.java:logGet(46)) - raft.server.log.segment.cache.num.max = 2 (custom)
2022-06-24 23:50:34,129 [EventQueue-PipelineReportForPipelineReportHandler] INFO  pipeline.PipelineManagerImpl (PipelineManagerImpl.java:openPipeline(358)) - Pipeline Pipeline[ Id: 7ee92b31-17d9-40ba-adfa-f43fb6e5ef52, Nodes: e4b7c23e-ae07-4399-b4c7-5433903d8f4c{ip: 10.1.0.24, host: fv-az21-224.v4iizcarkezebbfea14bcgzyke.bx.internal.cloudapp.net, ports: [REPLICATION=34437, RATIS=37801, RATIS_ADMIN=37801, RATIS_SERVER=37801, STANDALONE=37619], networkLocation: /default-rack, certSerialId: null, persistedOpState: IN_SERVICE, persistedOpStateExpiryEpochSec: 0}, ReplicationConfig: RATIS/ONE, State:ALLOCATED, leaderId:e4b7c23e-ae07-4399-b4c7-5433903d8f4c, CreationTimestamp2022-06-24T23:50:31.157Z[Etc/UTC]] moved to OPEN state
2022-06-24 23:50:34,137 [EventQueue-OpenPipelineForHealthyPipelineSafeModeRule] INFO  safemode.SCMSafeModeManager (HealthyPipelineSafeModeRule.java:process(124)) - SCM in safe mode. Healthy pipelines reported count is 0, required healthy pipeline reported count is 1
2022-06-24 23:50:34,135 [pool-806-thread-1] INFO  server.RaftServerConfigKeys (ConfUtils.java:logGet(46)) - raft.server.log.segment.cache.size.max = 200MB (=209715200) (default)
2022-06-24 23:50:34,137 [pool-806-thread-1] INFO  segmented.SegmentedRaftLogWorker (SegmentedRaftLogWorker.java:<init>(187)) - new e4b7c23e-ae07-4399-b4c7-5433903d8f4c@group-F43FB6E5EF52-SegmentedRaftLogWorker for RaftStorageImpl:Storage Directory /home/runner/work/ozone/ozone/hadoop-ozone/integration-test/target/test-dir/MiniOzoneClusterImpl-fde6c995-fd32-43d9-9d96-6dc5d052cd3d/datanode-1/data/ratis/7ee92b31-17d9-40ba-adfa-f43fb6e5ef52
2022-06-24 23:50:34,138 [pool-806-thread-1] INFO  server.RaftServerConfigKeys (ConfUtils.java:logGet(46)) - raft.server.log.queue.byte-limit = 4294967296 (custom)
2022-06-24 23:50:34,138 [pool-806-thread-1] INFO  server.RaftServerConfigKeys (ConfUtils.java:logGet(46)) - raft.server.log.queue.element-limit = 1024 (custom)
2022-06-24 23:50:34,138 [pool-806-thread-1] INFO  server.RaftServerConfigKeys (ConfUtils.java:logGet(46)) - raft.server.log.segment.size.max = 1048576 (custom)
2022-06-24 23:50:34,138 [pool-806-thread-1] INFO  server.RaftServerConfigKeys (ConfUtils.java:logGet(46)) - raft.server.log.preallocated.size = 16384 (custom)
2022-06-24 23:50:34,138 [pool-806-thread-1] INFO  server.RaftServerConfigKeys (ConfUtils.java:logGet(46)) - raft.server.log.force.sync.num = 128 (default)
2022-06-24 23:50:34,138 [pool-806-thread-1] INFO  server.RaftServerConfigKeys (ConfUtils.java:logGet(46)) - raft.server.log.statemachine.data.sync = true (default)
2022-06-24 23:50:34,138 [pool-806-thread-1] INFO  server.RaftServerConfigKeys (ConfUtils.java:logGet(46)) - raft.server.log.statemachine.data.sync.timeout = 10s (default)
2022-06-24 23:50:34,138 [pool-806-thread-1] INFO  server.RaftServerConfigKeys (ConfUtils.java:logGet(46)) - raft.server.log.statemachine.data.sync.timeout.retry = -1 (default)
2022-06-24 23:50:34,139 [pool-806-thread-1] INFO  server.RaftServerConfigKeys (ConfUtils.java:logGet(46)) - raft.server.log.write.buffer.size = 1048576 (custom)
2022-06-24 23:50:34,139 [pool-806-thread-1] INFO  server.RaftServerConfigKeys (ConfUtils.java:logGet(46)) - raft.server.log.unsafe-flush.enabled = false (default)
2022-06-24 23:50:34,139 [pool-806-thread-1] INFO  server.RaftServerConfigKeys (ConfUtils.java:logGet(46)) - raft.server.log.statemachine.data.caching.enabled = true (custom)
2022-06-24 23:50:34,139 [pool-806-thread-1] INFO  segmented.SegmentedRaftLogWorker (SegmentedRaftLogWorker.java:lambda$new$0(135)) - e4b7c23e-ae07-4399-b4c7-5433903d8f4c@group-F43FB6E5EF52-SegmentedRaftLogWorker: flushIndex: setUnconditionally 0 -> -1
2022-06-24 23:50:34,139 [pool-806-thread-1] INFO  segmented.SegmentedRaftLogWorker (SegmentedRaftLogWorker.java:lambda$new$0(135)) - e4b7c23e-ae07-4399-b4c7-5433903d8f4c@group-F43FB6E5EF52-SegmentedRaftLogWorker: safeCacheEvictIndex: setUnconditionally 0 -> -1
2022-06-24 23:50:34,157 [pool-806-thread-1] INFO  server.RaftServerConfigKeys (ConfUtils.java:logGet(46)) - raft.server.snapshot.auto.trigger.enabled = true (custom)
2022-06-24 23:50:34,158 [pool-806-thread-1] INFO  server.RaftServerConfigKeys (ConfUtils.java:logGet(46)) - raft.server.snapshot.auto.trigger.threshold = 10000 (custom)
2022-06-24 23:50:34,158 [pool-806-thread-1] INFO  server.RaftServerConfigKeys (ConfUtils.java:logGet(46)) - raft.server.snapshot.retention.file.num = 5 (custom)
2022-06-24 23:50:34,158 [pool-806-thread-1] INFO  server.RaftServerConfigKeys (ConfUtils.java:logGet(46)) - raft.server.log.purge.upto.snapshot.index = false (default)
2022-06-24 23:50:34,158 [pool-806-thread-1] INFO  server.RaftServerConfigKeys (ConfUtils.java:logGet(46)) - raft.server.retrycache.expirytime = 600000ms (custom)
2022-06-24 23:50:34,158 [pool-806-thread-1] INFO  server.RaftServerConfigKeys (ConfUtils.java:logGet(46)) - raft.server.retrycache.statistics.expirytime = 100μs (default)
2022-06-24 23:50:34,176 [pool-806-thread-1] INFO  server.RaftServerConfigKeys (ConfUtils.java:logGet(46)) - raft.server.log.appender.install.snapshot.enabled = false (custom)
2022-06-24 23:50:34,176 [pool-806-thread-1] INFO  server.RaftServerConfigKeys (ConfUtils.java:logGet(46)) - raft.server.threadpool.server.cached = true (default)
2022-06-24 23:50:34,176 [pool-806-thread-1] INFO  server.RaftServerConfigKeys (ConfUtils.java:logGet(46)) - raft.server.threadpool.server.size = 0 (default)
2022-06-24 23:50:34,176 [pool-806-thread-1] INFO  server.RaftServerConfigKeys (ConfUtils.java:logGet(46)) - raft.server.threadpool.client.cached = true (default)
2022-06-24 23:50:34,176 [pool-806-thread-1] INFO  server.RaftServerConfigKeys (ConfUtils.java:logGet(46)) - raft.server.threadpool.client.size = 0 (default)
2022-06-24 23:50:34,176 [pool-806-thread-1] INFO  server.RaftServer$Division (RaftServerImpl.java:start(310)) - e4b7c23e-ae07-4399-b4c7-5433903d8f4c@group-F43FB6E5EF52: start as a follower, conf=-1: [e4b7c23e-ae07-4399-b4c7-5433903d8f4c|rpc:10.1.0.24:37801|priority:1], old=null
2022-06-24 23:50:34,176 [pool-806-thread-1] INFO  server.RaftServer$Division (RaftServerImpl.java:setRole(299)) - e4b7c23e-ae07-4399-b4c7-5433903d8f4c@group-F43FB6E5EF52: changes role from      null to FOLLOWER at term 0 for startAsFollower
2022-06-24 23:50:34,176 [pool-806-thread-1] INFO  impl.RoleInfo (RoleInfo.java:updateAndGet(139)) - e4b7c23e-ae07-4399-b4c7-5433903d8f4c: start e4b7c23e-ae07-4399-b4c7-5433903d8f4c@group-F43FB6E5EF52-FollowerState
2022-06-24 23:50:34,211 [pool-806-thread-1] INFO  util.JmxRegister (JmxRegister.java:tryRegister(44)) - Successfully registered JMX Bean with object name Ratis:service=RaftServer,group=group-F43FB6E5EF52,id=e4b7c23e-ae07-4399-b4c7-5433903d8f4c
2022-06-24 23:50:34,212 [Command processor thread] INFO  ratis.XceiverServerRatis (XceiverServerRatis.java:addGroup(765)) - Created group PipelineID=7ee92b31-17d9-40ba-adfa-f43fb6e5ef52
2022-06-24 23:50:34,212 [Command processor thread] INFO  commandhandler.CreatePipelineCommandHandler (CreatePipelineCommandHandler.java:handle(113)) - Created Pipeline RATIS ONE PipelineID=7ee92b31-17d9-40ba-adfa-f43fb6e5ef52.
2022-06-24 23:50:34,267 [Listener at 127.0.0.1/33563] INFO  ozone.MiniOzoneClusterImpl (MiniOzoneClusterImpl.java:lambda$waitForClusterToBeReady$0(223)) - Waiting for nodes to be ready. Got 4 of 5 DN Heartbeats.
2022-06-24 23:50:34,267 [Listener at 127.0.0.1/33563] INFO  ozone.MiniOzoneClusterImpl (MiniOzoneClusterImpl.java:lambda$waitForClusterToBeReady$0(226)) - Waiting for cluster to exit safe mode
2022-06-24 23:50:34,267 [Listener at 127.0.0.1/33563] INFO  ozone.MiniOzoneClusterImpl (MiniOzoneClusterImpl.java:lambda$waitForClusterToBeReady$0(228)) - SCM became leader
2022-06-24 23:50:34,413 [IPC Server handler 5 on default port 34755] INFO  net.NetworkTopologyImpl (NetworkTopologyImpl.java:add(112)) - Added a new node: /default-rack/4ea7895b-7402-4f6e-ade6-0ab134f10ef5
2022-06-24 23:50:34,413 [IPC Server handler 5 on default port 34755] INFO  node.SCMNodeManager (SCMNodeManager.java:register(397)) - Registered Data node : 4ea7895b-7402-4f6e-ade6-0ab134f10ef5{ip: 10.1.0.24, host: fv-az21-224.v4iizcarkezebbfea14bcgzyke.bx.internal.cloudapp.net, ports: [REPLICATION=34575, RATIS=35267, RATIS_ADMIN=35267, RATIS_SERVER=35267, STANDALONE=41205], networkLocation: /default-rack, certSerialId: null, persistedOpState: null, persistedOpStateExpiryEpochSec: 0}
2022-06-24 23:50:34,414 [EventQueue-NewNodeForNewNodeHandler] INFO  pipeline.BackgroundPipelineCreator (BackgroundPipelineCreator.java:notifyEventTriggered(275)) - trigger a one-shot run on RatisPipelineUtilsThread.
2022-06-24 23:50:34,414 [RatisPipelineUtilsThread - 0] INFO  pipeline.RatisPipelineProvider (RatisPipelineProvider.java:lambda$create$0(195)) - Sending CreatePipelineCommand for pipeline:PipelineID=fe189d9d-29e5-4891-a8ac-addae10bfdad to datanode:4ea7895b-7402-4f6e-ade6-0ab134f10ef5
2022-06-24 23:50:34,415 [RatisPipelineUtilsThread - 0] INFO  pipeline.PipelineStateManagerImpl (PipelineStateManagerImpl.java:addPipeline(101)) - Created pipeline Pipeline[ Id: fe189d9d-29e5-4891-a8ac-addae10bfdad, Nodes: 4ea7895b-7402-4f6e-ade6-0ab134f10ef5{ip: 10.1.0.24, host: fv-az21-224.v4iizcarkezebbfea14bcgzyke.bx.internal.cloudapp.net, ports: [REPLICATION=34575, RATIS=35267, RATIS_ADMIN=35267, RATIS_SERVER=35267, STANDALONE=41205], networkLocation: /default-rack, certSerialId: null, persistedOpState: IN_SERVICE, persistedOpStateExpiryEpochSec: 0}, ReplicationConfig: RATIS/ONE, State:ALLOCATED, leaderId:, CreationTimestamp2022-06-24T23:50:34.414Z[Etc/UTC]].
2022-06-24 23:50:35,091 [Command processor thread] INFO  server.RaftServer (RaftServerProxy.java:addNew(96)) - aaaf6e37-99bf-4100-a292-78f58d03488b: addNew group-CB40CCEBC39A:[aaaf6e37-99bf-4100-a292-78f58d03488b|rpc:10.1.0.24:32839|priority:1] returns group-CB40CCEBC39A:java.util.concurrent.CompletableFuture@2007f57f[Not completed]
2022-06-24 23:50:35,092 [pool-829-thread-1] INFO  server.RaftServer$Division (RaftServerImpl.java:<init>(190)) - aaaf6e37-99bf-4100-a292-78f58d03488b: new RaftServerImpl for group-CB40CCEBC39A:[aaaf6e37-99bf-4100-a292-78f58d03488b|rpc:10.1.0.24:32839|priority:1] with ContainerStateMachine:uninitialized
2022-06-24 23:50:35,092 [pool-829-thread-1] INFO  server.RaftServerConfigKeys (ConfUtils.java:logGet(46)) - raft.server.rpc.timeout.min = 5s (custom)
2022-06-24 23:50:35,092 [pool-829-thread-1] INFO  server.RaftServerConfigKeys (ConfUtils.java:logGet(46)) - raft.server.rpc.timeout.max = 5200ms (custom)
2022-06-24 23:50:35,092 [pool-829-thread-1] INFO  server.RaftServerConfigKeys (ConfUtils.java:logGet(46)) - raft.server.rpc.sleep.time = 25ms (default)
2022-06-24 23:50:35,092 [pool-829-thread-1] INFO  server.RaftServerConfigKeys (ConfUtils.java:logGet(46)) - raft.server.rpc.slowness.timeout = 300s (custom)
2022-06-24 23:50:35,092 [pool-829-thread-1] INFO  server.RaftServerConfigKeys (ConfUtils.java:logGet(46)) - raft.server.leaderelection.leader.step-down.wait-time = 10s (default)
2022-06-24 23:50:35,092 [pool-829-thread-1] INFO  server.RaftServerConfigKeys (ConfUtils.java:logGet(46)) - raft.server.sleep.deviation.threshold = 300ms (default)
2022-06-24 23:50:35,092 [pool-829-thread-1] INFO  server.RaftServer$Division (ServerState.java:<init>(107)) - aaaf6e37-99bf-4100-a292-78f58d03488b@group-CB40CCEBC39A: ConfigurationManager, init=-1: [aaaf6e37-99bf-4100-a292-78f58d03488b|rpc:10.1.0.24:32839|priority:1], old=null, confs=<EMPTY_MAP>
2022-06-24 23:50:35,092 [pool-829-thread-1] INFO  server.RaftServerConfigKeys (ConfUtils.java:logGet(46)) - raft.server.storage.dir = [/home/runner/work/ozone/ozone/hadoop-ozone/integration-test/target/test-dir/MiniOzoneClusterImpl-fde6c995-fd32-43d9-9d96-6dc5d052cd3d/datanode-2/data/ratis] (custom)
2022-06-24 23:50:35,092 [pool-829-thread-1] INFO  server.RaftServerConfigKeys (ConfUtils.java:logGet(46)) - raft.server.log.corruption.policy = EXCEPTION (default)
2022-06-24 23:50:35,092 [pool-829-thread-1] INFO  server.RaftServerConfigKeys (ConfUtils.java:logGet(46)) - raft.server.storage.free-space.min = 0MB (=0) (default)
2022-06-24 23:50:35,093 [pool-829-thread-1] INFO  storage.RaftStorageDirectory (RaftStorageDirectoryImpl.java:analyzeStorage(135)) - The storage directory /home/runner/work/ozone/ozone/hadoop-ozone/integration-test/target/test-dir/MiniOzoneClusterImpl-fde6c995-fd32-43d9-9d96-6dc5d052cd3d/datanode-2/data/ratis/f917e9fd-4b85-4e4f-a1d2-cb40ccebc39a does not exist. Creating ...
2022-06-24 23:50:35,094 [pool-829-thread-1] INFO  storage.RaftStorageDirectory (RaftStorageDirectoryImpl.java:tryLock(230)) - Lock on /home/runner/work/ozone/ozone/hadoop-ozone/integration-test/target/test-dir/MiniOzoneClusterImpl-fde6c995-fd32-43d9-9d96-6dc5d052cd3d/datanode-2/data/ratis/f917e9fd-4b85-4e4f-a1d2-cb40ccebc39a/in_use.lock acquired by nodename 11308@fv-az21-224
2022-06-24 23:50:35,099 [pool-829-thread-1] INFO  storage.RaftStorage (RaftStorageImpl.java:format(89)) - Storage directory /home/runner/work/ozone/ozone/hadoop-ozone/integration-test/target/test-dir/MiniOzoneClusterImpl-fde6c995-fd32-43d9-9d96-6dc5d052cd3d/datanode-2/data/ratis/f917e9fd-4b85-4e4f-a1d2-cb40ccebc39a has been successfully formatted.
2022-06-24 23:50:35,100 [pool-829-thread-1] INFO  ratis.ContainerStateMachine (ContainerStateMachine.java:loadSnapshot(236)) - group-CB40CCEBC39A: The snapshot info is null. Setting the last applied indexto:(t:0, i:~)
2022-06-24 23:50:35,100 [pool-829-thread-1] INFO  server.RaftServerConfigKeys (ConfUtils.java:logGet(46)) - raft.server.notification.no-leader.timeout = 300s (custom)
2022-06-24 23:50:35,100 [pool-829-thread-1] INFO  server.RaftServerConfigKeys (ConfUtils.java:logGet(46)) - raft.server.log.use.memory = false (default)
2022-06-24 23:50:35,102 [EventQueue-PipelineReportForPipelineReportHandler] INFO  pipeline.PipelineManagerImpl (PipelineManagerImpl.java:openPipeline(358)) - Pipeline Pipeline[ Id: f917e9fd-4b85-4e4f-a1d2-cb40ccebc39a, Nodes: aaaf6e37-99bf-4100-a292-78f58d03488b{ip: 10.1.0.24, host: fv-az21-224.v4iizcarkezebbfea14bcgzyke.bx.internal.cloudapp.net, ports: [REPLICATION=40551, RATIS=32839, RATIS_ADMIN=32839, RATIS_SERVER=32839, STANDALONE=33413], networkLocation: /default-rack, certSerialId: null, persistedOpState: IN_SERVICE, persistedOpStateExpiryEpochSec: 0}, ReplicationConfig: RATIS/ONE, State:ALLOCATED, leaderId:aaaf6e37-99bf-4100-a292-78f58d03488b, CreationTimestamp2022-06-24T23:50:32.110Z[Etc/UTC]] moved to OPEN state
2022-06-24 23:50:35,102 [pool-829-thread-1] INFO  server.RaftServerConfigKeys (ConfUtils.java:logGet(46)) - raft.server.log.purge.gap = 1000000 (custom)
2022-06-24 23:50:35,103 [pool-829-thread-1] INFO  server.RaftServerConfigKeys (ConfUtils.java:logGet(46)) - raft.server.log.appender.buffer.byte-limit = 33554432 (custom)
2022-06-24 23:50:35,103 [pool-829-thread-1] INFO  server.RaftServerConfigKeys (ConfUtils.java:logGet(46)) - raft.server.log.statemachine.data.read.timeout = 1000ms (default)
2022-06-24 23:50:35,103 [pool-829-thread-1] INFO  server.RaftServerConfigKeys (ConfUtils.java:logGet(46)) - raft.server.log.segment.size.max = 1048576 (custom)
2022-06-24 23:50:35,103 [EventQueue-OpenPipelineForHealthyPipelineSafeModeRule] INFO  safemode.SCMSafeModeManager (HealthyPipelineSafeModeRule.java:process(124)) - SCM in safe mode. Healthy pipelines reported count is 0, required healthy pipeline reported count is 1
2022-06-24 23:50:35,106 [pool-829-thread-1] INFO  server.RaftServerConfigKeys (ConfUtils.java:logGet(46)) - raft.server.log.segment.cache.num.max = 2 (custom)
2022-06-24 23:50:35,106 [pool-829-thread-1] INFO  server.RaftServerConfigKeys (ConfUtils.java:logGet(46)) - raft.server.log.segment.cache.size.max = 200MB (=209715200) (default)
2022-06-24 23:50:35,106 [pool-829-thread-1] INFO  segmented.SegmentedRaftLogWorker (SegmentedRaftLogWorker.java:<init>(187)) - new aaaf6e37-99bf-4100-a292-78f58d03488b@group-CB40CCEBC39A-SegmentedRaftLogWorker for RaftStorageImpl:Storage Directory /home/runner/work/ozone/ozone/hadoop-ozone/integration-test/target/test-dir/MiniOzoneClusterImpl-fde6c995-fd32-43d9-9d96-6dc5d052cd3d/datanode-2/data/ratis/f917e9fd-4b85-4e4f-a1d2-cb40ccebc39a
2022-06-24 23:50:35,106 [pool-829-thread-1] INFO  server.RaftServerConfigKeys (ConfUtils.java:logGet(46)) - raft.server.log.queue.byte-limit = 4294967296 (custom)
2022-06-24 23:50:35,107 [pool-829-thread-1] INFO  server.RaftServerConfigKeys (ConfUtils.java:logGet(46)) - raft.server.log.queue.element-limit = 1024 (custom)
2022-06-24 23:50:35,107 [pool-829-thread-1] INFO  server.RaftServerConfigKeys (ConfUtils.java:logGet(46)) - raft.server.log.segment.size.max = 1048576 (custom)
2022-06-24 23:50:35,107 [pool-829-thread-1] INFO  server.RaftServerConfigKeys (ConfUtils.java:logGet(46)) - raft.server.log.preallocated.size = 16384 (custom)
2022-06-24 23:50:35,107 [pool-829-thread-1] INFO  server.RaftServerConfigKeys (ConfUtils.java:logGet(46)) - raft.server.log.force.sync.num = 128 (default)
2022-06-24 23:50:35,107 [pool-829-thread-1] INFO  server.RaftServerConfigKeys (ConfUtils.java:logGet(46)) - raft.server.log.statemachine.data.sync = true (default)
2022-06-24 23:50:35,107 [pool-829-thread-1] INFO  server.RaftServerConfigKeys (ConfUtils.java:logGet(46)) - raft.server.log.statemachine.data.sync.timeout = 10s (default)
2022-06-24 23:50:35,107 [pool-829-thread-1] INFO  server.RaftServerConfigKeys (ConfUtils.java:logGet(46)) - raft.server.log.statemachine.data.sync.timeout.retry = -1 (default)
2022-06-24 23:50:35,108 [pool-829-thread-1] INFO  server.RaftServerConfigKeys (ConfUtils.java:logGet(46)) - raft.server.log.write.buffer.size = 1048576 (custom)
2022-06-24 23:50:35,108 [pool-829-thread-1] INFO  server.RaftServerConfigKeys (ConfUtils.java:logGet(46)) - raft.server.log.unsafe-flush.enabled = false (default)
2022-06-24 23:50:35,108 [pool-829-thread-1] INFO  server.RaftServerConfigKeys (ConfUtils.java:logGet(46)) - raft.server.log.statemachine.data.caching.enabled = true (custom)
2022-06-24 23:50:35,109 [pool-829-thread-1] INFO  segmented.SegmentedRaftLogWorker (SegmentedRaftLogWorker.java:lambda$new$0(135)) - aaaf6e37-99bf-4100-a292-78f58d03488b@group-CB40CCEBC39A-SegmentedRaftLogWorker: flushIndex: setUnconditionally 0 -> -1
2022-06-24 23:50:35,109 [pool-829-thread-1] INFO  segmented.SegmentedRaftLogWorker (SegmentedRaftLogWorker.java:lambda$new$0(135)) - aaaf6e37-99bf-4100-a292-78f58d03488b@group-CB40CCEBC39A-SegmentedRaftLogWorker: safeCacheEvictIndex: setUnconditionally 0 -> -1
2022-06-24 23:50:35,128 [pool-829-thread-1] INFO  server.RaftServerConfigKeys (ConfUtils.java:logGet(46)) - raft.server.snapshot.auto.trigger.enabled = true (custom)
2022-06-24 23:50:35,129 [pool-829-thread-1] INFO  server.RaftServerConfigKeys (ConfUtils.java:logGet(46)) - raft.server.snapshot.auto.trigger.threshold = 10000 (custom)
2022-06-24 23:50:35,135 [pool-829-thread-1] INFO  server.RaftServerConfigKeys (ConfUtils.java:logGet(46)) - raft.server.snapshot.retention.file.num = 5 (custom)
2022-06-24 23:50:35,135 [pool-829-thread-1] INFO  server.RaftServerConfigKeys (ConfUtils.java:logGet(46)) - raft.server.log.purge.upto.snapshot.index = false (default)
2022-06-24 23:50:35,135 [pool-829-thread-1] INFO  server.RaftServerConfigKeys (ConfUtils.java:logGet(46)) - raft.server.retrycache.expirytime = 600000ms (custom)
2022-06-24 23:50:35,135 [pool-829-thread-1] INFO  server.RaftServerConfigKeys (ConfUtils.java:logGet(46)) - raft.server.retrycache.statistics.expirytime = 100μs (default)
2022-06-24 23:50:35,136 [pool-829-thread-1] INFO  server.RaftServerConfigKeys (ConfUtils.java:logGet(46)) - raft.server.log.appender.install.snapshot.enabled = false (custom)
2022-06-24 23:50:35,136 [pool-829-thread-1] INFO  server.RaftServerConfigKeys (ConfUtils.java:logGet(46)) - raft.server.threadpool.server.cached = true (default)
2022-06-24 23:50:35,136 [pool-829-thread-1] INFO  server.RaftServerConfigKeys (ConfUtils.java:logGet(46)) - raft.server.threadpool.server.size = 0 (default)
2022-06-24 23:50:35,136 [pool-829-thread-1] INFO  server.RaftServerConfigKeys (ConfUtils.java:logGet(46)) - raft.server.threadpool.client.cached = true (default)
2022-06-24 23:50:35,136 [pool-829-thread-1] INFO  server.RaftServerConfigKeys (ConfUtils.java:logGet(46)) - raft.server.threadpool.client.size = 0 (default)
2022-06-24 23:50:35,137 [pool-829-thread-1] INFO  server.RaftServer$Division (RaftServerImpl.java:start(310)) - aaaf6e37-99bf-4100-a292-78f58d03488b@group-CB40CCEBC39A: start as a follower, conf=-1: [aaaf6e37-99bf-4100-a292-78f58d03488b|rpc:10.1.0.24:32839|priority:1], old=null
2022-06-24 23:50:35,137 [pool-829-thread-1] INFO  server.RaftServer$Division (RaftServerImpl.java:setRole(299)) - aaaf6e37-99bf-4100-a292-78f58d03488b@group-CB40CCEBC39A: changes role from      null to FOLLOWER at term 0 for startAsFollower
2022-06-24 23:50:35,137 [pool-829-thread-1] INFO  impl.RoleInfo (RoleInfo.java:updateAndGet(139)) - aaaf6e37-99bf-4100-a292-78f58d03488b: start aaaf6e37-99bf-4100-a292-78f58d03488b@group-CB40CCEBC39A-FollowerState
2022-06-24 23:50:35,139 [pool-829-thread-1] INFO  util.JmxRegister (JmxRegister.java:tryRegister(44)) - Successfully registered JMX Bean with object name Ratis:service=RaftServer,group=group-CB40CCEBC39A,id=aaaf6e37-99bf-4100-a292-78f58d03488b
2022-06-24 23:50:35,151 [Command processor thread] INFO  ratis.XceiverServerRatis (XceiverServerRatis.java:addGroup(765)) - Created group PipelineID=f917e9fd-4b85-4e4f-a1d2-cb40ccebc39a
2022-06-24 23:50:35,151 [Command processor thread] INFO  commandhandler.CreatePipelineCommandHandler (CreatePipelineCommandHandler.java:handle(113)) - Created Pipeline RATIS ONE PipelineID=f917e9fd-4b85-4e4f-a1d2-cb40ccebc39a.
2022-06-24 23:50:35,268 [Listener at 127.0.0.1/33563] INFO  ozone.MiniOzoneClusterImpl (MiniOzoneClusterImpl.java:lambda$waitForClusterToBeReady$0(223)) - Nodes are ready. Got 5 of 5 DN Heartbeats.
2022-06-24 23:50:35,269 [Listener at 127.0.0.1/33563] INFO  ozone.MiniOzoneClusterImpl (MiniOzoneClusterImpl.java:lambda$waitForClusterToBeReady$0(226)) - Waiting for cluster to exit safe mode
2022-06-24 23:50:35,269 [Listener at 127.0.0.1/33563] INFO  ozone.MiniOzoneClusterImpl (MiniOzoneClusterImpl.java:lambda$waitForClusterToBeReady$0(228)) - SCM became leader
2022-06-24 23:50:36,269 [Listener at 127.0.0.1/33563] INFO  ozone.MiniOzoneClusterImpl (MiniOzoneClusterImpl.java:lambda$waitForClusterToBeReady$0(223)) - Nodes are ready. Got 5 of 5 DN Heartbeats.
2022-06-24 23:50:36,269 [Listener at 127.0.0.1/33563] INFO  ozone.MiniOzoneClusterImpl (MiniOzoneClusterImpl.java:lambda$waitForClusterToBeReady$0(226)) - Waiting for cluster to exit safe mode
2022-06-24 23:50:36,269 [Listener at 127.0.0.1/33563] INFO  ozone.MiniOzoneClusterImpl (MiniOzoneClusterImpl.java:lambda$waitForClusterToBeReady$0(228)) - SCM became leader
2022-06-24 23:50:36,306 [Command processor thread] INFO  server.RaftServer (RaftServerProxy.java:addNew(96)) - 3b15d008-52c9-47ea-9020-002e7e4220a9: addNew group-7C9B075BF0FD:[3b15d008-52c9-47ea-9020-002e7e4220a9|rpc:10.1.0.24:37413|priority:1] returns group-7C9B075BF0FD:java.util.concurrent.CompletableFuture@3d011537[Not completed]
2022-06-24 23:50:36,359 [pool-852-thread-1] INFO  server.RaftServer$Division (RaftServerImpl.java:<init>(190)) - 3b15d008-52c9-47ea-9020-002e7e4220a9: new RaftServerImpl for group-7C9B075BF0FD:[3b15d008-52c9-47ea-9020-002e7e4220a9|rpc:10.1.0.24:37413|priority:1] with ContainerStateMachine:uninitialized
2022-06-24 23:50:36,360 [pool-852-thread-1] INFO  server.RaftServerConfigKeys (ConfUtils.java:logGet(46)) - raft.server.rpc.timeout.min = 5s (custom)
2022-06-24 23:50:36,360 [pool-852-thread-1] INFO  server.RaftServerConfigKeys (ConfUtils.java:logGet(46)) - raft.server.rpc.timeout.max = 5200ms (custom)
2022-06-24 23:50:36,360 [pool-852-thread-1] INFO  server.RaftServerConfigKeys (ConfUtils.java:logGet(46)) - raft.server.rpc.sleep.time = 25ms (default)
2022-06-24 23:50:36,360 [pool-852-thread-1] INFO  server.RaftServerConfigKeys (ConfUtils.java:logGet(46)) - raft.server.rpc.slowness.timeout = 300s (custom)
2022-06-24 23:50:36,360 [pool-852-thread-1] INFO  server.RaftServerConfigKeys (ConfUtils.java:logGet(46)) - raft.server.leaderelection.leader.step-down.wait-time = 10s (default)
2022-06-24 23:50:36,360 [pool-852-thread-1] INFO  server.RaftServerConfigKeys (ConfUtils.java:logGet(46)) - raft.server.sleep.deviation.threshold = 300ms (default)
2022-06-24 23:50:36,360 [pool-852-thread-1] INFO  server.RaftServer$Division (ServerState.java:<init>(107)) - 3b15d008-52c9-47ea-9020-002e7e4220a9@group-7C9B075BF0FD: ConfigurationManager, init=-1: [3b15d008-52c9-47ea-9020-002e7e4220a9|rpc:10.1.0.24:37413|priority:1], old=null, confs=<EMPTY_MAP>
2022-06-24 23:50:36,360 [pool-852-thread-1] INFO  server.RaftServerConfigKeys (ConfUtils.java:logGet(46)) - raft.server.storage.dir = [/home/runner/work/ozone/ozone/hadoop-ozone/integration-test/target/test-dir/MiniOzoneClusterImpl-fde6c995-fd32-43d9-9d96-6dc5d052cd3d/datanode-3/data/ratis] (custom)
2022-06-24 23:50:36,360 [pool-852-thread-1] INFO  server.RaftServerConfigKeys (ConfUtils.java:logGet(46)) - raft.server.log.corruption.policy = EXCEPTION (default)
2022-06-24 23:50:36,360 [pool-852-thread-1] INFO  server.RaftServerConfigKeys (ConfUtils.java:logGet(46)) - raft.server.storage.free-space.min = 0MB (=0) (default)
2022-06-24 23:50:36,360 [pool-852-thread-1] INFO  storage.RaftStorageDirectory (RaftStorageDirectoryImpl.java:analyzeStorage(135)) - The storage directory /home/runner/work/ozone/ozone/hadoop-ozone/integration-test/target/test-dir/MiniOzoneClusterImpl-fde6c995-fd32-43d9-9d96-6dc5d052cd3d/datanode-3/data/ratis/50a959ec-9a96-4bf4-9859-7c9b075bf0fd does not exist. Creating ...
2022-06-24 23:50:36,364 [pool-852-thread-1] INFO  storage.RaftStorageDirectory (RaftStorageDirectoryImpl.java:tryLock(230)) - Lock on /home/runner/work/ozone/ozone/hadoop-ozone/integration-test/target/test-dir/MiniOzoneClusterImpl-fde6c995-fd32-43d9-9d96-6dc5d052cd3d/datanode-3/data/ratis/50a959ec-9a96-4bf4-9859-7c9b075bf0fd/in_use.lock acquired by nodename 11308@fv-az21-224
2022-06-24 23:50:36,372 [pool-852-thread-1] INFO  storage.RaftStorage (RaftStorageImpl.java:format(89)) - Storage directory /home/runner/work/ozone/ozone/hadoop-ozone/integration-test/target/test-dir/MiniOzoneClusterImpl-fde6c995-fd32-43d9-9d96-6dc5d052cd3d/datanode-3/data/ratis/50a959ec-9a96-4bf4-9859-7c9b075bf0fd has been successfully formatted.
2022-06-24 23:50:36,395 [pool-852-thread-1] INFO  ratis.ContainerStateMachine (ContainerStateMachine.java:loadSnapshot(236)) - group-7C9B075BF0FD: The snapshot info is null. Setting the last applied indexto:(t:0, i:~)
2022-06-24 23:50:36,395 [pool-852-thread-1] INFO  server.RaftServerConfigKeys (ConfUtils.java:logGet(46)) - raft.server.notification.no-leader.timeout = 300s (custom)
2022-06-24 23:50:36,395 [pool-852-thread-1] INFO  server.RaftServerConfigKeys (ConfUtils.java:logGet(46)) - raft.server.log.use.memory = false (default)
2022-06-24 23:50:36,395 [pool-852-thread-1] INFO  server.RaftServerConfigKeys (ConfUtils.java:logGet(46)) - raft.server.log.purge.gap = 1000000 (custom)
2022-06-24 23:50:36,395 [pool-852-thread-1] INFO  server.RaftServerConfigKeys (ConfUtils.java:logGet(46)) - raft.server.log.appender.buffer.byte-limit = 33554432 (custom)
2022-06-24 23:50:36,395 [pool-852-thread-1] INFO  server.RaftServerConfigKeys (ConfUtils.java:logGet(46)) - raft.server.log.statemachine.data.read.timeout = 1000ms (default)
2022-06-24 23:50:36,395 [pool-852-thread-1] INFO  server.RaftServerConfigKeys (ConfUtils.java:logGet(46)) - raft.server.log.segment.size.max = 1048576 (custom)
2022-06-24 23:50:36,396 [EventQueue-PipelineReportForPipelineReportHandler] INFO  pipeline.PipelineManagerImpl (PipelineManagerImpl.java:openPipeline(358)) - Pipeline Pipeline[ Id: 50a959ec-9a96-4bf4-9859-7c9b075bf0fd, Nodes: 3b15d008-52c9-47ea-9020-002e7e4220a9{ip: 10.1.0.24, host: fv-az21-224.v4iizcarkezebbfea14bcgzyke.bx.internal.cloudapp.net, ports: [REPLICATION=35473, RATIS=37413, RATIS_ADMIN=37413, RATIS_SERVER=37413, STANDALONE=33267], networkLocation: /default-rack, certSerialId: null, persistedOpState: IN_SERVICE, persistedOpStateExpiryEpochSec: 0}, ReplicationConfig: RATIS/ONE, State:ALLOCATED, leaderId:3b15d008-52c9-47ea-9020-002e7e4220a9, CreationTimestamp2022-06-24T23:50:33.306Z[Etc/UTC]] moved to OPEN state
2022-06-24 23:50:36,396 [pool-852-thread-1] INFO  server.RaftServerConfigKeys (ConfUtils.java:logGet(46)) - raft.server.log.segment.cache.num.max = 2 (custom)
2022-06-24 23:50:36,396 [pool-852-thread-1] INFO  server.RaftServerConfigKeys (ConfUtils.java:logGet(46)) - raft.server.log.segment.cache.size.max = 200MB (=209715200) (default)
2022-06-24 23:50:36,396 [pool-852-thread-1] INFO  segmented.SegmentedRaftLogWorker (SegmentedRaftLogWorker.java:<init>(187)) - new 3b15d008-52c9-47ea-9020-002e7e4220a9@group-7C9B075BF0FD-SegmentedRaftLogWorker for RaftStorageImpl:Storage Directory /home/runner/work/ozone/ozone/hadoop-ozone/integration-test/target/test-dir/MiniOzoneClusterImpl-fde6c995-fd32-43d9-9d96-6dc5d052cd3d/datanode-3/data/ratis/50a959ec-9a96-4bf4-9859-7c9b075bf0fd
2022-06-24 23:50:36,396 [pool-852-thread-1] INFO  server.RaftServerConfigKeys (ConfUtils.java:logGet(46)) - raft.server.log.queue.byte-limit = 4294967296 (custom)
2022-06-24 23:50:36,396 [pool-852-thread-1] INFO  server.RaftServerConfigKeys (ConfUtils.java:logGet(46)) - raft.server.log.queue.element-limit = 1024 (custom)
2022-06-24 23:50:36,396 [pool-852-thread-1] INFO  server.RaftServerConfigKeys (ConfUtils.java:logGet(46)) - raft.server.log.segment.size.max = 1048576 (custom)
2022-06-24 23:50:36,396 [EventQueue-OpenPipelineForHealthyPipelineSafeModeRule] INFO  safemode.SCMSafeModeManager (HealthyPipelineSafeModeRule.java:process(124)) - SCM in safe mode. Healthy pipelines reported count is 0, required healthy pipeline reported count is 1
2022-06-24 23:50:36,396 [pool-852-thread-1] INFO  server.RaftServerConfigKeys (ConfUtils.java:logGet(46)) - raft.server.log.preallocated.size = 16384 (custom)
2022-06-24 23:50:36,396 [pool-852-thread-1] INFO  server.RaftServerConfigKeys (ConfUtils.java:logGet(46)) - raft.server.log.force.sync.num = 128 (default)
2022-06-24 23:50:36,396 [pool-852-thread-1] INFO  server.RaftServerConfigKeys (ConfUtils.java:logGet(46)) - raft.server.log.statemachine.data.sync = true (default)
2022-06-24 23:50:36,396 [pool-852-thread-1] INFO  server.RaftServerConfigKeys (ConfUtils.java:logGet(46)) - raft.server.log.statemachine.data.sync.timeout = 10s (default)
2022-06-24 23:50:36,396 [pool-852-thread-1] INFO  server.RaftServerConfigKeys (ConfUtils.java:logGet(46)) - raft.server.log.statemachine.data.sync.timeout.retry = -1 (default)
2022-06-24 23:50:36,399 [pool-852-thread-1] INFO  server.RaftServerConfigKeys (ConfUtils.java:logGet(46)) - raft.server.log.write.buffer.size = 1048576 (custom)
2022-06-24 23:50:36,399 [pool-852-thread-1] INFO  server.RaftServerConfigKeys (ConfUtils.java:logGet(46)) - raft.server.log.unsafe-flush.enabled = false (default)
2022-06-24 23:50:36,399 [pool-852-thread-1] INFO  server.RaftServerConfigKeys (ConfUtils.java:logGet(46)) - raft.server.log.statemachine.data.caching.enabled = true (custom)
2022-06-24 23:50:36,399 [pool-852-thread-1] INFO  segmented.SegmentedRaftLogWorker (SegmentedRaftLogWorker.java:lambda$new$0(135)) - 3b15d008-52c9-47ea-9020-002e7e4220a9@group-7C9B075BF0FD-SegmentedRaftLogWorker: flushIndex: setUnconditionally 0 -> -1
2022-06-24 23:50:36,399 [pool-852-thread-1] INFO  segmented.SegmentedRaftLogWorker (SegmentedRaftLogWorker.java:lambda$new$0(135)) - 3b15d008-52c9-47ea-9020-002e7e4220a9@group-7C9B075BF0FD-SegmentedRaftLogWorker: safeCacheEvictIndex: setUnconditionally 0 -> -1
2022-06-24 23:50:36,404 [pool-852-thread-1] INFO  server.RaftServerConfigKeys (ConfUtils.java:logGet(46)) - raft.server.snapshot.auto.trigger.enabled = true (custom)
2022-06-24 23:50:36,404 [pool-852-thread-1] INFO  server.RaftServerConfigKeys (ConfUtils.java:logGet(46)) - raft.server.snapshot.auto.trigger.threshold = 10000 (custom)
2022-06-24 23:50:36,404 [pool-852-thread-1] INFO  server.RaftServerConfigKeys (ConfUtils.java:logGet(46)) - raft.server.snapshot.retention.file.num = 5 (custom)
2022-06-24 23:50:36,404 [pool-852-thread-1] INFO  server.RaftServerConfigKeys (ConfUtils.java:logGet(46)) - raft.server.log.purge.upto.snapshot.index = false (default)
2022-06-24 23:50:36,404 [pool-852-thread-1] INFO  server.RaftServerConfigKeys (ConfUtils.java:logGet(46)) - raft.server.retrycache.expirytime = 600000ms (custom)
2022-06-24 23:50:36,404 [pool-852-thread-1] INFO  server.RaftServerConfigKeys (ConfUtils.java:logGet(46)) - raft.server.retrycache.statistics.expirytime = 100μs (default)
2022-06-24 23:50:36,405 [pool-852-thread-1] INFO  server.RaftServerConfigKeys (ConfUtils.java:logGet(46)) - raft.server.log.appender.install.snapshot.enabled = false (custom)
2022-06-24 23:50:36,405 [pool-852-thread-1] INFO  server.RaftServerConfigKeys (ConfUtils.java:logGet(46)) - raft.server.threadpool.server.cached = true (default)
2022-06-24 23:50:36,405 [pool-852-thread-1] INFO  server.RaftServerConfigKeys (ConfUtils.java:logGet(46)) - raft.server.threadpool.server.size = 0 (default)
2022-06-24 23:50:36,405 [pool-852-thread-1] INFO  server.RaftServerConfigKeys (ConfUtils.java:logGet(46)) - raft.server.threadpool.client.cached = true (default)
2022-06-24 23:50:36,405 [pool-852-thread-1] INFO  server.RaftServerConfigKeys (ConfUtils.java:logGet(46)) - raft.server.threadpool.client.size = 0 (default)
2022-06-24 23:50:36,405 [pool-852-thread-1] INFO  server.RaftServer$Division (RaftServerImpl.java:start(310)) - 3b15d008-52c9-47ea-9020-002e7e4220a9@group-7C9B075BF0FD: start as a follower, conf=-1: [3b15d008-52c9-47ea-9020-002e7e4220a9|rpc:10.1.0.24:37413|priority:1], old=null
2022-06-24 23:50:36,405 [pool-852-thread-1] INFO  server.RaftServer$Division (RaftServerImpl.java:setRole(299)) - 3b15d008-52c9-47ea-9020-002e7e4220a9@group-7C9B075BF0FD: changes role from      null to FOLLOWER at term 0 for startAsFollower
2022-06-24 23:50:36,406 [pool-852-thread-1] INFO  impl.RoleInfo (RoleInfo.java:updateAndGet(139)) - 3b15d008-52c9-47ea-9020-002e7e4220a9: start 3b15d008-52c9-47ea-9020-002e7e4220a9@group-7C9B075BF0FD-FollowerState
2022-06-24 23:50:36,406 [pool-852-thread-1] INFO  util.JmxRegister (JmxRegister.java:tryRegister(44)) - Successfully registered JMX Bean with object name Ratis:service=RaftServer,group=group-7C9B075BF0FD,id=3b15d008-52c9-47ea-9020-002e7e4220a9
2022-06-24 23:50:36,407 [Command processor thread] INFO  ratis.XceiverServerRatis (XceiverServerRatis.java:addGroup(765)) - Created group PipelineID=50a959ec-9a96-4bf4-9859-7c9b075bf0fd
2022-06-24 23:50:36,407 [Command processor thread] INFO  commandhandler.CreatePipelineCommandHandler (CreatePipelineCommandHandler.java:handle(113)) - Created Pipeline RATIS ONE PipelineID=50a959ec-9a96-4bf4-9859-7c9b075bf0fd.
2022-06-24 23:50:37,269 [Listener at 127.0.0.1/33563] INFO  ozone.MiniOzoneClusterImpl (MiniOzoneClusterImpl.java:lambda$waitForClusterToBeReady$0(223)) - Nodes are ready. Got 5 of 5 DN Heartbeats.
2022-06-24 23:50:37,270 [Listener at 127.0.0.1/33563] INFO  ozone.MiniOzoneClusterImpl (MiniOzoneClusterImpl.java:lambda$waitForClusterToBeReady$0(226)) - Waiting for cluster to exit safe mode
2022-06-24 23:50:37,270 [Listener at 127.0.0.1/33563] INFO  ozone.MiniOzoneClusterImpl (MiniOzoneClusterImpl.java:lambda$waitForClusterToBeReady$0(228)) - SCM became leader
2022-06-24 23:50:37,416 [Command processor thread] INFO  server.RaftServer (RaftServerProxy.java:addNew(96)) - 4ea7895b-7402-4f6e-ade6-0ab134f10ef5: addNew group-ADDAE10BFDAD:[4ea7895b-7402-4f6e-ade6-0ab134f10ef5|rpc:10.1.0.24:35267|priority:1] returns group-ADDAE10BFDAD:java.util.concurrent.CompletableFuture@587b8790[Not completed]
2022-06-24 23:50:37,444 [pool-884-thread-1] INFO  server.RaftServer$Division (RaftServerImpl.java:<init>(190)) - 4ea7895b-7402-4f6e-ade6-0ab134f10ef5: new RaftServerImpl for group-ADDAE10BFDAD:[4ea7895b-7402-4f6e-ade6-0ab134f10ef5|rpc:10.1.0.24:35267|priority:1] with ContainerStateMachine:uninitialized
2022-06-24 23:50:37,444 [pool-884-thread-1] INFO  server.RaftServerConfigKeys (ConfUtils.java:logGet(46)) - raft.server.rpc.timeout.min = 5s (custom)
2022-06-24 23:50:37,444 [pool-884-thread-1] INFO  server.RaftServerConfigKeys (ConfUtils.java:logGet(46)) - raft.server.rpc.timeout.max = 5200ms (custom)
2022-06-24 23:50:37,444 [pool-884-thread-1] INFO  server.RaftServerConfigKeys (ConfUtils.java:logGet(46)) - raft.server.rpc.sleep.time = 25ms (default)
2022-06-24 23:50:37,444 [pool-884-thread-1] INFO  server.RaftServerConfigKeys (ConfUtils.java:logGet(46)) - raft.server.rpc.slowness.timeout = 300s (custom)
2022-06-24 23:50:37,444 [pool-884-thread-1] INFO  server.RaftServerConfigKeys (ConfUtils.java:logGet(46)) - raft.server.leaderelection.leader.step-down.wait-time = 10s (default)
2022-06-24 23:50:37,444 [pool-884-thread-1] INFO  server.RaftServerConfigKeys (ConfUtils.java:logGet(46)) - raft.server.sleep.deviation.threshold = 300ms (default)
2022-06-24 23:50:37,444 [pool-884-thread-1] INFO  server.RaftServer$Division (ServerState.java:<init>(107)) - 4ea7895b-7402-4f6e-ade6-0ab134f10ef5@group-ADDAE10BFDAD: ConfigurationManager, init=-1: [4ea7895b-7402-4f6e-ade6-0ab134f10ef5|rpc:10.1.0.24:35267|priority:1], old=null, confs=<EMPTY_MAP>
2022-06-24 23:50:37,444 [pool-884-thread-1] INFO  server.RaftServerConfigKeys (ConfUtils.java:logGet(46)) - raft.server.storage.dir = [/home/runner/work/ozone/ozone/hadoop-ozone/integration-test/target/test-dir/MiniOzoneClusterImpl-fde6c995-fd32-43d9-9d96-6dc5d052cd3d/datanode-4/data/ratis] (custom)
2022-06-24 23:50:37,445 [pool-884-thread-1] INFO  server.RaftServerConfigKeys (ConfUtils.java:logGet(46)) - raft.server.log.corruption.policy = EXCEPTION (default)
2022-06-24 23:50:37,445 [pool-884-thread-1] INFO  server.RaftServerConfigKeys (ConfUtils.java:logGet(46)) - raft.server.storage.free-space.min = 0MB (=0) (default)
2022-06-24 23:50:37,445 [pool-884-thread-1] INFO  storage.RaftStorageDirectory (RaftStorageDirectoryImpl.java:analyzeStorage(135)) - The storage directory /home/runner/work/ozone/ozone/hadoop-ozone/integration-test/target/test-dir/MiniOzoneClusterImpl-fde6c995-fd32-43d9-9d96-6dc5d052cd3d/datanode-4/data/ratis/fe189d9d-29e5-4891-a8ac-addae10bfdad does not exist. Creating ...
2022-06-24 23:50:37,448 [pool-884-thread-1] INFO  storage.RaftStorageDirectory (RaftStorageDirectoryImpl.java:tryLock(230)) - Lock on /home/runner/work/ozone/ozone/hadoop-ozone/integration-test/target/test-dir/MiniOzoneClusterImpl-fde6c995-fd32-43d9-9d96-6dc5d052cd3d/datanode-4/data/ratis/fe189d9d-29e5-4891-a8ac-addae10bfdad/in_use.lock acquired by nodename 11308@fv-az21-224
2022-06-24 23:50:37,452 [pool-884-thread-1] INFO  storage.RaftStorage (RaftStorageImpl.java:format(89)) - Storage directory /home/runner/work/ozone/ozone/hadoop-ozone/integration-test/target/test-dir/MiniOzoneClusterImpl-fde6c995-fd32-43d9-9d96-6dc5d052cd3d/datanode-4/data/ratis/fe189d9d-29e5-4891-a8ac-addae10bfdad has been successfully formatted.
2022-06-24 23:50:37,479 [pool-884-thread-1] INFO  ratis.ContainerStateMachine (ContainerStateMachine.java:loadSnapshot(236)) - group-ADDAE10BFDAD: The snapshot info is null. Setting the last applied indexto:(t:0, i:~)
2022-06-24 23:50:37,481 [EventQueue-PipelineReportForPipelineReportHandler] INFO  pipeline.PipelineManagerImpl (PipelineManagerImpl.java:openPipeline(358)) - Pipeline Pipeline[ Id: fe189d9d-29e5-4891-a8ac-addae10bfdad, Nodes: 4ea7895b-7402-4f6e-ade6-0ab134f10ef5{ip: 10.1.0.24, host: fv-az21-224.v4iizcarkezebbfea14bcgzyke.bx.internal.cloudapp.net, ports: [REPLICATION=34575, RATIS=35267, RATIS_ADMIN=35267, RATIS_SERVER=35267, STANDALONE=41205], networkLocation: /default-rack, certSerialId: null, persistedOpState: IN_SERVICE, persistedOpStateExpiryEpochSec: 0}, ReplicationConfig: RATIS/ONE, State:ALLOCATED, leaderId:4ea7895b-7402-4f6e-ade6-0ab134f10ef5, CreationTimestamp2022-06-24T23:50:34.414Z[Etc/UTC]] moved to OPEN state
2022-06-24 23:50:37,481 [EventQueue-OpenPipelineForHealthyPipelineSafeModeRule] INFO  safemode.SCMSafeModeManager (HealthyPipelineSafeModeRule.java:process(124)) - SCM in safe mode. Healthy pipelines reported count is 0, required healthy pipeline reported count is 1
2022-06-24 23:50:37,501 [pool-884-thread-1] INFO  server.RaftServerConfigKeys (ConfUtils.java:logGet(46)) - raft.server.notification.no-leader.timeout = 300s (custom)
2022-06-24 23:50:37,501 [pool-884-thread-1] INFO  server.RaftServerConfigKeys (ConfUtils.java:logGet(46)) - raft.server.log.use.memory = false (default)
2022-06-24 23:50:37,501 [pool-884-thread-1] INFO  server.RaftServerConfigKeys (ConfUtils.java:logGet(46)) - raft.server.log.purge.gap = 1000000 (custom)
2022-06-24 23:50:37,501 [pool-884-thread-1] INFO  server.RaftServerConfigKeys (ConfUtils.java:logGet(46)) - raft.server.log.appender.buffer.byte-limit = 33554432 (custom)
2022-06-24 23:50:37,502 [pool-884-thread-1] INFO  server.RaftServerConfigKeys (ConfUtils.java:logGet(46)) - raft.server.log.statemachine.data.read.timeout = 1000ms (default)
2022-06-24 23:50:37,502 [pool-884-thread-1] INFO  server.RaftServerConfigKeys (ConfUtils.java:logGet(46)) - raft.server.log.segment.size.max = 1048576 (custom)
2022-06-24 23:50:37,502 [pool-884-thread-1] INFO  server.RaftServerConfigKeys (ConfUtils.java:logGet(46)) - raft.server.log.segment.cache.num.max = 2 (custom)
2022-06-24 23:50:37,502 [pool-884-thread-1] INFO  server.RaftServerConfigKeys (ConfUtils.java:logGet(46)) - raft.server.log.segment.cache.size.max = 200MB (=209715200) (default)
2022-06-24 23:50:37,502 [pool-884-thread-1] INFO  segmented.SegmentedRaftLogWorker (SegmentedRaftLogWorker.java:<init>(187)) - new 4ea7895b-7402-4f6e-ade6-0ab134f10ef5@group-ADDAE10BFDAD-SegmentedRaftLogWorker for RaftStorageImpl:Storage Directory /home/runner/work/ozone/ozone/hadoop-ozone/integration-test/target/test-dir/MiniOzoneClusterImpl-fde6c995-fd32-43d9-9d96-6dc5d052cd3d/datanode-4/data/ratis/fe189d9d-29e5-4891-a8ac-addae10bfdad
2022-06-24 23:50:37,502 [pool-884-thread-1] INFO  server.RaftServerConfigKeys (ConfUtils.java:logGet(46)) - raft.server.log.queue.byte-limit = 4294967296 (custom)
2022-06-24 23:50:37,502 [pool-884-thread-1] INFO  server.RaftServerConfigKeys (ConfUtils.java:logGet(46)) - raft.server.log.queue.element-limit = 1024 (custom)
2022-06-24 23:50:37,502 [pool-884-thread-1] INFO  server.RaftServerConfigKeys (ConfUtils.java:logGet(46)) - raft.server.log.segment.size.max = 1048576 (custom)
2022-06-24 23:50:37,502 [pool-884-thread-1] INFO  server.RaftServerConfigKeys (ConfUtils.java:logGet(46)) - raft.server.log.preallocated.size = 16384 (custom)
2022-06-24 23:50:37,502 [pool-884-thread-1] INFO  server.RaftServerConfigKeys (ConfUtils.java:logGet(46)) - raft.server.log.force.sync.num = 128 (default)
2022-06-24 23:50:37,502 [pool-884-thread-1] INFO  server.RaftServerConfigKeys (ConfUtils.java:logGet(46)) - raft.server.log.statemachine.data.sync = true (default)
2022-06-24 23:50:37,503 [pool-884-thread-1] INFO  server.RaftServerConfigKeys (ConfUtils.java:logGet(46)) - raft.server.log.statemachine.data.sync.timeout = 10s (default)
2022-06-24 23:50:37,503 [pool-884-thread-1] INFO  server.RaftServerConfigKeys (ConfUtils.java:logGet(46)) - raft.server.log.statemachine.data.sync.timeout.retry = -1 (default)
2022-06-24 23:50:37,506 [pool-884-thread-1] INFO  server.RaftServerConfigKeys (ConfUtils.java:logGet(46)) - raft.server.log.write.buffer.size = 1048576 (custom)
2022-06-24 23:50:37,506 [pool-884-thread-1] INFO  server.RaftServerConfigKeys (ConfUtils.java:logGet(46)) - raft.server.log.unsafe-flush.enabled = false (default)
2022-06-24 23:50:37,506 [pool-884-thread-1] INFO  server.RaftServerConfigKeys (ConfUtils.java:logGet(46)) - raft.server.log.statemachine.data.caching.enabled = true (custom)
2022-06-24 23:50:37,507 [pool-884-thread-1] INFO  segmented.SegmentedRaftLogWorker (SegmentedRaftLogWorker.java:lambda$new$0(135)) - 4ea7895b-7402-4f6e-ade6-0ab134f10ef5@group-ADDAE10BFDAD-SegmentedRaftLogWorker: flushIndex: setUnconditionally 0 -> -1
2022-06-24 23:50:37,507 [pool-884-thread-1] INFO  segmented.SegmentedRaftLogWorker (SegmentedRaftLogWorker.java:lambda$new$0(135)) - 4ea7895b-7402-4f6e-ade6-0ab134f10ef5@group-ADDAE10BFDAD-SegmentedRaftLogWorker: safeCacheEvictIndex: setUnconditionally 0 -> -1
2022-06-24 23:50:37,519 [pool-884-thread-1] INFO  server.RaftServerConfigKeys (ConfUtils.java:logGet(46)) - raft.server.snapshot.auto.trigger.enabled = true (custom)
2022-06-24 23:50:37,519 [pool-884-thread-1] INFO  server.RaftServerConfigKeys (ConfUtils.java:logGet(46)) - raft.server.snapshot.auto.trigger.threshold = 10000 (custom)
2022-06-24 23:50:37,519 [pool-884-thread-1] INFO  server.RaftServerConfigKeys (ConfUtils.java:logGet(46)) - raft.server.snapshot.retention.file.num = 5 (custom)
2022-06-24 23:50:37,519 [pool-884-thread-1] INFO  server.RaftServerConfigKeys (ConfUtils.java:logGet(46)) - raft.server.log.purge.upto.snapshot.index = false (default)
2022-06-24 23:50:37,519 [pool-884-thread-1] INFO  server.RaftServerConfigKeys (ConfUtils.java:logGet(46)) - raft.server.retrycache.expirytime = 600000ms (custom)
2022-06-24 23:50:37,519 [pool-884-thread-1] INFO  server.RaftServerConfigKeys (ConfUtils.java:logGet(46)) - raft.server.retrycache.statistics.expirytime = 100μs (default)
2022-06-24 23:50:37,520 [pool-884-thread-1] INFO  server.RaftServerConfigKeys (ConfUtils.java:logGet(46)) - raft.server.log.appender.install.snapshot.enabled = false (custom)
2022-06-24 23:50:37,520 [pool-884-thread-1] INFO  server.RaftServerConfigKeys (ConfUtils.java:logGet(46)) - raft.server.threadpool.server.cached = true (default)
2022-06-24 23:50:37,520 [pool-884-thread-1] INFO  server.RaftServerConfigKeys (ConfUtils.java:logGet(46)) - raft.server.threadpool.server.size = 0 (default)
2022-06-24 23:50:37,521 [pool-884-thread-1] INFO  server.RaftServerConfigKeys (ConfUtils.java:logGet(46)) - raft.server.threadpool.client.cached = true (default)
2022-06-24 23:50:37,521 [pool-884-thread-1] INFO  server.RaftServerConfigKeys (ConfUtils.java:logGet(46)) - raft.server.threadpool.client.size = 0 (default)
2022-06-24 23:50:37,521 [pool-884-thread-1] INFO  server.RaftServer$Division (RaftServerImpl.java:start(310)) - 4ea7895b-7402-4f6e-ade6-0ab134f10ef5@group-ADDAE10BFDAD: start as a follower, conf=-1: [4ea7895b-7402-4f6e-ade6-0ab134f10ef5|rpc:10.1.0.24:35267|priority:1], old=null
2022-06-24 23:50:37,521 [pool-884-thread-1] INFO  server.RaftServer$Division (RaftServerImpl.java:setRole(299)) - 4ea7895b-7402-4f6e-ade6-0ab134f10ef5@group-ADDAE10BFDAD: changes role from      null to FOLLOWER at term 0 for startAsFollower
2022-06-24 23:50:37,521 [pool-884-thread-1] INFO  impl.RoleInfo (RoleInfo.java:updateAndGet(139)) - 4ea7895b-7402-4f6e-ade6-0ab134f10ef5: start 4ea7895b-7402-4f6e-ade6-0ab134f10ef5@group-ADDAE10BFDAD-FollowerState
2022-06-24 23:50:37,541 [pool-884-thread-1] INFO  util.JmxRegister (JmxRegister.java:tryRegister(44)) - Successfully registered JMX Bean with object name Ratis:service=RaftServer,group=group-ADDAE10BFDAD,id=4ea7895b-7402-4f6e-ade6-0ab134f10ef5
2022-06-24 23:50:37,547 [Command processor thread] INFO  ratis.XceiverServerRatis (XceiverServerRatis.java:addGroup(765)) - Created group PipelineID=fe189d9d-29e5-4891-a8ac-addae10bfdad
2022-06-24 23:50:37,547 [Command processor thread] INFO  commandhandler.CreatePipelineCommandHandler (CreatePipelineCommandHandler.java:handle(113)) - Created Pipeline RATIS ONE PipelineID=fe189d9d-29e5-4891-a8ac-addae10bfdad.
2022-06-24 23:50:38,270 [Listener at 127.0.0.1/33563] INFO  ozone.MiniOzoneClusterImpl (MiniOzoneClusterImpl.java:lambda$waitForClusterToBeReady$0(223)) - Nodes are ready. Got 5 of 5 DN Heartbeats.
2022-06-24 23:50:38,270 [Listener at 127.0.0.1/33563] INFO  ozone.MiniOzoneClusterImpl (MiniOzoneClusterImpl.java:lambda$waitForClusterToBeReady$0(226)) - Waiting for cluster to exit safe mode
2022-06-24 23:50:38,270 [Listener at 127.0.0.1/33563] INFO  ozone.MiniOzoneClusterImpl (MiniOzoneClusterImpl.java:lambda$waitForClusterToBeReady$0(228)) - SCM became leader
2022-06-24 23:50:38,379 [e0e9d4ea-e5ff-4cfc-8100-64ee9cc1170c@group-9DA329729B66-FollowerState] INFO  impl.FollowerState (FollowerState.java:run(143)) - e0e9d4ea-e5ff-4cfc-8100-64ee9cc1170c@group-9DA329729B66-FollowerState: change to CANDIDATE, lastRpcElapsedTime:5074685675ns, electionTimeout:5055ms
2022-06-24 23:50:38,379 [e0e9d4ea-e5ff-4cfc-8100-64ee9cc1170c@group-9DA329729B66-FollowerState] INFO  impl.RoleInfo (RoleInfo.java:shutdownFollowerState(110)) - e0e9d4ea-e5ff-4cfc-8100-64ee9cc1170c: shutdown e0e9d4ea-e5ff-4cfc-8100-64ee9cc1170c@group-9DA329729B66-FollowerState
2022-06-24 23:50:38,379 [e0e9d4ea-e5ff-4cfc-8100-64ee9cc1170c@group-9DA329729B66-FollowerState] INFO  server.RaftServer$Division (RaftServerImpl.java:setRole(299)) - e0e9d4ea-e5ff-4cfc-8100-64ee9cc1170c@group-9DA329729B66: changes role from  FOLLOWER to CANDIDATE at term 0 for changeToCandidate
2022-06-24 23:50:38,379 [e0e9d4ea-e5ff-4cfc-8100-64ee9cc1170c@group-9DA329729B66-FollowerState] INFO  server.RaftServerConfigKeys (ConfUtils.java:logGet(46)) - raft.server.leaderelection.pre-vote = false (custom)
2022-06-24 23:50:38,379 [e0e9d4ea-e5ff-4cfc-8100-64ee9cc1170c@group-9DA329729B66-FollowerState] INFO  impl.RoleInfo (RoleInfo.java:updateAndGet(139)) - e0e9d4ea-e5ff-4cfc-8100-64ee9cc1170c: start e0e9d4ea-e5ff-4cfc-8100-64ee9cc1170c@group-9DA329729B66-LeaderElection53
2022-06-24 23:50:38,428 [e0e9d4ea-e5ff-4cfc-8100-64ee9cc1170c@group-9DA329729B66-LeaderElection53] INFO  impl.LeaderElection (LeaderElection.java:askForVotes(310)) - e0e9d4ea-e5ff-4cfc-8100-64ee9cc1170c@group-9DA329729B66-LeaderElection53 ELECTION round 0: submit vote requests at term 1 for -1: [e0e9d4ea-e5ff-4cfc-8100-64ee9cc1170c|rpc:10.1.0.24:37185|priority:1], old=null
2022-06-24 23:50:38,428 [e0e9d4ea-e5ff-4cfc-8100-64ee9cc1170c@group-9DA329729B66-LeaderElection53] INFO  impl.LeaderElection (LeaderElection.java:askForVotes(312)) - e0e9d4ea-e5ff-4cfc-8100-64ee9cc1170c@group-9DA329729B66-LeaderElection53 ELECTION round 0: result PASSED (term=1)
2022-06-24 23:50:38,428 [e0e9d4ea-e5ff-4cfc-8100-64ee9cc1170c@group-9DA329729B66-LeaderElection53] INFO  impl.RoleInfo (RoleInfo.java:shutdownLeaderElection(130)) - e0e9d4ea-e5ff-4cfc-8100-64ee9cc1170c: shutdown e0e9d4ea-e5ff-4cfc-8100-64ee9cc1170c@group-9DA329729B66-LeaderElection53
2022-06-24 23:50:38,428 [e0e9d4ea-e5ff-4cfc-8100-64ee9cc1170c@group-9DA329729B66-LeaderElection53] INFO  server.RaftServer$Division (RaftServerImpl.java:setRole(299)) - e0e9d4ea-e5ff-4cfc-8100-64ee9cc1170c@group-9DA329729B66: changes role from CANDIDATE to LEADER at term 1 for changeToLeader
2022-06-24 23:50:38,428 [e0e9d4ea-e5ff-4cfc-8100-64ee9cc1170c@group-9DA329729B66-LeaderElection53] INFO  ratis.XceiverServerRatis (XceiverServerRatis.java:handleLeaderChangedNotification(863)) - Leader change notification received for group: group-9DA329729B66 with new leaderId: e0e9d4ea-e5ff-4cfc-8100-64ee9cc1170c
2022-06-24 23:50:38,429 [e0e9d4ea-e5ff-4cfc-8100-64ee9cc1170c@group-9DA329729B66-LeaderElection53] INFO  server.RaftServer$Division (ServerState.java:setLeader(287)) - e0e9d4ea-e5ff-4cfc-8100-64ee9cc1170c@group-9DA329729B66: change Leader from null to e0e9d4ea-e5ff-4cfc-8100-64ee9cc1170c at term 1 for becomeLeader, leader elected after 5151ms
2022-06-24 23:50:38,429 [e0e9d4ea-e5ff-4cfc-8100-64ee9cc1170c@group-9DA329729B66-LeaderElection53] INFO  server.RaftServerConfigKeys (ConfUtils.java:logGet(46)) - raft.server.staging.catchup.gap = 1000 (default)
2022-06-24 23:50:38,429 [EventQueue-OpenPipelineForHealthyPipelineSafeModeRule] INFO  safemode.SCMSafeModeManager (HealthyPipelineSafeModeRule.java:process(124)) - SCM in safe mode. Healthy pipelines reported count is 0, required healthy pipeline reported count is 1
2022-06-24 23:50:38,430 [e0e9d4ea-e5ff-4cfc-8100-64ee9cc1170c@group-9DA329729B66-LeaderElection53] INFO  server.RaftServerConfigKeys (ConfUtils.java:logGet(46)) - raft.server.write.element-limit = 1024 (custom)
2022-06-24 23:50:38,430 [e0e9d4ea-e5ff-4cfc-8100-64ee9cc1170c@group-9DA329729B66-LeaderElection53] INFO  server.RaftServerConfigKeys (ConfUtils.java:logGet(46)) - raft.server.write.byte-limit = 1024 M (=1073741824) (custom)
2022-06-24 23:50:38,430 [e0e9d4ea-e5ff-4cfc-8100-64ee9cc1170c@group-9DA329729B66-LeaderElection53] INFO  server.RaftServerConfigKeys (ConfUtils.java:logGet(46)) - raft.server.watch.timeout = 180s (custom)
2022-06-24 23:50:38,430 [e0e9d4ea-e5ff-4cfc-8100-64ee9cc1170c@group-9DA329729B66-LeaderElection53] INFO  server.RaftServerConfigKeys (ConfUtils.java:logGet(46)) - raft.server.watch.timeout.denomination = 1s (default)
2022-06-24 23:50:38,430 [e0e9d4ea-e5ff-4cfc-8100-64ee9cc1170c@group-9DA329729B66-LeaderElection53] INFO  server.RaftServerConfigKeys (ConfUtils.java:logGet(46)) - raft.server.watch.element-limit = 65536 (default)
2022-06-24 23:50:38,430 [e0e9d4ea-e5ff-4cfc-8100-64ee9cc1170c@group-9DA329729B66-LeaderElection53] INFO  server.RaftServerConfigKeys (ConfUtils.java:logGet(46)) - raft.server.write.element-limit = 1024 (custom)
2022-06-24 23:50:38,430 [e0e9d4ea-e5ff-4cfc-8100-64ee9cc1170c@group-9DA329729B66-LeaderElection53] INFO  server.RaftServerConfigKeys (ConfUtils.java:logGet(46)) - raft.server.write.follower.gap.ratio.max = -1.0 (default)
2022-06-24 23:50:38,430 [e0e9d4ea-e5ff-4cfc-8100-64ee9cc1170c@group-9DA329729B66-LeaderElection53] INFO  impl.RoleInfo (RoleInfo.java:updateAndGet(139)) - e0e9d4ea-e5ff-4cfc-8100-64ee9cc1170c: start e0e9d4ea-e5ff-4cfc-8100-64ee9cc1170c@group-9DA329729B66-LeaderStateImpl
2022-06-24 23:50:38,431 [e0e9d4ea-e5ff-4cfc-8100-64ee9cc1170c@group-9DA329729B66-LeaderElection53] INFO  segmented.SegmentedRaftLogWorker (SegmentedRaftLogWorker.java:startLogSegment(425)) - e0e9d4ea-e5ff-4cfc-8100-64ee9cc1170c@group-9DA329729B66-SegmentedRaftLogWorker: Starting segment from index:0
2022-06-24 23:50:38,432 [e0e9d4ea-e5ff-4cfc-8100-64ee9cc1170c@group-9DA329729B66-SegmentedRaftLogWorker] INFO  segmented.SegmentedRaftLogWorker (SegmentedRaftLogWorker.java:execute(629)) - e0e9d4ea-e5ff-4cfc-8100-64ee9cc1170c@group-9DA329729B66-SegmentedRaftLogWorker: created new log segment /home/runner/work/ozone/ozone/hadoop-ozone/integration-test/target/test-dir/MiniOzoneClusterImpl-fde6c995-fd32-43d9-9d96-6dc5d052cd3d/datanode-0/data/ratis/e5772be6-40e8-44a6-8386-9da329729b66/current/log_inprogress_0
2022-06-24 23:50:38,438 [e0e9d4ea-e5ff-4cfc-8100-64ee9cc1170c@group-9DA329729B66-LeaderElection53] INFO  server.RaftServer$Division (ServerState.java:setRaftConf(393)) - e0e9d4ea-e5ff-4cfc-8100-64ee9cc1170c@group-9DA329729B66: set configuration 0: [e0e9d4ea-e5ff-4cfc-8100-64ee9cc1170c|rpc:10.1.0.24:37185|dataStream:|priority:1], old=null
2022-06-24 23:50:38,478 [e0e9d4ea-e5ff-4cfc-8100-64ee9cc1170c@group-7301C1C6E889-FollowerState] INFO  impl.FollowerState (FollowerState.java:run(143)) - e0e9d4ea-e5ff-4cfc-8100-64ee9cc1170c@group-7301C1C6E889-FollowerState: change to CANDIDATE, lastRpcElapsedTime:5112423205ns, electionTimeout:5106ms
2022-06-24 23:50:38,478 [e0e9d4ea-e5ff-4cfc-8100-64ee9cc1170c@group-7301C1C6E889-FollowerState] INFO  impl.RoleInfo (RoleInfo.java:shutdownFollowerState(110)) - e0e9d4ea-e5ff-4cfc-8100-64ee9cc1170c: shutdown e0e9d4ea-e5ff-4cfc-8100-64ee9cc1170c@group-7301C1C6E889-FollowerState
2022-06-24 23:50:38,478 [e0e9d4ea-e5ff-4cfc-8100-64ee9cc1170c@group-7301C1C6E889-FollowerState] INFO  server.RaftServer$Division (RaftServerImpl.java:setRole(299)) - e0e9d4ea-e5ff-4cfc-8100-64ee9cc1170c@group-7301C1C6E889: changes role from  FOLLOWER to CANDIDATE at term 0 for changeToCandidate
2022-06-24 23:50:38,478 [e0e9d4ea-e5ff-4cfc-8100-64ee9cc1170c@group-7301C1C6E889-FollowerState] INFO  server.RaftServerConfigKeys (ConfUtils.java:logGet(46)) - raft.server.leaderelection.pre-vote = false (custom)
2022-06-24 23:50:38,478 [e0e9d4ea-e5ff-4cfc-8100-64ee9cc1170c@group-7301C1C6E889-FollowerState] INFO  impl.RoleInfo (RoleInfo.java:updateAndGet(139)) - e0e9d4ea-e5ff-4cfc-8100-64ee9cc1170c: start e0e9d4ea-e5ff-4cfc-8100-64ee9cc1170c@group-7301C1C6E889-LeaderElection54
2022-06-24 23:50:38,502 [e0e9d4ea-e5ff-4cfc-8100-64ee9cc1170c@group-7301C1C6E889-LeaderElection54] INFO  impl.LeaderElection (LeaderElection.java:askForVotes(310)) - e0e9d4ea-e5ff-4cfc-8100-64ee9cc1170c@group-7301C1C6E889-LeaderElection54 ELECTION round 0: submit vote requests at term 1 for -1: [e4b7c23e-ae07-4399-b4c7-5433903d8f4c|rpc:10.1.0.24:37801|priority:1, e0e9d4ea-e5ff-4cfc-8100-64ee9cc1170c|rpc:10.1.0.24:37185|priority:0, aaaf6e37-99bf-4100-a292-78f58d03488b|rpc:10.1.0.24:32839|priority:0], old=null
2022-06-24 23:50:38,544 [grpc-default-executor-0] INFO  server.RaftServer$Division (RaftServerImpl.java:requestVote(1152)) - e4b7c23e-ae07-4399-b4c7-5433903d8f4c@group-7301C1C6E889: receive requestVote(ELECTION, e0e9d4ea-e5ff-4cfc-8100-64ee9cc1170c, group-7301C1C6E889, 1, (t:0, i:0))
2022-06-24 23:50:38,544 [grpc-default-executor-0] INFO  impl.VoteContext (VoteContext.java:log(48)) - e4b7c23e-ae07-4399-b4c7-5433903d8f4c@group-7301C1C6E889-FOLLOWER: reject ELECTION from e0e9d4ea-e5ff-4cfc-8100-64ee9cc1170c: our priority 1 > candidate's priority 0
2022-06-24 23:50:38,544 [grpc-default-executor-0] INFO  server.RaftServer$Division (RaftServerImpl.java:setRole(299)) - e4b7c23e-ae07-4399-b4c7-5433903d8f4c@group-7301C1C6E889: changes role from  FOLLOWER to FOLLOWER at term 1 for candidate:e0e9d4ea-e5ff-4cfc-8100-64ee9cc1170c
2022-06-24 23:50:38,544 [grpc-default-executor-0] INFO  impl.RoleInfo (RoleInfo.java:shutdownFollowerState(110)) - e4b7c23e-ae07-4399-b4c7-5433903d8f4c: shutdown e4b7c23e-ae07-4399-b4c7-5433903d8f4c@group-7301C1C6E889-FollowerState
2022-06-24 23:50:38,545 [e4b7c23e-ae07-4399-b4c7-5433903d8f4c@group-7301C1C6E889-FollowerState] INFO  impl.FollowerState (FollowerState.java:run(152)) - e4b7c23e-ae07-4399-b4c7-5433903d8f4c@group-7301C1C6E889-FollowerState was interrupted
2022-06-24 23:50:38,545 [grpc-default-executor-0] INFO  impl.RoleInfo (RoleInfo.java:updateAndGet(139)) - e4b7c23e-ae07-4399-b4c7-5433903d8f4c: start e4b7c23e-ae07-4399-b4c7-5433903d8f4c@group-7301C1C6E889-FollowerState
2022-06-24 23:50:38,549 [grpc-default-executor-0] INFO  server.RaftServer$Division (RaftServerImpl.java:requestVote(1184)) - e4b7c23e-ae07-4399-b4c7-5433903d8f4c@group-7301C1C6E889 replies to ELECTION vote request: e0e9d4ea-e5ff-4cfc-8100-64ee9cc1170c<-e4b7c23e-ae07-4399-b4c7-5433903d8f4c#0:FAIL-t1. Peer's state: e4b7c23e-ae07-4399-b4c7-5433903d8f4c@group-7301C1C6E889:t1, leader=null, voted=null, raftlog=e4b7c23e-ae07-4399-b4c7-5433903d8f4c@group-7301C1C6E889-SegmentedRaftLog:OPENED:c-1, conf=-1: [e4b7c23e-ae07-4399-b4c7-5433903d8f4c|rpc:10.1.0.24:37801|dataStream:|priority:1, e0e9d4ea-e5ff-4cfc-8100-64ee9cc1170c|rpc:10.1.0.24:37185|dataStream:|priority:0, aaaf6e37-99bf-4100-a292-78f58d03488b|rpc:10.1.0.24:32839|dataStream:|priority:0], old=null
2022-06-24 23:50:38,576 [aaaf6e37-99bf-4100-a292-78f58d03488b@group-7301C1C6E889-FollowerState] INFO  impl.FollowerState (FollowerState.java:run(143)) - aaaf6e37-99bf-4100-a292-78f58d03488b@group-7301C1C6E889-FollowerState: change to CANDIDATE, lastRpcElapsedTime:5107262606ns, electionTimeout:5088ms
2022-06-24 23:50:38,576 [aaaf6e37-99bf-4100-a292-78f58d03488b@group-7301C1C6E889-FollowerState] INFO  impl.RoleInfo (RoleInfo.java:shutdownFollowerState(110)) - aaaf6e37-99bf-4100-a292-78f58d03488b: shutdown aaaf6e37-99bf-4100-a292-78f58d03488b@group-7301C1C6E889-FollowerState
2022-06-24 23:50:38,576 [aaaf6e37-99bf-4100-a292-78f58d03488b@group-7301C1C6E889-FollowerState] INFO  server.RaftServer$Division (RaftServerImpl.java:setRole(299)) - aaaf6e37-99bf-4100-a292-78f58d03488b@group-7301C1C6E889: changes role from  FOLLOWER to CANDIDATE at term 0 for changeToCandidate
2022-06-24 23:50:38,576 [aaaf6e37-99bf-4100-a292-78f58d03488b@group-7301C1C6E889-FollowerState] INFO  server.RaftServerConfigKeys (ConfUtils.java:logGet(46)) - raft.server.leaderelection.pre-vote = false (custom)
2022-06-24 23:50:38,576 [aaaf6e37-99bf-4100-a292-78f58d03488b@group-7301C1C6E889-FollowerState] INFO  impl.RoleInfo (RoleInfo.java:updateAndGet(139)) - aaaf6e37-99bf-4100-a292-78f58d03488b: start aaaf6e37-99bf-4100-a292-78f58d03488b@group-7301C1C6E889-LeaderElection55
2022-06-24 23:50:38,577 [e0e9d4ea-e5ff-4cfc-8100-64ee9cc1170c@group-7301C1C6E889-LeaderElection54] INFO  impl.LeaderElection (LeaderElection.java:logAndReturn(90)) - e0e9d4ea-e5ff-4cfc-8100-64ee9cc1170c@group-7301C1C6E889-LeaderElection54: ELECTION REJECTED received 1 response(s) and 0 exception(s):
2022-06-24 23:50:38,577 [e0e9d4ea-e5ff-4cfc-8100-64ee9cc1170c@group-7301C1C6E889-LeaderElection54] INFO  impl.LeaderElection (LeaderElection.java:logAndReturn(94)) -   Response 0: e0e9d4ea-e5ff-4cfc-8100-64ee9cc1170c<-e4b7c23e-ae07-4399-b4c7-5433903d8f4c#0:FAIL-t1
2022-06-24 23:50:38,580 [e0e9d4ea-e5ff-4cfc-8100-64ee9cc1170c@group-7301C1C6E889-LeaderElection54] INFO  impl.LeaderElection (LeaderElection.java:askForVotes(312)) - e0e9d4ea-e5ff-4cfc-8100-64ee9cc1170c@group-7301C1C6E889-LeaderElection54 ELECTION round 0: result REJECTED
2022-06-24 23:50:38,599 [e0e9d4ea-e5ff-4cfc-8100-64ee9cc1170c@group-7301C1C6E889-LeaderElection54] INFO  server.RaftServer$Division (RaftServerImpl.java:setRole(299)) - e0e9d4ea-e5ff-4cfc-8100-64ee9cc1170c@group-7301C1C6E889: changes role from CANDIDATE to FOLLOWER at term 1 for REJECTED
2022-06-24 23:50:38,599 [e0e9d4ea-e5ff-4cfc-8100-64ee9cc1170c@group-7301C1C6E889-LeaderElection54] INFO  impl.RoleInfo (RoleInfo.java:shutdownLeaderElection(130)) - e0e9d4ea-e5ff-4cfc-8100-64ee9cc1170c: shutdown e0e9d4ea-e5ff-4cfc-8100-64ee9cc1170c@group-7301C1C6E889-LeaderElection54
2022-06-24 23:50:38,599 [e0e9d4ea-e5ff-4cfc-8100-64ee9cc1170c@group-7301C1C6E889-LeaderElection54] INFO  impl.RoleInfo (RoleInfo.java:updateAndGet(139)) - e0e9d4ea-e5ff-4cfc-8100-64ee9cc1170c: start e0e9d4ea-e5ff-4cfc-8100-64ee9cc1170c@group-7301C1C6E889-FollowerState
2022-06-24 23:50:38,623 [aaaf6e37-99bf-4100-a292-78f58d03488b@group-7301C1C6E889-LeaderElection55] INFO  impl.LeaderElection (LeaderElection.java:askForVotes(310)) - aaaf6e37-99bf-4100-a292-78f58d03488b@group-7301C1C6E889-LeaderElection55 ELECTION round 0: submit vote requests at term 1 for -1: [e4b7c23e-ae07-4399-b4c7-5433903d8f4c|rpc:10.1.0.24:37801|dataStream:|priority:1, e0e9d4ea-e5ff-4cfc-8100-64ee9cc1170c|rpc:10.1.0.24:37185|dataStream:|priority:0, aaaf6e37-99bf-4100-a292-78f58d03488b|rpc:10.1.0.24:32839|dataStream:|priority:0], old=null
2022-06-24 23:50:38,640 [grpc-default-executor-1] INFO  server.RaftServer$Division (RaftServerImpl.java:requestVote(1152)) - aaaf6e37-99bf-4100-a292-78f58d03488b@group-7301C1C6E889: receive requestVote(ELECTION, e0e9d4ea-e5ff-4cfc-8100-64ee9cc1170c, group-7301C1C6E889, 1, (t:0, i:0))
2022-06-24 23:50:38,640 [grpc-default-executor-1] INFO  impl.VoteContext (VoteContext.java:log(48)) - aaaf6e37-99bf-4100-a292-78f58d03488b@group-7301C1C6E889-CANDIDATE: reject ELECTION from e0e9d4ea-e5ff-4cfc-8100-64ee9cc1170c: already has voted for aaaf6e37-99bf-4100-a292-78f58d03488b at current term 1
2022-06-24 23:50:38,640 [grpc-default-executor-1] INFO  server.RaftServer$Division (RaftServerImpl.java:requestVote(1184)) - aaaf6e37-99bf-4100-a292-78f58d03488b@group-7301C1C6E889 replies to ELECTION vote request: e0e9d4ea-e5ff-4cfc-8100-64ee9cc1170c<-aaaf6e37-99bf-4100-a292-78f58d03488b#0:FAIL-t1. Peer's state: aaaf6e37-99bf-4100-a292-78f58d03488b@group-7301C1C6E889:t1, leader=null, voted=aaaf6e37-99bf-4100-a292-78f58d03488b, raftlog=aaaf6e37-99bf-4100-a292-78f58d03488b@group-7301C1C6E889-SegmentedRaftLog:OPENED:c-1, conf=-1: [e4b7c23e-ae07-4399-b4c7-5433903d8f4c|rpc:10.1.0.24:37801|dataStream:|priority:1, e0e9d4ea-e5ff-4cfc-8100-64ee9cc1170c|rpc:10.1.0.24:37185|dataStream:|priority:0, aaaf6e37-99bf-4100-a292-78f58d03488b|rpc:10.1.0.24:32839|dataStream:|priority:0], old=null
2022-06-24 23:50:38,676 [grpc-default-executor-0] INFO  server.RaftServer$Division (RaftServerImpl.java:requestVote(1152)) - e4b7c23e-ae07-4399-b4c7-5433903d8f4c@group-7301C1C6E889: receive requestVote(ELECTION, aaaf6e37-99bf-4100-a292-78f58d03488b, group-7301C1C6E889, 1, (t:0, i:0))
2022-06-24 23:50:38,676 [grpc-default-executor-0] INFO  impl.VoteContext (VoteContext.java:log(48)) - e4b7c23e-ae07-4399-b4c7-5433903d8f4c@group-7301C1C6E889-FOLLOWER: reject ELECTION from aaaf6e37-99bf-4100-a292-78f58d03488b: our priority 1 > candidate's priority 0
2022-06-24 23:50:38,676 [grpc-default-executor-0] INFO  server.RaftServer$Division (RaftServerImpl.java:setRole(299)) - e4b7c23e-ae07-4399-b4c7-5433903d8f4c@group-7301C1C6E889: changes role from  FOLLOWER to FOLLOWER at term 1 for candidate:aaaf6e37-99bf-4100-a292-78f58d03488b
2022-06-24 23:50:38,676 [grpc-default-executor-0] INFO  impl.RoleInfo (RoleInfo.java:shutdownFollowerState(110)) - e4b7c23e-ae07-4399-b4c7-5433903d8f4c: shutdown e4b7c23e-ae07-4399-b4c7-5433903d8f4c@group-7301C1C6E889-FollowerState
2022-06-24 23:50:38,676 [grpc-default-executor-0] INFO  impl.RoleInfo (RoleInfo.java:updateAndGet(139)) - e4b7c23e-ae07-4399-b4c7-5433903d8f4c: start e4b7c23e-ae07-4399-b4c7-5433903d8f4c@group-7301C1C6E889-FollowerState
2022-06-24 23:50:38,676 [e4b7c23e-ae07-4399-b4c7-5433903d8f4c@group-7301C1C6E889-FollowerState] INFO  impl.FollowerState (FollowerState.java:run(152)) - e4b7c23e-ae07-4399-b4c7-5433903d8f4c@group-7301C1C6E889-FollowerState was interrupted
2022-06-24 23:50:38,683 [grpc-default-executor-0] INFO  server.RaftServer$Division (RaftServerImpl.java:requestVote(1184)) - e4b7c23e-ae07-4399-b4c7-5433903d8f4c@group-7301C1C6E889 replies to ELECTION vote request: aaaf6e37-99bf-4100-a292-78f58d03488b<-e4b7c23e-ae07-4399-b4c7-5433903d8f4c#0:FAIL-t1. Peer's state: e4b7c23e-ae07-4399-b4c7-5433903d8f4c@group-7301C1C6E889:t1, leader=null, voted=null, raftlog=e4b7c23e-ae07-4399-b4c7-5433903d8f4c@group-7301C1C6E889-SegmentedRaftLog:OPENED:c-1, conf=-1: [e4b7c23e-ae07-4399-b4c7-5433903d8f4c|rpc:10.1.0.24:37801|dataStream:|priority:1, e0e9d4ea-e5ff-4cfc-8100-64ee9cc1170c|rpc:10.1.0.24:37185|dataStream:|priority:0, aaaf6e37-99bf-4100-a292-78f58d03488b|rpc:10.1.0.24:32839|dataStream:|priority:0], old=null
2022-06-24 23:50:38,704 [aaaf6e37-99bf-4100-a292-78f58d03488b@group-7301C1C6E889-LeaderElection55] INFO  impl.LeaderElection (LeaderElection.java:logAndReturn(90)) - aaaf6e37-99bf-4100-a292-78f58d03488b@group-7301C1C6E889-LeaderElection55: ELECTION REJECTED received 1 response(s) and 0 exception(s):
2022-06-24 23:50:38,704 [aaaf6e37-99bf-4100-a292-78f58d03488b@group-7301C1C6E889-LeaderElection55] INFO  impl.LeaderElection (LeaderElection.java:logAndReturn(94)) -   Response 0: aaaf6e37-99bf-4100-a292-78f58d03488b<-e4b7c23e-ae07-4399-b4c7-5433903d8f4c#0:FAIL-t1
2022-06-24 23:50:38,704 [aaaf6e37-99bf-4100-a292-78f58d03488b@group-7301C1C6E889-LeaderElection55] INFO  impl.LeaderElection (LeaderElection.java:askForVotes(312)) - aaaf6e37-99bf-4100-a292-78f58d03488b@group-7301C1C6E889-LeaderElection55 ELECTION round 0: result REJECTED
2022-06-24 23:50:38,704 [aaaf6e37-99bf-4100-a292-78f58d03488b@group-7301C1C6E889-LeaderElection55] INFO  server.RaftServer$Division (RaftServerImpl.java:setRole(299)) - aaaf6e37-99bf-4100-a292-78f58d03488b@group-7301C1C6E889: changes role from CANDIDATE to FOLLOWER at term 1 for REJECTED
2022-06-24 23:50:38,704 [aaaf6e37-99bf-4100-a292-78f58d03488b@group-7301C1C6E889-LeaderElection55] INFO  impl.RoleInfo (RoleInfo.java:shutdownLeaderElection(130)) - aaaf6e37-99bf-4100-a292-78f58d03488b: shutdown aaaf6e37-99bf-4100-a292-78f58d03488b@group-7301C1C6E889-LeaderElection55
2022-06-24 23:50:38,704 [aaaf6e37-99bf-4100-a292-78f58d03488b@group-7301C1C6E889-LeaderElection55] INFO  impl.RoleInfo (RoleInfo.java:updateAndGet(139)) - aaaf6e37-99bf-4100-a292-78f58d03488b: start aaaf6e37-99bf-4100-a292-78f58d03488b@group-7301C1C6E889-FollowerState
2022-06-24 23:50:38,723 [grpc-default-executor-1] INFO  server.RaftServer$Division (RaftServerImpl.java:requestVote(1152)) - e0e9d4ea-e5ff-4cfc-8100-64ee9cc1170c@group-7301C1C6E889: receive requestVote(ELECTION, aaaf6e37-99bf-4100-a292-78f58d03488b, group-7301C1C6E889, 1, (t:0, i:0))
2022-06-24 23:50:38,723 [grpc-default-executor-1] INFO  impl.VoteContext (VoteContext.java:log(48)) - e0e9d4ea-e5ff-4cfc-8100-64ee9cc1170c@group-7301C1C6E889-FOLLOWER: reject ELECTION from aaaf6e37-99bf-4100-a292-78f58d03488b: already has voted for e0e9d4ea-e5ff-4cfc-8100-64ee9cc1170c at current term 1
2022-06-24 23:50:38,723 [grpc-default-executor-1] INFO  server.RaftServer$Division (RaftServerImpl.java:requestVote(1184)) - e0e9d4ea-e5ff-4cfc-8100-64ee9cc1170c@group-7301C1C6E889 replies to ELECTION vote request: aaaf6e37-99bf-4100-a292-78f58d03488b<-e0e9d4ea-e5ff-4cfc-8100-64ee9cc1170c#0:FAIL-t1. Peer's state: e0e9d4ea-e5ff-4cfc-8100-64ee9cc1170c@group-7301C1C6E889:t1, leader=null, voted=e0e9d4ea-e5ff-4cfc-8100-64ee9cc1170c, raftlog=e0e9d4ea-e5ff-4cfc-8100-64ee9cc1170c@group-7301C1C6E889-SegmentedRaftLog:OPENED:c-1, conf=-1: [e4b7c23e-ae07-4399-b4c7-5433903d8f4c|rpc:10.1.0.24:37801|priority:1, e0e9d4ea-e5ff-4cfc-8100-64ee9cc1170c|rpc:10.1.0.24:37185|priority:0, aaaf6e37-99bf-4100-a292-78f58d03488b|rpc:10.1.0.24:32839|priority:0], old=null
2022-06-24 23:50:38,794 [e0e9d4ea-e5ff-4cfc-8100-64ee9cc1170c@group-B4568C3885F6-FollowerState] INFO  impl.FollowerState (FollowerState.java:run(143)) - e0e9d4ea-e5ff-4cfc-8100-64ee9cc1170c@group-B4568C3885F6-FollowerState: change to CANDIDATE, lastRpcElapsedTime:5152410849ns, electionTimeout:5145ms
2022-06-24 23:50:38,794 [e0e9d4ea-e5ff-4cfc-8100-64ee9cc1170c@group-B4568C3885F6-FollowerState] INFO  impl.RoleInfo (RoleInfo.java:shutdownFollowerState(110)) - e0e9d4ea-e5ff-4cfc-8100-64ee9cc1170c: shutdown e0e9d4ea-e5ff-4cfc-8100-64ee9cc1170c@group-B4568C3885F6-FollowerState
2022-06-24 23:50:38,794 [e0e9d4ea-e5ff-4cfc-8100-64ee9cc1170c@group-B4568C3885F6-FollowerState] INFO  server.RaftServer$Division (RaftServerImpl.java:setRole(299)) - e0e9d4ea-e5ff-4cfc-8100-64ee9cc1170c@group-B4568C3885F6: changes role from  FOLLOWER to CANDIDATE at term 0 for changeToCandidate
2022-06-24 23:50:38,794 [e0e9d4ea-e5ff-4cfc-8100-64ee9cc1170c@group-B4568C3885F6-FollowerState] INFO  server.RaftServerConfigKeys (ConfUtils.java:logGet(46)) - raft.server.leaderelection.pre-vote = false (custom)
2022-06-24 23:50:38,794 [e0e9d4ea-e5ff-4cfc-8100-64ee9cc1170c@group-B4568C3885F6-FollowerState] INFO  impl.RoleInfo (RoleInfo.java:updateAndGet(139)) - e0e9d4ea-e5ff-4cfc-8100-64ee9cc1170c: start e0e9d4ea-e5ff-4cfc-8100-64ee9cc1170c@group-B4568C3885F6-LeaderElection56
2022-06-24 23:50:38,840 [e0e9d4ea-e5ff-4cfc-8100-64ee9cc1170c@group-B4568C3885F6-LeaderElection56] INFO  impl.LeaderElection (LeaderElection.java:askForVotes(310)) - e0e9d4ea-e5ff-4cfc-8100-64ee9cc1170c@group-B4568C3885F6-LeaderElection56 ELECTION round 0: submit vote requests at term 1 for -1: [e4b7c23e-ae07-4399-b4c7-5433903d8f4c|rpc:10.1.0.24:37801|priority:0, e0e9d4ea-e5ff-4cfc-8100-64ee9cc1170c|rpc:10.1.0.24:37185|priority:1, aaaf6e37-99bf-4100-a292-78f58d03488b|rpc:10.1.0.24:32839|priority:0], old=null
2022-06-24 23:50:38,859 [aaaf6e37-99bf-4100-a292-78f58d03488b@group-B4568C3885F6-FollowerState] INFO  impl.FollowerState (FollowerState.java:run(143)) - aaaf6e37-99bf-4100-a292-78f58d03488b@group-B4568C3885F6-FollowerState: change to CANDIDATE, lastRpcElapsedTime:5098282424ns, electionTimeout:5091ms
2022-06-24 23:50:38,859 [aaaf6e37-99bf-4100-a292-78f58d03488b@group-B4568C3885F6-FollowerState] INFO  impl.RoleInfo (RoleInfo.java:shutdownFollowerState(110)) - aaaf6e37-99bf-4100-a292-78f58d03488b: shutdown aaaf6e37-99bf-4100-a292-78f58d03488b@group-B4568C3885F6-FollowerState
2022-06-24 23:50:38,859 [aaaf6e37-99bf-4100-a292-78f58d03488b@group-B4568C3885F6-FollowerState] INFO  server.RaftServer$Division (RaftServerImpl.java:setRole(299)) - aaaf6e37-99bf-4100-a292-78f58d03488b@group-B4568C3885F6: changes role from  FOLLOWER to CANDIDATE at term 0 for changeToCandidate
2022-06-24 23:50:38,866 [aaaf6e37-99bf-4100-a292-78f58d03488b@group-B4568C3885F6-FollowerState] INFO  server.RaftServerConfigKeys (ConfUtils.java:logGet(46)) - raft.server.leaderelection.pre-vote = false (custom)
2022-06-24 23:50:38,867 [aaaf6e37-99bf-4100-a292-78f58d03488b@group-B4568C3885F6-FollowerState] INFO  impl.RoleInfo (RoleInfo.java:updateAndGet(139)) - aaaf6e37-99bf-4100-a292-78f58d03488b: start aaaf6e37-99bf-4100-a292-78f58d03488b@group-B4568C3885F6-LeaderElection57
2022-06-24 23:50:38,876 [grpc-default-executor-1] INFO  server.RaftServer$Division (RaftServerImpl.java:requestVote(1152)) - e4b7c23e-ae07-4399-b4c7-5433903d8f4c@group-B4568C3885F6: receive requestVote(ELECTION, e0e9d4ea-e5ff-4cfc-8100-64ee9cc1170c, group-B4568C3885F6, 1, (t:0, i:0))
2022-06-24 23:50:38,877 [grpc-default-executor-1] INFO  impl.VoteContext (VoteContext.java:log(48)) - e4b7c23e-ae07-4399-b4c7-5433903d8f4c@group-B4568C3885F6-FOLLOWER: accept ELECTION from e0e9d4ea-e5ff-4cfc-8100-64ee9cc1170c: our priority 0 <= candidate's priority 1
2022-06-24 23:50:38,877 [grpc-default-executor-1] INFO  server.RaftServer$Division (RaftServerImpl.java:setRole(299)) - e4b7c23e-ae07-4399-b4c7-5433903d8f4c@group-B4568C3885F6: changes role from  FOLLOWER to FOLLOWER at term 1 for candidate:e0e9d4ea-e5ff-4cfc-8100-64ee9cc1170c
2022-06-24 23:50:38,877 [grpc-default-executor-1] INFO  impl.RoleInfo (RoleInfo.java:shutdownFollowerState(110)) - e4b7c23e-ae07-4399-b4c7-5433903d8f4c: shutdown e4b7c23e-ae07-4399-b4c7-5433903d8f4c@group-B4568C3885F6-FollowerState
2022-06-24 23:50:38,877 [grpc-default-executor-1] INFO  impl.RoleInfo (RoleInfo.java:updateAndGet(139)) - e4b7c23e-ae07-4399-b4c7-5433903d8f4c: start e4b7c23e-ae07-4399-b4c7-5433903d8f4c@group-B4568C3885F6-FollowerState
2022-06-24 23:50:38,877 [grpc-default-executor-0] INFO  server.RaftServer$Division (RaftServerImpl.java:requestVote(1152)) - aaaf6e37-99bf-4100-a292-78f58d03488b@group-B4568C3885F6: receive requestVote(ELECTION, e0e9d4ea-e5ff-4cfc-8100-64ee9cc1170c, group-B4568C3885F6, 1, (t:0, i:0))
2022-06-24 23:50:38,877 [grpc-default-executor-0] INFO  impl.VoteContext (VoteContext.java:log(48)) - aaaf6e37-99bf-4100-a292-78f58d03488b@group-B4568C3885F6-CANDIDATE: accept ELECTION from e0e9d4ea-e5ff-4cfc-8100-64ee9cc1170c: our priority 0 <= candidate's priority 1
2022-06-24 23:50:38,877 [grpc-default-executor-0] INFO  server.RaftServer$Division (RaftServerImpl.java:setRole(299)) - aaaf6e37-99bf-4100-a292-78f58d03488b@group-B4568C3885F6: changes role from CANDIDATE to FOLLOWER at term 1 for candidate:e0e9d4ea-e5ff-4cfc-8100-64ee9cc1170c
2022-06-24 23:50:38,877 [grpc-default-executor-0] INFO  impl.RoleInfo (RoleInfo.java:shutdownLeaderElection(130)) - aaaf6e37-99bf-4100-a292-78f58d03488b: shutdown aaaf6e37-99bf-4100-a292-78f58d03488b@group-B4568C3885F6-LeaderElection57
2022-06-24 23:50:38,878 [e4b7c23e-ae07-4399-b4c7-5433903d8f4c@group-B4568C3885F6-FollowerState] INFO  impl.FollowerState (FollowerState.java:run(152)) - e4b7c23e-ae07-4399-b4c7-5433903d8f4c@group-B4568C3885F6-FollowerState was interrupted
2022-06-24 23:50:38,897 [grpc-default-executor-1] INFO  server.RaftServer$Division (RaftServerImpl.java:requestVote(1184)) - e4b7c23e-ae07-4399-b4c7-5433903d8f4c@group-B4568C3885F6 replies to ELECTION vote request: e0e9d4ea-e5ff-4cfc-8100-64ee9cc1170c<-e4b7c23e-ae07-4399-b4c7-5433903d8f4c#0:OK-t1. Peer's state: e4b7c23e-ae07-4399-b4c7-5433903d8f4c@group-B4568C3885F6:t1, leader=null, voted=e0e9d4ea-e5ff-4cfc-8100-64ee9cc1170c, raftlog=e4b7c23e-ae07-4399-b4c7-5433903d8f4c@group-B4568C3885F6-SegmentedRaftLog:OPENED:c-1, conf=-1: [e4b7c23e-ae07-4399-b4c7-5433903d8f4c|rpc:10.1.0.24:37801|dataStream:|priority:0, e0e9d4ea-e5ff-4cfc-8100-64ee9cc1170c|rpc:10.1.0.24:37185|dataStream:|priority:1, aaaf6e37-99bf-4100-a292-78f58d03488b|rpc:10.1.0.24:32839|dataStream:|priority:0], old=null
2022-06-24 23:50:38,899 [grpc-default-executor-0] INFO  impl.RoleInfo (RoleInfo.java:updateAndGet(139)) - aaaf6e37-99bf-4100-a292-78f58d03488b: start aaaf6e37-99bf-4100-a292-78f58d03488b@group-B4568C3885F6-FollowerState
2022-06-24 23:50:38,901 [e0e9d4ea-e5ff-4cfc-8100-64ee9cc1170c@group-B4568C3885F6-LeaderElection56] INFO  impl.LeaderElection (LeaderElection.java:logAndReturn(90)) - e0e9d4ea-e5ff-4cfc-8100-64ee9cc1170c@group-B4568C3885F6-LeaderElection56: ELECTION PASSED received 1 response(s) and 0 exception(s):
2022-06-24 23:50:38,901 [e0e9d4ea-e5ff-4cfc-8100-64ee9cc1170c@group-B4568C3885F6-LeaderElection56] INFO  impl.LeaderElection (LeaderElection.java:logAndReturn(94)) -   Response 0: e0e9d4ea-e5ff-4cfc-8100-64ee9cc1170c<-e4b7c23e-ae07-4399-b4c7-5433903d8f4c#0:OK-t1
2022-06-24 23:50:38,901 [e0e9d4ea-e5ff-4cfc-8100-64ee9cc1170c@group-B4568C3885F6-LeaderElection56] INFO  impl.LeaderElection (LeaderElection.java:askForVotes(312)) - e0e9d4ea-e5ff-4cfc-8100-64ee9cc1170c@group-B4568C3885F6-LeaderElection56 ELECTION round 0: result PASSED
2022-06-24 23:50:38,902 [e0e9d4ea-e5ff-4cfc-8100-64ee9cc1170c@group-B4568C3885F6-LeaderElection56] INFO  impl.RoleInfo (RoleInfo.java:shutdownLeaderElection(130)) - e0e9d4ea-e5ff-4cfc-8100-64ee9cc1170c: shutdown e0e9d4ea-e5ff-4cfc-8100-64ee9cc1170c@group-B4568C3885F6-LeaderElection56
2022-06-24 23:50:38,902 [e0e9d4ea-e5ff-4cfc-8100-64ee9cc1170c@group-B4568C3885F6-LeaderElection56] INFO  server.RaftServer$Division (RaftServerImpl.java:setRole(299)) - e0e9d4ea-e5ff-4cfc-8100-64ee9cc1170c@group-B4568C3885F6: changes role from CANDIDATE to LEADER at term 1 for changeToLeader
2022-06-24 23:50:38,902 [e0e9d4ea-e5ff-4cfc-8100-64ee9cc1170c@group-B4568C3885F6-LeaderElection56] INFO  ratis.XceiverServerRatis (XceiverServerRatis.java:handleLeaderChangedNotification(863)) - Leader change notification received for group: group-B4568C3885F6 with new leaderId: e0e9d4ea-e5ff-4cfc-8100-64ee9cc1170c
2022-06-24 23:50:38,902 [e0e9d4ea-e5ff-4cfc-8100-64ee9cc1170c@group-B4568C3885F6-LeaderElection56] INFO  server.RaftServer$Division (ServerState.java:setLeader(287)) - e0e9d4ea-e5ff-4cfc-8100-64ee9cc1170c@group-B4568C3885F6: change Leader from null to e0e9d4ea-e5ff-4cfc-8100-64ee9cc1170c at term 1 for becomeLeader, leader elected after 5271ms
2022-06-24 23:50:38,902 [e0e9d4ea-e5ff-4cfc-8100-64ee9cc1170c@group-B4568C3885F6-LeaderElection56] INFO  server.RaftServerConfigKeys (ConfUtils.java:logGet(46)) - raft.server.staging.catchup.gap = 1000 (default)
2022-06-24 23:50:38,902 [e0e9d4ea-e5ff-4cfc-8100-64ee9cc1170c@group-B4568C3885F6-LeaderElection56] INFO  server.RaftServerConfigKeys (ConfUtils.java:logGet(46)) - raft.server.write.element-limit = 1024 (custom)
2022-06-24 23:50:38,902 [e0e9d4ea-e5ff-4cfc-8100-64ee9cc1170c@group-B4568C3885F6-LeaderElection56] INFO  server.RaftServerConfigKeys (ConfUtils.java:logGet(46)) - raft.server.write.byte-limit = 1024 M (=1073741824) (custom)
2022-06-24 23:50:38,902 [e0e9d4ea-e5ff-4cfc-8100-64ee9cc1170c@group-B4568C3885F6-LeaderElection56] INFO  server.RaftServerConfigKeys (ConfUtils.java:logGet(46)) - raft.server.watch.timeout = 180s (custom)
2022-06-24 23:50:38,902 [e0e9d4ea-e5ff-4cfc-8100-64ee9cc1170c@group-B4568C3885F6-LeaderElection56] INFO  server.RaftServerConfigKeys (ConfUtils.java:logGet(46)) - raft.server.watch.timeout.denomination = 1s (default)
2022-06-24 23:50:38,902 [e0e9d4ea-e5ff-4cfc-8100-64ee9cc1170c@group-B4568C3885F6-LeaderElection56] INFO  server.RaftServerConfigKeys (ConfUtils.java:logGet(46)) - raft.server.watch.element-limit = 65536 (default)
2022-06-24 23:50:38,903 [e0e9d4ea-e5ff-4cfc-8100-64ee9cc1170c@group-B4568C3885F6-LeaderElection56] INFO  server.RaftServerConfigKeys (ConfUtils.java:logGet(46)) - raft.server.write.element-limit = 1024 (custom)
2022-06-24 23:50:38,903 [e0e9d4ea-e5ff-4cfc-8100-64ee9cc1170c@group-B4568C3885F6-LeaderElection56] INFO  server.RaftServerConfigKeys (ConfUtils.java:logGet(46)) - raft.server.write.follower.gap.ratio.max = -1.0 (default)
2022-06-24 23:50:38,903 [e0e9d4ea-e5ff-4cfc-8100-64ee9cc1170c@group-B4568C3885F6-LeaderElection56] INFO  server.RaftServerConfigKeys (ConfUtils.java:logGet(46)) - raft.server.log.appender.snapshot.chunk.size.max = 16MB (=16777216) (default)
2022-06-24 23:50:38,903 [e0e9d4ea-e5ff-4cfc-8100-64ee9cc1170c@group-B4568C3885F6-LeaderElection56] INFO  server.RaftServerConfigKeys (ConfUtils.java:logGet(46)) - raft.server.log.appender.buffer.byte-limit = 33554432 (custom)
2022-06-24 23:50:38,903 [e0e9d4ea-e5ff-4cfc-8100-64ee9cc1170c@group-B4568C3885F6-LeaderElection56] INFO  server.RaftServerConfigKeys (ConfUtils.java:logGet(46)) - raft.server.log.appender.buffer.element-limit = 1 (custom)
2022-06-24 23:50:38,904 [e0e9d4ea-e5ff-4cfc-8100-64ee9cc1170c@group-B4568C3885F6-LeaderElection56] INFO  grpc.GrpcConfigKeys (ConfUtils.java:logGet(46)) - raft.grpc.server.leader.outstanding.appends.max = 128 (default)
2022-06-24 23:50:38,904 [e0e9d4ea-e5ff-4cfc-8100-64ee9cc1170c@group-B4568C3885F6-LeaderElection56] INFO  server.RaftServerConfigKeys (ConfUtils.java:logGet(46)) - raft.server.rpc.request.timeout = 60s (custom)
2022-06-24 23:50:38,904 [e0e9d4ea-e5ff-4cfc-8100-64ee9cc1170c@group-B4568C3885F6-LeaderElection56] INFO  server.RaftServerConfigKeys (ConfUtils.java:logGet(46)) - raft.server.log.appender.install.snapshot.enabled = false (custom)
2022-06-24 23:50:38,905 [e0e9d4ea-e5ff-4cfc-8100-64ee9cc1170c@group-B4568C3885F6-LeaderElection56] INFO  server.RaftServerConfigKeys (ConfUtils.java:logGet(46)) - raft.server.log.appender.snapshot.chunk.size.max = 16MB (=16777216) (default)
2022-06-24 23:50:38,905 [e0e9d4ea-e5ff-4cfc-8100-64ee9cc1170c@group-B4568C3885F6-LeaderElection56] INFO  server.RaftServerConfigKeys (ConfUtils.java:logGet(46)) - raft.server.log.appender.buffer.byte-limit = 33554432 (custom)
2022-06-24 23:50:38,905 [e0e9d4ea-e5ff-4cfc-8100-64ee9cc1170c@group-B4568C3885F6-LeaderElection56] INFO  server.RaftServerConfigKeys (ConfUtils.java:logGet(46)) - raft.server.log.appender.buffer.element-limit = 1 (custom)
2022-06-24 23:50:38,907 [e0e9d4ea-e5ff-4cfc-8100-64ee9cc1170c@group-B4568C3885F6-LeaderElection56] INFO  grpc.GrpcConfigKeys (ConfUtils.java:logGet(46)) - raft.grpc.server.leader.outstanding.appends.max = 128 (default)
2022-06-24 23:50:38,907 [e0e9d4ea-e5ff-4cfc-8100-64ee9cc1170c@group-B4568C3885F6-LeaderElection56] INFO  server.RaftServerConfigKeys (ConfUtils.java:logGet(46)) - raft.server.rpc.request.timeout = 60s (custom)
2022-06-24 23:50:38,907 [e0e9d4ea-e5ff-4cfc-8100-64ee9cc1170c@group-B4568C3885F6-LeaderElection56] INFO  server.RaftServerConfigKeys (ConfUtils.java:logGet(46)) - raft.server.log.appender.install.snapshot.enabled = false (custom)
2022-06-24 23:50:38,907 [e0e9d4ea-e5ff-4cfc-8100-64ee9cc1170c@group-B4568C3885F6-LeaderElection56] INFO  impl.RoleInfo (RoleInfo.java:updateAndGet(139)) - e0e9d4ea-e5ff-4cfc-8100-64ee9cc1170c: start e0e9d4ea-e5ff-4cfc-8100-64ee9cc1170c@group-B4568C3885F6-LeaderStateImpl
2022-06-24 23:50:38,908 [e0e9d4ea-e5ff-4cfc-8100-64ee9cc1170c@group-B4568C3885F6-LeaderElection56] INFO  segmented.SegmentedRaftLogWorker (SegmentedRaftLogWorker.java:startLogSegment(425)) - e0e9d4ea-e5ff-4cfc-8100-64ee9cc1170c@group-B4568C3885F6-SegmentedRaftLogWorker: Starting segment from index:0
2022-06-24 23:50:38,939 [EventQueue-PipelineReportForPipelineReportHandler] INFO  pipeline.PipelineManagerImpl (PipelineManagerImpl.java:openPipeline(358)) - Pipeline Pipeline[ Id: 11ed04e3-e629-4a28-9b8b-b4568c3885f6, Nodes: e0e9d4ea-e5ff-4cfc-8100-64ee9cc1170c{ip: 10.1.0.24, host: fv-az21-224.v4iizcarkezebbfea14bcgzyke.bx.internal.cloudapp.net, ports: [REPLICATION=46179, RATIS=37185, RATIS_ADMIN=37185, RATIS_SERVER=37185, STANDALONE=44191], networkLocation: /default-rack, certSerialId: null, persistedOpState: IN_SERVICE, persistedOpStateExpiryEpochSec: 0}aaaf6e37-99bf-4100-a292-78f58d03488b{ip: 10.1.0.24, host: fv-az21-224.v4iizcarkezebbfea14bcgzyke.bx.internal.cloudapp.net, ports: [REPLICATION=40551, RATIS=32839, RATIS_ADMIN=32839, RATIS_SERVER=32839, STANDALONE=33413], networkLocation: /default-rack, certSerialId: null, persistedOpState: IN_SERVICE, persistedOpStateExpiryEpochSec: 0}e4b7c23e-ae07-4399-b4c7-5433903d8f4c{ip: 10.1.0.24, host: fv-az21-224.v4iizcarkezebbfea14bcgzyke.bx.internal.cloudapp.net, ports: [REPLICATION=34437, RATIS=37801, RATIS_ADMIN=37801, RATIS_SERVER=37801, STANDALONE=37619], networkLocation: /default-rack, certSerialId: null, persistedOpState: IN_SERVICE, persistedOpStateExpiryEpochSec: 0}, ReplicationConfig: RATIS/THREE, State:ALLOCATED, leaderId:e0e9d4ea-e5ff-4cfc-8100-64ee9cc1170c, CreationTimestamp2022-06-24T23:50:32.112Z[Etc/UTC]] moved to OPEN state
2022-06-24 23:50:38,939 [EventQueue-OpenPipelineForHealthyPipelineSafeModeRule] INFO  safemode.SCMSafeModeManager (HealthyPipelineSafeModeRule.java:process(124)) - SCM in safe mode. Healthy pipelines reported count is 1, required healthy pipeline reported count is 1
2022-06-24 23:50:38,940 [EventQueue-OpenPipelineForHealthyPipelineSafeModeRule] INFO  safemode.SCMSafeModeManager (SCMSafeModeManager.java:validateSafeModeExitRules(204)) - HealthyPipelineSafeModeRule rule is successfully validated
2022-06-24 23:50:38,940 [EventQueue-OpenPipelineForHealthyPipelineSafeModeRule] INFO  safemode.SCMSafeModeManager (SCMSafeModeManager.java:validateSafeModeExitRules(219)) - ScmSafeModeManager, all rules are successfully validated
2022-06-24 23:50:38,940 [EventQueue-OpenPipelineForHealthyPipelineSafeModeRule] INFO  safemode.SCMSafeModeManager (SCMSafeModeManager.java:exitSafeMode(248)) - SCM exiting safe mode.
2022-06-24 23:50:38,940 [EventQueue-OpenPipelineForHealthyPipelineSafeModeRule] WARN  events.EventQueue (EventQueue.java:fireEvent(216)) - No event handler registered for event TypedEvent{payloadType=SafeModeStatus, name='Safe mode status'}
2022-06-24 23:50:38,940 [EventQueue-OpenPipelineForHealthyPipelineSafeModeRule] INFO  ha.SCMContext (SCMContext.java:updateSafeModeStatus(228)) - Update SafeModeStatus from SafeModeStatus{safeModeStatus=true, preCheckPassed=true} to SafeModeStatus{safeModeStatus=false, preCheckPassed=true}.
2022-06-24 23:50:38,940 [EventQueue-OpenPipelineForHealthyPipelineSafeModeRule] INFO  pipeline.BackgroundPipelineCreator (BackgroundPipelineCreator.java:notifyStatusChanged(253)) - Service BackgroundPipelineCreator transitions to RUNNING.
2022-06-24 23:50:38,940 [EventQueue-OpenPipelineForHealthyPipelineSafeModeRule] INFO  BackgroundPipelineScrubber (BackgroundSCMService.java:notifyStatusChanged(82)) - Service BackgroundPipelineScrubber transitions to RUNNING.
2022-06-24 23:50:38,940 [EventQueue-OpenPipelineForHealthyPipelineSafeModeRule] INFO  ExpiredContainerReplicaOpScrubber (BackgroundSCMService.java:notifyStatusChanged(82)) - Service ExpiredContainerReplicaOpScrubber transitions to RUNNING.
2022-06-24 23:50:38,940 [EventQueue-OpenPipelineForHealthyPipelineSafeModeRule] INFO  replication.ReplicationManager (ReplicationManager.java:notifyStatusChanged(372)) - Service ReplicationManager transitions to RUNNING.
2022-06-24 23:50:38,940 [EventQueue-OpenPipelineForHealthyPipelineSafeModeRule] WARN  balancer.ContainerBalancer (ContainerBalancer.java:shouldRun(875)) - Could not find persisted configuration for ContainerBalancer when checking if ContainerBalancer should run. ContainerBalancer should not run now.
2022-06-24 23:50:38,966 [grpc-default-executor-0] INFO  server.RaftServer$Division (RaftServerImpl.java:requestVote(1184)) - aaaf6e37-99bf-4100-a292-78f58d03488b@group-B4568C3885F6 replies to ELECTION vote request: e0e9d4ea-e5ff-4cfc-8100-64ee9cc1170c<-aaaf6e37-99bf-4100-a292-78f58d03488b#0:OK-t1. Peer's state: aaaf6e37-99bf-4100-a292-78f58d03488b@group-B4568C3885F6:t1, leader=null, voted=e0e9d4ea-e5ff-4cfc-8100-64ee9cc1170c, raftlog=aaaf6e37-99bf-4100-a292-78f58d03488b@group-B4568C3885F6-SegmentedRaftLog:OPENED:c-1, conf=-1: [e4b7c23e-ae07-4399-b4c7-5433903d8f4c|rpc:10.1.0.24:37801|dataStream:|priority:0, e0e9d4ea-e5ff-4cfc-8100-64ee9cc1170c|rpc:10.1.0.24:37185|dataStream:|priority:1, aaaf6e37-99bf-4100-a292-78f58d03488b|rpc:10.1.0.24:32839|dataStream:|priority:0], old=null
2022-06-24 23:50:38,966 [e0e9d4ea-e5ff-4cfc-8100-64ee9cc1170c@group-B4568C3885F6-LeaderElection56] INFO  server.RaftServer$Division (ServerState.java:setRaftConf(393)) - e0e9d4ea-e5ff-4cfc-8100-64ee9cc1170c@group-B4568C3885F6: set configuration 0: [e4b7c23e-ae07-4399-b4c7-5433903d8f4c|rpc:10.1.0.24:37801|dataStream:|priority:0, e0e9d4ea-e5ff-4cfc-8100-64ee9cc1170c|rpc:10.1.0.24:37185|dataStream:|priority:1, aaaf6e37-99bf-4100-a292-78f58d03488b|rpc:10.1.0.24:32839|dataStream:|priority:0], old=null
2022-06-24 23:50:39,016 [aaaf6e37-99bf-4100-a292-78f58d03488b-server-thread1] INFO  ratis.XceiverServerRatis (XceiverServerRatis.java:handleLeaderChangedNotification(863)) - Leader change notification received for group: group-B4568C3885F6 with new leaderId: e0e9d4ea-e5ff-4cfc-8100-64ee9cc1170c
2022-06-24 23:50:39,017 [aaaf6e37-99bf-4100-a292-78f58d03488b-server-thread1] INFO  server.RaftServer$Division (ServerState.java:setLeader(287)) - aaaf6e37-99bf-4100-a292-78f58d03488b@group-B4568C3885F6: change Leader from null to e0e9d4ea-e5ff-4cfc-8100-64ee9cc1170c at term 1 for appendEntries, leader elected after 5272ms
2022-06-24 23:50:39,017 [e0e9d4ea-e5ff-4cfc-8100-64ee9cc1170c@group-B4568C3885F6-SegmentedRaftLogWorker] INFO  segmented.SegmentedRaftLogWorker (SegmentedRaftLogWorker.java:execute(629)) - e0e9d4ea-e5ff-4cfc-8100-64ee9cc1170c@group-B4568C3885F6-SegmentedRaftLogWorker: created new log segment /home/runner/work/ozone/ozone/hadoop-ozone/integration-test/target/test-dir/MiniOzoneClusterImpl-fde6c995-fd32-43d9-9d96-6dc5d052cd3d/datanode-0/data/ratis/11ed04e3-e629-4a28-9b8b-b4568c3885f6/current/log_inprogress_0
2022-06-24 23:50:39,019 [e4b7c23e-ae07-4399-b4c7-5433903d8f4c-server-thread1] INFO  ratis.XceiverServerRatis (XceiverServerRatis.java:handleLeaderChangedNotification(863)) - Leader change notification received for group: group-B4568C3885F6 with new leaderId: e0e9d4ea-e5ff-4cfc-8100-64ee9cc1170c
2022-06-24 23:50:39,020 [e4b7c23e-ae07-4399-b4c7-5433903d8f4c-server-thread1] INFO  server.RaftServer$Division (ServerState.java:setLeader(287)) - e4b7c23e-ae07-4399-b4c7-5433903d8f4c@group-B4568C3885F6: change Leader from null to e0e9d4ea-e5ff-4cfc-8100-64ee9cc1170c at term 1 for appendEntries, leader elected after 5151ms
2022-06-24 23:50:39,020 [aaaf6e37-99bf-4100-a292-78f58d03488b-server-thread1] INFO  server.RaftServer$Division (ServerState.java:setRaftConf(393)) - aaaf6e37-99bf-4100-a292-78f58d03488b@group-B4568C3885F6: set configuration 0: [e4b7c23e-ae07-4399-b4c7-5433903d8f4c|rpc:10.1.0.24:37801|dataStream:|priority:0, e0e9d4ea-e5ff-4cfc-8100-64ee9cc1170c|rpc:10.1.0.24:37185|dataStream:|priority:1, aaaf6e37-99bf-4100-a292-78f58d03488b|rpc:10.1.0.24:32839|dataStream:|priority:0], old=null
2022-06-24 23:50:39,020 [aaaf6e37-99bf-4100-a292-78f58d03488b-server-thread1] INFO  segmented.SegmentedRaftLogWorker (SegmentedRaftLogWorker.java:startLogSegment(425)) - aaaf6e37-99bf-4100-a292-78f58d03488b@group-B4568C3885F6-SegmentedRaftLogWorker: Starting segment from index:0
2022-06-24 23:50:39,026 [e4b7c23e-ae07-4399-b4c7-5433903d8f4c-server-thread1] INFO  server.RaftServer$Division (ServerState.java:setRaftConf(393)) - e4b7c23e-ae07-4399-b4c7-5433903d8f4c@group-B4568C3885F6: set configuration 0: [e4b7c23e-ae07-4399-b4c7-5433903d8f4c|rpc:10.1.0.24:37801|dataStream:|priority:0, e0e9d4ea-e5ff-4cfc-8100-64ee9cc1170c|rpc:10.1.0.24:37185|dataStream:|priority:1, aaaf6e37-99bf-4100-a292-78f58d03488b|rpc:10.1.0.24:32839|dataStream:|priority:0], old=null
2022-06-24 23:50:39,027 [e4b7c23e-ae07-4399-b4c7-5433903d8f4c-server-thread1] INFO  segmented.SegmentedRaftLogWorker (SegmentedRaftLogWorker.java:startLogSegment(425)) - e4b7c23e-ae07-4399-b4c7-5433903d8f4c@group-B4568C3885F6-SegmentedRaftLogWorker: Starting segment from index:0
2022-06-24 23:50:39,033 [e4b7c23e-ae07-4399-b4c7-5433903d8f4c@group-B4568C3885F6-SegmentedRaftLogWorker] INFO  segmented.SegmentedRaftLogWorker (SegmentedRaftLogWorker.java:execute(629)) - e4b7c23e-ae07-4399-b4c7-5433903d8f4c@group-B4568C3885F6-SegmentedRaftLogWorker: created new log segment /home/runner/work/ozone/ozone/hadoop-ozone/integration-test/target/test-dir/MiniOzoneClusterImpl-fde6c995-fd32-43d9-9d96-6dc5d052cd3d/datanode-1/data/ratis/11ed04e3-e629-4a28-9b8b-b4568c3885f6/current/log_inprogress_0
2022-06-24 23:50:39,090 [aaaf6e37-99bf-4100-a292-78f58d03488b@group-B4568C3885F6-SegmentedRaftLogWorker] INFO  segmented.SegmentedRaftLogWorker (SegmentedRaftLogWorker.java:execute(629)) - aaaf6e37-99bf-4100-a292-78f58d03488b@group-B4568C3885F6-SegmentedRaftLogWorker: created new log segment /home/runner/work/ozone/ozone/hadoop-ozone/integration-test/target/test-dir/MiniOzoneClusterImpl-fde6c995-fd32-43d9-9d96-6dc5d052cd3d/datanode-2/data/ratis/11ed04e3-e629-4a28-9b8b-b4568c3885f6/current/log_inprogress_0
2022-06-24 23:50:39,271 [Listener at 127.0.0.1/33563] INFO  ozone.MiniOzoneClusterImpl (MiniOzoneClusterImpl.java:lambda$waitForClusterToBeReady$0(223)) - Nodes are ready. Got 5 of 5 DN Heartbeats.
2022-06-24 23:50:39,271 [Listener at 127.0.0.1/33563] INFO  ozone.MiniOzoneClusterImpl (MiniOzoneClusterImpl.java:lambda$waitForClusterToBeReady$0(226)) - Cluster exits safe mode
2022-06-24 23:50:39,271 [Listener at 127.0.0.1/33563] INFO  ozone.MiniOzoneClusterImpl (MiniOzoneClusterImpl.java:lambda$waitForClusterToBeReady$0(228)) - SCM became leader
2022-06-24 23:50:39,389 [e4b7c23e-ae07-4399-b4c7-5433903d8f4c@group-F43FB6E5EF52-FollowerState] INFO  impl.FollowerState (FollowerState.java:run(143)) - e4b7c23e-ae07-4399-b4c7-5433903d8f4c@group-F43FB6E5EF52-FollowerState: change to CANDIDATE, lastRpcElapsedTime:5212639903ns, electionTimeout:5176ms
2022-06-24 23:50:39,389 [e4b7c23e-ae07-4399-b4c7-5433903d8f4c@group-F43FB6E5EF52-FollowerState] INFO  impl.RoleInfo (RoleInfo.java:shutdownFollowerState(110)) - e4b7c23e-ae07-4399-b4c7-5433903d8f4c: shutdown e4b7c23e-ae07-4399-b4c7-5433903d8f4c@group-F43FB6E5EF52-FollowerState
2022-06-24 23:50:39,389 [e4b7c23e-ae07-4399-b4c7-5433903d8f4c@group-F43FB6E5EF52-FollowerState] INFO  server.RaftServer$Division (RaftServerImpl.java:setRole(299)) - e4b7c23e-ae07-4399-b4c7-5433903d8f4c@group-F43FB6E5EF52: changes role from  FOLLOWER to CANDIDATE at term 0 for changeToCandidate
2022-06-24 23:50:39,389 [e4b7c23e-ae07-4399-b4c7-5433903d8f4c@group-F43FB6E5EF52-FollowerState] INFO  server.RaftServerConfigKeys (ConfUtils.java:logGet(46)) - raft.server.leaderelection.pre-vote = false (custom)
2022-06-24 23:50:39,389 [e4b7c23e-ae07-4399-b4c7-5433903d8f4c@group-F43FB6E5EF52-FollowerState] INFO  impl.RoleInfo (RoleInfo.java:updateAndGet(139)) - e4b7c23e-ae07-4399-b4c7-5433903d8f4c: start e4b7c23e-ae07-4399-b4c7-5433903d8f4c@group-F43FB6E5EF52-LeaderElection58
2022-06-24 23:50:39,415 [e4b7c23e-ae07-4399-b4c7-5433903d8f4c@group-F43FB6E5EF52-LeaderElection58] INFO  impl.LeaderElection (LeaderElection.java:askForVotes(310)) - e4b7c23e-ae07-4399-b4c7-5433903d8f4c@group-F43FB6E5EF52-LeaderElection58 ELECTION round 0: submit vote requests at term 1 for -1: [e4b7c23e-ae07-4399-b4c7-5433903d8f4c|rpc:10.1.0.24:37801|priority:1], old=null
2022-06-24 23:50:39,415 [e4b7c23e-ae07-4399-b4c7-5433903d8f4c@group-F43FB6E5EF52-LeaderElection58] INFO  impl.LeaderElection (LeaderElection.java:askForVotes(312)) - e4b7c23e-ae07-4399-b4c7-5433903d8f4c@group-F43FB6E5EF52-LeaderElection58 ELECTION round 0: result PASSED (term=1)
2022-06-24 23:50:39,415 [e4b7c23e-ae07-4399-b4c7-5433903d8f4c@group-F43FB6E5EF52-LeaderElection58] INFO  impl.RoleInfo (RoleInfo.java:shutdownLeaderElection(130)) - e4b7c23e-ae07-4399-b4c7-5433903d8f4c: shutdown e4b7c23e-ae07-4399-b4c7-5433903d8f4c@group-F43FB6E5EF52-LeaderElection58
2022-06-24 23:50:39,415 [e4b7c23e-ae07-4399-b4c7-5433903d8f4c@group-F43FB6E5EF52-LeaderElection58] INFO  server.RaftServer$Division (RaftServerImpl.java:setRole(299)) - e4b7c23e-ae07-4399-b4c7-5433903d8f4c@group-F43FB6E5EF52: changes role from CANDIDATE to LEADER at term 1 for changeToLeader
2022-06-24 23:50:39,415 [e4b7c23e-ae07-4399-b4c7-5433903d8f4c@group-F43FB6E5EF52-LeaderElection58] INFO  ratis.XceiverServerRatis (XceiverServerRatis.java:handleLeaderChangedNotification(863)) - Leader change notification received for group: group-F43FB6E5EF52 with new leaderId: e4b7c23e-ae07-4399-b4c7-5433903d8f4c
2022-06-24 23:50:39,415 [e4b7c23e-ae07-4399-b4c7-5433903d8f4c@group-F43FB6E5EF52-LeaderElection58] INFO  server.RaftServer$Division (ServerState.java:setLeader(287)) - e4b7c23e-ae07-4399-b4c7-5433903d8f4c@group-F43FB6E5EF52: change Leader from null to e4b7c23e-ae07-4399-b4c7-5433903d8f4c at term 1 for becomeLeader, leader elected after 5287ms
2022-06-24 23:50:39,415 [e4b7c23e-ae07-4399-b4c7-5433903d8f4c@group-F43FB6E5EF52-LeaderElection58] INFO  server.RaftServerConfigKeys (ConfUtils.java:logGet(46)) - raft.server.staging.catchup.gap = 1000 (default)
2022-06-24 23:50:39,416 [e4b7c23e-ae07-4399-b4c7-5433903d8f4c@group-F43FB6E5EF52-LeaderElection58] INFO  server.RaftServerConfigKeys (ConfUtils.java:logGet(46)) - raft.server.write.element-limit = 1024 (custom)
2022-06-24 23:50:39,416 [e4b7c23e-ae07-4399-b4c7-5433903d8f4c@group-F43FB6E5EF52-LeaderElection58] INFO  server.RaftServerConfigKeys (ConfUtils.java:logGet(46)) - raft.server.write.byte-limit = 1024 M (=1073741824) (custom)
2022-06-24 23:50:39,416 [e4b7c23e-ae07-4399-b4c7-5433903d8f4c@group-F43FB6E5EF52-LeaderElection58] INFO  server.RaftServerConfigKeys (ConfUtils.java:logGet(46)) - raft.server.watch.timeout = 180s (custom)
2022-06-24 23:50:39,416 [e4b7c23e-ae07-4399-b4c7-5433903d8f4c@group-F43FB6E5EF52-LeaderElection58] INFO  server.RaftServerConfigKeys (ConfUtils.java:logGet(46)) - raft.server.watch.timeout.denomination = 1s (default)
2022-06-24 23:50:39,416 [e4b7c23e-ae07-4399-b4c7-5433903d8f4c@group-F43FB6E5EF52-LeaderElection58] INFO  server.RaftServerConfigKeys (ConfUtils.java:logGet(46)) - raft.server.watch.element-limit = 65536 (default)
2022-06-24 23:50:39,416 [e4b7c23e-ae07-4399-b4c7-5433903d8f4c@group-F43FB6E5EF52-LeaderElection58] INFO  server.RaftServerConfigKeys (ConfUtils.java:logGet(46)) - raft.server.write.element-limit = 1024 (custom)
2022-06-24 23:50:39,416 [e4b7c23e-ae07-4399-b4c7-5433903d8f4c@group-F43FB6E5EF52-LeaderElection58] INFO  server.RaftServerConfigKeys (ConfUtils.java:logGet(46)) - raft.server.write.follower.gap.ratio.max = -1.0 (default)
2022-06-24 23:50:39,416 [e4b7c23e-ae07-4399-b4c7-5433903d8f4c@group-F43FB6E5EF52-LeaderElection58] INFO  impl.RoleInfo (RoleInfo.java:updateAndGet(139)) - e4b7c23e-ae07-4399-b4c7-5433903d8f4c: start e4b7c23e-ae07-4399-b4c7-5433903d8f4c@group-F43FB6E5EF52-LeaderStateImpl
2022-06-24 23:50:39,416 [e4b7c23e-ae07-4399-b4c7-5433903d8f4c@group-F43FB6E5EF52-LeaderElection58] INFO  segmented.SegmentedRaftLogWorker (SegmentedRaftLogWorker.java:startLogSegment(425)) - e4b7c23e-ae07-4399-b4c7-5433903d8f4c@group-F43FB6E5EF52-SegmentedRaftLogWorker: Starting segment from index:0
2022-06-24 23:50:39,437 [e4b7c23e-ae07-4399-b4c7-5433903d8f4c@group-F43FB6E5EF52-SegmentedRaftLogWorker] INFO  segmented.SegmentedRaftLogWorker (SegmentedRaftLogWorker.java:execute(629)) - e4b7c23e-ae07-4399-b4c7-5433903d8f4c@group-F43FB6E5EF52-SegmentedRaftLogWorker: created new log segment /home/runner/work/ozone/ozone/hadoop-ozone/integration-test/target/test-dir/MiniOzoneClusterImpl-fde6c995-fd32-43d9-9d96-6dc5d052cd3d/datanode-1/data/ratis/7ee92b31-17d9-40ba-adfa-f43fb6e5ef52/current/log_inprogress_0
2022-06-24 23:50:39,458 [e4b7c23e-ae07-4399-b4c7-5433903d8f4c@group-F43FB6E5EF52-LeaderElection58] INFO  server.RaftServer$Division (ServerState.java:setRaftConf(393)) - e4b7c23e-ae07-4399-b4c7-5433903d8f4c@group-F43FB6E5EF52: set configuration 0: [e4b7c23e-ae07-4399-b4c7-5433903d8f4c|rpc:10.1.0.24:37801|dataStream:|priority:1], old=null
2022-06-24 23:50:39,554 [Listener at 127.0.0.1/33563] INFO  rpc.RpcClient (RpcClient.java:createVolume(466)) - Creating Volume: volume50176, with user79605 as owner and space quota set to -1 bytes, counts quota set to -1
2022-06-24 23:50:39,566 [IPC Server handler 3 on default port 33563] INFO  volume.OMVolumeCreateRequest (OMVolumeCreateRequest.java:validateAndUpdateCache(195)) - created volume:volume50176 for user:user79605
2022-06-24 23:50:39,589 [Listener at 127.0.0.1/33563] INFO  rpc.RpcClient (RpcClient.java:createBucket(666)) - Creating Bucket: volume50176/bucket31866, with the Bucket Layout LEGACY, runner as owner, Versioning false, Storage Type set to DISK and Encryption set to false 
2022-06-24 23:50:39,590 [IPC Server handler 2 on default port 33563] INFO  bucket.OMBucketCreateRequest (OMBucketCreateRequest.java:validateAndUpdateCache(260)) - created bucket: bucket31866 of layout LEGACY in volume: volume50176
]]></system-out>
  </testcase>
  <testcase name="testSeekOnFileLength" classname="TestOzoneFileSystem" time="0.816">
    <system-out><![CDATA[2022-06-24 23:45:19,237 [IPC Server handler 0 on default port 39163] INFO  ha.SequenceIdGenerator (SequenceIdGenerator.java:getNextId(127)) - Allocate a batch for containerId, change lastId from 0 to 1000.
2022-06-24 23:45:19,247 [IPC Server handler 0 on default port 39163] WARN  ha.SequenceIdGenerator (SequenceIdGenerator.java:allocateBatch(235)) - Failed to allocate a batch for localId, expected lastId is 0, actual lastId is 109611004723200000.
2022-06-24 23:45:19,247 [IPC Server handler 0 on default port 39163] INFO  ha.SequenceIdGenerator (SequenceIdGenerator.java:getNextId(127)) - Allocate a batch for localId, change lastId from 109611004723200000 to 109611004723201000.
2022-06-24 23:45:19,349 [Time-limited test] INFO  impl.MetricsSystemImpl (MetricsSystemImpl.java:init(158)) - XceiverClientMetrics metrics system started (again)
23:45:19.977 [IPC Server handler 12 on default port 44795] ERROR OMAudit - user=runner | ip=127.0.0.1 | op=LOOKUP_FILE {volume=volume84730, bucket=bucket91502, key=file_notexist, dataSize=0, replicationConfig=null} | ret=FAILURE
org.apache.hadoop.ozone.om.exceptions.OMException: Unable to get file status: volume: volume84730 bucket: bucket91502 key: file_notexist
	at org.apache.hadoop.ozone.om.KeyManagerImpl.getOzoneFileStatus(KeyManagerImpl.java:1311) ~[ozone-manager-1.3.0-SNAPSHOT.jar:?]
	at org.apache.hadoop.ozone.om.KeyManagerImpl.lookupFile(KeyManagerImpl.java:1423) ~[ozone-manager-1.3.0-SNAPSHOT.jar:?]
	at org.apache.hadoop.ozone.om.OzoneManager.lookupFile(OzoneManager.java:3457) ~[ozone-manager-1.3.0-SNAPSHOT.jar:?]
	at org.apache.hadoop.ozone.protocolPB.OzoneManagerRequestHandler.lookupFile(OzoneManagerRequestHandler.java:951) ~[ozone-manager-1.3.0-SNAPSHOT.jar:?]
	at org.apache.hadoop.ozone.protocolPB.OzoneManagerRequestHandler.handleReadRequest(OzoneManagerRequestHandler.java:223) ~[ozone-manager-1.3.0-SNAPSHOT.jar:?]
	at org.apache.hadoop.ozone.protocolPB.OzoneManagerProtocolServerSideTranslatorPB.submitReadRequestToOM(OzoneManagerProtocolServerSideTranslatorPB.java:226) ~[ozone-manager-1.3.0-SNAPSHOT.jar:?]
	at org.apache.hadoop.ozone.protocolPB.OzoneManagerProtocolServerSideTranslatorPB.processRequest(OzoneManagerProtocolServerSideTranslatorPB.java:175) ~[ozone-manager-1.3.0-SNAPSHOT.jar:?]
	at org.apache.hadoop.hdds.server.OzoneProtocolMessageDispatcher.processRequest(OzoneProtocolMessageDispatcher.java:87) [hdds-server-framework-1.3.0-SNAPSHOT.jar:?]
	at org.apache.hadoop.ozone.protocolPB.OzoneManagerProtocolServerSideTranslatorPB.submitRequest(OzoneManagerProtocolServerSideTranslatorPB.java:147) [ozone-manager-1.3.0-SNAPSHOT.jar:?]
	at org.apache.hadoop.ozone.protocol.proto.OzoneManagerProtocolProtos$OzoneManagerService$2.callBlockingMethod(OzoneManagerProtocolProtos.java) [ozone-interface-client-1.3.0-SNAPSHOT.jar:?]
	at org.apache.hadoop.ipc.ProtobufRpcEngine$Server.processCall(ProtobufRpcEngine.java:466) [hadoop-common-3.3.1.jar:?]
	at org.apache.hadoop.ipc.ProtobufRpcEngine2$Server$ProtoBufRpcInvoker.call(ProtobufRpcEngine2.java:574) [hadoop-common-3.3.1.jar:?]
	at org.apache.hadoop.ipc.ProtobufRpcEngine2$Server$ProtoBufRpcInvoker.call(ProtobufRpcEngine2.java:552) [hadoop-common-3.3.1.jar:?]
	at org.apache.hadoop.ipc.RPC$Server.call(RPC.java:1093) [hadoop-common-3.3.1.jar:?]
	at org.apache.hadoop.ipc.Server$RpcCall.run(Server.java:1035) [hadoop-common-3.3.1.jar:?]
	at org.apache.hadoop.ipc.Server$RpcCall.run(Server.java:963) [hadoop-common-3.3.1.jar:?]
	at java.security.AccessController.doPrivileged(Native Method) ~[?:1.8.0_332]
	at javax.security.auth.Subject.doAs(Subject.java:422) [?:1.8.0_332]
	at org.apache.hadoop.security.UserGroupInformation.doAs(UserGroupInformation.java:1878) [hadoop-common-3.3.1.jar:?]
	at org.apache.hadoop.ipc.Server$Handler.run(Server.java:2966) [hadoop-common-3.3.1.jar:?]
]]></system-out>
  </testcase>
  <testcase name="testSeekOnFileLength" classname="TestOzoneFileSystem" time="0.485">
    <system-out><![CDATA[2022-06-24 23:46:26,215 [IPC Server handler 1 on default port 40687] INFO  ha.SequenceIdGenerator (SequenceIdGenerator.java:getNextId(127)) - Allocate a batch for containerId, change lastId from 0 to 1000.
2022-06-24 23:46:26,216 [IPC Server handler 1 on default port 40687] WARN  ha.SequenceIdGenerator (SequenceIdGenerator.java:allocateBatch(235)) - Failed to allocate a batch for localId, expected lastId is 0, actual lastId is 109611004723200000.
2022-06-24 23:46:26,216 [IPC Server handler 1 on default port 40687] INFO  ha.SequenceIdGenerator (SequenceIdGenerator.java:getNextId(127)) - Allocate a batch for localId, change lastId from 109611004723200000 to 109611004723201000.
23:46:26.647 [IPC Server handler 5 on default port 34097] ERROR OMAudit - user=runner | ip=127.0.0.1 | op=LOOKUP_FILE {volume=volume05206, bucket=bucket45514, key=file_notexist, dataSize=0, replicationConfig=null} | ret=FAILURE
org.apache.hadoop.ozone.om.exceptions.OMException: Unable to get file status: volume: volume05206 bucket: bucket45514 key: file_notexist
	at org.apache.hadoop.ozone.om.KeyManagerImpl.getOzoneFileStatus(KeyManagerImpl.java:1311) ~[ozone-manager-1.3.0-SNAPSHOT.jar:?]
	at org.apache.hadoop.ozone.om.KeyManagerImpl.lookupFile(KeyManagerImpl.java:1423) ~[ozone-manager-1.3.0-SNAPSHOT.jar:?]
	at org.apache.hadoop.ozone.om.OzoneManager.lookupFile(OzoneManager.java:3457) ~[ozone-manager-1.3.0-SNAPSHOT.jar:?]
	at org.apache.hadoop.ozone.protocolPB.OzoneManagerRequestHandler.lookupFile(OzoneManagerRequestHandler.java:951) ~[ozone-manager-1.3.0-SNAPSHOT.jar:?]
	at org.apache.hadoop.ozone.protocolPB.OzoneManagerRequestHandler.handleReadRequest(OzoneManagerRequestHandler.java:223) ~[ozone-manager-1.3.0-SNAPSHOT.jar:?]
	at org.apache.hadoop.ozone.protocolPB.OzoneManagerProtocolServerSideTranslatorPB.submitRequestDirectlyToOM(OzoneManagerProtocolServerSideTranslatorPB.java:276) ~[ozone-manager-1.3.0-SNAPSHOT.jar:?]
	at org.apache.hadoop.ozone.protocolPB.OzoneManagerProtocolServerSideTranslatorPB.processRequest(OzoneManagerProtocolServerSideTranslatorPB.java:205) ~[ozone-manager-1.3.0-SNAPSHOT.jar:?]
	at org.apache.hadoop.hdds.server.OzoneProtocolMessageDispatcher.processRequest(OzoneProtocolMessageDispatcher.java:87) [hdds-server-framework-1.3.0-SNAPSHOT.jar:?]
	at org.apache.hadoop.ozone.protocolPB.OzoneManagerProtocolServerSideTranslatorPB.submitRequest(OzoneManagerProtocolServerSideTranslatorPB.java:147) [ozone-manager-1.3.0-SNAPSHOT.jar:?]
	at org.apache.hadoop.ozone.protocol.proto.OzoneManagerProtocolProtos$OzoneManagerService$2.callBlockingMethod(OzoneManagerProtocolProtos.java) [ozone-interface-client-1.3.0-SNAPSHOT.jar:?]
	at org.apache.hadoop.ipc.ProtobufRpcEngine$Server.processCall(ProtobufRpcEngine.java:466) [hadoop-common-3.3.1.jar:?]
	at org.apache.hadoop.ipc.ProtobufRpcEngine2$Server$ProtoBufRpcInvoker.call(ProtobufRpcEngine2.java:574) [hadoop-common-3.3.1.jar:?]
	at org.apache.hadoop.ipc.ProtobufRpcEngine2$Server$ProtoBufRpcInvoker.call(ProtobufRpcEngine2.java:552) [hadoop-common-3.3.1.jar:?]
	at org.apache.hadoop.ipc.RPC$Server.call(RPC.java:1093) [hadoop-common-3.3.1.jar:?]
	at org.apache.hadoop.ipc.Server$RpcCall.run(Server.java:1035) [hadoop-common-3.3.1.jar:?]
	at org.apache.hadoop.ipc.Server$RpcCall.run(Server.java:963) [hadoop-common-3.3.1.jar:?]
	at java.security.AccessController.doPrivileged(Native Method) ~[?:1.8.0_332]
	at javax.security.auth.Subject.doAs(Subject.java:422) [?:1.8.0_332]
	at org.apache.hadoop.security.UserGroupInformation.doAs(UserGroupInformation.java:1878) [hadoop-common-3.3.1.jar:?]
	at org.apache.hadoop.ipc.Server$Handler.run(Server.java:2966) [hadoop-common-3.3.1.jar:?]
]]></system-out>
  </testcase>
  <testcase name="testSeekOnFileLength" classname="TestOzoneFileSystem" time="0.587">
    <system-out><![CDATA[2022-06-24 23:47:31,048 [IPC Server handler 11 on default port 35985] INFO  ha.SequenceIdGenerator (SequenceIdGenerator.java:getNextId(127)) - Allocate a batch for containerId, change lastId from 0 to 1000.
2022-06-24 23:47:31,049 [IPC Server handler 11 on default port 35985] WARN  ha.SequenceIdGenerator (SequenceIdGenerator.java:allocateBatch(235)) - Failed to allocate a batch for localId, expected lastId is 0, actual lastId is 109611004723200000.
2022-06-24 23:47:31,049 [IPC Server handler 11 on default port 35985] INFO  ha.SequenceIdGenerator (SequenceIdGenerator.java:getNextId(127)) - Allocate a batch for localId, change lastId from 109611004723200000 to 109611004723201000.
23:47:31.587 [IPC Server handler 0 on default port 33165] ERROR OMAudit - user=runner | ip=127.0.0.1 | op=LOOKUP_FILE {volume=volume99794, bucket=bucket10019, key=file_notexist, dataSize=0, replicationConfig=null} | ret=FAILURE
org.apache.hadoop.ozone.om.exceptions.OMException: Unable to get file status: volume: volume99794 bucket: bucket10019 key: file_notexist
	at org.apache.hadoop.ozone.om.KeyManagerImpl.getOzoneFileStatus(KeyManagerImpl.java:1311) ~[ozone-manager-1.3.0-SNAPSHOT.jar:?]
	at org.apache.hadoop.ozone.om.KeyManagerImpl.lookupFile(KeyManagerImpl.java:1423) ~[ozone-manager-1.3.0-SNAPSHOT.jar:?]
	at org.apache.hadoop.ozone.om.OzoneManager.lookupFile(OzoneManager.java:3457) ~[ozone-manager-1.3.0-SNAPSHOT.jar:?]
	at org.apache.hadoop.ozone.protocolPB.OzoneManagerRequestHandler.lookupFile(OzoneManagerRequestHandler.java:951) ~[ozone-manager-1.3.0-SNAPSHOT.jar:?]
	at org.apache.hadoop.ozone.protocolPB.OzoneManagerRequestHandler.handleReadRequest(OzoneManagerRequestHandler.java:223) ~[ozone-manager-1.3.0-SNAPSHOT.jar:?]
	at org.apache.hadoop.ozone.protocolPB.OzoneManagerProtocolServerSideTranslatorPB.submitReadRequestToOM(OzoneManagerProtocolServerSideTranslatorPB.java:226) ~[ozone-manager-1.3.0-SNAPSHOT.jar:?]
	at org.apache.hadoop.ozone.protocolPB.OzoneManagerProtocolServerSideTranslatorPB.processRequest(OzoneManagerProtocolServerSideTranslatorPB.java:175) ~[ozone-manager-1.3.0-SNAPSHOT.jar:?]
	at org.apache.hadoop.hdds.server.OzoneProtocolMessageDispatcher.processRequest(OzoneProtocolMessageDispatcher.java:87) [hdds-server-framework-1.3.0-SNAPSHOT.jar:?]
	at org.apache.hadoop.ozone.protocolPB.OzoneManagerProtocolServerSideTranslatorPB.submitRequest(OzoneManagerProtocolServerSideTranslatorPB.java:147) [ozone-manager-1.3.0-SNAPSHOT.jar:?]
	at org.apache.hadoop.ozone.protocol.proto.OzoneManagerProtocolProtos$OzoneManagerService$2.callBlockingMethod(OzoneManagerProtocolProtos.java) [ozone-interface-client-1.3.0-SNAPSHOT.jar:?]
	at org.apache.hadoop.ipc.ProtobufRpcEngine$Server.processCall(ProtobufRpcEngine.java:466) [hadoop-common-3.3.1.jar:?]
	at org.apache.hadoop.ipc.ProtobufRpcEngine2$Server$ProtoBufRpcInvoker.call(ProtobufRpcEngine2.java:574) [hadoop-common-3.3.1.jar:?]
	at org.apache.hadoop.ipc.ProtobufRpcEngine2$Server$ProtoBufRpcInvoker.call(ProtobufRpcEngine2.java:552) [hadoop-common-3.3.1.jar:?]
	at org.apache.hadoop.ipc.RPC$Server.call(RPC.java:1093) [hadoop-common-3.3.1.jar:?]
	at org.apache.hadoop.ipc.Server$RpcCall.run(Server.java:1035) [hadoop-common-3.3.1.jar:?]
	at org.apache.hadoop.ipc.Server$RpcCall.run(Server.java:963) [hadoop-common-3.3.1.jar:?]
	at java.security.AccessController.doPrivileged(Native Method) ~[?:1.8.0_332]
	at javax.security.auth.Subject.doAs(Subject.java:422) [?:1.8.0_332]
	at org.apache.hadoop.security.UserGroupInformation.doAs(UserGroupInformation.java:1878) [hadoop-common-3.3.1.jar:?]
	at org.apache.hadoop.ipc.Server$Handler.run(Server.java:2966) [hadoop-common-3.3.1.jar:?]
]]></system-out>
  </testcase>
  <testcase name="testSeekOnFileLength" classname="TestOzoneFileSystem" time="0.605">
    <system-out><![CDATA[2022-06-24 23:50:39,737 [IPC Server handler 0 on default port 35115] INFO  ha.SequenceIdGenerator (SequenceIdGenerator.java:getNextId(127)) - Allocate a batch for containerId, change lastId from 0 to 1000.
2022-06-24 23:50:39,738 [IPC Server handler 0 on default port 35115] WARN  ha.SequenceIdGenerator (SequenceIdGenerator.java:allocateBatch(235)) - Failed to allocate a batch for localId, expected lastId is 0, actual lastId is 109611004723200000.
2022-06-24 23:50:39,738 [IPC Server handler 0 on default port 35115] INFO  ha.SequenceIdGenerator (SequenceIdGenerator.java:getNextId(127)) - Allocate a batch for localId, change lastId from 109611004723200000 to 109611004723201000.
2022-06-24 23:50:40,143 [aaaf6e37-99bf-4100-a292-78f58d03488b@group-CB40CCEBC39A-FollowerState] INFO  impl.FollowerState (FollowerState.java:run(143)) - aaaf6e37-99bf-4100-a292-78f58d03488b@group-CB40CCEBC39A-FollowerState: change to CANDIDATE, lastRpcElapsedTime:5005979719ns, electionTimeout:5003ms
2022-06-24 23:50:40,143 [aaaf6e37-99bf-4100-a292-78f58d03488b@group-CB40CCEBC39A-FollowerState] INFO  impl.RoleInfo (RoleInfo.java:shutdownFollowerState(110)) - aaaf6e37-99bf-4100-a292-78f58d03488b: shutdown aaaf6e37-99bf-4100-a292-78f58d03488b@group-CB40CCEBC39A-FollowerState
2022-06-24 23:50:40,143 [aaaf6e37-99bf-4100-a292-78f58d03488b@group-CB40CCEBC39A-FollowerState] INFO  server.RaftServer$Division (RaftServerImpl.java:setRole(299)) - aaaf6e37-99bf-4100-a292-78f58d03488b@group-CB40CCEBC39A: changes role from  FOLLOWER to CANDIDATE at term 0 for changeToCandidate
2022-06-24 23:50:40,143 [aaaf6e37-99bf-4100-a292-78f58d03488b@group-CB40CCEBC39A-FollowerState] INFO  server.RaftServerConfigKeys (ConfUtils.java:logGet(46)) - raft.server.leaderelection.pre-vote = false (custom)
2022-06-24 23:50:40,143 [aaaf6e37-99bf-4100-a292-78f58d03488b@group-CB40CCEBC39A-FollowerState] INFO  impl.RoleInfo (RoleInfo.java:updateAndGet(139)) - aaaf6e37-99bf-4100-a292-78f58d03488b: start aaaf6e37-99bf-4100-a292-78f58d03488b@group-CB40CCEBC39A-LeaderElection59
2022-06-24 23:50:40,219 [aaaf6e37-99bf-4100-a292-78f58d03488b@group-CB40CCEBC39A-LeaderElection59] INFO  impl.LeaderElection (LeaderElection.java:askForVotes(310)) - aaaf6e37-99bf-4100-a292-78f58d03488b@group-CB40CCEBC39A-LeaderElection59 ELECTION round 0: submit vote requests at term 1 for -1: [aaaf6e37-99bf-4100-a292-78f58d03488b|rpc:10.1.0.24:32839|priority:1], old=null
2022-06-24 23:50:40,219 [aaaf6e37-99bf-4100-a292-78f58d03488b@group-CB40CCEBC39A-LeaderElection59] INFO  impl.LeaderElection (LeaderElection.java:askForVotes(312)) - aaaf6e37-99bf-4100-a292-78f58d03488b@group-CB40CCEBC39A-LeaderElection59 ELECTION round 0: result PASSED (term=1)
2022-06-24 23:50:40,219 [aaaf6e37-99bf-4100-a292-78f58d03488b@group-CB40CCEBC39A-LeaderElection59] INFO  impl.RoleInfo (RoleInfo.java:shutdownLeaderElection(130)) - aaaf6e37-99bf-4100-a292-78f58d03488b: shutdown aaaf6e37-99bf-4100-a292-78f58d03488b@group-CB40CCEBC39A-LeaderElection59
2022-06-24 23:50:40,219 [aaaf6e37-99bf-4100-a292-78f58d03488b@group-CB40CCEBC39A-LeaderElection59] INFO  server.RaftServer$Division (RaftServerImpl.java:setRole(299)) - aaaf6e37-99bf-4100-a292-78f58d03488b@group-CB40CCEBC39A: changes role from CANDIDATE to LEADER at term 1 for changeToLeader
2022-06-24 23:50:40,219 [aaaf6e37-99bf-4100-a292-78f58d03488b@group-CB40CCEBC39A-LeaderElection59] INFO  ratis.XceiverServerRatis (XceiverServerRatis.java:handleLeaderChangedNotification(863)) - Leader change notification received for group: group-CB40CCEBC39A with new leaderId: aaaf6e37-99bf-4100-a292-78f58d03488b
2022-06-24 23:50:40,219 [aaaf6e37-99bf-4100-a292-78f58d03488b@group-CB40CCEBC39A-LeaderElection59] INFO  server.RaftServer$Division (ServerState.java:setLeader(287)) - aaaf6e37-99bf-4100-a292-78f58d03488b@group-CB40CCEBC39A: change Leader from null to aaaf6e37-99bf-4100-a292-78f58d03488b at term 1 for becomeLeader, leader elected after 5119ms
2022-06-24 23:50:40,219 [aaaf6e37-99bf-4100-a292-78f58d03488b@group-CB40CCEBC39A-LeaderElection59] INFO  server.RaftServerConfigKeys (ConfUtils.java:logGet(46)) - raft.server.staging.catchup.gap = 1000 (default)
2022-06-24 23:50:40,219 [aaaf6e37-99bf-4100-a292-78f58d03488b@group-CB40CCEBC39A-LeaderElection59] INFO  server.RaftServerConfigKeys (ConfUtils.java:logGet(46)) - raft.server.write.element-limit = 1024 (custom)
2022-06-24 23:50:40,219 [aaaf6e37-99bf-4100-a292-78f58d03488b@group-CB40CCEBC39A-LeaderElection59] INFO  server.RaftServerConfigKeys (ConfUtils.java:logGet(46)) - raft.server.write.byte-limit = 1024 M (=1073741824) (custom)
2022-06-24 23:50:40,220 [aaaf6e37-99bf-4100-a292-78f58d03488b@group-CB40CCEBC39A-LeaderElection59] INFO  server.RaftServerConfigKeys (ConfUtils.java:logGet(46)) - raft.server.watch.timeout = 180s (custom)
2022-06-24 23:50:40,220 [aaaf6e37-99bf-4100-a292-78f58d03488b@group-CB40CCEBC39A-LeaderElection59] INFO  server.RaftServerConfigKeys (ConfUtils.java:logGet(46)) - raft.server.watch.timeout.denomination = 1s (default)
2022-06-24 23:50:40,220 [aaaf6e37-99bf-4100-a292-78f58d03488b@group-CB40CCEBC39A-LeaderElection59] INFO  server.RaftServerConfigKeys (ConfUtils.java:logGet(46)) - raft.server.watch.element-limit = 65536 (default)
2022-06-24 23:50:40,220 [aaaf6e37-99bf-4100-a292-78f58d03488b@group-CB40CCEBC39A-LeaderElection59] INFO  server.RaftServerConfigKeys (ConfUtils.java:logGet(46)) - raft.server.write.element-limit = 1024 (custom)
2022-06-24 23:50:40,220 [aaaf6e37-99bf-4100-a292-78f58d03488b@group-CB40CCEBC39A-LeaderElection59] INFO  server.RaftServerConfigKeys (ConfUtils.java:logGet(46)) - raft.server.write.follower.gap.ratio.max = -1.0 (default)
2022-06-24 23:50:40,220 [aaaf6e37-99bf-4100-a292-78f58d03488b@group-CB40CCEBC39A-LeaderElection59] INFO  impl.RoleInfo (RoleInfo.java:updateAndGet(139)) - aaaf6e37-99bf-4100-a292-78f58d03488b: start aaaf6e37-99bf-4100-a292-78f58d03488b@group-CB40CCEBC39A-LeaderStateImpl
2022-06-24 23:50:40,220 [aaaf6e37-99bf-4100-a292-78f58d03488b@group-CB40CCEBC39A-LeaderElection59] INFO  segmented.SegmentedRaftLogWorker (SegmentedRaftLogWorker.java:startLogSegment(425)) - aaaf6e37-99bf-4100-a292-78f58d03488b@group-CB40CCEBC39A-SegmentedRaftLogWorker: Starting segment from index:0
2022-06-24 23:50:40,222 [aaaf6e37-99bf-4100-a292-78f58d03488b@group-CB40CCEBC39A-SegmentedRaftLogWorker] INFO  segmented.SegmentedRaftLogWorker (SegmentedRaftLogWorker.java:execute(629)) - aaaf6e37-99bf-4100-a292-78f58d03488b@group-CB40CCEBC39A-SegmentedRaftLogWorker: created new log segment /home/runner/work/ozone/ozone/hadoop-ozone/integration-test/target/test-dir/MiniOzoneClusterImpl-fde6c995-fd32-43d9-9d96-6dc5d052cd3d/datanode-2/data/ratis/f917e9fd-4b85-4e4f-a1d2-cb40ccebc39a/current/log_inprogress_0
2022-06-24 23:50:40,226 [aaaf6e37-99bf-4100-a292-78f58d03488b@group-CB40CCEBC39A-LeaderElection59] INFO  server.RaftServer$Division (ServerState.java:setRaftConf(393)) - aaaf6e37-99bf-4100-a292-78f58d03488b@group-CB40CCEBC39A: set configuration 0: [aaaf6e37-99bf-4100-a292-78f58d03488b|rpc:10.1.0.24:32839|dataStream:|priority:1], old=null
23:50:40.294 [IPC Server handler 3 on default port 33563] ERROR OMAudit - user=runner | ip=127.0.0.1 | op=LOOKUP_FILE {volume=volume50176, bucket=bucket31866, key=file_notexist, dataSize=0, replicationConfig=null} | ret=FAILURE
org.apache.hadoop.ozone.om.exceptions.OMException: Unable to get file status: volume: volume50176 bucket: bucket31866 key: file_notexist
	at org.apache.hadoop.ozone.om.KeyManagerImpl.getOzoneFileStatus(KeyManagerImpl.java:1311) ~[ozone-manager-1.3.0-SNAPSHOT.jar:?]
	at org.apache.hadoop.ozone.om.KeyManagerImpl.lookupFile(KeyManagerImpl.java:1423) ~[ozone-manager-1.3.0-SNAPSHOT.jar:?]
	at org.apache.hadoop.ozone.om.OzoneManager.lookupFile(OzoneManager.java:3457) ~[ozone-manager-1.3.0-SNAPSHOT.jar:?]
	at org.apache.hadoop.ozone.protocolPB.OzoneManagerRequestHandler.lookupFile(OzoneManagerRequestHandler.java:951) ~[ozone-manager-1.3.0-SNAPSHOT.jar:?]
	at org.apache.hadoop.ozone.protocolPB.OzoneManagerRequestHandler.handleReadRequest(OzoneManagerRequestHandler.java:223) ~[ozone-manager-1.3.0-SNAPSHOT.jar:?]
	at org.apache.hadoop.ozone.protocolPB.OzoneManagerProtocolServerSideTranslatorPB.submitRequestDirectlyToOM(OzoneManagerProtocolServerSideTranslatorPB.java:276) ~[ozone-manager-1.3.0-SNAPSHOT.jar:?]
	at org.apache.hadoop.ozone.protocolPB.OzoneManagerProtocolServerSideTranslatorPB.processRequest(OzoneManagerProtocolServerSideTranslatorPB.java:205) ~[ozone-manager-1.3.0-SNAPSHOT.jar:?]
	at org.apache.hadoop.hdds.server.OzoneProtocolMessageDispatcher.processRequest(OzoneProtocolMessageDispatcher.java:87) [hdds-server-framework-1.3.0-SNAPSHOT.jar:?]
	at org.apache.hadoop.ozone.protocolPB.OzoneManagerProtocolServerSideTranslatorPB.submitRequest(OzoneManagerProtocolServerSideTranslatorPB.java:147) [ozone-manager-1.3.0-SNAPSHOT.jar:?]
	at org.apache.hadoop.ozone.protocol.proto.OzoneManagerProtocolProtos$OzoneManagerService$2.callBlockingMethod(OzoneManagerProtocolProtos.java) [ozone-interface-client-1.3.0-SNAPSHOT.jar:?]
	at org.apache.hadoop.ipc.ProtobufRpcEngine$Server.processCall(ProtobufRpcEngine.java:466) [hadoop-common-3.3.1.jar:?]
	at org.apache.hadoop.ipc.ProtobufRpcEngine2$Server$ProtoBufRpcInvoker.call(ProtobufRpcEngine2.java:574) [hadoop-common-3.3.1.jar:?]
	at org.apache.hadoop.ipc.ProtobufRpcEngine2$Server$ProtoBufRpcInvoker.call(ProtobufRpcEngine2.java:552) [hadoop-common-3.3.1.jar:?]
	at org.apache.hadoop.ipc.RPC$Server.call(RPC.java:1093) [hadoop-common-3.3.1.jar:?]
	at org.apache.hadoop.ipc.Server$RpcCall.run(Server.java:1035) [hadoop-common-3.3.1.jar:?]
	at org.apache.hadoop.ipc.Server$RpcCall.run(Server.java:963) [hadoop-common-3.3.1.jar:?]
	at java.security.AccessController.doPrivileged(Native Method) ~[?:1.8.0_332]
	at javax.security.auth.Subject.doAs(Subject.java:422) [?:1.8.0_332]
	at org.apache.hadoop.security.UserGroupInformation.doAs(UserGroupInformation.java:1878) [hadoop-common-3.3.1.jar:?]
	at org.apache.hadoop.ipc.Server$Handler.run(Server.java:2966) [hadoop-common-3.3.1.jar:?]
]]></system-out>
  </testcase>
  <testcase name="testRenameFile" classname="TestOzoneFileSystem" time="0.109">
    <system-out><![CDATA[23:45:20.040 [IPC Server handler 8 on default port 44795] ERROR OMAudit - user=runner | ip=127.0.0.1 | op=GET_FILE_STATUS {volume=volume84730, bucket=bucket91502, key=root/file1, dataSize=0, replicationConfig=null} | ret=FAILURE
org.apache.hadoop.ozone.om.exceptions.OMException: Unable to get file status: volume: volume84730 bucket: bucket91502 key: root/file1
	at org.apache.hadoop.ozone.om.KeyManagerImpl.getOzoneFileStatus(KeyManagerImpl.java:1311) ~[ozone-manager-1.3.0-SNAPSHOT.jar:?]
	at org.apache.hadoop.ozone.om.KeyManagerImpl.getFileStatus(KeyManagerImpl.java:1241) ~[ozone-manager-1.3.0-SNAPSHOT.jar:?]
	at org.apache.hadoop.ozone.om.OzoneManager.getFileStatus(OzoneManager.java:3419) ~[ozone-manager-1.3.0-SNAPSHOT.jar:?]
	at org.apache.hadoop.ozone.protocolPB.OzoneManagerRequestHandler.getOzoneFileStatus(OzoneManagerRequestHandler.java:871) ~[ozone-manager-1.3.0-SNAPSHOT.jar:?]
	at org.apache.hadoop.ozone.protocolPB.OzoneManagerRequestHandler.handleReadRequest(OzoneManagerRequestHandler.java:217) ~[ozone-manager-1.3.0-SNAPSHOT.jar:?]
	at org.apache.hadoop.ozone.protocolPB.OzoneManagerProtocolServerSideTranslatorPB.submitReadRequestToOM(OzoneManagerProtocolServerSideTranslatorPB.java:226) ~[ozone-manager-1.3.0-SNAPSHOT.jar:?]
	at org.apache.hadoop.ozone.protocolPB.OzoneManagerProtocolServerSideTranslatorPB.processRequest(OzoneManagerProtocolServerSideTranslatorPB.java:175) ~[ozone-manager-1.3.0-SNAPSHOT.jar:?]
	at org.apache.hadoop.hdds.server.OzoneProtocolMessageDispatcher.processRequest(OzoneProtocolMessageDispatcher.java:87) [hdds-server-framework-1.3.0-SNAPSHOT.jar:?]
	at org.apache.hadoop.ozone.protocolPB.OzoneManagerProtocolServerSideTranslatorPB.submitRequest(OzoneManagerProtocolServerSideTranslatorPB.java:147) [ozone-manager-1.3.0-SNAPSHOT.jar:?]
	at org.apache.hadoop.ozone.protocol.proto.OzoneManagerProtocolProtos$OzoneManagerService$2.callBlockingMethod(OzoneManagerProtocolProtos.java) [ozone-interface-client-1.3.0-SNAPSHOT.jar:?]
	at org.apache.hadoop.ipc.ProtobufRpcEngine$Server.processCall(ProtobufRpcEngine.java:466) [hadoop-common-3.3.1.jar:?]
	at org.apache.hadoop.ipc.ProtobufRpcEngine2$Server$ProtoBufRpcInvoker.call(ProtobufRpcEngine2.java:574) [hadoop-common-3.3.1.jar:?]
	at org.apache.hadoop.ipc.ProtobufRpcEngine2$Server$ProtoBufRpcInvoker.call(ProtobufRpcEngine2.java:552) [hadoop-common-3.3.1.jar:?]
	at org.apache.hadoop.ipc.RPC$Server.call(RPC.java:1093) [hadoop-common-3.3.1.jar:?]
	at org.apache.hadoop.ipc.Server$RpcCall.run(Server.java:1035) [hadoop-common-3.3.1.jar:?]
	at org.apache.hadoop.ipc.Server$RpcCall.run(Server.java:963) [hadoop-common-3.3.1.jar:?]
	at java.security.AccessController.doPrivileged(Native Method) ~[?:1.8.0_332]
	at javax.security.auth.Subject.doAs(Subject.java:422) [?:1.8.0_332]
	at org.apache.hadoop.security.UserGroupInformation.doAs(UserGroupInformation.java:1878) [hadoop-common-3.3.1.jar:?]
	at org.apache.hadoop.ipc.Server$Handler.run(Server.java:2966) [hadoop-common-3.3.1.jar:?]
]]></system-out>
  </testcase>
  <testcase name="testRenameFile" classname="TestOzoneFileSystem" time="0.045">
    <system-out><![CDATA[23:46:26.678 [IPC Server handler 12 on default port 34097] ERROR OMAudit - user=runner | ip=127.0.0.1 | op=GET_FILE_STATUS {volume=volume05206, bucket=bucket45514, key=root/file1, dataSize=0, replicationConfig=null} | ret=FAILURE
org.apache.hadoop.ozone.om.exceptions.OMException: Unable to get file status: volume: volume05206 bucket: bucket45514 key: root/file1
	at org.apache.hadoop.ozone.om.KeyManagerImpl.getOzoneFileStatus(KeyManagerImpl.java:1311) ~[ozone-manager-1.3.0-SNAPSHOT.jar:?]
	at org.apache.hadoop.ozone.om.KeyManagerImpl.getFileStatus(KeyManagerImpl.java:1241) ~[ozone-manager-1.3.0-SNAPSHOT.jar:?]
	at org.apache.hadoop.ozone.om.OzoneManager.getFileStatus(OzoneManager.java:3419) ~[ozone-manager-1.3.0-SNAPSHOT.jar:?]
	at org.apache.hadoop.ozone.protocolPB.OzoneManagerRequestHandler.getOzoneFileStatus(OzoneManagerRequestHandler.java:871) ~[ozone-manager-1.3.0-SNAPSHOT.jar:?]
	at org.apache.hadoop.ozone.protocolPB.OzoneManagerRequestHandler.handleReadRequest(OzoneManagerRequestHandler.java:217) ~[ozone-manager-1.3.0-SNAPSHOT.jar:?]
	at org.apache.hadoop.ozone.protocolPB.OzoneManagerProtocolServerSideTranslatorPB.submitRequestDirectlyToOM(OzoneManagerProtocolServerSideTranslatorPB.java:276) ~[ozone-manager-1.3.0-SNAPSHOT.jar:?]
	at org.apache.hadoop.ozone.protocolPB.OzoneManagerProtocolServerSideTranslatorPB.processRequest(OzoneManagerProtocolServerSideTranslatorPB.java:205) ~[ozone-manager-1.3.0-SNAPSHOT.jar:?]
	at org.apache.hadoop.hdds.server.OzoneProtocolMessageDispatcher.processRequest(OzoneProtocolMessageDispatcher.java:87) [hdds-server-framework-1.3.0-SNAPSHOT.jar:?]
	at org.apache.hadoop.ozone.protocolPB.OzoneManagerProtocolServerSideTranslatorPB.submitRequest(OzoneManagerProtocolServerSideTranslatorPB.java:147) [ozone-manager-1.3.0-SNAPSHOT.jar:?]
	at org.apache.hadoop.ozone.protocol.proto.OzoneManagerProtocolProtos$OzoneManagerService$2.callBlockingMethod(OzoneManagerProtocolProtos.java) [ozone-interface-client-1.3.0-SNAPSHOT.jar:?]
	at org.apache.hadoop.ipc.ProtobufRpcEngine$Server.processCall(ProtobufRpcEngine.java:466) [hadoop-common-3.3.1.jar:?]
	at org.apache.hadoop.ipc.ProtobufRpcEngine2$Server$ProtoBufRpcInvoker.call(ProtobufRpcEngine2.java:574) [hadoop-common-3.3.1.jar:?]
	at org.apache.hadoop.ipc.ProtobufRpcEngine2$Server$ProtoBufRpcInvoker.call(ProtobufRpcEngine2.java:552) [hadoop-common-3.3.1.jar:?]
	at org.apache.hadoop.ipc.RPC$Server.call(RPC.java:1093) [hadoop-common-3.3.1.jar:?]
	at org.apache.hadoop.ipc.Server$RpcCall.run(Server.java:1035) [hadoop-common-3.3.1.jar:?]
	at org.apache.hadoop.ipc.Server$RpcCall.run(Server.java:963) [hadoop-common-3.3.1.jar:?]
	at java.security.AccessController.doPrivileged(Native Method) ~[?:1.8.0_332]
	at javax.security.auth.Subject.doAs(Subject.java:422) [?:1.8.0_332]
	at org.apache.hadoop.security.UserGroupInformation.doAs(UserGroupInformation.java:1878) [hadoop-common-3.3.1.jar:?]
	at org.apache.hadoop.ipc.Server$Handler.run(Server.java:2966) [hadoop-common-3.3.1.jar:?]
]]></system-out>
  </testcase>
  <testcase name="testRenameFile" classname="TestOzoneFileSystem" time="0.066">
    <system-out><![CDATA[23:47:31.640 [IPC Server handler 13 on default port 33165] ERROR OMAudit - user=runner | ip=127.0.0.1 | op=GET_FILE_STATUS {volume=volume99794, bucket=bucket10019, key=root/file1, dataSize=0, replicationConfig=null} | ret=FAILURE
org.apache.hadoop.ozone.om.exceptions.OMException: Unable to get file status: volume: volume99794 bucket: bucket10019 key: root/file1
	at org.apache.hadoop.ozone.om.KeyManagerImpl.getOzoneFileStatus(KeyManagerImpl.java:1311) ~[ozone-manager-1.3.0-SNAPSHOT.jar:?]
	at org.apache.hadoop.ozone.om.KeyManagerImpl.getFileStatus(KeyManagerImpl.java:1241) ~[ozone-manager-1.3.0-SNAPSHOT.jar:?]
	at org.apache.hadoop.ozone.om.OzoneManager.getFileStatus(OzoneManager.java:3419) ~[ozone-manager-1.3.0-SNAPSHOT.jar:?]
	at org.apache.hadoop.ozone.protocolPB.OzoneManagerRequestHandler.getOzoneFileStatus(OzoneManagerRequestHandler.java:871) ~[ozone-manager-1.3.0-SNAPSHOT.jar:?]
	at org.apache.hadoop.ozone.protocolPB.OzoneManagerRequestHandler.handleReadRequest(OzoneManagerRequestHandler.java:217) ~[ozone-manager-1.3.0-SNAPSHOT.jar:?]
	at org.apache.hadoop.ozone.protocolPB.OzoneManagerProtocolServerSideTranslatorPB.submitReadRequestToOM(OzoneManagerProtocolServerSideTranslatorPB.java:226) ~[ozone-manager-1.3.0-SNAPSHOT.jar:?]
	at org.apache.hadoop.ozone.protocolPB.OzoneManagerProtocolServerSideTranslatorPB.processRequest(OzoneManagerProtocolServerSideTranslatorPB.java:175) ~[ozone-manager-1.3.0-SNAPSHOT.jar:?]
	at org.apache.hadoop.hdds.server.OzoneProtocolMessageDispatcher.processRequest(OzoneProtocolMessageDispatcher.java:87) [hdds-server-framework-1.3.0-SNAPSHOT.jar:?]
	at org.apache.hadoop.ozone.protocolPB.OzoneManagerProtocolServerSideTranslatorPB.submitRequest(OzoneManagerProtocolServerSideTranslatorPB.java:147) [ozone-manager-1.3.0-SNAPSHOT.jar:?]
	at org.apache.hadoop.ozone.protocol.proto.OzoneManagerProtocolProtos$OzoneManagerService$2.callBlockingMethod(OzoneManagerProtocolProtos.java) [ozone-interface-client-1.3.0-SNAPSHOT.jar:?]
	at org.apache.hadoop.ipc.ProtobufRpcEngine$Server.processCall(ProtobufRpcEngine.java:466) [hadoop-common-3.3.1.jar:?]
	at org.apache.hadoop.ipc.ProtobufRpcEngine2$Server$ProtoBufRpcInvoker.call(ProtobufRpcEngine2.java:574) [hadoop-common-3.3.1.jar:?]
	at org.apache.hadoop.ipc.ProtobufRpcEngine2$Server$ProtoBufRpcInvoker.call(ProtobufRpcEngine2.java:552) [hadoop-common-3.3.1.jar:?]
	at org.apache.hadoop.ipc.RPC$Server.call(RPC.java:1093) [hadoop-common-3.3.1.jar:?]
	at org.apache.hadoop.ipc.Server$RpcCall.run(Server.java:1035) [hadoop-common-3.3.1.jar:?]
	at org.apache.hadoop.ipc.Server$RpcCall.run(Server.java:963) [hadoop-common-3.3.1.jar:?]
	at java.security.AccessController.doPrivileged(Native Method) ~[?:1.8.0_332]
	at javax.security.auth.Subject.doAs(Subject.java:422) [?:1.8.0_332]
	at org.apache.hadoop.security.UserGroupInformation.doAs(UserGroupInformation.java:1878) [hadoop-common-3.3.1.jar:?]
	at org.apache.hadoop.ipc.Server$Handler.run(Server.java:2966) [hadoop-common-3.3.1.jar:?]
]]></system-out>
  </testcase>
  <testcase name="testRenameFile" classname="TestOzoneFileSystem" time="0.088">
    <system-out><![CDATA[23:50:40.339 [IPC Server handler 16 on default port 33563] ERROR OMAudit - user=runner | ip=127.0.0.1 | op=GET_FILE_STATUS {volume=volume50176, bucket=bucket31866, key=root/file1, dataSize=0, replicationConfig=null} | ret=FAILURE
org.apache.hadoop.ozone.om.exceptions.OMException: Unable to get file status: volume: volume50176 bucket: bucket31866 key: root/file1
	at org.apache.hadoop.ozone.om.KeyManagerImpl.getOzoneFileStatus(KeyManagerImpl.java:1311) ~[ozone-manager-1.3.0-SNAPSHOT.jar:?]
	at org.apache.hadoop.ozone.om.KeyManagerImpl.getFileStatus(KeyManagerImpl.java:1241) ~[ozone-manager-1.3.0-SNAPSHOT.jar:?]
	at org.apache.hadoop.ozone.om.OzoneManager.getFileStatus(OzoneManager.java:3419) ~[ozone-manager-1.3.0-SNAPSHOT.jar:?]
	at org.apache.hadoop.ozone.protocolPB.OzoneManagerRequestHandler.getOzoneFileStatus(OzoneManagerRequestHandler.java:871) ~[ozone-manager-1.3.0-SNAPSHOT.jar:?]
	at org.apache.hadoop.ozone.protocolPB.OzoneManagerRequestHandler.handleReadRequest(OzoneManagerRequestHandler.java:217) ~[ozone-manager-1.3.0-SNAPSHOT.jar:?]
	at org.apache.hadoop.ozone.protocolPB.OzoneManagerProtocolServerSideTranslatorPB.submitRequestDirectlyToOM(OzoneManagerProtocolServerSideTranslatorPB.java:276) ~[ozone-manager-1.3.0-SNAPSHOT.jar:?]
	at org.apache.hadoop.ozone.protocolPB.OzoneManagerProtocolServerSideTranslatorPB.processRequest(OzoneManagerProtocolServerSideTranslatorPB.java:205) ~[ozone-manager-1.3.0-SNAPSHOT.jar:?]
	at org.apache.hadoop.hdds.server.OzoneProtocolMessageDispatcher.processRequest(OzoneProtocolMessageDispatcher.java:87) [hdds-server-framework-1.3.0-SNAPSHOT.jar:?]
	at org.apache.hadoop.ozone.protocolPB.OzoneManagerProtocolServerSideTranslatorPB.submitRequest(OzoneManagerProtocolServerSideTranslatorPB.java:147) [ozone-manager-1.3.0-SNAPSHOT.jar:?]
	at org.apache.hadoop.ozone.protocol.proto.OzoneManagerProtocolProtos$OzoneManagerService$2.callBlockingMethod(OzoneManagerProtocolProtos.java) [ozone-interface-client-1.3.0-SNAPSHOT.jar:?]
	at org.apache.hadoop.ipc.ProtobufRpcEngine$Server.processCall(ProtobufRpcEngine.java:466) [hadoop-common-3.3.1.jar:?]
	at org.apache.hadoop.ipc.ProtobufRpcEngine2$Server$ProtoBufRpcInvoker.call(ProtobufRpcEngine2.java:574) [hadoop-common-3.3.1.jar:?]
	at org.apache.hadoop.ipc.ProtobufRpcEngine2$Server$ProtoBufRpcInvoker.call(ProtobufRpcEngine2.java:552) [hadoop-common-3.3.1.jar:?]
	at org.apache.hadoop.ipc.RPC$Server.call(RPC.java:1093) [hadoop-common-3.3.1.jar:?]
	at org.apache.hadoop.ipc.Server$RpcCall.run(Server.java:1035) [hadoop-common-3.3.1.jar:?]
	at org.apache.hadoop.ipc.Server$RpcCall.run(Server.java:963) [hadoop-common-3.3.1.jar:?]
	at java.security.AccessController.doPrivileged(Native Method) ~[?:1.8.0_332]
	at javax.security.auth.Subject.doAs(Subject.java:422) [?:1.8.0_332]
	at org.apache.hadoop.security.UserGroupInformation.doAs(UserGroupInformation.java:1878) [hadoop-common-3.3.1.jar:?]
	at org.apache.hadoop.ipc.Server$Handler.run(Server.java:2966) [hadoop-common-3.3.1.jar:?]
]]></system-out>
  </testcase>
  <testcase name="testRenameDir" classname="TestOzoneFileSystem" time="0.043">
    <system-out><![CDATA[2022-06-24 23:45:20,125 [Time-limited test] INFO  ozone.TestOzoneFileSystem (TestOzoneFileSystem.java:testRenameDir(1113)) - Created dir o3fs://bucket91502.volume84730/root_dir/dir1/sub_dir1
2022-06-24 23:45:20,125 [Time-limited test] INFO  ozone.TestOzoneFileSystem (TestOzoneFileSystem.java:testRenameDir(1114)) - Will move o3fs://bucket91502.volume84730/root_dir/dir1 to o3fs://bucket91502.volume84730/root_dir/dir1.renamed
23:45:20.127 [IPC Server handler 10 on default port 44795] ERROR OMAudit - user=runner | ip=127.0.0.1 | op=GET_FILE_STATUS {volume=volume84730, bucket=bucket91502, key=root_dir/dir1.renamed, dataSize=0, replicationConfig=null} | ret=FAILURE
org.apache.hadoop.ozone.om.exceptions.OMException: Unable to get file status: volume: volume84730 bucket: bucket91502 key: root_dir/dir1.renamed
	at org.apache.hadoop.ozone.om.KeyManagerImpl.getOzoneFileStatus(KeyManagerImpl.java:1311) ~[ozone-manager-1.3.0-SNAPSHOT.jar:?]
	at org.apache.hadoop.ozone.om.KeyManagerImpl.getFileStatus(KeyManagerImpl.java:1241) ~[ozone-manager-1.3.0-SNAPSHOT.jar:?]
	at org.apache.hadoop.ozone.om.OzoneManager.getFileStatus(OzoneManager.java:3419) ~[ozone-manager-1.3.0-SNAPSHOT.jar:?]
	at org.apache.hadoop.ozone.protocolPB.OzoneManagerRequestHandler.getOzoneFileStatus(OzoneManagerRequestHandler.java:871) ~[ozone-manager-1.3.0-SNAPSHOT.jar:?]
	at org.apache.hadoop.ozone.protocolPB.OzoneManagerRequestHandler.handleReadRequest(OzoneManagerRequestHandler.java:217) ~[ozone-manager-1.3.0-SNAPSHOT.jar:?]
	at org.apache.hadoop.ozone.protocolPB.OzoneManagerProtocolServerSideTranslatorPB.submitReadRequestToOM(OzoneManagerProtocolServerSideTranslatorPB.java:226) ~[ozone-manager-1.3.0-SNAPSHOT.jar:?]
	at org.apache.hadoop.ozone.protocolPB.OzoneManagerProtocolServerSideTranslatorPB.processRequest(OzoneManagerProtocolServerSideTranslatorPB.java:175) ~[ozone-manager-1.3.0-SNAPSHOT.jar:?]
	at org.apache.hadoop.hdds.server.OzoneProtocolMessageDispatcher.processRequest(OzoneProtocolMessageDispatcher.java:87) [hdds-server-framework-1.3.0-SNAPSHOT.jar:?]
	at org.apache.hadoop.ozone.protocolPB.OzoneManagerProtocolServerSideTranslatorPB.submitRequest(OzoneManagerProtocolServerSideTranslatorPB.java:147) [ozone-manager-1.3.0-SNAPSHOT.jar:?]
	at org.apache.hadoop.ozone.protocol.proto.OzoneManagerProtocolProtos$OzoneManagerService$2.callBlockingMethod(OzoneManagerProtocolProtos.java) [ozone-interface-client-1.3.0-SNAPSHOT.jar:?]
	at org.apache.hadoop.ipc.ProtobufRpcEngine$Server.processCall(ProtobufRpcEngine.java:466) [hadoop-common-3.3.1.jar:?]
	at org.apache.hadoop.ipc.ProtobufRpcEngine2$Server$ProtoBufRpcInvoker.call(ProtobufRpcEngine2.java:574) [hadoop-common-3.3.1.jar:?]
	at org.apache.hadoop.ipc.ProtobufRpcEngine2$Server$ProtoBufRpcInvoker.call(ProtobufRpcEngine2.java:552) [hadoop-common-3.3.1.jar:?]
	at org.apache.hadoop.ipc.RPC$Server.call(RPC.java:1093) [hadoop-common-3.3.1.jar:?]
	at org.apache.hadoop.ipc.Server$RpcCall.run(Server.java:1035) [hadoop-common-3.3.1.jar:?]
	at org.apache.hadoop.ipc.Server$RpcCall.run(Server.java:963) [hadoop-common-3.3.1.jar:?]
	at java.security.AccessController.doPrivileged(Native Method) ~[?:1.8.0_332]
	at javax.security.auth.Subject.doAs(Subject.java:422) [?:1.8.0_332]
	at org.apache.hadoop.security.UserGroupInformation.doAs(UserGroupInformation.java:1878) [hadoop-common-3.3.1.jar:?]
	at org.apache.hadoop.ipc.Server$Handler.run(Server.java:2966) [hadoop-common-3.3.1.jar:?]
]]></system-out>
  </testcase>
  <testcase name="testRenameDir" classname="TestOzoneFileSystem" time="0.02">
    <system-out><![CDATA[2022-06-24 23:46:26,704 [Time-limited test] INFO  ozone.TestOzoneFileSystem (TestOzoneFileSystem.java:testRenameDir(1113)) - Created dir o3fs://bucket45514.volume05206/root_dir/dir1/sub_dir1
2022-06-24 23:46:26,704 [Time-limited test] INFO  ozone.TestOzoneFileSystem (TestOzoneFileSystem.java:testRenameDir(1114)) - Will move o3fs://bucket45514.volume05206/root_dir/dir1 to o3fs://bucket45514.volume05206/root_dir/dir1.renamed
23:46:26.705 [IPC Server handler 17 on default port 34097] ERROR OMAudit - user=runner | ip=127.0.0.1 | op=GET_FILE_STATUS {volume=volume05206, bucket=bucket45514, key=root_dir/dir1.renamed, dataSize=0, replicationConfig=null} | ret=FAILURE
org.apache.hadoop.ozone.om.exceptions.OMException: Unable to get file status: volume: volume05206 bucket: bucket45514 key: root_dir/dir1.renamed
	at org.apache.hadoop.ozone.om.KeyManagerImpl.getOzoneFileStatus(KeyManagerImpl.java:1311) ~[ozone-manager-1.3.0-SNAPSHOT.jar:?]
	at org.apache.hadoop.ozone.om.KeyManagerImpl.getFileStatus(KeyManagerImpl.java:1241) ~[ozone-manager-1.3.0-SNAPSHOT.jar:?]
	at org.apache.hadoop.ozone.om.OzoneManager.getFileStatus(OzoneManager.java:3419) ~[ozone-manager-1.3.0-SNAPSHOT.jar:?]
	at org.apache.hadoop.ozone.protocolPB.OzoneManagerRequestHandler.getOzoneFileStatus(OzoneManagerRequestHandler.java:871) ~[ozone-manager-1.3.0-SNAPSHOT.jar:?]
	at org.apache.hadoop.ozone.protocolPB.OzoneManagerRequestHandler.handleReadRequest(OzoneManagerRequestHandler.java:217) ~[ozone-manager-1.3.0-SNAPSHOT.jar:?]
	at org.apache.hadoop.ozone.protocolPB.OzoneManagerProtocolServerSideTranslatorPB.submitRequestDirectlyToOM(OzoneManagerProtocolServerSideTranslatorPB.java:276) ~[ozone-manager-1.3.0-SNAPSHOT.jar:?]
	at org.apache.hadoop.ozone.protocolPB.OzoneManagerProtocolServerSideTranslatorPB.processRequest(OzoneManagerProtocolServerSideTranslatorPB.java:205) ~[ozone-manager-1.3.0-SNAPSHOT.jar:?]
	at org.apache.hadoop.hdds.server.OzoneProtocolMessageDispatcher.processRequest(OzoneProtocolMessageDispatcher.java:87) [hdds-server-framework-1.3.0-SNAPSHOT.jar:?]
	at org.apache.hadoop.ozone.protocolPB.OzoneManagerProtocolServerSideTranslatorPB.submitRequest(OzoneManagerProtocolServerSideTranslatorPB.java:147) [ozone-manager-1.3.0-SNAPSHOT.jar:?]
	at org.apache.hadoop.ozone.protocol.proto.OzoneManagerProtocolProtos$OzoneManagerService$2.callBlockingMethod(OzoneManagerProtocolProtos.java) [ozone-interface-client-1.3.0-SNAPSHOT.jar:?]
	at org.apache.hadoop.ipc.ProtobufRpcEngine$Server.processCall(ProtobufRpcEngine.java:466) [hadoop-common-3.3.1.jar:?]
	at org.apache.hadoop.ipc.ProtobufRpcEngine2$Server$ProtoBufRpcInvoker.call(ProtobufRpcEngine2.java:574) [hadoop-common-3.3.1.jar:?]
	at org.apache.hadoop.ipc.ProtobufRpcEngine2$Server$ProtoBufRpcInvoker.call(ProtobufRpcEngine2.java:552) [hadoop-common-3.3.1.jar:?]
	at org.apache.hadoop.ipc.RPC$Server.call(RPC.java:1093) [hadoop-common-3.3.1.jar:?]
	at org.apache.hadoop.ipc.Server$RpcCall.run(Server.java:1035) [hadoop-common-3.3.1.jar:?]
	at org.apache.hadoop.ipc.Server$RpcCall.run(Server.java:963) [hadoop-common-3.3.1.jar:?]
	at java.security.AccessController.doPrivileged(Native Method) ~[?:1.8.0_332]
	at javax.security.auth.Subject.doAs(Subject.java:422) [?:1.8.0_332]
	at org.apache.hadoop.security.UserGroupInformation.doAs(UserGroupInformation.java:1878) [hadoop-common-3.3.1.jar:?]
	at org.apache.hadoop.ipc.Server$Handler.run(Server.java:2966) [hadoop-common-3.3.1.jar:?]
]]></system-out>
  </testcase>
  <testcase name="testRenameDir" classname="TestOzoneFileSystem" time="0.042">
    <system-out><![CDATA[2022-06-24 23:47:31,674 [Time-limited test] INFO  ozone.TestOzoneFileSystem (TestOzoneFileSystem.java:testRenameDir(1113)) - Created dir o3fs://bucket10019.volume99794/root_dir/dir1/sub_dir1
2022-06-24 23:47:31,675 [Time-limited test] INFO  ozone.TestOzoneFileSystem (TestOzoneFileSystem.java:testRenameDir(1114)) - Will move o3fs://bucket10019.volume99794/root_dir/dir1 to o3fs://bucket10019.volume99794/root_dir/dir1.renamed
23:47:31.675 [IPC Server handler 15 on default port 33165] ERROR OMAudit - user=runner | ip=127.0.0.1 | op=GET_FILE_STATUS {volume=volume99794, bucket=bucket10019, key=root_dir/dir1.renamed, dataSize=0, replicationConfig=null} | ret=FAILURE
org.apache.hadoop.ozone.om.exceptions.OMException: Unable to get file status: volume: volume99794 bucket: bucket10019 key: root_dir/dir1.renamed
	at org.apache.hadoop.ozone.om.KeyManagerImpl.getOzoneFileStatus(KeyManagerImpl.java:1311) ~[ozone-manager-1.3.0-SNAPSHOT.jar:?]
	at org.apache.hadoop.ozone.om.KeyManagerImpl.getFileStatus(KeyManagerImpl.java:1241) ~[ozone-manager-1.3.0-SNAPSHOT.jar:?]
	at org.apache.hadoop.ozone.om.OzoneManager.getFileStatus(OzoneManager.java:3419) ~[ozone-manager-1.3.0-SNAPSHOT.jar:?]
	at org.apache.hadoop.ozone.protocolPB.OzoneManagerRequestHandler.getOzoneFileStatus(OzoneManagerRequestHandler.java:871) ~[ozone-manager-1.3.0-SNAPSHOT.jar:?]
	at org.apache.hadoop.ozone.protocolPB.OzoneManagerRequestHandler.handleReadRequest(OzoneManagerRequestHandler.java:217) ~[ozone-manager-1.3.0-SNAPSHOT.jar:?]
	at org.apache.hadoop.ozone.protocolPB.OzoneManagerProtocolServerSideTranslatorPB.submitReadRequestToOM(OzoneManagerProtocolServerSideTranslatorPB.java:226) ~[ozone-manager-1.3.0-SNAPSHOT.jar:?]
	at org.apache.hadoop.ozone.protocolPB.OzoneManagerProtocolServerSideTranslatorPB.processRequest(OzoneManagerProtocolServerSideTranslatorPB.java:175) ~[ozone-manager-1.3.0-SNAPSHOT.jar:?]
	at org.apache.hadoop.hdds.server.OzoneProtocolMessageDispatcher.processRequest(OzoneProtocolMessageDispatcher.java:87) [hdds-server-framework-1.3.0-SNAPSHOT.jar:?]
	at org.apache.hadoop.ozone.protocolPB.OzoneManagerProtocolServerSideTranslatorPB.submitRequest(OzoneManagerProtocolServerSideTranslatorPB.java:147) [ozone-manager-1.3.0-SNAPSHOT.jar:?]
	at org.apache.hadoop.ozone.protocol.proto.OzoneManagerProtocolProtos$OzoneManagerService$2.callBlockingMethod(OzoneManagerProtocolProtos.java) [ozone-interface-client-1.3.0-SNAPSHOT.jar:?]
	at org.apache.hadoop.ipc.ProtobufRpcEngine$Server.processCall(ProtobufRpcEngine.java:466) [hadoop-common-3.3.1.jar:?]
	at org.apache.hadoop.ipc.ProtobufRpcEngine2$Server$ProtoBufRpcInvoker.call(ProtobufRpcEngine2.java:574) [hadoop-common-3.3.1.jar:?]
	at org.apache.hadoop.ipc.ProtobufRpcEngine2$Server$ProtoBufRpcInvoker.call(ProtobufRpcEngine2.java:552) [hadoop-common-3.3.1.jar:?]
	at org.apache.hadoop.ipc.RPC$Server.call(RPC.java:1093) [hadoop-common-3.3.1.jar:?]
	at org.apache.hadoop.ipc.Server$RpcCall.run(Server.java:1035) [hadoop-common-3.3.1.jar:?]
	at org.apache.hadoop.ipc.Server$RpcCall.run(Server.java:963) [hadoop-common-3.3.1.jar:?]
	at java.security.AccessController.doPrivileged(Native Method) ~[?:1.8.0_332]
	at javax.security.auth.Subject.doAs(Subject.java:422) [?:1.8.0_332]
	at org.apache.hadoop.security.UserGroupInformation.doAs(UserGroupInformation.java:1878) [hadoop-common-3.3.1.jar:?]
	at org.apache.hadoop.ipc.Server$Handler.run(Server.java:2966) [hadoop-common-3.3.1.jar:?]
]]></system-out>
  </testcase>
  <testcase name="testRenameDir" classname="TestOzoneFileSystem" time="0.02">
    <system-out><![CDATA[2022-06-24 23:50:40,392 [Time-limited test] INFO  ozone.TestOzoneFileSystem (TestOzoneFileSystem.java:testRenameDir(1113)) - Created dir o3fs://bucket31866.volume50176/root_dir/dir1/sub_dir1
2022-06-24 23:50:40,393 [Time-limited test] INFO  ozone.TestOzoneFileSystem (TestOzoneFileSystem.java:testRenameDir(1114)) - Will move o3fs://bucket31866.volume50176/root_dir/dir1 to o3fs://bucket31866.volume50176/root_dir/dir1.renamed
23:50:40.393 [IPC Server handler 11 on default port 33563] ERROR OMAudit - user=runner | ip=127.0.0.1 | op=GET_FILE_STATUS {volume=volume50176, bucket=bucket31866, key=root_dir/dir1.renamed, dataSize=0, replicationConfig=null} | ret=FAILURE
org.apache.hadoop.ozone.om.exceptions.OMException: Unable to get file status: volume: volume50176 bucket: bucket31866 key: root_dir/dir1.renamed
	at org.apache.hadoop.ozone.om.KeyManagerImpl.getOzoneFileStatus(KeyManagerImpl.java:1311) ~[ozone-manager-1.3.0-SNAPSHOT.jar:?]
	at org.apache.hadoop.ozone.om.KeyManagerImpl.getFileStatus(KeyManagerImpl.java:1241) ~[ozone-manager-1.3.0-SNAPSHOT.jar:?]
	at org.apache.hadoop.ozone.om.OzoneManager.getFileStatus(OzoneManager.java:3419) ~[ozone-manager-1.3.0-SNAPSHOT.jar:?]
	at org.apache.hadoop.ozone.protocolPB.OzoneManagerRequestHandler.getOzoneFileStatus(OzoneManagerRequestHandler.java:871) ~[ozone-manager-1.3.0-SNAPSHOT.jar:?]
	at org.apache.hadoop.ozone.protocolPB.OzoneManagerRequestHandler.handleReadRequest(OzoneManagerRequestHandler.java:217) ~[ozone-manager-1.3.0-SNAPSHOT.jar:?]
	at org.apache.hadoop.ozone.protocolPB.OzoneManagerProtocolServerSideTranslatorPB.submitRequestDirectlyToOM(OzoneManagerProtocolServerSideTranslatorPB.java:276) ~[ozone-manager-1.3.0-SNAPSHOT.jar:?]
	at org.apache.hadoop.ozone.protocolPB.OzoneManagerProtocolServerSideTranslatorPB.processRequest(OzoneManagerProtocolServerSideTranslatorPB.java:205) ~[ozone-manager-1.3.0-SNAPSHOT.jar:?]
	at org.apache.hadoop.hdds.server.OzoneProtocolMessageDispatcher.processRequest(OzoneProtocolMessageDispatcher.java:87) [hdds-server-framework-1.3.0-SNAPSHOT.jar:?]
	at org.apache.hadoop.ozone.protocolPB.OzoneManagerProtocolServerSideTranslatorPB.submitRequest(OzoneManagerProtocolServerSideTranslatorPB.java:147) [ozone-manager-1.3.0-SNAPSHOT.jar:?]
	at org.apache.hadoop.ozone.protocol.proto.OzoneManagerProtocolProtos$OzoneManagerService$2.callBlockingMethod(OzoneManagerProtocolProtos.java) [ozone-interface-client-1.3.0-SNAPSHOT.jar:?]
	at org.apache.hadoop.ipc.ProtobufRpcEngine$Server.processCall(ProtobufRpcEngine.java:466) [hadoop-common-3.3.1.jar:?]
	at org.apache.hadoop.ipc.ProtobufRpcEngine2$Server$ProtoBufRpcInvoker.call(ProtobufRpcEngine2.java:574) [hadoop-common-3.3.1.jar:?]
	at org.apache.hadoop.ipc.ProtobufRpcEngine2$Server$ProtoBufRpcInvoker.call(ProtobufRpcEngine2.java:552) [hadoop-common-3.3.1.jar:?]
	at org.apache.hadoop.ipc.RPC$Server.call(RPC.java:1093) [hadoop-common-3.3.1.jar:?]
	at org.apache.hadoop.ipc.Server$RpcCall.run(Server.java:1035) [hadoop-common-3.3.1.jar:?]
	at org.apache.hadoop.ipc.Server$RpcCall.run(Server.java:963) [hadoop-common-3.3.1.jar:?]
	at java.security.AccessController.doPrivileged(Native Method) ~[?:1.8.0_332]
	at javax.security.auth.Subject.doAs(Subject.java:422) [?:1.8.0_332]
	at org.apache.hadoop.security.UserGroupInformation.doAs(UserGroupInformation.java:1878) [hadoop-common-3.3.1.jar:?]
	at org.apache.hadoop.ipc.Server$Handler.run(Server.java:2966) [hadoop-common-3.3.1.jar:?]
]]></system-out>
  </testcase>
  <testcase name="testAllocateMoreThanOneBlock" classname="TestOzoneFileSystem" time="0.536"/>
  <testcase name="testAllocateMoreThanOneBlock" classname="TestOzoneFileSystem" time="1.055">
    <system-out><![CDATA[2022-06-24 23:46:26,726 [d25249de-707f-41fb-b0bd-e849b78f575c@group-04C2AB29A0CB-FollowerState] INFO  impl.FollowerState (FollowerState.java:run(143)) - d25249de-707f-41fb-b0bd-e849b78f575c@group-04C2AB29A0CB-FollowerState: change to CANDIDATE, lastRpcElapsedTime:5169891482ns, electionTimeout:5169ms
2022-06-24 23:46:26,727 [d25249de-707f-41fb-b0bd-e849b78f575c@group-04C2AB29A0CB-FollowerState] INFO  impl.RoleInfo (RoleInfo.java:shutdownFollowerState(110)) - d25249de-707f-41fb-b0bd-e849b78f575c: shutdown d25249de-707f-41fb-b0bd-e849b78f575c@group-04C2AB29A0CB-FollowerState
2022-06-24 23:46:26,727 [d25249de-707f-41fb-b0bd-e849b78f575c@group-04C2AB29A0CB-FollowerState] INFO  server.RaftServer$Division (RaftServerImpl.java:setRole(299)) - d25249de-707f-41fb-b0bd-e849b78f575c@group-04C2AB29A0CB: changes role from  FOLLOWER to CANDIDATE at term 0 for changeToCandidate
2022-06-24 23:46:26,727 [d25249de-707f-41fb-b0bd-e849b78f575c@group-04C2AB29A0CB-FollowerState] INFO  server.RaftServerConfigKeys (ConfUtils.java:logGet(46)) - raft.server.leaderelection.pre-vote = false (custom)
2022-06-24 23:46:26,727 [d25249de-707f-41fb-b0bd-e849b78f575c@group-04C2AB29A0CB-FollowerState] INFO  impl.RoleInfo (RoleInfo.java:updateAndGet(139)) - d25249de-707f-41fb-b0bd-e849b78f575c: start d25249de-707f-41fb-b0bd-e849b78f575c@group-04C2AB29A0CB-LeaderElection22
2022-06-24 23:46:26,780 [d25249de-707f-41fb-b0bd-e849b78f575c@group-04C2AB29A0CB-LeaderElection22] INFO  impl.LeaderElection (LeaderElection.java:askForVotes(310)) - d25249de-707f-41fb-b0bd-e849b78f575c@group-04C2AB29A0CB-LeaderElection22 ELECTION round 0: submit vote requests at term 1 for -1: [d25249de-707f-41fb-b0bd-e849b78f575c|rpc:10.1.0.24:36285|priority:1], old=null
2022-06-24 23:46:26,780 [d25249de-707f-41fb-b0bd-e849b78f575c@group-04C2AB29A0CB-LeaderElection22] INFO  impl.LeaderElection (LeaderElection.java:askForVotes(312)) - d25249de-707f-41fb-b0bd-e849b78f575c@group-04C2AB29A0CB-LeaderElection22 ELECTION round 0: result PASSED (term=1)
2022-06-24 23:46:26,780 [d25249de-707f-41fb-b0bd-e849b78f575c@group-04C2AB29A0CB-LeaderElection22] INFO  impl.RoleInfo (RoleInfo.java:shutdownLeaderElection(130)) - d25249de-707f-41fb-b0bd-e849b78f575c: shutdown d25249de-707f-41fb-b0bd-e849b78f575c@group-04C2AB29A0CB-LeaderElection22
2022-06-24 23:46:26,781 [d25249de-707f-41fb-b0bd-e849b78f575c@group-04C2AB29A0CB-LeaderElection22] INFO  server.RaftServer$Division (RaftServerImpl.java:setRole(299)) - d25249de-707f-41fb-b0bd-e849b78f575c@group-04C2AB29A0CB: changes role from CANDIDATE to LEADER at term 1 for changeToLeader
2022-06-24 23:46:26,781 [d25249de-707f-41fb-b0bd-e849b78f575c@group-04C2AB29A0CB-LeaderElection22] INFO  ratis.XceiverServerRatis (XceiverServerRatis.java:handleLeaderChangedNotification(863)) - Leader change notification received for group: group-04C2AB29A0CB with new leaderId: d25249de-707f-41fb-b0bd-e849b78f575c
2022-06-24 23:46:26,781 [d25249de-707f-41fb-b0bd-e849b78f575c@group-04C2AB29A0CB-LeaderElection22] INFO  server.RaftServer$Division (ServerState.java:setLeader(287)) - d25249de-707f-41fb-b0bd-e849b78f575c@group-04C2AB29A0CB: change Leader from null to d25249de-707f-41fb-b0bd-e849b78f575c at term 1 for becomeLeader, leader elected after 5251ms
2022-06-24 23:46:26,781 [d25249de-707f-41fb-b0bd-e849b78f575c@group-04C2AB29A0CB-LeaderElection22] INFO  server.RaftServerConfigKeys (ConfUtils.java:logGet(46)) - raft.server.staging.catchup.gap = 1000 (default)
2022-06-24 23:46:26,781 [d25249de-707f-41fb-b0bd-e849b78f575c@group-04C2AB29A0CB-LeaderElection22] INFO  server.RaftServerConfigKeys (ConfUtils.java:logGet(46)) - raft.server.write.element-limit = 1024 (custom)
2022-06-24 23:46:26,781 [d25249de-707f-41fb-b0bd-e849b78f575c@group-04C2AB29A0CB-LeaderElection22] INFO  server.RaftServerConfigKeys (ConfUtils.java:logGet(46)) - raft.server.write.byte-limit = 1024 M (=1073741824) (custom)
2022-06-24 23:46:26,781 [d25249de-707f-41fb-b0bd-e849b78f575c@group-04C2AB29A0CB-LeaderElection22] INFO  server.RaftServerConfigKeys (ConfUtils.java:logGet(46)) - raft.server.watch.timeout = 180s (custom)
2022-06-24 23:46:26,781 [d25249de-707f-41fb-b0bd-e849b78f575c@group-04C2AB29A0CB-LeaderElection22] INFO  server.RaftServerConfigKeys (ConfUtils.java:logGet(46)) - raft.server.watch.timeout.denomination = 1s (default)
2022-06-24 23:46:26,782 [d25249de-707f-41fb-b0bd-e849b78f575c@group-04C2AB29A0CB-LeaderElection22] INFO  server.RaftServerConfigKeys (ConfUtils.java:logGet(46)) - raft.server.watch.element-limit = 65536 (default)
2022-06-24 23:46:26,782 [d25249de-707f-41fb-b0bd-e849b78f575c@group-04C2AB29A0CB-LeaderElection22] INFO  server.RaftServerConfigKeys (ConfUtils.java:logGet(46)) - raft.server.write.element-limit = 1024 (custom)
2022-06-24 23:46:26,782 [d25249de-707f-41fb-b0bd-e849b78f575c@group-04C2AB29A0CB-LeaderElection22] INFO  server.RaftServerConfigKeys (ConfUtils.java:logGet(46)) - raft.server.write.follower.gap.ratio.max = -1.0 (default)
2022-06-24 23:46:26,782 [d25249de-707f-41fb-b0bd-e849b78f575c@group-04C2AB29A0CB-LeaderElection22] INFO  impl.RoleInfo (RoleInfo.java:updateAndGet(139)) - d25249de-707f-41fb-b0bd-e849b78f575c: start d25249de-707f-41fb-b0bd-e849b78f575c@group-04C2AB29A0CB-LeaderStateImpl
2022-06-24 23:46:26,783 [d25249de-707f-41fb-b0bd-e849b78f575c@group-04C2AB29A0CB-LeaderElection22] INFO  segmented.SegmentedRaftLogWorker (SegmentedRaftLogWorker.java:startLogSegment(425)) - d25249de-707f-41fb-b0bd-e849b78f575c@group-04C2AB29A0CB-SegmentedRaftLogWorker: Starting segment from index:0
2022-06-24 23:46:26,785 [d25249de-707f-41fb-b0bd-e849b78f575c@group-04C2AB29A0CB-SegmentedRaftLogWorker] INFO  segmented.SegmentedRaftLogWorker (SegmentedRaftLogWorker.java:execute(629)) - d25249de-707f-41fb-b0bd-e849b78f575c@group-04C2AB29A0CB-SegmentedRaftLogWorker: created new log segment /home/runner/work/ozone/ozone/hadoop-ozone/integration-test/target/test-dir/MiniOzoneClusterImpl-1c97b964-6e84-44a1-9571-366444e105f6/datanode-2/data/ratis/20936ca7-b905-4cf0-ad86-04c2ab29a0cb/current/log_inprogress_0
2022-06-24 23:46:26,802 [d25249de-707f-41fb-b0bd-e849b78f575c@group-04C2AB29A0CB-LeaderElection22] INFO  server.RaftServer$Division (ServerState.java:setRaftConf(393)) - d25249de-707f-41fb-b0bd-e849b78f575c@group-04C2AB29A0CB: set configuration 0: [d25249de-707f-41fb-b0bd-e849b78f575c|rpc:10.1.0.24:36285|dataStream:|priority:1], old=null
2022-06-24 23:46:27,503 [aa2ccac3-0f7f-4c15-9b2c-c814dca127e1@group-5AD547B25BBC-FollowerState] INFO  impl.FollowerState (FollowerState.java:run(143)) - aa2ccac3-0f7f-4c15-9b2c-c814dca127e1@group-5AD547B25BBC-FollowerState: change to CANDIDATE, lastRpcElapsedTime:5158770258ns, electionTimeout:5143ms
2022-06-24 23:46:27,503 [aa2ccac3-0f7f-4c15-9b2c-c814dca127e1@group-5AD547B25BBC-FollowerState] INFO  impl.RoleInfo (RoleInfo.java:shutdownFollowerState(110)) - aa2ccac3-0f7f-4c15-9b2c-c814dca127e1: shutdown aa2ccac3-0f7f-4c15-9b2c-c814dca127e1@group-5AD547B25BBC-FollowerState
2022-06-24 23:46:27,503 [aa2ccac3-0f7f-4c15-9b2c-c814dca127e1@group-5AD547B25BBC-FollowerState] INFO  server.RaftServer$Division (RaftServerImpl.java:setRole(299)) - aa2ccac3-0f7f-4c15-9b2c-c814dca127e1@group-5AD547B25BBC: changes role from  FOLLOWER to CANDIDATE at term 0 for changeToCandidate
2022-06-24 23:46:27,504 [aa2ccac3-0f7f-4c15-9b2c-c814dca127e1@group-5AD547B25BBC-FollowerState] INFO  server.RaftServerConfigKeys (ConfUtils.java:logGet(46)) - raft.server.leaderelection.pre-vote = false (custom)
2022-06-24 23:46:27,504 [aa2ccac3-0f7f-4c15-9b2c-c814dca127e1@group-5AD547B25BBC-FollowerState] INFO  impl.RoleInfo (RoleInfo.java:updateAndGet(139)) - aa2ccac3-0f7f-4c15-9b2c-c814dca127e1: start aa2ccac3-0f7f-4c15-9b2c-c814dca127e1@group-5AD547B25BBC-LeaderElection23
2022-06-24 23:46:27,563 [aa2ccac3-0f7f-4c15-9b2c-c814dca127e1@group-5AD547B25BBC-LeaderElection23] INFO  impl.LeaderElection (LeaderElection.java:askForVotes(310)) - aa2ccac3-0f7f-4c15-9b2c-c814dca127e1@group-5AD547B25BBC-LeaderElection23 ELECTION round 0: submit vote requests at term 1 for -1: [aa2ccac3-0f7f-4c15-9b2c-c814dca127e1|rpc:10.1.0.24:36121|priority:1], old=null
2022-06-24 23:46:27,563 [aa2ccac3-0f7f-4c15-9b2c-c814dca127e1@group-5AD547B25BBC-LeaderElection23] INFO  impl.LeaderElection (LeaderElection.java:askForVotes(312)) - aa2ccac3-0f7f-4c15-9b2c-c814dca127e1@group-5AD547B25BBC-LeaderElection23 ELECTION round 0: result PASSED (term=1)
2022-06-24 23:46:27,563 [aa2ccac3-0f7f-4c15-9b2c-c814dca127e1@group-5AD547B25BBC-LeaderElection23] INFO  impl.RoleInfo (RoleInfo.java:shutdownLeaderElection(130)) - aa2ccac3-0f7f-4c15-9b2c-c814dca127e1: shutdown aa2ccac3-0f7f-4c15-9b2c-c814dca127e1@group-5AD547B25BBC-LeaderElection23
2022-06-24 23:46:27,563 [aa2ccac3-0f7f-4c15-9b2c-c814dca127e1@group-5AD547B25BBC-LeaderElection23] INFO  server.RaftServer$Division (RaftServerImpl.java:setRole(299)) - aa2ccac3-0f7f-4c15-9b2c-c814dca127e1@group-5AD547B25BBC: changes role from CANDIDATE to LEADER at term 1 for changeToLeader
2022-06-24 23:46:27,563 [aa2ccac3-0f7f-4c15-9b2c-c814dca127e1@group-5AD547B25BBC-LeaderElection23] INFO  ratis.XceiverServerRatis (XceiverServerRatis.java:handleLeaderChangedNotification(863)) - Leader change notification received for group: group-5AD547B25BBC with new leaderId: aa2ccac3-0f7f-4c15-9b2c-c814dca127e1
2022-06-24 23:46:27,563 [aa2ccac3-0f7f-4c15-9b2c-c814dca127e1@group-5AD547B25BBC-LeaderElection23] INFO  server.RaftServer$Division (ServerState.java:setLeader(287)) - aa2ccac3-0f7f-4c15-9b2c-c814dca127e1@group-5AD547B25BBC: change Leader from null to aa2ccac3-0f7f-4c15-9b2c-c814dca127e1 at term 1 for becomeLeader, leader elected after 5240ms
2022-06-24 23:46:27,563 [aa2ccac3-0f7f-4c15-9b2c-c814dca127e1@group-5AD547B25BBC-LeaderElection23] INFO  server.RaftServerConfigKeys (ConfUtils.java:logGet(46)) - raft.server.staging.catchup.gap = 1000 (default)
2022-06-24 23:46:27,564 [aa2ccac3-0f7f-4c15-9b2c-c814dca127e1@group-5AD547B25BBC-LeaderElection23] INFO  server.RaftServerConfigKeys (ConfUtils.java:logGet(46)) - raft.server.write.element-limit = 1024 (custom)
2022-06-24 23:46:27,564 [aa2ccac3-0f7f-4c15-9b2c-c814dca127e1@group-5AD547B25BBC-LeaderElection23] INFO  server.RaftServerConfigKeys (ConfUtils.java:logGet(46)) - raft.server.write.byte-limit = 1024 M (=1073741824) (custom)
2022-06-24 23:46:27,564 [aa2ccac3-0f7f-4c15-9b2c-c814dca127e1@group-5AD547B25BBC-LeaderElection23] INFO  server.RaftServerConfigKeys (ConfUtils.java:logGet(46)) - raft.server.watch.timeout = 180s (custom)
2022-06-24 23:46:27,564 [aa2ccac3-0f7f-4c15-9b2c-c814dca127e1@group-5AD547B25BBC-LeaderElection23] INFO  server.RaftServerConfigKeys (ConfUtils.java:logGet(46)) - raft.server.watch.timeout.denomination = 1s (default)
2022-06-24 23:46:27,564 [aa2ccac3-0f7f-4c15-9b2c-c814dca127e1@group-5AD547B25BBC-LeaderElection23] INFO  server.RaftServerConfigKeys (ConfUtils.java:logGet(46)) - raft.server.watch.element-limit = 65536 (default)
2022-06-24 23:46:27,564 [aa2ccac3-0f7f-4c15-9b2c-c814dca127e1@group-5AD547B25BBC-LeaderElection23] INFO  server.RaftServerConfigKeys (ConfUtils.java:logGet(46)) - raft.server.write.element-limit = 1024 (custom)
2022-06-24 23:46:27,564 [aa2ccac3-0f7f-4c15-9b2c-c814dca127e1@group-5AD547B25BBC-LeaderElection23] INFO  server.RaftServerConfigKeys (ConfUtils.java:logGet(46)) - raft.server.write.follower.gap.ratio.max = -1.0 (default)
2022-06-24 23:46:27,564 [aa2ccac3-0f7f-4c15-9b2c-c814dca127e1@group-5AD547B25BBC-LeaderElection23] INFO  impl.RoleInfo (RoleInfo.java:updateAndGet(139)) - aa2ccac3-0f7f-4c15-9b2c-c814dca127e1: start aa2ccac3-0f7f-4c15-9b2c-c814dca127e1@group-5AD547B25BBC-LeaderStateImpl
2022-06-24 23:46:27,564 [aa2ccac3-0f7f-4c15-9b2c-c814dca127e1@group-5AD547B25BBC-LeaderElection23] INFO  segmented.SegmentedRaftLogWorker (SegmentedRaftLogWorker.java:startLogSegment(425)) - aa2ccac3-0f7f-4c15-9b2c-c814dca127e1@group-5AD547B25BBC-SegmentedRaftLogWorker: Starting segment from index:0
2022-06-24 23:46:27,566 [aa2ccac3-0f7f-4c15-9b2c-c814dca127e1@group-5AD547B25BBC-SegmentedRaftLogWorker] INFO  segmented.SegmentedRaftLogWorker (SegmentedRaftLogWorker.java:execute(629)) - aa2ccac3-0f7f-4c15-9b2c-c814dca127e1@group-5AD547B25BBC-SegmentedRaftLogWorker: created new log segment /home/runner/work/ozone/ozone/hadoop-ozone/integration-test/target/test-dir/MiniOzoneClusterImpl-1c97b964-6e84-44a1-9571-366444e105f6/datanode-3/data/ratis/8982bc99-82ef-4920-9d7b-5ad547b25bbc/current/log_inprogress_0
2022-06-24 23:46:27,584 [aa2ccac3-0f7f-4c15-9b2c-c814dca127e1@group-5AD547B25BBC-LeaderElection23] INFO  server.RaftServer$Division (ServerState.java:setRaftConf(393)) - aa2ccac3-0f7f-4c15-9b2c-c814dca127e1@group-5AD547B25BBC: set configuration 0: [aa2ccac3-0f7f-4c15-9b2c-c814dca127e1|rpc:10.1.0.24:36121|dataStream:|priority:1], old=null
]]></system-out>
  </testcase>
  <testcase name="testAllocateMoreThanOneBlock" classname="TestOzoneFileSystem" time="0.995">
    <system-out><![CDATA[2022-06-24 23:47:31,820 [87fb9657-1567-464e-bbce-51798844cbf7@group-B48B88EBAB1D-FollowerState] INFO  impl.FollowerState (FollowerState.java:run(143)) - 87fb9657-1567-464e-bbce-51798844cbf7@group-B48B88EBAB1D-FollowerState: change to CANDIDATE, lastRpcElapsedTime:5049532084ns, electionTimeout:5023ms
2022-06-24 23:47:31,820 [87fb9657-1567-464e-bbce-51798844cbf7@group-B48B88EBAB1D-FollowerState] INFO  impl.RoleInfo (RoleInfo.java:shutdownFollowerState(110)) - 87fb9657-1567-464e-bbce-51798844cbf7: shutdown 87fb9657-1567-464e-bbce-51798844cbf7@group-B48B88EBAB1D-FollowerState
2022-06-24 23:47:31,821 [87fb9657-1567-464e-bbce-51798844cbf7@group-B48B88EBAB1D-FollowerState] INFO  server.RaftServer$Division (RaftServerImpl.java:setRole(299)) - 87fb9657-1567-464e-bbce-51798844cbf7@group-B48B88EBAB1D: changes role from  FOLLOWER to CANDIDATE at term 0 for changeToCandidate
2022-06-24 23:47:31,826 [87fb9657-1567-464e-bbce-51798844cbf7@group-B48B88EBAB1D-FollowerState] INFO  server.RaftServerConfigKeys (ConfUtils.java:logGet(46)) - raft.server.leaderelection.pre-vote = false (custom)
2022-06-24 23:47:31,827 [87fb9657-1567-464e-bbce-51798844cbf7@group-B48B88EBAB1D-FollowerState] INFO  impl.RoleInfo (RoleInfo.java:updateAndGet(139)) - 87fb9657-1567-464e-bbce-51798844cbf7: start 87fb9657-1567-464e-bbce-51798844cbf7@group-B48B88EBAB1D-LeaderElection45
2022-06-24 23:47:31,873 [87fb9657-1567-464e-bbce-51798844cbf7@group-B48B88EBAB1D-LeaderElection45] INFO  impl.LeaderElection (LeaderElection.java:askForVotes(310)) - 87fb9657-1567-464e-bbce-51798844cbf7@group-B48B88EBAB1D-LeaderElection45 ELECTION round 0: submit vote requests at term 1 for -1: [87fb9657-1567-464e-bbce-51798844cbf7|rpc:10.1.0.24:44643|priority:1], old=null
2022-06-24 23:47:31,873 [87fb9657-1567-464e-bbce-51798844cbf7@group-B48B88EBAB1D-LeaderElection45] INFO  impl.LeaderElection (LeaderElection.java:askForVotes(312)) - 87fb9657-1567-464e-bbce-51798844cbf7@group-B48B88EBAB1D-LeaderElection45 ELECTION round 0: result PASSED (term=1)
2022-06-24 23:47:31,873 [87fb9657-1567-464e-bbce-51798844cbf7@group-B48B88EBAB1D-LeaderElection45] INFO  impl.RoleInfo (RoleInfo.java:shutdownLeaderElection(130)) - 87fb9657-1567-464e-bbce-51798844cbf7: shutdown 87fb9657-1567-464e-bbce-51798844cbf7@group-B48B88EBAB1D-LeaderElection45
2022-06-24 23:47:31,873 [87fb9657-1567-464e-bbce-51798844cbf7@group-B48B88EBAB1D-LeaderElection45] INFO  server.RaftServer$Division (RaftServerImpl.java:setRole(299)) - 87fb9657-1567-464e-bbce-51798844cbf7@group-B48B88EBAB1D: changes role from CANDIDATE to LEADER at term 1 for changeToLeader
2022-06-24 23:47:31,873 [87fb9657-1567-464e-bbce-51798844cbf7@group-B48B88EBAB1D-LeaderElection45] INFO  ratis.XceiverServerRatis (XceiverServerRatis.java:handleLeaderChangedNotification(863)) - Leader change notification received for group: group-B48B88EBAB1D with new leaderId: 87fb9657-1567-464e-bbce-51798844cbf7
2022-06-24 23:47:31,907 [87fb9657-1567-464e-bbce-51798844cbf7@group-B48B88EBAB1D-LeaderElection45] INFO  server.RaftServer$Division (ServerState.java:setLeader(287)) - 87fb9657-1567-464e-bbce-51798844cbf7@group-B48B88EBAB1D: change Leader from null to 87fb9657-1567-464e-bbce-51798844cbf7 at term 1 for becomeLeader, leader elected after 5114ms
2022-06-24 23:47:31,907 [87fb9657-1567-464e-bbce-51798844cbf7@group-B48B88EBAB1D-LeaderElection45] INFO  server.RaftServerConfigKeys (ConfUtils.java:logGet(46)) - raft.server.staging.catchup.gap = 1000 (default)
2022-06-24 23:47:31,907 [87fb9657-1567-464e-bbce-51798844cbf7@group-B48B88EBAB1D-LeaderElection45] INFO  server.RaftServerConfigKeys (ConfUtils.java:logGet(46)) - raft.server.write.element-limit = 1024 (custom)
2022-06-24 23:47:31,907 [87fb9657-1567-464e-bbce-51798844cbf7@group-B48B88EBAB1D-LeaderElection45] INFO  server.RaftServerConfigKeys (ConfUtils.java:logGet(46)) - raft.server.write.byte-limit = 1024 M (=1073741824) (custom)
2022-06-24 23:47:31,908 [87fb9657-1567-464e-bbce-51798844cbf7@group-B48B88EBAB1D-LeaderElection45] INFO  server.RaftServerConfigKeys (ConfUtils.java:logGet(46)) - raft.server.watch.timeout = 180s (custom)
2022-06-24 23:47:31,908 [87fb9657-1567-464e-bbce-51798844cbf7@group-B48B88EBAB1D-LeaderElection45] INFO  server.RaftServerConfigKeys (ConfUtils.java:logGet(46)) - raft.server.watch.timeout.denomination = 1s (default)
2022-06-24 23:47:31,908 [87fb9657-1567-464e-bbce-51798844cbf7@group-B48B88EBAB1D-LeaderElection45] INFO  server.RaftServerConfigKeys (ConfUtils.java:logGet(46)) - raft.server.watch.element-limit = 65536 (default)
2022-06-24 23:47:31,908 [87fb9657-1567-464e-bbce-51798844cbf7@group-B48B88EBAB1D-LeaderElection45] INFO  server.RaftServerConfigKeys (ConfUtils.java:logGet(46)) - raft.server.write.element-limit = 1024 (custom)
2022-06-24 23:47:31,908 [87fb9657-1567-464e-bbce-51798844cbf7@group-B48B88EBAB1D-LeaderElection45] INFO  server.RaftServerConfigKeys (ConfUtils.java:logGet(46)) - raft.server.write.follower.gap.ratio.max = -1.0 (default)
2022-06-24 23:47:31,908 [87fb9657-1567-464e-bbce-51798844cbf7@group-B48B88EBAB1D-LeaderElection45] INFO  impl.RoleInfo (RoleInfo.java:updateAndGet(139)) - 87fb9657-1567-464e-bbce-51798844cbf7: start 87fb9657-1567-464e-bbce-51798844cbf7@group-B48B88EBAB1D-LeaderStateImpl
2022-06-24 23:47:31,908 [87fb9657-1567-464e-bbce-51798844cbf7@group-B48B88EBAB1D-LeaderElection45] INFO  segmented.SegmentedRaftLogWorker (SegmentedRaftLogWorker.java:startLogSegment(425)) - 87fb9657-1567-464e-bbce-51798844cbf7@group-B48B88EBAB1D-SegmentedRaftLogWorker: Starting segment from index:0
2022-06-24 23:47:31,911 [87fb9657-1567-464e-bbce-51798844cbf7@group-B48B88EBAB1D-SegmentedRaftLogWorker] INFO  segmented.SegmentedRaftLogWorker (SegmentedRaftLogWorker.java:execute(629)) - 87fb9657-1567-464e-bbce-51798844cbf7@group-B48B88EBAB1D-SegmentedRaftLogWorker: created new log segment /home/runner/work/ozone/ozone/hadoop-ozone/integration-test/target/test-dir/MiniOzoneClusterImpl-579f371f-51d7-44c0-bf7c-5cb5e6cf7bc4/datanode-3/data/ratis/bc4460fc-0603-4433-ad8a-b48b88ebab1d/current/log_inprogress_0
2022-06-24 23:47:31,920 [87fb9657-1567-464e-bbce-51798844cbf7@group-B48B88EBAB1D-LeaderElection45] INFO  server.RaftServer$Division (ServerState.java:setRaftConf(393)) - 87fb9657-1567-464e-bbce-51798844cbf7@group-B48B88EBAB1D: set configuration 0: [87fb9657-1567-464e-bbce-51798844cbf7|rpc:10.1.0.24:44643|dataStream:|priority:1], old=null
]]></system-out>
  </testcase>
  <testcase name="testAllocateMoreThanOneBlock" classname="TestOzoneFileSystem" time="1.323">
    <system-out><![CDATA[2022-06-24 23:50:41,555 [3b15d008-52c9-47ea-9020-002e7e4220a9@group-7C9B075BF0FD-FollowerState] INFO  impl.FollowerState (FollowerState.java:run(143)) - 3b15d008-52c9-47ea-9020-002e7e4220a9@group-7C9B075BF0FD-FollowerState: change to CANDIDATE, lastRpcElapsedTime:5149274991ns, electionTimeout:5146ms
2022-06-24 23:50:41,555 [3b15d008-52c9-47ea-9020-002e7e4220a9@group-7C9B075BF0FD-FollowerState] INFO  impl.RoleInfo (RoleInfo.java:shutdownFollowerState(110)) - 3b15d008-52c9-47ea-9020-002e7e4220a9: shutdown 3b15d008-52c9-47ea-9020-002e7e4220a9@group-7C9B075BF0FD-FollowerState
2022-06-24 23:50:41,555 [3b15d008-52c9-47ea-9020-002e7e4220a9@group-7C9B075BF0FD-FollowerState] INFO  server.RaftServer$Division (RaftServerImpl.java:setRole(299)) - 3b15d008-52c9-47ea-9020-002e7e4220a9@group-7C9B075BF0FD: changes role from  FOLLOWER to CANDIDATE at term 0 for changeToCandidate
2022-06-24 23:50:41,573 [3b15d008-52c9-47ea-9020-002e7e4220a9@group-7C9B075BF0FD-FollowerState] INFO  server.RaftServerConfigKeys (ConfUtils.java:logGet(46)) - raft.server.leaderelection.pre-vote = false (custom)
2022-06-24 23:50:41,573 [3b15d008-52c9-47ea-9020-002e7e4220a9@group-7C9B075BF0FD-FollowerState] INFO  impl.RoleInfo (RoleInfo.java:updateAndGet(139)) - 3b15d008-52c9-47ea-9020-002e7e4220a9: start 3b15d008-52c9-47ea-9020-002e7e4220a9@group-7C9B075BF0FD-LeaderElection60
2022-06-24 23:50:41,681 [3b15d008-52c9-47ea-9020-002e7e4220a9@group-7C9B075BF0FD-LeaderElection60] INFO  impl.LeaderElection (LeaderElection.java:askForVotes(310)) - 3b15d008-52c9-47ea-9020-002e7e4220a9@group-7C9B075BF0FD-LeaderElection60 ELECTION round 0: submit vote requests at term 1 for -1: [3b15d008-52c9-47ea-9020-002e7e4220a9|rpc:10.1.0.24:37413|priority:1], old=null
2022-06-24 23:50:41,682 [3b15d008-52c9-47ea-9020-002e7e4220a9@group-7C9B075BF0FD-LeaderElection60] INFO  impl.LeaderElection (LeaderElection.java:askForVotes(312)) - 3b15d008-52c9-47ea-9020-002e7e4220a9@group-7C9B075BF0FD-LeaderElection60 ELECTION round 0: result PASSED (term=1)
2022-06-24 23:50:41,682 [3b15d008-52c9-47ea-9020-002e7e4220a9@group-7C9B075BF0FD-LeaderElection60] INFO  impl.RoleInfo (RoleInfo.java:shutdownLeaderElection(130)) - 3b15d008-52c9-47ea-9020-002e7e4220a9: shutdown 3b15d008-52c9-47ea-9020-002e7e4220a9@group-7C9B075BF0FD-LeaderElection60
2022-06-24 23:50:41,682 [3b15d008-52c9-47ea-9020-002e7e4220a9@group-7C9B075BF0FD-LeaderElection60] INFO  server.RaftServer$Division (RaftServerImpl.java:setRole(299)) - 3b15d008-52c9-47ea-9020-002e7e4220a9@group-7C9B075BF0FD: changes role from CANDIDATE to LEADER at term 1 for changeToLeader
2022-06-24 23:50:41,682 [3b15d008-52c9-47ea-9020-002e7e4220a9@group-7C9B075BF0FD-LeaderElection60] INFO  ratis.XceiverServerRatis (XceiverServerRatis.java:handleLeaderChangedNotification(863)) - Leader change notification received for group: group-7C9B075BF0FD with new leaderId: 3b15d008-52c9-47ea-9020-002e7e4220a9
2022-06-24 23:50:41,682 [3b15d008-52c9-47ea-9020-002e7e4220a9@group-7C9B075BF0FD-LeaderElection60] INFO  server.RaftServer$Division (ServerState.java:setLeader(287)) - 3b15d008-52c9-47ea-9020-002e7e4220a9@group-7C9B075BF0FD: change Leader from null to 3b15d008-52c9-47ea-9020-002e7e4220a9 at term 1 for becomeLeader, leader elected after 5286ms
2022-06-24 23:50:41,682 [3b15d008-52c9-47ea-9020-002e7e4220a9@group-7C9B075BF0FD-LeaderElection60] INFO  server.RaftServerConfigKeys (ConfUtils.java:logGet(46)) - raft.server.staging.catchup.gap = 1000 (default)
2022-06-24 23:50:41,682 [3b15d008-52c9-47ea-9020-002e7e4220a9@group-7C9B075BF0FD-LeaderElection60] INFO  server.RaftServerConfigKeys (ConfUtils.java:logGet(46)) - raft.server.write.element-limit = 1024 (custom)
2022-06-24 23:50:41,682 [3b15d008-52c9-47ea-9020-002e7e4220a9@group-7C9B075BF0FD-LeaderElection60] INFO  server.RaftServerConfigKeys (ConfUtils.java:logGet(46)) - raft.server.write.byte-limit = 1024 M (=1073741824) (custom)
2022-06-24 23:50:41,683 [3b15d008-52c9-47ea-9020-002e7e4220a9@group-7C9B075BF0FD-LeaderElection60] INFO  server.RaftServerConfigKeys (ConfUtils.java:logGet(46)) - raft.server.watch.timeout = 180s (custom)
2022-06-24 23:50:41,683 [3b15d008-52c9-47ea-9020-002e7e4220a9@group-7C9B075BF0FD-LeaderElection60] INFO  server.RaftServerConfigKeys (ConfUtils.java:logGet(46)) - raft.server.watch.timeout.denomination = 1s (default)
2022-06-24 23:50:41,683 [3b15d008-52c9-47ea-9020-002e7e4220a9@group-7C9B075BF0FD-LeaderElection60] INFO  server.RaftServerConfigKeys (ConfUtils.java:logGet(46)) - raft.server.watch.element-limit = 65536 (default)
2022-06-24 23:50:41,683 [3b15d008-52c9-47ea-9020-002e7e4220a9@group-7C9B075BF0FD-LeaderElection60] INFO  server.RaftServerConfigKeys (ConfUtils.java:logGet(46)) - raft.server.write.element-limit = 1024 (custom)
2022-06-24 23:50:41,687 [3b15d008-52c9-47ea-9020-002e7e4220a9@group-7C9B075BF0FD-LeaderElection60] INFO  server.RaftServerConfigKeys (ConfUtils.java:logGet(46)) - raft.server.write.follower.gap.ratio.max = -1.0 (default)
2022-06-24 23:50:41,687 [3b15d008-52c9-47ea-9020-002e7e4220a9@group-7C9B075BF0FD-LeaderElection60] INFO  impl.RoleInfo (RoleInfo.java:updateAndGet(139)) - 3b15d008-52c9-47ea-9020-002e7e4220a9: start 3b15d008-52c9-47ea-9020-002e7e4220a9@group-7C9B075BF0FD-LeaderStateImpl
2022-06-24 23:50:41,687 [3b15d008-52c9-47ea-9020-002e7e4220a9@group-7C9B075BF0FD-LeaderElection60] INFO  segmented.SegmentedRaftLogWorker (SegmentedRaftLogWorker.java:startLogSegment(425)) - 3b15d008-52c9-47ea-9020-002e7e4220a9@group-7C9B075BF0FD-SegmentedRaftLogWorker: Starting segment from index:0
2022-06-24 23:50:41,689 [3b15d008-52c9-47ea-9020-002e7e4220a9@group-7C9B075BF0FD-SegmentedRaftLogWorker] INFO  segmented.SegmentedRaftLogWorker (SegmentedRaftLogWorker.java:execute(629)) - 3b15d008-52c9-47ea-9020-002e7e4220a9@group-7C9B075BF0FD-SegmentedRaftLogWorker: created new log segment /home/runner/work/ozone/ozone/hadoop-ozone/integration-test/target/test-dir/MiniOzoneClusterImpl-fde6c995-fd32-43d9-9d96-6dc5d052cd3d/datanode-3/data/ratis/50a959ec-9a96-4bf4-9859-7c9b075bf0fd/current/log_inprogress_0
2022-06-24 23:50:41,709 [3b15d008-52c9-47ea-9020-002e7e4220a9@group-7C9B075BF0FD-LeaderElection60] INFO  server.RaftServer$Division (ServerState.java:setRaftConf(393)) - 3b15d008-52c9-47ea-9020-002e7e4220a9@group-7C9B075BF0FD: set configuration 0: [3b15d008-52c9-47ea-9020-002e7e4220a9|rpc:10.1.0.24:37413|dataStream:|priority:1], old=null
]]></system-out>
  </testcase>
  <testcase name="testRenameToExistingDir" classname="TestOzoneFileSystem" time="0.058">
    <system-out><![CDATA[23:45:20.724 [IPC Server handler 15 on default port 44795] ERROR OMAudit - user=runner | ip=127.0.0.1 | op=LIST_STATUS {volume=volume84730, bucket=bucket91502, key=b/a, dataSize=0, replicationConfig=null} | ret=FAILURE
org.apache.hadoop.ozone.om.exceptions.OMException: Unable to get file status: volume: volume84730 bucket: bucket91502 key: b/a
	at org.apache.hadoop.ozone.om.KeyManagerImpl.getOzoneFileStatus(KeyManagerImpl.java:1311) ~[ozone-manager-1.3.0-SNAPSHOT.jar:?]
	at org.apache.hadoop.ozone.om.KeyManagerImpl.getFileStatus(KeyManagerImpl.java:1241) ~[ozone-manager-1.3.0-SNAPSHOT.jar:?]
	at org.apache.hadoop.ozone.om.KeyManagerImpl.listStatus(KeyManagerImpl.java:1565) ~[ozone-manager-1.3.0-SNAPSHOT.jar:?]
	at org.apache.hadoop.ozone.om.OzoneManager.listStatus(OzoneManager.java:3497) ~[ozone-manager-1.3.0-SNAPSHOT.jar:?]
	at org.apache.hadoop.ozone.protocolPB.OzoneManagerRequestHandler.listStatus(OzoneManagerRequestHandler.java:1028) ~[ozone-manager-1.3.0-SNAPSHOT.jar:?]
	at org.apache.hadoop.ozone.protocolPB.OzoneManagerRequestHandler.handleReadRequest(OzoneManagerRequestHandler.java:228) ~[ozone-manager-1.3.0-SNAPSHOT.jar:?]
	at org.apache.hadoop.ozone.protocolPB.OzoneManagerProtocolServerSideTranslatorPB.submitReadRequestToOM(OzoneManagerProtocolServerSideTranslatorPB.java:226) ~[ozone-manager-1.3.0-SNAPSHOT.jar:?]
	at org.apache.hadoop.ozone.protocolPB.OzoneManagerProtocolServerSideTranslatorPB.processRequest(OzoneManagerProtocolServerSideTranslatorPB.java:175) ~[ozone-manager-1.3.0-SNAPSHOT.jar:?]
	at org.apache.hadoop.hdds.server.OzoneProtocolMessageDispatcher.processRequest(OzoneProtocolMessageDispatcher.java:87) [hdds-server-framework-1.3.0-SNAPSHOT.jar:?]
	at org.apache.hadoop.ozone.protocolPB.OzoneManagerProtocolServerSideTranslatorPB.submitRequest(OzoneManagerProtocolServerSideTranslatorPB.java:147) [ozone-manager-1.3.0-SNAPSHOT.jar:?]
	at org.apache.hadoop.ozone.protocol.proto.OzoneManagerProtocolProtos$OzoneManagerService$2.callBlockingMethod(OzoneManagerProtocolProtos.java) [ozone-interface-client-1.3.0-SNAPSHOT.jar:?]
	at org.apache.hadoop.ipc.ProtobufRpcEngine$Server.processCall(ProtobufRpcEngine.java:466) [hadoop-common-3.3.1.jar:?]
	at org.apache.hadoop.ipc.ProtobufRpcEngine2$Server$ProtoBufRpcInvoker.call(ProtobufRpcEngine2.java:574) [hadoop-common-3.3.1.jar:?]
	at org.apache.hadoop.ipc.ProtobufRpcEngine2$Server$ProtoBufRpcInvoker.call(ProtobufRpcEngine2.java:552) [hadoop-common-3.3.1.jar:?]
	at org.apache.hadoop.ipc.RPC$Server.call(RPC.java:1093) [hadoop-common-3.3.1.jar:?]
	at org.apache.hadoop.ipc.Server$RpcCall.run(Server.java:1035) [hadoop-common-3.3.1.jar:?]
	at org.apache.hadoop.ipc.Server$RpcCall.run(Server.java:963) [hadoop-common-3.3.1.jar:?]
	at java.security.AccessController.doPrivileged(Native Method) ~[?:1.8.0_332]
	at javax.security.auth.Subject.doAs(Subject.java:422) [?:1.8.0_332]
	at org.apache.hadoop.security.UserGroupInformation.doAs(UserGroupInformation.java:1878) [hadoop-common-3.3.1.jar:?]
	at org.apache.hadoop.ipc.Server$Handler.run(Server.java:2966) [hadoop-common-3.3.1.jar:?]
]]></system-out>
  </testcase>
  <testcase name="testRenameToExistingDir" classname="TestOzoneFileSystem" time="0.027">
    <system-out><![CDATA[23:46:27.795 [IPC Server handler 6 on default port 34097] ERROR OMAudit - user=runner | ip=127.0.0.1 | op=LIST_STATUS {volume=volume05206, bucket=bucket45514, key=b/a, dataSize=0, replicationConfig=null} | ret=FAILURE
org.apache.hadoop.ozone.om.exceptions.OMException: Unable to get file status: volume: volume05206 bucket: bucket45514 key: b/a
	at org.apache.hadoop.ozone.om.KeyManagerImpl.getOzoneFileStatus(KeyManagerImpl.java:1311) ~[ozone-manager-1.3.0-SNAPSHOT.jar:?]
	at org.apache.hadoop.ozone.om.KeyManagerImpl.getFileStatus(KeyManagerImpl.java:1241) ~[ozone-manager-1.3.0-SNAPSHOT.jar:?]
	at org.apache.hadoop.ozone.om.KeyManagerImpl.listStatus(KeyManagerImpl.java:1565) ~[ozone-manager-1.3.0-SNAPSHOT.jar:?]
	at org.apache.hadoop.ozone.om.OzoneManager.listStatus(OzoneManager.java:3497) ~[ozone-manager-1.3.0-SNAPSHOT.jar:?]
	at org.apache.hadoop.ozone.protocolPB.OzoneManagerRequestHandler.listStatus(OzoneManagerRequestHandler.java:1028) ~[ozone-manager-1.3.0-SNAPSHOT.jar:?]
	at org.apache.hadoop.ozone.protocolPB.OzoneManagerRequestHandler.handleReadRequest(OzoneManagerRequestHandler.java:228) ~[ozone-manager-1.3.0-SNAPSHOT.jar:?]
	at org.apache.hadoop.ozone.protocolPB.OzoneManagerProtocolServerSideTranslatorPB.submitRequestDirectlyToOM(OzoneManagerProtocolServerSideTranslatorPB.java:276) ~[ozone-manager-1.3.0-SNAPSHOT.jar:?]
	at org.apache.hadoop.ozone.protocolPB.OzoneManagerProtocolServerSideTranslatorPB.processRequest(OzoneManagerProtocolServerSideTranslatorPB.java:205) ~[ozone-manager-1.3.0-SNAPSHOT.jar:?]
	at org.apache.hadoop.hdds.server.OzoneProtocolMessageDispatcher.processRequest(OzoneProtocolMessageDispatcher.java:87) [hdds-server-framework-1.3.0-SNAPSHOT.jar:?]
	at org.apache.hadoop.ozone.protocolPB.OzoneManagerProtocolServerSideTranslatorPB.submitRequest(OzoneManagerProtocolServerSideTranslatorPB.java:147) [ozone-manager-1.3.0-SNAPSHOT.jar:?]
	at org.apache.hadoop.ozone.protocol.proto.OzoneManagerProtocolProtos$OzoneManagerService$2.callBlockingMethod(OzoneManagerProtocolProtos.java) [ozone-interface-client-1.3.0-SNAPSHOT.jar:?]
	at org.apache.hadoop.ipc.ProtobufRpcEngine$Server.processCall(ProtobufRpcEngine.java:466) [hadoop-common-3.3.1.jar:?]
	at org.apache.hadoop.ipc.ProtobufRpcEngine2$Server$ProtoBufRpcInvoker.call(ProtobufRpcEngine2.java:574) [hadoop-common-3.3.1.jar:?]
	at org.apache.hadoop.ipc.ProtobufRpcEngine2$Server$ProtoBufRpcInvoker.call(ProtobufRpcEngine2.java:552) [hadoop-common-3.3.1.jar:?]
	at org.apache.hadoop.ipc.RPC$Server.call(RPC.java:1093) [hadoop-common-3.3.1.jar:?]
	at org.apache.hadoop.ipc.Server$RpcCall.run(Server.java:1035) [hadoop-common-3.3.1.jar:?]
	at org.apache.hadoop.ipc.Server$RpcCall.run(Server.java:963) [hadoop-common-3.3.1.jar:?]
	at java.security.AccessController.doPrivileged(Native Method) ~[?:1.8.0_332]
	at javax.security.auth.Subject.doAs(Subject.java:422) [?:1.8.0_332]
	at org.apache.hadoop.security.UserGroupInformation.doAs(UserGroupInformation.java:1878) [hadoop-common-3.3.1.jar:?]
	at org.apache.hadoop.ipc.Server$Handler.run(Server.java:2966) [hadoop-common-3.3.1.jar:?]
]]></system-out>
  </testcase>
  <testcase name="testRenameToExistingDir" classname="TestOzoneFileSystem" time="0.06">
    <system-out><![CDATA[23:47:32.734 [IPC Server handler 18 on default port 33165] ERROR OMAudit - user=runner | ip=127.0.0.1 | op=LIST_STATUS {volume=volume99794, bucket=bucket10019, key=b/a, dataSize=0, replicationConfig=null} | ret=FAILURE
org.apache.hadoop.ozone.om.exceptions.OMException: Unable to get file status: volume: volume99794 bucket: bucket10019 key: b/a
	at org.apache.hadoop.ozone.om.KeyManagerImpl.getOzoneFileStatus(KeyManagerImpl.java:1311) ~[ozone-manager-1.3.0-SNAPSHOT.jar:?]
	at org.apache.hadoop.ozone.om.KeyManagerImpl.getFileStatus(KeyManagerImpl.java:1241) ~[ozone-manager-1.3.0-SNAPSHOT.jar:?]
	at org.apache.hadoop.ozone.om.KeyManagerImpl.listStatus(KeyManagerImpl.java:1565) ~[ozone-manager-1.3.0-SNAPSHOT.jar:?]
	at org.apache.hadoop.ozone.om.OzoneManager.listStatus(OzoneManager.java:3497) ~[ozone-manager-1.3.0-SNAPSHOT.jar:?]
	at org.apache.hadoop.ozone.protocolPB.OzoneManagerRequestHandler.listStatus(OzoneManagerRequestHandler.java:1028) ~[ozone-manager-1.3.0-SNAPSHOT.jar:?]
	at org.apache.hadoop.ozone.protocolPB.OzoneManagerRequestHandler.handleReadRequest(OzoneManagerRequestHandler.java:228) ~[ozone-manager-1.3.0-SNAPSHOT.jar:?]
	at org.apache.hadoop.ozone.protocolPB.OzoneManagerProtocolServerSideTranslatorPB.submitReadRequestToOM(OzoneManagerProtocolServerSideTranslatorPB.java:226) ~[ozone-manager-1.3.0-SNAPSHOT.jar:?]
	at org.apache.hadoop.ozone.protocolPB.OzoneManagerProtocolServerSideTranslatorPB.processRequest(OzoneManagerProtocolServerSideTranslatorPB.java:175) ~[ozone-manager-1.3.0-SNAPSHOT.jar:?]
	at org.apache.hadoop.hdds.server.OzoneProtocolMessageDispatcher.processRequest(OzoneProtocolMessageDispatcher.java:87) [hdds-server-framework-1.3.0-SNAPSHOT.jar:?]
	at org.apache.hadoop.ozone.protocolPB.OzoneManagerProtocolServerSideTranslatorPB.submitRequest(OzoneManagerProtocolServerSideTranslatorPB.java:147) [ozone-manager-1.3.0-SNAPSHOT.jar:?]
	at org.apache.hadoop.ozone.protocol.proto.OzoneManagerProtocolProtos$OzoneManagerService$2.callBlockingMethod(OzoneManagerProtocolProtos.java) [ozone-interface-client-1.3.0-SNAPSHOT.jar:?]
	at org.apache.hadoop.ipc.ProtobufRpcEngine$Server.processCall(ProtobufRpcEngine.java:466) [hadoop-common-3.3.1.jar:?]
	at org.apache.hadoop.ipc.ProtobufRpcEngine2$Server$ProtoBufRpcInvoker.call(ProtobufRpcEngine2.java:574) [hadoop-common-3.3.1.jar:?]
	at org.apache.hadoop.ipc.ProtobufRpcEngine2$Server$ProtoBufRpcInvoker.call(ProtobufRpcEngine2.java:552) [hadoop-common-3.3.1.jar:?]
	at org.apache.hadoop.ipc.RPC$Server.call(RPC.java:1093) [hadoop-common-3.3.1.jar:?]
	at org.apache.hadoop.ipc.Server$RpcCall.run(Server.java:1035) [hadoop-common-3.3.1.jar:?]
	at org.apache.hadoop.ipc.Server$RpcCall.run(Server.java:963) [hadoop-common-3.3.1.jar:?]
	at java.security.AccessController.doPrivileged(Native Method) ~[?:1.8.0_332]
	at javax.security.auth.Subject.doAs(Subject.java:422) [?:1.8.0_332]
	at org.apache.hadoop.security.UserGroupInformation.doAs(UserGroupInformation.java:1878) [hadoop-common-3.3.1.jar:?]
	at org.apache.hadoop.ipc.Server$Handler.run(Server.java:2966) [hadoop-common-3.3.1.jar:?]
]]></system-out>
  </testcase>
  <testcase name="testRenameToExistingDir" classname="TestOzoneFileSystem" time="0.048">
    <system-out><![CDATA[23:50:41.772 [IPC Server handler 4 on default port 33563] ERROR OMAudit - user=runner | ip=127.0.0.1 | op=LIST_STATUS {volume=volume50176, bucket=bucket31866, key=b/a, dataSize=0, replicationConfig=null} | ret=FAILURE
org.apache.hadoop.ozone.om.exceptions.OMException: Unable to get file status: volume: volume50176 bucket: bucket31866 key: b/a
	at org.apache.hadoop.ozone.om.KeyManagerImpl.getOzoneFileStatus(KeyManagerImpl.java:1311) ~[ozone-manager-1.3.0-SNAPSHOT.jar:?]
	at org.apache.hadoop.ozone.om.KeyManagerImpl.getFileStatus(KeyManagerImpl.java:1241) ~[ozone-manager-1.3.0-SNAPSHOT.jar:?]
	at org.apache.hadoop.ozone.om.KeyManagerImpl.listStatus(KeyManagerImpl.java:1565) ~[ozone-manager-1.3.0-SNAPSHOT.jar:?]
	at org.apache.hadoop.ozone.om.OzoneManager.listStatus(OzoneManager.java:3497) ~[ozone-manager-1.3.0-SNAPSHOT.jar:?]
	at org.apache.hadoop.ozone.protocolPB.OzoneManagerRequestHandler.listStatus(OzoneManagerRequestHandler.java:1028) ~[ozone-manager-1.3.0-SNAPSHOT.jar:?]
	at org.apache.hadoop.ozone.protocolPB.OzoneManagerRequestHandler.handleReadRequest(OzoneManagerRequestHandler.java:228) ~[ozone-manager-1.3.0-SNAPSHOT.jar:?]
	at org.apache.hadoop.ozone.protocolPB.OzoneManagerProtocolServerSideTranslatorPB.submitRequestDirectlyToOM(OzoneManagerProtocolServerSideTranslatorPB.java:276) ~[ozone-manager-1.3.0-SNAPSHOT.jar:?]
	at org.apache.hadoop.ozone.protocolPB.OzoneManagerProtocolServerSideTranslatorPB.processRequest(OzoneManagerProtocolServerSideTranslatorPB.java:205) ~[ozone-manager-1.3.0-SNAPSHOT.jar:?]
	at org.apache.hadoop.hdds.server.OzoneProtocolMessageDispatcher.processRequest(OzoneProtocolMessageDispatcher.java:87) [hdds-server-framework-1.3.0-SNAPSHOT.jar:?]
	at org.apache.hadoop.ozone.protocolPB.OzoneManagerProtocolServerSideTranslatorPB.submitRequest(OzoneManagerProtocolServerSideTranslatorPB.java:147) [ozone-manager-1.3.0-SNAPSHOT.jar:?]
	at org.apache.hadoop.ozone.protocol.proto.OzoneManagerProtocolProtos$OzoneManagerService$2.callBlockingMethod(OzoneManagerProtocolProtos.java) [ozone-interface-client-1.3.0-SNAPSHOT.jar:?]
	at org.apache.hadoop.ipc.ProtobufRpcEngine$Server.processCall(ProtobufRpcEngine.java:466) [hadoop-common-3.3.1.jar:?]
	at org.apache.hadoop.ipc.ProtobufRpcEngine2$Server$ProtoBufRpcInvoker.call(ProtobufRpcEngine2.java:574) [hadoop-common-3.3.1.jar:?]
	at org.apache.hadoop.ipc.ProtobufRpcEngine2$Server$ProtoBufRpcInvoker.call(ProtobufRpcEngine2.java:552) [hadoop-common-3.3.1.jar:?]
	at org.apache.hadoop.ipc.RPC$Server.call(RPC.java:1093) [hadoop-common-3.3.1.jar:?]
	at org.apache.hadoop.ipc.Server$RpcCall.run(Server.java:1035) [hadoop-common-3.3.1.jar:?]
	at org.apache.hadoop.ipc.Server$RpcCall.run(Server.java:963) [hadoop-common-3.3.1.jar:?]
	at java.security.AccessController.doPrivileged(Native Method) ~[?:1.8.0_332]
	at javax.security.auth.Subject.doAs(Subject.java:422) [?:1.8.0_332]
	at org.apache.hadoop.security.UserGroupInformation.doAs(UserGroupInformation.java:1878) [hadoop-common-3.3.1.jar:?]
	at org.apache.hadoop.ipc.Server$Handler.run(Server.java:2966) [hadoop-common-3.3.1.jar:?]
]]></system-out>
  </testcase>
  <testcase name="testRenameDirToItsOwnSubDir" classname="TestOzoneFileSystem" time="0.022">
    <system-out><![CDATA[2022-06-24 23:45:20,762 [Time-limited test] INFO  ozone.TestOzoneFileSystem (TestOzoneFileSystem.java:testRenameDirToItsOwnSubDir(870)) - Created dir1 o3fs://bucket91502.volume84730/root/dir1/sub_dir1
2022-06-24 23:45:20,762 [Time-limited test] INFO  ozone.TestOzoneFileSystem (TestOzoneFileSystem.java:testRenameDirToItsOwnSubDir(873)) - Rename op-> source:o3fs://bucket91502.volume84730/root to destin:o3fs://bucket91502.volume84730/root/dir1/sub_dir1
]]></system-out>
  </testcase>
  <testcase name="testRenameDirToItsOwnSubDir" classname="TestOzoneFileSystem" time="0.016">
    <system-out><![CDATA[2022-06-24 23:46:27,815 [Time-limited test] INFO  ozone.TestOzoneFileSystem (TestOzoneFileSystem.java:testRenameDirToItsOwnSubDir(870)) - Created dir1 o3fs://bucket45514.volume05206/root/dir1/sub_dir1
2022-06-24 23:46:27,815 [Time-limited test] INFO  ozone.TestOzoneFileSystem (TestOzoneFileSystem.java:testRenameDirToItsOwnSubDir(873)) - Rename op-> source:o3fs://bucket45514.volume05206/root to destin:o3fs://bucket45514.volume05206/root/dir1/sub_dir1
]]></system-out>
  </testcase>
  <testcase name="testRenameDirToItsOwnSubDir" classname="TestOzoneFileSystem" time="0.04">
    <system-out><![CDATA[2022-06-24 23:47:32,788 [Time-limited test] INFO  ozone.TestOzoneFileSystem (TestOzoneFileSystem.java:testRenameDirToItsOwnSubDir(870)) - Created dir1 o3fs://bucket10019.volume99794/root/dir1/sub_dir1
2022-06-24 23:47:32,788 [Time-limited test] INFO  ozone.TestOzoneFileSystem (TestOzoneFileSystem.java:testRenameDirToItsOwnSubDir(873)) - Rename op-> source:o3fs://bucket10019.volume99794/root to destin:o3fs://bucket10019.volume99794/root/dir1/sub_dir1
]]></system-out>
  </testcase>
  <testcase name="testRenameDirToItsOwnSubDir" classname="TestOzoneFileSystem" time="0.049">
    <system-out><![CDATA[2022-06-24 23:50:41,811 [Time-limited test] INFO  ozone.TestOzoneFileSystem (TestOzoneFileSystem.java:testRenameDirToItsOwnSubDir(870)) - Created dir1 o3fs://bucket31866.volume50176/root/dir1/sub_dir1
2022-06-24 23:50:41,811 [Time-limited test] INFO  ozone.TestOzoneFileSystem (TestOzoneFileSystem.java:testRenameDirToItsOwnSubDir(873)) - Rename op-> source:o3fs://bucket31866.volume50176/root to destin:o3fs://bucket31866.volume50176/root/dir1/sub_dir1
]]></system-out>
  </testcase>
  <testcase name="testGetDirectoryModificationTime" classname="TestOzoneFileSystem" time="0.15"/>
  <testcase name="testGetDirectoryModificationTime" classname="TestOzoneFileSystem" time="0.137"/>
  <testcase name="testGetDirectoryModificationTime" classname="TestOzoneFileSystem" time="0.17">
    <system-out><![CDATA[2022-06-24 23:47:32,907 [51490d26-ad7a-4947-a556-931448a53f1d@group-D5300F8C0BF2-FollowerState] INFO  impl.FollowerState (FollowerState.java:run(143)) - 51490d26-ad7a-4947-a556-931448a53f1d@group-D5300F8C0BF2-FollowerState: change to CANDIDATE, lastRpcElapsedTime:5186064869ns, electionTimeout:5179ms
2022-06-24 23:47:32,907 [51490d26-ad7a-4947-a556-931448a53f1d@group-D5300F8C0BF2-FollowerState] INFO  impl.RoleInfo (RoleInfo.java:shutdownFollowerState(110)) - 51490d26-ad7a-4947-a556-931448a53f1d: shutdown 51490d26-ad7a-4947-a556-931448a53f1d@group-D5300F8C0BF2-FollowerState
2022-06-24 23:47:32,907 [51490d26-ad7a-4947-a556-931448a53f1d@group-D5300F8C0BF2-FollowerState] INFO  server.RaftServer$Division (RaftServerImpl.java:setRole(299)) - 51490d26-ad7a-4947-a556-931448a53f1d@group-D5300F8C0BF2: changes role from  FOLLOWER to CANDIDATE at term 0 for changeToCandidate
2022-06-24 23:47:32,907 [51490d26-ad7a-4947-a556-931448a53f1d@group-D5300F8C0BF2-FollowerState] INFO  server.RaftServerConfigKeys (ConfUtils.java:logGet(46)) - raft.server.leaderelection.pre-vote = false (custom)
2022-06-24 23:47:32,907 [51490d26-ad7a-4947-a556-931448a53f1d@group-D5300F8C0BF2-FollowerState] INFO  impl.RoleInfo (RoleInfo.java:updateAndGet(139)) - 51490d26-ad7a-4947-a556-931448a53f1d: start 51490d26-ad7a-4947-a556-931448a53f1d@group-D5300F8C0BF2-LeaderElection46
2022-06-24 23:47:32,936 [51490d26-ad7a-4947-a556-931448a53f1d@group-D5300F8C0BF2-LeaderElection46] INFO  impl.LeaderElection (LeaderElection.java:askForVotes(310)) - 51490d26-ad7a-4947-a556-931448a53f1d@group-D5300F8C0BF2-LeaderElection46 ELECTION round 0: submit vote requests at term 1 for -1: [51490d26-ad7a-4947-a556-931448a53f1d|rpc:10.1.0.24:46001|priority:1], old=null
2022-06-24 23:47:32,936 [51490d26-ad7a-4947-a556-931448a53f1d@group-D5300F8C0BF2-LeaderElection46] INFO  impl.LeaderElection (LeaderElection.java:askForVotes(312)) - 51490d26-ad7a-4947-a556-931448a53f1d@group-D5300F8C0BF2-LeaderElection46 ELECTION round 0: result PASSED (term=1)
2022-06-24 23:47:32,936 [51490d26-ad7a-4947-a556-931448a53f1d@group-D5300F8C0BF2-LeaderElection46] INFO  impl.RoleInfo (RoleInfo.java:shutdownLeaderElection(130)) - 51490d26-ad7a-4947-a556-931448a53f1d: shutdown 51490d26-ad7a-4947-a556-931448a53f1d@group-D5300F8C0BF2-LeaderElection46
2022-06-24 23:47:32,936 [51490d26-ad7a-4947-a556-931448a53f1d@group-D5300F8C0BF2-LeaderElection46] INFO  server.RaftServer$Division (RaftServerImpl.java:setRole(299)) - 51490d26-ad7a-4947-a556-931448a53f1d@group-D5300F8C0BF2: changes role from CANDIDATE to LEADER at term 1 for changeToLeader
2022-06-24 23:47:32,936 [51490d26-ad7a-4947-a556-931448a53f1d@group-D5300F8C0BF2-LeaderElection46] INFO  ratis.XceiverServerRatis (XceiverServerRatis.java:handleLeaderChangedNotification(863)) - Leader change notification received for group: group-D5300F8C0BF2 with new leaderId: 51490d26-ad7a-4947-a556-931448a53f1d
2022-06-24 23:47:32,936 [51490d26-ad7a-4947-a556-931448a53f1d@group-D5300F8C0BF2-LeaderElection46] INFO  server.RaftServer$Division (ServerState.java:setLeader(287)) - 51490d26-ad7a-4947-a556-931448a53f1d@group-D5300F8C0BF2: change Leader from null to 51490d26-ad7a-4947-a556-931448a53f1d at term 1 for becomeLeader, leader elected after 5235ms
2022-06-24 23:47:32,936 [51490d26-ad7a-4947-a556-931448a53f1d@group-D5300F8C0BF2-LeaderElection46] INFO  server.RaftServerConfigKeys (ConfUtils.java:logGet(46)) - raft.server.staging.catchup.gap = 1000 (default)
2022-06-24 23:47:32,936 [51490d26-ad7a-4947-a556-931448a53f1d@group-D5300F8C0BF2-LeaderElection46] INFO  server.RaftServerConfigKeys (ConfUtils.java:logGet(46)) - raft.server.write.element-limit = 1024 (custom)
2022-06-24 23:47:32,937 [51490d26-ad7a-4947-a556-931448a53f1d@group-D5300F8C0BF2-LeaderElection46] INFO  server.RaftServerConfigKeys (ConfUtils.java:logGet(46)) - raft.server.write.byte-limit = 1024 M (=1073741824) (custom)
2022-06-24 23:47:32,938 [51490d26-ad7a-4947-a556-931448a53f1d@group-D5300F8C0BF2-LeaderElection46] INFO  server.RaftServerConfigKeys (ConfUtils.java:logGet(46)) - raft.server.watch.timeout = 180s (custom)
2022-06-24 23:47:32,938 [51490d26-ad7a-4947-a556-931448a53f1d@group-D5300F8C0BF2-LeaderElection46] INFO  server.RaftServerConfigKeys (ConfUtils.java:logGet(46)) - raft.server.watch.timeout.denomination = 1s (default)
2022-06-24 23:47:32,938 [51490d26-ad7a-4947-a556-931448a53f1d@group-D5300F8C0BF2-LeaderElection46] INFO  server.RaftServerConfigKeys (ConfUtils.java:logGet(46)) - raft.server.watch.element-limit = 65536 (default)
2022-06-24 23:47:32,938 [51490d26-ad7a-4947-a556-931448a53f1d@group-D5300F8C0BF2-LeaderElection46] INFO  server.RaftServerConfigKeys (ConfUtils.java:logGet(46)) - raft.server.write.element-limit = 1024 (custom)
2022-06-24 23:47:32,938 [51490d26-ad7a-4947-a556-931448a53f1d@group-D5300F8C0BF2-LeaderElection46] INFO  server.RaftServerConfigKeys (ConfUtils.java:logGet(46)) - raft.server.write.follower.gap.ratio.max = -1.0 (default)
2022-06-24 23:47:32,938 [51490d26-ad7a-4947-a556-931448a53f1d@group-D5300F8C0BF2-LeaderElection46] INFO  impl.RoleInfo (RoleInfo.java:updateAndGet(139)) - 51490d26-ad7a-4947-a556-931448a53f1d: start 51490d26-ad7a-4947-a556-931448a53f1d@group-D5300F8C0BF2-LeaderStateImpl
2022-06-24 23:47:32,939 [51490d26-ad7a-4947-a556-931448a53f1d@group-D5300F8C0BF2-LeaderElection46] INFO  segmented.SegmentedRaftLogWorker (SegmentedRaftLogWorker.java:startLogSegment(425)) - 51490d26-ad7a-4947-a556-931448a53f1d@group-D5300F8C0BF2-SegmentedRaftLogWorker: Starting segment from index:0
2022-06-24 23:47:32,943 [51490d26-ad7a-4947-a556-931448a53f1d@group-D5300F8C0BF2-LeaderElection46] INFO  server.RaftServer$Division (ServerState.java:setRaftConf(393)) - 51490d26-ad7a-4947-a556-931448a53f1d@group-D5300F8C0BF2: set configuration 0: [51490d26-ad7a-4947-a556-931448a53f1d|rpc:10.1.0.24:46001|dataStream:|priority:1], old=null
2022-06-24 23:47:32,953 [51490d26-ad7a-4947-a556-931448a53f1d@group-D5300F8C0BF2-SegmentedRaftLogWorker] INFO  segmented.SegmentedRaftLogWorker (SegmentedRaftLogWorker.java:execute(629)) - 51490d26-ad7a-4947-a556-931448a53f1d@group-D5300F8C0BF2-SegmentedRaftLogWorker: created new log segment /home/runner/work/ozone/ozone/hadoop-ozone/integration-test/target/test-dir/MiniOzoneClusterImpl-579f371f-51d7-44c0-bf7c-5cb5e6cf7bc4/datanode-4/data/ratis/63e47816-0c37-45db-9588-d5300f8c0bf2/current/log_inprogress_0
]]></system-out>
  </testcase>
  <testcase name="testGetDirectoryModificationTime" classname="TestOzoneFileSystem" time="0.258"/>
  <testcase name="testOzoneFsServiceLoader" classname="TestOzoneFileSystem" time="0.004"/>
  <testcase name="testOzoneFsServiceLoader" classname="TestOzoneFileSystem" time="0.01"/>
  <testcase name="testOzoneFsServiceLoader" classname="TestOzoneFileSystem" time="0.009"/>
  <testcase name="testOzoneFsServiceLoader" classname="TestOzoneFileSystem" time="0.067"/>
  <testcase name="testTrash" classname="TestOzoneFileSystem" time="4.079">
    <system-out><![CDATA[23:45:20.964 [IPC Server handler 8 on default port 44795] ERROR OMAudit - user=runner | ip=127.0.0.1 | op=GET_FILE_STATUS {volume=volume84730, bucket=bucket91502, key=.Trash/runner/Current/testKey2, dataSize=0, replicationConfig=null} | ret=FAILURE
org.apache.hadoop.ozone.om.exceptions.OMException: Unable to get file status: volume: volume84730 bucket: bucket91502 key: .Trash/runner/Current/testKey2
	at org.apache.hadoop.ozone.om.KeyManagerImpl.getOzoneFileStatus(KeyManagerImpl.java:1311) ~[ozone-manager-1.3.0-SNAPSHOT.jar:?]
	at org.apache.hadoop.ozone.om.KeyManagerImpl.getFileStatus(KeyManagerImpl.java:1241) ~[ozone-manager-1.3.0-SNAPSHOT.jar:?]
	at org.apache.hadoop.ozone.om.OzoneManager.getFileStatus(OzoneManager.java:3419) ~[ozone-manager-1.3.0-SNAPSHOT.jar:?]
	at org.apache.hadoop.ozone.protocolPB.OzoneManagerRequestHandler.getOzoneFileStatus(OzoneManagerRequestHandler.java:871) ~[ozone-manager-1.3.0-SNAPSHOT.jar:?]
	at org.apache.hadoop.ozone.protocolPB.OzoneManagerRequestHandler.handleReadRequest(OzoneManagerRequestHandler.java:217) ~[ozone-manager-1.3.0-SNAPSHOT.jar:?]
	at org.apache.hadoop.ozone.protocolPB.OzoneManagerProtocolServerSideTranslatorPB.submitReadRequestToOM(OzoneManagerProtocolServerSideTranslatorPB.java:226) ~[ozone-manager-1.3.0-SNAPSHOT.jar:?]
	at org.apache.hadoop.ozone.protocolPB.OzoneManagerProtocolServerSideTranslatorPB.processRequest(OzoneManagerProtocolServerSideTranslatorPB.java:175) ~[ozone-manager-1.3.0-SNAPSHOT.jar:?]
	at org.apache.hadoop.hdds.server.OzoneProtocolMessageDispatcher.processRequest(OzoneProtocolMessageDispatcher.java:87) [hdds-server-framework-1.3.0-SNAPSHOT.jar:?]
	at org.apache.hadoop.ozone.protocolPB.OzoneManagerProtocolServerSideTranslatorPB.submitRequest(OzoneManagerProtocolServerSideTranslatorPB.java:147) [ozone-manager-1.3.0-SNAPSHOT.jar:?]
	at org.apache.hadoop.ozone.protocol.proto.OzoneManagerProtocolProtos$OzoneManagerService$2.callBlockingMethod(OzoneManagerProtocolProtos.java) [ozone-interface-client-1.3.0-SNAPSHOT.jar:?]
	at org.apache.hadoop.ipc.ProtobufRpcEngine$Server.processCall(ProtobufRpcEngine.java:466) [hadoop-common-3.3.1.jar:?]
	at org.apache.hadoop.ipc.ProtobufRpcEngine2$Server$ProtoBufRpcInvoker.call(ProtobufRpcEngine2.java:574) [hadoop-common-3.3.1.jar:?]
	at org.apache.hadoop.ipc.ProtobufRpcEngine2$Server$ProtoBufRpcInvoker.call(ProtobufRpcEngine2.java:552) [hadoop-common-3.3.1.jar:?]
	at org.apache.hadoop.ipc.RPC$Server.call(RPC.java:1093) [hadoop-common-3.3.1.jar:?]
	at org.apache.hadoop.ipc.Server$RpcCall.run(Server.java:1035) [hadoop-common-3.3.1.jar:?]
	at org.apache.hadoop.ipc.Server$RpcCall.run(Server.java:963) [hadoop-common-3.3.1.jar:?]
	at java.security.AccessController.doPrivileged(Native Method) ~[?:1.8.0_332]
	at javax.security.auth.Subject.doAs(Subject.java:422) [?:1.8.0_332]
	at org.apache.hadoop.security.UserGroupInformation.doAs(UserGroupInformation.java:1878) [hadoop-common-3.3.1.jar:?]
	at org.apache.hadoop.ipc.Server$Handler.run(Server.java:2966) [hadoop-common-3.3.1.jar:?]
23:45:20.968 [IPC Server handler 2 on default port 44795] ERROR OMAudit - user=runner | ip=127.0.0.1 | op=GET_FILE_STATUS {volume=volume84730, bucket=bucket91502, key=.Trash/runner/Current/testKey2, dataSize=0, replicationConfig=null} | ret=FAILURE
org.apache.hadoop.ozone.om.exceptions.OMException: Unable to get file status: volume: volume84730 bucket: bucket91502 key: .Trash/runner/Current/testKey2
	at org.apache.hadoop.ozone.om.KeyManagerImpl.getOzoneFileStatus(KeyManagerImpl.java:1311) ~[ozone-manager-1.3.0-SNAPSHOT.jar:?]
	at org.apache.hadoop.ozone.om.KeyManagerImpl.getFileStatus(KeyManagerImpl.java:1241) ~[ozone-manager-1.3.0-SNAPSHOT.jar:?]
	at org.apache.hadoop.ozone.om.OzoneManager.getFileStatus(OzoneManager.java:3419) ~[ozone-manager-1.3.0-SNAPSHOT.jar:?]
	at org.apache.hadoop.ozone.protocolPB.OzoneManagerRequestHandler.getOzoneFileStatus(OzoneManagerRequestHandler.java:871) ~[ozone-manager-1.3.0-SNAPSHOT.jar:?]
	at org.apache.hadoop.ozone.protocolPB.OzoneManagerRequestHandler.handleReadRequest(OzoneManagerRequestHandler.java:217) ~[ozone-manager-1.3.0-SNAPSHOT.jar:?]
	at org.apache.hadoop.ozone.protocolPB.OzoneManagerProtocolServerSideTranslatorPB.submitReadRequestToOM(OzoneManagerProtocolServerSideTranslatorPB.java:226) ~[ozone-manager-1.3.0-SNAPSHOT.jar:?]
	at org.apache.hadoop.ozone.protocolPB.OzoneManagerProtocolServerSideTranslatorPB.processRequest(OzoneManagerProtocolServerSideTranslatorPB.java:175) ~[ozone-manager-1.3.0-SNAPSHOT.jar:?]
	at org.apache.hadoop.hdds.server.OzoneProtocolMessageDispatcher.processRequest(OzoneProtocolMessageDispatcher.java:87) [hdds-server-framework-1.3.0-SNAPSHOT.jar:?]
	at org.apache.hadoop.ozone.protocolPB.OzoneManagerProtocolServerSideTranslatorPB.submitRequest(OzoneManagerProtocolServerSideTranslatorPB.java:147) [ozone-manager-1.3.0-SNAPSHOT.jar:?]
	at org.apache.hadoop.ozone.protocol.proto.OzoneManagerProtocolProtos$OzoneManagerService$2.callBlockingMethod(OzoneManagerProtocolProtos.java) [ozone-interface-client-1.3.0-SNAPSHOT.jar:?]
	at org.apache.hadoop.ipc.ProtobufRpcEngine$Server.processCall(ProtobufRpcEngine.java:466) [hadoop-common-3.3.1.jar:?]
	at org.apache.hadoop.ipc.ProtobufRpcEngine2$Server$ProtoBufRpcInvoker.call(ProtobufRpcEngine2.java:574) [hadoop-common-3.3.1.jar:?]
	at org.apache.hadoop.ipc.ProtobufRpcEngine2$Server$ProtoBufRpcInvoker.call(ProtobufRpcEngine2.java:552) [hadoop-common-3.3.1.jar:?]
	at org.apache.hadoop.ipc.RPC$Server.call(RPC.java:1093) [hadoop-common-3.3.1.jar:?]
	at org.apache.hadoop.ipc.Server$RpcCall.run(Server.java:1035) [hadoop-common-3.3.1.jar:?]
	at org.apache.hadoop.ipc.Server$RpcCall.run(Server.java:963) [hadoop-common-3.3.1.jar:?]
	at java.security.AccessController.doPrivileged(Native Method) ~[?:1.8.0_332]
	at javax.security.auth.Subject.doAs(Subject.java:422) [?:1.8.0_332]
	at org.apache.hadoop.security.UserGroupInformation.doAs(UserGroupInformation.java:1878) [hadoop-common-3.3.1.jar:?]
	at org.apache.hadoop.ipc.Server$Handler.run(Server.java:2966) [hadoop-common-3.3.1.jar:?]
2022-06-24 23:45:20,976 [Time-limited test] INFO  fs.TrashPolicyDefault (TrashPolicyDefault.java:moveToTrash(188)) - Moved: '/testKey2' to trash at: /.Trash/runner/Current/testKey2
23:45:21.980 [IPC Server handler 14 on default port 44795] ERROR OMAudit - user=runner | ip=127.0.0.1 | op=GET_FILE_STATUS {volume=volume84730, bucket=bucket91502, key=.Trash/runner/Current/testKey2, dataSize=0, replicationConfig=null} | ret=FAILURE
org.apache.hadoop.ozone.om.exceptions.OMException: Unable to get file status: volume: volume84730 bucket: bucket91502 key: .Trash/runner/Current/testKey2
	at org.apache.hadoop.ozone.om.KeyManagerImpl.getOzoneFileStatus(KeyManagerImpl.java:1311) ~[ozone-manager-1.3.0-SNAPSHOT.jar:?]
	at org.apache.hadoop.ozone.om.KeyManagerImpl.getFileStatus(KeyManagerImpl.java:1241) ~[ozone-manager-1.3.0-SNAPSHOT.jar:?]
	at org.apache.hadoop.ozone.om.OzoneManager.getFileStatus(OzoneManager.java:3419) ~[ozone-manager-1.3.0-SNAPSHOT.jar:?]
	at org.apache.hadoop.ozone.protocolPB.OzoneManagerRequestHandler.getOzoneFileStatus(OzoneManagerRequestHandler.java:871) ~[ozone-manager-1.3.0-SNAPSHOT.jar:?]
	at org.apache.hadoop.ozone.protocolPB.OzoneManagerRequestHandler.handleReadRequest(OzoneManagerRequestHandler.java:217) ~[ozone-manager-1.3.0-SNAPSHOT.jar:?]
	at org.apache.hadoop.ozone.protocolPB.OzoneManagerProtocolServerSideTranslatorPB.submitReadRequestToOM(OzoneManagerProtocolServerSideTranslatorPB.java:226) ~[ozone-manager-1.3.0-SNAPSHOT.jar:?]
	at org.apache.hadoop.ozone.protocolPB.OzoneManagerProtocolServerSideTranslatorPB.processRequest(OzoneManagerProtocolServerSideTranslatorPB.java:175) ~[ozone-manager-1.3.0-SNAPSHOT.jar:?]
	at org.apache.hadoop.hdds.server.OzoneProtocolMessageDispatcher.processRequest(OzoneProtocolMessageDispatcher.java:87) [hdds-server-framework-1.3.0-SNAPSHOT.jar:?]
	at org.apache.hadoop.ozone.protocolPB.OzoneManagerProtocolServerSideTranslatorPB.submitRequest(OzoneManagerProtocolServerSideTranslatorPB.java:147) [ozone-manager-1.3.0-SNAPSHOT.jar:?]
	at org.apache.hadoop.ozone.protocol.proto.OzoneManagerProtocolProtos$OzoneManagerService$2.callBlockingMethod(OzoneManagerProtocolProtos.java) [ozone-interface-client-1.3.0-SNAPSHOT.jar:?]
	at org.apache.hadoop.ipc.ProtobufRpcEngine$Server.processCall(ProtobufRpcEngine.java:466) [hadoop-common-3.3.1.jar:?]
	at org.apache.hadoop.ipc.ProtobufRpcEngine2$Server$ProtoBufRpcInvoker.call(ProtobufRpcEngine2.java:574) [hadoop-common-3.3.1.jar:?]
	at org.apache.hadoop.ipc.ProtobufRpcEngine2$Server$ProtoBufRpcInvoker.call(ProtobufRpcEngine2.java:552) [hadoop-common-3.3.1.jar:?]
	at org.apache.hadoop.ipc.RPC$Server.call(RPC.java:1093) [hadoop-common-3.3.1.jar:?]
	at org.apache.hadoop.ipc.Server$RpcCall.run(Server.java:1035) [hadoop-common-3.3.1.jar:?]
	at org.apache.hadoop.ipc.Server$RpcCall.run(Server.java:963) [hadoop-common-3.3.1.jar:?]
	at java.security.AccessController.doPrivileged(Native Method) ~[?:1.8.0_332]
	at javax.security.auth.Subject.doAs(Subject.java:422) [?:1.8.0_332]
	at org.apache.hadoop.security.UserGroupInformation.doAs(UserGroupInformation.java:1878) [hadoop-common-3.3.1.jar:?]
	at org.apache.hadoop.ipc.Server$Handler.run(Server.java:2966) [hadoop-common-3.3.1.jar:?]
2022-06-24 23:45:22,361 [18423a42-f8bb-48b0-9845-301087e2fcde@group-1BF5799665A0-FollowerState] INFO  impl.FollowerState (FollowerState.java:run(143)) - 18423a42-f8bb-48b0-9845-301087e2fcde@group-1BF5799665A0-FollowerState: change to CANDIDATE, lastRpcElapsedTime:5134842667ns, electionTimeout:5134ms
2022-06-24 23:45:22,362 [18423a42-f8bb-48b0-9845-301087e2fcde@group-1BF5799665A0-FollowerState] INFO  impl.RoleInfo (RoleInfo.java:shutdownFollowerState(110)) - 18423a42-f8bb-48b0-9845-301087e2fcde: shutdown 18423a42-f8bb-48b0-9845-301087e2fcde@group-1BF5799665A0-FollowerState
2022-06-24 23:45:22,362 [18423a42-f8bb-48b0-9845-301087e2fcde@group-1BF5799665A0-FollowerState] INFO  server.RaftServer$Division (RaftServerImpl.java:setRole(299)) - 18423a42-f8bb-48b0-9845-301087e2fcde@group-1BF5799665A0: changes role from  FOLLOWER to CANDIDATE at term 3 for changeToCandidate
2022-06-24 23:45:22,362 [18423a42-f8bb-48b0-9845-301087e2fcde@group-1BF5799665A0-FollowerState] INFO  server.RaftServerConfigKeys (ConfUtils.java:logGet(46)) - raft.server.leaderelection.pre-vote = false (custom)
2022-06-24 23:45:22,362 [18423a42-f8bb-48b0-9845-301087e2fcde@group-1BF5799665A0-FollowerState] INFO  impl.RoleInfo (RoleInfo.java:updateAndGet(139)) - 18423a42-f8bb-48b0-9845-301087e2fcde: start 18423a42-f8bb-48b0-9845-301087e2fcde@group-1BF5799665A0-LeaderElection15
2022-06-24 23:45:22,366 [18423a42-f8bb-48b0-9845-301087e2fcde@group-1BF5799665A0-LeaderElection15] INFO  impl.LeaderElection (LeaderElection.java:askForVotes(310)) - 18423a42-f8bb-48b0-9845-301087e2fcde@group-1BF5799665A0-LeaderElection15 ELECTION round 0: submit vote requests at term 4 for -1: [1cd66e73-07f1-4729-a00f-873523f7ad93|rpc:10.1.0.24:46017|priority:0, 18423a42-f8bb-48b0-9845-301087e2fcde|rpc:10.1.0.24:45671|priority:1, c0c3f727-3a57-4cf2-9ef3-302a01638126|rpc:10.1.0.24:32921|priority:0], old=null
2022-06-24 23:45:22,371 [grpc-default-executor-0] INFO  server.RaftServer$Division (RaftServerImpl.java:requestVote(1152)) - c0c3f727-3a57-4cf2-9ef3-302a01638126@group-1BF5799665A0: receive requestVote(ELECTION, 18423a42-f8bb-48b0-9845-301087e2fcde, group-1BF5799665A0, 4, (t:0, i:0))
2022-06-24 23:45:22,371 [grpc-default-executor-0] INFO  impl.VoteContext (VoteContext.java:log(48)) - c0c3f727-3a57-4cf2-9ef3-302a01638126@group-1BF5799665A0-FOLLOWER: accept ELECTION from 18423a42-f8bb-48b0-9845-301087e2fcde: our priority 0 <= candidate's priority 1
2022-06-24 23:45:22,371 [grpc-default-executor-0] INFO  server.RaftServer$Division (RaftServerImpl.java:setRole(299)) - c0c3f727-3a57-4cf2-9ef3-302a01638126@group-1BF5799665A0: changes role from  FOLLOWER to FOLLOWER at term 4 for candidate:18423a42-f8bb-48b0-9845-301087e2fcde
2022-06-24 23:45:22,371 [grpc-default-executor-0] INFO  impl.RoleInfo (RoleInfo.java:shutdownFollowerState(110)) - c0c3f727-3a57-4cf2-9ef3-302a01638126: shutdown c0c3f727-3a57-4cf2-9ef3-302a01638126@group-1BF5799665A0-FollowerState
2022-06-24 23:45:22,371 [grpc-default-executor-0] INFO  impl.RoleInfo (RoleInfo.java:updateAndGet(139)) - c0c3f727-3a57-4cf2-9ef3-302a01638126: start c0c3f727-3a57-4cf2-9ef3-302a01638126@group-1BF5799665A0-FollowerState
2022-06-24 23:45:22,371 [c0c3f727-3a57-4cf2-9ef3-302a01638126@group-1BF5799665A0-FollowerState] INFO  impl.FollowerState (FollowerState.java:run(152)) - c0c3f727-3a57-4cf2-9ef3-302a01638126@group-1BF5799665A0-FollowerState was interrupted
2022-06-24 23:45:22,371 [grpc-default-executor-3] INFO  server.RaftServer$Division (RaftServerImpl.java:requestVote(1152)) - 1cd66e73-07f1-4729-a00f-873523f7ad93@group-1BF5799665A0: receive requestVote(ELECTION, 18423a42-f8bb-48b0-9845-301087e2fcde, group-1BF5799665A0, 4, (t:0, i:0))
2022-06-24 23:45:22,372 [grpc-default-executor-3] INFO  impl.VoteContext (VoteContext.java:log(48)) - 1cd66e73-07f1-4729-a00f-873523f7ad93@group-1BF5799665A0-FOLLOWER: accept ELECTION from 18423a42-f8bb-48b0-9845-301087e2fcde: our priority 0 <= candidate's priority 1
2022-06-24 23:45:22,372 [grpc-default-executor-3] INFO  server.RaftServer$Division (RaftServerImpl.java:setRole(299)) - 1cd66e73-07f1-4729-a00f-873523f7ad93@group-1BF5799665A0: changes role from  FOLLOWER to FOLLOWER at term 4 for candidate:18423a42-f8bb-48b0-9845-301087e2fcde
2022-06-24 23:45:22,372 [grpc-default-executor-3] INFO  impl.RoleInfo (RoleInfo.java:shutdownFollowerState(110)) - 1cd66e73-07f1-4729-a00f-873523f7ad93: shutdown 1cd66e73-07f1-4729-a00f-873523f7ad93@group-1BF5799665A0-FollowerState
2022-06-24 23:45:22,373 [grpc-default-executor-3] INFO  impl.RoleInfo (RoleInfo.java:updateAndGet(139)) - 1cd66e73-07f1-4729-a00f-873523f7ad93: start 1cd66e73-07f1-4729-a00f-873523f7ad93@group-1BF5799665A0-FollowerState
2022-06-24 23:45:22,373 [1cd66e73-07f1-4729-a00f-873523f7ad93@group-1BF5799665A0-FollowerState] INFO  impl.FollowerState (FollowerState.java:run(152)) - 1cd66e73-07f1-4729-a00f-873523f7ad93@group-1BF5799665A0-FollowerState was interrupted
2022-06-24 23:45:22,384 [grpc-default-executor-0] INFO  server.RaftServer$Division (RaftServerImpl.java:requestVote(1184)) - c0c3f727-3a57-4cf2-9ef3-302a01638126@group-1BF5799665A0 replies to ELECTION vote request: 18423a42-f8bb-48b0-9845-301087e2fcde<-c0c3f727-3a57-4cf2-9ef3-302a01638126#0:OK-t4. Peer's state: c0c3f727-3a57-4cf2-9ef3-302a01638126@group-1BF5799665A0:t4, leader=null, voted=18423a42-f8bb-48b0-9845-301087e2fcde, raftlog=c0c3f727-3a57-4cf2-9ef3-302a01638126@group-1BF5799665A0-SegmentedRaftLog:OPENED:c-1, conf=-1: [1cd66e73-07f1-4729-a00f-873523f7ad93|rpc:10.1.0.24:46017|dataStream:|priority:0, 18423a42-f8bb-48b0-9845-301087e2fcde|rpc:10.1.0.24:45671|dataStream:|priority:1, c0c3f727-3a57-4cf2-9ef3-302a01638126|rpc:10.1.0.24:32921|dataStream:|priority:0], old=null
2022-06-24 23:45:22,387 [grpc-default-executor-3] INFO  server.RaftServer$Division (RaftServerImpl.java:requestVote(1184)) - 1cd66e73-07f1-4729-a00f-873523f7ad93@group-1BF5799665A0 replies to ELECTION vote request: 18423a42-f8bb-48b0-9845-301087e2fcde<-1cd66e73-07f1-4729-a00f-873523f7ad93#0:OK-t4. Peer's state: 1cd66e73-07f1-4729-a00f-873523f7ad93@group-1BF5799665A0:t4, leader=null, voted=18423a42-f8bb-48b0-9845-301087e2fcde, raftlog=1cd66e73-07f1-4729-a00f-873523f7ad93@group-1BF5799665A0-SegmentedRaftLog:OPENED:c-1, conf=-1: [1cd66e73-07f1-4729-a00f-873523f7ad93|rpc:10.1.0.24:46017|priority:0, 18423a42-f8bb-48b0-9845-301087e2fcde|rpc:10.1.0.24:45671|priority:1, c0c3f727-3a57-4cf2-9ef3-302a01638126|rpc:10.1.0.24:32921|priority:0], old=null
2022-06-24 23:45:22,388 [18423a42-f8bb-48b0-9845-301087e2fcde@group-1BF5799665A0-LeaderElection15] INFO  impl.LeaderElection (LeaderElection.java:logAndReturn(90)) - 18423a42-f8bb-48b0-9845-301087e2fcde@group-1BF5799665A0-LeaderElection15: ELECTION PASSED received 1 response(s) and 0 exception(s):
2022-06-24 23:45:22,389 [18423a42-f8bb-48b0-9845-301087e2fcde@group-1BF5799665A0-LeaderElection15] INFO  impl.LeaderElection (LeaderElection.java:logAndReturn(94)) -   Response 0: 18423a42-f8bb-48b0-9845-301087e2fcde<-c0c3f727-3a57-4cf2-9ef3-302a01638126#0:OK-t4
2022-06-24 23:45:22,389 [18423a42-f8bb-48b0-9845-301087e2fcde@group-1BF5799665A0-LeaderElection15] INFO  impl.LeaderElection (LeaderElection.java:askForVotes(312)) - 18423a42-f8bb-48b0-9845-301087e2fcde@group-1BF5799665A0-LeaderElection15 ELECTION round 0: result PASSED
2022-06-24 23:45:22,389 [18423a42-f8bb-48b0-9845-301087e2fcde@group-1BF5799665A0-LeaderElection15] INFO  impl.RoleInfo (RoleInfo.java:shutdownLeaderElection(130)) - 18423a42-f8bb-48b0-9845-301087e2fcde: shutdown 18423a42-f8bb-48b0-9845-301087e2fcde@group-1BF5799665A0-LeaderElection15
2022-06-24 23:45:22,391 [18423a42-f8bb-48b0-9845-301087e2fcde@group-1BF5799665A0-LeaderElection15] INFO  server.RaftServer$Division (RaftServerImpl.java:setRole(299)) - 18423a42-f8bb-48b0-9845-301087e2fcde@group-1BF5799665A0: changes role from CANDIDATE to LEADER at term 4 for changeToLeader
2022-06-24 23:45:22,391 [18423a42-f8bb-48b0-9845-301087e2fcde@group-1BF5799665A0-LeaderElection15] INFO  ratis.XceiverServerRatis (XceiverServerRatis.java:handleLeaderChangedNotification(863)) - Leader change notification received for group: group-1BF5799665A0 with new leaderId: 18423a42-f8bb-48b0-9845-301087e2fcde
2022-06-24 23:45:22,391 [18423a42-f8bb-48b0-9845-301087e2fcde@group-1BF5799665A0-LeaderElection15] INFO  server.RaftServer$Division (ServerState.java:setLeader(287)) - 18423a42-f8bb-48b0-9845-301087e2fcde@group-1BF5799665A0: change Leader from null to 18423a42-f8bb-48b0-9845-301087e2fcde at term 4 for becomeLeader, leader elected after 19832ms
2022-06-24 23:45:22,391 [18423a42-f8bb-48b0-9845-301087e2fcde@group-1BF5799665A0-LeaderElection15] INFO  server.RaftServerConfigKeys (ConfUtils.java:logGet(46)) - raft.server.staging.catchup.gap = 1000 (default)
2022-06-24 23:45:22,391 [18423a42-f8bb-48b0-9845-301087e2fcde@group-1BF5799665A0-LeaderElection15] INFO  server.RaftServerConfigKeys (ConfUtils.java:logGet(46)) - raft.server.write.element-limit = 1024 (custom)
2022-06-24 23:45:22,391 [18423a42-f8bb-48b0-9845-301087e2fcde@group-1BF5799665A0-LeaderElection15] INFO  server.RaftServerConfigKeys (ConfUtils.java:logGet(46)) - raft.server.write.byte-limit = 1024 M (=1073741824) (custom)
2022-06-24 23:45:22,392 [18423a42-f8bb-48b0-9845-301087e2fcde@group-1BF5799665A0-LeaderElection15] INFO  server.RaftServerConfigKeys (ConfUtils.java:logGet(46)) - raft.server.watch.timeout = 180s (custom)
2022-06-24 23:45:22,392 [18423a42-f8bb-48b0-9845-301087e2fcde@group-1BF5799665A0-LeaderElection15] INFO  server.RaftServerConfigKeys (ConfUtils.java:logGet(46)) - raft.server.watch.timeout.denomination = 1s (default)
2022-06-24 23:45:22,392 [18423a42-f8bb-48b0-9845-301087e2fcde@group-1BF5799665A0-LeaderElection15] INFO  server.RaftServerConfigKeys (ConfUtils.java:logGet(46)) - raft.server.watch.element-limit = 65536 (default)
2022-06-24 23:45:22,392 [18423a42-f8bb-48b0-9845-301087e2fcde@group-1BF5799665A0-LeaderElection15] INFO  server.RaftServerConfigKeys (ConfUtils.java:logGet(46)) - raft.server.write.element-limit = 1024 (custom)
2022-06-24 23:45:22,392 [18423a42-f8bb-48b0-9845-301087e2fcde@group-1BF5799665A0-LeaderElection15] INFO  server.RaftServerConfigKeys (ConfUtils.java:logGet(46)) - raft.server.write.follower.gap.ratio.max = -1.0 (default)
2022-06-24 23:45:22,392 [18423a42-f8bb-48b0-9845-301087e2fcde@group-1BF5799665A0-LeaderElection15] INFO  server.RaftServerConfigKeys (ConfUtils.java:logGet(46)) - raft.server.log.appender.snapshot.chunk.size.max = 16MB (=16777216) (default)
2022-06-24 23:45:22,392 [18423a42-f8bb-48b0-9845-301087e2fcde@group-1BF5799665A0-LeaderElection15] INFO  server.RaftServerConfigKeys (ConfUtils.java:logGet(46)) - raft.server.log.appender.buffer.byte-limit = 33554432 (custom)
2022-06-24 23:45:22,392 [18423a42-f8bb-48b0-9845-301087e2fcde@group-1BF5799665A0-LeaderElection15] INFO  server.RaftServerConfigKeys (ConfUtils.java:logGet(46)) - raft.server.log.appender.buffer.element-limit = 1 (custom)
2022-06-24 23:45:22,394 [EventQueue-PipelineReportForPipelineReportHandler] INFO  pipeline.PipelineManagerImpl (PipelineManagerImpl.java:openPipeline(358)) - Pipeline Pipeline[ Id: ef3eb1a0-c051-4623-9f43-1bf5799665a0, Nodes: 1cd66e73-07f1-4729-a00f-873523f7ad93{ip: 10.1.0.24, host: fv-az21-224.v4iizcarkezebbfea14bcgzyke.bx.internal.cloudapp.net, ports: [REPLICATION=35287, RATIS=46017, RATIS_ADMIN=46017, RATIS_SERVER=46017, STANDALONE=41541], networkLocation: /default-rack, certSerialId: null, persistedOpState: IN_SERVICE, persistedOpStateExpiryEpochSec: 0}c0c3f727-3a57-4cf2-9ef3-302a01638126{ip: 10.1.0.24, host: fv-az21-224.v4iizcarkezebbfea14bcgzyke.bx.internal.cloudapp.net, ports: [REPLICATION=38909, RATIS=32921, RATIS_ADMIN=32921, RATIS_SERVER=32921, STANDALONE=35853], networkLocation: /default-rack, certSerialId: null, persistedOpState: IN_SERVICE, persistedOpStateExpiryEpochSec: 0}18423a42-f8bb-48b0-9845-301087e2fcde{ip: 10.1.0.24, host: fv-az21-224.v4iizcarkezebbfea14bcgzyke.bx.internal.cloudapp.net, ports: [REPLICATION=45717, RATIS=45671, RATIS_ADMIN=45671, RATIS_SERVER=45671, STANDALONE=36383], networkLocation: /default-rack, certSerialId: null, persistedOpState: IN_SERVICE, persistedOpStateExpiryEpochSec: 0}, ReplicationConfig: RATIS/THREE, State:ALLOCATED, leaderId:18423a42-f8bb-48b0-9845-301087e2fcde, CreationTimestamp2022-06-24T23:44:59.871Z[Etc/UTC]] moved to OPEN state
2022-06-24 23:45:22,392 [18423a42-f8bb-48b0-9845-301087e2fcde@group-1BF5799665A0-LeaderElection15] INFO  grpc.GrpcConfigKeys (ConfUtils.java:logGet(46)) - raft.grpc.server.leader.outstanding.appends.max = 128 (default)
2022-06-24 23:45:22,398 [18423a42-f8bb-48b0-9845-301087e2fcde@group-1BF5799665A0-LeaderElection15] INFO  server.RaftServerConfigKeys (ConfUtils.java:logGet(46)) - raft.server.rpc.request.timeout = 60s (custom)
2022-06-24 23:45:22,398 [18423a42-f8bb-48b0-9845-301087e2fcde@group-1BF5799665A0-LeaderElection15] INFO  server.RaftServerConfigKeys (ConfUtils.java:logGet(46)) - raft.server.log.appender.install.snapshot.enabled = false (custom)
2022-06-24 23:45:22,399 [18423a42-f8bb-48b0-9845-301087e2fcde@group-1BF5799665A0-LeaderElection15] INFO  server.RaftServerConfigKeys (ConfUtils.java:logGet(46)) - raft.server.log.appender.snapshot.chunk.size.max = 16MB (=16777216) (default)
2022-06-24 23:45:22,399 [18423a42-f8bb-48b0-9845-301087e2fcde@group-1BF5799665A0-LeaderElection15] INFO  server.RaftServerConfigKeys (ConfUtils.java:logGet(46)) - raft.server.log.appender.buffer.byte-limit = 33554432 (custom)
2022-06-24 23:45:22,399 [18423a42-f8bb-48b0-9845-301087e2fcde@group-1BF5799665A0-LeaderElection15] INFO  server.RaftServerConfigKeys (ConfUtils.java:logGet(46)) - raft.server.log.appender.buffer.element-limit = 1 (custom)
2022-06-24 23:45:22,399 [18423a42-f8bb-48b0-9845-301087e2fcde@group-1BF5799665A0-LeaderElection15] INFO  grpc.GrpcConfigKeys (ConfUtils.java:logGet(46)) - raft.grpc.server.leader.outstanding.appends.max = 128 (default)
2022-06-24 23:45:22,399 [18423a42-f8bb-48b0-9845-301087e2fcde@group-1BF5799665A0-LeaderElection15] INFO  server.RaftServerConfigKeys (ConfUtils.java:logGet(46)) - raft.server.rpc.request.timeout = 60s (custom)
2022-06-24 23:45:22,399 [18423a42-f8bb-48b0-9845-301087e2fcde@group-1BF5799665A0-LeaderElection15] INFO  server.RaftServerConfigKeys (ConfUtils.java:logGet(46)) - raft.server.log.appender.install.snapshot.enabled = false (custom)
2022-06-24 23:45:22,399 [18423a42-f8bb-48b0-9845-301087e2fcde@group-1BF5799665A0-LeaderElection15] INFO  impl.RoleInfo (RoleInfo.java:updateAndGet(139)) - 18423a42-f8bb-48b0-9845-301087e2fcde: start 18423a42-f8bb-48b0-9845-301087e2fcde@group-1BF5799665A0-LeaderStateImpl
2022-06-24 23:45:22,399 [18423a42-f8bb-48b0-9845-301087e2fcde@group-1BF5799665A0-LeaderElection15] INFO  segmented.SegmentedRaftLogWorker (SegmentedRaftLogWorker.java:startLogSegment(425)) - 18423a42-f8bb-48b0-9845-301087e2fcde@group-1BF5799665A0-SegmentedRaftLogWorker: Starting segment from index:0
2022-06-24 23:45:22,401 [18423a42-f8bb-48b0-9845-301087e2fcde@group-1BF5799665A0-SegmentedRaftLogWorker] INFO  segmented.SegmentedRaftLogWorker (SegmentedRaftLogWorker.java:execute(629)) - 18423a42-f8bb-48b0-9845-301087e2fcde@group-1BF5799665A0-SegmentedRaftLogWorker: created new log segment /home/runner/work/ozone/ozone/hadoop-ozone/integration-test/target/test-dir/MiniOzoneClusterImpl-85de49eb-2ce1-4613-814a-bfb310a11337/datanode-1/data/ratis/ef3eb1a0-c051-4623-9f43-1bf5799665a0/current/log_inprogress_0
2022-06-24 23:45:22,411 [18423a42-f8bb-48b0-9845-301087e2fcde@group-1BF5799665A0-LeaderElection15] INFO  server.RaftServer$Division (ServerState.java:setRaftConf(393)) - 18423a42-f8bb-48b0-9845-301087e2fcde@group-1BF5799665A0: set configuration 0: [1cd66e73-07f1-4729-a00f-873523f7ad93|rpc:10.1.0.24:46017|dataStream:|priority:0, 18423a42-f8bb-48b0-9845-301087e2fcde|rpc:10.1.0.24:45671|dataStream:|priority:1, c0c3f727-3a57-4cf2-9ef3-302a01638126|rpc:10.1.0.24:32921|dataStream:|priority:0], old=null
2022-06-24 23:45:22,413 [1cd66e73-07f1-4729-a00f-873523f7ad93-server-thread1] INFO  ratis.XceiverServerRatis (XceiverServerRatis.java:handleLeaderChangedNotification(863)) - Leader change notification received for group: group-1BF5799665A0 with new leaderId: 18423a42-f8bb-48b0-9845-301087e2fcde
2022-06-24 23:45:22,413 [1cd66e73-07f1-4729-a00f-873523f7ad93-server-thread1] INFO  server.RaftServer$Division (ServerState.java:setLeader(287)) - 1cd66e73-07f1-4729-a00f-873523f7ad93@group-1BF5799665A0: change Leader from null to 18423a42-f8bb-48b0-9845-301087e2fcde at term 4 for appendEntries, leader elected after 20405ms
2022-06-24 23:45:22,416 [1cd66e73-07f1-4729-a00f-873523f7ad93-server-thread1] INFO  server.RaftServer$Division (ServerState.java:setRaftConf(393)) - 1cd66e73-07f1-4729-a00f-873523f7ad93@group-1BF5799665A0: set configuration 0: [1cd66e73-07f1-4729-a00f-873523f7ad93|rpc:10.1.0.24:46017|dataStream:|priority:0, 18423a42-f8bb-48b0-9845-301087e2fcde|rpc:10.1.0.24:45671|dataStream:|priority:1, c0c3f727-3a57-4cf2-9ef3-302a01638126|rpc:10.1.0.24:32921|dataStream:|priority:0], old=null
2022-06-24 23:45:22,416 [1cd66e73-07f1-4729-a00f-873523f7ad93-server-thread1] INFO  segmented.SegmentedRaftLogWorker (SegmentedRaftLogWorker.java:startLogSegment(425)) - 1cd66e73-07f1-4729-a00f-873523f7ad93@group-1BF5799665A0-SegmentedRaftLogWorker: Starting segment from index:0
2022-06-24 23:45:22,419 [1cd66e73-07f1-4729-a00f-873523f7ad93@group-1BF5799665A0-SegmentedRaftLogWorker] INFO  segmented.SegmentedRaftLogWorker (SegmentedRaftLogWorker.java:execute(629)) - 1cd66e73-07f1-4729-a00f-873523f7ad93@group-1BF5799665A0-SegmentedRaftLogWorker: created new log segment /home/runner/work/ozone/ozone/hadoop-ozone/integration-test/target/test-dir/MiniOzoneClusterImpl-85de49eb-2ce1-4613-814a-bfb310a11337/datanode-0/data/ratis/ef3eb1a0-c051-4623-9f43-1bf5799665a0/current/log_inprogress_0
2022-06-24 23:45:22,424 [c0c3f727-3a57-4cf2-9ef3-302a01638126-server-thread1] INFO  ratis.XceiverServerRatis (XceiverServerRatis.java:handleLeaderChangedNotification(863)) - Leader change notification received for group: group-1BF5799665A0 with new leaderId: 18423a42-f8bb-48b0-9845-301087e2fcde
2022-06-24 23:45:22,424 [c0c3f727-3a57-4cf2-9ef3-302a01638126-server-thread1] INFO  server.RaftServer$Division (ServerState.java:setLeader(287)) - c0c3f727-3a57-4cf2-9ef3-302a01638126@group-1BF5799665A0: change Leader from null to 18423a42-f8bb-48b0-9845-301087e2fcde at term 4 for appendEntries, leader elected after 19814ms
2022-06-24 23:45:22,429 [c0c3f727-3a57-4cf2-9ef3-302a01638126-server-thread2] INFO  server.RaftServer$Division (ServerState.java:setRaftConf(393)) - c0c3f727-3a57-4cf2-9ef3-302a01638126@group-1BF5799665A0: set configuration 0: [1cd66e73-07f1-4729-a00f-873523f7ad93|rpc:10.1.0.24:46017|dataStream:|priority:0, 18423a42-f8bb-48b0-9845-301087e2fcde|rpc:10.1.0.24:45671|dataStream:|priority:1, c0c3f727-3a57-4cf2-9ef3-302a01638126|rpc:10.1.0.24:32921|dataStream:|priority:0], old=null
2022-06-24 23:45:22,429 [c0c3f727-3a57-4cf2-9ef3-302a01638126-server-thread2] INFO  segmented.SegmentedRaftLogWorker (SegmentedRaftLogWorker.java:startLogSegment(425)) - c0c3f727-3a57-4cf2-9ef3-302a01638126@group-1BF5799665A0-SegmentedRaftLogWorker: Starting segment from index:0
2022-06-24 23:45:22,431 [c0c3f727-3a57-4cf2-9ef3-302a01638126@group-1BF5799665A0-SegmentedRaftLogWorker] INFO  segmented.SegmentedRaftLogWorker (SegmentedRaftLogWorker.java:execute(629)) - c0c3f727-3a57-4cf2-9ef3-302a01638126@group-1BF5799665A0-SegmentedRaftLogWorker: created new log segment /home/runner/work/ozone/ozone/hadoop-ozone/integration-test/target/test-dir/MiniOzoneClusterImpl-85de49eb-2ce1-4613-814a-bfb310a11337/datanode-2/data/ratis/ef3eb1a0-c051-4623-9f43-1bf5799665a0/current/log_inprogress_0
]]></system-out>
  </testcase>
  <testcase name="testTrash" classname="TestOzoneFileSystem" time="4.06">
    <system-out><![CDATA[23:46:27.992 [IPC Server handler 9 on default port 34097] ERROR OMAudit - user=runner | ip=127.0.0.1 | op=GET_FILE_STATUS {volume=volume05206, bucket=bucket45514, key=.Trash/runner/Current/testKey2, dataSize=0, replicationConfig=null} | ret=FAILURE
org.apache.hadoop.ozone.om.exceptions.OMException: Unable to get file status: volume: volume05206 bucket: bucket45514 key: .Trash/runner/Current/testKey2
	at org.apache.hadoop.ozone.om.KeyManagerImpl.getOzoneFileStatus(KeyManagerImpl.java:1311) ~[ozone-manager-1.3.0-SNAPSHOT.jar:?]
	at org.apache.hadoop.ozone.om.KeyManagerImpl.getFileStatus(KeyManagerImpl.java:1241) ~[ozone-manager-1.3.0-SNAPSHOT.jar:?]
	at org.apache.hadoop.ozone.om.OzoneManager.getFileStatus(OzoneManager.java:3419) ~[ozone-manager-1.3.0-SNAPSHOT.jar:?]
	at org.apache.hadoop.ozone.protocolPB.OzoneManagerRequestHandler.getOzoneFileStatus(OzoneManagerRequestHandler.java:871) ~[ozone-manager-1.3.0-SNAPSHOT.jar:?]
	at org.apache.hadoop.ozone.protocolPB.OzoneManagerRequestHandler.handleReadRequest(OzoneManagerRequestHandler.java:217) ~[ozone-manager-1.3.0-SNAPSHOT.jar:?]
	at org.apache.hadoop.ozone.protocolPB.OzoneManagerProtocolServerSideTranslatorPB.submitRequestDirectlyToOM(OzoneManagerProtocolServerSideTranslatorPB.java:276) ~[ozone-manager-1.3.0-SNAPSHOT.jar:?]
	at org.apache.hadoop.ozone.protocolPB.OzoneManagerProtocolServerSideTranslatorPB.processRequest(OzoneManagerProtocolServerSideTranslatorPB.java:205) ~[ozone-manager-1.3.0-SNAPSHOT.jar:?]
	at org.apache.hadoop.hdds.server.OzoneProtocolMessageDispatcher.processRequest(OzoneProtocolMessageDispatcher.java:87) [hdds-server-framework-1.3.0-SNAPSHOT.jar:?]
	at org.apache.hadoop.ozone.protocolPB.OzoneManagerProtocolServerSideTranslatorPB.submitRequest(OzoneManagerProtocolServerSideTranslatorPB.java:147) [ozone-manager-1.3.0-SNAPSHOT.jar:?]
	at org.apache.hadoop.ozone.protocol.proto.OzoneManagerProtocolProtos$OzoneManagerService$2.callBlockingMethod(OzoneManagerProtocolProtos.java) [ozone-interface-client-1.3.0-SNAPSHOT.jar:?]
	at org.apache.hadoop.ipc.ProtobufRpcEngine$Server.processCall(ProtobufRpcEngine.java:466) [hadoop-common-3.3.1.jar:?]
	at org.apache.hadoop.ipc.ProtobufRpcEngine2$Server$ProtoBufRpcInvoker.call(ProtobufRpcEngine2.java:574) [hadoop-common-3.3.1.jar:?]
	at org.apache.hadoop.ipc.ProtobufRpcEngine2$Server$ProtoBufRpcInvoker.call(ProtobufRpcEngine2.java:552) [hadoop-common-3.3.1.jar:?]
	at org.apache.hadoop.ipc.RPC$Server.call(RPC.java:1093) [hadoop-common-3.3.1.jar:?]
	at org.apache.hadoop.ipc.Server$RpcCall.run(Server.java:1035) [hadoop-common-3.3.1.jar:?]
	at org.apache.hadoop.ipc.Server$RpcCall.run(Server.java:963) [hadoop-common-3.3.1.jar:?]
	at java.security.AccessController.doPrivileged(Native Method) ~[?:1.8.0_332]
	at javax.security.auth.Subject.doAs(Subject.java:422) [?:1.8.0_332]
	at org.apache.hadoop.security.UserGroupInformation.doAs(UserGroupInformation.java:1878) [hadoop-common-3.3.1.jar:?]
	at org.apache.hadoop.ipc.Server$Handler.run(Server.java:2966) [hadoop-common-3.3.1.jar:?]
23:46:27.993 [IPC Server handler 7 on default port 34097] ERROR OMAudit - user=runner | ip=127.0.0.1 | op=GET_FILE_STATUS {volume=volume05206, bucket=bucket45514, key=.Trash/runner/Current/testKey2, dataSize=0, replicationConfig=null} | ret=FAILURE
org.apache.hadoop.ozone.om.exceptions.OMException: Unable to get file status: volume: volume05206 bucket: bucket45514 key: .Trash/runner/Current/testKey2
	at org.apache.hadoop.ozone.om.KeyManagerImpl.getOzoneFileStatus(KeyManagerImpl.java:1311) ~[ozone-manager-1.3.0-SNAPSHOT.jar:?]
	at org.apache.hadoop.ozone.om.KeyManagerImpl.getFileStatus(KeyManagerImpl.java:1241) ~[ozone-manager-1.3.0-SNAPSHOT.jar:?]
	at org.apache.hadoop.ozone.om.OzoneManager.getFileStatus(OzoneManager.java:3419) ~[ozone-manager-1.3.0-SNAPSHOT.jar:?]
	at org.apache.hadoop.ozone.protocolPB.OzoneManagerRequestHandler.getOzoneFileStatus(OzoneManagerRequestHandler.java:871) ~[ozone-manager-1.3.0-SNAPSHOT.jar:?]
	at org.apache.hadoop.ozone.protocolPB.OzoneManagerRequestHandler.handleReadRequest(OzoneManagerRequestHandler.java:217) ~[ozone-manager-1.3.0-SNAPSHOT.jar:?]
	at org.apache.hadoop.ozone.protocolPB.OzoneManagerProtocolServerSideTranslatorPB.submitRequestDirectlyToOM(OzoneManagerProtocolServerSideTranslatorPB.java:276) ~[ozone-manager-1.3.0-SNAPSHOT.jar:?]
	at org.apache.hadoop.ozone.protocolPB.OzoneManagerProtocolServerSideTranslatorPB.processRequest(OzoneManagerProtocolServerSideTranslatorPB.java:205) ~[ozone-manager-1.3.0-SNAPSHOT.jar:?]
	at org.apache.hadoop.hdds.server.OzoneProtocolMessageDispatcher.processRequest(OzoneProtocolMessageDispatcher.java:87) [hdds-server-framework-1.3.0-SNAPSHOT.jar:?]
	at org.apache.hadoop.ozone.protocolPB.OzoneManagerProtocolServerSideTranslatorPB.submitRequest(OzoneManagerProtocolServerSideTranslatorPB.java:147) [ozone-manager-1.3.0-SNAPSHOT.jar:?]
	at org.apache.hadoop.ozone.protocol.proto.OzoneManagerProtocolProtos$OzoneManagerService$2.callBlockingMethod(OzoneManagerProtocolProtos.java) [ozone-interface-client-1.3.0-SNAPSHOT.jar:?]
	at org.apache.hadoop.ipc.ProtobufRpcEngine$Server.processCall(ProtobufRpcEngine.java:466) [hadoop-common-3.3.1.jar:?]
	at org.apache.hadoop.ipc.ProtobufRpcEngine2$Server$ProtoBufRpcInvoker.call(ProtobufRpcEngine2.java:574) [hadoop-common-3.3.1.jar:?]
	at org.apache.hadoop.ipc.ProtobufRpcEngine2$Server$ProtoBufRpcInvoker.call(ProtobufRpcEngine2.java:552) [hadoop-common-3.3.1.jar:?]
	at org.apache.hadoop.ipc.RPC$Server.call(RPC.java:1093) [hadoop-common-3.3.1.jar:?]
	at org.apache.hadoop.ipc.Server$RpcCall.run(Server.java:1035) [hadoop-common-3.3.1.jar:?]
	at org.apache.hadoop.ipc.Server$RpcCall.run(Server.java:963) [hadoop-common-3.3.1.jar:?]
	at java.security.AccessController.doPrivileged(Native Method) ~[?:1.8.0_332]
	at javax.security.auth.Subject.doAs(Subject.java:422) [?:1.8.0_332]
	at org.apache.hadoop.security.UserGroupInformation.doAs(UserGroupInformation.java:1878) [hadoop-common-3.3.1.jar:?]
	at org.apache.hadoop.ipc.Server$Handler.run(Server.java:2966) [hadoop-common-3.3.1.jar:?]
2022-06-24 23:46:27,999 [Time-limited test] INFO  fs.TrashPolicyDefault (TrashPolicyDefault.java:moveToTrash(188)) - Moved: '/testKey2' to trash at: /.Trash/runner/Current/testKey2
2022-06-24 23:46:28,008 [bc644b0c-0e4b-489d-a6ba-eb86566737d4@group-9A59D736E471-FollowerState] INFO  impl.FollowerState (FollowerState.java:run(143)) - bc644b0c-0e4b-489d-a6ba-eb86566737d4@group-9A59D736E471-FollowerState: change to CANDIDATE, lastRpcElapsedTime:5088382737ns, electionTimeout:5080ms
2022-06-24 23:46:28,008 [bc644b0c-0e4b-489d-a6ba-eb86566737d4@group-9A59D736E471-FollowerState] INFO  impl.RoleInfo (RoleInfo.java:shutdownFollowerState(110)) - bc644b0c-0e4b-489d-a6ba-eb86566737d4: shutdown bc644b0c-0e4b-489d-a6ba-eb86566737d4@group-9A59D736E471-FollowerState
2022-06-24 23:46:28,008 [bc644b0c-0e4b-489d-a6ba-eb86566737d4@group-9A59D736E471-FollowerState] INFO  server.RaftServer$Division (RaftServerImpl.java:setRole(299)) - bc644b0c-0e4b-489d-a6ba-eb86566737d4@group-9A59D736E471: changes role from  FOLLOWER to CANDIDATE at term 0 for changeToCandidate
2022-06-24 23:46:28,008 [bc644b0c-0e4b-489d-a6ba-eb86566737d4@group-9A59D736E471-FollowerState] INFO  server.RaftServerConfigKeys (ConfUtils.java:logGet(46)) - raft.server.leaderelection.pre-vote = false (custom)
2022-06-24 23:46:28,008 [bc644b0c-0e4b-489d-a6ba-eb86566737d4@group-9A59D736E471-FollowerState] INFO  impl.RoleInfo (RoleInfo.java:updateAndGet(139)) - bc644b0c-0e4b-489d-a6ba-eb86566737d4: start bc644b0c-0e4b-489d-a6ba-eb86566737d4@group-9A59D736E471-LeaderElection24
2022-06-24 23:46:28,029 [bc644b0c-0e4b-489d-a6ba-eb86566737d4@group-9A59D736E471-LeaderElection24] INFO  impl.LeaderElection (LeaderElection.java:askForVotes(310)) - bc644b0c-0e4b-489d-a6ba-eb86566737d4@group-9A59D736E471-LeaderElection24 ELECTION round 0: submit vote requests at term 1 for -1: [bc644b0c-0e4b-489d-a6ba-eb86566737d4|rpc:10.1.0.24:41849|priority:1], old=null
2022-06-24 23:46:28,029 [bc644b0c-0e4b-489d-a6ba-eb86566737d4@group-9A59D736E471-LeaderElection24] INFO  impl.LeaderElection (LeaderElection.java:askForVotes(312)) - bc644b0c-0e4b-489d-a6ba-eb86566737d4@group-9A59D736E471-LeaderElection24 ELECTION round 0: result PASSED (term=1)
2022-06-24 23:46:28,029 [bc644b0c-0e4b-489d-a6ba-eb86566737d4@group-9A59D736E471-LeaderElection24] INFO  impl.RoleInfo (RoleInfo.java:shutdownLeaderElection(130)) - bc644b0c-0e4b-489d-a6ba-eb86566737d4: shutdown bc644b0c-0e4b-489d-a6ba-eb86566737d4@group-9A59D736E471-LeaderElection24
2022-06-24 23:46:28,029 [bc644b0c-0e4b-489d-a6ba-eb86566737d4@group-9A59D736E471-LeaderElection24] INFO  server.RaftServer$Division (RaftServerImpl.java:setRole(299)) - bc644b0c-0e4b-489d-a6ba-eb86566737d4@group-9A59D736E471: changes role from CANDIDATE to LEADER at term 1 for changeToLeader
2022-06-24 23:46:28,029 [bc644b0c-0e4b-489d-a6ba-eb86566737d4@group-9A59D736E471-LeaderElection24] INFO  ratis.XceiverServerRatis (XceiverServerRatis.java:handleLeaderChangedNotification(863)) - Leader change notification received for group: group-9A59D736E471 with new leaderId: bc644b0c-0e4b-489d-a6ba-eb86566737d4
2022-06-24 23:46:28,029 [bc644b0c-0e4b-489d-a6ba-eb86566737d4@group-9A59D736E471-LeaderElection24] INFO  server.RaftServer$Division (ServerState.java:setLeader(287)) - bc644b0c-0e4b-489d-a6ba-eb86566737d4@group-9A59D736E471: change Leader from null to bc644b0c-0e4b-489d-a6ba-eb86566737d4 at term 1 for becomeLeader, leader elected after 5134ms
2022-06-24 23:46:28,030 [bc644b0c-0e4b-489d-a6ba-eb86566737d4@group-9A59D736E471-LeaderElection24] INFO  server.RaftServerConfigKeys (ConfUtils.java:logGet(46)) - raft.server.staging.catchup.gap = 1000 (default)
2022-06-24 23:46:28,030 [bc644b0c-0e4b-489d-a6ba-eb86566737d4@group-9A59D736E471-LeaderElection24] INFO  server.RaftServerConfigKeys (ConfUtils.java:logGet(46)) - raft.server.write.element-limit = 1024 (custom)
2022-06-24 23:46:28,030 [bc644b0c-0e4b-489d-a6ba-eb86566737d4@group-9A59D736E471-LeaderElection24] INFO  server.RaftServerConfigKeys (ConfUtils.java:logGet(46)) - raft.server.write.byte-limit = 1024 M (=1073741824) (custom)
2022-06-24 23:46:28,030 [bc644b0c-0e4b-489d-a6ba-eb86566737d4@group-9A59D736E471-LeaderElection24] INFO  server.RaftServerConfigKeys (ConfUtils.java:logGet(46)) - raft.server.watch.timeout = 180s (custom)
2022-06-24 23:46:28,030 [bc644b0c-0e4b-489d-a6ba-eb86566737d4@group-9A59D736E471-LeaderElection24] INFO  server.RaftServerConfigKeys (ConfUtils.java:logGet(46)) - raft.server.watch.timeout.denomination = 1s (default)
2022-06-24 23:46:28,030 [bc644b0c-0e4b-489d-a6ba-eb86566737d4@group-9A59D736E471-LeaderElection24] INFO  server.RaftServerConfigKeys (ConfUtils.java:logGet(46)) - raft.server.watch.element-limit = 65536 (default)
2022-06-24 23:46:28,030 [bc644b0c-0e4b-489d-a6ba-eb86566737d4@group-9A59D736E471-LeaderElection24] INFO  server.RaftServerConfigKeys (ConfUtils.java:logGet(46)) - raft.server.write.element-limit = 1024 (custom)
2022-06-24 23:46:28,030 [bc644b0c-0e4b-489d-a6ba-eb86566737d4@group-9A59D736E471-LeaderElection24] INFO  server.RaftServerConfigKeys (ConfUtils.java:logGet(46)) - raft.server.write.follower.gap.ratio.max = -1.0 (default)
2022-06-24 23:46:28,030 [bc644b0c-0e4b-489d-a6ba-eb86566737d4@group-9A59D736E471-LeaderElection24] INFO  impl.RoleInfo (RoleInfo.java:updateAndGet(139)) - bc644b0c-0e4b-489d-a6ba-eb86566737d4: start bc644b0c-0e4b-489d-a6ba-eb86566737d4@group-9A59D736E471-LeaderStateImpl
2022-06-24 23:46:28,031 [bc644b0c-0e4b-489d-a6ba-eb86566737d4@group-9A59D736E471-LeaderElection24] INFO  segmented.SegmentedRaftLogWorker (SegmentedRaftLogWorker.java:startLogSegment(425)) - bc644b0c-0e4b-489d-a6ba-eb86566737d4@group-9A59D736E471-SegmentedRaftLogWorker: Starting segment from index:0
2022-06-24 23:46:28,032 [bc644b0c-0e4b-489d-a6ba-eb86566737d4@group-9A59D736E471-SegmentedRaftLogWorker] INFO  segmented.SegmentedRaftLogWorker (SegmentedRaftLogWorker.java:execute(629)) - bc644b0c-0e4b-489d-a6ba-eb86566737d4@group-9A59D736E471-SegmentedRaftLogWorker: created new log segment /home/runner/work/ozone/ozone/hadoop-ozone/integration-test/target/test-dir/MiniOzoneClusterImpl-1c97b964-6e84-44a1-9571-366444e105f6/datanode-4/data/ratis/7ed083d5-eecf-49e0-b24f-9a59d736e471/current/log_inprogress_0
2022-06-24 23:46:28,051 [bc644b0c-0e4b-489d-a6ba-eb86566737d4@group-9A59D736E471-LeaderElection24] INFO  server.RaftServer$Division (ServerState.java:setRaftConf(393)) - bc644b0c-0e4b-489d-a6ba-eb86566737d4@group-9A59D736E471: set configuration 0: [bc644b0c-0e4b-489d-a6ba-eb86566737d4|rpc:10.1.0.24:41849|dataStream:|priority:1], old=null
23:46:29.002 [IPC Server handler 19 on default port 34097] ERROR OMAudit - user=runner | ip=127.0.0.1 | op=GET_FILE_STATUS {volume=volume05206, bucket=bucket45514, key=.Trash/runner/Current/testKey2, dataSize=0, replicationConfig=null} | ret=FAILURE
org.apache.hadoop.ozone.om.exceptions.OMException: Unable to get file status: volume: volume05206 bucket: bucket45514 key: .Trash/runner/Current/testKey2
	at org.apache.hadoop.ozone.om.KeyManagerImpl.getOzoneFileStatus(KeyManagerImpl.java:1311) ~[ozone-manager-1.3.0-SNAPSHOT.jar:?]
	at org.apache.hadoop.ozone.om.KeyManagerImpl.getFileStatus(KeyManagerImpl.java:1241) ~[ozone-manager-1.3.0-SNAPSHOT.jar:?]
	at org.apache.hadoop.ozone.om.OzoneManager.getFileStatus(OzoneManager.java:3419) ~[ozone-manager-1.3.0-SNAPSHOT.jar:?]
	at org.apache.hadoop.ozone.protocolPB.OzoneManagerRequestHandler.getOzoneFileStatus(OzoneManagerRequestHandler.java:871) ~[ozone-manager-1.3.0-SNAPSHOT.jar:?]
	at org.apache.hadoop.ozone.protocolPB.OzoneManagerRequestHandler.handleReadRequest(OzoneManagerRequestHandler.java:217) ~[ozone-manager-1.3.0-SNAPSHOT.jar:?]
	at org.apache.hadoop.ozone.protocolPB.OzoneManagerProtocolServerSideTranslatorPB.submitRequestDirectlyToOM(OzoneManagerProtocolServerSideTranslatorPB.java:276) ~[ozone-manager-1.3.0-SNAPSHOT.jar:?]
	at org.apache.hadoop.ozone.protocolPB.OzoneManagerProtocolServerSideTranslatorPB.processRequest(OzoneManagerProtocolServerSideTranslatorPB.java:205) ~[ozone-manager-1.3.0-SNAPSHOT.jar:?]
	at org.apache.hadoop.hdds.server.OzoneProtocolMessageDispatcher.processRequest(OzoneProtocolMessageDispatcher.java:87) [hdds-server-framework-1.3.0-SNAPSHOT.jar:?]
	at org.apache.hadoop.ozone.protocolPB.OzoneManagerProtocolServerSideTranslatorPB.submitRequest(OzoneManagerProtocolServerSideTranslatorPB.java:147) [ozone-manager-1.3.0-SNAPSHOT.jar:?]
	at org.apache.hadoop.ozone.protocol.proto.OzoneManagerProtocolProtos$OzoneManagerService$2.callBlockingMethod(OzoneManagerProtocolProtos.java) [ozone-interface-client-1.3.0-SNAPSHOT.jar:?]
	at org.apache.hadoop.ipc.ProtobufRpcEngine$Server.processCall(ProtobufRpcEngine.java:466) [hadoop-common-3.3.1.jar:?]
	at org.apache.hadoop.ipc.ProtobufRpcEngine2$Server$ProtoBufRpcInvoker.call(ProtobufRpcEngine2.java:574) [hadoop-common-3.3.1.jar:?]
	at org.apache.hadoop.ipc.ProtobufRpcEngine2$Server$ProtoBufRpcInvoker.call(ProtobufRpcEngine2.java:552) [hadoop-common-3.3.1.jar:?]
	at org.apache.hadoop.ipc.RPC$Server.call(RPC.java:1093) [hadoop-common-3.3.1.jar:?]
	at org.apache.hadoop.ipc.Server$RpcCall.run(Server.java:1035) [hadoop-common-3.3.1.jar:?]
	at org.apache.hadoop.ipc.Server$RpcCall.run(Server.java:963) [hadoop-common-3.3.1.jar:?]
	at java.security.AccessController.doPrivileged(Native Method) ~[?:1.8.0_332]
	at javax.security.auth.Subject.doAs(Subject.java:422) [?:1.8.0_332]
	at org.apache.hadoop.security.UserGroupInformation.doAs(UserGroupInformation.java:1878) [hadoop-common-3.3.1.jar:?]
	at org.apache.hadoop.ipc.Server$Handler.run(Server.java:2966) [hadoop-common-3.3.1.jar:?]
2022-06-24 23:46:30,933 [c8d3b1b7-e2cb-467c-92f2-e834465c7bf5@group-2E3355F2685F-FollowerState] INFO  impl.FollowerState (FollowerState.java:run(143)) - c8d3b1b7-e2cb-467c-92f2-e834465c7bf5@group-2E3355F2685F-FollowerState: change to CANDIDATE, lastRpcElapsedTime:5153063950ns, electionTimeout:5118ms
2022-06-24 23:46:30,933 [c8d3b1b7-e2cb-467c-92f2-e834465c7bf5@group-2E3355F2685F-FollowerState] INFO  impl.RoleInfo (RoleInfo.java:shutdownFollowerState(110)) - c8d3b1b7-e2cb-467c-92f2-e834465c7bf5: shutdown c8d3b1b7-e2cb-467c-92f2-e834465c7bf5@group-2E3355F2685F-FollowerState
2022-06-24 23:46:30,933 [c8d3b1b7-e2cb-467c-92f2-e834465c7bf5@group-2E3355F2685F-FollowerState] INFO  server.RaftServer$Division (RaftServerImpl.java:setRole(299)) - c8d3b1b7-e2cb-467c-92f2-e834465c7bf5@group-2E3355F2685F: changes role from  FOLLOWER to CANDIDATE at term 1 for changeToCandidate
2022-06-24 23:46:30,933 [c8d3b1b7-e2cb-467c-92f2-e834465c7bf5@group-2E3355F2685F-FollowerState] INFO  server.RaftServerConfigKeys (ConfUtils.java:logGet(46)) - raft.server.leaderelection.pre-vote = false (custom)
2022-06-24 23:46:30,933 [c8d3b1b7-e2cb-467c-92f2-e834465c7bf5@group-2E3355F2685F-FollowerState] INFO  impl.RoleInfo (RoleInfo.java:updateAndGet(139)) - c8d3b1b7-e2cb-467c-92f2-e834465c7bf5: start c8d3b1b7-e2cb-467c-92f2-e834465c7bf5@group-2E3355F2685F-LeaderElection25
2022-06-24 23:46:30,955 [c8d3b1b7-e2cb-467c-92f2-e834465c7bf5@group-2E3355F2685F-LeaderElection25] INFO  impl.LeaderElection (LeaderElection.java:askForVotes(310)) - c8d3b1b7-e2cb-467c-92f2-e834465c7bf5@group-2E3355F2685F-LeaderElection25 ELECTION round 0: submit vote requests at term 2 for -1: [8e270ae6-3b8a-4b8d-ba53-7f31af20a9eb|rpc:10.1.0.24:34827|priority:0, c8d3b1b7-e2cb-467c-92f2-e834465c7bf5|rpc:10.1.0.24:45959|priority:0, d25249de-707f-41fb-b0bd-e849b78f575c|rpc:10.1.0.24:36285|priority:1], old=null
2022-06-24 23:46:30,967 [grpc-default-executor-1] INFO  server.RaftServer$Division (RaftServerImpl.java:requestVote(1152)) - d25249de-707f-41fb-b0bd-e849b78f575c@group-2E3355F2685F: receive requestVote(ELECTION, c8d3b1b7-e2cb-467c-92f2-e834465c7bf5, group-2E3355F2685F, 2, (t:0, i:0))
2022-06-24 23:46:30,967 [grpc-default-executor-1] INFO  impl.VoteContext (VoteContext.java:log(48)) - d25249de-707f-41fb-b0bd-e849b78f575c@group-2E3355F2685F-FOLLOWER: reject ELECTION from c8d3b1b7-e2cb-467c-92f2-e834465c7bf5: our priority 1 > candidate's priority 0
2022-06-24 23:46:30,967 [grpc-default-executor-1] INFO  server.RaftServer$Division (RaftServerImpl.java:setRole(299)) - d25249de-707f-41fb-b0bd-e849b78f575c@group-2E3355F2685F: changes role from  FOLLOWER to FOLLOWER at term 2 for candidate:c8d3b1b7-e2cb-467c-92f2-e834465c7bf5
2022-06-24 23:46:30,967 [grpc-default-executor-1] INFO  impl.RoleInfo (RoleInfo.java:shutdownFollowerState(110)) - d25249de-707f-41fb-b0bd-e849b78f575c: shutdown d25249de-707f-41fb-b0bd-e849b78f575c@group-2E3355F2685F-FollowerState
2022-06-24 23:46:30,967 [grpc-default-executor-1] INFO  impl.RoleInfo (RoleInfo.java:updateAndGet(139)) - d25249de-707f-41fb-b0bd-e849b78f575c: start d25249de-707f-41fb-b0bd-e849b78f575c@group-2E3355F2685F-FollowerState
2022-06-24 23:46:30,967 [d25249de-707f-41fb-b0bd-e849b78f575c@group-2E3355F2685F-FollowerState] INFO  impl.FollowerState (FollowerState.java:run(152)) - d25249de-707f-41fb-b0bd-e849b78f575c@group-2E3355F2685F-FollowerState was interrupted
2022-06-24 23:46:30,975 [grpc-default-executor-1] INFO  server.RaftServer$Division (RaftServerImpl.java:requestVote(1184)) - d25249de-707f-41fb-b0bd-e849b78f575c@group-2E3355F2685F replies to ELECTION vote request: c8d3b1b7-e2cb-467c-92f2-e834465c7bf5<-d25249de-707f-41fb-b0bd-e849b78f575c#0:FAIL-t2. Peer's state: d25249de-707f-41fb-b0bd-e849b78f575c@group-2E3355F2685F:t2, leader=null, voted=null, raftlog=d25249de-707f-41fb-b0bd-e849b78f575c@group-2E3355F2685F-SegmentedRaftLog:OPENED:c-1, conf=-1: [8e270ae6-3b8a-4b8d-ba53-7f31af20a9eb|rpc:10.1.0.24:34827|dataStream:|priority:0, c8d3b1b7-e2cb-467c-92f2-e834465c7bf5|rpc:10.1.0.24:45959|dataStream:|priority:0, d25249de-707f-41fb-b0bd-e849b78f575c|rpc:10.1.0.24:36285|dataStream:|priority:1], old=null
2022-06-24 23:46:30,976 [c8d3b1b7-e2cb-467c-92f2-e834465c7bf5@group-2E3355F2685F-LeaderElection25] INFO  impl.LeaderElection (LeaderElection.java:logAndReturn(90)) - c8d3b1b7-e2cb-467c-92f2-e834465c7bf5@group-2E3355F2685F-LeaderElection25: ELECTION REJECTED received 1 response(s) and 0 exception(s):
2022-06-24 23:46:30,977 [c8d3b1b7-e2cb-467c-92f2-e834465c7bf5@group-2E3355F2685F-LeaderElection25] INFO  impl.LeaderElection (LeaderElection.java:logAndReturn(94)) -   Response 0: c8d3b1b7-e2cb-467c-92f2-e834465c7bf5<-d25249de-707f-41fb-b0bd-e849b78f575c#0:FAIL-t2
2022-06-24 23:46:30,977 [c8d3b1b7-e2cb-467c-92f2-e834465c7bf5@group-2E3355F2685F-LeaderElection25] INFO  impl.LeaderElection (LeaderElection.java:askForVotes(312)) - c8d3b1b7-e2cb-467c-92f2-e834465c7bf5@group-2E3355F2685F-LeaderElection25 ELECTION round 0: result REJECTED
2022-06-24 23:46:30,977 [c8d3b1b7-e2cb-467c-92f2-e834465c7bf5@group-2E3355F2685F-LeaderElection25] INFO  server.RaftServer$Division (RaftServerImpl.java:setRole(299)) - c8d3b1b7-e2cb-467c-92f2-e834465c7bf5@group-2E3355F2685F: changes role from CANDIDATE to FOLLOWER at term 2 for REJECTED
2022-06-24 23:46:30,977 [c8d3b1b7-e2cb-467c-92f2-e834465c7bf5@group-2E3355F2685F-LeaderElection25] INFO  impl.RoleInfo (RoleInfo.java:shutdownLeaderElection(130)) - c8d3b1b7-e2cb-467c-92f2-e834465c7bf5: shutdown c8d3b1b7-e2cb-467c-92f2-e834465c7bf5@group-2E3355F2685F-LeaderElection25
2022-06-24 23:46:30,977 [c8d3b1b7-e2cb-467c-92f2-e834465c7bf5@group-2E3355F2685F-LeaderElection25] INFO  impl.RoleInfo (RoleInfo.java:updateAndGet(139)) - c8d3b1b7-e2cb-467c-92f2-e834465c7bf5: start c8d3b1b7-e2cb-467c-92f2-e834465c7bf5@group-2E3355F2685F-FollowerState
2022-06-24 23:46:30,984 [8e270ae6-3b8a-4b8d-ba53-7f31af20a9eb@group-2E3355F2685F-FollowerState] INFO  impl.FollowerState (FollowerState.java:run(143)) - 8e270ae6-3b8a-4b8d-ba53-7f31af20a9eb@group-2E3355F2685F-FollowerState: change to CANDIDATE, lastRpcElapsedTime:5225643685ns, electionTimeout:5175ms
2022-06-24 23:46:30,984 [8e270ae6-3b8a-4b8d-ba53-7f31af20a9eb@group-2E3355F2685F-FollowerState] INFO  impl.RoleInfo (RoleInfo.java:shutdownFollowerState(110)) - 8e270ae6-3b8a-4b8d-ba53-7f31af20a9eb: shutdown 8e270ae6-3b8a-4b8d-ba53-7f31af20a9eb@group-2E3355F2685F-FollowerState
2022-06-24 23:46:30,984 [8e270ae6-3b8a-4b8d-ba53-7f31af20a9eb@group-2E3355F2685F-FollowerState] INFO  server.RaftServer$Division (RaftServerImpl.java:setRole(299)) - 8e270ae6-3b8a-4b8d-ba53-7f31af20a9eb@group-2E3355F2685F: changes role from  FOLLOWER to CANDIDATE at term 1 for changeToCandidate
2022-06-24 23:46:30,984 [8e270ae6-3b8a-4b8d-ba53-7f31af20a9eb@group-2E3355F2685F-FollowerState] INFO  server.RaftServerConfigKeys (ConfUtils.java:logGet(46)) - raft.server.leaderelection.pre-vote = false (custom)
2022-06-24 23:46:30,984 [8e270ae6-3b8a-4b8d-ba53-7f31af20a9eb@group-2E3355F2685F-FollowerState] INFO  impl.RoleInfo (RoleInfo.java:updateAndGet(139)) - 8e270ae6-3b8a-4b8d-ba53-7f31af20a9eb: start 8e270ae6-3b8a-4b8d-ba53-7f31af20a9eb@group-2E3355F2685F-LeaderElection26
2022-06-24 23:46:30,989 [grpc-default-executor-1] INFO  server.RaftServer$Division (RaftServerImpl.java:requestVote(1152)) - 8e270ae6-3b8a-4b8d-ba53-7f31af20a9eb@group-2E3355F2685F: receive requestVote(ELECTION, c8d3b1b7-e2cb-467c-92f2-e834465c7bf5, group-2E3355F2685F, 2, (t:0, i:0))
2022-06-24 23:46:30,989 [grpc-default-executor-1] INFO  impl.VoteContext (VoteContext.java:log(48)) - 8e270ae6-3b8a-4b8d-ba53-7f31af20a9eb@group-2E3355F2685F-CANDIDATE: accept ELECTION from c8d3b1b7-e2cb-467c-92f2-e834465c7bf5: our priority 0 <= candidate's priority 0
2022-06-24 23:46:30,990 [grpc-default-executor-1] INFO  server.RaftServer$Division (RaftServerImpl.java:setRole(299)) - 8e270ae6-3b8a-4b8d-ba53-7f31af20a9eb@group-2E3355F2685F: changes role from CANDIDATE to FOLLOWER at term 2 for candidate:c8d3b1b7-e2cb-467c-92f2-e834465c7bf5
2022-06-24 23:46:30,990 [grpc-default-executor-1] INFO  impl.RoleInfo (RoleInfo.java:shutdownLeaderElection(130)) - 8e270ae6-3b8a-4b8d-ba53-7f31af20a9eb: shutdown 8e270ae6-3b8a-4b8d-ba53-7f31af20a9eb@group-2E3355F2685F-LeaderElection26
2022-06-24 23:46:30,990 [grpc-default-executor-1] INFO  impl.RoleInfo (RoleInfo.java:updateAndGet(139)) - 8e270ae6-3b8a-4b8d-ba53-7f31af20a9eb: start 8e270ae6-3b8a-4b8d-ba53-7f31af20a9eb@group-2E3355F2685F-FollowerState
2022-06-24 23:46:30,994 [8e270ae6-3b8a-4b8d-ba53-7f31af20a9eb@group-2E3355F2685F-LeaderElection26] INFO  impl.LeaderElection (LeaderElection.java:run(231)) - 8e270ae6-3b8a-4b8d-ba53-7f31af20a9eb@group-2E3355F2685F-LeaderElection26: skip running since this is already CLOSING
2022-06-24 23:46:31,003 [grpc-default-executor-1] INFO  server.RaftServer$Division (RaftServerImpl.java:requestVote(1184)) - 8e270ae6-3b8a-4b8d-ba53-7f31af20a9eb@group-2E3355F2685F replies to ELECTION vote request: c8d3b1b7-e2cb-467c-92f2-e834465c7bf5<-8e270ae6-3b8a-4b8d-ba53-7f31af20a9eb#0:OK-t2. Peer's state: 8e270ae6-3b8a-4b8d-ba53-7f31af20a9eb@group-2E3355F2685F:t2, leader=null, voted=c8d3b1b7-e2cb-467c-92f2-e834465c7bf5, raftlog=8e270ae6-3b8a-4b8d-ba53-7f31af20a9eb@group-2E3355F2685F-SegmentedRaftLog:OPENED:c-1, conf=-1: [8e270ae6-3b8a-4b8d-ba53-7f31af20a9eb|rpc:10.1.0.24:34827|dataStream:|priority:0, c8d3b1b7-e2cb-467c-92f2-e834465c7bf5|rpc:10.1.0.24:45959|dataStream:|priority:0, d25249de-707f-41fb-b0bd-e849b78f575c|rpc:10.1.0.24:36285|dataStream:|priority:1], old=null
]]></system-out>
  </testcase>
  <testcase name="testTrash" classname="TestOzoneFileSystem" time="120.55">
    <error type="java.util.concurrent.TimeoutException"><![CDATA[java.util.concurrent.TimeoutException: 
Timed out waiting for condition. Thread diagnostics:
Timestamp: 2022-06-24 11:49:33,283

"51490d26-ad7a-4947-a556-931448a53f1d@group-D5300F8C0BF2-SegmentedRaftLogWorker"  prio=5 tid=1730 timed_waiting
java.lang.Thread.State: TIMED_WAITING
        at sun.misc.Unsafe.park(Native Method)
        at java.util.concurrent.locks.LockSupport.parkNanos(LockSupport.java:215)
        at java.util.concurrent.locks.AbstractQueuedSynchronizer$ConditionObject.awaitNanos(AbstractQueuedSynchronizer.java:2078)
        at org.apache.ratis.util.DataBlockingQueue.poll(DataBlockingQueue.java:148)
        at org.apache.ratis.server.raftlog.segmented.SegmentedRaftLogWorker.run(SegmentedRaftLogWorker.java:301)
        at org.apache.ratis.server.raftlog.segmented.SegmentedRaftLogWorker$$Lambda$555/128040087.run(Unknown Source)
        at java.lang.Thread.run(Thread.java:750)
"Signal Dispatcher" daemon prio=9 tid=4 runnable
java.lang.Thread.State: RUNNABLE
"Datanode ReportManager Thread - 0" daemon prio=5 tid=917 in Object.wait()
java.lang.Thread.State: WAITING (on object monitor)
        at sun.misc.Unsafe.park(Native Method)
        at java.util.concurrent.locks.LockSupport.park(LockSupport.java:175)
        at java.util.concurrent.locks.AbstractQueuedSynchronizer$ConditionObject.await(AbstractQueuedSynchronizer.java:2039)
        at java.util.concurrent.ScheduledThreadPoolExecutor$DelayedWorkQueue.take(ScheduledThreadPoolExecutor.java:1088)
        at java.util.concurrent.ScheduledThreadPoolExecutor$DelayedWorkQueue.take(ScheduledThreadPoolExecutor.java:809)
        at java.util.concurrent.ThreadPoolExecutor.getTask(ThreadPoolExecutor.java:1074)
        at java.util.concurrent.ThreadPoolExecutor.runWorker(ThreadPoolExecutor.java:1134)
        at java.util.concurrent.ThreadPoolExecutor$Worker.run(ThreadPoolExecutor.java:624)
        at java.lang.Thread.run(Thread.java:750)
"ChunkWriter-3-0" daemon prio=5 tid=1631 in Object.wait()
java.lang.Thread.State: WAITING (on object monitor)
        at sun.misc.Unsafe.park(Native Method)
        at java.util.concurrent.locks.LockSupport.park(LockSupport.java:175)
        at java.util.concurrent.locks.AbstractQueuedSynchronizer$ConditionObject.await(AbstractQueuedSynchronizer.java:2039)
        at java.util.concurrent.LinkedBlockingDeque.takeFirst(LinkedBlockingDeque.java:492)
        at java.util.concurrent.LinkedBlockingDeque.take(LinkedBlockingDeque.java:680)
        at java.util.concurrent.ThreadPoolExecutor.getTask(ThreadPoolExecutor.java:1074)
        at java.util.concurrent.ThreadPoolExecutor.runWorker(ThreadPoolExecutor.java:1134)
        at java.util.concurrent.ThreadPoolExecutor$Worker.run(ThreadPoolExecutor.java:624)
        at java.lang.Thread.run(Thread.java:750)
"BlockDeletingService#0" daemon prio=5 tid=1682 timed_waiting
java.lang.Thread.State: TIMED_WAITING
        at sun.misc.Unsafe.park(Native Method)
        at java.util.concurrent.locks.LockSupport.parkNanos(LockSupport.java:215)
        at java.util.concurrent.locks.AbstractQueuedSynchronizer$ConditionObject.awaitNanos(AbstractQueuedSynchronizer.java:2078)
        at java.util.concurrent.ScheduledThreadPoolExecutor$DelayedWorkQueue.take(ScheduledThreadPoolExecutor.java:1093)
        at java.util.concurrent.ScheduledThreadPoolExecutor$DelayedWorkQueue.take(ScheduledThreadPoolExecutor.java:809)
        at java.util.concurrent.ThreadPoolExecutor.getTask(ThreadPoolExecutor.java:1074)
        at java.util.concurrent.ThreadPoolExecutor.runWorker(ThreadPoolExecutor.java:1134)
        at java.util.concurrent.ThreadPoolExecutor$Worker.run(ThreadPoolExecutor.java:624)
        at java.lang.Thread.run(Thread.java:750)
"EventQueue-OpenPipelineForHealthyPipelineSafeModeRule" daemon prio=5 tid=1687 in Object.wait()
java.lang.Thread.State: WAITING (on object monitor)
        at sun.misc.Unsafe.park(Native Method)
        at java.util.concurrent.locks.LockSupport.park(LockSupport.java:175)
        at java.util.concurrent.locks.AbstractQueuedSynchronizer$ConditionObject.await(AbstractQueuedSynchronizer.java:2039)
        at java.util.concurrent.LinkedBlockingQueue.take(LinkedBlockingQueue.java:442)
        at java.util.concurrent.ThreadPoolExecutor.getTask(ThreadPoolExecutor.java:1074)
        at java.util.concurrent.ThreadPoolExecutor.runWorker(ThreadPoolExecutor.java:1134)
        at java.util.concurrent.ThreadPoolExecutor$Worker.run(ThreadPoolExecutor.java:624)
        at java.lang.Thread.run(Thread.java:750)
"FullTableCache Cleanup Thread - 0" daemon prio=5 tid=1124 in Object.wait()
java.lang.Thread.State: WAITING (on object monitor)
        at sun.misc.Unsafe.park(Native Method)
        at java.util.concurrent.locks.LockSupport.park(LockSupport.java:175)
        at java.util.concurrent.locks.AbstractQueuedSynchronizer$ConditionObject.await(AbstractQueuedSynchronizer.java:2039)
        at java.util.concurrent.LinkedBlockingQueue.take(LinkedBlockingQueue.java:442)
        at java.util.concurrent.ThreadPoolExecutor.getTask(ThreadPoolExecutor.java:1074)
        at java.util.concurrent.ThreadPoolExecutor.runWorker(ThreadPoolExecutor.java:1134)
        at java.util.concurrent.ThreadPoolExecutor$Worker.run(ThreadPoolExecutor.java:624)
        at java.lang.Thread.run(Thread.java:750)
"IPC Server handler 2 on default port 40713" daemon prio=5 tid=1368 timed_waiting
java.lang.Thread.State: TIMED_WAITING
        at sun.misc.Unsafe.park(Native Method)
        at java.util.concurrent.locks.LockSupport.parkNanos(LockSupport.java:215)
        at java.util.concurrent.locks.AbstractQueuedSynchronizer$ConditionObject.awaitNanos(AbstractQueuedSynchronizer.java:2078)
        at java.util.concurrent.LinkedBlockingQueue.poll(LinkedBlockingQueue.java:467)
        at org.apache.hadoop.ipc.CallQueueManager.take(CallQueueManager.java:317)
        at org.apache.hadoop.ipc.Server$Handler.run(Server.java:2932)
"qtp192389035-1435" daemon prio=5 tid=1435 timed_waiting
java.lang.Thread.State: TIMED_WAITING
        at sun.misc.Unsafe.park(Native Method)
        at java.util.concurrent.locks.LockSupport.parkNanos(LockSupport.java:215)
        at java.util.concurrent.locks.AbstractQueuedSynchronizer$ConditionObject.awaitNanos(AbstractQueuedSynchronizer.java:2078)
        at org.eclipse.jetty.util.BlockingArrayQueue.poll(BlockingArrayQueue.java:382)
        at org.eclipse.jetty.util.thread.QueuedThreadPool$Runner.idleJobPoll(QueuedThreadPool.java:974)
        at org.eclipse.jetty.util.thread.QueuedThreadPool$Runner.run(QueuedThreadPool.java:1018)
        at java.lang.Thread.run(Thread.java:750)
"pool-532-thread-1"  prio=5 tid=1882 in Object.wait()
java.lang.Thread.State: WAITING (on object monitor)
        at sun.misc.Unsafe.park(Native Method)
        at java.util.concurrent.locks.LockSupport.park(LockSupport.java:175)
        at java.util.concurrent.locks.AbstractQueuedSynchronizer$ConditionObject.await(AbstractQueuedSynchronizer.java:2039)
        at java.util.concurrent.ArrayBlockingQueue.take(ArrayBlockingQueue.java:403)
        at java.util.concurrent.ThreadPoolExecutor.getTask(ThreadPoolExecutor.java:1074)
        at java.util.concurrent.ThreadPoolExecutor.runWorker(ThreadPoolExecutor.java:1134)
        at java.util.concurrent.ThreadPoolExecutor$Worker.run(ThreadPoolExecutor.java:624)
        at java.lang.Thread.run(Thread.java:750)
"CommandWatcher-LeaseManager#LeaseMonitor" daemon prio=5 tid=1365 timed_waiting
java.lang.Thread.State: TIMED_WAITING
        at java.lang.Object.wait(Native Method)
        at org.apache.hadoop.ozone.lease.LeaseManager$LeaseMonitor.run(LeaseManager.java:238)
        at java.lang.Thread.run(Thread.java:750)
"IPC Server handler 13 on default port 33165" daemon prio=5 tid=1483 timed_waiting
java.lang.Thread.State: TIMED_WAITING
        at sun.misc.Unsafe.park(Native Method)
        at java.util.concurrent.locks.LockSupport.parkNanos(LockSupport.java:215)
        at java.util.concurrent.locks.AbstractQueuedSynchronizer$ConditionObject.awaitNanos(AbstractQueuedSynchronizer.java:2078)
        at java.util.concurrent.LinkedBlockingQueue.poll(LinkedBlockingQueue.java:467)
        at org.apache.hadoop.ipc.CallQueueManager.take(CallQueueManager.java:317)
        at org.apache.hadoop.ipc.Server$Handler.run(Server.java:2932)
"DirectoryDeletingService#0" daemon prio=5 tid=1458 timed_waiting
java.lang.Thread.State: TIMED_WAITING
        at sun.misc.Unsafe.park(Native Method)
        at java.util.concurrent.locks.LockSupport.parkNanos(LockSupport.java:215)
        at java.util.concurrent.locks.AbstractQueuedSynchronizer$ConditionObject.awaitNanos(AbstractQueuedSynchronizer.java:2078)
        at java.util.concurrent.ScheduledThreadPoolExecutor$DelayedWorkQueue.take(ScheduledThreadPoolExecutor.java:1093)
        at java.util.concurrent.ScheduledThreadPoolExecutor$DelayedWorkQueue.take(ScheduledThreadPoolExecutor.java:809)
        at java.util.concurrent.ThreadPoolExecutor.getTask(ThreadPoolExecutor.java:1074)
        at java.util.concurrent.ThreadPoolExecutor.runWorker(ThreadPoolExecutor.java:1134)
        at java.util.concurrent.ThreadPoolExecutor$Worker.run(ThreadPoolExecutor.java:624)
        at java.lang.Thread.run(Thread.java:750)
"FullTableCache Cleanup Thread - 0" daemon prio=5 tid=1123 in Object.wait()
java.lang.Thread.State: WAITING (on object monitor)
        at sun.misc.Unsafe.park(Native Method)
        at java.util.concurrent.locks.LockSupport.park(LockSupport.java:175)
        at java.util.concurrent.locks.AbstractQueuedSynchronizer$ConditionObject.await(AbstractQueuedSynchronizer.java:2039)
        at java.util.concurrent.LinkedBlockingQueue.take(LinkedBlockingQueue.java:442)
        at java.util.concurrent.ThreadPoolExecutor.getTask(ThreadPoolExecutor.java:1074)
        at java.util.concurrent.ThreadPoolExecutor.runWorker(ThreadPoolExecutor.java:1134)
        at java.util.concurrent.ThreadPoolExecutor$Worker.run(ThreadPoolExecutor.java:624)
        at java.lang.Thread.run(Thread.java:750)
"Session-HouseKeeper-613a92bd-1"  prio=5 tid=1508 timed_waiting
java.lang.Thread.State: TIMED_WAITING
        at sun.misc.Unsafe.park(Native Method)
        at java.util.concurrent.locks.LockSupport.parkNanos(LockSupport.java:215)
        at java.util.concurrent.locks.AbstractQueuedSynchronizer$ConditionObject.awaitNanos(AbstractQueuedSynchronizer.java:2078)
        at java.util.concurrent.ScheduledThreadPoolExecutor$DelayedWorkQueue.take(ScheduledThreadPoolExecutor.java:1093)
        at java.util.concurrent.ScheduledThreadPoolExecutor$DelayedWorkQueue.take(ScheduledThreadPoolExecutor.java:809)
        at java.util.concurrent.ThreadPoolExecutor.getTask(ThreadPoolExecutor.java:1074)
        at java.util.concurrent.ThreadPoolExecutor.runWorker(ThreadPoolExecutor.java:1134)
        at java.util.concurrent.ThreadPoolExecutor$Worker.run(ThreadPoolExecutor.java:624)
        at java.lang.Thread.run(Thread.java:750)
"EndpointStateMachine task thread for /0.0.0.0:41993 - 0 "  prio=5 tid=1638 in Object.wait()
java.lang.Thread.State: WAITING (on object monitor)
        at sun.misc.Unsafe.park(Native Method)
        at java.util.concurrent.locks.LockSupport.park(LockSupport.java:175)
        at java.util.concurrent.locks.AbstractQueuedSynchronizer$ConditionObject.await(AbstractQueuedSynchronizer.java:2039)
        at java.util.concurrent.LinkedBlockingQueue.take(LinkedBlockingQueue.java:442)
        at java.util.concurrent.ThreadPoolExecutor.getTask(ThreadPoolExecutor.java:1074)
        at java.util.concurrent.ThreadPoolExecutor.runWorker(ThreadPoolExecutor.java:1134)
        at java.util.concurrent.ThreadPoolExecutor$Worker.run(ThreadPoolExecutor.java:624)
        at java.lang.Thread.run(Thread.java:750)
"pool-622-thread-1"  prio=5 tid=1579 timed_waiting
java.lang.Thread.State: TIMED_WAITING
        at sun.misc.Unsafe.park(Native Method)
        at java.util.concurrent.locks.LockSupport.parkNanos(LockSupport.java:215)
        at java.util.concurrent.locks.AbstractQueuedSynchronizer$ConditionObject.awaitNanos(AbstractQueuedSynchronizer.java:2078)
        at java.util.concurrent.ScheduledThreadPoolExecutor$DelayedWorkQueue.take(ScheduledThreadPoolExecutor.java:1093)
        at java.util.concurrent.ScheduledThreadPoolExecutor$DelayedWorkQueue.take(ScheduledThreadPoolExecutor.java:809)
        at java.util.concurrent.ThreadPoolExecutor.getTask(ThreadPoolExecutor.java:1074)
        at java.util.concurrent.ThreadPoolExecutor.runWorker(ThreadPoolExecutor.java:1134)
        at java.util.concurrent.ThreadPoolExecutor$Worker.run(ThreadPoolExecutor.java:624)
        at java.lang.Thread.run(Thread.java:750)
"pool-560-thread-1" daemon prio=5 tid=1523 timed_waiting
java.lang.Thread.State: TIMED_WAITING
        at sun.misc.Unsafe.park(Native Method)
        at java.util.concurrent.locks.LockSupport.parkNanos(LockSupport.java:215)
        at java.util.concurrent.locks.AbstractQueuedSynchronizer$ConditionObject.awaitNanos(AbstractQueuedSynchronizer.java:2078)
        at java.util.concurrent.ScheduledThreadPoolExecutor$DelayedWorkQueue.take(ScheduledThreadPoolExecutor.java:1093)
        at java.util.concurrent.ScheduledThreadPoolExecutor$DelayedWorkQueue.take(ScheduledThreadPoolExecutor.java:809)
        at java.util.concurrent.ThreadPoolExecutor.getTask(ThreadPoolExecutor.java:1074)
        at java.util.concurrent.ThreadPoolExecutor.runWorker(ThreadPoolExecutor.java:1134)
        at java.util.concurrent.ThreadPoolExecutor$Worker.run(ThreadPoolExecutor.java:624)
        at java.lang.Thread.run(Thread.java:750)
"Datanode ReportManager Thread - 3" daemon prio=5 tid=292 in Object.wait()
java.lang.Thread.State: WAITING (on object monitor)
        at sun.misc.Unsafe.park(Native Method)
        at java.util.concurrent.locks.LockSupport.park(LockSupport.java:175)
        at java.util.concurrent.locks.AbstractQueuedSynchronizer$ConditionObject.await(AbstractQueuedSynchronizer.java:2039)
        at java.util.concurrent.ScheduledThreadPoolExecutor$DelayedWorkQueue.take(ScheduledThreadPoolExecutor.java:1088)
        at java.util.concurrent.ScheduledThreadPoolExecutor$DelayedWorkQueue.take(ScheduledThreadPoolExecutor.java:809)
        at java.util.concurrent.ThreadPoolExecutor.getTask(ThreadPoolExecutor.java:1074)
        at java.util.concurrent.ThreadPoolExecutor.runWorker(ThreadPoolExecutor.java:1134)
        at java.util.concurrent.ThreadPoolExecutor$Worker.run(ThreadPoolExecutor.java:624)
        at java.lang.Thread.run(Thread.java:750)
"org.apache.hadoop.ozone.container.common.statemachine.commandhandler.DeleteBlocksCommandHandler$DeleteCmdWorker@6d5f8cef" daemon prio=5 tid=171 runnable
java.lang.Thread.State: RUNNABLE
        at java.lang.Thread.sleep(Native Method)
        at org.apache.hadoop.ozone.container.common.statemachine.commandhandler.DeleteBlocksCommandHandler$DeleteCmdWorker.run(DeleteBlocksCommandHandler.java:185)
        at java.lang.Thread.run(Thread.java:750)
"org.apache.hadoop.ozone.container.common.statemachine.commandhandler.DeleteBlocksCommandHandler$DeleteCmdWorker@7b112f9a" daemon prio=5 tid=853 runnable
java.lang.Thread.State: RUNNABLE
        at java.lang.Thread.sleep(Native Method)
        at org.apache.hadoop.ozone.container.common.statemachine.commandhandler.DeleteBlocksCommandHandler$DeleteCmdWorker.run(DeleteBlocksCommandHandler.java:185)
        at java.lang.Thread.run(Thread.java:750)
"66188e3b-2de6-4632-9636-fbf530af5e5e@group-9C7B42EDD3A2-StateMachineUpdater" daemon prio=5 tid=1711 timed_waiting
java.lang.Thread.State: TIMED_WAITING
        at sun.misc.Unsafe.park(Native Method)
        at java.util.concurrent.locks.LockSupport.parkNanos(LockSupport.java:215)
        at java.util.concurrent.CompletableFuture$Signaller.block(CompletableFuture.java:1709)
        at java.util.concurrent.ForkJoinPool.managedBlock(ForkJoinPool.java:3323)
        at java.util.concurrent.CompletableFuture.timedGet(CompletableFuture.java:1788)
        at java.util.concurrent.CompletableFuture.get(CompletableFuture.java:1928)
        at org.apache.ratis.util.AwaitForSignal.await(AwaitForSignal.java:56)
        at org.apache.ratis.server.impl.StateMachineUpdater.waitForCommit(StateMachineUpdater.java:207)
        at org.apache.ratis.server.impl.StateMachineUpdater.run(StateMachineUpdater.java:176)
        at java.lang.Thread.run(Thread.java:750)
"IPC Server handler 15 on default port 40713" daemon prio=5 tid=1381 timed_waiting
java.lang.Thread.State: TIMED_WAITING
        at sun.misc.Unsafe.park(Native Method)
        at java.util.concurrent.locks.LockSupport.parkNanos(LockSupport.java:215)
        at java.util.concurrent.locks.AbstractQueuedSynchronizer$ConditionObject.awaitNanos(AbstractQueuedSynchronizer.java:2078)
        at java.util.concurrent.LinkedBlockingQueue.poll(LinkedBlockingQueue.java:467)
        at org.apache.hadoop.ipc.CallQueueManager.take(CallQueueManager.java:317)
        at org.apache.hadoop.ipc.Server$Handler.run(Server.java:2932)
"IPC Server handler 1 on default port 35985" daemon prio=5 tid=1387 timed_waiting
java.lang.Thread.State: TIMED_WAITING
        at sun.misc.Unsafe.park(Native Method)
        at java.util.concurrent.locks.LockSupport.parkNanos(LockSupport.java:215)
        at java.util.concurrent.locks.AbstractQueuedSynchronizer$ConditionObject.awaitNanos(AbstractQueuedSynchronizer.java:2078)
        at java.util.concurrent.LinkedBlockingQueue.poll(LinkedBlockingQueue.java:467)
        at org.apache.hadoop.ipc.CallQueueManager.take(CallQueueManager.java:317)
        at org.apache.hadoop.ipc.Server$Handler.run(Server.java:2932)
"b721671c-f2e0-4f32-a472-e04e394ae124@group-9C7B42EDD3A2-FollowerState" daemon prio=5 tid=1750 timed_waiting
java.lang.Thread.State: TIMED_WAITING
        at java.lang.Thread.sleep(Native Method)
        at java.lang.Thread.sleep(Thread.java:342)
        at java.util.concurrent.TimeUnit.sleep(TimeUnit.java:386)
        at org.apache.ratis.util.TimeDuration.sleep(TimeDuration.java:325)
        at org.apache.ratis.util.TimeDuration.sleep(TimeDuration.java:310)
        at org.apache.ratis.server.impl.FollowerState.run(FollowerState.java:128)
"qtp1370197039-1625" daemon prio=5 tid=1625 timed_waiting
java.lang.Thread.State: TIMED_WAITING
        at sun.misc.Unsafe.park(Native Method)
        at java.util.concurrent.locks.LockSupport.parkNanos(LockSupport.java:215)
        at java.util.concurrent.locks.AbstractQueuedSynchronizer$ConditionObject.awaitNanos(AbstractQueuedSynchronizer.java:2078)
        at org.eclipse.jetty.util.BlockingArrayQueue.poll(BlockingArrayQueue.java:382)
        at org.eclipse.jetty.util.thread.QueuedThreadPool$Runner.idleJobPoll(QueuedThreadPool.java:974)
        at org.eclipse.jetty.util.thread.QueuedThreadPool$Runner.run(QueuedThreadPool.java:1018)
        at java.lang.Thread.run(Thread.java:750)
"Datanode ReportManager Thread - 2" daemon prio=5 tid=919 in Object.wait()
java.lang.Thread.State: WAITING (on object monitor)
        at sun.misc.Unsafe.park(Native Method)
        at java.util.concurrent.locks.LockSupport.park(LockSupport.java:175)
        at java.util.concurrent.locks.AbstractQueuedSynchronizer$ConditionObject.await(AbstractQueuedSynchronizer.java:2039)
        at java.util.concurrent.ScheduledThreadPoolExecutor$DelayedWorkQueue.take(ScheduledThreadPoolExecutor.java:1088)
        at java.util.concurrent.ScheduledThreadPoolExecutor$DelayedWorkQueue.take(ScheduledThreadPoolExecutor.java:809)
        at java.util.concurrent.ThreadPoolExecutor.getTask(ThreadPoolExecutor.java:1074)
        at java.util.concurrent.ThreadPoolExecutor.runWorker(ThreadPoolExecutor.java:1134)
        at java.util.concurrent.ThreadPoolExecutor$Worker.run(ThreadPoolExecutor.java:624)
        at java.lang.Thread.run(Thread.java:750)
"Datanode ReportManager Thread - 1" daemon prio=5 tid=1640 in Object.wait()
java.lang.Thread.State: WAITING (on object monitor)
        at sun.misc.Unsafe.park(Native Method)
        at java.util.concurrent.locks.LockSupport.park(LockSupport.java:175)
        at java.util.concurrent.locks.AbstractQueuedSynchronizer$ConditionObject.await(AbstractQueuedSynchronizer.java:2039)
        at java.util.concurrent.ScheduledThreadPoolExecutor$DelayedWorkQueue.take(ScheduledThreadPoolExecutor.java:1088)
        at java.util.concurrent.ScheduledThreadPoolExecutor$DelayedWorkQueue.take(ScheduledThreadPoolExecutor.java:809)
        at java.util.concurrent.ThreadPoolExecutor.getTask(ThreadPoolExecutor.java:1074)
        at java.util.concurrent.ThreadPoolExecutor.runWorker(ThreadPoolExecutor.java:1134)
        at java.util.concurrent.ThreadPoolExecutor$Worker.run(ThreadPoolExecutor.java:624)
        at java.lang.Thread.run(Thread.java:750)
"Datanode ReportManager Thread - 1" daemon prio=5 tid=238 in Object.wait()
java.lang.Thread.State: WAITING (on object monitor)
        at sun.misc.Unsafe.park(Native Method)
        at java.util.concurrent.locks.LockSupport.park(LockSupport.java:175)
        at java.util.concurrent.locks.AbstractQueuedSynchronizer$ConditionObject.await(AbstractQueuedSynchronizer.java:2039)
        at java.util.concurrent.ScheduledThreadPoolExecutor$DelayedWorkQueue.take(ScheduledThreadPoolExecutor.java:1088)
        at java.util.concurrent.ScheduledThreadPoolExecutor$DelayedWorkQueue.take(ScheduledThreadPoolExecutor.java:809)
        at java.util.concurrent.ThreadPoolExecutor.getTask(ThreadPoolExecutor.java:1074)
        at java.util.concurrent.ThreadPoolExecutor.runWorker(ThreadPoolExecutor.java:1134)
        at java.util.concurrent.ThreadPoolExecutor$Worker.run(ThreadPoolExecutor.java:624)
        at java.lang.Thread.run(Thread.java:750)
"ChunkWriter-0-0" daemon prio=5 tid=1676 in Object.wait()
java.lang.Thread.State: WAITING (on object monitor)
        at sun.misc.Unsafe.park(Native Method)
        at java.util.concurrent.locks.LockSupport.park(LockSupport.java:175)
        at java.util.concurrent.locks.AbstractQueuedSynchronizer$ConditionObject.await(AbstractQueuedSynchronizer.java:2039)
        at java.util.concurrent.LinkedBlockingDeque.takeFirst(LinkedBlockingDeque.java:492)
        at java.util.concurrent.LinkedBlockingDeque.take(LinkedBlockingDeque.java:680)
        at java.util.concurrent.ThreadPoolExecutor.getTask(ThreadPoolExecutor.java:1074)
        at java.util.concurrent.ThreadPoolExecutor.runWorker(ThreadPoolExecutor.java:1134)
        at java.util.concurrent.ThreadPoolExecutor$Worker.run(ThreadPoolExecutor.java:624)
        at java.lang.Thread.run(Thread.java:750)
"IPC Server handler 4 on default port 33165" daemon prio=5 tid=1474 timed_waiting
java.lang.Thread.State: TIMED_WAITING
        at sun.misc.Unsafe.park(Native Method)
        at java.util.concurrent.locks.LockSupport.parkNanos(LockSupport.java:215)
        at java.util.concurrent.locks.AbstractQueuedSynchronizer$ConditionObject.awaitNanos(AbstractQueuedSynchronizer.java:2078)
        at java.util.concurrent.LinkedBlockingQueue.poll(LinkedBlockingQueue.java:467)
        at org.apache.hadoop.ipc.CallQueueManager.take(CallQueueManager.java:317)
        at org.apache.hadoop.ipc.Server$Handler.run(Server.java:2932)
"qtp667607772-1463" daemon prio=5 tid=1463 timed_waiting
java.lang.Thread.State: TIMED_WAITING
        at sun.misc.Unsafe.park(Native Method)
        at java.util.concurrent.locks.LockSupport.parkNanos(LockSupport.java:215)
        at java.util.concurrent.locks.AbstractQueuedSynchronizer$ConditionObject.awaitNanos(AbstractQueuedSynchronizer.java:2078)
        at org.eclipse.jetty.util.BlockingArrayQueue.poll(BlockingArrayQueue.java:382)
        at org.eclipse.jetty.util.thread.QueuedThreadPool$Runner.idleJobPoll(QueuedThreadPool.java:974)
        at org.eclipse.jetty.util.thread.QueuedThreadPool$Runner.run(QueuedThreadPool.java:1018)
        at java.lang.Thread.run(Thread.java:750)
"Datanode ReportManager Thread - 1" daemon prio=5 tid=290 in Object.wait()
java.lang.Thread.State: WAITING (on object monitor)
        at sun.misc.Unsafe.park(Native Method)
        at java.util.concurrent.locks.LockSupport.park(LockSupport.java:175)
        at java.util.concurrent.locks.AbstractQueuedSynchronizer$ConditionObject.await(AbstractQueuedSynchronizer.java:2039)
        at java.util.concurrent.ScheduledThreadPoolExecutor$DelayedWorkQueue.take(ScheduledThreadPoolExecutor.java:1088)
        at java.util.concurrent.ScheduledThreadPoolExecutor$DelayedWorkQueue.take(ScheduledThreadPoolExecutor.java:809)
        at java.util.concurrent.ThreadPoolExecutor.getTask(ThreadPoolExecutor.java:1074)
        at java.util.concurrent.ThreadPoolExecutor.runWorker(ThreadPoolExecutor.java:1134)
        at java.util.concurrent.ThreadPoolExecutor$Worker.run(ThreadPoolExecutor.java:624)
        at java.lang.Thread.run(Thread.java:750)
"Datanode ReportManager Thread - 4" daemon prio=5 tid=188 in Object.wait()
java.lang.Thread.State: WAITING (on object monitor)
        at sun.misc.Unsafe.park(Native Method)
        at java.util.concurrent.locks.LockSupport.park(LockSupport.java:175)
        at java.util.concurrent.locks.AbstractQueuedSynchronizer$ConditionObject.await(AbstractQueuedSynchronizer.java:2039)
        at java.util.concurrent.ScheduledThreadPoolExecutor$DelayedWorkQueue.take(ScheduledThreadPoolExecutor.java:1088)
        at java.util.concurrent.ScheduledThreadPoolExecutor$DelayedWorkQueue.take(ScheduledThreadPoolExecutor.java:809)
        at java.util.concurrent.ThreadPoolExecutor.getTask(ThreadPoolExecutor.java:1074)
        at java.util.concurrent.ThreadPoolExecutor.runWorker(ThreadPoolExecutor.java:1134)
        at java.util.concurrent.ThreadPoolExecutor$Worker.run(ThreadPoolExecutor.java:624)
        at java.lang.Thread.run(Thread.java:750)
"Datanode ReportManager Thread - 1" daemon prio=5 tid=1511 in Object.wait()
java.lang.Thread.State: WAITING (on object monitor)
        at sun.misc.Unsafe.park(Native Method)
        at java.util.concurrent.locks.LockSupport.park(LockSupport.java:175)
        at java.util.concurrent.locks.AbstractQueuedSynchronizer$ConditionObject.await(AbstractQueuedSynchronizer.java:2039)
        at java.util.concurrent.ScheduledThreadPoolExecutor$DelayedWorkQueue.take(ScheduledThreadPoolExecutor.java:1088)
        at java.util.concurrent.ScheduledThreadPoolExecutor$DelayedWorkQueue.take(ScheduledThreadPoolExecutor.java:809)
        at java.util.concurrent.ThreadPoolExecutor.getTask(ThreadPoolExecutor.java:1074)
        at java.util.concurrent.ThreadPoolExecutor.runWorker(ThreadPoolExecutor.java:1134)
        at java.util.concurrent.ThreadPoolExecutor$Worker.run(ThreadPoolExecutor.java:624)
        at java.lang.Thread.run(Thread.java:750)
"PartialTableCache Cleanup Thread - 0" daemon prio=5 tid=1778 in Object.wait()
java.lang.Thread.State: WAITING (on object monitor)
        at sun.misc.Unsafe.park(Native Method)
        at java.util.concurrent.locks.LockSupport.park(LockSupport.java:175)
        at java.util.concurrent.locks.AbstractQueuedSynchronizer$ConditionObject.await(AbstractQueuedSynchronizer.java:2039)
        at java.util.concurrent.LinkedBlockingQueue.take(LinkedBlockingQueue.java:442)
        at java.util.concurrent.ThreadPoolExecutor.getTask(ThreadPoolExecutor.java:1074)
        at java.util.concurrent.ThreadPoolExecutor.runWorker(ThreadPoolExecutor.java:1134)
        at java.util.concurrent.ThreadPoolExecutor$Worker.run(ThreadPoolExecutor.java:624)
        at java.lang.Thread.run(Thread.java:750)
"PartialTableCache Cleanup Thread - 0" daemon prio=5 tid=486 in Object.wait()
java.lang.Thread.State: WAITING (on object monitor)
        at sun.misc.Unsafe.park(Native Method)
        at java.util.concurrent.locks.LockSupport.park(LockSupport.java:175)
        at java.util.concurrent.locks.AbstractQueuedSynchronizer$ConditionObject.await(AbstractQueuedSynchronizer.java:2039)
        at java.util.concurrent.LinkedBlockingQueue.take(LinkedBlockingQueue.java:442)
        at java.util.concurrent.ThreadPoolExecutor.getTask(ThreadPoolExecutor.java:1074)
        at java.util.concurrent.ThreadPoolExecutor.runWorker(ThreadPoolExecutor.java:1134)
        at java.util.concurrent.ThreadPoolExecutor$Worker.run(ThreadPoolExecutor.java:624)
        at java.lang.Thread.run(Thread.java:750)
"qtp529864426-1535" daemon prio=5 tid=1535 timed_waiting
java.lang.Thread.State: TIMED_WAITING
        at sun.misc.Unsafe.park(Native Method)
        at java.util.concurrent.locks.LockSupport.parkNanos(LockSupport.java:215)
        at java.util.concurrent.locks.AbstractQueuedSynchronizer$ConditionObject.awaitNanos(AbstractQueuedSynchronizer.java:2078)
        at org.eclipse.jetty.util.BlockingArrayQueue.poll(BlockingArrayQueue.java:382)
        at org.eclipse.jetty.util.thread.QueuedThreadPool$Runner.idleJobPoll(QueuedThreadPool.java:974)
        at org.eclipse.jetty.util.thread.QueuedThreadPool$Runner.run(QueuedThreadPool.java:1018)
        at java.lang.Thread.run(Thread.java:750)
"qtp1348274608-1584" daemon prio=5 tid=1584 timed_waiting
java.lang.Thread.State: TIMED_WAITING
        at sun.misc.Unsafe.park(Native Method)
        at java.util.concurrent.locks.LockSupport.parkNanos(LockSupport.java:215)
        at java.util.concurrent.locks.AbstractQueuedSynchronizer$ConditionObject.awaitNanos(AbstractQueuedSynchronizer.java:2078)
        at org.eclipse.jetty.util.BlockingArrayQueue.poll(BlockingArrayQueue.java:382)
        at org.eclipse.jetty.util.thread.QueuedThreadPool$Runner.idleJobPoll(QueuedThreadPool.java:974)
        at org.eclipse.jetty.util.thread.QueuedThreadPool$Runner.run(QueuedThreadPool.java:1018)
        at java.lang.Thread.run(Thread.java:750)
"Datanode State Machine Daemon Thread" daemon prio=5 tid=1637 timed_waiting
java.lang.Thread.State: TIMED_WAITING
        at java.lang.Thread.sleep(Native Method)
        at org.apache.hadoop.ozone.container.common.statemachine.DatanodeStateMachine.startStateMachineThread(DatanodeStateMachine.java:313)
        at org.apache.hadoop.ozone.container.common.statemachine.DatanodeStateMachine.lambda$startDaemon$0(DatanodeStateMachine.java:493)
        at org.apache.hadoop.ozone.container.common.statemachine.DatanodeStateMachine$$Lambda$670/815817331.run(Unknown Source)
        at java.lang.Thread.run(Thread.java:750)
"b721671c-f2e0-4f32-a472-e04e394ae124@group-9C7B42EDD3A2-StateMachineUpdater" daemon prio=5 tid=1708 timed_waiting
java.lang.Thread.State: TIMED_WAITING
        at sun.misc.Unsafe.park(Native Method)
        at java.util.concurrent.locks.LockSupport.parkNanos(LockSupport.java:215)
        at java.util.concurrent.CompletableFuture$Signaller.block(CompletableFuture.java:1709)
        at java.util.concurrent.ForkJoinPool.managedBlock(ForkJoinPool.java:3323)
        at java.util.concurrent.CompletableFuture.timedGet(CompletableFuture.java:1788)
        at java.util.concurrent.CompletableFuture.get(CompletableFuture.java:1928)
        at org.apache.ratis.util.AwaitForSignal.await(AwaitForSignal.java:56)
        at org.apache.ratis.server.impl.StateMachineUpdater.waitForCommit(StateMachineUpdater.java:207)
        at org.apache.ratis.server.impl.StateMachineUpdater.run(StateMachineUpdater.java:176)
        at java.lang.Thread.run(Thread.java:750)
"ChunkReader-ELG-0" daemon prio=5 tid=1681 runnable
java.lang.Thread.State: RUNNABLE
        at org.apache.ratis.thirdparty.io.netty.channel.epoll.Native.epollWait(Native Method)
        at org.apache.ratis.thirdparty.io.netty.channel.epoll.Native.epollWait(Native.java:193)
        at org.apache.ratis.thirdparty.io.netty.channel.epoll.Native.epollWait(Native.java:186)
        at org.apache.ratis.thirdparty.io.netty.channel.epoll.EpollEventLoop.epollWaitNoTimerChange(EpollEventLoop.java:290)
        at org.apache.ratis.thirdparty.io.netty.channel.epoll.EpollEventLoop.run(EpollEventLoop.java:347)
        at org.apache.ratis.thirdparty.io.netty.util.concurrent.SingleThreadEventExecutor$4.run(SingleThreadEventExecutor.java:986)
        at org.apache.ratis.thirdparty.io.netty.util.internal.ThreadExecutorMap$2.run(ThreadExecutorMap.java:74)
        at java.lang.Thread.run(Thread.java:750)
"org.apache.hadoop.ozone.container.common.statemachine.commandhandler.DeleteBlocksCommandHandler$DeleteCmdWorker@586f56d2" daemon prio=5 tid=251 runnable
java.lang.Thread.State: RUNNABLE
        at java.lang.Thread.sleep(Native Method)
        at org.apache.hadoop.ozone.container.common.statemachine.commandhandler.DeleteBlocksCommandHandler$DeleteCmdWorker.run(DeleteBlocksCommandHandler.java:185)
        at java.lang.Thread.run(Thread.java:750)
"66188e3b-2de6-4632-9636-fbf530af5e5e@group-8D797CAEE693-SegmentedRaftLogWorker"  prio=5 tid=1703 timed_waiting
java.lang.Thread.State: TIMED_WAITING
        at sun.misc.Unsafe.park(Native Method)
        at java.util.concurrent.locks.LockSupport.parkNanos(LockSupport.java:215)
        at java.util.concurrent.locks.AbstractQueuedSynchronizer$ConditionObject.awaitNanos(AbstractQueuedSynchronizer.java:2078)
        at org.apache.ratis.util.DataBlockingQueue.poll(DataBlockingQueue.java:148)
        at org.apache.ratis.server.raftlog.segmented.SegmentedRaftLogWorker.run(SegmentedRaftLogWorker.java:301)
        at org.apache.ratis.server.raftlog.segmented.SegmentedRaftLogWorker$$Lambda$555/128040087.run(Unknown Source)
        at java.lang.Thread.run(Thread.java:750)
"ContainerOp-5743b342-640f-4931-9abd-9c7b42edd3a2-7"  prio=5 tid=1839 in Object.wait()
java.lang.Thread.State: WAITING (on object monitor)
        at sun.misc.Unsafe.park(Native Method)
        at java.util.concurrent.locks.LockSupport.park(LockSupport.java:175)
        at java.util.concurrent.locks.AbstractQueuedSynchronizer$ConditionObject.await(AbstractQueuedSynchronizer.java:2039)
        at java.util.concurrent.LinkedBlockingQueue.take(LinkedBlockingQueue.java:442)
        at java.util.concurrent.ThreadPoolExecutor.getTask(ThreadPoolExecutor.java:1074)
        at java.util.concurrent.ThreadPoolExecutor.runWorker(ThreadPoolExecutor.java:1134)
        at java.util.concurrent.ThreadPoolExecutor$Worker.run(ThreadPoolExecutor.java:624)
        at java.lang.Thread.run(Thread.java:750)
"pool-653-thread-1"  prio=5 tid=1618 timed_waiting
java.lang.Thread.State: TIMED_WAITING
        at sun.misc.Unsafe.park(Native Method)
        at java.util.concurrent.locks.LockSupport.parkNanos(LockSupport.java:215)
        at java.util.concurrent.locks.AbstractQueuedSynchronizer$ConditionObject.awaitNanos(AbstractQueuedSynchronizer.java:2078)
        at java.util.concurrent.ScheduledThreadPoolExecutor$DelayedWorkQueue.take(ScheduledThreadPoolExecutor.java:1093)
        at java.util.concurrent.ScheduledThreadPoolExecutor$DelayedWorkQueue.take(ScheduledThreadPoolExecutor.java:809)
        at java.util.concurrent.ThreadPoolExecutor.getTask(ThreadPoolExecutor.java:1074)
        at java.util.concurrent.ThreadPoolExecutor.runWorker(ThreadPoolExecutor.java:1134)
        at java.util.concurrent.ThreadPoolExecutor$Worker.run(ThreadPoolExecutor.java:624)
        at java.lang.Thread.run(Thread.java:750)
"ChunkWriter-2-0" daemon prio=5 tid=1678 in Object.wait()
java.lang.Thread.State: WAITING (on object monitor)
        at sun.misc.Unsafe.park(Native Method)
        at java.util.concurrent.locks.LockSupport.park(LockSupport.java:175)
        at java.util.concurrent.locks.AbstractQueuedSynchronizer$ConditionObject.await(AbstractQueuedSynchronizer.java:2039)
        at java.util.concurrent.LinkedBlockingDeque.takeFirst(LinkedBlockingDeque.java:492)
        at java.util.concurrent.LinkedBlockingDeque.take(LinkedBlockingDeque.java:680)
        at java.util.concurrent.ThreadPoolExecutor.getTask(ThreadPoolExecutor.java:1074)
        at java.util.concurrent.ThreadPoolExecutor.runWorker(ThreadPoolExecutor.java:1134)
        at java.util.concurrent.ThreadPoolExecutor$Worker.run(ThreadPoolExecutor.java:624)
        at java.lang.Thread.run(Thread.java:750)
"EndpointStateMachine task thread for /0.0.0.0:42479 - 0 "  prio=5 tid=298 in Object.wait()
java.lang.Thread.State: WAITING (on object monitor)
        at sun.misc.Unsafe.park(Native Method)
        at java.util.concurrent.locks.LockSupport.park(LockSupport.java:175)
        at java.util.concurrent.locks.AbstractQueuedSynchronizer$ConditionObject.await(AbstractQueuedSynchronizer.java:2039)
        at java.util.concurrent.LinkedBlockingQueue.take(LinkedBlockingQueue.java:442)
        at java.util.concurrent.ThreadPoolExecutor.getTask(ThreadPoolExecutor.java:1074)
        at java.util.concurrent.ThreadPoolExecutor.runWorker(ThreadPoolExecutor.java:1134)
        at java.util.concurrent.ThreadPoolExecutor$Worker.run(ThreadPoolExecutor.java:624)
        at java.lang.Thread.run(Thread.java:750)
"qtp667607772-1461" daemon prio=5 tid=1461 runnable
java.lang.Thread.State: RUNNABLE
        at sun.nio.ch.EPollArrayWrapper.epollWait(Native Method)
        at sun.nio.ch.EPollArrayWrapper.poll(EPollArrayWrapper.java:269)
        at sun.nio.ch.EPollSelectorImpl.doSelect(EPollSelectorImpl.java:93)
        at sun.nio.ch.SelectorImpl.lockAndDoSelect(SelectorImpl.java:86)
        at sun.nio.ch.SelectorImpl.select(SelectorImpl.java:97)
        at sun.nio.ch.SelectorImpl.select(SelectorImpl.java:101)
        at org.eclipse.jetty.io.ManagedSelector.nioSelect(ManagedSelector.java:183)
        at org.eclipse.jetty.io.ManagedSelector.select(ManagedSelector.java:190)
        at org.eclipse.jetty.io.ManagedSelector$SelectorProducer.select(ManagedSelector.java:606)
        at org.eclipse.jetty.io.ManagedSelector$SelectorProducer.produce(ManagedSelector.java:543)
        at org.eclipse.jetty.util.thread.strategy.EatWhatYouKill.produceTask(EatWhatYouKill.java:362)
        at org.eclipse.jetty.util.thread.strategy.EatWhatYouKill.doProduce(EatWhatYouKill.java:186)
        at org.eclipse.jetty.util.thread.strategy.EatWhatYouKill.tryProduce(EatWhatYouKill.java:173)
        at org.eclipse.jetty.util.thread.strategy.EatWhatYouKill.produce(EatWhatYouKill.java:137)
        at org.eclipse.jetty.io.ManagedSelector$$Lambda$388/1393284987.run(Unknown Source)
        at org.eclipse.jetty.util.thread.QueuedThreadPool.runJob(QueuedThreadPool.java:883)
        at org.eclipse.jetty.util.thread.QueuedThreadPool$Runner.run(QueuedThreadPool.java:1034)
        at java.lang.Thread.run(Thread.java:750)
"Datanode ReportManager Thread - 0" daemon prio=5 tid=865 timed_waiting
java.lang.Thread.State: TIMED_WAITING
        at sun.misc.Unsafe.park(Native Method)
        at java.util.concurrent.locks.LockSupport.parkNanos(LockSupport.java:215)
        at java.util.concurrent.locks.AbstractQueuedSynchronizer$ConditionObject.awaitNanos(AbstractQueuedSynchronizer.java:2078)
        at java.util.concurrent.ScheduledThreadPoolExecutor$DelayedWorkQueue.take(ScheduledThreadPoolExecutor.java:1093)
        at java.util.concurrent.ScheduledThreadPoolExecutor$DelayedWorkQueue.take(ScheduledThreadPoolExecutor.java:809)
        at java.util.concurrent.ThreadPoolExecutor.getTask(ThreadPoolExecutor.java:1074)
        at java.util.concurrent.ThreadPoolExecutor.runWorker(ThreadPoolExecutor.java:1134)
        at java.util.concurrent.ThreadPoolExecutor$Worker.run(ThreadPoolExecutor.java:624)
        at java.lang.Thread.run(Thread.java:750)
"Datanode ReportManager Thread - 3" daemon prio=5 tid=214 in Object.wait()
java.lang.Thread.State: WAITING (on object monitor)
        at sun.misc.Unsafe.park(Native Method)
        at java.util.concurrent.locks.LockSupport.park(LockSupport.java:175)
        at java.util.concurrent.locks.AbstractQueuedSynchronizer$ConditionObject.await(AbstractQueuedSynchronizer.java:2039)
        at java.util.concurrent.ScheduledThreadPoolExecutor$DelayedWorkQueue.take(ScheduledThreadPoolExecutor.java:1088)
        at java.util.concurrent.ScheduledThreadPoolExecutor$DelayedWorkQueue.take(ScheduledThreadPoolExecutor.java:809)
        at java.util.concurrent.ThreadPoolExecutor.getTask(ThreadPoolExecutor.java:1074)
        at java.util.concurrent.ThreadPoolExecutor.runWorker(ThreadPoolExecutor.java:1134)
        at java.util.concurrent.ThreadPoolExecutor$Worker.run(ThreadPoolExecutor.java:624)
        at java.lang.Thread.run(Thread.java:750)
"Datanode ReportManager Thread - 1" daemon prio=5 tid=918 in Object.wait()
java.lang.Thread.State: WAITING (on object monitor)
        at sun.misc.Unsafe.park(Native Method)
        at java.util.concurrent.locks.LockSupport.park(LockSupport.java:175)
        at java.util.concurrent.locks.AbstractQueuedSynchronizer$ConditionObject.await(AbstractQueuedSynchronizer.java:2039)
        at java.util.concurrent.ScheduledThreadPoolExecutor$DelayedWorkQueue.take(ScheduledThreadPoolExecutor.java:1088)
        at java.util.concurrent.ScheduledThreadPoolExecutor$DelayedWorkQueue.take(ScheduledThreadPoolExecutor.java:809)
        at java.util.concurrent.ThreadPoolExecutor.getTask(ThreadPoolExecutor.java:1074)
        at java.util.concurrent.ThreadPoolExecutor.runWorker(ThreadPoolExecutor.java:1134)
        at java.util.concurrent.ThreadPoolExecutor$Worker.run(ThreadPoolExecutor.java:624)
        at java.lang.Thread.run(Thread.java:750)
"ChunkWriter-0-0" daemon prio=5 tid=1628 in Object.wait()
java.lang.Thread.State: WAITING (on object monitor)
        at sun.misc.Unsafe.park(Native Method)
        at java.util.concurrent.locks.LockSupport.park(LockSupport.java:175)
        at java.util.concurrent.locks.AbstractQueuedSynchronizer$ConditionObject.await(AbstractQueuedSynchronizer.java:2039)
        at java.util.concurrent.LinkedBlockingDeque.takeFirst(LinkedBlockingDeque.java:492)
        at java.util.concurrent.LinkedBlockingDeque.take(LinkedBlockingDeque.java:680)
        at java.util.concurrent.ThreadPoolExecutor.getTask(ThreadPoolExecutor.java:1074)
        at java.util.concurrent.ThreadPoolExecutor.runWorker(ThreadPoolExecutor.java:1134)
        at java.util.concurrent.ThreadPoolExecutor$Worker.run(ThreadPoolExecutor.java:624)
        at java.lang.Thread.run(Thread.java:750)
"pool-606-thread-1" daemon prio=5 tid=1575 timed_waiting
java.lang.Thread.State: TIMED_WAITING
        at sun.misc.Unsafe.park(Native Method)
        at java.util.concurrent.locks.LockSupport.parkNanos(LockSupport.java:215)
        at java.util.concurrent.locks.AbstractQueuedSynchronizer$ConditionObject.awaitNanos(AbstractQueuedSynchronizer.java:2078)
        at java.util.concurrent.ScheduledThreadPoolExecutor$DelayedWorkQueue.take(ScheduledThreadPoolExecutor.java:1093)
        at java.util.concurrent.ScheduledThreadPoolExecutor$DelayedWorkQueue.take(ScheduledThreadPoolExecutor.java:809)
        at java.util.concurrent.ThreadPoolExecutor.getTask(ThreadPoolExecutor.java:1074)
        at java.util.concurrent.ThreadPoolExecutor.runWorker(ThreadPoolExecutor.java:1134)
        at java.util.concurrent.ThreadPoolExecutor$Worker.run(ThreadPoolExecutor.java:624)
        at java.lang.Thread.run(Thread.java:750)
"BlockDeletingService#1" daemon prio=5 tid=1683 in Object.wait()
java.lang.Thread.State: WAITING (on object monitor)
        at sun.misc.Unsafe.park(Native Method)
        at java.util.concurrent.locks.LockSupport.park(LockSupport.java:175)
        at java.util.concurrent.locks.AbstractQueuedSynchronizer$ConditionObject.await(AbstractQueuedSynchronizer.java:2039)
        at java.util.concurrent.ScheduledThreadPoolExecutor$DelayedWorkQueue.take(ScheduledThreadPoolExecutor.java:1088)
        at java.util.concurrent.ScheduledThreadPoolExecutor$DelayedWorkQueue.take(ScheduledThreadPoolExecutor.java:809)
        at java.util.concurrent.ThreadPoolExecutor.getTask(ThreadPoolExecutor.java:1074)
        at java.util.concurrent.ThreadPoolExecutor.runWorker(ThreadPoolExecutor.java:1134)
        at java.util.concurrent.ThreadPoolExecutor$Worker.run(ThreadPoolExecutor.java:624)
        at java.lang.Thread.run(Thread.java:750)
"Session-HouseKeeper-47bfda9e-1"  prio=5 tid=1627 timed_waiting
java.lang.Thread.State: TIMED_WAITING
        at sun.misc.Unsafe.park(Native Method)
        at java.util.concurrent.locks.LockSupport.parkNanos(LockSupport.java:215)
        at java.util.concurrent.locks.AbstractQueuedSynchronizer$ConditionObject.awaitNanos(AbstractQueuedSynchronizer.java:2078)
        at java.util.concurrent.ScheduledThreadPoolExecutor$DelayedWorkQueue.take(ScheduledThreadPoolExecutor.java:1093)
        at java.util.concurrent.ScheduledThreadPoolExecutor$DelayedWorkQueue.take(ScheduledThreadPoolExecutor.java:809)
        at java.util.concurrent.ThreadPoolExecutor.getTask(ThreadPoolExecutor.java:1074)
        at java.util.concurrent.ThreadPoolExecutor.runWorker(ThreadPoolExecutor.java:1134)
        at java.util.concurrent.ThreadPoolExecutor$Worker.run(ThreadPoolExecutor.java:624)
        at java.lang.Thread.run(Thread.java:750)
"Session-HouseKeeper-7032e80e-1"  prio=5 tid=1588 timed_waiting
java.lang.Thread.State: TIMED_WAITING
        at sun.misc.Unsafe.park(Native Method)
        at java.util.concurrent.locks.LockSupport.parkNanos(LockSupport.java:215)
        at java.util.concurrent.locks.AbstractQueuedSynchronizer$ConditionObject.awaitNanos(AbstractQueuedSynchronizer.java:2078)
        at java.util.concurrent.ScheduledThreadPoolExecutor$DelayedWorkQueue.take(ScheduledThreadPoolExecutor.java:1093)
        at java.util.concurrent.ScheduledThreadPoolExecutor$DelayedWorkQueue.take(ScheduledThreadPoolExecutor.java:809)
        at java.util.concurrent.ThreadPoolExecutor.getTask(ThreadPoolExecutor.java:1074)
        at java.util.concurrent.ThreadPoolExecutor.runWorker(ThreadPoolExecutor.java:1134)
        at java.util.concurrent.ThreadPoolExecutor$Worker.run(ThreadPoolExecutor.java:624)
        at java.lang.Thread.run(Thread.java:750)
"IPC Client (1208989446) connection to localhost/127.0.0.1:33165 from runner" daemon prio=5 tid=1774 timed_waiting
java.lang.Thread.State: TIMED_WAITING
        at java.lang.Object.wait(Native Method)
        at org.apache.hadoop.ipc.Client$Connection.waitForWork(Client.java:1053)
        at org.apache.hadoop.ipc.Client$Connection.run(Client.java:1097)
"EventQueue-NewNodeForNewNodeHandler" daemon prio=5 tid=1655 in Object.wait()
java.lang.Thread.State: WAITING (on object monitor)
        at sun.misc.Unsafe.park(Native Method)
        at java.util.concurrent.locks.LockSupport.park(LockSupport.java:175)
        at java.util.concurrent.locks.AbstractQueuedSynchronizer$ConditionObject.await(AbstractQueuedSynchronizer.java:2039)
        at java.util.concurrent.LinkedBlockingQueue.take(LinkedBlockingQueue.java:442)
        at java.util.concurrent.ThreadPoolExecutor.getTask(ThreadPoolExecutor.java:1074)
        at java.util.concurrent.ThreadPoolExecutor.runWorker(ThreadPoolExecutor.java:1134)
        at java.util.concurrent.ThreadPoolExecutor$Worker.run(ThreadPoolExecutor.java:624)
        at java.lang.Thread.run(Thread.java:750)
"Datanode State Machine Task Thread - 0"  prio=5 tid=1646 in Object.wait()
java.lang.Thread.State: WAITING (on object monitor)
        at sun.misc.Unsafe.park(Native Method)
        at java.util.concurrent.locks.LockSupport.park(LockSupport.java:175)
        at java.util.concurrent.locks.AbstractQueuedSynchronizer$ConditionObject.await(AbstractQueuedSynchronizer.java:2039)
        at java.util.concurrent.LinkedBlockingQueue.take(LinkedBlockingQueue.java:442)
        at java.util.concurrent.ThreadPoolExecutor.getTask(ThreadPoolExecutor.java:1074)
        at java.util.concurrent.ThreadPoolExecutor.runWorker(ThreadPoolExecutor.java:1134)
        at java.util.concurrent.ThreadPoolExecutor$Worker.run(ThreadPoolExecutor.java:624)
        at java.lang.Thread.run(Thread.java:750)
"ChunkWriter-1-0" daemon prio=5 tid=1677 in Object.wait()
java.lang.Thread.State: WAITING (on object monitor)
        at sun.misc.Unsafe.park(Native Method)
        at java.util.concurrent.locks.LockSupport.park(LockSupport.java:175)
        at java.util.concurrent.locks.AbstractQueuedSynchronizer$ConditionObject.await(AbstractQueuedSynchronizer.java:2039)
        at java.util.concurrent.LinkedBlockingDeque.takeFirst(LinkedBlockingDeque.java:492)
        at java.util.concurrent.LinkedBlockingDeque.take(LinkedBlockingDeque.java:680)
        at java.util.concurrent.ThreadPoolExecutor.getTask(ThreadPoolExecutor.java:1074)
        at java.util.concurrent.ThreadPoolExecutor.runWorker(ThreadPoolExecutor.java:1134)
        at java.util.concurrent.ThreadPoolExecutor$Worker.run(ThreadPoolExecutor.java:624)
        at java.lang.Thread.run(Thread.java:750)
"qtp192389035-1430" daemon prio=5 tid=1430 runnable
java.lang.Thread.State: RUNNABLE
        at sun.nio.ch.EPollArrayWrapper.epollWait(Native Method)
        at sun.nio.ch.EPollArrayWrapper.poll(EPollArrayWrapper.java:269)
        at sun.nio.ch.EPollSelectorImpl.doSelect(EPollSelectorImpl.java:93)
        at sun.nio.ch.SelectorImpl.lockAndDoSelect(SelectorImpl.java:86)
        at sun.nio.ch.SelectorImpl.select(SelectorImpl.java:97)
        at sun.nio.ch.SelectorImpl.select(SelectorImpl.java:101)
        at org.eclipse.jetty.io.ManagedSelector.nioSelect(ManagedSelector.java:183)
        at org.eclipse.jetty.io.ManagedSelector.select(ManagedSelector.java:190)
        at org.eclipse.jetty.io.ManagedSelector$SelectorProducer.select(ManagedSelector.java:606)
        at org.eclipse.jetty.io.ManagedSelector$SelectorProducer.produce(ManagedSelector.java:543)
        at org.eclipse.jetty.util.thread.strategy.EatWhatYouKill.produceTask(EatWhatYouKill.java:362)
        at org.eclipse.jetty.util.thread.strategy.EatWhatYouKill.doProduce(EatWhatYouKill.java:186)
        at org.eclipse.jetty.util.thread.strategy.EatWhatYouKill.tryProduce(EatWhatYouKill.java:173)
        at org.eclipse.jetty.util.thread.strategy.EatWhatYouKill.produce(EatWhatYouKill.java:137)
        at org.eclipse.jetty.io.ManagedSelector$$Lambda$388/1393284987.run(Unknown Source)
        at org.eclipse.jetty.util.thread.QueuedThreadPool.runJob(QueuedThreadPool.java:883)
        at org.eclipse.jetty.util.thread.QueuedThreadPool$Runner.run(QueuedThreadPool.java:1034)
        at java.lang.Thread.run(Thread.java:750)
"ContainerOp-5743b342-640f-4931-9abd-9c7b42edd3a2-8"  prio=5 tid=1855 in Object.wait()
java.lang.Thread.State: WAITING (on object monitor)
        at sun.misc.Unsafe.park(Native Method)
        at java.util.concurrent.locks.LockSupport.park(LockSupport.java:175)
        at java.util.concurrent.locks.AbstractQueuedSynchronizer$ConditionObject.await(AbstractQueuedSynchronizer.java:2039)
        at java.util.concurrent.LinkedBlockingQueue.take(LinkedBlockingQueue.java:442)
        at java.util.concurrent.ThreadPoolExecutor.getTask(ThreadPoolExecutor.java:1074)
        at java.util.concurrent.ThreadPoolExecutor.runWorker(ThreadPoolExecutor.java:1134)
        at java.util.concurrent.ThreadPoolExecutor$Worker.run(ThreadPoolExecutor.java:624)
        at java.lang.Thread.run(Thread.java:750)
"FullTableCache Cleanup Thread - 0" daemon prio=5 tid=1772 in Object.wait()
java.lang.Thread.State: WAITING (on object monitor)
        at sun.misc.Unsafe.park(Native Method)
        at java.util.concurrent.locks.LockSupport.park(LockSupport.java:175)
        at java.util.concurrent.locks.AbstractQueuedSynchronizer$ConditionObject.await(AbstractQueuedSynchronizer.java:2039)
        at java.util.concurrent.LinkedBlockingQueue.take(LinkedBlockingQueue.java:442)
        at java.util.concurrent.ThreadPoolExecutor.getTask(ThreadPoolExecutor.java:1074)
        at java.util.concurrent.ThreadPoolExecutor.runWorker(ThreadPoolExecutor.java:1134)
        at java.util.concurrent.ThreadPoolExecutor$Worker.run(ThreadPoolExecutor.java:624)
        at java.lang.Thread.run(Thread.java:750)
"87fb9657-1567-464e-bbce-51798844cbf7@group-B48B88EBAB1D-SegmentedRaftLogWorker"  prio=5 tid=1726 timed_waiting
java.lang.Thread.State: TIMED_WAITING
        at sun.misc.Unsafe.park(Native Method)
        at java.util.concurrent.locks.LockSupport.parkNanos(LockSupport.java:215)
        at java.util.concurrent.locks.AbstractQueuedSynchronizer$ConditionObject.awaitNanos(AbstractQueuedSynchronizer.java:2078)
        at org.apache.ratis.util.DataBlockingQueue.poll(DataBlockingQueue.java:148)
        at org.apache.ratis.server.raftlog.segmented.SegmentedRaftLogWorker.run(SegmentedRaftLogWorker.java:301)
        at org.apache.ratis.server.raftlog.segmented.SegmentedRaftLogWorker$$Lambda$555/128040087.run(Unknown Source)
        at java.lang.Thread.run(Thread.java:750)
"EndpointStateMachine task thread for /0.0.0.0:44953 - 0 "  prio=5 tid=1029 in Object.wait()
java.lang.Thread.State: WAITING (on object monitor)
        at sun.misc.Unsafe.park(Native Method)
        at java.util.concurrent.locks.LockSupport.park(LockSupport.java:175)
        at java.util.concurrent.locks.AbstractQueuedSynchronizer$ConditionObject.await(AbstractQueuedSynchronizer.java:2039)
        at java.util.concurrent.LinkedBlockingQueue.take(LinkedBlockingQueue.java:442)
        at java.util.concurrent.ThreadPoolExecutor.getTask(ThreadPoolExecutor.java:1074)
        at java.util.concurrent.ThreadPoolExecutor.runWorker(ThreadPoolExecutor.java:1134)
        at java.util.concurrent.ThreadPoolExecutor$Worker.run(ThreadPoolExecutor.java:624)
        at java.lang.Thread.run(Thread.java:750)
"om1@group-C5BA1605619E-StateMachineUpdater" daemon prio=5 tid=1448 timed_waiting
java.lang.Thread.State: TIMED_WAITING
        at sun.misc.Unsafe.park(Native Method)
        at java.util.concurrent.locks.LockSupport.parkNanos(LockSupport.java:215)
        at java.util.concurrent.CompletableFuture$Signaller.block(CompletableFuture.java:1709)
        at java.util.concurrent.ForkJoinPool.managedBlock(ForkJoinPool.java:3323)
        at java.util.concurrent.CompletableFuture.timedGet(CompletableFuture.java:1788)
        at java.util.concurrent.CompletableFuture.get(CompletableFuture.java:1928)
        at org.apache.ratis.util.AwaitForSignal.await(AwaitForSignal.java:56)
        at org.apache.ratis.server.impl.StateMachineUpdater.waitForCommit(StateMachineUpdater.java:207)
        at org.apache.ratis.server.impl.StateMachineUpdater.run(StateMachineUpdater.java:176)
        at java.lang.Thread.run(Thread.java:750)
"SCMBlockDeletingService#0" daemon prio=5 tid=1426 timed_waiting
java.lang.Thread.State: TIMED_WAITING
        at sun.misc.Unsafe.park(Native Method)
        at java.util.concurrent.locks.LockSupport.parkNanos(LockSupport.java:215)
        at java.util.concurrent.locks.AbstractQueuedSynchronizer$ConditionObject.awaitNanos(AbstractQueuedSynchronizer.java:2078)
        at java.util.concurrent.ScheduledThreadPoolExecutor$DelayedWorkQueue.take(ScheduledThreadPoolExecutor.java:1093)
        at java.util.concurrent.ScheduledThreadPoolExecutor$DelayedWorkQueue.take(ScheduledThreadPoolExecutor.java:809)
        at java.util.concurrent.ThreadPoolExecutor.getTask(ThreadPoolExecutor.java:1074)
        at java.util.concurrent.ThreadPoolExecutor.runWorker(ThreadPoolExecutor.java:1134)
        at java.util.concurrent.ThreadPoolExecutor$Worker.run(ThreadPoolExecutor.java:624)
        at java.lang.Thread.run(Thread.java:750)
"Datanode ReportManager Thread - 4" daemon prio=5 tid=1568 timed_waiting
java.lang.Thread.State: TIMED_WAITING
        at sun.misc.Unsafe.park(Native Method)
        at java.util.concurrent.locks.LockSupport.parkNanos(LockSupport.java:215)
        at java.util.concurrent.locks.AbstractQueuedSynchronizer$ConditionObject.awaitNanos(AbstractQueuedSynchronizer.java:2078)
        at java.util.concurrent.ScheduledThreadPoolExecutor$DelayedWorkQueue.take(ScheduledThreadPoolExecutor.java:1093)
        at java.util.concurrent.ScheduledThreadPoolExecutor$DelayedWorkQueue.take(ScheduledThreadPoolExecutor.java:809)
        at java.util.concurrent.ThreadPoolExecutor.getTask(ThreadPoolExecutor.java:1074)
        at java.util.concurrent.ThreadPoolExecutor.runWorker(ThreadPoolExecutor.java:1134)
        at java.util.concurrent.ThreadPoolExecutor$Worker.run(ThreadPoolExecutor.java:624)
        at java.lang.Thread.run(Thread.java:750)
"EndpointStateMachine task thread for /0.0.0.0:44953 - 0 "  prio=5 tid=943 in Object.wait()
java.lang.Thread.State: WAITING (on object monitor)
        at sun.misc.Unsafe.park(Native Method)
        at java.util.concurrent.locks.LockSupport.park(LockSupport.java:175)
        at java.util.concurrent.locks.AbstractQueuedSynchronizer$ConditionObject.await(AbstractQueuedSynchronizer.java:2039)
        at java.util.concurrent.LinkedBlockingQueue.take(LinkedBlockingQueue.java:442)
        at java.util.concurrent.ThreadPoolExecutor.getTask(ThreadPoolExecutor.java:1074)
        at java.util.concurrent.ThreadPoolExecutor.runWorker(ThreadPoolExecutor.java:1134)
        at java.util.concurrent.ThreadPoolExecutor$Worker.run(ThreadPoolExecutor.java:624)
        at java.lang.Thread.run(Thread.java:750)
"IPC Server handler 2 on default port 33165" daemon prio=5 tid=1472 timed_waiting
java.lang.Thread.State: TIMED_WAITING
        at sun.misc.Unsafe.park(Native Method)
        at java.util.concurrent.locks.LockSupport.parkNanos(LockSupport.java:215)
        at java.util.concurrent.locks.AbstractQueuedSynchronizer$ConditionObject.awaitNanos(AbstractQueuedSynchronizer.java:2078)
        at java.util.concurrent.LinkedBlockingQueue.poll(LinkedBlockingQueue.java:467)
        at org.apache.hadoop.ipc.CallQueueManager.take(CallQueueManager.java:317)
        at org.apache.hadoop.ipc.Server$Handler.run(Server.java:2932)
"Socket Reader #1 for port 0"  prio=5 tid=1352 runnable
java.lang.Thread.State: RUNNABLE
        at sun.nio.ch.EPollArrayWrapper.epollWait(Native Method)
        at sun.nio.ch.EPollArrayWrapper.poll(EPollArrayWrapper.java:269)
        at sun.nio.ch.EPollSelectorImpl.doSelect(EPollSelectorImpl.java:93)
        at sun.nio.ch.SelectorImpl.lockAndDoSelect(SelectorImpl.java:86)
        at sun.nio.ch.SelectorImpl.select(SelectorImpl.java:97)
        at sun.nio.ch.SelectorImpl.select(SelectorImpl.java:101)
        at org.apache.hadoop.ipc.Server$Listener$Reader.doRunLoop(Server.java:1288)
        at org.apache.hadoop.ipc.Server$Listener$Reader.run(Server.java:1267)
"Datanode ReportManager Thread - 4" daemon prio=5 tid=293 in Object.wait()
java.lang.Thread.State: WAITING (on object monitor)
        at sun.misc.Unsafe.park(Native Method)
        at java.util.concurrent.locks.LockSupport.park(LockSupport.java:175)
        at java.util.concurrent.locks.AbstractQueuedSynchronizer$ConditionObject.await(AbstractQueuedSynchronizer.java:2039)
        at java.util.concurrent.ScheduledThreadPoolExecutor$DelayedWorkQueue.take(ScheduledThreadPoolExecutor.java:1088)
        at java.util.concurrent.ScheduledThreadPoolExecutor$DelayedWorkQueue.take(ScheduledThreadPoolExecutor.java:809)
        at java.util.concurrent.ThreadPoolExecutor.getTask(ThreadPoolExecutor.java:1074)
        at java.util.concurrent.ThreadPoolExecutor.runWorker(ThreadPoolExecutor.java:1134)
        at java.util.concurrent.ThreadPoolExecutor$Worker.run(ThreadPoolExecutor.java:624)
        at java.lang.Thread.run(Thread.java:750)
"66188e3b-2de6-4632-9636-fbf530af5e5e@group-8D797CAEE693-FollowerState" daemon prio=5 tid=1907 timed_waiting
java.lang.Thread.State: TIMED_WAITING
        at java.lang.Thread.sleep(Native Method)
        at java.lang.Thread.sleep(Thread.java:342)
        at java.util.concurrent.TimeUnit.sleep(TimeUnit.java:386)
        at org.apache.ratis.util.TimeDuration.sleep(TimeDuration.java:325)
        at org.apache.ratis.util.TimeDuration.sleep(TimeDuration.java:310)
        at org.apache.ratis.server.impl.FollowerState.run(FollowerState.java:128)
"org.apache.hadoop.util.JvmPauseMonitor$Monitor@40486321" daemon prio=5 tid=1491 timed_waiting
java.lang.Thread.State: TIMED_WAITING
        at java.lang.Thread.sleep(Native Method)
        at org.apache.hadoop.util.JvmPauseMonitor$Monitor.run(JvmPauseMonitor.java:192)
        at java.lang.Thread.run(Thread.java:750)
"ChunkWriter-0-0" daemon prio=5 tid=1592 in Object.wait()
java.lang.Thread.State: WAITING (on object monitor)
        at sun.misc.Unsafe.park(Native Method)
        at java.util.concurrent.locks.LockSupport.park(LockSupport.java:175)
        at java.util.concurrent.locks.AbstractQueuedSynchronizer$ConditionObject.await(AbstractQueuedSynchronizer.java:2039)
        at java.util.concurrent.LinkedBlockingDeque.takeFirst(LinkedBlockingDeque.java:492)
        at java.util.concurrent.LinkedBlockingDeque.take(LinkedBlockingDeque.java:680)
        at java.util.concurrent.ThreadPoolExecutor.getTask(ThreadPoolExecutor.java:1074)
        at java.util.concurrent.ThreadPoolExecutor.runWorker(ThreadPoolExecutor.java:1134)
        at java.util.concurrent.ThreadPoolExecutor$Worker.run(ThreadPoolExecutor.java:624)
        at java.lang.Thread.run(Thread.java:750)
"IPC Server handler 15 on default port 41993" daemon prio=5 tid=1421 timed_waiting
java.lang.Thread.State: TIMED_WAITING
        at sun.misc.Unsafe.park(Native Method)
        at java.util.concurrent.locks.LockSupport.parkNanos(LockSupport.java:215)
        at java.util.concurrent.locks.AbstractQueuedSynchronizer$ConditionObject.awaitNanos(AbstractQueuedSynchronizer.java:2078)
        at java.util.concurrent.LinkedBlockingQueue.poll(LinkedBlockingQueue.java:467)
        at org.apache.hadoop.ipc.CallQueueManager.take(CallQueueManager.java:317)
        at org.apache.hadoop.ipc.Server$Handler.run(Server.java:2932)
"org.apache.hadoop.ozone.container.common.statemachine.commandhandler.DeleteBlocksCommandHandler$DeleteCmdWorker@1ce55fdf" daemon prio=5 tid=199 runnable
java.lang.Thread.State: RUNNABLE
        at java.lang.Thread.sleep(Native Method)
        at org.apache.hadoop.ozone.container.common.statemachine.commandhandler.DeleteBlocksCommandHandler$DeleteCmdWorker.run(DeleteBlocksCommandHandler.java:185)
        at java.lang.Thread.run(Thread.java:750)
"Datanode ReportManager Thread - 0" daemon prio=5 tid=891 timed_waiting
java.lang.Thread.State: TIMED_WAITING
        at sun.misc.Unsafe.park(Native Method)
        at java.util.concurrent.locks.LockSupport.parkNanos(LockSupport.java:215)
        at java.util.concurrent.locks.AbstractQueuedSynchronizer$ConditionObject.awaitNanos(AbstractQueuedSynchronizer.java:2078)
        at java.util.concurrent.ScheduledThreadPoolExecutor$DelayedWorkQueue.take(ScheduledThreadPoolExecutor.java:1093)
        at java.util.concurrent.ScheduledThreadPoolExecutor$DelayedWorkQueue.take(ScheduledThreadPoolExecutor.java:809)
        at java.util.concurrent.ThreadPoolExecutor.getTask(ThreadPoolExecutor.java:1074)
        at java.util.concurrent.ThreadPoolExecutor.runWorker(ThreadPoolExecutor.java:1134)
        at java.util.concurrent.ThreadPoolExecutor$Worker.run(ThreadPoolExecutor.java:624)
        at java.lang.Thread.run(Thread.java:750)
"b721671c-f2e0-4f32-a472-e04e394ae124-server-thread1" daemon prio=5 tid=1908 timed_waiting
java.lang.Thread.State: TIMED_WAITING
        at sun.misc.Unsafe.park(Native Method)
        at java.util.concurrent.locks.LockSupport.parkNanos(LockSupport.java:215)
        at java.util.concurrent.SynchronousQueue$TransferStack.awaitFulfill(SynchronousQueue.java:460)
        at java.util.concurrent.SynchronousQueue$TransferStack.transfer(SynchronousQueue.java:362)
        at java.util.concurrent.SynchronousQueue.poll(SynchronousQueue.java:941)
        at java.util.concurrent.ThreadPoolExecutor.getTask(ThreadPoolExecutor.java:1073)
        at java.util.concurrent.ThreadPoolExecutor.runWorker(ThreadPoolExecutor.java:1134)
        at java.util.concurrent.ThreadPoolExecutor$Worker.run(ThreadPoolExecutor.java:624)
        at java.lang.Thread.run(Thread.java:750)
"IPC Server handler 13 on default port 41993" daemon prio=5 tid=1419 timed_waiting
java.lang.Thread.State: TIMED_WAITING
        at sun.misc.Unsafe.park(Native Method)
        at java.util.concurrent.locks.LockSupport.parkNanos(LockSupport.java:215)
        at java.util.concurrent.locks.AbstractQueuedSynchronizer$ConditionObject.awaitNanos(AbstractQueuedSynchronizer.java:2078)
        at java.util.concurrent.LinkedBlockingQueue.poll(LinkedBlockingQueue.java:467)
        at org.apache.hadoop.ipc.CallQueueManager.take(CallQueueManager.java:317)
        at org.apache.hadoop.ipc.Server$Handler.run(Server.java:2932)
"ContainerOp-5743b342-640f-4931-9abd-9c7b42edd3a2-1"  prio=5 tid=1797 in Object.wait()
java.lang.Thread.State: WAITING (on object monitor)
        at sun.misc.Unsafe.park(Native Method)
        at java.util.concurrent.locks.LockSupport.park(LockSupport.java:175)
        at java.util.concurrent.locks.AbstractQueuedSynchronizer$ConditionObject.await(AbstractQueuedSynchronizer.java:2039)
        at java.util.concurrent.LinkedBlockingQueue.take(LinkedBlockingQueue.java:442)
        at java.util.concurrent.ThreadPoolExecutor.getTask(ThreadPoolExecutor.java:1074)
        at java.util.concurrent.ThreadPoolExecutor.runWorker(ThreadPoolExecutor.java:1134)
        at java.util.concurrent.ThreadPoolExecutor$Worker.run(ThreadPoolExecutor.java:624)
        at java.lang.Thread.run(Thread.java:750)
"b721671c-f2e0-4f32-a472-e04e394ae124@group-7B346AE8608F-StateMachineUpdater" daemon prio=5 tid=1689 timed_waiting
java.lang.Thread.State: TIMED_WAITING
        at sun.misc.Unsafe.park(Native Method)
        at java.util.concurrent.locks.LockSupport.parkNanos(LockSupport.java:215)
        at java.util.concurrent.CompletableFuture$Signaller.block(CompletableFuture.java:1709)
        at java.util.concurrent.ForkJoinPool.managedBlock(ForkJoinPool.java:3323)
        at java.util.concurrent.CompletableFuture.timedGet(CompletableFuture.java:1788)
        at java.util.concurrent.CompletableFuture.get(CompletableFuture.java:1928)
        at org.apache.ratis.util.AwaitForSignal.await(AwaitForSignal.java:56)
        at org.apache.ratis.server.impl.StateMachineUpdater.waitForCommit(StateMachineUpdater.java:207)
        at org.apache.ratis.server.impl.StateMachineUpdater.run(StateMachineUpdater.java:176)
        at java.lang.Thread.run(Thread.java:750)
"Datanode State Machine Daemon Thread" daemon prio=5 tid=1537 timed_waiting
java.lang.Thread.State: TIMED_WAITING
        at java.lang.Thread.sleep(Native Method)
        at org.apache.hadoop.ozone.container.common.statemachine.DatanodeStateMachine.startStateMachineThread(DatanodeStateMachine.java:313)
        at org.apache.hadoop.ozone.container.common.statemachine.DatanodeStateMachine.lambda$startDaemon$0(DatanodeStateMachine.java:493)
        at org.apache.hadoop.ozone.container.common.statemachine.DatanodeStateMachine$$Lambda$670/815817331.run(Unknown Source)
        at java.lang.Thread.run(Thread.java:750)
"pool-532-thread-5"  prio=5 tid=1899 in Object.wait()
java.lang.Thread.State: WAITING (on object monitor)
        at sun.misc.Unsafe.park(Native Method)
        at java.util.concurrent.locks.LockSupport.park(LockSupport.java:175)
        at java.util.concurrent.locks.AbstractQueuedSynchronizer$ConditionObject.await(AbstractQueuedSynchronizer.java:2039)
        at java.util.concurrent.ArrayBlockingQueue.take(ArrayBlockingQueue.java:403)
        at java.util.concurrent.ThreadPoolExecutor.getTask(ThreadPoolExecutor.java:1074)
        at java.util.concurrent.ThreadPoolExecutor.runWorker(ThreadPoolExecutor.java:1134)
        at java.util.concurrent.ThreadPoolExecutor$Worker.run(ThreadPoolExecutor.java:624)
        at java.lang.Thread.run(Thread.java:750)
"org.apache.ratis.util.JvmPauseMonitor$$Lambda$627/395666382@610ab4e7" daemon prio=5 tid=1680 timed_waiting
java.lang.Thread.State: TIMED_WAITING
        at java.lang.Thread.sleep(Native Method)
        at java.lang.Thread.sleep(Thread.java:342)
        at java.util.concurrent.TimeUnit.sleep(TimeUnit.java:386)
        at org.apache.ratis.util.TimeDuration.sleep(TimeDuration.java:325)
        at org.apache.ratis.util.TimeDuration.sleep(TimeDuration.java:310)
        at org.apache.ratis.util.JvmPauseMonitor.detectPause(JvmPauseMonitor.java:117)
        at org.apache.ratis.util.JvmPauseMonitor.run(JvmPauseMonitor.java:106)
        at org.apache.ratis.util.JvmPauseMonitor$$Lambda$627/395666382.run(Unknown Source)
        at java.lang.Thread.run(Thread.java:750)
"IPC Server handler 1 on default port 41993" daemon prio=5 tid=1407 timed_waiting
java.lang.Thread.State: TIMED_WAITING
        at sun.misc.Unsafe.park(Native Method)
        at java.util.concurrent.locks.LockSupport.parkNanos(LockSupport.java:215)
        at java.util.concurrent.locks.AbstractQueuedSynchronizer$ConditionObject.awaitNanos(AbstractQueuedSynchronizer.java:2078)
        at java.util.concurrent.LinkedBlockingQueue.poll(LinkedBlockingQueue.java:467)
        at org.apache.hadoop.ipc.CallQueueManager.take(CallQueueManager.java:317)
        at org.apache.hadoop.ipc.Server$Handler.run(Server.java:2932)
"KeyDeletingService#0" daemon prio=5 tid=1457 timed_waiting
java.lang.Thread.State: TIMED_WAITING
        at sun.misc.Unsafe.park(Native Method)
        at java.util.concurrent.locks.LockSupport.parkNanos(LockSupport.java:215)
        at java.util.concurrent.locks.AbstractQueuedSynchronizer$ConditionObject.awaitNanos(AbstractQueuedSynchronizer.java:2078)
        at java.util.concurrent.ScheduledThreadPoolExecutor$DelayedWorkQueue.take(ScheduledThreadPoolExecutor.java:1093)
        at java.util.concurrent.ScheduledThreadPoolExecutor$DelayedWorkQueue.take(ScheduledThreadPoolExecutor.java:809)
        at java.util.concurrent.ThreadPoolExecutor.getTask(ThreadPoolExecutor.java:1074)
        at java.util.concurrent.ThreadPoolExecutor.runWorker(ThreadPoolExecutor.java:1134)
        at java.util.concurrent.ThreadPoolExecutor$Worker.run(ThreadPoolExecutor.java:624)
        at java.lang.Thread.run(Thread.java:750)
"EndpointStateMachine task thread for /0.0.0.0:41993 - 0 "  prio=5 tid=1663 in Object.wait()
java.lang.Thread.State: WAITING (on object monitor)
        at sun.misc.Unsafe.park(Native Method)
        at java.util.concurrent.locks.LockSupport.park(LockSupport.java:175)
        at java.util.concurrent.locks.AbstractQueuedSynchronizer$ConditionObject.await(AbstractQueuedSynchronizer.java:2039)
        at java.util.concurrent.LinkedBlockingQueue.take(LinkedBlockingQueue.java:442)
        at java.util.concurrent.ThreadPoolExecutor.getTask(ThreadPoolExecutor.java:1074)
        at java.util.concurrent.ThreadPoolExecutor.runWorker(ThreadPoolExecutor.java:1134)
        at java.util.concurrent.ThreadPoolExecutor$Worker.run(ThreadPoolExecutor.java:624)
        at java.lang.Thread.run(Thread.java:750)
"ContainerOp-5743b342-640f-4931-9abd-9c7b42edd3a2-9"  prio=5 tid=1862 in Object.wait()
java.lang.Thread.State: WAITING (on object monitor)
        at sun.misc.Unsafe.park(Native Method)
        at java.util.concurrent.locks.LockSupport.park(LockSupport.java:175)
        at java.util.concurrent.locks.AbstractQueuedSynchronizer$ConditionObject.await(AbstractQueuedSynchronizer.java:2039)
        at java.util.concurrent.LinkedBlockingQueue.take(LinkedBlockingQueue.java:442)
        at java.util.concurrent.ThreadPoolExecutor.getTask(ThreadPoolExecutor.java:1074)
        at java.util.concurrent.ThreadPoolExecutor.runWorker(ThreadPoolExecutor.java:1134)
        at java.util.concurrent.ThreadPoolExecutor$Worker.run(ThreadPoolExecutor.java:624)
        at java.lang.Thread.run(Thread.java:750)
"b721671c-f2e0-4f32-a472-e04e394ae124@group-8D797CAEE693-StateMachineUpdater" daemon prio=5 tid=1692 timed_waiting
java.lang.Thread.State: TIMED_WAITING
        at sun.misc.Unsafe.park(Native Method)
        at java.util.concurrent.locks.LockSupport.parkNanos(LockSupport.java:215)
        at java.util.concurrent.CompletableFuture$Signaller.block(CompletableFuture.java:1709)
        at java.util.concurrent.ForkJoinPool.managedBlock(ForkJoinPool.java:3323)
        at java.util.concurrent.CompletableFuture.timedGet(CompletableFuture.java:1788)
        at java.util.concurrent.CompletableFuture.get(CompletableFuture.java:1928)
        at org.apache.ratis.util.AwaitForSignal.await(AwaitForSignal.java:56)
        at org.apache.ratis.server.impl.StateMachineUpdater.waitForCommit(StateMachineUpdater.java:207)
        at org.apache.ratis.server.impl.StateMachineUpdater.run(StateMachineUpdater.java:176)
        at java.lang.Thread.run(Thread.java:750)
"IPC Server handler 10 on default port 33165" daemon prio=5 tid=1480 timed_waiting
java.lang.Thread.State: TIMED_WAITING
        at sun.misc.Unsafe.park(Native Method)
        at java.util.concurrent.locks.LockSupport.parkNanos(LockSupport.java:215)
        at java.util.concurrent.locks.AbstractQueuedSynchronizer$ConditionObject.awaitNanos(AbstractQueuedSynchronizer.java:2078)
        at java.util.concurrent.LinkedBlockingQueue.poll(LinkedBlockingQueue.java:467)
        at org.apache.hadoop.ipc.CallQueueManager.take(CallQueueManager.java:317)
        at org.apache.hadoop.ipc.Server$Handler.run(Server.java:2932)
"IPC Server handler 7 on default port 33165" daemon prio=5 tid=1477 timed_waiting
java.lang.Thread.State: TIMED_WAITING
        at sun.misc.Unsafe.park(Native Method)
        at java.util.concurrent.locks.LockSupport.parkNanos(LockSupport.java:215)
        at java.util.concurrent.locks.AbstractQueuedSynchronizer$ConditionObject.awaitNanos(AbstractQueuedSynchronizer.java:2078)
        at java.util.concurrent.LinkedBlockingQueue.poll(LinkedBlockingQueue.java:467)
        at org.apache.hadoop.ipc.CallQueueManager.take(CallQueueManager.java:317)
        at org.apache.hadoop.ipc.Server$Handler.run(Server.java:2932)
"pool-537-thread-1" daemon prio=5 tid=1495 timed_waiting
java.lang.Thread.State: TIMED_WAITING
        at sun.misc.Unsafe.park(Native Method)
        at java.util.concurrent.locks.LockSupport.parkNanos(LockSupport.java:215)
        at java.util.concurrent.locks.AbstractQueuedSynchronizer$ConditionObject.awaitNanos(AbstractQueuedSynchronizer.java:2078)
        at java.util.concurrent.ScheduledThreadPoolExecutor$DelayedWorkQueue.take(ScheduledThreadPoolExecutor.java:1093)
        at java.util.concurrent.ScheduledThreadPoolExecutor$DelayedWorkQueue.take(ScheduledThreadPoolExecutor.java:809)
        at java.util.concurrent.ThreadPoolExecutor.getTask(ThreadPoolExecutor.java:1074)
        at java.util.concurrent.ThreadPoolExecutor.runWorker(ThreadPoolExecutor.java:1134)
        at java.util.concurrent.ThreadPoolExecutor$Worker.run(ThreadPoolExecutor.java:624)
        at java.lang.Thread.run(Thread.java:750)
"Datanode ReportManager Thread - 4" daemon prio=5 tid=921 in Object.wait()
java.lang.Thread.State: WAITING (on object monitor)
        at sun.misc.Unsafe.park(Native Method)
        at java.util.concurrent.locks.LockSupport.park(LockSupport.java:175)
        at java.util.concurrent.locks.AbstractQueuedSynchronizer$ConditionObject.await(AbstractQueuedSynchronizer.java:2039)
        at java.util.concurrent.ScheduledThreadPoolExecutor$DelayedWorkQueue.take(ScheduledThreadPoolExecutor.java:1088)
        at java.util.concurrent.ScheduledThreadPoolExecutor$DelayedWorkQueue.take(ScheduledThreadPoolExecutor.java:809)
        at java.util.concurrent.ThreadPoolExecutor.getTask(ThreadPoolExecutor.java:1074)
        at java.util.concurrent.ThreadPoolExecutor.runWorker(ThreadPoolExecutor.java:1134)
        at java.util.concurrent.ThreadPoolExecutor$Worker.run(ThreadPoolExecutor.java:624)
        at java.lang.Thread.run(Thread.java:750)
"Datanode State Machine Task Thread - 1"  prio=5 tid=1674 in Object.wait()
java.lang.Thread.State: WAITING (on object monitor)
        at sun.misc.Unsafe.park(Native Method)
        at java.util.concurrent.locks.LockSupport.park(LockSupport.java:175)
        at java.util.concurrent.locks.AbstractQueuedSynchronizer$ConditionObject.await(AbstractQueuedSynchronizer.java:2039)
        at java.util.concurrent.LinkedBlockingQueue.take(LinkedBlockingQueue.java:442)
        at java.util.concurrent.ThreadPoolExecutor.getTask(ThreadPoolExecutor.java:1074)
        at java.util.concurrent.ThreadPoolExecutor.runWorker(ThreadPoolExecutor.java:1134)
        at java.util.concurrent.ThreadPoolExecutor$Worker.run(ThreadPoolExecutor.java:624)
        at java.lang.Thread.run(Thread.java:750)
"EndpointStateMachine task thread for /0.0.0.0:41993 - 0 "  prio=5 tid=1614 in Object.wait()
java.lang.Thread.State: WAITING (on object monitor)
        at sun.misc.Unsafe.park(Native Method)
        at java.util.concurrent.locks.LockSupport.park(LockSupport.java:175)
        at java.util.concurrent.locks.AbstractQueuedSynchronizer$ConditionObject.await(AbstractQueuedSynchronizer.java:2039)
        at java.util.concurrent.LinkedBlockingQueue.take(LinkedBlockingQueue.java:442)
        at java.util.concurrent.ThreadPoolExecutor.getTask(ThreadPoolExecutor.java:1074)
        at java.util.concurrent.ThreadPoolExecutor.runWorker(ThreadPoolExecutor.java:1134)
        at java.util.concurrent.ThreadPoolExecutor$Worker.run(ThreadPoolExecutor.java:624)
        at java.lang.Thread.run(Thread.java:750)
"qtp667607772-1468" daemon prio=5 tid=1468 timed_waiting
java.lang.Thread.State: TIMED_WAITING
        at sun.misc.Unsafe.park(Native Method)
        at java.util.concurrent.locks.LockSupport.parkNanos(LockSupport.java:215)
        at java.util.concurrent.locks.AbstractQueuedSynchronizer$ConditionObject.awaitNanos(AbstractQueuedSynchronizer.java:2078)
        at org.eclipse.jetty.util.BlockingArrayQueue.poll(BlockingArrayQueue.java:382)
        at org.eclipse.jetty.util.thread.QueuedThreadPool$Runner.idleJobPoll(QueuedThreadPool.java:974)
        at org.eclipse.jetty.util.thread.QueuedThreadPool$Runner.run(QueuedThreadPool.java:1018)
        at java.lang.Thread.run(Thread.java:750)
"grpc-default-executor-2" daemon prio=5 tid=1748 timed_waiting
java.lang.Thread.State: TIMED_WAITING
        at sun.misc.Unsafe.park(Native Method)
        at java.util.concurrent.locks.LockSupport.parkNanos(LockSupport.java:215)
        at java.util.concurrent.SynchronousQueue$TransferStack.awaitFulfill(SynchronousQueue.java:460)
        at java.util.concurrent.SynchronousQueue$TransferStack.transfer(SynchronousQueue.java:362)
        at java.util.concurrent.SynchronousQueue.poll(SynchronousQueue.java:941)
        at java.util.concurrent.ThreadPoolExecutor.getTask(ThreadPoolExecutor.java:1073)
        at java.util.concurrent.ThreadPoolExecutor.runWorker(ThreadPoolExecutor.java:1134)
        at java.util.concurrent.ThreadPoolExecutor$Worker.run(ThreadPoolExecutor.java:624)
        at java.lang.Thread.run(Thread.java:750)
"BlockDeletingService#1" daemon prio=5 tid=1654 timed_waiting
java.lang.Thread.State: TIMED_WAITING
        at sun.misc.Unsafe.park(Native Method)
        at java.util.concurrent.locks.LockSupport.parkNanos(LockSupport.java:215)
        at java.util.concurrent.locks.AbstractQueuedSynchronizer$ConditionObject.awaitNanos(AbstractQueuedSynchronizer.java:2078)
        at java.util.concurrent.ScheduledThreadPoolExecutor$DelayedWorkQueue.take(ScheduledThreadPoolExecutor.java:1093)
        at java.util.concurrent.ScheduledThreadPoolExecutor$DelayedWorkQueue.take(ScheduledThreadPoolExecutor.java:809)
        at java.util.concurrent.ThreadPoolExecutor.getTask(ThreadPoolExecutor.java:1074)
        at java.util.concurrent.ThreadPoolExecutor.runWorker(ThreadPoolExecutor.java:1134)
        at java.util.concurrent.ThreadPoolExecutor$Worker.run(ThreadPoolExecutor.java:624)
        at java.lang.Thread.run(Thread.java:750)
"BlockDeletingService#3" daemon prio=5 tid=2091 in Object.wait()
java.lang.Thread.State: WAITING (on object monitor)
        at sun.misc.Unsafe.park(Native Method)
        at java.util.concurrent.locks.LockSupport.park(LockSupport.java:175)
        at java.util.concurrent.locks.AbstractQueuedSynchronizer$ConditionObject.await(AbstractQueuedSynchronizer.java:2039)
        at java.util.concurrent.ScheduledThreadPoolExecutor$DelayedWorkQueue.take(ScheduledThreadPoolExecutor.java:1088)
        at java.util.concurrent.ScheduledThreadPoolExecutor$DelayedWorkQueue.take(ScheduledThreadPoolExecutor.java:809)
        at java.util.concurrent.ThreadPoolExecutor.getTask(ThreadPoolExecutor.java:1074)
        at java.util.concurrent.ThreadPoolExecutor.runWorker(ThreadPoolExecutor.java:1134)
        at java.util.concurrent.ThreadPoolExecutor$Worker.run(ThreadPoolExecutor.java:624)
        at java.lang.Thread.run(Thread.java:750)
"BlockDeletingService#2" daemon prio=5 tid=1992 in Object.wait()
java.lang.Thread.State: WAITING (on object monitor)
        at sun.misc.Unsafe.park(Native Method)
        at java.util.concurrent.locks.LockSupport.park(LockSupport.java:175)
        at java.util.concurrent.locks.AbstractQueuedSynchronizer$ConditionObject.await(AbstractQueuedSynchronizer.java:2039)
        at java.util.concurrent.ScheduledThreadPoolExecutor$DelayedWorkQueue.take(ScheduledThreadPoolExecutor.java:1088)
        at java.util.concurrent.ScheduledThreadPoolExecutor$DelayedWorkQueue.take(ScheduledThreadPoolExecutor.java:809)
        at java.util.concurrent.ThreadPoolExecutor.getTask(ThreadPoolExecutor.java:1074)
        at java.util.concurrent.ThreadPoolExecutor.runWorker(ThreadPoolExecutor.java:1134)
        at java.util.concurrent.ThreadPoolExecutor$Worker.run(ThreadPoolExecutor.java:624)
        at java.lang.Thread.run(Thread.java:750)
"FixedThreadPoolWithAffinityExecutor-1-0" daemon prio=5 tid=1685 in Object.wait()
java.lang.Thread.State: WAITING (on object monitor)
        at sun.misc.Unsafe.park(Native Method)
        at java.util.concurrent.locks.LockSupport.park(LockSupport.java:175)
        at java.util.concurrent.locks.AbstractQueuedSynchronizer$ConditionObject.await(AbstractQueuedSynchronizer.java:2039)
        at java.util.concurrent.LinkedBlockingDeque.takeFirst(LinkedBlockingDeque.java:492)
        at java.util.concurrent.LinkedBlockingDeque.take(LinkedBlockingDeque.java:680)
        at java.util.concurrent.ThreadPoolExecutor.getTask(ThreadPoolExecutor.java:1074)
        at java.util.concurrent.ThreadPoolExecutor.runWorker(ThreadPoolExecutor.java:1134)
        at java.util.concurrent.ThreadPoolExecutor$Worker.run(ThreadPoolExecutor.java:624)
        at java.lang.Thread.run(Thread.java:750)
"EventQueue-DatanodeCommandForSCMNodeManager"  prio=5 tid=1661 in Object.wait()
java.lang.Thread.State: WAITING (on object monitor)
        at sun.misc.Unsafe.park(Native Method)
        at java.util.concurrent.locks.LockSupport.park(LockSupport.java:175)
        at java.util.concurrent.locks.AbstractQueuedSynchronizer$ConditionObject.await(AbstractQueuedSynchronizer.java:2039)
        at java.util.concurrent.LinkedBlockingQueue.take(LinkedBlockingQueue.java:442)
        at java.util.concurrent.ThreadPoolExecutor.getTask(ThreadPoolExecutor.java:1074)
        at java.util.concurrent.ThreadPoolExecutor.runWorker(ThreadPoolExecutor.java:1134)
        at java.util.concurrent.ThreadPoolExecutor$Worker.run(ThreadPoolExecutor.java:624)
        at java.lang.Thread.run(Thread.java:750)
"OM StateMachine ApplyTransaction Thread - 0" daemon prio=5 tid=1771 in Object.wait()
java.lang.Thread.State: WAITING (on object monitor)
        at sun.misc.Unsafe.park(Native Method)
        at java.util.concurrent.locks.LockSupport.park(LockSupport.java:175)
        at java.util.concurrent.locks.AbstractQueuedSynchronizer$ConditionObject.await(AbstractQueuedSynchronizer.java:2039)
        at java.util.concurrent.LinkedBlockingQueue.take(LinkedBlockingQueue.java:442)
        at java.util.concurrent.ThreadPoolExecutor.getTask(ThreadPoolExecutor.java:1074)
        at java.util.concurrent.ThreadPoolExecutor.runWorker(ThreadPoolExecutor.java:1134)
        at java.util.concurrent.ThreadPoolExecutor$Worker.run(ThreadPoolExecutor.java:624)
        at java.lang.Thread.run(Thread.java:750)
"ChunkWriter-2-0" daemon prio=5 tid=1594 in Object.wait()
java.lang.Thread.State: WAITING (on object monitor)
        at sun.misc.Unsafe.park(Native Method)
        at java.util.concurrent.locks.LockSupport.park(LockSupport.java:175)
        at java.util.concurrent.locks.AbstractQueuedSynchronizer$ConditionObject.await(AbstractQueuedSynchronizer.java:2039)
        at java.util.concurrent.LinkedBlockingDeque.takeFirst(LinkedBlockingDeque.java:492)
        at java.util.concurrent.LinkedBlockingDeque.take(LinkedBlockingDeque.java:680)
        at java.util.concurrent.ThreadPoolExecutor.getTask(ThreadPoolExecutor.java:1074)
        at java.util.concurrent.ThreadPoolExecutor.runWorker(ThreadPoolExecutor.java:1134)
        at java.util.concurrent.ThreadPoolExecutor$Worker.run(ThreadPoolExecutor.java:624)
        at java.lang.Thread.run(Thread.java:750)
"Command processor thread" daemon prio=5 tid=1644 timed_waiting
java.lang.Thread.State: TIMED_WAITING
        at java.lang.Thread.sleep(Native Method)
        at org.apache.hadoop.ozone.container.common.statemachine.DatanodeStateMachine.lambda$initCommandHandlerThread$3(DatanodeStateMachine.java:628)
        at org.apache.hadoop.ozone.container.common.statemachine.DatanodeStateMachine$$Lambda$681/469466819.run(Unknown Source)
        at java.lang.Thread.run(Thread.java:750)
"org.apache.ratis.util.JvmPauseMonitor$$Lambda$627/395666382@20c6deeb" daemon prio=5 tid=1668 timed_waiting
java.lang.Thread.State: TIMED_WAITING
        at java.lang.Thread.sleep(Native Method)
        at java.lang.Thread.sleep(Thread.java:342)
        at java.util.concurrent.TimeUnit.sleep(TimeUnit.java:386)
        at org.apache.ratis.util.TimeDuration.sleep(TimeDuration.java:325)
        at org.apache.ratis.util.TimeDuration.sleep(TimeDuration.java:310)
        at org.apache.ratis.util.JvmPauseMonitor.detectPause(JvmPauseMonitor.java:117)
        at org.apache.ratis.util.JvmPauseMonitor.run(JvmPauseMonitor.java:106)
        at org.apache.ratis.util.JvmPauseMonitor$$Lambda$627/395666382.run(Unknown Source)
        at java.lang.Thread.run(Thread.java:750)
"pool-590-thread-1"  prio=5 tid=1697 in Object.wait()
java.lang.Thread.State: WAITING (on object monitor)
        at sun.misc.Unsafe.park(Native Method)
        at java.util.concurrent.locks.LockSupport.park(LockSupport.java:175)
        at java.util.concurrent.locks.AbstractQueuedSynchronizer$ConditionObject.await(AbstractQueuedSynchronizer.java:2039)
        at java.util.concurrent.LinkedBlockingQueue.take(LinkedBlockingQueue.java:442)
        at java.util.concurrent.ThreadPoolExecutor.getTask(ThreadPoolExecutor.java:1074)
        at java.util.concurrent.ThreadPoolExecutor.runWorker(ThreadPoolExecutor.java:1134)
        at java.util.concurrent.ThreadPoolExecutor$Worker.run(ThreadPoolExecutor.java:624)
        at java.lang.Thread.run(Thread.java:750)
"EndpointStateMachine task thread for /0.0.0.0:44953 - 0 "  prio=5 tid=1000 in Object.wait()
java.lang.Thread.State: WAITING (on object monitor)
        at sun.misc.Unsafe.park(Native Method)
        at java.util.concurrent.locks.LockSupport.park(LockSupport.java:175)
        at java.util.concurrent.locks.AbstractQueuedSynchronizer$ConditionObject.await(AbstractQueuedSynchronizer.java:2039)
        at java.util.concurrent.LinkedBlockingQueue.take(LinkedBlockingQueue.java:442)
        at java.util.concurrent.ThreadPoolExecutor.getTask(ThreadPoolExecutor.java:1074)
        at java.util.concurrent.ThreadPoolExecutor.runWorker(ThreadPoolExecutor.java:1134)
        at java.util.concurrent.ThreadPoolExecutor$Worker.run(ThreadPoolExecutor.java:624)
        at java.lang.Thread.run(Thread.java:750)
"ExpiredContainerReplicaOpScrubberThread" daemon prio=5 tid=1348 timed_waiting
java.lang.Thread.State: TIMED_WAITING
        at java.lang.Object.wait(Native Method)
        at org.apache.hadoop.hdds.scm.ha.BackgroundSCMService.run(BackgroundSCMService.java:105)
        at org.apache.hadoop.hdds.scm.ha.BackgroundSCMService$$Lambda$318/1880959833.run(Unknown Source)
        at java.lang.Thread.run(Thread.java:750)
"qtp1370197039-1620-acceptor-0@4fb4f0ce-ServerConnector@37f63be5{HTTP/1.1, (http/1.1)}{0.0.0.0:36405}" daemon prio=3 tid=1620 runnable
java.lang.Thread.State: RUNNABLE
        at sun.nio.ch.ServerSocketChannelImpl.accept0(Native Method)
        at sun.nio.ch.ServerSocketChannelImpl.accept(ServerSocketChannelImpl.java:421)
        at sun.nio.ch.ServerSocketChannelImpl.accept(ServerSocketChannelImpl.java:249)
        at org.eclipse.jetty.server.ServerConnector.accept(ServerConnector.java:388)
        at org.eclipse.jetty.server.AbstractConnector$Acceptor.run(AbstractConnector.java:702)
        at org.eclipse.jetty.util.thread.QueuedThreadPool.runJob(QueuedThreadPool.java:883)
        at org.eclipse.jetty.util.thread.QueuedThreadPool$Runner.run(QueuedThreadPool.java:1034)
        at java.lang.Thread.run(Thread.java:750)
"ChunkWriter-3-0" daemon prio=5 tid=1679 in Object.wait()
java.lang.Thread.State: WAITING (on object monitor)
        at sun.misc.Unsafe.park(Native Method)
        at java.util.concurrent.locks.LockSupport.park(LockSupport.java:175)
        at java.util.concurrent.locks.AbstractQueuedSynchronizer$ConditionObject.await(AbstractQueuedSynchronizer.java:2039)
        at java.util.concurrent.LinkedBlockingDeque.takeFirst(LinkedBlockingDeque.java:492)
        at java.util.concurrent.LinkedBlockingDeque.take(LinkedBlockingDeque.java:680)
        at java.util.concurrent.ThreadPoolExecutor.getTask(ThreadPoolExecutor.java:1074)
        at java.util.concurrent.ThreadPoolExecutor.runWorker(ThreadPoolExecutor.java:1134)
        at java.util.concurrent.ThreadPoolExecutor$Worker.run(ThreadPoolExecutor.java:624)
        at java.lang.Thread.run(Thread.java:750)
"Datanode ReportManager Thread - 0" daemon prio=5 tid=1510 timed_waiting
java.lang.Thread.State: TIMED_WAITING
        at sun.misc.Unsafe.park(Native Method)
        at java.util.concurrent.locks.LockSupport.parkNanos(LockSupport.java:215)
        at java.util.concurrent.locks.AbstractQueuedSynchronizer$ConditionObject.awaitNanos(AbstractQueuedSynchronizer.java:2078)
        at java.util.concurrent.ScheduledThreadPoolExecutor$DelayedWorkQueue.take(ScheduledThreadPoolExecutor.java:1093)
        at java.util.concurrent.ScheduledThreadPoolExecutor$DelayedWorkQueue.take(ScheduledThreadPoolExecutor.java:809)
        at java.util.concurrent.ThreadPoolExecutor.getTask(ThreadPoolExecutor.java:1074)
        at java.util.concurrent.ThreadPoolExecutor.runWorker(ThreadPoolExecutor.java:1134)
        at java.util.concurrent.ThreadPoolExecutor$Worker.run(ThreadPoolExecutor.java:624)
        at java.lang.Thread.run(Thread.java:750)
"Periodic HDDS volume checker" daemon prio=5 tid=1521 timed_waiting
java.lang.Thread.State: TIMED_WAITING
        at sun.misc.Unsafe.park(Native Method)
        at java.util.concurrent.locks.LockSupport.parkNanos(LockSupport.java:215)
        at java.util.concurrent.locks.AbstractQueuedSynchronizer$ConditionObject.awaitNanos(AbstractQueuedSynchronizer.java:2078)
        at java.util.concurrent.ScheduledThreadPoolExecutor$DelayedWorkQueue.take(ScheduledThreadPoolExecutor.java:1093)
        at java.util.concurrent.ScheduledThreadPoolExecutor$DelayedWorkQueue.take(ScheduledThreadPoolExecutor.java:809)
        at java.util.concurrent.ThreadPoolExecutor.getTask(ThreadPoolExecutor.java:1074)
        at java.util.concurrent.ThreadPoolExecutor.runWorker(ThreadPoolExecutor.java:1134)
        at java.util.concurrent.ThreadPoolExecutor$Worker.run(ThreadPoolExecutor.java:624)
        at java.lang.Thread.run(Thread.java:750)
"ChunkWriter-3-0" daemon prio=5 tid=1650 in Object.wait()
java.lang.Thread.State: WAITING (on object monitor)
        at sun.misc.Unsafe.park(Native Method)
        at java.util.concurrent.locks.LockSupport.park(LockSupport.java:175)
        at java.util.concurrent.locks.AbstractQueuedSynchronizer$ConditionObject.await(AbstractQueuedSynchronizer.java:2039)
        at java.util.concurrent.LinkedBlockingDeque.takeFirst(LinkedBlockingDeque.java:492)
        at java.util.concurrent.LinkedBlockingDeque.take(LinkedBlockingDeque.java:680)
        at java.util.concurrent.ThreadPoolExecutor.getTask(ThreadPoolExecutor.java:1074)
        at java.util.concurrent.ThreadPoolExecutor.runWorker(ThreadPoolExecutor.java:1134)
        at java.util.concurrent.ThreadPoolExecutor$Worker.run(ThreadPoolExecutor.java:624)
        at java.lang.Thread.run(Thread.java:750)
"Datanode ReportManager Thread - 1" daemon prio=5 tid=212 in Object.wait()
java.lang.Thread.State: WAITING (on object monitor)
        at sun.misc.Unsafe.park(Native Method)
        at java.util.concurrent.locks.LockSupport.park(LockSupport.java:175)
        at java.util.concurrent.locks.AbstractQueuedSynchronizer$ConditionObject.await(AbstractQueuedSynchronizer.java:2039)
        at java.util.concurrent.ScheduledThreadPoolExecutor$DelayedWorkQueue.take(ScheduledThreadPoolExecutor.java:1088)
        at java.util.concurrent.ScheduledThreadPoolExecutor$DelayedWorkQueue.take(ScheduledThreadPoolExecutor.java:809)
        at java.util.concurrent.ThreadPoolExecutor.getTask(ThreadPoolExecutor.java:1074)
        at java.util.concurrent.ThreadPoolExecutor.runWorker(ThreadPoolExecutor.java:1134)
        at java.util.concurrent.ThreadPoolExecutor$Worker.run(ThreadPoolExecutor.java:624)
        at java.lang.Thread.run(Thread.java:750)
"qtp1348274608-1582" daemon prio=5 tid=1582 timed_waiting
java.lang.Thread.State: TIMED_WAITING
        at sun.misc.Unsafe.park(Native Method)
        at java.util.concurrent.locks.LockSupport.parkNanos(LockSupport.java:215)
        at java.util.concurrent.locks.AbstractQueuedSynchronizer$ConditionObject.awaitNanos(AbstractQueuedSynchronizer.java:2078)
        at org.eclipse.jetty.util.BlockingArrayQueue.poll(BlockingArrayQueue.java:382)
        at org.eclipse.jetty.util.thread.QueuedThreadPool$Runner.idleJobPoll(QueuedThreadPool.java:974)
        at org.eclipse.jetty.util.thread.QueuedThreadPool$Runner.run(QueuedThreadPool.java:1018)
        at java.lang.Thread.run(Thread.java:750)
"IPC Server listener on 0" daemon prio=5 tid=1351 runnable
java.lang.Thread.State: RUNNABLE
        at sun.nio.ch.EPollArrayWrapper.epollWait(Native Method)
        at sun.nio.ch.EPollArrayWrapper.poll(EPollArrayWrapper.java:269)
        at sun.nio.ch.EPollSelectorImpl.doSelect(EPollSelectorImpl.java:93)
        at sun.nio.ch.SelectorImpl.lockAndDoSelect(SelectorImpl.java:86)
        at sun.nio.ch.SelectorImpl.select(SelectorImpl.java:97)
        at sun.nio.ch.SelectorImpl.select(SelectorImpl.java:101)
        at org.apache.hadoop.ipc.Server$Listener.run(Server.java:1350)
"qtp281085525-1556-acceptor-0@52603fde-ServerConnector@1007d7b1{HTTP/1.1, (http/1.1)}{0.0.0.0:41335}" daemon prio=3 tid=1556 runnable
java.lang.Thread.State: RUNNABLE
        at sun.nio.ch.ServerSocketChannelImpl.accept0(Native Method)
        at sun.nio.ch.ServerSocketChannelImpl.accept(ServerSocketChannelImpl.java:421)
        at sun.nio.ch.ServerSocketChannelImpl.accept(ServerSocketChannelImpl.java:249)
        at org.eclipse.jetty.server.ServerConnector.accept(ServerConnector.java:388)
        at org.eclipse.jetty.server.AbstractConnector$Acceptor.run(AbstractConnector.java:702)
        at org.eclipse.jetty.util.thread.QueuedThreadPool.runJob(QueuedThreadPool.java:883)
        at org.eclipse.jetty.util.thread.QueuedThreadPool$Runner.run(QueuedThreadPool.java:1034)
        at java.lang.Thread.run(Thread.java:750)
"qtp281085525-1554" daemon prio=5 tid=1554 timed_waiting
java.lang.Thread.State: TIMED_WAITING
        at sun.misc.Unsafe.park(Native Method)
        at java.util.concurrent.locks.LockSupport.parkNanos(LockSupport.java:215)
        at java.util.concurrent.locks.AbstractQueuedSynchronizer$ConditionObject.awaitNanos(AbstractQueuedSynchronizer.java:2078)
        at org.eclipse.jetty.util.BlockingArrayQueue.poll(BlockingArrayQueue.java:382)
        at org.eclipse.jetty.util.thread.QueuedThreadPool$Runner.idleJobPoll(QueuedThreadPool.java:974)
        at org.eclipse.jetty.util.thread.QueuedThreadPool$Runner.run(QueuedThreadPool.java:1018)
        at java.lang.Thread.run(Thread.java:750)
"Datanode ReportManager Thread - 3" daemon prio=5 tid=1567 in Object.wait()
java.lang.Thread.State: WAITING (on object monitor)
        at sun.misc.Unsafe.park(Native Method)
        at java.util.concurrent.locks.LockSupport.park(LockSupport.java:175)
        at java.util.concurrent.locks.AbstractQueuedSynchronizer$ConditionObject.await(AbstractQueuedSynchronizer.java:2039)
        at java.util.concurrent.ScheduledThreadPoolExecutor$DelayedWorkQueue.take(ScheduledThreadPoolExecutor.java:1088)
        at java.util.concurrent.ScheduledThreadPoolExecutor$DelayedWorkQueue.take(ScheduledThreadPoolExecutor.java:809)
        at java.util.concurrent.ThreadPoolExecutor.getTask(ThreadPoolExecutor.java:1074)
        at java.util.concurrent.ThreadPoolExecutor.runWorker(ThreadPoolExecutor.java:1134)
        at java.util.concurrent.ThreadPoolExecutor$Worker.run(ThreadPoolExecutor.java:624)
        at java.lang.Thread.run(Thread.java:750)
"Datanode ReportManager Thread - 2" daemon prio=5 tid=1641 timed_waiting
java.lang.Thread.State: TIMED_WAITING
        at sun.misc.Unsafe.park(Native Method)
        at java.util.concurrent.locks.LockSupport.parkNanos(LockSupport.java:215)
        at java.util.concurrent.locks.AbstractQueuedSynchronizer$ConditionObject.awaitNanos(AbstractQueuedSynchronizer.java:2078)
        at java.util.concurrent.ScheduledThreadPoolExecutor$DelayedWorkQueue.take(ScheduledThreadPoolExecutor.java:1093)
        at java.util.concurrent.ScheduledThreadPoolExecutor$DelayedWorkQueue.take(ScheduledThreadPoolExecutor.java:809)
        at java.util.concurrent.ThreadPoolExecutor.getTask(ThreadPoolExecutor.java:1074)
        at java.util.concurrent.ThreadPoolExecutor.runWorker(ThreadPoolExecutor.java:1134)
        at java.util.concurrent.ThreadPoolExecutor$Worker.run(ThreadPoolExecutor.java:624)
        at java.lang.Thread.run(Thread.java:750)
"Datanode ReportManager Thread - 4" daemon prio=5 tid=241 timed_waiting
java.lang.Thread.State: TIMED_WAITING
        at sun.misc.Unsafe.park(Native Method)
        at java.util.concurrent.locks.LockSupport.parkNanos(LockSupport.java:215)
        at java.util.concurrent.locks.AbstractQueuedSynchronizer$ConditionObject.awaitNanos(AbstractQueuedSynchronizer.java:2078)
        at java.util.concurrent.ScheduledThreadPoolExecutor$DelayedWorkQueue.take(ScheduledThreadPoolExecutor.java:1093)
        at java.util.concurrent.ScheduledThreadPoolExecutor$DelayedWorkQueue.take(ScheduledThreadPoolExecutor.java:809)
        at java.util.concurrent.ThreadPoolExecutor.getTask(ThreadPoolExecutor.java:1074)
        at java.util.concurrent.ThreadPoolExecutor.runWorker(ThreadPoolExecutor.java:1134)
        at java.util.concurrent.ThreadPoolExecutor$Worker.run(ThreadPoolExecutor.java:624)
        at java.lang.Thread.run(Thread.java:750)
"BlockDeletingService#1" daemon prio=5 tid=1635 in Object.wait()
java.lang.Thread.State: WAITING (on object monitor)
        at sun.misc.Unsafe.park(Native Method)
        at java.util.concurrent.locks.LockSupport.park(LockSupport.java:175)
        at java.util.concurrent.locks.AbstractQueuedSynchronizer$ConditionObject.await(AbstractQueuedSynchronizer.java:2039)
        at java.util.concurrent.ScheduledThreadPoolExecutor$DelayedWorkQueue.take(ScheduledThreadPoolExecutor.java:1088)
        at java.util.concurrent.ScheduledThreadPoolExecutor$DelayedWorkQueue.take(ScheduledThreadPoolExecutor.java:809)
        at java.util.concurrent.ThreadPoolExecutor.getTask(ThreadPoolExecutor.java:1074)
        at java.util.concurrent.ThreadPoolExecutor.runWorker(ThreadPoolExecutor.java:1134)
        at java.util.concurrent.ThreadPoolExecutor$Worker.run(ThreadPoolExecutor.java:624)
        at java.lang.Thread.run(Thread.java:750)
"BlockDeletingService#2" daemon prio=5 tid=1987 in Object.wait()
java.lang.Thread.State: WAITING (on object monitor)
        at sun.misc.Unsafe.park(Native Method)
        at java.util.concurrent.locks.LockSupport.park(LockSupport.java:175)
        at java.util.concurrent.locks.AbstractQueuedSynchronizer$ConditionObject.await(AbstractQueuedSynchronizer.java:2039)
        at java.util.concurrent.ScheduledThreadPoolExecutor$DelayedWorkQueue.take(ScheduledThreadPoolExecutor.java:1088)
        at java.util.concurrent.ScheduledThreadPoolExecutor$DelayedWorkQueue.take(ScheduledThreadPoolExecutor.java:809)
        at java.util.concurrent.ThreadPoolExecutor.getTask(ThreadPoolExecutor.java:1074)
        at java.util.concurrent.ThreadPoolExecutor.runWorker(ThreadPoolExecutor.java:1134)
        at java.util.concurrent.ThreadPoolExecutor$Worker.run(ThreadPoolExecutor.java:624)
        at java.lang.Thread.run(Thread.java:750)
"pool-613-thread-1"  prio=5 tid=1725 in Object.wait()
java.lang.Thread.State: WAITING (on object monitor)
        at sun.misc.Unsafe.park(Native Method)
        at java.util.concurrent.locks.LockSupport.park(LockSupport.java:175)
        at java.util.concurrent.locks.AbstractQueuedSynchronizer$ConditionObject.await(AbstractQueuedSynchronizer.java:2039)
        at java.util.concurrent.LinkedBlockingQueue.take(LinkedBlockingQueue.java:442)
        at java.util.concurrent.ThreadPoolExecutor.getTask(ThreadPoolExecutor.java:1074)
        at java.util.concurrent.ThreadPoolExecutor.runWorker(ThreadPoolExecutor.java:1134)
        at java.util.concurrent.ThreadPoolExecutor$Worker.run(ThreadPoolExecutor.java:624)
        at java.lang.Thread.run(Thread.java:750)
"qtp667607772-1466" daemon prio=5 tid=1466 timed_waiting
java.lang.Thread.State: TIMED_WAITING
        at sun.misc.Unsafe.park(Native Method)
        at java.util.concurrent.locks.LockSupport.parkNanos(LockSupport.java:215)
        at java.util.concurrent.locks.AbstractQueuedSynchronizer$ConditionObject.awaitNanos(AbstractQueuedSynchronizer.java:2078)
        at org.eclipse.jetty.util.BlockingArrayQueue.poll(BlockingArrayQueue.java:382)
        at org.eclipse.jetty.util.thread.QueuedThreadPool$Runner.idleJobPoll(QueuedThreadPool.java:974)
        at org.eclipse.jetty.util.thread.QueuedThreadPool$Runner.run(QueuedThreadPool.java:1018)
        at java.lang.Thread.run(Thread.java:750)
"IPC Server handler 11 on default port 35985" daemon prio=5 tid=1397 timed_waiting
java.lang.Thread.State: TIMED_WAITING
        at sun.misc.Unsafe.park(Native Method)
        at java.util.concurrent.locks.LockSupport.parkNanos(LockSupport.java:215)
        at java.util.concurrent.locks.AbstractQueuedSynchronizer$ConditionObject.awaitNanos(AbstractQueuedSynchronizer.java:2078)
        at java.util.concurrent.LinkedBlockingQueue.poll(LinkedBlockingQueue.java:467)
        at org.apache.hadoop.ipc.CallQueueManager.take(CallQueueManager.java:317)
        at org.apache.hadoop.ipc.Server$Handler.run(Server.java:2932)
"ChunkWriter-2-0" daemon prio=5 tid=1649 in Object.wait()
java.lang.Thread.State: WAITING (on object monitor)
        at sun.misc.Unsafe.park(Native Method)
        at java.util.concurrent.locks.LockSupport.park(LockSupport.java:175)
        at java.util.concurrent.locks.AbstractQueuedSynchronizer$ConditionObject.await(AbstractQueuedSynchronizer.java:2039)
        at java.util.concurrent.LinkedBlockingDeque.takeFirst(LinkedBlockingDeque.java:492)
        at java.util.concurrent.LinkedBlockingDeque.take(LinkedBlockingDeque.java:680)
        at java.util.concurrent.ThreadPoolExecutor.getTask(ThreadPoolExecutor.java:1074)
        at java.util.concurrent.ThreadPoolExecutor.runWorker(ThreadPoolExecutor.java:1134)
        at java.util.concurrent.ThreadPoolExecutor$Worker.run(ThreadPoolExecutor.java:624)
        at java.lang.Thread.run(Thread.java:750)
"FixedThreadPoolWithAffinityExecutor-9-0" daemon prio=5 tid=1673 in Object.wait()
java.lang.Thread.State: WAITING (on object monitor)
        at sun.misc.Unsafe.park(Native Method)
        at java.util.concurrent.locks.LockSupport.park(LockSupport.java:175)
        at java.util.concurrent.locks.AbstractQueuedSynchronizer$ConditionObject.await(AbstractQueuedSynchronizer.java:2039)
        at java.util.concurrent.LinkedBlockingDeque.takeFirst(LinkedBlockingDeque.java:492)
        at java.util.concurrent.LinkedBlockingDeque.take(LinkedBlockingDeque.java:680)
        at java.util.concurrent.ThreadPoolExecutor.getTask(ThreadPoolExecutor.java:1074)
        at java.util.concurrent.ThreadPoolExecutor.runWorker(ThreadPoolExecutor.java:1134)
        at java.util.concurrent.ThreadPoolExecutor$Worker.run(ThreadPoolExecutor.java:624)
        at java.lang.Thread.run(Thread.java:750)
"org.apache.hadoop.util.JvmPauseMonitor$Monitor@4651ea07" daemon prio=5 tid=1544 timed_waiting
java.lang.Thread.State: TIMED_WAITING
        at java.lang.Thread.sleep(Native Method)
        at org.apache.hadoop.util.JvmPauseMonitor$Monitor.run(JvmPauseMonitor.java:192)
        at java.lang.Thread.run(Thread.java:750)
"IPC Server handler 16 on default port 41993" daemon prio=5 tid=1422 timed_waiting
java.lang.Thread.State: TIMED_WAITING
        at sun.misc.Unsafe.park(Native Method)
        at java.util.concurrent.locks.LockSupport.parkNanos(LockSupport.java:215)
        at java.util.concurrent.locks.AbstractQueuedSynchronizer$ConditionObject.awaitNanos(AbstractQueuedSynchronizer.java:2078)
        at java.util.concurrent.LinkedBlockingQueue.poll(LinkedBlockingQueue.java:467)
        at org.apache.hadoop.ipc.CallQueueManager.take(CallQueueManager.java:317)
        at org.apache.hadoop.ipc.Server$Handler.run(Server.java:2932)
"IPC Server handler 5 on default port 35985" daemon prio=5 tid=1391 timed_waiting
java.lang.Thread.State: TIMED_WAITING
        at sun.misc.Unsafe.park(Native Method)
        at java.util.concurrent.locks.LockSupport.parkNanos(LockSupport.java:215)
        at java.util.concurrent.locks.AbstractQueuedSynchronizer$ConditionObject.awaitNanos(AbstractQueuedSynchronizer.java:2078)
        at java.util.concurrent.LinkedBlockingQueue.poll(LinkedBlockingQueue.java:467)
        at org.apache.hadoop.ipc.CallQueueManager.take(CallQueueManager.java:317)
        at org.apache.hadoop.ipc.Server$Handler.run(Server.java:2932)
"ChunkWriter-0-0" daemon prio=5 tid=1647 in Object.wait()
java.lang.Thread.State: WAITING (on object monitor)
        at sun.misc.Unsafe.park(Native Method)
        at java.util.concurrent.locks.LockSupport.park(LockSupport.java:175)
        at java.util.concurrent.locks.AbstractQueuedSynchronizer$ConditionObject.await(AbstractQueuedSynchronizer.java:2039)
        at java.util.concurrent.LinkedBlockingDeque.takeFirst(LinkedBlockingDeque.java:492)
        at java.util.concurrent.LinkedBlockingDeque.take(LinkedBlockingDeque.java:680)
        at java.util.concurrent.ThreadPoolExecutor.getTask(ThreadPoolExecutor.java:1074)
        at java.util.concurrent.ThreadPoolExecutor.runWorker(ThreadPoolExecutor.java:1134)
        at java.util.concurrent.ThreadPoolExecutor$Worker.run(ThreadPoolExecutor.java:624)
        at java.lang.Thread.run(Thread.java:750)
"pool-553-thread-1"  prio=5 tid=1499 timed_waiting
java.lang.Thread.State: TIMED_WAITING
        at sun.misc.Unsafe.park(Native Method)
        at java.util.concurrent.locks.LockSupport.parkNanos(LockSupport.java:215)
        at java.util.concurrent.locks.AbstractQueuedSynchronizer$ConditionObject.awaitNanos(AbstractQueuedSynchronizer.java:2078)
        at java.util.concurrent.ScheduledThreadPoolExecutor$DelayedWorkQueue.take(ScheduledThreadPoolExecutor.java:1093)
        at java.util.concurrent.ScheduledThreadPoolExecutor$DelayedWorkQueue.take(ScheduledThreadPoolExecutor.java:809)
        at java.util.concurrent.ThreadPoolExecutor.getTask(ThreadPoolExecutor.java:1074)
        at java.util.concurrent.ThreadPoolExecutor.runWorker(ThreadPoolExecutor.java:1134)
        at java.util.concurrent.ThreadPoolExecutor$Worker.run(ThreadPoolExecutor.java:624)
        at java.lang.Thread.run(Thread.java:750)
"IPC Server handler 13 on default port 35985" daemon prio=5 tid=1399 timed_waiting
java.lang.Thread.State: TIMED_WAITING
        at sun.misc.Unsafe.park(Native Method)
        at java.util.concurrent.locks.LockSupport.parkNanos(LockSupport.java:215)
        at java.util.concurrent.locks.AbstractQueuedSynchronizer$ConditionObject.awaitNanos(AbstractQueuedSynchronizer.java:2078)
        at java.util.concurrent.LinkedBlockingQueue.poll(LinkedBlockingQueue.java:467)
        at org.apache.hadoop.ipc.CallQueueManager.take(CallQueueManager.java:317)
        at org.apache.hadoop.ipc.Server$Handler.run(Server.java:2932)
"EndpointStateMachine task thread for /0.0.0.0:42479 - 0 "  prio=5 tid=339 in Object.wait()
java.lang.Thread.State: WAITING (on object monitor)
        at sun.misc.Unsafe.park(Native Method)
        at java.util.concurrent.locks.LockSupport.park(LockSupport.java:175)
        at java.util.concurrent.locks.AbstractQueuedSynchronizer$ConditionObject.await(AbstractQueuedSynchronizer.java:2039)
        at java.util.concurrent.LinkedBlockingQueue.take(LinkedBlockingQueue.java:442)
        at java.util.concurrent.ThreadPoolExecutor.getTask(ThreadPoolExecutor.java:1074)
        at java.util.concurrent.ThreadPoolExecutor.runWorker(ThreadPoolExecutor.java:1134)
        at java.util.concurrent.ThreadPoolExecutor$Worker.run(ThreadPoolExecutor.java:624)
        at java.lang.Thread.run(Thread.java:750)
"pool-532-thread-3"  prio=5 tid=1895 in Object.wait()
java.lang.Thread.State: WAITING (on object monitor)
        at sun.misc.Unsafe.park(Native Method)
        at java.util.concurrent.locks.LockSupport.park(LockSupport.java:175)
        at java.util.concurrent.locks.AbstractQueuedSynchronizer$ConditionObject.await(AbstractQueuedSynchronizer.java:2039)
        at java.util.concurrent.ArrayBlockingQueue.take(ArrayBlockingQueue.java:403)
        at java.util.concurrent.ThreadPoolExecutor.getTask(ThreadPoolExecutor.java:1074)
        at java.util.concurrent.ThreadPoolExecutor.runWorker(ThreadPoolExecutor.java:1134)
        at java.util.concurrent.ThreadPoolExecutor$Worker.run(ThreadPoolExecutor.java:624)
        at java.lang.Thread.run(Thread.java:750)
"IPC Server Responder" daemon prio=5 tid=1362 runnable
java.lang.Thread.State: RUNNABLE
        at sun.nio.ch.EPollArrayWrapper.epollWait(Native Method)
        at sun.nio.ch.EPollArrayWrapper.poll(EPollArrayWrapper.java:269)
        at sun.nio.ch.EPollSelectorImpl.doSelect(EPollSelectorImpl.java:93)
        at sun.nio.ch.SelectorImpl.lockAndDoSelect(SelectorImpl.java:86)
        at sun.nio.ch.SelectorImpl.select(SelectorImpl.java:97)
        at org.apache.hadoop.ipc.Server$Responder.doRunLoop(Server.java:1527)
        at org.apache.hadoop.ipc.Server$Responder.run(Server.java:1510)
"IPC Server handler 15 on default port 33165" daemon prio=5 tid=1485 timed_waiting
java.lang.Thread.State: TIMED_WAITING
        at sun.misc.Unsafe.park(Native Method)
        at java.util.concurrent.locks.LockSupport.parkNanos(LockSupport.java:215)
        at java.util.concurrent.locks.AbstractQueuedSynchronizer$ConditionObject.awaitNanos(AbstractQueuedSynchronizer.java:2078)
        at java.util.concurrent.LinkedBlockingQueue.poll(LinkedBlockingQueue.java:467)
        at org.apache.hadoop.ipc.CallQueueManager.take(CallQueueManager.java:317)
        at org.apache.hadoop.ipc.Server$Handler.run(Server.java:2932)
"Datanode ReportManager Thread - 0" daemon prio=5 tid=955 timed_waiting
java.lang.Thread.State: TIMED_WAITING
        at sun.misc.Unsafe.park(Native Method)
        at java.util.concurrent.locks.LockSupport.parkNanos(LockSupport.java:215)
        at java.util.concurrent.locks.AbstractQueuedSynchronizer$ConditionObject.awaitNanos(AbstractQueuedSynchronizer.java:2078)
        at java.util.concurrent.ScheduledThreadPoolExecutor$DelayedWorkQueue.take(ScheduledThreadPoolExecutor.java:1093)
        at java.util.concurrent.ScheduledThreadPoolExecutor$DelayedWorkQueue.take(ScheduledThreadPoolExecutor.java:809)
        at java.util.concurrent.ThreadPoolExecutor.getTask(ThreadPoolExecutor.java:1074)
        at java.util.concurrent.ThreadPoolExecutor.runWorker(ThreadPoolExecutor.java:1134)
        at java.util.concurrent.ThreadPoolExecutor$Worker.run(ThreadPoolExecutor.java:624)
        at java.lang.Thread.run(Thread.java:750)
"OpenKeyCleanupService#0" daemon prio=5 tid=1459 timed_waiting
java.lang.Thread.State: TIMED_WAITING
        at sun.misc.Unsafe.park(Native Method)
        at java.util.concurrent.locks.LockSupport.parkNanos(LockSupport.java:215)
        at java.util.concurrent.locks.AbstractQueuedSynchronizer$ConditionObject.awaitNanos(AbstractQueuedSynchronizer.java:2078)
        at java.util.concurrent.ScheduledThreadPoolExecutor$DelayedWorkQueue.take(ScheduledThreadPoolExecutor.java:1093)
        at java.util.concurrent.ScheduledThreadPoolExecutor$DelayedWorkQueue.take(ScheduledThreadPoolExecutor.java:809)
        at java.util.concurrent.ThreadPoolExecutor.getTask(ThreadPoolExecutor.java:1074)
        at java.util.concurrent.ThreadPoolExecutor.runWorker(ThreadPoolExecutor.java:1134)
        at java.util.concurrent.ThreadPoolExecutor$Worker.run(ThreadPoolExecutor.java:624)
        at java.lang.Thread.run(Thread.java:750)
"IPC Server handler 12 on default port 33165" daemon prio=5 tid=1482 timed_waiting
java.lang.Thread.State: TIMED_WAITING
        at sun.misc.Unsafe.park(Native Method)
        at java.util.concurrent.locks.LockSupport.parkNanos(LockSupport.java:215)
        at java.util.concurrent.locks.AbstractQueuedSynchronizer$ConditionObject.awaitNanos(AbstractQueuedSynchronizer.java:2078)
        at java.util.concurrent.LinkedBlockingQueue.poll(LinkedBlockingQueue.java:467)
        at org.apache.hadoop.ipc.CallQueueManager.take(CallQueueManager.java:317)
        at org.apache.hadoop.ipc.Server$Handler.run(Server.java:2932)
"Socket Reader #1 for port 0"  prio=5 tid=1450 runnable
java.lang.Thread.State: RUNNABLE
        at sun.nio.ch.EPollArrayWrapper.epollWait(Native Method)
        at sun.nio.ch.EPollArrayWrapper.poll(EPollArrayWrapper.java:269)
        at sun.nio.ch.EPollSelectorImpl.doSelect(EPollSelectorImpl.java:93)
        at sun.nio.ch.SelectorImpl.lockAndDoSelect(SelectorImpl.java:86)
        at sun.nio.ch.SelectorImpl.select(SelectorImpl.java:97)
        at sun.nio.ch.SelectorImpl.select(SelectorImpl.java:101)
        at org.apache.hadoop.ipc.Server$Listener$Reader.doRunLoop(Server.java:1288)
        at org.apache.hadoop.ipc.Server$Listener$Reader.run(Server.java:1267)
"IPC Server handler 0 on default port 35985" daemon prio=5 tid=1386 timed_waiting
java.lang.Thread.State: TIMED_WAITING
        at sun.misc.Unsafe.park(Native Method)
        at java.util.concurrent.locks.LockSupport.parkNanos(LockSupport.java:215)
        at java.util.concurrent.locks.AbstractQueuedSynchronizer$ConditionObject.awaitNanos(AbstractQueuedSynchronizer.java:2078)
        at java.util.concurrent.LinkedBlockingQueue.poll(LinkedBlockingQueue.java:467)
        at org.apache.hadoop.ipc.CallQueueManager.take(CallQueueManager.java:317)
        at org.apache.hadoop.ipc.Server$Handler.run(Server.java:2932)
"BlockDeletingService#0" daemon prio=5 tid=1598 timed_waiting
java.lang.Thread.State: TIMED_WAITING
        at sun.misc.Unsafe.park(Native Method)
        at java.util.concurrent.locks.LockSupport.parkNanos(LockSupport.java:215)
        at java.util.concurrent.locks.AbstractQueuedSynchronizer$ConditionObject.awaitNanos(AbstractQueuedSynchronizer.java:2078)
        at java.util.concurrent.ScheduledThreadPoolExecutor$DelayedWorkQueue.take(ScheduledThreadPoolExecutor.java:1093)
        at java.util.concurrent.ScheduledThreadPoolExecutor$DelayedWorkQueue.take(ScheduledThreadPoolExecutor.java:809)
        at java.util.concurrent.ThreadPoolExecutor.getTask(ThreadPoolExecutor.java:1074)
        at java.util.concurrent.ThreadPoolExecutor.runWorker(ThreadPoolExecutor.java:1134)
        at java.util.concurrent.ThreadPoolExecutor$Worker.run(ThreadPoolExecutor.java:624)
        at java.lang.Thread.run(Thread.java:750)
"pool-532-thread-2"  prio=5 tid=1891 in Object.wait()
java.lang.Thread.State: WAITING (on object monitor)
        at sun.misc.Unsafe.park(Native Method)
        at java.util.concurrent.locks.LockSupport.park(LockSupport.java:175)
        at java.util.concurrent.locks.AbstractQueuedSynchronizer$ConditionObject.await(AbstractQueuedSynchronizer.java:2039)
        at java.util.concurrent.ArrayBlockingQueue.take(ArrayBlockingQueue.java:403)
        at java.util.concurrent.ThreadPoolExecutor.getTask(ThreadPoolExecutor.java:1074)
        at java.util.concurrent.ThreadPoolExecutor.runWorker(ThreadPoolExecutor.java:1134)
        at java.util.concurrent.ThreadPoolExecutor$Worker.run(ThreadPoolExecutor.java:624)
        at java.lang.Thread.run(Thread.java:750)
"Datanode ReportManager Thread - 3" daemon prio=5 tid=266 in Object.wait()
java.lang.Thread.State: WAITING (on object monitor)
        at sun.misc.Unsafe.park(Native Method)
        at java.util.concurrent.locks.LockSupport.park(LockSupport.java:175)
        at java.util.concurrent.locks.AbstractQueuedSynchronizer$ConditionObject.await(AbstractQueuedSynchronizer.java:2039)
        at java.util.concurrent.ScheduledThreadPoolExecutor$DelayedWorkQueue.take(ScheduledThreadPoolExecutor.java:1088)
        at java.util.concurrent.ScheduledThreadPoolExecutor$DelayedWorkQueue.take(ScheduledThreadPoolExecutor.java:809)
        at java.util.concurrent.ThreadPoolExecutor.getTask(ThreadPoolExecutor.java:1074)
        at java.util.concurrent.ThreadPoolExecutor.runWorker(ThreadPoolExecutor.java:1134)
        at java.util.concurrent.ThreadPoolExecutor$Worker.run(ThreadPoolExecutor.java:624)
        at java.lang.Thread.run(Thread.java:750)
"66188e3b-2de6-4632-9636-fbf530af5e5e-server-thread1" daemon prio=5 tid=1909 timed_waiting
java.lang.Thread.State: TIMED_WAITING
        at sun.misc.Unsafe.park(Native Method)
        at java.util.concurrent.locks.LockSupport.parkNanos(LockSupport.java:215)
        at java.util.concurrent.SynchronousQueue$TransferStack.awaitFulfill(SynchronousQueue.java:460)
        at java.util.concurrent.SynchronousQueue$TransferStack.transfer(SynchronousQueue.java:362)
        at java.util.concurrent.SynchronousQueue.poll(SynchronousQueue.java:941)
        at java.util.concurrent.ThreadPoolExecutor.getTask(ThreadPoolExecutor.java:1073)
        at java.util.concurrent.ThreadPoolExecutor.runWorker(ThreadPoolExecutor.java:1134)
        at java.util.concurrent.ThreadPoolExecutor$Worker.run(ThreadPoolExecutor.java:624)
        at java.lang.Thread.run(Thread.java:750)
"Datanode ReportManager Thread - 0" daemon prio=5 tid=1601 timed_waiting
java.lang.Thread.State: TIMED_WAITING
        at sun.misc.Unsafe.park(Native Method)
        at java.util.concurrent.locks.LockSupport.parkNanos(LockSupport.java:215)
        at java.util.concurrent.locks.AbstractQueuedSynchronizer$ConditionObject.awaitNanos(AbstractQueuedSynchronizer.java:2078)
        at java.util.concurrent.ScheduledThreadPoolExecutor$DelayedWorkQueue.take(ScheduledThreadPoolExecutor.java:1093)
        at java.util.concurrent.ScheduledThreadPoolExecutor$DelayedWorkQueue.take(ScheduledThreadPoolExecutor.java:809)
        at java.util.concurrent.ThreadPoolExecutor.getTask(ThreadPoolExecutor.java:1074)
        at java.util.concurrent.ThreadPoolExecutor.runWorker(ThreadPoolExecutor.java:1134)
        at java.util.concurrent.ThreadPoolExecutor$Worker.run(ThreadPoolExecutor.java:624)
        at java.lang.Thread.run(Thread.java:750)
"qtp1370197039-1621" daemon prio=5 tid=1621 timed_waiting
java.lang.Thread.State: TIMED_WAITING
        at sun.misc.Unsafe.park(Native Method)
        at java.util.concurrent.locks.LockSupport.parkNanos(LockSupport.java:215)
        at java.util.concurrent.locks.AbstractQueuedSynchronizer$ConditionObject.awaitNanos(AbstractQueuedSynchronizer.java:2078)
        at org.eclipse.jetty.util.BlockingArrayQueue.poll(BlockingArrayQueue.java:382)
        at org.eclipse.jetty.util.thread.QueuedThreadPool$Runner.idleJobPoll(QueuedThreadPool.java:974)
        at org.eclipse.jetty.util.thread.QueuedThreadPool$Runner.run(QueuedThreadPool.java:1018)
        at java.lang.Thread.run(Thread.java:750)
"qtp529864426-1532" daemon prio=5 tid=1532 timed_waiting
java.lang.Thread.State: TIMED_WAITING
        at sun.misc.Unsafe.park(Native Method)
        at java.util.concurrent.locks.LockSupport.parkNanos(LockSupport.java:215)
        at java.util.concurrent.locks.AbstractQueuedSynchronizer$ConditionObject.awaitNanos(AbstractQueuedSynchronizer.java:2078)
        at org.eclipse.jetty.util.BlockingArrayQueue.poll(BlockingArrayQueue.java:382)
        at org.eclipse.jetty.util.thread.QueuedThreadPool$Runner.idleJobPoll(QueuedThreadPool.java:974)
        at org.eclipse.jetty.util.thread.QueuedThreadPool$Runner.run(QueuedThreadPool.java:1018)
        at java.lang.Thread.run(Thread.java:750)
"BlockDeletingService#2" daemon prio=5 tid=1986 in Object.wait()
java.lang.Thread.State: WAITING (on object monitor)
        at sun.misc.Unsafe.park(Native Method)
        at java.util.concurrent.locks.LockSupport.park(LockSupport.java:175)
        at java.util.concurrent.locks.AbstractQueuedSynchronizer$ConditionObject.await(AbstractQueuedSynchronizer.java:2039)
        at java.util.concurrent.ScheduledThreadPoolExecutor$DelayedWorkQueue.take(ScheduledThreadPoolExecutor.java:1088)
        at java.util.concurrent.ScheduledThreadPoolExecutor$DelayedWorkQueue.take(ScheduledThreadPoolExecutor.java:809)
        at java.util.concurrent.ThreadPoolExecutor.getTask(ThreadPoolExecutor.java:1074)
        at java.util.concurrent.ThreadPoolExecutor.runWorker(ThreadPoolExecutor.java:1134)
        at java.util.concurrent.ThreadPoolExecutor$Worker.run(ThreadPoolExecutor.java:624)
        at java.lang.Thread.run(Thread.java:750)
"66188e3b-2de6-4632-9636-fbf530af5e5e@group-9C7B42EDD3A2->b721671c-f2e0-4f32-a472-e04e394ae124-GrpcLogAppender-LogAppenderDaemon" daemon prio=5 tid=1753 timed_waiting
java.lang.Thread.State: TIMED_WAITING
        at sun.misc.Unsafe.park(Native Method)
        at java.util.concurrent.locks.LockSupport.parkNanos(LockSupport.java:215)
        at java.util.concurrent.CompletableFuture$Signaller.block(CompletableFuture.java:1709)
        at java.util.concurrent.ForkJoinPool.managedBlock(ForkJoinPool.java:3323)
        at java.util.concurrent.CompletableFuture.timedGet(CompletableFuture.java:1788)
        at java.util.concurrent.CompletableFuture.get(CompletableFuture.java:1928)
        at org.apache.ratis.util.AwaitForSignal.await(AwaitForSignal.java:56)
        at org.apache.ratis.grpc.server.GrpcLogAppender.mayWait(GrpcLogAppender.java:169)
        at org.apache.ratis.grpc.server.GrpcLogAppender.run(GrpcLogAppender.java:128)
        at org.apache.ratis.server.leader.LogAppenderDaemon.run(LogAppenderDaemon.java:77)
        at org.apache.ratis.server.leader.LogAppenderDaemon$$Lambda$952/566533884.run(Unknown Source)
        at java.lang.Thread.run(Thread.java:750)
"org.apache.ratis.util.JvmPauseMonitor$$Lambda$627/395666382@464bb47f" daemon prio=5 tid=1632 timed_waiting
java.lang.Thread.State: TIMED_WAITING
        at java.lang.Thread.sleep(Native Method)
        at java.lang.Thread.sleep(Thread.java:342)
        at java.util.concurrent.TimeUnit.sleep(TimeUnit.java:386)
        at org.apache.ratis.util.TimeDuration.sleep(TimeDuration.java:325)
        at org.apache.ratis.util.TimeDuration.sleep(TimeDuration.java:310)
        at org.apache.ratis.util.JvmPauseMonitor.detectPause(JvmPauseMonitor.java:117)
        at org.apache.ratis.util.JvmPauseMonitor.run(JvmPauseMonitor.java:106)
        at org.apache.ratis.util.JvmPauseMonitor$$Lambda$627/395666382.run(Unknown Source)
        at java.lang.Thread.run(Thread.java:750)
"Datanode State Machine Task Thread - 1"  prio=5 tid=1636 in Object.wait()
java.lang.Thread.State: WAITING (on object monitor)
        at sun.misc.Unsafe.park(Native Method)
        at java.util.concurrent.locks.LockSupport.park(LockSupport.java:175)
        at java.util.concurrent.locks.AbstractQueuedSynchronizer$ConditionObject.await(AbstractQueuedSynchronizer.java:2039)
        at java.util.concurrent.LinkedBlockingQueue.take(LinkedBlockingQueue.java:442)
        at java.util.concurrent.ThreadPoolExecutor.getTask(ThreadPoolExecutor.java:1074)
        at java.util.concurrent.ThreadPoolExecutor.runWorker(ThreadPoolExecutor.java:1134)
        at java.util.concurrent.ThreadPoolExecutor$Worker.run(ThreadPoolExecutor.java:624)
        at java.lang.Thread.run(Thread.java:750)
"pool-532-thread-4"  prio=5 tid=1896 in Object.wait()
java.lang.Thread.State: WAITING (on object monitor)
        at sun.misc.Unsafe.park(Native Method)
        at java.util.concurrent.locks.LockSupport.park(LockSupport.java:175)
        at java.util.concurrent.locks.AbstractQueuedSynchronizer$ConditionObject.await(AbstractQueuedSynchronizer.java:2039)
        at java.util.concurrent.ArrayBlockingQueue.take(ArrayBlockingQueue.java:403)
        at java.util.concurrent.ThreadPoolExecutor.getTask(ThreadPoolExecutor.java:1074)
        at java.util.concurrent.ThreadPoolExecutor.runWorker(ThreadPoolExecutor.java:1134)
        at java.util.concurrent.ThreadPoolExecutor$Worker.run(ThreadPoolExecutor.java:624)
        at java.lang.Thread.run(Thread.java:750)
"ChunkWriter-3-0" daemon prio=5 tid=1667 in Object.wait()
java.lang.Thread.State: WAITING (on object monitor)
        at sun.misc.Unsafe.park(Native Method)
        at java.util.concurrent.locks.LockSupport.park(LockSupport.java:175)
        at java.util.concurrent.locks.AbstractQueuedSynchronizer$ConditionObject.await(AbstractQueuedSynchronizer.java:2039)
        at java.util.concurrent.LinkedBlockingDeque.takeFirst(LinkedBlockingDeque.java:492)
        at java.util.concurrent.LinkedBlockingDeque.take(LinkedBlockingDeque.java:680)
        at java.util.concurrent.ThreadPoolExecutor.getTask(ThreadPoolExecutor.java:1074)
        at java.util.concurrent.ThreadPoolExecutor.runWorker(ThreadPoolExecutor.java:1134)
        at java.util.concurrent.ThreadPoolExecutor$Worker.run(ThreadPoolExecutor.java:624)
        at java.lang.Thread.run(Thread.java:750)
"ChunkWriter-1-0" daemon prio=5 tid=1665 in Object.wait()
java.lang.Thread.State: WAITING (on object monitor)
        at sun.misc.Unsafe.park(Native Method)
        at java.util.concurrent.locks.LockSupport.park(LockSupport.java:175)
        at java.util.concurrent.locks.AbstractQueuedSynchronizer$ConditionObject.await(AbstractQueuedSynchronizer.java:2039)
        at java.util.concurrent.LinkedBlockingDeque.takeFirst(LinkedBlockingDeque.java:492)
        at java.util.concurrent.LinkedBlockingDeque.take(LinkedBlockingDeque.java:680)
        at java.util.concurrent.ThreadPoolExecutor.getTask(ThreadPoolExecutor.java:1074)
        at java.util.concurrent.ThreadPoolExecutor.runWorker(ThreadPoolExecutor.java:1134)
        at java.util.concurrent.ThreadPoolExecutor$Worker.run(ThreadPoolExecutor.java:624)
        at java.lang.Thread.run(Thread.java:750)
"org.apache.hadoop.util.JvmPauseMonitor$Monitor@4e9b1492" daemon prio=5 tid=1607 timed_waiting
java.lang.Thread.State: TIMED_WAITING
        at java.lang.Thread.sleep(Native Method)
        at org.apache.hadoop.util.JvmPauseMonitor$Monitor.run(JvmPauseMonitor.java:192)
        at java.lang.Thread.run(Thread.java:750)
"ContainerOp-5743b342-640f-4931-9abd-9c7b42edd3a2-6"  prio=5 tid=1848 in Object.wait()
java.lang.Thread.State: WAITING (on object monitor)
        at sun.misc.Unsafe.park(Native Method)
        at java.util.concurrent.locks.LockSupport.park(LockSupport.java:175)
        at java.util.concurrent.locks.AbstractQueuedSynchronizer$ConditionObject.await(AbstractQueuedSynchronizer.java:2039)
        at java.util.concurrent.LinkedBlockingQueue.take(LinkedBlockingQueue.java:442)
        at java.util.concurrent.ThreadPoolExecutor.getTask(ThreadPoolExecutor.java:1074)
        at java.util.concurrent.ThreadPoolExecutor.runWorker(ThreadPoolExecutor.java:1134)
        at java.util.concurrent.ThreadPoolExecutor$Worker.run(ThreadPoolExecutor.java:624)
        at java.lang.Thread.run(Thread.java:750)
"66188e3b-2de6-4632-9636-fbf530af5e5e@group-4B049B5241B0-StateMachineUpdater" daemon prio=5 tid=1720 timed_waiting
java.lang.Thread.State: TIMED_WAITING
        at sun.misc.Unsafe.park(Native Method)
        at java.util.concurrent.locks.LockSupport.parkNanos(LockSupport.java:215)
        at java.util.concurrent.CompletableFuture$Signaller.block(CompletableFuture.java:1709)
        at java.util.concurrent.ForkJoinPool.managedBlock(ForkJoinPool.java:3323)
        at java.util.concurrent.CompletableFuture.timedGet(CompletableFuture.java:1788)
        at java.util.concurrent.CompletableFuture.get(CompletableFuture.java:1928)
        at org.apache.ratis.util.AwaitForSignal.await(AwaitForSignal.java:56)
        at org.apache.ratis.server.impl.StateMachineUpdater.waitForCommit(StateMachineUpdater.java:207)
        at org.apache.ratis.server.impl.StateMachineUpdater.run(StateMachineUpdater.java:176)
        at java.lang.Thread.run(Thread.java:750)
"Datanode ReportManager Thread - 2" daemon prio=5 tid=1566 in Object.wait()
java.lang.Thread.State: WAITING (on object monitor)
        at sun.misc.Unsafe.park(Native Method)
        at java.util.concurrent.locks.LockSupport.park(LockSupport.java:175)
        at java.util.concurrent.locks.AbstractQueuedSynchronizer$ConditionObject.await(AbstractQueuedSynchronizer.java:2039)
        at java.util.concurrent.ScheduledThreadPoolExecutor$DelayedWorkQueue.take(ScheduledThreadPoolExecutor.java:1088)
        at java.util.concurrent.ScheduledThreadPoolExecutor$DelayedWorkQueue.take(ScheduledThreadPoolExecutor.java:809)
        at java.util.concurrent.ThreadPoolExecutor.getTask(ThreadPoolExecutor.java:1074)
        at java.util.concurrent.ThreadPoolExecutor.runWorker(ThreadPoolExecutor.java:1134)
        at java.util.concurrent.ThreadPoolExecutor$Worker.run(ThreadPoolExecutor.java:624)
        at java.lang.Thread.run(Thread.java:750)
"qtp281085525-1559" daemon prio=5 tid=1559 timed_waiting
java.lang.Thread.State: TIMED_WAITING
        at sun.misc.Unsafe.park(Native Method)
        at java.util.concurrent.locks.LockSupport.parkNanos(LockSupport.java:215)
        at java.util.concurrent.locks.AbstractQueuedSynchronizer$ConditionObject.awaitNanos(AbstractQueuedSynchronizer.java:2078)
        at org.eclipse.jetty.util.BlockingArrayQueue.poll(BlockingArrayQueue.java:382)
        at org.eclipse.jetty.util.thread.QueuedThreadPool$Runner.idleJobPoll(QueuedThreadPool.java:974)
        at org.eclipse.jetty.util.thread.QueuedThreadPool$Runner.run(QueuedThreadPool.java:1018)
        at java.lang.Thread.run(Thread.java:750)
"Datanode State Machine Task Thread - 0"  prio=5 tid=1608 in Object.wait()
java.lang.Thread.State: WAITING (on object monitor)
        at sun.misc.Unsafe.park(Native Method)
        at java.util.concurrent.locks.LockSupport.park(LockSupport.java:175)
        at java.util.concurrent.locks.AbstractQueuedSynchronizer$ConditionObject.await(AbstractQueuedSynchronizer.java:2039)
        at java.util.concurrent.LinkedBlockingQueue.take(LinkedBlockingQueue.java:442)
        at java.util.concurrent.ThreadPoolExecutor.getTask(ThreadPoolExecutor.java:1074)
        at java.util.concurrent.ThreadPoolExecutor.runWorker(ThreadPoolExecutor.java:1134)
        at java.util.concurrent.ThreadPoolExecutor$Worker.run(ThreadPoolExecutor.java:624)
        at java.lang.Thread.run(Thread.java:750)
"Datanode State Machine Daemon Thread" daemon prio=5 tid=1509 timed_waiting
java.lang.Thread.State: TIMED_WAITING
        at java.lang.Thread.sleep(Native Method)
        at org.apache.hadoop.ozone.container.common.statemachine.DatanodeStateMachine.startStateMachineThread(DatanodeStateMachine.java:313)
        at org.apache.hadoop.ozone.container.common.statemachine.DatanodeStateMachine.lambda$startDaemon$0(DatanodeStateMachine.java:493)
        at org.apache.hadoop.ozone.container.common.statemachine.DatanodeStateMachine$$Lambda$670/815817331.run(Unknown Source)
        at java.lang.Thread.run(Thread.java:750)
"qtp192389035-1437" daemon prio=5 tid=1437 timed_waiting
java.lang.Thread.State: TIMED_WAITING
        at sun.misc.Unsafe.park(Native Method)
        at java.util.concurrent.locks.LockSupport.parkNanos(LockSupport.java:215)
        at java.util.concurrent.locks.AbstractQueuedSynchronizer$ConditionObject.awaitNanos(AbstractQueuedSynchronizer.java:2078)
        at org.eclipse.jetty.util.BlockingArrayQueue.poll(BlockingArrayQueue.java:382)
        at org.eclipse.jetty.util.thread.QueuedThreadPool$Runner.idleJobPoll(QueuedThreadPool.java:974)
        at org.eclipse.jetty.util.thread.QueuedThreadPool$Runner.run(QueuedThreadPool.java:1018)
        at java.lang.Thread.run(Thread.java:750)
"org.apache.hadoop.ozone.container.common.statemachine.commandhandler.DeleteBlocksCommandHandler$DeleteCmdWorker@4feb51d6" daemon prio=5 tid=879 runnable
java.lang.Thread.State: RUNNABLE
        at java.lang.Thread.sleep(Native Method)
        at org.apache.hadoop.ozone.container.common.statemachine.commandhandler.DeleteBlocksCommandHandler$DeleteCmdWorker.run(DeleteBlocksCommandHandler.java:185)
        at java.lang.Thread.run(Thread.java:750)
"IPC Server handler 6 on default port 40713" daemon prio=5 tid=1372 timed_waiting
java.lang.Thread.State: TIMED_WAITING
        at sun.misc.Unsafe.park(Native Method)
        at java.util.concurrent.locks.LockSupport.parkNanos(LockSupport.java:215)
        at java.util.concurrent.locks.AbstractQueuedSynchronizer$ConditionObject.awaitNanos(AbstractQueuedSynchronizer.java:2078)
        at java.util.concurrent.LinkedBlockingQueue.poll(LinkedBlockingQueue.java:467)
        at org.apache.hadoop.ipc.CallQueueManager.take(CallQueueManager.java:317)
        at org.apache.hadoop.ipc.Server$Handler.run(Server.java:2932)
"4178a181-7a8b-49ec-906e-515996c40b3d@group-8D797CAEE693-StateMachineUpdater" daemon prio=5 tid=1699 timed_waiting
java.lang.Thread.State: TIMED_WAITING
        at sun.misc.Unsafe.park(Native Method)
        at java.util.concurrent.locks.LockSupport.parkNanos(LockSupport.java:215)
        at java.util.concurrent.CompletableFuture$Signaller.block(CompletableFuture.java:1709)
        at java.util.concurrent.ForkJoinPool.managedBlock(ForkJoinPool.java:3323)
        at java.util.concurrent.CompletableFuture.timedGet(CompletableFuture.java:1788)
        at java.util.concurrent.CompletableFuture.get(CompletableFuture.java:1928)
        at org.apache.ratis.util.AwaitForSignal.await(AwaitForSignal.java:56)
        at org.apache.ratis.server.impl.StateMachineUpdater.waitForCommit(StateMachineUpdater.java:207)
        at org.apache.ratis.server.impl.StateMachineUpdater.run(StateMachineUpdater.java:176)
        at java.lang.Thread.run(Thread.java:750)
"EndpointStateMachine task thread for /0.0.0.0:44953 - 0 "  prio=5 tid=981 in Object.wait()
java.lang.Thread.State: WAITING (on object monitor)
        at sun.misc.Unsafe.park(Native Method)
        at java.util.concurrent.locks.LockSupport.park(LockSupport.java:175)
        at java.util.concurrent.locks.AbstractQueuedSynchronizer$ConditionObject.await(AbstractQueuedSynchronizer.java:2039)
        at java.util.concurrent.LinkedBlockingQueue.take(LinkedBlockingQueue.java:442)
        at java.util.concurrent.ThreadPoolExecutor.getTask(ThreadPoolExecutor.java:1074)
        at java.util.concurrent.ThreadPoolExecutor.runWorker(ThreadPoolExecutor.java:1134)
        at java.util.concurrent.ThreadPoolExecutor$Worker.run(ThreadPoolExecutor.java:624)
        at java.lang.Thread.run(Thread.java:750)
"87fb9657-1567-464e-bbce-51798844cbf7@group-B48B88EBAB1D-LeaderStateImpl" daemon prio=5 tid=1823 timed_waiting
java.lang.Thread.State: TIMED_WAITING
        at sun.misc.Unsafe.park(Native Method)
        at java.util.concurrent.locks.LockSupport.parkNanos(LockSupport.java:215)
        at java.util.concurrent.locks.AbstractQueuedSynchronizer$ConditionObject.awaitNanos(AbstractQueuedSynchronizer.java:2078)
        at java.util.concurrent.ArrayBlockingQueue.poll(ArrayBlockingQueue.java:418)
        at org.apache.ratis.server.impl.LeaderStateImpl$EventQueue.poll(LeaderStateImpl.java:159)
        at org.apache.ratis.server.impl.LeaderStateImpl$EventProcessor.run(LeaderStateImpl.java:630)
"IPC Server handler 5 on default port 40713" daemon prio=5 tid=1371 timed_waiting
java.lang.Thread.State: TIMED_WAITING
        at sun.misc.Unsafe.park(Native Method)
        at java.util.concurrent.locks.LockSupport.parkNanos(LockSupport.java:215)
        at java.util.concurrent.locks.AbstractQueuedSynchronizer$ConditionObject.awaitNanos(AbstractQueuedSynchronizer.java:2078)
        at java.util.concurrent.LinkedBlockingQueue.poll(LinkedBlockingQueue.java:467)
        at org.apache.hadoop.ipc.CallQueueManager.take(CallQueueManager.java:317)
        at org.apache.hadoop.ipc.Server$Handler.run(Server.java:2932)
"Datanode ReportManager Thread - 2" daemon prio=5 tid=291 in Object.wait()
java.lang.Thread.State: WAITING (on object monitor)
        at sun.misc.Unsafe.park(Native Method)
        at java.util.concurrent.locks.LockSupport.park(LockSupport.java:175)
        at java.util.concurrent.locks.AbstractQueuedSynchronizer$ConditionObject.await(AbstractQueuedSynchronizer.java:2039)
        at java.util.concurrent.ScheduledThreadPoolExecutor$DelayedWorkQueue.take(ScheduledThreadPoolExecutor.java:1088)
        at java.util.concurrent.ScheduledThreadPoolExecutor$DelayedWorkQueue.take(ScheduledThreadPoolExecutor.java:809)
        at java.util.concurrent.ThreadPoolExecutor.getTask(ThreadPoolExecutor.java:1074)
        at java.util.concurrent.ThreadPoolExecutor.runWorker(ThreadPoolExecutor.java:1134)
        at java.util.concurrent.ThreadPoolExecutor$Worker.run(ThreadPoolExecutor.java:624)
        at java.lang.Thread.run(Thread.java:750)
"Command processor thread" daemon prio=5 tid=1606 timed_waiting
java.lang.Thread.State: TIMED_WAITING
        at java.lang.Thread.sleep(Native Method)
        at org.apache.hadoop.ozone.container.common.statemachine.DatanodeStateMachine.lambda$initCommandHandlerThread$3(DatanodeStateMachine.java:628)
        at org.apache.hadoop.ozone.container.common.statemachine.DatanodeStateMachine$$Lambda$681/469466819.run(Unknown Source)
        at java.lang.Thread.run(Thread.java:750)
"EventQueue-PipelineReportForOneReplicaPipelineSafeModeRule" daemon prio=5 tid=1660 in Object.wait()
java.lang.Thread.State: WAITING (on object monitor)
        at sun.misc.Unsafe.park(Native Method)
        at java.util.concurrent.locks.LockSupport.park(LockSupport.java:175)
        at java.util.concurrent.locks.AbstractQueuedSynchronizer$ConditionObject.await(AbstractQueuedSynchronizer.java:2039)
        at java.util.concurrent.LinkedBlockingQueue.take(LinkedBlockingQueue.java:442)
        at java.util.concurrent.ThreadPoolExecutor.getTask(ThreadPoolExecutor.java:1074)
        at java.util.concurrent.ThreadPoolExecutor.runWorker(ThreadPoolExecutor.java:1134)
        at java.util.concurrent.ThreadPoolExecutor$Worker.run(ThreadPoolExecutor.java:624)
        at java.lang.Thread.run(Thread.java:750)
"java.util.concurrent.ThreadPoolExecutor$Worker@2337b046[State = -1, empty queue]" daemon prio=5 tid=1756 timed_waiting
java.lang.Thread.State: TIMED_WAITING
        at sun.misc.Unsafe.park(Native Method)
        at java.util.concurrent.locks.LockSupport.parkNanos(LockSupport.java:215)
        at java.util.concurrent.locks.AbstractQueuedSynchronizer$ConditionObject.awaitNanos(AbstractQueuedSynchronizer.java:2078)
        at java.util.concurrent.ScheduledThreadPoolExecutor$DelayedWorkQueue.take(ScheduledThreadPoolExecutor.java:1093)
        at java.util.concurrent.ScheduledThreadPoolExecutor$DelayedWorkQueue.take(ScheduledThreadPoolExecutor.java:809)
        at java.util.concurrent.ThreadPoolExecutor.getTask(ThreadPoolExecutor.java:1074)
        at java.util.concurrent.ThreadPoolExecutor.runWorker(ThreadPoolExecutor.java:1134)
        at java.util.concurrent.ThreadPoolExecutor$Worker.run(ThreadPoolExecutor.java:624)
        at java.lang.Thread.run(Thread.java:750)
"org.apache.hadoop.util.JvmPauseMonitor$Monitor@460d42b9" daemon prio=5 tid=1427 timed_waiting
java.lang.Thread.State: TIMED_WAITING
        at java.lang.Thread.sleep(Native Method)
        at org.apache.hadoop.util.JvmPauseMonitor$Monitor.run(JvmPauseMonitor.java:192)
        at java.lang.Thread.run(Thread.java:750)
"IPC Server handler 8 on default port 35985" daemon prio=5 tid=1394 timed_waiting
java.lang.Thread.State: TIMED_WAITING
        at sun.misc.Unsafe.park(Native Method)
        at java.util.concurrent.locks.LockSupport.parkNanos(LockSupport.java:215)
        at java.util.concurrent.locks.AbstractQueuedSynchronizer$ConditionObject.awaitNanos(AbstractQueuedSynchronizer.java:2078)
        at java.util.concurrent.LinkedBlockingQueue.poll(LinkedBlockingQueue.java:467)
        at org.apache.hadoop.ipc.CallQueueManager.take(CallQueueManager.java:317)
        at org.apache.hadoop.ipc.Server$Handler.run(Server.java:2932)
"IPC Server handler 11 on default port 41993" daemon prio=5 tid=1417 timed_waiting
java.lang.Thread.State: TIMED_WAITING
        at sun.misc.Unsafe.park(Native Method)
        at java.util.concurrent.locks.LockSupport.parkNanos(LockSupport.java:215)
        at java.util.concurrent.locks.AbstractQueuedSynchronizer$ConditionObject.awaitNanos(AbstractQueuedSynchronizer.java:2078)
        at java.util.concurrent.LinkedBlockingQueue.poll(LinkedBlockingQueue.java:467)
        at org.apache.hadoop.ipc.CallQueueManager.take(CallQueueManager.java:317)
        at org.apache.hadoop.ipc.Server$Handler.run(Server.java:2932)
"IPC Server handler 4 on default port 41993" daemon prio=5 tid=1410 timed_waiting
java.lang.Thread.State: TIMED_WAITING
        at sun.misc.Unsafe.park(Native Method)
        at java.util.concurrent.locks.LockSupport.parkNanos(LockSupport.java:215)
        at java.util.concurrent.locks.AbstractQueuedSynchronizer$ConditionObject.awaitNanos(AbstractQueuedSynchronizer.java:2078)
        at java.util.concurrent.LinkedBlockingQueue.poll(LinkedBlockingQueue.java:467)
        at org.apache.hadoop.ipc.CallQueueManager.take(CallQueueManager.java:317)
        at org.apache.hadoop.ipc.Server$Handler.run(Server.java:2932)
"IPC Server handler 13 on default port 40713" daemon prio=5 tid=1379 timed_waiting
java.lang.Thread.State: TIMED_WAITING
        at sun.misc.Unsafe.park(Native Method)
        at java.util.concurrent.locks.LockSupport.parkNanos(LockSupport.java:215)
        at java.util.concurrent.locks.AbstractQueuedSynchronizer$ConditionObject.awaitNanos(AbstractQueuedSynchronizer.java:2078)
        at java.util.concurrent.LinkedBlockingQueue.poll(LinkedBlockingQueue.java:467)
        at org.apache.hadoop.ipc.CallQueueManager.take(CallQueueManager.java:317)
        at org.apache.hadoop.ipc.Server$Handler.run(Server.java:2932)
"IPC Server handler 7 on default port 40713" daemon prio=5 tid=1373 timed_waiting
java.lang.Thread.State: TIMED_WAITING
        at sun.misc.Unsafe.park(Native Method)
        at java.util.concurrent.locks.LockSupport.parkNanos(LockSupport.java:215)
        at java.util.concurrent.locks.AbstractQueuedSynchronizer$ConditionObject.awaitNanos(AbstractQueuedSynchronizer.java:2078)
        at java.util.concurrent.LinkedBlockingQueue.poll(LinkedBlockingQueue.java:467)
        at org.apache.hadoop.ipc.CallQueueManager.take(CallQueueManager.java:317)
        at org.apache.hadoop.ipc.Server$Handler.run(Server.java:2932)
"Session-HouseKeeper-32b32522-1"  prio=5 tid=1469 timed_waiting
java.lang.Thread.State: TIMED_WAITING
        at sun.misc.Unsafe.park(Native Method)
        at java.util.concurrent.locks.LockSupport.parkNanos(LockSupport.java:215)
        at java.util.concurrent.locks.AbstractQueuedSynchronizer$ConditionObject.awaitNanos(AbstractQueuedSynchronizer.java:2078)
        at java.util.concurrent.ScheduledThreadPoolExecutor$DelayedWorkQueue.take(ScheduledThreadPoolExecutor.java:1093)
        at java.util.concurrent.ScheduledThreadPoolExecutor$DelayedWorkQueue.take(ScheduledThreadPoolExecutor.java:809)
        at java.util.concurrent.ThreadPoolExecutor.getTask(ThreadPoolExecutor.java:1074)
        at java.util.concurrent.ThreadPoolExecutor.runWorker(ThreadPoolExecutor.java:1134)
        at java.util.concurrent.ThreadPoolExecutor$Worker.run(ThreadPoolExecutor.java:624)
        at java.lang.Thread.run(Thread.java:750)
"IPC Server handler 8 on default port 41993" daemon prio=5 tid=1414 timed_waiting
java.lang.Thread.State: TIMED_WAITING
        at sun.misc.Unsafe.park(Native Method)
        at java.util.concurrent.locks.LockSupport.parkNanos(LockSupport.java:215)
        at java.util.concurrent.locks.AbstractQueuedSynchronizer$ConditionObject.awaitNanos(AbstractQueuedSynchronizer.java:2078)
        at java.util.concurrent.LinkedBlockingQueue.poll(LinkedBlockingQueue.java:467)
        at org.apache.hadoop.ipc.CallQueueManager.take(CallQueueManager.java:317)
        at org.apache.hadoop.ipc.Server$Handler.run(Server.java:2932)
"ContainerOp-5743b342-640f-4931-9abd-9c7b42edd3a2-4"  prio=5 tid=1829 in Object.wait()
java.lang.Thread.State: WAITING (on object monitor)
        at sun.misc.Unsafe.park(Native Method)
        at java.util.concurrent.locks.LockSupport.park(LockSupport.java:175)
        at java.util.concurrent.locks.AbstractQueuedSynchronizer$ConditionObject.await(AbstractQueuedSynchronizer.java:2039)
        at java.util.concurrent.LinkedBlockingQueue.take(LinkedBlockingQueue.java:442)
        at java.util.concurrent.ThreadPoolExecutor.getTask(ThreadPoolExecutor.java:1074)
        at java.util.concurrent.ThreadPoolExecutor.runWorker(ThreadPoolExecutor.java:1134)
        at java.util.concurrent.ThreadPoolExecutor$Worker.run(ThreadPoolExecutor.java:624)
        at java.lang.Thread.run(Thread.java:750)
"qtp766929737-1505" daemon prio=5 tid=1505 timed_waiting
java.lang.Thread.State: TIMED_WAITING
        at sun.misc.Unsafe.park(Native Method)
        at java.util.concurrent.locks.LockSupport.parkNanos(LockSupport.java:215)
        at java.util.concurrent.locks.AbstractQueuedSynchronizer$ConditionObject.awaitNanos(AbstractQueuedSynchronizer.java:2078)
        at org.eclipse.jetty.util.BlockingArrayQueue.poll(BlockingArrayQueue.java:382)
        at org.eclipse.jetty.util.thread.QueuedThreadPool$Runner.idleJobPoll(QueuedThreadPool.java:974)
        at org.eclipse.jetty.util.thread.QueuedThreadPool$Runner.run(QueuedThreadPool.java:1018)
        at java.lang.Thread.run(Thread.java:750)
"org.apache.ratis.util.JvmPauseMonitor$$Lambda$627/395666382@1d1062b9" daemon prio=5 tid=1455 timed_waiting
java.lang.Thread.State: TIMED_WAITING
        at java.lang.Thread.sleep(Native Method)
        at java.lang.Thread.sleep(Thread.java:342)
        at java.util.concurrent.TimeUnit.sleep(TimeUnit.java:386)
        at org.apache.ratis.util.TimeDuration.sleep(TimeDuration.java:325)
        at org.apache.ratis.util.TimeDuration.sleep(TimeDuration.java:310)
        at org.apache.ratis.util.JvmPauseMonitor.detectPause(JvmPauseMonitor.java:117)
        at org.apache.ratis.util.JvmPauseMonitor.run(JvmPauseMonitor.java:106)
        at org.apache.ratis.util.JvmPauseMonitor$$Lambda$627/395666382.run(Unknown Source)
        at java.lang.Thread.run(Thread.java:750)
"IPC Server handler 9 on default port 35985" daemon prio=5 tid=1395 timed_waiting
java.lang.Thread.State: TIMED_WAITING
        at sun.misc.Unsafe.park(Native Method)
        at java.util.concurrent.locks.LockSupport.parkNanos(LockSupport.java:215)
        at java.util.concurrent.locks.AbstractQueuedSynchronizer$ConditionObject.awaitNanos(AbstractQueuedSynchronizer.java:2078)
        at java.util.concurrent.LinkedBlockingQueue.poll(LinkedBlockingQueue.java:467)
        at org.apache.hadoop.ipc.CallQueueManager.take(CallQueueManager.java:317)
        at org.apache.hadoop.ipc.Server$Handler.run(Server.java:2932)
"Reference Handler" daemon prio=10 tid=2 in Object.wait()
java.lang.Thread.State: WAITING (on object monitor)
        at java.lang.Object.wait(Native Method)
        at java.lang.Object.wait(Object.java:502)
        at java.lang.ref.Reference.tryHandlePending(Reference.java:191)
        at java.lang.ref.Reference$ReferenceHandler.run(Reference.java:153)
"BlockDeletingService#0" daemon prio=5 tid=1670 timed_waiting
java.lang.Thread.State: TIMED_WAITING
        at sun.misc.Unsafe.park(Native Method)
        at java.util.concurrent.locks.LockSupport.parkNanos(LockSupport.java:215)
        at java.util.concurrent.locks.AbstractQueuedSynchronizer$ConditionObject.awaitNanos(AbstractQueuedSynchronizer.java:2078)
        at java.util.concurrent.ScheduledThreadPoolExecutor$DelayedWorkQueue.take(ScheduledThreadPoolExecutor.java:1093)
        at java.util.concurrent.ScheduledThreadPoolExecutor$DelayedWorkQueue.take(ScheduledThreadPoolExecutor.java:809)
        at java.util.concurrent.ThreadPoolExecutor.getTask(ThreadPoolExecutor.java:1074)
        at java.util.concurrent.ThreadPoolExecutor.runWorker(ThreadPoolExecutor.java:1134)
        at java.util.concurrent.ThreadPoolExecutor$Worker.run(ThreadPoolExecutor.java:624)
        at java.lang.Thread.run(Thread.java:750)
"pool-567-thread-1"  prio=5 tid=1702 in Object.wait()
java.lang.Thread.State: WAITING (on object monitor)
        at sun.misc.Unsafe.park(Native Method)
        at java.util.concurrent.locks.LockSupport.park(LockSupport.java:175)
        at java.util.concurrent.locks.AbstractQueuedSynchronizer$ConditionObject.await(AbstractQueuedSynchronizer.java:2039)
        at java.util.concurrent.LinkedBlockingQueue.take(LinkedBlockingQueue.java:442)
        at java.util.concurrent.ThreadPoolExecutor.getTask(ThreadPoolExecutor.java:1074)
        at java.util.concurrent.ThreadPoolExecutor.runWorker(ThreadPoolExecutor.java:1134)
        at java.util.concurrent.ThreadPoolExecutor$Worker.run(ThreadPoolExecutor.java:624)
        at java.lang.Thread.run(Thread.java:750)
"org.apache.hadoop.util.JvmPauseMonitor$Monitor@650df721" daemon prio=5 tid=1645 timed_waiting
java.lang.Thread.State: TIMED_WAITING
        at java.lang.Thread.sleep(Native Method)
        at org.apache.hadoop.util.JvmPauseMonitor$Monitor.run(JvmPauseMonitor.java:192)
        at java.lang.Thread.run(Thread.java:750)
"Session-HouseKeeper-1e3f66c6-1"  prio=5 tid=1562 timed_waiting
java.lang.Thread.State: TIMED_WAITING
        at sun.misc.Unsafe.park(Native Method)
        at java.util.concurrent.locks.LockSupport.parkNanos(LockSupport.java:215)
        at java.util.concurrent.locks.AbstractQueuedSynchronizer$ConditionObject.awaitNanos(AbstractQueuedSynchronizer.java:2078)
        at java.util.concurrent.ScheduledThreadPoolExecutor$DelayedWorkQueue.take(ScheduledThreadPoolExecutor.java:1093)
        at java.util.concurrent.ScheduledThreadPoolExecutor$DelayedWorkQueue.take(ScheduledThreadPoolExecutor.java:809)
        at java.util.concurrent.ThreadPoolExecutor.getTask(ThreadPoolExecutor.java:1074)
        at java.util.concurrent.ThreadPoolExecutor.runWorker(ThreadPoolExecutor.java:1134)
        at java.util.concurrent.ThreadPoolExecutor$Worker.run(ThreadPoolExecutor.java:624)
        at java.lang.Thread.run(Thread.java:750)
"DatanodeAdminManager-0" daemon prio=5 tid=1350 timed_waiting
java.lang.Thread.State: TIMED_WAITING
        at sun.misc.Unsafe.park(Native Method)
        at java.util.concurrent.locks.LockSupport.parkNanos(LockSupport.java:215)
        at java.util.concurrent.locks.AbstractQueuedSynchronizer$ConditionObject.awaitNanos(AbstractQueuedSynchronizer.java:2078)
        at java.util.concurrent.ScheduledThreadPoolExecutor$DelayedWorkQueue.take(ScheduledThreadPoolExecutor.java:1093)
        at java.util.concurrent.ScheduledThreadPoolExecutor$DelayedWorkQueue.take(ScheduledThreadPoolExecutor.java:809)
        at java.util.concurrent.ThreadPoolExecutor.getTask(ThreadPoolExecutor.java:1074)
        at java.util.concurrent.ThreadPoolExecutor.runWorker(ThreadPoolExecutor.java:1134)
        at java.util.concurrent.ThreadPoolExecutor$Worker.run(ThreadPoolExecutor.java:624)
        at java.lang.Thread.run(Thread.java:750)
"EndpointStateMachine task thread for /0.0.0.0:41993 - 0 "  prio=5 tid=1590 in Object.wait()
java.lang.Thread.State: WAITING (on object monitor)
        at sun.misc.Unsafe.park(Native Method)
        at java.util.concurrent.locks.LockSupport.park(LockSupport.java:175)
        at java.util.concurrent.locks.AbstractQueuedSynchronizer$ConditionObject.await(AbstractQueuedSynchronizer.java:2039)
        at java.util.concurrent.LinkedBlockingQueue.take(LinkedBlockingQueue.java:442)
        at java.util.concurrent.ThreadPoolExecutor.getTask(ThreadPoolExecutor.java:1074)
        at java.util.concurrent.ThreadPoolExecutor.runWorker(ThreadPoolExecutor.java:1134)
        at java.util.concurrent.ThreadPoolExecutor$Worker.run(ThreadPoolExecutor.java:624)
        at java.lang.Thread.run(Thread.java:750)
"grpc-default-boss-ELG-6-1" daemon prio=5 tid=1454 runnable
java.lang.Thread.State: RUNNABLE
        at org.apache.ratis.thirdparty.io.netty.channel.epoll.Native.epollWait(Native Method)
        at org.apache.ratis.thirdparty.io.netty.channel.epoll.Native.epollWait(Native.java:193)
        at org.apache.ratis.thirdparty.io.netty.channel.epoll.Native.epollWait(Native.java:186)
        at org.apache.ratis.thirdparty.io.netty.channel.epoll.EpollEventLoop.epollWaitNoTimerChange(EpollEventLoop.java:290)
        at org.apache.ratis.thirdparty.io.netty.channel.epoll.EpollEventLoop.run(EpollEventLoop.java:347)
        at org.apache.ratis.thirdparty.io.netty.util.concurrent.SingleThreadEventExecutor$4.run(SingleThreadEventExecutor.java:986)
        at org.apache.ratis.thirdparty.io.netty.util.internal.ThreadExecutorMap$2.run(ThreadExecutorMap.java:74)
        at org.apache.ratis.thirdparty.io.netty.util.concurrent.FastThreadLocalRunnable.run(FastThreadLocalRunnable.java:30)
        at java.lang.Thread.run(Thread.java:750)
"4178a181-7a8b-49ec-906e-515996c40b3d@group-9C7B42EDD3A2-FollowerState" daemon prio=5 tid=1751 timed_waiting
java.lang.Thread.State: TIMED_WAITING
        at java.lang.Thread.sleep(Native Method)
        at java.lang.Thread.sleep(Thread.java:342)
        at java.util.concurrent.TimeUnit.sleep(TimeUnit.java:386)
        at org.apache.ratis.util.TimeDuration.sleep(TimeDuration.java:325)
        at org.apache.ratis.util.TimeDuration.sleep(TimeDuration.java:310)
        at org.apache.ratis.server.impl.FollowerState.run(FollowerState.java:128)
"Datanode ReportManager Thread - 2" daemon prio=5 tid=985 in Object.wait()
java.lang.Thread.State: WAITING (on object monitor)
        at sun.misc.Unsafe.park(Native Method)
        at java.util.concurrent.locks.LockSupport.park(LockSupport.java:175)
        at java.util.concurrent.locks.AbstractQueuedSynchronizer$ConditionObject.await(AbstractQueuedSynchronizer.java:2039)
        at java.util.concurrent.ScheduledThreadPoolExecutor$DelayedWorkQueue.take(ScheduledThreadPoolExecutor.java:1088)
        at java.util.concurrent.ScheduledThreadPoolExecutor$DelayedWorkQueue.take(ScheduledThreadPoolExecutor.java:809)
        at java.util.concurrent.ThreadPoolExecutor.getTask(ThreadPoolExecutor.java:1074)
        at java.util.concurrent.ThreadPoolExecutor.runWorker(ThreadPoolExecutor.java:1134)
        at java.util.concurrent.ThreadPoolExecutor$Worker.run(ThreadPoolExecutor.java:624)
        at java.lang.Thread.run(Thread.java:750)
"Datanode ReportManager Thread - 0" daemon prio=5 tid=1564 in Object.wait()
java.lang.Thread.State: WAITING (on object monitor)
        at sun.misc.Unsafe.park(Native Method)
        at java.util.concurrent.locks.LockSupport.park(LockSupport.java:175)
        at java.util.concurrent.locks.AbstractQueuedSynchronizer$ConditionObject.await(AbstractQueuedSynchronizer.java:2039)
        at java.util.concurrent.ScheduledThreadPoolExecutor$DelayedWorkQueue.take(ScheduledThreadPoolExecutor.java:1088)
        at java.util.concurrent.ScheduledThreadPoolExecutor$DelayedWorkQueue.take(ScheduledThreadPoolExecutor.java:809)
        at java.util.concurrent.ThreadPoolExecutor.getTask(ThreadPoolExecutor.java:1074)
        at java.util.concurrent.ThreadPoolExecutor.runWorker(ThreadPoolExecutor.java:1134)
        at java.util.concurrent.ThreadPoolExecutor$Worker.run(ThreadPoolExecutor.java:624)
        at java.lang.Thread.run(Thread.java:750)
"Datanode ReportManager Thread - 4" daemon prio=5 tid=869 in Object.wait()
java.lang.Thread.State: WAITING (on object monitor)
        at sun.misc.Unsafe.park(Native Method)
        at java.util.concurrent.locks.LockSupport.park(LockSupport.java:175)
        at java.util.concurrent.locks.AbstractQueuedSynchronizer$ConditionObject.await(AbstractQueuedSynchronizer.java:2039)
        at java.util.concurrent.ScheduledThreadPoolExecutor$DelayedWorkQueue.take(ScheduledThreadPoolExecutor.java:1088)
        at java.util.concurrent.ScheduledThreadPoolExecutor$DelayedWorkQueue.take(ScheduledThreadPoolExecutor.java:809)
        at java.util.concurrent.ThreadPoolExecutor.getTask(ThreadPoolExecutor.java:1074)
        at java.util.concurrent.ThreadPoolExecutor.runWorker(ThreadPoolExecutor.java:1134)
        at java.util.concurrent.ThreadPoolExecutor$Worker.run(ThreadPoolExecutor.java:624)
        at java.lang.Thread.run(Thread.java:750)
"FixedThreadPoolWithAffinityExecutor-0-0" daemon prio=5 tid=1656 in Object.wait()
java.lang.Thread.State: WAITING (on object monitor)
        at sun.misc.Unsafe.park(Native Method)
        at java.util.concurrent.locks.LockSupport.park(LockSupport.java:175)
        at java.util.concurrent.locks.AbstractQueuedSynchronizer$ConditionObject.await(AbstractQueuedSynchronizer.java:2039)
        at java.util.concurrent.LinkedBlockingDeque.takeFirst(LinkedBlockingDeque.java:492)
        at java.util.concurrent.LinkedBlockingDeque.take(LinkedBlockingDeque.java:680)
        at java.util.concurrent.ThreadPoolExecutor.getTask(ThreadPoolExecutor.java:1074)
        at java.util.concurrent.ThreadPoolExecutor.runWorker(ThreadPoolExecutor.java:1134)
        at java.util.concurrent.ThreadPoolExecutor$Worker.run(ThreadPoolExecutor.java:624)
        at java.lang.Thread.run(Thread.java:750)
"qtp766929737-1504" daemon prio=5 tid=1504 timed_waiting
java.lang.Thread.State: TIMED_WAITING
        at sun.misc.Unsafe.park(Native Method)
        at java.util.concurrent.locks.LockSupport.parkNanos(LockSupport.java:215)
        at java.util.concurrent.locks.AbstractQueuedSynchronizer$ConditionObject.awaitNanos(AbstractQueuedSynchronizer.java:2078)
        at org.eclipse.jetty.util.BlockingArrayQueue.poll(BlockingArrayQueue.java:382)
        at org.eclipse.jetty.util.thread.QueuedThreadPool$Runner.idleJobPoll(QueuedThreadPool.java:974)
        at org.eclipse.jetty.util.thread.QueuedThreadPool$Runner.run(QueuedThreadPool.java:1018)
        at java.lang.Thread.run(Thread.java:750)
"ChunkReader-ELG-0" daemon prio=5 tid=1633 runnable
java.lang.Thread.State: RUNNABLE
        at org.apache.ratis.thirdparty.io.netty.channel.epoll.Native.epollWait(Native Method)
        at org.apache.ratis.thirdparty.io.netty.channel.epoll.Native.epollWait(Native.java:193)
        at org.apache.ratis.thirdparty.io.netty.channel.epoll.Native.epollWait(Native.java:186)
        at org.apache.ratis.thirdparty.io.netty.channel.epoll.EpollEventLoop.epollWaitNoTimerChange(EpollEventLoop.java:290)
        at org.apache.ratis.thirdparty.io.netty.channel.epoll.EpollEventLoop.run(EpollEventLoop.java:347)
        at org.apache.ratis.thirdparty.io.netty.util.concurrent.SingleThreadEventExecutor$4.run(SingleThreadEventExecutor.java:986)
        at org.apache.ratis.thirdparty.io.netty.util.internal.ThreadExecutorMap$2.run(ThreadExecutorMap.java:74)
        at java.lang.Thread.run(Thread.java:750)
"pool-528-thread-1"  prio=5 tid=1444 in Object.wait()
java.lang.Thread.State: WAITING (on object monitor)
        at sun.misc.Unsafe.park(Native Method)
        at java.util.concurrent.locks.LockSupport.park(LockSupport.java:175)
        at java.util.concurrent.locks.AbstractQueuedSynchronizer$ConditionObject.await(AbstractQueuedSynchronizer.java:2039)
        at java.util.concurrent.LinkedBlockingQueue.take(LinkedBlockingQueue.java:442)
        at java.util.concurrent.ThreadPoolExecutor.getTask(ThreadPoolExecutor.java:1074)
        at java.util.concurrent.ThreadPoolExecutor.runWorker(ThreadPoolExecutor.java:1134)
        at java.util.concurrent.ThreadPoolExecutor$Worker.run(ThreadPoolExecutor.java:624)
        at java.lang.Thread.run(Thread.java:750)
"b721671c-f2e0-4f32-a472-e04e394ae124@group-7B346AE8608F-SegmentedRaftLogWorker"  prio=5 tid=1688 timed_waiting
java.lang.Thread.State: TIMED_WAITING
        at sun.misc.Unsafe.park(Native Method)
        at java.util.concurrent.locks.LockSupport.parkNanos(LockSupport.java:215)
        at java.util.concurrent.locks.AbstractQueuedSynchronizer$ConditionObject.awaitNanos(AbstractQueuedSynchronizer.java:2078)
        at org.apache.ratis.util.DataBlockingQueue.poll(DataBlockingQueue.java:148)
        at org.apache.ratis.server.raftlog.segmented.SegmentedRaftLogWorker.run(SegmentedRaftLogWorker.java:301)
        at org.apache.ratis.server.raftlog.segmented.SegmentedRaftLogWorker$$Lambda$555/128040087.run(Unknown Source)
        at java.lang.Thread.run(Thread.java:750)
"EndpointStateMachine task thread for /0.0.0.0:42479 - 0 "  prio=5 tid=309 in Object.wait()
java.lang.Thread.State: WAITING (on object monitor)
        at sun.misc.Unsafe.park(Native Method)
        at java.util.concurrent.locks.LockSupport.park(LockSupport.java:175)
        at java.util.concurrent.locks.AbstractQueuedSynchronizer$ConditionObject.await(AbstractQueuedSynchronizer.java:2039)
        at java.util.concurrent.LinkedBlockingQueue.take(LinkedBlockingQueue.java:442)
        at java.util.concurrent.ThreadPoolExecutor.getTask(ThreadPoolExecutor.java:1074)
        at java.util.concurrent.ThreadPoolExecutor.runWorker(ThreadPoolExecutor.java:1134)
        at java.util.concurrent.ThreadPoolExecutor$Worker.run(ThreadPoolExecutor.java:624)
        at java.lang.Thread.run(Thread.java:750)
"PartialTableCache Cleanup Thread - 0" daemon prio=5 tid=1130 in Object.wait()
java.lang.Thread.State: WAITING (on object monitor)
        at sun.misc.Unsafe.park(Native Method)
        at java.util.concurrent.locks.LockSupport.park(LockSupport.java:175)
        at java.util.concurrent.locks.AbstractQueuedSynchronizer$ConditionObject.await(AbstractQueuedSynchronizer.java:2039)
        at java.util.concurrent.LinkedBlockingQueue.take(LinkedBlockingQueue.java:442)
        at java.util.concurrent.ThreadPoolExecutor.getTask(ThreadPoolExecutor.java:1074)
        at java.util.concurrent.ThreadPoolExecutor.runWorker(ThreadPoolExecutor.java:1134)
        at java.util.concurrent.ThreadPoolExecutor$Worker.run(ThreadPoolExecutor.java:624)
        at java.lang.Thread.run(Thread.java:750)
"Datanode ReportManager Thread - 0" daemon prio=5 tid=237 in Object.wait()
java.lang.Thread.State: WAITING (on object monitor)
        at sun.misc.Unsafe.park(Native Method)
        at java.util.concurrent.locks.LockSupport.park(LockSupport.java:175)
        at java.util.concurrent.locks.AbstractQueuedSynchronizer$ConditionObject.await(AbstractQueuedSynchronizer.java:2039)
        at java.util.concurrent.ScheduledThreadPoolExecutor$DelayedWorkQueue.take(ScheduledThreadPoolExecutor.java:1088)
        at java.util.concurrent.ScheduledThreadPoolExecutor$DelayedWorkQueue.take(ScheduledThreadPoolExecutor.java:809)
        at java.util.concurrent.ThreadPoolExecutor.getTask(ThreadPoolExecutor.java:1074)
        at java.util.concurrent.ThreadPoolExecutor.runWorker(ThreadPoolExecutor.java:1134)
        at java.util.concurrent.ThreadPoolExecutor$Worker.run(ThreadPoolExecutor.java:624)
        at java.lang.Thread.run(Thread.java:750)
"IPC Server handler 9 on default port 41993" daemon prio=5 tid=1415 timed_waiting
java.lang.Thread.State: TIMED_WAITING
        at sun.misc.Unsafe.park(Native Method)
        at java.util.concurrent.locks.LockSupport.parkNanos(LockSupport.java:215)
        at java.util.concurrent.locks.AbstractQueuedSynchronizer$ConditionObject.awaitNanos(AbstractQueuedSynchronizer.java:2078)
        at java.util.concurrent.LinkedBlockingQueue.poll(LinkedBlockingQueue.java:467)
        at org.apache.hadoop.ipc.CallQueueManager.take(CallQueueManager.java:317)
        at org.apache.hadoop.ipc.Server$Handler.run(Server.java:2932)
"qtp529864426-1530" daemon prio=5 tid=1530 timed_waiting
java.lang.Thread.State: TIMED_WAITING
        at sun.misc.Unsafe.park(Native Method)
        at java.util.concurrent.locks.LockSupport.parkNanos(LockSupport.java:215)
        at java.util.concurrent.locks.AbstractQueuedSynchronizer$ConditionObject.awaitNanos(AbstractQueuedSynchronizer.java:2078)
        at org.eclipse.jetty.util.BlockingArrayQueue.poll(BlockingArrayQueue.java:382)
        at org.eclipse.jetty.util.thread.QueuedThreadPool$Runner.idleJobPoll(QueuedThreadPool.java:974)
        at org.eclipse.jetty.util.thread.QueuedThreadPool$Runner.run(QueuedThreadPool.java:1018)
        at java.lang.Thread.run(Thread.java:750)
"FullTableCache Cleanup Thread - 0" daemon prio=5 tid=479 in Object.wait()
java.lang.Thread.State: WAITING (on object monitor)
        at sun.misc.Unsafe.park(Native Method)
        at java.util.concurrent.locks.LockSupport.park(LockSupport.java:175)
        at java.util.concurrent.locks.AbstractQueuedSynchronizer$ConditionObject.await(AbstractQueuedSynchronizer.java:2039)
        at java.util.concurrent.LinkedBlockingQueue.take(LinkedBlockingQueue.java:442)
        at java.util.concurrent.ThreadPoolExecutor.getTask(ThreadPoolExecutor.java:1074)
        at java.util.concurrent.ThreadPoolExecutor.runWorker(ThreadPoolExecutor.java:1134)
        at java.util.concurrent.ThreadPoolExecutor$Worker.run(ThreadPoolExecutor.java:624)
        at java.lang.Thread.run(Thread.java:750)
"EndpointStateMachine task thread for /0.0.0.0:44953 - 0 "  prio=5 tid=1017 in Object.wait()
java.lang.Thread.State: WAITING (on object monitor)
        at sun.misc.Unsafe.park(Native Method)
        at java.util.concurrent.locks.LockSupport.park(LockSupport.java:175)
        at java.util.concurrent.locks.AbstractQueuedSynchronizer$ConditionObject.await(AbstractQueuedSynchronizer.java:2039)
        at java.util.concurrent.LinkedBlockingQueue.take(LinkedBlockingQueue.java:442)
        at java.util.concurrent.ThreadPoolExecutor.getTask(ThreadPoolExecutor.java:1074)
        at java.util.concurrent.ThreadPoolExecutor.runWorker(ThreadPoolExecutor.java:1134)
        at java.util.concurrent.ThreadPoolExecutor$Worker.run(ThreadPoolExecutor.java:624)
        at java.lang.Thread.run(Thread.java:750)
"Datanode ReportManager Thread - 3" daemon prio=5 tid=1642 in Object.wait()
java.lang.Thread.State: WAITING (on object monitor)
        at sun.misc.Unsafe.park(Native Method)
        at java.util.concurrent.locks.LockSupport.park(LockSupport.java:175)
        at java.util.concurrent.locks.AbstractQueuedSynchronizer$ConditionObject.await(AbstractQueuedSynchronizer.java:2039)
        at java.util.concurrent.ScheduledThreadPoolExecutor$DelayedWorkQueue.take(ScheduledThreadPoolExecutor.java:1088)
        at java.util.concurrent.ScheduledThreadPoolExecutor$DelayedWorkQueue.take(ScheduledThreadPoolExecutor.java:809)
        at java.util.concurrent.ThreadPoolExecutor.getTask(ThreadPoolExecutor.java:1074)
        at java.util.concurrent.ThreadPoolExecutor.runWorker(ThreadPoolExecutor.java:1134)
        at java.util.concurrent.ThreadPoolExecutor$Worker.run(ThreadPoolExecutor.java:624)
        at java.lang.Thread.run(Thread.java:750)
"Datanode ReportManager Thread - 1" daemon prio=5 tid=892 in Object.wait()
java.lang.Thread.State: WAITING (on object monitor)
        at sun.misc.Unsafe.park(Native Method)
        at java.util.concurrent.locks.LockSupport.park(LockSupport.java:175)
        at java.util.concurrent.locks.AbstractQueuedSynchronizer$ConditionObject.await(AbstractQueuedSynchronizer.java:2039)
        at java.util.concurrent.ScheduledThreadPoolExecutor$DelayedWorkQueue.take(ScheduledThreadPoolExecutor.java:1088)
        at java.util.concurrent.ScheduledThreadPoolExecutor$DelayedWorkQueue.take(ScheduledThreadPoolExecutor.java:809)
        at java.util.concurrent.ThreadPoolExecutor.getTask(ThreadPoolExecutor.java:1074)
        at java.util.concurrent.ThreadPoolExecutor.runWorker(ThreadPoolExecutor.java:1134)
        at java.util.concurrent.ThreadPoolExecutor$Worker.run(ThreadPoolExecutor.java:624)
        at java.lang.Thread.run(Thread.java:750)
"qtp1370197039-1626" daemon prio=5 tid=1626 timed_waiting
java.lang.Thread.State: TIMED_WAITING
        at sun.misc.Unsafe.park(Native Method)
        at java.util.concurrent.locks.LockSupport.parkNanos(LockSupport.java:215)
        at java.util.concurrent.locks.AbstractQueuedSynchronizer$ConditionObject.awaitNanos(AbstractQueuedSynchronizer.java:2078)
        at org.eclipse.jetty.util.BlockingArrayQueue.poll(BlockingArrayQueue.java:382)
        at org.eclipse.jetty.util.thread.QueuedThreadPool$Runner.idleJobPoll(QueuedThreadPool.java:974)
        at org.eclipse.jetty.util.thread.QueuedThreadPool$Runner.run(QueuedThreadPool.java:1018)
        at java.lang.Thread.run(Thread.java:750)
"Datanode State Machine Task Thread - 1"  prio=5 tid=1613 in Object.wait()
java.lang.Thread.State: WAITING (on object monitor)
        at sun.misc.Unsafe.park(Native Method)
        at java.util.concurrent.locks.LockSupport.park(LockSupport.java:175)
        at java.util.concurrent.locks.AbstractQueuedSynchronizer$ConditionObject.await(AbstractQueuedSynchronizer.java:2039)
        at java.util.concurrent.LinkedBlockingQueue.take(LinkedBlockingQueue.java:442)
        at java.util.concurrent.ThreadPoolExecutor.getTask(ThreadPoolExecutor.java:1074)
        at java.util.concurrent.ThreadPoolExecutor.runWorker(ThreadPoolExecutor.java:1134)
        at java.util.concurrent.ThreadPoolExecutor$Worker.run(ThreadPoolExecutor.java:624)
        at java.lang.Thread.run(Thread.java:750)
"org.apache.hadoop.ozone.container.common.statemachine.commandhandler.DeleteBlocksCommandHandler$DeleteCmdWorker@227a2e32" daemon prio=5 tid=277 runnable
java.lang.Thread.State: RUNNABLE
        at java.lang.Thread.sleep(Native Method)
        at org.apache.hadoop.ozone.container.common.statemachine.commandhandler.DeleteBlocksCommandHandler$DeleteCmdWorker.run(DeleteBlocksCommandHandler.java:185)
        at java.lang.Thread.run(Thread.java:750)
"ChunkReader-ELG-0" daemon prio=5 tid=1669 runnable
java.lang.Thread.State: RUNNABLE
        at org.apache.ratis.thirdparty.io.netty.channel.epoll.Native.epollWait(Native Method)
        at org.apache.ratis.thirdparty.io.netty.channel.epoll.Native.epollWait(Native.java:193)
        at org.apache.ratis.thirdparty.io.netty.channel.epoll.Native.epollWait(Native.java:186)
        at org.apache.ratis.thirdparty.io.netty.channel.epoll.EpollEventLoop.epollWaitNoTimerChange(EpollEventLoop.java:290)
        at org.apache.ratis.thirdparty.io.netty.channel.epoll.EpollEventLoop.run(EpollEventLoop.java:347)
        at org.apache.ratis.thirdparty.io.netty.util.concurrent.SingleThreadEventExecutor$4.run(SingleThreadEventExecutor.java:986)
        at org.apache.ratis.thirdparty.io.netty.util.internal.ThreadExecutorMap$2.run(ThreadExecutorMap.java:74)
        at java.lang.Thread.run(Thread.java:750)
"Datanode ReportManager Thread - 2" daemon prio=5 tid=1603 in Object.wait()
java.lang.Thread.State: WAITING (on object monitor)
        at sun.misc.Unsafe.park(Native Method)
        at java.util.concurrent.locks.LockSupport.park(LockSupport.java:175)
        at java.util.concurrent.locks.AbstractQueuedSynchronizer$ConditionObject.await(AbstractQueuedSynchronizer.java:2039)
        at java.util.concurrent.ScheduledThreadPoolExecutor$DelayedWorkQueue.take(ScheduledThreadPoolExecutor.java:1088)
        at java.util.concurrent.ScheduledThreadPoolExecutor$DelayedWorkQueue.take(ScheduledThreadPoolExecutor.java:809)
        at java.util.concurrent.ThreadPoolExecutor.getTask(ThreadPoolExecutor.java:1074)
        at java.util.concurrent.ThreadPoolExecutor.runWorker(ThreadPoolExecutor.java:1134)
        at java.util.concurrent.ThreadPoolExecutor$Worker.run(ThreadPoolExecutor.java:624)
        at java.lang.Thread.run(Thread.java:750)
"Datanode ReportManager Thread - 1" daemon prio=5 tid=1539 in Object.wait()
java.lang.Thread.State: WAITING (on object monitor)
        at sun.misc.Unsafe.park(Native Method)
        at java.util.concurrent.locks.LockSupport.park(LockSupport.java:175)
        at java.util.concurrent.locks.AbstractQueuedSynchronizer$ConditionObject.await(AbstractQueuedSynchronizer.java:2039)
        at java.util.concurrent.ScheduledThreadPoolExecutor$DelayedWorkQueue.take(ScheduledThreadPoolExecutor.java:1088)
        at java.util.concurrent.ScheduledThreadPoolExecutor$DelayedWorkQueue.take(ScheduledThreadPoolExecutor.java:809)
        at java.util.concurrent.ThreadPoolExecutor.getTask(ThreadPoolExecutor.java:1074)
        at java.util.concurrent.ThreadPoolExecutor.runWorker(ThreadPoolExecutor.java:1134)
        at java.util.concurrent.ThreadPoolExecutor$Worker.run(ThreadPoolExecutor.java:624)
        at java.lang.Thread.run(Thread.java:750)
"qtp1348274608-1586" daemon prio=5 tid=1586 timed_waiting
java.lang.Thread.State: TIMED_WAITING
        at sun.misc.Unsafe.park(Native Method)
        at java.util.concurrent.locks.LockSupport.parkNanos(LockSupport.java:215)
        at java.util.concurrent.locks.AbstractQueuedSynchronizer$ConditionObject.awaitNanos(AbstractQueuedSynchronizer.java:2078)
        at org.eclipse.jetty.util.BlockingArrayQueue.poll(BlockingArrayQueue.java:382)
        at org.eclipse.jetty.util.thread.QueuedThreadPool$Runner.idleJobPoll(QueuedThreadPool.java:974)
        at org.eclipse.jetty.util.thread.QueuedThreadPool$Runner.run(QueuedThreadPool.java:1018)
        at java.lang.Thread.run(Thread.java:750)
"IPC Server handler 4 on default port 35985" daemon prio=5 tid=1390 timed_waiting
java.lang.Thread.State: TIMED_WAITING
        at sun.misc.Unsafe.park(Native Method)
        at java.util.concurrent.locks.LockSupport.parkNanos(LockSupport.java:215)
        at java.util.concurrent.locks.AbstractQueuedSynchronizer$ConditionObject.awaitNanos(AbstractQueuedSynchronizer.java:2078)
        at java.util.concurrent.LinkedBlockingQueue.poll(LinkedBlockingQueue.java:467)
        at org.apache.hadoop.ipc.CallQueueManager.take(CallQueueManager.java:317)
        at org.apache.hadoop.ipc.Server$Handler.run(Server.java:2932)
"FullTableCache Cleanup Thread - 0" daemon prio=5 tid=480 in Object.wait()
java.lang.Thread.State: WAITING (on object monitor)
        at sun.misc.Unsafe.park(Native Method)
        at java.util.concurrent.locks.LockSupport.park(LockSupport.java:175)
        at java.util.concurrent.locks.AbstractQueuedSynchronizer$ConditionObject.await(AbstractQueuedSynchronizer.java:2039)
        at java.util.concurrent.LinkedBlockingQueue.take(LinkedBlockingQueue.java:442)
        at java.util.concurrent.ThreadPoolExecutor.getTask(ThreadPoolExecutor.java:1074)
        at java.util.concurrent.ThreadPoolExecutor.runWorker(ThreadPoolExecutor.java:1134)
        at java.util.concurrent.ThreadPoolExecutor$Worker.run(ThreadPoolExecutor.java:624)
        at java.lang.Thread.run(Thread.java:750)
"ContainerOp-5743b342-640f-4931-9abd-9c7b42edd3a2-4"  prio=5 tid=1828 in Object.wait()
java.lang.Thread.State: WAITING (on object monitor)
        at sun.misc.Unsafe.park(Native Method)
        at java.util.concurrent.locks.LockSupport.park(LockSupport.java:175)
        at java.util.concurrent.locks.AbstractQueuedSynchronizer$ConditionObject.await(AbstractQueuedSynchronizer.java:2039)
        at java.util.concurrent.LinkedBlockingQueue.take(LinkedBlockingQueue.java:442)
        at java.util.concurrent.ThreadPoolExecutor.getTask(ThreadPoolExecutor.java:1074)
        at java.util.concurrent.ThreadPoolExecutor.runWorker(ThreadPoolExecutor.java:1134)
        at java.util.concurrent.ThreadPoolExecutor$Worker.run(ThreadPoolExecutor.java:624)
        at java.lang.Thread.run(Thread.java:750)
"ReplicationMonitor" daemon prio=5 tid=1349 timed_waiting
java.lang.Thread.State: TIMED_WAITING
        at java.lang.Object.wait(Native Method)
        at org.apache.hadoop.hdds.scm.container.replication.ReplicationManager.run(ReplicationManager.java:266)
        at org.apache.hadoop.hdds.scm.container.replication.ReplicationManager$$Lambda$323/739935529.run(Unknown Source)
        at java.lang.Thread.run(Thread.java:750)
"IPC Server handler 14 on default port 35985" daemon prio=5 tid=1400 timed_waiting
java.lang.Thread.State: TIMED_WAITING
        at sun.misc.Unsafe.park(Native Method)
        at java.util.concurrent.locks.LockSupport.parkNanos(LockSupport.java:215)
        at java.util.concurrent.locks.AbstractQueuedSynchronizer$ConditionObject.awaitNanos(AbstractQueuedSynchronizer.java:2078)
        at java.util.concurrent.LinkedBlockingQueue.poll(LinkedBlockingQueue.java:467)
        at org.apache.hadoop.ipc.CallQueueManager.take(CallQueueManager.java:317)
        at org.apache.hadoop.ipc.Server$Handler.run(Server.java:2932)
"Socket Reader #1 for port 0"  prio=5 tid=1360 runnable
java.lang.Thread.State: RUNNABLE
        at sun.nio.ch.EPollArrayWrapper.epollWait(Native Method)
        at sun.nio.ch.EPollArrayWrapper.poll(EPollArrayWrapper.java:269)
        at sun.nio.ch.EPollSelectorImpl.doSelect(EPollSelectorImpl.java:93)
        at sun.nio.ch.SelectorImpl.lockAndDoSelect(SelectorImpl.java:86)
        at sun.nio.ch.SelectorImpl.select(SelectorImpl.java:97)
        at sun.nio.ch.SelectorImpl.select(SelectorImpl.java:101)
        at org.apache.hadoop.ipc.Server$Listener$Reader.doRunLoop(Server.java:1288)
        at org.apache.hadoop.ipc.Server$Listener$Reader.run(Server.java:1267)
"qtp281085525-1560" daemon prio=5 tid=1560 timed_waiting
java.lang.Thread.State: TIMED_WAITING
        at sun.misc.Unsafe.park(Native Method)
        at java.util.concurrent.locks.LockSupport.parkNanos(LockSupport.java:215)
        at java.util.concurrent.locks.AbstractQueuedSynchronizer$ConditionObject.awaitNanos(AbstractQueuedSynchronizer.java:2078)
        at org.eclipse.jetty.util.BlockingArrayQueue.poll(BlockingArrayQueue.java:382)
        at org.eclipse.jetty.util.thread.QueuedThreadPool$Runner.idleJobPoll(QueuedThreadPool.java:974)
        at org.eclipse.jetty.util.thread.QueuedThreadPool$Runner.run(QueuedThreadPool.java:1018)
        at java.lang.Thread.run(Thread.java:750)
"OMDoubleBufferFlushThread" daemon prio=5 tid=1442 timed_waiting
java.lang.Thread.State: TIMED_WAITING
        at java.lang.Object.wait(Native Method)
        at org.apache.hadoop.ozone.om.ratis.OzoneManagerDoubleBuffer.canFlush(OzoneManagerDoubleBuffer.java:537)
        at org.apache.hadoop.ozone.om.ratis.OzoneManagerDoubleBuffer.flushTransactions(OzoneManagerDoubleBuffer.java:268)
        at org.apache.hadoop.ozone.om.ratis.OzoneManagerDoubleBuffer$$Lambda$443/223870682.run(Unknown Source)
        at java.lang.Thread.run(Thread.java:750)
"IPC Server handler 14 on default port 40713" daemon prio=5 tid=1380 timed_waiting
java.lang.Thread.State: TIMED_WAITING
        at sun.misc.Unsafe.park(Native Method)
        at java.util.concurrent.locks.LockSupport.parkNanos(LockSupport.java:215)
        at java.util.concurrent.locks.AbstractQueuedSynchronizer$ConditionObject.awaitNanos(AbstractQueuedSynchronizer.java:2078)
        at java.util.concurrent.LinkedBlockingQueue.poll(LinkedBlockingQueue.java:467)
        at org.apache.hadoop.ipc.CallQueueManager.take(CallQueueManager.java:317)
        at org.apache.hadoop.ipc.Server$Handler.run(Server.java:2932)
"b721671c-f2e0-4f32-a472-e04e394ae124@group-8D797CAEE693-SegmentedRaftLogWorker"  prio=5 tid=1691 timed_waiting
java.lang.Thread.State: TIMED_WAITING
        at sun.misc.Unsafe.park(Native Method)
        at java.util.concurrent.locks.LockSupport.parkNanos(LockSupport.java:215)
        at java.util.concurrent.locks.AbstractQueuedSynchronizer$ConditionObject.awaitNanos(AbstractQueuedSynchronizer.java:2078)
        at org.apache.ratis.util.DataBlockingQueue.poll(DataBlockingQueue.java:148)
        at org.apache.ratis.server.raftlog.segmented.SegmentedRaftLogWorker.run(SegmentedRaftLogWorker.java:301)
        at org.apache.ratis.server.raftlog.segmented.SegmentedRaftLogWorker$$Lambda$555/128040087.run(Unknown Source)
        at java.lang.Thread.run(Thread.java:750)
"ContainerOp-5743b342-640f-4931-9abd-9c7b42edd3a2-8"  prio=5 tid=1857 in Object.wait()
java.lang.Thread.State: WAITING (on object monitor)
        at sun.misc.Unsafe.park(Native Method)
        at java.util.concurrent.locks.LockSupport.park(LockSupport.java:175)
        at java.util.concurrent.locks.AbstractQueuedSynchronizer$ConditionObject.await(AbstractQueuedSynchronizer.java:2039)
        at java.util.concurrent.LinkedBlockingQueue.take(LinkedBlockingQueue.java:442)
        at java.util.concurrent.ThreadPoolExecutor.getTask(ThreadPoolExecutor.java:1074)
        at java.util.concurrent.ThreadPoolExecutor.runWorker(ThreadPoolExecutor.java:1134)
        at java.util.concurrent.ThreadPoolExecutor$Worker.run(ThreadPoolExecutor.java:624)
        at java.lang.Thread.run(Thread.java:750)
"IPC Server handler 16 on default port 40713" daemon prio=5 tid=1382 timed_waiting
java.lang.Thread.State: TIMED_WAITING
        at sun.misc.Unsafe.park(Native Method)
        at java.util.concurrent.locks.LockSupport.parkNanos(LockSupport.java:215)
        at java.util.concurrent.locks.AbstractQueuedSynchronizer$ConditionObject.awaitNanos(AbstractQueuedSynchronizer.java:2078)
        at java.util.concurrent.LinkedBlockingQueue.poll(LinkedBlockingQueue.java:467)
        at org.apache.hadoop.ipc.CallQueueManager.take(CallQueueManager.java:317)
        at org.apache.hadoop.ipc.Server$Handler.run(Server.java:2932)
"Datanode ReportManager Thread - 3" daemon prio=5 tid=1513 in Object.wait()
java.lang.Thread.State: WAITING (on object monitor)
        at sun.misc.Unsafe.park(Native Method)
        at java.util.concurrent.locks.LockSupport.park(LockSupport.java:175)
        at java.util.concurrent.locks.AbstractQueuedSynchronizer$ConditionObject.await(AbstractQueuedSynchronizer.java:2039)
        at java.util.concurrent.ScheduledThreadPoolExecutor$DelayedWorkQueue.take(ScheduledThreadPoolExecutor.java:1088)
        at java.util.concurrent.ScheduledThreadPoolExecutor$DelayedWorkQueue.take(ScheduledThreadPoolExecutor.java:809)
        at java.util.concurrent.ThreadPoolExecutor.getTask(ThreadPoolExecutor.java:1074)
        at java.util.concurrent.ThreadPoolExecutor.runWorker(ThreadPoolExecutor.java:1134)
        at java.util.concurrent.ThreadPoolExecutor$Worker.run(ThreadPoolExecutor.java:624)
        at java.lang.Thread.run(Thread.java:750)
"Datanode ReportManager Thread - 2" daemon prio=5 tid=239 in Object.wait()
java.lang.Thread.State: WAITING (on object monitor)
        at sun.misc.Unsafe.park(Native Method)
        at java.util.concurrent.locks.LockSupport.park(LockSupport.java:175)
        at java.util.concurrent.locks.AbstractQueuedSynchronizer$ConditionObject.await(AbstractQueuedSynchronizer.java:2039)
        at java.util.concurrent.ScheduledThreadPoolExecutor$DelayedWorkQueue.take(ScheduledThreadPoolExecutor.java:1088)
        at java.util.concurrent.ScheduledThreadPoolExecutor$DelayedWorkQueue.take(ScheduledThreadPoolExecutor.java:809)
        at java.util.concurrent.ThreadPoolExecutor.getTask(ThreadPoolExecutor.java:1074)
        at java.util.concurrent.ThreadPoolExecutor.runWorker(ThreadPoolExecutor.java:1134)
        at java.util.concurrent.ThreadPoolExecutor$Worker.run(ThreadPoolExecutor.java:624)
        at java.lang.Thread.run(Thread.java:750)
"ChunkReader-ELG-0" daemon prio=5 tid=1652 runnable
java.lang.Thread.State: RUNNABLE
        at org.apache.ratis.thirdparty.io.netty.channel.epoll.Native.epollWait(Native Method)
        at org.apache.ratis.thirdparty.io.netty.channel.epoll.Native.epollWait(Native.java:193)
        at org.apache.ratis.thirdparty.io.netty.channel.epoll.Native.epollWait(Native.java:186)
        at org.apache.ratis.thirdparty.io.netty.channel.epoll.EpollEventLoop.epollWaitNoTimerChange(EpollEventLoop.java:290)
        at org.apache.ratis.thirdparty.io.netty.channel.epoll.EpollEventLoop.run(EpollEventLoop.java:347)
        at org.apache.ratis.thirdparty.io.netty.util.concurrent.SingleThreadEventExecutor$4.run(SingleThreadEventExecutor.java:986)
        at org.apache.ratis.thirdparty.io.netty.util.internal.ThreadExecutorMap$2.run(ThreadExecutorMap.java:74)
        at java.lang.Thread.run(Thread.java:750)
"IPC Server handler 17 on default port 35985" daemon prio=5 tid=1403 timed_waiting
java.lang.Thread.State: TIMED_WAITING
        at sun.misc.Unsafe.park(Native Method)
        at java.util.concurrent.locks.LockSupport.parkNanos(LockSupport.java:215)
        at java.util.concurrent.locks.AbstractQueuedSynchronizer$ConditionObject.awaitNanos(AbstractQueuedSynchronizer.java:2078)
        at java.util.concurrent.LinkedBlockingQueue.poll(LinkedBlockingQueue.java:467)
        at org.apache.hadoop.ipc.CallQueueManager.take(CallQueueManager.java:317)
        at org.apache.hadoop.ipc.Server$Handler.run(Server.java:2932)
"IPC Server handler 14 on default port 41993" daemon prio=5 tid=1420 timed_waiting
java.lang.Thread.State: TIMED_WAITING
        at sun.misc.Unsafe.park(Native Method)
        at java.util.concurrent.locks.LockSupport.parkNanos(LockSupport.java:215)
        at java.util.concurrent.locks.AbstractQueuedSynchronizer$ConditionObject.awaitNanos(AbstractQueuedSynchronizer.java:2078)
        at java.util.concurrent.LinkedBlockingQueue.poll(LinkedBlockingQueue.java:467)
        at org.apache.hadoop.ipc.CallQueueManager.take(CallQueueManager.java:317)
        at org.apache.hadoop.ipc.Server$Handler.run(Server.java:2932)
"Datanode ReportManager Thread - 4" daemon prio=5 tid=987 in Object.wait()
java.lang.Thread.State: WAITING (on object monitor)
        at sun.misc.Unsafe.park(Native Method)
        at java.util.concurrent.locks.LockSupport.park(LockSupport.java:175)
        at java.util.concurrent.locks.AbstractQueuedSynchronizer$ConditionObject.await(AbstractQueuedSynchronizer.java:2039)
        at java.util.concurrent.ScheduledThreadPoolExecutor$DelayedWorkQueue.take(ScheduledThreadPoolExecutor.java:1088)
        at java.util.concurrent.ScheduledThreadPoolExecutor$DelayedWorkQueue.take(ScheduledThreadPoolExecutor.java:809)
        at java.util.concurrent.ThreadPoolExecutor.getTask(ThreadPoolExecutor.java:1074)
        at java.util.concurrent.ThreadPoolExecutor.runWorker(ThreadPoolExecutor.java:1134)
        at java.util.concurrent.ThreadPoolExecutor$Worker.run(ThreadPoolExecutor.java:624)
        at java.lang.Thread.run(Thread.java:750)
"qtp529864426-1531" daemon prio=5 tid=1531 timed_waiting
java.lang.Thread.State: TIMED_WAITING
        at sun.misc.Unsafe.park(Native Method)
        at java.util.concurrent.locks.LockSupport.parkNanos(LockSupport.java:215)
        at java.util.concurrent.locks.AbstractQueuedSynchronizer$ConditionObject.awaitNanos(AbstractQueuedSynchronizer.java:2078)
        at org.eclipse.jetty.util.BlockingArrayQueue.poll(BlockingArrayQueue.java:382)
        at org.eclipse.jetty.util.thread.QueuedThreadPool$Runner.idleJobPoll(QueuedThreadPool.java:974)
        at org.eclipse.jetty.util.thread.QueuedThreadPool$Runner.run(QueuedThreadPool.java:1018)
        at java.lang.Thread.run(Thread.java:750)
"IPC Server handler 15 on default port 35985" daemon prio=5 tid=1401 timed_waiting
java.lang.Thread.State: TIMED_WAITING
        at sun.misc.Unsafe.park(Native Method)
        at java.util.concurrent.locks.LockSupport.parkNanos(LockSupport.java:215)
        at java.util.concurrent.locks.AbstractQueuedSynchronizer$ConditionObject.awaitNanos(AbstractQueuedSynchronizer.java:2078)
        at java.util.concurrent.LinkedBlockingQueue.poll(LinkedBlockingQueue.java:467)
        at org.apache.hadoop.ipc.CallQueueManager.take(CallQueueManager.java:317)
        at org.apache.hadoop.ipc.Server$Handler.run(Server.java:2932)
"EndpointStateMachine task thread for /0.0.0.0:42479 - 0 "  prio=5 tid=319 in Object.wait()
java.lang.Thread.State: WAITING (on object monitor)
        at sun.misc.Unsafe.park(Native Method)
        at java.util.concurrent.locks.LockSupport.park(LockSupport.java:175)
        at java.util.concurrent.locks.AbstractQueuedSynchronizer$ConditionObject.await(AbstractQueuedSynchronizer.java:2039)
        at java.util.concurrent.LinkedBlockingQueue.take(LinkedBlockingQueue.java:442)
        at java.util.concurrent.ThreadPoolExecutor.getTask(ThreadPoolExecutor.java:1074)
        at java.util.concurrent.ThreadPoolExecutor.runWorker(ThreadPoolExecutor.java:1134)
        at java.util.concurrent.ThreadPoolExecutor$Worker.run(ThreadPoolExecutor.java:624)
        at java.lang.Thread.run(Thread.java:750)
"Datanode ReportManager Thread - 0" daemon prio=5 tid=211 timed_waiting
java.lang.Thread.State: TIMED_WAITING
        at sun.misc.Unsafe.park(Native Method)
        at java.util.concurrent.locks.LockSupport.parkNanos(LockSupport.java:215)
        at java.util.concurrent.locks.AbstractQueuedSynchronizer$ConditionObject.awaitNanos(AbstractQueuedSynchronizer.java:2078)
        at java.util.concurrent.ScheduledThreadPoolExecutor$DelayedWorkQueue.take(ScheduledThreadPoolExecutor.java:1093)
        at java.util.concurrent.ScheduledThreadPoolExecutor$DelayedWorkQueue.take(ScheduledThreadPoolExecutor.java:809)
        at java.util.concurrent.ThreadPoolExecutor.getTask(ThreadPoolExecutor.java:1074)
        at java.util.concurrent.ThreadPoolExecutor.runWorker(ThreadPoolExecutor.java:1134)
        at java.util.concurrent.ThreadPoolExecutor$Worker.run(ThreadPoolExecutor.java:624)
        at java.lang.Thread.run(Thread.java:750)
"org.apache.hadoop.ozone.container.common.statemachine.commandhandler.DeleteBlocksCommandHandler$DeleteCmdWorker@39db0f18" daemon prio=5 tid=969 runnable
java.lang.Thread.State: RUNNABLE
        at java.lang.Thread.sleep(Native Method)
        at org.apache.hadoop.ozone.container.common.statemachine.commandhandler.DeleteBlocksCommandHandler$DeleteCmdWorker.run(DeleteBlocksCommandHandler.java:185)
        at java.lang.Thread.run(Thread.java:750)
"IPC Server handler 2 on default port 35985" daemon prio=5 tid=1388 timed_waiting
java.lang.Thread.State: TIMED_WAITING
        at sun.misc.Unsafe.park(Native Method)
        at java.util.concurrent.locks.LockSupport.parkNanos(LockSupport.java:215)
        at java.util.concurrent.locks.AbstractQueuedSynchronizer$ConditionObject.awaitNanos(AbstractQueuedSynchronizer.java:2078)
        at java.util.concurrent.LinkedBlockingQueue.poll(LinkedBlockingQueue.java:467)
        at org.apache.hadoop.ipc.CallQueueManager.take(CallQueueManager.java:317)
        at org.apache.hadoop.ipc.Server$Handler.run(Server.java:2932)
"PartialTableCache Cleanup Thread - 0" daemon prio=5 tid=507 in Object.wait()
java.lang.Thread.State: WAITING (on object monitor)
        at sun.misc.Unsafe.park(Native Method)
        at java.util.concurrent.locks.LockSupport.park(LockSupport.java:175)
        at java.util.concurrent.locks.AbstractQueuedSynchronizer$ConditionObject.await(AbstractQueuedSynchronizer.java:2039)
        at java.util.concurrent.LinkedBlockingQueue.take(LinkedBlockingQueue.java:442)
        at java.util.concurrent.ThreadPoolExecutor.getTask(ThreadPoolExecutor.java:1074)
        at java.util.concurrent.ThreadPoolExecutor.runWorker(ThreadPoolExecutor.java:1134)
        at java.util.concurrent.ThreadPoolExecutor$Worker.run(ThreadPoolExecutor.java:624)
        at java.lang.Thread.run(Thread.java:750)
"4178a181-7a8b-49ec-906e-515996c40b3d@group-8D797CAEE693-LeaderStateImpl" daemon prio=5 tid=1904 timed_waiting
java.lang.Thread.State: TIMED_WAITING
        at sun.misc.Unsafe.park(Native Method)
        at java.util.concurrent.locks.LockSupport.parkNanos(LockSupport.java:215)
        at java.util.concurrent.locks.AbstractQueuedSynchronizer$ConditionObject.awaitNanos(AbstractQueuedSynchronizer.java:2078)
        at java.util.concurrent.ArrayBlockingQueue.poll(ArrayBlockingQueue.java:418)
        at org.apache.ratis.server.impl.LeaderStateImpl$EventQueue.poll(LeaderStateImpl.java:159)
        at org.apache.ratis.server.impl.LeaderStateImpl$EventProcessor.run(LeaderStateImpl.java:630)
"qtp1348274608-1583" daemon prio=5 tid=1583 timed_waiting
java.lang.Thread.State: TIMED_WAITING
        at sun.misc.Unsafe.park(Native Method)
        at java.util.concurrent.locks.LockSupport.parkNanos(LockSupport.java:215)
        at java.util.concurrent.locks.AbstractQueuedSynchronizer$ConditionObject.awaitNanos(AbstractQueuedSynchronizer.java:2078)
        at org.eclipse.jetty.util.BlockingArrayQueue.poll(BlockingArrayQueue.java:382)
        at org.eclipse.jetty.util.thread.QueuedThreadPool$Runner.idleJobPoll(QueuedThreadPool.java:974)
        at org.eclipse.jetty.util.thread.QueuedThreadPool$Runner.run(QueuedThreadPool.java:1018)
        at java.lang.Thread.run(Thread.java:750)
"IPC Server handler 16 on default port 33165" daemon prio=5 tid=1486 timed_waiting
java.lang.Thread.State: TIMED_WAITING
        at sun.misc.Unsafe.park(Native Method)
        at java.util.concurrent.locks.LockSupport.parkNanos(LockSupport.java:215)
        at java.util.concurrent.locks.AbstractQueuedSynchronizer$ConditionObject.awaitNanos(AbstractQueuedSynchronizer.java:2078)
        at java.util.concurrent.LinkedBlockingQueue.poll(LinkedBlockingQueue.java:467)
        at org.apache.hadoop.ipc.CallQueueManager.take(CallQueueManager.java:317)
        at org.apache.hadoop.ipc.Server$Handler.run(Server.java:2932)
"FullTableCache Cleanup Thread - 0" daemon prio=5 tid=1773 in Object.wait()
java.lang.Thread.State: WAITING (on object monitor)
        at sun.misc.Unsafe.park(Native Method)
        at java.util.concurrent.locks.LockSupport.park(LockSupport.java:175)
        at java.util.concurrent.locks.AbstractQueuedSynchronizer$ConditionObject.await(AbstractQueuedSynchronizer.java:2039)
        at java.util.concurrent.LinkedBlockingQueue.take(LinkedBlockingQueue.java:442)
        at java.util.concurrent.ThreadPoolExecutor.getTask(ThreadPoolExecutor.java:1074)
        at java.util.concurrent.ThreadPoolExecutor.runWorker(ThreadPoolExecutor.java:1134)
        at java.util.concurrent.ThreadPoolExecutor$Worker.run(ThreadPoolExecutor.java:624)
        at java.lang.Thread.run(Thread.java:750)
"org.apache.ratis.util.JvmPauseMonitor$$Lambda$627/395666382@7fe1a894" daemon prio=5 tid=1596 timed_waiting
java.lang.Thread.State: TIMED_WAITING
        at java.lang.Thread.sleep(Native Method)
        at java.lang.Thread.sleep(Thread.java:342)
        at java.util.concurrent.TimeUnit.sleep(TimeUnit.java:386)
        at org.apache.ratis.util.TimeDuration.sleep(TimeDuration.java:325)
        at org.apache.ratis.util.TimeDuration.sleep(TimeDuration.java:310)
        at org.apache.ratis.util.JvmPauseMonitor.detectPause(JvmPauseMonitor.java:117)
        at org.apache.ratis.util.JvmPauseMonitor.run(JvmPauseMonitor.java:106)
        at org.apache.ratis.util.JvmPauseMonitor$$Lambda$627/395666382.run(Unknown Source)
        at java.lang.Thread.run(Thread.java:750)
"IPC Server listener on 0" daemon prio=5 tid=1359 runnable
java.lang.Thread.State: RUNNABLE
        at sun.nio.ch.EPollArrayWrapper.epollWait(Native Method)
        at sun.nio.ch.EPollArrayWrapper.poll(EPollArrayWrapper.java:269)
        at sun.nio.ch.EPollSelectorImpl.doSelect(EPollSelectorImpl.java:93)
        at sun.nio.ch.SelectorImpl.lockAndDoSelect(SelectorImpl.java:86)
        at sun.nio.ch.SelectorImpl.select(SelectorImpl.java:97)
        at sun.nio.ch.SelectorImpl.select(SelectorImpl.java:101)
        at org.apache.hadoop.ipc.Server$Listener.run(Server.java:1350)
"Timer for 'StorageContainerManager' metrics system" daemon prio=5 tid=1363 timed_waiting
java.lang.Thread.State: TIMED_WAITING
        at java.lang.Object.wait(Native Method)
        at java.util.TimerThread.mainLoop(Timer.java:552)
        at java.util.TimerThread.run(Timer.java:505)
"Datanode ReportManager Thread - 4" daemon prio=5 tid=1643 in Object.wait()
java.lang.Thread.State: WAITING (on object monitor)
        at sun.misc.Unsafe.park(Native Method)
        at java.util.concurrent.locks.LockSupport.park(LockSupport.java:175)
        at java.util.concurrent.locks.AbstractQueuedSynchronizer$ConditionObject.await(AbstractQueuedSynchronizer.java:2039)
        at java.util.concurrent.ScheduledThreadPoolExecutor$DelayedWorkQueue.take(ScheduledThreadPoolExecutor.java:1088)
        at java.util.concurrent.ScheduledThreadPoolExecutor$DelayedWorkQueue.take(ScheduledThreadPoolExecutor.java:809)
        at java.util.concurrent.ThreadPoolExecutor.getTask(ThreadPoolExecutor.java:1074)
        at java.util.concurrent.ThreadPoolExecutor.runWorker(ThreadPoolExecutor.java:1134)
        at java.util.concurrent.ThreadPoolExecutor$Worker.run(ThreadPoolExecutor.java:624)
        at java.lang.Thread.run(Thread.java:750)
"PartialTableCache Cleanup Thread - 0" daemon prio=5 tid=1794 in Object.wait()
java.lang.Thread.State: WAITING (on object monitor)
        at sun.misc.Unsafe.park(Native Method)
        at java.util.concurrent.locks.LockSupport.park(LockSupport.java:175)
        at java.util.concurrent.locks.AbstractQueuedSynchronizer$ConditionObject.await(AbstractQueuedSynchronizer.java:2039)
        at java.util.concurrent.LinkedBlockingQueue.take(LinkedBlockingQueue.java:442)
        at java.util.concurrent.ThreadPoolExecutor.getTask(ThreadPoolExecutor.java:1074)
        at java.util.concurrent.ThreadPoolExecutor.runWorker(ThreadPoolExecutor.java:1134)
        at java.util.concurrent.ThreadPoolExecutor$Worker.run(ThreadPoolExecutor.java:624)
        at java.lang.Thread.run(Thread.java:750)
"b721671c-f2e0-4f32-a472-e04e394ae124-server-thread1" daemon prio=5 tid=1757 timed_waiting
java.lang.Thread.State: TIMED_WAITING
        at sun.misc.Unsafe.park(Native Method)
        at java.util.concurrent.locks.LockSupport.parkNanos(LockSupport.java:215)
        at java.util.concurrent.SynchronousQueue$TransferStack.awaitFulfill(SynchronousQueue.java:460)
        at java.util.concurrent.SynchronousQueue$TransferStack.transfer(SynchronousQueue.java:362)
        at java.util.concurrent.SynchronousQueue.poll(SynchronousQueue.java:941)
        at java.util.concurrent.ThreadPoolExecutor.getTask(ThreadPoolExecutor.java:1073)
        at java.util.concurrent.ThreadPoolExecutor.runWorker(ThreadPoolExecutor.java:1134)
        at java.util.concurrent.ThreadPoolExecutor$Worker.run(ThreadPoolExecutor.java:624)
        at java.lang.Thread.run(Thread.java:750)
"Datanode ReportManager Thread - 3" daemon prio=5 tid=986 in Object.wait()
java.lang.Thread.State: WAITING (on object monitor)
        at sun.misc.Unsafe.park(Native Method)
        at java.util.concurrent.locks.LockSupport.park(LockSupport.java:175)
        at java.util.concurrent.locks.AbstractQueuedSynchronizer$ConditionObject.await(AbstractQueuedSynchronizer.java:2039)
        at java.util.concurrent.ScheduledThreadPoolExecutor$DelayedWorkQueue.take(ScheduledThreadPoolExecutor.java:1088)
        at java.util.concurrent.ScheduledThreadPoolExecutor$DelayedWorkQueue.take(ScheduledThreadPoolExecutor.java:809)
        at java.util.concurrent.ThreadPoolExecutor.getTask(ThreadPoolExecutor.java:1074)
        at java.util.concurrent.ThreadPoolExecutor.runWorker(ThreadPoolExecutor.java:1134)
        at java.util.concurrent.ThreadPoolExecutor$Worker.run(ThreadPoolExecutor.java:624)
        at java.lang.Thread.run(Thread.java:750)
"ContainerOp-5743b342-640f-4931-9abd-9c7b42edd3a2-3"  prio=5 tid=1818 in Object.wait()
java.lang.Thread.State: WAITING (on object monitor)
        at sun.misc.Unsafe.park(Native Method)
        at java.util.concurrent.locks.LockSupport.park(LockSupport.java:175)
        at java.util.concurrent.locks.AbstractQueuedSynchronizer$ConditionObject.await(AbstractQueuedSynchronizer.java:2039)
        at java.util.concurrent.LinkedBlockingQueue.take(LinkedBlockingQueue.java:442)
        at java.util.concurrent.ThreadPoolExecutor.getTask(ThreadPoolExecutor.java:1074)
        at java.util.concurrent.ThreadPoolExecutor.runWorker(ThreadPoolExecutor.java:1134)
        at java.util.concurrent.ThreadPoolExecutor$Worker.run(ThreadPoolExecutor.java:624)
        at java.lang.Thread.run(Thread.java:750)
"qtp766929737-1503" daemon prio=5 tid=1503 timed_waiting
java.lang.Thread.State: TIMED_WAITING
        at sun.misc.Unsafe.park(Native Method)
        at java.util.concurrent.locks.LockSupport.parkNanos(LockSupport.java:215)
        at java.util.concurrent.locks.AbstractQueuedSynchronizer$ConditionObject.awaitNanos(AbstractQueuedSynchronizer.java:2078)
        at org.eclipse.jetty.util.BlockingArrayQueue.poll(BlockingArrayQueue.java:382)
        at org.eclipse.jetty.util.thread.QueuedThreadPool$Runner.idleJobPoll(QueuedThreadPool.java:974)
        at org.eclipse.jetty.util.thread.QueuedThreadPool$Runner.run(QueuedThreadPool.java:1018)
        at java.lang.Thread.run(Thread.java:750)
"Datanode ReportManager Thread - 1" daemon prio=5 tid=866 in Object.wait()
java.lang.Thread.State: WAITING (on object monitor)
        at sun.misc.Unsafe.park(Native Method)
        at java.util.concurrent.locks.LockSupport.park(LockSupport.java:175)
        at java.util.concurrent.locks.AbstractQueuedSynchronizer$ConditionObject.await(AbstractQueuedSynchronizer.java:2039)
        at java.util.concurrent.ScheduledThreadPoolExecutor$DelayedWorkQueue.take(ScheduledThreadPoolExecutor.java:1088)
        at java.util.concurrent.ScheduledThreadPoolExecutor$DelayedWorkQueue.take(ScheduledThreadPoolExecutor.java:809)
        at java.util.concurrent.ThreadPoolExecutor.getTask(ThreadPoolExecutor.java:1074)
        at java.util.concurrent.ThreadPoolExecutor.runWorker(ThreadPoolExecutor.java:1134)
        at java.util.concurrent.ThreadPoolExecutor$Worker.run(ThreadPoolExecutor.java:624)
        at java.lang.Thread.run(Thread.java:750)
"Datanode ReportManager Thread - 0" daemon prio=5 tid=1639 in Object.wait()
java.lang.Thread.State: WAITING (on object monitor)
        at sun.misc.Unsafe.park(Native Method)
        at java.util.concurrent.locks.LockSupport.park(LockSupport.java:175)
        at java.util.concurrent.locks.AbstractQueuedSynchronizer$ConditionObject.await(AbstractQueuedSynchronizer.java:2039)
        at java.util.concurrent.ScheduledThreadPoolExecutor$DelayedWorkQueue.take(ScheduledThreadPoolExecutor.java:1088)
        at java.util.concurrent.ScheduledThreadPoolExecutor$DelayedWorkQueue.take(ScheduledThreadPoolExecutor.java:809)
        at java.util.concurrent.ThreadPoolExecutor.getTask(ThreadPoolExecutor.java:1074)
        at java.util.concurrent.ThreadPoolExecutor.runWorker(ThreadPoolExecutor.java:1134)
        at java.util.concurrent.ThreadPoolExecutor$Worker.run(ThreadPoolExecutor.java:624)
        at java.lang.Thread.run(Thread.java:750)
"Datanode ReportManager Thread - 3" daemon prio=5 tid=920 timed_waiting
java.lang.Thread.State: TIMED_WAITING
        at sun.misc.Unsafe.park(Native Method)
        at java.util.concurrent.locks.LockSupport.parkNanos(LockSupport.java:215)
        at java.util.concurrent.locks.AbstractQueuedSynchronizer$ConditionObject.awaitNanos(AbstractQueuedSynchronizer.java:2078)
        at java.util.concurrent.ScheduledThreadPoolExecutor$DelayedWorkQueue.take(ScheduledThreadPoolExecutor.java:1093)
        at java.util.concurrent.ScheduledThreadPoolExecutor$DelayedWorkQueue.take(ScheduledThreadPoolExecutor.java:809)
        at java.util.concurrent.ThreadPoolExecutor.getTask(ThreadPoolExecutor.java:1074)
        at java.util.concurrent.ThreadPoolExecutor.runWorker(ThreadPoolExecutor.java:1134)
        at java.util.concurrent.ThreadPoolExecutor$Worker.run(ThreadPoolExecutor.java:624)
        at java.lang.Thread.run(Thread.java:750)
"Datanode ReportManager Thread - 2" daemon prio=5 tid=893 in Object.wait()
java.lang.Thread.State: WAITING (on object monitor)
        at sun.misc.Unsafe.park(Native Method)
        at java.util.concurrent.locks.LockSupport.park(LockSupport.java:175)
        at java.util.concurrent.locks.AbstractQueuedSynchronizer$ConditionObject.await(AbstractQueuedSynchronizer.java:2039)
        at java.util.concurrent.ScheduledThreadPoolExecutor$DelayedWorkQueue.take(ScheduledThreadPoolExecutor.java:1088)
        at java.util.concurrent.ScheduledThreadPoolExecutor$DelayedWorkQueue.take(ScheduledThreadPoolExecutor.java:809)
        at java.util.concurrent.ThreadPoolExecutor.getTask(ThreadPoolExecutor.java:1074)
        at java.util.concurrent.ThreadPoolExecutor.runWorker(ThreadPoolExecutor.java:1134)
        at java.util.concurrent.ThreadPoolExecutor$Worker.run(ThreadPoolExecutor.java:624)
        at java.lang.Thread.run(Thread.java:750)
"ContainerOp-5743b342-640f-4931-9abd-9c7b42edd3a2-8"  prio=5 tid=1850 in Object.wait()
java.lang.Thread.State: WAITING (on object monitor)
        at sun.misc.Unsafe.park(Native Method)
        at java.util.concurrent.locks.LockSupport.park(LockSupport.java:175)
        at java.util.concurrent.locks.AbstractQueuedSynchronizer$ConditionObject.await(AbstractQueuedSynchronizer.java:2039)
        at java.util.concurrent.LinkedBlockingQueue.take(LinkedBlockingQueue.java:442)
        at java.util.concurrent.ThreadPoolExecutor.getTask(ThreadPoolExecutor.java:1074)
        at java.util.concurrent.ThreadPoolExecutor.runWorker(ThreadPoolExecutor.java:1134)
        at java.util.concurrent.ThreadPoolExecutor$Worker.run(ThreadPoolExecutor.java:624)
        at java.lang.Thread.run(Thread.java:750)
"ContainerOp-5743b342-640f-4931-9abd-9c7b42edd3a2-7"  prio=5 tid=1856 in Object.wait()
java.lang.Thread.State: WAITING (on object monitor)
        at sun.misc.Unsafe.park(Native Method)
        at java.util.concurrent.locks.LockSupport.park(LockSupport.java:175)
        at java.util.concurrent.locks.AbstractQueuedSynchronizer$ConditionObject.await(AbstractQueuedSynchronizer.java:2039)
        at java.util.concurrent.LinkedBlockingQueue.take(LinkedBlockingQueue.java:442)
        at java.util.concurrent.ThreadPoolExecutor.getTask(ThreadPoolExecutor.java:1074)
        at java.util.concurrent.ThreadPoolExecutor.runWorker(ThreadPoolExecutor.java:1134)
        at java.util.concurrent.ThreadPoolExecutor$Worker.run(ThreadPoolExecutor.java:624)
        at java.lang.Thread.run(Thread.java:750)
"IPC Server handler 12 on default port 41993" daemon prio=5 tid=1418 timed_waiting
java.lang.Thread.State: TIMED_WAITING
        at sun.misc.Unsafe.park(Native Method)
        at java.util.concurrent.locks.LockSupport.parkNanos(LockSupport.java:215)
        at java.util.concurrent.locks.AbstractQueuedSynchronizer$ConditionObject.awaitNanos(AbstractQueuedSynchronizer.java:2078)
        at java.util.concurrent.LinkedBlockingQueue.poll(LinkedBlockingQueue.java:467)
        at org.apache.hadoop.ipc.CallQueueManager.take(CallQueueManager.java:317)
        at org.apache.hadoop.ipc.Server$Handler.run(Server.java:2932)
"BlockDeletingService#1" daemon prio=5 tid=1599 in Object.wait()
java.lang.Thread.State: WAITING (on object monitor)
        at sun.misc.Unsafe.park(Native Method)
        at java.util.concurrent.locks.LockSupport.park(LockSupport.java:175)
        at java.util.concurrent.locks.AbstractQueuedSynchronizer$ConditionObject.await(AbstractQueuedSynchronizer.java:2039)
        at java.util.concurrent.ScheduledThreadPoolExecutor$DelayedWorkQueue.take(ScheduledThreadPoolExecutor.java:1088)
        at java.util.concurrent.ScheduledThreadPoolExecutor$DelayedWorkQueue.take(ScheduledThreadPoolExecutor.java:809)
        at java.util.concurrent.ThreadPoolExecutor.getTask(ThreadPoolExecutor.java:1074)
        at java.util.concurrent.ThreadPoolExecutor.runWorker(ThreadPoolExecutor.java:1134)
        at java.util.concurrent.ThreadPoolExecutor$Worker.run(ThreadPoolExecutor.java:624)
        at java.lang.Thread.run(Thread.java:750)
"ChunkWriter-1-0" daemon prio=5 tid=1629 in Object.wait()
java.lang.Thread.State: WAITING (on object monitor)
        at sun.misc.Unsafe.park(Native Method)
        at java.util.concurrent.locks.LockSupport.park(LockSupport.java:175)
        at java.util.concurrent.locks.AbstractQueuedSynchronizer$ConditionObject.await(AbstractQueuedSynchronizer.java:2039)
        at java.util.concurrent.LinkedBlockingDeque.takeFirst(LinkedBlockingDeque.java:492)
        at java.util.concurrent.LinkedBlockingDeque.take(LinkedBlockingDeque.java:680)
        at java.util.concurrent.ThreadPoolExecutor.getTask(ThreadPoolExecutor.java:1074)
        at java.util.concurrent.ThreadPoolExecutor.runWorker(ThreadPoolExecutor.java:1134)
        at java.util.concurrent.ThreadPoolExecutor$Worker.run(ThreadPoolExecutor.java:624)
        at java.lang.Thread.run(Thread.java:750)
"ContainerOp-5743b342-640f-4931-9abd-9c7b42edd3a2-5"  prio=5 tid=1833 in Object.wait()
java.lang.Thread.State: WAITING (on object monitor)
        at sun.misc.Unsafe.park(Native Method)
        at java.util.concurrent.locks.LockSupport.park(LockSupport.java:175)
        at java.util.concurrent.locks.AbstractQueuedSynchronizer$ConditionObject.await(AbstractQueuedSynchronizer.java:2039)
        at java.util.concurrent.LinkedBlockingQueue.take(LinkedBlockingQueue.java:442)
        at java.util.concurrent.ThreadPoolExecutor.getTask(ThreadPoolExecutor.java:1074)
        at java.util.concurrent.ThreadPoolExecutor.runWorker(ThreadPoolExecutor.java:1134)
        at java.util.concurrent.ThreadPoolExecutor$Worker.run(ThreadPoolExecutor.java:624)
        at java.lang.Thread.run(Thread.java:750)
"IPC Server handler 18 on default port 41993" daemon prio=5 tid=1424 timed_waiting
java.lang.Thread.State: TIMED_WAITING
        at sun.misc.Unsafe.park(Native Method)
        at java.util.concurrent.locks.LockSupport.parkNanos(LockSupport.java:215)
        at java.util.concurrent.locks.AbstractQueuedSynchronizer$ConditionObject.awaitNanos(AbstractQueuedSynchronizer.java:2078)
        at java.util.concurrent.LinkedBlockingQueue.poll(LinkedBlockingQueue.java:467)
        at org.apache.hadoop.ipc.CallQueueManager.take(CallQueueManager.java:317)
        at org.apache.hadoop.ipc.Server$Handler.run(Server.java:2932)
"IPC Server handler 10 on default port 35985" daemon prio=5 tid=1396 timed_waiting
java.lang.Thread.State: TIMED_WAITING
        at sun.misc.Unsafe.park(Native Method)
        at java.util.concurrent.locks.LockSupport.parkNanos(LockSupport.java:215)
        at java.util.concurrent.locks.AbstractQueuedSynchronizer$ConditionObject.awaitNanos(AbstractQueuedSynchronizer.java:2078)
        at java.util.concurrent.LinkedBlockingQueue.poll(LinkedBlockingQueue.java:467)
        at org.apache.hadoop.ipc.CallQueueManager.take(CallQueueManager.java:317)
        at org.apache.hadoop.ipc.Server$Handler.run(Server.java:2932)
"4178a181-7a8b-49ec-906e-515996c40b3d@group-9C7B42EDD3A2-StateMachineUpdater" daemon prio=5 tid=1716 timed_waiting
java.lang.Thread.State: TIMED_WAITING
        at sun.misc.Unsafe.park(Native Method)
        at java.util.concurrent.locks.LockSupport.parkNanos(LockSupport.java:215)
        at java.util.concurrent.CompletableFuture$Signaller.block(CompletableFuture.java:1709)
        at java.util.concurrent.ForkJoinPool.managedBlock(ForkJoinPool.java:3323)
        at java.util.concurrent.CompletableFuture.timedGet(CompletableFuture.java:1788)
        at java.util.concurrent.CompletableFuture.get(CompletableFuture.java:1928)
        at org.apache.ratis.util.AwaitForSignal.await(AwaitForSignal.java:56)
        at org.apache.ratis.server.impl.StateMachineUpdater.waitForCommit(StateMachineUpdater.java:207)
        at org.apache.ratis.server.impl.StateMachineUpdater.run(StateMachineUpdater.java:176)
        at java.lang.Thread.run(Thread.java:750)
"Datanode ReportManager Thread - 4" daemon prio=5 tid=1542 timed_waiting
java.lang.Thread.State: TIMED_WAITING
        at sun.misc.Unsafe.park(Native Method)
        at java.util.concurrent.locks.LockSupport.parkNanos(LockSupport.java:215)
        at java.util.concurrent.locks.AbstractQueuedSynchronizer$ConditionObject.awaitNanos(AbstractQueuedSynchronizer.java:2078)
        at java.util.concurrent.ScheduledThreadPoolExecutor$DelayedWorkQueue.take(ScheduledThreadPoolExecutor.java:1093)
        at java.util.concurrent.ScheduledThreadPoolExecutor$DelayedWorkQueue.take(ScheduledThreadPoolExecutor.java:809)
        at java.util.concurrent.ThreadPoolExecutor.getTask(ThreadPoolExecutor.java:1074)
        at java.util.concurrent.ThreadPoolExecutor.runWorker(ThreadPoolExecutor.java:1134)
        at java.util.concurrent.ThreadPoolExecutor$Worker.run(ThreadPoolExecutor.java:624)
        at java.lang.Thread.run(Thread.java:750)
"qtp1370197039-1619" daemon prio=5 tid=1619 runnable
java.lang.Thread.State: RUNNABLE
        at sun.nio.ch.EPollArrayWrapper.epollWait(Native Method)
        at sun.nio.ch.EPollArrayWrapper.poll(EPollArrayWrapper.java:269)
        at sun.nio.ch.EPollSelectorImpl.doSelect(EPollSelectorImpl.java:93)
        at sun.nio.ch.SelectorImpl.lockAndDoSelect(SelectorImpl.java:86)
        at sun.nio.ch.SelectorImpl.select(SelectorImpl.java:97)
        at sun.nio.ch.SelectorImpl.select(SelectorImpl.java:101)
        at org.eclipse.jetty.io.ManagedSelector.nioSelect(ManagedSelector.java:183)
        at org.eclipse.jetty.io.ManagedSelector.select(ManagedSelector.java:190)
        at org.eclipse.jetty.io.ManagedSelector$SelectorProducer.select(ManagedSelector.java:606)
        at org.eclipse.jetty.io.ManagedSelector$SelectorProducer.produce(ManagedSelector.java:543)
        at org.eclipse.jetty.util.thread.strategy.EatWhatYouKill.produceTask(EatWhatYouKill.java:362)
        at org.eclipse.jetty.util.thread.strategy.EatWhatYouKill.doProduce(EatWhatYouKill.java:186)
        at org.eclipse.jetty.util.thread.strategy.EatWhatYouKill.tryProduce(EatWhatYouKill.java:173)
        at org.eclipse.jetty.util.thread.strategy.EatWhatYouKill.produce(EatWhatYouKill.java:137)
        at org.eclipse.jetty.io.ManagedSelector$$Lambda$388/1393284987.run(Unknown Source)
        at org.eclipse.jetty.util.thread.QueuedThreadPool.runJob(QueuedThreadPool.java:883)
        at org.eclipse.jetty.util.thread.QueuedThreadPool$Runner.run(QueuedThreadPool.java:1034)
        at java.lang.Thread.run(Thread.java:750)
"qtp1348274608-1581-acceptor-0@2019b398-ServerConnector@7528966c{HTTP/1.1, (http/1.1)}{0.0.0.0:32769}" daemon prio=3 tid=1581 runnable
java.lang.Thread.State: RUNNABLE
        at sun.nio.ch.ServerSocketChannelImpl.accept0(Native Method)
        at sun.nio.ch.ServerSocketChannelImpl.accept(ServerSocketChannelImpl.java:421)
        at sun.nio.ch.ServerSocketChannelImpl.accept(ServerSocketChannelImpl.java:249)
        at org.eclipse.jetty.server.ServerConnector.accept(ServerConnector.java:388)
        at org.eclipse.jetty.server.AbstractConnector$Acceptor.run(AbstractConnector.java:702)
        at org.eclipse.jetty.util.thread.QueuedThreadPool.runJob(QueuedThreadPool.java:883)
        at org.eclipse.jetty.util.thread.QueuedThreadPool$Runner.run(QueuedThreadPool.java:1034)
        at java.lang.Thread.run(Thread.java:750)
"qtp529864426-1528" daemon prio=5 tid=1528 runnable
java.lang.Thread.State: RUNNABLE
        at sun.nio.ch.EPollArrayWrapper.epollWait(Native Method)
        at sun.nio.ch.EPollArrayWrapper.poll(EPollArrayWrapper.java:269)
        at sun.nio.ch.EPollSelectorImpl.doSelect(EPollSelectorImpl.java:93)
        at sun.nio.ch.SelectorImpl.lockAndDoSelect(SelectorImpl.java:86)
        at sun.nio.ch.SelectorImpl.select(SelectorImpl.java:97)
        at sun.nio.ch.SelectorImpl.select(SelectorImpl.java:101)
        at org.eclipse.jetty.io.ManagedSelector.nioSelect(ManagedSelector.java:183)
        at org.eclipse.jetty.io.ManagedSelector.select(ManagedSelector.java:190)
        at org.eclipse.jetty.io.ManagedSelector$SelectorProducer.select(ManagedSelector.java:606)
        at org.eclipse.jetty.io.ManagedSelector$SelectorProducer.produce(ManagedSelector.java:543)
        at org.eclipse.jetty.util.thread.strategy.EatWhatYouKill.produceTask(EatWhatYouKill.java:362)
        at org.eclipse.jetty.util.thread.strategy.EatWhatYouKill.doProduce(EatWhatYouKill.java:186)
        at org.eclipse.jetty.util.thread.strategy.EatWhatYouKill.tryProduce(EatWhatYouKill.java:173)
        at org.eclipse.jetty.util.thread.strategy.EatWhatYouKill.produce(EatWhatYouKill.java:137)
        at org.eclipse.jetty.io.ManagedSelector$$Lambda$388/1393284987.run(Unknown Source)
        at org.eclipse.jetty.util.thread.QueuedThreadPool.runJob(QueuedThreadPool.java:883)
        at org.eclipse.jetty.util.thread.QueuedThreadPool$Runner.run(QueuedThreadPool.java:1034)
        at java.lang.Thread.run(Thread.java:750)
"qtp667607772-1467" daemon prio=5 tid=1467 timed_waiting
java.lang.Thread.State: TIMED_WAITING
        at sun.misc.Unsafe.park(Native Method)
        at java.util.concurrent.locks.LockSupport.parkNanos(LockSupport.java:215)
        at java.util.concurrent.locks.AbstractQueuedSynchronizer$ConditionObject.awaitNanos(AbstractQueuedSynchronizer.java:2078)
        at org.eclipse.jetty.util.BlockingArrayQueue.poll(BlockingArrayQueue.java:382)
        at org.eclipse.jetty.util.thread.QueuedThreadPool$Runner.idleJobPoll(QueuedThreadPool.java:974)
        at org.eclipse.jetty.util.thread.QueuedThreadPool$Runner.run(QueuedThreadPool.java:1018)
        at java.lang.Thread.run(Thread.java:750)
"qtp192389035-1436" daemon prio=5 tid=1436 timed_waiting
java.lang.Thread.State: TIMED_WAITING
        at sun.misc.Unsafe.park(Native Method)
        at java.util.concurrent.locks.LockSupport.parkNanos(LockSupport.java:215)
        at java.util.concurrent.locks.AbstractQueuedSynchronizer$ConditionObject.awaitNanos(AbstractQueuedSynchronizer.java:2078)
        at org.eclipse.jetty.util.BlockingArrayQueue.poll(BlockingArrayQueue.java:382)
        at org.eclipse.jetty.util.thread.QueuedThreadPool$Runner.idleJobPoll(QueuedThreadPool.java:974)
        at org.eclipse.jetty.util.thread.QueuedThreadPool$Runner.run(QueuedThreadPool.java:1018)
        at java.lang.Thread.run(Thread.java:750)
"EventQueue-NodeRegistrationContainerReportForDataNodeSafeModeRule" daemon prio=5 tid=1657 in Object.wait()
java.lang.Thread.State: WAITING (on object monitor)
        at sun.misc.Unsafe.park(Native Method)
        at java.util.concurrent.locks.LockSupport.park(LockSupport.java:175)
        at java.util.concurrent.locks.AbstractQueuedSynchronizer$ConditionObject.await(AbstractQueuedSynchronizer.java:2039)
        at java.util.concurrent.LinkedBlockingQueue.take(LinkedBlockingQueue.java:442)
        at java.util.concurrent.ThreadPoolExecutor.getTask(ThreadPoolExecutor.java:1074)
        at java.util.concurrent.ThreadPoolExecutor.runWorker(ThreadPoolExecutor.java:1134)
        at java.util.concurrent.ThreadPoolExecutor$Worker.run(ThreadPoolExecutor.java:624)
        at java.lang.Thread.run(Thread.java:750)
"org.apache.hadoop.ozone.container.common.statemachine.commandhandler.DeleteBlocksCommandHandler$DeleteCmdWorker@40ce05ae" daemon prio=5 tid=1526 timed_waiting
java.lang.Thread.State: TIMED_WAITING
        at java.lang.Thread.sleep(Native Method)
        at org.apache.hadoop.ozone.container.common.statemachine.commandhandler.DeleteBlocksCommandHandler$DeleteCmdWorker.run(DeleteBlocksCommandHandler.java:185)
        at java.lang.Thread.run(Thread.java:750)
"Listener at 127.0.0.1/33165"  prio=5 tid=1 timed_waiting
java.lang.Thread.State: TIMED_WAITING
        at sun.misc.Unsafe.park(Native Method)
        at java.util.concurrent.locks.LockSupport.parkNanos(LockSupport.java:215)
        at java.util.concurrent.FutureTask.awaitDone(FutureTask.java:426)
        at java.util.concurrent.FutureTask.get(FutureTask.java:204)
        at org.junit.internal.runners.statements.FailOnTimeout.getResult(FailOnTimeout.java:156)
        at org.junit.internal.runners.statements.FailOnTimeout.evaluate(FailOnTimeout.java:129)
        at org.junit.runners.ParentRunner$3.evaluate(ParentRunner.java:306)
        at org.junit.runners.BlockJUnit4ClassRunner$1.evaluate(BlockJUnit4ClassRunner.java:100)
        at org.junit.runners.ParentRunner.runLeaf(ParentRunner.java:366)
        at org.junit.runners.BlockJUnit4ClassRunner.runChild(BlockJUnit4ClassRunner.java:103)
        at org.junit.runners.BlockJUnit4ClassRunner.runChild(BlockJUnit4ClassRunner.java:63)
        at org.junit.runners.ParentRunner$4.run(ParentRunner.java:331)
        at org.junit.runners.ParentRunner$1.schedule(ParentRunner.java:79)
        at org.junit.runners.ParentRunner.runChildren(ParentRunner.java:329)
        at org.junit.runners.ParentRunner.access$100(ParentRunner.java:66)
        at org.junit.runners.ParentRunner$2.evaluate(ParentRunner.java:293)
        at org.junit.runners.ParentRunner.run(ParentRunner.java:413)
        at org.junit.runners.Suite.runChild(Suite.java:128)
        at org.junit.runners.Suite.runChild(Suite.java:27)
        at org.junit.runners.ParentRunner$4.run(ParentRunner.java:331)
        at org.junit.runners.ParentRunner$1.schedule(ParentRunner.java:79)
        at org.junit.runners.ParentRunner.runChildren(ParentRunner.java:329)
        at org.junit.runners.ParentRunner.access$100(ParentRunner.java:66)
        at org.junit.runners.ParentRunner$2.evaluate(ParentRunner.java:293)
        at org.junit.internal.runners.statements.RunAfters.evaluate(RunAfters.java:27)
        at org.junit.runners.ParentRunner$3.evaluate(ParentRunner.java:306)
        at org.junit.runners.ParentRunner.run(ParentRunner.java:413)
        at org.junit.runner.JUnitCore.run(JUnitCore.java:137)
        at org.junit.runner.JUnitCore.run(JUnitCore.java:115)
        at org.junit.vintage.engine.execution.RunnerExecutor.execute(RunnerExecutor.java:42)
        at org.junit.vintage.engine.VintageTestEngine.executeAllChildren(VintageTestEngine.java:80)
        at org.junit.vintage.engine.VintageTestEngine.execute(VintageTestEngine.java:72)
        at org.junit.platform.launcher.core.EngineExecutionOrchestrator.execute(EngineExecutionOrchestrator.java:107)
        at org.junit.platform.launcher.core.EngineExecutionOrchestrator.execute(EngineExecutionOrchestrator.java:88)
        at org.junit.platform.launcher.core.EngineExecutionOrchestrator.lambda$execute$0(EngineExecutionOrchestrator.java:54)
        at org.junit.platform.launcher.core.EngineExecutionOrchestrator$$Lambda$188/1438988851.accept(Unknown Source)
        at org.junit.platform.launcher.core.EngineExecutionOrchestrator.withInterceptedStreams(EngineExecutionOrchestrator.java:67)
        at org.junit.platform.launcher.core.EngineExecutionOrchestrator.execute(EngineExecutionOrchestrator.java:52)
        at org.junit.platform.launcher.core.DefaultLauncher.execute(DefaultLauncher.java:114)
        at org.junit.platform.launcher.core.DefaultLauncher.execute(DefaultLauncher.java:86)
        at org.junit.platform.launcher.core.DefaultLauncherSession$DelegatingLauncher.execute(DefaultLauncherSession.java:86)
        at org.junit.platform.launcher.core.SessionPerRequestLauncher.execute(SessionPerRequestLauncher.java:53)
        at org.apache.maven.surefire.junitplatform.JUnitPlatformProvider.execute(JUnitPlatformProvider.java:188)
        at org.apache.maven.surefire.junitplatform.JUnitPlatformProvider.invokeAllTests(JUnitPlatformProvider.java:154)
        at org.apache.maven.surefire.junitplatform.JUnitPlatformProvider.invoke(JUnitPlatformProvider.java:124)
        at org.apache.maven.surefire.booter.ForkedBooter.runSuitesInProcess(ForkedBooter.java:428)
        at org.apache.maven.surefire.booter.ForkedBooter.execute(ForkedBooter.java:162)
        at org.apache.maven.surefire.booter.ForkedBooter.run(ForkedBooter.java:562)
        at org.apache.maven.surefire.booter.ForkedBooter.main(ForkedBooter.java:548)
"66188e3b-2de6-4632-9636-fbf530af5e5e@group-9C7B42EDD3A2-LeaderStateImpl" daemon prio=5 tid=1752 timed_waiting
java.lang.Thread.State: TIMED_WAITING
        at sun.misc.Unsafe.park(Native Method)
        at java.util.concurrent.locks.LockSupport.parkNanos(LockSupport.java:215)
        at java.util.concurrent.locks.AbstractQueuedSynchronizer$ConditionObject.awaitNanos(AbstractQueuedSynchronizer.java:2078)
        at java.util.concurrent.ArrayBlockingQueue.poll(ArrayBlockingQueue.java:418)
        at org.apache.ratis.server.impl.LeaderStateImpl$EventQueue.poll(LeaderStateImpl.java:159)
        at org.apache.ratis.server.impl.LeaderStateImpl$EventProcessor.run(LeaderStateImpl.java:630)
"pool-633-thread-1" daemon prio=5 tid=1612 timed_waiting
java.lang.Thread.State: TIMED_WAITING
        at sun.misc.Unsafe.park(Native Method)
        at java.util.concurrent.locks.LockSupport.parkNanos(LockSupport.java:215)
        at java.util.concurrent.locks.AbstractQueuedSynchronizer$ConditionObject.awaitNanos(AbstractQueuedSynchronizer.java:2078)
        at java.util.concurrent.ScheduledThreadPoolExecutor$DelayedWorkQueue.take(ScheduledThreadPoolExecutor.java:1093)
        at java.util.concurrent.ScheduledThreadPoolExecutor$DelayedWorkQueue.take(ScheduledThreadPoolExecutor.java:809)
        at java.util.concurrent.ThreadPoolExecutor.getTask(ThreadPoolExecutor.java:1074)
        at java.util.concurrent.ThreadPoolExecutor.runWorker(ThreadPoolExecutor.java:1134)
        at java.util.concurrent.ThreadPoolExecutor$Worker.run(ThreadPoolExecutor.java:624)
        at java.lang.Thread.run(Thread.java:750)
"Datanode ReportManager Thread - 3" daemon prio=5 tid=868 in Object.wait()
java.lang.Thread.State: WAITING (on object monitor)
        at sun.misc.Unsafe.park(Native Method)
        at java.util.concurrent.locks.LockSupport.park(LockSupport.java:175)
        at java.util.concurrent.locks.AbstractQueuedSynchronizer$ConditionObject.await(AbstractQueuedSynchronizer.java:2039)
        at java.util.concurrent.ScheduledThreadPoolExecutor$DelayedWorkQueue.take(ScheduledThreadPoolExecutor.java:1088)
        at java.util.concurrent.ScheduledThreadPoolExecutor$DelayedWorkQueue.take(ScheduledThreadPoolExecutor.java:809)
        at java.util.concurrent.ThreadPoolExecutor.getTask(ThreadPoolExecutor.java:1074)
        at java.util.concurrent.ThreadPoolExecutor.runWorker(ThreadPoolExecutor.java:1134)
        at java.util.concurrent.ThreadPoolExecutor$Worker.run(ThreadPoolExecutor.java:624)
        at java.lang.Thread.run(Thread.java:750)
"IPC Server handler 5 on default port 33165" daemon prio=5 tid=1475 timed_waiting
java.lang.Thread.State: TIMED_WAITING
        at sun.misc.Unsafe.park(Native Method)
        at java.util.concurrent.locks.LockSupport.parkNanos(LockSupport.java:215)
        at java.util.concurrent.locks.AbstractQueuedSynchronizer$ConditionObject.awaitNanos(AbstractQueuedSynchronizer.java:2078)
        at java.util.concurrent.LinkedBlockingQueue.poll(LinkedBlockingQueue.java:467)
        at org.apache.hadoop.ipc.CallQueueManager.take(CallQueueManager.java:317)
        at org.apache.hadoop.ipc.Server$Handler.run(Server.java:2932)
"qtp766929737-1500" daemon prio=5 tid=1500 runnable
java.lang.Thread.State: RUNNABLE
        at sun.nio.ch.EPollArrayWrapper.epollWait(Native Method)
        at sun.nio.ch.EPollArrayWrapper.poll(EPollArrayWrapper.java:269)
        at sun.nio.ch.EPollSelectorImpl.doSelect(EPollSelectorImpl.java:93)
        at sun.nio.ch.SelectorImpl.lockAndDoSelect(SelectorImpl.java:86)
        at sun.nio.ch.SelectorImpl.select(SelectorImpl.java:97)
        at sun.nio.ch.SelectorImpl.select(SelectorImpl.java:101)
        at org.eclipse.jetty.io.ManagedSelector.nioSelect(ManagedSelector.java:183)
        at org.eclipse.jetty.io.ManagedSelector.select(ManagedSelector.java:190)
        at org.eclipse.jetty.io.ManagedSelector$SelectorProducer.select(ManagedSelector.java:606)
        at org.eclipse.jetty.io.ManagedSelector$SelectorProducer.produce(ManagedSelector.java:543)
        at org.eclipse.jetty.util.thread.strategy.EatWhatYouKill.produceTask(EatWhatYouKill.java:362)
        at org.eclipse.jetty.util.thread.strategy.EatWhatYouKill.doProduce(EatWhatYouKill.java:186)
        at org.eclipse.jetty.util.thread.strategy.EatWhatYouKill.tryProduce(EatWhatYouKill.java:173)
        at org.eclipse.jetty.util.thread.strategy.EatWhatYouKill.produce(EatWhatYouKill.java:137)
        at org.eclipse.jetty.io.ManagedSelector$$Lambda$388/1393284987.run(Unknown Source)
        at org.eclipse.jetty.util.thread.QueuedThreadPool.runJob(QueuedThreadPool.java:883)
        at org.eclipse.jetty.util.thread.QueuedThreadPool$Runner.run(QueuedThreadPool.java:1034)
        at java.lang.Thread.run(Thread.java:750)
"4178a181-7a8b-49ec-906e-515996c40b3d-server-thread1" daemon prio=5 tid=1755 timed_waiting
java.lang.Thread.State: TIMED_WAITING
        at sun.misc.Unsafe.park(Native Method)
        at java.util.concurrent.locks.LockSupport.parkNanos(LockSupport.java:215)
        at java.util.concurrent.SynchronousQueue$TransferStack.awaitFulfill(SynchronousQueue.java:460)
        at java.util.concurrent.SynchronousQueue$TransferStack.transfer(SynchronousQueue.java:362)
        at java.util.concurrent.SynchronousQueue.poll(SynchronousQueue.java:941)
        at java.util.concurrent.ThreadPoolExecutor.getTask(ThreadPoolExecutor.java:1073)
        at java.util.concurrent.ThreadPoolExecutor.runWorker(ThreadPoolExecutor.java:1134)
        at java.util.concurrent.ThreadPoolExecutor$Worker.run(ThreadPoolExecutor.java:624)
        at java.lang.Thread.run(Thread.java:750)
"Datanode ReportManager Thread - 3" daemon prio=5 tid=187 in Object.wait()
java.lang.Thread.State: WAITING (on object monitor)
        at sun.misc.Unsafe.park(Native Method)
        at java.util.concurrent.locks.LockSupport.park(LockSupport.java:175)
        at java.util.concurrent.locks.AbstractQueuedSynchronizer$ConditionObject.await(AbstractQueuedSynchronizer.java:2039)
        at java.util.concurrent.ScheduledThreadPoolExecutor$DelayedWorkQueue.take(ScheduledThreadPoolExecutor.java:1088)
        at java.util.concurrent.ScheduledThreadPoolExecutor$DelayedWorkQueue.take(ScheduledThreadPoolExecutor.java:809)
        at java.util.concurrent.ThreadPoolExecutor.getTask(ThreadPoolExecutor.java:1074)
        at java.util.concurrent.ThreadPoolExecutor.runWorker(ThreadPoolExecutor.java:1134)
        at java.util.concurrent.ThreadPoolExecutor$Worker.run(ThreadPoolExecutor.java:624)
        at java.lang.Thread.run(Thread.java:750)
"BlockDeletingService#3" daemon prio=5 tid=2087 in Object.wait()
java.lang.Thread.State: WAITING (on object monitor)
        at sun.misc.Unsafe.park(Native Method)
        at java.util.concurrent.locks.LockSupport.park(LockSupport.java:175)
        at java.util.concurrent.locks.AbstractQueuedSynchronizer$ConditionObject.await(AbstractQueuedSynchronizer.java:2039)
        at java.util.concurrent.ScheduledThreadPoolExecutor$DelayedWorkQueue.take(ScheduledThreadPoolExecutor.java:1088)
        at java.util.concurrent.ScheduledThreadPoolExecutor$DelayedWorkQueue.take(ScheduledThreadPoolExecutor.java:809)
        at java.util.concurrent.ThreadPoolExecutor.getTask(ThreadPoolExecutor.java:1074)
        at java.util.concurrent.ThreadPoolExecutor.runWorker(ThreadPoolExecutor.java:1134)
        at java.util.concurrent.ThreadPoolExecutor$Worker.run(ThreadPoolExecutor.java:624)
        at java.lang.Thread.run(Thread.java:750)
"IPC Server handler 1 on default port 40713" daemon prio=5 tid=1367 timed_waiting
java.lang.Thread.State: TIMED_WAITING
        at sun.misc.Unsafe.park(Native Method)
        at java.util.concurrent.locks.LockSupport.parkNanos(LockSupport.java:215)
        at java.util.concurrent.locks.AbstractQueuedSynchronizer$ConditionObject.awaitNanos(AbstractQueuedSynchronizer.java:2078)
        at java.util.concurrent.LinkedBlockingQueue.poll(LinkedBlockingQueue.java:467)
        at org.apache.hadoop.ipc.CallQueueManager.take(CallQueueManager.java:317)
        at org.apache.hadoop.ipc.Server$Handler.run(Server.java:2932)
"qtp667607772-1462-acceptor-0@5ee5db66-ServerConnector@630f95fc{HTTP/1.1, (http/1.1)}{0.0.0.0:46605}" daemon prio=3 tid=1462 runnable
java.lang.Thread.State: RUNNABLE
        at sun.nio.ch.ServerSocketChannelImpl.accept0(Native Method)
        at sun.nio.ch.ServerSocketChannelImpl.accept(ServerSocketChannelImpl.java:421)
        at sun.nio.ch.ServerSocketChannelImpl.accept(ServerSocketChannelImpl.java:249)
        at org.eclipse.jetty.server.ServerConnector.accept(ServerConnector.java:388)
        at org.eclipse.jetty.server.AbstractConnector$Acceptor.run(AbstractConnector.java:702)
        at org.eclipse.jetty.util.thread.QueuedThreadPool.runJob(QueuedThreadPool.java:883)
        at org.eclipse.jetty.util.thread.QueuedThreadPool$Runner.run(QueuedThreadPool.java:1034)
        at java.lang.Thread.run(Thread.java:750)
"IPC Server handler 3 on default port 41993" daemon prio=5 tid=1409 timed_waiting
java.lang.Thread.State: TIMED_WAITING
        at sun.misc.Unsafe.park(Native Method)
        at java.util.concurrent.locks.LockSupport.parkNanos(LockSupport.java:215)
        at java.util.concurrent.locks.AbstractQueuedSynchronizer$ConditionObject.awaitNanos(AbstractQueuedSynchronizer.java:2078)
        at java.util.concurrent.LinkedBlockingQueue.poll(LinkedBlockingQueue.java:467)
        at org.apache.hadoop.ipc.CallQueueManager.take(CallQueueManager.java:317)
        at org.apache.hadoop.ipc.Server$Handler.run(Server.java:2932)
"PartialTableCache Cleanup Thread - 0" daemon prio=5 tid=1779 in Object.wait()
java.lang.Thread.State: WAITING (on object monitor)
        at sun.misc.Unsafe.park(Native Method)
        at java.util.concurrent.locks.LockSupport.park(LockSupport.java:175)
        at java.util.concurrent.locks.AbstractQueuedSynchronizer$ConditionObject.await(AbstractQueuedSynchronizer.java:2039)
        at java.util.concurrent.LinkedBlockingQueue.take(LinkedBlockingQueue.java:442)
        at java.util.concurrent.ThreadPoolExecutor.getTask(ThreadPoolExecutor.java:1074)
        at java.util.concurrent.ThreadPoolExecutor.runWorker(ThreadPoolExecutor.java:1134)
        at java.util.concurrent.ThreadPoolExecutor$Worker.run(ThreadPoolExecutor.java:624)
        at java.lang.Thread.run(Thread.java:750)
"qtp1348274608-1587" daemon prio=5 tid=1587 timed_waiting
java.lang.Thread.State: TIMED_WAITING
        at sun.misc.Unsafe.park(Native Method)
        at java.util.concurrent.locks.LockSupport.parkNanos(LockSupport.java:215)
        at java.util.concurrent.locks.AbstractQueuedSynchronizer$ConditionObject.awaitNanos(AbstractQueuedSynchronizer.java:2078)
        at org.eclipse.jetty.util.BlockingArrayQueue.poll(BlockingArrayQueue.java:382)
        at org.eclipse.jetty.util.thread.QueuedThreadPool$Runner.idleJobPoll(QueuedThreadPool.java:974)
        at org.eclipse.jetty.util.thread.QueuedThreadPool$Runner.run(QueuedThreadPool.java:1018)
        at java.lang.Thread.run(Thread.java:750)
"IPC Server handler 0 on default port 41993" daemon prio=5 tid=1406 timed_waiting
java.lang.Thread.State: TIMED_WAITING
        at sun.misc.Unsafe.park(Native Method)
        at java.util.concurrent.locks.LockSupport.parkNanos(LockSupport.java:215)
        at java.util.concurrent.locks.AbstractQueuedSynchronizer$ConditionObject.awaitNanos(AbstractQueuedSynchronizer.java:2078)
        at java.util.concurrent.LinkedBlockingQueue.poll(LinkedBlockingQueue.java:467)
        at org.apache.hadoop.ipc.CallQueueManager.take(CallQueueManager.java:317)
        at org.apache.hadoop.ipc.Server$Handler.run(Server.java:2932)
"ChunkWriter-1-0" daemon prio=5 tid=1648 in Object.wait()
java.lang.Thread.State: WAITING (on object monitor)
        at sun.misc.Unsafe.park(Native Method)
        at java.util.concurrent.locks.LockSupport.park(LockSupport.java:175)
        at java.util.concurrent.locks.AbstractQueuedSynchronizer$ConditionObject.await(AbstractQueuedSynchronizer.java:2039)
        at java.util.concurrent.LinkedBlockingDeque.takeFirst(LinkedBlockingDeque.java:492)
        at java.util.concurrent.LinkedBlockingDeque.take(LinkedBlockingDeque.java:680)
        at java.util.concurrent.ThreadPoolExecutor.getTask(ThreadPoolExecutor.java:1074)
        at java.util.concurrent.ThreadPoolExecutor.runWorker(ThreadPoolExecutor.java:1134)
        at java.util.concurrent.ThreadPoolExecutor$Worker.run(ThreadPoolExecutor.java:624)
        at java.lang.Thread.run(Thread.java:750)
"Datanode ReportManager Thread - 1" daemon prio=5 tid=264 in Object.wait()
java.lang.Thread.State: WAITING (on object monitor)
        at sun.misc.Unsafe.park(Native Method)
        at java.util.concurrent.locks.LockSupport.park(LockSupport.java:175)
        at java.util.concurrent.locks.AbstractQueuedSynchronizer$ConditionObject.await(AbstractQueuedSynchronizer.java:2039)
        at java.util.concurrent.ScheduledThreadPoolExecutor$DelayedWorkQueue.take(ScheduledThreadPoolExecutor.java:1088)
        at java.util.concurrent.ScheduledThreadPoolExecutor$DelayedWorkQueue.take(ScheduledThreadPoolExecutor.java:809)
        at java.util.concurrent.ThreadPoolExecutor.getTask(ThreadPoolExecutor.java:1074)
        at java.util.concurrent.ThreadPoolExecutor.runWorker(ThreadPoolExecutor.java:1134)
        at java.util.concurrent.ThreadPoolExecutor$Worker.run(ThreadPoolExecutor.java:624)
        at java.lang.Thread.run(Thread.java:750)
"qtp667607772-1465" daemon prio=5 tid=1465 timed_waiting
java.lang.Thread.State: TIMED_WAITING
        at sun.misc.Unsafe.park(Native Method)
        at java.util.concurrent.locks.LockSupport.parkNanos(LockSupport.java:215)
        at java.util.concurrent.locks.AbstractQueuedSynchronizer$ConditionObject.awaitNanos(AbstractQueuedSynchronizer.java:2078)
        at org.eclipse.jetty.util.BlockingArrayQueue.poll(BlockingArrayQueue.java:382)
        at org.eclipse.jetty.util.thread.QueuedThreadPool$Runner.idleJobPoll(QueuedThreadPool.java:974)
        at org.eclipse.jetty.util.thread.QueuedThreadPool$Runner.run(QueuedThreadPool.java:1018)
        at java.lang.Thread.run(Thread.java:750)
"4178a181-7a8b-49ec-906e-515996c40b3d@group-FAA04F5864EB-SegmentedRaftLogWorker"  prio=5 tid=1722 timed_waiting
java.lang.Thread.State: TIMED_WAITING
        at sun.misc.Unsafe.park(Native Method)
        at java.util.concurrent.locks.LockSupport.parkNanos(LockSupport.java:215)
        at java.util.concurrent.locks.AbstractQueuedSynchronizer$ConditionObject.awaitNanos(AbstractQueuedSynchronizer.java:2078)
        at org.apache.ratis.util.DataBlockingQueue.poll(DataBlockingQueue.java:148)
        at org.apache.ratis.server.raftlog.segmented.SegmentedRaftLogWorker.run(SegmentedRaftLogWorker.java:301)
        at org.apache.ratis.server.raftlog.segmented.SegmentedRaftLogWorker$$Lambda$555/128040087.run(Unknown Source)
        at java.lang.Thread.run(Thread.java:750)
"ExpiredContainerReplicaOpScrubberThread" daemon prio=5 tid=709 timed_waiting
java.lang.Thread.State: TIMED_WAITING
        at java.lang.Object.wait(Native Method)
        at org.apache.hadoop.hdds.scm.ha.BackgroundSCMService.run(BackgroundSCMService.java:105)
        at org.apache.hadoop.hdds.scm.ha.BackgroundSCMService$$Lambda$318/1880959833.run(Unknown Source)
        at java.lang.Thread.run(Thread.java:750)
"4178a181-7a8b-49ec-906e-515996c40b3d@group-8D797CAEE693->66188e3b-2de6-4632-9636-fbf530af5e5e-GrpcLogAppender-LogAppenderDaemon" daemon prio=5 tid=1906 timed_waiting
java.lang.Thread.State: TIMED_WAITING
        at sun.misc.Unsafe.park(Native Method)
        at java.util.concurrent.locks.LockSupport.parkNanos(LockSupport.java:215)
        at java.util.concurrent.CompletableFuture$Signaller.block(CompletableFuture.java:1709)
        at java.util.concurrent.ForkJoinPool.managedBlock(ForkJoinPool.java:3323)
        at java.util.concurrent.CompletableFuture.timedGet(CompletableFuture.java:1788)
        at java.util.concurrent.CompletableFuture.get(CompletableFuture.java:1928)
        at org.apache.ratis.util.AwaitForSignal.await(AwaitForSignal.java:56)
        at org.apache.ratis.grpc.server.GrpcLogAppender.mayWait(GrpcLogAppender.java:169)
        at org.apache.ratis.grpc.server.GrpcLogAppender.run(GrpcLogAppender.java:128)
        at org.apache.ratis.server.leader.LogAppenderDaemon.run(LogAppenderDaemon.java:77)
        at org.apache.ratis.server.leader.LogAppenderDaemon$$Lambda$952/566533884.run(Unknown Source)
        at java.lang.Thread.run(Thread.java:750)
"EventQueue-PipelineReportForPipelineReportHandler" daemon prio=5 tid=1659 in Object.wait()
java.lang.Thread.State: WAITING (on object monitor)
        at sun.misc.Unsafe.park(Native Method)
        at java.util.concurrent.locks.LockSupport.park(LockSupport.java:175)
        at java.util.concurrent.locks.AbstractQueuedSynchronizer$ConditionObject.await(AbstractQueuedSynchronizer.java:2039)
        at java.util.concurrent.LinkedBlockingQueue.take(LinkedBlockingQueue.java:442)
        at java.util.concurrent.ThreadPoolExecutor.getTask(ThreadPoolExecutor.java:1074)
        at java.util.concurrent.ThreadPoolExecutor.runWorker(ThreadPoolExecutor.java:1134)
        at java.util.concurrent.ThreadPoolExecutor$Worker.run(ThreadPoolExecutor.java:624)
        at java.lang.Thread.run(Thread.java:750)
"Periodic HDDS volume checker" daemon prio=5 tid=1547 timed_waiting
java.lang.Thread.State: TIMED_WAITING
        at sun.misc.Unsafe.park(Native Method)
        at java.util.concurrent.locks.LockSupport.parkNanos(LockSupport.java:215)
        at java.util.concurrent.locks.AbstractQueuedSynchronizer$ConditionObject.awaitNanos(AbstractQueuedSynchronizer.java:2078)
        at java.util.concurrent.ScheduledThreadPoolExecutor$DelayedWorkQueue.take(ScheduledThreadPoolExecutor.java:1093)
        at java.util.concurrent.ScheduledThreadPoolExecutor$DelayedWorkQueue.take(ScheduledThreadPoolExecutor.java:809)
        at java.util.concurrent.ThreadPoolExecutor.getTask(ThreadPoolExecutor.java:1074)
        at java.util.concurrent.ThreadPoolExecutor.runWorker(ThreadPoolExecutor.java:1134)
        at java.util.concurrent.ThreadPoolExecutor$Worker.run(ThreadPoolExecutor.java:624)
        at java.lang.Thread.run(Thread.java:750)
"Datanode ReportManager Thread - 0" daemon prio=5 tid=289 timed_waiting
java.lang.Thread.State: TIMED_WAITING
        at sun.misc.Unsafe.park(Native Method)
        at java.util.concurrent.locks.LockSupport.parkNanos(LockSupport.java:215)
        at java.util.concurrent.locks.AbstractQueuedSynchronizer$ConditionObject.awaitNanos(AbstractQueuedSynchronizer.java:2078)
        at java.util.concurrent.ScheduledThreadPoolExecutor$DelayedWorkQueue.take(ScheduledThreadPoolExecutor.java:1093)
        at java.util.concurrent.ScheduledThreadPoolExecutor$DelayedWorkQueue.take(ScheduledThreadPoolExecutor.java:809)
        at java.util.concurrent.ThreadPoolExecutor.getTask(ThreadPoolExecutor.java:1074)
        at java.util.concurrent.ThreadPoolExecutor.runWorker(ThreadPoolExecutor.java:1134)
        at java.util.concurrent.ThreadPoolExecutor$Worker.run(ThreadPoolExecutor.java:624)
        at java.lang.Thread.run(Thread.java:750)
"IPC Server handler 6 on default port 35985" daemon prio=5 tid=1392 timed_waiting
java.lang.Thread.State: TIMED_WAITING
        at sun.misc.Unsafe.park(Native Method)
        at java.util.concurrent.locks.LockSupport.parkNanos(LockSupport.java:215)
        at java.util.concurrent.locks.AbstractQueuedSynchronizer$ConditionObject.awaitNanos(AbstractQueuedSynchronizer.java:2078)
        at java.util.concurrent.LinkedBlockingQueue.poll(LinkedBlockingQueue.java:467)
        at org.apache.hadoop.ipc.CallQueueManager.take(CallQueueManager.java:317)
        at org.apache.hadoop.ipc.Server$Handler.run(Server.java:2932)
"pool-576-thread-1"  prio=5 tid=1527 timed_waiting
java.lang.Thread.State: TIMED_WAITING
        at sun.misc.Unsafe.park(Native Method)
        at java.util.concurrent.locks.LockSupport.parkNanos(LockSupport.java:215)
        at java.util.concurrent.locks.AbstractQueuedSynchronizer$ConditionObject.awaitNanos(AbstractQueuedSynchronizer.java:2078)
        at java.util.concurrent.ScheduledThreadPoolExecutor$DelayedWorkQueue.take(ScheduledThreadPoolExecutor.java:1093)
        at java.util.concurrent.ScheduledThreadPoolExecutor$DelayedWorkQueue.take(ScheduledThreadPoolExecutor.java:809)
        at java.util.concurrent.ThreadPoolExecutor.getTask(ThreadPoolExecutor.java:1074)
        at java.util.concurrent.ThreadPoolExecutor.runWorker(ThreadPoolExecutor.java:1134)
        at java.util.concurrent.ThreadPoolExecutor$Worker.run(ThreadPoolExecutor.java:624)
        at java.lang.Thread.run(Thread.java:750)
"org.apache.hadoop.fs.FileSystem$Statistics$StatisticsDataReferenceCleaner" daemon prio=5 tid=481 in Object.wait()
java.lang.Thread.State: WAITING (on object monitor)
        at java.lang.Object.wait(Native Method)
        at java.lang.ref.ReferenceQueue.remove(ReferenceQueue.java:144)
        at java.lang.ref.ReferenceQueue.remove(ReferenceQueue.java:165)
        at org.apache.hadoop.fs.FileSystem$Statistics$StatisticsDataReferenceCleaner.run(FileSystem.java:4021)
        at java.lang.Thread.run(Thread.java:750)
"org.apache.hadoop.ozone.container.common.statemachine.commandhandler.DeleteBlocksCommandHandler$DeleteCmdWorker@324de6a2" daemon prio=5 tid=1617 timed_waiting
java.lang.Thread.State: TIMED_WAITING
        at java.lang.Thread.sleep(Native Method)
        at org.apache.hadoop.ozone.container.common.statemachine.commandhandler.DeleteBlocksCommandHandler$DeleteCmdWorker.run(DeleteBlocksCommandHandler.java:185)
        at java.lang.Thread.run(Thread.java:750)
"IPC Server handler 19 on default port 41993" daemon prio=5 tid=1425 timed_waiting
java.lang.Thread.State: TIMED_WAITING
        at sun.misc.Unsafe.park(Native Method)
        at java.util.concurrent.locks.LockSupport.parkNanos(LockSupport.java:215)
        at java.util.concurrent.locks.AbstractQueuedSynchronizer$ConditionObject.awaitNanos(AbstractQueuedSynchronizer.java:2078)
        at java.util.concurrent.LinkedBlockingQueue.poll(LinkedBlockingQueue.java:467)
        at org.apache.hadoop.ipc.CallQueueManager.take(CallQueueManager.java:317)
        at org.apache.hadoop.ipc.Server$Handler.run(Server.java:2932)
"Datanode ReportManager Thread - 3" daemon prio=5 tid=894 in Object.wait()
java.lang.Thread.State: WAITING (on object monitor)
        at sun.misc.Unsafe.park(Native Method)
        at java.util.concurrent.locks.LockSupport.park(LockSupport.java:175)
        at java.util.concurrent.locks.AbstractQueuedSynchronizer$ConditionObject.await(AbstractQueuedSynchronizer.java:2039)
        at java.util.concurrent.ScheduledThreadPoolExecutor$DelayedWorkQueue.take(ScheduledThreadPoolExecutor.java:1088)
        at java.util.concurrent.ScheduledThreadPoolExecutor$DelayedWorkQueue.take(ScheduledThreadPoolExecutor.java:809)
        at java.util.concurrent.ThreadPoolExecutor.getTask(ThreadPoolExecutor.java:1074)
        at java.util.concurrent.ThreadPoolExecutor.runWorker(ThreadPoolExecutor.java:1134)
        at java.util.concurrent.ThreadPoolExecutor$Worker.run(ThreadPoolExecutor.java:624)
        at java.lang.Thread.run(Thread.java:750)
"Socket Reader #1 for port 0"  prio=5 tid=1356 runnable
java.lang.Thread.State: RUNNABLE
        at sun.nio.ch.EPollArrayWrapper.epollWait(Native Method)
        at sun.nio.ch.EPollArrayWrapper.poll(EPollArrayWrapper.java:269)
        at sun.nio.ch.EPollSelectorImpl.doSelect(EPollSelectorImpl.java:93)
        at sun.nio.ch.SelectorImpl.lockAndDoSelect(SelectorImpl.java:86)
        at sun.nio.ch.SelectorImpl.select(SelectorImpl.java:97)
        at sun.nio.ch.SelectorImpl.select(SelectorImpl.java:101)
        at org.apache.hadoop.ipc.Server$Listener$Reader.doRunLoop(Server.java:1288)
        at org.apache.hadoop.ipc.Server$Listener$Reader.run(Server.java:1267)
"qtp281085525-1558" daemon prio=5 tid=1558 timed_waiting
java.lang.Thread.State: TIMED_WAITING
        at sun.misc.Unsafe.park(Native Method)
        at java.util.concurrent.locks.LockSupport.parkNanos(LockSupport.java:215)
        at java.util.concurrent.locks.AbstractQueuedSynchronizer$ConditionObject.awaitNanos(AbstractQueuedSynchronizer.java:2078)
        at org.eclipse.jetty.util.BlockingArrayQueue.poll(BlockingArrayQueue.java:382)
        at org.eclipse.jetty.util.thread.QueuedThreadPool$Runner.idleJobPoll(QueuedThreadPool.java:974)
        at org.eclipse.jetty.util.thread.QueuedThreadPool$Runner.run(QueuedThreadPool.java:1018)
        at java.lang.Thread.run(Thread.java:750)
"qtp192389035-1433" daemon prio=5 tid=1433 timed_waiting
java.lang.Thread.State: TIMED_WAITING
        at sun.misc.Unsafe.park(Native Method)
        at java.util.concurrent.locks.LockSupport.parkNanos(LockSupport.java:215)
        at java.util.concurrent.locks.AbstractQueuedSynchronizer$ConditionObject.awaitNanos(AbstractQueuedSynchronizer.java:2078)
        at org.eclipse.jetty.util.BlockingArrayQueue.poll(BlockingArrayQueue.java:382)
        at org.eclipse.jetty.util.thread.QueuedThreadPool$Runner.idleJobPoll(QueuedThreadPool.java:974)
        at org.eclipse.jetty.util.thread.QueuedThreadPool$Runner.run(QueuedThreadPool.java:1018)
        at java.lang.Thread.run(Thread.java:750)
"qtp1370197039-1624" daemon prio=5 tid=1624 timed_waiting
java.lang.Thread.State: TIMED_WAITING
        at sun.misc.Unsafe.park(Native Method)
        at java.util.concurrent.locks.LockSupport.parkNanos(LockSupport.java:215)
        at java.util.concurrent.locks.AbstractQueuedSynchronizer$ConditionObject.awaitNanos(AbstractQueuedSynchronizer.java:2078)
        at org.eclipse.jetty.util.BlockingArrayQueue.poll(BlockingArrayQueue.java:382)
        at org.eclipse.jetty.util.thread.QueuedThreadPool$Runner.idleJobPoll(QueuedThreadPool.java:974)
        at org.eclipse.jetty.util.thread.QueuedThreadPool$Runner.run(QueuedThreadPool.java:1018)
        at java.lang.Thread.run(Thread.java:750)
"pool-544-thread-1"  prio=5 tid=1686 in Object.wait()
java.lang.Thread.State: WAITING (on object monitor)
        at sun.misc.Unsafe.park(Native Method)
        at java.util.concurrent.locks.LockSupport.park(LockSupport.java:175)
        at java.util.concurrent.locks.AbstractQueuedSynchronizer$ConditionObject.await(AbstractQueuedSynchronizer.java:2039)
        at java.util.concurrent.LinkedBlockingQueue.take(LinkedBlockingQueue.java:442)
        at java.util.concurrent.ThreadPoolExecutor.getTask(ThreadPoolExecutor.java:1074)
        at java.util.concurrent.ThreadPoolExecutor.runWorker(ThreadPoolExecutor.java:1134)
        at java.util.concurrent.ThreadPoolExecutor$Worker.run(ThreadPoolExecutor.java:624)
        at java.lang.Thread.run(Thread.java:750)
"ChunkReader-ELG-0" daemon prio=5 tid=1597 runnable
java.lang.Thread.State: RUNNABLE
        at org.apache.ratis.thirdparty.io.netty.channel.epoll.Native.epollWait(Native Method)
        at org.apache.ratis.thirdparty.io.netty.channel.epoll.Native.epollWait(Native.java:193)
        at org.apache.ratis.thirdparty.io.netty.channel.epoll.Native.epollWait(Native.java:186)
        at org.apache.ratis.thirdparty.io.netty.channel.epoll.EpollEventLoop.epollWaitNoTimerChange(EpollEventLoop.java:290)
        at org.apache.ratis.thirdparty.io.netty.channel.epoll.EpollEventLoop.run(EpollEventLoop.java:347)
        at org.apache.ratis.thirdparty.io.netty.util.concurrent.SingleThreadEventExecutor$4.run(SingleThreadEventExecutor.java:986)
        at org.apache.ratis.thirdparty.io.netty.util.internal.ThreadExecutorMap$2.run(ThreadExecutorMap.java:74)
        at java.lang.Thread.run(Thread.java:750)
"Datanode ReportManager Thread - 1" daemon prio=5 tid=1565 in Object.wait()
java.lang.Thread.State: WAITING (on object monitor)
        at sun.misc.Unsafe.park(Native Method)
        at java.util.concurrent.locks.LockSupport.park(LockSupport.java:175)
        at java.util.concurrent.locks.AbstractQueuedSynchronizer$ConditionObject.await(AbstractQueuedSynchronizer.java:2039)
        at java.util.concurrent.ScheduledThreadPoolExecutor$DelayedWorkQueue.take(ScheduledThreadPoolExecutor.java:1088)
        at java.util.concurrent.ScheduledThreadPoolExecutor$DelayedWorkQueue.take(ScheduledThreadPoolExecutor.java:809)
        at java.util.concurrent.ThreadPoolExecutor.getTask(ThreadPoolExecutor.java:1074)
        at java.util.concurrent.ThreadPoolExecutor.runWorker(ThreadPoolExecutor.java:1134)
        at java.util.concurrent.ThreadPoolExecutor$Worker.run(ThreadPoolExecutor.java:624)
        at java.lang.Thread.run(Thread.java:750)
"Datanode ReportManager Thread - 3" daemon prio=5 tid=958 in Object.wait()
java.lang.Thread.State: WAITING (on object monitor)
        at sun.misc.Unsafe.park(Native Method)
        at java.util.concurrent.locks.LockSupport.park(LockSupport.java:175)
        at java.util.concurrent.locks.AbstractQueuedSynchronizer$ConditionObject.await(AbstractQueuedSynchronizer.java:2039)
        at java.util.concurrent.ScheduledThreadPoolExecutor$DelayedWorkQueue.take(ScheduledThreadPoolExecutor.java:1088)
        at java.util.concurrent.ScheduledThreadPoolExecutor$DelayedWorkQueue.take(ScheduledThreadPoolExecutor.java:809)
        at java.util.concurrent.ThreadPoolExecutor.getTask(ThreadPoolExecutor.java:1074)
        at java.util.concurrent.ThreadPoolExecutor.runWorker(ThreadPoolExecutor.java:1134)
        at java.util.concurrent.ThreadPoolExecutor$Worker.run(ThreadPoolExecutor.java:624)
        at java.lang.Thread.run(Thread.java:750)
"Datanode ReportManager Thread - 2" daemon prio=5 tid=186 in Object.wait()
java.lang.Thread.State: WAITING (on object monitor)
        at sun.misc.Unsafe.park(Native Method)
        at java.util.concurrent.locks.LockSupport.park(LockSupport.java:175)
        at java.util.concurrent.locks.AbstractQueuedSynchronizer$ConditionObject.await(AbstractQueuedSynchronizer.java:2039)
        at java.util.concurrent.ScheduledThreadPoolExecutor$DelayedWorkQueue.take(ScheduledThreadPoolExecutor.java:1088)
        at java.util.concurrent.ScheduledThreadPoolExecutor$DelayedWorkQueue.take(ScheduledThreadPoolExecutor.java:809)
        at java.util.concurrent.ThreadPoolExecutor.getTask(ThreadPoolExecutor.java:1074)
        at java.util.concurrent.ThreadPoolExecutor.runWorker(ThreadPoolExecutor.java:1134)
        at java.util.concurrent.ThreadPoolExecutor$Worker.run(ThreadPoolExecutor.java:624)
        at java.lang.Thread.run(Thread.java:750)
"prometheus" daemon prio=5 tid=1364 in Object.wait()
java.lang.Thread.State: WAITING (on object monitor)
        at java.lang.Object.wait(Native Method)
        at java.lang.Object.wait(Object.java:502)
        at org.apache.hadoop.metrics2.impl.SinkQueue.waitForData(SinkQueue.java:114)
        at org.apache.hadoop.metrics2.impl.SinkQueue.consumeAll(SinkQueue.java:83)
        at org.apache.hadoop.metrics2.impl.MetricsSinkAdapter.publishMetricsFromQueue(MetricsSinkAdapter.java:135)
        at org.apache.hadoop.metrics2.impl.MetricsSinkAdapter$1.run(MetricsSinkAdapter.java:89)
"qtp1348274608-1580" daemon prio=5 tid=1580 runnable
java.lang.Thread.State: RUNNABLE
        at sun.nio.ch.EPollArrayWrapper.epollWait(Native Method)
        at sun.nio.ch.EPollArrayWrapper.poll(EPollArrayWrapper.java:269)
        at sun.nio.ch.EPollSelectorImpl.doSelect(EPollSelectorImpl.java:93)
        at sun.nio.ch.SelectorImpl.lockAndDoSelect(SelectorImpl.java:86)
        at sun.nio.ch.SelectorImpl.select(SelectorImpl.java:97)
        at sun.nio.ch.SelectorImpl.select(SelectorImpl.java:101)
        at org.eclipse.jetty.io.ManagedSelector.nioSelect(ManagedSelector.java:183)
        at org.eclipse.jetty.io.ManagedSelector.select(ManagedSelector.java:190)
        at org.eclipse.jetty.io.ManagedSelector$SelectorProducer.select(ManagedSelector.java:606)
        at org.eclipse.jetty.io.ManagedSelector$SelectorProducer.produce(ManagedSelector.java:543)
        at org.eclipse.jetty.util.thread.strategy.EatWhatYouKill.produceTask(EatWhatYouKill.java:362)
        at org.eclipse.jetty.util.thread.strategy.EatWhatYouKill.doProduce(EatWhatYouKill.java:186)
        at org.eclipse.jetty.util.thread.strategy.EatWhatYouKill.tryProduce(EatWhatYouKill.java:173)
        at org.eclipse.jetty.util.thread.strategy.EatWhatYouKill.produce(EatWhatYouKill.java:137)
        at org.eclipse.jetty.io.ManagedSelector$$Lambda$388/1393284987.run(Unknown Source)
        at org.eclipse.jetty.util.thread.QueuedThreadPool.runJob(QueuedThreadPool.java:883)
        at org.eclipse.jetty.util.thread.QueuedThreadPool$Runner.run(QueuedThreadPool.java:1034)
        at java.lang.Thread.run(Thread.java:750)
"Time-limited test" daemon prio=5 tid=1881 runnable
java.lang.Thread.State: RUNNABLE
        at java.lang.Thread.dumpThreads(Native Method)
        at java.lang.Thread.getAllStackTraces(Thread.java:1615)
        at org.apache.ozone.test.TimedOutTestsListener.buildThreadDump(TimedOutTestsListener.java:93)
        at org.apache.ozone.test.TimedOutTestsListener.buildThreadDiagnosticString(TimedOutTestsListener.java:79)
        at org.apache.ozone.test.GenericTestUtils.waitFor(GenericTestUtils.java:226)
        at org.apache.hadoop.fs.ozone.TestOzoneFileSystem.testTrash(TestOzoneFileSystem.java:1350)
        at sun.reflect.NativeMethodAccessorImpl.invoke0(Native Method)
        at sun.reflect.NativeMethodAccessorImpl.invoke(NativeMethodAccessorImpl.java:62)
        at sun.reflect.DelegatingMethodAccessorImpl.invoke(DelegatingMethodAccessorImpl.java:43)
        at java.lang.reflect.Method.invoke(Method.java:498)
        at org.junit.runners.model.FrameworkMethod$1.runReflectiveCall(FrameworkMethod.java:59)
        at org.junit.internal.runners.model.ReflectiveCallable.run(ReflectiveCallable.java:12)
        at org.junit.runners.model.FrameworkMethod.invokeExplosively(FrameworkMethod.java:56)
        at org.junit.internal.runners.statements.InvokeMethod.evaluate(InvokeMethod.java:17)
        at org.junit.internal.runners.statements.RunAfters.evaluate(RunAfters.java:27)
        at org.junit.internal.runners.statements.FailOnTimeout$CallableStatement.call(FailOnTimeout.java:288)
        at org.junit.internal.runners.statements.FailOnTimeout$CallableStatement.call(FailOnTimeout.java:282)
        at java.util.concurrent.FutureTask.run(FutureTask.java:266)
        at java.lang.Thread.run(Thread.java:750)
"Datanode State Machine Task Thread - 0"  prio=5 tid=1517 in Object.wait()
java.lang.Thread.State: WAITING (on object monitor)
        at sun.misc.Unsafe.park(Native Method)
        at java.util.concurrent.locks.LockSupport.park(LockSupport.java:175)
        at java.util.concurrent.locks.AbstractQueuedSynchronizer$ConditionObject.await(AbstractQueuedSynchronizer.java:2039)
        at java.util.concurrent.LinkedBlockingQueue.take(LinkedBlockingQueue.java:442)
        at java.util.concurrent.ThreadPoolExecutor.getTask(ThreadPoolExecutor.java:1074)
        at java.util.concurrent.ThreadPoolExecutor.runWorker(ThreadPoolExecutor.java:1134)
        at java.util.concurrent.ThreadPoolExecutor$Worker.run(ThreadPoolExecutor.java:624)
        at java.lang.Thread.run(Thread.java:750)
"IPC Server handler 7 on default port 41993" daemon prio=5 tid=1413 timed_waiting
java.lang.Thread.State: TIMED_WAITING
        at sun.misc.Unsafe.park(Native Method)
        at java.util.concurrent.locks.LockSupport.parkNanos(LockSupport.java:215)
        at java.util.concurrent.locks.AbstractQueuedSynchronizer$ConditionObject.awaitNanos(AbstractQueuedSynchronizer.java:2078)
        at java.util.concurrent.LinkedBlockingQueue.poll(LinkedBlockingQueue.java:467)
        at org.apache.hadoop.ipc.CallQueueManager.take(CallQueueManager.java:317)
        at org.apache.hadoop.ipc.Server$Handler.run(Server.java:2932)
"IPC Server handler 8 on default port 40713" daemon prio=5 tid=1374 timed_waiting
java.lang.Thread.State: TIMED_WAITING
        at sun.misc.Unsafe.park(Native Method)
        at java.util.concurrent.locks.LockSupport.parkNanos(LockSupport.java:215)
        at java.util.concurrent.locks.AbstractQueuedSynchronizer$ConditionObject.awaitNanos(AbstractQueuedSynchronizer.java:2078)
        at java.util.concurrent.LinkedBlockingQueue.poll(LinkedBlockingQueue.java:467)
        at org.apache.hadoop.ipc.CallQueueManager.take(CallQueueManager.java:317)
        at org.apache.hadoop.ipc.Server$Handler.run(Server.java:2932)
"ChunkWriter-2-0" daemon prio=5 tid=1666 in Object.wait()
java.lang.Thread.State: WAITING (on object monitor)
        at sun.misc.Unsafe.park(Native Method)
        at java.util.concurrent.locks.LockSupport.park(LockSupport.java:175)
        at java.util.concurrent.locks.AbstractQueuedSynchronizer$ConditionObject.await(AbstractQueuedSynchronizer.java:2039)
        at java.util.concurrent.LinkedBlockingDeque.takeFirst(LinkedBlockingDeque.java:492)
        at java.util.concurrent.LinkedBlockingDeque.take(LinkedBlockingDeque.java:680)
        at java.util.concurrent.ThreadPoolExecutor.getTask(ThreadPoolExecutor.java:1074)
        at java.util.concurrent.ThreadPoolExecutor.runWorker(ThreadPoolExecutor.java:1134)
        at java.util.concurrent.ThreadPoolExecutor$Worker.run(ThreadPoolExecutor.java:624)
        at java.lang.Thread.run(Thread.java:750)
"IPC Server handler 19 on default port 33165" daemon prio=5 tid=1489 timed_waiting
java.lang.Thread.State: TIMED_WAITING
        at sun.misc.Unsafe.park(Native Method)
        at java.util.concurrent.locks.LockSupport.parkNanos(LockSupport.java:215)
        at java.util.concurrent.locks.AbstractQueuedSynchronizer$ConditionObject.awaitNanos(AbstractQueuedSynchronizer.java:2078)
        at java.util.concurrent.LinkedBlockingQueue.poll(LinkedBlockingQueue.java:467)
        at org.apache.hadoop.ipc.CallQueueManager.take(CallQueueManager.java:317)
        at org.apache.hadoop.ipc.Server$Handler.run(Server.java:2932)
"EventQueue-NodeReportForNodeReportHandler" daemon prio=5 tid=1977 in Object.wait()
java.lang.Thread.State: WAITING (on object monitor)
        at sun.misc.Unsafe.park(Native Method)
        at java.util.concurrent.locks.LockSupport.park(LockSupport.java:175)
        at java.util.concurrent.locks.AbstractQueuedSynchronizer$ConditionObject.await(AbstractQueuedSynchronizer.java:2039)
        at java.util.concurrent.LinkedBlockingQueue.take(LinkedBlockingQueue.java:442)
        at java.util.concurrent.ThreadPoolExecutor.getTask(ThreadPoolExecutor.java:1074)
        at java.util.concurrent.ThreadPoolExecutor.runWorker(ThreadPoolExecutor.java:1134)
        at java.util.concurrent.ThreadPoolExecutor$Worker.run(ThreadPoolExecutor.java:624)
        at java.lang.Thread.run(Thread.java:750)
"IPC Server idle connection scanner for port 33165" daemon prio=5 tid=1451 timed_waiting
java.lang.Thread.State: TIMED_WAITING
        at java.lang.Object.wait(Native Method)
        at java.util.TimerThread.mainLoop(Timer.java:552)
        at java.util.TimerThread.run(Timer.java:505)
"java.util.concurrent.ThreadPoolExecutor$Worker@2534665b[State = -1, empty queue]" daemon prio=5 tid=1095 timed_waiting
java.lang.Thread.State: TIMED_WAITING
        at sun.misc.Unsafe.park(Native Method)
        at java.util.concurrent.locks.LockSupport.parkNanos(LockSupport.java:215)
        at java.util.concurrent.locks.AbstractQueuedSynchronizer$ConditionObject.awaitNanos(AbstractQueuedSynchronizer.java:2078)
        at java.util.concurrent.ScheduledThreadPoolExecutor$DelayedWorkQueue.take(ScheduledThreadPoolExecutor.java:1093)
        at java.util.concurrent.ScheduledThreadPoolExecutor$DelayedWorkQueue.take(ScheduledThreadPoolExecutor.java:809)
        at java.util.concurrent.ThreadPoolExecutor.getTask(ThreadPoolExecutor.java:1074)
        at java.util.concurrent.ThreadPoolExecutor.runWorker(ThreadPoolExecutor.java:1134)
        at java.util.concurrent.ThreadPoolExecutor$Worker.run(ThreadPoolExecutor.java:624)
        at java.lang.Thread.run(Thread.java:750)
"BlockDeletingService#3" daemon prio=5 tid=2088 in Object.wait()
java.lang.Thread.State: WAITING (on object monitor)
        at sun.misc.Unsafe.park(Native Method)
        at java.util.concurrent.locks.LockSupport.park(LockSupport.java:175)
        at java.util.concurrent.locks.AbstractQueuedSynchronizer$ConditionObject.await(AbstractQueuedSynchronizer.java:2039)
        at java.util.concurrent.ScheduledThreadPoolExecutor$DelayedWorkQueue.take(ScheduledThreadPoolExecutor.java:1088)
        at java.util.concurrent.ScheduledThreadPoolExecutor$DelayedWorkQueue.take(ScheduledThreadPoolExecutor.java:809)
        at java.util.concurrent.ThreadPoolExecutor.getTask(ThreadPoolExecutor.java:1074)
        at java.util.concurrent.ThreadPoolExecutor.runWorker(ThreadPoolExecutor.java:1134)
        at java.util.concurrent.ThreadPoolExecutor$Worker.run(ThreadPoolExecutor.java:624)
        at java.lang.Thread.run(Thread.java:750)
"IPC Server handler 18 on default port 40713" daemon prio=5 tid=1384 timed_waiting
java.lang.Thread.State: TIMED_WAITING
        at sun.misc.Unsafe.park(Native Method)
        at java.util.concurrent.locks.LockSupport.parkNanos(LockSupport.java:215)
        at java.util.concurrent.locks.AbstractQueuedSynchronizer$ConditionObject.awaitNanos(AbstractQueuedSynchronizer.java:2078)
        at java.util.concurrent.LinkedBlockingQueue.poll(LinkedBlockingQueue.java:467)
        at org.apache.hadoop.ipc.CallQueueManager.take(CallQueueManager.java:317)
        at org.apache.hadoop.ipc.Server$Handler.run(Server.java:2932)
"qtp281085525-1557" daemon prio=5 tid=1557 timed_waiting
java.lang.Thread.State: TIMED_WAITING
        at sun.misc.Unsafe.park(Native Method)
        at java.util.concurrent.locks.LockSupport.parkNanos(LockSupport.java:215)
        at java.util.concurrent.locks.AbstractQueuedSynchronizer$ConditionObject.awaitNanos(AbstractQueuedSynchronizer.java:2078)
        at org.eclipse.jetty.util.BlockingArrayQueue.poll(BlockingArrayQueue.java:382)
        at org.eclipse.jetty.util.thread.QueuedThreadPool$Runner.idleJobPoll(QueuedThreadPool.java:974)
        at org.eclipse.jetty.util.thread.QueuedThreadPool$Runner.run(QueuedThreadPool.java:1018)
        at java.lang.Thread.run(Thread.java:750)
"org.apache.hadoop.ozone.container.common.statemachine.commandhandler.DeleteBlocksCommandHandler$DeleteCmdWorker@6a45af66" daemon prio=5 tid=225 runnable
java.lang.Thread.State: RUNNABLE
        at java.lang.Thread.sleep(Native Method)
        at org.apache.hadoop.ozone.container.common.statemachine.commandhandler.DeleteBlocksCommandHandler$DeleteCmdWorker.run(DeleteBlocksCommandHandler.java:185)
        at java.lang.Thread.run(Thread.java:750)
"66188e3b-2de6-4632-9636-fbf530af5e5e@group-9C7B42EDD3A2-SegmentedRaftLogWorker"  prio=5 tid=1710 timed_waiting
java.lang.Thread.State: TIMED_WAITING
        at sun.misc.Unsafe.park(Native Method)
        at java.util.concurrent.locks.LockSupport.parkNanos(LockSupport.java:215)
        at java.util.concurrent.locks.AbstractQueuedSynchronizer$ConditionObject.awaitNanos(AbstractQueuedSynchronizer.java:2078)
        at org.apache.ratis.util.DataBlockingQueue.poll(DataBlockingQueue.java:148)
        at org.apache.ratis.server.raftlog.segmented.SegmentedRaftLogWorker.run(SegmentedRaftLogWorker.java:301)
        at org.apache.ratis.server.raftlog.segmented.SegmentedRaftLogWorker$$Lambda$555/128040087.run(Unknown Source)
        at java.lang.Thread.run(Thread.java:750)
"Periodic HDDS volume checker" daemon prio=5 tid=1493 timed_waiting
java.lang.Thread.State: TIMED_WAITING
        at sun.misc.Unsafe.park(Native Method)
        at java.util.concurrent.locks.LockSupport.parkNanos(LockSupport.java:215)
        at java.util.concurrent.locks.AbstractQueuedSynchronizer$ConditionObject.awaitNanos(AbstractQueuedSynchronizer.java:2078)
        at java.util.concurrent.ScheduledThreadPoolExecutor$DelayedWorkQueue.take(ScheduledThreadPoolExecutor.java:1093)
        at java.util.concurrent.ScheduledThreadPoolExecutor$DelayedWorkQueue.take(ScheduledThreadPoolExecutor.java:809)
        at java.util.concurrent.ThreadPoolExecutor.getTask(ThreadPoolExecutor.java:1074)
        at java.util.concurrent.ThreadPoolExecutor.runWorker(ThreadPoolExecutor.java:1134)
        at java.util.concurrent.ThreadPoolExecutor$Worker.run(ThreadPoolExecutor.java:624)
        at java.lang.Thread.run(Thread.java:750)
"IPC Server handler 17 on default port 41993" daemon prio=5 tid=1423 timed_waiting
java.lang.Thread.State: TIMED_WAITING
        at sun.misc.Unsafe.park(Native Method)
        at java.util.concurrent.locks.LockSupport.parkNanos(LockSupport.java:215)
        at java.util.concurrent.locks.AbstractQueuedSynchronizer$ConditionObject.awaitNanos(AbstractQueuedSynchronizer.java:2078)
        at java.util.concurrent.LinkedBlockingQueue.poll(LinkedBlockingQueue.java:467)
        at org.apache.hadoop.ipc.CallQueueManager.take(CallQueueManager.java:317)
        at org.apache.hadoop.ipc.Server$Handler.run(Server.java:2932)
"Datanode ReportManager Thread - 4" daemon prio=5 tid=895 in Object.wait()
java.lang.Thread.State: WAITING (on object monitor)
        at sun.misc.Unsafe.park(Native Method)
        at java.util.concurrent.locks.LockSupport.park(LockSupport.java:175)
        at java.util.concurrent.locks.AbstractQueuedSynchronizer$ConditionObject.await(AbstractQueuedSynchronizer.java:2039)
        at java.util.concurrent.ScheduledThreadPoolExecutor$DelayedWorkQueue.take(ScheduledThreadPoolExecutor.java:1088)
        at java.util.concurrent.ScheduledThreadPoolExecutor$DelayedWorkQueue.take(ScheduledThreadPoolExecutor.java:809)
        at java.util.concurrent.ThreadPoolExecutor.getTask(ThreadPoolExecutor.java:1074)
        at java.util.concurrent.ThreadPoolExecutor.runWorker(ThreadPoolExecutor.java:1134)
        at java.util.concurrent.ThreadPoolExecutor$Worker.run(ThreadPoolExecutor.java:624)
        at java.lang.Thread.run(Thread.java:750)
"Timer-2"  prio=5 tid=1456 timed_waiting
java.lang.Thread.State: TIMED_WAITING
        at java.lang.Object.wait(Native Method)
        at java.util.TimerThread.mainLoop(Timer.java:552)
        at java.util.TimerThread.run(Timer.java:505)
"Datanode State Machine Task Thread - 1"  prio=5 tid=1662 in Object.wait()
java.lang.Thread.State: WAITING (on object monitor)
        at sun.misc.Unsafe.park(Native Method)
        at java.util.concurrent.locks.LockSupport.park(LockSupport.java:175)
        at java.util.concurrent.locks.AbstractQueuedSynchronizer$ConditionObject.await(AbstractQueuedSynchronizer.java:2039)
        at java.util.concurrent.LinkedBlockingQueue.take(LinkedBlockingQueue.java:442)
        at java.util.concurrent.ThreadPoolExecutor.getTask(ThreadPoolExecutor.java:1074)
        at java.util.concurrent.ThreadPoolExecutor.runWorker(ThreadPoolExecutor.java:1134)
        at java.util.concurrent.ThreadPoolExecutor$Worker.run(ThreadPoolExecutor.java:624)
        at java.lang.Thread.run(Thread.java:750)
"ContainerOp-5743b342-640f-4931-9abd-9c7b42edd3a2-0"  prio=5 tid=1789 in Object.wait()
java.lang.Thread.State: WAITING (on object monitor)
        at sun.misc.Unsafe.park(Native Method)
        at java.util.concurrent.locks.LockSupport.park(LockSupport.java:175)
        at java.util.concurrent.locks.AbstractQueuedSynchronizer$ConditionObject.await(AbstractQueuedSynchronizer.java:2039)
        at java.util.concurrent.LinkedBlockingQueue.take(LinkedBlockingQueue.java:442)
        at java.util.concurrent.ThreadPoolExecutor.getTask(ThreadPoolExecutor.java:1074)
        at java.util.concurrent.ThreadPoolExecutor.runWorker(ThreadPoolExecutor.java:1134)
        at java.util.concurrent.ThreadPoolExecutor$Worker.run(ThreadPoolExecutor.java:624)
        at java.lang.Thread.run(Thread.java:750)
"EndpointStateMachine task thread for /0.0.0.0:41993 - 0 "  prio=5 tid=1675 in Object.wait()
java.lang.Thread.State: WAITING (on object monitor)
        at sun.misc.Unsafe.park(Native Method)
        at java.util.concurrent.locks.LockSupport.park(LockSupport.java:175)
        at java.util.concurrent.locks.AbstractQueuedSynchronizer$ConditionObject.await(AbstractQueuedSynchronizer.java:2039)
        at java.util.concurrent.LinkedBlockingQueue.take(LinkedBlockingQueue.java:442)
        at java.util.concurrent.ThreadPoolExecutor.getTask(ThreadPoolExecutor.java:1074)
        at java.util.concurrent.ThreadPoolExecutor.runWorker(ThreadPoolExecutor.java:1134)
        at java.util.concurrent.ThreadPoolExecutor$Worker.run(ThreadPoolExecutor.java:624)
        at java.lang.Thread.run(Thread.java:750)
"Datanode ReportManager Thread - 0" daemon prio=5 tid=1538 in Object.wait()
java.lang.Thread.State: WAITING (on object monitor)
        at sun.misc.Unsafe.park(Native Method)
        at java.util.concurrent.locks.LockSupport.park(LockSupport.java:175)
        at java.util.concurrent.locks.AbstractQueuedSynchronizer$ConditionObject.await(AbstractQueuedSynchronizer.java:2039)
        at java.util.concurrent.ScheduledThreadPoolExecutor$DelayedWorkQueue.take(ScheduledThreadPoolExecutor.java:1088)
        at java.util.concurrent.ScheduledThreadPoolExecutor$DelayedWorkQueue.take(ScheduledThreadPoolExecutor.java:809)
        at java.util.concurrent.ThreadPoolExecutor.getTask(ThreadPoolExecutor.java:1074)
        at java.util.concurrent.ThreadPoolExecutor.runWorker(ThreadPoolExecutor.java:1134)
        at java.util.concurrent.ThreadPoolExecutor$Worker.run(ThreadPoolExecutor.java:624)
        at java.lang.Thread.run(Thread.java:750)
"PartialTableCache Cleanup Thread - 0" daemon prio=5 tid=1129 in Object.wait()
java.lang.Thread.State: WAITING (on object monitor)
        at sun.misc.Unsafe.park(Native Method)
        at java.util.concurrent.locks.LockSupport.park(LockSupport.java:175)
        at java.util.concurrent.locks.AbstractQueuedSynchronizer$ConditionObject.await(AbstractQueuedSynchronizer.java:2039)
        at java.util.concurrent.LinkedBlockingQueue.take(LinkedBlockingQueue.java:442)
        at java.util.concurrent.ThreadPoolExecutor.getTask(ThreadPoolExecutor.java:1074)
        at java.util.concurrent.ThreadPoolExecutor.runWorker(ThreadPoolExecutor.java:1134)
        at java.util.concurrent.ThreadPoolExecutor$Worker.run(ThreadPoolExecutor.java:624)
        at java.lang.Thread.run(Thread.java:750)
"Datanode ReportManager Thread - 0" daemon prio=5 tid=263 timed_waiting
java.lang.Thread.State: TIMED_WAITING
        at sun.misc.Unsafe.park(Native Method)
        at java.util.concurrent.locks.LockSupport.parkNanos(LockSupport.java:215)
        at java.util.concurrent.locks.AbstractQueuedSynchronizer$ConditionObject.awaitNanos(AbstractQueuedSynchronizer.java:2078)
        at java.util.concurrent.ScheduledThreadPoolExecutor$DelayedWorkQueue.take(ScheduledThreadPoolExecutor.java:1093)
        at java.util.concurrent.ScheduledThreadPoolExecutor$DelayedWorkQueue.take(ScheduledThreadPoolExecutor.java:809)
        at java.util.concurrent.ThreadPoolExecutor.getTask(ThreadPoolExecutor.java:1074)
        at java.util.concurrent.ThreadPoolExecutor.runWorker(ThreadPoolExecutor.java:1134)
        at java.util.concurrent.ThreadPoolExecutor$Worker.run(ThreadPoolExecutor.java:624)
        at java.lang.Thread.run(Thread.java:750)
"IPC Server handler 5 on default port 41993" daemon prio=5 tid=1411 timed_waiting
java.lang.Thread.State: TIMED_WAITING
        at sun.misc.Unsafe.park(Native Method)
        at java.util.concurrent.locks.LockSupport.parkNanos(LockSupport.java:215)
        at java.util.concurrent.locks.AbstractQueuedSynchronizer$ConditionObject.awaitNanos(AbstractQueuedSynchronizer.java:2078)
        at java.util.concurrent.LinkedBlockingQueue.poll(LinkedBlockingQueue.java:467)
        at org.apache.hadoop.ipc.CallQueueManager.take(CallQueueManager.java:317)
        at org.apache.hadoop.ipc.Server$Handler.run(Server.java:2932)
"ContainerOp-5743b342-640f-4931-9abd-9c7b42edd3a2-0"  prio=5 tid=1791 in Object.wait()
java.lang.Thread.State: WAITING (on object monitor)
        at sun.misc.Unsafe.park(Native Method)
        at java.util.concurrent.locks.LockSupport.park(LockSupport.java:175)
        at java.util.concurrent.locks.AbstractQueuedSynchronizer$ConditionObject.await(AbstractQueuedSynchronizer.java:2039)
        at java.util.concurrent.LinkedBlockingQueue.take(LinkedBlockingQueue.java:442)
        at java.util.concurrent.ThreadPoolExecutor.getTask(ThreadPoolExecutor.java:1074)
        at java.util.concurrent.ThreadPoolExecutor.runWorker(ThreadPoolExecutor.java:1134)
        at java.util.concurrent.ThreadPoolExecutor$Worker.run(ThreadPoolExecutor.java:624)
        at java.lang.Thread.run(Thread.java:750)
"IPC Server handler 0 on default port 40713" daemon prio=5 tid=1366 timed_waiting
java.lang.Thread.State: TIMED_WAITING
        at sun.misc.Unsafe.park(Native Method)
        at java.util.concurrent.locks.LockSupport.parkNanos(LockSupport.java:215)
        at java.util.concurrent.locks.AbstractQueuedSynchronizer$ConditionObject.awaitNanos(AbstractQueuedSynchronizer.java:2078)
        at java.util.concurrent.LinkedBlockingQueue.poll(LinkedBlockingQueue.java:467)
        at org.apache.hadoop.ipc.CallQueueManager.take(CallQueueManager.java:317)
        at org.apache.hadoop.ipc.Server$Handler.run(Server.java:2932)
"Datanode ReportManager Thread - 2" daemon prio=5 tid=1512 in Object.wait()
java.lang.Thread.State: WAITING (on object monitor)
        at sun.misc.Unsafe.park(Native Method)
        at java.util.concurrent.locks.LockSupport.park(LockSupport.java:175)
        at java.util.concurrent.locks.AbstractQueuedSynchronizer$ConditionObject.await(AbstractQueuedSynchronizer.java:2039)
        at java.util.concurrent.ScheduledThreadPoolExecutor$DelayedWorkQueue.take(ScheduledThreadPoolExecutor.java:1088)
        at java.util.concurrent.ScheduledThreadPoolExecutor$DelayedWorkQueue.take(ScheduledThreadPoolExecutor.java:809)
        at java.util.concurrent.ThreadPoolExecutor.getTask(ThreadPoolExecutor.java:1074)
        at java.util.concurrent.ThreadPoolExecutor.runWorker(ThreadPoolExecutor.java:1134)
        at java.util.concurrent.ThreadPoolExecutor$Worker.run(ThreadPoolExecutor.java:624)
        at java.lang.Thread.run(Thread.java:750)
"qtp667607772-1464" daemon prio=5 tid=1464 timed_waiting
java.lang.Thread.State: TIMED_WAITING
        at sun.misc.Unsafe.park(Native Method)
        at java.util.concurrent.locks.LockSupport.parkNanos(LockSupport.java:215)
        at java.util.concurrent.locks.AbstractQueuedSynchronizer$ConditionObject.awaitNanos(AbstractQueuedSynchronizer.java:2078)
        at org.eclipse.jetty.util.BlockingArrayQueue.poll(BlockingArrayQueue.java:382)
        at org.eclipse.jetty.util.thread.QueuedThreadPool$Runner.idleJobPoll(QueuedThreadPool.java:974)
        at org.eclipse.jetty.util.thread.QueuedThreadPool$Runner.run(QueuedThreadPool.java:1018)
        at java.lang.Thread.run(Thread.java:750)
"IPC Server listener on 0" daemon prio=5 tid=1355 runnable
java.lang.Thread.State: RUNNABLE
        at sun.nio.ch.EPollArrayWrapper.epollWait(Native Method)
        at sun.nio.ch.EPollArrayWrapper.poll(EPollArrayWrapper.java:269)
        at sun.nio.ch.EPollSelectorImpl.doSelect(EPollSelectorImpl.java:93)
        at sun.nio.ch.SelectorImpl.lockAndDoSelect(SelectorImpl.java:86)
        at sun.nio.ch.SelectorImpl.select(SelectorImpl.java:97)
        at sun.nio.ch.SelectorImpl.select(SelectorImpl.java:101)
        at org.apache.hadoop.ipc.Server$Listener.run(Server.java:1350)
"Finalizer" daemon prio=8 tid=3 in Object.wait()
java.lang.Thread.State: WAITING (on object monitor)
        at java.lang.Object.wait(Native Method)
        at java.lang.ref.ReferenceQueue.remove(ReferenceQueue.java:144)
        at java.lang.ref.ReferenceQueue.remove(ReferenceQueue.java:165)
        at java.lang.ref.Finalizer$FinalizerThread.run(Finalizer.java:216)
"ContainerOp-5743b342-640f-4931-9abd-9c7b42edd3a2-9"  prio=5 tid=1851 in Object.wait()
java.lang.Thread.State: WAITING (on object monitor)
        at sun.misc.Unsafe.park(Native Method)
        at java.util.concurrent.locks.LockSupport.park(LockSupport.java:175)
        at java.util.concurrent.locks.AbstractQueuedSynchronizer$ConditionObject.await(AbstractQueuedSynchronizer.java:2039)
        at java.util.concurrent.LinkedBlockingQueue.take(LinkedBlockingQueue.java:442)
        at java.util.concurrent.ThreadPoolExecutor.getTask(ThreadPoolExecutor.java:1074)
        at java.util.concurrent.ThreadPoolExecutor.runWorker(ThreadPoolExecutor.java:1134)
        at java.util.concurrent.ThreadPoolExecutor$Worker.run(ThreadPoolExecutor.java:624)
        at java.lang.Thread.run(Thread.java:750)
"pool-505-thread-1"  prio=5 tid=1429 timed_waiting
java.lang.Thread.State: TIMED_WAITING
        at sun.misc.Unsafe.park(Native Method)
        at java.util.concurrent.locks.LockSupport.parkNanos(LockSupport.java:215)
        at java.util.concurrent.locks.AbstractQueuedSynchronizer$ConditionObject.awaitNanos(AbstractQueuedSynchronizer.java:2078)
        at java.util.concurrent.ScheduledThreadPoolExecutor$DelayedWorkQueue.take(ScheduledThreadPoolExecutor.java:1093)
        at java.util.concurrent.ScheduledThreadPoolExecutor$DelayedWorkQueue.take(ScheduledThreadPoolExecutor.java:809)
        at java.util.concurrent.ThreadPoolExecutor.getTask(ThreadPoolExecutor.java:1074)
        at java.util.concurrent.ThreadPoolExecutor.runWorker(ThreadPoolExecutor.java:1134)
        at java.util.concurrent.ThreadPoolExecutor$Worker.run(ThreadPoolExecutor.java:624)
        at java.lang.Thread.run(Thread.java:750)
"SCM Heartbeat Processing Thread - 0" daemon prio=5 tid=1345 timed_waiting
java.lang.Thread.State: TIMED_WAITING
        at sun.misc.Unsafe.park(Native Method)
        at java.util.concurrent.locks.LockSupport.parkNanos(LockSupport.java:215)
        at java.util.concurrent.locks.AbstractQueuedSynchronizer$ConditionObject.awaitNanos(AbstractQueuedSynchronizer.java:2078)
        at java.util.concurrent.ScheduledThreadPoolExecutor$DelayedWorkQueue.take(ScheduledThreadPoolExecutor.java:1093)
        at java.util.concurrent.ScheduledThreadPoolExecutor$DelayedWorkQueue.take(ScheduledThreadPoolExecutor.java:809)
        at java.util.concurrent.ThreadPoolExecutor.getTask(ThreadPoolExecutor.java:1074)
        at java.util.concurrent.ThreadPoolExecutor.runWorker(ThreadPoolExecutor.java:1134)
        at java.util.concurrent.ThreadPoolExecutor$Worker.run(ThreadPoolExecutor.java:624)
        at java.lang.Thread.run(Thread.java:750)
"IPC Server Responder" daemon prio=5 tid=1452 runnable
java.lang.Thread.State: RUNNABLE
        at sun.nio.ch.EPollArrayWrapper.epollWait(Native Method)
        at sun.nio.ch.EPollArrayWrapper.poll(EPollArrayWrapper.java:269)
        at sun.nio.ch.EPollSelectorImpl.doSelect(EPollSelectorImpl.java:93)
        at sun.nio.ch.SelectorImpl.lockAndDoSelect(SelectorImpl.java:86)
        at sun.nio.ch.SelectorImpl.select(SelectorImpl.java:97)
        at org.apache.hadoop.ipc.Server$Responder.doRunLoop(Server.java:1527)
        at org.apache.hadoop.ipc.Server$Responder.run(Server.java:1510)
"IPC Server handler 19 on default port 35985" daemon prio=5 tid=1405 timed_waiting
java.lang.Thread.State: TIMED_WAITING
        at sun.misc.Unsafe.park(Native Method)
        at java.util.concurrent.locks.LockSupport.parkNanos(LockSupport.java:215)
        at java.util.concurrent.locks.AbstractQueuedSynchronizer$ConditionObject.awaitNanos(AbstractQueuedSynchronizer.java:2078)
        at java.util.concurrent.LinkedBlockingQueue.poll(LinkedBlockingQueue.java:467)
        at org.apache.hadoop.ipc.CallQueueManager.take(CallQueueManager.java:317)
        at org.apache.hadoop.ipc.Server$Handler.run(Server.java:2932)
"Datanode ReportManager Thread - 2" daemon prio=5 tid=957 in Object.wait()
java.lang.Thread.State: WAITING (on object monitor)
        at sun.misc.Unsafe.park(Native Method)
        at java.util.concurrent.locks.LockSupport.park(LockSupport.java:175)
        at java.util.concurrent.locks.AbstractQueuedSynchronizer$ConditionObject.await(AbstractQueuedSynchronizer.java:2039)
        at java.util.concurrent.ScheduledThreadPoolExecutor$DelayedWorkQueue.take(ScheduledThreadPoolExecutor.java:1088)
        at java.util.concurrent.ScheduledThreadPoolExecutor$DelayedWorkQueue.take(ScheduledThreadPoolExecutor.java:809)
        at java.util.concurrent.ThreadPoolExecutor.getTask(ThreadPoolExecutor.java:1074)
        at java.util.concurrent.ThreadPoolExecutor.runWorker(ThreadPoolExecutor.java:1134)
        at java.util.concurrent.ThreadPoolExecutor$Worker.run(ThreadPoolExecutor.java:624)
        at java.lang.Thread.run(Thread.java:750)
"pool-640-thread-1"  prio=5 tid=1729 in Object.wait()
java.lang.Thread.State: WAITING (on object monitor)
        at sun.misc.Unsafe.park(Native Method)
        at java.util.concurrent.locks.LockSupport.park(LockSupport.java:175)
        at java.util.concurrent.locks.AbstractQueuedSynchronizer$ConditionObject.await(AbstractQueuedSynchronizer.java:2039)
        at java.util.concurrent.LinkedBlockingQueue.take(LinkedBlockingQueue.java:442)
        at java.util.concurrent.ThreadPoolExecutor.getTask(ThreadPoolExecutor.java:1074)
        at java.util.concurrent.ThreadPoolExecutor.runWorker(ThreadPoolExecutor.java:1134)
        at java.util.concurrent.ThreadPoolExecutor$Worker.run(ThreadPoolExecutor.java:624)
        at java.lang.Thread.run(Thread.java:750)
"BlockDeletingService#1" daemon prio=5 tid=1671 in Object.wait()
java.lang.Thread.State: WAITING (on object monitor)
        at sun.misc.Unsafe.park(Native Method)
        at java.util.concurrent.locks.LockSupport.park(LockSupport.java:175)
        at java.util.concurrent.locks.AbstractQueuedSynchronizer$ConditionObject.await(AbstractQueuedSynchronizer.java:2039)
        at java.util.concurrent.ScheduledThreadPoolExecutor$DelayedWorkQueue.take(ScheduledThreadPoolExecutor.java:1088)
        at java.util.concurrent.ScheduledThreadPoolExecutor$DelayedWorkQueue.take(ScheduledThreadPoolExecutor.java:809)
        at java.util.concurrent.ThreadPoolExecutor.getTask(ThreadPoolExecutor.java:1074)
        at java.util.concurrent.ThreadPoolExecutor.runWorker(ThreadPoolExecutor.java:1134)
        at java.util.concurrent.ThreadPoolExecutor$Worker.run(ThreadPoolExecutor.java:624)
        at java.lang.Thread.run(Thread.java:750)
"Datanode ReportManager Thread - 2" daemon prio=5 tid=1540 in Object.wait()
java.lang.Thread.State: WAITING (on object monitor)
        at sun.misc.Unsafe.park(Native Method)
        at java.util.concurrent.locks.LockSupport.park(LockSupport.java:175)
        at java.util.concurrent.locks.AbstractQueuedSynchronizer$ConditionObject.await(AbstractQueuedSynchronizer.java:2039)
        at java.util.concurrent.ScheduledThreadPoolExecutor$DelayedWorkQueue.take(ScheduledThreadPoolExecutor.java:1088)
        at java.util.concurrent.ScheduledThreadPoolExecutor$DelayedWorkQueue.take(ScheduledThreadPoolExecutor.java:809)
        at java.util.concurrent.ThreadPoolExecutor.getTask(ThreadPoolExecutor.java:1074)
        at java.util.concurrent.ThreadPoolExecutor.runWorker(ThreadPoolExecutor.java:1134)
        at java.util.concurrent.ThreadPoolExecutor$Worker.run(ThreadPoolExecutor.java:624)
        at java.lang.Thread.run(Thread.java:750)
"qtp529864426-1529-acceptor-0@e292d1-ServerConnector@5de1b3ee{HTTP/1.1, (http/1.1)}{0.0.0.0:43353}" daemon prio=3 tid=1529 runnable
java.lang.Thread.State: RUNNABLE
        at sun.nio.ch.ServerSocketChannelImpl.accept0(Native Method)
        at sun.nio.ch.ServerSocketChannelImpl.accept(ServerSocketChannelImpl.java:421)
        at sun.nio.ch.ServerSocketChannelImpl.accept(ServerSocketChannelImpl.java:249)
        at org.eclipse.jetty.server.ServerConnector.accept(ServerConnector.java:388)
        at org.eclipse.jetty.server.AbstractConnector$Acceptor.run(AbstractConnector.java:702)
        at org.eclipse.jetty.util.thread.QueuedThreadPool.runJob(QueuedThreadPool.java:883)
        at org.eclipse.jetty.util.thread.QueuedThreadPool$Runner.run(QueuedThreadPool.java:1034)
        at java.lang.Thread.run(Thread.java:750)
"IPC Server handler 10 on default port 41993" daemon prio=5 tid=1416 timed_waiting
java.lang.Thread.State: TIMED_WAITING
        at sun.misc.Unsafe.park(Native Method)
        at java.util.concurrent.locks.LockSupport.parkNanos(LockSupport.java:215)
        at java.util.concurrent.locks.AbstractQueuedSynchronizer$ConditionObject.awaitNanos(AbstractQueuedSynchronizer.java:2078)
        at java.util.concurrent.LinkedBlockingQueue.poll(LinkedBlockingQueue.java:467)
        at org.apache.hadoop.ipc.CallQueueManager.take(CallQueueManager.java:317)
        at org.apache.hadoop.ipc.Server$Handler.run(Server.java:2932)
"b721671c-f2e0-4f32-a472-e04e394ae124@group-9C7B42EDD3A2-SegmentedRaftLogWorker"  prio=5 tid=1707 timed_waiting
java.lang.Thread.State: TIMED_WAITING
        at sun.misc.Unsafe.park(Native Method)
        at java.util.concurrent.locks.LockSupport.parkNanos(LockSupport.java:215)
        at java.util.concurrent.locks.AbstractQueuedSynchronizer$ConditionObject.awaitNanos(AbstractQueuedSynchronizer.java:2078)
        at org.apache.ratis.util.DataBlockingQueue.poll(DataBlockingQueue.java:148)
        at org.apache.ratis.server.raftlog.segmented.SegmentedRaftLogWorker.run(SegmentedRaftLogWorker.java:301)
        at org.apache.ratis.server.raftlog.segmented.SegmentedRaftLogWorker$$Lambda$555/128040087.run(Unknown Source)
        at java.lang.Thread.run(Thread.java:750)
"ContainerOp-5743b342-640f-4931-9abd-9c7b42edd3a2-0"  prio=5 tid=1786 in Object.wait()
java.lang.Thread.State: WAITING (on object monitor)
        at sun.misc.Unsafe.park(Native Method)
        at java.util.concurrent.locks.LockSupport.park(LockSupport.java:175)
        at java.util.concurrent.locks.AbstractQueuedSynchronizer$ConditionObject.await(AbstractQueuedSynchronizer.java:2039)
        at java.util.concurrent.LinkedBlockingQueue.take(LinkedBlockingQueue.java:442)
        at java.util.concurrent.ThreadPoolExecutor.getTask(ThreadPoolExecutor.java:1074)
        at java.util.concurrent.ThreadPoolExecutor.runWorker(ThreadPoolExecutor.java:1134)
        at java.util.concurrent.ThreadPoolExecutor$Worker.run(ThreadPoolExecutor.java:624)
        at java.lang.Thread.run(Thread.java:750)
"IPC Server Responder" daemon prio=5 tid=1358 runnable
java.lang.Thread.State: RUNNABLE
        at sun.nio.ch.EPollArrayWrapper.epollWait(Native Method)
        at sun.nio.ch.EPollArrayWrapper.poll(EPollArrayWrapper.java:269)
        at sun.nio.ch.EPollSelectorImpl.doSelect(EPollSelectorImpl.java:93)
        at sun.nio.ch.SelectorImpl.lockAndDoSelect(SelectorImpl.java:86)
        at sun.nio.ch.SelectorImpl.select(SelectorImpl.java:97)
        at org.apache.hadoop.ipc.Server$Responder.doRunLoop(Server.java:1527)
        at org.apache.hadoop.ipc.Server$Responder.run(Server.java:1510)
"ContainerOp-5743b342-640f-4931-9abd-9c7b42edd3a2-9"  prio=5 tid=1858 in Object.wait()
java.lang.Thread.State: WAITING (on object monitor)
        at sun.misc.Unsafe.park(Native Method)
        at java.util.concurrent.locks.LockSupport.park(LockSupport.java:175)
        at java.util.concurrent.locks.AbstractQueuedSynchronizer$ConditionObject.await(AbstractQueuedSynchronizer.java:2039)
        at java.util.concurrent.LinkedBlockingQueue.take(LinkedBlockingQueue.java:442)
        at java.util.concurrent.ThreadPoolExecutor.getTask(ThreadPoolExecutor.java:1074)
        at java.util.concurrent.ThreadPoolExecutor.runWorker(ThreadPoolExecutor.java:1134)
        at java.util.concurrent.ThreadPoolExecutor$Worker.run(ThreadPoolExecutor.java:624)
        at java.lang.Thread.run(Thread.java:750)
"EventQueue-CommandQueueReportForCommandQueueReportHandler" daemon prio=5 tid=1684 in Object.wait()
java.lang.Thread.State: WAITING (on object monitor)
        at sun.misc.Unsafe.park(Native Method)
        at java.util.concurrent.locks.LockSupport.park(LockSupport.java:175)
        at java.util.concurrent.locks.AbstractQueuedSynchronizer$ConditionObject.await(AbstractQueuedSynchronizer.java:2039)
        at java.util.concurrent.LinkedBlockingQueue.take(LinkedBlockingQueue.java:442)
        at java.util.concurrent.ThreadPoolExecutor.getTask(ThreadPoolExecutor.java:1074)
        at java.util.concurrent.ThreadPoolExecutor.runWorker(ThreadPoolExecutor.java:1134)
        at java.util.concurrent.ThreadPoolExecutor$Worker.run(ThreadPoolExecutor.java:624)
        at java.lang.Thread.run(Thread.java:750)
"org.apache.ratis.util.JvmPauseMonitor$$Lambda$627/395666382@7821e406" daemon prio=5 tid=1651 timed_waiting
java.lang.Thread.State: TIMED_WAITING
        at java.lang.Thread.sleep(Native Method)
        at java.lang.Thread.sleep(Thread.java:342)
        at java.util.concurrent.TimeUnit.sleep(TimeUnit.java:386)
        at org.apache.ratis.util.TimeDuration.sleep(TimeDuration.java:325)
        at org.apache.ratis.util.TimeDuration.sleep(TimeDuration.java:310)
        at org.apache.ratis.util.JvmPauseMonitor.detectPause(JvmPauseMonitor.java:117)
        at org.apache.ratis.util.JvmPauseMonitor.run(JvmPauseMonitor.java:106)
        at org.apache.ratis.util.JvmPauseMonitor$$Lambda$627/395666382.run(Unknown Source)
        at java.lang.Thread.run(Thread.java:750)
"IPC Server handler 11 on default port 33165" daemon prio=5 tid=1481 timed_waiting
java.lang.Thread.State: TIMED_WAITING
        at sun.misc.Unsafe.park(Native Method)
        at java.util.concurrent.locks.LockSupport.parkNanos(LockSupport.java:215)
        at java.util.concurrent.locks.AbstractQueuedSynchronizer$ConditionObject.awaitNanos(AbstractQueuedSynchronizer.java:2078)
        at java.util.concurrent.LinkedBlockingQueue.poll(LinkedBlockingQueue.java:467)
        at org.apache.hadoop.ipc.CallQueueManager.take(CallQueueManager.java:317)
        at org.apache.hadoop.ipc.Server$Handler.run(Server.java:2932)
"ContainerOp-5743b342-640f-4931-9abd-9c7b42edd3a2-1"  prio=5 tid=1795 in Object.wait()
java.lang.Thread.State: WAITING (on object monitor)
        at sun.misc.Unsafe.park(Native Method)
        at java.util.concurrent.locks.LockSupport.park(LockSupport.java:175)
        at java.util.concurrent.locks.AbstractQueuedSynchronizer$ConditionObject.await(AbstractQueuedSynchronizer.java:2039)
        at java.util.concurrent.LinkedBlockingQueue.take(LinkedBlockingQueue.java:442)
        at java.util.concurrent.ThreadPoolExecutor.getTask(ThreadPoolExecutor.java:1074)
        at java.util.concurrent.ThreadPoolExecutor.runWorker(ThreadPoolExecutor.java:1134)
        at java.util.concurrent.ThreadPoolExecutor$Worker.run(ThreadPoolExecutor.java:624)
        at java.lang.Thread.run(Thread.java:750)
"ContainerOp-5743b342-640f-4931-9abd-9c7b42edd3a2-4"  prio=5 tid=1824 in Object.wait()
java.lang.Thread.State: WAITING (on object monitor)
        at sun.misc.Unsafe.park(Native Method)
        at java.util.concurrent.locks.LockSupport.park(LockSupport.java:175)
        at java.util.concurrent.locks.AbstractQueuedSynchronizer$ConditionObject.await(AbstractQueuedSynchronizer.java:2039)
        at java.util.concurrent.LinkedBlockingQueue.take(LinkedBlockingQueue.java:442)
        at java.util.concurrent.ThreadPoolExecutor.getTask(ThreadPoolExecutor.java:1074)
        at java.util.concurrent.ThreadPoolExecutor.runWorker(ThreadPoolExecutor.java:1134)
        at java.util.concurrent.ThreadPoolExecutor$Worker.run(ThreadPoolExecutor.java:624)
        at java.lang.Thread.run(Thread.java:750)
"Session-HouseKeeper-4b725b8b-1"  prio=5 tid=1438 timed_waiting
java.lang.Thread.State: TIMED_WAITING
        at sun.misc.Unsafe.park(Native Method)
        at java.util.concurrent.locks.LockSupport.parkNanos(LockSupport.java:215)
        at java.util.concurrent.locks.AbstractQueuedSynchronizer$ConditionObject.awaitNanos(AbstractQueuedSynchronizer.java:2078)
        at java.util.concurrent.ScheduledThreadPoolExecutor$DelayedWorkQueue.take(ScheduledThreadPoolExecutor.java:1093)
        at java.util.concurrent.ScheduledThreadPoolExecutor$DelayedWorkQueue.take(ScheduledThreadPoolExecutor.java:809)
        at java.util.concurrent.ThreadPoolExecutor.getTask(ThreadPoolExecutor.java:1074)
        at java.util.concurrent.ThreadPoolExecutor.runWorker(ThreadPoolExecutor.java:1134)
        at java.util.concurrent.ThreadPoolExecutor$Worker.run(ThreadPoolExecutor.java:624)
        at java.lang.Thread.run(Thread.java:750)
"Datanode State Machine Task Thread - 0"  prio=5 tid=1571 in Object.wait()
java.lang.Thread.State: WAITING (on object monitor)
        at sun.misc.Unsafe.park(Native Method)
        at java.util.concurrent.locks.LockSupport.park(LockSupport.java:175)
        at java.util.concurrent.locks.AbstractQueuedSynchronizer$ConditionObject.await(AbstractQueuedSynchronizer.java:2039)
        at java.util.concurrent.LinkedBlockingQueue.take(LinkedBlockingQueue.java:442)
        at java.util.concurrent.ThreadPoolExecutor.getTask(ThreadPoolExecutor.java:1074)
        at java.util.concurrent.ThreadPoolExecutor.runWorker(ThreadPoolExecutor.java:1134)
        at java.util.concurrent.ThreadPoolExecutor$Worker.run(ThreadPoolExecutor.java:624)
        at java.lang.Thread.run(Thread.java:750)
"EventQueue-NodeRegistrationContainerReportForContainerSafeModeRule" daemon prio=5 tid=1658 in Object.wait()
java.lang.Thread.State: WAITING (on object monitor)
        at sun.misc.Unsafe.park(Native Method)
        at java.util.concurrent.locks.LockSupport.park(LockSupport.java:175)
        at java.util.concurrent.locks.AbstractQueuedSynchronizer$ConditionObject.await(AbstractQueuedSynchronizer.java:2039)
        at java.util.concurrent.LinkedBlockingQueue.take(LinkedBlockingQueue.java:442)
        at java.util.concurrent.ThreadPoolExecutor.getTask(ThreadPoolExecutor.java:1074)
        at java.util.concurrent.ThreadPoolExecutor.runWorker(ThreadPoolExecutor.java:1134)
        at java.util.concurrent.ThreadPoolExecutor$Worker.run(ThreadPoolExecutor.java:624)
        at java.lang.Thread.run(Thread.java:750)
"Command processor thread" daemon prio=5 tid=1515 timed_waiting
java.lang.Thread.State: TIMED_WAITING
        at java.lang.Thread.sleep(Native Method)
        at org.apache.hadoop.ozone.container.common.statemachine.DatanodeStateMachine.lambda$initCommandHandlerThread$3(DatanodeStateMachine.java:628)
        at org.apache.hadoop.ozone.container.common.statemachine.DatanodeStateMachine$$Lambda$681/469466819.run(Unknown Source)
        at java.lang.Thread.run(Thread.java:750)
"ContainerOp-5743b342-640f-4931-9abd-9c7b42edd3a2-2"  prio=5 tid=1808 in Object.wait()
java.lang.Thread.State: WAITING (on object monitor)
        at sun.misc.Unsafe.park(Native Method)
        at java.util.concurrent.locks.LockSupport.park(LockSupport.java:175)
        at java.util.concurrent.locks.AbstractQueuedSynchronizer$ConditionObject.await(AbstractQueuedSynchronizer.java:2039)
        at java.util.concurrent.LinkedBlockingQueue.take(LinkedBlockingQueue.java:442)
        at java.util.concurrent.ThreadPoolExecutor.getTask(ThreadPoolExecutor.java:1074)
        at java.util.concurrent.ThreadPoolExecutor.runWorker(ThreadPoolExecutor.java:1134)
        at java.util.concurrent.ThreadPoolExecutor$Worker.run(ThreadPoolExecutor.java:624)
        at java.lang.Thread.run(Thread.java:750)
"ContainerOp-5743b342-640f-4931-9abd-9c7b42edd3a2-1"  prio=5 tid=1790 in Object.wait()
java.lang.Thread.State: WAITING (on object monitor)
        at sun.misc.Unsafe.park(Native Method)
        at java.util.concurrent.locks.LockSupport.park(LockSupport.java:175)
        at java.util.concurrent.locks.AbstractQueuedSynchronizer$ConditionObject.await(AbstractQueuedSynchronizer.java:2039)
        at java.util.concurrent.LinkedBlockingQueue.take(LinkedBlockingQueue.java:442)
        at java.util.concurrent.ThreadPoolExecutor.getTask(ThreadPoolExecutor.java:1074)
        at java.util.concurrent.ThreadPoolExecutor.runWorker(ThreadPoolExecutor.java:1134)
        at java.util.concurrent.ThreadPoolExecutor$Worker.run(ThreadPoolExecutor.java:624)
        at java.lang.Thread.run(Thread.java:750)
"IPC Server handler 9 on default port 40713" daemon prio=5 tid=1375 timed_waiting
java.lang.Thread.State: TIMED_WAITING
        at sun.misc.Unsafe.park(Native Method)
        at java.util.concurrent.locks.LockSupport.parkNanos(LockSupport.java:215)
        at java.util.concurrent.locks.AbstractQueuedSynchronizer$ConditionObject.awaitNanos(AbstractQueuedSynchronizer.java:2078)
        at java.util.concurrent.LinkedBlockingQueue.poll(LinkedBlockingQueue.java:467)
        at org.apache.hadoop.ipc.CallQueueManager.take(CallQueueManager.java:317)
        at org.apache.hadoop.ipc.Server$Handler.run(Server.java:2932)
"Datanode ReportManager Thread - 4" daemon prio=5 tid=267 in Object.wait()
java.lang.Thread.State: WAITING (on object monitor)
        at sun.misc.Unsafe.park(Native Method)
        at java.util.concurrent.locks.LockSupport.park(LockSupport.java:175)
        at java.util.concurrent.locks.AbstractQueuedSynchronizer$ConditionObject.await(AbstractQueuedSynchronizer.java:2039)
        at java.util.concurrent.ScheduledThreadPoolExecutor$DelayedWorkQueue.take(ScheduledThreadPoolExecutor.java:1088)
        at java.util.concurrent.ScheduledThreadPoolExecutor$DelayedWorkQueue.take(ScheduledThreadPoolExecutor.java:809)
        at java.util.concurrent.ThreadPoolExecutor.getTask(ThreadPoolExecutor.java:1074)
        at java.util.concurrent.ThreadPoolExecutor.runWorker(ThreadPoolExecutor.java:1134)
        at java.util.concurrent.ThreadPoolExecutor$Worker.run(ThreadPoolExecutor.java:624)
        at java.lang.Thread.run(Thread.java:750)
"Datanode ReportManager Thread - 3" daemon prio=5 tid=240 in Object.wait()
java.lang.Thread.State: WAITING (on object monitor)
        at sun.misc.Unsafe.park(Native Method)
        at java.util.concurrent.locks.LockSupport.park(LockSupport.java:175)
        at java.util.concurrent.locks.AbstractQueuedSynchronizer$ConditionObject.await(AbstractQueuedSynchronizer.java:2039)
        at java.util.concurrent.ScheduledThreadPoolExecutor$DelayedWorkQueue.take(ScheduledThreadPoolExecutor.java:1088)
        at java.util.concurrent.ScheduledThreadPoolExecutor$DelayedWorkQueue.take(ScheduledThreadPoolExecutor.java:809)
        at java.util.concurrent.ThreadPoolExecutor.getTask(ThreadPoolExecutor.java:1074)
        at java.util.concurrent.ThreadPoolExecutor.runWorker(ThreadPoolExecutor.java:1134)
        at java.util.concurrent.ThreadPoolExecutor$Worker.run(ThreadPoolExecutor.java:624)
        at java.lang.Thread.run(Thread.java:750)
"Periodic HDDS volume checker" daemon prio=5 tid=1573 timed_waiting
java.lang.Thread.State: TIMED_WAITING
        at sun.misc.Unsafe.park(Native Method)
        at java.util.concurrent.locks.LockSupport.parkNanos(LockSupport.java:215)
        at java.util.concurrent.locks.AbstractQueuedSynchronizer$ConditionObject.awaitNanos(AbstractQueuedSynchronizer.java:2078)
        at java.util.concurrent.ScheduledThreadPoolExecutor$DelayedWorkQueue.take(ScheduledThreadPoolExecutor.java:1093)
        at java.util.concurrent.ScheduledThreadPoolExecutor$DelayedWorkQueue.take(ScheduledThreadPoolExecutor.java:809)
        at java.util.concurrent.ThreadPoolExecutor.getTask(ThreadPoolExecutor.java:1074)
        at java.util.concurrent.ThreadPoolExecutor.runWorker(ThreadPoolExecutor.java:1134)
        at java.util.concurrent.ThreadPoolExecutor$Worker.run(ThreadPoolExecutor.java:624)
        at java.lang.Thread.run(Thread.java:750)
"BlockDeletingService#2" daemon prio=5 tid=1983 in Object.wait()
java.lang.Thread.State: WAITING (on object monitor)
        at sun.misc.Unsafe.park(Native Method)
        at java.util.concurrent.locks.LockSupport.park(LockSupport.java:175)
        at java.util.concurrent.locks.AbstractQueuedSynchronizer$ConditionObject.await(AbstractQueuedSynchronizer.java:2039)
        at java.util.concurrent.ScheduledThreadPoolExecutor$DelayedWorkQueue.take(ScheduledThreadPoolExecutor.java:1088)
        at java.util.concurrent.ScheduledThreadPoolExecutor$DelayedWorkQueue.take(ScheduledThreadPoolExecutor.java:809)
        at java.util.concurrent.ThreadPoolExecutor.getTask(ThreadPoolExecutor.java:1074)
        at java.util.concurrent.ThreadPoolExecutor.runWorker(ThreadPoolExecutor.java:1134)
        at java.util.concurrent.ThreadPoolExecutor$Worker.run(ThreadPoolExecutor.java:624)
        at java.lang.Thread.run(Thread.java:750)
"org.apache.hadoop.ozone.container.common.statemachine.commandhandler.DeleteBlocksCommandHandler$DeleteCmdWorker@283f20ea" daemon prio=5 tid=1498 timed_waiting
java.lang.Thread.State: TIMED_WAITING
        at java.lang.Thread.sleep(Native Method)
        at org.apache.hadoop.ozone.container.common.statemachine.commandhandler.DeleteBlocksCommandHandler$DeleteCmdWorker.run(DeleteBlocksCommandHandler.java:185)
        at java.lang.Thread.run(Thread.java:750)
"IPC Server handler 10 on default port 40713" daemon prio=5 tid=1376 timed_waiting
java.lang.Thread.State: TIMED_WAITING
        at sun.misc.Unsafe.park(Native Method)
        at java.util.concurrent.locks.LockSupport.parkNanos(LockSupport.java:215)
        at java.util.concurrent.locks.AbstractQueuedSynchronizer$ConditionObject.awaitNanos(AbstractQueuedSynchronizer.java:2078)
        at java.util.concurrent.LinkedBlockingQueue.poll(LinkedBlockingQueue.java:467)
        at org.apache.hadoop.ipc.CallQueueManager.take(CallQueueManager.java:317)
        at org.apache.hadoop.ipc.Server$Handler.run(Server.java:2932)
"ContainerOp-5743b342-640f-4931-9abd-9c7b42edd3a2-7"  prio=5 tid=1852 in Object.wait()
java.lang.Thread.State: WAITING (on object monitor)
        at sun.misc.Unsafe.park(Native Method)
        at java.util.concurrent.locks.LockSupport.park(LockSupport.java:175)
        at java.util.concurrent.locks.AbstractQueuedSynchronizer$ConditionObject.await(AbstractQueuedSynchronizer.java:2039)
        at java.util.concurrent.LinkedBlockingQueue.take(LinkedBlockingQueue.java:442)
        at java.util.concurrent.ThreadPoolExecutor.getTask(ThreadPoolExecutor.java:1074)
        at java.util.concurrent.ThreadPoolExecutor.runWorker(ThreadPoolExecutor.java:1134)
        at java.util.concurrent.ThreadPoolExecutor$Worker.run(ThreadPoolExecutor.java:624)
        at java.lang.Thread.run(Thread.java:750)
"qtp1370197039-1622" daemon prio=5 tid=1622 timed_waiting
java.lang.Thread.State: TIMED_WAITING
        at sun.misc.Unsafe.park(Native Method)
        at java.util.concurrent.locks.LockSupport.parkNanos(LockSupport.java:215)
        at java.util.concurrent.locks.AbstractQueuedSynchronizer$ConditionObject.awaitNanos(AbstractQueuedSynchronizer.java:2078)
        at org.eclipse.jetty.util.BlockingArrayQueue.poll(BlockingArrayQueue.java:382)
        at org.eclipse.jetty.util.thread.QueuedThreadPool$Runner.idleJobPoll(QueuedThreadPool.java:974)
        at org.eclipse.jetty.util.thread.QueuedThreadPool$Runner.run(QueuedThreadPool.java:1018)
        at java.lang.Thread.run(Thread.java:750)
"org.apache.hadoop.ozone.container.common.statemachine.commandhandler.DeleteBlocksCommandHandler$DeleteCmdWorker@7cc6683" daemon prio=5 tid=1578 timed_waiting
java.lang.Thread.State: TIMED_WAITING
        at java.lang.Thread.sleep(Native Method)
        at org.apache.hadoop.ozone.container.common.statemachine.commandhandler.DeleteBlocksCommandHandler$DeleteCmdWorker.run(DeleteBlocksCommandHandler.java:185)
        at java.lang.Thread.run(Thread.java:750)
"qtp192389035-1431-acceptor-0@c3dd8cb-ServerConnector@5d88617d{HTTP/1.1, (http/1.1)}{0.0.0.0:40127}" daemon prio=3 tid=1431 runnable
java.lang.Thread.State: RUNNABLE
        at sun.nio.ch.ServerSocketChannelImpl.accept0(Native Method)
        at sun.nio.ch.ServerSocketChannelImpl.accept(ServerSocketChannelImpl.java:421)
        at sun.nio.ch.ServerSocketChannelImpl.accept(ServerSocketChannelImpl.java:249)
        at org.eclipse.jetty.server.ServerConnector.accept(ServerConnector.java:388)
        at org.eclipse.jetty.server.AbstractConnector$Acceptor.run(AbstractConnector.java:702)
        at org.eclipse.jetty.util.thread.QueuedThreadPool.runJob(QueuedThreadPool.java:883)
        at org.eclipse.jetty.util.thread.QueuedThreadPool$Runner.run(QueuedThreadPool.java:1034)
        at java.lang.Thread.run(Thread.java:750)
"51490d26-ad7a-4947-a556-931448a53f1d@group-D5300F8C0BF2-LeaderStateImpl" daemon prio=5 tid=1879 timed_waiting
java.lang.Thread.State: TIMED_WAITING
        at sun.misc.Unsafe.park(Native Method)
        at java.util.concurrent.locks.LockSupport.parkNanos(LockSupport.java:215)
        at java.util.concurrent.locks.AbstractQueuedSynchronizer$ConditionObject.awaitNanos(AbstractQueuedSynchronizer.java:2078)
        at java.util.concurrent.ArrayBlockingQueue.poll(ArrayBlockingQueue.java:418)
        at org.apache.ratis.server.impl.LeaderStateImpl$EventQueue.poll(LeaderStateImpl.java:159)
        at org.apache.ratis.server.impl.LeaderStateImpl$EventProcessor.run(LeaderStateImpl.java:630)
"IPC Server handler 19 on default port 40713" daemon prio=5 tid=1385 timed_waiting
java.lang.Thread.State: TIMED_WAITING
        at sun.misc.Unsafe.park(Native Method)
        at java.util.concurrent.locks.LockSupport.parkNanos(LockSupport.java:215)
        at java.util.concurrent.locks.AbstractQueuedSynchronizer$ConditionObject.awaitNanos(AbstractQueuedSynchronizer.java:2078)
        at java.util.concurrent.LinkedBlockingQueue.poll(LinkedBlockingQueue.java:467)
        at org.apache.hadoop.ipc.CallQueueManager.take(CallQueueManager.java:317)
        at org.apache.hadoop.ipc.Server$Handler.run(Server.java:2932)
"Periodic HDDS volume checker" daemon prio=5 tid=1610 timed_waiting
java.lang.Thread.State: TIMED_WAITING
        at sun.misc.Unsafe.park(Native Method)
        at java.util.concurrent.locks.LockSupport.parkNanos(LockSupport.java:215)
        at java.util.concurrent.locks.AbstractQueuedSynchronizer$ConditionObject.awaitNanos(AbstractQueuedSynchronizer.java:2078)
        at java.util.concurrent.ScheduledThreadPoolExecutor$DelayedWorkQueue.take(ScheduledThreadPoolExecutor.java:1093)
        at java.util.concurrent.ScheduledThreadPoolExecutor$DelayedWorkQueue.take(ScheduledThreadPoolExecutor.java:809)
        at java.util.concurrent.ThreadPoolExecutor.getTask(ThreadPoolExecutor.java:1074)
        at java.util.concurrent.ThreadPoolExecutor.runWorker(ThreadPoolExecutor.java:1134)
        at java.util.concurrent.ThreadPoolExecutor$Worker.run(ThreadPoolExecutor.java:624)
        at java.lang.Thread.run(Thread.java:750)
"grpc-default-worker-ELG-7-1" daemon prio=5 tid=1694 runnable
java.lang.Thread.State: RUNNABLE
        at org.apache.ratis.thirdparty.io.netty.channel.epoll.Native.epollWait(Native Method)
        at org.apache.ratis.thirdparty.io.netty.channel.epoll.Native.epollWait(Native.java:193)
        at org.apache.ratis.thirdparty.io.netty.channel.epoll.Native.epollWait(Native.java:186)
        at org.apache.ratis.thirdparty.io.netty.channel.epoll.EpollEventLoop.epollWaitNoTimerChange(EpollEventLoop.java:290)
        at org.apache.ratis.thirdparty.io.netty.channel.epoll.EpollEventLoop.run(EpollEventLoop.java:347)
        at org.apache.ratis.thirdparty.io.netty.util.concurrent.SingleThreadEventExecutor$4.run(SingleThreadEventExecutor.java:986)
        at org.apache.ratis.thirdparty.io.netty.util.internal.ThreadExecutorMap$2.run(ThreadExecutorMap.java:74)
        at org.apache.ratis.thirdparty.io.netty.util.concurrent.FastThreadLocalRunnable.run(FastThreadLocalRunnable.java:30)
        at java.lang.Thread.run(Thread.java:750)
"IPC Server handler 11 on default port 40713" daemon prio=5 tid=1377 timed_waiting
java.lang.Thread.State: TIMED_WAITING
        at sun.misc.Unsafe.park(Native Method)
        at java.util.concurrent.locks.LockSupport.parkNanos(LockSupport.java:215)
        at java.util.concurrent.locks.AbstractQueuedSynchronizer$ConditionObject.awaitNanos(AbstractQueuedSynchronizer.java:2078)
        at java.util.concurrent.LinkedBlockingQueue.poll(LinkedBlockingQueue.java:467)
        at org.apache.hadoop.ipc.CallQueueManager.take(CallQueueManager.java:317)
        at org.apache.hadoop.ipc.Server$Handler.run(Server.java:2932)
"qtp766929737-1507" daemon prio=5 tid=1507 timed_waiting
java.lang.Thread.State: TIMED_WAITING
        at sun.misc.Unsafe.park(Native Method)
        at java.util.concurrent.locks.LockSupport.parkNanos(LockSupport.java:215)
        at java.util.concurrent.locks.AbstractQueuedSynchronizer$ConditionObject.awaitNanos(AbstractQueuedSynchronizer.java:2078)
        at org.eclipse.jetty.util.BlockingArrayQueue.poll(BlockingArrayQueue.java:382)
        at org.eclipse.jetty.util.thread.QueuedThreadPool$Runner.idleJobPoll(QueuedThreadPool.java:974)
        at org.eclipse.jetty.util.thread.QueuedThreadPool$Runner.run(QueuedThreadPool.java:1018)
        at java.lang.Thread.run(Thread.java:750)
"Datanode State Machine Daemon Thread" daemon prio=5 tid=1563 timed_waiting
java.lang.Thread.State: TIMED_WAITING
        at java.lang.Thread.sleep(Native Method)
        at org.apache.hadoop.ozone.container.common.statemachine.DatanodeStateMachine.startStateMachineThread(DatanodeStateMachine.java:313)
        at org.apache.hadoop.ozone.container.common.statemachine.DatanodeStateMachine.lambda$startDaemon$0(DatanodeStateMachine.java:493)
        at org.apache.hadoop.ozone.container.common.statemachine.DatanodeStateMachine$$Lambda$670/815817331.run(Unknown Source)
        at java.lang.Thread.run(Thread.java:750)
"4178a181-7a8b-49ec-906e-515996c40b3d@group-FAA04F5864EB-LeaderStateImpl" daemon prio=5 tid=1768 timed_waiting
java.lang.Thread.State: TIMED_WAITING
        at sun.misc.Unsafe.park(Native Method)
        at java.util.concurrent.locks.LockSupport.parkNanos(LockSupport.java:215)
        at java.util.concurrent.locks.AbstractQueuedSynchronizer$ConditionObject.awaitNanos(AbstractQueuedSynchronizer.java:2078)
        at java.util.concurrent.ArrayBlockingQueue.poll(ArrayBlockingQueue.java:418)
        at org.apache.ratis.server.impl.LeaderStateImpl$EventQueue.poll(LeaderStateImpl.java:159)
        at org.apache.ratis.server.impl.LeaderStateImpl$EventProcessor.run(LeaderStateImpl.java:630)
"IPC Server handler 0 on default port 33165" daemon prio=5 tid=1470 timed_waiting
java.lang.Thread.State: TIMED_WAITING
        at sun.misc.Unsafe.park(Native Method)
        at java.util.concurrent.locks.LockSupport.parkNanos(LockSupport.java:215)
        at java.util.concurrent.locks.AbstractQueuedSynchronizer$ConditionObject.awaitNanos(AbstractQueuedSynchronizer.java:2078)
        at java.util.concurrent.LinkedBlockingQueue.poll(LinkedBlockingQueue.java:467)
        at org.apache.hadoop.ipc.CallQueueManager.take(CallQueueManager.java:317)
        at org.apache.hadoop.ipc.Server$Handler.run(Server.java:2932)
"Datanode ReportManager Thread - 1" daemon prio=5 tid=1602 in Object.wait()
java.lang.Thread.State: WAITING (on object monitor)
        at sun.misc.Unsafe.park(Native Method)
        at java.util.concurrent.locks.LockSupport.park(LockSupport.java:175)
        at java.util.concurrent.locks.AbstractQueuedSynchronizer$ConditionObject.await(AbstractQueuedSynchronizer.java:2039)
        at java.util.concurrent.ScheduledThreadPoolExecutor$DelayedWorkQueue.take(ScheduledThreadPoolExecutor.java:1088)
        at java.util.concurrent.ScheduledThreadPoolExecutor$DelayedWorkQueue.take(ScheduledThreadPoolExecutor.java:809)
        at java.util.concurrent.ThreadPoolExecutor.getTask(ThreadPoolExecutor.java:1074)
        at java.util.concurrent.ThreadPoolExecutor.runWorker(ThreadPoolExecutor.java:1134)
        at java.util.concurrent.ThreadPoolExecutor$Worker.run(ThreadPoolExecutor.java:624)
        at java.lang.Thread.run(Thread.java:750)
"IPC Server handler 18 on default port 33165" daemon prio=5 tid=1488 timed_waiting
java.lang.Thread.State: TIMED_WAITING
        at sun.misc.Unsafe.park(Native Method)
        at java.util.concurrent.locks.LockSupport.parkNanos(LockSupport.java:215)
        at java.util.concurrent.locks.AbstractQueuedSynchronizer$ConditionObject.awaitNanos(AbstractQueuedSynchronizer.java:2078)
        at java.util.concurrent.LinkedBlockingQueue.poll(LinkedBlockingQueue.java:467)
        at org.apache.hadoop.ipc.CallQueueManager.take(CallQueueManager.java:317)
        at org.apache.hadoop.ipc.Server$Handler.run(Server.java:2932)
"BlockDeletingService#2" daemon prio=5 tid=1980 in Object.wait()
java.lang.Thread.State: WAITING (on object monitor)
        at sun.misc.Unsafe.park(Native Method)
        at java.util.concurrent.locks.LockSupport.park(LockSupport.java:175)
        at java.util.concurrent.locks.AbstractQueuedSynchronizer$ConditionObject.await(AbstractQueuedSynchronizer.java:2039)
        at java.util.concurrent.ScheduledThreadPoolExecutor$DelayedWorkQueue.take(ScheduledThreadPoolExecutor.java:1088)
        at java.util.concurrent.ScheduledThreadPoolExecutor$DelayedWorkQueue.take(ScheduledThreadPoolExecutor.java:809)
        at java.util.concurrent.ThreadPoolExecutor.getTask(ThreadPoolExecutor.java:1074)
        at java.util.concurrent.ThreadPoolExecutor.runWorker(ThreadPoolExecutor.java:1134)
        at java.util.concurrent.ThreadPoolExecutor$Worker.run(ThreadPoolExecutor.java:624)
        at java.lang.Thread.run(Thread.java:750)
"Datanode ReportManager Thread - 1" daemon prio=5 tid=956 in Object.wait()
java.lang.Thread.State: WAITING (on object monitor)
        at sun.misc.Unsafe.park(Native Method)
        at java.util.concurrent.locks.LockSupport.park(LockSupport.java:175)
        at java.util.concurrent.locks.AbstractQueuedSynchronizer$ConditionObject.await(AbstractQueuedSynchronizer.java:2039)
        at java.util.concurrent.ScheduledThreadPoolExecutor$DelayedWorkQueue.take(ScheduledThreadPoolExecutor.java:1088)
        at java.util.concurrent.ScheduledThreadPoolExecutor$DelayedWorkQueue.take(ScheduledThreadPoolExecutor.java:809)
        at java.util.concurrent.ThreadPoolExecutor.getTask(ThreadPoolExecutor.java:1074)
        at java.util.concurrent.ThreadPoolExecutor.runWorker(ThreadPoolExecutor.java:1134)
        at java.util.concurrent.ThreadPoolExecutor$Worker.run(ThreadPoolExecutor.java:624)
        at java.lang.Thread.run(Thread.java:750)
"om1@group-C5BA1605619E-LeaderStateImpl" daemon prio=5 tid=1519 timed_waiting
java.lang.Thread.State: TIMED_WAITING
        at sun.misc.Unsafe.park(Native Method)
        at java.util.concurrent.locks.LockSupport.parkNanos(LockSupport.java:215)
        at java.util.concurrent.locks.AbstractQueuedSynchronizer$ConditionObject.awaitNanos(AbstractQueuedSynchronizer.java:2078)
        at java.util.concurrent.ArrayBlockingQueue.poll(ArrayBlockingQueue.java:418)
        at org.apache.ratis.server.impl.LeaderStateImpl$EventQueue.poll(LeaderStateImpl.java:159)
        at org.apache.ratis.server.impl.LeaderStateImpl$EventProcessor.run(LeaderStateImpl.java:630)
"Datanode ReportManager Thread - 4" daemon prio=5 tid=1514 in Object.wait()
java.lang.Thread.State: WAITING (on object monitor)
        at sun.misc.Unsafe.park(Native Method)
        at java.util.concurrent.locks.LockSupport.park(LockSupport.java:175)
        at java.util.concurrent.locks.AbstractQueuedSynchronizer$ConditionObject.await(AbstractQueuedSynchronizer.java:2039)
        at java.util.concurrent.ScheduledThreadPoolExecutor$DelayedWorkQueue.take(ScheduledThreadPoolExecutor.java:1088)
        at java.util.concurrent.ScheduledThreadPoolExecutor$DelayedWorkQueue.take(ScheduledThreadPoolExecutor.java:809)
        at java.util.concurrent.ThreadPoolExecutor.getTask(ThreadPoolExecutor.java:1074)
        at java.util.concurrent.ThreadPoolExecutor.runWorker(ThreadPoolExecutor.java:1134)
        at java.util.concurrent.ThreadPoolExecutor$Worker.run(ThreadPoolExecutor.java:624)
        at java.lang.Thread.run(Thread.java:750)
"RatisPipelineUtilsThread - 0"  prio=5 tid=1346 timed_waiting
java.lang.Thread.State: TIMED_WAITING
        at java.lang.Object.wait(Native Method)
        at org.apache.hadoop.hdds.scm.pipeline.BackgroundPipelineCreator.run(BackgroundPipelineCreator.java:175)
        at org.apache.hadoop.hdds.scm.pipeline.BackgroundPipelineCreator$$Lambda$315/555390535.run(Unknown Source)
        at java.lang.Thread.run(Thread.java:750)
"IPC Server handler 2 on default port 41993" daemon prio=5 tid=1408 timed_waiting
java.lang.Thread.State: TIMED_WAITING
        at sun.misc.Unsafe.park(Native Method)
        at java.util.concurrent.locks.LockSupport.parkNanos(LockSupport.java:215)
        at java.util.concurrent.locks.AbstractQueuedSynchronizer$ConditionObject.awaitNanos(AbstractQueuedSynchronizer.java:2078)
        at java.util.concurrent.LinkedBlockingQueue.poll(LinkedBlockingQueue.java:467)
        at org.apache.hadoop.ipc.CallQueueManager.take(CallQueueManager.java:317)
        at org.apache.hadoop.ipc.Server$Handler.run(Server.java:2932)
"qtp766929737-1502" daemon prio=5 tid=1502 timed_waiting
java.lang.Thread.State: TIMED_WAITING
        at sun.misc.Unsafe.park(Native Method)
        at java.util.concurrent.locks.LockSupport.parkNanos(LockSupport.java:215)
        at java.util.concurrent.locks.AbstractQueuedSynchronizer$ConditionObject.awaitNanos(AbstractQueuedSynchronizer.java:2078)
        at org.eclipse.jetty.util.BlockingArrayQueue.poll(BlockingArrayQueue.java:382)
        at org.eclipse.jetty.util.thread.QueuedThreadPool$Runner.idleJobPoll(QueuedThreadPool.java:974)
        at org.eclipse.jetty.util.thread.QueuedThreadPool$Runner.run(QueuedThreadPool.java:1018)
        at java.lang.Thread.run(Thread.java:750)
"ContainerOp-5743b342-640f-4931-9abd-9c7b42edd3a2-2"  prio=5 tid=1820 in Object.wait()
java.lang.Thread.State: WAITING (on object monitor)
        at sun.misc.Unsafe.park(Native Method)
        at java.util.concurrent.locks.LockSupport.park(LockSupport.java:175)
        at java.util.concurrent.locks.AbstractQueuedSynchronizer$ConditionObject.await(AbstractQueuedSynchronizer.java:2039)
        at java.util.concurrent.LinkedBlockingQueue.take(LinkedBlockingQueue.java:442)
        at java.util.concurrent.ThreadPoolExecutor.getTask(ThreadPoolExecutor.java:1074)
        at java.util.concurrent.ThreadPoolExecutor.runWorker(ThreadPoolExecutor.java:1134)
        at java.util.concurrent.ThreadPoolExecutor$Worker.run(ThreadPoolExecutor.java:624)
        at java.lang.Thread.run(Thread.java:750)
"b721671c-f2e0-4f32-a472-e04e394ae124@group-7B346AE8608F-LeaderStateImpl" daemon prio=5 tid=1740 timed_waiting
java.lang.Thread.State: TIMED_WAITING
        at sun.misc.Unsafe.park(Native Method)
        at java.util.concurrent.locks.LockSupport.parkNanos(LockSupport.java:215)
        at java.util.concurrent.locks.AbstractQueuedSynchronizer$ConditionObject.awaitNanos(AbstractQueuedSynchronizer.java:2078)
        at java.util.concurrent.ArrayBlockingQueue.poll(ArrayBlockingQueue.java:418)
        at org.apache.ratis.server.impl.LeaderStateImpl$EventQueue.poll(LeaderStateImpl.java:159)
        at org.apache.ratis.server.impl.LeaderStateImpl$EventProcessor.run(LeaderStateImpl.java:630)
"Datanode ReportManager Thread - 0" daemon prio=5 tid=184 in Object.wait()
java.lang.Thread.State: WAITING (on object monitor)
        at sun.misc.Unsafe.park(Native Method)
        at java.util.concurrent.locks.LockSupport.park(LockSupport.java:175)
        at java.util.concurrent.locks.AbstractQueuedSynchronizer$ConditionObject.await(AbstractQueuedSynchronizer.java:2039)
        at java.util.concurrent.ScheduledThreadPoolExecutor$DelayedWorkQueue.take(ScheduledThreadPoolExecutor.java:1088)
        at java.util.concurrent.ScheduledThreadPoolExecutor$DelayedWorkQueue.take(ScheduledThreadPoolExecutor.java:809)
        at java.util.concurrent.ThreadPoolExecutor.getTask(ThreadPoolExecutor.java:1074)
        at java.util.concurrent.ThreadPoolExecutor.runWorker(ThreadPoolExecutor.java:1134)
        at java.util.concurrent.ThreadPoolExecutor$Worker.run(ThreadPoolExecutor.java:624)
        at java.lang.Thread.run(Thread.java:750)
"org.apache.hadoop.util.JvmPauseMonitor$Monitor@17a5d825" daemon prio=5 tid=1516 timed_waiting
java.lang.Thread.State: TIMED_WAITING
        at java.lang.Thread.sleep(Native Method)
        at org.apache.hadoop.util.JvmPauseMonitor$Monitor.run(JvmPauseMonitor.java:192)
        at java.lang.Thread.run(Thread.java:750)
"ChunkWriter-0-0" daemon prio=5 tid=1664 in Object.wait()
java.lang.Thread.State: WAITING (on object monitor)
        at sun.misc.Unsafe.park(Native Method)
        at java.util.concurrent.locks.LockSupport.park(LockSupport.java:175)
        at java.util.concurrent.locks.AbstractQueuedSynchronizer$ConditionObject.await(AbstractQueuedSynchronizer.java:2039)
        at java.util.concurrent.LinkedBlockingDeque.takeFirst(LinkedBlockingDeque.java:492)
        at java.util.concurrent.LinkedBlockingDeque.take(LinkedBlockingDeque.java:680)
        at java.util.concurrent.ThreadPoolExecutor.getTask(ThreadPoolExecutor.java:1074)
        at java.util.concurrent.ThreadPoolExecutor.runWorker(ThreadPoolExecutor.java:1134)
        at java.util.concurrent.ThreadPoolExecutor$Worker.run(ThreadPoolExecutor.java:624)
        at java.lang.Thread.run(Thread.java:750)
"om1@group-C5BA1605619E-SegmentedRaftLogWorker"  prio=5 tid=1447 timed_waiting
java.lang.Thread.State: TIMED_WAITING
        at sun.misc.Unsafe.park(Native Method)
        at java.util.concurrent.locks.LockSupport.parkNanos(LockSupport.java:215)
        at java.util.concurrent.locks.AbstractQueuedSynchronizer$ConditionObject.awaitNanos(AbstractQueuedSynchronizer.java:2078)
        at org.apache.ratis.util.DataBlockingQueue.poll(DataBlockingQueue.java:148)
        at org.apache.ratis.server.raftlog.segmented.SegmentedRaftLogWorker.run(SegmentedRaftLogWorker.java:301)
        at org.apache.ratis.server.raftlog.segmented.SegmentedRaftLogWorker$$Lambda$555/128040087.run(Unknown Source)
        at java.lang.Thread.run(Thread.java:750)
"IPC Server handler 4 on default port 40713" daemon prio=5 tid=1370 timed_waiting
java.lang.Thread.State: TIMED_WAITING
        at sun.misc.Unsafe.park(Native Method)
        at java.util.concurrent.locks.LockSupport.parkNanos(LockSupport.java:215)
        at java.util.concurrent.locks.AbstractQueuedSynchronizer$ConditionObject.awaitNanos(AbstractQueuedSynchronizer.java:2078)
        at java.util.concurrent.LinkedBlockingQueue.poll(LinkedBlockingQueue.java:467)
        at org.apache.hadoop.ipc.CallQueueManager.take(CallQueueManager.java:317)
        at org.apache.hadoop.ipc.Server$Handler.run(Server.java:2932)
"Datanode ReportManager Thread - 4" daemon prio=5 tid=1605 in Object.wait()
java.lang.Thread.State: WAITING (on object monitor)
        at sun.misc.Unsafe.park(Native Method)
        at java.util.concurrent.locks.LockSupport.park(LockSupport.java:175)
        at java.util.concurrent.locks.AbstractQueuedSynchronizer$ConditionObject.await(AbstractQueuedSynchronizer.java:2039)
        at java.util.concurrent.ScheduledThreadPoolExecutor$DelayedWorkQueue.take(ScheduledThreadPoolExecutor.java:1088)
        at java.util.concurrent.ScheduledThreadPoolExecutor$DelayedWorkQueue.take(ScheduledThreadPoolExecutor.java:809)
        at java.util.concurrent.ThreadPoolExecutor.getTask(ThreadPoolExecutor.java:1074)
        at java.util.concurrent.ThreadPoolExecutor.runWorker(ThreadPoolExecutor.java:1134)
        at java.util.concurrent.ThreadPoolExecutor$Worker.run(ThreadPoolExecutor.java:624)
        at java.lang.Thread.run(Thread.java:750)
"qtp192389035-1432" daemon prio=5 tid=1432 timed_waiting
java.lang.Thread.State: TIMED_WAITING
        at sun.misc.Unsafe.park(Native Method)
        at java.util.concurrent.locks.LockSupport.parkNanos(LockSupport.java:215)
        at java.util.concurrent.locks.AbstractQueuedSynchronizer$ConditionObject.awaitNanos(AbstractQueuedSynchronizer.java:2078)
        at org.eclipse.jetty.util.BlockingArrayQueue.poll(BlockingArrayQueue.java:382)
        at org.eclipse.jetty.util.thread.QueuedThreadPool$Runner.idleJobPoll(QueuedThreadPool.java:974)
        at org.eclipse.jetty.util.thread.QueuedThreadPool$Runner.run(QueuedThreadPool.java:1018)
        at java.lang.Thread.run(Thread.java:750)
"Datanode ReportManager Thread - 2" daemon prio=5 tid=265 in Object.wait()
java.lang.Thread.State: WAITING (on object monitor)
        at sun.misc.Unsafe.park(Native Method)
        at java.util.concurrent.locks.LockSupport.park(LockSupport.java:175)
        at java.util.concurrent.locks.AbstractQueuedSynchronizer$ConditionObject.await(AbstractQueuedSynchronizer.java:2039)
        at java.util.concurrent.ScheduledThreadPoolExecutor$DelayedWorkQueue.take(ScheduledThreadPoolExecutor.java:1088)
        at java.util.concurrent.ScheduledThreadPoolExecutor$DelayedWorkQueue.take(ScheduledThreadPoolExecutor.java:809)
        at java.util.concurrent.ThreadPoolExecutor.getTask(ThreadPoolExecutor.java:1074)
        at java.util.concurrent.ThreadPoolExecutor.runWorker(ThreadPoolExecutor.java:1134)
        at java.util.concurrent.ThreadPoolExecutor$Worker.run(ThreadPoolExecutor.java:624)
        at java.lang.Thread.run(Thread.java:750)
"ChunkWriter-3-0" daemon prio=5 tid=1595 in Object.wait()
java.lang.Thread.State: WAITING (on object monitor)
        at sun.misc.Unsafe.park(Native Method)
        at java.util.concurrent.locks.LockSupport.park(LockSupport.java:175)
        at java.util.concurrent.locks.AbstractQueuedSynchronizer$ConditionObject.await(AbstractQueuedSynchronizer.java:2039)
        at java.util.concurrent.LinkedBlockingDeque.takeFirst(LinkedBlockingDeque.java:492)
        at java.util.concurrent.LinkedBlockingDeque.take(LinkedBlockingDeque.java:680)
        at java.util.concurrent.ThreadPoolExecutor.getTask(ThreadPoolExecutor.java:1074)
        at java.util.concurrent.ThreadPoolExecutor.runWorker(ThreadPoolExecutor.java:1134)
        at java.util.concurrent.ThreadPoolExecutor$Worker.run(ThreadPoolExecutor.java:624)
        at java.lang.Thread.run(Thread.java:750)
"IPC Server handler 17 on default port 33165" daemon prio=5 tid=1487 timed_waiting
java.lang.Thread.State: TIMED_WAITING
        at sun.misc.Unsafe.park(Native Method)
        at java.util.concurrent.locks.LockSupport.parkNanos(LockSupport.java:215)
        at java.util.concurrent.locks.AbstractQueuedSynchronizer$ConditionObject.awaitNanos(AbstractQueuedSynchronizer.java:2078)
        at java.util.concurrent.LinkedBlockingQueue.poll(LinkedBlockingQueue.java:467)
        at org.apache.hadoop.ipc.CallQueueManager.take(CallQueueManager.java:317)
        at org.apache.hadoop.ipc.Server$Handler.run(Server.java:2932)
"IPC Server idle connection scanner for port 35985" daemon prio=5 tid=1357 timed_waiting
java.lang.Thread.State: TIMED_WAITING
        at java.lang.Object.wait(Native Method)
        at java.util.TimerThread.mainLoop(Timer.java:552)
        at java.util.TimerThread.run(Timer.java:505)
"EndpointStateMachine task thread for /0.0.0.0:42479 - 0 "  prio=5 tid=329 in Object.wait()
java.lang.Thread.State: WAITING (on object monitor)
        at sun.misc.Unsafe.park(Native Method)
        at java.util.concurrent.locks.LockSupport.park(LockSupport.java:175)
        at java.util.concurrent.locks.AbstractQueuedSynchronizer$ConditionObject.await(AbstractQueuedSynchronizer.java:2039)
        at java.util.concurrent.LinkedBlockingQueue.take(LinkedBlockingQueue.java:442)
        at java.util.concurrent.ThreadPoolExecutor.getTask(ThreadPoolExecutor.java:1074)
        at java.util.concurrent.ThreadPoolExecutor.runWorker(ThreadPoolExecutor.java:1134)
        at java.util.concurrent.ThreadPoolExecutor$Worker.run(ThreadPoolExecutor.java:624)
        at java.lang.Thread.run(Thread.java:750)
"org.apache.hadoop.ozone.container.common.statemachine.commandhandler.DeleteBlocksCommandHandler$DeleteCmdWorker@2315f89f" daemon prio=5 tid=1552 timed_waiting
java.lang.Thread.State: TIMED_WAITING
        at java.lang.Thread.sleep(Native Method)
        at org.apache.hadoop.ozone.container.common.statemachine.commandhandler.DeleteBlocksCommandHandler$DeleteCmdWorker.run(DeleteBlocksCommandHandler.java:185)
        at java.lang.Thread.run(Thread.java:750)
"Datanode State Machine Task Thread - 0"  prio=5 tid=1545 in Object.wait()
java.lang.Thread.State: WAITING (on object monitor)
        at sun.misc.Unsafe.park(Native Method)
        at java.util.concurrent.locks.LockSupport.park(LockSupport.java:175)
        at java.util.concurrent.locks.AbstractQueuedSynchronizer$ConditionObject.await(AbstractQueuedSynchronizer.java:2039)
        at java.util.concurrent.LinkedBlockingQueue.take(LinkedBlockingQueue.java:442)
        at java.util.concurrent.ThreadPoolExecutor.getTask(ThreadPoolExecutor.java:1074)
        at java.util.concurrent.ThreadPoolExecutor.runWorker(ThreadPoolExecutor.java:1134)
        at java.util.concurrent.ThreadPoolExecutor$Worker.run(ThreadPoolExecutor.java:624)
        at java.lang.Thread.run(Thread.java:750)
"BackgroundPipelineScrubberThread" daemon prio=5 tid=1347 timed_waiting
java.lang.Thread.State: TIMED_WAITING
        at java.lang.Object.wait(Native Method)
        at org.apache.hadoop.hdds.scm.ha.BackgroundSCMService.run(BackgroundSCMService.java:105)
        at org.apache.hadoop.hdds.scm.ha.BackgroundSCMService$$Lambda$318/1880959833.run(Unknown Source)
        at java.lang.Thread.run(Thread.java:750)
"qtp529864426-1533" daemon prio=5 tid=1533 timed_waiting
java.lang.Thread.State: TIMED_WAITING
        at sun.misc.Unsafe.park(Native Method)
        at java.util.concurrent.locks.LockSupport.parkNanos(LockSupport.java:215)
        at java.util.concurrent.locks.AbstractQueuedSynchronizer$ConditionObject.awaitNanos(AbstractQueuedSynchronizer.java:2078)
        at org.eclipse.jetty.util.BlockingArrayQueue.poll(BlockingArrayQueue.java:382)
        at org.eclipse.jetty.util.thread.QueuedThreadPool$Runner.idleJobPoll(QueuedThreadPool.java:974)
        at org.eclipse.jetty.util.thread.QueuedThreadPool$Runner.run(QueuedThreadPool.java:1018)
        at java.lang.Thread.run(Thread.java:750)
"ChunkWriter-1-0" daemon prio=5 tid=1593 in Object.wait()
java.lang.Thread.State: WAITING (on object monitor)
        at sun.misc.Unsafe.park(Native Method)
        at java.util.concurrent.locks.LockSupport.park(LockSupport.java:175)
        at java.util.concurrent.locks.AbstractQueuedSynchronizer$ConditionObject.await(AbstractQueuedSynchronizer.java:2039)
        at java.util.concurrent.LinkedBlockingDeque.takeFirst(LinkedBlockingDeque.java:492)
        at java.util.concurrent.LinkedBlockingDeque.take(LinkedBlockingDeque.java:680)
        at java.util.concurrent.ThreadPoolExecutor.getTask(ThreadPoolExecutor.java:1074)
        at java.util.concurrent.ThreadPoolExecutor.runWorker(ThreadPoolExecutor.java:1134)
        at java.util.concurrent.ThreadPoolExecutor$Worker.run(ThreadPoolExecutor.java:624)
        at java.lang.Thread.run(Thread.java:750)
"org.apache.hadoop.util.JvmPauseMonitor$Monitor@a72b65a" daemon prio=5 tid=1570 timed_waiting
java.lang.Thread.State: TIMED_WAITING
        at java.lang.Thread.sleep(Native Method)
        at org.apache.hadoop.util.JvmPauseMonitor$Monitor.run(JvmPauseMonitor.java:192)
        at java.lang.Thread.run(Thread.java:750)
"BlockDeletingService#3" daemon prio=5 tid=2084 in Object.wait()
java.lang.Thread.State: WAITING (on object monitor)
        at sun.misc.Unsafe.park(Native Method)
        at java.util.concurrent.locks.LockSupport.park(LockSupport.java:175)
        at java.util.concurrent.locks.AbstractQueuedSynchronizer$ConditionObject.await(AbstractQueuedSynchronizer.java:2039)
        at java.util.concurrent.ScheduledThreadPoolExecutor$DelayedWorkQueue.take(ScheduledThreadPoolExecutor.java:1088)
        at java.util.concurrent.ScheduledThreadPoolExecutor$DelayedWorkQueue.take(ScheduledThreadPoolExecutor.java:809)
        at java.util.concurrent.ThreadPoolExecutor.getTask(ThreadPoolExecutor.java:1074)
        at java.util.concurrent.ThreadPoolExecutor.runWorker(ThreadPoolExecutor.java:1134)
        at java.util.concurrent.ThreadPoolExecutor$Worker.run(ThreadPoolExecutor.java:624)
        at java.lang.Thread.run(Thread.java:750)
"BlockDeletingService#0" daemon prio=5 tid=1653 in Object.wait()
java.lang.Thread.State: WAITING (on object monitor)
        at sun.misc.Unsafe.park(Native Method)
        at java.util.concurrent.locks.LockSupport.park(LockSupport.java:175)
        at java.util.concurrent.locks.AbstractQueuedSynchronizer$ConditionObject.await(AbstractQueuedSynchronizer.java:2039)
        at java.util.concurrent.ScheduledThreadPoolExecutor$DelayedWorkQueue.take(ScheduledThreadPoolExecutor.java:1088)
        at java.util.concurrent.ScheduledThreadPoolExecutor$DelayedWorkQueue.take(ScheduledThreadPoolExecutor.java:809)
        at java.util.concurrent.ThreadPoolExecutor.getTask(ThreadPoolExecutor.java:1074)
        at java.util.concurrent.ThreadPoolExecutor.runWorker(ThreadPoolExecutor.java:1134)
        at java.util.concurrent.ThreadPoolExecutor$Worker.run(ThreadPoolExecutor.java:624)
        at java.lang.Thread.run(Thread.java:750)
"Datanode ReportManager Thread - 4" daemon prio=5 tid=959 in Object.wait()
java.lang.Thread.State: WAITING (on object monitor)
        at sun.misc.Unsafe.park(Native Method)
        at java.util.concurrent.locks.LockSupport.park(LockSupport.java:175)
        at java.util.concurrent.locks.AbstractQueuedSynchronizer$ConditionObject.await(AbstractQueuedSynchronizer.java:2039)
        at java.util.concurrent.ScheduledThreadPoolExecutor$DelayedWorkQueue.take(ScheduledThreadPoolExecutor.java:1088)
        at java.util.concurrent.ScheduledThreadPoolExecutor$DelayedWorkQueue.take(ScheduledThreadPoolExecutor.java:809)
        at java.util.concurrent.ThreadPoolExecutor.getTask(ThreadPoolExecutor.java:1074)
        at java.util.concurrent.ThreadPoolExecutor.runWorker(ThreadPoolExecutor.java:1134)
        at java.util.concurrent.ThreadPoolExecutor$Worker.run(ThreadPoolExecutor.java:624)
        at java.lang.Thread.run(Thread.java:750)
"Session-HouseKeeper-68d60b67-1"  prio=5 tid=1536 timed_waiting
java.lang.Thread.State: TIMED_WAITING
        at sun.misc.Unsafe.park(Native Method)
        at java.util.concurrent.locks.LockSupport.parkNanos(LockSupport.java:215)
        at java.util.concurrent.locks.AbstractQueuedSynchronizer$ConditionObject.awaitNanos(AbstractQueuedSynchronizer.java:2078)
        at java.util.concurrent.ScheduledThreadPoolExecutor$DelayedWorkQueue.take(ScheduledThreadPoolExecutor.java:1093)
        at java.util.concurrent.ScheduledThreadPoolExecutor$DelayedWorkQueue.take(ScheduledThreadPoolExecutor.java:809)
        at java.util.concurrent.ThreadPoolExecutor.getTask(ThreadPoolExecutor.java:1074)
        at java.util.concurrent.ThreadPoolExecutor.runWorker(ThreadPoolExecutor.java:1134)
        at java.util.concurrent.ThreadPoolExecutor$Worker.run(ThreadPoolExecutor.java:624)
        at java.lang.Thread.run(Thread.java:750)
"51490d26-ad7a-4947-a556-931448a53f1d@group-D5300F8C0BF2-StateMachineUpdater" daemon prio=5 tid=1731 timed_waiting
java.lang.Thread.State: TIMED_WAITING
        at sun.misc.Unsafe.park(Native Method)
        at java.util.concurrent.locks.LockSupport.parkNanos(LockSupport.java:215)
        at java.util.concurrent.CompletableFuture$Signaller.block(CompletableFuture.java:1709)
        at java.util.concurrent.ForkJoinPool.managedBlock(ForkJoinPool.java:3323)
        at java.util.concurrent.CompletableFuture.timedGet(CompletableFuture.java:1788)
        at java.util.concurrent.CompletableFuture.get(CompletableFuture.java:1928)
        at org.apache.ratis.util.AwaitForSignal.await(AwaitForSignal.java:56)
        at org.apache.ratis.server.impl.StateMachineUpdater.waitForCommit(StateMachineUpdater.java:207)
        at org.apache.ratis.server.impl.StateMachineUpdater.run(StateMachineUpdater.java:176)
        at java.lang.Thread.run(Thread.java:750)
"org.apache.hadoop.ozone.container.common.statemachine.commandhandler.DeleteBlocksCommandHandler$DeleteCmdWorker@5173b584" daemon prio=5 tid=931 runnable
java.lang.Thread.State: RUNNABLE
        at java.lang.Thread.sleep(Native Method)
        at org.apache.hadoop.ozone.container.common.statemachine.commandhandler.DeleteBlocksCommandHandler$DeleteCmdWorker.run(DeleteBlocksCommandHandler.java:185)
        at java.lang.Thread.run(Thread.java:750)
"qtp281085525-1555" daemon prio=5 tid=1555 runnable
java.lang.Thread.State: RUNNABLE
        at sun.nio.ch.EPollArrayWrapper.epollWait(Native Method)
        at sun.nio.ch.EPollArrayWrapper.poll(EPollArrayWrapper.java:269)
        at sun.nio.ch.EPollSelectorImpl.doSelect(EPollSelectorImpl.java:93)
        at sun.nio.ch.SelectorImpl.lockAndDoSelect(SelectorImpl.java:86)
        at sun.nio.ch.SelectorImpl.select(SelectorImpl.java:97)
        at sun.nio.ch.SelectorImpl.select(SelectorImpl.java:101)
        at org.eclipse.jetty.io.ManagedSelector.nioSelect(ManagedSelector.java:183)
        at org.eclipse.jetty.io.ManagedSelector.select(ManagedSelector.java:190)
        at org.eclipse.jetty.io.ManagedSelector$SelectorProducer.select(ManagedSelector.java:606)
        at org.eclipse.jetty.io.ManagedSelector$SelectorProducer.produce(ManagedSelector.java:543)
        at org.eclipse.jetty.util.thread.strategy.EatWhatYouKill.produceTask(EatWhatYouKill.java:362)
        at org.eclipse.jetty.util.thread.strategy.EatWhatYouKill.doProduce(EatWhatYouKill.java:186)
        at org.eclipse.jetty.util.thread.strategy.EatWhatYouKill.tryProduce(EatWhatYouKill.java:173)
        at org.eclipse.jetty.util.thread.strategy.EatWhatYouKill.produce(EatWhatYouKill.java:137)
        at org.eclipse.jetty.io.ManagedSelector$$Lambda$388/1393284987.run(Unknown Source)
        at org.eclipse.jetty.util.thread.QueuedThreadPool.runJob(QueuedThreadPool.java:883)
        at org.eclipse.jetty.util.thread.QueuedThreadPool$Runner.run(QueuedThreadPool.java:1034)
        at java.lang.Thread.run(Thread.java:750)
"pool-531-thread-1"  prio=5 tid=1460 timed_waiting
java.lang.Thread.State: TIMED_WAITING
        at sun.misc.Unsafe.park(Native Method)
        at java.util.concurrent.locks.LockSupport.parkNanos(LockSupport.java:215)
        at java.util.concurrent.locks.AbstractQueuedSynchronizer$ConditionObject.awaitNanos(AbstractQueuedSynchronizer.java:2078)
        at java.util.concurrent.ScheduledThreadPoolExecutor$DelayedWorkQueue.take(ScheduledThreadPoolExecutor.java:1093)
        at java.util.concurrent.ScheduledThreadPoolExecutor$DelayedWorkQueue.take(ScheduledThreadPoolExecutor.java:809)
        at java.util.concurrent.ThreadPoolExecutor.getTask(ThreadPoolExecutor.java:1074)
        at java.util.concurrent.ThreadPoolExecutor.runWorker(ThreadPoolExecutor.java:1134)
        at java.util.concurrent.ThreadPoolExecutor$Worker.run(ThreadPoolExecutor.java:624)
        at java.lang.Thread.run(Thread.java:750)
"4178a181-7a8b-49ec-906e-515996c40b3d@group-FAA04F5864EB-StateMachineUpdater" daemon prio=5 tid=1723 timed_waiting
java.lang.Thread.State: TIMED_WAITING
        at sun.misc.Unsafe.park(Native Method)
        at java.util.concurrent.locks.LockSupport.parkNanos(LockSupport.java:215)
        at java.util.concurrent.CompletableFuture$Signaller.block(CompletableFuture.java:1709)
        at java.util.concurrent.ForkJoinPool.managedBlock(ForkJoinPool.java:3323)
        at java.util.concurrent.CompletableFuture.timedGet(CompletableFuture.java:1788)
        at java.util.concurrent.CompletableFuture.get(CompletableFuture.java:1928)
        at org.apache.ratis.util.AwaitForSignal.await(AwaitForSignal.java:56)
        at org.apache.ratis.server.impl.StateMachineUpdater.waitForCommit(StateMachineUpdater.java:207)
        at org.apache.ratis.server.impl.StateMachineUpdater.run(StateMachineUpdater.java:176)
        at java.lang.Thread.run(Thread.java:750)
"org.apache.hadoop.ozone.container.common.statemachine.commandhandler.DeleteBlocksCommandHandler$DeleteCmdWorker@2e263107" daemon prio=5 tid=905 runnable
java.lang.Thread.State: RUNNABLE
        at java.lang.Thread.sleep(Native Method)
        at org.apache.hadoop.ozone.container.common.statemachine.commandhandler.DeleteBlocksCommandHandler$DeleteCmdWorker.run(DeleteBlocksCommandHandler.java:185)
        at java.lang.Thread.run(Thread.java:750)
"ContainerOp-5743b342-640f-4931-9abd-9c7b42edd3a2-2"  prio=5 tid=1817 in Object.wait()
java.lang.Thread.State: WAITING (on object monitor)
        at sun.misc.Unsafe.park(Native Method)
        at java.util.concurrent.locks.LockSupport.park(LockSupport.java:175)
        at java.util.concurrent.locks.AbstractQueuedSynchronizer$ConditionObject.await(AbstractQueuedSynchronizer.java:2039)
        at java.util.concurrent.LinkedBlockingQueue.take(LinkedBlockingQueue.java:442)
        at java.util.concurrent.ThreadPoolExecutor.getTask(ThreadPoolExecutor.java:1074)
        at java.util.concurrent.ThreadPoolExecutor.runWorker(ThreadPoolExecutor.java:1134)
        at java.util.concurrent.ThreadPoolExecutor$Worker.run(ThreadPoolExecutor.java:624)
        at java.lang.Thread.run(Thread.java:750)
"ContainerOp-5743b342-640f-4931-9abd-9c7b42edd3a2-3"  prio=5 tid=1825 in Object.wait()
java.lang.Thread.State: WAITING (on object monitor)
        at sun.misc.Unsafe.park(Native Method)
        at java.util.concurrent.locks.LockSupport.park(LockSupport.java:175)
        at java.util.concurrent.locks.AbstractQueuedSynchronizer$ConditionObject.await(AbstractQueuedSynchronizer.java:2039)
        at java.util.concurrent.LinkedBlockingQueue.take(LinkedBlockingQueue.java:442)
        at java.util.concurrent.ThreadPoolExecutor.getTask(ThreadPoolExecutor.java:1074)
        at java.util.concurrent.ThreadPoolExecutor.runWorker(ThreadPoolExecutor.java:1134)
        at java.util.concurrent.ThreadPoolExecutor$Worker.run(ThreadPoolExecutor.java:624)
        at java.lang.Thread.run(Thread.java:750)
"IPC Server handler 6 on default port 33165" daemon prio=5 tid=1476 timed_waiting
java.lang.Thread.State: TIMED_WAITING
        at sun.misc.Unsafe.park(Native Method)
        at java.util.concurrent.locks.LockSupport.parkNanos(LockSupport.java:215)
        at java.util.concurrent.locks.AbstractQueuedSynchronizer$ConditionObject.awaitNanos(AbstractQueuedSynchronizer.java:2078)
        at java.util.concurrent.LinkedBlockingQueue.poll(LinkedBlockingQueue.java:467)
        at org.apache.hadoop.ipc.CallQueueManager.take(CallQueueManager.java:317)
        at org.apache.hadoop.ipc.Server$Handler.run(Server.java:2932)
"ContainerOp-5743b342-640f-4931-9abd-9c7b42edd3a2-5"  prio=5 tid=1832 in Object.wait()
java.lang.Thread.State: WAITING (on object monitor)
        at sun.misc.Unsafe.park(Native Method)
        at java.util.concurrent.locks.LockSupport.park(LockSupport.java:175)
        at java.util.concurrent.locks.AbstractQueuedSynchronizer$ConditionObject.await(AbstractQueuedSynchronizer.java:2039)
        at java.util.concurrent.LinkedBlockingQueue.take(LinkedBlockingQueue.java:442)
        at java.util.concurrent.ThreadPoolExecutor.getTask(ThreadPoolExecutor.java:1074)
        at java.util.concurrent.ThreadPoolExecutor.runWorker(ThreadPoolExecutor.java:1134)
        at java.util.concurrent.ThreadPoolExecutor$Worker.run(ThreadPoolExecutor.java:624)
        at java.lang.Thread.run(Thread.java:750)
"IPC Client (1208989446) connection to /0.0.0.0:41993 from runner" daemon prio=5 tid=1591 timed_waiting
java.lang.Thread.State: TIMED_WAITING
        at java.lang.Object.wait(Native Method)
        at org.apache.hadoop.ipc.Client$Connection.waitForWork(Client.java:1053)
        at org.apache.hadoop.ipc.Client$Connection.run(Client.java:1097)
"ContainerOp-5743b342-640f-4931-9abd-9c7b42edd3a2-5"  prio=5 tid=1827 in Object.wait()
java.lang.Thread.State: WAITING (on object monitor)
        at sun.misc.Unsafe.park(Native Method)
        at java.util.concurrent.locks.LockSupport.park(LockSupport.java:175)
        at java.util.concurrent.locks.AbstractQueuedSynchronizer$ConditionObject.await(AbstractQueuedSynchronizer.java:2039)
        at java.util.concurrent.LinkedBlockingQueue.take(LinkedBlockingQueue.java:442)
        at java.util.concurrent.ThreadPoolExecutor.getTask(ThreadPoolExecutor.java:1074)
        at java.util.concurrent.ThreadPoolExecutor.runWorker(ThreadPoolExecutor.java:1134)
        at java.util.concurrent.ThreadPoolExecutor$Worker.run(ThreadPoolExecutor.java:624)
        at java.lang.Thread.run(Thread.java:750)
"Command processor thread" daemon prio=5 tid=1543 timed_waiting
java.lang.Thread.State: TIMED_WAITING
        at java.lang.Thread.sleep(Native Method)
        at org.apache.hadoop.ozone.container.common.statemachine.DatanodeStateMachine.lambda$initCommandHandlerThread$3(DatanodeStateMachine.java:628)
        at org.apache.hadoop.ozone.container.common.statemachine.DatanodeStateMachine$$Lambda$681/469466819.run(Unknown Source)
        at java.lang.Thread.run(Thread.java:750)
"Command processor thread" daemon prio=5 tid=1569 timed_waiting
java.lang.Thread.State: TIMED_WAITING
        at java.lang.Thread.sleep(Native Method)
        at org.apache.hadoop.ozone.container.common.statemachine.DatanodeStateMachine.lambda$initCommandHandlerThread$3(DatanodeStateMachine.java:628)
        at org.apache.hadoop.ozone.container.common.statemachine.DatanodeStateMachine$$Lambda$681/469466819.run(Unknown Source)
        at java.lang.Thread.run(Thread.java:750)
"IPC Server handler 12 on default port 35985" daemon prio=5 tid=1398 timed_waiting
java.lang.Thread.State: TIMED_WAITING
        at sun.misc.Unsafe.park(Native Method)
        at java.util.concurrent.locks.LockSupport.parkNanos(LockSupport.java:215)
        at java.util.concurrent.locks.AbstractQueuedSynchronizer$ConditionObject.awaitNanos(AbstractQueuedSynchronizer.java:2078)
        at java.util.concurrent.LinkedBlockingQueue.poll(LinkedBlockingQueue.java:467)
        at org.apache.hadoop.ipc.CallQueueManager.take(CallQueueManager.java:317)
        at org.apache.hadoop.ipc.Server$Handler.run(Server.java:2932)
"Datanode ReportManager Thread - 2" daemon prio=5 tid=867 in Object.wait()
java.lang.Thread.State: WAITING (on object monitor)
        at sun.misc.Unsafe.park(Native Method)
        at java.util.concurrent.locks.LockSupport.park(LockSupport.java:175)
        at java.util.concurrent.locks.AbstractQueuedSynchronizer$ConditionObject.await(AbstractQueuedSynchronizer.java:2039)
        at java.util.concurrent.ScheduledThreadPoolExecutor$DelayedWorkQueue.take(ScheduledThreadPoolExecutor.java:1088)
        at java.util.concurrent.ScheduledThreadPoolExecutor$DelayedWorkQueue.take(ScheduledThreadPoolExecutor.java:809)
        at java.util.concurrent.ThreadPoolExecutor.getTask(ThreadPoolExecutor.java:1074)
        at java.util.concurrent.ThreadPoolExecutor.runWorker(ThreadPoolExecutor.java:1134)
        at java.util.concurrent.ThreadPoolExecutor$Worker.run(ThreadPoolExecutor.java:624)
        at java.lang.Thread.run(Thread.java:750)
"ContainerOp-5743b342-640f-4931-9abd-9c7b42edd3a2-3"  prio=5 tid=1826 in Object.wait()
java.lang.Thread.State: WAITING (on object monitor)
        at sun.misc.Unsafe.park(Native Method)
        at java.util.concurrent.locks.LockSupport.park(LockSupport.java:175)
        at java.util.concurrent.locks.AbstractQueuedSynchronizer$ConditionObject.await(AbstractQueuedSynchronizer.java:2039)
        at java.util.concurrent.LinkedBlockingQueue.take(LinkedBlockingQueue.java:442)
        at java.util.concurrent.ThreadPoolExecutor.getTask(ThreadPoolExecutor.java:1074)
        at java.util.concurrent.ThreadPoolExecutor.runWorker(ThreadPoolExecutor.java:1134)
        at java.util.concurrent.ThreadPoolExecutor$Worker.run(ThreadPoolExecutor.java:624)
        at java.lang.Thread.run(Thread.java:750)
"ContainerOp-5743b342-640f-4931-9abd-9c7b42edd3a2-6"  prio=5 tid=1849 in Object.wait()
java.lang.Thread.State: WAITING (on object monitor)
        at sun.misc.Unsafe.park(Native Method)
        at java.util.concurrent.locks.LockSupport.park(LockSupport.java:175)
        at java.util.concurrent.locks.AbstractQueuedSynchronizer$ConditionObject.await(AbstractQueuedSynchronizer.java:2039)
        at java.util.concurrent.LinkedBlockingQueue.take(LinkedBlockingQueue.java:442)
        at java.util.concurrent.ThreadPoolExecutor.getTask(ThreadPoolExecutor.java:1074)
        at java.util.concurrent.ThreadPoolExecutor.runWorker(ThreadPoolExecutor.java:1134)
        at java.util.concurrent.ThreadPoolExecutor$Worker.run(ThreadPoolExecutor.java:624)
        at java.lang.Thread.run(Thread.java:750)
"4178a181-7a8b-49ec-906e-515996c40b3d@group-8D797CAEE693->b721671c-f2e0-4f32-a472-e04e394ae124-GrpcLogAppender-LogAppenderDaemon" daemon prio=5 tid=1905 timed_waiting
java.lang.Thread.State: TIMED_WAITING
        at sun.misc.Unsafe.park(Native Method)
        at java.util.concurrent.locks.LockSupport.parkNanos(LockSupport.java:215)
        at java.util.concurrent.CompletableFuture$Signaller.block(CompletableFuture.java:1709)
        at java.util.concurrent.ForkJoinPool.managedBlock(ForkJoinPool.java:3323)
        at java.util.concurrent.CompletableFuture.timedGet(CompletableFuture.java:1788)
        at java.util.concurrent.CompletableFuture.get(CompletableFuture.java:1928)
        at org.apache.ratis.util.AwaitForSignal.await(AwaitForSignal.java:56)
        at org.apache.ratis.grpc.server.GrpcLogAppender.mayWait(GrpcLogAppender.java:169)
        at org.apache.ratis.grpc.server.GrpcLogAppender.run(GrpcLogAppender.java:128)
        at org.apache.ratis.server.leader.LogAppenderDaemon.run(LogAppenderDaemon.java:77)
        at org.apache.ratis.server.leader.LogAppenderDaemon$$Lambda$952/566533884.run(Unknown Source)
        at java.lang.Thread.run(Thread.java:750)
"Datanode ReportManager Thread - 3" daemon prio=5 tid=1541 in Object.wait()
java.lang.Thread.State: WAITING (on object monitor)
        at sun.misc.Unsafe.park(Native Method)
        at java.util.concurrent.locks.LockSupport.park(LockSupport.java:175)
        at java.util.concurrent.locks.AbstractQueuedSynchronizer$ConditionObject.await(AbstractQueuedSynchronizer.java:2039)
        at java.util.concurrent.ScheduledThreadPoolExecutor$DelayedWorkQueue.take(ScheduledThreadPoolExecutor.java:1088)
        at java.util.concurrent.ScheduledThreadPoolExecutor$DelayedWorkQueue.take(ScheduledThreadPoolExecutor.java:809)
        at java.util.concurrent.ThreadPoolExecutor.getTask(ThreadPoolExecutor.java:1074)
        at java.util.concurrent.ThreadPoolExecutor.runWorker(ThreadPoolExecutor.java:1134)
        at java.util.concurrent.ThreadPoolExecutor$Worker.run(ThreadPoolExecutor.java:624)
        at java.lang.Thread.run(Thread.java:750)
"ExpiredContainerReplicaOpScrubberThread" daemon prio=5 tid=17 timed_waiting
java.lang.Thread.State: TIMED_WAITING
        at java.lang.Object.wait(Native Method)
        at org.apache.hadoop.hdds.scm.ha.BackgroundSCMService.run(BackgroundSCMService.java:105)
        at org.apache.hadoop.hdds.scm.ha.BackgroundSCMService$$Lambda$318/1880959833.run(Unknown Source)
        at java.lang.Thread.run(Thread.java:750)
"ChunkWriter-2-0" daemon prio=5 tid=1630 in Object.wait()
java.lang.Thread.State: WAITING (on object monitor)
        at sun.misc.Unsafe.park(Native Method)
        at java.util.concurrent.locks.LockSupport.park(LockSupport.java:175)
        at java.util.concurrent.locks.AbstractQueuedSynchronizer$ConditionObject.await(AbstractQueuedSynchronizer.java:2039)
        at java.util.concurrent.LinkedBlockingDeque.takeFirst(LinkedBlockingDeque.java:492)
        at java.util.concurrent.LinkedBlockingDeque.take(LinkedBlockingDeque.java:680)
        at java.util.concurrent.ThreadPoolExecutor.getTask(ThreadPoolExecutor.java:1074)
        at java.util.concurrent.ThreadPoolExecutor.runWorker(ThreadPoolExecutor.java:1134)
        at java.util.concurrent.ThreadPoolExecutor$Worker.run(ThreadPoolExecutor.java:624)
        at java.lang.Thread.run(Thread.java:750)
"IPC Server handler 3 on default port 33165" daemon prio=5 tid=1473 timed_waiting
java.lang.Thread.State: TIMED_WAITING
        at sun.misc.Unsafe.park(Native Method)
        at java.util.concurrent.locks.LockSupport.parkNanos(LockSupport.java:215)
        at java.util.concurrent.locks.AbstractQueuedSynchronizer$ConditionObject.awaitNanos(AbstractQueuedSynchronizer.java:2078)
        at java.util.concurrent.LinkedBlockingQueue.poll(LinkedBlockingQueue.java:467)
        at org.apache.hadoop.ipc.CallQueueManager.take(CallQueueManager.java:317)
        at org.apache.hadoop.ipc.Server$Handler.run(Server.java:2932)
"IPC Server handler 7 on default port 35985" daemon prio=5 tid=1393 timed_waiting
java.lang.Thread.State: TIMED_WAITING
        at sun.misc.Unsafe.park(Native Method)
        at java.util.concurrent.locks.LockSupport.parkNanos(LockSupport.java:215)
        at java.util.concurrent.locks.AbstractQueuedSynchronizer$ConditionObject.awaitNanos(AbstractQueuedSynchronizer.java:2078)
        at java.util.concurrent.LinkedBlockingQueue.poll(LinkedBlockingQueue.java:467)
        at org.apache.hadoop.ipc.CallQueueManager.take(CallQueueManager.java:317)
        at org.apache.hadoop.ipc.Server$Handler.run(Server.java:2932)
"PartialTableCache Cleanup Thread - 0" daemon prio=5 tid=487 in Object.wait()
java.lang.Thread.State: WAITING (on object monitor)
        at sun.misc.Unsafe.park(Native Method)
        at java.util.concurrent.locks.LockSupport.park(LockSupport.java:175)
        at java.util.concurrent.locks.AbstractQueuedSynchronizer$ConditionObject.await(AbstractQueuedSynchronizer.java:2039)
        at java.util.concurrent.LinkedBlockingQueue.take(LinkedBlockingQueue.java:442)
        at java.util.concurrent.ThreadPoolExecutor.getTask(ThreadPoolExecutor.java:1074)
        at java.util.concurrent.ThreadPoolExecutor.runWorker(ThreadPoolExecutor.java:1134)
        at java.util.concurrent.ThreadPoolExecutor$Worker.run(ThreadPoolExecutor.java:624)
        at java.lang.Thread.run(Thread.java:750)
"Datanode ReportManager Thread - 3" daemon prio=5 tid=1604 in Object.wait()
java.lang.Thread.State: WAITING (on object monitor)
        at sun.misc.Unsafe.park(Native Method)
        at java.util.concurrent.locks.LockSupport.park(LockSupport.java:175)
        at java.util.concurrent.locks.AbstractQueuedSynchronizer$ConditionObject.await(AbstractQueuedSynchronizer.java:2039)
        at java.util.concurrent.ScheduledThreadPoolExecutor$DelayedWorkQueue.take(ScheduledThreadPoolExecutor.java:1088)
        at java.util.concurrent.ScheduledThreadPoolExecutor$DelayedWorkQueue.take(ScheduledThreadPoolExecutor.java:809)
        at java.util.concurrent.ThreadPoolExecutor.getTask(ThreadPoolExecutor.java:1074)
        at java.util.concurrent.ThreadPoolExecutor.runWorker(ThreadPoolExecutor.java:1134)
        at java.util.concurrent.ThreadPoolExecutor$Worker.run(ThreadPoolExecutor.java:624)
        at java.lang.Thread.run(Thread.java:750)
"BlockDeletingService#3" daemon prio=5 tid=2081 in Object.wait()
java.lang.Thread.State: WAITING (on object monitor)
        at sun.misc.Unsafe.park(Native Method)
        at java.util.concurrent.locks.LockSupport.park(LockSupport.java:175)
        at java.util.concurrent.locks.AbstractQueuedSynchronizer$ConditionObject.await(AbstractQueuedSynchronizer.java:2039)
        at java.util.concurrent.ScheduledThreadPoolExecutor$DelayedWorkQueue.take(ScheduledThreadPoolExecutor.java:1088)
        at java.util.concurrent.ScheduledThreadPoolExecutor$DelayedWorkQueue.take(ScheduledThreadPoolExecutor.java:809)
        at java.util.concurrent.ThreadPoolExecutor.getTask(ThreadPoolExecutor.java:1074)
        at java.util.concurrent.ThreadPoolExecutor.runWorker(ThreadPoolExecutor.java:1134)
        at java.util.concurrent.ThreadPoolExecutor$Worker.run(ThreadPoolExecutor.java:624)
        at java.lang.Thread.run(Thread.java:750)
"surefire-forkedjvm-command-thread" daemon prio=5 tid=10 runnable
java.lang.Thread.State: RUNNABLE
        at java.io.FileInputStream.readBytes(Native Method)
        at java.io.FileInputStream.read(FileInputStream.java:255)
        at java.io.BufferedInputStream.read1(BufferedInputStream.java:284)
        at java.io.BufferedInputStream.read(BufferedInputStream.java:345)
        at java.io.BufferedInputStream.fill(BufferedInputStream.java:246)
        at java.io.BufferedInputStream.read1(BufferedInputStream.java:286)
        at java.io.BufferedInputStream.read(BufferedInputStream.java:345)
        at org.apache.maven.surefire.api.util.internal.Channels$3.readImpl(Channels.java:214)
        at org.apache.maven.surefire.api.util.internal.AbstractNoninterruptibleReadableChannel.read(AbstractNoninterruptibleReadableChannel.java:54)
        at org.apache.maven.surefire.booter.spi.LegacyMasterProcessChannelDecoder.decode(LegacyMasterProcessChannelDecoder.java:80)
        at org.apache.maven.surefire.booter.CommandReader$CommandRunnable.run(CommandReader.java:343)
        at java.lang.Thread.run(Thread.java:750)
"IPC Server handler 6 on default port 41993" daemon prio=5 tid=1412 timed_waiting
java.lang.Thread.State: TIMED_WAITING
        at sun.misc.Unsafe.park(Native Method)
        at java.util.concurrent.locks.LockSupport.parkNanos(LockSupport.java:215)
        at java.util.concurrent.locks.AbstractQueuedSynchronizer$ConditionObject.awaitNanos(AbstractQueuedSynchronizer.java:2078)
        at java.util.concurrent.LinkedBlockingQueue.poll(LinkedBlockingQueue.java:467)
        at org.apache.hadoop.ipc.CallQueueManager.take(CallQueueManager.java:317)
        at org.apache.hadoop.ipc.Server$Handler.run(Server.java:2932)
"qtp1348274608-1585" daemon prio=5 tid=1585 timed_waiting
java.lang.Thread.State: TIMED_WAITING
        at sun.misc.Unsafe.park(Native Method)
        at java.util.concurrent.locks.LockSupport.parkNanos(LockSupport.java:215)
        at java.util.concurrent.locks.AbstractQueuedSynchronizer$ConditionObject.awaitNanos(AbstractQueuedSynchronizer.java:2078)
        at org.eclipse.jetty.util.BlockingArrayQueue.poll(BlockingArrayQueue.java:382)
        at org.eclipse.jetty.util.thread.QueuedThreadPool$Runner.idleJobPoll(QueuedThreadPool.java:974)
        at org.eclipse.jetty.util.thread.QueuedThreadPool$Runner.run(QueuedThreadPool.java:1018)
        at java.lang.Thread.run(Thread.java:750)
"IPC Parameter Sending Thread #0" daemon prio=5 tid=111 timed_waiting
java.lang.Thread.State: TIMED_WAITING
        at sun.misc.Unsafe.park(Native Method)
        at java.util.concurrent.locks.LockSupport.parkNanos(LockSupport.java:215)
        at java.util.concurrent.SynchronousQueue$TransferStack.awaitFulfill(SynchronousQueue.java:460)
        at java.util.concurrent.SynchronousQueue$TransferStack.transfer(SynchronousQueue.java:362)
        at java.util.concurrent.SynchronousQueue.poll(SynchronousQueue.java:941)
        at java.util.concurrent.ThreadPoolExecutor.getTask(ThreadPoolExecutor.java:1073)
        at java.util.concurrent.ThreadPoolExecutor.runWorker(ThreadPoolExecutor.java:1134)
        at java.util.concurrent.ThreadPoolExecutor$Worker.run(ThreadPoolExecutor.java:624)
        at java.lang.Thread.run(Thread.java:750)
"qtp766929737-1501-acceptor-0@2e7b6a1d-ServerConnector@25a7fc5{HTTP/1.1, (http/1.1)}{0.0.0.0:37453}" daemon prio=3 tid=1501 runnable
java.lang.Thread.State: RUNNABLE
        at sun.nio.ch.ServerSocketChannelImpl.accept0(Native Method)
        at sun.nio.ch.ServerSocketChannelImpl.accept(ServerSocketChannelImpl.java:421)
        at sun.nio.ch.ServerSocketChannelImpl.accept(ServerSocketChannelImpl.java:249)
        at org.eclipse.jetty.server.ServerConnector.accept(ServerConnector.java:388)
        at org.eclipse.jetty.server.AbstractConnector$Acceptor.run(AbstractConnector.java:702)
        at org.eclipse.jetty.util.thread.QueuedThreadPool.runJob(QueuedThreadPool.java:883)
        at org.eclipse.jetty.util.thread.QueuedThreadPool$Runner.run(QueuedThreadPool.java:1034)
        at java.lang.Thread.run(Thread.java:750)
"66188e3b-2de6-4632-9636-fbf530af5e5e@group-9C7B42EDD3A2->4178a181-7a8b-49ec-906e-515996c40b3d-GrpcLogAppender-LogAppenderDaemon" daemon prio=5 tid=1754 timed_waiting
java.lang.Thread.State: TIMED_WAITING
        at sun.misc.Unsafe.park(Native Method)
        at java.util.concurrent.locks.LockSupport.parkNanos(LockSupport.java:215)
        at java.util.concurrent.CompletableFuture$Signaller.block(CompletableFuture.java:1709)
        at java.util.concurrent.ForkJoinPool.managedBlock(ForkJoinPool.java:3323)
        at java.util.concurrent.CompletableFuture.timedGet(CompletableFuture.java:1788)
        at java.util.concurrent.CompletableFuture.get(CompletableFuture.java:1928)
        at org.apache.ratis.util.AwaitForSignal.await(AwaitForSignal.java:56)
        at org.apache.ratis.grpc.server.GrpcLogAppender.mayWait(GrpcLogAppender.java:169)
        at org.apache.ratis.grpc.server.GrpcLogAppender.run(GrpcLogAppender.java:128)
        at org.apache.ratis.server.leader.LogAppenderDaemon.run(LogAppenderDaemon.java:77)
        at org.apache.ratis.server.leader.LogAppenderDaemon$$Lambda$952/566533884.run(Unknown Source)
        at java.lang.Thread.run(Thread.java:750)
"Datanode State Machine Daemon Thread" daemon prio=5 tid=1600 timed_waiting
java.lang.Thread.State: TIMED_WAITING
        at java.lang.Thread.sleep(Native Method)
        at org.apache.hadoop.ozone.container.common.statemachine.DatanodeStateMachine.startStateMachineThread(DatanodeStateMachine.java:313)
        at org.apache.hadoop.ozone.container.common.statemachine.DatanodeStateMachine.lambda$startDaemon$0(DatanodeStateMachine.java:493)
        at org.apache.hadoop.ozone.container.common.statemachine.DatanodeStateMachine$$Lambda$670/815817331.run(Unknown Source)
        at java.lang.Thread.run(Thread.java:750)
"IPC Server handler 17 on default port 40713" daemon prio=5 tid=1383 timed_waiting
java.lang.Thread.State: TIMED_WAITING
        at sun.misc.Unsafe.park(Native Method)
        at java.util.concurrent.locks.LockSupport.parkNanos(LockSupport.java:215)
        at java.util.concurrent.locks.AbstractQueuedSynchronizer$ConditionObject.awaitNanos(AbstractQueuedSynchronizer.java:2078)
        at java.util.concurrent.LinkedBlockingQueue.poll(LinkedBlockingQueue.java:467)
        at org.apache.hadoop.ipc.CallQueueManager.take(CallQueueManager.java:317)
        at org.apache.hadoop.ipc.Server$Handler.run(Server.java:2932)
"IPC Server handler 3 on default port 35985" daemon prio=5 tid=1389 timed_waiting
java.lang.Thread.State: TIMED_WAITING
        at sun.misc.Unsafe.park(Native Method)
        at java.util.concurrent.locks.LockSupport.parkNanos(LockSupport.java:215)
        at java.util.concurrent.locks.AbstractQueuedSynchronizer$ConditionObject.awaitNanos(AbstractQueuedSynchronizer.java:2078)
        at java.util.concurrent.LinkedBlockingQueue.poll(LinkedBlockingQueue.java:467)
        at org.apache.hadoop.ipc.CallQueueManager.take(CallQueueManager.java:317)
        at org.apache.hadoop.ipc.Server$Handler.run(Server.java:2932)
"grpc-default-worker-ELG-7-2" daemon prio=5 tid=1696 runnable
java.lang.Thread.State: RUNNABLE
        at org.apache.ratis.thirdparty.io.netty.channel.epoll.Native.epollWait(Native Method)
        at org.apache.ratis.thirdparty.io.netty.channel.epoll.Native.epollWait(Native.java:193)
        at org.apache.ratis.thirdparty.io.netty.channel.epoll.Native.epollWait(Native.java:186)
        at org.apache.ratis.thirdparty.io.netty.channel.epoll.EpollEventLoop.epollWaitNoTimerChange(EpollEventLoop.java:290)
        at org.apache.ratis.thirdparty.io.netty.channel.epoll.EpollEventLoop.run(EpollEventLoop.java:347)
        at org.apache.ratis.thirdparty.io.netty.util.concurrent.SingleThreadEventExecutor$4.run(SingleThreadEventExecutor.java:986)
        at org.apache.ratis.thirdparty.io.netty.util.internal.ThreadExecutorMap$2.run(ThreadExecutorMap.java:74)
        at org.apache.ratis.thirdparty.io.netty.util.concurrent.FastThreadLocalRunnable.run(FastThreadLocalRunnable.java:30)
        at java.lang.Thread.run(Thread.java:750)
"Datanode ReportManager Thread - 4" daemon prio=5 tid=215 in Object.wait()
java.lang.Thread.State: WAITING (on object monitor)
        at sun.misc.Unsafe.park(Native Method)
        at java.util.concurrent.locks.LockSupport.park(LockSupport.java:175)
        at java.util.concurrent.locks.AbstractQueuedSynchronizer$ConditionObject.await(AbstractQueuedSynchronizer.java:2039)
        at java.util.concurrent.ScheduledThreadPoolExecutor$DelayedWorkQueue.take(ScheduledThreadPoolExecutor.java:1088)
        at java.util.concurrent.ScheduledThreadPoolExecutor$DelayedWorkQueue.take(ScheduledThreadPoolExecutor.java:809)
        at java.util.concurrent.ThreadPoolExecutor.getTask(ThreadPoolExecutor.java:1074)
        at java.util.concurrent.ThreadPoolExecutor.runWorker(ThreadPoolExecutor.java:1134)
        at java.util.concurrent.ThreadPoolExecutor$Worker.run(ThreadPoolExecutor.java:624)
        at java.lang.Thread.run(Thread.java:750)
"IPC Server listener on 0" daemon prio=5 tid=1449 runnable
java.lang.Thread.State: RUNNABLE
        at sun.nio.ch.EPollArrayWrapper.epollWait(Native Method)
        at sun.nio.ch.EPollArrayWrapper.poll(EPollArrayWrapper.java:269)
        at sun.nio.ch.EPollSelectorImpl.doSelect(EPollSelectorImpl.java:93)
        at sun.nio.ch.SelectorImpl.lockAndDoSelect(SelectorImpl.java:86)
        at sun.nio.ch.SelectorImpl.select(SelectorImpl.java:97)
        at sun.nio.ch.SelectorImpl.select(SelectorImpl.java:101)
        at org.apache.hadoop.ipc.Server$Listener.run(Server.java:1350)
"Datanode State Machine Task Thread - 1"  prio=5 tid=1589 in Object.wait()
java.lang.Thread.State: WAITING (on object monitor)
        at sun.misc.Unsafe.park(Native Method)
        at java.util.concurrent.locks.LockSupport.park(LockSupport.java:175)
        at java.util.concurrent.locks.AbstractQueuedSynchronizer$ConditionObject.await(AbstractQueuedSynchronizer.java:2039)
        at java.util.concurrent.LinkedBlockingQueue.take(LinkedBlockingQueue.java:442)
        at java.util.concurrent.ThreadPoolExecutor.getTask(ThreadPoolExecutor.java:1074)
        at java.util.concurrent.ThreadPoolExecutor.runWorker(ThreadPoolExecutor.java:1134)
        at java.util.concurrent.ThreadPoolExecutor$Worker.run(ThreadPoolExecutor.java:624)
        at java.lang.Thread.run(Thread.java:750)
"qtp766929737-1506" daemon prio=5 tid=1506 timed_waiting
java.lang.Thread.State: TIMED_WAITING
        at sun.misc.Unsafe.park(Native Method)
        at java.util.concurrent.locks.LockSupport.parkNanos(LockSupport.java:215)
        at java.util.concurrent.locks.AbstractQueuedSynchronizer$ConditionObject.awaitNanos(AbstractQueuedSynchronizer.java:2078)
        at org.eclipse.jetty.util.BlockingArrayQueue.poll(BlockingArrayQueue.java:382)
        at org.eclipse.jetty.util.thread.QueuedThreadPool$Runner.idleJobPoll(QueuedThreadPool.java:974)
        at org.eclipse.jetty.util.thread.QueuedThreadPool$Runner.run(QueuedThreadPool.java:1018)
        at java.lang.Thread.run(Thread.java:750)
"IPC Server handler 1 on default port 33165" daemon prio=5 tid=1471 timed_waiting
java.lang.Thread.State: TIMED_WAITING
        at sun.misc.Unsafe.park(Native Method)
        at java.util.concurrent.locks.LockSupport.parkNanos(LockSupport.java:215)
        at java.util.concurrent.locks.AbstractQueuedSynchronizer$ConditionObject.awaitNanos(AbstractQueuedSynchronizer.java:2078)
        at java.util.concurrent.LinkedBlockingQueue.poll(LinkedBlockingQueue.java:467)
        at org.apache.hadoop.ipc.CallQueueManager.take(CallQueueManager.java:317)
        at org.apache.hadoop.ipc.Server$Handler.run(Server.java:2932)
"IPC Server handler 3 on default port 40713" daemon prio=5 tid=1369 timed_waiting
java.lang.Thread.State: TIMED_WAITING
        at sun.misc.Unsafe.park(Native Method)
        at java.util.concurrent.locks.LockSupport.parkNanos(LockSupport.java:215)
        at java.util.concurrent.locks.AbstractQueuedSynchronizer$ConditionObject.awaitNanos(AbstractQueuedSynchronizer.java:2078)
        at java.util.concurrent.LinkedBlockingQueue.poll(LinkedBlockingQueue.java:467)
        at org.apache.hadoop.ipc.CallQueueManager.take(CallQueueManager.java:317)
        at org.apache.hadoop.ipc.Server$Handler.run(Server.java:2932)
"IPC Server handler 9 on default port 33165" daemon prio=5 tid=1479 timed_waiting
java.lang.Thread.State: TIMED_WAITING
        at sun.misc.Unsafe.park(Native Method)
        at java.util.concurrent.locks.LockSupport.parkNanos(LockSupport.java:215)
        at java.util.concurrent.locks.AbstractQueuedSynchronizer$ConditionObject.awaitNanos(AbstractQueuedSynchronizer.java:2078)
        at java.util.concurrent.LinkedBlockingQueue.poll(LinkedBlockingQueue.java:467)
        at org.apache.hadoop.ipc.CallQueueManager.take(CallQueueManager.java:317)
        at org.apache.hadoop.ipc.Server$Handler.run(Server.java:2932)
"ContainerOp-5743b342-640f-4931-9abd-9c7b42edd3a2-6"  prio=5 tid=1834 in Object.wait()
java.lang.Thread.State: WAITING (on object monitor)
        at sun.misc.Unsafe.park(Native Method)
        at java.util.concurrent.locks.LockSupport.park(LockSupport.java:175)
        at java.util.concurrent.locks.AbstractQueuedSynchronizer$ConditionObject.await(AbstractQueuedSynchronizer.java:2039)
        at java.util.concurrent.LinkedBlockingQueue.take(LinkedBlockingQueue.java:442)
        at java.util.concurrent.ThreadPoolExecutor.getTask(ThreadPoolExecutor.java:1074)
        at java.util.concurrent.ThreadPoolExecutor.runWorker(ThreadPoolExecutor.java:1134)
        at java.util.concurrent.ThreadPoolExecutor$Worker.run(ThreadPoolExecutor.java:624)
        at java.lang.Thread.run(Thread.java:750)
"qtp281085525-1561" daemon prio=5 tid=1561 timed_waiting
java.lang.Thread.State: TIMED_WAITING
        at sun.misc.Unsafe.park(Native Method)
        at java.util.concurrent.locks.LockSupport.parkNanos(LockSupport.java:215)
        at java.util.concurrent.locks.AbstractQueuedSynchronizer$ConditionObject.awaitNanos(AbstractQueuedSynchronizer.java:2078)
        at org.eclipse.jetty.util.BlockingArrayQueue.poll(BlockingArrayQueue.java:382)
        at org.eclipse.jetty.util.thread.QueuedThreadPool$Runner.idleJobPoll(QueuedThreadPool.java:974)
        at org.eclipse.jetty.util.thread.QueuedThreadPool$Runner.run(QueuedThreadPool.java:1018)
        at java.lang.Thread.run(Thread.java:750)
"qtp529864426-1534" daemon prio=5 tid=1534 timed_waiting
java.lang.Thread.State: TIMED_WAITING
        at sun.misc.Unsafe.park(Native Method)
        at java.util.concurrent.locks.LockSupport.parkNanos(LockSupport.java:215)
        at java.util.concurrent.locks.AbstractQueuedSynchronizer$ConditionObject.awaitNanos(AbstractQueuedSynchronizer.java:2078)
        at org.eclipse.jetty.util.BlockingArrayQueue.poll(BlockingArrayQueue.java:382)
        at org.eclipse.jetty.util.thread.QueuedThreadPool$Runner.idleJobPoll(QueuedThreadPool.java:974)
        at org.eclipse.jetty.util.thread.QueuedThreadPool$Runner.run(QueuedThreadPool.java:1018)
        at java.lang.Thread.run(Thread.java:750)
"IPC Server idle connection scanner for port 40713" daemon prio=5 tid=1361 timed_waiting
java.lang.Thread.State: TIMED_WAITING
        at java.lang.Object.wait(Native Method)
        at java.util.TimerThread.mainLoop(Timer.java:552)
        at java.util.TimerThread.run(Timer.java:505)
"66188e3b-2de6-4632-9636-fbf530af5e5e@group-4B049B5241B0-LeaderStateImpl" daemon prio=5 tid=1764 timed_waiting
java.lang.Thread.State: TIMED_WAITING
        at sun.misc.Unsafe.park(Native Method)
        at java.util.concurrent.locks.LockSupport.parkNanos(LockSupport.java:215)
        at java.util.concurrent.locks.AbstractQueuedSynchronizer$ConditionObject.awaitNanos(AbstractQueuedSynchronizer.java:2078)
        at java.util.concurrent.ArrayBlockingQueue.poll(ArrayBlockingQueue.java:418)
        at org.apache.ratis.server.impl.LeaderStateImpl$EventQueue.poll(LeaderStateImpl.java:159)
        at org.apache.ratis.server.impl.LeaderStateImpl$EventProcessor.run(LeaderStateImpl.java:630)
"66188e3b-2de6-4632-9636-fbf530af5e5e@group-4B049B5241B0-SegmentedRaftLogWorker"  prio=5 tid=1719 timed_waiting
java.lang.Thread.State: TIMED_WAITING
        at sun.misc.Unsafe.park(Native Method)
        at java.util.concurrent.locks.LockSupport.parkNanos(LockSupport.java:215)
        at java.util.concurrent.locks.AbstractQueuedSynchronizer$ConditionObject.awaitNanos(AbstractQueuedSynchronizer.java:2078)
        at org.apache.ratis.util.DataBlockingQueue.poll(DataBlockingQueue.java:148)
        at org.apache.ratis.server.raftlog.segmented.SegmentedRaftLogWorker.run(SegmentedRaftLogWorker.java:301)
        at org.apache.ratis.server.raftlog.segmented.SegmentedRaftLogWorker$$Lambda$555/128040087.run(Unknown Source)
        at java.lang.Thread.run(Thread.java:750)
"pool-583-thread-1" daemon prio=5 tid=1549 timed_waiting
java.lang.Thread.State: TIMED_WAITING
        at sun.misc.Unsafe.park(Native Method)
        at java.util.concurrent.locks.LockSupport.parkNanos(LockSupport.java:215)
        at java.util.concurrent.locks.AbstractQueuedSynchronizer$ConditionObject.awaitNanos(AbstractQueuedSynchronizer.java:2078)
        at java.util.concurrent.ScheduledThreadPoolExecutor$DelayedWorkQueue.take(ScheduledThreadPoolExecutor.java:1093)
        at java.util.concurrent.ScheduledThreadPoolExecutor$DelayedWorkQueue.take(ScheduledThreadPoolExecutor.java:809)
        at java.util.concurrent.ThreadPoolExecutor.getTask(ThreadPoolExecutor.java:1074)
        at java.util.concurrent.ThreadPoolExecutor.runWorker(ThreadPoolExecutor.java:1134)
        at java.util.concurrent.ThreadPoolExecutor$Worker.run(ThreadPoolExecutor.java:624)
        at java.lang.Thread.run(Thread.java:750)
"PartialTableCache Cleanup Thread - 0" daemon prio=5 tid=1149 in Object.wait()
java.lang.Thread.State: WAITING (on object monitor)
        at sun.misc.Unsafe.park(Native Method)
        at java.util.concurrent.locks.LockSupport.park(LockSupport.java:175)
        at java.util.concurrent.locks.AbstractQueuedSynchronizer$ConditionObject.await(AbstractQueuedSynchronizer.java:2039)
        at java.util.concurrent.LinkedBlockingQueue.take(LinkedBlockingQueue.java:442)
        at java.util.concurrent.ThreadPoolExecutor.getTask(ThreadPoolExecutor.java:1074)
        at java.util.concurrent.ThreadPoolExecutor.runWorker(ThreadPoolExecutor.java:1134)
        at java.util.concurrent.ThreadPoolExecutor$Worker.run(ThreadPoolExecutor.java:624)
        at java.lang.Thread.run(Thread.java:750)
"87fb9657-1567-464e-bbce-51798844cbf7@group-B48B88EBAB1D-StateMachineUpdater" daemon prio=5 tid=1727 timed_waiting
java.lang.Thread.State: TIMED_WAITING
        at sun.misc.Unsafe.park(Native Method)
        at java.util.concurrent.locks.LockSupport.parkNanos(LockSupport.java:215)
        at java.util.concurrent.CompletableFuture$Signaller.block(CompletableFuture.java:1709)
        at java.util.concurrent.ForkJoinPool.managedBlock(ForkJoinPool.java:3323)
        at java.util.concurrent.CompletableFuture.timedGet(CompletableFuture.java:1788)
        at java.util.concurrent.CompletableFuture.get(CompletableFuture.java:1928)
        at org.apache.ratis.util.AwaitForSignal.await(AwaitForSignal.java:56)
        at org.apache.ratis.server.impl.StateMachineUpdater.waitForCommit(StateMachineUpdater.java:207)
        at org.apache.ratis.server.impl.StateMachineUpdater.run(StateMachineUpdater.java:176)
        at java.lang.Thread.run(Thread.java:750)
"b721671c-f2e0-4f32-a472-e04e394ae124@group-8D797CAEE693-FollowerState" daemon prio=5 tid=1903 timed_waiting
java.lang.Thread.State: TIMED_WAITING
        at java.lang.Thread.sleep(Native Method)
        at java.lang.Thread.sleep(Thread.java:342)
        at java.util.concurrent.TimeUnit.sleep(TimeUnit.java:386)
        at org.apache.ratis.util.TimeDuration.sleep(TimeDuration.java:325)
        at org.apache.ratis.util.TimeDuration.sleep(TimeDuration.java:310)
        at org.apache.ratis.server.impl.FollowerState.run(FollowerState.java:128)
"qtp192389035-1434" daemon prio=5 tid=1434 timed_waiting
java.lang.Thread.State: TIMED_WAITING
        at sun.misc.Unsafe.park(Native Method)
        at java.util.concurrent.locks.LockSupport.parkNanos(LockSupport.java:215)
        at java.util.concurrent.locks.AbstractQueuedSynchronizer$ConditionObject.awaitNanos(AbstractQueuedSynchronizer.java:2078)
        at org.eclipse.jetty.util.BlockingArrayQueue.poll(BlockingArrayQueue.java:382)
        at org.eclipse.jetty.util.thread.QueuedThreadPool$Runner.idleJobPoll(QueuedThreadPool.java:974)
        at org.eclipse.jetty.util.thread.QueuedThreadPool$Runner.run(QueuedThreadPool.java:1018)
        at java.lang.Thread.run(Thread.java:750)
"4178a181-7a8b-49ec-906e-515996c40b3d@group-8D797CAEE693-SegmentedRaftLogWorker"  prio=5 tid=1698 timed_waiting
java.lang.Thread.State: TIMED_WAITING
        at sun.misc.Unsafe.park(Native Method)
        at java.util.concurrent.locks.LockSupport.parkNanos(LockSupport.java:215)
        at java.util.concurrent.locks.AbstractQueuedSynchronizer$ConditionObject.awaitNanos(AbstractQueuedSynchronizer.java:2078)
        at org.apache.ratis.util.DataBlockingQueue.poll(DataBlockingQueue.java:148)
        at org.apache.ratis.server.raftlog.segmented.SegmentedRaftLogWorker.run(SegmentedRaftLogWorker.java:301)
        at org.apache.ratis.server.raftlog.segmented.SegmentedRaftLogWorker$$Lambda$555/128040087.run(Unknown Source)
        at java.lang.Thread.run(Thread.java:750)
"IPC Server handler 14 on default port 33165" daemon prio=5 tid=1484 timed_waiting
java.lang.Thread.State: TIMED_WAITING
        at sun.misc.Unsafe.park(Native Method)
        at java.util.concurrent.locks.LockSupport.parkNanos(LockSupport.java:215)
        at java.util.concurrent.locks.AbstractQueuedSynchronizer$ConditionObject.awaitNanos(AbstractQueuedSynchronizer.java:2078)
        at java.util.concurrent.LinkedBlockingQueue.poll(LinkedBlockingQueue.java:467)
        at org.apache.hadoop.ipc.CallQueueManager.take(CallQueueManager.java:317)
        at org.apache.hadoop.ipc.Server$Handler.run(Server.java:2932)
"IPC Server handler 18 on default port 35985" daemon prio=5 tid=1404 timed_waiting
java.lang.Thread.State: TIMED_WAITING
        at sun.misc.Unsafe.park(Native Method)
        at java.util.concurrent.locks.LockSupport.parkNanos(LockSupport.java:215)
        at java.util.concurrent.locks.AbstractQueuedSynchronizer$ConditionObject.awaitNanos(AbstractQueuedSynchronizer.java:2078)
        at java.util.concurrent.LinkedBlockingQueue.poll(LinkedBlockingQueue.java:467)
        at org.apache.hadoop.ipc.CallQueueManager.take(CallQueueManager.java:317)
        at org.apache.hadoop.ipc.Server$Handler.run(Server.java:2932)
"IPC Server handler 8 on default port 33165" daemon prio=5 tid=1478 timed_waiting
java.lang.Thread.State: TIMED_WAITING
        at sun.misc.Unsafe.park(Native Method)
        at java.util.concurrent.locks.LockSupport.parkNanos(LockSupport.java:215)
        at java.util.concurrent.locks.AbstractQueuedSynchronizer$ConditionObject.awaitNanos(AbstractQueuedSynchronizer.java:2078)
        at java.util.concurrent.LinkedBlockingQueue.poll(LinkedBlockingQueue.java:467)
        at org.apache.hadoop.ipc.CallQueueManager.take(CallQueueManager.java:317)
        at org.apache.hadoop.ipc.Server$Handler.run(Server.java:2932)
"IPC Server handler 16 on default port 35985" daemon prio=5 tid=1402 timed_waiting
java.lang.Thread.State: TIMED_WAITING
        at sun.misc.Unsafe.park(Native Method)
        at java.util.concurrent.locks.LockSupport.parkNanos(LockSupport.java:215)
        at java.util.concurrent.locks.AbstractQueuedSynchronizer$ConditionObject.awaitNanos(AbstractQueuedSynchronizer.java:2078)
        at java.util.concurrent.LinkedBlockingQueue.poll(LinkedBlockingQueue.java:467)
        at org.apache.hadoop.ipc.CallQueueManager.take(CallQueueManager.java:317)
        at org.apache.hadoop.ipc.Server$Handler.run(Server.java:2932)
"IPC Server idle connection scanner for port 41993" daemon prio=5 tid=1353 timed_waiting
java.lang.Thread.State: TIMED_WAITING
        at java.lang.Object.wait(Native Method)
        at java.util.TimerThread.mainLoop(Timer.java:552)
        at java.util.TimerThread.run(Timer.java:505)
"Datanode ReportManager Thread - 0" daemon prio=5 tid=983 timed_waiting
java.lang.Thread.State: TIMED_WAITING
        at sun.misc.Unsafe.park(Native Method)
        at java.util.concurrent.locks.LockSupport.parkNanos(LockSupport.java:215)
        at java.util.concurrent.locks.AbstractQueuedSynchronizer$ConditionObject.awaitNanos(AbstractQueuedSynchronizer.java:2078)
        at java.util.concurrent.ScheduledThreadPoolExecutor$DelayedWorkQueue.take(ScheduledThreadPoolExecutor.java:1093)
        at java.util.concurrent.ScheduledThreadPoolExecutor$DelayedWorkQueue.take(ScheduledThreadPoolExecutor.java:809)
        at java.util.concurrent.ThreadPoolExecutor.getTask(ThreadPoolExecutor.java:1074)
        at java.util.concurrent.ThreadPoolExecutor.runWorker(ThreadPoolExecutor.java:1134)
        at java.util.concurrent.ThreadPoolExecutor$Worker.run(ThreadPoolExecutor.java:624)
        at java.lang.Thread.run(Thread.java:750)
"Datanode ReportManager Thread - 2" daemon prio=5 tid=213 in Object.wait()
java.lang.Thread.State: WAITING (on object monitor)
        at sun.misc.Unsafe.park(Native Method)
        at java.util.concurrent.locks.LockSupport.park(LockSupport.java:175)
        at java.util.concurrent.locks.AbstractQueuedSynchronizer$ConditionObject.await(AbstractQueuedSynchronizer.java:2039)
        at java.util.concurrent.ScheduledThreadPoolExecutor$DelayedWorkQueue.take(ScheduledThreadPoolExecutor.java:1088)
        at java.util.concurrent.ScheduledThreadPoolExecutor$DelayedWorkQueue.take(ScheduledThreadPoolExecutor.java:809)
        at java.util.concurrent.ThreadPoolExecutor.getTask(ThreadPoolExecutor.java:1074)
        at java.util.concurrent.ThreadPoolExecutor.runWorker(ThreadPoolExecutor.java:1134)
        at java.util.concurrent.ThreadPoolExecutor$Worker.run(ThreadPoolExecutor.java:624)
        at java.lang.Thread.run(Thread.java:750)
"Datanode ReportManager Thread - 1" daemon prio=5 tid=984 in Object.wait()
java.lang.Thread.State: WAITING (on object monitor)
        at sun.misc.Unsafe.park(Native Method)
        at java.util.concurrent.locks.LockSupport.park(LockSupport.java:175)
        at java.util.concurrent.locks.AbstractQueuedSynchronizer$ConditionObject.await(AbstractQueuedSynchronizer.java:2039)
        at java.util.concurrent.ScheduledThreadPoolExecutor$DelayedWorkQueue.take(ScheduledThreadPoolExecutor.java:1088)
        at java.util.concurrent.ScheduledThreadPoolExecutor$DelayedWorkQueue.take(ScheduledThreadPoolExecutor.java:809)
        at java.util.concurrent.ThreadPoolExecutor.getTask(ThreadPoolExecutor.java:1074)
        at java.util.concurrent.ThreadPoolExecutor.runWorker(ThreadPoolExecutor.java:1134)
        at java.util.concurrent.ThreadPoolExecutor$Worker.run(ThreadPoolExecutor.java:624)
        at java.lang.Thread.run(Thread.java:750)
"Datanode ReportManager Thread - 1" daemon prio=5 tid=185 timed_waiting
java.lang.Thread.State: TIMED_WAITING
        at sun.misc.Unsafe.park(Native Method)
        at java.util.concurrent.locks.LockSupport.parkNanos(LockSupport.java:215)
        at java.util.concurrent.locks.AbstractQueuedSynchronizer$ConditionObject.awaitNanos(AbstractQueuedSynchronizer.java:2078)
        at java.util.concurrent.ScheduledThreadPoolExecutor$DelayedWorkQueue.take(ScheduledThreadPoolExecutor.java:1093)
        at java.util.concurrent.ScheduledThreadPoolExecutor$DelayedWorkQueue.take(ScheduledThreadPoolExecutor.java:809)
        at java.util.concurrent.ThreadPoolExecutor.getTask(ThreadPoolExecutor.java:1074)
        at java.util.concurrent.ThreadPoolExecutor.runWorker(ThreadPoolExecutor.java:1134)
        at java.util.concurrent.ThreadPoolExecutor$Worker.run(ThreadPoolExecutor.java:624)
        at java.lang.Thread.run(Thread.java:750)
"qtp1370197039-1623" daemon prio=5 tid=1623 timed_waiting
java.lang.Thread.State: TIMED_WAITING
        at sun.misc.Unsafe.park(Native Method)
        at java.util.concurrent.locks.LockSupport.parkNanos(LockSupport.java:215)
        at java.util.concurrent.locks.AbstractQueuedSynchronizer$ConditionObject.awaitNanos(AbstractQueuedSynchronizer.java:2078)
        at org.eclipse.jetty.util.BlockingArrayQueue.poll(BlockingArrayQueue.java:382)
        at org.eclipse.jetty.util.thread.QueuedThreadPool$Runner.idleJobPoll(QueuedThreadPool.java:974)
        at org.eclipse.jetty.util.thread.QueuedThreadPool$Runner.run(QueuedThreadPool.java:1018)
        at java.lang.Thread.run(Thread.java:750)
"4178a181-7a8b-49ec-906e-515996c40b3d@group-9C7B42EDD3A2-SegmentedRaftLogWorker"  prio=5 tid=1715 timed_waiting
java.lang.Thread.State: TIMED_WAITING
        at sun.misc.Unsafe.park(Native Method)
        at java.util.concurrent.locks.LockSupport.parkNanos(LockSupport.java:215)
        at java.util.concurrent.locks.AbstractQueuedSynchronizer$ConditionObject.awaitNanos(AbstractQueuedSynchronizer.java:2078)
        at org.apache.ratis.util.DataBlockingQueue.poll(DataBlockingQueue.java:148)
        at org.apache.ratis.server.raftlog.segmented.SegmentedRaftLogWorker.run(SegmentedRaftLogWorker.java:301)
        at org.apache.ratis.server.raftlog.segmented.SegmentedRaftLogWorker$$Lambda$555/128040087.run(Unknown Source)
        at java.lang.Thread.run(Thread.java:750)
"66188e3b-2de6-4632-9636-fbf530af5e5e@group-8D797CAEE693-StateMachineUpdater" daemon prio=5 tid=1704 timed_waiting
java.lang.Thread.State: TIMED_WAITING
        at sun.misc.Unsafe.park(Native Method)
        at java.util.concurrent.locks.LockSupport.parkNanos(LockSupport.java:215)
        at java.util.concurrent.CompletableFuture$Signaller.block(CompletableFuture.java:1709)
        at java.util.concurrent.ForkJoinPool.managedBlock(ForkJoinPool.java:3323)
        at java.util.concurrent.CompletableFuture.timedGet(CompletableFuture.java:1788)
        at java.util.concurrent.CompletableFuture.get(CompletableFuture.java:1928)
        at org.apache.ratis.util.AwaitForSignal.await(AwaitForSignal.java:56)
        at org.apache.ratis.server.impl.StateMachineUpdater.waitForCommit(StateMachineUpdater.java:207)
        at org.apache.ratis.server.impl.StateMachineUpdater.run(StateMachineUpdater.java:176)
        at java.lang.Thread.run(Thread.java:750)
"BlockDeletingService#0" daemon prio=5 tid=1634 timed_waiting
java.lang.Thread.State: TIMED_WAITING
        at sun.misc.Unsafe.park(Native Method)
        at java.util.concurrent.locks.LockSupport.parkNanos(LockSupport.java:215)
        at java.util.concurrent.locks.AbstractQueuedSynchronizer$ConditionObject.awaitNanos(AbstractQueuedSynchronizer.java:2078)
        at java.util.concurrent.ScheduledThreadPoolExecutor$DelayedWorkQueue.take(ScheduledThreadPoolExecutor.java:1093)
        at java.util.concurrent.ScheduledThreadPoolExecutor$DelayedWorkQueue.take(ScheduledThreadPoolExecutor.java:809)
        at java.util.concurrent.ThreadPoolExecutor.getTask(ThreadPoolExecutor.java:1074)
        at java.util.concurrent.ThreadPoolExecutor.runWorker(ThreadPoolExecutor.java:1134)
        at java.util.concurrent.ThreadPoolExecutor$Worker.run(ThreadPoolExecutor.java:624)
        at java.lang.Thread.run(Thread.java:750)
"IPC Server Responder" daemon prio=5 tid=1354 runnable
java.lang.Thread.State: RUNNABLE
        at sun.nio.ch.EPollArrayWrapper.epollWait(Native Method)
        at sun.nio.ch.EPollArrayWrapper.poll(EPollArrayWrapper.java:269)
        at sun.nio.ch.EPollSelectorImpl.doSelect(EPollSelectorImpl.java:93)
        at sun.nio.ch.SelectorImpl.lockAndDoSelect(SelectorImpl.java:86)
        at sun.nio.ch.SelectorImpl.select(SelectorImpl.java:97)
        at org.apache.hadoop.ipc.Server$Responder.doRunLoop(Server.java:1527)
        at org.apache.hadoop.ipc.Server$Responder.run(Server.java:1510)
"FixedThreadPoolWithAffinityExecutor-8-0" daemon prio=5 tid=1714 in Object.wait()
java.lang.Thread.State: WAITING (on object monitor)
        at sun.misc.Unsafe.park(Native Method)
        at java.util.concurrent.locks.LockSupport.park(LockSupport.java:175)
        at java.util.concurrent.locks.AbstractQueuedSynchronizer$ConditionObject.await(AbstractQueuedSynchronizer.java:2039)
        at java.util.concurrent.LinkedBlockingDeque.takeFirst(LinkedBlockingDeque.java:492)
        at java.util.concurrent.LinkedBlockingDeque.take(LinkedBlockingDeque.java:680)
        at java.util.concurrent.ThreadPoolExecutor.getTask(ThreadPoolExecutor.java:1074)
        at java.util.concurrent.ThreadPoolExecutor.runWorker(ThreadPoolExecutor.java:1134)
        at java.util.concurrent.ThreadPoolExecutor$Worker.run(ThreadPoolExecutor.java:624)
        at java.lang.Thread.run(Thread.java:750)
"pool-599-thread-1"  prio=5 tid=1553 timed_waiting
java.lang.Thread.State: TIMED_WAITING
        at sun.misc.Unsafe.park(Native Method)
        at java.util.concurrent.locks.LockSupport.parkNanos(LockSupport.java:215)
        at java.util.concurrent.locks.AbstractQueuedSynchronizer$ConditionObject.awaitNanos(AbstractQueuedSynchronizer.java:2078)
        at java.util.concurrent.ScheduledThreadPoolExecutor$DelayedWorkQueue.take(ScheduledThreadPoolExecutor.java:1093)
        at java.util.concurrent.ScheduledThreadPoolExecutor$DelayedWorkQueue.take(ScheduledThreadPoolExecutor.java:809)
        at java.util.concurrent.ThreadPoolExecutor.getTask(ThreadPoolExecutor.java:1074)
        at java.util.concurrent.ThreadPoolExecutor.runWorker(ThreadPoolExecutor.java:1134)
        at java.util.concurrent.ThreadPoolExecutor$Worker.run(ThreadPoolExecutor.java:624)
        at java.lang.Thread.run(Thread.java:750)
"IPC Server handler 12 on default port 40713" daemon prio=5 tid=1378 timed_waiting
java.lang.Thread.State: TIMED_WAITING
        at sun.misc.Unsafe.park(Native Method)
        at java.util.concurrent.locks.LockSupport.parkNanos(LockSupport.java:215)
        at java.util.concurrent.locks.AbstractQueuedSynchronizer$ConditionObject.awaitNanos(AbstractQueuedSynchronizer.java:2078)
        at java.util.concurrent.LinkedBlockingQueue.poll(LinkedBlockingQueue.java:467)
        at org.apache.hadoop.ipc.CallQueueManager.take(CallQueueManager.java:317)
        at org.apache.hadoop.ipc.Server$Handler.run(Server.java:2932)
"Trash Emptier" daemon prio=5 tid=1490 timed_waiting
java.lang.Thread.State: TIMED_WAITING
        at java.lang.Thread.sleep(Native Method)
        at org.apache.hadoop.ozone.om.TrashPolicyOzone$Emptier.run(TrashPolicyOzone.java:199)
        at java.lang.Thread.run(Thread.java:750)


	at org.apache.ozone.test.GenericTestUtils.waitFor(GenericTestUtils.java:226)
	at org.apache.hadoop.fs.ozone.TestOzoneFileSystem.testTrash(TestOzoneFileSystem.java:1350)
	at sun.reflect.NativeMethodAccessorImpl.invoke0(Native Method)
	at sun.reflect.NativeMethodAccessorImpl.invoke(NativeMethodAccessorImpl.java:62)
	at sun.reflect.DelegatingMethodAccessorImpl.invoke(DelegatingMethodAccessorImpl.java:43)
	at java.lang.reflect.Method.invoke(Method.java:498)
	at org.junit.runners.model.FrameworkMethod$1.runReflectiveCall(FrameworkMethod.java:59)
	at org.junit.internal.runners.model.ReflectiveCallable.run(ReflectiveCallable.java:12)
	at org.junit.runners.model.FrameworkMethod.invokeExplosively(FrameworkMethod.java:56)
	at org.junit.internal.runners.statements.InvokeMethod.evaluate(InvokeMethod.java:17)
	at org.junit.internal.runners.statements.RunAfters.evaluate(RunAfters.java:27)
	at org.junit.internal.runners.statements.FailOnTimeout$CallableStatement.call(FailOnTimeout.java:288)
	at org.junit.internal.runners.statements.FailOnTimeout$CallableStatement.call(FailOnTimeout.java:282)
	at java.util.concurrent.FutureTask.run(FutureTask.java:266)
	at java.lang.Thread.run(Thread.java:750)
]]></error>
    <system-out><![CDATA[23:47:32.998 [IPC Server handler 0 on default port 33165] ERROR OMAudit - user=runner | ip=127.0.0.1 | op=GET_FILE_STATUS {volume=volume99794, bucket=bucket10019, key=.Trash/runner/Current/testKey2, dataSize=0, replicationConfig=null} | ret=FAILURE
org.apache.hadoop.ozone.om.exceptions.OMException: Unable to get file status: volume: volume99794 bucket: bucket10019 key: .Trash/runner/Current/testKey2
	at org.apache.hadoop.ozone.om.KeyManagerImpl.getOzoneFileStatus(KeyManagerImpl.java:1311) ~[ozone-manager-1.3.0-SNAPSHOT.jar:?]
	at org.apache.hadoop.ozone.om.KeyManagerImpl.getFileStatus(KeyManagerImpl.java:1241) ~[ozone-manager-1.3.0-SNAPSHOT.jar:?]
	at org.apache.hadoop.ozone.om.OzoneManager.getFileStatus(OzoneManager.java:3419) ~[ozone-manager-1.3.0-SNAPSHOT.jar:?]
	at org.apache.hadoop.ozone.protocolPB.OzoneManagerRequestHandler.getOzoneFileStatus(OzoneManagerRequestHandler.java:871) ~[ozone-manager-1.3.0-SNAPSHOT.jar:?]
	at org.apache.hadoop.ozone.protocolPB.OzoneManagerRequestHandler.handleReadRequest(OzoneManagerRequestHandler.java:217) ~[ozone-manager-1.3.0-SNAPSHOT.jar:?]
	at org.apache.hadoop.ozone.protocolPB.OzoneManagerProtocolServerSideTranslatorPB.submitReadRequestToOM(OzoneManagerProtocolServerSideTranslatorPB.java:226) ~[ozone-manager-1.3.0-SNAPSHOT.jar:?]
	at org.apache.hadoop.ozone.protocolPB.OzoneManagerProtocolServerSideTranslatorPB.processRequest(OzoneManagerProtocolServerSideTranslatorPB.java:175) ~[ozone-manager-1.3.0-SNAPSHOT.jar:?]
	at org.apache.hadoop.hdds.server.OzoneProtocolMessageDispatcher.processRequest(OzoneProtocolMessageDispatcher.java:87) [hdds-server-framework-1.3.0-SNAPSHOT.jar:?]
	at org.apache.hadoop.ozone.protocolPB.OzoneManagerProtocolServerSideTranslatorPB.submitRequest(OzoneManagerProtocolServerSideTranslatorPB.java:147) [ozone-manager-1.3.0-SNAPSHOT.jar:?]
	at org.apache.hadoop.ozone.protocol.proto.OzoneManagerProtocolProtos$OzoneManagerService$2.callBlockingMethod(OzoneManagerProtocolProtos.java) [ozone-interface-client-1.3.0-SNAPSHOT.jar:?]
	at org.apache.hadoop.ipc.ProtobufRpcEngine$Server.processCall(ProtobufRpcEngine.java:466) [hadoop-common-3.3.1.jar:?]
	at org.apache.hadoop.ipc.ProtobufRpcEngine2$Server$ProtoBufRpcInvoker.call(ProtobufRpcEngine2.java:574) [hadoop-common-3.3.1.jar:?]
	at org.apache.hadoop.ipc.ProtobufRpcEngine2$Server$ProtoBufRpcInvoker.call(ProtobufRpcEngine2.java:552) [hadoop-common-3.3.1.jar:?]
	at org.apache.hadoop.ipc.RPC$Server.call(RPC.java:1093) [hadoop-common-3.3.1.jar:?]
	at org.apache.hadoop.ipc.Server$RpcCall.run(Server.java:1035) [hadoop-common-3.3.1.jar:?]
	at org.apache.hadoop.ipc.Server$RpcCall.run(Server.java:963) [hadoop-common-3.3.1.jar:?]
	at java.security.AccessController.doPrivileged(Native Method) ~[?:1.8.0_332]
	at javax.security.auth.Subject.doAs(Subject.java:422) [?:1.8.0_332]
	at org.apache.hadoop.security.UserGroupInformation.doAs(UserGroupInformation.java:1878) [hadoop-common-3.3.1.jar:?]
	at org.apache.hadoop.ipc.Server$Handler.run(Server.java:2966) [hadoop-common-3.3.1.jar:?]
23:47:33.011 [IPC Server handler 4 on default port 33165] ERROR OMAudit - user=runner | ip=127.0.0.1 | op=GET_FILE_STATUS {volume=volume99794, bucket=bucket10019, key=.Trash/runner/Current/testKey2, dataSize=0, replicationConfig=null} | ret=FAILURE
org.apache.hadoop.ozone.om.exceptions.OMException: Unable to get file status: volume: volume99794 bucket: bucket10019 key: .Trash/runner/Current/testKey2
	at org.apache.hadoop.ozone.om.KeyManagerImpl.getOzoneFileStatus(KeyManagerImpl.java:1311) ~[ozone-manager-1.3.0-SNAPSHOT.jar:?]
	at org.apache.hadoop.ozone.om.KeyManagerImpl.getFileStatus(KeyManagerImpl.java:1241) ~[ozone-manager-1.3.0-SNAPSHOT.jar:?]
	at org.apache.hadoop.ozone.om.OzoneManager.getFileStatus(OzoneManager.java:3419) ~[ozone-manager-1.3.0-SNAPSHOT.jar:?]
	at org.apache.hadoop.ozone.protocolPB.OzoneManagerRequestHandler.getOzoneFileStatus(OzoneManagerRequestHandler.java:871) ~[ozone-manager-1.3.0-SNAPSHOT.jar:?]
	at org.apache.hadoop.ozone.protocolPB.OzoneManagerRequestHandler.handleReadRequest(OzoneManagerRequestHandler.java:217) ~[ozone-manager-1.3.0-SNAPSHOT.jar:?]
	at org.apache.hadoop.ozone.protocolPB.OzoneManagerProtocolServerSideTranslatorPB.submitReadRequestToOM(OzoneManagerProtocolServerSideTranslatorPB.java:226) ~[ozone-manager-1.3.0-SNAPSHOT.jar:?]
	at org.apache.hadoop.ozone.protocolPB.OzoneManagerProtocolServerSideTranslatorPB.processRequest(OzoneManagerProtocolServerSideTranslatorPB.java:175) ~[ozone-manager-1.3.0-SNAPSHOT.jar:?]
	at org.apache.hadoop.hdds.server.OzoneProtocolMessageDispatcher.processRequest(OzoneProtocolMessageDispatcher.java:87) [hdds-server-framework-1.3.0-SNAPSHOT.jar:?]
	at org.apache.hadoop.ozone.protocolPB.OzoneManagerProtocolServerSideTranslatorPB.submitRequest(OzoneManagerProtocolServerSideTranslatorPB.java:147) [ozone-manager-1.3.0-SNAPSHOT.jar:?]
	at org.apache.hadoop.ozone.protocol.proto.OzoneManagerProtocolProtos$OzoneManagerService$2.callBlockingMethod(OzoneManagerProtocolProtos.java) [ozone-interface-client-1.3.0-SNAPSHOT.jar:?]
	at org.apache.hadoop.ipc.ProtobufRpcEngine$Server.processCall(ProtobufRpcEngine.java:466) [hadoop-common-3.3.1.jar:?]
	at org.apache.hadoop.ipc.ProtobufRpcEngine2$Server$ProtoBufRpcInvoker.call(ProtobufRpcEngine2.java:574) [hadoop-common-3.3.1.jar:?]
	at org.apache.hadoop.ipc.ProtobufRpcEngine2$Server$ProtoBufRpcInvoker.call(ProtobufRpcEngine2.java:552) [hadoop-common-3.3.1.jar:?]
	at org.apache.hadoop.ipc.RPC$Server.call(RPC.java:1093) [hadoop-common-3.3.1.jar:?]
	at org.apache.hadoop.ipc.Server$RpcCall.run(Server.java:1035) [hadoop-common-3.3.1.jar:?]
	at org.apache.hadoop.ipc.Server$RpcCall.run(Server.java:963) [hadoop-common-3.3.1.jar:?]
	at java.security.AccessController.doPrivileged(Native Method) ~[?:1.8.0_332]
	at javax.security.auth.Subject.doAs(Subject.java:422) [?:1.8.0_332]
	at org.apache.hadoop.security.UserGroupInformation.doAs(UserGroupInformation.java:1878) [hadoop-common-3.3.1.jar:?]
	at org.apache.hadoop.ipc.Server$Handler.run(Server.java:2966) [hadoop-common-3.3.1.jar:?]
2022-06-24 23:47:33,031 [Time-limited test] INFO  fs.TrashPolicyDefault (TrashPolicyDefault.java:moveToTrash(188)) - Moved: '/testKey2' to trash at: /.Trash/runner/Current/testKey2
2022-06-24 23:47:34,410 [66188e3b-2de6-4632-9636-fbf530af5e5e@group-8D797CAEE693-FollowerState] INFO  impl.FollowerState (FollowerState.java:run(143)) - 66188e3b-2de6-4632-9636-fbf530af5e5e@group-8D797CAEE693-FollowerState: change to CANDIDATE, lastRpcElapsedTime:5056980471ns, electionTimeout:5054ms
2022-06-24 23:47:34,410 [66188e3b-2de6-4632-9636-fbf530af5e5e@group-8D797CAEE693-FollowerState] INFO  impl.RoleInfo (RoleInfo.java:shutdownFollowerState(110)) - 66188e3b-2de6-4632-9636-fbf530af5e5e: shutdown 66188e3b-2de6-4632-9636-fbf530af5e5e@group-8D797CAEE693-FollowerState
2022-06-24 23:47:34,410 [66188e3b-2de6-4632-9636-fbf530af5e5e@group-8D797CAEE693-FollowerState] INFO  server.RaftServer$Division (RaftServerImpl.java:setRole(299)) - 66188e3b-2de6-4632-9636-fbf530af5e5e@group-8D797CAEE693: changes role from  FOLLOWER to CANDIDATE at term 1 for changeToCandidate
2022-06-24 23:47:34,410 [66188e3b-2de6-4632-9636-fbf530af5e5e@group-8D797CAEE693-FollowerState] INFO  server.RaftServerConfigKeys (ConfUtils.java:logGet(46)) - raft.server.leaderelection.pre-vote = false (custom)
2022-06-24 23:47:34,411 [66188e3b-2de6-4632-9636-fbf530af5e5e@group-8D797CAEE693-FollowerState] INFO  impl.RoleInfo (RoleInfo.java:updateAndGet(139)) - 66188e3b-2de6-4632-9636-fbf530af5e5e: start 66188e3b-2de6-4632-9636-fbf530af5e5e@group-8D797CAEE693-LeaderElection47
2022-06-24 23:47:34,421 [66188e3b-2de6-4632-9636-fbf530af5e5e@group-8D797CAEE693-LeaderElection47] INFO  impl.LeaderElection (LeaderElection.java:askForVotes(310)) - 66188e3b-2de6-4632-9636-fbf530af5e5e@group-8D797CAEE693-LeaderElection47 ELECTION round 0: submit vote requests at term 2 for -1: [b721671c-f2e0-4f32-a472-e04e394ae124|rpc:10.1.0.24:41813|dataStream:|priority:0, 66188e3b-2de6-4632-9636-fbf530af5e5e|rpc:10.1.0.24:44805|dataStream:|priority:0, 4178a181-7a8b-49ec-906e-515996c40b3d|rpc:10.1.0.24:37729|dataStream:|priority:1], old=null
2022-06-24 23:47:34,451 [b721671c-f2e0-4f32-a472-e04e394ae124@group-8D797CAEE693-FollowerState] INFO  impl.FollowerState (FollowerState.java:run(143)) - b721671c-f2e0-4f32-a472-e04e394ae124@group-8D797CAEE693-FollowerState: change to CANDIDATE, lastRpcElapsedTime:5167492485ns, electionTimeout:5141ms
2022-06-24 23:47:34,451 [b721671c-f2e0-4f32-a472-e04e394ae124@group-8D797CAEE693-FollowerState] INFO  impl.RoleInfo (RoleInfo.java:shutdownFollowerState(110)) - b721671c-f2e0-4f32-a472-e04e394ae124: shutdown b721671c-f2e0-4f32-a472-e04e394ae124@group-8D797CAEE693-FollowerState
2022-06-24 23:47:34,451 [b721671c-f2e0-4f32-a472-e04e394ae124@group-8D797CAEE693-FollowerState] INFO  server.RaftServer$Division (RaftServerImpl.java:setRole(299)) - b721671c-f2e0-4f32-a472-e04e394ae124@group-8D797CAEE693: changes role from  FOLLOWER to CANDIDATE at term 1 for changeToCandidate
2022-06-24 23:47:34,456 [b721671c-f2e0-4f32-a472-e04e394ae124@group-8D797CAEE693-FollowerState] INFO  server.RaftServerConfigKeys (ConfUtils.java:logGet(46)) - raft.server.leaderelection.pre-vote = false (custom)
2022-06-24 23:47:34,456 [b721671c-f2e0-4f32-a472-e04e394ae124@group-8D797CAEE693-FollowerState] INFO  impl.RoleInfo (RoleInfo.java:updateAndGet(139)) - b721671c-f2e0-4f32-a472-e04e394ae124: start b721671c-f2e0-4f32-a472-e04e394ae124@group-8D797CAEE693-LeaderElection48
2022-06-24 23:47:34,464 [4178a181-7a8b-49ec-906e-515996c40b3d@group-8D797CAEE693-FollowerState] INFO  impl.FollowerState (FollowerState.java:run(143)) - 4178a181-7a8b-49ec-906e-515996c40b3d@group-8D797CAEE693-FollowerState: change to CANDIDATE, lastRpcElapsedTime:5212742716ns, electionTimeout:5147ms
2022-06-24 23:47:34,464 [4178a181-7a8b-49ec-906e-515996c40b3d@group-8D797CAEE693-FollowerState] INFO  impl.RoleInfo (RoleInfo.java:shutdownFollowerState(110)) - 4178a181-7a8b-49ec-906e-515996c40b3d: shutdown 4178a181-7a8b-49ec-906e-515996c40b3d@group-8D797CAEE693-FollowerState
2022-06-24 23:47:34,464 [4178a181-7a8b-49ec-906e-515996c40b3d@group-8D797CAEE693-FollowerState] INFO  server.RaftServer$Division (RaftServerImpl.java:setRole(299)) - 4178a181-7a8b-49ec-906e-515996c40b3d@group-8D797CAEE693: changes role from  FOLLOWER to CANDIDATE at term 1 for changeToCandidate
2022-06-24 23:47:34,464 [4178a181-7a8b-49ec-906e-515996c40b3d@group-8D797CAEE693-FollowerState] INFO  server.RaftServerConfigKeys (ConfUtils.java:logGet(46)) - raft.server.leaderelection.pre-vote = false (custom)
2022-06-24 23:47:34,464 [4178a181-7a8b-49ec-906e-515996c40b3d@group-8D797CAEE693-FollowerState] INFO  impl.RoleInfo (RoleInfo.java:updateAndGet(139)) - 4178a181-7a8b-49ec-906e-515996c40b3d: start 4178a181-7a8b-49ec-906e-515996c40b3d@group-8D797CAEE693-LeaderElection49
2022-06-24 23:47:34,465 [grpc-default-executor-3] INFO  server.RaftServer$Division (RaftServerImpl.java:requestVote(1152)) - b721671c-f2e0-4f32-a472-e04e394ae124@group-8D797CAEE693: receive requestVote(ELECTION, 66188e3b-2de6-4632-9636-fbf530af5e5e, group-8D797CAEE693, 2, (t:0, i:0))
2022-06-24 23:47:34,465 [grpc-default-executor-3] INFO  impl.VoteContext (VoteContext.java:log(48)) - b721671c-f2e0-4f32-a472-e04e394ae124@group-8D797CAEE693-CANDIDATE: accept ELECTION from 66188e3b-2de6-4632-9636-fbf530af5e5e: our priority 0 <= candidate's priority 0
2022-06-24 23:47:34,465 [grpc-default-executor-3] INFO  server.RaftServer$Division (RaftServerImpl.java:setRole(299)) - b721671c-f2e0-4f32-a472-e04e394ae124@group-8D797CAEE693: changes role from CANDIDATE to FOLLOWER at term 2 for candidate:66188e3b-2de6-4632-9636-fbf530af5e5e
2022-06-24 23:47:34,465 [grpc-default-executor-3] INFO  impl.RoleInfo (RoleInfo.java:shutdownLeaderElection(130)) - b721671c-f2e0-4f32-a472-e04e394ae124: shutdown b721671c-f2e0-4f32-a472-e04e394ae124@group-8D797CAEE693-LeaderElection48
2022-06-24 23:47:34,465 [grpc-default-executor-0] INFO  server.RaftServer$Division (RaftServerImpl.java:requestVote(1152)) - 4178a181-7a8b-49ec-906e-515996c40b3d@group-8D797CAEE693: receive requestVote(ELECTION, 66188e3b-2de6-4632-9636-fbf530af5e5e, group-8D797CAEE693, 2, (t:0, i:0))
2022-06-24 23:47:34,467 [grpc-default-executor-0] INFO  impl.VoteContext (VoteContext.java:log(48)) - 4178a181-7a8b-49ec-906e-515996c40b3d@group-8D797CAEE693-CANDIDATE: reject ELECTION from 66188e3b-2de6-4632-9636-fbf530af5e5e: our priority 1 > candidate's priority 0
2022-06-24 23:47:34,467 [grpc-default-executor-0] INFO  server.RaftServer$Division (RaftServerImpl.java:setRole(299)) - 4178a181-7a8b-49ec-906e-515996c40b3d@group-8D797CAEE693: changes role from CANDIDATE to FOLLOWER at term 2 for candidate:66188e3b-2de6-4632-9636-fbf530af5e5e
2022-06-24 23:47:34,467 [grpc-default-executor-0] INFO  impl.RoleInfo (RoleInfo.java:shutdownLeaderElection(130)) - 4178a181-7a8b-49ec-906e-515996c40b3d: shutdown 4178a181-7a8b-49ec-906e-515996c40b3d@group-8D797CAEE693-LeaderElection49
2022-06-24 23:47:34,467 [grpc-default-executor-0] INFO  impl.RoleInfo (RoleInfo.java:updateAndGet(139)) - 4178a181-7a8b-49ec-906e-515996c40b3d: start 4178a181-7a8b-49ec-906e-515996c40b3d@group-8D797CAEE693-FollowerState
2022-06-24 23:47:34,475 [grpc-default-executor-0] INFO  server.RaftServer$Division (RaftServerImpl.java:requestVote(1184)) - 4178a181-7a8b-49ec-906e-515996c40b3d@group-8D797CAEE693 replies to ELECTION vote request: 66188e3b-2de6-4632-9636-fbf530af5e5e<-4178a181-7a8b-49ec-906e-515996c40b3d#0:FAIL-t2. Peer's state: 4178a181-7a8b-49ec-906e-515996c40b3d@group-8D797CAEE693:t2, leader=null, voted=null, raftlog=4178a181-7a8b-49ec-906e-515996c40b3d@group-8D797CAEE693-SegmentedRaftLog:OPENED:c-1, conf=-1: [b721671c-f2e0-4f32-a472-e04e394ae124|rpc:10.1.0.24:41813|dataStream:|priority:0, 66188e3b-2de6-4632-9636-fbf530af5e5e|rpc:10.1.0.24:44805|dataStream:|priority:0, 4178a181-7a8b-49ec-906e-515996c40b3d|rpc:10.1.0.24:37729|dataStream:|priority:1], old=null
2022-06-24 23:47:34,486 [grpc-default-executor-3] INFO  impl.RoleInfo (RoleInfo.java:updateAndGet(139)) - b721671c-f2e0-4f32-a472-e04e394ae124: start b721671c-f2e0-4f32-a472-e04e394ae124@group-8D797CAEE693-FollowerState
2022-06-24 23:47:34,492 [b721671c-f2e0-4f32-a472-e04e394ae124@group-8D797CAEE693-LeaderElection48] INFO  impl.LeaderElection (LeaderElection.java:run(231)) - b721671c-f2e0-4f32-a472-e04e394ae124@group-8D797CAEE693-LeaderElection48: skip running since this is already CLOSING
2022-06-24 23:47:34,492 [4178a181-7a8b-49ec-906e-515996c40b3d@group-8D797CAEE693-LeaderElection49] INFO  impl.LeaderElection (LeaderElection.java:run(231)) - 4178a181-7a8b-49ec-906e-515996c40b3d@group-8D797CAEE693-LeaderElection49: skip running since this is already CLOSING
2022-06-24 23:47:34,515 [grpc-default-executor-3] INFO  server.RaftServer$Division (RaftServerImpl.java:requestVote(1184)) - b721671c-f2e0-4f32-a472-e04e394ae124@group-8D797CAEE693 replies to ELECTION vote request: 66188e3b-2de6-4632-9636-fbf530af5e5e<-b721671c-f2e0-4f32-a472-e04e394ae124#0:OK-t2. Peer's state: b721671c-f2e0-4f32-a472-e04e394ae124@group-8D797CAEE693:t2, leader=null, voted=66188e3b-2de6-4632-9636-fbf530af5e5e, raftlog=b721671c-f2e0-4f32-a472-e04e394ae124@group-8D797CAEE693-SegmentedRaftLog:OPENED:c-1, conf=-1: [b721671c-f2e0-4f32-a472-e04e394ae124|rpc:10.1.0.24:41813|priority:0, 66188e3b-2de6-4632-9636-fbf530af5e5e|rpc:10.1.0.24:44805|priority:0, 4178a181-7a8b-49ec-906e-515996c40b3d|rpc:10.1.0.24:37729|priority:1], old=null
2022-06-24 23:47:34,517 [66188e3b-2de6-4632-9636-fbf530af5e5e@group-8D797CAEE693-LeaderElection47] INFO  impl.LeaderElection (LeaderElection.java:logAndReturn(90)) - 66188e3b-2de6-4632-9636-fbf530af5e5e@group-8D797CAEE693-LeaderElection47: ELECTION REJECTED received 1 response(s) and 0 exception(s):
2022-06-24 23:47:34,517 [66188e3b-2de6-4632-9636-fbf530af5e5e@group-8D797CAEE693-LeaderElection47] INFO  impl.LeaderElection (LeaderElection.java:logAndReturn(94)) -   Response 0: 66188e3b-2de6-4632-9636-fbf530af5e5e<-4178a181-7a8b-49ec-906e-515996c40b3d#0:FAIL-t2
2022-06-24 23:47:34,517 [66188e3b-2de6-4632-9636-fbf530af5e5e@group-8D797CAEE693-LeaderElection47] INFO  impl.LeaderElection (LeaderElection.java:askForVotes(312)) - 66188e3b-2de6-4632-9636-fbf530af5e5e@group-8D797CAEE693-LeaderElection47 ELECTION round 0: result REJECTED
2022-06-24 23:47:34,517 [66188e3b-2de6-4632-9636-fbf530af5e5e@group-8D797CAEE693-LeaderElection47] INFO  server.RaftServer$Division (RaftServerImpl.java:setRole(299)) - 66188e3b-2de6-4632-9636-fbf530af5e5e@group-8D797CAEE693: changes role from CANDIDATE to FOLLOWER at term 2 for REJECTED
2022-06-24 23:47:34,517 [66188e3b-2de6-4632-9636-fbf530af5e5e@group-8D797CAEE693-LeaderElection47] INFO  impl.RoleInfo (RoleInfo.java:shutdownLeaderElection(130)) - 66188e3b-2de6-4632-9636-fbf530af5e5e: shutdown 66188e3b-2de6-4632-9636-fbf530af5e5e@group-8D797CAEE693-LeaderElection47
2022-06-24 23:47:34,517 [66188e3b-2de6-4632-9636-fbf530af5e5e@group-8D797CAEE693-LeaderElection47] INFO  impl.RoleInfo (RoleInfo.java:updateAndGet(139)) - 66188e3b-2de6-4632-9636-fbf530af5e5e: start 66188e3b-2de6-4632-9636-fbf530af5e5e@group-8D797CAEE693-FollowerState
2022-06-24 23:47:39,522 [4178a181-7a8b-49ec-906e-515996c40b3d@group-8D797CAEE693-FollowerState] INFO  impl.FollowerState (FollowerState.java:run(143)) - 4178a181-7a8b-49ec-906e-515996c40b3d@group-8D797CAEE693-FollowerState: change to CANDIDATE, lastRpcElapsedTime:5055192096ns, electionTimeout:5030ms
2022-06-24 23:47:39,522 [4178a181-7a8b-49ec-906e-515996c40b3d@group-8D797CAEE693-FollowerState] INFO  impl.RoleInfo (RoleInfo.java:shutdownFollowerState(110)) - 4178a181-7a8b-49ec-906e-515996c40b3d: shutdown 4178a181-7a8b-49ec-906e-515996c40b3d@group-8D797CAEE693-FollowerState
2022-06-24 23:47:39,522 [4178a181-7a8b-49ec-906e-515996c40b3d@group-8D797CAEE693-FollowerState] INFO  server.RaftServer$Division (RaftServerImpl.java:setRole(299)) - 4178a181-7a8b-49ec-906e-515996c40b3d@group-8D797CAEE693: changes role from  FOLLOWER to CANDIDATE at term 2 for changeToCandidate
2022-06-24 23:47:39,523 [4178a181-7a8b-49ec-906e-515996c40b3d@group-8D797CAEE693-FollowerState] INFO  server.RaftServerConfigKeys (ConfUtils.java:logGet(46)) - raft.server.leaderelection.pre-vote = false (custom)
2022-06-24 23:47:39,523 [4178a181-7a8b-49ec-906e-515996c40b3d@group-8D797CAEE693-FollowerState] INFO  impl.RoleInfo (RoleInfo.java:updateAndGet(139)) - 4178a181-7a8b-49ec-906e-515996c40b3d: start 4178a181-7a8b-49ec-906e-515996c40b3d@group-8D797CAEE693-LeaderElection50
2022-06-24 23:47:39,566 [4178a181-7a8b-49ec-906e-515996c40b3d@group-8D797CAEE693-LeaderElection50] INFO  impl.LeaderElection (LeaderElection.java:askForVotes(310)) - 4178a181-7a8b-49ec-906e-515996c40b3d@group-8D797CAEE693-LeaderElection50 ELECTION round 0: submit vote requests at term 3 for -1: [b721671c-f2e0-4f32-a472-e04e394ae124|rpc:10.1.0.24:41813|dataStream:|priority:0, 66188e3b-2de6-4632-9636-fbf530af5e5e|rpc:10.1.0.24:44805|dataStream:|priority:0, 4178a181-7a8b-49ec-906e-515996c40b3d|rpc:10.1.0.24:37729|dataStream:|priority:1], old=null
2022-06-24 23:47:39,588 [grpc-default-executor-3] INFO  server.RaftServer$Division (RaftServerImpl.java:requestVote(1152)) - b721671c-f2e0-4f32-a472-e04e394ae124@group-8D797CAEE693: receive requestVote(ELECTION, 4178a181-7a8b-49ec-906e-515996c40b3d, group-8D797CAEE693, 3, (t:0, i:0))
2022-06-24 23:47:39,588 [grpc-default-executor-3] INFO  impl.VoteContext (VoteContext.java:log(48)) - b721671c-f2e0-4f32-a472-e04e394ae124@group-8D797CAEE693-FOLLOWER: accept ELECTION from 4178a181-7a8b-49ec-906e-515996c40b3d: our priority 0 <= candidate's priority 1
2022-06-24 23:47:39,588 [grpc-default-executor-3] INFO  server.RaftServer$Division (RaftServerImpl.java:setRole(299)) - b721671c-f2e0-4f32-a472-e04e394ae124@group-8D797CAEE693: changes role from  FOLLOWER to FOLLOWER at term 3 for candidate:4178a181-7a8b-49ec-906e-515996c40b3d
2022-06-24 23:47:39,588 [grpc-default-executor-3] INFO  impl.RoleInfo (RoleInfo.java:shutdownFollowerState(110)) - b721671c-f2e0-4f32-a472-e04e394ae124: shutdown b721671c-f2e0-4f32-a472-e04e394ae124@group-8D797CAEE693-FollowerState
2022-06-24 23:47:39,588 [grpc-default-executor-3] INFO  impl.RoleInfo (RoleInfo.java:updateAndGet(139)) - b721671c-f2e0-4f32-a472-e04e394ae124: start b721671c-f2e0-4f32-a472-e04e394ae124@group-8D797CAEE693-FollowerState
2022-06-24 23:47:39,588 [b721671c-f2e0-4f32-a472-e04e394ae124@group-8D797CAEE693-FollowerState] INFO  impl.FollowerState (FollowerState.java:run(152)) - b721671c-f2e0-4f32-a472-e04e394ae124@group-8D797CAEE693-FollowerState was interrupted
2022-06-24 23:47:39,607 [grpc-default-executor-3] INFO  server.RaftServer$Division (RaftServerImpl.java:requestVote(1184)) - b721671c-f2e0-4f32-a472-e04e394ae124@group-8D797CAEE693 replies to ELECTION vote request: 4178a181-7a8b-49ec-906e-515996c40b3d<-b721671c-f2e0-4f32-a472-e04e394ae124#0:OK-t3. Peer's state: b721671c-f2e0-4f32-a472-e04e394ae124@group-8D797CAEE693:t3, leader=null, voted=4178a181-7a8b-49ec-906e-515996c40b3d, raftlog=b721671c-f2e0-4f32-a472-e04e394ae124@group-8D797CAEE693-SegmentedRaftLog:OPENED:c-1, conf=-1: [b721671c-f2e0-4f32-a472-e04e394ae124|rpc:10.1.0.24:41813|priority:0, 66188e3b-2de6-4632-9636-fbf530af5e5e|rpc:10.1.0.24:44805|priority:0, 4178a181-7a8b-49ec-906e-515996c40b3d|rpc:10.1.0.24:37729|priority:1], old=null
2022-06-24 23:47:39,619 [4178a181-7a8b-49ec-906e-515996c40b3d@group-8D797CAEE693-LeaderElection50] INFO  impl.LeaderElection (LeaderElection.java:logAndReturn(90)) - 4178a181-7a8b-49ec-906e-515996c40b3d@group-8D797CAEE693-LeaderElection50: ELECTION PASSED received 1 response(s) and 0 exception(s):
2022-06-24 23:47:39,619 [4178a181-7a8b-49ec-906e-515996c40b3d@group-8D797CAEE693-LeaderElection50] INFO  impl.LeaderElection (LeaderElection.java:logAndReturn(94)) -   Response 0: 4178a181-7a8b-49ec-906e-515996c40b3d<-b721671c-f2e0-4f32-a472-e04e394ae124#0:OK-t3
2022-06-24 23:47:39,619 [4178a181-7a8b-49ec-906e-515996c40b3d@group-8D797CAEE693-LeaderElection50] INFO  impl.LeaderElection (LeaderElection.java:askForVotes(312)) - 4178a181-7a8b-49ec-906e-515996c40b3d@group-8D797CAEE693-LeaderElection50 ELECTION round 0: result PASSED
2022-06-24 23:47:39,619 [4178a181-7a8b-49ec-906e-515996c40b3d@group-8D797CAEE693-LeaderElection50] INFO  impl.RoleInfo (RoleInfo.java:shutdownLeaderElection(130)) - 4178a181-7a8b-49ec-906e-515996c40b3d: shutdown 4178a181-7a8b-49ec-906e-515996c40b3d@group-8D797CAEE693-LeaderElection50
2022-06-24 23:47:39,619 [4178a181-7a8b-49ec-906e-515996c40b3d@group-8D797CAEE693-LeaderElection50] INFO  server.RaftServer$Division (RaftServerImpl.java:setRole(299)) - 4178a181-7a8b-49ec-906e-515996c40b3d@group-8D797CAEE693: changes role from CANDIDATE to LEADER at term 3 for changeToLeader
2022-06-24 23:47:39,619 [4178a181-7a8b-49ec-906e-515996c40b3d@group-8D797CAEE693-LeaderElection50] INFO  ratis.XceiverServerRatis (XceiverServerRatis.java:handleLeaderChangedNotification(863)) - Leader change notification received for group: group-8D797CAEE693 with new leaderId: 4178a181-7a8b-49ec-906e-515996c40b3d
2022-06-24 23:47:39,619 [4178a181-7a8b-49ec-906e-515996c40b3d@group-8D797CAEE693-LeaderElection50] INFO  server.RaftServer$Division (ServerState.java:setLeader(287)) - 4178a181-7a8b-49ec-906e-515996c40b3d@group-8D797CAEE693: change Leader from null to 4178a181-7a8b-49ec-906e-515996c40b3d at term 3 for becomeLeader, leader elected after 15267ms
2022-06-24 23:47:39,619 [4178a181-7a8b-49ec-906e-515996c40b3d@group-8D797CAEE693-LeaderElection50] INFO  server.RaftServerConfigKeys (ConfUtils.java:logGet(46)) - raft.server.staging.catchup.gap = 1000 (default)
2022-06-24 23:47:39,619 [4178a181-7a8b-49ec-906e-515996c40b3d@group-8D797CAEE693-LeaderElection50] INFO  server.RaftServerConfigKeys (ConfUtils.java:logGet(46)) - raft.server.write.element-limit = 1024 (custom)
2022-06-24 23:47:39,619 [4178a181-7a8b-49ec-906e-515996c40b3d@group-8D797CAEE693-LeaderElection50] INFO  server.RaftServerConfigKeys (ConfUtils.java:logGet(46)) - raft.server.write.byte-limit = 1024 M (=1073741824) (custom)
2022-06-24 23:47:39,620 [4178a181-7a8b-49ec-906e-515996c40b3d@group-8D797CAEE693-LeaderElection50] INFO  server.RaftServerConfigKeys (ConfUtils.java:logGet(46)) - raft.server.watch.timeout = 180s (custom)
2022-06-24 23:47:39,620 [4178a181-7a8b-49ec-906e-515996c40b3d@group-8D797CAEE693-LeaderElection50] INFO  server.RaftServerConfigKeys (ConfUtils.java:logGet(46)) - raft.server.watch.timeout.denomination = 1s (default)
2022-06-24 23:47:39,620 [4178a181-7a8b-49ec-906e-515996c40b3d@group-8D797CAEE693-LeaderElection50] INFO  server.RaftServerConfigKeys (ConfUtils.java:logGet(46)) - raft.server.watch.element-limit = 65536 (default)
2022-06-24 23:47:39,620 [4178a181-7a8b-49ec-906e-515996c40b3d@group-8D797CAEE693-LeaderElection50] INFO  server.RaftServerConfigKeys (ConfUtils.java:logGet(46)) - raft.server.write.element-limit = 1024 (custom)
2022-06-24 23:47:39,620 [4178a181-7a8b-49ec-906e-515996c40b3d@group-8D797CAEE693-LeaderElection50] INFO  server.RaftServerConfigKeys (ConfUtils.java:logGet(46)) - raft.server.write.follower.gap.ratio.max = -1.0 (default)
2022-06-24 23:47:39,621 [4178a181-7a8b-49ec-906e-515996c40b3d@group-8D797CAEE693-LeaderElection50] INFO  server.RaftServerConfigKeys (ConfUtils.java:logGet(46)) - raft.server.log.appender.snapshot.chunk.size.max = 16MB (=16777216) (default)
2022-06-24 23:47:39,621 [4178a181-7a8b-49ec-906e-515996c40b3d@group-8D797CAEE693-LeaderElection50] INFO  server.RaftServerConfigKeys (ConfUtils.java:logGet(46)) - raft.server.log.appender.buffer.byte-limit = 33554432 (custom)
2022-06-24 23:47:39,621 [4178a181-7a8b-49ec-906e-515996c40b3d@group-8D797CAEE693-LeaderElection50] INFO  server.RaftServerConfigKeys (ConfUtils.java:logGet(46)) - raft.server.log.appender.buffer.element-limit = 1 (custom)
2022-06-24 23:47:39,621 [4178a181-7a8b-49ec-906e-515996c40b3d@group-8D797CAEE693-LeaderElection50] INFO  grpc.GrpcConfigKeys (ConfUtils.java:logGet(46)) - raft.grpc.server.leader.outstanding.appends.max = 128 (default)
2022-06-24 23:47:39,621 [4178a181-7a8b-49ec-906e-515996c40b3d@group-8D797CAEE693-LeaderElection50] INFO  server.RaftServerConfigKeys (ConfUtils.java:logGet(46)) - raft.server.rpc.request.timeout = 60s (custom)
2022-06-24 23:47:39,621 [4178a181-7a8b-49ec-906e-515996c40b3d@group-8D797CAEE693-LeaderElection50] INFO  server.RaftServerConfigKeys (ConfUtils.java:logGet(46)) - raft.server.log.appender.install.snapshot.enabled = false (custom)
2022-06-24 23:47:39,622 [4178a181-7a8b-49ec-906e-515996c40b3d@group-8D797CAEE693-LeaderElection50] INFO  server.RaftServerConfigKeys (ConfUtils.java:logGet(46)) - raft.server.log.appender.snapshot.chunk.size.max = 16MB (=16777216) (default)
2022-06-24 23:47:39,622 [4178a181-7a8b-49ec-906e-515996c40b3d@group-8D797CAEE693-LeaderElection50] INFO  server.RaftServerConfigKeys (ConfUtils.java:logGet(46)) - raft.server.log.appender.buffer.byte-limit = 33554432 (custom)
2022-06-24 23:47:39,622 [4178a181-7a8b-49ec-906e-515996c40b3d@group-8D797CAEE693-LeaderElection50] INFO  server.RaftServerConfigKeys (ConfUtils.java:logGet(46)) - raft.server.log.appender.buffer.element-limit = 1 (custom)
2022-06-24 23:47:39,622 [4178a181-7a8b-49ec-906e-515996c40b3d@group-8D797CAEE693-LeaderElection50] INFO  grpc.GrpcConfigKeys (ConfUtils.java:logGet(46)) - raft.grpc.server.leader.outstanding.appends.max = 128 (default)
2022-06-24 23:47:39,622 [4178a181-7a8b-49ec-906e-515996c40b3d@group-8D797CAEE693-LeaderElection50] INFO  server.RaftServerConfigKeys (ConfUtils.java:logGet(46)) - raft.server.rpc.request.timeout = 60s (custom)
2022-06-24 23:47:39,622 [4178a181-7a8b-49ec-906e-515996c40b3d@group-8D797CAEE693-LeaderElection50] INFO  server.RaftServerConfigKeys (ConfUtils.java:logGet(46)) - raft.server.log.appender.install.snapshot.enabled = false (custom)
2022-06-24 23:47:39,623 [EventQueue-PipelineReportForPipelineReportHandler] INFO  pipeline.PipelineManagerImpl (PipelineManagerImpl.java:openPipeline(358)) - Pipeline Pipeline[ Id: f1577632-2f66-451e-a2db-8d797caee693, Nodes: 4178a181-7a8b-49ec-906e-515996c40b3d{ip: 10.1.0.24, host: fv-az21-224.v4iizcarkezebbfea14bcgzyke.bx.internal.cloudapp.net, ports: [REPLICATION=44005, RATIS=37729, RATIS_ADMIN=37729, RATIS_SERVER=37729, STANDALONE=34841], networkLocation: /default-rack, certSerialId: null, persistedOpState: IN_SERVICE, persistedOpStateExpiryEpochSec: 0}66188e3b-2de6-4632-9636-fbf530af5e5e{ip: 10.1.0.24, host: fv-az21-224.v4iizcarkezebbfea14bcgzyke.bx.internal.cloudapp.net, ports: [REPLICATION=43265, RATIS=44805, RATIS_ADMIN=44805, RATIS_SERVER=44805, STANDALONE=44845], networkLocation: /default-rack, certSerialId: null, persistedOpState: IN_SERVICE, persistedOpStateExpiryEpochSec: 0}b721671c-f2e0-4f32-a472-e04e394ae124{ip: 10.1.0.24, host: fv-az21-224.v4iizcarkezebbfea14bcgzyke.bx.internal.cloudapp.net, ports: [REPLICATION=36737, RATIS=41813, RATIS_ADMIN=41813, RATIS_SERVER=41813, STANDALONE=43985], networkLocation: /default-rack, certSerialId: null, persistedOpState: IN_SERVICE, persistedOpStateExpiryEpochSec: 0}, ReplicationConfig: RATIS/THREE, State:ALLOCATED, leaderId:4178a181-7a8b-49ec-906e-515996c40b3d, CreationTimestamp2022-06-24T23:47:22.624Z[Etc/UTC]] moved to OPEN state
2022-06-24 23:47:39,628 [4178a181-7a8b-49ec-906e-515996c40b3d@group-8D797CAEE693-LeaderElection50] INFO  impl.RoleInfo (RoleInfo.java:updateAndGet(139)) - 4178a181-7a8b-49ec-906e-515996c40b3d: start 4178a181-7a8b-49ec-906e-515996c40b3d@group-8D797CAEE693-LeaderStateImpl
2022-06-24 23:47:39,628 [4178a181-7a8b-49ec-906e-515996c40b3d@group-8D797CAEE693-LeaderElection50] INFO  segmented.SegmentedRaftLogWorker (SegmentedRaftLogWorker.java:startLogSegment(425)) - 4178a181-7a8b-49ec-906e-515996c40b3d@group-8D797CAEE693-SegmentedRaftLogWorker: Starting segment from index:0
2022-06-24 23:47:39,632 [grpc-default-executor-3] INFO  server.RaftServer$Division (RaftServerImpl.java:requestVote(1152)) - 66188e3b-2de6-4632-9636-fbf530af5e5e@group-8D797CAEE693: receive requestVote(ELECTION, 4178a181-7a8b-49ec-906e-515996c40b3d, group-8D797CAEE693, 3, (t:0, i:0))
2022-06-24 23:47:39,632 [grpc-default-executor-3] INFO  impl.VoteContext (VoteContext.java:log(48)) - 66188e3b-2de6-4632-9636-fbf530af5e5e@group-8D797CAEE693-FOLLOWER: accept ELECTION from 4178a181-7a8b-49ec-906e-515996c40b3d: our priority 0 <= candidate's priority 1
2022-06-24 23:47:39,632 [grpc-default-executor-3] INFO  server.RaftServer$Division (RaftServerImpl.java:setRole(299)) - 66188e3b-2de6-4632-9636-fbf530af5e5e@group-8D797CAEE693: changes role from  FOLLOWER to FOLLOWER at term 3 for candidate:4178a181-7a8b-49ec-906e-515996c40b3d
2022-06-24 23:47:39,632 [grpc-default-executor-3] INFO  impl.RoleInfo (RoleInfo.java:shutdownFollowerState(110)) - 66188e3b-2de6-4632-9636-fbf530af5e5e: shutdown 66188e3b-2de6-4632-9636-fbf530af5e5e@group-8D797CAEE693-FollowerState
2022-06-24 23:47:39,632 [grpc-default-executor-3] INFO  impl.RoleInfo (RoleInfo.java:updateAndGet(139)) - 66188e3b-2de6-4632-9636-fbf530af5e5e: start 66188e3b-2de6-4632-9636-fbf530af5e5e@group-8D797CAEE693-FollowerState
2022-06-24 23:47:39,632 [66188e3b-2de6-4632-9636-fbf530af5e5e@group-8D797CAEE693-FollowerState] INFO  impl.FollowerState (FollowerState.java:run(152)) - 66188e3b-2de6-4632-9636-fbf530af5e5e@group-8D797CAEE693-FollowerState was interrupted
2022-06-24 23:47:39,634 [grpc-default-executor-3] INFO  server.RaftServer$Division (RaftServerImpl.java:requestVote(1184)) - 66188e3b-2de6-4632-9636-fbf530af5e5e@group-8D797CAEE693 replies to ELECTION vote request: 4178a181-7a8b-49ec-906e-515996c40b3d<-66188e3b-2de6-4632-9636-fbf530af5e5e#0:OK-t3. Peer's state: 66188e3b-2de6-4632-9636-fbf530af5e5e@group-8D797CAEE693:t3, leader=null, voted=4178a181-7a8b-49ec-906e-515996c40b3d, raftlog=66188e3b-2de6-4632-9636-fbf530af5e5e@group-8D797CAEE693-SegmentedRaftLog:OPENED:c-1, conf=-1: [b721671c-f2e0-4f32-a472-e04e394ae124|rpc:10.1.0.24:41813|dataStream:|priority:0, 66188e3b-2de6-4632-9636-fbf530af5e5e|rpc:10.1.0.24:44805|dataStream:|priority:0, 4178a181-7a8b-49ec-906e-515996c40b3d|rpc:10.1.0.24:37729|dataStream:|priority:1], old=null
2022-06-24 23:47:39,655 [4178a181-7a8b-49ec-906e-515996c40b3d@group-8D797CAEE693-SegmentedRaftLogWorker] INFO  segmented.SegmentedRaftLogWorker (SegmentedRaftLogWorker.java:execute(629)) - 4178a181-7a8b-49ec-906e-515996c40b3d@group-8D797CAEE693-SegmentedRaftLogWorker: created new log segment /home/runner/work/ozone/ozone/hadoop-ozone/integration-test/target/test-dir/MiniOzoneClusterImpl-579f371f-51d7-44c0-bf7c-5cb5e6cf7bc4/datanode-2/data/ratis/f1577632-2f66-451e-a2db-8d797caee693/current/log_inprogress_0
2022-06-24 23:47:39,655 [4178a181-7a8b-49ec-906e-515996c40b3d@group-8D797CAEE693-LeaderElection50] INFO  server.RaftServer$Division (ServerState.java:setRaftConf(393)) - 4178a181-7a8b-49ec-906e-515996c40b3d@group-8D797CAEE693: set configuration 0: [b721671c-f2e0-4f32-a472-e04e394ae124|rpc:10.1.0.24:41813|dataStream:|priority:0, 66188e3b-2de6-4632-9636-fbf530af5e5e|rpc:10.1.0.24:44805|dataStream:|priority:0, 4178a181-7a8b-49ec-906e-515996c40b3d|rpc:10.1.0.24:37729|dataStream:|priority:1], old=null
2022-06-24 23:47:39,657 [b721671c-f2e0-4f32-a472-e04e394ae124-server-thread1] INFO  ratis.XceiverServerRatis (XceiverServerRatis.java:handleLeaderChangedNotification(863)) - Leader change notification received for group: group-8D797CAEE693 with new leaderId: 4178a181-7a8b-49ec-906e-515996c40b3d
2022-06-24 23:47:39,657 [b721671c-f2e0-4f32-a472-e04e394ae124-server-thread1] INFO  server.RaftServer$Division (ServerState.java:setLeader(287)) - b721671c-f2e0-4f32-a472-e04e394ae124@group-8D797CAEE693: change Leader from null to 4178a181-7a8b-49ec-906e-515996c40b3d at term 3 for appendEntries, leader elected after 15515ms
2022-06-24 23:47:39,695 [66188e3b-2de6-4632-9636-fbf530af5e5e-server-thread1] INFO  ratis.XceiverServerRatis (XceiverServerRatis.java:handleLeaderChangedNotification(863)) - Leader change notification received for group: group-8D797CAEE693 with new leaderId: 4178a181-7a8b-49ec-906e-515996c40b3d
2022-06-24 23:47:39,695 [66188e3b-2de6-4632-9636-fbf530af5e5e-server-thread1] INFO  server.RaftServer$Division (ServerState.java:setLeader(287)) - 66188e3b-2de6-4632-9636-fbf530af5e5e@group-8D797CAEE693: change Leader from null to 4178a181-7a8b-49ec-906e-515996c40b3d at term 3 for appendEntries, leader elected after 15210ms
2022-06-24 23:47:39,703 [66188e3b-2de6-4632-9636-fbf530af5e5e-server-thread1] INFO  server.RaftServer$Division (ServerState.java:setRaftConf(393)) - 66188e3b-2de6-4632-9636-fbf530af5e5e@group-8D797CAEE693: set configuration 0: [b721671c-f2e0-4f32-a472-e04e394ae124|rpc:10.1.0.24:41813|dataStream:|priority:0, 66188e3b-2de6-4632-9636-fbf530af5e5e|rpc:10.1.0.24:44805|dataStream:|priority:0, 4178a181-7a8b-49ec-906e-515996c40b3d|rpc:10.1.0.24:37729|dataStream:|priority:1], old=null
2022-06-24 23:47:39,704 [66188e3b-2de6-4632-9636-fbf530af5e5e-server-thread1] INFO  segmented.SegmentedRaftLogWorker (SegmentedRaftLogWorker.java:startLogSegment(425)) - 66188e3b-2de6-4632-9636-fbf530af5e5e@group-8D797CAEE693-SegmentedRaftLogWorker: Starting segment from index:0
2022-06-24 23:47:39,705 [66188e3b-2de6-4632-9636-fbf530af5e5e@group-8D797CAEE693-SegmentedRaftLogWorker] INFO  segmented.SegmentedRaftLogWorker (SegmentedRaftLogWorker.java:execute(629)) - 66188e3b-2de6-4632-9636-fbf530af5e5e@group-8D797CAEE693-SegmentedRaftLogWorker: created new log segment /home/runner/work/ozone/ozone/hadoop-ozone/integration-test/target/test-dir/MiniOzoneClusterImpl-579f371f-51d7-44c0-bf7c-5cb5e6cf7bc4/datanode-1/data/ratis/f1577632-2f66-451e-a2db-8d797caee693/current/log_inprogress_0
2022-06-24 23:47:39,703 [b721671c-f2e0-4f32-a472-e04e394ae124-server-thread1] INFO  server.RaftServer$Division (ServerState.java:setRaftConf(393)) - b721671c-f2e0-4f32-a472-e04e394ae124@group-8D797CAEE693: set configuration 0: [b721671c-f2e0-4f32-a472-e04e394ae124|rpc:10.1.0.24:41813|dataStream:|priority:0, 66188e3b-2de6-4632-9636-fbf530af5e5e|rpc:10.1.0.24:44805|dataStream:|priority:0, 4178a181-7a8b-49ec-906e-515996c40b3d|rpc:10.1.0.24:37729|dataStream:|priority:1], old=null
2022-06-24 23:47:39,707 [b721671c-f2e0-4f32-a472-e04e394ae124-server-thread1] INFO  segmented.SegmentedRaftLogWorker (SegmentedRaftLogWorker.java:startLogSegment(425)) - b721671c-f2e0-4f32-a472-e04e394ae124@group-8D797CAEE693-SegmentedRaftLogWorker: Starting segment from index:0
2022-06-24 23:47:39,727 [b721671c-f2e0-4f32-a472-e04e394ae124@group-8D797CAEE693-SegmentedRaftLogWorker] INFO  segmented.SegmentedRaftLogWorker (SegmentedRaftLogWorker.java:execute(629)) - b721671c-f2e0-4f32-a472-e04e394ae124@group-8D797CAEE693-SegmentedRaftLogWorker: created new log segment /home/runner/work/ozone/ozone/hadoop-ozone/integration-test/target/test-dir/MiniOzoneClusterImpl-579f371f-51d7-44c0-bf7c-5cb5e6cf7bc4/datanode-0/data/ratis/f1577632-2f66-451e-a2db-8d797caee693/current/log_inprogress_0
2022-06-24 23:48:16,010 [IPC Server handler 3 on default port 35985] INFO  ha.SequenceIdGenerator (SequenceIdGenerator.java:getNextId(127)) - Allocate a batch for delTxnId, change lastId from 0 to 1000.
]]></system-out>
  </testcase>
  <testcase name="testTrash" classname="TestOzoneFileSystem" time="5.049">
    <system-out><![CDATA[23:50:42.181 [IPC Server handler 9 on default port 33563] ERROR OMAudit - user=runner | ip=127.0.0.1 | op=GET_FILE_STATUS {volume=volume50176, bucket=bucket31866, key=.Trash/runner/Current/testKey2, dataSize=0, replicationConfig=null} | ret=FAILURE
org.apache.hadoop.ozone.om.exceptions.OMException: Unable to get file status: volume: volume50176 bucket: bucket31866 key: .Trash/runner/Current/testKey2
	at org.apache.hadoop.ozone.om.KeyManagerImpl.getOzoneFileStatus(KeyManagerImpl.java:1311) ~[ozone-manager-1.3.0-SNAPSHOT.jar:?]
	at org.apache.hadoop.ozone.om.KeyManagerImpl.getFileStatus(KeyManagerImpl.java:1241) ~[ozone-manager-1.3.0-SNAPSHOT.jar:?]
	at org.apache.hadoop.ozone.om.OzoneManager.getFileStatus(OzoneManager.java:3419) ~[ozone-manager-1.3.0-SNAPSHOT.jar:?]
	at org.apache.hadoop.ozone.protocolPB.OzoneManagerRequestHandler.getOzoneFileStatus(OzoneManagerRequestHandler.java:871) ~[ozone-manager-1.3.0-SNAPSHOT.jar:?]
	at org.apache.hadoop.ozone.protocolPB.OzoneManagerRequestHandler.handleReadRequest(OzoneManagerRequestHandler.java:217) ~[ozone-manager-1.3.0-SNAPSHOT.jar:?]
	at org.apache.hadoop.ozone.protocolPB.OzoneManagerProtocolServerSideTranslatorPB.submitRequestDirectlyToOM(OzoneManagerProtocolServerSideTranslatorPB.java:276) ~[ozone-manager-1.3.0-SNAPSHOT.jar:?]
	at org.apache.hadoop.ozone.protocolPB.OzoneManagerProtocolServerSideTranslatorPB.processRequest(OzoneManagerProtocolServerSideTranslatorPB.java:205) ~[ozone-manager-1.3.0-SNAPSHOT.jar:?]
	at org.apache.hadoop.hdds.server.OzoneProtocolMessageDispatcher.processRequest(OzoneProtocolMessageDispatcher.java:87) [hdds-server-framework-1.3.0-SNAPSHOT.jar:?]
	at org.apache.hadoop.ozone.protocolPB.OzoneManagerProtocolServerSideTranslatorPB.submitRequest(OzoneManagerProtocolServerSideTranslatorPB.java:147) [ozone-manager-1.3.0-SNAPSHOT.jar:?]
	at org.apache.hadoop.ozone.protocol.proto.OzoneManagerProtocolProtos$OzoneManagerService$2.callBlockingMethod(OzoneManagerProtocolProtos.java) [ozone-interface-client-1.3.0-SNAPSHOT.jar:?]
	at org.apache.hadoop.ipc.ProtobufRpcEngine$Server.processCall(ProtobufRpcEngine.java:466) [hadoop-common-3.3.1.jar:?]
	at org.apache.hadoop.ipc.ProtobufRpcEngine2$Server$ProtoBufRpcInvoker.call(ProtobufRpcEngine2.java:574) [hadoop-common-3.3.1.jar:?]
	at org.apache.hadoop.ipc.ProtobufRpcEngine2$Server$ProtoBufRpcInvoker.call(ProtobufRpcEngine2.java:552) [hadoop-common-3.3.1.jar:?]
	at org.apache.hadoop.ipc.RPC$Server.call(RPC.java:1093) [hadoop-common-3.3.1.jar:?]
	at org.apache.hadoop.ipc.Server$RpcCall.run(Server.java:1035) [hadoop-common-3.3.1.jar:?]
	at org.apache.hadoop.ipc.Server$RpcCall.run(Server.java:963) [hadoop-common-3.3.1.jar:?]
	at java.security.AccessController.doPrivileged(Native Method) ~[?:1.8.0_332]
	at javax.security.auth.Subject.doAs(Subject.java:422) [?:1.8.0_332]
	at org.apache.hadoop.security.UserGroupInformation.doAs(UserGroupInformation.java:1878) [hadoop-common-3.3.1.jar:?]
	at org.apache.hadoop.ipc.Server$Handler.run(Server.java:2966) [hadoop-common-3.3.1.jar:?]
23:50:42.182 [IPC Server handler 12 on default port 33563] ERROR OMAudit - user=runner | ip=127.0.0.1 | op=GET_FILE_STATUS {volume=volume50176, bucket=bucket31866, key=.Trash/runner/Current/testKey2, dataSize=0, replicationConfig=null} | ret=FAILURE
org.apache.hadoop.ozone.om.exceptions.OMException: Unable to get file status: volume: volume50176 bucket: bucket31866 key: .Trash/runner/Current/testKey2
	at org.apache.hadoop.ozone.om.KeyManagerImpl.getOzoneFileStatus(KeyManagerImpl.java:1311) ~[ozone-manager-1.3.0-SNAPSHOT.jar:?]
	at org.apache.hadoop.ozone.om.KeyManagerImpl.getFileStatus(KeyManagerImpl.java:1241) ~[ozone-manager-1.3.0-SNAPSHOT.jar:?]
	at org.apache.hadoop.ozone.om.OzoneManager.getFileStatus(OzoneManager.java:3419) ~[ozone-manager-1.3.0-SNAPSHOT.jar:?]
	at org.apache.hadoop.ozone.protocolPB.OzoneManagerRequestHandler.getOzoneFileStatus(OzoneManagerRequestHandler.java:871) ~[ozone-manager-1.3.0-SNAPSHOT.jar:?]
	at org.apache.hadoop.ozone.protocolPB.OzoneManagerRequestHandler.handleReadRequest(OzoneManagerRequestHandler.java:217) ~[ozone-manager-1.3.0-SNAPSHOT.jar:?]
	at org.apache.hadoop.ozone.protocolPB.OzoneManagerProtocolServerSideTranslatorPB.submitRequestDirectlyToOM(OzoneManagerProtocolServerSideTranslatorPB.java:276) ~[ozone-manager-1.3.0-SNAPSHOT.jar:?]
	at org.apache.hadoop.ozone.protocolPB.OzoneManagerProtocolServerSideTranslatorPB.processRequest(OzoneManagerProtocolServerSideTranslatorPB.java:205) ~[ozone-manager-1.3.0-SNAPSHOT.jar:?]
	at org.apache.hadoop.hdds.server.OzoneProtocolMessageDispatcher.processRequest(OzoneProtocolMessageDispatcher.java:87) [hdds-server-framework-1.3.0-SNAPSHOT.jar:?]
	at org.apache.hadoop.ozone.protocolPB.OzoneManagerProtocolServerSideTranslatorPB.submitRequest(OzoneManagerProtocolServerSideTranslatorPB.java:147) [ozone-manager-1.3.0-SNAPSHOT.jar:?]
	at org.apache.hadoop.ozone.protocol.proto.OzoneManagerProtocolProtos$OzoneManagerService$2.callBlockingMethod(OzoneManagerProtocolProtos.java) [ozone-interface-client-1.3.0-SNAPSHOT.jar:?]
	at org.apache.hadoop.ipc.ProtobufRpcEngine$Server.processCall(ProtobufRpcEngine.java:466) [hadoop-common-3.3.1.jar:?]
	at org.apache.hadoop.ipc.ProtobufRpcEngine2$Server$ProtoBufRpcInvoker.call(ProtobufRpcEngine2.java:574) [hadoop-common-3.3.1.jar:?]
	at org.apache.hadoop.ipc.ProtobufRpcEngine2$Server$ProtoBufRpcInvoker.call(ProtobufRpcEngine2.java:552) [hadoop-common-3.3.1.jar:?]
	at org.apache.hadoop.ipc.RPC$Server.call(RPC.java:1093) [hadoop-common-3.3.1.jar:?]
	at org.apache.hadoop.ipc.Server$RpcCall.run(Server.java:1035) [hadoop-common-3.3.1.jar:?]
	at org.apache.hadoop.ipc.Server$RpcCall.run(Server.java:963) [hadoop-common-3.3.1.jar:?]
	at java.security.AccessController.doPrivileged(Native Method) ~[?:1.8.0_332]
	at javax.security.auth.Subject.doAs(Subject.java:422) [?:1.8.0_332]
	at org.apache.hadoop.security.UserGroupInformation.doAs(UserGroupInformation.java:1878) [hadoop-common-3.3.1.jar:?]
	at org.apache.hadoop.ipc.Server$Handler.run(Server.java:2966) [hadoop-common-3.3.1.jar:?]
2022-06-24 23:50:42,190 [Time-limited test] INFO  fs.TrashPolicyDefault (TrashPolicyDefault.java:moveToTrash(188)) - Moved: '/testKey2' to trash at: /.Trash/runner/Current/testKey2
2022-06-24 23:50:42,619 [4ea7895b-7402-4f6e-ade6-0ab134f10ef5@group-ADDAE10BFDAD-FollowerState] INFO  impl.FollowerState (FollowerState.java:run(143)) - 4ea7895b-7402-4f6e-ade6-0ab134f10ef5@group-ADDAE10BFDAD-FollowerState: change to CANDIDATE, lastRpcElapsedTime:5098546918ns, electionTimeout:5078ms
2022-06-24 23:50:42,620 [4ea7895b-7402-4f6e-ade6-0ab134f10ef5@group-ADDAE10BFDAD-FollowerState] INFO  impl.RoleInfo (RoleInfo.java:shutdownFollowerState(110)) - 4ea7895b-7402-4f6e-ade6-0ab134f10ef5: shutdown 4ea7895b-7402-4f6e-ade6-0ab134f10ef5@group-ADDAE10BFDAD-FollowerState
2022-06-24 23:50:42,620 [4ea7895b-7402-4f6e-ade6-0ab134f10ef5@group-ADDAE10BFDAD-FollowerState] INFO  server.RaftServer$Division (RaftServerImpl.java:setRole(299)) - 4ea7895b-7402-4f6e-ade6-0ab134f10ef5@group-ADDAE10BFDAD: changes role from  FOLLOWER to CANDIDATE at term 0 for changeToCandidate
2022-06-24 23:50:42,620 [4ea7895b-7402-4f6e-ade6-0ab134f10ef5@group-ADDAE10BFDAD-FollowerState] INFO  server.RaftServerConfigKeys (ConfUtils.java:logGet(46)) - raft.server.leaderelection.pre-vote = false (custom)
2022-06-24 23:50:42,620 [4ea7895b-7402-4f6e-ade6-0ab134f10ef5@group-ADDAE10BFDAD-FollowerState] INFO  impl.RoleInfo (RoleInfo.java:updateAndGet(139)) - 4ea7895b-7402-4f6e-ade6-0ab134f10ef5: start 4ea7895b-7402-4f6e-ade6-0ab134f10ef5@group-ADDAE10BFDAD-LeaderElection61
2022-06-24 23:50:42,678 [4ea7895b-7402-4f6e-ade6-0ab134f10ef5@group-ADDAE10BFDAD-LeaderElection61] INFO  impl.LeaderElection (LeaderElection.java:askForVotes(310)) - 4ea7895b-7402-4f6e-ade6-0ab134f10ef5@group-ADDAE10BFDAD-LeaderElection61 ELECTION round 0: submit vote requests at term 1 for -1: [4ea7895b-7402-4f6e-ade6-0ab134f10ef5|rpc:10.1.0.24:35267|priority:1], old=null
2022-06-24 23:50:42,678 [4ea7895b-7402-4f6e-ade6-0ab134f10ef5@group-ADDAE10BFDAD-LeaderElection61] INFO  impl.LeaderElection (LeaderElection.java:askForVotes(312)) - 4ea7895b-7402-4f6e-ade6-0ab134f10ef5@group-ADDAE10BFDAD-LeaderElection61 ELECTION round 0: result PASSED (term=1)
2022-06-24 23:50:42,678 [4ea7895b-7402-4f6e-ade6-0ab134f10ef5@group-ADDAE10BFDAD-LeaderElection61] INFO  impl.RoleInfo (RoleInfo.java:shutdownLeaderElection(130)) - 4ea7895b-7402-4f6e-ade6-0ab134f10ef5: shutdown 4ea7895b-7402-4f6e-ade6-0ab134f10ef5@group-ADDAE10BFDAD-LeaderElection61
2022-06-24 23:50:42,678 [4ea7895b-7402-4f6e-ade6-0ab134f10ef5@group-ADDAE10BFDAD-LeaderElection61] INFO  server.RaftServer$Division (RaftServerImpl.java:setRole(299)) - 4ea7895b-7402-4f6e-ade6-0ab134f10ef5@group-ADDAE10BFDAD: changes role from CANDIDATE to LEADER at term 1 for changeToLeader
2022-06-24 23:50:42,678 [4ea7895b-7402-4f6e-ade6-0ab134f10ef5@group-ADDAE10BFDAD-LeaderElection61] INFO  ratis.XceiverServerRatis (XceiverServerRatis.java:handleLeaderChangedNotification(863)) - Leader change notification received for group: group-ADDAE10BFDAD with new leaderId: 4ea7895b-7402-4f6e-ade6-0ab134f10ef5
2022-06-24 23:50:42,679 [4ea7895b-7402-4f6e-ade6-0ab134f10ef5@group-ADDAE10BFDAD-LeaderElection61] INFO  server.RaftServer$Division (ServerState.java:setLeader(287)) - 4ea7895b-7402-4f6e-ade6-0ab134f10ef5@group-ADDAE10BFDAD: change Leader from null to 4ea7895b-7402-4f6e-ade6-0ab134f10ef5 at term 1 for becomeLeader, leader elected after 5177ms
2022-06-24 23:50:42,679 [4ea7895b-7402-4f6e-ade6-0ab134f10ef5@group-ADDAE10BFDAD-LeaderElection61] INFO  server.RaftServerConfigKeys (ConfUtils.java:logGet(46)) - raft.server.staging.catchup.gap = 1000 (default)
2022-06-24 23:50:42,686 [4ea7895b-7402-4f6e-ade6-0ab134f10ef5@group-ADDAE10BFDAD-LeaderElection61] INFO  server.RaftServerConfigKeys (ConfUtils.java:logGet(46)) - raft.server.write.element-limit = 1024 (custom)
2022-06-24 23:50:42,686 [4ea7895b-7402-4f6e-ade6-0ab134f10ef5@group-ADDAE10BFDAD-LeaderElection61] INFO  server.RaftServerConfigKeys (ConfUtils.java:logGet(46)) - raft.server.write.byte-limit = 1024 M (=1073741824) (custom)
2022-06-24 23:50:42,686 [4ea7895b-7402-4f6e-ade6-0ab134f10ef5@group-ADDAE10BFDAD-LeaderElection61] INFO  server.RaftServerConfigKeys (ConfUtils.java:logGet(46)) - raft.server.watch.timeout = 180s (custom)
2022-06-24 23:50:42,686 [4ea7895b-7402-4f6e-ade6-0ab134f10ef5@group-ADDAE10BFDAD-LeaderElection61] INFO  server.RaftServerConfigKeys (ConfUtils.java:logGet(46)) - raft.server.watch.timeout.denomination = 1s (default)
2022-06-24 23:50:42,686 [4ea7895b-7402-4f6e-ade6-0ab134f10ef5@group-ADDAE10BFDAD-LeaderElection61] INFO  server.RaftServerConfigKeys (ConfUtils.java:logGet(46)) - raft.server.watch.element-limit = 65536 (default)
2022-06-24 23:50:42,686 [4ea7895b-7402-4f6e-ade6-0ab134f10ef5@group-ADDAE10BFDAD-LeaderElection61] INFO  server.RaftServerConfigKeys (ConfUtils.java:logGet(46)) - raft.server.write.element-limit = 1024 (custom)
2022-06-24 23:50:42,686 [4ea7895b-7402-4f6e-ade6-0ab134f10ef5@group-ADDAE10BFDAD-LeaderElection61] INFO  server.RaftServerConfigKeys (ConfUtils.java:logGet(46)) - raft.server.write.follower.gap.ratio.max = -1.0 (default)
2022-06-24 23:50:42,688 [4ea7895b-7402-4f6e-ade6-0ab134f10ef5@group-ADDAE10BFDAD-LeaderElection61] INFO  impl.RoleInfo (RoleInfo.java:updateAndGet(139)) - 4ea7895b-7402-4f6e-ade6-0ab134f10ef5: start 4ea7895b-7402-4f6e-ade6-0ab134f10ef5@group-ADDAE10BFDAD-LeaderStateImpl
2022-06-24 23:50:42,689 [4ea7895b-7402-4f6e-ade6-0ab134f10ef5@group-ADDAE10BFDAD-LeaderElection61] INFO  segmented.SegmentedRaftLogWorker (SegmentedRaftLogWorker.java:startLogSegment(425)) - 4ea7895b-7402-4f6e-ade6-0ab134f10ef5@group-ADDAE10BFDAD-SegmentedRaftLogWorker: Starting segment from index:0
2022-06-24 23:50:42,691 [4ea7895b-7402-4f6e-ade6-0ab134f10ef5@group-ADDAE10BFDAD-SegmentedRaftLogWorker] INFO  segmented.SegmentedRaftLogWorker (SegmentedRaftLogWorker.java:execute(629)) - 4ea7895b-7402-4f6e-ade6-0ab134f10ef5@group-ADDAE10BFDAD-SegmentedRaftLogWorker: created new log segment /home/runner/work/ozone/ozone/hadoop-ozone/integration-test/target/test-dir/MiniOzoneClusterImpl-fde6c995-fd32-43d9-9d96-6dc5d052cd3d/datanode-4/data/ratis/fe189d9d-29e5-4891-a8ac-addae10bfdad/current/log_inprogress_0
2022-06-24 23:50:42,699 [4ea7895b-7402-4f6e-ade6-0ab134f10ef5@group-ADDAE10BFDAD-LeaderElection61] INFO  server.RaftServer$Division (ServerState.java:setRaftConf(393)) - 4ea7895b-7402-4f6e-ade6-0ab134f10ef5@group-ADDAE10BFDAD: set configuration 0: [4ea7895b-7402-4f6e-ade6-0ab134f10ef5|rpc:10.1.0.24:35267|dataStream:|priority:1], old=null
2022-06-24 23:50:43,635 [e0e9d4ea-e5ff-4cfc-8100-64ee9cc1170c@group-7301C1C6E889-FollowerState] INFO  impl.FollowerState (FollowerState.java:run(143)) - e0e9d4ea-e5ff-4cfc-8100-64ee9cc1170c@group-7301C1C6E889-FollowerState: change to CANDIDATE, lastRpcElapsedTime:5035740649ns, electionTimeout:5000ms
2022-06-24 23:50:43,635 [e0e9d4ea-e5ff-4cfc-8100-64ee9cc1170c@group-7301C1C6E889-FollowerState] INFO  impl.RoleInfo (RoleInfo.java:shutdownFollowerState(110)) - e0e9d4ea-e5ff-4cfc-8100-64ee9cc1170c: shutdown e0e9d4ea-e5ff-4cfc-8100-64ee9cc1170c@group-7301C1C6E889-FollowerState
2022-06-24 23:50:43,635 [e0e9d4ea-e5ff-4cfc-8100-64ee9cc1170c@group-7301C1C6E889-FollowerState] INFO  server.RaftServer$Division (RaftServerImpl.java:setRole(299)) - e0e9d4ea-e5ff-4cfc-8100-64ee9cc1170c@group-7301C1C6E889: changes role from  FOLLOWER to CANDIDATE at term 1 for changeToCandidate
2022-06-24 23:50:43,635 [e0e9d4ea-e5ff-4cfc-8100-64ee9cc1170c@group-7301C1C6E889-FollowerState] INFO  server.RaftServerConfigKeys (ConfUtils.java:logGet(46)) - raft.server.leaderelection.pre-vote = false (custom)
2022-06-24 23:50:43,635 [e0e9d4ea-e5ff-4cfc-8100-64ee9cc1170c@group-7301C1C6E889-FollowerState] INFO  impl.RoleInfo (RoleInfo.java:updateAndGet(139)) - e0e9d4ea-e5ff-4cfc-8100-64ee9cc1170c: start e0e9d4ea-e5ff-4cfc-8100-64ee9cc1170c@group-7301C1C6E889-LeaderElection62
2022-06-24 23:50:43,681 [e0e9d4ea-e5ff-4cfc-8100-64ee9cc1170c@group-7301C1C6E889-LeaderElection62] INFO  impl.LeaderElection (LeaderElection.java:askForVotes(310)) - e0e9d4ea-e5ff-4cfc-8100-64ee9cc1170c@group-7301C1C6E889-LeaderElection62 ELECTION round 0: submit vote requests at term 2 for -1: [e4b7c23e-ae07-4399-b4c7-5433903d8f4c|rpc:10.1.0.24:37801|priority:1, e0e9d4ea-e5ff-4cfc-8100-64ee9cc1170c|rpc:10.1.0.24:37185|priority:0, aaaf6e37-99bf-4100-a292-78f58d03488b|rpc:10.1.0.24:32839|priority:0], old=null
2022-06-24 23:50:43,709 [e4b7c23e-ae07-4399-b4c7-5433903d8f4c@group-7301C1C6E889-FollowerState] INFO  impl.FollowerState (FollowerState.java:run(143)) - e4b7c23e-ae07-4399-b4c7-5433903d8f4c@group-7301C1C6E889-FollowerState: change to CANDIDATE, lastRpcElapsedTime:5032613388ns, electionTimeout:5001ms
2022-06-24 23:50:43,709 [e4b7c23e-ae07-4399-b4c7-5433903d8f4c@group-7301C1C6E889-FollowerState] INFO  impl.RoleInfo (RoleInfo.java:shutdownFollowerState(110)) - e4b7c23e-ae07-4399-b4c7-5433903d8f4c: shutdown e4b7c23e-ae07-4399-b4c7-5433903d8f4c@group-7301C1C6E889-FollowerState
2022-06-24 23:50:43,709 [e4b7c23e-ae07-4399-b4c7-5433903d8f4c@group-7301C1C6E889-FollowerState] INFO  server.RaftServer$Division (RaftServerImpl.java:setRole(299)) - e4b7c23e-ae07-4399-b4c7-5433903d8f4c@group-7301C1C6E889: changes role from  FOLLOWER to CANDIDATE at term 1 for changeToCandidate
2022-06-24 23:50:43,709 [e4b7c23e-ae07-4399-b4c7-5433903d8f4c@group-7301C1C6E889-FollowerState] INFO  server.RaftServerConfigKeys (ConfUtils.java:logGet(46)) - raft.server.leaderelection.pre-vote = false (custom)
2022-06-24 23:50:43,709 [e4b7c23e-ae07-4399-b4c7-5433903d8f4c@group-7301C1C6E889-FollowerState] INFO  impl.RoleInfo (RoleInfo.java:updateAndGet(139)) - e4b7c23e-ae07-4399-b4c7-5433903d8f4c: start e4b7c23e-ae07-4399-b4c7-5433903d8f4c@group-7301C1C6E889-LeaderElection63
2022-06-24 23:50:43,725 [grpc-default-executor-3] INFO  server.RaftServer$Division (RaftServerImpl.java:requestVote(1152)) - e4b7c23e-ae07-4399-b4c7-5433903d8f4c@group-7301C1C6E889: receive requestVote(ELECTION, e0e9d4ea-e5ff-4cfc-8100-64ee9cc1170c, group-7301C1C6E889, 2, (t:0, i:0))
2022-06-24 23:50:43,737 [grpc-default-executor-3] INFO  impl.VoteContext (VoteContext.java:log(48)) - e4b7c23e-ae07-4399-b4c7-5433903d8f4c@group-7301C1C6E889-CANDIDATE: reject ELECTION from e0e9d4ea-e5ff-4cfc-8100-64ee9cc1170c: our priority 1 > candidate's priority 0
2022-06-24 23:50:43,738 [grpc-default-executor-3] INFO  server.RaftServer$Division (RaftServerImpl.java:setRole(299)) - e4b7c23e-ae07-4399-b4c7-5433903d8f4c@group-7301C1C6E889: changes role from CANDIDATE to FOLLOWER at term 2 for candidate:e0e9d4ea-e5ff-4cfc-8100-64ee9cc1170c
2022-06-24 23:50:43,738 [grpc-default-executor-3] INFO  impl.RoleInfo (RoleInfo.java:shutdownLeaderElection(130)) - e4b7c23e-ae07-4399-b4c7-5433903d8f4c: shutdown e4b7c23e-ae07-4399-b4c7-5433903d8f4c@group-7301C1C6E889-LeaderElection63
2022-06-24 23:50:43,738 [grpc-default-executor-3] INFO  impl.RoleInfo (RoleInfo.java:updateAndGet(139)) - e4b7c23e-ae07-4399-b4c7-5433903d8f4c: start e4b7c23e-ae07-4399-b4c7-5433903d8f4c@group-7301C1C6E889-FollowerState
2022-06-24 23:50:43,741 [grpc-default-executor-3] INFO  server.RaftServer$Division (RaftServerImpl.java:requestVote(1184)) - e4b7c23e-ae07-4399-b4c7-5433903d8f4c@group-7301C1C6E889 replies to ELECTION vote request: e0e9d4ea-e5ff-4cfc-8100-64ee9cc1170c<-e4b7c23e-ae07-4399-b4c7-5433903d8f4c#0:FAIL-t2. Peer's state: e4b7c23e-ae07-4399-b4c7-5433903d8f4c@group-7301C1C6E889:t2, leader=null, voted=null, raftlog=e4b7c23e-ae07-4399-b4c7-5433903d8f4c@group-7301C1C6E889-SegmentedRaftLog:OPENED:c-1, conf=-1: [e4b7c23e-ae07-4399-b4c7-5433903d8f4c|rpc:10.1.0.24:37801|dataStream:|priority:1, e0e9d4ea-e5ff-4cfc-8100-64ee9cc1170c|rpc:10.1.0.24:37185|dataStream:|priority:0, aaaf6e37-99bf-4100-a292-78f58d03488b|rpc:10.1.0.24:32839|dataStream:|priority:0], old=null
2022-06-24 23:50:43,745 [e0e9d4ea-e5ff-4cfc-8100-64ee9cc1170c@group-7301C1C6E889-LeaderElection62] INFO  impl.LeaderElection (LeaderElection.java:logAndReturn(90)) - e0e9d4ea-e5ff-4cfc-8100-64ee9cc1170c@group-7301C1C6E889-LeaderElection62: ELECTION REJECTED received 1 response(s) and 0 exception(s):
2022-06-24 23:50:43,745 [e0e9d4ea-e5ff-4cfc-8100-64ee9cc1170c@group-7301C1C6E889-LeaderElection62] INFO  impl.LeaderElection (LeaderElection.java:logAndReturn(94)) -   Response 0: e0e9d4ea-e5ff-4cfc-8100-64ee9cc1170c<-e4b7c23e-ae07-4399-b4c7-5433903d8f4c#0:FAIL-t2
2022-06-24 23:50:43,745 [e0e9d4ea-e5ff-4cfc-8100-64ee9cc1170c@group-7301C1C6E889-LeaderElection62] INFO  impl.LeaderElection (LeaderElection.java:askForVotes(312)) - e0e9d4ea-e5ff-4cfc-8100-64ee9cc1170c@group-7301C1C6E889-LeaderElection62 ELECTION round 0: result REJECTED
2022-06-24 23:50:43,745 [e0e9d4ea-e5ff-4cfc-8100-64ee9cc1170c@group-7301C1C6E889-LeaderElection62] INFO  server.RaftServer$Division (RaftServerImpl.java:setRole(299)) - e0e9d4ea-e5ff-4cfc-8100-64ee9cc1170c@group-7301C1C6E889: changes role from CANDIDATE to FOLLOWER at term 2 for REJECTED
2022-06-24 23:50:43,745 [e0e9d4ea-e5ff-4cfc-8100-64ee9cc1170c@group-7301C1C6E889-LeaderElection62] INFO  impl.RoleInfo (RoleInfo.java:shutdownLeaderElection(130)) - e0e9d4ea-e5ff-4cfc-8100-64ee9cc1170c: shutdown e0e9d4ea-e5ff-4cfc-8100-64ee9cc1170c@group-7301C1C6E889-LeaderElection62
2022-06-24 23:50:43,746 [e0e9d4ea-e5ff-4cfc-8100-64ee9cc1170c@group-7301C1C6E889-LeaderElection62] INFO  impl.RoleInfo (RoleInfo.java:updateAndGet(139)) - e0e9d4ea-e5ff-4cfc-8100-64ee9cc1170c: start e0e9d4ea-e5ff-4cfc-8100-64ee9cc1170c@group-7301C1C6E889-FollowerState
2022-06-24 23:50:43,819 [grpc-default-executor-3] INFO  server.RaftServer$Division (RaftServerImpl.java:requestVote(1152)) - aaaf6e37-99bf-4100-a292-78f58d03488b@group-7301C1C6E889: receive requestVote(ELECTION, e0e9d4ea-e5ff-4cfc-8100-64ee9cc1170c, group-7301C1C6E889, 2, (t:0, i:0))
2022-06-24 23:50:43,819 [grpc-default-executor-3] INFO  impl.VoteContext (VoteContext.java:log(48)) - aaaf6e37-99bf-4100-a292-78f58d03488b@group-7301C1C6E889-FOLLOWER: accept ELECTION from e0e9d4ea-e5ff-4cfc-8100-64ee9cc1170c: our priority 0 <= candidate's priority 0
2022-06-24 23:50:43,819 [grpc-default-executor-3] INFO  server.RaftServer$Division (RaftServerImpl.java:setRole(299)) - aaaf6e37-99bf-4100-a292-78f58d03488b@group-7301C1C6E889: changes role from  FOLLOWER to FOLLOWER at term 2 for candidate:e0e9d4ea-e5ff-4cfc-8100-64ee9cc1170c
2022-06-24 23:50:43,819 [grpc-default-executor-3] INFO  impl.RoleInfo (RoleInfo.java:shutdownFollowerState(110)) - aaaf6e37-99bf-4100-a292-78f58d03488b: shutdown aaaf6e37-99bf-4100-a292-78f58d03488b@group-7301C1C6E889-FollowerState
2022-06-24 23:50:43,819 [grpc-default-executor-3] INFO  impl.RoleInfo (RoleInfo.java:updateAndGet(139)) - aaaf6e37-99bf-4100-a292-78f58d03488b: start aaaf6e37-99bf-4100-a292-78f58d03488b@group-7301C1C6E889-FollowerState
2022-06-24 23:50:43,819 [aaaf6e37-99bf-4100-a292-78f58d03488b@group-7301C1C6E889-FollowerState] INFO  impl.FollowerState (FollowerState.java:run(152)) - aaaf6e37-99bf-4100-a292-78f58d03488b@group-7301C1C6E889-FollowerState was interrupted
2022-06-24 23:50:43,836 [grpc-default-executor-3] INFO  server.RaftServer$Division (RaftServerImpl.java:requestVote(1184)) - aaaf6e37-99bf-4100-a292-78f58d03488b@group-7301C1C6E889 replies to ELECTION vote request: e0e9d4ea-e5ff-4cfc-8100-64ee9cc1170c<-aaaf6e37-99bf-4100-a292-78f58d03488b#0:OK-t2. Peer's state: aaaf6e37-99bf-4100-a292-78f58d03488b@group-7301C1C6E889:t2, leader=null, voted=e0e9d4ea-e5ff-4cfc-8100-64ee9cc1170c, raftlog=aaaf6e37-99bf-4100-a292-78f58d03488b@group-7301C1C6E889-SegmentedRaftLog:OPENED:c-1, conf=-1: [e4b7c23e-ae07-4399-b4c7-5433903d8f4c|rpc:10.1.0.24:37801|dataStream:|priority:1, e0e9d4ea-e5ff-4cfc-8100-64ee9cc1170c|rpc:10.1.0.24:37185|dataStream:|priority:0, aaaf6e37-99bf-4100-a292-78f58d03488b|rpc:10.1.0.24:32839|dataStream:|priority:0], old=null
23:50:44.192 [IPC Server handler 15 on default port 33563] ERROR OMAudit - user=runner | ip=127.0.0.1 | op=GET_FILE_STATUS {volume=volume50176, bucket=bucket31866, key=.Trash/runner/Current/testKey2, dataSize=0, replicationConfig=null} | ret=FAILURE
org.apache.hadoop.ozone.om.exceptions.OMException: Unable to get file status: volume: volume50176 bucket: bucket31866 key: .Trash/runner/Current/testKey2
	at org.apache.hadoop.ozone.om.KeyManagerImpl.getOzoneFileStatus(KeyManagerImpl.java:1311) ~[ozone-manager-1.3.0-SNAPSHOT.jar:?]
	at org.apache.hadoop.ozone.om.KeyManagerImpl.getFileStatus(KeyManagerImpl.java:1241) ~[ozone-manager-1.3.0-SNAPSHOT.jar:?]
	at org.apache.hadoop.ozone.om.OzoneManager.getFileStatus(OzoneManager.java:3419) ~[ozone-manager-1.3.0-SNAPSHOT.jar:?]
	at org.apache.hadoop.ozone.protocolPB.OzoneManagerRequestHandler.getOzoneFileStatus(OzoneManagerRequestHandler.java:871) ~[ozone-manager-1.3.0-SNAPSHOT.jar:?]
	at org.apache.hadoop.ozone.protocolPB.OzoneManagerRequestHandler.handleReadRequest(OzoneManagerRequestHandler.java:217) ~[ozone-manager-1.3.0-SNAPSHOT.jar:?]
	at org.apache.hadoop.ozone.protocolPB.OzoneManagerProtocolServerSideTranslatorPB.submitRequestDirectlyToOM(OzoneManagerProtocolServerSideTranslatorPB.java:276) ~[ozone-manager-1.3.0-SNAPSHOT.jar:?]
	at org.apache.hadoop.ozone.protocolPB.OzoneManagerProtocolServerSideTranslatorPB.processRequest(OzoneManagerProtocolServerSideTranslatorPB.java:205) ~[ozone-manager-1.3.0-SNAPSHOT.jar:?]
	at org.apache.hadoop.hdds.server.OzoneProtocolMessageDispatcher.processRequest(OzoneProtocolMessageDispatcher.java:87) [hdds-server-framework-1.3.0-SNAPSHOT.jar:?]
	at org.apache.hadoop.ozone.protocolPB.OzoneManagerProtocolServerSideTranslatorPB.submitRequest(OzoneManagerProtocolServerSideTranslatorPB.java:147) [ozone-manager-1.3.0-SNAPSHOT.jar:?]
	at org.apache.hadoop.ozone.protocol.proto.OzoneManagerProtocolProtos$OzoneManagerService$2.callBlockingMethod(OzoneManagerProtocolProtos.java) [ozone-interface-client-1.3.0-SNAPSHOT.jar:?]
	at org.apache.hadoop.ipc.ProtobufRpcEngine$Server.processCall(ProtobufRpcEngine.java:466) [hadoop-common-3.3.1.jar:?]
	at org.apache.hadoop.ipc.ProtobufRpcEngine2$Server$ProtoBufRpcInvoker.call(ProtobufRpcEngine2.java:574) [hadoop-common-3.3.1.jar:?]
	at org.apache.hadoop.ipc.ProtobufRpcEngine2$Server$ProtoBufRpcInvoker.call(ProtobufRpcEngine2.java:552) [hadoop-common-3.3.1.jar:?]
	at org.apache.hadoop.ipc.RPC$Server.call(RPC.java:1093) [hadoop-common-3.3.1.jar:?]
	at org.apache.hadoop.ipc.Server$RpcCall.run(Server.java:1035) [hadoop-common-3.3.1.jar:?]
	at org.apache.hadoop.ipc.Server$RpcCall.run(Server.java:963) [hadoop-common-3.3.1.jar:?]
	at java.security.AccessController.doPrivileged(Native Method) ~[?:1.8.0_332]
	at javax.security.auth.Subject.doAs(Subject.java:422) [?:1.8.0_332]
	at org.apache.hadoop.security.UserGroupInformation.doAs(UserGroupInformation.java:1878) [hadoop-common-3.3.1.jar:?]
	at org.apache.hadoop.ipc.Server$Handler.run(Server.java:2966) [hadoop-common-3.3.1.jar:?]
]]></system-out>
  </testcase>
  <testcase name="testRenameDestinationParentDoesntExist" classname="TestOzoneFileSystem" time="0.043">
    <system-out><![CDATA[23:45:25.026 [IPC Server handler 2 on default port 44795] ERROR OMAudit - user=runner | ip=127.0.0.1 | op=GET_FILE_STATUS {volume=volume84730, bucket=bucket91502, key=root_dir/b/c, dataSize=0, replicationConfig=null} | ret=FAILURE
org.apache.hadoop.ozone.om.exceptions.OMException: Unable to get file status: volume: volume84730 bucket: bucket91502 key: root_dir/b/c
	at org.apache.hadoop.ozone.om.KeyManagerImpl.getOzoneFileStatus(KeyManagerImpl.java:1311) ~[ozone-manager-1.3.0-SNAPSHOT.jar:?]
	at org.apache.hadoop.ozone.om.KeyManagerImpl.getFileStatus(KeyManagerImpl.java:1241) ~[ozone-manager-1.3.0-SNAPSHOT.jar:?]
	at org.apache.hadoop.ozone.om.OzoneManager.getFileStatus(OzoneManager.java:3419) ~[ozone-manager-1.3.0-SNAPSHOT.jar:?]
	at org.apache.hadoop.ozone.protocolPB.OzoneManagerRequestHandler.getOzoneFileStatus(OzoneManagerRequestHandler.java:871) ~[ozone-manager-1.3.0-SNAPSHOT.jar:?]
	at org.apache.hadoop.ozone.protocolPB.OzoneManagerRequestHandler.handleReadRequest(OzoneManagerRequestHandler.java:217) ~[ozone-manager-1.3.0-SNAPSHOT.jar:?]
	at org.apache.hadoop.ozone.protocolPB.OzoneManagerProtocolServerSideTranslatorPB.submitReadRequestToOM(OzoneManagerProtocolServerSideTranslatorPB.java:226) ~[ozone-manager-1.3.0-SNAPSHOT.jar:?]
	at org.apache.hadoop.ozone.protocolPB.OzoneManagerProtocolServerSideTranslatorPB.processRequest(OzoneManagerProtocolServerSideTranslatorPB.java:175) ~[ozone-manager-1.3.0-SNAPSHOT.jar:?]
	at org.apache.hadoop.hdds.server.OzoneProtocolMessageDispatcher.processRequest(OzoneProtocolMessageDispatcher.java:87) [hdds-server-framework-1.3.0-SNAPSHOT.jar:?]
	at org.apache.hadoop.ozone.protocolPB.OzoneManagerProtocolServerSideTranslatorPB.submitRequest(OzoneManagerProtocolServerSideTranslatorPB.java:147) [ozone-manager-1.3.0-SNAPSHOT.jar:?]
	at org.apache.hadoop.ozone.protocol.proto.OzoneManagerProtocolProtos$OzoneManagerService$2.callBlockingMethod(OzoneManagerProtocolProtos.java) [ozone-interface-client-1.3.0-SNAPSHOT.jar:?]
	at org.apache.hadoop.ipc.ProtobufRpcEngine$Server.processCall(ProtobufRpcEngine.java:466) [hadoop-common-3.3.1.jar:?]
	at org.apache.hadoop.ipc.ProtobufRpcEngine2$Server$ProtoBufRpcInvoker.call(ProtobufRpcEngine2.java:574) [hadoop-common-3.3.1.jar:?]
	at org.apache.hadoop.ipc.ProtobufRpcEngine2$Server$ProtoBufRpcInvoker.call(ProtobufRpcEngine2.java:552) [hadoop-common-3.3.1.jar:?]
	at org.apache.hadoop.ipc.RPC$Server.call(RPC.java:1093) [hadoop-common-3.3.1.jar:?]
	at org.apache.hadoop.ipc.Server$RpcCall.run(Server.java:1035) [hadoop-common-3.3.1.jar:?]
	at org.apache.hadoop.ipc.Server$RpcCall.run(Server.java:963) [hadoop-common-3.3.1.jar:?]
	at java.security.AccessController.doPrivileged(Native Method) ~[?:1.8.0_332]
	at javax.security.auth.Subject.doAs(Subject.java:422) [?:1.8.0_332]
	at org.apache.hadoop.security.UserGroupInformation.doAs(UserGroupInformation.java:1878) [hadoop-common-3.3.1.jar:?]
	at org.apache.hadoop.ipc.Server$Handler.run(Server.java:2966) [hadoop-common-3.3.1.jar:?]
23:45:25.028 [IPC Server handler 1 on default port 44795] ERROR OMAudit - user=runner | ip=127.0.0.1 | op=GET_FILE_STATUS {volume=volume84730, bucket=bucket91502, key=root_dir/b, dataSize=0, replicationConfig=null} | ret=FAILURE
org.apache.hadoop.ozone.om.exceptions.OMException: Unable to get file status: volume: volume84730 bucket: bucket91502 key: root_dir/b
	at org.apache.hadoop.ozone.om.KeyManagerImpl.getOzoneFileStatus(KeyManagerImpl.java:1311) ~[ozone-manager-1.3.0-SNAPSHOT.jar:?]
	at org.apache.hadoop.ozone.om.KeyManagerImpl.getFileStatus(KeyManagerImpl.java:1241) ~[ozone-manager-1.3.0-SNAPSHOT.jar:?]
	at org.apache.hadoop.ozone.om.OzoneManager.getFileStatus(OzoneManager.java:3419) ~[ozone-manager-1.3.0-SNAPSHOT.jar:?]
	at org.apache.hadoop.ozone.protocolPB.OzoneManagerRequestHandler.getOzoneFileStatus(OzoneManagerRequestHandler.java:871) ~[ozone-manager-1.3.0-SNAPSHOT.jar:?]
	at org.apache.hadoop.ozone.protocolPB.OzoneManagerRequestHandler.handleReadRequest(OzoneManagerRequestHandler.java:217) ~[ozone-manager-1.3.0-SNAPSHOT.jar:?]
	at org.apache.hadoop.ozone.protocolPB.OzoneManagerProtocolServerSideTranslatorPB.submitReadRequestToOM(OzoneManagerProtocolServerSideTranslatorPB.java:226) ~[ozone-manager-1.3.0-SNAPSHOT.jar:?]
	at org.apache.hadoop.ozone.protocolPB.OzoneManagerProtocolServerSideTranslatorPB.processRequest(OzoneManagerProtocolServerSideTranslatorPB.java:175) ~[ozone-manager-1.3.0-SNAPSHOT.jar:?]
	at org.apache.hadoop.hdds.server.OzoneProtocolMessageDispatcher.processRequest(OzoneProtocolMessageDispatcher.java:87) [hdds-server-framework-1.3.0-SNAPSHOT.jar:?]
	at org.apache.hadoop.ozone.protocolPB.OzoneManagerProtocolServerSideTranslatorPB.submitRequest(OzoneManagerProtocolServerSideTranslatorPB.java:147) [ozone-manager-1.3.0-SNAPSHOT.jar:?]
	at org.apache.hadoop.ozone.protocol.proto.OzoneManagerProtocolProtos$OzoneManagerService$2.callBlockingMethod(OzoneManagerProtocolProtos.java) [ozone-interface-client-1.3.0-SNAPSHOT.jar:?]
	at org.apache.hadoop.ipc.ProtobufRpcEngine$Server.processCall(ProtobufRpcEngine.java:466) [hadoop-common-3.3.1.jar:?]
	at org.apache.hadoop.ipc.ProtobufRpcEngine2$Server$ProtoBufRpcInvoker.call(ProtobufRpcEngine2.java:574) [hadoop-common-3.3.1.jar:?]
	at org.apache.hadoop.ipc.ProtobufRpcEngine2$Server$ProtoBufRpcInvoker.call(ProtobufRpcEngine2.java:552) [hadoop-common-3.3.1.jar:?]
	at org.apache.hadoop.ipc.RPC$Server.call(RPC.java:1093) [hadoop-common-3.3.1.jar:?]
	at org.apache.hadoop.ipc.Server$RpcCall.run(Server.java:1035) [hadoop-common-3.3.1.jar:?]
	at org.apache.hadoop.ipc.Server$RpcCall.run(Server.java:963) [hadoop-common-3.3.1.jar:?]
	at java.security.AccessController.doPrivileged(Native Method) ~[?:1.8.0_332]
	at javax.security.auth.Subject.doAs(Subject.java:422) [?:1.8.0_332]
	at org.apache.hadoop.security.UserGroupInformation.doAs(UserGroupInformation.java:1878) [hadoop-common-3.3.1.jar:?]
	at org.apache.hadoop.ipc.Server$Handler.run(Server.java:2966) [hadoop-common-3.3.1.jar:?]
23:45:25.042 [IPC Server handler 11 on default port 44795] ERROR OMAudit - user=runner | ip=127.0.0.1 | op=GET_FILE_STATUS {volume=volume84730, bucket=bucket91502, key=root_dir/file1/c, dataSize=0, replicationConfig=null} | ret=FAILURE
org.apache.hadoop.ozone.om.exceptions.OMException: Unable to get file status: volume: volume84730 bucket: bucket91502 key: root_dir/file1/c
	at org.apache.hadoop.ozone.om.KeyManagerImpl.getOzoneFileStatus(KeyManagerImpl.java:1311) ~[ozone-manager-1.3.0-SNAPSHOT.jar:?]
	at org.apache.hadoop.ozone.om.KeyManagerImpl.getFileStatus(KeyManagerImpl.java:1241) ~[ozone-manager-1.3.0-SNAPSHOT.jar:?]
	at org.apache.hadoop.ozone.om.OzoneManager.getFileStatus(OzoneManager.java:3419) ~[ozone-manager-1.3.0-SNAPSHOT.jar:?]
	at org.apache.hadoop.ozone.protocolPB.OzoneManagerRequestHandler.getOzoneFileStatus(OzoneManagerRequestHandler.java:871) ~[ozone-manager-1.3.0-SNAPSHOT.jar:?]
	at org.apache.hadoop.ozone.protocolPB.OzoneManagerRequestHandler.handleReadRequest(OzoneManagerRequestHandler.java:217) ~[ozone-manager-1.3.0-SNAPSHOT.jar:?]
	at org.apache.hadoop.ozone.protocolPB.OzoneManagerProtocolServerSideTranslatorPB.submitReadRequestToOM(OzoneManagerProtocolServerSideTranslatorPB.java:226) ~[ozone-manager-1.3.0-SNAPSHOT.jar:?]
	at org.apache.hadoop.ozone.protocolPB.OzoneManagerProtocolServerSideTranslatorPB.processRequest(OzoneManagerProtocolServerSideTranslatorPB.java:175) ~[ozone-manager-1.3.0-SNAPSHOT.jar:?]
	at org.apache.hadoop.hdds.server.OzoneProtocolMessageDispatcher.processRequest(OzoneProtocolMessageDispatcher.java:87) [hdds-server-framework-1.3.0-SNAPSHOT.jar:?]
	at org.apache.hadoop.ozone.protocolPB.OzoneManagerProtocolServerSideTranslatorPB.submitRequest(OzoneManagerProtocolServerSideTranslatorPB.java:147) [ozone-manager-1.3.0-SNAPSHOT.jar:?]
	at org.apache.hadoop.ozone.protocol.proto.OzoneManagerProtocolProtos$OzoneManagerService$2.callBlockingMethod(OzoneManagerProtocolProtos.java) [ozone-interface-client-1.3.0-SNAPSHOT.jar:?]
	at org.apache.hadoop.ipc.ProtobufRpcEngine$Server.processCall(ProtobufRpcEngine.java:466) [hadoop-common-3.3.1.jar:?]
	at org.apache.hadoop.ipc.ProtobufRpcEngine2$Server$ProtoBufRpcInvoker.call(ProtobufRpcEngine2.java:574) [hadoop-common-3.3.1.jar:?]
	at org.apache.hadoop.ipc.ProtobufRpcEngine2$Server$ProtoBufRpcInvoker.call(ProtobufRpcEngine2.java:552) [hadoop-common-3.3.1.jar:?]
	at org.apache.hadoop.ipc.RPC$Server.call(RPC.java:1093) [hadoop-common-3.3.1.jar:?]
	at org.apache.hadoop.ipc.Server$RpcCall.run(Server.java:1035) [hadoop-common-3.3.1.jar:?]
	at org.apache.hadoop.ipc.Server$RpcCall.run(Server.java:963) [hadoop-common-3.3.1.jar:?]
	at java.security.AccessController.doPrivileged(Native Method) ~[?:1.8.0_332]
	at javax.security.auth.Subject.doAs(Subject.java:422) [?:1.8.0_332]
	at org.apache.hadoop.security.UserGroupInformation.doAs(UserGroupInformation.java:1878) [hadoop-common-3.3.1.jar:?]
	at org.apache.hadoop.ipc.Server$Handler.run(Server.java:2966) [hadoop-common-3.3.1.jar:?]
]]></system-out>
  </testcase>
  <testcase name="testRenameDestinationParentDoesntExist" classname="TestOzoneFileSystem" time="0.038">
    <system-out><![CDATA[23:46:32.040 [IPC Server handler 7 on default port 34097] ERROR OMAudit - user=runner | ip=127.0.0.1 | op=GET_FILE_STATUS {volume=volume05206, bucket=bucket45514, key=root_dir/b/c, dataSize=0, replicationConfig=null} | ret=FAILURE
org.apache.hadoop.ozone.om.exceptions.OMException: Unable to get file status: volume: volume05206 bucket: bucket45514 key: root_dir/b/c
	at org.apache.hadoop.ozone.om.KeyManagerImpl.getOzoneFileStatus(KeyManagerImpl.java:1311) ~[ozone-manager-1.3.0-SNAPSHOT.jar:?]
	at org.apache.hadoop.ozone.om.KeyManagerImpl.getFileStatus(KeyManagerImpl.java:1241) ~[ozone-manager-1.3.0-SNAPSHOT.jar:?]
	at org.apache.hadoop.ozone.om.OzoneManager.getFileStatus(OzoneManager.java:3419) ~[ozone-manager-1.3.0-SNAPSHOT.jar:?]
	at org.apache.hadoop.ozone.protocolPB.OzoneManagerRequestHandler.getOzoneFileStatus(OzoneManagerRequestHandler.java:871) ~[ozone-manager-1.3.0-SNAPSHOT.jar:?]
	at org.apache.hadoop.ozone.protocolPB.OzoneManagerRequestHandler.handleReadRequest(OzoneManagerRequestHandler.java:217) ~[ozone-manager-1.3.0-SNAPSHOT.jar:?]
	at org.apache.hadoop.ozone.protocolPB.OzoneManagerProtocolServerSideTranslatorPB.submitRequestDirectlyToOM(OzoneManagerProtocolServerSideTranslatorPB.java:276) ~[ozone-manager-1.3.0-SNAPSHOT.jar:?]
	at org.apache.hadoop.ozone.protocolPB.OzoneManagerProtocolServerSideTranslatorPB.processRequest(OzoneManagerProtocolServerSideTranslatorPB.java:205) ~[ozone-manager-1.3.0-SNAPSHOT.jar:?]
	at org.apache.hadoop.hdds.server.OzoneProtocolMessageDispatcher.processRequest(OzoneProtocolMessageDispatcher.java:87) [hdds-server-framework-1.3.0-SNAPSHOT.jar:?]
	at org.apache.hadoop.ozone.protocolPB.OzoneManagerProtocolServerSideTranslatorPB.submitRequest(OzoneManagerProtocolServerSideTranslatorPB.java:147) [ozone-manager-1.3.0-SNAPSHOT.jar:?]
	at org.apache.hadoop.ozone.protocol.proto.OzoneManagerProtocolProtos$OzoneManagerService$2.callBlockingMethod(OzoneManagerProtocolProtos.java) [ozone-interface-client-1.3.0-SNAPSHOT.jar:?]
	at org.apache.hadoop.ipc.ProtobufRpcEngine$Server.processCall(ProtobufRpcEngine.java:466) [hadoop-common-3.3.1.jar:?]
	at org.apache.hadoop.ipc.ProtobufRpcEngine2$Server$ProtoBufRpcInvoker.call(ProtobufRpcEngine2.java:574) [hadoop-common-3.3.1.jar:?]
	at org.apache.hadoop.ipc.ProtobufRpcEngine2$Server$ProtoBufRpcInvoker.call(ProtobufRpcEngine2.java:552) [hadoop-common-3.3.1.jar:?]
	at org.apache.hadoop.ipc.RPC$Server.call(RPC.java:1093) [hadoop-common-3.3.1.jar:?]
	at org.apache.hadoop.ipc.Server$RpcCall.run(Server.java:1035) [hadoop-common-3.3.1.jar:?]
	at org.apache.hadoop.ipc.Server$RpcCall.run(Server.java:963) [hadoop-common-3.3.1.jar:?]
	at java.security.AccessController.doPrivileged(Native Method) ~[?:1.8.0_332]
	at javax.security.auth.Subject.doAs(Subject.java:422) [?:1.8.0_332]
	at org.apache.hadoop.security.UserGroupInformation.doAs(UserGroupInformation.java:1878) [hadoop-common-3.3.1.jar:?]
	at org.apache.hadoop.ipc.Server$Handler.run(Server.java:2966) [hadoop-common-3.3.1.jar:?]
23:46:32.041 [IPC Server handler 15 on default port 34097] ERROR OMAudit - user=runner | ip=127.0.0.1 | op=GET_FILE_STATUS {volume=volume05206, bucket=bucket45514, key=root_dir/b, dataSize=0, replicationConfig=null} | ret=FAILURE
org.apache.hadoop.ozone.om.exceptions.OMException: Unable to get file status: volume: volume05206 bucket: bucket45514 key: root_dir/b
	at org.apache.hadoop.ozone.om.KeyManagerImpl.getOzoneFileStatus(KeyManagerImpl.java:1311) ~[ozone-manager-1.3.0-SNAPSHOT.jar:?]
	at org.apache.hadoop.ozone.om.KeyManagerImpl.getFileStatus(KeyManagerImpl.java:1241) ~[ozone-manager-1.3.0-SNAPSHOT.jar:?]
	at org.apache.hadoop.ozone.om.OzoneManager.getFileStatus(OzoneManager.java:3419) ~[ozone-manager-1.3.0-SNAPSHOT.jar:?]
	at org.apache.hadoop.ozone.protocolPB.OzoneManagerRequestHandler.getOzoneFileStatus(OzoneManagerRequestHandler.java:871) ~[ozone-manager-1.3.0-SNAPSHOT.jar:?]
	at org.apache.hadoop.ozone.protocolPB.OzoneManagerRequestHandler.handleReadRequest(OzoneManagerRequestHandler.java:217) ~[ozone-manager-1.3.0-SNAPSHOT.jar:?]
	at org.apache.hadoop.ozone.protocolPB.OzoneManagerProtocolServerSideTranslatorPB.submitRequestDirectlyToOM(OzoneManagerProtocolServerSideTranslatorPB.java:276) ~[ozone-manager-1.3.0-SNAPSHOT.jar:?]
	at org.apache.hadoop.ozone.protocolPB.OzoneManagerProtocolServerSideTranslatorPB.processRequest(OzoneManagerProtocolServerSideTranslatorPB.java:205) ~[ozone-manager-1.3.0-SNAPSHOT.jar:?]
	at org.apache.hadoop.hdds.server.OzoneProtocolMessageDispatcher.processRequest(OzoneProtocolMessageDispatcher.java:87) [hdds-server-framework-1.3.0-SNAPSHOT.jar:?]
	at org.apache.hadoop.ozone.protocolPB.OzoneManagerProtocolServerSideTranslatorPB.submitRequest(OzoneManagerProtocolServerSideTranslatorPB.java:147) [ozone-manager-1.3.0-SNAPSHOT.jar:?]
	at org.apache.hadoop.ozone.protocol.proto.OzoneManagerProtocolProtos$OzoneManagerService$2.callBlockingMethod(OzoneManagerProtocolProtos.java) [ozone-interface-client-1.3.0-SNAPSHOT.jar:?]
	at org.apache.hadoop.ipc.ProtobufRpcEngine$Server.processCall(ProtobufRpcEngine.java:466) [hadoop-common-3.3.1.jar:?]
	at org.apache.hadoop.ipc.ProtobufRpcEngine2$Server$ProtoBufRpcInvoker.call(ProtobufRpcEngine2.java:574) [hadoop-common-3.3.1.jar:?]
	at org.apache.hadoop.ipc.ProtobufRpcEngine2$Server$ProtoBufRpcInvoker.call(ProtobufRpcEngine2.java:552) [hadoop-common-3.3.1.jar:?]
	at org.apache.hadoop.ipc.RPC$Server.call(RPC.java:1093) [hadoop-common-3.3.1.jar:?]
	at org.apache.hadoop.ipc.Server$RpcCall.run(Server.java:1035) [hadoop-common-3.3.1.jar:?]
	at org.apache.hadoop.ipc.Server$RpcCall.run(Server.java:963) [hadoop-common-3.3.1.jar:?]
	at java.security.AccessController.doPrivileged(Native Method) ~[?:1.8.0_332]
	at javax.security.auth.Subject.doAs(Subject.java:422) [?:1.8.0_332]
	at org.apache.hadoop.security.UserGroupInformation.doAs(UserGroupInformation.java:1878) [hadoop-common-3.3.1.jar:?]
	at org.apache.hadoop.ipc.Server$Handler.run(Server.java:2966) [hadoop-common-3.3.1.jar:?]
23:46:32.053 [IPC Server handler 18 on default port 34097] ERROR OMAudit - user=runner | ip=127.0.0.1 | op=GET_FILE_STATUS {volume=volume05206, bucket=bucket45514, key=root_dir/file1/c, dataSize=0, replicationConfig=null} | ret=FAILURE
org.apache.hadoop.ozone.om.exceptions.OMException: Unable to get file status: volume: volume05206 bucket: bucket45514 key: root_dir/file1/c
	at org.apache.hadoop.ozone.om.KeyManagerImpl.getOzoneFileStatus(KeyManagerImpl.java:1311) ~[ozone-manager-1.3.0-SNAPSHOT.jar:?]
	at org.apache.hadoop.ozone.om.KeyManagerImpl.getFileStatus(KeyManagerImpl.java:1241) ~[ozone-manager-1.3.0-SNAPSHOT.jar:?]
	at org.apache.hadoop.ozone.om.OzoneManager.getFileStatus(OzoneManager.java:3419) ~[ozone-manager-1.3.0-SNAPSHOT.jar:?]
	at org.apache.hadoop.ozone.protocolPB.OzoneManagerRequestHandler.getOzoneFileStatus(OzoneManagerRequestHandler.java:871) ~[ozone-manager-1.3.0-SNAPSHOT.jar:?]
	at org.apache.hadoop.ozone.protocolPB.OzoneManagerRequestHandler.handleReadRequest(OzoneManagerRequestHandler.java:217) ~[ozone-manager-1.3.0-SNAPSHOT.jar:?]
	at org.apache.hadoop.ozone.protocolPB.OzoneManagerProtocolServerSideTranslatorPB.submitRequestDirectlyToOM(OzoneManagerProtocolServerSideTranslatorPB.java:276) ~[ozone-manager-1.3.0-SNAPSHOT.jar:?]
	at org.apache.hadoop.ozone.protocolPB.OzoneManagerProtocolServerSideTranslatorPB.processRequest(OzoneManagerProtocolServerSideTranslatorPB.java:205) ~[ozone-manager-1.3.0-SNAPSHOT.jar:?]
	at org.apache.hadoop.hdds.server.OzoneProtocolMessageDispatcher.processRequest(OzoneProtocolMessageDispatcher.java:87) [hdds-server-framework-1.3.0-SNAPSHOT.jar:?]
	at org.apache.hadoop.ozone.protocolPB.OzoneManagerProtocolServerSideTranslatorPB.submitRequest(OzoneManagerProtocolServerSideTranslatorPB.java:147) [ozone-manager-1.3.0-SNAPSHOT.jar:?]
	at org.apache.hadoop.ozone.protocol.proto.OzoneManagerProtocolProtos$OzoneManagerService$2.callBlockingMethod(OzoneManagerProtocolProtos.java) [ozone-interface-client-1.3.0-SNAPSHOT.jar:?]
	at org.apache.hadoop.ipc.ProtobufRpcEngine$Server.processCall(ProtobufRpcEngine.java:466) [hadoop-common-3.3.1.jar:?]
	at org.apache.hadoop.ipc.ProtobufRpcEngine2$Server$ProtoBufRpcInvoker.call(ProtobufRpcEngine2.java:574) [hadoop-common-3.3.1.jar:?]
	at org.apache.hadoop.ipc.ProtobufRpcEngine2$Server$ProtoBufRpcInvoker.call(ProtobufRpcEngine2.java:552) [hadoop-common-3.3.1.jar:?]
	at org.apache.hadoop.ipc.RPC$Server.call(RPC.java:1093) [hadoop-common-3.3.1.jar:?]
	at org.apache.hadoop.ipc.Server$RpcCall.run(Server.java:1035) [hadoop-common-3.3.1.jar:?]
	at org.apache.hadoop.ipc.Server$RpcCall.run(Server.java:963) [hadoop-common-3.3.1.jar:?]
	at java.security.AccessController.doPrivileged(Native Method) ~[?:1.8.0_332]
	at javax.security.auth.Subject.doAs(Subject.java:422) [?:1.8.0_332]
	at org.apache.hadoop.security.UserGroupInformation.doAs(UserGroupInformation.java:1878) [hadoop-common-3.3.1.jar:?]
	at org.apache.hadoop.ipc.Server$Handler.run(Server.java:2966) [hadoop-common-3.3.1.jar:?]
]]></system-out>
  </testcase>
  <testcase name="testRenameDestinationParentDoesntExist" classname="TestOzoneFileSystem" time="0.144">
    <system-out><![CDATA[23:49:33.905 [IPC Server handler 0 on default port 33165] ERROR OMAudit - user=runner | ip=127.0.0.1 | op=GET_FILE_STATUS {volume=volume99794, bucket=bucket10019, key=root_dir/b/c, dataSize=0, replicationConfig=null} | ret=FAILURE
org.apache.hadoop.ozone.om.exceptions.OMException: Unable to get file status: volume: volume99794 bucket: bucket10019 key: root_dir/b/c
	at org.apache.hadoop.ozone.om.KeyManagerImpl.getOzoneFileStatus(KeyManagerImpl.java:1311) ~[ozone-manager-1.3.0-SNAPSHOT.jar:?]
	at org.apache.hadoop.ozone.om.KeyManagerImpl.getFileStatus(KeyManagerImpl.java:1241) ~[ozone-manager-1.3.0-SNAPSHOT.jar:?]
	at org.apache.hadoop.ozone.om.OzoneManager.getFileStatus(OzoneManager.java:3419) ~[ozone-manager-1.3.0-SNAPSHOT.jar:?]
	at org.apache.hadoop.ozone.protocolPB.OzoneManagerRequestHandler.getOzoneFileStatus(OzoneManagerRequestHandler.java:871) ~[ozone-manager-1.3.0-SNAPSHOT.jar:?]
	at org.apache.hadoop.ozone.protocolPB.OzoneManagerRequestHandler.handleReadRequest(OzoneManagerRequestHandler.java:217) ~[ozone-manager-1.3.0-SNAPSHOT.jar:?]
	at org.apache.hadoop.ozone.protocolPB.OzoneManagerProtocolServerSideTranslatorPB.submitReadRequestToOM(OzoneManagerProtocolServerSideTranslatorPB.java:226) ~[ozone-manager-1.3.0-SNAPSHOT.jar:?]
	at org.apache.hadoop.ozone.protocolPB.OzoneManagerProtocolServerSideTranslatorPB.processRequest(OzoneManagerProtocolServerSideTranslatorPB.java:175) ~[ozone-manager-1.3.0-SNAPSHOT.jar:?]
	at org.apache.hadoop.hdds.server.OzoneProtocolMessageDispatcher.processRequest(OzoneProtocolMessageDispatcher.java:87) [hdds-server-framework-1.3.0-SNAPSHOT.jar:?]
	at org.apache.hadoop.ozone.protocolPB.OzoneManagerProtocolServerSideTranslatorPB.submitRequest(OzoneManagerProtocolServerSideTranslatorPB.java:147) [ozone-manager-1.3.0-SNAPSHOT.jar:?]
	at org.apache.hadoop.ozone.protocol.proto.OzoneManagerProtocolProtos$OzoneManagerService$2.callBlockingMethod(OzoneManagerProtocolProtos.java) [ozone-interface-client-1.3.0-SNAPSHOT.jar:?]
	at org.apache.hadoop.ipc.ProtobufRpcEngine$Server.processCall(ProtobufRpcEngine.java:466) [hadoop-common-3.3.1.jar:?]
	at org.apache.hadoop.ipc.ProtobufRpcEngine2$Server$ProtoBufRpcInvoker.call(ProtobufRpcEngine2.java:574) [hadoop-common-3.3.1.jar:?]
	at org.apache.hadoop.ipc.ProtobufRpcEngine2$Server$ProtoBufRpcInvoker.call(ProtobufRpcEngine2.java:552) [hadoop-common-3.3.1.jar:?]
	at org.apache.hadoop.ipc.RPC$Server.call(RPC.java:1093) [hadoop-common-3.3.1.jar:?]
	at org.apache.hadoop.ipc.Server$RpcCall.run(Server.java:1035) [hadoop-common-3.3.1.jar:?]
	at org.apache.hadoop.ipc.Server$RpcCall.run(Server.java:963) [hadoop-common-3.3.1.jar:?]
	at java.security.AccessController.doPrivileged(Native Method) ~[?:1.8.0_332]
	at javax.security.auth.Subject.doAs(Subject.java:422) [?:1.8.0_332]
	at org.apache.hadoop.security.UserGroupInformation.doAs(UserGroupInformation.java:1878) [hadoop-common-3.3.1.jar:?]
	at org.apache.hadoop.ipc.Server$Handler.run(Server.java:2966) [hadoop-common-3.3.1.jar:?]
23:49:33.911 [IPC Server handler 3 on default port 33165] ERROR OMAudit - user=runner | ip=127.0.0.1 | op=GET_FILE_STATUS {volume=volume99794, bucket=bucket10019, key=root_dir/b, dataSize=0, replicationConfig=null} | ret=FAILURE
org.apache.hadoop.ozone.om.exceptions.OMException: Unable to get file status: volume: volume99794 bucket: bucket10019 key: root_dir/b
	at org.apache.hadoop.ozone.om.KeyManagerImpl.getOzoneFileStatus(KeyManagerImpl.java:1311) ~[ozone-manager-1.3.0-SNAPSHOT.jar:?]
	at org.apache.hadoop.ozone.om.KeyManagerImpl.getFileStatus(KeyManagerImpl.java:1241) ~[ozone-manager-1.3.0-SNAPSHOT.jar:?]
	at org.apache.hadoop.ozone.om.OzoneManager.getFileStatus(OzoneManager.java:3419) ~[ozone-manager-1.3.0-SNAPSHOT.jar:?]
	at org.apache.hadoop.ozone.protocolPB.OzoneManagerRequestHandler.getOzoneFileStatus(OzoneManagerRequestHandler.java:871) ~[ozone-manager-1.3.0-SNAPSHOT.jar:?]
	at org.apache.hadoop.ozone.protocolPB.OzoneManagerRequestHandler.handleReadRequest(OzoneManagerRequestHandler.java:217) ~[ozone-manager-1.3.0-SNAPSHOT.jar:?]
	at org.apache.hadoop.ozone.protocolPB.OzoneManagerProtocolServerSideTranslatorPB.submitReadRequestToOM(OzoneManagerProtocolServerSideTranslatorPB.java:226) ~[ozone-manager-1.3.0-SNAPSHOT.jar:?]
	at org.apache.hadoop.ozone.protocolPB.OzoneManagerProtocolServerSideTranslatorPB.processRequest(OzoneManagerProtocolServerSideTranslatorPB.java:175) ~[ozone-manager-1.3.0-SNAPSHOT.jar:?]
	at org.apache.hadoop.hdds.server.OzoneProtocolMessageDispatcher.processRequest(OzoneProtocolMessageDispatcher.java:87) [hdds-server-framework-1.3.0-SNAPSHOT.jar:?]
	at org.apache.hadoop.ozone.protocolPB.OzoneManagerProtocolServerSideTranslatorPB.submitRequest(OzoneManagerProtocolServerSideTranslatorPB.java:147) [ozone-manager-1.3.0-SNAPSHOT.jar:?]
	at org.apache.hadoop.ozone.protocol.proto.OzoneManagerProtocolProtos$OzoneManagerService$2.callBlockingMethod(OzoneManagerProtocolProtos.java) [ozone-interface-client-1.3.0-SNAPSHOT.jar:?]
	at org.apache.hadoop.ipc.ProtobufRpcEngine$Server.processCall(ProtobufRpcEngine.java:466) [hadoop-common-3.3.1.jar:?]
	at org.apache.hadoop.ipc.ProtobufRpcEngine2$Server$ProtoBufRpcInvoker.call(ProtobufRpcEngine2.java:574) [hadoop-common-3.3.1.jar:?]
	at org.apache.hadoop.ipc.ProtobufRpcEngine2$Server$ProtoBufRpcInvoker.call(ProtobufRpcEngine2.java:552) [hadoop-common-3.3.1.jar:?]
	at org.apache.hadoop.ipc.RPC$Server.call(RPC.java:1093) [hadoop-common-3.3.1.jar:?]
	at org.apache.hadoop.ipc.Server$RpcCall.run(Server.java:1035) [hadoop-common-3.3.1.jar:?]
	at org.apache.hadoop.ipc.Server$RpcCall.run(Server.java:963) [hadoop-common-3.3.1.jar:?]
	at java.security.AccessController.doPrivileged(Native Method) ~[?:1.8.0_332]
	at javax.security.auth.Subject.doAs(Subject.java:422) [?:1.8.0_332]
	at org.apache.hadoop.security.UserGroupInformation.doAs(UserGroupInformation.java:1878) [hadoop-common-3.3.1.jar:?]
	at org.apache.hadoop.ipc.Server$Handler.run(Server.java:2966) [hadoop-common-3.3.1.jar:?]
23:49:34.024 [IPC Server handler 19 on default port 33165] ERROR OMAudit - user=runner | ip=127.0.0.1 | op=GET_FILE_STATUS {volume=volume99794, bucket=bucket10019, key=root_dir/file1/c, dataSize=0, replicationConfig=null} | ret=FAILURE
org.apache.hadoop.ozone.om.exceptions.OMException: Unable to get file status: volume: volume99794 bucket: bucket10019 key: root_dir/file1/c
	at org.apache.hadoop.ozone.om.KeyManagerImpl.getOzoneFileStatus(KeyManagerImpl.java:1311) ~[ozone-manager-1.3.0-SNAPSHOT.jar:?]
	at org.apache.hadoop.ozone.om.KeyManagerImpl.getFileStatus(KeyManagerImpl.java:1241) ~[ozone-manager-1.3.0-SNAPSHOT.jar:?]
	at org.apache.hadoop.ozone.om.OzoneManager.getFileStatus(OzoneManager.java:3419) ~[ozone-manager-1.3.0-SNAPSHOT.jar:?]
	at org.apache.hadoop.ozone.protocolPB.OzoneManagerRequestHandler.getOzoneFileStatus(OzoneManagerRequestHandler.java:871) ~[ozone-manager-1.3.0-SNAPSHOT.jar:?]
	at org.apache.hadoop.ozone.protocolPB.OzoneManagerRequestHandler.handleReadRequest(OzoneManagerRequestHandler.java:217) ~[ozone-manager-1.3.0-SNAPSHOT.jar:?]
	at org.apache.hadoop.ozone.protocolPB.OzoneManagerProtocolServerSideTranslatorPB.submitReadRequestToOM(OzoneManagerProtocolServerSideTranslatorPB.java:226) ~[ozone-manager-1.3.0-SNAPSHOT.jar:?]
	at org.apache.hadoop.ozone.protocolPB.OzoneManagerProtocolServerSideTranslatorPB.processRequest(OzoneManagerProtocolServerSideTranslatorPB.java:175) ~[ozone-manager-1.3.0-SNAPSHOT.jar:?]
	at org.apache.hadoop.hdds.server.OzoneProtocolMessageDispatcher.processRequest(OzoneProtocolMessageDispatcher.java:87) [hdds-server-framework-1.3.0-SNAPSHOT.jar:?]
	at org.apache.hadoop.ozone.protocolPB.OzoneManagerProtocolServerSideTranslatorPB.submitRequest(OzoneManagerProtocolServerSideTranslatorPB.java:147) [ozone-manager-1.3.0-SNAPSHOT.jar:?]
	at org.apache.hadoop.ozone.protocol.proto.OzoneManagerProtocolProtos$OzoneManagerService$2.callBlockingMethod(OzoneManagerProtocolProtos.java) [ozone-interface-client-1.3.0-SNAPSHOT.jar:?]
	at org.apache.hadoop.ipc.ProtobufRpcEngine$Server.processCall(ProtobufRpcEngine.java:466) [hadoop-common-3.3.1.jar:?]
	at org.apache.hadoop.ipc.ProtobufRpcEngine2$Server$ProtoBufRpcInvoker.call(ProtobufRpcEngine2.java:574) [hadoop-common-3.3.1.jar:?]
	at org.apache.hadoop.ipc.ProtobufRpcEngine2$Server$ProtoBufRpcInvoker.call(ProtobufRpcEngine2.java:552) [hadoop-common-3.3.1.jar:?]
	at org.apache.hadoop.ipc.RPC$Server.call(RPC.java:1093) [hadoop-common-3.3.1.jar:?]
	at org.apache.hadoop.ipc.Server$RpcCall.run(Server.java:1035) [hadoop-common-3.3.1.jar:?]
	at org.apache.hadoop.ipc.Server$RpcCall.run(Server.java:963) [hadoop-common-3.3.1.jar:?]
	at java.security.AccessController.doPrivileged(Native Method) ~[?:1.8.0_332]
	at javax.security.auth.Subject.doAs(Subject.java:422) [?:1.8.0_332]
	at org.apache.hadoop.security.UserGroupInformation.doAs(UserGroupInformation.java:1878) [hadoop-common-3.3.1.jar:?]
	at org.apache.hadoop.ipc.Server$Handler.run(Server.java:2966) [hadoop-common-3.3.1.jar:?]
]]></system-out>
  </testcase>
  <testcase name="testRenameDestinationParentDoesntExist" classname="TestOzoneFileSystem" time="0.034">
    <system-out><![CDATA[23:50:47.221 [IPC Server handler 16 on default port 33563] ERROR OMAudit - user=runner | ip=127.0.0.1 | op=GET_FILE_STATUS {volume=volume50176, bucket=bucket31866, key=root_dir/b/c, dataSize=0, replicationConfig=null} | ret=FAILURE
org.apache.hadoop.ozone.om.exceptions.OMException: Unable to get file status: volume: volume50176 bucket: bucket31866 key: root_dir/b/c
	at org.apache.hadoop.ozone.om.KeyManagerImpl.getOzoneFileStatus(KeyManagerImpl.java:1311) ~[ozone-manager-1.3.0-SNAPSHOT.jar:?]
	at org.apache.hadoop.ozone.om.KeyManagerImpl.getFileStatus(KeyManagerImpl.java:1241) ~[ozone-manager-1.3.0-SNAPSHOT.jar:?]
	at org.apache.hadoop.ozone.om.OzoneManager.getFileStatus(OzoneManager.java:3419) ~[ozone-manager-1.3.0-SNAPSHOT.jar:?]
	at org.apache.hadoop.ozone.protocolPB.OzoneManagerRequestHandler.getOzoneFileStatus(OzoneManagerRequestHandler.java:871) ~[ozone-manager-1.3.0-SNAPSHOT.jar:?]
	at org.apache.hadoop.ozone.protocolPB.OzoneManagerRequestHandler.handleReadRequest(OzoneManagerRequestHandler.java:217) ~[ozone-manager-1.3.0-SNAPSHOT.jar:?]
	at org.apache.hadoop.ozone.protocolPB.OzoneManagerProtocolServerSideTranslatorPB.submitRequestDirectlyToOM(OzoneManagerProtocolServerSideTranslatorPB.java:276) ~[ozone-manager-1.3.0-SNAPSHOT.jar:?]
	at org.apache.hadoop.ozone.protocolPB.OzoneManagerProtocolServerSideTranslatorPB.processRequest(OzoneManagerProtocolServerSideTranslatorPB.java:205) ~[ozone-manager-1.3.0-SNAPSHOT.jar:?]
	at org.apache.hadoop.hdds.server.OzoneProtocolMessageDispatcher.processRequest(OzoneProtocolMessageDispatcher.java:87) [hdds-server-framework-1.3.0-SNAPSHOT.jar:?]
	at org.apache.hadoop.ozone.protocolPB.OzoneManagerProtocolServerSideTranslatorPB.submitRequest(OzoneManagerProtocolServerSideTranslatorPB.java:147) [ozone-manager-1.3.0-SNAPSHOT.jar:?]
	at org.apache.hadoop.ozone.protocol.proto.OzoneManagerProtocolProtos$OzoneManagerService$2.callBlockingMethod(OzoneManagerProtocolProtos.java) [ozone-interface-client-1.3.0-SNAPSHOT.jar:?]
	at org.apache.hadoop.ipc.ProtobufRpcEngine$Server.processCall(ProtobufRpcEngine.java:466) [hadoop-common-3.3.1.jar:?]
	at org.apache.hadoop.ipc.ProtobufRpcEngine2$Server$ProtoBufRpcInvoker.call(ProtobufRpcEngine2.java:574) [hadoop-common-3.3.1.jar:?]
	at org.apache.hadoop.ipc.ProtobufRpcEngine2$Server$ProtoBufRpcInvoker.call(ProtobufRpcEngine2.java:552) [hadoop-common-3.3.1.jar:?]
	at org.apache.hadoop.ipc.RPC$Server.call(RPC.java:1093) [hadoop-common-3.3.1.jar:?]
	at org.apache.hadoop.ipc.Server$RpcCall.run(Server.java:1035) [hadoop-common-3.3.1.jar:?]
	at org.apache.hadoop.ipc.Server$RpcCall.run(Server.java:963) [hadoop-common-3.3.1.jar:?]
	at java.security.AccessController.doPrivileged(Native Method) ~[?:1.8.0_332]
	at javax.security.auth.Subject.doAs(Subject.java:422) [?:1.8.0_332]
	at org.apache.hadoop.security.UserGroupInformation.doAs(UserGroupInformation.java:1878) [hadoop-common-3.3.1.jar:?]
	at org.apache.hadoop.ipc.Server$Handler.run(Server.java:2966) [hadoop-common-3.3.1.jar:?]
23:50:47.223 [IPC Server handler 7 on default port 33563] ERROR OMAudit - user=runner | ip=127.0.0.1 | op=GET_FILE_STATUS {volume=volume50176, bucket=bucket31866, key=root_dir/b, dataSize=0, replicationConfig=null} | ret=FAILURE
org.apache.hadoop.ozone.om.exceptions.OMException: Unable to get file status: volume: volume50176 bucket: bucket31866 key: root_dir/b
	at org.apache.hadoop.ozone.om.KeyManagerImpl.getOzoneFileStatus(KeyManagerImpl.java:1311) ~[ozone-manager-1.3.0-SNAPSHOT.jar:?]
	at org.apache.hadoop.ozone.om.KeyManagerImpl.getFileStatus(KeyManagerImpl.java:1241) ~[ozone-manager-1.3.0-SNAPSHOT.jar:?]
	at org.apache.hadoop.ozone.om.OzoneManager.getFileStatus(OzoneManager.java:3419) ~[ozone-manager-1.3.0-SNAPSHOT.jar:?]
	at org.apache.hadoop.ozone.protocolPB.OzoneManagerRequestHandler.getOzoneFileStatus(OzoneManagerRequestHandler.java:871) ~[ozone-manager-1.3.0-SNAPSHOT.jar:?]
	at org.apache.hadoop.ozone.protocolPB.OzoneManagerRequestHandler.handleReadRequest(OzoneManagerRequestHandler.java:217) ~[ozone-manager-1.3.0-SNAPSHOT.jar:?]
	at org.apache.hadoop.ozone.protocolPB.OzoneManagerProtocolServerSideTranslatorPB.submitRequestDirectlyToOM(OzoneManagerProtocolServerSideTranslatorPB.java:276) ~[ozone-manager-1.3.0-SNAPSHOT.jar:?]
	at org.apache.hadoop.ozone.protocolPB.OzoneManagerProtocolServerSideTranslatorPB.processRequest(OzoneManagerProtocolServerSideTranslatorPB.java:205) ~[ozone-manager-1.3.0-SNAPSHOT.jar:?]
	at org.apache.hadoop.hdds.server.OzoneProtocolMessageDispatcher.processRequest(OzoneProtocolMessageDispatcher.java:87) [hdds-server-framework-1.3.0-SNAPSHOT.jar:?]
	at org.apache.hadoop.ozone.protocolPB.OzoneManagerProtocolServerSideTranslatorPB.submitRequest(OzoneManagerProtocolServerSideTranslatorPB.java:147) [ozone-manager-1.3.0-SNAPSHOT.jar:?]
	at org.apache.hadoop.ozone.protocol.proto.OzoneManagerProtocolProtos$OzoneManagerService$2.callBlockingMethod(OzoneManagerProtocolProtos.java) [ozone-interface-client-1.3.0-SNAPSHOT.jar:?]
	at org.apache.hadoop.ipc.ProtobufRpcEngine$Server.processCall(ProtobufRpcEngine.java:466) [hadoop-common-3.3.1.jar:?]
	at org.apache.hadoop.ipc.ProtobufRpcEngine2$Server$ProtoBufRpcInvoker.call(ProtobufRpcEngine2.java:574) [hadoop-common-3.3.1.jar:?]
	at org.apache.hadoop.ipc.ProtobufRpcEngine2$Server$ProtoBufRpcInvoker.call(ProtobufRpcEngine2.java:552) [hadoop-common-3.3.1.jar:?]
	at org.apache.hadoop.ipc.RPC$Server.call(RPC.java:1093) [hadoop-common-3.3.1.jar:?]
	at org.apache.hadoop.ipc.Server$RpcCall.run(Server.java:1035) [hadoop-common-3.3.1.jar:?]
	at org.apache.hadoop.ipc.Server$RpcCall.run(Server.java:963) [hadoop-common-3.3.1.jar:?]
	at java.security.AccessController.doPrivileged(Native Method) ~[?:1.8.0_332]
	at javax.security.auth.Subject.doAs(Subject.java:422) [?:1.8.0_332]
	at org.apache.hadoop.security.UserGroupInformation.doAs(UserGroupInformation.java:1878) [hadoop-common-3.3.1.jar:?]
	at org.apache.hadoop.ipc.Server$Handler.run(Server.java:2966) [hadoop-common-3.3.1.jar:?]
23:50:47.234 [IPC Server handler 18 on default port 33563] ERROR OMAudit - user=runner | ip=127.0.0.1 | op=GET_FILE_STATUS {volume=volume50176, bucket=bucket31866, key=root_dir/file1/c, dataSize=0, replicationConfig=null} | ret=FAILURE
org.apache.hadoop.ozone.om.exceptions.OMException: Unable to get file status: volume: volume50176 bucket: bucket31866 key: root_dir/file1/c
	at org.apache.hadoop.ozone.om.KeyManagerImpl.getOzoneFileStatus(KeyManagerImpl.java:1311) ~[ozone-manager-1.3.0-SNAPSHOT.jar:?]
	at org.apache.hadoop.ozone.om.KeyManagerImpl.getFileStatus(KeyManagerImpl.java:1241) ~[ozone-manager-1.3.0-SNAPSHOT.jar:?]
	at org.apache.hadoop.ozone.om.OzoneManager.getFileStatus(OzoneManager.java:3419) ~[ozone-manager-1.3.0-SNAPSHOT.jar:?]
	at org.apache.hadoop.ozone.protocolPB.OzoneManagerRequestHandler.getOzoneFileStatus(OzoneManagerRequestHandler.java:871) ~[ozone-manager-1.3.0-SNAPSHOT.jar:?]
	at org.apache.hadoop.ozone.protocolPB.OzoneManagerRequestHandler.handleReadRequest(OzoneManagerRequestHandler.java:217) ~[ozone-manager-1.3.0-SNAPSHOT.jar:?]
	at org.apache.hadoop.ozone.protocolPB.OzoneManagerProtocolServerSideTranslatorPB.submitRequestDirectlyToOM(OzoneManagerProtocolServerSideTranslatorPB.java:276) ~[ozone-manager-1.3.0-SNAPSHOT.jar:?]
	at org.apache.hadoop.ozone.protocolPB.OzoneManagerProtocolServerSideTranslatorPB.processRequest(OzoneManagerProtocolServerSideTranslatorPB.java:205) ~[ozone-manager-1.3.0-SNAPSHOT.jar:?]
	at org.apache.hadoop.hdds.server.OzoneProtocolMessageDispatcher.processRequest(OzoneProtocolMessageDispatcher.java:87) [hdds-server-framework-1.3.0-SNAPSHOT.jar:?]
	at org.apache.hadoop.ozone.protocolPB.OzoneManagerProtocolServerSideTranslatorPB.submitRequest(OzoneManagerProtocolServerSideTranslatorPB.java:147) [ozone-manager-1.3.0-SNAPSHOT.jar:?]
	at org.apache.hadoop.ozone.protocol.proto.OzoneManagerProtocolProtos$OzoneManagerService$2.callBlockingMethod(OzoneManagerProtocolProtos.java) [ozone-interface-client-1.3.0-SNAPSHOT.jar:?]
	at org.apache.hadoop.ipc.ProtobufRpcEngine$Server.processCall(ProtobufRpcEngine.java:466) [hadoop-common-3.3.1.jar:?]
	at org.apache.hadoop.ipc.ProtobufRpcEngine2$Server$ProtoBufRpcInvoker.call(ProtobufRpcEngine2.java:574) [hadoop-common-3.3.1.jar:?]
	at org.apache.hadoop.ipc.ProtobufRpcEngine2$Server$ProtoBufRpcInvoker.call(ProtobufRpcEngine2.java:552) [hadoop-common-3.3.1.jar:?]
	at org.apache.hadoop.ipc.RPC$Server.call(RPC.java:1093) [hadoop-common-3.3.1.jar:?]
	at org.apache.hadoop.ipc.Server$RpcCall.run(Server.java:1035) [hadoop-common-3.3.1.jar:?]
	at org.apache.hadoop.ipc.Server$RpcCall.run(Server.java:963) [hadoop-common-3.3.1.jar:?]
	at java.security.AccessController.doPrivileged(Native Method) ~[?:1.8.0_332]
	at javax.security.auth.Subject.doAs(Subject.java:422) [?:1.8.0_332]
	at org.apache.hadoop.security.UserGroupInformation.doAs(UserGroupInformation.java:1878) [hadoop-common-3.3.1.jar:?]
	at org.apache.hadoop.ipc.Server$Handler.run(Server.java:2966) [hadoop-common-3.3.1.jar:?]
]]></system-out>
  </testcase>
  <testcase name="testCreateWithInvalidPaths" classname="TestOzoneFileSystem" time="0.009"/>
  <testcase name="testCreateWithInvalidPaths" classname="TestOzoneFileSystem" time="0.018"/>
  <testcase name="testCreateWithInvalidPaths" classname="TestOzoneFileSystem" time="0.021"/>
  <testcase name="testCreateWithInvalidPaths" classname="TestOzoneFileSystem" time="0.011"/>
  <testcase name="testListStatusOnRoot" classname="TestOzoneFileSystem" time="0.034"/>
  <testcase name="testListStatusOnRoot" classname="TestOzoneFileSystem" time="0.043"/>
  <testcase name="testListStatusOnRoot" classname="TestOzoneFileSystem" time="0.023"/>
  <testcase name="testListStatusOnRoot" classname="TestOzoneFileSystem" time="0.049"/>
  <testcase name="testRenameWithNonExistentSource" classname="TestOzoneFileSystem" time="0.021">
    <system-out><![CDATA[2022-06-24 23:45:25,107 [Time-limited test] INFO  ozone.TestOzoneFileSystem (TestOzoneFileSystem.java:testRenameWithNonExistentSource(852)) - Created destin dir: o3fs://bucket91502.volume84730/root/dir2
2022-06-24 23:45:25,107 [Time-limited test] INFO  ozone.TestOzoneFileSystem (TestOzoneFileSystem.java:testRenameWithNonExistentSource(854)) - Rename op-> source:o3fs://bucket91502.volume84730/root/dir1 to destin:o3fs://bucket91502.volume84730/root/dir2}
23:45:25.108 [IPC Server handler 19 on default port 44795] ERROR OMAudit - user=runner | ip=127.0.0.1 | op=GET_FILE_STATUS {volume=volume84730, bucket=bucket91502, key=root/dir1, dataSize=0, replicationConfig=null} | ret=FAILURE
org.apache.hadoop.ozone.om.exceptions.OMException: Unable to get file status: volume: volume84730 bucket: bucket91502 key: root/dir1
	at org.apache.hadoop.ozone.om.KeyManagerImpl.getOzoneFileStatus(KeyManagerImpl.java:1311) ~[ozone-manager-1.3.0-SNAPSHOT.jar:?]
	at org.apache.hadoop.ozone.om.KeyManagerImpl.getFileStatus(KeyManagerImpl.java:1241) ~[ozone-manager-1.3.0-SNAPSHOT.jar:?]
	at org.apache.hadoop.ozone.om.OzoneManager.getFileStatus(OzoneManager.java:3419) ~[ozone-manager-1.3.0-SNAPSHOT.jar:?]
	at org.apache.hadoop.ozone.protocolPB.OzoneManagerRequestHandler.getOzoneFileStatus(OzoneManagerRequestHandler.java:871) ~[ozone-manager-1.3.0-SNAPSHOT.jar:?]
	at org.apache.hadoop.ozone.protocolPB.OzoneManagerRequestHandler.handleReadRequest(OzoneManagerRequestHandler.java:217) ~[ozone-manager-1.3.0-SNAPSHOT.jar:?]
	at org.apache.hadoop.ozone.protocolPB.OzoneManagerProtocolServerSideTranslatorPB.submitReadRequestToOM(OzoneManagerProtocolServerSideTranslatorPB.java:226) ~[ozone-manager-1.3.0-SNAPSHOT.jar:?]
	at org.apache.hadoop.ozone.protocolPB.OzoneManagerProtocolServerSideTranslatorPB.processRequest(OzoneManagerProtocolServerSideTranslatorPB.java:175) ~[ozone-manager-1.3.0-SNAPSHOT.jar:?]
	at org.apache.hadoop.hdds.server.OzoneProtocolMessageDispatcher.processRequest(OzoneProtocolMessageDispatcher.java:87) [hdds-server-framework-1.3.0-SNAPSHOT.jar:?]
	at org.apache.hadoop.ozone.protocolPB.OzoneManagerProtocolServerSideTranslatorPB.submitRequest(OzoneManagerProtocolServerSideTranslatorPB.java:147) [ozone-manager-1.3.0-SNAPSHOT.jar:?]
	at org.apache.hadoop.ozone.protocol.proto.OzoneManagerProtocolProtos$OzoneManagerService$2.callBlockingMethod(OzoneManagerProtocolProtos.java) [ozone-interface-client-1.3.0-SNAPSHOT.jar:?]
	at org.apache.hadoop.ipc.ProtobufRpcEngine$Server.processCall(ProtobufRpcEngine.java:466) [hadoop-common-3.3.1.jar:?]
	at org.apache.hadoop.ipc.ProtobufRpcEngine2$Server$ProtoBufRpcInvoker.call(ProtobufRpcEngine2.java:574) [hadoop-common-3.3.1.jar:?]
	at org.apache.hadoop.ipc.ProtobufRpcEngine2$Server$ProtoBufRpcInvoker.call(ProtobufRpcEngine2.java:552) [hadoop-common-3.3.1.jar:?]
	at org.apache.hadoop.ipc.RPC$Server.call(RPC.java:1093) [hadoop-common-3.3.1.jar:?]
	at org.apache.hadoop.ipc.Server$RpcCall.run(Server.java:1035) [hadoop-common-3.3.1.jar:?]
	at org.apache.hadoop.ipc.Server$RpcCall.run(Server.java:963) [hadoop-common-3.3.1.jar:?]
	at java.security.AccessController.doPrivileged(Native Method) ~[?:1.8.0_332]
	at javax.security.auth.Subject.doAs(Subject.java:422) [?:1.8.0_332]
	at org.apache.hadoop.security.UserGroupInformation.doAs(UserGroupInformation.java:1878) [hadoop-common-3.3.1.jar:?]
	at org.apache.hadoop.ipc.Server$Handler.run(Server.java:2966) [hadoop-common-3.3.1.jar:?]
]]></system-out>
  </testcase>
  <testcase name="testRenameWithNonExistentSource" classname="TestOzoneFileSystem" time="0.028">
    <system-out><![CDATA[2022-06-24 23:46:32,131 [Time-limited test] INFO  ozone.TestOzoneFileSystem (TestOzoneFileSystem.java:testRenameWithNonExistentSource(852)) - Created destin dir: o3fs://bucket45514.volume05206/root/dir2
2022-06-24 23:46:32,131 [Time-limited test] INFO  ozone.TestOzoneFileSystem (TestOzoneFileSystem.java:testRenameWithNonExistentSource(854)) - Rename op-> source:o3fs://bucket45514.volume05206/root/dir1 to destin:o3fs://bucket45514.volume05206/root/dir2}
23:46:32.132 [IPC Server handler 0 on default port 34097] ERROR OMAudit - user=runner | ip=127.0.0.1 | op=GET_FILE_STATUS {volume=volume05206, bucket=bucket45514, key=root/dir1, dataSize=0, replicationConfig=null} | ret=FAILURE
org.apache.hadoop.ozone.om.exceptions.OMException: Unable to get file status: volume: volume05206 bucket: bucket45514 key: root/dir1
	at org.apache.hadoop.ozone.om.KeyManagerImpl.getOzoneFileStatus(KeyManagerImpl.java:1311) ~[ozone-manager-1.3.0-SNAPSHOT.jar:?]
	at org.apache.hadoop.ozone.om.KeyManagerImpl.getFileStatus(KeyManagerImpl.java:1241) ~[ozone-manager-1.3.0-SNAPSHOT.jar:?]
	at org.apache.hadoop.ozone.om.OzoneManager.getFileStatus(OzoneManager.java:3419) ~[ozone-manager-1.3.0-SNAPSHOT.jar:?]
	at org.apache.hadoop.ozone.protocolPB.OzoneManagerRequestHandler.getOzoneFileStatus(OzoneManagerRequestHandler.java:871) ~[ozone-manager-1.3.0-SNAPSHOT.jar:?]
	at org.apache.hadoop.ozone.protocolPB.OzoneManagerRequestHandler.handleReadRequest(OzoneManagerRequestHandler.java:217) ~[ozone-manager-1.3.0-SNAPSHOT.jar:?]
	at org.apache.hadoop.ozone.protocolPB.OzoneManagerProtocolServerSideTranslatorPB.submitRequestDirectlyToOM(OzoneManagerProtocolServerSideTranslatorPB.java:276) ~[ozone-manager-1.3.0-SNAPSHOT.jar:?]
	at org.apache.hadoop.ozone.protocolPB.OzoneManagerProtocolServerSideTranslatorPB.processRequest(OzoneManagerProtocolServerSideTranslatorPB.java:205) ~[ozone-manager-1.3.0-SNAPSHOT.jar:?]
	at org.apache.hadoop.hdds.server.OzoneProtocolMessageDispatcher.processRequest(OzoneProtocolMessageDispatcher.java:87) [hdds-server-framework-1.3.0-SNAPSHOT.jar:?]
	at org.apache.hadoop.ozone.protocolPB.OzoneManagerProtocolServerSideTranslatorPB.submitRequest(OzoneManagerProtocolServerSideTranslatorPB.java:147) [ozone-manager-1.3.0-SNAPSHOT.jar:?]
	at org.apache.hadoop.ozone.protocol.proto.OzoneManagerProtocolProtos$OzoneManagerService$2.callBlockingMethod(OzoneManagerProtocolProtos.java) [ozone-interface-client-1.3.0-SNAPSHOT.jar:?]
	at org.apache.hadoop.ipc.ProtobufRpcEngine$Server.processCall(ProtobufRpcEngine.java:466) [hadoop-common-3.3.1.jar:?]
	at org.apache.hadoop.ipc.ProtobufRpcEngine2$Server$ProtoBufRpcInvoker.call(ProtobufRpcEngine2.java:574) [hadoop-common-3.3.1.jar:?]
	at org.apache.hadoop.ipc.ProtobufRpcEngine2$Server$ProtoBufRpcInvoker.call(ProtobufRpcEngine2.java:552) [hadoop-common-3.3.1.jar:?]
	at org.apache.hadoop.ipc.RPC$Server.call(RPC.java:1093) [hadoop-common-3.3.1.jar:?]
	at org.apache.hadoop.ipc.Server$RpcCall.run(Server.java:1035) [hadoop-common-3.3.1.jar:?]
	at org.apache.hadoop.ipc.Server$RpcCall.run(Server.java:963) [hadoop-common-3.3.1.jar:?]
	at java.security.AccessController.doPrivileged(Native Method) ~[?:1.8.0_332]
	at javax.security.auth.Subject.doAs(Subject.java:422) [?:1.8.0_332]
	at org.apache.hadoop.security.UserGroupInformation.doAs(UserGroupInformation.java:1878) [hadoop-common-3.3.1.jar:?]
	at org.apache.hadoop.ipc.Server$Handler.run(Server.java:2966) [hadoop-common-3.3.1.jar:?]
]]></system-out>
  </testcase>
  <testcase name="testRenameWithNonExistentSource" classname="TestOzoneFileSystem" time="0.017">
    <system-out><![CDATA[2022-06-24 23:49:34,085 [Time-limited test] INFO  ozone.TestOzoneFileSystem (TestOzoneFileSystem.java:testRenameWithNonExistentSource(852)) - Created destin dir: o3fs://bucket10019.volume99794/root/dir2
2022-06-24 23:49:34,086 [Time-limited test] INFO  ozone.TestOzoneFileSystem (TestOzoneFileSystem.java:testRenameWithNonExistentSource(854)) - Rename op-> source:o3fs://bucket10019.volume99794/root/dir1 to destin:o3fs://bucket10019.volume99794/root/dir2}
23:49:34.086 [IPC Server handler 6 on default port 33165] ERROR OMAudit - user=runner | ip=127.0.0.1 | op=GET_FILE_STATUS {volume=volume99794, bucket=bucket10019, key=root/dir1, dataSize=0, replicationConfig=null} | ret=FAILURE
org.apache.hadoop.ozone.om.exceptions.OMException: Unable to get file status: volume: volume99794 bucket: bucket10019 key: root/dir1
	at org.apache.hadoop.ozone.om.KeyManagerImpl.getOzoneFileStatus(KeyManagerImpl.java:1311) ~[ozone-manager-1.3.0-SNAPSHOT.jar:?]
	at org.apache.hadoop.ozone.om.KeyManagerImpl.getFileStatus(KeyManagerImpl.java:1241) ~[ozone-manager-1.3.0-SNAPSHOT.jar:?]
	at org.apache.hadoop.ozone.om.OzoneManager.getFileStatus(OzoneManager.java:3419) ~[ozone-manager-1.3.0-SNAPSHOT.jar:?]
	at org.apache.hadoop.ozone.protocolPB.OzoneManagerRequestHandler.getOzoneFileStatus(OzoneManagerRequestHandler.java:871) ~[ozone-manager-1.3.0-SNAPSHOT.jar:?]
	at org.apache.hadoop.ozone.protocolPB.OzoneManagerRequestHandler.handleReadRequest(OzoneManagerRequestHandler.java:217) ~[ozone-manager-1.3.0-SNAPSHOT.jar:?]
	at org.apache.hadoop.ozone.protocolPB.OzoneManagerProtocolServerSideTranslatorPB.submitReadRequestToOM(OzoneManagerProtocolServerSideTranslatorPB.java:226) ~[ozone-manager-1.3.0-SNAPSHOT.jar:?]
	at org.apache.hadoop.ozone.protocolPB.OzoneManagerProtocolServerSideTranslatorPB.processRequest(OzoneManagerProtocolServerSideTranslatorPB.java:175) ~[ozone-manager-1.3.0-SNAPSHOT.jar:?]
	at org.apache.hadoop.hdds.server.OzoneProtocolMessageDispatcher.processRequest(OzoneProtocolMessageDispatcher.java:87) [hdds-server-framework-1.3.0-SNAPSHOT.jar:?]
	at org.apache.hadoop.ozone.protocolPB.OzoneManagerProtocolServerSideTranslatorPB.submitRequest(OzoneManagerProtocolServerSideTranslatorPB.java:147) [ozone-manager-1.3.0-SNAPSHOT.jar:?]
	at org.apache.hadoop.ozone.protocol.proto.OzoneManagerProtocolProtos$OzoneManagerService$2.callBlockingMethod(OzoneManagerProtocolProtos.java) [ozone-interface-client-1.3.0-SNAPSHOT.jar:?]
	at org.apache.hadoop.ipc.ProtobufRpcEngine$Server.processCall(ProtobufRpcEngine.java:466) [hadoop-common-3.3.1.jar:?]
	at org.apache.hadoop.ipc.ProtobufRpcEngine2$Server$ProtoBufRpcInvoker.call(ProtobufRpcEngine2.java:574) [hadoop-common-3.3.1.jar:?]
	at org.apache.hadoop.ipc.ProtobufRpcEngine2$Server$ProtoBufRpcInvoker.call(ProtobufRpcEngine2.java:552) [hadoop-common-3.3.1.jar:?]
	at org.apache.hadoop.ipc.RPC$Server.call(RPC.java:1093) [hadoop-common-3.3.1.jar:?]
	at org.apache.hadoop.ipc.Server$RpcCall.run(Server.java:1035) [hadoop-common-3.3.1.jar:?]
	at org.apache.hadoop.ipc.Server$RpcCall.run(Server.java:963) [hadoop-common-3.3.1.jar:?]
	at java.security.AccessController.doPrivileged(Native Method) ~[?:1.8.0_332]
	at javax.security.auth.Subject.doAs(Subject.java:422) [?:1.8.0_332]
	at org.apache.hadoop.security.UserGroupInformation.doAs(UserGroupInformation.java:1878) [hadoop-common-3.3.1.jar:?]
	at org.apache.hadoop.ipc.Server$Handler.run(Server.java:2966) [hadoop-common-3.3.1.jar:?]
]]></system-out>
  </testcase>
  <testcase name="testRenameWithNonExistentSource" classname="TestOzoneFileSystem" time="0.032">
    <system-out><![CDATA[2022-06-24 23:50:47,312 [Time-limited test] INFO  ozone.TestOzoneFileSystem (TestOzoneFileSystem.java:testRenameWithNonExistentSource(852)) - Created destin dir: o3fs://bucket31866.volume50176/root/dir2
2022-06-24 23:50:47,312 [Time-limited test] INFO  ozone.TestOzoneFileSystem (TestOzoneFileSystem.java:testRenameWithNonExistentSource(854)) - Rename op-> source:o3fs://bucket31866.volume50176/root/dir1 to destin:o3fs://bucket31866.volume50176/root/dir2}
23:50:47.315 [IPC Server handler 0 on default port 33563] ERROR OMAudit - user=runner | ip=127.0.0.1 | op=GET_FILE_STATUS {volume=volume50176, bucket=bucket31866, key=root/dir1, dataSize=0, replicationConfig=null} | ret=FAILURE
org.apache.hadoop.ozone.om.exceptions.OMException: Unable to get file status: volume: volume50176 bucket: bucket31866 key: root/dir1
	at org.apache.hadoop.ozone.om.KeyManagerImpl.getOzoneFileStatus(KeyManagerImpl.java:1311) ~[ozone-manager-1.3.0-SNAPSHOT.jar:?]
	at org.apache.hadoop.ozone.om.KeyManagerImpl.getFileStatus(KeyManagerImpl.java:1241) ~[ozone-manager-1.3.0-SNAPSHOT.jar:?]
	at org.apache.hadoop.ozone.om.OzoneManager.getFileStatus(OzoneManager.java:3419) ~[ozone-manager-1.3.0-SNAPSHOT.jar:?]
	at org.apache.hadoop.ozone.protocolPB.OzoneManagerRequestHandler.getOzoneFileStatus(OzoneManagerRequestHandler.java:871) ~[ozone-manager-1.3.0-SNAPSHOT.jar:?]
	at org.apache.hadoop.ozone.protocolPB.OzoneManagerRequestHandler.handleReadRequest(OzoneManagerRequestHandler.java:217) ~[ozone-manager-1.3.0-SNAPSHOT.jar:?]
	at org.apache.hadoop.ozone.protocolPB.OzoneManagerProtocolServerSideTranslatorPB.submitRequestDirectlyToOM(OzoneManagerProtocolServerSideTranslatorPB.java:276) ~[ozone-manager-1.3.0-SNAPSHOT.jar:?]
	at org.apache.hadoop.ozone.protocolPB.OzoneManagerProtocolServerSideTranslatorPB.processRequest(OzoneManagerProtocolServerSideTranslatorPB.java:205) ~[ozone-manager-1.3.0-SNAPSHOT.jar:?]
	at org.apache.hadoop.hdds.server.OzoneProtocolMessageDispatcher.processRequest(OzoneProtocolMessageDispatcher.java:87) [hdds-server-framework-1.3.0-SNAPSHOT.jar:?]
	at org.apache.hadoop.ozone.protocolPB.OzoneManagerProtocolServerSideTranslatorPB.submitRequest(OzoneManagerProtocolServerSideTranslatorPB.java:147) [ozone-manager-1.3.0-SNAPSHOT.jar:?]
	at org.apache.hadoop.ozone.protocol.proto.OzoneManagerProtocolProtos$OzoneManagerService$2.callBlockingMethod(OzoneManagerProtocolProtos.java) [ozone-interface-client-1.3.0-SNAPSHOT.jar:?]
	at org.apache.hadoop.ipc.ProtobufRpcEngine$Server.processCall(ProtobufRpcEngine.java:466) [hadoop-common-3.3.1.jar:?]
	at org.apache.hadoop.ipc.ProtobufRpcEngine2$Server$ProtoBufRpcInvoker.call(ProtobufRpcEngine2.java:574) [hadoop-common-3.3.1.jar:?]
	at org.apache.hadoop.ipc.ProtobufRpcEngine2$Server$ProtoBufRpcInvoker.call(ProtobufRpcEngine2.java:552) [hadoop-common-3.3.1.jar:?]
	at org.apache.hadoop.ipc.RPC$Server.call(RPC.java:1093) [hadoop-common-3.3.1.jar:?]
	at org.apache.hadoop.ipc.Server$RpcCall.run(Server.java:1035) [hadoop-common-3.3.1.jar:?]
	at org.apache.hadoop.ipc.Server$RpcCall.run(Server.java:963) [hadoop-common-3.3.1.jar:?]
	at java.security.AccessController.doPrivileged(Native Method) ~[?:1.8.0_332]
	at javax.security.auth.Subject.doAs(Subject.java:422) [?:1.8.0_332]
	at org.apache.hadoop.security.UserGroupInformation.doAs(UserGroupInformation.java:1878) [hadoop-common-3.3.1.jar:?]
	at org.apache.hadoop.ipc.Server$Handler.run(Server.java:2966) [hadoop-common-3.3.1.jar:?]
]]></system-out>
  </testcase>
  <testcase name="testRenameToParentDir" classname="TestOzoneFileSystem" time="0.056">
    <system-out><![CDATA[23:45:25.139 [IPC Server handler 1 on default port 44795] ERROR OMAudit - user=runner | ip=127.0.0.1 | op=LIST_STATUS {volume=volume84730, bucket=bucket91502, key=root_dir/dir2, dataSize=0, replicationConfig=null} | ret=FAILURE
org.apache.hadoop.ozone.om.exceptions.OMException: Unable to get file status: volume: volume84730 bucket: bucket91502 key: root_dir/dir2
	at org.apache.hadoop.ozone.om.KeyManagerImpl.getOzoneFileStatus(KeyManagerImpl.java:1311) ~[ozone-manager-1.3.0-SNAPSHOT.jar:?]
	at org.apache.hadoop.ozone.om.KeyManagerImpl.getFileStatus(KeyManagerImpl.java:1241) ~[ozone-manager-1.3.0-SNAPSHOT.jar:?]
	at org.apache.hadoop.ozone.om.KeyManagerImpl.listStatus(KeyManagerImpl.java:1565) ~[ozone-manager-1.3.0-SNAPSHOT.jar:?]
	at org.apache.hadoop.ozone.om.OzoneManager.listStatus(OzoneManager.java:3497) ~[ozone-manager-1.3.0-SNAPSHOT.jar:?]
	at org.apache.hadoop.ozone.protocolPB.OzoneManagerRequestHandler.listStatus(OzoneManagerRequestHandler.java:1028) ~[ozone-manager-1.3.0-SNAPSHOT.jar:?]
	at org.apache.hadoop.ozone.protocolPB.OzoneManagerRequestHandler.handleReadRequest(OzoneManagerRequestHandler.java:228) ~[ozone-manager-1.3.0-SNAPSHOT.jar:?]
	at org.apache.hadoop.ozone.protocolPB.OzoneManagerProtocolServerSideTranslatorPB.submitReadRequestToOM(OzoneManagerProtocolServerSideTranslatorPB.java:226) ~[ozone-manager-1.3.0-SNAPSHOT.jar:?]
	at org.apache.hadoop.ozone.protocolPB.OzoneManagerProtocolServerSideTranslatorPB.processRequest(OzoneManagerProtocolServerSideTranslatorPB.java:175) ~[ozone-manager-1.3.0-SNAPSHOT.jar:?]
	at org.apache.hadoop.hdds.server.OzoneProtocolMessageDispatcher.processRequest(OzoneProtocolMessageDispatcher.java:87) [hdds-server-framework-1.3.0-SNAPSHOT.jar:?]
	at org.apache.hadoop.ozone.protocolPB.OzoneManagerProtocolServerSideTranslatorPB.submitRequest(OzoneManagerProtocolServerSideTranslatorPB.java:147) [ozone-manager-1.3.0-SNAPSHOT.jar:?]
	at org.apache.hadoop.ozone.protocol.proto.OzoneManagerProtocolProtos$OzoneManagerService$2.callBlockingMethod(OzoneManagerProtocolProtos.java) [ozone-interface-client-1.3.0-SNAPSHOT.jar:?]
	at org.apache.hadoop.ipc.ProtobufRpcEngine$Server.processCall(ProtobufRpcEngine.java:466) [hadoop-common-3.3.1.jar:?]
	at org.apache.hadoop.ipc.ProtobufRpcEngine2$Server$ProtoBufRpcInvoker.call(ProtobufRpcEngine2.java:574) [hadoop-common-3.3.1.jar:?]
	at org.apache.hadoop.ipc.ProtobufRpcEngine2$Server$ProtoBufRpcInvoker.call(ProtobufRpcEngine2.java:552) [hadoop-common-3.3.1.jar:?]
	at org.apache.hadoop.ipc.RPC$Server.call(RPC.java:1093) [hadoop-common-3.3.1.jar:?]
	at org.apache.hadoop.ipc.Server$RpcCall.run(Server.java:1035) [hadoop-common-3.3.1.jar:?]
	at org.apache.hadoop.ipc.Server$RpcCall.run(Server.java:963) [hadoop-common-3.3.1.jar:?]
	at java.security.AccessController.doPrivileged(Native Method) ~[?:1.8.0_332]
	at javax.security.auth.Subject.doAs(Subject.java:422) [?:1.8.0_332]
	at org.apache.hadoop.security.UserGroupInformation.doAs(UserGroupInformation.java:1878) [hadoop-common-3.3.1.jar:?]
	at org.apache.hadoop.ipc.Server$Handler.run(Server.java:2966) [hadoop-common-3.3.1.jar:?]
23:45:25.153 [IPC Server handler 12 on default port 44795] ERROR OMAudit - user=runner | ip=127.0.0.1 | op=LIST_STATUS {volume=volume84730, bucket=bucket91502, key=root_dir/file2, dataSize=0, replicationConfig=null} | ret=FAILURE
org.apache.hadoop.ozone.om.exceptions.OMException: Unable to get file status: volume: volume84730 bucket: bucket91502 key: root_dir/file2
	at org.apache.hadoop.ozone.om.KeyManagerImpl.getOzoneFileStatus(KeyManagerImpl.java:1311) ~[ozone-manager-1.3.0-SNAPSHOT.jar:?]
	at org.apache.hadoop.ozone.om.KeyManagerImpl.getFileStatus(KeyManagerImpl.java:1241) ~[ozone-manager-1.3.0-SNAPSHOT.jar:?]
	at org.apache.hadoop.ozone.om.KeyManagerImpl.listStatus(KeyManagerImpl.java:1565) ~[ozone-manager-1.3.0-SNAPSHOT.jar:?]
	at org.apache.hadoop.ozone.om.OzoneManager.listStatus(OzoneManager.java:3497) ~[ozone-manager-1.3.0-SNAPSHOT.jar:?]
	at org.apache.hadoop.ozone.protocolPB.OzoneManagerRequestHandler.listStatus(OzoneManagerRequestHandler.java:1028) ~[ozone-manager-1.3.0-SNAPSHOT.jar:?]
	at org.apache.hadoop.ozone.protocolPB.OzoneManagerRequestHandler.handleReadRequest(OzoneManagerRequestHandler.java:228) ~[ozone-manager-1.3.0-SNAPSHOT.jar:?]
	at org.apache.hadoop.ozone.protocolPB.OzoneManagerProtocolServerSideTranslatorPB.submitReadRequestToOM(OzoneManagerProtocolServerSideTranslatorPB.java:226) ~[ozone-manager-1.3.0-SNAPSHOT.jar:?]
	at org.apache.hadoop.ozone.protocolPB.OzoneManagerProtocolServerSideTranslatorPB.processRequest(OzoneManagerProtocolServerSideTranslatorPB.java:175) ~[ozone-manager-1.3.0-SNAPSHOT.jar:?]
	at org.apache.hadoop.hdds.server.OzoneProtocolMessageDispatcher.processRequest(OzoneProtocolMessageDispatcher.java:87) [hdds-server-framework-1.3.0-SNAPSHOT.jar:?]
	at org.apache.hadoop.ozone.protocolPB.OzoneManagerProtocolServerSideTranslatorPB.submitRequest(OzoneManagerProtocolServerSideTranslatorPB.java:147) [ozone-manager-1.3.0-SNAPSHOT.jar:?]
	at org.apache.hadoop.ozone.protocol.proto.OzoneManagerProtocolProtos$OzoneManagerService$2.callBlockingMethod(OzoneManagerProtocolProtos.java) [ozone-interface-client-1.3.0-SNAPSHOT.jar:?]
	at org.apache.hadoop.ipc.ProtobufRpcEngine$Server.processCall(ProtobufRpcEngine.java:466) [hadoop-common-3.3.1.jar:?]
	at org.apache.hadoop.ipc.ProtobufRpcEngine2$Server$ProtoBufRpcInvoker.call(ProtobufRpcEngine2.java:574) [hadoop-common-3.3.1.jar:?]
	at org.apache.hadoop.ipc.ProtobufRpcEngine2$Server$ProtoBufRpcInvoker.call(ProtobufRpcEngine2.java:552) [hadoop-common-3.3.1.jar:?]
	at org.apache.hadoop.ipc.RPC$Server.call(RPC.java:1093) [hadoop-common-3.3.1.jar:?]
	at org.apache.hadoop.ipc.Server$RpcCall.run(Server.java:1035) [hadoop-common-3.3.1.jar:?]
	at org.apache.hadoop.ipc.Server$RpcCall.run(Server.java:963) [hadoop-common-3.3.1.jar:?]
	at java.security.AccessController.doPrivileged(Native Method) ~[?:1.8.0_332]
	at javax.security.auth.Subject.doAs(Subject.java:422) [?:1.8.0_332]
	at org.apache.hadoop.security.UserGroupInformation.doAs(UserGroupInformation.java:1878) [hadoop-common-3.3.1.jar:?]
	at org.apache.hadoop.ipc.Server$Handler.run(Server.java:2966) [hadoop-common-3.3.1.jar:?]
]]></system-out>
  </testcase>
  <testcase name="testRenameToParentDir" classname="TestOzoneFileSystem" time="0.044">
    <system-out><![CDATA[23:46:32.182 [IPC Server handler 15 on default port 34097] ERROR OMAudit - user=runner | ip=127.0.0.1 | op=LIST_STATUS {volume=volume05206, bucket=bucket45514, key=root_dir/dir2, dataSize=0, replicationConfig=null} | ret=FAILURE
org.apache.hadoop.ozone.om.exceptions.OMException: Unable to get file status: volume: volume05206 bucket: bucket45514 key: root_dir/dir2
	at org.apache.hadoop.ozone.om.KeyManagerImpl.getOzoneFileStatus(KeyManagerImpl.java:1311) ~[ozone-manager-1.3.0-SNAPSHOT.jar:?]
	at org.apache.hadoop.ozone.om.KeyManagerImpl.getFileStatus(KeyManagerImpl.java:1241) ~[ozone-manager-1.3.0-SNAPSHOT.jar:?]
	at org.apache.hadoop.ozone.om.KeyManagerImpl.listStatus(KeyManagerImpl.java:1565) ~[ozone-manager-1.3.0-SNAPSHOT.jar:?]
	at org.apache.hadoop.ozone.om.OzoneManager.listStatus(OzoneManager.java:3497) ~[ozone-manager-1.3.0-SNAPSHOT.jar:?]
	at org.apache.hadoop.ozone.protocolPB.OzoneManagerRequestHandler.listStatus(OzoneManagerRequestHandler.java:1028) ~[ozone-manager-1.3.0-SNAPSHOT.jar:?]
	at org.apache.hadoop.ozone.protocolPB.OzoneManagerRequestHandler.handleReadRequest(OzoneManagerRequestHandler.java:228) ~[ozone-manager-1.3.0-SNAPSHOT.jar:?]
	at org.apache.hadoop.ozone.protocolPB.OzoneManagerProtocolServerSideTranslatorPB.submitRequestDirectlyToOM(OzoneManagerProtocolServerSideTranslatorPB.java:276) ~[ozone-manager-1.3.0-SNAPSHOT.jar:?]
	at org.apache.hadoop.ozone.protocolPB.OzoneManagerProtocolServerSideTranslatorPB.processRequest(OzoneManagerProtocolServerSideTranslatorPB.java:205) ~[ozone-manager-1.3.0-SNAPSHOT.jar:?]
	at org.apache.hadoop.hdds.server.OzoneProtocolMessageDispatcher.processRequest(OzoneProtocolMessageDispatcher.java:87) [hdds-server-framework-1.3.0-SNAPSHOT.jar:?]
	at org.apache.hadoop.ozone.protocolPB.OzoneManagerProtocolServerSideTranslatorPB.submitRequest(OzoneManagerProtocolServerSideTranslatorPB.java:147) [ozone-manager-1.3.0-SNAPSHOT.jar:?]
	at org.apache.hadoop.ozone.protocol.proto.OzoneManagerProtocolProtos$OzoneManagerService$2.callBlockingMethod(OzoneManagerProtocolProtos.java) [ozone-interface-client-1.3.0-SNAPSHOT.jar:?]
	at org.apache.hadoop.ipc.ProtobufRpcEngine$Server.processCall(ProtobufRpcEngine.java:466) [hadoop-common-3.3.1.jar:?]
	at org.apache.hadoop.ipc.ProtobufRpcEngine2$Server$ProtoBufRpcInvoker.call(ProtobufRpcEngine2.java:574) [hadoop-common-3.3.1.jar:?]
	at org.apache.hadoop.ipc.ProtobufRpcEngine2$Server$ProtoBufRpcInvoker.call(ProtobufRpcEngine2.java:552) [hadoop-common-3.3.1.jar:?]
	at org.apache.hadoop.ipc.RPC$Server.call(RPC.java:1093) [hadoop-common-3.3.1.jar:?]
	at org.apache.hadoop.ipc.Server$RpcCall.run(Server.java:1035) [hadoop-common-3.3.1.jar:?]
	at org.apache.hadoop.ipc.Server$RpcCall.run(Server.java:963) [hadoop-common-3.3.1.jar:?]
	at java.security.AccessController.doPrivileged(Native Method) ~[?:1.8.0_332]
	at javax.security.auth.Subject.doAs(Subject.java:422) [?:1.8.0_332]
	at org.apache.hadoop.security.UserGroupInformation.doAs(UserGroupInformation.java:1878) [hadoop-common-3.3.1.jar:?]
	at org.apache.hadoop.ipc.Server$Handler.run(Server.java:2966) [hadoop-common-3.3.1.jar:?]
23:46:32.187 [IPC Server handler 3 on default port 34097] ERROR OMAudit - user=runner | ip=127.0.0.1 | op=LIST_STATUS {volume=volume05206, bucket=bucket45514, key=root_dir/file2, dataSize=0, replicationConfig=null} | ret=FAILURE
org.apache.hadoop.ozone.om.exceptions.OMException: Unable to get file status: volume: volume05206 bucket: bucket45514 key: root_dir/file2
	at org.apache.hadoop.ozone.om.KeyManagerImpl.getOzoneFileStatus(KeyManagerImpl.java:1311) ~[ozone-manager-1.3.0-SNAPSHOT.jar:?]
	at org.apache.hadoop.ozone.om.KeyManagerImpl.getFileStatus(KeyManagerImpl.java:1241) ~[ozone-manager-1.3.0-SNAPSHOT.jar:?]
	at org.apache.hadoop.ozone.om.KeyManagerImpl.listStatus(KeyManagerImpl.java:1565) ~[ozone-manager-1.3.0-SNAPSHOT.jar:?]
	at org.apache.hadoop.ozone.om.OzoneManager.listStatus(OzoneManager.java:3497) ~[ozone-manager-1.3.0-SNAPSHOT.jar:?]
	at org.apache.hadoop.ozone.protocolPB.OzoneManagerRequestHandler.listStatus(OzoneManagerRequestHandler.java:1028) ~[ozone-manager-1.3.0-SNAPSHOT.jar:?]
	at org.apache.hadoop.ozone.protocolPB.OzoneManagerRequestHandler.handleReadRequest(OzoneManagerRequestHandler.java:228) ~[ozone-manager-1.3.0-SNAPSHOT.jar:?]
	at org.apache.hadoop.ozone.protocolPB.OzoneManagerProtocolServerSideTranslatorPB.submitRequestDirectlyToOM(OzoneManagerProtocolServerSideTranslatorPB.java:276) ~[ozone-manager-1.3.0-SNAPSHOT.jar:?]
	at org.apache.hadoop.ozone.protocolPB.OzoneManagerProtocolServerSideTranslatorPB.processRequest(OzoneManagerProtocolServerSideTranslatorPB.java:205) ~[ozone-manager-1.3.0-SNAPSHOT.jar:?]
	at org.apache.hadoop.hdds.server.OzoneProtocolMessageDispatcher.processRequest(OzoneProtocolMessageDispatcher.java:87) [hdds-server-framework-1.3.0-SNAPSHOT.jar:?]
	at org.apache.hadoop.ozone.protocolPB.OzoneManagerProtocolServerSideTranslatorPB.submitRequest(OzoneManagerProtocolServerSideTranslatorPB.java:147) [ozone-manager-1.3.0-SNAPSHOT.jar:?]
	at org.apache.hadoop.ozone.protocol.proto.OzoneManagerProtocolProtos$OzoneManagerService$2.callBlockingMethod(OzoneManagerProtocolProtos.java) [ozone-interface-client-1.3.0-SNAPSHOT.jar:?]
	at org.apache.hadoop.ipc.ProtobufRpcEngine$Server.processCall(ProtobufRpcEngine.java:466) [hadoop-common-3.3.1.jar:?]
	at org.apache.hadoop.ipc.ProtobufRpcEngine2$Server$ProtoBufRpcInvoker.call(ProtobufRpcEngine2.java:574) [hadoop-common-3.3.1.jar:?]
	at org.apache.hadoop.ipc.ProtobufRpcEngine2$Server$ProtoBufRpcInvoker.call(ProtobufRpcEngine2.java:552) [hadoop-common-3.3.1.jar:?]
	at org.apache.hadoop.ipc.RPC$Server.call(RPC.java:1093) [hadoop-common-3.3.1.jar:?]
	at org.apache.hadoop.ipc.Server$RpcCall.run(Server.java:1035) [hadoop-common-3.3.1.jar:?]
	at org.apache.hadoop.ipc.Server$RpcCall.run(Server.java:963) [hadoop-common-3.3.1.jar:?]
	at java.security.AccessController.doPrivileged(Native Method) ~[?:1.8.0_332]
	at javax.security.auth.Subject.doAs(Subject.java:422) [?:1.8.0_332]
	at org.apache.hadoop.security.UserGroupInformation.doAs(UserGroupInformation.java:1878) [hadoop-common-3.3.1.jar:?]
	at org.apache.hadoop.ipc.Server$Handler.run(Server.java:2966) [hadoop-common-3.3.1.jar:?]
]]></system-out>
  </testcase>
  <testcase name="testRenameToParentDir" classname="TestOzoneFileSystem" time="0.04">
    <system-out><![CDATA[23:49:34.115 [IPC Server handler 16 on default port 33165] ERROR OMAudit - user=runner | ip=127.0.0.1 | op=LIST_STATUS {volume=volume99794, bucket=bucket10019, key=root_dir/dir2, dataSize=0, replicationConfig=null} | ret=FAILURE
org.apache.hadoop.ozone.om.exceptions.OMException: Unable to get file status: volume: volume99794 bucket: bucket10019 key: root_dir/dir2
	at org.apache.hadoop.ozone.om.KeyManagerImpl.getOzoneFileStatus(KeyManagerImpl.java:1311) ~[ozone-manager-1.3.0-SNAPSHOT.jar:?]
	at org.apache.hadoop.ozone.om.KeyManagerImpl.getFileStatus(KeyManagerImpl.java:1241) ~[ozone-manager-1.3.0-SNAPSHOT.jar:?]
	at org.apache.hadoop.ozone.om.KeyManagerImpl.listStatus(KeyManagerImpl.java:1565) ~[ozone-manager-1.3.0-SNAPSHOT.jar:?]
	at org.apache.hadoop.ozone.om.OzoneManager.listStatus(OzoneManager.java:3497) ~[ozone-manager-1.3.0-SNAPSHOT.jar:?]
	at org.apache.hadoop.ozone.protocolPB.OzoneManagerRequestHandler.listStatus(OzoneManagerRequestHandler.java:1028) ~[ozone-manager-1.3.0-SNAPSHOT.jar:?]
	at org.apache.hadoop.ozone.protocolPB.OzoneManagerRequestHandler.handleReadRequest(OzoneManagerRequestHandler.java:228) ~[ozone-manager-1.3.0-SNAPSHOT.jar:?]
	at org.apache.hadoop.ozone.protocolPB.OzoneManagerProtocolServerSideTranslatorPB.submitReadRequestToOM(OzoneManagerProtocolServerSideTranslatorPB.java:226) ~[ozone-manager-1.3.0-SNAPSHOT.jar:?]
	at org.apache.hadoop.ozone.protocolPB.OzoneManagerProtocolServerSideTranslatorPB.processRequest(OzoneManagerProtocolServerSideTranslatorPB.java:175) ~[ozone-manager-1.3.0-SNAPSHOT.jar:?]
	at org.apache.hadoop.hdds.server.OzoneProtocolMessageDispatcher.processRequest(OzoneProtocolMessageDispatcher.java:87) [hdds-server-framework-1.3.0-SNAPSHOT.jar:?]
	at org.apache.hadoop.ozone.protocolPB.OzoneManagerProtocolServerSideTranslatorPB.submitRequest(OzoneManagerProtocolServerSideTranslatorPB.java:147) [ozone-manager-1.3.0-SNAPSHOT.jar:?]
	at org.apache.hadoop.ozone.protocol.proto.OzoneManagerProtocolProtos$OzoneManagerService$2.callBlockingMethod(OzoneManagerProtocolProtos.java) [ozone-interface-client-1.3.0-SNAPSHOT.jar:?]
	at org.apache.hadoop.ipc.ProtobufRpcEngine$Server.processCall(ProtobufRpcEngine.java:466) [hadoop-common-3.3.1.jar:?]
	at org.apache.hadoop.ipc.ProtobufRpcEngine2$Server$ProtoBufRpcInvoker.call(ProtobufRpcEngine2.java:574) [hadoop-common-3.3.1.jar:?]
	at org.apache.hadoop.ipc.ProtobufRpcEngine2$Server$ProtoBufRpcInvoker.call(ProtobufRpcEngine2.java:552) [hadoop-common-3.3.1.jar:?]
	at org.apache.hadoop.ipc.RPC$Server.call(RPC.java:1093) [hadoop-common-3.3.1.jar:?]
	at org.apache.hadoop.ipc.Server$RpcCall.run(Server.java:1035) [hadoop-common-3.3.1.jar:?]
	at org.apache.hadoop.ipc.Server$RpcCall.run(Server.java:963) [hadoop-common-3.3.1.jar:?]
	at java.security.AccessController.doPrivileged(Native Method) ~[?:1.8.0_332]
	at javax.security.auth.Subject.doAs(Subject.java:422) [?:1.8.0_332]
	at org.apache.hadoop.security.UserGroupInformation.doAs(UserGroupInformation.java:1878) [hadoop-common-3.3.1.jar:?]
	at org.apache.hadoop.ipc.Server$Handler.run(Server.java:2966) [hadoop-common-3.3.1.jar:?]
23:49:34.120 [IPC Server handler 7 on default port 33165] ERROR OMAudit - user=runner | ip=127.0.0.1 | op=LIST_STATUS {volume=volume99794, bucket=bucket10019, key=root_dir/file2, dataSize=0, replicationConfig=null} | ret=FAILURE
org.apache.hadoop.ozone.om.exceptions.OMException: Unable to get file status: volume: volume99794 bucket: bucket10019 key: root_dir/file2
	at org.apache.hadoop.ozone.om.KeyManagerImpl.getOzoneFileStatus(KeyManagerImpl.java:1311) ~[ozone-manager-1.3.0-SNAPSHOT.jar:?]
	at org.apache.hadoop.ozone.om.KeyManagerImpl.getFileStatus(KeyManagerImpl.java:1241) ~[ozone-manager-1.3.0-SNAPSHOT.jar:?]
	at org.apache.hadoop.ozone.om.KeyManagerImpl.listStatus(KeyManagerImpl.java:1565) ~[ozone-manager-1.3.0-SNAPSHOT.jar:?]
	at org.apache.hadoop.ozone.om.OzoneManager.listStatus(OzoneManager.java:3497) ~[ozone-manager-1.3.0-SNAPSHOT.jar:?]
	at org.apache.hadoop.ozone.protocolPB.OzoneManagerRequestHandler.listStatus(OzoneManagerRequestHandler.java:1028) ~[ozone-manager-1.3.0-SNAPSHOT.jar:?]
	at org.apache.hadoop.ozone.protocolPB.OzoneManagerRequestHandler.handleReadRequest(OzoneManagerRequestHandler.java:228) ~[ozone-manager-1.3.0-SNAPSHOT.jar:?]
	at org.apache.hadoop.ozone.protocolPB.OzoneManagerProtocolServerSideTranslatorPB.submitReadRequestToOM(OzoneManagerProtocolServerSideTranslatorPB.java:226) ~[ozone-manager-1.3.0-SNAPSHOT.jar:?]
	at org.apache.hadoop.ozone.protocolPB.OzoneManagerProtocolServerSideTranslatorPB.processRequest(OzoneManagerProtocolServerSideTranslatorPB.java:175) ~[ozone-manager-1.3.0-SNAPSHOT.jar:?]
	at org.apache.hadoop.hdds.server.OzoneProtocolMessageDispatcher.processRequest(OzoneProtocolMessageDispatcher.java:87) [hdds-server-framework-1.3.0-SNAPSHOT.jar:?]
	at org.apache.hadoop.ozone.protocolPB.OzoneManagerProtocolServerSideTranslatorPB.submitRequest(OzoneManagerProtocolServerSideTranslatorPB.java:147) [ozone-manager-1.3.0-SNAPSHOT.jar:?]
	at org.apache.hadoop.ozone.protocol.proto.OzoneManagerProtocolProtos$OzoneManagerService$2.callBlockingMethod(OzoneManagerProtocolProtos.java) [ozone-interface-client-1.3.0-SNAPSHOT.jar:?]
	at org.apache.hadoop.ipc.ProtobufRpcEngine$Server.processCall(ProtobufRpcEngine.java:466) [hadoop-common-3.3.1.jar:?]
	at org.apache.hadoop.ipc.ProtobufRpcEngine2$Server$ProtoBufRpcInvoker.call(ProtobufRpcEngine2.java:574) [hadoop-common-3.3.1.jar:?]
	at org.apache.hadoop.ipc.ProtobufRpcEngine2$Server$ProtoBufRpcInvoker.call(ProtobufRpcEngine2.java:552) [hadoop-common-3.3.1.jar:?]
	at org.apache.hadoop.ipc.RPC$Server.call(RPC.java:1093) [hadoop-common-3.3.1.jar:?]
	at org.apache.hadoop.ipc.Server$RpcCall.run(Server.java:1035) [hadoop-common-3.3.1.jar:?]
	at org.apache.hadoop.ipc.Server$RpcCall.run(Server.java:963) [hadoop-common-3.3.1.jar:?]
	at java.security.AccessController.doPrivileged(Native Method) ~[?:1.8.0_332]
	at javax.security.auth.Subject.doAs(Subject.java:422) [?:1.8.0_332]
	at org.apache.hadoop.security.UserGroupInformation.doAs(UserGroupInformation.java:1878) [hadoop-common-3.3.1.jar:?]
	at org.apache.hadoop.ipc.Server$Handler.run(Server.java:2966) [hadoop-common-3.3.1.jar:?]
]]></system-out>
  </testcase>
  <testcase name="testRenameToParentDir" classname="TestOzoneFileSystem" time="0.058">
    <system-out><![CDATA[23:50:47.348 [IPC Server handler 7 on default port 33563] ERROR OMAudit - user=runner | ip=127.0.0.1 | op=LIST_STATUS {volume=volume50176, bucket=bucket31866, key=root_dir/dir2, dataSize=0, replicationConfig=null} | ret=FAILURE
org.apache.hadoop.ozone.om.exceptions.OMException: Unable to get file status: volume: volume50176 bucket: bucket31866 key: root_dir/dir2
	at org.apache.hadoop.ozone.om.KeyManagerImpl.getOzoneFileStatus(KeyManagerImpl.java:1311) ~[ozone-manager-1.3.0-SNAPSHOT.jar:?]
	at org.apache.hadoop.ozone.om.KeyManagerImpl.getFileStatus(KeyManagerImpl.java:1241) ~[ozone-manager-1.3.0-SNAPSHOT.jar:?]
	at org.apache.hadoop.ozone.om.KeyManagerImpl.listStatus(KeyManagerImpl.java:1565) ~[ozone-manager-1.3.0-SNAPSHOT.jar:?]
	at org.apache.hadoop.ozone.om.OzoneManager.listStatus(OzoneManager.java:3497) ~[ozone-manager-1.3.0-SNAPSHOT.jar:?]
	at org.apache.hadoop.ozone.protocolPB.OzoneManagerRequestHandler.listStatus(OzoneManagerRequestHandler.java:1028) ~[ozone-manager-1.3.0-SNAPSHOT.jar:?]
	at org.apache.hadoop.ozone.protocolPB.OzoneManagerRequestHandler.handleReadRequest(OzoneManagerRequestHandler.java:228) ~[ozone-manager-1.3.0-SNAPSHOT.jar:?]
	at org.apache.hadoop.ozone.protocolPB.OzoneManagerProtocolServerSideTranslatorPB.submitRequestDirectlyToOM(OzoneManagerProtocolServerSideTranslatorPB.java:276) ~[ozone-manager-1.3.0-SNAPSHOT.jar:?]
	at org.apache.hadoop.ozone.protocolPB.OzoneManagerProtocolServerSideTranslatorPB.processRequest(OzoneManagerProtocolServerSideTranslatorPB.java:205) ~[ozone-manager-1.3.0-SNAPSHOT.jar:?]
	at org.apache.hadoop.hdds.server.OzoneProtocolMessageDispatcher.processRequest(OzoneProtocolMessageDispatcher.java:87) [hdds-server-framework-1.3.0-SNAPSHOT.jar:?]
	at org.apache.hadoop.ozone.protocolPB.OzoneManagerProtocolServerSideTranslatorPB.submitRequest(OzoneManagerProtocolServerSideTranslatorPB.java:147) [ozone-manager-1.3.0-SNAPSHOT.jar:?]
	at org.apache.hadoop.ozone.protocol.proto.OzoneManagerProtocolProtos$OzoneManagerService$2.callBlockingMethod(OzoneManagerProtocolProtos.java) [ozone-interface-client-1.3.0-SNAPSHOT.jar:?]
	at org.apache.hadoop.ipc.ProtobufRpcEngine$Server.processCall(ProtobufRpcEngine.java:466) [hadoop-common-3.3.1.jar:?]
	at org.apache.hadoop.ipc.ProtobufRpcEngine2$Server$ProtoBufRpcInvoker.call(ProtobufRpcEngine2.java:574) [hadoop-common-3.3.1.jar:?]
	at org.apache.hadoop.ipc.ProtobufRpcEngine2$Server$ProtoBufRpcInvoker.call(ProtobufRpcEngine2.java:552) [hadoop-common-3.3.1.jar:?]
	at org.apache.hadoop.ipc.RPC$Server.call(RPC.java:1093) [hadoop-common-3.3.1.jar:?]
	at org.apache.hadoop.ipc.Server$RpcCall.run(Server.java:1035) [hadoop-common-3.3.1.jar:?]
	at org.apache.hadoop.ipc.Server$RpcCall.run(Server.java:963) [hadoop-common-3.3.1.jar:?]
	at java.security.AccessController.doPrivileged(Native Method) ~[?:1.8.0_332]
	at javax.security.auth.Subject.doAs(Subject.java:422) [?:1.8.0_332]
	at org.apache.hadoop.security.UserGroupInformation.doAs(UserGroupInformation.java:1878) [hadoop-common-3.3.1.jar:?]
	at org.apache.hadoop.ipc.Server$Handler.run(Server.java:2966) [hadoop-common-3.3.1.jar:?]
23:50:47.375 [IPC Server handler 5 on default port 33563] ERROR OMAudit - user=runner | ip=127.0.0.1 | op=LIST_STATUS {volume=volume50176, bucket=bucket31866, key=root_dir/file2, dataSize=0, replicationConfig=null} | ret=FAILURE
org.apache.hadoop.ozone.om.exceptions.OMException: Unable to get file status: volume: volume50176 bucket: bucket31866 key: root_dir/file2
	at org.apache.hadoop.ozone.om.KeyManagerImpl.getOzoneFileStatus(KeyManagerImpl.java:1311) ~[ozone-manager-1.3.0-SNAPSHOT.jar:?]
	at org.apache.hadoop.ozone.om.KeyManagerImpl.getFileStatus(KeyManagerImpl.java:1241) ~[ozone-manager-1.3.0-SNAPSHOT.jar:?]
	at org.apache.hadoop.ozone.om.KeyManagerImpl.listStatus(KeyManagerImpl.java:1565) ~[ozone-manager-1.3.0-SNAPSHOT.jar:?]
	at org.apache.hadoop.ozone.om.OzoneManager.listStatus(OzoneManager.java:3497) ~[ozone-manager-1.3.0-SNAPSHOT.jar:?]
	at org.apache.hadoop.ozone.protocolPB.OzoneManagerRequestHandler.listStatus(OzoneManagerRequestHandler.java:1028) ~[ozone-manager-1.3.0-SNAPSHOT.jar:?]
	at org.apache.hadoop.ozone.protocolPB.OzoneManagerRequestHandler.handleReadRequest(OzoneManagerRequestHandler.java:228) ~[ozone-manager-1.3.0-SNAPSHOT.jar:?]
	at org.apache.hadoop.ozone.protocolPB.OzoneManagerProtocolServerSideTranslatorPB.submitRequestDirectlyToOM(OzoneManagerProtocolServerSideTranslatorPB.java:276) ~[ozone-manager-1.3.0-SNAPSHOT.jar:?]
	at org.apache.hadoop.ozone.protocolPB.OzoneManagerProtocolServerSideTranslatorPB.processRequest(OzoneManagerProtocolServerSideTranslatorPB.java:205) ~[ozone-manager-1.3.0-SNAPSHOT.jar:?]
	at org.apache.hadoop.hdds.server.OzoneProtocolMessageDispatcher.processRequest(OzoneProtocolMessageDispatcher.java:87) [hdds-server-framework-1.3.0-SNAPSHOT.jar:?]
	at org.apache.hadoop.ozone.protocolPB.OzoneManagerProtocolServerSideTranslatorPB.submitRequest(OzoneManagerProtocolServerSideTranslatorPB.java:147) [ozone-manager-1.3.0-SNAPSHOT.jar:?]
	at org.apache.hadoop.ozone.protocol.proto.OzoneManagerProtocolProtos$OzoneManagerService$2.callBlockingMethod(OzoneManagerProtocolProtos.java) [ozone-interface-client-1.3.0-SNAPSHOT.jar:?]
	at org.apache.hadoop.ipc.ProtobufRpcEngine$Server.processCall(ProtobufRpcEngine.java:466) [hadoop-common-3.3.1.jar:?]
	at org.apache.hadoop.ipc.ProtobufRpcEngine2$Server$ProtoBufRpcInvoker.call(ProtobufRpcEngine2.java:574) [hadoop-common-3.3.1.jar:?]
	at org.apache.hadoop.ipc.ProtobufRpcEngine2$Server$ProtoBufRpcInvoker.call(ProtobufRpcEngine2.java:552) [hadoop-common-3.3.1.jar:?]
	at org.apache.hadoop.ipc.RPC$Server.call(RPC.java:1093) [hadoop-common-3.3.1.jar:?]
	at org.apache.hadoop.ipc.Server$RpcCall.run(Server.java:1035) [hadoop-common-3.3.1.jar:?]
	at org.apache.hadoop.ipc.Server$RpcCall.run(Server.java:963) [hadoop-common-3.3.1.jar:?]
	at java.security.AccessController.doPrivileged(Native Method) ~[?:1.8.0_332]
	at javax.security.auth.Subject.doAs(Subject.java:422) [?:1.8.0_332]
	at org.apache.hadoop.security.UserGroupInformation.doAs(UserGroupInformation.java:1878) [hadoop-common-3.3.1.jar:?]
	at org.apache.hadoop.ipc.Server$Handler.run(Server.java:2966) [hadoop-common-3.3.1.jar:?]
]]></system-out>
  </testcase>
  <testcase name="testListStatusOnSubDirs" classname="TestOzoneFileSystem" time="0.052"/>
  <testcase name="testListStatusOnSubDirs" classname="TestOzoneFileSystem" time="0.03"/>
  <testcase name="testListStatusOnSubDirs" classname="TestOzoneFileSystem" time="0.062"/>
  <testcase name="testListStatusOnSubDirs" classname="TestOzoneFileSystem" time="0.078"/>
  <testcase name="testListStatus" classname="TestOzoneFileSystem" time="0.067"/>
  <testcase name="testListStatus" classname="TestOzoneFileSystem" time="0.042"/>
  <testcase name="testListStatus" classname="TestOzoneFileSystem" time="0.107"/>
  <testcase name="testListStatus" classname="TestOzoneFileSystem" time="0.057"/>
  <testcase name="testRecursiveDelete" classname="TestOzoneFileSystem" time="0.305">
    <system-out><![CDATA[23:45:25.441 [IPC Server handler 9 on default port 44795] ERROR OMAudit - user=runner | ip=127.0.0.1 | op=GET_FILE_STATUS {volume=volume84730, bucket=bucket91502, key=gdir1, dataSize=0, replicationConfig=null} | ret=FAILURE
org.apache.hadoop.ozone.om.exceptions.OMException: Unable to get file status: volume: volume84730 bucket: bucket91502 key: gdir1
	at org.apache.hadoop.ozone.om.KeyManagerImpl.getOzoneFileStatus(KeyManagerImpl.java:1311) ~[ozone-manager-1.3.0-SNAPSHOT.jar:?]
	at org.apache.hadoop.ozone.om.KeyManagerImpl.getFileStatus(KeyManagerImpl.java:1241) ~[ozone-manager-1.3.0-SNAPSHOT.jar:?]
	at org.apache.hadoop.ozone.om.OzoneManager.getFileStatus(OzoneManager.java:3419) ~[ozone-manager-1.3.0-SNAPSHOT.jar:?]
	at org.apache.hadoop.ozone.protocolPB.OzoneManagerRequestHandler.getOzoneFileStatus(OzoneManagerRequestHandler.java:871) ~[ozone-manager-1.3.0-SNAPSHOT.jar:?]
	at org.apache.hadoop.ozone.protocolPB.OzoneManagerRequestHandler.handleReadRequest(OzoneManagerRequestHandler.java:217) ~[ozone-manager-1.3.0-SNAPSHOT.jar:?]
	at org.apache.hadoop.ozone.protocolPB.OzoneManagerProtocolServerSideTranslatorPB.submitReadRequestToOM(OzoneManagerProtocolServerSideTranslatorPB.java:226) ~[ozone-manager-1.3.0-SNAPSHOT.jar:?]
	at org.apache.hadoop.ozone.protocolPB.OzoneManagerProtocolServerSideTranslatorPB.processRequest(OzoneManagerProtocolServerSideTranslatorPB.java:175) ~[ozone-manager-1.3.0-SNAPSHOT.jar:?]
	at org.apache.hadoop.hdds.server.OzoneProtocolMessageDispatcher.processRequest(OzoneProtocolMessageDispatcher.java:87) [hdds-server-framework-1.3.0-SNAPSHOT.jar:?]
	at org.apache.hadoop.ozone.protocolPB.OzoneManagerProtocolServerSideTranslatorPB.submitRequest(OzoneManagerProtocolServerSideTranslatorPB.java:147) [ozone-manager-1.3.0-SNAPSHOT.jar:?]
	at org.apache.hadoop.ozone.protocol.proto.OzoneManagerProtocolProtos$OzoneManagerService$2.callBlockingMethod(OzoneManagerProtocolProtos.java) [ozone-interface-client-1.3.0-SNAPSHOT.jar:?]
	at org.apache.hadoop.ipc.ProtobufRpcEngine$Server.processCall(ProtobufRpcEngine.java:466) [hadoop-common-3.3.1.jar:?]
	at org.apache.hadoop.ipc.ProtobufRpcEngine2$Server$ProtoBufRpcInvoker.call(ProtobufRpcEngine2.java:574) [hadoop-common-3.3.1.jar:?]
	at org.apache.hadoop.ipc.ProtobufRpcEngine2$Server$ProtoBufRpcInvoker.call(ProtobufRpcEngine2.java:552) [hadoop-common-3.3.1.jar:?]
	at org.apache.hadoop.ipc.RPC$Server.call(RPC.java:1093) [hadoop-common-3.3.1.jar:?]
	at org.apache.hadoop.ipc.Server$RpcCall.run(Server.java:1035) [hadoop-common-3.3.1.jar:?]
	at org.apache.hadoop.ipc.Server$RpcCall.run(Server.java:963) [hadoop-common-3.3.1.jar:?]
	at java.security.AccessController.doPrivileged(Native Method) ~[?:1.8.0_332]
	at javax.security.auth.Subject.doAs(Subject.java:422) [?:1.8.0_332]
	at org.apache.hadoop.security.UserGroupInformation.doAs(UserGroupInformation.java:1878) [hadoop-common-3.3.1.jar:?]
	at org.apache.hadoop.ipc.Server$Handler.run(Server.java:2966) [hadoop-common-3.3.1.jar:?]
23:45:25.442 [IPC Server handler 0 on default port 44795] ERROR OMAudit - user=runner | ip=127.0.0.1 | op=GET_FILE_STATUS {volume=volume84730, bucket=bucket91502, key=gdir1/dir1, dataSize=0, replicationConfig=null} | ret=FAILURE
org.apache.hadoop.ozone.om.exceptions.OMException: Unable to get file status: volume: volume84730 bucket: bucket91502 key: gdir1/dir1
	at org.apache.hadoop.ozone.om.KeyManagerImpl.getOzoneFileStatus(KeyManagerImpl.java:1311) ~[ozone-manager-1.3.0-SNAPSHOT.jar:?]
	at org.apache.hadoop.ozone.om.KeyManagerImpl.getFileStatus(KeyManagerImpl.java:1241) ~[ozone-manager-1.3.0-SNAPSHOT.jar:?]
	at org.apache.hadoop.ozone.om.OzoneManager.getFileStatus(OzoneManager.java:3419) ~[ozone-manager-1.3.0-SNAPSHOT.jar:?]
	at org.apache.hadoop.ozone.protocolPB.OzoneManagerRequestHandler.getOzoneFileStatus(OzoneManagerRequestHandler.java:871) ~[ozone-manager-1.3.0-SNAPSHOT.jar:?]
	at org.apache.hadoop.ozone.protocolPB.OzoneManagerRequestHandler.handleReadRequest(OzoneManagerRequestHandler.java:217) ~[ozone-manager-1.3.0-SNAPSHOT.jar:?]
	at org.apache.hadoop.ozone.protocolPB.OzoneManagerProtocolServerSideTranslatorPB.submitReadRequestToOM(OzoneManagerProtocolServerSideTranslatorPB.java:226) ~[ozone-manager-1.3.0-SNAPSHOT.jar:?]
	at org.apache.hadoop.ozone.protocolPB.OzoneManagerProtocolServerSideTranslatorPB.processRequest(OzoneManagerProtocolServerSideTranslatorPB.java:175) ~[ozone-manager-1.3.0-SNAPSHOT.jar:?]
	at org.apache.hadoop.hdds.server.OzoneProtocolMessageDispatcher.processRequest(OzoneProtocolMessageDispatcher.java:87) [hdds-server-framework-1.3.0-SNAPSHOT.jar:?]
	at org.apache.hadoop.ozone.protocolPB.OzoneManagerProtocolServerSideTranslatorPB.submitRequest(OzoneManagerProtocolServerSideTranslatorPB.java:147) [ozone-manager-1.3.0-SNAPSHOT.jar:?]
	at org.apache.hadoop.ozone.protocol.proto.OzoneManagerProtocolProtos$OzoneManagerService$2.callBlockingMethod(OzoneManagerProtocolProtos.java) [ozone-interface-client-1.3.0-SNAPSHOT.jar:?]
	at org.apache.hadoop.ipc.ProtobufRpcEngine$Server.processCall(ProtobufRpcEngine.java:466) [hadoop-common-3.3.1.jar:?]
	at org.apache.hadoop.ipc.ProtobufRpcEngine2$Server$ProtoBufRpcInvoker.call(ProtobufRpcEngine2.java:574) [hadoop-common-3.3.1.jar:?]
	at org.apache.hadoop.ipc.ProtobufRpcEngine2$Server$ProtoBufRpcInvoker.call(ProtobufRpcEngine2.java:552) [hadoop-common-3.3.1.jar:?]
	at org.apache.hadoop.ipc.RPC$Server.call(RPC.java:1093) [hadoop-common-3.3.1.jar:?]
	at org.apache.hadoop.ipc.Server$RpcCall.run(Server.java:1035) [hadoop-common-3.3.1.jar:?]
	at org.apache.hadoop.ipc.Server$RpcCall.run(Server.java:963) [hadoop-common-3.3.1.jar:?]
	at java.security.AccessController.doPrivileged(Native Method) ~[?:1.8.0_332]
	at javax.security.auth.Subject.doAs(Subject.java:422) [?:1.8.0_332]
	at org.apache.hadoop.security.UserGroupInformation.doAs(UserGroupInformation.java:1878) [hadoop-common-3.3.1.jar:?]
	at org.apache.hadoop.ipc.Server$Handler.run(Server.java:2966) [hadoop-common-3.3.1.jar:?]
23:45:25.443 [IPC Server handler 8 on default port 44795] ERROR OMAudit - user=runner | ip=127.0.0.1 | op=GET_FILE_STATUS {volume=volume84730, bucket=bucket91502, key=gdir1/dir1/child, dataSize=0, replicationConfig=null} | ret=FAILURE
org.apache.hadoop.ozone.om.exceptions.OMException: Unable to get file status: volume: volume84730 bucket: bucket91502 key: gdir1/dir1/child
	at org.apache.hadoop.ozone.om.KeyManagerImpl.getOzoneFileStatus(KeyManagerImpl.java:1311) ~[ozone-manager-1.3.0-SNAPSHOT.jar:?]
	at org.apache.hadoop.ozone.om.KeyManagerImpl.getFileStatus(KeyManagerImpl.java:1241) ~[ozone-manager-1.3.0-SNAPSHOT.jar:?]
	at org.apache.hadoop.ozone.om.OzoneManager.getFileStatus(OzoneManager.java:3419) ~[ozone-manager-1.3.0-SNAPSHOT.jar:?]
	at org.apache.hadoop.ozone.protocolPB.OzoneManagerRequestHandler.getOzoneFileStatus(OzoneManagerRequestHandler.java:871) ~[ozone-manager-1.3.0-SNAPSHOT.jar:?]
	at org.apache.hadoop.ozone.protocolPB.OzoneManagerRequestHandler.handleReadRequest(OzoneManagerRequestHandler.java:217) ~[ozone-manager-1.3.0-SNAPSHOT.jar:?]
	at org.apache.hadoop.ozone.protocolPB.OzoneManagerProtocolServerSideTranslatorPB.submitReadRequestToOM(OzoneManagerProtocolServerSideTranslatorPB.java:226) ~[ozone-manager-1.3.0-SNAPSHOT.jar:?]
	at org.apache.hadoop.ozone.protocolPB.OzoneManagerProtocolServerSideTranslatorPB.processRequest(OzoneManagerProtocolServerSideTranslatorPB.java:175) ~[ozone-manager-1.3.0-SNAPSHOT.jar:?]
	at org.apache.hadoop.hdds.server.OzoneProtocolMessageDispatcher.processRequest(OzoneProtocolMessageDispatcher.java:87) [hdds-server-framework-1.3.0-SNAPSHOT.jar:?]
	at org.apache.hadoop.ozone.protocolPB.OzoneManagerProtocolServerSideTranslatorPB.submitRequest(OzoneManagerProtocolServerSideTranslatorPB.java:147) [ozone-manager-1.3.0-SNAPSHOT.jar:?]
	at org.apache.hadoop.ozone.protocol.proto.OzoneManagerProtocolProtos$OzoneManagerService$2.callBlockingMethod(OzoneManagerProtocolProtos.java) [ozone-interface-client-1.3.0-SNAPSHOT.jar:?]
	at org.apache.hadoop.ipc.ProtobufRpcEngine$Server.processCall(ProtobufRpcEngine.java:466) [hadoop-common-3.3.1.jar:?]
	at org.apache.hadoop.ipc.ProtobufRpcEngine2$Server$ProtoBufRpcInvoker.call(ProtobufRpcEngine2.java:574) [hadoop-common-3.3.1.jar:?]
	at org.apache.hadoop.ipc.ProtobufRpcEngine2$Server$ProtoBufRpcInvoker.call(ProtobufRpcEngine2.java:552) [hadoop-common-3.3.1.jar:?]
	at org.apache.hadoop.ipc.RPC$Server.call(RPC.java:1093) [hadoop-common-3.3.1.jar:?]
	at org.apache.hadoop.ipc.Server$RpcCall.run(Server.java:1035) [hadoop-common-3.3.1.jar:?]
	at org.apache.hadoop.ipc.Server$RpcCall.run(Server.java:963) [hadoop-common-3.3.1.jar:?]
	at java.security.AccessController.doPrivileged(Native Method) ~[?:1.8.0_332]
	at javax.security.auth.Subject.doAs(Subject.java:422) [?:1.8.0_332]
	at org.apache.hadoop.security.UserGroupInformation.doAs(UserGroupInformation.java:1878) [hadoop-common-3.3.1.jar:?]
	at org.apache.hadoop.ipc.Server$Handler.run(Server.java:2966) [hadoop-common-3.3.1.jar:?]
23:45:25.445 [IPC Server handler 17 on default port 44795] ERROR OMAudit - user=runner | ip=127.0.0.1 | op=GET_FILE_STATUS {volume=volume84730, bucket=bucket91502, key=gdir1/dir2, dataSize=0, replicationConfig=null} | ret=FAILURE
org.apache.hadoop.ozone.om.exceptions.OMException: Unable to get file status: volume: volume84730 bucket: bucket91502 key: gdir1/dir2
	at org.apache.hadoop.ozone.om.KeyManagerImpl.getOzoneFileStatus(KeyManagerImpl.java:1311) ~[ozone-manager-1.3.0-SNAPSHOT.jar:?]
	at org.apache.hadoop.ozone.om.KeyManagerImpl.getFileStatus(KeyManagerImpl.java:1241) ~[ozone-manager-1.3.0-SNAPSHOT.jar:?]
	at org.apache.hadoop.ozone.om.OzoneManager.getFileStatus(OzoneManager.java:3419) ~[ozone-manager-1.3.0-SNAPSHOT.jar:?]
	at org.apache.hadoop.ozone.protocolPB.OzoneManagerRequestHandler.getOzoneFileStatus(OzoneManagerRequestHandler.java:871) ~[ozone-manager-1.3.0-SNAPSHOT.jar:?]
	at org.apache.hadoop.ozone.protocolPB.OzoneManagerRequestHandler.handleReadRequest(OzoneManagerRequestHandler.java:217) ~[ozone-manager-1.3.0-SNAPSHOT.jar:?]
	at org.apache.hadoop.ozone.protocolPB.OzoneManagerProtocolServerSideTranslatorPB.submitReadRequestToOM(OzoneManagerProtocolServerSideTranslatorPB.java:226) ~[ozone-manager-1.3.0-SNAPSHOT.jar:?]
	at org.apache.hadoop.ozone.protocolPB.OzoneManagerProtocolServerSideTranslatorPB.processRequest(OzoneManagerProtocolServerSideTranslatorPB.java:175) ~[ozone-manager-1.3.0-SNAPSHOT.jar:?]
	at org.apache.hadoop.hdds.server.OzoneProtocolMessageDispatcher.processRequest(OzoneProtocolMessageDispatcher.java:87) [hdds-server-framework-1.3.0-SNAPSHOT.jar:?]
	at org.apache.hadoop.ozone.protocolPB.OzoneManagerProtocolServerSideTranslatorPB.submitRequest(OzoneManagerProtocolServerSideTranslatorPB.java:147) [ozone-manager-1.3.0-SNAPSHOT.jar:?]
	at org.apache.hadoop.ozone.protocol.proto.OzoneManagerProtocolProtos$OzoneManagerService$2.callBlockingMethod(OzoneManagerProtocolProtos.java) [ozone-interface-client-1.3.0-SNAPSHOT.jar:?]
	at org.apache.hadoop.ipc.ProtobufRpcEngine$Server.processCall(ProtobufRpcEngine.java:466) [hadoop-common-3.3.1.jar:?]
	at org.apache.hadoop.ipc.ProtobufRpcEngine2$Server$ProtoBufRpcInvoker.call(ProtobufRpcEngine2.java:574) [hadoop-common-3.3.1.jar:?]
	at org.apache.hadoop.ipc.ProtobufRpcEngine2$Server$ProtoBufRpcInvoker.call(ProtobufRpcEngine2.java:552) [hadoop-common-3.3.1.jar:?]
	at org.apache.hadoop.ipc.RPC$Server.call(RPC.java:1093) [hadoop-common-3.3.1.jar:?]
	at org.apache.hadoop.ipc.Server$RpcCall.run(Server.java:1035) [hadoop-common-3.3.1.jar:?]
	at org.apache.hadoop.ipc.Server$RpcCall.run(Server.java:963) [hadoop-common-3.3.1.jar:?]
	at java.security.AccessController.doPrivileged(Native Method) ~[?:1.8.0_332]
	at javax.security.auth.Subject.doAs(Subject.java:422) [?:1.8.0_332]
	at org.apache.hadoop.security.UserGroupInformation.doAs(UserGroupInformation.java:1878) [hadoop-common-3.3.1.jar:?]
	at org.apache.hadoop.ipc.Server$Handler.run(Server.java:2966) [hadoop-common-3.3.1.jar:?]
23:45:25.446 [IPC Server handler 2 on default port 44795] ERROR OMAudit - user=runner | ip=127.0.0.1 | op=GET_FILE_STATUS {volume=volume84730, bucket=bucket91502, key=gdir1/dir2/child, dataSize=0, replicationConfig=null} | ret=FAILURE
org.apache.hadoop.ozone.om.exceptions.OMException: Unable to get file status: volume: volume84730 bucket: bucket91502 key: gdir1/dir2/child
	at org.apache.hadoop.ozone.om.KeyManagerImpl.getOzoneFileStatus(KeyManagerImpl.java:1311) ~[ozone-manager-1.3.0-SNAPSHOT.jar:?]
	at org.apache.hadoop.ozone.om.KeyManagerImpl.getFileStatus(KeyManagerImpl.java:1241) ~[ozone-manager-1.3.0-SNAPSHOT.jar:?]
	at org.apache.hadoop.ozone.om.OzoneManager.getFileStatus(OzoneManager.java:3419) ~[ozone-manager-1.3.0-SNAPSHOT.jar:?]
	at org.apache.hadoop.ozone.protocolPB.OzoneManagerRequestHandler.getOzoneFileStatus(OzoneManagerRequestHandler.java:871) ~[ozone-manager-1.3.0-SNAPSHOT.jar:?]
	at org.apache.hadoop.ozone.protocolPB.OzoneManagerRequestHandler.handleReadRequest(OzoneManagerRequestHandler.java:217) ~[ozone-manager-1.3.0-SNAPSHOT.jar:?]
	at org.apache.hadoop.ozone.protocolPB.OzoneManagerProtocolServerSideTranslatorPB.submitReadRequestToOM(OzoneManagerProtocolServerSideTranslatorPB.java:226) ~[ozone-manager-1.3.0-SNAPSHOT.jar:?]
	at org.apache.hadoop.ozone.protocolPB.OzoneManagerProtocolServerSideTranslatorPB.processRequest(OzoneManagerProtocolServerSideTranslatorPB.java:175) ~[ozone-manager-1.3.0-SNAPSHOT.jar:?]
	at org.apache.hadoop.hdds.server.OzoneProtocolMessageDispatcher.processRequest(OzoneProtocolMessageDispatcher.java:87) [hdds-server-framework-1.3.0-SNAPSHOT.jar:?]
	at org.apache.hadoop.ozone.protocolPB.OzoneManagerProtocolServerSideTranslatorPB.submitRequest(OzoneManagerProtocolServerSideTranslatorPB.java:147) [ozone-manager-1.3.0-SNAPSHOT.jar:?]
	at org.apache.hadoop.ozone.protocol.proto.OzoneManagerProtocolProtos$OzoneManagerService$2.callBlockingMethod(OzoneManagerProtocolProtos.java) [ozone-interface-client-1.3.0-SNAPSHOT.jar:?]
	at org.apache.hadoop.ipc.ProtobufRpcEngine$Server.processCall(ProtobufRpcEngine.java:466) [hadoop-common-3.3.1.jar:?]
	at org.apache.hadoop.ipc.ProtobufRpcEngine2$Server$ProtoBufRpcInvoker.call(ProtobufRpcEngine2.java:574) [hadoop-common-3.3.1.jar:?]
	at org.apache.hadoop.ipc.ProtobufRpcEngine2$Server$ProtoBufRpcInvoker.call(ProtobufRpcEngine2.java:552) [hadoop-common-3.3.1.jar:?]
	at org.apache.hadoop.ipc.RPC$Server.call(RPC.java:1093) [hadoop-common-3.3.1.jar:?]
	at org.apache.hadoop.ipc.Server$RpcCall.run(Server.java:1035) [hadoop-common-3.3.1.jar:?]
	at org.apache.hadoop.ipc.Server$RpcCall.run(Server.java:963) [hadoop-common-3.3.1.jar:?]
	at java.security.AccessController.doPrivileged(Native Method) ~[?:1.8.0_332]
	at javax.security.auth.Subject.doAs(Subject.java:422) [?:1.8.0_332]
	at org.apache.hadoop.security.UserGroupInformation.doAs(UserGroupInformation.java:1878) [hadoop-common-3.3.1.jar:?]
	at org.apache.hadoop.ipc.Server$Handler.run(Server.java:2966) [hadoop-common-3.3.1.jar:?]
23:45:25.447 [IPC Server handler 1 on default port 44795] ERROR OMAudit - user=runner | ip=127.0.0.1 | op=GET_FILE_STATUS {volume=volume84730, bucket=bucket91502, key=gdir1/dir3, dataSize=0, replicationConfig=null} | ret=FAILURE
org.apache.hadoop.ozone.om.exceptions.OMException: Unable to get file status: volume: volume84730 bucket: bucket91502 key: gdir1/dir3
	at org.apache.hadoop.ozone.om.KeyManagerImpl.getOzoneFileStatus(KeyManagerImpl.java:1311) ~[ozone-manager-1.3.0-SNAPSHOT.jar:?]
	at org.apache.hadoop.ozone.om.KeyManagerImpl.getFileStatus(KeyManagerImpl.java:1241) ~[ozone-manager-1.3.0-SNAPSHOT.jar:?]
	at org.apache.hadoop.ozone.om.OzoneManager.getFileStatus(OzoneManager.java:3419) ~[ozone-manager-1.3.0-SNAPSHOT.jar:?]
	at org.apache.hadoop.ozone.protocolPB.OzoneManagerRequestHandler.getOzoneFileStatus(OzoneManagerRequestHandler.java:871) ~[ozone-manager-1.3.0-SNAPSHOT.jar:?]
	at org.apache.hadoop.ozone.protocolPB.OzoneManagerRequestHandler.handleReadRequest(OzoneManagerRequestHandler.java:217) ~[ozone-manager-1.3.0-SNAPSHOT.jar:?]
	at org.apache.hadoop.ozone.protocolPB.OzoneManagerProtocolServerSideTranslatorPB.submitReadRequestToOM(OzoneManagerProtocolServerSideTranslatorPB.java:226) ~[ozone-manager-1.3.0-SNAPSHOT.jar:?]
	at org.apache.hadoop.ozone.protocolPB.OzoneManagerProtocolServerSideTranslatorPB.processRequest(OzoneManagerProtocolServerSideTranslatorPB.java:175) ~[ozone-manager-1.3.0-SNAPSHOT.jar:?]
	at org.apache.hadoop.hdds.server.OzoneProtocolMessageDispatcher.processRequest(OzoneProtocolMessageDispatcher.java:87) [hdds-server-framework-1.3.0-SNAPSHOT.jar:?]
	at org.apache.hadoop.ozone.protocolPB.OzoneManagerProtocolServerSideTranslatorPB.submitRequest(OzoneManagerProtocolServerSideTranslatorPB.java:147) [ozone-manager-1.3.0-SNAPSHOT.jar:?]
	at org.apache.hadoop.ozone.protocol.proto.OzoneManagerProtocolProtos$OzoneManagerService$2.callBlockingMethod(OzoneManagerProtocolProtos.java) [ozone-interface-client-1.3.0-SNAPSHOT.jar:?]
	at org.apache.hadoop.ipc.ProtobufRpcEngine$Server.processCall(ProtobufRpcEngine.java:466) [hadoop-common-3.3.1.jar:?]
	at org.apache.hadoop.ipc.ProtobufRpcEngine2$Server$ProtoBufRpcInvoker.call(ProtobufRpcEngine2.java:574) [hadoop-common-3.3.1.jar:?]
	at org.apache.hadoop.ipc.ProtobufRpcEngine2$Server$ProtoBufRpcInvoker.call(ProtobufRpcEngine2.java:552) [hadoop-common-3.3.1.jar:?]
	at org.apache.hadoop.ipc.RPC$Server.call(RPC.java:1093) [hadoop-common-3.3.1.jar:?]
	at org.apache.hadoop.ipc.Server$RpcCall.run(Server.java:1035) [hadoop-common-3.3.1.jar:?]
	at org.apache.hadoop.ipc.Server$RpcCall.run(Server.java:963) [hadoop-common-3.3.1.jar:?]
	at java.security.AccessController.doPrivileged(Native Method) ~[?:1.8.0_332]
	at javax.security.auth.Subject.doAs(Subject.java:422) [?:1.8.0_332]
	at org.apache.hadoop.security.UserGroupInformation.doAs(UserGroupInformation.java:1878) [hadoop-common-3.3.1.jar:?]
	at org.apache.hadoop.ipc.Server$Handler.run(Server.java:2966) [hadoop-common-3.3.1.jar:?]
23:45:25.449 [IPC Server handler 6 on default port 44795] ERROR OMAudit - user=runner | ip=127.0.0.1 | op=GET_FILE_STATUS {volume=volume84730, bucket=bucket91502, key=gdir1/dir3/child, dataSize=0, replicationConfig=null} | ret=FAILURE
org.apache.hadoop.ozone.om.exceptions.OMException: Unable to get file status: volume: volume84730 bucket: bucket91502 key: gdir1/dir3/child
	at org.apache.hadoop.ozone.om.KeyManagerImpl.getOzoneFileStatus(KeyManagerImpl.java:1311) ~[ozone-manager-1.3.0-SNAPSHOT.jar:?]
	at org.apache.hadoop.ozone.om.KeyManagerImpl.getFileStatus(KeyManagerImpl.java:1241) ~[ozone-manager-1.3.0-SNAPSHOT.jar:?]
	at org.apache.hadoop.ozone.om.OzoneManager.getFileStatus(OzoneManager.java:3419) ~[ozone-manager-1.3.0-SNAPSHOT.jar:?]
	at org.apache.hadoop.ozone.protocolPB.OzoneManagerRequestHandler.getOzoneFileStatus(OzoneManagerRequestHandler.java:871) ~[ozone-manager-1.3.0-SNAPSHOT.jar:?]
	at org.apache.hadoop.ozone.protocolPB.OzoneManagerRequestHandler.handleReadRequest(OzoneManagerRequestHandler.java:217) ~[ozone-manager-1.3.0-SNAPSHOT.jar:?]
	at org.apache.hadoop.ozone.protocolPB.OzoneManagerProtocolServerSideTranslatorPB.submitReadRequestToOM(OzoneManagerProtocolServerSideTranslatorPB.java:226) ~[ozone-manager-1.3.0-SNAPSHOT.jar:?]
	at org.apache.hadoop.ozone.protocolPB.OzoneManagerProtocolServerSideTranslatorPB.processRequest(OzoneManagerProtocolServerSideTranslatorPB.java:175) ~[ozone-manager-1.3.0-SNAPSHOT.jar:?]
	at org.apache.hadoop.hdds.server.OzoneProtocolMessageDispatcher.processRequest(OzoneProtocolMessageDispatcher.java:87) [hdds-server-framework-1.3.0-SNAPSHOT.jar:?]
	at org.apache.hadoop.ozone.protocolPB.OzoneManagerProtocolServerSideTranslatorPB.submitRequest(OzoneManagerProtocolServerSideTranslatorPB.java:147) [ozone-manager-1.3.0-SNAPSHOT.jar:?]
	at org.apache.hadoop.ozone.protocol.proto.OzoneManagerProtocolProtos$OzoneManagerService$2.callBlockingMethod(OzoneManagerProtocolProtos.java) [ozone-interface-client-1.3.0-SNAPSHOT.jar:?]
	at org.apache.hadoop.ipc.ProtobufRpcEngine$Server.processCall(ProtobufRpcEngine.java:466) [hadoop-common-3.3.1.jar:?]
	at org.apache.hadoop.ipc.ProtobufRpcEngine2$Server$ProtoBufRpcInvoker.call(ProtobufRpcEngine2.java:574) [hadoop-common-3.3.1.jar:?]
	at org.apache.hadoop.ipc.ProtobufRpcEngine2$Server$ProtoBufRpcInvoker.call(ProtobufRpcEngine2.java:552) [hadoop-common-3.3.1.jar:?]
	at org.apache.hadoop.ipc.RPC$Server.call(RPC.java:1093) [hadoop-common-3.3.1.jar:?]
	at org.apache.hadoop.ipc.Server$RpcCall.run(Server.java:1035) [hadoop-common-3.3.1.jar:?]
	at org.apache.hadoop.ipc.Server$RpcCall.run(Server.java:963) [hadoop-common-3.3.1.jar:?]
	at java.security.AccessController.doPrivileged(Native Method) ~[?:1.8.0_332]
	at javax.security.auth.Subject.doAs(Subject.java:422) [?:1.8.0_332]
	at org.apache.hadoop.security.UserGroupInformation.doAs(UserGroupInformation.java:1878) [hadoop-common-3.3.1.jar:?]
	at org.apache.hadoop.ipc.Server$Handler.run(Server.java:2966) [hadoop-common-3.3.1.jar:?]
23:45:25.450 [IPC Server handler 10 on default port 44795] ERROR OMAudit - user=runner | ip=127.0.0.1 | op=GET_FILE_STATUS {volume=volume84730, bucket=bucket91502, key=gdir1/dir4, dataSize=0, replicationConfig=null} | ret=FAILURE
org.apache.hadoop.ozone.om.exceptions.OMException: Unable to get file status: volume: volume84730 bucket: bucket91502 key: gdir1/dir4
	at org.apache.hadoop.ozone.om.KeyManagerImpl.getOzoneFileStatus(KeyManagerImpl.java:1311) ~[ozone-manager-1.3.0-SNAPSHOT.jar:?]
	at org.apache.hadoop.ozone.om.KeyManagerImpl.getFileStatus(KeyManagerImpl.java:1241) ~[ozone-manager-1.3.0-SNAPSHOT.jar:?]
	at org.apache.hadoop.ozone.om.OzoneManager.getFileStatus(OzoneManager.java:3419) ~[ozone-manager-1.3.0-SNAPSHOT.jar:?]
	at org.apache.hadoop.ozone.protocolPB.OzoneManagerRequestHandler.getOzoneFileStatus(OzoneManagerRequestHandler.java:871) ~[ozone-manager-1.3.0-SNAPSHOT.jar:?]
	at org.apache.hadoop.ozone.protocolPB.OzoneManagerRequestHandler.handleReadRequest(OzoneManagerRequestHandler.java:217) ~[ozone-manager-1.3.0-SNAPSHOT.jar:?]
	at org.apache.hadoop.ozone.protocolPB.OzoneManagerProtocolServerSideTranslatorPB.submitReadRequestToOM(OzoneManagerProtocolServerSideTranslatorPB.java:226) ~[ozone-manager-1.3.0-SNAPSHOT.jar:?]
	at org.apache.hadoop.ozone.protocolPB.OzoneManagerProtocolServerSideTranslatorPB.processRequest(OzoneManagerProtocolServerSideTranslatorPB.java:175) ~[ozone-manager-1.3.0-SNAPSHOT.jar:?]
	at org.apache.hadoop.hdds.server.OzoneProtocolMessageDispatcher.processRequest(OzoneProtocolMessageDispatcher.java:87) [hdds-server-framework-1.3.0-SNAPSHOT.jar:?]
	at org.apache.hadoop.ozone.protocolPB.OzoneManagerProtocolServerSideTranslatorPB.submitRequest(OzoneManagerProtocolServerSideTranslatorPB.java:147) [ozone-manager-1.3.0-SNAPSHOT.jar:?]
	at org.apache.hadoop.ozone.protocol.proto.OzoneManagerProtocolProtos$OzoneManagerService$2.callBlockingMethod(OzoneManagerProtocolProtos.java) [ozone-interface-client-1.3.0-SNAPSHOT.jar:?]
	at org.apache.hadoop.ipc.ProtobufRpcEngine$Server.processCall(ProtobufRpcEngine.java:466) [hadoop-common-3.3.1.jar:?]
	at org.apache.hadoop.ipc.ProtobufRpcEngine2$Server$ProtoBufRpcInvoker.call(ProtobufRpcEngine2.java:574) [hadoop-common-3.3.1.jar:?]
	at org.apache.hadoop.ipc.ProtobufRpcEngine2$Server$ProtoBufRpcInvoker.call(ProtobufRpcEngine2.java:552) [hadoop-common-3.3.1.jar:?]
	at org.apache.hadoop.ipc.RPC$Server.call(RPC.java:1093) [hadoop-common-3.3.1.jar:?]
	at org.apache.hadoop.ipc.Server$RpcCall.run(Server.java:1035) [hadoop-common-3.3.1.jar:?]
	at org.apache.hadoop.ipc.Server$RpcCall.run(Server.java:963) [hadoop-common-3.3.1.jar:?]
	at java.security.AccessController.doPrivileged(Native Method) ~[?:1.8.0_332]
	at javax.security.auth.Subject.doAs(Subject.java:422) [?:1.8.0_332]
	at org.apache.hadoop.security.UserGroupInformation.doAs(UserGroupInformation.java:1878) [hadoop-common-3.3.1.jar:?]
	at org.apache.hadoop.ipc.Server$Handler.run(Server.java:2966) [hadoop-common-3.3.1.jar:?]
23:45:25.451 [IPC Server handler 18 on default port 44795] ERROR OMAudit - user=runner | ip=127.0.0.1 | op=GET_FILE_STATUS {volume=volume84730, bucket=bucket91502, key=gdir1/dir4/child, dataSize=0, replicationConfig=null} | ret=FAILURE
org.apache.hadoop.ozone.om.exceptions.OMException: Unable to get file status: volume: volume84730 bucket: bucket91502 key: gdir1/dir4/child
	at org.apache.hadoop.ozone.om.KeyManagerImpl.getOzoneFileStatus(KeyManagerImpl.java:1311) ~[ozone-manager-1.3.0-SNAPSHOT.jar:?]
	at org.apache.hadoop.ozone.om.KeyManagerImpl.getFileStatus(KeyManagerImpl.java:1241) ~[ozone-manager-1.3.0-SNAPSHOT.jar:?]
	at org.apache.hadoop.ozone.om.OzoneManager.getFileStatus(OzoneManager.java:3419) ~[ozone-manager-1.3.0-SNAPSHOT.jar:?]
	at org.apache.hadoop.ozone.protocolPB.OzoneManagerRequestHandler.getOzoneFileStatus(OzoneManagerRequestHandler.java:871) ~[ozone-manager-1.3.0-SNAPSHOT.jar:?]
	at org.apache.hadoop.ozone.protocolPB.OzoneManagerRequestHandler.handleReadRequest(OzoneManagerRequestHandler.java:217) ~[ozone-manager-1.3.0-SNAPSHOT.jar:?]
	at org.apache.hadoop.ozone.protocolPB.OzoneManagerProtocolServerSideTranslatorPB.submitReadRequestToOM(OzoneManagerProtocolServerSideTranslatorPB.java:226) ~[ozone-manager-1.3.0-SNAPSHOT.jar:?]
	at org.apache.hadoop.ozone.protocolPB.OzoneManagerProtocolServerSideTranslatorPB.processRequest(OzoneManagerProtocolServerSideTranslatorPB.java:175) ~[ozone-manager-1.3.0-SNAPSHOT.jar:?]
	at org.apache.hadoop.hdds.server.OzoneProtocolMessageDispatcher.processRequest(OzoneProtocolMessageDispatcher.java:87) [hdds-server-framework-1.3.0-SNAPSHOT.jar:?]
	at org.apache.hadoop.ozone.protocolPB.OzoneManagerProtocolServerSideTranslatorPB.submitRequest(OzoneManagerProtocolServerSideTranslatorPB.java:147) [ozone-manager-1.3.0-SNAPSHOT.jar:?]
	at org.apache.hadoop.ozone.protocol.proto.OzoneManagerProtocolProtos$OzoneManagerService$2.callBlockingMethod(OzoneManagerProtocolProtos.java) [ozone-interface-client-1.3.0-SNAPSHOT.jar:?]
	at org.apache.hadoop.ipc.ProtobufRpcEngine$Server.processCall(ProtobufRpcEngine.java:466) [hadoop-common-3.3.1.jar:?]
	at org.apache.hadoop.ipc.ProtobufRpcEngine2$Server$ProtoBufRpcInvoker.call(ProtobufRpcEngine2.java:574) [hadoop-common-3.3.1.jar:?]
	at org.apache.hadoop.ipc.ProtobufRpcEngine2$Server$ProtoBufRpcInvoker.call(ProtobufRpcEngine2.java:552) [hadoop-common-3.3.1.jar:?]
	at org.apache.hadoop.ipc.RPC$Server.call(RPC.java:1093) [hadoop-common-3.3.1.jar:?]
	at org.apache.hadoop.ipc.Server$RpcCall.run(Server.java:1035) [hadoop-common-3.3.1.jar:?]
	at org.apache.hadoop.ipc.Server$RpcCall.run(Server.java:963) [hadoop-common-3.3.1.jar:?]
	at java.security.AccessController.doPrivileged(Native Method) ~[?:1.8.0_332]
	at javax.security.auth.Subject.doAs(Subject.java:422) [?:1.8.0_332]
	at org.apache.hadoop.security.UserGroupInformation.doAs(UserGroupInformation.java:1878) [hadoop-common-3.3.1.jar:?]
	at org.apache.hadoop.ipc.Server$Handler.run(Server.java:2966) [hadoop-common-3.3.1.jar:?]
23:45:25.452 [IPC Server handler 11 on default port 44795] ERROR OMAudit - user=runner | ip=127.0.0.1 | op=GET_FILE_STATUS {volume=volume84730, bucket=bucket91502, key=gdir1/dir5, dataSize=0, replicationConfig=null} | ret=FAILURE
org.apache.hadoop.ozone.om.exceptions.OMException: Unable to get file status: volume: volume84730 bucket: bucket91502 key: gdir1/dir5
	at org.apache.hadoop.ozone.om.KeyManagerImpl.getOzoneFileStatus(KeyManagerImpl.java:1311) ~[ozone-manager-1.3.0-SNAPSHOT.jar:?]
	at org.apache.hadoop.ozone.om.KeyManagerImpl.getFileStatus(KeyManagerImpl.java:1241) ~[ozone-manager-1.3.0-SNAPSHOT.jar:?]
	at org.apache.hadoop.ozone.om.OzoneManager.getFileStatus(OzoneManager.java:3419) ~[ozone-manager-1.3.0-SNAPSHOT.jar:?]
	at org.apache.hadoop.ozone.protocolPB.OzoneManagerRequestHandler.getOzoneFileStatus(OzoneManagerRequestHandler.java:871) ~[ozone-manager-1.3.0-SNAPSHOT.jar:?]
	at org.apache.hadoop.ozone.protocolPB.OzoneManagerRequestHandler.handleReadRequest(OzoneManagerRequestHandler.java:217) ~[ozone-manager-1.3.0-SNAPSHOT.jar:?]
	at org.apache.hadoop.ozone.protocolPB.OzoneManagerProtocolServerSideTranslatorPB.submitReadRequestToOM(OzoneManagerProtocolServerSideTranslatorPB.java:226) ~[ozone-manager-1.3.0-SNAPSHOT.jar:?]
	at org.apache.hadoop.ozone.protocolPB.OzoneManagerProtocolServerSideTranslatorPB.processRequest(OzoneManagerProtocolServerSideTranslatorPB.java:175) ~[ozone-manager-1.3.0-SNAPSHOT.jar:?]
	at org.apache.hadoop.hdds.server.OzoneProtocolMessageDispatcher.processRequest(OzoneProtocolMessageDispatcher.java:87) [hdds-server-framework-1.3.0-SNAPSHOT.jar:?]
	at org.apache.hadoop.ozone.protocolPB.OzoneManagerProtocolServerSideTranslatorPB.submitRequest(OzoneManagerProtocolServerSideTranslatorPB.java:147) [ozone-manager-1.3.0-SNAPSHOT.jar:?]
	at org.apache.hadoop.ozone.protocol.proto.OzoneManagerProtocolProtos$OzoneManagerService$2.callBlockingMethod(OzoneManagerProtocolProtos.java) [ozone-interface-client-1.3.0-SNAPSHOT.jar:?]
	at org.apache.hadoop.ipc.ProtobufRpcEngine$Server.processCall(ProtobufRpcEngine.java:466) [hadoop-common-3.3.1.jar:?]
	at org.apache.hadoop.ipc.ProtobufRpcEngine2$Server$ProtoBufRpcInvoker.call(ProtobufRpcEngine2.java:574) [hadoop-common-3.3.1.jar:?]
	at org.apache.hadoop.ipc.ProtobufRpcEngine2$Server$ProtoBufRpcInvoker.call(ProtobufRpcEngine2.java:552) [hadoop-common-3.3.1.jar:?]
	at org.apache.hadoop.ipc.RPC$Server.call(RPC.java:1093) [hadoop-common-3.3.1.jar:?]
	at org.apache.hadoop.ipc.Server$RpcCall.run(Server.java:1035) [hadoop-common-3.3.1.jar:?]
	at org.apache.hadoop.ipc.Server$RpcCall.run(Server.java:963) [hadoop-common-3.3.1.jar:?]
	at java.security.AccessController.doPrivileged(Native Method) ~[?:1.8.0_332]
	at javax.security.auth.Subject.doAs(Subject.java:422) [?:1.8.0_332]
	at org.apache.hadoop.security.UserGroupInformation.doAs(UserGroupInformation.java:1878) [hadoop-common-3.3.1.jar:?]
	at org.apache.hadoop.ipc.Server$Handler.run(Server.java:2966) [hadoop-common-3.3.1.jar:?]
23:45:25.454 [IPC Server handler 14 on default port 44795] ERROR OMAudit - user=runner | ip=127.0.0.1 | op=GET_FILE_STATUS {volume=volume84730, bucket=bucket91502, key=gdir1/dir5/child, dataSize=0, replicationConfig=null} | ret=FAILURE
org.apache.hadoop.ozone.om.exceptions.OMException: Unable to get file status: volume: volume84730 bucket: bucket91502 key: gdir1/dir5/child
	at org.apache.hadoop.ozone.om.KeyManagerImpl.getOzoneFileStatus(KeyManagerImpl.java:1311) ~[ozone-manager-1.3.0-SNAPSHOT.jar:?]
	at org.apache.hadoop.ozone.om.KeyManagerImpl.getFileStatus(KeyManagerImpl.java:1241) ~[ozone-manager-1.3.0-SNAPSHOT.jar:?]
	at org.apache.hadoop.ozone.om.OzoneManager.getFileStatus(OzoneManager.java:3419) ~[ozone-manager-1.3.0-SNAPSHOT.jar:?]
	at org.apache.hadoop.ozone.protocolPB.OzoneManagerRequestHandler.getOzoneFileStatus(OzoneManagerRequestHandler.java:871) ~[ozone-manager-1.3.0-SNAPSHOT.jar:?]
	at org.apache.hadoop.ozone.protocolPB.OzoneManagerRequestHandler.handleReadRequest(OzoneManagerRequestHandler.java:217) ~[ozone-manager-1.3.0-SNAPSHOT.jar:?]
	at org.apache.hadoop.ozone.protocolPB.OzoneManagerProtocolServerSideTranslatorPB.submitReadRequestToOM(OzoneManagerProtocolServerSideTranslatorPB.java:226) ~[ozone-manager-1.3.0-SNAPSHOT.jar:?]
	at org.apache.hadoop.ozone.protocolPB.OzoneManagerProtocolServerSideTranslatorPB.processRequest(OzoneManagerProtocolServerSideTranslatorPB.java:175) ~[ozone-manager-1.3.0-SNAPSHOT.jar:?]
	at org.apache.hadoop.hdds.server.OzoneProtocolMessageDispatcher.processRequest(OzoneProtocolMessageDispatcher.java:87) [hdds-server-framework-1.3.0-SNAPSHOT.jar:?]
	at org.apache.hadoop.ozone.protocolPB.OzoneManagerProtocolServerSideTranslatorPB.submitRequest(OzoneManagerProtocolServerSideTranslatorPB.java:147) [ozone-manager-1.3.0-SNAPSHOT.jar:?]
	at org.apache.hadoop.ozone.protocol.proto.OzoneManagerProtocolProtos$OzoneManagerService$2.callBlockingMethod(OzoneManagerProtocolProtos.java) [ozone-interface-client-1.3.0-SNAPSHOT.jar:?]
	at org.apache.hadoop.ipc.ProtobufRpcEngine$Server.processCall(ProtobufRpcEngine.java:466) [hadoop-common-3.3.1.jar:?]
	at org.apache.hadoop.ipc.ProtobufRpcEngine2$Server$ProtoBufRpcInvoker.call(ProtobufRpcEngine2.java:574) [hadoop-common-3.3.1.jar:?]
	at org.apache.hadoop.ipc.ProtobufRpcEngine2$Server$ProtoBufRpcInvoker.call(ProtobufRpcEngine2.java:552) [hadoop-common-3.3.1.jar:?]
	at org.apache.hadoop.ipc.RPC$Server.call(RPC.java:1093) [hadoop-common-3.3.1.jar:?]
	at org.apache.hadoop.ipc.Server$RpcCall.run(Server.java:1035) [hadoop-common-3.3.1.jar:?]
	at org.apache.hadoop.ipc.Server$RpcCall.run(Server.java:963) [hadoop-common-3.3.1.jar:?]
	at java.security.AccessController.doPrivileged(Native Method) ~[?:1.8.0_332]
	at javax.security.auth.Subject.doAs(Subject.java:422) [?:1.8.0_332]
	at org.apache.hadoop.security.UserGroupInformation.doAs(UserGroupInformation.java:1878) [hadoop-common-3.3.1.jar:?]
	at org.apache.hadoop.ipc.Server$Handler.run(Server.java:2966) [hadoop-common-3.3.1.jar:?]
23:45:25.455 [IPC Server handler 13 on default port 44795] ERROR OMAudit - user=runner | ip=127.0.0.1 | op=GET_FILE_STATUS {volume=volume84730, bucket=bucket91502, key=gdir1/dir6, dataSize=0, replicationConfig=null} | ret=FAILURE
org.apache.hadoop.ozone.om.exceptions.OMException: Unable to get file status: volume: volume84730 bucket: bucket91502 key: gdir1/dir6
	at org.apache.hadoop.ozone.om.KeyManagerImpl.getOzoneFileStatus(KeyManagerImpl.java:1311) ~[ozone-manager-1.3.0-SNAPSHOT.jar:?]
	at org.apache.hadoop.ozone.om.KeyManagerImpl.getFileStatus(KeyManagerImpl.java:1241) ~[ozone-manager-1.3.0-SNAPSHOT.jar:?]
	at org.apache.hadoop.ozone.om.OzoneManager.getFileStatus(OzoneManager.java:3419) ~[ozone-manager-1.3.0-SNAPSHOT.jar:?]
	at org.apache.hadoop.ozone.protocolPB.OzoneManagerRequestHandler.getOzoneFileStatus(OzoneManagerRequestHandler.java:871) ~[ozone-manager-1.3.0-SNAPSHOT.jar:?]
	at org.apache.hadoop.ozone.protocolPB.OzoneManagerRequestHandler.handleReadRequest(OzoneManagerRequestHandler.java:217) ~[ozone-manager-1.3.0-SNAPSHOT.jar:?]
	at org.apache.hadoop.ozone.protocolPB.OzoneManagerProtocolServerSideTranslatorPB.submitReadRequestToOM(OzoneManagerProtocolServerSideTranslatorPB.java:226) ~[ozone-manager-1.3.0-SNAPSHOT.jar:?]
	at org.apache.hadoop.ozone.protocolPB.OzoneManagerProtocolServerSideTranslatorPB.processRequest(OzoneManagerProtocolServerSideTranslatorPB.java:175) ~[ozone-manager-1.3.0-SNAPSHOT.jar:?]
	at org.apache.hadoop.hdds.server.OzoneProtocolMessageDispatcher.processRequest(OzoneProtocolMessageDispatcher.java:87) [hdds-server-framework-1.3.0-SNAPSHOT.jar:?]
	at org.apache.hadoop.ozone.protocolPB.OzoneManagerProtocolServerSideTranslatorPB.submitRequest(OzoneManagerProtocolServerSideTranslatorPB.java:147) [ozone-manager-1.3.0-SNAPSHOT.jar:?]
	at org.apache.hadoop.ozone.protocol.proto.OzoneManagerProtocolProtos$OzoneManagerService$2.callBlockingMethod(OzoneManagerProtocolProtos.java) [ozone-interface-client-1.3.0-SNAPSHOT.jar:?]
	at org.apache.hadoop.ipc.ProtobufRpcEngine$Server.processCall(ProtobufRpcEngine.java:466) [hadoop-common-3.3.1.jar:?]
	at org.apache.hadoop.ipc.ProtobufRpcEngine2$Server$ProtoBufRpcInvoker.call(ProtobufRpcEngine2.java:574) [hadoop-common-3.3.1.jar:?]
	at org.apache.hadoop.ipc.ProtobufRpcEngine2$Server$ProtoBufRpcInvoker.call(ProtobufRpcEngine2.java:552) [hadoop-common-3.3.1.jar:?]
	at org.apache.hadoop.ipc.RPC$Server.call(RPC.java:1093) [hadoop-common-3.3.1.jar:?]
	at org.apache.hadoop.ipc.Server$RpcCall.run(Server.java:1035) [hadoop-common-3.3.1.jar:?]
	at org.apache.hadoop.ipc.Server$RpcCall.run(Server.java:963) [hadoop-common-3.3.1.jar:?]
	at java.security.AccessController.doPrivileged(Native Method) ~[?:1.8.0_332]
	at javax.security.auth.Subject.doAs(Subject.java:422) [?:1.8.0_332]
	at org.apache.hadoop.security.UserGroupInformation.doAs(UserGroupInformation.java:1878) [hadoop-common-3.3.1.jar:?]
	at org.apache.hadoop.ipc.Server$Handler.run(Server.java:2966) [hadoop-common-3.3.1.jar:?]
23:45:25.456 [IPC Server handler 16 on default port 44795] ERROR OMAudit - user=runner | ip=127.0.0.1 | op=GET_FILE_STATUS {volume=volume84730, bucket=bucket91502, key=gdir1/dir6/child, dataSize=0, replicationConfig=null} | ret=FAILURE
org.apache.hadoop.ozone.om.exceptions.OMException: Unable to get file status: volume: volume84730 bucket: bucket91502 key: gdir1/dir6/child
	at org.apache.hadoop.ozone.om.KeyManagerImpl.getOzoneFileStatus(KeyManagerImpl.java:1311) ~[ozone-manager-1.3.0-SNAPSHOT.jar:?]
	at org.apache.hadoop.ozone.om.KeyManagerImpl.getFileStatus(KeyManagerImpl.java:1241) ~[ozone-manager-1.3.0-SNAPSHOT.jar:?]
	at org.apache.hadoop.ozone.om.OzoneManager.getFileStatus(OzoneManager.java:3419) ~[ozone-manager-1.3.0-SNAPSHOT.jar:?]
	at org.apache.hadoop.ozone.protocolPB.OzoneManagerRequestHandler.getOzoneFileStatus(OzoneManagerRequestHandler.java:871) ~[ozone-manager-1.3.0-SNAPSHOT.jar:?]
	at org.apache.hadoop.ozone.protocolPB.OzoneManagerRequestHandler.handleReadRequest(OzoneManagerRequestHandler.java:217) ~[ozone-manager-1.3.0-SNAPSHOT.jar:?]
	at org.apache.hadoop.ozone.protocolPB.OzoneManagerProtocolServerSideTranslatorPB.submitReadRequestToOM(OzoneManagerProtocolServerSideTranslatorPB.java:226) ~[ozone-manager-1.3.0-SNAPSHOT.jar:?]
	at org.apache.hadoop.ozone.protocolPB.OzoneManagerProtocolServerSideTranslatorPB.processRequest(OzoneManagerProtocolServerSideTranslatorPB.java:175) ~[ozone-manager-1.3.0-SNAPSHOT.jar:?]
	at org.apache.hadoop.hdds.server.OzoneProtocolMessageDispatcher.processRequest(OzoneProtocolMessageDispatcher.java:87) [hdds-server-framework-1.3.0-SNAPSHOT.jar:?]
	at org.apache.hadoop.ozone.protocolPB.OzoneManagerProtocolServerSideTranslatorPB.submitRequest(OzoneManagerProtocolServerSideTranslatorPB.java:147) [ozone-manager-1.3.0-SNAPSHOT.jar:?]
	at org.apache.hadoop.ozone.protocol.proto.OzoneManagerProtocolProtos$OzoneManagerService$2.callBlockingMethod(OzoneManagerProtocolProtos.java) [ozone-interface-client-1.3.0-SNAPSHOT.jar:?]
	at org.apache.hadoop.ipc.ProtobufRpcEngine$Server.processCall(ProtobufRpcEngine.java:466) [hadoop-common-3.3.1.jar:?]
	at org.apache.hadoop.ipc.ProtobufRpcEngine2$Server$ProtoBufRpcInvoker.call(ProtobufRpcEngine2.java:574) [hadoop-common-3.3.1.jar:?]
	at org.apache.hadoop.ipc.ProtobufRpcEngine2$Server$ProtoBufRpcInvoker.call(ProtobufRpcEngine2.java:552) [hadoop-common-3.3.1.jar:?]
	at org.apache.hadoop.ipc.RPC$Server.call(RPC.java:1093) [hadoop-common-3.3.1.jar:?]
	at org.apache.hadoop.ipc.Server$RpcCall.run(Server.java:1035) [hadoop-common-3.3.1.jar:?]
	at org.apache.hadoop.ipc.Server$RpcCall.run(Server.java:963) [hadoop-common-3.3.1.jar:?]
	at java.security.AccessController.doPrivileged(Native Method) ~[?:1.8.0_332]
	at javax.security.auth.Subject.doAs(Subject.java:422) [?:1.8.0_332]
	at org.apache.hadoop.security.UserGroupInformation.doAs(UserGroupInformation.java:1878) [hadoop-common-3.3.1.jar:?]
	at org.apache.hadoop.ipc.Server$Handler.run(Server.java:2966) [hadoop-common-3.3.1.jar:?]
23:45:25.457 [IPC Server handler 19 on default port 44795] ERROR OMAudit - user=runner | ip=127.0.0.1 | op=GET_FILE_STATUS {volume=volume84730, bucket=bucket91502, key=gdir1/dir7, dataSize=0, replicationConfig=null} | ret=FAILURE
org.apache.hadoop.ozone.om.exceptions.OMException: Unable to get file status: volume: volume84730 bucket: bucket91502 key: gdir1/dir7
	at org.apache.hadoop.ozone.om.KeyManagerImpl.getOzoneFileStatus(KeyManagerImpl.java:1311) ~[ozone-manager-1.3.0-SNAPSHOT.jar:?]
	at org.apache.hadoop.ozone.om.KeyManagerImpl.getFileStatus(KeyManagerImpl.java:1241) ~[ozone-manager-1.3.0-SNAPSHOT.jar:?]
	at org.apache.hadoop.ozone.om.OzoneManager.getFileStatus(OzoneManager.java:3419) ~[ozone-manager-1.3.0-SNAPSHOT.jar:?]
	at org.apache.hadoop.ozone.protocolPB.OzoneManagerRequestHandler.getOzoneFileStatus(OzoneManagerRequestHandler.java:871) ~[ozone-manager-1.3.0-SNAPSHOT.jar:?]
	at org.apache.hadoop.ozone.protocolPB.OzoneManagerRequestHandler.handleReadRequest(OzoneManagerRequestHandler.java:217) ~[ozone-manager-1.3.0-SNAPSHOT.jar:?]
	at org.apache.hadoop.ozone.protocolPB.OzoneManagerProtocolServerSideTranslatorPB.submitReadRequestToOM(OzoneManagerProtocolServerSideTranslatorPB.java:226) ~[ozone-manager-1.3.0-SNAPSHOT.jar:?]
	at org.apache.hadoop.ozone.protocolPB.OzoneManagerProtocolServerSideTranslatorPB.processRequest(OzoneManagerProtocolServerSideTranslatorPB.java:175) ~[ozone-manager-1.3.0-SNAPSHOT.jar:?]
	at org.apache.hadoop.hdds.server.OzoneProtocolMessageDispatcher.processRequest(OzoneProtocolMessageDispatcher.java:87) [hdds-server-framework-1.3.0-SNAPSHOT.jar:?]
	at org.apache.hadoop.ozone.protocolPB.OzoneManagerProtocolServerSideTranslatorPB.submitRequest(OzoneManagerProtocolServerSideTranslatorPB.java:147) [ozone-manager-1.3.0-SNAPSHOT.jar:?]
	at org.apache.hadoop.ozone.protocol.proto.OzoneManagerProtocolProtos$OzoneManagerService$2.callBlockingMethod(OzoneManagerProtocolProtos.java) [ozone-interface-client-1.3.0-SNAPSHOT.jar:?]
	at org.apache.hadoop.ipc.ProtobufRpcEngine$Server.processCall(ProtobufRpcEngine.java:466) [hadoop-common-3.3.1.jar:?]
	at org.apache.hadoop.ipc.ProtobufRpcEngine2$Server$ProtoBufRpcInvoker.call(ProtobufRpcEngine2.java:574) [hadoop-common-3.3.1.jar:?]
	at org.apache.hadoop.ipc.ProtobufRpcEngine2$Server$ProtoBufRpcInvoker.call(ProtobufRpcEngine2.java:552) [hadoop-common-3.3.1.jar:?]
	at org.apache.hadoop.ipc.RPC$Server.call(RPC.java:1093) [hadoop-common-3.3.1.jar:?]
	at org.apache.hadoop.ipc.Server$RpcCall.run(Server.java:1035) [hadoop-common-3.3.1.jar:?]
	at org.apache.hadoop.ipc.Server$RpcCall.run(Server.java:963) [hadoop-common-3.3.1.jar:?]
	at java.security.AccessController.doPrivileged(Native Method) ~[?:1.8.0_332]
	at javax.security.auth.Subject.doAs(Subject.java:422) [?:1.8.0_332]
	at org.apache.hadoop.security.UserGroupInformation.doAs(UserGroupInformation.java:1878) [hadoop-common-3.3.1.jar:?]
	at org.apache.hadoop.ipc.Server$Handler.run(Server.java:2966) [hadoop-common-3.3.1.jar:?]
23:45:25.458 [IPC Server handler 12 on default port 44795] ERROR OMAudit - user=runner | ip=127.0.0.1 | op=GET_FILE_STATUS {volume=volume84730, bucket=bucket91502, key=gdir1/dir7/child, dataSize=0, replicationConfig=null} | ret=FAILURE
org.apache.hadoop.ozone.om.exceptions.OMException: Unable to get file status: volume: volume84730 bucket: bucket91502 key: gdir1/dir7/child
	at org.apache.hadoop.ozone.om.KeyManagerImpl.getOzoneFileStatus(KeyManagerImpl.java:1311) ~[ozone-manager-1.3.0-SNAPSHOT.jar:?]
	at org.apache.hadoop.ozone.om.KeyManagerImpl.getFileStatus(KeyManagerImpl.java:1241) ~[ozone-manager-1.3.0-SNAPSHOT.jar:?]
	at org.apache.hadoop.ozone.om.OzoneManager.getFileStatus(OzoneManager.java:3419) ~[ozone-manager-1.3.0-SNAPSHOT.jar:?]
	at org.apache.hadoop.ozone.protocolPB.OzoneManagerRequestHandler.getOzoneFileStatus(OzoneManagerRequestHandler.java:871) ~[ozone-manager-1.3.0-SNAPSHOT.jar:?]
	at org.apache.hadoop.ozone.protocolPB.OzoneManagerRequestHandler.handleReadRequest(OzoneManagerRequestHandler.java:217) ~[ozone-manager-1.3.0-SNAPSHOT.jar:?]
	at org.apache.hadoop.ozone.protocolPB.OzoneManagerProtocolServerSideTranslatorPB.submitReadRequestToOM(OzoneManagerProtocolServerSideTranslatorPB.java:226) ~[ozone-manager-1.3.0-SNAPSHOT.jar:?]
	at org.apache.hadoop.ozone.protocolPB.OzoneManagerProtocolServerSideTranslatorPB.processRequest(OzoneManagerProtocolServerSideTranslatorPB.java:175) ~[ozone-manager-1.3.0-SNAPSHOT.jar:?]
	at org.apache.hadoop.hdds.server.OzoneProtocolMessageDispatcher.processRequest(OzoneProtocolMessageDispatcher.java:87) [hdds-server-framework-1.3.0-SNAPSHOT.jar:?]
	at org.apache.hadoop.ozone.protocolPB.OzoneManagerProtocolServerSideTranslatorPB.submitRequest(OzoneManagerProtocolServerSideTranslatorPB.java:147) [ozone-manager-1.3.0-SNAPSHOT.jar:?]
	at org.apache.hadoop.ozone.protocol.proto.OzoneManagerProtocolProtos$OzoneManagerService$2.callBlockingMethod(OzoneManagerProtocolProtos.java) [ozone-interface-client-1.3.0-SNAPSHOT.jar:?]
	at org.apache.hadoop.ipc.ProtobufRpcEngine$Server.processCall(ProtobufRpcEngine.java:466) [hadoop-common-3.3.1.jar:?]
	at org.apache.hadoop.ipc.ProtobufRpcEngine2$Server$ProtoBufRpcInvoker.call(ProtobufRpcEngine2.java:574) [hadoop-common-3.3.1.jar:?]
	at org.apache.hadoop.ipc.ProtobufRpcEngine2$Server$ProtoBufRpcInvoker.call(ProtobufRpcEngine2.java:552) [hadoop-common-3.3.1.jar:?]
	at org.apache.hadoop.ipc.RPC$Server.call(RPC.java:1093) [hadoop-common-3.3.1.jar:?]
	at org.apache.hadoop.ipc.Server$RpcCall.run(Server.java:1035) [hadoop-common-3.3.1.jar:?]
	at org.apache.hadoop.ipc.Server$RpcCall.run(Server.java:963) [hadoop-common-3.3.1.jar:?]
	at java.security.AccessController.doPrivileged(Native Method) ~[?:1.8.0_332]
	at javax.security.auth.Subject.doAs(Subject.java:422) [?:1.8.0_332]
	at org.apache.hadoop.security.UserGroupInformation.doAs(UserGroupInformation.java:1878) [hadoop-common-3.3.1.jar:?]
	at org.apache.hadoop.ipc.Server$Handler.run(Server.java:2966) [hadoop-common-3.3.1.jar:?]
23:45:25.460 [IPC Server handler 3 on default port 44795] ERROR OMAudit - user=runner | ip=127.0.0.1 | op=GET_FILE_STATUS {volume=volume84730, bucket=bucket91502, key=gdir1/dir8, dataSize=0, replicationConfig=null} | ret=FAILURE
org.apache.hadoop.ozone.om.exceptions.OMException: Unable to get file status: volume: volume84730 bucket: bucket91502 key: gdir1/dir8
	at org.apache.hadoop.ozone.om.KeyManagerImpl.getOzoneFileStatus(KeyManagerImpl.java:1311) ~[ozone-manager-1.3.0-SNAPSHOT.jar:?]
	at org.apache.hadoop.ozone.om.KeyManagerImpl.getFileStatus(KeyManagerImpl.java:1241) ~[ozone-manager-1.3.0-SNAPSHOT.jar:?]
	at org.apache.hadoop.ozone.om.OzoneManager.getFileStatus(OzoneManager.java:3419) ~[ozone-manager-1.3.0-SNAPSHOT.jar:?]
	at org.apache.hadoop.ozone.protocolPB.OzoneManagerRequestHandler.getOzoneFileStatus(OzoneManagerRequestHandler.java:871) ~[ozone-manager-1.3.0-SNAPSHOT.jar:?]
	at org.apache.hadoop.ozone.protocolPB.OzoneManagerRequestHandler.handleReadRequest(OzoneManagerRequestHandler.java:217) ~[ozone-manager-1.3.0-SNAPSHOT.jar:?]
	at org.apache.hadoop.ozone.protocolPB.OzoneManagerProtocolServerSideTranslatorPB.submitReadRequestToOM(OzoneManagerProtocolServerSideTranslatorPB.java:226) ~[ozone-manager-1.3.0-SNAPSHOT.jar:?]
	at org.apache.hadoop.ozone.protocolPB.OzoneManagerProtocolServerSideTranslatorPB.processRequest(OzoneManagerProtocolServerSideTranslatorPB.java:175) ~[ozone-manager-1.3.0-SNAPSHOT.jar:?]
	at org.apache.hadoop.hdds.server.OzoneProtocolMessageDispatcher.processRequest(OzoneProtocolMessageDispatcher.java:87) [hdds-server-framework-1.3.0-SNAPSHOT.jar:?]
	at org.apache.hadoop.ozone.protocolPB.OzoneManagerProtocolServerSideTranslatorPB.submitRequest(OzoneManagerProtocolServerSideTranslatorPB.java:147) [ozone-manager-1.3.0-SNAPSHOT.jar:?]
	at org.apache.hadoop.ozone.protocol.proto.OzoneManagerProtocolProtos$OzoneManagerService$2.callBlockingMethod(OzoneManagerProtocolProtos.java) [ozone-interface-client-1.3.0-SNAPSHOT.jar:?]
	at org.apache.hadoop.ipc.ProtobufRpcEngine$Server.processCall(ProtobufRpcEngine.java:466) [hadoop-common-3.3.1.jar:?]
	at org.apache.hadoop.ipc.ProtobufRpcEngine2$Server$ProtoBufRpcInvoker.call(ProtobufRpcEngine2.java:574) [hadoop-common-3.3.1.jar:?]
	at org.apache.hadoop.ipc.ProtobufRpcEngine2$Server$ProtoBufRpcInvoker.call(ProtobufRpcEngine2.java:552) [hadoop-common-3.3.1.jar:?]
	at org.apache.hadoop.ipc.RPC$Server.call(RPC.java:1093) [hadoop-common-3.3.1.jar:?]
	at org.apache.hadoop.ipc.Server$RpcCall.run(Server.java:1035) [hadoop-common-3.3.1.jar:?]
	at org.apache.hadoop.ipc.Server$RpcCall.run(Server.java:963) [hadoop-common-3.3.1.jar:?]
	at java.security.AccessController.doPrivileged(Native Method) ~[?:1.8.0_332]
	at javax.security.auth.Subject.doAs(Subject.java:422) [?:1.8.0_332]
	at org.apache.hadoop.security.UserGroupInformation.doAs(UserGroupInformation.java:1878) [hadoop-common-3.3.1.jar:?]
	at org.apache.hadoop.ipc.Server$Handler.run(Server.java:2966) [hadoop-common-3.3.1.jar:?]
23:45:25.461 [IPC Server handler 15 on default port 44795] ERROR OMAudit - user=runner | ip=127.0.0.1 | op=GET_FILE_STATUS {volume=volume84730, bucket=bucket91502, key=gdir1/dir8/child, dataSize=0, replicationConfig=null} | ret=FAILURE
org.apache.hadoop.ozone.om.exceptions.OMException: Unable to get file status: volume: volume84730 bucket: bucket91502 key: gdir1/dir8/child
	at org.apache.hadoop.ozone.om.KeyManagerImpl.getOzoneFileStatus(KeyManagerImpl.java:1311) ~[ozone-manager-1.3.0-SNAPSHOT.jar:?]
	at org.apache.hadoop.ozone.om.KeyManagerImpl.getFileStatus(KeyManagerImpl.java:1241) ~[ozone-manager-1.3.0-SNAPSHOT.jar:?]
	at org.apache.hadoop.ozone.om.OzoneManager.getFileStatus(OzoneManager.java:3419) ~[ozone-manager-1.3.0-SNAPSHOT.jar:?]
	at org.apache.hadoop.ozone.protocolPB.OzoneManagerRequestHandler.getOzoneFileStatus(OzoneManagerRequestHandler.java:871) ~[ozone-manager-1.3.0-SNAPSHOT.jar:?]
	at org.apache.hadoop.ozone.protocolPB.OzoneManagerRequestHandler.handleReadRequest(OzoneManagerRequestHandler.java:217) ~[ozone-manager-1.3.0-SNAPSHOT.jar:?]
	at org.apache.hadoop.ozone.protocolPB.OzoneManagerProtocolServerSideTranslatorPB.submitReadRequestToOM(OzoneManagerProtocolServerSideTranslatorPB.java:226) ~[ozone-manager-1.3.0-SNAPSHOT.jar:?]
	at org.apache.hadoop.ozone.protocolPB.OzoneManagerProtocolServerSideTranslatorPB.processRequest(OzoneManagerProtocolServerSideTranslatorPB.java:175) ~[ozone-manager-1.3.0-SNAPSHOT.jar:?]
	at org.apache.hadoop.hdds.server.OzoneProtocolMessageDispatcher.processRequest(OzoneProtocolMessageDispatcher.java:87) [hdds-server-framework-1.3.0-SNAPSHOT.jar:?]
	at org.apache.hadoop.ozone.protocolPB.OzoneManagerProtocolServerSideTranslatorPB.submitRequest(OzoneManagerProtocolServerSideTranslatorPB.java:147) [ozone-manager-1.3.0-SNAPSHOT.jar:?]
	at org.apache.hadoop.ozone.protocol.proto.OzoneManagerProtocolProtos$OzoneManagerService$2.callBlockingMethod(OzoneManagerProtocolProtos.java) [ozone-interface-client-1.3.0-SNAPSHOT.jar:?]
	at org.apache.hadoop.ipc.ProtobufRpcEngine$Server.processCall(ProtobufRpcEngine.java:466) [hadoop-common-3.3.1.jar:?]
	at org.apache.hadoop.ipc.ProtobufRpcEngine2$Server$ProtoBufRpcInvoker.call(ProtobufRpcEngine2.java:574) [hadoop-common-3.3.1.jar:?]
	at org.apache.hadoop.ipc.ProtobufRpcEngine2$Server$ProtoBufRpcInvoker.call(ProtobufRpcEngine2.java:552) [hadoop-common-3.3.1.jar:?]
	at org.apache.hadoop.ipc.RPC$Server.call(RPC.java:1093) [hadoop-common-3.3.1.jar:?]
	at org.apache.hadoop.ipc.Server$RpcCall.run(Server.java:1035) [hadoop-common-3.3.1.jar:?]
	at org.apache.hadoop.ipc.Server$RpcCall.run(Server.java:963) [hadoop-common-3.3.1.jar:?]
	at java.security.AccessController.doPrivileged(Native Method) ~[?:1.8.0_332]
	at javax.security.auth.Subject.doAs(Subject.java:422) [?:1.8.0_332]
	at org.apache.hadoop.security.UserGroupInformation.doAs(UserGroupInformation.java:1878) [hadoop-common-3.3.1.jar:?]
	at org.apache.hadoop.ipc.Server$Handler.run(Server.java:2966) [hadoop-common-3.3.1.jar:?]
23:45:25.463 [IPC Server handler 5 on default port 44795] ERROR OMAudit - user=runner | ip=127.0.0.1 | op=GET_FILE_STATUS {volume=volume84730, bucket=bucket91502, key=gdir1/dir9, dataSize=0, replicationConfig=null} | ret=FAILURE
org.apache.hadoop.ozone.om.exceptions.OMException: Unable to get file status: volume: volume84730 bucket: bucket91502 key: gdir1/dir9
	at org.apache.hadoop.ozone.om.KeyManagerImpl.getOzoneFileStatus(KeyManagerImpl.java:1311) ~[ozone-manager-1.3.0-SNAPSHOT.jar:?]
	at org.apache.hadoop.ozone.om.KeyManagerImpl.getFileStatus(KeyManagerImpl.java:1241) ~[ozone-manager-1.3.0-SNAPSHOT.jar:?]
	at org.apache.hadoop.ozone.om.OzoneManager.getFileStatus(OzoneManager.java:3419) ~[ozone-manager-1.3.0-SNAPSHOT.jar:?]
	at org.apache.hadoop.ozone.protocolPB.OzoneManagerRequestHandler.getOzoneFileStatus(OzoneManagerRequestHandler.java:871) ~[ozone-manager-1.3.0-SNAPSHOT.jar:?]
	at org.apache.hadoop.ozone.protocolPB.OzoneManagerRequestHandler.handleReadRequest(OzoneManagerRequestHandler.java:217) ~[ozone-manager-1.3.0-SNAPSHOT.jar:?]
	at org.apache.hadoop.ozone.protocolPB.OzoneManagerProtocolServerSideTranslatorPB.submitReadRequestToOM(OzoneManagerProtocolServerSideTranslatorPB.java:226) ~[ozone-manager-1.3.0-SNAPSHOT.jar:?]
	at org.apache.hadoop.ozone.protocolPB.OzoneManagerProtocolServerSideTranslatorPB.processRequest(OzoneManagerProtocolServerSideTranslatorPB.java:175) ~[ozone-manager-1.3.0-SNAPSHOT.jar:?]
	at org.apache.hadoop.hdds.server.OzoneProtocolMessageDispatcher.processRequest(OzoneProtocolMessageDispatcher.java:87) [hdds-server-framework-1.3.0-SNAPSHOT.jar:?]
	at org.apache.hadoop.ozone.protocolPB.OzoneManagerProtocolServerSideTranslatorPB.submitRequest(OzoneManagerProtocolServerSideTranslatorPB.java:147) [ozone-manager-1.3.0-SNAPSHOT.jar:?]
	at org.apache.hadoop.ozone.protocol.proto.OzoneManagerProtocolProtos$OzoneManagerService$2.callBlockingMethod(OzoneManagerProtocolProtos.java) [ozone-interface-client-1.3.0-SNAPSHOT.jar:?]
	at org.apache.hadoop.ipc.ProtobufRpcEngine$Server.processCall(ProtobufRpcEngine.java:466) [hadoop-common-3.3.1.jar:?]
	at org.apache.hadoop.ipc.ProtobufRpcEngine2$Server$ProtoBufRpcInvoker.call(ProtobufRpcEngine2.java:574) [hadoop-common-3.3.1.jar:?]
	at org.apache.hadoop.ipc.ProtobufRpcEngine2$Server$ProtoBufRpcInvoker.call(ProtobufRpcEngine2.java:552) [hadoop-common-3.3.1.jar:?]
	at org.apache.hadoop.ipc.RPC$Server.call(RPC.java:1093) [hadoop-common-3.3.1.jar:?]
	at org.apache.hadoop.ipc.Server$RpcCall.run(Server.java:1035) [hadoop-common-3.3.1.jar:?]
	at org.apache.hadoop.ipc.Server$RpcCall.run(Server.java:963) [hadoop-common-3.3.1.jar:?]
	at java.security.AccessController.doPrivileged(Native Method) ~[?:1.8.0_332]
	at javax.security.auth.Subject.doAs(Subject.java:422) [?:1.8.0_332]
	at org.apache.hadoop.security.UserGroupInformation.doAs(UserGroupInformation.java:1878) [hadoop-common-3.3.1.jar:?]
	at org.apache.hadoop.ipc.Server$Handler.run(Server.java:2966) [hadoop-common-3.3.1.jar:?]
23:45:25.465 [IPC Server handler 4 on default port 44795] ERROR OMAudit - user=runner | ip=127.0.0.1 | op=GET_FILE_STATUS {volume=volume84730, bucket=bucket91502, key=gdir1/dir9/child, dataSize=0, replicationConfig=null} | ret=FAILURE
org.apache.hadoop.ozone.om.exceptions.OMException: Unable to get file status: volume: volume84730 bucket: bucket91502 key: gdir1/dir9/child
	at org.apache.hadoop.ozone.om.KeyManagerImpl.getOzoneFileStatus(KeyManagerImpl.java:1311) ~[ozone-manager-1.3.0-SNAPSHOT.jar:?]
	at org.apache.hadoop.ozone.om.KeyManagerImpl.getFileStatus(KeyManagerImpl.java:1241) ~[ozone-manager-1.3.0-SNAPSHOT.jar:?]
	at org.apache.hadoop.ozone.om.OzoneManager.getFileStatus(OzoneManager.java:3419) ~[ozone-manager-1.3.0-SNAPSHOT.jar:?]
	at org.apache.hadoop.ozone.protocolPB.OzoneManagerRequestHandler.getOzoneFileStatus(OzoneManagerRequestHandler.java:871) ~[ozone-manager-1.3.0-SNAPSHOT.jar:?]
	at org.apache.hadoop.ozone.protocolPB.OzoneManagerRequestHandler.handleReadRequest(OzoneManagerRequestHandler.java:217) ~[ozone-manager-1.3.0-SNAPSHOT.jar:?]
	at org.apache.hadoop.ozone.protocolPB.OzoneManagerProtocolServerSideTranslatorPB.submitReadRequestToOM(OzoneManagerProtocolServerSideTranslatorPB.java:226) ~[ozone-manager-1.3.0-SNAPSHOT.jar:?]
	at org.apache.hadoop.ozone.protocolPB.OzoneManagerProtocolServerSideTranslatorPB.processRequest(OzoneManagerProtocolServerSideTranslatorPB.java:175) ~[ozone-manager-1.3.0-SNAPSHOT.jar:?]
	at org.apache.hadoop.hdds.server.OzoneProtocolMessageDispatcher.processRequest(OzoneProtocolMessageDispatcher.java:87) [hdds-server-framework-1.3.0-SNAPSHOT.jar:?]
	at org.apache.hadoop.ozone.protocolPB.OzoneManagerProtocolServerSideTranslatorPB.submitRequest(OzoneManagerProtocolServerSideTranslatorPB.java:147) [ozone-manager-1.3.0-SNAPSHOT.jar:?]
	at org.apache.hadoop.ozone.protocol.proto.OzoneManagerProtocolProtos$OzoneManagerService$2.callBlockingMethod(OzoneManagerProtocolProtos.java) [ozone-interface-client-1.3.0-SNAPSHOT.jar:?]
	at org.apache.hadoop.ipc.ProtobufRpcEngine$Server.processCall(ProtobufRpcEngine.java:466) [hadoop-common-3.3.1.jar:?]
	at org.apache.hadoop.ipc.ProtobufRpcEngine2$Server$ProtoBufRpcInvoker.call(ProtobufRpcEngine2.java:574) [hadoop-common-3.3.1.jar:?]
	at org.apache.hadoop.ipc.ProtobufRpcEngine2$Server$ProtoBufRpcInvoker.call(ProtobufRpcEngine2.java:552) [hadoop-common-3.3.1.jar:?]
	at org.apache.hadoop.ipc.RPC$Server.call(RPC.java:1093) [hadoop-common-3.3.1.jar:?]
	at org.apache.hadoop.ipc.Server$RpcCall.run(Server.java:1035) [hadoop-common-3.3.1.jar:?]
	at org.apache.hadoop.ipc.Server$RpcCall.run(Server.java:963) [hadoop-common-3.3.1.jar:?]
	at java.security.AccessController.doPrivileged(Native Method) ~[?:1.8.0_332]
	at javax.security.auth.Subject.doAs(Subject.java:422) [?:1.8.0_332]
	at org.apache.hadoop.security.UserGroupInformation.doAs(UserGroupInformation.java:1878) [hadoop-common-3.3.1.jar:?]
	at org.apache.hadoop.ipc.Server$Handler.run(Server.java:2966) [hadoop-common-3.3.1.jar:?]
23:45:25.466 [IPC Server handler 7 on default port 44795] ERROR OMAudit - user=runner | ip=127.0.0.1 | op=GET_FILE_STATUS {volume=volume84730, bucket=bucket91502, key=gdir1/dir10, dataSize=0, replicationConfig=null} | ret=FAILURE
org.apache.hadoop.ozone.om.exceptions.OMException: Unable to get file status: volume: volume84730 bucket: bucket91502 key: gdir1/dir10
	at org.apache.hadoop.ozone.om.KeyManagerImpl.getOzoneFileStatus(KeyManagerImpl.java:1311) ~[ozone-manager-1.3.0-SNAPSHOT.jar:?]
	at org.apache.hadoop.ozone.om.KeyManagerImpl.getFileStatus(KeyManagerImpl.java:1241) ~[ozone-manager-1.3.0-SNAPSHOT.jar:?]
	at org.apache.hadoop.ozone.om.OzoneManager.getFileStatus(OzoneManager.java:3419) ~[ozone-manager-1.3.0-SNAPSHOT.jar:?]
	at org.apache.hadoop.ozone.protocolPB.OzoneManagerRequestHandler.getOzoneFileStatus(OzoneManagerRequestHandler.java:871) ~[ozone-manager-1.3.0-SNAPSHOT.jar:?]
	at org.apache.hadoop.ozone.protocolPB.OzoneManagerRequestHandler.handleReadRequest(OzoneManagerRequestHandler.java:217) ~[ozone-manager-1.3.0-SNAPSHOT.jar:?]
	at org.apache.hadoop.ozone.protocolPB.OzoneManagerProtocolServerSideTranslatorPB.submitReadRequestToOM(OzoneManagerProtocolServerSideTranslatorPB.java:226) ~[ozone-manager-1.3.0-SNAPSHOT.jar:?]
	at org.apache.hadoop.ozone.protocolPB.OzoneManagerProtocolServerSideTranslatorPB.processRequest(OzoneManagerProtocolServerSideTranslatorPB.java:175) ~[ozone-manager-1.3.0-SNAPSHOT.jar:?]
	at org.apache.hadoop.hdds.server.OzoneProtocolMessageDispatcher.processRequest(OzoneProtocolMessageDispatcher.java:87) [hdds-server-framework-1.3.0-SNAPSHOT.jar:?]
	at org.apache.hadoop.ozone.protocolPB.OzoneManagerProtocolServerSideTranslatorPB.submitRequest(OzoneManagerProtocolServerSideTranslatorPB.java:147) [ozone-manager-1.3.0-SNAPSHOT.jar:?]
	at org.apache.hadoop.ozone.protocol.proto.OzoneManagerProtocolProtos$OzoneManagerService$2.callBlockingMethod(OzoneManagerProtocolProtos.java) [ozone-interface-client-1.3.0-SNAPSHOT.jar:?]
	at org.apache.hadoop.ipc.ProtobufRpcEngine$Server.processCall(ProtobufRpcEngine.java:466) [hadoop-common-3.3.1.jar:?]
	at org.apache.hadoop.ipc.ProtobufRpcEngine2$Server$ProtoBufRpcInvoker.call(ProtobufRpcEngine2.java:574) [hadoop-common-3.3.1.jar:?]
	at org.apache.hadoop.ipc.ProtobufRpcEngine2$Server$ProtoBufRpcInvoker.call(ProtobufRpcEngine2.java:552) [hadoop-common-3.3.1.jar:?]
	at org.apache.hadoop.ipc.RPC$Server.call(RPC.java:1093) [hadoop-common-3.3.1.jar:?]
	at org.apache.hadoop.ipc.Server$RpcCall.run(Server.java:1035) [hadoop-common-3.3.1.jar:?]
	at org.apache.hadoop.ipc.Server$RpcCall.run(Server.java:963) [hadoop-common-3.3.1.jar:?]
	at java.security.AccessController.doPrivileged(Native Method) ~[?:1.8.0_332]
	at javax.security.auth.Subject.doAs(Subject.java:422) [?:1.8.0_332]
	at org.apache.hadoop.security.UserGroupInformation.doAs(UserGroupInformation.java:1878) [hadoop-common-3.3.1.jar:?]
	at org.apache.hadoop.ipc.Server$Handler.run(Server.java:2966) [hadoop-common-3.3.1.jar:?]
23:45:25.467 [IPC Server handler 9 on default port 44795] ERROR OMAudit - user=runner | ip=127.0.0.1 | op=GET_FILE_STATUS {volume=volume84730, bucket=bucket91502, key=gdir1/dir10/child, dataSize=0, replicationConfig=null} | ret=FAILURE
org.apache.hadoop.ozone.om.exceptions.OMException: Unable to get file status: volume: volume84730 bucket: bucket91502 key: gdir1/dir10/child
	at org.apache.hadoop.ozone.om.KeyManagerImpl.getOzoneFileStatus(KeyManagerImpl.java:1311) ~[ozone-manager-1.3.0-SNAPSHOT.jar:?]
	at org.apache.hadoop.ozone.om.KeyManagerImpl.getFileStatus(KeyManagerImpl.java:1241) ~[ozone-manager-1.3.0-SNAPSHOT.jar:?]
	at org.apache.hadoop.ozone.om.OzoneManager.getFileStatus(OzoneManager.java:3419) ~[ozone-manager-1.3.0-SNAPSHOT.jar:?]
	at org.apache.hadoop.ozone.protocolPB.OzoneManagerRequestHandler.getOzoneFileStatus(OzoneManagerRequestHandler.java:871) ~[ozone-manager-1.3.0-SNAPSHOT.jar:?]
	at org.apache.hadoop.ozone.protocolPB.OzoneManagerRequestHandler.handleReadRequest(OzoneManagerRequestHandler.java:217) ~[ozone-manager-1.3.0-SNAPSHOT.jar:?]
	at org.apache.hadoop.ozone.protocolPB.OzoneManagerProtocolServerSideTranslatorPB.submitReadRequestToOM(OzoneManagerProtocolServerSideTranslatorPB.java:226) ~[ozone-manager-1.3.0-SNAPSHOT.jar:?]
	at org.apache.hadoop.ozone.protocolPB.OzoneManagerProtocolServerSideTranslatorPB.processRequest(OzoneManagerProtocolServerSideTranslatorPB.java:175) ~[ozone-manager-1.3.0-SNAPSHOT.jar:?]
	at org.apache.hadoop.hdds.server.OzoneProtocolMessageDispatcher.processRequest(OzoneProtocolMessageDispatcher.java:87) [hdds-server-framework-1.3.0-SNAPSHOT.jar:?]
	at org.apache.hadoop.ozone.protocolPB.OzoneManagerProtocolServerSideTranslatorPB.submitRequest(OzoneManagerProtocolServerSideTranslatorPB.java:147) [ozone-manager-1.3.0-SNAPSHOT.jar:?]
	at org.apache.hadoop.ozone.protocol.proto.OzoneManagerProtocolProtos$OzoneManagerService$2.callBlockingMethod(OzoneManagerProtocolProtos.java) [ozone-interface-client-1.3.0-SNAPSHOT.jar:?]
	at org.apache.hadoop.ipc.ProtobufRpcEngine$Server.processCall(ProtobufRpcEngine.java:466) [hadoop-common-3.3.1.jar:?]
	at org.apache.hadoop.ipc.ProtobufRpcEngine2$Server$ProtoBufRpcInvoker.call(ProtobufRpcEngine2.java:574) [hadoop-common-3.3.1.jar:?]
	at org.apache.hadoop.ipc.ProtobufRpcEngine2$Server$ProtoBufRpcInvoker.call(ProtobufRpcEngine2.java:552) [hadoop-common-3.3.1.jar:?]
	at org.apache.hadoop.ipc.RPC$Server.call(RPC.java:1093) [hadoop-common-3.3.1.jar:?]
	at org.apache.hadoop.ipc.Server$RpcCall.run(Server.java:1035) [hadoop-common-3.3.1.jar:?]
	at org.apache.hadoop.ipc.Server$RpcCall.run(Server.java:963) [hadoop-common-3.3.1.jar:?]
	at java.security.AccessController.doPrivileged(Native Method) ~[?:1.8.0_332]
	at javax.security.auth.Subject.doAs(Subject.java:422) [?:1.8.0_332]
	at org.apache.hadoop.security.UserGroupInformation.doAs(UserGroupInformation.java:1878) [hadoop-common-3.3.1.jar:?]
	at org.apache.hadoop.ipc.Server$Handler.run(Server.java:2966) [hadoop-common-3.3.1.jar:?]
23:45:25.584 [IPC Server handler 12 on default port 44795] ERROR OMAudit - user=runner | ip=127.0.0.1 | op=GET_FILE_STATUS {volume=volume84730, bucket=bucket91502, key=level0, dataSize=0, replicationConfig=null} | ret=FAILURE
org.apache.hadoop.ozone.om.exceptions.OMException: Unable to get file status: volume: volume84730 bucket: bucket91502 key: level0
	at org.apache.hadoop.ozone.om.KeyManagerImpl.getOzoneFileStatus(KeyManagerImpl.java:1311) ~[ozone-manager-1.3.0-SNAPSHOT.jar:?]
	at org.apache.hadoop.ozone.om.KeyManagerImpl.getFileStatus(KeyManagerImpl.java:1241) ~[ozone-manager-1.3.0-SNAPSHOT.jar:?]
	at org.apache.hadoop.ozone.om.OzoneManager.getFileStatus(OzoneManager.java:3419) ~[ozone-manager-1.3.0-SNAPSHOT.jar:?]
	at org.apache.hadoop.ozone.protocolPB.OzoneManagerRequestHandler.getOzoneFileStatus(OzoneManagerRequestHandler.java:871) ~[ozone-manager-1.3.0-SNAPSHOT.jar:?]
	at org.apache.hadoop.ozone.protocolPB.OzoneManagerRequestHandler.handleReadRequest(OzoneManagerRequestHandler.java:217) ~[ozone-manager-1.3.0-SNAPSHOT.jar:?]
	at org.apache.hadoop.ozone.protocolPB.OzoneManagerProtocolServerSideTranslatorPB.submitReadRequestToOM(OzoneManagerProtocolServerSideTranslatorPB.java:226) ~[ozone-manager-1.3.0-SNAPSHOT.jar:?]
	at org.apache.hadoop.ozone.protocolPB.OzoneManagerProtocolServerSideTranslatorPB.processRequest(OzoneManagerProtocolServerSideTranslatorPB.java:175) ~[ozone-manager-1.3.0-SNAPSHOT.jar:?]
	at org.apache.hadoop.hdds.server.OzoneProtocolMessageDispatcher.processRequest(OzoneProtocolMessageDispatcher.java:87) [hdds-server-framework-1.3.0-SNAPSHOT.jar:?]
	at org.apache.hadoop.ozone.protocolPB.OzoneManagerProtocolServerSideTranslatorPB.submitRequest(OzoneManagerProtocolServerSideTranslatorPB.java:147) [ozone-manager-1.3.0-SNAPSHOT.jar:?]
	at org.apache.hadoop.ozone.protocol.proto.OzoneManagerProtocolProtos$OzoneManagerService$2.callBlockingMethod(OzoneManagerProtocolProtos.java) [ozone-interface-client-1.3.0-SNAPSHOT.jar:?]
	at org.apache.hadoop.ipc.ProtobufRpcEngine$Server.processCall(ProtobufRpcEngine.java:466) [hadoop-common-3.3.1.jar:?]
	at org.apache.hadoop.ipc.ProtobufRpcEngine2$Server$ProtoBufRpcInvoker.call(ProtobufRpcEngine2.java:574) [hadoop-common-3.3.1.jar:?]
	at org.apache.hadoop.ipc.ProtobufRpcEngine2$Server$ProtoBufRpcInvoker.call(ProtobufRpcEngine2.java:552) [hadoop-common-3.3.1.jar:?]
	at org.apache.hadoop.ipc.RPC$Server.call(RPC.java:1093) [hadoop-common-3.3.1.jar:?]
	at org.apache.hadoop.ipc.Server$RpcCall.run(Server.java:1035) [hadoop-common-3.3.1.jar:?]
	at org.apache.hadoop.ipc.Server$RpcCall.run(Server.java:963) [hadoop-common-3.3.1.jar:?]
	at java.security.AccessController.doPrivileged(Native Method) ~[?:1.8.0_332]
	at javax.security.auth.Subject.doAs(Subject.java:422) [?:1.8.0_332]
	at org.apache.hadoop.security.UserGroupInformation.doAs(UserGroupInformation.java:1878) [hadoop-common-3.3.1.jar:?]
	at org.apache.hadoop.ipc.Server$Handler.run(Server.java:2966) [hadoop-common-3.3.1.jar:?]
23:45:25.585 [IPC Server handler 3 on default port 44795] ERROR OMAudit - user=runner | ip=127.0.0.1 | op=GET_FILE_STATUS {volume=volume84730, bucket=bucket91502, key=level0/level1, dataSize=0, replicationConfig=null} | ret=FAILURE
org.apache.hadoop.ozone.om.exceptions.OMException: Unable to get file status: volume: volume84730 bucket: bucket91502 key: level0/level1
	at org.apache.hadoop.ozone.om.KeyManagerImpl.getOzoneFileStatus(KeyManagerImpl.java:1311) ~[ozone-manager-1.3.0-SNAPSHOT.jar:?]
	at org.apache.hadoop.ozone.om.KeyManagerImpl.getFileStatus(KeyManagerImpl.java:1241) ~[ozone-manager-1.3.0-SNAPSHOT.jar:?]
	at org.apache.hadoop.ozone.om.OzoneManager.getFileStatus(OzoneManager.java:3419) ~[ozone-manager-1.3.0-SNAPSHOT.jar:?]
	at org.apache.hadoop.ozone.protocolPB.OzoneManagerRequestHandler.getOzoneFileStatus(OzoneManagerRequestHandler.java:871) ~[ozone-manager-1.3.0-SNAPSHOT.jar:?]
	at org.apache.hadoop.ozone.protocolPB.OzoneManagerRequestHandler.handleReadRequest(OzoneManagerRequestHandler.java:217) ~[ozone-manager-1.3.0-SNAPSHOT.jar:?]
	at org.apache.hadoop.ozone.protocolPB.OzoneManagerProtocolServerSideTranslatorPB.submitReadRequestToOM(OzoneManagerProtocolServerSideTranslatorPB.java:226) ~[ozone-manager-1.3.0-SNAPSHOT.jar:?]
	at org.apache.hadoop.ozone.protocolPB.OzoneManagerProtocolServerSideTranslatorPB.processRequest(OzoneManagerProtocolServerSideTranslatorPB.java:175) ~[ozone-manager-1.3.0-SNAPSHOT.jar:?]
	at org.apache.hadoop.hdds.server.OzoneProtocolMessageDispatcher.processRequest(OzoneProtocolMessageDispatcher.java:87) [hdds-server-framework-1.3.0-SNAPSHOT.jar:?]
	at org.apache.hadoop.ozone.protocolPB.OzoneManagerProtocolServerSideTranslatorPB.submitRequest(OzoneManagerProtocolServerSideTranslatorPB.java:147) [ozone-manager-1.3.0-SNAPSHOT.jar:?]
	at org.apache.hadoop.ozone.protocol.proto.OzoneManagerProtocolProtos$OzoneManagerService$2.callBlockingMethod(OzoneManagerProtocolProtos.java) [ozone-interface-client-1.3.0-SNAPSHOT.jar:?]
	at org.apache.hadoop.ipc.ProtobufRpcEngine$Server.processCall(ProtobufRpcEngine.java:466) [hadoop-common-3.3.1.jar:?]
	at org.apache.hadoop.ipc.ProtobufRpcEngine2$Server$ProtoBufRpcInvoker.call(ProtobufRpcEngine2.java:574) [hadoop-common-3.3.1.jar:?]
	at org.apache.hadoop.ipc.ProtobufRpcEngine2$Server$ProtoBufRpcInvoker.call(ProtobufRpcEngine2.java:552) [hadoop-common-3.3.1.jar:?]
	at org.apache.hadoop.ipc.RPC$Server.call(RPC.java:1093) [hadoop-common-3.3.1.jar:?]
	at org.apache.hadoop.ipc.Server$RpcCall.run(Server.java:1035) [hadoop-common-3.3.1.jar:?]
	at org.apache.hadoop.ipc.Server$RpcCall.run(Server.java:963) [hadoop-common-3.3.1.jar:?]
	at java.security.AccessController.doPrivileged(Native Method) ~[?:1.8.0_332]
	at javax.security.auth.Subject.doAs(Subject.java:422) [?:1.8.0_332]
	at org.apache.hadoop.security.UserGroupInformation.doAs(UserGroupInformation.java:1878) [hadoop-common-3.3.1.jar:?]
	at org.apache.hadoop.ipc.Server$Handler.run(Server.java:2966) [hadoop-common-3.3.1.jar:?]
23:45:25.587 [IPC Server handler 15 on default port 44795] ERROR OMAudit - user=runner | ip=127.0.0.1 | op=GET_FILE_STATUS {volume=volume84730, bucket=bucket91502, key=level0/level1/level1, dataSize=0, replicationConfig=null} | ret=FAILURE
org.apache.hadoop.ozone.om.exceptions.OMException: Unable to get file status: volume: volume84730 bucket: bucket91502 key: level0/level1/level1
	at org.apache.hadoop.ozone.om.KeyManagerImpl.getOzoneFileStatus(KeyManagerImpl.java:1311) ~[ozone-manager-1.3.0-SNAPSHOT.jar:?]
	at org.apache.hadoop.ozone.om.KeyManagerImpl.getFileStatus(KeyManagerImpl.java:1241) ~[ozone-manager-1.3.0-SNAPSHOT.jar:?]
	at org.apache.hadoop.ozone.om.OzoneManager.getFileStatus(OzoneManager.java:3419) ~[ozone-manager-1.3.0-SNAPSHOT.jar:?]
	at org.apache.hadoop.ozone.protocolPB.OzoneManagerRequestHandler.getOzoneFileStatus(OzoneManagerRequestHandler.java:871) ~[ozone-manager-1.3.0-SNAPSHOT.jar:?]
	at org.apache.hadoop.ozone.protocolPB.OzoneManagerRequestHandler.handleReadRequest(OzoneManagerRequestHandler.java:217) ~[ozone-manager-1.3.0-SNAPSHOT.jar:?]
	at org.apache.hadoop.ozone.protocolPB.OzoneManagerProtocolServerSideTranslatorPB.submitReadRequestToOM(OzoneManagerProtocolServerSideTranslatorPB.java:226) ~[ozone-manager-1.3.0-SNAPSHOT.jar:?]
	at org.apache.hadoop.ozone.protocolPB.OzoneManagerProtocolServerSideTranslatorPB.processRequest(OzoneManagerProtocolServerSideTranslatorPB.java:175) ~[ozone-manager-1.3.0-SNAPSHOT.jar:?]
	at org.apache.hadoop.hdds.server.OzoneProtocolMessageDispatcher.processRequest(OzoneProtocolMessageDispatcher.java:87) [hdds-server-framework-1.3.0-SNAPSHOT.jar:?]
	at org.apache.hadoop.ozone.protocolPB.OzoneManagerProtocolServerSideTranslatorPB.submitRequest(OzoneManagerProtocolServerSideTranslatorPB.java:147) [ozone-manager-1.3.0-SNAPSHOT.jar:?]
	at org.apache.hadoop.ozone.protocol.proto.OzoneManagerProtocolProtos$OzoneManagerService$2.callBlockingMethod(OzoneManagerProtocolProtos.java) [ozone-interface-client-1.3.0-SNAPSHOT.jar:?]
	at org.apache.hadoop.ipc.ProtobufRpcEngine$Server.processCall(ProtobufRpcEngine.java:466) [hadoop-common-3.3.1.jar:?]
	at org.apache.hadoop.ipc.ProtobufRpcEngine2$Server$ProtoBufRpcInvoker.call(ProtobufRpcEngine2.java:574) [hadoop-common-3.3.1.jar:?]
	at org.apache.hadoop.ipc.ProtobufRpcEngine2$Server$ProtoBufRpcInvoker.call(ProtobufRpcEngine2.java:552) [hadoop-common-3.3.1.jar:?]
	at org.apache.hadoop.ipc.RPC$Server.call(RPC.java:1093) [hadoop-common-3.3.1.jar:?]
	at org.apache.hadoop.ipc.Server$RpcCall.run(Server.java:1035) [hadoop-common-3.3.1.jar:?]
	at org.apache.hadoop.ipc.Server$RpcCall.run(Server.java:963) [hadoop-common-3.3.1.jar:?]
	at java.security.AccessController.doPrivileged(Native Method) ~[?:1.8.0_332]
	at javax.security.auth.Subject.doAs(Subject.java:422) [?:1.8.0_332]
	at org.apache.hadoop.security.UserGroupInformation.doAs(UserGroupInformation.java:1878) [hadoop-common-3.3.1.jar:?]
	at org.apache.hadoop.ipc.Server$Handler.run(Server.java:2966) [hadoop-common-3.3.1.jar:?]
23:45:25.588 [IPC Server handler 5 on default port 44795] ERROR OMAudit - user=runner | ip=127.0.0.1 | op=GET_FILE_STATUS {volume=volume84730, bucket=bucket91502, key=level0/level1/file1, dataSize=0, replicationConfig=null} | ret=FAILURE
org.apache.hadoop.ozone.om.exceptions.OMException: Unable to get file status: volume: volume84730 bucket: bucket91502 key: level0/level1/file1
	at org.apache.hadoop.ozone.om.KeyManagerImpl.getOzoneFileStatus(KeyManagerImpl.java:1311) ~[ozone-manager-1.3.0-SNAPSHOT.jar:?]
	at org.apache.hadoop.ozone.om.KeyManagerImpl.getFileStatus(KeyManagerImpl.java:1241) ~[ozone-manager-1.3.0-SNAPSHOT.jar:?]
	at org.apache.hadoop.ozone.om.OzoneManager.getFileStatus(OzoneManager.java:3419) ~[ozone-manager-1.3.0-SNAPSHOT.jar:?]
	at org.apache.hadoop.ozone.protocolPB.OzoneManagerRequestHandler.getOzoneFileStatus(OzoneManagerRequestHandler.java:871) ~[ozone-manager-1.3.0-SNAPSHOT.jar:?]
	at org.apache.hadoop.ozone.protocolPB.OzoneManagerRequestHandler.handleReadRequest(OzoneManagerRequestHandler.java:217) ~[ozone-manager-1.3.0-SNAPSHOT.jar:?]
	at org.apache.hadoop.ozone.protocolPB.OzoneManagerProtocolServerSideTranslatorPB.submitReadRequestToOM(OzoneManagerProtocolServerSideTranslatorPB.java:226) ~[ozone-manager-1.3.0-SNAPSHOT.jar:?]
	at org.apache.hadoop.ozone.protocolPB.OzoneManagerProtocolServerSideTranslatorPB.processRequest(OzoneManagerProtocolServerSideTranslatorPB.java:175) ~[ozone-manager-1.3.0-SNAPSHOT.jar:?]
	at org.apache.hadoop.hdds.server.OzoneProtocolMessageDispatcher.processRequest(OzoneProtocolMessageDispatcher.java:87) [hdds-server-framework-1.3.0-SNAPSHOT.jar:?]
	at org.apache.hadoop.ozone.protocolPB.OzoneManagerProtocolServerSideTranslatorPB.submitRequest(OzoneManagerProtocolServerSideTranslatorPB.java:147) [ozone-manager-1.3.0-SNAPSHOT.jar:?]
	at org.apache.hadoop.ozone.protocol.proto.OzoneManagerProtocolProtos$OzoneManagerService$2.callBlockingMethod(OzoneManagerProtocolProtos.java) [ozone-interface-client-1.3.0-SNAPSHOT.jar:?]
	at org.apache.hadoop.ipc.ProtobufRpcEngine$Server.processCall(ProtobufRpcEngine.java:466) [hadoop-common-3.3.1.jar:?]
	at org.apache.hadoop.ipc.ProtobufRpcEngine2$Server$ProtoBufRpcInvoker.call(ProtobufRpcEngine2.java:574) [hadoop-common-3.3.1.jar:?]
	at org.apache.hadoop.ipc.ProtobufRpcEngine2$Server$ProtoBufRpcInvoker.call(ProtobufRpcEngine2.java:552) [hadoop-common-3.3.1.jar:?]
	at org.apache.hadoop.ipc.RPC$Server.call(RPC.java:1093) [hadoop-common-3.3.1.jar:?]
	at org.apache.hadoop.ipc.Server$RpcCall.run(Server.java:1035) [hadoop-common-3.3.1.jar:?]
	at org.apache.hadoop.ipc.Server$RpcCall.run(Server.java:963) [hadoop-common-3.3.1.jar:?]
	at java.security.AccessController.doPrivileged(Native Method) ~[?:1.8.0_332]
	at javax.security.auth.Subject.doAs(Subject.java:422) [?:1.8.0_332]
	at org.apache.hadoop.security.UserGroupInformation.doAs(UserGroupInformation.java:1878) [hadoop-common-3.3.1.jar:?]
	at org.apache.hadoop.ipc.Server$Handler.run(Server.java:2966) [hadoop-common-3.3.1.jar:?]
23:45:25.589 [IPC Server handler 4 on default port 44795] ERROR OMAudit - user=runner | ip=127.0.0.1 | op=GET_FILE_STATUS {volume=volume84730, bucket=bucket91502, key=level0/level1/level1/file1, dataSize=0, replicationConfig=null} | ret=FAILURE
org.apache.hadoop.ozone.om.exceptions.OMException: Unable to get file status: volume: volume84730 bucket: bucket91502 key: level0/level1/level1/file1
	at org.apache.hadoop.ozone.om.KeyManagerImpl.getOzoneFileStatus(KeyManagerImpl.java:1311) ~[ozone-manager-1.3.0-SNAPSHOT.jar:?]
	at org.apache.hadoop.ozone.om.KeyManagerImpl.getFileStatus(KeyManagerImpl.java:1241) ~[ozone-manager-1.3.0-SNAPSHOT.jar:?]
	at org.apache.hadoop.ozone.om.OzoneManager.getFileStatus(OzoneManager.java:3419) ~[ozone-manager-1.3.0-SNAPSHOT.jar:?]
	at org.apache.hadoop.ozone.protocolPB.OzoneManagerRequestHandler.getOzoneFileStatus(OzoneManagerRequestHandler.java:871) ~[ozone-manager-1.3.0-SNAPSHOT.jar:?]
	at org.apache.hadoop.ozone.protocolPB.OzoneManagerRequestHandler.handleReadRequest(OzoneManagerRequestHandler.java:217) ~[ozone-manager-1.3.0-SNAPSHOT.jar:?]
	at org.apache.hadoop.ozone.protocolPB.OzoneManagerProtocolServerSideTranslatorPB.submitReadRequestToOM(OzoneManagerProtocolServerSideTranslatorPB.java:226) ~[ozone-manager-1.3.0-SNAPSHOT.jar:?]
	at org.apache.hadoop.ozone.protocolPB.OzoneManagerProtocolServerSideTranslatorPB.processRequest(OzoneManagerProtocolServerSideTranslatorPB.java:175) ~[ozone-manager-1.3.0-SNAPSHOT.jar:?]
	at org.apache.hadoop.hdds.server.OzoneProtocolMessageDispatcher.processRequest(OzoneProtocolMessageDispatcher.java:87) [hdds-server-framework-1.3.0-SNAPSHOT.jar:?]
	at org.apache.hadoop.ozone.protocolPB.OzoneManagerProtocolServerSideTranslatorPB.submitRequest(OzoneManagerProtocolServerSideTranslatorPB.java:147) [ozone-manager-1.3.0-SNAPSHOT.jar:?]
	at org.apache.hadoop.ozone.protocol.proto.OzoneManagerProtocolProtos$OzoneManagerService$2.callBlockingMethod(OzoneManagerProtocolProtos.java) [ozone-interface-client-1.3.0-SNAPSHOT.jar:?]
	at org.apache.hadoop.ipc.ProtobufRpcEngine$Server.processCall(ProtobufRpcEngine.java:466) [hadoop-common-3.3.1.jar:?]
	at org.apache.hadoop.ipc.ProtobufRpcEngine2$Server$ProtoBufRpcInvoker.call(ProtobufRpcEngine2.java:574) [hadoop-common-3.3.1.jar:?]
	at org.apache.hadoop.ipc.ProtobufRpcEngine2$Server$ProtoBufRpcInvoker.call(ProtobufRpcEngine2.java:552) [hadoop-common-3.3.1.jar:?]
	at org.apache.hadoop.ipc.RPC$Server.call(RPC.java:1093) [hadoop-common-3.3.1.jar:?]
	at org.apache.hadoop.ipc.Server$RpcCall.run(Server.java:1035) [hadoop-common-3.3.1.jar:?]
	at org.apache.hadoop.ipc.Server$RpcCall.run(Server.java:963) [hadoop-common-3.3.1.jar:?]
	at java.security.AccessController.doPrivileged(Native Method) ~[?:1.8.0_332]
	at javax.security.auth.Subject.doAs(Subject.java:422) [?:1.8.0_332]
	at org.apache.hadoop.security.UserGroupInformation.doAs(UserGroupInformation.java:1878) [hadoop-common-3.3.1.jar:?]
	at org.apache.hadoop.ipc.Server$Handler.run(Server.java:2966) [hadoop-common-3.3.1.jar:?]
23:45:25.590 [IPC Server handler 7 on default port 44795] ERROR OMAudit - user=runner | ip=127.0.0.1 | op=GET_FILE_STATUS {volume=volume84730, bucket=bucket91502, key=level0/level2, dataSize=0, replicationConfig=null} | ret=FAILURE
org.apache.hadoop.ozone.om.exceptions.OMException: Unable to get file status: volume: volume84730 bucket: bucket91502 key: level0/level2
	at org.apache.hadoop.ozone.om.KeyManagerImpl.getOzoneFileStatus(KeyManagerImpl.java:1311) ~[ozone-manager-1.3.0-SNAPSHOT.jar:?]
	at org.apache.hadoop.ozone.om.KeyManagerImpl.getFileStatus(KeyManagerImpl.java:1241) ~[ozone-manager-1.3.0-SNAPSHOT.jar:?]
	at org.apache.hadoop.ozone.om.OzoneManager.getFileStatus(OzoneManager.java:3419) ~[ozone-manager-1.3.0-SNAPSHOT.jar:?]
	at org.apache.hadoop.ozone.protocolPB.OzoneManagerRequestHandler.getOzoneFileStatus(OzoneManagerRequestHandler.java:871) ~[ozone-manager-1.3.0-SNAPSHOT.jar:?]
	at org.apache.hadoop.ozone.protocolPB.OzoneManagerRequestHandler.handleReadRequest(OzoneManagerRequestHandler.java:217) ~[ozone-manager-1.3.0-SNAPSHOT.jar:?]
	at org.apache.hadoop.ozone.protocolPB.OzoneManagerProtocolServerSideTranslatorPB.submitReadRequestToOM(OzoneManagerProtocolServerSideTranslatorPB.java:226) ~[ozone-manager-1.3.0-SNAPSHOT.jar:?]
	at org.apache.hadoop.ozone.protocolPB.OzoneManagerProtocolServerSideTranslatorPB.processRequest(OzoneManagerProtocolServerSideTranslatorPB.java:175) ~[ozone-manager-1.3.0-SNAPSHOT.jar:?]
	at org.apache.hadoop.hdds.server.OzoneProtocolMessageDispatcher.processRequest(OzoneProtocolMessageDispatcher.java:87) [hdds-server-framework-1.3.0-SNAPSHOT.jar:?]
	at org.apache.hadoop.ozone.protocolPB.OzoneManagerProtocolServerSideTranslatorPB.submitRequest(OzoneManagerProtocolServerSideTranslatorPB.java:147) [ozone-manager-1.3.0-SNAPSHOT.jar:?]
	at org.apache.hadoop.ozone.protocol.proto.OzoneManagerProtocolProtos$OzoneManagerService$2.callBlockingMethod(OzoneManagerProtocolProtos.java) [ozone-interface-client-1.3.0-SNAPSHOT.jar:?]
	at org.apache.hadoop.ipc.ProtobufRpcEngine$Server.processCall(ProtobufRpcEngine.java:466) [hadoop-common-3.3.1.jar:?]
	at org.apache.hadoop.ipc.ProtobufRpcEngine2$Server$ProtoBufRpcInvoker.call(ProtobufRpcEngine2.java:574) [hadoop-common-3.3.1.jar:?]
	at org.apache.hadoop.ipc.ProtobufRpcEngine2$Server$ProtoBufRpcInvoker.call(ProtobufRpcEngine2.java:552) [hadoop-common-3.3.1.jar:?]
	at org.apache.hadoop.ipc.RPC$Server.call(RPC.java:1093) [hadoop-common-3.3.1.jar:?]
	at org.apache.hadoop.ipc.Server$RpcCall.run(Server.java:1035) [hadoop-common-3.3.1.jar:?]
	at org.apache.hadoop.ipc.Server$RpcCall.run(Server.java:963) [hadoop-common-3.3.1.jar:?]
	at java.security.AccessController.doPrivileged(Native Method) ~[?:1.8.0_332]
	at javax.security.auth.Subject.doAs(Subject.java:422) [?:1.8.0_332]
	at org.apache.hadoop.security.UserGroupInformation.doAs(UserGroupInformation.java:1878) [hadoop-common-3.3.1.jar:?]
	at org.apache.hadoop.ipc.Server$Handler.run(Server.java:2966) [hadoop-common-3.3.1.jar:?]
23:45:25.591 [IPC Server handler 9 on default port 44795] ERROR OMAudit - user=runner | ip=127.0.0.1 | op=GET_FILE_STATUS {volume=volume84730, bucket=bucket91502, key=level0/level2/level2, dataSize=0, replicationConfig=null} | ret=FAILURE
org.apache.hadoop.ozone.om.exceptions.OMException: Unable to get file status: volume: volume84730 bucket: bucket91502 key: level0/level2/level2
	at org.apache.hadoop.ozone.om.KeyManagerImpl.getOzoneFileStatus(KeyManagerImpl.java:1311) ~[ozone-manager-1.3.0-SNAPSHOT.jar:?]
	at org.apache.hadoop.ozone.om.KeyManagerImpl.getFileStatus(KeyManagerImpl.java:1241) ~[ozone-manager-1.3.0-SNAPSHOT.jar:?]
	at org.apache.hadoop.ozone.om.OzoneManager.getFileStatus(OzoneManager.java:3419) ~[ozone-manager-1.3.0-SNAPSHOT.jar:?]
	at org.apache.hadoop.ozone.protocolPB.OzoneManagerRequestHandler.getOzoneFileStatus(OzoneManagerRequestHandler.java:871) ~[ozone-manager-1.3.0-SNAPSHOT.jar:?]
	at org.apache.hadoop.ozone.protocolPB.OzoneManagerRequestHandler.handleReadRequest(OzoneManagerRequestHandler.java:217) ~[ozone-manager-1.3.0-SNAPSHOT.jar:?]
	at org.apache.hadoop.ozone.protocolPB.OzoneManagerProtocolServerSideTranslatorPB.submitReadRequestToOM(OzoneManagerProtocolServerSideTranslatorPB.java:226) ~[ozone-manager-1.3.0-SNAPSHOT.jar:?]
	at org.apache.hadoop.ozone.protocolPB.OzoneManagerProtocolServerSideTranslatorPB.processRequest(OzoneManagerProtocolServerSideTranslatorPB.java:175) ~[ozone-manager-1.3.0-SNAPSHOT.jar:?]
	at org.apache.hadoop.hdds.server.OzoneProtocolMessageDispatcher.processRequest(OzoneProtocolMessageDispatcher.java:87) [hdds-server-framework-1.3.0-SNAPSHOT.jar:?]
	at org.apache.hadoop.ozone.protocolPB.OzoneManagerProtocolServerSideTranslatorPB.submitRequest(OzoneManagerProtocolServerSideTranslatorPB.java:147) [ozone-manager-1.3.0-SNAPSHOT.jar:?]
	at org.apache.hadoop.ozone.protocol.proto.OzoneManagerProtocolProtos$OzoneManagerService$2.callBlockingMethod(OzoneManagerProtocolProtos.java) [ozone-interface-client-1.3.0-SNAPSHOT.jar:?]
	at org.apache.hadoop.ipc.ProtobufRpcEngine$Server.processCall(ProtobufRpcEngine.java:466) [hadoop-common-3.3.1.jar:?]
	at org.apache.hadoop.ipc.ProtobufRpcEngine2$Server$ProtoBufRpcInvoker.call(ProtobufRpcEngine2.java:574) [hadoop-common-3.3.1.jar:?]
	at org.apache.hadoop.ipc.ProtobufRpcEngine2$Server$ProtoBufRpcInvoker.call(ProtobufRpcEngine2.java:552) [hadoop-common-3.3.1.jar:?]
	at org.apache.hadoop.ipc.RPC$Server.call(RPC.java:1093) [hadoop-common-3.3.1.jar:?]
	at org.apache.hadoop.ipc.Server$RpcCall.run(Server.java:1035) [hadoop-common-3.3.1.jar:?]
	at org.apache.hadoop.ipc.Server$RpcCall.run(Server.java:963) [hadoop-common-3.3.1.jar:?]
	at java.security.AccessController.doPrivileged(Native Method) ~[?:1.8.0_332]
	at javax.security.auth.Subject.doAs(Subject.java:422) [?:1.8.0_332]
	at org.apache.hadoop.security.UserGroupInformation.doAs(UserGroupInformation.java:1878) [hadoop-common-3.3.1.jar:?]
	at org.apache.hadoop.ipc.Server$Handler.run(Server.java:2966) [hadoop-common-3.3.1.jar:?]
23:45:25.593 [IPC Server handler 0 on default port 44795] ERROR OMAudit - user=runner | ip=127.0.0.1 | op=GET_FILE_STATUS {volume=volume84730, bucket=bucket91502, key=level0/level2/file1, dataSize=0, replicationConfig=null} | ret=FAILURE
org.apache.hadoop.ozone.om.exceptions.OMException: Unable to get file status: volume: volume84730 bucket: bucket91502 key: level0/level2/file1
	at org.apache.hadoop.ozone.om.KeyManagerImpl.getOzoneFileStatus(KeyManagerImpl.java:1311) ~[ozone-manager-1.3.0-SNAPSHOT.jar:?]
	at org.apache.hadoop.ozone.om.KeyManagerImpl.getFileStatus(KeyManagerImpl.java:1241) ~[ozone-manager-1.3.0-SNAPSHOT.jar:?]
	at org.apache.hadoop.ozone.om.OzoneManager.getFileStatus(OzoneManager.java:3419) ~[ozone-manager-1.3.0-SNAPSHOT.jar:?]
	at org.apache.hadoop.ozone.protocolPB.OzoneManagerRequestHandler.getOzoneFileStatus(OzoneManagerRequestHandler.java:871) ~[ozone-manager-1.3.0-SNAPSHOT.jar:?]
	at org.apache.hadoop.ozone.protocolPB.OzoneManagerRequestHandler.handleReadRequest(OzoneManagerRequestHandler.java:217) ~[ozone-manager-1.3.0-SNAPSHOT.jar:?]
	at org.apache.hadoop.ozone.protocolPB.OzoneManagerProtocolServerSideTranslatorPB.submitReadRequestToOM(OzoneManagerProtocolServerSideTranslatorPB.java:226) ~[ozone-manager-1.3.0-SNAPSHOT.jar:?]
	at org.apache.hadoop.ozone.protocolPB.OzoneManagerProtocolServerSideTranslatorPB.processRequest(OzoneManagerProtocolServerSideTranslatorPB.java:175) ~[ozone-manager-1.3.0-SNAPSHOT.jar:?]
	at org.apache.hadoop.hdds.server.OzoneProtocolMessageDispatcher.processRequest(OzoneProtocolMessageDispatcher.java:87) [hdds-server-framework-1.3.0-SNAPSHOT.jar:?]
	at org.apache.hadoop.ozone.protocolPB.OzoneManagerProtocolServerSideTranslatorPB.submitRequest(OzoneManagerProtocolServerSideTranslatorPB.java:147) [ozone-manager-1.3.0-SNAPSHOT.jar:?]
	at org.apache.hadoop.ozone.protocol.proto.OzoneManagerProtocolProtos$OzoneManagerService$2.callBlockingMethod(OzoneManagerProtocolProtos.java) [ozone-interface-client-1.3.0-SNAPSHOT.jar:?]
	at org.apache.hadoop.ipc.ProtobufRpcEngine$Server.processCall(ProtobufRpcEngine.java:466) [hadoop-common-3.3.1.jar:?]
	at org.apache.hadoop.ipc.ProtobufRpcEngine2$Server$ProtoBufRpcInvoker.call(ProtobufRpcEngine2.java:574) [hadoop-common-3.3.1.jar:?]
	at org.apache.hadoop.ipc.ProtobufRpcEngine2$Server$ProtoBufRpcInvoker.call(ProtobufRpcEngine2.java:552) [hadoop-common-3.3.1.jar:?]
	at org.apache.hadoop.ipc.RPC$Server.call(RPC.java:1093) [hadoop-common-3.3.1.jar:?]
	at org.apache.hadoop.ipc.Server$RpcCall.run(Server.java:1035) [hadoop-common-3.3.1.jar:?]
	at org.apache.hadoop.ipc.Server$RpcCall.run(Server.java:963) [hadoop-common-3.3.1.jar:?]
	at java.security.AccessController.doPrivileged(Native Method) ~[?:1.8.0_332]
	at javax.security.auth.Subject.doAs(Subject.java:422) [?:1.8.0_332]
	at org.apache.hadoop.security.UserGroupInformation.doAs(UserGroupInformation.java:1878) [hadoop-common-3.3.1.jar:?]
	at org.apache.hadoop.ipc.Server$Handler.run(Server.java:2966) [hadoop-common-3.3.1.jar:?]
23:45:25.594 [IPC Server handler 8 on default port 44795] ERROR OMAudit - user=runner | ip=127.0.0.1 | op=GET_FILE_STATUS {volume=volume84730, bucket=bucket91502, key=level0/level2/level2/file1, dataSize=0, replicationConfig=null} | ret=FAILURE
org.apache.hadoop.ozone.om.exceptions.OMException: Unable to get file status: volume: volume84730 bucket: bucket91502 key: level0/level2/level2/file1
	at org.apache.hadoop.ozone.om.KeyManagerImpl.getOzoneFileStatus(KeyManagerImpl.java:1311) ~[ozone-manager-1.3.0-SNAPSHOT.jar:?]
	at org.apache.hadoop.ozone.om.KeyManagerImpl.getFileStatus(KeyManagerImpl.java:1241) ~[ozone-manager-1.3.0-SNAPSHOT.jar:?]
	at org.apache.hadoop.ozone.om.OzoneManager.getFileStatus(OzoneManager.java:3419) ~[ozone-manager-1.3.0-SNAPSHOT.jar:?]
	at org.apache.hadoop.ozone.protocolPB.OzoneManagerRequestHandler.getOzoneFileStatus(OzoneManagerRequestHandler.java:871) ~[ozone-manager-1.3.0-SNAPSHOT.jar:?]
	at org.apache.hadoop.ozone.protocolPB.OzoneManagerRequestHandler.handleReadRequest(OzoneManagerRequestHandler.java:217) ~[ozone-manager-1.3.0-SNAPSHOT.jar:?]
	at org.apache.hadoop.ozone.protocolPB.OzoneManagerProtocolServerSideTranslatorPB.submitReadRequestToOM(OzoneManagerProtocolServerSideTranslatorPB.java:226) ~[ozone-manager-1.3.0-SNAPSHOT.jar:?]
	at org.apache.hadoop.ozone.protocolPB.OzoneManagerProtocolServerSideTranslatorPB.processRequest(OzoneManagerProtocolServerSideTranslatorPB.java:175) ~[ozone-manager-1.3.0-SNAPSHOT.jar:?]
	at org.apache.hadoop.hdds.server.OzoneProtocolMessageDispatcher.processRequest(OzoneProtocolMessageDispatcher.java:87) [hdds-server-framework-1.3.0-SNAPSHOT.jar:?]
	at org.apache.hadoop.ozone.protocolPB.OzoneManagerProtocolServerSideTranslatorPB.submitRequest(OzoneManagerProtocolServerSideTranslatorPB.java:147) [ozone-manager-1.3.0-SNAPSHOT.jar:?]
	at org.apache.hadoop.ozone.protocol.proto.OzoneManagerProtocolProtos$OzoneManagerService$2.callBlockingMethod(OzoneManagerProtocolProtos.java) [ozone-interface-client-1.3.0-SNAPSHOT.jar:?]
	at org.apache.hadoop.ipc.ProtobufRpcEngine$Server.processCall(ProtobufRpcEngine.java:466) [hadoop-common-3.3.1.jar:?]
	at org.apache.hadoop.ipc.ProtobufRpcEngine2$Server$ProtoBufRpcInvoker.call(ProtobufRpcEngine2.java:574) [hadoop-common-3.3.1.jar:?]
	at org.apache.hadoop.ipc.ProtobufRpcEngine2$Server$ProtoBufRpcInvoker.call(ProtobufRpcEngine2.java:552) [hadoop-common-3.3.1.jar:?]
	at org.apache.hadoop.ipc.RPC$Server.call(RPC.java:1093) [hadoop-common-3.3.1.jar:?]
	at org.apache.hadoop.ipc.Server$RpcCall.run(Server.java:1035) [hadoop-common-3.3.1.jar:?]
	at org.apache.hadoop.ipc.Server$RpcCall.run(Server.java:963) [hadoop-common-3.3.1.jar:?]
	at java.security.AccessController.doPrivileged(Native Method) ~[?:1.8.0_332]
	at javax.security.auth.Subject.doAs(Subject.java:422) [?:1.8.0_332]
	at org.apache.hadoop.security.UserGroupInformation.doAs(UserGroupInformation.java:1878) [hadoop-common-3.3.1.jar:?]
	at org.apache.hadoop.ipc.Server$Handler.run(Server.java:2966) [hadoop-common-3.3.1.jar:?]
23:45:25.595 [IPC Server handler 17 on default port 44795] ERROR OMAudit - user=runner | ip=127.0.0.1 | op=GET_FILE_STATUS {volume=volume84730, bucket=bucket91502, key=level0/level3, dataSize=0, replicationConfig=null} | ret=FAILURE
org.apache.hadoop.ozone.om.exceptions.OMException: Unable to get file status: volume: volume84730 bucket: bucket91502 key: level0/level3
	at org.apache.hadoop.ozone.om.KeyManagerImpl.getOzoneFileStatus(KeyManagerImpl.java:1311) ~[ozone-manager-1.3.0-SNAPSHOT.jar:?]
	at org.apache.hadoop.ozone.om.KeyManagerImpl.getFileStatus(KeyManagerImpl.java:1241) ~[ozone-manager-1.3.0-SNAPSHOT.jar:?]
	at org.apache.hadoop.ozone.om.OzoneManager.getFileStatus(OzoneManager.java:3419) ~[ozone-manager-1.3.0-SNAPSHOT.jar:?]
	at org.apache.hadoop.ozone.protocolPB.OzoneManagerRequestHandler.getOzoneFileStatus(OzoneManagerRequestHandler.java:871) ~[ozone-manager-1.3.0-SNAPSHOT.jar:?]
	at org.apache.hadoop.ozone.protocolPB.OzoneManagerRequestHandler.handleReadRequest(OzoneManagerRequestHandler.java:217) ~[ozone-manager-1.3.0-SNAPSHOT.jar:?]
	at org.apache.hadoop.ozone.protocolPB.OzoneManagerProtocolServerSideTranslatorPB.submitReadRequestToOM(OzoneManagerProtocolServerSideTranslatorPB.java:226) ~[ozone-manager-1.3.0-SNAPSHOT.jar:?]
	at org.apache.hadoop.ozone.protocolPB.OzoneManagerProtocolServerSideTranslatorPB.processRequest(OzoneManagerProtocolServerSideTranslatorPB.java:175) ~[ozone-manager-1.3.0-SNAPSHOT.jar:?]
	at org.apache.hadoop.hdds.server.OzoneProtocolMessageDispatcher.processRequest(OzoneProtocolMessageDispatcher.java:87) [hdds-server-framework-1.3.0-SNAPSHOT.jar:?]
	at org.apache.hadoop.ozone.protocolPB.OzoneManagerProtocolServerSideTranslatorPB.submitRequest(OzoneManagerProtocolServerSideTranslatorPB.java:147) [ozone-manager-1.3.0-SNAPSHOT.jar:?]
	at org.apache.hadoop.ozone.protocol.proto.OzoneManagerProtocolProtos$OzoneManagerService$2.callBlockingMethod(OzoneManagerProtocolProtos.java) [ozone-interface-client-1.3.0-SNAPSHOT.jar:?]
	at org.apache.hadoop.ipc.ProtobufRpcEngine$Server.processCall(ProtobufRpcEngine.java:466) [hadoop-common-3.3.1.jar:?]
	at org.apache.hadoop.ipc.ProtobufRpcEngine2$Server$ProtoBufRpcInvoker.call(ProtobufRpcEngine2.java:574) [hadoop-common-3.3.1.jar:?]
	at org.apache.hadoop.ipc.ProtobufRpcEngine2$Server$ProtoBufRpcInvoker.call(ProtobufRpcEngine2.java:552) [hadoop-common-3.3.1.jar:?]
	at org.apache.hadoop.ipc.RPC$Server.call(RPC.java:1093) [hadoop-common-3.3.1.jar:?]
	at org.apache.hadoop.ipc.Server$RpcCall.run(Server.java:1035) [hadoop-common-3.3.1.jar:?]
	at org.apache.hadoop.ipc.Server$RpcCall.run(Server.java:963) [hadoop-common-3.3.1.jar:?]
	at java.security.AccessController.doPrivileged(Native Method) ~[?:1.8.0_332]
	at javax.security.auth.Subject.doAs(Subject.java:422) [?:1.8.0_332]
	at org.apache.hadoop.security.UserGroupInformation.doAs(UserGroupInformation.java:1878) [hadoop-common-3.3.1.jar:?]
	at org.apache.hadoop.ipc.Server$Handler.run(Server.java:2966) [hadoop-common-3.3.1.jar:?]
23:45:25.596 [IPC Server handler 2 on default port 44795] ERROR OMAudit - user=runner | ip=127.0.0.1 | op=GET_FILE_STATUS {volume=volume84730, bucket=bucket91502, key=level0/level3/level3, dataSize=0, replicationConfig=null} | ret=FAILURE
org.apache.hadoop.ozone.om.exceptions.OMException: Unable to get file status: volume: volume84730 bucket: bucket91502 key: level0/level3/level3
	at org.apache.hadoop.ozone.om.KeyManagerImpl.getOzoneFileStatus(KeyManagerImpl.java:1311) ~[ozone-manager-1.3.0-SNAPSHOT.jar:?]
	at org.apache.hadoop.ozone.om.KeyManagerImpl.getFileStatus(KeyManagerImpl.java:1241) ~[ozone-manager-1.3.0-SNAPSHOT.jar:?]
	at org.apache.hadoop.ozone.om.OzoneManager.getFileStatus(OzoneManager.java:3419) ~[ozone-manager-1.3.0-SNAPSHOT.jar:?]
	at org.apache.hadoop.ozone.protocolPB.OzoneManagerRequestHandler.getOzoneFileStatus(OzoneManagerRequestHandler.java:871) ~[ozone-manager-1.3.0-SNAPSHOT.jar:?]
	at org.apache.hadoop.ozone.protocolPB.OzoneManagerRequestHandler.handleReadRequest(OzoneManagerRequestHandler.java:217) ~[ozone-manager-1.3.0-SNAPSHOT.jar:?]
	at org.apache.hadoop.ozone.protocolPB.OzoneManagerProtocolServerSideTranslatorPB.submitReadRequestToOM(OzoneManagerProtocolServerSideTranslatorPB.java:226) ~[ozone-manager-1.3.0-SNAPSHOT.jar:?]
	at org.apache.hadoop.ozone.protocolPB.OzoneManagerProtocolServerSideTranslatorPB.processRequest(OzoneManagerProtocolServerSideTranslatorPB.java:175) ~[ozone-manager-1.3.0-SNAPSHOT.jar:?]
	at org.apache.hadoop.hdds.server.OzoneProtocolMessageDispatcher.processRequest(OzoneProtocolMessageDispatcher.java:87) [hdds-server-framework-1.3.0-SNAPSHOT.jar:?]
	at org.apache.hadoop.ozone.protocolPB.OzoneManagerProtocolServerSideTranslatorPB.submitRequest(OzoneManagerProtocolServerSideTranslatorPB.java:147) [ozone-manager-1.3.0-SNAPSHOT.jar:?]
	at org.apache.hadoop.ozone.protocol.proto.OzoneManagerProtocolProtos$OzoneManagerService$2.callBlockingMethod(OzoneManagerProtocolProtos.java) [ozone-interface-client-1.3.0-SNAPSHOT.jar:?]
	at org.apache.hadoop.ipc.ProtobufRpcEngine$Server.processCall(ProtobufRpcEngine.java:466) [hadoop-common-3.3.1.jar:?]
	at org.apache.hadoop.ipc.ProtobufRpcEngine2$Server$ProtoBufRpcInvoker.call(ProtobufRpcEngine2.java:574) [hadoop-common-3.3.1.jar:?]
	at org.apache.hadoop.ipc.ProtobufRpcEngine2$Server$ProtoBufRpcInvoker.call(ProtobufRpcEngine2.java:552) [hadoop-common-3.3.1.jar:?]
	at org.apache.hadoop.ipc.RPC$Server.call(RPC.java:1093) [hadoop-common-3.3.1.jar:?]
	at org.apache.hadoop.ipc.Server$RpcCall.run(Server.java:1035) [hadoop-common-3.3.1.jar:?]
	at org.apache.hadoop.ipc.Server$RpcCall.run(Server.java:963) [hadoop-common-3.3.1.jar:?]
	at java.security.AccessController.doPrivileged(Native Method) ~[?:1.8.0_332]
	at javax.security.auth.Subject.doAs(Subject.java:422) [?:1.8.0_332]
	at org.apache.hadoop.security.UserGroupInformation.doAs(UserGroupInformation.java:1878) [hadoop-common-3.3.1.jar:?]
	at org.apache.hadoop.ipc.Server$Handler.run(Server.java:2966) [hadoop-common-3.3.1.jar:?]
23:45:25.597 [IPC Server handler 1 on default port 44795] ERROR OMAudit - user=runner | ip=127.0.0.1 | op=GET_FILE_STATUS {volume=volume84730, bucket=bucket91502, key=level0/level3/file1, dataSize=0, replicationConfig=null} | ret=FAILURE
org.apache.hadoop.ozone.om.exceptions.OMException: Unable to get file status: volume: volume84730 bucket: bucket91502 key: level0/level3/file1
	at org.apache.hadoop.ozone.om.KeyManagerImpl.getOzoneFileStatus(KeyManagerImpl.java:1311) ~[ozone-manager-1.3.0-SNAPSHOT.jar:?]
	at org.apache.hadoop.ozone.om.KeyManagerImpl.getFileStatus(KeyManagerImpl.java:1241) ~[ozone-manager-1.3.0-SNAPSHOT.jar:?]
	at org.apache.hadoop.ozone.om.OzoneManager.getFileStatus(OzoneManager.java:3419) ~[ozone-manager-1.3.0-SNAPSHOT.jar:?]
	at org.apache.hadoop.ozone.protocolPB.OzoneManagerRequestHandler.getOzoneFileStatus(OzoneManagerRequestHandler.java:871) ~[ozone-manager-1.3.0-SNAPSHOT.jar:?]
	at org.apache.hadoop.ozone.protocolPB.OzoneManagerRequestHandler.handleReadRequest(OzoneManagerRequestHandler.java:217) ~[ozone-manager-1.3.0-SNAPSHOT.jar:?]
	at org.apache.hadoop.ozone.protocolPB.OzoneManagerProtocolServerSideTranslatorPB.submitReadRequestToOM(OzoneManagerProtocolServerSideTranslatorPB.java:226) ~[ozone-manager-1.3.0-SNAPSHOT.jar:?]
	at org.apache.hadoop.ozone.protocolPB.OzoneManagerProtocolServerSideTranslatorPB.processRequest(OzoneManagerProtocolServerSideTranslatorPB.java:175) ~[ozone-manager-1.3.0-SNAPSHOT.jar:?]
	at org.apache.hadoop.hdds.server.OzoneProtocolMessageDispatcher.processRequest(OzoneProtocolMessageDispatcher.java:87) [hdds-server-framework-1.3.0-SNAPSHOT.jar:?]
	at org.apache.hadoop.ozone.protocolPB.OzoneManagerProtocolServerSideTranslatorPB.submitRequest(OzoneManagerProtocolServerSideTranslatorPB.java:147) [ozone-manager-1.3.0-SNAPSHOT.jar:?]
	at org.apache.hadoop.ozone.protocol.proto.OzoneManagerProtocolProtos$OzoneManagerService$2.callBlockingMethod(OzoneManagerProtocolProtos.java) [ozone-interface-client-1.3.0-SNAPSHOT.jar:?]
	at org.apache.hadoop.ipc.ProtobufRpcEngine$Server.processCall(ProtobufRpcEngine.java:466) [hadoop-common-3.3.1.jar:?]
	at org.apache.hadoop.ipc.ProtobufRpcEngine2$Server$ProtoBufRpcInvoker.call(ProtobufRpcEngine2.java:574) [hadoop-common-3.3.1.jar:?]
	at org.apache.hadoop.ipc.ProtobufRpcEngine2$Server$ProtoBufRpcInvoker.call(ProtobufRpcEngine2.java:552) [hadoop-common-3.3.1.jar:?]
	at org.apache.hadoop.ipc.RPC$Server.call(RPC.java:1093) [hadoop-common-3.3.1.jar:?]
	at org.apache.hadoop.ipc.Server$RpcCall.run(Server.java:1035) [hadoop-common-3.3.1.jar:?]
	at org.apache.hadoop.ipc.Server$RpcCall.run(Server.java:963) [hadoop-common-3.3.1.jar:?]
	at java.security.AccessController.doPrivileged(Native Method) ~[?:1.8.0_332]
	at javax.security.auth.Subject.doAs(Subject.java:422) [?:1.8.0_332]
	at org.apache.hadoop.security.UserGroupInformation.doAs(UserGroupInformation.java:1878) [hadoop-common-3.3.1.jar:?]
	at org.apache.hadoop.ipc.Server$Handler.run(Server.java:2966) [hadoop-common-3.3.1.jar:?]
23:45:25.599 [IPC Server handler 6 on default port 44795] ERROR OMAudit - user=runner | ip=127.0.0.1 | op=GET_FILE_STATUS {volume=volume84730, bucket=bucket91502, key=level0/level3/level3/file1, dataSize=0, replicationConfig=null} | ret=FAILURE
org.apache.hadoop.ozone.om.exceptions.OMException: Unable to get file status: volume: volume84730 bucket: bucket91502 key: level0/level3/level3/file1
	at org.apache.hadoop.ozone.om.KeyManagerImpl.getOzoneFileStatus(KeyManagerImpl.java:1311) ~[ozone-manager-1.3.0-SNAPSHOT.jar:?]
	at org.apache.hadoop.ozone.om.KeyManagerImpl.getFileStatus(KeyManagerImpl.java:1241) ~[ozone-manager-1.3.0-SNAPSHOT.jar:?]
	at org.apache.hadoop.ozone.om.OzoneManager.getFileStatus(OzoneManager.java:3419) ~[ozone-manager-1.3.0-SNAPSHOT.jar:?]
	at org.apache.hadoop.ozone.protocolPB.OzoneManagerRequestHandler.getOzoneFileStatus(OzoneManagerRequestHandler.java:871) ~[ozone-manager-1.3.0-SNAPSHOT.jar:?]
	at org.apache.hadoop.ozone.protocolPB.OzoneManagerRequestHandler.handleReadRequest(OzoneManagerRequestHandler.java:217) ~[ozone-manager-1.3.0-SNAPSHOT.jar:?]
	at org.apache.hadoop.ozone.protocolPB.OzoneManagerProtocolServerSideTranslatorPB.submitReadRequestToOM(OzoneManagerProtocolServerSideTranslatorPB.java:226) ~[ozone-manager-1.3.0-SNAPSHOT.jar:?]
	at org.apache.hadoop.ozone.protocolPB.OzoneManagerProtocolServerSideTranslatorPB.processRequest(OzoneManagerProtocolServerSideTranslatorPB.java:175) ~[ozone-manager-1.3.0-SNAPSHOT.jar:?]
	at org.apache.hadoop.hdds.server.OzoneProtocolMessageDispatcher.processRequest(OzoneProtocolMessageDispatcher.java:87) [hdds-server-framework-1.3.0-SNAPSHOT.jar:?]
	at org.apache.hadoop.ozone.protocolPB.OzoneManagerProtocolServerSideTranslatorPB.submitRequest(OzoneManagerProtocolServerSideTranslatorPB.java:147) [ozone-manager-1.3.0-SNAPSHOT.jar:?]
	at org.apache.hadoop.ozone.protocol.proto.OzoneManagerProtocolProtos$OzoneManagerService$2.callBlockingMethod(OzoneManagerProtocolProtos.java) [ozone-interface-client-1.3.0-SNAPSHOT.jar:?]
	at org.apache.hadoop.ipc.ProtobufRpcEngine$Server.processCall(ProtobufRpcEngine.java:466) [hadoop-common-3.3.1.jar:?]
	at org.apache.hadoop.ipc.ProtobufRpcEngine2$Server$ProtoBufRpcInvoker.call(ProtobufRpcEngine2.java:574) [hadoop-common-3.3.1.jar:?]
	at org.apache.hadoop.ipc.ProtobufRpcEngine2$Server$ProtoBufRpcInvoker.call(ProtobufRpcEngine2.java:552) [hadoop-common-3.3.1.jar:?]
	at org.apache.hadoop.ipc.RPC$Server.call(RPC.java:1093) [hadoop-common-3.3.1.jar:?]
	at org.apache.hadoop.ipc.Server$RpcCall.run(Server.java:1035) [hadoop-common-3.3.1.jar:?]
	at org.apache.hadoop.ipc.Server$RpcCall.run(Server.java:963) [hadoop-common-3.3.1.jar:?]
	at java.security.AccessController.doPrivileged(Native Method) ~[?:1.8.0_332]
	at javax.security.auth.Subject.doAs(Subject.java:422) [?:1.8.0_332]
	at org.apache.hadoop.security.UserGroupInformation.doAs(UserGroupInformation.java:1878) [hadoop-common-3.3.1.jar:?]
	at org.apache.hadoop.ipc.Server$Handler.run(Server.java:2966) [hadoop-common-3.3.1.jar:?]
]]></system-out>
  </testcase>
  <testcase name="testRecursiveDelete" classname="TestOzoneFileSystem" time="0.152">
    <system-out><![CDATA[23:46:32.334 [IPC Server handler 12 on default port 34097] ERROR OMAudit - user=runner | ip=127.0.0.1 | op=GET_FILE_STATUS {volume=volume05206, bucket=bucket45514, key=gdir1, dataSize=0, replicationConfig=null} | ret=FAILURE
org.apache.hadoop.ozone.om.exceptions.OMException: Unable to get file status: volume: volume05206 bucket: bucket45514 key: gdir1
	at org.apache.hadoop.ozone.om.KeyManagerImpl.getOzoneFileStatus(KeyManagerImpl.java:1311) ~[ozone-manager-1.3.0-SNAPSHOT.jar:?]
	at org.apache.hadoop.ozone.om.KeyManagerImpl.getFileStatus(KeyManagerImpl.java:1241) ~[ozone-manager-1.3.0-SNAPSHOT.jar:?]
	at org.apache.hadoop.ozone.om.OzoneManager.getFileStatus(OzoneManager.java:3419) ~[ozone-manager-1.3.0-SNAPSHOT.jar:?]
	at org.apache.hadoop.ozone.protocolPB.OzoneManagerRequestHandler.getOzoneFileStatus(OzoneManagerRequestHandler.java:871) ~[ozone-manager-1.3.0-SNAPSHOT.jar:?]
	at org.apache.hadoop.ozone.protocolPB.OzoneManagerRequestHandler.handleReadRequest(OzoneManagerRequestHandler.java:217) ~[ozone-manager-1.3.0-SNAPSHOT.jar:?]
	at org.apache.hadoop.ozone.protocolPB.OzoneManagerProtocolServerSideTranslatorPB.submitRequestDirectlyToOM(OzoneManagerProtocolServerSideTranslatorPB.java:276) ~[ozone-manager-1.3.0-SNAPSHOT.jar:?]
	at org.apache.hadoop.ozone.protocolPB.OzoneManagerProtocolServerSideTranslatorPB.processRequest(OzoneManagerProtocolServerSideTranslatorPB.java:205) ~[ozone-manager-1.3.0-SNAPSHOT.jar:?]
	at org.apache.hadoop.hdds.server.OzoneProtocolMessageDispatcher.processRequest(OzoneProtocolMessageDispatcher.java:87) [hdds-server-framework-1.3.0-SNAPSHOT.jar:?]
	at org.apache.hadoop.ozone.protocolPB.OzoneManagerProtocolServerSideTranslatorPB.submitRequest(OzoneManagerProtocolServerSideTranslatorPB.java:147) [ozone-manager-1.3.0-SNAPSHOT.jar:?]
	at org.apache.hadoop.ozone.protocol.proto.OzoneManagerProtocolProtos$OzoneManagerService$2.callBlockingMethod(OzoneManagerProtocolProtos.java) [ozone-interface-client-1.3.0-SNAPSHOT.jar:?]
	at org.apache.hadoop.ipc.ProtobufRpcEngine$Server.processCall(ProtobufRpcEngine.java:466) [hadoop-common-3.3.1.jar:?]
	at org.apache.hadoop.ipc.ProtobufRpcEngine2$Server$ProtoBufRpcInvoker.call(ProtobufRpcEngine2.java:574) [hadoop-common-3.3.1.jar:?]
	at org.apache.hadoop.ipc.ProtobufRpcEngine2$Server$ProtoBufRpcInvoker.call(ProtobufRpcEngine2.java:552) [hadoop-common-3.3.1.jar:?]
	at org.apache.hadoop.ipc.RPC$Server.call(RPC.java:1093) [hadoop-common-3.3.1.jar:?]
	at org.apache.hadoop.ipc.Server$RpcCall.run(Server.java:1035) [hadoop-common-3.3.1.jar:?]
	at org.apache.hadoop.ipc.Server$RpcCall.run(Server.java:963) [hadoop-common-3.3.1.jar:?]
	at java.security.AccessController.doPrivileged(Native Method) ~[?:1.8.0_332]
	at javax.security.auth.Subject.doAs(Subject.java:422) [?:1.8.0_332]
	at org.apache.hadoop.security.UserGroupInformation.doAs(UserGroupInformation.java:1878) [hadoop-common-3.3.1.jar:?]
	at org.apache.hadoop.ipc.Server$Handler.run(Server.java:2966) [hadoop-common-3.3.1.jar:?]
23:46:32.335 [IPC Server handler 10 on default port 34097] ERROR OMAudit - user=runner | ip=127.0.0.1 | op=GET_FILE_STATUS {volume=volume05206, bucket=bucket45514, key=gdir1/dir1, dataSize=0, replicationConfig=null} | ret=FAILURE
org.apache.hadoop.ozone.om.exceptions.OMException: Unable to get file status: volume: volume05206 bucket: bucket45514 key: gdir1/dir1
	at org.apache.hadoop.ozone.om.KeyManagerImpl.getOzoneFileStatus(KeyManagerImpl.java:1311) ~[ozone-manager-1.3.0-SNAPSHOT.jar:?]
	at org.apache.hadoop.ozone.om.KeyManagerImpl.getFileStatus(KeyManagerImpl.java:1241) ~[ozone-manager-1.3.0-SNAPSHOT.jar:?]
	at org.apache.hadoop.ozone.om.OzoneManager.getFileStatus(OzoneManager.java:3419) ~[ozone-manager-1.3.0-SNAPSHOT.jar:?]
	at org.apache.hadoop.ozone.protocolPB.OzoneManagerRequestHandler.getOzoneFileStatus(OzoneManagerRequestHandler.java:871) ~[ozone-manager-1.3.0-SNAPSHOT.jar:?]
	at org.apache.hadoop.ozone.protocolPB.OzoneManagerRequestHandler.handleReadRequest(OzoneManagerRequestHandler.java:217) ~[ozone-manager-1.3.0-SNAPSHOT.jar:?]
	at org.apache.hadoop.ozone.protocolPB.OzoneManagerProtocolServerSideTranslatorPB.submitRequestDirectlyToOM(OzoneManagerProtocolServerSideTranslatorPB.java:276) ~[ozone-manager-1.3.0-SNAPSHOT.jar:?]
	at org.apache.hadoop.ozone.protocolPB.OzoneManagerProtocolServerSideTranslatorPB.processRequest(OzoneManagerProtocolServerSideTranslatorPB.java:205) ~[ozone-manager-1.3.0-SNAPSHOT.jar:?]
	at org.apache.hadoop.hdds.server.OzoneProtocolMessageDispatcher.processRequest(OzoneProtocolMessageDispatcher.java:87) [hdds-server-framework-1.3.0-SNAPSHOT.jar:?]
	at org.apache.hadoop.ozone.protocolPB.OzoneManagerProtocolServerSideTranslatorPB.submitRequest(OzoneManagerProtocolServerSideTranslatorPB.java:147) [ozone-manager-1.3.0-SNAPSHOT.jar:?]
	at org.apache.hadoop.ozone.protocol.proto.OzoneManagerProtocolProtos$OzoneManagerService$2.callBlockingMethod(OzoneManagerProtocolProtos.java) [ozone-interface-client-1.3.0-SNAPSHOT.jar:?]
	at org.apache.hadoop.ipc.ProtobufRpcEngine$Server.processCall(ProtobufRpcEngine.java:466) [hadoop-common-3.3.1.jar:?]
	at org.apache.hadoop.ipc.ProtobufRpcEngine2$Server$ProtoBufRpcInvoker.call(ProtobufRpcEngine2.java:574) [hadoop-common-3.3.1.jar:?]
	at org.apache.hadoop.ipc.ProtobufRpcEngine2$Server$ProtoBufRpcInvoker.call(ProtobufRpcEngine2.java:552) [hadoop-common-3.3.1.jar:?]
	at org.apache.hadoop.ipc.RPC$Server.call(RPC.java:1093) [hadoop-common-3.3.1.jar:?]
	at org.apache.hadoop.ipc.Server$RpcCall.run(Server.java:1035) [hadoop-common-3.3.1.jar:?]
	at org.apache.hadoop.ipc.Server$RpcCall.run(Server.java:963) [hadoop-common-3.3.1.jar:?]
	at java.security.AccessController.doPrivileged(Native Method) ~[?:1.8.0_332]
	at javax.security.auth.Subject.doAs(Subject.java:422) [?:1.8.0_332]
	at org.apache.hadoop.security.UserGroupInformation.doAs(UserGroupInformation.java:1878) [hadoop-common-3.3.1.jar:?]
	at org.apache.hadoop.ipc.Server$Handler.run(Server.java:2966) [hadoop-common-3.3.1.jar:?]
23:46:32.336 [IPC Server handler 9 on default port 34097] ERROR OMAudit - user=runner | ip=127.0.0.1 | op=GET_FILE_STATUS {volume=volume05206, bucket=bucket45514, key=gdir1/dir1/child, dataSize=0, replicationConfig=null} | ret=FAILURE
org.apache.hadoop.ozone.om.exceptions.OMException: Unable to get file status: volume: volume05206 bucket: bucket45514 key: gdir1/dir1/child
	at org.apache.hadoop.ozone.om.KeyManagerImpl.getOzoneFileStatus(KeyManagerImpl.java:1311) ~[ozone-manager-1.3.0-SNAPSHOT.jar:?]
	at org.apache.hadoop.ozone.om.KeyManagerImpl.getFileStatus(KeyManagerImpl.java:1241) ~[ozone-manager-1.3.0-SNAPSHOT.jar:?]
	at org.apache.hadoop.ozone.om.OzoneManager.getFileStatus(OzoneManager.java:3419) ~[ozone-manager-1.3.0-SNAPSHOT.jar:?]
	at org.apache.hadoop.ozone.protocolPB.OzoneManagerRequestHandler.getOzoneFileStatus(OzoneManagerRequestHandler.java:871) ~[ozone-manager-1.3.0-SNAPSHOT.jar:?]
	at org.apache.hadoop.ozone.protocolPB.OzoneManagerRequestHandler.handleReadRequest(OzoneManagerRequestHandler.java:217) ~[ozone-manager-1.3.0-SNAPSHOT.jar:?]
	at org.apache.hadoop.ozone.protocolPB.OzoneManagerProtocolServerSideTranslatorPB.submitRequestDirectlyToOM(OzoneManagerProtocolServerSideTranslatorPB.java:276) ~[ozone-manager-1.3.0-SNAPSHOT.jar:?]
	at org.apache.hadoop.ozone.protocolPB.OzoneManagerProtocolServerSideTranslatorPB.processRequest(OzoneManagerProtocolServerSideTranslatorPB.java:205) ~[ozone-manager-1.3.0-SNAPSHOT.jar:?]
	at org.apache.hadoop.hdds.server.OzoneProtocolMessageDispatcher.processRequest(OzoneProtocolMessageDispatcher.java:87) [hdds-server-framework-1.3.0-SNAPSHOT.jar:?]
	at org.apache.hadoop.ozone.protocolPB.OzoneManagerProtocolServerSideTranslatorPB.submitRequest(OzoneManagerProtocolServerSideTranslatorPB.java:147) [ozone-manager-1.3.0-SNAPSHOT.jar:?]
	at org.apache.hadoop.ozone.protocol.proto.OzoneManagerProtocolProtos$OzoneManagerService$2.callBlockingMethod(OzoneManagerProtocolProtos.java) [ozone-interface-client-1.3.0-SNAPSHOT.jar:?]
	at org.apache.hadoop.ipc.ProtobufRpcEngine$Server.processCall(ProtobufRpcEngine.java:466) [hadoop-common-3.3.1.jar:?]
	at org.apache.hadoop.ipc.ProtobufRpcEngine2$Server$ProtoBufRpcInvoker.call(ProtobufRpcEngine2.java:574) [hadoop-common-3.3.1.jar:?]
	at org.apache.hadoop.ipc.ProtobufRpcEngine2$Server$ProtoBufRpcInvoker.call(ProtobufRpcEngine2.java:552) [hadoop-common-3.3.1.jar:?]
	at org.apache.hadoop.ipc.RPC$Server.call(RPC.java:1093) [hadoop-common-3.3.1.jar:?]
	at org.apache.hadoop.ipc.Server$RpcCall.run(Server.java:1035) [hadoop-common-3.3.1.jar:?]
	at org.apache.hadoop.ipc.Server$RpcCall.run(Server.java:963) [hadoop-common-3.3.1.jar:?]
	at java.security.AccessController.doPrivileged(Native Method) ~[?:1.8.0_332]
	at javax.security.auth.Subject.doAs(Subject.java:422) [?:1.8.0_332]
	at org.apache.hadoop.security.UserGroupInformation.doAs(UserGroupInformation.java:1878) [hadoop-common-3.3.1.jar:?]
	at org.apache.hadoop.ipc.Server$Handler.run(Server.java:2966) [hadoop-common-3.3.1.jar:?]
23:46:32.337 [IPC Server handler 8 on default port 34097] ERROR OMAudit - user=runner | ip=127.0.0.1 | op=GET_FILE_STATUS {volume=volume05206, bucket=bucket45514, key=gdir1/dir2, dataSize=0, replicationConfig=null} | ret=FAILURE
org.apache.hadoop.ozone.om.exceptions.OMException: Unable to get file status: volume: volume05206 bucket: bucket45514 key: gdir1/dir2
	at org.apache.hadoop.ozone.om.KeyManagerImpl.getOzoneFileStatus(KeyManagerImpl.java:1311) ~[ozone-manager-1.3.0-SNAPSHOT.jar:?]
	at org.apache.hadoop.ozone.om.KeyManagerImpl.getFileStatus(KeyManagerImpl.java:1241) ~[ozone-manager-1.3.0-SNAPSHOT.jar:?]
	at org.apache.hadoop.ozone.om.OzoneManager.getFileStatus(OzoneManager.java:3419) ~[ozone-manager-1.3.0-SNAPSHOT.jar:?]
	at org.apache.hadoop.ozone.protocolPB.OzoneManagerRequestHandler.getOzoneFileStatus(OzoneManagerRequestHandler.java:871) ~[ozone-manager-1.3.0-SNAPSHOT.jar:?]
	at org.apache.hadoop.ozone.protocolPB.OzoneManagerRequestHandler.handleReadRequest(OzoneManagerRequestHandler.java:217) ~[ozone-manager-1.3.0-SNAPSHOT.jar:?]
	at org.apache.hadoop.ozone.protocolPB.OzoneManagerProtocolServerSideTranslatorPB.submitRequestDirectlyToOM(OzoneManagerProtocolServerSideTranslatorPB.java:276) ~[ozone-manager-1.3.0-SNAPSHOT.jar:?]
	at org.apache.hadoop.ozone.protocolPB.OzoneManagerProtocolServerSideTranslatorPB.processRequest(OzoneManagerProtocolServerSideTranslatorPB.java:205) ~[ozone-manager-1.3.0-SNAPSHOT.jar:?]
	at org.apache.hadoop.hdds.server.OzoneProtocolMessageDispatcher.processRequest(OzoneProtocolMessageDispatcher.java:87) [hdds-server-framework-1.3.0-SNAPSHOT.jar:?]
	at org.apache.hadoop.ozone.protocolPB.OzoneManagerProtocolServerSideTranslatorPB.submitRequest(OzoneManagerProtocolServerSideTranslatorPB.java:147) [ozone-manager-1.3.0-SNAPSHOT.jar:?]
	at org.apache.hadoop.ozone.protocol.proto.OzoneManagerProtocolProtos$OzoneManagerService$2.callBlockingMethod(OzoneManagerProtocolProtos.java) [ozone-interface-client-1.3.0-SNAPSHOT.jar:?]
	at org.apache.hadoop.ipc.ProtobufRpcEngine$Server.processCall(ProtobufRpcEngine.java:466) [hadoop-common-3.3.1.jar:?]
	at org.apache.hadoop.ipc.ProtobufRpcEngine2$Server$ProtoBufRpcInvoker.call(ProtobufRpcEngine2.java:574) [hadoop-common-3.3.1.jar:?]
	at org.apache.hadoop.ipc.ProtobufRpcEngine2$Server$ProtoBufRpcInvoker.call(ProtobufRpcEngine2.java:552) [hadoop-common-3.3.1.jar:?]
	at org.apache.hadoop.ipc.RPC$Server.call(RPC.java:1093) [hadoop-common-3.3.1.jar:?]
	at org.apache.hadoop.ipc.Server$RpcCall.run(Server.java:1035) [hadoop-common-3.3.1.jar:?]
	at org.apache.hadoop.ipc.Server$RpcCall.run(Server.java:963) [hadoop-common-3.3.1.jar:?]
	at java.security.AccessController.doPrivileged(Native Method) ~[?:1.8.0_332]
	at javax.security.auth.Subject.doAs(Subject.java:422) [?:1.8.0_332]
	at org.apache.hadoop.security.UserGroupInformation.doAs(UserGroupInformation.java:1878) [hadoop-common-3.3.1.jar:?]
	at org.apache.hadoop.ipc.Server$Handler.run(Server.java:2966) [hadoop-common-3.3.1.jar:?]
23:46:32.338 [IPC Server handler 7 on default port 34097] ERROR OMAudit - user=runner | ip=127.0.0.1 | op=GET_FILE_STATUS {volume=volume05206, bucket=bucket45514, key=gdir1/dir2/child, dataSize=0, replicationConfig=null} | ret=FAILURE
org.apache.hadoop.ozone.om.exceptions.OMException: Unable to get file status: volume: volume05206 bucket: bucket45514 key: gdir1/dir2/child
	at org.apache.hadoop.ozone.om.KeyManagerImpl.getOzoneFileStatus(KeyManagerImpl.java:1311) ~[ozone-manager-1.3.0-SNAPSHOT.jar:?]
	at org.apache.hadoop.ozone.om.KeyManagerImpl.getFileStatus(KeyManagerImpl.java:1241) ~[ozone-manager-1.3.0-SNAPSHOT.jar:?]
	at org.apache.hadoop.ozone.om.OzoneManager.getFileStatus(OzoneManager.java:3419) ~[ozone-manager-1.3.0-SNAPSHOT.jar:?]
	at org.apache.hadoop.ozone.protocolPB.OzoneManagerRequestHandler.getOzoneFileStatus(OzoneManagerRequestHandler.java:871) ~[ozone-manager-1.3.0-SNAPSHOT.jar:?]
	at org.apache.hadoop.ozone.protocolPB.OzoneManagerRequestHandler.handleReadRequest(OzoneManagerRequestHandler.java:217) ~[ozone-manager-1.3.0-SNAPSHOT.jar:?]
	at org.apache.hadoop.ozone.protocolPB.OzoneManagerProtocolServerSideTranslatorPB.submitRequestDirectlyToOM(OzoneManagerProtocolServerSideTranslatorPB.java:276) ~[ozone-manager-1.3.0-SNAPSHOT.jar:?]
	at org.apache.hadoop.ozone.protocolPB.OzoneManagerProtocolServerSideTranslatorPB.processRequest(OzoneManagerProtocolServerSideTranslatorPB.java:205) ~[ozone-manager-1.3.0-SNAPSHOT.jar:?]
	at org.apache.hadoop.hdds.server.OzoneProtocolMessageDispatcher.processRequest(OzoneProtocolMessageDispatcher.java:87) [hdds-server-framework-1.3.0-SNAPSHOT.jar:?]
	at org.apache.hadoop.ozone.protocolPB.OzoneManagerProtocolServerSideTranslatorPB.submitRequest(OzoneManagerProtocolServerSideTranslatorPB.java:147) [ozone-manager-1.3.0-SNAPSHOT.jar:?]
	at org.apache.hadoop.ozone.protocol.proto.OzoneManagerProtocolProtos$OzoneManagerService$2.callBlockingMethod(OzoneManagerProtocolProtos.java) [ozone-interface-client-1.3.0-SNAPSHOT.jar:?]
	at org.apache.hadoop.ipc.ProtobufRpcEngine$Server.processCall(ProtobufRpcEngine.java:466) [hadoop-common-3.3.1.jar:?]
	at org.apache.hadoop.ipc.ProtobufRpcEngine2$Server$ProtoBufRpcInvoker.call(ProtobufRpcEngine2.java:574) [hadoop-common-3.3.1.jar:?]
	at org.apache.hadoop.ipc.ProtobufRpcEngine2$Server$ProtoBufRpcInvoker.call(ProtobufRpcEngine2.java:552) [hadoop-common-3.3.1.jar:?]
	at org.apache.hadoop.ipc.RPC$Server.call(RPC.java:1093) [hadoop-common-3.3.1.jar:?]
	at org.apache.hadoop.ipc.Server$RpcCall.run(Server.java:1035) [hadoop-common-3.3.1.jar:?]
	at org.apache.hadoop.ipc.Server$RpcCall.run(Server.java:963) [hadoop-common-3.3.1.jar:?]
	at java.security.AccessController.doPrivileged(Native Method) ~[?:1.8.0_332]
	at javax.security.auth.Subject.doAs(Subject.java:422) [?:1.8.0_332]
	at org.apache.hadoop.security.UserGroupInformation.doAs(UserGroupInformation.java:1878) [hadoop-common-3.3.1.jar:?]
	at org.apache.hadoop.ipc.Server$Handler.run(Server.java:2966) [hadoop-common-3.3.1.jar:?]
23:46:32.342 [IPC Server handler 15 on default port 34097] ERROR OMAudit - user=runner | ip=127.0.0.1 | op=GET_FILE_STATUS {volume=volume05206, bucket=bucket45514, key=gdir1/dir3, dataSize=0, replicationConfig=null} | ret=FAILURE
org.apache.hadoop.ozone.om.exceptions.OMException: Unable to get file status: volume: volume05206 bucket: bucket45514 key: gdir1/dir3
	at org.apache.hadoop.ozone.om.KeyManagerImpl.getOzoneFileStatus(KeyManagerImpl.java:1311) ~[ozone-manager-1.3.0-SNAPSHOT.jar:?]
	at org.apache.hadoop.ozone.om.KeyManagerImpl.getFileStatus(KeyManagerImpl.java:1241) ~[ozone-manager-1.3.0-SNAPSHOT.jar:?]
	at org.apache.hadoop.ozone.om.OzoneManager.getFileStatus(OzoneManager.java:3419) ~[ozone-manager-1.3.0-SNAPSHOT.jar:?]
	at org.apache.hadoop.ozone.protocolPB.OzoneManagerRequestHandler.getOzoneFileStatus(OzoneManagerRequestHandler.java:871) ~[ozone-manager-1.3.0-SNAPSHOT.jar:?]
	at org.apache.hadoop.ozone.protocolPB.OzoneManagerRequestHandler.handleReadRequest(OzoneManagerRequestHandler.java:217) ~[ozone-manager-1.3.0-SNAPSHOT.jar:?]
	at org.apache.hadoop.ozone.protocolPB.OzoneManagerProtocolServerSideTranslatorPB.submitRequestDirectlyToOM(OzoneManagerProtocolServerSideTranslatorPB.java:276) ~[ozone-manager-1.3.0-SNAPSHOT.jar:?]
	at org.apache.hadoop.ozone.protocolPB.OzoneManagerProtocolServerSideTranslatorPB.processRequest(OzoneManagerProtocolServerSideTranslatorPB.java:205) ~[ozone-manager-1.3.0-SNAPSHOT.jar:?]
	at org.apache.hadoop.hdds.server.OzoneProtocolMessageDispatcher.processRequest(OzoneProtocolMessageDispatcher.java:87) [hdds-server-framework-1.3.0-SNAPSHOT.jar:?]
	at org.apache.hadoop.ozone.protocolPB.OzoneManagerProtocolServerSideTranslatorPB.submitRequest(OzoneManagerProtocolServerSideTranslatorPB.java:147) [ozone-manager-1.3.0-SNAPSHOT.jar:?]
	at org.apache.hadoop.ozone.protocol.proto.OzoneManagerProtocolProtos$OzoneManagerService$2.callBlockingMethod(OzoneManagerProtocolProtos.java) [ozone-interface-client-1.3.0-SNAPSHOT.jar:?]
	at org.apache.hadoop.ipc.ProtobufRpcEngine$Server.processCall(ProtobufRpcEngine.java:466) [hadoop-common-3.3.1.jar:?]
	at org.apache.hadoop.ipc.ProtobufRpcEngine2$Server$ProtoBufRpcInvoker.call(ProtobufRpcEngine2.java:574) [hadoop-common-3.3.1.jar:?]
	at org.apache.hadoop.ipc.ProtobufRpcEngine2$Server$ProtoBufRpcInvoker.call(ProtobufRpcEngine2.java:552) [hadoop-common-3.3.1.jar:?]
	at org.apache.hadoop.ipc.RPC$Server.call(RPC.java:1093) [hadoop-common-3.3.1.jar:?]
	at org.apache.hadoop.ipc.Server$RpcCall.run(Server.java:1035) [hadoop-common-3.3.1.jar:?]
	at org.apache.hadoop.ipc.Server$RpcCall.run(Server.java:963) [hadoop-common-3.3.1.jar:?]
	at java.security.AccessController.doPrivileged(Native Method) ~[?:1.8.0_332]
	at javax.security.auth.Subject.doAs(Subject.java:422) [?:1.8.0_332]
	at org.apache.hadoop.security.UserGroupInformation.doAs(UserGroupInformation.java:1878) [hadoop-common-3.3.1.jar:?]
	at org.apache.hadoop.ipc.Server$Handler.run(Server.java:2966) [hadoop-common-3.3.1.jar:?]
23:46:32.343 [IPC Server handler 14 on default port 34097] ERROR OMAudit - user=runner | ip=127.0.0.1 | op=GET_FILE_STATUS {volume=volume05206, bucket=bucket45514, key=gdir1/dir3/child, dataSize=0, replicationConfig=null} | ret=FAILURE
org.apache.hadoop.ozone.om.exceptions.OMException: Unable to get file status: volume: volume05206 bucket: bucket45514 key: gdir1/dir3/child
	at org.apache.hadoop.ozone.om.KeyManagerImpl.getOzoneFileStatus(KeyManagerImpl.java:1311) ~[ozone-manager-1.3.0-SNAPSHOT.jar:?]
	at org.apache.hadoop.ozone.om.KeyManagerImpl.getFileStatus(KeyManagerImpl.java:1241) ~[ozone-manager-1.3.0-SNAPSHOT.jar:?]
	at org.apache.hadoop.ozone.om.OzoneManager.getFileStatus(OzoneManager.java:3419) ~[ozone-manager-1.3.0-SNAPSHOT.jar:?]
	at org.apache.hadoop.ozone.protocolPB.OzoneManagerRequestHandler.getOzoneFileStatus(OzoneManagerRequestHandler.java:871) ~[ozone-manager-1.3.0-SNAPSHOT.jar:?]
	at org.apache.hadoop.ozone.protocolPB.OzoneManagerRequestHandler.handleReadRequest(OzoneManagerRequestHandler.java:217) ~[ozone-manager-1.3.0-SNAPSHOT.jar:?]
	at org.apache.hadoop.ozone.protocolPB.OzoneManagerProtocolServerSideTranslatorPB.submitRequestDirectlyToOM(OzoneManagerProtocolServerSideTranslatorPB.java:276) ~[ozone-manager-1.3.0-SNAPSHOT.jar:?]
	at org.apache.hadoop.ozone.protocolPB.OzoneManagerProtocolServerSideTranslatorPB.processRequest(OzoneManagerProtocolServerSideTranslatorPB.java:205) ~[ozone-manager-1.3.0-SNAPSHOT.jar:?]
	at org.apache.hadoop.hdds.server.OzoneProtocolMessageDispatcher.processRequest(OzoneProtocolMessageDispatcher.java:87) [hdds-server-framework-1.3.0-SNAPSHOT.jar:?]
	at org.apache.hadoop.ozone.protocolPB.OzoneManagerProtocolServerSideTranslatorPB.submitRequest(OzoneManagerProtocolServerSideTranslatorPB.java:147) [ozone-manager-1.3.0-SNAPSHOT.jar:?]
	at org.apache.hadoop.ozone.protocol.proto.OzoneManagerProtocolProtos$OzoneManagerService$2.callBlockingMethod(OzoneManagerProtocolProtos.java) [ozone-interface-client-1.3.0-SNAPSHOT.jar:?]
	at org.apache.hadoop.ipc.ProtobufRpcEngine$Server.processCall(ProtobufRpcEngine.java:466) [hadoop-common-3.3.1.jar:?]
	at org.apache.hadoop.ipc.ProtobufRpcEngine2$Server$ProtoBufRpcInvoker.call(ProtobufRpcEngine2.java:574) [hadoop-common-3.3.1.jar:?]
	at org.apache.hadoop.ipc.ProtobufRpcEngine2$Server$ProtoBufRpcInvoker.call(ProtobufRpcEngine2.java:552) [hadoop-common-3.3.1.jar:?]
	at org.apache.hadoop.ipc.RPC$Server.call(RPC.java:1093) [hadoop-common-3.3.1.jar:?]
	at org.apache.hadoop.ipc.Server$RpcCall.run(Server.java:1035) [hadoop-common-3.3.1.jar:?]
	at org.apache.hadoop.ipc.Server$RpcCall.run(Server.java:963) [hadoop-common-3.3.1.jar:?]
	at java.security.AccessController.doPrivileged(Native Method) ~[?:1.8.0_332]
	at javax.security.auth.Subject.doAs(Subject.java:422) [?:1.8.0_332]
	at org.apache.hadoop.security.UserGroupInformation.doAs(UserGroupInformation.java:1878) [hadoop-common-3.3.1.jar:?]
	at org.apache.hadoop.ipc.Server$Handler.run(Server.java:2966) [hadoop-common-3.3.1.jar:?]
23:46:32.344 [IPC Server handler 16 on default port 34097] ERROR OMAudit - user=runner | ip=127.0.0.1 | op=GET_FILE_STATUS {volume=volume05206, bucket=bucket45514, key=gdir1/dir4, dataSize=0, replicationConfig=null} | ret=FAILURE
org.apache.hadoop.ozone.om.exceptions.OMException: Unable to get file status: volume: volume05206 bucket: bucket45514 key: gdir1/dir4
	at org.apache.hadoop.ozone.om.KeyManagerImpl.getOzoneFileStatus(KeyManagerImpl.java:1311) ~[ozone-manager-1.3.0-SNAPSHOT.jar:?]
	at org.apache.hadoop.ozone.om.KeyManagerImpl.getFileStatus(KeyManagerImpl.java:1241) ~[ozone-manager-1.3.0-SNAPSHOT.jar:?]
	at org.apache.hadoop.ozone.om.OzoneManager.getFileStatus(OzoneManager.java:3419) ~[ozone-manager-1.3.0-SNAPSHOT.jar:?]
	at org.apache.hadoop.ozone.protocolPB.OzoneManagerRequestHandler.getOzoneFileStatus(OzoneManagerRequestHandler.java:871) ~[ozone-manager-1.3.0-SNAPSHOT.jar:?]
	at org.apache.hadoop.ozone.protocolPB.OzoneManagerRequestHandler.handleReadRequest(OzoneManagerRequestHandler.java:217) ~[ozone-manager-1.3.0-SNAPSHOT.jar:?]
	at org.apache.hadoop.ozone.protocolPB.OzoneManagerProtocolServerSideTranslatorPB.submitRequestDirectlyToOM(OzoneManagerProtocolServerSideTranslatorPB.java:276) ~[ozone-manager-1.3.0-SNAPSHOT.jar:?]
	at org.apache.hadoop.ozone.protocolPB.OzoneManagerProtocolServerSideTranslatorPB.processRequest(OzoneManagerProtocolServerSideTranslatorPB.java:205) ~[ozone-manager-1.3.0-SNAPSHOT.jar:?]
	at org.apache.hadoop.hdds.server.OzoneProtocolMessageDispatcher.processRequest(OzoneProtocolMessageDispatcher.java:87) [hdds-server-framework-1.3.0-SNAPSHOT.jar:?]
	at org.apache.hadoop.ozone.protocolPB.OzoneManagerProtocolServerSideTranslatorPB.submitRequest(OzoneManagerProtocolServerSideTranslatorPB.java:147) [ozone-manager-1.3.0-SNAPSHOT.jar:?]
	at org.apache.hadoop.ozone.protocol.proto.OzoneManagerProtocolProtos$OzoneManagerService$2.callBlockingMethod(OzoneManagerProtocolProtos.java) [ozone-interface-client-1.3.0-SNAPSHOT.jar:?]
	at org.apache.hadoop.ipc.ProtobufRpcEngine$Server.processCall(ProtobufRpcEngine.java:466) [hadoop-common-3.3.1.jar:?]
	at org.apache.hadoop.ipc.ProtobufRpcEngine2$Server$ProtoBufRpcInvoker.call(ProtobufRpcEngine2.java:574) [hadoop-common-3.3.1.jar:?]
	at org.apache.hadoop.ipc.ProtobufRpcEngine2$Server$ProtoBufRpcInvoker.call(ProtobufRpcEngine2.java:552) [hadoop-common-3.3.1.jar:?]
	at org.apache.hadoop.ipc.RPC$Server.call(RPC.java:1093) [hadoop-common-3.3.1.jar:?]
	at org.apache.hadoop.ipc.Server$RpcCall.run(Server.java:1035) [hadoop-common-3.3.1.jar:?]
	at org.apache.hadoop.ipc.Server$RpcCall.run(Server.java:963) [hadoop-common-3.3.1.jar:?]
	at java.security.AccessController.doPrivileged(Native Method) ~[?:1.8.0_332]
	at javax.security.auth.Subject.doAs(Subject.java:422) [?:1.8.0_332]
	at org.apache.hadoop.security.UserGroupInformation.doAs(UserGroupInformation.java:1878) [hadoop-common-3.3.1.jar:?]
	at org.apache.hadoop.ipc.Server$Handler.run(Server.java:2966) [hadoop-common-3.3.1.jar:?]
23:46:32.344 [IPC Server handler 17 on default port 34097] ERROR OMAudit - user=runner | ip=127.0.0.1 | op=GET_FILE_STATUS {volume=volume05206, bucket=bucket45514, key=gdir1/dir4/child, dataSize=0, replicationConfig=null} | ret=FAILURE
org.apache.hadoop.ozone.om.exceptions.OMException: Unable to get file status: volume: volume05206 bucket: bucket45514 key: gdir1/dir4/child
	at org.apache.hadoop.ozone.om.KeyManagerImpl.getOzoneFileStatus(KeyManagerImpl.java:1311) ~[ozone-manager-1.3.0-SNAPSHOT.jar:?]
	at org.apache.hadoop.ozone.om.KeyManagerImpl.getFileStatus(KeyManagerImpl.java:1241) ~[ozone-manager-1.3.0-SNAPSHOT.jar:?]
	at org.apache.hadoop.ozone.om.OzoneManager.getFileStatus(OzoneManager.java:3419) ~[ozone-manager-1.3.0-SNAPSHOT.jar:?]
	at org.apache.hadoop.ozone.protocolPB.OzoneManagerRequestHandler.getOzoneFileStatus(OzoneManagerRequestHandler.java:871) ~[ozone-manager-1.3.0-SNAPSHOT.jar:?]
	at org.apache.hadoop.ozone.protocolPB.OzoneManagerRequestHandler.handleReadRequest(OzoneManagerRequestHandler.java:217) ~[ozone-manager-1.3.0-SNAPSHOT.jar:?]
	at org.apache.hadoop.ozone.protocolPB.OzoneManagerProtocolServerSideTranslatorPB.submitRequestDirectlyToOM(OzoneManagerProtocolServerSideTranslatorPB.java:276) ~[ozone-manager-1.3.0-SNAPSHOT.jar:?]
	at org.apache.hadoop.ozone.protocolPB.OzoneManagerProtocolServerSideTranslatorPB.processRequest(OzoneManagerProtocolServerSideTranslatorPB.java:205) ~[ozone-manager-1.3.0-SNAPSHOT.jar:?]
	at org.apache.hadoop.hdds.server.OzoneProtocolMessageDispatcher.processRequest(OzoneProtocolMessageDispatcher.java:87) [hdds-server-framework-1.3.0-SNAPSHOT.jar:?]
	at org.apache.hadoop.ozone.protocolPB.OzoneManagerProtocolServerSideTranslatorPB.submitRequest(OzoneManagerProtocolServerSideTranslatorPB.java:147) [ozone-manager-1.3.0-SNAPSHOT.jar:?]
	at org.apache.hadoop.ozone.protocol.proto.OzoneManagerProtocolProtos$OzoneManagerService$2.callBlockingMethod(OzoneManagerProtocolProtos.java) [ozone-interface-client-1.3.0-SNAPSHOT.jar:?]
	at org.apache.hadoop.ipc.ProtobufRpcEngine$Server.processCall(ProtobufRpcEngine.java:466) [hadoop-common-3.3.1.jar:?]
	at org.apache.hadoop.ipc.ProtobufRpcEngine2$Server$ProtoBufRpcInvoker.call(ProtobufRpcEngine2.java:574) [hadoop-common-3.3.1.jar:?]
	at org.apache.hadoop.ipc.ProtobufRpcEngine2$Server$ProtoBufRpcInvoker.call(ProtobufRpcEngine2.java:552) [hadoop-common-3.3.1.jar:?]
	at org.apache.hadoop.ipc.RPC$Server.call(RPC.java:1093) [hadoop-common-3.3.1.jar:?]
	at org.apache.hadoop.ipc.Server$RpcCall.run(Server.java:1035) [hadoop-common-3.3.1.jar:?]
	at org.apache.hadoop.ipc.Server$RpcCall.run(Server.java:963) [hadoop-common-3.3.1.jar:?]
	at java.security.AccessController.doPrivileged(Native Method) ~[?:1.8.0_332]
	at javax.security.auth.Subject.doAs(Subject.java:422) [?:1.8.0_332]
	at org.apache.hadoop.security.UserGroupInformation.doAs(UserGroupInformation.java:1878) [hadoop-common-3.3.1.jar:?]
	at org.apache.hadoop.ipc.Server$Handler.run(Server.java:2966) [hadoop-common-3.3.1.jar:?]
23:46:32.345 [IPC Server handler 18 on default port 34097] ERROR OMAudit - user=runner | ip=127.0.0.1 | op=GET_FILE_STATUS {volume=volume05206, bucket=bucket45514, key=gdir1/dir5, dataSize=0, replicationConfig=null} | ret=FAILURE
org.apache.hadoop.ozone.om.exceptions.OMException: Unable to get file status: volume: volume05206 bucket: bucket45514 key: gdir1/dir5
	at org.apache.hadoop.ozone.om.KeyManagerImpl.getOzoneFileStatus(KeyManagerImpl.java:1311) ~[ozone-manager-1.3.0-SNAPSHOT.jar:?]
	at org.apache.hadoop.ozone.om.KeyManagerImpl.getFileStatus(KeyManagerImpl.java:1241) ~[ozone-manager-1.3.0-SNAPSHOT.jar:?]
	at org.apache.hadoop.ozone.om.OzoneManager.getFileStatus(OzoneManager.java:3419) ~[ozone-manager-1.3.0-SNAPSHOT.jar:?]
	at org.apache.hadoop.ozone.protocolPB.OzoneManagerRequestHandler.getOzoneFileStatus(OzoneManagerRequestHandler.java:871) ~[ozone-manager-1.3.0-SNAPSHOT.jar:?]
	at org.apache.hadoop.ozone.protocolPB.OzoneManagerRequestHandler.handleReadRequest(OzoneManagerRequestHandler.java:217) ~[ozone-manager-1.3.0-SNAPSHOT.jar:?]
	at org.apache.hadoop.ozone.protocolPB.OzoneManagerProtocolServerSideTranslatorPB.submitRequestDirectlyToOM(OzoneManagerProtocolServerSideTranslatorPB.java:276) ~[ozone-manager-1.3.0-SNAPSHOT.jar:?]
	at org.apache.hadoop.ozone.protocolPB.OzoneManagerProtocolServerSideTranslatorPB.processRequest(OzoneManagerProtocolServerSideTranslatorPB.java:205) ~[ozone-manager-1.3.0-SNAPSHOT.jar:?]
	at org.apache.hadoop.hdds.server.OzoneProtocolMessageDispatcher.processRequest(OzoneProtocolMessageDispatcher.java:87) [hdds-server-framework-1.3.0-SNAPSHOT.jar:?]
	at org.apache.hadoop.ozone.protocolPB.OzoneManagerProtocolServerSideTranslatorPB.submitRequest(OzoneManagerProtocolServerSideTranslatorPB.java:147) [ozone-manager-1.3.0-SNAPSHOT.jar:?]
	at org.apache.hadoop.ozone.protocol.proto.OzoneManagerProtocolProtos$OzoneManagerService$2.callBlockingMethod(OzoneManagerProtocolProtos.java) [ozone-interface-client-1.3.0-SNAPSHOT.jar:?]
	at org.apache.hadoop.ipc.ProtobufRpcEngine$Server.processCall(ProtobufRpcEngine.java:466) [hadoop-common-3.3.1.jar:?]
	at org.apache.hadoop.ipc.ProtobufRpcEngine2$Server$ProtoBufRpcInvoker.call(ProtobufRpcEngine2.java:574) [hadoop-common-3.3.1.jar:?]
	at org.apache.hadoop.ipc.ProtobufRpcEngine2$Server$ProtoBufRpcInvoker.call(ProtobufRpcEngine2.java:552) [hadoop-common-3.3.1.jar:?]
	at org.apache.hadoop.ipc.RPC$Server.call(RPC.java:1093) [hadoop-common-3.3.1.jar:?]
	at org.apache.hadoop.ipc.Server$RpcCall.run(Server.java:1035) [hadoop-common-3.3.1.jar:?]
	at org.apache.hadoop.ipc.Server$RpcCall.run(Server.java:963) [hadoop-common-3.3.1.jar:?]
	at java.security.AccessController.doPrivileged(Native Method) ~[?:1.8.0_332]
	at javax.security.auth.Subject.doAs(Subject.java:422) [?:1.8.0_332]
	at org.apache.hadoop.security.UserGroupInformation.doAs(UserGroupInformation.java:1878) [hadoop-common-3.3.1.jar:?]
	at org.apache.hadoop.ipc.Server$Handler.run(Server.java:2966) [hadoop-common-3.3.1.jar:?]
23:46:32.346 [IPC Server handler 19 on default port 34097] ERROR OMAudit - user=runner | ip=127.0.0.1 | op=GET_FILE_STATUS {volume=volume05206, bucket=bucket45514, key=gdir1/dir5/child, dataSize=0, replicationConfig=null} | ret=FAILURE
org.apache.hadoop.ozone.om.exceptions.OMException: Unable to get file status: volume: volume05206 bucket: bucket45514 key: gdir1/dir5/child
	at org.apache.hadoop.ozone.om.KeyManagerImpl.getOzoneFileStatus(KeyManagerImpl.java:1311) ~[ozone-manager-1.3.0-SNAPSHOT.jar:?]
	at org.apache.hadoop.ozone.om.KeyManagerImpl.getFileStatus(KeyManagerImpl.java:1241) ~[ozone-manager-1.3.0-SNAPSHOT.jar:?]
	at org.apache.hadoop.ozone.om.OzoneManager.getFileStatus(OzoneManager.java:3419) ~[ozone-manager-1.3.0-SNAPSHOT.jar:?]
	at org.apache.hadoop.ozone.protocolPB.OzoneManagerRequestHandler.getOzoneFileStatus(OzoneManagerRequestHandler.java:871) ~[ozone-manager-1.3.0-SNAPSHOT.jar:?]
	at org.apache.hadoop.ozone.protocolPB.OzoneManagerRequestHandler.handleReadRequest(OzoneManagerRequestHandler.java:217) ~[ozone-manager-1.3.0-SNAPSHOT.jar:?]
	at org.apache.hadoop.ozone.protocolPB.OzoneManagerProtocolServerSideTranslatorPB.submitRequestDirectlyToOM(OzoneManagerProtocolServerSideTranslatorPB.java:276) ~[ozone-manager-1.3.0-SNAPSHOT.jar:?]
	at org.apache.hadoop.ozone.protocolPB.OzoneManagerProtocolServerSideTranslatorPB.processRequest(OzoneManagerProtocolServerSideTranslatorPB.java:205) ~[ozone-manager-1.3.0-SNAPSHOT.jar:?]
	at org.apache.hadoop.hdds.server.OzoneProtocolMessageDispatcher.processRequest(OzoneProtocolMessageDispatcher.java:87) [hdds-server-framework-1.3.0-SNAPSHOT.jar:?]
	at org.apache.hadoop.ozone.protocolPB.OzoneManagerProtocolServerSideTranslatorPB.submitRequest(OzoneManagerProtocolServerSideTranslatorPB.java:147) [ozone-manager-1.3.0-SNAPSHOT.jar:?]
	at org.apache.hadoop.ozone.protocol.proto.OzoneManagerProtocolProtos$OzoneManagerService$2.callBlockingMethod(OzoneManagerProtocolProtos.java) [ozone-interface-client-1.3.0-SNAPSHOT.jar:?]
	at org.apache.hadoop.ipc.ProtobufRpcEngine$Server.processCall(ProtobufRpcEngine.java:466) [hadoop-common-3.3.1.jar:?]
	at org.apache.hadoop.ipc.ProtobufRpcEngine2$Server$ProtoBufRpcInvoker.call(ProtobufRpcEngine2.java:574) [hadoop-common-3.3.1.jar:?]
	at org.apache.hadoop.ipc.ProtobufRpcEngine2$Server$ProtoBufRpcInvoker.call(ProtobufRpcEngine2.java:552) [hadoop-common-3.3.1.jar:?]
	at org.apache.hadoop.ipc.RPC$Server.call(RPC.java:1093) [hadoop-common-3.3.1.jar:?]
	at org.apache.hadoop.ipc.Server$RpcCall.run(Server.java:1035) [hadoop-common-3.3.1.jar:?]
	at org.apache.hadoop.ipc.Server$RpcCall.run(Server.java:963) [hadoop-common-3.3.1.jar:?]
	at java.security.AccessController.doPrivileged(Native Method) ~[?:1.8.0_332]
	at javax.security.auth.Subject.doAs(Subject.java:422) [?:1.8.0_332]
	at org.apache.hadoop.security.UserGroupInformation.doAs(UserGroupInformation.java:1878) [hadoop-common-3.3.1.jar:?]
	at org.apache.hadoop.ipc.Server$Handler.run(Server.java:2966) [hadoop-common-3.3.1.jar:?]
23:46:32.346 [IPC Server handler 1 on default port 34097] ERROR OMAudit - user=runner | ip=127.0.0.1 | op=GET_FILE_STATUS {volume=volume05206, bucket=bucket45514, key=gdir1/dir6, dataSize=0, replicationConfig=null} | ret=FAILURE
org.apache.hadoop.ozone.om.exceptions.OMException: Unable to get file status: volume: volume05206 bucket: bucket45514 key: gdir1/dir6
	at org.apache.hadoop.ozone.om.KeyManagerImpl.getOzoneFileStatus(KeyManagerImpl.java:1311) ~[ozone-manager-1.3.0-SNAPSHOT.jar:?]
	at org.apache.hadoop.ozone.om.KeyManagerImpl.getFileStatus(KeyManagerImpl.java:1241) ~[ozone-manager-1.3.0-SNAPSHOT.jar:?]
	at org.apache.hadoop.ozone.om.OzoneManager.getFileStatus(OzoneManager.java:3419) ~[ozone-manager-1.3.0-SNAPSHOT.jar:?]
	at org.apache.hadoop.ozone.protocolPB.OzoneManagerRequestHandler.getOzoneFileStatus(OzoneManagerRequestHandler.java:871) ~[ozone-manager-1.3.0-SNAPSHOT.jar:?]
	at org.apache.hadoop.ozone.protocolPB.OzoneManagerRequestHandler.handleReadRequest(OzoneManagerRequestHandler.java:217) ~[ozone-manager-1.3.0-SNAPSHOT.jar:?]
	at org.apache.hadoop.ozone.protocolPB.OzoneManagerProtocolServerSideTranslatorPB.submitRequestDirectlyToOM(OzoneManagerProtocolServerSideTranslatorPB.java:276) ~[ozone-manager-1.3.0-SNAPSHOT.jar:?]
	at org.apache.hadoop.ozone.protocolPB.OzoneManagerProtocolServerSideTranslatorPB.processRequest(OzoneManagerProtocolServerSideTranslatorPB.java:205) ~[ozone-manager-1.3.0-SNAPSHOT.jar:?]
	at org.apache.hadoop.hdds.server.OzoneProtocolMessageDispatcher.processRequest(OzoneProtocolMessageDispatcher.java:87) [hdds-server-framework-1.3.0-SNAPSHOT.jar:?]
	at org.apache.hadoop.ozone.protocolPB.OzoneManagerProtocolServerSideTranslatorPB.submitRequest(OzoneManagerProtocolServerSideTranslatorPB.java:147) [ozone-manager-1.3.0-SNAPSHOT.jar:?]
	at org.apache.hadoop.ozone.protocol.proto.OzoneManagerProtocolProtos$OzoneManagerService$2.callBlockingMethod(OzoneManagerProtocolProtos.java) [ozone-interface-client-1.3.0-SNAPSHOT.jar:?]
	at org.apache.hadoop.ipc.ProtobufRpcEngine$Server.processCall(ProtobufRpcEngine.java:466) [hadoop-common-3.3.1.jar:?]
	at org.apache.hadoop.ipc.ProtobufRpcEngine2$Server$ProtoBufRpcInvoker.call(ProtobufRpcEngine2.java:574) [hadoop-common-3.3.1.jar:?]
	at org.apache.hadoop.ipc.ProtobufRpcEngine2$Server$ProtoBufRpcInvoker.call(ProtobufRpcEngine2.java:552) [hadoop-common-3.3.1.jar:?]
	at org.apache.hadoop.ipc.RPC$Server.call(RPC.java:1093) [hadoop-common-3.3.1.jar:?]
	at org.apache.hadoop.ipc.Server$RpcCall.run(Server.java:1035) [hadoop-common-3.3.1.jar:?]
	at org.apache.hadoop.ipc.Server$RpcCall.run(Server.java:963) [hadoop-common-3.3.1.jar:?]
	at java.security.AccessController.doPrivileged(Native Method) ~[?:1.8.0_332]
	at javax.security.auth.Subject.doAs(Subject.java:422) [?:1.8.0_332]
	at org.apache.hadoop.security.UserGroupInformation.doAs(UserGroupInformation.java:1878) [hadoop-common-3.3.1.jar:?]
	at org.apache.hadoop.ipc.Server$Handler.run(Server.java:2966) [hadoop-common-3.3.1.jar:?]
23:46:32.347 [IPC Server handler 2 on default port 34097] ERROR OMAudit - user=runner | ip=127.0.0.1 | op=GET_FILE_STATUS {volume=volume05206, bucket=bucket45514, key=gdir1/dir6/child, dataSize=0, replicationConfig=null} | ret=FAILURE
org.apache.hadoop.ozone.om.exceptions.OMException: Unable to get file status: volume: volume05206 bucket: bucket45514 key: gdir1/dir6/child
	at org.apache.hadoop.ozone.om.KeyManagerImpl.getOzoneFileStatus(KeyManagerImpl.java:1311) ~[ozone-manager-1.3.0-SNAPSHOT.jar:?]
	at org.apache.hadoop.ozone.om.KeyManagerImpl.getFileStatus(KeyManagerImpl.java:1241) ~[ozone-manager-1.3.0-SNAPSHOT.jar:?]
	at org.apache.hadoop.ozone.om.OzoneManager.getFileStatus(OzoneManager.java:3419) ~[ozone-manager-1.3.0-SNAPSHOT.jar:?]
	at org.apache.hadoop.ozone.protocolPB.OzoneManagerRequestHandler.getOzoneFileStatus(OzoneManagerRequestHandler.java:871) ~[ozone-manager-1.3.0-SNAPSHOT.jar:?]
	at org.apache.hadoop.ozone.protocolPB.OzoneManagerRequestHandler.handleReadRequest(OzoneManagerRequestHandler.java:217) ~[ozone-manager-1.3.0-SNAPSHOT.jar:?]
	at org.apache.hadoop.ozone.protocolPB.OzoneManagerProtocolServerSideTranslatorPB.submitRequestDirectlyToOM(OzoneManagerProtocolServerSideTranslatorPB.java:276) ~[ozone-manager-1.3.0-SNAPSHOT.jar:?]
	at org.apache.hadoop.ozone.protocolPB.OzoneManagerProtocolServerSideTranslatorPB.processRequest(OzoneManagerProtocolServerSideTranslatorPB.java:205) ~[ozone-manager-1.3.0-SNAPSHOT.jar:?]
	at org.apache.hadoop.hdds.server.OzoneProtocolMessageDispatcher.processRequest(OzoneProtocolMessageDispatcher.java:87) [hdds-server-framework-1.3.0-SNAPSHOT.jar:?]
	at org.apache.hadoop.ozone.protocolPB.OzoneManagerProtocolServerSideTranslatorPB.submitRequest(OzoneManagerProtocolServerSideTranslatorPB.java:147) [ozone-manager-1.3.0-SNAPSHOT.jar:?]
	at org.apache.hadoop.ozone.protocol.proto.OzoneManagerProtocolProtos$OzoneManagerService$2.callBlockingMethod(OzoneManagerProtocolProtos.java) [ozone-interface-client-1.3.0-SNAPSHOT.jar:?]
	at org.apache.hadoop.ipc.ProtobufRpcEngine$Server.processCall(ProtobufRpcEngine.java:466) [hadoop-common-3.3.1.jar:?]
	at org.apache.hadoop.ipc.ProtobufRpcEngine2$Server$ProtoBufRpcInvoker.call(ProtobufRpcEngine2.java:574) [hadoop-common-3.3.1.jar:?]
	at org.apache.hadoop.ipc.ProtobufRpcEngine2$Server$ProtoBufRpcInvoker.call(ProtobufRpcEngine2.java:552) [hadoop-common-3.3.1.jar:?]
	at org.apache.hadoop.ipc.RPC$Server.call(RPC.java:1093) [hadoop-common-3.3.1.jar:?]
	at org.apache.hadoop.ipc.Server$RpcCall.run(Server.java:1035) [hadoop-common-3.3.1.jar:?]
	at org.apache.hadoop.ipc.Server$RpcCall.run(Server.java:963) [hadoop-common-3.3.1.jar:?]
	at java.security.AccessController.doPrivileged(Native Method) ~[?:1.8.0_332]
	at javax.security.auth.Subject.doAs(Subject.java:422) [?:1.8.0_332]
	at org.apache.hadoop.security.UserGroupInformation.doAs(UserGroupInformation.java:1878) [hadoop-common-3.3.1.jar:?]
	at org.apache.hadoop.ipc.Server$Handler.run(Server.java:2966) [hadoop-common-3.3.1.jar:?]
23:46:32.348 [IPC Server handler 0 on default port 34097] ERROR OMAudit - user=runner | ip=127.0.0.1 | op=GET_FILE_STATUS {volume=volume05206, bucket=bucket45514, key=gdir1/dir7, dataSize=0, replicationConfig=null} | ret=FAILURE
org.apache.hadoop.ozone.om.exceptions.OMException: Unable to get file status: volume: volume05206 bucket: bucket45514 key: gdir1/dir7
	at org.apache.hadoop.ozone.om.KeyManagerImpl.getOzoneFileStatus(KeyManagerImpl.java:1311) ~[ozone-manager-1.3.0-SNAPSHOT.jar:?]
	at org.apache.hadoop.ozone.om.KeyManagerImpl.getFileStatus(KeyManagerImpl.java:1241) ~[ozone-manager-1.3.0-SNAPSHOT.jar:?]
	at org.apache.hadoop.ozone.om.OzoneManager.getFileStatus(OzoneManager.java:3419) ~[ozone-manager-1.3.0-SNAPSHOT.jar:?]
	at org.apache.hadoop.ozone.protocolPB.OzoneManagerRequestHandler.getOzoneFileStatus(OzoneManagerRequestHandler.java:871) ~[ozone-manager-1.3.0-SNAPSHOT.jar:?]
	at org.apache.hadoop.ozone.protocolPB.OzoneManagerRequestHandler.handleReadRequest(OzoneManagerRequestHandler.java:217) ~[ozone-manager-1.3.0-SNAPSHOT.jar:?]
	at org.apache.hadoop.ozone.protocolPB.OzoneManagerProtocolServerSideTranslatorPB.submitRequestDirectlyToOM(OzoneManagerProtocolServerSideTranslatorPB.java:276) ~[ozone-manager-1.3.0-SNAPSHOT.jar:?]
	at org.apache.hadoop.ozone.protocolPB.OzoneManagerProtocolServerSideTranslatorPB.processRequest(OzoneManagerProtocolServerSideTranslatorPB.java:205) ~[ozone-manager-1.3.0-SNAPSHOT.jar:?]
	at org.apache.hadoop.hdds.server.OzoneProtocolMessageDispatcher.processRequest(OzoneProtocolMessageDispatcher.java:87) [hdds-server-framework-1.3.0-SNAPSHOT.jar:?]
	at org.apache.hadoop.ozone.protocolPB.OzoneManagerProtocolServerSideTranslatorPB.submitRequest(OzoneManagerProtocolServerSideTranslatorPB.java:147) [ozone-manager-1.3.0-SNAPSHOT.jar:?]
	at org.apache.hadoop.ozone.protocol.proto.OzoneManagerProtocolProtos$OzoneManagerService$2.callBlockingMethod(OzoneManagerProtocolProtos.java) [ozone-interface-client-1.3.0-SNAPSHOT.jar:?]
	at org.apache.hadoop.ipc.ProtobufRpcEngine$Server.processCall(ProtobufRpcEngine.java:466) [hadoop-common-3.3.1.jar:?]
	at org.apache.hadoop.ipc.ProtobufRpcEngine2$Server$ProtoBufRpcInvoker.call(ProtobufRpcEngine2.java:574) [hadoop-common-3.3.1.jar:?]
	at org.apache.hadoop.ipc.ProtobufRpcEngine2$Server$ProtoBufRpcInvoker.call(ProtobufRpcEngine2.java:552) [hadoop-common-3.3.1.jar:?]
	at org.apache.hadoop.ipc.RPC$Server.call(RPC.java:1093) [hadoop-common-3.3.1.jar:?]
	at org.apache.hadoop.ipc.Server$RpcCall.run(Server.java:1035) [hadoop-common-3.3.1.jar:?]
	at org.apache.hadoop.ipc.Server$RpcCall.run(Server.java:963) [hadoop-common-3.3.1.jar:?]
	at java.security.AccessController.doPrivileged(Native Method) ~[?:1.8.0_332]
	at javax.security.auth.Subject.doAs(Subject.java:422) [?:1.8.0_332]
	at org.apache.hadoop.security.UserGroupInformation.doAs(UserGroupInformation.java:1878) [hadoop-common-3.3.1.jar:?]
	at org.apache.hadoop.ipc.Server$Handler.run(Server.java:2966) [hadoop-common-3.3.1.jar:?]
23:46:32.349 [IPC Server handler 3 on default port 34097] ERROR OMAudit - user=runner | ip=127.0.0.1 | op=GET_FILE_STATUS {volume=volume05206, bucket=bucket45514, key=gdir1/dir7/child, dataSize=0, replicationConfig=null} | ret=FAILURE
org.apache.hadoop.ozone.om.exceptions.OMException: Unable to get file status: volume: volume05206 bucket: bucket45514 key: gdir1/dir7/child
	at org.apache.hadoop.ozone.om.KeyManagerImpl.getOzoneFileStatus(KeyManagerImpl.java:1311) ~[ozone-manager-1.3.0-SNAPSHOT.jar:?]
	at org.apache.hadoop.ozone.om.KeyManagerImpl.getFileStatus(KeyManagerImpl.java:1241) ~[ozone-manager-1.3.0-SNAPSHOT.jar:?]
	at org.apache.hadoop.ozone.om.OzoneManager.getFileStatus(OzoneManager.java:3419) ~[ozone-manager-1.3.0-SNAPSHOT.jar:?]
	at org.apache.hadoop.ozone.protocolPB.OzoneManagerRequestHandler.getOzoneFileStatus(OzoneManagerRequestHandler.java:871) ~[ozone-manager-1.3.0-SNAPSHOT.jar:?]
	at org.apache.hadoop.ozone.protocolPB.OzoneManagerRequestHandler.handleReadRequest(OzoneManagerRequestHandler.java:217) ~[ozone-manager-1.3.0-SNAPSHOT.jar:?]
	at org.apache.hadoop.ozone.protocolPB.OzoneManagerProtocolServerSideTranslatorPB.submitRequestDirectlyToOM(OzoneManagerProtocolServerSideTranslatorPB.java:276) ~[ozone-manager-1.3.0-SNAPSHOT.jar:?]
	at org.apache.hadoop.ozone.protocolPB.OzoneManagerProtocolServerSideTranslatorPB.processRequest(OzoneManagerProtocolServerSideTranslatorPB.java:205) ~[ozone-manager-1.3.0-SNAPSHOT.jar:?]
	at org.apache.hadoop.hdds.server.OzoneProtocolMessageDispatcher.processRequest(OzoneProtocolMessageDispatcher.java:87) [hdds-server-framework-1.3.0-SNAPSHOT.jar:?]
	at org.apache.hadoop.ozone.protocolPB.OzoneManagerProtocolServerSideTranslatorPB.submitRequest(OzoneManagerProtocolServerSideTranslatorPB.java:147) [ozone-manager-1.3.0-SNAPSHOT.jar:?]
	at org.apache.hadoop.ozone.protocol.proto.OzoneManagerProtocolProtos$OzoneManagerService$2.callBlockingMethod(OzoneManagerProtocolProtos.java) [ozone-interface-client-1.3.0-SNAPSHOT.jar:?]
	at org.apache.hadoop.ipc.ProtobufRpcEngine$Server.processCall(ProtobufRpcEngine.java:466) [hadoop-common-3.3.1.jar:?]
	at org.apache.hadoop.ipc.ProtobufRpcEngine2$Server$ProtoBufRpcInvoker.call(ProtobufRpcEngine2.java:574) [hadoop-common-3.3.1.jar:?]
	at org.apache.hadoop.ipc.ProtobufRpcEngine2$Server$ProtoBufRpcInvoker.call(ProtobufRpcEngine2.java:552) [hadoop-common-3.3.1.jar:?]
	at org.apache.hadoop.ipc.RPC$Server.call(RPC.java:1093) [hadoop-common-3.3.1.jar:?]
	at org.apache.hadoop.ipc.Server$RpcCall.run(Server.java:1035) [hadoop-common-3.3.1.jar:?]
	at org.apache.hadoop.ipc.Server$RpcCall.run(Server.java:963) [hadoop-common-3.3.1.jar:?]
	at java.security.AccessController.doPrivileged(Native Method) ~[?:1.8.0_332]
	at javax.security.auth.Subject.doAs(Subject.java:422) [?:1.8.0_332]
	at org.apache.hadoop.security.UserGroupInformation.doAs(UserGroupInformation.java:1878) [hadoop-common-3.3.1.jar:?]
	at org.apache.hadoop.ipc.Server$Handler.run(Server.java:2966) [hadoop-common-3.3.1.jar:?]
23:46:32.349 [IPC Server handler 5 on default port 34097] ERROR OMAudit - user=runner | ip=127.0.0.1 | op=GET_FILE_STATUS {volume=volume05206, bucket=bucket45514, key=gdir1/dir8, dataSize=0, replicationConfig=null} | ret=FAILURE
org.apache.hadoop.ozone.om.exceptions.OMException: Unable to get file status: volume: volume05206 bucket: bucket45514 key: gdir1/dir8
	at org.apache.hadoop.ozone.om.KeyManagerImpl.getOzoneFileStatus(KeyManagerImpl.java:1311) ~[ozone-manager-1.3.0-SNAPSHOT.jar:?]
	at org.apache.hadoop.ozone.om.KeyManagerImpl.getFileStatus(KeyManagerImpl.java:1241) ~[ozone-manager-1.3.0-SNAPSHOT.jar:?]
	at org.apache.hadoop.ozone.om.OzoneManager.getFileStatus(OzoneManager.java:3419) ~[ozone-manager-1.3.0-SNAPSHOT.jar:?]
	at org.apache.hadoop.ozone.protocolPB.OzoneManagerRequestHandler.getOzoneFileStatus(OzoneManagerRequestHandler.java:871) ~[ozone-manager-1.3.0-SNAPSHOT.jar:?]
	at org.apache.hadoop.ozone.protocolPB.OzoneManagerRequestHandler.handleReadRequest(OzoneManagerRequestHandler.java:217) ~[ozone-manager-1.3.0-SNAPSHOT.jar:?]
	at org.apache.hadoop.ozone.protocolPB.OzoneManagerProtocolServerSideTranslatorPB.submitRequestDirectlyToOM(OzoneManagerProtocolServerSideTranslatorPB.java:276) ~[ozone-manager-1.3.0-SNAPSHOT.jar:?]
	at org.apache.hadoop.ozone.protocolPB.OzoneManagerProtocolServerSideTranslatorPB.processRequest(OzoneManagerProtocolServerSideTranslatorPB.java:205) ~[ozone-manager-1.3.0-SNAPSHOT.jar:?]
	at org.apache.hadoop.hdds.server.OzoneProtocolMessageDispatcher.processRequest(OzoneProtocolMessageDispatcher.java:87) [hdds-server-framework-1.3.0-SNAPSHOT.jar:?]
	at org.apache.hadoop.ozone.protocolPB.OzoneManagerProtocolServerSideTranslatorPB.submitRequest(OzoneManagerProtocolServerSideTranslatorPB.java:147) [ozone-manager-1.3.0-SNAPSHOT.jar:?]
	at org.apache.hadoop.ozone.protocol.proto.OzoneManagerProtocolProtos$OzoneManagerService$2.callBlockingMethod(OzoneManagerProtocolProtos.java) [ozone-interface-client-1.3.0-SNAPSHOT.jar:?]
	at org.apache.hadoop.ipc.ProtobufRpcEngine$Server.processCall(ProtobufRpcEngine.java:466) [hadoop-common-3.3.1.jar:?]
	at org.apache.hadoop.ipc.ProtobufRpcEngine2$Server$ProtoBufRpcInvoker.call(ProtobufRpcEngine2.java:574) [hadoop-common-3.3.1.jar:?]
	at org.apache.hadoop.ipc.ProtobufRpcEngine2$Server$ProtoBufRpcInvoker.call(ProtobufRpcEngine2.java:552) [hadoop-common-3.3.1.jar:?]
	at org.apache.hadoop.ipc.RPC$Server.call(RPC.java:1093) [hadoop-common-3.3.1.jar:?]
	at org.apache.hadoop.ipc.Server$RpcCall.run(Server.java:1035) [hadoop-common-3.3.1.jar:?]
	at org.apache.hadoop.ipc.Server$RpcCall.run(Server.java:963) [hadoop-common-3.3.1.jar:?]
	at java.security.AccessController.doPrivileged(Native Method) ~[?:1.8.0_332]
	at javax.security.auth.Subject.doAs(Subject.java:422) [?:1.8.0_332]
	at org.apache.hadoop.security.UserGroupInformation.doAs(UserGroupInformation.java:1878) [hadoop-common-3.3.1.jar:?]
	at org.apache.hadoop.ipc.Server$Handler.run(Server.java:2966) [hadoop-common-3.3.1.jar:?]
23:46:32.351 [IPC Server handler 6 on default port 34097] ERROR OMAudit - user=runner | ip=127.0.0.1 | op=GET_FILE_STATUS {volume=volume05206, bucket=bucket45514, key=gdir1/dir8/child, dataSize=0, replicationConfig=null} | ret=FAILURE
org.apache.hadoop.ozone.om.exceptions.OMException: Unable to get file status: volume: volume05206 bucket: bucket45514 key: gdir1/dir8/child
	at org.apache.hadoop.ozone.om.KeyManagerImpl.getOzoneFileStatus(KeyManagerImpl.java:1311) ~[ozone-manager-1.3.0-SNAPSHOT.jar:?]
	at org.apache.hadoop.ozone.om.KeyManagerImpl.getFileStatus(KeyManagerImpl.java:1241) ~[ozone-manager-1.3.0-SNAPSHOT.jar:?]
	at org.apache.hadoop.ozone.om.OzoneManager.getFileStatus(OzoneManager.java:3419) ~[ozone-manager-1.3.0-SNAPSHOT.jar:?]
	at org.apache.hadoop.ozone.protocolPB.OzoneManagerRequestHandler.getOzoneFileStatus(OzoneManagerRequestHandler.java:871) ~[ozone-manager-1.3.0-SNAPSHOT.jar:?]
	at org.apache.hadoop.ozone.protocolPB.OzoneManagerRequestHandler.handleReadRequest(OzoneManagerRequestHandler.java:217) ~[ozone-manager-1.3.0-SNAPSHOT.jar:?]
	at org.apache.hadoop.ozone.protocolPB.OzoneManagerProtocolServerSideTranslatorPB.submitRequestDirectlyToOM(OzoneManagerProtocolServerSideTranslatorPB.java:276) ~[ozone-manager-1.3.0-SNAPSHOT.jar:?]
	at org.apache.hadoop.ozone.protocolPB.OzoneManagerProtocolServerSideTranslatorPB.processRequest(OzoneManagerProtocolServerSideTranslatorPB.java:205) ~[ozone-manager-1.3.0-SNAPSHOT.jar:?]
	at org.apache.hadoop.hdds.server.OzoneProtocolMessageDispatcher.processRequest(OzoneProtocolMessageDispatcher.java:87) [hdds-server-framework-1.3.0-SNAPSHOT.jar:?]
	at org.apache.hadoop.ozone.protocolPB.OzoneManagerProtocolServerSideTranslatorPB.submitRequest(OzoneManagerProtocolServerSideTranslatorPB.java:147) [ozone-manager-1.3.0-SNAPSHOT.jar:?]
	at org.apache.hadoop.ozone.protocol.proto.OzoneManagerProtocolProtos$OzoneManagerService$2.callBlockingMethod(OzoneManagerProtocolProtos.java) [ozone-interface-client-1.3.0-SNAPSHOT.jar:?]
	at org.apache.hadoop.ipc.ProtobufRpcEngine$Server.processCall(ProtobufRpcEngine.java:466) [hadoop-common-3.3.1.jar:?]
	at org.apache.hadoop.ipc.ProtobufRpcEngine2$Server$ProtoBufRpcInvoker.call(ProtobufRpcEngine2.java:574) [hadoop-common-3.3.1.jar:?]
	at org.apache.hadoop.ipc.ProtobufRpcEngine2$Server$ProtoBufRpcInvoker.call(ProtobufRpcEngine2.java:552) [hadoop-common-3.3.1.jar:?]
	at org.apache.hadoop.ipc.RPC$Server.call(RPC.java:1093) [hadoop-common-3.3.1.jar:?]
	at org.apache.hadoop.ipc.Server$RpcCall.run(Server.java:1035) [hadoop-common-3.3.1.jar:?]
	at org.apache.hadoop.ipc.Server$RpcCall.run(Server.java:963) [hadoop-common-3.3.1.jar:?]
	at java.security.AccessController.doPrivileged(Native Method) ~[?:1.8.0_332]
	at javax.security.auth.Subject.doAs(Subject.java:422) [?:1.8.0_332]
	at org.apache.hadoop.security.UserGroupInformation.doAs(UserGroupInformation.java:1878) [hadoop-common-3.3.1.jar:?]
	at org.apache.hadoop.ipc.Server$Handler.run(Server.java:2966) [hadoop-common-3.3.1.jar:?]
23:46:32.354 [IPC Server handler 4 on default port 34097] ERROR OMAudit - user=runner | ip=127.0.0.1 | op=GET_FILE_STATUS {volume=volume05206, bucket=bucket45514, key=gdir1/dir9, dataSize=0, replicationConfig=null} | ret=FAILURE
org.apache.hadoop.ozone.om.exceptions.OMException: Unable to get file status: volume: volume05206 bucket: bucket45514 key: gdir1/dir9
	at org.apache.hadoop.ozone.om.KeyManagerImpl.getOzoneFileStatus(KeyManagerImpl.java:1311) ~[ozone-manager-1.3.0-SNAPSHOT.jar:?]
	at org.apache.hadoop.ozone.om.KeyManagerImpl.getFileStatus(KeyManagerImpl.java:1241) ~[ozone-manager-1.3.0-SNAPSHOT.jar:?]
	at org.apache.hadoop.ozone.om.OzoneManager.getFileStatus(OzoneManager.java:3419) ~[ozone-manager-1.3.0-SNAPSHOT.jar:?]
	at org.apache.hadoop.ozone.protocolPB.OzoneManagerRequestHandler.getOzoneFileStatus(OzoneManagerRequestHandler.java:871) ~[ozone-manager-1.3.0-SNAPSHOT.jar:?]
	at org.apache.hadoop.ozone.protocolPB.OzoneManagerRequestHandler.handleReadRequest(OzoneManagerRequestHandler.java:217) ~[ozone-manager-1.3.0-SNAPSHOT.jar:?]
	at org.apache.hadoop.ozone.protocolPB.OzoneManagerProtocolServerSideTranslatorPB.submitRequestDirectlyToOM(OzoneManagerProtocolServerSideTranslatorPB.java:276) ~[ozone-manager-1.3.0-SNAPSHOT.jar:?]
	at org.apache.hadoop.ozone.protocolPB.OzoneManagerProtocolServerSideTranslatorPB.processRequest(OzoneManagerProtocolServerSideTranslatorPB.java:205) ~[ozone-manager-1.3.0-SNAPSHOT.jar:?]
	at org.apache.hadoop.hdds.server.OzoneProtocolMessageDispatcher.processRequest(OzoneProtocolMessageDispatcher.java:87) [hdds-server-framework-1.3.0-SNAPSHOT.jar:?]
	at org.apache.hadoop.ozone.protocolPB.OzoneManagerProtocolServerSideTranslatorPB.submitRequest(OzoneManagerProtocolServerSideTranslatorPB.java:147) [ozone-manager-1.3.0-SNAPSHOT.jar:?]
	at org.apache.hadoop.ozone.protocol.proto.OzoneManagerProtocolProtos$OzoneManagerService$2.callBlockingMethod(OzoneManagerProtocolProtos.java) [ozone-interface-client-1.3.0-SNAPSHOT.jar:?]
	at org.apache.hadoop.ipc.ProtobufRpcEngine$Server.processCall(ProtobufRpcEngine.java:466) [hadoop-common-3.3.1.jar:?]
	at org.apache.hadoop.ipc.ProtobufRpcEngine2$Server$ProtoBufRpcInvoker.call(ProtobufRpcEngine2.java:574) [hadoop-common-3.3.1.jar:?]
	at org.apache.hadoop.ipc.ProtobufRpcEngine2$Server$ProtoBufRpcInvoker.call(ProtobufRpcEngine2.java:552) [hadoop-common-3.3.1.jar:?]
	at org.apache.hadoop.ipc.RPC$Server.call(RPC.java:1093) [hadoop-common-3.3.1.jar:?]
	at org.apache.hadoop.ipc.Server$RpcCall.run(Server.java:1035) [hadoop-common-3.3.1.jar:?]
	at org.apache.hadoop.ipc.Server$RpcCall.run(Server.java:963) [hadoop-common-3.3.1.jar:?]
	at java.security.AccessController.doPrivileged(Native Method) ~[?:1.8.0_332]
	at javax.security.auth.Subject.doAs(Subject.java:422) [?:1.8.0_332]
	at org.apache.hadoop.security.UserGroupInformation.doAs(UserGroupInformation.java:1878) [hadoop-common-3.3.1.jar:?]
	at org.apache.hadoop.ipc.Server$Handler.run(Server.java:2966) [hadoop-common-3.3.1.jar:?]
23:46:32.355 [IPC Server handler 13 on default port 34097] ERROR OMAudit - user=runner | ip=127.0.0.1 | op=GET_FILE_STATUS {volume=volume05206, bucket=bucket45514, key=gdir1/dir9/child, dataSize=0, replicationConfig=null} | ret=FAILURE
org.apache.hadoop.ozone.om.exceptions.OMException: Unable to get file status: volume: volume05206 bucket: bucket45514 key: gdir1/dir9/child
	at org.apache.hadoop.ozone.om.KeyManagerImpl.getOzoneFileStatus(KeyManagerImpl.java:1311) ~[ozone-manager-1.3.0-SNAPSHOT.jar:?]
	at org.apache.hadoop.ozone.om.KeyManagerImpl.getFileStatus(KeyManagerImpl.java:1241) ~[ozone-manager-1.3.0-SNAPSHOT.jar:?]
	at org.apache.hadoop.ozone.om.OzoneManager.getFileStatus(OzoneManager.java:3419) ~[ozone-manager-1.3.0-SNAPSHOT.jar:?]
	at org.apache.hadoop.ozone.protocolPB.OzoneManagerRequestHandler.getOzoneFileStatus(OzoneManagerRequestHandler.java:871) ~[ozone-manager-1.3.0-SNAPSHOT.jar:?]
	at org.apache.hadoop.ozone.protocolPB.OzoneManagerRequestHandler.handleReadRequest(OzoneManagerRequestHandler.java:217) ~[ozone-manager-1.3.0-SNAPSHOT.jar:?]
	at org.apache.hadoop.ozone.protocolPB.OzoneManagerProtocolServerSideTranslatorPB.submitRequestDirectlyToOM(OzoneManagerProtocolServerSideTranslatorPB.java:276) ~[ozone-manager-1.3.0-SNAPSHOT.jar:?]
	at org.apache.hadoop.ozone.protocolPB.OzoneManagerProtocolServerSideTranslatorPB.processRequest(OzoneManagerProtocolServerSideTranslatorPB.java:205) ~[ozone-manager-1.3.0-SNAPSHOT.jar:?]
	at org.apache.hadoop.hdds.server.OzoneProtocolMessageDispatcher.processRequest(OzoneProtocolMessageDispatcher.java:87) [hdds-server-framework-1.3.0-SNAPSHOT.jar:?]
	at org.apache.hadoop.ozone.protocolPB.OzoneManagerProtocolServerSideTranslatorPB.submitRequest(OzoneManagerProtocolServerSideTranslatorPB.java:147) [ozone-manager-1.3.0-SNAPSHOT.jar:?]
	at org.apache.hadoop.ozone.protocol.proto.OzoneManagerProtocolProtos$OzoneManagerService$2.callBlockingMethod(OzoneManagerProtocolProtos.java) [ozone-interface-client-1.3.0-SNAPSHOT.jar:?]
	at org.apache.hadoop.ipc.ProtobufRpcEngine$Server.processCall(ProtobufRpcEngine.java:466) [hadoop-common-3.3.1.jar:?]
	at org.apache.hadoop.ipc.ProtobufRpcEngine2$Server$ProtoBufRpcInvoker.call(ProtobufRpcEngine2.java:574) [hadoop-common-3.3.1.jar:?]
	at org.apache.hadoop.ipc.ProtobufRpcEngine2$Server$ProtoBufRpcInvoker.call(ProtobufRpcEngine2.java:552) [hadoop-common-3.3.1.jar:?]
	at org.apache.hadoop.ipc.RPC$Server.call(RPC.java:1093) [hadoop-common-3.3.1.jar:?]
	at org.apache.hadoop.ipc.Server$RpcCall.run(Server.java:1035) [hadoop-common-3.3.1.jar:?]
	at org.apache.hadoop.ipc.Server$RpcCall.run(Server.java:963) [hadoop-common-3.3.1.jar:?]
	at java.security.AccessController.doPrivileged(Native Method) ~[?:1.8.0_332]
	at javax.security.auth.Subject.doAs(Subject.java:422) [?:1.8.0_332]
	at org.apache.hadoop.security.UserGroupInformation.doAs(UserGroupInformation.java:1878) [hadoop-common-3.3.1.jar:?]
	at org.apache.hadoop.ipc.Server$Handler.run(Server.java:2966) [hadoop-common-3.3.1.jar:?]
23:46:32.356 [IPC Server handler 11 on default port 34097] ERROR OMAudit - user=runner | ip=127.0.0.1 | op=GET_FILE_STATUS {volume=volume05206, bucket=bucket45514, key=gdir1/dir10, dataSize=0, replicationConfig=null} | ret=FAILURE
org.apache.hadoop.ozone.om.exceptions.OMException: Unable to get file status: volume: volume05206 bucket: bucket45514 key: gdir1/dir10
	at org.apache.hadoop.ozone.om.KeyManagerImpl.getOzoneFileStatus(KeyManagerImpl.java:1311) ~[ozone-manager-1.3.0-SNAPSHOT.jar:?]
	at org.apache.hadoop.ozone.om.KeyManagerImpl.getFileStatus(KeyManagerImpl.java:1241) ~[ozone-manager-1.3.0-SNAPSHOT.jar:?]
	at org.apache.hadoop.ozone.om.OzoneManager.getFileStatus(OzoneManager.java:3419) ~[ozone-manager-1.3.0-SNAPSHOT.jar:?]
	at org.apache.hadoop.ozone.protocolPB.OzoneManagerRequestHandler.getOzoneFileStatus(OzoneManagerRequestHandler.java:871) ~[ozone-manager-1.3.0-SNAPSHOT.jar:?]
	at org.apache.hadoop.ozone.protocolPB.OzoneManagerRequestHandler.handleReadRequest(OzoneManagerRequestHandler.java:217) ~[ozone-manager-1.3.0-SNAPSHOT.jar:?]
	at org.apache.hadoop.ozone.protocolPB.OzoneManagerProtocolServerSideTranslatorPB.submitRequestDirectlyToOM(OzoneManagerProtocolServerSideTranslatorPB.java:276) ~[ozone-manager-1.3.0-SNAPSHOT.jar:?]
	at org.apache.hadoop.ozone.protocolPB.OzoneManagerProtocolServerSideTranslatorPB.processRequest(OzoneManagerProtocolServerSideTranslatorPB.java:205) ~[ozone-manager-1.3.0-SNAPSHOT.jar:?]
	at org.apache.hadoop.hdds.server.OzoneProtocolMessageDispatcher.processRequest(OzoneProtocolMessageDispatcher.java:87) [hdds-server-framework-1.3.0-SNAPSHOT.jar:?]
	at org.apache.hadoop.ozone.protocolPB.OzoneManagerProtocolServerSideTranslatorPB.submitRequest(OzoneManagerProtocolServerSideTranslatorPB.java:147) [ozone-manager-1.3.0-SNAPSHOT.jar:?]
	at org.apache.hadoop.ozone.protocol.proto.OzoneManagerProtocolProtos$OzoneManagerService$2.callBlockingMethod(OzoneManagerProtocolProtos.java) [ozone-interface-client-1.3.0-SNAPSHOT.jar:?]
	at org.apache.hadoop.ipc.ProtobufRpcEngine$Server.processCall(ProtobufRpcEngine.java:466) [hadoop-common-3.3.1.jar:?]
	at org.apache.hadoop.ipc.ProtobufRpcEngine2$Server$ProtoBufRpcInvoker.call(ProtobufRpcEngine2.java:574) [hadoop-common-3.3.1.jar:?]
	at org.apache.hadoop.ipc.ProtobufRpcEngine2$Server$ProtoBufRpcInvoker.call(ProtobufRpcEngine2.java:552) [hadoop-common-3.3.1.jar:?]
	at org.apache.hadoop.ipc.RPC$Server.call(RPC.java:1093) [hadoop-common-3.3.1.jar:?]
	at org.apache.hadoop.ipc.Server$RpcCall.run(Server.java:1035) [hadoop-common-3.3.1.jar:?]
	at org.apache.hadoop.ipc.Server$RpcCall.run(Server.java:963) [hadoop-common-3.3.1.jar:?]
	at java.security.AccessController.doPrivileged(Native Method) ~[?:1.8.0_332]
	at javax.security.auth.Subject.doAs(Subject.java:422) [?:1.8.0_332]
	at org.apache.hadoop.security.UserGroupInformation.doAs(UserGroupInformation.java:1878) [hadoop-common-3.3.1.jar:?]
	at org.apache.hadoop.ipc.Server$Handler.run(Server.java:2966) [hadoop-common-3.3.1.jar:?]
23:46:32.356 [IPC Server handler 12 on default port 34097] ERROR OMAudit - user=runner | ip=127.0.0.1 | op=GET_FILE_STATUS {volume=volume05206, bucket=bucket45514, key=gdir1/dir10/child, dataSize=0, replicationConfig=null} | ret=FAILURE
org.apache.hadoop.ozone.om.exceptions.OMException: Unable to get file status: volume: volume05206 bucket: bucket45514 key: gdir1/dir10/child
	at org.apache.hadoop.ozone.om.KeyManagerImpl.getOzoneFileStatus(KeyManagerImpl.java:1311) ~[ozone-manager-1.3.0-SNAPSHOT.jar:?]
	at org.apache.hadoop.ozone.om.KeyManagerImpl.getFileStatus(KeyManagerImpl.java:1241) ~[ozone-manager-1.3.0-SNAPSHOT.jar:?]
	at org.apache.hadoop.ozone.om.OzoneManager.getFileStatus(OzoneManager.java:3419) ~[ozone-manager-1.3.0-SNAPSHOT.jar:?]
	at org.apache.hadoop.ozone.protocolPB.OzoneManagerRequestHandler.getOzoneFileStatus(OzoneManagerRequestHandler.java:871) ~[ozone-manager-1.3.0-SNAPSHOT.jar:?]
	at org.apache.hadoop.ozone.protocolPB.OzoneManagerRequestHandler.handleReadRequest(OzoneManagerRequestHandler.java:217) ~[ozone-manager-1.3.0-SNAPSHOT.jar:?]
	at org.apache.hadoop.ozone.protocolPB.OzoneManagerProtocolServerSideTranslatorPB.submitRequestDirectlyToOM(OzoneManagerProtocolServerSideTranslatorPB.java:276) ~[ozone-manager-1.3.0-SNAPSHOT.jar:?]
	at org.apache.hadoop.ozone.protocolPB.OzoneManagerProtocolServerSideTranslatorPB.processRequest(OzoneManagerProtocolServerSideTranslatorPB.java:205) ~[ozone-manager-1.3.0-SNAPSHOT.jar:?]
	at org.apache.hadoop.hdds.server.OzoneProtocolMessageDispatcher.processRequest(OzoneProtocolMessageDispatcher.java:87) [hdds-server-framework-1.3.0-SNAPSHOT.jar:?]
	at org.apache.hadoop.ozone.protocolPB.OzoneManagerProtocolServerSideTranslatorPB.submitRequest(OzoneManagerProtocolServerSideTranslatorPB.java:147) [ozone-manager-1.3.0-SNAPSHOT.jar:?]
	at org.apache.hadoop.ozone.protocol.proto.OzoneManagerProtocolProtos$OzoneManagerService$2.callBlockingMethod(OzoneManagerProtocolProtos.java) [ozone-interface-client-1.3.0-SNAPSHOT.jar:?]
	at org.apache.hadoop.ipc.ProtobufRpcEngine$Server.processCall(ProtobufRpcEngine.java:466) [hadoop-common-3.3.1.jar:?]
	at org.apache.hadoop.ipc.ProtobufRpcEngine2$Server$ProtoBufRpcInvoker.call(ProtobufRpcEngine2.java:574) [hadoop-common-3.3.1.jar:?]
	at org.apache.hadoop.ipc.ProtobufRpcEngine2$Server$ProtoBufRpcInvoker.call(ProtobufRpcEngine2.java:552) [hadoop-common-3.3.1.jar:?]
	at org.apache.hadoop.ipc.RPC$Server.call(RPC.java:1093) [hadoop-common-3.3.1.jar:?]
	at org.apache.hadoop.ipc.Server$RpcCall.run(Server.java:1035) [hadoop-common-3.3.1.jar:?]
	at org.apache.hadoop.ipc.Server$RpcCall.run(Server.java:963) [hadoop-common-3.3.1.jar:?]
	at java.security.AccessController.doPrivileged(Native Method) ~[?:1.8.0_332]
	at javax.security.auth.Subject.doAs(Subject.java:422) [?:1.8.0_332]
	at org.apache.hadoop.security.UserGroupInformation.doAs(UserGroupInformation.java:1878) [hadoop-common-3.3.1.jar:?]
	at org.apache.hadoop.ipc.Server$Handler.run(Server.java:2966) [hadoop-common-3.3.1.jar:?]
23:46:32.409 [IPC Server handler 3 on default port 34097] ERROR OMAudit - user=runner | ip=127.0.0.1 | op=GET_FILE_STATUS {volume=volume05206, bucket=bucket45514, key=level0, dataSize=0, replicationConfig=null} | ret=FAILURE
org.apache.hadoop.ozone.om.exceptions.OMException: Unable to get file status: volume: volume05206 bucket: bucket45514 key: level0
	at org.apache.hadoop.ozone.om.KeyManagerImpl.getOzoneFileStatus(KeyManagerImpl.java:1311) ~[ozone-manager-1.3.0-SNAPSHOT.jar:?]
	at org.apache.hadoop.ozone.om.KeyManagerImpl.getFileStatus(KeyManagerImpl.java:1241) ~[ozone-manager-1.3.0-SNAPSHOT.jar:?]
	at org.apache.hadoop.ozone.om.OzoneManager.getFileStatus(OzoneManager.java:3419) ~[ozone-manager-1.3.0-SNAPSHOT.jar:?]
	at org.apache.hadoop.ozone.protocolPB.OzoneManagerRequestHandler.getOzoneFileStatus(OzoneManagerRequestHandler.java:871) ~[ozone-manager-1.3.0-SNAPSHOT.jar:?]
	at org.apache.hadoop.ozone.protocolPB.OzoneManagerRequestHandler.handleReadRequest(OzoneManagerRequestHandler.java:217) ~[ozone-manager-1.3.0-SNAPSHOT.jar:?]
	at org.apache.hadoop.ozone.protocolPB.OzoneManagerProtocolServerSideTranslatorPB.submitRequestDirectlyToOM(OzoneManagerProtocolServerSideTranslatorPB.java:276) ~[ozone-manager-1.3.0-SNAPSHOT.jar:?]
	at org.apache.hadoop.ozone.protocolPB.OzoneManagerProtocolServerSideTranslatorPB.processRequest(OzoneManagerProtocolServerSideTranslatorPB.java:205) ~[ozone-manager-1.3.0-SNAPSHOT.jar:?]
	at org.apache.hadoop.hdds.server.OzoneProtocolMessageDispatcher.processRequest(OzoneProtocolMessageDispatcher.java:87) [hdds-server-framework-1.3.0-SNAPSHOT.jar:?]
	at org.apache.hadoop.ozone.protocolPB.OzoneManagerProtocolServerSideTranslatorPB.submitRequest(OzoneManagerProtocolServerSideTranslatorPB.java:147) [ozone-manager-1.3.0-SNAPSHOT.jar:?]
	at org.apache.hadoop.ozone.protocol.proto.OzoneManagerProtocolProtos$OzoneManagerService$2.callBlockingMethod(OzoneManagerProtocolProtos.java) [ozone-interface-client-1.3.0-SNAPSHOT.jar:?]
	at org.apache.hadoop.ipc.ProtobufRpcEngine$Server.processCall(ProtobufRpcEngine.java:466) [hadoop-common-3.3.1.jar:?]
	at org.apache.hadoop.ipc.ProtobufRpcEngine2$Server$ProtoBufRpcInvoker.call(ProtobufRpcEngine2.java:574) [hadoop-common-3.3.1.jar:?]
	at org.apache.hadoop.ipc.ProtobufRpcEngine2$Server$ProtoBufRpcInvoker.call(ProtobufRpcEngine2.java:552) [hadoop-common-3.3.1.jar:?]
	at org.apache.hadoop.ipc.RPC$Server.call(RPC.java:1093) [hadoop-common-3.3.1.jar:?]
	at org.apache.hadoop.ipc.Server$RpcCall.run(Server.java:1035) [hadoop-common-3.3.1.jar:?]
	at org.apache.hadoop.ipc.Server$RpcCall.run(Server.java:963) [hadoop-common-3.3.1.jar:?]
	at java.security.AccessController.doPrivileged(Native Method) ~[?:1.8.0_332]
	at javax.security.auth.Subject.doAs(Subject.java:422) [?:1.8.0_332]
	at org.apache.hadoop.security.UserGroupInformation.doAs(UserGroupInformation.java:1878) [hadoop-common-3.3.1.jar:?]
	at org.apache.hadoop.ipc.Server$Handler.run(Server.java:2966) [hadoop-common-3.3.1.jar:?]
23:46:32.411 [IPC Server handler 5 on default port 34097] ERROR OMAudit - user=runner | ip=127.0.0.1 | op=GET_FILE_STATUS {volume=volume05206, bucket=bucket45514, key=level0/level1, dataSize=0, replicationConfig=null} | ret=FAILURE
org.apache.hadoop.ozone.om.exceptions.OMException: Unable to get file status: volume: volume05206 bucket: bucket45514 key: level0/level1
	at org.apache.hadoop.ozone.om.KeyManagerImpl.getOzoneFileStatus(KeyManagerImpl.java:1311) ~[ozone-manager-1.3.0-SNAPSHOT.jar:?]
	at org.apache.hadoop.ozone.om.KeyManagerImpl.getFileStatus(KeyManagerImpl.java:1241) ~[ozone-manager-1.3.0-SNAPSHOT.jar:?]
	at org.apache.hadoop.ozone.om.OzoneManager.getFileStatus(OzoneManager.java:3419) ~[ozone-manager-1.3.0-SNAPSHOT.jar:?]
	at org.apache.hadoop.ozone.protocolPB.OzoneManagerRequestHandler.getOzoneFileStatus(OzoneManagerRequestHandler.java:871) ~[ozone-manager-1.3.0-SNAPSHOT.jar:?]
	at org.apache.hadoop.ozone.protocolPB.OzoneManagerRequestHandler.handleReadRequest(OzoneManagerRequestHandler.java:217) ~[ozone-manager-1.3.0-SNAPSHOT.jar:?]
	at org.apache.hadoop.ozone.protocolPB.OzoneManagerProtocolServerSideTranslatorPB.submitRequestDirectlyToOM(OzoneManagerProtocolServerSideTranslatorPB.java:276) ~[ozone-manager-1.3.0-SNAPSHOT.jar:?]
	at org.apache.hadoop.ozone.protocolPB.OzoneManagerProtocolServerSideTranslatorPB.processRequest(OzoneManagerProtocolServerSideTranslatorPB.java:205) ~[ozone-manager-1.3.0-SNAPSHOT.jar:?]
	at org.apache.hadoop.hdds.server.OzoneProtocolMessageDispatcher.processRequest(OzoneProtocolMessageDispatcher.java:87) [hdds-server-framework-1.3.0-SNAPSHOT.jar:?]
	at org.apache.hadoop.ozone.protocolPB.OzoneManagerProtocolServerSideTranslatorPB.submitRequest(OzoneManagerProtocolServerSideTranslatorPB.java:147) [ozone-manager-1.3.0-SNAPSHOT.jar:?]
	at org.apache.hadoop.ozone.protocol.proto.OzoneManagerProtocolProtos$OzoneManagerService$2.callBlockingMethod(OzoneManagerProtocolProtos.java) [ozone-interface-client-1.3.0-SNAPSHOT.jar:?]
	at org.apache.hadoop.ipc.ProtobufRpcEngine$Server.processCall(ProtobufRpcEngine.java:466) [hadoop-common-3.3.1.jar:?]
	at org.apache.hadoop.ipc.ProtobufRpcEngine2$Server$ProtoBufRpcInvoker.call(ProtobufRpcEngine2.java:574) [hadoop-common-3.3.1.jar:?]
	at org.apache.hadoop.ipc.ProtobufRpcEngine2$Server$ProtoBufRpcInvoker.call(ProtobufRpcEngine2.java:552) [hadoop-common-3.3.1.jar:?]
	at org.apache.hadoop.ipc.RPC$Server.call(RPC.java:1093) [hadoop-common-3.3.1.jar:?]
	at org.apache.hadoop.ipc.Server$RpcCall.run(Server.java:1035) [hadoop-common-3.3.1.jar:?]
	at org.apache.hadoop.ipc.Server$RpcCall.run(Server.java:963) [hadoop-common-3.3.1.jar:?]
	at java.security.AccessController.doPrivileged(Native Method) ~[?:1.8.0_332]
	at javax.security.auth.Subject.doAs(Subject.java:422) [?:1.8.0_332]
	at org.apache.hadoop.security.UserGroupInformation.doAs(UserGroupInformation.java:1878) [hadoop-common-3.3.1.jar:?]
	at org.apache.hadoop.ipc.Server$Handler.run(Server.java:2966) [hadoop-common-3.3.1.jar:?]
23:46:32.412 [IPC Server handler 6 on default port 34097] ERROR OMAudit - user=runner | ip=127.0.0.1 | op=GET_FILE_STATUS {volume=volume05206, bucket=bucket45514, key=level0/level1/level1, dataSize=0, replicationConfig=null} | ret=FAILURE
org.apache.hadoop.ozone.om.exceptions.OMException: Unable to get file status: volume: volume05206 bucket: bucket45514 key: level0/level1/level1
	at org.apache.hadoop.ozone.om.KeyManagerImpl.getOzoneFileStatus(KeyManagerImpl.java:1311) ~[ozone-manager-1.3.0-SNAPSHOT.jar:?]
	at org.apache.hadoop.ozone.om.KeyManagerImpl.getFileStatus(KeyManagerImpl.java:1241) ~[ozone-manager-1.3.0-SNAPSHOT.jar:?]
	at org.apache.hadoop.ozone.om.OzoneManager.getFileStatus(OzoneManager.java:3419) ~[ozone-manager-1.3.0-SNAPSHOT.jar:?]
	at org.apache.hadoop.ozone.protocolPB.OzoneManagerRequestHandler.getOzoneFileStatus(OzoneManagerRequestHandler.java:871) ~[ozone-manager-1.3.0-SNAPSHOT.jar:?]
	at org.apache.hadoop.ozone.protocolPB.OzoneManagerRequestHandler.handleReadRequest(OzoneManagerRequestHandler.java:217) ~[ozone-manager-1.3.0-SNAPSHOT.jar:?]
	at org.apache.hadoop.ozone.protocolPB.OzoneManagerProtocolServerSideTranslatorPB.submitRequestDirectlyToOM(OzoneManagerProtocolServerSideTranslatorPB.java:276) ~[ozone-manager-1.3.0-SNAPSHOT.jar:?]
	at org.apache.hadoop.ozone.protocolPB.OzoneManagerProtocolServerSideTranslatorPB.processRequest(OzoneManagerProtocolServerSideTranslatorPB.java:205) ~[ozone-manager-1.3.0-SNAPSHOT.jar:?]
	at org.apache.hadoop.hdds.server.OzoneProtocolMessageDispatcher.processRequest(OzoneProtocolMessageDispatcher.java:87) [hdds-server-framework-1.3.0-SNAPSHOT.jar:?]
	at org.apache.hadoop.ozone.protocolPB.OzoneManagerProtocolServerSideTranslatorPB.submitRequest(OzoneManagerProtocolServerSideTranslatorPB.java:147) [ozone-manager-1.3.0-SNAPSHOT.jar:?]
	at org.apache.hadoop.ozone.protocol.proto.OzoneManagerProtocolProtos$OzoneManagerService$2.callBlockingMethod(OzoneManagerProtocolProtos.java) [ozone-interface-client-1.3.0-SNAPSHOT.jar:?]
	at org.apache.hadoop.ipc.ProtobufRpcEngine$Server.processCall(ProtobufRpcEngine.java:466) [hadoop-common-3.3.1.jar:?]
	at org.apache.hadoop.ipc.ProtobufRpcEngine2$Server$ProtoBufRpcInvoker.call(ProtobufRpcEngine2.java:574) [hadoop-common-3.3.1.jar:?]
	at org.apache.hadoop.ipc.ProtobufRpcEngine2$Server$ProtoBufRpcInvoker.call(ProtobufRpcEngine2.java:552) [hadoop-common-3.3.1.jar:?]
	at org.apache.hadoop.ipc.RPC$Server.call(RPC.java:1093) [hadoop-common-3.3.1.jar:?]
	at org.apache.hadoop.ipc.Server$RpcCall.run(Server.java:1035) [hadoop-common-3.3.1.jar:?]
	at org.apache.hadoop.ipc.Server$RpcCall.run(Server.java:963) [hadoop-common-3.3.1.jar:?]
	at java.security.AccessController.doPrivileged(Native Method) ~[?:1.8.0_332]
	at javax.security.auth.Subject.doAs(Subject.java:422) [?:1.8.0_332]
	at org.apache.hadoop.security.UserGroupInformation.doAs(UserGroupInformation.java:1878) [hadoop-common-3.3.1.jar:?]
	at org.apache.hadoop.ipc.Server$Handler.run(Server.java:2966) [hadoop-common-3.3.1.jar:?]
23:46:32.413 [IPC Server handler 4 on default port 34097] ERROR OMAudit - user=runner | ip=127.0.0.1 | op=GET_FILE_STATUS {volume=volume05206, bucket=bucket45514, key=level0/level1/file1, dataSize=0, replicationConfig=null} | ret=FAILURE
org.apache.hadoop.ozone.om.exceptions.OMException: Unable to get file status: volume: volume05206 bucket: bucket45514 key: level0/level1/file1
	at org.apache.hadoop.ozone.om.KeyManagerImpl.getOzoneFileStatus(KeyManagerImpl.java:1311) ~[ozone-manager-1.3.0-SNAPSHOT.jar:?]
	at org.apache.hadoop.ozone.om.KeyManagerImpl.getFileStatus(KeyManagerImpl.java:1241) ~[ozone-manager-1.3.0-SNAPSHOT.jar:?]
	at org.apache.hadoop.ozone.om.OzoneManager.getFileStatus(OzoneManager.java:3419) ~[ozone-manager-1.3.0-SNAPSHOT.jar:?]
	at org.apache.hadoop.ozone.protocolPB.OzoneManagerRequestHandler.getOzoneFileStatus(OzoneManagerRequestHandler.java:871) ~[ozone-manager-1.3.0-SNAPSHOT.jar:?]
	at org.apache.hadoop.ozone.protocolPB.OzoneManagerRequestHandler.handleReadRequest(OzoneManagerRequestHandler.java:217) ~[ozone-manager-1.3.0-SNAPSHOT.jar:?]
	at org.apache.hadoop.ozone.protocolPB.OzoneManagerProtocolServerSideTranslatorPB.submitRequestDirectlyToOM(OzoneManagerProtocolServerSideTranslatorPB.java:276) ~[ozone-manager-1.3.0-SNAPSHOT.jar:?]
	at org.apache.hadoop.ozone.protocolPB.OzoneManagerProtocolServerSideTranslatorPB.processRequest(OzoneManagerProtocolServerSideTranslatorPB.java:205) ~[ozone-manager-1.3.0-SNAPSHOT.jar:?]
	at org.apache.hadoop.hdds.server.OzoneProtocolMessageDispatcher.processRequest(OzoneProtocolMessageDispatcher.java:87) [hdds-server-framework-1.3.0-SNAPSHOT.jar:?]
	at org.apache.hadoop.ozone.protocolPB.OzoneManagerProtocolServerSideTranslatorPB.submitRequest(OzoneManagerProtocolServerSideTranslatorPB.java:147) [ozone-manager-1.3.0-SNAPSHOT.jar:?]
	at org.apache.hadoop.ozone.protocol.proto.OzoneManagerProtocolProtos$OzoneManagerService$2.callBlockingMethod(OzoneManagerProtocolProtos.java) [ozone-interface-client-1.3.0-SNAPSHOT.jar:?]
	at org.apache.hadoop.ipc.ProtobufRpcEngine$Server.processCall(ProtobufRpcEngine.java:466) [hadoop-common-3.3.1.jar:?]
	at org.apache.hadoop.ipc.ProtobufRpcEngine2$Server$ProtoBufRpcInvoker.call(ProtobufRpcEngine2.java:574) [hadoop-common-3.3.1.jar:?]
	at org.apache.hadoop.ipc.ProtobufRpcEngine2$Server$ProtoBufRpcInvoker.call(ProtobufRpcEngine2.java:552) [hadoop-common-3.3.1.jar:?]
	at org.apache.hadoop.ipc.RPC$Server.call(RPC.java:1093) [hadoop-common-3.3.1.jar:?]
	at org.apache.hadoop.ipc.Server$RpcCall.run(Server.java:1035) [hadoop-common-3.3.1.jar:?]
	at org.apache.hadoop.ipc.Server$RpcCall.run(Server.java:963) [hadoop-common-3.3.1.jar:?]
	at java.security.AccessController.doPrivileged(Native Method) ~[?:1.8.0_332]
	at javax.security.auth.Subject.doAs(Subject.java:422) [?:1.8.0_332]
	at org.apache.hadoop.security.UserGroupInformation.doAs(UserGroupInformation.java:1878) [hadoop-common-3.3.1.jar:?]
	at org.apache.hadoop.ipc.Server$Handler.run(Server.java:2966) [hadoop-common-3.3.1.jar:?]
23:46:32.413 [IPC Server handler 13 on default port 34097] ERROR OMAudit - user=runner | ip=127.0.0.1 | op=GET_FILE_STATUS {volume=volume05206, bucket=bucket45514, key=level0/level1/level1/file1, dataSize=0, replicationConfig=null} | ret=FAILURE
org.apache.hadoop.ozone.om.exceptions.OMException: Unable to get file status: volume: volume05206 bucket: bucket45514 key: level0/level1/level1/file1
	at org.apache.hadoop.ozone.om.KeyManagerImpl.getOzoneFileStatus(KeyManagerImpl.java:1311) ~[ozone-manager-1.3.0-SNAPSHOT.jar:?]
	at org.apache.hadoop.ozone.om.KeyManagerImpl.getFileStatus(KeyManagerImpl.java:1241) ~[ozone-manager-1.3.0-SNAPSHOT.jar:?]
	at org.apache.hadoop.ozone.om.OzoneManager.getFileStatus(OzoneManager.java:3419) ~[ozone-manager-1.3.0-SNAPSHOT.jar:?]
	at org.apache.hadoop.ozone.protocolPB.OzoneManagerRequestHandler.getOzoneFileStatus(OzoneManagerRequestHandler.java:871) ~[ozone-manager-1.3.0-SNAPSHOT.jar:?]
	at org.apache.hadoop.ozone.protocolPB.OzoneManagerRequestHandler.handleReadRequest(OzoneManagerRequestHandler.java:217) ~[ozone-manager-1.3.0-SNAPSHOT.jar:?]
	at org.apache.hadoop.ozone.protocolPB.OzoneManagerProtocolServerSideTranslatorPB.submitRequestDirectlyToOM(OzoneManagerProtocolServerSideTranslatorPB.java:276) ~[ozone-manager-1.3.0-SNAPSHOT.jar:?]
	at org.apache.hadoop.ozone.protocolPB.OzoneManagerProtocolServerSideTranslatorPB.processRequest(OzoneManagerProtocolServerSideTranslatorPB.java:205) ~[ozone-manager-1.3.0-SNAPSHOT.jar:?]
	at org.apache.hadoop.hdds.server.OzoneProtocolMessageDispatcher.processRequest(OzoneProtocolMessageDispatcher.java:87) [hdds-server-framework-1.3.0-SNAPSHOT.jar:?]
	at org.apache.hadoop.ozone.protocolPB.OzoneManagerProtocolServerSideTranslatorPB.submitRequest(OzoneManagerProtocolServerSideTranslatorPB.java:147) [ozone-manager-1.3.0-SNAPSHOT.jar:?]
	at org.apache.hadoop.ozone.protocol.proto.OzoneManagerProtocolProtos$OzoneManagerService$2.callBlockingMethod(OzoneManagerProtocolProtos.java) [ozone-interface-client-1.3.0-SNAPSHOT.jar:?]
	at org.apache.hadoop.ipc.ProtobufRpcEngine$Server.processCall(ProtobufRpcEngine.java:466) [hadoop-common-3.3.1.jar:?]
	at org.apache.hadoop.ipc.ProtobufRpcEngine2$Server$ProtoBufRpcInvoker.call(ProtobufRpcEngine2.java:574) [hadoop-common-3.3.1.jar:?]
	at org.apache.hadoop.ipc.ProtobufRpcEngine2$Server$ProtoBufRpcInvoker.call(ProtobufRpcEngine2.java:552) [hadoop-common-3.3.1.jar:?]
	at org.apache.hadoop.ipc.RPC$Server.call(RPC.java:1093) [hadoop-common-3.3.1.jar:?]
	at org.apache.hadoop.ipc.Server$RpcCall.run(Server.java:1035) [hadoop-common-3.3.1.jar:?]
	at org.apache.hadoop.ipc.Server$RpcCall.run(Server.java:963) [hadoop-common-3.3.1.jar:?]
	at java.security.AccessController.doPrivileged(Native Method) ~[?:1.8.0_332]
	at javax.security.auth.Subject.doAs(Subject.java:422) [?:1.8.0_332]
	at org.apache.hadoop.security.UserGroupInformation.doAs(UserGroupInformation.java:1878) [hadoop-common-3.3.1.jar:?]
	at org.apache.hadoop.ipc.Server$Handler.run(Server.java:2966) [hadoop-common-3.3.1.jar:?]
23:46:32.414 [IPC Server handler 11 on default port 34097] ERROR OMAudit - user=runner | ip=127.0.0.1 | op=GET_FILE_STATUS {volume=volume05206, bucket=bucket45514, key=level0/level2, dataSize=0, replicationConfig=null} | ret=FAILURE
org.apache.hadoop.ozone.om.exceptions.OMException: Unable to get file status: volume: volume05206 bucket: bucket45514 key: level0/level2
	at org.apache.hadoop.ozone.om.KeyManagerImpl.getOzoneFileStatus(KeyManagerImpl.java:1311) ~[ozone-manager-1.3.0-SNAPSHOT.jar:?]
	at org.apache.hadoop.ozone.om.KeyManagerImpl.getFileStatus(KeyManagerImpl.java:1241) ~[ozone-manager-1.3.0-SNAPSHOT.jar:?]
	at org.apache.hadoop.ozone.om.OzoneManager.getFileStatus(OzoneManager.java:3419) ~[ozone-manager-1.3.0-SNAPSHOT.jar:?]
	at org.apache.hadoop.ozone.protocolPB.OzoneManagerRequestHandler.getOzoneFileStatus(OzoneManagerRequestHandler.java:871) ~[ozone-manager-1.3.0-SNAPSHOT.jar:?]
	at org.apache.hadoop.ozone.protocolPB.OzoneManagerRequestHandler.handleReadRequest(OzoneManagerRequestHandler.java:217) ~[ozone-manager-1.3.0-SNAPSHOT.jar:?]
	at org.apache.hadoop.ozone.protocolPB.OzoneManagerProtocolServerSideTranslatorPB.submitRequestDirectlyToOM(OzoneManagerProtocolServerSideTranslatorPB.java:276) ~[ozone-manager-1.3.0-SNAPSHOT.jar:?]
	at org.apache.hadoop.ozone.protocolPB.OzoneManagerProtocolServerSideTranslatorPB.processRequest(OzoneManagerProtocolServerSideTranslatorPB.java:205) ~[ozone-manager-1.3.0-SNAPSHOT.jar:?]
	at org.apache.hadoop.hdds.server.OzoneProtocolMessageDispatcher.processRequest(OzoneProtocolMessageDispatcher.java:87) [hdds-server-framework-1.3.0-SNAPSHOT.jar:?]
	at org.apache.hadoop.ozone.protocolPB.OzoneManagerProtocolServerSideTranslatorPB.submitRequest(OzoneManagerProtocolServerSideTranslatorPB.java:147) [ozone-manager-1.3.0-SNAPSHOT.jar:?]
	at org.apache.hadoop.ozone.protocol.proto.OzoneManagerProtocolProtos$OzoneManagerService$2.callBlockingMethod(OzoneManagerProtocolProtos.java) [ozone-interface-client-1.3.0-SNAPSHOT.jar:?]
	at org.apache.hadoop.ipc.ProtobufRpcEngine$Server.processCall(ProtobufRpcEngine.java:466) [hadoop-common-3.3.1.jar:?]
	at org.apache.hadoop.ipc.ProtobufRpcEngine2$Server$ProtoBufRpcInvoker.call(ProtobufRpcEngine2.java:574) [hadoop-common-3.3.1.jar:?]
	at org.apache.hadoop.ipc.ProtobufRpcEngine2$Server$ProtoBufRpcInvoker.call(ProtobufRpcEngine2.java:552) [hadoop-common-3.3.1.jar:?]
	at org.apache.hadoop.ipc.RPC$Server.call(RPC.java:1093) [hadoop-common-3.3.1.jar:?]
	at org.apache.hadoop.ipc.Server$RpcCall.run(Server.java:1035) [hadoop-common-3.3.1.jar:?]
	at org.apache.hadoop.ipc.Server$RpcCall.run(Server.java:963) [hadoop-common-3.3.1.jar:?]
	at java.security.AccessController.doPrivileged(Native Method) ~[?:1.8.0_332]
	at javax.security.auth.Subject.doAs(Subject.java:422) [?:1.8.0_332]
	at org.apache.hadoop.security.UserGroupInformation.doAs(UserGroupInformation.java:1878) [hadoop-common-3.3.1.jar:?]
	at org.apache.hadoop.ipc.Server$Handler.run(Server.java:2966) [hadoop-common-3.3.1.jar:?]
23:46:32.415 [IPC Server handler 12 on default port 34097] ERROR OMAudit - user=runner | ip=127.0.0.1 | op=GET_FILE_STATUS {volume=volume05206, bucket=bucket45514, key=level0/level2/level2, dataSize=0, replicationConfig=null} | ret=FAILURE
org.apache.hadoop.ozone.om.exceptions.OMException: Unable to get file status: volume: volume05206 bucket: bucket45514 key: level0/level2/level2
	at org.apache.hadoop.ozone.om.KeyManagerImpl.getOzoneFileStatus(KeyManagerImpl.java:1311) ~[ozone-manager-1.3.0-SNAPSHOT.jar:?]
	at org.apache.hadoop.ozone.om.KeyManagerImpl.getFileStatus(KeyManagerImpl.java:1241) ~[ozone-manager-1.3.0-SNAPSHOT.jar:?]
	at org.apache.hadoop.ozone.om.OzoneManager.getFileStatus(OzoneManager.java:3419) ~[ozone-manager-1.3.0-SNAPSHOT.jar:?]
	at org.apache.hadoop.ozone.protocolPB.OzoneManagerRequestHandler.getOzoneFileStatus(OzoneManagerRequestHandler.java:871) ~[ozone-manager-1.3.0-SNAPSHOT.jar:?]
	at org.apache.hadoop.ozone.protocolPB.OzoneManagerRequestHandler.handleReadRequest(OzoneManagerRequestHandler.java:217) ~[ozone-manager-1.3.0-SNAPSHOT.jar:?]
	at org.apache.hadoop.ozone.protocolPB.OzoneManagerProtocolServerSideTranslatorPB.submitRequestDirectlyToOM(OzoneManagerProtocolServerSideTranslatorPB.java:276) ~[ozone-manager-1.3.0-SNAPSHOT.jar:?]
	at org.apache.hadoop.ozone.protocolPB.OzoneManagerProtocolServerSideTranslatorPB.processRequest(OzoneManagerProtocolServerSideTranslatorPB.java:205) ~[ozone-manager-1.3.0-SNAPSHOT.jar:?]
	at org.apache.hadoop.hdds.server.OzoneProtocolMessageDispatcher.processRequest(OzoneProtocolMessageDispatcher.java:87) [hdds-server-framework-1.3.0-SNAPSHOT.jar:?]
	at org.apache.hadoop.ozone.protocolPB.OzoneManagerProtocolServerSideTranslatorPB.submitRequest(OzoneManagerProtocolServerSideTranslatorPB.java:147) [ozone-manager-1.3.0-SNAPSHOT.jar:?]
	at org.apache.hadoop.ozone.protocol.proto.OzoneManagerProtocolProtos$OzoneManagerService$2.callBlockingMethod(OzoneManagerProtocolProtos.java) [ozone-interface-client-1.3.0-SNAPSHOT.jar:?]
	at org.apache.hadoop.ipc.ProtobufRpcEngine$Server.processCall(ProtobufRpcEngine.java:466) [hadoop-common-3.3.1.jar:?]
	at org.apache.hadoop.ipc.ProtobufRpcEngine2$Server$ProtoBufRpcInvoker.call(ProtobufRpcEngine2.java:574) [hadoop-common-3.3.1.jar:?]
	at org.apache.hadoop.ipc.ProtobufRpcEngine2$Server$ProtoBufRpcInvoker.call(ProtobufRpcEngine2.java:552) [hadoop-common-3.3.1.jar:?]
	at org.apache.hadoop.ipc.RPC$Server.call(RPC.java:1093) [hadoop-common-3.3.1.jar:?]
	at org.apache.hadoop.ipc.Server$RpcCall.run(Server.java:1035) [hadoop-common-3.3.1.jar:?]
	at org.apache.hadoop.ipc.Server$RpcCall.run(Server.java:963) [hadoop-common-3.3.1.jar:?]
	at java.security.AccessController.doPrivileged(Native Method) ~[?:1.8.0_332]
	at javax.security.auth.Subject.doAs(Subject.java:422) [?:1.8.0_332]
	at org.apache.hadoop.security.UserGroupInformation.doAs(UserGroupInformation.java:1878) [hadoop-common-3.3.1.jar:?]
	at org.apache.hadoop.ipc.Server$Handler.run(Server.java:2966) [hadoop-common-3.3.1.jar:?]
23:46:32.416 [IPC Server handler 10 on default port 34097] ERROR OMAudit - user=runner | ip=127.0.0.1 | op=GET_FILE_STATUS {volume=volume05206, bucket=bucket45514, key=level0/level2/file1, dataSize=0, replicationConfig=null} | ret=FAILURE
org.apache.hadoop.ozone.om.exceptions.OMException: Unable to get file status: volume: volume05206 bucket: bucket45514 key: level0/level2/file1
	at org.apache.hadoop.ozone.om.KeyManagerImpl.getOzoneFileStatus(KeyManagerImpl.java:1311) ~[ozone-manager-1.3.0-SNAPSHOT.jar:?]
	at org.apache.hadoop.ozone.om.KeyManagerImpl.getFileStatus(KeyManagerImpl.java:1241) ~[ozone-manager-1.3.0-SNAPSHOT.jar:?]
	at org.apache.hadoop.ozone.om.OzoneManager.getFileStatus(OzoneManager.java:3419) ~[ozone-manager-1.3.0-SNAPSHOT.jar:?]
	at org.apache.hadoop.ozone.protocolPB.OzoneManagerRequestHandler.getOzoneFileStatus(OzoneManagerRequestHandler.java:871) ~[ozone-manager-1.3.0-SNAPSHOT.jar:?]
	at org.apache.hadoop.ozone.protocolPB.OzoneManagerRequestHandler.handleReadRequest(OzoneManagerRequestHandler.java:217) ~[ozone-manager-1.3.0-SNAPSHOT.jar:?]
	at org.apache.hadoop.ozone.protocolPB.OzoneManagerProtocolServerSideTranslatorPB.submitRequestDirectlyToOM(OzoneManagerProtocolServerSideTranslatorPB.java:276) ~[ozone-manager-1.3.0-SNAPSHOT.jar:?]
	at org.apache.hadoop.ozone.protocolPB.OzoneManagerProtocolServerSideTranslatorPB.processRequest(OzoneManagerProtocolServerSideTranslatorPB.java:205) ~[ozone-manager-1.3.0-SNAPSHOT.jar:?]
	at org.apache.hadoop.hdds.server.OzoneProtocolMessageDispatcher.processRequest(OzoneProtocolMessageDispatcher.java:87) [hdds-server-framework-1.3.0-SNAPSHOT.jar:?]
	at org.apache.hadoop.ozone.protocolPB.OzoneManagerProtocolServerSideTranslatorPB.submitRequest(OzoneManagerProtocolServerSideTranslatorPB.java:147) [ozone-manager-1.3.0-SNAPSHOT.jar:?]
	at org.apache.hadoop.ozone.protocol.proto.OzoneManagerProtocolProtos$OzoneManagerService$2.callBlockingMethod(OzoneManagerProtocolProtos.java) [ozone-interface-client-1.3.0-SNAPSHOT.jar:?]
	at org.apache.hadoop.ipc.ProtobufRpcEngine$Server.processCall(ProtobufRpcEngine.java:466) [hadoop-common-3.3.1.jar:?]
	at org.apache.hadoop.ipc.ProtobufRpcEngine2$Server$ProtoBufRpcInvoker.call(ProtobufRpcEngine2.java:574) [hadoop-common-3.3.1.jar:?]
	at org.apache.hadoop.ipc.ProtobufRpcEngine2$Server$ProtoBufRpcInvoker.call(ProtobufRpcEngine2.java:552) [hadoop-common-3.3.1.jar:?]
	at org.apache.hadoop.ipc.RPC$Server.call(RPC.java:1093) [hadoop-common-3.3.1.jar:?]
	at org.apache.hadoop.ipc.Server$RpcCall.run(Server.java:1035) [hadoop-common-3.3.1.jar:?]
	at org.apache.hadoop.ipc.Server$RpcCall.run(Server.java:963) [hadoop-common-3.3.1.jar:?]
	at java.security.AccessController.doPrivileged(Native Method) ~[?:1.8.0_332]
	at javax.security.auth.Subject.doAs(Subject.java:422) [?:1.8.0_332]
	at org.apache.hadoop.security.UserGroupInformation.doAs(UserGroupInformation.java:1878) [hadoop-common-3.3.1.jar:?]
	at org.apache.hadoop.ipc.Server$Handler.run(Server.java:2966) [hadoop-common-3.3.1.jar:?]
23:46:32.416 [IPC Server handler 9 on default port 34097] ERROR OMAudit - user=runner | ip=127.0.0.1 | op=GET_FILE_STATUS {volume=volume05206, bucket=bucket45514, key=level0/level2/level2/file1, dataSize=0, replicationConfig=null} | ret=FAILURE
org.apache.hadoop.ozone.om.exceptions.OMException: Unable to get file status: volume: volume05206 bucket: bucket45514 key: level0/level2/level2/file1
	at org.apache.hadoop.ozone.om.KeyManagerImpl.getOzoneFileStatus(KeyManagerImpl.java:1311) ~[ozone-manager-1.3.0-SNAPSHOT.jar:?]
	at org.apache.hadoop.ozone.om.KeyManagerImpl.getFileStatus(KeyManagerImpl.java:1241) ~[ozone-manager-1.3.0-SNAPSHOT.jar:?]
	at org.apache.hadoop.ozone.om.OzoneManager.getFileStatus(OzoneManager.java:3419) ~[ozone-manager-1.3.0-SNAPSHOT.jar:?]
	at org.apache.hadoop.ozone.protocolPB.OzoneManagerRequestHandler.getOzoneFileStatus(OzoneManagerRequestHandler.java:871) ~[ozone-manager-1.3.0-SNAPSHOT.jar:?]
	at org.apache.hadoop.ozone.protocolPB.OzoneManagerRequestHandler.handleReadRequest(OzoneManagerRequestHandler.java:217) ~[ozone-manager-1.3.0-SNAPSHOT.jar:?]
	at org.apache.hadoop.ozone.protocolPB.OzoneManagerProtocolServerSideTranslatorPB.submitRequestDirectlyToOM(OzoneManagerProtocolServerSideTranslatorPB.java:276) ~[ozone-manager-1.3.0-SNAPSHOT.jar:?]
	at org.apache.hadoop.ozone.protocolPB.OzoneManagerProtocolServerSideTranslatorPB.processRequest(OzoneManagerProtocolServerSideTranslatorPB.java:205) ~[ozone-manager-1.3.0-SNAPSHOT.jar:?]
	at org.apache.hadoop.hdds.server.OzoneProtocolMessageDispatcher.processRequest(OzoneProtocolMessageDispatcher.java:87) [hdds-server-framework-1.3.0-SNAPSHOT.jar:?]
	at org.apache.hadoop.ozone.protocolPB.OzoneManagerProtocolServerSideTranslatorPB.submitRequest(OzoneManagerProtocolServerSideTranslatorPB.java:147) [ozone-manager-1.3.0-SNAPSHOT.jar:?]
	at org.apache.hadoop.ozone.protocol.proto.OzoneManagerProtocolProtos$OzoneManagerService$2.callBlockingMethod(OzoneManagerProtocolProtos.java) [ozone-interface-client-1.3.0-SNAPSHOT.jar:?]
	at org.apache.hadoop.ipc.ProtobufRpcEngine$Server.processCall(ProtobufRpcEngine.java:466) [hadoop-common-3.3.1.jar:?]
	at org.apache.hadoop.ipc.ProtobufRpcEngine2$Server$ProtoBufRpcInvoker.call(ProtobufRpcEngine2.java:574) [hadoop-common-3.3.1.jar:?]
	at org.apache.hadoop.ipc.ProtobufRpcEngine2$Server$ProtoBufRpcInvoker.call(ProtobufRpcEngine2.java:552) [hadoop-common-3.3.1.jar:?]
	at org.apache.hadoop.ipc.RPC$Server.call(RPC.java:1093) [hadoop-common-3.3.1.jar:?]
	at org.apache.hadoop.ipc.Server$RpcCall.run(Server.java:1035) [hadoop-common-3.3.1.jar:?]
	at org.apache.hadoop.ipc.Server$RpcCall.run(Server.java:963) [hadoop-common-3.3.1.jar:?]
	at java.security.AccessController.doPrivileged(Native Method) ~[?:1.8.0_332]
	at javax.security.auth.Subject.doAs(Subject.java:422) [?:1.8.0_332]
	at org.apache.hadoop.security.UserGroupInformation.doAs(UserGroupInformation.java:1878) [hadoop-common-3.3.1.jar:?]
	at org.apache.hadoop.ipc.Server$Handler.run(Server.java:2966) [hadoop-common-3.3.1.jar:?]
23:46:32.417 [IPC Server handler 8 on default port 34097] ERROR OMAudit - user=runner | ip=127.0.0.1 | op=GET_FILE_STATUS {volume=volume05206, bucket=bucket45514, key=level0/level3, dataSize=0, replicationConfig=null} | ret=FAILURE
org.apache.hadoop.ozone.om.exceptions.OMException: Unable to get file status: volume: volume05206 bucket: bucket45514 key: level0/level3
	at org.apache.hadoop.ozone.om.KeyManagerImpl.getOzoneFileStatus(KeyManagerImpl.java:1311) ~[ozone-manager-1.3.0-SNAPSHOT.jar:?]
	at org.apache.hadoop.ozone.om.KeyManagerImpl.getFileStatus(KeyManagerImpl.java:1241) ~[ozone-manager-1.3.0-SNAPSHOT.jar:?]
	at org.apache.hadoop.ozone.om.OzoneManager.getFileStatus(OzoneManager.java:3419) ~[ozone-manager-1.3.0-SNAPSHOT.jar:?]
	at org.apache.hadoop.ozone.protocolPB.OzoneManagerRequestHandler.getOzoneFileStatus(OzoneManagerRequestHandler.java:871) ~[ozone-manager-1.3.0-SNAPSHOT.jar:?]
	at org.apache.hadoop.ozone.protocolPB.OzoneManagerRequestHandler.handleReadRequest(OzoneManagerRequestHandler.java:217) ~[ozone-manager-1.3.0-SNAPSHOT.jar:?]
	at org.apache.hadoop.ozone.protocolPB.OzoneManagerProtocolServerSideTranslatorPB.submitRequestDirectlyToOM(OzoneManagerProtocolServerSideTranslatorPB.java:276) ~[ozone-manager-1.3.0-SNAPSHOT.jar:?]
	at org.apache.hadoop.ozone.protocolPB.OzoneManagerProtocolServerSideTranslatorPB.processRequest(OzoneManagerProtocolServerSideTranslatorPB.java:205) ~[ozone-manager-1.3.0-SNAPSHOT.jar:?]
	at org.apache.hadoop.hdds.server.OzoneProtocolMessageDispatcher.processRequest(OzoneProtocolMessageDispatcher.java:87) [hdds-server-framework-1.3.0-SNAPSHOT.jar:?]
	at org.apache.hadoop.ozone.protocolPB.OzoneManagerProtocolServerSideTranslatorPB.submitRequest(OzoneManagerProtocolServerSideTranslatorPB.java:147) [ozone-manager-1.3.0-SNAPSHOT.jar:?]
	at org.apache.hadoop.ozone.protocol.proto.OzoneManagerProtocolProtos$OzoneManagerService$2.callBlockingMethod(OzoneManagerProtocolProtos.java) [ozone-interface-client-1.3.0-SNAPSHOT.jar:?]
	at org.apache.hadoop.ipc.ProtobufRpcEngine$Server.processCall(ProtobufRpcEngine.java:466) [hadoop-common-3.3.1.jar:?]
	at org.apache.hadoop.ipc.ProtobufRpcEngine2$Server$ProtoBufRpcInvoker.call(ProtobufRpcEngine2.java:574) [hadoop-common-3.3.1.jar:?]
	at org.apache.hadoop.ipc.ProtobufRpcEngine2$Server$ProtoBufRpcInvoker.call(ProtobufRpcEngine2.java:552) [hadoop-common-3.3.1.jar:?]
	at org.apache.hadoop.ipc.RPC$Server.call(RPC.java:1093) [hadoop-common-3.3.1.jar:?]
	at org.apache.hadoop.ipc.Server$RpcCall.run(Server.java:1035) [hadoop-common-3.3.1.jar:?]
	at org.apache.hadoop.ipc.Server$RpcCall.run(Server.java:963) [hadoop-common-3.3.1.jar:?]
	at java.security.AccessController.doPrivileged(Native Method) ~[?:1.8.0_332]
	at javax.security.auth.Subject.doAs(Subject.java:422) [?:1.8.0_332]
	at org.apache.hadoop.security.UserGroupInformation.doAs(UserGroupInformation.java:1878) [hadoop-common-3.3.1.jar:?]
	at org.apache.hadoop.ipc.Server$Handler.run(Server.java:2966) [hadoop-common-3.3.1.jar:?]
23:46:32.418 [IPC Server handler 7 on default port 34097] ERROR OMAudit - user=runner | ip=127.0.0.1 | op=GET_FILE_STATUS {volume=volume05206, bucket=bucket45514, key=level0/level3/level3, dataSize=0, replicationConfig=null} | ret=FAILURE
org.apache.hadoop.ozone.om.exceptions.OMException: Unable to get file status: volume: volume05206 bucket: bucket45514 key: level0/level3/level3
	at org.apache.hadoop.ozone.om.KeyManagerImpl.getOzoneFileStatus(KeyManagerImpl.java:1311) ~[ozone-manager-1.3.0-SNAPSHOT.jar:?]
	at org.apache.hadoop.ozone.om.KeyManagerImpl.getFileStatus(KeyManagerImpl.java:1241) ~[ozone-manager-1.3.0-SNAPSHOT.jar:?]
	at org.apache.hadoop.ozone.om.OzoneManager.getFileStatus(OzoneManager.java:3419) ~[ozone-manager-1.3.0-SNAPSHOT.jar:?]
	at org.apache.hadoop.ozone.protocolPB.OzoneManagerRequestHandler.getOzoneFileStatus(OzoneManagerRequestHandler.java:871) ~[ozone-manager-1.3.0-SNAPSHOT.jar:?]
	at org.apache.hadoop.ozone.protocolPB.OzoneManagerRequestHandler.handleReadRequest(OzoneManagerRequestHandler.java:217) ~[ozone-manager-1.3.0-SNAPSHOT.jar:?]
	at org.apache.hadoop.ozone.protocolPB.OzoneManagerProtocolServerSideTranslatorPB.submitRequestDirectlyToOM(OzoneManagerProtocolServerSideTranslatorPB.java:276) ~[ozone-manager-1.3.0-SNAPSHOT.jar:?]
	at org.apache.hadoop.ozone.protocolPB.OzoneManagerProtocolServerSideTranslatorPB.processRequest(OzoneManagerProtocolServerSideTranslatorPB.java:205) ~[ozone-manager-1.3.0-SNAPSHOT.jar:?]
	at org.apache.hadoop.hdds.server.OzoneProtocolMessageDispatcher.processRequest(OzoneProtocolMessageDispatcher.java:87) [hdds-server-framework-1.3.0-SNAPSHOT.jar:?]
	at org.apache.hadoop.ozone.protocolPB.OzoneManagerProtocolServerSideTranslatorPB.submitRequest(OzoneManagerProtocolServerSideTranslatorPB.java:147) [ozone-manager-1.3.0-SNAPSHOT.jar:?]
	at org.apache.hadoop.ozone.protocol.proto.OzoneManagerProtocolProtos$OzoneManagerService$2.callBlockingMethod(OzoneManagerProtocolProtos.java) [ozone-interface-client-1.3.0-SNAPSHOT.jar:?]
	at org.apache.hadoop.ipc.ProtobufRpcEngine$Server.processCall(ProtobufRpcEngine.java:466) [hadoop-common-3.3.1.jar:?]
	at org.apache.hadoop.ipc.ProtobufRpcEngine2$Server$ProtoBufRpcInvoker.call(ProtobufRpcEngine2.java:574) [hadoop-common-3.3.1.jar:?]
	at org.apache.hadoop.ipc.ProtobufRpcEngine2$Server$ProtoBufRpcInvoker.call(ProtobufRpcEngine2.java:552) [hadoop-common-3.3.1.jar:?]
	at org.apache.hadoop.ipc.RPC$Server.call(RPC.java:1093) [hadoop-common-3.3.1.jar:?]
	at org.apache.hadoop.ipc.Server$RpcCall.run(Server.java:1035) [hadoop-common-3.3.1.jar:?]
	at org.apache.hadoop.ipc.Server$RpcCall.run(Server.java:963) [hadoop-common-3.3.1.jar:?]
	at java.security.AccessController.doPrivileged(Native Method) ~[?:1.8.0_332]
	at javax.security.auth.Subject.doAs(Subject.java:422) [?:1.8.0_332]
	at org.apache.hadoop.security.UserGroupInformation.doAs(UserGroupInformation.java:1878) [hadoop-common-3.3.1.jar:?]
	at org.apache.hadoop.ipc.Server$Handler.run(Server.java:2966) [hadoop-common-3.3.1.jar:?]
23:46:32.418 [IPC Server handler 15 on default port 34097] ERROR OMAudit - user=runner | ip=127.0.0.1 | op=GET_FILE_STATUS {volume=volume05206, bucket=bucket45514, key=level0/level3/file1, dataSize=0, replicationConfig=null} | ret=FAILURE
org.apache.hadoop.ozone.om.exceptions.OMException: Unable to get file status: volume: volume05206 bucket: bucket45514 key: level0/level3/file1
	at org.apache.hadoop.ozone.om.KeyManagerImpl.getOzoneFileStatus(KeyManagerImpl.java:1311) ~[ozone-manager-1.3.0-SNAPSHOT.jar:?]
	at org.apache.hadoop.ozone.om.KeyManagerImpl.getFileStatus(KeyManagerImpl.java:1241) ~[ozone-manager-1.3.0-SNAPSHOT.jar:?]
	at org.apache.hadoop.ozone.om.OzoneManager.getFileStatus(OzoneManager.java:3419) ~[ozone-manager-1.3.0-SNAPSHOT.jar:?]
	at org.apache.hadoop.ozone.protocolPB.OzoneManagerRequestHandler.getOzoneFileStatus(OzoneManagerRequestHandler.java:871) ~[ozone-manager-1.3.0-SNAPSHOT.jar:?]
	at org.apache.hadoop.ozone.protocolPB.OzoneManagerRequestHandler.handleReadRequest(OzoneManagerRequestHandler.java:217) ~[ozone-manager-1.3.0-SNAPSHOT.jar:?]
	at org.apache.hadoop.ozone.protocolPB.OzoneManagerProtocolServerSideTranslatorPB.submitRequestDirectlyToOM(OzoneManagerProtocolServerSideTranslatorPB.java:276) ~[ozone-manager-1.3.0-SNAPSHOT.jar:?]
	at org.apache.hadoop.ozone.protocolPB.OzoneManagerProtocolServerSideTranslatorPB.processRequest(OzoneManagerProtocolServerSideTranslatorPB.java:205) ~[ozone-manager-1.3.0-SNAPSHOT.jar:?]
	at org.apache.hadoop.hdds.server.OzoneProtocolMessageDispatcher.processRequest(OzoneProtocolMessageDispatcher.java:87) [hdds-server-framework-1.3.0-SNAPSHOT.jar:?]
	at org.apache.hadoop.ozone.protocolPB.OzoneManagerProtocolServerSideTranslatorPB.submitRequest(OzoneManagerProtocolServerSideTranslatorPB.java:147) [ozone-manager-1.3.0-SNAPSHOT.jar:?]
	at org.apache.hadoop.ozone.protocol.proto.OzoneManagerProtocolProtos$OzoneManagerService$2.callBlockingMethod(OzoneManagerProtocolProtos.java) [ozone-interface-client-1.3.0-SNAPSHOT.jar:?]
	at org.apache.hadoop.ipc.ProtobufRpcEngine$Server.processCall(ProtobufRpcEngine.java:466) [hadoop-common-3.3.1.jar:?]
	at org.apache.hadoop.ipc.ProtobufRpcEngine2$Server$ProtoBufRpcInvoker.call(ProtobufRpcEngine2.java:574) [hadoop-common-3.3.1.jar:?]
	at org.apache.hadoop.ipc.ProtobufRpcEngine2$Server$ProtoBufRpcInvoker.call(ProtobufRpcEngine2.java:552) [hadoop-common-3.3.1.jar:?]
	at org.apache.hadoop.ipc.RPC$Server.call(RPC.java:1093) [hadoop-common-3.3.1.jar:?]
	at org.apache.hadoop.ipc.Server$RpcCall.run(Server.java:1035) [hadoop-common-3.3.1.jar:?]
	at org.apache.hadoop.ipc.Server$RpcCall.run(Server.java:963) [hadoop-common-3.3.1.jar:?]
	at java.security.AccessController.doPrivileged(Native Method) ~[?:1.8.0_332]
	at javax.security.auth.Subject.doAs(Subject.java:422) [?:1.8.0_332]
	at org.apache.hadoop.security.UserGroupInformation.doAs(UserGroupInformation.java:1878) [hadoop-common-3.3.1.jar:?]
	at org.apache.hadoop.ipc.Server$Handler.run(Server.java:2966) [hadoop-common-3.3.1.jar:?]
23:46:32.421 [IPC Server handler 14 on default port 34097] ERROR OMAudit - user=runner | ip=127.0.0.1 | op=GET_FILE_STATUS {volume=volume05206, bucket=bucket45514, key=level0/level3/level3/file1, dataSize=0, replicationConfig=null} | ret=FAILURE
org.apache.hadoop.ozone.om.exceptions.OMException: Unable to get file status: volume: volume05206 bucket: bucket45514 key: level0/level3/level3/file1
	at org.apache.hadoop.ozone.om.KeyManagerImpl.getOzoneFileStatus(KeyManagerImpl.java:1311) ~[ozone-manager-1.3.0-SNAPSHOT.jar:?]
	at org.apache.hadoop.ozone.om.KeyManagerImpl.getFileStatus(KeyManagerImpl.java:1241) ~[ozone-manager-1.3.0-SNAPSHOT.jar:?]
	at org.apache.hadoop.ozone.om.OzoneManager.getFileStatus(OzoneManager.java:3419) ~[ozone-manager-1.3.0-SNAPSHOT.jar:?]
	at org.apache.hadoop.ozone.protocolPB.OzoneManagerRequestHandler.getOzoneFileStatus(OzoneManagerRequestHandler.java:871) ~[ozone-manager-1.3.0-SNAPSHOT.jar:?]
	at org.apache.hadoop.ozone.protocolPB.OzoneManagerRequestHandler.handleReadRequest(OzoneManagerRequestHandler.java:217) ~[ozone-manager-1.3.0-SNAPSHOT.jar:?]
	at org.apache.hadoop.ozone.protocolPB.OzoneManagerProtocolServerSideTranslatorPB.submitRequestDirectlyToOM(OzoneManagerProtocolServerSideTranslatorPB.java:276) ~[ozone-manager-1.3.0-SNAPSHOT.jar:?]
	at org.apache.hadoop.ozone.protocolPB.OzoneManagerProtocolServerSideTranslatorPB.processRequest(OzoneManagerProtocolServerSideTranslatorPB.java:205) ~[ozone-manager-1.3.0-SNAPSHOT.jar:?]
	at org.apache.hadoop.hdds.server.OzoneProtocolMessageDispatcher.processRequest(OzoneProtocolMessageDispatcher.java:87) [hdds-server-framework-1.3.0-SNAPSHOT.jar:?]
	at org.apache.hadoop.ozone.protocolPB.OzoneManagerProtocolServerSideTranslatorPB.submitRequest(OzoneManagerProtocolServerSideTranslatorPB.java:147) [ozone-manager-1.3.0-SNAPSHOT.jar:?]
	at org.apache.hadoop.ozone.protocol.proto.OzoneManagerProtocolProtos$OzoneManagerService$2.callBlockingMethod(OzoneManagerProtocolProtos.java) [ozone-interface-client-1.3.0-SNAPSHOT.jar:?]
	at org.apache.hadoop.ipc.ProtobufRpcEngine$Server.processCall(ProtobufRpcEngine.java:466) [hadoop-common-3.3.1.jar:?]
	at org.apache.hadoop.ipc.ProtobufRpcEngine2$Server$ProtoBufRpcInvoker.call(ProtobufRpcEngine2.java:574) [hadoop-common-3.3.1.jar:?]
	at org.apache.hadoop.ipc.ProtobufRpcEngine2$Server$ProtoBufRpcInvoker.call(ProtobufRpcEngine2.java:552) [hadoop-common-3.3.1.jar:?]
	at org.apache.hadoop.ipc.RPC$Server.call(RPC.java:1093) [hadoop-common-3.3.1.jar:?]
	at org.apache.hadoop.ipc.Server$RpcCall.run(Server.java:1035) [hadoop-common-3.3.1.jar:?]
	at org.apache.hadoop.ipc.Server$RpcCall.run(Server.java:963) [hadoop-common-3.3.1.jar:?]
	at java.security.AccessController.doPrivileged(Native Method) ~[?:1.8.0_332]
	at javax.security.auth.Subject.doAs(Subject.java:422) [?:1.8.0_332]
	at org.apache.hadoop.security.UserGroupInformation.doAs(UserGroupInformation.java:1878) [hadoop-common-3.3.1.jar:?]
	at org.apache.hadoop.ipc.Server$Handler.run(Server.java:2966) [hadoop-common-3.3.1.jar:?]
]]></system-out>
  </testcase>
  <testcase name="testRecursiveDelete" classname="TestOzoneFileSystem" time="0.23">
    <system-out><![CDATA[23:49:34.441 [IPC Server handler 8 on default port 33165] ERROR OMAudit - user=runner | ip=127.0.0.1 | op=GET_FILE_STATUS {volume=volume99794, bucket=bucket10019, key=gdir1, dataSize=0, replicationConfig=null} | ret=FAILURE
org.apache.hadoop.ozone.om.exceptions.OMException: Unable to get file status: volume: volume99794 bucket: bucket10019 key: gdir1
	at org.apache.hadoop.ozone.om.KeyManagerImpl.getOzoneFileStatus(KeyManagerImpl.java:1311) ~[ozone-manager-1.3.0-SNAPSHOT.jar:?]
	at org.apache.hadoop.ozone.om.KeyManagerImpl.getFileStatus(KeyManagerImpl.java:1241) ~[ozone-manager-1.3.0-SNAPSHOT.jar:?]
	at org.apache.hadoop.ozone.om.OzoneManager.getFileStatus(OzoneManager.java:3419) ~[ozone-manager-1.3.0-SNAPSHOT.jar:?]
	at org.apache.hadoop.ozone.protocolPB.OzoneManagerRequestHandler.getOzoneFileStatus(OzoneManagerRequestHandler.java:871) ~[ozone-manager-1.3.0-SNAPSHOT.jar:?]
	at org.apache.hadoop.ozone.protocolPB.OzoneManagerRequestHandler.handleReadRequest(OzoneManagerRequestHandler.java:217) ~[ozone-manager-1.3.0-SNAPSHOT.jar:?]
	at org.apache.hadoop.ozone.protocolPB.OzoneManagerProtocolServerSideTranslatorPB.submitReadRequestToOM(OzoneManagerProtocolServerSideTranslatorPB.java:226) ~[ozone-manager-1.3.0-SNAPSHOT.jar:?]
	at org.apache.hadoop.ozone.protocolPB.OzoneManagerProtocolServerSideTranslatorPB.processRequest(OzoneManagerProtocolServerSideTranslatorPB.java:175) ~[ozone-manager-1.3.0-SNAPSHOT.jar:?]
	at org.apache.hadoop.hdds.server.OzoneProtocolMessageDispatcher.processRequest(OzoneProtocolMessageDispatcher.java:87) [hdds-server-framework-1.3.0-SNAPSHOT.jar:?]
	at org.apache.hadoop.ozone.protocolPB.OzoneManagerProtocolServerSideTranslatorPB.submitRequest(OzoneManagerProtocolServerSideTranslatorPB.java:147) [ozone-manager-1.3.0-SNAPSHOT.jar:?]
	at org.apache.hadoop.ozone.protocol.proto.OzoneManagerProtocolProtos$OzoneManagerService$2.callBlockingMethod(OzoneManagerProtocolProtos.java) [ozone-interface-client-1.3.0-SNAPSHOT.jar:?]
	at org.apache.hadoop.ipc.ProtobufRpcEngine$Server.processCall(ProtobufRpcEngine.java:466) [hadoop-common-3.3.1.jar:?]
	at org.apache.hadoop.ipc.ProtobufRpcEngine2$Server$ProtoBufRpcInvoker.call(ProtobufRpcEngine2.java:574) [hadoop-common-3.3.1.jar:?]
	at org.apache.hadoop.ipc.ProtobufRpcEngine2$Server$ProtoBufRpcInvoker.call(ProtobufRpcEngine2.java:552) [hadoop-common-3.3.1.jar:?]
	at org.apache.hadoop.ipc.RPC$Server.call(RPC.java:1093) [hadoop-common-3.3.1.jar:?]
	at org.apache.hadoop.ipc.Server$RpcCall.run(Server.java:1035) [hadoop-common-3.3.1.jar:?]
	at org.apache.hadoop.ipc.Server$RpcCall.run(Server.java:963) [hadoop-common-3.3.1.jar:?]
	at java.security.AccessController.doPrivileged(Native Method) ~[?:1.8.0_332]
	at javax.security.auth.Subject.doAs(Subject.java:422) [?:1.8.0_332]
	at org.apache.hadoop.security.UserGroupInformation.doAs(UserGroupInformation.java:1878) [hadoop-common-3.3.1.jar:?]
	at org.apache.hadoop.ipc.Server$Handler.run(Server.java:2966) [hadoop-common-3.3.1.jar:?]
23:49:34.442 [IPC Server handler 2 on default port 33165] ERROR OMAudit - user=runner | ip=127.0.0.1 | op=GET_FILE_STATUS {volume=volume99794, bucket=bucket10019, key=gdir1/dir1, dataSize=0, replicationConfig=null} | ret=FAILURE
org.apache.hadoop.ozone.om.exceptions.OMException: Unable to get file status: volume: volume99794 bucket: bucket10019 key: gdir1/dir1
	at org.apache.hadoop.ozone.om.KeyManagerImpl.getOzoneFileStatus(KeyManagerImpl.java:1311) ~[ozone-manager-1.3.0-SNAPSHOT.jar:?]
	at org.apache.hadoop.ozone.om.KeyManagerImpl.getFileStatus(KeyManagerImpl.java:1241) ~[ozone-manager-1.3.0-SNAPSHOT.jar:?]
	at org.apache.hadoop.ozone.om.OzoneManager.getFileStatus(OzoneManager.java:3419) ~[ozone-manager-1.3.0-SNAPSHOT.jar:?]
	at org.apache.hadoop.ozone.protocolPB.OzoneManagerRequestHandler.getOzoneFileStatus(OzoneManagerRequestHandler.java:871) ~[ozone-manager-1.3.0-SNAPSHOT.jar:?]
	at org.apache.hadoop.ozone.protocolPB.OzoneManagerRequestHandler.handleReadRequest(OzoneManagerRequestHandler.java:217) ~[ozone-manager-1.3.0-SNAPSHOT.jar:?]
	at org.apache.hadoop.ozone.protocolPB.OzoneManagerProtocolServerSideTranslatorPB.submitReadRequestToOM(OzoneManagerProtocolServerSideTranslatorPB.java:226) ~[ozone-manager-1.3.0-SNAPSHOT.jar:?]
	at org.apache.hadoop.ozone.protocolPB.OzoneManagerProtocolServerSideTranslatorPB.processRequest(OzoneManagerProtocolServerSideTranslatorPB.java:175) ~[ozone-manager-1.3.0-SNAPSHOT.jar:?]
	at org.apache.hadoop.hdds.server.OzoneProtocolMessageDispatcher.processRequest(OzoneProtocolMessageDispatcher.java:87) [hdds-server-framework-1.3.0-SNAPSHOT.jar:?]
	at org.apache.hadoop.ozone.protocolPB.OzoneManagerProtocolServerSideTranslatorPB.submitRequest(OzoneManagerProtocolServerSideTranslatorPB.java:147) [ozone-manager-1.3.0-SNAPSHOT.jar:?]
	at org.apache.hadoop.ozone.protocol.proto.OzoneManagerProtocolProtos$OzoneManagerService$2.callBlockingMethod(OzoneManagerProtocolProtos.java) [ozone-interface-client-1.3.0-SNAPSHOT.jar:?]
	at org.apache.hadoop.ipc.ProtobufRpcEngine$Server.processCall(ProtobufRpcEngine.java:466) [hadoop-common-3.3.1.jar:?]
	at org.apache.hadoop.ipc.ProtobufRpcEngine2$Server$ProtoBufRpcInvoker.call(ProtobufRpcEngine2.java:574) [hadoop-common-3.3.1.jar:?]
	at org.apache.hadoop.ipc.ProtobufRpcEngine2$Server$ProtoBufRpcInvoker.call(ProtobufRpcEngine2.java:552) [hadoop-common-3.3.1.jar:?]
	at org.apache.hadoop.ipc.RPC$Server.call(RPC.java:1093) [hadoop-common-3.3.1.jar:?]
	at org.apache.hadoop.ipc.Server$RpcCall.run(Server.java:1035) [hadoop-common-3.3.1.jar:?]
	at org.apache.hadoop.ipc.Server$RpcCall.run(Server.java:963) [hadoop-common-3.3.1.jar:?]
	at java.security.AccessController.doPrivileged(Native Method) ~[?:1.8.0_332]
	at javax.security.auth.Subject.doAs(Subject.java:422) [?:1.8.0_332]
	at org.apache.hadoop.security.UserGroupInformation.doAs(UserGroupInformation.java:1878) [hadoop-common-3.3.1.jar:?]
	at org.apache.hadoop.ipc.Server$Handler.run(Server.java:2966) [hadoop-common-3.3.1.jar:?]
23:49:34.443 [IPC Server handler 15 on default port 33165] ERROR OMAudit - user=runner | ip=127.0.0.1 | op=GET_FILE_STATUS {volume=volume99794, bucket=bucket10019, key=gdir1/dir1/child, dataSize=0, replicationConfig=null} | ret=FAILURE
org.apache.hadoop.ozone.om.exceptions.OMException: Unable to get file status: volume: volume99794 bucket: bucket10019 key: gdir1/dir1/child
	at org.apache.hadoop.ozone.om.KeyManagerImpl.getOzoneFileStatus(KeyManagerImpl.java:1311) ~[ozone-manager-1.3.0-SNAPSHOT.jar:?]
	at org.apache.hadoop.ozone.om.KeyManagerImpl.getFileStatus(KeyManagerImpl.java:1241) ~[ozone-manager-1.3.0-SNAPSHOT.jar:?]
	at org.apache.hadoop.ozone.om.OzoneManager.getFileStatus(OzoneManager.java:3419) ~[ozone-manager-1.3.0-SNAPSHOT.jar:?]
	at org.apache.hadoop.ozone.protocolPB.OzoneManagerRequestHandler.getOzoneFileStatus(OzoneManagerRequestHandler.java:871) ~[ozone-manager-1.3.0-SNAPSHOT.jar:?]
	at org.apache.hadoop.ozone.protocolPB.OzoneManagerRequestHandler.handleReadRequest(OzoneManagerRequestHandler.java:217) ~[ozone-manager-1.3.0-SNAPSHOT.jar:?]
	at org.apache.hadoop.ozone.protocolPB.OzoneManagerProtocolServerSideTranslatorPB.submitReadRequestToOM(OzoneManagerProtocolServerSideTranslatorPB.java:226) ~[ozone-manager-1.3.0-SNAPSHOT.jar:?]
	at org.apache.hadoop.ozone.protocolPB.OzoneManagerProtocolServerSideTranslatorPB.processRequest(OzoneManagerProtocolServerSideTranslatorPB.java:175) ~[ozone-manager-1.3.0-SNAPSHOT.jar:?]
	at org.apache.hadoop.hdds.server.OzoneProtocolMessageDispatcher.processRequest(OzoneProtocolMessageDispatcher.java:87) [hdds-server-framework-1.3.0-SNAPSHOT.jar:?]
	at org.apache.hadoop.ozone.protocolPB.OzoneManagerProtocolServerSideTranslatorPB.submitRequest(OzoneManagerProtocolServerSideTranslatorPB.java:147) [ozone-manager-1.3.0-SNAPSHOT.jar:?]
	at org.apache.hadoop.ozone.protocol.proto.OzoneManagerProtocolProtos$OzoneManagerService$2.callBlockingMethod(OzoneManagerProtocolProtos.java) [ozone-interface-client-1.3.0-SNAPSHOT.jar:?]
	at org.apache.hadoop.ipc.ProtobufRpcEngine$Server.processCall(ProtobufRpcEngine.java:466) [hadoop-common-3.3.1.jar:?]
	at org.apache.hadoop.ipc.ProtobufRpcEngine2$Server$ProtoBufRpcInvoker.call(ProtobufRpcEngine2.java:574) [hadoop-common-3.3.1.jar:?]
	at org.apache.hadoop.ipc.ProtobufRpcEngine2$Server$ProtoBufRpcInvoker.call(ProtobufRpcEngine2.java:552) [hadoop-common-3.3.1.jar:?]
	at org.apache.hadoop.ipc.RPC$Server.call(RPC.java:1093) [hadoop-common-3.3.1.jar:?]
	at org.apache.hadoop.ipc.Server$RpcCall.run(Server.java:1035) [hadoop-common-3.3.1.jar:?]
	at org.apache.hadoop.ipc.Server$RpcCall.run(Server.java:963) [hadoop-common-3.3.1.jar:?]
	at java.security.AccessController.doPrivileged(Native Method) ~[?:1.8.0_332]
	at javax.security.auth.Subject.doAs(Subject.java:422) [?:1.8.0_332]
	at org.apache.hadoop.security.UserGroupInformation.doAs(UserGroupInformation.java:1878) [hadoop-common-3.3.1.jar:?]
	at org.apache.hadoop.ipc.Server$Handler.run(Server.java:2966) [hadoop-common-3.3.1.jar:?]
23:49:34.443 [IPC Server handler 0 on default port 33165] ERROR OMAudit - user=runner | ip=127.0.0.1 | op=GET_FILE_STATUS {volume=volume99794, bucket=bucket10019, key=gdir1/dir2, dataSize=0, replicationConfig=null} | ret=FAILURE
org.apache.hadoop.ozone.om.exceptions.OMException: Unable to get file status: volume: volume99794 bucket: bucket10019 key: gdir1/dir2
	at org.apache.hadoop.ozone.om.KeyManagerImpl.getOzoneFileStatus(KeyManagerImpl.java:1311) ~[ozone-manager-1.3.0-SNAPSHOT.jar:?]
	at org.apache.hadoop.ozone.om.KeyManagerImpl.getFileStatus(KeyManagerImpl.java:1241) ~[ozone-manager-1.3.0-SNAPSHOT.jar:?]
	at org.apache.hadoop.ozone.om.OzoneManager.getFileStatus(OzoneManager.java:3419) ~[ozone-manager-1.3.0-SNAPSHOT.jar:?]
	at org.apache.hadoop.ozone.protocolPB.OzoneManagerRequestHandler.getOzoneFileStatus(OzoneManagerRequestHandler.java:871) ~[ozone-manager-1.3.0-SNAPSHOT.jar:?]
	at org.apache.hadoop.ozone.protocolPB.OzoneManagerRequestHandler.handleReadRequest(OzoneManagerRequestHandler.java:217) ~[ozone-manager-1.3.0-SNAPSHOT.jar:?]
	at org.apache.hadoop.ozone.protocolPB.OzoneManagerProtocolServerSideTranslatorPB.submitReadRequestToOM(OzoneManagerProtocolServerSideTranslatorPB.java:226) ~[ozone-manager-1.3.0-SNAPSHOT.jar:?]
	at org.apache.hadoop.ozone.protocolPB.OzoneManagerProtocolServerSideTranslatorPB.processRequest(OzoneManagerProtocolServerSideTranslatorPB.java:175) ~[ozone-manager-1.3.0-SNAPSHOT.jar:?]
	at org.apache.hadoop.hdds.server.OzoneProtocolMessageDispatcher.processRequest(OzoneProtocolMessageDispatcher.java:87) [hdds-server-framework-1.3.0-SNAPSHOT.jar:?]
	at org.apache.hadoop.ozone.protocolPB.OzoneManagerProtocolServerSideTranslatorPB.submitRequest(OzoneManagerProtocolServerSideTranslatorPB.java:147) [ozone-manager-1.3.0-SNAPSHOT.jar:?]
	at org.apache.hadoop.ozone.protocol.proto.OzoneManagerProtocolProtos$OzoneManagerService$2.callBlockingMethod(OzoneManagerProtocolProtos.java) [ozone-interface-client-1.3.0-SNAPSHOT.jar:?]
	at org.apache.hadoop.ipc.ProtobufRpcEngine$Server.processCall(ProtobufRpcEngine.java:466) [hadoop-common-3.3.1.jar:?]
	at org.apache.hadoop.ipc.ProtobufRpcEngine2$Server$ProtoBufRpcInvoker.call(ProtobufRpcEngine2.java:574) [hadoop-common-3.3.1.jar:?]
	at org.apache.hadoop.ipc.ProtobufRpcEngine2$Server$ProtoBufRpcInvoker.call(ProtobufRpcEngine2.java:552) [hadoop-common-3.3.1.jar:?]
	at org.apache.hadoop.ipc.RPC$Server.call(RPC.java:1093) [hadoop-common-3.3.1.jar:?]
	at org.apache.hadoop.ipc.Server$RpcCall.run(Server.java:1035) [hadoop-common-3.3.1.jar:?]
	at org.apache.hadoop.ipc.Server$RpcCall.run(Server.java:963) [hadoop-common-3.3.1.jar:?]
	at java.security.AccessController.doPrivileged(Native Method) ~[?:1.8.0_332]
	at javax.security.auth.Subject.doAs(Subject.java:422) [?:1.8.0_332]
	at org.apache.hadoop.security.UserGroupInformation.doAs(UserGroupInformation.java:1878) [hadoop-common-3.3.1.jar:?]
	at org.apache.hadoop.ipc.Server$Handler.run(Server.java:2966) [hadoop-common-3.3.1.jar:?]
23:49:34.444 [IPC Server handler 3 on default port 33165] ERROR OMAudit - user=runner | ip=127.0.0.1 | op=GET_FILE_STATUS {volume=volume99794, bucket=bucket10019, key=gdir1/dir2/child, dataSize=0, replicationConfig=null} | ret=FAILURE
org.apache.hadoop.ozone.om.exceptions.OMException: Unable to get file status: volume: volume99794 bucket: bucket10019 key: gdir1/dir2/child
	at org.apache.hadoop.ozone.om.KeyManagerImpl.getOzoneFileStatus(KeyManagerImpl.java:1311) ~[ozone-manager-1.3.0-SNAPSHOT.jar:?]
	at org.apache.hadoop.ozone.om.KeyManagerImpl.getFileStatus(KeyManagerImpl.java:1241) ~[ozone-manager-1.3.0-SNAPSHOT.jar:?]
	at org.apache.hadoop.ozone.om.OzoneManager.getFileStatus(OzoneManager.java:3419) ~[ozone-manager-1.3.0-SNAPSHOT.jar:?]
	at org.apache.hadoop.ozone.protocolPB.OzoneManagerRequestHandler.getOzoneFileStatus(OzoneManagerRequestHandler.java:871) ~[ozone-manager-1.3.0-SNAPSHOT.jar:?]
	at org.apache.hadoop.ozone.protocolPB.OzoneManagerRequestHandler.handleReadRequest(OzoneManagerRequestHandler.java:217) ~[ozone-manager-1.3.0-SNAPSHOT.jar:?]
	at org.apache.hadoop.ozone.protocolPB.OzoneManagerProtocolServerSideTranslatorPB.submitReadRequestToOM(OzoneManagerProtocolServerSideTranslatorPB.java:226) ~[ozone-manager-1.3.0-SNAPSHOT.jar:?]
	at org.apache.hadoop.ozone.protocolPB.OzoneManagerProtocolServerSideTranslatorPB.processRequest(OzoneManagerProtocolServerSideTranslatorPB.java:175) ~[ozone-manager-1.3.0-SNAPSHOT.jar:?]
	at org.apache.hadoop.hdds.server.OzoneProtocolMessageDispatcher.processRequest(OzoneProtocolMessageDispatcher.java:87) [hdds-server-framework-1.3.0-SNAPSHOT.jar:?]
	at org.apache.hadoop.ozone.protocolPB.OzoneManagerProtocolServerSideTranslatorPB.submitRequest(OzoneManagerProtocolServerSideTranslatorPB.java:147) [ozone-manager-1.3.0-SNAPSHOT.jar:?]
	at org.apache.hadoop.ozone.protocol.proto.OzoneManagerProtocolProtos$OzoneManagerService$2.callBlockingMethod(OzoneManagerProtocolProtos.java) [ozone-interface-client-1.3.0-SNAPSHOT.jar:?]
	at org.apache.hadoop.ipc.ProtobufRpcEngine$Server.processCall(ProtobufRpcEngine.java:466) [hadoop-common-3.3.1.jar:?]
	at org.apache.hadoop.ipc.ProtobufRpcEngine2$Server$ProtoBufRpcInvoker.call(ProtobufRpcEngine2.java:574) [hadoop-common-3.3.1.jar:?]
	at org.apache.hadoop.ipc.ProtobufRpcEngine2$Server$ProtoBufRpcInvoker.call(ProtobufRpcEngine2.java:552) [hadoop-common-3.3.1.jar:?]
	at org.apache.hadoop.ipc.RPC$Server.call(RPC.java:1093) [hadoop-common-3.3.1.jar:?]
	at org.apache.hadoop.ipc.Server$RpcCall.run(Server.java:1035) [hadoop-common-3.3.1.jar:?]
	at org.apache.hadoop.ipc.Server$RpcCall.run(Server.java:963) [hadoop-common-3.3.1.jar:?]
	at java.security.AccessController.doPrivileged(Native Method) ~[?:1.8.0_332]
	at javax.security.auth.Subject.doAs(Subject.java:422) [?:1.8.0_332]
	at org.apache.hadoop.security.UserGroupInformation.doAs(UserGroupInformation.java:1878) [hadoop-common-3.3.1.jar:?]
	at org.apache.hadoop.ipc.Server$Handler.run(Server.java:2966) [hadoop-common-3.3.1.jar:?]
23:49:34.445 [IPC Server handler 16 on default port 33165] ERROR OMAudit - user=runner | ip=127.0.0.1 | op=GET_FILE_STATUS {volume=volume99794, bucket=bucket10019, key=gdir1/dir3, dataSize=0, replicationConfig=null} | ret=FAILURE
org.apache.hadoop.ozone.om.exceptions.OMException: Unable to get file status: volume: volume99794 bucket: bucket10019 key: gdir1/dir3
	at org.apache.hadoop.ozone.om.KeyManagerImpl.getOzoneFileStatus(KeyManagerImpl.java:1311) ~[ozone-manager-1.3.0-SNAPSHOT.jar:?]
	at org.apache.hadoop.ozone.om.KeyManagerImpl.getFileStatus(KeyManagerImpl.java:1241) ~[ozone-manager-1.3.0-SNAPSHOT.jar:?]
	at org.apache.hadoop.ozone.om.OzoneManager.getFileStatus(OzoneManager.java:3419) ~[ozone-manager-1.3.0-SNAPSHOT.jar:?]
	at org.apache.hadoop.ozone.protocolPB.OzoneManagerRequestHandler.getOzoneFileStatus(OzoneManagerRequestHandler.java:871) ~[ozone-manager-1.3.0-SNAPSHOT.jar:?]
	at org.apache.hadoop.ozone.protocolPB.OzoneManagerRequestHandler.handleReadRequest(OzoneManagerRequestHandler.java:217) ~[ozone-manager-1.3.0-SNAPSHOT.jar:?]
	at org.apache.hadoop.ozone.protocolPB.OzoneManagerProtocolServerSideTranslatorPB.submitReadRequestToOM(OzoneManagerProtocolServerSideTranslatorPB.java:226) ~[ozone-manager-1.3.0-SNAPSHOT.jar:?]
	at org.apache.hadoop.ozone.protocolPB.OzoneManagerProtocolServerSideTranslatorPB.processRequest(OzoneManagerProtocolServerSideTranslatorPB.java:175) ~[ozone-manager-1.3.0-SNAPSHOT.jar:?]
	at org.apache.hadoop.hdds.server.OzoneProtocolMessageDispatcher.processRequest(OzoneProtocolMessageDispatcher.java:87) [hdds-server-framework-1.3.0-SNAPSHOT.jar:?]
	at org.apache.hadoop.ozone.protocolPB.OzoneManagerProtocolServerSideTranslatorPB.submitRequest(OzoneManagerProtocolServerSideTranslatorPB.java:147) [ozone-manager-1.3.0-SNAPSHOT.jar:?]
	at org.apache.hadoop.ozone.protocol.proto.OzoneManagerProtocolProtos$OzoneManagerService$2.callBlockingMethod(OzoneManagerProtocolProtos.java) [ozone-interface-client-1.3.0-SNAPSHOT.jar:?]
	at org.apache.hadoop.ipc.ProtobufRpcEngine$Server.processCall(ProtobufRpcEngine.java:466) [hadoop-common-3.3.1.jar:?]
	at org.apache.hadoop.ipc.ProtobufRpcEngine2$Server$ProtoBufRpcInvoker.call(ProtobufRpcEngine2.java:574) [hadoop-common-3.3.1.jar:?]
	at org.apache.hadoop.ipc.ProtobufRpcEngine2$Server$ProtoBufRpcInvoker.call(ProtobufRpcEngine2.java:552) [hadoop-common-3.3.1.jar:?]
	at org.apache.hadoop.ipc.RPC$Server.call(RPC.java:1093) [hadoop-common-3.3.1.jar:?]
	at org.apache.hadoop.ipc.Server$RpcCall.run(Server.java:1035) [hadoop-common-3.3.1.jar:?]
	at org.apache.hadoop.ipc.Server$RpcCall.run(Server.java:963) [hadoop-common-3.3.1.jar:?]
	at java.security.AccessController.doPrivileged(Native Method) ~[?:1.8.0_332]
	at javax.security.auth.Subject.doAs(Subject.java:422) [?:1.8.0_332]
	at org.apache.hadoop.security.UserGroupInformation.doAs(UserGroupInformation.java:1878) [hadoop-common-3.3.1.jar:?]
	at org.apache.hadoop.ipc.Server$Handler.run(Server.java:2966) [hadoop-common-3.3.1.jar:?]
23:49:34.445 [IPC Server handler 9 on default port 33165] ERROR OMAudit - user=runner | ip=127.0.0.1 | op=GET_FILE_STATUS {volume=volume99794, bucket=bucket10019, key=gdir1/dir3/child, dataSize=0, replicationConfig=null} | ret=FAILURE
org.apache.hadoop.ozone.om.exceptions.OMException: Unable to get file status: volume: volume99794 bucket: bucket10019 key: gdir1/dir3/child
	at org.apache.hadoop.ozone.om.KeyManagerImpl.getOzoneFileStatus(KeyManagerImpl.java:1311) ~[ozone-manager-1.3.0-SNAPSHOT.jar:?]
	at org.apache.hadoop.ozone.om.KeyManagerImpl.getFileStatus(KeyManagerImpl.java:1241) ~[ozone-manager-1.3.0-SNAPSHOT.jar:?]
	at org.apache.hadoop.ozone.om.OzoneManager.getFileStatus(OzoneManager.java:3419) ~[ozone-manager-1.3.0-SNAPSHOT.jar:?]
	at org.apache.hadoop.ozone.protocolPB.OzoneManagerRequestHandler.getOzoneFileStatus(OzoneManagerRequestHandler.java:871) ~[ozone-manager-1.3.0-SNAPSHOT.jar:?]
	at org.apache.hadoop.ozone.protocolPB.OzoneManagerRequestHandler.handleReadRequest(OzoneManagerRequestHandler.java:217) ~[ozone-manager-1.3.0-SNAPSHOT.jar:?]
	at org.apache.hadoop.ozone.protocolPB.OzoneManagerProtocolServerSideTranslatorPB.submitReadRequestToOM(OzoneManagerProtocolServerSideTranslatorPB.java:226) ~[ozone-manager-1.3.0-SNAPSHOT.jar:?]
	at org.apache.hadoop.ozone.protocolPB.OzoneManagerProtocolServerSideTranslatorPB.processRequest(OzoneManagerProtocolServerSideTranslatorPB.java:175) ~[ozone-manager-1.3.0-SNAPSHOT.jar:?]
	at org.apache.hadoop.hdds.server.OzoneProtocolMessageDispatcher.processRequest(OzoneProtocolMessageDispatcher.java:87) [hdds-server-framework-1.3.0-SNAPSHOT.jar:?]
	at org.apache.hadoop.ozone.protocolPB.OzoneManagerProtocolServerSideTranslatorPB.submitRequest(OzoneManagerProtocolServerSideTranslatorPB.java:147) [ozone-manager-1.3.0-SNAPSHOT.jar:?]
	at org.apache.hadoop.ozone.protocol.proto.OzoneManagerProtocolProtos$OzoneManagerService$2.callBlockingMethod(OzoneManagerProtocolProtos.java) [ozone-interface-client-1.3.0-SNAPSHOT.jar:?]
	at org.apache.hadoop.ipc.ProtobufRpcEngine$Server.processCall(ProtobufRpcEngine.java:466) [hadoop-common-3.3.1.jar:?]
	at org.apache.hadoop.ipc.ProtobufRpcEngine2$Server$ProtoBufRpcInvoker.call(ProtobufRpcEngine2.java:574) [hadoop-common-3.3.1.jar:?]
	at org.apache.hadoop.ipc.ProtobufRpcEngine2$Server$ProtoBufRpcInvoker.call(ProtobufRpcEngine2.java:552) [hadoop-common-3.3.1.jar:?]
	at org.apache.hadoop.ipc.RPC$Server.call(RPC.java:1093) [hadoop-common-3.3.1.jar:?]
	at org.apache.hadoop.ipc.Server$RpcCall.run(Server.java:1035) [hadoop-common-3.3.1.jar:?]
	at org.apache.hadoop.ipc.Server$RpcCall.run(Server.java:963) [hadoop-common-3.3.1.jar:?]
	at java.security.AccessController.doPrivileged(Native Method) ~[?:1.8.0_332]
	at javax.security.auth.Subject.doAs(Subject.java:422) [?:1.8.0_332]
	at org.apache.hadoop.security.UserGroupInformation.doAs(UserGroupInformation.java:1878) [hadoop-common-3.3.1.jar:?]
	at org.apache.hadoop.ipc.Server$Handler.run(Server.java:2966) [hadoop-common-3.3.1.jar:?]
23:49:34.446 [IPC Server handler 18 on default port 33165] ERROR OMAudit - user=runner | ip=127.0.0.1 | op=GET_FILE_STATUS {volume=volume99794, bucket=bucket10019, key=gdir1/dir4, dataSize=0, replicationConfig=null} | ret=FAILURE
org.apache.hadoop.ozone.om.exceptions.OMException: Unable to get file status: volume: volume99794 bucket: bucket10019 key: gdir1/dir4
	at org.apache.hadoop.ozone.om.KeyManagerImpl.getOzoneFileStatus(KeyManagerImpl.java:1311) ~[ozone-manager-1.3.0-SNAPSHOT.jar:?]
	at org.apache.hadoop.ozone.om.KeyManagerImpl.getFileStatus(KeyManagerImpl.java:1241) ~[ozone-manager-1.3.0-SNAPSHOT.jar:?]
	at org.apache.hadoop.ozone.om.OzoneManager.getFileStatus(OzoneManager.java:3419) ~[ozone-manager-1.3.0-SNAPSHOT.jar:?]
	at org.apache.hadoop.ozone.protocolPB.OzoneManagerRequestHandler.getOzoneFileStatus(OzoneManagerRequestHandler.java:871) ~[ozone-manager-1.3.0-SNAPSHOT.jar:?]
	at org.apache.hadoop.ozone.protocolPB.OzoneManagerRequestHandler.handleReadRequest(OzoneManagerRequestHandler.java:217) ~[ozone-manager-1.3.0-SNAPSHOT.jar:?]
	at org.apache.hadoop.ozone.protocolPB.OzoneManagerProtocolServerSideTranslatorPB.submitReadRequestToOM(OzoneManagerProtocolServerSideTranslatorPB.java:226) ~[ozone-manager-1.3.0-SNAPSHOT.jar:?]
	at org.apache.hadoop.ozone.protocolPB.OzoneManagerProtocolServerSideTranslatorPB.processRequest(OzoneManagerProtocolServerSideTranslatorPB.java:175) ~[ozone-manager-1.3.0-SNAPSHOT.jar:?]
	at org.apache.hadoop.hdds.server.OzoneProtocolMessageDispatcher.processRequest(OzoneProtocolMessageDispatcher.java:87) [hdds-server-framework-1.3.0-SNAPSHOT.jar:?]
	at org.apache.hadoop.ozone.protocolPB.OzoneManagerProtocolServerSideTranslatorPB.submitRequest(OzoneManagerProtocolServerSideTranslatorPB.java:147) [ozone-manager-1.3.0-SNAPSHOT.jar:?]
	at org.apache.hadoop.ozone.protocol.proto.OzoneManagerProtocolProtos$OzoneManagerService$2.callBlockingMethod(OzoneManagerProtocolProtos.java) [ozone-interface-client-1.3.0-SNAPSHOT.jar:?]
	at org.apache.hadoop.ipc.ProtobufRpcEngine$Server.processCall(ProtobufRpcEngine.java:466) [hadoop-common-3.3.1.jar:?]
	at org.apache.hadoop.ipc.ProtobufRpcEngine2$Server$ProtoBufRpcInvoker.call(ProtobufRpcEngine2.java:574) [hadoop-common-3.3.1.jar:?]
	at org.apache.hadoop.ipc.ProtobufRpcEngine2$Server$ProtoBufRpcInvoker.call(ProtobufRpcEngine2.java:552) [hadoop-common-3.3.1.jar:?]
	at org.apache.hadoop.ipc.RPC$Server.call(RPC.java:1093) [hadoop-common-3.3.1.jar:?]
	at org.apache.hadoop.ipc.Server$RpcCall.run(Server.java:1035) [hadoop-common-3.3.1.jar:?]
	at org.apache.hadoop.ipc.Server$RpcCall.run(Server.java:963) [hadoop-common-3.3.1.jar:?]
	at java.security.AccessController.doPrivileged(Native Method) ~[?:1.8.0_332]
	at javax.security.auth.Subject.doAs(Subject.java:422) [?:1.8.0_332]
	at org.apache.hadoop.security.UserGroupInformation.doAs(UserGroupInformation.java:1878) [hadoop-common-3.3.1.jar:?]
	at org.apache.hadoop.ipc.Server$Handler.run(Server.java:2966) [hadoop-common-3.3.1.jar:?]
23:49:34.446 [IPC Server handler 1 on default port 33165] ERROR OMAudit - user=runner | ip=127.0.0.1 | op=GET_FILE_STATUS {volume=volume99794, bucket=bucket10019, key=gdir1/dir4/child, dataSize=0, replicationConfig=null} | ret=FAILURE
org.apache.hadoop.ozone.om.exceptions.OMException: Unable to get file status: volume: volume99794 bucket: bucket10019 key: gdir1/dir4/child
	at org.apache.hadoop.ozone.om.KeyManagerImpl.getOzoneFileStatus(KeyManagerImpl.java:1311) ~[ozone-manager-1.3.0-SNAPSHOT.jar:?]
	at org.apache.hadoop.ozone.om.KeyManagerImpl.getFileStatus(KeyManagerImpl.java:1241) ~[ozone-manager-1.3.0-SNAPSHOT.jar:?]
	at org.apache.hadoop.ozone.om.OzoneManager.getFileStatus(OzoneManager.java:3419) ~[ozone-manager-1.3.0-SNAPSHOT.jar:?]
	at org.apache.hadoop.ozone.protocolPB.OzoneManagerRequestHandler.getOzoneFileStatus(OzoneManagerRequestHandler.java:871) ~[ozone-manager-1.3.0-SNAPSHOT.jar:?]
	at org.apache.hadoop.ozone.protocolPB.OzoneManagerRequestHandler.handleReadRequest(OzoneManagerRequestHandler.java:217) ~[ozone-manager-1.3.0-SNAPSHOT.jar:?]
	at org.apache.hadoop.ozone.protocolPB.OzoneManagerProtocolServerSideTranslatorPB.submitReadRequestToOM(OzoneManagerProtocolServerSideTranslatorPB.java:226) ~[ozone-manager-1.3.0-SNAPSHOT.jar:?]
	at org.apache.hadoop.ozone.protocolPB.OzoneManagerProtocolServerSideTranslatorPB.processRequest(OzoneManagerProtocolServerSideTranslatorPB.java:175) ~[ozone-manager-1.3.0-SNAPSHOT.jar:?]
	at org.apache.hadoop.hdds.server.OzoneProtocolMessageDispatcher.processRequest(OzoneProtocolMessageDispatcher.java:87) [hdds-server-framework-1.3.0-SNAPSHOT.jar:?]
	at org.apache.hadoop.ozone.protocolPB.OzoneManagerProtocolServerSideTranslatorPB.submitRequest(OzoneManagerProtocolServerSideTranslatorPB.java:147) [ozone-manager-1.3.0-SNAPSHOT.jar:?]
	at org.apache.hadoop.ozone.protocol.proto.OzoneManagerProtocolProtos$OzoneManagerService$2.callBlockingMethod(OzoneManagerProtocolProtos.java) [ozone-interface-client-1.3.0-SNAPSHOT.jar:?]
	at org.apache.hadoop.ipc.ProtobufRpcEngine$Server.processCall(ProtobufRpcEngine.java:466) [hadoop-common-3.3.1.jar:?]
	at org.apache.hadoop.ipc.ProtobufRpcEngine2$Server$ProtoBufRpcInvoker.call(ProtobufRpcEngine2.java:574) [hadoop-common-3.3.1.jar:?]
	at org.apache.hadoop.ipc.ProtobufRpcEngine2$Server$ProtoBufRpcInvoker.call(ProtobufRpcEngine2.java:552) [hadoop-common-3.3.1.jar:?]
	at org.apache.hadoop.ipc.RPC$Server.call(RPC.java:1093) [hadoop-common-3.3.1.jar:?]
	at org.apache.hadoop.ipc.Server$RpcCall.run(Server.java:1035) [hadoop-common-3.3.1.jar:?]
	at org.apache.hadoop.ipc.Server$RpcCall.run(Server.java:963) [hadoop-common-3.3.1.jar:?]
	at java.security.AccessController.doPrivileged(Native Method) ~[?:1.8.0_332]
	at javax.security.auth.Subject.doAs(Subject.java:422) [?:1.8.0_332]
	at org.apache.hadoop.security.UserGroupInformation.doAs(UserGroupInformation.java:1878) [hadoop-common-3.3.1.jar:?]
	at org.apache.hadoop.ipc.Server$Handler.run(Server.java:2966) [hadoop-common-3.3.1.jar:?]
23:49:34.447 [IPC Server handler 19 on default port 33165] ERROR OMAudit - user=runner | ip=127.0.0.1 | op=GET_FILE_STATUS {volume=volume99794, bucket=bucket10019, key=gdir1/dir5, dataSize=0, replicationConfig=null} | ret=FAILURE
org.apache.hadoop.ozone.om.exceptions.OMException: Unable to get file status: volume: volume99794 bucket: bucket10019 key: gdir1/dir5
	at org.apache.hadoop.ozone.om.KeyManagerImpl.getOzoneFileStatus(KeyManagerImpl.java:1311) ~[ozone-manager-1.3.0-SNAPSHOT.jar:?]
	at org.apache.hadoop.ozone.om.KeyManagerImpl.getFileStatus(KeyManagerImpl.java:1241) ~[ozone-manager-1.3.0-SNAPSHOT.jar:?]
	at org.apache.hadoop.ozone.om.OzoneManager.getFileStatus(OzoneManager.java:3419) ~[ozone-manager-1.3.0-SNAPSHOT.jar:?]
	at org.apache.hadoop.ozone.protocolPB.OzoneManagerRequestHandler.getOzoneFileStatus(OzoneManagerRequestHandler.java:871) ~[ozone-manager-1.3.0-SNAPSHOT.jar:?]
	at org.apache.hadoop.ozone.protocolPB.OzoneManagerRequestHandler.handleReadRequest(OzoneManagerRequestHandler.java:217) ~[ozone-manager-1.3.0-SNAPSHOT.jar:?]
	at org.apache.hadoop.ozone.protocolPB.OzoneManagerProtocolServerSideTranslatorPB.submitReadRequestToOM(OzoneManagerProtocolServerSideTranslatorPB.java:226) ~[ozone-manager-1.3.0-SNAPSHOT.jar:?]
	at org.apache.hadoop.ozone.protocolPB.OzoneManagerProtocolServerSideTranslatorPB.processRequest(OzoneManagerProtocolServerSideTranslatorPB.java:175) ~[ozone-manager-1.3.0-SNAPSHOT.jar:?]
	at org.apache.hadoop.hdds.server.OzoneProtocolMessageDispatcher.processRequest(OzoneProtocolMessageDispatcher.java:87) [hdds-server-framework-1.3.0-SNAPSHOT.jar:?]
	at org.apache.hadoop.ozone.protocolPB.OzoneManagerProtocolServerSideTranslatorPB.submitRequest(OzoneManagerProtocolServerSideTranslatorPB.java:147) [ozone-manager-1.3.0-SNAPSHOT.jar:?]
	at org.apache.hadoop.ozone.protocol.proto.OzoneManagerProtocolProtos$OzoneManagerService$2.callBlockingMethod(OzoneManagerProtocolProtos.java) [ozone-interface-client-1.3.0-SNAPSHOT.jar:?]
	at org.apache.hadoop.ipc.ProtobufRpcEngine$Server.processCall(ProtobufRpcEngine.java:466) [hadoop-common-3.3.1.jar:?]
	at org.apache.hadoop.ipc.ProtobufRpcEngine2$Server$ProtoBufRpcInvoker.call(ProtobufRpcEngine2.java:574) [hadoop-common-3.3.1.jar:?]
	at org.apache.hadoop.ipc.ProtobufRpcEngine2$Server$ProtoBufRpcInvoker.call(ProtobufRpcEngine2.java:552) [hadoop-common-3.3.1.jar:?]
	at org.apache.hadoop.ipc.RPC$Server.call(RPC.java:1093) [hadoop-common-3.3.1.jar:?]
	at org.apache.hadoop.ipc.Server$RpcCall.run(Server.java:1035) [hadoop-common-3.3.1.jar:?]
	at org.apache.hadoop.ipc.Server$RpcCall.run(Server.java:963) [hadoop-common-3.3.1.jar:?]
	at java.security.AccessController.doPrivileged(Native Method) ~[?:1.8.0_332]
	at javax.security.auth.Subject.doAs(Subject.java:422) [?:1.8.0_332]
	at org.apache.hadoop.security.UserGroupInformation.doAs(UserGroupInformation.java:1878) [hadoop-common-3.3.1.jar:?]
	at org.apache.hadoop.ipc.Server$Handler.run(Server.java:2966) [hadoop-common-3.3.1.jar:?]
23:49:34.448 [IPC Server handler 13 on default port 33165] ERROR OMAudit - user=runner | ip=127.0.0.1 | op=GET_FILE_STATUS {volume=volume99794, bucket=bucket10019, key=gdir1/dir5/child, dataSize=0, replicationConfig=null} | ret=FAILURE
org.apache.hadoop.ozone.om.exceptions.OMException: Unable to get file status: volume: volume99794 bucket: bucket10019 key: gdir1/dir5/child
	at org.apache.hadoop.ozone.om.KeyManagerImpl.getOzoneFileStatus(KeyManagerImpl.java:1311) ~[ozone-manager-1.3.0-SNAPSHOT.jar:?]
	at org.apache.hadoop.ozone.om.KeyManagerImpl.getFileStatus(KeyManagerImpl.java:1241) ~[ozone-manager-1.3.0-SNAPSHOT.jar:?]
	at org.apache.hadoop.ozone.om.OzoneManager.getFileStatus(OzoneManager.java:3419) ~[ozone-manager-1.3.0-SNAPSHOT.jar:?]
	at org.apache.hadoop.ozone.protocolPB.OzoneManagerRequestHandler.getOzoneFileStatus(OzoneManagerRequestHandler.java:871) ~[ozone-manager-1.3.0-SNAPSHOT.jar:?]
	at org.apache.hadoop.ozone.protocolPB.OzoneManagerRequestHandler.handleReadRequest(OzoneManagerRequestHandler.java:217) ~[ozone-manager-1.3.0-SNAPSHOT.jar:?]
	at org.apache.hadoop.ozone.protocolPB.OzoneManagerProtocolServerSideTranslatorPB.submitReadRequestToOM(OzoneManagerProtocolServerSideTranslatorPB.java:226) ~[ozone-manager-1.3.0-SNAPSHOT.jar:?]
	at org.apache.hadoop.ozone.protocolPB.OzoneManagerProtocolServerSideTranslatorPB.processRequest(OzoneManagerProtocolServerSideTranslatorPB.java:175) ~[ozone-manager-1.3.0-SNAPSHOT.jar:?]
	at org.apache.hadoop.hdds.server.OzoneProtocolMessageDispatcher.processRequest(OzoneProtocolMessageDispatcher.java:87) [hdds-server-framework-1.3.0-SNAPSHOT.jar:?]
	at org.apache.hadoop.ozone.protocolPB.OzoneManagerProtocolServerSideTranslatorPB.submitRequest(OzoneManagerProtocolServerSideTranslatorPB.java:147) [ozone-manager-1.3.0-SNAPSHOT.jar:?]
	at org.apache.hadoop.ozone.protocol.proto.OzoneManagerProtocolProtos$OzoneManagerService$2.callBlockingMethod(OzoneManagerProtocolProtos.java) [ozone-interface-client-1.3.0-SNAPSHOT.jar:?]
	at org.apache.hadoop.ipc.ProtobufRpcEngine$Server.processCall(ProtobufRpcEngine.java:466) [hadoop-common-3.3.1.jar:?]
	at org.apache.hadoop.ipc.ProtobufRpcEngine2$Server$ProtoBufRpcInvoker.call(ProtobufRpcEngine2.java:574) [hadoop-common-3.3.1.jar:?]
	at org.apache.hadoop.ipc.ProtobufRpcEngine2$Server$ProtoBufRpcInvoker.call(ProtobufRpcEngine2.java:552) [hadoop-common-3.3.1.jar:?]
	at org.apache.hadoop.ipc.RPC$Server.call(RPC.java:1093) [hadoop-common-3.3.1.jar:?]
	at org.apache.hadoop.ipc.Server$RpcCall.run(Server.java:1035) [hadoop-common-3.3.1.jar:?]
	at org.apache.hadoop.ipc.Server$RpcCall.run(Server.java:963) [hadoop-common-3.3.1.jar:?]
	at java.security.AccessController.doPrivileged(Native Method) ~[?:1.8.0_332]
	at javax.security.auth.Subject.doAs(Subject.java:422) [?:1.8.0_332]
	at org.apache.hadoop.security.UserGroupInformation.doAs(UserGroupInformation.java:1878) [hadoop-common-3.3.1.jar:?]
	at org.apache.hadoop.ipc.Server$Handler.run(Server.java:2966) [hadoop-common-3.3.1.jar:?]
23:49:34.448 [IPC Server handler 14 on default port 33165] ERROR OMAudit - user=runner | ip=127.0.0.1 | op=GET_FILE_STATUS {volume=volume99794, bucket=bucket10019, key=gdir1/dir6, dataSize=0, replicationConfig=null} | ret=FAILURE
org.apache.hadoop.ozone.om.exceptions.OMException: Unable to get file status: volume: volume99794 bucket: bucket10019 key: gdir1/dir6
	at org.apache.hadoop.ozone.om.KeyManagerImpl.getOzoneFileStatus(KeyManagerImpl.java:1311) ~[ozone-manager-1.3.0-SNAPSHOT.jar:?]
	at org.apache.hadoop.ozone.om.KeyManagerImpl.getFileStatus(KeyManagerImpl.java:1241) ~[ozone-manager-1.3.0-SNAPSHOT.jar:?]
	at org.apache.hadoop.ozone.om.OzoneManager.getFileStatus(OzoneManager.java:3419) ~[ozone-manager-1.3.0-SNAPSHOT.jar:?]
	at org.apache.hadoop.ozone.protocolPB.OzoneManagerRequestHandler.getOzoneFileStatus(OzoneManagerRequestHandler.java:871) ~[ozone-manager-1.3.0-SNAPSHOT.jar:?]
	at org.apache.hadoop.ozone.protocolPB.OzoneManagerRequestHandler.handleReadRequest(OzoneManagerRequestHandler.java:217) ~[ozone-manager-1.3.0-SNAPSHOT.jar:?]
	at org.apache.hadoop.ozone.protocolPB.OzoneManagerProtocolServerSideTranslatorPB.submitReadRequestToOM(OzoneManagerProtocolServerSideTranslatorPB.java:226) ~[ozone-manager-1.3.0-SNAPSHOT.jar:?]
	at org.apache.hadoop.ozone.protocolPB.OzoneManagerProtocolServerSideTranslatorPB.processRequest(OzoneManagerProtocolServerSideTranslatorPB.java:175) ~[ozone-manager-1.3.0-SNAPSHOT.jar:?]
	at org.apache.hadoop.hdds.server.OzoneProtocolMessageDispatcher.processRequest(OzoneProtocolMessageDispatcher.java:87) [hdds-server-framework-1.3.0-SNAPSHOT.jar:?]
	at org.apache.hadoop.ozone.protocolPB.OzoneManagerProtocolServerSideTranslatorPB.submitRequest(OzoneManagerProtocolServerSideTranslatorPB.java:147) [ozone-manager-1.3.0-SNAPSHOT.jar:?]
	at org.apache.hadoop.ozone.protocol.proto.OzoneManagerProtocolProtos$OzoneManagerService$2.callBlockingMethod(OzoneManagerProtocolProtos.java) [ozone-interface-client-1.3.0-SNAPSHOT.jar:?]
	at org.apache.hadoop.ipc.ProtobufRpcEngine$Server.processCall(ProtobufRpcEngine.java:466) [hadoop-common-3.3.1.jar:?]
	at org.apache.hadoop.ipc.ProtobufRpcEngine2$Server$ProtoBufRpcInvoker.call(ProtobufRpcEngine2.java:574) [hadoop-common-3.3.1.jar:?]
	at org.apache.hadoop.ipc.ProtobufRpcEngine2$Server$ProtoBufRpcInvoker.call(ProtobufRpcEngine2.java:552) [hadoop-common-3.3.1.jar:?]
	at org.apache.hadoop.ipc.RPC$Server.call(RPC.java:1093) [hadoop-common-3.3.1.jar:?]
	at org.apache.hadoop.ipc.Server$RpcCall.run(Server.java:1035) [hadoop-common-3.3.1.jar:?]
	at org.apache.hadoop.ipc.Server$RpcCall.run(Server.java:963) [hadoop-common-3.3.1.jar:?]
	at java.security.AccessController.doPrivileged(Native Method) ~[?:1.8.0_332]
	at javax.security.auth.Subject.doAs(Subject.java:422) [?:1.8.0_332]
	at org.apache.hadoop.security.UserGroupInformation.doAs(UserGroupInformation.java:1878) [hadoop-common-3.3.1.jar:?]
	at org.apache.hadoop.ipc.Server$Handler.run(Server.java:2966) [hadoop-common-3.3.1.jar:?]
23:49:34.449 [IPC Server handler 4 on default port 33165] ERROR OMAudit - user=runner | ip=127.0.0.1 | op=GET_FILE_STATUS {volume=volume99794, bucket=bucket10019, key=gdir1/dir6/child, dataSize=0, replicationConfig=null} | ret=FAILURE
org.apache.hadoop.ozone.om.exceptions.OMException: Unable to get file status: volume: volume99794 bucket: bucket10019 key: gdir1/dir6/child
	at org.apache.hadoop.ozone.om.KeyManagerImpl.getOzoneFileStatus(KeyManagerImpl.java:1311) ~[ozone-manager-1.3.0-SNAPSHOT.jar:?]
	at org.apache.hadoop.ozone.om.KeyManagerImpl.getFileStatus(KeyManagerImpl.java:1241) ~[ozone-manager-1.3.0-SNAPSHOT.jar:?]
	at org.apache.hadoop.ozone.om.OzoneManager.getFileStatus(OzoneManager.java:3419) ~[ozone-manager-1.3.0-SNAPSHOT.jar:?]
	at org.apache.hadoop.ozone.protocolPB.OzoneManagerRequestHandler.getOzoneFileStatus(OzoneManagerRequestHandler.java:871) ~[ozone-manager-1.3.0-SNAPSHOT.jar:?]
	at org.apache.hadoop.ozone.protocolPB.OzoneManagerRequestHandler.handleReadRequest(OzoneManagerRequestHandler.java:217) ~[ozone-manager-1.3.0-SNAPSHOT.jar:?]
	at org.apache.hadoop.ozone.protocolPB.OzoneManagerProtocolServerSideTranslatorPB.submitReadRequestToOM(OzoneManagerProtocolServerSideTranslatorPB.java:226) ~[ozone-manager-1.3.0-SNAPSHOT.jar:?]
	at org.apache.hadoop.ozone.protocolPB.OzoneManagerProtocolServerSideTranslatorPB.processRequest(OzoneManagerProtocolServerSideTranslatorPB.java:175) ~[ozone-manager-1.3.0-SNAPSHOT.jar:?]
	at org.apache.hadoop.hdds.server.OzoneProtocolMessageDispatcher.processRequest(OzoneProtocolMessageDispatcher.java:87) [hdds-server-framework-1.3.0-SNAPSHOT.jar:?]
	at org.apache.hadoop.ozone.protocolPB.OzoneManagerProtocolServerSideTranslatorPB.submitRequest(OzoneManagerProtocolServerSideTranslatorPB.java:147) [ozone-manager-1.3.0-SNAPSHOT.jar:?]
	at org.apache.hadoop.ozone.protocol.proto.OzoneManagerProtocolProtos$OzoneManagerService$2.callBlockingMethod(OzoneManagerProtocolProtos.java) [ozone-interface-client-1.3.0-SNAPSHOT.jar:?]
	at org.apache.hadoop.ipc.ProtobufRpcEngine$Server.processCall(ProtobufRpcEngine.java:466) [hadoop-common-3.3.1.jar:?]
	at org.apache.hadoop.ipc.ProtobufRpcEngine2$Server$ProtoBufRpcInvoker.call(ProtobufRpcEngine2.java:574) [hadoop-common-3.3.1.jar:?]
	at org.apache.hadoop.ipc.ProtobufRpcEngine2$Server$ProtoBufRpcInvoker.call(ProtobufRpcEngine2.java:552) [hadoop-common-3.3.1.jar:?]
	at org.apache.hadoop.ipc.RPC$Server.call(RPC.java:1093) [hadoop-common-3.3.1.jar:?]
	at org.apache.hadoop.ipc.Server$RpcCall.run(Server.java:1035) [hadoop-common-3.3.1.jar:?]
	at org.apache.hadoop.ipc.Server$RpcCall.run(Server.java:963) [hadoop-common-3.3.1.jar:?]
	at java.security.AccessController.doPrivileged(Native Method) ~[?:1.8.0_332]
	at javax.security.auth.Subject.doAs(Subject.java:422) [?:1.8.0_332]
	at org.apache.hadoop.security.UserGroupInformation.doAs(UserGroupInformation.java:1878) [hadoop-common-3.3.1.jar:?]
	at org.apache.hadoop.ipc.Server$Handler.run(Server.java:2966) [hadoop-common-3.3.1.jar:?]
23:49:34.449 [IPC Server handler 6 on default port 33165] ERROR OMAudit - user=runner | ip=127.0.0.1 | op=GET_FILE_STATUS {volume=volume99794, bucket=bucket10019, key=gdir1/dir7, dataSize=0, replicationConfig=null} | ret=FAILURE
org.apache.hadoop.ozone.om.exceptions.OMException: Unable to get file status: volume: volume99794 bucket: bucket10019 key: gdir1/dir7
	at org.apache.hadoop.ozone.om.KeyManagerImpl.getOzoneFileStatus(KeyManagerImpl.java:1311) ~[ozone-manager-1.3.0-SNAPSHOT.jar:?]
	at org.apache.hadoop.ozone.om.KeyManagerImpl.getFileStatus(KeyManagerImpl.java:1241) ~[ozone-manager-1.3.0-SNAPSHOT.jar:?]
	at org.apache.hadoop.ozone.om.OzoneManager.getFileStatus(OzoneManager.java:3419) ~[ozone-manager-1.3.0-SNAPSHOT.jar:?]
	at org.apache.hadoop.ozone.protocolPB.OzoneManagerRequestHandler.getOzoneFileStatus(OzoneManagerRequestHandler.java:871) ~[ozone-manager-1.3.0-SNAPSHOT.jar:?]
	at org.apache.hadoop.ozone.protocolPB.OzoneManagerRequestHandler.handleReadRequest(OzoneManagerRequestHandler.java:217) ~[ozone-manager-1.3.0-SNAPSHOT.jar:?]
	at org.apache.hadoop.ozone.protocolPB.OzoneManagerProtocolServerSideTranslatorPB.submitReadRequestToOM(OzoneManagerProtocolServerSideTranslatorPB.java:226) ~[ozone-manager-1.3.0-SNAPSHOT.jar:?]
	at org.apache.hadoop.ozone.protocolPB.OzoneManagerProtocolServerSideTranslatorPB.processRequest(OzoneManagerProtocolServerSideTranslatorPB.java:175) ~[ozone-manager-1.3.0-SNAPSHOT.jar:?]
	at org.apache.hadoop.hdds.server.OzoneProtocolMessageDispatcher.processRequest(OzoneProtocolMessageDispatcher.java:87) [hdds-server-framework-1.3.0-SNAPSHOT.jar:?]
	at org.apache.hadoop.ozone.protocolPB.OzoneManagerProtocolServerSideTranslatorPB.submitRequest(OzoneManagerProtocolServerSideTranslatorPB.java:147) [ozone-manager-1.3.0-SNAPSHOT.jar:?]
	at org.apache.hadoop.ozone.protocol.proto.OzoneManagerProtocolProtos$OzoneManagerService$2.callBlockingMethod(OzoneManagerProtocolProtos.java) [ozone-interface-client-1.3.0-SNAPSHOT.jar:?]
	at org.apache.hadoop.ipc.ProtobufRpcEngine$Server.processCall(ProtobufRpcEngine.java:466) [hadoop-common-3.3.1.jar:?]
	at org.apache.hadoop.ipc.ProtobufRpcEngine2$Server$ProtoBufRpcInvoker.call(ProtobufRpcEngine2.java:574) [hadoop-common-3.3.1.jar:?]
	at org.apache.hadoop.ipc.ProtobufRpcEngine2$Server$ProtoBufRpcInvoker.call(ProtobufRpcEngine2.java:552) [hadoop-common-3.3.1.jar:?]
	at org.apache.hadoop.ipc.RPC$Server.call(RPC.java:1093) [hadoop-common-3.3.1.jar:?]
	at org.apache.hadoop.ipc.Server$RpcCall.run(Server.java:1035) [hadoop-common-3.3.1.jar:?]
	at org.apache.hadoop.ipc.Server$RpcCall.run(Server.java:963) [hadoop-common-3.3.1.jar:?]
	at java.security.AccessController.doPrivileged(Native Method) ~[?:1.8.0_332]
	at javax.security.auth.Subject.doAs(Subject.java:422) [?:1.8.0_332]
	at org.apache.hadoop.security.UserGroupInformation.doAs(UserGroupInformation.java:1878) [hadoop-common-3.3.1.jar:?]
	at org.apache.hadoop.ipc.Server$Handler.run(Server.java:2966) [hadoop-common-3.3.1.jar:?]
23:49:34.450 [IPC Server handler 7 on default port 33165] ERROR OMAudit - user=runner | ip=127.0.0.1 | op=GET_FILE_STATUS {volume=volume99794, bucket=bucket10019, key=gdir1/dir7/child, dataSize=0, replicationConfig=null} | ret=FAILURE
org.apache.hadoop.ozone.om.exceptions.OMException: Unable to get file status: volume: volume99794 bucket: bucket10019 key: gdir1/dir7/child
	at org.apache.hadoop.ozone.om.KeyManagerImpl.getOzoneFileStatus(KeyManagerImpl.java:1311) ~[ozone-manager-1.3.0-SNAPSHOT.jar:?]
	at org.apache.hadoop.ozone.om.KeyManagerImpl.getFileStatus(KeyManagerImpl.java:1241) ~[ozone-manager-1.3.0-SNAPSHOT.jar:?]
	at org.apache.hadoop.ozone.om.OzoneManager.getFileStatus(OzoneManager.java:3419) ~[ozone-manager-1.3.0-SNAPSHOT.jar:?]
	at org.apache.hadoop.ozone.protocolPB.OzoneManagerRequestHandler.getOzoneFileStatus(OzoneManagerRequestHandler.java:871) ~[ozone-manager-1.3.0-SNAPSHOT.jar:?]
	at org.apache.hadoop.ozone.protocolPB.OzoneManagerRequestHandler.handleReadRequest(OzoneManagerRequestHandler.java:217) ~[ozone-manager-1.3.0-SNAPSHOT.jar:?]
	at org.apache.hadoop.ozone.protocolPB.OzoneManagerProtocolServerSideTranslatorPB.submitReadRequestToOM(OzoneManagerProtocolServerSideTranslatorPB.java:226) ~[ozone-manager-1.3.0-SNAPSHOT.jar:?]
	at org.apache.hadoop.ozone.protocolPB.OzoneManagerProtocolServerSideTranslatorPB.processRequest(OzoneManagerProtocolServerSideTranslatorPB.java:175) ~[ozone-manager-1.3.0-SNAPSHOT.jar:?]
	at org.apache.hadoop.hdds.server.OzoneProtocolMessageDispatcher.processRequest(OzoneProtocolMessageDispatcher.java:87) [hdds-server-framework-1.3.0-SNAPSHOT.jar:?]
	at org.apache.hadoop.ozone.protocolPB.OzoneManagerProtocolServerSideTranslatorPB.submitRequest(OzoneManagerProtocolServerSideTranslatorPB.java:147) [ozone-manager-1.3.0-SNAPSHOT.jar:?]
	at org.apache.hadoop.ozone.protocol.proto.OzoneManagerProtocolProtos$OzoneManagerService$2.callBlockingMethod(OzoneManagerProtocolProtos.java) [ozone-interface-client-1.3.0-SNAPSHOT.jar:?]
	at org.apache.hadoop.ipc.ProtobufRpcEngine$Server.processCall(ProtobufRpcEngine.java:466) [hadoop-common-3.3.1.jar:?]
	at org.apache.hadoop.ipc.ProtobufRpcEngine2$Server$ProtoBufRpcInvoker.call(ProtobufRpcEngine2.java:574) [hadoop-common-3.3.1.jar:?]
	at org.apache.hadoop.ipc.ProtobufRpcEngine2$Server$ProtoBufRpcInvoker.call(ProtobufRpcEngine2.java:552) [hadoop-common-3.3.1.jar:?]
	at org.apache.hadoop.ipc.RPC$Server.call(RPC.java:1093) [hadoop-common-3.3.1.jar:?]
	at org.apache.hadoop.ipc.Server$RpcCall.run(Server.java:1035) [hadoop-common-3.3.1.jar:?]
	at org.apache.hadoop.ipc.Server$RpcCall.run(Server.java:963) [hadoop-common-3.3.1.jar:?]
	at java.security.AccessController.doPrivileged(Native Method) ~[?:1.8.0_332]
	at javax.security.auth.Subject.doAs(Subject.java:422) [?:1.8.0_332]
	at org.apache.hadoop.security.UserGroupInformation.doAs(UserGroupInformation.java:1878) [hadoop-common-3.3.1.jar:?]
	at org.apache.hadoop.ipc.Server$Handler.run(Server.java:2966) [hadoop-common-3.3.1.jar:?]
23:49:34.451 [IPC Server handler 12 on default port 33165] ERROR OMAudit - user=runner | ip=127.0.0.1 | op=GET_FILE_STATUS {volume=volume99794, bucket=bucket10019, key=gdir1/dir8, dataSize=0, replicationConfig=null} | ret=FAILURE
org.apache.hadoop.ozone.om.exceptions.OMException: Unable to get file status: volume: volume99794 bucket: bucket10019 key: gdir1/dir8
	at org.apache.hadoop.ozone.om.KeyManagerImpl.getOzoneFileStatus(KeyManagerImpl.java:1311) ~[ozone-manager-1.3.0-SNAPSHOT.jar:?]
	at org.apache.hadoop.ozone.om.KeyManagerImpl.getFileStatus(KeyManagerImpl.java:1241) ~[ozone-manager-1.3.0-SNAPSHOT.jar:?]
	at org.apache.hadoop.ozone.om.OzoneManager.getFileStatus(OzoneManager.java:3419) ~[ozone-manager-1.3.0-SNAPSHOT.jar:?]
	at org.apache.hadoop.ozone.protocolPB.OzoneManagerRequestHandler.getOzoneFileStatus(OzoneManagerRequestHandler.java:871) ~[ozone-manager-1.3.0-SNAPSHOT.jar:?]
	at org.apache.hadoop.ozone.protocolPB.OzoneManagerRequestHandler.handleReadRequest(OzoneManagerRequestHandler.java:217) ~[ozone-manager-1.3.0-SNAPSHOT.jar:?]
	at org.apache.hadoop.ozone.protocolPB.OzoneManagerProtocolServerSideTranslatorPB.submitReadRequestToOM(OzoneManagerProtocolServerSideTranslatorPB.java:226) ~[ozone-manager-1.3.0-SNAPSHOT.jar:?]
	at org.apache.hadoop.ozone.protocolPB.OzoneManagerProtocolServerSideTranslatorPB.processRequest(OzoneManagerProtocolServerSideTranslatorPB.java:175) ~[ozone-manager-1.3.0-SNAPSHOT.jar:?]
	at org.apache.hadoop.hdds.server.OzoneProtocolMessageDispatcher.processRequest(OzoneProtocolMessageDispatcher.java:87) [hdds-server-framework-1.3.0-SNAPSHOT.jar:?]
	at org.apache.hadoop.ozone.protocolPB.OzoneManagerProtocolServerSideTranslatorPB.submitRequest(OzoneManagerProtocolServerSideTranslatorPB.java:147) [ozone-manager-1.3.0-SNAPSHOT.jar:?]
	at org.apache.hadoop.ozone.protocol.proto.OzoneManagerProtocolProtos$OzoneManagerService$2.callBlockingMethod(OzoneManagerProtocolProtos.java) [ozone-interface-client-1.3.0-SNAPSHOT.jar:?]
	at org.apache.hadoop.ipc.ProtobufRpcEngine$Server.processCall(ProtobufRpcEngine.java:466) [hadoop-common-3.3.1.jar:?]
	at org.apache.hadoop.ipc.ProtobufRpcEngine2$Server$ProtoBufRpcInvoker.call(ProtobufRpcEngine2.java:574) [hadoop-common-3.3.1.jar:?]
	at org.apache.hadoop.ipc.ProtobufRpcEngine2$Server$ProtoBufRpcInvoker.call(ProtobufRpcEngine2.java:552) [hadoop-common-3.3.1.jar:?]
	at org.apache.hadoop.ipc.RPC$Server.call(RPC.java:1093) [hadoop-common-3.3.1.jar:?]
	at org.apache.hadoop.ipc.Server$RpcCall.run(Server.java:1035) [hadoop-common-3.3.1.jar:?]
	at org.apache.hadoop.ipc.Server$RpcCall.run(Server.java:963) [hadoop-common-3.3.1.jar:?]
	at java.security.AccessController.doPrivileged(Native Method) ~[?:1.8.0_332]
	at javax.security.auth.Subject.doAs(Subject.java:422) [?:1.8.0_332]
	at org.apache.hadoop.security.UserGroupInformation.doAs(UserGroupInformation.java:1878) [hadoop-common-3.3.1.jar:?]
	at org.apache.hadoop.ipc.Server$Handler.run(Server.java:2966) [hadoop-common-3.3.1.jar:?]
23:49:34.451 [IPC Server handler 11 on default port 33165] ERROR OMAudit - user=runner | ip=127.0.0.1 | op=GET_FILE_STATUS {volume=volume99794, bucket=bucket10019, key=gdir1/dir8/child, dataSize=0, replicationConfig=null} | ret=FAILURE
org.apache.hadoop.ozone.om.exceptions.OMException: Unable to get file status: volume: volume99794 bucket: bucket10019 key: gdir1/dir8/child
	at org.apache.hadoop.ozone.om.KeyManagerImpl.getOzoneFileStatus(KeyManagerImpl.java:1311) ~[ozone-manager-1.3.0-SNAPSHOT.jar:?]
	at org.apache.hadoop.ozone.om.KeyManagerImpl.getFileStatus(KeyManagerImpl.java:1241) ~[ozone-manager-1.3.0-SNAPSHOT.jar:?]
	at org.apache.hadoop.ozone.om.OzoneManager.getFileStatus(OzoneManager.java:3419) ~[ozone-manager-1.3.0-SNAPSHOT.jar:?]
	at org.apache.hadoop.ozone.protocolPB.OzoneManagerRequestHandler.getOzoneFileStatus(OzoneManagerRequestHandler.java:871) ~[ozone-manager-1.3.0-SNAPSHOT.jar:?]
	at org.apache.hadoop.ozone.protocolPB.OzoneManagerRequestHandler.handleReadRequest(OzoneManagerRequestHandler.java:217) ~[ozone-manager-1.3.0-SNAPSHOT.jar:?]
	at org.apache.hadoop.ozone.protocolPB.OzoneManagerProtocolServerSideTranslatorPB.submitReadRequestToOM(OzoneManagerProtocolServerSideTranslatorPB.java:226) ~[ozone-manager-1.3.0-SNAPSHOT.jar:?]
	at org.apache.hadoop.ozone.protocolPB.OzoneManagerProtocolServerSideTranslatorPB.processRequest(OzoneManagerProtocolServerSideTranslatorPB.java:175) ~[ozone-manager-1.3.0-SNAPSHOT.jar:?]
	at org.apache.hadoop.hdds.server.OzoneProtocolMessageDispatcher.processRequest(OzoneProtocolMessageDispatcher.java:87) [hdds-server-framework-1.3.0-SNAPSHOT.jar:?]
	at org.apache.hadoop.ozone.protocolPB.OzoneManagerProtocolServerSideTranslatorPB.submitRequest(OzoneManagerProtocolServerSideTranslatorPB.java:147) [ozone-manager-1.3.0-SNAPSHOT.jar:?]
	at org.apache.hadoop.ozone.protocol.proto.OzoneManagerProtocolProtos$OzoneManagerService$2.callBlockingMethod(OzoneManagerProtocolProtos.java) [ozone-interface-client-1.3.0-SNAPSHOT.jar:?]
	at org.apache.hadoop.ipc.ProtobufRpcEngine$Server.processCall(ProtobufRpcEngine.java:466) [hadoop-common-3.3.1.jar:?]
	at org.apache.hadoop.ipc.ProtobufRpcEngine2$Server$ProtoBufRpcInvoker.call(ProtobufRpcEngine2.java:574) [hadoop-common-3.3.1.jar:?]
	at org.apache.hadoop.ipc.ProtobufRpcEngine2$Server$ProtoBufRpcInvoker.call(ProtobufRpcEngine2.java:552) [hadoop-common-3.3.1.jar:?]
	at org.apache.hadoop.ipc.RPC$Server.call(RPC.java:1093) [hadoop-common-3.3.1.jar:?]
	at org.apache.hadoop.ipc.Server$RpcCall.run(Server.java:1035) [hadoop-common-3.3.1.jar:?]
	at org.apache.hadoop.ipc.Server$RpcCall.run(Server.java:963) [hadoop-common-3.3.1.jar:?]
	at java.security.AccessController.doPrivileged(Native Method) ~[?:1.8.0_332]
	at javax.security.auth.Subject.doAs(Subject.java:422) [?:1.8.0_332]
	at org.apache.hadoop.security.UserGroupInformation.doAs(UserGroupInformation.java:1878) [hadoop-common-3.3.1.jar:?]
	at org.apache.hadoop.ipc.Server$Handler.run(Server.java:2966) [hadoop-common-3.3.1.jar:?]
23:49:34.453 [IPC Server handler 17 on default port 33165] ERROR OMAudit - user=runner | ip=127.0.0.1 | op=GET_FILE_STATUS {volume=volume99794, bucket=bucket10019, key=gdir1/dir9, dataSize=0, replicationConfig=null} | ret=FAILURE
org.apache.hadoop.ozone.om.exceptions.OMException: Unable to get file status: volume: volume99794 bucket: bucket10019 key: gdir1/dir9
	at org.apache.hadoop.ozone.om.KeyManagerImpl.getOzoneFileStatus(KeyManagerImpl.java:1311) ~[ozone-manager-1.3.0-SNAPSHOT.jar:?]
	at org.apache.hadoop.ozone.om.KeyManagerImpl.getFileStatus(KeyManagerImpl.java:1241) ~[ozone-manager-1.3.0-SNAPSHOT.jar:?]
	at org.apache.hadoop.ozone.om.OzoneManager.getFileStatus(OzoneManager.java:3419) ~[ozone-manager-1.3.0-SNAPSHOT.jar:?]
	at org.apache.hadoop.ozone.protocolPB.OzoneManagerRequestHandler.getOzoneFileStatus(OzoneManagerRequestHandler.java:871) ~[ozone-manager-1.3.0-SNAPSHOT.jar:?]
	at org.apache.hadoop.ozone.protocolPB.OzoneManagerRequestHandler.handleReadRequest(OzoneManagerRequestHandler.java:217) ~[ozone-manager-1.3.0-SNAPSHOT.jar:?]
	at org.apache.hadoop.ozone.protocolPB.OzoneManagerProtocolServerSideTranslatorPB.submitReadRequestToOM(OzoneManagerProtocolServerSideTranslatorPB.java:226) ~[ozone-manager-1.3.0-SNAPSHOT.jar:?]
	at org.apache.hadoop.ozone.protocolPB.OzoneManagerProtocolServerSideTranslatorPB.processRequest(OzoneManagerProtocolServerSideTranslatorPB.java:175) ~[ozone-manager-1.3.0-SNAPSHOT.jar:?]
	at org.apache.hadoop.hdds.server.OzoneProtocolMessageDispatcher.processRequest(OzoneProtocolMessageDispatcher.java:87) [hdds-server-framework-1.3.0-SNAPSHOT.jar:?]
	at org.apache.hadoop.ozone.protocolPB.OzoneManagerProtocolServerSideTranslatorPB.submitRequest(OzoneManagerProtocolServerSideTranslatorPB.java:147) [ozone-manager-1.3.0-SNAPSHOT.jar:?]
	at org.apache.hadoop.ozone.protocol.proto.OzoneManagerProtocolProtos$OzoneManagerService$2.callBlockingMethod(OzoneManagerProtocolProtos.java) [ozone-interface-client-1.3.0-SNAPSHOT.jar:?]
	at org.apache.hadoop.ipc.ProtobufRpcEngine$Server.processCall(ProtobufRpcEngine.java:466) [hadoop-common-3.3.1.jar:?]
	at org.apache.hadoop.ipc.ProtobufRpcEngine2$Server$ProtoBufRpcInvoker.call(ProtobufRpcEngine2.java:574) [hadoop-common-3.3.1.jar:?]
	at org.apache.hadoop.ipc.ProtobufRpcEngine2$Server$ProtoBufRpcInvoker.call(ProtobufRpcEngine2.java:552) [hadoop-common-3.3.1.jar:?]
	at org.apache.hadoop.ipc.RPC$Server.call(RPC.java:1093) [hadoop-common-3.3.1.jar:?]
	at org.apache.hadoop.ipc.Server$RpcCall.run(Server.java:1035) [hadoop-common-3.3.1.jar:?]
	at org.apache.hadoop.ipc.Server$RpcCall.run(Server.java:963) [hadoop-common-3.3.1.jar:?]
	at java.security.AccessController.doPrivileged(Native Method) ~[?:1.8.0_332]
	at javax.security.auth.Subject.doAs(Subject.java:422) [?:1.8.0_332]
	at org.apache.hadoop.security.UserGroupInformation.doAs(UserGroupInformation.java:1878) [hadoop-common-3.3.1.jar:?]
	at org.apache.hadoop.ipc.Server$Handler.run(Server.java:2966) [hadoop-common-3.3.1.jar:?]
23:49:34.454 [IPC Server handler 5 on default port 33165] ERROR OMAudit - user=runner | ip=127.0.0.1 | op=GET_FILE_STATUS {volume=volume99794, bucket=bucket10019, key=gdir1/dir9/child, dataSize=0, replicationConfig=null} | ret=FAILURE
org.apache.hadoop.ozone.om.exceptions.OMException: Unable to get file status: volume: volume99794 bucket: bucket10019 key: gdir1/dir9/child
	at org.apache.hadoop.ozone.om.KeyManagerImpl.getOzoneFileStatus(KeyManagerImpl.java:1311) ~[ozone-manager-1.3.0-SNAPSHOT.jar:?]
	at org.apache.hadoop.ozone.om.KeyManagerImpl.getFileStatus(KeyManagerImpl.java:1241) ~[ozone-manager-1.3.0-SNAPSHOT.jar:?]
	at org.apache.hadoop.ozone.om.OzoneManager.getFileStatus(OzoneManager.java:3419) ~[ozone-manager-1.3.0-SNAPSHOT.jar:?]
	at org.apache.hadoop.ozone.protocolPB.OzoneManagerRequestHandler.getOzoneFileStatus(OzoneManagerRequestHandler.java:871) ~[ozone-manager-1.3.0-SNAPSHOT.jar:?]
	at org.apache.hadoop.ozone.protocolPB.OzoneManagerRequestHandler.handleReadRequest(OzoneManagerRequestHandler.java:217) ~[ozone-manager-1.3.0-SNAPSHOT.jar:?]
	at org.apache.hadoop.ozone.protocolPB.OzoneManagerProtocolServerSideTranslatorPB.submitReadRequestToOM(OzoneManagerProtocolServerSideTranslatorPB.java:226) ~[ozone-manager-1.3.0-SNAPSHOT.jar:?]
	at org.apache.hadoop.ozone.protocolPB.OzoneManagerProtocolServerSideTranslatorPB.processRequest(OzoneManagerProtocolServerSideTranslatorPB.java:175) ~[ozone-manager-1.3.0-SNAPSHOT.jar:?]
	at org.apache.hadoop.hdds.server.OzoneProtocolMessageDispatcher.processRequest(OzoneProtocolMessageDispatcher.java:87) [hdds-server-framework-1.3.0-SNAPSHOT.jar:?]
	at org.apache.hadoop.ozone.protocolPB.OzoneManagerProtocolServerSideTranslatorPB.submitRequest(OzoneManagerProtocolServerSideTranslatorPB.java:147) [ozone-manager-1.3.0-SNAPSHOT.jar:?]
	at org.apache.hadoop.ozone.protocol.proto.OzoneManagerProtocolProtos$OzoneManagerService$2.callBlockingMethod(OzoneManagerProtocolProtos.java) [ozone-interface-client-1.3.0-SNAPSHOT.jar:?]
	at org.apache.hadoop.ipc.ProtobufRpcEngine$Server.processCall(ProtobufRpcEngine.java:466) [hadoop-common-3.3.1.jar:?]
	at org.apache.hadoop.ipc.ProtobufRpcEngine2$Server$ProtoBufRpcInvoker.call(ProtobufRpcEngine2.java:574) [hadoop-common-3.3.1.jar:?]
	at org.apache.hadoop.ipc.ProtobufRpcEngine2$Server$ProtoBufRpcInvoker.call(ProtobufRpcEngine2.java:552) [hadoop-common-3.3.1.jar:?]
	at org.apache.hadoop.ipc.RPC$Server.call(RPC.java:1093) [hadoop-common-3.3.1.jar:?]
	at org.apache.hadoop.ipc.Server$RpcCall.run(Server.java:1035) [hadoop-common-3.3.1.jar:?]
	at org.apache.hadoop.ipc.Server$RpcCall.run(Server.java:963) [hadoop-common-3.3.1.jar:?]
	at java.security.AccessController.doPrivileged(Native Method) ~[?:1.8.0_332]
	at javax.security.auth.Subject.doAs(Subject.java:422) [?:1.8.0_332]
	at org.apache.hadoop.security.UserGroupInformation.doAs(UserGroupInformation.java:1878) [hadoop-common-3.3.1.jar:?]
	at org.apache.hadoop.ipc.Server$Handler.run(Server.java:2966) [hadoop-common-3.3.1.jar:?]
23:49:34.454 [IPC Server handler 10 on default port 33165] ERROR OMAudit - user=runner | ip=127.0.0.1 | op=GET_FILE_STATUS {volume=volume99794, bucket=bucket10019, key=gdir1/dir10, dataSize=0, replicationConfig=null} | ret=FAILURE
org.apache.hadoop.ozone.om.exceptions.OMException: Unable to get file status: volume: volume99794 bucket: bucket10019 key: gdir1/dir10
	at org.apache.hadoop.ozone.om.KeyManagerImpl.getOzoneFileStatus(KeyManagerImpl.java:1311) ~[ozone-manager-1.3.0-SNAPSHOT.jar:?]
	at org.apache.hadoop.ozone.om.KeyManagerImpl.getFileStatus(KeyManagerImpl.java:1241) ~[ozone-manager-1.3.0-SNAPSHOT.jar:?]
	at org.apache.hadoop.ozone.om.OzoneManager.getFileStatus(OzoneManager.java:3419) ~[ozone-manager-1.3.0-SNAPSHOT.jar:?]
	at org.apache.hadoop.ozone.protocolPB.OzoneManagerRequestHandler.getOzoneFileStatus(OzoneManagerRequestHandler.java:871) ~[ozone-manager-1.3.0-SNAPSHOT.jar:?]
	at org.apache.hadoop.ozone.protocolPB.OzoneManagerRequestHandler.handleReadRequest(OzoneManagerRequestHandler.java:217) ~[ozone-manager-1.3.0-SNAPSHOT.jar:?]
	at org.apache.hadoop.ozone.protocolPB.OzoneManagerProtocolServerSideTranslatorPB.submitReadRequestToOM(OzoneManagerProtocolServerSideTranslatorPB.java:226) ~[ozone-manager-1.3.0-SNAPSHOT.jar:?]
	at org.apache.hadoop.ozone.protocolPB.OzoneManagerProtocolServerSideTranslatorPB.processRequest(OzoneManagerProtocolServerSideTranslatorPB.java:175) ~[ozone-manager-1.3.0-SNAPSHOT.jar:?]
	at org.apache.hadoop.hdds.server.OzoneProtocolMessageDispatcher.processRequest(OzoneProtocolMessageDispatcher.java:87) [hdds-server-framework-1.3.0-SNAPSHOT.jar:?]
	at org.apache.hadoop.ozone.protocolPB.OzoneManagerProtocolServerSideTranslatorPB.submitRequest(OzoneManagerProtocolServerSideTranslatorPB.java:147) [ozone-manager-1.3.0-SNAPSHOT.jar:?]
	at org.apache.hadoop.ozone.protocol.proto.OzoneManagerProtocolProtos$OzoneManagerService$2.callBlockingMethod(OzoneManagerProtocolProtos.java) [ozone-interface-client-1.3.0-SNAPSHOT.jar:?]
	at org.apache.hadoop.ipc.ProtobufRpcEngine$Server.processCall(ProtobufRpcEngine.java:466) [hadoop-common-3.3.1.jar:?]
	at org.apache.hadoop.ipc.ProtobufRpcEngine2$Server$ProtoBufRpcInvoker.call(ProtobufRpcEngine2.java:574) [hadoop-common-3.3.1.jar:?]
	at org.apache.hadoop.ipc.ProtobufRpcEngine2$Server$ProtoBufRpcInvoker.call(ProtobufRpcEngine2.java:552) [hadoop-common-3.3.1.jar:?]
	at org.apache.hadoop.ipc.RPC$Server.call(RPC.java:1093) [hadoop-common-3.3.1.jar:?]
	at org.apache.hadoop.ipc.Server$RpcCall.run(Server.java:1035) [hadoop-common-3.3.1.jar:?]
	at org.apache.hadoop.ipc.Server$RpcCall.run(Server.java:963) [hadoop-common-3.3.1.jar:?]
	at java.security.AccessController.doPrivileged(Native Method) ~[?:1.8.0_332]
	at javax.security.auth.Subject.doAs(Subject.java:422) [?:1.8.0_332]
	at org.apache.hadoop.security.UserGroupInformation.doAs(UserGroupInformation.java:1878) [hadoop-common-3.3.1.jar:?]
	at org.apache.hadoop.ipc.Server$Handler.run(Server.java:2966) [hadoop-common-3.3.1.jar:?]
23:49:34.455 [IPC Server handler 8 on default port 33165] ERROR OMAudit - user=runner | ip=127.0.0.1 | op=GET_FILE_STATUS {volume=volume99794, bucket=bucket10019, key=gdir1/dir10/child, dataSize=0, replicationConfig=null} | ret=FAILURE
org.apache.hadoop.ozone.om.exceptions.OMException: Unable to get file status: volume: volume99794 bucket: bucket10019 key: gdir1/dir10/child
	at org.apache.hadoop.ozone.om.KeyManagerImpl.getOzoneFileStatus(KeyManagerImpl.java:1311) ~[ozone-manager-1.3.0-SNAPSHOT.jar:?]
	at org.apache.hadoop.ozone.om.KeyManagerImpl.getFileStatus(KeyManagerImpl.java:1241) ~[ozone-manager-1.3.0-SNAPSHOT.jar:?]
	at org.apache.hadoop.ozone.om.OzoneManager.getFileStatus(OzoneManager.java:3419) ~[ozone-manager-1.3.0-SNAPSHOT.jar:?]
	at org.apache.hadoop.ozone.protocolPB.OzoneManagerRequestHandler.getOzoneFileStatus(OzoneManagerRequestHandler.java:871) ~[ozone-manager-1.3.0-SNAPSHOT.jar:?]
	at org.apache.hadoop.ozone.protocolPB.OzoneManagerRequestHandler.handleReadRequest(OzoneManagerRequestHandler.java:217) ~[ozone-manager-1.3.0-SNAPSHOT.jar:?]
	at org.apache.hadoop.ozone.protocolPB.OzoneManagerProtocolServerSideTranslatorPB.submitReadRequestToOM(OzoneManagerProtocolServerSideTranslatorPB.java:226) ~[ozone-manager-1.3.0-SNAPSHOT.jar:?]
	at org.apache.hadoop.ozone.protocolPB.OzoneManagerProtocolServerSideTranslatorPB.processRequest(OzoneManagerProtocolServerSideTranslatorPB.java:175) ~[ozone-manager-1.3.0-SNAPSHOT.jar:?]
	at org.apache.hadoop.hdds.server.OzoneProtocolMessageDispatcher.processRequest(OzoneProtocolMessageDispatcher.java:87) [hdds-server-framework-1.3.0-SNAPSHOT.jar:?]
	at org.apache.hadoop.ozone.protocolPB.OzoneManagerProtocolServerSideTranslatorPB.submitRequest(OzoneManagerProtocolServerSideTranslatorPB.java:147) [ozone-manager-1.3.0-SNAPSHOT.jar:?]
	at org.apache.hadoop.ozone.protocol.proto.OzoneManagerProtocolProtos$OzoneManagerService$2.callBlockingMethod(OzoneManagerProtocolProtos.java) [ozone-interface-client-1.3.0-SNAPSHOT.jar:?]
	at org.apache.hadoop.ipc.ProtobufRpcEngine$Server.processCall(ProtobufRpcEngine.java:466) [hadoop-common-3.3.1.jar:?]
	at org.apache.hadoop.ipc.ProtobufRpcEngine2$Server$ProtoBufRpcInvoker.call(ProtobufRpcEngine2.java:574) [hadoop-common-3.3.1.jar:?]
	at org.apache.hadoop.ipc.ProtobufRpcEngine2$Server$ProtoBufRpcInvoker.call(ProtobufRpcEngine2.java:552) [hadoop-common-3.3.1.jar:?]
	at org.apache.hadoop.ipc.RPC$Server.call(RPC.java:1093) [hadoop-common-3.3.1.jar:?]
	at org.apache.hadoop.ipc.Server$RpcCall.run(Server.java:1035) [hadoop-common-3.3.1.jar:?]
	at org.apache.hadoop.ipc.Server$RpcCall.run(Server.java:963) [hadoop-common-3.3.1.jar:?]
	at java.security.AccessController.doPrivileged(Native Method) ~[?:1.8.0_332]
	at javax.security.auth.Subject.doAs(Subject.java:422) [?:1.8.0_332]
	at org.apache.hadoop.security.UserGroupInformation.doAs(UserGroupInformation.java:1878) [hadoop-common-3.3.1.jar:?]
	at org.apache.hadoop.ipc.Server$Handler.run(Server.java:2966) [hadoop-common-3.3.1.jar:?]
23:49:34.509 [IPC Server handler 7 on default port 33165] ERROR OMAudit - user=runner | ip=127.0.0.1 | op=GET_FILE_STATUS {volume=volume99794, bucket=bucket10019, key=level0, dataSize=0, replicationConfig=null} | ret=FAILURE
org.apache.hadoop.ozone.om.exceptions.OMException: Unable to get file status: volume: volume99794 bucket: bucket10019 key: level0
	at org.apache.hadoop.ozone.om.KeyManagerImpl.getOzoneFileStatus(KeyManagerImpl.java:1311) ~[ozone-manager-1.3.0-SNAPSHOT.jar:?]
	at org.apache.hadoop.ozone.om.KeyManagerImpl.getFileStatus(KeyManagerImpl.java:1241) ~[ozone-manager-1.3.0-SNAPSHOT.jar:?]
	at org.apache.hadoop.ozone.om.OzoneManager.getFileStatus(OzoneManager.java:3419) ~[ozone-manager-1.3.0-SNAPSHOT.jar:?]
	at org.apache.hadoop.ozone.protocolPB.OzoneManagerRequestHandler.getOzoneFileStatus(OzoneManagerRequestHandler.java:871) ~[ozone-manager-1.3.0-SNAPSHOT.jar:?]
	at org.apache.hadoop.ozone.protocolPB.OzoneManagerRequestHandler.handleReadRequest(OzoneManagerRequestHandler.java:217) ~[ozone-manager-1.3.0-SNAPSHOT.jar:?]
	at org.apache.hadoop.ozone.protocolPB.OzoneManagerProtocolServerSideTranslatorPB.submitReadRequestToOM(OzoneManagerProtocolServerSideTranslatorPB.java:226) ~[ozone-manager-1.3.0-SNAPSHOT.jar:?]
	at org.apache.hadoop.ozone.protocolPB.OzoneManagerProtocolServerSideTranslatorPB.processRequest(OzoneManagerProtocolServerSideTranslatorPB.java:175) ~[ozone-manager-1.3.0-SNAPSHOT.jar:?]
	at org.apache.hadoop.hdds.server.OzoneProtocolMessageDispatcher.processRequest(OzoneProtocolMessageDispatcher.java:87) [hdds-server-framework-1.3.0-SNAPSHOT.jar:?]
	at org.apache.hadoop.ozone.protocolPB.OzoneManagerProtocolServerSideTranslatorPB.submitRequest(OzoneManagerProtocolServerSideTranslatorPB.java:147) [ozone-manager-1.3.0-SNAPSHOT.jar:?]
	at org.apache.hadoop.ozone.protocol.proto.OzoneManagerProtocolProtos$OzoneManagerService$2.callBlockingMethod(OzoneManagerProtocolProtos.java) [ozone-interface-client-1.3.0-SNAPSHOT.jar:?]
	at org.apache.hadoop.ipc.ProtobufRpcEngine$Server.processCall(ProtobufRpcEngine.java:466) [hadoop-common-3.3.1.jar:?]
	at org.apache.hadoop.ipc.ProtobufRpcEngine2$Server$ProtoBufRpcInvoker.call(ProtobufRpcEngine2.java:574) [hadoop-common-3.3.1.jar:?]
	at org.apache.hadoop.ipc.ProtobufRpcEngine2$Server$ProtoBufRpcInvoker.call(ProtobufRpcEngine2.java:552) [hadoop-common-3.3.1.jar:?]
	at org.apache.hadoop.ipc.RPC$Server.call(RPC.java:1093) [hadoop-common-3.3.1.jar:?]
	at org.apache.hadoop.ipc.Server$RpcCall.run(Server.java:1035) [hadoop-common-3.3.1.jar:?]
	at org.apache.hadoop.ipc.Server$RpcCall.run(Server.java:963) [hadoop-common-3.3.1.jar:?]
	at java.security.AccessController.doPrivileged(Native Method) ~[?:1.8.0_332]
	at javax.security.auth.Subject.doAs(Subject.java:422) [?:1.8.0_332]
	at org.apache.hadoop.security.UserGroupInformation.doAs(UserGroupInformation.java:1878) [hadoop-common-3.3.1.jar:?]
	at org.apache.hadoop.ipc.Server$Handler.run(Server.java:2966) [hadoop-common-3.3.1.jar:?]
23:49:34.510 [IPC Server handler 12 on default port 33165] ERROR OMAudit - user=runner | ip=127.0.0.1 | op=GET_FILE_STATUS {volume=volume99794, bucket=bucket10019, key=level0/level1, dataSize=0, replicationConfig=null} | ret=FAILURE
org.apache.hadoop.ozone.om.exceptions.OMException: Unable to get file status: volume: volume99794 bucket: bucket10019 key: level0/level1
	at org.apache.hadoop.ozone.om.KeyManagerImpl.getOzoneFileStatus(KeyManagerImpl.java:1311) ~[ozone-manager-1.3.0-SNAPSHOT.jar:?]
	at org.apache.hadoop.ozone.om.KeyManagerImpl.getFileStatus(KeyManagerImpl.java:1241) ~[ozone-manager-1.3.0-SNAPSHOT.jar:?]
	at org.apache.hadoop.ozone.om.OzoneManager.getFileStatus(OzoneManager.java:3419) ~[ozone-manager-1.3.0-SNAPSHOT.jar:?]
	at org.apache.hadoop.ozone.protocolPB.OzoneManagerRequestHandler.getOzoneFileStatus(OzoneManagerRequestHandler.java:871) ~[ozone-manager-1.3.0-SNAPSHOT.jar:?]
	at org.apache.hadoop.ozone.protocolPB.OzoneManagerRequestHandler.handleReadRequest(OzoneManagerRequestHandler.java:217) ~[ozone-manager-1.3.0-SNAPSHOT.jar:?]
	at org.apache.hadoop.ozone.protocolPB.OzoneManagerProtocolServerSideTranslatorPB.submitReadRequestToOM(OzoneManagerProtocolServerSideTranslatorPB.java:226) ~[ozone-manager-1.3.0-SNAPSHOT.jar:?]
	at org.apache.hadoop.ozone.protocolPB.OzoneManagerProtocolServerSideTranslatorPB.processRequest(OzoneManagerProtocolServerSideTranslatorPB.java:175) ~[ozone-manager-1.3.0-SNAPSHOT.jar:?]
	at org.apache.hadoop.hdds.server.OzoneProtocolMessageDispatcher.processRequest(OzoneProtocolMessageDispatcher.java:87) [hdds-server-framework-1.3.0-SNAPSHOT.jar:?]
	at org.apache.hadoop.ozone.protocolPB.OzoneManagerProtocolServerSideTranslatorPB.submitRequest(OzoneManagerProtocolServerSideTranslatorPB.java:147) [ozone-manager-1.3.0-SNAPSHOT.jar:?]
	at org.apache.hadoop.ozone.protocol.proto.OzoneManagerProtocolProtos$OzoneManagerService$2.callBlockingMethod(OzoneManagerProtocolProtos.java) [ozone-interface-client-1.3.0-SNAPSHOT.jar:?]
	at org.apache.hadoop.ipc.ProtobufRpcEngine$Server.processCall(ProtobufRpcEngine.java:466) [hadoop-common-3.3.1.jar:?]
	at org.apache.hadoop.ipc.ProtobufRpcEngine2$Server$ProtoBufRpcInvoker.call(ProtobufRpcEngine2.java:574) [hadoop-common-3.3.1.jar:?]
	at org.apache.hadoop.ipc.ProtobufRpcEngine2$Server$ProtoBufRpcInvoker.call(ProtobufRpcEngine2.java:552) [hadoop-common-3.3.1.jar:?]
	at org.apache.hadoop.ipc.RPC$Server.call(RPC.java:1093) [hadoop-common-3.3.1.jar:?]
	at org.apache.hadoop.ipc.Server$RpcCall.run(Server.java:1035) [hadoop-common-3.3.1.jar:?]
	at org.apache.hadoop.ipc.Server$RpcCall.run(Server.java:963) [hadoop-common-3.3.1.jar:?]
	at java.security.AccessController.doPrivileged(Native Method) ~[?:1.8.0_332]
	at javax.security.auth.Subject.doAs(Subject.java:422) [?:1.8.0_332]
	at org.apache.hadoop.security.UserGroupInformation.doAs(UserGroupInformation.java:1878) [hadoop-common-3.3.1.jar:?]
	at org.apache.hadoop.ipc.Server$Handler.run(Server.java:2966) [hadoop-common-3.3.1.jar:?]
23:49:34.516 [IPC Server handler 11 on default port 33165] ERROR OMAudit - user=runner | ip=127.0.0.1 | op=GET_FILE_STATUS {volume=volume99794, bucket=bucket10019, key=level0/level1/level1, dataSize=0, replicationConfig=null} | ret=FAILURE
org.apache.hadoop.ozone.om.exceptions.OMException: Unable to get file status: volume: volume99794 bucket: bucket10019 key: level0/level1/level1
	at org.apache.hadoop.ozone.om.KeyManagerImpl.getOzoneFileStatus(KeyManagerImpl.java:1311) ~[ozone-manager-1.3.0-SNAPSHOT.jar:?]
	at org.apache.hadoop.ozone.om.KeyManagerImpl.getFileStatus(KeyManagerImpl.java:1241) ~[ozone-manager-1.3.0-SNAPSHOT.jar:?]
	at org.apache.hadoop.ozone.om.OzoneManager.getFileStatus(OzoneManager.java:3419) ~[ozone-manager-1.3.0-SNAPSHOT.jar:?]
	at org.apache.hadoop.ozone.protocolPB.OzoneManagerRequestHandler.getOzoneFileStatus(OzoneManagerRequestHandler.java:871) ~[ozone-manager-1.3.0-SNAPSHOT.jar:?]
	at org.apache.hadoop.ozone.protocolPB.OzoneManagerRequestHandler.handleReadRequest(OzoneManagerRequestHandler.java:217) ~[ozone-manager-1.3.0-SNAPSHOT.jar:?]
	at org.apache.hadoop.ozone.protocolPB.OzoneManagerProtocolServerSideTranslatorPB.submitReadRequestToOM(OzoneManagerProtocolServerSideTranslatorPB.java:226) ~[ozone-manager-1.3.0-SNAPSHOT.jar:?]
	at org.apache.hadoop.ozone.protocolPB.OzoneManagerProtocolServerSideTranslatorPB.processRequest(OzoneManagerProtocolServerSideTranslatorPB.java:175) ~[ozone-manager-1.3.0-SNAPSHOT.jar:?]
	at org.apache.hadoop.hdds.server.OzoneProtocolMessageDispatcher.processRequest(OzoneProtocolMessageDispatcher.java:87) [hdds-server-framework-1.3.0-SNAPSHOT.jar:?]
	at org.apache.hadoop.ozone.protocolPB.OzoneManagerProtocolServerSideTranslatorPB.submitRequest(OzoneManagerProtocolServerSideTranslatorPB.java:147) [ozone-manager-1.3.0-SNAPSHOT.jar:?]
	at org.apache.hadoop.ozone.protocol.proto.OzoneManagerProtocolProtos$OzoneManagerService$2.callBlockingMethod(OzoneManagerProtocolProtos.java) [ozone-interface-client-1.3.0-SNAPSHOT.jar:?]
	at org.apache.hadoop.ipc.ProtobufRpcEngine$Server.processCall(ProtobufRpcEngine.java:466) [hadoop-common-3.3.1.jar:?]
	at org.apache.hadoop.ipc.ProtobufRpcEngine2$Server$ProtoBufRpcInvoker.call(ProtobufRpcEngine2.java:574) [hadoop-common-3.3.1.jar:?]
	at org.apache.hadoop.ipc.ProtobufRpcEngine2$Server$ProtoBufRpcInvoker.call(ProtobufRpcEngine2.java:552) [hadoop-common-3.3.1.jar:?]
	at org.apache.hadoop.ipc.RPC$Server.call(RPC.java:1093) [hadoop-common-3.3.1.jar:?]
	at org.apache.hadoop.ipc.Server$RpcCall.run(Server.java:1035) [hadoop-common-3.3.1.jar:?]
	at org.apache.hadoop.ipc.Server$RpcCall.run(Server.java:963) [hadoop-common-3.3.1.jar:?]
	at java.security.AccessController.doPrivileged(Native Method) ~[?:1.8.0_332]
	at javax.security.auth.Subject.doAs(Subject.java:422) [?:1.8.0_332]
	at org.apache.hadoop.security.UserGroupInformation.doAs(UserGroupInformation.java:1878) [hadoop-common-3.3.1.jar:?]
	at org.apache.hadoop.ipc.Server$Handler.run(Server.java:2966) [hadoop-common-3.3.1.jar:?]
23:49:34.517 [IPC Server handler 17 on default port 33165] ERROR OMAudit - user=runner | ip=127.0.0.1 | op=GET_FILE_STATUS {volume=volume99794, bucket=bucket10019, key=level0/level1/file1, dataSize=0, replicationConfig=null} | ret=FAILURE
org.apache.hadoop.ozone.om.exceptions.OMException: Unable to get file status: volume: volume99794 bucket: bucket10019 key: level0/level1/file1
	at org.apache.hadoop.ozone.om.KeyManagerImpl.getOzoneFileStatus(KeyManagerImpl.java:1311) ~[ozone-manager-1.3.0-SNAPSHOT.jar:?]
	at org.apache.hadoop.ozone.om.KeyManagerImpl.getFileStatus(KeyManagerImpl.java:1241) ~[ozone-manager-1.3.0-SNAPSHOT.jar:?]
	at org.apache.hadoop.ozone.om.OzoneManager.getFileStatus(OzoneManager.java:3419) ~[ozone-manager-1.3.0-SNAPSHOT.jar:?]
	at org.apache.hadoop.ozone.protocolPB.OzoneManagerRequestHandler.getOzoneFileStatus(OzoneManagerRequestHandler.java:871) ~[ozone-manager-1.3.0-SNAPSHOT.jar:?]
	at org.apache.hadoop.ozone.protocolPB.OzoneManagerRequestHandler.handleReadRequest(OzoneManagerRequestHandler.java:217) ~[ozone-manager-1.3.0-SNAPSHOT.jar:?]
	at org.apache.hadoop.ozone.protocolPB.OzoneManagerProtocolServerSideTranslatorPB.submitReadRequestToOM(OzoneManagerProtocolServerSideTranslatorPB.java:226) ~[ozone-manager-1.3.0-SNAPSHOT.jar:?]
	at org.apache.hadoop.ozone.protocolPB.OzoneManagerProtocolServerSideTranslatorPB.processRequest(OzoneManagerProtocolServerSideTranslatorPB.java:175) ~[ozone-manager-1.3.0-SNAPSHOT.jar:?]
	at org.apache.hadoop.hdds.server.OzoneProtocolMessageDispatcher.processRequest(OzoneProtocolMessageDispatcher.java:87) [hdds-server-framework-1.3.0-SNAPSHOT.jar:?]
	at org.apache.hadoop.ozone.protocolPB.OzoneManagerProtocolServerSideTranslatorPB.submitRequest(OzoneManagerProtocolServerSideTranslatorPB.java:147) [ozone-manager-1.3.0-SNAPSHOT.jar:?]
	at org.apache.hadoop.ozone.protocol.proto.OzoneManagerProtocolProtos$OzoneManagerService$2.callBlockingMethod(OzoneManagerProtocolProtos.java) [ozone-interface-client-1.3.0-SNAPSHOT.jar:?]
	at org.apache.hadoop.ipc.ProtobufRpcEngine$Server.processCall(ProtobufRpcEngine.java:466) [hadoop-common-3.3.1.jar:?]
	at org.apache.hadoop.ipc.ProtobufRpcEngine2$Server$ProtoBufRpcInvoker.call(ProtobufRpcEngine2.java:574) [hadoop-common-3.3.1.jar:?]
	at org.apache.hadoop.ipc.ProtobufRpcEngine2$Server$ProtoBufRpcInvoker.call(ProtobufRpcEngine2.java:552) [hadoop-common-3.3.1.jar:?]
	at org.apache.hadoop.ipc.RPC$Server.call(RPC.java:1093) [hadoop-common-3.3.1.jar:?]
	at org.apache.hadoop.ipc.Server$RpcCall.run(Server.java:1035) [hadoop-common-3.3.1.jar:?]
	at org.apache.hadoop.ipc.Server$RpcCall.run(Server.java:963) [hadoop-common-3.3.1.jar:?]
	at java.security.AccessController.doPrivileged(Native Method) ~[?:1.8.0_332]
	at javax.security.auth.Subject.doAs(Subject.java:422) [?:1.8.0_332]
	at org.apache.hadoop.security.UserGroupInformation.doAs(UserGroupInformation.java:1878) [hadoop-common-3.3.1.jar:?]
	at org.apache.hadoop.ipc.Server$Handler.run(Server.java:2966) [hadoop-common-3.3.1.jar:?]
23:49:34.517 [IPC Server handler 5 on default port 33165] ERROR OMAudit - user=runner | ip=127.0.0.1 | op=GET_FILE_STATUS {volume=volume99794, bucket=bucket10019, key=level0/level1/level1/file1, dataSize=0, replicationConfig=null} | ret=FAILURE
org.apache.hadoop.ozone.om.exceptions.OMException: Unable to get file status: volume: volume99794 bucket: bucket10019 key: level0/level1/level1/file1
	at org.apache.hadoop.ozone.om.KeyManagerImpl.getOzoneFileStatus(KeyManagerImpl.java:1311) ~[ozone-manager-1.3.0-SNAPSHOT.jar:?]
	at org.apache.hadoop.ozone.om.KeyManagerImpl.getFileStatus(KeyManagerImpl.java:1241) ~[ozone-manager-1.3.0-SNAPSHOT.jar:?]
	at org.apache.hadoop.ozone.om.OzoneManager.getFileStatus(OzoneManager.java:3419) ~[ozone-manager-1.3.0-SNAPSHOT.jar:?]
	at org.apache.hadoop.ozone.protocolPB.OzoneManagerRequestHandler.getOzoneFileStatus(OzoneManagerRequestHandler.java:871) ~[ozone-manager-1.3.0-SNAPSHOT.jar:?]
	at org.apache.hadoop.ozone.protocolPB.OzoneManagerRequestHandler.handleReadRequest(OzoneManagerRequestHandler.java:217) ~[ozone-manager-1.3.0-SNAPSHOT.jar:?]
	at org.apache.hadoop.ozone.protocolPB.OzoneManagerProtocolServerSideTranslatorPB.submitReadRequestToOM(OzoneManagerProtocolServerSideTranslatorPB.java:226) ~[ozone-manager-1.3.0-SNAPSHOT.jar:?]
	at org.apache.hadoop.ozone.protocolPB.OzoneManagerProtocolServerSideTranslatorPB.processRequest(OzoneManagerProtocolServerSideTranslatorPB.java:175) ~[ozone-manager-1.3.0-SNAPSHOT.jar:?]
	at org.apache.hadoop.hdds.server.OzoneProtocolMessageDispatcher.processRequest(OzoneProtocolMessageDispatcher.java:87) [hdds-server-framework-1.3.0-SNAPSHOT.jar:?]
	at org.apache.hadoop.ozone.protocolPB.OzoneManagerProtocolServerSideTranslatorPB.submitRequest(OzoneManagerProtocolServerSideTranslatorPB.java:147) [ozone-manager-1.3.0-SNAPSHOT.jar:?]
	at org.apache.hadoop.ozone.protocol.proto.OzoneManagerProtocolProtos$OzoneManagerService$2.callBlockingMethod(OzoneManagerProtocolProtos.java) [ozone-interface-client-1.3.0-SNAPSHOT.jar:?]
	at org.apache.hadoop.ipc.ProtobufRpcEngine$Server.processCall(ProtobufRpcEngine.java:466) [hadoop-common-3.3.1.jar:?]
	at org.apache.hadoop.ipc.ProtobufRpcEngine2$Server$ProtoBufRpcInvoker.call(ProtobufRpcEngine2.java:574) [hadoop-common-3.3.1.jar:?]
	at org.apache.hadoop.ipc.ProtobufRpcEngine2$Server$ProtoBufRpcInvoker.call(ProtobufRpcEngine2.java:552) [hadoop-common-3.3.1.jar:?]
	at org.apache.hadoop.ipc.RPC$Server.call(RPC.java:1093) [hadoop-common-3.3.1.jar:?]
	at org.apache.hadoop.ipc.Server$RpcCall.run(Server.java:1035) [hadoop-common-3.3.1.jar:?]
	at org.apache.hadoop.ipc.Server$RpcCall.run(Server.java:963) [hadoop-common-3.3.1.jar:?]
	at java.security.AccessController.doPrivileged(Native Method) ~[?:1.8.0_332]
	at javax.security.auth.Subject.doAs(Subject.java:422) [?:1.8.0_332]
	at org.apache.hadoop.security.UserGroupInformation.doAs(UserGroupInformation.java:1878) [hadoop-common-3.3.1.jar:?]
	at org.apache.hadoop.ipc.Server$Handler.run(Server.java:2966) [hadoop-common-3.3.1.jar:?]
23:49:34.519 [IPC Server handler 10 on default port 33165] ERROR OMAudit - user=runner | ip=127.0.0.1 | op=GET_FILE_STATUS {volume=volume99794, bucket=bucket10019, key=level0/level2, dataSize=0, replicationConfig=null} | ret=FAILURE
org.apache.hadoop.ozone.om.exceptions.OMException: Unable to get file status: volume: volume99794 bucket: bucket10019 key: level0/level2
	at org.apache.hadoop.ozone.om.KeyManagerImpl.getOzoneFileStatus(KeyManagerImpl.java:1311) ~[ozone-manager-1.3.0-SNAPSHOT.jar:?]
	at org.apache.hadoop.ozone.om.KeyManagerImpl.getFileStatus(KeyManagerImpl.java:1241) ~[ozone-manager-1.3.0-SNAPSHOT.jar:?]
	at org.apache.hadoop.ozone.om.OzoneManager.getFileStatus(OzoneManager.java:3419) ~[ozone-manager-1.3.0-SNAPSHOT.jar:?]
	at org.apache.hadoop.ozone.protocolPB.OzoneManagerRequestHandler.getOzoneFileStatus(OzoneManagerRequestHandler.java:871) ~[ozone-manager-1.3.0-SNAPSHOT.jar:?]
	at org.apache.hadoop.ozone.protocolPB.OzoneManagerRequestHandler.handleReadRequest(OzoneManagerRequestHandler.java:217) ~[ozone-manager-1.3.0-SNAPSHOT.jar:?]
	at org.apache.hadoop.ozone.protocolPB.OzoneManagerProtocolServerSideTranslatorPB.submitReadRequestToOM(OzoneManagerProtocolServerSideTranslatorPB.java:226) ~[ozone-manager-1.3.0-SNAPSHOT.jar:?]
	at org.apache.hadoop.ozone.protocolPB.OzoneManagerProtocolServerSideTranslatorPB.processRequest(OzoneManagerProtocolServerSideTranslatorPB.java:175) ~[ozone-manager-1.3.0-SNAPSHOT.jar:?]
	at org.apache.hadoop.hdds.server.OzoneProtocolMessageDispatcher.processRequest(OzoneProtocolMessageDispatcher.java:87) [hdds-server-framework-1.3.0-SNAPSHOT.jar:?]
	at org.apache.hadoop.ozone.protocolPB.OzoneManagerProtocolServerSideTranslatorPB.submitRequest(OzoneManagerProtocolServerSideTranslatorPB.java:147) [ozone-manager-1.3.0-SNAPSHOT.jar:?]
	at org.apache.hadoop.ozone.protocol.proto.OzoneManagerProtocolProtos$OzoneManagerService$2.callBlockingMethod(OzoneManagerProtocolProtos.java) [ozone-interface-client-1.3.0-SNAPSHOT.jar:?]
	at org.apache.hadoop.ipc.ProtobufRpcEngine$Server.processCall(ProtobufRpcEngine.java:466) [hadoop-common-3.3.1.jar:?]
	at org.apache.hadoop.ipc.ProtobufRpcEngine2$Server$ProtoBufRpcInvoker.call(ProtobufRpcEngine2.java:574) [hadoop-common-3.3.1.jar:?]
	at org.apache.hadoop.ipc.ProtobufRpcEngine2$Server$ProtoBufRpcInvoker.call(ProtobufRpcEngine2.java:552) [hadoop-common-3.3.1.jar:?]
	at org.apache.hadoop.ipc.RPC$Server.call(RPC.java:1093) [hadoop-common-3.3.1.jar:?]
	at org.apache.hadoop.ipc.Server$RpcCall.run(Server.java:1035) [hadoop-common-3.3.1.jar:?]
	at org.apache.hadoop.ipc.Server$RpcCall.run(Server.java:963) [hadoop-common-3.3.1.jar:?]
	at java.security.AccessController.doPrivileged(Native Method) ~[?:1.8.0_332]
	at javax.security.auth.Subject.doAs(Subject.java:422) [?:1.8.0_332]
	at org.apache.hadoop.security.UserGroupInformation.doAs(UserGroupInformation.java:1878) [hadoop-common-3.3.1.jar:?]
	at org.apache.hadoop.ipc.Server$Handler.run(Server.java:2966) [hadoop-common-3.3.1.jar:?]
23:49:34.520 [IPC Server handler 8 on default port 33165] ERROR OMAudit - user=runner | ip=127.0.0.1 | op=GET_FILE_STATUS {volume=volume99794, bucket=bucket10019, key=level0/level2/level2, dataSize=0, replicationConfig=null} | ret=FAILURE
org.apache.hadoop.ozone.om.exceptions.OMException: Unable to get file status: volume: volume99794 bucket: bucket10019 key: level0/level2/level2
	at org.apache.hadoop.ozone.om.KeyManagerImpl.getOzoneFileStatus(KeyManagerImpl.java:1311) ~[ozone-manager-1.3.0-SNAPSHOT.jar:?]
	at org.apache.hadoop.ozone.om.KeyManagerImpl.getFileStatus(KeyManagerImpl.java:1241) ~[ozone-manager-1.3.0-SNAPSHOT.jar:?]
	at org.apache.hadoop.ozone.om.OzoneManager.getFileStatus(OzoneManager.java:3419) ~[ozone-manager-1.3.0-SNAPSHOT.jar:?]
	at org.apache.hadoop.ozone.protocolPB.OzoneManagerRequestHandler.getOzoneFileStatus(OzoneManagerRequestHandler.java:871) ~[ozone-manager-1.3.0-SNAPSHOT.jar:?]
	at org.apache.hadoop.ozone.protocolPB.OzoneManagerRequestHandler.handleReadRequest(OzoneManagerRequestHandler.java:217) ~[ozone-manager-1.3.0-SNAPSHOT.jar:?]
	at org.apache.hadoop.ozone.protocolPB.OzoneManagerProtocolServerSideTranslatorPB.submitReadRequestToOM(OzoneManagerProtocolServerSideTranslatorPB.java:226) ~[ozone-manager-1.3.0-SNAPSHOT.jar:?]
	at org.apache.hadoop.ozone.protocolPB.OzoneManagerProtocolServerSideTranslatorPB.processRequest(OzoneManagerProtocolServerSideTranslatorPB.java:175) ~[ozone-manager-1.3.0-SNAPSHOT.jar:?]
	at org.apache.hadoop.hdds.server.OzoneProtocolMessageDispatcher.processRequest(OzoneProtocolMessageDispatcher.java:87) [hdds-server-framework-1.3.0-SNAPSHOT.jar:?]
	at org.apache.hadoop.ozone.protocolPB.OzoneManagerProtocolServerSideTranslatorPB.submitRequest(OzoneManagerProtocolServerSideTranslatorPB.java:147) [ozone-manager-1.3.0-SNAPSHOT.jar:?]
	at org.apache.hadoop.ozone.protocol.proto.OzoneManagerProtocolProtos$OzoneManagerService$2.callBlockingMethod(OzoneManagerProtocolProtos.java) [ozone-interface-client-1.3.0-SNAPSHOT.jar:?]
	at org.apache.hadoop.ipc.ProtobufRpcEngine$Server.processCall(ProtobufRpcEngine.java:466) [hadoop-common-3.3.1.jar:?]
	at org.apache.hadoop.ipc.ProtobufRpcEngine2$Server$ProtoBufRpcInvoker.call(ProtobufRpcEngine2.java:574) [hadoop-common-3.3.1.jar:?]
	at org.apache.hadoop.ipc.ProtobufRpcEngine2$Server$ProtoBufRpcInvoker.call(ProtobufRpcEngine2.java:552) [hadoop-common-3.3.1.jar:?]
	at org.apache.hadoop.ipc.RPC$Server.call(RPC.java:1093) [hadoop-common-3.3.1.jar:?]
	at org.apache.hadoop.ipc.Server$RpcCall.run(Server.java:1035) [hadoop-common-3.3.1.jar:?]
	at org.apache.hadoop.ipc.Server$RpcCall.run(Server.java:963) [hadoop-common-3.3.1.jar:?]
	at java.security.AccessController.doPrivileged(Native Method) ~[?:1.8.0_332]
	at javax.security.auth.Subject.doAs(Subject.java:422) [?:1.8.0_332]
	at org.apache.hadoop.security.UserGroupInformation.doAs(UserGroupInformation.java:1878) [hadoop-common-3.3.1.jar:?]
	at org.apache.hadoop.ipc.Server$Handler.run(Server.java:2966) [hadoop-common-3.3.1.jar:?]
23:49:34.521 [IPC Server handler 2 on default port 33165] ERROR OMAudit - user=runner | ip=127.0.0.1 | op=GET_FILE_STATUS {volume=volume99794, bucket=bucket10019, key=level0/level2/file1, dataSize=0, replicationConfig=null} | ret=FAILURE
org.apache.hadoop.ozone.om.exceptions.OMException: Unable to get file status: volume: volume99794 bucket: bucket10019 key: level0/level2/file1
	at org.apache.hadoop.ozone.om.KeyManagerImpl.getOzoneFileStatus(KeyManagerImpl.java:1311) ~[ozone-manager-1.3.0-SNAPSHOT.jar:?]
	at org.apache.hadoop.ozone.om.KeyManagerImpl.getFileStatus(KeyManagerImpl.java:1241) ~[ozone-manager-1.3.0-SNAPSHOT.jar:?]
	at org.apache.hadoop.ozone.om.OzoneManager.getFileStatus(OzoneManager.java:3419) ~[ozone-manager-1.3.0-SNAPSHOT.jar:?]
	at org.apache.hadoop.ozone.protocolPB.OzoneManagerRequestHandler.getOzoneFileStatus(OzoneManagerRequestHandler.java:871) ~[ozone-manager-1.3.0-SNAPSHOT.jar:?]
	at org.apache.hadoop.ozone.protocolPB.OzoneManagerRequestHandler.handleReadRequest(OzoneManagerRequestHandler.java:217) ~[ozone-manager-1.3.0-SNAPSHOT.jar:?]
	at org.apache.hadoop.ozone.protocolPB.OzoneManagerProtocolServerSideTranslatorPB.submitReadRequestToOM(OzoneManagerProtocolServerSideTranslatorPB.java:226) ~[ozone-manager-1.3.0-SNAPSHOT.jar:?]
	at org.apache.hadoop.ozone.protocolPB.OzoneManagerProtocolServerSideTranslatorPB.processRequest(OzoneManagerProtocolServerSideTranslatorPB.java:175) ~[ozone-manager-1.3.0-SNAPSHOT.jar:?]
	at org.apache.hadoop.hdds.server.OzoneProtocolMessageDispatcher.processRequest(OzoneProtocolMessageDispatcher.java:87) [hdds-server-framework-1.3.0-SNAPSHOT.jar:?]
	at org.apache.hadoop.ozone.protocolPB.OzoneManagerProtocolServerSideTranslatorPB.submitRequest(OzoneManagerProtocolServerSideTranslatorPB.java:147) [ozone-manager-1.3.0-SNAPSHOT.jar:?]
	at org.apache.hadoop.ozone.protocol.proto.OzoneManagerProtocolProtos$OzoneManagerService$2.callBlockingMethod(OzoneManagerProtocolProtos.java) [ozone-interface-client-1.3.0-SNAPSHOT.jar:?]
	at org.apache.hadoop.ipc.ProtobufRpcEngine$Server.processCall(ProtobufRpcEngine.java:466) [hadoop-common-3.3.1.jar:?]
	at org.apache.hadoop.ipc.ProtobufRpcEngine2$Server$ProtoBufRpcInvoker.call(ProtobufRpcEngine2.java:574) [hadoop-common-3.3.1.jar:?]
	at org.apache.hadoop.ipc.ProtobufRpcEngine2$Server$ProtoBufRpcInvoker.call(ProtobufRpcEngine2.java:552) [hadoop-common-3.3.1.jar:?]
	at org.apache.hadoop.ipc.RPC$Server.call(RPC.java:1093) [hadoop-common-3.3.1.jar:?]
	at org.apache.hadoop.ipc.Server$RpcCall.run(Server.java:1035) [hadoop-common-3.3.1.jar:?]
	at org.apache.hadoop.ipc.Server$RpcCall.run(Server.java:963) [hadoop-common-3.3.1.jar:?]
	at java.security.AccessController.doPrivileged(Native Method) ~[?:1.8.0_332]
	at javax.security.auth.Subject.doAs(Subject.java:422) [?:1.8.0_332]
	at org.apache.hadoop.security.UserGroupInformation.doAs(UserGroupInformation.java:1878) [hadoop-common-3.3.1.jar:?]
	at org.apache.hadoop.ipc.Server$Handler.run(Server.java:2966) [hadoop-common-3.3.1.jar:?]
23:49:34.521 [IPC Server handler 15 on default port 33165] ERROR OMAudit - user=runner | ip=127.0.0.1 | op=GET_FILE_STATUS {volume=volume99794, bucket=bucket10019, key=level0/level2/level2/file1, dataSize=0, replicationConfig=null} | ret=FAILURE
org.apache.hadoop.ozone.om.exceptions.OMException: Unable to get file status: volume: volume99794 bucket: bucket10019 key: level0/level2/level2/file1
	at org.apache.hadoop.ozone.om.KeyManagerImpl.getOzoneFileStatus(KeyManagerImpl.java:1311) ~[ozone-manager-1.3.0-SNAPSHOT.jar:?]
	at org.apache.hadoop.ozone.om.KeyManagerImpl.getFileStatus(KeyManagerImpl.java:1241) ~[ozone-manager-1.3.0-SNAPSHOT.jar:?]
	at org.apache.hadoop.ozone.om.OzoneManager.getFileStatus(OzoneManager.java:3419) ~[ozone-manager-1.3.0-SNAPSHOT.jar:?]
	at org.apache.hadoop.ozone.protocolPB.OzoneManagerRequestHandler.getOzoneFileStatus(OzoneManagerRequestHandler.java:871) ~[ozone-manager-1.3.0-SNAPSHOT.jar:?]
	at org.apache.hadoop.ozone.protocolPB.OzoneManagerRequestHandler.handleReadRequest(OzoneManagerRequestHandler.java:217) ~[ozone-manager-1.3.0-SNAPSHOT.jar:?]
	at org.apache.hadoop.ozone.protocolPB.OzoneManagerProtocolServerSideTranslatorPB.submitReadRequestToOM(OzoneManagerProtocolServerSideTranslatorPB.java:226) ~[ozone-manager-1.3.0-SNAPSHOT.jar:?]
	at org.apache.hadoop.ozone.protocolPB.OzoneManagerProtocolServerSideTranslatorPB.processRequest(OzoneManagerProtocolServerSideTranslatorPB.java:175) ~[ozone-manager-1.3.0-SNAPSHOT.jar:?]
	at org.apache.hadoop.hdds.server.OzoneProtocolMessageDispatcher.processRequest(OzoneProtocolMessageDispatcher.java:87) [hdds-server-framework-1.3.0-SNAPSHOT.jar:?]
	at org.apache.hadoop.ozone.protocolPB.OzoneManagerProtocolServerSideTranslatorPB.submitRequest(OzoneManagerProtocolServerSideTranslatorPB.java:147) [ozone-manager-1.3.0-SNAPSHOT.jar:?]
	at org.apache.hadoop.ozone.protocol.proto.OzoneManagerProtocolProtos$OzoneManagerService$2.callBlockingMethod(OzoneManagerProtocolProtos.java) [ozone-interface-client-1.3.0-SNAPSHOT.jar:?]
	at org.apache.hadoop.ipc.ProtobufRpcEngine$Server.processCall(ProtobufRpcEngine.java:466) [hadoop-common-3.3.1.jar:?]
	at org.apache.hadoop.ipc.ProtobufRpcEngine2$Server$ProtoBufRpcInvoker.call(ProtobufRpcEngine2.java:574) [hadoop-common-3.3.1.jar:?]
	at org.apache.hadoop.ipc.ProtobufRpcEngine2$Server$ProtoBufRpcInvoker.call(ProtobufRpcEngine2.java:552) [hadoop-common-3.3.1.jar:?]
	at org.apache.hadoop.ipc.RPC$Server.call(RPC.java:1093) [hadoop-common-3.3.1.jar:?]
	at org.apache.hadoop.ipc.Server$RpcCall.run(Server.java:1035) [hadoop-common-3.3.1.jar:?]
	at org.apache.hadoop.ipc.Server$RpcCall.run(Server.java:963) [hadoop-common-3.3.1.jar:?]
	at java.security.AccessController.doPrivileged(Native Method) ~[?:1.8.0_332]
	at javax.security.auth.Subject.doAs(Subject.java:422) [?:1.8.0_332]
	at org.apache.hadoop.security.UserGroupInformation.doAs(UserGroupInformation.java:1878) [hadoop-common-3.3.1.jar:?]
	at org.apache.hadoop.ipc.Server$Handler.run(Server.java:2966) [hadoop-common-3.3.1.jar:?]
23:49:34.527 [IPC Server handler 0 on default port 33165] ERROR OMAudit - user=runner | ip=127.0.0.1 | op=GET_FILE_STATUS {volume=volume99794, bucket=bucket10019, key=level0/level3, dataSize=0, replicationConfig=null} | ret=FAILURE
org.apache.hadoop.ozone.om.exceptions.OMException: Unable to get file status: volume: volume99794 bucket: bucket10019 key: level0/level3
	at org.apache.hadoop.ozone.om.KeyManagerImpl.getOzoneFileStatus(KeyManagerImpl.java:1311) ~[ozone-manager-1.3.0-SNAPSHOT.jar:?]
	at org.apache.hadoop.ozone.om.KeyManagerImpl.getFileStatus(KeyManagerImpl.java:1241) ~[ozone-manager-1.3.0-SNAPSHOT.jar:?]
	at org.apache.hadoop.ozone.om.OzoneManager.getFileStatus(OzoneManager.java:3419) ~[ozone-manager-1.3.0-SNAPSHOT.jar:?]
	at org.apache.hadoop.ozone.protocolPB.OzoneManagerRequestHandler.getOzoneFileStatus(OzoneManagerRequestHandler.java:871) ~[ozone-manager-1.3.0-SNAPSHOT.jar:?]
	at org.apache.hadoop.ozone.protocolPB.OzoneManagerRequestHandler.handleReadRequest(OzoneManagerRequestHandler.java:217) ~[ozone-manager-1.3.0-SNAPSHOT.jar:?]
	at org.apache.hadoop.ozone.protocolPB.OzoneManagerProtocolServerSideTranslatorPB.submitReadRequestToOM(OzoneManagerProtocolServerSideTranslatorPB.java:226) ~[ozone-manager-1.3.0-SNAPSHOT.jar:?]
	at org.apache.hadoop.ozone.protocolPB.OzoneManagerProtocolServerSideTranslatorPB.processRequest(OzoneManagerProtocolServerSideTranslatorPB.java:175) ~[ozone-manager-1.3.0-SNAPSHOT.jar:?]
	at org.apache.hadoop.hdds.server.OzoneProtocolMessageDispatcher.processRequest(OzoneProtocolMessageDispatcher.java:87) [hdds-server-framework-1.3.0-SNAPSHOT.jar:?]
	at org.apache.hadoop.ozone.protocolPB.OzoneManagerProtocolServerSideTranslatorPB.submitRequest(OzoneManagerProtocolServerSideTranslatorPB.java:147) [ozone-manager-1.3.0-SNAPSHOT.jar:?]
	at org.apache.hadoop.ozone.protocol.proto.OzoneManagerProtocolProtos$OzoneManagerService$2.callBlockingMethod(OzoneManagerProtocolProtos.java) [ozone-interface-client-1.3.0-SNAPSHOT.jar:?]
	at org.apache.hadoop.ipc.ProtobufRpcEngine$Server.processCall(ProtobufRpcEngine.java:466) [hadoop-common-3.3.1.jar:?]
	at org.apache.hadoop.ipc.ProtobufRpcEngine2$Server$ProtoBufRpcInvoker.call(ProtobufRpcEngine2.java:574) [hadoop-common-3.3.1.jar:?]
	at org.apache.hadoop.ipc.ProtobufRpcEngine2$Server$ProtoBufRpcInvoker.call(ProtobufRpcEngine2.java:552) [hadoop-common-3.3.1.jar:?]
	at org.apache.hadoop.ipc.RPC$Server.call(RPC.java:1093) [hadoop-common-3.3.1.jar:?]
	at org.apache.hadoop.ipc.Server$RpcCall.run(Server.java:1035) [hadoop-common-3.3.1.jar:?]
	at org.apache.hadoop.ipc.Server$RpcCall.run(Server.java:963) [hadoop-common-3.3.1.jar:?]
	at java.security.AccessController.doPrivileged(Native Method) ~[?:1.8.0_332]
	at javax.security.auth.Subject.doAs(Subject.java:422) [?:1.8.0_332]
	at org.apache.hadoop.security.UserGroupInformation.doAs(UserGroupInformation.java:1878) [hadoop-common-3.3.1.jar:?]
	at org.apache.hadoop.ipc.Server$Handler.run(Server.java:2966) [hadoop-common-3.3.1.jar:?]
23:49:34.528 [IPC Server handler 3 on default port 33165] ERROR OMAudit - user=runner | ip=127.0.0.1 | op=GET_FILE_STATUS {volume=volume99794, bucket=bucket10019, key=level0/level3/level3, dataSize=0, replicationConfig=null} | ret=FAILURE
org.apache.hadoop.ozone.om.exceptions.OMException: Unable to get file status: volume: volume99794 bucket: bucket10019 key: level0/level3/level3
	at org.apache.hadoop.ozone.om.KeyManagerImpl.getOzoneFileStatus(KeyManagerImpl.java:1311) ~[ozone-manager-1.3.0-SNAPSHOT.jar:?]
	at org.apache.hadoop.ozone.om.KeyManagerImpl.getFileStatus(KeyManagerImpl.java:1241) ~[ozone-manager-1.3.0-SNAPSHOT.jar:?]
	at org.apache.hadoop.ozone.om.OzoneManager.getFileStatus(OzoneManager.java:3419) ~[ozone-manager-1.3.0-SNAPSHOT.jar:?]
	at org.apache.hadoop.ozone.protocolPB.OzoneManagerRequestHandler.getOzoneFileStatus(OzoneManagerRequestHandler.java:871) ~[ozone-manager-1.3.0-SNAPSHOT.jar:?]
	at org.apache.hadoop.ozone.protocolPB.OzoneManagerRequestHandler.handleReadRequest(OzoneManagerRequestHandler.java:217) ~[ozone-manager-1.3.0-SNAPSHOT.jar:?]
	at org.apache.hadoop.ozone.protocolPB.OzoneManagerProtocolServerSideTranslatorPB.submitReadRequestToOM(OzoneManagerProtocolServerSideTranslatorPB.java:226) ~[ozone-manager-1.3.0-SNAPSHOT.jar:?]
	at org.apache.hadoop.ozone.protocolPB.OzoneManagerProtocolServerSideTranslatorPB.processRequest(OzoneManagerProtocolServerSideTranslatorPB.java:175) ~[ozone-manager-1.3.0-SNAPSHOT.jar:?]
	at org.apache.hadoop.hdds.server.OzoneProtocolMessageDispatcher.processRequest(OzoneProtocolMessageDispatcher.java:87) [hdds-server-framework-1.3.0-SNAPSHOT.jar:?]
	at org.apache.hadoop.ozone.protocolPB.OzoneManagerProtocolServerSideTranslatorPB.submitRequest(OzoneManagerProtocolServerSideTranslatorPB.java:147) [ozone-manager-1.3.0-SNAPSHOT.jar:?]
	at org.apache.hadoop.ozone.protocol.proto.OzoneManagerProtocolProtos$OzoneManagerService$2.callBlockingMethod(OzoneManagerProtocolProtos.java) [ozone-interface-client-1.3.0-SNAPSHOT.jar:?]
	at org.apache.hadoop.ipc.ProtobufRpcEngine$Server.processCall(ProtobufRpcEngine.java:466) [hadoop-common-3.3.1.jar:?]
	at org.apache.hadoop.ipc.ProtobufRpcEngine2$Server$ProtoBufRpcInvoker.call(ProtobufRpcEngine2.java:574) [hadoop-common-3.3.1.jar:?]
	at org.apache.hadoop.ipc.ProtobufRpcEngine2$Server$ProtoBufRpcInvoker.call(ProtobufRpcEngine2.java:552) [hadoop-common-3.3.1.jar:?]
	at org.apache.hadoop.ipc.RPC$Server.call(RPC.java:1093) [hadoop-common-3.3.1.jar:?]
	at org.apache.hadoop.ipc.Server$RpcCall.run(Server.java:1035) [hadoop-common-3.3.1.jar:?]
	at org.apache.hadoop.ipc.Server$RpcCall.run(Server.java:963) [hadoop-common-3.3.1.jar:?]
	at java.security.AccessController.doPrivileged(Native Method) ~[?:1.8.0_332]
	at javax.security.auth.Subject.doAs(Subject.java:422) [?:1.8.0_332]
	at org.apache.hadoop.security.UserGroupInformation.doAs(UserGroupInformation.java:1878) [hadoop-common-3.3.1.jar:?]
	at org.apache.hadoop.ipc.Server$Handler.run(Server.java:2966) [hadoop-common-3.3.1.jar:?]
23:49:34.529 [IPC Server handler 16 on default port 33165] ERROR OMAudit - user=runner | ip=127.0.0.1 | op=GET_FILE_STATUS {volume=volume99794, bucket=bucket10019, key=level0/level3/file1, dataSize=0, replicationConfig=null} | ret=FAILURE
org.apache.hadoop.ozone.om.exceptions.OMException: Unable to get file status: volume: volume99794 bucket: bucket10019 key: level0/level3/file1
	at org.apache.hadoop.ozone.om.KeyManagerImpl.getOzoneFileStatus(KeyManagerImpl.java:1311) ~[ozone-manager-1.3.0-SNAPSHOT.jar:?]
	at org.apache.hadoop.ozone.om.KeyManagerImpl.getFileStatus(KeyManagerImpl.java:1241) ~[ozone-manager-1.3.0-SNAPSHOT.jar:?]
	at org.apache.hadoop.ozone.om.OzoneManager.getFileStatus(OzoneManager.java:3419) ~[ozone-manager-1.3.0-SNAPSHOT.jar:?]
	at org.apache.hadoop.ozone.protocolPB.OzoneManagerRequestHandler.getOzoneFileStatus(OzoneManagerRequestHandler.java:871) ~[ozone-manager-1.3.0-SNAPSHOT.jar:?]
	at org.apache.hadoop.ozone.protocolPB.OzoneManagerRequestHandler.handleReadRequest(OzoneManagerRequestHandler.java:217) ~[ozone-manager-1.3.0-SNAPSHOT.jar:?]
	at org.apache.hadoop.ozone.protocolPB.OzoneManagerProtocolServerSideTranslatorPB.submitReadRequestToOM(OzoneManagerProtocolServerSideTranslatorPB.java:226) ~[ozone-manager-1.3.0-SNAPSHOT.jar:?]
	at org.apache.hadoop.ozone.protocolPB.OzoneManagerProtocolServerSideTranslatorPB.processRequest(OzoneManagerProtocolServerSideTranslatorPB.java:175) ~[ozone-manager-1.3.0-SNAPSHOT.jar:?]
	at org.apache.hadoop.hdds.server.OzoneProtocolMessageDispatcher.processRequest(OzoneProtocolMessageDispatcher.java:87) [hdds-server-framework-1.3.0-SNAPSHOT.jar:?]
	at org.apache.hadoop.ozone.protocolPB.OzoneManagerProtocolServerSideTranslatorPB.submitRequest(OzoneManagerProtocolServerSideTranslatorPB.java:147) [ozone-manager-1.3.0-SNAPSHOT.jar:?]
	at org.apache.hadoop.ozone.protocol.proto.OzoneManagerProtocolProtos$OzoneManagerService$2.callBlockingMethod(OzoneManagerProtocolProtos.java) [ozone-interface-client-1.3.0-SNAPSHOT.jar:?]
	at org.apache.hadoop.ipc.ProtobufRpcEngine$Server.processCall(ProtobufRpcEngine.java:466) [hadoop-common-3.3.1.jar:?]
	at org.apache.hadoop.ipc.ProtobufRpcEngine2$Server$ProtoBufRpcInvoker.call(ProtobufRpcEngine2.java:574) [hadoop-common-3.3.1.jar:?]
	at org.apache.hadoop.ipc.ProtobufRpcEngine2$Server$ProtoBufRpcInvoker.call(ProtobufRpcEngine2.java:552) [hadoop-common-3.3.1.jar:?]
	at org.apache.hadoop.ipc.RPC$Server.call(RPC.java:1093) [hadoop-common-3.3.1.jar:?]
	at org.apache.hadoop.ipc.Server$RpcCall.run(Server.java:1035) [hadoop-common-3.3.1.jar:?]
	at org.apache.hadoop.ipc.Server$RpcCall.run(Server.java:963) [hadoop-common-3.3.1.jar:?]
	at java.security.AccessController.doPrivileged(Native Method) ~[?:1.8.0_332]
	at javax.security.auth.Subject.doAs(Subject.java:422) [?:1.8.0_332]
	at org.apache.hadoop.security.UserGroupInformation.doAs(UserGroupInformation.java:1878) [hadoop-common-3.3.1.jar:?]
	at org.apache.hadoop.ipc.Server$Handler.run(Server.java:2966) [hadoop-common-3.3.1.jar:?]
23:49:34.531 [IPC Server handler 9 on default port 33165] ERROR OMAudit - user=runner | ip=127.0.0.1 | op=GET_FILE_STATUS {volume=volume99794, bucket=bucket10019, key=level0/level3/level3/file1, dataSize=0, replicationConfig=null} | ret=FAILURE
org.apache.hadoop.ozone.om.exceptions.OMException: Unable to get file status: volume: volume99794 bucket: bucket10019 key: level0/level3/level3/file1
	at org.apache.hadoop.ozone.om.KeyManagerImpl.getOzoneFileStatus(KeyManagerImpl.java:1311) ~[ozone-manager-1.3.0-SNAPSHOT.jar:?]
	at org.apache.hadoop.ozone.om.KeyManagerImpl.getFileStatus(KeyManagerImpl.java:1241) ~[ozone-manager-1.3.0-SNAPSHOT.jar:?]
	at org.apache.hadoop.ozone.om.OzoneManager.getFileStatus(OzoneManager.java:3419) ~[ozone-manager-1.3.0-SNAPSHOT.jar:?]
	at org.apache.hadoop.ozone.protocolPB.OzoneManagerRequestHandler.getOzoneFileStatus(OzoneManagerRequestHandler.java:871) ~[ozone-manager-1.3.0-SNAPSHOT.jar:?]
	at org.apache.hadoop.ozone.protocolPB.OzoneManagerRequestHandler.handleReadRequest(OzoneManagerRequestHandler.java:217) ~[ozone-manager-1.3.0-SNAPSHOT.jar:?]
	at org.apache.hadoop.ozone.protocolPB.OzoneManagerProtocolServerSideTranslatorPB.submitReadRequestToOM(OzoneManagerProtocolServerSideTranslatorPB.java:226) ~[ozone-manager-1.3.0-SNAPSHOT.jar:?]
	at org.apache.hadoop.ozone.protocolPB.OzoneManagerProtocolServerSideTranslatorPB.processRequest(OzoneManagerProtocolServerSideTranslatorPB.java:175) ~[ozone-manager-1.3.0-SNAPSHOT.jar:?]
	at org.apache.hadoop.hdds.server.OzoneProtocolMessageDispatcher.processRequest(OzoneProtocolMessageDispatcher.java:87) [hdds-server-framework-1.3.0-SNAPSHOT.jar:?]
	at org.apache.hadoop.ozone.protocolPB.OzoneManagerProtocolServerSideTranslatorPB.submitRequest(OzoneManagerProtocolServerSideTranslatorPB.java:147) [ozone-manager-1.3.0-SNAPSHOT.jar:?]
	at org.apache.hadoop.ozone.protocol.proto.OzoneManagerProtocolProtos$OzoneManagerService$2.callBlockingMethod(OzoneManagerProtocolProtos.java) [ozone-interface-client-1.3.0-SNAPSHOT.jar:?]
	at org.apache.hadoop.ipc.ProtobufRpcEngine$Server.processCall(ProtobufRpcEngine.java:466) [hadoop-common-3.3.1.jar:?]
	at org.apache.hadoop.ipc.ProtobufRpcEngine2$Server$ProtoBufRpcInvoker.call(ProtobufRpcEngine2.java:574) [hadoop-common-3.3.1.jar:?]
	at org.apache.hadoop.ipc.ProtobufRpcEngine2$Server$ProtoBufRpcInvoker.call(ProtobufRpcEngine2.java:552) [hadoop-common-3.3.1.jar:?]
	at org.apache.hadoop.ipc.RPC$Server.call(RPC.java:1093) [hadoop-common-3.3.1.jar:?]
	at org.apache.hadoop.ipc.Server$RpcCall.run(Server.java:1035) [hadoop-common-3.3.1.jar:?]
	at org.apache.hadoop.ipc.Server$RpcCall.run(Server.java:963) [hadoop-common-3.3.1.jar:?]
	at java.security.AccessController.doPrivileged(Native Method) ~[?:1.8.0_332]
	at javax.security.auth.Subject.doAs(Subject.java:422) [?:1.8.0_332]
	at org.apache.hadoop.security.UserGroupInformation.doAs(UserGroupInformation.java:1878) [hadoop-common-3.3.1.jar:?]
	at org.apache.hadoop.ipc.Server$Handler.run(Server.java:2966) [hadoop-common-3.3.1.jar:?]
]]></system-out>
  </testcase>
  <testcase name="testRecursiveDelete" classname="TestOzoneFileSystem" time="0.297">
    <system-out><![CDATA[23:50:47.690 [IPC Server handler 9 on default port 33563] ERROR OMAudit - user=runner | ip=127.0.0.1 | op=GET_FILE_STATUS {volume=volume50176, bucket=bucket31866, key=gdir1, dataSize=0, replicationConfig=null} | ret=FAILURE
org.apache.hadoop.ozone.om.exceptions.OMException: Unable to get file status: volume: volume50176 bucket: bucket31866 key: gdir1
	at org.apache.hadoop.ozone.om.KeyManagerImpl.getOzoneFileStatus(KeyManagerImpl.java:1311) ~[ozone-manager-1.3.0-SNAPSHOT.jar:?]
	at org.apache.hadoop.ozone.om.KeyManagerImpl.getFileStatus(KeyManagerImpl.java:1241) ~[ozone-manager-1.3.0-SNAPSHOT.jar:?]
	at org.apache.hadoop.ozone.om.OzoneManager.getFileStatus(OzoneManager.java:3419) ~[ozone-manager-1.3.0-SNAPSHOT.jar:?]
	at org.apache.hadoop.ozone.protocolPB.OzoneManagerRequestHandler.getOzoneFileStatus(OzoneManagerRequestHandler.java:871) ~[ozone-manager-1.3.0-SNAPSHOT.jar:?]
	at org.apache.hadoop.ozone.protocolPB.OzoneManagerRequestHandler.handleReadRequest(OzoneManagerRequestHandler.java:217) ~[ozone-manager-1.3.0-SNAPSHOT.jar:?]
	at org.apache.hadoop.ozone.protocolPB.OzoneManagerProtocolServerSideTranslatorPB.submitRequestDirectlyToOM(OzoneManagerProtocolServerSideTranslatorPB.java:276) ~[ozone-manager-1.3.0-SNAPSHOT.jar:?]
	at org.apache.hadoop.ozone.protocolPB.OzoneManagerProtocolServerSideTranslatorPB.processRequest(OzoneManagerProtocolServerSideTranslatorPB.java:205) ~[ozone-manager-1.3.0-SNAPSHOT.jar:?]
	at org.apache.hadoop.hdds.server.OzoneProtocolMessageDispatcher.processRequest(OzoneProtocolMessageDispatcher.java:87) [hdds-server-framework-1.3.0-SNAPSHOT.jar:?]
	at org.apache.hadoop.ozone.protocolPB.OzoneManagerProtocolServerSideTranslatorPB.submitRequest(OzoneManagerProtocolServerSideTranslatorPB.java:147) [ozone-manager-1.3.0-SNAPSHOT.jar:?]
	at org.apache.hadoop.ozone.protocol.proto.OzoneManagerProtocolProtos$OzoneManagerService$2.callBlockingMethod(OzoneManagerProtocolProtos.java) [ozone-interface-client-1.3.0-SNAPSHOT.jar:?]
	at org.apache.hadoop.ipc.ProtobufRpcEngine$Server.processCall(ProtobufRpcEngine.java:466) [hadoop-common-3.3.1.jar:?]
	at org.apache.hadoop.ipc.ProtobufRpcEngine2$Server$ProtoBufRpcInvoker.call(ProtobufRpcEngine2.java:574) [hadoop-common-3.3.1.jar:?]
	at org.apache.hadoop.ipc.ProtobufRpcEngine2$Server$ProtoBufRpcInvoker.call(ProtobufRpcEngine2.java:552) [hadoop-common-3.3.1.jar:?]
	at org.apache.hadoop.ipc.RPC$Server.call(RPC.java:1093) [hadoop-common-3.3.1.jar:?]
	at org.apache.hadoop.ipc.Server$RpcCall.run(Server.java:1035) [hadoop-common-3.3.1.jar:?]
	at org.apache.hadoop.ipc.Server$RpcCall.run(Server.java:963) [hadoop-common-3.3.1.jar:?]
	at java.security.AccessController.doPrivileged(Native Method) ~[?:1.8.0_332]
	at javax.security.auth.Subject.doAs(Subject.java:422) [?:1.8.0_332]
	at org.apache.hadoop.security.UserGroupInformation.doAs(UserGroupInformation.java:1878) [hadoop-common-3.3.1.jar:?]
	at org.apache.hadoop.ipc.Server$Handler.run(Server.java:2966) [hadoop-common-3.3.1.jar:?]
23:50:47.691 [IPC Server handler 10 on default port 33563] ERROR OMAudit - user=runner | ip=127.0.0.1 | op=GET_FILE_STATUS {volume=volume50176, bucket=bucket31866, key=gdir1/dir1, dataSize=0, replicationConfig=null} | ret=FAILURE
org.apache.hadoop.ozone.om.exceptions.OMException: Unable to get file status: volume: volume50176 bucket: bucket31866 key: gdir1/dir1
	at org.apache.hadoop.ozone.om.KeyManagerImpl.getOzoneFileStatus(KeyManagerImpl.java:1311) ~[ozone-manager-1.3.0-SNAPSHOT.jar:?]
	at org.apache.hadoop.ozone.om.KeyManagerImpl.getFileStatus(KeyManagerImpl.java:1241) ~[ozone-manager-1.3.0-SNAPSHOT.jar:?]
	at org.apache.hadoop.ozone.om.OzoneManager.getFileStatus(OzoneManager.java:3419) ~[ozone-manager-1.3.0-SNAPSHOT.jar:?]
	at org.apache.hadoop.ozone.protocolPB.OzoneManagerRequestHandler.getOzoneFileStatus(OzoneManagerRequestHandler.java:871) ~[ozone-manager-1.3.0-SNAPSHOT.jar:?]
	at org.apache.hadoop.ozone.protocolPB.OzoneManagerRequestHandler.handleReadRequest(OzoneManagerRequestHandler.java:217) ~[ozone-manager-1.3.0-SNAPSHOT.jar:?]
	at org.apache.hadoop.ozone.protocolPB.OzoneManagerProtocolServerSideTranslatorPB.submitRequestDirectlyToOM(OzoneManagerProtocolServerSideTranslatorPB.java:276) ~[ozone-manager-1.3.0-SNAPSHOT.jar:?]
	at org.apache.hadoop.ozone.protocolPB.OzoneManagerProtocolServerSideTranslatorPB.processRequest(OzoneManagerProtocolServerSideTranslatorPB.java:205) ~[ozone-manager-1.3.0-SNAPSHOT.jar:?]
	at org.apache.hadoop.hdds.server.OzoneProtocolMessageDispatcher.processRequest(OzoneProtocolMessageDispatcher.java:87) [hdds-server-framework-1.3.0-SNAPSHOT.jar:?]
	at org.apache.hadoop.ozone.protocolPB.OzoneManagerProtocolServerSideTranslatorPB.submitRequest(OzoneManagerProtocolServerSideTranslatorPB.java:147) [ozone-manager-1.3.0-SNAPSHOT.jar:?]
	at org.apache.hadoop.ozone.protocol.proto.OzoneManagerProtocolProtos$OzoneManagerService$2.callBlockingMethod(OzoneManagerProtocolProtos.java) [ozone-interface-client-1.3.0-SNAPSHOT.jar:?]
	at org.apache.hadoop.ipc.ProtobufRpcEngine$Server.processCall(ProtobufRpcEngine.java:466) [hadoop-common-3.3.1.jar:?]
	at org.apache.hadoop.ipc.ProtobufRpcEngine2$Server$ProtoBufRpcInvoker.call(ProtobufRpcEngine2.java:574) [hadoop-common-3.3.1.jar:?]
	at org.apache.hadoop.ipc.ProtobufRpcEngine2$Server$ProtoBufRpcInvoker.call(ProtobufRpcEngine2.java:552) [hadoop-common-3.3.1.jar:?]
	at org.apache.hadoop.ipc.RPC$Server.call(RPC.java:1093) [hadoop-common-3.3.1.jar:?]
	at org.apache.hadoop.ipc.Server$RpcCall.run(Server.java:1035) [hadoop-common-3.3.1.jar:?]
	at org.apache.hadoop.ipc.Server$RpcCall.run(Server.java:963) [hadoop-common-3.3.1.jar:?]
	at java.security.AccessController.doPrivileged(Native Method) ~[?:1.8.0_332]
	at javax.security.auth.Subject.doAs(Subject.java:422) [?:1.8.0_332]
	at org.apache.hadoop.security.UserGroupInformation.doAs(UserGroupInformation.java:1878) [hadoop-common-3.3.1.jar:?]
	at org.apache.hadoop.ipc.Server$Handler.run(Server.java:2966) [hadoop-common-3.3.1.jar:?]
23:50:47.691 [IPC Server handler 8 on default port 33563] ERROR OMAudit - user=runner | ip=127.0.0.1 | op=GET_FILE_STATUS {volume=volume50176, bucket=bucket31866, key=gdir1/dir1/child, dataSize=0, replicationConfig=null} | ret=FAILURE
org.apache.hadoop.ozone.om.exceptions.OMException: Unable to get file status: volume: volume50176 bucket: bucket31866 key: gdir1/dir1/child
	at org.apache.hadoop.ozone.om.KeyManagerImpl.getOzoneFileStatus(KeyManagerImpl.java:1311) ~[ozone-manager-1.3.0-SNAPSHOT.jar:?]
	at org.apache.hadoop.ozone.om.KeyManagerImpl.getFileStatus(KeyManagerImpl.java:1241) ~[ozone-manager-1.3.0-SNAPSHOT.jar:?]
	at org.apache.hadoop.ozone.om.OzoneManager.getFileStatus(OzoneManager.java:3419) ~[ozone-manager-1.3.0-SNAPSHOT.jar:?]
	at org.apache.hadoop.ozone.protocolPB.OzoneManagerRequestHandler.getOzoneFileStatus(OzoneManagerRequestHandler.java:871) ~[ozone-manager-1.3.0-SNAPSHOT.jar:?]
	at org.apache.hadoop.ozone.protocolPB.OzoneManagerRequestHandler.handleReadRequest(OzoneManagerRequestHandler.java:217) ~[ozone-manager-1.3.0-SNAPSHOT.jar:?]
	at org.apache.hadoop.ozone.protocolPB.OzoneManagerProtocolServerSideTranslatorPB.submitRequestDirectlyToOM(OzoneManagerProtocolServerSideTranslatorPB.java:276) ~[ozone-manager-1.3.0-SNAPSHOT.jar:?]
	at org.apache.hadoop.ozone.protocolPB.OzoneManagerProtocolServerSideTranslatorPB.processRequest(OzoneManagerProtocolServerSideTranslatorPB.java:205) ~[ozone-manager-1.3.0-SNAPSHOT.jar:?]
	at org.apache.hadoop.hdds.server.OzoneProtocolMessageDispatcher.processRequest(OzoneProtocolMessageDispatcher.java:87) [hdds-server-framework-1.3.0-SNAPSHOT.jar:?]
	at org.apache.hadoop.ozone.protocolPB.OzoneManagerProtocolServerSideTranslatorPB.submitRequest(OzoneManagerProtocolServerSideTranslatorPB.java:147) [ozone-manager-1.3.0-SNAPSHOT.jar:?]
	at org.apache.hadoop.ozone.protocol.proto.OzoneManagerProtocolProtos$OzoneManagerService$2.callBlockingMethod(OzoneManagerProtocolProtos.java) [ozone-interface-client-1.3.0-SNAPSHOT.jar:?]
	at org.apache.hadoop.ipc.ProtobufRpcEngine$Server.processCall(ProtobufRpcEngine.java:466) [hadoop-common-3.3.1.jar:?]
	at org.apache.hadoop.ipc.ProtobufRpcEngine2$Server$ProtoBufRpcInvoker.call(ProtobufRpcEngine2.java:574) [hadoop-common-3.3.1.jar:?]
	at org.apache.hadoop.ipc.ProtobufRpcEngine2$Server$ProtoBufRpcInvoker.call(ProtobufRpcEngine2.java:552) [hadoop-common-3.3.1.jar:?]
	at org.apache.hadoop.ipc.RPC$Server.call(RPC.java:1093) [hadoop-common-3.3.1.jar:?]
	at org.apache.hadoop.ipc.Server$RpcCall.run(Server.java:1035) [hadoop-common-3.3.1.jar:?]
	at org.apache.hadoop.ipc.Server$RpcCall.run(Server.java:963) [hadoop-common-3.3.1.jar:?]
	at java.security.AccessController.doPrivileged(Native Method) ~[?:1.8.0_332]
	at javax.security.auth.Subject.doAs(Subject.java:422) [?:1.8.0_332]
	at org.apache.hadoop.security.UserGroupInformation.doAs(UserGroupInformation.java:1878) [hadoop-common-3.3.1.jar:?]
	at org.apache.hadoop.ipc.Server$Handler.run(Server.java:2966) [hadoop-common-3.3.1.jar:?]
23:50:47.692 [IPC Server handler 12 on default port 33563] ERROR OMAudit - user=runner | ip=127.0.0.1 | op=GET_FILE_STATUS {volume=volume50176, bucket=bucket31866, key=gdir1/dir2, dataSize=0, replicationConfig=null} | ret=FAILURE
org.apache.hadoop.ozone.om.exceptions.OMException: Unable to get file status: volume: volume50176 bucket: bucket31866 key: gdir1/dir2
	at org.apache.hadoop.ozone.om.KeyManagerImpl.getOzoneFileStatus(KeyManagerImpl.java:1311) ~[ozone-manager-1.3.0-SNAPSHOT.jar:?]
	at org.apache.hadoop.ozone.om.KeyManagerImpl.getFileStatus(KeyManagerImpl.java:1241) ~[ozone-manager-1.3.0-SNAPSHOT.jar:?]
	at org.apache.hadoop.ozone.om.OzoneManager.getFileStatus(OzoneManager.java:3419) ~[ozone-manager-1.3.0-SNAPSHOT.jar:?]
	at org.apache.hadoop.ozone.protocolPB.OzoneManagerRequestHandler.getOzoneFileStatus(OzoneManagerRequestHandler.java:871) ~[ozone-manager-1.3.0-SNAPSHOT.jar:?]
	at org.apache.hadoop.ozone.protocolPB.OzoneManagerRequestHandler.handleReadRequest(OzoneManagerRequestHandler.java:217) ~[ozone-manager-1.3.0-SNAPSHOT.jar:?]
	at org.apache.hadoop.ozone.protocolPB.OzoneManagerProtocolServerSideTranslatorPB.submitRequestDirectlyToOM(OzoneManagerProtocolServerSideTranslatorPB.java:276) ~[ozone-manager-1.3.0-SNAPSHOT.jar:?]
	at org.apache.hadoop.ozone.protocolPB.OzoneManagerProtocolServerSideTranslatorPB.processRequest(OzoneManagerProtocolServerSideTranslatorPB.java:205) ~[ozone-manager-1.3.0-SNAPSHOT.jar:?]
	at org.apache.hadoop.hdds.server.OzoneProtocolMessageDispatcher.processRequest(OzoneProtocolMessageDispatcher.java:87) [hdds-server-framework-1.3.0-SNAPSHOT.jar:?]
	at org.apache.hadoop.ozone.protocolPB.OzoneManagerProtocolServerSideTranslatorPB.submitRequest(OzoneManagerProtocolServerSideTranslatorPB.java:147) [ozone-manager-1.3.0-SNAPSHOT.jar:?]
	at org.apache.hadoop.ozone.protocol.proto.OzoneManagerProtocolProtos$OzoneManagerService$2.callBlockingMethod(OzoneManagerProtocolProtos.java) [ozone-interface-client-1.3.0-SNAPSHOT.jar:?]
	at org.apache.hadoop.ipc.ProtobufRpcEngine$Server.processCall(ProtobufRpcEngine.java:466) [hadoop-common-3.3.1.jar:?]
	at org.apache.hadoop.ipc.ProtobufRpcEngine2$Server$ProtoBufRpcInvoker.call(ProtobufRpcEngine2.java:574) [hadoop-common-3.3.1.jar:?]
	at org.apache.hadoop.ipc.ProtobufRpcEngine2$Server$ProtoBufRpcInvoker.call(ProtobufRpcEngine2.java:552) [hadoop-common-3.3.1.jar:?]
	at org.apache.hadoop.ipc.RPC$Server.call(RPC.java:1093) [hadoop-common-3.3.1.jar:?]
	at org.apache.hadoop.ipc.Server$RpcCall.run(Server.java:1035) [hadoop-common-3.3.1.jar:?]
	at org.apache.hadoop.ipc.Server$RpcCall.run(Server.java:963) [hadoop-common-3.3.1.jar:?]
	at java.security.AccessController.doPrivileged(Native Method) ~[?:1.8.0_332]
	at javax.security.auth.Subject.doAs(Subject.java:422) [?:1.8.0_332]
	at org.apache.hadoop.security.UserGroupInformation.doAs(UserGroupInformation.java:1878) [hadoop-common-3.3.1.jar:?]
	at org.apache.hadoop.ipc.Server$Handler.run(Server.java:2966) [hadoop-common-3.3.1.jar:?]
23:50:47.693 [IPC Server handler 16 on default port 33563] ERROR OMAudit - user=runner | ip=127.0.0.1 | op=GET_FILE_STATUS {volume=volume50176, bucket=bucket31866, key=gdir1/dir2/child, dataSize=0, replicationConfig=null} | ret=FAILURE
org.apache.hadoop.ozone.om.exceptions.OMException: Unable to get file status: volume: volume50176 bucket: bucket31866 key: gdir1/dir2/child
	at org.apache.hadoop.ozone.om.KeyManagerImpl.getOzoneFileStatus(KeyManagerImpl.java:1311) ~[ozone-manager-1.3.0-SNAPSHOT.jar:?]
	at org.apache.hadoop.ozone.om.KeyManagerImpl.getFileStatus(KeyManagerImpl.java:1241) ~[ozone-manager-1.3.0-SNAPSHOT.jar:?]
	at org.apache.hadoop.ozone.om.OzoneManager.getFileStatus(OzoneManager.java:3419) ~[ozone-manager-1.3.0-SNAPSHOT.jar:?]
	at org.apache.hadoop.ozone.protocolPB.OzoneManagerRequestHandler.getOzoneFileStatus(OzoneManagerRequestHandler.java:871) ~[ozone-manager-1.3.0-SNAPSHOT.jar:?]
	at org.apache.hadoop.ozone.protocolPB.OzoneManagerRequestHandler.handleReadRequest(OzoneManagerRequestHandler.java:217) ~[ozone-manager-1.3.0-SNAPSHOT.jar:?]
	at org.apache.hadoop.ozone.protocolPB.OzoneManagerProtocolServerSideTranslatorPB.submitRequestDirectlyToOM(OzoneManagerProtocolServerSideTranslatorPB.java:276) ~[ozone-manager-1.3.0-SNAPSHOT.jar:?]
	at org.apache.hadoop.ozone.protocolPB.OzoneManagerProtocolServerSideTranslatorPB.processRequest(OzoneManagerProtocolServerSideTranslatorPB.java:205) ~[ozone-manager-1.3.0-SNAPSHOT.jar:?]
	at org.apache.hadoop.hdds.server.OzoneProtocolMessageDispatcher.processRequest(OzoneProtocolMessageDispatcher.java:87) [hdds-server-framework-1.3.0-SNAPSHOT.jar:?]
	at org.apache.hadoop.ozone.protocolPB.OzoneManagerProtocolServerSideTranslatorPB.submitRequest(OzoneManagerProtocolServerSideTranslatorPB.java:147) [ozone-manager-1.3.0-SNAPSHOT.jar:?]
	at org.apache.hadoop.ozone.protocol.proto.OzoneManagerProtocolProtos$OzoneManagerService$2.callBlockingMethod(OzoneManagerProtocolProtos.java) [ozone-interface-client-1.3.0-SNAPSHOT.jar:?]
	at org.apache.hadoop.ipc.ProtobufRpcEngine$Server.processCall(ProtobufRpcEngine.java:466) [hadoop-common-3.3.1.jar:?]
	at org.apache.hadoop.ipc.ProtobufRpcEngine2$Server$ProtoBufRpcInvoker.call(ProtobufRpcEngine2.java:574) [hadoop-common-3.3.1.jar:?]
	at org.apache.hadoop.ipc.ProtobufRpcEngine2$Server$ProtoBufRpcInvoker.call(ProtobufRpcEngine2.java:552) [hadoop-common-3.3.1.jar:?]
	at org.apache.hadoop.ipc.RPC$Server.call(RPC.java:1093) [hadoop-common-3.3.1.jar:?]
	at org.apache.hadoop.ipc.Server$RpcCall.run(Server.java:1035) [hadoop-common-3.3.1.jar:?]
	at org.apache.hadoop.ipc.Server$RpcCall.run(Server.java:963) [hadoop-common-3.3.1.jar:?]
	at java.security.AccessController.doPrivileged(Native Method) ~[?:1.8.0_332]
	at javax.security.auth.Subject.doAs(Subject.java:422) [?:1.8.0_332]
	at org.apache.hadoop.security.UserGroupInformation.doAs(UserGroupInformation.java:1878) [hadoop-common-3.3.1.jar:?]
	at org.apache.hadoop.ipc.Server$Handler.run(Server.java:2966) [hadoop-common-3.3.1.jar:?]
23:50:47.693 [IPC Server handler 7 on default port 33563] ERROR OMAudit - user=runner | ip=127.0.0.1 | op=GET_FILE_STATUS {volume=volume50176, bucket=bucket31866, key=gdir1/dir3, dataSize=0, replicationConfig=null} | ret=FAILURE
org.apache.hadoop.ozone.om.exceptions.OMException: Unable to get file status: volume: volume50176 bucket: bucket31866 key: gdir1/dir3
	at org.apache.hadoop.ozone.om.KeyManagerImpl.getOzoneFileStatus(KeyManagerImpl.java:1311) ~[ozone-manager-1.3.0-SNAPSHOT.jar:?]
	at org.apache.hadoop.ozone.om.KeyManagerImpl.getFileStatus(KeyManagerImpl.java:1241) ~[ozone-manager-1.3.0-SNAPSHOT.jar:?]
	at org.apache.hadoop.ozone.om.OzoneManager.getFileStatus(OzoneManager.java:3419) ~[ozone-manager-1.3.0-SNAPSHOT.jar:?]
	at org.apache.hadoop.ozone.protocolPB.OzoneManagerRequestHandler.getOzoneFileStatus(OzoneManagerRequestHandler.java:871) ~[ozone-manager-1.3.0-SNAPSHOT.jar:?]
	at org.apache.hadoop.ozone.protocolPB.OzoneManagerRequestHandler.handleReadRequest(OzoneManagerRequestHandler.java:217) ~[ozone-manager-1.3.0-SNAPSHOT.jar:?]
	at org.apache.hadoop.ozone.protocolPB.OzoneManagerProtocolServerSideTranslatorPB.submitRequestDirectlyToOM(OzoneManagerProtocolServerSideTranslatorPB.java:276) ~[ozone-manager-1.3.0-SNAPSHOT.jar:?]
	at org.apache.hadoop.ozone.protocolPB.OzoneManagerProtocolServerSideTranslatorPB.processRequest(OzoneManagerProtocolServerSideTranslatorPB.java:205) ~[ozone-manager-1.3.0-SNAPSHOT.jar:?]
	at org.apache.hadoop.hdds.server.OzoneProtocolMessageDispatcher.processRequest(OzoneProtocolMessageDispatcher.java:87) [hdds-server-framework-1.3.0-SNAPSHOT.jar:?]
	at org.apache.hadoop.ozone.protocolPB.OzoneManagerProtocolServerSideTranslatorPB.submitRequest(OzoneManagerProtocolServerSideTranslatorPB.java:147) [ozone-manager-1.3.0-SNAPSHOT.jar:?]
	at org.apache.hadoop.ozone.protocol.proto.OzoneManagerProtocolProtos$OzoneManagerService$2.callBlockingMethod(OzoneManagerProtocolProtos.java) [ozone-interface-client-1.3.0-SNAPSHOT.jar:?]
	at org.apache.hadoop.ipc.ProtobufRpcEngine$Server.processCall(ProtobufRpcEngine.java:466) [hadoop-common-3.3.1.jar:?]
	at org.apache.hadoop.ipc.ProtobufRpcEngine2$Server$ProtoBufRpcInvoker.call(ProtobufRpcEngine2.java:574) [hadoop-common-3.3.1.jar:?]
	at org.apache.hadoop.ipc.ProtobufRpcEngine2$Server$ProtoBufRpcInvoker.call(ProtobufRpcEngine2.java:552) [hadoop-common-3.3.1.jar:?]
	at org.apache.hadoop.ipc.RPC$Server.call(RPC.java:1093) [hadoop-common-3.3.1.jar:?]
	at org.apache.hadoop.ipc.Server$RpcCall.run(Server.java:1035) [hadoop-common-3.3.1.jar:?]
	at org.apache.hadoop.ipc.Server$RpcCall.run(Server.java:963) [hadoop-common-3.3.1.jar:?]
	at java.security.AccessController.doPrivileged(Native Method) ~[?:1.8.0_332]
	at javax.security.auth.Subject.doAs(Subject.java:422) [?:1.8.0_332]
	at org.apache.hadoop.security.UserGroupInformation.doAs(UserGroupInformation.java:1878) [hadoop-common-3.3.1.jar:?]
	at org.apache.hadoop.ipc.Server$Handler.run(Server.java:2966) [hadoop-common-3.3.1.jar:?]
23:50:47.694 [IPC Server handler 17 on default port 33563] ERROR OMAudit - user=runner | ip=127.0.0.1 | op=GET_FILE_STATUS {volume=volume50176, bucket=bucket31866, key=gdir1/dir3/child, dataSize=0, replicationConfig=null} | ret=FAILURE
org.apache.hadoop.ozone.om.exceptions.OMException: Unable to get file status: volume: volume50176 bucket: bucket31866 key: gdir1/dir3/child
	at org.apache.hadoop.ozone.om.KeyManagerImpl.getOzoneFileStatus(KeyManagerImpl.java:1311) ~[ozone-manager-1.3.0-SNAPSHOT.jar:?]
	at org.apache.hadoop.ozone.om.KeyManagerImpl.getFileStatus(KeyManagerImpl.java:1241) ~[ozone-manager-1.3.0-SNAPSHOT.jar:?]
	at org.apache.hadoop.ozone.om.OzoneManager.getFileStatus(OzoneManager.java:3419) ~[ozone-manager-1.3.0-SNAPSHOT.jar:?]
	at org.apache.hadoop.ozone.protocolPB.OzoneManagerRequestHandler.getOzoneFileStatus(OzoneManagerRequestHandler.java:871) ~[ozone-manager-1.3.0-SNAPSHOT.jar:?]
	at org.apache.hadoop.ozone.protocolPB.OzoneManagerRequestHandler.handleReadRequest(OzoneManagerRequestHandler.java:217) ~[ozone-manager-1.3.0-SNAPSHOT.jar:?]
	at org.apache.hadoop.ozone.protocolPB.OzoneManagerProtocolServerSideTranslatorPB.submitRequestDirectlyToOM(OzoneManagerProtocolServerSideTranslatorPB.java:276) ~[ozone-manager-1.3.0-SNAPSHOT.jar:?]
	at org.apache.hadoop.ozone.protocolPB.OzoneManagerProtocolServerSideTranslatorPB.processRequest(OzoneManagerProtocolServerSideTranslatorPB.java:205) ~[ozone-manager-1.3.0-SNAPSHOT.jar:?]
	at org.apache.hadoop.hdds.server.OzoneProtocolMessageDispatcher.processRequest(OzoneProtocolMessageDispatcher.java:87) [hdds-server-framework-1.3.0-SNAPSHOT.jar:?]
	at org.apache.hadoop.ozone.protocolPB.OzoneManagerProtocolServerSideTranslatorPB.submitRequest(OzoneManagerProtocolServerSideTranslatorPB.java:147) [ozone-manager-1.3.0-SNAPSHOT.jar:?]
	at org.apache.hadoop.ozone.protocol.proto.OzoneManagerProtocolProtos$OzoneManagerService$2.callBlockingMethod(OzoneManagerProtocolProtos.java) [ozone-interface-client-1.3.0-SNAPSHOT.jar:?]
	at org.apache.hadoop.ipc.ProtobufRpcEngine$Server.processCall(ProtobufRpcEngine.java:466) [hadoop-common-3.3.1.jar:?]
	at org.apache.hadoop.ipc.ProtobufRpcEngine2$Server$ProtoBufRpcInvoker.call(ProtobufRpcEngine2.java:574) [hadoop-common-3.3.1.jar:?]
	at org.apache.hadoop.ipc.ProtobufRpcEngine2$Server$ProtoBufRpcInvoker.call(ProtobufRpcEngine2.java:552) [hadoop-common-3.3.1.jar:?]
	at org.apache.hadoop.ipc.RPC$Server.call(RPC.java:1093) [hadoop-common-3.3.1.jar:?]
	at org.apache.hadoop.ipc.Server$RpcCall.run(Server.java:1035) [hadoop-common-3.3.1.jar:?]
	at org.apache.hadoop.ipc.Server$RpcCall.run(Server.java:963) [hadoop-common-3.3.1.jar:?]
	at java.security.AccessController.doPrivileged(Native Method) ~[?:1.8.0_332]
	at javax.security.auth.Subject.doAs(Subject.java:422) [?:1.8.0_332]
	at org.apache.hadoop.security.UserGroupInformation.doAs(UserGroupInformation.java:1878) [hadoop-common-3.3.1.jar:?]
	at org.apache.hadoop.ipc.Server$Handler.run(Server.java:2966) [hadoop-common-3.3.1.jar:?]
23:50:47.694 [IPC Server handler 11 on default port 33563] ERROR OMAudit - user=runner | ip=127.0.0.1 | op=GET_FILE_STATUS {volume=volume50176, bucket=bucket31866, key=gdir1/dir4, dataSize=0, replicationConfig=null} | ret=FAILURE
org.apache.hadoop.ozone.om.exceptions.OMException: Unable to get file status: volume: volume50176 bucket: bucket31866 key: gdir1/dir4
	at org.apache.hadoop.ozone.om.KeyManagerImpl.getOzoneFileStatus(KeyManagerImpl.java:1311) ~[ozone-manager-1.3.0-SNAPSHOT.jar:?]
	at org.apache.hadoop.ozone.om.KeyManagerImpl.getFileStatus(KeyManagerImpl.java:1241) ~[ozone-manager-1.3.0-SNAPSHOT.jar:?]
	at org.apache.hadoop.ozone.om.OzoneManager.getFileStatus(OzoneManager.java:3419) ~[ozone-manager-1.3.0-SNAPSHOT.jar:?]
	at org.apache.hadoop.ozone.protocolPB.OzoneManagerRequestHandler.getOzoneFileStatus(OzoneManagerRequestHandler.java:871) ~[ozone-manager-1.3.0-SNAPSHOT.jar:?]
	at org.apache.hadoop.ozone.protocolPB.OzoneManagerRequestHandler.handleReadRequest(OzoneManagerRequestHandler.java:217) ~[ozone-manager-1.3.0-SNAPSHOT.jar:?]
	at org.apache.hadoop.ozone.protocolPB.OzoneManagerProtocolServerSideTranslatorPB.submitRequestDirectlyToOM(OzoneManagerProtocolServerSideTranslatorPB.java:276) ~[ozone-manager-1.3.0-SNAPSHOT.jar:?]
	at org.apache.hadoop.ozone.protocolPB.OzoneManagerProtocolServerSideTranslatorPB.processRequest(OzoneManagerProtocolServerSideTranslatorPB.java:205) ~[ozone-manager-1.3.0-SNAPSHOT.jar:?]
	at org.apache.hadoop.hdds.server.OzoneProtocolMessageDispatcher.processRequest(OzoneProtocolMessageDispatcher.java:87) [hdds-server-framework-1.3.0-SNAPSHOT.jar:?]
	at org.apache.hadoop.ozone.protocolPB.OzoneManagerProtocolServerSideTranslatorPB.submitRequest(OzoneManagerProtocolServerSideTranslatorPB.java:147) [ozone-manager-1.3.0-SNAPSHOT.jar:?]
	at org.apache.hadoop.ozone.protocol.proto.OzoneManagerProtocolProtos$OzoneManagerService$2.callBlockingMethod(OzoneManagerProtocolProtos.java) [ozone-interface-client-1.3.0-SNAPSHOT.jar:?]
	at org.apache.hadoop.ipc.ProtobufRpcEngine$Server.processCall(ProtobufRpcEngine.java:466) [hadoop-common-3.3.1.jar:?]
	at org.apache.hadoop.ipc.ProtobufRpcEngine2$Server$ProtoBufRpcInvoker.call(ProtobufRpcEngine2.java:574) [hadoop-common-3.3.1.jar:?]
	at org.apache.hadoop.ipc.ProtobufRpcEngine2$Server$ProtoBufRpcInvoker.call(ProtobufRpcEngine2.java:552) [hadoop-common-3.3.1.jar:?]
	at org.apache.hadoop.ipc.RPC$Server.call(RPC.java:1093) [hadoop-common-3.3.1.jar:?]
	at org.apache.hadoop.ipc.Server$RpcCall.run(Server.java:1035) [hadoop-common-3.3.1.jar:?]
	at org.apache.hadoop.ipc.Server$RpcCall.run(Server.java:963) [hadoop-common-3.3.1.jar:?]
	at java.security.AccessController.doPrivileged(Native Method) ~[?:1.8.0_332]
	at javax.security.auth.Subject.doAs(Subject.java:422) [?:1.8.0_332]
	at org.apache.hadoop.security.UserGroupInformation.doAs(UserGroupInformation.java:1878) [hadoop-common-3.3.1.jar:?]
	at org.apache.hadoop.ipc.Server$Handler.run(Server.java:2966) [hadoop-common-3.3.1.jar:?]
23:50:47.695 [IPC Server handler 19 on default port 33563] ERROR OMAudit - user=runner | ip=127.0.0.1 | op=GET_FILE_STATUS {volume=volume50176, bucket=bucket31866, key=gdir1/dir4/child, dataSize=0, replicationConfig=null} | ret=FAILURE
org.apache.hadoop.ozone.om.exceptions.OMException: Unable to get file status: volume: volume50176 bucket: bucket31866 key: gdir1/dir4/child
	at org.apache.hadoop.ozone.om.KeyManagerImpl.getOzoneFileStatus(KeyManagerImpl.java:1311) ~[ozone-manager-1.3.0-SNAPSHOT.jar:?]
	at org.apache.hadoop.ozone.om.KeyManagerImpl.getFileStatus(KeyManagerImpl.java:1241) ~[ozone-manager-1.3.0-SNAPSHOT.jar:?]
	at org.apache.hadoop.ozone.om.OzoneManager.getFileStatus(OzoneManager.java:3419) ~[ozone-manager-1.3.0-SNAPSHOT.jar:?]
	at org.apache.hadoop.ozone.protocolPB.OzoneManagerRequestHandler.getOzoneFileStatus(OzoneManagerRequestHandler.java:871) ~[ozone-manager-1.3.0-SNAPSHOT.jar:?]
	at org.apache.hadoop.ozone.protocolPB.OzoneManagerRequestHandler.handleReadRequest(OzoneManagerRequestHandler.java:217) ~[ozone-manager-1.3.0-SNAPSHOT.jar:?]
	at org.apache.hadoop.ozone.protocolPB.OzoneManagerProtocolServerSideTranslatorPB.submitRequestDirectlyToOM(OzoneManagerProtocolServerSideTranslatorPB.java:276) ~[ozone-manager-1.3.0-SNAPSHOT.jar:?]
	at org.apache.hadoop.ozone.protocolPB.OzoneManagerProtocolServerSideTranslatorPB.processRequest(OzoneManagerProtocolServerSideTranslatorPB.java:205) ~[ozone-manager-1.3.0-SNAPSHOT.jar:?]
	at org.apache.hadoop.hdds.server.OzoneProtocolMessageDispatcher.processRequest(OzoneProtocolMessageDispatcher.java:87) [hdds-server-framework-1.3.0-SNAPSHOT.jar:?]
	at org.apache.hadoop.ozone.protocolPB.OzoneManagerProtocolServerSideTranslatorPB.submitRequest(OzoneManagerProtocolServerSideTranslatorPB.java:147) [ozone-manager-1.3.0-SNAPSHOT.jar:?]
	at org.apache.hadoop.ozone.protocol.proto.OzoneManagerProtocolProtos$OzoneManagerService$2.callBlockingMethod(OzoneManagerProtocolProtos.java) [ozone-interface-client-1.3.0-SNAPSHOT.jar:?]
	at org.apache.hadoop.ipc.ProtobufRpcEngine$Server.processCall(ProtobufRpcEngine.java:466) [hadoop-common-3.3.1.jar:?]
	at org.apache.hadoop.ipc.ProtobufRpcEngine2$Server$ProtoBufRpcInvoker.call(ProtobufRpcEngine2.java:574) [hadoop-common-3.3.1.jar:?]
	at org.apache.hadoop.ipc.ProtobufRpcEngine2$Server$ProtoBufRpcInvoker.call(ProtobufRpcEngine2.java:552) [hadoop-common-3.3.1.jar:?]
	at org.apache.hadoop.ipc.RPC$Server.call(RPC.java:1093) [hadoop-common-3.3.1.jar:?]
	at org.apache.hadoop.ipc.Server$RpcCall.run(Server.java:1035) [hadoop-common-3.3.1.jar:?]
	at org.apache.hadoop.ipc.Server$RpcCall.run(Server.java:963) [hadoop-common-3.3.1.jar:?]
	at java.security.AccessController.doPrivileged(Native Method) ~[?:1.8.0_332]
	at javax.security.auth.Subject.doAs(Subject.java:422) [?:1.8.0_332]
	at org.apache.hadoop.security.UserGroupInformation.doAs(UserGroupInformation.java:1878) [hadoop-common-3.3.1.jar:?]
	at org.apache.hadoop.ipc.Server$Handler.run(Server.java:2966) [hadoop-common-3.3.1.jar:?]
23:50:47.699 [IPC Server handler 18 on default port 33563] ERROR OMAudit - user=runner | ip=127.0.0.1 | op=GET_FILE_STATUS {volume=volume50176, bucket=bucket31866, key=gdir1/dir5, dataSize=0, replicationConfig=null} | ret=FAILURE
org.apache.hadoop.ozone.om.exceptions.OMException: Unable to get file status: volume: volume50176 bucket: bucket31866 key: gdir1/dir5
	at org.apache.hadoop.ozone.om.KeyManagerImpl.getOzoneFileStatus(KeyManagerImpl.java:1311) ~[ozone-manager-1.3.0-SNAPSHOT.jar:?]
	at org.apache.hadoop.ozone.om.KeyManagerImpl.getFileStatus(KeyManagerImpl.java:1241) ~[ozone-manager-1.3.0-SNAPSHOT.jar:?]
	at org.apache.hadoop.ozone.om.OzoneManager.getFileStatus(OzoneManager.java:3419) ~[ozone-manager-1.3.0-SNAPSHOT.jar:?]
	at org.apache.hadoop.ozone.protocolPB.OzoneManagerRequestHandler.getOzoneFileStatus(OzoneManagerRequestHandler.java:871) ~[ozone-manager-1.3.0-SNAPSHOT.jar:?]
	at org.apache.hadoop.ozone.protocolPB.OzoneManagerRequestHandler.handleReadRequest(OzoneManagerRequestHandler.java:217) ~[ozone-manager-1.3.0-SNAPSHOT.jar:?]
	at org.apache.hadoop.ozone.protocolPB.OzoneManagerProtocolServerSideTranslatorPB.submitRequestDirectlyToOM(OzoneManagerProtocolServerSideTranslatorPB.java:276) ~[ozone-manager-1.3.0-SNAPSHOT.jar:?]
	at org.apache.hadoop.ozone.protocolPB.OzoneManagerProtocolServerSideTranslatorPB.processRequest(OzoneManagerProtocolServerSideTranslatorPB.java:205) ~[ozone-manager-1.3.0-SNAPSHOT.jar:?]
	at org.apache.hadoop.hdds.server.OzoneProtocolMessageDispatcher.processRequest(OzoneProtocolMessageDispatcher.java:87) [hdds-server-framework-1.3.0-SNAPSHOT.jar:?]
	at org.apache.hadoop.ozone.protocolPB.OzoneManagerProtocolServerSideTranslatorPB.submitRequest(OzoneManagerProtocolServerSideTranslatorPB.java:147) [ozone-manager-1.3.0-SNAPSHOT.jar:?]
	at org.apache.hadoop.ozone.protocol.proto.OzoneManagerProtocolProtos$OzoneManagerService$2.callBlockingMethod(OzoneManagerProtocolProtos.java) [ozone-interface-client-1.3.0-SNAPSHOT.jar:?]
	at org.apache.hadoop.ipc.ProtobufRpcEngine$Server.processCall(ProtobufRpcEngine.java:466) [hadoop-common-3.3.1.jar:?]
	at org.apache.hadoop.ipc.ProtobufRpcEngine2$Server$ProtoBufRpcInvoker.call(ProtobufRpcEngine2.java:574) [hadoop-common-3.3.1.jar:?]
	at org.apache.hadoop.ipc.ProtobufRpcEngine2$Server$ProtoBufRpcInvoker.call(ProtobufRpcEngine2.java:552) [hadoop-common-3.3.1.jar:?]
	at org.apache.hadoop.ipc.RPC$Server.call(RPC.java:1093) [hadoop-common-3.3.1.jar:?]
	at org.apache.hadoop.ipc.Server$RpcCall.run(Server.java:1035) [hadoop-common-3.3.1.jar:?]
	at org.apache.hadoop.ipc.Server$RpcCall.run(Server.java:963) [hadoop-common-3.3.1.jar:?]
	at java.security.AccessController.doPrivileged(Native Method) ~[?:1.8.0_332]
	at javax.security.auth.Subject.doAs(Subject.java:422) [?:1.8.0_332]
	at org.apache.hadoop.security.UserGroupInformation.doAs(UserGroupInformation.java:1878) [hadoop-common-3.3.1.jar:?]
	at org.apache.hadoop.ipc.Server$Handler.run(Server.java:2966) [hadoop-common-3.3.1.jar:?]
23:50:47.700 [IPC Server handler 13 on default port 33563] ERROR OMAudit - user=runner | ip=127.0.0.1 | op=GET_FILE_STATUS {volume=volume50176, bucket=bucket31866, key=gdir1/dir5/child, dataSize=0, replicationConfig=null} | ret=FAILURE
org.apache.hadoop.ozone.om.exceptions.OMException: Unable to get file status: volume: volume50176 bucket: bucket31866 key: gdir1/dir5/child
	at org.apache.hadoop.ozone.om.KeyManagerImpl.getOzoneFileStatus(KeyManagerImpl.java:1311) ~[ozone-manager-1.3.0-SNAPSHOT.jar:?]
	at org.apache.hadoop.ozone.om.KeyManagerImpl.getFileStatus(KeyManagerImpl.java:1241) ~[ozone-manager-1.3.0-SNAPSHOT.jar:?]
	at org.apache.hadoop.ozone.om.OzoneManager.getFileStatus(OzoneManager.java:3419) ~[ozone-manager-1.3.0-SNAPSHOT.jar:?]
	at org.apache.hadoop.ozone.protocolPB.OzoneManagerRequestHandler.getOzoneFileStatus(OzoneManagerRequestHandler.java:871) ~[ozone-manager-1.3.0-SNAPSHOT.jar:?]
	at org.apache.hadoop.ozone.protocolPB.OzoneManagerRequestHandler.handleReadRequest(OzoneManagerRequestHandler.java:217) ~[ozone-manager-1.3.0-SNAPSHOT.jar:?]
	at org.apache.hadoop.ozone.protocolPB.OzoneManagerProtocolServerSideTranslatorPB.submitRequestDirectlyToOM(OzoneManagerProtocolServerSideTranslatorPB.java:276) ~[ozone-manager-1.3.0-SNAPSHOT.jar:?]
	at org.apache.hadoop.ozone.protocolPB.OzoneManagerProtocolServerSideTranslatorPB.processRequest(OzoneManagerProtocolServerSideTranslatorPB.java:205) ~[ozone-manager-1.3.0-SNAPSHOT.jar:?]
	at org.apache.hadoop.hdds.server.OzoneProtocolMessageDispatcher.processRequest(OzoneProtocolMessageDispatcher.java:87) [hdds-server-framework-1.3.0-SNAPSHOT.jar:?]
	at org.apache.hadoop.ozone.protocolPB.OzoneManagerProtocolServerSideTranslatorPB.submitRequest(OzoneManagerProtocolServerSideTranslatorPB.java:147) [ozone-manager-1.3.0-SNAPSHOT.jar:?]
	at org.apache.hadoop.ozone.protocol.proto.OzoneManagerProtocolProtos$OzoneManagerService$2.callBlockingMethod(OzoneManagerProtocolProtos.java) [ozone-interface-client-1.3.0-SNAPSHOT.jar:?]
	at org.apache.hadoop.ipc.ProtobufRpcEngine$Server.processCall(ProtobufRpcEngine.java:466) [hadoop-common-3.3.1.jar:?]
	at org.apache.hadoop.ipc.ProtobufRpcEngine2$Server$ProtoBufRpcInvoker.call(ProtobufRpcEngine2.java:574) [hadoop-common-3.3.1.jar:?]
	at org.apache.hadoop.ipc.ProtobufRpcEngine2$Server$ProtoBufRpcInvoker.call(ProtobufRpcEngine2.java:552) [hadoop-common-3.3.1.jar:?]
	at org.apache.hadoop.ipc.RPC$Server.call(RPC.java:1093) [hadoop-common-3.3.1.jar:?]
	at org.apache.hadoop.ipc.Server$RpcCall.run(Server.java:1035) [hadoop-common-3.3.1.jar:?]
	at org.apache.hadoop.ipc.Server$RpcCall.run(Server.java:963) [hadoop-common-3.3.1.jar:?]
	at java.security.AccessController.doPrivileged(Native Method) ~[?:1.8.0_332]
	at javax.security.auth.Subject.doAs(Subject.java:422) [?:1.8.0_332]
	at org.apache.hadoop.security.UserGroupInformation.doAs(UserGroupInformation.java:1878) [hadoop-common-3.3.1.jar:?]
	at org.apache.hadoop.ipc.Server$Handler.run(Server.java:2966) [hadoop-common-3.3.1.jar:?]
23:50:47.701 [IPC Server handler 15 on default port 33563] ERROR OMAudit - user=runner | ip=127.0.0.1 | op=GET_FILE_STATUS {volume=volume50176, bucket=bucket31866, key=gdir1/dir6, dataSize=0, replicationConfig=null} | ret=FAILURE
org.apache.hadoop.ozone.om.exceptions.OMException: Unable to get file status: volume: volume50176 bucket: bucket31866 key: gdir1/dir6
	at org.apache.hadoop.ozone.om.KeyManagerImpl.getOzoneFileStatus(KeyManagerImpl.java:1311) ~[ozone-manager-1.3.0-SNAPSHOT.jar:?]
	at org.apache.hadoop.ozone.om.KeyManagerImpl.getFileStatus(KeyManagerImpl.java:1241) ~[ozone-manager-1.3.0-SNAPSHOT.jar:?]
	at org.apache.hadoop.ozone.om.OzoneManager.getFileStatus(OzoneManager.java:3419) ~[ozone-manager-1.3.0-SNAPSHOT.jar:?]
	at org.apache.hadoop.ozone.protocolPB.OzoneManagerRequestHandler.getOzoneFileStatus(OzoneManagerRequestHandler.java:871) ~[ozone-manager-1.3.0-SNAPSHOT.jar:?]
	at org.apache.hadoop.ozone.protocolPB.OzoneManagerRequestHandler.handleReadRequest(OzoneManagerRequestHandler.java:217) ~[ozone-manager-1.3.0-SNAPSHOT.jar:?]
	at org.apache.hadoop.ozone.protocolPB.OzoneManagerProtocolServerSideTranslatorPB.submitRequestDirectlyToOM(OzoneManagerProtocolServerSideTranslatorPB.java:276) ~[ozone-manager-1.3.0-SNAPSHOT.jar:?]
	at org.apache.hadoop.ozone.protocolPB.OzoneManagerProtocolServerSideTranslatorPB.processRequest(OzoneManagerProtocolServerSideTranslatorPB.java:205) ~[ozone-manager-1.3.0-SNAPSHOT.jar:?]
	at org.apache.hadoop.hdds.server.OzoneProtocolMessageDispatcher.processRequest(OzoneProtocolMessageDispatcher.java:87) [hdds-server-framework-1.3.0-SNAPSHOT.jar:?]
	at org.apache.hadoop.ozone.protocolPB.OzoneManagerProtocolServerSideTranslatorPB.submitRequest(OzoneManagerProtocolServerSideTranslatorPB.java:147) [ozone-manager-1.3.0-SNAPSHOT.jar:?]
	at org.apache.hadoop.ozone.protocol.proto.OzoneManagerProtocolProtos$OzoneManagerService$2.callBlockingMethod(OzoneManagerProtocolProtos.java) [ozone-interface-client-1.3.0-SNAPSHOT.jar:?]
	at org.apache.hadoop.ipc.ProtobufRpcEngine$Server.processCall(ProtobufRpcEngine.java:466) [hadoop-common-3.3.1.jar:?]
	at org.apache.hadoop.ipc.ProtobufRpcEngine2$Server$ProtoBufRpcInvoker.call(ProtobufRpcEngine2.java:574) [hadoop-common-3.3.1.jar:?]
	at org.apache.hadoop.ipc.ProtobufRpcEngine2$Server$ProtoBufRpcInvoker.call(ProtobufRpcEngine2.java:552) [hadoop-common-3.3.1.jar:?]
	at org.apache.hadoop.ipc.RPC$Server.call(RPC.java:1093) [hadoop-common-3.3.1.jar:?]
	at org.apache.hadoop.ipc.Server$RpcCall.run(Server.java:1035) [hadoop-common-3.3.1.jar:?]
	at org.apache.hadoop.ipc.Server$RpcCall.run(Server.java:963) [hadoop-common-3.3.1.jar:?]
	at java.security.AccessController.doPrivileged(Native Method) ~[?:1.8.0_332]
	at javax.security.auth.Subject.doAs(Subject.java:422) [?:1.8.0_332]
	at org.apache.hadoop.security.UserGroupInformation.doAs(UserGroupInformation.java:1878) [hadoop-common-3.3.1.jar:?]
	at org.apache.hadoop.ipc.Server$Handler.run(Server.java:2966) [hadoop-common-3.3.1.jar:?]
23:50:47.703 [IPC Server handler 14 on default port 33563] ERROR OMAudit - user=runner | ip=127.0.0.1 | op=GET_FILE_STATUS {volume=volume50176, bucket=bucket31866, key=gdir1/dir6/child, dataSize=0, replicationConfig=null} | ret=FAILURE
org.apache.hadoop.ozone.om.exceptions.OMException: Unable to get file status: volume: volume50176 bucket: bucket31866 key: gdir1/dir6/child
	at org.apache.hadoop.ozone.om.KeyManagerImpl.getOzoneFileStatus(KeyManagerImpl.java:1311) ~[ozone-manager-1.3.0-SNAPSHOT.jar:?]
	at org.apache.hadoop.ozone.om.KeyManagerImpl.getFileStatus(KeyManagerImpl.java:1241) ~[ozone-manager-1.3.0-SNAPSHOT.jar:?]
	at org.apache.hadoop.ozone.om.OzoneManager.getFileStatus(OzoneManager.java:3419) ~[ozone-manager-1.3.0-SNAPSHOT.jar:?]
	at org.apache.hadoop.ozone.protocolPB.OzoneManagerRequestHandler.getOzoneFileStatus(OzoneManagerRequestHandler.java:871) ~[ozone-manager-1.3.0-SNAPSHOT.jar:?]
	at org.apache.hadoop.ozone.protocolPB.OzoneManagerRequestHandler.handleReadRequest(OzoneManagerRequestHandler.java:217) ~[ozone-manager-1.3.0-SNAPSHOT.jar:?]
	at org.apache.hadoop.ozone.protocolPB.OzoneManagerProtocolServerSideTranslatorPB.submitRequestDirectlyToOM(OzoneManagerProtocolServerSideTranslatorPB.java:276) ~[ozone-manager-1.3.0-SNAPSHOT.jar:?]
	at org.apache.hadoop.ozone.protocolPB.OzoneManagerProtocolServerSideTranslatorPB.processRequest(OzoneManagerProtocolServerSideTranslatorPB.java:205) ~[ozone-manager-1.3.0-SNAPSHOT.jar:?]
	at org.apache.hadoop.hdds.server.OzoneProtocolMessageDispatcher.processRequest(OzoneProtocolMessageDispatcher.java:87) [hdds-server-framework-1.3.0-SNAPSHOT.jar:?]
	at org.apache.hadoop.ozone.protocolPB.OzoneManagerProtocolServerSideTranslatorPB.submitRequest(OzoneManagerProtocolServerSideTranslatorPB.java:147) [ozone-manager-1.3.0-SNAPSHOT.jar:?]
	at org.apache.hadoop.ozone.protocol.proto.OzoneManagerProtocolProtos$OzoneManagerService$2.callBlockingMethod(OzoneManagerProtocolProtos.java) [ozone-interface-client-1.3.0-SNAPSHOT.jar:?]
	at org.apache.hadoop.ipc.ProtobufRpcEngine$Server.processCall(ProtobufRpcEngine.java:466) [hadoop-common-3.3.1.jar:?]
	at org.apache.hadoop.ipc.ProtobufRpcEngine2$Server$ProtoBufRpcInvoker.call(ProtobufRpcEngine2.java:574) [hadoop-common-3.3.1.jar:?]
	at org.apache.hadoop.ipc.ProtobufRpcEngine2$Server$ProtoBufRpcInvoker.call(ProtobufRpcEngine2.java:552) [hadoop-common-3.3.1.jar:?]
	at org.apache.hadoop.ipc.RPC$Server.call(RPC.java:1093) [hadoop-common-3.3.1.jar:?]
	at org.apache.hadoop.ipc.Server$RpcCall.run(Server.java:1035) [hadoop-common-3.3.1.jar:?]
	at org.apache.hadoop.ipc.Server$RpcCall.run(Server.java:963) [hadoop-common-3.3.1.jar:?]
	at java.security.AccessController.doPrivileged(Native Method) ~[?:1.8.0_332]
	at javax.security.auth.Subject.doAs(Subject.java:422) [?:1.8.0_332]
	at org.apache.hadoop.security.UserGroupInformation.doAs(UserGroupInformation.java:1878) [hadoop-common-3.3.1.jar:?]
	at org.apache.hadoop.ipc.Server$Handler.run(Server.java:2966) [hadoop-common-3.3.1.jar:?]
23:50:47.707 [IPC Server handler 0 on default port 33563] ERROR OMAudit - user=runner | ip=127.0.0.1 | op=GET_FILE_STATUS {volume=volume50176, bucket=bucket31866, key=gdir1/dir7, dataSize=0, replicationConfig=null} | ret=FAILURE
org.apache.hadoop.ozone.om.exceptions.OMException: Unable to get file status: volume: volume50176 bucket: bucket31866 key: gdir1/dir7
	at org.apache.hadoop.ozone.om.KeyManagerImpl.getOzoneFileStatus(KeyManagerImpl.java:1311) ~[ozone-manager-1.3.0-SNAPSHOT.jar:?]
	at org.apache.hadoop.ozone.om.KeyManagerImpl.getFileStatus(KeyManagerImpl.java:1241) ~[ozone-manager-1.3.0-SNAPSHOT.jar:?]
	at org.apache.hadoop.ozone.om.OzoneManager.getFileStatus(OzoneManager.java:3419) ~[ozone-manager-1.3.0-SNAPSHOT.jar:?]
	at org.apache.hadoop.ozone.protocolPB.OzoneManagerRequestHandler.getOzoneFileStatus(OzoneManagerRequestHandler.java:871) ~[ozone-manager-1.3.0-SNAPSHOT.jar:?]
	at org.apache.hadoop.ozone.protocolPB.OzoneManagerRequestHandler.handleReadRequest(OzoneManagerRequestHandler.java:217) ~[ozone-manager-1.3.0-SNAPSHOT.jar:?]
	at org.apache.hadoop.ozone.protocolPB.OzoneManagerProtocolServerSideTranslatorPB.submitRequestDirectlyToOM(OzoneManagerProtocolServerSideTranslatorPB.java:276) ~[ozone-manager-1.3.0-SNAPSHOT.jar:?]
	at org.apache.hadoop.ozone.protocolPB.OzoneManagerProtocolServerSideTranslatorPB.processRequest(OzoneManagerProtocolServerSideTranslatorPB.java:205) ~[ozone-manager-1.3.0-SNAPSHOT.jar:?]
	at org.apache.hadoop.hdds.server.OzoneProtocolMessageDispatcher.processRequest(OzoneProtocolMessageDispatcher.java:87) [hdds-server-framework-1.3.0-SNAPSHOT.jar:?]
	at org.apache.hadoop.ozone.protocolPB.OzoneManagerProtocolServerSideTranslatorPB.submitRequest(OzoneManagerProtocolServerSideTranslatorPB.java:147) [ozone-manager-1.3.0-SNAPSHOT.jar:?]
	at org.apache.hadoop.ozone.protocol.proto.OzoneManagerProtocolProtos$OzoneManagerService$2.callBlockingMethod(OzoneManagerProtocolProtos.java) [ozone-interface-client-1.3.0-SNAPSHOT.jar:?]
	at org.apache.hadoop.ipc.ProtobufRpcEngine$Server.processCall(ProtobufRpcEngine.java:466) [hadoop-common-3.3.1.jar:?]
	at org.apache.hadoop.ipc.ProtobufRpcEngine2$Server$ProtoBufRpcInvoker.call(ProtobufRpcEngine2.java:574) [hadoop-common-3.3.1.jar:?]
	at org.apache.hadoop.ipc.ProtobufRpcEngine2$Server$ProtoBufRpcInvoker.call(ProtobufRpcEngine2.java:552) [hadoop-common-3.3.1.jar:?]
	at org.apache.hadoop.ipc.RPC$Server.call(RPC.java:1093) [hadoop-common-3.3.1.jar:?]
	at org.apache.hadoop.ipc.Server$RpcCall.run(Server.java:1035) [hadoop-common-3.3.1.jar:?]
	at org.apache.hadoop.ipc.Server$RpcCall.run(Server.java:963) [hadoop-common-3.3.1.jar:?]
	at java.security.AccessController.doPrivileged(Native Method) ~[?:1.8.0_332]
	at javax.security.auth.Subject.doAs(Subject.java:422) [?:1.8.0_332]
	at org.apache.hadoop.security.UserGroupInformation.doAs(UserGroupInformation.java:1878) [hadoop-common-3.3.1.jar:?]
	at org.apache.hadoop.ipc.Server$Handler.run(Server.java:2966) [hadoop-common-3.3.1.jar:?]
23:50:47.708 [IPC Server handler 5 on default port 33563] ERROR OMAudit - user=runner | ip=127.0.0.1 | op=GET_FILE_STATUS {volume=volume50176, bucket=bucket31866, key=gdir1/dir7/child, dataSize=0, replicationConfig=null} | ret=FAILURE
org.apache.hadoop.ozone.om.exceptions.OMException: Unable to get file status: volume: volume50176 bucket: bucket31866 key: gdir1/dir7/child
	at org.apache.hadoop.ozone.om.KeyManagerImpl.getOzoneFileStatus(KeyManagerImpl.java:1311) ~[ozone-manager-1.3.0-SNAPSHOT.jar:?]
	at org.apache.hadoop.ozone.om.KeyManagerImpl.getFileStatus(KeyManagerImpl.java:1241) ~[ozone-manager-1.3.0-SNAPSHOT.jar:?]
	at org.apache.hadoop.ozone.om.OzoneManager.getFileStatus(OzoneManager.java:3419) ~[ozone-manager-1.3.0-SNAPSHOT.jar:?]
	at org.apache.hadoop.ozone.protocolPB.OzoneManagerRequestHandler.getOzoneFileStatus(OzoneManagerRequestHandler.java:871) ~[ozone-manager-1.3.0-SNAPSHOT.jar:?]
	at org.apache.hadoop.ozone.protocolPB.OzoneManagerRequestHandler.handleReadRequest(OzoneManagerRequestHandler.java:217) ~[ozone-manager-1.3.0-SNAPSHOT.jar:?]
	at org.apache.hadoop.ozone.protocolPB.OzoneManagerProtocolServerSideTranslatorPB.submitRequestDirectlyToOM(OzoneManagerProtocolServerSideTranslatorPB.java:276) ~[ozone-manager-1.3.0-SNAPSHOT.jar:?]
	at org.apache.hadoop.ozone.protocolPB.OzoneManagerProtocolServerSideTranslatorPB.processRequest(OzoneManagerProtocolServerSideTranslatorPB.java:205) ~[ozone-manager-1.3.0-SNAPSHOT.jar:?]
	at org.apache.hadoop.hdds.server.OzoneProtocolMessageDispatcher.processRequest(OzoneProtocolMessageDispatcher.java:87) [hdds-server-framework-1.3.0-SNAPSHOT.jar:?]
	at org.apache.hadoop.ozone.protocolPB.OzoneManagerProtocolServerSideTranslatorPB.submitRequest(OzoneManagerProtocolServerSideTranslatorPB.java:147) [ozone-manager-1.3.0-SNAPSHOT.jar:?]
	at org.apache.hadoop.ozone.protocol.proto.OzoneManagerProtocolProtos$OzoneManagerService$2.callBlockingMethod(OzoneManagerProtocolProtos.java) [ozone-interface-client-1.3.0-SNAPSHOT.jar:?]
	at org.apache.hadoop.ipc.ProtobufRpcEngine$Server.processCall(ProtobufRpcEngine.java:466) [hadoop-common-3.3.1.jar:?]
	at org.apache.hadoop.ipc.ProtobufRpcEngine2$Server$ProtoBufRpcInvoker.call(ProtobufRpcEngine2.java:574) [hadoop-common-3.3.1.jar:?]
	at org.apache.hadoop.ipc.ProtobufRpcEngine2$Server$ProtoBufRpcInvoker.call(ProtobufRpcEngine2.java:552) [hadoop-common-3.3.1.jar:?]
	at org.apache.hadoop.ipc.RPC$Server.call(RPC.java:1093) [hadoop-common-3.3.1.jar:?]
	at org.apache.hadoop.ipc.Server$RpcCall.run(Server.java:1035) [hadoop-common-3.3.1.jar:?]
	at org.apache.hadoop.ipc.Server$RpcCall.run(Server.java:963) [hadoop-common-3.3.1.jar:?]
	at java.security.AccessController.doPrivileged(Native Method) ~[?:1.8.0_332]
	at javax.security.auth.Subject.doAs(Subject.java:422) [?:1.8.0_332]
	at org.apache.hadoop.security.UserGroupInformation.doAs(UserGroupInformation.java:1878) [hadoop-common-3.3.1.jar:?]
	at org.apache.hadoop.ipc.Server$Handler.run(Server.java:2966) [hadoop-common-3.3.1.jar:?]
23:50:47.709 [IPC Server handler 3 on default port 33563] ERROR OMAudit - user=runner | ip=127.0.0.1 | op=GET_FILE_STATUS {volume=volume50176, bucket=bucket31866, key=gdir1/dir8, dataSize=0, replicationConfig=null} | ret=FAILURE
org.apache.hadoop.ozone.om.exceptions.OMException: Unable to get file status: volume: volume50176 bucket: bucket31866 key: gdir1/dir8
	at org.apache.hadoop.ozone.om.KeyManagerImpl.getOzoneFileStatus(KeyManagerImpl.java:1311) ~[ozone-manager-1.3.0-SNAPSHOT.jar:?]
	at org.apache.hadoop.ozone.om.KeyManagerImpl.getFileStatus(KeyManagerImpl.java:1241) ~[ozone-manager-1.3.0-SNAPSHOT.jar:?]
	at org.apache.hadoop.ozone.om.OzoneManager.getFileStatus(OzoneManager.java:3419) ~[ozone-manager-1.3.0-SNAPSHOT.jar:?]
	at org.apache.hadoop.ozone.protocolPB.OzoneManagerRequestHandler.getOzoneFileStatus(OzoneManagerRequestHandler.java:871) ~[ozone-manager-1.3.0-SNAPSHOT.jar:?]
	at org.apache.hadoop.ozone.protocolPB.OzoneManagerRequestHandler.handleReadRequest(OzoneManagerRequestHandler.java:217) ~[ozone-manager-1.3.0-SNAPSHOT.jar:?]
	at org.apache.hadoop.ozone.protocolPB.OzoneManagerProtocolServerSideTranslatorPB.submitRequestDirectlyToOM(OzoneManagerProtocolServerSideTranslatorPB.java:276) ~[ozone-manager-1.3.0-SNAPSHOT.jar:?]
	at org.apache.hadoop.ozone.protocolPB.OzoneManagerProtocolServerSideTranslatorPB.processRequest(OzoneManagerProtocolServerSideTranslatorPB.java:205) ~[ozone-manager-1.3.0-SNAPSHOT.jar:?]
	at org.apache.hadoop.hdds.server.OzoneProtocolMessageDispatcher.processRequest(OzoneProtocolMessageDispatcher.java:87) [hdds-server-framework-1.3.0-SNAPSHOT.jar:?]
	at org.apache.hadoop.ozone.protocolPB.OzoneManagerProtocolServerSideTranslatorPB.submitRequest(OzoneManagerProtocolServerSideTranslatorPB.java:147) [ozone-manager-1.3.0-SNAPSHOT.jar:?]
	at org.apache.hadoop.ozone.protocol.proto.OzoneManagerProtocolProtos$OzoneManagerService$2.callBlockingMethod(OzoneManagerProtocolProtos.java) [ozone-interface-client-1.3.0-SNAPSHOT.jar:?]
	at org.apache.hadoop.ipc.ProtobufRpcEngine$Server.processCall(ProtobufRpcEngine.java:466) [hadoop-common-3.3.1.jar:?]
	at org.apache.hadoop.ipc.ProtobufRpcEngine2$Server$ProtoBufRpcInvoker.call(ProtobufRpcEngine2.java:574) [hadoop-common-3.3.1.jar:?]
	at org.apache.hadoop.ipc.ProtobufRpcEngine2$Server$ProtoBufRpcInvoker.call(ProtobufRpcEngine2.java:552) [hadoop-common-3.3.1.jar:?]
	at org.apache.hadoop.ipc.RPC$Server.call(RPC.java:1093) [hadoop-common-3.3.1.jar:?]
	at org.apache.hadoop.ipc.Server$RpcCall.run(Server.java:1035) [hadoop-common-3.3.1.jar:?]
	at org.apache.hadoop.ipc.Server$RpcCall.run(Server.java:963) [hadoop-common-3.3.1.jar:?]
	at java.security.AccessController.doPrivileged(Native Method) ~[?:1.8.0_332]
	at javax.security.auth.Subject.doAs(Subject.java:422) [?:1.8.0_332]
	at org.apache.hadoop.security.UserGroupInformation.doAs(UserGroupInformation.java:1878) [hadoop-common-3.3.1.jar:?]
	at org.apache.hadoop.ipc.Server$Handler.run(Server.java:2966) [hadoop-common-3.3.1.jar:?]
23:50:47.710 [IPC Server handler 4 on default port 33563] ERROR OMAudit - user=runner | ip=127.0.0.1 | op=GET_FILE_STATUS {volume=volume50176, bucket=bucket31866, key=gdir1/dir8/child, dataSize=0, replicationConfig=null} | ret=FAILURE
org.apache.hadoop.ozone.om.exceptions.OMException: Unable to get file status: volume: volume50176 bucket: bucket31866 key: gdir1/dir8/child
	at org.apache.hadoop.ozone.om.KeyManagerImpl.getOzoneFileStatus(KeyManagerImpl.java:1311) ~[ozone-manager-1.3.0-SNAPSHOT.jar:?]
	at org.apache.hadoop.ozone.om.KeyManagerImpl.getFileStatus(KeyManagerImpl.java:1241) ~[ozone-manager-1.3.0-SNAPSHOT.jar:?]
	at org.apache.hadoop.ozone.om.OzoneManager.getFileStatus(OzoneManager.java:3419) ~[ozone-manager-1.3.0-SNAPSHOT.jar:?]
	at org.apache.hadoop.ozone.protocolPB.OzoneManagerRequestHandler.getOzoneFileStatus(OzoneManagerRequestHandler.java:871) ~[ozone-manager-1.3.0-SNAPSHOT.jar:?]
	at org.apache.hadoop.ozone.protocolPB.OzoneManagerRequestHandler.handleReadRequest(OzoneManagerRequestHandler.java:217) ~[ozone-manager-1.3.0-SNAPSHOT.jar:?]
	at org.apache.hadoop.ozone.protocolPB.OzoneManagerProtocolServerSideTranslatorPB.submitRequestDirectlyToOM(OzoneManagerProtocolServerSideTranslatorPB.java:276) ~[ozone-manager-1.3.0-SNAPSHOT.jar:?]
	at org.apache.hadoop.ozone.protocolPB.OzoneManagerProtocolServerSideTranslatorPB.processRequest(OzoneManagerProtocolServerSideTranslatorPB.java:205) ~[ozone-manager-1.3.0-SNAPSHOT.jar:?]
	at org.apache.hadoop.hdds.server.OzoneProtocolMessageDispatcher.processRequest(OzoneProtocolMessageDispatcher.java:87) [hdds-server-framework-1.3.0-SNAPSHOT.jar:?]
	at org.apache.hadoop.ozone.protocolPB.OzoneManagerProtocolServerSideTranslatorPB.submitRequest(OzoneManagerProtocolServerSideTranslatorPB.java:147) [ozone-manager-1.3.0-SNAPSHOT.jar:?]
	at org.apache.hadoop.ozone.protocol.proto.OzoneManagerProtocolProtos$OzoneManagerService$2.callBlockingMethod(OzoneManagerProtocolProtos.java) [ozone-interface-client-1.3.0-SNAPSHOT.jar:?]
	at org.apache.hadoop.ipc.ProtobufRpcEngine$Server.processCall(ProtobufRpcEngine.java:466) [hadoop-common-3.3.1.jar:?]
	at org.apache.hadoop.ipc.ProtobufRpcEngine2$Server$ProtoBufRpcInvoker.call(ProtobufRpcEngine2.java:574) [hadoop-common-3.3.1.jar:?]
	at org.apache.hadoop.ipc.ProtobufRpcEngine2$Server$ProtoBufRpcInvoker.call(ProtobufRpcEngine2.java:552) [hadoop-common-3.3.1.jar:?]
	at org.apache.hadoop.ipc.RPC$Server.call(RPC.java:1093) [hadoop-common-3.3.1.jar:?]
	at org.apache.hadoop.ipc.Server$RpcCall.run(Server.java:1035) [hadoop-common-3.3.1.jar:?]
	at org.apache.hadoop.ipc.Server$RpcCall.run(Server.java:963) [hadoop-common-3.3.1.jar:?]
	at java.security.AccessController.doPrivileged(Native Method) ~[?:1.8.0_332]
	at javax.security.auth.Subject.doAs(Subject.java:422) [?:1.8.0_332]
	at org.apache.hadoop.security.UserGroupInformation.doAs(UserGroupInformation.java:1878) [hadoop-common-3.3.1.jar:?]
	at org.apache.hadoop.ipc.Server$Handler.run(Server.java:2966) [hadoop-common-3.3.1.jar:?]
23:50:47.711 [IPC Server handler 2 on default port 33563] ERROR OMAudit - user=runner | ip=127.0.0.1 | op=GET_FILE_STATUS {volume=volume50176, bucket=bucket31866, key=gdir1/dir9, dataSize=0, replicationConfig=null} | ret=FAILURE
org.apache.hadoop.ozone.om.exceptions.OMException: Unable to get file status: volume: volume50176 bucket: bucket31866 key: gdir1/dir9
	at org.apache.hadoop.ozone.om.KeyManagerImpl.getOzoneFileStatus(KeyManagerImpl.java:1311) ~[ozone-manager-1.3.0-SNAPSHOT.jar:?]
	at org.apache.hadoop.ozone.om.KeyManagerImpl.getFileStatus(KeyManagerImpl.java:1241) ~[ozone-manager-1.3.0-SNAPSHOT.jar:?]
	at org.apache.hadoop.ozone.om.OzoneManager.getFileStatus(OzoneManager.java:3419) ~[ozone-manager-1.3.0-SNAPSHOT.jar:?]
	at org.apache.hadoop.ozone.protocolPB.OzoneManagerRequestHandler.getOzoneFileStatus(OzoneManagerRequestHandler.java:871) ~[ozone-manager-1.3.0-SNAPSHOT.jar:?]
	at org.apache.hadoop.ozone.protocolPB.OzoneManagerRequestHandler.handleReadRequest(OzoneManagerRequestHandler.java:217) ~[ozone-manager-1.3.0-SNAPSHOT.jar:?]
	at org.apache.hadoop.ozone.protocolPB.OzoneManagerProtocolServerSideTranslatorPB.submitRequestDirectlyToOM(OzoneManagerProtocolServerSideTranslatorPB.java:276) ~[ozone-manager-1.3.0-SNAPSHOT.jar:?]
	at org.apache.hadoop.ozone.protocolPB.OzoneManagerProtocolServerSideTranslatorPB.processRequest(OzoneManagerProtocolServerSideTranslatorPB.java:205) ~[ozone-manager-1.3.0-SNAPSHOT.jar:?]
	at org.apache.hadoop.hdds.server.OzoneProtocolMessageDispatcher.processRequest(OzoneProtocolMessageDispatcher.java:87) [hdds-server-framework-1.3.0-SNAPSHOT.jar:?]
	at org.apache.hadoop.ozone.protocolPB.OzoneManagerProtocolServerSideTranslatorPB.submitRequest(OzoneManagerProtocolServerSideTranslatorPB.java:147) [ozone-manager-1.3.0-SNAPSHOT.jar:?]
	at org.apache.hadoop.ozone.protocol.proto.OzoneManagerProtocolProtos$OzoneManagerService$2.callBlockingMethod(OzoneManagerProtocolProtos.java) [ozone-interface-client-1.3.0-SNAPSHOT.jar:?]
	at org.apache.hadoop.ipc.ProtobufRpcEngine$Server.processCall(ProtobufRpcEngine.java:466) [hadoop-common-3.3.1.jar:?]
	at org.apache.hadoop.ipc.ProtobufRpcEngine2$Server$ProtoBufRpcInvoker.call(ProtobufRpcEngine2.java:574) [hadoop-common-3.3.1.jar:?]
	at org.apache.hadoop.ipc.ProtobufRpcEngine2$Server$ProtoBufRpcInvoker.call(ProtobufRpcEngine2.java:552) [hadoop-common-3.3.1.jar:?]
	at org.apache.hadoop.ipc.RPC$Server.call(RPC.java:1093) [hadoop-common-3.3.1.jar:?]
	at org.apache.hadoop.ipc.Server$RpcCall.run(Server.java:1035) [hadoop-common-3.3.1.jar:?]
	at org.apache.hadoop.ipc.Server$RpcCall.run(Server.java:963) [hadoop-common-3.3.1.jar:?]
	at java.security.AccessController.doPrivileged(Native Method) ~[?:1.8.0_332]
	at javax.security.auth.Subject.doAs(Subject.java:422) [?:1.8.0_332]
	at org.apache.hadoop.security.UserGroupInformation.doAs(UserGroupInformation.java:1878) [hadoop-common-3.3.1.jar:?]
	at org.apache.hadoop.ipc.Server$Handler.run(Server.java:2966) [hadoop-common-3.3.1.jar:?]
23:50:47.713 [IPC Server handler 1 on default port 33563] ERROR OMAudit - user=runner | ip=127.0.0.1 | op=GET_FILE_STATUS {volume=volume50176, bucket=bucket31866, key=gdir1/dir9/child, dataSize=0, replicationConfig=null} | ret=FAILURE
org.apache.hadoop.ozone.om.exceptions.OMException: Unable to get file status: volume: volume50176 bucket: bucket31866 key: gdir1/dir9/child
	at org.apache.hadoop.ozone.om.KeyManagerImpl.getOzoneFileStatus(KeyManagerImpl.java:1311) ~[ozone-manager-1.3.0-SNAPSHOT.jar:?]
	at org.apache.hadoop.ozone.om.KeyManagerImpl.getFileStatus(KeyManagerImpl.java:1241) ~[ozone-manager-1.3.0-SNAPSHOT.jar:?]
	at org.apache.hadoop.ozone.om.OzoneManager.getFileStatus(OzoneManager.java:3419) ~[ozone-manager-1.3.0-SNAPSHOT.jar:?]
	at org.apache.hadoop.ozone.protocolPB.OzoneManagerRequestHandler.getOzoneFileStatus(OzoneManagerRequestHandler.java:871) ~[ozone-manager-1.3.0-SNAPSHOT.jar:?]
	at org.apache.hadoop.ozone.protocolPB.OzoneManagerRequestHandler.handleReadRequest(OzoneManagerRequestHandler.java:217) ~[ozone-manager-1.3.0-SNAPSHOT.jar:?]
	at org.apache.hadoop.ozone.protocolPB.OzoneManagerProtocolServerSideTranslatorPB.submitRequestDirectlyToOM(OzoneManagerProtocolServerSideTranslatorPB.java:276) ~[ozone-manager-1.3.0-SNAPSHOT.jar:?]
	at org.apache.hadoop.ozone.protocolPB.OzoneManagerProtocolServerSideTranslatorPB.processRequest(OzoneManagerProtocolServerSideTranslatorPB.java:205) ~[ozone-manager-1.3.0-SNAPSHOT.jar:?]
	at org.apache.hadoop.hdds.server.OzoneProtocolMessageDispatcher.processRequest(OzoneProtocolMessageDispatcher.java:87) [hdds-server-framework-1.3.0-SNAPSHOT.jar:?]
	at org.apache.hadoop.ozone.protocolPB.OzoneManagerProtocolServerSideTranslatorPB.submitRequest(OzoneManagerProtocolServerSideTranslatorPB.java:147) [ozone-manager-1.3.0-SNAPSHOT.jar:?]
	at org.apache.hadoop.ozone.protocol.proto.OzoneManagerProtocolProtos$OzoneManagerService$2.callBlockingMethod(OzoneManagerProtocolProtos.java) [ozone-interface-client-1.3.0-SNAPSHOT.jar:?]
	at org.apache.hadoop.ipc.ProtobufRpcEngine$Server.processCall(ProtobufRpcEngine.java:466) [hadoop-common-3.3.1.jar:?]
	at org.apache.hadoop.ipc.ProtobufRpcEngine2$Server$ProtoBufRpcInvoker.call(ProtobufRpcEngine2.java:574) [hadoop-common-3.3.1.jar:?]
	at org.apache.hadoop.ipc.ProtobufRpcEngine2$Server$ProtoBufRpcInvoker.call(ProtobufRpcEngine2.java:552) [hadoop-common-3.3.1.jar:?]
	at org.apache.hadoop.ipc.RPC$Server.call(RPC.java:1093) [hadoop-common-3.3.1.jar:?]
	at org.apache.hadoop.ipc.Server$RpcCall.run(Server.java:1035) [hadoop-common-3.3.1.jar:?]
	at org.apache.hadoop.ipc.Server$RpcCall.run(Server.java:963) [hadoop-common-3.3.1.jar:?]
	at java.security.AccessController.doPrivileged(Native Method) ~[?:1.8.0_332]
	at javax.security.auth.Subject.doAs(Subject.java:422) [?:1.8.0_332]
	at org.apache.hadoop.security.UserGroupInformation.doAs(UserGroupInformation.java:1878) [hadoop-common-3.3.1.jar:?]
	at org.apache.hadoop.ipc.Server$Handler.run(Server.java:2966) [hadoop-common-3.3.1.jar:?]
23:50:47.713 [IPC Server handler 6 on default port 33563] ERROR OMAudit - user=runner | ip=127.0.0.1 | op=GET_FILE_STATUS {volume=volume50176, bucket=bucket31866, key=gdir1/dir10, dataSize=0, replicationConfig=null} | ret=FAILURE
org.apache.hadoop.ozone.om.exceptions.OMException: Unable to get file status: volume: volume50176 bucket: bucket31866 key: gdir1/dir10
	at org.apache.hadoop.ozone.om.KeyManagerImpl.getOzoneFileStatus(KeyManagerImpl.java:1311) ~[ozone-manager-1.3.0-SNAPSHOT.jar:?]
	at org.apache.hadoop.ozone.om.KeyManagerImpl.getFileStatus(KeyManagerImpl.java:1241) ~[ozone-manager-1.3.0-SNAPSHOT.jar:?]
	at org.apache.hadoop.ozone.om.OzoneManager.getFileStatus(OzoneManager.java:3419) ~[ozone-manager-1.3.0-SNAPSHOT.jar:?]
	at org.apache.hadoop.ozone.protocolPB.OzoneManagerRequestHandler.getOzoneFileStatus(OzoneManagerRequestHandler.java:871) ~[ozone-manager-1.3.0-SNAPSHOT.jar:?]
	at org.apache.hadoop.ozone.protocolPB.OzoneManagerRequestHandler.handleReadRequest(OzoneManagerRequestHandler.java:217) ~[ozone-manager-1.3.0-SNAPSHOT.jar:?]
	at org.apache.hadoop.ozone.protocolPB.OzoneManagerProtocolServerSideTranslatorPB.submitRequestDirectlyToOM(OzoneManagerProtocolServerSideTranslatorPB.java:276) ~[ozone-manager-1.3.0-SNAPSHOT.jar:?]
	at org.apache.hadoop.ozone.protocolPB.OzoneManagerProtocolServerSideTranslatorPB.processRequest(OzoneManagerProtocolServerSideTranslatorPB.java:205) ~[ozone-manager-1.3.0-SNAPSHOT.jar:?]
	at org.apache.hadoop.hdds.server.OzoneProtocolMessageDispatcher.processRequest(OzoneProtocolMessageDispatcher.java:87) [hdds-server-framework-1.3.0-SNAPSHOT.jar:?]
	at org.apache.hadoop.ozone.protocolPB.OzoneManagerProtocolServerSideTranslatorPB.submitRequest(OzoneManagerProtocolServerSideTranslatorPB.java:147) [ozone-manager-1.3.0-SNAPSHOT.jar:?]
	at org.apache.hadoop.ozone.protocol.proto.OzoneManagerProtocolProtos$OzoneManagerService$2.callBlockingMethod(OzoneManagerProtocolProtos.java) [ozone-interface-client-1.3.0-SNAPSHOT.jar:?]
	at org.apache.hadoop.ipc.ProtobufRpcEngine$Server.processCall(ProtobufRpcEngine.java:466) [hadoop-common-3.3.1.jar:?]
	at org.apache.hadoop.ipc.ProtobufRpcEngine2$Server$ProtoBufRpcInvoker.call(ProtobufRpcEngine2.java:574) [hadoop-common-3.3.1.jar:?]
	at org.apache.hadoop.ipc.ProtobufRpcEngine2$Server$ProtoBufRpcInvoker.call(ProtobufRpcEngine2.java:552) [hadoop-common-3.3.1.jar:?]
	at org.apache.hadoop.ipc.RPC$Server.call(RPC.java:1093) [hadoop-common-3.3.1.jar:?]
	at org.apache.hadoop.ipc.Server$RpcCall.run(Server.java:1035) [hadoop-common-3.3.1.jar:?]
	at org.apache.hadoop.ipc.Server$RpcCall.run(Server.java:963) [hadoop-common-3.3.1.jar:?]
	at java.security.AccessController.doPrivileged(Native Method) ~[?:1.8.0_332]
	at javax.security.auth.Subject.doAs(Subject.java:422) [?:1.8.0_332]
	at org.apache.hadoop.security.UserGroupInformation.doAs(UserGroupInformation.java:1878) [hadoop-common-3.3.1.jar:?]
	at org.apache.hadoop.ipc.Server$Handler.run(Server.java:2966) [hadoop-common-3.3.1.jar:?]
23:50:47.714 [IPC Server handler 9 on default port 33563] ERROR OMAudit - user=runner | ip=127.0.0.1 | op=GET_FILE_STATUS {volume=volume50176, bucket=bucket31866, key=gdir1/dir10/child, dataSize=0, replicationConfig=null} | ret=FAILURE
org.apache.hadoop.ozone.om.exceptions.OMException: Unable to get file status: volume: volume50176 bucket: bucket31866 key: gdir1/dir10/child
	at org.apache.hadoop.ozone.om.KeyManagerImpl.getOzoneFileStatus(KeyManagerImpl.java:1311) ~[ozone-manager-1.3.0-SNAPSHOT.jar:?]
	at org.apache.hadoop.ozone.om.KeyManagerImpl.getFileStatus(KeyManagerImpl.java:1241) ~[ozone-manager-1.3.0-SNAPSHOT.jar:?]
	at org.apache.hadoop.ozone.om.OzoneManager.getFileStatus(OzoneManager.java:3419) ~[ozone-manager-1.3.0-SNAPSHOT.jar:?]
	at org.apache.hadoop.ozone.protocolPB.OzoneManagerRequestHandler.getOzoneFileStatus(OzoneManagerRequestHandler.java:871) ~[ozone-manager-1.3.0-SNAPSHOT.jar:?]
	at org.apache.hadoop.ozone.protocolPB.OzoneManagerRequestHandler.handleReadRequest(OzoneManagerRequestHandler.java:217) ~[ozone-manager-1.3.0-SNAPSHOT.jar:?]
	at org.apache.hadoop.ozone.protocolPB.OzoneManagerProtocolServerSideTranslatorPB.submitRequestDirectlyToOM(OzoneManagerProtocolServerSideTranslatorPB.java:276) ~[ozone-manager-1.3.0-SNAPSHOT.jar:?]
	at org.apache.hadoop.ozone.protocolPB.OzoneManagerProtocolServerSideTranslatorPB.processRequest(OzoneManagerProtocolServerSideTranslatorPB.java:205) ~[ozone-manager-1.3.0-SNAPSHOT.jar:?]
	at org.apache.hadoop.hdds.server.OzoneProtocolMessageDispatcher.processRequest(OzoneProtocolMessageDispatcher.java:87) [hdds-server-framework-1.3.0-SNAPSHOT.jar:?]
	at org.apache.hadoop.ozone.protocolPB.OzoneManagerProtocolServerSideTranslatorPB.submitRequest(OzoneManagerProtocolServerSideTranslatorPB.java:147) [ozone-manager-1.3.0-SNAPSHOT.jar:?]
	at org.apache.hadoop.ozone.protocol.proto.OzoneManagerProtocolProtos$OzoneManagerService$2.callBlockingMethod(OzoneManagerProtocolProtos.java) [ozone-interface-client-1.3.0-SNAPSHOT.jar:?]
	at org.apache.hadoop.ipc.ProtobufRpcEngine$Server.processCall(ProtobufRpcEngine.java:466) [hadoop-common-3.3.1.jar:?]
	at org.apache.hadoop.ipc.ProtobufRpcEngine2$Server$ProtoBufRpcInvoker.call(ProtobufRpcEngine2.java:574) [hadoop-common-3.3.1.jar:?]
	at org.apache.hadoop.ipc.ProtobufRpcEngine2$Server$ProtoBufRpcInvoker.call(ProtobufRpcEngine2.java:552) [hadoop-common-3.3.1.jar:?]
	at org.apache.hadoop.ipc.RPC$Server.call(RPC.java:1093) [hadoop-common-3.3.1.jar:?]
	at org.apache.hadoop.ipc.Server$RpcCall.run(Server.java:1035) [hadoop-common-3.3.1.jar:?]
	at org.apache.hadoop.ipc.Server$RpcCall.run(Server.java:963) [hadoop-common-3.3.1.jar:?]
	at java.security.AccessController.doPrivileged(Native Method) ~[?:1.8.0_332]
	at javax.security.auth.Subject.doAs(Subject.java:422) [?:1.8.0_332]
	at org.apache.hadoop.security.UserGroupInformation.doAs(UserGroupInformation.java:1878) [hadoop-common-3.3.1.jar:?]
	at org.apache.hadoop.ipc.Server$Handler.run(Server.java:2966) [hadoop-common-3.3.1.jar:?]
23:50:47.787 [IPC Server handler 5 on default port 33563] ERROR OMAudit - user=runner | ip=127.0.0.1 | op=GET_FILE_STATUS {volume=volume50176, bucket=bucket31866, key=level0, dataSize=0, replicationConfig=null} | ret=FAILURE
org.apache.hadoop.ozone.om.exceptions.OMException: Unable to get file status: volume: volume50176 bucket: bucket31866 key: level0
	at org.apache.hadoop.ozone.om.KeyManagerImpl.getOzoneFileStatus(KeyManagerImpl.java:1311) ~[ozone-manager-1.3.0-SNAPSHOT.jar:?]
	at org.apache.hadoop.ozone.om.KeyManagerImpl.getFileStatus(KeyManagerImpl.java:1241) ~[ozone-manager-1.3.0-SNAPSHOT.jar:?]
	at org.apache.hadoop.ozone.om.OzoneManager.getFileStatus(OzoneManager.java:3419) ~[ozone-manager-1.3.0-SNAPSHOT.jar:?]
	at org.apache.hadoop.ozone.protocolPB.OzoneManagerRequestHandler.getOzoneFileStatus(OzoneManagerRequestHandler.java:871) ~[ozone-manager-1.3.0-SNAPSHOT.jar:?]
	at org.apache.hadoop.ozone.protocolPB.OzoneManagerRequestHandler.handleReadRequest(OzoneManagerRequestHandler.java:217) ~[ozone-manager-1.3.0-SNAPSHOT.jar:?]
	at org.apache.hadoop.ozone.protocolPB.OzoneManagerProtocolServerSideTranslatorPB.submitRequestDirectlyToOM(OzoneManagerProtocolServerSideTranslatorPB.java:276) ~[ozone-manager-1.3.0-SNAPSHOT.jar:?]
	at org.apache.hadoop.ozone.protocolPB.OzoneManagerProtocolServerSideTranslatorPB.processRequest(OzoneManagerProtocolServerSideTranslatorPB.java:205) ~[ozone-manager-1.3.0-SNAPSHOT.jar:?]
	at org.apache.hadoop.hdds.server.OzoneProtocolMessageDispatcher.processRequest(OzoneProtocolMessageDispatcher.java:87) [hdds-server-framework-1.3.0-SNAPSHOT.jar:?]
	at org.apache.hadoop.ozone.protocolPB.OzoneManagerProtocolServerSideTranslatorPB.submitRequest(OzoneManagerProtocolServerSideTranslatorPB.java:147) [ozone-manager-1.3.0-SNAPSHOT.jar:?]
	at org.apache.hadoop.ozone.protocol.proto.OzoneManagerProtocolProtos$OzoneManagerService$2.callBlockingMethod(OzoneManagerProtocolProtos.java) [ozone-interface-client-1.3.0-SNAPSHOT.jar:?]
	at org.apache.hadoop.ipc.ProtobufRpcEngine$Server.processCall(ProtobufRpcEngine.java:466) [hadoop-common-3.3.1.jar:?]
	at org.apache.hadoop.ipc.ProtobufRpcEngine2$Server$ProtoBufRpcInvoker.call(ProtobufRpcEngine2.java:574) [hadoop-common-3.3.1.jar:?]
	at org.apache.hadoop.ipc.ProtobufRpcEngine2$Server$ProtoBufRpcInvoker.call(ProtobufRpcEngine2.java:552) [hadoop-common-3.3.1.jar:?]
	at org.apache.hadoop.ipc.RPC$Server.call(RPC.java:1093) [hadoop-common-3.3.1.jar:?]
	at org.apache.hadoop.ipc.Server$RpcCall.run(Server.java:1035) [hadoop-common-3.3.1.jar:?]
	at org.apache.hadoop.ipc.Server$RpcCall.run(Server.java:963) [hadoop-common-3.3.1.jar:?]
	at java.security.AccessController.doPrivileged(Native Method) ~[?:1.8.0_332]
	at javax.security.auth.Subject.doAs(Subject.java:422) [?:1.8.0_332]
	at org.apache.hadoop.security.UserGroupInformation.doAs(UserGroupInformation.java:1878) [hadoop-common-3.3.1.jar:?]
	at org.apache.hadoop.ipc.Server$Handler.run(Server.java:2966) [hadoop-common-3.3.1.jar:?]
23:50:47.788 [IPC Server handler 3 on default port 33563] ERROR OMAudit - user=runner | ip=127.0.0.1 | op=GET_FILE_STATUS {volume=volume50176, bucket=bucket31866, key=level0/level1, dataSize=0, replicationConfig=null} | ret=FAILURE
org.apache.hadoop.ozone.om.exceptions.OMException: Unable to get file status: volume: volume50176 bucket: bucket31866 key: level0/level1
	at org.apache.hadoop.ozone.om.KeyManagerImpl.getOzoneFileStatus(KeyManagerImpl.java:1311) ~[ozone-manager-1.3.0-SNAPSHOT.jar:?]
	at org.apache.hadoop.ozone.om.KeyManagerImpl.getFileStatus(KeyManagerImpl.java:1241) ~[ozone-manager-1.3.0-SNAPSHOT.jar:?]
	at org.apache.hadoop.ozone.om.OzoneManager.getFileStatus(OzoneManager.java:3419) ~[ozone-manager-1.3.0-SNAPSHOT.jar:?]
	at org.apache.hadoop.ozone.protocolPB.OzoneManagerRequestHandler.getOzoneFileStatus(OzoneManagerRequestHandler.java:871) ~[ozone-manager-1.3.0-SNAPSHOT.jar:?]
	at org.apache.hadoop.ozone.protocolPB.OzoneManagerRequestHandler.handleReadRequest(OzoneManagerRequestHandler.java:217) ~[ozone-manager-1.3.0-SNAPSHOT.jar:?]
	at org.apache.hadoop.ozone.protocolPB.OzoneManagerProtocolServerSideTranslatorPB.submitRequestDirectlyToOM(OzoneManagerProtocolServerSideTranslatorPB.java:276) ~[ozone-manager-1.3.0-SNAPSHOT.jar:?]
	at org.apache.hadoop.ozone.protocolPB.OzoneManagerProtocolServerSideTranslatorPB.processRequest(OzoneManagerProtocolServerSideTranslatorPB.java:205) ~[ozone-manager-1.3.0-SNAPSHOT.jar:?]
	at org.apache.hadoop.hdds.server.OzoneProtocolMessageDispatcher.processRequest(OzoneProtocolMessageDispatcher.java:87) [hdds-server-framework-1.3.0-SNAPSHOT.jar:?]
	at org.apache.hadoop.ozone.protocolPB.OzoneManagerProtocolServerSideTranslatorPB.submitRequest(OzoneManagerProtocolServerSideTranslatorPB.java:147) [ozone-manager-1.3.0-SNAPSHOT.jar:?]
	at org.apache.hadoop.ozone.protocol.proto.OzoneManagerProtocolProtos$OzoneManagerService$2.callBlockingMethod(OzoneManagerProtocolProtos.java) [ozone-interface-client-1.3.0-SNAPSHOT.jar:?]
	at org.apache.hadoop.ipc.ProtobufRpcEngine$Server.processCall(ProtobufRpcEngine.java:466) [hadoop-common-3.3.1.jar:?]
	at org.apache.hadoop.ipc.ProtobufRpcEngine2$Server$ProtoBufRpcInvoker.call(ProtobufRpcEngine2.java:574) [hadoop-common-3.3.1.jar:?]
	at org.apache.hadoop.ipc.ProtobufRpcEngine2$Server$ProtoBufRpcInvoker.call(ProtobufRpcEngine2.java:552) [hadoop-common-3.3.1.jar:?]
	at org.apache.hadoop.ipc.RPC$Server.call(RPC.java:1093) [hadoop-common-3.3.1.jar:?]
	at org.apache.hadoop.ipc.Server$RpcCall.run(Server.java:1035) [hadoop-common-3.3.1.jar:?]
	at org.apache.hadoop.ipc.Server$RpcCall.run(Server.java:963) [hadoop-common-3.3.1.jar:?]
	at java.security.AccessController.doPrivileged(Native Method) ~[?:1.8.0_332]
	at javax.security.auth.Subject.doAs(Subject.java:422) [?:1.8.0_332]
	at org.apache.hadoop.security.UserGroupInformation.doAs(UserGroupInformation.java:1878) [hadoop-common-3.3.1.jar:?]
	at org.apache.hadoop.ipc.Server$Handler.run(Server.java:2966) [hadoop-common-3.3.1.jar:?]
23:50:47.788 [IPC Server handler 4 on default port 33563] ERROR OMAudit - user=runner | ip=127.0.0.1 | op=GET_FILE_STATUS {volume=volume50176, bucket=bucket31866, key=level0/level1/level1, dataSize=0, replicationConfig=null} | ret=FAILURE
org.apache.hadoop.ozone.om.exceptions.OMException: Unable to get file status: volume: volume50176 bucket: bucket31866 key: level0/level1/level1
	at org.apache.hadoop.ozone.om.KeyManagerImpl.getOzoneFileStatus(KeyManagerImpl.java:1311) ~[ozone-manager-1.3.0-SNAPSHOT.jar:?]
	at org.apache.hadoop.ozone.om.KeyManagerImpl.getFileStatus(KeyManagerImpl.java:1241) ~[ozone-manager-1.3.0-SNAPSHOT.jar:?]
	at org.apache.hadoop.ozone.om.OzoneManager.getFileStatus(OzoneManager.java:3419) ~[ozone-manager-1.3.0-SNAPSHOT.jar:?]
	at org.apache.hadoop.ozone.protocolPB.OzoneManagerRequestHandler.getOzoneFileStatus(OzoneManagerRequestHandler.java:871) ~[ozone-manager-1.3.0-SNAPSHOT.jar:?]
	at org.apache.hadoop.ozone.protocolPB.OzoneManagerRequestHandler.handleReadRequest(OzoneManagerRequestHandler.java:217) ~[ozone-manager-1.3.0-SNAPSHOT.jar:?]
	at org.apache.hadoop.ozone.protocolPB.OzoneManagerProtocolServerSideTranslatorPB.submitRequestDirectlyToOM(OzoneManagerProtocolServerSideTranslatorPB.java:276) ~[ozone-manager-1.3.0-SNAPSHOT.jar:?]
	at org.apache.hadoop.ozone.protocolPB.OzoneManagerProtocolServerSideTranslatorPB.processRequest(OzoneManagerProtocolServerSideTranslatorPB.java:205) ~[ozone-manager-1.3.0-SNAPSHOT.jar:?]
	at org.apache.hadoop.hdds.server.OzoneProtocolMessageDispatcher.processRequest(OzoneProtocolMessageDispatcher.java:87) [hdds-server-framework-1.3.0-SNAPSHOT.jar:?]
	at org.apache.hadoop.ozone.protocolPB.OzoneManagerProtocolServerSideTranslatorPB.submitRequest(OzoneManagerProtocolServerSideTranslatorPB.java:147) [ozone-manager-1.3.0-SNAPSHOT.jar:?]
	at org.apache.hadoop.ozone.protocol.proto.OzoneManagerProtocolProtos$OzoneManagerService$2.callBlockingMethod(OzoneManagerProtocolProtos.java) [ozone-interface-client-1.3.0-SNAPSHOT.jar:?]
	at org.apache.hadoop.ipc.ProtobufRpcEngine$Server.processCall(ProtobufRpcEngine.java:466) [hadoop-common-3.3.1.jar:?]
	at org.apache.hadoop.ipc.ProtobufRpcEngine2$Server$ProtoBufRpcInvoker.call(ProtobufRpcEngine2.java:574) [hadoop-common-3.3.1.jar:?]
	at org.apache.hadoop.ipc.ProtobufRpcEngine2$Server$ProtoBufRpcInvoker.call(ProtobufRpcEngine2.java:552) [hadoop-common-3.3.1.jar:?]
	at org.apache.hadoop.ipc.RPC$Server.call(RPC.java:1093) [hadoop-common-3.3.1.jar:?]
	at org.apache.hadoop.ipc.Server$RpcCall.run(Server.java:1035) [hadoop-common-3.3.1.jar:?]
	at org.apache.hadoop.ipc.Server$RpcCall.run(Server.java:963) [hadoop-common-3.3.1.jar:?]
	at java.security.AccessController.doPrivileged(Native Method) ~[?:1.8.0_332]
	at javax.security.auth.Subject.doAs(Subject.java:422) [?:1.8.0_332]
	at org.apache.hadoop.security.UserGroupInformation.doAs(UserGroupInformation.java:1878) [hadoop-common-3.3.1.jar:?]
	at org.apache.hadoop.ipc.Server$Handler.run(Server.java:2966) [hadoop-common-3.3.1.jar:?]
23:50:47.789 [IPC Server handler 2 on default port 33563] ERROR OMAudit - user=runner | ip=127.0.0.1 | op=GET_FILE_STATUS {volume=volume50176, bucket=bucket31866, key=level0/level1/file1, dataSize=0, replicationConfig=null} | ret=FAILURE
org.apache.hadoop.ozone.om.exceptions.OMException: Unable to get file status: volume: volume50176 bucket: bucket31866 key: level0/level1/file1
	at org.apache.hadoop.ozone.om.KeyManagerImpl.getOzoneFileStatus(KeyManagerImpl.java:1311) ~[ozone-manager-1.3.0-SNAPSHOT.jar:?]
	at org.apache.hadoop.ozone.om.KeyManagerImpl.getFileStatus(KeyManagerImpl.java:1241) ~[ozone-manager-1.3.0-SNAPSHOT.jar:?]
	at org.apache.hadoop.ozone.om.OzoneManager.getFileStatus(OzoneManager.java:3419) ~[ozone-manager-1.3.0-SNAPSHOT.jar:?]
	at org.apache.hadoop.ozone.protocolPB.OzoneManagerRequestHandler.getOzoneFileStatus(OzoneManagerRequestHandler.java:871) ~[ozone-manager-1.3.0-SNAPSHOT.jar:?]
	at org.apache.hadoop.ozone.protocolPB.OzoneManagerRequestHandler.handleReadRequest(OzoneManagerRequestHandler.java:217) ~[ozone-manager-1.3.0-SNAPSHOT.jar:?]
	at org.apache.hadoop.ozone.protocolPB.OzoneManagerProtocolServerSideTranslatorPB.submitRequestDirectlyToOM(OzoneManagerProtocolServerSideTranslatorPB.java:276) ~[ozone-manager-1.3.0-SNAPSHOT.jar:?]
	at org.apache.hadoop.ozone.protocolPB.OzoneManagerProtocolServerSideTranslatorPB.processRequest(OzoneManagerProtocolServerSideTranslatorPB.java:205) ~[ozone-manager-1.3.0-SNAPSHOT.jar:?]
	at org.apache.hadoop.hdds.server.OzoneProtocolMessageDispatcher.processRequest(OzoneProtocolMessageDispatcher.java:87) [hdds-server-framework-1.3.0-SNAPSHOT.jar:?]
	at org.apache.hadoop.ozone.protocolPB.OzoneManagerProtocolServerSideTranslatorPB.submitRequest(OzoneManagerProtocolServerSideTranslatorPB.java:147) [ozone-manager-1.3.0-SNAPSHOT.jar:?]
	at org.apache.hadoop.ozone.protocol.proto.OzoneManagerProtocolProtos$OzoneManagerService$2.callBlockingMethod(OzoneManagerProtocolProtos.java) [ozone-interface-client-1.3.0-SNAPSHOT.jar:?]
	at org.apache.hadoop.ipc.ProtobufRpcEngine$Server.processCall(ProtobufRpcEngine.java:466) [hadoop-common-3.3.1.jar:?]
	at org.apache.hadoop.ipc.ProtobufRpcEngine2$Server$ProtoBufRpcInvoker.call(ProtobufRpcEngine2.java:574) [hadoop-common-3.3.1.jar:?]
	at org.apache.hadoop.ipc.ProtobufRpcEngine2$Server$ProtoBufRpcInvoker.call(ProtobufRpcEngine2.java:552) [hadoop-common-3.3.1.jar:?]
	at org.apache.hadoop.ipc.RPC$Server.call(RPC.java:1093) [hadoop-common-3.3.1.jar:?]
	at org.apache.hadoop.ipc.Server$RpcCall.run(Server.java:1035) [hadoop-common-3.3.1.jar:?]
	at org.apache.hadoop.ipc.Server$RpcCall.run(Server.java:963) [hadoop-common-3.3.1.jar:?]
	at java.security.AccessController.doPrivileged(Native Method) ~[?:1.8.0_332]
	at javax.security.auth.Subject.doAs(Subject.java:422) [?:1.8.0_332]
	at org.apache.hadoop.security.UserGroupInformation.doAs(UserGroupInformation.java:1878) [hadoop-common-3.3.1.jar:?]
	at org.apache.hadoop.ipc.Server$Handler.run(Server.java:2966) [hadoop-common-3.3.1.jar:?]
23:50:47.795 [IPC Server handler 1 on default port 33563] ERROR OMAudit - user=runner | ip=127.0.0.1 | op=GET_FILE_STATUS {volume=volume50176, bucket=bucket31866, key=level0/level1/level1/file1, dataSize=0, replicationConfig=null} | ret=FAILURE
org.apache.hadoop.ozone.om.exceptions.OMException: Unable to get file status: volume: volume50176 bucket: bucket31866 key: level0/level1/level1/file1
	at org.apache.hadoop.ozone.om.KeyManagerImpl.getOzoneFileStatus(KeyManagerImpl.java:1311) ~[ozone-manager-1.3.0-SNAPSHOT.jar:?]
	at org.apache.hadoop.ozone.om.KeyManagerImpl.getFileStatus(KeyManagerImpl.java:1241) ~[ozone-manager-1.3.0-SNAPSHOT.jar:?]
	at org.apache.hadoop.ozone.om.OzoneManager.getFileStatus(OzoneManager.java:3419) ~[ozone-manager-1.3.0-SNAPSHOT.jar:?]
	at org.apache.hadoop.ozone.protocolPB.OzoneManagerRequestHandler.getOzoneFileStatus(OzoneManagerRequestHandler.java:871) ~[ozone-manager-1.3.0-SNAPSHOT.jar:?]
	at org.apache.hadoop.ozone.protocolPB.OzoneManagerRequestHandler.handleReadRequest(OzoneManagerRequestHandler.java:217) ~[ozone-manager-1.3.0-SNAPSHOT.jar:?]
	at org.apache.hadoop.ozone.protocolPB.OzoneManagerProtocolServerSideTranslatorPB.submitRequestDirectlyToOM(OzoneManagerProtocolServerSideTranslatorPB.java:276) ~[ozone-manager-1.3.0-SNAPSHOT.jar:?]
	at org.apache.hadoop.ozone.protocolPB.OzoneManagerProtocolServerSideTranslatorPB.processRequest(OzoneManagerProtocolServerSideTranslatorPB.java:205) ~[ozone-manager-1.3.0-SNAPSHOT.jar:?]
	at org.apache.hadoop.hdds.server.OzoneProtocolMessageDispatcher.processRequest(OzoneProtocolMessageDispatcher.java:87) [hdds-server-framework-1.3.0-SNAPSHOT.jar:?]
	at org.apache.hadoop.ozone.protocolPB.OzoneManagerProtocolServerSideTranslatorPB.submitRequest(OzoneManagerProtocolServerSideTranslatorPB.java:147) [ozone-manager-1.3.0-SNAPSHOT.jar:?]
	at org.apache.hadoop.ozone.protocol.proto.OzoneManagerProtocolProtos$OzoneManagerService$2.callBlockingMethod(OzoneManagerProtocolProtos.java) [ozone-interface-client-1.3.0-SNAPSHOT.jar:?]
	at org.apache.hadoop.ipc.ProtobufRpcEngine$Server.processCall(ProtobufRpcEngine.java:466) [hadoop-common-3.3.1.jar:?]
	at org.apache.hadoop.ipc.ProtobufRpcEngine2$Server$ProtoBufRpcInvoker.call(ProtobufRpcEngine2.java:574) [hadoop-common-3.3.1.jar:?]
	at org.apache.hadoop.ipc.ProtobufRpcEngine2$Server$ProtoBufRpcInvoker.call(ProtobufRpcEngine2.java:552) [hadoop-common-3.3.1.jar:?]
	at org.apache.hadoop.ipc.RPC$Server.call(RPC.java:1093) [hadoop-common-3.3.1.jar:?]
	at org.apache.hadoop.ipc.Server$RpcCall.run(Server.java:1035) [hadoop-common-3.3.1.jar:?]
	at org.apache.hadoop.ipc.Server$RpcCall.run(Server.java:963) [hadoop-common-3.3.1.jar:?]
	at java.security.AccessController.doPrivileged(Native Method) ~[?:1.8.0_332]
	at javax.security.auth.Subject.doAs(Subject.java:422) [?:1.8.0_332]
	at org.apache.hadoop.security.UserGroupInformation.doAs(UserGroupInformation.java:1878) [hadoop-common-3.3.1.jar:?]
	at org.apache.hadoop.ipc.Server$Handler.run(Server.java:2966) [hadoop-common-3.3.1.jar:?]
23:50:47.796 [IPC Server handler 6 on default port 33563] ERROR OMAudit - user=runner | ip=127.0.0.1 | op=GET_FILE_STATUS {volume=volume50176, bucket=bucket31866, key=level0/level2, dataSize=0, replicationConfig=null} | ret=FAILURE
org.apache.hadoop.ozone.om.exceptions.OMException: Unable to get file status: volume: volume50176 bucket: bucket31866 key: level0/level2
	at org.apache.hadoop.ozone.om.KeyManagerImpl.getOzoneFileStatus(KeyManagerImpl.java:1311) ~[ozone-manager-1.3.0-SNAPSHOT.jar:?]
	at org.apache.hadoop.ozone.om.KeyManagerImpl.getFileStatus(KeyManagerImpl.java:1241) ~[ozone-manager-1.3.0-SNAPSHOT.jar:?]
	at org.apache.hadoop.ozone.om.OzoneManager.getFileStatus(OzoneManager.java:3419) ~[ozone-manager-1.3.0-SNAPSHOT.jar:?]
	at org.apache.hadoop.ozone.protocolPB.OzoneManagerRequestHandler.getOzoneFileStatus(OzoneManagerRequestHandler.java:871) ~[ozone-manager-1.3.0-SNAPSHOT.jar:?]
	at org.apache.hadoop.ozone.protocolPB.OzoneManagerRequestHandler.handleReadRequest(OzoneManagerRequestHandler.java:217) ~[ozone-manager-1.3.0-SNAPSHOT.jar:?]
	at org.apache.hadoop.ozone.protocolPB.OzoneManagerProtocolServerSideTranslatorPB.submitRequestDirectlyToOM(OzoneManagerProtocolServerSideTranslatorPB.java:276) ~[ozone-manager-1.3.0-SNAPSHOT.jar:?]
	at org.apache.hadoop.ozone.protocolPB.OzoneManagerProtocolServerSideTranslatorPB.processRequest(OzoneManagerProtocolServerSideTranslatorPB.java:205) ~[ozone-manager-1.3.0-SNAPSHOT.jar:?]
	at org.apache.hadoop.hdds.server.OzoneProtocolMessageDispatcher.processRequest(OzoneProtocolMessageDispatcher.java:87) [hdds-server-framework-1.3.0-SNAPSHOT.jar:?]
	at org.apache.hadoop.ozone.protocolPB.OzoneManagerProtocolServerSideTranslatorPB.submitRequest(OzoneManagerProtocolServerSideTranslatorPB.java:147) [ozone-manager-1.3.0-SNAPSHOT.jar:?]
	at org.apache.hadoop.ozone.protocol.proto.OzoneManagerProtocolProtos$OzoneManagerService$2.callBlockingMethod(OzoneManagerProtocolProtos.java) [ozone-interface-client-1.3.0-SNAPSHOT.jar:?]
	at org.apache.hadoop.ipc.ProtobufRpcEngine$Server.processCall(ProtobufRpcEngine.java:466) [hadoop-common-3.3.1.jar:?]
	at org.apache.hadoop.ipc.ProtobufRpcEngine2$Server$ProtoBufRpcInvoker.call(ProtobufRpcEngine2.java:574) [hadoop-common-3.3.1.jar:?]
	at org.apache.hadoop.ipc.ProtobufRpcEngine2$Server$ProtoBufRpcInvoker.call(ProtobufRpcEngine2.java:552) [hadoop-common-3.3.1.jar:?]
	at org.apache.hadoop.ipc.RPC$Server.call(RPC.java:1093) [hadoop-common-3.3.1.jar:?]
	at org.apache.hadoop.ipc.Server$RpcCall.run(Server.java:1035) [hadoop-common-3.3.1.jar:?]
	at org.apache.hadoop.ipc.Server$RpcCall.run(Server.java:963) [hadoop-common-3.3.1.jar:?]
	at java.security.AccessController.doPrivileged(Native Method) ~[?:1.8.0_332]
	at javax.security.auth.Subject.doAs(Subject.java:422) [?:1.8.0_332]
	at org.apache.hadoop.security.UserGroupInformation.doAs(UserGroupInformation.java:1878) [hadoop-common-3.3.1.jar:?]
	at org.apache.hadoop.ipc.Server$Handler.run(Server.java:2966) [hadoop-common-3.3.1.jar:?]
23:50:47.801 [IPC Server handler 9 on default port 33563] ERROR OMAudit - user=runner | ip=127.0.0.1 | op=GET_FILE_STATUS {volume=volume50176, bucket=bucket31866, key=level0/level2/level2, dataSize=0, replicationConfig=null} | ret=FAILURE
org.apache.hadoop.ozone.om.exceptions.OMException: Unable to get file status: volume: volume50176 bucket: bucket31866 key: level0/level2/level2
	at org.apache.hadoop.ozone.om.KeyManagerImpl.getOzoneFileStatus(KeyManagerImpl.java:1311) ~[ozone-manager-1.3.0-SNAPSHOT.jar:?]
	at org.apache.hadoop.ozone.om.KeyManagerImpl.getFileStatus(KeyManagerImpl.java:1241) ~[ozone-manager-1.3.0-SNAPSHOT.jar:?]
	at org.apache.hadoop.ozone.om.OzoneManager.getFileStatus(OzoneManager.java:3419) ~[ozone-manager-1.3.0-SNAPSHOT.jar:?]
	at org.apache.hadoop.ozone.protocolPB.OzoneManagerRequestHandler.getOzoneFileStatus(OzoneManagerRequestHandler.java:871) ~[ozone-manager-1.3.0-SNAPSHOT.jar:?]
	at org.apache.hadoop.ozone.protocolPB.OzoneManagerRequestHandler.handleReadRequest(OzoneManagerRequestHandler.java:217) ~[ozone-manager-1.3.0-SNAPSHOT.jar:?]
	at org.apache.hadoop.ozone.protocolPB.OzoneManagerProtocolServerSideTranslatorPB.submitRequestDirectlyToOM(OzoneManagerProtocolServerSideTranslatorPB.java:276) ~[ozone-manager-1.3.0-SNAPSHOT.jar:?]
	at org.apache.hadoop.ozone.protocolPB.OzoneManagerProtocolServerSideTranslatorPB.processRequest(OzoneManagerProtocolServerSideTranslatorPB.java:205) ~[ozone-manager-1.3.0-SNAPSHOT.jar:?]
	at org.apache.hadoop.hdds.server.OzoneProtocolMessageDispatcher.processRequest(OzoneProtocolMessageDispatcher.java:87) [hdds-server-framework-1.3.0-SNAPSHOT.jar:?]
	at org.apache.hadoop.ozone.protocolPB.OzoneManagerProtocolServerSideTranslatorPB.submitRequest(OzoneManagerProtocolServerSideTranslatorPB.java:147) [ozone-manager-1.3.0-SNAPSHOT.jar:?]
	at org.apache.hadoop.ozone.protocol.proto.OzoneManagerProtocolProtos$OzoneManagerService$2.callBlockingMethod(OzoneManagerProtocolProtos.java) [ozone-interface-client-1.3.0-SNAPSHOT.jar:?]
	at org.apache.hadoop.ipc.ProtobufRpcEngine$Server.processCall(ProtobufRpcEngine.java:466) [hadoop-common-3.3.1.jar:?]
	at org.apache.hadoop.ipc.ProtobufRpcEngine2$Server$ProtoBufRpcInvoker.call(ProtobufRpcEngine2.java:574) [hadoop-common-3.3.1.jar:?]
	at org.apache.hadoop.ipc.ProtobufRpcEngine2$Server$ProtoBufRpcInvoker.call(ProtobufRpcEngine2.java:552) [hadoop-common-3.3.1.jar:?]
	at org.apache.hadoop.ipc.RPC$Server.call(RPC.java:1093) [hadoop-common-3.3.1.jar:?]
	at org.apache.hadoop.ipc.Server$RpcCall.run(Server.java:1035) [hadoop-common-3.3.1.jar:?]
	at org.apache.hadoop.ipc.Server$RpcCall.run(Server.java:963) [hadoop-common-3.3.1.jar:?]
	at java.security.AccessController.doPrivileged(Native Method) ~[?:1.8.0_332]
	at javax.security.auth.Subject.doAs(Subject.java:422) [?:1.8.0_332]
	at org.apache.hadoop.security.UserGroupInformation.doAs(UserGroupInformation.java:1878) [hadoop-common-3.3.1.jar:?]
	at org.apache.hadoop.ipc.Server$Handler.run(Server.java:2966) [hadoop-common-3.3.1.jar:?]
23:50:47.801 [IPC Server handler 10 on default port 33563] ERROR OMAudit - user=runner | ip=127.0.0.1 | op=GET_FILE_STATUS {volume=volume50176, bucket=bucket31866, key=level0/level2/file1, dataSize=0, replicationConfig=null} | ret=FAILURE
org.apache.hadoop.ozone.om.exceptions.OMException: Unable to get file status: volume: volume50176 bucket: bucket31866 key: level0/level2/file1
	at org.apache.hadoop.ozone.om.KeyManagerImpl.getOzoneFileStatus(KeyManagerImpl.java:1311) ~[ozone-manager-1.3.0-SNAPSHOT.jar:?]
	at org.apache.hadoop.ozone.om.KeyManagerImpl.getFileStatus(KeyManagerImpl.java:1241) ~[ozone-manager-1.3.0-SNAPSHOT.jar:?]
	at org.apache.hadoop.ozone.om.OzoneManager.getFileStatus(OzoneManager.java:3419) ~[ozone-manager-1.3.0-SNAPSHOT.jar:?]
	at org.apache.hadoop.ozone.protocolPB.OzoneManagerRequestHandler.getOzoneFileStatus(OzoneManagerRequestHandler.java:871) ~[ozone-manager-1.3.0-SNAPSHOT.jar:?]
	at org.apache.hadoop.ozone.protocolPB.OzoneManagerRequestHandler.handleReadRequest(OzoneManagerRequestHandler.java:217) ~[ozone-manager-1.3.0-SNAPSHOT.jar:?]
	at org.apache.hadoop.ozone.protocolPB.OzoneManagerProtocolServerSideTranslatorPB.submitRequestDirectlyToOM(OzoneManagerProtocolServerSideTranslatorPB.java:276) ~[ozone-manager-1.3.0-SNAPSHOT.jar:?]
	at org.apache.hadoop.ozone.protocolPB.OzoneManagerProtocolServerSideTranslatorPB.processRequest(OzoneManagerProtocolServerSideTranslatorPB.java:205) ~[ozone-manager-1.3.0-SNAPSHOT.jar:?]
	at org.apache.hadoop.hdds.server.OzoneProtocolMessageDispatcher.processRequest(OzoneProtocolMessageDispatcher.java:87) [hdds-server-framework-1.3.0-SNAPSHOT.jar:?]
	at org.apache.hadoop.ozone.protocolPB.OzoneManagerProtocolServerSideTranslatorPB.submitRequest(OzoneManagerProtocolServerSideTranslatorPB.java:147) [ozone-manager-1.3.0-SNAPSHOT.jar:?]
	at org.apache.hadoop.ozone.protocol.proto.OzoneManagerProtocolProtos$OzoneManagerService$2.callBlockingMethod(OzoneManagerProtocolProtos.java) [ozone-interface-client-1.3.0-SNAPSHOT.jar:?]
	at org.apache.hadoop.ipc.ProtobufRpcEngine$Server.processCall(ProtobufRpcEngine.java:466) [hadoop-common-3.3.1.jar:?]
	at org.apache.hadoop.ipc.ProtobufRpcEngine2$Server$ProtoBufRpcInvoker.call(ProtobufRpcEngine2.java:574) [hadoop-common-3.3.1.jar:?]
	at org.apache.hadoop.ipc.ProtobufRpcEngine2$Server$ProtoBufRpcInvoker.call(ProtobufRpcEngine2.java:552) [hadoop-common-3.3.1.jar:?]
	at org.apache.hadoop.ipc.RPC$Server.call(RPC.java:1093) [hadoop-common-3.3.1.jar:?]
	at org.apache.hadoop.ipc.Server$RpcCall.run(Server.java:1035) [hadoop-common-3.3.1.jar:?]
	at org.apache.hadoop.ipc.Server$RpcCall.run(Server.java:963) [hadoop-common-3.3.1.jar:?]
	at java.security.AccessController.doPrivileged(Native Method) ~[?:1.8.0_332]
	at javax.security.auth.Subject.doAs(Subject.java:422) [?:1.8.0_332]
	at org.apache.hadoop.security.UserGroupInformation.doAs(UserGroupInformation.java:1878) [hadoop-common-3.3.1.jar:?]
	at org.apache.hadoop.ipc.Server$Handler.run(Server.java:2966) [hadoop-common-3.3.1.jar:?]
23:50:47.803 [IPC Server handler 8 on default port 33563] ERROR OMAudit - user=runner | ip=127.0.0.1 | op=GET_FILE_STATUS {volume=volume50176, bucket=bucket31866, key=level0/level2/level2/file1, dataSize=0, replicationConfig=null} | ret=FAILURE
org.apache.hadoop.ozone.om.exceptions.OMException: Unable to get file status: volume: volume50176 bucket: bucket31866 key: level0/level2/level2/file1
	at org.apache.hadoop.ozone.om.KeyManagerImpl.getOzoneFileStatus(KeyManagerImpl.java:1311) ~[ozone-manager-1.3.0-SNAPSHOT.jar:?]
	at org.apache.hadoop.ozone.om.KeyManagerImpl.getFileStatus(KeyManagerImpl.java:1241) ~[ozone-manager-1.3.0-SNAPSHOT.jar:?]
	at org.apache.hadoop.ozone.om.OzoneManager.getFileStatus(OzoneManager.java:3419) ~[ozone-manager-1.3.0-SNAPSHOT.jar:?]
	at org.apache.hadoop.ozone.protocolPB.OzoneManagerRequestHandler.getOzoneFileStatus(OzoneManagerRequestHandler.java:871) ~[ozone-manager-1.3.0-SNAPSHOT.jar:?]
	at org.apache.hadoop.ozone.protocolPB.OzoneManagerRequestHandler.handleReadRequest(OzoneManagerRequestHandler.java:217) ~[ozone-manager-1.3.0-SNAPSHOT.jar:?]
	at org.apache.hadoop.ozone.protocolPB.OzoneManagerProtocolServerSideTranslatorPB.submitRequestDirectlyToOM(OzoneManagerProtocolServerSideTranslatorPB.java:276) ~[ozone-manager-1.3.0-SNAPSHOT.jar:?]
	at org.apache.hadoop.ozone.protocolPB.OzoneManagerProtocolServerSideTranslatorPB.processRequest(OzoneManagerProtocolServerSideTranslatorPB.java:205) ~[ozone-manager-1.3.0-SNAPSHOT.jar:?]
	at org.apache.hadoop.hdds.server.OzoneProtocolMessageDispatcher.processRequest(OzoneProtocolMessageDispatcher.java:87) [hdds-server-framework-1.3.0-SNAPSHOT.jar:?]
	at org.apache.hadoop.ozone.protocolPB.OzoneManagerProtocolServerSideTranslatorPB.submitRequest(OzoneManagerProtocolServerSideTranslatorPB.java:147) [ozone-manager-1.3.0-SNAPSHOT.jar:?]
	at org.apache.hadoop.ozone.protocol.proto.OzoneManagerProtocolProtos$OzoneManagerService$2.callBlockingMethod(OzoneManagerProtocolProtos.java) [ozone-interface-client-1.3.0-SNAPSHOT.jar:?]
	at org.apache.hadoop.ipc.ProtobufRpcEngine$Server.processCall(ProtobufRpcEngine.java:466) [hadoop-common-3.3.1.jar:?]
	at org.apache.hadoop.ipc.ProtobufRpcEngine2$Server$ProtoBufRpcInvoker.call(ProtobufRpcEngine2.java:574) [hadoop-common-3.3.1.jar:?]
	at org.apache.hadoop.ipc.ProtobufRpcEngine2$Server$ProtoBufRpcInvoker.call(ProtobufRpcEngine2.java:552) [hadoop-common-3.3.1.jar:?]
	at org.apache.hadoop.ipc.RPC$Server.call(RPC.java:1093) [hadoop-common-3.3.1.jar:?]
	at org.apache.hadoop.ipc.Server$RpcCall.run(Server.java:1035) [hadoop-common-3.3.1.jar:?]
	at org.apache.hadoop.ipc.Server$RpcCall.run(Server.java:963) [hadoop-common-3.3.1.jar:?]
	at java.security.AccessController.doPrivileged(Native Method) ~[?:1.8.0_332]
	at javax.security.auth.Subject.doAs(Subject.java:422) [?:1.8.0_332]
	at org.apache.hadoop.security.UserGroupInformation.doAs(UserGroupInformation.java:1878) [hadoop-common-3.3.1.jar:?]
	at org.apache.hadoop.ipc.Server$Handler.run(Server.java:2966) [hadoop-common-3.3.1.jar:?]
23:50:47.810 [IPC Server handler 12 on default port 33563] ERROR OMAudit - user=runner | ip=127.0.0.1 | op=GET_FILE_STATUS {volume=volume50176, bucket=bucket31866, key=level0/level3, dataSize=0, replicationConfig=null} | ret=FAILURE
org.apache.hadoop.ozone.om.exceptions.OMException: Unable to get file status: volume: volume50176 bucket: bucket31866 key: level0/level3
	at org.apache.hadoop.ozone.om.KeyManagerImpl.getOzoneFileStatus(KeyManagerImpl.java:1311) ~[ozone-manager-1.3.0-SNAPSHOT.jar:?]
	at org.apache.hadoop.ozone.om.KeyManagerImpl.getFileStatus(KeyManagerImpl.java:1241) ~[ozone-manager-1.3.0-SNAPSHOT.jar:?]
	at org.apache.hadoop.ozone.om.OzoneManager.getFileStatus(OzoneManager.java:3419) ~[ozone-manager-1.3.0-SNAPSHOT.jar:?]
	at org.apache.hadoop.ozone.protocolPB.OzoneManagerRequestHandler.getOzoneFileStatus(OzoneManagerRequestHandler.java:871) ~[ozone-manager-1.3.0-SNAPSHOT.jar:?]
	at org.apache.hadoop.ozone.protocolPB.OzoneManagerRequestHandler.handleReadRequest(OzoneManagerRequestHandler.java:217) ~[ozone-manager-1.3.0-SNAPSHOT.jar:?]
	at org.apache.hadoop.ozone.protocolPB.OzoneManagerProtocolServerSideTranslatorPB.submitRequestDirectlyToOM(OzoneManagerProtocolServerSideTranslatorPB.java:276) ~[ozone-manager-1.3.0-SNAPSHOT.jar:?]
	at org.apache.hadoop.ozone.protocolPB.OzoneManagerProtocolServerSideTranslatorPB.processRequest(OzoneManagerProtocolServerSideTranslatorPB.java:205) ~[ozone-manager-1.3.0-SNAPSHOT.jar:?]
	at org.apache.hadoop.hdds.server.OzoneProtocolMessageDispatcher.processRequest(OzoneProtocolMessageDispatcher.java:87) [hdds-server-framework-1.3.0-SNAPSHOT.jar:?]
	at org.apache.hadoop.ozone.protocolPB.OzoneManagerProtocolServerSideTranslatorPB.submitRequest(OzoneManagerProtocolServerSideTranslatorPB.java:147) [ozone-manager-1.3.0-SNAPSHOT.jar:?]
	at org.apache.hadoop.ozone.protocol.proto.OzoneManagerProtocolProtos$OzoneManagerService$2.callBlockingMethod(OzoneManagerProtocolProtos.java) [ozone-interface-client-1.3.0-SNAPSHOT.jar:?]
	at org.apache.hadoop.ipc.ProtobufRpcEngine$Server.processCall(ProtobufRpcEngine.java:466) [hadoop-common-3.3.1.jar:?]
	at org.apache.hadoop.ipc.ProtobufRpcEngine2$Server$ProtoBufRpcInvoker.call(ProtobufRpcEngine2.java:574) [hadoop-common-3.3.1.jar:?]
	at org.apache.hadoop.ipc.ProtobufRpcEngine2$Server$ProtoBufRpcInvoker.call(ProtobufRpcEngine2.java:552) [hadoop-common-3.3.1.jar:?]
	at org.apache.hadoop.ipc.RPC$Server.call(RPC.java:1093) [hadoop-common-3.3.1.jar:?]
	at org.apache.hadoop.ipc.Server$RpcCall.run(Server.java:1035) [hadoop-common-3.3.1.jar:?]
	at org.apache.hadoop.ipc.Server$RpcCall.run(Server.java:963) [hadoop-common-3.3.1.jar:?]
	at java.security.AccessController.doPrivileged(Native Method) ~[?:1.8.0_332]
	at javax.security.auth.Subject.doAs(Subject.java:422) [?:1.8.0_332]
	at org.apache.hadoop.security.UserGroupInformation.doAs(UserGroupInformation.java:1878) [hadoop-common-3.3.1.jar:?]
	at org.apache.hadoop.ipc.Server$Handler.run(Server.java:2966) [hadoop-common-3.3.1.jar:?]
23:50:47.814 [IPC Server handler 16 on default port 33563] ERROR OMAudit - user=runner | ip=127.0.0.1 | op=GET_FILE_STATUS {volume=volume50176, bucket=bucket31866, key=level0/level3/level3, dataSize=0, replicationConfig=null} | ret=FAILURE
org.apache.hadoop.ozone.om.exceptions.OMException: Unable to get file status: volume: volume50176 bucket: bucket31866 key: level0/level3/level3
	at org.apache.hadoop.ozone.om.KeyManagerImpl.getOzoneFileStatus(KeyManagerImpl.java:1311) ~[ozone-manager-1.3.0-SNAPSHOT.jar:?]
	at org.apache.hadoop.ozone.om.KeyManagerImpl.getFileStatus(KeyManagerImpl.java:1241) ~[ozone-manager-1.3.0-SNAPSHOT.jar:?]
	at org.apache.hadoop.ozone.om.OzoneManager.getFileStatus(OzoneManager.java:3419) ~[ozone-manager-1.3.0-SNAPSHOT.jar:?]
	at org.apache.hadoop.ozone.protocolPB.OzoneManagerRequestHandler.getOzoneFileStatus(OzoneManagerRequestHandler.java:871) ~[ozone-manager-1.3.0-SNAPSHOT.jar:?]
	at org.apache.hadoop.ozone.protocolPB.OzoneManagerRequestHandler.handleReadRequest(OzoneManagerRequestHandler.java:217) ~[ozone-manager-1.3.0-SNAPSHOT.jar:?]
	at org.apache.hadoop.ozone.protocolPB.OzoneManagerProtocolServerSideTranslatorPB.submitRequestDirectlyToOM(OzoneManagerProtocolServerSideTranslatorPB.java:276) ~[ozone-manager-1.3.0-SNAPSHOT.jar:?]
	at org.apache.hadoop.ozone.protocolPB.OzoneManagerProtocolServerSideTranslatorPB.processRequest(OzoneManagerProtocolServerSideTranslatorPB.java:205) ~[ozone-manager-1.3.0-SNAPSHOT.jar:?]
	at org.apache.hadoop.hdds.server.OzoneProtocolMessageDispatcher.processRequest(OzoneProtocolMessageDispatcher.java:87) [hdds-server-framework-1.3.0-SNAPSHOT.jar:?]
	at org.apache.hadoop.ozone.protocolPB.OzoneManagerProtocolServerSideTranslatorPB.submitRequest(OzoneManagerProtocolServerSideTranslatorPB.java:147) [ozone-manager-1.3.0-SNAPSHOT.jar:?]
	at org.apache.hadoop.ozone.protocol.proto.OzoneManagerProtocolProtos$OzoneManagerService$2.callBlockingMethod(OzoneManagerProtocolProtos.java) [ozone-interface-client-1.3.0-SNAPSHOT.jar:?]
	at org.apache.hadoop.ipc.ProtobufRpcEngine$Server.processCall(ProtobufRpcEngine.java:466) [hadoop-common-3.3.1.jar:?]
	at org.apache.hadoop.ipc.ProtobufRpcEngine2$Server$ProtoBufRpcInvoker.call(ProtobufRpcEngine2.java:574) [hadoop-common-3.3.1.jar:?]
	at org.apache.hadoop.ipc.ProtobufRpcEngine2$Server$ProtoBufRpcInvoker.call(ProtobufRpcEngine2.java:552) [hadoop-common-3.3.1.jar:?]
	at org.apache.hadoop.ipc.RPC$Server.call(RPC.java:1093) [hadoop-common-3.3.1.jar:?]
	at org.apache.hadoop.ipc.Server$RpcCall.run(Server.java:1035) [hadoop-common-3.3.1.jar:?]
	at org.apache.hadoop.ipc.Server$RpcCall.run(Server.java:963) [hadoop-common-3.3.1.jar:?]
	at java.security.AccessController.doPrivileged(Native Method) ~[?:1.8.0_332]
	at javax.security.auth.Subject.doAs(Subject.java:422) [?:1.8.0_332]
	at org.apache.hadoop.security.UserGroupInformation.doAs(UserGroupInformation.java:1878) [hadoop-common-3.3.1.jar:?]
	at org.apache.hadoop.ipc.Server$Handler.run(Server.java:2966) [hadoop-common-3.3.1.jar:?]
23:50:47.815 [IPC Server handler 7 on default port 33563] ERROR OMAudit - user=runner | ip=127.0.0.1 | op=GET_FILE_STATUS {volume=volume50176, bucket=bucket31866, key=level0/level3/file1, dataSize=0, replicationConfig=null} | ret=FAILURE
org.apache.hadoop.ozone.om.exceptions.OMException: Unable to get file status: volume: volume50176 bucket: bucket31866 key: level0/level3/file1
	at org.apache.hadoop.ozone.om.KeyManagerImpl.getOzoneFileStatus(KeyManagerImpl.java:1311) ~[ozone-manager-1.3.0-SNAPSHOT.jar:?]
	at org.apache.hadoop.ozone.om.KeyManagerImpl.getFileStatus(KeyManagerImpl.java:1241) ~[ozone-manager-1.3.0-SNAPSHOT.jar:?]
	at org.apache.hadoop.ozone.om.OzoneManager.getFileStatus(OzoneManager.java:3419) ~[ozone-manager-1.3.0-SNAPSHOT.jar:?]
	at org.apache.hadoop.ozone.protocolPB.OzoneManagerRequestHandler.getOzoneFileStatus(OzoneManagerRequestHandler.java:871) ~[ozone-manager-1.3.0-SNAPSHOT.jar:?]
	at org.apache.hadoop.ozone.protocolPB.OzoneManagerRequestHandler.handleReadRequest(OzoneManagerRequestHandler.java:217) ~[ozone-manager-1.3.0-SNAPSHOT.jar:?]
	at org.apache.hadoop.ozone.protocolPB.OzoneManagerProtocolServerSideTranslatorPB.submitRequestDirectlyToOM(OzoneManagerProtocolServerSideTranslatorPB.java:276) ~[ozone-manager-1.3.0-SNAPSHOT.jar:?]
	at org.apache.hadoop.ozone.protocolPB.OzoneManagerProtocolServerSideTranslatorPB.processRequest(OzoneManagerProtocolServerSideTranslatorPB.java:205) ~[ozone-manager-1.3.0-SNAPSHOT.jar:?]
	at org.apache.hadoop.hdds.server.OzoneProtocolMessageDispatcher.processRequest(OzoneProtocolMessageDispatcher.java:87) [hdds-server-framework-1.3.0-SNAPSHOT.jar:?]
	at org.apache.hadoop.ozone.protocolPB.OzoneManagerProtocolServerSideTranslatorPB.submitRequest(OzoneManagerProtocolServerSideTranslatorPB.java:147) [ozone-manager-1.3.0-SNAPSHOT.jar:?]
	at org.apache.hadoop.ozone.protocol.proto.OzoneManagerProtocolProtos$OzoneManagerService$2.callBlockingMethod(OzoneManagerProtocolProtos.java) [ozone-interface-client-1.3.0-SNAPSHOT.jar:?]
	at org.apache.hadoop.ipc.ProtobufRpcEngine$Server.processCall(ProtobufRpcEngine.java:466) [hadoop-common-3.3.1.jar:?]
	at org.apache.hadoop.ipc.ProtobufRpcEngine2$Server$ProtoBufRpcInvoker.call(ProtobufRpcEngine2.java:574) [hadoop-common-3.3.1.jar:?]
	at org.apache.hadoop.ipc.ProtobufRpcEngine2$Server$ProtoBufRpcInvoker.call(ProtobufRpcEngine2.java:552) [hadoop-common-3.3.1.jar:?]
	at org.apache.hadoop.ipc.RPC$Server.call(RPC.java:1093) [hadoop-common-3.3.1.jar:?]
	at org.apache.hadoop.ipc.Server$RpcCall.run(Server.java:1035) [hadoop-common-3.3.1.jar:?]
	at org.apache.hadoop.ipc.Server$RpcCall.run(Server.java:963) [hadoop-common-3.3.1.jar:?]
	at java.security.AccessController.doPrivileged(Native Method) ~[?:1.8.0_332]
	at javax.security.auth.Subject.doAs(Subject.java:422) [?:1.8.0_332]
	at org.apache.hadoop.security.UserGroupInformation.doAs(UserGroupInformation.java:1878) [hadoop-common-3.3.1.jar:?]
	at org.apache.hadoop.ipc.Server$Handler.run(Server.java:2966) [hadoop-common-3.3.1.jar:?]
23:50:47.819 [IPC Server handler 17 on default port 33563] ERROR OMAudit - user=runner | ip=127.0.0.1 | op=GET_FILE_STATUS {volume=volume50176, bucket=bucket31866, key=level0/level3/level3/file1, dataSize=0, replicationConfig=null} | ret=FAILURE
org.apache.hadoop.ozone.om.exceptions.OMException: Unable to get file status: volume: volume50176 bucket: bucket31866 key: level0/level3/level3/file1
	at org.apache.hadoop.ozone.om.KeyManagerImpl.getOzoneFileStatus(KeyManagerImpl.java:1311) ~[ozone-manager-1.3.0-SNAPSHOT.jar:?]
	at org.apache.hadoop.ozone.om.KeyManagerImpl.getFileStatus(KeyManagerImpl.java:1241) ~[ozone-manager-1.3.0-SNAPSHOT.jar:?]
	at org.apache.hadoop.ozone.om.OzoneManager.getFileStatus(OzoneManager.java:3419) ~[ozone-manager-1.3.0-SNAPSHOT.jar:?]
	at org.apache.hadoop.ozone.protocolPB.OzoneManagerRequestHandler.getOzoneFileStatus(OzoneManagerRequestHandler.java:871) ~[ozone-manager-1.3.0-SNAPSHOT.jar:?]
	at org.apache.hadoop.ozone.protocolPB.OzoneManagerRequestHandler.handleReadRequest(OzoneManagerRequestHandler.java:217) ~[ozone-manager-1.3.0-SNAPSHOT.jar:?]
	at org.apache.hadoop.ozone.protocolPB.OzoneManagerProtocolServerSideTranslatorPB.submitRequestDirectlyToOM(OzoneManagerProtocolServerSideTranslatorPB.java:276) ~[ozone-manager-1.3.0-SNAPSHOT.jar:?]
	at org.apache.hadoop.ozone.protocolPB.OzoneManagerProtocolServerSideTranslatorPB.processRequest(OzoneManagerProtocolServerSideTranslatorPB.java:205) ~[ozone-manager-1.3.0-SNAPSHOT.jar:?]
	at org.apache.hadoop.hdds.server.OzoneProtocolMessageDispatcher.processRequest(OzoneProtocolMessageDispatcher.java:87) [hdds-server-framework-1.3.0-SNAPSHOT.jar:?]
	at org.apache.hadoop.ozone.protocolPB.OzoneManagerProtocolServerSideTranslatorPB.submitRequest(OzoneManagerProtocolServerSideTranslatorPB.java:147) [ozone-manager-1.3.0-SNAPSHOT.jar:?]
	at org.apache.hadoop.ozone.protocol.proto.OzoneManagerProtocolProtos$OzoneManagerService$2.callBlockingMethod(OzoneManagerProtocolProtos.java) [ozone-interface-client-1.3.0-SNAPSHOT.jar:?]
	at org.apache.hadoop.ipc.ProtobufRpcEngine$Server.processCall(ProtobufRpcEngine.java:466) [hadoop-common-3.3.1.jar:?]
	at org.apache.hadoop.ipc.ProtobufRpcEngine2$Server$ProtoBufRpcInvoker.call(ProtobufRpcEngine2.java:574) [hadoop-common-3.3.1.jar:?]
	at org.apache.hadoop.ipc.ProtobufRpcEngine2$Server$ProtoBufRpcInvoker.call(ProtobufRpcEngine2.java:552) [hadoop-common-3.3.1.jar:?]
	at org.apache.hadoop.ipc.RPC$Server.call(RPC.java:1093) [hadoop-common-3.3.1.jar:?]
	at org.apache.hadoop.ipc.Server$RpcCall.run(Server.java:1035) [hadoop-common-3.3.1.jar:?]
	at org.apache.hadoop.ipc.Server$RpcCall.run(Server.java:963) [hadoop-common-3.3.1.jar:?]
	at java.security.AccessController.doPrivileged(Native Method) ~[?:1.8.0_332]
	at javax.security.auth.Subject.doAs(Subject.java:422) [?:1.8.0_332]
	at org.apache.hadoop.security.UserGroupInformation.doAs(UserGroupInformation.java:1878) [hadoop-common-3.3.1.jar:?]
	at org.apache.hadoop.ipc.Server$Handler.run(Server.java:2966) [hadoop-common-3.3.1.jar:?]
]]></system-out>
  </testcase>
  <testcase name="testGetTrashRoots" classname="TestOzoneFileSystem" time="0.059">
    <system-out><![CDATA[23:45:25.604 [IPC Server handler 18 on default port 44795] ERROR OMAudit - user=runner | ip=127.0.0.1 | op=GET_FILE_STATUS {volume=volume84730, bucket=bucket91502, key=.Trash/runner, dataSize=0, replicationConfig=null} | ret=FAILURE
org.apache.hadoop.ozone.om.exceptions.OMException: Unable to get file status: volume: volume84730 bucket: bucket91502 key: .Trash/runner
	at org.apache.hadoop.ozone.om.KeyManagerImpl.getOzoneFileStatus(KeyManagerImpl.java:1311) ~[ozone-manager-1.3.0-SNAPSHOT.jar:?]
	at org.apache.hadoop.ozone.om.KeyManagerImpl.getFileStatus(KeyManagerImpl.java:1241) ~[ozone-manager-1.3.0-SNAPSHOT.jar:?]
	at org.apache.hadoop.ozone.om.OzoneManager.getFileStatus(OzoneManager.java:3419) ~[ozone-manager-1.3.0-SNAPSHOT.jar:?]
	at org.apache.hadoop.ozone.protocolPB.OzoneManagerRequestHandler.getOzoneFileStatus(OzoneManagerRequestHandler.java:871) ~[ozone-manager-1.3.0-SNAPSHOT.jar:?]
	at org.apache.hadoop.ozone.protocolPB.OzoneManagerRequestHandler.handleReadRequest(OzoneManagerRequestHandler.java:217) ~[ozone-manager-1.3.0-SNAPSHOT.jar:?]
	at org.apache.hadoop.ozone.protocolPB.OzoneManagerProtocolServerSideTranslatorPB.submitReadRequestToOM(OzoneManagerProtocolServerSideTranslatorPB.java:226) ~[ozone-manager-1.3.0-SNAPSHOT.jar:?]
	at org.apache.hadoop.ozone.protocolPB.OzoneManagerProtocolServerSideTranslatorPB.processRequest(OzoneManagerProtocolServerSideTranslatorPB.java:175) ~[ozone-manager-1.3.0-SNAPSHOT.jar:?]
	at org.apache.hadoop.hdds.server.OzoneProtocolMessageDispatcher.processRequest(OzoneProtocolMessageDispatcher.java:87) [hdds-server-framework-1.3.0-SNAPSHOT.jar:?]
	at org.apache.hadoop.ozone.protocolPB.OzoneManagerProtocolServerSideTranslatorPB.submitRequest(OzoneManagerProtocolServerSideTranslatorPB.java:147) [ozone-manager-1.3.0-SNAPSHOT.jar:?]
	at org.apache.hadoop.ozone.protocol.proto.OzoneManagerProtocolProtos$OzoneManagerService$2.callBlockingMethod(OzoneManagerProtocolProtos.java) [ozone-interface-client-1.3.0-SNAPSHOT.jar:?]
	at org.apache.hadoop.ipc.ProtobufRpcEngine$Server.processCall(ProtobufRpcEngine.java:466) [hadoop-common-3.3.1.jar:?]
	at org.apache.hadoop.ipc.ProtobufRpcEngine2$Server$ProtoBufRpcInvoker.call(ProtobufRpcEngine2.java:574) [hadoop-common-3.3.1.jar:?]
	at org.apache.hadoop.ipc.ProtobufRpcEngine2$Server$ProtoBufRpcInvoker.call(ProtobufRpcEngine2.java:552) [hadoop-common-3.3.1.jar:?]
	at org.apache.hadoop.ipc.RPC$Server.call(RPC.java:1093) [hadoop-common-3.3.1.jar:?]
	at org.apache.hadoop.ipc.Server$RpcCall.run(Server.java:1035) [hadoop-common-3.3.1.jar:?]
	at org.apache.hadoop.ipc.Server$RpcCall.run(Server.java:963) [hadoop-common-3.3.1.jar:?]
	at java.security.AccessController.doPrivileged(Native Method) ~[?:1.8.0_332]
	at javax.security.auth.Subject.doAs(Subject.java:422) [?:1.8.0_332]
	at org.apache.hadoop.security.UserGroupInformation.doAs(UserGroupInformation.java:1878) [hadoop-common-3.3.1.jar:?]
	at org.apache.hadoop.ipc.Server$Handler.run(Server.java:2966) [hadoop-common-3.3.1.jar:?]
]]></system-out>
  </testcase>
  <testcase name="testGetTrashRoots" classname="TestOzoneFileSystem" time="0.034">
    <system-out><![CDATA[23:46:32.432 [IPC Server handler 17 on default port 34097] ERROR OMAudit - user=runner | ip=127.0.0.1 | op=GET_FILE_STATUS {volume=volume05206, bucket=bucket45514, key=.Trash/runner, dataSize=0, replicationConfig=null} | ret=FAILURE
org.apache.hadoop.ozone.om.exceptions.OMException: Unable to get file status: volume: volume05206 bucket: bucket45514 key: .Trash/runner
	at org.apache.hadoop.ozone.om.KeyManagerImpl.getOzoneFileStatus(KeyManagerImpl.java:1311) ~[ozone-manager-1.3.0-SNAPSHOT.jar:?]
	at org.apache.hadoop.ozone.om.KeyManagerImpl.getFileStatus(KeyManagerImpl.java:1241) ~[ozone-manager-1.3.0-SNAPSHOT.jar:?]
	at org.apache.hadoop.ozone.om.OzoneManager.getFileStatus(OzoneManager.java:3419) ~[ozone-manager-1.3.0-SNAPSHOT.jar:?]
	at org.apache.hadoop.ozone.protocolPB.OzoneManagerRequestHandler.getOzoneFileStatus(OzoneManagerRequestHandler.java:871) ~[ozone-manager-1.3.0-SNAPSHOT.jar:?]
	at org.apache.hadoop.ozone.protocolPB.OzoneManagerRequestHandler.handleReadRequest(OzoneManagerRequestHandler.java:217) ~[ozone-manager-1.3.0-SNAPSHOT.jar:?]
	at org.apache.hadoop.ozone.protocolPB.OzoneManagerProtocolServerSideTranslatorPB.submitRequestDirectlyToOM(OzoneManagerProtocolServerSideTranslatorPB.java:276) ~[ozone-manager-1.3.0-SNAPSHOT.jar:?]
	at org.apache.hadoop.ozone.protocolPB.OzoneManagerProtocolServerSideTranslatorPB.processRequest(OzoneManagerProtocolServerSideTranslatorPB.java:205) ~[ozone-manager-1.3.0-SNAPSHOT.jar:?]
	at org.apache.hadoop.hdds.server.OzoneProtocolMessageDispatcher.processRequest(OzoneProtocolMessageDispatcher.java:87) [hdds-server-framework-1.3.0-SNAPSHOT.jar:?]
	at org.apache.hadoop.ozone.protocolPB.OzoneManagerProtocolServerSideTranslatorPB.submitRequest(OzoneManagerProtocolServerSideTranslatorPB.java:147) [ozone-manager-1.3.0-SNAPSHOT.jar:?]
	at org.apache.hadoop.ozone.protocol.proto.OzoneManagerProtocolProtos$OzoneManagerService$2.callBlockingMethod(OzoneManagerProtocolProtos.java) [ozone-interface-client-1.3.0-SNAPSHOT.jar:?]
	at org.apache.hadoop.ipc.ProtobufRpcEngine$Server.processCall(ProtobufRpcEngine.java:466) [hadoop-common-3.3.1.jar:?]
	at org.apache.hadoop.ipc.ProtobufRpcEngine2$Server$ProtoBufRpcInvoker.call(ProtobufRpcEngine2.java:574) [hadoop-common-3.3.1.jar:?]
	at org.apache.hadoop.ipc.ProtobufRpcEngine2$Server$ProtoBufRpcInvoker.call(ProtobufRpcEngine2.java:552) [hadoop-common-3.3.1.jar:?]
	at org.apache.hadoop.ipc.RPC$Server.call(RPC.java:1093) [hadoop-common-3.3.1.jar:?]
	at org.apache.hadoop.ipc.Server$RpcCall.run(Server.java:1035) [hadoop-common-3.3.1.jar:?]
	at org.apache.hadoop.ipc.Server$RpcCall.run(Server.java:963) [hadoop-common-3.3.1.jar:?]
	at java.security.AccessController.doPrivileged(Native Method) ~[?:1.8.0_332]
	at javax.security.auth.Subject.doAs(Subject.java:422) [?:1.8.0_332]
	at org.apache.hadoop.security.UserGroupInformation.doAs(UserGroupInformation.java:1878) [hadoop-common-3.3.1.jar:?]
	at org.apache.hadoop.ipc.Server$Handler.run(Server.java:2966) [hadoop-common-3.3.1.jar:?]
]]></system-out>
  </testcase>
  <testcase name="testGetTrashRoots" classname="TestOzoneFileSystem" time="0.051">
    <system-out><![CDATA[23:49:34.558 [IPC Server handler 1 on default port 33165] ERROR OMAudit - user=runner | ip=127.0.0.1 | op=GET_FILE_STATUS {volume=volume99794, bucket=bucket10019, key=.Trash/runner, dataSize=0, replicationConfig=null} | ret=FAILURE
org.apache.hadoop.ozone.om.exceptions.OMException: Unable to get file status: volume: volume99794 bucket: bucket10019 key: .Trash/runner
	at org.apache.hadoop.ozone.om.KeyManagerImpl.getOzoneFileStatus(KeyManagerImpl.java:1311) ~[ozone-manager-1.3.0-SNAPSHOT.jar:?]
	at org.apache.hadoop.ozone.om.KeyManagerImpl.getFileStatus(KeyManagerImpl.java:1241) ~[ozone-manager-1.3.0-SNAPSHOT.jar:?]
	at org.apache.hadoop.ozone.om.OzoneManager.getFileStatus(OzoneManager.java:3419) ~[ozone-manager-1.3.0-SNAPSHOT.jar:?]
	at org.apache.hadoop.ozone.protocolPB.OzoneManagerRequestHandler.getOzoneFileStatus(OzoneManagerRequestHandler.java:871) ~[ozone-manager-1.3.0-SNAPSHOT.jar:?]
	at org.apache.hadoop.ozone.protocolPB.OzoneManagerRequestHandler.handleReadRequest(OzoneManagerRequestHandler.java:217) ~[ozone-manager-1.3.0-SNAPSHOT.jar:?]
	at org.apache.hadoop.ozone.protocolPB.OzoneManagerProtocolServerSideTranslatorPB.submitReadRequestToOM(OzoneManagerProtocolServerSideTranslatorPB.java:226) ~[ozone-manager-1.3.0-SNAPSHOT.jar:?]
	at org.apache.hadoop.ozone.protocolPB.OzoneManagerProtocolServerSideTranslatorPB.processRequest(OzoneManagerProtocolServerSideTranslatorPB.java:175) ~[ozone-manager-1.3.0-SNAPSHOT.jar:?]
	at org.apache.hadoop.hdds.server.OzoneProtocolMessageDispatcher.processRequest(OzoneProtocolMessageDispatcher.java:87) [hdds-server-framework-1.3.0-SNAPSHOT.jar:?]
	at org.apache.hadoop.ozone.protocolPB.OzoneManagerProtocolServerSideTranslatorPB.submitRequest(OzoneManagerProtocolServerSideTranslatorPB.java:147) [ozone-manager-1.3.0-SNAPSHOT.jar:?]
	at org.apache.hadoop.ozone.protocol.proto.OzoneManagerProtocolProtos$OzoneManagerService$2.callBlockingMethod(OzoneManagerProtocolProtos.java) [ozone-interface-client-1.3.0-SNAPSHOT.jar:?]
	at org.apache.hadoop.ipc.ProtobufRpcEngine$Server.processCall(ProtobufRpcEngine.java:466) [hadoop-common-3.3.1.jar:?]
	at org.apache.hadoop.ipc.ProtobufRpcEngine2$Server$ProtoBufRpcInvoker.call(ProtobufRpcEngine2.java:574) [hadoop-common-3.3.1.jar:?]
	at org.apache.hadoop.ipc.ProtobufRpcEngine2$Server$ProtoBufRpcInvoker.call(ProtobufRpcEngine2.java:552) [hadoop-common-3.3.1.jar:?]
	at org.apache.hadoop.ipc.RPC$Server.call(RPC.java:1093) [hadoop-common-3.3.1.jar:?]
	at org.apache.hadoop.ipc.Server$RpcCall.run(Server.java:1035) [hadoop-common-3.3.1.jar:?]
	at org.apache.hadoop.ipc.Server$RpcCall.run(Server.java:963) [hadoop-common-3.3.1.jar:?]
	at java.security.AccessController.doPrivileged(Native Method) ~[?:1.8.0_332]
	at javax.security.auth.Subject.doAs(Subject.java:422) [?:1.8.0_332]
	at org.apache.hadoop.security.UserGroupInformation.doAs(UserGroupInformation.java:1878) [hadoop-common-3.3.1.jar:?]
	at org.apache.hadoop.ipc.Server$Handler.run(Server.java:2966) [hadoop-common-3.3.1.jar:?]
]]></system-out>
  </testcase>
  <testcase name="testGetTrashRoots" classname="TestOzoneFileSystem" time="0.057">
    <system-out><![CDATA[23:50:47.826 [IPC Server handler 19 on default port 33563] ERROR OMAudit - user=runner | ip=127.0.0.1 | op=GET_FILE_STATUS {volume=volume50176, bucket=bucket31866, key=.Trash/runner, dataSize=0, replicationConfig=null} | ret=FAILURE
org.apache.hadoop.ozone.om.exceptions.OMException: Unable to get file status: volume: volume50176 bucket: bucket31866 key: .Trash/runner
	at org.apache.hadoop.ozone.om.KeyManagerImpl.getOzoneFileStatus(KeyManagerImpl.java:1311) ~[ozone-manager-1.3.0-SNAPSHOT.jar:?]
	at org.apache.hadoop.ozone.om.KeyManagerImpl.getFileStatus(KeyManagerImpl.java:1241) ~[ozone-manager-1.3.0-SNAPSHOT.jar:?]
	at org.apache.hadoop.ozone.om.OzoneManager.getFileStatus(OzoneManager.java:3419) ~[ozone-manager-1.3.0-SNAPSHOT.jar:?]
	at org.apache.hadoop.ozone.protocolPB.OzoneManagerRequestHandler.getOzoneFileStatus(OzoneManagerRequestHandler.java:871) ~[ozone-manager-1.3.0-SNAPSHOT.jar:?]
	at org.apache.hadoop.ozone.protocolPB.OzoneManagerRequestHandler.handleReadRequest(OzoneManagerRequestHandler.java:217) ~[ozone-manager-1.3.0-SNAPSHOT.jar:?]
	at org.apache.hadoop.ozone.protocolPB.OzoneManagerProtocolServerSideTranslatorPB.submitRequestDirectlyToOM(OzoneManagerProtocolServerSideTranslatorPB.java:276) ~[ozone-manager-1.3.0-SNAPSHOT.jar:?]
	at org.apache.hadoop.ozone.protocolPB.OzoneManagerProtocolServerSideTranslatorPB.processRequest(OzoneManagerProtocolServerSideTranslatorPB.java:205) ~[ozone-manager-1.3.0-SNAPSHOT.jar:?]
	at org.apache.hadoop.hdds.server.OzoneProtocolMessageDispatcher.processRequest(OzoneProtocolMessageDispatcher.java:87) [hdds-server-framework-1.3.0-SNAPSHOT.jar:?]
	at org.apache.hadoop.ozone.protocolPB.OzoneManagerProtocolServerSideTranslatorPB.submitRequest(OzoneManagerProtocolServerSideTranslatorPB.java:147) [ozone-manager-1.3.0-SNAPSHOT.jar:?]
	at org.apache.hadoop.ozone.protocol.proto.OzoneManagerProtocolProtos$OzoneManagerService$2.callBlockingMethod(OzoneManagerProtocolProtos.java) [ozone-interface-client-1.3.0-SNAPSHOT.jar:?]
	at org.apache.hadoop.ipc.ProtobufRpcEngine$Server.processCall(ProtobufRpcEngine.java:466) [hadoop-common-3.3.1.jar:?]
	at org.apache.hadoop.ipc.ProtobufRpcEngine2$Server$ProtoBufRpcInvoker.call(ProtobufRpcEngine2.java:574) [hadoop-common-3.3.1.jar:?]
	at org.apache.hadoop.ipc.ProtobufRpcEngine2$Server$ProtoBufRpcInvoker.call(ProtobufRpcEngine2.java:552) [hadoop-common-3.3.1.jar:?]
	at org.apache.hadoop.ipc.RPC$Server.call(RPC.java:1093) [hadoop-common-3.3.1.jar:?]
	at org.apache.hadoop.ipc.Server$RpcCall.run(Server.java:1035) [hadoop-common-3.3.1.jar:?]
	at org.apache.hadoop.ipc.Server$RpcCall.run(Server.java:963) [hadoop-common-3.3.1.jar:?]
	at java.security.AccessController.doPrivileged(Native Method) ~[?:1.8.0_332]
	at javax.security.auth.Subject.doAs(Subject.java:422) [?:1.8.0_332]
	at org.apache.hadoop.security.UserGroupInformation.doAs(UserGroupInformation.java:1878) [hadoop-common-3.3.1.jar:?]
	at org.apache.hadoop.ipc.Server$Handler.run(Server.java:2966) [hadoop-common-3.3.1.jar:?]
]]></system-out>
  </testcase>
  <testcase name="testCreateDoesNotAddParentDirKeys" classname="TestOzoneFileSystem" time="0.083">
    <system-out><![CDATA[23:45:25.732 [IPC Server handler 8 on default port 44795] ERROR OMAudit - user=runner | ip=127.0.0.1 | op=READ_KEY {volume=volume84730, bucket=bucket91502, key=testCreateDoesNotAddParentDirKeys/parent/, dataSize=0, replicationConfig=null} | ret=FAILURE
org.apache.hadoop.ozone.om.exceptions.OMException: Key:testCreateDoesNotAddParentDirKeys/parent not found
	at org.apache.hadoop.ozone.om.KeyManagerImpl.lookupKey(KeyManagerImpl.java:399) ~[ozone-manager-1.3.0-SNAPSHOT.jar:?]
	at org.apache.hadoop.ozone.om.OzoneManager.lookupKey(OzoneManager.java:2817) ~[ozone-manager-1.3.0-SNAPSHOT.jar:?]
	at org.apache.hadoop.ozone.protocolPB.OzoneManagerRequestHandler.lookupKey(OzoneManagerRequestHandler.java:484) ~[ozone-manager-1.3.0-SNAPSHOT.jar:?]
	at org.apache.hadoop.ozone.protocolPB.OzoneManagerRequestHandler.handleReadRequest(OzoneManagerRequestHandler.java:182) ~[ozone-manager-1.3.0-SNAPSHOT.jar:?]
	at org.apache.hadoop.ozone.protocolPB.OzoneManagerProtocolServerSideTranslatorPB.submitReadRequestToOM(OzoneManagerProtocolServerSideTranslatorPB.java:226) ~[ozone-manager-1.3.0-SNAPSHOT.jar:?]
	at org.apache.hadoop.ozone.protocolPB.OzoneManagerProtocolServerSideTranslatorPB.processRequest(OzoneManagerProtocolServerSideTranslatorPB.java:175) ~[ozone-manager-1.3.0-SNAPSHOT.jar:?]
	at org.apache.hadoop.hdds.server.OzoneProtocolMessageDispatcher.processRequest(OzoneProtocolMessageDispatcher.java:87) [hdds-server-framework-1.3.0-SNAPSHOT.jar:?]
	at org.apache.hadoop.ozone.protocolPB.OzoneManagerProtocolServerSideTranslatorPB.submitRequest(OzoneManagerProtocolServerSideTranslatorPB.java:147) [ozone-manager-1.3.0-SNAPSHOT.jar:?]
	at org.apache.hadoop.ozone.protocol.proto.OzoneManagerProtocolProtos$OzoneManagerService$2.callBlockingMethod(OzoneManagerProtocolProtos.java) [ozone-interface-client-1.3.0-SNAPSHOT.jar:?]
	at org.apache.hadoop.ipc.ProtobufRpcEngine$Server.processCall(ProtobufRpcEngine.java:466) [hadoop-common-3.3.1.jar:?]
	at org.apache.hadoop.ipc.ProtobufRpcEngine2$Server$ProtoBufRpcInvoker.call(ProtobufRpcEngine2.java:574) [hadoop-common-3.3.1.jar:?]
	at org.apache.hadoop.ipc.ProtobufRpcEngine2$Server$ProtoBufRpcInvoker.call(ProtobufRpcEngine2.java:552) [hadoop-common-3.3.1.jar:?]
	at org.apache.hadoop.ipc.RPC$Server.call(RPC.java:1093) [hadoop-common-3.3.1.jar:?]
	at org.apache.hadoop.ipc.Server$RpcCall.run(Server.java:1035) [hadoop-common-3.3.1.jar:?]
	at org.apache.hadoop.ipc.Server$RpcCall.run(Server.java:963) [hadoop-common-3.3.1.jar:?]
	at java.security.AccessController.doPrivileged(Native Method) ~[?:1.8.0_332]
	at javax.security.auth.Subject.doAs(Subject.java:422) [?:1.8.0_332]
	at org.apache.hadoop.security.UserGroupInformation.doAs(UserGroupInformation.java:1878) [hadoop-common-3.3.1.jar:?]
	at org.apache.hadoop.ipc.Server$Handler.run(Server.java:2966) [hadoop-common-3.3.1.jar:?]
]]></system-out>
  </testcase>
  <testcase name="testCreateDoesNotAddParentDirKeys" classname="TestOzoneFileSystem" time="0.106">
    <system-out><![CDATA[23:46:32.556 [IPC Server handler 9 on default port 34097] ERROR OMAudit - user=runner | ip=127.0.0.1 | op=READ_KEY {volume=volume05206, bucket=bucket45514, key=testCreateDoesNotAddParentDirKeys/parent/, dataSize=0, replicationConfig=null} | ret=FAILURE
org.apache.hadoop.ozone.om.exceptions.OMException: Key:testCreateDoesNotAddParentDirKeys/parent not found
	at org.apache.hadoop.ozone.om.KeyManagerImpl.lookupKey(KeyManagerImpl.java:399) ~[ozone-manager-1.3.0-SNAPSHOT.jar:?]
	at org.apache.hadoop.ozone.om.OzoneManager.lookupKey(OzoneManager.java:2817) ~[ozone-manager-1.3.0-SNAPSHOT.jar:?]
	at org.apache.hadoop.ozone.protocolPB.OzoneManagerRequestHandler.lookupKey(OzoneManagerRequestHandler.java:484) ~[ozone-manager-1.3.0-SNAPSHOT.jar:?]
	at org.apache.hadoop.ozone.protocolPB.OzoneManagerRequestHandler.handleReadRequest(OzoneManagerRequestHandler.java:182) ~[ozone-manager-1.3.0-SNAPSHOT.jar:?]
	at org.apache.hadoop.ozone.protocolPB.OzoneManagerProtocolServerSideTranslatorPB.submitRequestDirectlyToOM(OzoneManagerProtocolServerSideTranslatorPB.java:276) ~[ozone-manager-1.3.0-SNAPSHOT.jar:?]
	at org.apache.hadoop.ozone.protocolPB.OzoneManagerProtocolServerSideTranslatorPB.processRequest(OzoneManagerProtocolServerSideTranslatorPB.java:205) ~[ozone-manager-1.3.0-SNAPSHOT.jar:?]
	at org.apache.hadoop.hdds.server.OzoneProtocolMessageDispatcher.processRequest(OzoneProtocolMessageDispatcher.java:87) [hdds-server-framework-1.3.0-SNAPSHOT.jar:?]
	at org.apache.hadoop.ozone.protocolPB.OzoneManagerProtocolServerSideTranslatorPB.submitRequest(OzoneManagerProtocolServerSideTranslatorPB.java:147) [ozone-manager-1.3.0-SNAPSHOT.jar:?]
	at org.apache.hadoop.ozone.protocol.proto.OzoneManagerProtocolProtos$OzoneManagerService$2.callBlockingMethod(OzoneManagerProtocolProtos.java) [ozone-interface-client-1.3.0-SNAPSHOT.jar:?]
	at org.apache.hadoop.ipc.ProtobufRpcEngine$Server.processCall(ProtobufRpcEngine.java:466) [hadoop-common-3.3.1.jar:?]
	at org.apache.hadoop.ipc.ProtobufRpcEngine2$Server$ProtoBufRpcInvoker.call(ProtobufRpcEngine2.java:574) [hadoop-common-3.3.1.jar:?]
	at org.apache.hadoop.ipc.ProtobufRpcEngine2$Server$ProtoBufRpcInvoker.call(ProtobufRpcEngine2.java:552) [hadoop-common-3.3.1.jar:?]
	at org.apache.hadoop.ipc.RPC$Server.call(RPC.java:1093) [hadoop-common-3.3.1.jar:?]
	at org.apache.hadoop.ipc.Server$RpcCall.run(Server.java:1035) [hadoop-common-3.3.1.jar:?]
	at org.apache.hadoop.ipc.Server$RpcCall.run(Server.java:963) [hadoop-common-3.3.1.jar:?]
	at java.security.AccessController.doPrivileged(Native Method) ~[?:1.8.0_332]
	at javax.security.auth.Subject.doAs(Subject.java:422) [?:1.8.0_332]
	at org.apache.hadoop.security.UserGroupInformation.doAs(UserGroupInformation.java:1878) [hadoop-common-3.3.1.jar:?]
	at org.apache.hadoop.ipc.Server$Handler.run(Server.java:2966) [hadoop-common-3.3.1.jar:?]
]]></system-out>
  </testcase>
  <testcase name="testCreateDoesNotAddParentDirKeys" classname="TestOzoneFileSystem" time="0.098"/>
  <testcase name="testCreateDoesNotAddParentDirKeys" classname="TestOzoneFileSystem" time="0.213"/>
  <testcase name="testDeleteCreatesFakeParentDir" classname="TestOzoneFileSystem" time="0.041">
    <system-out><![CDATA[23:45:25.770 [IPC Server handler 15 on default port 44795] ERROR OMAudit - user=runner | ip=127.0.0.1 | op=READ_KEY {volume=volume84730, bucket=bucket91502, key=testDeleteCreatesFakeParentDir/parent/, dataSize=0, replicationConfig=null} | ret=FAILURE
org.apache.hadoop.ozone.om.exceptions.OMException: Key:testDeleteCreatesFakeParentDir/parent not found
	at org.apache.hadoop.ozone.om.KeyManagerImpl.lookupKey(KeyManagerImpl.java:399) ~[ozone-manager-1.3.0-SNAPSHOT.jar:?]
	at org.apache.hadoop.ozone.om.OzoneManager.lookupKey(OzoneManager.java:2817) ~[ozone-manager-1.3.0-SNAPSHOT.jar:?]
	at org.apache.hadoop.ozone.protocolPB.OzoneManagerRequestHandler.lookupKey(OzoneManagerRequestHandler.java:484) ~[ozone-manager-1.3.0-SNAPSHOT.jar:?]
	at org.apache.hadoop.ozone.protocolPB.OzoneManagerRequestHandler.handleReadRequest(OzoneManagerRequestHandler.java:182) ~[ozone-manager-1.3.0-SNAPSHOT.jar:?]
	at org.apache.hadoop.ozone.protocolPB.OzoneManagerProtocolServerSideTranslatorPB.submitReadRequestToOM(OzoneManagerProtocolServerSideTranslatorPB.java:226) ~[ozone-manager-1.3.0-SNAPSHOT.jar:?]
	at org.apache.hadoop.ozone.protocolPB.OzoneManagerProtocolServerSideTranslatorPB.processRequest(OzoneManagerProtocolServerSideTranslatorPB.java:175) ~[ozone-manager-1.3.0-SNAPSHOT.jar:?]
	at org.apache.hadoop.hdds.server.OzoneProtocolMessageDispatcher.processRequest(OzoneProtocolMessageDispatcher.java:87) [hdds-server-framework-1.3.0-SNAPSHOT.jar:?]
	at org.apache.hadoop.ozone.protocolPB.OzoneManagerProtocolServerSideTranslatorPB.submitRequest(OzoneManagerProtocolServerSideTranslatorPB.java:147) [ozone-manager-1.3.0-SNAPSHOT.jar:?]
	at org.apache.hadoop.ozone.protocol.proto.OzoneManagerProtocolProtos$OzoneManagerService$2.callBlockingMethod(OzoneManagerProtocolProtos.java) [ozone-interface-client-1.3.0-SNAPSHOT.jar:?]
	at org.apache.hadoop.ipc.ProtobufRpcEngine$Server.processCall(ProtobufRpcEngine.java:466) [hadoop-common-3.3.1.jar:?]
	at org.apache.hadoop.ipc.ProtobufRpcEngine2$Server$ProtoBufRpcInvoker.call(ProtobufRpcEngine2.java:574) [hadoop-common-3.3.1.jar:?]
	at org.apache.hadoop.ipc.ProtobufRpcEngine2$Server$ProtoBufRpcInvoker.call(ProtobufRpcEngine2.java:552) [hadoop-common-3.3.1.jar:?]
	at org.apache.hadoop.ipc.RPC$Server.call(RPC.java:1093) [hadoop-common-3.3.1.jar:?]
	at org.apache.hadoop.ipc.Server$RpcCall.run(Server.java:1035) [hadoop-common-3.3.1.jar:?]
	at org.apache.hadoop.ipc.Server$RpcCall.run(Server.java:963) [hadoop-common-3.3.1.jar:?]
	at java.security.AccessController.doPrivileged(Native Method) ~[?:1.8.0_332]
	at javax.security.auth.Subject.doAs(Subject.java:422) [?:1.8.0_332]
	at org.apache.hadoop.security.UserGroupInformation.doAs(UserGroupInformation.java:1878) [hadoop-common-3.3.1.jar:?]
	at org.apache.hadoop.ipc.Server$Handler.run(Server.java:2966) [hadoop-common-3.3.1.jar:?]
]]></system-out>
  </testcase>
  <testcase name="testDeleteCreatesFakeParentDir" classname="TestOzoneFileSystem" time="0.071">
    <system-out><![CDATA[23:46:32.624 [IPC Server handler 6 on default port 34097] ERROR OMAudit - user=runner | ip=127.0.0.1 | op=READ_KEY {volume=volume05206, bucket=bucket45514, key=testDeleteCreatesFakeParentDir/parent/, dataSize=0, replicationConfig=null} | ret=FAILURE
org.apache.hadoop.ozone.om.exceptions.OMException: Key:testDeleteCreatesFakeParentDir/parent not found
	at org.apache.hadoop.ozone.om.KeyManagerImpl.lookupKey(KeyManagerImpl.java:399) ~[ozone-manager-1.3.0-SNAPSHOT.jar:?]
	at org.apache.hadoop.ozone.om.OzoneManager.lookupKey(OzoneManager.java:2817) ~[ozone-manager-1.3.0-SNAPSHOT.jar:?]
	at org.apache.hadoop.ozone.protocolPB.OzoneManagerRequestHandler.lookupKey(OzoneManagerRequestHandler.java:484) ~[ozone-manager-1.3.0-SNAPSHOT.jar:?]
	at org.apache.hadoop.ozone.protocolPB.OzoneManagerRequestHandler.handleReadRequest(OzoneManagerRequestHandler.java:182) ~[ozone-manager-1.3.0-SNAPSHOT.jar:?]
	at org.apache.hadoop.ozone.protocolPB.OzoneManagerProtocolServerSideTranslatorPB.submitRequestDirectlyToOM(OzoneManagerProtocolServerSideTranslatorPB.java:276) ~[ozone-manager-1.3.0-SNAPSHOT.jar:?]
	at org.apache.hadoop.ozone.protocolPB.OzoneManagerProtocolServerSideTranslatorPB.processRequest(OzoneManagerProtocolServerSideTranslatorPB.java:205) ~[ozone-manager-1.3.0-SNAPSHOT.jar:?]
	at org.apache.hadoop.hdds.server.OzoneProtocolMessageDispatcher.processRequest(OzoneProtocolMessageDispatcher.java:87) [hdds-server-framework-1.3.0-SNAPSHOT.jar:?]
	at org.apache.hadoop.ozone.protocolPB.OzoneManagerProtocolServerSideTranslatorPB.submitRequest(OzoneManagerProtocolServerSideTranslatorPB.java:147) [ozone-manager-1.3.0-SNAPSHOT.jar:?]
	at org.apache.hadoop.ozone.protocol.proto.OzoneManagerProtocolProtos$OzoneManagerService$2.callBlockingMethod(OzoneManagerProtocolProtos.java) [ozone-interface-client-1.3.0-SNAPSHOT.jar:?]
	at org.apache.hadoop.ipc.ProtobufRpcEngine$Server.processCall(ProtobufRpcEngine.java:466) [hadoop-common-3.3.1.jar:?]
	at org.apache.hadoop.ipc.ProtobufRpcEngine2$Server$ProtoBufRpcInvoker.call(ProtobufRpcEngine2.java:574) [hadoop-common-3.3.1.jar:?]
	at org.apache.hadoop.ipc.ProtobufRpcEngine2$Server$ProtoBufRpcInvoker.call(ProtobufRpcEngine2.java:552) [hadoop-common-3.3.1.jar:?]
	at org.apache.hadoop.ipc.RPC$Server.call(RPC.java:1093) [hadoop-common-3.3.1.jar:?]
	at org.apache.hadoop.ipc.Server$RpcCall.run(Server.java:1035) [hadoop-common-3.3.1.jar:?]
	at org.apache.hadoop.ipc.Server$RpcCall.run(Server.java:963) [hadoop-common-3.3.1.jar:?]
	at java.security.AccessController.doPrivileged(Native Method) ~[?:1.8.0_332]
	at javax.security.auth.Subject.doAs(Subject.java:422) [?:1.8.0_332]
	at org.apache.hadoop.security.UserGroupInformation.doAs(UserGroupInformation.java:1878) [hadoop-common-3.3.1.jar:?]
	at org.apache.hadoop.ipc.Server$Handler.run(Server.java:2966) [hadoop-common-3.3.1.jar:?]
]]></system-out>
  </testcase>
  <testcase name="testDeleteCreatesFakeParentDir" classname="TestOzoneFileSystem" time="0.105"/>
  <testcase name="testDeleteCreatesFakeParentDir" classname="TestOzoneFileSystem" time="0.114"/>
  <testcase name="testNonExplicitlyCreatedPathExistsAfterItsLeafsWereRemoved" classname="TestOzoneFileSystem" time="0.048">
    <system-out><![CDATA[23:45:25.807 [IPC Server handler 13 on default port 44795] ERROR OMAudit - user=runner | ip=127.0.0.1 | op=GET_FILE_STATUS {volume=volume84730, bucket=bucket91502, key=target/leaf, dataSize=0, replicationConfig=null} | ret=FAILURE
org.apache.hadoop.ozone.om.exceptions.OMException: Unable to get file status: volume: volume84730 bucket: bucket91502 key: target/leaf
	at org.apache.hadoop.ozone.om.KeyManagerImpl.getOzoneFileStatus(KeyManagerImpl.java:1311) ~[ozone-manager-1.3.0-SNAPSHOT.jar:?]
	at org.apache.hadoop.ozone.om.KeyManagerImpl.getFileStatus(KeyManagerImpl.java:1241) ~[ozone-manager-1.3.0-SNAPSHOT.jar:?]
	at org.apache.hadoop.ozone.om.OzoneManager.getFileStatus(OzoneManager.java:3419) ~[ozone-manager-1.3.0-SNAPSHOT.jar:?]
	at org.apache.hadoop.ozone.protocolPB.OzoneManagerRequestHandler.getOzoneFileStatus(OzoneManagerRequestHandler.java:871) ~[ozone-manager-1.3.0-SNAPSHOT.jar:?]
	at org.apache.hadoop.ozone.protocolPB.OzoneManagerRequestHandler.handleReadRequest(OzoneManagerRequestHandler.java:217) ~[ozone-manager-1.3.0-SNAPSHOT.jar:?]
	at org.apache.hadoop.ozone.protocolPB.OzoneManagerProtocolServerSideTranslatorPB.submitReadRequestToOM(OzoneManagerProtocolServerSideTranslatorPB.java:226) ~[ozone-manager-1.3.0-SNAPSHOT.jar:?]
	at org.apache.hadoop.ozone.protocolPB.OzoneManagerProtocolServerSideTranslatorPB.processRequest(OzoneManagerProtocolServerSideTranslatorPB.java:175) ~[ozone-manager-1.3.0-SNAPSHOT.jar:?]
	at org.apache.hadoop.hdds.server.OzoneProtocolMessageDispatcher.processRequest(OzoneProtocolMessageDispatcher.java:87) [hdds-server-framework-1.3.0-SNAPSHOT.jar:?]
	at org.apache.hadoop.ozone.protocolPB.OzoneManagerProtocolServerSideTranslatorPB.submitRequest(OzoneManagerProtocolServerSideTranslatorPB.java:147) [ozone-manager-1.3.0-SNAPSHOT.jar:?]
	at org.apache.hadoop.ozone.protocol.proto.OzoneManagerProtocolProtos$OzoneManagerService$2.callBlockingMethod(OzoneManagerProtocolProtos.java) [ozone-interface-client-1.3.0-SNAPSHOT.jar:?]
	at org.apache.hadoop.ipc.ProtobufRpcEngine$Server.processCall(ProtobufRpcEngine.java:466) [hadoop-common-3.3.1.jar:?]
	at org.apache.hadoop.ipc.ProtobufRpcEngine2$Server$ProtoBufRpcInvoker.call(ProtobufRpcEngine2.java:574) [hadoop-common-3.3.1.jar:?]
	at org.apache.hadoop.ipc.ProtobufRpcEngine2$Server$ProtoBufRpcInvoker.call(ProtobufRpcEngine2.java:552) [hadoop-common-3.3.1.jar:?]
	at org.apache.hadoop.ipc.RPC$Server.call(RPC.java:1093) [hadoop-common-3.3.1.jar:?]
	at org.apache.hadoop.ipc.Server$RpcCall.run(Server.java:1035) [hadoop-common-3.3.1.jar:?]
	at org.apache.hadoop.ipc.Server$RpcCall.run(Server.java:963) [hadoop-common-3.3.1.jar:?]
	at java.security.AccessController.doPrivileged(Native Method) ~[?:1.8.0_332]
	at javax.security.auth.Subject.doAs(Subject.java:422) [?:1.8.0_332]
	at org.apache.hadoop.security.UserGroupInformation.doAs(UserGroupInformation.java:1878) [hadoop-common-3.3.1.jar:?]
	at org.apache.hadoop.ipc.Server$Handler.run(Server.java:2966) [hadoop-common-3.3.1.jar:?]
]]></system-out>
  </testcase>
  <testcase name="testNonExplicitlyCreatedPathExistsAfterItsLeafsWereRemoved" classname="TestOzoneFileSystem" time="0.05">
    <system-out><![CDATA[23:46:32.655 [IPC Server handler 1 on default port 34097] ERROR OMAudit - user=runner | ip=127.0.0.1 | op=GET_FILE_STATUS {volume=volume05206, bucket=bucket45514, key=target/leaf, dataSize=0, replicationConfig=null} | ret=FAILURE
org.apache.hadoop.ozone.om.exceptions.OMException: Unable to get file status: volume: volume05206 bucket: bucket45514 key: target/leaf
	at org.apache.hadoop.ozone.om.KeyManagerImpl.getOzoneFileStatus(KeyManagerImpl.java:1311) ~[ozone-manager-1.3.0-SNAPSHOT.jar:?]
	at org.apache.hadoop.ozone.om.KeyManagerImpl.getFileStatus(KeyManagerImpl.java:1241) ~[ozone-manager-1.3.0-SNAPSHOT.jar:?]
	at org.apache.hadoop.ozone.om.OzoneManager.getFileStatus(OzoneManager.java:3419) ~[ozone-manager-1.3.0-SNAPSHOT.jar:?]
	at org.apache.hadoop.ozone.protocolPB.OzoneManagerRequestHandler.getOzoneFileStatus(OzoneManagerRequestHandler.java:871) ~[ozone-manager-1.3.0-SNAPSHOT.jar:?]
	at org.apache.hadoop.ozone.protocolPB.OzoneManagerRequestHandler.handleReadRequest(OzoneManagerRequestHandler.java:217) ~[ozone-manager-1.3.0-SNAPSHOT.jar:?]
	at org.apache.hadoop.ozone.protocolPB.OzoneManagerProtocolServerSideTranslatorPB.submitRequestDirectlyToOM(OzoneManagerProtocolServerSideTranslatorPB.java:276) ~[ozone-manager-1.3.0-SNAPSHOT.jar:?]
	at org.apache.hadoop.ozone.protocolPB.OzoneManagerProtocolServerSideTranslatorPB.processRequest(OzoneManagerProtocolServerSideTranslatorPB.java:205) ~[ozone-manager-1.3.0-SNAPSHOT.jar:?]
	at org.apache.hadoop.hdds.server.OzoneProtocolMessageDispatcher.processRequest(OzoneProtocolMessageDispatcher.java:87) [hdds-server-framework-1.3.0-SNAPSHOT.jar:?]
	at org.apache.hadoop.ozone.protocolPB.OzoneManagerProtocolServerSideTranslatorPB.submitRequest(OzoneManagerProtocolServerSideTranslatorPB.java:147) [ozone-manager-1.3.0-SNAPSHOT.jar:?]
	at org.apache.hadoop.ozone.protocol.proto.OzoneManagerProtocolProtos$OzoneManagerService$2.callBlockingMethod(OzoneManagerProtocolProtos.java) [ozone-interface-client-1.3.0-SNAPSHOT.jar:?]
	at org.apache.hadoop.ipc.ProtobufRpcEngine$Server.processCall(ProtobufRpcEngine.java:466) [hadoop-common-3.3.1.jar:?]
	at org.apache.hadoop.ipc.ProtobufRpcEngine2$Server$ProtoBufRpcInvoker.call(ProtobufRpcEngine2.java:574) [hadoop-common-3.3.1.jar:?]
	at org.apache.hadoop.ipc.ProtobufRpcEngine2$Server$ProtoBufRpcInvoker.call(ProtobufRpcEngine2.java:552) [hadoop-common-3.3.1.jar:?]
	at org.apache.hadoop.ipc.RPC$Server.call(RPC.java:1093) [hadoop-common-3.3.1.jar:?]
	at org.apache.hadoop.ipc.Server$RpcCall.run(Server.java:1035) [hadoop-common-3.3.1.jar:?]
	at org.apache.hadoop.ipc.Server$RpcCall.run(Server.java:963) [hadoop-common-3.3.1.jar:?]
	at java.security.AccessController.doPrivileged(Native Method) ~[?:1.8.0_332]
	at javax.security.auth.Subject.doAs(Subject.java:422) [?:1.8.0_332]
	at org.apache.hadoop.security.UserGroupInformation.doAs(UserGroupInformation.java:1878) [hadoop-common-3.3.1.jar:?]
	at org.apache.hadoop.ipc.Server$Handler.run(Server.java:2966) [hadoop-common-3.3.1.jar:?]
]]></system-out>
  </testcase>
  <testcase name="testNonExplicitlyCreatedPathExistsAfterItsLeafsWereRemoved" classname="TestOzoneFileSystem" time="0.032">
    <system-out><![CDATA[23:49:34.809 [IPC Server handler 14 on default port 33165] ERROR OMAudit - user=runner | ip=127.0.0.1 | op=GET_FILE_STATUS {volume=volume99794, bucket=bucket10019, key=target/leaf, dataSize=0, replicationConfig=null} | ret=FAILURE
org.apache.hadoop.ozone.om.exceptions.OMException: Unable to get file status: volume: volume99794 bucket: bucket10019 key: target/leaf
	at org.apache.hadoop.ozone.om.KeyManagerImpl.getOzoneFileStatus(KeyManagerImpl.java:1311) ~[ozone-manager-1.3.0-SNAPSHOT.jar:?]
	at org.apache.hadoop.ozone.om.KeyManagerImpl.getFileStatus(KeyManagerImpl.java:1241) ~[ozone-manager-1.3.0-SNAPSHOT.jar:?]
	at org.apache.hadoop.ozone.om.OzoneManager.getFileStatus(OzoneManager.java:3419) ~[ozone-manager-1.3.0-SNAPSHOT.jar:?]
	at org.apache.hadoop.ozone.protocolPB.OzoneManagerRequestHandler.getOzoneFileStatus(OzoneManagerRequestHandler.java:871) ~[ozone-manager-1.3.0-SNAPSHOT.jar:?]
	at org.apache.hadoop.ozone.protocolPB.OzoneManagerRequestHandler.handleReadRequest(OzoneManagerRequestHandler.java:217) ~[ozone-manager-1.3.0-SNAPSHOT.jar:?]
	at org.apache.hadoop.ozone.protocolPB.OzoneManagerProtocolServerSideTranslatorPB.submitReadRequestToOM(OzoneManagerProtocolServerSideTranslatorPB.java:226) ~[ozone-manager-1.3.0-SNAPSHOT.jar:?]
	at org.apache.hadoop.ozone.protocolPB.OzoneManagerProtocolServerSideTranslatorPB.processRequest(OzoneManagerProtocolServerSideTranslatorPB.java:175) ~[ozone-manager-1.3.0-SNAPSHOT.jar:?]
	at org.apache.hadoop.hdds.server.OzoneProtocolMessageDispatcher.processRequest(OzoneProtocolMessageDispatcher.java:87) [hdds-server-framework-1.3.0-SNAPSHOT.jar:?]
	at org.apache.hadoop.ozone.protocolPB.OzoneManagerProtocolServerSideTranslatorPB.submitRequest(OzoneManagerProtocolServerSideTranslatorPB.java:147) [ozone-manager-1.3.0-SNAPSHOT.jar:?]
	at org.apache.hadoop.ozone.protocol.proto.OzoneManagerProtocolProtos$OzoneManagerService$2.callBlockingMethod(OzoneManagerProtocolProtos.java) [ozone-interface-client-1.3.0-SNAPSHOT.jar:?]
	at org.apache.hadoop.ipc.ProtobufRpcEngine$Server.processCall(ProtobufRpcEngine.java:466) [hadoop-common-3.3.1.jar:?]
	at org.apache.hadoop.ipc.ProtobufRpcEngine2$Server$ProtoBufRpcInvoker.call(ProtobufRpcEngine2.java:574) [hadoop-common-3.3.1.jar:?]
	at org.apache.hadoop.ipc.ProtobufRpcEngine2$Server$ProtoBufRpcInvoker.call(ProtobufRpcEngine2.java:552) [hadoop-common-3.3.1.jar:?]
	at org.apache.hadoop.ipc.RPC$Server.call(RPC.java:1093) [hadoop-common-3.3.1.jar:?]
	at org.apache.hadoop.ipc.Server$RpcCall.run(Server.java:1035) [hadoop-common-3.3.1.jar:?]
	at org.apache.hadoop.ipc.Server$RpcCall.run(Server.java:963) [hadoop-common-3.3.1.jar:?]
	at java.security.AccessController.doPrivileged(Native Method) ~[?:1.8.0_332]
	at javax.security.auth.Subject.doAs(Subject.java:422) [?:1.8.0_332]
	at org.apache.hadoop.security.UserGroupInformation.doAs(UserGroupInformation.java:1878) [hadoop-common-3.3.1.jar:?]
	at org.apache.hadoop.ipc.Server$Handler.run(Server.java:2966) [hadoop-common-3.3.1.jar:?]
]]></system-out>
  </testcase>
  <testcase name="testNonExplicitlyCreatedPathExistsAfterItsLeafsWereRemoved" classname="TestOzoneFileSystem" time="0.032">
    <system-out><![CDATA[23:50:48.215 [IPC Server handler 15 on default port 33563] ERROR OMAudit - user=runner | ip=127.0.0.1 | op=GET_FILE_STATUS {volume=volume50176, bucket=bucket31866, key=target/leaf, dataSize=0, replicationConfig=null} | ret=FAILURE
org.apache.hadoop.ozone.om.exceptions.OMException: Unable to get file status: volume: volume50176 bucket: bucket31866 key: target/leaf
	at org.apache.hadoop.ozone.om.KeyManagerImpl.getOzoneFileStatus(KeyManagerImpl.java:1311) ~[ozone-manager-1.3.0-SNAPSHOT.jar:?]
	at org.apache.hadoop.ozone.om.KeyManagerImpl.getFileStatus(KeyManagerImpl.java:1241) ~[ozone-manager-1.3.0-SNAPSHOT.jar:?]
	at org.apache.hadoop.ozone.om.OzoneManager.getFileStatus(OzoneManager.java:3419) ~[ozone-manager-1.3.0-SNAPSHOT.jar:?]
	at org.apache.hadoop.ozone.protocolPB.OzoneManagerRequestHandler.getOzoneFileStatus(OzoneManagerRequestHandler.java:871) ~[ozone-manager-1.3.0-SNAPSHOT.jar:?]
	at org.apache.hadoop.ozone.protocolPB.OzoneManagerRequestHandler.handleReadRequest(OzoneManagerRequestHandler.java:217) ~[ozone-manager-1.3.0-SNAPSHOT.jar:?]
	at org.apache.hadoop.ozone.protocolPB.OzoneManagerProtocolServerSideTranslatorPB.submitRequestDirectlyToOM(OzoneManagerProtocolServerSideTranslatorPB.java:276) ~[ozone-manager-1.3.0-SNAPSHOT.jar:?]
	at org.apache.hadoop.ozone.protocolPB.OzoneManagerProtocolServerSideTranslatorPB.processRequest(OzoneManagerProtocolServerSideTranslatorPB.java:205) ~[ozone-manager-1.3.0-SNAPSHOT.jar:?]
	at org.apache.hadoop.hdds.server.OzoneProtocolMessageDispatcher.processRequest(OzoneProtocolMessageDispatcher.java:87) [hdds-server-framework-1.3.0-SNAPSHOT.jar:?]
	at org.apache.hadoop.ozone.protocolPB.OzoneManagerProtocolServerSideTranslatorPB.submitRequest(OzoneManagerProtocolServerSideTranslatorPB.java:147) [ozone-manager-1.3.0-SNAPSHOT.jar:?]
	at org.apache.hadoop.ozone.protocol.proto.OzoneManagerProtocolProtos$OzoneManagerService$2.callBlockingMethod(OzoneManagerProtocolProtos.java) [ozone-interface-client-1.3.0-SNAPSHOT.jar:?]
	at org.apache.hadoop.ipc.ProtobufRpcEngine$Server.processCall(ProtobufRpcEngine.java:466) [hadoop-common-3.3.1.jar:?]
	at org.apache.hadoop.ipc.ProtobufRpcEngine2$Server$ProtoBufRpcInvoker.call(ProtobufRpcEngine2.java:574) [hadoop-common-3.3.1.jar:?]
	at org.apache.hadoop.ipc.ProtobufRpcEngine2$Server$ProtoBufRpcInvoker.call(ProtobufRpcEngine2.java:552) [hadoop-common-3.3.1.jar:?]
	at org.apache.hadoop.ipc.RPC$Server.call(RPC.java:1093) [hadoop-common-3.3.1.jar:?]
	at org.apache.hadoop.ipc.Server$RpcCall.run(Server.java:1035) [hadoop-common-3.3.1.jar:?]
	at org.apache.hadoop.ipc.Server$RpcCall.run(Server.java:963) [hadoop-common-3.3.1.jar:?]
	at java.security.AccessController.doPrivileged(Native Method) ~[?:1.8.0_332]
	at javax.security.auth.Subject.doAs(Subject.java:422) [?:1.8.0_332]
	at org.apache.hadoop.security.UserGroupInformation.doAs(UserGroupInformation.java:1878) [hadoop-common-3.3.1.jar:?]
	at org.apache.hadoop.ipc.Server$Handler.run(Server.java:2966) [hadoop-common-3.3.1.jar:?]
]]></system-out>
  </testcase>
  <testcase name="testCreateFileShouldCheckExistenceOfDirWithSameName" classname="TestOzoneFileSystem" time="0.06">
    <system-out><![CDATA[23:45:25.853 [OM StateMachine ApplyTransaction Thread - 0] ERROR OMAudit - user=runner | ip=127.0.0.1 | op=CREATE_FILE {volume=volume84730, bucket=bucket91502, key=d1/d2/d3/d4/key2, dataSize=4194304, replicationType=RATIS, replicationFactor=THREE} | ret=FAILURE
org.apache.hadoop.ozone.om.exceptions.OMException: Can not write to directory: d1/d2/d3/d4/key2
	at org.apache.hadoop.ozone.om.request.file.OMFileCreateRequest.checkDirectoryResult(OMFileCreateRequest.java:364) ~[ozone-manager-1.3.0-SNAPSHOT.jar:?]
	at org.apache.hadoop.ozone.om.request.file.OMFileCreateRequest.validateAndUpdateCache(OMFileCreateRequest.java:240) ~[ozone-manager-1.3.0-SNAPSHOT.jar:?]
	at org.apache.hadoop.ozone.protocolPB.OzoneManagerRequestHandler.handleWriteRequest(OzoneManagerRequestHandler.java:293) ~[ozone-manager-1.3.0-SNAPSHOT.jar:?]
	at org.apache.hadoop.ozone.om.ratis.OzoneManagerStateMachine.runCommand(OzoneManagerStateMachine.java:529) ~[ozone-manager-1.3.0-SNAPSHOT.jar:?]
	at org.apache.hadoop.ozone.om.ratis.OzoneManagerStateMachine.lambda$1(OzoneManagerStateMachine.java:324) ~[ozone-manager-1.3.0-SNAPSHOT.jar:?]
	at java.util.concurrent.CompletableFuture$AsyncSupply.run(CompletableFuture.java:1604) [?:1.8.0_332]
	at java.util.concurrent.ThreadPoolExecutor.runWorker(ThreadPoolExecutor.java:1149) [?:1.8.0_332]
	at java.util.concurrent.ThreadPoolExecutor$Worker.run(ThreadPoolExecutor.java:624) [?:1.8.0_332]
	at java.lang.Thread.run(Thread.java:750) [?:1.8.0_332]
2022-06-24 23:45:25,854 [OM StateMachine ApplyTransaction Thread - 0] ERROR file.OMFileCreateRequest (OMFileCreateRequest.java:validateAndUpdateCache(337)) - File create failed. Volume:volume84730, Bucket:bucket91502, Keyd1/d2/d3/d4/key2.
NOT_A_FILE org.apache.hadoop.ozone.om.exceptions.OMException: Can not write to directory: d1/d2/d3/d4/key2
	at org.apache.hadoop.ozone.om.request.file.OMFileCreateRequest.checkDirectoryResult(OMFileCreateRequest.java:364)
	at org.apache.hadoop.ozone.om.request.file.OMFileCreateRequest.validateAndUpdateCache(OMFileCreateRequest.java:240)
	at org.apache.hadoop.ozone.protocolPB.OzoneManagerRequestHandler.handleWriteRequest(OzoneManagerRequestHandler.java:293)
	at org.apache.hadoop.ozone.om.ratis.OzoneManagerStateMachine.runCommand(OzoneManagerStateMachine.java:529)
	at org.apache.hadoop.ozone.om.ratis.OzoneManagerStateMachine.lambda$1(OzoneManagerStateMachine.java:324)
	at java.util.concurrent.CompletableFuture$AsyncSupply.run(CompletableFuture.java:1604)
	at java.util.concurrent.ThreadPoolExecutor.runWorker(ThreadPoolExecutor.java:1149)
	at java.util.concurrent.ThreadPoolExecutor$Worker.run(ThreadPoolExecutor.java:624)
	at java.lang.Thread.run(Thread.java:750)
23:45:25.872 [OM StateMachine ApplyTransaction Thread - 0] ERROR OMAudit - user=runner | ip=127.0.0.1 | op=CREATE_DIRECTORY {volume=volume84730, bucket=bucket91502, key=d1/d2/d3/d4/key3, dataSize=0, replicationType=NONE, replicationFactor=ZERO} | ret=FAILURE
org.apache.hadoop.ozone.om.exceptions.OMException: Unable to create directory: d1/d2/d3/d4/key3 in volume/bucket: volume84730/bucket91502
	at org.apache.hadoop.ozone.om.request.file.OMDirectoryCreateRequest.validateAndUpdateCache(OMDirectoryCreateRequest.java:198) ~[ozone-manager-1.3.0-SNAPSHOT.jar:?]
	at org.apache.hadoop.ozone.protocolPB.OzoneManagerRequestHandler.handleWriteRequest(OzoneManagerRequestHandler.java:293) ~[ozone-manager-1.3.0-SNAPSHOT.jar:?]
	at org.apache.hadoop.ozone.om.ratis.OzoneManagerStateMachine.runCommand(OzoneManagerStateMachine.java:529) ~[ozone-manager-1.3.0-SNAPSHOT.jar:?]
	at org.apache.hadoop.ozone.om.ratis.OzoneManagerStateMachine.lambda$1(OzoneManagerStateMachine.java:324) ~[ozone-manager-1.3.0-SNAPSHOT.jar:?]
	at java.util.concurrent.CompletableFuture$AsyncSupply.run(CompletableFuture.java:1604) [?:1.8.0_332]
	at java.util.concurrent.ThreadPoolExecutor.runWorker(ThreadPoolExecutor.java:1149) [?:1.8.0_332]
	at java.util.concurrent.ThreadPoolExecutor$Worker.run(ThreadPoolExecutor.java:624) [?:1.8.0_332]
	at java.lang.Thread.run(Thread.java:750) [?:1.8.0_332]
2022-06-24 23:45:25,873 [OM StateMachine ApplyTransaction Thread - 0] ERROR file.OMDirectoryCreateRequest (OMDirectoryCreateRequest.java:logResult(331)) - Directory creation failed. Volume:volume84730, Bucket:bucket91502, Keyd1/d2/d3/d4/key3. Exception:{}
FILE_ALREADY_EXISTS org.apache.hadoop.ozone.om.exceptions.OMException: Unable to create directory: d1/d2/d3/d4/key3 in volume/bucket: volume84730/bucket91502
	at org.apache.hadoop.ozone.om.request.file.OMDirectoryCreateRequest.validateAndUpdateCache(OMDirectoryCreateRequest.java:198)
	at org.apache.hadoop.ozone.protocolPB.OzoneManagerRequestHandler.handleWriteRequest(OzoneManagerRequestHandler.java:293)
	at org.apache.hadoop.ozone.om.ratis.OzoneManagerStateMachine.runCommand(OzoneManagerStateMachine.java:529)
	at org.apache.hadoop.ozone.om.ratis.OzoneManagerStateMachine.lambda$1(OzoneManagerStateMachine.java:324)
	at java.util.concurrent.CompletableFuture$AsyncSupply.run(CompletableFuture.java:1604)
	at java.util.concurrent.ThreadPoolExecutor.runWorker(ThreadPoolExecutor.java:1149)
	at java.util.concurrent.ThreadPoolExecutor$Worker.run(ThreadPoolExecutor.java:624)
	at java.lang.Thread.run(Thread.java:750)
23:45:25.878 [OM StateMachine ApplyTransaction Thread - 0] ERROR OMAudit - user=runner | ip=127.0.0.1 | op=CREATE_FILE {volume=volume84730, bucket=bucket91502, key=d1/d2/d3, dataSize=4194304, replicationType=RATIS, replicationFactor=THREE} | ret=FAILURE
org.apache.hadoop.ozone.om.exceptions.OMException: Can not write to directory: d1/d2/d3
	at org.apache.hadoop.ozone.om.request.file.OMFileCreateRequest.checkDirectoryResult(OMFileCreateRequest.java:364) ~[ozone-manager-1.3.0-SNAPSHOT.jar:?]
	at org.apache.hadoop.ozone.om.request.file.OMFileCreateRequest.validateAndUpdateCache(OMFileCreateRequest.java:240) ~[ozone-manager-1.3.0-SNAPSHOT.jar:?]
	at org.apache.hadoop.ozone.protocolPB.OzoneManagerRequestHandler.handleWriteRequest(OzoneManagerRequestHandler.java:293) ~[ozone-manager-1.3.0-SNAPSHOT.jar:?]
	at org.apache.hadoop.ozone.om.ratis.OzoneManagerStateMachine.runCommand(OzoneManagerStateMachine.java:529) ~[ozone-manager-1.3.0-SNAPSHOT.jar:?]
	at org.apache.hadoop.ozone.om.ratis.OzoneManagerStateMachine.lambda$1(OzoneManagerStateMachine.java:324) ~[ozone-manager-1.3.0-SNAPSHOT.jar:?]
	at java.util.concurrent.CompletableFuture$AsyncSupply.run(CompletableFuture.java:1604) [?:1.8.0_332]
	at java.util.concurrent.ThreadPoolExecutor.runWorker(ThreadPoolExecutor.java:1149) [?:1.8.0_332]
	at java.util.concurrent.ThreadPoolExecutor$Worker.run(ThreadPoolExecutor.java:624) [?:1.8.0_332]
	at java.lang.Thread.run(Thread.java:750) [?:1.8.0_332]
2022-06-24 23:45:25,878 [OM StateMachine ApplyTransaction Thread - 0] ERROR file.OMFileCreateRequest (OMFileCreateRequest.java:validateAndUpdateCache(337)) - File create failed. Volume:volume84730, Bucket:bucket91502, Keyd1/d2/d3.
NOT_A_FILE org.apache.hadoop.ozone.om.exceptions.OMException: Can not write to directory: d1/d2/d3
	at org.apache.hadoop.ozone.om.request.file.OMFileCreateRequest.checkDirectoryResult(OMFileCreateRequest.java:364)
	at org.apache.hadoop.ozone.om.request.file.OMFileCreateRequest.validateAndUpdateCache(OMFileCreateRequest.java:240)
	at org.apache.hadoop.ozone.protocolPB.OzoneManagerRequestHandler.handleWriteRequest(OzoneManagerRequestHandler.java:293)
	at org.apache.hadoop.ozone.om.ratis.OzoneManagerStateMachine.runCommand(OzoneManagerStateMachine.java:529)
	at org.apache.hadoop.ozone.om.ratis.OzoneManagerStateMachine.lambda$1(OzoneManagerStateMachine.java:324)
	at java.util.concurrent.CompletableFuture$AsyncSupply.run(CompletableFuture.java:1604)
	at java.util.concurrent.ThreadPoolExecutor.runWorker(ThreadPoolExecutor.java:1149)
	at java.util.concurrent.ThreadPoolExecutor$Worker.run(ThreadPoolExecutor.java:624)
	at java.lang.Thread.run(Thread.java:750)
23:45:25.881 [IPC Server handler 9 on default port 44795] ERROR OMAudit - user=runner | ip=127.0.0.1 | op=GET_FILE_STATUS {volume=volume84730, bucket=bucket91502, key=d1/d2/d3/d4/key3/invalid, dataSize=0, replicationConfig=null} | ret=FAILURE
org.apache.hadoop.ozone.om.exceptions.OMException: Unable to get file status: volume: volume84730 bucket: bucket91502 key: d1/d2/d3/d4/key3/invalid
	at org.apache.hadoop.ozone.om.KeyManagerImpl.getOzoneFileStatus(KeyManagerImpl.java:1311) ~[ozone-manager-1.3.0-SNAPSHOT.jar:?]
	at org.apache.hadoop.ozone.om.KeyManagerImpl.getFileStatus(KeyManagerImpl.java:1241) ~[ozone-manager-1.3.0-SNAPSHOT.jar:?]
	at org.apache.hadoop.ozone.om.OzoneManager.getFileStatus(OzoneManager.java:3419) ~[ozone-manager-1.3.0-SNAPSHOT.jar:?]
	at org.apache.hadoop.ozone.protocolPB.OzoneManagerRequestHandler.getOzoneFileStatus(OzoneManagerRequestHandler.java:871) ~[ozone-manager-1.3.0-SNAPSHOT.jar:?]
	at org.apache.hadoop.ozone.protocolPB.OzoneManagerRequestHandler.handleReadRequest(OzoneManagerRequestHandler.java:217) ~[ozone-manager-1.3.0-SNAPSHOT.jar:?]
	at org.apache.hadoop.ozone.protocolPB.OzoneManagerProtocolServerSideTranslatorPB.submitReadRequestToOM(OzoneManagerProtocolServerSideTranslatorPB.java:226) ~[ozone-manager-1.3.0-SNAPSHOT.jar:?]
	at org.apache.hadoop.ozone.protocolPB.OzoneManagerProtocolServerSideTranslatorPB.processRequest(OzoneManagerProtocolServerSideTranslatorPB.java:175) ~[ozone-manager-1.3.0-SNAPSHOT.jar:?]
	at org.apache.hadoop.hdds.server.OzoneProtocolMessageDispatcher.processRequest(OzoneProtocolMessageDispatcher.java:87) [hdds-server-framework-1.3.0-SNAPSHOT.jar:?]
	at org.apache.hadoop.ozone.protocolPB.OzoneManagerProtocolServerSideTranslatorPB.submitRequest(OzoneManagerProtocolServerSideTranslatorPB.java:147) [ozone-manager-1.3.0-SNAPSHOT.jar:?]
	at org.apache.hadoop.ozone.protocol.proto.OzoneManagerProtocolProtos$OzoneManagerService$2.callBlockingMethod(OzoneManagerProtocolProtos.java) [ozone-interface-client-1.3.0-SNAPSHOT.jar:?]
	at org.apache.hadoop.ipc.ProtobufRpcEngine$Server.processCall(ProtobufRpcEngine.java:466) [hadoop-common-3.3.1.jar:?]
	at org.apache.hadoop.ipc.ProtobufRpcEngine2$Server$ProtoBufRpcInvoker.call(ProtobufRpcEngine2.java:574) [hadoop-common-3.3.1.jar:?]
	at org.apache.hadoop.ipc.ProtobufRpcEngine2$Server$ProtoBufRpcInvoker.call(ProtobufRpcEngine2.java:552) [hadoop-common-3.3.1.jar:?]
	at org.apache.hadoop.ipc.RPC$Server.call(RPC.java:1093) [hadoop-common-3.3.1.jar:?]
	at org.apache.hadoop.ipc.Server$RpcCall.run(Server.java:1035) [hadoop-common-3.3.1.jar:?]
	at org.apache.hadoop.ipc.Server$RpcCall.run(Server.java:963) [hadoop-common-3.3.1.jar:?]
	at java.security.AccessController.doPrivileged(Native Method) ~[?:1.8.0_332]
	at javax.security.auth.Subject.doAs(Subject.java:422) [?:1.8.0_332]
	at org.apache.hadoop.security.UserGroupInformation.doAs(UserGroupInformation.java:1878) [hadoop-common-3.3.1.jar:?]
	at org.apache.hadoop.ipc.Server$Handler.run(Server.java:2966) [hadoop-common-3.3.1.jar:?]
23:45:25.882 [IPC Server handler 0 on default port 44795] ERROR OMAudit - user=runner | ip=127.0.0.1 | op=GET_FILE_STATUS {volume=volume84730, bucket=bucket91502, key=d1/d2/d3/d4/invalidkey, dataSize=0, replicationConfig=null} | ret=FAILURE
org.apache.hadoop.ozone.om.exceptions.OMException: Unable to get file status: volume: volume84730 bucket: bucket91502 key: d1/d2/d3/d4/invalidkey
	at org.apache.hadoop.ozone.om.KeyManagerImpl.getOzoneFileStatus(KeyManagerImpl.java:1311) ~[ozone-manager-1.3.0-SNAPSHOT.jar:?]
	at org.apache.hadoop.ozone.om.KeyManagerImpl.getFileStatus(KeyManagerImpl.java:1241) ~[ozone-manager-1.3.0-SNAPSHOT.jar:?]
	at org.apache.hadoop.ozone.om.OzoneManager.getFileStatus(OzoneManager.java:3419) ~[ozone-manager-1.3.0-SNAPSHOT.jar:?]
	at org.apache.hadoop.ozone.protocolPB.OzoneManagerRequestHandler.getOzoneFileStatus(OzoneManagerRequestHandler.java:871) ~[ozone-manager-1.3.0-SNAPSHOT.jar:?]
	at org.apache.hadoop.ozone.protocolPB.OzoneManagerRequestHandler.handleReadRequest(OzoneManagerRequestHandler.java:217) ~[ozone-manager-1.3.0-SNAPSHOT.jar:?]
	at org.apache.hadoop.ozone.protocolPB.OzoneManagerProtocolServerSideTranslatorPB.submitReadRequestToOM(OzoneManagerProtocolServerSideTranslatorPB.java:226) ~[ozone-manager-1.3.0-SNAPSHOT.jar:?]
	at org.apache.hadoop.ozone.protocolPB.OzoneManagerProtocolServerSideTranslatorPB.processRequest(OzoneManagerProtocolServerSideTranslatorPB.java:175) ~[ozone-manager-1.3.0-SNAPSHOT.jar:?]
	at org.apache.hadoop.hdds.server.OzoneProtocolMessageDispatcher.processRequest(OzoneProtocolMessageDispatcher.java:87) [hdds-server-framework-1.3.0-SNAPSHOT.jar:?]
	at org.apache.hadoop.ozone.protocolPB.OzoneManagerProtocolServerSideTranslatorPB.submitRequest(OzoneManagerProtocolServerSideTranslatorPB.java:147) [ozone-manager-1.3.0-SNAPSHOT.jar:?]
	at org.apache.hadoop.ozone.protocol.proto.OzoneManagerProtocolProtos$OzoneManagerService$2.callBlockingMethod(OzoneManagerProtocolProtos.java) [ozone-interface-client-1.3.0-SNAPSHOT.jar:?]
	at org.apache.hadoop.ipc.ProtobufRpcEngine$Server.processCall(ProtobufRpcEngine.java:466) [hadoop-common-3.3.1.jar:?]
	at org.apache.hadoop.ipc.ProtobufRpcEngine2$Server$ProtoBufRpcInvoker.call(ProtobufRpcEngine2.java:574) [hadoop-common-3.3.1.jar:?]
	at org.apache.hadoop.ipc.ProtobufRpcEngine2$Server$ProtoBufRpcInvoker.call(ProtobufRpcEngine2.java:552) [hadoop-common-3.3.1.jar:?]
	at org.apache.hadoop.ipc.RPC$Server.call(RPC.java:1093) [hadoop-common-3.3.1.jar:?]
	at org.apache.hadoop.ipc.Server$RpcCall.run(Server.java:1035) [hadoop-common-3.3.1.jar:?]
	at org.apache.hadoop.ipc.Server$RpcCall.run(Server.java:963) [hadoop-common-3.3.1.jar:?]
	at java.security.AccessController.doPrivileged(Native Method) ~[?:1.8.0_332]
	at javax.security.auth.Subject.doAs(Subject.java:422) [?:1.8.0_332]
	at org.apache.hadoop.security.UserGroupInformation.doAs(UserGroupInformation.java:1878) [hadoop-common-3.3.1.jar:?]
	at org.apache.hadoop.ipc.Server$Handler.run(Server.java:2966) [hadoop-common-3.3.1.jar:?]
]]></system-out>
  </testcase>
  <testcase name="testCreateFileShouldCheckExistenceOfDirWithSameName" classname="TestOzoneFileSystem" time="0.078">
    <system-out><![CDATA[23:46:32.739 [IPC Server handler 3 on default port 34097] ERROR OMAudit - user=runner | ip=127.0.0.1 | op=CREATE_FILE {volume=volume05206, bucket=bucket45514, key=d1/d2/d3/d4/key2, dataSize=4194304, replicationType=RATIS, replicationFactor=THREE} | ret=FAILURE
org.apache.hadoop.ozone.om.exceptions.OMException: Can not write to directory: d1/d2/d3/d4/key2
	at org.apache.hadoop.ozone.om.request.file.OMFileCreateRequest.checkDirectoryResult(OMFileCreateRequest.java:364) ~[ozone-manager-1.3.0-SNAPSHOT.jar:?]
	at org.apache.hadoop.ozone.om.request.file.OMFileCreateRequest.validateAndUpdateCache(OMFileCreateRequest.java:240) ~[ozone-manager-1.3.0-SNAPSHOT.jar:?]
	at org.apache.hadoop.ozone.protocolPB.OzoneManagerRequestHandler.handleWriteRequest(OzoneManagerRequestHandler.java:293) ~[ozone-manager-1.3.0-SNAPSHOT.jar:?]
	at org.apache.hadoop.ozone.protocolPB.OzoneManagerProtocolServerSideTranslatorPB.submitRequestDirectlyToOM(OzoneManagerProtocolServerSideTranslatorPB.java:282) ~[ozone-manager-1.3.0-SNAPSHOT.jar:?]
	at org.apache.hadoop.ozone.protocolPB.OzoneManagerProtocolServerSideTranslatorPB.processRequest(OzoneManagerProtocolServerSideTranslatorPB.java:205) ~[ozone-manager-1.3.0-SNAPSHOT.jar:?]
	at org.apache.hadoop.hdds.server.OzoneProtocolMessageDispatcher.processRequest(OzoneProtocolMessageDispatcher.java:87) [hdds-server-framework-1.3.0-SNAPSHOT.jar:?]
	at org.apache.hadoop.ozone.protocolPB.OzoneManagerProtocolServerSideTranslatorPB.submitRequest(OzoneManagerProtocolServerSideTranslatorPB.java:147) [ozone-manager-1.3.0-SNAPSHOT.jar:?]
	at org.apache.hadoop.ozone.protocol.proto.OzoneManagerProtocolProtos$OzoneManagerService$2.callBlockingMethod(OzoneManagerProtocolProtos.java) [ozone-interface-client-1.3.0-SNAPSHOT.jar:?]
	at org.apache.hadoop.ipc.ProtobufRpcEngine$Server.processCall(ProtobufRpcEngine.java:466) [hadoop-common-3.3.1.jar:?]
	at org.apache.hadoop.ipc.ProtobufRpcEngine2$Server$ProtoBufRpcInvoker.call(ProtobufRpcEngine2.java:574) [hadoop-common-3.3.1.jar:?]
	at org.apache.hadoop.ipc.ProtobufRpcEngine2$Server$ProtoBufRpcInvoker.call(ProtobufRpcEngine2.java:552) [hadoop-common-3.3.1.jar:?]
	at org.apache.hadoop.ipc.RPC$Server.call(RPC.java:1093) [hadoop-common-3.3.1.jar:?]
	at org.apache.hadoop.ipc.Server$RpcCall.run(Server.java:1035) [hadoop-common-3.3.1.jar:?]
	at org.apache.hadoop.ipc.Server$RpcCall.run(Server.java:963) [hadoop-common-3.3.1.jar:?]
	at java.security.AccessController.doPrivileged(Native Method) ~[?:1.8.0_332]
	at javax.security.auth.Subject.doAs(Subject.java:422) [?:1.8.0_332]
	at org.apache.hadoop.security.UserGroupInformation.doAs(UserGroupInformation.java:1878) [hadoop-common-3.3.1.jar:?]
	at org.apache.hadoop.ipc.Server$Handler.run(Server.java:2966) [hadoop-common-3.3.1.jar:?]
2022-06-24 23:46:32,739 [IPC Server handler 3 on default port 34097] ERROR file.OMFileCreateRequest (OMFileCreateRequest.java:validateAndUpdateCache(337)) - File create failed. Volume:volume05206, Bucket:bucket45514, Keyd1/d2/d3/d4/key2.
NOT_A_FILE org.apache.hadoop.ozone.om.exceptions.OMException: Can not write to directory: d1/d2/d3/d4/key2
	at org.apache.hadoop.ozone.om.request.file.OMFileCreateRequest.checkDirectoryResult(OMFileCreateRequest.java:364)
	at org.apache.hadoop.ozone.om.request.file.OMFileCreateRequest.validateAndUpdateCache(OMFileCreateRequest.java:240)
	at org.apache.hadoop.ozone.protocolPB.OzoneManagerRequestHandler.handleWriteRequest(OzoneManagerRequestHandler.java:293)
	at org.apache.hadoop.ozone.protocolPB.OzoneManagerProtocolServerSideTranslatorPB.submitRequestDirectlyToOM(OzoneManagerProtocolServerSideTranslatorPB.java:282)
	at org.apache.hadoop.ozone.protocolPB.OzoneManagerProtocolServerSideTranslatorPB.processRequest(OzoneManagerProtocolServerSideTranslatorPB.java:205)
	at org.apache.hadoop.hdds.server.OzoneProtocolMessageDispatcher.processRequest(OzoneProtocolMessageDispatcher.java:87)
	at org.apache.hadoop.ozone.protocolPB.OzoneManagerProtocolServerSideTranslatorPB.submitRequest(OzoneManagerProtocolServerSideTranslatorPB.java:147)
	at org.apache.hadoop.ozone.protocol.proto.OzoneManagerProtocolProtos$OzoneManagerService$2.callBlockingMethod(OzoneManagerProtocolProtos.java)
	at org.apache.hadoop.ipc.ProtobufRpcEngine$Server.processCall(ProtobufRpcEngine.java:466)
	at org.apache.hadoop.ipc.ProtobufRpcEngine2$Server$ProtoBufRpcInvoker.call(ProtobufRpcEngine2.java:574)
	at org.apache.hadoop.ipc.ProtobufRpcEngine2$Server$ProtoBufRpcInvoker.call(ProtobufRpcEngine2.java:552)
	at org.apache.hadoop.ipc.RPC$Server.call(RPC.java:1093)
	at org.apache.hadoop.ipc.Server$RpcCall.run(Server.java:1035)
	at org.apache.hadoop.ipc.Server$RpcCall.run(Server.java:963)
	at java.security.AccessController.doPrivileged(Native Method)
	at javax.security.auth.Subject.doAs(Subject.java:422)
	at org.apache.hadoop.security.UserGroupInformation.doAs(UserGroupInformation.java:1878)
	at org.apache.hadoop.ipc.Server$Handler.run(Server.java:2966)
23:46:32.747 [IPC Server handler 4 on default port 34097] ERROR OMAudit - user=runner | ip=127.0.0.1 | op=CREATE_DIRECTORY {volume=volume05206, bucket=bucket45514, key=d1/d2/d3/d4/key3, dataSize=0, replicationType=NONE, replicationFactor=ZERO} | ret=FAILURE
org.apache.hadoop.ozone.om.exceptions.OMException: Unable to create directory: d1/d2/d3/d4/key3 in volume/bucket: volume05206/bucket45514
	at org.apache.hadoop.ozone.om.request.file.OMDirectoryCreateRequest.validateAndUpdateCache(OMDirectoryCreateRequest.java:198) ~[ozone-manager-1.3.0-SNAPSHOT.jar:?]
	at org.apache.hadoop.ozone.protocolPB.OzoneManagerRequestHandler.handleWriteRequest(OzoneManagerRequestHandler.java:293) ~[ozone-manager-1.3.0-SNAPSHOT.jar:?]
	at org.apache.hadoop.ozone.protocolPB.OzoneManagerProtocolServerSideTranslatorPB.submitRequestDirectlyToOM(OzoneManagerProtocolServerSideTranslatorPB.java:282) ~[ozone-manager-1.3.0-SNAPSHOT.jar:?]
	at org.apache.hadoop.ozone.protocolPB.OzoneManagerProtocolServerSideTranslatorPB.processRequest(OzoneManagerProtocolServerSideTranslatorPB.java:205) ~[ozone-manager-1.3.0-SNAPSHOT.jar:?]
	at org.apache.hadoop.hdds.server.OzoneProtocolMessageDispatcher.processRequest(OzoneProtocolMessageDispatcher.java:87) [hdds-server-framework-1.3.0-SNAPSHOT.jar:?]
	at org.apache.hadoop.ozone.protocolPB.OzoneManagerProtocolServerSideTranslatorPB.submitRequest(OzoneManagerProtocolServerSideTranslatorPB.java:147) [ozone-manager-1.3.0-SNAPSHOT.jar:?]
	at org.apache.hadoop.ozone.protocol.proto.OzoneManagerProtocolProtos$OzoneManagerService$2.callBlockingMethod(OzoneManagerProtocolProtos.java) [ozone-interface-client-1.3.0-SNAPSHOT.jar:?]
	at org.apache.hadoop.ipc.ProtobufRpcEngine$Server.processCall(ProtobufRpcEngine.java:466) [hadoop-common-3.3.1.jar:?]
	at org.apache.hadoop.ipc.ProtobufRpcEngine2$Server$ProtoBufRpcInvoker.call(ProtobufRpcEngine2.java:574) [hadoop-common-3.3.1.jar:?]
	at org.apache.hadoop.ipc.ProtobufRpcEngine2$Server$ProtoBufRpcInvoker.call(ProtobufRpcEngine2.java:552) [hadoop-common-3.3.1.jar:?]
	at org.apache.hadoop.ipc.RPC$Server.call(RPC.java:1093) [hadoop-common-3.3.1.jar:?]
	at org.apache.hadoop.ipc.Server$RpcCall.run(Server.java:1035) [hadoop-common-3.3.1.jar:?]
	at org.apache.hadoop.ipc.Server$RpcCall.run(Server.java:963) [hadoop-common-3.3.1.jar:?]
	at java.security.AccessController.doPrivileged(Native Method) ~[?:1.8.0_332]
	at javax.security.auth.Subject.doAs(Subject.java:422) [?:1.8.0_332]
	at org.apache.hadoop.security.UserGroupInformation.doAs(UserGroupInformation.java:1878) [hadoop-common-3.3.1.jar:?]
	at org.apache.hadoop.ipc.Server$Handler.run(Server.java:2966) [hadoop-common-3.3.1.jar:?]
2022-06-24 23:46:32,748 [IPC Server handler 4 on default port 34097] ERROR file.OMDirectoryCreateRequest (OMDirectoryCreateRequest.java:logResult(331)) - Directory creation failed. Volume:volume05206, Bucket:bucket45514, Keyd1/d2/d3/d4/key3. Exception:{}
FILE_ALREADY_EXISTS org.apache.hadoop.ozone.om.exceptions.OMException: Unable to create directory: d1/d2/d3/d4/key3 in volume/bucket: volume05206/bucket45514
	at org.apache.hadoop.ozone.om.request.file.OMDirectoryCreateRequest.validateAndUpdateCache(OMDirectoryCreateRequest.java:198)
	at org.apache.hadoop.ozone.protocolPB.OzoneManagerRequestHandler.handleWriteRequest(OzoneManagerRequestHandler.java:293)
	at org.apache.hadoop.ozone.protocolPB.OzoneManagerProtocolServerSideTranslatorPB.submitRequestDirectlyToOM(OzoneManagerProtocolServerSideTranslatorPB.java:282)
	at org.apache.hadoop.ozone.protocolPB.OzoneManagerProtocolServerSideTranslatorPB.processRequest(OzoneManagerProtocolServerSideTranslatorPB.java:205)
	at org.apache.hadoop.hdds.server.OzoneProtocolMessageDispatcher.processRequest(OzoneProtocolMessageDispatcher.java:87)
	at org.apache.hadoop.ozone.protocolPB.OzoneManagerProtocolServerSideTranslatorPB.submitRequest(OzoneManagerProtocolServerSideTranslatorPB.java:147)
	at org.apache.hadoop.ozone.protocol.proto.OzoneManagerProtocolProtos$OzoneManagerService$2.callBlockingMethod(OzoneManagerProtocolProtos.java)
	at org.apache.hadoop.ipc.ProtobufRpcEngine$Server.processCall(ProtobufRpcEngine.java:466)
	at org.apache.hadoop.ipc.ProtobufRpcEngine2$Server$ProtoBufRpcInvoker.call(ProtobufRpcEngine2.java:574)
	at org.apache.hadoop.ipc.ProtobufRpcEngine2$Server$ProtoBufRpcInvoker.call(ProtobufRpcEngine2.java:552)
	at org.apache.hadoop.ipc.RPC$Server.call(RPC.java:1093)
	at org.apache.hadoop.ipc.Server$RpcCall.run(Server.java:1035)
	at org.apache.hadoop.ipc.Server$RpcCall.run(Server.java:963)
	at java.security.AccessController.doPrivileged(Native Method)
	at javax.security.auth.Subject.doAs(Subject.java:422)
	at org.apache.hadoop.security.UserGroupInformation.doAs(UserGroupInformation.java:1878)
	at org.apache.hadoop.ipc.Server$Handler.run(Server.java:2966)
23:46:32.755 [IPC Server handler 13 on default port 34097] ERROR OMAudit - user=runner | ip=127.0.0.1 | op=CREATE_FILE {volume=volume05206, bucket=bucket45514, key=d1/d2/d3, dataSize=4194304, replicationType=RATIS, replicationFactor=THREE} | ret=FAILURE
org.apache.hadoop.ozone.om.exceptions.OMException: Can not write to directory: d1/d2/d3
	at org.apache.hadoop.ozone.om.request.file.OMFileCreateRequest.checkDirectoryResult(OMFileCreateRequest.java:364) ~[ozone-manager-1.3.0-SNAPSHOT.jar:?]
	at org.apache.hadoop.ozone.om.request.file.OMFileCreateRequest.validateAndUpdateCache(OMFileCreateRequest.java:240) ~[ozone-manager-1.3.0-SNAPSHOT.jar:?]
	at org.apache.hadoop.ozone.protocolPB.OzoneManagerRequestHandler.handleWriteRequest(OzoneManagerRequestHandler.java:293) ~[ozone-manager-1.3.0-SNAPSHOT.jar:?]
	at org.apache.hadoop.ozone.protocolPB.OzoneManagerProtocolServerSideTranslatorPB.submitRequestDirectlyToOM(OzoneManagerProtocolServerSideTranslatorPB.java:282) ~[ozone-manager-1.3.0-SNAPSHOT.jar:?]
	at org.apache.hadoop.ozone.protocolPB.OzoneManagerProtocolServerSideTranslatorPB.processRequest(OzoneManagerProtocolServerSideTranslatorPB.java:205) ~[ozone-manager-1.3.0-SNAPSHOT.jar:?]
	at org.apache.hadoop.hdds.server.OzoneProtocolMessageDispatcher.processRequest(OzoneProtocolMessageDispatcher.java:87) [hdds-server-framework-1.3.0-SNAPSHOT.jar:?]
	at org.apache.hadoop.ozone.protocolPB.OzoneManagerProtocolServerSideTranslatorPB.submitRequest(OzoneManagerProtocolServerSideTranslatorPB.java:147) [ozone-manager-1.3.0-SNAPSHOT.jar:?]
	at org.apache.hadoop.ozone.protocol.proto.OzoneManagerProtocolProtos$OzoneManagerService$2.callBlockingMethod(OzoneManagerProtocolProtos.java) [ozone-interface-client-1.3.0-SNAPSHOT.jar:?]
	at org.apache.hadoop.ipc.ProtobufRpcEngine$Server.processCall(ProtobufRpcEngine.java:466) [hadoop-common-3.3.1.jar:?]
	at org.apache.hadoop.ipc.ProtobufRpcEngine2$Server$ProtoBufRpcInvoker.call(ProtobufRpcEngine2.java:574) [hadoop-common-3.3.1.jar:?]
	at org.apache.hadoop.ipc.ProtobufRpcEngine2$Server$ProtoBufRpcInvoker.call(ProtobufRpcEngine2.java:552) [hadoop-common-3.3.1.jar:?]
	at org.apache.hadoop.ipc.RPC$Server.call(RPC.java:1093) [hadoop-common-3.3.1.jar:?]
	at org.apache.hadoop.ipc.Server$RpcCall.run(Server.java:1035) [hadoop-common-3.3.1.jar:?]
	at org.apache.hadoop.ipc.Server$RpcCall.run(Server.java:963) [hadoop-common-3.3.1.jar:?]
	at java.security.AccessController.doPrivileged(Native Method) ~[?:1.8.0_332]
	at javax.security.auth.Subject.doAs(Subject.java:422) [?:1.8.0_332]
	at org.apache.hadoop.security.UserGroupInformation.doAs(UserGroupInformation.java:1878) [hadoop-common-3.3.1.jar:?]
	at org.apache.hadoop.ipc.Server$Handler.run(Server.java:2966) [hadoop-common-3.3.1.jar:?]
2022-06-24 23:46:32,755 [IPC Server handler 13 on default port 34097] ERROR file.OMFileCreateRequest (OMFileCreateRequest.java:validateAndUpdateCache(337)) - File create failed. Volume:volume05206, Bucket:bucket45514, Keyd1/d2/d3.
NOT_A_FILE org.apache.hadoop.ozone.om.exceptions.OMException: Can not write to directory: d1/d2/d3
	at org.apache.hadoop.ozone.om.request.file.OMFileCreateRequest.checkDirectoryResult(OMFileCreateRequest.java:364)
	at org.apache.hadoop.ozone.om.request.file.OMFileCreateRequest.validateAndUpdateCache(OMFileCreateRequest.java:240)
	at org.apache.hadoop.ozone.protocolPB.OzoneManagerRequestHandler.handleWriteRequest(OzoneManagerRequestHandler.java:293)
	at org.apache.hadoop.ozone.protocolPB.OzoneManagerProtocolServerSideTranslatorPB.submitRequestDirectlyToOM(OzoneManagerProtocolServerSideTranslatorPB.java:282)
	at org.apache.hadoop.ozone.protocolPB.OzoneManagerProtocolServerSideTranslatorPB.processRequest(OzoneManagerProtocolServerSideTranslatorPB.java:205)
	at org.apache.hadoop.hdds.server.OzoneProtocolMessageDispatcher.processRequest(OzoneProtocolMessageDispatcher.java:87)
	at org.apache.hadoop.ozone.protocolPB.OzoneManagerProtocolServerSideTranslatorPB.submitRequest(OzoneManagerProtocolServerSideTranslatorPB.java:147)
	at org.apache.hadoop.ozone.protocol.proto.OzoneManagerProtocolProtos$OzoneManagerService$2.callBlockingMethod(OzoneManagerProtocolProtos.java)
	at org.apache.hadoop.ipc.ProtobufRpcEngine$Server.processCall(ProtobufRpcEngine.java:466)
	at org.apache.hadoop.ipc.ProtobufRpcEngine2$Server$ProtoBufRpcInvoker.call(ProtobufRpcEngine2.java:574)
	at org.apache.hadoop.ipc.ProtobufRpcEngine2$Server$ProtoBufRpcInvoker.call(ProtobufRpcEngine2.java:552)
	at org.apache.hadoop.ipc.RPC$Server.call(RPC.java:1093)
	at org.apache.hadoop.ipc.Server$RpcCall.run(Server.java:1035)
	at org.apache.hadoop.ipc.Server$RpcCall.run(Server.java:963)
	at java.security.AccessController.doPrivileged(Native Method)
	at javax.security.auth.Subject.doAs(Subject.java:422)
	at org.apache.hadoop.security.UserGroupInformation.doAs(UserGroupInformation.java:1878)
	at org.apache.hadoop.ipc.Server$Handler.run(Server.java:2966)
23:46:32.756 [IPC Server handler 12 on default port 34097] ERROR OMAudit - user=runner | ip=127.0.0.1 | op=GET_FILE_STATUS {volume=volume05206, bucket=bucket45514, key=d1/d2/d3/d4/key3/invalid, dataSize=0, replicationConfig=null} | ret=FAILURE
org.apache.hadoop.ozone.om.exceptions.OMException: Unable to get file status: volume: volume05206 bucket: bucket45514 key: d1/d2/d3/d4/key3/invalid
	at org.apache.hadoop.ozone.om.KeyManagerImpl.getOzoneFileStatus(KeyManagerImpl.java:1311) ~[ozone-manager-1.3.0-SNAPSHOT.jar:?]
	at org.apache.hadoop.ozone.om.KeyManagerImpl.getFileStatus(KeyManagerImpl.java:1241) ~[ozone-manager-1.3.0-SNAPSHOT.jar:?]
	at org.apache.hadoop.ozone.om.OzoneManager.getFileStatus(OzoneManager.java:3419) ~[ozone-manager-1.3.0-SNAPSHOT.jar:?]
	at org.apache.hadoop.ozone.protocolPB.OzoneManagerRequestHandler.getOzoneFileStatus(OzoneManagerRequestHandler.java:871) ~[ozone-manager-1.3.0-SNAPSHOT.jar:?]
	at org.apache.hadoop.ozone.protocolPB.OzoneManagerRequestHandler.handleReadRequest(OzoneManagerRequestHandler.java:217) ~[ozone-manager-1.3.0-SNAPSHOT.jar:?]
	at org.apache.hadoop.ozone.protocolPB.OzoneManagerProtocolServerSideTranslatorPB.submitRequestDirectlyToOM(OzoneManagerProtocolServerSideTranslatorPB.java:276) ~[ozone-manager-1.3.0-SNAPSHOT.jar:?]
	at org.apache.hadoop.ozone.protocolPB.OzoneManagerProtocolServerSideTranslatorPB.processRequest(OzoneManagerProtocolServerSideTranslatorPB.java:205) ~[ozone-manager-1.3.0-SNAPSHOT.jar:?]
	at org.apache.hadoop.hdds.server.OzoneProtocolMessageDispatcher.processRequest(OzoneProtocolMessageDispatcher.java:87) [hdds-server-framework-1.3.0-SNAPSHOT.jar:?]
	at org.apache.hadoop.ozone.protocolPB.OzoneManagerProtocolServerSideTranslatorPB.submitRequest(OzoneManagerProtocolServerSideTranslatorPB.java:147) [ozone-manager-1.3.0-SNAPSHOT.jar:?]
	at org.apache.hadoop.ozone.protocol.proto.OzoneManagerProtocolProtos$OzoneManagerService$2.callBlockingMethod(OzoneManagerProtocolProtos.java) [ozone-interface-client-1.3.0-SNAPSHOT.jar:?]
	at org.apache.hadoop.ipc.ProtobufRpcEngine$Server.processCall(ProtobufRpcEngine.java:466) [hadoop-common-3.3.1.jar:?]
	at org.apache.hadoop.ipc.ProtobufRpcEngine2$Server$ProtoBufRpcInvoker.call(ProtobufRpcEngine2.java:574) [hadoop-common-3.3.1.jar:?]
	at org.apache.hadoop.ipc.ProtobufRpcEngine2$Server$ProtoBufRpcInvoker.call(ProtobufRpcEngine2.java:552) [hadoop-common-3.3.1.jar:?]
	at org.apache.hadoop.ipc.RPC$Server.call(RPC.java:1093) [hadoop-common-3.3.1.jar:?]
	at org.apache.hadoop.ipc.Server$RpcCall.run(Server.java:1035) [hadoop-common-3.3.1.jar:?]
	at org.apache.hadoop.ipc.Server$RpcCall.run(Server.java:963) [hadoop-common-3.3.1.jar:?]
	at java.security.AccessController.doPrivileged(Native Method) ~[?:1.8.0_332]
	at javax.security.auth.Subject.doAs(Subject.java:422) [?:1.8.0_332]
	at org.apache.hadoop.security.UserGroupInformation.doAs(UserGroupInformation.java:1878) [hadoop-common-3.3.1.jar:?]
	at org.apache.hadoop.ipc.Server$Handler.run(Server.java:2966) [hadoop-common-3.3.1.jar:?]
23:46:32.757 [IPC Server handler 10 on default port 34097] ERROR OMAudit - user=runner | ip=127.0.0.1 | op=GET_FILE_STATUS {volume=volume05206, bucket=bucket45514, key=d1/d2/d3/d4/invalidkey, dataSize=0, replicationConfig=null} | ret=FAILURE
org.apache.hadoop.ozone.om.exceptions.OMException: Unable to get file status: volume: volume05206 bucket: bucket45514 key: d1/d2/d3/d4/invalidkey
	at org.apache.hadoop.ozone.om.KeyManagerImpl.getOzoneFileStatus(KeyManagerImpl.java:1311) ~[ozone-manager-1.3.0-SNAPSHOT.jar:?]
	at org.apache.hadoop.ozone.om.KeyManagerImpl.getFileStatus(KeyManagerImpl.java:1241) ~[ozone-manager-1.3.0-SNAPSHOT.jar:?]
	at org.apache.hadoop.ozone.om.OzoneManager.getFileStatus(OzoneManager.java:3419) ~[ozone-manager-1.3.0-SNAPSHOT.jar:?]
	at org.apache.hadoop.ozone.protocolPB.OzoneManagerRequestHandler.getOzoneFileStatus(OzoneManagerRequestHandler.java:871) ~[ozone-manager-1.3.0-SNAPSHOT.jar:?]
	at org.apache.hadoop.ozone.protocolPB.OzoneManagerRequestHandler.handleReadRequest(OzoneManagerRequestHandler.java:217) ~[ozone-manager-1.3.0-SNAPSHOT.jar:?]
	at org.apache.hadoop.ozone.protocolPB.OzoneManagerProtocolServerSideTranslatorPB.submitRequestDirectlyToOM(OzoneManagerProtocolServerSideTranslatorPB.java:276) ~[ozone-manager-1.3.0-SNAPSHOT.jar:?]
	at org.apache.hadoop.ozone.protocolPB.OzoneManagerProtocolServerSideTranslatorPB.processRequest(OzoneManagerProtocolServerSideTranslatorPB.java:205) ~[ozone-manager-1.3.0-SNAPSHOT.jar:?]
	at org.apache.hadoop.hdds.server.OzoneProtocolMessageDispatcher.processRequest(OzoneProtocolMessageDispatcher.java:87) [hdds-server-framework-1.3.0-SNAPSHOT.jar:?]
	at org.apache.hadoop.ozone.protocolPB.OzoneManagerProtocolServerSideTranslatorPB.submitRequest(OzoneManagerProtocolServerSideTranslatorPB.java:147) [ozone-manager-1.3.0-SNAPSHOT.jar:?]
	at org.apache.hadoop.ozone.protocol.proto.OzoneManagerProtocolProtos$OzoneManagerService$2.callBlockingMethod(OzoneManagerProtocolProtos.java) [ozone-interface-client-1.3.0-SNAPSHOT.jar:?]
	at org.apache.hadoop.ipc.ProtobufRpcEngine$Server.processCall(ProtobufRpcEngine.java:466) [hadoop-common-3.3.1.jar:?]
	at org.apache.hadoop.ipc.ProtobufRpcEngine2$Server$ProtoBufRpcInvoker.call(ProtobufRpcEngine2.java:574) [hadoop-common-3.3.1.jar:?]
	at org.apache.hadoop.ipc.ProtobufRpcEngine2$Server$ProtoBufRpcInvoker.call(ProtobufRpcEngine2.java:552) [hadoop-common-3.3.1.jar:?]
	at org.apache.hadoop.ipc.RPC$Server.call(RPC.java:1093) [hadoop-common-3.3.1.jar:?]
	at org.apache.hadoop.ipc.Server$RpcCall.run(Server.java:1035) [hadoop-common-3.3.1.jar:?]
	at org.apache.hadoop.ipc.Server$RpcCall.run(Server.java:963) [hadoop-common-3.3.1.jar:?]
	at java.security.AccessController.doPrivileged(Native Method) ~[?:1.8.0_332]
	at javax.security.auth.Subject.doAs(Subject.java:422) [?:1.8.0_332]
	at org.apache.hadoop.security.UserGroupInformation.doAs(UserGroupInformation.java:1878) [hadoop-common-3.3.1.jar:?]
	at org.apache.hadoop.ipc.Server$Handler.run(Server.java:2966) [hadoop-common-3.3.1.jar:?]
]]></system-out>
  </testcase>
  <testcase name="testCreateFileShouldCheckExistenceOfDirWithSameName" classname="TestOzoneFileSystem" time="0.071">
    <system-out><![CDATA[23:49:34.865 [OM StateMachine ApplyTransaction Thread - 0] ERROR OMAudit - user=runner | ip=127.0.0.1 | op=CREATE_FILE {volume=volume99794, bucket=bucket10019, key=d1/d2/d3/d4/key2, dataSize=4194304, replicationType=RATIS, replicationFactor=THREE} | ret=FAILURE
org.apache.hadoop.ozone.om.exceptions.OMException: Can not write to directory: d1/d2/d3/d4/key2
	at org.apache.hadoop.ozone.om.request.file.OMFileCreateRequest.checkDirectoryResult(OMFileCreateRequest.java:364) ~[ozone-manager-1.3.0-SNAPSHOT.jar:?]
	at org.apache.hadoop.ozone.om.request.file.OMFileCreateRequest.validateAndUpdateCache(OMFileCreateRequest.java:240) ~[ozone-manager-1.3.0-SNAPSHOT.jar:?]
	at org.apache.hadoop.ozone.protocolPB.OzoneManagerRequestHandler.handleWriteRequest(OzoneManagerRequestHandler.java:293) ~[ozone-manager-1.3.0-SNAPSHOT.jar:?]
	at org.apache.hadoop.ozone.om.ratis.OzoneManagerStateMachine.runCommand(OzoneManagerStateMachine.java:529) ~[ozone-manager-1.3.0-SNAPSHOT.jar:?]
	at org.apache.hadoop.ozone.om.ratis.OzoneManagerStateMachine.lambda$1(OzoneManagerStateMachine.java:324) ~[ozone-manager-1.3.0-SNAPSHOT.jar:?]
	at java.util.concurrent.CompletableFuture$AsyncSupply.run(CompletableFuture.java:1604) [?:1.8.0_332]
	at java.util.concurrent.ThreadPoolExecutor.runWorker(ThreadPoolExecutor.java:1149) [?:1.8.0_332]
	at java.util.concurrent.ThreadPoolExecutor$Worker.run(ThreadPoolExecutor.java:624) [?:1.8.0_332]
	at java.lang.Thread.run(Thread.java:750) [?:1.8.0_332]
2022-06-24 23:49:34,865 [OM StateMachine ApplyTransaction Thread - 0] ERROR file.OMFileCreateRequest (OMFileCreateRequest.java:validateAndUpdateCache(337)) - File create failed. Volume:volume99794, Bucket:bucket10019, Keyd1/d2/d3/d4/key2.
NOT_A_FILE org.apache.hadoop.ozone.om.exceptions.OMException: Can not write to directory: d1/d2/d3/d4/key2
	at org.apache.hadoop.ozone.om.request.file.OMFileCreateRequest.checkDirectoryResult(OMFileCreateRequest.java:364)
	at org.apache.hadoop.ozone.om.request.file.OMFileCreateRequest.validateAndUpdateCache(OMFileCreateRequest.java:240)
	at org.apache.hadoop.ozone.protocolPB.OzoneManagerRequestHandler.handleWriteRequest(OzoneManagerRequestHandler.java:293)
	at org.apache.hadoop.ozone.om.ratis.OzoneManagerStateMachine.runCommand(OzoneManagerStateMachine.java:529)
	at org.apache.hadoop.ozone.om.ratis.OzoneManagerStateMachine.lambda$1(OzoneManagerStateMachine.java:324)
	at java.util.concurrent.CompletableFuture$AsyncSupply.run(CompletableFuture.java:1604)
	at java.util.concurrent.ThreadPoolExecutor.runWorker(ThreadPoolExecutor.java:1149)
	at java.util.concurrent.ThreadPoolExecutor$Worker.run(ThreadPoolExecutor.java:624)
	at java.lang.Thread.run(Thread.java:750)
23:49:34.876 [OM StateMachine ApplyTransaction Thread - 0] ERROR OMAudit - user=runner | ip=127.0.0.1 | op=CREATE_DIRECTORY {volume=volume99794, bucket=bucket10019, key=d1/d2/d3/d4/key3, dataSize=0, replicationType=NONE, replicationFactor=ZERO} | ret=FAILURE
org.apache.hadoop.ozone.om.exceptions.OMException: Unable to create directory: d1/d2/d3/d4/key3 in volume/bucket: volume99794/bucket10019
	at org.apache.hadoop.ozone.om.request.file.OMDirectoryCreateRequest.validateAndUpdateCache(OMDirectoryCreateRequest.java:198) ~[ozone-manager-1.3.0-SNAPSHOT.jar:?]
	at org.apache.hadoop.ozone.protocolPB.OzoneManagerRequestHandler.handleWriteRequest(OzoneManagerRequestHandler.java:293) ~[ozone-manager-1.3.0-SNAPSHOT.jar:?]
	at org.apache.hadoop.ozone.om.ratis.OzoneManagerStateMachine.runCommand(OzoneManagerStateMachine.java:529) ~[ozone-manager-1.3.0-SNAPSHOT.jar:?]
	at org.apache.hadoop.ozone.om.ratis.OzoneManagerStateMachine.lambda$1(OzoneManagerStateMachine.java:324) ~[ozone-manager-1.3.0-SNAPSHOT.jar:?]
	at java.util.concurrent.CompletableFuture$AsyncSupply.run(CompletableFuture.java:1604) [?:1.8.0_332]
	at java.util.concurrent.ThreadPoolExecutor.runWorker(ThreadPoolExecutor.java:1149) [?:1.8.0_332]
	at java.util.concurrent.ThreadPoolExecutor$Worker.run(ThreadPoolExecutor.java:624) [?:1.8.0_332]
	at java.lang.Thread.run(Thread.java:750) [?:1.8.0_332]
2022-06-24 23:49:34,876 [OM StateMachine ApplyTransaction Thread - 0] ERROR file.OMDirectoryCreateRequest (OMDirectoryCreateRequest.java:logResult(331)) - Directory creation failed. Volume:volume99794, Bucket:bucket10019, Keyd1/d2/d3/d4/key3. Exception:{}
FILE_ALREADY_EXISTS org.apache.hadoop.ozone.om.exceptions.OMException: Unable to create directory: d1/d2/d3/d4/key3 in volume/bucket: volume99794/bucket10019
	at org.apache.hadoop.ozone.om.request.file.OMDirectoryCreateRequest.validateAndUpdateCache(OMDirectoryCreateRequest.java:198)
	at org.apache.hadoop.ozone.protocolPB.OzoneManagerRequestHandler.handleWriteRequest(OzoneManagerRequestHandler.java:293)
	at org.apache.hadoop.ozone.om.ratis.OzoneManagerStateMachine.runCommand(OzoneManagerStateMachine.java:529)
	at org.apache.hadoop.ozone.om.ratis.OzoneManagerStateMachine.lambda$1(OzoneManagerStateMachine.java:324)
	at java.util.concurrent.CompletableFuture$AsyncSupply.run(CompletableFuture.java:1604)
	at java.util.concurrent.ThreadPoolExecutor.runWorker(ThreadPoolExecutor.java:1149)
	at java.util.concurrent.ThreadPoolExecutor$Worker.run(ThreadPoolExecutor.java:624)
	at java.lang.Thread.run(Thread.java:750)
23:49:34.881 [OM StateMachine ApplyTransaction Thread - 0] ERROR OMAudit - user=runner | ip=127.0.0.1 | op=CREATE_FILE {volume=volume99794, bucket=bucket10019, key=d1/d2/d3, dataSize=4194304, replicationType=RATIS, replicationFactor=THREE} | ret=FAILURE
org.apache.hadoop.ozone.om.exceptions.OMException: Can not write to directory: d1/d2/d3
	at org.apache.hadoop.ozone.om.request.file.OMFileCreateRequest.checkDirectoryResult(OMFileCreateRequest.java:364) ~[ozone-manager-1.3.0-SNAPSHOT.jar:?]
	at org.apache.hadoop.ozone.om.request.file.OMFileCreateRequest.validateAndUpdateCache(OMFileCreateRequest.java:240) ~[ozone-manager-1.3.0-SNAPSHOT.jar:?]
	at org.apache.hadoop.ozone.protocolPB.OzoneManagerRequestHandler.handleWriteRequest(OzoneManagerRequestHandler.java:293) ~[ozone-manager-1.3.0-SNAPSHOT.jar:?]
	at org.apache.hadoop.ozone.om.ratis.OzoneManagerStateMachine.runCommand(OzoneManagerStateMachine.java:529) ~[ozone-manager-1.3.0-SNAPSHOT.jar:?]
	at org.apache.hadoop.ozone.om.ratis.OzoneManagerStateMachine.lambda$1(OzoneManagerStateMachine.java:324) ~[ozone-manager-1.3.0-SNAPSHOT.jar:?]
	at java.util.concurrent.CompletableFuture$AsyncSupply.run(CompletableFuture.java:1604) [?:1.8.0_332]
	at java.util.concurrent.ThreadPoolExecutor.runWorker(ThreadPoolExecutor.java:1149) [?:1.8.0_332]
	at java.util.concurrent.ThreadPoolExecutor$Worker.run(ThreadPoolExecutor.java:624) [?:1.8.0_332]
	at java.lang.Thread.run(Thread.java:750) [?:1.8.0_332]
2022-06-24 23:49:34,881 [OM StateMachine ApplyTransaction Thread - 0] ERROR file.OMFileCreateRequest (OMFileCreateRequest.java:validateAndUpdateCache(337)) - File create failed. Volume:volume99794, Bucket:bucket10019, Keyd1/d2/d3.
NOT_A_FILE org.apache.hadoop.ozone.om.exceptions.OMException: Can not write to directory: d1/d2/d3
	at org.apache.hadoop.ozone.om.request.file.OMFileCreateRequest.checkDirectoryResult(OMFileCreateRequest.java:364)
	at org.apache.hadoop.ozone.om.request.file.OMFileCreateRequest.validateAndUpdateCache(OMFileCreateRequest.java:240)
	at org.apache.hadoop.ozone.protocolPB.OzoneManagerRequestHandler.handleWriteRequest(OzoneManagerRequestHandler.java:293)
	at org.apache.hadoop.ozone.om.ratis.OzoneManagerStateMachine.runCommand(OzoneManagerStateMachine.java:529)
	at org.apache.hadoop.ozone.om.ratis.OzoneManagerStateMachine.lambda$1(OzoneManagerStateMachine.java:324)
	at java.util.concurrent.CompletableFuture$AsyncSupply.run(CompletableFuture.java:1604)
	at java.util.concurrent.ThreadPoolExecutor.runWorker(ThreadPoolExecutor.java:1149)
	at java.util.concurrent.ThreadPoolExecutor$Worker.run(ThreadPoolExecutor.java:624)
	at java.lang.Thread.run(Thread.java:750)
23:49:34.885 [IPC Server handler 8 on default port 33165] ERROR OMAudit - user=runner | ip=127.0.0.1 | op=GET_FILE_STATUS {volume=volume99794, bucket=bucket10019, key=d1/d2/d3/d4/key3/invalid, dataSize=0, replicationConfig=null} | ret=FAILURE
org.apache.hadoop.ozone.om.exceptions.OMException: Unable to get file status: volume: volume99794 bucket: bucket10019 key: d1/d2/d3/d4/key3/invalid
	at org.apache.hadoop.ozone.om.KeyManagerImpl.getOzoneFileStatus(KeyManagerImpl.java:1311) ~[ozone-manager-1.3.0-SNAPSHOT.jar:?]
	at org.apache.hadoop.ozone.om.KeyManagerImpl.getFileStatus(KeyManagerImpl.java:1241) ~[ozone-manager-1.3.0-SNAPSHOT.jar:?]
	at org.apache.hadoop.ozone.om.OzoneManager.getFileStatus(OzoneManager.java:3419) ~[ozone-manager-1.3.0-SNAPSHOT.jar:?]
	at org.apache.hadoop.ozone.protocolPB.OzoneManagerRequestHandler.getOzoneFileStatus(OzoneManagerRequestHandler.java:871) ~[ozone-manager-1.3.0-SNAPSHOT.jar:?]
	at org.apache.hadoop.ozone.protocolPB.OzoneManagerRequestHandler.handleReadRequest(OzoneManagerRequestHandler.java:217) ~[ozone-manager-1.3.0-SNAPSHOT.jar:?]
	at org.apache.hadoop.ozone.protocolPB.OzoneManagerProtocolServerSideTranslatorPB.submitReadRequestToOM(OzoneManagerProtocolServerSideTranslatorPB.java:226) ~[ozone-manager-1.3.0-SNAPSHOT.jar:?]
	at org.apache.hadoop.ozone.protocolPB.OzoneManagerProtocolServerSideTranslatorPB.processRequest(OzoneManagerProtocolServerSideTranslatorPB.java:175) ~[ozone-manager-1.3.0-SNAPSHOT.jar:?]
	at org.apache.hadoop.hdds.server.OzoneProtocolMessageDispatcher.processRequest(OzoneProtocolMessageDispatcher.java:87) [hdds-server-framework-1.3.0-SNAPSHOT.jar:?]
	at org.apache.hadoop.ozone.protocolPB.OzoneManagerProtocolServerSideTranslatorPB.submitRequest(OzoneManagerProtocolServerSideTranslatorPB.java:147) [ozone-manager-1.3.0-SNAPSHOT.jar:?]
	at org.apache.hadoop.ozone.protocol.proto.OzoneManagerProtocolProtos$OzoneManagerService$2.callBlockingMethod(OzoneManagerProtocolProtos.java) [ozone-interface-client-1.3.0-SNAPSHOT.jar:?]
	at org.apache.hadoop.ipc.ProtobufRpcEngine$Server.processCall(ProtobufRpcEngine.java:466) [hadoop-common-3.3.1.jar:?]
	at org.apache.hadoop.ipc.ProtobufRpcEngine2$Server$ProtoBufRpcInvoker.call(ProtobufRpcEngine2.java:574) [hadoop-common-3.3.1.jar:?]
	at org.apache.hadoop.ipc.ProtobufRpcEngine2$Server$ProtoBufRpcInvoker.call(ProtobufRpcEngine2.java:552) [hadoop-common-3.3.1.jar:?]
	at org.apache.hadoop.ipc.RPC$Server.call(RPC.java:1093) [hadoop-common-3.3.1.jar:?]
	at org.apache.hadoop.ipc.Server$RpcCall.run(Server.java:1035) [hadoop-common-3.3.1.jar:?]
	at org.apache.hadoop.ipc.Server$RpcCall.run(Server.java:963) [hadoop-common-3.3.1.jar:?]
	at java.security.AccessController.doPrivileged(Native Method) ~[?:1.8.0_332]
	at javax.security.auth.Subject.doAs(Subject.java:422) [?:1.8.0_332]
	at org.apache.hadoop.security.UserGroupInformation.doAs(UserGroupInformation.java:1878) [hadoop-common-3.3.1.jar:?]
	at org.apache.hadoop.ipc.Server$Handler.run(Server.java:2966) [hadoop-common-3.3.1.jar:?]
23:49:34.886 [IPC Server handler 2 on default port 33165] ERROR OMAudit - user=runner | ip=127.0.0.1 | op=GET_FILE_STATUS {volume=volume99794, bucket=bucket10019, key=d1/d2/d3/d4/invalidkey, dataSize=0, replicationConfig=null} | ret=FAILURE
org.apache.hadoop.ozone.om.exceptions.OMException: Unable to get file status: volume: volume99794 bucket: bucket10019 key: d1/d2/d3/d4/invalidkey
	at org.apache.hadoop.ozone.om.KeyManagerImpl.getOzoneFileStatus(KeyManagerImpl.java:1311) ~[ozone-manager-1.3.0-SNAPSHOT.jar:?]
	at org.apache.hadoop.ozone.om.KeyManagerImpl.getFileStatus(KeyManagerImpl.java:1241) ~[ozone-manager-1.3.0-SNAPSHOT.jar:?]
	at org.apache.hadoop.ozone.om.OzoneManager.getFileStatus(OzoneManager.java:3419) ~[ozone-manager-1.3.0-SNAPSHOT.jar:?]
	at org.apache.hadoop.ozone.protocolPB.OzoneManagerRequestHandler.getOzoneFileStatus(OzoneManagerRequestHandler.java:871) ~[ozone-manager-1.3.0-SNAPSHOT.jar:?]
	at org.apache.hadoop.ozone.protocolPB.OzoneManagerRequestHandler.handleReadRequest(OzoneManagerRequestHandler.java:217) ~[ozone-manager-1.3.0-SNAPSHOT.jar:?]
	at org.apache.hadoop.ozone.protocolPB.OzoneManagerProtocolServerSideTranslatorPB.submitReadRequestToOM(OzoneManagerProtocolServerSideTranslatorPB.java:226) ~[ozone-manager-1.3.0-SNAPSHOT.jar:?]
	at org.apache.hadoop.ozone.protocolPB.OzoneManagerProtocolServerSideTranslatorPB.processRequest(OzoneManagerProtocolServerSideTranslatorPB.java:175) ~[ozone-manager-1.3.0-SNAPSHOT.jar:?]
	at org.apache.hadoop.hdds.server.OzoneProtocolMessageDispatcher.processRequest(OzoneProtocolMessageDispatcher.java:87) [hdds-server-framework-1.3.0-SNAPSHOT.jar:?]
	at org.apache.hadoop.ozone.protocolPB.OzoneManagerProtocolServerSideTranslatorPB.submitRequest(OzoneManagerProtocolServerSideTranslatorPB.java:147) [ozone-manager-1.3.0-SNAPSHOT.jar:?]
	at org.apache.hadoop.ozone.protocol.proto.OzoneManagerProtocolProtos$OzoneManagerService$2.callBlockingMethod(OzoneManagerProtocolProtos.java) [ozone-interface-client-1.3.0-SNAPSHOT.jar:?]
	at org.apache.hadoop.ipc.ProtobufRpcEngine$Server.processCall(ProtobufRpcEngine.java:466) [hadoop-common-3.3.1.jar:?]
	at org.apache.hadoop.ipc.ProtobufRpcEngine2$Server$ProtoBufRpcInvoker.call(ProtobufRpcEngine2.java:574) [hadoop-common-3.3.1.jar:?]
	at org.apache.hadoop.ipc.ProtobufRpcEngine2$Server$ProtoBufRpcInvoker.call(ProtobufRpcEngine2.java:552) [hadoop-common-3.3.1.jar:?]
	at org.apache.hadoop.ipc.RPC$Server.call(RPC.java:1093) [hadoop-common-3.3.1.jar:?]
	at org.apache.hadoop.ipc.Server$RpcCall.run(Server.java:1035) [hadoop-common-3.3.1.jar:?]
	at org.apache.hadoop.ipc.Server$RpcCall.run(Server.java:963) [hadoop-common-3.3.1.jar:?]
	at java.security.AccessController.doPrivileged(Native Method) ~[?:1.8.0_332]
	at javax.security.auth.Subject.doAs(Subject.java:422) [?:1.8.0_332]
	at org.apache.hadoop.security.UserGroupInformation.doAs(UserGroupInformation.java:1878) [hadoop-common-3.3.1.jar:?]
	at org.apache.hadoop.ipc.Server$Handler.run(Server.java:2966) [hadoop-common-3.3.1.jar:?]
]]></system-out>
  </testcase>
  <testcase name="testCreateFileShouldCheckExistenceOfDirWithSameName" classname="TestOzoneFileSystem" time="0.057">
    <system-out><![CDATA[23:50:48.264 [IPC Server handler 5 on default port 33563] ERROR OMAudit - user=runner | ip=127.0.0.1 | op=CREATE_FILE {volume=volume50176, bucket=bucket31866, key=d1/d2/d3/d4/key2, dataSize=4194304, replicationType=RATIS, replicationFactor=THREE} | ret=FAILURE
org.apache.hadoop.ozone.om.exceptions.OMException: Can not write to directory: d1/d2/d3/d4/key2
	at org.apache.hadoop.ozone.om.request.file.OMFileCreateRequest.checkDirectoryResult(OMFileCreateRequest.java:364) ~[ozone-manager-1.3.0-SNAPSHOT.jar:?]
	at org.apache.hadoop.ozone.om.request.file.OMFileCreateRequest.validateAndUpdateCache(OMFileCreateRequest.java:240) ~[ozone-manager-1.3.0-SNAPSHOT.jar:?]
	at org.apache.hadoop.ozone.protocolPB.OzoneManagerRequestHandler.handleWriteRequest(OzoneManagerRequestHandler.java:293) ~[ozone-manager-1.3.0-SNAPSHOT.jar:?]
	at org.apache.hadoop.ozone.protocolPB.OzoneManagerProtocolServerSideTranslatorPB.submitRequestDirectlyToOM(OzoneManagerProtocolServerSideTranslatorPB.java:282) ~[ozone-manager-1.3.0-SNAPSHOT.jar:?]
	at org.apache.hadoop.ozone.protocolPB.OzoneManagerProtocolServerSideTranslatorPB.processRequest(OzoneManagerProtocolServerSideTranslatorPB.java:205) ~[ozone-manager-1.3.0-SNAPSHOT.jar:?]
	at org.apache.hadoop.hdds.server.OzoneProtocolMessageDispatcher.processRequest(OzoneProtocolMessageDispatcher.java:87) [hdds-server-framework-1.3.0-SNAPSHOT.jar:?]
	at org.apache.hadoop.ozone.protocolPB.OzoneManagerProtocolServerSideTranslatorPB.submitRequest(OzoneManagerProtocolServerSideTranslatorPB.java:147) [ozone-manager-1.3.0-SNAPSHOT.jar:?]
	at org.apache.hadoop.ozone.protocol.proto.OzoneManagerProtocolProtos$OzoneManagerService$2.callBlockingMethod(OzoneManagerProtocolProtos.java) [ozone-interface-client-1.3.0-SNAPSHOT.jar:?]
	at org.apache.hadoop.ipc.ProtobufRpcEngine$Server.processCall(ProtobufRpcEngine.java:466) [hadoop-common-3.3.1.jar:?]
	at org.apache.hadoop.ipc.ProtobufRpcEngine2$Server$ProtoBufRpcInvoker.call(ProtobufRpcEngine2.java:574) [hadoop-common-3.3.1.jar:?]
	at org.apache.hadoop.ipc.ProtobufRpcEngine2$Server$ProtoBufRpcInvoker.call(ProtobufRpcEngine2.java:552) [hadoop-common-3.3.1.jar:?]
	at org.apache.hadoop.ipc.RPC$Server.call(RPC.java:1093) [hadoop-common-3.3.1.jar:?]
	at org.apache.hadoop.ipc.Server$RpcCall.run(Server.java:1035) [hadoop-common-3.3.1.jar:?]
	at org.apache.hadoop.ipc.Server$RpcCall.run(Server.java:963) [hadoop-common-3.3.1.jar:?]
	at java.security.AccessController.doPrivileged(Native Method) ~[?:1.8.0_332]
	at javax.security.auth.Subject.doAs(Subject.java:422) [?:1.8.0_332]
	at org.apache.hadoop.security.UserGroupInformation.doAs(UserGroupInformation.java:1878) [hadoop-common-3.3.1.jar:?]
	at org.apache.hadoop.ipc.Server$Handler.run(Server.java:2966) [hadoop-common-3.3.1.jar:?]
2022-06-24 23:50:48,264 [IPC Server handler 5 on default port 33563] ERROR file.OMFileCreateRequest (OMFileCreateRequest.java:validateAndUpdateCache(337)) - File create failed. Volume:volume50176, Bucket:bucket31866, Keyd1/d2/d3/d4/key2.
NOT_A_FILE org.apache.hadoop.ozone.om.exceptions.OMException: Can not write to directory: d1/d2/d3/d4/key2
	at org.apache.hadoop.ozone.om.request.file.OMFileCreateRequest.checkDirectoryResult(OMFileCreateRequest.java:364)
	at org.apache.hadoop.ozone.om.request.file.OMFileCreateRequest.validateAndUpdateCache(OMFileCreateRequest.java:240)
	at org.apache.hadoop.ozone.protocolPB.OzoneManagerRequestHandler.handleWriteRequest(OzoneManagerRequestHandler.java:293)
	at org.apache.hadoop.ozone.protocolPB.OzoneManagerProtocolServerSideTranslatorPB.submitRequestDirectlyToOM(OzoneManagerProtocolServerSideTranslatorPB.java:282)
	at org.apache.hadoop.ozone.protocolPB.OzoneManagerProtocolServerSideTranslatorPB.processRequest(OzoneManagerProtocolServerSideTranslatorPB.java:205)
	at org.apache.hadoop.hdds.server.OzoneProtocolMessageDispatcher.processRequest(OzoneProtocolMessageDispatcher.java:87)
	at org.apache.hadoop.ozone.protocolPB.OzoneManagerProtocolServerSideTranslatorPB.submitRequest(OzoneManagerProtocolServerSideTranslatorPB.java:147)
	at org.apache.hadoop.ozone.protocol.proto.OzoneManagerProtocolProtos$OzoneManagerService$2.callBlockingMethod(OzoneManagerProtocolProtos.java)
	at org.apache.hadoop.ipc.ProtobufRpcEngine$Server.processCall(ProtobufRpcEngine.java:466)
	at org.apache.hadoop.ipc.ProtobufRpcEngine2$Server$ProtoBufRpcInvoker.call(ProtobufRpcEngine2.java:574)
	at org.apache.hadoop.ipc.ProtobufRpcEngine2$Server$ProtoBufRpcInvoker.call(ProtobufRpcEngine2.java:552)
	at org.apache.hadoop.ipc.RPC$Server.call(RPC.java:1093)
	at org.apache.hadoop.ipc.Server$RpcCall.run(Server.java:1035)
	at org.apache.hadoop.ipc.Server$RpcCall.run(Server.java:963)
	at java.security.AccessController.doPrivileged(Native Method)
	at javax.security.auth.Subject.doAs(Subject.java:422)
	at org.apache.hadoop.security.UserGroupInformation.doAs(UserGroupInformation.java:1878)
	at org.apache.hadoop.ipc.Server$Handler.run(Server.java:2966)
23:50:48.275 [IPC Server handler 2 on default port 33563] ERROR OMAudit - user=runner | ip=127.0.0.1 | op=CREATE_DIRECTORY {volume=volume50176, bucket=bucket31866, key=d1/d2/d3/d4/key3, dataSize=0, replicationType=NONE, replicationFactor=ZERO} | ret=FAILURE
org.apache.hadoop.ozone.om.exceptions.OMException: Unable to create directory: d1/d2/d3/d4/key3 in volume/bucket: volume50176/bucket31866
	at org.apache.hadoop.ozone.om.request.file.OMDirectoryCreateRequest.validateAndUpdateCache(OMDirectoryCreateRequest.java:198) ~[ozone-manager-1.3.0-SNAPSHOT.jar:?]
	at org.apache.hadoop.ozone.protocolPB.OzoneManagerRequestHandler.handleWriteRequest(OzoneManagerRequestHandler.java:293) ~[ozone-manager-1.3.0-SNAPSHOT.jar:?]
	at org.apache.hadoop.ozone.protocolPB.OzoneManagerProtocolServerSideTranslatorPB.submitRequestDirectlyToOM(OzoneManagerProtocolServerSideTranslatorPB.java:282) ~[ozone-manager-1.3.0-SNAPSHOT.jar:?]
	at org.apache.hadoop.ozone.protocolPB.OzoneManagerProtocolServerSideTranslatorPB.processRequest(OzoneManagerProtocolServerSideTranslatorPB.java:205) ~[ozone-manager-1.3.0-SNAPSHOT.jar:?]
	at org.apache.hadoop.hdds.server.OzoneProtocolMessageDispatcher.processRequest(OzoneProtocolMessageDispatcher.java:87) [hdds-server-framework-1.3.0-SNAPSHOT.jar:?]
	at org.apache.hadoop.ozone.protocolPB.OzoneManagerProtocolServerSideTranslatorPB.submitRequest(OzoneManagerProtocolServerSideTranslatorPB.java:147) [ozone-manager-1.3.0-SNAPSHOT.jar:?]
	at org.apache.hadoop.ozone.protocol.proto.OzoneManagerProtocolProtos$OzoneManagerService$2.callBlockingMethod(OzoneManagerProtocolProtos.java) [ozone-interface-client-1.3.0-SNAPSHOT.jar:?]
	at org.apache.hadoop.ipc.ProtobufRpcEngine$Server.processCall(ProtobufRpcEngine.java:466) [hadoop-common-3.3.1.jar:?]
	at org.apache.hadoop.ipc.ProtobufRpcEngine2$Server$ProtoBufRpcInvoker.call(ProtobufRpcEngine2.java:574) [hadoop-common-3.3.1.jar:?]
	at org.apache.hadoop.ipc.ProtobufRpcEngine2$Server$ProtoBufRpcInvoker.call(ProtobufRpcEngine2.java:552) [hadoop-common-3.3.1.jar:?]
	at org.apache.hadoop.ipc.RPC$Server.call(RPC.java:1093) [hadoop-common-3.3.1.jar:?]
	at org.apache.hadoop.ipc.Server$RpcCall.run(Server.java:1035) [hadoop-common-3.3.1.jar:?]
	at org.apache.hadoop.ipc.Server$RpcCall.run(Server.java:963) [hadoop-common-3.3.1.jar:?]
	at java.security.AccessController.doPrivileged(Native Method) ~[?:1.8.0_332]
	at javax.security.auth.Subject.doAs(Subject.java:422) [?:1.8.0_332]
	at org.apache.hadoop.security.UserGroupInformation.doAs(UserGroupInformation.java:1878) [hadoop-common-3.3.1.jar:?]
	at org.apache.hadoop.ipc.Server$Handler.run(Server.java:2966) [hadoop-common-3.3.1.jar:?]
2022-06-24 23:50:48,275 [IPC Server handler 2 on default port 33563] ERROR file.OMDirectoryCreateRequest (OMDirectoryCreateRequest.java:logResult(331)) - Directory creation failed. Volume:volume50176, Bucket:bucket31866, Keyd1/d2/d3/d4/key3. Exception:{}
FILE_ALREADY_EXISTS org.apache.hadoop.ozone.om.exceptions.OMException: Unable to create directory: d1/d2/d3/d4/key3 in volume/bucket: volume50176/bucket31866
	at org.apache.hadoop.ozone.om.request.file.OMDirectoryCreateRequest.validateAndUpdateCache(OMDirectoryCreateRequest.java:198)
	at org.apache.hadoop.ozone.protocolPB.OzoneManagerRequestHandler.handleWriteRequest(OzoneManagerRequestHandler.java:293)
	at org.apache.hadoop.ozone.protocolPB.OzoneManagerProtocolServerSideTranslatorPB.submitRequestDirectlyToOM(OzoneManagerProtocolServerSideTranslatorPB.java:282)
	at org.apache.hadoop.ozone.protocolPB.OzoneManagerProtocolServerSideTranslatorPB.processRequest(OzoneManagerProtocolServerSideTranslatorPB.java:205)
	at org.apache.hadoop.hdds.server.OzoneProtocolMessageDispatcher.processRequest(OzoneProtocolMessageDispatcher.java:87)
	at org.apache.hadoop.ozone.protocolPB.OzoneManagerProtocolServerSideTranslatorPB.submitRequest(OzoneManagerProtocolServerSideTranslatorPB.java:147)
	at org.apache.hadoop.ozone.protocol.proto.OzoneManagerProtocolProtos$OzoneManagerService$2.callBlockingMethod(OzoneManagerProtocolProtos.java)
	at org.apache.hadoop.ipc.ProtobufRpcEngine$Server.processCall(ProtobufRpcEngine.java:466)
	at org.apache.hadoop.ipc.ProtobufRpcEngine2$Server$ProtoBufRpcInvoker.call(ProtobufRpcEngine2.java:574)
	at org.apache.hadoop.ipc.ProtobufRpcEngine2$Server$ProtoBufRpcInvoker.call(ProtobufRpcEngine2.java:552)
	at org.apache.hadoop.ipc.RPC$Server.call(RPC.java:1093)
	at org.apache.hadoop.ipc.Server$RpcCall.run(Server.java:1035)
	at org.apache.hadoop.ipc.Server$RpcCall.run(Server.java:963)
	at java.security.AccessController.doPrivileged(Native Method)
	at javax.security.auth.Subject.doAs(Subject.java:422)
	at org.apache.hadoop.security.UserGroupInformation.doAs(UserGroupInformation.java:1878)
	at org.apache.hadoop.ipc.Server$Handler.run(Server.java:2966)
23:50:48.277 [IPC Server handler 1 on default port 33563] ERROR OMAudit - user=runner | ip=127.0.0.1 | op=CREATE_FILE {volume=volume50176, bucket=bucket31866, key=d1/d2/d3, dataSize=4194304, replicationType=RATIS, replicationFactor=THREE} | ret=FAILURE
org.apache.hadoop.ozone.om.exceptions.OMException: Can not write to directory: d1/d2/d3
	at org.apache.hadoop.ozone.om.request.file.OMFileCreateRequest.checkDirectoryResult(OMFileCreateRequest.java:364) ~[ozone-manager-1.3.0-SNAPSHOT.jar:?]
	at org.apache.hadoop.ozone.om.request.file.OMFileCreateRequest.validateAndUpdateCache(OMFileCreateRequest.java:240) ~[ozone-manager-1.3.0-SNAPSHOT.jar:?]
	at org.apache.hadoop.ozone.protocolPB.OzoneManagerRequestHandler.handleWriteRequest(OzoneManagerRequestHandler.java:293) ~[ozone-manager-1.3.0-SNAPSHOT.jar:?]
	at org.apache.hadoop.ozone.protocolPB.OzoneManagerProtocolServerSideTranslatorPB.submitRequestDirectlyToOM(OzoneManagerProtocolServerSideTranslatorPB.java:282) ~[ozone-manager-1.3.0-SNAPSHOT.jar:?]
	at org.apache.hadoop.ozone.protocolPB.OzoneManagerProtocolServerSideTranslatorPB.processRequest(OzoneManagerProtocolServerSideTranslatorPB.java:205) ~[ozone-manager-1.3.0-SNAPSHOT.jar:?]
	at org.apache.hadoop.hdds.server.OzoneProtocolMessageDispatcher.processRequest(OzoneProtocolMessageDispatcher.java:87) [hdds-server-framework-1.3.0-SNAPSHOT.jar:?]
	at org.apache.hadoop.ozone.protocolPB.OzoneManagerProtocolServerSideTranslatorPB.submitRequest(OzoneManagerProtocolServerSideTranslatorPB.java:147) [ozone-manager-1.3.0-SNAPSHOT.jar:?]
	at org.apache.hadoop.ozone.protocol.proto.OzoneManagerProtocolProtos$OzoneManagerService$2.callBlockingMethod(OzoneManagerProtocolProtos.java) [ozone-interface-client-1.3.0-SNAPSHOT.jar:?]
	at org.apache.hadoop.ipc.ProtobufRpcEngine$Server.processCall(ProtobufRpcEngine.java:466) [hadoop-common-3.3.1.jar:?]
	at org.apache.hadoop.ipc.ProtobufRpcEngine2$Server$ProtoBufRpcInvoker.call(ProtobufRpcEngine2.java:574) [hadoop-common-3.3.1.jar:?]
	at org.apache.hadoop.ipc.ProtobufRpcEngine2$Server$ProtoBufRpcInvoker.call(ProtobufRpcEngine2.java:552) [hadoop-common-3.3.1.jar:?]
	at org.apache.hadoop.ipc.RPC$Server.call(RPC.java:1093) [hadoop-common-3.3.1.jar:?]
	at org.apache.hadoop.ipc.Server$RpcCall.run(Server.java:1035) [hadoop-common-3.3.1.jar:?]
	at org.apache.hadoop.ipc.Server$RpcCall.run(Server.java:963) [hadoop-common-3.3.1.jar:?]
	at java.security.AccessController.doPrivileged(Native Method) ~[?:1.8.0_332]
	at javax.security.auth.Subject.doAs(Subject.java:422) [?:1.8.0_332]
	at org.apache.hadoop.security.UserGroupInformation.doAs(UserGroupInformation.java:1878) [hadoop-common-3.3.1.jar:?]
	at org.apache.hadoop.ipc.Server$Handler.run(Server.java:2966) [hadoop-common-3.3.1.jar:?]
2022-06-24 23:50:48,278 [IPC Server handler 1 on default port 33563] ERROR file.OMFileCreateRequest (OMFileCreateRequest.java:validateAndUpdateCache(337)) - File create failed. Volume:volume50176, Bucket:bucket31866, Keyd1/d2/d3.
NOT_A_FILE org.apache.hadoop.ozone.om.exceptions.OMException: Can not write to directory: d1/d2/d3
	at org.apache.hadoop.ozone.om.request.file.OMFileCreateRequest.checkDirectoryResult(OMFileCreateRequest.java:364)
	at org.apache.hadoop.ozone.om.request.file.OMFileCreateRequest.validateAndUpdateCache(OMFileCreateRequest.java:240)
	at org.apache.hadoop.ozone.protocolPB.OzoneManagerRequestHandler.handleWriteRequest(OzoneManagerRequestHandler.java:293)
	at org.apache.hadoop.ozone.protocolPB.OzoneManagerProtocolServerSideTranslatorPB.submitRequestDirectlyToOM(OzoneManagerProtocolServerSideTranslatorPB.java:282)
	at org.apache.hadoop.ozone.protocolPB.OzoneManagerProtocolServerSideTranslatorPB.processRequest(OzoneManagerProtocolServerSideTranslatorPB.java:205)
	at org.apache.hadoop.hdds.server.OzoneProtocolMessageDispatcher.processRequest(OzoneProtocolMessageDispatcher.java:87)
	at org.apache.hadoop.ozone.protocolPB.OzoneManagerProtocolServerSideTranslatorPB.submitRequest(OzoneManagerProtocolServerSideTranslatorPB.java:147)
	at org.apache.hadoop.ozone.protocol.proto.OzoneManagerProtocolProtos$OzoneManagerService$2.callBlockingMethod(OzoneManagerProtocolProtos.java)
	at org.apache.hadoop.ipc.ProtobufRpcEngine$Server.processCall(ProtobufRpcEngine.java:466)
	at org.apache.hadoop.ipc.ProtobufRpcEngine2$Server$ProtoBufRpcInvoker.call(ProtobufRpcEngine2.java:574)
	at org.apache.hadoop.ipc.ProtobufRpcEngine2$Server$ProtoBufRpcInvoker.call(ProtobufRpcEngine2.java:552)
	at org.apache.hadoop.ipc.RPC$Server.call(RPC.java:1093)
	at org.apache.hadoop.ipc.Server$RpcCall.run(Server.java:1035)
	at org.apache.hadoop.ipc.Server$RpcCall.run(Server.java:963)
	at java.security.AccessController.doPrivileged(Native Method)
	at javax.security.auth.Subject.doAs(Subject.java:422)
	at org.apache.hadoop.security.UserGroupInformation.doAs(UserGroupInformation.java:1878)
	at org.apache.hadoop.ipc.Server$Handler.run(Server.java:2966)
23:50:48.279 [IPC Server handler 9 on default port 33563] ERROR OMAudit - user=runner | ip=127.0.0.1 | op=GET_FILE_STATUS {volume=volume50176, bucket=bucket31866, key=d1/d2/d3/d4/key3/invalid, dataSize=0, replicationConfig=null} | ret=FAILURE
org.apache.hadoop.ozone.om.exceptions.OMException: Unable to get file status: volume: volume50176 bucket: bucket31866 key: d1/d2/d3/d4/key3/invalid
	at org.apache.hadoop.ozone.om.KeyManagerImpl.getOzoneFileStatus(KeyManagerImpl.java:1311) ~[ozone-manager-1.3.0-SNAPSHOT.jar:?]
	at org.apache.hadoop.ozone.om.KeyManagerImpl.getFileStatus(KeyManagerImpl.java:1241) ~[ozone-manager-1.3.0-SNAPSHOT.jar:?]
	at org.apache.hadoop.ozone.om.OzoneManager.getFileStatus(OzoneManager.java:3419) ~[ozone-manager-1.3.0-SNAPSHOT.jar:?]
	at org.apache.hadoop.ozone.protocolPB.OzoneManagerRequestHandler.getOzoneFileStatus(OzoneManagerRequestHandler.java:871) ~[ozone-manager-1.3.0-SNAPSHOT.jar:?]
	at org.apache.hadoop.ozone.protocolPB.OzoneManagerRequestHandler.handleReadRequest(OzoneManagerRequestHandler.java:217) ~[ozone-manager-1.3.0-SNAPSHOT.jar:?]
	at org.apache.hadoop.ozone.protocolPB.OzoneManagerProtocolServerSideTranslatorPB.submitRequestDirectlyToOM(OzoneManagerProtocolServerSideTranslatorPB.java:276) ~[ozone-manager-1.3.0-SNAPSHOT.jar:?]
	at org.apache.hadoop.ozone.protocolPB.OzoneManagerProtocolServerSideTranslatorPB.processRequest(OzoneManagerProtocolServerSideTranslatorPB.java:205) ~[ozone-manager-1.3.0-SNAPSHOT.jar:?]
	at org.apache.hadoop.hdds.server.OzoneProtocolMessageDispatcher.processRequest(OzoneProtocolMessageDispatcher.java:87) [hdds-server-framework-1.3.0-SNAPSHOT.jar:?]
	at org.apache.hadoop.ozone.protocolPB.OzoneManagerProtocolServerSideTranslatorPB.submitRequest(OzoneManagerProtocolServerSideTranslatorPB.java:147) [ozone-manager-1.3.0-SNAPSHOT.jar:?]
	at org.apache.hadoop.ozone.protocol.proto.OzoneManagerProtocolProtos$OzoneManagerService$2.callBlockingMethod(OzoneManagerProtocolProtos.java) [ozone-interface-client-1.3.0-SNAPSHOT.jar:?]
	at org.apache.hadoop.ipc.ProtobufRpcEngine$Server.processCall(ProtobufRpcEngine.java:466) [hadoop-common-3.3.1.jar:?]
	at org.apache.hadoop.ipc.ProtobufRpcEngine2$Server$ProtoBufRpcInvoker.call(ProtobufRpcEngine2.java:574) [hadoop-common-3.3.1.jar:?]
	at org.apache.hadoop.ipc.ProtobufRpcEngine2$Server$ProtoBufRpcInvoker.call(ProtobufRpcEngine2.java:552) [hadoop-common-3.3.1.jar:?]
	at org.apache.hadoop.ipc.RPC$Server.call(RPC.java:1093) [hadoop-common-3.3.1.jar:?]
	at org.apache.hadoop.ipc.Server$RpcCall.run(Server.java:1035) [hadoop-common-3.3.1.jar:?]
	at org.apache.hadoop.ipc.Server$RpcCall.run(Server.java:963) [hadoop-common-3.3.1.jar:?]
	at java.security.AccessController.doPrivileged(Native Method) ~[?:1.8.0_332]
	at javax.security.auth.Subject.doAs(Subject.java:422) [?:1.8.0_332]
	at org.apache.hadoop.security.UserGroupInformation.doAs(UserGroupInformation.java:1878) [hadoop-common-3.3.1.jar:?]
	at org.apache.hadoop.ipc.Server$Handler.run(Server.java:2966) [hadoop-common-3.3.1.jar:?]
23:50:48.279 [IPC Server handler 10 on default port 33563] ERROR OMAudit - user=runner | ip=127.0.0.1 | op=GET_FILE_STATUS {volume=volume50176, bucket=bucket31866, key=d1/d2/d3/d4/invalidkey, dataSize=0, replicationConfig=null} | ret=FAILURE
org.apache.hadoop.ozone.om.exceptions.OMException: Unable to get file status: volume: volume50176 bucket: bucket31866 key: d1/d2/d3/d4/invalidkey
	at org.apache.hadoop.ozone.om.KeyManagerImpl.getOzoneFileStatus(KeyManagerImpl.java:1311) ~[ozone-manager-1.3.0-SNAPSHOT.jar:?]
	at org.apache.hadoop.ozone.om.KeyManagerImpl.getFileStatus(KeyManagerImpl.java:1241) ~[ozone-manager-1.3.0-SNAPSHOT.jar:?]
	at org.apache.hadoop.ozone.om.OzoneManager.getFileStatus(OzoneManager.java:3419) ~[ozone-manager-1.3.0-SNAPSHOT.jar:?]
	at org.apache.hadoop.ozone.protocolPB.OzoneManagerRequestHandler.getOzoneFileStatus(OzoneManagerRequestHandler.java:871) ~[ozone-manager-1.3.0-SNAPSHOT.jar:?]
	at org.apache.hadoop.ozone.protocolPB.OzoneManagerRequestHandler.handleReadRequest(OzoneManagerRequestHandler.java:217) ~[ozone-manager-1.3.0-SNAPSHOT.jar:?]
	at org.apache.hadoop.ozone.protocolPB.OzoneManagerProtocolServerSideTranslatorPB.submitRequestDirectlyToOM(OzoneManagerProtocolServerSideTranslatorPB.java:276) ~[ozone-manager-1.3.0-SNAPSHOT.jar:?]
	at org.apache.hadoop.ozone.protocolPB.OzoneManagerProtocolServerSideTranslatorPB.processRequest(OzoneManagerProtocolServerSideTranslatorPB.java:205) ~[ozone-manager-1.3.0-SNAPSHOT.jar:?]
	at org.apache.hadoop.hdds.server.OzoneProtocolMessageDispatcher.processRequest(OzoneProtocolMessageDispatcher.java:87) [hdds-server-framework-1.3.0-SNAPSHOT.jar:?]
	at org.apache.hadoop.ozone.protocolPB.OzoneManagerProtocolServerSideTranslatorPB.submitRequest(OzoneManagerProtocolServerSideTranslatorPB.java:147) [ozone-manager-1.3.0-SNAPSHOT.jar:?]
	at org.apache.hadoop.ozone.protocol.proto.OzoneManagerProtocolProtos$OzoneManagerService$2.callBlockingMethod(OzoneManagerProtocolProtos.java) [ozone-interface-client-1.3.0-SNAPSHOT.jar:?]
	at org.apache.hadoop.ipc.ProtobufRpcEngine$Server.processCall(ProtobufRpcEngine.java:466) [hadoop-common-3.3.1.jar:?]
	at org.apache.hadoop.ipc.ProtobufRpcEngine2$Server$ProtoBufRpcInvoker.call(ProtobufRpcEngine2.java:574) [hadoop-common-3.3.1.jar:?]
	at org.apache.hadoop.ipc.ProtobufRpcEngine2$Server$ProtoBufRpcInvoker.call(ProtobufRpcEngine2.java:552) [hadoop-common-3.3.1.jar:?]
	at org.apache.hadoop.ipc.RPC$Server.call(RPC.java:1093) [hadoop-common-3.3.1.jar:?]
	at org.apache.hadoop.ipc.Server$RpcCall.run(Server.java:1035) [hadoop-common-3.3.1.jar:?]
	at org.apache.hadoop.ipc.Server$RpcCall.run(Server.java:963) [hadoop-common-3.3.1.jar:?]
	at java.security.AccessController.doPrivileged(Native Method) ~[?:1.8.0_332]
	at javax.security.auth.Subject.doAs(Subject.java:422) [?:1.8.0_332]
	at org.apache.hadoop.security.UserGroupInformation.doAs(UserGroupInformation.java:1878) [hadoop-common-3.3.1.jar:?]
	at org.apache.hadoop.ipc.Server$Handler.run(Server.java:2966) [hadoop-common-3.3.1.jar:?]
]]></system-out>
  </testcase>
  <testcase name="testFileDelete" classname="TestOzoneFileSystem" time="0.196">
    <system-out><![CDATA[23:45:26.070 [IPC Server handler 16 on default port 44795] ERROR OMAudit - user=runner | ip=127.0.0.1 | op=GET_FILE_STATUS {volume=volume84730, bucket=bucket91502, key=testBatchDelete, dataSize=0, replicationConfig=null} | ret=FAILURE
org.apache.hadoop.ozone.om.exceptions.OMException: Unable to get file status: volume: volume84730 bucket: bucket91502 key: testBatchDelete
	at org.apache.hadoop.ozone.om.KeyManagerImpl.getOzoneFileStatus(KeyManagerImpl.java:1311) ~[ozone-manager-1.3.0-SNAPSHOT.jar:?]
	at org.apache.hadoop.ozone.om.KeyManagerImpl.getFileStatus(KeyManagerImpl.java:1241) ~[ozone-manager-1.3.0-SNAPSHOT.jar:?]
	at org.apache.hadoop.ozone.om.OzoneManager.getFileStatus(OzoneManager.java:3419) ~[ozone-manager-1.3.0-SNAPSHOT.jar:?]
	at org.apache.hadoop.ozone.protocolPB.OzoneManagerRequestHandler.getOzoneFileStatus(OzoneManagerRequestHandler.java:871) ~[ozone-manager-1.3.0-SNAPSHOT.jar:?]
	at org.apache.hadoop.ozone.protocolPB.OzoneManagerRequestHandler.handleReadRequest(OzoneManagerRequestHandler.java:217) ~[ozone-manager-1.3.0-SNAPSHOT.jar:?]
	at org.apache.hadoop.ozone.protocolPB.OzoneManagerProtocolServerSideTranslatorPB.submitReadRequestToOM(OzoneManagerProtocolServerSideTranslatorPB.java:226) ~[ozone-manager-1.3.0-SNAPSHOT.jar:?]
	at org.apache.hadoop.ozone.protocolPB.OzoneManagerProtocolServerSideTranslatorPB.processRequest(OzoneManagerProtocolServerSideTranslatorPB.java:175) ~[ozone-manager-1.3.0-SNAPSHOT.jar:?]
	at org.apache.hadoop.hdds.server.OzoneProtocolMessageDispatcher.processRequest(OzoneProtocolMessageDispatcher.java:87) [hdds-server-framework-1.3.0-SNAPSHOT.jar:?]
	at org.apache.hadoop.ozone.protocolPB.OzoneManagerProtocolServerSideTranslatorPB.submitRequest(OzoneManagerProtocolServerSideTranslatorPB.java:147) [ozone-manager-1.3.0-SNAPSHOT.jar:?]
	at org.apache.hadoop.ozone.protocol.proto.OzoneManagerProtocolProtos$OzoneManagerService$2.callBlockingMethod(OzoneManagerProtocolProtos.java) [ozone-interface-client-1.3.0-SNAPSHOT.jar:?]
	at org.apache.hadoop.ipc.ProtobufRpcEngine$Server.processCall(ProtobufRpcEngine.java:466) [hadoop-common-3.3.1.jar:?]
	at org.apache.hadoop.ipc.ProtobufRpcEngine2$Server$ProtoBufRpcInvoker.call(ProtobufRpcEngine2.java:574) [hadoop-common-3.3.1.jar:?]
	at org.apache.hadoop.ipc.ProtobufRpcEngine2$Server$ProtoBufRpcInvoker.call(ProtobufRpcEngine2.java:552) [hadoop-common-3.3.1.jar:?]
	at org.apache.hadoop.ipc.RPC$Server.call(RPC.java:1093) [hadoop-common-3.3.1.jar:?]
	at org.apache.hadoop.ipc.Server$RpcCall.run(Server.java:1035) [hadoop-common-3.3.1.jar:?]
	at org.apache.hadoop.ipc.Server$RpcCall.run(Server.java:963) [hadoop-common-3.3.1.jar:?]
	at java.security.AccessController.doPrivileged(Native Method) ~[?:1.8.0_332]
	at javax.security.auth.Subject.doAs(Subject.java:422) [?:1.8.0_332]
	at org.apache.hadoop.security.UserGroupInformation.doAs(UserGroupInformation.java:1878) [hadoop-common-3.3.1.jar:?]
	at org.apache.hadoop.ipc.Server$Handler.run(Server.java:2966) [hadoop-common-3.3.1.jar:?]
23:45:26.072 [IPC Server handler 19 on default port 44795] ERROR OMAudit - user=runner | ip=127.0.0.1 | op=GET_FILE_STATUS {volume=volume84730, bucket=bucket91502, key=testBatchDelete/parent/child0, dataSize=0, replicationConfig=null} | ret=FAILURE
org.apache.hadoop.ozone.om.exceptions.OMException: Unable to get file status: volume: volume84730 bucket: bucket91502 key: testBatchDelete/parent/child0
	at org.apache.hadoop.ozone.om.KeyManagerImpl.getOzoneFileStatus(KeyManagerImpl.java:1311) ~[ozone-manager-1.3.0-SNAPSHOT.jar:?]
	at org.apache.hadoop.ozone.om.KeyManagerImpl.getFileStatus(KeyManagerImpl.java:1241) ~[ozone-manager-1.3.0-SNAPSHOT.jar:?]
	at org.apache.hadoop.ozone.om.OzoneManager.getFileStatus(OzoneManager.java:3419) ~[ozone-manager-1.3.0-SNAPSHOT.jar:?]
	at org.apache.hadoop.ozone.protocolPB.OzoneManagerRequestHandler.getOzoneFileStatus(OzoneManagerRequestHandler.java:871) ~[ozone-manager-1.3.0-SNAPSHOT.jar:?]
	at org.apache.hadoop.ozone.protocolPB.OzoneManagerRequestHandler.handleReadRequest(OzoneManagerRequestHandler.java:217) ~[ozone-manager-1.3.0-SNAPSHOT.jar:?]
	at org.apache.hadoop.ozone.protocolPB.OzoneManagerProtocolServerSideTranslatorPB.submitReadRequestToOM(OzoneManagerProtocolServerSideTranslatorPB.java:226) ~[ozone-manager-1.3.0-SNAPSHOT.jar:?]
	at org.apache.hadoop.ozone.protocolPB.OzoneManagerProtocolServerSideTranslatorPB.processRequest(OzoneManagerProtocolServerSideTranslatorPB.java:175) ~[ozone-manager-1.3.0-SNAPSHOT.jar:?]
	at org.apache.hadoop.hdds.server.OzoneProtocolMessageDispatcher.processRequest(OzoneProtocolMessageDispatcher.java:87) [hdds-server-framework-1.3.0-SNAPSHOT.jar:?]
	at org.apache.hadoop.ozone.protocolPB.OzoneManagerProtocolServerSideTranslatorPB.submitRequest(OzoneManagerProtocolServerSideTranslatorPB.java:147) [ozone-manager-1.3.0-SNAPSHOT.jar:?]
	at org.apache.hadoop.ozone.protocol.proto.OzoneManagerProtocolProtos$OzoneManagerService$2.callBlockingMethod(OzoneManagerProtocolProtos.java) [ozone-interface-client-1.3.0-SNAPSHOT.jar:?]
	at org.apache.hadoop.ipc.ProtobufRpcEngine$Server.processCall(ProtobufRpcEngine.java:466) [hadoop-common-3.3.1.jar:?]
	at org.apache.hadoop.ipc.ProtobufRpcEngine2$Server$ProtoBufRpcInvoker.call(ProtobufRpcEngine2.java:574) [hadoop-common-3.3.1.jar:?]
	at org.apache.hadoop.ipc.ProtobufRpcEngine2$Server$ProtoBufRpcInvoker.call(ProtobufRpcEngine2.java:552) [hadoop-common-3.3.1.jar:?]
	at org.apache.hadoop.ipc.RPC$Server.call(RPC.java:1093) [hadoop-common-3.3.1.jar:?]
	at org.apache.hadoop.ipc.Server$RpcCall.run(Server.java:1035) [hadoop-common-3.3.1.jar:?]
	at org.apache.hadoop.ipc.Server$RpcCall.run(Server.java:963) [hadoop-common-3.3.1.jar:?]
	at java.security.AccessController.doPrivileged(Native Method) ~[?:1.8.0_332]
	at javax.security.auth.Subject.doAs(Subject.java:422) [?:1.8.0_332]
	at org.apache.hadoop.security.UserGroupInformation.doAs(UserGroupInformation.java:1878) [hadoop-common-3.3.1.jar:?]
	at org.apache.hadoop.ipc.Server$Handler.run(Server.java:2966) [hadoop-common-3.3.1.jar:?]
23:45:26.073 [IPC Server handler 12 on default port 44795] ERROR OMAudit - user=runner | ip=127.0.0.1 | op=GET_FILE_STATUS {volume=volume84730, bucket=bucket91502, key=testBatchDelete/parent/childFolder/child0, dataSize=0, replicationConfig=null} | ret=FAILURE
org.apache.hadoop.ozone.om.exceptions.OMException: Unable to get file status: volume: volume84730 bucket: bucket91502 key: testBatchDelete/parent/childFolder/child0
	at org.apache.hadoop.ozone.om.KeyManagerImpl.getOzoneFileStatus(KeyManagerImpl.java:1311) ~[ozone-manager-1.3.0-SNAPSHOT.jar:?]
	at org.apache.hadoop.ozone.om.KeyManagerImpl.getFileStatus(KeyManagerImpl.java:1241) ~[ozone-manager-1.3.0-SNAPSHOT.jar:?]
	at org.apache.hadoop.ozone.om.OzoneManager.getFileStatus(OzoneManager.java:3419) ~[ozone-manager-1.3.0-SNAPSHOT.jar:?]
	at org.apache.hadoop.ozone.protocolPB.OzoneManagerRequestHandler.getOzoneFileStatus(OzoneManagerRequestHandler.java:871) ~[ozone-manager-1.3.0-SNAPSHOT.jar:?]
	at org.apache.hadoop.ozone.protocolPB.OzoneManagerRequestHandler.handleReadRequest(OzoneManagerRequestHandler.java:217) ~[ozone-manager-1.3.0-SNAPSHOT.jar:?]
	at org.apache.hadoop.ozone.protocolPB.OzoneManagerProtocolServerSideTranslatorPB.submitReadRequestToOM(OzoneManagerProtocolServerSideTranslatorPB.java:226) ~[ozone-manager-1.3.0-SNAPSHOT.jar:?]
	at org.apache.hadoop.ozone.protocolPB.OzoneManagerProtocolServerSideTranslatorPB.processRequest(OzoneManagerProtocolServerSideTranslatorPB.java:175) ~[ozone-manager-1.3.0-SNAPSHOT.jar:?]
	at org.apache.hadoop.hdds.server.OzoneProtocolMessageDispatcher.processRequest(OzoneProtocolMessageDispatcher.java:87) [hdds-server-framework-1.3.0-SNAPSHOT.jar:?]
	at org.apache.hadoop.ozone.protocolPB.OzoneManagerProtocolServerSideTranslatorPB.submitRequest(OzoneManagerProtocolServerSideTranslatorPB.java:147) [ozone-manager-1.3.0-SNAPSHOT.jar:?]
	at org.apache.hadoop.ozone.protocol.proto.OzoneManagerProtocolProtos$OzoneManagerService$2.callBlockingMethod(OzoneManagerProtocolProtos.java) [ozone-interface-client-1.3.0-SNAPSHOT.jar:?]
	at org.apache.hadoop.ipc.ProtobufRpcEngine$Server.processCall(ProtobufRpcEngine.java:466) [hadoop-common-3.3.1.jar:?]
	at org.apache.hadoop.ipc.ProtobufRpcEngine2$Server$ProtoBufRpcInvoker.call(ProtobufRpcEngine2.java:574) [hadoop-common-3.3.1.jar:?]
	at org.apache.hadoop.ipc.ProtobufRpcEngine2$Server$ProtoBufRpcInvoker.call(ProtobufRpcEngine2.java:552) [hadoop-common-3.3.1.jar:?]
	at org.apache.hadoop.ipc.RPC$Server.call(RPC.java:1093) [hadoop-common-3.3.1.jar:?]
	at org.apache.hadoop.ipc.Server$RpcCall.run(Server.java:1035) [hadoop-common-3.3.1.jar:?]
	at org.apache.hadoop.ipc.Server$RpcCall.run(Server.java:963) [hadoop-common-3.3.1.jar:?]
	at java.security.AccessController.doPrivileged(Native Method) ~[?:1.8.0_332]
	at javax.security.auth.Subject.doAs(Subject.java:422) [?:1.8.0_332]
	at org.apache.hadoop.security.UserGroupInformation.doAs(UserGroupInformation.java:1878) [hadoop-common-3.3.1.jar:?]
	at org.apache.hadoop.ipc.Server$Handler.run(Server.java:2966) [hadoop-common-3.3.1.jar:?]
23:45:26.074 [IPC Server handler 3 on default port 44795] ERROR OMAudit - user=runner | ip=127.0.0.1 | op=GET_FILE_STATUS {volume=volume84730, bucket=bucket91502, key=testBatchDelete/parent/child1, dataSize=0, replicationConfig=null} | ret=FAILURE
org.apache.hadoop.ozone.om.exceptions.OMException: Unable to get file status: volume: volume84730 bucket: bucket91502 key: testBatchDelete/parent/child1
	at org.apache.hadoop.ozone.om.KeyManagerImpl.getOzoneFileStatus(KeyManagerImpl.java:1311) ~[ozone-manager-1.3.0-SNAPSHOT.jar:?]
	at org.apache.hadoop.ozone.om.KeyManagerImpl.getFileStatus(KeyManagerImpl.java:1241) ~[ozone-manager-1.3.0-SNAPSHOT.jar:?]
	at org.apache.hadoop.ozone.om.OzoneManager.getFileStatus(OzoneManager.java:3419) ~[ozone-manager-1.3.0-SNAPSHOT.jar:?]
	at org.apache.hadoop.ozone.protocolPB.OzoneManagerRequestHandler.getOzoneFileStatus(OzoneManagerRequestHandler.java:871) ~[ozone-manager-1.3.0-SNAPSHOT.jar:?]
	at org.apache.hadoop.ozone.protocolPB.OzoneManagerRequestHandler.handleReadRequest(OzoneManagerRequestHandler.java:217) ~[ozone-manager-1.3.0-SNAPSHOT.jar:?]
	at org.apache.hadoop.ozone.protocolPB.OzoneManagerProtocolServerSideTranslatorPB.submitReadRequestToOM(OzoneManagerProtocolServerSideTranslatorPB.java:226) ~[ozone-manager-1.3.0-SNAPSHOT.jar:?]
	at org.apache.hadoop.ozone.protocolPB.OzoneManagerProtocolServerSideTranslatorPB.processRequest(OzoneManagerProtocolServerSideTranslatorPB.java:175) ~[ozone-manager-1.3.0-SNAPSHOT.jar:?]
	at org.apache.hadoop.hdds.server.OzoneProtocolMessageDispatcher.processRequest(OzoneProtocolMessageDispatcher.java:87) [hdds-server-framework-1.3.0-SNAPSHOT.jar:?]
	at org.apache.hadoop.ozone.protocolPB.OzoneManagerProtocolServerSideTranslatorPB.submitRequest(OzoneManagerProtocolServerSideTranslatorPB.java:147) [ozone-manager-1.3.0-SNAPSHOT.jar:?]
	at org.apache.hadoop.ozone.protocol.proto.OzoneManagerProtocolProtos$OzoneManagerService$2.callBlockingMethod(OzoneManagerProtocolProtos.java) [ozone-interface-client-1.3.0-SNAPSHOT.jar:?]
	at org.apache.hadoop.ipc.ProtobufRpcEngine$Server.processCall(ProtobufRpcEngine.java:466) [hadoop-common-3.3.1.jar:?]
	at org.apache.hadoop.ipc.ProtobufRpcEngine2$Server$ProtoBufRpcInvoker.call(ProtobufRpcEngine2.java:574) [hadoop-common-3.3.1.jar:?]
	at org.apache.hadoop.ipc.ProtobufRpcEngine2$Server$ProtoBufRpcInvoker.call(ProtobufRpcEngine2.java:552) [hadoop-common-3.3.1.jar:?]
	at org.apache.hadoop.ipc.RPC$Server.call(RPC.java:1093) [hadoop-common-3.3.1.jar:?]
	at org.apache.hadoop.ipc.Server$RpcCall.run(Server.java:1035) [hadoop-common-3.3.1.jar:?]
	at org.apache.hadoop.ipc.Server$RpcCall.run(Server.java:963) [hadoop-common-3.3.1.jar:?]
	at java.security.AccessController.doPrivileged(Native Method) ~[?:1.8.0_332]
	at javax.security.auth.Subject.doAs(Subject.java:422) [?:1.8.0_332]
	at org.apache.hadoop.security.UserGroupInformation.doAs(UserGroupInformation.java:1878) [hadoop-common-3.3.1.jar:?]
	at org.apache.hadoop.ipc.Server$Handler.run(Server.java:2966) [hadoop-common-3.3.1.jar:?]
23:45:26.075 [IPC Server handler 15 on default port 44795] ERROR OMAudit - user=runner | ip=127.0.0.1 | op=GET_FILE_STATUS {volume=volume84730, bucket=bucket91502, key=testBatchDelete/parent/childFolder/child1, dataSize=0, replicationConfig=null} | ret=FAILURE
org.apache.hadoop.ozone.om.exceptions.OMException: Unable to get file status: volume: volume84730 bucket: bucket91502 key: testBatchDelete/parent/childFolder/child1
	at org.apache.hadoop.ozone.om.KeyManagerImpl.getOzoneFileStatus(KeyManagerImpl.java:1311) ~[ozone-manager-1.3.0-SNAPSHOT.jar:?]
	at org.apache.hadoop.ozone.om.KeyManagerImpl.getFileStatus(KeyManagerImpl.java:1241) ~[ozone-manager-1.3.0-SNAPSHOT.jar:?]
	at org.apache.hadoop.ozone.om.OzoneManager.getFileStatus(OzoneManager.java:3419) ~[ozone-manager-1.3.0-SNAPSHOT.jar:?]
	at org.apache.hadoop.ozone.protocolPB.OzoneManagerRequestHandler.getOzoneFileStatus(OzoneManagerRequestHandler.java:871) ~[ozone-manager-1.3.0-SNAPSHOT.jar:?]
	at org.apache.hadoop.ozone.protocolPB.OzoneManagerRequestHandler.handleReadRequest(OzoneManagerRequestHandler.java:217) ~[ozone-manager-1.3.0-SNAPSHOT.jar:?]
	at org.apache.hadoop.ozone.protocolPB.OzoneManagerProtocolServerSideTranslatorPB.submitReadRequestToOM(OzoneManagerProtocolServerSideTranslatorPB.java:226) ~[ozone-manager-1.3.0-SNAPSHOT.jar:?]
	at org.apache.hadoop.ozone.protocolPB.OzoneManagerProtocolServerSideTranslatorPB.processRequest(OzoneManagerProtocolServerSideTranslatorPB.java:175) ~[ozone-manager-1.3.0-SNAPSHOT.jar:?]
	at org.apache.hadoop.hdds.server.OzoneProtocolMessageDispatcher.processRequest(OzoneProtocolMessageDispatcher.java:87) [hdds-server-framework-1.3.0-SNAPSHOT.jar:?]
	at org.apache.hadoop.ozone.protocolPB.OzoneManagerProtocolServerSideTranslatorPB.submitRequest(OzoneManagerProtocolServerSideTranslatorPB.java:147) [ozone-manager-1.3.0-SNAPSHOT.jar:?]
	at org.apache.hadoop.ozone.protocol.proto.OzoneManagerProtocolProtos$OzoneManagerService$2.callBlockingMethod(OzoneManagerProtocolProtos.java) [ozone-interface-client-1.3.0-SNAPSHOT.jar:?]
	at org.apache.hadoop.ipc.ProtobufRpcEngine$Server.processCall(ProtobufRpcEngine.java:466) [hadoop-common-3.3.1.jar:?]
	at org.apache.hadoop.ipc.ProtobufRpcEngine2$Server$ProtoBufRpcInvoker.call(ProtobufRpcEngine2.java:574) [hadoop-common-3.3.1.jar:?]
	at org.apache.hadoop.ipc.ProtobufRpcEngine2$Server$ProtoBufRpcInvoker.call(ProtobufRpcEngine2.java:552) [hadoop-common-3.3.1.jar:?]
	at org.apache.hadoop.ipc.RPC$Server.call(RPC.java:1093) [hadoop-common-3.3.1.jar:?]
	at org.apache.hadoop.ipc.Server$RpcCall.run(Server.java:1035) [hadoop-common-3.3.1.jar:?]
	at org.apache.hadoop.ipc.Server$RpcCall.run(Server.java:963) [hadoop-common-3.3.1.jar:?]
	at java.security.AccessController.doPrivileged(Native Method) ~[?:1.8.0_332]
	at javax.security.auth.Subject.doAs(Subject.java:422) [?:1.8.0_332]
	at org.apache.hadoop.security.UserGroupInformation.doAs(UserGroupInformation.java:1878) [hadoop-common-3.3.1.jar:?]
	at org.apache.hadoop.ipc.Server$Handler.run(Server.java:2966) [hadoop-common-3.3.1.jar:?]
23:45:26.076 [IPC Server handler 5 on default port 44795] ERROR OMAudit - user=runner | ip=127.0.0.1 | op=GET_FILE_STATUS {volume=volume84730, bucket=bucket91502, key=testBatchDelete/parent/child2, dataSize=0, replicationConfig=null} | ret=FAILURE
org.apache.hadoop.ozone.om.exceptions.OMException: Unable to get file status: volume: volume84730 bucket: bucket91502 key: testBatchDelete/parent/child2
	at org.apache.hadoop.ozone.om.KeyManagerImpl.getOzoneFileStatus(KeyManagerImpl.java:1311) ~[ozone-manager-1.3.0-SNAPSHOT.jar:?]
	at org.apache.hadoop.ozone.om.KeyManagerImpl.getFileStatus(KeyManagerImpl.java:1241) ~[ozone-manager-1.3.0-SNAPSHOT.jar:?]
	at org.apache.hadoop.ozone.om.OzoneManager.getFileStatus(OzoneManager.java:3419) ~[ozone-manager-1.3.0-SNAPSHOT.jar:?]
	at org.apache.hadoop.ozone.protocolPB.OzoneManagerRequestHandler.getOzoneFileStatus(OzoneManagerRequestHandler.java:871) ~[ozone-manager-1.3.0-SNAPSHOT.jar:?]
	at org.apache.hadoop.ozone.protocolPB.OzoneManagerRequestHandler.handleReadRequest(OzoneManagerRequestHandler.java:217) ~[ozone-manager-1.3.0-SNAPSHOT.jar:?]
	at org.apache.hadoop.ozone.protocolPB.OzoneManagerProtocolServerSideTranslatorPB.submitReadRequestToOM(OzoneManagerProtocolServerSideTranslatorPB.java:226) ~[ozone-manager-1.3.0-SNAPSHOT.jar:?]
	at org.apache.hadoop.ozone.protocolPB.OzoneManagerProtocolServerSideTranslatorPB.processRequest(OzoneManagerProtocolServerSideTranslatorPB.java:175) ~[ozone-manager-1.3.0-SNAPSHOT.jar:?]
	at org.apache.hadoop.hdds.server.OzoneProtocolMessageDispatcher.processRequest(OzoneProtocolMessageDispatcher.java:87) [hdds-server-framework-1.3.0-SNAPSHOT.jar:?]
	at org.apache.hadoop.ozone.protocolPB.OzoneManagerProtocolServerSideTranslatorPB.submitRequest(OzoneManagerProtocolServerSideTranslatorPB.java:147) [ozone-manager-1.3.0-SNAPSHOT.jar:?]
	at org.apache.hadoop.ozone.protocol.proto.OzoneManagerProtocolProtos$OzoneManagerService$2.callBlockingMethod(OzoneManagerProtocolProtos.java) [ozone-interface-client-1.3.0-SNAPSHOT.jar:?]
	at org.apache.hadoop.ipc.ProtobufRpcEngine$Server.processCall(ProtobufRpcEngine.java:466) [hadoop-common-3.3.1.jar:?]
	at org.apache.hadoop.ipc.ProtobufRpcEngine2$Server$ProtoBufRpcInvoker.call(ProtobufRpcEngine2.java:574) [hadoop-common-3.3.1.jar:?]
	at org.apache.hadoop.ipc.ProtobufRpcEngine2$Server$ProtoBufRpcInvoker.call(ProtobufRpcEngine2.java:552) [hadoop-common-3.3.1.jar:?]
	at org.apache.hadoop.ipc.RPC$Server.call(RPC.java:1093) [hadoop-common-3.3.1.jar:?]
	at org.apache.hadoop.ipc.Server$RpcCall.run(Server.java:1035) [hadoop-common-3.3.1.jar:?]
	at org.apache.hadoop.ipc.Server$RpcCall.run(Server.java:963) [hadoop-common-3.3.1.jar:?]
	at java.security.AccessController.doPrivileged(Native Method) ~[?:1.8.0_332]
	at javax.security.auth.Subject.doAs(Subject.java:422) [?:1.8.0_332]
	at org.apache.hadoop.security.UserGroupInformation.doAs(UserGroupInformation.java:1878) [hadoop-common-3.3.1.jar:?]
	at org.apache.hadoop.ipc.Server$Handler.run(Server.java:2966) [hadoop-common-3.3.1.jar:?]
23:45:26.077 [IPC Server handler 4 on default port 44795] ERROR OMAudit - user=runner | ip=127.0.0.1 | op=GET_FILE_STATUS {volume=volume84730, bucket=bucket91502, key=testBatchDelete/parent/childFolder/child2, dataSize=0, replicationConfig=null} | ret=FAILURE
org.apache.hadoop.ozone.om.exceptions.OMException: Unable to get file status: volume: volume84730 bucket: bucket91502 key: testBatchDelete/parent/childFolder/child2
	at org.apache.hadoop.ozone.om.KeyManagerImpl.getOzoneFileStatus(KeyManagerImpl.java:1311) ~[ozone-manager-1.3.0-SNAPSHOT.jar:?]
	at org.apache.hadoop.ozone.om.KeyManagerImpl.getFileStatus(KeyManagerImpl.java:1241) ~[ozone-manager-1.3.0-SNAPSHOT.jar:?]
	at org.apache.hadoop.ozone.om.OzoneManager.getFileStatus(OzoneManager.java:3419) ~[ozone-manager-1.3.0-SNAPSHOT.jar:?]
	at org.apache.hadoop.ozone.protocolPB.OzoneManagerRequestHandler.getOzoneFileStatus(OzoneManagerRequestHandler.java:871) ~[ozone-manager-1.3.0-SNAPSHOT.jar:?]
	at org.apache.hadoop.ozone.protocolPB.OzoneManagerRequestHandler.handleReadRequest(OzoneManagerRequestHandler.java:217) ~[ozone-manager-1.3.0-SNAPSHOT.jar:?]
	at org.apache.hadoop.ozone.protocolPB.OzoneManagerProtocolServerSideTranslatorPB.submitReadRequestToOM(OzoneManagerProtocolServerSideTranslatorPB.java:226) ~[ozone-manager-1.3.0-SNAPSHOT.jar:?]
	at org.apache.hadoop.ozone.protocolPB.OzoneManagerProtocolServerSideTranslatorPB.processRequest(OzoneManagerProtocolServerSideTranslatorPB.java:175) ~[ozone-manager-1.3.0-SNAPSHOT.jar:?]
	at org.apache.hadoop.hdds.server.OzoneProtocolMessageDispatcher.processRequest(OzoneProtocolMessageDispatcher.java:87) [hdds-server-framework-1.3.0-SNAPSHOT.jar:?]
	at org.apache.hadoop.ozone.protocolPB.OzoneManagerProtocolServerSideTranslatorPB.submitRequest(OzoneManagerProtocolServerSideTranslatorPB.java:147) [ozone-manager-1.3.0-SNAPSHOT.jar:?]
	at org.apache.hadoop.ozone.protocol.proto.OzoneManagerProtocolProtos$OzoneManagerService$2.callBlockingMethod(OzoneManagerProtocolProtos.java) [ozone-interface-client-1.3.0-SNAPSHOT.jar:?]
	at org.apache.hadoop.ipc.ProtobufRpcEngine$Server.processCall(ProtobufRpcEngine.java:466) [hadoop-common-3.3.1.jar:?]
	at org.apache.hadoop.ipc.ProtobufRpcEngine2$Server$ProtoBufRpcInvoker.call(ProtobufRpcEngine2.java:574) [hadoop-common-3.3.1.jar:?]
	at org.apache.hadoop.ipc.ProtobufRpcEngine2$Server$ProtoBufRpcInvoker.call(ProtobufRpcEngine2.java:552) [hadoop-common-3.3.1.jar:?]
	at org.apache.hadoop.ipc.RPC$Server.call(RPC.java:1093) [hadoop-common-3.3.1.jar:?]
	at org.apache.hadoop.ipc.Server$RpcCall.run(Server.java:1035) [hadoop-common-3.3.1.jar:?]
	at org.apache.hadoop.ipc.Server$RpcCall.run(Server.java:963) [hadoop-common-3.3.1.jar:?]
	at java.security.AccessController.doPrivileged(Native Method) ~[?:1.8.0_332]
	at javax.security.auth.Subject.doAs(Subject.java:422) [?:1.8.0_332]
	at org.apache.hadoop.security.UserGroupInformation.doAs(UserGroupInformation.java:1878) [hadoop-common-3.3.1.jar:?]
	at org.apache.hadoop.ipc.Server$Handler.run(Server.java:2966) [hadoop-common-3.3.1.jar:?]
23:45:26.078 [IPC Server handler 7 on default port 44795] ERROR OMAudit - user=runner | ip=127.0.0.1 | op=GET_FILE_STATUS {volume=volume84730, bucket=bucket91502, key=testBatchDelete/parent/child3, dataSize=0, replicationConfig=null} | ret=FAILURE
org.apache.hadoop.ozone.om.exceptions.OMException: Unable to get file status: volume: volume84730 bucket: bucket91502 key: testBatchDelete/parent/child3
	at org.apache.hadoop.ozone.om.KeyManagerImpl.getOzoneFileStatus(KeyManagerImpl.java:1311) ~[ozone-manager-1.3.0-SNAPSHOT.jar:?]
	at org.apache.hadoop.ozone.om.KeyManagerImpl.getFileStatus(KeyManagerImpl.java:1241) ~[ozone-manager-1.3.0-SNAPSHOT.jar:?]
	at org.apache.hadoop.ozone.om.OzoneManager.getFileStatus(OzoneManager.java:3419) ~[ozone-manager-1.3.0-SNAPSHOT.jar:?]
	at org.apache.hadoop.ozone.protocolPB.OzoneManagerRequestHandler.getOzoneFileStatus(OzoneManagerRequestHandler.java:871) ~[ozone-manager-1.3.0-SNAPSHOT.jar:?]
	at org.apache.hadoop.ozone.protocolPB.OzoneManagerRequestHandler.handleReadRequest(OzoneManagerRequestHandler.java:217) ~[ozone-manager-1.3.0-SNAPSHOT.jar:?]
	at org.apache.hadoop.ozone.protocolPB.OzoneManagerProtocolServerSideTranslatorPB.submitReadRequestToOM(OzoneManagerProtocolServerSideTranslatorPB.java:226) ~[ozone-manager-1.3.0-SNAPSHOT.jar:?]
	at org.apache.hadoop.ozone.protocolPB.OzoneManagerProtocolServerSideTranslatorPB.processRequest(OzoneManagerProtocolServerSideTranslatorPB.java:175) ~[ozone-manager-1.3.0-SNAPSHOT.jar:?]
	at org.apache.hadoop.hdds.server.OzoneProtocolMessageDispatcher.processRequest(OzoneProtocolMessageDispatcher.java:87) [hdds-server-framework-1.3.0-SNAPSHOT.jar:?]
	at org.apache.hadoop.ozone.protocolPB.OzoneManagerProtocolServerSideTranslatorPB.submitRequest(OzoneManagerProtocolServerSideTranslatorPB.java:147) [ozone-manager-1.3.0-SNAPSHOT.jar:?]
	at org.apache.hadoop.ozone.protocol.proto.OzoneManagerProtocolProtos$OzoneManagerService$2.callBlockingMethod(OzoneManagerProtocolProtos.java) [ozone-interface-client-1.3.0-SNAPSHOT.jar:?]
	at org.apache.hadoop.ipc.ProtobufRpcEngine$Server.processCall(ProtobufRpcEngine.java:466) [hadoop-common-3.3.1.jar:?]
	at org.apache.hadoop.ipc.ProtobufRpcEngine2$Server$ProtoBufRpcInvoker.call(ProtobufRpcEngine2.java:574) [hadoop-common-3.3.1.jar:?]
	at org.apache.hadoop.ipc.ProtobufRpcEngine2$Server$ProtoBufRpcInvoker.call(ProtobufRpcEngine2.java:552) [hadoop-common-3.3.1.jar:?]
	at org.apache.hadoop.ipc.RPC$Server.call(RPC.java:1093) [hadoop-common-3.3.1.jar:?]
	at org.apache.hadoop.ipc.Server$RpcCall.run(Server.java:1035) [hadoop-common-3.3.1.jar:?]
	at org.apache.hadoop.ipc.Server$RpcCall.run(Server.java:963) [hadoop-common-3.3.1.jar:?]
	at java.security.AccessController.doPrivileged(Native Method) ~[?:1.8.0_332]
	at javax.security.auth.Subject.doAs(Subject.java:422) [?:1.8.0_332]
	at org.apache.hadoop.security.UserGroupInformation.doAs(UserGroupInformation.java:1878) [hadoop-common-3.3.1.jar:?]
	at org.apache.hadoop.ipc.Server$Handler.run(Server.java:2966) [hadoop-common-3.3.1.jar:?]
23:45:26.080 [IPC Server handler 9 on default port 44795] ERROR OMAudit - user=runner | ip=127.0.0.1 | op=GET_FILE_STATUS {volume=volume84730, bucket=bucket91502, key=testBatchDelete/parent/childFolder/child3, dataSize=0, replicationConfig=null} | ret=FAILURE
org.apache.hadoop.ozone.om.exceptions.OMException: Unable to get file status: volume: volume84730 bucket: bucket91502 key: testBatchDelete/parent/childFolder/child3
	at org.apache.hadoop.ozone.om.KeyManagerImpl.getOzoneFileStatus(KeyManagerImpl.java:1311) ~[ozone-manager-1.3.0-SNAPSHOT.jar:?]
	at org.apache.hadoop.ozone.om.KeyManagerImpl.getFileStatus(KeyManagerImpl.java:1241) ~[ozone-manager-1.3.0-SNAPSHOT.jar:?]
	at org.apache.hadoop.ozone.om.OzoneManager.getFileStatus(OzoneManager.java:3419) ~[ozone-manager-1.3.0-SNAPSHOT.jar:?]
	at org.apache.hadoop.ozone.protocolPB.OzoneManagerRequestHandler.getOzoneFileStatus(OzoneManagerRequestHandler.java:871) ~[ozone-manager-1.3.0-SNAPSHOT.jar:?]
	at org.apache.hadoop.ozone.protocolPB.OzoneManagerRequestHandler.handleReadRequest(OzoneManagerRequestHandler.java:217) ~[ozone-manager-1.3.0-SNAPSHOT.jar:?]
	at org.apache.hadoop.ozone.protocolPB.OzoneManagerProtocolServerSideTranslatorPB.submitReadRequestToOM(OzoneManagerProtocolServerSideTranslatorPB.java:226) ~[ozone-manager-1.3.0-SNAPSHOT.jar:?]
	at org.apache.hadoop.ozone.protocolPB.OzoneManagerProtocolServerSideTranslatorPB.processRequest(OzoneManagerProtocolServerSideTranslatorPB.java:175) ~[ozone-manager-1.3.0-SNAPSHOT.jar:?]
	at org.apache.hadoop.hdds.server.OzoneProtocolMessageDispatcher.processRequest(OzoneProtocolMessageDispatcher.java:87) [hdds-server-framework-1.3.0-SNAPSHOT.jar:?]
	at org.apache.hadoop.ozone.protocolPB.OzoneManagerProtocolServerSideTranslatorPB.submitRequest(OzoneManagerProtocolServerSideTranslatorPB.java:147) [ozone-manager-1.3.0-SNAPSHOT.jar:?]
	at org.apache.hadoop.ozone.protocol.proto.OzoneManagerProtocolProtos$OzoneManagerService$2.callBlockingMethod(OzoneManagerProtocolProtos.java) [ozone-interface-client-1.3.0-SNAPSHOT.jar:?]
	at org.apache.hadoop.ipc.ProtobufRpcEngine$Server.processCall(ProtobufRpcEngine.java:466) [hadoop-common-3.3.1.jar:?]
	at org.apache.hadoop.ipc.ProtobufRpcEngine2$Server$ProtoBufRpcInvoker.call(ProtobufRpcEngine2.java:574) [hadoop-common-3.3.1.jar:?]
	at org.apache.hadoop.ipc.ProtobufRpcEngine2$Server$ProtoBufRpcInvoker.call(ProtobufRpcEngine2.java:552) [hadoop-common-3.3.1.jar:?]
	at org.apache.hadoop.ipc.RPC$Server.call(RPC.java:1093) [hadoop-common-3.3.1.jar:?]
	at org.apache.hadoop.ipc.Server$RpcCall.run(Server.java:1035) [hadoop-common-3.3.1.jar:?]
	at org.apache.hadoop.ipc.Server$RpcCall.run(Server.java:963) [hadoop-common-3.3.1.jar:?]
	at java.security.AccessController.doPrivileged(Native Method) ~[?:1.8.0_332]
	at javax.security.auth.Subject.doAs(Subject.java:422) [?:1.8.0_332]
	at org.apache.hadoop.security.UserGroupInformation.doAs(UserGroupInformation.java:1878) [hadoop-common-3.3.1.jar:?]
	at org.apache.hadoop.ipc.Server$Handler.run(Server.java:2966) [hadoop-common-3.3.1.jar:?]
23:45:26.081 [IPC Server handler 0 on default port 44795] ERROR OMAudit - user=runner | ip=127.0.0.1 | op=GET_FILE_STATUS {volume=volume84730, bucket=bucket91502, key=testBatchDelete/parent/child4, dataSize=0, replicationConfig=null} | ret=FAILURE
org.apache.hadoop.ozone.om.exceptions.OMException: Unable to get file status: volume: volume84730 bucket: bucket91502 key: testBatchDelete/parent/child4
	at org.apache.hadoop.ozone.om.KeyManagerImpl.getOzoneFileStatus(KeyManagerImpl.java:1311) ~[ozone-manager-1.3.0-SNAPSHOT.jar:?]
	at org.apache.hadoop.ozone.om.KeyManagerImpl.getFileStatus(KeyManagerImpl.java:1241) ~[ozone-manager-1.3.0-SNAPSHOT.jar:?]
	at org.apache.hadoop.ozone.om.OzoneManager.getFileStatus(OzoneManager.java:3419) ~[ozone-manager-1.3.0-SNAPSHOT.jar:?]
	at org.apache.hadoop.ozone.protocolPB.OzoneManagerRequestHandler.getOzoneFileStatus(OzoneManagerRequestHandler.java:871) ~[ozone-manager-1.3.0-SNAPSHOT.jar:?]
	at org.apache.hadoop.ozone.protocolPB.OzoneManagerRequestHandler.handleReadRequest(OzoneManagerRequestHandler.java:217) ~[ozone-manager-1.3.0-SNAPSHOT.jar:?]
	at org.apache.hadoop.ozone.protocolPB.OzoneManagerProtocolServerSideTranslatorPB.submitReadRequestToOM(OzoneManagerProtocolServerSideTranslatorPB.java:226) ~[ozone-manager-1.3.0-SNAPSHOT.jar:?]
	at org.apache.hadoop.ozone.protocolPB.OzoneManagerProtocolServerSideTranslatorPB.processRequest(OzoneManagerProtocolServerSideTranslatorPB.java:175) ~[ozone-manager-1.3.0-SNAPSHOT.jar:?]
	at org.apache.hadoop.hdds.server.OzoneProtocolMessageDispatcher.processRequest(OzoneProtocolMessageDispatcher.java:87) [hdds-server-framework-1.3.0-SNAPSHOT.jar:?]
	at org.apache.hadoop.ozone.protocolPB.OzoneManagerProtocolServerSideTranslatorPB.submitRequest(OzoneManagerProtocolServerSideTranslatorPB.java:147) [ozone-manager-1.3.0-SNAPSHOT.jar:?]
	at org.apache.hadoop.ozone.protocol.proto.OzoneManagerProtocolProtos$OzoneManagerService$2.callBlockingMethod(OzoneManagerProtocolProtos.java) [ozone-interface-client-1.3.0-SNAPSHOT.jar:?]
	at org.apache.hadoop.ipc.ProtobufRpcEngine$Server.processCall(ProtobufRpcEngine.java:466) [hadoop-common-3.3.1.jar:?]
	at org.apache.hadoop.ipc.ProtobufRpcEngine2$Server$ProtoBufRpcInvoker.call(ProtobufRpcEngine2.java:574) [hadoop-common-3.3.1.jar:?]
	at org.apache.hadoop.ipc.ProtobufRpcEngine2$Server$ProtoBufRpcInvoker.call(ProtobufRpcEngine2.java:552) [hadoop-common-3.3.1.jar:?]
	at org.apache.hadoop.ipc.RPC$Server.call(RPC.java:1093) [hadoop-common-3.3.1.jar:?]
	at org.apache.hadoop.ipc.Server$RpcCall.run(Server.java:1035) [hadoop-common-3.3.1.jar:?]
	at org.apache.hadoop.ipc.Server$RpcCall.run(Server.java:963) [hadoop-common-3.3.1.jar:?]
	at java.security.AccessController.doPrivileged(Native Method) ~[?:1.8.0_332]
	at javax.security.auth.Subject.doAs(Subject.java:422) [?:1.8.0_332]
	at org.apache.hadoop.security.UserGroupInformation.doAs(UserGroupInformation.java:1878) [hadoop-common-3.3.1.jar:?]
	at org.apache.hadoop.ipc.Server$Handler.run(Server.java:2966) [hadoop-common-3.3.1.jar:?]
23:45:26.082 [IPC Server handler 8 on default port 44795] ERROR OMAudit - user=runner | ip=127.0.0.1 | op=GET_FILE_STATUS {volume=volume84730, bucket=bucket91502, key=testBatchDelete/parent/childFolder/child4, dataSize=0, replicationConfig=null} | ret=FAILURE
org.apache.hadoop.ozone.om.exceptions.OMException: Unable to get file status: volume: volume84730 bucket: bucket91502 key: testBatchDelete/parent/childFolder/child4
	at org.apache.hadoop.ozone.om.KeyManagerImpl.getOzoneFileStatus(KeyManagerImpl.java:1311) ~[ozone-manager-1.3.0-SNAPSHOT.jar:?]
	at org.apache.hadoop.ozone.om.KeyManagerImpl.getFileStatus(KeyManagerImpl.java:1241) ~[ozone-manager-1.3.0-SNAPSHOT.jar:?]
	at org.apache.hadoop.ozone.om.OzoneManager.getFileStatus(OzoneManager.java:3419) ~[ozone-manager-1.3.0-SNAPSHOT.jar:?]
	at org.apache.hadoop.ozone.protocolPB.OzoneManagerRequestHandler.getOzoneFileStatus(OzoneManagerRequestHandler.java:871) ~[ozone-manager-1.3.0-SNAPSHOT.jar:?]
	at org.apache.hadoop.ozone.protocolPB.OzoneManagerRequestHandler.handleReadRequest(OzoneManagerRequestHandler.java:217) ~[ozone-manager-1.3.0-SNAPSHOT.jar:?]
	at org.apache.hadoop.ozone.protocolPB.OzoneManagerProtocolServerSideTranslatorPB.submitReadRequestToOM(OzoneManagerProtocolServerSideTranslatorPB.java:226) ~[ozone-manager-1.3.0-SNAPSHOT.jar:?]
	at org.apache.hadoop.ozone.protocolPB.OzoneManagerProtocolServerSideTranslatorPB.processRequest(OzoneManagerProtocolServerSideTranslatorPB.java:175) ~[ozone-manager-1.3.0-SNAPSHOT.jar:?]
	at org.apache.hadoop.hdds.server.OzoneProtocolMessageDispatcher.processRequest(OzoneProtocolMessageDispatcher.java:87) [hdds-server-framework-1.3.0-SNAPSHOT.jar:?]
	at org.apache.hadoop.ozone.protocolPB.OzoneManagerProtocolServerSideTranslatorPB.submitRequest(OzoneManagerProtocolServerSideTranslatorPB.java:147) [ozone-manager-1.3.0-SNAPSHOT.jar:?]
	at org.apache.hadoop.ozone.protocol.proto.OzoneManagerProtocolProtos$OzoneManagerService$2.callBlockingMethod(OzoneManagerProtocolProtos.java) [ozone-interface-client-1.3.0-SNAPSHOT.jar:?]
	at org.apache.hadoop.ipc.ProtobufRpcEngine$Server.processCall(ProtobufRpcEngine.java:466) [hadoop-common-3.3.1.jar:?]
	at org.apache.hadoop.ipc.ProtobufRpcEngine2$Server$ProtoBufRpcInvoker.call(ProtobufRpcEngine2.java:574) [hadoop-common-3.3.1.jar:?]
	at org.apache.hadoop.ipc.ProtobufRpcEngine2$Server$ProtoBufRpcInvoker.call(ProtobufRpcEngine2.java:552) [hadoop-common-3.3.1.jar:?]
	at org.apache.hadoop.ipc.RPC$Server.call(RPC.java:1093) [hadoop-common-3.3.1.jar:?]
	at org.apache.hadoop.ipc.Server$RpcCall.run(Server.java:1035) [hadoop-common-3.3.1.jar:?]
	at org.apache.hadoop.ipc.Server$RpcCall.run(Server.java:963) [hadoop-common-3.3.1.jar:?]
	at java.security.AccessController.doPrivileged(Native Method) ~[?:1.8.0_332]
	at javax.security.auth.Subject.doAs(Subject.java:422) [?:1.8.0_332]
	at org.apache.hadoop.security.UserGroupInformation.doAs(UserGroupInformation.java:1878) [hadoop-common-3.3.1.jar:?]
	at org.apache.hadoop.ipc.Server$Handler.run(Server.java:2966) [hadoop-common-3.3.1.jar:?]
23:45:26.083 [IPC Server handler 17 on default port 44795] ERROR OMAudit - user=runner | ip=127.0.0.1 | op=GET_FILE_STATUS {volume=volume84730, bucket=bucket91502, key=testBatchDelete/parent/child5, dataSize=0, replicationConfig=null} | ret=FAILURE
org.apache.hadoop.ozone.om.exceptions.OMException: Unable to get file status: volume: volume84730 bucket: bucket91502 key: testBatchDelete/parent/child5
	at org.apache.hadoop.ozone.om.KeyManagerImpl.getOzoneFileStatus(KeyManagerImpl.java:1311) ~[ozone-manager-1.3.0-SNAPSHOT.jar:?]
	at org.apache.hadoop.ozone.om.KeyManagerImpl.getFileStatus(KeyManagerImpl.java:1241) ~[ozone-manager-1.3.0-SNAPSHOT.jar:?]
	at org.apache.hadoop.ozone.om.OzoneManager.getFileStatus(OzoneManager.java:3419) ~[ozone-manager-1.3.0-SNAPSHOT.jar:?]
	at org.apache.hadoop.ozone.protocolPB.OzoneManagerRequestHandler.getOzoneFileStatus(OzoneManagerRequestHandler.java:871) ~[ozone-manager-1.3.0-SNAPSHOT.jar:?]
	at org.apache.hadoop.ozone.protocolPB.OzoneManagerRequestHandler.handleReadRequest(OzoneManagerRequestHandler.java:217) ~[ozone-manager-1.3.0-SNAPSHOT.jar:?]
	at org.apache.hadoop.ozone.protocolPB.OzoneManagerProtocolServerSideTranslatorPB.submitReadRequestToOM(OzoneManagerProtocolServerSideTranslatorPB.java:226) ~[ozone-manager-1.3.0-SNAPSHOT.jar:?]
	at org.apache.hadoop.ozone.protocolPB.OzoneManagerProtocolServerSideTranslatorPB.processRequest(OzoneManagerProtocolServerSideTranslatorPB.java:175) ~[ozone-manager-1.3.0-SNAPSHOT.jar:?]
	at org.apache.hadoop.hdds.server.OzoneProtocolMessageDispatcher.processRequest(OzoneProtocolMessageDispatcher.java:87) [hdds-server-framework-1.3.0-SNAPSHOT.jar:?]
	at org.apache.hadoop.ozone.protocolPB.OzoneManagerProtocolServerSideTranslatorPB.submitRequest(OzoneManagerProtocolServerSideTranslatorPB.java:147) [ozone-manager-1.3.0-SNAPSHOT.jar:?]
	at org.apache.hadoop.ozone.protocol.proto.OzoneManagerProtocolProtos$OzoneManagerService$2.callBlockingMethod(OzoneManagerProtocolProtos.java) [ozone-interface-client-1.3.0-SNAPSHOT.jar:?]
	at org.apache.hadoop.ipc.ProtobufRpcEngine$Server.processCall(ProtobufRpcEngine.java:466) [hadoop-common-3.3.1.jar:?]
	at org.apache.hadoop.ipc.ProtobufRpcEngine2$Server$ProtoBufRpcInvoker.call(ProtobufRpcEngine2.java:574) [hadoop-common-3.3.1.jar:?]
	at org.apache.hadoop.ipc.ProtobufRpcEngine2$Server$ProtoBufRpcInvoker.call(ProtobufRpcEngine2.java:552) [hadoop-common-3.3.1.jar:?]
	at org.apache.hadoop.ipc.RPC$Server.call(RPC.java:1093) [hadoop-common-3.3.1.jar:?]
	at org.apache.hadoop.ipc.Server$RpcCall.run(Server.java:1035) [hadoop-common-3.3.1.jar:?]
	at org.apache.hadoop.ipc.Server$RpcCall.run(Server.java:963) [hadoop-common-3.3.1.jar:?]
	at java.security.AccessController.doPrivileged(Native Method) ~[?:1.8.0_332]
	at javax.security.auth.Subject.doAs(Subject.java:422) [?:1.8.0_332]
	at org.apache.hadoop.security.UserGroupInformation.doAs(UserGroupInformation.java:1878) [hadoop-common-3.3.1.jar:?]
	at org.apache.hadoop.ipc.Server$Handler.run(Server.java:2966) [hadoop-common-3.3.1.jar:?]
23:45:26.084 [IPC Server handler 2 on default port 44795] ERROR OMAudit - user=runner | ip=127.0.0.1 | op=GET_FILE_STATUS {volume=volume84730, bucket=bucket91502, key=testBatchDelete/parent/childFolder/child5, dataSize=0, replicationConfig=null} | ret=FAILURE
org.apache.hadoop.ozone.om.exceptions.OMException: Unable to get file status: volume: volume84730 bucket: bucket91502 key: testBatchDelete/parent/childFolder/child5
	at org.apache.hadoop.ozone.om.KeyManagerImpl.getOzoneFileStatus(KeyManagerImpl.java:1311) ~[ozone-manager-1.3.0-SNAPSHOT.jar:?]
	at org.apache.hadoop.ozone.om.KeyManagerImpl.getFileStatus(KeyManagerImpl.java:1241) ~[ozone-manager-1.3.0-SNAPSHOT.jar:?]
	at org.apache.hadoop.ozone.om.OzoneManager.getFileStatus(OzoneManager.java:3419) ~[ozone-manager-1.3.0-SNAPSHOT.jar:?]
	at org.apache.hadoop.ozone.protocolPB.OzoneManagerRequestHandler.getOzoneFileStatus(OzoneManagerRequestHandler.java:871) ~[ozone-manager-1.3.0-SNAPSHOT.jar:?]
	at org.apache.hadoop.ozone.protocolPB.OzoneManagerRequestHandler.handleReadRequest(OzoneManagerRequestHandler.java:217) ~[ozone-manager-1.3.0-SNAPSHOT.jar:?]
	at org.apache.hadoop.ozone.protocolPB.OzoneManagerProtocolServerSideTranslatorPB.submitReadRequestToOM(OzoneManagerProtocolServerSideTranslatorPB.java:226) ~[ozone-manager-1.3.0-SNAPSHOT.jar:?]
	at org.apache.hadoop.ozone.protocolPB.OzoneManagerProtocolServerSideTranslatorPB.processRequest(OzoneManagerProtocolServerSideTranslatorPB.java:175) ~[ozone-manager-1.3.0-SNAPSHOT.jar:?]
	at org.apache.hadoop.hdds.server.OzoneProtocolMessageDispatcher.processRequest(OzoneProtocolMessageDispatcher.java:87) [hdds-server-framework-1.3.0-SNAPSHOT.jar:?]
	at org.apache.hadoop.ozone.protocolPB.OzoneManagerProtocolServerSideTranslatorPB.submitRequest(OzoneManagerProtocolServerSideTranslatorPB.java:147) [ozone-manager-1.3.0-SNAPSHOT.jar:?]
	at org.apache.hadoop.ozone.protocol.proto.OzoneManagerProtocolProtos$OzoneManagerService$2.callBlockingMethod(OzoneManagerProtocolProtos.java) [ozone-interface-client-1.3.0-SNAPSHOT.jar:?]
	at org.apache.hadoop.ipc.ProtobufRpcEngine$Server.processCall(ProtobufRpcEngine.java:466) [hadoop-common-3.3.1.jar:?]
	at org.apache.hadoop.ipc.ProtobufRpcEngine2$Server$ProtoBufRpcInvoker.call(ProtobufRpcEngine2.java:574) [hadoop-common-3.3.1.jar:?]
	at org.apache.hadoop.ipc.ProtobufRpcEngine2$Server$ProtoBufRpcInvoker.call(ProtobufRpcEngine2.java:552) [hadoop-common-3.3.1.jar:?]
	at org.apache.hadoop.ipc.RPC$Server.call(RPC.java:1093) [hadoop-common-3.3.1.jar:?]
	at org.apache.hadoop.ipc.Server$RpcCall.run(Server.java:1035) [hadoop-common-3.3.1.jar:?]
	at org.apache.hadoop.ipc.Server$RpcCall.run(Server.java:963) [hadoop-common-3.3.1.jar:?]
	at java.security.AccessController.doPrivileged(Native Method) ~[?:1.8.0_332]
	at javax.security.auth.Subject.doAs(Subject.java:422) [?:1.8.0_332]
	at org.apache.hadoop.security.UserGroupInformation.doAs(UserGroupInformation.java:1878) [hadoop-common-3.3.1.jar:?]
	at org.apache.hadoop.ipc.Server$Handler.run(Server.java:2966) [hadoop-common-3.3.1.jar:?]
23:45:26.085 [IPC Server handler 1 on default port 44795] ERROR OMAudit - user=runner | ip=127.0.0.1 | op=GET_FILE_STATUS {volume=volume84730, bucket=bucket91502, key=testBatchDelete/parent/child6, dataSize=0, replicationConfig=null} | ret=FAILURE
org.apache.hadoop.ozone.om.exceptions.OMException: Unable to get file status: volume: volume84730 bucket: bucket91502 key: testBatchDelete/parent/child6
	at org.apache.hadoop.ozone.om.KeyManagerImpl.getOzoneFileStatus(KeyManagerImpl.java:1311) ~[ozone-manager-1.3.0-SNAPSHOT.jar:?]
	at org.apache.hadoop.ozone.om.KeyManagerImpl.getFileStatus(KeyManagerImpl.java:1241) ~[ozone-manager-1.3.0-SNAPSHOT.jar:?]
	at org.apache.hadoop.ozone.om.OzoneManager.getFileStatus(OzoneManager.java:3419) ~[ozone-manager-1.3.0-SNAPSHOT.jar:?]
	at org.apache.hadoop.ozone.protocolPB.OzoneManagerRequestHandler.getOzoneFileStatus(OzoneManagerRequestHandler.java:871) ~[ozone-manager-1.3.0-SNAPSHOT.jar:?]
	at org.apache.hadoop.ozone.protocolPB.OzoneManagerRequestHandler.handleReadRequest(OzoneManagerRequestHandler.java:217) ~[ozone-manager-1.3.0-SNAPSHOT.jar:?]
	at org.apache.hadoop.ozone.protocolPB.OzoneManagerProtocolServerSideTranslatorPB.submitReadRequestToOM(OzoneManagerProtocolServerSideTranslatorPB.java:226) ~[ozone-manager-1.3.0-SNAPSHOT.jar:?]
	at org.apache.hadoop.ozone.protocolPB.OzoneManagerProtocolServerSideTranslatorPB.processRequest(OzoneManagerProtocolServerSideTranslatorPB.java:175) ~[ozone-manager-1.3.0-SNAPSHOT.jar:?]
	at org.apache.hadoop.hdds.server.OzoneProtocolMessageDispatcher.processRequest(OzoneProtocolMessageDispatcher.java:87) [hdds-server-framework-1.3.0-SNAPSHOT.jar:?]
	at org.apache.hadoop.ozone.protocolPB.OzoneManagerProtocolServerSideTranslatorPB.submitRequest(OzoneManagerProtocolServerSideTranslatorPB.java:147) [ozone-manager-1.3.0-SNAPSHOT.jar:?]
	at org.apache.hadoop.ozone.protocol.proto.OzoneManagerProtocolProtos$OzoneManagerService$2.callBlockingMethod(OzoneManagerProtocolProtos.java) [ozone-interface-client-1.3.0-SNAPSHOT.jar:?]
	at org.apache.hadoop.ipc.ProtobufRpcEngine$Server.processCall(ProtobufRpcEngine.java:466) [hadoop-common-3.3.1.jar:?]
	at org.apache.hadoop.ipc.ProtobufRpcEngine2$Server$ProtoBufRpcInvoker.call(ProtobufRpcEngine2.java:574) [hadoop-common-3.3.1.jar:?]
	at org.apache.hadoop.ipc.ProtobufRpcEngine2$Server$ProtoBufRpcInvoker.call(ProtobufRpcEngine2.java:552) [hadoop-common-3.3.1.jar:?]
	at org.apache.hadoop.ipc.RPC$Server.call(RPC.java:1093) [hadoop-common-3.3.1.jar:?]
	at org.apache.hadoop.ipc.Server$RpcCall.run(Server.java:1035) [hadoop-common-3.3.1.jar:?]
	at org.apache.hadoop.ipc.Server$RpcCall.run(Server.java:963) [hadoop-common-3.3.1.jar:?]
	at java.security.AccessController.doPrivileged(Native Method) ~[?:1.8.0_332]
	at javax.security.auth.Subject.doAs(Subject.java:422) [?:1.8.0_332]
	at org.apache.hadoop.security.UserGroupInformation.doAs(UserGroupInformation.java:1878) [hadoop-common-3.3.1.jar:?]
	at org.apache.hadoop.ipc.Server$Handler.run(Server.java:2966) [hadoop-common-3.3.1.jar:?]
23:45:26.086 [IPC Server handler 6 on default port 44795] ERROR OMAudit - user=runner | ip=127.0.0.1 | op=GET_FILE_STATUS {volume=volume84730, bucket=bucket91502, key=testBatchDelete/parent/childFolder/child6, dataSize=0, replicationConfig=null} | ret=FAILURE
org.apache.hadoop.ozone.om.exceptions.OMException: Unable to get file status: volume: volume84730 bucket: bucket91502 key: testBatchDelete/parent/childFolder/child6
	at org.apache.hadoop.ozone.om.KeyManagerImpl.getOzoneFileStatus(KeyManagerImpl.java:1311) ~[ozone-manager-1.3.0-SNAPSHOT.jar:?]
	at org.apache.hadoop.ozone.om.KeyManagerImpl.getFileStatus(KeyManagerImpl.java:1241) ~[ozone-manager-1.3.0-SNAPSHOT.jar:?]
	at org.apache.hadoop.ozone.om.OzoneManager.getFileStatus(OzoneManager.java:3419) ~[ozone-manager-1.3.0-SNAPSHOT.jar:?]
	at org.apache.hadoop.ozone.protocolPB.OzoneManagerRequestHandler.getOzoneFileStatus(OzoneManagerRequestHandler.java:871) ~[ozone-manager-1.3.0-SNAPSHOT.jar:?]
	at org.apache.hadoop.ozone.protocolPB.OzoneManagerRequestHandler.handleReadRequest(OzoneManagerRequestHandler.java:217) ~[ozone-manager-1.3.0-SNAPSHOT.jar:?]
	at org.apache.hadoop.ozone.protocolPB.OzoneManagerProtocolServerSideTranslatorPB.submitReadRequestToOM(OzoneManagerProtocolServerSideTranslatorPB.java:226) ~[ozone-manager-1.3.0-SNAPSHOT.jar:?]
	at org.apache.hadoop.ozone.protocolPB.OzoneManagerProtocolServerSideTranslatorPB.processRequest(OzoneManagerProtocolServerSideTranslatorPB.java:175) ~[ozone-manager-1.3.0-SNAPSHOT.jar:?]
	at org.apache.hadoop.hdds.server.OzoneProtocolMessageDispatcher.processRequest(OzoneProtocolMessageDispatcher.java:87) [hdds-server-framework-1.3.0-SNAPSHOT.jar:?]
	at org.apache.hadoop.ozone.protocolPB.OzoneManagerProtocolServerSideTranslatorPB.submitRequest(OzoneManagerProtocolServerSideTranslatorPB.java:147) [ozone-manager-1.3.0-SNAPSHOT.jar:?]
	at org.apache.hadoop.ozone.protocol.proto.OzoneManagerProtocolProtos$OzoneManagerService$2.callBlockingMethod(OzoneManagerProtocolProtos.java) [ozone-interface-client-1.3.0-SNAPSHOT.jar:?]
	at org.apache.hadoop.ipc.ProtobufRpcEngine$Server.processCall(ProtobufRpcEngine.java:466) [hadoop-common-3.3.1.jar:?]
	at org.apache.hadoop.ipc.ProtobufRpcEngine2$Server$ProtoBufRpcInvoker.call(ProtobufRpcEngine2.java:574) [hadoop-common-3.3.1.jar:?]
	at org.apache.hadoop.ipc.ProtobufRpcEngine2$Server$ProtoBufRpcInvoker.call(ProtobufRpcEngine2.java:552) [hadoop-common-3.3.1.jar:?]
	at org.apache.hadoop.ipc.RPC$Server.call(RPC.java:1093) [hadoop-common-3.3.1.jar:?]
	at org.apache.hadoop.ipc.Server$RpcCall.run(Server.java:1035) [hadoop-common-3.3.1.jar:?]
	at org.apache.hadoop.ipc.Server$RpcCall.run(Server.java:963) [hadoop-common-3.3.1.jar:?]
	at java.security.AccessController.doPrivileged(Native Method) ~[?:1.8.0_332]
	at javax.security.auth.Subject.doAs(Subject.java:422) [?:1.8.0_332]
	at org.apache.hadoop.security.UserGroupInformation.doAs(UserGroupInformation.java:1878) [hadoop-common-3.3.1.jar:?]
	at org.apache.hadoop.ipc.Server$Handler.run(Server.java:2966) [hadoop-common-3.3.1.jar:?]
23:45:26.087 [IPC Server handler 10 on default port 44795] ERROR OMAudit - user=runner | ip=127.0.0.1 | op=GET_FILE_STATUS {volume=volume84730, bucket=bucket91502, key=testBatchDelete/parent/child7, dataSize=0, replicationConfig=null} | ret=FAILURE
org.apache.hadoop.ozone.om.exceptions.OMException: Unable to get file status: volume: volume84730 bucket: bucket91502 key: testBatchDelete/parent/child7
	at org.apache.hadoop.ozone.om.KeyManagerImpl.getOzoneFileStatus(KeyManagerImpl.java:1311) ~[ozone-manager-1.3.0-SNAPSHOT.jar:?]
	at org.apache.hadoop.ozone.om.KeyManagerImpl.getFileStatus(KeyManagerImpl.java:1241) ~[ozone-manager-1.3.0-SNAPSHOT.jar:?]
	at org.apache.hadoop.ozone.om.OzoneManager.getFileStatus(OzoneManager.java:3419) ~[ozone-manager-1.3.0-SNAPSHOT.jar:?]
	at org.apache.hadoop.ozone.protocolPB.OzoneManagerRequestHandler.getOzoneFileStatus(OzoneManagerRequestHandler.java:871) ~[ozone-manager-1.3.0-SNAPSHOT.jar:?]
	at org.apache.hadoop.ozone.protocolPB.OzoneManagerRequestHandler.handleReadRequest(OzoneManagerRequestHandler.java:217) ~[ozone-manager-1.3.0-SNAPSHOT.jar:?]
	at org.apache.hadoop.ozone.protocolPB.OzoneManagerProtocolServerSideTranslatorPB.submitReadRequestToOM(OzoneManagerProtocolServerSideTranslatorPB.java:226) ~[ozone-manager-1.3.0-SNAPSHOT.jar:?]
	at org.apache.hadoop.ozone.protocolPB.OzoneManagerProtocolServerSideTranslatorPB.processRequest(OzoneManagerProtocolServerSideTranslatorPB.java:175) ~[ozone-manager-1.3.0-SNAPSHOT.jar:?]
	at org.apache.hadoop.hdds.server.OzoneProtocolMessageDispatcher.processRequest(OzoneProtocolMessageDispatcher.java:87) [hdds-server-framework-1.3.0-SNAPSHOT.jar:?]
	at org.apache.hadoop.ozone.protocolPB.OzoneManagerProtocolServerSideTranslatorPB.submitRequest(OzoneManagerProtocolServerSideTranslatorPB.java:147) [ozone-manager-1.3.0-SNAPSHOT.jar:?]
	at org.apache.hadoop.ozone.protocol.proto.OzoneManagerProtocolProtos$OzoneManagerService$2.callBlockingMethod(OzoneManagerProtocolProtos.java) [ozone-interface-client-1.3.0-SNAPSHOT.jar:?]
	at org.apache.hadoop.ipc.ProtobufRpcEngine$Server.processCall(ProtobufRpcEngine.java:466) [hadoop-common-3.3.1.jar:?]
	at org.apache.hadoop.ipc.ProtobufRpcEngine2$Server$ProtoBufRpcInvoker.call(ProtobufRpcEngine2.java:574) [hadoop-common-3.3.1.jar:?]
	at org.apache.hadoop.ipc.ProtobufRpcEngine2$Server$ProtoBufRpcInvoker.call(ProtobufRpcEngine2.java:552) [hadoop-common-3.3.1.jar:?]
	at org.apache.hadoop.ipc.RPC$Server.call(RPC.java:1093) [hadoop-common-3.3.1.jar:?]
	at org.apache.hadoop.ipc.Server$RpcCall.run(Server.java:1035) [hadoop-common-3.3.1.jar:?]
	at org.apache.hadoop.ipc.Server$RpcCall.run(Server.java:963) [hadoop-common-3.3.1.jar:?]
	at java.security.AccessController.doPrivileged(Native Method) ~[?:1.8.0_332]
	at javax.security.auth.Subject.doAs(Subject.java:422) [?:1.8.0_332]
	at org.apache.hadoop.security.UserGroupInformation.doAs(UserGroupInformation.java:1878) [hadoop-common-3.3.1.jar:?]
	at org.apache.hadoop.ipc.Server$Handler.run(Server.java:2966) [hadoop-common-3.3.1.jar:?]
23:45:26.089 [IPC Server handler 18 on default port 44795] ERROR OMAudit - user=runner | ip=127.0.0.1 | op=GET_FILE_STATUS {volume=volume84730, bucket=bucket91502, key=testBatchDelete/parent/childFolder/child7, dataSize=0, replicationConfig=null} | ret=FAILURE
org.apache.hadoop.ozone.om.exceptions.OMException: Unable to get file status: volume: volume84730 bucket: bucket91502 key: testBatchDelete/parent/childFolder/child7
	at org.apache.hadoop.ozone.om.KeyManagerImpl.getOzoneFileStatus(KeyManagerImpl.java:1311) ~[ozone-manager-1.3.0-SNAPSHOT.jar:?]
	at org.apache.hadoop.ozone.om.KeyManagerImpl.getFileStatus(KeyManagerImpl.java:1241) ~[ozone-manager-1.3.0-SNAPSHOT.jar:?]
	at org.apache.hadoop.ozone.om.OzoneManager.getFileStatus(OzoneManager.java:3419) ~[ozone-manager-1.3.0-SNAPSHOT.jar:?]
	at org.apache.hadoop.ozone.protocolPB.OzoneManagerRequestHandler.getOzoneFileStatus(OzoneManagerRequestHandler.java:871) ~[ozone-manager-1.3.0-SNAPSHOT.jar:?]
	at org.apache.hadoop.ozone.protocolPB.OzoneManagerRequestHandler.handleReadRequest(OzoneManagerRequestHandler.java:217) ~[ozone-manager-1.3.0-SNAPSHOT.jar:?]
	at org.apache.hadoop.ozone.protocolPB.OzoneManagerProtocolServerSideTranslatorPB.submitReadRequestToOM(OzoneManagerProtocolServerSideTranslatorPB.java:226) ~[ozone-manager-1.3.0-SNAPSHOT.jar:?]
	at org.apache.hadoop.ozone.protocolPB.OzoneManagerProtocolServerSideTranslatorPB.processRequest(OzoneManagerProtocolServerSideTranslatorPB.java:175) ~[ozone-manager-1.3.0-SNAPSHOT.jar:?]
	at org.apache.hadoop.hdds.server.OzoneProtocolMessageDispatcher.processRequest(OzoneProtocolMessageDispatcher.java:87) [hdds-server-framework-1.3.0-SNAPSHOT.jar:?]
	at org.apache.hadoop.ozone.protocolPB.OzoneManagerProtocolServerSideTranslatorPB.submitRequest(OzoneManagerProtocolServerSideTranslatorPB.java:147) [ozone-manager-1.3.0-SNAPSHOT.jar:?]
	at org.apache.hadoop.ozone.protocol.proto.OzoneManagerProtocolProtos$OzoneManagerService$2.callBlockingMethod(OzoneManagerProtocolProtos.java) [ozone-interface-client-1.3.0-SNAPSHOT.jar:?]
	at org.apache.hadoop.ipc.ProtobufRpcEngine$Server.processCall(ProtobufRpcEngine.java:466) [hadoop-common-3.3.1.jar:?]
	at org.apache.hadoop.ipc.ProtobufRpcEngine2$Server$ProtoBufRpcInvoker.call(ProtobufRpcEngine2.java:574) [hadoop-common-3.3.1.jar:?]
	at org.apache.hadoop.ipc.ProtobufRpcEngine2$Server$ProtoBufRpcInvoker.call(ProtobufRpcEngine2.java:552) [hadoop-common-3.3.1.jar:?]
	at org.apache.hadoop.ipc.RPC$Server.call(RPC.java:1093) [hadoop-common-3.3.1.jar:?]
	at org.apache.hadoop.ipc.Server$RpcCall.run(Server.java:1035) [hadoop-common-3.3.1.jar:?]
	at org.apache.hadoop.ipc.Server$RpcCall.run(Server.java:963) [hadoop-common-3.3.1.jar:?]
	at java.security.AccessController.doPrivileged(Native Method) ~[?:1.8.0_332]
	at javax.security.auth.Subject.doAs(Subject.java:422) [?:1.8.0_332]
	at org.apache.hadoop.security.UserGroupInformation.doAs(UserGroupInformation.java:1878) [hadoop-common-3.3.1.jar:?]
	at org.apache.hadoop.ipc.Server$Handler.run(Server.java:2966) [hadoop-common-3.3.1.jar:?]
23:45:26.090 [IPC Server handler 11 on default port 44795] ERROR OMAudit - user=runner | ip=127.0.0.1 | op=GET_FILE_STATUS {volume=volume84730, bucket=bucket91502, key=testBatchDelete/parent, dataSize=0, replicationConfig=null} | ret=FAILURE
org.apache.hadoop.ozone.om.exceptions.OMException: Unable to get file status: volume: volume84730 bucket: bucket91502 key: testBatchDelete/parent
	at org.apache.hadoop.ozone.om.KeyManagerImpl.getOzoneFileStatus(KeyManagerImpl.java:1311) ~[ozone-manager-1.3.0-SNAPSHOT.jar:?]
	at org.apache.hadoop.ozone.om.KeyManagerImpl.getFileStatus(KeyManagerImpl.java:1241) ~[ozone-manager-1.3.0-SNAPSHOT.jar:?]
	at org.apache.hadoop.ozone.om.OzoneManager.getFileStatus(OzoneManager.java:3419) ~[ozone-manager-1.3.0-SNAPSHOT.jar:?]
	at org.apache.hadoop.ozone.protocolPB.OzoneManagerRequestHandler.getOzoneFileStatus(OzoneManagerRequestHandler.java:871) ~[ozone-manager-1.3.0-SNAPSHOT.jar:?]
	at org.apache.hadoop.ozone.protocolPB.OzoneManagerRequestHandler.handleReadRequest(OzoneManagerRequestHandler.java:217) ~[ozone-manager-1.3.0-SNAPSHOT.jar:?]
	at org.apache.hadoop.ozone.protocolPB.OzoneManagerProtocolServerSideTranslatorPB.submitReadRequestToOM(OzoneManagerProtocolServerSideTranslatorPB.java:226) ~[ozone-manager-1.3.0-SNAPSHOT.jar:?]
	at org.apache.hadoop.ozone.protocolPB.OzoneManagerProtocolServerSideTranslatorPB.processRequest(OzoneManagerProtocolServerSideTranslatorPB.java:175) ~[ozone-manager-1.3.0-SNAPSHOT.jar:?]
	at org.apache.hadoop.hdds.server.OzoneProtocolMessageDispatcher.processRequest(OzoneProtocolMessageDispatcher.java:87) [hdds-server-framework-1.3.0-SNAPSHOT.jar:?]
	at org.apache.hadoop.ozone.protocolPB.OzoneManagerProtocolServerSideTranslatorPB.submitRequest(OzoneManagerProtocolServerSideTranslatorPB.java:147) [ozone-manager-1.3.0-SNAPSHOT.jar:?]
	at org.apache.hadoop.ozone.protocol.proto.OzoneManagerProtocolProtos$OzoneManagerService$2.callBlockingMethod(OzoneManagerProtocolProtos.java) [ozone-interface-client-1.3.0-SNAPSHOT.jar:?]
	at org.apache.hadoop.ipc.ProtobufRpcEngine$Server.processCall(ProtobufRpcEngine.java:466) [hadoop-common-3.3.1.jar:?]
	at org.apache.hadoop.ipc.ProtobufRpcEngine2$Server$ProtoBufRpcInvoker.call(ProtobufRpcEngine2.java:574) [hadoop-common-3.3.1.jar:?]
	at org.apache.hadoop.ipc.ProtobufRpcEngine2$Server$ProtoBufRpcInvoker.call(ProtobufRpcEngine2.java:552) [hadoop-common-3.3.1.jar:?]
	at org.apache.hadoop.ipc.RPC$Server.call(RPC.java:1093) [hadoop-common-3.3.1.jar:?]
	at org.apache.hadoop.ipc.Server$RpcCall.run(Server.java:1035) [hadoop-common-3.3.1.jar:?]
	at org.apache.hadoop.ipc.Server$RpcCall.run(Server.java:963) [hadoop-common-3.3.1.jar:?]
	at java.security.AccessController.doPrivileged(Native Method) ~[?:1.8.0_332]
	at javax.security.auth.Subject.doAs(Subject.java:422) [?:1.8.0_332]
	at org.apache.hadoop.security.UserGroupInformation.doAs(UserGroupInformation.java:1878) [hadoop-common-3.3.1.jar:?]
	at org.apache.hadoop.ipc.Server$Handler.run(Server.java:2966) [hadoop-common-3.3.1.jar:?]
2022-06-24 23:45:26,091 [Time-limited test] WARN  ozone.BasicOzoneFileSystem (BasicOzoneFileSystem.java:delete(532)) - delete: Path does not exist: /testBatchDelete/parent
]]></system-out>
  </testcase>
  <testcase name="testFileDelete" classname="TestOzoneFileSystem" time="0.089">
    <system-out><![CDATA[23:46:32.837 [IPC Server handler 2 on default port 34097] ERROR OMAudit - user=runner | ip=127.0.0.1 | op=GET_FILE_STATUS {volume=volume05206, bucket=bucket45514, key=testBatchDelete, dataSize=0, replicationConfig=null} | ret=FAILURE
org.apache.hadoop.ozone.om.exceptions.OMException: Unable to get file status: volume: volume05206 bucket: bucket45514 key: testBatchDelete
	at org.apache.hadoop.ozone.om.KeyManagerImpl.getOzoneFileStatus(KeyManagerImpl.java:1311) ~[ozone-manager-1.3.0-SNAPSHOT.jar:?]
	at org.apache.hadoop.ozone.om.KeyManagerImpl.getFileStatus(KeyManagerImpl.java:1241) ~[ozone-manager-1.3.0-SNAPSHOT.jar:?]
	at org.apache.hadoop.ozone.om.OzoneManager.getFileStatus(OzoneManager.java:3419) ~[ozone-manager-1.3.0-SNAPSHOT.jar:?]
	at org.apache.hadoop.ozone.protocolPB.OzoneManagerRequestHandler.getOzoneFileStatus(OzoneManagerRequestHandler.java:871) ~[ozone-manager-1.3.0-SNAPSHOT.jar:?]
	at org.apache.hadoop.ozone.protocolPB.OzoneManagerRequestHandler.handleReadRequest(OzoneManagerRequestHandler.java:217) ~[ozone-manager-1.3.0-SNAPSHOT.jar:?]
	at org.apache.hadoop.ozone.protocolPB.OzoneManagerProtocolServerSideTranslatorPB.submitRequestDirectlyToOM(OzoneManagerProtocolServerSideTranslatorPB.java:276) ~[ozone-manager-1.3.0-SNAPSHOT.jar:?]
	at org.apache.hadoop.ozone.protocolPB.OzoneManagerProtocolServerSideTranslatorPB.processRequest(OzoneManagerProtocolServerSideTranslatorPB.java:205) ~[ozone-manager-1.3.0-SNAPSHOT.jar:?]
	at org.apache.hadoop.hdds.server.OzoneProtocolMessageDispatcher.processRequest(OzoneProtocolMessageDispatcher.java:87) [hdds-server-framework-1.3.0-SNAPSHOT.jar:?]
	at org.apache.hadoop.ozone.protocolPB.OzoneManagerProtocolServerSideTranslatorPB.submitRequest(OzoneManagerProtocolServerSideTranslatorPB.java:147) [ozone-manager-1.3.0-SNAPSHOT.jar:?]
	at org.apache.hadoop.ozone.protocol.proto.OzoneManagerProtocolProtos$OzoneManagerService$2.callBlockingMethod(OzoneManagerProtocolProtos.java) [ozone-interface-client-1.3.0-SNAPSHOT.jar:?]
	at org.apache.hadoop.ipc.ProtobufRpcEngine$Server.processCall(ProtobufRpcEngine.java:466) [hadoop-common-3.3.1.jar:?]
	at org.apache.hadoop.ipc.ProtobufRpcEngine2$Server$ProtoBufRpcInvoker.call(ProtobufRpcEngine2.java:574) [hadoop-common-3.3.1.jar:?]
	at org.apache.hadoop.ipc.ProtobufRpcEngine2$Server$ProtoBufRpcInvoker.call(ProtobufRpcEngine2.java:552) [hadoop-common-3.3.1.jar:?]
	at org.apache.hadoop.ipc.RPC$Server.call(RPC.java:1093) [hadoop-common-3.3.1.jar:?]
	at org.apache.hadoop.ipc.Server$RpcCall.run(Server.java:1035) [hadoop-common-3.3.1.jar:?]
	at org.apache.hadoop.ipc.Server$RpcCall.run(Server.java:963) [hadoop-common-3.3.1.jar:?]
	at java.security.AccessController.doPrivileged(Native Method) ~[?:1.8.0_332]
	at javax.security.auth.Subject.doAs(Subject.java:422) [?:1.8.0_332]
	at org.apache.hadoop.security.UserGroupInformation.doAs(UserGroupInformation.java:1878) [hadoop-common-3.3.1.jar:?]
	at org.apache.hadoop.ipc.Server$Handler.run(Server.java:2966) [hadoop-common-3.3.1.jar:?]
23:46:32.838 [IPC Server handler 0 on default port 34097] ERROR OMAudit - user=runner | ip=127.0.0.1 | op=GET_FILE_STATUS {volume=volume05206, bucket=bucket45514, key=testBatchDelete/parent/child0, dataSize=0, replicationConfig=null} | ret=FAILURE
org.apache.hadoop.ozone.om.exceptions.OMException: Unable to get file status: volume: volume05206 bucket: bucket45514 key: testBatchDelete/parent/child0
	at org.apache.hadoop.ozone.om.KeyManagerImpl.getOzoneFileStatus(KeyManagerImpl.java:1311) ~[ozone-manager-1.3.0-SNAPSHOT.jar:?]
	at org.apache.hadoop.ozone.om.KeyManagerImpl.getFileStatus(KeyManagerImpl.java:1241) ~[ozone-manager-1.3.0-SNAPSHOT.jar:?]
	at org.apache.hadoop.ozone.om.OzoneManager.getFileStatus(OzoneManager.java:3419) ~[ozone-manager-1.3.0-SNAPSHOT.jar:?]
	at org.apache.hadoop.ozone.protocolPB.OzoneManagerRequestHandler.getOzoneFileStatus(OzoneManagerRequestHandler.java:871) ~[ozone-manager-1.3.0-SNAPSHOT.jar:?]
	at org.apache.hadoop.ozone.protocolPB.OzoneManagerRequestHandler.handleReadRequest(OzoneManagerRequestHandler.java:217) ~[ozone-manager-1.3.0-SNAPSHOT.jar:?]
	at org.apache.hadoop.ozone.protocolPB.OzoneManagerProtocolServerSideTranslatorPB.submitRequestDirectlyToOM(OzoneManagerProtocolServerSideTranslatorPB.java:276) ~[ozone-manager-1.3.0-SNAPSHOT.jar:?]
	at org.apache.hadoop.ozone.protocolPB.OzoneManagerProtocolServerSideTranslatorPB.processRequest(OzoneManagerProtocolServerSideTranslatorPB.java:205) ~[ozone-manager-1.3.0-SNAPSHOT.jar:?]
	at org.apache.hadoop.hdds.server.OzoneProtocolMessageDispatcher.processRequest(OzoneProtocolMessageDispatcher.java:87) [hdds-server-framework-1.3.0-SNAPSHOT.jar:?]
	at org.apache.hadoop.ozone.protocolPB.OzoneManagerProtocolServerSideTranslatorPB.submitRequest(OzoneManagerProtocolServerSideTranslatorPB.java:147) [ozone-manager-1.3.0-SNAPSHOT.jar:?]
	at org.apache.hadoop.ozone.protocol.proto.OzoneManagerProtocolProtos$OzoneManagerService$2.callBlockingMethod(OzoneManagerProtocolProtos.java) [ozone-interface-client-1.3.0-SNAPSHOT.jar:?]
	at org.apache.hadoop.ipc.ProtobufRpcEngine$Server.processCall(ProtobufRpcEngine.java:466) [hadoop-common-3.3.1.jar:?]
	at org.apache.hadoop.ipc.ProtobufRpcEngine2$Server$ProtoBufRpcInvoker.call(ProtobufRpcEngine2.java:574) [hadoop-common-3.3.1.jar:?]
	at org.apache.hadoop.ipc.ProtobufRpcEngine2$Server$ProtoBufRpcInvoker.call(ProtobufRpcEngine2.java:552) [hadoop-common-3.3.1.jar:?]
	at org.apache.hadoop.ipc.RPC$Server.call(RPC.java:1093) [hadoop-common-3.3.1.jar:?]
	at org.apache.hadoop.ipc.Server$RpcCall.run(Server.java:1035) [hadoop-common-3.3.1.jar:?]
	at org.apache.hadoop.ipc.Server$RpcCall.run(Server.java:963) [hadoop-common-3.3.1.jar:?]
	at java.security.AccessController.doPrivileged(Native Method) ~[?:1.8.0_332]
	at javax.security.auth.Subject.doAs(Subject.java:422) [?:1.8.0_332]
	at org.apache.hadoop.security.UserGroupInformation.doAs(UserGroupInformation.java:1878) [hadoop-common-3.3.1.jar:?]
	at org.apache.hadoop.ipc.Server$Handler.run(Server.java:2966) [hadoop-common-3.3.1.jar:?]
23:46:32.838 [IPC Server handler 3 on default port 34097] ERROR OMAudit - user=runner | ip=127.0.0.1 | op=GET_FILE_STATUS {volume=volume05206, bucket=bucket45514, key=testBatchDelete/parent/childFolder/child0, dataSize=0, replicationConfig=null} | ret=FAILURE
org.apache.hadoop.ozone.om.exceptions.OMException: Unable to get file status: volume: volume05206 bucket: bucket45514 key: testBatchDelete/parent/childFolder/child0
	at org.apache.hadoop.ozone.om.KeyManagerImpl.getOzoneFileStatus(KeyManagerImpl.java:1311) ~[ozone-manager-1.3.0-SNAPSHOT.jar:?]
	at org.apache.hadoop.ozone.om.KeyManagerImpl.getFileStatus(KeyManagerImpl.java:1241) ~[ozone-manager-1.3.0-SNAPSHOT.jar:?]
	at org.apache.hadoop.ozone.om.OzoneManager.getFileStatus(OzoneManager.java:3419) ~[ozone-manager-1.3.0-SNAPSHOT.jar:?]
	at org.apache.hadoop.ozone.protocolPB.OzoneManagerRequestHandler.getOzoneFileStatus(OzoneManagerRequestHandler.java:871) ~[ozone-manager-1.3.0-SNAPSHOT.jar:?]
	at org.apache.hadoop.ozone.protocolPB.OzoneManagerRequestHandler.handleReadRequest(OzoneManagerRequestHandler.java:217) ~[ozone-manager-1.3.0-SNAPSHOT.jar:?]
	at org.apache.hadoop.ozone.protocolPB.OzoneManagerProtocolServerSideTranslatorPB.submitRequestDirectlyToOM(OzoneManagerProtocolServerSideTranslatorPB.java:276) ~[ozone-manager-1.3.0-SNAPSHOT.jar:?]
	at org.apache.hadoop.ozone.protocolPB.OzoneManagerProtocolServerSideTranslatorPB.processRequest(OzoneManagerProtocolServerSideTranslatorPB.java:205) ~[ozone-manager-1.3.0-SNAPSHOT.jar:?]
	at org.apache.hadoop.hdds.server.OzoneProtocolMessageDispatcher.processRequest(OzoneProtocolMessageDispatcher.java:87) [hdds-server-framework-1.3.0-SNAPSHOT.jar:?]
	at org.apache.hadoop.ozone.protocolPB.OzoneManagerProtocolServerSideTranslatorPB.submitRequest(OzoneManagerProtocolServerSideTranslatorPB.java:147) [ozone-manager-1.3.0-SNAPSHOT.jar:?]
	at org.apache.hadoop.ozone.protocol.proto.OzoneManagerProtocolProtos$OzoneManagerService$2.callBlockingMethod(OzoneManagerProtocolProtos.java) [ozone-interface-client-1.3.0-SNAPSHOT.jar:?]
	at org.apache.hadoop.ipc.ProtobufRpcEngine$Server.processCall(ProtobufRpcEngine.java:466) [hadoop-common-3.3.1.jar:?]
	at org.apache.hadoop.ipc.ProtobufRpcEngine2$Server$ProtoBufRpcInvoker.call(ProtobufRpcEngine2.java:574) [hadoop-common-3.3.1.jar:?]
	at org.apache.hadoop.ipc.ProtobufRpcEngine2$Server$ProtoBufRpcInvoker.call(ProtobufRpcEngine2.java:552) [hadoop-common-3.3.1.jar:?]
	at org.apache.hadoop.ipc.RPC$Server.call(RPC.java:1093) [hadoop-common-3.3.1.jar:?]
	at org.apache.hadoop.ipc.Server$RpcCall.run(Server.java:1035) [hadoop-common-3.3.1.jar:?]
	at org.apache.hadoop.ipc.Server$RpcCall.run(Server.java:963) [hadoop-common-3.3.1.jar:?]
	at java.security.AccessController.doPrivileged(Native Method) ~[?:1.8.0_332]
	at javax.security.auth.Subject.doAs(Subject.java:422) [?:1.8.0_332]
	at org.apache.hadoop.security.UserGroupInformation.doAs(UserGroupInformation.java:1878) [hadoop-common-3.3.1.jar:?]
	at org.apache.hadoop.ipc.Server$Handler.run(Server.java:2966) [hadoop-common-3.3.1.jar:?]
23:46:32.839 [IPC Server handler 5 on default port 34097] ERROR OMAudit - user=runner | ip=127.0.0.1 | op=GET_FILE_STATUS {volume=volume05206, bucket=bucket45514, key=testBatchDelete/parent/child1, dataSize=0, replicationConfig=null} | ret=FAILURE
org.apache.hadoop.ozone.om.exceptions.OMException: Unable to get file status: volume: volume05206 bucket: bucket45514 key: testBatchDelete/parent/child1
	at org.apache.hadoop.ozone.om.KeyManagerImpl.getOzoneFileStatus(KeyManagerImpl.java:1311) ~[ozone-manager-1.3.0-SNAPSHOT.jar:?]
	at org.apache.hadoop.ozone.om.KeyManagerImpl.getFileStatus(KeyManagerImpl.java:1241) ~[ozone-manager-1.3.0-SNAPSHOT.jar:?]
	at org.apache.hadoop.ozone.om.OzoneManager.getFileStatus(OzoneManager.java:3419) ~[ozone-manager-1.3.0-SNAPSHOT.jar:?]
	at org.apache.hadoop.ozone.protocolPB.OzoneManagerRequestHandler.getOzoneFileStatus(OzoneManagerRequestHandler.java:871) ~[ozone-manager-1.3.0-SNAPSHOT.jar:?]
	at org.apache.hadoop.ozone.protocolPB.OzoneManagerRequestHandler.handleReadRequest(OzoneManagerRequestHandler.java:217) ~[ozone-manager-1.3.0-SNAPSHOT.jar:?]
	at org.apache.hadoop.ozone.protocolPB.OzoneManagerProtocolServerSideTranslatorPB.submitRequestDirectlyToOM(OzoneManagerProtocolServerSideTranslatorPB.java:276) ~[ozone-manager-1.3.0-SNAPSHOT.jar:?]
	at org.apache.hadoop.ozone.protocolPB.OzoneManagerProtocolServerSideTranslatorPB.processRequest(OzoneManagerProtocolServerSideTranslatorPB.java:205) ~[ozone-manager-1.3.0-SNAPSHOT.jar:?]
	at org.apache.hadoop.hdds.server.OzoneProtocolMessageDispatcher.processRequest(OzoneProtocolMessageDispatcher.java:87) [hdds-server-framework-1.3.0-SNAPSHOT.jar:?]
	at org.apache.hadoop.ozone.protocolPB.OzoneManagerProtocolServerSideTranslatorPB.submitRequest(OzoneManagerProtocolServerSideTranslatorPB.java:147) [ozone-manager-1.3.0-SNAPSHOT.jar:?]
	at org.apache.hadoop.ozone.protocol.proto.OzoneManagerProtocolProtos$OzoneManagerService$2.callBlockingMethod(OzoneManagerProtocolProtos.java) [ozone-interface-client-1.3.0-SNAPSHOT.jar:?]
	at org.apache.hadoop.ipc.ProtobufRpcEngine$Server.processCall(ProtobufRpcEngine.java:466) [hadoop-common-3.3.1.jar:?]
	at org.apache.hadoop.ipc.ProtobufRpcEngine2$Server$ProtoBufRpcInvoker.call(ProtobufRpcEngine2.java:574) [hadoop-common-3.3.1.jar:?]
	at org.apache.hadoop.ipc.ProtobufRpcEngine2$Server$ProtoBufRpcInvoker.call(ProtobufRpcEngine2.java:552) [hadoop-common-3.3.1.jar:?]
	at org.apache.hadoop.ipc.RPC$Server.call(RPC.java:1093) [hadoop-common-3.3.1.jar:?]
	at org.apache.hadoop.ipc.Server$RpcCall.run(Server.java:1035) [hadoop-common-3.3.1.jar:?]
	at org.apache.hadoop.ipc.Server$RpcCall.run(Server.java:963) [hadoop-common-3.3.1.jar:?]
	at java.security.AccessController.doPrivileged(Native Method) ~[?:1.8.0_332]
	at javax.security.auth.Subject.doAs(Subject.java:422) [?:1.8.0_332]
	at org.apache.hadoop.security.UserGroupInformation.doAs(UserGroupInformation.java:1878) [hadoop-common-3.3.1.jar:?]
	at org.apache.hadoop.ipc.Server$Handler.run(Server.java:2966) [hadoop-common-3.3.1.jar:?]
23:46:32.840 [IPC Server handler 6 on default port 34097] ERROR OMAudit - user=runner | ip=127.0.0.1 | op=GET_FILE_STATUS {volume=volume05206, bucket=bucket45514, key=testBatchDelete/parent/childFolder/child1, dataSize=0, replicationConfig=null} | ret=FAILURE
org.apache.hadoop.ozone.om.exceptions.OMException: Unable to get file status: volume: volume05206 bucket: bucket45514 key: testBatchDelete/parent/childFolder/child1
	at org.apache.hadoop.ozone.om.KeyManagerImpl.getOzoneFileStatus(KeyManagerImpl.java:1311) ~[ozone-manager-1.3.0-SNAPSHOT.jar:?]
	at org.apache.hadoop.ozone.om.KeyManagerImpl.getFileStatus(KeyManagerImpl.java:1241) ~[ozone-manager-1.3.0-SNAPSHOT.jar:?]
	at org.apache.hadoop.ozone.om.OzoneManager.getFileStatus(OzoneManager.java:3419) ~[ozone-manager-1.3.0-SNAPSHOT.jar:?]
	at org.apache.hadoop.ozone.protocolPB.OzoneManagerRequestHandler.getOzoneFileStatus(OzoneManagerRequestHandler.java:871) ~[ozone-manager-1.3.0-SNAPSHOT.jar:?]
	at org.apache.hadoop.ozone.protocolPB.OzoneManagerRequestHandler.handleReadRequest(OzoneManagerRequestHandler.java:217) ~[ozone-manager-1.3.0-SNAPSHOT.jar:?]
	at org.apache.hadoop.ozone.protocolPB.OzoneManagerProtocolServerSideTranslatorPB.submitRequestDirectlyToOM(OzoneManagerProtocolServerSideTranslatorPB.java:276) ~[ozone-manager-1.3.0-SNAPSHOT.jar:?]
	at org.apache.hadoop.ozone.protocolPB.OzoneManagerProtocolServerSideTranslatorPB.processRequest(OzoneManagerProtocolServerSideTranslatorPB.java:205) ~[ozone-manager-1.3.0-SNAPSHOT.jar:?]
	at org.apache.hadoop.hdds.server.OzoneProtocolMessageDispatcher.processRequest(OzoneProtocolMessageDispatcher.java:87) [hdds-server-framework-1.3.0-SNAPSHOT.jar:?]
	at org.apache.hadoop.ozone.protocolPB.OzoneManagerProtocolServerSideTranslatorPB.submitRequest(OzoneManagerProtocolServerSideTranslatorPB.java:147) [ozone-manager-1.3.0-SNAPSHOT.jar:?]
	at org.apache.hadoop.ozone.protocol.proto.OzoneManagerProtocolProtos$OzoneManagerService$2.callBlockingMethod(OzoneManagerProtocolProtos.java) [ozone-interface-client-1.3.0-SNAPSHOT.jar:?]
	at org.apache.hadoop.ipc.ProtobufRpcEngine$Server.processCall(ProtobufRpcEngine.java:466) [hadoop-common-3.3.1.jar:?]
	at org.apache.hadoop.ipc.ProtobufRpcEngine2$Server$ProtoBufRpcInvoker.call(ProtobufRpcEngine2.java:574) [hadoop-common-3.3.1.jar:?]
	at org.apache.hadoop.ipc.ProtobufRpcEngine2$Server$ProtoBufRpcInvoker.call(ProtobufRpcEngine2.java:552) [hadoop-common-3.3.1.jar:?]
	at org.apache.hadoop.ipc.RPC$Server.call(RPC.java:1093) [hadoop-common-3.3.1.jar:?]
	at org.apache.hadoop.ipc.Server$RpcCall.run(Server.java:1035) [hadoop-common-3.3.1.jar:?]
	at org.apache.hadoop.ipc.Server$RpcCall.run(Server.java:963) [hadoop-common-3.3.1.jar:?]
	at java.security.AccessController.doPrivileged(Native Method) ~[?:1.8.0_332]
	at javax.security.auth.Subject.doAs(Subject.java:422) [?:1.8.0_332]
	at org.apache.hadoop.security.UserGroupInformation.doAs(UserGroupInformation.java:1878) [hadoop-common-3.3.1.jar:?]
	at org.apache.hadoop.ipc.Server$Handler.run(Server.java:2966) [hadoop-common-3.3.1.jar:?]
23:46:32.841 [IPC Server handler 4 on default port 34097] ERROR OMAudit - user=runner | ip=127.0.0.1 | op=GET_FILE_STATUS {volume=volume05206, bucket=bucket45514, key=testBatchDelete/parent/child2, dataSize=0, replicationConfig=null} | ret=FAILURE
org.apache.hadoop.ozone.om.exceptions.OMException: Unable to get file status: volume: volume05206 bucket: bucket45514 key: testBatchDelete/parent/child2
	at org.apache.hadoop.ozone.om.KeyManagerImpl.getOzoneFileStatus(KeyManagerImpl.java:1311) ~[ozone-manager-1.3.0-SNAPSHOT.jar:?]
	at org.apache.hadoop.ozone.om.KeyManagerImpl.getFileStatus(KeyManagerImpl.java:1241) ~[ozone-manager-1.3.0-SNAPSHOT.jar:?]
	at org.apache.hadoop.ozone.om.OzoneManager.getFileStatus(OzoneManager.java:3419) ~[ozone-manager-1.3.0-SNAPSHOT.jar:?]
	at org.apache.hadoop.ozone.protocolPB.OzoneManagerRequestHandler.getOzoneFileStatus(OzoneManagerRequestHandler.java:871) ~[ozone-manager-1.3.0-SNAPSHOT.jar:?]
	at org.apache.hadoop.ozone.protocolPB.OzoneManagerRequestHandler.handleReadRequest(OzoneManagerRequestHandler.java:217) ~[ozone-manager-1.3.0-SNAPSHOT.jar:?]
	at org.apache.hadoop.ozone.protocolPB.OzoneManagerProtocolServerSideTranslatorPB.submitRequestDirectlyToOM(OzoneManagerProtocolServerSideTranslatorPB.java:276) ~[ozone-manager-1.3.0-SNAPSHOT.jar:?]
	at org.apache.hadoop.ozone.protocolPB.OzoneManagerProtocolServerSideTranslatorPB.processRequest(OzoneManagerProtocolServerSideTranslatorPB.java:205) ~[ozone-manager-1.3.0-SNAPSHOT.jar:?]
	at org.apache.hadoop.hdds.server.OzoneProtocolMessageDispatcher.processRequest(OzoneProtocolMessageDispatcher.java:87) [hdds-server-framework-1.3.0-SNAPSHOT.jar:?]
	at org.apache.hadoop.ozone.protocolPB.OzoneManagerProtocolServerSideTranslatorPB.submitRequest(OzoneManagerProtocolServerSideTranslatorPB.java:147) [ozone-manager-1.3.0-SNAPSHOT.jar:?]
	at org.apache.hadoop.ozone.protocol.proto.OzoneManagerProtocolProtos$OzoneManagerService$2.callBlockingMethod(OzoneManagerProtocolProtos.java) [ozone-interface-client-1.3.0-SNAPSHOT.jar:?]
	at org.apache.hadoop.ipc.ProtobufRpcEngine$Server.processCall(ProtobufRpcEngine.java:466) [hadoop-common-3.3.1.jar:?]
	at org.apache.hadoop.ipc.ProtobufRpcEngine2$Server$ProtoBufRpcInvoker.call(ProtobufRpcEngine2.java:574) [hadoop-common-3.3.1.jar:?]
	at org.apache.hadoop.ipc.ProtobufRpcEngine2$Server$ProtoBufRpcInvoker.call(ProtobufRpcEngine2.java:552) [hadoop-common-3.3.1.jar:?]
	at org.apache.hadoop.ipc.RPC$Server.call(RPC.java:1093) [hadoop-common-3.3.1.jar:?]
	at org.apache.hadoop.ipc.Server$RpcCall.run(Server.java:1035) [hadoop-common-3.3.1.jar:?]
	at org.apache.hadoop.ipc.Server$RpcCall.run(Server.java:963) [hadoop-common-3.3.1.jar:?]
	at java.security.AccessController.doPrivileged(Native Method) ~[?:1.8.0_332]
	at javax.security.auth.Subject.doAs(Subject.java:422) [?:1.8.0_332]
	at org.apache.hadoop.security.UserGroupInformation.doAs(UserGroupInformation.java:1878) [hadoop-common-3.3.1.jar:?]
	at org.apache.hadoop.ipc.Server$Handler.run(Server.java:2966) [hadoop-common-3.3.1.jar:?]
23:46:32.841 [IPC Server handler 13 on default port 34097] ERROR OMAudit - user=runner | ip=127.0.0.1 | op=GET_FILE_STATUS {volume=volume05206, bucket=bucket45514, key=testBatchDelete/parent/childFolder/child2, dataSize=0, replicationConfig=null} | ret=FAILURE
org.apache.hadoop.ozone.om.exceptions.OMException: Unable to get file status: volume: volume05206 bucket: bucket45514 key: testBatchDelete/parent/childFolder/child2
	at org.apache.hadoop.ozone.om.KeyManagerImpl.getOzoneFileStatus(KeyManagerImpl.java:1311) ~[ozone-manager-1.3.0-SNAPSHOT.jar:?]
	at org.apache.hadoop.ozone.om.KeyManagerImpl.getFileStatus(KeyManagerImpl.java:1241) ~[ozone-manager-1.3.0-SNAPSHOT.jar:?]
	at org.apache.hadoop.ozone.om.OzoneManager.getFileStatus(OzoneManager.java:3419) ~[ozone-manager-1.3.0-SNAPSHOT.jar:?]
	at org.apache.hadoop.ozone.protocolPB.OzoneManagerRequestHandler.getOzoneFileStatus(OzoneManagerRequestHandler.java:871) ~[ozone-manager-1.3.0-SNAPSHOT.jar:?]
	at org.apache.hadoop.ozone.protocolPB.OzoneManagerRequestHandler.handleReadRequest(OzoneManagerRequestHandler.java:217) ~[ozone-manager-1.3.0-SNAPSHOT.jar:?]
	at org.apache.hadoop.ozone.protocolPB.OzoneManagerProtocolServerSideTranslatorPB.submitRequestDirectlyToOM(OzoneManagerProtocolServerSideTranslatorPB.java:276) ~[ozone-manager-1.3.0-SNAPSHOT.jar:?]
	at org.apache.hadoop.ozone.protocolPB.OzoneManagerProtocolServerSideTranslatorPB.processRequest(OzoneManagerProtocolServerSideTranslatorPB.java:205) ~[ozone-manager-1.3.0-SNAPSHOT.jar:?]
	at org.apache.hadoop.hdds.server.OzoneProtocolMessageDispatcher.processRequest(OzoneProtocolMessageDispatcher.java:87) [hdds-server-framework-1.3.0-SNAPSHOT.jar:?]
	at org.apache.hadoop.ozone.protocolPB.OzoneManagerProtocolServerSideTranslatorPB.submitRequest(OzoneManagerProtocolServerSideTranslatorPB.java:147) [ozone-manager-1.3.0-SNAPSHOT.jar:?]
	at org.apache.hadoop.ozone.protocol.proto.OzoneManagerProtocolProtos$OzoneManagerService$2.callBlockingMethod(OzoneManagerProtocolProtos.java) [ozone-interface-client-1.3.0-SNAPSHOT.jar:?]
	at org.apache.hadoop.ipc.ProtobufRpcEngine$Server.processCall(ProtobufRpcEngine.java:466) [hadoop-common-3.3.1.jar:?]
	at org.apache.hadoop.ipc.ProtobufRpcEngine2$Server$ProtoBufRpcInvoker.call(ProtobufRpcEngine2.java:574) [hadoop-common-3.3.1.jar:?]
	at org.apache.hadoop.ipc.ProtobufRpcEngine2$Server$ProtoBufRpcInvoker.call(ProtobufRpcEngine2.java:552) [hadoop-common-3.3.1.jar:?]
	at org.apache.hadoop.ipc.RPC$Server.call(RPC.java:1093) [hadoop-common-3.3.1.jar:?]
	at org.apache.hadoop.ipc.Server$RpcCall.run(Server.java:1035) [hadoop-common-3.3.1.jar:?]
	at org.apache.hadoop.ipc.Server$RpcCall.run(Server.java:963) [hadoop-common-3.3.1.jar:?]
	at java.security.AccessController.doPrivileged(Native Method) ~[?:1.8.0_332]
	at javax.security.auth.Subject.doAs(Subject.java:422) [?:1.8.0_332]
	at org.apache.hadoop.security.UserGroupInformation.doAs(UserGroupInformation.java:1878) [hadoop-common-3.3.1.jar:?]
	at org.apache.hadoop.ipc.Server$Handler.run(Server.java:2966) [hadoop-common-3.3.1.jar:?]
23:46:32.842 [IPC Server handler 11 on default port 34097] ERROR OMAudit - user=runner | ip=127.0.0.1 | op=GET_FILE_STATUS {volume=volume05206, bucket=bucket45514, key=testBatchDelete/parent/child3, dataSize=0, replicationConfig=null} | ret=FAILURE
org.apache.hadoop.ozone.om.exceptions.OMException: Unable to get file status: volume: volume05206 bucket: bucket45514 key: testBatchDelete/parent/child3
	at org.apache.hadoop.ozone.om.KeyManagerImpl.getOzoneFileStatus(KeyManagerImpl.java:1311) ~[ozone-manager-1.3.0-SNAPSHOT.jar:?]
	at org.apache.hadoop.ozone.om.KeyManagerImpl.getFileStatus(KeyManagerImpl.java:1241) ~[ozone-manager-1.3.0-SNAPSHOT.jar:?]
	at org.apache.hadoop.ozone.om.OzoneManager.getFileStatus(OzoneManager.java:3419) ~[ozone-manager-1.3.0-SNAPSHOT.jar:?]
	at org.apache.hadoop.ozone.protocolPB.OzoneManagerRequestHandler.getOzoneFileStatus(OzoneManagerRequestHandler.java:871) ~[ozone-manager-1.3.0-SNAPSHOT.jar:?]
	at org.apache.hadoop.ozone.protocolPB.OzoneManagerRequestHandler.handleReadRequest(OzoneManagerRequestHandler.java:217) ~[ozone-manager-1.3.0-SNAPSHOT.jar:?]
	at org.apache.hadoop.ozone.protocolPB.OzoneManagerProtocolServerSideTranslatorPB.submitRequestDirectlyToOM(OzoneManagerProtocolServerSideTranslatorPB.java:276) ~[ozone-manager-1.3.0-SNAPSHOT.jar:?]
	at org.apache.hadoop.ozone.protocolPB.OzoneManagerProtocolServerSideTranslatorPB.processRequest(OzoneManagerProtocolServerSideTranslatorPB.java:205) ~[ozone-manager-1.3.0-SNAPSHOT.jar:?]
	at org.apache.hadoop.hdds.server.OzoneProtocolMessageDispatcher.processRequest(OzoneProtocolMessageDispatcher.java:87) [hdds-server-framework-1.3.0-SNAPSHOT.jar:?]
	at org.apache.hadoop.ozone.protocolPB.OzoneManagerProtocolServerSideTranslatorPB.submitRequest(OzoneManagerProtocolServerSideTranslatorPB.java:147) [ozone-manager-1.3.0-SNAPSHOT.jar:?]
	at org.apache.hadoop.ozone.protocol.proto.OzoneManagerProtocolProtos$OzoneManagerService$2.callBlockingMethod(OzoneManagerProtocolProtos.java) [ozone-interface-client-1.3.0-SNAPSHOT.jar:?]
	at org.apache.hadoop.ipc.ProtobufRpcEngine$Server.processCall(ProtobufRpcEngine.java:466) [hadoop-common-3.3.1.jar:?]
	at org.apache.hadoop.ipc.ProtobufRpcEngine2$Server$ProtoBufRpcInvoker.call(ProtobufRpcEngine2.java:574) [hadoop-common-3.3.1.jar:?]
	at org.apache.hadoop.ipc.ProtobufRpcEngine2$Server$ProtoBufRpcInvoker.call(ProtobufRpcEngine2.java:552) [hadoop-common-3.3.1.jar:?]
	at org.apache.hadoop.ipc.RPC$Server.call(RPC.java:1093) [hadoop-common-3.3.1.jar:?]
	at org.apache.hadoop.ipc.Server$RpcCall.run(Server.java:1035) [hadoop-common-3.3.1.jar:?]
	at org.apache.hadoop.ipc.Server$RpcCall.run(Server.java:963) [hadoop-common-3.3.1.jar:?]
	at java.security.AccessController.doPrivileged(Native Method) ~[?:1.8.0_332]
	at javax.security.auth.Subject.doAs(Subject.java:422) [?:1.8.0_332]
	at org.apache.hadoop.security.UserGroupInformation.doAs(UserGroupInformation.java:1878) [hadoop-common-3.3.1.jar:?]
	at org.apache.hadoop.ipc.Server$Handler.run(Server.java:2966) [hadoop-common-3.3.1.jar:?]
23:46:32.843 [IPC Server handler 12 on default port 34097] ERROR OMAudit - user=runner | ip=127.0.0.1 | op=GET_FILE_STATUS {volume=volume05206, bucket=bucket45514, key=testBatchDelete/parent/childFolder/child3, dataSize=0, replicationConfig=null} | ret=FAILURE
org.apache.hadoop.ozone.om.exceptions.OMException: Unable to get file status: volume: volume05206 bucket: bucket45514 key: testBatchDelete/parent/childFolder/child3
	at org.apache.hadoop.ozone.om.KeyManagerImpl.getOzoneFileStatus(KeyManagerImpl.java:1311) ~[ozone-manager-1.3.0-SNAPSHOT.jar:?]
	at org.apache.hadoop.ozone.om.KeyManagerImpl.getFileStatus(KeyManagerImpl.java:1241) ~[ozone-manager-1.3.0-SNAPSHOT.jar:?]
	at org.apache.hadoop.ozone.om.OzoneManager.getFileStatus(OzoneManager.java:3419) ~[ozone-manager-1.3.0-SNAPSHOT.jar:?]
	at org.apache.hadoop.ozone.protocolPB.OzoneManagerRequestHandler.getOzoneFileStatus(OzoneManagerRequestHandler.java:871) ~[ozone-manager-1.3.0-SNAPSHOT.jar:?]
	at org.apache.hadoop.ozone.protocolPB.OzoneManagerRequestHandler.handleReadRequest(OzoneManagerRequestHandler.java:217) ~[ozone-manager-1.3.0-SNAPSHOT.jar:?]
	at org.apache.hadoop.ozone.protocolPB.OzoneManagerProtocolServerSideTranslatorPB.submitRequestDirectlyToOM(OzoneManagerProtocolServerSideTranslatorPB.java:276) ~[ozone-manager-1.3.0-SNAPSHOT.jar:?]
	at org.apache.hadoop.ozone.protocolPB.OzoneManagerProtocolServerSideTranslatorPB.processRequest(OzoneManagerProtocolServerSideTranslatorPB.java:205) ~[ozone-manager-1.3.0-SNAPSHOT.jar:?]
	at org.apache.hadoop.hdds.server.OzoneProtocolMessageDispatcher.processRequest(OzoneProtocolMessageDispatcher.java:87) [hdds-server-framework-1.3.0-SNAPSHOT.jar:?]
	at org.apache.hadoop.ozone.protocolPB.OzoneManagerProtocolServerSideTranslatorPB.submitRequest(OzoneManagerProtocolServerSideTranslatorPB.java:147) [ozone-manager-1.3.0-SNAPSHOT.jar:?]
	at org.apache.hadoop.ozone.protocol.proto.OzoneManagerProtocolProtos$OzoneManagerService$2.callBlockingMethod(OzoneManagerProtocolProtos.java) [ozone-interface-client-1.3.0-SNAPSHOT.jar:?]
	at org.apache.hadoop.ipc.ProtobufRpcEngine$Server.processCall(ProtobufRpcEngine.java:466) [hadoop-common-3.3.1.jar:?]
	at org.apache.hadoop.ipc.ProtobufRpcEngine2$Server$ProtoBufRpcInvoker.call(ProtobufRpcEngine2.java:574) [hadoop-common-3.3.1.jar:?]
	at org.apache.hadoop.ipc.ProtobufRpcEngine2$Server$ProtoBufRpcInvoker.call(ProtobufRpcEngine2.java:552) [hadoop-common-3.3.1.jar:?]
	at org.apache.hadoop.ipc.RPC$Server.call(RPC.java:1093) [hadoop-common-3.3.1.jar:?]
	at org.apache.hadoop.ipc.Server$RpcCall.run(Server.java:1035) [hadoop-common-3.3.1.jar:?]
	at org.apache.hadoop.ipc.Server$RpcCall.run(Server.java:963) [hadoop-common-3.3.1.jar:?]
	at java.security.AccessController.doPrivileged(Native Method) ~[?:1.8.0_332]
	at javax.security.auth.Subject.doAs(Subject.java:422) [?:1.8.0_332]
	at org.apache.hadoop.security.UserGroupInformation.doAs(UserGroupInformation.java:1878) [hadoop-common-3.3.1.jar:?]
	at org.apache.hadoop.ipc.Server$Handler.run(Server.java:2966) [hadoop-common-3.3.1.jar:?]
23:46:32.843 [IPC Server handler 10 on default port 34097] ERROR OMAudit - user=runner | ip=127.0.0.1 | op=GET_FILE_STATUS {volume=volume05206, bucket=bucket45514, key=testBatchDelete/parent/child4, dataSize=0, replicationConfig=null} | ret=FAILURE
org.apache.hadoop.ozone.om.exceptions.OMException: Unable to get file status: volume: volume05206 bucket: bucket45514 key: testBatchDelete/parent/child4
	at org.apache.hadoop.ozone.om.KeyManagerImpl.getOzoneFileStatus(KeyManagerImpl.java:1311) ~[ozone-manager-1.3.0-SNAPSHOT.jar:?]
	at org.apache.hadoop.ozone.om.KeyManagerImpl.getFileStatus(KeyManagerImpl.java:1241) ~[ozone-manager-1.3.0-SNAPSHOT.jar:?]
	at org.apache.hadoop.ozone.om.OzoneManager.getFileStatus(OzoneManager.java:3419) ~[ozone-manager-1.3.0-SNAPSHOT.jar:?]
	at org.apache.hadoop.ozone.protocolPB.OzoneManagerRequestHandler.getOzoneFileStatus(OzoneManagerRequestHandler.java:871) ~[ozone-manager-1.3.0-SNAPSHOT.jar:?]
	at org.apache.hadoop.ozone.protocolPB.OzoneManagerRequestHandler.handleReadRequest(OzoneManagerRequestHandler.java:217) ~[ozone-manager-1.3.0-SNAPSHOT.jar:?]
	at org.apache.hadoop.ozone.protocolPB.OzoneManagerProtocolServerSideTranslatorPB.submitRequestDirectlyToOM(OzoneManagerProtocolServerSideTranslatorPB.java:276) ~[ozone-manager-1.3.0-SNAPSHOT.jar:?]
	at org.apache.hadoop.ozone.protocolPB.OzoneManagerProtocolServerSideTranslatorPB.processRequest(OzoneManagerProtocolServerSideTranslatorPB.java:205) ~[ozone-manager-1.3.0-SNAPSHOT.jar:?]
	at org.apache.hadoop.hdds.server.OzoneProtocolMessageDispatcher.processRequest(OzoneProtocolMessageDispatcher.java:87) [hdds-server-framework-1.3.0-SNAPSHOT.jar:?]
	at org.apache.hadoop.ozone.protocolPB.OzoneManagerProtocolServerSideTranslatorPB.submitRequest(OzoneManagerProtocolServerSideTranslatorPB.java:147) [ozone-manager-1.3.0-SNAPSHOT.jar:?]
	at org.apache.hadoop.ozone.protocol.proto.OzoneManagerProtocolProtos$OzoneManagerService$2.callBlockingMethod(OzoneManagerProtocolProtos.java) [ozone-interface-client-1.3.0-SNAPSHOT.jar:?]
	at org.apache.hadoop.ipc.ProtobufRpcEngine$Server.processCall(ProtobufRpcEngine.java:466) [hadoop-common-3.3.1.jar:?]
	at org.apache.hadoop.ipc.ProtobufRpcEngine2$Server$ProtoBufRpcInvoker.call(ProtobufRpcEngine2.java:574) [hadoop-common-3.3.1.jar:?]
	at org.apache.hadoop.ipc.ProtobufRpcEngine2$Server$ProtoBufRpcInvoker.call(ProtobufRpcEngine2.java:552) [hadoop-common-3.3.1.jar:?]
	at org.apache.hadoop.ipc.RPC$Server.call(RPC.java:1093) [hadoop-common-3.3.1.jar:?]
	at org.apache.hadoop.ipc.Server$RpcCall.run(Server.java:1035) [hadoop-common-3.3.1.jar:?]
	at org.apache.hadoop.ipc.Server$RpcCall.run(Server.java:963) [hadoop-common-3.3.1.jar:?]
	at java.security.AccessController.doPrivileged(Native Method) ~[?:1.8.0_332]
	at javax.security.auth.Subject.doAs(Subject.java:422) [?:1.8.0_332]
	at org.apache.hadoop.security.UserGroupInformation.doAs(UserGroupInformation.java:1878) [hadoop-common-3.3.1.jar:?]
	at org.apache.hadoop.ipc.Server$Handler.run(Server.java:2966) [hadoop-common-3.3.1.jar:?]
23:46:32.844 [IPC Server handler 9 on default port 34097] ERROR OMAudit - user=runner | ip=127.0.0.1 | op=GET_FILE_STATUS {volume=volume05206, bucket=bucket45514, key=testBatchDelete/parent/childFolder/child4, dataSize=0, replicationConfig=null} | ret=FAILURE
org.apache.hadoop.ozone.om.exceptions.OMException: Unable to get file status: volume: volume05206 bucket: bucket45514 key: testBatchDelete/parent/childFolder/child4
	at org.apache.hadoop.ozone.om.KeyManagerImpl.getOzoneFileStatus(KeyManagerImpl.java:1311) ~[ozone-manager-1.3.0-SNAPSHOT.jar:?]
	at org.apache.hadoop.ozone.om.KeyManagerImpl.getFileStatus(KeyManagerImpl.java:1241) ~[ozone-manager-1.3.0-SNAPSHOT.jar:?]
	at org.apache.hadoop.ozone.om.OzoneManager.getFileStatus(OzoneManager.java:3419) ~[ozone-manager-1.3.0-SNAPSHOT.jar:?]
	at org.apache.hadoop.ozone.protocolPB.OzoneManagerRequestHandler.getOzoneFileStatus(OzoneManagerRequestHandler.java:871) ~[ozone-manager-1.3.0-SNAPSHOT.jar:?]
	at org.apache.hadoop.ozone.protocolPB.OzoneManagerRequestHandler.handleReadRequest(OzoneManagerRequestHandler.java:217) ~[ozone-manager-1.3.0-SNAPSHOT.jar:?]
	at org.apache.hadoop.ozone.protocolPB.OzoneManagerProtocolServerSideTranslatorPB.submitRequestDirectlyToOM(OzoneManagerProtocolServerSideTranslatorPB.java:276) ~[ozone-manager-1.3.0-SNAPSHOT.jar:?]
	at org.apache.hadoop.ozone.protocolPB.OzoneManagerProtocolServerSideTranslatorPB.processRequest(OzoneManagerProtocolServerSideTranslatorPB.java:205) ~[ozone-manager-1.3.0-SNAPSHOT.jar:?]
	at org.apache.hadoop.hdds.server.OzoneProtocolMessageDispatcher.processRequest(OzoneProtocolMessageDispatcher.java:87) [hdds-server-framework-1.3.0-SNAPSHOT.jar:?]
	at org.apache.hadoop.ozone.protocolPB.OzoneManagerProtocolServerSideTranslatorPB.submitRequest(OzoneManagerProtocolServerSideTranslatorPB.java:147) [ozone-manager-1.3.0-SNAPSHOT.jar:?]
	at org.apache.hadoop.ozone.protocol.proto.OzoneManagerProtocolProtos$OzoneManagerService$2.callBlockingMethod(OzoneManagerProtocolProtos.java) [ozone-interface-client-1.3.0-SNAPSHOT.jar:?]
	at org.apache.hadoop.ipc.ProtobufRpcEngine$Server.processCall(ProtobufRpcEngine.java:466) [hadoop-common-3.3.1.jar:?]
	at org.apache.hadoop.ipc.ProtobufRpcEngine2$Server$ProtoBufRpcInvoker.call(ProtobufRpcEngine2.java:574) [hadoop-common-3.3.1.jar:?]
	at org.apache.hadoop.ipc.ProtobufRpcEngine2$Server$ProtoBufRpcInvoker.call(ProtobufRpcEngine2.java:552) [hadoop-common-3.3.1.jar:?]
	at org.apache.hadoop.ipc.RPC$Server.call(RPC.java:1093) [hadoop-common-3.3.1.jar:?]
	at org.apache.hadoop.ipc.Server$RpcCall.run(Server.java:1035) [hadoop-common-3.3.1.jar:?]
	at org.apache.hadoop.ipc.Server$RpcCall.run(Server.java:963) [hadoop-common-3.3.1.jar:?]
	at java.security.AccessController.doPrivileged(Native Method) ~[?:1.8.0_332]
	at javax.security.auth.Subject.doAs(Subject.java:422) [?:1.8.0_332]
	at org.apache.hadoop.security.UserGroupInformation.doAs(UserGroupInformation.java:1878) [hadoop-common-3.3.1.jar:?]
	at org.apache.hadoop.ipc.Server$Handler.run(Server.java:2966) [hadoop-common-3.3.1.jar:?]
23:46:32.845 [IPC Server handler 8 on default port 34097] ERROR OMAudit - user=runner | ip=127.0.0.1 | op=GET_FILE_STATUS {volume=volume05206, bucket=bucket45514, key=testBatchDelete/parent/child5, dataSize=0, replicationConfig=null} | ret=FAILURE
org.apache.hadoop.ozone.om.exceptions.OMException: Unable to get file status: volume: volume05206 bucket: bucket45514 key: testBatchDelete/parent/child5
	at org.apache.hadoop.ozone.om.KeyManagerImpl.getOzoneFileStatus(KeyManagerImpl.java:1311) ~[ozone-manager-1.3.0-SNAPSHOT.jar:?]
	at org.apache.hadoop.ozone.om.KeyManagerImpl.getFileStatus(KeyManagerImpl.java:1241) ~[ozone-manager-1.3.0-SNAPSHOT.jar:?]
	at org.apache.hadoop.ozone.om.OzoneManager.getFileStatus(OzoneManager.java:3419) ~[ozone-manager-1.3.0-SNAPSHOT.jar:?]
	at org.apache.hadoop.ozone.protocolPB.OzoneManagerRequestHandler.getOzoneFileStatus(OzoneManagerRequestHandler.java:871) ~[ozone-manager-1.3.0-SNAPSHOT.jar:?]
	at org.apache.hadoop.ozone.protocolPB.OzoneManagerRequestHandler.handleReadRequest(OzoneManagerRequestHandler.java:217) ~[ozone-manager-1.3.0-SNAPSHOT.jar:?]
	at org.apache.hadoop.ozone.protocolPB.OzoneManagerProtocolServerSideTranslatorPB.submitRequestDirectlyToOM(OzoneManagerProtocolServerSideTranslatorPB.java:276) ~[ozone-manager-1.3.0-SNAPSHOT.jar:?]
	at org.apache.hadoop.ozone.protocolPB.OzoneManagerProtocolServerSideTranslatorPB.processRequest(OzoneManagerProtocolServerSideTranslatorPB.java:205) ~[ozone-manager-1.3.0-SNAPSHOT.jar:?]
	at org.apache.hadoop.hdds.server.OzoneProtocolMessageDispatcher.processRequest(OzoneProtocolMessageDispatcher.java:87) [hdds-server-framework-1.3.0-SNAPSHOT.jar:?]
	at org.apache.hadoop.ozone.protocolPB.OzoneManagerProtocolServerSideTranslatorPB.submitRequest(OzoneManagerProtocolServerSideTranslatorPB.java:147) [ozone-manager-1.3.0-SNAPSHOT.jar:?]
	at org.apache.hadoop.ozone.protocol.proto.OzoneManagerProtocolProtos$OzoneManagerService$2.callBlockingMethod(OzoneManagerProtocolProtos.java) [ozone-interface-client-1.3.0-SNAPSHOT.jar:?]
	at org.apache.hadoop.ipc.ProtobufRpcEngine$Server.processCall(ProtobufRpcEngine.java:466) [hadoop-common-3.3.1.jar:?]
	at org.apache.hadoop.ipc.ProtobufRpcEngine2$Server$ProtoBufRpcInvoker.call(ProtobufRpcEngine2.java:574) [hadoop-common-3.3.1.jar:?]
	at org.apache.hadoop.ipc.ProtobufRpcEngine2$Server$ProtoBufRpcInvoker.call(ProtobufRpcEngine2.java:552) [hadoop-common-3.3.1.jar:?]
	at org.apache.hadoop.ipc.RPC$Server.call(RPC.java:1093) [hadoop-common-3.3.1.jar:?]
	at org.apache.hadoop.ipc.Server$RpcCall.run(Server.java:1035) [hadoop-common-3.3.1.jar:?]
	at org.apache.hadoop.ipc.Server$RpcCall.run(Server.java:963) [hadoop-common-3.3.1.jar:?]
	at java.security.AccessController.doPrivileged(Native Method) ~[?:1.8.0_332]
	at javax.security.auth.Subject.doAs(Subject.java:422) [?:1.8.0_332]
	at org.apache.hadoop.security.UserGroupInformation.doAs(UserGroupInformation.java:1878) [hadoop-common-3.3.1.jar:?]
	at org.apache.hadoop.ipc.Server$Handler.run(Server.java:2966) [hadoop-common-3.3.1.jar:?]
23:46:32.845 [IPC Server handler 7 on default port 34097] ERROR OMAudit - user=runner | ip=127.0.0.1 | op=GET_FILE_STATUS {volume=volume05206, bucket=bucket45514, key=testBatchDelete/parent/childFolder/child5, dataSize=0, replicationConfig=null} | ret=FAILURE
org.apache.hadoop.ozone.om.exceptions.OMException: Unable to get file status: volume: volume05206 bucket: bucket45514 key: testBatchDelete/parent/childFolder/child5
	at org.apache.hadoop.ozone.om.KeyManagerImpl.getOzoneFileStatus(KeyManagerImpl.java:1311) ~[ozone-manager-1.3.0-SNAPSHOT.jar:?]
	at org.apache.hadoop.ozone.om.KeyManagerImpl.getFileStatus(KeyManagerImpl.java:1241) ~[ozone-manager-1.3.0-SNAPSHOT.jar:?]
	at org.apache.hadoop.ozone.om.OzoneManager.getFileStatus(OzoneManager.java:3419) ~[ozone-manager-1.3.0-SNAPSHOT.jar:?]
	at org.apache.hadoop.ozone.protocolPB.OzoneManagerRequestHandler.getOzoneFileStatus(OzoneManagerRequestHandler.java:871) ~[ozone-manager-1.3.0-SNAPSHOT.jar:?]
	at org.apache.hadoop.ozone.protocolPB.OzoneManagerRequestHandler.handleReadRequest(OzoneManagerRequestHandler.java:217) ~[ozone-manager-1.3.0-SNAPSHOT.jar:?]
	at org.apache.hadoop.ozone.protocolPB.OzoneManagerProtocolServerSideTranslatorPB.submitRequestDirectlyToOM(OzoneManagerProtocolServerSideTranslatorPB.java:276) ~[ozone-manager-1.3.0-SNAPSHOT.jar:?]
	at org.apache.hadoop.ozone.protocolPB.OzoneManagerProtocolServerSideTranslatorPB.processRequest(OzoneManagerProtocolServerSideTranslatorPB.java:205) ~[ozone-manager-1.3.0-SNAPSHOT.jar:?]
	at org.apache.hadoop.hdds.server.OzoneProtocolMessageDispatcher.processRequest(OzoneProtocolMessageDispatcher.java:87) [hdds-server-framework-1.3.0-SNAPSHOT.jar:?]
	at org.apache.hadoop.ozone.protocolPB.OzoneManagerProtocolServerSideTranslatorPB.submitRequest(OzoneManagerProtocolServerSideTranslatorPB.java:147) [ozone-manager-1.3.0-SNAPSHOT.jar:?]
	at org.apache.hadoop.ozone.protocol.proto.OzoneManagerProtocolProtos$OzoneManagerService$2.callBlockingMethod(OzoneManagerProtocolProtos.java) [ozone-interface-client-1.3.0-SNAPSHOT.jar:?]
	at org.apache.hadoop.ipc.ProtobufRpcEngine$Server.processCall(ProtobufRpcEngine.java:466) [hadoop-common-3.3.1.jar:?]
	at org.apache.hadoop.ipc.ProtobufRpcEngine2$Server$ProtoBufRpcInvoker.call(ProtobufRpcEngine2.java:574) [hadoop-common-3.3.1.jar:?]
	at org.apache.hadoop.ipc.ProtobufRpcEngine2$Server$ProtoBufRpcInvoker.call(ProtobufRpcEngine2.java:552) [hadoop-common-3.3.1.jar:?]
	at org.apache.hadoop.ipc.RPC$Server.call(RPC.java:1093) [hadoop-common-3.3.1.jar:?]
	at org.apache.hadoop.ipc.Server$RpcCall.run(Server.java:1035) [hadoop-common-3.3.1.jar:?]
	at org.apache.hadoop.ipc.Server$RpcCall.run(Server.java:963) [hadoop-common-3.3.1.jar:?]
	at java.security.AccessController.doPrivileged(Native Method) ~[?:1.8.0_332]
	at javax.security.auth.Subject.doAs(Subject.java:422) [?:1.8.0_332]
	at org.apache.hadoop.security.UserGroupInformation.doAs(UserGroupInformation.java:1878) [hadoop-common-3.3.1.jar:?]
	at org.apache.hadoop.ipc.Server$Handler.run(Server.java:2966) [hadoop-common-3.3.1.jar:?]
23:46:32.846 [IPC Server handler 15 on default port 34097] ERROR OMAudit - user=runner | ip=127.0.0.1 | op=GET_FILE_STATUS {volume=volume05206, bucket=bucket45514, key=testBatchDelete/parent/child6, dataSize=0, replicationConfig=null} | ret=FAILURE
org.apache.hadoop.ozone.om.exceptions.OMException: Unable to get file status: volume: volume05206 bucket: bucket45514 key: testBatchDelete/parent/child6
	at org.apache.hadoop.ozone.om.KeyManagerImpl.getOzoneFileStatus(KeyManagerImpl.java:1311) ~[ozone-manager-1.3.0-SNAPSHOT.jar:?]
	at org.apache.hadoop.ozone.om.KeyManagerImpl.getFileStatus(KeyManagerImpl.java:1241) ~[ozone-manager-1.3.0-SNAPSHOT.jar:?]
	at org.apache.hadoop.ozone.om.OzoneManager.getFileStatus(OzoneManager.java:3419) ~[ozone-manager-1.3.0-SNAPSHOT.jar:?]
	at org.apache.hadoop.ozone.protocolPB.OzoneManagerRequestHandler.getOzoneFileStatus(OzoneManagerRequestHandler.java:871) ~[ozone-manager-1.3.0-SNAPSHOT.jar:?]
	at org.apache.hadoop.ozone.protocolPB.OzoneManagerRequestHandler.handleReadRequest(OzoneManagerRequestHandler.java:217) ~[ozone-manager-1.3.0-SNAPSHOT.jar:?]
	at org.apache.hadoop.ozone.protocolPB.OzoneManagerProtocolServerSideTranslatorPB.submitRequestDirectlyToOM(OzoneManagerProtocolServerSideTranslatorPB.java:276) ~[ozone-manager-1.3.0-SNAPSHOT.jar:?]
	at org.apache.hadoop.ozone.protocolPB.OzoneManagerProtocolServerSideTranslatorPB.processRequest(OzoneManagerProtocolServerSideTranslatorPB.java:205) ~[ozone-manager-1.3.0-SNAPSHOT.jar:?]
	at org.apache.hadoop.hdds.server.OzoneProtocolMessageDispatcher.processRequest(OzoneProtocolMessageDispatcher.java:87) [hdds-server-framework-1.3.0-SNAPSHOT.jar:?]
	at org.apache.hadoop.ozone.protocolPB.OzoneManagerProtocolServerSideTranslatorPB.submitRequest(OzoneManagerProtocolServerSideTranslatorPB.java:147) [ozone-manager-1.3.0-SNAPSHOT.jar:?]
	at org.apache.hadoop.ozone.protocol.proto.OzoneManagerProtocolProtos$OzoneManagerService$2.callBlockingMethod(OzoneManagerProtocolProtos.java) [ozone-interface-client-1.3.0-SNAPSHOT.jar:?]
	at org.apache.hadoop.ipc.ProtobufRpcEngine$Server.processCall(ProtobufRpcEngine.java:466) [hadoop-common-3.3.1.jar:?]
	at org.apache.hadoop.ipc.ProtobufRpcEngine2$Server$ProtoBufRpcInvoker.call(ProtobufRpcEngine2.java:574) [hadoop-common-3.3.1.jar:?]
	at org.apache.hadoop.ipc.ProtobufRpcEngine2$Server$ProtoBufRpcInvoker.call(ProtobufRpcEngine2.java:552) [hadoop-common-3.3.1.jar:?]
	at org.apache.hadoop.ipc.RPC$Server.call(RPC.java:1093) [hadoop-common-3.3.1.jar:?]
	at org.apache.hadoop.ipc.Server$RpcCall.run(Server.java:1035) [hadoop-common-3.3.1.jar:?]
	at org.apache.hadoop.ipc.Server$RpcCall.run(Server.java:963) [hadoop-common-3.3.1.jar:?]
	at java.security.AccessController.doPrivileged(Native Method) ~[?:1.8.0_332]
	at javax.security.auth.Subject.doAs(Subject.java:422) [?:1.8.0_332]
	at org.apache.hadoop.security.UserGroupInformation.doAs(UserGroupInformation.java:1878) [hadoop-common-3.3.1.jar:?]
	at org.apache.hadoop.ipc.Server$Handler.run(Server.java:2966) [hadoop-common-3.3.1.jar:?]
23:46:32.847 [IPC Server handler 14 on default port 34097] ERROR OMAudit - user=runner | ip=127.0.0.1 | op=GET_FILE_STATUS {volume=volume05206, bucket=bucket45514, key=testBatchDelete/parent/childFolder/child6, dataSize=0, replicationConfig=null} | ret=FAILURE
org.apache.hadoop.ozone.om.exceptions.OMException: Unable to get file status: volume: volume05206 bucket: bucket45514 key: testBatchDelete/parent/childFolder/child6
	at org.apache.hadoop.ozone.om.KeyManagerImpl.getOzoneFileStatus(KeyManagerImpl.java:1311) ~[ozone-manager-1.3.0-SNAPSHOT.jar:?]
	at org.apache.hadoop.ozone.om.KeyManagerImpl.getFileStatus(KeyManagerImpl.java:1241) ~[ozone-manager-1.3.0-SNAPSHOT.jar:?]
	at org.apache.hadoop.ozone.om.OzoneManager.getFileStatus(OzoneManager.java:3419) ~[ozone-manager-1.3.0-SNAPSHOT.jar:?]
	at org.apache.hadoop.ozone.protocolPB.OzoneManagerRequestHandler.getOzoneFileStatus(OzoneManagerRequestHandler.java:871) ~[ozone-manager-1.3.0-SNAPSHOT.jar:?]
	at org.apache.hadoop.ozone.protocolPB.OzoneManagerRequestHandler.handleReadRequest(OzoneManagerRequestHandler.java:217) ~[ozone-manager-1.3.0-SNAPSHOT.jar:?]
	at org.apache.hadoop.ozone.protocolPB.OzoneManagerProtocolServerSideTranslatorPB.submitRequestDirectlyToOM(OzoneManagerProtocolServerSideTranslatorPB.java:276) ~[ozone-manager-1.3.0-SNAPSHOT.jar:?]
	at org.apache.hadoop.ozone.protocolPB.OzoneManagerProtocolServerSideTranslatorPB.processRequest(OzoneManagerProtocolServerSideTranslatorPB.java:205) ~[ozone-manager-1.3.0-SNAPSHOT.jar:?]
	at org.apache.hadoop.hdds.server.OzoneProtocolMessageDispatcher.processRequest(OzoneProtocolMessageDispatcher.java:87) [hdds-server-framework-1.3.0-SNAPSHOT.jar:?]
	at org.apache.hadoop.ozone.protocolPB.OzoneManagerProtocolServerSideTranslatorPB.submitRequest(OzoneManagerProtocolServerSideTranslatorPB.java:147) [ozone-manager-1.3.0-SNAPSHOT.jar:?]
	at org.apache.hadoop.ozone.protocol.proto.OzoneManagerProtocolProtos$OzoneManagerService$2.callBlockingMethod(OzoneManagerProtocolProtos.java) [ozone-interface-client-1.3.0-SNAPSHOT.jar:?]
	at org.apache.hadoop.ipc.ProtobufRpcEngine$Server.processCall(ProtobufRpcEngine.java:466) [hadoop-common-3.3.1.jar:?]
	at org.apache.hadoop.ipc.ProtobufRpcEngine2$Server$ProtoBufRpcInvoker.call(ProtobufRpcEngine2.java:574) [hadoop-common-3.3.1.jar:?]
	at org.apache.hadoop.ipc.ProtobufRpcEngine2$Server$ProtoBufRpcInvoker.call(ProtobufRpcEngine2.java:552) [hadoop-common-3.3.1.jar:?]
	at org.apache.hadoop.ipc.RPC$Server.call(RPC.java:1093) [hadoop-common-3.3.1.jar:?]
	at org.apache.hadoop.ipc.Server$RpcCall.run(Server.java:1035) [hadoop-common-3.3.1.jar:?]
	at org.apache.hadoop.ipc.Server$RpcCall.run(Server.java:963) [hadoop-common-3.3.1.jar:?]
	at java.security.AccessController.doPrivileged(Native Method) ~[?:1.8.0_332]
	at javax.security.auth.Subject.doAs(Subject.java:422) [?:1.8.0_332]
	at org.apache.hadoop.security.UserGroupInformation.doAs(UserGroupInformation.java:1878) [hadoop-common-3.3.1.jar:?]
	at org.apache.hadoop.ipc.Server$Handler.run(Server.java:2966) [hadoop-common-3.3.1.jar:?]
23:46:32.847 [IPC Server handler 16 on default port 34097] ERROR OMAudit - user=runner | ip=127.0.0.1 | op=GET_FILE_STATUS {volume=volume05206, bucket=bucket45514, key=testBatchDelete/parent/child7, dataSize=0, replicationConfig=null} | ret=FAILURE
org.apache.hadoop.ozone.om.exceptions.OMException: Unable to get file status: volume: volume05206 bucket: bucket45514 key: testBatchDelete/parent/child7
	at org.apache.hadoop.ozone.om.KeyManagerImpl.getOzoneFileStatus(KeyManagerImpl.java:1311) ~[ozone-manager-1.3.0-SNAPSHOT.jar:?]
	at org.apache.hadoop.ozone.om.KeyManagerImpl.getFileStatus(KeyManagerImpl.java:1241) ~[ozone-manager-1.3.0-SNAPSHOT.jar:?]
	at org.apache.hadoop.ozone.om.OzoneManager.getFileStatus(OzoneManager.java:3419) ~[ozone-manager-1.3.0-SNAPSHOT.jar:?]
	at org.apache.hadoop.ozone.protocolPB.OzoneManagerRequestHandler.getOzoneFileStatus(OzoneManagerRequestHandler.java:871) ~[ozone-manager-1.3.0-SNAPSHOT.jar:?]
	at org.apache.hadoop.ozone.protocolPB.OzoneManagerRequestHandler.handleReadRequest(OzoneManagerRequestHandler.java:217) ~[ozone-manager-1.3.0-SNAPSHOT.jar:?]
	at org.apache.hadoop.ozone.protocolPB.OzoneManagerProtocolServerSideTranslatorPB.submitRequestDirectlyToOM(OzoneManagerProtocolServerSideTranslatorPB.java:276) ~[ozone-manager-1.3.0-SNAPSHOT.jar:?]
	at org.apache.hadoop.ozone.protocolPB.OzoneManagerProtocolServerSideTranslatorPB.processRequest(OzoneManagerProtocolServerSideTranslatorPB.java:205) ~[ozone-manager-1.3.0-SNAPSHOT.jar:?]
	at org.apache.hadoop.hdds.server.OzoneProtocolMessageDispatcher.processRequest(OzoneProtocolMessageDispatcher.java:87) [hdds-server-framework-1.3.0-SNAPSHOT.jar:?]
	at org.apache.hadoop.ozone.protocolPB.OzoneManagerProtocolServerSideTranslatorPB.submitRequest(OzoneManagerProtocolServerSideTranslatorPB.java:147) [ozone-manager-1.3.0-SNAPSHOT.jar:?]
	at org.apache.hadoop.ozone.protocol.proto.OzoneManagerProtocolProtos$OzoneManagerService$2.callBlockingMethod(OzoneManagerProtocolProtos.java) [ozone-interface-client-1.3.0-SNAPSHOT.jar:?]
	at org.apache.hadoop.ipc.ProtobufRpcEngine$Server.processCall(ProtobufRpcEngine.java:466) [hadoop-common-3.3.1.jar:?]
	at org.apache.hadoop.ipc.ProtobufRpcEngine2$Server$ProtoBufRpcInvoker.call(ProtobufRpcEngine2.java:574) [hadoop-common-3.3.1.jar:?]
	at org.apache.hadoop.ipc.ProtobufRpcEngine2$Server$ProtoBufRpcInvoker.call(ProtobufRpcEngine2.java:552) [hadoop-common-3.3.1.jar:?]
	at org.apache.hadoop.ipc.RPC$Server.call(RPC.java:1093) [hadoop-common-3.3.1.jar:?]
	at org.apache.hadoop.ipc.Server$RpcCall.run(Server.java:1035) [hadoop-common-3.3.1.jar:?]
	at org.apache.hadoop.ipc.Server$RpcCall.run(Server.java:963) [hadoop-common-3.3.1.jar:?]
	at java.security.AccessController.doPrivileged(Native Method) ~[?:1.8.0_332]
	at javax.security.auth.Subject.doAs(Subject.java:422) [?:1.8.0_332]
	at org.apache.hadoop.security.UserGroupInformation.doAs(UserGroupInformation.java:1878) [hadoop-common-3.3.1.jar:?]
	at org.apache.hadoop.ipc.Server$Handler.run(Server.java:2966) [hadoop-common-3.3.1.jar:?]
23:46:32.850 [IPC Server handler 17 on default port 34097] ERROR OMAudit - user=runner | ip=127.0.0.1 | op=GET_FILE_STATUS {volume=volume05206, bucket=bucket45514, key=testBatchDelete/parent/childFolder/child7, dataSize=0, replicationConfig=null} | ret=FAILURE
org.apache.hadoop.ozone.om.exceptions.OMException: Unable to get file status: volume: volume05206 bucket: bucket45514 key: testBatchDelete/parent/childFolder/child7
	at org.apache.hadoop.ozone.om.KeyManagerImpl.getOzoneFileStatus(KeyManagerImpl.java:1311) ~[ozone-manager-1.3.0-SNAPSHOT.jar:?]
	at org.apache.hadoop.ozone.om.KeyManagerImpl.getFileStatus(KeyManagerImpl.java:1241) ~[ozone-manager-1.3.0-SNAPSHOT.jar:?]
	at org.apache.hadoop.ozone.om.OzoneManager.getFileStatus(OzoneManager.java:3419) ~[ozone-manager-1.3.0-SNAPSHOT.jar:?]
	at org.apache.hadoop.ozone.protocolPB.OzoneManagerRequestHandler.getOzoneFileStatus(OzoneManagerRequestHandler.java:871) ~[ozone-manager-1.3.0-SNAPSHOT.jar:?]
	at org.apache.hadoop.ozone.protocolPB.OzoneManagerRequestHandler.handleReadRequest(OzoneManagerRequestHandler.java:217) ~[ozone-manager-1.3.0-SNAPSHOT.jar:?]
	at org.apache.hadoop.ozone.protocolPB.OzoneManagerProtocolServerSideTranslatorPB.submitRequestDirectlyToOM(OzoneManagerProtocolServerSideTranslatorPB.java:276) ~[ozone-manager-1.3.0-SNAPSHOT.jar:?]
	at org.apache.hadoop.ozone.protocolPB.OzoneManagerProtocolServerSideTranslatorPB.processRequest(OzoneManagerProtocolServerSideTranslatorPB.java:205) ~[ozone-manager-1.3.0-SNAPSHOT.jar:?]
	at org.apache.hadoop.hdds.server.OzoneProtocolMessageDispatcher.processRequest(OzoneProtocolMessageDispatcher.java:87) [hdds-server-framework-1.3.0-SNAPSHOT.jar:?]
	at org.apache.hadoop.ozone.protocolPB.OzoneManagerProtocolServerSideTranslatorPB.submitRequest(OzoneManagerProtocolServerSideTranslatorPB.java:147) [ozone-manager-1.3.0-SNAPSHOT.jar:?]
	at org.apache.hadoop.ozone.protocol.proto.OzoneManagerProtocolProtos$OzoneManagerService$2.callBlockingMethod(OzoneManagerProtocolProtos.java) [ozone-interface-client-1.3.0-SNAPSHOT.jar:?]
	at org.apache.hadoop.ipc.ProtobufRpcEngine$Server.processCall(ProtobufRpcEngine.java:466) [hadoop-common-3.3.1.jar:?]
	at org.apache.hadoop.ipc.ProtobufRpcEngine2$Server$ProtoBufRpcInvoker.call(ProtobufRpcEngine2.java:574) [hadoop-common-3.3.1.jar:?]
	at org.apache.hadoop.ipc.ProtobufRpcEngine2$Server$ProtoBufRpcInvoker.call(ProtobufRpcEngine2.java:552) [hadoop-common-3.3.1.jar:?]
	at org.apache.hadoop.ipc.RPC$Server.call(RPC.java:1093) [hadoop-common-3.3.1.jar:?]
	at org.apache.hadoop.ipc.Server$RpcCall.run(Server.java:1035) [hadoop-common-3.3.1.jar:?]
	at org.apache.hadoop.ipc.Server$RpcCall.run(Server.java:963) [hadoop-common-3.3.1.jar:?]
	at java.security.AccessController.doPrivileged(Native Method) ~[?:1.8.0_332]
	at javax.security.auth.Subject.doAs(Subject.java:422) [?:1.8.0_332]
	at org.apache.hadoop.security.UserGroupInformation.doAs(UserGroupInformation.java:1878) [hadoop-common-3.3.1.jar:?]
	at org.apache.hadoop.ipc.Server$Handler.run(Server.java:2966) [hadoop-common-3.3.1.jar:?]
23:46:32.850 [IPC Server handler 18 on default port 34097] ERROR OMAudit - user=runner | ip=127.0.0.1 | op=GET_FILE_STATUS {volume=volume05206, bucket=bucket45514, key=testBatchDelete/parent, dataSize=0, replicationConfig=null} | ret=FAILURE
org.apache.hadoop.ozone.om.exceptions.OMException: Unable to get file status: volume: volume05206 bucket: bucket45514 key: testBatchDelete/parent
	at org.apache.hadoop.ozone.om.KeyManagerImpl.getOzoneFileStatus(KeyManagerImpl.java:1311) ~[ozone-manager-1.3.0-SNAPSHOT.jar:?]
	at org.apache.hadoop.ozone.om.KeyManagerImpl.getFileStatus(KeyManagerImpl.java:1241) ~[ozone-manager-1.3.0-SNAPSHOT.jar:?]
	at org.apache.hadoop.ozone.om.OzoneManager.getFileStatus(OzoneManager.java:3419) ~[ozone-manager-1.3.0-SNAPSHOT.jar:?]
	at org.apache.hadoop.ozone.protocolPB.OzoneManagerRequestHandler.getOzoneFileStatus(OzoneManagerRequestHandler.java:871) ~[ozone-manager-1.3.0-SNAPSHOT.jar:?]
	at org.apache.hadoop.ozone.protocolPB.OzoneManagerRequestHandler.handleReadRequest(OzoneManagerRequestHandler.java:217) ~[ozone-manager-1.3.0-SNAPSHOT.jar:?]
	at org.apache.hadoop.ozone.protocolPB.OzoneManagerProtocolServerSideTranslatorPB.submitRequestDirectlyToOM(OzoneManagerProtocolServerSideTranslatorPB.java:276) ~[ozone-manager-1.3.0-SNAPSHOT.jar:?]
	at org.apache.hadoop.ozone.protocolPB.OzoneManagerProtocolServerSideTranslatorPB.processRequest(OzoneManagerProtocolServerSideTranslatorPB.java:205) ~[ozone-manager-1.3.0-SNAPSHOT.jar:?]
	at org.apache.hadoop.hdds.server.OzoneProtocolMessageDispatcher.processRequest(OzoneProtocolMessageDispatcher.java:87) [hdds-server-framework-1.3.0-SNAPSHOT.jar:?]
	at org.apache.hadoop.ozone.protocolPB.OzoneManagerProtocolServerSideTranslatorPB.submitRequest(OzoneManagerProtocolServerSideTranslatorPB.java:147) [ozone-manager-1.3.0-SNAPSHOT.jar:?]
	at org.apache.hadoop.ozone.protocol.proto.OzoneManagerProtocolProtos$OzoneManagerService$2.callBlockingMethod(OzoneManagerProtocolProtos.java) [ozone-interface-client-1.3.0-SNAPSHOT.jar:?]
	at org.apache.hadoop.ipc.ProtobufRpcEngine$Server.processCall(ProtobufRpcEngine.java:466) [hadoop-common-3.3.1.jar:?]
	at org.apache.hadoop.ipc.ProtobufRpcEngine2$Server$ProtoBufRpcInvoker.call(ProtobufRpcEngine2.java:574) [hadoop-common-3.3.1.jar:?]
	at org.apache.hadoop.ipc.ProtobufRpcEngine2$Server$ProtoBufRpcInvoker.call(ProtobufRpcEngine2.java:552) [hadoop-common-3.3.1.jar:?]
	at org.apache.hadoop.ipc.RPC$Server.call(RPC.java:1093) [hadoop-common-3.3.1.jar:?]
	at org.apache.hadoop.ipc.Server$RpcCall.run(Server.java:1035) [hadoop-common-3.3.1.jar:?]
	at org.apache.hadoop.ipc.Server$RpcCall.run(Server.java:963) [hadoop-common-3.3.1.jar:?]
	at java.security.AccessController.doPrivileged(Native Method) ~[?:1.8.0_332]
	at javax.security.auth.Subject.doAs(Subject.java:422) [?:1.8.0_332]
	at org.apache.hadoop.security.UserGroupInformation.doAs(UserGroupInformation.java:1878) [hadoop-common-3.3.1.jar:?]
	at org.apache.hadoop.ipc.Server$Handler.run(Server.java:2966) [hadoop-common-3.3.1.jar:?]
2022-06-24 23:46:32,851 [Time-limited test] WARN  ozone.BasicOzoneFileSystem (BasicOzoneFileSystem.java:delete(532)) - delete: Path does not exist: /testBatchDelete/parent
]]></system-out>
  </testcase>
  <testcase name="testFileDelete" classname="TestOzoneFileSystem" time="0.149">
    <system-out><![CDATA[23:49:35.018 [IPC Server handler 4 on default port 33165] ERROR OMAudit - user=runner | ip=127.0.0.1 | op=GET_FILE_STATUS {volume=volume99794, bucket=bucket10019, key=testBatchDelete, dataSize=0, replicationConfig=null} | ret=FAILURE
org.apache.hadoop.ozone.om.exceptions.OMException: Unable to get file status: volume: volume99794 bucket: bucket10019 key: testBatchDelete
	at org.apache.hadoop.ozone.om.KeyManagerImpl.getOzoneFileStatus(KeyManagerImpl.java:1311) ~[ozone-manager-1.3.0-SNAPSHOT.jar:?]
	at org.apache.hadoop.ozone.om.KeyManagerImpl.getFileStatus(KeyManagerImpl.java:1241) ~[ozone-manager-1.3.0-SNAPSHOT.jar:?]
	at org.apache.hadoop.ozone.om.OzoneManager.getFileStatus(OzoneManager.java:3419) ~[ozone-manager-1.3.0-SNAPSHOT.jar:?]
	at org.apache.hadoop.ozone.protocolPB.OzoneManagerRequestHandler.getOzoneFileStatus(OzoneManagerRequestHandler.java:871) ~[ozone-manager-1.3.0-SNAPSHOT.jar:?]
	at org.apache.hadoop.ozone.protocolPB.OzoneManagerRequestHandler.handleReadRequest(OzoneManagerRequestHandler.java:217) ~[ozone-manager-1.3.0-SNAPSHOT.jar:?]
	at org.apache.hadoop.ozone.protocolPB.OzoneManagerProtocolServerSideTranslatorPB.submitReadRequestToOM(OzoneManagerProtocolServerSideTranslatorPB.java:226) ~[ozone-manager-1.3.0-SNAPSHOT.jar:?]
	at org.apache.hadoop.ozone.protocolPB.OzoneManagerProtocolServerSideTranslatorPB.processRequest(OzoneManagerProtocolServerSideTranslatorPB.java:175) ~[ozone-manager-1.3.0-SNAPSHOT.jar:?]
	at org.apache.hadoop.hdds.server.OzoneProtocolMessageDispatcher.processRequest(OzoneProtocolMessageDispatcher.java:87) [hdds-server-framework-1.3.0-SNAPSHOT.jar:?]
	at org.apache.hadoop.ozone.protocolPB.OzoneManagerProtocolServerSideTranslatorPB.submitRequest(OzoneManagerProtocolServerSideTranslatorPB.java:147) [ozone-manager-1.3.0-SNAPSHOT.jar:?]
	at org.apache.hadoop.ozone.protocol.proto.OzoneManagerProtocolProtos$OzoneManagerService$2.callBlockingMethod(OzoneManagerProtocolProtos.java) [ozone-interface-client-1.3.0-SNAPSHOT.jar:?]
	at org.apache.hadoop.ipc.ProtobufRpcEngine$Server.processCall(ProtobufRpcEngine.java:466) [hadoop-common-3.3.1.jar:?]
	at org.apache.hadoop.ipc.ProtobufRpcEngine2$Server$ProtoBufRpcInvoker.call(ProtobufRpcEngine2.java:574) [hadoop-common-3.3.1.jar:?]
	at org.apache.hadoop.ipc.ProtobufRpcEngine2$Server$ProtoBufRpcInvoker.call(ProtobufRpcEngine2.java:552) [hadoop-common-3.3.1.jar:?]
	at org.apache.hadoop.ipc.RPC$Server.call(RPC.java:1093) [hadoop-common-3.3.1.jar:?]
	at org.apache.hadoop.ipc.Server$RpcCall.run(Server.java:1035) [hadoop-common-3.3.1.jar:?]
	at org.apache.hadoop.ipc.Server$RpcCall.run(Server.java:963) [hadoop-common-3.3.1.jar:?]
	at java.security.AccessController.doPrivileged(Native Method) ~[?:1.8.0_332]
	at javax.security.auth.Subject.doAs(Subject.java:422) [?:1.8.0_332]
	at org.apache.hadoop.security.UserGroupInformation.doAs(UserGroupInformation.java:1878) [hadoop-common-3.3.1.jar:?]
	at org.apache.hadoop.ipc.Server$Handler.run(Server.java:2966) [hadoop-common-3.3.1.jar:?]
23:49:35.019 [IPC Server handler 6 on default port 33165] ERROR OMAudit - user=runner | ip=127.0.0.1 | op=GET_FILE_STATUS {volume=volume99794, bucket=bucket10019, key=testBatchDelete/parent/child0, dataSize=0, replicationConfig=null} | ret=FAILURE
org.apache.hadoop.ozone.om.exceptions.OMException: Unable to get file status: volume: volume99794 bucket: bucket10019 key: testBatchDelete/parent/child0
	at org.apache.hadoop.ozone.om.KeyManagerImpl.getOzoneFileStatus(KeyManagerImpl.java:1311) ~[ozone-manager-1.3.0-SNAPSHOT.jar:?]
	at org.apache.hadoop.ozone.om.KeyManagerImpl.getFileStatus(KeyManagerImpl.java:1241) ~[ozone-manager-1.3.0-SNAPSHOT.jar:?]
	at org.apache.hadoop.ozone.om.OzoneManager.getFileStatus(OzoneManager.java:3419) ~[ozone-manager-1.3.0-SNAPSHOT.jar:?]
	at org.apache.hadoop.ozone.protocolPB.OzoneManagerRequestHandler.getOzoneFileStatus(OzoneManagerRequestHandler.java:871) ~[ozone-manager-1.3.0-SNAPSHOT.jar:?]
	at org.apache.hadoop.ozone.protocolPB.OzoneManagerRequestHandler.handleReadRequest(OzoneManagerRequestHandler.java:217) ~[ozone-manager-1.3.0-SNAPSHOT.jar:?]
	at org.apache.hadoop.ozone.protocolPB.OzoneManagerProtocolServerSideTranslatorPB.submitReadRequestToOM(OzoneManagerProtocolServerSideTranslatorPB.java:226) ~[ozone-manager-1.3.0-SNAPSHOT.jar:?]
	at org.apache.hadoop.ozone.protocolPB.OzoneManagerProtocolServerSideTranslatorPB.processRequest(OzoneManagerProtocolServerSideTranslatorPB.java:175) ~[ozone-manager-1.3.0-SNAPSHOT.jar:?]
	at org.apache.hadoop.hdds.server.OzoneProtocolMessageDispatcher.processRequest(OzoneProtocolMessageDispatcher.java:87) [hdds-server-framework-1.3.0-SNAPSHOT.jar:?]
	at org.apache.hadoop.ozone.protocolPB.OzoneManagerProtocolServerSideTranslatorPB.submitRequest(OzoneManagerProtocolServerSideTranslatorPB.java:147) [ozone-manager-1.3.0-SNAPSHOT.jar:?]
	at org.apache.hadoop.ozone.protocol.proto.OzoneManagerProtocolProtos$OzoneManagerService$2.callBlockingMethod(OzoneManagerProtocolProtos.java) [ozone-interface-client-1.3.0-SNAPSHOT.jar:?]
	at org.apache.hadoop.ipc.ProtobufRpcEngine$Server.processCall(ProtobufRpcEngine.java:466) [hadoop-common-3.3.1.jar:?]
	at org.apache.hadoop.ipc.ProtobufRpcEngine2$Server$ProtoBufRpcInvoker.call(ProtobufRpcEngine2.java:574) [hadoop-common-3.3.1.jar:?]
	at org.apache.hadoop.ipc.ProtobufRpcEngine2$Server$ProtoBufRpcInvoker.call(ProtobufRpcEngine2.java:552) [hadoop-common-3.3.1.jar:?]
	at org.apache.hadoop.ipc.RPC$Server.call(RPC.java:1093) [hadoop-common-3.3.1.jar:?]
	at org.apache.hadoop.ipc.Server$RpcCall.run(Server.java:1035) [hadoop-common-3.3.1.jar:?]
	at org.apache.hadoop.ipc.Server$RpcCall.run(Server.java:963) [hadoop-common-3.3.1.jar:?]
	at java.security.AccessController.doPrivileged(Native Method) ~[?:1.8.0_332]
	at javax.security.auth.Subject.doAs(Subject.java:422) [?:1.8.0_332]
	at org.apache.hadoop.security.UserGroupInformation.doAs(UserGroupInformation.java:1878) [hadoop-common-3.3.1.jar:?]
	at org.apache.hadoop.ipc.Server$Handler.run(Server.java:2966) [hadoop-common-3.3.1.jar:?]
23:49:35.019 [IPC Server handler 7 on default port 33165] ERROR OMAudit - user=runner | ip=127.0.0.1 | op=GET_FILE_STATUS {volume=volume99794, bucket=bucket10019, key=testBatchDelete/parent/childFolder/child0, dataSize=0, replicationConfig=null} | ret=FAILURE
org.apache.hadoop.ozone.om.exceptions.OMException: Unable to get file status: volume: volume99794 bucket: bucket10019 key: testBatchDelete/parent/childFolder/child0
	at org.apache.hadoop.ozone.om.KeyManagerImpl.getOzoneFileStatus(KeyManagerImpl.java:1311) ~[ozone-manager-1.3.0-SNAPSHOT.jar:?]
	at org.apache.hadoop.ozone.om.KeyManagerImpl.getFileStatus(KeyManagerImpl.java:1241) ~[ozone-manager-1.3.0-SNAPSHOT.jar:?]
	at org.apache.hadoop.ozone.om.OzoneManager.getFileStatus(OzoneManager.java:3419) ~[ozone-manager-1.3.0-SNAPSHOT.jar:?]
	at org.apache.hadoop.ozone.protocolPB.OzoneManagerRequestHandler.getOzoneFileStatus(OzoneManagerRequestHandler.java:871) ~[ozone-manager-1.3.0-SNAPSHOT.jar:?]
	at org.apache.hadoop.ozone.protocolPB.OzoneManagerRequestHandler.handleReadRequest(OzoneManagerRequestHandler.java:217) ~[ozone-manager-1.3.0-SNAPSHOT.jar:?]
	at org.apache.hadoop.ozone.protocolPB.OzoneManagerProtocolServerSideTranslatorPB.submitReadRequestToOM(OzoneManagerProtocolServerSideTranslatorPB.java:226) ~[ozone-manager-1.3.0-SNAPSHOT.jar:?]
	at org.apache.hadoop.ozone.protocolPB.OzoneManagerProtocolServerSideTranslatorPB.processRequest(OzoneManagerProtocolServerSideTranslatorPB.java:175) ~[ozone-manager-1.3.0-SNAPSHOT.jar:?]
	at org.apache.hadoop.hdds.server.OzoneProtocolMessageDispatcher.processRequest(OzoneProtocolMessageDispatcher.java:87) [hdds-server-framework-1.3.0-SNAPSHOT.jar:?]
	at org.apache.hadoop.ozone.protocolPB.OzoneManagerProtocolServerSideTranslatorPB.submitRequest(OzoneManagerProtocolServerSideTranslatorPB.java:147) [ozone-manager-1.3.0-SNAPSHOT.jar:?]
	at org.apache.hadoop.ozone.protocol.proto.OzoneManagerProtocolProtos$OzoneManagerService$2.callBlockingMethod(OzoneManagerProtocolProtos.java) [ozone-interface-client-1.3.0-SNAPSHOT.jar:?]
	at org.apache.hadoop.ipc.ProtobufRpcEngine$Server.processCall(ProtobufRpcEngine.java:466) [hadoop-common-3.3.1.jar:?]
	at org.apache.hadoop.ipc.ProtobufRpcEngine2$Server$ProtoBufRpcInvoker.call(ProtobufRpcEngine2.java:574) [hadoop-common-3.3.1.jar:?]
	at org.apache.hadoop.ipc.ProtobufRpcEngine2$Server$ProtoBufRpcInvoker.call(ProtobufRpcEngine2.java:552) [hadoop-common-3.3.1.jar:?]
	at org.apache.hadoop.ipc.RPC$Server.call(RPC.java:1093) [hadoop-common-3.3.1.jar:?]
	at org.apache.hadoop.ipc.Server$RpcCall.run(Server.java:1035) [hadoop-common-3.3.1.jar:?]
	at org.apache.hadoop.ipc.Server$RpcCall.run(Server.java:963) [hadoop-common-3.3.1.jar:?]
	at java.security.AccessController.doPrivileged(Native Method) ~[?:1.8.0_332]
	at javax.security.auth.Subject.doAs(Subject.java:422) [?:1.8.0_332]
	at org.apache.hadoop.security.UserGroupInformation.doAs(UserGroupInformation.java:1878) [hadoop-common-3.3.1.jar:?]
	at org.apache.hadoop.ipc.Server$Handler.run(Server.java:2966) [hadoop-common-3.3.1.jar:?]
23:49:35.021 [IPC Server handler 12 on default port 33165] ERROR OMAudit - user=runner | ip=127.0.0.1 | op=GET_FILE_STATUS {volume=volume99794, bucket=bucket10019, key=testBatchDelete/parent/child1, dataSize=0, replicationConfig=null} | ret=FAILURE
org.apache.hadoop.ozone.om.exceptions.OMException: Unable to get file status: volume: volume99794 bucket: bucket10019 key: testBatchDelete/parent/child1
	at org.apache.hadoop.ozone.om.KeyManagerImpl.getOzoneFileStatus(KeyManagerImpl.java:1311) ~[ozone-manager-1.3.0-SNAPSHOT.jar:?]
	at org.apache.hadoop.ozone.om.KeyManagerImpl.getFileStatus(KeyManagerImpl.java:1241) ~[ozone-manager-1.3.0-SNAPSHOT.jar:?]
	at org.apache.hadoop.ozone.om.OzoneManager.getFileStatus(OzoneManager.java:3419) ~[ozone-manager-1.3.0-SNAPSHOT.jar:?]
	at org.apache.hadoop.ozone.protocolPB.OzoneManagerRequestHandler.getOzoneFileStatus(OzoneManagerRequestHandler.java:871) ~[ozone-manager-1.3.0-SNAPSHOT.jar:?]
	at org.apache.hadoop.ozone.protocolPB.OzoneManagerRequestHandler.handleReadRequest(OzoneManagerRequestHandler.java:217) ~[ozone-manager-1.3.0-SNAPSHOT.jar:?]
	at org.apache.hadoop.ozone.protocolPB.OzoneManagerProtocolServerSideTranslatorPB.submitReadRequestToOM(OzoneManagerProtocolServerSideTranslatorPB.java:226) ~[ozone-manager-1.3.0-SNAPSHOT.jar:?]
	at org.apache.hadoop.ozone.protocolPB.OzoneManagerProtocolServerSideTranslatorPB.processRequest(OzoneManagerProtocolServerSideTranslatorPB.java:175) ~[ozone-manager-1.3.0-SNAPSHOT.jar:?]
	at org.apache.hadoop.hdds.server.OzoneProtocolMessageDispatcher.processRequest(OzoneProtocolMessageDispatcher.java:87) [hdds-server-framework-1.3.0-SNAPSHOT.jar:?]
	at org.apache.hadoop.ozone.protocolPB.OzoneManagerProtocolServerSideTranslatorPB.submitRequest(OzoneManagerProtocolServerSideTranslatorPB.java:147) [ozone-manager-1.3.0-SNAPSHOT.jar:?]
	at org.apache.hadoop.ozone.protocol.proto.OzoneManagerProtocolProtos$OzoneManagerService$2.callBlockingMethod(OzoneManagerProtocolProtos.java) [ozone-interface-client-1.3.0-SNAPSHOT.jar:?]
	at org.apache.hadoop.ipc.ProtobufRpcEngine$Server.processCall(ProtobufRpcEngine.java:466) [hadoop-common-3.3.1.jar:?]
	at org.apache.hadoop.ipc.ProtobufRpcEngine2$Server$ProtoBufRpcInvoker.call(ProtobufRpcEngine2.java:574) [hadoop-common-3.3.1.jar:?]
	at org.apache.hadoop.ipc.ProtobufRpcEngine2$Server$ProtoBufRpcInvoker.call(ProtobufRpcEngine2.java:552) [hadoop-common-3.3.1.jar:?]
	at org.apache.hadoop.ipc.RPC$Server.call(RPC.java:1093) [hadoop-common-3.3.1.jar:?]
	at org.apache.hadoop.ipc.Server$RpcCall.run(Server.java:1035) [hadoop-common-3.3.1.jar:?]
	at org.apache.hadoop.ipc.Server$RpcCall.run(Server.java:963) [hadoop-common-3.3.1.jar:?]
	at java.security.AccessController.doPrivileged(Native Method) ~[?:1.8.0_332]
	at javax.security.auth.Subject.doAs(Subject.java:422) [?:1.8.0_332]
	at org.apache.hadoop.security.UserGroupInformation.doAs(UserGroupInformation.java:1878) [hadoop-common-3.3.1.jar:?]
	at org.apache.hadoop.ipc.Server$Handler.run(Server.java:2966) [hadoop-common-3.3.1.jar:?]
23:49:35.027 [IPC Server handler 11 on default port 33165] ERROR OMAudit - user=runner | ip=127.0.0.1 | op=GET_FILE_STATUS {volume=volume99794, bucket=bucket10019, key=testBatchDelete/parent/childFolder/child1, dataSize=0, replicationConfig=null} | ret=FAILURE
org.apache.hadoop.ozone.om.exceptions.OMException: Unable to get file status: volume: volume99794 bucket: bucket10019 key: testBatchDelete/parent/childFolder/child1
	at org.apache.hadoop.ozone.om.KeyManagerImpl.getOzoneFileStatus(KeyManagerImpl.java:1311) ~[ozone-manager-1.3.0-SNAPSHOT.jar:?]
	at org.apache.hadoop.ozone.om.KeyManagerImpl.getFileStatus(KeyManagerImpl.java:1241) ~[ozone-manager-1.3.0-SNAPSHOT.jar:?]
	at org.apache.hadoop.ozone.om.OzoneManager.getFileStatus(OzoneManager.java:3419) ~[ozone-manager-1.3.0-SNAPSHOT.jar:?]
	at org.apache.hadoop.ozone.protocolPB.OzoneManagerRequestHandler.getOzoneFileStatus(OzoneManagerRequestHandler.java:871) ~[ozone-manager-1.3.0-SNAPSHOT.jar:?]
	at org.apache.hadoop.ozone.protocolPB.OzoneManagerRequestHandler.handleReadRequest(OzoneManagerRequestHandler.java:217) ~[ozone-manager-1.3.0-SNAPSHOT.jar:?]
	at org.apache.hadoop.ozone.protocolPB.OzoneManagerProtocolServerSideTranslatorPB.submitReadRequestToOM(OzoneManagerProtocolServerSideTranslatorPB.java:226) ~[ozone-manager-1.3.0-SNAPSHOT.jar:?]
	at org.apache.hadoop.ozone.protocolPB.OzoneManagerProtocolServerSideTranslatorPB.processRequest(OzoneManagerProtocolServerSideTranslatorPB.java:175) ~[ozone-manager-1.3.0-SNAPSHOT.jar:?]
	at org.apache.hadoop.hdds.server.OzoneProtocolMessageDispatcher.processRequest(OzoneProtocolMessageDispatcher.java:87) [hdds-server-framework-1.3.0-SNAPSHOT.jar:?]
	at org.apache.hadoop.ozone.protocolPB.OzoneManagerProtocolServerSideTranslatorPB.submitRequest(OzoneManagerProtocolServerSideTranslatorPB.java:147) [ozone-manager-1.3.0-SNAPSHOT.jar:?]
	at org.apache.hadoop.ozone.protocol.proto.OzoneManagerProtocolProtos$OzoneManagerService$2.callBlockingMethod(OzoneManagerProtocolProtos.java) [ozone-interface-client-1.3.0-SNAPSHOT.jar:?]
	at org.apache.hadoop.ipc.ProtobufRpcEngine$Server.processCall(ProtobufRpcEngine.java:466) [hadoop-common-3.3.1.jar:?]
	at org.apache.hadoop.ipc.ProtobufRpcEngine2$Server$ProtoBufRpcInvoker.call(ProtobufRpcEngine2.java:574) [hadoop-common-3.3.1.jar:?]
	at org.apache.hadoop.ipc.ProtobufRpcEngine2$Server$ProtoBufRpcInvoker.call(ProtobufRpcEngine2.java:552) [hadoop-common-3.3.1.jar:?]
	at org.apache.hadoop.ipc.RPC$Server.call(RPC.java:1093) [hadoop-common-3.3.1.jar:?]
	at org.apache.hadoop.ipc.Server$RpcCall.run(Server.java:1035) [hadoop-common-3.3.1.jar:?]
	at org.apache.hadoop.ipc.Server$RpcCall.run(Server.java:963) [hadoop-common-3.3.1.jar:?]
	at java.security.AccessController.doPrivileged(Native Method) ~[?:1.8.0_332]
	at javax.security.auth.Subject.doAs(Subject.java:422) [?:1.8.0_332]
	at org.apache.hadoop.security.UserGroupInformation.doAs(UserGroupInformation.java:1878) [hadoop-common-3.3.1.jar:?]
	at org.apache.hadoop.ipc.Server$Handler.run(Server.java:2966) [hadoop-common-3.3.1.jar:?]
23:49:35.031 [IPC Server handler 17 on default port 33165] ERROR OMAudit - user=runner | ip=127.0.0.1 | op=GET_FILE_STATUS {volume=volume99794, bucket=bucket10019, key=testBatchDelete/parent/child2, dataSize=0, replicationConfig=null} | ret=FAILURE
org.apache.hadoop.ozone.om.exceptions.OMException: Unable to get file status: volume: volume99794 bucket: bucket10019 key: testBatchDelete/parent/child2
	at org.apache.hadoop.ozone.om.KeyManagerImpl.getOzoneFileStatus(KeyManagerImpl.java:1311) ~[ozone-manager-1.3.0-SNAPSHOT.jar:?]
	at org.apache.hadoop.ozone.om.KeyManagerImpl.getFileStatus(KeyManagerImpl.java:1241) ~[ozone-manager-1.3.0-SNAPSHOT.jar:?]
	at org.apache.hadoop.ozone.om.OzoneManager.getFileStatus(OzoneManager.java:3419) ~[ozone-manager-1.3.0-SNAPSHOT.jar:?]
	at org.apache.hadoop.ozone.protocolPB.OzoneManagerRequestHandler.getOzoneFileStatus(OzoneManagerRequestHandler.java:871) ~[ozone-manager-1.3.0-SNAPSHOT.jar:?]
	at org.apache.hadoop.ozone.protocolPB.OzoneManagerRequestHandler.handleReadRequest(OzoneManagerRequestHandler.java:217) ~[ozone-manager-1.3.0-SNAPSHOT.jar:?]
	at org.apache.hadoop.ozone.protocolPB.OzoneManagerProtocolServerSideTranslatorPB.submitReadRequestToOM(OzoneManagerProtocolServerSideTranslatorPB.java:226) ~[ozone-manager-1.3.0-SNAPSHOT.jar:?]
	at org.apache.hadoop.ozone.protocolPB.OzoneManagerProtocolServerSideTranslatorPB.processRequest(OzoneManagerProtocolServerSideTranslatorPB.java:175) ~[ozone-manager-1.3.0-SNAPSHOT.jar:?]
	at org.apache.hadoop.hdds.server.OzoneProtocolMessageDispatcher.processRequest(OzoneProtocolMessageDispatcher.java:87) [hdds-server-framework-1.3.0-SNAPSHOT.jar:?]
	at org.apache.hadoop.ozone.protocolPB.OzoneManagerProtocolServerSideTranslatorPB.submitRequest(OzoneManagerProtocolServerSideTranslatorPB.java:147) [ozone-manager-1.3.0-SNAPSHOT.jar:?]
	at org.apache.hadoop.ozone.protocol.proto.OzoneManagerProtocolProtos$OzoneManagerService$2.callBlockingMethod(OzoneManagerProtocolProtos.java) [ozone-interface-client-1.3.0-SNAPSHOT.jar:?]
	at org.apache.hadoop.ipc.ProtobufRpcEngine$Server.processCall(ProtobufRpcEngine.java:466) [hadoop-common-3.3.1.jar:?]
	at org.apache.hadoop.ipc.ProtobufRpcEngine2$Server$ProtoBufRpcInvoker.call(ProtobufRpcEngine2.java:574) [hadoop-common-3.3.1.jar:?]
	at org.apache.hadoop.ipc.ProtobufRpcEngine2$Server$ProtoBufRpcInvoker.call(ProtobufRpcEngine2.java:552) [hadoop-common-3.3.1.jar:?]
	at org.apache.hadoop.ipc.RPC$Server.call(RPC.java:1093) [hadoop-common-3.3.1.jar:?]
	at org.apache.hadoop.ipc.Server$RpcCall.run(Server.java:1035) [hadoop-common-3.3.1.jar:?]
	at org.apache.hadoop.ipc.Server$RpcCall.run(Server.java:963) [hadoop-common-3.3.1.jar:?]
	at java.security.AccessController.doPrivileged(Native Method) ~[?:1.8.0_332]
	at javax.security.auth.Subject.doAs(Subject.java:422) [?:1.8.0_332]
	at org.apache.hadoop.security.UserGroupInformation.doAs(UserGroupInformation.java:1878) [hadoop-common-3.3.1.jar:?]
	at org.apache.hadoop.ipc.Server$Handler.run(Server.java:2966) [hadoop-common-3.3.1.jar:?]
23:49:35.032 [IPC Server handler 5 on default port 33165] ERROR OMAudit - user=runner | ip=127.0.0.1 | op=GET_FILE_STATUS {volume=volume99794, bucket=bucket10019, key=testBatchDelete/parent/childFolder/child2, dataSize=0, replicationConfig=null} | ret=FAILURE
org.apache.hadoop.ozone.om.exceptions.OMException: Unable to get file status: volume: volume99794 bucket: bucket10019 key: testBatchDelete/parent/childFolder/child2
	at org.apache.hadoop.ozone.om.KeyManagerImpl.getOzoneFileStatus(KeyManagerImpl.java:1311) ~[ozone-manager-1.3.0-SNAPSHOT.jar:?]
	at org.apache.hadoop.ozone.om.KeyManagerImpl.getFileStatus(KeyManagerImpl.java:1241) ~[ozone-manager-1.3.0-SNAPSHOT.jar:?]
	at org.apache.hadoop.ozone.om.OzoneManager.getFileStatus(OzoneManager.java:3419) ~[ozone-manager-1.3.0-SNAPSHOT.jar:?]
	at org.apache.hadoop.ozone.protocolPB.OzoneManagerRequestHandler.getOzoneFileStatus(OzoneManagerRequestHandler.java:871) ~[ozone-manager-1.3.0-SNAPSHOT.jar:?]
	at org.apache.hadoop.ozone.protocolPB.OzoneManagerRequestHandler.handleReadRequest(OzoneManagerRequestHandler.java:217) ~[ozone-manager-1.3.0-SNAPSHOT.jar:?]
	at org.apache.hadoop.ozone.protocolPB.OzoneManagerProtocolServerSideTranslatorPB.submitReadRequestToOM(OzoneManagerProtocolServerSideTranslatorPB.java:226) ~[ozone-manager-1.3.0-SNAPSHOT.jar:?]
	at org.apache.hadoop.ozone.protocolPB.OzoneManagerProtocolServerSideTranslatorPB.processRequest(OzoneManagerProtocolServerSideTranslatorPB.java:175) ~[ozone-manager-1.3.0-SNAPSHOT.jar:?]
	at org.apache.hadoop.hdds.server.OzoneProtocolMessageDispatcher.processRequest(OzoneProtocolMessageDispatcher.java:87) [hdds-server-framework-1.3.0-SNAPSHOT.jar:?]
	at org.apache.hadoop.ozone.protocolPB.OzoneManagerProtocolServerSideTranslatorPB.submitRequest(OzoneManagerProtocolServerSideTranslatorPB.java:147) [ozone-manager-1.3.0-SNAPSHOT.jar:?]
	at org.apache.hadoop.ozone.protocol.proto.OzoneManagerProtocolProtos$OzoneManagerService$2.callBlockingMethod(OzoneManagerProtocolProtos.java) [ozone-interface-client-1.3.0-SNAPSHOT.jar:?]
	at org.apache.hadoop.ipc.ProtobufRpcEngine$Server.processCall(ProtobufRpcEngine.java:466) [hadoop-common-3.3.1.jar:?]
	at org.apache.hadoop.ipc.ProtobufRpcEngine2$Server$ProtoBufRpcInvoker.call(ProtobufRpcEngine2.java:574) [hadoop-common-3.3.1.jar:?]
	at org.apache.hadoop.ipc.ProtobufRpcEngine2$Server$ProtoBufRpcInvoker.call(ProtobufRpcEngine2.java:552) [hadoop-common-3.3.1.jar:?]
	at org.apache.hadoop.ipc.RPC$Server.call(RPC.java:1093) [hadoop-common-3.3.1.jar:?]
	at org.apache.hadoop.ipc.Server$RpcCall.run(Server.java:1035) [hadoop-common-3.3.1.jar:?]
	at org.apache.hadoop.ipc.Server$RpcCall.run(Server.java:963) [hadoop-common-3.3.1.jar:?]
	at java.security.AccessController.doPrivileged(Native Method) ~[?:1.8.0_332]
	at javax.security.auth.Subject.doAs(Subject.java:422) [?:1.8.0_332]
	at org.apache.hadoop.security.UserGroupInformation.doAs(UserGroupInformation.java:1878) [hadoop-common-3.3.1.jar:?]
	at org.apache.hadoop.ipc.Server$Handler.run(Server.java:2966) [hadoop-common-3.3.1.jar:?]
23:49:35.032 [IPC Server handler 10 on default port 33165] ERROR OMAudit - user=runner | ip=127.0.0.1 | op=GET_FILE_STATUS {volume=volume99794, bucket=bucket10019, key=testBatchDelete/parent/child3, dataSize=0, replicationConfig=null} | ret=FAILURE
org.apache.hadoop.ozone.om.exceptions.OMException: Unable to get file status: volume: volume99794 bucket: bucket10019 key: testBatchDelete/parent/child3
	at org.apache.hadoop.ozone.om.KeyManagerImpl.getOzoneFileStatus(KeyManagerImpl.java:1311) ~[ozone-manager-1.3.0-SNAPSHOT.jar:?]
	at org.apache.hadoop.ozone.om.KeyManagerImpl.getFileStatus(KeyManagerImpl.java:1241) ~[ozone-manager-1.3.0-SNAPSHOT.jar:?]
	at org.apache.hadoop.ozone.om.OzoneManager.getFileStatus(OzoneManager.java:3419) ~[ozone-manager-1.3.0-SNAPSHOT.jar:?]
	at org.apache.hadoop.ozone.protocolPB.OzoneManagerRequestHandler.getOzoneFileStatus(OzoneManagerRequestHandler.java:871) ~[ozone-manager-1.3.0-SNAPSHOT.jar:?]
	at org.apache.hadoop.ozone.protocolPB.OzoneManagerRequestHandler.handleReadRequest(OzoneManagerRequestHandler.java:217) ~[ozone-manager-1.3.0-SNAPSHOT.jar:?]
	at org.apache.hadoop.ozone.protocolPB.OzoneManagerProtocolServerSideTranslatorPB.submitReadRequestToOM(OzoneManagerProtocolServerSideTranslatorPB.java:226) ~[ozone-manager-1.3.0-SNAPSHOT.jar:?]
	at org.apache.hadoop.ozone.protocolPB.OzoneManagerProtocolServerSideTranslatorPB.processRequest(OzoneManagerProtocolServerSideTranslatorPB.java:175) ~[ozone-manager-1.3.0-SNAPSHOT.jar:?]
	at org.apache.hadoop.hdds.server.OzoneProtocolMessageDispatcher.processRequest(OzoneProtocolMessageDispatcher.java:87) [hdds-server-framework-1.3.0-SNAPSHOT.jar:?]
	at org.apache.hadoop.ozone.protocolPB.OzoneManagerProtocolServerSideTranslatorPB.submitRequest(OzoneManagerProtocolServerSideTranslatorPB.java:147) [ozone-manager-1.3.0-SNAPSHOT.jar:?]
	at org.apache.hadoop.ozone.protocol.proto.OzoneManagerProtocolProtos$OzoneManagerService$2.callBlockingMethod(OzoneManagerProtocolProtos.java) [ozone-interface-client-1.3.0-SNAPSHOT.jar:?]
	at org.apache.hadoop.ipc.ProtobufRpcEngine$Server.processCall(ProtobufRpcEngine.java:466) [hadoop-common-3.3.1.jar:?]
	at org.apache.hadoop.ipc.ProtobufRpcEngine2$Server$ProtoBufRpcInvoker.call(ProtobufRpcEngine2.java:574) [hadoop-common-3.3.1.jar:?]
	at org.apache.hadoop.ipc.ProtobufRpcEngine2$Server$ProtoBufRpcInvoker.call(ProtobufRpcEngine2.java:552) [hadoop-common-3.3.1.jar:?]
	at org.apache.hadoop.ipc.RPC$Server.call(RPC.java:1093) [hadoop-common-3.3.1.jar:?]
	at org.apache.hadoop.ipc.Server$RpcCall.run(Server.java:1035) [hadoop-common-3.3.1.jar:?]
	at org.apache.hadoop.ipc.Server$RpcCall.run(Server.java:963) [hadoop-common-3.3.1.jar:?]
	at java.security.AccessController.doPrivileged(Native Method) ~[?:1.8.0_332]
	at javax.security.auth.Subject.doAs(Subject.java:422) [?:1.8.0_332]
	at org.apache.hadoop.security.UserGroupInformation.doAs(UserGroupInformation.java:1878) [hadoop-common-3.3.1.jar:?]
	at org.apache.hadoop.ipc.Server$Handler.run(Server.java:2966) [hadoop-common-3.3.1.jar:?]
23:49:35.033 [IPC Server handler 8 on default port 33165] ERROR OMAudit - user=runner | ip=127.0.0.1 | op=GET_FILE_STATUS {volume=volume99794, bucket=bucket10019, key=testBatchDelete/parent/childFolder/child3, dataSize=0, replicationConfig=null} | ret=FAILURE
org.apache.hadoop.ozone.om.exceptions.OMException: Unable to get file status: volume: volume99794 bucket: bucket10019 key: testBatchDelete/parent/childFolder/child3
	at org.apache.hadoop.ozone.om.KeyManagerImpl.getOzoneFileStatus(KeyManagerImpl.java:1311) ~[ozone-manager-1.3.0-SNAPSHOT.jar:?]
	at org.apache.hadoop.ozone.om.KeyManagerImpl.getFileStatus(KeyManagerImpl.java:1241) ~[ozone-manager-1.3.0-SNAPSHOT.jar:?]
	at org.apache.hadoop.ozone.om.OzoneManager.getFileStatus(OzoneManager.java:3419) ~[ozone-manager-1.3.0-SNAPSHOT.jar:?]
	at org.apache.hadoop.ozone.protocolPB.OzoneManagerRequestHandler.getOzoneFileStatus(OzoneManagerRequestHandler.java:871) ~[ozone-manager-1.3.0-SNAPSHOT.jar:?]
	at org.apache.hadoop.ozone.protocolPB.OzoneManagerRequestHandler.handleReadRequest(OzoneManagerRequestHandler.java:217) ~[ozone-manager-1.3.0-SNAPSHOT.jar:?]
	at org.apache.hadoop.ozone.protocolPB.OzoneManagerProtocolServerSideTranslatorPB.submitReadRequestToOM(OzoneManagerProtocolServerSideTranslatorPB.java:226) ~[ozone-manager-1.3.0-SNAPSHOT.jar:?]
	at org.apache.hadoop.ozone.protocolPB.OzoneManagerProtocolServerSideTranslatorPB.processRequest(OzoneManagerProtocolServerSideTranslatorPB.java:175) ~[ozone-manager-1.3.0-SNAPSHOT.jar:?]
	at org.apache.hadoop.hdds.server.OzoneProtocolMessageDispatcher.processRequest(OzoneProtocolMessageDispatcher.java:87) [hdds-server-framework-1.3.0-SNAPSHOT.jar:?]
	at org.apache.hadoop.ozone.protocolPB.OzoneManagerProtocolServerSideTranslatorPB.submitRequest(OzoneManagerProtocolServerSideTranslatorPB.java:147) [ozone-manager-1.3.0-SNAPSHOT.jar:?]
	at org.apache.hadoop.ozone.protocol.proto.OzoneManagerProtocolProtos$OzoneManagerService$2.callBlockingMethod(OzoneManagerProtocolProtos.java) [ozone-interface-client-1.3.0-SNAPSHOT.jar:?]
	at org.apache.hadoop.ipc.ProtobufRpcEngine$Server.processCall(ProtobufRpcEngine.java:466) [hadoop-common-3.3.1.jar:?]
	at org.apache.hadoop.ipc.ProtobufRpcEngine2$Server$ProtoBufRpcInvoker.call(ProtobufRpcEngine2.java:574) [hadoop-common-3.3.1.jar:?]
	at org.apache.hadoop.ipc.ProtobufRpcEngine2$Server$ProtoBufRpcInvoker.call(ProtobufRpcEngine2.java:552) [hadoop-common-3.3.1.jar:?]
	at org.apache.hadoop.ipc.RPC$Server.call(RPC.java:1093) [hadoop-common-3.3.1.jar:?]
	at org.apache.hadoop.ipc.Server$RpcCall.run(Server.java:1035) [hadoop-common-3.3.1.jar:?]
	at org.apache.hadoop.ipc.Server$RpcCall.run(Server.java:963) [hadoop-common-3.3.1.jar:?]
	at java.security.AccessController.doPrivileged(Native Method) ~[?:1.8.0_332]
	at javax.security.auth.Subject.doAs(Subject.java:422) [?:1.8.0_332]
	at org.apache.hadoop.security.UserGroupInformation.doAs(UserGroupInformation.java:1878) [hadoop-common-3.3.1.jar:?]
	at org.apache.hadoop.ipc.Server$Handler.run(Server.java:2966) [hadoop-common-3.3.1.jar:?]
23:49:35.034 [IPC Server handler 2 on default port 33165] ERROR OMAudit - user=runner | ip=127.0.0.1 | op=GET_FILE_STATUS {volume=volume99794, bucket=bucket10019, key=testBatchDelete/parent/child4, dataSize=0, replicationConfig=null} | ret=FAILURE
org.apache.hadoop.ozone.om.exceptions.OMException: Unable to get file status: volume: volume99794 bucket: bucket10019 key: testBatchDelete/parent/child4
	at org.apache.hadoop.ozone.om.KeyManagerImpl.getOzoneFileStatus(KeyManagerImpl.java:1311) ~[ozone-manager-1.3.0-SNAPSHOT.jar:?]
	at org.apache.hadoop.ozone.om.KeyManagerImpl.getFileStatus(KeyManagerImpl.java:1241) ~[ozone-manager-1.3.0-SNAPSHOT.jar:?]
	at org.apache.hadoop.ozone.om.OzoneManager.getFileStatus(OzoneManager.java:3419) ~[ozone-manager-1.3.0-SNAPSHOT.jar:?]
	at org.apache.hadoop.ozone.protocolPB.OzoneManagerRequestHandler.getOzoneFileStatus(OzoneManagerRequestHandler.java:871) ~[ozone-manager-1.3.0-SNAPSHOT.jar:?]
	at org.apache.hadoop.ozone.protocolPB.OzoneManagerRequestHandler.handleReadRequest(OzoneManagerRequestHandler.java:217) ~[ozone-manager-1.3.0-SNAPSHOT.jar:?]
	at org.apache.hadoop.ozone.protocolPB.OzoneManagerProtocolServerSideTranslatorPB.submitReadRequestToOM(OzoneManagerProtocolServerSideTranslatorPB.java:226) ~[ozone-manager-1.3.0-SNAPSHOT.jar:?]
	at org.apache.hadoop.ozone.protocolPB.OzoneManagerProtocolServerSideTranslatorPB.processRequest(OzoneManagerProtocolServerSideTranslatorPB.java:175) ~[ozone-manager-1.3.0-SNAPSHOT.jar:?]
	at org.apache.hadoop.hdds.server.OzoneProtocolMessageDispatcher.processRequest(OzoneProtocolMessageDispatcher.java:87) [hdds-server-framework-1.3.0-SNAPSHOT.jar:?]
	at org.apache.hadoop.ozone.protocolPB.OzoneManagerProtocolServerSideTranslatorPB.submitRequest(OzoneManagerProtocolServerSideTranslatorPB.java:147) [ozone-manager-1.3.0-SNAPSHOT.jar:?]
	at org.apache.hadoop.ozone.protocol.proto.OzoneManagerProtocolProtos$OzoneManagerService$2.callBlockingMethod(OzoneManagerProtocolProtos.java) [ozone-interface-client-1.3.0-SNAPSHOT.jar:?]
	at org.apache.hadoop.ipc.ProtobufRpcEngine$Server.processCall(ProtobufRpcEngine.java:466) [hadoop-common-3.3.1.jar:?]
	at org.apache.hadoop.ipc.ProtobufRpcEngine2$Server$ProtoBufRpcInvoker.call(ProtobufRpcEngine2.java:574) [hadoop-common-3.3.1.jar:?]
	at org.apache.hadoop.ipc.ProtobufRpcEngine2$Server$ProtoBufRpcInvoker.call(ProtobufRpcEngine2.java:552) [hadoop-common-3.3.1.jar:?]
	at org.apache.hadoop.ipc.RPC$Server.call(RPC.java:1093) [hadoop-common-3.3.1.jar:?]
	at org.apache.hadoop.ipc.Server$RpcCall.run(Server.java:1035) [hadoop-common-3.3.1.jar:?]
	at org.apache.hadoop.ipc.Server$RpcCall.run(Server.java:963) [hadoop-common-3.3.1.jar:?]
	at java.security.AccessController.doPrivileged(Native Method) ~[?:1.8.0_332]
	at javax.security.auth.Subject.doAs(Subject.java:422) [?:1.8.0_332]
	at org.apache.hadoop.security.UserGroupInformation.doAs(UserGroupInformation.java:1878) [hadoop-common-3.3.1.jar:?]
	at org.apache.hadoop.ipc.Server$Handler.run(Server.java:2966) [hadoop-common-3.3.1.jar:?]
23:49:35.034 [IPC Server handler 15 on default port 33165] ERROR OMAudit - user=runner | ip=127.0.0.1 | op=GET_FILE_STATUS {volume=volume99794, bucket=bucket10019, key=testBatchDelete/parent/childFolder/child4, dataSize=0, replicationConfig=null} | ret=FAILURE
org.apache.hadoop.ozone.om.exceptions.OMException: Unable to get file status: volume: volume99794 bucket: bucket10019 key: testBatchDelete/parent/childFolder/child4
	at org.apache.hadoop.ozone.om.KeyManagerImpl.getOzoneFileStatus(KeyManagerImpl.java:1311) ~[ozone-manager-1.3.0-SNAPSHOT.jar:?]
	at org.apache.hadoop.ozone.om.KeyManagerImpl.getFileStatus(KeyManagerImpl.java:1241) ~[ozone-manager-1.3.0-SNAPSHOT.jar:?]
	at org.apache.hadoop.ozone.om.OzoneManager.getFileStatus(OzoneManager.java:3419) ~[ozone-manager-1.3.0-SNAPSHOT.jar:?]
	at org.apache.hadoop.ozone.protocolPB.OzoneManagerRequestHandler.getOzoneFileStatus(OzoneManagerRequestHandler.java:871) ~[ozone-manager-1.3.0-SNAPSHOT.jar:?]
	at org.apache.hadoop.ozone.protocolPB.OzoneManagerRequestHandler.handleReadRequest(OzoneManagerRequestHandler.java:217) ~[ozone-manager-1.3.0-SNAPSHOT.jar:?]
	at org.apache.hadoop.ozone.protocolPB.OzoneManagerProtocolServerSideTranslatorPB.submitReadRequestToOM(OzoneManagerProtocolServerSideTranslatorPB.java:226) ~[ozone-manager-1.3.0-SNAPSHOT.jar:?]
	at org.apache.hadoop.ozone.protocolPB.OzoneManagerProtocolServerSideTranslatorPB.processRequest(OzoneManagerProtocolServerSideTranslatorPB.java:175) ~[ozone-manager-1.3.0-SNAPSHOT.jar:?]
	at org.apache.hadoop.hdds.server.OzoneProtocolMessageDispatcher.processRequest(OzoneProtocolMessageDispatcher.java:87) [hdds-server-framework-1.3.0-SNAPSHOT.jar:?]
	at org.apache.hadoop.ozone.protocolPB.OzoneManagerProtocolServerSideTranslatorPB.submitRequest(OzoneManagerProtocolServerSideTranslatorPB.java:147) [ozone-manager-1.3.0-SNAPSHOT.jar:?]
	at org.apache.hadoop.ozone.protocol.proto.OzoneManagerProtocolProtos$OzoneManagerService$2.callBlockingMethod(OzoneManagerProtocolProtos.java) [ozone-interface-client-1.3.0-SNAPSHOT.jar:?]
	at org.apache.hadoop.ipc.ProtobufRpcEngine$Server.processCall(ProtobufRpcEngine.java:466) [hadoop-common-3.3.1.jar:?]
	at org.apache.hadoop.ipc.ProtobufRpcEngine2$Server$ProtoBufRpcInvoker.call(ProtobufRpcEngine2.java:574) [hadoop-common-3.3.1.jar:?]
	at org.apache.hadoop.ipc.ProtobufRpcEngine2$Server$ProtoBufRpcInvoker.call(ProtobufRpcEngine2.java:552) [hadoop-common-3.3.1.jar:?]
	at org.apache.hadoop.ipc.RPC$Server.call(RPC.java:1093) [hadoop-common-3.3.1.jar:?]
	at org.apache.hadoop.ipc.Server$RpcCall.run(Server.java:1035) [hadoop-common-3.3.1.jar:?]
	at org.apache.hadoop.ipc.Server$RpcCall.run(Server.java:963) [hadoop-common-3.3.1.jar:?]
	at java.security.AccessController.doPrivileged(Native Method) ~[?:1.8.0_332]
	at javax.security.auth.Subject.doAs(Subject.java:422) [?:1.8.0_332]
	at org.apache.hadoop.security.UserGroupInformation.doAs(UserGroupInformation.java:1878) [hadoop-common-3.3.1.jar:?]
	at org.apache.hadoop.ipc.Server$Handler.run(Server.java:2966) [hadoop-common-3.3.1.jar:?]
23:49:35.035 [IPC Server handler 0 on default port 33165] ERROR OMAudit - user=runner | ip=127.0.0.1 | op=GET_FILE_STATUS {volume=volume99794, bucket=bucket10019, key=testBatchDelete/parent/child5, dataSize=0, replicationConfig=null} | ret=FAILURE
org.apache.hadoop.ozone.om.exceptions.OMException: Unable to get file status: volume: volume99794 bucket: bucket10019 key: testBatchDelete/parent/child5
	at org.apache.hadoop.ozone.om.KeyManagerImpl.getOzoneFileStatus(KeyManagerImpl.java:1311) ~[ozone-manager-1.3.0-SNAPSHOT.jar:?]
	at org.apache.hadoop.ozone.om.KeyManagerImpl.getFileStatus(KeyManagerImpl.java:1241) ~[ozone-manager-1.3.0-SNAPSHOT.jar:?]
	at org.apache.hadoop.ozone.om.OzoneManager.getFileStatus(OzoneManager.java:3419) ~[ozone-manager-1.3.0-SNAPSHOT.jar:?]
	at org.apache.hadoop.ozone.protocolPB.OzoneManagerRequestHandler.getOzoneFileStatus(OzoneManagerRequestHandler.java:871) ~[ozone-manager-1.3.0-SNAPSHOT.jar:?]
	at org.apache.hadoop.ozone.protocolPB.OzoneManagerRequestHandler.handleReadRequest(OzoneManagerRequestHandler.java:217) ~[ozone-manager-1.3.0-SNAPSHOT.jar:?]
	at org.apache.hadoop.ozone.protocolPB.OzoneManagerProtocolServerSideTranslatorPB.submitReadRequestToOM(OzoneManagerProtocolServerSideTranslatorPB.java:226) ~[ozone-manager-1.3.0-SNAPSHOT.jar:?]
	at org.apache.hadoop.ozone.protocolPB.OzoneManagerProtocolServerSideTranslatorPB.processRequest(OzoneManagerProtocolServerSideTranslatorPB.java:175) ~[ozone-manager-1.3.0-SNAPSHOT.jar:?]
	at org.apache.hadoop.hdds.server.OzoneProtocolMessageDispatcher.processRequest(OzoneProtocolMessageDispatcher.java:87) [hdds-server-framework-1.3.0-SNAPSHOT.jar:?]
	at org.apache.hadoop.ozone.protocolPB.OzoneManagerProtocolServerSideTranslatorPB.submitRequest(OzoneManagerProtocolServerSideTranslatorPB.java:147) [ozone-manager-1.3.0-SNAPSHOT.jar:?]
	at org.apache.hadoop.ozone.protocol.proto.OzoneManagerProtocolProtos$OzoneManagerService$2.callBlockingMethod(OzoneManagerProtocolProtos.java) [ozone-interface-client-1.3.0-SNAPSHOT.jar:?]
	at org.apache.hadoop.ipc.ProtobufRpcEngine$Server.processCall(ProtobufRpcEngine.java:466) [hadoop-common-3.3.1.jar:?]
	at org.apache.hadoop.ipc.ProtobufRpcEngine2$Server$ProtoBufRpcInvoker.call(ProtobufRpcEngine2.java:574) [hadoop-common-3.3.1.jar:?]
	at org.apache.hadoop.ipc.ProtobufRpcEngine2$Server$ProtoBufRpcInvoker.call(ProtobufRpcEngine2.java:552) [hadoop-common-3.3.1.jar:?]
	at org.apache.hadoop.ipc.RPC$Server.call(RPC.java:1093) [hadoop-common-3.3.1.jar:?]
	at org.apache.hadoop.ipc.Server$RpcCall.run(Server.java:1035) [hadoop-common-3.3.1.jar:?]
	at org.apache.hadoop.ipc.Server$RpcCall.run(Server.java:963) [hadoop-common-3.3.1.jar:?]
	at java.security.AccessController.doPrivileged(Native Method) ~[?:1.8.0_332]
	at javax.security.auth.Subject.doAs(Subject.java:422) [?:1.8.0_332]
	at org.apache.hadoop.security.UserGroupInformation.doAs(UserGroupInformation.java:1878) [hadoop-common-3.3.1.jar:?]
	at org.apache.hadoop.ipc.Server$Handler.run(Server.java:2966) [hadoop-common-3.3.1.jar:?]
23:49:35.035 [IPC Server handler 3 on default port 33165] ERROR OMAudit - user=runner | ip=127.0.0.1 | op=GET_FILE_STATUS {volume=volume99794, bucket=bucket10019, key=testBatchDelete/parent/childFolder/child5, dataSize=0, replicationConfig=null} | ret=FAILURE
org.apache.hadoop.ozone.om.exceptions.OMException: Unable to get file status: volume: volume99794 bucket: bucket10019 key: testBatchDelete/parent/childFolder/child5
	at org.apache.hadoop.ozone.om.KeyManagerImpl.getOzoneFileStatus(KeyManagerImpl.java:1311) ~[ozone-manager-1.3.0-SNAPSHOT.jar:?]
	at org.apache.hadoop.ozone.om.KeyManagerImpl.getFileStatus(KeyManagerImpl.java:1241) ~[ozone-manager-1.3.0-SNAPSHOT.jar:?]
	at org.apache.hadoop.ozone.om.OzoneManager.getFileStatus(OzoneManager.java:3419) ~[ozone-manager-1.3.0-SNAPSHOT.jar:?]
	at org.apache.hadoop.ozone.protocolPB.OzoneManagerRequestHandler.getOzoneFileStatus(OzoneManagerRequestHandler.java:871) ~[ozone-manager-1.3.0-SNAPSHOT.jar:?]
	at org.apache.hadoop.ozone.protocolPB.OzoneManagerRequestHandler.handleReadRequest(OzoneManagerRequestHandler.java:217) ~[ozone-manager-1.3.0-SNAPSHOT.jar:?]
	at org.apache.hadoop.ozone.protocolPB.OzoneManagerProtocolServerSideTranslatorPB.submitReadRequestToOM(OzoneManagerProtocolServerSideTranslatorPB.java:226) ~[ozone-manager-1.3.0-SNAPSHOT.jar:?]
	at org.apache.hadoop.ozone.protocolPB.OzoneManagerProtocolServerSideTranslatorPB.processRequest(OzoneManagerProtocolServerSideTranslatorPB.java:175) ~[ozone-manager-1.3.0-SNAPSHOT.jar:?]
	at org.apache.hadoop.hdds.server.OzoneProtocolMessageDispatcher.processRequest(OzoneProtocolMessageDispatcher.java:87) [hdds-server-framework-1.3.0-SNAPSHOT.jar:?]
	at org.apache.hadoop.ozone.protocolPB.OzoneManagerProtocolServerSideTranslatorPB.submitRequest(OzoneManagerProtocolServerSideTranslatorPB.java:147) [ozone-manager-1.3.0-SNAPSHOT.jar:?]
	at org.apache.hadoop.ozone.protocol.proto.OzoneManagerProtocolProtos$OzoneManagerService$2.callBlockingMethod(OzoneManagerProtocolProtos.java) [ozone-interface-client-1.3.0-SNAPSHOT.jar:?]
	at org.apache.hadoop.ipc.ProtobufRpcEngine$Server.processCall(ProtobufRpcEngine.java:466) [hadoop-common-3.3.1.jar:?]
	at org.apache.hadoop.ipc.ProtobufRpcEngine2$Server$ProtoBufRpcInvoker.call(ProtobufRpcEngine2.java:574) [hadoop-common-3.3.1.jar:?]
	at org.apache.hadoop.ipc.ProtobufRpcEngine2$Server$ProtoBufRpcInvoker.call(ProtobufRpcEngine2.java:552) [hadoop-common-3.3.1.jar:?]
	at org.apache.hadoop.ipc.RPC$Server.call(RPC.java:1093) [hadoop-common-3.3.1.jar:?]
	at org.apache.hadoop.ipc.Server$RpcCall.run(Server.java:1035) [hadoop-common-3.3.1.jar:?]
	at org.apache.hadoop.ipc.Server$RpcCall.run(Server.java:963) [hadoop-common-3.3.1.jar:?]
	at java.security.AccessController.doPrivileged(Native Method) ~[?:1.8.0_332]
	at javax.security.auth.Subject.doAs(Subject.java:422) [?:1.8.0_332]
	at org.apache.hadoop.security.UserGroupInformation.doAs(UserGroupInformation.java:1878) [hadoop-common-3.3.1.jar:?]
	at org.apache.hadoop.ipc.Server$Handler.run(Server.java:2966) [hadoop-common-3.3.1.jar:?]
23:49:35.036 [IPC Server handler 16 on default port 33165] ERROR OMAudit - user=runner | ip=127.0.0.1 | op=GET_FILE_STATUS {volume=volume99794, bucket=bucket10019, key=testBatchDelete/parent/child6, dataSize=0, replicationConfig=null} | ret=FAILURE
org.apache.hadoop.ozone.om.exceptions.OMException: Unable to get file status: volume: volume99794 bucket: bucket10019 key: testBatchDelete/parent/child6
	at org.apache.hadoop.ozone.om.KeyManagerImpl.getOzoneFileStatus(KeyManagerImpl.java:1311) ~[ozone-manager-1.3.0-SNAPSHOT.jar:?]
	at org.apache.hadoop.ozone.om.KeyManagerImpl.getFileStatus(KeyManagerImpl.java:1241) ~[ozone-manager-1.3.0-SNAPSHOT.jar:?]
	at org.apache.hadoop.ozone.om.OzoneManager.getFileStatus(OzoneManager.java:3419) ~[ozone-manager-1.3.0-SNAPSHOT.jar:?]
	at org.apache.hadoop.ozone.protocolPB.OzoneManagerRequestHandler.getOzoneFileStatus(OzoneManagerRequestHandler.java:871) ~[ozone-manager-1.3.0-SNAPSHOT.jar:?]
	at org.apache.hadoop.ozone.protocolPB.OzoneManagerRequestHandler.handleReadRequest(OzoneManagerRequestHandler.java:217) ~[ozone-manager-1.3.0-SNAPSHOT.jar:?]
	at org.apache.hadoop.ozone.protocolPB.OzoneManagerProtocolServerSideTranslatorPB.submitReadRequestToOM(OzoneManagerProtocolServerSideTranslatorPB.java:226) ~[ozone-manager-1.3.0-SNAPSHOT.jar:?]
	at org.apache.hadoop.ozone.protocolPB.OzoneManagerProtocolServerSideTranslatorPB.processRequest(OzoneManagerProtocolServerSideTranslatorPB.java:175) ~[ozone-manager-1.3.0-SNAPSHOT.jar:?]
	at org.apache.hadoop.hdds.server.OzoneProtocolMessageDispatcher.processRequest(OzoneProtocolMessageDispatcher.java:87) [hdds-server-framework-1.3.0-SNAPSHOT.jar:?]
	at org.apache.hadoop.ozone.protocolPB.OzoneManagerProtocolServerSideTranslatorPB.submitRequest(OzoneManagerProtocolServerSideTranslatorPB.java:147) [ozone-manager-1.3.0-SNAPSHOT.jar:?]
	at org.apache.hadoop.ozone.protocol.proto.OzoneManagerProtocolProtos$OzoneManagerService$2.callBlockingMethod(OzoneManagerProtocolProtos.java) [ozone-interface-client-1.3.0-SNAPSHOT.jar:?]
	at org.apache.hadoop.ipc.ProtobufRpcEngine$Server.processCall(ProtobufRpcEngine.java:466) [hadoop-common-3.3.1.jar:?]
	at org.apache.hadoop.ipc.ProtobufRpcEngine2$Server$ProtoBufRpcInvoker.call(ProtobufRpcEngine2.java:574) [hadoop-common-3.3.1.jar:?]
	at org.apache.hadoop.ipc.ProtobufRpcEngine2$Server$ProtoBufRpcInvoker.call(ProtobufRpcEngine2.java:552) [hadoop-common-3.3.1.jar:?]
	at org.apache.hadoop.ipc.RPC$Server.call(RPC.java:1093) [hadoop-common-3.3.1.jar:?]
	at org.apache.hadoop.ipc.Server$RpcCall.run(Server.java:1035) [hadoop-common-3.3.1.jar:?]
	at org.apache.hadoop.ipc.Server$RpcCall.run(Server.java:963) [hadoop-common-3.3.1.jar:?]
	at java.security.AccessController.doPrivileged(Native Method) ~[?:1.8.0_332]
	at javax.security.auth.Subject.doAs(Subject.java:422) [?:1.8.0_332]
	at org.apache.hadoop.security.UserGroupInformation.doAs(UserGroupInformation.java:1878) [hadoop-common-3.3.1.jar:?]
	at org.apache.hadoop.ipc.Server$Handler.run(Server.java:2966) [hadoop-common-3.3.1.jar:?]
23:49:35.036 [IPC Server handler 9 on default port 33165] ERROR OMAudit - user=runner | ip=127.0.0.1 | op=GET_FILE_STATUS {volume=volume99794, bucket=bucket10019, key=testBatchDelete/parent/childFolder/child6, dataSize=0, replicationConfig=null} | ret=FAILURE
org.apache.hadoop.ozone.om.exceptions.OMException: Unable to get file status: volume: volume99794 bucket: bucket10019 key: testBatchDelete/parent/childFolder/child6
	at org.apache.hadoop.ozone.om.KeyManagerImpl.getOzoneFileStatus(KeyManagerImpl.java:1311) ~[ozone-manager-1.3.0-SNAPSHOT.jar:?]
	at org.apache.hadoop.ozone.om.KeyManagerImpl.getFileStatus(KeyManagerImpl.java:1241) ~[ozone-manager-1.3.0-SNAPSHOT.jar:?]
	at org.apache.hadoop.ozone.om.OzoneManager.getFileStatus(OzoneManager.java:3419) ~[ozone-manager-1.3.0-SNAPSHOT.jar:?]
	at org.apache.hadoop.ozone.protocolPB.OzoneManagerRequestHandler.getOzoneFileStatus(OzoneManagerRequestHandler.java:871) ~[ozone-manager-1.3.0-SNAPSHOT.jar:?]
	at org.apache.hadoop.ozone.protocolPB.OzoneManagerRequestHandler.handleReadRequest(OzoneManagerRequestHandler.java:217) ~[ozone-manager-1.3.0-SNAPSHOT.jar:?]
	at org.apache.hadoop.ozone.protocolPB.OzoneManagerProtocolServerSideTranslatorPB.submitReadRequestToOM(OzoneManagerProtocolServerSideTranslatorPB.java:226) ~[ozone-manager-1.3.0-SNAPSHOT.jar:?]
	at org.apache.hadoop.ozone.protocolPB.OzoneManagerProtocolServerSideTranslatorPB.processRequest(OzoneManagerProtocolServerSideTranslatorPB.java:175) ~[ozone-manager-1.3.0-SNAPSHOT.jar:?]
	at org.apache.hadoop.hdds.server.OzoneProtocolMessageDispatcher.processRequest(OzoneProtocolMessageDispatcher.java:87) [hdds-server-framework-1.3.0-SNAPSHOT.jar:?]
	at org.apache.hadoop.ozone.protocolPB.OzoneManagerProtocolServerSideTranslatorPB.submitRequest(OzoneManagerProtocolServerSideTranslatorPB.java:147) [ozone-manager-1.3.0-SNAPSHOT.jar:?]
	at org.apache.hadoop.ozone.protocol.proto.OzoneManagerProtocolProtos$OzoneManagerService$2.callBlockingMethod(OzoneManagerProtocolProtos.java) [ozone-interface-client-1.3.0-SNAPSHOT.jar:?]
	at org.apache.hadoop.ipc.ProtobufRpcEngine$Server.processCall(ProtobufRpcEngine.java:466) [hadoop-common-3.3.1.jar:?]
	at org.apache.hadoop.ipc.ProtobufRpcEngine2$Server$ProtoBufRpcInvoker.call(ProtobufRpcEngine2.java:574) [hadoop-common-3.3.1.jar:?]
	at org.apache.hadoop.ipc.ProtobufRpcEngine2$Server$ProtoBufRpcInvoker.call(ProtobufRpcEngine2.java:552) [hadoop-common-3.3.1.jar:?]
	at org.apache.hadoop.ipc.RPC$Server.call(RPC.java:1093) [hadoop-common-3.3.1.jar:?]
	at org.apache.hadoop.ipc.Server$RpcCall.run(Server.java:1035) [hadoop-common-3.3.1.jar:?]
	at org.apache.hadoop.ipc.Server$RpcCall.run(Server.java:963) [hadoop-common-3.3.1.jar:?]
	at java.security.AccessController.doPrivileged(Native Method) ~[?:1.8.0_332]
	at javax.security.auth.Subject.doAs(Subject.java:422) [?:1.8.0_332]
	at org.apache.hadoop.security.UserGroupInformation.doAs(UserGroupInformation.java:1878) [hadoop-common-3.3.1.jar:?]
	at org.apache.hadoop.ipc.Server$Handler.run(Server.java:2966) [hadoop-common-3.3.1.jar:?]
23:49:35.037 [IPC Server handler 18 on default port 33165] ERROR OMAudit - user=runner | ip=127.0.0.1 | op=GET_FILE_STATUS {volume=volume99794, bucket=bucket10019, key=testBatchDelete/parent/child7, dataSize=0, replicationConfig=null} | ret=FAILURE
org.apache.hadoop.ozone.om.exceptions.OMException: Unable to get file status: volume: volume99794 bucket: bucket10019 key: testBatchDelete/parent/child7
	at org.apache.hadoop.ozone.om.KeyManagerImpl.getOzoneFileStatus(KeyManagerImpl.java:1311) ~[ozone-manager-1.3.0-SNAPSHOT.jar:?]
	at org.apache.hadoop.ozone.om.KeyManagerImpl.getFileStatus(KeyManagerImpl.java:1241) ~[ozone-manager-1.3.0-SNAPSHOT.jar:?]
	at org.apache.hadoop.ozone.om.OzoneManager.getFileStatus(OzoneManager.java:3419) ~[ozone-manager-1.3.0-SNAPSHOT.jar:?]
	at org.apache.hadoop.ozone.protocolPB.OzoneManagerRequestHandler.getOzoneFileStatus(OzoneManagerRequestHandler.java:871) ~[ozone-manager-1.3.0-SNAPSHOT.jar:?]
	at org.apache.hadoop.ozone.protocolPB.OzoneManagerRequestHandler.handleReadRequest(OzoneManagerRequestHandler.java:217) ~[ozone-manager-1.3.0-SNAPSHOT.jar:?]
	at org.apache.hadoop.ozone.protocolPB.OzoneManagerProtocolServerSideTranslatorPB.submitReadRequestToOM(OzoneManagerProtocolServerSideTranslatorPB.java:226) ~[ozone-manager-1.3.0-SNAPSHOT.jar:?]
	at org.apache.hadoop.ozone.protocolPB.OzoneManagerProtocolServerSideTranslatorPB.processRequest(OzoneManagerProtocolServerSideTranslatorPB.java:175) ~[ozone-manager-1.3.0-SNAPSHOT.jar:?]
	at org.apache.hadoop.hdds.server.OzoneProtocolMessageDispatcher.processRequest(OzoneProtocolMessageDispatcher.java:87) [hdds-server-framework-1.3.0-SNAPSHOT.jar:?]
	at org.apache.hadoop.ozone.protocolPB.OzoneManagerProtocolServerSideTranslatorPB.submitRequest(OzoneManagerProtocolServerSideTranslatorPB.java:147) [ozone-manager-1.3.0-SNAPSHOT.jar:?]
	at org.apache.hadoop.ozone.protocol.proto.OzoneManagerProtocolProtos$OzoneManagerService$2.callBlockingMethod(OzoneManagerProtocolProtos.java) [ozone-interface-client-1.3.0-SNAPSHOT.jar:?]
	at org.apache.hadoop.ipc.ProtobufRpcEngine$Server.processCall(ProtobufRpcEngine.java:466) [hadoop-common-3.3.1.jar:?]
	at org.apache.hadoop.ipc.ProtobufRpcEngine2$Server$ProtoBufRpcInvoker.call(ProtobufRpcEngine2.java:574) [hadoop-common-3.3.1.jar:?]
	at org.apache.hadoop.ipc.ProtobufRpcEngine2$Server$ProtoBufRpcInvoker.call(ProtobufRpcEngine2.java:552) [hadoop-common-3.3.1.jar:?]
	at org.apache.hadoop.ipc.RPC$Server.call(RPC.java:1093) [hadoop-common-3.3.1.jar:?]
	at org.apache.hadoop.ipc.Server$RpcCall.run(Server.java:1035) [hadoop-common-3.3.1.jar:?]
	at org.apache.hadoop.ipc.Server$RpcCall.run(Server.java:963) [hadoop-common-3.3.1.jar:?]
	at java.security.AccessController.doPrivileged(Native Method) ~[?:1.8.0_332]
	at javax.security.auth.Subject.doAs(Subject.java:422) [?:1.8.0_332]
	at org.apache.hadoop.security.UserGroupInformation.doAs(UserGroupInformation.java:1878) [hadoop-common-3.3.1.jar:?]
	at org.apache.hadoop.ipc.Server$Handler.run(Server.java:2966) [hadoop-common-3.3.1.jar:?]
23:49:35.039 [IPC Server handler 1 on default port 33165] ERROR OMAudit - user=runner | ip=127.0.0.1 | op=GET_FILE_STATUS {volume=volume99794, bucket=bucket10019, key=testBatchDelete/parent/childFolder/child7, dataSize=0, replicationConfig=null} | ret=FAILURE
org.apache.hadoop.ozone.om.exceptions.OMException: Unable to get file status: volume: volume99794 bucket: bucket10019 key: testBatchDelete/parent/childFolder/child7
	at org.apache.hadoop.ozone.om.KeyManagerImpl.getOzoneFileStatus(KeyManagerImpl.java:1311) ~[ozone-manager-1.3.0-SNAPSHOT.jar:?]
	at org.apache.hadoop.ozone.om.KeyManagerImpl.getFileStatus(KeyManagerImpl.java:1241) ~[ozone-manager-1.3.0-SNAPSHOT.jar:?]
	at org.apache.hadoop.ozone.om.OzoneManager.getFileStatus(OzoneManager.java:3419) ~[ozone-manager-1.3.0-SNAPSHOT.jar:?]
	at org.apache.hadoop.ozone.protocolPB.OzoneManagerRequestHandler.getOzoneFileStatus(OzoneManagerRequestHandler.java:871) ~[ozone-manager-1.3.0-SNAPSHOT.jar:?]
	at org.apache.hadoop.ozone.protocolPB.OzoneManagerRequestHandler.handleReadRequest(OzoneManagerRequestHandler.java:217) ~[ozone-manager-1.3.0-SNAPSHOT.jar:?]
	at org.apache.hadoop.ozone.protocolPB.OzoneManagerProtocolServerSideTranslatorPB.submitReadRequestToOM(OzoneManagerProtocolServerSideTranslatorPB.java:226) ~[ozone-manager-1.3.0-SNAPSHOT.jar:?]
	at org.apache.hadoop.ozone.protocolPB.OzoneManagerProtocolServerSideTranslatorPB.processRequest(OzoneManagerProtocolServerSideTranslatorPB.java:175) ~[ozone-manager-1.3.0-SNAPSHOT.jar:?]
	at org.apache.hadoop.hdds.server.OzoneProtocolMessageDispatcher.processRequest(OzoneProtocolMessageDispatcher.java:87) [hdds-server-framework-1.3.0-SNAPSHOT.jar:?]
	at org.apache.hadoop.ozone.protocolPB.OzoneManagerProtocolServerSideTranslatorPB.submitRequest(OzoneManagerProtocolServerSideTranslatorPB.java:147) [ozone-manager-1.3.0-SNAPSHOT.jar:?]
	at org.apache.hadoop.ozone.protocol.proto.OzoneManagerProtocolProtos$OzoneManagerService$2.callBlockingMethod(OzoneManagerProtocolProtos.java) [ozone-interface-client-1.3.0-SNAPSHOT.jar:?]
	at org.apache.hadoop.ipc.ProtobufRpcEngine$Server.processCall(ProtobufRpcEngine.java:466) [hadoop-common-3.3.1.jar:?]
	at org.apache.hadoop.ipc.ProtobufRpcEngine2$Server$ProtoBufRpcInvoker.call(ProtobufRpcEngine2.java:574) [hadoop-common-3.3.1.jar:?]
	at org.apache.hadoop.ipc.ProtobufRpcEngine2$Server$ProtoBufRpcInvoker.call(ProtobufRpcEngine2.java:552) [hadoop-common-3.3.1.jar:?]
	at org.apache.hadoop.ipc.RPC$Server.call(RPC.java:1093) [hadoop-common-3.3.1.jar:?]
	at org.apache.hadoop.ipc.Server$RpcCall.run(Server.java:1035) [hadoop-common-3.3.1.jar:?]
	at org.apache.hadoop.ipc.Server$RpcCall.run(Server.java:963) [hadoop-common-3.3.1.jar:?]
	at java.security.AccessController.doPrivileged(Native Method) ~[?:1.8.0_332]
	at javax.security.auth.Subject.doAs(Subject.java:422) [?:1.8.0_332]
	at org.apache.hadoop.security.UserGroupInformation.doAs(UserGroupInformation.java:1878) [hadoop-common-3.3.1.jar:?]
	at org.apache.hadoop.ipc.Server$Handler.run(Server.java:2966) [hadoop-common-3.3.1.jar:?]
23:49:35.040 [IPC Server handler 19 on default port 33165] ERROR OMAudit - user=runner | ip=127.0.0.1 | op=GET_FILE_STATUS {volume=volume99794, bucket=bucket10019, key=testBatchDelete/parent, dataSize=0, replicationConfig=null} | ret=FAILURE
org.apache.hadoop.ozone.om.exceptions.OMException: Unable to get file status: volume: volume99794 bucket: bucket10019 key: testBatchDelete/parent
	at org.apache.hadoop.ozone.om.KeyManagerImpl.getOzoneFileStatus(KeyManagerImpl.java:1311) ~[ozone-manager-1.3.0-SNAPSHOT.jar:?]
	at org.apache.hadoop.ozone.om.KeyManagerImpl.getFileStatus(KeyManagerImpl.java:1241) ~[ozone-manager-1.3.0-SNAPSHOT.jar:?]
	at org.apache.hadoop.ozone.om.OzoneManager.getFileStatus(OzoneManager.java:3419) ~[ozone-manager-1.3.0-SNAPSHOT.jar:?]
	at org.apache.hadoop.ozone.protocolPB.OzoneManagerRequestHandler.getOzoneFileStatus(OzoneManagerRequestHandler.java:871) ~[ozone-manager-1.3.0-SNAPSHOT.jar:?]
	at org.apache.hadoop.ozone.protocolPB.OzoneManagerRequestHandler.handleReadRequest(OzoneManagerRequestHandler.java:217) ~[ozone-manager-1.3.0-SNAPSHOT.jar:?]
	at org.apache.hadoop.ozone.protocolPB.OzoneManagerProtocolServerSideTranslatorPB.submitReadRequestToOM(OzoneManagerProtocolServerSideTranslatorPB.java:226) ~[ozone-manager-1.3.0-SNAPSHOT.jar:?]
	at org.apache.hadoop.ozone.protocolPB.OzoneManagerProtocolServerSideTranslatorPB.processRequest(OzoneManagerProtocolServerSideTranslatorPB.java:175) ~[ozone-manager-1.3.0-SNAPSHOT.jar:?]
	at org.apache.hadoop.hdds.server.OzoneProtocolMessageDispatcher.processRequest(OzoneProtocolMessageDispatcher.java:87) [hdds-server-framework-1.3.0-SNAPSHOT.jar:?]
	at org.apache.hadoop.ozone.protocolPB.OzoneManagerProtocolServerSideTranslatorPB.submitRequest(OzoneManagerProtocolServerSideTranslatorPB.java:147) [ozone-manager-1.3.0-SNAPSHOT.jar:?]
	at org.apache.hadoop.ozone.protocol.proto.OzoneManagerProtocolProtos$OzoneManagerService$2.callBlockingMethod(OzoneManagerProtocolProtos.java) [ozone-interface-client-1.3.0-SNAPSHOT.jar:?]
	at org.apache.hadoop.ipc.ProtobufRpcEngine$Server.processCall(ProtobufRpcEngine.java:466) [hadoop-common-3.3.1.jar:?]
	at org.apache.hadoop.ipc.ProtobufRpcEngine2$Server$ProtoBufRpcInvoker.call(ProtobufRpcEngine2.java:574) [hadoop-common-3.3.1.jar:?]
	at org.apache.hadoop.ipc.ProtobufRpcEngine2$Server$ProtoBufRpcInvoker.call(ProtobufRpcEngine2.java:552) [hadoop-common-3.3.1.jar:?]
	at org.apache.hadoop.ipc.RPC$Server.call(RPC.java:1093) [hadoop-common-3.3.1.jar:?]
	at org.apache.hadoop.ipc.Server$RpcCall.run(Server.java:1035) [hadoop-common-3.3.1.jar:?]
	at org.apache.hadoop.ipc.Server$RpcCall.run(Server.java:963) [hadoop-common-3.3.1.jar:?]
	at java.security.AccessController.doPrivileged(Native Method) ~[?:1.8.0_332]
	at javax.security.auth.Subject.doAs(Subject.java:422) [?:1.8.0_332]
	at org.apache.hadoop.security.UserGroupInformation.doAs(UserGroupInformation.java:1878) [hadoop-common-3.3.1.jar:?]
	at org.apache.hadoop.ipc.Server$Handler.run(Server.java:2966) [hadoop-common-3.3.1.jar:?]
2022-06-24 23:49:35,040 [Time-limited test] WARN  ozone.BasicOzoneFileSystem (BasicOzoneFileSystem.java:delete(532)) - delete: Path does not exist: /testBatchDelete/parent
]]></system-out>
  </testcase>
  <testcase name="testFileDelete" classname="TestOzoneFileSystem" time="0.163">
    <system-out><![CDATA[23:50:48.435 [IPC Server handler 14 on default port 33563] ERROR OMAudit - user=runner | ip=127.0.0.1 | op=GET_FILE_STATUS {volume=volume50176, bucket=bucket31866, key=testBatchDelete, dataSize=0, replicationConfig=null} | ret=FAILURE
org.apache.hadoop.ozone.om.exceptions.OMException: Unable to get file status: volume: volume50176 bucket: bucket31866 key: testBatchDelete
	at org.apache.hadoop.ozone.om.KeyManagerImpl.getOzoneFileStatus(KeyManagerImpl.java:1311) ~[ozone-manager-1.3.0-SNAPSHOT.jar:?]
	at org.apache.hadoop.ozone.om.KeyManagerImpl.getFileStatus(KeyManagerImpl.java:1241) ~[ozone-manager-1.3.0-SNAPSHOT.jar:?]
	at org.apache.hadoop.ozone.om.OzoneManager.getFileStatus(OzoneManager.java:3419) ~[ozone-manager-1.3.0-SNAPSHOT.jar:?]
	at org.apache.hadoop.ozone.protocolPB.OzoneManagerRequestHandler.getOzoneFileStatus(OzoneManagerRequestHandler.java:871) ~[ozone-manager-1.3.0-SNAPSHOT.jar:?]
	at org.apache.hadoop.ozone.protocolPB.OzoneManagerRequestHandler.handleReadRequest(OzoneManagerRequestHandler.java:217) ~[ozone-manager-1.3.0-SNAPSHOT.jar:?]
	at org.apache.hadoop.ozone.protocolPB.OzoneManagerProtocolServerSideTranslatorPB.submitRequestDirectlyToOM(OzoneManagerProtocolServerSideTranslatorPB.java:276) ~[ozone-manager-1.3.0-SNAPSHOT.jar:?]
	at org.apache.hadoop.ozone.protocolPB.OzoneManagerProtocolServerSideTranslatorPB.processRequest(OzoneManagerProtocolServerSideTranslatorPB.java:205) ~[ozone-manager-1.3.0-SNAPSHOT.jar:?]
	at org.apache.hadoop.hdds.server.OzoneProtocolMessageDispatcher.processRequest(OzoneProtocolMessageDispatcher.java:87) [hdds-server-framework-1.3.0-SNAPSHOT.jar:?]
	at org.apache.hadoop.ozone.protocolPB.OzoneManagerProtocolServerSideTranslatorPB.submitRequest(OzoneManagerProtocolServerSideTranslatorPB.java:147) [ozone-manager-1.3.0-SNAPSHOT.jar:?]
	at org.apache.hadoop.ozone.protocol.proto.OzoneManagerProtocolProtos$OzoneManagerService$2.callBlockingMethod(OzoneManagerProtocolProtos.java) [ozone-interface-client-1.3.0-SNAPSHOT.jar:?]
	at org.apache.hadoop.ipc.ProtobufRpcEngine$Server.processCall(ProtobufRpcEngine.java:466) [hadoop-common-3.3.1.jar:?]
	at org.apache.hadoop.ipc.ProtobufRpcEngine2$Server$ProtoBufRpcInvoker.call(ProtobufRpcEngine2.java:574) [hadoop-common-3.3.1.jar:?]
	at org.apache.hadoop.ipc.ProtobufRpcEngine2$Server$ProtoBufRpcInvoker.call(ProtobufRpcEngine2.java:552) [hadoop-common-3.3.1.jar:?]
	at org.apache.hadoop.ipc.RPC$Server.call(RPC.java:1093) [hadoop-common-3.3.1.jar:?]
	at org.apache.hadoop.ipc.Server$RpcCall.run(Server.java:1035) [hadoop-common-3.3.1.jar:?]
	at org.apache.hadoop.ipc.Server$RpcCall.run(Server.java:963) [hadoop-common-3.3.1.jar:?]
	at java.security.AccessController.doPrivileged(Native Method) ~[?:1.8.0_332]
	at javax.security.auth.Subject.doAs(Subject.java:422) [?:1.8.0_332]
	at org.apache.hadoop.security.UserGroupInformation.doAs(UserGroupInformation.java:1878) [hadoop-common-3.3.1.jar:?]
	at org.apache.hadoop.ipc.Server$Handler.run(Server.java:2966) [hadoop-common-3.3.1.jar:?]
23:50:48.436 [IPC Server handler 0 on default port 33563] ERROR OMAudit - user=runner | ip=127.0.0.1 | op=GET_FILE_STATUS {volume=volume50176, bucket=bucket31866, key=testBatchDelete/parent/child0, dataSize=0, replicationConfig=null} | ret=FAILURE
org.apache.hadoop.ozone.om.exceptions.OMException: Unable to get file status: volume: volume50176 bucket: bucket31866 key: testBatchDelete/parent/child0
	at org.apache.hadoop.ozone.om.KeyManagerImpl.getOzoneFileStatus(KeyManagerImpl.java:1311) ~[ozone-manager-1.3.0-SNAPSHOT.jar:?]
	at org.apache.hadoop.ozone.om.KeyManagerImpl.getFileStatus(KeyManagerImpl.java:1241) ~[ozone-manager-1.3.0-SNAPSHOT.jar:?]
	at org.apache.hadoop.ozone.om.OzoneManager.getFileStatus(OzoneManager.java:3419) ~[ozone-manager-1.3.0-SNAPSHOT.jar:?]
	at org.apache.hadoop.ozone.protocolPB.OzoneManagerRequestHandler.getOzoneFileStatus(OzoneManagerRequestHandler.java:871) ~[ozone-manager-1.3.0-SNAPSHOT.jar:?]
	at org.apache.hadoop.ozone.protocolPB.OzoneManagerRequestHandler.handleReadRequest(OzoneManagerRequestHandler.java:217) ~[ozone-manager-1.3.0-SNAPSHOT.jar:?]
	at org.apache.hadoop.ozone.protocolPB.OzoneManagerProtocolServerSideTranslatorPB.submitRequestDirectlyToOM(OzoneManagerProtocolServerSideTranslatorPB.java:276) ~[ozone-manager-1.3.0-SNAPSHOT.jar:?]
	at org.apache.hadoop.ozone.protocolPB.OzoneManagerProtocolServerSideTranslatorPB.processRequest(OzoneManagerProtocolServerSideTranslatorPB.java:205) ~[ozone-manager-1.3.0-SNAPSHOT.jar:?]
	at org.apache.hadoop.hdds.server.OzoneProtocolMessageDispatcher.processRequest(OzoneProtocolMessageDispatcher.java:87) [hdds-server-framework-1.3.0-SNAPSHOT.jar:?]
	at org.apache.hadoop.ozone.protocolPB.OzoneManagerProtocolServerSideTranslatorPB.submitRequest(OzoneManagerProtocolServerSideTranslatorPB.java:147) [ozone-manager-1.3.0-SNAPSHOT.jar:?]
	at org.apache.hadoop.ozone.protocol.proto.OzoneManagerProtocolProtos$OzoneManagerService$2.callBlockingMethod(OzoneManagerProtocolProtos.java) [ozone-interface-client-1.3.0-SNAPSHOT.jar:?]
	at org.apache.hadoop.ipc.ProtobufRpcEngine$Server.processCall(ProtobufRpcEngine.java:466) [hadoop-common-3.3.1.jar:?]
	at org.apache.hadoop.ipc.ProtobufRpcEngine2$Server$ProtoBufRpcInvoker.call(ProtobufRpcEngine2.java:574) [hadoop-common-3.3.1.jar:?]
	at org.apache.hadoop.ipc.ProtobufRpcEngine2$Server$ProtoBufRpcInvoker.call(ProtobufRpcEngine2.java:552) [hadoop-common-3.3.1.jar:?]
	at org.apache.hadoop.ipc.RPC$Server.call(RPC.java:1093) [hadoop-common-3.3.1.jar:?]
	at org.apache.hadoop.ipc.Server$RpcCall.run(Server.java:1035) [hadoop-common-3.3.1.jar:?]
	at org.apache.hadoop.ipc.Server$RpcCall.run(Server.java:963) [hadoop-common-3.3.1.jar:?]
	at java.security.AccessController.doPrivileged(Native Method) ~[?:1.8.0_332]
	at javax.security.auth.Subject.doAs(Subject.java:422) [?:1.8.0_332]
	at org.apache.hadoop.security.UserGroupInformation.doAs(UserGroupInformation.java:1878) [hadoop-common-3.3.1.jar:?]
	at org.apache.hadoop.ipc.Server$Handler.run(Server.java:2966) [hadoop-common-3.3.1.jar:?]
23:50:48.437 [IPC Server handler 5 on default port 33563] ERROR OMAudit - user=runner | ip=127.0.0.1 | op=GET_FILE_STATUS {volume=volume50176, bucket=bucket31866, key=testBatchDelete/parent/childFolder/child0, dataSize=0, replicationConfig=null} | ret=FAILURE
org.apache.hadoop.ozone.om.exceptions.OMException: Unable to get file status: volume: volume50176 bucket: bucket31866 key: testBatchDelete/parent/childFolder/child0
	at org.apache.hadoop.ozone.om.KeyManagerImpl.getOzoneFileStatus(KeyManagerImpl.java:1311) ~[ozone-manager-1.3.0-SNAPSHOT.jar:?]
	at org.apache.hadoop.ozone.om.KeyManagerImpl.getFileStatus(KeyManagerImpl.java:1241) ~[ozone-manager-1.3.0-SNAPSHOT.jar:?]
	at org.apache.hadoop.ozone.om.OzoneManager.getFileStatus(OzoneManager.java:3419) ~[ozone-manager-1.3.0-SNAPSHOT.jar:?]
	at org.apache.hadoop.ozone.protocolPB.OzoneManagerRequestHandler.getOzoneFileStatus(OzoneManagerRequestHandler.java:871) ~[ozone-manager-1.3.0-SNAPSHOT.jar:?]
	at org.apache.hadoop.ozone.protocolPB.OzoneManagerRequestHandler.handleReadRequest(OzoneManagerRequestHandler.java:217) ~[ozone-manager-1.3.0-SNAPSHOT.jar:?]
	at org.apache.hadoop.ozone.protocolPB.OzoneManagerProtocolServerSideTranslatorPB.submitRequestDirectlyToOM(OzoneManagerProtocolServerSideTranslatorPB.java:276) ~[ozone-manager-1.3.0-SNAPSHOT.jar:?]
	at org.apache.hadoop.ozone.protocolPB.OzoneManagerProtocolServerSideTranslatorPB.processRequest(OzoneManagerProtocolServerSideTranslatorPB.java:205) ~[ozone-manager-1.3.0-SNAPSHOT.jar:?]
	at org.apache.hadoop.hdds.server.OzoneProtocolMessageDispatcher.processRequest(OzoneProtocolMessageDispatcher.java:87) [hdds-server-framework-1.3.0-SNAPSHOT.jar:?]
	at org.apache.hadoop.ozone.protocolPB.OzoneManagerProtocolServerSideTranslatorPB.submitRequest(OzoneManagerProtocolServerSideTranslatorPB.java:147) [ozone-manager-1.3.0-SNAPSHOT.jar:?]
	at org.apache.hadoop.ozone.protocol.proto.OzoneManagerProtocolProtos$OzoneManagerService$2.callBlockingMethod(OzoneManagerProtocolProtos.java) [ozone-interface-client-1.3.0-SNAPSHOT.jar:?]
	at org.apache.hadoop.ipc.ProtobufRpcEngine$Server.processCall(ProtobufRpcEngine.java:466) [hadoop-common-3.3.1.jar:?]
	at org.apache.hadoop.ipc.ProtobufRpcEngine2$Server$ProtoBufRpcInvoker.call(ProtobufRpcEngine2.java:574) [hadoop-common-3.3.1.jar:?]
	at org.apache.hadoop.ipc.ProtobufRpcEngine2$Server$ProtoBufRpcInvoker.call(ProtobufRpcEngine2.java:552) [hadoop-common-3.3.1.jar:?]
	at org.apache.hadoop.ipc.RPC$Server.call(RPC.java:1093) [hadoop-common-3.3.1.jar:?]
	at org.apache.hadoop.ipc.Server$RpcCall.run(Server.java:1035) [hadoop-common-3.3.1.jar:?]
	at org.apache.hadoop.ipc.Server$RpcCall.run(Server.java:963) [hadoop-common-3.3.1.jar:?]
	at java.security.AccessController.doPrivileged(Native Method) ~[?:1.8.0_332]
	at javax.security.auth.Subject.doAs(Subject.java:422) [?:1.8.0_332]
	at org.apache.hadoop.security.UserGroupInformation.doAs(UserGroupInformation.java:1878) [hadoop-common-3.3.1.jar:?]
	at org.apache.hadoop.ipc.Server$Handler.run(Server.java:2966) [hadoop-common-3.3.1.jar:?]
23:50:48.439 [IPC Server handler 3 on default port 33563] ERROR OMAudit - user=runner | ip=127.0.0.1 | op=GET_FILE_STATUS {volume=volume50176, bucket=bucket31866, key=testBatchDelete/parent/child1, dataSize=0, replicationConfig=null} | ret=FAILURE
org.apache.hadoop.ozone.om.exceptions.OMException: Unable to get file status: volume: volume50176 bucket: bucket31866 key: testBatchDelete/parent/child1
	at org.apache.hadoop.ozone.om.KeyManagerImpl.getOzoneFileStatus(KeyManagerImpl.java:1311) ~[ozone-manager-1.3.0-SNAPSHOT.jar:?]
	at org.apache.hadoop.ozone.om.KeyManagerImpl.getFileStatus(KeyManagerImpl.java:1241) ~[ozone-manager-1.3.0-SNAPSHOT.jar:?]
	at org.apache.hadoop.ozone.om.OzoneManager.getFileStatus(OzoneManager.java:3419) ~[ozone-manager-1.3.0-SNAPSHOT.jar:?]
	at org.apache.hadoop.ozone.protocolPB.OzoneManagerRequestHandler.getOzoneFileStatus(OzoneManagerRequestHandler.java:871) ~[ozone-manager-1.3.0-SNAPSHOT.jar:?]
	at org.apache.hadoop.ozone.protocolPB.OzoneManagerRequestHandler.handleReadRequest(OzoneManagerRequestHandler.java:217) ~[ozone-manager-1.3.0-SNAPSHOT.jar:?]
	at org.apache.hadoop.ozone.protocolPB.OzoneManagerProtocolServerSideTranslatorPB.submitRequestDirectlyToOM(OzoneManagerProtocolServerSideTranslatorPB.java:276) ~[ozone-manager-1.3.0-SNAPSHOT.jar:?]
	at org.apache.hadoop.ozone.protocolPB.OzoneManagerProtocolServerSideTranslatorPB.processRequest(OzoneManagerProtocolServerSideTranslatorPB.java:205) ~[ozone-manager-1.3.0-SNAPSHOT.jar:?]
	at org.apache.hadoop.hdds.server.OzoneProtocolMessageDispatcher.processRequest(OzoneProtocolMessageDispatcher.java:87) [hdds-server-framework-1.3.0-SNAPSHOT.jar:?]
	at org.apache.hadoop.ozone.protocolPB.OzoneManagerProtocolServerSideTranslatorPB.submitRequest(OzoneManagerProtocolServerSideTranslatorPB.java:147) [ozone-manager-1.3.0-SNAPSHOT.jar:?]
	at org.apache.hadoop.ozone.protocol.proto.OzoneManagerProtocolProtos$OzoneManagerService$2.callBlockingMethod(OzoneManagerProtocolProtos.java) [ozone-interface-client-1.3.0-SNAPSHOT.jar:?]
	at org.apache.hadoop.ipc.ProtobufRpcEngine$Server.processCall(ProtobufRpcEngine.java:466) [hadoop-common-3.3.1.jar:?]
	at org.apache.hadoop.ipc.ProtobufRpcEngine2$Server$ProtoBufRpcInvoker.call(ProtobufRpcEngine2.java:574) [hadoop-common-3.3.1.jar:?]
	at org.apache.hadoop.ipc.ProtobufRpcEngine2$Server$ProtoBufRpcInvoker.call(ProtobufRpcEngine2.java:552) [hadoop-common-3.3.1.jar:?]
	at org.apache.hadoop.ipc.RPC$Server.call(RPC.java:1093) [hadoop-common-3.3.1.jar:?]
	at org.apache.hadoop.ipc.Server$RpcCall.run(Server.java:1035) [hadoop-common-3.3.1.jar:?]
	at org.apache.hadoop.ipc.Server$RpcCall.run(Server.java:963) [hadoop-common-3.3.1.jar:?]
	at java.security.AccessController.doPrivileged(Native Method) ~[?:1.8.0_332]
	at javax.security.auth.Subject.doAs(Subject.java:422) [?:1.8.0_332]
	at org.apache.hadoop.security.UserGroupInformation.doAs(UserGroupInformation.java:1878) [hadoop-common-3.3.1.jar:?]
	at org.apache.hadoop.ipc.Server$Handler.run(Server.java:2966) [hadoop-common-3.3.1.jar:?]
23:50:48.439 [IPC Server handler 4 on default port 33563] ERROR OMAudit - user=runner | ip=127.0.0.1 | op=GET_FILE_STATUS {volume=volume50176, bucket=bucket31866, key=testBatchDelete/parent/childFolder/child1, dataSize=0, replicationConfig=null} | ret=FAILURE
org.apache.hadoop.ozone.om.exceptions.OMException: Unable to get file status: volume: volume50176 bucket: bucket31866 key: testBatchDelete/parent/childFolder/child1
	at org.apache.hadoop.ozone.om.KeyManagerImpl.getOzoneFileStatus(KeyManagerImpl.java:1311) ~[ozone-manager-1.3.0-SNAPSHOT.jar:?]
	at org.apache.hadoop.ozone.om.KeyManagerImpl.getFileStatus(KeyManagerImpl.java:1241) ~[ozone-manager-1.3.0-SNAPSHOT.jar:?]
	at org.apache.hadoop.ozone.om.OzoneManager.getFileStatus(OzoneManager.java:3419) ~[ozone-manager-1.3.0-SNAPSHOT.jar:?]
	at org.apache.hadoop.ozone.protocolPB.OzoneManagerRequestHandler.getOzoneFileStatus(OzoneManagerRequestHandler.java:871) ~[ozone-manager-1.3.0-SNAPSHOT.jar:?]
	at org.apache.hadoop.ozone.protocolPB.OzoneManagerRequestHandler.handleReadRequest(OzoneManagerRequestHandler.java:217) ~[ozone-manager-1.3.0-SNAPSHOT.jar:?]
	at org.apache.hadoop.ozone.protocolPB.OzoneManagerProtocolServerSideTranslatorPB.submitRequestDirectlyToOM(OzoneManagerProtocolServerSideTranslatorPB.java:276) ~[ozone-manager-1.3.0-SNAPSHOT.jar:?]
	at org.apache.hadoop.ozone.protocolPB.OzoneManagerProtocolServerSideTranslatorPB.processRequest(OzoneManagerProtocolServerSideTranslatorPB.java:205) ~[ozone-manager-1.3.0-SNAPSHOT.jar:?]
	at org.apache.hadoop.hdds.server.OzoneProtocolMessageDispatcher.processRequest(OzoneProtocolMessageDispatcher.java:87) [hdds-server-framework-1.3.0-SNAPSHOT.jar:?]
	at org.apache.hadoop.ozone.protocolPB.OzoneManagerProtocolServerSideTranslatorPB.submitRequest(OzoneManagerProtocolServerSideTranslatorPB.java:147) [ozone-manager-1.3.0-SNAPSHOT.jar:?]
	at org.apache.hadoop.ozone.protocol.proto.OzoneManagerProtocolProtos$OzoneManagerService$2.callBlockingMethod(OzoneManagerProtocolProtos.java) [ozone-interface-client-1.3.0-SNAPSHOT.jar:?]
	at org.apache.hadoop.ipc.ProtobufRpcEngine$Server.processCall(ProtobufRpcEngine.java:466) [hadoop-common-3.3.1.jar:?]
	at org.apache.hadoop.ipc.ProtobufRpcEngine2$Server$ProtoBufRpcInvoker.call(ProtobufRpcEngine2.java:574) [hadoop-common-3.3.1.jar:?]
	at org.apache.hadoop.ipc.ProtobufRpcEngine2$Server$ProtoBufRpcInvoker.call(ProtobufRpcEngine2.java:552) [hadoop-common-3.3.1.jar:?]
	at org.apache.hadoop.ipc.RPC$Server.call(RPC.java:1093) [hadoop-common-3.3.1.jar:?]
	at org.apache.hadoop.ipc.Server$RpcCall.run(Server.java:1035) [hadoop-common-3.3.1.jar:?]
	at org.apache.hadoop.ipc.Server$RpcCall.run(Server.java:963) [hadoop-common-3.3.1.jar:?]
	at java.security.AccessController.doPrivileged(Native Method) ~[?:1.8.0_332]
	at javax.security.auth.Subject.doAs(Subject.java:422) [?:1.8.0_332]
	at org.apache.hadoop.security.UserGroupInformation.doAs(UserGroupInformation.java:1878) [hadoop-common-3.3.1.jar:?]
	at org.apache.hadoop.ipc.Server$Handler.run(Server.java:2966) [hadoop-common-3.3.1.jar:?]
23:50:48.440 [IPC Server handler 2 on default port 33563] ERROR OMAudit - user=runner | ip=127.0.0.1 | op=GET_FILE_STATUS {volume=volume50176, bucket=bucket31866, key=testBatchDelete/parent/child2, dataSize=0, replicationConfig=null} | ret=FAILURE
org.apache.hadoop.ozone.om.exceptions.OMException: Unable to get file status: volume: volume50176 bucket: bucket31866 key: testBatchDelete/parent/child2
	at org.apache.hadoop.ozone.om.KeyManagerImpl.getOzoneFileStatus(KeyManagerImpl.java:1311) ~[ozone-manager-1.3.0-SNAPSHOT.jar:?]
	at org.apache.hadoop.ozone.om.KeyManagerImpl.getFileStatus(KeyManagerImpl.java:1241) ~[ozone-manager-1.3.0-SNAPSHOT.jar:?]
	at org.apache.hadoop.ozone.om.OzoneManager.getFileStatus(OzoneManager.java:3419) ~[ozone-manager-1.3.0-SNAPSHOT.jar:?]
	at org.apache.hadoop.ozone.protocolPB.OzoneManagerRequestHandler.getOzoneFileStatus(OzoneManagerRequestHandler.java:871) ~[ozone-manager-1.3.0-SNAPSHOT.jar:?]
	at org.apache.hadoop.ozone.protocolPB.OzoneManagerRequestHandler.handleReadRequest(OzoneManagerRequestHandler.java:217) ~[ozone-manager-1.3.0-SNAPSHOT.jar:?]
	at org.apache.hadoop.ozone.protocolPB.OzoneManagerProtocolServerSideTranslatorPB.submitRequestDirectlyToOM(OzoneManagerProtocolServerSideTranslatorPB.java:276) ~[ozone-manager-1.3.0-SNAPSHOT.jar:?]
	at org.apache.hadoop.ozone.protocolPB.OzoneManagerProtocolServerSideTranslatorPB.processRequest(OzoneManagerProtocolServerSideTranslatorPB.java:205) ~[ozone-manager-1.3.0-SNAPSHOT.jar:?]
	at org.apache.hadoop.hdds.server.OzoneProtocolMessageDispatcher.processRequest(OzoneProtocolMessageDispatcher.java:87) [hdds-server-framework-1.3.0-SNAPSHOT.jar:?]
	at org.apache.hadoop.ozone.protocolPB.OzoneManagerProtocolServerSideTranslatorPB.submitRequest(OzoneManagerProtocolServerSideTranslatorPB.java:147) [ozone-manager-1.3.0-SNAPSHOT.jar:?]
	at org.apache.hadoop.ozone.protocol.proto.OzoneManagerProtocolProtos$OzoneManagerService$2.callBlockingMethod(OzoneManagerProtocolProtos.java) [ozone-interface-client-1.3.0-SNAPSHOT.jar:?]
	at org.apache.hadoop.ipc.ProtobufRpcEngine$Server.processCall(ProtobufRpcEngine.java:466) [hadoop-common-3.3.1.jar:?]
	at org.apache.hadoop.ipc.ProtobufRpcEngine2$Server$ProtoBufRpcInvoker.call(ProtobufRpcEngine2.java:574) [hadoop-common-3.3.1.jar:?]
	at org.apache.hadoop.ipc.ProtobufRpcEngine2$Server$ProtoBufRpcInvoker.call(ProtobufRpcEngine2.java:552) [hadoop-common-3.3.1.jar:?]
	at org.apache.hadoop.ipc.RPC$Server.call(RPC.java:1093) [hadoop-common-3.3.1.jar:?]
	at org.apache.hadoop.ipc.Server$RpcCall.run(Server.java:1035) [hadoop-common-3.3.1.jar:?]
	at org.apache.hadoop.ipc.Server$RpcCall.run(Server.java:963) [hadoop-common-3.3.1.jar:?]
	at java.security.AccessController.doPrivileged(Native Method) ~[?:1.8.0_332]
	at javax.security.auth.Subject.doAs(Subject.java:422) [?:1.8.0_332]
	at org.apache.hadoop.security.UserGroupInformation.doAs(UserGroupInformation.java:1878) [hadoop-common-3.3.1.jar:?]
	at org.apache.hadoop.ipc.Server$Handler.run(Server.java:2966) [hadoop-common-3.3.1.jar:?]
23:50:48.441 [IPC Server handler 1 on default port 33563] ERROR OMAudit - user=runner | ip=127.0.0.1 | op=GET_FILE_STATUS {volume=volume50176, bucket=bucket31866, key=testBatchDelete/parent/childFolder/child2, dataSize=0, replicationConfig=null} | ret=FAILURE
org.apache.hadoop.ozone.om.exceptions.OMException: Unable to get file status: volume: volume50176 bucket: bucket31866 key: testBatchDelete/parent/childFolder/child2
	at org.apache.hadoop.ozone.om.KeyManagerImpl.getOzoneFileStatus(KeyManagerImpl.java:1311) ~[ozone-manager-1.3.0-SNAPSHOT.jar:?]
	at org.apache.hadoop.ozone.om.KeyManagerImpl.getFileStatus(KeyManagerImpl.java:1241) ~[ozone-manager-1.3.0-SNAPSHOT.jar:?]
	at org.apache.hadoop.ozone.om.OzoneManager.getFileStatus(OzoneManager.java:3419) ~[ozone-manager-1.3.0-SNAPSHOT.jar:?]
	at org.apache.hadoop.ozone.protocolPB.OzoneManagerRequestHandler.getOzoneFileStatus(OzoneManagerRequestHandler.java:871) ~[ozone-manager-1.3.0-SNAPSHOT.jar:?]
	at org.apache.hadoop.ozone.protocolPB.OzoneManagerRequestHandler.handleReadRequest(OzoneManagerRequestHandler.java:217) ~[ozone-manager-1.3.0-SNAPSHOT.jar:?]
	at org.apache.hadoop.ozone.protocolPB.OzoneManagerProtocolServerSideTranslatorPB.submitRequestDirectlyToOM(OzoneManagerProtocolServerSideTranslatorPB.java:276) ~[ozone-manager-1.3.0-SNAPSHOT.jar:?]
	at org.apache.hadoop.ozone.protocolPB.OzoneManagerProtocolServerSideTranslatorPB.processRequest(OzoneManagerProtocolServerSideTranslatorPB.java:205) ~[ozone-manager-1.3.0-SNAPSHOT.jar:?]
	at org.apache.hadoop.hdds.server.OzoneProtocolMessageDispatcher.processRequest(OzoneProtocolMessageDispatcher.java:87) [hdds-server-framework-1.3.0-SNAPSHOT.jar:?]
	at org.apache.hadoop.ozone.protocolPB.OzoneManagerProtocolServerSideTranslatorPB.submitRequest(OzoneManagerProtocolServerSideTranslatorPB.java:147) [ozone-manager-1.3.0-SNAPSHOT.jar:?]
	at org.apache.hadoop.ozone.protocol.proto.OzoneManagerProtocolProtos$OzoneManagerService$2.callBlockingMethod(OzoneManagerProtocolProtos.java) [ozone-interface-client-1.3.0-SNAPSHOT.jar:?]
	at org.apache.hadoop.ipc.ProtobufRpcEngine$Server.processCall(ProtobufRpcEngine.java:466) [hadoop-common-3.3.1.jar:?]
	at org.apache.hadoop.ipc.ProtobufRpcEngine2$Server$ProtoBufRpcInvoker.call(ProtobufRpcEngine2.java:574) [hadoop-common-3.3.1.jar:?]
	at org.apache.hadoop.ipc.ProtobufRpcEngine2$Server$ProtoBufRpcInvoker.call(ProtobufRpcEngine2.java:552) [hadoop-common-3.3.1.jar:?]
	at org.apache.hadoop.ipc.RPC$Server.call(RPC.java:1093) [hadoop-common-3.3.1.jar:?]
	at org.apache.hadoop.ipc.Server$RpcCall.run(Server.java:1035) [hadoop-common-3.3.1.jar:?]
	at org.apache.hadoop.ipc.Server$RpcCall.run(Server.java:963) [hadoop-common-3.3.1.jar:?]
	at java.security.AccessController.doPrivileged(Native Method) ~[?:1.8.0_332]
	at javax.security.auth.Subject.doAs(Subject.java:422) [?:1.8.0_332]
	at org.apache.hadoop.security.UserGroupInformation.doAs(UserGroupInformation.java:1878) [hadoop-common-3.3.1.jar:?]
	at org.apache.hadoop.ipc.Server$Handler.run(Server.java:2966) [hadoop-common-3.3.1.jar:?]
23:50:48.443 [IPC Server handler 6 on default port 33563] ERROR OMAudit - user=runner | ip=127.0.0.1 | op=GET_FILE_STATUS {volume=volume50176, bucket=bucket31866, key=testBatchDelete/parent/child3, dataSize=0, replicationConfig=null} | ret=FAILURE
org.apache.hadoop.ozone.om.exceptions.OMException: Unable to get file status: volume: volume50176 bucket: bucket31866 key: testBatchDelete/parent/child3
	at org.apache.hadoop.ozone.om.KeyManagerImpl.getOzoneFileStatus(KeyManagerImpl.java:1311) ~[ozone-manager-1.3.0-SNAPSHOT.jar:?]
	at org.apache.hadoop.ozone.om.KeyManagerImpl.getFileStatus(KeyManagerImpl.java:1241) ~[ozone-manager-1.3.0-SNAPSHOT.jar:?]
	at org.apache.hadoop.ozone.om.OzoneManager.getFileStatus(OzoneManager.java:3419) ~[ozone-manager-1.3.0-SNAPSHOT.jar:?]
	at org.apache.hadoop.ozone.protocolPB.OzoneManagerRequestHandler.getOzoneFileStatus(OzoneManagerRequestHandler.java:871) ~[ozone-manager-1.3.0-SNAPSHOT.jar:?]
	at org.apache.hadoop.ozone.protocolPB.OzoneManagerRequestHandler.handleReadRequest(OzoneManagerRequestHandler.java:217) ~[ozone-manager-1.3.0-SNAPSHOT.jar:?]
	at org.apache.hadoop.ozone.protocolPB.OzoneManagerProtocolServerSideTranslatorPB.submitRequestDirectlyToOM(OzoneManagerProtocolServerSideTranslatorPB.java:276) ~[ozone-manager-1.3.0-SNAPSHOT.jar:?]
	at org.apache.hadoop.ozone.protocolPB.OzoneManagerProtocolServerSideTranslatorPB.processRequest(OzoneManagerProtocolServerSideTranslatorPB.java:205) ~[ozone-manager-1.3.0-SNAPSHOT.jar:?]
	at org.apache.hadoop.hdds.server.OzoneProtocolMessageDispatcher.processRequest(OzoneProtocolMessageDispatcher.java:87) [hdds-server-framework-1.3.0-SNAPSHOT.jar:?]
	at org.apache.hadoop.ozone.protocolPB.OzoneManagerProtocolServerSideTranslatorPB.submitRequest(OzoneManagerProtocolServerSideTranslatorPB.java:147) [ozone-manager-1.3.0-SNAPSHOT.jar:?]
	at org.apache.hadoop.ozone.protocol.proto.OzoneManagerProtocolProtos$OzoneManagerService$2.callBlockingMethod(OzoneManagerProtocolProtos.java) [ozone-interface-client-1.3.0-SNAPSHOT.jar:?]
	at org.apache.hadoop.ipc.ProtobufRpcEngine$Server.processCall(ProtobufRpcEngine.java:466) [hadoop-common-3.3.1.jar:?]
	at org.apache.hadoop.ipc.ProtobufRpcEngine2$Server$ProtoBufRpcInvoker.call(ProtobufRpcEngine2.java:574) [hadoop-common-3.3.1.jar:?]
	at org.apache.hadoop.ipc.ProtobufRpcEngine2$Server$ProtoBufRpcInvoker.call(ProtobufRpcEngine2.java:552) [hadoop-common-3.3.1.jar:?]
	at org.apache.hadoop.ipc.RPC$Server.call(RPC.java:1093) [hadoop-common-3.3.1.jar:?]
	at org.apache.hadoop.ipc.Server$RpcCall.run(Server.java:1035) [hadoop-common-3.3.1.jar:?]
	at org.apache.hadoop.ipc.Server$RpcCall.run(Server.java:963) [hadoop-common-3.3.1.jar:?]
	at java.security.AccessController.doPrivileged(Native Method) ~[?:1.8.0_332]
	at javax.security.auth.Subject.doAs(Subject.java:422) [?:1.8.0_332]
	at org.apache.hadoop.security.UserGroupInformation.doAs(UserGroupInformation.java:1878) [hadoop-common-3.3.1.jar:?]
	at org.apache.hadoop.ipc.Server$Handler.run(Server.java:2966) [hadoop-common-3.3.1.jar:?]
23:50:48.443 [IPC Server handler 9 on default port 33563] ERROR OMAudit - user=runner | ip=127.0.0.1 | op=GET_FILE_STATUS {volume=volume50176, bucket=bucket31866, key=testBatchDelete/parent/childFolder/child3, dataSize=0, replicationConfig=null} | ret=FAILURE
org.apache.hadoop.ozone.om.exceptions.OMException: Unable to get file status: volume: volume50176 bucket: bucket31866 key: testBatchDelete/parent/childFolder/child3
	at org.apache.hadoop.ozone.om.KeyManagerImpl.getOzoneFileStatus(KeyManagerImpl.java:1311) ~[ozone-manager-1.3.0-SNAPSHOT.jar:?]
	at org.apache.hadoop.ozone.om.KeyManagerImpl.getFileStatus(KeyManagerImpl.java:1241) ~[ozone-manager-1.3.0-SNAPSHOT.jar:?]
	at org.apache.hadoop.ozone.om.OzoneManager.getFileStatus(OzoneManager.java:3419) ~[ozone-manager-1.3.0-SNAPSHOT.jar:?]
	at org.apache.hadoop.ozone.protocolPB.OzoneManagerRequestHandler.getOzoneFileStatus(OzoneManagerRequestHandler.java:871) ~[ozone-manager-1.3.0-SNAPSHOT.jar:?]
	at org.apache.hadoop.ozone.protocolPB.OzoneManagerRequestHandler.handleReadRequest(OzoneManagerRequestHandler.java:217) ~[ozone-manager-1.3.0-SNAPSHOT.jar:?]
	at org.apache.hadoop.ozone.protocolPB.OzoneManagerProtocolServerSideTranslatorPB.submitRequestDirectlyToOM(OzoneManagerProtocolServerSideTranslatorPB.java:276) ~[ozone-manager-1.3.0-SNAPSHOT.jar:?]
	at org.apache.hadoop.ozone.protocolPB.OzoneManagerProtocolServerSideTranslatorPB.processRequest(OzoneManagerProtocolServerSideTranslatorPB.java:205) ~[ozone-manager-1.3.0-SNAPSHOT.jar:?]
	at org.apache.hadoop.hdds.server.OzoneProtocolMessageDispatcher.processRequest(OzoneProtocolMessageDispatcher.java:87) [hdds-server-framework-1.3.0-SNAPSHOT.jar:?]
	at org.apache.hadoop.ozone.protocolPB.OzoneManagerProtocolServerSideTranslatorPB.submitRequest(OzoneManagerProtocolServerSideTranslatorPB.java:147) [ozone-manager-1.3.0-SNAPSHOT.jar:?]
	at org.apache.hadoop.ozone.protocol.proto.OzoneManagerProtocolProtos$OzoneManagerService$2.callBlockingMethod(OzoneManagerProtocolProtos.java) [ozone-interface-client-1.3.0-SNAPSHOT.jar:?]
	at org.apache.hadoop.ipc.ProtobufRpcEngine$Server.processCall(ProtobufRpcEngine.java:466) [hadoop-common-3.3.1.jar:?]
	at org.apache.hadoop.ipc.ProtobufRpcEngine2$Server$ProtoBufRpcInvoker.call(ProtobufRpcEngine2.java:574) [hadoop-common-3.3.1.jar:?]
	at org.apache.hadoop.ipc.ProtobufRpcEngine2$Server$ProtoBufRpcInvoker.call(ProtobufRpcEngine2.java:552) [hadoop-common-3.3.1.jar:?]
	at org.apache.hadoop.ipc.RPC$Server.call(RPC.java:1093) [hadoop-common-3.3.1.jar:?]
	at org.apache.hadoop.ipc.Server$RpcCall.run(Server.java:1035) [hadoop-common-3.3.1.jar:?]
	at org.apache.hadoop.ipc.Server$RpcCall.run(Server.java:963) [hadoop-common-3.3.1.jar:?]
	at java.security.AccessController.doPrivileged(Native Method) ~[?:1.8.0_332]
	at javax.security.auth.Subject.doAs(Subject.java:422) [?:1.8.0_332]
	at org.apache.hadoop.security.UserGroupInformation.doAs(UserGroupInformation.java:1878) [hadoop-common-3.3.1.jar:?]
	at org.apache.hadoop.ipc.Server$Handler.run(Server.java:2966) [hadoop-common-3.3.1.jar:?]
23:50:48.445 [IPC Server handler 10 on default port 33563] ERROR OMAudit - user=runner | ip=127.0.0.1 | op=GET_FILE_STATUS {volume=volume50176, bucket=bucket31866, key=testBatchDelete/parent/child4, dataSize=0, replicationConfig=null} | ret=FAILURE
org.apache.hadoop.ozone.om.exceptions.OMException: Unable to get file status: volume: volume50176 bucket: bucket31866 key: testBatchDelete/parent/child4
	at org.apache.hadoop.ozone.om.KeyManagerImpl.getOzoneFileStatus(KeyManagerImpl.java:1311) ~[ozone-manager-1.3.0-SNAPSHOT.jar:?]
	at org.apache.hadoop.ozone.om.KeyManagerImpl.getFileStatus(KeyManagerImpl.java:1241) ~[ozone-manager-1.3.0-SNAPSHOT.jar:?]
	at org.apache.hadoop.ozone.om.OzoneManager.getFileStatus(OzoneManager.java:3419) ~[ozone-manager-1.3.0-SNAPSHOT.jar:?]
	at org.apache.hadoop.ozone.protocolPB.OzoneManagerRequestHandler.getOzoneFileStatus(OzoneManagerRequestHandler.java:871) ~[ozone-manager-1.3.0-SNAPSHOT.jar:?]
	at org.apache.hadoop.ozone.protocolPB.OzoneManagerRequestHandler.handleReadRequest(OzoneManagerRequestHandler.java:217) ~[ozone-manager-1.3.0-SNAPSHOT.jar:?]
	at org.apache.hadoop.ozone.protocolPB.OzoneManagerProtocolServerSideTranslatorPB.submitRequestDirectlyToOM(OzoneManagerProtocolServerSideTranslatorPB.java:276) ~[ozone-manager-1.3.0-SNAPSHOT.jar:?]
	at org.apache.hadoop.ozone.protocolPB.OzoneManagerProtocolServerSideTranslatorPB.processRequest(OzoneManagerProtocolServerSideTranslatorPB.java:205) ~[ozone-manager-1.3.0-SNAPSHOT.jar:?]
	at org.apache.hadoop.hdds.server.OzoneProtocolMessageDispatcher.processRequest(OzoneProtocolMessageDispatcher.java:87) [hdds-server-framework-1.3.0-SNAPSHOT.jar:?]
	at org.apache.hadoop.ozone.protocolPB.OzoneManagerProtocolServerSideTranslatorPB.submitRequest(OzoneManagerProtocolServerSideTranslatorPB.java:147) [ozone-manager-1.3.0-SNAPSHOT.jar:?]
	at org.apache.hadoop.ozone.protocol.proto.OzoneManagerProtocolProtos$OzoneManagerService$2.callBlockingMethod(OzoneManagerProtocolProtos.java) [ozone-interface-client-1.3.0-SNAPSHOT.jar:?]
	at org.apache.hadoop.ipc.ProtobufRpcEngine$Server.processCall(ProtobufRpcEngine.java:466) [hadoop-common-3.3.1.jar:?]
	at org.apache.hadoop.ipc.ProtobufRpcEngine2$Server$ProtoBufRpcInvoker.call(ProtobufRpcEngine2.java:574) [hadoop-common-3.3.1.jar:?]
	at org.apache.hadoop.ipc.ProtobufRpcEngine2$Server$ProtoBufRpcInvoker.call(ProtobufRpcEngine2.java:552) [hadoop-common-3.3.1.jar:?]
	at org.apache.hadoop.ipc.RPC$Server.call(RPC.java:1093) [hadoop-common-3.3.1.jar:?]
	at org.apache.hadoop.ipc.Server$RpcCall.run(Server.java:1035) [hadoop-common-3.3.1.jar:?]
	at org.apache.hadoop.ipc.Server$RpcCall.run(Server.java:963) [hadoop-common-3.3.1.jar:?]
	at java.security.AccessController.doPrivileged(Native Method) ~[?:1.8.0_332]
	at javax.security.auth.Subject.doAs(Subject.java:422) [?:1.8.0_332]
	at org.apache.hadoop.security.UserGroupInformation.doAs(UserGroupInformation.java:1878) [hadoop-common-3.3.1.jar:?]
	at org.apache.hadoop.ipc.Server$Handler.run(Server.java:2966) [hadoop-common-3.3.1.jar:?]
23:50:48.446 [IPC Server handler 8 on default port 33563] ERROR OMAudit - user=runner | ip=127.0.0.1 | op=GET_FILE_STATUS {volume=volume50176, bucket=bucket31866, key=testBatchDelete/parent/childFolder/child4, dataSize=0, replicationConfig=null} | ret=FAILURE
org.apache.hadoop.ozone.om.exceptions.OMException: Unable to get file status: volume: volume50176 bucket: bucket31866 key: testBatchDelete/parent/childFolder/child4
	at org.apache.hadoop.ozone.om.KeyManagerImpl.getOzoneFileStatus(KeyManagerImpl.java:1311) ~[ozone-manager-1.3.0-SNAPSHOT.jar:?]
	at org.apache.hadoop.ozone.om.KeyManagerImpl.getFileStatus(KeyManagerImpl.java:1241) ~[ozone-manager-1.3.0-SNAPSHOT.jar:?]
	at org.apache.hadoop.ozone.om.OzoneManager.getFileStatus(OzoneManager.java:3419) ~[ozone-manager-1.3.0-SNAPSHOT.jar:?]
	at org.apache.hadoop.ozone.protocolPB.OzoneManagerRequestHandler.getOzoneFileStatus(OzoneManagerRequestHandler.java:871) ~[ozone-manager-1.3.0-SNAPSHOT.jar:?]
	at org.apache.hadoop.ozone.protocolPB.OzoneManagerRequestHandler.handleReadRequest(OzoneManagerRequestHandler.java:217) ~[ozone-manager-1.3.0-SNAPSHOT.jar:?]
	at org.apache.hadoop.ozone.protocolPB.OzoneManagerProtocolServerSideTranslatorPB.submitRequestDirectlyToOM(OzoneManagerProtocolServerSideTranslatorPB.java:276) ~[ozone-manager-1.3.0-SNAPSHOT.jar:?]
	at org.apache.hadoop.ozone.protocolPB.OzoneManagerProtocolServerSideTranslatorPB.processRequest(OzoneManagerProtocolServerSideTranslatorPB.java:205) ~[ozone-manager-1.3.0-SNAPSHOT.jar:?]
	at org.apache.hadoop.hdds.server.OzoneProtocolMessageDispatcher.processRequest(OzoneProtocolMessageDispatcher.java:87) [hdds-server-framework-1.3.0-SNAPSHOT.jar:?]
	at org.apache.hadoop.ozone.protocolPB.OzoneManagerProtocolServerSideTranslatorPB.submitRequest(OzoneManagerProtocolServerSideTranslatorPB.java:147) [ozone-manager-1.3.0-SNAPSHOT.jar:?]
	at org.apache.hadoop.ozone.protocol.proto.OzoneManagerProtocolProtos$OzoneManagerService$2.callBlockingMethod(OzoneManagerProtocolProtos.java) [ozone-interface-client-1.3.0-SNAPSHOT.jar:?]
	at org.apache.hadoop.ipc.ProtobufRpcEngine$Server.processCall(ProtobufRpcEngine.java:466) [hadoop-common-3.3.1.jar:?]
	at org.apache.hadoop.ipc.ProtobufRpcEngine2$Server$ProtoBufRpcInvoker.call(ProtobufRpcEngine2.java:574) [hadoop-common-3.3.1.jar:?]
	at org.apache.hadoop.ipc.ProtobufRpcEngine2$Server$ProtoBufRpcInvoker.call(ProtobufRpcEngine2.java:552) [hadoop-common-3.3.1.jar:?]
	at org.apache.hadoop.ipc.RPC$Server.call(RPC.java:1093) [hadoop-common-3.3.1.jar:?]
	at org.apache.hadoop.ipc.Server$RpcCall.run(Server.java:1035) [hadoop-common-3.3.1.jar:?]
	at org.apache.hadoop.ipc.Server$RpcCall.run(Server.java:963) [hadoop-common-3.3.1.jar:?]
	at java.security.AccessController.doPrivileged(Native Method) ~[?:1.8.0_332]
	at javax.security.auth.Subject.doAs(Subject.java:422) [?:1.8.0_332]
	at org.apache.hadoop.security.UserGroupInformation.doAs(UserGroupInformation.java:1878) [hadoop-common-3.3.1.jar:?]
	at org.apache.hadoop.ipc.Server$Handler.run(Server.java:2966) [hadoop-common-3.3.1.jar:?]
23:50:48.446 [IPC Server handler 12 on default port 33563] ERROR OMAudit - user=runner | ip=127.0.0.1 | op=GET_FILE_STATUS {volume=volume50176, bucket=bucket31866, key=testBatchDelete/parent/child5, dataSize=0, replicationConfig=null} | ret=FAILURE
org.apache.hadoop.ozone.om.exceptions.OMException: Unable to get file status: volume: volume50176 bucket: bucket31866 key: testBatchDelete/parent/child5
	at org.apache.hadoop.ozone.om.KeyManagerImpl.getOzoneFileStatus(KeyManagerImpl.java:1311) ~[ozone-manager-1.3.0-SNAPSHOT.jar:?]
	at org.apache.hadoop.ozone.om.KeyManagerImpl.getFileStatus(KeyManagerImpl.java:1241) ~[ozone-manager-1.3.0-SNAPSHOT.jar:?]
	at org.apache.hadoop.ozone.om.OzoneManager.getFileStatus(OzoneManager.java:3419) ~[ozone-manager-1.3.0-SNAPSHOT.jar:?]
	at org.apache.hadoop.ozone.protocolPB.OzoneManagerRequestHandler.getOzoneFileStatus(OzoneManagerRequestHandler.java:871) ~[ozone-manager-1.3.0-SNAPSHOT.jar:?]
	at org.apache.hadoop.ozone.protocolPB.OzoneManagerRequestHandler.handleReadRequest(OzoneManagerRequestHandler.java:217) ~[ozone-manager-1.3.0-SNAPSHOT.jar:?]
	at org.apache.hadoop.ozone.protocolPB.OzoneManagerProtocolServerSideTranslatorPB.submitRequestDirectlyToOM(OzoneManagerProtocolServerSideTranslatorPB.java:276) ~[ozone-manager-1.3.0-SNAPSHOT.jar:?]
	at org.apache.hadoop.ozone.protocolPB.OzoneManagerProtocolServerSideTranslatorPB.processRequest(OzoneManagerProtocolServerSideTranslatorPB.java:205) ~[ozone-manager-1.3.0-SNAPSHOT.jar:?]
	at org.apache.hadoop.hdds.server.OzoneProtocolMessageDispatcher.processRequest(OzoneProtocolMessageDispatcher.java:87) [hdds-server-framework-1.3.0-SNAPSHOT.jar:?]
	at org.apache.hadoop.ozone.protocolPB.OzoneManagerProtocolServerSideTranslatorPB.submitRequest(OzoneManagerProtocolServerSideTranslatorPB.java:147) [ozone-manager-1.3.0-SNAPSHOT.jar:?]
	at org.apache.hadoop.ozone.protocol.proto.OzoneManagerProtocolProtos$OzoneManagerService$2.callBlockingMethod(OzoneManagerProtocolProtos.java) [ozone-interface-client-1.3.0-SNAPSHOT.jar:?]
	at org.apache.hadoop.ipc.ProtobufRpcEngine$Server.processCall(ProtobufRpcEngine.java:466) [hadoop-common-3.3.1.jar:?]
	at org.apache.hadoop.ipc.ProtobufRpcEngine2$Server$ProtoBufRpcInvoker.call(ProtobufRpcEngine2.java:574) [hadoop-common-3.3.1.jar:?]
	at org.apache.hadoop.ipc.ProtobufRpcEngine2$Server$ProtoBufRpcInvoker.call(ProtobufRpcEngine2.java:552) [hadoop-common-3.3.1.jar:?]
	at org.apache.hadoop.ipc.RPC$Server.call(RPC.java:1093) [hadoop-common-3.3.1.jar:?]
	at org.apache.hadoop.ipc.Server$RpcCall.run(Server.java:1035) [hadoop-common-3.3.1.jar:?]
	at org.apache.hadoop.ipc.Server$RpcCall.run(Server.java:963) [hadoop-common-3.3.1.jar:?]
	at java.security.AccessController.doPrivileged(Native Method) ~[?:1.8.0_332]
	at javax.security.auth.Subject.doAs(Subject.java:422) [?:1.8.0_332]
	at org.apache.hadoop.security.UserGroupInformation.doAs(UserGroupInformation.java:1878) [hadoop-common-3.3.1.jar:?]
	at org.apache.hadoop.ipc.Server$Handler.run(Server.java:2966) [hadoop-common-3.3.1.jar:?]
23:50:48.453 [IPC Server handler 16 on default port 33563] ERROR OMAudit - user=runner | ip=127.0.0.1 | op=GET_FILE_STATUS {volume=volume50176, bucket=bucket31866, key=testBatchDelete/parent/childFolder/child5, dataSize=0, replicationConfig=null} | ret=FAILURE
org.apache.hadoop.ozone.om.exceptions.OMException: Unable to get file status: volume: volume50176 bucket: bucket31866 key: testBatchDelete/parent/childFolder/child5
	at org.apache.hadoop.ozone.om.KeyManagerImpl.getOzoneFileStatus(KeyManagerImpl.java:1311) ~[ozone-manager-1.3.0-SNAPSHOT.jar:?]
	at org.apache.hadoop.ozone.om.KeyManagerImpl.getFileStatus(KeyManagerImpl.java:1241) ~[ozone-manager-1.3.0-SNAPSHOT.jar:?]
	at org.apache.hadoop.ozone.om.OzoneManager.getFileStatus(OzoneManager.java:3419) ~[ozone-manager-1.3.0-SNAPSHOT.jar:?]
	at org.apache.hadoop.ozone.protocolPB.OzoneManagerRequestHandler.getOzoneFileStatus(OzoneManagerRequestHandler.java:871) ~[ozone-manager-1.3.0-SNAPSHOT.jar:?]
	at org.apache.hadoop.ozone.protocolPB.OzoneManagerRequestHandler.handleReadRequest(OzoneManagerRequestHandler.java:217) ~[ozone-manager-1.3.0-SNAPSHOT.jar:?]
	at org.apache.hadoop.ozone.protocolPB.OzoneManagerProtocolServerSideTranslatorPB.submitRequestDirectlyToOM(OzoneManagerProtocolServerSideTranslatorPB.java:276) ~[ozone-manager-1.3.0-SNAPSHOT.jar:?]
	at org.apache.hadoop.ozone.protocolPB.OzoneManagerProtocolServerSideTranslatorPB.processRequest(OzoneManagerProtocolServerSideTranslatorPB.java:205) ~[ozone-manager-1.3.0-SNAPSHOT.jar:?]
	at org.apache.hadoop.hdds.server.OzoneProtocolMessageDispatcher.processRequest(OzoneProtocolMessageDispatcher.java:87) [hdds-server-framework-1.3.0-SNAPSHOT.jar:?]
	at org.apache.hadoop.ozone.protocolPB.OzoneManagerProtocolServerSideTranslatorPB.submitRequest(OzoneManagerProtocolServerSideTranslatorPB.java:147) [ozone-manager-1.3.0-SNAPSHOT.jar:?]
	at org.apache.hadoop.ozone.protocol.proto.OzoneManagerProtocolProtos$OzoneManagerService$2.callBlockingMethod(OzoneManagerProtocolProtos.java) [ozone-interface-client-1.3.0-SNAPSHOT.jar:?]
	at org.apache.hadoop.ipc.ProtobufRpcEngine$Server.processCall(ProtobufRpcEngine.java:466) [hadoop-common-3.3.1.jar:?]
	at org.apache.hadoop.ipc.ProtobufRpcEngine2$Server$ProtoBufRpcInvoker.call(ProtobufRpcEngine2.java:574) [hadoop-common-3.3.1.jar:?]
	at org.apache.hadoop.ipc.ProtobufRpcEngine2$Server$ProtoBufRpcInvoker.call(ProtobufRpcEngine2.java:552) [hadoop-common-3.3.1.jar:?]
	at org.apache.hadoop.ipc.RPC$Server.call(RPC.java:1093) [hadoop-common-3.3.1.jar:?]
	at org.apache.hadoop.ipc.Server$RpcCall.run(Server.java:1035) [hadoop-common-3.3.1.jar:?]
	at org.apache.hadoop.ipc.Server$RpcCall.run(Server.java:963) [hadoop-common-3.3.1.jar:?]
	at java.security.AccessController.doPrivileged(Native Method) ~[?:1.8.0_332]
	at javax.security.auth.Subject.doAs(Subject.java:422) [?:1.8.0_332]
	at org.apache.hadoop.security.UserGroupInformation.doAs(UserGroupInformation.java:1878) [hadoop-common-3.3.1.jar:?]
	at org.apache.hadoop.ipc.Server$Handler.run(Server.java:2966) [hadoop-common-3.3.1.jar:?]
23:50:48.454 [IPC Server handler 7 on default port 33563] ERROR OMAudit - user=runner | ip=127.0.0.1 | op=GET_FILE_STATUS {volume=volume50176, bucket=bucket31866, key=testBatchDelete/parent/child6, dataSize=0, replicationConfig=null} | ret=FAILURE
org.apache.hadoop.ozone.om.exceptions.OMException: Unable to get file status: volume: volume50176 bucket: bucket31866 key: testBatchDelete/parent/child6
	at org.apache.hadoop.ozone.om.KeyManagerImpl.getOzoneFileStatus(KeyManagerImpl.java:1311) ~[ozone-manager-1.3.0-SNAPSHOT.jar:?]
	at org.apache.hadoop.ozone.om.KeyManagerImpl.getFileStatus(KeyManagerImpl.java:1241) ~[ozone-manager-1.3.0-SNAPSHOT.jar:?]
	at org.apache.hadoop.ozone.om.OzoneManager.getFileStatus(OzoneManager.java:3419) ~[ozone-manager-1.3.0-SNAPSHOT.jar:?]
	at org.apache.hadoop.ozone.protocolPB.OzoneManagerRequestHandler.getOzoneFileStatus(OzoneManagerRequestHandler.java:871) ~[ozone-manager-1.3.0-SNAPSHOT.jar:?]
	at org.apache.hadoop.ozone.protocolPB.OzoneManagerRequestHandler.handleReadRequest(OzoneManagerRequestHandler.java:217) ~[ozone-manager-1.3.0-SNAPSHOT.jar:?]
	at org.apache.hadoop.ozone.protocolPB.OzoneManagerProtocolServerSideTranslatorPB.submitRequestDirectlyToOM(OzoneManagerProtocolServerSideTranslatorPB.java:276) ~[ozone-manager-1.3.0-SNAPSHOT.jar:?]
	at org.apache.hadoop.ozone.protocolPB.OzoneManagerProtocolServerSideTranslatorPB.processRequest(OzoneManagerProtocolServerSideTranslatorPB.java:205) ~[ozone-manager-1.3.0-SNAPSHOT.jar:?]
	at org.apache.hadoop.hdds.server.OzoneProtocolMessageDispatcher.processRequest(OzoneProtocolMessageDispatcher.java:87) [hdds-server-framework-1.3.0-SNAPSHOT.jar:?]
	at org.apache.hadoop.ozone.protocolPB.OzoneManagerProtocolServerSideTranslatorPB.submitRequest(OzoneManagerProtocolServerSideTranslatorPB.java:147) [ozone-manager-1.3.0-SNAPSHOT.jar:?]
	at org.apache.hadoop.ozone.protocol.proto.OzoneManagerProtocolProtos$OzoneManagerService$2.callBlockingMethod(OzoneManagerProtocolProtos.java) [ozone-interface-client-1.3.0-SNAPSHOT.jar:?]
	at org.apache.hadoop.ipc.ProtobufRpcEngine$Server.processCall(ProtobufRpcEngine.java:466) [hadoop-common-3.3.1.jar:?]
	at org.apache.hadoop.ipc.ProtobufRpcEngine2$Server$ProtoBufRpcInvoker.call(ProtobufRpcEngine2.java:574) [hadoop-common-3.3.1.jar:?]
	at org.apache.hadoop.ipc.ProtobufRpcEngine2$Server$ProtoBufRpcInvoker.call(ProtobufRpcEngine2.java:552) [hadoop-common-3.3.1.jar:?]
	at org.apache.hadoop.ipc.RPC$Server.call(RPC.java:1093) [hadoop-common-3.3.1.jar:?]
	at org.apache.hadoop.ipc.Server$RpcCall.run(Server.java:1035) [hadoop-common-3.3.1.jar:?]
	at org.apache.hadoop.ipc.Server$RpcCall.run(Server.java:963) [hadoop-common-3.3.1.jar:?]
	at java.security.AccessController.doPrivileged(Native Method) ~[?:1.8.0_332]
	at javax.security.auth.Subject.doAs(Subject.java:422) [?:1.8.0_332]
	at org.apache.hadoop.security.UserGroupInformation.doAs(UserGroupInformation.java:1878) [hadoop-common-3.3.1.jar:?]
	at org.apache.hadoop.ipc.Server$Handler.run(Server.java:2966) [hadoop-common-3.3.1.jar:?]
23:50:48.455 [IPC Server handler 17 on default port 33563] ERROR OMAudit - user=runner | ip=127.0.0.1 | op=GET_FILE_STATUS {volume=volume50176, bucket=bucket31866, key=testBatchDelete/parent/childFolder/child6, dataSize=0, replicationConfig=null} | ret=FAILURE
org.apache.hadoop.ozone.om.exceptions.OMException: Unable to get file status: volume: volume50176 bucket: bucket31866 key: testBatchDelete/parent/childFolder/child6
	at org.apache.hadoop.ozone.om.KeyManagerImpl.getOzoneFileStatus(KeyManagerImpl.java:1311) ~[ozone-manager-1.3.0-SNAPSHOT.jar:?]
	at org.apache.hadoop.ozone.om.KeyManagerImpl.getFileStatus(KeyManagerImpl.java:1241) ~[ozone-manager-1.3.0-SNAPSHOT.jar:?]
	at org.apache.hadoop.ozone.om.OzoneManager.getFileStatus(OzoneManager.java:3419) ~[ozone-manager-1.3.0-SNAPSHOT.jar:?]
	at org.apache.hadoop.ozone.protocolPB.OzoneManagerRequestHandler.getOzoneFileStatus(OzoneManagerRequestHandler.java:871) ~[ozone-manager-1.3.0-SNAPSHOT.jar:?]
	at org.apache.hadoop.ozone.protocolPB.OzoneManagerRequestHandler.handleReadRequest(OzoneManagerRequestHandler.java:217) ~[ozone-manager-1.3.0-SNAPSHOT.jar:?]
	at org.apache.hadoop.ozone.protocolPB.OzoneManagerProtocolServerSideTranslatorPB.submitRequestDirectlyToOM(OzoneManagerProtocolServerSideTranslatorPB.java:276) ~[ozone-manager-1.3.0-SNAPSHOT.jar:?]
	at org.apache.hadoop.ozone.protocolPB.OzoneManagerProtocolServerSideTranslatorPB.processRequest(OzoneManagerProtocolServerSideTranslatorPB.java:205) ~[ozone-manager-1.3.0-SNAPSHOT.jar:?]
	at org.apache.hadoop.hdds.server.OzoneProtocolMessageDispatcher.processRequest(OzoneProtocolMessageDispatcher.java:87) [hdds-server-framework-1.3.0-SNAPSHOT.jar:?]
	at org.apache.hadoop.ozone.protocolPB.OzoneManagerProtocolServerSideTranslatorPB.submitRequest(OzoneManagerProtocolServerSideTranslatorPB.java:147) [ozone-manager-1.3.0-SNAPSHOT.jar:?]
	at org.apache.hadoop.ozone.protocol.proto.OzoneManagerProtocolProtos$OzoneManagerService$2.callBlockingMethod(OzoneManagerProtocolProtos.java) [ozone-interface-client-1.3.0-SNAPSHOT.jar:?]
	at org.apache.hadoop.ipc.ProtobufRpcEngine$Server.processCall(ProtobufRpcEngine.java:466) [hadoop-common-3.3.1.jar:?]
	at org.apache.hadoop.ipc.ProtobufRpcEngine2$Server$ProtoBufRpcInvoker.call(ProtobufRpcEngine2.java:574) [hadoop-common-3.3.1.jar:?]
	at org.apache.hadoop.ipc.ProtobufRpcEngine2$Server$ProtoBufRpcInvoker.call(ProtobufRpcEngine2.java:552) [hadoop-common-3.3.1.jar:?]
	at org.apache.hadoop.ipc.RPC$Server.call(RPC.java:1093) [hadoop-common-3.3.1.jar:?]
	at org.apache.hadoop.ipc.Server$RpcCall.run(Server.java:1035) [hadoop-common-3.3.1.jar:?]
	at org.apache.hadoop.ipc.Server$RpcCall.run(Server.java:963) [hadoop-common-3.3.1.jar:?]
	at java.security.AccessController.doPrivileged(Native Method) ~[?:1.8.0_332]
	at javax.security.auth.Subject.doAs(Subject.java:422) [?:1.8.0_332]
	at org.apache.hadoop.security.UserGroupInformation.doAs(UserGroupInformation.java:1878) [hadoop-common-3.3.1.jar:?]
	at org.apache.hadoop.ipc.Server$Handler.run(Server.java:2966) [hadoop-common-3.3.1.jar:?]
23:50:48.456 [IPC Server handler 11 on default port 33563] ERROR OMAudit - user=runner | ip=127.0.0.1 | op=GET_FILE_STATUS {volume=volume50176, bucket=bucket31866, key=testBatchDelete/parent/child7, dataSize=0, replicationConfig=null} | ret=FAILURE
org.apache.hadoop.ozone.om.exceptions.OMException: Unable to get file status: volume: volume50176 bucket: bucket31866 key: testBatchDelete/parent/child7
	at org.apache.hadoop.ozone.om.KeyManagerImpl.getOzoneFileStatus(KeyManagerImpl.java:1311) ~[ozone-manager-1.3.0-SNAPSHOT.jar:?]
	at org.apache.hadoop.ozone.om.KeyManagerImpl.getFileStatus(KeyManagerImpl.java:1241) ~[ozone-manager-1.3.0-SNAPSHOT.jar:?]
	at org.apache.hadoop.ozone.om.OzoneManager.getFileStatus(OzoneManager.java:3419) ~[ozone-manager-1.3.0-SNAPSHOT.jar:?]
	at org.apache.hadoop.ozone.protocolPB.OzoneManagerRequestHandler.getOzoneFileStatus(OzoneManagerRequestHandler.java:871) ~[ozone-manager-1.3.0-SNAPSHOT.jar:?]
	at org.apache.hadoop.ozone.protocolPB.OzoneManagerRequestHandler.handleReadRequest(OzoneManagerRequestHandler.java:217) ~[ozone-manager-1.3.0-SNAPSHOT.jar:?]
	at org.apache.hadoop.ozone.protocolPB.OzoneManagerProtocolServerSideTranslatorPB.submitRequestDirectlyToOM(OzoneManagerProtocolServerSideTranslatorPB.java:276) ~[ozone-manager-1.3.0-SNAPSHOT.jar:?]
	at org.apache.hadoop.ozone.protocolPB.OzoneManagerProtocolServerSideTranslatorPB.processRequest(OzoneManagerProtocolServerSideTranslatorPB.java:205) ~[ozone-manager-1.3.0-SNAPSHOT.jar:?]
	at org.apache.hadoop.hdds.server.OzoneProtocolMessageDispatcher.processRequest(OzoneProtocolMessageDispatcher.java:87) [hdds-server-framework-1.3.0-SNAPSHOT.jar:?]
	at org.apache.hadoop.ozone.protocolPB.OzoneManagerProtocolServerSideTranslatorPB.submitRequest(OzoneManagerProtocolServerSideTranslatorPB.java:147) [ozone-manager-1.3.0-SNAPSHOT.jar:?]
	at org.apache.hadoop.ozone.protocol.proto.OzoneManagerProtocolProtos$OzoneManagerService$2.callBlockingMethod(OzoneManagerProtocolProtos.java) [ozone-interface-client-1.3.0-SNAPSHOT.jar:?]
	at org.apache.hadoop.ipc.ProtobufRpcEngine$Server.processCall(ProtobufRpcEngine.java:466) [hadoop-common-3.3.1.jar:?]
	at org.apache.hadoop.ipc.ProtobufRpcEngine2$Server$ProtoBufRpcInvoker.call(ProtobufRpcEngine2.java:574) [hadoop-common-3.3.1.jar:?]
	at org.apache.hadoop.ipc.ProtobufRpcEngine2$Server$ProtoBufRpcInvoker.call(ProtobufRpcEngine2.java:552) [hadoop-common-3.3.1.jar:?]
	at org.apache.hadoop.ipc.RPC$Server.call(RPC.java:1093) [hadoop-common-3.3.1.jar:?]
	at org.apache.hadoop.ipc.Server$RpcCall.run(Server.java:1035) [hadoop-common-3.3.1.jar:?]
	at org.apache.hadoop.ipc.Server$RpcCall.run(Server.java:963) [hadoop-common-3.3.1.jar:?]
	at java.security.AccessController.doPrivileged(Native Method) ~[?:1.8.0_332]
	at javax.security.auth.Subject.doAs(Subject.java:422) [?:1.8.0_332]
	at org.apache.hadoop.security.UserGroupInformation.doAs(UserGroupInformation.java:1878) [hadoop-common-3.3.1.jar:?]
	at org.apache.hadoop.ipc.Server$Handler.run(Server.java:2966) [hadoop-common-3.3.1.jar:?]
23:50:48.457 [IPC Server handler 19 on default port 33563] ERROR OMAudit - user=runner | ip=127.0.0.1 | op=GET_FILE_STATUS {volume=volume50176, bucket=bucket31866, key=testBatchDelete/parent/childFolder/child7, dataSize=0, replicationConfig=null} | ret=FAILURE
org.apache.hadoop.ozone.om.exceptions.OMException: Unable to get file status: volume: volume50176 bucket: bucket31866 key: testBatchDelete/parent/childFolder/child7
	at org.apache.hadoop.ozone.om.KeyManagerImpl.getOzoneFileStatus(KeyManagerImpl.java:1311) ~[ozone-manager-1.3.0-SNAPSHOT.jar:?]
	at org.apache.hadoop.ozone.om.KeyManagerImpl.getFileStatus(KeyManagerImpl.java:1241) ~[ozone-manager-1.3.0-SNAPSHOT.jar:?]
	at org.apache.hadoop.ozone.om.OzoneManager.getFileStatus(OzoneManager.java:3419) ~[ozone-manager-1.3.0-SNAPSHOT.jar:?]
	at org.apache.hadoop.ozone.protocolPB.OzoneManagerRequestHandler.getOzoneFileStatus(OzoneManagerRequestHandler.java:871) ~[ozone-manager-1.3.0-SNAPSHOT.jar:?]
	at org.apache.hadoop.ozone.protocolPB.OzoneManagerRequestHandler.handleReadRequest(OzoneManagerRequestHandler.java:217) ~[ozone-manager-1.3.0-SNAPSHOT.jar:?]
	at org.apache.hadoop.ozone.protocolPB.OzoneManagerProtocolServerSideTranslatorPB.submitRequestDirectlyToOM(OzoneManagerProtocolServerSideTranslatorPB.java:276) ~[ozone-manager-1.3.0-SNAPSHOT.jar:?]
	at org.apache.hadoop.ozone.protocolPB.OzoneManagerProtocolServerSideTranslatorPB.processRequest(OzoneManagerProtocolServerSideTranslatorPB.java:205) ~[ozone-manager-1.3.0-SNAPSHOT.jar:?]
	at org.apache.hadoop.hdds.server.OzoneProtocolMessageDispatcher.processRequest(OzoneProtocolMessageDispatcher.java:87) [hdds-server-framework-1.3.0-SNAPSHOT.jar:?]
	at org.apache.hadoop.ozone.protocolPB.OzoneManagerProtocolServerSideTranslatorPB.submitRequest(OzoneManagerProtocolServerSideTranslatorPB.java:147) [ozone-manager-1.3.0-SNAPSHOT.jar:?]
	at org.apache.hadoop.ozone.protocol.proto.OzoneManagerProtocolProtos$OzoneManagerService$2.callBlockingMethod(OzoneManagerProtocolProtos.java) [ozone-interface-client-1.3.0-SNAPSHOT.jar:?]
	at org.apache.hadoop.ipc.ProtobufRpcEngine$Server.processCall(ProtobufRpcEngine.java:466) [hadoop-common-3.3.1.jar:?]
	at org.apache.hadoop.ipc.ProtobufRpcEngine2$Server$ProtoBufRpcInvoker.call(ProtobufRpcEngine2.java:574) [hadoop-common-3.3.1.jar:?]
	at org.apache.hadoop.ipc.ProtobufRpcEngine2$Server$ProtoBufRpcInvoker.call(ProtobufRpcEngine2.java:552) [hadoop-common-3.3.1.jar:?]
	at org.apache.hadoop.ipc.RPC$Server.call(RPC.java:1093) [hadoop-common-3.3.1.jar:?]
	at org.apache.hadoop.ipc.Server$RpcCall.run(Server.java:1035) [hadoop-common-3.3.1.jar:?]
	at org.apache.hadoop.ipc.Server$RpcCall.run(Server.java:963) [hadoop-common-3.3.1.jar:?]
	at java.security.AccessController.doPrivileged(Native Method) ~[?:1.8.0_332]
	at javax.security.auth.Subject.doAs(Subject.java:422) [?:1.8.0_332]
	at org.apache.hadoop.security.UserGroupInformation.doAs(UserGroupInformation.java:1878) [hadoop-common-3.3.1.jar:?]
	at org.apache.hadoop.ipc.Server$Handler.run(Server.java:2966) [hadoop-common-3.3.1.jar:?]
23:50:48.458 [IPC Server handler 18 on default port 33563] ERROR OMAudit - user=runner | ip=127.0.0.1 | op=GET_FILE_STATUS {volume=volume50176, bucket=bucket31866, key=testBatchDelete/parent, dataSize=0, replicationConfig=null} | ret=FAILURE
org.apache.hadoop.ozone.om.exceptions.OMException: Unable to get file status: volume: volume50176 bucket: bucket31866 key: testBatchDelete/parent
	at org.apache.hadoop.ozone.om.KeyManagerImpl.getOzoneFileStatus(KeyManagerImpl.java:1311) ~[ozone-manager-1.3.0-SNAPSHOT.jar:?]
	at org.apache.hadoop.ozone.om.KeyManagerImpl.getFileStatus(KeyManagerImpl.java:1241) ~[ozone-manager-1.3.0-SNAPSHOT.jar:?]
	at org.apache.hadoop.ozone.om.OzoneManager.getFileStatus(OzoneManager.java:3419) ~[ozone-manager-1.3.0-SNAPSHOT.jar:?]
	at org.apache.hadoop.ozone.protocolPB.OzoneManagerRequestHandler.getOzoneFileStatus(OzoneManagerRequestHandler.java:871) ~[ozone-manager-1.3.0-SNAPSHOT.jar:?]
	at org.apache.hadoop.ozone.protocolPB.OzoneManagerRequestHandler.handleReadRequest(OzoneManagerRequestHandler.java:217) ~[ozone-manager-1.3.0-SNAPSHOT.jar:?]
	at org.apache.hadoop.ozone.protocolPB.OzoneManagerProtocolServerSideTranslatorPB.submitRequestDirectlyToOM(OzoneManagerProtocolServerSideTranslatorPB.java:276) ~[ozone-manager-1.3.0-SNAPSHOT.jar:?]
	at org.apache.hadoop.ozone.protocolPB.OzoneManagerProtocolServerSideTranslatorPB.processRequest(OzoneManagerProtocolServerSideTranslatorPB.java:205) ~[ozone-manager-1.3.0-SNAPSHOT.jar:?]
	at org.apache.hadoop.hdds.server.OzoneProtocolMessageDispatcher.processRequest(OzoneProtocolMessageDispatcher.java:87) [hdds-server-framework-1.3.0-SNAPSHOT.jar:?]
	at org.apache.hadoop.ozone.protocolPB.OzoneManagerProtocolServerSideTranslatorPB.submitRequest(OzoneManagerProtocolServerSideTranslatorPB.java:147) [ozone-manager-1.3.0-SNAPSHOT.jar:?]
	at org.apache.hadoop.ozone.protocol.proto.OzoneManagerProtocolProtos$OzoneManagerService$2.callBlockingMethod(OzoneManagerProtocolProtos.java) [ozone-interface-client-1.3.0-SNAPSHOT.jar:?]
	at org.apache.hadoop.ipc.ProtobufRpcEngine$Server.processCall(ProtobufRpcEngine.java:466) [hadoop-common-3.3.1.jar:?]
	at org.apache.hadoop.ipc.ProtobufRpcEngine2$Server$ProtoBufRpcInvoker.call(ProtobufRpcEngine2.java:574) [hadoop-common-3.3.1.jar:?]
	at org.apache.hadoop.ipc.ProtobufRpcEngine2$Server$ProtoBufRpcInvoker.call(ProtobufRpcEngine2.java:552) [hadoop-common-3.3.1.jar:?]
	at org.apache.hadoop.ipc.RPC$Server.call(RPC.java:1093) [hadoop-common-3.3.1.jar:?]
	at org.apache.hadoop.ipc.Server$RpcCall.run(Server.java:1035) [hadoop-common-3.3.1.jar:?]
	at org.apache.hadoop.ipc.Server$RpcCall.run(Server.java:963) [hadoop-common-3.3.1.jar:?]
	at java.security.AccessController.doPrivileged(Native Method) ~[?:1.8.0_332]
	at javax.security.auth.Subject.doAs(Subject.java:422) [?:1.8.0_332]
	at org.apache.hadoop.security.UserGroupInformation.doAs(UserGroupInformation.java:1878) [hadoop-common-3.3.1.jar:?]
	at org.apache.hadoop.ipc.Server$Handler.run(Server.java:2966) [hadoop-common-3.3.1.jar:?]
2022-06-24 23:50:48,458 [Time-limited test] WARN  ozone.BasicOzoneFileSystem (BasicOzoneFileSystem.java:delete(532)) - delete: Path does not exist: /testBatchDelete/parent
]]></system-out>
  </testcase>
  <testcase name="testRenameToTrashEnabled" classname="TestOzoneFileSystem" time="0.23">
    <system-out><![CDATA[23:45:26.294 [IPC Server handler 3 on default port 44795] ERROR OMAudit - user=runner | ip=127.0.0.1 | op=GET_FILE_STATUS {volume=volume84730, bucket=bucket91502, key=.Trash/runner/Current/testKey1, dataSize=0, replicationConfig=null} | ret=FAILURE
org.apache.hadoop.ozone.om.exceptions.OMException: Unable to get file status: volume: volume84730 bucket: bucket91502 key: .Trash/runner/Current/testKey1
	at org.apache.hadoop.ozone.om.KeyManagerImpl.getOzoneFileStatus(KeyManagerImpl.java:1311) ~[ozone-manager-1.3.0-SNAPSHOT.jar:?]
	at org.apache.hadoop.ozone.om.KeyManagerImpl.getFileStatus(KeyManagerImpl.java:1241) ~[ozone-manager-1.3.0-SNAPSHOT.jar:?]
	at org.apache.hadoop.ozone.om.OzoneManager.getFileStatus(OzoneManager.java:3419) ~[ozone-manager-1.3.0-SNAPSHOT.jar:?]
	at org.apache.hadoop.ozone.protocolPB.OzoneManagerRequestHandler.getOzoneFileStatus(OzoneManagerRequestHandler.java:871) ~[ozone-manager-1.3.0-SNAPSHOT.jar:?]
	at org.apache.hadoop.ozone.protocolPB.OzoneManagerRequestHandler.handleReadRequest(OzoneManagerRequestHandler.java:217) ~[ozone-manager-1.3.0-SNAPSHOT.jar:?]
	at org.apache.hadoop.ozone.protocolPB.OzoneManagerProtocolServerSideTranslatorPB.submitReadRequestToOM(OzoneManagerProtocolServerSideTranslatorPB.java:226) ~[ozone-manager-1.3.0-SNAPSHOT.jar:?]
	at org.apache.hadoop.ozone.protocolPB.OzoneManagerProtocolServerSideTranslatorPB.processRequest(OzoneManagerProtocolServerSideTranslatorPB.java:175) ~[ozone-manager-1.3.0-SNAPSHOT.jar:?]
	at org.apache.hadoop.hdds.server.OzoneProtocolMessageDispatcher.processRequest(OzoneProtocolMessageDispatcher.java:87) [hdds-server-framework-1.3.0-SNAPSHOT.jar:?]
	at org.apache.hadoop.ozone.protocolPB.OzoneManagerProtocolServerSideTranslatorPB.submitRequest(OzoneManagerProtocolServerSideTranslatorPB.java:147) [ozone-manager-1.3.0-SNAPSHOT.jar:?]
	at org.apache.hadoop.ozone.protocol.proto.OzoneManagerProtocolProtos$OzoneManagerService$2.callBlockingMethod(OzoneManagerProtocolProtos.java) [ozone-interface-client-1.3.0-SNAPSHOT.jar:?]
	at org.apache.hadoop.ipc.ProtobufRpcEngine$Server.processCall(ProtobufRpcEngine.java:466) [hadoop-common-3.3.1.jar:?]
	at org.apache.hadoop.ipc.ProtobufRpcEngine2$Server$ProtoBufRpcInvoker.call(ProtobufRpcEngine2.java:574) [hadoop-common-3.3.1.jar:?]
	at org.apache.hadoop.ipc.ProtobufRpcEngine2$Server$ProtoBufRpcInvoker.call(ProtobufRpcEngine2.java:552) [hadoop-common-3.3.1.jar:?]
	at org.apache.hadoop.ipc.RPC$Server.call(RPC.java:1093) [hadoop-common-3.3.1.jar:?]
	at org.apache.hadoop.ipc.Server$RpcCall.run(Server.java:1035) [hadoop-common-3.3.1.jar:?]
	at org.apache.hadoop.ipc.Server$RpcCall.run(Server.java:963) [hadoop-common-3.3.1.jar:?]
	at java.security.AccessController.doPrivileged(Native Method) ~[?:1.8.0_332]
	at javax.security.auth.Subject.doAs(Subject.java:422) [?:1.8.0_332]
	at org.apache.hadoop.security.UserGroupInformation.doAs(UserGroupInformation.java:1878) [hadoop-common-3.3.1.jar:?]
	at org.apache.hadoop.ipc.Server$Handler.run(Server.java:2966) [hadoop-common-3.3.1.jar:?]
23:45:26.300 [IPC Server handler 5 on default port 44795] ERROR OMAudit - user=runner | ip=127.0.0.1 | op=GET_FILE_STATUS {volume=volume84730, bucket=bucket91502, key=.Trash/runner/Current/testKey1, dataSize=0, replicationConfig=null} | ret=FAILURE
org.apache.hadoop.ozone.om.exceptions.OMException: Unable to get file status: volume: volume84730 bucket: bucket91502 key: .Trash/runner/Current/testKey1
	at org.apache.hadoop.ozone.om.KeyManagerImpl.getOzoneFileStatus(KeyManagerImpl.java:1311) ~[ozone-manager-1.3.0-SNAPSHOT.jar:?]
	at org.apache.hadoop.ozone.om.KeyManagerImpl.getFileStatus(KeyManagerImpl.java:1241) ~[ozone-manager-1.3.0-SNAPSHOT.jar:?]
	at org.apache.hadoop.ozone.om.OzoneManager.getFileStatus(OzoneManager.java:3419) ~[ozone-manager-1.3.0-SNAPSHOT.jar:?]
	at org.apache.hadoop.ozone.protocolPB.OzoneManagerRequestHandler.getOzoneFileStatus(OzoneManagerRequestHandler.java:871) ~[ozone-manager-1.3.0-SNAPSHOT.jar:?]
	at org.apache.hadoop.ozone.protocolPB.OzoneManagerRequestHandler.handleReadRequest(OzoneManagerRequestHandler.java:217) ~[ozone-manager-1.3.0-SNAPSHOT.jar:?]
	at org.apache.hadoop.ozone.protocolPB.OzoneManagerProtocolServerSideTranslatorPB.submitReadRequestToOM(OzoneManagerProtocolServerSideTranslatorPB.java:226) ~[ozone-manager-1.3.0-SNAPSHOT.jar:?]
	at org.apache.hadoop.ozone.protocolPB.OzoneManagerProtocolServerSideTranslatorPB.processRequest(OzoneManagerProtocolServerSideTranslatorPB.java:175) ~[ozone-manager-1.3.0-SNAPSHOT.jar:?]
	at org.apache.hadoop.hdds.server.OzoneProtocolMessageDispatcher.processRequest(OzoneProtocolMessageDispatcher.java:87) [hdds-server-framework-1.3.0-SNAPSHOT.jar:?]
	at org.apache.hadoop.ozone.protocolPB.OzoneManagerProtocolServerSideTranslatorPB.submitRequest(OzoneManagerProtocolServerSideTranslatorPB.java:147) [ozone-manager-1.3.0-SNAPSHOT.jar:?]
	at org.apache.hadoop.ozone.protocol.proto.OzoneManagerProtocolProtos$OzoneManagerService$2.callBlockingMethod(OzoneManagerProtocolProtos.java) [ozone-interface-client-1.3.0-SNAPSHOT.jar:?]
	at org.apache.hadoop.ipc.ProtobufRpcEngine$Server.processCall(ProtobufRpcEngine.java:466) [hadoop-common-3.3.1.jar:?]
	at org.apache.hadoop.ipc.ProtobufRpcEngine2$Server$ProtoBufRpcInvoker.call(ProtobufRpcEngine2.java:574) [hadoop-common-3.3.1.jar:?]
	at org.apache.hadoop.ipc.ProtobufRpcEngine2$Server$ProtoBufRpcInvoker.call(ProtobufRpcEngine2.java:552) [hadoop-common-3.3.1.jar:?]
	at org.apache.hadoop.ipc.RPC$Server.call(RPC.java:1093) [hadoop-common-3.3.1.jar:?]
	at org.apache.hadoop.ipc.Server$RpcCall.run(Server.java:1035) [hadoop-common-3.3.1.jar:?]
	at org.apache.hadoop.ipc.Server$RpcCall.run(Server.java:963) [hadoop-common-3.3.1.jar:?]
	at java.security.AccessController.doPrivileged(Native Method) ~[?:1.8.0_332]
	at javax.security.auth.Subject.doAs(Subject.java:422) [?:1.8.0_332]
	at org.apache.hadoop.security.UserGroupInformation.doAs(UserGroupInformation.java:1878) [hadoop-common-3.3.1.jar:?]
	at org.apache.hadoop.ipc.Server$Handler.run(Server.java:2966) [hadoop-common-3.3.1.jar:?]
2022-06-24 23:45:26,309 [Time-limited test] INFO  fs.TrashPolicyDefault (TrashPolicyDefault.java:moveToTrash(188)) - Moved: '/testKey1' to trash at: /.Trash/runner/Current/testKey1
]]></system-out>
  </testcase>
  <testcase name="testRenameToTrashEnabled" classname="TestOzoneFileSystem" time="0.181">
    <system-out><![CDATA[23:46:33.015 [IPC Server handler 5 on default port 34097] ERROR OMAudit - user=runner | ip=127.0.0.1 | op=GET_FILE_STATUS {volume=volume05206, bucket=bucket45514, key=.Trash/runner/Current/testKey1, dataSize=0, replicationConfig=null} | ret=FAILURE
org.apache.hadoop.ozone.om.exceptions.OMException: Unable to get file status: volume: volume05206 bucket: bucket45514 key: .Trash/runner/Current/testKey1
	at org.apache.hadoop.ozone.om.KeyManagerImpl.getOzoneFileStatus(KeyManagerImpl.java:1311) ~[ozone-manager-1.3.0-SNAPSHOT.jar:?]
	at org.apache.hadoop.ozone.om.KeyManagerImpl.getFileStatus(KeyManagerImpl.java:1241) ~[ozone-manager-1.3.0-SNAPSHOT.jar:?]
	at org.apache.hadoop.ozone.om.OzoneManager.getFileStatus(OzoneManager.java:3419) ~[ozone-manager-1.3.0-SNAPSHOT.jar:?]
	at org.apache.hadoop.ozone.protocolPB.OzoneManagerRequestHandler.getOzoneFileStatus(OzoneManagerRequestHandler.java:871) ~[ozone-manager-1.3.0-SNAPSHOT.jar:?]
	at org.apache.hadoop.ozone.protocolPB.OzoneManagerRequestHandler.handleReadRequest(OzoneManagerRequestHandler.java:217) ~[ozone-manager-1.3.0-SNAPSHOT.jar:?]
	at org.apache.hadoop.ozone.protocolPB.OzoneManagerProtocolServerSideTranslatorPB.submitRequestDirectlyToOM(OzoneManagerProtocolServerSideTranslatorPB.java:276) ~[ozone-manager-1.3.0-SNAPSHOT.jar:?]
	at org.apache.hadoop.ozone.protocolPB.OzoneManagerProtocolServerSideTranslatorPB.processRequest(OzoneManagerProtocolServerSideTranslatorPB.java:205) ~[ozone-manager-1.3.0-SNAPSHOT.jar:?]
	at org.apache.hadoop.hdds.server.OzoneProtocolMessageDispatcher.processRequest(OzoneProtocolMessageDispatcher.java:87) [hdds-server-framework-1.3.0-SNAPSHOT.jar:?]
	at org.apache.hadoop.ozone.protocolPB.OzoneManagerProtocolServerSideTranslatorPB.submitRequest(OzoneManagerProtocolServerSideTranslatorPB.java:147) [ozone-manager-1.3.0-SNAPSHOT.jar:?]
	at org.apache.hadoop.ozone.protocol.proto.OzoneManagerProtocolProtos$OzoneManagerService$2.callBlockingMethod(OzoneManagerProtocolProtos.java) [ozone-interface-client-1.3.0-SNAPSHOT.jar:?]
	at org.apache.hadoop.ipc.ProtobufRpcEngine$Server.processCall(ProtobufRpcEngine.java:466) [hadoop-common-3.3.1.jar:?]
	at org.apache.hadoop.ipc.ProtobufRpcEngine2$Server$ProtoBufRpcInvoker.call(ProtobufRpcEngine2.java:574) [hadoop-common-3.3.1.jar:?]
	at org.apache.hadoop.ipc.ProtobufRpcEngine2$Server$ProtoBufRpcInvoker.call(ProtobufRpcEngine2.java:552) [hadoop-common-3.3.1.jar:?]
	at org.apache.hadoop.ipc.RPC$Server.call(RPC.java:1093) [hadoop-common-3.3.1.jar:?]
	at org.apache.hadoop.ipc.Server$RpcCall.run(Server.java:1035) [hadoop-common-3.3.1.jar:?]
	at org.apache.hadoop.ipc.Server$RpcCall.run(Server.java:963) [hadoop-common-3.3.1.jar:?]
	at java.security.AccessController.doPrivileged(Native Method) ~[?:1.8.0_332]
	at javax.security.auth.Subject.doAs(Subject.java:422) [?:1.8.0_332]
	at org.apache.hadoop.security.UserGroupInformation.doAs(UserGroupInformation.java:1878) [hadoop-common-3.3.1.jar:?]
	at org.apache.hadoop.ipc.Server$Handler.run(Server.java:2966) [hadoop-common-3.3.1.jar:?]
23:46:33.019 [IPC Server handler 4 on default port 34097] ERROR OMAudit - user=runner | ip=127.0.0.1 | op=GET_FILE_STATUS {volume=volume05206, bucket=bucket45514, key=.Trash/runner/Current/testKey1, dataSize=0, replicationConfig=null} | ret=FAILURE
org.apache.hadoop.ozone.om.exceptions.OMException: Unable to get file status: volume: volume05206 bucket: bucket45514 key: .Trash/runner/Current/testKey1
	at org.apache.hadoop.ozone.om.KeyManagerImpl.getOzoneFileStatus(KeyManagerImpl.java:1311) ~[ozone-manager-1.3.0-SNAPSHOT.jar:?]
	at org.apache.hadoop.ozone.om.KeyManagerImpl.getFileStatus(KeyManagerImpl.java:1241) ~[ozone-manager-1.3.0-SNAPSHOT.jar:?]
	at org.apache.hadoop.ozone.om.OzoneManager.getFileStatus(OzoneManager.java:3419) ~[ozone-manager-1.3.0-SNAPSHOT.jar:?]
	at org.apache.hadoop.ozone.protocolPB.OzoneManagerRequestHandler.getOzoneFileStatus(OzoneManagerRequestHandler.java:871) ~[ozone-manager-1.3.0-SNAPSHOT.jar:?]
	at org.apache.hadoop.ozone.protocolPB.OzoneManagerRequestHandler.handleReadRequest(OzoneManagerRequestHandler.java:217) ~[ozone-manager-1.3.0-SNAPSHOT.jar:?]
	at org.apache.hadoop.ozone.protocolPB.OzoneManagerProtocolServerSideTranslatorPB.submitRequestDirectlyToOM(OzoneManagerProtocolServerSideTranslatorPB.java:276) ~[ozone-manager-1.3.0-SNAPSHOT.jar:?]
	at org.apache.hadoop.ozone.protocolPB.OzoneManagerProtocolServerSideTranslatorPB.processRequest(OzoneManagerProtocolServerSideTranslatorPB.java:205) ~[ozone-manager-1.3.0-SNAPSHOT.jar:?]
	at org.apache.hadoop.hdds.server.OzoneProtocolMessageDispatcher.processRequest(OzoneProtocolMessageDispatcher.java:87) [hdds-server-framework-1.3.0-SNAPSHOT.jar:?]
	at org.apache.hadoop.ozone.protocolPB.OzoneManagerProtocolServerSideTranslatorPB.submitRequest(OzoneManagerProtocolServerSideTranslatorPB.java:147) [ozone-manager-1.3.0-SNAPSHOT.jar:?]
	at org.apache.hadoop.ozone.protocol.proto.OzoneManagerProtocolProtos$OzoneManagerService$2.callBlockingMethod(OzoneManagerProtocolProtos.java) [ozone-interface-client-1.3.0-SNAPSHOT.jar:?]
	at org.apache.hadoop.ipc.ProtobufRpcEngine$Server.processCall(ProtobufRpcEngine.java:466) [hadoop-common-3.3.1.jar:?]
	at org.apache.hadoop.ipc.ProtobufRpcEngine2$Server$ProtoBufRpcInvoker.call(ProtobufRpcEngine2.java:574) [hadoop-common-3.3.1.jar:?]
	at org.apache.hadoop.ipc.ProtobufRpcEngine2$Server$ProtoBufRpcInvoker.call(ProtobufRpcEngine2.java:552) [hadoop-common-3.3.1.jar:?]
	at org.apache.hadoop.ipc.RPC$Server.call(RPC.java:1093) [hadoop-common-3.3.1.jar:?]
	at org.apache.hadoop.ipc.Server$RpcCall.run(Server.java:1035) [hadoop-common-3.3.1.jar:?]
	at org.apache.hadoop.ipc.Server$RpcCall.run(Server.java:963) [hadoop-common-3.3.1.jar:?]
	at java.security.AccessController.doPrivileged(Native Method) ~[?:1.8.0_332]
	at javax.security.auth.Subject.doAs(Subject.java:422) [?:1.8.0_332]
	at org.apache.hadoop.security.UserGroupInformation.doAs(UserGroupInformation.java:1878) [hadoop-common-3.3.1.jar:?]
	at org.apache.hadoop.ipc.Server$Handler.run(Server.java:2966) [hadoop-common-3.3.1.jar:?]
2022-06-24 23:46:33,024 [Time-limited test] INFO  fs.TrashPolicyDefault (TrashPolicyDefault.java:moveToTrash(188)) - Moved: '/testKey1' to trash at: /.Trash/runner/Current/testKey1
]]></system-out>
  </testcase>
  <testcase name="testRenameToTrashEnabled" classname="TestOzoneFileSystem" time="0.71">
    <system-out><![CDATA[23:49:35.690 [IPC Server handler 12 on default port 33165] ERROR OMAudit - user=runner | ip=127.0.0.1 | op=GET_FILE_STATUS {volume=volume99794, bucket=bucket10019, key=.Trash/runner/Current/testKey1, dataSize=0, replicationConfig=null} | ret=FAILURE
org.apache.hadoop.ozone.om.exceptions.OMException: Unable to get file status: volume: volume99794 bucket: bucket10019 key: .Trash/runner/Current/testKey1
	at org.apache.hadoop.ozone.om.KeyManagerImpl.getOzoneFileStatus(KeyManagerImpl.java:1311) ~[ozone-manager-1.3.0-SNAPSHOT.jar:?]
	at org.apache.hadoop.ozone.om.KeyManagerImpl.getFileStatus(KeyManagerImpl.java:1241) ~[ozone-manager-1.3.0-SNAPSHOT.jar:?]
	at org.apache.hadoop.ozone.om.OzoneManager.getFileStatus(OzoneManager.java:3419) ~[ozone-manager-1.3.0-SNAPSHOT.jar:?]
	at org.apache.hadoop.ozone.protocolPB.OzoneManagerRequestHandler.getOzoneFileStatus(OzoneManagerRequestHandler.java:871) ~[ozone-manager-1.3.0-SNAPSHOT.jar:?]
	at org.apache.hadoop.ozone.protocolPB.OzoneManagerRequestHandler.handleReadRequest(OzoneManagerRequestHandler.java:217) ~[ozone-manager-1.3.0-SNAPSHOT.jar:?]
	at org.apache.hadoop.ozone.protocolPB.OzoneManagerProtocolServerSideTranslatorPB.submitReadRequestToOM(OzoneManagerProtocolServerSideTranslatorPB.java:226) ~[ozone-manager-1.3.0-SNAPSHOT.jar:?]
	at org.apache.hadoop.ozone.protocolPB.OzoneManagerProtocolServerSideTranslatorPB.processRequest(OzoneManagerProtocolServerSideTranslatorPB.java:175) ~[ozone-manager-1.3.0-SNAPSHOT.jar:?]
	at org.apache.hadoop.hdds.server.OzoneProtocolMessageDispatcher.processRequest(OzoneProtocolMessageDispatcher.java:87) [hdds-server-framework-1.3.0-SNAPSHOT.jar:?]
	at org.apache.hadoop.ozone.protocolPB.OzoneManagerProtocolServerSideTranslatorPB.submitRequest(OzoneManagerProtocolServerSideTranslatorPB.java:147) [ozone-manager-1.3.0-SNAPSHOT.jar:?]
	at org.apache.hadoop.ozone.protocol.proto.OzoneManagerProtocolProtos$OzoneManagerService$2.callBlockingMethod(OzoneManagerProtocolProtos.java) [ozone-interface-client-1.3.0-SNAPSHOT.jar:?]
	at org.apache.hadoop.ipc.ProtobufRpcEngine$Server.processCall(ProtobufRpcEngine.java:466) [hadoop-common-3.3.1.jar:?]
	at org.apache.hadoop.ipc.ProtobufRpcEngine2$Server$ProtoBufRpcInvoker.call(ProtobufRpcEngine2.java:574) [hadoop-common-3.3.1.jar:?]
	at org.apache.hadoop.ipc.ProtobufRpcEngine2$Server$ProtoBufRpcInvoker.call(ProtobufRpcEngine2.java:552) [hadoop-common-3.3.1.jar:?]
	at org.apache.hadoop.ipc.RPC$Server.call(RPC.java:1093) [hadoop-common-3.3.1.jar:?]
	at org.apache.hadoop.ipc.Server$RpcCall.run(Server.java:1035) [hadoop-common-3.3.1.jar:?]
	at org.apache.hadoop.ipc.Server$RpcCall.run(Server.java:963) [hadoop-common-3.3.1.jar:?]
	at java.security.AccessController.doPrivileged(Native Method) ~[?:1.8.0_332]
	at javax.security.auth.Subject.doAs(Subject.java:422) [?:1.8.0_332]
	at org.apache.hadoop.security.UserGroupInformation.doAs(UserGroupInformation.java:1878) [hadoop-common-3.3.1.jar:?]
	at org.apache.hadoop.ipc.Server$Handler.run(Server.java:2966) [hadoop-common-3.3.1.jar:?]
23:49:35.735 [IPC Server handler 17 on default port 33165] ERROR OMAudit - user=runner | ip=127.0.0.1 | op=GET_FILE_STATUS {volume=volume99794, bucket=bucket10019, key=.Trash/runner/Current/testKey1, dataSize=0, replicationConfig=null} | ret=FAILURE
org.apache.hadoop.ozone.om.exceptions.OMException: Unable to get file status: volume: volume99794 bucket: bucket10019 key: .Trash/runner/Current/testKey1
	at org.apache.hadoop.ozone.om.KeyManagerImpl.getOzoneFileStatus(KeyManagerImpl.java:1311) ~[ozone-manager-1.3.0-SNAPSHOT.jar:?]
	at org.apache.hadoop.ozone.om.KeyManagerImpl.getFileStatus(KeyManagerImpl.java:1241) ~[ozone-manager-1.3.0-SNAPSHOT.jar:?]
	at org.apache.hadoop.ozone.om.OzoneManager.getFileStatus(OzoneManager.java:3419) ~[ozone-manager-1.3.0-SNAPSHOT.jar:?]
	at org.apache.hadoop.ozone.protocolPB.OzoneManagerRequestHandler.getOzoneFileStatus(OzoneManagerRequestHandler.java:871) ~[ozone-manager-1.3.0-SNAPSHOT.jar:?]
	at org.apache.hadoop.ozone.protocolPB.OzoneManagerRequestHandler.handleReadRequest(OzoneManagerRequestHandler.java:217) ~[ozone-manager-1.3.0-SNAPSHOT.jar:?]
	at org.apache.hadoop.ozone.protocolPB.OzoneManagerProtocolServerSideTranslatorPB.submitReadRequestToOM(OzoneManagerProtocolServerSideTranslatorPB.java:226) ~[ozone-manager-1.3.0-SNAPSHOT.jar:?]
	at org.apache.hadoop.ozone.protocolPB.OzoneManagerProtocolServerSideTranslatorPB.processRequest(OzoneManagerProtocolServerSideTranslatorPB.java:175) ~[ozone-manager-1.3.0-SNAPSHOT.jar:?]
	at org.apache.hadoop.hdds.server.OzoneProtocolMessageDispatcher.processRequest(OzoneProtocolMessageDispatcher.java:87) [hdds-server-framework-1.3.0-SNAPSHOT.jar:?]
	at org.apache.hadoop.ozone.protocolPB.OzoneManagerProtocolServerSideTranslatorPB.submitRequest(OzoneManagerProtocolServerSideTranslatorPB.java:147) [ozone-manager-1.3.0-SNAPSHOT.jar:?]
	at org.apache.hadoop.ozone.protocol.proto.OzoneManagerProtocolProtos$OzoneManagerService$2.callBlockingMethod(OzoneManagerProtocolProtos.java) [ozone-interface-client-1.3.0-SNAPSHOT.jar:?]
	at org.apache.hadoop.ipc.ProtobufRpcEngine$Server.processCall(ProtobufRpcEngine.java:466) [hadoop-common-3.3.1.jar:?]
	at org.apache.hadoop.ipc.ProtobufRpcEngine2$Server$ProtoBufRpcInvoker.call(ProtobufRpcEngine2.java:574) [hadoop-common-3.3.1.jar:?]
	at org.apache.hadoop.ipc.ProtobufRpcEngine2$Server$ProtoBufRpcInvoker.call(ProtobufRpcEngine2.java:552) [hadoop-common-3.3.1.jar:?]
	at org.apache.hadoop.ipc.RPC$Server.call(RPC.java:1093) [hadoop-common-3.3.1.jar:?]
	at org.apache.hadoop.ipc.Server$RpcCall.run(Server.java:1035) [hadoop-common-3.3.1.jar:?]
	at org.apache.hadoop.ipc.Server$RpcCall.run(Server.java:963) [hadoop-common-3.3.1.jar:?]
	at java.security.AccessController.doPrivileged(Native Method) ~[?:1.8.0_332]
	at javax.security.auth.Subject.doAs(Subject.java:422) [?:1.8.0_332]
	at org.apache.hadoop.security.UserGroupInformation.doAs(UserGroupInformation.java:1878) [hadoop-common-3.3.1.jar:?]
	at org.apache.hadoop.ipc.Server$Handler.run(Server.java:2966) [hadoop-common-3.3.1.jar:?]
2022-06-24 23:49:35,742 [Time-limited test] INFO  fs.TrashPolicyDefault (TrashPolicyDefault.java:moveToTrash(188)) - Moved: '/testKey1' to trash at: /.Trash/runner/Current/testKey1
]]></system-out>
  </testcase>
  <testcase name="testRenameToTrashEnabled" classname="TestOzoneFileSystem" time="0.263">
    <system-out><![CDATA[23:50:48.710 [IPC Server handler 3 on default port 33563] ERROR OMAudit - user=runner | ip=127.0.0.1 | op=GET_FILE_STATUS {volume=volume50176, bucket=bucket31866, key=.Trash/runner/Current/testKey1, dataSize=0, replicationConfig=null} | ret=FAILURE
org.apache.hadoop.ozone.om.exceptions.OMException: Unable to get file status: volume: volume50176 bucket: bucket31866 key: .Trash/runner/Current/testKey1
	at org.apache.hadoop.ozone.om.KeyManagerImpl.getOzoneFileStatus(KeyManagerImpl.java:1311) ~[ozone-manager-1.3.0-SNAPSHOT.jar:?]
	at org.apache.hadoop.ozone.om.KeyManagerImpl.getFileStatus(KeyManagerImpl.java:1241) ~[ozone-manager-1.3.0-SNAPSHOT.jar:?]
	at org.apache.hadoop.ozone.om.OzoneManager.getFileStatus(OzoneManager.java:3419) ~[ozone-manager-1.3.0-SNAPSHOT.jar:?]
	at org.apache.hadoop.ozone.protocolPB.OzoneManagerRequestHandler.getOzoneFileStatus(OzoneManagerRequestHandler.java:871) ~[ozone-manager-1.3.0-SNAPSHOT.jar:?]
	at org.apache.hadoop.ozone.protocolPB.OzoneManagerRequestHandler.handleReadRequest(OzoneManagerRequestHandler.java:217) ~[ozone-manager-1.3.0-SNAPSHOT.jar:?]
	at org.apache.hadoop.ozone.protocolPB.OzoneManagerProtocolServerSideTranslatorPB.submitRequestDirectlyToOM(OzoneManagerProtocolServerSideTranslatorPB.java:276) ~[ozone-manager-1.3.0-SNAPSHOT.jar:?]
	at org.apache.hadoop.ozone.protocolPB.OzoneManagerProtocolServerSideTranslatorPB.processRequest(OzoneManagerProtocolServerSideTranslatorPB.java:205) ~[ozone-manager-1.3.0-SNAPSHOT.jar:?]
	at org.apache.hadoop.hdds.server.OzoneProtocolMessageDispatcher.processRequest(OzoneProtocolMessageDispatcher.java:87) [hdds-server-framework-1.3.0-SNAPSHOT.jar:?]
	at org.apache.hadoop.ozone.protocolPB.OzoneManagerProtocolServerSideTranslatorPB.submitRequest(OzoneManagerProtocolServerSideTranslatorPB.java:147) [ozone-manager-1.3.0-SNAPSHOT.jar:?]
	at org.apache.hadoop.ozone.protocol.proto.OzoneManagerProtocolProtos$OzoneManagerService$2.callBlockingMethod(OzoneManagerProtocolProtos.java) [ozone-interface-client-1.3.0-SNAPSHOT.jar:?]
	at org.apache.hadoop.ipc.ProtobufRpcEngine$Server.processCall(ProtobufRpcEngine.java:466) [hadoop-common-3.3.1.jar:?]
	at org.apache.hadoop.ipc.ProtobufRpcEngine2$Server$ProtoBufRpcInvoker.call(ProtobufRpcEngine2.java:574) [hadoop-common-3.3.1.jar:?]
	at org.apache.hadoop.ipc.ProtobufRpcEngine2$Server$ProtoBufRpcInvoker.call(ProtobufRpcEngine2.java:552) [hadoop-common-3.3.1.jar:?]
	at org.apache.hadoop.ipc.RPC$Server.call(RPC.java:1093) [hadoop-common-3.3.1.jar:?]
	at org.apache.hadoop.ipc.Server$RpcCall.run(Server.java:1035) [hadoop-common-3.3.1.jar:?]
	at org.apache.hadoop.ipc.Server$RpcCall.run(Server.java:963) [hadoop-common-3.3.1.jar:?]
	at java.security.AccessController.doPrivileged(Native Method) ~[?:1.8.0_332]
	at javax.security.auth.Subject.doAs(Subject.java:422) [?:1.8.0_332]
	at org.apache.hadoop.security.UserGroupInformation.doAs(UserGroupInformation.java:1878) [hadoop-common-3.3.1.jar:?]
	at org.apache.hadoop.ipc.Server$Handler.run(Server.java:2966) [hadoop-common-3.3.1.jar:?]
23:50:48.712 [IPC Server handler 2 on default port 33563] ERROR OMAudit - user=runner | ip=127.0.0.1 | op=GET_FILE_STATUS {volume=volume50176, bucket=bucket31866, key=.Trash/runner/Current/testKey1, dataSize=0, replicationConfig=null} | ret=FAILURE
org.apache.hadoop.ozone.om.exceptions.OMException: Unable to get file status: volume: volume50176 bucket: bucket31866 key: .Trash/runner/Current/testKey1
	at org.apache.hadoop.ozone.om.KeyManagerImpl.getOzoneFileStatus(KeyManagerImpl.java:1311) ~[ozone-manager-1.3.0-SNAPSHOT.jar:?]
	at org.apache.hadoop.ozone.om.KeyManagerImpl.getFileStatus(KeyManagerImpl.java:1241) ~[ozone-manager-1.3.0-SNAPSHOT.jar:?]
	at org.apache.hadoop.ozone.om.OzoneManager.getFileStatus(OzoneManager.java:3419) ~[ozone-manager-1.3.0-SNAPSHOT.jar:?]
	at org.apache.hadoop.ozone.protocolPB.OzoneManagerRequestHandler.getOzoneFileStatus(OzoneManagerRequestHandler.java:871) ~[ozone-manager-1.3.0-SNAPSHOT.jar:?]
	at org.apache.hadoop.ozone.protocolPB.OzoneManagerRequestHandler.handleReadRequest(OzoneManagerRequestHandler.java:217) ~[ozone-manager-1.3.0-SNAPSHOT.jar:?]
	at org.apache.hadoop.ozone.protocolPB.OzoneManagerProtocolServerSideTranslatorPB.submitRequestDirectlyToOM(OzoneManagerProtocolServerSideTranslatorPB.java:276) ~[ozone-manager-1.3.0-SNAPSHOT.jar:?]
	at org.apache.hadoop.ozone.protocolPB.OzoneManagerProtocolServerSideTranslatorPB.processRequest(OzoneManagerProtocolServerSideTranslatorPB.java:205) ~[ozone-manager-1.3.0-SNAPSHOT.jar:?]
	at org.apache.hadoop.hdds.server.OzoneProtocolMessageDispatcher.processRequest(OzoneProtocolMessageDispatcher.java:87) [hdds-server-framework-1.3.0-SNAPSHOT.jar:?]
	at org.apache.hadoop.ozone.protocolPB.OzoneManagerProtocolServerSideTranslatorPB.submitRequest(OzoneManagerProtocolServerSideTranslatorPB.java:147) [ozone-manager-1.3.0-SNAPSHOT.jar:?]
	at org.apache.hadoop.ozone.protocol.proto.OzoneManagerProtocolProtos$OzoneManagerService$2.callBlockingMethod(OzoneManagerProtocolProtos.java) [ozone-interface-client-1.3.0-SNAPSHOT.jar:?]
	at org.apache.hadoop.ipc.ProtobufRpcEngine$Server.processCall(ProtobufRpcEngine.java:466) [hadoop-common-3.3.1.jar:?]
	at org.apache.hadoop.ipc.ProtobufRpcEngine2$Server$ProtoBufRpcInvoker.call(ProtobufRpcEngine2.java:574) [hadoop-common-3.3.1.jar:?]
	at org.apache.hadoop.ipc.ProtobufRpcEngine2$Server$ProtoBufRpcInvoker.call(ProtobufRpcEngine2.java:552) [hadoop-common-3.3.1.jar:?]
	at org.apache.hadoop.ipc.RPC$Server.call(RPC.java:1093) [hadoop-common-3.3.1.jar:?]
	at org.apache.hadoop.ipc.Server$RpcCall.run(Server.java:1035) [hadoop-common-3.3.1.jar:?]
	at org.apache.hadoop.ipc.Server$RpcCall.run(Server.java:963) [hadoop-common-3.3.1.jar:?]
	at java.security.AccessController.doPrivileged(Native Method) ~[?:1.8.0_332]
	at javax.security.auth.Subject.doAs(Subject.java:422) [?:1.8.0_332]
	at org.apache.hadoop.security.UserGroupInformation.doAs(UserGroupInformation.java:1878) [hadoop-common-3.3.1.jar:?]
	at org.apache.hadoop.ipc.Server$Handler.run(Server.java:2966) [hadoop-common-3.3.1.jar:?]
2022-06-24 23:50:48,715 [Time-limited test] INFO  fs.TrashPolicyDefault (TrashPolicyDefault.java:moveToTrash(188)) - Moved: '/testKey1' to trash at: /.Trash/runner/Current/testKey1
]]></system-out>
  </testcase>
  <testcase name="testListStatusWithIntermediateDir" classname="TestOzoneFileSystem" time="0.045">
    <system-out><![CDATA[2022-06-24 23:45:26,334 [IPC Server handler 16 on default port 39163] INFO  pipeline.PipelineStateManagerImpl (PipelineStateManagerImpl.java:addPipeline(101)) - Created pipeline Pipeline[ Id: d7a0bf40-cca5-480b-91e3-0afb6f8dde7a, Nodes: 18423a42-f8bb-48b0-9845-301087e2fcde{ip: 10.1.0.24, host: fv-az21-224.v4iizcarkezebbfea14bcgzyke.bx.internal.cloudapp.net, ports: [REPLICATION=45717, RATIS=45671, RATIS_ADMIN=45671, RATIS_SERVER=45671, STANDALONE=36383], networkLocation: /default-rack, certSerialId: null, persistedOpState: IN_SERVICE, persistedOpStateExpiryEpochSec: 0}, ReplicationConfig: STANDALONE/ONE, State:OPEN, leaderId:, CreationTimestamp2022-06-24T23:45:26.333Z[Etc/UTC]].
]]></system-out>
  </testcase>
  <testcase name="testListStatusWithIntermediateDir" classname="TestOzoneFileSystem" time="0.064">
    <system-out><![CDATA[2022-06-24 23:46:33,054 [IPC Server handler 9 on default port 40687] INFO  pipeline.PipelineStateManagerImpl (PipelineStateManagerImpl.java:addPipeline(101)) - Created pipeline Pipeline[ Id: 70616a2c-d26d-4b10-b490-3fdb194ade06, Nodes: bc644b0c-0e4b-489d-a6ba-eb86566737d4{ip: 10.1.0.24, host: fv-az21-224.v4iizcarkezebbfea14bcgzyke.bx.internal.cloudapp.net, ports: [REPLICATION=33797, RATIS=41849, RATIS_ADMIN=41849, RATIS_SERVER=41849, STANDALONE=43015], networkLocation: /default-rack, certSerialId: null, persistedOpState: IN_SERVICE, persistedOpStateExpiryEpochSec: 0}, ReplicationConfig: STANDALONE/ONE, State:OPEN, leaderId:, CreationTimestamp2022-06-24T23:46:33.053Z[Etc/UTC]].
]]></system-out>
  </testcase>
  <testcase name="testListStatusWithIntermediateDir" classname="TestOzoneFileSystem" time="0.091">
    <system-out><![CDATA[2022-06-24 23:49:35,811 [IPC Server handler 5 on default port 35985] INFO  pipeline.PipelineStateManagerImpl (PipelineStateManagerImpl.java:addPipeline(101)) - Created pipeline Pipeline[ Id: fd9fb618-c978-4d7c-bcd0-d828ab91964c, Nodes: 4178a181-7a8b-49ec-906e-515996c40b3d{ip: 10.1.0.24, host: fv-az21-224.v4iizcarkezebbfea14bcgzyke.bx.internal.cloudapp.net, ports: [REPLICATION=44005, RATIS=37729, RATIS_ADMIN=37729, RATIS_SERVER=37729, STANDALONE=34841], networkLocation: /default-rack, certSerialId: null, persistedOpState: IN_SERVICE, persistedOpStateExpiryEpochSec: 0}, ReplicationConfig: STANDALONE/ONE, State:OPEN, leaderId:, CreationTimestamp2022-06-24T23:49:35.793Z[Etc/UTC]].
]]></system-out>
  </testcase>
  <testcase name="testListStatusWithIntermediateDir" classname="TestOzoneFileSystem" time="0.059">
    <system-out><![CDATA[2022-06-24 23:50:48,760 [IPC Server handler 18 on default port 35115] INFO  pipeline.PipelineStateManagerImpl (PipelineStateManagerImpl.java:addPipeline(101)) - Created pipeline Pipeline[ Id: f592ae1d-4ffa-4d0f-849d-be26175efbcf, Nodes: e4b7c23e-ae07-4399-b4c7-5433903d8f4c{ip: 10.1.0.24, host: fv-az21-224.v4iizcarkezebbfea14bcgzyke.bx.internal.cloudapp.net, ports: [REPLICATION=34437, RATIS=37801, RATIS_ADMIN=37801, RATIS_SERVER=37801, STANDALONE=37619], networkLocation: /default-rack, certSerialId: null, persistedOpState: IN_SERVICE, persistedOpStateExpiryEpochSec: 0}, ReplicationConfig: STANDALONE/ONE, State:OPEN, leaderId:, CreationTimestamp2022-06-24T23:50:48.755Z[Etc/UTC]].
]]></system-out>
  </testcase>
  <testcase name="testRenameSourceAndDestinAreSame" classname="TestOzoneFileSystem" time="0.032"/>
  <testcase name="testRenameSourceAndDestinAreSame" classname="TestOzoneFileSystem" time="0.024"/>
  <testcase name="testRenameSourceAndDestinAreSame" classname="TestOzoneFileSystem" time="0.03"/>
  <testcase name="testRenameSourceAndDestinAreSame" classname="TestOzoneFileSystem" time="0.089">
    <system-out><![CDATA[2022-06-24 23:50:48,836 [e4b7c23e-ae07-4399-b4c7-5433903d8f4c@group-7301C1C6E889-FollowerState] INFO  impl.FollowerState (FollowerState.java:run(143)) - e4b7c23e-ae07-4399-b4c7-5433903d8f4c@group-7301C1C6E889-FollowerState: change to CANDIDATE, lastRpcElapsedTime:5097874342ns, electionTimeout:5095ms
2022-06-24 23:50:48,836 [e4b7c23e-ae07-4399-b4c7-5433903d8f4c@group-7301C1C6E889-FollowerState] INFO  impl.RoleInfo (RoleInfo.java:shutdownFollowerState(110)) - e4b7c23e-ae07-4399-b4c7-5433903d8f4c: shutdown e4b7c23e-ae07-4399-b4c7-5433903d8f4c@group-7301C1C6E889-FollowerState
2022-06-24 23:50:48,836 [e4b7c23e-ae07-4399-b4c7-5433903d8f4c@group-7301C1C6E889-FollowerState] INFO  server.RaftServer$Division (RaftServerImpl.java:setRole(299)) - e4b7c23e-ae07-4399-b4c7-5433903d8f4c@group-7301C1C6E889: changes role from  FOLLOWER to CANDIDATE at term 2 for changeToCandidate
2022-06-24 23:50:48,836 [e4b7c23e-ae07-4399-b4c7-5433903d8f4c@group-7301C1C6E889-FollowerState] INFO  server.RaftServerConfigKeys (ConfUtils.java:logGet(46)) - raft.server.leaderelection.pre-vote = false (custom)
2022-06-24 23:50:48,836 [e4b7c23e-ae07-4399-b4c7-5433903d8f4c@group-7301C1C6E889-FollowerState] INFO  impl.RoleInfo (RoleInfo.java:updateAndGet(139)) - e4b7c23e-ae07-4399-b4c7-5433903d8f4c: start e4b7c23e-ae07-4399-b4c7-5433903d8f4c@group-7301C1C6E889-LeaderElection64
]]></system-out>
  </testcase>
  <testcase name="testListStatusOnLargeDirectory" classname="TestOzoneFileSystem" time="9.411"/>
  <testcase name="testListStatusOnLargeDirectory" classname="TestOzoneFileSystem" time="6.02">
    <system-out><![CDATA[2022-06-24 23:46:36,099 [8e270ae6-3b8a-4b8d-ba53-7f31af20a9eb@group-2E3355F2685F-FollowerState] INFO  impl.FollowerState (FollowerState.java:run(143)) - 8e270ae6-3b8a-4b8d-ba53-7f31af20a9eb@group-2E3355F2685F-FollowerState: change to CANDIDATE, lastRpcElapsedTime:5095487695ns, electionTimeout:5077ms
2022-06-24 23:46:36,099 [8e270ae6-3b8a-4b8d-ba53-7f31af20a9eb@group-2E3355F2685F-FollowerState] INFO  impl.RoleInfo (RoleInfo.java:shutdownFollowerState(110)) - 8e270ae6-3b8a-4b8d-ba53-7f31af20a9eb: shutdown 8e270ae6-3b8a-4b8d-ba53-7f31af20a9eb@group-2E3355F2685F-FollowerState
2022-06-24 23:46:36,099 [8e270ae6-3b8a-4b8d-ba53-7f31af20a9eb@group-2E3355F2685F-FollowerState] INFO  server.RaftServer$Division (RaftServerImpl.java:setRole(299)) - 8e270ae6-3b8a-4b8d-ba53-7f31af20a9eb@group-2E3355F2685F: changes role from  FOLLOWER to CANDIDATE at term 2 for changeToCandidate
2022-06-24 23:46:36,099 [8e270ae6-3b8a-4b8d-ba53-7f31af20a9eb@group-2E3355F2685F-FollowerState] INFO  server.RaftServerConfigKeys (ConfUtils.java:logGet(46)) - raft.server.leaderelection.pre-vote = false (custom)
2022-06-24 23:46:36,099 [8e270ae6-3b8a-4b8d-ba53-7f31af20a9eb@group-2E3355F2685F-FollowerState] INFO  impl.RoleInfo (RoleInfo.java:updateAndGet(139)) - 8e270ae6-3b8a-4b8d-ba53-7f31af20a9eb: start 8e270ae6-3b8a-4b8d-ba53-7f31af20a9eb@group-2E3355F2685F-LeaderElection27
2022-06-24 23:46:36,138 [d25249de-707f-41fb-b0bd-e849b78f575c@group-2E3355F2685F-FollowerState] INFO  impl.FollowerState (FollowerState.java:run(143)) - d25249de-707f-41fb-b0bd-e849b78f575c@group-2E3355F2685F-FollowerState: change to CANDIDATE, lastRpcElapsedTime:5170449752ns, electionTimeout:5135ms
2022-06-24 23:46:36,138 [d25249de-707f-41fb-b0bd-e849b78f575c@group-2E3355F2685F-FollowerState] INFO  impl.RoleInfo (RoleInfo.java:shutdownFollowerState(110)) - d25249de-707f-41fb-b0bd-e849b78f575c: shutdown d25249de-707f-41fb-b0bd-e849b78f575c@group-2E3355F2685F-FollowerState
2022-06-24 23:46:36,138 [d25249de-707f-41fb-b0bd-e849b78f575c@group-2E3355F2685F-FollowerState] INFO  server.RaftServer$Division (RaftServerImpl.java:setRole(299)) - d25249de-707f-41fb-b0bd-e849b78f575c@group-2E3355F2685F: changes role from  FOLLOWER to CANDIDATE at term 2 for changeToCandidate
2022-06-24 23:46:36,152 [d25249de-707f-41fb-b0bd-e849b78f575c@group-2E3355F2685F-FollowerState] INFO  server.RaftServerConfigKeys (ConfUtils.java:logGet(46)) - raft.server.leaderelection.pre-vote = false (custom)
2022-06-24 23:46:36,152 [d25249de-707f-41fb-b0bd-e849b78f575c@group-2E3355F2685F-FollowerState] INFO  impl.RoleInfo (RoleInfo.java:updateAndGet(139)) - d25249de-707f-41fb-b0bd-e849b78f575c: start d25249de-707f-41fb-b0bd-e849b78f575c@group-2E3355F2685F-LeaderElection28
2022-06-24 23:46:36,157 [8e270ae6-3b8a-4b8d-ba53-7f31af20a9eb@group-2E3355F2685F-LeaderElection27] INFO  impl.LeaderElection (LeaderElection.java:askForVotes(310)) - 8e270ae6-3b8a-4b8d-ba53-7f31af20a9eb@group-2E3355F2685F-LeaderElection27 ELECTION round 0: submit vote requests at term 3 for -1: [8e270ae6-3b8a-4b8d-ba53-7f31af20a9eb|rpc:10.1.0.24:34827|dataStream:|priority:0, c8d3b1b7-e2cb-467c-92f2-e834465c7bf5|rpc:10.1.0.24:45959|dataStream:|priority:0, d25249de-707f-41fb-b0bd-e849b78f575c|rpc:10.1.0.24:36285|dataStream:|priority:1], old=null
2022-06-24 23:46:36,197 [c8d3b1b7-e2cb-467c-92f2-e834465c7bf5@group-2E3355F2685F-FollowerState] INFO  impl.FollowerState (FollowerState.java:run(143)) - c8d3b1b7-e2cb-467c-92f2-e834465c7bf5@group-2E3355F2685F-FollowerState: change to CANDIDATE, lastRpcElapsedTime:5220312356ns, electionTimeout:5163ms
2022-06-24 23:46:36,197 [c8d3b1b7-e2cb-467c-92f2-e834465c7bf5@group-2E3355F2685F-FollowerState] INFO  impl.RoleInfo (RoleInfo.java:shutdownFollowerState(110)) - c8d3b1b7-e2cb-467c-92f2-e834465c7bf5: shutdown c8d3b1b7-e2cb-467c-92f2-e834465c7bf5@group-2E3355F2685F-FollowerState
2022-06-24 23:46:36,197 [c8d3b1b7-e2cb-467c-92f2-e834465c7bf5@group-2E3355F2685F-FollowerState] INFO  server.RaftServer$Division (RaftServerImpl.java:setRole(299)) - c8d3b1b7-e2cb-467c-92f2-e834465c7bf5@group-2E3355F2685F: changes role from  FOLLOWER to CANDIDATE at term 2 for changeToCandidate
2022-06-24 23:46:36,197 [c8d3b1b7-e2cb-467c-92f2-e834465c7bf5@group-2E3355F2685F-FollowerState] INFO  server.RaftServerConfigKeys (ConfUtils.java:logGet(46)) - raft.server.leaderelection.pre-vote = false (custom)
2022-06-24 23:46:36,197 [c8d3b1b7-e2cb-467c-92f2-e834465c7bf5@group-2E3355F2685F-FollowerState] INFO  impl.RoleInfo (RoleInfo.java:updateAndGet(139)) - c8d3b1b7-e2cb-467c-92f2-e834465c7bf5: start c8d3b1b7-e2cb-467c-92f2-e834465c7bf5@group-2E3355F2685F-LeaderElection29
2022-06-24 23:46:36,200 [d25249de-707f-41fb-b0bd-e849b78f575c@group-2E3355F2685F-LeaderElection28] INFO  impl.LeaderElection (LeaderElection.java:askForVotes(310)) - d25249de-707f-41fb-b0bd-e849b78f575c@group-2E3355F2685F-LeaderElection28 ELECTION round 0: submit vote requests at term 3 for -1: [8e270ae6-3b8a-4b8d-ba53-7f31af20a9eb|rpc:10.1.0.24:34827|dataStream:|priority:0, c8d3b1b7-e2cb-467c-92f2-e834465c7bf5|rpc:10.1.0.24:45959|dataStream:|priority:0, d25249de-707f-41fb-b0bd-e849b78f575c|rpc:10.1.0.24:36285|dataStream:|priority:1], old=null
2022-06-24 23:46:36,236 [c8d3b1b7-e2cb-467c-92f2-e834465c7bf5@group-2E3355F2685F-LeaderElection29] INFO  impl.LeaderElection (LeaderElection.java:askForVotes(310)) - c8d3b1b7-e2cb-467c-92f2-e834465c7bf5@group-2E3355F2685F-LeaderElection29 ELECTION round 0: submit vote requests at term 3 for -1: [8e270ae6-3b8a-4b8d-ba53-7f31af20a9eb|rpc:10.1.0.24:34827|priority:0, c8d3b1b7-e2cb-467c-92f2-e834465c7bf5|rpc:10.1.0.24:45959|priority:0, d25249de-707f-41fb-b0bd-e849b78f575c|rpc:10.1.0.24:36285|priority:1], old=null
2022-06-24 23:46:36,283 [grpc-default-executor-2] INFO  server.RaftServer$Division (RaftServerImpl.java:requestVote(1152)) - 8e270ae6-3b8a-4b8d-ba53-7f31af20a9eb@group-2E3355F2685F: receive requestVote(ELECTION, d25249de-707f-41fb-b0bd-e849b78f575c, group-2E3355F2685F, 3, (t:0, i:0))
2022-06-24 23:46:36,284 [grpc-default-executor-2] INFO  impl.VoteContext (VoteContext.java:log(48)) - 8e270ae6-3b8a-4b8d-ba53-7f31af20a9eb@group-2E3355F2685F-CANDIDATE: reject ELECTION from d25249de-707f-41fb-b0bd-e849b78f575c: already has voted for 8e270ae6-3b8a-4b8d-ba53-7f31af20a9eb at current term 3
2022-06-24 23:46:36,284 [grpc-default-executor-2] INFO  server.RaftServer$Division (RaftServerImpl.java:requestVote(1184)) - 8e270ae6-3b8a-4b8d-ba53-7f31af20a9eb@group-2E3355F2685F replies to ELECTION vote request: d25249de-707f-41fb-b0bd-e849b78f575c<-8e270ae6-3b8a-4b8d-ba53-7f31af20a9eb#0:FAIL-t3. Peer's state: 8e270ae6-3b8a-4b8d-ba53-7f31af20a9eb@group-2E3355F2685F:t3, leader=null, voted=8e270ae6-3b8a-4b8d-ba53-7f31af20a9eb, raftlog=8e270ae6-3b8a-4b8d-ba53-7f31af20a9eb@group-2E3355F2685F-SegmentedRaftLog:OPENED:c-1, conf=-1: [8e270ae6-3b8a-4b8d-ba53-7f31af20a9eb|rpc:10.1.0.24:34827|dataStream:|priority:0, c8d3b1b7-e2cb-467c-92f2-e834465c7bf5|rpc:10.1.0.24:45959|dataStream:|priority:0, d25249de-707f-41fb-b0bd-e849b78f575c|rpc:10.1.0.24:36285|dataStream:|priority:1], old=null
2022-06-24 23:46:36,286 [grpc-default-executor-3] INFO  server.RaftServer$Division (RaftServerImpl.java:requestVote(1152)) - c8d3b1b7-e2cb-467c-92f2-e834465c7bf5@group-2E3355F2685F: receive requestVote(ELECTION, 8e270ae6-3b8a-4b8d-ba53-7f31af20a9eb, group-2E3355F2685F, 3, (t:0, i:0))
2022-06-24 23:46:36,286 [grpc-default-executor-3] INFO  impl.VoteContext (VoteContext.java:log(48)) - c8d3b1b7-e2cb-467c-92f2-e834465c7bf5@group-2E3355F2685F-CANDIDATE: reject ELECTION from 8e270ae6-3b8a-4b8d-ba53-7f31af20a9eb: already has voted for c8d3b1b7-e2cb-467c-92f2-e834465c7bf5 at current term 3
2022-06-24 23:46:36,286 [grpc-default-executor-3] INFO  server.RaftServer$Division (RaftServerImpl.java:requestVote(1184)) - c8d3b1b7-e2cb-467c-92f2-e834465c7bf5@group-2E3355F2685F replies to ELECTION vote request: 8e270ae6-3b8a-4b8d-ba53-7f31af20a9eb<-c8d3b1b7-e2cb-467c-92f2-e834465c7bf5#0:FAIL-t3. Peer's state: c8d3b1b7-e2cb-467c-92f2-e834465c7bf5@group-2E3355F2685F:t3, leader=null, voted=c8d3b1b7-e2cb-467c-92f2-e834465c7bf5, raftlog=c8d3b1b7-e2cb-467c-92f2-e834465c7bf5@group-2E3355F2685F-SegmentedRaftLog:OPENED:c-1, conf=-1: [8e270ae6-3b8a-4b8d-ba53-7f31af20a9eb|rpc:10.1.0.24:34827|priority:0, c8d3b1b7-e2cb-467c-92f2-e834465c7bf5|rpc:10.1.0.24:45959|priority:0, d25249de-707f-41fb-b0bd-e849b78f575c|rpc:10.1.0.24:36285|priority:1], old=null
2022-06-24 23:46:36,287 [grpc-default-executor-1] INFO  server.RaftServer$Division (RaftServerImpl.java:requestVote(1152)) - c8d3b1b7-e2cb-467c-92f2-e834465c7bf5@group-2E3355F2685F: receive requestVote(ELECTION, d25249de-707f-41fb-b0bd-e849b78f575c, group-2E3355F2685F, 3, (t:0, i:0))
2022-06-24 23:46:36,287 [grpc-default-executor-1] INFO  impl.VoteContext (VoteContext.java:log(48)) - c8d3b1b7-e2cb-467c-92f2-e834465c7bf5@group-2E3355F2685F-CANDIDATE: reject ELECTION from d25249de-707f-41fb-b0bd-e849b78f575c: already has voted for c8d3b1b7-e2cb-467c-92f2-e834465c7bf5 at current term 3
2022-06-24 23:46:36,288 [grpc-default-executor-1] INFO  server.RaftServer$Division (RaftServerImpl.java:requestVote(1184)) - c8d3b1b7-e2cb-467c-92f2-e834465c7bf5@group-2E3355F2685F replies to ELECTION vote request: d25249de-707f-41fb-b0bd-e849b78f575c<-c8d3b1b7-e2cb-467c-92f2-e834465c7bf5#0:FAIL-t3. Peer's state: c8d3b1b7-e2cb-467c-92f2-e834465c7bf5@group-2E3355F2685F:t3, leader=null, voted=c8d3b1b7-e2cb-467c-92f2-e834465c7bf5, raftlog=c8d3b1b7-e2cb-467c-92f2-e834465c7bf5@group-2E3355F2685F-SegmentedRaftLog:OPENED:c-1, conf=-1: [8e270ae6-3b8a-4b8d-ba53-7f31af20a9eb|rpc:10.1.0.24:34827|priority:0, c8d3b1b7-e2cb-467c-92f2-e834465c7bf5|rpc:10.1.0.24:45959|priority:0, d25249de-707f-41fb-b0bd-e849b78f575c|rpc:10.1.0.24:36285|priority:1], old=null
2022-06-24 23:46:36,288 [d25249de-707f-41fb-b0bd-e849b78f575c@group-2E3355F2685F-LeaderElection28] INFO  impl.LeaderElection (LeaderElection.java:logAndReturn(90)) - d25249de-707f-41fb-b0bd-e849b78f575c@group-2E3355F2685F-LeaderElection28: ELECTION REJECTED received 2 response(s) and 0 exception(s):
2022-06-24 23:46:36,288 [d25249de-707f-41fb-b0bd-e849b78f575c@group-2E3355F2685F-LeaderElection28] INFO  impl.LeaderElection (LeaderElection.java:logAndReturn(94)) -   Response 0: d25249de-707f-41fb-b0bd-e849b78f575c<-8e270ae6-3b8a-4b8d-ba53-7f31af20a9eb#0:FAIL-t3
2022-06-24 23:46:36,288 [d25249de-707f-41fb-b0bd-e849b78f575c@group-2E3355F2685F-LeaderElection28] INFO  impl.LeaderElection (LeaderElection.java:logAndReturn(94)) -   Response 1: d25249de-707f-41fb-b0bd-e849b78f575c<-c8d3b1b7-e2cb-467c-92f2-e834465c7bf5#0:FAIL-t3
2022-06-24 23:46:36,288 [d25249de-707f-41fb-b0bd-e849b78f575c@group-2E3355F2685F-LeaderElection28] INFO  impl.LeaderElection (LeaderElection.java:askForVotes(312)) - d25249de-707f-41fb-b0bd-e849b78f575c@group-2E3355F2685F-LeaderElection28 ELECTION round 0: result REJECTED
2022-06-24 23:46:36,288 [d25249de-707f-41fb-b0bd-e849b78f575c@group-2E3355F2685F-LeaderElection28] INFO  server.RaftServer$Division (RaftServerImpl.java:setRole(299)) - d25249de-707f-41fb-b0bd-e849b78f575c@group-2E3355F2685F: changes role from CANDIDATE to FOLLOWER at term 3 for REJECTED
2022-06-24 23:46:36,288 [d25249de-707f-41fb-b0bd-e849b78f575c@group-2E3355F2685F-LeaderElection28] INFO  impl.RoleInfo (RoleInfo.java:shutdownLeaderElection(130)) - d25249de-707f-41fb-b0bd-e849b78f575c: shutdown d25249de-707f-41fb-b0bd-e849b78f575c@group-2E3355F2685F-LeaderElection28
2022-06-24 23:46:36,288 [d25249de-707f-41fb-b0bd-e849b78f575c@group-2E3355F2685F-LeaderElection28] INFO  impl.RoleInfo (RoleInfo.java:updateAndGet(139)) - d25249de-707f-41fb-b0bd-e849b78f575c: start d25249de-707f-41fb-b0bd-e849b78f575c@group-2E3355F2685F-FollowerState
2022-06-24 23:46:36,298 [grpc-default-executor-3] INFO  server.RaftServer$Division (RaftServerImpl.java:requestVote(1152)) - d25249de-707f-41fb-b0bd-e849b78f575c@group-2E3355F2685F: receive requestVote(ELECTION, 8e270ae6-3b8a-4b8d-ba53-7f31af20a9eb, group-2E3355F2685F, 3, (t:0, i:0))
2022-06-24 23:46:36,298 [grpc-default-executor-3] INFO  impl.VoteContext (VoteContext.java:log(48)) - d25249de-707f-41fb-b0bd-e849b78f575c@group-2E3355F2685F-FOLLOWER: reject ELECTION from 8e270ae6-3b8a-4b8d-ba53-7f31af20a9eb: already has voted for d25249de-707f-41fb-b0bd-e849b78f575c at current term 3
2022-06-24 23:46:36,298 [grpc-default-executor-3] INFO  server.RaftServer$Division (RaftServerImpl.java:requestVote(1184)) - d25249de-707f-41fb-b0bd-e849b78f575c@group-2E3355F2685F replies to ELECTION vote request: 8e270ae6-3b8a-4b8d-ba53-7f31af20a9eb<-d25249de-707f-41fb-b0bd-e849b78f575c#0:FAIL-t3. Peer's state: d25249de-707f-41fb-b0bd-e849b78f575c@group-2E3355F2685F:t3, leader=null, voted=d25249de-707f-41fb-b0bd-e849b78f575c, raftlog=d25249de-707f-41fb-b0bd-e849b78f575c@group-2E3355F2685F-SegmentedRaftLog:OPENED:c-1, conf=-1: [8e270ae6-3b8a-4b8d-ba53-7f31af20a9eb|rpc:10.1.0.24:34827|dataStream:|priority:0, c8d3b1b7-e2cb-467c-92f2-e834465c7bf5|rpc:10.1.0.24:45959|dataStream:|priority:0, d25249de-707f-41fb-b0bd-e849b78f575c|rpc:10.1.0.24:36285|dataStream:|priority:1], old=null
2022-06-24 23:46:36,299 [grpc-default-executor-1] INFO  server.RaftServer$Division (RaftServerImpl.java:requestVote(1152)) - 8e270ae6-3b8a-4b8d-ba53-7f31af20a9eb@group-2E3355F2685F: receive requestVote(ELECTION, c8d3b1b7-e2cb-467c-92f2-e834465c7bf5, group-2E3355F2685F, 3, (t:0, i:0))
2022-06-24 23:46:36,299 [grpc-default-executor-1] INFO  impl.VoteContext (VoteContext.java:log(48)) - 8e270ae6-3b8a-4b8d-ba53-7f31af20a9eb@group-2E3355F2685F-CANDIDATE: reject ELECTION from c8d3b1b7-e2cb-467c-92f2-e834465c7bf5: already has voted for 8e270ae6-3b8a-4b8d-ba53-7f31af20a9eb at current term 3
2022-06-24 23:46:36,299 [grpc-default-executor-1] INFO  server.RaftServer$Division (RaftServerImpl.java:requestVote(1184)) - 8e270ae6-3b8a-4b8d-ba53-7f31af20a9eb@group-2E3355F2685F replies to ELECTION vote request: c8d3b1b7-e2cb-467c-92f2-e834465c7bf5<-8e270ae6-3b8a-4b8d-ba53-7f31af20a9eb#0:FAIL-t3. Peer's state: 8e270ae6-3b8a-4b8d-ba53-7f31af20a9eb@group-2E3355F2685F:t3, leader=null, voted=8e270ae6-3b8a-4b8d-ba53-7f31af20a9eb, raftlog=8e270ae6-3b8a-4b8d-ba53-7f31af20a9eb@group-2E3355F2685F-SegmentedRaftLog:OPENED:c-1, conf=-1: [8e270ae6-3b8a-4b8d-ba53-7f31af20a9eb|rpc:10.1.0.24:34827|dataStream:|priority:0, c8d3b1b7-e2cb-467c-92f2-e834465c7bf5|rpc:10.1.0.24:45959|dataStream:|priority:0, d25249de-707f-41fb-b0bd-e849b78f575c|rpc:10.1.0.24:36285|dataStream:|priority:1], old=null
2022-06-24 23:46:36,305 [grpc-default-executor-2] INFO  server.RaftServer$Division (RaftServerImpl.java:requestVote(1152)) - d25249de-707f-41fb-b0bd-e849b78f575c@group-2E3355F2685F: receive requestVote(ELECTION, c8d3b1b7-e2cb-467c-92f2-e834465c7bf5, group-2E3355F2685F, 3, (t:0, i:0))
2022-06-24 23:46:36,305 [grpc-default-executor-2] INFO  impl.VoteContext (VoteContext.java:log(48)) - d25249de-707f-41fb-b0bd-e849b78f575c@group-2E3355F2685F-FOLLOWER: reject ELECTION from c8d3b1b7-e2cb-467c-92f2-e834465c7bf5: already has voted for d25249de-707f-41fb-b0bd-e849b78f575c at current term 3
2022-06-24 23:46:36,305 [grpc-default-executor-2] INFO  server.RaftServer$Division (RaftServerImpl.java:requestVote(1184)) - d25249de-707f-41fb-b0bd-e849b78f575c@group-2E3355F2685F replies to ELECTION vote request: c8d3b1b7-e2cb-467c-92f2-e834465c7bf5<-d25249de-707f-41fb-b0bd-e849b78f575c#0:FAIL-t3. Peer's state: d25249de-707f-41fb-b0bd-e849b78f575c@group-2E3355F2685F:t3, leader=null, voted=d25249de-707f-41fb-b0bd-e849b78f575c, raftlog=d25249de-707f-41fb-b0bd-e849b78f575c@group-2E3355F2685F-SegmentedRaftLog:OPENED:c-1, conf=-1: [8e270ae6-3b8a-4b8d-ba53-7f31af20a9eb|rpc:10.1.0.24:34827|dataStream:|priority:0, c8d3b1b7-e2cb-467c-92f2-e834465c7bf5|rpc:10.1.0.24:45959|dataStream:|priority:0, d25249de-707f-41fb-b0bd-e849b78f575c|rpc:10.1.0.24:36285|dataStream:|priority:1], old=null
2022-06-24 23:46:36,306 [8e270ae6-3b8a-4b8d-ba53-7f31af20a9eb@group-2E3355F2685F-LeaderElection27] INFO  impl.LeaderElection (LeaderElection.java:logAndReturn(90)) - 8e270ae6-3b8a-4b8d-ba53-7f31af20a9eb@group-2E3355F2685F-LeaderElection27: ELECTION REJECTED received 2 response(s) and 0 exception(s):
2022-06-24 23:46:36,306 [8e270ae6-3b8a-4b8d-ba53-7f31af20a9eb@group-2E3355F2685F-LeaderElection27] INFO  impl.LeaderElection (LeaderElection.java:logAndReturn(94)) -   Response 0: 8e270ae6-3b8a-4b8d-ba53-7f31af20a9eb<-c8d3b1b7-e2cb-467c-92f2-e834465c7bf5#0:FAIL-t3
2022-06-24 23:46:36,306 [8e270ae6-3b8a-4b8d-ba53-7f31af20a9eb@group-2E3355F2685F-LeaderElection27] INFO  impl.LeaderElection (LeaderElection.java:logAndReturn(94)) -   Response 1: 8e270ae6-3b8a-4b8d-ba53-7f31af20a9eb<-d25249de-707f-41fb-b0bd-e849b78f575c#0:FAIL-t3
2022-06-24 23:46:36,306 [8e270ae6-3b8a-4b8d-ba53-7f31af20a9eb@group-2E3355F2685F-LeaderElection27] INFO  impl.LeaderElection (LeaderElection.java:askForVotes(312)) - 8e270ae6-3b8a-4b8d-ba53-7f31af20a9eb@group-2E3355F2685F-LeaderElection27 ELECTION round 0: result REJECTED
2022-06-24 23:46:36,306 [8e270ae6-3b8a-4b8d-ba53-7f31af20a9eb@group-2E3355F2685F-LeaderElection27] INFO  server.RaftServer$Division (RaftServerImpl.java:setRole(299)) - 8e270ae6-3b8a-4b8d-ba53-7f31af20a9eb@group-2E3355F2685F: changes role from CANDIDATE to FOLLOWER at term 3 for REJECTED
2022-06-24 23:46:36,306 [8e270ae6-3b8a-4b8d-ba53-7f31af20a9eb@group-2E3355F2685F-LeaderElection27] INFO  impl.RoleInfo (RoleInfo.java:shutdownLeaderElection(130)) - 8e270ae6-3b8a-4b8d-ba53-7f31af20a9eb: shutdown 8e270ae6-3b8a-4b8d-ba53-7f31af20a9eb@group-2E3355F2685F-LeaderElection27
2022-06-24 23:46:36,307 [8e270ae6-3b8a-4b8d-ba53-7f31af20a9eb@group-2E3355F2685F-LeaderElection27] INFO  impl.RoleInfo (RoleInfo.java:updateAndGet(139)) - 8e270ae6-3b8a-4b8d-ba53-7f31af20a9eb: start 8e270ae6-3b8a-4b8d-ba53-7f31af20a9eb@group-2E3355F2685F-FollowerState
2022-06-24 23:46:36,319 [c8d3b1b7-e2cb-467c-92f2-e834465c7bf5@group-2E3355F2685F-LeaderElection29] INFO  impl.LeaderElection (LeaderElection.java:logAndReturn(90)) - c8d3b1b7-e2cb-467c-92f2-e834465c7bf5@group-2E3355F2685F-LeaderElection29: ELECTION REJECTED received 1 response(s) and 0 exception(s):
2022-06-24 23:46:36,319 [c8d3b1b7-e2cb-467c-92f2-e834465c7bf5@group-2E3355F2685F-LeaderElection29] INFO  impl.LeaderElection (LeaderElection.java:logAndReturn(94)) -   Response 0: c8d3b1b7-e2cb-467c-92f2-e834465c7bf5<-d25249de-707f-41fb-b0bd-e849b78f575c#0:FAIL-t3
2022-06-24 23:46:36,319 [c8d3b1b7-e2cb-467c-92f2-e834465c7bf5@group-2E3355F2685F-LeaderElection29] INFO  impl.LeaderElection (LeaderElection.java:askForVotes(312)) - c8d3b1b7-e2cb-467c-92f2-e834465c7bf5@group-2E3355F2685F-LeaderElection29 ELECTION round 0: result REJECTED
2022-06-24 23:46:36,319 [c8d3b1b7-e2cb-467c-92f2-e834465c7bf5@group-2E3355F2685F-LeaderElection29] INFO  server.RaftServer$Division (RaftServerImpl.java:setRole(299)) - c8d3b1b7-e2cb-467c-92f2-e834465c7bf5@group-2E3355F2685F: changes role from CANDIDATE to FOLLOWER at term 3 for REJECTED
2022-06-24 23:46:36,319 [c8d3b1b7-e2cb-467c-92f2-e834465c7bf5@group-2E3355F2685F-LeaderElection29] INFO  impl.RoleInfo (RoleInfo.java:shutdownLeaderElection(130)) - c8d3b1b7-e2cb-467c-92f2-e834465c7bf5: shutdown c8d3b1b7-e2cb-467c-92f2-e834465c7bf5@group-2E3355F2685F-LeaderElection29
2022-06-24 23:46:36,319 [c8d3b1b7-e2cb-467c-92f2-e834465c7bf5@group-2E3355F2685F-LeaderElection29] INFO  impl.RoleInfo (RoleInfo.java:updateAndGet(139)) - c8d3b1b7-e2cb-467c-92f2-e834465c7bf5: start c8d3b1b7-e2cb-467c-92f2-e834465c7bf5@group-2E3355F2685F-FollowerState
]]></system-out>
  </testcase>
  <testcase name="testListStatusOnLargeDirectory" classname="TestOzoneFileSystem" time="9.403"/>
  <testcase name="testListStatusOnLargeDirectory" classname="TestOzoneFileSystem" time="8.941">
    <system-out><![CDATA[2022-06-24 23:50:48,889 [e0e9d4ea-e5ff-4cfc-8100-64ee9cc1170c@group-7301C1C6E889-FollowerState] INFO  impl.FollowerState (FollowerState.java:run(143)) - e0e9d4ea-e5ff-4cfc-8100-64ee9cc1170c@group-7301C1C6E889-FollowerState: change to CANDIDATE, lastRpcElapsedTime:5143479002ns, electionTimeout:5126ms
2022-06-24 23:50:48,889 [e0e9d4ea-e5ff-4cfc-8100-64ee9cc1170c@group-7301C1C6E889-FollowerState] INFO  impl.RoleInfo (RoleInfo.java:shutdownFollowerState(110)) - e0e9d4ea-e5ff-4cfc-8100-64ee9cc1170c: shutdown e0e9d4ea-e5ff-4cfc-8100-64ee9cc1170c@group-7301C1C6E889-FollowerState
2022-06-24 23:50:48,889 [e0e9d4ea-e5ff-4cfc-8100-64ee9cc1170c@group-7301C1C6E889-FollowerState] INFO  server.RaftServer$Division (RaftServerImpl.java:setRole(299)) - e0e9d4ea-e5ff-4cfc-8100-64ee9cc1170c@group-7301C1C6E889: changes role from  FOLLOWER to CANDIDATE at term 2 for changeToCandidate
2022-06-24 23:50:48,891 [e0e9d4ea-e5ff-4cfc-8100-64ee9cc1170c@group-7301C1C6E889-FollowerState] INFO  server.RaftServerConfigKeys (ConfUtils.java:logGet(46)) - raft.server.leaderelection.pre-vote = false (custom)
2022-06-24 23:50:48,891 [e0e9d4ea-e5ff-4cfc-8100-64ee9cc1170c@group-7301C1C6E889-FollowerState] INFO  impl.RoleInfo (RoleInfo.java:updateAndGet(139)) - e0e9d4ea-e5ff-4cfc-8100-64ee9cc1170c: start e0e9d4ea-e5ff-4cfc-8100-64ee9cc1170c@group-7301C1C6E889-LeaderElection65
2022-06-24 23:50:48,895 [e4b7c23e-ae07-4399-b4c7-5433903d8f4c@group-7301C1C6E889-LeaderElection64] INFO  impl.LeaderElection (LeaderElection.java:askForVotes(310)) - e4b7c23e-ae07-4399-b4c7-5433903d8f4c@group-7301C1C6E889-LeaderElection64 ELECTION round 0: submit vote requests at term 3 for -1: [e4b7c23e-ae07-4399-b4c7-5433903d8f4c|rpc:10.1.0.24:37801|dataStream:|priority:1, e0e9d4ea-e5ff-4cfc-8100-64ee9cc1170c|rpc:10.1.0.24:37185|dataStream:|priority:0, aaaf6e37-99bf-4100-a292-78f58d03488b|rpc:10.1.0.24:32839|dataStream:|priority:0], old=null
2022-06-24 23:50:48,929 [e0e9d4ea-e5ff-4cfc-8100-64ee9cc1170c@group-7301C1C6E889-LeaderElection65] INFO  impl.LeaderElection (LeaderElection.java:askForVotes(310)) - e0e9d4ea-e5ff-4cfc-8100-64ee9cc1170c@group-7301C1C6E889-LeaderElection65 ELECTION round 0: submit vote requests at term 3 for -1: [e4b7c23e-ae07-4399-b4c7-5433903d8f4c|rpc:10.1.0.24:37801|priority:1, e0e9d4ea-e5ff-4cfc-8100-64ee9cc1170c|rpc:10.1.0.24:37185|priority:0, aaaf6e37-99bf-4100-a292-78f58d03488b|rpc:10.1.0.24:32839|priority:0], old=null
2022-06-24 23:50:48,953 [aaaf6e37-99bf-4100-a292-78f58d03488b@group-7301C1C6E889-FollowerState] INFO  impl.FollowerState (FollowerState.java:run(143)) - aaaf6e37-99bf-4100-a292-78f58d03488b@group-7301C1C6E889-FollowerState: change to CANDIDATE, lastRpcElapsedTime:5117622062ns, electionTimeout:5094ms
2022-06-24 23:50:48,953 [aaaf6e37-99bf-4100-a292-78f58d03488b@group-7301C1C6E889-FollowerState] INFO  impl.RoleInfo (RoleInfo.java:shutdownFollowerState(110)) - aaaf6e37-99bf-4100-a292-78f58d03488b: shutdown aaaf6e37-99bf-4100-a292-78f58d03488b@group-7301C1C6E889-FollowerState
2022-06-24 23:50:48,954 [aaaf6e37-99bf-4100-a292-78f58d03488b@group-7301C1C6E889-FollowerState] INFO  server.RaftServer$Division (RaftServerImpl.java:setRole(299)) - aaaf6e37-99bf-4100-a292-78f58d03488b@group-7301C1C6E889: changes role from  FOLLOWER to CANDIDATE at term 2 for changeToCandidate
2022-06-24 23:50:48,999 [aaaf6e37-99bf-4100-a292-78f58d03488b@group-7301C1C6E889-FollowerState] INFO  server.RaftServerConfigKeys (ConfUtils.java:logGet(46)) - raft.server.leaderelection.pre-vote = false (custom)
2022-06-24 23:50:48,999 [aaaf6e37-99bf-4100-a292-78f58d03488b@group-7301C1C6E889-FollowerState] INFO  impl.RoleInfo (RoleInfo.java:updateAndGet(139)) - aaaf6e37-99bf-4100-a292-78f58d03488b: start aaaf6e37-99bf-4100-a292-78f58d03488b@group-7301C1C6E889-LeaderElection66
2022-06-24 23:50:49,002 [grpc-default-executor-3] INFO  server.RaftServer$Division (RaftServerImpl.java:requestVote(1152)) - e4b7c23e-ae07-4399-b4c7-5433903d8f4c@group-7301C1C6E889: receive requestVote(ELECTION, e0e9d4ea-e5ff-4cfc-8100-64ee9cc1170c, group-7301C1C6E889, 3, (t:0, i:0))
2022-06-24 23:50:49,002 [grpc-default-executor-3] INFO  impl.VoteContext (VoteContext.java:log(48)) - e4b7c23e-ae07-4399-b4c7-5433903d8f4c@group-7301C1C6E889-CANDIDATE: reject ELECTION from e0e9d4ea-e5ff-4cfc-8100-64ee9cc1170c: already has voted for e4b7c23e-ae07-4399-b4c7-5433903d8f4c at current term 3
2022-06-24 23:50:49,002 [grpc-default-executor-3] INFO  server.RaftServer$Division (RaftServerImpl.java:requestVote(1184)) - e4b7c23e-ae07-4399-b4c7-5433903d8f4c@group-7301C1C6E889 replies to ELECTION vote request: e0e9d4ea-e5ff-4cfc-8100-64ee9cc1170c<-e4b7c23e-ae07-4399-b4c7-5433903d8f4c#0:FAIL-t3. Peer's state: e4b7c23e-ae07-4399-b4c7-5433903d8f4c@group-7301C1C6E889:t3, leader=null, voted=e4b7c23e-ae07-4399-b4c7-5433903d8f4c, raftlog=e4b7c23e-ae07-4399-b4c7-5433903d8f4c@group-7301C1C6E889-SegmentedRaftLog:OPENED:c-1, conf=-1: [e4b7c23e-ae07-4399-b4c7-5433903d8f4c|rpc:10.1.0.24:37801|dataStream:|priority:1, e0e9d4ea-e5ff-4cfc-8100-64ee9cc1170c|rpc:10.1.0.24:37185|dataStream:|priority:0, aaaf6e37-99bf-4100-a292-78f58d03488b|rpc:10.1.0.24:32839|dataStream:|priority:0], old=null
2022-06-24 23:50:49,003 [e0e9d4ea-e5ff-4cfc-8100-64ee9cc1170c@group-7301C1C6E889-LeaderElection65] INFO  impl.LeaderElection (LeaderElection.java:logAndReturn(90)) - e0e9d4ea-e5ff-4cfc-8100-64ee9cc1170c@group-7301C1C6E889-LeaderElection65: ELECTION REJECTED received 1 response(s) and 0 exception(s):
2022-06-24 23:50:49,003 [e0e9d4ea-e5ff-4cfc-8100-64ee9cc1170c@group-7301C1C6E889-LeaderElection65] INFO  impl.LeaderElection (LeaderElection.java:logAndReturn(94)) -   Response 0: e0e9d4ea-e5ff-4cfc-8100-64ee9cc1170c<-e4b7c23e-ae07-4399-b4c7-5433903d8f4c#0:FAIL-t3
2022-06-24 23:50:49,004 [e0e9d4ea-e5ff-4cfc-8100-64ee9cc1170c@group-7301C1C6E889-LeaderElection65] INFO  impl.LeaderElection (LeaderElection.java:askForVotes(312)) - e0e9d4ea-e5ff-4cfc-8100-64ee9cc1170c@group-7301C1C6E889-LeaderElection65 ELECTION round 0: result REJECTED
2022-06-24 23:50:49,004 [e0e9d4ea-e5ff-4cfc-8100-64ee9cc1170c@group-7301C1C6E889-LeaderElection65] INFO  server.RaftServer$Division (RaftServerImpl.java:setRole(299)) - e0e9d4ea-e5ff-4cfc-8100-64ee9cc1170c@group-7301C1C6E889: changes role from CANDIDATE to FOLLOWER at term 3 for REJECTED
2022-06-24 23:50:49,004 [e0e9d4ea-e5ff-4cfc-8100-64ee9cc1170c@group-7301C1C6E889-LeaderElection65] INFO  impl.RoleInfo (RoleInfo.java:shutdownLeaderElection(130)) - e0e9d4ea-e5ff-4cfc-8100-64ee9cc1170c: shutdown e0e9d4ea-e5ff-4cfc-8100-64ee9cc1170c@group-7301C1C6E889-LeaderElection65
2022-06-24 23:50:49,004 [e0e9d4ea-e5ff-4cfc-8100-64ee9cc1170c@group-7301C1C6E889-LeaderElection65] INFO  impl.RoleInfo (RoleInfo.java:updateAndGet(139)) - e0e9d4ea-e5ff-4cfc-8100-64ee9cc1170c: start e0e9d4ea-e5ff-4cfc-8100-64ee9cc1170c@group-7301C1C6E889-FollowerState
2022-06-24 23:50:49,028 [grpc-default-executor-4] INFO  server.RaftServer$Division (RaftServerImpl.java:requestVote(1152)) - e0e9d4ea-e5ff-4cfc-8100-64ee9cc1170c@group-7301C1C6E889: receive requestVote(ELECTION, e4b7c23e-ae07-4399-b4c7-5433903d8f4c, group-7301C1C6E889, 3, (t:0, i:0))
2022-06-24 23:50:49,029 [grpc-default-executor-4] INFO  impl.VoteContext (VoteContext.java:log(48)) - e0e9d4ea-e5ff-4cfc-8100-64ee9cc1170c@group-7301C1C6E889-FOLLOWER: reject ELECTION from e4b7c23e-ae07-4399-b4c7-5433903d8f4c: already has voted for e0e9d4ea-e5ff-4cfc-8100-64ee9cc1170c at current term 3
2022-06-24 23:50:49,029 [grpc-default-executor-4] INFO  server.RaftServer$Division (RaftServerImpl.java:requestVote(1184)) - e0e9d4ea-e5ff-4cfc-8100-64ee9cc1170c@group-7301C1C6E889 replies to ELECTION vote request: e4b7c23e-ae07-4399-b4c7-5433903d8f4c<-e0e9d4ea-e5ff-4cfc-8100-64ee9cc1170c#0:FAIL-t3. Peer's state: e0e9d4ea-e5ff-4cfc-8100-64ee9cc1170c@group-7301C1C6E889:t3, leader=null, voted=e0e9d4ea-e5ff-4cfc-8100-64ee9cc1170c, raftlog=e0e9d4ea-e5ff-4cfc-8100-64ee9cc1170c@group-7301C1C6E889-SegmentedRaftLog:OPENED:c-1, conf=-1: [e4b7c23e-ae07-4399-b4c7-5433903d8f4c|rpc:10.1.0.24:37801|priority:1, e0e9d4ea-e5ff-4cfc-8100-64ee9cc1170c|rpc:10.1.0.24:37185|priority:0, aaaf6e37-99bf-4100-a292-78f58d03488b|rpc:10.1.0.24:32839|priority:0], old=null
2022-06-24 23:50:49,029 [grpc-default-executor-3] INFO  server.RaftServer$Division (RaftServerImpl.java:requestVote(1152)) - aaaf6e37-99bf-4100-a292-78f58d03488b@group-7301C1C6E889: receive requestVote(ELECTION, e0e9d4ea-e5ff-4cfc-8100-64ee9cc1170c, group-7301C1C6E889, 3, (t:0, i:0))
2022-06-24 23:50:49,029 [grpc-default-executor-1] INFO  server.RaftServer$Division (RaftServerImpl.java:requestVote(1152)) - aaaf6e37-99bf-4100-a292-78f58d03488b@group-7301C1C6E889: receive requestVote(ELECTION, e4b7c23e-ae07-4399-b4c7-5433903d8f4c, group-7301C1C6E889, 3, (t:0, i:0))
2022-06-24 23:50:49,029 [grpc-default-executor-3] INFO  impl.VoteContext (VoteContext.java:log(48)) - aaaf6e37-99bf-4100-a292-78f58d03488b@group-7301C1C6E889-CANDIDATE: accept ELECTION from e0e9d4ea-e5ff-4cfc-8100-64ee9cc1170c: our priority 0 <= candidate's priority 0
2022-06-24 23:50:49,029 [grpc-default-executor-3] INFO  server.RaftServer$Division (RaftServerImpl.java:setRole(299)) - aaaf6e37-99bf-4100-a292-78f58d03488b@group-7301C1C6E889: changes role from CANDIDATE to FOLLOWER at term 3 for candidate:e0e9d4ea-e5ff-4cfc-8100-64ee9cc1170c
2022-06-24 23:50:49,029 [grpc-default-executor-3] INFO  impl.RoleInfo (RoleInfo.java:shutdownLeaderElection(130)) - aaaf6e37-99bf-4100-a292-78f58d03488b: shutdown aaaf6e37-99bf-4100-a292-78f58d03488b@group-7301C1C6E889-LeaderElection66
2022-06-24 23:50:49,029 [grpc-default-executor-3] INFO  impl.RoleInfo (RoleInfo.java:updateAndGet(139)) - aaaf6e37-99bf-4100-a292-78f58d03488b: start aaaf6e37-99bf-4100-a292-78f58d03488b@group-7301C1C6E889-FollowerState
2022-06-24 23:50:49,031 [grpc-default-executor-3] INFO  server.RaftServer$Division (RaftServerImpl.java:requestVote(1184)) - aaaf6e37-99bf-4100-a292-78f58d03488b@group-7301C1C6E889 replies to ELECTION vote request: e0e9d4ea-e5ff-4cfc-8100-64ee9cc1170c<-aaaf6e37-99bf-4100-a292-78f58d03488b#0:OK-t3. Peer's state: aaaf6e37-99bf-4100-a292-78f58d03488b@group-7301C1C6E889:t3, leader=null, voted=e0e9d4ea-e5ff-4cfc-8100-64ee9cc1170c, raftlog=aaaf6e37-99bf-4100-a292-78f58d03488b@group-7301C1C6E889-SegmentedRaftLog:OPENED:c-1, conf=-1: [e4b7c23e-ae07-4399-b4c7-5433903d8f4c|rpc:10.1.0.24:37801|dataStream:|priority:1, e0e9d4ea-e5ff-4cfc-8100-64ee9cc1170c|rpc:10.1.0.24:37185|dataStream:|priority:0, aaaf6e37-99bf-4100-a292-78f58d03488b|rpc:10.1.0.24:32839|dataStream:|priority:0], old=null
2022-06-24 23:50:49,031 [grpc-default-executor-1] INFO  impl.VoteContext (VoteContext.java:log(48)) - aaaf6e37-99bf-4100-a292-78f58d03488b@group-7301C1C6E889-FOLLOWER: reject ELECTION from e4b7c23e-ae07-4399-b4c7-5433903d8f4c: already has voted for e0e9d4ea-e5ff-4cfc-8100-64ee9cc1170c at current term 3
2022-06-24 23:50:49,031 [grpc-default-executor-1] INFO  server.RaftServer$Division (RaftServerImpl.java:requestVote(1184)) - aaaf6e37-99bf-4100-a292-78f58d03488b@group-7301C1C6E889 replies to ELECTION vote request: e4b7c23e-ae07-4399-b4c7-5433903d8f4c<-aaaf6e37-99bf-4100-a292-78f58d03488b#0:FAIL-t3. Peer's state: aaaf6e37-99bf-4100-a292-78f58d03488b@group-7301C1C6E889:t3, leader=null, voted=e0e9d4ea-e5ff-4cfc-8100-64ee9cc1170c, raftlog=aaaf6e37-99bf-4100-a292-78f58d03488b@group-7301C1C6E889-SegmentedRaftLog:OPENED:c-1, conf=-1: [e4b7c23e-ae07-4399-b4c7-5433903d8f4c|rpc:10.1.0.24:37801|dataStream:|priority:1, e0e9d4ea-e5ff-4cfc-8100-64ee9cc1170c|rpc:10.1.0.24:37185|dataStream:|priority:0, aaaf6e37-99bf-4100-a292-78f58d03488b|rpc:10.1.0.24:32839|dataStream:|priority:0], old=null
2022-06-24 23:50:49,066 [aaaf6e37-99bf-4100-a292-78f58d03488b@group-7301C1C6E889-LeaderElection66] INFO  impl.LeaderElection (LeaderElection.java:run(231)) - aaaf6e37-99bf-4100-a292-78f58d03488b@group-7301C1C6E889-LeaderElection66: skip running since this is already CLOSING
2022-06-24 23:50:49,099 [e4b7c23e-ae07-4399-b4c7-5433903d8f4c@group-7301C1C6E889-LeaderElection64] INFO  impl.LeaderElection (LeaderElection.java:logAndReturn(90)) - e4b7c23e-ae07-4399-b4c7-5433903d8f4c@group-7301C1C6E889-LeaderElection64: ELECTION REJECTED received 2 response(s) and 0 exception(s):
2022-06-24 23:50:49,099 [e4b7c23e-ae07-4399-b4c7-5433903d8f4c@group-7301C1C6E889-LeaderElection64] INFO  impl.LeaderElection (LeaderElection.java:logAndReturn(94)) -   Response 0: e4b7c23e-ae07-4399-b4c7-5433903d8f4c<-e0e9d4ea-e5ff-4cfc-8100-64ee9cc1170c#0:FAIL-t3
2022-06-24 23:50:49,099 [e4b7c23e-ae07-4399-b4c7-5433903d8f4c@group-7301C1C6E889-LeaderElection64] INFO  impl.LeaderElection (LeaderElection.java:logAndReturn(94)) -   Response 1: e4b7c23e-ae07-4399-b4c7-5433903d8f4c<-aaaf6e37-99bf-4100-a292-78f58d03488b#0:FAIL-t3
2022-06-24 23:50:49,099 [e4b7c23e-ae07-4399-b4c7-5433903d8f4c@group-7301C1C6E889-LeaderElection64] INFO  impl.LeaderElection (LeaderElection.java:askForVotes(312)) - e4b7c23e-ae07-4399-b4c7-5433903d8f4c@group-7301C1C6E889-LeaderElection64 ELECTION round 0: result REJECTED
2022-06-24 23:50:49,099 [e4b7c23e-ae07-4399-b4c7-5433903d8f4c@group-7301C1C6E889-LeaderElection64] INFO  server.RaftServer$Division (RaftServerImpl.java:setRole(299)) - e4b7c23e-ae07-4399-b4c7-5433903d8f4c@group-7301C1C6E889: changes role from CANDIDATE to FOLLOWER at term 3 for REJECTED
2022-06-24 23:50:49,099 [e4b7c23e-ae07-4399-b4c7-5433903d8f4c@group-7301C1C6E889-LeaderElection64] INFO  impl.RoleInfo (RoleInfo.java:shutdownLeaderElection(130)) - e4b7c23e-ae07-4399-b4c7-5433903d8f4c: shutdown e4b7c23e-ae07-4399-b4c7-5433903d8f4c@group-7301C1C6E889-LeaderElection64
2022-06-24 23:50:49,099 [e4b7c23e-ae07-4399-b4c7-5433903d8f4c@group-7301C1C6E889-LeaderElection64] INFO  impl.RoleInfo (RoleInfo.java:updateAndGet(139)) - e4b7c23e-ae07-4399-b4c7-5433903d8f4c: start e4b7c23e-ae07-4399-b4c7-5433903d8f4c@group-7301C1C6E889-FollowerState
2022-06-24 23:50:54,185 [e0e9d4ea-e5ff-4cfc-8100-64ee9cc1170c@group-7301C1C6E889-FollowerState] INFO  impl.FollowerState (FollowerState.java:run(143)) - e0e9d4ea-e5ff-4cfc-8100-64ee9cc1170c@group-7301C1C6E889-FollowerState: change to CANDIDATE, lastRpcElapsedTime:5181263469ns, electionTimeout:5179ms
2022-06-24 23:50:54,185 [e0e9d4ea-e5ff-4cfc-8100-64ee9cc1170c@group-7301C1C6E889-FollowerState] INFO  impl.RoleInfo (RoleInfo.java:shutdownFollowerState(110)) - e0e9d4ea-e5ff-4cfc-8100-64ee9cc1170c: shutdown e0e9d4ea-e5ff-4cfc-8100-64ee9cc1170c@group-7301C1C6E889-FollowerState
2022-06-24 23:50:54,185 [e0e9d4ea-e5ff-4cfc-8100-64ee9cc1170c@group-7301C1C6E889-FollowerState] INFO  server.RaftServer$Division (RaftServerImpl.java:setRole(299)) - e0e9d4ea-e5ff-4cfc-8100-64ee9cc1170c@group-7301C1C6E889: changes role from  FOLLOWER to CANDIDATE at term 3 for changeToCandidate
2022-06-24 23:50:54,185 [e0e9d4ea-e5ff-4cfc-8100-64ee9cc1170c@group-7301C1C6E889-FollowerState] INFO  server.RaftServerConfigKeys (ConfUtils.java:logGet(46)) - raft.server.leaderelection.pre-vote = false (custom)
2022-06-24 23:50:54,185 [e0e9d4ea-e5ff-4cfc-8100-64ee9cc1170c@group-7301C1C6E889-FollowerState] INFO  impl.RoleInfo (RoleInfo.java:updateAndGet(139)) - e0e9d4ea-e5ff-4cfc-8100-64ee9cc1170c: start e0e9d4ea-e5ff-4cfc-8100-64ee9cc1170c@group-7301C1C6E889-LeaderElection67
2022-06-24 23:50:54,210 [e4b7c23e-ae07-4399-b4c7-5433903d8f4c@group-7301C1C6E889-FollowerState] INFO  impl.FollowerState (FollowerState.java:run(143)) - e4b7c23e-ae07-4399-b4c7-5433903d8f4c@group-7301C1C6E889-FollowerState: change to CANDIDATE, lastRpcElapsedTime:5110827395ns, electionTimeout:5055ms
2022-06-24 23:50:54,210 [e4b7c23e-ae07-4399-b4c7-5433903d8f4c@group-7301C1C6E889-FollowerState] INFO  impl.RoleInfo (RoleInfo.java:shutdownFollowerState(110)) - e4b7c23e-ae07-4399-b4c7-5433903d8f4c: shutdown e4b7c23e-ae07-4399-b4c7-5433903d8f4c@group-7301C1C6E889-FollowerState
2022-06-24 23:50:54,210 [e4b7c23e-ae07-4399-b4c7-5433903d8f4c@group-7301C1C6E889-FollowerState] INFO  server.RaftServer$Division (RaftServerImpl.java:setRole(299)) - e4b7c23e-ae07-4399-b4c7-5433903d8f4c@group-7301C1C6E889: changes role from  FOLLOWER to CANDIDATE at term 3 for changeToCandidate
2022-06-24 23:50:54,216 [e4b7c23e-ae07-4399-b4c7-5433903d8f4c@group-7301C1C6E889-FollowerState] INFO  server.RaftServerConfigKeys (ConfUtils.java:logGet(46)) - raft.server.leaderelection.pre-vote = false (custom)
2022-06-24 23:50:54,217 [e4b7c23e-ae07-4399-b4c7-5433903d8f4c@group-7301C1C6E889-FollowerState] INFO  impl.RoleInfo (RoleInfo.java:updateAndGet(139)) - e4b7c23e-ae07-4399-b4c7-5433903d8f4c: start e4b7c23e-ae07-4399-b4c7-5433903d8f4c@group-7301C1C6E889-LeaderElection68
2022-06-24 23:50:54,242 [e0e9d4ea-e5ff-4cfc-8100-64ee9cc1170c@group-7301C1C6E889-LeaderElection67] INFO  impl.LeaderElection (LeaderElection.java:askForVotes(310)) - e0e9d4ea-e5ff-4cfc-8100-64ee9cc1170c@group-7301C1C6E889-LeaderElection67 ELECTION round 0: submit vote requests at term 4 for -1: [e4b7c23e-ae07-4399-b4c7-5433903d8f4c|rpc:10.1.0.24:37801|priority:1, e0e9d4ea-e5ff-4cfc-8100-64ee9cc1170c|rpc:10.1.0.24:37185|priority:0, aaaf6e37-99bf-4100-a292-78f58d03488b|rpc:10.1.0.24:32839|priority:0], old=null
2022-06-24 23:50:54,252 [e4b7c23e-ae07-4399-b4c7-5433903d8f4c@group-7301C1C6E889-LeaderElection68] INFO  impl.LeaderElection (LeaderElection.java:askForVotes(310)) - e4b7c23e-ae07-4399-b4c7-5433903d8f4c@group-7301C1C6E889-LeaderElection68 ELECTION round 0: submit vote requests at term 4 for -1: [e4b7c23e-ae07-4399-b4c7-5433903d8f4c|rpc:10.1.0.24:37801|dataStream:|priority:1, e0e9d4ea-e5ff-4cfc-8100-64ee9cc1170c|rpc:10.1.0.24:37185|dataStream:|priority:0, aaaf6e37-99bf-4100-a292-78f58d03488b|rpc:10.1.0.24:32839|dataStream:|priority:0], old=null
2022-06-24 23:50:54,310 [grpc-default-executor-1] INFO  server.RaftServer$Division (RaftServerImpl.java:requestVote(1152)) - e0e9d4ea-e5ff-4cfc-8100-64ee9cc1170c@group-7301C1C6E889: receive requestVote(ELECTION, e4b7c23e-ae07-4399-b4c7-5433903d8f4c, group-7301C1C6E889, 4, (t:0, i:0))
2022-06-24 23:50:54,310 [grpc-default-executor-1] INFO  impl.VoteContext (VoteContext.java:log(48)) - e0e9d4ea-e5ff-4cfc-8100-64ee9cc1170c@group-7301C1C6E889-CANDIDATE: reject ELECTION from e4b7c23e-ae07-4399-b4c7-5433903d8f4c: already has voted for e0e9d4ea-e5ff-4cfc-8100-64ee9cc1170c at current term 4
2022-06-24 23:50:54,310 [grpc-default-executor-1] INFO  server.RaftServer$Division (RaftServerImpl.java:requestVote(1184)) - e0e9d4ea-e5ff-4cfc-8100-64ee9cc1170c@group-7301C1C6E889 replies to ELECTION vote request: e4b7c23e-ae07-4399-b4c7-5433903d8f4c<-e0e9d4ea-e5ff-4cfc-8100-64ee9cc1170c#0:FAIL-t4. Peer's state: e0e9d4ea-e5ff-4cfc-8100-64ee9cc1170c@group-7301C1C6E889:t4, leader=null, voted=e0e9d4ea-e5ff-4cfc-8100-64ee9cc1170c, raftlog=e0e9d4ea-e5ff-4cfc-8100-64ee9cc1170c@group-7301C1C6E889-SegmentedRaftLog:OPENED:c-1, conf=-1: [e4b7c23e-ae07-4399-b4c7-5433903d8f4c|rpc:10.1.0.24:37801|priority:1, e0e9d4ea-e5ff-4cfc-8100-64ee9cc1170c|rpc:10.1.0.24:37185|priority:0, aaaf6e37-99bf-4100-a292-78f58d03488b|rpc:10.1.0.24:32839|priority:0], old=null
2022-06-24 23:50:54,310 [grpc-default-executor-3] INFO  server.RaftServer$Division (RaftServerImpl.java:requestVote(1152)) - aaaf6e37-99bf-4100-a292-78f58d03488b@group-7301C1C6E889: receive requestVote(ELECTION, e4b7c23e-ae07-4399-b4c7-5433903d8f4c, group-7301C1C6E889, 4, (t:0, i:0))
2022-06-24 23:50:54,310 [grpc-default-executor-3] INFO  impl.VoteContext (VoteContext.java:log(48)) - aaaf6e37-99bf-4100-a292-78f58d03488b@group-7301C1C6E889-FOLLOWER: accept ELECTION from e4b7c23e-ae07-4399-b4c7-5433903d8f4c: our priority 0 <= candidate's priority 1
2022-06-24 23:50:54,310 [grpc-default-executor-3] INFO  server.RaftServer$Division (RaftServerImpl.java:setRole(299)) - aaaf6e37-99bf-4100-a292-78f58d03488b@group-7301C1C6E889: changes role from  FOLLOWER to FOLLOWER at term 4 for candidate:e4b7c23e-ae07-4399-b4c7-5433903d8f4c
2022-06-24 23:50:54,310 [grpc-default-executor-3] INFO  impl.RoleInfo (RoleInfo.java:shutdownFollowerState(110)) - aaaf6e37-99bf-4100-a292-78f58d03488b: shutdown aaaf6e37-99bf-4100-a292-78f58d03488b@group-7301C1C6E889-FollowerState
2022-06-24 23:50:54,310 [grpc-default-executor-3] INFO  impl.RoleInfo (RoleInfo.java:updateAndGet(139)) - aaaf6e37-99bf-4100-a292-78f58d03488b: start aaaf6e37-99bf-4100-a292-78f58d03488b@group-7301C1C6E889-FollowerState
2022-06-24 23:50:54,311 [grpc-default-executor-4] INFO  server.RaftServer$Division (RaftServerImpl.java:requestVote(1152)) - e4b7c23e-ae07-4399-b4c7-5433903d8f4c@group-7301C1C6E889: receive requestVote(ELECTION, e0e9d4ea-e5ff-4cfc-8100-64ee9cc1170c, group-7301C1C6E889, 4, (t:0, i:0))
2022-06-24 23:50:54,311 [grpc-default-executor-4] INFO  impl.VoteContext (VoteContext.java:log(48)) - e4b7c23e-ae07-4399-b4c7-5433903d8f4c@group-7301C1C6E889-CANDIDATE: reject ELECTION from e0e9d4ea-e5ff-4cfc-8100-64ee9cc1170c: already has voted for e4b7c23e-ae07-4399-b4c7-5433903d8f4c at current term 4
2022-06-24 23:50:54,311 [grpc-default-executor-4] INFO  server.RaftServer$Division (RaftServerImpl.java:requestVote(1184)) - e4b7c23e-ae07-4399-b4c7-5433903d8f4c@group-7301C1C6E889 replies to ELECTION vote request: e0e9d4ea-e5ff-4cfc-8100-64ee9cc1170c<-e4b7c23e-ae07-4399-b4c7-5433903d8f4c#0:FAIL-t4. Peer's state: e4b7c23e-ae07-4399-b4c7-5433903d8f4c@group-7301C1C6E889:t4, leader=null, voted=e4b7c23e-ae07-4399-b4c7-5433903d8f4c, raftlog=e4b7c23e-ae07-4399-b4c7-5433903d8f4c@group-7301C1C6E889-SegmentedRaftLog:OPENED:c-1, conf=-1: [e4b7c23e-ae07-4399-b4c7-5433903d8f4c|rpc:10.1.0.24:37801|dataStream:|priority:1, e0e9d4ea-e5ff-4cfc-8100-64ee9cc1170c|rpc:10.1.0.24:37185|dataStream:|priority:0, aaaf6e37-99bf-4100-a292-78f58d03488b|rpc:10.1.0.24:32839|dataStream:|priority:0], old=null
2022-06-24 23:50:54,311 [aaaf6e37-99bf-4100-a292-78f58d03488b@group-7301C1C6E889-FollowerState] INFO  impl.FollowerState (FollowerState.java:run(152)) - aaaf6e37-99bf-4100-a292-78f58d03488b@group-7301C1C6E889-FollowerState was interrupted
2022-06-24 23:50:54,311 [grpc-default-executor-2] INFO  server.RaftServer$Division (RaftServerImpl.java:requestVote(1152)) - aaaf6e37-99bf-4100-a292-78f58d03488b@group-7301C1C6E889: receive requestVote(ELECTION, e0e9d4ea-e5ff-4cfc-8100-64ee9cc1170c, group-7301C1C6E889, 4, (t:0, i:0))
2022-06-24 23:50:54,330 [e0e9d4ea-e5ff-4cfc-8100-64ee9cc1170c@group-7301C1C6E889-LeaderElection67] INFO  impl.LeaderElection (LeaderElection.java:logAndReturn(90)) - e0e9d4ea-e5ff-4cfc-8100-64ee9cc1170c@group-7301C1C6E889-LeaderElection67: ELECTION REJECTED received 1 response(s) and 0 exception(s):
2022-06-24 23:50:54,330 [e0e9d4ea-e5ff-4cfc-8100-64ee9cc1170c@group-7301C1C6E889-LeaderElection67] INFO  impl.LeaderElection (LeaderElection.java:logAndReturn(94)) -   Response 0: e0e9d4ea-e5ff-4cfc-8100-64ee9cc1170c<-e4b7c23e-ae07-4399-b4c7-5433903d8f4c#0:FAIL-t4
2022-06-24 23:50:54,330 [e0e9d4ea-e5ff-4cfc-8100-64ee9cc1170c@group-7301C1C6E889-LeaderElection67] INFO  impl.LeaderElection (LeaderElection.java:askForVotes(312)) - e0e9d4ea-e5ff-4cfc-8100-64ee9cc1170c@group-7301C1C6E889-LeaderElection67 ELECTION round 0: result REJECTED
2022-06-24 23:50:54,330 [e0e9d4ea-e5ff-4cfc-8100-64ee9cc1170c@group-7301C1C6E889-LeaderElection67] INFO  server.RaftServer$Division (RaftServerImpl.java:setRole(299)) - e0e9d4ea-e5ff-4cfc-8100-64ee9cc1170c@group-7301C1C6E889: changes role from CANDIDATE to FOLLOWER at term 4 for REJECTED
2022-06-24 23:50:54,330 [e0e9d4ea-e5ff-4cfc-8100-64ee9cc1170c@group-7301C1C6E889-LeaderElection67] INFO  impl.RoleInfo (RoleInfo.java:shutdownLeaderElection(130)) - e0e9d4ea-e5ff-4cfc-8100-64ee9cc1170c: shutdown e0e9d4ea-e5ff-4cfc-8100-64ee9cc1170c@group-7301C1C6E889-LeaderElection67
2022-06-24 23:50:54,330 [e0e9d4ea-e5ff-4cfc-8100-64ee9cc1170c@group-7301C1C6E889-LeaderElection67] INFO  impl.RoleInfo (RoleInfo.java:updateAndGet(139)) - e0e9d4ea-e5ff-4cfc-8100-64ee9cc1170c: start e0e9d4ea-e5ff-4cfc-8100-64ee9cc1170c@group-7301C1C6E889-FollowerState
2022-06-24 23:50:54,337 [grpc-default-executor-3] INFO  server.RaftServer$Division (RaftServerImpl.java:requestVote(1184)) - aaaf6e37-99bf-4100-a292-78f58d03488b@group-7301C1C6E889 replies to ELECTION vote request: e4b7c23e-ae07-4399-b4c7-5433903d8f4c<-aaaf6e37-99bf-4100-a292-78f58d03488b#0:OK-t4. Peer's state: aaaf6e37-99bf-4100-a292-78f58d03488b@group-7301C1C6E889:t4, leader=null, voted=e4b7c23e-ae07-4399-b4c7-5433903d8f4c, raftlog=aaaf6e37-99bf-4100-a292-78f58d03488b@group-7301C1C6E889-SegmentedRaftLog:OPENED:c-1, conf=-1: [e4b7c23e-ae07-4399-b4c7-5433903d8f4c|rpc:10.1.0.24:37801|dataStream:|priority:1, e0e9d4ea-e5ff-4cfc-8100-64ee9cc1170c|rpc:10.1.0.24:37185|dataStream:|priority:0, aaaf6e37-99bf-4100-a292-78f58d03488b|rpc:10.1.0.24:32839|dataStream:|priority:0], old=null
2022-06-24 23:50:54,337 [grpc-default-executor-2] INFO  impl.VoteContext (VoteContext.java:log(48)) - aaaf6e37-99bf-4100-a292-78f58d03488b@group-7301C1C6E889-FOLLOWER: reject ELECTION from e0e9d4ea-e5ff-4cfc-8100-64ee9cc1170c: already has voted for e4b7c23e-ae07-4399-b4c7-5433903d8f4c at current term 4
2022-06-24 23:50:54,338 [grpc-default-executor-2] INFO  server.RaftServer$Division (RaftServerImpl.java:requestVote(1184)) - aaaf6e37-99bf-4100-a292-78f58d03488b@group-7301C1C6E889 replies to ELECTION vote request: e0e9d4ea-e5ff-4cfc-8100-64ee9cc1170c<-aaaf6e37-99bf-4100-a292-78f58d03488b#0:FAIL-t4. Peer's state: aaaf6e37-99bf-4100-a292-78f58d03488b@group-7301C1C6E889:t4, leader=null, voted=e4b7c23e-ae07-4399-b4c7-5433903d8f4c, raftlog=aaaf6e37-99bf-4100-a292-78f58d03488b@group-7301C1C6E889-SegmentedRaftLog:OPENED:c-1, conf=-1: [e4b7c23e-ae07-4399-b4c7-5433903d8f4c|rpc:10.1.0.24:37801|dataStream:|priority:1, e0e9d4ea-e5ff-4cfc-8100-64ee9cc1170c|rpc:10.1.0.24:37185|dataStream:|priority:0, aaaf6e37-99bf-4100-a292-78f58d03488b|rpc:10.1.0.24:32839|dataStream:|priority:0], old=null
2022-06-24 23:50:54,339 [e4b7c23e-ae07-4399-b4c7-5433903d8f4c@group-7301C1C6E889-LeaderElection68] INFO  impl.LeaderElection (LeaderElection.java:logAndReturn(90)) - e4b7c23e-ae07-4399-b4c7-5433903d8f4c@group-7301C1C6E889-LeaderElection68: ELECTION PASSED received 2 response(s) and 0 exception(s):
2022-06-24 23:50:54,339 [e4b7c23e-ae07-4399-b4c7-5433903d8f4c@group-7301C1C6E889-LeaderElection68] INFO  impl.LeaderElection (LeaderElection.java:logAndReturn(94)) -   Response 0: e4b7c23e-ae07-4399-b4c7-5433903d8f4c<-e0e9d4ea-e5ff-4cfc-8100-64ee9cc1170c#0:FAIL-t4
2022-06-24 23:50:54,339 [e4b7c23e-ae07-4399-b4c7-5433903d8f4c@group-7301C1C6E889-LeaderElection68] INFO  impl.LeaderElection (LeaderElection.java:logAndReturn(94)) -   Response 1: e4b7c23e-ae07-4399-b4c7-5433903d8f4c<-aaaf6e37-99bf-4100-a292-78f58d03488b#0:OK-t4
2022-06-24 23:50:54,339 [e4b7c23e-ae07-4399-b4c7-5433903d8f4c@group-7301C1C6E889-LeaderElection68] INFO  impl.LeaderElection (LeaderElection.java:askForVotes(312)) - e4b7c23e-ae07-4399-b4c7-5433903d8f4c@group-7301C1C6E889-LeaderElection68 ELECTION round 0: result PASSED
2022-06-24 23:50:54,339 [e4b7c23e-ae07-4399-b4c7-5433903d8f4c@group-7301C1C6E889-LeaderElection68] INFO  impl.RoleInfo (RoleInfo.java:shutdownLeaderElection(130)) - e4b7c23e-ae07-4399-b4c7-5433903d8f4c: shutdown e4b7c23e-ae07-4399-b4c7-5433903d8f4c@group-7301C1C6E889-LeaderElection68
2022-06-24 23:50:54,339 [e4b7c23e-ae07-4399-b4c7-5433903d8f4c@group-7301C1C6E889-LeaderElection68] INFO  server.RaftServer$Division (RaftServerImpl.java:setRole(299)) - e4b7c23e-ae07-4399-b4c7-5433903d8f4c@group-7301C1C6E889: changes role from CANDIDATE to LEADER at term 4 for changeToLeader
2022-06-24 23:50:54,339 [e4b7c23e-ae07-4399-b4c7-5433903d8f4c@group-7301C1C6E889-LeaderElection68] INFO  ratis.XceiverServerRatis (XceiverServerRatis.java:handleLeaderChangedNotification(863)) - Leader change notification received for group: group-7301C1C6E889 with new leaderId: e4b7c23e-ae07-4399-b4c7-5433903d8f4c
2022-06-24 23:50:54,339 [e4b7c23e-ae07-4399-b4c7-5433903d8f4c@group-7301C1C6E889-LeaderElection68] INFO  server.RaftServer$Division (ServerState.java:setLeader(287)) - e4b7c23e-ae07-4399-b4c7-5433903d8f4c@group-7301C1C6E889: change Leader from null to e4b7c23e-ae07-4399-b4c7-5433903d8f4c at term 4 for becomeLeader, leader elected after 20759ms
2022-06-24 23:50:54,339 [e4b7c23e-ae07-4399-b4c7-5433903d8f4c@group-7301C1C6E889-LeaderElection68] INFO  server.RaftServerConfigKeys (ConfUtils.java:logGet(46)) - raft.server.staging.catchup.gap = 1000 (default)
2022-06-24 23:50:54,339 [e4b7c23e-ae07-4399-b4c7-5433903d8f4c@group-7301C1C6E889-LeaderElection68] INFO  server.RaftServerConfigKeys (ConfUtils.java:logGet(46)) - raft.server.write.element-limit = 1024 (custom)
2022-06-24 23:50:54,340 [e4b7c23e-ae07-4399-b4c7-5433903d8f4c@group-7301C1C6E889-LeaderElection68] INFO  server.RaftServerConfigKeys (ConfUtils.java:logGet(46)) - raft.server.write.byte-limit = 1024 M (=1073741824) (custom)
2022-06-24 23:50:54,340 [e4b7c23e-ae07-4399-b4c7-5433903d8f4c@group-7301C1C6E889-LeaderElection68] INFO  server.RaftServerConfigKeys (ConfUtils.java:logGet(46)) - raft.server.watch.timeout = 180s (custom)
2022-06-24 23:50:54,340 [e4b7c23e-ae07-4399-b4c7-5433903d8f4c@group-7301C1C6E889-LeaderElection68] INFO  server.RaftServerConfigKeys (ConfUtils.java:logGet(46)) - raft.server.watch.timeout.denomination = 1s (default)
2022-06-24 23:50:54,340 [e4b7c23e-ae07-4399-b4c7-5433903d8f4c@group-7301C1C6E889-LeaderElection68] INFO  server.RaftServerConfigKeys (ConfUtils.java:logGet(46)) - raft.server.watch.element-limit = 65536 (default)
2022-06-24 23:50:54,340 [e4b7c23e-ae07-4399-b4c7-5433903d8f4c@group-7301C1C6E889-LeaderElection68] INFO  server.RaftServerConfigKeys (ConfUtils.java:logGet(46)) - raft.server.write.element-limit = 1024 (custom)
2022-06-24 23:50:54,340 [e4b7c23e-ae07-4399-b4c7-5433903d8f4c@group-7301C1C6E889-LeaderElection68] INFO  server.RaftServerConfigKeys (ConfUtils.java:logGet(46)) - raft.server.write.follower.gap.ratio.max = -1.0 (default)
2022-06-24 23:50:54,341 [e4b7c23e-ae07-4399-b4c7-5433903d8f4c@group-7301C1C6E889-LeaderElection68] INFO  server.RaftServerConfigKeys (ConfUtils.java:logGet(46)) - raft.server.log.appender.snapshot.chunk.size.max = 16MB (=16777216) (default)
2022-06-24 23:50:54,341 [e4b7c23e-ae07-4399-b4c7-5433903d8f4c@group-7301C1C6E889-LeaderElection68] INFO  server.RaftServerConfigKeys (ConfUtils.java:logGet(46)) - raft.server.log.appender.buffer.byte-limit = 33554432 (custom)
2022-06-24 23:50:54,341 [e4b7c23e-ae07-4399-b4c7-5433903d8f4c@group-7301C1C6E889-LeaderElection68] INFO  server.RaftServerConfigKeys (ConfUtils.java:logGet(46)) - raft.server.log.appender.buffer.element-limit = 1 (custom)
2022-06-24 23:50:54,341 [e4b7c23e-ae07-4399-b4c7-5433903d8f4c@group-7301C1C6E889-LeaderElection68] INFO  grpc.GrpcConfigKeys (ConfUtils.java:logGet(46)) - raft.grpc.server.leader.outstanding.appends.max = 128 (default)
2022-06-24 23:50:54,341 [e4b7c23e-ae07-4399-b4c7-5433903d8f4c@group-7301C1C6E889-LeaderElection68] INFO  server.RaftServerConfigKeys (ConfUtils.java:logGet(46)) - raft.server.rpc.request.timeout = 60s (custom)
2022-06-24 23:50:54,341 [e4b7c23e-ae07-4399-b4c7-5433903d8f4c@group-7301C1C6E889-LeaderElection68] INFO  server.RaftServerConfigKeys (ConfUtils.java:logGet(46)) - raft.server.log.appender.install.snapshot.enabled = false (custom)
2022-06-24 23:50:54,342 [e4b7c23e-ae07-4399-b4c7-5433903d8f4c@group-7301C1C6E889-LeaderElection68] INFO  server.RaftServerConfigKeys (ConfUtils.java:logGet(46)) - raft.server.log.appender.snapshot.chunk.size.max = 16MB (=16777216) (default)
2022-06-24 23:50:54,342 [e4b7c23e-ae07-4399-b4c7-5433903d8f4c@group-7301C1C6E889-LeaderElection68] INFO  server.RaftServerConfigKeys (ConfUtils.java:logGet(46)) - raft.server.log.appender.buffer.byte-limit = 33554432 (custom)
2022-06-24 23:50:54,342 [e4b7c23e-ae07-4399-b4c7-5433903d8f4c@group-7301C1C6E889-LeaderElection68] INFO  server.RaftServerConfigKeys (ConfUtils.java:logGet(46)) - raft.server.log.appender.buffer.element-limit = 1 (custom)
2022-06-24 23:50:54,342 [e4b7c23e-ae07-4399-b4c7-5433903d8f4c@group-7301C1C6E889-LeaderElection68] INFO  grpc.GrpcConfigKeys (ConfUtils.java:logGet(46)) - raft.grpc.server.leader.outstanding.appends.max = 128 (default)
2022-06-24 23:50:54,342 [e4b7c23e-ae07-4399-b4c7-5433903d8f4c@group-7301C1C6E889-LeaderElection68] INFO  server.RaftServerConfigKeys (ConfUtils.java:logGet(46)) - raft.server.rpc.request.timeout = 60s (custom)
2022-06-24 23:50:54,342 [e4b7c23e-ae07-4399-b4c7-5433903d8f4c@group-7301C1C6E889-LeaderElection68] INFO  server.RaftServerConfigKeys (ConfUtils.java:logGet(46)) - raft.server.log.appender.install.snapshot.enabled = false (custom)
2022-06-24 23:50:54,343 [e4b7c23e-ae07-4399-b4c7-5433903d8f4c@group-7301C1C6E889-LeaderElection68] INFO  impl.RoleInfo (RoleInfo.java:updateAndGet(139)) - e4b7c23e-ae07-4399-b4c7-5433903d8f4c: start e4b7c23e-ae07-4399-b4c7-5433903d8f4c@group-7301C1C6E889-LeaderStateImpl
2022-06-24 23:50:54,344 [e4b7c23e-ae07-4399-b4c7-5433903d8f4c@group-7301C1C6E889-LeaderElection68] INFO  segmented.SegmentedRaftLogWorker (SegmentedRaftLogWorker.java:startLogSegment(425)) - e4b7c23e-ae07-4399-b4c7-5433903d8f4c@group-7301C1C6E889-SegmentedRaftLogWorker: Starting segment from index:0
2022-06-24 23:50:54,344 [EventQueue-PipelineReportForPipelineReportHandler] INFO  pipeline.PipelineManagerImpl (PipelineManagerImpl.java:openPipeline(358)) - Pipeline Pipeline[ Id: f9af55ac-a2e8-4e73-8ca3-7301c1c6e889, Nodes: e0e9d4ea-e5ff-4cfc-8100-64ee9cc1170c{ip: 10.1.0.24, host: fv-az21-224.v4iizcarkezebbfea14bcgzyke.bx.internal.cloudapp.net, ports: [REPLICATION=46179, RATIS=37185, RATIS_ADMIN=37185, RATIS_SERVER=37185, STANDALONE=44191], networkLocation: /default-rack, certSerialId: null, persistedOpState: IN_SERVICE, persistedOpStateExpiryEpochSec: 0}aaaf6e37-99bf-4100-a292-78f58d03488b{ip: 10.1.0.24, host: fv-az21-224.v4iizcarkezebbfea14bcgzyke.bx.internal.cloudapp.net, ports: [REPLICATION=40551, RATIS=32839, RATIS_ADMIN=32839, RATIS_SERVER=32839, STANDALONE=33413], networkLocation: /default-rack, certSerialId: null, persistedOpState: IN_SERVICE, persistedOpStateExpiryEpochSec: 0}e4b7c23e-ae07-4399-b4c7-5433903d8f4c{ip: 10.1.0.24, host: fv-az21-224.v4iizcarkezebbfea14bcgzyke.bx.internal.cloudapp.net, ports: [REPLICATION=34437, RATIS=37801, RATIS_ADMIN=37801, RATIS_SERVER=37801, STANDALONE=37619], networkLocation: /default-rack, certSerialId: null, persistedOpState: IN_SERVICE, persistedOpStateExpiryEpochSec: 0}, ReplicationConfig: RATIS/THREE, State:ALLOCATED, leaderId:e4b7c23e-ae07-4399-b4c7-5433903d8f4c, CreationTimestamp2022-06-24T23:50:32.111Z[Etc/UTC]] moved to OPEN state
2022-06-24 23:50:54,346 [e4b7c23e-ae07-4399-b4c7-5433903d8f4c@group-7301C1C6E889-SegmentedRaftLogWorker] INFO  segmented.SegmentedRaftLogWorker (SegmentedRaftLogWorker.java:execute(629)) - e4b7c23e-ae07-4399-b4c7-5433903d8f4c@group-7301C1C6E889-SegmentedRaftLogWorker: created new log segment /home/runner/work/ozone/ozone/hadoop-ozone/integration-test/target/test-dir/MiniOzoneClusterImpl-fde6c995-fd32-43d9-9d96-6dc5d052cd3d/datanode-1/data/ratis/f9af55ac-a2e8-4e73-8ca3-7301c1c6e889/current/log_inprogress_0
2022-06-24 23:50:54,346 [e4b7c23e-ae07-4399-b4c7-5433903d8f4c@group-7301C1C6E889-LeaderElection68] INFO  server.RaftServer$Division (ServerState.java:setRaftConf(393)) - e4b7c23e-ae07-4399-b4c7-5433903d8f4c@group-7301C1C6E889: set configuration 0: [e4b7c23e-ae07-4399-b4c7-5433903d8f4c|rpc:10.1.0.24:37801|dataStream:|priority:1, e0e9d4ea-e5ff-4cfc-8100-64ee9cc1170c|rpc:10.1.0.24:37185|dataStream:|priority:0, aaaf6e37-99bf-4100-a292-78f58d03488b|rpc:10.1.0.24:32839|dataStream:|priority:0], old=null
2022-06-24 23:50:54,455 [e0e9d4ea-e5ff-4cfc-8100-64ee9cc1170c-server-thread1] INFO  ratis.XceiverServerRatis (XceiverServerRatis.java:handleLeaderChangedNotification(863)) - Leader change notification received for group: group-7301C1C6E889 with new leaderId: e4b7c23e-ae07-4399-b4c7-5433903d8f4c
2022-06-24 23:50:54,455 [e0e9d4ea-e5ff-4cfc-8100-64ee9cc1170c-server-thread1] INFO  server.RaftServer$Division (ServerState.java:setLeader(287)) - e0e9d4ea-e5ff-4cfc-8100-64ee9cc1170c@group-7301C1C6E889: change Leader from null to e4b7c23e-ae07-4399-b4c7-5433903d8f4c at term 4 for appendEntries, leader elected after 21109ms
2022-06-24 23:50:54,458 [aaaf6e37-99bf-4100-a292-78f58d03488b-server-thread1] INFO  ratis.XceiverServerRatis (XceiverServerRatis.java:handleLeaderChangedNotification(863)) - Leader change notification received for group: group-7301C1C6E889 with new leaderId: e4b7c23e-ae07-4399-b4c7-5433903d8f4c
2022-06-24 23:50:54,458 [aaaf6e37-99bf-4100-a292-78f58d03488b-server-thread1] INFO  server.RaftServer$Division (ServerState.java:setLeader(287)) - aaaf6e37-99bf-4100-a292-78f58d03488b@group-7301C1C6E889: change Leader from null to e4b7c23e-ae07-4399-b4c7-5433903d8f4c at term 4 for appendEntries, leader elected after 20996ms
2022-06-24 23:50:54,481 [e0e9d4ea-e5ff-4cfc-8100-64ee9cc1170c-server-thread1] INFO  server.RaftServer$Division (ServerState.java:setRaftConf(393)) - e0e9d4ea-e5ff-4cfc-8100-64ee9cc1170c@group-7301C1C6E889: set configuration 0: [e4b7c23e-ae07-4399-b4c7-5433903d8f4c|rpc:10.1.0.24:37801|dataStream:|priority:1, e0e9d4ea-e5ff-4cfc-8100-64ee9cc1170c|rpc:10.1.0.24:37185|dataStream:|priority:0, aaaf6e37-99bf-4100-a292-78f58d03488b|rpc:10.1.0.24:32839|dataStream:|priority:0], old=null
2022-06-24 23:50:54,481 [e0e9d4ea-e5ff-4cfc-8100-64ee9cc1170c-server-thread1] INFO  segmented.SegmentedRaftLogWorker (SegmentedRaftLogWorker.java:startLogSegment(425)) - e0e9d4ea-e5ff-4cfc-8100-64ee9cc1170c@group-7301C1C6E889-SegmentedRaftLogWorker: Starting segment from index:0
2022-06-24 23:50:54,485 [e0e9d4ea-e5ff-4cfc-8100-64ee9cc1170c@group-7301C1C6E889-SegmentedRaftLogWorker] INFO  segmented.SegmentedRaftLogWorker (SegmentedRaftLogWorker.java:execute(629)) - e0e9d4ea-e5ff-4cfc-8100-64ee9cc1170c@group-7301C1C6E889-SegmentedRaftLogWorker: created new log segment /home/runner/work/ozone/ozone/hadoop-ozone/integration-test/target/test-dir/MiniOzoneClusterImpl-fde6c995-fd32-43d9-9d96-6dc5d052cd3d/datanode-0/data/ratis/f9af55ac-a2e8-4e73-8ca3-7301c1c6e889/current/log_inprogress_0
2022-06-24 23:50:54,552 [aaaf6e37-99bf-4100-a292-78f58d03488b-server-thread2] INFO  server.RaftServer$Division (ServerState.java:setRaftConf(393)) - aaaf6e37-99bf-4100-a292-78f58d03488b@group-7301C1C6E889: set configuration 0: [e4b7c23e-ae07-4399-b4c7-5433903d8f4c|rpc:10.1.0.24:37801|dataStream:|priority:1, e0e9d4ea-e5ff-4cfc-8100-64ee9cc1170c|rpc:10.1.0.24:37185|dataStream:|priority:0, aaaf6e37-99bf-4100-a292-78f58d03488b|rpc:10.1.0.24:32839|dataStream:|priority:0], old=null
2022-06-24 23:50:54,552 [aaaf6e37-99bf-4100-a292-78f58d03488b-server-thread2] INFO  segmented.SegmentedRaftLogWorker (SegmentedRaftLogWorker.java:startLogSegment(425)) - aaaf6e37-99bf-4100-a292-78f58d03488b@group-7301C1C6E889-SegmentedRaftLogWorker: Starting segment from index:0
2022-06-24 23:50:54,559 [aaaf6e37-99bf-4100-a292-78f58d03488b@group-7301C1C6E889-SegmentedRaftLogWorker] INFO  segmented.SegmentedRaftLogWorker (SegmentedRaftLogWorker.java:execute(629)) - aaaf6e37-99bf-4100-a292-78f58d03488b@group-7301C1C6E889-SegmentedRaftLogWorker: created new log segment /home/runner/work/ozone/ozone/hadoop-ozone/integration-test/target/test-dir/MiniOzoneClusterImpl-fde6c995-fd32-43d9-9d96-6dc5d052cd3d/datanode-2/data/ratis/f9af55ac-a2e8-4e73-8ca3-7301c1c6e889/current/log_inprogress_0
]]></system-out>
  </testcase>
  <testcase name="testCreateKeyShouldUseRefreshedBucketReplicationConfig" classname="TestOzoneFileSystem" time="0.3">
    <system-out><![CDATA[2022-06-24 23:45:35,838 [Time-limited test] INFO  rpc.RpcClient (RpcClient.java:createVolume(466)) - Creating Volume: volume05099, with user94270 as owner and space quota set to -1 bytes, counts quota set to -1
2022-06-24 23:45:35,841 [OM StateMachine ApplyTransaction Thread - 0] INFO  volume.OMVolumeCreateRequest (OMVolumeCreateRequest.java:validateAndUpdateCache(195)) - created volume:volume05099 for user:user94270
2022-06-24 23:45:35,845 [Time-limited test] INFO  rpc.RpcClient (RpcClient.java:createBucket(666)) - Creating Bucket: volume05099/bucket23256, with the Bucket Layout LEGACY, runner as owner, Versioning false, Storage Type set to DISK and Encryption set to false 
2022-06-24 23:45:35,846 [OM StateMachine ApplyTransaction Thread - 0] INFO  bucket.OMBucketCreateRequest (OMBucketCreateRequest.java:validateAndUpdateCache(260)) - created bucket: bucket23256 of layout LEGACY in volume: volume05099
2022-06-24 23:45:35,917 [IPC Server handler 11 on default port 39163] INFO  pipeline.PipelineStateManagerImpl (PipelineStateManagerImpl.java:addPipeline(101)) - Created pipeline Pipeline[ Id: 8b87d5d1-1e74-4e5c-abb3-702ef31ea490, Nodes: 81e412cb-c007-41b2-a8bf-200042a7632d{ip: 10.1.0.24, host: fv-az21-224.v4iizcarkezebbfea14bcgzyke.bx.internal.cloudapp.net, ports: [REPLICATION=34231, RATIS=40693, RATIS_ADMIN=40693, RATIS_SERVER=40693, STANDALONE=39103], networkLocation: /default-rack, certSerialId: null, persistedOpState: null, persistedOpStateExpiryEpochSec: 0}c0c3f727-3a57-4cf2-9ef3-302a01638126{ip: 10.1.0.24, host: fv-az21-224.v4iizcarkezebbfea14bcgzyke.bx.internal.cloudapp.net, ports: [REPLICATION=38909, RATIS=32921, RATIS_ADMIN=32921, RATIS_SERVER=32921, STANDALONE=35853], networkLocation: /default-rack, certSerialId: null, persistedOpState: null, persistedOpStateExpiryEpochSec: 0}18423a42-f8bb-48b0-9845-301087e2fcde{ip: 10.1.0.24, host: fv-az21-224.v4iizcarkezebbfea14bcgzyke.bx.internal.cloudapp.net, ports: [REPLICATION=45717, RATIS=45671, RATIS_ADMIN=45671, RATIS_SERVER=45671, STANDALONE=36383], networkLocation: /default-rack, certSerialId: null, persistedOpState: null, persistedOpStateExpiryEpochSec: 0}1cd66e73-07f1-4729-a00f-873523f7ad93{ip: 10.1.0.24, host: fv-az21-224.v4iizcarkezebbfea14bcgzyke.bx.internal.cloudapp.net, ports: [REPLICATION=35287, RATIS=46017, RATIS_ADMIN=46017, RATIS_SERVER=46017, STANDALONE=41541], networkLocation: /default-rack, certSerialId: null, persistedOpState: null, persistedOpStateExpiryEpochSec: 0}195e3a17-4c6d-4f40-b013-a6f8b27716a1{ip: 10.1.0.24, host: fv-az21-224.v4iizcarkezebbfea14bcgzyke.bx.internal.cloudapp.net, ports: [REPLICATION=44381, RATIS=38197, RATIS_ADMIN=38197, RATIS_SERVER=38197, STANDALONE=45083], networkLocation: /default-rack, certSerialId: null, persistedOpState: null, persistedOpStateExpiryEpochSec: 0}, ReplicationConfig: EC/ECReplicationConfig{data=3, parity=2, ecChunkSize=1048576, codec=rs}, State:ALLOCATED, leaderId:, CreationTimestamp2022-06-24T23:45:35.916Z[Etc/UTC]].
2022-06-24 23:45:35,918 [IPC Server handler 11 on default port 39163] INFO  pipeline.PipelineManagerImpl (PipelineManagerImpl.java:openPipeline(358)) - Pipeline Pipeline[ Id: 8b87d5d1-1e74-4e5c-abb3-702ef31ea490, Nodes: 81e412cb-c007-41b2-a8bf-200042a7632d{ip: 10.1.0.24, host: fv-az21-224.v4iizcarkezebbfea14bcgzyke.bx.internal.cloudapp.net, ports: [REPLICATION=34231, RATIS=40693, RATIS_ADMIN=40693, RATIS_SERVER=40693, STANDALONE=39103], networkLocation: /default-rack, certSerialId: null, persistedOpState: null, persistedOpStateExpiryEpochSec: 0}c0c3f727-3a57-4cf2-9ef3-302a01638126{ip: 10.1.0.24, host: fv-az21-224.v4iizcarkezebbfea14bcgzyke.bx.internal.cloudapp.net, ports: [REPLICATION=38909, RATIS=32921, RATIS_ADMIN=32921, RATIS_SERVER=32921, STANDALONE=35853], networkLocation: /default-rack, certSerialId: null, persistedOpState: null, persistedOpStateExpiryEpochSec: 0}18423a42-f8bb-48b0-9845-301087e2fcde{ip: 10.1.0.24, host: fv-az21-224.v4iizcarkezebbfea14bcgzyke.bx.internal.cloudapp.net, ports: [REPLICATION=45717, RATIS=45671, RATIS_ADMIN=45671, RATIS_SERVER=45671, STANDALONE=36383], networkLocation: /default-rack, certSerialId: null, persistedOpState: null, persistedOpStateExpiryEpochSec: 0}1cd66e73-07f1-4729-a00f-873523f7ad93{ip: 10.1.0.24, host: fv-az21-224.v4iizcarkezebbfea14bcgzyke.bx.internal.cloudapp.net, ports: [REPLICATION=35287, RATIS=46017, RATIS_ADMIN=46017, RATIS_SERVER=46017, STANDALONE=41541], networkLocation: /default-rack, certSerialId: null, persistedOpState: null, persistedOpStateExpiryEpochSec: 0}195e3a17-4c6d-4f40-b013-a6f8b27716a1{ip: 10.1.0.24, host: fv-az21-224.v4iizcarkezebbfea14bcgzyke.bx.internal.cloudapp.net, ports: [REPLICATION=44381, RATIS=38197, RATIS_ADMIN=38197, RATIS_SERVER=38197, STANDALONE=45083], networkLocation: /default-rack, certSerialId: null, persistedOpState: null, persistedOpStateExpiryEpochSec: 0}, ReplicationConfig: EC/ECReplicationConfig{data=3, parity=2, ecChunkSize=1048576, codec=rs}, State:ALLOCATED, leaderId:, CreationTimestamp2022-06-24T23:45:35.916Z[Etc/UTC]] moved to OPEN state
2022-06-24 23:45:35,971 [Time-limited test] WARN  erasurecode.ErasureCodeNative (ErasureCodeNative.java:<clinit>(55)) - ISA-L support is not available in your platform... using builtin-java codec where applicable
2022-06-24 23:45:36,074 [IPC Server handler 3 on default port 39163] INFO  pipeline.PipelineStateManagerImpl (PipelineStateManagerImpl.java:addPipeline(101)) - Created pipeline Pipeline[ Id: 54671f85-d04e-41ad-9ed8-1685cd5c4ee5, Nodes: 81e412cb-c007-41b2-a8bf-200042a7632d{ip: 10.1.0.24, host: fv-az21-224.v4iizcarkezebbfea14bcgzyke.bx.internal.cloudapp.net, ports: [REPLICATION=34231, RATIS=40693, RATIS_ADMIN=40693, RATIS_SERVER=40693, STANDALONE=39103], networkLocation: /default-rack, certSerialId: null, persistedOpState: null, persistedOpStateExpiryEpochSec: 0}18423a42-f8bb-48b0-9845-301087e2fcde{ip: 10.1.0.24, host: fv-az21-224.v4iizcarkezebbfea14bcgzyke.bx.internal.cloudapp.net, ports: [REPLICATION=45717, RATIS=45671, RATIS_ADMIN=45671, RATIS_SERVER=45671, STANDALONE=36383], networkLocation: /default-rack, certSerialId: null, persistedOpState: null, persistedOpStateExpiryEpochSec: 0}1cd66e73-07f1-4729-a00f-873523f7ad93{ip: 10.1.0.24, host: fv-az21-224.v4iizcarkezebbfea14bcgzyke.bx.internal.cloudapp.net, ports: [REPLICATION=35287, RATIS=46017, RATIS_ADMIN=46017, RATIS_SERVER=46017, STANDALONE=41541], networkLocation: /default-rack, certSerialId: null, persistedOpState: null, persistedOpStateExpiryEpochSec: 0}195e3a17-4c6d-4f40-b013-a6f8b27716a1{ip: 10.1.0.24, host: fv-az21-224.v4iizcarkezebbfea14bcgzyke.bx.internal.cloudapp.net, ports: [REPLICATION=44381, RATIS=38197, RATIS_ADMIN=38197, RATIS_SERVER=38197, STANDALONE=45083], networkLocation: /default-rack, certSerialId: null, persistedOpState: null, persistedOpStateExpiryEpochSec: 0}c0c3f727-3a57-4cf2-9ef3-302a01638126{ip: 10.1.0.24, host: fv-az21-224.v4iizcarkezebbfea14bcgzyke.bx.internal.cloudapp.net, ports: [REPLICATION=38909, RATIS=32921, RATIS_ADMIN=32921, RATIS_SERVER=32921, STANDALONE=35853], networkLocation: /default-rack, certSerialId: null, persistedOpState: null, persistedOpStateExpiryEpochSec: 0}, ReplicationConfig: EC/ECReplicationConfig{data=3, parity=2, ecChunkSize=1048576, codec=rs}, State:ALLOCATED, leaderId:, CreationTimestamp2022-06-24T23:45:36.074Z[Etc/UTC]].
2022-06-24 23:45:36,076 [IPC Server handler 3 on default port 39163] INFO  pipeline.PipelineManagerImpl (PipelineManagerImpl.java:openPipeline(358)) - Pipeline Pipeline[ Id: 54671f85-d04e-41ad-9ed8-1685cd5c4ee5, Nodes: 81e412cb-c007-41b2-a8bf-200042a7632d{ip: 10.1.0.24, host: fv-az21-224.v4iizcarkezebbfea14bcgzyke.bx.internal.cloudapp.net, ports: [REPLICATION=34231, RATIS=40693, RATIS_ADMIN=40693, RATIS_SERVER=40693, STANDALONE=39103], networkLocation: /default-rack, certSerialId: null, persistedOpState: null, persistedOpStateExpiryEpochSec: 0}18423a42-f8bb-48b0-9845-301087e2fcde{ip: 10.1.0.24, host: fv-az21-224.v4iizcarkezebbfea14bcgzyke.bx.internal.cloudapp.net, ports: [REPLICATION=45717, RATIS=45671, RATIS_ADMIN=45671, RATIS_SERVER=45671, STANDALONE=36383], networkLocation: /default-rack, certSerialId: null, persistedOpState: null, persistedOpStateExpiryEpochSec: 0}1cd66e73-07f1-4729-a00f-873523f7ad93{ip: 10.1.0.24, host: fv-az21-224.v4iizcarkezebbfea14bcgzyke.bx.internal.cloudapp.net, ports: [REPLICATION=35287, RATIS=46017, RATIS_ADMIN=46017, RATIS_SERVER=46017, STANDALONE=41541], networkLocation: /default-rack, certSerialId: null, persistedOpState: null, persistedOpStateExpiryEpochSec: 0}195e3a17-4c6d-4f40-b013-a6f8b27716a1{ip: 10.1.0.24, host: fv-az21-224.v4iizcarkezebbfea14bcgzyke.bx.internal.cloudapp.net, ports: [REPLICATION=44381, RATIS=38197, RATIS_ADMIN=38197, RATIS_SERVER=38197, STANDALONE=45083], networkLocation: /default-rack, certSerialId: null, persistedOpState: null, persistedOpStateExpiryEpochSec: 0}c0c3f727-3a57-4cf2-9ef3-302a01638126{ip: 10.1.0.24, host: fv-az21-224.v4iizcarkezebbfea14bcgzyke.bx.internal.cloudapp.net, ports: [REPLICATION=38909, RATIS=32921, RATIS_ADMIN=32921, RATIS_SERVER=32921, STANDALONE=35853], networkLocation: /default-rack, certSerialId: null, persistedOpState: null, persistedOpStateExpiryEpochSec: 0}, ReplicationConfig: EC/ECReplicationConfig{data=3, parity=2, ecChunkSize=1048576, codec=rs}, State:ALLOCATED, leaderId:, CreationTimestamp2022-06-24T23:45:36.074Z[Etc/UTC]] moved to OPEN state
]]></system-out>
  </testcase>
  <testcase name="testCreateKeyShouldUseRefreshedBucketReplicationConfig" classname="TestOzoneFileSystem" time="0.277">
    <system-out><![CDATA[2022-06-24 23:46:39,221 [Time-limited test] INFO  rpc.RpcClient (RpcClient.java:createVolume(466)) - Creating Volume: volume31865, with user05007 as owner and space quota set to -1 bytes, counts quota set to -1
2022-06-24 23:46:39,222 [IPC Server handler 2 on default port 34097] INFO  volume.OMVolumeCreateRequest (OMVolumeCreateRequest.java:validateAndUpdateCache(195)) - created volume:volume31865 for user:user05007
2022-06-24 23:46:39,229 [Time-limited test] INFO  rpc.RpcClient (RpcClient.java:createBucket(666)) - Creating Bucket: volume31865/bucket37109, with the Bucket Layout LEGACY, runner as owner, Versioning false, Storage Type set to DISK and Encryption set to false 
2022-06-24 23:46:39,230 [IPC Server handler 3 on default port 34097] INFO  bucket.OMBucketCreateRequest (OMBucketCreateRequest.java:validateAndUpdateCache(260)) - created bucket: bucket37109 of layout LEGACY in volume: volume31865
2022-06-24 23:46:39,308 [IPC Server handler 14 on default port 40687] INFO  pipeline.PipelineStateManagerImpl (PipelineStateManagerImpl.java:addPipeline(101)) - Created pipeline Pipeline[ Id: 78d0c9ef-5ad5-4ee3-9630-a39cfcf22046, Nodes: c8d3b1b7-e2cb-467c-92f2-e834465c7bf5{ip: 10.1.0.24, host: fv-az21-224.v4iizcarkezebbfea14bcgzyke.bx.internal.cloudapp.net, ports: [REPLICATION=37931, RATIS=45959, RATIS_ADMIN=45959, RATIS_SERVER=45959, STANDALONE=34671], networkLocation: /default-rack, certSerialId: null, persistedOpState: null, persistedOpStateExpiryEpochSec: 0}bc644b0c-0e4b-489d-a6ba-eb86566737d4{ip: 10.1.0.24, host: fv-az21-224.v4iizcarkezebbfea14bcgzyke.bx.internal.cloudapp.net, ports: [REPLICATION=33797, RATIS=41849, RATIS_ADMIN=41849, RATIS_SERVER=41849, STANDALONE=43015], networkLocation: /default-rack, certSerialId: null, persistedOpState: null, persistedOpStateExpiryEpochSec: 0}8e270ae6-3b8a-4b8d-ba53-7f31af20a9eb{ip: 10.1.0.24, host: fv-az21-224.v4iizcarkezebbfea14bcgzyke.bx.internal.cloudapp.net, ports: [REPLICATION=45683, RATIS=34827, RATIS_ADMIN=34827, RATIS_SERVER=34827, STANDALONE=37589], networkLocation: /default-rack, certSerialId: null, persistedOpState: null, persistedOpStateExpiryEpochSec: 0}d25249de-707f-41fb-b0bd-e849b78f575c{ip: 10.1.0.24, host: fv-az21-224.v4iizcarkezebbfea14bcgzyke.bx.internal.cloudapp.net, ports: [REPLICATION=37633, RATIS=36285, RATIS_ADMIN=36285, RATIS_SERVER=36285, STANDALONE=45851], networkLocation: /default-rack, certSerialId: null, persistedOpState: null, persistedOpStateExpiryEpochSec: 0}aa2ccac3-0f7f-4c15-9b2c-c814dca127e1{ip: 10.1.0.24, host: fv-az21-224.v4iizcarkezebbfea14bcgzyke.bx.internal.cloudapp.net, ports: [REPLICATION=40033, RATIS=36121, RATIS_ADMIN=36121, RATIS_SERVER=36121, STANDALONE=46401], networkLocation: /default-rack, certSerialId: null, persistedOpState: null, persistedOpStateExpiryEpochSec: 0}, ReplicationConfig: EC/ECReplicationConfig{data=3, parity=2, ecChunkSize=1048576, codec=rs}, State:ALLOCATED, leaderId:, CreationTimestamp2022-06-24T23:46:39.308Z[Etc/UTC]].
2022-06-24 23:46:39,309 [IPC Server handler 14 on default port 40687] INFO  pipeline.PipelineManagerImpl (PipelineManagerImpl.java:openPipeline(358)) - Pipeline Pipeline[ Id: 78d0c9ef-5ad5-4ee3-9630-a39cfcf22046, Nodes: c8d3b1b7-e2cb-467c-92f2-e834465c7bf5{ip: 10.1.0.24, host: fv-az21-224.v4iizcarkezebbfea14bcgzyke.bx.internal.cloudapp.net, ports: [REPLICATION=37931, RATIS=45959, RATIS_ADMIN=45959, RATIS_SERVER=45959, STANDALONE=34671], networkLocation: /default-rack, certSerialId: null, persistedOpState: null, persistedOpStateExpiryEpochSec: 0}bc644b0c-0e4b-489d-a6ba-eb86566737d4{ip: 10.1.0.24, host: fv-az21-224.v4iizcarkezebbfea14bcgzyke.bx.internal.cloudapp.net, ports: [REPLICATION=33797, RATIS=41849, RATIS_ADMIN=41849, RATIS_SERVER=41849, STANDALONE=43015], networkLocation: /default-rack, certSerialId: null, persistedOpState: null, persistedOpStateExpiryEpochSec: 0}8e270ae6-3b8a-4b8d-ba53-7f31af20a9eb{ip: 10.1.0.24, host: fv-az21-224.v4iizcarkezebbfea14bcgzyke.bx.internal.cloudapp.net, ports: [REPLICATION=45683, RATIS=34827, RATIS_ADMIN=34827, RATIS_SERVER=34827, STANDALONE=37589], networkLocation: /default-rack, certSerialId: null, persistedOpState: null, persistedOpStateExpiryEpochSec: 0}d25249de-707f-41fb-b0bd-e849b78f575c{ip: 10.1.0.24, host: fv-az21-224.v4iizcarkezebbfea14bcgzyke.bx.internal.cloudapp.net, ports: [REPLICATION=37633, RATIS=36285, RATIS_ADMIN=36285, RATIS_SERVER=36285, STANDALONE=45851], networkLocation: /default-rack, certSerialId: null, persistedOpState: null, persistedOpStateExpiryEpochSec: 0}aa2ccac3-0f7f-4c15-9b2c-c814dca127e1{ip: 10.1.0.24, host: fv-az21-224.v4iizcarkezebbfea14bcgzyke.bx.internal.cloudapp.net, ports: [REPLICATION=40033, RATIS=36121, RATIS_ADMIN=36121, RATIS_SERVER=36121, STANDALONE=46401], networkLocation: /default-rack, certSerialId: null, persistedOpState: null, persistedOpStateExpiryEpochSec: 0}, ReplicationConfig: EC/ECReplicationConfig{data=3, parity=2, ecChunkSize=1048576, codec=rs}, State:ALLOCATED, leaderId:, CreationTimestamp2022-06-24T23:46:39.308Z[Etc/UTC]] moved to OPEN state
2022-06-24 23:46:39,359 [IPC Server handler 15 on default port 40687] INFO  pipeline.PipelineStateManagerImpl (PipelineStateManagerImpl.java:addPipeline(101)) - Created pipeline Pipeline[ Id: 1f4756b9-fe68-4ac8-bd19-26b4db7ae59f, Nodes: 8e270ae6-3b8a-4b8d-ba53-7f31af20a9eb{ip: 10.1.0.24, host: fv-az21-224.v4iizcarkezebbfea14bcgzyke.bx.internal.cloudapp.net, ports: [REPLICATION=45683, RATIS=34827, RATIS_ADMIN=34827, RATIS_SERVER=34827, STANDALONE=37589], networkLocation: /default-rack, certSerialId: null, persistedOpState: null, persistedOpStateExpiryEpochSec: 0}bc644b0c-0e4b-489d-a6ba-eb86566737d4{ip: 10.1.0.24, host: fv-az21-224.v4iizcarkezebbfea14bcgzyke.bx.internal.cloudapp.net, ports: [REPLICATION=33797, RATIS=41849, RATIS_ADMIN=41849, RATIS_SERVER=41849, STANDALONE=43015], networkLocation: /default-rack, certSerialId: null, persistedOpState: null, persistedOpStateExpiryEpochSec: 0}d25249de-707f-41fb-b0bd-e849b78f575c{ip: 10.1.0.24, host: fv-az21-224.v4iizcarkezebbfea14bcgzyke.bx.internal.cloudapp.net, ports: [REPLICATION=37633, RATIS=36285, RATIS_ADMIN=36285, RATIS_SERVER=36285, STANDALONE=45851], networkLocation: /default-rack, certSerialId: null, persistedOpState: null, persistedOpStateExpiryEpochSec: 0}c8d3b1b7-e2cb-467c-92f2-e834465c7bf5{ip: 10.1.0.24, host: fv-az21-224.v4iizcarkezebbfea14bcgzyke.bx.internal.cloudapp.net, ports: [REPLICATION=37931, RATIS=45959, RATIS_ADMIN=45959, RATIS_SERVER=45959, STANDALONE=34671], networkLocation: /default-rack, certSerialId: null, persistedOpState: null, persistedOpStateExpiryEpochSec: 0}aa2ccac3-0f7f-4c15-9b2c-c814dca127e1{ip: 10.1.0.24, host: fv-az21-224.v4iizcarkezebbfea14bcgzyke.bx.internal.cloudapp.net, ports: [REPLICATION=40033, RATIS=36121, RATIS_ADMIN=36121, RATIS_SERVER=36121, STANDALONE=46401], networkLocation: /default-rack, certSerialId: null, persistedOpState: null, persistedOpStateExpiryEpochSec: 0}, ReplicationConfig: EC/ECReplicationConfig{data=3, parity=2, ecChunkSize=1048576, codec=rs}, State:ALLOCATED, leaderId:, CreationTimestamp2022-06-24T23:46:39.359Z[Etc/UTC]].
2022-06-24 23:46:39,360 [IPC Server handler 15 on default port 40687] INFO  pipeline.PipelineManagerImpl (PipelineManagerImpl.java:openPipeline(358)) - Pipeline Pipeline[ Id: 1f4756b9-fe68-4ac8-bd19-26b4db7ae59f, Nodes: 8e270ae6-3b8a-4b8d-ba53-7f31af20a9eb{ip: 10.1.0.24, host: fv-az21-224.v4iizcarkezebbfea14bcgzyke.bx.internal.cloudapp.net, ports: [REPLICATION=45683, RATIS=34827, RATIS_ADMIN=34827, RATIS_SERVER=34827, STANDALONE=37589], networkLocation: /default-rack, certSerialId: null, persistedOpState: null, persistedOpStateExpiryEpochSec: 0}bc644b0c-0e4b-489d-a6ba-eb86566737d4{ip: 10.1.0.24, host: fv-az21-224.v4iizcarkezebbfea14bcgzyke.bx.internal.cloudapp.net, ports: [REPLICATION=33797, RATIS=41849, RATIS_ADMIN=41849, RATIS_SERVER=41849, STANDALONE=43015], networkLocation: /default-rack, certSerialId: null, persistedOpState: null, persistedOpStateExpiryEpochSec: 0}d25249de-707f-41fb-b0bd-e849b78f575c{ip: 10.1.0.24, host: fv-az21-224.v4iizcarkezebbfea14bcgzyke.bx.internal.cloudapp.net, ports: [REPLICATION=37633, RATIS=36285, RATIS_ADMIN=36285, RATIS_SERVER=36285, STANDALONE=45851], networkLocation: /default-rack, certSerialId: null, persistedOpState: null, persistedOpStateExpiryEpochSec: 0}c8d3b1b7-e2cb-467c-92f2-e834465c7bf5{ip: 10.1.0.24, host: fv-az21-224.v4iizcarkezebbfea14bcgzyke.bx.internal.cloudapp.net, ports: [REPLICATION=37931, RATIS=45959, RATIS_ADMIN=45959, RATIS_SERVER=45959, STANDALONE=34671], networkLocation: /default-rack, certSerialId: null, persistedOpState: null, persistedOpStateExpiryEpochSec: 0}aa2ccac3-0f7f-4c15-9b2c-c814dca127e1{ip: 10.1.0.24, host: fv-az21-224.v4iizcarkezebbfea14bcgzyke.bx.internal.cloudapp.net, ports: [REPLICATION=40033, RATIS=36121, RATIS_ADMIN=36121, RATIS_SERVER=36121, STANDALONE=46401], networkLocation: /default-rack, certSerialId: null, persistedOpState: null, persistedOpStateExpiryEpochSec: 0}, ReplicationConfig: EC/ECReplicationConfig{data=3, parity=2, ecChunkSize=1048576, codec=rs}, State:ALLOCATED, leaderId:, CreationTimestamp2022-06-24T23:46:39.359Z[Etc/UTC]] moved to OPEN state
]]></system-out>
  </testcase>
  <testcase name="testCreateKeyShouldUseRefreshedBucketReplicationConfig" classname="TestOzoneFileSystem" time="0.6">
    <system-out><![CDATA[2022-06-24 23:49:45,530 [Time-limited test] INFO  rpc.RpcClient (RpcClient.java:createVolume(466)) - Creating Volume: volume02015, with user82255 as owner and space quota set to -1 bytes, counts quota set to -1
2022-06-24 23:49:45,535 [OM StateMachine ApplyTransaction Thread - 0] INFO  volume.OMVolumeCreateRequest (OMVolumeCreateRequest.java:validateAndUpdateCache(195)) - created volume:volume02015 for user:user82255
2022-06-24 23:49:45,550 [Time-limited test] INFO  rpc.RpcClient (RpcClient.java:createBucket(666)) - Creating Bucket: volume02015/bucket33418, with the Bucket Layout LEGACY, runner as owner, Versioning false, Storage Type set to DISK and Encryption set to false 
2022-06-24 23:49:45,564 [OM StateMachine ApplyTransaction Thread - 0] INFO  bucket.OMBucketCreateRequest (OMBucketCreateRequest.java:validateAndUpdateCache(260)) - created bucket: bucket33418 of layout LEGACY in volume: volume02015
2022-06-24 23:49:45,635 [IPC Server handler 12 on default port 35985] INFO  pipeline.PipelineStateManagerImpl (PipelineStateManagerImpl.java:addPipeline(101)) - Created pipeline Pipeline[ Id: e419f1b9-2c1f-4f58-8d80-52d7d95e81b6, Nodes: 51490d26-ad7a-4947-a556-931448a53f1d{ip: 10.1.0.24, host: fv-az21-224.v4iizcarkezebbfea14bcgzyke.bx.internal.cloudapp.net, ports: [REPLICATION=45649, RATIS=46001, RATIS_ADMIN=46001, RATIS_SERVER=46001, STANDALONE=44459], networkLocation: /default-rack, certSerialId: null, persistedOpState: null, persistedOpStateExpiryEpochSec: 0}87fb9657-1567-464e-bbce-51798844cbf7{ip: 10.1.0.24, host: fv-az21-224.v4iizcarkezebbfea14bcgzyke.bx.internal.cloudapp.net, ports: [REPLICATION=43229, RATIS=44643, RATIS_ADMIN=44643, RATIS_SERVER=44643, STANDALONE=33177], networkLocation: /default-rack, certSerialId: null, persistedOpState: null, persistedOpStateExpiryEpochSec: 0}b721671c-f2e0-4f32-a472-e04e394ae124{ip: 10.1.0.24, host: fv-az21-224.v4iizcarkezebbfea14bcgzyke.bx.internal.cloudapp.net, ports: [REPLICATION=36737, RATIS=41813, RATIS_ADMIN=41813, RATIS_SERVER=41813, STANDALONE=43985], networkLocation: /default-rack, certSerialId: null, persistedOpState: null, persistedOpStateExpiryEpochSec: 0}4178a181-7a8b-49ec-906e-515996c40b3d{ip: 10.1.0.24, host: fv-az21-224.v4iizcarkezebbfea14bcgzyke.bx.internal.cloudapp.net, ports: [REPLICATION=44005, RATIS=37729, RATIS_ADMIN=37729, RATIS_SERVER=37729, STANDALONE=34841], networkLocation: /default-rack, certSerialId: null, persistedOpState: null, persistedOpStateExpiryEpochSec: 0}66188e3b-2de6-4632-9636-fbf530af5e5e{ip: 10.1.0.24, host: fv-az21-224.v4iizcarkezebbfea14bcgzyke.bx.internal.cloudapp.net, ports: [REPLICATION=43265, RATIS=44805, RATIS_ADMIN=44805, RATIS_SERVER=44805, STANDALONE=44845], networkLocation: /default-rack, certSerialId: null, persistedOpState: null, persistedOpStateExpiryEpochSec: 0}, ReplicationConfig: EC/ECReplicationConfig{data=3, parity=2, ecChunkSize=1048576, codec=rs}, State:ALLOCATED, leaderId:, CreationTimestamp2022-06-24T23:49:45.635Z[Etc/UTC]].
2022-06-24 23:49:45,636 [IPC Server handler 12 on default port 35985] INFO  pipeline.PipelineManagerImpl (PipelineManagerImpl.java:openPipeline(358)) - Pipeline Pipeline[ Id: e419f1b9-2c1f-4f58-8d80-52d7d95e81b6, Nodes: 51490d26-ad7a-4947-a556-931448a53f1d{ip: 10.1.0.24, host: fv-az21-224.v4iizcarkezebbfea14bcgzyke.bx.internal.cloudapp.net, ports: [REPLICATION=45649, RATIS=46001, RATIS_ADMIN=46001, RATIS_SERVER=46001, STANDALONE=44459], networkLocation: /default-rack, certSerialId: null, persistedOpState: null, persistedOpStateExpiryEpochSec: 0}87fb9657-1567-464e-bbce-51798844cbf7{ip: 10.1.0.24, host: fv-az21-224.v4iizcarkezebbfea14bcgzyke.bx.internal.cloudapp.net, ports: [REPLICATION=43229, RATIS=44643, RATIS_ADMIN=44643, RATIS_SERVER=44643, STANDALONE=33177], networkLocation: /default-rack, certSerialId: null, persistedOpState: null, persistedOpStateExpiryEpochSec: 0}b721671c-f2e0-4f32-a472-e04e394ae124{ip: 10.1.0.24, host: fv-az21-224.v4iizcarkezebbfea14bcgzyke.bx.internal.cloudapp.net, ports: [REPLICATION=36737, RATIS=41813, RATIS_ADMIN=41813, RATIS_SERVER=41813, STANDALONE=43985], networkLocation: /default-rack, certSerialId: null, persistedOpState: null, persistedOpStateExpiryEpochSec: 0}4178a181-7a8b-49ec-906e-515996c40b3d{ip: 10.1.0.24, host: fv-az21-224.v4iizcarkezebbfea14bcgzyke.bx.internal.cloudapp.net, ports: [REPLICATION=44005, RATIS=37729, RATIS_ADMIN=37729, RATIS_SERVER=37729, STANDALONE=34841], networkLocation: /default-rack, certSerialId: null, persistedOpState: null, persistedOpStateExpiryEpochSec: 0}66188e3b-2de6-4632-9636-fbf530af5e5e{ip: 10.1.0.24, host: fv-az21-224.v4iizcarkezebbfea14bcgzyke.bx.internal.cloudapp.net, ports: [REPLICATION=43265, RATIS=44805, RATIS_ADMIN=44805, RATIS_SERVER=44805, STANDALONE=44845], networkLocation: /default-rack, certSerialId: null, persistedOpState: null, persistedOpStateExpiryEpochSec: 0}, ReplicationConfig: EC/ECReplicationConfig{data=3, parity=2, ecChunkSize=1048576, codec=rs}, State:ALLOCATED, leaderId:, CreationTimestamp2022-06-24T23:49:45.635Z[Etc/UTC]] moved to OPEN state
2022-06-24 23:49:45,767 [IPC Server handler 8 on default port 35985] INFO  pipeline.PipelineStateManagerImpl (PipelineStateManagerImpl.java:addPipeline(101)) - Created pipeline Pipeline[ Id: 8afd3228-bbdb-4777-9e84-16a10d12795a, Nodes: 51490d26-ad7a-4947-a556-931448a53f1d{ip: 10.1.0.24, host: fv-az21-224.v4iizcarkezebbfea14bcgzyke.bx.internal.cloudapp.net, ports: [REPLICATION=45649, RATIS=46001, RATIS_ADMIN=46001, RATIS_SERVER=46001, STANDALONE=44459], networkLocation: /default-rack, certSerialId: null, persistedOpState: null, persistedOpStateExpiryEpochSec: 0}4178a181-7a8b-49ec-906e-515996c40b3d{ip: 10.1.0.24, host: fv-az21-224.v4iizcarkezebbfea14bcgzyke.bx.internal.cloudapp.net, ports: [REPLICATION=44005, RATIS=37729, RATIS_ADMIN=37729, RATIS_SERVER=37729, STANDALONE=34841], networkLocation: /default-rack, certSerialId: null, persistedOpState: null, persistedOpStateExpiryEpochSec: 0}66188e3b-2de6-4632-9636-fbf530af5e5e{ip: 10.1.0.24, host: fv-az21-224.v4iizcarkezebbfea14bcgzyke.bx.internal.cloudapp.net, ports: [REPLICATION=43265, RATIS=44805, RATIS_ADMIN=44805, RATIS_SERVER=44805, STANDALONE=44845], networkLocation: /default-rack, certSerialId: null, persistedOpState: null, persistedOpStateExpiryEpochSec: 0}87fb9657-1567-464e-bbce-51798844cbf7{ip: 10.1.0.24, host: fv-az21-224.v4iizcarkezebbfea14bcgzyke.bx.internal.cloudapp.net, ports: [REPLICATION=43229, RATIS=44643, RATIS_ADMIN=44643, RATIS_SERVER=44643, STANDALONE=33177], networkLocation: /default-rack, certSerialId: null, persistedOpState: null, persistedOpStateExpiryEpochSec: 0}b721671c-f2e0-4f32-a472-e04e394ae124{ip: 10.1.0.24, host: fv-az21-224.v4iizcarkezebbfea14bcgzyke.bx.internal.cloudapp.net, ports: [REPLICATION=36737, RATIS=41813, RATIS_ADMIN=41813, RATIS_SERVER=41813, STANDALONE=43985], networkLocation: /default-rack, certSerialId: null, persistedOpState: null, persistedOpStateExpiryEpochSec: 0}, ReplicationConfig: EC/ECReplicationConfig{data=3, parity=2, ecChunkSize=1048576, codec=rs}, State:ALLOCATED, leaderId:, CreationTimestamp2022-06-24T23:49:45.766Z[Etc/UTC]].
2022-06-24 23:49:45,768 [IPC Server handler 8 on default port 35985] INFO  pipeline.PipelineManagerImpl (PipelineManagerImpl.java:openPipeline(358)) - Pipeline Pipeline[ Id: 8afd3228-bbdb-4777-9e84-16a10d12795a, Nodes: 51490d26-ad7a-4947-a556-931448a53f1d{ip: 10.1.0.24, host: fv-az21-224.v4iizcarkezebbfea14bcgzyke.bx.internal.cloudapp.net, ports: [REPLICATION=45649, RATIS=46001, RATIS_ADMIN=46001, RATIS_SERVER=46001, STANDALONE=44459], networkLocation: /default-rack, certSerialId: null, persistedOpState: null, persistedOpStateExpiryEpochSec: 0}4178a181-7a8b-49ec-906e-515996c40b3d{ip: 10.1.0.24, host: fv-az21-224.v4iizcarkezebbfea14bcgzyke.bx.internal.cloudapp.net, ports: [REPLICATION=44005, RATIS=37729, RATIS_ADMIN=37729, RATIS_SERVER=37729, STANDALONE=34841], networkLocation: /default-rack, certSerialId: null, persistedOpState: null, persistedOpStateExpiryEpochSec: 0}66188e3b-2de6-4632-9636-fbf530af5e5e{ip: 10.1.0.24, host: fv-az21-224.v4iizcarkezebbfea14bcgzyke.bx.internal.cloudapp.net, ports: [REPLICATION=43265, RATIS=44805, RATIS_ADMIN=44805, RATIS_SERVER=44805, STANDALONE=44845], networkLocation: /default-rack, certSerialId: null, persistedOpState: null, persistedOpStateExpiryEpochSec: 0}87fb9657-1567-464e-bbce-51798844cbf7{ip: 10.1.0.24, host: fv-az21-224.v4iizcarkezebbfea14bcgzyke.bx.internal.cloudapp.net, ports: [REPLICATION=43229, RATIS=44643, RATIS_ADMIN=44643, RATIS_SERVER=44643, STANDALONE=33177], networkLocation: /default-rack, certSerialId: null, persistedOpState: null, persistedOpStateExpiryEpochSec: 0}b721671c-f2e0-4f32-a472-e04e394ae124{ip: 10.1.0.24, host: fv-az21-224.v4iizcarkezebbfea14bcgzyke.bx.internal.cloudapp.net, ports: [REPLICATION=36737, RATIS=41813, RATIS_ADMIN=41813, RATIS_SERVER=41813, STANDALONE=43985], networkLocation: /default-rack, certSerialId: null, persistedOpState: null, persistedOpStateExpiryEpochSec: 0}, ReplicationConfig: EC/ECReplicationConfig{data=3, parity=2, ecChunkSize=1048576, codec=rs}, State:ALLOCATED, leaderId:, CreationTimestamp2022-06-24T23:49:45.766Z[Etc/UTC]] moved to OPEN state
]]></system-out>
  </testcase>
  <testcase name="testCreateKeyShouldUseRefreshedBucketReplicationConfig" classname="TestOzoneFileSystem" time="0.465">
    <system-out><![CDATA[2022-06-24 23:50:57,974 [Time-limited test] INFO  rpc.RpcClient (RpcClient.java:createVolume(466)) - Creating Volume: volume30507, with user96478 as owner and space quota set to -1 bytes, counts quota set to -1
2022-06-24 23:50:57,975 [IPC Server handler 19 on default port 33563] INFO  volume.OMVolumeCreateRequest (OMVolumeCreateRequest.java:validateAndUpdateCache(195)) - created volume:volume30507 for user:user96478
2022-06-24 23:50:57,977 [Time-limited test] INFO  rpc.RpcClient (RpcClient.java:createBucket(666)) - Creating Bucket: volume30507/bucket63574, with the Bucket Layout LEGACY, runner as owner, Versioning false, Storage Type set to DISK and Encryption set to false 
2022-06-24 23:50:57,977 [IPC Server handler 13 on default port 33563] INFO  bucket.OMBucketCreateRequest (OMBucketCreateRequest.java:validateAndUpdateCache(260)) - created bucket: bucket63574 of layout LEGACY in volume: volume30507
2022-06-24 23:50:58,064 [IPC Server handler 13 on default port 35115] INFO  pipeline.PipelineStateManagerImpl (PipelineStateManagerImpl.java:addPipeline(101)) - Created pipeline Pipeline[ Id: 209b36d3-6ac2-47d5-8f0d-32d15179fdea, Nodes: e4b7c23e-ae07-4399-b4c7-5433903d8f4c{ip: 10.1.0.24, host: fv-az21-224.v4iizcarkezebbfea14bcgzyke.bx.internal.cloudapp.net, ports: [REPLICATION=34437, RATIS=37801, RATIS_ADMIN=37801, RATIS_SERVER=37801, STANDALONE=37619], networkLocation: /default-rack, certSerialId: null, persistedOpState: null, persistedOpStateExpiryEpochSec: 0}3b15d008-52c9-47ea-9020-002e7e4220a9{ip: 10.1.0.24, host: fv-az21-224.v4iizcarkezebbfea14bcgzyke.bx.internal.cloudapp.net, ports: [REPLICATION=35473, RATIS=37413, RATIS_ADMIN=37413, RATIS_SERVER=37413, STANDALONE=33267], networkLocation: /default-rack, certSerialId: null, persistedOpState: null, persistedOpStateExpiryEpochSec: 0}4ea7895b-7402-4f6e-ade6-0ab134f10ef5{ip: 10.1.0.24, host: fv-az21-224.v4iizcarkezebbfea14bcgzyke.bx.internal.cloudapp.net, ports: [REPLICATION=34575, RATIS=35267, RATIS_ADMIN=35267, RATIS_SERVER=35267, STANDALONE=41205], networkLocation: /default-rack, certSerialId: null, persistedOpState: null, persistedOpStateExpiryEpochSec: 0}aaaf6e37-99bf-4100-a292-78f58d03488b{ip: 10.1.0.24, host: fv-az21-224.v4iizcarkezebbfea14bcgzyke.bx.internal.cloudapp.net, ports: [REPLICATION=40551, RATIS=32839, RATIS_ADMIN=32839, RATIS_SERVER=32839, STANDALONE=33413], networkLocation: /default-rack, certSerialId: null, persistedOpState: null, persistedOpStateExpiryEpochSec: 0}e0e9d4ea-e5ff-4cfc-8100-64ee9cc1170c{ip: 10.1.0.24, host: fv-az21-224.v4iizcarkezebbfea14bcgzyke.bx.internal.cloudapp.net, ports: [REPLICATION=46179, RATIS=37185, RATIS_ADMIN=37185, RATIS_SERVER=37185, STANDALONE=44191], networkLocation: /default-rack, certSerialId: null, persistedOpState: null, persistedOpStateExpiryEpochSec: 0}, ReplicationConfig: EC/ECReplicationConfig{data=3, parity=2, ecChunkSize=1048576, codec=rs}, State:ALLOCATED, leaderId:, CreationTimestamp2022-06-24T23:50:58.064Z[Etc/UTC]].
2022-06-24 23:50:58,064 [IPC Server handler 13 on default port 35115] INFO  pipeline.PipelineManagerImpl (PipelineManagerImpl.java:openPipeline(358)) - Pipeline Pipeline[ Id: 209b36d3-6ac2-47d5-8f0d-32d15179fdea, Nodes: e4b7c23e-ae07-4399-b4c7-5433903d8f4c{ip: 10.1.0.24, host: fv-az21-224.v4iizcarkezebbfea14bcgzyke.bx.internal.cloudapp.net, ports: [REPLICATION=34437, RATIS=37801, RATIS_ADMIN=37801, RATIS_SERVER=37801, STANDALONE=37619], networkLocation: /default-rack, certSerialId: null, persistedOpState: null, persistedOpStateExpiryEpochSec: 0}3b15d008-52c9-47ea-9020-002e7e4220a9{ip: 10.1.0.24, host: fv-az21-224.v4iizcarkezebbfea14bcgzyke.bx.internal.cloudapp.net, ports: [REPLICATION=35473, RATIS=37413, RATIS_ADMIN=37413, RATIS_SERVER=37413, STANDALONE=33267], networkLocation: /default-rack, certSerialId: null, persistedOpState: null, persistedOpStateExpiryEpochSec: 0}4ea7895b-7402-4f6e-ade6-0ab134f10ef5{ip: 10.1.0.24, host: fv-az21-224.v4iizcarkezebbfea14bcgzyke.bx.internal.cloudapp.net, ports: [REPLICATION=34575, RATIS=35267, RATIS_ADMIN=35267, RATIS_SERVER=35267, STANDALONE=41205], networkLocation: /default-rack, certSerialId: null, persistedOpState: null, persistedOpStateExpiryEpochSec: 0}aaaf6e37-99bf-4100-a292-78f58d03488b{ip: 10.1.0.24, host: fv-az21-224.v4iizcarkezebbfea14bcgzyke.bx.internal.cloudapp.net, ports: [REPLICATION=40551, RATIS=32839, RATIS_ADMIN=32839, RATIS_SERVER=32839, STANDALONE=33413], networkLocation: /default-rack, certSerialId: null, persistedOpState: null, persistedOpStateExpiryEpochSec: 0}e0e9d4ea-e5ff-4cfc-8100-64ee9cc1170c{ip: 10.1.0.24, host: fv-az21-224.v4iizcarkezebbfea14bcgzyke.bx.internal.cloudapp.net, ports: [REPLICATION=46179, RATIS=37185, RATIS_ADMIN=37185, RATIS_SERVER=37185, STANDALONE=44191], networkLocation: /default-rack, certSerialId: null, persistedOpState: null, persistedOpStateExpiryEpochSec: 0}, ReplicationConfig: EC/ECReplicationConfig{data=3, parity=2, ecChunkSize=1048576, codec=rs}, State:ALLOCATED, leaderId:, CreationTimestamp2022-06-24T23:50:58.064Z[Etc/UTC]] moved to OPEN state
2022-06-24 23:50:58,151 [IPC Server handler 12 on default port 35115] INFO  pipeline.PipelineStateManagerImpl (PipelineStateManagerImpl.java:addPipeline(101)) - Created pipeline Pipeline[ Id: aafa99dd-015e-4e27-9a26-445401510dab, Nodes: 3b15d008-52c9-47ea-9020-002e7e4220a9{ip: 10.1.0.24, host: fv-az21-224.v4iizcarkezebbfea14bcgzyke.bx.internal.cloudapp.net, ports: [REPLICATION=35473, RATIS=37413, RATIS_ADMIN=37413, RATIS_SERVER=37413, STANDALONE=33267], networkLocation: /default-rack, certSerialId: null, persistedOpState: null, persistedOpStateExpiryEpochSec: 0}aaaf6e37-99bf-4100-a292-78f58d03488b{ip: 10.1.0.24, host: fv-az21-224.v4iizcarkezebbfea14bcgzyke.bx.internal.cloudapp.net, ports: [REPLICATION=40551, RATIS=32839, RATIS_ADMIN=32839, RATIS_SERVER=32839, STANDALONE=33413], networkLocation: /default-rack, certSerialId: null, persistedOpState: null, persistedOpStateExpiryEpochSec: 0}e4b7c23e-ae07-4399-b4c7-5433903d8f4c{ip: 10.1.0.24, host: fv-az21-224.v4iizcarkezebbfea14bcgzyke.bx.internal.cloudapp.net, ports: [REPLICATION=34437, RATIS=37801, RATIS_ADMIN=37801, RATIS_SERVER=37801, STANDALONE=37619], networkLocation: /default-rack, certSerialId: null, persistedOpState: null, persistedOpStateExpiryEpochSec: 0}4ea7895b-7402-4f6e-ade6-0ab134f10ef5{ip: 10.1.0.24, host: fv-az21-224.v4iizcarkezebbfea14bcgzyke.bx.internal.cloudapp.net, ports: [REPLICATION=34575, RATIS=35267, RATIS_ADMIN=35267, RATIS_SERVER=35267, STANDALONE=41205], networkLocation: /default-rack, certSerialId: null, persistedOpState: null, persistedOpStateExpiryEpochSec: 0}e0e9d4ea-e5ff-4cfc-8100-64ee9cc1170c{ip: 10.1.0.24, host: fv-az21-224.v4iizcarkezebbfea14bcgzyke.bx.internal.cloudapp.net, ports: [REPLICATION=46179, RATIS=37185, RATIS_ADMIN=37185, RATIS_SERVER=37185, STANDALONE=44191], networkLocation: /default-rack, certSerialId: null, persistedOpState: null, persistedOpStateExpiryEpochSec: 0}, ReplicationConfig: EC/ECReplicationConfig{data=3, parity=2, ecChunkSize=1048576, codec=rs}, State:ALLOCATED, leaderId:, CreationTimestamp2022-06-24T23:50:58.150Z[Etc/UTC]].
2022-06-24 23:50:58,152 [IPC Server handler 12 on default port 35115] INFO  pipeline.PipelineManagerImpl (PipelineManagerImpl.java:openPipeline(358)) - Pipeline Pipeline[ Id: aafa99dd-015e-4e27-9a26-445401510dab, Nodes: 3b15d008-52c9-47ea-9020-002e7e4220a9{ip: 10.1.0.24, host: fv-az21-224.v4iizcarkezebbfea14bcgzyke.bx.internal.cloudapp.net, ports: [REPLICATION=35473, RATIS=37413, RATIS_ADMIN=37413, RATIS_SERVER=37413, STANDALONE=33267], networkLocation: /default-rack, certSerialId: null, persistedOpState: null, persistedOpStateExpiryEpochSec: 0}aaaf6e37-99bf-4100-a292-78f58d03488b{ip: 10.1.0.24, host: fv-az21-224.v4iizcarkezebbfea14bcgzyke.bx.internal.cloudapp.net, ports: [REPLICATION=40551, RATIS=32839, RATIS_ADMIN=32839, RATIS_SERVER=32839, STANDALONE=33413], networkLocation: /default-rack, certSerialId: null, persistedOpState: null, persistedOpStateExpiryEpochSec: 0}e4b7c23e-ae07-4399-b4c7-5433903d8f4c{ip: 10.1.0.24, host: fv-az21-224.v4iizcarkezebbfea14bcgzyke.bx.internal.cloudapp.net, ports: [REPLICATION=34437, RATIS=37801, RATIS_ADMIN=37801, RATIS_SERVER=37801, STANDALONE=37619], networkLocation: /default-rack, certSerialId: null, persistedOpState: null, persistedOpStateExpiryEpochSec: 0}4ea7895b-7402-4f6e-ade6-0ab134f10ef5{ip: 10.1.0.24, host: fv-az21-224.v4iizcarkezebbfea14bcgzyke.bx.internal.cloudapp.net, ports: [REPLICATION=34575, RATIS=35267, RATIS_ADMIN=35267, RATIS_SERVER=35267, STANDALONE=41205], networkLocation: /default-rack, certSerialId: null, persistedOpState: null, persistedOpStateExpiryEpochSec: 0}e0e9d4ea-e5ff-4cfc-8100-64ee9cc1170c{ip: 10.1.0.24, host: fv-az21-224.v4iizcarkezebbfea14bcgzyke.bx.internal.cloudapp.net, ports: [REPLICATION=46179, RATIS=37185, RATIS_ADMIN=37185, RATIS_SERVER=37185, STANDALONE=44191], networkLocation: /default-rack, certSerialId: null, persistedOpState: null, persistedOpStateExpiryEpochSec: 0}, ReplicationConfig: EC/ECReplicationConfig{data=3, parity=2, ecChunkSize=1048576, codec=rs}, State:ALLOCATED, leaderId:, CreationTimestamp2022-06-24T23:50:58.150Z[Etc/UTC]] moved to OPEN state
]]></system-out>
  </testcase>
  <testcase name="testRenameDirToFile" classname="TestOzoneFileSystem" time="0.03">
    <system-out><![CDATA[2022-06-24 23:45:36,130 [Time-limited test] WARN  ozone.BasicOzoneFileSystem (BasicOzoneFileSystem.java:rename(396)) - Failed to rename o3fs://bucket91502.volume84730/a/b/c to o3fs://bucket91502.volume84730/root/file1, file already exists!
]]></system-out>
  </testcase>
  <testcase name="testRenameDirToFile" classname="TestOzoneFileSystem" time="0.025">
    <system-out><![CDATA[2022-06-24 23:46:39,436 [Time-limited test] WARN  ozone.BasicOzoneFileSystem (BasicOzoneFileSystem.java:rename(396)) - Failed to rename o3fs://bucket45514.volume05206/a/b/c to o3fs://bucket45514.volume05206/root/file1, file already exists!
]]></system-out>
  </testcase>
  <testcase name="testRenameDirToFile" classname="TestOzoneFileSystem" time="0.028">
    <system-out><![CDATA[2022-06-24 23:49:45,898 [Time-limited test] WARN  ozone.BasicOzoneFileSystem (BasicOzoneFileSystem.java:rename(396)) - Failed to rename o3fs://bucket10019.volume99794/a/b/c to o3fs://bucket10019.volume99794/root/file1, file already exists!
]]></system-out>
  </testcase>
  <testcase name="testRenameDirToFile" classname="TestOzoneFileSystem" time="0.137">
    <system-out><![CDATA[2022-06-24 23:50:58,341 [Time-limited test] WARN  ozone.BasicOzoneFileSystem (BasicOzoneFileSystem.java:rename(396)) - Failed to rename o3fs://bucket31866.volume50176/a/b/c to o3fs://bucket31866.volume50176/root/file1, file already exists!
]]></system-out>
  </testcase>
  <testcase name="testRenameToNewSubDirShouldNotExist" classname="TestOzoneFileSystem" time="0.043">
    <system-out><![CDATA[2022-06-24 23:45:36,158 [Time-limited test] WARN  ozone.BasicOzoneFileSystem (BasicOzoneFileSystem.java:rename(390)) - Failed to rename o3fs://bucket91502.volume84730/a to o3fs://bucket91502.volume84730/b/a, file already exists or not empty!
2022-06-24 23:45:36,176 [Time-limited test] WARN  ozone.BasicOzoneFileSystem (BasicOzoneFileSystem.java:rename(390)) - Failed to rename o3fs://bucket91502.volume84730/file1 to o3fs://bucket91502.volume84730/a/file1, file already exists or not empty!
]]></system-out>
  </testcase>
  <testcase name="testRenameToNewSubDirShouldNotExist" classname="TestOzoneFileSystem" time="0.047">
    <system-out><![CDATA[2022-06-24 23:46:39,470 [Time-limited test] WARN  ozone.BasicOzoneFileSystem (BasicOzoneFileSystem.java:rename(390)) - Failed to rename o3fs://bucket45514.volume05206/a to o3fs://bucket45514.volume05206/b/a, file already exists or not empty!
2022-06-24 23:46:39,484 [Time-limited test] WARN  ozone.BasicOzoneFileSystem (BasicOzoneFileSystem.java:rename(390)) - Failed to rename o3fs://bucket45514.volume05206/file1 to o3fs://bucket45514.volume05206/a/file1, file already exists or not empty!
]]></system-out>
  </testcase>
  <testcase name="testRenameToNewSubDirShouldNotExist" classname="TestOzoneFileSystem" time="0.071">
    <system-out><![CDATA[2022-06-24 23:49:45,951 [Time-limited test] WARN  ozone.BasicOzoneFileSystem (BasicOzoneFileSystem.java:rename(390)) - Failed to rename o3fs://bucket10019.volume99794/a to o3fs://bucket10019.volume99794/b/a, file already exists or not empty!
2022-06-24 23:49:45,962 [Time-limited test] WARN  ozone.BasicOzoneFileSystem (BasicOzoneFileSystem.java:rename(390)) - Failed to rename o3fs://bucket10019.volume99794/file1 to o3fs://bucket10019.volume99794/a/file1, file already exists or not empty!
]]></system-out>
  </testcase>
  <testcase name="testRenameToNewSubDirShouldNotExist" classname="TestOzoneFileSystem" time="0.06">
    <system-out><![CDATA[2022-06-24 23:50:58,441 [Time-limited test] WARN  ozone.BasicOzoneFileSystem (BasicOzoneFileSystem.java:rename(390)) - Failed to rename o3fs://bucket31866.volume50176/a to o3fs://bucket31866.volume50176/b/a, file already exists or not empty!
2022-06-24 23:50:58,469 [Time-limited test] WARN  ozone.BasicOzoneFileSystem (BasicOzoneFileSystem.java:rename(390)) - Failed to rename o3fs://bucket31866.volume50176/file1 to o3fs://bucket31866.volume50176/a/file1, file already exists or not empty!
]]></system-out>
  </testcase>
  <testcase name="testListStatusOnLargeDirectoryForACLCheck" classname="TestOzoneFileSystem" time="2.664"/>
  <testcase name="testListStatusOnLargeDirectoryForACLCheck" classname="TestOzoneFileSystem" time="2.614">
    <system-out><![CDATA[2022-06-24 23:46:41,383 [c8d3b1b7-e2cb-467c-92f2-e834465c7bf5@group-2E3355F2685F-FollowerState] INFO  impl.FollowerState (FollowerState.java:run(143)) - c8d3b1b7-e2cb-467c-92f2-e834465c7bf5@group-2E3355F2685F-FollowerState: change to CANDIDATE, lastRpcElapsedTime:5063403900ns, electionTimeout:5036ms
2022-06-24 23:46:41,383 [8e270ae6-3b8a-4b8d-ba53-7f31af20a9eb@group-2E3355F2685F-FollowerState] INFO  impl.FollowerState (FollowerState.java:run(143)) - 8e270ae6-3b8a-4b8d-ba53-7f31af20a9eb@group-2E3355F2685F-FollowerState: change to CANDIDATE, lastRpcElapsedTime:5076177130ns, electionTimeout:5075ms
2022-06-24 23:46:41,383 [c8d3b1b7-e2cb-467c-92f2-e834465c7bf5@group-2E3355F2685F-FollowerState] INFO  impl.RoleInfo (RoleInfo.java:shutdownFollowerState(110)) - c8d3b1b7-e2cb-467c-92f2-e834465c7bf5: shutdown c8d3b1b7-e2cb-467c-92f2-e834465c7bf5@group-2E3355F2685F-FollowerState
2022-06-24 23:46:41,383 [8e270ae6-3b8a-4b8d-ba53-7f31af20a9eb@group-2E3355F2685F-FollowerState] INFO  impl.RoleInfo (RoleInfo.java:shutdownFollowerState(110)) - 8e270ae6-3b8a-4b8d-ba53-7f31af20a9eb: shutdown 8e270ae6-3b8a-4b8d-ba53-7f31af20a9eb@group-2E3355F2685F-FollowerState
2022-06-24 23:46:41,383 [c8d3b1b7-e2cb-467c-92f2-e834465c7bf5@group-2E3355F2685F-FollowerState] INFO  server.RaftServer$Division (RaftServerImpl.java:setRole(299)) - c8d3b1b7-e2cb-467c-92f2-e834465c7bf5@group-2E3355F2685F: changes role from  FOLLOWER to CANDIDATE at term 3 for changeToCandidate
2022-06-24 23:46:41,383 [8e270ae6-3b8a-4b8d-ba53-7f31af20a9eb@group-2E3355F2685F-FollowerState] INFO  server.RaftServer$Division (RaftServerImpl.java:setRole(299)) - 8e270ae6-3b8a-4b8d-ba53-7f31af20a9eb@group-2E3355F2685F: changes role from  FOLLOWER to CANDIDATE at term 3 for changeToCandidate
2022-06-24 23:46:41,383 [c8d3b1b7-e2cb-467c-92f2-e834465c7bf5@group-2E3355F2685F-FollowerState] INFO  server.RaftServerConfigKeys (ConfUtils.java:logGet(46)) - raft.server.leaderelection.pre-vote = false (custom)
2022-06-24 23:46:41,383 [8e270ae6-3b8a-4b8d-ba53-7f31af20a9eb@group-2E3355F2685F-FollowerState] INFO  server.RaftServerConfigKeys (ConfUtils.java:logGet(46)) - raft.server.leaderelection.pre-vote = false (custom)
2022-06-24 23:46:41,383 [c8d3b1b7-e2cb-467c-92f2-e834465c7bf5@group-2E3355F2685F-FollowerState] INFO  impl.RoleInfo (RoleInfo.java:updateAndGet(139)) - c8d3b1b7-e2cb-467c-92f2-e834465c7bf5: start c8d3b1b7-e2cb-467c-92f2-e834465c7bf5@group-2E3355F2685F-LeaderElection30
2022-06-24 23:46:41,383 [8e270ae6-3b8a-4b8d-ba53-7f31af20a9eb@group-2E3355F2685F-FollowerState] INFO  impl.RoleInfo (RoleInfo.java:updateAndGet(139)) - 8e270ae6-3b8a-4b8d-ba53-7f31af20a9eb: start 8e270ae6-3b8a-4b8d-ba53-7f31af20a9eb@group-2E3355F2685F-LeaderElection31
2022-06-24 23:46:41,396 [c8d3b1b7-e2cb-467c-92f2-e834465c7bf5@group-2E3355F2685F-LeaderElection30] INFO  impl.LeaderElection (LeaderElection.java:askForVotes(310)) - c8d3b1b7-e2cb-467c-92f2-e834465c7bf5@group-2E3355F2685F-LeaderElection30 ELECTION round 0: submit vote requests at term 4 for -1: [8e270ae6-3b8a-4b8d-ba53-7f31af20a9eb|rpc:10.1.0.24:34827|priority:0, c8d3b1b7-e2cb-467c-92f2-e834465c7bf5|rpc:10.1.0.24:45959|priority:0, d25249de-707f-41fb-b0bd-e849b78f575c|rpc:10.1.0.24:36285|priority:1], old=null
2022-06-24 23:46:41,410 [8e270ae6-3b8a-4b8d-ba53-7f31af20a9eb@group-2E3355F2685F-LeaderElection31] INFO  impl.LeaderElection (LeaderElection.java:askForVotes(310)) - 8e270ae6-3b8a-4b8d-ba53-7f31af20a9eb@group-2E3355F2685F-LeaderElection31 ELECTION round 0: submit vote requests at term 4 for -1: [8e270ae6-3b8a-4b8d-ba53-7f31af20a9eb|rpc:10.1.0.24:34827|dataStream:|priority:0, c8d3b1b7-e2cb-467c-92f2-e834465c7bf5|rpc:10.1.0.24:45959|dataStream:|priority:0, d25249de-707f-41fb-b0bd-e849b78f575c|rpc:10.1.0.24:36285|dataStream:|priority:1], old=null
2022-06-24 23:46:41,411 [d25249de-707f-41fb-b0bd-e849b78f575c@group-2E3355F2685F-FollowerState] INFO  impl.FollowerState (FollowerState.java:run(143)) - d25249de-707f-41fb-b0bd-e849b78f575c@group-2E3355F2685F-FollowerState: change to CANDIDATE, lastRpcElapsedTime:5122995801ns, electionTimeout:5085ms
2022-06-24 23:46:41,412 [d25249de-707f-41fb-b0bd-e849b78f575c@group-2E3355F2685F-FollowerState] INFO  impl.RoleInfo (RoleInfo.java:shutdownFollowerState(110)) - d25249de-707f-41fb-b0bd-e849b78f575c: shutdown d25249de-707f-41fb-b0bd-e849b78f575c@group-2E3355F2685F-FollowerState
2022-06-24 23:46:41,412 [d25249de-707f-41fb-b0bd-e849b78f575c@group-2E3355F2685F-FollowerState] INFO  server.RaftServer$Division (RaftServerImpl.java:setRole(299)) - d25249de-707f-41fb-b0bd-e849b78f575c@group-2E3355F2685F: changes role from  FOLLOWER to CANDIDATE at term 3 for changeToCandidate
2022-06-24 23:46:41,424 [grpc-default-executor-2] INFO  server.RaftServer$Division (RaftServerImpl.java:requestVote(1152)) - 8e270ae6-3b8a-4b8d-ba53-7f31af20a9eb@group-2E3355F2685F: receive requestVote(ELECTION, c8d3b1b7-e2cb-467c-92f2-e834465c7bf5, group-2E3355F2685F, 4, (t:0, i:0))
2022-06-24 23:46:41,424 [grpc-default-executor-2] INFO  impl.VoteContext (VoteContext.java:log(48)) - 8e270ae6-3b8a-4b8d-ba53-7f31af20a9eb@group-2E3355F2685F-CANDIDATE: reject ELECTION from c8d3b1b7-e2cb-467c-92f2-e834465c7bf5: already has voted for 8e270ae6-3b8a-4b8d-ba53-7f31af20a9eb at current term 4
2022-06-24 23:46:41,425 [grpc-default-executor-2] INFO  server.RaftServer$Division (RaftServerImpl.java:requestVote(1184)) - 8e270ae6-3b8a-4b8d-ba53-7f31af20a9eb@group-2E3355F2685F replies to ELECTION vote request: c8d3b1b7-e2cb-467c-92f2-e834465c7bf5<-8e270ae6-3b8a-4b8d-ba53-7f31af20a9eb#0:FAIL-t4. Peer's state: 8e270ae6-3b8a-4b8d-ba53-7f31af20a9eb@group-2E3355F2685F:t4, leader=null, voted=8e270ae6-3b8a-4b8d-ba53-7f31af20a9eb, raftlog=8e270ae6-3b8a-4b8d-ba53-7f31af20a9eb@group-2E3355F2685F-SegmentedRaftLog:OPENED:c-1, conf=-1: [8e270ae6-3b8a-4b8d-ba53-7f31af20a9eb|rpc:10.1.0.24:34827|dataStream:|priority:0, c8d3b1b7-e2cb-467c-92f2-e834465c7bf5|rpc:10.1.0.24:45959|dataStream:|priority:0, d25249de-707f-41fb-b0bd-e849b78f575c|rpc:10.1.0.24:36285|dataStream:|priority:1], old=null
2022-06-24 23:46:41,431 [d25249de-707f-41fb-b0bd-e849b78f575c@group-2E3355F2685F-FollowerState] INFO  server.RaftServerConfigKeys (ConfUtils.java:logGet(46)) - raft.server.leaderelection.pre-vote = false (custom)
2022-06-24 23:46:41,431 [d25249de-707f-41fb-b0bd-e849b78f575c@group-2E3355F2685F-FollowerState] INFO  impl.RoleInfo (RoleInfo.java:updateAndGet(139)) - d25249de-707f-41fb-b0bd-e849b78f575c: start d25249de-707f-41fb-b0bd-e849b78f575c@group-2E3355F2685F-LeaderElection32
2022-06-24 23:46:41,448 [grpc-default-executor-2] INFO  server.RaftServer$Division (RaftServerImpl.java:requestVote(1152)) - d25249de-707f-41fb-b0bd-e849b78f575c@group-2E3355F2685F: receive requestVote(ELECTION, c8d3b1b7-e2cb-467c-92f2-e834465c7bf5, group-2E3355F2685F, 4, (t:0, i:0))
2022-06-24 23:46:41,449 [grpc-default-executor-2] INFO  impl.VoteContext (VoteContext.java:log(48)) - d25249de-707f-41fb-b0bd-e849b78f575c@group-2E3355F2685F-CANDIDATE: reject ELECTION from c8d3b1b7-e2cb-467c-92f2-e834465c7bf5: our priority 1 > candidate's priority 0
2022-06-24 23:46:41,449 [grpc-default-executor-2] INFO  server.RaftServer$Division (RaftServerImpl.java:setRole(299)) - d25249de-707f-41fb-b0bd-e849b78f575c@group-2E3355F2685F: changes role from CANDIDATE to FOLLOWER at term 4 for candidate:c8d3b1b7-e2cb-467c-92f2-e834465c7bf5
2022-06-24 23:46:41,449 [grpc-default-executor-2] INFO  impl.RoleInfo (RoleInfo.java:shutdownLeaderElection(130)) - d25249de-707f-41fb-b0bd-e849b78f575c: shutdown d25249de-707f-41fb-b0bd-e849b78f575c@group-2E3355F2685F-LeaderElection32
2022-06-24 23:46:41,449 [grpc-default-executor-2] INFO  impl.RoleInfo (RoleInfo.java:updateAndGet(139)) - d25249de-707f-41fb-b0bd-e849b78f575c: start d25249de-707f-41fb-b0bd-e849b78f575c@group-2E3355F2685F-FollowerState
2022-06-24 23:46:41,452 [grpc-default-executor-2] INFO  server.RaftServer$Division (RaftServerImpl.java:requestVote(1184)) - d25249de-707f-41fb-b0bd-e849b78f575c@group-2E3355F2685F replies to ELECTION vote request: c8d3b1b7-e2cb-467c-92f2-e834465c7bf5<-d25249de-707f-41fb-b0bd-e849b78f575c#0:FAIL-t4. Peer's state: d25249de-707f-41fb-b0bd-e849b78f575c@group-2E3355F2685F:t4, leader=null, voted=null, raftlog=d25249de-707f-41fb-b0bd-e849b78f575c@group-2E3355F2685F-SegmentedRaftLog:OPENED:c-1, conf=-1: [8e270ae6-3b8a-4b8d-ba53-7f31af20a9eb|rpc:10.1.0.24:34827|dataStream:|priority:0, c8d3b1b7-e2cb-467c-92f2-e834465c7bf5|rpc:10.1.0.24:45959|dataStream:|priority:0, d25249de-707f-41fb-b0bd-e849b78f575c|rpc:10.1.0.24:36285|dataStream:|priority:1], old=null
2022-06-24 23:46:41,459 [c8d3b1b7-e2cb-467c-92f2-e834465c7bf5@group-2E3355F2685F-LeaderElection30] INFO  impl.LeaderElection (LeaderElection.java:logAndReturn(90)) - c8d3b1b7-e2cb-467c-92f2-e834465c7bf5@group-2E3355F2685F-LeaderElection30: ELECTION REJECTED received 2 response(s) and 0 exception(s):
2022-06-24 23:46:41,459 [c8d3b1b7-e2cb-467c-92f2-e834465c7bf5@group-2E3355F2685F-LeaderElection30] INFO  impl.LeaderElection (LeaderElection.java:logAndReturn(94)) -   Response 0: c8d3b1b7-e2cb-467c-92f2-e834465c7bf5<-8e270ae6-3b8a-4b8d-ba53-7f31af20a9eb#0:FAIL-t4
2022-06-24 23:46:41,459 [c8d3b1b7-e2cb-467c-92f2-e834465c7bf5@group-2E3355F2685F-LeaderElection30] INFO  impl.LeaderElection (LeaderElection.java:logAndReturn(94)) -   Response 1: c8d3b1b7-e2cb-467c-92f2-e834465c7bf5<-d25249de-707f-41fb-b0bd-e849b78f575c#0:FAIL-t4
2022-06-24 23:46:41,459 [c8d3b1b7-e2cb-467c-92f2-e834465c7bf5@group-2E3355F2685F-LeaderElection30] INFO  impl.LeaderElection (LeaderElection.java:askForVotes(312)) - c8d3b1b7-e2cb-467c-92f2-e834465c7bf5@group-2E3355F2685F-LeaderElection30 ELECTION round 0: result REJECTED
2022-06-24 23:46:41,459 [c8d3b1b7-e2cb-467c-92f2-e834465c7bf5@group-2E3355F2685F-LeaderElection30] INFO  server.RaftServer$Division (RaftServerImpl.java:setRole(299)) - c8d3b1b7-e2cb-467c-92f2-e834465c7bf5@group-2E3355F2685F: changes role from CANDIDATE to FOLLOWER at term 4 for REJECTED
2022-06-24 23:46:41,459 [c8d3b1b7-e2cb-467c-92f2-e834465c7bf5@group-2E3355F2685F-LeaderElection30] INFO  impl.RoleInfo (RoleInfo.java:shutdownLeaderElection(130)) - c8d3b1b7-e2cb-467c-92f2-e834465c7bf5: shutdown c8d3b1b7-e2cb-467c-92f2-e834465c7bf5@group-2E3355F2685F-LeaderElection30
2022-06-24 23:46:41,459 [c8d3b1b7-e2cb-467c-92f2-e834465c7bf5@group-2E3355F2685F-LeaderElection30] INFO  impl.RoleInfo (RoleInfo.java:updateAndGet(139)) - c8d3b1b7-e2cb-467c-92f2-e834465c7bf5: start c8d3b1b7-e2cb-467c-92f2-e834465c7bf5@group-2E3355F2685F-FollowerState
2022-06-24 23:46:41,474 [d25249de-707f-41fb-b0bd-e849b78f575c@group-2E3355F2685F-LeaderElection32] INFO  impl.LeaderElection (LeaderElection.java:run(231)) - d25249de-707f-41fb-b0bd-e849b78f575c@group-2E3355F2685F-LeaderElection32: skip running since this is already CLOSING
2022-06-24 23:46:41,496 [grpc-default-executor-1] INFO  server.RaftServer$Division (RaftServerImpl.java:requestVote(1152)) - d25249de-707f-41fb-b0bd-e849b78f575c@group-2E3355F2685F: receive requestVote(ELECTION, 8e270ae6-3b8a-4b8d-ba53-7f31af20a9eb, group-2E3355F2685F, 4, (t:0, i:0))
2022-06-24 23:46:41,496 [grpc-default-executor-1] INFO  impl.VoteContext (VoteContext.java:log(48)) - d25249de-707f-41fb-b0bd-e849b78f575c@group-2E3355F2685F-FOLLOWER: reject ELECTION from 8e270ae6-3b8a-4b8d-ba53-7f31af20a9eb: our priority 1 > candidate's priority 0
2022-06-24 23:46:41,496 [grpc-default-executor-1] INFO  server.RaftServer$Division (RaftServerImpl.java:setRole(299)) - d25249de-707f-41fb-b0bd-e849b78f575c@group-2E3355F2685F: changes role from  FOLLOWER to FOLLOWER at term 4 for candidate:8e270ae6-3b8a-4b8d-ba53-7f31af20a9eb
2022-06-24 23:46:41,496 [grpc-default-executor-1] INFO  impl.RoleInfo (RoleInfo.java:shutdownFollowerState(110)) - d25249de-707f-41fb-b0bd-e849b78f575c: shutdown d25249de-707f-41fb-b0bd-e849b78f575c@group-2E3355F2685F-FollowerState
2022-06-24 23:46:41,496 [d25249de-707f-41fb-b0bd-e849b78f575c@group-2E3355F2685F-FollowerState] INFO  impl.FollowerState (FollowerState.java:run(152)) - d25249de-707f-41fb-b0bd-e849b78f575c@group-2E3355F2685F-FollowerState was interrupted
2022-06-24 23:46:41,496 [grpc-default-executor-2] INFO  server.RaftServer$Division (RaftServerImpl.java:requestVote(1152)) - c8d3b1b7-e2cb-467c-92f2-e834465c7bf5@group-2E3355F2685F: receive requestVote(ELECTION, 8e270ae6-3b8a-4b8d-ba53-7f31af20a9eb, group-2E3355F2685F, 4, (t:0, i:0))
2022-06-24 23:46:41,496 [grpc-default-executor-1] INFO  impl.RoleInfo (RoleInfo.java:updateAndGet(139)) - d25249de-707f-41fb-b0bd-e849b78f575c: start d25249de-707f-41fb-b0bd-e849b78f575c@group-2E3355F2685F-FollowerState
2022-06-24 23:46:41,497 [grpc-default-executor-2] INFO  impl.VoteContext (VoteContext.java:log(48)) - c8d3b1b7-e2cb-467c-92f2-e834465c7bf5@group-2E3355F2685F-FOLLOWER: reject ELECTION from 8e270ae6-3b8a-4b8d-ba53-7f31af20a9eb: already has voted for c8d3b1b7-e2cb-467c-92f2-e834465c7bf5 at current term 4
2022-06-24 23:46:41,497 [grpc-default-executor-2] INFO  server.RaftServer$Division (RaftServerImpl.java:requestVote(1184)) - c8d3b1b7-e2cb-467c-92f2-e834465c7bf5@group-2E3355F2685F replies to ELECTION vote request: 8e270ae6-3b8a-4b8d-ba53-7f31af20a9eb<-c8d3b1b7-e2cb-467c-92f2-e834465c7bf5#0:FAIL-t4. Peer's state: c8d3b1b7-e2cb-467c-92f2-e834465c7bf5@group-2E3355F2685F:t4, leader=null, voted=c8d3b1b7-e2cb-467c-92f2-e834465c7bf5, raftlog=c8d3b1b7-e2cb-467c-92f2-e834465c7bf5@group-2E3355F2685F-SegmentedRaftLog:OPENED:c-1, conf=-1: [8e270ae6-3b8a-4b8d-ba53-7f31af20a9eb|rpc:10.1.0.24:34827|priority:0, c8d3b1b7-e2cb-467c-92f2-e834465c7bf5|rpc:10.1.0.24:45959|priority:0, d25249de-707f-41fb-b0bd-e849b78f575c|rpc:10.1.0.24:36285|priority:1], old=null
2022-06-24 23:46:41,502 [grpc-default-executor-1] INFO  server.RaftServer$Division (RaftServerImpl.java:requestVote(1184)) - d25249de-707f-41fb-b0bd-e849b78f575c@group-2E3355F2685F replies to ELECTION vote request: 8e270ae6-3b8a-4b8d-ba53-7f31af20a9eb<-d25249de-707f-41fb-b0bd-e849b78f575c#0:FAIL-t4. Peer's state: d25249de-707f-41fb-b0bd-e849b78f575c@group-2E3355F2685F:t4, leader=null, voted=null, raftlog=d25249de-707f-41fb-b0bd-e849b78f575c@group-2E3355F2685F-SegmentedRaftLog:OPENED:c-1, conf=-1: [8e270ae6-3b8a-4b8d-ba53-7f31af20a9eb|rpc:10.1.0.24:34827|dataStream:|priority:0, c8d3b1b7-e2cb-467c-92f2-e834465c7bf5|rpc:10.1.0.24:45959|dataStream:|priority:0, d25249de-707f-41fb-b0bd-e849b78f575c|rpc:10.1.0.24:36285|dataStream:|priority:1], old=null
2022-06-24 23:46:41,509 [8e270ae6-3b8a-4b8d-ba53-7f31af20a9eb@group-2E3355F2685F-LeaderElection31] INFO  impl.LeaderElection (LeaderElection.java:logAndReturn(90)) - 8e270ae6-3b8a-4b8d-ba53-7f31af20a9eb@group-2E3355F2685F-LeaderElection31: ELECTION REJECTED received 2 response(s) and 0 exception(s):
2022-06-24 23:46:41,509 [8e270ae6-3b8a-4b8d-ba53-7f31af20a9eb@group-2E3355F2685F-LeaderElection31] INFO  impl.LeaderElection (LeaderElection.java:logAndReturn(94)) -   Response 0: 8e270ae6-3b8a-4b8d-ba53-7f31af20a9eb<-c8d3b1b7-e2cb-467c-92f2-e834465c7bf5#0:FAIL-t4
2022-06-24 23:46:41,509 [8e270ae6-3b8a-4b8d-ba53-7f31af20a9eb@group-2E3355F2685F-LeaderElection31] INFO  impl.LeaderElection (LeaderElection.java:logAndReturn(94)) -   Response 1: 8e270ae6-3b8a-4b8d-ba53-7f31af20a9eb<-d25249de-707f-41fb-b0bd-e849b78f575c#0:FAIL-t4
2022-06-24 23:46:41,509 [8e270ae6-3b8a-4b8d-ba53-7f31af20a9eb@group-2E3355F2685F-LeaderElection31] INFO  impl.LeaderElection (LeaderElection.java:askForVotes(312)) - 8e270ae6-3b8a-4b8d-ba53-7f31af20a9eb@group-2E3355F2685F-LeaderElection31 ELECTION round 0: result REJECTED
2022-06-24 23:46:41,509 [8e270ae6-3b8a-4b8d-ba53-7f31af20a9eb@group-2E3355F2685F-LeaderElection31] INFO  server.RaftServer$Division (RaftServerImpl.java:setRole(299)) - 8e270ae6-3b8a-4b8d-ba53-7f31af20a9eb@group-2E3355F2685F: changes role from CANDIDATE to FOLLOWER at term 4 for REJECTED
2022-06-24 23:46:41,509 [8e270ae6-3b8a-4b8d-ba53-7f31af20a9eb@group-2E3355F2685F-LeaderElection31] INFO  impl.RoleInfo (RoleInfo.java:shutdownLeaderElection(130)) - 8e270ae6-3b8a-4b8d-ba53-7f31af20a9eb: shutdown 8e270ae6-3b8a-4b8d-ba53-7f31af20a9eb@group-2E3355F2685F-LeaderElection31
2022-06-24 23:46:41,509 [8e270ae6-3b8a-4b8d-ba53-7f31af20a9eb@group-2E3355F2685F-LeaderElection31] INFO  impl.RoleInfo (RoleInfo.java:updateAndGet(139)) - 8e270ae6-3b8a-4b8d-ba53-7f31af20a9eb: start 8e270ae6-3b8a-4b8d-ba53-7f31af20a9eb@group-2E3355F2685F-FollowerState
]]></system-out>
  </testcase>
  <testcase name="testListStatusOnLargeDirectoryForACLCheck" classname="TestOzoneFileSystem" time="3.95"/>
  <testcase name="testListStatusOnLargeDirectoryForACLCheck" classname="TestOzoneFileSystem" time="2.54"/>
  <testcase name="testRenameFileToDir" classname="TestOzoneFileSystem" time="0.035">
    <system-out><![CDATA[23:45:38.869 [IPC Server handler 9 on default port 44795] ERROR OMAudit - user=runner | ip=127.0.0.1 | op=LIST_STATUS {volume=volume84730, bucket=bucket91502, key=a/b/c/file1, dataSize=0, replicationConfig=null} | ret=FAILURE
org.apache.hadoop.ozone.om.exceptions.OMException: Unable to get file status: volume: volume84730 bucket: bucket91502 key: a/b/c/file1
	at org.apache.hadoop.ozone.om.KeyManagerImpl.getOzoneFileStatus(KeyManagerImpl.java:1311) ~[ozone-manager-1.3.0-SNAPSHOT.jar:?]
	at org.apache.hadoop.ozone.om.KeyManagerImpl.getFileStatus(KeyManagerImpl.java:1241) ~[ozone-manager-1.3.0-SNAPSHOT.jar:?]
	at org.apache.hadoop.ozone.om.KeyManagerImpl.listStatus(KeyManagerImpl.java:1565) ~[ozone-manager-1.3.0-SNAPSHOT.jar:?]
	at org.apache.hadoop.ozone.om.OzoneManager.listStatus(OzoneManager.java:3497) ~[ozone-manager-1.3.0-SNAPSHOT.jar:?]
	at org.apache.hadoop.ozone.protocolPB.OzoneManagerRequestHandler.listStatus(OzoneManagerRequestHandler.java:1028) ~[ozone-manager-1.3.0-SNAPSHOT.jar:?]
	at org.apache.hadoop.ozone.protocolPB.OzoneManagerRequestHandler.handleReadRequest(OzoneManagerRequestHandler.java:228) ~[ozone-manager-1.3.0-SNAPSHOT.jar:?]
	at org.apache.hadoop.ozone.protocolPB.OzoneManagerProtocolServerSideTranslatorPB.submitReadRequestToOM(OzoneManagerProtocolServerSideTranslatorPB.java:226) ~[ozone-manager-1.3.0-SNAPSHOT.jar:?]
	at org.apache.hadoop.ozone.protocolPB.OzoneManagerProtocolServerSideTranslatorPB.processRequest(OzoneManagerProtocolServerSideTranslatorPB.java:175) ~[ozone-manager-1.3.0-SNAPSHOT.jar:?]
	at org.apache.hadoop.hdds.server.OzoneProtocolMessageDispatcher.processRequest(OzoneProtocolMessageDispatcher.java:87) [hdds-server-framework-1.3.0-SNAPSHOT.jar:?]
	at org.apache.hadoop.ozone.protocolPB.OzoneManagerProtocolServerSideTranslatorPB.submitRequest(OzoneManagerProtocolServerSideTranslatorPB.java:147) [ozone-manager-1.3.0-SNAPSHOT.jar:?]
	at org.apache.hadoop.ozone.protocol.proto.OzoneManagerProtocolProtos$OzoneManagerService$2.callBlockingMethod(OzoneManagerProtocolProtos.java) [ozone-interface-client-1.3.0-SNAPSHOT.jar:?]
	at org.apache.hadoop.ipc.ProtobufRpcEngine$Server.processCall(ProtobufRpcEngine.java:466) [hadoop-common-3.3.1.jar:?]
	at org.apache.hadoop.ipc.ProtobufRpcEngine2$Server$ProtoBufRpcInvoker.call(ProtobufRpcEngine2.java:574) [hadoop-common-3.3.1.jar:?]
	at org.apache.hadoop.ipc.ProtobufRpcEngine2$Server$ProtoBufRpcInvoker.call(ProtobufRpcEngine2.java:552) [hadoop-common-3.3.1.jar:?]
	at org.apache.hadoop.ipc.RPC$Server.call(RPC.java:1093) [hadoop-common-3.3.1.jar:?]
	at org.apache.hadoop.ipc.Server$RpcCall.run(Server.java:1035) [hadoop-common-3.3.1.jar:?]
	at org.apache.hadoop.ipc.Server$RpcCall.run(Server.java:963) [hadoop-common-3.3.1.jar:?]
	at java.security.AccessController.doPrivileged(Native Method) ~[?:1.8.0_332]
	at javax.security.auth.Subject.doAs(Subject.java:422) [?:1.8.0_332]
	at org.apache.hadoop.security.UserGroupInformation.doAs(UserGroupInformation.java:1878) [hadoop-common-3.3.1.jar:?]
	at org.apache.hadoop.ipc.Server$Handler.run(Server.java:2966) [hadoop-common-3.3.1.jar:?]
]]></system-out>
  </testcase>
  <testcase name="testRenameFileToDir" classname="TestOzoneFileSystem" time="0.034">
    <system-out><![CDATA[23:46:42.130 [IPC Server handler 12 on default port 34097] ERROR OMAudit - user=runner | ip=127.0.0.1 | op=LIST_STATUS {volume=volume05206, bucket=bucket45514, key=a/b/c/file1, dataSize=0, replicationConfig=null} | ret=FAILURE
org.apache.hadoop.ozone.om.exceptions.OMException: Unable to get file status: volume: volume05206 bucket: bucket45514 key: a/b/c/file1
	at org.apache.hadoop.ozone.om.KeyManagerImpl.getOzoneFileStatus(KeyManagerImpl.java:1311) ~[ozone-manager-1.3.0-SNAPSHOT.jar:?]
	at org.apache.hadoop.ozone.om.KeyManagerImpl.getFileStatus(KeyManagerImpl.java:1241) ~[ozone-manager-1.3.0-SNAPSHOT.jar:?]
	at org.apache.hadoop.ozone.om.KeyManagerImpl.listStatus(KeyManagerImpl.java:1565) ~[ozone-manager-1.3.0-SNAPSHOT.jar:?]
	at org.apache.hadoop.ozone.om.OzoneManager.listStatus(OzoneManager.java:3497) ~[ozone-manager-1.3.0-SNAPSHOT.jar:?]
	at org.apache.hadoop.ozone.protocolPB.OzoneManagerRequestHandler.listStatus(OzoneManagerRequestHandler.java:1028) ~[ozone-manager-1.3.0-SNAPSHOT.jar:?]
	at org.apache.hadoop.ozone.protocolPB.OzoneManagerRequestHandler.handleReadRequest(OzoneManagerRequestHandler.java:228) ~[ozone-manager-1.3.0-SNAPSHOT.jar:?]
	at org.apache.hadoop.ozone.protocolPB.OzoneManagerProtocolServerSideTranslatorPB.submitRequestDirectlyToOM(OzoneManagerProtocolServerSideTranslatorPB.java:276) ~[ozone-manager-1.3.0-SNAPSHOT.jar:?]
	at org.apache.hadoop.ozone.protocolPB.OzoneManagerProtocolServerSideTranslatorPB.processRequest(OzoneManagerProtocolServerSideTranslatorPB.java:205) ~[ozone-manager-1.3.0-SNAPSHOT.jar:?]
	at org.apache.hadoop.hdds.server.OzoneProtocolMessageDispatcher.processRequest(OzoneProtocolMessageDispatcher.java:87) [hdds-server-framework-1.3.0-SNAPSHOT.jar:?]
	at org.apache.hadoop.ozone.protocolPB.OzoneManagerProtocolServerSideTranslatorPB.submitRequest(OzoneManagerProtocolServerSideTranslatorPB.java:147) [ozone-manager-1.3.0-SNAPSHOT.jar:?]
	at org.apache.hadoop.ozone.protocol.proto.OzoneManagerProtocolProtos$OzoneManagerService$2.callBlockingMethod(OzoneManagerProtocolProtos.java) [ozone-interface-client-1.3.0-SNAPSHOT.jar:?]
	at org.apache.hadoop.ipc.ProtobufRpcEngine$Server.processCall(ProtobufRpcEngine.java:466) [hadoop-common-3.3.1.jar:?]
	at org.apache.hadoop.ipc.ProtobufRpcEngine2$Server$ProtoBufRpcInvoker.call(ProtobufRpcEngine2.java:574) [hadoop-common-3.3.1.jar:?]
	at org.apache.hadoop.ipc.ProtobufRpcEngine2$Server$ProtoBufRpcInvoker.call(ProtobufRpcEngine2.java:552) [hadoop-common-3.3.1.jar:?]
	at org.apache.hadoop.ipc.RPC$Server.call(RPC.java:1093) [hadoop-common-3.3.1.jar:?]
	at org.apache.hadoop.ipc.Server$RpcCall.run(Server.java:1035) [hadoop-common-3.3.1.jar:?]
	at org.apache.hadoop.ipc.Server$RpcCall.run(Server.java:963) [hadoop-common-3.3.1.jar:?]
	at java.security.AccessController.doPrivileged(Native Method) ~[?:1.8.0_332]
	at javax.security.auth.Subject.doAs(Subject.java:422) [?:1.8.0_332]
	at org.apache.hadoop.security.UserGroupInformation.doAs(UserGroupInformation.java:1878) [hadoop-common-3.3.1.jar:?]
	at org.apache.hadoop.ipc.Server$Handler.run(Server.java:2966) [hadoop-common-3.3.1.jar:?]
]]></system-out>
  </testcase>
  <testcase name="testRenameFileToDir" classname="TestOzoneFileSystem" time="0.088">
    <system-out><![CDATA[23:49:49.945 [IPC Server handler 11 on default port 33165] ERROR OMAudit - user=runner | ip=127.0.0.1 | op=LIST_STATUS {volume=volume99794, bucket=bucket10019, key=a/b/c/file1, dataSize=0, replicationConfig=null} | ret=FAILURE
org.apache.hadoop.ozone.om.exceptions.OMException: Unable to get file status: volume: volume99794 bucket: bucket10019 key: a/b/c/file1
	at org.apache.hadoop.ozone.om.KeyManagerImpl.getOzoneFileStatus(KeyManagerImpl.java:1311) ~[ozone-manager-1.3.0-SNAPSHOT.jar:?]
	at org.apache.hadoop.ozone.om.KeyManagerImpl.getFileStatus(KeyManagerImpl.java:1241) ~[ozone-manager-1.3.0-SNAPSHOT.jar:?]
	at org.apache.hadoop.ozone.om.KeyManagerImpl.listStatus(KeyManagerImpl.java:1565) ~[ozone-manager-1.3.0-SNAPSHOT.jar:?]
	at org.apache.hadoop.ozone.om.OzoneManager.listStatus(OzoneManager.java:3497) ~[ozone-manager-1.3.0-SNAPSHOT.jar:?]
	at org.apache.hadoop.ozone.protocolPB.OzoneManagerRequestHandler.listStatus(OzoneManagerRequestHandler.java:1028) ~[ozone-manager-1.3.0-SNAPSHOT.jar:?]
	at org.apache.hadoop.ozone.protocolPB.OzoneManagerRequestHandler.handleReadRequest(OzoneManagerRequestHandler.java:228) ~[ozone-manager-1.3.0-SNAPSHOT.jar:?]
	at org.apache.hadoop.ozone.protocolPB.OzoneManagerProtocolServerSideTranslatorPB.submitReadRequestToOM(OzoneManagerProtocolServerSideTranslatorPB.java:226) ~[ozone-manager-1.3.0-SNAPSHOT.jar:?]
	at org.apache.hadoop.ozone.protocolPB.OzoneManagerProtocolServerSideTranslatorPB.processRequest(OzoneManagerProtocolServerSideTranslatorPB.java:175) ~[ozone-manager-1.3.0-SNAPSHOT.jar:?]
	at org.apache.hadoop.hdds.server.OzoneProtocolMessageDispatcher.processRequest(OzoneProtocolMessageDispatcher.java:87) [hdds-server-framework-1.3.0-SNAPSHOT.jar:?]
	at org.apache.hadoop.ozone.protocolPB.OzoneManagerProtocolServerSideTranslatorPB.submitRequest(OzoneManagerProtocolServerSideTranslatorPB.java:147) [ozone-manager-1.3.0-SNAPSHOT.jar:?]
	at org.apache.hadoop.ozone.protocol.proto.OzoneManagerProtocolProtos$OzoneManagerService$2.callBlockingMethod(OzoneManagerProtocolProtos.java) [ozone-interface-client-1.3.0-SNAPSHOT.jar:?]
	at org.apache.hadoop.ipc.ProtobufRpcEngine$Server.processCall(ProtobufRpcEngine.java:466) [hadoop-common-3.3.1.jar:?]
	at org.apache.hadoop.ipc.ProtobufRpcEngine2$Server$ProtoBufRpcInvoker.call(ProtobufRpcEngine2.java:574) [hadoop-common-3.3.1.jar:?]
	at org.apache.hadoop.ipc.ProtobufRpcEngine2$Server$ProtoBufRpcInvoker.call(ProtobufRpcEngine2.java:552) [hadoop-common-3.3.1.jar:?]
	at org.apache.hadoop.ipc.RPC$Server.call(RPC.java:1093) [hadoop-common-3.3.1.jar:?]
	at org.apache.hadoop.ipc.Server$RpcCall.run(Server.java:1035) [hadoop-common-3.3.1.jar:?]
	at org.apache.hadoop.ipc.Server$RpcCall.run(Server.java:963) [hadoop-common-3.3.1.jar:?]
	at java.security.AccessController.doPrivileged(Native Method) ~[?:1.8.0_332]
	at javax.security.auth.Subject.doAs(Subject.java:422) [?:1.8.0_332]
	at org.apache.hadoop.security.UserGroupInformation.doAs(UserGroupInformation.java:1878) [hadoop-common-3.3.1.jar:?]
	at org.apache.hadoop.ipc.Server$Handler.run(Server.java:2966) [hadoop-common-3.3.1.jar:?]
]]></system-out>
  </testcase>
  <testcase name="testRenameFileToDir" classname="TestOzoneFileSystem" time="0.067">
    <system-out><![CDATA[23:51:01.068 [IPC Server handler 4 on default port 33563] ERROR OMAudit - user=runner | ip=127.0.0.1 | op=LIST_STATUS {volume=volume50176, bucket=bucket31866, key=a/b/c/file1, dataSize=0, replicationConfig=null} | ret=FAILURE
org.apache.hadoop.ozone.om.exceptions.OMException: Unable to get file status: volume: volume50176 bucket: bucket31866 key: a/b/c/file1
	at org.apache.hadoop.ozone.om.KeyManagerImpl.getOzoneFileStatus(KeyManagerImpl.java:1311) ~[ozone-manager-1.3.0-SNAPSHOT.jar:?]
	at org.apache.hadoop.ozone.om.KeyManagerImpl.getFileStatus(KeyManagerImpl.java:1241) ~[ozone-manager-1.3.0-SNAPSHOT.jar:?]
	at org.apache.hadoop.ozone.om.KeyManagerImpl.listStatus(KeyManagerImpl.java:1565) ~[ozone-manager-1.3.0-SNAPSHOT.jar:?]
	at org.apache.hadoop.ozone.om.OzoneManager.listStatus(OzoneManager.java:3497) ~[ozone-manager-1.3.0-SNAPSHOT.jar:?]
	at org.apache.hadoop.ozone.protocolPB.OzoneManagerRequestHandler.listStatus(OzoneManagerRequestHandler.java:1028) ~[ozone-manager-1.3.0-SNAPSHOT.jar:?]
	at org.apache.hadoop.ozone.protocolPB.OzoneManagerRequestHandler.handleReadRequest(OzoneManagerRequestHandler.java:228) ~[ozone-manager-1.3.0-SNAPSHOT.jar:?]
	at org.apache.hadoop.ozone.protocolPB.OzoneManagerProtocolServerSideTranslatorPB.submitRequestDirectlyToOM(OzoneManagerProtocolServerSideTranslatorPB.java:276) ~[ozone-manager-1.3.0-SNAPSHOT.jar:?]
	at org.apache.hadoop.ozone.protocolPB.OzoneManagerProtocolServerSideTranslatorPB.processRequest(OzoneManagerProtocolServerSideTranslatorPB.java:205) ~[ozone-manager-1.3.0-SNAPSHOT.jar:?]
	at org.apache.hadoop.hdds.server.OzoneProtocolMessageDispatcher.processRequest(OzoneProtocolMessageDispatcher.java:87) [hdds-server-framework-1.3.0-SNAPSHOT.jar:?]
	at org.apache.hadoop.ozone.protocolPB.OzoneManagerProtocolServerSideTranslatorPB.submitRequest(OzoneManagerProtocolServerSideTranslatorPB.java:147) [ozone-manager-1.3.0-SNAPSHOT.jar:?]
	at org.apache.hadoop.ozone.protocol.proto.OzoneManagerProtocolProtos$OzoneManagerService$2.callBlockingMethod(OzoneManagerProtocolProtos.java) [ozone-interface-client-1.3.0-SNAPSHOT.jar:?]
	at org.apache.hadoop.ipc.ProtobufRpcEngine$Server.processCall(ProtobufRpcEngine.java:466) [hadoop-common-3.3.1.jar:?]
	at org.apache.hadoop.ipc.ProtobufRpcEngine2$Server$ProtoBufRpcInvoker.call(ProtobufRpcEngine2.java:574) [hadoop-common-3.3.1.jar:?]
	at org.apache.hadoop.ipc.ProtobufRpcEngine2$Server$ProtoBufRpcInvoker.call(ProtobufRpcEngine2.java:552) [hadoop-common-3.3.1.jar:?]
	at org.apache.hadoop.ipc.RPC$Server.call(RPC.java:1093) [hadoop-common-3.3.1.jar:?]
	at org.apache.hadoop.ipc.Server$RpcCall.run(Server.java:1035) [hadoop-common-3.3.1.jar:?]
	at org.apache.hadoop.ipc.Server$RpcCall.run(Server.java:963) [hadoop-common-3.3.1.jar:?]
	at java.security.AccessController.doPrivileged(Native Method) ~[?:1.8.0_332]
	at javax.security.auth.Subject.doAs(Subject.java:422) [?:1.8.0_332]
	at org.apache.hadoop.security.UserGroupInformation.doAs(UserGroupInformation.java:1878) [hadoop-common-3.3.1.jar:?]
	at org.apache.hadoop.ipc.Server$Handler.run(Server.java:2966) [hadoop-common-3.3.1.jar:?]
]]></system-out>
  </testcase>
  <testcase name="testMakeDirsWithAnExistingDirectoryPath" classname="TestOzoneFileSystem" time="0.012"/>
  <testcase name="testMakeDirsWithAnExistingDirectoryPath" classname="TestOzoneFileSystem" time="0.021"/>
  <testcase name="testMakeDirsWithAnExistingDirectoryPath" classname="TestOzoneFileSystem" time="0.025"/>
  <testcase name="testMakeDirsWithAnExistingDirectoryPath" classname="TestOzoneFileSystem" time="0.016"/>
</testsuite>